<?xml version="1.0" encoding="UTF-8"?>
<testsuite xmlns:xsi="http://www.w3.org/2001/XMLSchema-instance" xsi:noNamespaceSchemaLocation="https://maven.apache.org/surefire/maven-surefire-plugin/xsd/surefire-test-report.xsd" name="org.apache.hadoop.ozone.client.rpc.TestDeleteWithSlowFollower" time="132.341" tests="1" errors="0" skipped="0" failures="1">
  <properties>
    <property name="awt.toolkit" value="sun.awt.X11.XToolkit"/>
    <property name="file.encoding.pkg" value="sun.io"/>
    <property name="java.specification.version" value="1.8"/>
    <property name="sun.cpu.isalist" value=""/>
    <property name="sun.jnu.encoding" value="ANSI_X3.4-1968"/>
    <property name="java.class.path" value="/workdir/hadoop-ozone/integration-test/target/test-classes:/workdir/hadoop-ozone/integration-test/target/classes:/home/user/.m2/repository/org/apache/hadoop/hadoop-ozone-common/0.5.0-SNAPSHOT/hadoop-ozone-common-0.5.0-SNAPSHOT.jar:/home/user/.m2/repository/org/apache/commons/commons-compress/1.4.1/commons-compress-1.4.1.jar:/home/user/.m2/repository/org/tukaani/xz/1.0/xz-1.0.jar:/home/user/.m2/repository/org/apache/hadoop/hadoop-common/3.2.0/hadoop-common-3.2.0.jar:/home/user/.m2/repository/org/apache/hadoop/hadoop-hdfs/3.2.0/hadoop-hdfs-3.2.0.jar:/home/user/.m2/repository/org/apache/hadoop/hadoop-hdfs-client/3.2.0/hadoop-hdfs-client-3.2.0.jar:/home/user/.m2/repository/com/fasterxml/jackson/core/jackson-annotations/2.9.9/jackson-annotations-2.9.9.jar:/home/user/.m2/repository/org/apache/hadoop/hadoop-hdds-common/0.5.0-SNAPSHOT/hadoop-hdds-common-0.5.0-SNAPSHOT.jar:/home/user/.m2/repository/javax/annotation/javax.annotation-api/1.2/javax.annotation-api-1.2.jar:/home/user/.m2/repository/org/apache/ratis/ratis-server/0.5.0-3f446aa-SNAPSHOT/ratis-server-0.5.0-3f446aa-SNAPSHOT.jar:/home/user/.m2/repository/org/apache/ratis/ratis-thirdparty-misc/0.2.0/ratis-thirdparty-misc-0.2.0.jar:/home/user/.m2/repository/org/apache/ratis/ratis-proto/0.5.0-3f446aa-SNAPSHOT/ratis-proto-0.5.0-3f446aa-SNAPSHOT.jar:/home/user/.m2/repository/org/apache/ratis/ratis-common/0.5.0-3f446aa-SNAPSHOT/ratis-common-0.5.0-3f446aa-SNAPSHOT.jar:/home/user/.m2/repository/org/apache/ratis/ratis-client/0.5.0-3f446aa-SNAPSHOT/ratis-client-0.5.0-3f446aa-SNAPSHOT.jar:/home/user/.m2/repository/org/apache/ratis/ratis-metrics/0.5.0-3f446aa-SNAPSHOT/ratis-metrics-0.5.0-3f446aa-SNAPSHOT.jar:/home/user/.m2/repository/com/github/joshelser/dropwizard-metrics-hadoop-metrics2-reporter/0.1.2/dropwizard-metrics-hadoop-metrics2-reporter-0.1.2.jar:/home/user/.m2/repository/io/dropwizard/metrics/metrics-jvm/3.2.5/metrics-jvm-3.2.5.jar:/home/user/.m2/repository/io/dropwizard/metrics/metrics-ganglia/3.2.5/metrics-ganglia-3.2.5.jar:/home/user/.m2/repository/info/ganglia/gmetric4j/gmetric4j/1.0.7/gmetric4j-1.0.7.jar:/home/user/.m2/repository/org/apache/ratis/ratis-netty/0.5.0-3f446aa-SNAPSHOT/ratis-netty-0.5.0-3f446aa-SNAPSHOT.jar:/home/user/.m2/repository/org/apache/ratis/ratis-grpc/0.5.0-3f446aa-SNAPSHOT/ratis-grpc-0.5.0-3f446aa-SNAPSHOT.jar:/home/user/.m2/repository/org/rocksdb/rocksdbjni/6.0.1/rocksdbjni-6.0.1.jar:/home/user/.m2/repository/org/apache/logging/log4j/log4j-api/2.11.0/log4j-api-2.11.0.jar:/home/user/.m2/repository/org/apache/logging/log4j/log4j-core/2.11.0/log4j-core-2.11.0.jar:/home/user/.m2/repository/com/lmax/disruptor/3.4.2/disruptor-3.4.2.jar:/home/user/.m2/repository/org/apache/commons/commons-pool2/2.6.0/commons-pool2-2.6.0.jar:/home/user/.m2/repository/org/bouncycastle/bcpkix-jdk15on/1.60/bcpkix-jdk15on-1.60.jar:/home/user/.m2/repository/commons-validator/commons-validator/1.6/commons-validator-1.6.jar:/home/user/.m2/repository/commons-digester/commons-digester/1.8.1/commons-digester-1.8.1.jar:/home/user/.m2/repository/io/jaegertracing/jaeger-client/0.34.0/jaeger-client-0.34.0.jar:/home/user/.m2/repository/io/jaegertracing/jaeger-thrift/0.34.0/jaeger-thrift-0.34.0.jar:/home/user/.m2/repository/org/apache/thrift/libthrift/0.12.0/libthrift-0.12.0.jar:/home/user/.m2/repository/com/squareup/okhttp3/okhttp/3.9.0/okhttp-3.9.0.jar:/home/user/.m2/repository/com/squareup/okio/okio/1.13.0/okio-1.13.0.jar:/home/user/.m2/repository/io/jaegertracing/jaeger-core/0.34.0/jaeger-core-0.34.0.jar:/home/user/.m2/repository/io/jaegertracing/jaeger-tracerresolver/0.34.0/jaeger-tracerresolver-0.34.0.jar:/home/user/.m2/repository/io/opentracing/contrib/opentracing-tracerresolver/0.1.5/opentracing-tracerresolver-0.1.5.jar:/home/user/.m2/repository/io/opentracing/opentracing-util/0.31.0/opentracing-util-0.31.0.jar:/home/user/.m2/repository/io/opentracing/opentracing-api/0.31.0/opentracing-api-0.31.0.jar:/home/user/.m2/repository/io/opentracing/opentracing-noop/0.31.0/opentracing-noop-0.31.0.jar:/home/user/.m2/repository/org/apache/hadoop/hadoop-hdds-server-framework/0.5.0-SNAPSHOT/hadoop-hdds-server-framework-0.5.0-SNAPSHOT.jar:/home/user/.m2/repository/org/apache/hadoop/hadoop-hdds-container-service/0.5.0-SNAPSHOT/hadoop-hdds-container-service-0.5.0-SNAPSHOT.jar:/home/user/.m2/repository/org/apache/hadoop/hadoop-hdds-client/0.5.0-SNAPSHOT/hadoop-hdds-client-0.5.0-SNAPSHOT.jar:/home/user/.m2/repository/org/apache/hadoop/hadoop-hdds-tools/0.5.0-SNAPSHOT/hadoop-hdds-tools-0.5.0-SNAPSHOT.jar:/home/user/.m2/repository/org/apache/hadoop/hadoop-hdds-server-scm/0.5.0-SNAPSHOT/hadoop-hdds-server-scm-0.5.0-SNAPSHOT.jar:/home/user/.m2/repository/org/apache/hadoop/hadoop-hdds-docs/0.5.0-SNAPSHOT/hadoop-hdds-docs-0.5.0-SNAPSHOT.jar:/home/user/.m2/repository/io/dropwizard/metrics/metrics-core/3.2.4/metrics-core-3.2.4.jar:/home/user/.m2/repository/org/hamcrest/hamcrest-all/1.3/hamcrest-all-1.3.jar:/home/user/.m2/repository/org/bouncycastle/bcprov-jdk15on/1.60/bcprov-jdk15on-1.60.jar:/home/user/.m2/repository/info/picocli/picocli/3.9.6/picocli-3.9.6.jar:/home/user/.m2/repository/com/google/protobuf/protobuf-java/2.5.0/protobuf-java-2.5.0.jar:/home/user/.m2/repository/com/google/guava/guava/11.0.2/guava-11.0.2.jar:/home/user/.m2/repository/org/apache/hadoop/hadoop-ozone-ozone-manager/0.5.0-SNAPSHOT/hadoop-ozone-ozone-manager-0.5.0-SNAPSHOT.jar:/home/user/.m2/repository/org/apache/hadoop/hadoop-minikdc/3.2.0/hadoop-minikdc-3.2.0.jar:/home/user/.m2/repository/commons-io/commons-io/2.5/commons-io-2.5.jar:/home/user/.m2/repository/org/apache/kerby/kerb-simplekdc/1.0.1/kerb-simplekdc-1.0.1.jar:/home/user/.m2/repository/org/apache/kerby/kerb-client/1.0.1/kerb-client-1.0.1.jar:/home/user/.m2/repository/org/apache/kerby/kerby-config/1.0.1/kerby-config-1.0.1.jar:/home/user/.m2/repository/org/apache/kerby/kerb-core/1.0.1/kerb-core-1.0.1.jar:/home/user/.m2/repository/org/apache/kerby/kerby-pkix/1.0.1/kerby-pkix-1.0.1.jar:/home/user/.m2/repository/org/apache/kerby/kerby-asn1/1.0.1/kerby-asn1-1.0.1.jar:/home/user/.m2/repository/org/apache/kerby/kerby-util/1.0.1/kerby-util-1.0.1.jar:/home/user/.m2/repository/org/apache/kerby/kerb-common/1.0.1/kerb-common-1.0.1.jar:/home/user/.m2/repository/org/apache/kerby/kerb-crypto/1.0.1/kerb-crypto-1.0.1.jar:/home/user/.m2/repository/org/apache/kerby/kerb-util/1.0.1/kerb-util-1.0.1.jar:/home/user/.m2/repository/org/apache/kerby/token-provider/1.0.1/token-provider-1.0.1.jar:/home/user/.m2/repository/org/apache/kerby/kerb-admin/1.0.1/kerb-admin-1.0.1.jar:/home/user/.m2/repository/org/apache/kerby/kerb-server/1.0.1/kerb-server-1.0.1.jar:/home/user/.m2/repository/org/apache/kerby/kerb-identity/1.0.1/kerb-identity-1.0.1.jar:/home/user/.m2/repository/org/apache/kerby/kerby-xdr/1.0.1/kerby-xdr-1.0.1.jar:/home/user/.m2/repository/org/slf4j/slf4j-log4j12/1.7.25/slf4j-log4j12-1.7.25.jar:/home/user/.m2/repository/org/apache/hadoop/hadoop-ozone-s3gateway/0.5.0-SNAPSHOT/hadoop-ozone-s3gateway-0.5.0-SNAPSHOT.jar:/home/user/.m2/repository/org/jboss/weld/servlet/weld-servlet/2.4.7.Final/weld-servlet-2.4.7.Final.jar:/home/user/.m2/repository/org/glassfish/jersey/containers/jersey-container-servlet-core/2.27/jersey-container-servlet-core-2.27.jar:/home/user/.m2/repository/org/glassfish/hk2/external/javax.inject/2.5.0-b42/javax.inject-2.5.0-b42.jar:/home/user/.m2/repository/org/glassfish/jersey/core/jersey-common/2.27/jersey-common-2.27.jar:/home/user/.m2/repository/org/glassfish/hk2/osgi-resource-locator/1.0.1/osgi-resource-locator-1.0.1.jar:/home/user/.m2/repository/javax/ws/rs/javax.ws.rs-api/2.1/javax.ws.rs-api-2.1.jar:/home/user/.m2/repository/org/glassfish/jersey/ext/cdi/jersey-cdi1x/2.27/jersey-cdi1x-2.27.jar:/home/user/.m2/repository/org/glassfish/jersey/inject/jersey-hk2/2.27/jersey-hk2-2.27.jar:/home/user/.m2/repository/org/glassfish/hk2/hk2-locator/2.5.0-b42/hk2-locator-2.5.0-b42.jar:/home/user/.m2/repository/org/javassist/javassist/3.22.0-CR2/javassist-3.22.0-CR2.jar:/home/user/.m2/repository/org/glassfish/hk2/hk2-api/2.5.0/hk2-api-2.5.0.jar:/home/user/.m2/repository/org/glassfish/hk2/external/jakarta.inject/2.5.0/jakarta.inject-2.5.0.jar:/home/user/.m2/repository/org/glassfish/hk2/hk2-utils/2.5.0/hk2-utils-2.5.0.jar:/home/user/.m2/repository/jakarta/annotation/jakarta.annotation-api/1.3.4/jakarta.annotation-api-1.3.4.jar:/home/user/.m2/repository/org/glassfish/hk2/external/aopalliance-repackaged/2.5.0/aopalliance-repackaged-2.5.0.jar:/home/user/.m2/repository/com/fasterxml/jackson/dataformat/jackson-dataformat-xml/2.9.0/jackson-dataformat-xml-2.9.0.jar:/home/user/.m2/repository/com/fasterxml/jackson/core/jackson-core/2.9.9/jackson-core-2.9.9.jar:/home/user/.m2/repository/com/fasterxml/jackson/module/jackson-module-jaxb-annotations/2.9.9/jackson-module-jaxb-annotations-2.9.9.jar:/home/user/.m2/repository/javax/enterprise/cdi-api/1.2/cdi-api-1.2.jar:/home/user/.m2/repository/javax/el/javax.el-api/3.0.0/javax.el-api-3.0.0.jar:/home/user/.m2/repository/javax/interceptor/javax.interceptor-api/1.2/javax.interceptor-api-1.2.jar:/home/user/.m2/repository/javax/inject/javax.inject/1/javax.inject-1.jar:/home/user/.m2/repository/com/sun/xml/bind/jaxb-impl/2.3.0.1/jaxb-impl-2.3.0.1.jar:/home/user/.m2/repository/com/sun/xml/bind/jaxb-core/2.3.0.1/jaxb-core-2.3.0.1.jar:/home/user/.m2/repository/javax/xml/bind/jaxb-api/2.3.0/jaxb-api-2.3.0.jar:/home/user/.m2/repository/javax/activation/activation/1.1.1/activation-1.1.1.jar:/home/user/.m2/repository/org/apache/hadoop/hadoop-ozone-csi/0.5.0-SNAPSHOT/hadoop-ozone-csi-0.5.0-SNAPSHOT.jar:/home/user/.m2/repository/com/google/protobuf/protobuf-java-util/3.5.1/protobuf-java-util-3.5.1.jar:/home/user/.m2/repository/org/apache/hadoop/hadoop-hdds-config/0.5.0-SNAPSHOT/hadoop-hdds-config-0.5.0-SNAPSHOT.jar:/home/user/.m2/repository/io/grpc/grpc-netty/1.17.1/grpc-netty-1.17.1.jar:/home/user/.m2/repository/io/grpc/grpc-core/1.17.1/grpc-core-1.17.1.jar:/home/user/.m2/repository/io/grpc/grpc-context/1.17.1/grpc-context-1.17.1.jar:/home/user/.m2/repository/com/google/errorprone/error_prone_annotations/2.2.0/error_prone_annotations-2.2.0.jar:/home/user/.m2/repository/org/codehaus/mojo/animal-sniffer-annotations/1.17/animal-sniffer-annotations-1.17.jar:/home/user/.m2/repository/io/opencensus/opencensus-api/0.17.0/opencensus-api-0.17.0.jar:/home/user/.m2/repository/io/opencensus/opencensus-contrib-grpc-metrics/0.17.0/opencensus-contrib-grpc-metrics-0.17.0.jar:/home/user/.m2/repository/io/netty/netty-codec-http2/4.1.30.Final/netty-codec-http2-4.1.30.Final.jar:/home/user/.m2/repository/io/netty/netty-codec-http/4.1.30.Final/netty-codec-http-4.1.30.Final.jar:/home/user/.m2/repository/io/netty/netty-codec/4.1.30.Final/netty-codec-4.1.30.Final.jar:/home/user/.m2/repository/io/netty/netty-handler/4.1.30.Final/netty-handler-4.1.30.Final.jar:/home/user/.m2/repository/io/netty/netty-handler-proxy/4.1.30.Final/netty-handler-proxy-4.1.30.Final.jar:/home/user/.m2/repository/io/netty/netty-codec-socks/4.1.30.Final/netty-codec-socks-4.1.30.Final.jar:/home/user/.m2/repository/io/netty/netty-transport-native-epoll/4.1.30.Final/netty-transport-native-epoll-4.1.30.Final.jar:/home/user/.m2/repository/io/netty/netty-common/4.1.30.Final/netty-common-4.1.30.Final.jar:/home/user/.m2/repository/io/netty/netty-buffer/4.1.30.Final/netty-buffer-4.1.30.Final.jar:/home/user/.m2/repository/io/netty/netty-transport/4.1.30.Final/netty-transport-4.1.30.Final.jar:/home/user/.m2/repository/io/netty/netty-resolver/4.1.30.Final/netty-resolver-4.1.30.Final.jar:/home/user/.m2/repository/io/netty/netty-transport-native-unix-common/4.1.30.Final/netty-transport-native-unix-common-4.1.30.Final.jar:/home/user/.m2/repository/io/grpc/grpc-protobuf/1.17.1/grpc-protobuf-1.17.1.jar:/home/user/.m2/repository/com/google/api/grpc/proto-google-common-protos/1.0.0/proto-google-common-protos-1.0.0.jar:/home/user/.m2/repository/io/grpc/grpc-protobuf-lite/1.17.1/grpc-protobuf-lite-1.17.1.jar:/home/user/.m2/repository/io/grpc/grpc-stub/1.17.1/grpc-stub-1.17.1.jar:/home/user/.m2/repository/org/apache/hadoop/hadoop-ozone-recon/0.5.0-SNAPSHOT/hadoop-ozone-recon-0.5.0-SNAPSHOT.jar:/home/user/.m2/repository/org/apache/hadoop/hadoop-ozone-reconcodegen/0.5.0-SNAPSHOT/hadoop-ozone-reconcodegen-0.5.0-SNAPSHOT.jar:/home/user/.m2/repository/com/google/inject/extensions/guice-multibindings/4.0/guice-multibindings-4.0.jar:/home/user/.m2/repository/com/google/inject/guice/4.0/guice-4.0.jar:/home/user/.m2/repository/aopalliance/aopalliance/1.0/aopalliance-1.0.jar:/home/user/.m2/repository/com/google/inject/extensions/guice-servlet/4.0/guice-servlet-4.0.jar:/home/user/.m2/repository/org/glassfish/jersey/containers/jersey-container-servlet/2.27/jersey-container-servlet-2.27.jar:/home/user/.m2/repository/org/glassfish/hk2/guice-bridge/2.5.0/guice-bridge-2.5.0.jar:/home/user/.m2/repository/org/glassfish/jersey/core/jersey-server/2.27/jersey-server-2.27.jar:/home/user/.m2/repository/org/glassfish/jersey/core/jersey-client/2.27/jersey-client-2.27.jar:/home/user/.m2/repository/org/glassfish/jersey/media/jersey-media-jaxb/2.27/jersey-media-jaxb-2.27.jar:/home/user/.m2/repository/javax/validation/validation-api/1.1.0.Final/validation-api-1.1.0.Final.jar:/home/user/.m2/repository/org/glassfish/jersey/media/jersey-media-json-jackson/2.27/jersey-media-json-jackson-2.27.jar:/home/user/.m2/repository/org/glassfish/jersey/ext/jersey-entity-filtering/2.27/jersey-entity-filtering-2.27.jar:/home/user/.m2/repository/com/google/inject/extensions/guice-assistedinject/4.0/guice-assistedinject-4.0.jar:/home/user/.m2/repository/org/jooq/jooq/3.11.10/jooq-3.11.10.jar:/home/user/.m2/repository/org/jooq/jooq-meta/3.11.10/jooq-meta-3.11.10.jar:/home/user/.m2/repository/org/jooq/jooq-codegen/3.11.10/jooq-codegen-3.11.10.jar:/home/user/.m2/repository/com/jolbox/bonecp/0.8.0.RELEASE/bonecp-0.8.0.RELEASE.jar:/home/user/.m2/repository/org/xerial/sqlite-jdbc/3.25.2/sqlite-jdbc-3.25.2.jar:/home/user/.m2/repository/org/springframework/spring-jdbc/5.1.3.RELEASE/spring-jdbc-5.1.3.RELEASE.jar:/home/user/.m2/repository/org/springframework/spring-beans/5.1.3.RELEASE/spring-beans-5.1.3.RELEASE.jar:/home/user/.m2/repository/org/springframework/spring-core/5.1.3.RELEASE/spring-core-5.1.3.RELEASE.jar:/home/user/.m2/repository/org/springframework/spring-jcl/5.1.3.RELEASE/spring-jcl-5.1.3.RELEASE.jar:/home/user/.m2/repository/org/springframework/spring-tx/5.1.3.RELEASE/spring-tx-5.1.3.RELEASE.jar:/home/user/.m2/repository/org/apache/hadoop/hadoop-ozone-client/0.5.0-SNAPSHOT/hadoop-ozone-client-0.5.0-SNAPSHOT.jar:/home/user/.m2/repository/commons-lang/commons-lang/2.6/commons-lang-2.6.jar:/home/user/.m2/repository/org/apache/hadoop/hadoop-ozone-ozone-manager/0.5.0-SNAPSHOT/hadoop-ozone-ozone-manager-0.5.0-SNAPSHOT-tests.jar:/home/user/.m2/repository/junit/junit/4.11/junit-4.11.jar:/home/user/.m2/repository/org/hamcrest/hamcrest-core/1.3/hamcrest-core-1.3.jar:/home/user/.m2/repository/org/openjdk/jmh/jmh-core/1.19/jmh-core-1.19.jar:/home/user/.m2/repository/net/sf/jopt-simple/jopt-simple/4.6/jopt-simple-4.6.jar:/home/user/.m2/repository/org/apache/commons/commons-math3/3.1.1/commons-math3-3.1.1.jar:/home/user/.m2/repository/org/openjdk/jmh/jmh-generator-annprocess/1.19/jmh-generator-annprocess-1.19.jar:/home/user/.m2/repository/org/mockito/mockito-all/1.8.5/mockito-all-1.8.5.jar:/home/user/.m2/repository/org/apache/hadoop/hadoop-kms/3.2.0/hadoop-kms-3.2.0.jar:/home/user/.m2/repository/org/apache/hadoop/hadoop-auth/3.2.0/hadoop-auth-3.2.0.jar:/home/user/.m2/repository/com/nimbusds/nimbus-jose-jwt/4.41.1/nimbus-jose-jwt-4.41.1.jar:/home/user/.m2/repository/com/github/stephenc/jcip/jcip-annotations/1.0-1/jcip-annotations-1.0-1.jar:/home/user/.m2/repository/net/minidev/json-smart/2.3/json-smart-2.3.jar:/home/user/.m2/repository/net/minidev/accessors-smart/1.2/accessors-smart-1.2.jar:/home/user/.m2/repository/org/ow2/asm/asm/5.0.4/asm-5.0.4.jar:/home/user/.m2/repository/org/apache/curator/curator-framework/2.12.0/curator-framework-2.12.0.jar:/home/user/.m2/repository/com/sun/jersey/jersey-core/1.19/jersey-core-1.19.jar:/home/user/.m2/repository/javax/ws/rs/jsr311-api/1.1.1/jsr311-api-1.1.1.jar:/home/user/.m2/repository/com/sun/jersey/jersey-server/1.19/jersey-server-1.19.jar:/home/user/.m2/repository/javax/servlet/javax.servlet-api/3.1.0/javax.servlet-api-3.1.0.jar:/home/user/.m2/repository/org/eclipse/jetty/jetty-server/9.3.25.v20180904/jetty-server-9.3.25.v20180904.jar:/home/user/.m2/repository/org/eclipse/jetty/jetty-http/9.3.25.v20180904/jetty-http-9.3.25.v20180904.jar:/home/user/.m2/repository/org/eclipse/jetty/jetty-io/9.3.25.v20180904/jetty-io-9.3.25.v20180904.jar:/home/user/.m2/repository/org/eclipse/jetty/jetty-webapp/9.3.25.v20180904/jetty-webapp-9.3.25.v20180904.jar:/home/user/.m2/repository/org/eclipse/jetty/jetty-xml/9.3.25.v20180904/jetty-xml-9.3.25.v20180904.jar:/home/user/.m2/repository/log4j/log4j/1.2.17/log4j-1.2.17.jar:/home/user/.m2/repository/org/slf4j/slf4j-api/1.7.25/slf4j-api-1.7.25.jar:/home/user/.m2/repository/org/slf4j/jul-to-slf4j/1.7.25/jul-to-slf4j-1.7.25.jar:/home/user/.m2/repository/org/eclipse/jetty/jetty-util/9.3.25.v20180904/jetty-util-9.3.25.v20180904.jar:/home/user/.m2/repository/com/fasterxml/jackson/core/jackson-databind/2.9.9/jackson-databind-2.9.9.jar:/home/user/.m2/repository/org/apache/hadoop/hadoop-kms/3.2.0/hadoop-kms-3.2.0-tests.jar:/home/user/.m2/repository/org/apache/hadoop/hadoop-hdds-server-scm/0.5.0-SNAPSHOT/hadoop-hdds-server-scm-0.5.0-SNAPSHOT-tests.jar:/home/user/.m2/repository/org/apache/hadoop/hadoop-hdds-container-service/0.5.0-SNAPSHOT/hadoop-hdds-container-service-0.5.0-SNAPSHOT-tests.jar:/home/user/.m2/repository/org/yaml/snakeyaml/1.16/snakeyaml-1.16.jar:/home/user/.m2/repository/org/apache/hadoop/hadoop-common/3.2.0/hadoop-common-3.2.0-tests.jar:/home/user/.m2/repository/org/apache/hadoop/hadoop-annotations/3.2.0/hadoop-annotations-3.2.0.jar:/usr/lib/jvm/java-1.8.0-openjdk-1.8.0.222.b10-1.el7_7.x86_64/jre/../lib/tools.jar:/home/user/.m2/repository/commons-cli/commons-cli/1.2/commons-cli-1.2.jar:/home/user/.m2/repository/org/apache/httpcomponents/httpclient/4.5.2/httpclient-4.5.2.jar:/home/user/.m2/repository/org/apache/httpcomponents/httpcore/4.4.4/httpcore-4.4.4.jar:/home/user/.m2/repository/commons-codec/commons-codec/1.11/commons-codec-1.11.jar:/home/user/.m2/repository/commons-net/commons-net/3.6/commons-net-3.6.jar:/home/user/.m2/repository/commons-collections/commons-collections/3.2.2/commons-collections-3.2.2.jar:/home/user/.m2/repository/org/eclipse/jetty/jetty-servlet/9.3.25.v20180904/jetty-servlet-9.3.25.v20180904.jar:/home/user/.m2/repository/org/eclipse/jetty/jetty-security/9.3.25.v20180904/jetty-security-9.3.25.v20180904.jar:/home/user/.m2/repository/javax/servlet/jsp/jsp-api/2.1/jsp-api-2.1.jar:/home/user/.m2/repository/com/sun/jersey/jersey-servlet/1.19/jersey-servlet-1.19.jar:/home/user/.m2/repository/com/sun/jersey/jersey-json/1.19/jersey-json-1.19.jar:/home/user/.m2/repository/org/codehaus/jettison/jettison/1.1/jettison-1.1.jar:/home/user/.m2/repository/org/codehaus/jackson/jackson-core-asl/1.9.13/jackson-core-asl-1.9.13.jar:/home/user/.m2/repository/org/codehaus/jackson/jackson-mapper-asl/1.9.13/jackson-mapper-asl-1.9.13.jar:/home/user/.m2/repository/org/codehaus/jackson/jackson-jaxrs/1.9.13/jackson-jaxrs-1.9.13.jar:/home/user/.m2/repository/org/codehaus/jackson/jackson-xc/1.9.13/jackson-xc-1.9.13.jar:/home/user/.m2/repository/commons-logging/commons-logging/1.1.3/commons-logging-1.1.3.jar:/home/user/.m2/repository/commons-beanutils/commons-beanutils/1.9.4/commons-beanutils-1.9.4.jar:/home/user/.m2/repository/org/apache/commons/commons-configuration2/2.1.1/commons-configuration2-2.1.1.jar:/home/user/.m2/repository/org/apache/commons/commons-lang3/3.7/commons-lang3-3.7.jar:/home/user/.m2/repository/org/apache/commons/commons-text/1.4/commons-text-1.4.jar:/home/user/.m2/repository/org/apache/avro/avro/1.7.7/avro-1.7.7.jar:/home/user/.m2/repository/com/thoughtworks/paranamer/paranamer/2.3/paranamer-2.3.jar:/home/user/.m2/repository/org/xerial/snappy/snappy-java/1.0.5/snappy-java-1.0.5.jar:/home/user/.m2/repository/com/google/re2j/re2j/1.1/re2j-1.1.jar:/home/user/.m2/repository/com/google/code/gson/gson/2.2.4/gson-2.2.4.jar:/home/user/.m2/repository/com/jcraft/jsch/0.1.54/jsch-0.1.54.jar:/home/user/.m2/repository/org/apache/curator/curator-client/2.12.0/curator-client-2.12.0.jar:/home/user/.m2/repository/org/apache/curator/curator-recipes/2.12.0/curator-recipes-2.12.0.jar:/home/user/.m2/repository/com/google/code/findbugs/jsr305/3.0.0/jsr305-3.0.0.jar:/home/user/.m2/repository/org/apache/htrace/htrace-core4/4.1.0-incubating/htrace-core4-4.1.0-incubating.jar:/home/user/.m2/repository/org/apache/zookeeper/zookeeper/3.4.13/zookeeper-3.4.13.jar:/home/user/.m2/repository/jline/jline/0.9.94/jline-0.9.94.jar:/home/user/.m2/repository/org/apache/yetus/audience-annotations/0.5.0/audience-annotations-0.5.0.jar:/home/user/.m2/repository/org/codehaus/woodstox/stax2-api/3.1.4/stax2-api-3.1.4.jar:/home/user/.m2/repository/com/fasterxml/woodstox/woodstox-core/5.0.3/woodstox-core-5.0.3.jar:/home/user/.m2/repository/dnsjava/dnsjava/2.1.7/dnsjava-2.1.7.jar:/home/user/.m2/repository/org/apache/hadoop/hadoop-hdfs/3.2.0/hadoop-hdfs-3.2.0-tests.jar:/home/user/.m2/repository/org/eclipse/jetty/jetty-util-ajax/9.3.25.v20180904/jetty-util-ajax-9.3.25.v20180904.jar:/home/user/.m2/repository/commons-daemon/commons-daemon/1.0.13/commons-daemon-1.0.13.jar:/home/user/.m2/repository/io/netty/netty/3.10.5.Final/netty-3.10.5.Final.jar:/home/user/.m2/repository/io/netty/netty-all/4.0.52.Final/netty-all-4.0.52.Final.jar:/home/user/.m2/repository/org/fusesource/leveldbjni/leveldbjni-all/1.8/leveldbjni-all-1.8.jar:"/>
    <property name="java.vm.vendor" value="Oracle Corporation"/>
    <property name="sun.arch.data.model" value="64"/>
    <property name="test.build.dir" value="/workdir/hadoop-ozone/integration-test/target/test-dir"/>
    <property name="test.cache.data" value=""/>
    <property name="java.vendor.url" value="http://java.oracle.com/"/>
    <property name="user.timezone" value=""/>
    <property name="java.vm.specification.version" value="1.8"/>
    <property name="os.name" value="Linux"/>
    <property name="test.build.data" value="/workdir/hadoop-ozone/integration-test/target/test-dir"/>
    <property name="user.country" value="US"/>
    <property name="sun.java.launcher" value="SUN_STANDARD"/>
    <property name="sun.boot.library.path" value="/usr/lib/jvm/java-1.8.0-openjdk-1.8.0.222.b10-1.el7_7.x86_64/jre/lib/amd64"/>
    <property name="sun.java.command" value="/workdir/hadoop-ozone/integration-test/target/surefire/surefirebooter6602981695921219795.jar /workdir/hadoop-ozone/integration-test/target/surefire 2019-10-30T05-22-46_000-jvmRun1 surefire62126597379493646tmp surefire_421856024953205125503tmp"/>
    <property name="surefire.test.class.path" value="/workdir/hadoop-ozone/integration-test/target/test-classes:/workdir/hadoop-ozone/integration-test/target/classes:/home/user/.m2/repository/org/apache/hadoop/hadoop-ozone-common/0.5.0-SNAPSHOT/hadoop-ozone-common-0.5.0-SNAPSHOT.jar:/home/user/.m2/repository/org/apache/commons/commons-compress/1.4.1/commons-compress-1.4.1.jar:/home/user/.m2/repository/org/tukaani/xz/1.0/xz-1.0.jar:/home/user/.m2/repository/org/apache/hadoop/hadoop-common/3.2.0/hadoop-common-3.2.0.jar:/home/user/.m2/repository/org/apache/hadoop/hadoop-hdfs/3.2.0/hadoop-hdfs-3.2.0.jar:/home/user/.m2/repository/org/apache/hadoop/hadoop-hdfs-client/3.2.0/hadoop-hdfs-client-3.2.0.jar:/home/user/.m2/repository/com/fasterxml/jackson/core/jackson-annotations/2.9.9/jackson-annotations-2.9.9.jar:/home/user/.m2/repository/org/apache/hadoop/hadoop-hdds-common/0.5.0-SNAPSHOT/hadoop-hdds-common-0.5.0-SNAPSHOT.jar:/home/user/.m2/repository/javax/annotation/javax.annotation-api/1.2/javax.annotation-api-1.2.jar:/home/user/.m2/repository/org/apache/ratis/ratis-server/0.5.0-3f446aa-SNAPSHOT/ratis-server-0.5.0-3f446aa-SNAPSHOT.jar:/home/user/.m2/repository/org/apache/ratis/ratis-thirdparty-misc/0.2.0/ratis-thirdparty-misc-0.2.0.jar:/home/user/.m2/repository/org/apache/ratis/ratis-proto/0.5.0-3f446aa-SNAPSHOT/ratis-proto-0.5.0-3f446aa-SNAPSHOT.jar:/home/user/.m2/repository/org/apache/ratis/ratis-common/0.5.0-3f446aa-SNAPSHOT/ratis-common-0.5.0-3f446aa-SNAPSHOT.jar:/home/user/.m2/repository/org/apache/ratis/ratis-client/0.5.0-3f446aa-SNAPSHOT/ratis-client-0.5.0-3f446aa-SNAPSHOT.jar:/home/user/.m2/repository/org/apache/ratis/ratis-metrics/0.5.0-3f446aa-SNAPSHOT/ratis-metrics-0.5.0-3f446aa-SNAPSHOT.jar:/home/user/.m2/repository/com/github/joshelser/dropwizard-metrics-hadoop-metrics2-reporter/0.1.2/dropwizard-metrics-hadoop-metrics2-reporter-0.1.2.jar:/home/user/.m2/repository/io/dropwizard/metrics/metrics-jvm/3.2.5/metrics-jvm-3.2.5.jar:/home/user/.m2/repository/io/dropwizard/metrics/metrics-ganglia/3.2.5/metrics-ganglia-3.2.5.jar:/home/user/.m2/repository/info/ganglia/gmetric4j/gmetric4j/1.0.7/gmetric4j-1.0.7.jar:/home/user/.m2/repository/org/apache/ratis/ratis-netty/0.5.0-3f446aa-SNAPSHOT/ratis-netty-0.5.0-3f446aa-SNAPSHOT.jar:/home/user/.m2/repository/org/apache/ratis/ratis-grpc/0.5.0-3f446aa-SNAPSHOT/ratis-grpc-0.5.0-3f446aa-SNAPSHOT.jar:/home/user/.m2/repository/org/rocksdb/rocksdbjni/6.0.1/rocksdbjni-6.0.1.jar:/home/user/.m2/repository/org/apache/logging/log4j/log4j-api/2.11.0/log4j-api-2.11.0.jar:/home/user/.m2/repository/org/apache/logging/log4j/log4j-core/2.11.0/log4j-core-2.11.0.jar:/home/user/.m2/repository/com/lmax/disruptor/3.4.2/disruptor-3.4.2.jar:/home/user/.m2/repository/org/apache/commons/commons-pool2/2.6.0/commons-pool2-2.6.0.jar:/home/user/.m2/repository/org/bouncycastle/bcpkix-jdk15on/1.60/bcpkix-jdk15on-1.60.jar:/home/user/.m2/repository/commons-validator/commons-validator/1.6/commons-validator-1.6.jar:/home/user/.m2/repository/commons-digester/commons-digester/1.8.1/commons-digester-1.8.1.jar:/home/user/.m2/repository/io/jaegertracing/jaeger-client/0.34.0/jaeger-client-0.34.0.jar:/home/user/.m2/repository/io/jaegertracing/jaeger-thrift/0.34.0/jaeger-thrift-0.34.0.jar:/home/user/.m2/repository/org/apache/thrift/libthrift/0.12.0/libthrift-0.12.0.jar:/home/user/.m2/repository/com/squareup/okhttp3/okhttp/3.9.0/okhttp-3.9.0.jar:/home/user/.m2/repository/com/squareup/okio/okio/1.13.0/okio-1.13.0.jar:/home/user/.m2/repository/io/jaegertracing/jaeger-core/0.34.0/jaeger-core-0.34.0.jar:/home/user/.m2/repository/io/jaegertracing/jaeger-tracerresolver/0.34.0/jaeger-tracerresolver-0.34.0.jar:/home/user/.m2/repository/io/opentracing/contrib/opentracing-tracerresolver/0.1.5/opentracing-tracerresolver-0.1.5.jar:/home/user/.m2/repository/io/opentracing/opentracing-util/0.31.0/opentracing-util-0.31.0.jar:/home/user/.m2/repository/io/opentracing/opentracing-api/0.31.0/opentracing-api-0.31.0.jar:/home/user/.m2/repository/io/opentracing/opentracing-noop/0.31.0/opentracing-noop-0.31.0.jar:/home/user/.m2/repository/org/apache/hadoop/hadoop-hdds-server-framework/0.5.0-SNAPSHOT/hadoop-hdds-server-framework-0.5.0-SNAPSHOT.jar:/home/user/.m2/repository/org/apache/hadoop/hadoop-hdds-container-service/0.5.0-SNAPSHOT/hadoop-hdds-container-service-0.5.0-SNAPSHOT.jar:/home/user/.m2/repository/org/apache/hadoop/hadoop-hdds-client/0.5.0-SNAPSHOT/hadoop-hdds-client-0.5.0-SNAPSHOT.jar:/home/user/.m2/repository/org/apache/hadoop/hadoop-hdds-tools/0.5.0-SNAPSHOT/hadoop-hdds-tools-0.5.0-SNAPSHOT.jar:/home/user/.m2/repository/org/apache/hadoop/hadoop-hdds-server-scm/0.5.0-SNAPSHOT/hadoop-hdds-server-scm-0.5.0-SNAPSHOT.jar:/home/user/.m2/repository/org/apache/hadoop/hadoop-hdds-docs/0.5.0-SNAPSHOT/hadoop-hdds-docs-0.5.0-SNAPSHOT.jar:/home/user/.m2/repository/io/dropwizard/metrics/metrics-core/3.2.4/metrics-core-3.2.4.jar:/home/user/.m2/repository/org/hamcrest/hamcrest-all/1.3/hamcrest-all-1.3.jar:/home/user/.m2/repository/org/bouncycastle/bcprov-jdk15on/1.60/bcprov-jdk15on-1.60.jar:/home/user/.m2/repository/info/picocli/picocli/3.9.6/picocli-3.9.6.jar:/home/user/.m2/repository/com/google/protobuf/protobuf-java/2.5.0/protobuf-java-2.5.0.jar:/home/user/.m2/repository/com/google/guava/guava/11.0.2/guava-11.0.2.jar:/home/user/.m2/repository/org/apache/hadoop/hadoop-ozone-ozone-manager/0.5.0-SNAPSHOT/hadoop-ozone-ozone-manager-0.5.0-SNAPSHOT.jar:/home/user/.m2/repository/org/apache/hadoop/hadoop-minikdc/3.2.0/hadoop-minikdc-3.2.0.jar:/home/user/.m2/repository/commons-io/commons-io/2.5/commons-io-2.5.jar:/home/user/.m2/repository/org/apache/kerby/kerb-simplekdc/1.0.1/kerb-simplekdc-1.0.1.jar:/home/user/.m2/repository/org/apache/kerby/kerb-client/1.0.1/kerb-client-1.0.1.jar:/home/user/.m2/repository/org/apache/kerby/kerby-config/1.0.1/kerby-config-1.0.1.jar:/home/user/.m2/repository/org/apache/kerby/kerb-core/1.0.1/kerb-core-1.0.1.jar:/home/user/.m2/repository/org/apache/kerby/kerby-pkix/1.0.1/kerby-pkix-1.0.1.jar:/home/user/.m2/repository/org/apache/kerby/kerby-asn1/1.0.1/kerby-asn1-1.0.1.jar:/home/user/.m2/repository/org/apache/kerby/kerby-util/1.0.1/kerby-util-1.0.1.jar:/home/user/.m2/repository/org/apache/kerby/kerb-common/1.0.1/kerb-common-1.0.1.jar:/home/user/.m2/repository/org/apache/kerby/kerb-crypto/1.0.1/kerb-crypto-1.0.1.jar:/home/user/.m2/repository/org/apache/kerby/kerb-util/1.0.1/kerb-util-1.0.1.jar:/home/user/.m2/repository/org/apache/kerby/token-provider/1.0.1/token-provider-1.0.1.jar:/home/user/.m2/repository/org/apache/kerby/kerb-admin/1.0.1/kerb-admin-1.0.1.jar:/home/user/.m2/repository/org/apache/kerby/kerb-server/1.0.1/kerb-server-1.0.1.jar:/home/user/.m2/repository/org/apache/kerby/kerb-identity/1.0.1/kerb-identity-1.0.1.jar:/home/user/.m2/repository/org/apache/kerby/kerby-xdr/1.0.1/kerby-xdr-1.0.1.jar:/home/user/.m2/repository/org/slf4j/slf4j-log4j12/1.7.25/slf4j-log4j12-1.7.25.jar:/home/user/.m2/repository/org/apache/hadoop/hadoop-ozone-s3gateway/0.5.0-SNAPSHOT/hadoop-ozone-s3gateway-0.5.0-SNAPSHOT.jar:/home/user/.m2/repository/org/jboss/weld/servlet/weld-servlet/2.4.7.Final/weld-servlet-2.4.7.Final.jar:/home/user/.m2/repository/org/glassfish/jersey/containers/jersey-container-servlet-core/2.27/jersey-container-servlet-core-2.27.jar:/home/user/.m2/repository/org/glassfish/hk2/external/javax.inject/2.5.0-b42/javax.inject-2.5.0-b42.jar:/home/user/.m2/repository/org/glassfish/jersey/core/jersey-common/2.27/jersey-common-2.27.jar:/home/user/.m2/repository/org/glassfish/hk2/osgi-resource-locator/1.0.1/osgi-resource-locator-1.0.1.jar:/home/user/.m2/repository/javax/ws/rs/javax.ws.rs-api/2.1/javax.ws.rs-api-2.1.jar:/home/user/.m2/repository/org/glassfish/jersey/ext/cdi/jersey-cdi1x/2.27/jersey-cdi1x-2.27.jar:/home/user/.m2/repository/org/glassfish/jersey/inject/jersey-hk2/2.27/jersey-hk2-2.27.jar:/home/user/.m2/repository/org/glassfish/hk2/hk2-locator/2.5.0-b42/hk2-locator-2.5.0-b42.jar:/home/user/.m2/repository/org/javassist/javassist/3.22.0-CR2/javassist-3.22.0-CR2.jar:/home/user/.m2/repository/org/glassfish/hk2/hk2-api/2.5.0/hk2-api-2.5.0.jar:/home/user/.m2/repository/org/glassfish/hk2/external/jakarta.inject/2.5.0/jakarta.inject-2.5.0.jar:/home/user/.m2/repository/org/glassfish/hk2/hk2-utils/2.5.0/hk2-utils-2.5.0.jar:/home/user/.m2/repository/jakarta/annotation/jakarta.annotation-api/1.3.4/jakarta.annotation-api-1.3.4.jar:/home/user/.m2/repository/org/glassfish/hk2/external/aopalliance-repackaged/2.5.0/aopalliance-repackaged-2.5.0.jar:/home/user/.m2/repository/com/fasterxml/jackson/dataformat/jackson-dataformat-xml/2.9.0/jackson-dataformat-xml-2.9.0.jar:/home/user/.m2/repository/com/fasterxml/jackson/core/jackson-core/2.9.9/jackson-core-2.9.9.jar:/home/user/.m2/repository/com/fasterxml/jackson/module/jackson-module-jaxb-annotations/2.9.9/jackson-module-jaxb-annotations-2.9.9.jar:/home/user/.m2/repository/javax/enterprise/cdi-api/1.2/cdi-api-1.2.jar:/home/user/.m2/repository/javax/el/javax.el-api/3.0.0/javax.el-api-3.0.0.jar:/home/user/.m2/repository/javax/interceptor/javax.interceptor-api/1.2/javax.interceptor-api-1.2.jar:/home/user/.m2/repository/javax/inject/javax.inject/1/javax.inject-1.jar:/home/user/.m2/repository/com/sun/xml/bind/jaxb-impl/2.3.0.1/jaxb-impl-2.3.0.1.jar:/home/user/.m2/repository/com/sun/xml/bind/jaxb-core/2.3.0.1/jaxb-core-2.3.0.1.jar:/home/user/.m2/repository/javax/xml/bind/jaxb-api/2.3.0/jaxb-api-2.3.0.jar:/home/user/.m2/repository/javax/activation/activation/1.1.1/activation-1.1.1.jar:/home/user/.m2/repository/org/apache/hadoop/hadoop-ozone-csi/0.5.0-SNAPSHOT/hadoop-ozone-csi-0.5.0-SNAPSHOT.jar:/home/user/.m2/repository/com/google/protobuf/protobuf-java-util/3.5.1/protobuf-java-util-3.5.1.jar:/home/user/.m2/repository/org/apache/hadoop/hadoop-hdds-config/0.5.0-SNAPSHOT/hadoop-hdds-config-0.5.0-SNAPSHOT.jar:/home/user/.m2/repository/io/grpc/grpc-netty/1.17.1/grpc-netty-1.17.1.jar:/home/user/.m2/repository/io/grpc/grpc-core/1.17.1/grpc-core-1.17.1.jar:/home/user/.m2/repository/io/grpc/grpc-context/1.17.1/grpc-context-1.17.1.jar:/home/user/.m2/repository/com/google/errorprone/error_prone_annotations/2.2.0/error_prone_annotations-2.2.0.jar:/home/user/.m2/repository/org/codehaus/mojo/animal-sniffer-annotations/1.17/animal-sniffer-annotations-1.17.jar:/home/user/.m2/repository/io/opencensus/opencensus-api/0.17.0/opencensus-api-0.17.0.jar:/home/user/.m2/repository/io/opencensus/opencensus-contrib-grpc-metrics/0.17.0/opencensus-contrib-grpc-metrics-0.17.0.jar:/home/user/.m2/repository/io/netty/netty-codec-http2/4.1.30.Final/netty-codec-http2-4.1.30.Final.jar:/home/user/.m2/repository/io/netty/netty-codec-http/4.1.30.Final/netty-codec-http-4.1.30.Final.jar:/home/user/.m2/repository/io/netty/netty-codec/4.1.30.Final/netty-codec-4.1.30.Final.jar:/home/user/.m2/repository/io/netty/netty-handler/4.1.30.Final/netty-handler-4.1.30.Final.jar:/home/user/.m2/repository/io/netty/netty-handler-proxy/4.1.30.Final/netty-handler-proxy-4.1.30.Final.jar:/home/user/.m2/repository/io/netty/netty-codec-socks/4.1.30.Final/netty-codec-socks-4.1.30.Final.jar:/home/user/.m2/repository/io/netty/netty-transport-native-epoll/4.1.30.Final/netty-transport-native-epoll-4.1.30.Final.jar:/home/user/.m2/repository/io/netty/netty-common/4.1.30.Final/netty-common-4.1.30.Final.jar:/home/user/.m2/repository/io/netty/netty-buffer/4.1.30.Final/netty-buffer-4.1.30.Final.jar:/home/user/.m2/repository/io/netty/netty-transport/4.1.30.Final/netty-transport-4.1.30.Final.jar:/home/user/.m2/repository/io/netty/netty-resolver/4.1.30.Final/netty-resolver-4.1.30.Final.jar:/home/user/.m2/repository/io/netty/netty-transport-native-unix-common/4.1.30.Final/netty-transport-native-unix-common-4.1.30.Final.jar:/home/user/.m2/repository/io/grpc/grpc-protobuf/1.17.1/grpc-protobuf-1.17.1.jar:/home/user/.m2/repository/com/google/api/grpc/proto-google-common-protos/1.0.0/proto-google-common-protos-1.0.0.jar:/home/user/.m2/repository/io/grpc/grpc-protobuf-lite/1.17.1/grpc-protobuf-lite-1.17.1.jar:/home/user/.m2/repository/io/grpc/grpc-stub/1.17.1/grpc-stub-1.17.1.jar:/home/user/.m2/repository/org/apache/hadoop/hadoop-ozone-recon/0.5.0-SNAPSHOT/hadoop-ozone-recon-0.5.0-SNAPSHOT.jar:/home/user/.m2/repository/org/apache/hadoop/hadoop-ozone-reconcodegen/0.5.0-SNAPSHOT/hadoop-ozone-reconcodegen-0.5.0-SNAPSHOT.jar:/home/user/.m2/repository/com/google/inject/extensions/guice-multibindings/4.0/guice-multibindings-4.0.jar:/home/user/.m2/repository/com/google/inject/guice/4.0/guice-4.0.jar:/home/user/.m2/repository/aopalliance/aopalliance/1.0/aopalliance-1.0.jar:/home/user/.m2/repository/com/google/inject/extensions/guice-servlet/4.0/guice-servlet-4.0.jar:/home/user/.m2/repository/org/glassfish/jersey/containers/jersey-container-servlet/2.27/jersey-container-servlet-2.27.jar:/home/user/.m2/repository/org/glassfish/hk2/guice-bridge/2.5.0/guice-bridge-2.5.0.jar:/home/user/.m2/repository/org/glassfish/jersey/core/jersey-server/2.27/jersey-server-2.27.jar:/home/user/.m2/repository/org/glassfish/jersey/core/jersey-client/2.27/jersey-client-2.27.jar:/home/user/.m2/repository/org/glassfish/jersey/media/jersey-media-jaxb/2.27/jersey-media-jaxb-2.27.jar:/home/user/.m2/repository/javax/validation/validation-api/1.1.0.Final/validation-api-1.1.0.Final.jar:/home/user/.m2/repository/org/glassfish/jersey/media/jersey-media-json-jackson/2.27/jersey-media-json-jackson-2.27.jar:/home/user/.m2/repository/org/glassfish/jersey/ext/jersey-entity-filtering/2.27/jersey-entity-filtering-2.27.jar:/home/user/.m2/repository/com/google/inject/extensions/guice-assistedinject/4.0/guice-assistedinject-4.0.jar:/home/user/.m2/repository/org/jooq/jooq/3.11.10/jooq-3.11.10.jar:/home/user/.m2/repository/org/jooq/jooq-meta/3.11.10/jooq-meta-3.11.10.jar:/home/user/.m2/repository/org/jooq/jooq-codegen/3.11.10/jooq-codegen-3.11.10.jar:/home/user/.m2/repository/com/jolbox/bonecp/0.8.0.RELEASE/bonecp-0.8.0.RELEASE.jar:/home/user/.m2/repository/org/xerial/sqlite-jdbc/3.25.2/sqlite-jdbc-3.25.2.jar:/home/user/.m2/repository/org/springframework/spring-jdbc/5.1.3.RELEASE/spring-jdbc-5.1.3.RELEASE.jar:/home/user/.m2/repository/org/springframework/spring-beans/5.1.3.RELEASE/spring-beans-5.1.3.RELEASE.jar:/home/user/.m2/repository/org/springframework/spring-core/5.1.3.RELEASE/spring-core-5.1.3.RELEASE.jar:/home/user/.m2/repository/org/springframework/spring-jcl/5.1.3.RELEASE/spring-jcl-5.1.3.RELEASE.jar:/home/user/.m2/repository/org/springframework/spring-tx/5.1.3.RELEASE/spring-tx-5.1.3.RELEASE.jar:/home/user/.m2/repository/org/apache/hadoop/hadoop-ozone-client/0.5.0-SNAPSHOT/hadoop-ozone-client-0.5.0-SNAPSHOT.jar:/home/user/.m2/repository/commons-lang/commons-lang/2.6/commons-lang-2.6.jar:/home/user/.m2/repository/org/apache/hadoop/hadoop-ozone-ozone-manager/0.5.0-SNAPSHOT/hadoop-ozone-ozone-manager-0.5.0-SNAPSHOT-tests.jar:/home/user/.m2/repository/junit/junit/4.11/junit-4.11.jar:/home/user/.m2/repository/org/hamcrest/hamcrest-core/1.3/hamcrest-core-1.3.jar:/home/user/.m2/repository/org/openjdk/jmh/jmh-core/1.19/jmh-core-1.19.jar:/home/user/.m2/repository/net/sf/jopt-simple/jopt-simple/4.6/jopt-simple-4.6.jar:/home/user/.m2/repository/org/apache/commons/commons-math3/3.1.1/commons-math3-3.1.1.jar:/home/user/.m2/repository/org/openjdk/jmh/jmh-generator-annprocess/1.19/jmh-generator-annprocess-1.19.jar:/home/user/.m2/repository/org/mockito/mockito-all/1.8.5/mockito-all-1.8.5.jar:/home/user/.m2/repository/org/apache/hadoop/hadoop-kms/3.2.0/hadoop-kms-3.2.0.jar:/home/user/.m2/repository/org/apache/hadoop/hadoop-auth/3.2.0/hadoop-auth-3.2.0.jar:/home/user/.m2/repository/com/nimbusds/nimbus-jose-jwt/4.41.1/nimbus-jose-jwt-4.41.1.jar:/home/user/.m2/repository/com/github/stephenc/jcip/jcip-annotations/1.0-1/jcip-annotations-1.0-1.jar:/home/user/.m2/repository/net/minidev/json-smart/2.3/json-smart-2.3.jar:/home/user/.m2/repository/net/minidev/accessors-smart/1.2/accessors-smart-1.2.jar:/home/user/.m2/repository/org/ow2/asm/asm/5.0.4/asm-5.0.4.jar:/home/user/.m2/repository/org/apache/curator/curator-framework/2.12.0/curator-framework-2.12.0.jar:/home/user/.m2/repository/com/sun/jersey/jersey-core/1.19/jersey-core-1.19.jar:/home/user/.m2/repository/javax/ws/rs/jsr311-api/1.1.1/jsr311-api-1.1.1.jar:/home/user/.m2/repository/com/sun/jersey/jersey-server/1.19/jersey-server-1.19.jar:/home/user/.m2/repository/javax/servlet/javax.servlet-api/3.1.0/javax.servlet-api-3.1.0.jar:/home/user/.m2/repository/org/eclipse/jetty/jetty-server/9.3.25.v20180904/jetty-server-9.3.25.v20180904.jar:/home/user/.m2/repository/org/eclipse/jetty/jetty-http/9.3.25.v20180904/jetty-http-9.3.25.v20180904.jar:/home/user/.m2/repository/org/eclipse/jetty/jetty-io/9.3.25.v20180904/jetty-io-9.3.25.v20180904.jar:/home/user/.m2/repository/org/eclipse/jetty/jetty-webapp/9.3.25.v20180904/jetty-webapp-9.3.25.v20180904.jar:/home/user/.m2/repository/org/eclipse/jetty/jetty-xml/9.3.25.v20180904/jetty-xml-9.3.25.v20180904.jar:/home/user/.m2/repository/log4j/log4j/1.2.17/log4j-1.2.17.jar:/home/user/.m2/repository/org/slf4j/slf4j-api/1.7.25/slf4j-api-1.7.25.jar:/home/user/.m2/repository/org/slf4j/jul-to-slf4j/1.7.25/jul-to-slf4j-1.7.25.jar:/home/user/.m2/repository/org/eclipse/jetty/jetty-util/9.3.25.v20180904/jetty-util-9.3.25.v20180904.jar:/home/user/.m2/repository/com/fasterxml/jackson/core/jackson-databind/2.9.9/jackson-databind-2.9.9.jar:/home/user/.m2/repository/org/apache/hadoop/hadoop-kms/3.2.0/hadoop-kms-3.2.0-tests.jar:/home/user/.m2/repository/org/apache/hadoop/hadoop-hdds-server-scm/0.5.0-SNAPSHOT/hadoop-hdds-server-scm-0.5.0-SNAPSHOT-tests.jar:/home/user/.m2/repository/org/apache/hadoop/hadoop-hdds-container-service/0.5.0-SNAPSHOT/hadoop-hdds-container-service-0.5.0-SNAPSHOT-tests.jar:/home/user/.m2/repository/org/yaml/snakeyaml/1.16/snakeyaml-1.16.jar:/home/user/.m2/repository/org/apache/hadoop/hadoop-common/3.2.0/hadoop-common-3.2.0-tests.jar:/home/user/.m2/repository/org/apache/hadoop/hadoop-annotations/3.2.0/hadoop-annotations-3.2.0.jar:/usr/lib/jvm/java-1.8.0-openjdk-1.8.0.222.b10-1.el7_7.x86_64/jre/../lib/tools.jar:/home/user/.m2/repository/commons-cli/commons-cli/1.2/commons-cli-1.2.jar:/home/user/.m2/repository/org/apache/httpcomponents/httpclient/4.5.2/httpclient-4.5.2.jar:/home/user/.m2/repository/org/apache/httpcomponents/httpcore/4.4.4/httpcore-4.4.4.jar:/home/user/.m2/repository/commons-codec/commons-codec/1.11/commons-codec-1.11.jar:/home/user/.m2/repository/commons-net/commons-net/3.6/commons-net-3.6.jar:/home/user/.m2/repository/commons-collections/commons-collections/3.2.2/commons-collections-3.2.2.jar:/home/user/.m2/repository/org/eclipse/jetty/jetty-servlet/9.3.25.v20180904/jetty-servlet-9.3.25.v20180904.jar:/home/user/.m2/repository/org/eclipse/jetty/jetty-security/9.3.25.v20180904/jetty-security-9.3.25.v20180904.jar:/home/user/.m2/repository/javax/servlet/jsp/jsp-api/2.1/jsp-api-2.1.jar:/home/user/.m2/repository/com/sun/jersey/jersey-servlet/1.19/jersey-servlet-1.19.jar:/home/user/.m2/repository/com/sun/jersey/jersey-json/1.19/jersey-json-1.19.jar:/home/user/.m2/repository/org/codehaus/jettison/jettison/1.1/jettison-1.1.jar:/home/user/.m2/repository/org/codehaus/jackson/jackson-core-asl/1.9.13/jackson-core-asl-1.9.13.jar:/home/user/.m2/repository/org/codehaus/jackson/jackson-mapper-asl/1.9.13/jackson-mapper-asl-1.9.13.jar:/home/user/.m2/repository/org/codehaus/jackson/jackson-jaxrs/1.9.13/jackson-jaxrs-1.9.13.jar:/home/user/.m2/repository/org/codehaus/jackson/jackson-xc/1.9.13/jackson-xc-1.9.13.jar:/home/user/.m2/repository/commons-logging/commons-logging/1.1.3/commons-logging-1.1.3.jar:/home/user/.m2/repository/commons-beanutils/commons-beanutils/1.9.4/commons-beanutils-1.9.4.jar:/home/user/.m2/repository/org/apache/commons/commons-configuration2/2.1.1/commons-configuration2-2.1.1.jar:/home/user/.m2/repository/org/apache/commons/commons-lang3/3.7/commons-lang3-3.7.jar:/home/user/.m2/repository/org/apache/commons/commons-text/1.4/commons-text-1.4.jar:/home/user/.m2/repository/org/apache/avro/avro/1.7.7/avro-1.7.7.jar:/home/user/.m2/repository/com/thoughtworks/paranamer/paranamer/2.3/paranamer-2.3.jar:/home/user/.m2/repository/org/xerial/snappy/snappy-java/1.0.5/snappy-java-1.0.5.jar:/home/user/.m2/repository/com/google/re2j/re2j/1.1/re2j-1.1.jar:/home/user/.m2/repository/com/google/code/gson/gson/2.2.4/gson-2.2.4.jar:/home/user/.m2/repository/com/jcraft/jsch/0.1.54/jsch-0.1.54.jar:/home/user/.m2/repository/org/apache/curator/curator-client/2.12.0/curator-client-2.12.0.jar:/home/user/.m2/repository/org/apache/curator/curator-recipes/2.12.0/curator-recipes-2.12.0.jar:/home/user/.m2/repository/com/google/code/findbugs/jsr305/3.0.0/jsr305-3.0.0.jar:/home/user/.m2/repository/org/apache/htrace/htrace-core4/4.1.0-incubating/htrace-core4-4.1.0-incubating.jar:/home/user/.m2/repository/org/apache/zookeeper/zookeeper/3.4.13/zookeeper-3.4.13.jar:/home/user/.m2/repository/jline/jline/0.9.94/jline-0.9.94.jar:/home/user/.m2/repository/org/apache/yetus/audience-annotations/0.5.0/audience-annotations-0.5.0.jar:/home/user/.m2/repository/org/codehaus/woodstox/stax2-api/3.1.4/stax2-api-3.1.4.jar:/home/user/.m2/repository/com/fasterxml/woodstox/woodstox-core/5.0.3/woodstox-core-5.0.3.jar:/home/user/.m2/repository/dnsjava/dnsjava/2.1.7/dnsjava-2.1.7.jar:/home/user/.m2/repository/org/apache/hadoop/hadoop-hdfs/3.2.0/hadoop-hdfs-3.2.0-tests.jar:/home/user/.m2/repository/org/eclipse/jetty/jetty-util-ajax/9.3.25.v20180904/jetty-util-ajax-9.3.25.v20180904.jar:/home/user/.m2/repository/commons-daemon/commons-daemon/1.0.13/commons-daemon-1.0.13.jar:/home/user/.m2/repository/io/netty/netty/3.10.5.Final/netty-3.10.5.Final.jar:/home/user/.m2/repository/io/netty/netty-all/4.0.52.Final/netty-all-4.0.52.Final.jar:/home/user/.m2/repository/org/fusesource/leveldbjni/leveldbjni-all/1.8/leveldbjni-all-1.8.jar:"/>
    <property name="sun.cpu.endian" value="little"/>
    <property name="user.home" value="/home/user"/>
    <property name="user.language" value="en"/>
    <property name="java.specification.vendor" value="Oracle Corporation"/>
    <property name="java.home" value="/usr/lib/jvm/java-1.8.0-openjdk-1.8.0.222.b10-1.el7_7.x86_64/jre"/>
    <property name="surefire.excludesFile" value="/tools/ozone-bad-unit-tests"/>
    <property name="java.security.krb5.conf" value="/workdir/hadoop-ozone/integration-test/target/test-classes/krb5.conf"/>
    <property name="basedir" value="/workdir/hadoop-ozone/integration-test"/>
    <property name="file.separator" value="/"/>
    <property name="line.separator" value="&#10;"/>
    <property name="java.vm.specification.vendor" value="Oracle Corporation"/>
    <property name="java.specification.name" value="Java Platform API Specification"/>
    <property name="java.awt.graphicsenv" value="sun.awt.X11GraphicsEnvironment"/>
    <property name="surefire.real.class.path" value="/workdir/hadoop-ozone/integration-test/target/surefire/surefirebooter6602981695921219795.jar"/>
    <property name="hadoop.log.dir" value="/workdir/hadoop-ozone/integration-test/target/log"/>
    <property name="sun.boot.class.path" value="/usr/lib/jvm/java-1.8.0-openjdk-1.8.0.222.b10-1.el7_7.x86_64/jre/lib/resources.jar:/usr/lib/jvm/java-1.8.0-openjdk-1.8.0.222.b10-1.el7_7.x86_64/jre/lib/rt.jar:/usr/lib/jvm/java-1.8.0-openjdk-1.8.0.222.b10-1.el7_7.x86_64/jre/lib/sunrsasign.jar:/usr/lib/jvm/java-1.8.0-openjdk-1.8.0.222.b10-1.el7_7.x86_64/jre/lib/jsse.jar:/usr/lib/jvm/java-1.8.0-openjdk-1.8.0.222.b10-1.el7_7.x86_64/jre/lib/jce.jar:/usr/lib/jvm/java-1.8.0-openjdk-1.8.0.222.b10-1.el7_7.x86_64/jre/lib/charsets.jar:/usr/lib/jvm/java-1.8.0-openjdk-1.8.0.222.b10-1.el7_7.x86_64/jre/lib/jfr.jar:/usr/lib/jvm/java-1.8.0-openjdk-1.8.0.222.b10-1.el7_7.x86_64/jre/classes"/>
    <property name="sun.management.compiler" value="HotSpot 64-Bit Tiered Compilers"/>
    <property name="java.runtime.version" value="1.8.0_222-b10"/>
    <property name="java.net.preferIPv4Stack" value="true"/>
    <property name="user.name" value="jenkins1000"/>
    <property name="path.separator" value=":"/>
    <property name="java.security.egd" value="file:///dev/urandom"/>
    <property name="os.version" value="3.10.0-957.12.2.el7.x86_64"/>
    <property name="java.endorsed.dirs" value="/usr/lib/jvm/java-1.8.0-openjdk-1.8.0.222.b10-1.el7_7.x86_64/jre/lib/endorsed"/>
    <property name="java.runtime.name" value="OpenJDK Runtime Environment"/>
    <property name="file.encoding" value="ANSI_X3.4-1968"/>
    <property name="java.vm.name" value="OpenJDK 64-Bit Server VM"/>
    <property name="test.build.webapps" value=""/>
    <property name="localRepository" value="/home/user/.m2/repository"/>
    <property name="java.vendor.url.bug" value="http://bugreport.sun.com/bugreport/"/>
    <property name="java.io.tmpdir" value="/tmp"/>
    <property name="require.test.libhadoop" value=""/>
    <property name="java.version" value="1.8.0_222"/>
    <property name="user.dir" value="/workdir/hadoop-ozone/integration-test"/>
    <property name="os.arch" value="amd64"/>
    <property name="java.vm.specification.name" value="Java Virtual Machine Specification"/>
    <property name="test.build.classes" value="/workdir/hadoop-ozone/integration-test/target/test-classes"/>
    <property name="java.awt.printerjob" value="sun.print.PSPrinterJob"/>
    <property name="sun.os.patch.level" value="unknown"/>
    <property name="hadoop.tmp.dir" value="/workdir/hadoop-ozone/integration-test/target/tmp"/>
    <property name="java.library.path" value="/usr/lib:/workdir/hadoop-ozone/integration-test/target/native/target/usr/local/lib:/workdir/hadoop-ozone/integration-test/../../hadoop-common-project/hadoop-common/target/native/target/usr/local/lib:/usr/java/packages/lib/amd64:/usr/lib64:/lib64:/lib:/usr/lib"/>
    <property name="java.vm.info" value="mixed mode"/>
    <property name="java.vendor" value="Oracle Corporation"/>
    <property name="java.vm.version" value="25.222-b10"/>
    <property name="java.ext.dirs" value="/usr/lib/jvm/java-1.8.0-openjdk-1.8.0.222.b10-1.el7_7.x86_64/jre/lib/ext:/usr/java/packages/lib/ext"/>
    <property name="sun.io.unicode.encoding" value="UnicodeLittle"/>
    <property name="java.class.version" value="52.0"/>
  </properties>
  <testcase name="testDeleteKeyWithSlowFollower" classname="org.apache.hadoop.ozone.client.rpc.TestDeleteWithSlowFollower" time="111.548">
    <failure type="java.lang.AssertionError">java.lang.AssertionError
	at org.junit.Assert.fail(Assert.java:86)
	at org.junit.Assert.assertTrue(Assert.java:41)
	at org.junit.Assert.assertTrue(Assert.java:52)
	at org.apache.hadoop.ozone.client.rpc.TestDeleteWithSlowFollower.testDeleteKeyWithSlowFollower(TestDeleteWithSlowFollower.java:265)
	at sun.reflect.NativeMethodAccessorImpl.invoke0(Native Method)
	at sun.reflect.NativeMethodAccessorImpl.invoke(NativeMethodAccessorImpl.java:62)
	at sun.reflect.DelegatingMethodAccessorImpl.invoke(DelegatingMethodAccessorImpl.java:43)
	at java.lang.reflect.Method.invoke(Method.java:498)
	at org.junit.runners.model.FrameworkMethod$1.runReflectiveCall(FrameworkMethod.java:47)
	at org.junit.internal.runners.model.ReflectiveCallable.run(ReflectiveCallable.java:12)
	at org.junit.runners.model.FrameworkMethod.invokeExplosively(FrameworkMethod.java:44)
	at org.junit.internal.runners.statements.InvokeMethod.evaluate(InvokeMethod.java:17)
	at org.junit.runners.ParentRunner.runLeaf(ParentRunner.java:271)
	at org.junit.runners.BlockJUnit4ClassRunner.runChild(BlockJUnit4ClassRunner.java:70)
	at org.junit.runners.BlockJUnit4ClassRunner.runChild(BlockJUnit4ClassRunner.java:50)
	at org.junit.runners.ParentRunner$3.run(ParentRunner.java:238)
	at org.junit.runners.ParentRunner$1.schedule(ParentRunner.java:63)
	at org.junit.runners.ParentRunner.runChildren(ParentRunner.java:236)
	at org.junit.runners.ParentRunner.access$000(ParentRunner.java:53)
	at org.junit.runners.ParentRunner$2.evaluate(ParentRunner.java:229)
	at org.junit.internal.runners.statements.RunBefores.evaluate(RunBefores.java:26)
	at org.junit.internal.runners.statements.RunAfters.evaluate(RunAfters.java:27)
	at org.junit.runners.ParentRunner.run(ParentRunner.java:309)
	at org.apache.maven.surefire.junit4.JUnit4Provider.execute(JUnit4Provider.java:365)
	at org.apache.maven.surefire.junit4.JUnit4Provider.executeWithRerun(JUnit4Provider.java:273)
	at org.apache.maven.surefire.junit4.JUnit4Provider.executeTestSet(JUnit4Provider.java:238)
	at org.apache.maven.surefire.junit4.JUnit4Provider.invoke(JUnit4Provider.java:159)
	at org.apache.maven.surefire.booter.ForkedBooter.invokeProviderInSameClassLoader(ForkedBooter.java:384)
	at org.apache.maven.surefire.booter.ForkedBooter.runSuitesInProcess(ForkedBooter.java:345)
	at org.apache.maven.surefire.booter.ForkedBooter.execute(ForkedBooter.java:126)
	at org.apache.maven.surefire.booter.ForkedBooter.main(ForkedBooter.java:418)
</failure>
    <system-out><![CDATA[2019-10-30 06:05:22,936 [main] WARN  server.ServerUtils (ServerUtils.java:getScmDbDir(145)) - ozone.scm.db.dirs is not configured. We recommend adding this setting. Falling back to ozone.metadata.dirs instead.
2019-10-30 06:05:23,044 [main] WARN  server.ServerUtils (ServerUtils.java:getScmDbDir(145)) - ozone.scm.db.dirs is not configured. We recommend adding this setting. Falling back to ozone.metadata.dirs instead.
2019-10-30 06:05:23,047 [main] WARN  server.ServerUtils (ServerUtils.java:getScmDbDir(145)) - ozone.scm.db.dirs is not configured. We recommend adding this setting. Falling back to ozone.metadata.dirs instead.
2019-10-30 06:05:23,072 [main] INFO  util.log (Log.java:initialized(192)) - Logging initialized @873ms
2019-10-30 06:05:23,162 [main] INFO  db.DBStoreBuilder (DBStoreBuilder.java:addTable(117)) - using custom profile for table: deletedBlocks
2019-10-30 06:05:23,163 [main] INFO  db.DBStoreBuilder (DBStoreBuilder.java:processTables(168)) - Using default column profile:DBProfile.DISK for Table:deletedBlocks
2019-10-30 06:05:23,163 [main] INFO  db.DBStoreBuilder (DBStoreBuilder.java:addTable(117)) - using custom profile for table: validCerts
2019-10-30 06:05:23,163 [main] INFO  db.DBStoreBuilder (DBStoreBuilder.java:processTables(168)) - Using default column profile:DBProfile.DISK for Table:validCerts
2019-10-30 06:05:23,163 [main] INFO  db.DBStoreBuilder (DBStoreBuilder.java:addTable(117)) - using custom profile for table: revokedCerts
2019-10-30 06:05:23,164 [main] INFO  db.DBStoreBuilder (DBStoreBuilder.java:processTables(168)) - Using default column profile:DBProfile.DISK for Table:revokedCerts
2019-10-30 06:05:23,173 [main] INFO  db.DBStoreBuilder (DBStoreBuilder.java:addTable(117)) - using custom profile for table: default
2019-10-30 06:05:23,173 [main] INFO  db.DBStoreBuilder (DBStoreBuilder.java:processTables(174)) - Using default column profile:DBProfile.DISK for Table:default
2019-10-30 06:05:23,174 [main] INFO  db.DBStoreBuilder (DBStoreBuilder.java:getDbProfile(205)) - Using default options. DBProfile.DISK
2019-10-30 06:05:23,470 [main] INFO  net.NodeSchemaLoader (NodeSchemaLoader.java:loadSchemaFromFile(125)) - Loading file from sun.misc.CompoundEnumeration@74235045
2019-10-30 06:05:23,472 [main] INFO  net.NodeSchemaLoader (NodeSchemaLoader.java:loadSchema(171)) - Loading network topology layer schema file
2019-10-30 06:05:23,528 [main] WARN  server.ServerUtils (ServerUtils.java:sanitizeUserArgs(70)) - ozone.scm.stale.node.interval value = 1000000 is larger than max = 100000 based on the key value of ozone.scm.heartbeat.thread.interval, reset to the max value 100000.
2019-10-30 06:05:23,530 [main] WARN  server.ServerUtils (ServerUtils.java:sanitizeUserArgs(70)) - ozone.scm.stale.node.interval value = 1000000 is larger than max = 100000 based on the key value of ozone.scm.heartbeat.thread.interval, reset to the max value 100000.
2019-10-30 06:05:23,532 [main] INFO  node.SCMNodeManager (SCMNodeManager.java:<init>(116)) - Entering startup safe mode.
2019-10-30 06:05:23,596 [main] INFO  algorithms.ContainerPlacementPolicyFactory (ContainerPlacementPolicyFactory.java:getPolicy(57)) - Create container placement policy of type org.apache.hadoop.hdds.scm.container.placement.algorithms.SCMContainerPlacementRandom
2019-10-30 06:05:23,609 [main] WARN  server.ServerUtils (ServerUtils.java:getScmDbDir(145)) - ozone.scm.db.dirs is not configured. We recommend adding this setting. Falling back to ozone.metadata.dirs instead.
2019-10-30 06:05:23,695 [main] INFO  pipeline.SCMPipelineManager (SCMPipelineManager.java:initializePipelineState(132)) - No pipeline exists in current db
2019-10-30 06:05:23,697 [main] WARN  server.ServerUtils (ServerUtils.java:getScmDbDir(145)) - ozone.scm.db.dirs is not configured. We recommend adding this setting. Falling back to ozone.metadata.dirs instead.
2019-10-30 06:05:23,841 [main] WARN  events.EventQueue (EventQueue.java:fireEvent(183)) - No event handler registered for event TypedEvent{payloadType=SafeModeStatus, name='SafeModeStatus'}
2019-10-30 06:05:24,178 [main] INFO  ipc.CallQueueManager (CallQueueManager.java:<init>(84)) - Using callQueue: class java.util.concurrent.LinkedBlockingQueue, queueCapacity: 2000, scheduler: class org.apache.hadoop.ipc.DefaultRpcScheduler, ipcBackoff: false.
2019-10-30 06:05:24,282 [Socket Reader #1 for port 44805] INFO  ipc.Server (Server.java:run(1074)) - Starting Socket Reader #1 for port 44805
2019-10-30 06:05:24,305 [main] INFO  ipc.CallQueueManager (CallQueueManager.java:<init>(84)) - Using callQueue: class java.util.concurrent.LinkedBlockingQueue, queueCapacity: 2000, scheduler: class org.apache.hadoop.ipc.DefaultRpcScheduler, ipcBackoff: false.
2019-10-30 06:05:24,306 [Socket Reader #1 for port 43858] INFO  ipc.Server (Server.java:run(1074)) - Starting Socket Reader #1 for port 43858
2019-10-30 06:05:24,314 [main] INFO  ipc.CallQueueManager (CallQueueManager.java:<init>(84)) - Using callQueue: class java.util.concurrent.LinkedBlockingQueue, queueCapacity: 2000, scheduler: class org.apache.hadoop.ipc.DefaultRpcScheduler, ipcBackoff: false.
2019-10-30 06:05:24,315 [Socket Reader #1 for port 38617] INFO  ipc.Server (Server.java:run(1074)) - Starting Socket Reader #1 for port 38617
2019-10-30 06:05:24,335 [main] INFO  hdfs.DFSUtil (DFSUtil.java:httpServerTemplateForNNAndJN(1641)) - Starting Web-server for scm at: http://0.0.0.0:0
2019-10-30 06:05:24,479 [main] INFO  server.AuthenticationFilter (AuthenticationFilter.java:constructSecretProvider(240)) - Unable to initialize FileSignerSecretProvider, falling back to use random secrets.
2019-10-30 06:05:24,488 [main] WARN  http.HttpRequestLog (HttpRequestLog.java:getRequestLog(97)) - Jetty request log can only be enabled using Log4j
2019-10-30 06:05:24,497 [main] INFO  http.HttpServer2 (HttpServer2.java:addGlobalFilter(975)) - Added global filter 'safety' (class=org.apache.hadoop.http.HttpServer2$QuotingInputFilter)
2019-10-30 06:05:24,500 [main] INFO  http.HttpServer2 (HttpServer2.java:addFilter(948)) - Added filter static_user_filter (class=org.apache.hadoop.http.lib.StaticUserWebFilter$StaticUserFilter) to context scm
2019-10-30 06:05:24,500 [main] INFO  http.HttpServer2 (HttpServer2.java:addFilter(958)) - Added filter static_user_filter (class=org.apache.hadoop.http.lib.StaticUserWebFilter$StaticUserFilter) to context static
2019-10-30 06:05:24,500 [main] INFO  http.HttpServer2 (HttpServer2.java:addFilter(958)) - Added filter static_user_filter (class=org.apache.hadoop.http.lib.StaticUserWebFilter$StaticUserFilter) to context logs
2019-10-30 06:05:24,532 [main] INFO  server.StorageContainerManager (StorageContainerManager.java:start(772)) - StorageContainerLocationProtocol RPC server is listening at /0.0.0.0:38617
2019-10-30 06:05:24,595 [main] WARN  impl.MetricsConfig (MetricsConfig.java:loadFirst(134)) - Cannot locate configuration: tried hadoop-metrics2-storagecontainermanager.properties,hadoop-metrics2.properties
2019-10-30 06:05:24,607 [main] INFO  impl.MetricsSystemImpl (MetricsSystemImpl.java:startTimer(374)) - Scheduled Metric snapshot period at 10 second(s).
2019-10-30 06:05:24,607 [main] INFO  impl.MetricsSystemImpl (MetricsSystemImpl.java:start(191)) - StorageContainerManager metrics system started
2019-10-30 06:05:24,822 [main] INFO  server.SCMClientProtocolServer (SCMClientProtocolServer.java:start(159)) - RPC server for Client  is listening at /0.0.0.0:38617
2019-10-30 06:05:24,823 [IPC Server listener on 38617] INFO  ipc.Server (Server.java:run(1153)) - IPC Server listener on 38617: starting
2019-10-30 06:05:24,823 [IPC Server Responder] INFO  ipc.Server (Server.java:run(1314)) - IPC Server Responder: starting
2019-10-30 06:05:24,826 [main] INFO  server.StorageContainerManager (StorageContainerManager.java:start(782)) - ScmBlockLocationProtocol RPC server is listening at /0.0.0.0:43858
2019-10-30 06:05:24,826 [main] INFO  server.SCMBlockProtocolServer (SCMBlockProtocolServer.java:start(146)) - RPC server for Block Protocol is listening at /0.0.0.0:43858
2019-10-30 06:05:24,827 [IPC Server listener on 43858] INFO  ipc.Server (Server.java:run(1153)) - IPC Server listener on 43858: starting
2019-10-30 06:05:24,827 [IPC Server Responder] INFO  ipc.Server (Server.java:run(1314)) - IPC Server Responder: starting
2019-10-30 06:05:24,829 [main] INFO  server.StorageContainerManager (StorageContainerManager.java:start(786)) - ScmDatanodeProtocl RPC server is listening at /0.0.0.0:44805
2019-10-30 06:05:24,829 [main] INFO  server.SCMDatanodeProtocolServer (SCMDatanodeProtocolServer.java:start(169)) - RPC server for DataNodes is listening at /0.0.0.0:44805
2019-10-30 06:05:24,830 [IPC Server listener on 44805] INFO  ipc.Server (Server.java:run(1153)) - IPC Server listener on 44805: starting
2019-10-30 06:05:24,830 [IPC Server Responder] INFO  ipc.Server (Server.java:run(1314)) - IPC Server Responder: starting
2019-10-30 06:05:24,833 [main] INFO  http.HttpServer2 (HttpServer2.java:bindListener(1191)) - Jetty bound to port 37604
2019-10-30 06:05:24,835 [main] INFO  server.Server (Server.java:doStart(351)) - jetty-9.3.25.v20180904, build timestamp: 2018-09-04T21:11:46Z, git hash: 3ce520221d0240229c862b122d2b06c12a625732
2019-10-30 06:05:24,869 [main] INFO  handler.ContextHandler (ContextHandler.java:doStart(781)) - Started o.e.j.s.ServletContextHandler@65fe9e33{/logs,file:///workdir/hadoop-ozone/integration-test/target/log,AVAILABLE}
2019-10-30 06:05:24,870 [main] INFO  handler.ContextHandler (ContextHandler.java:doStart(781)) - Started o.e.j.s.ServletContextHandler@42f8285e{/static,file:///workdir/hadoop-ozone/integration-test/target/test-classes/webapps/static,AVAILABLE}
2019-10-30 06:05:24,900 [main] INFO  handler.ContextHandler (ContextHandler.java:doStart(781)) - Started o.e.j.w.WebAppContext@3d6300e8{/,file:///workdir/hadoop-ozone/integration-test/target/test-classes/webapps/scm/,AVAILABLE}{/scm}
2019-10-30 06:05:24,905 [main] INFO  server.AbstractConnector (AbstractConnector.java:doStart(278)) - Started ServerConnector@3af4e0bf{HTTP/1.1,[http/1.1]}{0.0.0.0:37604}
2019-10-30 06:05:24,905 [main] INFO  server.Server (Server.java:doStart(419)) - Started @2706ms
2019-10-30 06:05:24,907 [main] INFO  impl.MetricsSinkAdapter (MetricsSinkAdapter.java:start(204)) - Sink prometheus started
2019-10-30 06:05:24,907 [main] INFO  impl.MetricsSystemImpl (MetricsSystemImpl.java:registerSink(301)) - Registered sink prometheus
2019-10-30 06:05:24,909 [main] INFO  server.BaseHttpServer (BaseHttpServer.java:updateConnectorAddress(215)) - HTTP server of SCM is listening at http://0.0.0.0:37604
2019-10-30 06:05:24,914 [org.apache.hadoop.util.JvmPauseMonitor$Monitor@1a2e2935] INFO  util.JvmPauseMonitor (JvmPauseMonitor.java:run(188)) - Starting JVM pause monitor
2019-10-30 06:05:24,917 [main] WARN  server.ServerUtils (ServerUtils.java:getDBPath(222)) - ozone.om.db.dirs is not configured. We recommend adding this setting. Falling back to ozone.metadata.dirs instead.
2019-10-30 06:05:25,016 [main] INFO  ha.OMHANodeDetails (OMHANodeDetails.java:loadOMHAConfig(190)) - Configuration either no ozone.om.address set. Falling back to the default OM address /127.0.0.1:0
2019-10-30 06:05:25,017 [main] INFO  ha.OMHANodeDetails (OMHANodeDetails.java:getOMNodeDetails(220)) - OM Service ID is not set. Setting it to the default ID: omServiceIdDefault
2019-10-30 06:05:25,018 [main] WARN  server.ServerUtils (ServerUtils.java:getDBPath(222)) - ozone.om.db.dirs is not configured. We recommend adding this setting. Falling back to ozone.metadata.dirs instead.
2019-10-30 06:05:25,019 [main] WARN  server.ServerUtils (ServerUtils.java:getDBPath(222)) - ozone.om.db.dirs is not configured. We recommend adding this setting. Falling back to ozone.metadata.dirs instead.
2019-10-30 06:05:25,585 [main] WARN  server.ServerUtils (ServerUtils.java:getDBPath(222)) - ozone.om.db.dirs is not configured. We recommend adding this setting. Falling back to ozone.metadata.dirs instead.
2019-10-30 06:05:25,593 [main] INFO  db.DBStoreBuilder (DBStoreBuilder.java:addTable(117)) - using custom profile for table: userTable
2019-10-30 06:05:25,593 [main] INFO  db.DBStoreBuilder (DBStoreBuilder.java:processTables(168)) - Using default column profile:DBProfile.DISK for Table:userTable
2019-10-30 06:05:25,593 [main] INFO  db.DBStoreBuilder (DBStoreBuilder.java:addTable(117)) - using custom profile for table: volumeTable
2019-10-30 06:05:25,593 [main] INFO  db.DBStoreBuilder (DBStoreBuilder.java:processTables(168)) - Using default column profile:DBProfile.DISK for Table:volumeTable
2019-10-30 06:05:25,593 [main] INFO  db.DBStoreBuilder (DBStoreBuilder.java:addTable(117)) - using custom profile for table: bucketTable
2019-10-30 06:05:25,594 [main] INFO  db.DBStoreBuilder (DBStoreBuilder.java:processTables(168)) - Using default column profile:DBProfile.DISK for Table:bucketTable
2019-10-30 06:05:25,594 [main] INFO  db.DBStoreBuilder (DBStoreBuilder.java:addTable(117)) - using custom profile for table: keyTable
2019-10-30 06:05:25,594 [main] INFO  db.DBStoreBuilder (DBStoreBuilder.java:processTables(168)) - Using default column profile:DBProfile.DISK for Table:keyTable
2019-10-30 06:05:25,594 [main] INFO  db.DBStoreBuilder (DBStoreBuilder.java:addTable(117)) - using custom profile for table: deletedTable
2019-10-30 06:05:25,595 [main] INFO  db.DBStoreBuilder (DBStoreBuilder.java:processTables(168)) - Using default column profile:DBProfile.DISK for Table:deletedTable
2019-10-30 06:05:25,595 [main] INFO  db.DBStoreBuilder (DBStoreBuilder.java:addTable(117)) - using custom profile for table: openKeyTable
2019-10-30 06:05:25,595 [main] INFO  db.DBStoreBuilder (DBStoreBuilder.java:processTables(168)) - Using default column profile:DBProfile.DISK for Table:openKeyTable
2019-10-30 06:05:25,595 [main] INFO  db.DBStoreBuilder (DBStoreBuilder.java:addTable(117)) - using custom profile for table: s3Table
2019-10-30 06:05:25,595 [main] INFO  db.DBStoreBuilder (DBStoreBuilder.java:processTables(168)) - Using default column profile:DBProfile.DISK for Table:s3Table
2019-10-30 06:05:25,596 [main] INFO  db.DBStoreBuilder (DBStoreBuilder.java:addTable(117)) - using custom profile for table: multipartInfoTable
2019-10-30 06:05:25,596 [main] INFO  db.DBStoreBuilder (DBStoreBuilder.java:processTables(168)) - Using default column profile:DBProfile.DISK for Table:multipartInfoTable
2019-10-30 06:05:25,596 [main] INFO  db.DBStoreBuilder (DBStoreBuilder.java:addTable(117)) - using custom profile for table: dTokenTable
2019-10-30 06:05:25,596 [main] INFO  db.DBStoreBuilder (DBStoreBuilder.java:processTables(168)) - Using default column profile:DBProfile.DISK for Table:dTokenTable
2019-10-30 06:05:25,596 [main] INFO  db.DBStoreBuilder (DBStoreBuilder.java:addTable(117)) - using custom profile for table: s3SecretTable
2019-10-30 06:05:25,597 [main] INFO  db.DBStoreBuilder (DBStoreBuilder.java:processTables(168)) - Using default column profile:DBProfile.DISK for Table:s3SecretTable
2019-10-30 06:05:25,597 [main] INFO  db.DBStoreBuilder (DBStoreBuilder.java:addTable(117)) - using custom profile for table: prefixTable
2019-10-30 06:05:25,597 [main] INFO  db.DBStoreBuilder (DBStoreBuilder.java:processTables(168)) - Using default column profile:DBProfile.DISK for Table:prefixTable
2019-10-30 06:05:25,597 [main] INFO  db.DBStoreBuilder (DBStoreBuilder.java:addTable(117)) - using custom profile for table: default
2019-10-30 06:05:25,597 [main] INFO  db.DBStoreBuilder (DBStoreBuilder.java:processTables(174)) - Using default column profile:DBProfile.DISK for Table:default
2019-10-30 06:05:25,598 [main] INFO  db.DBStoreBuilder (DBStoreBuilder.java:getDbProfile(205)) - Using default options. DBProfile.DISK
2019-10-30 06:05:26,146 [main] INFO  ipc.CallQueueManager (CallQueueManager.java:<init>(84)) - Using callQueue: class java.util.concurrent.LinkedBlockingQueue, queueCapacity: 2000, scheduler: class org.apache.hadoop.ipc.DefaultRpcScheduler, ipcBackoff: false.
2019-10-30 06:05:26,147 [Socket Reader #1 for port 34440] INFO  ipc.Server (Server.java:run(1074)) - Starting Socket Reader #1 for port 34440
2019-10-30 06:05:26,167 [main] INFO  om.OzoneManager (OzoneManager.java:start(1074)) - OzoneManager RPC server is listening at localhost/127.0.0.1:34440
2019-10-30 06:05:26,167 [main] INFO  impl.MetricsSystemImpl (MetricsSystemImpl.java:init(158)) - OzoneManager metrics system started (again)
2019-10-30 06:05:26,174 [IPC Server Responder] INFO  ipc.Server (Server.java:run(1314)) - IPC Server Responder: starting
2019-10-30 06:05:26,175 [IPC Server listener on 34440] INFO  ipc.Server (Server.java:run(1153)) - IPC Server listener on 34440: starting
2019-10-30 06:05:26,180 [main] INFO  hdfs.DFSUtil (DFSUtil.java:httpServerTemplateForNNAndJN(1641)) - Starting Web-server for ozoneManager at: http://0.0.0.0:0
2019-10-30 06:05:26,182 [main] INFO  server.AuthenticationFilter (AuthenticationFilter.java:constructSecretProvider(240)) - Unable to initialize FileSignerSecretProvider, falling back to use random secrets.
2019-10-30 06:05:26,183 [main] WARN  http.HttpRequestLog (HttpRequestLog.java:getRequestLog(97)) - Jetty request log can only be enabled using Log4j
2019-10-30 06:05:26,186 [main] INFO  http.HttpServer2 (HttpServer2.java:addGlobalFilter(975)) - Added global filter 'safety' (class=org.apache.hadoop.http.HttpServer2$QuotingInputFilter)
2019-10-30 06:05:26,187 [main] INFO  http.HttpServer2 (HttpServer2.java:addFilter(948)) - Added filter static_user_filter (class=org.apache.hadoop.http.lib.StaticUserWebFilter$StaticUserFilter) to context ozoneManager
2019-10-30 06:05:26,188 [main] INFO  http.HttpServer2 (HttpServer2.java:addFilter(958)) - Added filter static_user_filter (class=org.apache.hadoop.http.lib.StaticUserWebFilter$StaticUserFilter) to context static
2019-10-30 06:05:26,188 [main] INFO  http.HttpServer2 (HttpServer2.java:addFilter(958)) - Added filter static_user_filter (class=org.apache.hadoop.http.lib.StaticUserWebFilter$StaticUserFilter) to context logs
2019-10-30 06:05:26,191 [main] INFO  http.HttpServer2 (HttpServer2.java:bindListener(1191)) - Jetty bound to port 40034
2019-10-30 06:05:26,191 [main] INFO  server.Server (Server.java:doStart(351)) - jetty-9.3.25.v20180904, build timestamp: 2018-09-04T21:11:46Z, git hash: 3ce520221d0240229c862b122d2b06c12a625732
2019-10-30 06:05:26,193 [main] INFO  handler.ContextHandler (ContextHandler.java:doStart(781)) - Started o.e.j.s.ServletContextHandler@368d5c00{/logs,file:///workdir/hadoop-ozone/integration-test/target/log,AVAILABLE}
2019-10-30 06:05:26,194 [main] INFO  handler.ContextHandler (ContextHandler.java:doStart(781)) - Started o.e.j.s.ServletContextHandler@aa10649{/static,file:///workdir/hadoop-ozone/integration-test/target/test-classes/webapps/static,AVAILABLE}
2019-10-30 06:05:26,201 [main] INFO  handler.ContextHandler (ContextHandler.java:doStart(781)) - Started o.e.j.w.WebAppContext@41aaedaa{/,file:///workdir/hadoop-ozone/integration-test/target/test-classes/webapps/ozoneManager/,AVAILABLE}{/ozoneManager}
2019-10-30 06:05:26,202 [main] INFO  server.AbstractConnector (AbstractConnector.java:doStart(278)) - Started ServerConnector@303a5119{HTTP/1.1,[http/1.1]}{0.0.0.0:40034}
2019-10-30 06:05:26,202 [main] INFO  server.Server (Server.java:doStart(419)) - Started @4003ms
2019-10-30 06:05:26,202 [main] WARN  impl.MetricsSystemImpl (MetricsSystemImpl.java:register(276)) - Sink prometheus already exists!
2019-10-30 06:05:26,203 [main] INFO  server.BaseHttpServer (BaseHttpServer.java:updateConnectorAddress(215)) - HTTP server of OZONEMANAGER is listening at http://0.0.0.0:40034
2019-10-30 06:05:26,470 [main] INFO  impl.MetricsSystemImpl (MetricsSystemImpl.java:init(158)) - HddsDatanode metrics system started (again)
2019-10-30 06:05:26,513 [main] INFO  ozone.HddsDatanodeService (HddsDatanodeService.java:start(184)) - HddsDatanodeService host:pr-hdds-1643-9kfsj-1164326334 ip:192.168.34.21
2019-10-30 06:05:26,548 [main] INFO  volume.HddsVolume (HddsVolume.java:<init>(176)) - Creating Volume: /workdir/hadoop-ozone/integration-test/target/test-dir/MiniOzoneClusterImpl-9b19e524-011a-4190-a309-f47c35af0e4e/datanode-0/data/containers/hdds of  storage type : DISK and capacity : 1482555576320
2019-10-30 06:05:26,551 [main] INFO  volume.VolumeSet (VolumeSet.java:initializeVolumeSet(170)) - Added Volume : /workdir/hadoop-ozone/integration-test/target/test-dir/MiniOzoneClusterImpl-9b19e524-011a-4190-a309-f47c35af0e4e/datanode-0/data/containers/hdds to VolumeSet
2019-10-30 06:05:26,554 [main] INFO  volume.ThrottledAsyncChecker (ThrottledAsyncChecker.java:schedule(141)) - Scheduling a check for /workdir/hadoop-ozone/integration-test/target/test-dir/MiniOzoneClusterImpl-9b19e524-011a-4190-a309-f47c35af0e4e/datanode-0/data/containers/hdds
2019-10-30 06:05:26,572 [main] INFO  volume.HddsVolumeChecker (HddsVolumeChecker.java:checkAllVolumes(204)) - Scheduled health check for volume /workdir/hadoop-ozone/integration-test/target/test-dir/MiniOzoneClusterImpl-9b19e524-011a-4190-a309-f47c35af0e4e/datanode-0/data/containers/hdds
2019-10-30 06:05:26,682 [main] INFO  impl.RaftServerProxy (ConfUtils.java:logGet(43)) - raft.rpc.type = GRPC (default)
2019-10-30 06:05:26,743 [main] INFO  grpc.GrpcFactory (GrpcFactory.java:checkPooledByteBufAllocatorUseCacheForAllThreads(45)) - PERFORMANCE WARNING: useCacheForAllThreads is true that may cause Netty to create a lot garbage objects and, as a result, trigger GC.
	It is recommended to disable useCacheForAllThreads by setting -Dorg.apache.ratis.thirdparty.io.netty.allocator.useCacheForAllThreads=false in command line.
2019-10-30 06:05:26,748 [main] INFO  grpc.GrpcConfigKeys$Server (ConfUtils.java:logGet(43)) - raft.grpc.server.port = 0 (default)
2019-10-30 06:05:26,749 [main] INFO  server.GrpcService (ConfUtils.java:logGet(43)) - raft.grpc.message.size.max = 33570816 (custom)
2019-10-30 06:05:26,750 [main] INFO  server.RaftServerConfigKeys (ConfUtils.java:logGet(43)) - raft.server.log.appender.buffer.byte-limit = 33554432 (custom)
2019-10-30 06:05:26,751 [main] INFO  server.GrpcService (ConfUtils.java:logGet(43)) - raft.grpc.flow.control.window = 1MB (=1048576) (default)
2019-10-30 06:05:26,752 [main] INFO  server.RaftServerConfigKeys (ConfUtils.java:logGet(43)) - raft.server.rpc.request.timeout = 3000ms (default)
2019-10-30 06:05:26,902 [main] INFO  server.RaftServerConfigKeys (ConfUtils.java:logGet(43)) - raft.server.storage.dir = [/workdir/hadoop-ozone/integration-test/target/test-dir/MiniOzoneClusterImpl-9b19e524-011a-4190-a309-f47c35af0e4e/datanode-0/data/ratis] (custom)
2019-10-30 06:05:26,957 [main] INFO  hdfs.DFSUtil (DFSUtil.java:httpServerTemplateForNNAndJN(1641)) - Starting Web-server for hddsDatanode at: http://0.0.0.0:0
2019-10-30 06:05:26,959 [main] INFO  server.AuthenticationFilter (AuthenticationFilter.java:constructSecretProvider(240)) - Unable to initialize FileSignerSecretProvider, falling back to use random secrets.
2019-10-30 06:05:26,959 [main] WARN  http.HttpRequestLog (HttpRequestLog.java:getRequestLog(97)) - Jetty request log can only be enabled using Log4j
2019-10-30 06:05:26,962 [main] INFO  http.HttpServer2 (HttpServer2.java:addGlobalFilter(975)) - Added global filter 'safety' (class=org.apache.hadoop.http.HttpServer2$QuotingInputFilter)
2019-10-30 06:05:26,962 [main] INFO  http.HttpServer2 (HttpServer2.java:addFilter(948)) - Added filter static_user_filter (class=org.apache.hadoop.http.lib.StaticUserWebFilter$StaticUserFilter) to context hddsDatanode
2019-10-30 06:05:26,963 [main] INFO  http.HttpServer2 (HttpServer2.java:addFilter(958)) - Added filter static_user_filter (class=org.apache.hadoop.http.lib.StaticUserWebFilter$StaticUserFilter) to context static
2019-10-30 06:05:26,963 [main] INFO  http.HttpServer2 (HttpServer2.java:addFilter(958)) - Added filter static_user_filter (class=org.apache.hadoop.http.lib.StaticUserWebFilter$StaticUserFilter) to context logs
2019-10-30 06:05:26,964 [main] INFO  http.HttpServer2 (HttpServer2.java:bindListener(1191)) - Jetty bound to port 41781
2019-10-30 06:05:26,964 [main] INFO  server.Server (Server.java:doStart(351)) - jetty-9.3.25.v20180904, build timestamp: 2018-09-04T21:11:46Z, git hash: 3ce520221d0240229c862b122d2b06c12a625732
2019-10-30 06:05:26,967 [main] INFO  handler.ContextHandler (ContextHandler.java:doStart(781)) - Started o.e.j.s.ServletContextHandler@46185a1b{/logs,file:///workdir/hadoop-ozone/integration-test/target/log,AVAILABLE}
2019-10-30 06:05:26,967 [main] INFO  handler.ContextHandler (ContextHandler.java:doStart(781)) - Started o.e.j.s.ServletContextHandler@60cf62ad{/static,jar:file:/home/user/.m2/repository/org/apache/hadoop/hadoop-hdds-container-service/0.5.0-SNAPSHOT/hadoop-hdds-container-service-0.5.0-SNAPSHOT.jar!/webapps/static,AVAILABLE}
2019-10-30 06:05:27,006 [main] INFO  handler.ContextHandler (ContextHandler.java:doStart(781)) - Started o.e.j.w.WebAppContext@1aabf50d{/,file:///tmp/jetty-0.0.0.0-41781-hddsDatanode-_-any-2748173343622954471.dir/webapp/,AVAILABLE}{/hddsDatanode}
2019-10-30 06:05:27,007 [main] INFO  server.AbstractConnector (AbstractConnector.java:doStart(278)) - Started ServerConnector@73c9e8e8{HTTP/1.1,[http/1.1]}{0.0.0.0:41781}
2019-10-30 06:05:27,007 [main] INFO  server.Server (Server.java:doStart(419)) - Started @4808ms
2019-10-30 06:05:27,008 [main] WARN  impl.MetricsSystemImpl (MetricsSystemImpl.java:register(276)) - Sink prometheus already exists!
2019-10-30 06:05:27,009 [main] INFO  server.BaseHttpServer (BaseHttpServer.java:updateConnectorAddress(215)) - HTTP server of HDDSDATANODE is listening at http://0.0.0.0:41781
2019-10-30 06:05:27,011 [main] INFO  impl.MetricsSystemImpl (MetricsSystemImpl.java:init(158)) - HddsDatanode metrics system started (again)
2019-10-30 06:05:27,013 [main] INFO  ozone.HddsDatanodeService (HddsDatanodeService.java:start(184)) - HddsDatanodeService host:pr-hdds-1643-9kfsj-1164326334 ip:192.168.34.21
2019-10-30 06:05:27,014 [org.apache.hadoop.util.JvmPauseMonitor$Monitor@63f508ad] INFO  util.JvmPauseMonitor (JvmPauseMonitor.java:run(188)) - Starting JVM pause monitor
2019-10-30 06:05:27,022 [main] INFO  volume.HddsVolume (HddsVolume.java:<init>(176)) - Creating Volume: /workdir/hadoop-ozone/integration-test/target/test-dir/MiniOzoneClusterImpl-9b19e524-011a-4190-a309-f47c35af0e4e/datanode-1/data/containers/hdds of  storage type : DISK and capacity : 1482555576320
2019-10-30 06:05:27,022 [main] INFO  volume.VolumeSet (VolumeSet.java:initializeVolumeSet(170)) - Added Volume : /workdir/hadoop-ozone/integration-test/target/test-dir/MiniOzoneClusterImpl-9b19e524-011a-4190-a309-f47c35af0e4e/datanode-1/data/containers/hdds to VolumeSet
2019-10-30 06:05:27,022 [main] INFO  volume.ThrottledAsyncChecker (ThrottledAsyncChecker.java:schedule(141)) - Scheduling a check for /workdir/hadoop-ozone/integration-test/target/test-dir/MiniOzoneClusterImpl-9b19e524-011a-4190-a309-f47c35af0e4e/datanode-1/data/containers/hdds
2019-10-30 06:05:27,023 [main] INFO  volume.HddsVolumeChecker (HddsVolumeChecker.java:checkAllVolumes(204)) - Scheduled health check for volume /workdir/hadoop-ozone/integration-test/target/test-dir/MiniOzoneClusterImpl-9b19e524-011a-4190-a309-f47c35af0e4e/datanode-1/data/containers/hdds
2019-10-30 06:05:27,037 [main] INFO  impl.RaftServerProxy (ConfUtils.java:logGet(43)) - raft.rpc.type = GRPC (default)
2019-10-30 06:05:27,038 [main] INFO  grpc.GrpcFactory (GrpcFactory.java:checkPooledByteBufAllocatorUseCacheForAllThreads(45)) - PERFORMANCE WARNING: useCacheForAllThreads is true that may cause Netty to create a lot garbage objects and, as a result, trigger GC.
	It is recommended to disable useCacheForAllThreads by setting -Dorg.apache.ratis.thirdparty.io.netty.allocator.useCacheForAllThreads=false in command line.
2019-10-30 06:05:27,038 [main] INFO  grpc.GrpcConfigKeys$Server (ConfUtils.java:logGet(43)) - raft.grpc.server.port = 0 (default)
2019-10-30 06:05:27,038 [main] INFO  server.GrpcService (ConfUtils.java:logGet(43)) - raft.grpc.message.size.max = 33570816 (custom)
2019-10-30 06:05:27,038 [main] INFO  server.RaftServerConfigKeys (ConfUtils.java:logGet(43)) - raft.server.log.appender.buffer.byte-limit = 33554432 (custom)
2019-10-30 06:05:27,038 [main] INFO  server.GrpcService (ConfUtils.java:logGet(43)) - raft.grpc.flow.control.window = 1MB (=1048576) (default)
2019-10-30 06:05:27,039 [main] INFO  server.RaftServerConfigKeys (ConfUtils.java:logGet(43)) - raft.server.rpc.request.timeout = 3000ms (default)
2019-10-30 06:05:27,039 [main] INFO  server.RaftServerConfigKeys (ConfUtils.java:logGet(43)) - raft.server.storage.dir = [/workdir/hadoop-ozone/integration-test/target/test-dir/MiniOzoneClusterImpl-9b19e524-011a-4190-a309-f47c35af0e4e/datanode-1/data/ratis] (custom)
2019-10-30 06:05:27,041 [main] INFO  hdfs.DFSUtil (DFSUtil.java:httpServerTemplateForNNAndJN(1641)) - Starting Web-server for hddsDatanode at: http://0.0.0.0:0
2019-10-30 06:05:27,043 [main] INFO  server.AuthenticationFilter (AuthenticationFilter.java:constructSecretProvider(240)) - Unable to initialize FileSignerSecretProvider, falling back to use random secrets.
2019-10-30 06:05:27,044 [main] WARN  http.HttpRequestLog (HttpRequestLog.java:getRequestLog(97)) - Jetty request log can only be enabled using Log4j
2019-10-30 06:05:27,047 [main] INFO  http.HttpServer2 (HttpServer2.java:addGlobalFilter(975)) - Added global filter 'safety' (class=org.apache.hadoop.http.HttpServer2$QuotingInputFilter)
2019-10-30 06:05:27,048 [main] INFO  http.HttpServer2 (HttpServer2.java:addFilter(948)) - Added filter static_user_filter (class=org.apache.hadoop.http.lib.StaticUserWebFilter$StaticUserFilter) to context hddsDatanode
2019-10-30 06:05:27,049 [main] INFO  http.HttpServer2 (HttpServer2.java:addFilter(958)) - Added filter static_user_filter (class=org.apache.hadoop.http.lib.StaticUserWebFilter$StaticUserFilter) to context logs
2019-10-30 06:05:27,049 [main] INFO  http.HttpServer2 (HttpServer2.java:addFilter(958)) - Added filter static_user_filter (class=org.apache.hadoop.http.lib.StaticUserWebFilter$StaticUserFilter) to context static
2019-10-30 06:05:27,050 [main] INFO  http.HttpServer2 (HttpServer2.java:bindListener(1191)) - Jetty bound to port 36368
2019-10-30 06:05:27,050 [main] INFO  server.Server (Server.java:doStart(351)) - jetty-9.3.25.v20180904, build timestamp: 2018-09-04T21:11:46Z, git hash: 3ce520221d0240229c862b122d2b06c12a625732
2019-10-30 06:05:27,053 [main] INFO  handler.ContextHandler (ContextHandler.java:doStart(781)) - Started o.e.j.s.ServletContextHandler@6a472566{/logs,file:///workdir/hadoop-ozone/integration-test/target/log,AVAILABLE}
2019-10-30 06:05:27,054 [main] INFO  handler.ContextHandler (ContextHandler.java:doStart(781)) - Started o.e.j.s.ServletContextHandler@5e65afb6{/static,jar:file:/home/user/.m2/repository/org/apache/hadoop/hadoop-hdds-container-service/0.5.0-SNAPSHOT/hadoop-hdds-container-service-0.5.0-SNAPSHOT.jar!/webapps/static,AVAILABLE}
2019-10-30 06:05:27,089 [main] INFO  handler.ContextHandler (ContextHandler.java:doStart(781)) - Started o.e.j.w.WebAppContext@5c77ba8f{/,file:///tmp/jetty-0.0.0.0-36368-hddsDatanode-_-any-4754354064029939301.dir/webapp/,AVAILABLE}{/hddsDatanode}
2019-10-30 06:05:27,090 [main] INFO  server.AbstractConnector (AbstractConnector.java:doStart(278)) - Started ServerConnector@660f0c{HTTP/1.1,[http/1.1]}{0.0.0.0:36368}
2019-10-30 06:05:27,090 [main] INFO  server.Server (Server.java:doStart(419)) - Started @4891ms
2019-10-30 06:05:27,090 [main] WARN  impl.MetricsSystemImpl (MetricsSystemImpl.java:register(276)) - Sink prometheus already exists!
2019-10-30 06:05:27,091 [main] INFO  server.BaseHttpServer (BaseHttpServer.java:updateConnectorAddress(215)) - HTTP server of HDDSDATANODE is listening at http://0.0.0.0:36368
2019-10-30 06:05:27,092 [main] INFO  impl.MetricsSystemImpl (MetricsSystemImpl.java:init(158)) - HddsDatanode metrics system started (again)
2019-10-30 06:05:27,094 [main] INFO  ozone.HddsDatanodeService (HddsDatanodeService.java:start(184)) - HddsDatanodeService host:pr-hdds-1643-9kfsj-1164326334 ip:192.168.34.21
2019-10-30 06:05:27,094 [org.apache.hadoop.util.JvmPauseMonitor$Monitor@1d16865a] INFO  util.JvmPauseMonitor (JvmPauseMonitor.java:run(188)) - Starting JVM pause monitor
2019-10-30 06:05:27,101 [main] INFO  volume.HddsVolume (HddsVolume.java:<init>(176)) - Creating Volume: /workdir/hadoop-ozone/integration-test/target/test-dir/MiniOzoneClusterImpl-9b19e524-011a-4190-a309-f47c35af0e4e/datanode-2/data/containers/hdds of  storage type : DISK and capacity : 1482555576320
2019-10-30 06:05:27,102 [main] INFO  volume.VolumeSet (VolumeSet.java:initializeVolumeSet(170)) - Added Volume : /workdir/hadoop-ozone/integration-test/target/test-dir/MiniOzoneClusterImpl-9b19e524-011a-4190-a309-f47c35af0e4e/datanode-2/data/containers/hdds to VolumeSet
2019-10-30 06:05:27,102 [main] INFO  volume.ThrottledAsyncChecker (ThrottledAsyncChecker.java:schedule(141)) - Scheduling a check for /workdir/hadoop-ozone/integration-test/target/test-dir/MiniOzoneClusterImpl-9b19e524-011a-4190-a309-f47c35af0e4e/datanode-2/data/containers/hdds
2019-10-30 06:05:27,102 [main] INFO  volume.HddsVolumeChecker (HddsVolumeChecker.java:checkAllVolumes(204)) - Scheduled health check for volume /workdir/hadoop-ozone/integration-test/target/test-dir/MiniOzoneClusterImpl-9b19e524-011a-4190-a309-f47c35af0e4e/datanode-2/data/containers/hdds
2019-10-30 06:05:27,116 [main] INFO  impl.RaftServerProxy (ConfUtils.java:logGet(43)) - raft.rpc.type = GRPC (default)
2019-10-30 06:05:27,116 [main] INFO  grpc.GrpcFactory (GrpcFactory.java:checkPooledByteBufAllocatorUseCacheForAllThreads(45)) - PERFORMANCE WARNING: useCacheForAllThreads is true that may cause Netty to create a lot garbage objects and, as a result, trigger GC.
	It is recommended to disable useCacheForAllThreads by setting -Dorg.apache.ratis.thirdparty.io.netty.allocator.useCacheForAllThreads=false in command line.
2019-10-30 06:05:27,117 [main] INFO  grpc.GrpcConfigKeys$Server (ConfUtils.java:logGet(43)) - raft.grpc.server.port = 0 (default)
2019-10-30 06:05:27,117 [main] INFO  server.GrpcService (ConfUtils.java:logGet(43)) - raft.grpc.message.size.max = 33570816 (custom)
2019-10-30 06:05:27,117 [main] INFO  server.RaftServerConfigKeys (ConfUtils.java:logGet(43)) - raft.server.log.appender.buffer.byte-limit = 33554432 (custom)
2019-10-30 06:05:27,117 [main] INFO  server.GrpcService (ConfUtils.java:logGet(43)) - raft.grpc.flow.control.window = 1MB (=1048576) (default)
2019-10-30 06:05:27,117 [main] INFO  server.RaftServerConfigKeys (ConfUtils.java:logGet(43)) - raft.server.rpc.request.timeout = 3000ms (default)
2019-10-30 06:05:27,118 [main] INFO  server.RaftServerConfigKeys (ConfUtils.java:logGet(43)) - raft.server.storage.dir = [/workdir/hadoop-ozone/integration-test/target/test-dir/MiniOzoneClusterImpl-9b19e524-011a-4190-a309-f47c35af0e4e/datanode-2/data/ratis] (custom)
2019-10-30 06:05:27,120 [main] INFO  hdfs.DFSUtil (DFSUtil.java:httpServerTemplateForNNAndJN(1641)) - Starting Web-server for hddsDatanode at: http://0.0.0.0:0
2019-10-30 06:05:27,121 [Datanode State Machine Thread - 0] INFO  datanode.InitDatanodeState (InitDatanodeState.java:persistContainerDatanodeDetails(140)) - DatanodeDetails is persisted to /workdir/hadoop-ozone/integration-test/target/test-dir/MiniOzoneClusterImpl-9b19e524-011a-4190-a309-f47c35af0e4e/datanode-0/meta/datanode.id
2019-10-30 06:05:27,123 [main] INFO  server.AuthenticationFilter (AuthenticationFilter.java:constructSecretProvider(240)) - Unable to initialize FileSignerSecretProvider, falling back to use random secrets.
2019-10-30 06:05:27,124 [main] WARN  http.HttpRequestLog (HttpRequestLog.java:getRequestLog(97)) - Jetty request log can only be enabled using Log4j
2019-10-30 06:05:27,125 [Datanode State Machine Thread - 0] INFO  datanode.InitDatanodeState (InitDatanodeState.java:persistContainerDatanodeDetails(140)) - DatanodeDetails is persisted to /workdir/hadoop-ozone/integration-test/target/test-dir/MiniOzoneClusterImpl-9b19e524-011a-4190-a309-f47c35af0e4e/datanode-1/meta/datanode.id
2019-10-30 06:05:27,126 [main] INFO  http.HttpServer2 (HttpServer2.java:addGlobalFilter(975)) - Added global filter 'safety' (class=org.apache.hadoop.http.HttpServer2$QuotingInputFilter)
2019-10-30 06:05:27,126 [main] INFO  http.HttpServer2 (HttpServer2.java:addFilter(948)) - Added filter static_user_filter (class=org.apache.hadoop.http.lib.StaticUserWebFilter$StaticUserFilter) to context hddsDatanode
2019-10-30 06:05:27,126 [main] INFO  http.HttpServer2 (HttpServer2.java:addFilter(958)) - Added filter static_user_filter (class=org.apache.hadoop.http.lib.StaticUserWebFilter$StaticUserFilter) to context static
2019-10-30 06:05:27,127 [main] INFO  http.HttpServer2 (HttpServer2.java:addFilter(958)) - Added filter static_user_filter (class=org.apache.hadoop.http.lib.StaticUserWebFilter$StaticUserFilter) to context logs
2019-10-30 06:05:27,127 [main] INFO  http.HttpServer2 (HttpServer2.java:bindListener(1191)) - Jetty bound to port 39703
2019-10-30 06:05:27,127 [main] INFO  server.Server (Server.java:doStart(351)) - jetty-9.3.25.v20180904, build timestamp: 2018-09-04T21:11:46Z, git hash: 3ce520221d0240229c862b122d2b06c12a625732
2019-10-30 06:05:27,131 [main] INFO  handler.ContextHandler (ContextHandler.java:doStart(781)) - Started o.e.j.s.ServletContextHandler@46c269e0{/logs,file:///workdir/hadoop-ozone/integration-test/target/log,AVAILABLE}
2019-10-30 06:05:27,132 [main] INFO  handler.ContextHandler (ContextHandler.java:doStart(781)) - Started o.e.j.s.ServletContextHandler@6069dd38{/static,jar:file:/home/user/.m2/repository/org/apache/hadoop/hadoop-hdds-container-service/0.5.0-SNAPSHOT/hadoop-hdds-container-service-0.5.0-SNAPSHOT.jar!/webapps/static,AVAILABLE}
2019-10-30 06:05:27,162 [main] INFO  handler.ContextHandler (ContextHandler.java:doStart(781)) - Started o.e.j.w.WebAppContext@476fe690{/,file:///tmp/jetty-0.0.0.0-39703-hddsDatanode-_-any-6876519909448630439.dir/webapp/,AVAILABLE}{/hddsDatanode}
2019-10-30 06:05:27,163 [main] INFO  server.AbstractConnector (AbstractConnector.java:doStart(278)) - Started ServerConnector@7a0e7ecd{HTTP/1.1,[http/1.1]}{0.0.0.0:39703}
2019-10-30 06:05:27,163 [main] INFO  server.Server (Server.java:doStart(419)) - Started @4964ms
2019-10-30 06:05:27,164 [main] WARN  impl.MetricsSystemImpl (MetricsSystemImpl.java:register(276)) - Sink prometheus already exists!
2019-10-30 06:05:27,165 [main] INFO  server.BaseHttpServer (BaseHttpServer.java:updateConnectorAddress(215)) - HTTP server of HDDSDATANODE is listening at http://0.0.0.0:39703
2019-10-30 06:05:27,166 [main] INFO  ozone.MiniOzoneClusterImpl (MiniOzoneClusterImpl.java:lambda$waitForClusterToBeReady$0(147)) - Waiting for cluster to be ready. Got 0 of 3 DN Heartbeats.
2019-10-30 06:05:27,168 [org.apache.hadoop.util.JvmPauseMonitor$Monitor@66b30525] INFO  util.JvmPauseMonitor (JvmPauseMonitor.java:run(188)) - Starting JVM pause monitor
2019-10-30 06:05:27,171 [Datanode State Machine Thread - 0] INFO  datanode.InitDatanodeState (InitDatanodeState.java:persistContainerDatanodeDetails(140)) - DatanodeDetails is persisted to /workdir/hadoop-ozone/integration-test/target/test-dir/MiniOzoneClusterImpl-9b19e524-011a-4190-a309-f47c35af0e4e/datanode-2/meta/datanode.id
2019-10-30 06:05:28,167 [main] INFO  ozone.MiniOzoneClusterImpl (MiniOzoneClusterImpl.java:lambda$waitForClusterToBeReady$0(147)) - Waiting for cluster to be ready. Got 0 of 3 DN Heartbeats.
2019-10-30 06:05:29,098 [Datanode State Machine Thread - 0] INFO  ozoneimpl.OzoneContainer (OzoneContainer.java:start(213)) - Attempting to start container services.
2019-10-30 06:05:29,100 [Datanode State Machine Thread - 0] INFO  ozoneimpl.OzoneContainer (OzoneContainer.java:startContainerScrub(177)) - Background container scanner has been disabled.
2019-10-30 06:05:29,101 [Datanode State Machine Thread - 0] INFO  ratis.XceiverServerRatis (XceiverServerRatis.java:start(418)) - Starting XceiverServerRatis 78a2ca6d-ab27-408c-be71-e2595a145569 at port 0
2019-10-30 06:05:29,111 [Datanode State Machine Thread - 0] INFO  ozoneimpl.OzoneContainer (OzoneContainer.java:start(213)) - Attempting to start container services.
2019-10-30 06:05:29,116 [Datanode State Machine Thread - 0] INFO  ozoneimpl.OzoneContainer (OzoneContainer.java:startContainerScrub(177)) - Background container scanner has been disabled.
2019-10-30 06:05:29,116 [Datanode State Machine Thread - 0] INFO  ratis.XceiverServerRatis (XceiverServerRatis.java:start(418)) - Starting XceiverServerRatis 4b4c7497-a7ec-4f2a-a6c9-18b9f4a92a5f at port 0
2019-10-30 06:05:29,123 [Datanode State Machine Thread - 0] INFO  impl.RaftServerProxy (RaftServerProxy.java:lambda$start$3(299)) - 78a2ca6d-ab27-408c-be71-e2595a145569: start RPC server
2019-10-30 06:05:29,125 [Datanode State Machine Thread - 0] INFO  impl.RaftServerProxy (RaftServerProxy.java:lambda$start$3(299)) - 4b4c7497-a7ec-4f2a-a6c9-18b9f4a92a5f: start RPC server
2019-10-30 06:05:29,168 [main] INFO  ozone.MiniOzoneClusterImpl (MiniOzoneClusterImpl.java:lambda$waitForClusterToBeReady$0(147)) - Waiting for cluster to be ready. Got 0 of 3 DN Heartbeats.
2019-10-30 06:05:29,183 [Datanode State Machine Thread - 0] INFO  ozoneimpl.OzoneContainer (OzoneContainer.java:start(213)) - Attempting to start container services.
2019-10-30 06:05:29,185 [Datanode State Machine Thread - 0] INFO  ozoneimpl.OzoneContainer (OzoneContainer.java:startContainerScrub(177)) - Background container scanner has been disabled.
2019-10-30 06:05:29,185 [Datanode State Machine Thread - 0] INFO  ratis.XceiverServerRatis (XceiverServerRatis.java:start(418)) - Starting XceiverServerRatis 47e59444-ad4b-4d8b-b6f4-160f3329f764 at port 0
2019-10-30 06:05:29,192 [Datanode State Machine Thread - 0] INFO  impl.RaftServerProxy (RaftServerProxy.java:lambda$start$3(299)) - 47e59444-ad4b-4d8b-b6f4-160f3329f764: start RPC server
2019-10-30 06:05:29,272 [Datanode State Machine Thread - 0] INFO  server.GrpcService (GrpcService.java:startImpl(158)) - 47e59444-ad4b-4d8b-b6f4-160f3329f764: GrpcService started, listening on 0.0.0.0/0.0.0.0:39722
2019-10-30 06:05:29,272 [Datanode State Machine Thread - 0] INFO  server.GrpcService (GrpcService.java:startImpl(158)) - 78a2ca6d-ab27-408c-be71-e2595a145569: GrpcService started, listening on 0.0.0.0/0.0.0.0:37717
2019-10-30 06:05:29,272 [Datanode State Machine Thread - 0] INFO  server.GrpcService (GrpcService.java:startImpl(158)) - 4b4c7497-a7ec-4f2a-a6c9-18b9f4a92a5f: GrpcService started, listening on 0.0.0.0/0.0.0.0:41258
2019-10-30 06:05:29,273 [Datanode State Machine Thread - 0] INFO  ratis.XceiverServerRatis (XceiverServerRatis.java:start(428)) - XceiverServerRatis 78a2ca6d-ab27-408c-be71-e2595a145569 is started using port 37717
2019-10-30 06:05:29,273 [Datanode State Machine Thread - 0] INFO  ratis.XceiverServerRatis (XceiverServerRatis.java:start(428)) - XceiverServerRatis 47e59444-ad4b-4d8b-b6f4-160f3329f764 is started using port 39722
2019-10-30 06:05:29,273 [Datanode State Machine Thread - 0] INFO  ratis.XceiverServerRatis (XceiverServerRatis.java:start(428)) - XceiverServerRatis 4b4c7497-a7ec-4f2a-a6c9-18b9f4a92a5f is started using port 41258
2019-10-30 06:05:29,278 [Datanode State Machine Thread - 0] INFO  server.XceiverServerGrpc (XceiverServerGrpc.java:start(149)) - XceiverServerGrpc 78a2ca6d-ab27-408c-be71-e2595a145569 is started using port 37484
2019-10-30 06:05:29,278 [Datanode State Machine Thread - 0] INFO  server.XceiverServerGrpc (XceiverServerGrpc.java:start(149)) - XceiverServerGrpc 47e59444-ad4b-4d8b-b6f4-160f3329f764 is started using port 37699
2019-10-30 06:05:29,279 [Datanode State Machine Thread - 0] INFO  server.XceiverServerGrpc (XceiverServerGrpc.java:start(149)) - XceiverServerGrpc 4b4c7497-a7ec-4f2a-a6c9-18b9f4a92a5f is started using port 36066
2019-10-30 06:05:30,168 [main] INFO  ozone.MiniOzoneClusterImpl (MiniOzoneClusterImpl.java:lambda$waitForClusterToBeReady$0(147)) - Waiting for cluster to be ready. Got 0 of 3 DN Heartbeats.
2019-10-30 06:05:31,039 [IPC Server handler 0 on 44805] INFO  net.NetworkTopology (NetworkTopologyImpl.java:add(111)) - Added a new node: /default-rack/78a2ca6d-ab27-408c-be71-e2595a145569
2019-10-30 06:05:31,039 [IPC Server handler 0 on 44805] INFO  node.SCMNodeManager (SCMNodeManager.java:register(268)) - Registered Data node : 78a2ca6d-ab27-408c-be71-e2595a145569{ip: 192.168.34.21, host: pr-hdds-1643-9kfsj-1164326334, networkLocation: /default-rack, certSerialId: null}
2019-10-30 06:05:31,042 [EventQueue-NodeRegistrationContainerReportForDataNodeSafeModeRule] INFO  safemode.SCMSafeModeManager (DataNodeSafeModeRule.java:process(71)) - SCM in safe mode. 1 DataNodes registered, 1 required.
2019-10-30 06:05:31,042 [EventQueue-NodeRegistrationContainerReportForDataNodeSafeModeRule] INFO  safemode.SCMSafeModeManager (SCMSafeModeManager.java:validateSafeModeExitRules(177)) - ScmSafeModeManager, all rules are successfully validated
2019-10-30 06:05:31,043 [EventQueue-NodeRegistrationContainerReportForDataNodeSafeModeRule] INFO  safemode.SCMSafeModeManager (SCMSafeModeManager.java:exitSafeMode(193)) - SCM exiting safe mode.
2019-10-30 06:05:31,096 [IPC Server handler 2 on 44805] INFO  net.NetworkTopology (NetworkTopologyImpl.java:add(111)) - Added a new node: /default-rack/4b4c7497-a7ec-4f2a-a6c9-18b9f4a92a5f
2019-10-30 06:05:31,097 [IPC Server handler 2 on 44805] INFO  node.SCMNodeManager (SCMNodeManager.java:register(268)) - Registered Data node : 4b4c7497-a7ec-4f2a-a6c9-18b9f4a92a5f{ip: 192.168.34.21, host: pr-hdds-1643-9kfsj-1164326334, networkLocation: /default-rack, certSerialId: null}
2019-10-30 06:05:31,168 [main] INFO  ozone.MiniOzoneClusterImpl (MiniOzoneClusterImpl.java:lambda$waitForClusterToBeReady$0(147)) - Waiting for cluster to be ready. Got 2 of 3 DN Heartbeats.
2019-10-30 06:05:31,171 [IPC Server handler 1 on 44805] INFO  net.NetworkTopology (NetworkTopologyImpl.java:add(111)) - Added a new node: /default-rack/47e59444-ad4b-4d8b-b6f4-160f3329f764
2019-10-30 06:05:31,171 [IPC Server handler 1 on 44805] INFO  node.SCMNodeManager (SCMNodeManager.java:register(268)) - Registered Data node : 47e59444-ad4b-4d8b-b6f4-160f3329f764{ip: 192.168.34.21, host: pr-hdds-1643-9kfsj-1164326334, networkLocation: /default-rack, certSerialId: null}
2019-10-30 06:05:31,459 [grpc-default-executor-0] INFO  impl.RaftServerProxy (RaftServerProxy.java:addNew(89)) - 78a2ca6d-ab27-408c-be71-e2595a145569: addNew group-B6C7AD952992:[78a2ca6d-ab27-408c-be71-e2595a145569:192.168.34.21:37717] returns group-B6C7AD952992:java.util.concurrent.CompletableFuture@107ac1ff[Not completed]
2019-10-30 06:05:31,468 [pool-27-thread-1] INFO  impl.RaftServerImpl (RaftServerImpl.java:<init>(104)) - 78a2ca6d-ab27-408c-be71-e2595a145569: new RaftServerImpl for group-B6C7AD952992:[78a2ca6d-ab27-408c-be71-e2595a145569:192.168.34.21:37717] with ContainerStateMachine:uninitialized
2019-10-30 06:05:31,470 [pool-27-thread-1] INFO  server.RaftServerConfigKeys (ConfUtils.java:logGet(43)) - raft.server.rpc.timeout.min = 5s (custom)
2019-10-30 06:05:31,471 [pool-27-thread-1] INFO  server.RaftServerConfigKeys (ConfUtils.java:logGet(43)) - raft.server.rpc.timeout.max = 5200ms (custom)
2019-10-30 06:05:31,471 [pool-27-thread-1] INFO  server.RaftServerConfigKeys (ConfUtils.java:logGet(43)) - raft.server.rpcslowness.timeout = 1000s (custom)
2019-10-30 06:05:31,471 [pool-27-thread-1] INFO  server.RaftServerConfigKeys (ConfUtils.java:logGet(43)) - raft.server.sleep.deviation.threshold = 300 (default)
2019-10-30 06:05:31,472 [pool-27-thread-1] INFO  server.RaftServerConfigKeys (ConfUtils.java:logGet(43)) - raft.server.log.appender.install.snapshot.enabled = false (custom)
2019-10-30 06:05:31,478 [pool-27-thread-1] INFO  impl.RaftServerImpl (ServerState.java:<init>(103)) - 78a2ca6d-ab27-408c-be71-e2595a145569@group-B6C7AD952992: ConfigurationManager, init=-1: [78a2ca6d-ab27-408c-be71-e2595a145569:192.168.34.21:37717], old=null, confs=<EMPTY_MAP>
2019-10-30 06:05:31,478 [pool-27-thread-1] INFO  server.RaftServerConfigKeys (ConfUtils.java:logGet(43)) - raft.server.storage.dir = [/workdir/hadoop-ozone/integration-test/target/test-dir/MiniOzoneClusterImpl-9b19e524-011a-4190-a309-f47c35af0e4e/datanode-0/data/ratis] (custom)
2019-10-30 06:05:31,483 [pool-27-thread-1] INFO  server.RaftServerConfigKeys (ConfUtils.java:logGet(43)) - raft.server.log.corruption.policy = EXCEPTION (default)
2019-10-30 06:05:31,485 [pool-27-thread-1] INFO  storage.RaftStorageDirectory (RaftStorageDirectory.java:analyzeStorage(246)) - The storage directory /workdir/hadoop-ozone/integration-test/target/test-dir/MiniOzoneClusterImpl-9b19e524-011a-4190-a309-f47c35af0e4e/datanode-0/data/ratis/b58bb5b3-dd26-48fa-ba1b-b6c7ad952992 does not exist. Creating ...
2019-10-30 06:05:31,501 [pool-27-thread-1] INFO  storage.RaftStorageDirectory (RaftStorageDirectory.java:tryLock(328)) - Lock on /workdir/hadoop-ozone/integration-test/target/test-dir/MiniOzoneClusterImpl-9b19e524-011a-4190-a309-f47c35af0e4e/datanode-0/data/ratis/b58bb5b3-dd26-48fa-ba1b-b6c7ad952992/in_use.lock acquired by nodename 5186@pr-hdds-1643-9kfsj-1164326334
2019-10-30 06:05:31,516 [pool-27-thread-1] INFO  storage.RaftStorage (RaftStorage.java:format(84)) - Storage directory /workdir/hadoop-ozone/integration-test/target/test-dir/MiniOzoneClusterImpl-9b19e524-011a-4190-a309-f47c35af0e4e/datanode-0/data/ratis/b58bb5b3-dd26-48fa-ba1b-b6c7ad952992 has been successfully formatted.
2019-10-30 06:05:31,519 [pool-27-thread-1] INFO  ratis.ContainerStateMachine (ContainerStateMachine.java:loadSnapshot(231)) - group-B6C7AD952992: The snapshot info is null. Setting the last applied indexto:(t:0, i:~)
2019-10-30 06:05:31,520 [pool-27-thread-1] INFO  server.RaftServerConfigKeys (ConfUtils.java:logGet(43)) - raft.server.notification.no-leader.timeout = 1000s (custom)
2019-10-30 06:05:31,522 [pool-27-thread-1] INFO  server.RaftServerConfigKeys (ConfUtils.java:logGet(43)) - raft.server.log.use.memory = false (default)
2019-10-30 06:05:31,529 [pool-27-thread-1] INFO  server.RaftServerConfigKeys (ConfUtils.java:logGet(43)) - raft.server.log.purge.gap = 1000000 (custom)
2019-10-30 06:05:31,529 [pool-27-thread-1] INFO  server.RaftServerConfigKeys (ConfUtils.java:logGet(43)) - raft.server.log.appender.buffer.byte-limit = 33554432 (custom)
2019-10-30 06:05:31,532 [pool-27-thread-1] INFO  server.RaftServerConfigKeys (ConfUtils.java:logGet(43)) - raft.server.log.segment.size.max = 1048576 (custom)
2019-10-30 06:05:31,534 [pool-27-thread-1] INFO  impl.MetricsSystemImpl (MetricsSystemImpl.java:init(158)) - ratis metrics system started (again)
2019-10-30 06:05:31,538 [pool-27-thread-1] INFO  metrics.MetricRegistries (MetricRegistriesLoader.java:load(64)) - Loaded MetricRegistries class org.apache.ratis.metrics.impl.MetricRegistriesImpl
2019-10-30 06:05:31,584 [pool-27-thread-1] INFO  server.RaftServerConfigKeys (ConfUtils.java:logGet(43)) - raft.server.log.segment.cache.num.max = 2 (custom)
2019-10-30 06:05:31,591 [pool-27-thread-1] INFO  segmented.SegmentedRaftLogWorker (SegmentedRaftLogWorker.java:<init>(173)) - new 78a2ca6d-ab27-408c-be71-e2595a145569@group-B6C7AD952992-SegmentedRaftLogWorker for RaftStorage:Storage Directory /workdir/hadoop-ozone/integration-test/target/test-dir/MiniOzoneClusterImpl-9b19e524-011a-4190-a309-f47c35af0e4e/datanode-0/data/ratis/b58bb5b3-dd26-48fa-ba1b-b6c7ad952992
2019-10-30 06:05:31,592 [pool-27-thread-1] INFO  server.RaftServerConfigKeys (ConfUtils.java:logGet(43)) - raft.server.log.queue.byte-limit = 2147483647 (custom)
2019-10-30 06:05:31,592 [pool-27-thread-1] INFO  server.RaftServerConfigKeys (ConfUtils.java:logGet(43)) - raft.server.log.queue.element-limit = 1024 (custom)
2019-10-30 06:05:31,594 [pool-27-thread-1] INFO  server.RaftServerConfigKeys (ConfUtils.java:logGet(43)) - raft.server.log.segment.size.max = 1048576 (custom)
2019-10-30 06:05:31,595 [pool-27-thread-1] INFO  server.RaftServerConfigKeys (ConfUtils.java:logGet(43)) - raft.server.log.preallocated.size = 16384 (custom)
2019-10-30 06:05:31,595 [pool-27-thread-1] INFO  server.RaftServerConfigKeys (ConfUtils.java:logGet(43)) - raft.server.log.write.buffer.size = 33554432 (custom)
2019-10-30 06:05:31,596 [pool-27-thread-1] INFO  server.RaftServerConfigKeys (ConfUtils.java:logGet(43)) - raft.server.log.force.sync.num = 128 (default)
2019-10-30 06:05:31,597 [pool-27-thread-1] INFO  server.RaftServerConfigKeys (ConfUtils.java:logGet(43)) - raft.server.log.statemachine.data.sync = true (default)
2019-10-30 06:05:31,597 [pool-27-thread-1] INFO  server.RaftServerConfigKeys (ConfUtils.java:logGet(43)) - raft.server.log.statemachine.data.sync.timeout = 10s (default)
2019-10-30 06:05:31,598 [pool-27-thread-1] INFO  server.RaftServerConfigKeys (ConfUtils.java:logGet(43)) - raft.server.log.statemachine.data.sync.timeout.retry = -1 (default)
2019-10-30 06:05:31,612 [pool-27-thread-1] INFO  server.RaftServerConfigKeys (ConfUtils.java:logGet(43)) - raft.server.log.statemachine.data.caching.enabled = true (custom)
2019-10-30 06:05:31,618 [pool-27-thread-1] INFO  segmented.SegmentedRaftLogWorker (SegmentedRaftLogWorker.java:lambda$new$0(128)) - 78a2ca6d-ab27-408c-be71-e2595a145569@group-B6C7AD952992-SegmentedRaftLogWorker: flushIndex: setUnconditionally 0 -> -1
2019-10-30 06:05:31,624 [pool-27-thread-1] INFO  server.RaftServerConfigKeys (ConfUtils.java:logGet(43)) - raft.server.snapshot.auto.trigger.enabled = true (custom)
2019-10-30 06:05:31,625 [pool-27-thread-1] INFO  server.RaftServerConfigKeys (ConfUtils.java:logGet(43)) - raft.server.snapshot.auto.trigger.threshold = 10000 (custom)
2019-10-30 06:05:31,626 [pool-27-thread-1] INFO  server.RaftServerConfigKeys (ConfUtils.java:logGet(43)) - raft.server.snapshot.retention.file.num = 5 (custom)
2019-10-30 06:05:31,626 [pool-27-thread-1] INFO  server.RaftServerConfigKeys (ConfUtils.java:logGet(43)) - raft.server.retrycache.expirytime = 600000ms (custom)
2019-10-30 06:05:31,662 [pool-27-thread-1] INFO  impl.RaftServerImpl (RaftServerImpl.java:start(195)) - 78a2ca6d-ab27-408c-be71-e2595a145569@group-B6C7AD952992: start as a follower, conf=-1: [78a2ca6d-ab27-408c-be71-e2595a145569:192.168.34.21:37717], old=null
2019-10-30 06:05:31,663 [pool-27-thread-1] INFO  impl.RaftServerImpl (RaftServerImpl.java:setRole(184)) - 78a2ca6d-ab27-408c-be71-e2595a145569@group-B6C7AD952992: changes role from      null to FOLLOWER at term 0 for startAsFollower
2019-10-30 06:05:31,664 [pool-27-thread-1] INFO  impl.RoleInfo (RoleInfo.java:updateAndGet(143)) - 78a2ca6d-ab27-408c-be71-e2595a145569: start FollowerState
2019-10-30 06:05:31,666 [pool-27-thread-1] INFO  util.JmxRegister (JmxRegister.java:tryRegister(44)) - Successfully registered JMX Bean with object name Ratis:service=RaftServer,group=group-B6C7AD952992,id=78a2ca6d-ab27-408c-be71-e2595a145569
2019-10-30 06:05:31,724 [RatisPipelineUtilsThread] INFO  pipeline.PipelineStateManager (PipelineStateManager.java:addPipeline(56)) - Created pipeline Pipeline[ Id: b58bb5b3-dd26-48fa-ba1b-b6c7ad952992, Nodes: 78a2ca6d-ab27-408c-be71-e2595a145569{ip: 192.168.34.21, host: pr-hdds-1643-9kfsj-1164326334, networkLocation: /default-rack, certSerialId: null}, Type:RATIS, Factor:ONE, State:OPEN]
2019-10-30 06:05:31,738 [grpc-default-executor-0] INFO  impl.RaftServerProxy (RaftServerProxy.java:addNew(89)) - 47e59444-ad4b-4d8b-b6f4-160f3329f764: addNew group-E3C98E88127D:[47e59444-ad4b-4d8b-b6f4-160f3329f764:192.168.34.21:39722] returns group-E3C98E88127D:java.util.concurrent.CompletableFuture@71232853[Not completed]
2019-10-30 06:05:31,759 [pool-47-thread-1] INFO  impl.RaftServerImpl (RaftServerImpl.java:<init>(104)) - 47e59444-ad4b-4d8b-b6f4-160f3329f764: new RaftServerImpl for group-E3C98E88127D:[47e59444-ad4b-4d8b-b6f4-160f3329f764:192.168.34.21:39722] with ContainerStateMachine:uninitialized
2019-10-30 06:05:31,760 [pool-47-thread-1] INFO  server.RaftServerConfigKeys (ConfUtils.java:logGet(43)) - raft.server.rpc.timeout.min = 5s (custom)
2019-10-30 06:05:31,760 [pool-47-thread-1] INFO  server.RaftServerConfigKeys (ConfUtils.java:logGet(43)) - raft.server.rpc.timeout.max = 5200ms (custom)
2019-10-30 06:05:31,760 [pool-47-thread-1] INFO  server.RaftServerConfigKeys (ConfUtils.java:logGet(43)) - raft.server.rpcslowness.timeout = 1000s (custom)
2019-10-30 06:05:31,760 [pool-47-thread-1] INFO  server.RaftServerConfigKeys (ConfUtils.java:logGet(43)) - raft.server.sleep.deviation.threshold = 300 (default)
2019-10-30 06:05:31,760 [pool-47-thread-1] INFO  server.RaftServerConfigKeys (ConfUtils.java:logGet(43)) - raft.server.log.appender.install.snapshot.enabled = false (custom)
2019-10-30 06:05:31,760 [pool-47-thread-1] INFO  impl.RaftServerImpl (ServerState.java:<init>(103)) - 47e59444-ad4b-4d8b-b6f4-160f3329f764@group-E3C98E88127D: ConfigurationManager, init=-1: [47e59444-ad4b-4d8b-b6f4-160f3329f764:192.168.34.21:39722], old=null, confs=<EMPTY_MAP>
2019-10-30 06:05:31,761 [pool-47-thread-1] INFO  server.RaftServerConfigKeys (ConfUtils.java:logGet(43)) - raft.server.storage.dir = [/workdir/hadoop-ozone/integration-test/target/test-dir/MiniOzoneClusterImpl-9b19e524-011a-4190-a309-f47c35af0e4e/datanode-2/data/ratis] (custom)
2019-10-30 06:05:31,761 [pool-47-thread-1] INFO  server.RaftServerConfigKeys (ConfUtils.java:logGet(43)) - raft.server.log.corruption.policy = EXCEPTION (default)
2019-10-30 06:05:31,761 [pool-47-thread-1] INFO  storage.RaftStorageDirectory (RaftStorageDirectory.java:analyzeStorage(246)) - The storage directory /workdir/hadoop-ozone/integration-test/target/test-dir/MiniOzoneClusterImpl-9b19e524-011a-4190-a309-f47c35af0e4e/datanode-2/data/ratis/d8ac9e72-8405-48ed-994f-e3c98e88127d does not exist. Creating ...
2019-10-30 06:05:31,790 [pool-47-thread-1] INFO  storage.RaftStorageDirectory (RaftStorageDirectory.java:tryLock(328)) - Lock on /workdir/hadoop-ozone/integration-test/target/test-dir/MiniOzoneClusterImpl-9b19e524-011a-4190-a309-f47c35af0e4e/datanode-2/data/ratis/d8ac9e72-8405-48ed-994f-e3c98e88127d/in_use.lock acquired by nodename 5186@pr-hdds-1643-9kfsj-1164326334
2019-10-30 06:05:31,793 [Thread-186] INFO  impl.FollowerState (FollowerState.java:run(108)) - 78a2ca6d-ab27-408c-be71-e2595a145569@group-B6C7AD952992-FollowerState: change to CANDIDATE, lastRpcTime:128ms, electionTimeout:128ms
2019-10-30 06:05:31,795 [Thread-186] INFO  impl.RoleInfo (RoleInfo.java:shutdownFollowerState(121)) - 78a2ca6d-ab27-408c-be71-e2595a145569: shutdown FollowerState
2019-10-30 06:05:31,795 [Thread-186] INFO  impl.RaftServerImpl (RaftServerImpl.java:setRole(184)) - 78a2ca6d-ab27-408c-be71-e2595a145569@group-B6C7AD952992: changes role from  FOLLOWER to CANDIDATE at term 0 for changeToCandidate
2019-10-30 06:05:31,798 [Thread-186] INFO  impl.RoleInfo (RoleInfo.java:updateAndGet(143)) - 78a2ca6d-ab27-408c-be71-e2595a145569: start LeaderElection
2019-10-30 06:05:31,806 [pool-47-thread-1] INFO  storage.RaftStorage (RaftStorage.java:format(84)) - Storage directory /workdir/hadoop-ozone/integration-test/target/test-dir/MiniOzoneClusterImpl-9b19e524-011a-4190-a309-f47c35af0e4e/datanode-2/data/ratis/d8ac9e72-8405-48ed-994f-e3c98e88127d has been successfully formatted.
2019-10-30 06:05:31,807 [78a2ca6d-ab27-408c-be71-e2595a145569@group-B6C7AD952992-LeaderElection1] INFO  impl.LeaderElection (LeaderElection.java:askForVotes(178)) - 78a2ca6d-ab27-408c-be71-e2595a145569@group-B6C7AD952992-LeaderElection1: begin an election at term 1 for -1: [78a2ca6d-ab27-408c-be71-e2595a145569:192.168.34.21:37717], old=null
2019-10-30 06:05:31,807 [pool-47-thread-1] INFO  ratis.ContainerStateMachine (ContainerStateMachine.java:loadSnapshot(231)) - group-E3C98E88127D: The snapshot info is null. Setting the last applied indexto:(t:0, i:~)
2019-10-30 06:05:31,807 [pool-47-thread-1] INFO  server.RaftServerConfigKeys (ConfUtils.java:logGet(43)) - raft.server.notification.no-leader.timeout = 1000s (custom)
2019-10-30 06:05:31,808 [pool-47-thread-1] INFO  server.RaftServerConfigKeys (ConfUtils.java:logGet(43)) - raft.server.log.use.memory = false (default)
2019-10-30 06:05:31,808 [pool-47-thread-1] INFO  server.RaftServerConfigKeys (ConfUtils.java:logGet(43)) - raft.server.log.purge.gap = 1000000 (custom)
2019-10-30 06:05:31,808 [pool-47-thread-1] INFO  server.RaftServerConfigKeys (ConfUtils.java:logGet(43)) - raft.server.log.appender.buffer.byte-limit = 33554432 (custom)
2019-10-30 06:05:31,808 [pool-47-thread-1] INFO  server.RaftServerConfigKeys (ConfUtils.java:logGet(43)) - raft.server.log.segment.size.max = 1048576 (custom)
2019-10-30 06:05:31,808 [78a2ca6d-ab27-408c-be71-e2595a145569@group-B6C7AD952992-LeaderElection1] INFO  impl.RoleInfo (RoleInfo.java:shutdownLeaderElection(134)) - 78a2ca6d-ab27-408c-be71-e2595a145569: shutdown LeaderElection
2019-10-30 06:05:31,809 [78a2ca6d-ab27-408c-be71-e2595a145569@group-B6C7AD952992-LeaderElection1] INFO  impl.RaftServerImpl (RaftServerImpl.java:setRole(184)) - 78a2ca6d-ab27-408c-be71-e2595a145569@group-B6C7AD952992: changes role from CANDIDATE to LEADER at term 1 for changeToLeader
2019-10-30 06:05:31,809 [78a2ca6d-ab27-408c-be71-e2595a145569@group-B6C7AD952992-LeaderElection1] INFO  impl.RaftServerImpl (ServerState.java:setLeader(256)) - 78a2ca6d-ab27-408c-be71-e2595a145569@group-B6C7AD952992: change Leader from null to 78a2ca6d-ab27-408c-be71-e2595a145569 at term 1 for becomeLeader, leader elected after 289ms
2019-10-30 06:05:31,811 [pool-47-thread-1] INFO  server.RaftServerConfigKeys (ConfUtils.java:logGet(43)) - raft.server.log.segment.cache.num.max = 2 (custom)
2019-10-30 06:05:31,811 [pool-47-thread-1] INFO  segmented.SegmentedRaftLogWorker (SegmentedRaftLogWorker.java:<init>(173)) - new 47e59444-ad4b-4d8b-b6f4-160f3329f764@group-E3C98E88127D-SegmentedRaftLogWorker for RaftStorage:Storage Directory /workdir/hadoop-ozone/integration-test/target/test-dir/MiniOzoneClusterImpl-9b19e524-011a-4190-a309-f47c35af0e4e/datanode-2/data/ratis/d8ac9e72-8405-48ed-994f-e3c98e88127d
2019-10-30 06:05:31,812 [pool-47-thread-1] INFO  server.RaftServerConfigKeys (ConfUtils.java:logGet(43)) - raft.server.log.queue.byte-limit = 2147483647 (custom)
2019-10-30 06:05:31,812 [pool-47-thread-1] INFO  server.RaftServerConfigKeys (ConfUtils.java:logGet(43)) - raft.server.log.queue.element-limit = 1024 (custom)
2019-10-30 06:05:31,812 [pool-47-thread-1] INFO  server.RaftServerConfigKeys (ConfUtils.java:logGet(43)) - raft.server.log.segment.size.max = 1048576 (custom)
2019-10-30 06:05:31,812 [pool-47-thread-1] INFO  server.RaftServerConfigKeys (ConfUtils.java:logGet(43)) - raft.server.log.preallocated.size = 16384 (custom)
2019-10-30 06:05:31,812 [pool-47-thread-1] INFO  server.RaftServerConfigKeys (ConfUtils.java:logGet(43)) - raft.server.log.write.buffer.size = 33554432 (custom)
2019-10-30 06:05:31,812 [pool-47-thread-1] INFO  server.RaftServerConfigKeys (ConfUtils.java:logGet(43)) - raft.server.log.force.sync.num = 128 (default)
2019-10-30 06:05:31,813 [pool-47-thread-1] INFO  server.RaftServerConfigKeys (ConfUtils.java:logGet(43)) - raft.server.log.statemachine.data.sync = true (default)
2019-10-30 06:05:31,813 [pool-47-thread-1] INFO  server.RaftServerConfigKeys (ConfUtils.java:logGet(43)) - raft.server.log.statemachine.data.sync.timeout = 10s (default)
2019-10-30 06:05:31,813 [pool-47-thread-1] INFO  server.RaftServerConfigKeys (ConfUtils.java:logGet(43)) - raft.server.log.statemachine.data.sync.timeout.retry = -1 (default)
2019-10-30 06:05:31,813 [78a2ca6d-ab27-408c-be71-e2595a145569@group-B6C7AD952992-LeaderElection1] INFO  server.RaftServerConfigKeys (ConfUtils.java:logGet(43)) - raft.server.staging.catchup.gap = 1000 (default)
2019-10-30 06:05:31,813 [78a2ca6d-ab27-408c-be71-e2595a145569@group-B6C7AD952992-LeaderElection1] INFO  server.RaftServerConfigKeys (ConfUtils.java:logGet(43)) - raft.server.rpc.sleep.time = 25ms (default)
2019-10-30 06:05:31,813 [pool-47-thread-1] INFO  server.RaftServerConfigKeys (ConfUtils.java:logGet(43)) - raft.server.log.statemachine.data.caching.enabled = true (custom)
2019-10-30 06:05:31,814 [pool-47-thread-1] INFO  segmented.SegmentedRaftLogWorker (SegmentedRaftLogWorker.java:lambda$new$0(128)) - 47e59444-ad4b-4d8b-b6f4-160f3329f764@group-E3C98E88127D-SegmentedRaftLogWorker: flushIndex: setUnconditionally 0 -> -1
2019-10-30 06:05:31,814 [pool-47-thread-1] INFO  server.RaftServerConfigKeys (ConfUtils.java:logGet(43)) - raft.server.snapshot.auto.trigger.enabled = true (custom)
2019-10-30 06:05:31,814 [pool-47-thread-1] INFO  server.RaftServerConfigKeys (ConfUtils.java:logGet(43)) - raft.server.snapshot.auto.trigger.threshold = 10000 (custom)
2019-10-30 06:05:31,814 [pool-47-thread-1] INFO  server.RaftServerConfigKeys (ConfUtils.java:logGet(43)) - raft.server.snapshot.retention.file.num = 5 (custom)
2019-10-30 06:05:31,814 [pool-47-thread-1] INFO  server.RaftServerConfigKeys (ConfUtils.java:logGet(43)) - raft.server.retrycache.expirytime = 600000ms (custom)
2019-10-30 06:05:31,817 [78a2ca6d-ab27-408c-be71-e2595a145569@group-B6C7AD952992-LeaderElection1] INFO  server.RaftServerConfigKeys (ConfUtils.java:logGet(43)) - raft.server.write.element-limit = 4096 (default)
2019-10-30 06:05:31,818 [78a2ca6d-ab27-408c-be71-e2595a145569@group-B6C7AD952992-LeaderElection1] INFO  server.RaftServerConfigKeys (ConfUtils.java:logGet(43)) - raft.server.watch.timeout = 10s (default)
2019-10-30 06:05:31,819 [78a2ca6d-ab27-408c-be71-e2595a145569@group-B6C7AD952992-LeaderElection1] INFO  server.RaftServerConfigKeys (ConfUtils.java:logGet(43)) - raft.server.watch.timeout.denomination = 1s (default)
2019-10-30 06:05:31,819 [78a2ca6d-ab27-408c-be71-e2595a145569@group-B6C7AD952992-LeaderElection1] INFO  server.RaftServerConfigKeys (ConfUtils.java:logGet(43)) - raft.server.watch.element-limit = 65536 (default)
2019-10-30 06:05:31,820 [pool-47-thread-1] INFO  impl.RaftServerImpl (RaftServerImpl.java:start(195)) - 47e59444-ad4b-4d8b-b6f4-160f3329f764@group-E3C98E88127D: start as a follower, conf=-1: [47e59444-ad4b-4d8b-b6f4-160f3329f764:192.168.34.21:39722], old=null
2019-10-30 06:05:31,820 [pool-47-thread-1] INFO  impl.RaftServerImpl (RaftServerImpl.java:setRole(184)) - 47e59444-ad4b-4d8b-b6f4-160f3329f764@group-E3C98E88127D: changes role from      null to FOLLOWER at term 0 for startAsFollower
2019-10-30 06:05:31,820 [pool-47-thread-1] INFO  impl.RoleInfo (RoleInfo.java:updateAndGet(143)) - 47e59444-ad4b-4d8b-b6f4-160f3329f764: start FollowerState
2019-10-30 06:05:31,821 [pool-47-thread-1] INFO  util.JmxRegister (JmxRegister.java:tryRegister(44)) - Successfully registered JMX Bean with object name Ratis:service=RaftServer,group=group-E3C98E88127D,id=47e59444-ad4b-4d8b-b6f4-160f3329f764
2019-10-30 06:05:31,854 [Thread-191] INFO  impl.FollowerState (FollowerState.java:run(108)) - 47e59444-ad4b-4d8b-b6f4-160f3329f764@group-E3C98E88127D-FollowerState: change to CANDIDATE, lastRpcTime:33ms, electionTimeout:33ms
2019-10-30 06:05:31,855 [Thread-191] INFO  impl.RoleInfo (RoleInfo.java:shutdownFollowerState(121)) - 47e59444-ad4b-4d8b-b6f4-160f3329f764: shutdown FollowerState
2019-10-30 06:05:31,855 [Thread-191] INFO  impl.RaftServerImpl (RaftServerImpl.java:setRole(184)) - 47e59444-ad4b-4d8b-b6f4-160f3329f764@group-E3C98E88127D: changes role from  FOLLOWER to CANDIDATE at term 0 for changeToCandidate
2019-10-30 06:05:31,855 [Thread-191] INFO  impl.RoleInfo (RoleInfo.java:updateAndGet(143)) - 47e59444-ad4b-4d8b-b6f4-160f3329f764: start LeaderElection
2019-10-30 06:05:31,857 [RatisPipelineUtilsThread] INFO  pipeline.PipelineStateManager (PipelineStateManager.java:addPipeline(56)) - Created pipeline Pipeline[ Id: d8ac9e72-8405-48ed-994f-e3c98e88127d, Nodes: 47e59444-ad4b-4d8b-b6f4-160f3329f764{ip: 192.168.34.21, host: pr-hdds-1643-9kfsj-1164326334, networkLocation: /default-rack, certSerialId: null}, Type:RATIS, Factor:ONE, State:OPEN]
2019-10-30 06:05:31,861 [78a2ca6d-ab27-408c-be71-e2595a145569@group-B6C7AD952992-LeaderElection1] INFO  impl.RoleInfo (RoleInfo.java:updateAndGet(143)) - 78a2ca6d-ab27-408c-be71-e2595a145569: start LeaderState
2019-10-30 06:05:31,870 [47e59444-ad4b-4d8b-b6f4-160f3329f764@group-E3C98E88127D-LeaderElection2] INFO  impl.LeaderElection (LeaderElection.java:askForVotes(178)) - 47e59444-ad4b-4d8b-b6f4-160f3329f764@group-E3C98E88127D-LeaderElection2: begin an election at term 1 for -1: [47e59444-ad4b-4d8b-b6f4-160f3329f764:192.168.34.21:39722], old=null
2019-10-30 06:05:31,871 [47e59444-ad4b-4d8b-b6f4-160f3329f764@group-E3C98E88127D-LeaderElection2] INFO  impl.RoleInfo (RoleInfo.java:shutdownLeaderElection(134)) - 47e59444-ad4b-4d8b-b6f4-160f3329f764: shutdown LeaderElection
2019-10-30 06:05:31,871 [47e59444-ad4b-4d8b-b6f4-160f3329f764@group-E3C98E88127D-LeaderElection2] INFO  impl.RaftServerImpl (RaftServerImpl.java:setRole(184)) - 47e59444-ad4b-4d8b-b6f4-160f3329f764@group-E3C98E88127D: changes role from CANDIDATE to LEADER at term 1 for changeToLeader
2019-10-30 06:05:31,871 [47e59444-ad4b-4d8b-b6f4-160f3329f764@group-E3C98E88127D-LeaderElection2] INFO  impl.RaftServerImpl (ServerState.java:setLeader(256)) - 47e59444-ad4b-4d8b-b6f4-160f3329f764@group-E3C98E88127D: change Leader from null to 47e59444-ad4b-4d8b-b6f4-160f3329f764 at term 1 for becomeLeader, leader elected after 63ms
2019-10-30 06:05:31,872 [47e59444-ad4b-4d8b-b6f4-160f3329f764@group-E3C98E88127D-LeaderElection2] INFO  server.RaftServerConfigKeys (ConfUtils.java:logGet(43)) - raft.server.staging.catchup.gap = 1000 (default)
2019-10-30 06:05:31,872 [47e59444-ad4b-4d8b-b6f4-160f3329f764@group-E3C98E88127D-LeaderElection2] INFO  server.RaftServerConfigKeys (ConfUtils.java:logGet(43)) - raft.server.rpc.sleep.time = 25ms (default)
2019-10-30 06:05:31,872 [47e59444-ad4b-4d8b-b6f4-160f3329f764@group-E3C98E88127D-LeaderElection2] INFO  server.RaftServerConfigKeys (ConfUtils.java:logGet(43)) - raft.server.write.element-limit = 4096 (default)
2019-10-30 06:05:31,873 [47e59444-ad4b-4d8b-b6f4-160f3329f764@group-E3C98E88127D-LeaderElection2] INFO  server.RaftServerConfigKeys (ConfUtils.java:logGet(43)) - raft.server.watch.timeout = 10s (default)
2019-10-30 06:05:31,873 [47e59444-ad4b-4d8b-b6f4-160f3329f764@group-E3C98E88127D-LeaderElection2] INFO  server.RaftServerConfigKeys (ConfUtils.java:logGet(43)) - raft.server.watch.timeout.denomination = 1s (default)
2019-10-30 06:05:31,873 [grpc-default-executor-0] INFO  impl.RaftServerProxy (RaftServerProxy.java:addNew(89)) - 4b4c7497-a7ec-4f2a-a6c9-18b9f4a92a5f: addNew group-22EA9EE3B83C:[4b4c7497-a7ec-4f2a-a6c9-18b9f4a92a5f:192.168.34.21:41258] returns group-22EA9EE3B83C:java.util.concurrent.CompletableFuture@75364f41[Not completed]
2019-10-30 06:05:31,873 [47e59444-ad4b-4d8b-b6f4-160f3329f764@group-E3C98E88127D-LeaderElection2] INFO  server.RaftServerConfigKeys (ConfUtils.java:logGet(43)) - raft.server.watch.element-limit = 65536 (default)
2019-10-30 06:05:31,875 [pool-37-thread-1] INFO  impl.RaftServerImpl (RaftServerImpl.java:<init>(104)) - 4b4c7497-a7ec-4f2a-a6c9-18b9f4a92a5f: new RaftServerImpl for group-22EA9EE3B83C:[4b4c7497-a7ec-4f2a-a6c9-18b9f4a92a5f:192.168.34.21:41258] with ContainerStateMachine:uninitialized
2019-10-30 06:05:31,877 [pool-37-thread-1] INFO  server.RaftServerConfigKeys (ConfUtils.java:logGet(43)) - raft.server.rpc.timeout.min = 5s (custom)
2019-10-30 06:05:31,877 [pool-37-thread-1] INFO  server.RaftServerConfigKeys (ConfUtils.java:logGet(43)) - raft.server.rpc.timeout.max = 5200ms (custom)
2019-10-30 06:05:31,877 [pool-37-thread-1] INFO  server.RaftServerConfigKeys (ConfUtils.java:logGet(43)) - raft.server.rpcslowness.timeout = 1000s (custom)
2019-10-30 06:05:31,877 [pool-37-thread-1] INFO  server.RaftServerConfigKeys (ConfUtils.java:logGet(43)) - raft.server.sleep.deviation.threshold = 300 (default)
2019-10-30 06:05:31,877 [pool-37-thread-1] INFO  server.RaftServerConfigKeys (ConfUtils.java:logGet(43)) - raft.server.log.appender.install.snapshot.enabled = false (custom)
2019-10-30 06:05:31,877 [47e59444-ad4b-4d8b-b6f4-160f3329f764@group-E3C98E88127D-LeaderElection2] INFO  impl.RoleInfo (RoleInfo.java:updateAndGet(143)) - 47e59444-ad4b-4d8b-b6f4-160f3329f764: start LeaderState
2019-10-30 06:05:31,878 [pool-37-thread-1] INFO  impl.RaftServerImpl (ServerState.java:<init>(103)) - 4b4c7497-a7ec-4f2a-a6c9-18b9f4a92a5f@group-22EA9EE3B83C: ConfigurationManager, init=-1: [4b4c7497-a7ec-4f2a-a6c9-18b9f4a92a5f:192.168.34.21:41258], old=null, confs=<EMPTY_MAP>
2019-10-30 06:05:31,878 [pool-37-thread-1] INFO  server.RaftServerConfigKeys (ConfUtils.java:logGet(43)) - raft.server.storage.dir = [/workdir/hadoop-ozone/integration-test/target/test-dir/MiniOzoneClusterImpl-9b19e524-011a-4190-a309-f47c35af0e4e/datanode-1/data/ratis] (custom)
2019-10-30 06:05:31,878 [pool-37-thread-1] INFO  server.RaftServerConfigKeys (ConfUtils.java:logGet(43)) - raft.server.log.corruption.policy = EXCEPTION (default)
2019-10-30 06:05:31,878 [pool-37-thread-1] INFO  storage.RaftStorageDirectory (RaftStorageDirectory.java:analyzeStorage(246)) - The storage directory /workdir/hadoop-ozone/integration-test/target/test-dir/MiniOzoneClusterImpl-9b19e524-011a-4190-a309-f47c35af0e4e/datanode-1/data/ratis/3add86ff-45bf-4d07-b605-22ea9ee3b83c does not exist. Creating ...
2019-10-30 06:05:31,884 [78a2ca6d-ab27-408c-be71-e2595a145569@group-B6C7AD952992-LeaderElection1] INFO  segmented.SegmentedRaftLogWorker (SegmentedRaftLogWorker.java:startLogSegment(385)) - 78a2ca6d-ab27-408c-be71-e2595a145569@group-B6C7AD952992-SegmentedRaftLogWorker: Starting segment from index:0
2019-10-30 06:05:31,884 [47e59444-ad4b-4d8b-b6f4-160f3329f764@group-E3C98E88127D-LeaderElection2] INFO  segmented.SegmentedRaftLogWorker (SegmentedRaftLogWorker.java:startLogSegment(385)) - 47e59444-ad4b-4d8b-b6f4-160f3329f764@group-E3C98E88127D-SegmentedRaftLogWorker: Starting segment from index:0
2019-10-30 06:05:31,891 [pool-37-thread-1] INFO  storage.RaftStorageDirectory (RaftStorageDirectory.java:tryLock(328)) - Lock on /workdir/hadoop-ozone/integration-test/target/test-dir/MiniOzoneClusterImpl-9b19e524-011a-4190-a309-f47c35af0e4e/datanode-1/data/ratis/3add86ff-45bf-4d07-b605-22ea9ee3b83c/in_use.lock acquired by nodename 5186@pr-hdds-1643-9kfsj-1164326334
2019-10-30 06:05:31,895 [47e59444-ad4b-4d8b-b6f4-160f3329f764@group-E3C98E88127D-LeaderElection2] INFO  impl.RaftServerImpl (ServerState.java:setRaftConf(357)) - 47e59444-ad4b-4d8b-b6f4-160f3329f764@group-E3C98E88127D: set configuration 0: [47e59444-ad4b-4d8b-b6f4-160f3329f764:192.168.34.21:39722], old=null at 0
2019-10-30 06:05:31,895 [78a2ca6d-ab27-408c-be71-e2595a145569@group-B6C7AD952992-LeaderElection1] INFO  impl.RaftServerImpl (ServerState.java:setRaftConf(357)) - 78a2ca6d-ab27-408c-be71-e2595a145569@group-B6C7AD952992: set configuration 0: [78a2ca6d-ab27-408c-be71-e2595a145569:192.168.34.21:37717], old=null at 0
2019-10-30 06:05:31,904 [pool-37-thread-1] INFO  storage.RaftStorage (RaftStorage.java:format(84)) - Storage directory /workdir/hadoop-ozone/integration-test/target/test-dir/MiniOzoneClusterImpl-9b19e524-011a-4190-a309-f47c35af0e4e/datanode-1/data/ratis/3add86ff-45bf-4d07-b605-22ea9ee3b83c has been successfully formatted.
2019-10-30 06:05:31,905 [pool-37-thread-1] INFO  ratis.ContainerStateMachine (ContainerStateMachine.java:loadSnapshot(231)) - group-22EA9EE3B83C: The snapshot info is null. Setting the last applied indexto:(t:0, i:~)
2019-10-30 06:05:31,905 [pool-37-thread-1] INFO  server.RaftServerConfigKeys (ConfUtils.java:logGet(43)) - raft.server.notification.no-leader.timeout = 1000s (custom)
2019-10-30 06:05:31,905 [pool-37-thread-1] INFO  server.RaftServerConfigKeys (ConfUtils.java:logGet(43)) - raft.server.log.use.memory = false (default)
2019-10-30 06:05:31,905 [pool-37-thread-1] INFO  server.RaftServerConfigKeys (ConfUtils.java:logGet(43)) - raft.server.log.purge.gap = 1000000 (custom)
2019-10-30 06:05:31,905 [pool-37-thread-1] INFO  server.RaftServerConfigKeys (ConfUtils.java:logGet(43)) - raft.server.log.appender.buffer.byte-limit = 33554432 (custom)
2019-10-30 06:05:31,906 [pool-37-thread-1] INFO  server.RaftServerConfigKeys (ConfUtils.java:logGet(43)) - raft.server.log.segment.size.max = 1048576 (custom)
2019-10-30 06:05:31,908 [pool-37-thread-1] INFO  server.RaftServerConfigKeys (ConfUtils.java:logGet(43)) - raft.server.log.segment.cache.num.max = 2 (custom)
2019-10-30 06:05:31,908 [pool-37-thread-1] INFO  segmented.SegmentedRaftLogWorker (SegmentedRaftLogWorker.java:<init>(173)) - new 4b4c7497-a7ec-4f2a-a6c9-18b9f4a92a5f@group-22EA9EE3B83C-SegmentedRaftLogWorker for RaftStorage:Storage Directory /workdir/hadoop-ozone/integration-test/target/test-dir/MiniOzoneClusterImpl-9b19e524-011a-4190-a309-f47c35af0e4e/datanode-1/data/ratis/3add86ff-45bf-4d07-b605-22ea9ee3b83c
2019-10-30 06:05:31,908 [pool-37-thread-1] INFO  server.RaftServerConfigKeys (ConfUtils.java:logGet(43)) - raft.server.log.queue.byte-limit = 2147483647 (custom)
2019-10-30 06:05:31,908 [pool-37-thread-1] INFO  server.RaftServerConfigKeys (ConfUtils.java:logGet(43)) - raft.server.log.queue.element-limit = 1024 (custom)
2019-10-30 06:05:31,908 [pool-37-thread-1] INFO  server.RaftServerConfigKeys (ConfUtils.java:logGet(43)) - raft.server.log.segment.size.max = 1048576 (custom)
2019-10-30 06:05:31,909 [pool-37-thread-1] INFO  server.RaftServerConfigKeys (ConfUtils.java:logGet(43)) - raft.server.log.preallocated.size = 16384 (custom)
2019-10-30 06:05:31,909 [pool-37-thread-1] INFO  server.RaftServerConfigKeys (ConfUtils.java:logGet(43)) - raft.server.log.write.buffer.size = 33554432 (custom)
2019-10-30 06:05:31,909 [pool-37-thread-1] INFO  server.RaftServerConfigKeys (ConfUtils.java:logGet(43)) - raft.server.log.force.sync.num = 128 (default)
2019-10-30 06:05:31,909 [pool-37-thread-1] INFO  server.RaftServerConfigKeys (ConfUtils.java:logGet(43)) - raft.server.log.statemachine.data.sync = true (default)
2019-10-30 06:05:31,909 [pool-37-thread-1] INFO  server.RaftServerConfigKeys (ConfUtils.java:logGet(43)) - raft.server.log.statemachine.data.sync.timeout = 10s (default)
2019-10-30 06:05:31,909 [pool-37-thread-1] INFO  server.RaftServerConfigKeys (ConfUtils.java:logGet(43)) - raft.server.log.statemachine.data.sync.timeout.retry = -1 (default)
2019-10-30 06:05:31,909 [pool-37-thread-1] INFO  server.RaftServerConfigKeys (ConfUtils.java:logGet(43)) - raft.server.log.statemachine.data.caching.enabled = true (custom)
2019-10-30 06:05:31,910 [pool-37-thread-1] INFO  segmented.SegmentedRaftLogWorker (SegmentedRaftLogWorker.java:lambda$new$0(128)) - 4b4c7497-a7ec-4f2a-a6c9-18b9f4a92a5f@group-22EA9EE3B83C-SegmentedRaftLogWorker: flushIndex: setUnconditionally 0 -> -1
2019-10-30 06:05:31,910 [pool-37-thread-1] INFO  server.RaftServerConfigKeys (ConfUtils.java:logGet(43)) - raft.server.snapshot.auto.trigger.enabled = true (custom)
2019-10-30 06:05:31,910 [pool-37-thread-1] INFO  server.RaftServerConfigKeys (ConfUtils.java:logGet(43)) - raft.server.snapshot.auto.trigger.threshold = 10000 (custom)
2019-10-30 06:05:31,910 [pool-37-thread-1] INFO  server.RaftServerConfigKeys (ConfUtils.java:logGet(43)) - raft.server.snapshot.retention.file.num = 5 (custom)
2019-10-30 06:05:31,910 [pool-37-thread-1] INFO  server.RaftServerConfigKeys (ConfUtils.java:logGet(43)) - raft.server.retrycache.expirytime = 600000ms (custom)
2019-10-30 06:05:31,914 [pool-37-thread-1] INFO  impl.RaftServerImpl (RaftServerImpl.java:start(195)) - 4b4c7497-a7ec-4f2a-a6c9-18b9f4a92a5f@group-22EA9EE3B83C: start as a follower, conf=-1: [4b4c7497-a7ec-4f2a-a6c9-18b9f4a92a5f:192.168.34.21:41258], old=null
2019-10-30 06:05:31,914 [pool-37-thread-1] INFO  impl.RaftServerImpl (RaftServerImpl.java:setRole(184)) - 4b4c7497-a7ec-4f2a-a6c9-18b9f4a92a5f@group-22EA9EE3B83C: changes role from      null to FOLLOWER at term 0 for startAsFollower
2019-10-30 06:05:31,914 [pool-37-thread-1] INFO  impl.RoleInfo (RoleInfo.java:updateAndGet(143)) - 4b4c7497-a7ec-4f2a-a6c9-18b9f4a92a5f: start FollowerState
2019-10-30 06:05:31,915 [pool-37-thread-1] INFO  util.JmxRegister (JmxRegister.java:tryRegister(44)) - Successfully registered JMX Bean with object name Ratis:service=RaftServer,group=group-22EA9EE3B83C,id=4b4c7497-a7ec-4f2a-a6c9-18b9f4a92a5f
2019-10-30 06:05:31,923 [RatisPipelineUtilsThread] INFO  pipeline.PipelineStateManager (PipelineStateManager.java:addPipeline(56)) - Created pipeline Pipeline[ Id: 3add86ff-45bf-4d07-b605-22ea9ee3b83c, Nodes: 4b4c7497-a7ec-4f2a-a6c9-18b9f4a92a5f{ip: 192.168.34.21, host: pr-hdds-1643-9kfsj-1164326334, networkLocation: /default-rack, certSerialId: null}, Type:RATIS, Factor:ONE, State:OPEN]
2019-10-30 06:05:31,944 [grpc-default-executor-2] INFO  impl.RaftServerProxy (RaftServerProxy.java:addNew(89)) - 4b4c7497-a7ec-4f2a-a6c9-18b9f4a92a5f: addNew group-E99C5BDD80CF:[78a2ca6d-ab27-408c-be71-e2595a145569:192.168.34.21:37717, 4b4c7497-a7ec-4f2a-a6c9-18b9f4a92a5f:192.168.34.21:41258, 47e59444-ad4b-4d8b-b6f4-160f3329f764:192.168.34.21:39722] returns group-E99C5BDD80CF:java.util.concurrent.CompletableFuture@37495f8b[Not completed]
2019-10-30 06:05:31,945 [grpc-default-executor-1] INFO  impl.RaftServerProxy (RaftServerProxy.java:addNew(89)) - 47e59444-ad4b-4d8b-b6f4-160f3329f764: addNew group-E99C5BDD80CF:[78a2ca6d-ab27-408c-be71-e2595a145569:192.168.34.21:37717, 4b4c7497-a7ec-4f2a-a6c9-18b9f4a92a5f:192.168.34.21:41258, 47e59444-ad4b-4d8b-b6f4-160f3329f764:192.168.34.21:39722] returns group-E99C5BDD80CF:java.util.concurrent.CompletableFuture@7ee72c5a[Not completed]
2019-10-30 06:05:31,946 [grpc-default-executor-0] INFO  impl.RaftServerProxy (RaftServerProxy.java:addNew(89)) - 78a2ca6d-ab27-408c-be71-e2595a145569: addNew group-E99C5BDD80CF:[78a2ca6d-ab27-408c-be71-e2595a145569:192.168.34.21:37717, 4b4c7497-a7ec-4f2a-a6c9-18b9f4a92a5f:192.168.34.21:41258, 47e59444-ad4b-4d8b-b6f4-160f3329f764:192.168.34.21:39722] returns group-E99C5BDD80CF:java.util.concurrent.CompletableFuture@5062a3aa[Not completed]
2019-10-30 06:05:31,946 [pool-37-thread-1] INFO  impl.RaftServerImpl (RaftServerImpl.java:<init>(104)) - 4b4c7497-a7ec-4f2a-a6c9-18b9f4a92a5f: new RaftServerImpl for group-E99C5BDD80CF:[78a2ca6d-ab27-408c-be71-e2595a145569:192.168.34.21:37717, 4b4c7497-a7ec-4f2a-a6c9-18b9f4a92a5f:192.168.34.21:41258, 47e59444-ad4b-4d8b-b6f4-160f3329f764:192.168.34.21:39722] with ContainerStateMachine:uninitialized
2019-10-30 06:05:31,946 [pool-37-thread-1] INFO  server.RaftServerConfigKeys (ConfUtils.java:logGet(43)) - raft.server.rpc.timeout.min = 5s (custom)
2019-10-30 06:05:31,946 [pool-37-thread-1] INFO  server.RaftServerConfigKeys (ConfUtils.java:logGet(43)) - raft.server.rpc.timeout.max = 5200ms (custom)
2019-10-30 06:05:31,947 [pool-37-thread-1] INFO  server.RaftServerConfigKeys (ConfUtils.java:logGet(43)) - raft.server.rpcslowness.timeout = 1000s (custom)
2019-10-30 06:05:31,947 [pool-37-thread-1] INFO  server.RaftServerConfigKeys (ConfUtils.java:logGet(43)) - raft.server.sleep.deviation.threshold = 300 (default)
2019-10-30 06:05:31,947 [pool-37-thread-1] INFO  server.RaftServerConfigKeys (ConfUtils.java:logGet(43)) - raft.server.log.appender.install.snapshot.enabled = false (custom)
2019-10-30 06:05:31,947 [pool-27-thread-1] INFO  impl.RaftServerImpl (RaftServerImpl.java:<init>(104)) - 78a2ca6d-ab27-408c-be71-e2595a145569: new RaftServerImpl for group-E99C5BDD80CF:[78a2ca6d-ab27-408c-be71-e2595a145569:192.168.34.21:37717, 4b4c7497-a7ec-4f2a-a6c9-18b9f4a92a5f:192.168.34.21:41258, 47e59444-ad4b-4d8b-b6f4-160f3329f764:192.168.34.21:39722] with ContainerStateMachine:uninitialized
2019-10-30 06:05:31,947 [pool-37-thread-1] INFO  impl.RaftServerImpl (ServerState.java:<init>(103)) - 4b4c7497-a7ec-4f2a-a6c9-18b9f4a92a5f@group-E99C5BDD80CF: ConfigurationManager, init=-1: [78a2ca6d-ab27-408c-be71-e2595a145569:192.168.34.21:37717, 4b4c7497-a7ec-4f2a-a6c9-18b9f4a92a5f:192.168.34.21:41258, 47e59444-ad4b-4d8b-b6f4-160f3329f764:192.168.34.21:39722], old=null, confs=<EMPTY_MAP>
2019-10-30 06:05:31,947 [pool-27-thread-1] INFO  server.RaftServerConfigKeys (ConfUtils.java:logGet(43)) - raft.server.rpc.timeout.min = 5s (custom)
2019-10-30 06:05:31,947 [pool-37-thread-1] INFO  server.RaftServerConfigKeys (ConfUtils.java:logGet(43)) - raft.server.storage.dir = [/workdir/hadoop-ozone/integration-test/target/test-dir/MiniOzoneClusterImpl-9b19e524-011a-4190-a309-f47c35af0e4e/datanode-1/data/ratis] (custom)
2019-10-30 06:05:31,947 [pool-27-thread-1] INFO  server.RaftServerConfigKeys (ConfUtils.java:logGet(43)) - raft.server.rpc.timeout.max = 5200ms (custom)
2019-10-30 06:05:31,947 [pool-27-thread-1] INFO  server.RaftServerConfigKeys (ConfUtils.java:logGet(43)) - raft.server.rpcslowness.timeout = 1000s (custom)
2019-10-30 06:05:31,947 [pool-37-thread-1] INFO  server.RaftServerConfigKeys (ConfUtils.java:logGet(43)) - raft.server.log.corruption.policy = EXCEPTION (default)
2019-10-30 06:05:31,948 [pool-27-thread-1] INFO  server.RaftServerConfigKeys (ConfUtils.java:logGet(43)) - raft.server.sleep.deviation.threshold = 300 (default)
2019-10-30 06:05:31,948 [pool-37-thread-1] INFO  storage.RaftStorageDirectory (RaftStorageDirectory.java:analyzeStorage(246)) - The storage directory /workdir/hadoop-ozone/integration-test/target/test-dir/MiniOzoneClusterImpl-9b19e524-011a-4190-a309-f47c35af0e4e/datanode-1/data/ratis/55028169-3584-4748-a1dc-e99c5bdd80cf does not exist. Creating ...
2019-10-30 06:05:31,948 [pool-47-thread-1] INFO  impl.RaftServerImpl (RaftServerImpl.java:<init>(104)) - 47e59444-ad4b-4d8b-b6f4-160f3329f764: new RaftServerImpl for group-E99C5BDD80CF:[78a2ca6d-ab27-408c-be71-e2595a145569:192.168.34.21:37717, 4b4c7497-a7ec-4f2a-a6c9-18b9f4a92a5f:192.168.34.21:41258, 47e59444-ad4b-4d8b-b6f4-160f3329f764:192.168.34.21:39722] with ContainerStateMachine:uninitialized
2019-10-30 06:05:31,948 [pool-27-thread-1] INFO  server.RaftServerConfigKeys (ConfUtils.java:logGet(43)) - raft.server.log.appender.install.snapshot.enabled = false (custom)
2019-10-30 06:05:31,948 [pool-47-thread-1] INFO  server.RaftServerConfigKeys (ConfUtils.java:logGet(43)) - raft.server.rpc.timeout.min = 5s (custom)
2019-10-30 06:05:31,948 [pool-27-thread-1] INFO  impl.RaftServerImpl (ServerState.java:<init>(103)) - 78a2ca6d-ab27-408c-be71-e2595a145569@group-E99C5BDD80CF: ConfigurationManager, init=-1: [78a2ca6d-ab27-408c-be71-e2595a145569:192.168.34.21:37717, 4b4c7497-a7ec-4f2a-a6c9-18b9f4a92a5f:192.168.34.21:41258, 47e59444-ad4b-4d8b-b6f4-160f3329f764:192.168.34.21:39722], old=null, confs=<EMPTY_MAP>
2019-10-30 06:05:31,948 [pool-47-thread-1] INFO  server.RaftServerConfigKeys (ConfUtils.java:logGet(43)) - raft.server.rpc.timeout.max = 5200ms (custom)
2019-10-30 06:05:31,948 [pool-27-thread-1] INFO  server.RaftServerConfigKeys (ConfUtils.java:logGet(43)) - raft.server.storage.dir = [/workdir/hadoop-ozone/integration-test/target/test-dir/MiniOzoneClusterImpl-9b19e524-011a-4190-a309-f47c35af0e4e/datanode-0/data/ratis] (custom)
2019-10-30 06:05:31,948 [pool-47-thread-1] INFO  server.RaftServerConfigKeys (ConfUtils.java:logGet(43)) - raft.server.rpcslowness.timeout = 1000s (custom)
2019-10-30 06:05:31,949 [pool-27-thread-1] INFO  server.RaftServerConfigKeys (ConfUtils.java:logGet(43)) - raft.server.log.corruption.policy = EXCEPTION (default)
2019-10-30 06:05:31,949 [pool-47-thread-1] INFO  server.RaftServerConfigKeys (ConfUtils.java:logGet(43)) - raft.server.sleep.deviation.threshold = 300 (default)
2019-10-30 06:05:31,949 [pool-27-thread-1] INFO  storage.RaftStorageDirectory (RaftStorageDirectory.java:analyzeStorage(246)) - The storage directory /workdir/hadoop-ozone/integration-test/target/test-dir/MiniOzoneClusterImpl-9b19e524-011a-4190-a309-f47c35af0e4e/datanode-0/data/ratis/55028169-3584-4748-a1dc-e99c5bdd80cf does not exist. Creating ...
2019-10-30 06:05:31,949 [pool-47-thread-1] INFO  server.RaftServerConfigKeys (ConfUtils.java:logGet(43)) - raft.server.log.appender.install.snapshot.enabled = false (custom)
2019-10-30 06:05:31,949 [pool-47-thread-1] INFO  impl.RaftServerImpl (ServerState.java:<init>(103)) - 47e59444-ad4b-4d8b-b6f4-160f3329f764@group-E99C5BDD80CF: ConfigurationManager, init=-1: [78a2ca6d-ab27-408c-be71-e2595a145569:192.168.34.21:37717, 4b4c7497-a7ec-4f2a-a6c9-18b9f4a92a5f:192.168.34.21:41258, 47e59444-ad4b-4d8b-b6f4-160f3329f764:192.168.34.21:39722], old=null, confs=<EMPTY_MAP>
2019-10-30 06:05:31,949 [pool-47-thread-1] INFO  server.RaftServerConfigKeys (ConfUtils.java:logGet(43)) - raft.server.storage.dir = [/workdir/hadoop-ozone/integration-test/target/test-dir/MiniOzoneClusterImpl-9b19e524-011a-4190-a309-f47c35af0e4e/datanode-2/data/ratis] (custom)
2019-10-30 06:05:31,949 [pool-47-thread-1] INFO  server.RaftServerConfigKeys (ConfUtils.java:logGet(43)) - raft.server.log.corruption.policy = EXCEPTION (default)
2019-10-30 06:05:31,950 [pool-47-thread-1] INFO  storage.RaftStorageDirectory (RaftStorageDirectory.java:analyzeStorage(246)) - The storage directory /workdir/hadoop-ozone/integration-test/target/test-dir/MiniOzoneClusterImpl-9b19e524-011a-4190-a309-f47c35af0e4e/datanode-2/data/ratis/55028169-3584-4748-a1dc-e99c5bdd80cf does not exist. Creating ...
2019-10-30 06:05:31,953 [Thread-196] INFO  impl.FollowerState (FollowerState.java:run(108)) - 4b4c7497-a7ec-4f2a-a6c9-18b9f4a92a5f@group-22EA9EE3B83C-FollowerState: change to CANDIDATE, lastRpcTime:38ms, electionTimeout:38ms
2019-10-30 06:05:31,953 [Thread-196] INFO  impl.RoleInfo (RoleInfo.java:shutdownFollowerState(121)) - 4b4c7497-a7ec-4f2a-a6c9-18b9f4a92a5f: shutdown FollowerState
2019-10-30 06:05:31,953 [Thread-196] INFO  impl.RaftServerImpl (RaftServerImpl.java:setRole(184)) - 4b4c7497-a7ec-4f2a-a6c9-18b9f4a92a5f@group-22EA9EE3B83C: changes role from  FOLLOWER to CANDIDATE at term 0 for changeToCandidate
2019-10-30 06:05:31,953 [Thread-196] INFO  impl.RoleInfo (RoleInfo.java:updateAndGet(143)) - 4b4c7497-a7ec-4f2a-a6c9-18b9f4a92a5f: start LeaderElection
2019-10-30 06:05:31,961 [pool-27-thread-1] INFO  storage.RaftStorageDirectory (RaftStorageDirectory.java:tryLock(328)) - Lock on /workdir/hadoop-ozone/integration-test/target/test-dir/MiniOzoneClusterImpl-9b19e524-011a-4190-a309-f47c35af0e4e/datanode-0/data/ratis/55028169-3584-4748-a1dc-e99c5bdd80cf/in_use.lock acquired by nodename 5186@pr-hdds-1643-9kfsj-1164326334
2019-10-30 06:05:31,962 [4b4c7497-a7ec-4f2a-a6c9-18b9f4a92a5f@group-22EA9EE3B83C-LeaderElection3] INFO  impl.LeaderElection (LeaderElection.java:askForVotes(178)) - 4b4c7497-a7ec-4f2a-a6c9-18b9f4a92a5f@group-22EA9EE3B83C-LeaderElection3: begin an election at term 1 for -1: [4b4c7497-a7ec-4f2a-a6c9-18b9f4a92a5f:192.168.34.21:41258], old=null
2019-10-30 06:05:31,961 [pool-47-thread-1] INFO  storage.RaftStorageDirectory (RaftStorageDirectory.java:tryLock(328)) - Lock on /workdir/hadoop-ozone/integration-test/target/test-dir/MiniOzoneClusterImpl-9b19e524-011a-4190-a309-f47c35af0e4e/datanode-2/data/ratis/55028169-3584-4748-a1dc-e99c5bdd80cf/in_use.lock acquired by nodename 5186@pr-hdds-1643-9kfsj-1164326334
2019-10-30 06:05:31,961 [pool-37-thread-1] INFO  storage.RaftStorageDirectory (RaftStorageDirectory.java:tryLock(328)) - Lock on /workdir/hadoop-ozone/integration-test/target/test-dir/MiniOzoneClusterImpl-9b19e524-011a-4190-a309-f47c35af0e4e/datanode-1/data/ratis/55028169-3584-4748-a1dc-e99c5bdd80cf/in_use.lock acquired by nodename 5186@pr-hdds-1643-9kfsj-1164326334
2019-10-30 06:05:31,962 [4b4c7497-a7ec-4f2a-a6c9-18b9f4a92a5f@group-22EA9EE3B83C-LeaderElection3] INFO  impl.RoleInfo (RoleInfo.java:shutdownLeaderElection(134)) - 4b4c7497-a7ec-4f2a-a6c9-18b9f4a92a5f: shutdown LeaderElection
2019-10-30 06:05:31,962 [4b4c7497-a7ec-4f2a-a6c9-18b9f4a92a5f@group-22EA9EE3B83C-LeaderElection3] INFO  impl.RaftServerImpl (RaftServerImpl.java:setRole(184)) - 4b4c7497-a7ec-4f2a-a6c9-18b9f4a92a5f@group-22EA9EE3B83C: changes role from CANDIDATE to LEADER at term 1 for changeToLeader
2019-10-30 06:05:31,962 [4b4c7497-a7ec-4f2a-a6c9-18b9f4a92a5f@group-22EA9EE3B83C-LeaderElection3] INFO  impl.RaftServerImpl (ServerState.java:setLeader(256)) - 4b4c7497-a7ec-4f2a-a6c9-18b9f4a92a5f@group-22EA9EE3B83C: change Leader from null to 4b4c7497-a7ec-4f2a-a6c9-18b9f4a92a5f at term 1 for becomeLeader, leader elected after 57ms
2019-10-30 06:05:31,962 [4b4c7497-a7ec-4f2a-a6c9-18b9f4a92a5f@group-22EA9EE3B83C-LeaderElection3] INFO  server.RaftServerConfigKeys (ConfUtils.java:logGet(43)) - raft.server.staging.catchup.gap = 1000 (default)
2019-10-30 06:05:31,962 [4b4c7497-a7ec-4f2a-a6c9-18b9f4a92a5f@group-22EA9EE3B83C-LeaderElection3] INFO  server.RaftServerConfigKeys (ConfUtils.java:logGet(43)) - raft.server.rpc.sleep.time = 25ms (default)
2019-10-30 06:05:31,963 [4b4c7497-a7ec-4f2a-a6c9-18b9f4a92a5f@group-22EA9EE3B83C-LeaderElection3] INFO  server.RaftServerConfigKeys (ConfUtils.java:logGet(43)) - raft.server.write.element-limit = 4096 (default)
2019-10-30 06:05:31,963 [4b4c7497-a7ec-4f2a-a6c9-18b9f4a92a5f@group-22EA9EE3B83C-LeaderElection3] INFO  server.RaftServerConfigKeys (ConfUtils.java:logGet(43)) - raft.server.watch.timeout = 10s (default)
2019-10-30 06:05:31,963 [4b4c7497-a7ec-4f2a-a6c9-18b9f4a92a5f@group-22EA9EE3B83C-LeaderElection3] INFO  server.RaftServerConfigKeys (ConfUtils.java:logGet(43)) - raft.server.watch.timeout.denomination = 1s (default)
2019-10-30 06:05:31,963 [4b4c7497-a7ec-4f2a-a6c9-18b9f4a92a5f@group-22EA9EE3B83C-LeaderElection3] INFO  server.RaftServerConfigKeys (ConfUtils.java:logGet(43)) - raft.server.watch.element-limit = 65536 (default)
2019-10-30 06:05:31,965 [4b4c7497-a7ec-4f2a-a6c9-18b9f4a92a5f@group-22EA9EE3B83C-LeaderElection3] INFO  impl.RoleInfo (RoleInfo.java:updateAndGet(143)) - 4b4c7497-a7ec-4f2a-a6c9-18b9f4a92a5f: start LeaderState
2019-10-30 06:05:31,965 [4b4c7497-a7ec-4f2a-a6c9-18b9f4a92a5f@group-22EA9EE3B83C-LeaderElection3] INFO  segmented.SegmentedRaftLogWorker (SegmentedRaftLogWorker.java:startLogSegment(385)) - 4b4c7497-a7ec-4f2a-a6c9-18b9f4a92a5f@group-22EA9EE3B83C-SegmentedRaftLogWorker: Starting segment from index:0
2019-10-30 06:05:31,966 [4b4c7497-a7ec-4f2a-a6c9-18b9f4a92a5f@group-22EA9EE3B83C-LeaderElection3] INFO  impl.RaftServerImpl (ServerState.java:setRaftConf(357)) - 4b4c7497-a7ec-4f2a-a6c9-18b9f4a92a5f@group-22EA9EE3B83C: set configuration 0: [4b4c7497-a7ec-4f2a-a6c9-18b9f4a92a5f:192.168.34.21:41258], old=null at 0
2019-10-30 06:05:31,987 [pool-47-thread-1] INFO  storage.RaftStorage (RaftStorage.java:format(84)) - Storage directory /workdir/hadoop-ozone/integration-test/target/test-dir/MiniOzoneClusterImpl-9b19e524-011a-4190-a309-f47c35af0e4e/datanode-2/data/ratis/55028169-3584-4748-a1dc-e99c5bdd80cf has been successfully formatted.
2019-10-30 06:05:31,987 [pool-27-thread-1] INFO  storage.RaftStorage (RaftStorage.java:format(84)) - Storage directory /workdir/hadoop-ozone/integration-test/target/test-dir/MiniOzoneClusterImpl-9b19e524-011a-4190-a309-f47c35af0e4e/datanode-0/data/ratis/55028169-3584-4748-a1dc-e99c5bdd80cf has been successfully formatted.
2019-10-30 06:05:31,987 [pool-37-thread-1] INFO  storage.RaftStorage (RaftStorage.java:format(84)) - Storage directory /workdir/hadoop-ozone/integration-test/target/test-dir/MiniOzoneClusterImpl-9b19e524-011a-4190-a309-f47c35af0e4e/datanode-1/data/ratis/55028169-3584-4748-a1dc-e99c5bdd80cf has been successfully formatted.
2019-10-30 06:05:31,987 [pool-47-thread-1] INFO  ratis.ContainerStateMachine (ContainerStateMachine.java:loadSnapshot(231)) - group-E99C5BDD80CF: The snapshot info is null. Setting the last applied indexto:(t:0, i:~)
2019-10-30 06:05:31,987 [pool-37-thread-1] INFO  ratis.ContainerStateMachine (ContainerStateMachine.java:loadSnapshot(231)) - group-E99C5BDD80CF: The snapshot info is null. Setting the last applied indexto:(t:0, i:~)
2019-10-30 06:05:31,987 [pool-47-thread-1] INFO  server.RaftServerConfigKeys (ConfUtils.java:logGet(43)) - raft.server.notification.no-leader.timeout = 1000s (custom)
2019-10-30 06:05:31,987 [pool-27-thread-1] INFO  ratis.ContainerStateMachine (ContainerStateMachine.java:loadSnapshot(231)) - group-E99C5BDD80CF: The snapshot info is null. Setting the last applied indexto:(t:0, i:~)
2019-10-30 06:05:31,987 [pool-47-thread-1] INFO  server.RaftServerConfigKeys (ConfUtils.java:logGet(43)) - raft.server.log.use.memory = false (default)
2019-10-30 06:05:31,987 [pool-37-thread-1] INFO  server.RaftServerConfigKeys (ConfUtils.java:logGet(43)) - raft.server.notification.no-leader.timeout = 1000s (custom)
2019-10-30 06:05:31,988 [pool-47-thread-1] INFO  server.RaftServerConfigKeys (ConfUtils.java:logGet(43)) - raft.server.log.purge.gap = 1000000 (custom)
2019-10-30 06:05:31,988 [pool-27-thread-1] INFO  server.RaftServerConfigKeys (ConfUtils.java:logGet(43)) - raft.server.notification.no-leader.timeout = 1000s (custom)
2019-10-30 06:05:31,988 [pool-47-thread-1] INFO  server.RaftServerConfigKeys (ConfUtils.java:logGet(43)) - raft.server.log.appender.buffer.byte-limit = 33554432 (custom)
2019-10-30 06:05:31,988 [pool-37-thread-1] INFO  server.RaftServerConfigKeys (ConfUtils.java:logGet(43)) - raft.server.log.use.memory = false (default)
2019-10-30 06:05:31,988 [pool-47-thread-1] INFO  server.RaftServerConfigKeys (ConfUtils.java:logGet(43)) - raft.server.log.segment.size.max = 1048576 (custom)
2019-10-30 06:05:31,988 [pool-27-thread-1] INFO  server.RaftServerConfigKeys (ConfUtils.java:logGet(43)) - raft.server.log.use.memory = false (default)
2019-10-30 06:05:31,988 [pool-47-thread-1] INFO  server.RaftServerConfigKeys (ConfUtils.java:logGet(43)) - raft.server.log.segment.cache.num.max = 2 (custom)
2019-10-30 06:05:31,988 [pool-37-thread-1] INFO  server.RaftServerConfigKeys (ConfUtils.java:logGet(43)) - raft.server.log.purge.gap = 1000000 (custom)
2019-10-30 06:05:31,988 [pool-47-thread-1] INFO  segmented.SegmentedRaftLogWorker (SegmentedRaftLogWorker.java:<init>(173)) - new 47e59444-ad4b-4d8b-b6f4-160f3329f764@group-E99C5BDD80CF-SegmentedRaftLogWorker for RaftStorage:Storage Directory /workdir/hadoop-ozone/integration-test/target/test-dir/MiniOzoneClusterImpl-9b19e524-011a-4190-a309-f47c35af0e4e/datanode-2/data/ratis/55028169-3584-4748-a1dc-e99c5bdd80cf
2019-10-30 06:05:31,988 [pool-27-thread-1] INFO  server.RaftServerConfigKeys (ConfUtils.java:logGet(43)) - raft.server.log.purge.gap = 1000000 (custom)
2019-10-30 06:05:31,989 [pool-47-thread-1] INFO  server.RaftServerConfigKeys (ConfUtils.java:logGet(43)) - raft.server.log.queue.byte-limit = 2147483647 (custom)
2019-10-30 06:05:31,989 [pool-37-thread-1] INFO  server.RaftServerConfigKeys (ConfUtils.java:logGet(43)) - raft.server.log.appender.buffer.byte-limit = 33554432 (custom)
2019-10-30 06:05:31,989 [pool-47-thread-1] INFO  server.RaftServerConfigKeys (ConfUtils.java:logGet(43)) - raft.server.log.queue.element-limit = 1024 (custom)
2019-10-30 06:05:31,989 [pool-27-thread-1] INFO  server.RaftServerConfigKeys (ConfUtils.java:logGet(43)) - raft.server.log.appender.buffer.byte-limit = 33554432 (custom)
2019-10-30 06:05:31,989 [pool-47-thread-1] INFO  server.RaftServerConfigKeys (ConfUtils.java:logGet(43)) - raft.server.log.segment.size.max = 1048576 (custom)
2019-10-30 06:05:31,989 [pool-37-thread-1] INFO  server.RaftServerConfigKeys (ConfUtils.java:logGet(43)) - raft.server.log.segment.size.max = 1048576 (custom)
2019-10-30 06:05:31,989 [pool-47-thread-1] INFO  server.RaftServerConfigKeys (ConfUtils.java:logGet(43)) - raft.server.log.preallocated.size = 16384 (custom)
2019-10-30 06:05:31,989 [pool-27-thread-1] INFO  server.RaftServerConfigKeys (ConfUtils.java:logGet(43)) - raft.server.log.segment.size.max = 1048576 (custom)
2019-10-30 06:05:31,989 [pool-47-thread-1] INFO  server.RaftServerConfigKeys (ConfUtils.java:logGet(43)) - raft.server.log.write.buffer.size = 33554432 (custom)
2019-10-30 06:05:31,989 [pool-37-thread-1] INFO  server.RaftServerConfigKeys (ConfUtils.java:logGet(43)) - raft.server.log.segment.cache.num.max = 2 (custom)
2019-10-30 06:05:31,990 [pool-47-thread-1] INFO  server.RaftServerConfigKeys (ConfUtils.java:logGet(43)) - raft.server.log.force.sync.num = 128 (default)
2019-10-30 06:05:31,990 [pool-27-thread-1] INFO  server.RaftServerConfigKeys (ConfUtils.java:logGet(43)) - raft.server.log.segment.cache.num.max = 2 (custom)
2019-10-30 06:05:31,990 [pool-47-thread-1] INFO  server.RaftServerConfigKeys (ConfUtils.java:logGet(43)) - raft.server.log.statemachine.data.sync = true (default)
2019-10-30 06:05:31,990 [pool-37-thread-1] INFO  segmented.SegmentedRaftLogWorker (SegmentedRaftLogWorker.java:<init>(173)) - new 4b4c7497-a7ec-4f2a-a6c9-18b9f4a92a5f@group-E99C5BDD80CF-SegmentedRaftLogWorker for RaftStorage:Storage Directory /workdir/hadoop-ozone/integration-test/target/test-dir/MiniOzoneClusterImpl-9b19e524-011a-4190-a309-f47c35af0e4e/datanode-1/data/ratis/55028169-3584-4748-a1dc-e99c5bdd80cf
2019-10-30 06:05:31,990 [pool-47-thread-1] INFO  server.RaftServerConfigKeys (ConfUtils.java:logGet(43)) - raft.server.log.statemachine.data.sync.timeout = 10s (default)
2019-10-30 06:05:31,990 [pool-27-thread-1] INFO  segmented.SegmentedRaftLogWorker (SegmentedRaftLogWorker.java:<init>(173)) - new 78a2ca6d-ab27-408c-be71-e2595a145569@group-E99C5BDD80CF-SegmentedRaftLogWorker for RaftStorage:Storage Directory /workdir/hadoop-ozone/integration-test/target/test-dir/MiniOzoneClusterImpl-9b19e524-011a-4190-a309-f47c35af0e4e/datanode-0/data/ratis/55028169-3584-4748-a1dc-e99c5bdd80cf
2019-10-30 06:05:31,990 [pool-47-thread-1] INFO  server.RaftServerConfigKeys (ConfUtils.java:logGet(43)) - raft.server.log.statemachine.data.sync.timeout.retry = -1 (default)
2019-10-30 06:05:31,990 [pool-37-thread-1] INFO  server.RaftServerConfigKeys (ConfUtils.java:logGet(43)) - raft.server.log.queue.byte-limit = 2147483647 (custom)
2019-10-30 06:05:31,990 [pool-27-thread-1] INFO  server.RaftServerConfigKeys (ConfUtils.java:logGet(43)) - raft.server.log.queue.byte-limit = 2147483647 (custom)
2019-10-30 06:05:31,991 [pool-47-thread-1] INFO  server.RaftServerConfigKeys (ConfUtils.java:logGet(43)) - raft.server.log.statemachine.data.caching.enabled = true (custom)
2019-10-30 06:05:31,991 [pool-37-thread-1] INFO  server.RaftServerConfigKeys (ConfUtils.java:logGet(43)) - raft.server.log.queue.element-limit = 1024 (custom)
2019-10-30 06:05:31,991 [pool-27-thread-1] INFO  server.RaftServerConfigKeys (ConfUtils.java:logGet(43)) - raft.server.log.queue.element-limit = 1024 (custom)
2019-10-30 06:05:31,991 [pool-47-thread-1] INFO  segmented.SegmentedRaftLogWorker (SegmentedRaftLogWorker.java:lambda$new$0(128)) - 47e59444-ad4b-4d8b-b6f4-160f3329f764@group-E99C5BDD80CF-SegmentedRaftLogWorker: flushIndex: setUnconditionally 0 -> -1
2019-10-30 06:05:31,991 [pool-37-thread-1] INFO  server.RaftServerConfigKeys (ConfUtils.java:logGet(43)) - raft.server.log.segment.size.max = 1048576 (custom)
2019-10-30 06:05:31,991 [pool-27-thread-1] INFO  server.RaftServerConfigKeys (ConfUtils.java:logGet(43)) - raft.server.log.segment.size.max = 1048576 (custom)
2019-10-30 06:05:31,991 [pool-47-thread-1] INFO  server.RaftServerConfigKeys (ConfUtils.java:logGet(43)) - raft.server.snapshot.auto.trigger.enabled = true (custom)
2019-10-30 06:05:31,991 [pool-37-thread-1] INFO  server.RaftServerConfigKeys (ConfUtils.java:logGet(43)) - raft.server.log.preallocated.size = 16384 (custom)
2019-10-30 06:05:31,992 [pool-47-thread-1] INFO  server.RaftServerConfigKeys (ConfUtils.java:logGet(43)) - raft.server.snapshot.auto.trigger.threshold = 10000 (custom)
2019-10-30 06:05:31,991 [pool-27-thread-1] INFO  server.RaftServerConfigKeys (ConfUtils.java:logGet(43)) - raft.server.log.preallocated.size = 16384 (custom)
2019-10-30 06:05:31,992 [pool-47-thread-1] INFO  server.RaftServerConfigKeys (ConfUtils.java:logGet(43)) - raft.server.snapshot.retention.file.num = 5 (custom)
2019-10-30 06:05:31,992 [pool-37-thread-1] INFO  server.RaftServerConfigKeys (ConfUtils.java:logGet(43)) - raft.server.log.write.buffer.size = 33554432 (custom)
2019-10-30 06:05:31,992 [pool-27-thread-1] INFO  server.RaftServerConfigKeys (ConfUtils.java:logGet(43)) - raft.server.log.write.buffer.size = 33554432 (custom)
2019-10-30 06:05:31,992 [pool-27-thread-1] INFO  server.RaftServerConfigKeys (ConfUtils.java:logGet(43)) - raft.server.log.force.sync.num = 128 (default)
2019-10-30 06:05:31,992 [pool-27-thread-1] INFO  server.RaftServerConfigKeys (ConfUtils.java:logGet(43)) - raft.server.log.statemachine.data.sync = true (default)
2019-10-30 06:05:31,992 [pool-27-thread-1] INFO  server.RaftServerConfigKeys (ConfUtils.java:logGet(43)) - raft.server.log.statemachine.data.sync.timeout = 10s (default)
2019-10-30 06:05:31,992 [pool-27-thread-1] INFO  server.RaftServerConfigKeys (ConfUtils.java:logGet(43)) - raft.server.log.statemachine.data.sync.timeout.retry = -1 (default)
2019-10-30 06:05:31,993 [pool-27-thread-1] INFO  server.RaftServerConfigKeys (ConfUtils.java:logGet(43)) - raft.server.log.statemachine.data.caching.enabled = true (custom)
2019-10-30 06:05:31,993 [pool-27-thread-1] INFO  segmented.SegmentedRaftLogWorker (SegmentedRaftLogWorker.java:lambda$new$0(128)) - 78a2ca6d-ab27-408c-be71-e2595a145569@group-E99C5BDD80CF-SegmentedRaftLogWorker: flushIndex: setUnconditionally 0 -> -1
2019-10-30 06:05:31,993 [pool-37-thread-1] INFO  server.RaftServerConfigKeys (ConfUtils.java:logGet(43)) - raft.server.log.force.sync.num = 128 (default)
2019-10-30 06:05:31,993 [pool-27-thread-1] INFO  server.RaftServerConfigKeys (ConfUtils.java:logGet(43)) - raft.server.snapshot.auto.trigger.enabled = true (custom)
2019-10-30 06:05:31,993 [pool-37-thread-1] INFO  server.RaftServerConfigKeys (ConfUtils.java:logGet(43)) - raft.server.log.statemachine.data.sync = true (default)
2019-10-30 06:05:31,993 [pool-27-thread-1] INFO  server.RaftServerConfigKeys (ConfUtils.java:logGet(43)) - raft.server.snapshot.auto.trigger.threshold = 10000 (custom)
2019-10-30 06:05:31,993 [pool-37-thread-1] INFO  server.RaftServerConfigKeys (ConfUtils.java:logGet(43)) - raft.server.log.statemachine.data.sync.timeout = 10s (default)
2019-10-30 06:05:31,993 [pool-27-thread-1] INFO  server.RaftServerConfigKeys (ConfUtils.java:logGet(43)) - raft.server.snapshot.retention.file.num = 5 (custom)
2019-10-30 06:05:31,994 [pool-47-thread-1] INFO  server.RaftServerConfigKeys (ConfUtils.java:logGet(43)) - raft.server.retrycache.expirytime = 600000ms (custom)
2019-10-30 06:05:31,994 [pool-27-thread-1] INFO  server.RaftServerConfigKeys (ConfUtils.java:logGet(43)) - raft.server.retrycache.expirytime = 600000ms (custom)
2019-10-30 06:05:31,994 [pool-37-thread-1] INFO  server.RaftServerConfigKeys (ConfUtils.java:logGet(43)) - raft.server.log.statemachine.data.sync.timeout.retry = -1 (default)
2019-10-30 06:05:31,994 [pool-37-thread-1] INFO  server.RaftServerConfigKeys (ConfUtils.java:logGet(43)) - raft.server.log.statemachine.data.caching.enabled = true (custom)
2019-10-30 06:05:31,994 [pool-37-thread-1] INFO  segmented.SegmentedRaftLogWorker (SegmentedRaftLogWorker.java:lambda$new$0(128)) - 4b4c7497-a7ec-4f2a-a6c9-18b9f4a92a5f@group-E99C5BDD80CF-SegmentedRaftLogWorker: flushIndex: setUnconditionally 0 -> -1
2019-10-30 06:05:31,995 [pool-37-thread-1] INFO  server.RaftServerConfigKeys (ConfUtils.java:logGet(43)) - raft.server.snapshot.auto.trigger.enabled = true (custom)
2019-10-30 06:05:31,995 [pool-37-thread-1] INFO  server.RaftServerConfigKeys (ConfUtils.java:logGet(43)) - raft.server.snapshot.auto.trigger.threshold = 10000 (custom)
2019-10-30 06:05:31,995 [pool-37-thread-1] INFO  server.RaftServerConfigKeys (ConfUtils.java:logGet(43)) - raft.server.snapshot.retention.file.num = 5 (custom)
2019-10-30 06:05:31,995 [pool-37-thread-1] INFO  server.RaftServerConfigKeys (ConfUtils.java:logGet(43)) - raft.server.retrycache.expirytime = 600000ms (custom)
2019-10-30 06:05:31,998 [pool-47-thread-1] INFO  impl.RaftServerImpl (RaftServerImpl.java:start(195)) - 47e59444-ad4b-4d8b-b6f4-160f3329f764@group-E99C5BDD80CF: start as a follower, conf=-1: [78a2ca6d-ab27-408c-be71-e2595a145569:192.168.34.21:37717, 4b4c7497-a7ec-4f2a-a6c9-18b9f4a92a5f:192.168.34.21:41258, 47e59444-ad4b-4d8b-b6f4-160f3329f764:192.168.34.21:39722], old=null
2019-10-30 06:05:31,998 [pool-27-thread-1] INFO  impl.RaftServerImpl (RaftServerImpl.java:start(195)) - 78a2ca6d-ab27-408c-be71-e2595a145569@group-E99C5BDD80CF: start as a follower, conf=-1: [78a2ca6d-ab27-408c-be71-e2595a145569:192.168.34.21:37717, 4b4c7497-a7ec-4f2a-a6c9-18b9f4a92a5f:192.168.34.21:41258, 47e59444-ad4b-4d8b-b6f4-160f3329f764:192.168.34.21:39722], old=null
2019-10-30 06:05:31,998 [pool-47-thread-1] INFO  impl.RaftServerImpl (RaftServerImpl.java:setRole(184)) - 47e59444-ad4b-4d8b-b6f4-160f3329f764@group-E99C5BDD80CF: changes role from      null to FOLLOWER at term 0 for startAsFollower
2019-10-30 06:05:31,998 [pool-27-thread-1] INFO  impl.RaftServerImpl (RaftServerImpl.java:setRole(184)) - 78a2ca6d-ab27-408c-be71-e2595a145569@group-E99C5BDD80CF: changes role from      null to FOLLOWER at term 0 for startAsFollower
2019-10-30 06:05:31,998 [pool-47-thread-1] INFO  impl.RoleInfo (RoleInfo.java:updateAndGet(143)) - 47e59444-ad4b-4d8b-b6f4-160f3329f764: start FollowerState
2019-10-30 06:05:31,998 [pool-27-thread-1] INFO  impl.RoleInfo (RoleInfo.java:updateAndGet(143)) - 78a2ca6d-ab27-408c-be71-e2595a145569: start FollowerState
2019-10-30 06:05:31,998 [pool-37-thread-1] INFO  impl.RaftServerImpl (RaftServerImpl.java:start(195)) - 4b4c7497-a7ec-4f2a-a6c9-18b9f4a92a5f@group-E99C5BDD80CF: start as a follower, conf=-1: [78a2ca6d-ab27-408c-be71-e2595a145569:192.168.34.21:37717, 4b4c7497-a7ec-4f2a-a6c9-18b9f4a92a5f:192.168.34.21:41258, 47e59444-ad4b-4d8b-b6f4-160f3329f764:192.168.34.21:39722], old=null
2019-10-30 06:05:31,999 [pool-37-thread-1] INFO  impl.RaftServerImpl (RaftServerImpl.java:setRole(184)) - 4b4c7497-a7ec-4f2a-a6c9-18b9f4a92a5f@group-E99C5BDD80CF: changes role from      null to FOLLOWER at term 0 for startAsFollower
2019-10-30 06:05:31,999 [pool-47-thread-1] INFO  util.JmxRegister (JmxRegister.java:tryRegister(44)) - Successfully registered JMX Bean with object name Ratis:service=RaftServer,group=group-E99C5BDD80CF,id=47e59444-ad4b-4d8b-b6f4-160f3329f764
2019-10-30 06:05:31,999 [pool-27-thread-1] INFO  util.JmxRegister (JmxRegister.java:tryRegister(44)) - Successfully registered JMX Bean with object name Ratis:service=RaftServer,group=group-E99C5BDD80CF,id=78a2ca6d-ab27-408c-be71-e2595a145569
2019-10-30 06:05:31,999 [pool-37-thread-1] INFO  impl.RoleInfo (RoleInfo.java:updateAndGet(143)) - 4b4c7497-a7ec-4f2a-a6c9-18b9f4a92a5f: start FollowerState
2019-10-30 06:05:31,999 [pool-37-thread-1] INFO  util.JmxRegister (JmxRegister.java:tryRegister(44)) - Successfully registered JMX Bean with object name Ratis:service=RaftServer,group=group-E99C5BDD80CF,id=4b4c7497-a7ec-4f2a-a6c9-18b9f4a92a5f
2019-10-30 06:05:32,017 [RatisPipelineUtilsThread] INFO  pipeline.PipelineStateManager (PipelineStateManager.java:addPipeline(56)) - Created pipeline Pipeline[ Id: 55028169-3584-4748-a1dc-e99c5bdd80cf, Nodes: 78a2ca6d-ab27-408c-be71-e2595a145569{ip: 192.168.34.21, host: pr-hdds-1643-9kfsj-1164326334, networkLocation: /default-rack, certSerialId: null}47e59444-ad4b-4d8b-b6f4-160f3329f764{ip: 192.168.34.21, host: pr-hdds-1643-9kfsj-1164326334, networkLocation: /default-rack, certSerialId: null}4b4c7497-a7ec-4f2a-a6c9-18b9f4a92a5f{ip: 192.168.34.21, host: pr-hdds-1643-9kfsj-1164326334, networkLocation: /default-rack, certSerialId: null}, Type:RATIS, Factor:THREE, State:OPEN]
2019-10-30 06:05:32,030 [Thread-204] INFO  impl.FollowerState (FollowerState.java:run(108)) - 78a2ca6d-ab27-408c-be71-e2595a145569@group-E99C5BDD80CF-FollowerState: change to CANDIDATE, lastRpcTime:31ms, electionTimeout:31ms
2019-10-30 06:05:32,030 [Thread-204] INFO  impl.RoleInfo (RoleInfo.java:shutdownFollowerState(121)) - 78a2ca6d-ab27-408c-be71-e2595a145569: shutdown FollowerState
2019-10-30 06:05:32,030 [Thread-204] INFO  impl.RaftServerImpl (RaftServerImpl.java:setRole(184)) - 78a2ca6d-ab27-408c-be71-e2595a145569@group-E99C5BDD80CF: changes role from  FOLLOWER to CANDIDATE at term 0 for changeToCandidate
2019-10-30 06:05:32,031 [Thread-204] INFO  impl.RoleInfo (RoleInfo.java:updateAndGet(143)) - 78a2ca6d-ab27-408c-be71-e2595a145569: start LeaderElection
2019-10-30 06:05:32,046 [78a2ca6d-ab27-408c-be71-e2595a145569@group-E99C5BDD80CF-LeaderElection4] INFO  impl.LeaderElection (LeaderElection.java:askForVotes(178)) - 78a2ca6d-ab27-408c-be71-e2595a145569@group-E99C5BDD80CF-LeaderElection4: begin an election at term 1 for -1: [78a2ca6d-ab27-408c-be71-e2595a145569:192.168.34.21:37717, 4b4c7497-a7ec-4f2a-a6c9-18b9f4a92a5f:192.168.34.21:41258, 47e59444-ad4b-4d8b-b6f4-160f3329f764:192.168.34.21:39722], old=null
2019-10-30 06:05:32,086 [grpc-default-executor-1] INFO  impl.RaftServerImpl (RaftServerImpl.java:setRole(184)) - 4b4c7497-a7ec-4f2a-a6c9-18b9f4a92a5f@group-E99C5BDD80CF: changes role from  FOLLOWER to FOLLOWER at term 1 for recognizeCandidate:78a2ca6d-ab27-408c-be71-e2595a145569
2019-10-30 06:05:32,086 [grpc-default-executor-0] INFO  impl.RaftServerImpl (RaftServerImpl.java:setRole(184)) - 47e59444-ad4b-4d8b-b6f4-160f3329f764@group-E99C5BDD80CF: changes role from  FOLLOWER to FOLLOWER at term 1 for recognizeCandidate:78a2ca6d-ab27-408c-be71-e2595a145569
2019-10-30 06:05:32,087 [grpc-default-executor-1] INFO  impl.RoleInfo (RoleInfo.java:shutdownFollowerState(121)) - 4b4c7497-a7ec-4f2a-a6c9-18b9f4a92a5f: shutdown FollowerState
2019-10-30 06:05:32,087 [grpc-default-executor-0] INFO  impl.RoleInfo (RoleInfo.java:shutdownFollowerState(121)) - 47e59444-ad4b-4d8b-b6f4-160f3329f764: shutdown FollowerState
2019-10-30 06:05:32,087 [grpc-default-executor-1] INFO  impl.RoleInfo (RoleInfo.java:updateAndGet(143)) - 4b4c7497-a7ec-4f2a-a6c9-18b9f4a92a5f: start FollowerState
2019-10-30 06:05:32,087 [Thread-205] INFO  impl.FollowerState (FollowerState.java:run(117)) - 4b4c7497-a7ec-4f2a-a6c9-18b9f4a92a5f@group-E99C5BDD80CF-FollowerState was interrupted: java.lang.InterruptedException: sleep interrupted
2019-10-30 06:05:32,087 [grpc-default-executor-0] INFO  impl.RoleInfo (RoleInfo.java:updateAndGet(143)) - 47e59444-ad4b-4d8b-b6f4-160f3329f764: start FollowerState
2019-10-30 06:05:32,087 [Thread-203] INFO  impl.FollowerState (FollowerState.java:run(117)) - 47e59444-ad4b-4d8b-b6f4-160f3329f764@group-E99C5BDD80CF-FollowerState was interrupted: java.lang.InterruptedException: sleep interrupted
2019-10-30 06:05:32,091 [4b4c7497-a7ec-4f2a-a6c9-18b9f4a92a5f@group-22EA9EE3B83C-SegmentedRaftLogWorker] INFO  segmented.SegmentedRaftLogWorker (SegmentedRaftLogWorker.java:execute(576)) - 4b4c7497-a7ec-4f2a-a6c9-18b9f4a92a5f@group-22EA9EE3B83C-SegmentedRaftLogWorker: created new log segment /workdir/hadoop-ozone/integration-test/target/test-dir/MiniOzoneClusterImpl-9b19e524-011a-4190-a309-f47c35af0e4e/datanode-1/data/ratis/3add86ff-45bf-4d07-b605-22ea9ee3b83c/current/log_inprogress_0
2019-10-30 06:05:32,091 [78a2ca6d-ab27-408c-be71-e2595a145569@group-B6C7AD952992-SegmentedRaftLogWorker] INFO  segmented.SegmentedRaftLogWorker (SegmentedRaftLogWorker.java:execute(576)) - 78a2ca6d-ab27-408c-be71-e2595a145569@group-B6C7AD952992-SegmentedRaftLogWorker: created new log segment /workdir/hadoop-ozone/integration-test/target/test-dir/MiniOzoneClusterImpl-9b19e524-011a-4190-a309-f47c35af0e4e/datanode-0/data/ratis/b58bb5b3-dd26-48fa-ba1b-b6c7ad952992/current/log_inprogress_0
2019-10-30 06:05:32,091 [47e59444-ad4b-4d8b-b6f4-160f3329f764@group-E3C98E88127D-SegmentedRaftLogWorker] INFO  segmented.SegmentedRaftLogWorker (SegmentedRaftLogWorker.java:execute(576)) - 47e59444-ad4b-4d8b-b6f4-160f3329f764@group-E3C98E88127D-SegmentedRaftLogWorker: created new log segment /workdir/hadoop-ozone/integration-test/target/test-dir/MiniOzoneClusterImpl-9b19e524-011a-4190-a309-f47c35af0e4e/datanode-2/data/ratis/d8ac9e72-8405-48ed-994f-e3c98e88127d/current/log_inprogress_0
2019-10-30 06:05:32,093 [78a2ca6d-ab27-408c-be71-e2595a145569@group-E99C5BDD80CF-LeaderElection4] INFO  impl.LeaderElection (LeaderElection.java:logAndReturn(56)) - 78a2ca6d-ab27-408c-be71-e2595a145569@group-E99C5BDD80CF-LeaderElection4: Election TIMEOUT; received 0 response(s) [] and 0 exception(s); 78a2ca6d-ab27-408c-be71-e2595a145569@group-E99C5BDD80CF:t1, leader=null, voted=78a2ca6d-ab27-408c-be71-e2595a145569, raftlog=78a2ca6d-ab27-408c-be71-e2595a145569@group-E99C5BDD80CF-SegmentedRaftLog:OPENED:c-1,f-1,i0, conf=-1: [78a2ca6d-ab27-408c-be71-e2595a145569:192.168.34.21:37717, 4b4c7497-a7ec-4f2a-a6c9-18b9f4a92a5f:192.168.34.21:41258, 47e59444-ad4b-4d8b-b6f4-160f3329f764:192.168.34.21:39722], old=null
2019-10-30 06:05:32,104 [78a2ca6d-ab27-408c-be71-e2595a145569@group-E99C5BDD80CF-LeaderElection4] INFO  impl.LeaderElection (LeaderElection.java:askForVotes(178)) - 78a2ca6d-ab27-408c-be71-e2595a145569@group-E99C5BDD80CF-LeaderElection4: begin an election at term 2 for -1: [78a2ca6d-ab27-408c-be71-e2595a145569:192.168.34.21:37717, 4b4c7497-a7ec-4f2a-a6c9-18b9f4a92a5f:192.168.34.21:41258, 47e59444-ad4b-4d8b-b6f4-160f3329f764:192.168.34.21:39722], old=null
2019-10-30 06:05:32,114 [grpc-default-executor-0] INFO  impl.RaftServerImpl (RaftServerImpl.java:setRole(184)) - 47e59444-ad4b-4d8b-b6f4-160f3329f764@group-E99C5BDD80CF: changes role from  FOLLOWER to FOLLOWER at term 2 for recognizeCandidate:78a2ca6d-ab27-408c-be71-e2595a145569
2019-10-30 06:05:32,114 [grpc-default-executor-1] INFO  impl.RaftServerImpl (RaftServerImpl.java:setRole(184)) - 4b4c7497-a7ec-4f2a-a6c9-18b9f4a92a5f@group-E99C5BDD80CF: changes role from  FOLLOWER to FOLLOWER at term 2 for recognizeCandidate:78a2ca6d-ab27-408c-be71-e2595a145569
2019-10-30 06:05:32,115 [grpc-default-executor-0] INFO  impl.RoleInfo (RoleInfo.java:shutdownFollowerState(121)) - 47e59444-ad4b-4d8b-b6f4-160f3329f764: shutdown FollowerState
2019-10-30 06:05:32,115 [grpc-default-executor-1] INFO  impl.RoleInfo (RoleInfo.java:shutdownFollowerState(121)) - 4b4c7497-a7ec-4f2a-a6c9-18b9f4a92a5f: shutdown FollowerState
2019-10-30 06:05:32,115 [grpc-default-executor-0] INFO  impl.RoleInfo (RoleInfo.java:updateAndGet(143)) - 47e59444-ad4b-4d8b-b6f4-160f3329f764: start FollowerState
2019-10-30 06:05:32,115 [Thread-213] INFO  impl.FollowerState (FollowerState.java:run(117)) - 47e59444-ad4b-4d8b-b6f4-160f3329f764@group-E99C5BDD80CF-FollowerState was interrupted: java.lang.InterruptedException: sleep interrupted
2019-10-30 06:05:32,115 [grpc-default-executor-1] INFO  impl.RoleInfo (RoleInfo.java:updateAndGet(143)) - 4b4c7497-a7ec-4f2a-a6c9-18b9f4a92a5f: start FollowerState
2019-10-30 06:05:32,115 [Thread-212] INFO  impl.FollowerState (FollowerState.java:run(117)) - 4b4c7497-a7ec-4f2a-a6c9-18b9f4a92a5f@group-E99C5BDD80CF-FollowerState was interrupted: java.lang.InterruptedException: sleep interrupted
2019-10-30 06:05:32,134 [78a2ca6d-ab27-408c-be71-e2595a145569@group-E99C5BDD80CF-LeaderElection4] INFO  impl.LeaderElection (LeaderElection.java:logAndReturn(56)) - 78a2ca6d-ab27-408c-be71-e2595a145569@group-E99C5BDD80CF-LeaderElection4: Election PASSED; received 1 response(s) [78a2ca6d-ab27-408c-be71-e2595a145569<-47e59444-ad4b-4d8b-b6f4-160f3329f764#0:OK-t2] and 0 exception(s); 78a2ca6d-ab27-408c-be71-e2595a145569@group-E99C5BDD80CF:t2, leader=null, voted=78a2ca6d-ab27-408c-be71-e2595a145569, raftlog=78a2ca6d-ab27-408c-be71-e2595a145569@group-E99C5BDD80CF-SegmentedRaftLog:OPENED:c-1,f-1,i0, conf=-1: [78a2ca6d-ab27-408c-be71-e2595a145569:192.168.34.21:37717, 4b4c7497-a7ec-4f2a-a6c9-18b9f4a92a5f:192.168.34.21:41258, 47e59444-ad4b-4d8b-b6f4-160f3329f764:192.168.34.21:39722], old=null
2019-10-30 06:05:32,134 [78a2ca6d-ab27-408c-be71-e2595a145569@group-E99C5BDD80CF-LeaderElection4] INFO  impl.RoleInfo (RoleInfo.java:shutdownLeaderElection(134)) - 78a2ca6d-ab27-408c-be71-e2595a145569: shutdown LeaderElection
2019-10-30 06:05:32,135 [78a2ca6d-ab27-408c-be71-e2595a145569@group-E99C5BDD80CF-LeaderElection4] INFO  impl.RaftServerImpl (RaftServerImpl.java:setRole(184)) - 78a2ca6d-ab27-408c-be71-e2595a145569@group-E99C5BDD80CF: changes role from CANDIDATE to LEADER at term 2 for changeToLeader
2019-10-30 06:05:32,135 [78a2ca6d-ab27-408c-be71-e2595a145569@group-E99C5BDD80CF-LeaderElection4] INFO  impl.RaftServerImpl (ServerState.java:setLeader(256)) - 78a2ca6d-ab27-408c-be71-e2595a145569@group-E99C5BDD80CF: change Leader from null to 78a2ca6d-ab27-408c-be71-e2595a145569 at term 2 for becomeLeader, leader elected after 147ms
2019-10-30 06:05:32,135 [78a2ca6d-ab27-408c-be71-e2595a145569@group-E99C5BDD80CF-LeaderElection4] INFO  server.RaftServerConfigKeys (ConfUtils.java:logGet(43)) - raft.server.staging.catchup.gap = 1000 (default)
2019-10-30 06:05:32,135 [78a2ca6d-ab27-408c-be71-e2595a145569@group-E99C5BDD80CF-LeaderElection4] INFO  server.RaftServerConfigKeys (ConfUtils.java:logGet(43)) - raft.server.rpc.sleep.time = 25ms (default)
2019-10-30 06:05:32,136 [78a2ca6d-ab27-408c-be71-e2595a145569@group-E99C5BDD80CF-LeaderElection4] INFO  server.RaftServerConfigKeys (ConfUtils.java:logGet(43)) - raft.server.write.element-limit = 4096 (default)
2019-10-30 06:05:32,136 [78a2ca6d-ab27-408c-be71-e2595a145569@group-E99C5BDD80CF-LeaderElection4] INFO  server.RaftServerConfigKeys (ConfUtils.java:logGet(43)) - raft.server.watch.timeout = 10s (default)
2019-10-30 06:05:32,136 [78a2ca6d-ab27-408c-be71-e2595a145569@group-E99C5BDD80CF-LeaderElection4] INFO  server.RaftServerConfigKeys (ConfUtils.java:logGet(43)) - raft.server.watch.timeout.denomination = 1s (default)
2019-10-30 06:05:32,136 [78a2ca6d-ab27-408c-be71-e2595a145569@group-E99C5BDD80CF-LeaderElection4] INFO  server.RaftServerConfigKeys (ConfUtils.java:logGet(43)) - raft.server.watch.element-limit = 65536 (default)
2019-10-30 06:05:32,140 [78a2ca6d-ab27-408c-be71-e2595a145569@group-E99C5BDD80CF-LeaderElection4] INFO  server.RaftServerConfigKeys (ConfUtils.java:logGet(43)) - raft.server.log.appender.snapshot.chunk.size.max = 16MB (=16777216) (default)
2019-10-30 06:05:32,140 [78a2ca6d-ab27-408c-be71-e2595a145569@group-E99C5BDD80CF-LeaderElection4] INFO  server.RaftServerConfigKeys (ConfUtils.java:logGet(43)) - raft.server.log.appender.buffer.byte-limit = 33554432 (custom)
2019-10-30 06:05:32,141 [78a2ca6d-ab27-408c-be71-e2595a145569@group-E99C5BDD80CF-LeaderElection4] INFO  server.RaftServerConfigKeys (ConfUtils.java:logGet(43)) - raft.server.log.appender.buffer.element-limit = 1 (custom)
2019-10-30 06:05:32,143 [78a2ca6d-ab27-408c-be71-e2595a145569@group-E99C5BDD80CF-LeaderElection4] INFO  grpc.GrpcConfigKeys$Server (ConfUtils.java:logGet(43)) - raft.grpc.server.leader.outstanding.appends.max = 128 (default)
2019-10-30 06:05:32,144 [78a2ca6d-ab27-408c-be71-e2595a145569@group-E99C5BDD80CF-LeaderElection4] INFO  server.RaftServerConfigKeys (ConfUtils.java:logGet(43)) - raft.server.rpc.request.timeout = 3000ms (default)
2019-10-30 06:05:32,144 [78a2ca6d-ab27-408c-be71-e2595a145569@group-E99C5BDD80CF-LeaderElection4] INFO  server.RaftServerConfigKeys (ConfUtils.java:logGet(43)) - raft.server.log.appender.install.snapshot.enabled = false (custom)
2019-10-30 06:05:32,147 [78a2ca6d-ab27-408c-be71-e2595a145569@group-E99C5BDD80CF-LeaderElection4] INFO  server.RaftServerConfigKeys (ConfUtils.java:logGet(43)) - raft.server.log.appender.snapshot.chunk.size.max = 16MB (=16777216) (default)
2019-10-30 06:05:32,147 [78a2ca6d-ab27-408c-be71-e2595a145569@group-E99C5BDD80CF-LeaderElection4] INFO  server.RaftServerConfigKeys (ConfUtils.java:logGet(43)) - raft.server.log.appender.buffer.byte-limit = 33554432 (custom)
2019-10-30 06:05:32,147 [78a2ca6d-ab27-408c-be71-e2595a145569@group-E99C5BDD80CF-LeaderElection4] INFO  server.RaftServerConfigKeys (ConfUtils.java:logGet(43)) - raft.server.log.appender.buffer.element-limit = 1 (custom)
2019-10-30 06:05:32,147 [78a2ca6d-ab27-408c-be71-e2595a145569@group-E99C5BDD80CF-LeaderElection4] INFO  grpc.GrpcConfigKeys$Server (ConfUtils.java:logGet(43)) - raft.grpc.server.leader.outstanding.appends.max = 128 (default)
2019-10-30 06:05:32,147 [78a2ca6d-ab27-408c-be71-e2595a145569@group-E99C5BDD80CF-LeaderElection4] INFO  server.RaftServerConfigKeys (ConfUtils.java:logGet(43)) - raft.server.rpc.request.timeout = 3000ms (default)
2019-10-30 06:05:32,147 [78a2ca6d-ab27-408c-be71-e2595a145569@group-E99C5BDD80CF-LeaderElection4] INFO  server.RaftServerConfigKeys (ConfUtils.java:logGet(43)) - raft.server.log.appender.install.snapshot.enabled = false (custom)
2019-10-30 06:05:32,151 [78a2ca6d-ab27-408c-be71-e2595a145569@group-E99C5BDD80CF-LeaderElection4] INFO  impl.RoleInfo (RoleInfo.java:updateAndGet(143)) - 78a2ca6d-ab27-408c-be71-e2595a145569: start LeaderState
2019-10-30 06:05:32,151 [78a2ca6d-ab27-408c-be71-e2595a145569@group-E99C5BDD80CF-LeaderElection4] INFO  segmented.SegmentedRaftLogWorker (SegmentedRaftLogWorker.java:startLogSegment(385)) - 78a2ca6d-ab27-408c-be71-e2595a145569@group-E99C5BDD80CF-SegmentedRaftLogWorker: Starting segment from index:0
2019-10-30 06:05:32,152 [78a2ca6d-ab27-408c-be71-e2595a145569@group-E99C5BDD80CF-LeaderElection4] INFO  impl.RaftServerImpl (ServerState.java:setRaftConf(357)) - 78a2ca6d-ab27-408c-be71-e2595a145569@group-E99C5BDD80CF: set configuration 0: [78a2ca6d-ab27-408c-be71-e2595a145569:192.168.34.21:37717, 4b4c7497-a7ec-4f2a-a6c9-18b9f4a92a5f:192.168.34.21:41258, 47e59444-ad4b-4d8b-b6f4-160f3329f764:192.168.34.21:39722], old=null at 0
2019-10-30 06:05:32,182 [Thread-216] INFO  impl.FollowerState (FollowerState.java:run(108)) - 47e59444-ad4b-4d8b-b6f4-160f3329f764@group-E99C5BDD80CF-FollowerState: change to CANDIDATE, lastRpcTime:66ms, electionTimeout:59ms
2019-10-30 06:05:32,182 [main] INFO  ozone.MiniOzoneClusterImpl (MiniOzoneClusterImpl.java:lambda$waitForClusterToBeReady$0(147)) - Cluster is ready. Got 3 of 3 DN Heartbeats.
2019-10-30 06:05:32,184 [Thread-216] INFO  impl.RoleInfo (RoleInfo.java:shutdownFollowerState(121)) - 47e59444-ad4b-4d8b-b6f4-160f3329f764: shutdown FollowerState
2019-10-30 06:05:32,184 [Thread-216] INFO  impl.RaftServerImpl (RaftServerImpl.java:setRole(184)) - 47e59444-ad4b-4d8b-b6f4-160f3329f764@group-E99C5BDD80CF: changes role from  FOLLOWER to CANDIDATE at term 2 for changeToCandidate
2019-10-30 06:05:32,185 [Thread-216] INFO  impl.RoleInfo (RoleInfo.java:updateAndGet(143)) - 47e59444-ad4b-4d8b-b6f4-160f3329f764: start LeaderElection
2019-10-30 06:05:32,195 [78a2ca6d-ab27-408c-be71-e2595a145569@group-E99C5BDD80CF-SegmentedRaftLogWorker] INFO  segmented.SegmentedRaftLogWorker (SegmentedRaftLogWorker.java:execute(576)) - 78a2ca6d-ab27-408c-be71-e2595a145569@group-E99C5BDD80CF-SegmentedRaftLogWorker: created new log segment /workdir/hadoop-ozone/integration-test/target/test-dir/MiniOzoneClusterImpl-9b19e524-011a-4190-a309-f47c35af0e4e/datanode-0/data/ratis/55028169-3584-4748-a1dc-e99c5bdd80cf/current/log_inprogress_0
2019-10-30 06:05:32,195 [47e59444-ad4b-4d8b-b6f4-160f3329f764@group-E99C5BDD80CF-LeaderElection5] INFO  impl.LeaderElection (LeaderElection.java:askForVotes(178)) - 47e59444-ad4b-4d8b-b6f4-160f3329f764@group-E99C5BDD80CF-LeaderElection5: begin an election at term 3 for -1: [78a2ca6d-ab27-408c-be71-e2595a145569:192.168.34.21:37717, 4b4c7497-a7ec-4f2a-a6c9-18b9f4a92a5f:192.168.34.21:41258, 47e59444-ad4b-4d8b-b6f4-160f3329f764:192.168.34.21:39722], old=null
2019-10-30 06:05:32,208 [grpc-default-executor-2] INFO  impl.RaftServerImpl (ServerState.java:setLeader(256)) - 78a2ca6d-ab27-408c-be71-e2595a145569@group-E99C5BDD80CF: change Leader from 78a2ca6d-ab27-408c-be71-e2595a145569 to null at term 3 for updateCurrentTerm
2019-10-30 06:05:32,209 [grpc-default-executor-3] INFO  impl.RaftServerImpl (RaftServerImpl.java:setRole(184)) - 4b4c7497-a7ec-4f2a-a6c9-18b9f4a92a5f@group-E99C5BDD80CF: changes role from  FOLLOWER to FOLLOWER at term 3 for recognizeCandidate:47e59444-ad4b-4d8b-b6f4-160f3329f764
2019-10-30 06:05:32,209 [grpc-default-executor-2] INFO  impl.RaftServerImpl (RaftServerImpl.java:setRole(184)) - 78a2ca6d-ab27-408c-be71-e2595a145569@group-E99C5BDD80CF: changes role from    LEADER to FOLLOWER at term 3 for recognizeCandidate:47e59444-ad4b-4d8b-b6f4-160f3329f764
2019-10-30 06:05:32,209 [grpc-default-executor-3] INFO  impl.RoleInfo (RoleInfo.java:shutdownFollowerState(121)) - 4b4c7497-a7ec-4f2a-a6c9-18b9f4a92a5f: shutdown FollowerState
2019-10-30 06:05:32,209 [grpc-default-executor-2] INFO  impl.RoleInfo (RoleInfo.java:shutdownLeaderState(104)) - 78a2ca6d-ab27-408c-be71-e2595a145569: shutdown LeaderState
2019-10-30 06:05:32,210 [grpc-default-executor-3] INFO  impl.RoleInfo (RoleInfo.java:updateAndGet(143)) - 4b4c7497-a7ec-4f2a-a6c9-18b9f4a92a5f: start FollowerState
2019-10-30 06:05:32,210 [Thread-217] INFO  impl.FollowerState (FollowerState.java:run(117)) - 4b4c7497-a7ec-4f2a-a6c9-18b9f4a92a5f@group-E99C5BDD80CF-FollowerState was interrupted: java.lang.InterruptedException: sleep interrupted
2019-10-30 06:05:32,212 [org.apache.ratis.server.impl.LogAppender$AppenderDaemon$$Lambda$452/1948101510@24226c53] WARN  server.GrpcLogAppender (GrpcLogAppender.java:mayWait(149)) - 78a2ca6d-ab27-408c-be71-e2595a145569@group-E99C5BDD80CF->47e59444-ad4b-4d8b-b6f4-160f3329f764-GrpcLogAppender: Wait interrupted by java.lang.InterruptedException
2019-10-30 06:05:32,212 [org.apache.ratis.server.impl.LogAppender$AppenderDaemon$$Lambda$452/1948101510@7ce453b7] WARN  server.GrpcLogAppender (GrpcLogAppender.java:mayWait(149)) - 78a2ca6d-ab27-408c-be71-e2595a145569@group-E99C5BDD80CF->4b4c7497-a7ec-4f2a-a6c9-18b9f4a92a5f-GrpcLogAppender: Wait interrupted by java.lang.InterruptedException
2019-10-30 06:05:32,217 [grpc-default-executor-2] INFO  impl.PendingRequests (PendingRequests.java:sendNotLeaderResponses(202)) - 78a2ca6d-ab27-408c-be71-e2595a145569@group-E99C5BDD80CF-PendingRequests: sendNotLeaderResponses
2019-10-30 06:05:32,218 [grpc-default-executor-2] INFO  impl.RoleInfo (RoleInfo.java:updateAndGet(143)) - 78a2ca6d-ab27-408c-be71-e2595a145569: start FollowerState
2019-10-30 06:05:32,218 [grpc-default-executor-1] INFO  server.GrpcServerProtocolService (GrpcServerProtocolService.java:onCompleted(113)) - 47e59444-ad4b-4d8b-b6f4-160f3329f764: Completed APPEND_ENTRIES, lastRequest: 78a2ca6d-ab27-408c-be71-e2595a145569->47e59444-ad4b-4d8b-b6f4-160f3329f764#0-t2, previous=(t:0, i:0), leaderCommit=-1, initializing? false, entries: <empty>
2019-10-30 06:05:32,228 [grpc-default-executor-4] INFO  server.GrpcLogAppender (GrpcLogAppender.java:onCompleted(308)) - 78a2ca6d-ab27-408c-be71-e2595a145569@group-E99C5BDD80CF->47e59444-ad4b-4d8b-b6f4-160f3329f764-AppendLogResponseHandler: follower responses appendEntries COMPLETED
2019-10-30 06:05:32,230 [grpc-default-executor-0] INFO  server.GrpcServerProtocolService (GrpcServerProtocolService.java:onCompleted(113)) - 4b4c7497-a7ec-4f2a-a6c9-18b9f4a92a5f: Completed APPEND_ENTRIES, lastRequest: 78a2ca6d-ab27-408c-be71-e2595a145569->4b4c7497-a7ec-4f2a-a6c9-18b9f4a92a5f#0-t2, previous=(t:0, i:0), leaderCommit=-1, initializing? false, entries: <empty>
2019-10-30 06:05:32,233 [grpc-default-executor-3] INFO  server.GrpcLogAppender (GrpcLogAppender.java:onCompleted(308)) - 78a2ca6d-ab27-408c-be71-e2595a145569@group-E99C5BDD80CF->4b4c7497-a7ec-4f2a-a6c9-18b9f4a92a5f-AppendLogResponseHandler: follower responses appendEntries COMPLETED
2019-10-30 06:05:32,234 [grpc-default-executor-4] INFO  impl.FollowerInfo (FollowerInfo.java:lambda$new$0(51)) - 78a2ca6d-ab27-408c-be71-e2595a145569@group-E99C5BDD80CF->47e59444-ad4b-4d8b-b6f4-160f3329f764: nextIndex: updateUnconditionally 0 -> 0
2019-10-30 06:05:32,235 [47e59444-ad4b-4d8b-b6f4-160f3329f764@group-E99C5BDD80CF-LeaderElection5] INFO  impl.LeaderElection (LeaderElection.java:logAndReturn(56)) - 47e59444-ad4b-4d8b-b6f4-160f3329f764@group-E99C5BDD80CF-LeaderElection5: Election PASSED; received 2 response(s) [47e59444-ad4b-4d8b-b6f4-160f3329f764<-78a2ca6d-ab27-408c-be71-e2595a145569#0:FAIL-t3, 47e59444-ad4b-4d8b-b6f4-160f3329f764<-4b4c7497-a7ec-4f2a-a6c9-18b9f4a92a5f#0:OK-t3] and 0 exception(s); 47e59444-ad4b-4d8b-b6f4-160f3329f764@group-E99C5BDD80CF:t3, leader=null, voted=47e59444-ad4b-4d8b-b6f4-160f3329f764, raftlog=47e59444-ad4b-4d8b-b6f4-160f3329f764@group-E99C5BDD80CF-SegmentedRaftLog:OPENED:c-1,f-1,i0, conf=-1: [78a2ca6d-ab27-408c-be71-e2595a145569:192.168.34.21:37717, 4b4c7497-a7ec-4f2a-a6c9-18b9f4a92a5f:192.168.34.21:41258, 47e59444-ad4b-4d8b-b6f4-160f3329f764:192.168.34.21:39722], old=null
2019-10-30 06:05:32,236 [47e59444-ad4b-4d8b-b6f4-160f3329f764@group-E99C5BDD80CF-LeaderElection5] INFO  impl.RoleInfo (RoleInfo.java:shutdownLeaderElection(134)) - 47e59444-ad4b-4d8b-b6f4-160f3329f764: shutdown LeaderElection
2019-10-30 06:05:32,236 [grpc-default-executor-3] INFO  impl.FollowerInfo (FollowerInfo.java:lambda$new$0(51)) - 78a2ca6d-ab27-408c-be71-e2595a145569@group-E99C5BDD80CF->4b4c7497-a7ec-4f2a-a6c9-18b9f4a92a5f: nextIndex: updateUnconditionally 0 -> 0
2019-10-30 06:05:32,237 [47e59444-ad4b-4d8b-b6f4-160f3329f764@group-E99C5BDD80CF-LeaderElection5] INFO  impl.RaftServerImpl (RaftServerImpl.java:setRole(184)) - 47e59444-ad4b-4d8b-b6f4-160f3329f764@group-E99C5BDD80CF: changes role from CANDIDATE to LEADER at term 3 for changeToLeader
2019-10-30 06:05:32,237 [47e59444-ad4b-4d8b-b6f4-160f3329f764@group-E99C5BDD80CF-LeaderElection5] INFO  impl.RaftServerImpl (ServerState.java:setLeader(256)) - 47e59444-ad4b-4d8b-b6f4-160f3329f764@group-E99C5BDD80CF: change Leader from null to 47e59444-ad4b-4d8b-b6f4-160f3329f764 at term 3 for becomeLeader, leader elected after 250ms
2019-10-30 06:05:32,238 [47e59444-ad4b-4d8b-b6f4-160f3329f764@group-E99C5BDD80CF-LeaderElection5] INFO  server.RaftServerConfigKeys (ConfUtils.java:logGet(43)) - raft.server.staging.catchup.gap = 1000 (default)
2019-10-30 06:05:32,238 [47e59444-ad4b-4d8b-b6f4-160f3329f764@group-E99C5BDD80CF-LeaderElection5] INFO  server.RaftServerConfigKeys (ConfUtils.java:logGet(43)) - raft.server.rpc.sleep.time = 25ms (default)
2019-10-30 06:05:32,238 [47e59444-ad4b-4d8b-b6f4-160f3329f764@group-E99C5BDD80CF-LeaderElection5] INFO  server.RaftServerConfigKeys (ConfUtils.java:logGet(43)) - raft.server.write.element-limit = 4096 (default)
2019-10-30 06:05:32,238 [47e59444-ad4b-4d8b-b6f4-160f3329f764@group-E99C5BDD80CF-LeaderElection5] INFO  server.RaftServerConfigKeys (ConfUtils.java:logGet(43)) - raft.server.watch.timeout = 10s (default)
2019-10-30 06:05:32,238 [47e59444-ad4b-4d8b-b6f4-160f3329f764@group-E99C5BDD80CF-LeaderElection5] INFO  server.RaftServerConfigKeys (ConfUtils.java:logGet(43)) - raft.server.watch.timeout.denomination = 1s (default)
2019-10-30 06:05:32,238 [47e59444-ad4b-4d8b-b6f4-160f3329f764@group-E99C5BDD80CF-LeaderElection5] INFO  server.RaftServerConfigKeys (ConfUtils.java:logGet(43)) - raft.server.watch.element-limit = 65536 (default)
2019-10-30 06:05:32,240 [47e59444-ad4b-4d8b-b6f4-160f3329f764@group-E99C5BDD80CF-LeaderElection5] INFO  server.RaftServerConfigKeys (ConfUtils.java:logGet(43)) - raft.server.log.appender.snapshot.chunk.size.max = 16MB (=16777216) (default)
2019-10-30 06:05:32,240 [47e59444-ad4b-4d8b-b6f4-160f3329f764@group-E99C5BDD80CF-LeaderElection5] INFO  server.RaftServerConfigKeys (ConfUtils.java:logGet(43)) - raft.server.log.appender.buffer.byte-limit = 33554432 (custom)
2019-10-30 06:05:32,240 [47e59444-ad4b-4d8b-b6f4-160f3329f764@group-E99C5BDD80CF-LeaderElection5] INFO  server.RaftServerConfigKeys (ConfUtils.java:logGet(43)) - raft.server.log.appender.buffer.element-limit = 1 (custom)
2019-10-30 06:05:32,240 [47e59444-ad4b-4d8b-b6f4-160f3329f764@group-E99C5BDD80CF-LeaderElection5] INFO  grpc.GrpcConfigKeys$Server (ConfUtils.java:logGet(43)) - raft.grpc.server.leader.outstanding.appends.max = 128 (default)
2019-10-30 06:05:32,241 [47e59444-ad4b-4d8b-b6f4-160f3329f764@group-E99C5BDD80CF-LeaderElection5] INFO  server.RaftServerConfigKeys (ConfUtils.java:logGet(43)) - raft.server.rpc.request.timeout = 3000ms (default)
2019-10-30 06:05:32,241 [47e59444-ad4b-4d8b-b6f4-160f3329f764@group-E99C5BDD80CF-LeaderElection5] INFO  server.RaftServerConfigKeys (ConfUtils.java:logGet(43)) - raft.server.log.appender.install.snapshot.enabled = false (custom)
2019-10-30 06:05:32,242 [47e59444-ad4b-4d8b-b6f4-160f3329f764@group-E99C5BDD80CF-LeaderElection5] INFO  server.RaftServerConfigKeys (ConfUtils.java:logGet(43)) - raft.server.log.appender.snapshot.chunk.size.max = 16MB (=16777216) (default)
2019-10-30 06:05:32,243 [47e59444-ad4b-4d8b-b6f4-160f3329f764@group-E99C5BDD80CF-LeaderElection5] INFO  server.RaftServerConfigKeys (ConfUtils.java:logGet(43)) - raft.server.log.appender.buffer.byte-limit = 33554432 (custom)
2019-10-30 06:05:32,243 [47e59444-ad4b-4d8b-b6f4-160f3329f764@group-E99C5BDD80CF-LeaderElection5] INFO  server.RaftServerConfigKeys (ConfUtils.java:logGet(43)) - raft.server.log.appender.buffer.element-limit = 1 (custom)
2019-10-30 06:05:32,243 [47e59444-ad4b-4d8b-b6f4-160f3329f764@group-E99C5BDD80CF-LeaderElection5] INFO  grpc.GrpcConfigKeys$Server (ConfUtils.java:logGet(43)) - raft.grpc.server.leader.outstanding.appends.max = 128 (default)
2019-10-30 06:05:32,243 [47e59444-ad4b-4d8b-b6f4-160f3329f764@group-E99C5BDD80CF-LeaderElection5] INFO  server.RaftServerConfigKeys (ConfUtils.java:logGet(43)) - raft.server.rpc.request.timeout = 3000ms (default)
2019-10-30 06:05:32,243 [47e59444-ad4b-4d8b-b6f4-160f3329f764@group-E99C5BDD80CF-LeaderElection5] INFO  server.RaftServerConfigKeys (ConfUtils.java:logGet(43)) - raft.server.log.appender.install.snapshot.enabled = false (custom)
2019-10-30 06:05:32,245 [47e59444-ad4b-4d8b-b6f4-160f3329f764@group-E99C5BDD80CF-LeaderElection5] INFO  impl.RoleInfo (RoleInfo.java:updateAndGet(143)) - 47e59444-ad4b-4d8b-b6f4-160f3329f764: start LeaderState
2019-10-30 06:05:32,245 [47e59444-ad4b-4d8b-b6f4-160f3329f764@group-E99C5BDD80CF-LeaderElection5] INFO  segmented.SegmentedRaftLogWorker (SegmentedRaftLogWorker.java:startLogSegment(385)) - 47e59444-ad4b-4d8b-b6f4-160f3329f764@group-E99C5BDD80CF-SegmentedRaftLogWorker: Starting segment from index:0
2019-10-30 06:05:32,245 [47e59444-ad4b-4d8b-b6f4-160f3329f764@group-E99C5BDD80CF-LeaderElection5] INFO  impl.RaftServerImpl (ServerState.java:setRaftConf(357)) - 47e59444-ad4b-4d8b-b6f4-160f3329f764@group-E99C5BDD80CF: set configuration 0: [78a2ca6d-ab27-408c-be71-e2595a145569:192.168.34.21:37717, 4b4c7497-a7ec-4f2a-a6c9-18b9f4a92a5f:192.168.34.21:41258, 47e59444-ad4b-4d8b-b6f4-160f3329f764:192.168.34.21:39722], old=null at 0
2019-10-30 06:05:32,273 [grpc-default-executor-4] INFO  impl.RaftServerImpl (ServerState.java:setLeader(256)) - 78a2ca6d-ab27-408c-be71-e2595a145569@group-E99C5BDD80CF: change Leader from null to 47e59444-ad4b-4d8b-b6f4-160f3329f764 at term 3 for appendEntries, leader elected after 65ms
2019-10-30 06:05:32,273 [grpc-default-executor-3] INFO  impl.RaftServerImpl (ServerState.java:setLeader(256)) - 4b4c7497-a7ec-4f2a-a6c9-18b9f4a92a5f@group-E99C5BDD80CF: change Leader from null to 47e59444-ad4b-4d8b-b6f4-160f3329f764 at term 3 for appendEntries, leader elected after 285ms
2019-10-30 06:05:32,282 [47e59444-ad4b-4d8b-b6f4-160f3329f764@group-E99C5BDD80CF-SegmentedRaftLogWorker] INFO  segmented.SegmentedRaftLogWorker (SegmentedRaftLogWorker.java:execute(576)) - 47e59444-ad4b-4d8b-b6f4-160f3329f764@group-E99C5BDD80CF-SegmentedRaftLogWorker: created new log segment /workdir/hadoop-ozone/integration-test/target/test-dir/MiniOzoneClusterImpl-9b19e524-011a-4190-a309-f47c35af0e4e/datanode-2/data/ratis/55028169-3584-4748-a1dc-e99c5bdd80cf/current/log_inprogress_0
2019-10-30 06:05:32,289 [grpc-default-executor-3] INFO  impl.RaftServerImpl (ServerState.java:setRaftConf(357)) - 4b4c7497-a7ec-4f2a-a6c9-18b9f4a92a5f@group-E99C5BDD80CF: set configuration 0: [78a2ca6d-ab27-408c-be71-e2595a145569:192.168.34.21:37717, 4b4c7497-a7ec-4f2a-a6c9-18b9f4a92a5f:192.168.34.21:41258, 47e59444-ad4b-4d8b-b6f4-160f3329f764:192.168.34.21:39722], old=null at 0
2019-10-30 06:05:32,289 [grpc-default-executor-4] INFO  impl.RaftServerImpl (ServerState.java:setRaftConf(357)) - 78a2ca6d-ab27-408c-be71-e2595a145569@group-E99C5BDD80CF: set configuration 0: [78a2ca6d-ab27-408c-be71-e2595a145569:192.168.34.21:37717, 4b4c7497-a7ec-4f2a-a6c9-18b9f4a92a5f:192.168.34.21:41258, 47e59444-ad4b-4d8b-b6f4-160f3329f764:192.168.34.21:39722], old=null at 0
2019-10-30 06:05:32,290 [grpc-default-executor-3] INFO  segmented.SegmentedRaftLogWorker (SegmentedRaftLogWorker.java:startLogSegment(385)) - 4b4c7497-a7ec-4f2a-a6c9-18b9f4a92a5f@group-E99C5BDD80CF-SegmentedRaftLogWorker: Starting segment from index:0
2019-10-30 06:05:32,292 [grpc-default-executor-4] INFO  segmented.SegmentedRaftLogWorker (SegmentedRaftLogWorker.java:truncate(401)) - 78a2ca6d-ab27-408c-be71-e2595a145569@group-E99C5BDD80CF-SegmentedRaftLogWorker: Truncating segments toTruncate: null
  toDelete: [(0, 0) isOpen? true, length=0, newEndIndex=-1], start index 0
2019-10-30 06:05:32,293 [grpc-default-executor-4] INFO  segmented.SegmentedRaftLogWorker (SegmentedRaftLogWorker.java:startLogSegment(385)) - 78a2ca6d-ab27-408c-be71-e2595a145569@group-E99C5BDD80CF-SegmentedRaftLogWorker: Starting segment from index:0
2019-10-30 06:05:32,294 [78a2ca6d-ab27-408c-be71-e2595a145569@group-E99C5BDD80CF-SegmentedRaftLogWorker] INFO  segmented.SegmentedRaftLogWorker (SegmentedRaftLogWorker.java:execute(640)) - 78a2ca6d-ab27-408c-be71-e2595a145569@group-E99C5BDD80CF-SegmentedRaftLogWorker: Deleted log file /workdir/hadoop-ozone/integration-test/target/test-dir/MiniOzoneClusterImpl-9b19e524-011a-4190-a309-f47c35af0e4e/datanode-0/data/ratis/55028169-3584-4748-a1dc-e99c5bdd80cf/current/log_inprogress_0
2019-10-30 06:05:32,295 [78a2ca6d-ab27-408c-be71-e2595a145569@group-E99C5BDD80CF-SegmentedRaftLogWorker] INFO  segmented.SegmentedRaftLogWorker (SegmentedRaftLogWorker.java:lambda$new$0(128)) - 78a2ca6d-ab27-408c-be71-e2595a145569@group-E99C5BDD80CF-SegmentedRaftLogWorker: flushIndex: setUnconditionally 0 -> -1
2019-10-30 06:05:32,335 [78a2ca6d-ab27-408c-be71-e2595a145569@group-E99C5BDD80CF-SegmentedRaftLogWorker] INFO  segmented.SegmentedRaftLogWorker (SegmentedRaftLogWorker.java:execute(576)) - 78a2ca6d-ab27-408c-be71-e2595a145569@group-E99C5BDD80CF-SegmentedRaftLogWorker: created new log segment /workdir/hadoop-ozone/integration-test/target/test-dir/MiniOzoneClusterImpl-9b19e524-011a-4190-a309-f47c35af0e4e/datanode-0/data/ratis/55028169-3584-4748-a1dc-e99c5bdd80cf/current/log_inprogress_0
2019-10-30 06:05:32,335 [4b4c7497-a7ec-4f2a-a6c9-18b9f4a92a5f@group-E99C5BDD80CF-SegmentedRaftLogWorker] INFO  segmented.SegmentedRaftLogWorker (SegmentedRaftLogWorker.java:execute(576)) - 4b4c7497-a7ec-4f2a-a6c9-18b9f4a92a5f@group-E99C5BDD80CF-SegmentedRaftLogWorker: created new log segment /workdir/hadoop-ozone/integration-test/target/test-dir/MiniOzoneClusterImpl-9b19e524-011a-4190-a309-f47c35af0e4e/datanode-1/data/ratis/55028169-3584-4748-a1dc-e99c5bdd80cf/current/log_inprogress_0
2019-10-30 06:05:32,937 [main] INFO  rpc.RpcClient (RpcClient.java:createVolume(272)) - Creating Volume: testcontainerstatemachinefailures, with jenkins1000 as owner.
2019-10-30 06:05:33,019 [IPC Server handler 19 on 34440] INFO  volume.OMVolumeCreateRequest (OMVolumeCreateRequest.java:validateAndUpdateCache(193)) - created volume:testcontainerstatemachinefailures for user:jenkins1000
2019-10-30 06:05:33,036 [main] INFO  rpc.RpcClient (RpcClient.java:createBucket(411)) - Creating Bucket: testcontainerstatemachinefailures/testcontainerstatemachinefailures, with Versioning false and Storage Type set to DISK and Encryption set to false 
2019-10-30 06:05:33,094 [IPC Server handler 0 on 43858] INFO  server.SCMBlockProtocolServer (SCMBlockProtocolServer.java:allocateBlock(179)) - Allocating 1 blocks of size 4194304, with ExcludeList {datanodes = [], containerIds = [], pipelineIds = []}
2019-10-30 06:05:33,158 [main] INFO  impl.MetricsSystemImpl (MetricsSystemImpl.java:init(158)) - XceiverClientMetrics metrics system started (again)
2019-10-30 06:05:33,624 [Datanode State Machine Thread - 0] INFO  statemachine.DatanodeStateMachine (DatanodeStateMachine.java:lambda$startDaemon$0(350)) - Ozone container server started.
2019-10-30 06:05:34,046 [Thread-181] INFO  container.ReplicationManager (ReplicationManager.java:start(162)) - Starting Replication Monitor Thread.
2019-10-30 06:05:34,048 [ReplicationMonitor] INFO  container.ReplicationManager (ReplicationManager.java:run(225)) - Replication Monitor Thread took 1 milliseconds for processing 1 containers.
2019-10-30 06:05:38,588 [main] INFO  ozoneimpl.OzoneContainer (OzoneContainer.java:stop(227)) - Attempting to stop container services.
2019-10-30 06:05:38,589 [main] INFO  impl.RaftServerProxy (RaftServerProxy.java:lambda$close$4(314)) - 4b4c7497-a7ec-4f2a-a6c9-18b9f4a92a5f: close
2019-10-30 06:05:38,590 [main] INFO  impl.RaftServerImpl (RaftServerImpl.java:lambda$shutdown$3(261)) - 4b4c7497-a7ec-4f2a-a6c9-18b9f4a92a5f@group-E99C5BDD80CF: shutdown
2019-10-30 06:05:38,590 [ForkJoinPool.commonPool-worker-0] INFO  impl.RaftServerImpl (RaftServerImpl.java:lambda$shutdown$3(261)) - 4b4c7497-a7ec-4f2a-a6c9-18b9f4a92a5f@group-22EA9EE3B83C: shutdown
2019-10-30 06:05:38,591 [main] INFO  util.JmxRegister (JmxRegister.java:unregister(73)) - Successfully un-registered JMX Bean with object name Ratis:service=RaftServer,group=group-E99C5BDD80CF,id=4b4c7497-a7ec-4f2a-a6c9-18b9f4a92a5f
2019-10-30 06:05:38,591 [ForkJoinPool.commonPool-worker-0] INFO  util.JmxRegister (JmxRegister.java:unregister(73)) - Successfully un-registered JMX Bean with object name Ratis:service=RaftServer,group=group-22EA9EE3B83C,id=4b4c7497-a7ec-4f2a-a6c9-18b9f4a92a5f
2019-10-30 06:05:38,591 [main] INFO  impl.RoleInfo (RoleInfo.java:shutdownFollowerState(121)) - 4b4c7497-a7ec-4f2a-a6c9-18b9f4a92a5f: shutdown FollowerState
2019-10-30 06:05:38,591 [ForkJoinPool.commonPool-worker-0] INFO  impl.RoleInfo (RoleInfo.java:shutdownLeaderState(104)) - 4b4c7497-a7ec-4f2a-a6c9-18b9f4a92a5f: shutdown LeaderState
2019-10-30 06:05:38,592 [main] INFO  impl.StateMachineUpdater (StateMachineUpdater.java:stopAndJoin(136)) - 4b4c7497-a7ec-4f2a-a6c9-18b9f4a92a5f@group-E99C5BDD80CF-StateMachineUpdater: set stopIndex = 4
2019-10-30 06:05:38,592 [Thread-226] INFO  impl.FollowerState (FollowerState.java:run(117)) - 4b4c7497-a7ec-4f2a-a6c9-18b9f4a92a5f@group-E99C5BDD80CF-FollowerState was interrupted: java.lang.InterruptedException: sleep interrupted
2019-10-30 06:05:38,592 [ForkJoinPool.commonPool-worker-0] INFO  impl.PendingRequests (PendingRequests.java:sendNotLeaderResponses(202)) - 4b4c7497-a7ec-4f2a-a6c9-18b9f4a92a5f@group-22EA9EE3B83C-PendingRequests: sendNotLeaderResponses
2019-10-30 06:05:38,592 [4b4c7497-a7ec-4f2a-a6c9-18b9f4a92a5f@group-E99C5BDD80CF-StateMachineUpdater] INFO  ratis.ContainerStateMachine (ContainerStateMachine.java:takeSnapshot(294)) - group-E99C5BDD80CF: Taking a snapshot at:(t:3, i:3) file /workdir/hadoop-ozone/integration-test/target/test-dir/MiniOzoneClusterImpl-9b19e524-011a-4190-a309-f47c35af0e4e/datanode-1/data/ratis/55028169-3584-4748-a1dc-e99c5bdd80cf/sm/snapshot.3_3
2019-10-30 06:05:38,595 [ForkJoinPool.commonPool-worker-0] INFO  impl.StateMachineUpdater (StateMachineUpdater.java:stopAndJoin(136)) - 4b4c7497-a7ec-4f2a-a6c9-18b9f4a92a5f@group-22EA9EE3B83C-StateMachineUpdater: set stopIndex = 0
2019-10-30 06:05:38,597 [ForkJoinPool.commonPool-worker-0] INFO  impl.RaftServerImpl (ServerState.java:close(388)) - 4b4c7497-a7ec-4f2a-a6c9-18b9f4a92a5f@group-22EA9EE3B83C: closes. applyIndex: 0
2019-10-30 06:05:38,598 [4b4c7497-a7ec-4f2a-a6c9-18b9f4a92a5f@group-22EA9EE3B83C-SegmentedRaftLogWorker] INFO  segmented.SegmentedRaftLogWorker (SegmentedRaftLogWorker.java:run(316)) - 4b4c7497-a7ec-4f2a-a6c9-18b9f4a92a5f@group-22EA9EE3B83C-SegmentedRaftLogWorker was interrupted, exiting. There are 0 tasks remaining in the queue.
2019-10-30 06:05:38,600 [ForkJoinPool.commonPool-worker-0] INFO  segmented.SegmentedRaftLogWorker (SegmentedRaftLogWorker.java:close(224)) - 4b4c7497-a7ec-4f2a-a6c9-18b9f4a92a5f@group-22EA9EE3B83C-SegmentedRaftLogWorker close()
2019-10-30 06:05:38,680 [4b4c7497-a7ec-4f2a-a6c9-18b9f4a92a5f@group-E99C5BDD80CF-StateMachineUpdater] INFO  ratis.ContainerStateMachine (ContainerStateMachine.java:takeSnapshot(305)) - group-E99C5BDD80CF: Finished taking a snapshot at:(t:3, i:3) file:/workdir/hadoop-ozone/integration-test/target/test-dir/MiniOzoneClusterImpl-9b19e524-011a-4190-a309-f47c35af0e4e/datanode-1/data/ratis/55028169-3584-4748-a1dc-e99c5bdd80cf/sm/snapshot.3_3 time:88
2019-10-30 06:05:38,681 [4b4c7497-a7ec-4f2a-a6c9-18b9f4a92a5f@group-E99C5BDD80CF-StateMachineUpdater] INFO  impl.StateMachineUpdater (StateMachineUpdater.java:takeSnapshot(269)) - 4b4c7497-a7ec-4f2a-a6c9-18b9f4a92a5f@group-E99C5BDD80CF-StateMachineUpdater: Took a snapshot at index 3
2019-10-30 06:05:38,681 [4b4c7497-a7ec-4f2a-a6c9-18b9f4a92a5f@group-E99C5BDD80CF-StateMachineUpdater] INFO  impl.StateMachineUpdater (StateMachineUpdater.java:lambda$new$0(84)) - 4b4c7497-a7ec-4f2a-a6c9-18b9f4a92a5f@group-E99C5BDD80CF-StateMachineUpdater: snapshotIndex: updateIncreasingly -1 -> 3
2019-10-30 06:05:38,684 [4b4c7497-a7ec-4f2a-a6c9-18b9f4a92a5f@group-E99C5BDD80CF-StateMachineUpdater] INFO  ratis.ContainerStateMachine (ContainerStateMachine.java:takeSnapshot(294)) - group-E99C5BDD80CF: Taking a snapshot at:(t:3, i:3) file /workdir/hadoop-ozone/integration-test/target/test-dir/MiniOzoneClusterImpl-9b19e524-011a-4190-a309-f47c35af0e4e/datanode-1/data/ratis/55028169-3584-4748-a1dc-e99c5bdd80cf/sm/snapshot.3_3
2019-10-30 06:05:38,708 [4b4c7497-a7ec-4f2a-a6c9-18b9f4a92a5f@group-E99C5BDD80CF-StateMachineUpdater] INFO  ratis.ContainerStateMachine (ContainerStateMachine.java:takeSnapshot(305)) - group-E99C5BDD80CF: Finished taking a snapshot at:(t:3, i:3) file:/workdir/hadoop-ozone/integration-test/target/test-dir/MiniOzoneClusterImpl-9b19e524-011a-4190-a309-f47c35af0e4e/datanode-1/data/ratis/55028169-3584-4748-a1dc-e99c5bdd80cf/sm/snapshot.3_3 time:24
2019-10-30 06:05:38,708 [4b4c7497-a7ec-4f2a-a6c9-18b9f4a92a5f@group-E99C5BDD80CF-StateMachineUpdater] INFO  impl.StateMachineUpdater (StateMachineUpdater.java:takeSnapshot(269)) - 4b4c7497-a7ec-4f2a-a6c9-18b9f4a92a5f@group-E99C5BDD80CF-StateMachineUpdater: Took a snapshot at index 3
2019-10-30 06:05:38,708 [4b4c7497-a7ec-4f2a-a6c9-18b9f4a92a5f@group-E99C5BDD80CF-StateMachineUpdater] INFO  impl.StateMachineUpdater (StateMachineUpdater.java:lambda$new$0(84)) - 4b4c7497-a7ec-4f2a-a6c9-18b9f4a92a5f@group-E99C5BDD80CF-StateMachineUpdater: snapshotIndex: updateIncreasingly 3 -> 3
2019-10-30 06:05:38,708 [main] INFO  impl.RaftServerImpl (ServerState.java:close(388)) - 4b4c7497-a7ec-4f2a-a6c9-18b9f4a92a5f@group-E99C5BDD80CF: closes. applyIndex: 4
2019-10-30 06:05:38,709 [4b4c7497-a7ec-4f2a-a6c9-18b9f4a92a5f@group-E99C5BDD80CF-SegmentedRaftLogWorker] INFO  segmented.SegmentedRaftLogWorker (SegmentedRaftLogWorker.java:run(316)) - 4b4c7497-a7ec-4f2a-a6c9-18b9f4a92a5f@group-E99C5BDD80CF-SegmentedRaftLogWorker was interrupted, exiting. There are 0 tasks remaining in the queue.
2019-10-30 06:05:38,710 [main] INFO  segmented.SegmentedRaftLogWorker (SegmentedRaftLogWorker.java:close(224)) - 4b4c7497-a7ec-4f2a-a6c9-18b9f4a92a5f@group-E99C5BDD80CF-SegmentedRaftLogWorker close()
2019-10-30 06:05:38,712 [main] INFO  server.GrpcService (GrpcService.java:closeImpl(164)) - 4b4c7497-a7ec-4f2a-a6c9-18b9f4a92a5f: shutdown server with port 41258 now
2019-10-30 06:05:38,718 [grpc-default-executor-4] WARN  server.GrpcServerProtocolService (LogUtils.java:warn(134)) - 4b4c7497-a7ec-4f2a-a6c9-18b9f4a92a5f: installSnapshot onError, lastRequest: 47e59444-ad4b-4d8b-b6f4-160f3329f764->4b4c7497-a7ec-4f2a-a6c9-18b9f4a92a5f#7-t3, previous=(t:3, i:4), leaderCommit=4, initializing? false, entries: <empty>: org.apache.ratis.thirdparty.io.grpc.StatusRuntimeException: CANCELLED: cancelled before receiving half close
2019-10-30 06:05:38,718 [main] INFO  server.GrpcService (GrpcService.java:closeImpl(172)) - 4b4c7497-a7ec-4f2a-a6c9-18b9f4a92a5f: shutdown server with port 41258 successfully
2019-10-30 06:05:38,720 [grpc-default-executor-2] WARN  server.GrpcLogAppender (LogUtils.java:warn(134)) - 47e59444-ad4b-4d8b-b6f4-160f3329f764@group-E99C5BDD80CF->4b4c7497-a7ec-4f2a-a6c9-18b9f4a92a5f-AppendLogResponseHandler: Failed appendEntries: org.apache.ratis.thirdparty.io.grpc.StatusRuntimeException: CANCELLED: HTTP/2 error code: CANCEL
Received Rst Stream
2019-10-30 06:05:38,721 [refreshUsed-/workdir/hadoop-ozone/integration-test/target/test-dir/MiniOzoneClusterImpl-9b19e524-011a-4190-a309-f47c35af0e4e/datanode-1/data/containers] WARN  fs.CachingGetSpaceUsed (CachingGetSpaceUsed.java:run(183)) - Thread Interrupted waiting to refresh disk information: sleep interrupted
2019-10-30 06:05:38,733 [main] INFO  utils.BackgroundService (BackgroundService.java:shutdown(151)) - Shutting down service BlockDeletingService
2019-10-30 06:05:38,738 [main] INFO  statemachine.DatanodeStateMachine (DatanodeStateMachine.java:stopDaemon(395)) - Ozone container server stopped.
2019-10-30 06:05:38,742 [main] INFO  handler.ContextHandler (ContextHandler.java:doStop(910)) - Stopped o.e.j.w.WebAppContext@5c77ba8f{/,null,UNAVAILABLE}{/hddsDatanode}
2019-10-30 06:05:38,749 [main] INFO  server.AbstractConnector (AbstractConnector.java:doStop(318)) - Stopped ServerConnector@660f0c{HTTP/1.1,[http/1.1]}{0.0.0.0:0}
2019-10-30 06:05:38,750 [main] INFO  handler.ContextHandler (ContextHandler.java:doStop(910)) - Stopped o.e.j.s.ServletContextHandler@5e65afb6{/static,jar:file:/home/user/.m2/repository/org/apache/hadoop/hadoop-hdds-container-service/0.5.0-SNAPSHOT/hadoop-hdds-container-service-0.5.0-SNAPSHOT.jar!/webapps/static,UNAVAILABLE}
2019-10-30 06:05:38,750 [main] INFO  handler.ContextHandler (ContextHandler.java:doStop(910)) - Stopped o.e.j.s.ServletContextHandler@6a472566{/logs,file:///workdir/hadoop-ozone/integration-test/target/log,UNAVAILABLE}
2019-10-30 06:05:41,756 [java.util.concurrent.ThreadPoolExecutor$Worker@2357ca47[State = -1, empty queue]] WARN  server.GrpcLogAppender (GrpcLogAppender.java:timeoutAppendRequest(209)) - 47e59444-ad4b-4d8b-b6f4-160f3329f764@group-E99C5BDD80CF->4b4c7497-a7ec-4f2a-a6c9-18b9f4a92a5f-GrpcLogAppender: appendEntries Timeout, request=47e59444-ad4b-4d8b-b6f4-160f3329f764->4b4c7497-a7ec-4f2a-a6c9-18b9f4a92a5f#8-t3, previous=(t:3, i:4), leaderCommit=4, initializing? false, entries: size=1, first=(t:3, i:5), STATEMACHINELOGENTRY, client-B8CB26F2FF35, cid=8
2019-10-30 06:05:41,757 [java.util.concurrent.ThreadPoolExecutor$Worker@2357ca47[State = -1, empty queue]] WARN  server.GrpcLogAppender (GrpcLogAppender.java:timeoutAppendRequest(209)) - 47e59444-ad4b-4d8b-b6f4-160f3329f764@group-E99C5BDD80CF->4b4c7497-a7ec-4f2a-a6c9-18b9f4a92a5f-GrpcLogAppender: appendEntries Timeout, request=47e59444-ad4b-4d8b-b6f4-160f3329f764->4b4c7497-a7ec-4f2a-a6c9-18b9f4a92a5f#9-t3, previous=(t:3, i:5), leaderCommit=4, initializing? false, entries: size=1, first=(t:3, i:6), STATEMACHINELOGENTRY, client-B8CB26F2FF35, cid=9
2019-10-30 06:05:41,770 [java.util.concurrent.ThreadPoolExecutor$Worker@2357ca47[State = -1, empty queue]] WARN  server.GrpcLogAppender (GrpcLogAppender.java:timeoutAppendRequest(209)) - 47e59444-ad4b-4d8b-b6f4-160f3329f764@group-E99C5BDD80CF->4b4c7497-a7ec-4f2a-a6c9-18b9f4a92a5f-GrpcLogAppender: appendEntries Timeout, request=47e59444-ad4b-4d8b-b6f4-160f3329f764->4b4c7497-a7ec-4f2a-a6c9-18b9f4a92a5f#10-t3, previous=(t:3, i:6), leaderCommit=6, initializing? false, entries: size=1, first=(t:3, i:7), METADATAENTRY(c5)
2019-10-30 06:05:41,771 [java.util.concurrent.ThreadPoolExecutor$Worker@2357ca47[State = -1, empty queue]] WARN  server.GrpcLogAppender (GrpcLogAppender.java:timeoutAppendRequest(209)) - 47e59444-ad4b-4d8b-b6f4-160f3329f764@group-E99C5BDD80CF->4b4c7497-a7ec-4f2a-a6c9-18b9f4a92a5f-GrpcLogAppender: appendEntries Timeout, request=47e59444-ad4b-4d8b-b6f4-160f3329f764->4b4c7497-a7ec-4f2a-a6c9-18b9f4a92a5f#11-t3, previous=(t:3, i:7), leaderCommit=6, initializing? false, entries: size=1, first=(t:3, i:8), METADATAENTRY(c6)
2019-10-30 06:05:44,272 [java.util.concurrent.ThreadPoolExecutor$Worker@2357ca47[State = -1, empty queue]] WARN  server.GrpcLogAppender (GrpcLogAppender.java:timeoutAppendRequest(209)) - 47e59444-ad4b-4d8b-b6f4-160f3329f764@group-E99C5BDD80CF->4b4c7497-a7ec-4f2a-a6c9-18b9f4a92a5f-GrpcLogAppender: appendEntries Timeout, request=47e59444-ad4b-4d8b-b6f4-160f3329f764->4b4c7497-a7ec-4f2a-a6c9-18b9f4a92a5f#12-t3, previous=(t:3, i:8), leaderCommit=8, initializing? false, entries: <empty>
2019-10-30 06:05:46,774 [java.util.concurrent.ThreadPoolExecutor$Worker@2357ca47[State = -1, empty queue]] WARN  server.GrpcLogAppender (GrpcLogAppender.java:timeoutAppendRequest(209)) - 47e59444-ad4b-4d8b-b6f4-160f3329f764@group-E99C5BDD80CF->4b4c7497-a7ec-4f2a-a6c9-18b9f4a92a5f-GrpcLogAppender: appendEntries Timeout, request=47e59444-ad4b-4d8b-b6f4-160f3329f764->4b4c7497-a7ec-4f2a-a6c9-18b9f4a92a5f#13-t3, previous=(t:3, i:8), leaderCommit=8, initializing? false, entries: <empty>
2019-10-30 06:05:48,823 [Thread-296] INFO  client.GrpcClientProtocolService (GrpcClientProtocolService.java:lambda$processClientRequest$0(278)) - Failed RaftClientRequest:client-B8CB26F2FF35->78a2ca6d-ab27-408c-be71-e2595a145569@group-E99C5BDD80CF, cid=10, seq=0, Watch-ALL_COMMITTED(6), Message:<EMPTY>, reply=RaftClientReply:client-B8CB26F2FF35->78a2ca6d-ab27-408c-be71-e2595a145569@group-E99C5BDD80CF, cid=10, FAILED org.apache.ratis.protocol.NotLeaderException: Server 78a2ca6d-ab27-408c-be71-e2595a145569@group-E99C5BDD80CF is not the leader 47e59444-ad4b-4d8b-b6f4-160f3329f764:192.168.34.21:39722, logIndex=0, commits[78a2ca6d-ab27-408c-be71-e2595a145569:c8, 4b4c7497-a7ec-4f2a-a6c9-18b9f4a92a5f:c4, 47e59444-ad4b-4d8b-b6f4-160f3329f764:c8]
2019-10-30 06:05:49,275 [java.util.concurrent.ThreadPoolExecutor$Worker@2357ca47[State = -1, empty queue]] WARN  server.GrpcLogAppender (GrpcLogAppender.java:timeoutAppendRequest(209)) - 47e59444-ad4b-4d8b-b6f4-160f3329f764@group-E99C5BDD80CF->4b4c7497-a7ec-4f2a-a6c9-18b9f4a92a5f-GrpcLogAppender: appendEntries Timeout, request=47e59444-ad4b-4d8b-b6f4-160f3329f764->4b4c7497-a7ec-4f2a-a6c9-18b9f4a92a5f#14-t3, previous=(t:3, i:8), leaderCommit=8, initializing? false, entries: <empty>
2019-10-30 06:05:49,758 [Thread-299] INFO  client.GrpcClientProtocolService (GrpcClientProtocolService.java:lambda$processClientRequest$0(278)) - Failed RaftClientRequest:client-B8CB26F2FF35->47e59444-ad4b-4d8b-b6f4-160f3329f764@group-E99C5BDD80CF, cid=10, seq=0, Watch-ALL_COMMITTED(6), Message:<EMPTY>, reply=RaftClientReply:client-B8CB26F2FF35->47e59444-ad4b-4d8b-b6f4-160f3329f764@group-E99C5BDD80CF, cid=10, FAILED org.apache.ratis.protocol.NotReplicatedException: Request with call Id 10 and log index 6 is not yet replicated to ALL_COMMITTED, logIndex=6, commits[47e59444-ad4b-4d8b-b6f4-160f3329f764:c8, 78a2ca6d-ab27-408c-be71-e2595a145569:c8, 4b4c7497-a7ec-4f2a-a6c9-18b9f4a92a5f:c4]
2019-10-30 06:05:51,777 [java.util.concurrent.ThreadPoolExecutor$Worker@2357ca47[State = -1, empty queue]] WARN  server.GrpcLogAppender (GrpcLogAppender.java:timeoutAppendRequest(209)) - 47e59444-ad4b-4d8b-b6f4-160f3329f764@group-E99C5BDD80CF->4b4c7497-a7ec-4f2a-a6c9-18b9f4a92a5f-GrpcLogAppender: appendEntries Timeout, request=47e59444-ad4b-4d8b-b6f4-160f3329f764->4b4c7497-a7ec-4f2a-a6c9-18b9f4a92a5f#15-t3, previous=(t:3, i:8), leaderCommit=8, initializing? false, entries: <empty>
2019-10-30 06:05:54,278 [java.util.concurrent.ThreadPoolExecutor$Worker@2357ca47[State = -1, empty queue]] WARN  server.GrpcLogAppender (GrpcLogAppender.java:timeoutAppendRequest(209)) - 47e59444-ad4b-4d8b-b6f4-160f3329f764@group-E99C5BDD80CF->4b4c7497-a7ec-4f2a-a6c9-18b9f4a92a5f-GrpcLogAppender: appendEntries Timeout, request=47e59444-ad4b-4d8b-b6f4-160f3329f764->4b4c7497-a7ec-4f2a-a6c9-18b9f4a92a5f#16-t3, previous=(t:3, i:8), leaderCommit=8, initializing? false, entries: <empty>
2019-10-30 06:05:56,779 [java.util.concurrent.ThreadPoolExecutor$Worker@2357ca47[State = -1, empty queue]] WARN  server.GrpcLogAppender (GrpcLogAppender.java:timeoutAppendRequest(209)) - 47e59444-ad4b-4d8b-b6f4-160f3329f764@group-E99C5BDD80CF->4b4c7497-a7ec-4f2a-a6c9-18b9f4a92a5f-GrpcLogAppender: appendEntries Timeout, request=47e59444-ad4b-4d8b-b6f4-160f3329f764->4b4c7497-a7ec-4f2a-a6c9-18b9f4a92a5f#17-t3, previous=(t:3, i:8), leaderCommit=8, initializing? false, entries: <empty>
2019-10-30 06:05:58,860 [Thread-308] INFO  client.GrpcClientProtocolService (GrpcClientProtocolService.java:lambda$processClientRequest$0(278)) - Failed RaftClientRequest:client-B8CB26F2FF35->78a2ca6d-ab27-408c-be71-e2595a145569@group-E99C5BDD80CF, cid=10, seq=0, Watch-ALL_COMMITTED(6), Message:<EMPTY>, reply=RaftClientReply:client-B8CB26F2FF35->78a2ca6d-ab27-408c-be71-e2595a145569@group-E99C5BDD80CF, cid=10, FAILED org.apache.ratis.protocol.NotLeaderException: Server 78a2ca6d-ab27-408c-be71-e2595a145569@group-E99C5BDD80CF is not the leader 47e59444-ad4b-4d8b-b6f4-160f3329f764:192.168.34.21:39722, logIndex=0, commits[78a2ca6d-ab27-408c-be71-e2595a145569:c8, 4b4c7497-a7ec-4f2a-a6c9-18b9f4a92a5f:c4, 47e59444-ad4b-4d8b-b6f4-160f3329f764:c8]
2019-10-30 06:05:59,280 [java.util.concurrent.ThreadPoolExecutor$Worker@2357ca47[State = -1, empty queue]] WARN  server.GrpcLogAppender (GrpcLogAppender.java:timeoutAppendRequest(209)) - 47e59444-ad4b-4d8b-b6f4-160f3329f764@group-E99C5BDD80CF->4b4c7497-a7ec-4f2a-a6c9-18b9f4a92a5f-GrpcLogAppender: appendEntries Timeout, request=47e59444-ad4b-4d8b-b6f4-160f3329f764->4b4c7497-a7ec-4f2a-a6c9-18b9f4a92a5f#18-t3, previous=(t:3, i:8), leaderCommit=8, initializing? false, entries: <empty>
2019-10-30 06:05:59,755 [Thread-311] INFO  client.GrpcClientProtocolService (GrpcClientProtocolService.java:lambda$processClientRequest$0(278)) - Failed RaftClientRequest:client-B8CB26F2FF35->47e59444-ad4b-4d8b-b6f4-160f3329f764@group-E99C5BDD80CF, cid=10, seq=0, Watch-ALL_COMMITTED(6), Message:<EMPTY>, reply=RaftClientReply:client-B8CB26F2FF35->47e59444-ad4b-4d8b-b6f4-160f3329f764@group-E99C5BDD80CF, cid=10, FAILED org.apache.ratis.protocol.NotReplicatedException: Request with call Id 10 and log index 6 is not yet replicated to ALL_COMMITTED, logIndex=6, commits[47e59444-ad4b-4d8b-b6f4-160f3329f764:c8, 78a2ca6d-ab27-408c-be71-e2595a145569:c8, 4b4c7497-a7ec-4f2a-a6c9-18b9f4a92a5f:c4]
2019-10-30 06:06:01,781 [java.util.concurrent.ThreadPoolExecutor$Worker@2357ca47[State = -1, empty queue]] WARN  server.GrpcLogAppender (GrpcLogAppender.java:timeoutAppendRequest(209)) - 47e59444-ad4b-4d8b-b6f4-160f3329f764@group-E99C5BDD80CF->4b4c7497-a7ec-4f2a-a6c9-18b9f4a92a5f-GrpcLogAppender: appendEntries Timeout, request=47e59444-ad4b-4d8b-b6f4-160f3329f764->4b4c7497-a7ec-4f2a-a6c9-18b9f4a92a5f#19-t3, previous=(t:3, i:8), leaderCommit=8, initializing? false, entries: <empty>
2019-10-30 06:06:04,283 [java.util.concurrent.ThreadPoolExecutor$Worker@2357ca47[State = -1, empty queue]] WARN  server.GrpcLogAppender (GrpcLogAppender.java:timeoutAppendRequest(209)) - 47e59444-ad4b-4d8b-b6f4-160f3329f764@group-E99C5BDD80CF->4b4c7497-a7ec-4f2a-a6c9-18b9f4a92a5f-GrpcLogAppender: appendEntries Timeout, request=47e59444-ad4b-4d8b-b6f4-160f3329f764->4b4c7497-a7ec-4f2a-a6c9-18b9f4a92a5f#20-t3, previous=(t:3, i:8), leaderCommit=8, initializing? false, entries: <empty>
2019-10-30 06:06:06,785 [java.util.concurrent.ThreadPoolExecutor$Worker@2357ca47[State = -1, empty queue]] WARN  server.GrpcLogAppender (GrpcLogAppender.java:timeoutAppendRequest(209)) - 47e59444-ad4b-4d8b-b6f4-160f3329f764@group-E99C5BDD80CF->4b4c7497-a7ec-4f2a-a6c9-18b9f4a92a5f-GrpcLogAppender: appendEntries Timeout, request=47e59444-ad4b-4d8b-b6f4-160f3329f764->4b4c7497-a7ec-4f2a-a6c9-18b9f4a92a5f#21-t3, previous=(t:3, i:8), leaderCommit=8, initializing? false, entries: <empty>
2019-10-30 06:06:07,895 [Thread-317] INFO  client.GrpcClientProtocolService (GrpcClientProtocolService.java:lambda$processClientRequest$0(278)) - Failed RaftClientRequest:client-B8CB26F2FF35->78a2ca6d-ab27-408c-be71-e2595a145569@group-E99C5BDD80CF, cid=10, seq=0, Watch-ALL_COMMITTED(6), Message:<EMPTY>, reply=RaftClientReply:client-B8CB26F2FF35->78a2ca6d-ab27-408c-be71-e2595a145569@group-E99C5BDD80CF, cid=10, FAILED org.apache.ratis.protocol.NotLeaderException: Server 78a2ca6d-ab27-408c-be71-e2595a145569@group-E99C5BDD80CF is not the leader 47e59444-ad4b-4d8b-b6f4-160f3329f764:192.168.34.21:39722, logIndex=0, commits[78a2ca6d-ab27-408c-be71-e2595a145569:c8, 4b4c7497-a7ec-4f2a-a6c9-18b9f4a92a5f:c4, 47e59444-ad4b-4d8b-b6f4-160f3329f764:c8]
2019-10-30 06:06:08,786 [main] WARN  scm.XceiverClientRatis (XceiverClientRatis.java:watchForCommit(277)) - 3 way commit failed on pipeline Pipeline[ Id: 55028169-3584-4748-a1dc-e99c5bdd80cf, Nodes: 78a2ca6d-ab27-408c-be71-e2595a145569{ip: 192.168.34.21, host: pr-hdds-1643-9kfsj-1164326334, networkLocation: /default-rack, certSerialId: null}47e59444-ad4b-4d8b-b6f4-160f3329f764{ip: 192.168.34.21, host: pr-hdds-1643-9kfsj-1164326334, networkLocation: /default-rack, certSerialId: null}4b4c7497-a7ec-4f2a-a6c9-18b9f4a92a5f{ip: 192.168.34.21, host: pr-hdds-1643-9kfsj-1164326334, networkLocation: /default-rack, certSerialId: null}, Type:RATIS, Factor:THREE, State:OPEN]
java.util.concurrent.TimeoutException
	at java.util.concurrent.CompletableFuture.timedGet(CompletableFuture.java:1771)
	at java.util.concurrent.CompletableFuture.get(CompletableFuture.java:1915)
	at org.apache.hadoop.hdds.scm.XceiverClientRatis.watchForCommit(XceiverClientRatis.java:274)
	at org.apache.hadoop.hdds.scm.storage.CommitWatcher.watchForCommit(CommitWatcher.java:198)
	at org.apache.hadoop.hdds.scm.storage.CommitWatcher.watchOnLastIndex(CommitWatcher.java:161)
	at org.apache.hadoop.hdds.scm.storage.BlockOutputStream.watchForCommit(BlockOutputStream.java:346)
	at org.apache.hadoop.hdds.scm.storage.BlockOutputStream.handleFlush(BlockOutputStream.java:482)
	at org.apache.hadoop.hdds.scm.storage.BlockOutputStream.close(BlockOutputStream.java:496)
	at org.apache.hadoop.ozone.client.io.BlockOutputStreamEntry.close(BlockOutputStreamEntry.java:143)
	at org.apache.hadoop.ozone.client.io.KeyOutputStream.handleFlushOrClose(KeyOutputStream.java:435)
	at org.apache.hadoop.ozone.client.io.KeyOutputStream.close(KeyOutputStream.java:473)
	at org.apache.hadoop.ozone.client.io.OzoneOutputStream.close(OzoneOutputStream.java:60)
	at org.apache.hadoop.ozone.client.rpc.TestDeleteWithSlowFollower.testDeleteKeyWithSlowFollower(TestDeleteWithSlowFollower.java:193)
	at sun.reflect.NativeMethodAccessorImpl.invoke0(Native Method)
	at sun.reflect.NativeMethodAccessorImpl.invoke(NativeMethodAccessorImpl.java:62)
	at sun.reflect.DelegatingMethodAccessorImpl.invoke(DelegatingMethodAccessorImpl.java:43)
	at java.lang.reflect.Method.invoke(Method.java:498)
	at org.junit.runners.model.FrameworkMethod$1.runReflectiveCall(FrameworkMethod.java:47)
	at org.junit.internal.runners.model.ReflectiveCallable.run(ReflectiveCallable.java:12)
	at org.junit.runners.model.FrameworkMethod.invokeExplosively(FrameworkMethod.java:44)
	at org.junit.internal.runners.statements.InvokeMethod.evaluate(InvokeMethod.java:17)
	at org.junit.runners.ParentRunner.runLeaf(ParentRunner.java:271)
	at org.junit.runners.BlockJUnit4ClassRunner.runChild(BlockJUnit4ClassRunner.java:70)
	at org.junit.runners.BlockJUnit4ClassRunner.runChild(BlockJUnit4ClassRunner.java:50)
	at org.junit.runners.ParentRunner$3.run(ParentRunner.java:238)
	at org.junit.runners.ParentRunner$1.schedule(ParentRunner.java:63)
	at org.junit.runners.ParentRunner.runChildren(ParentRunner.java:236)
	at org.junit.runners.ParentRunner.access$000(ParentRunner.java:53)
	at org.junit.runners.ParentRunner$2.evaluate(ParentRunner.java:229)
	at org.junit.internal.runners.statements.RunBefores.evaluate(RunBefores.java:26)
	at org.junit.internal.runners.statements.RunAfters.evaluate(RunAfters.java:27)
	at org.junit.runners.ParentRunner.run(ParentRunner.java:309)
	at org.apache.maven.surefire.junit4.JUnit4Provider.execute(JUnit4Provider.java:365)
	at org.apache.maven.surefire.junit4.JUnit4Provider.executeWithRerun(JUnit4Provider.java:273)
	at org.apache.maven.surefire.junit4.JUnit4Provider.executeTestSet(JUnit4Provider.java:238)
	at org.apache.maven.surefire.junit4.JUnit4Provider.invoke(JUnit4Provider.java:159)
	at org.apache.maven.surefire.booter.ForkedBooter.invokeProviderInSameClassLoader(ForkedBooter.java:384)
	at org.apache.maven.surefire.booter.ForkedBooter.runSuitesInProcess(ForkedBooter.java:345)
	at org.apache.maven.surefire.booter.ForkedBooter.execute(ForkedBooter.java:126)
	at org.apache.maven.surefire.booter.ForkedBooter.main(ForkedBooter.java:418)
2019-10-30 06:06:08,804 [main] INFO  scm.XceiverClientRatis (XceiverClientRatis.java:lambda$watchForCommit$5(295)) - Could not commit index 6 on pipeline Pipeline[ Id: 55028169-3584-4748-a1dc-e99c5bdd80cf, Nodes: 78a2ca6d-ab27-408c-be71-e2595a145569{ip: 192.168.34.21, host: pr-hdds-1643-9kfsj-1164326334, networkLocation: /default-rack, certSerialId: null}47e59444-ad4b-4d8b-b6f4-160f3329f764{ip: 192.168.34.21, host: pr-hdds-1643-9kfsj-1164326334, networkLocation: /default-rack, certSerialId: null}4b4c7497-a7ec-4f2a-a6c9-18b9f4a92a5f{ip: 192.168.34.21, host: pr-hdds-1643-9kfsj-1164326334, networkLocation: /default-rack, certSerialId: null}, Type:RATIS, Factor:THREE, State:OPEN] to all the nodes. Server 4b4c7497-a7ec-4f2a-a6c9-18b9f4a92a5f has failed. Committed by majority.
2019-10-30 06:06:08,805 [main] WARN  storage.BlockOutputStream (BlockOutputStream.java:watchForCommit(352)) - Failed to commit BlockId conID: 1 locID: 103049824377700352 bcsId: 6 on Pipeline[ Id: 55028169-3584-4748-a1dc-e99c5bdd80cf, Nodes: 78a2ca6d-ab27-408c-be71-e2595a145569{ip: 192.168.34.21, host: pr-hdds-1643-9kfsj-1164326334, networkLocation: /default-rack, certSerialId: null}47e59444-ad4b-4d8b-b6f4-160f3329f764{ip: 192.168.34.21, host: pr-hdds-1643-9kfsj-1164326334, networkLocation: /default-rack, certSerialId: null}4b4c7497-a7ec-4f2a-a6c9-18b9f4a92a5f{ip: 192.168.34.21, host: pr-hdds-1643-9kfsj-1164326334, networkLocation: /default-rack, certSerialId: null}, Type:RATIS, Factor:THREE, State:OPEN]. Failed nodes: [4b4c7497-a7ec-4f2a-a6c9-18b9f4a92a5f{ip: null, host: null, networkLocation: /default-rack, certSerialId: null}]
2019-10-30 06:06:08,894 [EventQueue-IncrementalContainerReportForIncrementalContainerReportHandler] WARN  container.IncrementalContainerReportHandler (AbstractContainerReportHandler.java:updateContainerState(145)) - Container #1 is in OPEN state, but the datanode 47e59444-ad4b-4d8b-b6f4-160f3329f764{ip: 192.168.34.21, host: pr-hdds-1643-9kfsj-1164326334, networkLocation: /default-rack, certSerialId: null} reports an CLOSING replica.
2019-10-30 06:06:08,905 [RatisApplyTransactionExecutor 1] INFO  interfaces.Container (KeyValueContainer.java:flushAndSyncDB(386)) - Container 1 is synced with bcsId 6.
2019-10-30 06:06:08,906 [RatisApplyTransactionExecutor 1] INFO  interfaces.Container (KeyValueContainer.java:flushAndSyncDB(386)) - Container 1 is synced with bcsId 6.
2019-10-30 06:06:08,919 [RatisApplyTransactionExecutor 1] INFO  interfaces.Container (KeyValueContainer.java:close(335)) - Container 1 is closed with bcsId 6.
2019-10-30 06:06:08,922 [EventQueue-IncrementalContainerReportForIncrementalContainerReportHandler] WARN  container.IncrementalContainerReportHandler (AbstractContainerReportHandler.java:updateContainerState(145)) - Container #1 is in OPEN state, but the datanode 78a2ca6d-ab27-408c-be71-e2595a145569{ip: 192.168.34.21, host: pr-hdds-1643-9kfsj-1164326334, networkLocation: /default-rack, certSerialId: null} reports an CLOSING replica.
2019-10-30 06:06:08,923 [EventQueue-IncrementalContainerReportForIncrementalContainerReportHandler] WARN  container.IncrementalContainerReportHandler (AbstractContainerReportHandler.java:updateContainerState(145)) - Container #1 is in OPEN state, but the datanode 47e59444-ad4b-4d8b-b6f4-160f3329f764{ip: 192.168.34.21, host: pr-hdds-1643-9kfsj-1164326334, networkLocation: /default-rack, certSerialId: null} reports an CLOSED replica.
2019-10-30 06:06:08,923 [EventQueue-ContainerReportForContainerReportHandler] WARN  container.ContainerReportHandler (AbstractContainerReportHandler.java:updateContainerState(145)) - Container #1 is in OPEN state, but the datanode 47e59444-ad4b-4d8b-b6f4-160f3329f764{ip: 192.168.34.21, host: pr-hdds-1643-9kfsj-1164326334, networkLocation: /default-rack, certSerialId: null} reports an CLOSING replica.
2019-10-30 06:06:08,930 [RatisApplyTransactionExecutor 1] INFO  interfaces.Container (KeyValueContainer.java:flushAndSyncDB(386)) - Container 1 is synced with bcsId 6.
2019-10-30 06:06:08,931 [RatisApplyTransactionExecutor 1] INFO  interfaces.Container (KeyValueContainer.java:flushAndSyncDB(386)) - Container 1 is synced with bcsId 6.
2019-10-30 06:06:08,946 [RatisApplyTransactionExecutor 1] INFO  interfaces.Container (KeyValueContainer.java:close(335)) - Container 1 is closed with bcsId 6.
2019-10-30 06:06:08,948 [EventQueue-IncrementalContainerReportForIncrementalContainerReportHandler] WARN  container.IncrementalContainerReportHandler (AbstractContainerReportHandler.java:updateContainerState(145)) - Container #1 is in OPEN state, but the datanode 78a2ca6d-ab27-408c-be71-e2595a145569{ip: 192.168.34.21, host: pr-hdds-1643-9kfsj-1164326334, networkLocation: /default-rack, certSerialId: null} reports an CLOSED replica.
2019-10-30 06:06:09,148 [EventQueue-ContainerReportForContainerReportHandler] WARN  container.ContainerReportHandler (AbstractContainerReportHandler.java:updateContainerState(145)) - Container #1 is in OPEN state, but the datanode 78a2ca6d-ab27-408c-be71-e2595a145569{ip: 192.168.34.21, host: pr-hdds-1643-9kfsj-1164326334, networkLocation: /default-rack, certSerialId: null} reports an CLOSED replica.
2019-10-30 06:06:09,210 [IPC Server handler 6 on 43858] INFO  server.SCMBlockProtocolServer (SCMBlockProtocolServer.java:deleteKeyBlocks(214)) - SCM is informed by OM to delete 1 blocks
2019-10-30 06:06:09,211 [IPC Server handler 6 on 43858] INFO  block.BlockManagerImpl (BlockManagerImpl.java:deleteBlocks(285)) - Deleting blocks conID: 1 locID: 103049824377700352 bcsId: 0
2019-10-30 06:06:09,287 [java.util.concurrent.ThreadPoolExecutor$Worker@2357ca47[State = -1, empty queue]] WARN  server.GrpcLogAppender (GrpcLogAppender.java:timeoutAppendRequest(209)) - 47e59444-ad4b-4d8b-b6f4-160f3329f764@group-E99C5BDD80CF->4b4c7497-a7ec-4f2a-a6c9-18b9f4a92a5f-GrpcLogAppender: appendEntries Timeout, request=47e59444-ad4b-4d8b-b6f4-160f3329f764->4b4c7497-a7ec-4f2a-a6c9-18b9f4a92a5f#22-t3, previous=(t:3, i:8), leaderCommit=8, initializing? false, entries: <empty>
2019-10-30 06:06:09,310 [BlockDeletingService#2] WARN  background.BlockDeletingService (BlockDeletingService.java:isDeletionAllowed(187)) - Close Container log Index 6 is not replicated across allthe servers in the pipeline 55028169-3584-4748-a1dc-e99c5bdd80cf as the min replicated index is 4. Deletion is not allowed in this container yet.
2019-10-30 06:06:09,310 [BlockDeletingService#2] WARN  background.BlockDeletingService (BlockDeletingService.java:isDeletionAllowed(187)) - Close Container log Index 6 is not replicated across allthe servers in the pipeline 55028169-3584-4748-a1dc-e99c5bdd80cf as the min replicated index is 4. Deletion is not allowed in this container yet.
2019-10-30 06:06:09,321 [EventQueue-ContainerReportForContainerReportHandler] WARN  container.ContainerReportHandler (AbstractContainerReportHandler.java:updateContainerState(145)) - Container #1 is in OPEN state, but the datanode 47e59444-ad4b-4d8b-b6f4-160f3329f764{ip: 192.168.34.21, host: pr-hdds-1643-9kfsj-1164326334, networkLocation: /default-rack, certSerialId: null} reports an CLOSED replica.
2019-10-30 06:06:09,547 [EventQueue-ContainerReportForContainerReportHandler] WARN  container.ContainerReportHandler (AbstractContainerReportHandler.java:updateContainerState(145)) - Container #1 is in OPEN state, but the datanode 78a2ca6d-ab27-408c-be71-e2595a145569{ip: 192.168.34.21, host: pr-hdds-1643-9kfsj-1164326334, networkLocation: /default-rack, certSerialId: null} reports an CLOSED replica.
2019-10-30 06:06:09,722 [EventQueue-ContainerReportForContainerReportHandler] WARN  container.ContainerReportHandler (AbstractContainerReportHandler.java:updateContainerState(145)) - Container #1 is in OPEN state, but the datanode 47e59444-ad4b-4d8b-b6f4-160f3329f764{ip: 192.168.34.21, host: pr-hdds-1643-9kfsj-1164326334, networkLocation: /default-rack, certSerialId: null} reports an CLOSED replica.
2019-10-30 06:06:09,755 [Thread-334] INFO  client.GrpcClientProtocolService (GrpcClientProtocolService.java:lambda$processClientRequest$0(278)) - Failed RaftClientRequest:client-B8CB26F2FF35->47e59444-ad4b-4d8b-b6f4-160f3329f764@group-E99C5BDD80CF, cid=10, seq=0, Watch-ALL_COMMITTED(6), Message:<EMPTY>, reply=RaftClientReply:client-B8CB26F2FF35->47e59444-ad4b-4d8b-b6f4-160f3329f764@group-E99C5BDD80CF, cid=10, FAILED org.apache.ratis.protocol.NotReplicatedException: Request with call Id 10 and log index 6 is not yet replicated to ALL_COMMITTED, logIndex=6, commits[47e59444-ad4b-4d8b-b6f4-160f3329f764:c10, 78a2ca6d-ab27-408c-be71-e2595a145569:c9, 4b4c7497-a7ec-4f2a-a6c9-18b9f4a92a5f:c4]
2019-10-30 06:06:09,948 [EventQueue-ContainerReportForContainerReportHandler] WARN  container.ContainerReportHandler (AbstractContainerReportHandler.java:updateContainerState(145)) - Container #1 is in OPEN state, but the datanode 78a2ca6d-ab27-408c-be71-e2595a145569{ip: 192.168.34.21, host: pr-hdds-1643-9kfsj-1164326334, networkLocation: /default-rack, certSerialId: null} reports an CLOSED replica.
2019-10-30 06:06:10,023 [EventQueue-ContainerReportForContainerReportHandler] WARN  container.ContainerReportHandler (AbstractContainerReportHandler.java:updateContainerState(145)) - Container #1 is in OPEN state, but the datanode 47e59444-ad4b-4d8b-b6f4-160f3329f764{ip: 192.168.34.21, host: pr-hdds-1643-9kfsj-1164326334, networkLocation: /default-rack, certSerialId: null} reports an CLOSED replica.
2019-10-30 06:06:10,249 [EventQueue-ContainerReportForContainerReportHandler] WARN  container.ContainerReportHandler (AbstractContainerReportHandler.java:updateContainerState(145)) - Container #1 is in OPEN state, but the datanode 78a2ca6d-ab27-408c-be71-e2595a145569{ip: 192.168.34.21, host: pr-hdds-1643-9kfsj-1164326334, networkLocation: /default-rack, certSerialId: null} reports an CLOSED replica.
2019-10-30 06:06:10,313 [BlockDeletingService#2] WARN  background.BlockDeletingService (BlockDeletingService.java:isDeletionAllowed(187)) - Close Container log Index 6 is not replicated across allthe servers in the pipeline 55028169-3584-4748-a1dc-e99c5bdd80cf as the min replicated index is 4. Deletion is not allowed in this container yet.
2019-10-30 06:06:10,313 [BlockDeletingService#2] WARN  background.BlockDeletingService (BlockDeletingService.java:isDeletionAllowed(187)) - Close Container log Index 6 is not replicated across allthe servers in the pipeline 55028169-3584-4748-a1dc-e99c5bdd80cf as the min replicated index is 4. Deletion is not allowed in this container yet.
2019-10-30 06:06:10,324 [EventQueue-ContainerReportForContainerReportHandler] WARN  container.ContainerReportHandler (AbstractContainerReportHandler.java:updateContainerState(145)) - Container #1 is in OPEN state, but the datanode 47e59444-ad4b-4d8b-b6f4-160f3329f764{ip: 192.168.34.21, host: pr-hdds-1643-9kfsj-1164326334, networkLocation: /default-rack, certSerialId: null} reports an CLOSED replica.
2019-10-30 06:06:10,550 [EventQueue-ContainerReportForContainerReportHandler] WARN  container.ContainerReportHandler (AbstractContainerReportHandler.java:updateContainerState(145)) - Container #1 is in OPEN state, but the datanode 78a2ca6d-ab27-408c-be71-e2595a145569{ip: 192.168.34.21, host: pr-hdds-1643-9kfsj-1164326334, networkLocation: /default-rack, certSerialId: null} reports an CLOSED replica.
2019-10-30 06:06:10,724 [EventQueue-ContainerReportForContainerReportHandler] WARN  container.ContainerReportHandler (AbstractContainerReportHandler.java:updateContainerState(145)) - Container #1 is in OPEN state, but the datanode 47e59444-ad4b-4d8b-b6f4-160f3329f764{ip: 192.168.34.21, host: pr-hdds-1643-9kfsj-1164326334, networkLocation: /default-rack, certSerialId: null} reports an CLOSED replica.
2019-10-30 06:06:10,852 [EventQueue-ContainerReportForContainerReportHandler] WARN  container.ContainerReportHandler (AbstractContainerReportHandler.java:updateContainerState(145)) - Container #1 is in OPEN state, but the datanode 78a2ca6d-ab27-408c-be71-e2595a145569{ip: 192.168.34.21, host: pr-hdds-1643-9kfsj-1164326334, networkLocation: /default-rack, certSerialId: null} reports an CLOSED replica.
2019-10-30 06:06:11,024 [EventQueue-ContainerReportForContainerReportHandler] WARN  container.ContainerReportHandler (AbstractContainerReportHandler.java:updateContainerState(145)) - Container #1 is in OPEN state, but the datanode 47e59444-ad4b-4d8b-b6f4-160f3329f764{ip: 192.168.34.21, host: pr-hdds-1643-9kfsj-1164326334, networkLocation: /default-rack, certSerialId: null} reports an CLOSED replica.
2019-10-30 06:06:11,151 [EventQueue-ContainerReportForContainerReportHandler] WARN  container.ContainerReportHandler (AbstractContainerReportHandler.java:updateContainerState(145)) - Container #1 is in OPEN state, but the datanode 78a2ca6d-ab27-408c-be71-e2595a145569{ip: 192.168.34.21, host: pr-hdds-1643-9kfsj-1164326334, networkLocation: /default-rack, certSerialId: null} reports an CLOSED replica.
2019-10-30 06:06:11,315 [BlockDeletingService#2] WARN  background.BlockDeletingService (BlockDeletingService.java:isDeletionAllowed(187)) - Close Container log Index 6 is not replicated across allthe servers in the pipeline 55028169-3584-4748-a1dc-e99c5bdd80cf as the min replicated index is 4. Deletion is not allowed in this container yet.
2019-10-30 06:06:11,315 [BlockDeletingService#2] WARN  background.BlockDeletingService (BlockDeletingService.java:isDeletionAllowed(187)) - Close Container log Index 6 is not replicated across allthe servers in the pipeline 55028169-3584-4748-a1dc-e99c5bdd80cf as the min replicated index is 4. Deletion is not allowed in this container yet.
2019-10-30 06:06:11,325 [EventQueue-ContainerReportForContainerReportHandler] WARN  container.ContainerReportHandler (AbstractContainerReportHandler.java:updateContainerState(145)) - Container #1 is in OPEN state, but the datanode 47e59444-ad4b-4d8b-b6f4-160f3329f764{ip: 192.168.34.21, host: pr-hdds-1643-9kfsj-1164326334, networkLocation: /default-rack, certSerialId: null} reports an CLOSED replica.
2019-10-30 06:06:11,351 [EventQueue-ContainerReportForContainerReportHandler] WARN  container.ContainerReportHandler (AbstractContainerReportHandler.java:updateContainerState(145)) - Container #1 is in OPEN state, but the datanode 78a2ca6d-ab27-408c-be71-e2595a145569{ip: 192.168.34.21, host: pr-hdds-1643-9kfsj-1164326334, networkLocation: /default-rack, certSerialId: null} reports an CLOSED replica.
2019-10-30 06:06:11,525 [EventQueue-ContainerReportForContainerReportHandler] WARN  container.ContainerReportHandler (AbstractContainerReportHandler.java:updateContainerState(145)) - Container #1 is in OPEN state, but the datanode 47e59444-ad4b-4d8b-b6f4-160f3329f764{ip: 192.168.34.21, host: pr-hdds-1643-9kfsj-1164326334, networkLocation: /default-rack, certSerialId: null} reports an CLOSED replica.
2019-10-30 06:06:11,653 [EventQueue-ContainerReportForContainerReportHandler] WARN  container.ContainerReportHandler (AbstractContainerReportHandler.java:updateContainerState(145)) - Container #1 is in OPEN state, but the datanode 78a2ca6d-ab27-408c-be71-e2595a145569{ip: 192.168.34.21, host: pr-hdds-1643-9kfsj-1164326334, networkLocation: /default-rack, certSerialId: null} reports an CLOSED replica.
2019-10-30 06:06:11,789 [java.util.concurrent.ThreadPoolExecutor$Worker@2357ca47[State = -1, empty queue]] WARN  server.GrpcLogAppender (GrpcLogAppender.java:timeoutAppendRequest(209)) - 47e59444-ad4b-4d8b-b6f4-160f3329f764@group-E99C5BDD80CF->4b4c7497-a7ec-4f2a-a6c9-18b9f4a92a5f-GrpcLogAppender: appendEntries Timeout, request=47e59444-ad4b-4d8b-b6f4-160f3329f764->4b4c7497-a7ec-4f2a-a6c9-18b9f4a92a5f#23-t3, previous=(t:3, i:8), leaderCommit=8, initializing? false, entries: <empty>
2019-10-30 06:06:11,867 [java.util.concurrent.ThreadPoolExecutor$Worker@2357ca47[State = -1, empty queue]] WARN  server.GrpcLogAppender (GrpcLogAppender.java:timeoutAppendRequest(209)) - 47e59444-ad4b-4d8b-b6f4-160f3329f764@group-E99C5BDD80CF->4b4c7497-a7ec-4f2a-a6c9-18b9f4a92a5f-GrpcLogAppender: appendEntries Timeout, request=47e59444-ad4b-4d8b-b6f4-160f3329f764->4b4c7497-a7ec-4f2a-a6c9-18b9f4a92a5f#24-t3, previous=(t:3, i:8), leaderCommit=8, initializing? false, entries: size=1, first=(t:3, i:9), STATEMACHINELOGENTRY, client-51A6EA967B4C, cid=12
2019-10-30 06:06:11,880 [java.util.concurrent.ThreadPoolExecutor$Worker@2357ca47[State = -1, empty queue]] WARN  server.GrpcLogAppender (GrpcLogAppender.java:timeoutAppendRequest(209)) - 47e59444-ad4b-4d8b-b6f4-160f3329f764@group-E99C5BDD80CF->4b4c7497-a7ec-4f2a-a6c9-18b9f4a92a5f-GrpcLogAppender: appendEntries Timeout, request=47e59444-ad4b-4d8b-b6f4-160f3329f764->4b4c7497-a7ec-4f2a-a6c9-18b9f4a92a5f#25-t3, previous=(t:3, i:9), leaderCommit=9, initializing? false, entries: size=1, first=(t:3, i:10), METADATAENTRY(c9)
2019-10-30 06:06:11,925 [EventQueue-ContainerReportForContainerReportHandler] WARN  container.ContainerReportHandler (AbstractContainerReportHandler.java:updateContainerState(145)) - Container #1 is in OPEN state, but the datanode 47e59444-ad4b-4d8b-b6f4-160f3329f764{ip: 192.168.34.21, host: pr-hdds-1643-9kfsj-1164326334, networkLocation: /default-rack, certSerialId: null} reports an CLOSED replica.
2019-10-30 06:06:12,051 [EventQueue-ContainerReportForContainerReportHandler] WARN  container.ContainerReportHandler (AbstractContainerReportHandler.java:updateContainerState(145)) - Container #1 is in OPEN state, but the datanode 78a2ca6d-ab27-408c-be71-e2595a145569{ip: 192.168.34.21, host: pr-hdds-1643-9kfsj-1164326334, networkLocation: /default-rack, certSerialId: null} reports an CLOSED replica.
2019-10-30 06:06:12,225 [EventQueue-ContainerReportForContainerReportHandler] WARN  container.ContainerReportHandler (AbstractContainerReportHandler.java:updateContainerState(145)) - Container #1 is in OPEN state, but the datanode 47e59444-ad4b-4d8b-b6f4-160f3329f764{ip: 192.168.34.21, host: pr-hdds-1643-9kfsj-1164326334, networkLocation: /default-rack, certSerialId: null} reports an CLOSED replica.
2019-10-30 06:06:12,317 [BlockDeletingService#2] WARN  background.BlockDeletingService (BlockDeletingService.java:isDeletionAllowed(187)) - Close Container log Index 6 is not replicated across allthe servers in the pipeline 55028169-3584-4748-a1dc-e99c5bdd80cf as the min replicated index is 4. Deletion is not allowed in this container yet.
2019-10-30 06:06:12,317 [BlockDeletingService#2] WARN  background.BlockDeletingService (BlockDeletingService.java:isDeletionAllowed(187)) - Close Container log Index 6 is not replicated across allthe servers in the pipeline 55028169-3584-4748-a1dc-e99c5bdd80cf as the min replicated index is 4. Deletion is not allowed in this container yet.
2019-10-30 06:06:12,352 [EventQueue-ContainerReportForContainerReportHandler] WARN  container.ContainerReportHandler (AbstractContainerReportHandler.java:updateContainerState(145)) - Container #1 is in OPEN state, but the datanode 78a2ca6d-ab27-408c-be71-e2595a145569{ip: 192.168.34.21, host: pr-hdds-1643-9kfsj-1164326334, networkLocation: /default-rack, certSerialId: null} reports an CLOSED replica.
2019-10-30 06:06:12,524 [EventQueue-ContainerReportForContainerReportHandler] WARN  container.ContainerReportHandler (AbstractContainerReportHandler.java:updateContainerState(145)) - Container #1 is in OPEN state, but the datanode 47e59444-ad4b-4d8b-b6f4-160f3329f764{ip: 192.168.34.21, host: pr-hdds-1643-9kfsj-1164326334, networkLocation: /default-rack, certSerialId: null} reports an CLOSED replica.
2019-10-30 06:06:12,653 [EventQueue-ContainerReportForContainerReportHandler] WARN  container.ContainerReportHandler (AbstractContainerReportHandler.java:updateContainerState(145)) - Container #1 is in OPEN state, but the datanode 78a2ca6d-ab27-408c-be71-e2595a145569{ip: 192.168.34.21, host: pr-hdds-1643-9kfsj-1164326334, networkLocation: /default-rack, certSerialId: null} reports an CLOSED replica.
2019-10-30 06:06:12,724 [EventQueue-ContainerReportForContainerReportHandler] WARN  container.ContainerReportHandler (AbstractContainerReportHandler.java:updateContainerState(145)) - Container #1 is in OPEN state, but the datanode 47e59444-ad4b-4d8b-b6f4-160f3329f764{ip: 192.168.34.21, host: pr-hdds-1643-9kfsj-1164326334, networkLocation: /default-rack, certSerialId: null} reports an CLOSED replica.
2019-10-30 06:06:12,952 [EventQueue-ContainerReportForContainerReportHandler] WARN  container.ContainerReportHandler (AbstractContainerReportHandler.java:updateContainerState(145)) - Container #1 is in OPEN state, but the datanode 78a2ca6d-ab27-408c-be71-e2595a145569{ip: 192.168.34.21, host: pr-hdds-1643-9kfsj-1164326334, networkLocation: /default-rack, certSerialId: null} reports an CLOSED replica.
2019-10-30 06:06:13,124 [EventQueue-ContainerReportForContainerReportHandler] WARN  container.ContainerReportHandler (AbstractContainerReportHandler.java:updateContainerState(145)) - Container #1 is in OPEN state, but the datanode 47e59444-ad4b-4d8b-b6f4-160f3329f764{ip: 192.168.34.21, host: pr-hdds-1643-9kfsj-1164326334, networkLocation: /default-rack, certSerialId: null} reports an CLOSED replica.
2019-10-30 06:06:13,253 [EventQueue-ContainerReportForContainerReportHandler] WARN  container.ContainerReportHandler (AbstractContainerReportHandler.java:updateContainerState(145)) - Container #1 is in OPEN state, but the datanode 78a2ca6d-ab27-408c-be71-e2595a145569{ip: 192.168.34.21, host: pr-hdds-1643-9kfsj-1164326334, networkLocation: /default-rack, certSerialId: null} reports an CLOSED replica.
2019-10-30 06:06:13,320 [BlockDeletingService#2] WARN  background.BlockDeletingService (BlockDeletingService.java:isDeletionAllowed(187)) - Close Container log Index 6 is not replicated across allthe servers in the pipeline 55028169-3584-4748-a1dc-e99c5bdd80cf as the min replicated index is 4. Deletion is not allowed in this container yet.
2019-10-30 06:06:13,320 [BlockDeletingService#2] WARN  background.BlockDeletingService (BlockDeletingService.java:isDeletionAllowed(187)) - Close Container log Index 6 is not replicated across allthe servers in the pipeline 55028169-3584-4748-a1dc-e99c5bdd80cf as the min replicated index is 4. Deletion is not allowed in this container yet.
2019-10-30 06:06:13,424 [EventQueue-ContainerReportForContainerReportHandler] WARN  container.ContainerReportHandler (AbstractContainerReportHandler.java:updateContainerState(145)) - Container #1 is in OPEN state, but the datanode 47e59444-ad4b-4d8b-b6f4-160f3329f764{ip: 192.168.34.21, host: pr-hdds-1643-9kfsj-1164326334, networkLocation: /default-rack, certSerialId: null} reports an CLOSED replica.
2019-10-30 06:06:13,626 [EventQueue-ContainerReportForContainerReportHandler] WARN  container.ContainerReportHandler (AbstractContainerReportHandler.java:updateContainerState(145)) - Container #1 is in OPEN state, but the datanode 47e59444-ad4b-4d8b-b6f4-160f3329f764{ip: 192.168.34.21, host: pr-hdds-1643-9kfsj-1164326334, networkLocation: /default-rack, certSerialId: null} reports an CLOSED replica.
2019-10-30 06:06:13,653 [EventQueue-ContainerReportForContainerReportHandler] WARN  container.ContainerReportHandler (AbstractContainerReportHandler.java:updateContainerState(145)) - Container #1 is in OPEN state, but the datanode 78a2ca6d-ab27-408c-be71-e2595a145569{ip: 192.168.34.21, host: pr-hdds-1643-9kfsj-1164326334, networkLocation: /default-rack, certSerialId: null} reports an CLOSED replica.
2019-10-30 06:06:13,932 [EventQueue-ContainerReportForContainerReportHandler] WARN  container.ContainerReportHandler (AbstractContainerReportHandler.java:updateContainerState(145)) - Container #1 is in OPEN state, but the datanode 47e59444-ad4b-4d8b-b6f4-160f3329f764{ip: 192.168.34.21, host: pr-hdds-1643-9kfsj-1164326334, networkLocation: /default-rack, certSerialId: null} reports an CLOSED replica.
2019-10-30 06:06:13,953 [EventQueue-ContainerReportForContainerReportHandler] WARN  container.ContainerReportHandler (AbstractContainerReportHandler.java:updateContainerState(145)) - Container #1 is in OPEN state, but the datanode 78a2ca6d-ab27-408c-be71-e2595a145569{ip: 192.168.34.21, host: pr-hdds-1643-9kfsj-1164326334, networkLocation: /default-rack, certSerialId: null} reports an CLOSED replica.
2019-10-30 06:06:14,226 [EventQueue-ContainerReportForContainerReportHandler] WARN  container.ContainerReportHandler (AbstractContainerReportHandler.java:updateContainerState(145)) - Container #1 is in OPEN state, but the datanode 47e59444-ad4b-4d8b-b6f4-160f3329f764{ip: 192.168.34.21, host: pr-hdds-1643-9kfsj-1164326334, networkLocation: /default-rack, certSerialId: null} reports an CLOSED replica.
2019-10-30 06:06:14,254 [EventQueue-ContainerReportForContainerReportHandler] WARN  container.ContainerReportHandler (AbstractContainerReportHandler.java:updateContainerState(145)) - Container #1 is in OPEN state, but the datanode 78a2ca6d-ab27-408c-be71-e2595a145569{ip: 192.168.34.21, host: pr-hdds-1643-9kfsj-1164326334, networkLocation: /default-rack, certSerialId: null} reports an CLOSED replica.
2019-10-30 06:06:14,321 [BlockDeletingService#2] WARN  background.BlockDeletingService (BlockDeletingService.java:isDeletionAllowed(187)) - Close Container log Index 6 is not replicated across allthe servers in the pipeline 55028169-3584-4748-a1dc-e99c5bdd80cf as the min replicated index is 4. Deletion is not allowed in this container yet.
2019-10-30 06:06:14,322 [BlockDeletingService#2] WARN  background.BlockDeletingService (BlockDeletingService.java:isDeletionAllowed(187)) - Close Container log Index 6 is not replicated across allthe servers in the pipeline 55028169-3584-4748-a1dc-e99c5bdd80cf as the min replicated index is 4. Deletion is not allowed in this container yet.
2019-10-30 06:06:14,382 [java.util.concurrent.ThreadPoolExecutor$Worker@2357ca47[State = -1, empty queue]] WARN  server.GrpcLogAppender (GrpcLogAppender.java:timeoutAppendRequest(209)) - 47e59444-ad4b-4d8b-b6f4-160f3329f764@group-E99C5BDD80CF->4b4c7497-a7ec-4f2a-a6c9-18b9f4a92a5f-GrpcLogAppender: appendEntries Timeout, request=47e59444-ad4b-4d8b-b6f4-160f3329f764->4b4c7497-a7ec-4f2a-a6c9-18b9f4a92a5f#26-t3, previous=(t:3, i:10), leaderCommit=10, initializing? false, entries: <empty>
2019-10-30 06:06:14,554 [EventQueue-ContainerReportForContainerReportHandler] WARN  container.ContainerReportHandler (AbstractContainerReportHandler.java:updateContainerState(145)) - Container #1 is in OPEN state, but the datanode 78a2ca6d-ab27-408c-be71-e2595a145569{ip: 192.168.34.21, host: pr-hdds-1643-9kfsj-1164326334, networkLocation: /default-rack, certSerialId: null} reports an CLOSED replica.
2019-10-30 06:06:14,625 [EventQueue-ContainerReportForContainerReportHandler] WARN  container.ContainerReportHandler (AbstractContainerReportHandler.java:updateContainerState(145)) - Container #1 is in OPEN state, but the datanode 47e59444-ad4b-4d8b-b6f4-160f3329f764{ip: 192.168.34.21, host: pr-hdds-1643-9kfsj-1164326334, networkLocation: /default-rack, certSerialId: null} reports an CLOSED replica.
2019-10-30 06:06:14,956 [EventQueue-ContainerReportForContainerReportHandler] WARN  container.ContainerReportHandler (AbstractContainerReportHandler.java:updateContainerState(145)) - Container #1 is in OPEN state, but the datanode 78a2ca6d-ab27-408c-be71-e2595a145569{ip: 192.168.34.21, host: pr-hdds-1643-9kfsj-1164326334, networkLocation: /default-rack, certSerialId: null} reports an CLOSED replica.
2019-10-30 06:06:15,026 [EventQueue-ContainerReportForContainerReportHandler] WARN  container.ContainerReportHandler (AbstractContainerReportHandler.java:updateContainerState(145)) - Container #1 is in OPEN state, but the datanode 47e59444-ad4b-4d8b-b6f4-160f3329f764{ip: 192.168.34.21, host: pr-hdds-1643-9kfsj-1164326334, networkLocation: /default-rack, certSerialId: null} reports an CLOSED replica.
2019-10-30 06:06:15,155 [EventQueue-ContainerReportForContainerReportHandler] WARN  container.ContainerReportHandler (AbstractContainerReportHandler.java:updateContainerState(145)) - Container #1 is in OPEN state, but the datanode 78a2ca6d-ab27-408c-be71-e2595a145569{ip: 192.168.34.21, host: pr-hdds-1643-9kfsj-1164326334, networkLocation: /default-rack, certSerialId: null} reports an CLOSED replica.
2019-10-30 06:06:15,226 [EventQueue-ContainerReportForContainerReportHandler] WARN  container.ContainerReportHandler (AbstractContainerReportHandler.java:updateContainerState(145)) - Container #1 is in OPEN state, but the datanode 47e59444-ad4b-4d8b-b6f4-160f3329f764{ip: 192.168.34.21, host: pr-hdds-1643-9kfsj-1164326334, networkLocation: /default-rack, certSerialId: null} reports an CLOSED replica.
2019-10-30 06:06:15,323 [BlockDeletingService#2] WARN  background.BlockDeletingService (BlockDeletingService.java:isDeletionAllowed(187)) - Close Container log Index 6 is not replicated across allthe servers in the pipeline 55028169-3584-4748-a1dc-e99c5bdd80cf as the min replicated index is 4. Deletion is not allowed in this container yet.
2019-10-30 06:06:15,323 [BlockDeletingService#2] WARN  background.BlockDeletingService (BlockDeletingService.java:isDeletionAllowed(187)) - Close Container log Index 6 is not replicated across allthe servers in the pipeline 55028169-3584-4748-a1dc-e99c5bdd80cf as the min replicated index is 4. Deletion is not allowed in this container yet.
2019-10-30 06:06:15,454 [EventQueue-ContainerReportForContainerReportHandler] WARN  container.ContainerReportHandler (AbstractContainerReportHandler.java:updateContainerState(145)) - Container #1 is in OPEN state, but the datanode 78a2ca6d-ab27-408c-be71-e2595a145569{ip: 192.168.34.21, host: pr-hdds-1643-9kfsj-1164326334, networkLocation: /default-rack, certSerialId: null} reports an CLOSED replica.
2019-10-30 06:06:15,627 [EventQueue-ContainerReportForContainerReportHandler] WARN  container.ContainerReportHandler (AbstractContainerReportHandler.java:updateContainerState(145)) - Container #1 is in OPEN state, but the datanode 47e59444-ad4b-4d8b-b6f4-160f3329f764{ip: 192.168.34.21, host: pr-hdds-1643-9kfsj-1164326334, networkLocation: /default-rack, certSerialId: null} reports an CLOSED replica.
2019-10-30 06:06:15,854 [EventQueue-ContainerReportForContainerReportHandler] WARN  container.ContainerReportHandler (AbstractContainerReportHandler.java:updateContainerState(145)) - Container #1 is in OPEN state, but the datanode 78a2ca6d-ab27-408c-be71-e2595a145569{ip: 192.168.34.21, host: pr-hdds-1643-9kfsj-1164326334, networkLocation: /default-rack, certSerialId: null} reports an CLOSED replica.
2019-10-30 06:06:15,927 [EventQueue-ContainerReportForContainerReportHandler] WARN  container.ContainerReportHandler (AbstractContainerReportHandler.java:updateContainerState(145)) - Container #1 is in OPEN state, but the datanode 47e59444-ad4b-4d8b-b6f4-160f3329f764{ip: 192.168.34.21, host: pr-hdds-1643-9kfsj-1164326334, networkLocation: /default-rack, certSerialId: null} reports an CLOSED replica.
2019-10-30 06:06:16,227 [EventQueue-ContainerReportForContainerReportHandler] WARN  container.ContainerReportHandler (AbstractContainerReportHandler.java:updateContainerState(145)) - Container #1 is in OPEN state, but the datanode 47e59444-ad4b-4d8b-b6f4-160f3329f764{ip: 192.168.34.21, host: pr-hdds-1643-9kfsj-1164326334, networkLocation: /default-rack, certSerialId: null} reports an CLOSED replica.
2019-10-30 06:06:16,256 [EventQueue-ContainerReportForContainerReportHandler] WARN  container.ContainerReportHandler (AbstractContainerReportHandler.java:updateContainerState(145)) - Container #1 is in OPEN state, but the datanode 78a2ca6d-ab27-408c-be71-e2595a145569{ip: 192.168.34.21, host: pr-hdds-1643-9kfsj-1164326334, networkLocation: /default-rack, certSerialId: null} reports an CLOSED replica.
2019-10-30 06:06:16,324 [BlockDeletingService#2] WARN  background.BlockDeletingService (BlockDeletingService.java:isDeletionAllowed(187)) - Close Container log Index 6 is not replicated across allthe servers in the pipeline 55028169-3584-4748-a1dc-e99c5bdd80cf as the min replicated index is 4. Deletion is not allowed in this container yet.
2019-10-30 06:06:16,324 [BlockDeletingService#2] WARN  background.BlockDeletingService (BlockDeletingService.java:isDeletionAllowed(187)) - Close Container log Index 6 is not replicated across allthe servers in the pipeline 55028169-3584-4748-a1dc-e99c5bdd80cf as the min replicated index is 4. Deletion is not allowed in this container yet.
2019-10-30 06:06:16,556 [EventQueue-ContainerReportForContainerReportHandler] WARN  container.ContainerReportHandler (AbstractContainerReportHandler.java:updateContainerState(145)) - Container #1 is in OPEN state, but the datanode 78a2ca6d-ab27-408c-be71-e2595a145569{ip: 192.168.34.21, host: pr-hdds-1643-9kfsj-1164326334, networkLocation: /default-rack, certSerialId: null} reports an CLOSED replica.
2019-10-30 06:06:16,627 [EventQueue-ContainerReportForContainerReportHandler] WARN  container.ContainerReportHandler (AbstractContainerReportHandler.java:updateContainerState(145)) - Container #1 is in OPEN state, but the datanode 47e59444-ad4b-4d8b-b6f4-160f3329f764{ip: 192.168.34.21, host: pr-hdds-1643-9kfsj-1164326334, networkLocation: /default-rack, certSerialId: null} reports an CLOSED replica.
2019-10-30 06:06:16,857 [EventQueue-ContainerReportForContainerReportHandler] WARN  container.ContainerReportHandler (AbstractContainerReportHandler.java:updateContainerState(145)) - Container #1 is in OPEN state, but the datanode 78a2ca6d-ab27-408c-be71-e2595a145569{ip: 192.168.34.21, host: pr-hdds-1643-9kfsj-1164326334, networkLocation: /default-rack, certSerialId: null} reports an CLOSED replica.
2019-10-30 06:06:16,883 [java.util.concurrent.ThreadPoolExecutor$Worker@2357ca47[State = -1, empty queue]] WARN  server.GrpcLogAppender (GrpcLogAppender.java:timeoutAppendRequest(209)) - 47e59444-ad4b-4d8b-b6f4-160f3329f764@group-E99C5BDD80CF->4b4c7497-a7ec-4f2a-a6c9-18b9f4a92a5f-GrpcLogAppender: appendEntries Timeout, request=47e59444-ad4b-4d8b-b6f4-160f3329f764->4b4c7497-a7ec-4f2a-a6c9-18b9f4a92a5f#27-t3, previous=(t:3, i:10), leaderCommit=10, initializing? false, entries: <empty>
2019-10-30 06:06:16,929 [EventQueue-ContainerReportForContainerReportHandler] WARN  container.ContainerReportHandler (AbstractContainerReportHandler.java:updateContainerState(145)) - Container #1 is in OPEN state, but the datanode 47e59444-ad4b-4d8b-b6f4-160f3329f764{ip: 192.168.34.21, host: pr-hdds-1643-9kfsj-1164326334, networkLocation: /default-rack, certSerialId: null} reports an CLOSED replica.
2019-10-30 06:06:17,128 [EventQueue-ContainerReportForContainerReportHandler] WARN  container.ContainerReportHandler (AbstractContainerReportHandler.java:updateContainerState(145)) - Container #1 is in OPEN state, but the datanode 47e59444-ad4b-4d8b-b6f4-160f3329f764{ip: 192.168.34.21, host: pr-hdds-1643-9kfsj-1164326334, networkLocation: /default-rack, certSerialId: null} reports an CLOSED replica.
2019-10-30 06:06:17,157 [EventQueue-ContainerReportForContainerReportHandler] WARN  container.ContainerReportHandler (AbstractContainerReportHandler.java:updateContainerState(145)) - Container #1 is in OPEN state, but the datanode 78a2ca6d-ab27-408c-be71-e2595a145569{ip: 192.168.34.21, host: pr-hdds-1643-9kfsj-1164326334, networkLocation: /default-rack, certSerialId: null} reports an CLOSED replica.
2019-10-30 06:06:17,326 [BlockDeletingService#2] WARN  background.BlockDeletingService (BlockDeletingService.java:isDeletionAllowed(187)) - Close Container log Index 6 is not replicated across allthe servers in the pipeline 55028169-3584-4748-a1dc-e99c5bdd80cf as the min replicated index is 4. Deletion is not allowed in this container yet.
2019-10-30 06:06:17,326 [BlockDeletingService#2] WARN  background.BlockDeletingService (BlockDeletingService.java:isDeletionAllowed(187)) - Close Container log Index 6 is not replicated across allthe servers in the pipeline 55028169-3584-4748-a1dc-e99c5bdd80cf as the min replicated index is 4. Deletion is not allowed in this container yet.
2019-10-30 06:06:17,327 [EventQueue-ContainerReportForContainerReportHandler] WARN  container.ContainerReportHandler (AbstractContainerReportHandler.java:updateContainerState(145)) - Container #1 is in OPEN state, but the datanode 47e59444-ad4b-4d8b-b6f4-160f3329f764{ip: 192.168.34.21, host: pr-hdds-1643-9kfsj-1164326334, networkLocation: /default-rack, certSerialId: null} reports an CLOSED replica.
2019-10-30 06:06:17,356 [EventQueue-ContainerReportForContainerReportHandler] WARN  container.ContainerReportHandler (AbstractContainerReportHandler.java:updateContainerState(145)) - Container #1 is in OPEN state, but the datanode 78a2ca6d-ab27-408c-be71-e2595a145569{ip: 192.168.34.21, host: pr-hdds-1643-9kfsj-1164326334, networkLocation: /default-rack, certSerialId: null} reports an CLOSED replica.
2019-10-30 06:06:17,527 [EventQueue-ContainerReportForContainerReportHandler] WARN  container.ContainerReportHandler (AbstractContainerReportHandler.java:updateContainerState(145)) - Container #1 is in OPEN state, but the datanode 47e59444-ad4b-4d8b-b6f4-160f3329f764{ip: 192.168.34.21, host: pr-hdds-1643-9kfsj-1164326334, networkLocation: /default-rack, certSerialId: null} reports an CLOSED replica.
2019-10-30 06:06:17,757 [EventQueue-ContainerReportForContainerReportHandler] WARN  container.ContainerReportHandler (AbstractContainerReportHandler.java:updateContainerState(145)) - Container #1 is in OPEN state, but the datanode 78a2ca6d-ab27-408c-be71-e2595a145569{ip: 192.168.34.21, host: pr-hdds-1643-9kfsj-1164326334, networkLocation: /default-rack, certSerialId: null} reports an CLOSED replica.
2019-10-30 06:06:17,827 [EventQueue-ContainerReportForContainerReportHandler] WARN  container.ContainerReportHandler (AbstractContainerReportHandler.java:updateContainerState(145)) - Container #1 is in OPEN state, but the datanode 47e59444-ad4b-4d8b-b6f4-160f3329f764{ip: 192.168.34.21, host: pr-hdds-1643-9kfsj-1164326334, networkLocation: /default-rack, certSerialId: null} reports an CLOSED replica.
2019-10-30 06:06:17,957 [EventQueue-ContainerReportForContainerReportHandler] WARN  container.ContainerReportHandler (AbstractContainerReportHandler.java:updateContainerState(145)) - Container #1 is in OPEN state, but the datanode 78a2ca6d-ab27-408c-be71-e2595a145569{ip: 192.168.34.21, host: pr-hdds-1643-9kfsj-1164326334, networkLocation: /default-rack, certSerialId: null} reports an CLOSED replica.
2019-10-30 06:06:18,127 [EventQueue-ContainerReportForContainerReportHandler] WARN  container.ContainerReportHandler (AbstractContainerReportHandler.java:updateContainerState(145)) - Container #1 is in OPEN state, but the datanode 47e59444-ad4b-4d8b-b6f4-160f3329f764{ip: 192.168.34.21, host: pr-hdds-1643-9kfsj-1164326334, networkLocation: /default-rack, certSerialId: null} reports an CLOSED replica.
2019-10-30 06:06:18,327 [BlockDeletingService#2] WARN  background.BlockDeletingService (BlockDeletingService.java:isDeletionAllowed(187)) - Close Container log Index 6 is not replicated across allthe servers in the pipeline 55028169-3584-4748-a1dc-e99c5bdd80cf as the min replicated index is 4. Deletion is not allowed in this container yet.
2019-10-30 06:06:18,327 [BlockDeletingService#2] WARN  background.BlockDeletingService (BlockDeletingService.java:isDeletionAllowed(187)) - Close Container log Index 6 is not replicated across allthe servers in the pipeline 55028169-3584-4748-a1dc-e99c5bdd80cf as the min replicated index is 4. Deletion is not allowed in this container yet.
2019-10-30 06:06:18,327 [EventQueue-ContainerReportForContainerReportHandler] WARN  container.ContainerReportHandler (AbstractContainerReportHandler.java:updateContainerState(145)) - Container #1 is in OPEN state, but the datanode 47e59444-ad4b-4d8b-b6f4-160f3329f764{ip: 192.168.34.21, host: pr-hdds-1643-9kfsj-1164326334, networkLocation: /default-rack, certSerialId: null} reports an CLOSED replica.
2019-10-30 06:06:18,358 [EventQueue-ContainerReportForContainerReportHandler] WARN  container.ContainerReportHandler (AbstractContainerReportHandler.java:updateContainerState(145)) - Container #1 is in OPEN state, but the datanode 78a2ca6d-ab27-408c-be71-e2595a145569{ip: 192.168.34.21, host: pr-hdds-1643-9kfsj-1164326334, networkLocation: /default-rack, certSerialId: null} reports an CLOSED replica.
2019-10-30 06:06:18,557 [EventQueue-ContainerReportForContainerReportHandler] WARN  container.ContainerReportHandler (AbstractContainerReportHandler.java:updateContainerState(145)) - Container #1 is in OPEN state, but the datanode 78a2ca6d-ab27-408c-be71-e2595a145569{ip: 192.168.34.21, host: pr-hdds-1643-9kfsj-1164326334, networkLocation: /default-rack, certSerialId: null} reports an CLOSED replica.
2019-10-30 06:06:18,727 [EventQueue-ContainerReportForContainerReportHandler] WARN  container.ContainerReportHandler (AbstractContainerReportHandler.java:updateContainerState(145)) - Container #1 is in OPEN state, but the datanode 47e59444-ad4b-4d8b-b6f4-160f3329f764{ip: 192.168.34.21, host: pr-hdds-1643-9kfsj-1164326334, networkLocation: /default-rack, certSerialId: null} reports an CLOSED replica.
2019-10-30 06:06:18,755 [Thread-360] INFO  client.GrpcClientProtocolService (GrpcClientProtocolService.java:lambda$processClientRequest$0(278)) - Failed RaftClientRequest:client-B8CB26F2FF35->47e59444-ad4b-4d8b-b6f4-160f3329f764@group-E99C5BDD80CF, cid=10, seq=0, Watch-ALL_COMMITTED(6), Message:<EMPTY>, reply=RaftClientReply:client-B8CB26F2FF35->47e59444-ad4b-4d8b-b6f4-160f3329f764@group-E99C5BDD80CF, cid=10, FAILED org.apache.ratis.protocol.NotReplicatedException: Request with call Id 10 and log index 6 is not yet replicated to ALL_COMMITTED, logIndex=6, commits[47e59444-ad4b-4d8b-b6f4-160f3329f764:c10, 78a2ca6d-ab27-408c-be71-e2595a145569:c10, 4b4c7497-a7ec-4f2a-a6c9-18b9f4a92a5f:c4]
2019-10-30 06:06:18,928 [EventQueue-ContainerReportForContainerReportHandler] WARN  container.ContainerReportHandler (AbstractContainerReportHandler.java:updateContainerState(145)) - Container #1 is in OPEN state, but the datanode 47e59444-ad4b-4d8b-b6f4-160f3329f764{ip: 192.168.34.21, host: pr-hdds-1643-9kfsj-1164326334, networkLocation: /default-rack, certSerialId: null} reports an CLOSED replica.
2019-10-30 06:06:18,958 [EventQueue-ContainerReportForContainerReportHandler] WARN  container.ContainerReportHandler (AbstractContainerReportHandler.java:updateContainerState(145)) - Container #1 is in OPEN state, but the datanode 78a2ca6d-ab27-408c-be71-e2595a145569{ip: 192.168.34.21, host: pr-hdds-1643-9kfsj-1164326334, networkLocation: /default-rack, certSerialId: null} reports an CLOSED replica.
2019-10-30 06:06:19,228 [EventQueue-ContainerReportForContainerReportHandler] WARN  container.ContainerReportHandler (AbstractContainerReportHandler.java:updateContainerState(145)) - Container #1 is in OPEN state, but the datanode 47e59444-ad4b-4d8b-b6f4-160f3329f764{ip: 192.168.34.21, host: pr-hdds-1643-9kfsj-1164326334, networkLocation: /default-rack, certSerialId: null} reports an CLOSED replica.
2019-10-30 06:06:19,257 [EventQueue-ContainerReportForContainerReportHandler] WARN  container.ContainerReportHandler (AbstractContainerReportHandler.java:updateContainerState(145)) - Container #1 is in OPEN state, but the datanode 78a2ca6d-ab27-408c-be71-e2595a145569{ip: 192.168.34.21, host: pr-hdds-1643-9kfsj-1164326334, networkLocation: /default-rack, certSerialId: null} reports an CLOSED replica.
2019-10-30 06:06:19,329 [BlockDeletingService#2] WARN  background.BlockDeletingService (BlockDeletingService.java:isDeletionAllowed(187)) - Close Container log Index 6 is not replicated across allthe servers in the pipeline 55028169-3584-4748-a1dc-e99c5bdd80cf as the min replicated index is 4. Deletion is not allowed in this container yet.
2019-10-30 06:06:19,329 [BlockDeletingService#2] WARN  background.BlockDeletingService (BlockDeletingService.java:isDeletionAllowed(187)) - Close Container log Index 6 is not replicated across allthe servers in the pipeline 55028169-3584-4748-a1dc-e99c5bdd80cf as the min replicated index is 4. Deletion is not allowed in this container yet.
2019-10-30 06:06:19,383 [java.util.concurrent.ThreadPoolExecutor$Worker@2357ca47[State = -1, empty queue]] WARN  server.GrpcLogAppender (GrpcLogAppender.java:timeoutAppendRequest(209)) - 47e59444-ad4b-4d8b-b6f4-160f3329f764@group-E99C5BDD80CF->4b4c7497-a7ec-4f2a-a6c9-18b9f4a92a5f-GrpcLogAppender: appendEntries Timeout, request=47e59444-ad4b-4d8b-b6f4-160f3329f764->4b4c7497-a7ec-4f2a-a6c9-18b9f4a92a5f#28-t3, previous=(t:3, i:10), leaderCommit=10, initializing? false, entries: <empty>
2019-10-30 06:06:19,528 [EventQueue-ContainerReportForContainerReportHandler] WARN  container.ContainerReportHandler (AbstractContainerReportHandler.java:updateContainerState(145)) - Container #1 is in OPEN state, but the datanode 47e59444-ad4b-4d8b-b6f4-160f3329f764{ip: 192.168.34.21, host: pr-hdds-1643-9kfsj-1164326334, networkLocation: /default-rack, certSerialId: null} reports an CLOSED replica.
2019-10-30 06:06:19,558 [EventQueue-ContainerReportForContainerReportHandler] WARN  container.ContainerReportHandler (AbstractContainerReportHandler.java:updateContainerState(145)) - Container #1 is in OPEN state, but the datanode 78a2ca6d-ab27-408c-be71-e2595a145569{ip: 192.168.34.21, host: pr-hdds-1643-9kfsj-1164326334, networkLocation: /default-rack, certSerialId: null} reports an CLOSED replica.
2019-10-30 06:06:19,829 [EventQueue-ContainerReportForContainerReportHandler] WARN  container.ContainerReportHandler (AbstractContainerReportHandler.java:updateContainerState(145)) - Container #1 is in OPEN state, but the datanode 47e59444-ad4b-4d8b-b6f4-160f3329f764{ip: 192.168.34.21, host: pr-hdds-1643-9kfsj-1164326334, networkLocation: /default-rack, certSerialId: null} reports an CLOSED replica.
2019-10-30 06:06:19,957 [EventQueue-ContainerReportForContainerReportHandler] WARN  container.ContainerReportHandler (AbstractContainerReportHandler.java:updateContainerState(145)) - Container #1 is in OPEN state, but the datanode 78a2ca6d-ab27-408c-be71-e2595a145569{ip: 192.168.34.21, host: pr-hdds-1643-9kfsj-1164326334, networkLocation: /default-rack, certSerialId: null} reports an CLOSED replica.
2019-10-30 06:06:20,030 [EventQueue-ContainerReportForContainerReportHandler] WARN  container.ContainerReportHandler (AbstractContainerReportHandler.java:updateContainerState(145)) - Container #1 is in OPEN state, but the datanode 47e59444-ad4b-4d8b-b6f4-160f3329f764{ip: 192.168.34.21, host: pr-hdds-1643-9kfsj-1164326334, networkLocation: /default-rack, certSerialId: null} reports an CLOSED replica.
2019-10-30 06:06:20,259 [EventQueue-ContainerReportForContainerReportHandler] WARN  container.ContainerReportHandler (AbstractContainerReportHandler.java:updateContainerState(145)) - Container #1 is in OPEN state, but the datanode 78a2ca6d-ab27-408c-be71-e2595a145569{ip: 192.168.34.21, host: pr-hdds-1643-9kfsj-1164326334, networkLocation: /default-rack, certSerialId: null} reports an CLOSED replica.
2019-10-30 06:06:20,333 [EventQueue-ContainerReportForContainerReportHandler] WARN  container.ContainerReportHandler (AbstractContainerReportHandler.java:updateContainerState(145)) - Container #1 is in OPEN state, but the datanode 47e59444-ad4b-4d8b-b6f4-160f3329f764{ip: 192.168.34.21, host: pr-hdds-1643-9kfsj-1164326334, networkLocation: /default-rack, certSerialId: null} reports an CLOSED replica.
2019-10-30 06:06:20,335 [BlockDeletingService#2] WARN  background.BlockDeletingService (BlockDeletingService.java:isDeletionAllowed(187)) - Close Container log Index 6 is not replicated across allthe servers in the pipeline 55028169-3584-4748-a1dc-e99c5bdd80cf as the min replicated index is 4. Deletion is not allowed in this container yet.
2019-10-30 06:06:20,335 [BlockDeletingService#2] WARN  background.BlockDeletingService (BlockDeletingService.java:isDeletionAllowed(187)) - Close Container log Index 6 is not replicated across allthe servers in the pipeline 55028169-3584-4748-a1dc-e99c5bdd80cf as the min replicated index is 4. Deletion is not allowed in this container yet.
2019-10-30 06:06:20,634 [EventQueue-ContainerReportForContainerReportHandler] WARN  container.ContainerReportHandler (AbstractContainerReportHandler.java:updateContainerState(145)) - Container #1 is in OPEN state, but the datanode 47e59444-ad4b-4d8b-b6f4-160f3329f764{ip: 192.168.34.21, host: pr-hdds-1643-9kfsj-1164326334, networkLocation: /default-rack, certSerialId: null} reports an CLOSED replica.
2019-10-30 06:06:20,658 [EventQueue-ContainerReportForContainerReportHandler] WARN  container.ContainerReportHandler (AbstractContainerReportHandler.java:updateContainerState(145)) - Container #1 is in OPEN state, but the datanode 78a2ca6d-ab27-408c-be71-e2595a145569{ip: 192.168.34.21, host: pr-hdds-1643-9kfsj-1164326334, networkLocation: /default-rack, certSerialId: null} reports an CLOSED replica.
2019-10-30 06:06:20,834 [EventQueue-ContainerReportForContainerReportHandler] WARN  container.ContainerReportHandler (AbstractContainerReportHandler.java:updateContainerState(145)) - Container #1 is in OPEN state, but the datanode 47e59444-ad4b-4d8b-b6f4-160f3329f764{ip: 192.168.34.21, host: pr-hdds-1643-9kfsj-1164326334, networkLocation: /default-rack, certSerialId: null} reports an CLOSED replica.
2019-10-30 06:06:20,957 [EventQueue-ContainerReportForContainerReportHandler] WARN  container.ContainerReportHandler (AbstractContainerReportHandler.java:updateContainerState(145)) - Container #1 is in OPEN state, but the datanode 78a2ca6d-ab27-408c-be71-e2595a145569{ip: 192.168.34.21, host: pr-hdds-1643-9kfsj-1164326334, networkLocation: /default-rack, certSerialId: null} reports an CLOSED replica.
2019-10-30 06:06:21,135 [EventQueue-ContainerReportForContainerReportHandler] WARN  container.ContainerReportHandler (AbstractContainerReportHandler.java:updateContainerState(145)) - Container #1 is in OPEN state, but the datanode 47e59444-ad4b-4d8b-b6f4-160f3329f764{ip: 192.168.34.21, host: pr-hdds-1643-9kfsj-1164326334, networkLocation: /default-rack, certSerialId: null} reports an CLOSED replica.
2019-10-30 06:06:21,158 [EventQueue-ContainerReportForContainerReportHandler] WARN  container.ContainerReportHandler (AbstractContainerReportHandler.java:updateContainerState(145)) - Container #1 is in OPEN state, but the datanode 78a2ca6d-ab27-408c-be71-e2595a145569{ip: 192.168.34.21, host: pr-hdds-1643-9kfsj-1164326334, networkLocation: /default-rack, certSerialId: null} reports an CLOSED replica.
2019-10-30 06:06:21,335 [EventQueue-ContainerReportForContainerReportHandler] WARN  container.ContainerReportHandler (AbstractContainerReportHandler.java:updateContainerState(145)) - Container #1 is in OPEN state, but the datanode 47e59444-ad4b-4d8b-b6f4-160f3329f764{ip: 192.168.34.21, host: pr-hdds-1643-9kfsj-1164326334, networkLocation: /default-rack, certSerialId: null} reports an CLOSED replica.
2019-10-30 06:06:21,337 [BlockDeletingService#2] WARN  background.BlockDeletingService (BlockDeletingService.java:isDeletionAllowed(187)) - Close Container log Index 6 is not replicated across allthe servers in the pipeline 55028169-3584-4748-a1dc-e99c5bdd80cf as the min replicated index is 4. Deletion is not allowed in this container yet.
2019-10-30 06:06:21,337 [BlockDeletingService#2] WARN  background.BlockDeletingService (BlockDeletingService.java:isDeletionAllowed(187)) - Close Container log Index 6 is not replicated across allthe servers in the pipeline 55028169-3584-4748-a1dc-e99c5bdd80cf as the min replicated index is 4. Deletion is not allowed in this container yet.
2019-10-30 06:06:21,557 [EventQueue-ContainerReportForContainerReportHandler] WARN  container.ContainerReportHandler (AbstractContainerReportHandler.java:updateContainerState(145)) - Container #1 is in OPEN state, but the datanode 78a2ca6d-ab27-408c-be71-e2595a145569{ip: 192.168.34.21, host: pr-hdds-1643-9kfsj-1164326334, networkLocation: /default-rack, certSerialId: null} reports an CLOSED replica.
2019-10-30 06:06:21,735 [EventQueue-ContainerReportForContainerReportHandler] WARN  container.ContainerReportHandler (AbstractContainerReportHandler.java:updateContainerState(145)) - Container #1 is in OPEN state, but the datanode 47e59444-ad4b-4d8b-b6f4-160f3329f764{ip: 192.168.34.21, host: pr-hdds-1643-9kfsj-1164326334, networkLocation: /default-rack, certSerialId: null} reports an CLOSED replica.
2019-10-30 06:06:21,757 [EventQueue-ContainerReportForContainerReportHandler] WARN  container.ContainerReportHandler (AbstractContainerReportHandler.java:updateContainerState(145)) - Container #1 is in OPEN state, but the datanode 78a2ca6d-ab27-408c-be71-e2595a145569{ip: 192.168.34.21, host: pr-hdds-1643-9kfsj-1164326334, networkLocation: /default-rack, certSerialId: null} reports an CLOSED replica.
2019-10-30 06:06:21,884 [java.util.concurrent.ThreadPoolExecutor$Worker@2357ca47[State = -1, empty queue]] WARN  server.GrpcLogAppender (GrpcLogAppender.java:timeoutAppendRequest(209)) - 47e59444-ad4b-4d8b-b6f4-160f3329f764@group-E99C5BDD80CF->4b4c7497-a7ec-4f2a-a6c9-18b9f4a92a5f-GrpcLogAppender: appendEntries Timeout, request=47e59444-ad4b-4d8b-b6f4-160f3329f764->4b4c7497-a7ec-4f2a-a6c9-18b9f4a92a5f#29-t3, previous=(t:3, i:10), leaderCommit=10, initializing? false, entries: <empty>
2019-10-30 06:06:21,934 [EventQueue-ContainerReportForContainerReportHandler] WARN  container.ContainerReportHandler (AbstractContainerReportHandler.java:updateContainerState(145)) - Container #1 is in OPEN state, but the datanode 47e59444-ad4b-4d8b-b6f4-160f3329f764{ip: 192.168.34.21, host: pr-hdds-1643-9kfsj-1164326334, networkLocation: /default-rack, certSerialId: null} reports an CLOSED replica.
2019-10-30 06:06:22,058 [EventQueue-ContainerReportForContainerReportHandler] WARN  container.ContainerReportHandler (AbstractContainerReportHandler.java:updateContainerState(145)) - Container #1 is in OPEN state, but the datanode 78a2ca6d-ab27-408c-be71-e2595a145569{ip: 192.168.34.21, host: pr-hdds-1643-9kfsj-1164326334, networkLocation: /default-rack, certSerialId: null} reports an CLOSED replica.
2019-10-30 06:06:22,236 [EventQueue-ContainerReportForContainerReportHandler] WARN  container.ContainerReportHandler (AbstractContainerReportHandler.java:updateContainerState(145)) - Container #1 is in OPEN state, but the datanode 47e59444-ad4b-4d8b-b6f4-160f3329f764{ip: 192.168.34.21, host: pr-hdds-1643-9kfsj-1164326334, networkLocation: /default-rack, certSerialId: null} reports an CLOSED replica.
2019-10-30 06:06:22,338 [BlockDeletingService#2] WARN  background.BlockDeletingService (BlockDeletingService.java:isDeletionAllowed(187)) - Close Container log Index 6 is not replicated across allthe servers in the pipeline 55028169-3584-4748-a1dc-e99c5bdd80cf as the min replicated index is 4. Deletion is not allowed in this container yet.
2019-10-30 06:06:22,338 [BlockDeletingService#2] WARN  background.BlockDeletingService (BlockDeletingService.java:isDeletionAllowed(187)) - Close Container log Index 6 is not replicated across allthe servers in the pipeline 55028169-3584-4748-a1dc-e99c5bdd80cf as the min replicated index is 4. Deletion is not allowed in this container yet.
2019-10-30 06:06:22,457 [EventQueue-ContainerReportForContainerReportHandler] WARN  container.ContainerReportHandler (AbstractContainerReportHandler.java:updateContainerState(145)) - Container #1 is in OPEN state, but the datanode 78a2ca6d-ab27-408c-be71-e2595a145569{ip: 192.168.34.21, host: pr-hdds-1643-9kfsj-1164326334, networkLocation: /default-rack, certSerialId: null} reports an CLOSED replica.
2019-10-30 06:06:22,636 [EventQueue-ContainerReportForContainerReportHandler] WARN  container.ContainerReportHandler (AbstractContainerReportHandler.java:updateContainerState(145)) - Container #1 is in OPEN state, but the datanode 47e59444-ad4b-4d8b-b6f4-160f3329f764{ip: 192.168.34.21, host: pr-hdds-1643-9kfsj-1164326334, networkLocation: /default-rack, certSerialId: null} reports an CLOSED replica.
2019-10-30 06:06:22,836 [EventQueue-ContainerReportForContainerReportHandler] WARN  container.ContainerReportHandler (AbstractContainerReportHandler.java:updateContainerState(145)) - Container #1 is in OPEN state, but the datanode 47e59444-ad4b-4d8b-b6f4-160f3329f764{ip: 192.168.34.21, host: pr-hdds-1643-9kfsj-1164326334, networkLocation: /default-rack, certSerialId: null} reports an CLOSED replica.
2019-10-30 06:06:22,859 [EventQueue-ContainerReportForContainerReportHandler] WARN  container.ContainerReportHandler (AbstractContainerReportHandler.java:updateContainerState(145)) - Container #1 is in OPEN state, but the datanode 78a2ca6d-ab27-408c-be71-e2595a145569{ip: 192.168.34.21, host: pr-hdds-1643-9kfsj-1164326334, networkLocation: /default-rack, certSerialId: null} reports an CLOSED replica.
2019-10-30 06:06:23,059 [EventQueue-ContainerReportForContainerReportHandler] WARN  container.ContainerReportHandler (AbstractContainerReportHandler.java:updateContainerState(145)) - Container #1 is in OPEN state, but the datanode 78a2ca6d-ab27-408c-be71-e2595a145569{ip: 192.168.34.21, host: pr-hdds-1643-9kfsj-1164326334, networkLocation: /default-rack, certSerialId: null} reports an CLOSED replica.
2019-10-30 06:06:23,136 [EventQueue-ContainerReportForContainerReportHandler] WARN  container.ContainerReportHandler (AbstractContainerReportHandler.java:updateContainerState(145)) - Container #1 is in OPEN state, but the datanode 47e59444-ad4b-4d8b-b6f4-160f3329f764{ip: 192.168.34.21, host: pr-hdds-1643-9kfsj-1164326334, networkLocation: /default-rack, certSerialId: null} reports an CLOSED replica.
2019-10-30 06:06:23,341 [BlockDeletingService#2] WARN  background.BlockDeletingService (BlockDeletingService.java:isDeletionAllowed(187)) - Close Container log Index 6 is not replicated across allthe servers in the pipeline 55028169-3584-4748-a1dc-e99c5bdd80cf as the min replicated index is 4. Deletion is not allowed in this container yet.
2019-10-30 06:06:23,341 [BlockDeletingService#2] WARN  background.BlockDeletingService (BlockDeletingService.java:isDeletionAllowed(187)) - Close Container log Index 6 is not replicated across allthe servers in the pipeline 55028169-3584-4748-a1dc-e99c5bdd80cf as the min replicated index is 4. Deletion is not allowed in this container yet.
2019-10-30 06:06:23,360 [EventQueue-ContainerReportForContainerReportHandler] WARN  container.ContainerReportHandler (AbstractContainerReportHandler.java:updateContainerState(145)) - Container #1 is in OPEN state, but the datanode 78a2ca6d-ab27-408c-be71-e2595a145569{ip: 192.168.34.21, host: pr-hdds-1643-9kfsj-1164326334, networkLocation: /default-rack, certSerialId: null} reports an CLOSED replica.
2019-10-30 06:06:23,437 [EventQueue-ContainerReportForContainerReportHandler] WARN  container.ContainerReportHandler (AbstractContainerReportHandler.java:updateContainerState(145)) - Container #1 is in OPEN state, but the datanode 47e59444-ad4b-4d8b-b6f4-160f3329f764{ip: 192.168.34.21, host: pr-hdds-1643-9kfsj-1164326334, networkLocation: /default-rack, certSerialId: null} reports an CLOSED replica.
2019-10-30 06:06:23,660 [EventQueue-ContainerReportForContainerReportHandler] WARN  container.ContainerReportHandler (AbstractContainerReportHandler.java:updateContainerState(145)) - Container #1 is in OPEN state, but the datanode 78a2ca6d-ab27-408c-be71-e2595a145569{ip: 192.168.34.21, host: pr-hdds-1643-9kfsj-1164326334, networkLocation: /default-rack, certSerialId: null} reports an CLOSED replica.
2019-10-30 06:06:23,737 [EventQueue-ContainerReportForContainerReportHandler] WARN  container.ContainerReportHandler (AbstractContainerReportHandler.java:updateContainerState(145)) - Container #1 is in OPEN state, but the datanode 47e59444-ad4b-4d8b-b6f4-160f3329f764{ip: 192.168.34.21, host: pr-hdds-1643-9kfsj-1164326334, networkLocation: /default-rack, certSerialId: null} reports an CLOSED replica.
2019-10-30 06:06:23,962 [EventQueue-ContainerReportForContainerReportHandler] WARN  container.ContainerReportHandler (AbstractContainerReportHandler.java:updateContainerState(145)) - Container #1 is in OPEN state, but the datanode 78a2ca6d-ab27-408c-be71-e2595a145569{ip: 192.168.34.21, host: pr-hdds-1643-9kfsj-1164326334, networkLocation: /default-rack, certSerialId: null} reports an CLOSED replica.
2019-10-30 06:06:24,038 [EventQueue-ContainerReportForContainerReportHandler] WARN  container.ContainerReportHandler (AbstractContainerReportHandler.java:updateContainerState(145)) - Container #1 is in OPEN state, but the datanode 47e59444-ad4b-4d8b-b6f4-160f3329f764{ip: 192.168.34.21, host: pr-hdds-1643-9kfsj-1164326334, networkLocation: /default-rack, certSerialId: null} reports an CLOSED replica.
2019-10-30 06:06:24,260 [EventQueue-ContainerReportForContainerReportHandler] WARN  container.ContainerReportHandler (AbstractContainerReportHandler.java:updateContainerState(145)) - Container #1 is in OPEN state, but the datanode 78a2ca6d-ab27-408c-be71-e2595a145569{ip: 192.168.34.21, host: pr-hdds-1643-9kfsj-1164326334, networkLocation: /default-rack, certSerialId: null} reports an CLOSED replica.
2019-10-30 06:06:24,343 [BlockDeletingService#2] WARN  background.BlockDeletingService (BlockDeletingService.java:isDeletionAllowed(187)) - Close Container log Index 6 is not replicated across allthe servers in the pipeline 55028169-3584-4748-a1dc-e99c5bdd80cf as the min replicated index is 4. Deletion is not allowed in this container yet.
2019-10-30 06:06:24,343 [BlockDeletingService#2] WARN  background.BlockDeletingService (BlockDeletingService.java:isDeletionAllowed(187)) - Close Container log Index 6 is not replicated across allthe servers in the pipeline 55028169-3584-4748-a1dc-e99c5bdd80cf as the min replicated index is 4. Deletion is not allowed in this container yet.
2019-10-30 06:06:24,385 [java.util.concurrent.ThreadPoolExecutor$Worker@2357ca47[State = -1, empty queue]] WARN  server.GrpcLogAppender (GrpcLogAppender.java:timeoutAppendRequest(209)) - 47e59444-ad4b-4d8b-b6f4-160f3329f764@group-E99C5BDD80CF->4b4c7497-a7ec-4f2a-a6c9-18b9f4a92a5f-GrpcLogAppender: appendEntries Timeout, request=47e59444-ad4b-4d8b-b6f4-160f3329f764->4b4c7497-a7ec-4f2a-a6c9-18b9f4a92a5f#30-t3, previous=(t:3, i:10), leaderCommit=10, initializing? false, entries: <empty>
2019-10-30 06:06:24,440 [EventQueue-ContainerReportForContainerReportHandler] WARN  container.ContainerReportHandler (AbstractContainerReportHandler.java:updateContainerState(145)) - Container #1 is in OPEN state, but the datanode 47e59444-ad4b-4d8b-b6f4-160f3329f764{ip: 192.168.34.21, host: pr-hdds-1643-9kfsj-1164326334, networkLocation: /default-rack, certSerialId: null} reports an CLOSED replica.
2019-10-30 06:06:24,661 [EventQueue-ContainerReportForContainerReportHandler] WARN  container.ContainerReportHandler (AbstractContainerReportHandler.java:updateContainerState(145)) - Container #1 is in OPEN state, but the datanode 78a2ca6d-ab27-408c-be71-e2595a145569{ip: 192.168.34.21, host: pr-hdds-1643-9kfsj-1164326334, networkLocation: /default-rack, certSerialId: null} reports an CLOSED replica.
2019-10-30 06:06:24,739 [EventQueue-ContainerReportForContainerReportHandler] WARN  container.ContainerReportHandler (AbstractContainerReportHandler.java:updateContainerState(145)) - Container #1 is in OPEN state, but the datanode 47e59444-ad4b-4d8b-b6f4-160f3329f764{ip: 192.168.34.21, host: pr-hdds-1643-9kfsj-1164326334, networkLocation: /default-rack, certSerialId: null} reports an CLOSED replica.
2019-10-30 06:06:24,939 [EventQueue-ContainerReportForContainerReportHandler] WARN  container.ContainerReportHandler (AbstractContainerReportHandler.java:updateContainerState(145)) - Container #1 is in OPEN state, but the datanode 47e59444-ad4b-4d8b-b6f4-160f3329f764{ip: 192.168.34.21, host: pr-hdds-1643-9kfsj-1164326334, networkLocation: /default-rack, certSerialId: null} reports an CLOSED replica.
2019-10-30 06:06:24,961 [EventQueue-ContainerReportForContainerReportHandler] WARN  container.ContainerReportHandler (AbstractContainerReportHandler.java:updateContainerState(145)) - Container #1 is in OPEN state, but the datanode 78a2ca6d-ab27-408c-be71-e2595a145569{ip: 192.168.34.21, host: pr-hdds-1643-9kfsj-1164326334, networkLocation: /default-rack, certSerialId: null} reports an CLOSED replica.
2019-10-30 06:06:25,240 [EventQueue-ContainerReportForContainerReportHandler] WARN  container.ContainerReportHandler (AbstractContainerReportHandler.java:updateContainerState(145)) - Container #1 is in OPEN state, but the datanode 47e59444-ad4b-4d8b-b6f4-160f3329f764{ip: 192.168.34.21, host: pr-hdds-1643-9kfsj-1164326334, networkLocation: /default-rack, certSerialId: null} reports an CLOSED replica.
2019-10-30 06:06:25,344 [BlockDeletingService#2] WARN  background.BlockDeletingService (BlockDeletingService.java:isDeletionAllowed(187)) - Close Container log Index 6 is not replicated across allthe servers in the pipeline 55028169-3584-4748-a1dc-e99c5bdd80cf as the min replicated index is 4. Deletion is not allowed in this container yet.
2019-10-30 06:06:25,344 [BlockDeletingService#2] WARN  background.BlockDeletingService (BlockDeletingService.java:isDeletionAllowed(187)) - Close Container log Index 6 is not replicated across allthe servers in the pipeline 55028169-3584-4748-a1dc-e99c5bdd80cf as the min replicated index is 4. Deletion is not allowed in this container yet.
2019-10-30 06:06:25,363 [EventQueue-ContainerReportForContainerReportHandler] WARN  container.ContainerReportHandler (AbstractContainerReportHandler.java:updateContainerState(145)) - Container #1 is in OPEN state, but the datanode 78a2ca6d-ab27-408c-be71-e2595a145569{ip: 192.168.34.21, host: pr-hdds-1643-9kfsj-1164326334, networkLocation: /default-rack, certSerialId: null} reports an CLOSED replica.
2019-10-30 06:06:25,539 [EventQueue-ContainerReportForContainerReportHandler] WARN  container.ContainerReportHandler (AbstractContainerReportHandler.java:updateContainerState(145)) - Container #1 is in OPEN state, but the datanode 47e59444-ad4b-4d8b-b6f4-160f3329f764{ip: 192.168.34.21, host: pr-hdds-1643-9kfsj-1164326334, networkLocation: /default-rack, certSerialId: null} reports an CLOSED replica.
2019-10-30 06:06:25,662 [EventQueue-ContainerReportForContainerReportHandler] WARN  container.ContainerReportHandler (AbstractContainerReportHandler.java:updateContainerState(145)) - Container #1 is in OPEN state, but the datanode 78a2ca6d-ab27-408c-be71-e2595a145569{ip: 192.168.34.21, host: pr-hdds-1643-9kfsj-1164326334, networkLocation: /default-rack, certSerialId: null} reports an CLOSED replica.
2019-10-30 06:06:25,739 [EventQueue-ContainerReportForContainerReportHandler] WARN  container.ContainerReportHandler (AbstractContainerReportHandler.java:updateContainerState(145)) - Container #1 is in OPEN state, but the datanode 47e59444-ad4b-4d8b-b6f4-160f3329f764{ip: 192.168.34.21, host: pr-hdds-1643-9kfsj-1164326334, networkLocation: /default-rack, certSerialId: null} reports an CLOSED replica.
2019-10-30 06:06:25,962 [EventQueue-ContainerReportForContainerReportHandler] WARN  container.ContainerReportHandler (AbstractContainerReportHandler.java:updateContainerState(145)) - Container #1 is in OPEN state, but the datanode 78a2ca6d-ab27-408c-be71-e2595a145569{ip: 192.168.34.21, host: pr-hdds-1643-9kfsj-1164326334, networkLocation: /default-rack, certSerialId: null} reports an CLOSED replica.
2019-10-30 06:06:26,140 [EventQueue-ContainerReportForContainerReportHandler] WARN  container.ContainerReportHandler (AbstractContainerReportHandler.java:updateContainerState(145)) - Container #1 is in OPEN state, but the datanode 47e59444-ad4b-4d8b-b6f4-160f3329f764{ip: 192.168.34.21, host: pr-hdds-1643-9kfsj-1164326334, networkLocation: /default-rack, certSerialId: null} reports an CLOSED replica.
2019-10-30 06:06:26,263 [EventQueue-ContainerReportForContainerReportHandler] WARN  container.ContainerReportHandler (AbstractContainerReportHandler.java:updateContainerState(145)) - Container #1 is in OPEN state, but the datanode 78a2ca6d-ab27-408c-be71-e2595a145569{ip: 192.168.34.21, host: pr-hdds-1643-9kfsj-1164326334, networkLocation: /default-rack, certSerialId: null} reports an CLOSED replica.
2019-10-30 06:06:26,345 [BlockDeletingService#2] WARN  background.BlockDeletingService (BlockDeletingService.java:isDeletionAllowed(187)) - Close Container log Index 6 is not replicated across allthe servers in the pipeline 55028169-3584-4748-a1dc-e99c5bdd80cf as the min replicated index is 4. Deletion is not allowed in this container yet.
2019-10-30 06:06:26,345 [BlockDeletingService#2] WARN  background.BlockDeletingService (BlockDeletingService.java:isDeletionAllowed(187)) - Close Container log Index 6 is not replicated across allthe servers in the pipeline 55028169-3584-4748-a1dc-e99c5bdd80cf as the min replicated index is 4. Deletion is not allowed in this container yet.
2019-10-30 06:06:26,462 [EventQueue-ContainerReportForContainerReportHandler] WARN  container.ContainerReportHandler (AbstractContainerReportHandler.java:updateContainerState(145)) - Container #1 is in OPEN state, but the datanode 78a2ca6d-ab27-408c-be71-e2595a145569{ip: 192.168.34.21, host: pr-hdds-1643-9kfsj-1164326334, networkLocation: /default-rack, certSerialId: null} reports an CLOSED replica.
2019-10-30 06:06:26,542 [EventQueue-ContainerReportForContainerReportHandler] WARN  container.ContainerReportHandler (AbstractContainerReportHandler.java:updateContainerState(145)) - Container #1 is in OPEN state, but the datanode 47e59444-ad4b-4d8b-b6f4-160f3329f764{ip: 192.168.34.21, host: pr-hdds-1643-9kfsj-1164326334, networkLocation: /default-rack, certSerialId: null} reports an CLOSED replica.
2019-10-30 06:06:26,764 [EventQueue-ContainerReportForContainerReportHandler] WARN  container.ContainerReportHandler (AbstractContainerReportHandler.java:updateContainerState(145)) - Container #1 is in OPEN state, but the datanode 78a2ca6d-ab27-408c-be71-e2595a145569{ip: 192.168.34.21, host: pr-hdds-1643-9kfsj-1164326334, networkLocation: /default-rack, certSerialId: null} reports an CLOSED replica.
2019-10-30 06:06:26,843 [EventQueue-ContainerReportForContainerReportHandler] WARN  container.ContainerReportHandler (AbstractContainerReportHandler.java:updateContainerState(145)) - Container #1 is in OPEN state, but the datanode 47e59444-ad4b-4d8b-b6f4-160f3329f764{ip: 192.168.34.21, host: pr-hdds-1643-9kfsj-1164326334, networkLocation: /default-rack, certSerialId: null} reports an CLOSED replica.
2019-10-30 06:06:26,887 [java.util.concurrent.ThreadPoolExecutor$Worker@2357ca47[State = -1, empty queue]] WARN  server.GrpcLogAppender (GrpcLogAppender.java:timeoutAppendRequest(209)) - 47e59444-ad4b-4d8b-b6f4-160f3329f764@group-E99C5BDD80CF->4b4c7497-a7ec-4f2a-a6c9-18b9f4a92a5f-GrpcLogAppender: appendEntries Timeout, request=47e59444-ad4b-4d8b-b6f4-160f3329f764->4b4c7497-a7ec-4f2a-a6c9-18b9f4a92a5f#31-t3, previous=(t:3, i:10), leaderCommit=10, initializing? false, entries: <empty>
2019-10-30 06:06:27,065 [EventQueue-ContainerReportForContainerReportHandler] WARN  container.ContainerReportHandler (AbstractContainerReportHandler.java:updateContainerState(145)) - Container #1 is in OPEN state, but the datanode 78a2ca6d-ab27-408c-be71-e2595a145569{ip: 192.168.34.21, host: pr-hdds-1643-9kfsj-1164326334, networkLocation: /default-rack, certSerialId: null} reports an CLOSED replica.
2019-10-30 06:06:27,145 [EventQueue-ContainerReportForContainerReportHandler] WARN  container.ContainerReportHandler (AbstractContainerReportHandler.java:updateContainerState(145)) - Container #1 is in OPEN state, but the datanode 47e59444-ad4b-4d8b-b6f4-160f3329f764{ip: 192.168.34.21, host: pr-hdds-1643-9kfsj-1164326334, networkLocation: /default-rack, certSerialId: null} reports an CLOSED replica.
2019-10-30 06:06:27,347 [BlockDeletingService#2] WARN  background.BlockDeletingService (BlockDeletingService.java:isDeletionAllowed(187)) - Close Container log Index 6 is not replicated across allthe servers in the pipeline 55028169-3584-4748-a1dc-e99c5bdd80cf as the min replicated index is 4. Deletion is not allowed in this container yet.
2019-10-30 06:06:27,347 [BlockDeletingService#2] WARN  background.BlockDeletingService (BlockDeletingService.java:isDeletionAllowed(187)) - Close Container log Index 6 is not replicated across allthe servers in the pipeline 55028169-3584-4748-a1dc-e99c5bdd80cf as the min replicated index is 4. Deletion is not allowed in this container yet.
2019-10-30 06:06:27,363 [EventQueue-ContainerReportForContainerReportHandler] WARN  container.ContainerReportHandler (AbstractContainerReportHandler.java:updateContainerState(145)) - Container #1 is in OPEN state, but the datanode 78a2ca6d-ab27-408c-be71-e2595a145569{ip: 192.168.34.21, host: pr-hdds-1643-9kfsj-1164326334, networkLocation: /default-rack, certSerialId: null} reports an CLOSED replica.
2019-10-30 06:06:27,445 [EventQueue-ContainerReportForContainerReportHandler] WARN  container.ContainerReportHandler (AbstractContainerReportHandler.java:updateContainerState(145)) - Container #1 is in OPEN state, but the datanode 47e59444-ad4b-4d8b-b6f4-160f3329f764{ip: 192.168.34.21, host: pr-hdds-1643-9kfsj-1164326334, networkLocation: /default-rack, certSerialId: null} reports an CLOSED replica.
2019-10-30 06:06:27,747 [EventQueue-ContainerReportForContainerReportHandler] WARN  container.ContainerReportHandler (AbstractContainerReportHandler.java:updateContainerState(145)) - Container #1 is in OPEN state, but the datanode 47e59444-ad4b-4d8b-b6f4-160f3329f764{ip: 192.168.34.21, host: pr-hdds-1643-9kfsj-1164326334, networkLocation: /default-rack, certSerialId: null} reports an CLOSED replica.
2019-10-30 06:06:27,765 [EventQueue-ContainerReportForContainerReportHandler] WARN  container.ContainerReportHandler (AbstractContainerReportHandler.java:updateContainerState(145)) - Container #1 is in OPEN state, but the datanode 78a2ca6d-ab27-408c-be71-e2595a145569{ip: 192.168.34.21, host: pr-hdds-1643-9kfsj-1164326334, networkLocation: /default-rack, certSerialId: null} reports an CLOSED replica.
2019-10-30 06:06:27,949 [Thread-388] INFO  client.GrpcClientProtocolService (GrpcClientProtocolService.java:lambda$processClientRequest$0(278)) - Failed RaftClientRequest:client-B8CB26F2FF35->78a2ca6d-ab27-408c-be71-e2595a145569@group-E99C5BDD80CF, cid=10, seq=0, Watch-ALL_COMMITTED(6), Message:<EMPTY>, reply=RaftClientReply:client-B8CB26F2FF35->78a2ca6d-ab27-408c-be71-e2595a145569@group-E99C5BDD80CF, cid=10, FAILED org.apache.ratis.protocol.NotLeaderException: Server 78a2ca6d-ab27-408c-be71-e2595a145569@group-E99C5BDD80CF is not the leader 47e59444-ad4b-4d8b-b6f4-160f3329f764:192.168.34.21:39722, logIndex=0, commits[78a2ca6d-ab27-408c-be71-e2595a145569:c10, 4b4c7497-a7ec-4f2a-a6c9-18b9f4a92a5f:c4, 47e59444-ad4b-4d8b-b6f4-160f3329f764:c10]
2019-10-30 06:06:27,965 [EventQueue-ContainerReportForContainerReportHandler] WARN  container.ContainerReportHandler (AbstractContainerReportHandler.java:updateContainerState(145)) - Container #1 is in OPEN state, but the datanode 78a2ca6d-ab27-408c-be71-e2595a145569{ip: 192.168.34.21, host: pr-hdds-1643-9kfsj-1164326334, networkLocation: /default-rack, certSerialId: null} reports an CLOSED replica.
2019-10-30 06:06:28,047 [EventQueue-ContainerReportForContainerReportHandler] WARN  container.ContainerReportHandler (AbstractContainerReportHandler.java:updateContainerState(145)) - Container #1 is in OPEN state, but the datanode 47e59444-ad4b-4d8b-b6f4-160f3329f764{ip: 192.168.34.21, host: pr-hdds-1643-9kfsj-1164326334, networkLocation: /default-rack, certSerialId: null} reports an CLOSED replica.
2019-10-30 06:06:28,347 [EventQueue-ContainerReportForContainerReportHandler] WARN  container.ContainerReportHandler (AbstractContainerReportHandler.java:updateContainerState(145)) - Container #1 is in OPEN state, but the datanode 47e59444-ad4b-4d8b-b6f4-160f3329f764{ip: 192.168.34.21, host: pr-hdds-1643-9kfsj-1164326334, networkLocation: /default-rack, certSerialId: null} reports an CLOSED replica.
2019-10-30 06:06:28,350 [BlockDeletingService#2] WARN  background.BlockDeletingService (BlockDeletingService.java:isDeletionAllowed(187)) - Close Container log Index 6 is not replicated across allthe servers in the pipeline 55028169-3584-4748-a1dc-e99c5bdd80cf as the min replicated index is 4. Deletion is not allowed in this container yet.
2019-10-30 06:06:28,351 [BlockDeletingService#2] WARN  background.BlockDeletingService (BlockDeletingService.java:isDeletionAllowed(187)) - Close Container log Index 6 is not replicated across allthe servers in the pipeline 55028169-3584-4748-a1dc-e99c5bdd80cf as the min replicated index is 4. Deletion is not allowed in this container yet.
2019-10-30 06:06:28,365 [EventQueue-ContainerReportForContainerReportHandler] WARN  container.ContainerReportHandler (AbstractContainerReportHandler.java:updateContainerState(145)) - Container #1 is in OPEN state, but the datanode 78a2ca6d-ab27-408c-be71-e2595a145569{ip: 192.168.34.21, host: pr-hdds-1643-9kfsj-1164326334, networkLocation: /default-rack, certSerialId: null} reports an CLOSED replica.
2019-10-30 06:06:28,548 [EventQueue-ContainerReportForContainerReportHandler] WARN  container.ContainerReportHandler (AbstractContainerReportHandler.java:updateContainerState(145)) - Container #1 is in OPEN state, but the datanode 47e59444-ad4b-4d8b-b6f4-160f3329f764{ip: 192.168.34.21, host: pr-hdds-1643-9kfsj-1164326334, networkLocation: /default-rack, certSerialId: null} reports an CLOSED replica.
2019-10-30 06:06:28,664 [EventQueue-ContainerReportForContainerReportHandler] WARN  container.ContainerReportHandler (AbstractContainerReportHandler.java:updateContainerState(145)) - Container #1 is in OPEN state, but the datanode 78a2ca6d-ab27-408c-be71-e2595a145569{ip: 192.168.34.21, host: pr-hdds-1643-9kfsj-1164326334, networkLocation: /default-rack, certSerialId: null} reports an CLOSED replica.
2019-10-30 06:06:28,748 [EventQueue-ContainerReportForContainerReportHandler] WARN  container.ContainerReportHandler (AbstractContainerReportHandler.java:updateContainerState(145)) - Container #1 is in OPEN state, but the datanode 47e59444-ad4b-4d8b-b6f4-160f3329f764{ip: 192.168.34.21, host: pr-hdds-1643-9kfsj-1164326334, networkLocation: /default-rack, certSerialId: null} reports an CLOSED replica.
2019-10-30 06:06:28,755 [Thread-393] INFO  client.GrpcClientProtocolService (GrpcClientProtocolService.java:lambda$processClientRequest$0(278)) - Failed RaftClientRequest:client-B8CB26F2FF35->47e59444-ad4b-4d8b-b6f4-160f3329f764@group-E99C5BDD80CF, cid=10, seq=0, Watch-ALL_COMMITTED(6), Message:<EMPTY>, reply=RaftClientReply:client-B8CB26F2FF35->47e59444-ad4b-4d8b-b6f4-160f3329f764@group-E99C5BDD80CF, cid=10, FAILED org.apache.ratis.protocol.NotReplicatedException: Request with call Id 10 and log index 6 is not yet replicated to ALL_COMMITTED, logIndex=6, commits[47e59444-ad4b-4d8b-b6f4-160f3329f764:c10, 78a2ca6d-ab27-408c-be71-e2595a145569:c10, 4b4c7497-a7ec-4f2a-a6c9-18b9f4a92a5f:c4]
2019-10-30 06:06:28,964 [EventQueue-ContainerReportForContainerReportHandler] WARN  container.ContainerReportHandler (AbstractContainerReportHandler.java:updateContainerState(145)) - Container #1 is in OPEN state, but the datanode 78a2ca6d-ab27-408c-be71-e2595a145569{ip: 192.168.34.21, host: pr-hdds-1643-9kfsj-1164326334, networkLocation: /default-rack, certSerialId: null} reports an CLOSED replica.
2019-10-30 06:06:29,148 [EventQueue-ContainerReportForContainerReportHandler] WARN  container.ContainerReportHandler (AbstractContainerReportHandler.java:updateContainerState(145)) - Container #1 is in OPEN state, but the datanode 47e59444-ad4b-4d8b-b6f4-160f3329f764{ip: 192.168.34.21, host: pr-hdds-1643-9kfsj-1164326334, networkLocation: /default-rack, certSerialId: null} reports an CLOSED replica.
2019-10-30 06:06:29,264 [EventQueue-ContainerReportForContainerReportHandler] WARN  container.ContainerReportHandler (AbstractContainerReportHandler.java:updateContainerState(145)) - Container #1 is in OPEN state, but the datanode 78a2ca6d-ab27-408c-be71-e2595a145569{ip: 192.168.34.21, host: pr-hdds-1643-9kfsj-1164326334, networkLocation: /default-rack, certSerialId: null} reports an CLOSED replica.
2019-10-30 06:06:29,352 [BlockDeletingService#2] WARN  background.BlockDeletingService (BlockDeletingService.java:isDeletionAllowed(187)) - Close Container log Index 6 is not replicated across allthe servers in the pipeline 55028169-3584-4748-a1dc-e99c5bdd80cf as the min replicated index is 4. Deletion is not allowed in this container yet.
2019-10-30 06:06:29,352 [BlockDeletingService#2] WARN  background.BlockDeletingService (BlockDeletingService.java:isDeletionAllowed(187)) - Close Container log Index 6 is not replicated across allthe servers in the pipeline 55028169-3584-4748-a1dc-e99c5bdd80cf as the min replicated index is 4. Deletion is not allowed in this container yet.
2019-10-30 06:06:29,387 [java.util.concurrent.ThreadPoolExecutor$Worker@2357ca47[State = -1, empty queue]] WARN  server.GrpcLogAppender (GrpcLogAppender.java:timeoutAppendRequest(209)) - 47e59444-ad4b-4d8b-b6f4-160f3329f764@group-E99C5BDD80CF->4b4c7497-a7ec-4f2a-a6c9-18b9f4a92a5f-GrpcLogAppender: appendEntries Timeout, request=47e59444-ad4b-4d8b-b6f4-160f3329f764->4b4c7497-a7ec-4f2a-a6c9-18b9f4a92a5f#32-t3, previous=(t:3, i:10), leaderCommit=10, initializing? false, entries: <empty>
2019-10-30 06:06:29,464 [EventQueue-ContainerReportForContainerReportHandler] WARN  container.ContainerReportHandler (AbstractContainerReportHandler.java:updateContainerState(145)) - Container #1 is in OPEN state, but the datanode 78a2ca6d-ab27-408c-be71-e2595a145569{ip: 192.168.34.21, host: pr-hdds-1643-9kfsj-1164326334, networkLocation: /default-rack, certSerialId: null} reports an CLOSED replica.
2019-10-30 06:06:29,549 [EventQueue-ContainerReportForContainerReportHandler] WARN  container.ContainerReportHandler (AbstractContainerReportHandler.java:updateContainerState(145)) - Container #1 is in OPEN state, but the datanode 47e59444-ad4b-4d8b-b6f4-160f3329f764{ip: 192.168.34.21, host: pr-hdds-1643-9kfsj-1164326334, networkLocation: /default-rack, certSerialId: null} reports an CLOSED replica.
2019-10-30 06:06:29,849 [EventQueue-ContainerReportForContainerReportHandler] WARN  container.ContainerReportHandler (AbstractContainerReportHandler.java:updateContainerState(145)) - Container #1 is in OPEN state, but the datanode 47e59444-ad4b-4d8b-b6f4-160f3329f764{ip: 192.168.34.21, host: pr-hdds-1643-9kfsj-1164326334, networkLocation: /default-rack, certSerialId: null} reports an CLOSED replica.
2019-10-30 06:06:29,864 [EventQueue-ContainerReportForContainerReportHandler] WARN  container.ContainerReportHandler (AbstractContainerReportHandler.java:updateContainerState(145)) - Container #1 is in OPEN state, but the datanode 78a2ca6d-ab27-408c-be71-e2595a145569{ip: 192.168.34.21, host: pr-hdds-1643-9kfsj-1164326334, networkLocation: /default-rack, certSerialId: null} reports an CLOSED replica.
2019-10-30 06:06:30,065 [EventQueue-ContainerReportForContainerReportHandler] WARN  container.ContainerReportHandler (AbstractContainerReportHandler.java:updateContainerState(145)) - Container #1 is in OPEN state, but the datanode 78a2ca6d-ab27-408c-be71-e2595a145569{ip: 192.168.34.21, host: pr-hdds-1643-9kfsj-1164326334, networkLocation: /default-rack, certSerialId: null} reports an CLOSED replica.
2019-10-30 06:06:30,148 [EventQueue-ContainerReportForContainerReportHandler] WARN  container.ContainerReportHandler (AbstractContainerReportHandler.java:updateContainerState(145)) - Container #1 is in OPEN state, but the datanode 47e59444-ad4b-4d8b-b6f4-160f3329f764{ip: 192.168.34.21, host: pr-hdds-1643-9kfsj-1164326334, networkLocation: /default-rack, certSerialId: null} reports an CLOSED replica.
2019-10-30 06:06:30,355 [BlockDeletingService#2] WARN  background.BlockDeletingService (BlockDeletingService.java:isDeletionAllowed(187)) - Close Container log Index 6 is not replicated across allthe servers in the pipeline 55028169-3584-4748-a1dc-e99c5bdd80cf as the min replicated index is 4. Deletion is not allowed in this container yet.
2019-10-30 06:06:30,355 [BlockDeletingService#2] WARN  background.BlockDeletingService (BlockDeletingService.java:isDeletionAllowed(187)) - Close Container log Index 6 is not replicated across allthe servers in the pipeline 55028169-3584-4748-a1dc-e99c5bdd80cf as the min replicated index is 4. Deletion is not allowed in this container yet.
2019-10-30 06:06:30,364 [EventQueue-ContainerReportForContainerReportHandler] WARN  container.ContainerReportHandler (AbstractContainerReportHandler.java:updateContainerState(145)) - Container #1 is in OPEN state, but the datanode 78a2ca6d-ab27-408c-be71-e2595a145569{ip: 192.168.34.21, host: pr-hdds-1643-9kfsj-1164326334, networkLocation: /default-rack, certSerialId: null} reports an CLOSED replica.
2019-10-30 06:06:30,548 [EventQueue-ContainerReportForContainerReportHandler] WARN  container.ContainerReportHandler (AbstractContainerReportHandler.java:updateContainerState(145)) - Container #1 is in OPEN state, but the datanode 47e59444-ad4b-4d8b-b6f4-160f3329f764{ip: 192.168.34.21, host: pr-hdds-1643-9kfsj-1164326334, networkLocation: /default-rack, certSerialId: null} reports an CLOSED replica.
2019-10-30 06:06:30,564 [EventQueue-ContainerReportForContainerReportHandler] WARN  container.ContainerReportHandler (AbstractContainerReportHandler.java:updateContainerState(145)) - Container #1 is in OPEN state, but the datanode 78a2ca6d-ab27-408c-be71-e2595a145569{ip: 192.168.34.21, host: pr-hdds-1643-9kfsj-1164326334, networkLocation: /default-rack, certSerialId: null} reports an CLOSED replica.
2019-10-30 06:06:30,749 [EventQueue-ContainerReportForContainerReportHandler] WARN  container.ContainerReportHandler (AbstractContainerReportHandler.java:updateContainerState(145)) - Container #1 is in OPEN state, but the datanode 47e59444-ad4b-4d8b-b6f4-160f3329f764{ip: 192.168.34.21, host: pr-hdds-1643-9kfsj-1164326334, networkLocation: /default-rack, certSerialId: null} reports an CLOSED replica.
2019-10-30 06:06:30,967 [EventQueue-ContainerReportForContainerReportHandler] WARN  container.ContainerReportHandler (AbstractContainerReportHandler.java:updateContainerState(145)) - Container #1 is in OPEN state, but the datanode 78a2ca6d-ab27-408c-be71-e2595a145569{ip: 192.168.34.21, host: pr-hdds-1643-9kfsj-1164326334, networkLocation: /default-rack, certSerialId: null} reports an CLOSED replica.
2019-10-30 06:06:31,049 [EventQueue-ContainerReportForContainerReportHandler] WARN  container.ContainerReportHandler (AbstractContainerReportHandler.java:updateContainerState(145)) - Container #1 is in OPEN state, but the datanode 47e59444-ad4b-4d8b-b6f4-160f3329f764{ip: 192.168.34.21, host: pr-hdds-1643-9kfsj-1164326334, networkLocation: /default-rack, certSerialId: null} reports an CLOSED replica.
2019-10-30 06:06:31,268 [EventQueue-ContainerReportForContainerReportHandler] WARN  container.ContainerReportHandler (AbstractContainerReportHandler.java:updateContainerState(145)) - Container #1 is in OPEN state, but the datanode 78a2ca6d-ab27-408c-be71-e2595a145569{ip: 192.168.34.21, host: pr-hdds-1643-9kfsj-1164326334, networkLocation: /default-rack, certSerialId: null} reports an CLOSED replica.
2019-10-30 06:06:31,357 [BlockDeletingService#2] WARN  background.BlockDeletingService (BlockDeletingService.java:isDeletionAllowed(187)) - Close Container log Index 6 is not replicated across allthe servers in the pipeline 55028169-3584-4748-a1dc-e99c5bdd80cf as the min replicated index is 4. Deletion is not allowed in this container yet.
2019-10-30 06:06:31,357 [BlockDeletingService#2] WARN  background.BlockDeletingService (BlockDeletingService.java:isDeletionAllowed(187)) - Close Container log Index 6 is not replicated across allthe servers in the pipeline 55028169-3584-4748-a1dc-e99c5bdd80cf as the min replicated index is 4. Deletion is not allowed in this container yet.
2019-10-30 06:06:31,450 [EventQueue-ContainerReportForContainerReportHandler] WARN  container.ContainerReportHandler (AbstractContainerReportHandler.java:updateContainerState(145)) - Container #1 is in OPEN state, but the datanode 47e59444-ad4b-4d8b-b6f4-160f3329f764{ip: 192.168.34.21, host: pr-hdds-1643-9kfsj-1164326334, networkLocation: /default-rack, certSerialId: null} reports an CLOSED replica.
2019-10-30 06:06:31,570 [EventQueue-ContainerReportForContainerReportHandler] WARN  container.ContainerReportHandler (AbstractContainerReportHandler.java:updateContainerState(145)) - Container #1 is in OPEN state, but the datanode 78a2ca6d-ab27-408c-be71-e2595a145569{ip: 192.168.34.21, host: pr-hdds-1643-9kfsj-1164326334, networkLocation: /default-rack, certSerialId: null} reports an CLOSED replica.
2019-10-30 06:06:31,751 [EventQueue-ContainerReportForContainerReportHandler] WARN  container.ContainerReportHandler (AbstractContainerReportHandler.java:updateContainerState(145)) - Container #1 is in OPEN state, but the datanode 47e59444-ad4b-4d8b-b6f4-160f3329f764{ip: 192.168.34.21, host: pr-hdds-1643-9kfsj-1164326334, networkLocation: /default-rack, certSerialId: null} reports an CLOSED replica.
2019-10-30 06:06:31,869 [EventQueue-ContainerReportForContainerReportHandler] WARN  container.ContainerReportHandler (AbstractContainerReportHandler.java:updateContainerState(145)) - Container #1 is in OPEN state, but the datanode 78a2ca6d-ab27-408c-be71-e2595a145569{ip: 192.168.34.21, host: pr-hdds-1643-9kfsj-1164326334, networkLocation: /default-rack, certSerialId: null} reports an CLOSED replica.
2019-10-30 06:06:31,888 [java.util.concurrent.ThreadPoolExecutor$Worker@2357ca47[State = -1, empty queue]] WARN  server.GrpcLogAppender (GrpcLogAppender.java:timeoutAppendRequest(209)) - 47e59444-ad4b-4d8b-b6f4-160f3329f764@group-E99C5BDD80CF->4b4c7497-a7ec-4f2a-a6c9-18b9f4a92a5f-GrpcLogAppender: appendEntries Timeout, request=47e59444-ad4b-4d8b-b6f4-160f3329f764->4b4c7497-a7ec-4f2a-a6c9-18b9f4a92a5f#33-t3, previous=(t:3, i:10), leaderCommit=10, initializing? false, entries: <empty>
2019-10-30 06:06:32,052 [EventQueue-ContainerReportForContainerReportHandler] WARN  container.ContainerReportHandler (AbstractContainerReportHandler.java:updateContainerState(145)) - Container #1 is in OPEN state, but the datanode 47e59444-ad4b-4d8b-b6f4-160f3329f764{ip: 192.168.34.21, host: pr-hdds-1643-9kfsj-1164326334, networkLocation: /default-rack, certSerialId: null} reports an CLOSED replica.
2019-10-30 06:06:32,169 [EventQueue-ContainerReportForContainerReportHandler] WARN  container.ContainerReportHandler (AbstractContainerReportHandler.java:updateContainerState(145)) - Container #1 is in OPEN state, but the datanode 78a2ca6d-ab27-408c-be71-e2595a145569{ip: 192.168.34.21, host: pr-hdds-1643-9kfsj-1164326334, networkLocation: /default-rack, certSerialId: null} reports an CLOSED replica.
2019-10-30 06:06:32,358 [BlockDeletingService#2] WARN  background.BlockDeletingService (BlockDeletingService.java:isDeletionAllowed(187)) - Close Container log Index 6 is not replicated across allthe servers in the pipeline 55028169-3584-4748-a1dc-e99c5bdd80cf as the min replicated index is 4. Deletion is not allowed in this container yet.
2019-10-30 06:06:32,358 [BlockDeletingService#2] WARN  background.BlockDeletingService (BlockDeletingService.java:isDeletionAllowed(187)) - Close Container log Index 6 is not replicated across allthe servers in the pipeline 55028169-3584-4748-a1dc-e99c5bdd80cf as the min replicated index is 4. Deletion is not allowed in this container yet.
2019-10-30 06:06:32,452 [EventQueue-ContainerReportForContainerReportHandler] WARN  container.ContainerReportHandler (AbstractContainerReportHandler.java:updateContainerState(145)) - Container #1 is in OPEN state, but the datanode 47e59444-ad4b-4d8b-b6f4-160f3329f764{ip: 192.168.34.21, host: pr-hdds-1643-9kfsj-1164326334, networkLocation: /default-rack, certSerialId: null} reports an CLOSED replica.
2019-10-30 06:06:32,471 [EventQueue-ContainerReportForContainerReportHandler] WARN  container.ContainerReportHandler (AbstractContainerReportHandler.java:updateContainerState(145)) - Container #1 is in OPEN state, but the datanode 78a2ca6d-ab27-408c-be71-e2595a145569{ip: 192.168.34.21, host: pr-hdds-1643-9kfsj-1164326334, networkLocation: /default-rack, certSerialId: null} reports an CLOSED replica.
2019-10-30 06:06:32,752 [EventQueue-ContainerReportForContainerReportHandler] WARN  container.ContainerReportHandler (AbstractContainerReportHandler.java:updateContainerState(145)) - Container #1 is in OPEN state, but the datanode 47e59444-ad4b-4d8b-b6f4-160f3329f764{ip: 192.168.34.21, host: pr-hdds-1643-9kfsj-1164326334, networkLocation: /default-rack, certSerialId: null} reports an CLOSED replica.
2019-10-30 06:06:32,770 [EventQueue-ContainerReportForContainerReportHandler] WARN  container.ContainerReportHandler (AbstractContainerReportHandler.java:updateContainerState(145)) - Container #1 is in OPEN state, but the datanode 78a2ca6d-ab27-408c-be71-e2595a145569{ip: 192.168.34.21, host: pr-hdds-1643-9kfsj-1164326334, networkLocation: /default-rack, certSerialId: null} reports an CLOSED replica.
2019-10-30 06:06:33,052 [EventQueue-ContainerReportForContainerReportHandler] WARN  container.ContainerReportHandler (AbstractContainerReportHandler.java:updateContainerState(145)) - Container #1 is in OPEN state, but the datanode 47e59444-ad4b-4d8b-b6f4-160f3329f764{ip: 192.168.34.21, host: pr-hdds-1643-9kfsj-1164326334, networkLocation: /default-rack, certSerialId: null} reports an CLOSED replica.
2019-10-30 06:06:33,070 [EventQueue-ContainerReportForContainerReportHandler] WARN  container.ContainerReportHandler (AbstractContainerReportHandler.java:updateContainerState(145)) - Container #1 is in OPEN state, but the datanode 78a2ca6d-ab27-408c-be71-e2595a145569{ip: 192.168.34.21, host: pr-hdds-1643-9kfsj-1164326334, networkLocation: /default-rack, certSerialId: null} reports an CLOSED replica.
2019-10-30 06:06:33,352 [EventQueue-ContainerReportForContainerReportHandler] WARN  container.ContainerReportHandler (AbstractContainerReportHandler.java:updateContainerState(145)) - Container #1 is in OPEN state, but the datanode 47e59444-ad4b-4d8b-b6f4-160f3329f764{ip: 192.168.34.21, host: pr-hdds-1643-9kfsj-1164326334, networkLocation: /default-rack, certSerialId: null} reports an CLOSED replica.
2019-10-30 06:06:33,360 [BlockDeletingService#2] WARN  background.BlockDeletingService (BlockDeletingService.java:isDeletionAllowed(187)) - Close Container log Index 6 is not replicated across allthe servers in the pipeline 55028169-3584-4748-a1dc-e99c5bdd80cf as the min replicated index is 4. Deletion is not allowed in this container yet.
2019-10-30 06:06:33,360 [BlockDeletingService#2] WARN  background.BlockDeletingService (BlockDeletingService.java:isDeletionAllowed(187)) - Close Container log Index 6 is not replicated across allthe servers in the pipeline 55028169-3584-4748-a1dc-e99c5bdd80cf as the min replicated index is 4. Deletion is not allowed in this container yet.
2019-10-30 06:06:33,472 [EventQueue-ContainerReportForContainerReportHandler] WARN  container.ContainerReportHandler (AbstractContainerReportHandler.java:updateContainerState(145)) - Container #1 is in OPEN state, but the datanode 78a2ca6d-ab27-408c-be71-e2595a145569{ip: 192.168.34.21, host: pr-hdds-1643-9kfsj-1164326334, networkLocation: /default-rack, certSerialId: null} reports an CLOSED replica.
2019-10-30 06:06:33,652 [EventQueue-ContainerReportForContainerReportHandler] WARN  container.ContainerReportHandler (AbstractContainerReportHandler.java:updateContainerState(145)) - Container #1 is in OPEN state, but the datanode 47e59444-ad4b-4d8b-b6f4-160f3329f764{ip: 192.168.34.21, host: pr-hdds-1643-9kfsj-1164326334, networkLocation: /default-rack, certSerialId: null} reports an CLOSED replica.
2019-10-30 06:06:33,771 [EventQueue-ContainerReportForContainerReportHandler] WARN  container.ContainerReportHandler (AbstractContainerReportHandler.java:updateContainerState(145)) - Container #1 is in OPEN state, but the datanode 78a2ca6d-ab27-408c-be71-e2595a145569{ip: 192.168.34.21, host: pr-hdds-1643-9kfsj-1164326334, networkLocation: /default-rack, certSerialId: null} reports an CLOSED replica.
2019-10-30 06:06:33,953 [EventQueue-ContainerReportForContainerReportHandler] WARN  container.ContainerReportHandler (AbstractContainerReportHandler.java:updateContainerState(145)) - Container #1 is in OPEN state, but the datanode 47e59444-ad4b-4d8b-b6f4-160f3329f764{ip: 192.168.34.21, host: pr-hdds-1643-9kfsj-1164326334, networkLocation: /default-rack, certSerialId: null} reports an CLOSED replica.
2019-10-30 06:06:34,073 [EventQueue-ContainerReportForContainerReportHandler] WARN  container.ContainerReportHandler (AbstractContainerReportHandler.java:updateContainerState(145)) - Container #1 is in OPEN state, but the datanode 78a2ca6d-ab27-408c-be71-e2595a145569{ip: 192.168.34.21, host: pr-hdds-1643-9kfsj-1164326334, networkLocation: /default-rack, certSerialId: null} reports an CLOSED replica.
2019-10-30 06:06:34,253 [EventQueue-ContainerReportForContainerReportHandler] WARN  container.ContainerReportHandler (AbstractContainerReportHandler.java:updateContainerState(145)) - Container #1 is in OPEN state, but the datanode 47e59444-ad4b-4d8b-b6f4-160f3329f764{ip: 192.168.34.21, host: pr-hdds-1643-9kfsj-1164326334, networkLocation: /default-rack, certSerialId: null} reports an CLOSED replica.
2019-10-30 06:06:34,272 [EventQueue-ContainerReportForContainerReportHandler] WARN  container.ContainerReportHandler (AbstractContainerReportHandler.java:updateContainerState(145)) - Container #1 is in OPEN state, but the datanode 78a2ca6d-ab27-408c-be71-e2595a145569{ip: 192.168.34.21, host: pr-hdds-1643-9kfsj-1164326334, networkLocation: /default-rack, certSerialId: null} reports an CLOSED replica.
2019-10-30 06:06:34,361 [BlockDeletingService#2] WARN  background.BlockDeletingService (BlockDeletingService.java:isDeletionAllowed(187)) - Close Container log Index 6 is not replicated across allthe servers in the pipeline 55028169-3584-4748-a1dc-e99c5bdd80cf as the min replicated index is 4. Deletion is not allowed in this container yet.
2019-10-30 06:06:34,361 [BlockDeletingService#2] WARN  background.BlockDeletingService (BlockDeletingService.java:isDeletionAllowed(187)) - Close Container log Index 6 is not replicated across allthe servers in the pipeline 55028169-3584-4748-a1dc-e99c5bdd80cf as the min replicated index is 4. Deletion is not allowed in this container yet.
2019-10-30 06:06:34,389 [java.util.concurrent.ThreadPoolExecutor$Worker@2357ca47[State = -1, empty queue]] WARN  server.GrpcLogAppender (GrpcLogAppender.java:timeoutAppendRequest(209)) - 47e59444-ad4b-4d8b-b6f4-160f3329f764@group-E99C5BDD80CF->4b4c7497-a7ec-4f2a-a6c9-18b9f4a92a5f-GrpcLogAppender: appendEntries Timeout, request=47e59444-ad4b-4d8b-b6f4-160f3329f764->4b4c7497-a7ec-4f2a-a6c9-18b9f4a92a5f#34-t3, previous=(t:3, i:10), leaderCommit=10, initializing? false, entries: <empty>
2019-10-30 06:06:34,553 [EventQueue-ContainerReportForContainerReportHandler] WARN  container.ContainerReportHandler (AbstractContainerReportHandler.java:updateContainerState(145)) - Container #1 is in OPEN state, but the datanode 47e59444-ad4b-4d8b-b6f4-160f3329f764{ip: 192.168.34.21, host: pr-hdds-1643-9kfsj-1164326334, networkLocation: /default-rack, certSerialId: null} reports an CLOSED replica.
2019-10-30 06:06:34,672 [EventQueue-ContainerReportForContainerReportHandler] WARN  container.ContainerReportHandler (AbstractContainerReportHandler.java:updateContainerState(145)) - Container #1 is in OPEN state, but the datanode 78a2ca6d-ab27-408c-be71-e2595a145569{ip: 192.168.34.21, host: pr-hdds-1643-9kfsj-1164326334, networkLocation: /default-rack, certSerialId: null} reports an CLOSED replica.
2019-10-30 06:06:34,955 [EventQueue-ContainerReportForContainerReportHandler] WARN  container.ContainerReportHandler (AbstractContainerReportHandler.java:updateContainerState(145)) - Container #1 is in OPEN state, but the datanode 47e59444-ad4b-4d8b-b6f4-160f3329f764{ip: 192.168.34.21, host: pr-hdds-1643-9kfsj-1164326334, networkLocation: /default-rack, certSerialId: null} reports an CLOSED replica.
2019-10-30 06:06:35,073 [EventQueue-ContainerReportForContainerReportHandler] WARN  container.ContainerReportHandler (AbstractContainerReportHandler.java:updateContainerState(145)) - Container #1 is in OPEN state, but the datanode 78a2ca6d-ab27-408c-be71-e2595a145569{ip: 192.168.34.21, host: pr-hdds-1643-9kfsj-1164326334, networkLocation: /default-rack, certSerialId: null} reports an CLOSED replica.
2019-10-30 06:06:35,272 [EventQueue-ContainerReportForContainerReportHandler] WARN  container.ContainerReportHandler (AbstractContainerReportHandler.java:updateContainerState(145)) - Container #1 is in OPEN state, but the datanode 78a2ca6d-ab27-408c-be71-e2595a145569{ip: 192.168.34.21, host: pr-hdds-1643-9kfsj-1164326334, networkLocation: /default-rack, certSerialId: null} reports an CLOSED replica.
2019-10-30 06:06:35,355 [EventQueue-ContainerReportForContainerReportHandler] WARN  container.ContainerReportHandler (AbstractContainerReportHandler.java:updateContainerState(145)) - Container #1 is in OPEN state, but the datanode 47e59444-ad4b-4d8b-b6f4-160f3329f764{ip: 192.168.34.21, host: pr-hdds-1643-9kfsj-1164326334, networkLocation: /default-rack, certSerialId: null} reports an CLOSED replica.
2019-10-30 06:06:35,363 [BlockDeletingService#2] WARN  background.BlockDeletingService (BlockDeletingService.java:isDeletionAllowed(187)) - Close Container log Index 6 is not replicated across allthe servers in the pipeline 55028169-3584-4748-a1dc-e99c5bdd80cf as the min replicated index is 4. Deletion is not allowed in this container yet.
2019-10-30 06:06:35,364 [BlockDeletingService#2] WARN  background.BlockDeletingService (BlockDeletingService.java:isDeletionAllowed(187)) - Close Container log Index 6 is not replicated across allthe servers in the pipeline 55028169-3584-4748-a1dc-e99c5bdd80cf as the min replicated index is 4. Deletion is not allowed in this container yet.
2019-10-30 06:06:35,473 [EventQueue-ContainerReportForContainerReportHandler] WARN  container.ContainerReportHandler (AbstractContainerReportHandler.java:updateContainerState(145)) - Container #1 is in OPEN state, but the datanode 78a2ca6d-ab27-408c-be71-e2595a145569{ip: 192.168.34.21, host: pr-hdds-1643-9kfsj-1164326334, networkLocation: /default-rack, certSerialId: null} reports an CLOSED replica.
2019-10-30 06:06:35,655 [EventQueue-ContainerReportForContainerReportHandler] WARN  container.ContainerReportHandler (AbstractContainerReportHandler.java:updateContainerState(145)) - Container #1 is in OPEN state, but the datanode 47e59444-ad4b-4d8b-b6f4-160f3329f764{ip: 192.168.34.21, host: pr-hdds-1643-9kfsj-1164326334, networkLocation: /default-rack, certSerialId: null} reports an CLOSED replica.
2019-10-30 06:06:35,673 [EventQueue-ContainerReportForContainerReportHandler] WARN  container.ContainerReportHandler (AbstractContainerReportHandler.java:updateContainerState(145)) - Container #1 is in OPEN state, but the datanode 78a2ca6d-ab27-408c-be71-e2595a145569{ip: 192.168.34.21, host: pr-hdds-1643-9kfsj-1164326334, networkLocation: /default-rack, certSerialId: null} reports an CLOSED replica.
2019-10-30 06:06:35,854 [EventQueue-ContainerReportForContainerReportHandler] WARN  container.ContainerReportHandler (AbstractContainerReportHandler.java:updateContainerState(145)) - Container #1 is in OPEN state, but the datanode 47e59444-ad4b-4d8b-b6f4-160f3329f764{ip: 192.168.34.21, host: pr-hdds-1643-9kfsj-1164326334, networkLocation: /default-rack, certSerialId: null} reports an CLOSED replica.
2019-10-30 06:06:35,973 [EventQueue-ContainerReportForContainerReportHandler] WARN  container.ContainerReportHandler (AbstractContainerReportHandler.java:updateContainerState(145)) - Container #1 is in OPEN state, but the datanode 78a2ca6d-ab27-408c-be71-e2595a145569{ip: 192.168.34.21, host: pr-hdds-1643-9kfsj-1164326334, networkLocation: /default-rack, certSerialId: null} reports an CLOSED replica.
2019-10-30 06:06:36,174 [EventQueue-ContainerReportForContainerReportHandler] WARN  container.ContainerReportHandler (AbstractContainerReportHandler.java:updateContainerState(145)) - Container #1 is in OPEN state, but the datanode 78a2ca6d-ab27-408c-be71-e2595a145569{ip: 192.168.34.21, host: pr-hdds-1643-9kfsj-1164326334, networkLocation: /default-rack, certSerialId: null} reports an CLOSED replica.
2019-10-30 06:06:36,254 [EventQueue-ContainerReportForContainerReportHandler] WARN  container.ContainerReportHandler (AbstractContainerReportHandler.java:updateContainerState(145)) - Container #1 is in OPEN state, but the datanode 47e59444-ad4b-4d8b-b6f4-160f3329f764{ip: 192.168.34.21, host: pr-hdds-1643-9kfsj-1164326334, networkLocation: /default-rack, certSerialId: null} reports an CLOSED replica.
2019-10-30 06:06:36,364 [BlockDeletingService#2] WARN  background.BlockDeletingService (BlockDeletingService.java:isDeletionAllowed(187)) - Close Container log Index 6 is not replicated across allthe servers in the pipeline 55028169-3584-4748-a1dc-e99c5bdd80cf as the min replicated index is 4. Deletion is not allowed in this container yet.
2019-10-30 06:06:36,365 [BlockDeletingService#2] WARN  background.BlockDeletingService (BlockDeletingService.java:isDeletionAllowed(187)) - Close Container log Index 6 is not replicated across allthe servers in the pipeline 55028169-3584-4748-a1dc-e99c5bdd80cf as the min replicated index is 4. Deletion is not allowed in this container yet.
2019-10-30 06:06:36,454 [EventQueue-ContainerReportForContainerReportHandler] WARN  container.ContainerReportHandler (AbstractContainerReportHandler.java:updateContainerState(145)) - Container #1 is in OPEN state, but the datanode 47e59444-ad4b-4d8b-b6f4-160f3329f764{ip: 192.168.34.21, host: pr-hdds-1643-9kfsj-1164326334, networkLocation: /default-rack, certSerialId: null} reports an CLOSED replica.
2019-10-30 06:06:36,474 [EventQueue-ContainerReportForContainerReportHandler] WARN  container.ContainerReportHandler (AbstractContainerReportHandler.java:updateContainerState(145)) - Container #1 is in OPEN state, but the datanode 78a2ca6d-ab27-408c-be71-e2595a145569{ip: 192.168.34.21, host: pr-hdds-1643-9kfsj-1164326334, networkLocation: /default-rack, certSerialId: null} reports an CLOSED replica.
2019-10-30 06:06:36,774 [EventQueue-ContainerReportForContainerReportHandler] WARN  container.ContainerReportHandler (AbstractContainerReportHandler.java:updateContainerState(145)) - Container #1 is in OPEN state, but the datanode 78a2ca6d-ab27-408c-be71-e2595a145569{ip: 192.168.34.21, host: pr-hdds-1643-9kfsj-1164326334, networkLocation: /default-rack, certSerialId: null} reports an CLOSED replica.
2019-10-30 06:06:36,854 [EventQueue-ContainerReportForContainerReportHandler] WARN  container.ContainerReportHandler (AbstractContainerReportHandler.java:updateContainerState(145)) - Container #1 is in OPEN state, but the datanode 47e59444-ad4b-4d8b-b6f4-160f3329f764{ip: 192.168.34.21, host: pr-hdds-1643-9kfsj-1164326334, networkLocation: /default-rack, certSerialId: null} reports an CLOSED replica.
2019-10-30 06:06:36,890 [java.util.concurrent.ThreadPoolExecutor$Worker@2357ca47[State = -1, empty queue]] WARN  server.GrpcLogAppender (GrpcLogAppender.java:timeoutAppendRequest(209)) - 47e59444-ad4b-4d8b-b6f4-160f3329f764@group-E99C5BDD80CF->4b4c7497-a7ec-4f2a-a6c9-18b9f4a92a5f-GrpcLogAppender: appendEntries Timeout, request=47e59444-ad4b-4d8b-b6f4-160f3329f764->4b4c7497-a7ec-4f2a-a6c9-18b9f4a92a5f#35-t3, previous=(t:3, i:10), leaderCommit=10, initializing? false, entries: <empty>
2019-10-30 06:06:37,056 [EventQueue-ContainerReportForContainerReportHandler] WARN  container.ContainerReportHandler (AbstractContainerReportHandler.java:updateContainerState(145)) - Container #1 is in OPEN state, but the datanode 47e59444-ad4b-4d8b-b6f4-160f3329f764{ip: 192.168.34.21, host: pr-hdds-1643-9kfsj-1164326334, networkLocation: /default-rack, certSerialId: null} reports an CLOSED replica.
2019-10-30 06:06:37,074 [EventQueue-ContainerReportForContainerReportHandler] WARN  container.ContainerReportHandler (AbstractContainerReportHandler.java:updateContainerState(145)) - Container #1 is in OPEN state, but the datanode 78a2ca6d-ab27-408c-be71-e2595a145569{ip: 192.168.34.21, host: pr-hdds-1643-9kfsj-1164326334, networkLocation: /default-rack, certSerialId: null} reports an CLOSED replica.
2019-10-30 06:06:37,256 [EventQueue-ContainerReportForContainerReportHandler] WARN  container.ContainerReportHandler (AbstractContainerReportHandler.java:updateContainerState(145)) - Container #1 is in OPEN state, but the datanode 47e59444-ad4b-4d8b-b6f4-160f3329f764{ip: 192.168.34.21, host: pr-hdds-1643-9kfsj-1164326334, networkLocation: /default-rack, certSerialId: null} reports an CLOSED replica.
2019-10-30 06:06:37,274 [EventQueue-ContainerReportForContainerReportHandler] WARN  container.ContainerReportHandler (AbstractContainerReportHandler.java:updateContainerState(145)) - Container #1 is in OPEN state, but the datanode 78a2ca6d-ab27-408c-be71-e2595a145569{ip: 192.168.34.21, host: pr-hdds-1643-9kfsj-1164326334, networkLocation: /default-rack, certSerialId: null} reports an CLOSED replica.
2019-10-30 06:06:37,367 [BlockDeletingService#2] WARN  background.BlockDeletingService (BlockDeletingService.java:isDeletionAllowed(187)) - Close Container log Index 6 is not replicated across allthe servers in the pipeline 55028169-3584-4748-a1dc-e99c5bdd80cf as the min replicated index is 4. Deletion is not allowed in this container yet.
2019-10-30 06:06:37,367 [BlockDeletingService#2] WARN  background.BlockDeletingService (BlockDeletingService.java:isDeletionAllowed(187)) - Close Container log Index 6 is not replicated across allthe servers in the pipeline 55028169-3584-4748-a1dc-e99c5bdd80cf as the min replicated index is 4. Deletion is not allowed in this container yet.
2019-10-30 06:06:37,555 [EventQueue-ContainerReportForContainerReportHandler] WARN  container.ContainerReportHandler (AbstractContainerReportHandler.java:updateContainerState(145)) - Container #1 is in OPEN state, but the datanode 47e59444-ad4b-4d8b-b6f4-160f3329f764{ip: 192.168.34.21, host: pr-hdds-1643-9kfsj-1164326334, networkLocation: /default-rack, certSerialId: null} reports an CLOSED replica.
2019-10-30 06:06:37,675 [EventQueue-ContainerReportForContainerReportHandler] WARN  container.ContainerReportHandler (AbstractContainerReportHandler.java:updateContainerState(145)) - Container #1 is in OPEN state, but the datanode 78a2ca6d-ab27-408c-be71-e2595a145569{ip: 192.168.34.21, host: pr-hdds-1643-9kfsj-1164326334, networkLocation: /default-rack, certSerialId: null} reports an CLOSED replica.
2019-10-30 06:06:37,756 [EventQueue-ContainerReportForContainerReportHandler] WARN  container.ContainerReportHandler (AbstractContainerReportHandler.java:updateContainerState(145)) - Container #1 is in OPEN state, but the datanode 47e59444-ad4b-4d8b-b6f4-160f3329f764{ip: 192.168.34.21, host: pr-hdds-1643-9kfsj-1164326334, networkLocation: /default-rack, certSerialId: null} reports an CLOSED replica.
2019-10-30 06:06:37,988 [Thread-420] INFO  client.GrpcClientProtocolService (GrpcClientProtocolService.java:lambda$processClientRequest$0(278)) - Failed RaftClientRequest:client-B8CB26F2FF35->78a2ca6d-ab27-408c-be71-e2595a145569@group-E99C5BDD80CF, cid=10, seq=0, Watch-ALL_COMMITTED(6), Message:<EMPTY>, reply=RaftClientReply:client-B8CB26F2FF35->78a2ca6d-ab27-408c-be71-e2595a145569@group-E99C5BDD80CF, cid=10, FAILED org.apache.ratis.protocol.NotLeaderException: Server 78a2ca6d-ab27-408c-be71-e2595a145569@group-E99C5BDD80CF is not the leader 47e59444-ad4b-4d8b-b6f4-160f3329f764:192.168.34.21:39722, logIndex=0, commits[78a2ca6d-ab27-408c-be71-e2595a145569:c10, 4b4c7497-a7ec-4f2a-a6c9-18b9f4a92a5f:c4, 47e59444-ad4b-4d8b-b6f4-160f3329f764:c10]
2019-10-30 06:06:38,056 [EventQueue-ContainerReportForContainerReportHandler] WARN  container.ContainerReportHandler (AbstractContainerReportHandler.java:updateContainerState(145)) - Container #1 is in OPEN state, but the datanode 47e59444-ad4b-4d8b-b6f4-160f3329f764{ip: 192.168.34.21, host: pr-hdds-1643-9kfsj-1164326334, networkLocation: /default-rack, certSerialId: null} reports an CLOSED replica.
2019-10-30 06:06:38,078 [EventQueue-ContainerReportForContainerReportHandler] WARN  container.ContainerReportHandler (AbstractContainerReportHandler.java:updateContainerState(145)) - Container #1 is in OPEN state, but the datanode 78a2ca6d-ab27-408c-be71-e2595a145569{ip: 192.168.34.21, host: pr-hdds-1643-9kfsj-1164326334, networkLocation: /default-rack, certSerialId: null} reports an CLOSED replica.
2019-10-30 06:06:38,279 [EventQueue-ContainerReportForContainerReportHandler] WARN  container.ContainerReportHandler (AbstractContainerReportHandler.java:updateContainerState(145)) - Container #1 is in OPEN state, but the datanode 78a2ca6d-ab27-408c-be71-e2595a145569{ip: 192.168.34.21, host: pr-hdds-1643-9kfsj-1164326334, networkLocation: /default-rack, certSerialId: null} reports an CLOSED replica.
2019-10-30 06:06:38,356 [EventQueue-ContainerReportForContainerReportHandler] WARN  container.ContainerReportHandler (AbstractContainerReportHandler.java:updateContainerState(145)) - Container #1 is in OPEN state, but the datanode 47e59444-ad4b-4d8b-b6f4-160f3329f764{ip: 192.168.34.21, host: pr-hdds-1643-9kfsj-1164326334, networkLocation: /default-rack, certSerialId: null} reports an CLOSED replica.
2019-10-30 06:06:38,368 [BlockDeletingService#2] WARN  background.BlockDeletingService (BlockDeletingService.java:isDeletionAllowed(187)) - Close Container log Index 6 is not replicated across allthe servers in the pipeline 55028169-3584-4748-a1dc-e99c5bdd80cf as the min replicated index is 4. Deletion is not allowed in this container yet.
2019-10-30 06:06:38,368 [BlockDeletingService#2] WARN  background.BlockDeletingService (BlockDeletingService.java:isDeletionAllowed(187)) - Close Container log Index 6 is not replicated across allthe servers in the pipeline 55028169-3584-4748-a1dc-e99c5bdd80cf as the min replicated index is 4. Deletion is not allowed in this container yet.
2019-10-30 06:06:38,555 [EventQueue-ContainerReportForContainerReportHandler] WARN  container.ContainerReportHandler (AbstractContainerReportHandler.java:updateContainerState(145)) - Container #1 is in OPEN state, but the datanode 47e59444-ad4b-4d8b-b6f4-160f3329f764{ip: 192.168.34.21, host: pr-hdds-1643-9kfsj-1164326334, networkLocation: /default-rack, certSerialId: null} reports an CLOSED replica.
2019-10-30 06:06:38,680 [EventQueue-ContainerReportForContainerReportHandler] WARN  container.ContainerReportHandler (AbstractContainerReportHandler.java:updateContainerState(145)) - Container #1 is in OPEN state, but the datanode 78a2ca6d-ab27-408c-be71-e2595a145569{ip: 192.168.34.21, host: pr-hdds-1643-9kfsj-1164326334, networkLocation: /default-rack, certSerialId: null} reports an CLOSED replica.
2019-10-30 06:06:38,755 [Thread-425] INFO  client.GrpcClientProtocolService (GrpcClientProtocolService.java:lambda$processClientRequest$0(278)) - Failed RaftClientRequest:client-B8CB26F2FF35->47e59444-ad4b-4d8b-b6f4-160f3329f764@group-E99C5BDD80CF, cid=10, seq=0, Watch-ALL_COMMITTED(6), Message:<EMPTY>, reply=RaftClientReply:client-B8CB26F2FF35->47e59444-ad4b-4d8b-b6f4-160f3329f764@group-E99C5BDD80CF, cid=10, FAILED org.apache.ratis.protocol.NotReplicatedException: Request with call Id 10 and log index 6 is not yet replicated to ALL_COMMITTED, logIndex=6, commits[47e59444-ad4b-4d8b-b6f4-160f3329f764:c10, 78a2ca6d-ab27-408c-be71-e2595a145569:c10, 4b4c7497-a7ec-4f2a-a6c9-18b9f4a92a5f:c4]
2019-10-30 06:06:38,855 [EventQueue-ContainerReportForContainerReportHandler] WARN  container.ContainerReportHandler (AbstractContainerReportHandler.java:updateContainerState(145)) - Container #1 is in OPEN state, but the datanode 47e59444-ad4b-4d8b-b6f4-160f3329f764{ip: 192.168.34.21, host: pr-hdds-1643-9kfsj-1164326334, networkLocation: /default-rack, certSerialId: null} reports an CLOSED replica.
2019-10-30 06:06:38,979 [EventQueue-ContainerReportForContainerReportHandler] WARN  container.ContainerReportHandler (AbstractContainerReportHandler.java:updateContainerState(145)) - Container #1 is in OPEN state, but the datanode 78a2ca6d-ab27-408c-be71-e2595a145569{ip: 192.168.34.21, host: pr-hdds-1643-9kfsj-1164326334, networkLocation: /default-rack, certSerialId: null} reports an CLOSED replica.
2019-10-30 06:06:39,055 [EventQueue-ContainerReportForContainerReportHandler] WARN  container.ContainerReportHandler (AbstractContainerReportHandler.java:updateContainerState(145)) - Container #1 is in OPEN state, but the datanode 47e59444-ad4b-4d8b-b6f4-160f3329f764{ip: 192.168.34.21, host: pr-hdds-1643-9kfsj-1164326334, networkLocation: /default-rack, certSerialId: null} reports an CLOSED replica.
2019-10-30 06:06:39,356 [EventQueue-ContainerReportForContainerReportHandler] WARN  container.ContainerReportHandler (AbstractContainerReportHandler.java:updateContainerState(145)) - Container #1 is in OPEN state, but the datanode 47e59444-ad4b-4d8b-b6f4-160f3329f764{ip: 192.168.34.21, host: pr-hdds-1643-9kfsj-1164326334, networkLocation: /default-rack, certSerialId: null} reports an CLOSED replica.
2019-10-30 06:06:39,371 [BlockDeletingService#2] WARN  background.BlockDeletingService (BlockDeletingService.java:isDeletionAllowed(187)) - Close Container log Index 6 is not replicated across allthe servers in the pipeline 55028169-3584-4748-a1dc-e99c5bdd80cf as the min replicated index is 4. Deletion is not allowed in this container yet.
2019-10-30 06:06:39,371 [BlockDeletingService#2] WARN  background.BlockDeletingService (BlockDeletingService.java:isDeletionAllowed(187)) - Close Container log Index 6 is not replicated across allthe servers in the pipeline 55028169-3584-4748-a1dc-e99c5bdd80cf as the min replicated index is 4. Deletion is not allowed in this container yet.
2019-10-30 06:06:39,380 [EventQueue-ContainerReportForContainerReportHandler] WARN  container.ContainerReportHandler (AbstractContainerReportHandler.java:updateContainerState(145)) - Container #1 is in OPEN state, but the datanode 78a2ca6d-ab27-408c-be71-e2595a145569{ip: 192.168.34.21, host: pr-hdds-1643-9kfsj-1164326334, networkLocation: /default-rack, certSerialId: null} reports an CLOSED replica.
2019-10-30 06:06:39,391 [java.util.concurrent.ThreadPoolExecutor$Worker@2357ca47[State = -1, empty queue]] WARN  server.GrpcLogAppender (GrpcLogAppender.java:timeoutAppendRequest(209)) - 47e59444-ad4b-4d8b-b6f4-160f3329f764@group-E99C5BDD80CF->4b4c7497-a7ec-4f2a-a6c9-18b9f4a92a5f-GrpcLogAppender: appendEntries Timeout, request=47e59444-ad4b-4d8b-b6f4-160f3329f764->4b4c7497-a7ec-4f2a-a6c9-18b9f4a92a5f#36-t3, previous=(t:3, i:10), leaderCommit=10, initializing? false, entries: <empty>
2019-10-30 06:06:39,580 [EventQueue-ContainerReportForContainerReportHandler] WARN  container.ContainerReportHandler (AbstractContainerReportHandler.java:updateContainerState(145)) - Container #1 is in OPEN state, but the datanode 78a2ca6d-ab27-408c-be71-e2595a145569{ip: 192.168.34.21, host: pr-hdds-1643-9kfsj-1164326334, networkLocation: /default-rack, certSerialId: null} reports an CLOSED replica.
2019-10-30 06:06:39,756 [EventQueue-ContainerReportForContainerReportHandler] WARN  container.ContainerReportHandler (AbstractContainerReportHandler.java:updateContainerState(145)) - Container #1 is in OPEN state, but the datanode 47e59444-ad4b-4d8b-b6f4-160f3329f764{ip: 192.168.34.21, host: pr-hdds-1643-9kfsj-1164326334, networkLocation: /default-rack, certSerialId: null} reports an CLOSED replica.
2019-10-30 06:06:39,780 [EventQueue-ContainerReportForContainerReportHandler] WARN  container.ContainerReportHandler (AbstractContainerReportHandler.java:updateContainerState(145)) - Container #1 is in OPEN state, but the datanode 78a2ca6d-ab27-408c-be71-e2595a145569{ip: 192.168.34.21, host: pr-hdds-1643-9kfsj-1164326334, networkLocation: /default-rack, certSerialId: null} reports an CLOSED replica.
2019-10-30 06:06:40,156 [EventQueue-ContainerReportForContainerReportHandler] WARN  container.ContainerReportHandler (AbstractContainerReportHandler.java:updateContainerState(145)) - Container #1 is in OPEN state, but the datanode 47e59444-ad4b-4d8b-b6f4-160f3329f764{ip: 192.168.34.21, host: pr-hdds-1643-9kfsj-1164326334, networkLocation: /default-rack, certSerialId: null} reports an CLOSED replica.
2019-10-30 06:06:40,180 [EventQueue-ContainerReportForContainerReportHandler] WARN  container.ContainerReportHandler (AbstractContainerReportHandler.java:updateContainerState(145)) - Container #1 is in OPEN state, but the datanode 78a2ca6d-ab27-408c-be71-e2595a145569{ip: 192.168.34.21, host: pr-hdds-1643-9kfsj-1164326334, networkLocation: /default-rack, certSerialId: null} reports an CLOSED replica.
2019-10-30 06:06:40,374 [BlockDeletingService#2] WARN  background.BlockDeletingService (BlockDeletingService.java:isDeletionAllowed(187)) - Close Container log Index 6 is not replicated across allthe servers in the pipeline 55028169-3584-4748-a1dc-e99c5bdd80cf as the min replicated index is 4. Deletion is not allowed in this container yet.
2019-10-30 06:06:40,374 [BlockDeletingService#2] WARN  background.BlockDeletingService (BlockDeletingService.java:isDeletionAllowed(187)) - Close Container log Index 6 is not replicated across allthe servers in the pipeline 55028169-3584-4748-a1dc-e99c5bdd80cf as the min replicated index is 4. Deletion is not allowed in this container yet.
2019-10-30 06:06:40,457 [EventQueue-ContainerReportForContainerReportHandler] WARN  container.ContainerReportHandler (AbstractContainerReportHandler.java:updateContainerState(145)) - Container #1 is in OPEN state, but the datanode 47e59444-ad4b-4d8b-b6f4-160f3329f764{ip: 192.168.34.21, host: pr-hdds-1643-9kfsj-1164326334, networkLocation: /default-rack, certSerialId: null} reports an CLOSED replica.
2019-10-30 06:06:40,481 [EventQueue-ContainerReportForContainerReportHandler] WARN  container.ContainerReportHandler (AbstractContainerReportHandler.java:updateContainerState(145)) - Container #1 is in OPEN state, but the datanode 78a2ca6d-ab27-408c-be71-e2595a145569{ip: 192.168.34.21, host: pr-hdds-1643-9kfsj-1164326334, networkLocation: /default-rack, certSerialId: null} reports an CLOSED replica.
2019-10-30 06:06:40,680 [EventQueue-ContainerReportForContainerReportHandler] WARN  container.ContainerReportHandler (AbstractContainerReportHandler.java:updateContainerState(145)) - Container #1 is in OPEN state, but the datanode 78a2ca6d-ab27-408c-be71-e2595a145569{ip: 192.168.34.21, host: pr-hdds-1643-9kfsj-1164326334, networkLocation: /default-rack, certSerialId: null} reports an CLOSED replica.
2019-10-30 06:06:40,856 [EventQueue-ContainerReportForContainerReportHandler] WARN  container.ContainerReportHandler (AbstractContainerReportHandler.java:updateContainerState(145)) - Container #1 is in OPEN state, but the datanode 47e59444-ad4b-4d8b-b6f4-160f3329f764{ip: 192.168.34.21, host: pr-hdds-1643-9kfsj-1164326334, networkLocation: /default-rack, certSerialId: null} reports an CLOSED replica.
2019-10-30 06:06:40,981 [EventQueue-ContainerReportForContainerReportHandler] WARN  container.ContainerReportHandler (AbstractContainerReportHandler.java:updateContainerState(145)) - Container #1 is in OPEN state, but the datanode 78a2ca6d-ab27-408c-be71-e2595a145569{ip: 192.168.34.21, host: pr-hdds-1643-9kfsj-1164326334, networkLocation: /default-rack, certSerialId: null} reports an CLOSED replica.
2019-10-30 06:06:41,258 [EventQueue-ContainerReportForContainerReportHandler] WARN  container.ContainerReportHandler (AbstractContainerReportHandler.java:updateContainerState(145)) - Container #1 is in OPEN state, but the datanode 47e59444-ad4b-4d8b-b6f4-160f3329f764{ip: 192.168.34.21, host: pr-hdds-1643-9kfsj-1164326334, networkLocation: /default-rack, certSerialId: null} reports an CLOSED replica.
2019-10-30 06:06:41,377 [BlockDeletingService#2] WARN  background.BlockDeletingService (BlockDeletingService.java:isDeletionAllowed(187)) - Close Container log Index 6 is not replicated across allthe servers in the pipeline 55028169-3584-4748-a1dc-e99c5bdd80cf as the min replicated index is 4. Deletion is not allowed in this container yet.
2019-10-30 06:06:41,377 [BlockDeletingService#2] WARN  background.BlockDeletingService (BlockDeletingService.java:isDeletionAllowed(187)) - Close Container log Index 6 is not replicated across allthe servers in the pipeline 55028169-3584-4748-a1dc-e99c5bdd80cf as the min replicated index is 4. Deletion is not allowed in this container yet.
2019-10-30 06:06:41,383 [EventQueue-ContainerReportForContainerReportHandler] WARN  container.ContainerReportHandler (AbstractContainerReportHandler.java:updateContainerState(145)) - Container #1 is in OPEN state, but the datanode 78a2ca6d-ab27-408c-be71-e2595a145569{ip: 192.168.34.21, host: pr-hdds-1643-9kfsj-1164326334, networkLocation: /default-rack, certSerialId: null} reports an CLOSED replica.
2019-10-30 06:06:41,560 [EventQueue-ContainerReportForContainerReportHandler] WARN  container.ContainerReportHandler (AbstractContainerReportHandler.java:updateContainerState(145)) - Container #1 is in OPEN state, but the datanode 47e59444-ad4b-4d8b-b6f4-160f3329f764{ip: 192.168.34.21, host: pr-hdds-1643-9kfsj-1164326334, networkLocation: /default-rack, certSerialId: null} reports an CLOSED replica.
2019-10-30 06:06:41,782 [EventQueue-ContainerReportForContainerReportHandler] WARN  container.ContainerReportHandler (AbstractContainerReportHandler.java:updateContainerState(145)) - Container #1 is in OPEN state, but the datanode 78a2ca6d-ab27-408c-be71-e2595a145569{ip: 192.168.34.21, host: pr-hdds-1643-9kfsj-1164326334, networkLocation: /default-rack, certSerialId: null} reports an CLOSED replica.
2019-10-30 06:06:41,860 [EventQueue-ContainerReportForContainerReportHandler] WARN  container.ContainerReportHandler (AbstractContainerReportHandler.java:updateContainerState(145)) - Container #1 is in OPEN state, but the datanode 47e59444-ad4b-4d8b-b6f4-160f3329f764{ip: 192.168.34.21, host: pr-hdds-1643-9kfsj-1164326334, networkLocation: /default-rack, certSerialId: null} reports an CLOSED replica.
2019-10-30 06:06:41,891 [java.util.concurrent.ThreadPoolExecutor$Worker@2357ca47[State = -1, empty queue]] WARN  server.GrpcLogAppender (GrpcLogAppender.java:timeoutAppendRequest(209)) - 47e59444-ad4b-4d8b-b6f4-160f3329f764@group-E99C5BDD80CF->4b4c7497-a7ec-4f2a-a6c9-18b9f4a92a5f-GrpcLogAppender: appendEntries Timeout, request=47e59444-ad4b-4d8b-b6f4-160f3329f764->4b4c7497-a7ec-4f2a-a6c9-18b9f4a92a5f#37-t3, previous=(t:3, i:10), leaderCommit=10, initializing? false, entries: <empty>
2019-10-30 06:06:42,061 [EventQueue-ContainerReportForContainerReportHandler] WARN  container.ContainerReportHandler (AbstractContainerReportHandler.java:updateContainerState(145)) - Container #1 is in OPEN state, but the datanode 47e59444-ad4b-4d8b-b6f4-160f3329f764{ip: 192.168.34.21, host: pr-hdds-1643-9kfsj-1164326334, networkLocation: /default-rack, certSerialId: null} reports an CLOSED replica.
2019-10-30 06:06:42,081 [EventQueue-ContainerReportForContainerReportHandler] WARN  container.ContainerReportHandler (AbstractContainerReportHandler.java:updateContainerState(145)) - Container #1 is in OPEN state, but the datanode 78a2ca6d-ab27-408c-be71-e2595a145569{ip: 192.168.34.21, host: pr-hdds-1643-9kfsj-1164326334, networkLocation: /default-rack, certSerialId: null} reports an CLOSED replica.
2019-10-30 06:06:42,378 [BlockDeletingService#2] WARN  background.BlockDeletingService (BlockDeletingService.java:isDeletionAllowed(187)) - Close Container log Index 6 is not replicated across allthe servers in the pipeline 55028169-3584-4748-a1dc-e99c5bdd80cf as the min replicated index is 4. Deletion is not allowed in this container yet.
2019-10-30 06:06:42,378 [BlockDeletingService#2] WARN  background.BlockDeletingService (BlockDeletingService.java:isDeletionAllowed(187)) - Close Container log Index 6 is not replicated across allthe servers in the pipeline 55028169-3584-4748-a1dc-e99c5bdd80cf as the min replicated index is 4. Deletion is not allowed in this container yet.
2019-10-30 06:06:42,461 [EventQueue-ContainerReportForContainerReportHandler] WARN  container.ContainerReportHandler (AbstractContainerReportHandler.java:updateContainerState(145)) - Container #1 is in OPEN state, but the datanode 47e59444-ad4b-4d8b-b6f4-160f3329f764{ip: 192.168.34.21, host: pr-hdds-1643-9kfsj-1164326334, networkLocation: /default-rack, certSerialId: null} reports an CLOSED replica.
2019-10-30 06:06:42,481 [EventQueue-ContainerReportForContainerReportHandler] WARN  container.ContainerReportHandler (AbstractContainerReportHandler.java:updateContainerState(145)) - Container #1 is in OPEN state, but the datanode 78a2ca6d-ab27-408c-be71-e2595a145569{ip: 192.168.34.21, host: pr-hdds-1643-9kfsj-1164326334, networkLocation: /default-rack, certSerialId: null} reports an CLOSED replica.
2019-10-30 06:06:42,860 [EventQueue-ContainerReportForContainerReportHandler] WARN  container.ContainerReportHandler (AbstractContainerReportHandler.java:updateContainerState(145)) - Container #1 is in OPEN state, but the datanode 47e59444-ad4b-4d8b-b6f4-160f3329f764{ip: 192.168.34.21, host: pr-hdds-1643-9kfsj-1164326334, networkLocation: /default-rack, certSerialId: null} reports an CLOSED replica.
2019-10-30 06:06:42,882 [EventQueue-ContainerReportForContainerReportHandler] WARN  container.ContainerReportHandler (AbstractContainerReportHandler.java:updateContainerState(145)) - Container #1 is in OPEN state, but the datanode 78a2ca6d-ab27-408c-be71-e2595a145569{ip: 192.168.34.21, host: pr-hdds-1643-9kfsj-1164326334, networkLocation: /default-rack, certSerialId: null} reports an CLOSED replica.
2019-10-30 06:06:43,082 [EventQueue-ContainerReportForContainerReportHandler] WARN  container.ContainerReportHandler (AbstractContainerReportHandler.java:updateContainerState(145)) - Container #1 is in OPEN state, but the datanode 78a2ca6d-ab27-408c-be71-e2595a145569{ip: 192.168.34.21, host: pr-hdds-1643-9kfsj-1164326334, networkLocation: /default-rack, certSerialId: null} reports an CLOSED replica.
2019-10-30 06:06:43,262 [EventQueue-ContainerReportForContainerReportHandler] WARN  container.ContainerReportHandler (AbstractContainerReportHandler.java:updateContainerState(145)) - Container #1 is in OPEN state, but the datanode 47e59444-ad4b-4d8b-b6f4-160f3329f764{ip: 192.168.34.21, host: pr-hdds-1643-9kfsj-1164326334, networkLocation: /default-rack, certSerialId: null} reports an CLOSED replica.
2019-10-30 06:06:43,282 [EventQueue-ContainerReportForContainerReportHandler] WARN  container.ContainerReportHandler (AbstractContainerReportHandler.java:updateContainerState(145)) - Container #1 is in OPEN state, but the datanode 78a2ca6d-ab27-408c-be71-e2595a145569{ip: 192.168.34.21, host: pr-hdds-1643-9kfsj-1164326334, networkLocation: /default-rack, certSerialId: null} reports an CLOSED replica.
2019-10-30 06:06:43,380 [BlockDeletingService#2] WARN  background.BlockDeletingService (BlockDeletingService.java:isDeletionAllowed(187)) - Close Container log Index 6 is not replicated across allthe servers in the pipeline 55028169-3584-4748-a1dc-e99c5bdd80cf as the min replicated index is 4. Deletion is not allowed in this container yet.
2019-10-30 06:06:43,380 [BlockDeletingService#2] WARN  background.BlockDeletingService (BlockDeletingService.java:isDeletionAllowed(187)) - Close Container log Index 6 is not replicated across allthe servers in the pipeline 55028169-3584-4748-a1dc-e99c5bdd80cf as the min replicated index is 4. Deletion is not allowed in this container yet.
2019-10-30 06:06:43,461 [EventQueue-ContainerReportForContainerReportHandler] WARN  container.ContainerReportHandler (AbstractContainerReportHandler.java:updateContainerState(145)) - Container #1 is in OPEN state, but the datanode 47e59444-ad4b-4d8b-b6f4-160f3329f764{ip: 192.168.34.21, host: pr-hdds-1643-9kfsj-1164326334, networkLocation: /default-rack, certSerialId: null} reports an CLOSED replica.
2019-10-30 06:06:43,583 [EventQueue-ContainerReportForContainerReportHandler] WARN  container.ContainerReportHandler (AbstractContainerReportHandler.java:updateContainerState(145)) - Container #1 is in OPEN state, but the datanode 78a2ca6d-ab27-408c-be71-e2595a145569{ip: 192.168.34.21, host: pr-hdds-1643-9kfsj-1164326334, networkLocation: /default-rack, certSerialId: null} reports an CLOSED replica.
2019-10-30 06:06:43,761 [EventQueue-ContainerReportForContainerReportHandler] WARN  container.ContainerReportHandler (AbstractContainerReportHandler.java:updateContainerState(145)) - Container #1 is in OPEN state, but the datanode 47e59444-ad4b-4d8b-b6f4-160f3329f764{ip: 192.168.34.21, host: pr-hdds-1643-9kfsj-1164326334, networkLocation: /default-rack, certSerialId: null} reports an CLOSED replica.
2019-10-30 06:06:43,883 [EventQueue-ContainerReportForContainerReportHandler] WARN  container.ContainerReportHandler (AbstractContainerReportHandler.java:updateContainerState(145)) - Container #1 is in OPEN state, but the datanode 78a2ca6d-ab27-408c-be71-e2595a145569{ip: 192.168.34.21, host: pr-hdds-1643-9kfsj-1164326334, networkLocation: /default-rack, certSerialId: null} reports an CLOSED replica.
2019-10-30 06:06:44,062 [EventQueue-ContainerReportForContainerReportHandler] WARN  container.ContainerReportHandler (AbstractContainerReportHandler.java:updateContainerState(145)) - Container #1 is in OPEN state, but the datanode 47e59444-ad4b-4d8b-b6f4-160f3329f764{ip: 192.168.34.21, host: pr-hdds-1643-9kfsj-1164326334, networkLocation: /default-rack, certSerialId: null} reports an CLOSED replica.
2019-10-30 06:06:44,283 [EventQueue-ContainerReportForContainerReportHandler] WARN  container.ContainerReportHandler (AbstractContainerReportHandler.java:updateContainerState(145)) - Container #1 is in OPEN state, but the datanode 78a2ca6d-ab27-408c-be71-e2595a145569{ip: 192.168.34.21, host: pr-hdds-1643-9kfsj-1164326334, networkLocation: /default-rack, certSerialId: null} reports an CLOSED replica.
2019-10-30 06:06:44,361 [EventQueue-ContainerReportForContainerReportHandler] WARN  container.ContainerReportHandler (AbstractContainerReportHandler.java:updateContainerState(145)) - Container #1 is in OPEN state, but the datanode 47e59444-ad4b-4d8b-b6f4-160f3329f764{ip: 192.168.34.21, host: pr-hdds-1643-9kfsj-1164326334, networkLocation: /default-rack, certSerialId: null} reports an CLOSED replica.
2019-10-30 06:06:44,382 [BlockDeletingService#2] WARN  background.BlockDeletingService (BlockDeletingService.java:isDeletionAllowed(187)) - Close Container log Index 6 is not replicated across allthe servers in the pipeline 55028169-3584-4748-a1dc-e99c5bdd80cf as the min replicated index is 4. Deletion is not allowed in this container yet.
2019-10-30 06:06:44,382 [BlockDeletingService#2] WARN  background.BlockDeletingService (BlockDeletingService.java:isDeletionAllowed(187)) - Close Container log Index 6 is not replicated across allthe servers in the pipeline 55028169-3584-4748-a1dc-e99c5bdd80cf as the min replicated index is 4. Deletion is not allowed in this container yet.
2019-10-30 06:06:44,393 [java.util.concurrent.ThreadPoolExecutor$Worker@2357ca47[State = -1, empty queue]] WARN  server.GrpcLogAppender (GrpcLogAppender.java:timeoutAppendRequest(209)) - 47e59444-ad4b-4d8b-b6f4-160f3329f764@group-E99C5BDD80CF->4b4c7497-a7ec-4f2a-a6c9-18b9f4a92a5f-GrpcLogAppender: appendEntries Timeout, request=47e59444-ad4b-4d8b-b6f4-160f3329f764->4b4c7497-a7ec-4f2a-a6c9-18b9f4a92a5f#38-t3, previous=(t:3, i:10), leaderCommit=10, initializing? false, entries: <empty>
2019-10-30 06:06:44,583 [EventQueue-ContainerReportForContainerReportHandler] WARN  container.ContainerReportHandler (AbstractContainerReportHandler.java:updateContainerState(145)) - Container #1 is in OPEN state, but the datanode 78a2ca6d-ab27-408c-be71-e2595a145569{ip: 192.168.34.21, host: pr-hdds-1643-9kfsj-1164326334, networkLocation: /default-rack, certSerialId: null} reports an CLOSED replica.
2019-10-30 06:06:44,762 [EventQueue-ContainerReportForContainerReportHandler] WARN  container.ContainerReportHandler (AbstractContainerReportHandler.java:updateContainerState(145)) - Container #1 is in OPEN state, but the datanode 47e59444-ad4b-4d8b-b6f4-160f3329f764{ip: 192.168.34.21, host: pr-hdds-1643-9kfsj-1164326334, networkLocation: /default-rack, certSerialId: null} reports an CLOSED replica.
2019-10-30 06:06:44,883 [EventQueue-ContainerReportForContainerReportHandler] WARN  container.ContainerReportHandler (AbstractContainerReportHandler.java:updateContainerState(145)) - Container #1 is in OPEN state, but the datanode 78a2ca6d-ab27-408c-be71-e2595a145569{ip: 192.168.34.21, host: pr-hdds-1643-9kfsj-1164326334, networkLocation: /default-rack, certSerialId: null} reports an CLOSED replica.
2019-10-30 06:06:45,062 [EventQueue-ContainerReportForContainerReportHandler] WARN  container.ContainerReportHandler (AbstractContainerReportHandler.java:updateContainerState(145)) - Container #1 is in OPEN state, but the datanode 47e59444-ad4b-4d8b-b6f4-160f3329f764{ip: 192.168.34.21, host: pr-hdds-1643-9kfsj-1164326334, networkLocation: /default-rack, certSerialId: null} reports an CLOSED replica.
2019-10-30 06:06:45,284 [EventQueue-ContainerReportForContainerReportHandler] WARN  container.ContainerReportHandler (AbstractContainerReportHandler.java:updateContainerState(145)) - Container #1 is in OPEN state, but the datanode 78a2ca6d-ab27-408c-be71-e2595a145569{ip: 192.168.34.21, host: pr-hdds-1643-9kfsj-1164326334, networkLocation: /default-rack, certSerialId: null} reports an CLOSED replica.
2019-10-30 06:06:45,364 [EventQueue-ContainerReportForContainerReportHandler] WARN  container.ContainerReportHandler (AbstractContainerReportHandler.java:updateContainerState(145)) - Container #1 is in OPEN state, but the datanode 47e59444-ad4b-4d8b-b6f4-160f3329f764{ip: 192.168.34.21, host: pr-hdds-1643-9kfsj-1164326334, networkLocation: /default-rack, certSerialId: null} reports an CLOSED replica.
2019-10-30 06:06:45,384 [BlockDeletingService#2] WARN  background.BlockDeletingService (BlockDeletingService.java:isDeletionAllowed(187)) - Close Container log Index 6 is not replicated across allthe servers in the pipeline 55028169-3584-4748-a1dc-e99c5bdd80cf as the min replicated index is 4. Deletion is not allowed in this container yet.
2019-10-30 06:06:45,384 [BlockDeletingService#2] WARN  background.BlockDeletingService (BlockDeletingService.java:isDeletionAllowed(187)) - Close Container log Index 6 is not replicated across allthe servers in the pipeline 55028169-3584-4748-a1dc-e99c5bdd80cf as the min replicated index is 4. Deletion is not allowed in this container yet.
2019-10-30 06:06:45,485 [EventQueue-ContainerReportForContainerReportHandler] WARN  container.ContainerReportHandler (AbstractContainerReportHandler.java:updateContainerState(145)) - Container #1 is in OPEN state, but the datanode 78a2ca6d-ab27-408c-be71-e2595a145569{ip: 192.168.34.21, host: pr-hdds-1643-9kfsj-1164326334, networkLocation: /default-rack, certSerialId: null} reports an CLOSED replica.
2019-10-30 06:06:45,663 [EventQueue-ContainerReportForContainerReportHandler] WARN  container.ContainerReportHandler (AbstractContainerReportHandler.java:updateContainerState(145)) - Container #1 is in OPEN state, but the datanode 47e59444-ad4b-4d8b-b6f4-160f3329f764{ip: 192.168.34.21, host: pr-hdds-1643-9kfsj-1164326334, networkLocation: /default-rack, certSerialId: null} reports an CLOSED replica.
2019-10-30 06:06:45,885 [EventQueue-ContainerReportForContainerReportHandler] WARN  container.ContainerReportHandler (AbstractContainerReportHandler.java:updateContainerState(145)) - Container #1 is in OPEN state, but the datanode 78a2ca6d-ab27-408c-be71-e2595a145569{ip: 192.168.34.21, host: pr-hdds-1643-9kfsj-1164326334, networkLocation: /default-rack, certSerialId: null} reports an CLOSED replica.
2019-10-30 06:06:46,065 [EventQueue-ContainerReportForContainerReportHandler] WARN  container.ContainerReportHandler (AbstractContainerReportHandler.java:updateContainerState(145)) - Container #1 is in OPEN state, but the datanode 47e59444-ad4b-4d8b-b6f4-160f3329f764{ip: 192.168.34.21, host: pr-hdds-1643-9kfsj-1164326334, networkLocation: /default-rack, certSerialId: null} reports an CLOSED replica.
2019-10-30 06:06:46,085 [EventQueue-ContainerReportForContainerReportHandler] WARN  container.ContainerReportHandler (AbstractContainerReportHandler.java:updateContainerState(145)) - Container #1 is in OPEN state, but the datanode 78a2ca6d-ab27-408c-be71-e2595a145569{ip: 192.168.34.21, host: pr-hdds-1643-9kfsj-1164326334, networkLocation: /default-rack, certSerialId: null} reports an CLOSED replica.
2019-10-30 06:06:46,363 [EventQueue-ContainerReportForContainerReportHandler] WARN  container.ContainerReportHandler (AbstractContainerReportHandler.java:updateContainerState(145)) - Container #1 is in OPEN state, but the datanode 47e59444-ad4b-4d8b-b6f4-160f3329f764{ip: 192.168.34.21, host: pr-hdds-1643-9kfsj-1164326334, networkLocation: /default-rack, certSerialId: null} reports an CLOSED replica.
2019-10-30 06:06:46,386 [BlockDeletingService#2] WARN  background.BlockDeletingService (BlockDeletingService.java:isDeletionAllowed(187)) - Close Container log Index 6 is not replicated across allthe servers in the pipeline 55028169-3584-4748-a1dc-e99c5bdd80cf as the min replicated index is 4. Deletion is not allowed in this container yet.
2019-10-30 06:06:46,386 [BlockDeletingService#2] WARN  background.BlockDeletingService (BlockDeletingService.java:isDeletionAllowed(187)) - Close Container log Index 6 is not replicated across allthe servers in the pipeline 55028169-3584-4748-a1dc-e99c5bdd80cf as the min replicated index is 4. Deletion is not allowed in this container yet.
2019-10-30 06:06:46,387 [EventQueue-ContainerReportForContainerReportHandler] WARN  container.ContainerReportHandler (AbstractContainerReportHandler.java:updateContainerState(145)) - Container #1 is in OPEN state, but the datanode 78a2ca6d-ab27-408c-be71-e2595a145569{ip: 192.168.34.21, host: pr-hdds-1643-9kfsj-1164326334, networkLocation: /default-rack, certSerialId: null} reports an CLOSED replica.
2019-10-30 06:06:46,563 [EventQueue-ContainerReportForContainerReportHandler] WARN  container.ContainerReportHandler (AbstractContainerReportHandler.java:updateContainerState(145)) - Container #1 is in OPEN state, but the datanode 47e59444-ad4b-4d8b-b6f4-160f3329f764{ip: 192.168.34.21, host: pr-hdds-1643-9kfsj-1164326334, networkLocation: /default-rack, certSerialId: null} reports an CLOSED replica.
2019-10-30 06:06:46,687 [EventQueue-ContainerReportForContainerReportHandler] WARN  container.ContainerReportHandler (AbstractContainerReportHandler.java:updateContainerState(145)) - Container #1 is in OPEN state, but the datanode 78a2ca6d-ab27-408c-be71-e2595a145569{ip: 192.168.34.21, host: pr-hdds-1643-9kfsj-1164326334, networkLocation: /default-rack, certSerialId: null} reports an CLOSED replica.
2019-10-30 06:06:46,763 [EventQueue-ContainerReportForContainerReportHandler] WARN  container.ContainerReportHandler (AbstractContainerReportHandler.java:updateContainerState(145)) - Container #1 is in OPEN state, but the datanode 47e59444-ad4b-4d8b-b6f4-160f3329f764{ip: 192.168.34.21, host: pr-hdds-1643-9kfsj-1164326334, networkLocation: /default-rack, certSerialId: null} reports an CLOSED replica.
2019-10-30 06:06:46,886 [EventQueue-ContainerReportForContainerReportHandler] WARN  container.ContainerReportHandler (AbstractContainerReportHandler.java:updateContainerState(145)) - Container #1 is in OPEN state, but the datanode 78a2ca6d-ab27-408c-be71-e2595a145569{ip: 192.168.34.21, host: pr-hdds-1643-9kfsj-1164326334, networkLocation: /default-rack, certSerialId: null} reports an CLOSED replica.
2019-10-30 06:06:46,894 [java.util.concurrent.ThreadPoolExecutor$Worker@2357ca47[State = -1, empty queue]] WARN  server.GrpcLogAppender (GrpcLogAppender.java:timeoutAppendRequest(209)) - 47e59444-ad4b-4d8b-b6f4-160f3329f764@group-E99C5BDD80CF->4b4c7497-a7ec-4f2a-a6c9-18b9f4a92a5f-GrpcLogAppender: appendEntries Timeout, request=47e59444-ad4b-4d8b-b6f4-160f3329f764->4b4c7497-a7ec-4f2a-a6c9-18b9f4a92a5f#39-t3, previous=(t:3, i:10), leaderCommit=10, initializing? false, entries: <empty>
2019-10-30 06:06:47,064 [EventQueue-ContainerReportForContainerReportHandler] WARN  container.ContainerReportHandler (AbstractContainerReportHandler.java:updateContainerState(145)) - Container #1 is in OPEN state, but the datanode 47e59444-ad4b-4d8b-b6f4-160f3329f764{ip: 192.168.34.21, host: pr-hdds-1643-9kfsj-1164326334, networkLocation: /default-rack, certSerialId: null} reports an CLOSED replica.
2019-10-30 06:06:47,187 [EventQueue-ContainerReportForContainerReportHandler] WARN  container.ContainerReportHandler (AbstractContainerReportHandler.java:updateContainerState(145)) - Container #1 is in OPEN state, but the datanode 78a2ca6d-ab27-408c-be71-e2595a145569{ip: 192.168.34.21, host: pr-hdds-1643-9kfsj-1164326334, networkLocation: /default-rack, certSerialId: null} reports an CLOSED replica.
2019-10-30 06:06:47,364 [EventQueue-ContainerReportForContainerReportHandler] WARN  container.ContainerReportHandler (AbstractContainerReportHandler.java:updateContainerState(145)) - Container #1 is in OPEN state, but the datanode 47e59444-ad4b-4d8b-b6f4-160f3329f764{ip: 192.168.34.21, host: pr-hdds-1643-9kfsj-1164326334, networkLocation: /default-rack, certSerialId: null} reports an CLOSED replica.
2019-10-30 06:06:47,387 [EventQueue-ContainerReportForContainerReportHandler] WARN  container.ContainerReportHandler (AbstractContainerReportHandler.java:updateContainerState(145)) - Container #1 is in OPEN state, but the datanode 78a2ca6d-ab27-408c-be71-e2595a145569{ip: 192.168.34.21, host: pr-hdds-1643-9kfsj-1164326334, networkLocation: /default-rack, certSerialId: null} reports an CLOSED replica.
2019-10-30 06:06:47,387 [BlockDeletingService#2] WARN  background.BlockDeletingService (BlockDeletingService.java:isDeletionAllowed(187)) - Close Container log Index 6 is not replicated across allthe servers in the pipeline 55028169-3584-4748-a1dc-e99c5bdd80cf as the min replicated index is 4. Deletion is not allowed in this container yet.
2019-10-30 06:06:47,387 [BlockDeletingService#2] WARN  background.BlockDeletingService (BlockDeletingService.java:isDeletionAllowed(187)) - Close Container log Index 6 is not replicated across allthe servers in the pipeline 55028169-3584-4748-a1dc-e99c5bdd80cf as the min replicated index is 4. Deletion is not allowed in this container yet.
2019-10-30 06:06:47,664 [EventQueue-ContainerReportForContainerReportHandler] WARN  container.ContainerReportHandler (AbstractContainerReportHandler.java:updateContainerState(145)) - Container #1 is in OPEN state, but the datanode 47e59444-ad4b-4d8b-b6f4-160f3329f764{ip: 192.168.34.21, host: pr-hdds-1643-9kfsj-1164326334, networkLocation: /default-rack, certSerialId: null} reports an CLOSED replica.
2019-10-30 06:06:47,787 [EventQueue-ContainerReportForContainerReportHandler] WARN  container.ContainerReportHandler (AbstractContainerReportHandler.java:updateContainerState(145)) - Container #1 is in OPEN state, but the datanode 78a2ca6d-ab27-408c-be71-e2595a145569{ip: 192.168.34.21, host: pr-hdds-1643-9kfsj-1164326334, networkLocation: /default-rack, certSerialId: null} reports an CLOSED replica.
2019-10-30 06:06:47,864 [EventQueue-ContainerReportForContainerReportHandler] WARN  container.ContainerReportHandler (AbstractContainerReportHandler.java:updateContainerState(145)) - Container #1 is in OPEN state, but the datanode 47e59444-ad4b-4d8b-b6f4-160f3329f764{ip: 192.168.34.21, host: pr-hdds-1643-9kfsj-1164326334, networkLocation: /default-rack, certSerialId: null} reports an CLOSED replica.
2019-10-30 06:06:47,987 [EventQueue-ContainerReportForContainerReportHandler] WARN  container.ContainerReportHandler (AbstractContainerReportHandler.java:updateContainerState(145)) - Container #1 is in OPEN state, but the datanode 78a2ca6d-ab27-408c-be71-e2595a145569{ip: 192.168.34.21, host: pr-hdds-1643-9kfsj-1164326334, networkLocation: /default-rack, certSerialId: null} reports an CLOSED replica.
2019-10-30 06:06:48,033 [Thread-452] INFO  client.GrpcClientProtocolService (GrpcClientProtocolService.java:lambda$processClientRequest$0(278)) - Failed RaftClientRequest:client-B8CB26F2FF35->78a2ca6d-ab27-408c-be71-e2595a145569@group-E99C5BDD80CF, cid=10, seq=0, Watch-ALL_COMMITTED(6), Message:<EMPTY>, reply=RaftClientReply:client-B8CB26F2FF35->78a2ca6d-ab27-408c-be71-e2595a145569@group-E99C5BDD80CF, cid=10, FAILED org.apache.ratis.protocol.NotLeaderException: Server 78a2ca6d-ab27-408c-be71-e2595a145569@group-E99C5BDD80CF is not the leader 47e59444-ad4b-4d8b-b6f4-160f3329f764:192.168.34.21:39722, logIndex=0, commits[78a2ca6d-ab27-408c-be71-e2595a145569:c10, 4b4c7497-a7ec-4f2a-a6c9-18b9f4a92a5f:c4, 47e59444-ad4b-4d8b-b6f4-160f3329f764:c10]
2019-10-30 06:06:48,164 [EventQueue-ContainerReportForContainerReportHandler] WARN  container.ContainerReportHandler (AbstractContainerReportHandler.java:updateContainerState(145)) - Container #1 is in OPEN state, but the datanode 47e59444-ad4b-4d8b-b6f4-160f3329f764{ip: 192.168.34.21, host: pr-hdds-1643-9kfsj-1164326334, networkLocation: /default-rack, certSerialId: null} reports an CLOSED replica.
2019-10-30 06:06:48,287 [EventQueue-ContainerReportForContainerReportHandler] WARN  container.ContainerReportHandler (AbstractContainerReportHandler.java:updateContainerState(145)) - Container #1 is in OPEN state, but the datanode 78a2ca6d-ab27-408c-be71-e2595a145569{ip: 192.168.34.21, host: pr-hdds-1643-9kfsj-1164326334, networkLocation: /default-rack, certSerialId: null} reports an CLOSED replica.
2019-10-30 06:06:48,388 [BlockDeletingService#2] WARN  background.BlockDeletingService (BlockDeletingService.java:isDeletionAllowed(187)) - Close Container log Index 6 is not replicated across allthe servers in the pipeline 55028169-3584-4748-a1dc-e99c5bdd80cf as the min replicated index is 4. Deletion is not allowed in this container yet.
2019-10-30 06:06:48,392 [BlockDeletingService#2] WARN  background.BlockDeletingService (BlockDeletingService.java:isDeletionAllowed(187)) - Close Container log Index 6 is not replicated across allthe servers in the pipeline 55028169-3584-4748-a1dc-e99c5bdd80cf as the min replicated index is 4. Deletion is not allowed in this container yet.
2019-10-30 06:06:48,465 [EventQueue-ContainerReportForContainerReportHandler] WARN  container.ContainerReportHandler (AbstractContainerReportHandler.java:updateContainerState(145)) - Container #1 is in OPEN state, but the datanode 47e59444-ad4b-4d8b-b6f4-160f3329f764{ip: 192.168.34.21, host: pr-hdds-1643-9kfsj-1164326334, networkLocation: /default-rack, certSerialId: null} reports an CLOSED replica.
2019-10-30 06:06:48,588 [EventQueue-ContainerReportForContainerReportHandler] WARN  container.ContainerReportHandler (AbstractContainerReportHandler.java:updateContainerState(145)) - Container #1 is in OPEN state, but the datanode 78a2ca6d-ab27-408c-be71-e2595a145569{ip: 192.168.34.21, host: pr-hdds-1643-9kfsj-1164326334, networkLocation: /default-rack, certSerialId: null} reports an CLOSED replica.
2019-10-30 06:06:48,666 [EventQueue-ContainerReportForContainerReportHandler] WARN  container.ContainerReportHandler (AbstractContainerReportHandler.java:updateContainerState(145)) - Container #1 is in OPEN state, but the datanode 47e59444-ad4b-4d8b-b6f4-160f3329f764{ip: 192.168.34.21, host: pr-hdds-1643-9kfsj-1164326334, networkLocation: /default-rack, certSerialId: null} reports an CLOSED replica.
2019-10-30 06:06:48,755 [Thread-457] INFO  client.GrpcClientProtocolService (GrpcClientProtocolService.java:lambda$processClientRequest$0(278)) - Failed RaftClientRequest:client-B8CB26F2FF35->47e59444-ad4b-4d8b-b6f4-160f3329f764@group-E99C5BDD80CF, cid=10, seq=0, Watch-ALL_COMMITTED(6), Message:<EMPTY>, reply=RaftClientReply:client-B8CB26F2FF35->47e59444-ad4b-4d8b-b6f4-160f3329f764@group-E99C5BDD80CF, cid=10, FAILED org.apache.ratis.protocol.NotReplicatedException: Request with call Id 10 and log index 6 is not yet replicated to ALL_COMMITTED, logIndex=6, commits[47e59444-ad4b-4d8b-b6f4-160f3329f764:c10, 78a2ca6d-ab27-408c-be71-e2595a145569:c10, 4b4c7497-a7ec-4f2a-a6c9-18b9f4a92a5f:c4]
2019-10-30 06:06:48,887 [EventQueue-ContainerReportForContainerReportHandler] WARN  container.ContainerReportHandler (AbstractContainerReportHandler.java:updateContainerState(145)) - Container #1 is in OPEN state, but the datanode 78a2ca6d-ab27-408c-be71-e2595a145569{ip: 192.168.34.21, host: pr-hdds-1643-9kfsj-1164326334, networkLocation: /default-rack, certSerialId: null} reports an CLOSED replica.
2019-10-30 06:06:49,066 [EventQueue-ContainerReportForContainerReportHandler] WARN  container.ContainerReportHandler (AbstractContainerReportHandler.java:updateContainerState(145)) - Container #1 is in OPEN state, but the datanode 47e59444-ad4b-4d8b-b6f4-160f3329f764{ip: 192.168.34.21, host: pr-hdds-1643-9kfsj-1164326334, networkLocation: /default-rack, certSerialId: null} reports an CLOSED replica.
2019-10-30 06:06:49,088 [EventQueue-ContainerReportForContainerReportHandler] WARN  container.ContainerReportHandler (AbstractContainerReportHandler.java:updateContainerState(145)) - Container #1 is in OPEN state, but the datanode 78a2ca6d-ab27-408c-be71-e2595a145569{ip: 192.168.34.21, host: pr-hdds-1643-9kfsj-1164326334, networkLocation: /default-rack, certSerialId: null} reports an CLOSED replica.
2019-10-30 06:06:49,289 [EventQueue-ContainerReportForContainerReportHandler] WARN  container.ContainerReportHandler (AbstractContainerReportHandler.java:updateContainerState(145)) - Container #1 is in OPEN state, but the datanode 78a2ca6d-ab27-408c-be71-e2595a145569{ip: 192.168.34.21, host: pr-hdds-1643-9kfsj-1164326334, networkLocation: /default-rack, certSerialId: null} reports an CLOSED replica.
2019-10-30 06:06:49,365 [EventQueue-ContainerReportForContainerReportHandler] WARN  container.ContainerReportHandler (AbstractContainerReportHandler.java:updateContainerState(145)) - Container #1 is in OPEN state, but the datanode 47e59444-ad4b-4d8b-b6f4-160f3329f764{ip: 192.168.34.21, host: pr-hdds-1643-9kfsj-1164326334, networkLocation: /default-rack, certSerialId: null} reports an CLOSED replica.
2019-10-30 06:06:49,394 [BlockDeletingService#2] WARN  background.BlockDeletingService (BlockDeletingService.java:isDeletionAllowed(187)) - Close Container log Index 6 is not replicated across allthe servers in the pipeline 55028169-3584-4748-a1dc-e99c5bdd80cf as the min replicated index is 4. Deletion is not allowed in this container yet.
2019-10-30 06:06:49,395 [BlockDeletingService#2] WARN  background.BlockDeletingService (BlockDeletingService.java:isDeletionAllowed(187)) - Close Container log Index 6 is not replicated across allthe servers in the pipeline 55028169-3584-4748-a1dc-e99c5bdd80cf as the min replicated index is 4. Deletion is not allowed in this container yet.
2019-10-30 06:06:49,396 [java.util.concurrent.ThreadPoolExecutor$Worker@2357ca47[State = -1, empty queue]] WARN  server.GrpcLogAppender (GrpcLogAppender.java:timeoutAppendRequest(209)) - 47e59444-ad4b-4d8b-b6f4-160f3329f764@group-E99C5BDD80CF->4b4c7497-a7ec-4f2a-a6c9-18b9f4a92a5f-GrpcLogAppender: appendEntries Timeout, request=47e59444-ad4b-4d8b-b6f4-160f3329f764->4b4c7497-a7ec-4f2a-a6c9-18b9f4a92a5f#40-t3, previous=(t:3, i:10), leaderCommit=10, initializing? false, entries: <empty>
2019-10-30 06:06:49,565 [EventQueue-ContainerReportForContainerReportHandler] WARN  container.ContainerReportHandler (AbstractContainerReportHandler.java:updateContainerState(145)) - Container #1 is in OPEN state, but the datanode 47e59444-ad4b-4d8b-b6f4-160f3329f764{ip: 192.168.34.21, host: pr-hdds-1643-9kfsj-1164326334, networkLocation: /default-rack, certSerialId: null} reports an CLOSED replica.
2019-10-30 06:06:49,588 [EventQueue-ContainerReportForContainerReportHandler] WARN  container.ContainerReportHandler (AbstractContainerReportHandler.java:updateContainerState(145)) - Container #1 is in OPEN state, but the datanode 78a2ca6d-ab27-408c-be71-e2595a145569{ip: 192.168.34.21, host: pr-hdds-1643-9kfsj-1164326334, networkLocation: /default-rack, certSerialId: null} reports an CLOSED replica.
2019-10-30 06:06:49,965 [EventQueue-ContainerReportForContainerReportHandler] WARN  container.ContainerReportHandler (AbstractContainerReportHandler.java:updateContainerState(145)) - Container #1 is in OPEN state, but the datanode 47e59444-ad4b-4d8b-b6f4-160f3329f764{ip: 192.168.34.21, host: pr-hdds-1643-9kfsj-1164326334, networkLocation: /default-rack, certSerialId: null} reports an CLOSED replica.
2019-10-30 06:06:49,990 [EventQueue-ContainerReportForContainerReportHandler] WARN  container.ContainerReportHandler (AbstractContainerReportHandler.java:updateContainerState(145)) - Container #1 is in OPEN state, but the datanode 78a2ca6d-ab27-408c-be71-e2595a145569{ip: 192.168.34.21, host: pr-hdds-1643-9kfsj-1164326334, networkLocation: /default-rack, certSerialId: null} reports an CLOSED replica.
2019-10-30 06:06:50,166 [EventQueue-ContainerReportForContainerReportHandler] WARN  container.ContainerReportHandler (AbstractContainerReportHandler.java:updateContainerState(145)) - Container #1 is in OPEN state, but the datanode 47e59444-ad4b-4d8b-b6f4-160f3329f764{ip: 192.168.34.21, host: pr-hdds-1643-9kfsj-1164326334, networkLocation: /default-rack, certSerialId: null} reports an CLOSED replica.
2019-10-30 06:06:50,289 [EventQueue-ContainerReportForContainerReportHandler] WARN  container.ContainerReportHandler (AbstractContainerReportHandler.java:updateContainerState(145)) - Container #1 is in OPEN state, but the datanode 78a2ca6d-ab27-408c-be71-e2595a145569{ip: 192.168.34.21, host: pr-hdds-1643-9kfsj-1164326334, networkLocation: /default-rack, certSerialId: null} reports an CLOSED replica.
2019-10-30 06:06:50,397 [BlockDeletingService#2] WARN  background.BlockDeletingService (BlockDeletingService.java:isDeletionAllowed(187)) - Close Container log Index 6 is not replicated across allthe servers in the pipeline 55028169-3584-4748-a1dc-e99c5bdd80cf as the min replicated index is 4. Deletion is not allowed in this container yet.
2019-10-30 06:06:50,397 [BlockDeletingService#2] WARN  background.BlockDeletingService (BlockDeletingService.java:isDeletionAllowed(187)) - Close Container log Index 6 is not replicated across allthe servers in the pipeline 55028169-3584-4748-a1dc-e99c5bdd80cf as the min replicated index is 4. Deletion is not allowed in this container yet.
2019-10-30 06:06:50,466 [EventQueue-ContainerReportForContainerReportHandler] WARN  container.ContainerReportHandler (AbstractContainerReportHandler.java:updateContainerState(145)) - Container #1 is in OPEN state, but the datanode 47e59444-ad4b-4d8b-b6f4-160f3329f764{ip: 192.168.34.21, host: pr-hdds-1643-9kfsj-1164326334, networkLocation: /default-rack, certSerialId: null} reports an CLOSED replica.
2019-10-30 06:06:50,666 [EventQueue-ContainerReportForContainerReportHandler] WARN  container.ContainerReportHandler (AbstractContainerReportHandler.java:updateContainerState(145)) - Container #1 is in OPEN state, but the datanode 47e59444-ad4b-4d8b-b6f4-160f3329f764{ip: 192.168.34.21, host: pr-hdds-1643-9kfsj-1164326334, networkLocation: /default-rack, certSerialId: null} reports an CLOSED replica.
2019-10-30 06:06:50,689 [EventQueue-ContainerReportForContainerReportHandler] WARN  container.ContainerReportHandler (AbstractContainerReportHandler.java:updateContainerState(145)) - Container #1 is in OPEN state, but the datanode 78a2ca6d-ab27-408c-be71-e2595a145569{ip: 192.168.34.21, host: pr-hdds-1643-9kfsj-1164326334, networkLocation: /default-rack, certSerialId: null} reports an CLOSED replica.
2019-10-30 06:06:50,989 [EventQueue-ContainerReportForContainerReportHandler] WARN  container.ContainerReportHandler (AbstractContainerReportHandler.java:updateContainerState(145)) - Container #1 is in OPEN state, but the datanode 78a2ca6d-ab27-408c-be71-e2595a145569{ip: 192.168.34.21, host: pr-hdds-1643-9kfsj-1164326334, networkLocation: /default-rack, certSerialId: null} reports an CLOSED replica.
2019-10-30 06:06:51,067 [EventQueue-ContainerReportForContainerReportHandler] WARN  container.ContainerReportHandler (AbstractContainerReportHandler.java:updateContainerState(145)) - Container #1 is in OPEN state, but the datanode 47e59444-ad4b-4d8b-b6f4-160f3329f764{ip: 192.168.34.21, host: pr-hdds-1643-9kfsj-1164326334, networkLocation: /default-rack, certSerialId: null} reports an CLOSED replica.
2019-10-30 06:06:51,366 [EventQueue-ContainerReportForContainerReportHandler] WARN  container.ContainerReportHandler (AbstractContainerReportHandler.java:updateContainerState(145)) - Container #1 is in OPEN state, but the datanode 47e59444-ad4b-4d8b-b6f4-160f3329f764{ip: 192.168.34.21, host: pr-hdds-1643-9kfsj-1164326334, networkLocation: /default-rack, certSerialId: null} reports an CLOSED replica.
2019-10-30 06:06:51,389 [EventQueue-ContainerReportForContainerReportHandler] WARN  container.ContainerReportHandler (AbstractContainerReportHandler.java:updateContainerState(145)) - Container #1 is in OPEN state, but the datanode 78a2ca6d-ab27-408c-be71-e2595a145569{ip: 192.168.34.21, host: pr-hdds-1643-9kfsj-1164326334, networkLocation: /default-rack, certSerialId: null} reports an CLOSED replica.
2019-10-30 06:06:51,398 [BlockDeletingService#2] WARN  background.BlockDeletingService (BlockDeletingService.java:isDeletionAllowed(187)) - Close Container log Index 6 is not replicated across allthe servers in the pipeline 55028169-3584-4748-a1dc-e99c5bdd80cf as the min replicated index is 4. Deletion is not allowed in this container yet.
2019-10-30 06:06:51,398 [BlockDeletingService#2] WARN  background.BlockDeletingService (BlockDeletingService.java:isDeletionAllowed(187)) - Close Container log Index 6 is not replicated across allthe servers in the pipeline 55028169-3584-4748-a1dc-e99c5bdd80cf as the min replicated index is 4. Deletion is not allowed in this container yet.
2019-10-30 06:06:51,589 [EventQueue-ContainerReportForContainerReportHandler] WARN  container.ContainerReportHandler (AbstractContainerReportHandler.java:updateContainerState(145)) - Container #1 is in OPEN state, but the datanode 78a2ca6d-ab27-408c-be71-e2595a145569{ip: 192.168.34.21, host: pr-hdds-1643-9kfsj-1164326334, networkLocation: /default-rack, certSerialId: null} reports an CLOSED replica.
2019-10-30 06:06:51,667 [EventQueue-ContainerReportForContainerReportHandler] WARN  container.ContainerReportHandler (AbstractContainerReportHandler.java:updateContainerState(145)) - Container #1 is in OPEN state, but the datanode 47e59444-ad4b-4d8b-b6f4-160f3329f764{ip: 192.168.34.21, host: pr-hdds-1643-9kfsj-1164326334, networkLocation: /default-rack, certSerialId: null} reports an CLOSED replica.
2019-10-30 06:06:51,889 [EventQueue-ContainerReportForContainerReportHandler] WARN  container.ContainerReportHandler (AbstractContainerReportHandler.java:updateContainerState(145)) - Container #1 is in OPEN state, but the datanode 78a2ca6d-ab27-408c-be71-e2595a145569{ip: 192.168.34.21, host: pr-hdds-1643-9kfsj-1164326334, networkLocation: /default-rack, certSerialId: null} reports an CLOSED replica.
2019-10-30 06:06:51,897 [java.util.concurrent.ThreadPoolExecutor$Worker@2357ca47[State = -1, empty queue]] WARN  server.GrpcLogAppender (GrpcLogAppender.java:timeoutAppendRequest(209)) - 47e59444-ad4b-4d8b-b6f4-160f3329f764@group-E99C5BDD80CF->4b4c7497-a7ec-4f2a-a6c9-18b9f4a92a5f-GrpcLogAppender: appendEntries Timeout, request=47e59444-ad4b-4d8b-b6f4-160f3329f764->4b4c7497-a7ec-4f2a-a6c9-18b9f4a92a5f#41-t3, previous=(t:3, i:10), leaderCommit=10, initializing? false, entries: <empty>
2019-10-30 06:06:52,066 [EventQueue-ContainerReportForContainerReportHandler] WARN  container.ContainerReportHandler (AbstractContainerReportHandler.java:updateContainerState(145)) - Container #1 is in OPEN state, but the datanode 47e59444-ad4b-4d8b-b6f4-160f3329f764{ip: 192.168.34.21, host: pr-hdds-1643-9kfsj-1164326334, networkLocation: /default-rack, certSerialId: null} reports an CLOSED replica.
2019-10-30 06:06:52,266 [EventQueue-ContainerReportForContainerReportHandler] WARN  container.ContainerReportHandler (AbstractContainerReportHandler.java:updateContainerState(145)) - Container #1 is in OPEN state, but the datanode 47e59444-ad4b-4d8b-b6f4-160f3329f764{ip: 192.168.34.21, host: pr-hdds-1643-9kfsj-1164326334, networkLocation: /default-rack, certSerialId: null} reports an CLOSED replica.
2019-10-30 06:06:52,289 [EventQueue-ContainerReportForContainerReportHandler] WARN  container.ContainerReportHandler (AbstractContainerReportHandler.java:updateContainerState(145)) - Container #1 is in OPEN state, but the datanode 78a2ca6d-ab27-408c-be71-e2595a145569{ip: 192.168.34.21, host: pr-hdds-1643-9kfsj-1164326334, networkLocation: /default-rack, certSerialId: null} reports an CLOSED replica.
2019-10-30 06:06:52,399 [BlockDeletingService#2] WARN  background.BlockDeletingService (BlockDeletingService.java:isDeletionAllowed(187)) - Close Container log Index 6 is not replicated across allthe servers in the pipeline 55028169-3584-4748-a1dc-e99c5bdd80cf as the min replicated index is 4. Deletion is not allowed in this container yet.
2019-10-30 06:06:52,399 [BlockDeletingService#2] WARN  background.BlockDeletingService (BlockDeletingService.java:isDeletionAllowed(187)) - Close Container log Index 6 is not replicated across allthe servers in the pipeline 55028169-3584-4748-a1dc-e99c5bdd80cf as the min replicated index is 4. Deletion is not allowed in this container yet.
2019-10-30 06:06:52,589 [EventQueue-ContainerReportForContainerReportHandler] WARN  container.ContainerReportHandler (AbstractContainerReportHandler.java:updateContainerState(145)) - Container #1 is in OPEN state, but the datanode 78a2ca6d-ab27-408c-be71-e2595a145569{ip: 192.168.34.21, host: pr-hdds-1643-9kfsj-1164326334, networkLocation: /default-rack, certSerialId: null} reports an CLOSED replica.
2019-10-30 06:06:52,667 [EventQueue-ContainerReportForContainerReportHandler] WARN  container.ContainerReportHandler (AbstractContainerReportHandler.java:updateContainerState(145)) - Container #1 is in OPEN state, but the datanode 47e59444-ad4b-4d8b-b6f4-160f3329f764{ip: 192.168.34.21, host: pr-hdds-1643-9kfsj-1164326334, networkLocation: /default-rack, certSerialId: null} reports an CLOSED replica.
2019-10-30 06:06:52,790 [EventQueue-ContainerReportForContainerReportHandler] WARN  container.ContainerReportHandler (AbstractContainerReportHandler.java:updateContainerState(145)) - Container #1 is in OPEN state, but the datanode 78a2ca6d-ab27-408c-be71-e2595a145569{ip: 192.168.34.21, host: pr-hdds-1643-9kfsj-1164326334, networkLocation: /default-rack, certSerialId: null} reports an CLOSED replica.
2019-10-30 06:06:52,968 [EventQueue-ContainerReportForContainerReportHandler] WARN  container.ContainerReportHandler (AbstractContainerReportHandler.java:updateContainerState(145)) - Container #1 is in OPEN state, but the datanode 47e59444-ad4b-4d8b-b6f4-160f3329f764{ip: 192.168.34.21, host: pr-hdds-1643-9kfsj-1164326334, networkLocation: /default-rack, certSerialId: null} reports an CLOSED replica.
2019-10-30 06:06:52,990 [EventQueue-ContainerReportForContainerReportHandler] WARN  container.ContainerReportHandler (AbstractContainerReportHandler.java:updateContainerState(145)) - Container #1 is in OPEN state, but the datanode 78a2ca6d-ab27-408c-be71-e2595a145569{ip: 192.168.34.21, host: pr-hdds-1643-9kfsj-1164326334, networkLocation: /default-rack, certSerialId: null} reports an CLOSED replica.
2019-10-30 06:06:53,169 [EventQueue-ContainerReportForContainerReportHandler] WARN  container.ContainerReportHandler (AbstractContainerReportHandler.java:updateContainerState(145)) - Container #1 is in OPEN state, but the datanode 47e59444-ad4b-4d8b-b6f4-160f3329f764{ip: 192.168.34.21, host: pr-hdds-1643-9kfsj-1164326334, networkLocation: /default-rack, certSerialId: null} reports an CLOSED replica.
2019-10-30 06:06:53,290 [EventQueue-ContainerReportForContainerReportHandler] WARN  container.ContainerReportHandler (AbstractContainerReportHandler.java:updateContainerState(145)) - Container #1 is in OPEN state, but the datanode 78a2ca6d-ab27-408c-be71-e2595a145569{ip: 192.168.34.21, host: pr-hdds-1643-9kfsj-1164326334, networkLocation: /default-rack, certSerialId: null} reports an CLOSED replica.
2019-10-30 06:06:53,401 [BlockDeletingService#2] WARN  background.BlockDeletingService (BlockDeletingService.java:isDeletionAllowed(187)) - Close Container log Index 6 is not replicated across allthe servers in the pipeline 55028169-3584-4748-a1dc-e99c5bdd80cf as the min replicated index is 4. Deletion is not allowed in this container yet.
2019-10-30 06:06:53,401 [BlockDeletingService#2] WARN  background.BlockDeletingService (BlockDeletingService.java:isDeletionAllowed(187)) - Close Container log Index 6 is not replicated across allthe servers in the pipeline 55028169-3584-4748-a1dc-e99c5bdd80cf as the min replicated index is 4. Deletion is not allowed in this container yet.
2019-10-30 06:06:53,568 [EventQueue-ContainerReportForContainerReportHandler] WARN  container.ContainerReportHandler (AbstractContainerReportHandler.java:updateContainerState(145)) - Container #1 is in OPEN state, but the datanode 47e59444-ad4b-4d8b-b6f4-160f3329f764{ip: 192.168.34.21, host: pr-hdds-1643-9kfsj-1164326334, networkLocation: /default-rack, certSerialId: null} reports an CLOSED replica.
2019-10-30 06:06:53,590 [EventQueue-ContainerReportForContainerReportHandler] WARN  container.ContainerReportHandler (AbstractContainerReportHandler.java:updateContainerState(145)) - Container #1 is in OPEN state, but the datanode 78a2ca6d-ab27-408c-be71-e2595a145569{ip: 192.168.34.21, host: pr-hdds-1643-9kfsj-1164326334, networkLocation: /default-rack, certSerialId: null} reports an CLOSED replica.
2019-10-30 06:06:53,768 [EventQueue-ContainerReportForContainerReportHandler] WARN  container.ContainerReportHandler (AbstractContainerReportHandler.java:updateContainerState(145)) - Container #1 is in OPEN state, but the datanode 47e59444-ad4b-4d8b-b6f4-160f3329f764{ip: 192.168.34.21, host: pr-hdds-1643-9kfsj-1164326334, networkLocation: /default-rack, certSerialId: null} reports an CLOSED replica.
2019-10-30 06:06:53,992 [EventQueue-ContainerReportForContainerReportHandler] WARN  container.ContainerReportHandler (AbstractContainerReportHandler.java:updateContainerState(145)) - Container #1 is in OPEN state, but the datanode 78a2ca6d-ab27-408c-be71-e2595a145569{ip: 192.168.34.21, host: pr-hdds-1643-9kfsj-1164326334, networkLocation: /default-rack, certSerialId: null} reports an CLOSED replica.
2019-10-30 06:06:54,070 [EventQueue-ContainerReportForContainerReportHandler] WARN  container.ContainerReportHandler (AbstractContainerReportHandler.java:updateContainerState(145)) - Container #1 is in OPEN state, but the datanode 47e59444-ad4b-4d8b-b6f4-160f3329f764{ip: 192.168.34.21, host: pr-hdds-1643-9kfsj-1164326334, networkLocation: /default-rack, certSerialId: null} reports an CLOSED replica.
2019-10-30 06:06:54,269 [EventQueue-ContainerReportForContainerReportHandler] WARN  container.ContainerReportHandler (AbstractContainerReportHandler.java:updateContainerState(145)) - Container #1 is in OPEN state, but the datanode 47e59444-ad4b-4d8b-b6f4-160f3329f764{ip: 192.168.34.21, host: pr-hdds-1643-9kfsj-1164326334, networkLocation: /default-rack, certSerialId: null} reports an CLOSED replica.
2019-10-30 06:06:54,291 [EventQueue-ContainerReportForContainerReportHandler] WARN  container.ContainerReportHandler (AbstractContainerReportHandler.java:updateContainerState(145)) - Container #1 is in OPEN state, but the datanode 78a2ca6d-ab27-408c-be71-e2595a145569{ip: 192.168.34.21, host: pr-hdds-1643-9kfsj-1164326334, networkLocation: /default-rack, certSerialId: null} reports an CLOSED replica.
2019-10-30 06:06:54,399 [java.util.concurrent.ThreadPoolExecutor$Worker@2357ca47[State = -1, empty queue]] WARN  server.GrpcLogAppender (GrpcLogAppender.java:timeoutAppendRequest(209)) - 47e59444-ad4b-4d8b-b6f4-160f3329f764@group-E99C5BDD80CF->4b4c7497-a7ec-4f2a-a6c9-18b9f4a92a5f-GrpcLogAppender: appendEntries Timeout, request=47e59444-ad4b-4d8b-b6f4-160f3329f764->4b4c7497-a7ec-4f2a-a6c9-18b9f4a92a5f#42-t3, previous=(t:3, i:10), leaderCommit=10, initializing? false, entries: <empty>
2019-10-30 06:06:54,403 [BlockDeletingService#2] WARN  background.BlockDeletingService (BlockDeletingService.java:isDeletionAllowed(187)) - Close Container log Index 6 is not replicated across allthe servers in the pipeline 55028169-3584-4748-a1dc-e99c5bdd80cf as the min replicated index is 4. Deletion is not allowed in this container yet.
2019-10-30 06:06:54,403 [BlockDeletingService#2] WARN  background.BlockDeletingService (BlockDeletingService.java:isDeletionAllowed(187)) - Close Container log Index 6 is not replicated across allthe servers in the pipeline 55028169-3584-4748-a1dc-e99c5bdd80cf as the min replicated index is 4. Deletion is not allowed in this container yet.
2019-10-30 06:06:54,570 [EventQueue-ContainerReportForContainerReportHandler] WARN  container.ContainerReportHandler (AbstractContainerReportHandler.java:updateContainerState(145)) - Container #1 is in OPEN state, but the datanode 47e59444-ad4b-4d8b-b6f4-160f3329f764{ip: 192.168.34.21, host: pr-hdds-1643-9kfsj-1164326334, networkLocation: /default-rack, certSerialId: null} reports an CLOSED replica.
2019-10-30 06:06:54,591 [EventQueue-ContainerReportForContainerReportHandler] WARN  container.ContainerReportHandler (AbstractContainerReportHandler.java:updateContainerState(145)) - Container #1 is in OPEN state, but the datanode 78a2ca6d-ab27-408c-be71-e2595a145569{ip: 192.168.34.21, host: pr-hdds-1643-9kfsj-1164326334, networkLocation: /default-rack, certSerialId: null} reports an CLOSED replica.
2019-10-30 06:06:54,791 [EventQueue-ContainerReportForContainerReportHandler] WARN  container.ContainerReportHandler (AbstractContainerReportHandler.java:updateContainerState(145)) - Container #1 is in OPEN state, but the datanode 78a2ca6d-ab27-408c-be71-e2595a145569{ip: 192.168.34.21, host: pr-hdds-1643-9kfsj-1164326334, networkLocation: /default-rack, certSerialId: null} reports an CLOSED replica.
2019-10-30 06:06:54,970 [EventQueue-ContainerReportForContainerReportHandler] WARN  container.ContainerReportHandler (AbstractContainerReportHandler.java:updateContainerState(145)) - Container #1 is in OPEN state, but the datanode 47e59444-ad4b-4d8b-b6f4-160f3329f764{ip: 192.168.34.21, host: pr-hdds-1643-9kfsj-1164326334, networkLocation: /default-rack, certSerialId: null} reports an CLOSED replica.
2019-10-30 06:06:54,991 [EventQueue-ContainerReportForContainerReportHandler] WARN  container.ContainerReportHandler (AbstractContainerReportHandler.java:updateContainerState(145)) - Container #1 is in OPEN state, but the datanode 78a2ca6d-ab27-408c-be71-e2595a145569{ip: 192.168.34.21, host: pr-hdds-1643-9kfsj-1164326334, networkLocation: /default-rack, certSerialId: null} reports an CLOSED replica.
2019-10-30 06:06:55,269 [EventQueue-ContainerReportForContainerReportHandler] WARN  container.ContainerReportHandler (AbstractContainerReportHandler.java:updateContainerState(145)) - Container #1 is in OPEN state, but the datanode 47e59444-ad4b-4d8b-b6f4-160f3329f764{ip: 192.168.34.21, host: pr-hdds-1643-9kfsj-1164326334, networkLocation: /default-rack, certSerialId: null} reports an CLOSED replica.
2019-10-30 06:06:55,293 [EventQueue-ContainerReportForContainerReportHandler] WARN  container.ContainerReportHandler (AbstractContainerReportHandler.java:updateContainerState(145)) - Container #1 is in OPEN state, but the datanode 78a2ca6d-ab27-408c-be71-e2595a145569{ip: 192.168.34.21, host: pr-hdds-1643-9kfsj-1164326334, networkLocation: /default-rack, certSerialId: null} reports an CLOSED replica.
2019-10-30 06:06:55,405 [BlockDeletingService#2] WARN  background.BlockDeletingService (BlockDeletingService.java:isDeletionAllowed(187)) - Close Container log Index 6 is not replicated across allthe servers in the pipeline 55028169-3584-4748-a1dc-e99c5bdd80cf as the min replicated index is 4. Deletion is not allowed in this container yet.
2019-10-30 06:06:55,405 [BlockDeletingService#2] WARN  background.BlockDeletingService (BlockDeletingService.java:isDeletionAllowed(187)) - Close Container log Index 6 is not replicated across allthe servers in the pipeline 55028169-3584-4748-a1dc-e99c5bdd80cf as the min replicated index is 4. Deletion is not allowed in this container yet.
2019-10-30 06:06:55,569 [EventQueue-ContainerReportForContainerReportHandler] WARN  container.ContainerReportHandler (AbstractContainerReportHandler.java:updateContainerState(145)) - Container #1 is in OPEN state, but the datanode 47e59444-ad4b-4d8b-b6f4-160f3329f764{ip: 192.168.34.21, host: pr-hdds-1643-9kfsj-1164326334, networkLocation: /default-rack, certSerialId: null} reports an CLOSED replica.
2019-10-30 06:06:55,593 [EventQueue-ContainerReportForContainerReportHandler] WARN  container.ContainerReportHandler (AbstractContainerReportHandler.java:updateContainerState(145)) - Container #1 is in OPEN state, but the datanode 78a2ca6d-ab27-408c-be71-e2595a145569{ip: 192.168.34.21, host: pr-hdds-1643-9kfsj-1164326334, networkLocation: /default-rack, certSerialId: null} reports an CLOSED replica.
2019-10-30 06:06:55,892 [EventQueue-ContainerReportForContainerReportHandler] WARN  container.ContainerReportHandler (AbstractContainerReportHandler.java:updateContainerState(145)) - Container #1 is in OPEN state, but the datanode 78a2ca6d-ab27-408c-be71-e2595a145569{ip: 192.168.34.21, host: pr-hdds-1643-9kfsj-1164326334, networkLocation: /default-rack, certSerialId: null} reports an CLOSED replica.
2019-10-30 06:06:55,970 [EventQueue-ContainerReportForContainerReportHandler] WARN  container.ContainerReportHandler (AbstractContainerReportHandler.java:updateContainerState(145)) - Container #1 is in OPEN state, but the datanode 47e59444-ad4b-4d8b-b6f4-160f3329f764{ip: 192.168.34.21, host: pr-hdds-1643-9kfsj-1164326334, networkLocation: /default-rack, certSerialId: null} reports an CLOSED replica.
2019-10-30 06:06:56,192 [EventQueue-ContainerReportForContainerReportHandler] WARN  container.ContainerReportHandler (AbstractContainerReportHandler.java:updateContainerState(145)) - Container #1 is in OPEN state, but the datanode 78a2ca6d-ab27-408c-be71-e2595a145569{ip: 192.168.34.21, host: pr-hdds-1643-9kfsj-1164326334, networkLocation: /default-rack, certSerialId: null} reports an CLOSED replica.
2019-10-30 06:06:56,271 [EventQueue-ContainerReportForContainerReportHandler] WARN  container.ContainerReportHandler (AbstractContainerReportHandler.java:updateContainerState(145)) - Container #1 is in OPEN state, but the datanode 47e59444-ad4b-4d8b-b6f4-160f3329f764{ip: 192.168.34.21, host: pr-hdds-1643-9kfsj-1164326334, networkLocation: /default-rack, certSerialId: null} reports an CLOSED replica.
2019-10-30 06:06:56,392 [EventQueue-ContainerReportForContainerReportHandler] WARN  container.ContainerReportHandler (AbstractContainerReportHandler.java:updateContainerState(145)) - Container #1 is in OPEN state, but the datanode 78a2ca6d-ab27-408c-be71-e2595a145569{ip: 192.168.34.21, host: pr-hdds-1643-9kfsj-1164326334, networkLocation: /default-rack, certSerialId: null} reports an CLOSED replica.
2019-10-30 06:06:56,405 [BlockDeletingService#2] WARN  background.BlockDeletingService (BlockDeletingService.java:isDeletionAllowed(187)) - Close Container log Index 6 is not replicated across allthe servers in the pipeline 55028169-3584-4748-a1dc-e99c5bdd80cf as the min replicated index is 4. Deletion is not allowed in this container yet.
2019-10-30 06:06:56,406 [BlockDeletingService#2] WARN  background.BlockDeletingService (BlockDeletingService.java:isDeletionAllowed(187)) - Close Container log Index 6 is not replicated across allthe servers in the pipeline 55028169-3584-4748-a1dc-e99c5bdd80cf as the min replicated index is 4. Deletion is not allowed in this container yet.
2019-10-30 06:06:56,572 [EventQueue-ContainerReportForContainerReportHandler] WARN  container.ContainerReportHandler (AbstractContainerReportHandler.java:updateContainerState(145)) - Container #1 is in OPEN state, but the datanode 47e59444-ad4b-4d8b-b6f4-160f3329f764{ip: 192.168.34.21, host: pr-hdds-1643-9kfsj-1164326334, networkLocation: /default-rack, certSerialId: null} reports an CLOSED replica.
2019-10-30 06:06:56,693 [EventQueue-ContainerReportForContainerReportHandler] WARN  container.ContainerReportHandler (AbstractContainerReportHandler.java:updateContainerState(145)) - Container #1 is in OPEN state, but the datanode 78a2ca6d-ab27-408c-be71-e2595a145569{ip: 192.168.34.21, host: pr-hdds-1643-9kfsj-1164326334, networkLocation: /default-rack, certSerialId: null} reports an CLOSED replica.
2019-10-30 06:06:56,893 [EventQueue-ContainerReportForContainerReportHandler] WARN  container.ContainerReportHandler (AbstractContainerReportHandler.java:updateContainerState(145)) - Container #1 is in OPEN state, but the datanode 78a2ca6d-ab27-408c-be71-e2595a145569{ip: 192.168.34.21, host: pr-hdds-1643-9kfsj-1164326334, networkLocation: /default-rack, certSerialId: null} reports an CLOSED replica.
2019-10-30 06:06:56,900 [java.util.concurrent.ThreadPoolExecutor$Worker@2357ca47[State = -1, empty queue]] WARN  server.GrpcLogAppender (GrpcLogAppender.java:timeoutAppendRequest(209)) - 47e59444-ad4b-4d8b-b6f4-160f3329f764@group-E99C5BDD80CF->4b4c7497-a7ec-4f2a-a6c9-18b9f4a92a5f-GrpcLogAppender: appendEntries Timeout, request=47e59444-ad4b-4d8b-b6f4-160f3329f764->4b4c7497-a7ec-4f2a-a6c9-18b9f4a92a5f#43-t3, previous=(t:3, i:10), leaderCommit=10, initializing? false, entries: <empty>
2019-10-30 06:06:56,972 [EventQueue-ContainerReportForContainerReportHandler] WARN  container.ContainerReportHandler (AbstractContainerReportHandler.java:updateContainerState(145)) - Container #1 is in OPEN state, but the datanode 47e59444-ad4b-4d8b-b6f4-160f3329f764{ip: 192.168.34.21, host: pr-hdds-1643-9kfsj-1164326334, networkLocation: /default-rack, certSerialId: null} reports an CLOSED replica.
2019-10-30 06:06:57,172 [EventQueue-ContainerReportForContainerReportHandler] WARN  container.ContainerReportHandler (AbstractContainerReportHandler.java:updateContainerState(145)) - Container #1 is in OPEN state, but the datanode 47e59444-ad4b-4d8b-b6f4-160f3329f764{ip: 192.168.34.21, host: pr-hdds-1643-9kfsj-1164326334, networkLocation: /default-rack, certSerialId: null} reports an CLOSED replica.
2019-10-30 06:06:57,193 [EventQueue-ContainerReportForContainerReportHandler] WARN  container.ContainerReportHandler (AbstractContainerReportHandler.java:updateContainerState(145)) - Container #1 is in OPEN state, but the datanode 78a2ca6d-ab27-408c-be71-e2595a145569{ip: 192.168.34.21, host: pr-hdds-1643-9kfsj-1164326334, networkLocation: /default-rack, certSerialId: null} reports an CLOSED replica.
2019-10-30 06:06:57,407 [BlockDeletingService#2] WARN  background.BlockDeletingService (BlockDeletingService.java:isDeletionAllowed(187)) - Close Container log Index 6 is not replicated across allthe servers in the pipeline 55028169-3584-4748-a1dc-e99c5bdd80cf as the min replicated index is 4. Deletion is not allowed in this container yet.
2019-10-30 06:06:57,407 [BlockDeletingService#2] WARN  background.BlockDeletingService (BlockDeletingService.java:isDeletionAllowed(187)) - Close Container log Index 6 is not replicated across allthe servers in the pipeline 55028169-3584-4748-a1dc-e99c5bdd80cf as the min replicated index is 4. Deletion is not allowed in this container yet.
2019-10-30 06:06:57,572 [EventQueue-ContainerReportForContainerReportHandler] WARN  container.ContainerReportHandler (AbstractContainerReportHandler.java:updateContainerState(145)) - Container #1 is in OPEN state, but the datanode 47e59444-ad4b-4d8b-b6f4-160f3329f764{ip: 192.168.34.21, host: pr-hdds-1643-9kfsj-1164326334, networkLocation: /default-rack, certSerialId: null} reports an CLOSED replica.
2019-10-30 06:06:57,594 [EventQueue-ContainerReportForContainerReportHandler] WARN  container.ContainerReportHandler (AbstractContainerReportHandler.java:updateContainerState(145)) - Container #1 is in OPEN state, but the datanode 78a2ca6d-ab27-408c-be71-e2595a145569{ip: 192.168.34.21, host: pr-hdds-1643-9kfsj-1164326334, networkLocation: /default-rack, certSerialId: null} reports an CLOSED replica.
2019-10-30 06:06:57,771 [EventQueue-ContainerReportForContainerReportHandler] WARN  container.ContainerReportHandler (AbstractContainerReportHandler.java:updateContainerState(145)) - Container #1 is in OPEN state, but the datanode 47e59444-ad4b-4d8b-b6f4-160f3329f764{ip: 192.168.34.21, host: pr-hdds-1643-9kfsj-1164326334, networkLocation: /default-rack, certSerialId: null} reports an CLOSED replica.
2019-10-30 06:06:57,894 [EventQueue-ContainerReportForContainerReportHandler] WARN  container.ContainerReportHandler (AbstractContainerReportHandler.java:updateContainerState(145)) - Container #1 is in OPEN state, but the datanode 78a2ca6d-ab27-408c-be71-e2595a145569{ip: 192.168.34.21, host: pr-hdds-1643-9kfsj-1164326334, networkLocation: /default-rack, certSerialId: null} reports an CLOSED replica.
2019-10-30 06:06:58,173 [EventQueue-ContainerReportForContainerReportHandler] WARN  container.ContainerReportHandler (AbstractContainerReportHandler.java:updateContainerState(145)) - Container #1 is in OPEN state, but the datanode 47e59444-ad4b-4d8b-b6f4-160f3329f764{ip: 192.168.34.21, host: pr-hdds-1643-9kfsj-1164326334, networkLocation: /default-rack, certSerialId: null} reports an CLOSED replica.
2019-10-30 06:06:58,194 [EventQueue-ContainerReportForContainerReportHandler] WARN  container.ContainerReportHandler (AbstractContainerReportHandler.java:updateContainerState(145)) - Container #1 is in OPEN state, but the datanode 78a2ca6d-ab27-408c-be71-e2595a145569{ip: 192.168.34.21, host: pr-hdds-1643-9kfsj-1164326334, networkLocation: /default-rack, certSerialId: null} reports an CLOSED replica.
2019-10-30 06:06:58,408 [BlockDeletingService#2] WARN  background.BlockDeletingService (BlockDeletingService.java:isDeletionAllowed(187)) - Close Container log Index 6 is not replicated across allthe servers in the pipeline 55028169-3584-4748-a1dc-e99c5bdd80cf as the min replicated index is 4. Deletion is not allowed in this container yet.
2019-10-30 06:06:58,408 [BlockDeletingService#2] WARN  background.BlockDeletingService (BlockDeletingService.java:isDeletionAllowed(187)) - Close Container log Index 6 is not replicated across allthe servers in the pipeline 55028169-3584-4748-a1dc-e99c5bdd80cf as the min replicated index is 4. Deletion is not allowed in this container yet.
2019-10-30 06:06:58,476 [EventQueue-ContainerReportForContainerReportHandler] WARN  container.ContainerReportHandler (AbstractContainerReportHandler.java:updateContainerState(145)) - Container #1 is in OPEN state, but the datanode 47e59444-ad4b-4d8b-b6f4-160f3329f764{ip: 192.168.34.21, host: pr-hdds-1643-9kfsj-1164326334, networkLocation: /default-rack, certSerialId: null} reports an CLOSED replica.
2019-10-30 06:06:58,495 [EventQueue-ContainerReportForContainerReportHandler] WARN  container.ContainerReportHandler (AbstractContainerReportHandler.java:updateContainerState(145)) - Container #1 is in OPEN state, but the datanode 78a2ca6d-ab27-408c-be71-e2595a145569{ip: 192.168.34.21, host: pr-hdds-1643-9kfsj-1164326334, networkLocation: /default-rack, certSerialId: null} reports an CLOSED replica.
2019-10-30 06:06:58,756 [Thread-486] INFO  client.GrpcClientProtocolService (GrpcClientProtocolService.java:lambda$processClientRequest$0(278)) - Failed RaftClientRequest:client-B8CB26F2FF35->47e59444-ad4b-4d8b-b6f4-160f3329f764@group-E99C5BDD80CF, cid=10, seq=0, Watch-ALL_COMMITTED(6), Message:<EMPTY>, reply=RaftClientReply:client-B8CB26F2FF35->47e59444-ad4b-4d8b-b6f4-160f3329f764@group-E99C5BDD80CF, cid=10, FAILED org.apache.ratis.protocol.NotReplicatedException: Request with call Id 10 and log index 6 is not yet replicated to ALL_COMMITTED, logIndex=6, commits[47e59444-ad4b-4d8b-b6f4-160f3329f764:c10, 78a2ca6d-ab27-408c-be71-e2595a145569:c10, 4b4c7497-a7ec-4f2a-a6c9-18b9f4a92a5f:c4]
2019-10-30 06:06:58,797 [EventQueue-ContainerReportForContainerReportHandler] WARN  container.ContainerReportHandler (AbstractContainerReportHandler.java:updateContainerState(145)) - Container #1 is in OPEN state, but the datanode 78a2ca6d-ab27-408c-be71-e2595a145569{ip: 192.168.34.21, host: pr-hdds-1643-9kfsj-1164326334, networkLocation: /default-rack, certSerialId: null} reports an CLOSED replica.
2019-10-30 06:06:58,874 [EventQueue-ContainerReportForContainerReportHandler] WARN  container.ContainerReportHandler (AbstractContainerReportHandler.java:updateContainerState(145)) - Container #1 is in OPEN state, but the datanode 47e59444-ad4b-4d8b-b6f4-160f3329f764{ip: 192.168.34.21, host: pr-hdds-1643-9kfsj-1164326334, networkLocation: /default-rack, certSerialId: null} reports an CLOSED replica.
2019-10-30 06:06:58,997 [EventQueue-ContainerReportForContainerReportHandler] WARN  container.ContainerReportHandler (AbstractContainerReportHandler.java:updateContainerState(145)) - Container #1 is in OPEN state, but the datanode 78a2ca6d-ab27-408c-be71-e2595a145569{ip: 192.168.34.21, host: pr-hdds-1643-9kfsj-1164326334, networkLocation: /default-rack, certSerialId: null} reports an CLOSED replica.
2019-10-30 06:06:59,174 [EventQueue-ContainerReportForContainerReportHandler] WARN  container.ContainerReportHandler (AbstractContainerReportHandler.java:updateContainerState(145)) - Container #1 is in OPEN state, but the datanode 47e59444-ad4b-4d8b-b6f4-160f3329f764{ip: 192.168.34.21, host: pr-hdds-1643-9kfsj-1164326334, networkLocation: /default-rack, certSerialId: null} reports an CLOSED replica.
2019-10-30 06:06:59,297 [EventQueue-ContainerReportForContainerReportHandler] WARN  container.ContainerReportHandler (AbstractContainerReportHandler.java:updateContainerState(145)) - Container #1 is in OPEN state, but the datanode 78a2ca6d-ab27-408c-be71-e2595a145569{ip: 192.168.34.21, host: pr-hdds-1643-9kfsj-1164326334, networkLocation: /default-rack, certSerialId: null} reports an CLOSED replica.
2019-10-30 06:06:59,374 [EventQueue-ContainerReportForContainerReportHandler] WARN  container.ContainerReportHandler (AbstractContainerReportHandler.java:updateContainerState(145)) - Container #1 is in OPEN state, but the datanode 47e59444-ad4b-4d8b-b6f4-160f3329f764{ip: 192.168.34.21, host: pr-hdds-1643-9kfsj-1164326334, networkLocation: /default-rack, certSerialId: null} reports an CLOSED replica.
2019-10-30 06:06:59,400 [java.util.concurrent.ThreadPoolExecutor$Worker@2357ca47[State = -1, empty queue]] WARN  server.GrpcLogAppender (GrpcLogAppender.java:timeoutAppendRequest(209)) - 47e59444-ad4b-4d8b-b6f4-160f3329f764@group-E99C5BDD80CF->4b4c7497-a7ec-4f2a-a6c9-18b9f4a92a5f-GrpcLogAppender: appendEntries Timeout, request=47e59444-ad4b-4d8b-b6f4-160f3329f764->4b4c7497-a7ec-4f2a-a6c9-18b9f4a92a5f#44-t3, previous=(t:3, i:10), leaderCommit=10, initializing? false, entries: <empty>
2019-10-30 06:06:59,410 [BlockDeletingService#2] WARN  background.BlockDeletingService (BlockDeletingService.java:isDeletionAllowed(187)) - Close Container log Index 6 is not replicated across allthe servers in the pipeline 55028169-3584-4748-a1dc-e99c5bdd80cf as the min replicated index is 4. Deletion is not allowed in this container yet.
2019-10-30 06:06:59,410 [BlockDeletingService#2] WARN  background.BlockDeletingService (BlockDeletingService.java:isDeletionAllowed(187)) - Close Container log Index 6 is not replicated across allthe servers in the pipeline 55028169-3584-4748-a1dc-e99c5bdd80cf as the min replicated index is 4. Deletion is not allowed in this container yet.
2019-10-30 06:06:59,498 [EventQueue-ContainerReportForContainerReportHandler] WARN  container.ContainerReportHandler (AbstractContainerReportHandler.java:updateContainerState(145)) - Container #1 is in OPEN state, but the datanode 78a2ca6d-ab27-408c-be71-e2595a145569{ip: 192.168.34.21, host: pr-hdds-1643-9kfsj-1164326334, networkLocation: /default-rack, certSerialId: null} reports an CLOSED replica.
2019-10-30 06:06:59,775 [EventQueue-ContainerReportForContainerReportHandler] WARN  container.ContainerReportHandler (AbstractContainerReportHandler.java:updateContainerState(145)) - Container #1 is in OPEN state, but the datanode 47e59444-ad4b-4d8b-b6f4-160f3329f764{ip: 192.168.34.21, host: pr-hdds-1643-9kfsj-1164326334, networkLocation: /default-rack, certSerialId: null} reports an CLOSED replica.
2019-10-30 06:06:59,799 [EventQueue-ContainerReportForContainerReportHandler] WARN  container.ContainerReportHandler (AbstractContainerReportHandler.java:updateContainerState(145)) - Container #1 is in OPEN state, but the datanode 78a2ca6d-ab27-408c-be71-e2595a145569{ip: 192.168.34.21, host: pr-hdds-1643-9kfsj-1164326334, networkLocation: /default-rack, certSerialId: null} reports an CLOSED replica.
2019-10-30 06:06:59,975 [EventQueue-ContainerReportForContainerReportHandler] WARN  container.ContainerReportHandler (AbstractContainerReportHandler.java:updateContainerState(145)) - Container #1 is in OPEN state, but the datanode 47e59444-ad4b-4d8b-b6f4-160f3329f764{ip: 192.168.34.21, host: pr-hdds-1643-9kfsj-1164326334, networkLocation: /default-rack, certSerialId: null} reports an CLOSED replica.
2019-10-30 06:07:00,099 [EventQueue-ContainerReportForContainerReportHandler] WARN  container.ContainerReportHandler (AbstractContainerReportHandler.java:updateContainerState(145)) - Container #1 is in OPEN state, but the datanode 78a2ca6d-ab27-408c-be71-e2595a145569{ip: 192.168.34.21, host: pr-hdds-1643-9kfsj-1164326334, networkLocation: /default-rack, certSerialId: null} reports an CLOSED replica.
2019-10-30 06:07:00,300 [EventQueue-ContainerReportForContainerReportHandler] WARN  container.ContainerReportHandler (AbstractContainerReportHandler.java:updateContainerState(145)) - Container #1 is in OPEN state, but the datanode 78a2ca6d-ab27-408c-be71-e2595a145569{ip: 192.168.34.21, host: pr-hdds-1643-9kfsj-1164326334, networkLocation: /default-rack, certSerialId: null} reports an CLOSED replica.
2019-10-30 06:07:00,374 [EventQueue-ContainerReportForContainerReportHandler] WARN  container.ContainerReportHandler (AbstractContainerReportHandler.java:updateContainerState(145)) - Container #1 is in OPEN state, but the datanode 47e59444-ad4b-4d8b-b6f4-160f3329f764{ip: 192.168.34.21, host: pr-hdds-1643-9kfsj-1164326334, networkLocation: /default-rack, certSerialId: null} reports an CLOSED replica.
2019-10-30 06:07:00,411 [BlockDeletingService#2] WARN  background.BlockDeletingService (BlockDeletingService.java:isDeletionAllowed(187)) - Close Container log Index 6 is not replicated across allthe servers in the pipeline 55028169-3584-4748-a1dc-e99c5bdd80cf as the min replicated index is 4. Deletion is not allowed in this container yet.
2019-10-30 06:07:00,411 [BlockDeletingService#2] WARN  background.BlockDeletingService (BlockDeletingService.java:isDeletionAllowed(187)) - Close Container log Index 6 is not replicated across allthe servers in the pipeline 55028169-3584-4748-a1dc-e99c5bdd80cf as the min replicated index is 4. Deletion is not allowed in this container yet.
2019-10-30 06:07:00,700 [EventQueue-ContainerReportForContainerReportHandler] WARN  container.ContainerReportHandler (AbstractContainerReportHandler.java:updateContainerState(145)) - Container #1 is in OPEN state, but the datanode 78a2ca6d-ab27-408c-be71-e2595a145569{ip: 192.168.34.21, host: pr-hdds-1643-9kfsj-1164326334, networkLocation: /default-rack, certSerialId: null} reports an CLOSED replica.
2019-10-30 06:07:00,775 [EventQueue-ContainerReportForContainerReportHandler] WARN  container.ContainerReportHandler (AbstractContainerReportHandler.java:updateContainerState(145)) - Container #1 is in OPEN state, but the datanode 47e59444-ad4b-4d8b-b6f4-160f3329f764{ip: 192.168.34.21, host: pr-hdds-1643-9kfsj-1164326334, networkLocation: /default-rack, certSerialId: null} reports an CLOSED replica.
2019-10-30 06:07:00,975 [EventQueue-ContainerReportForContainerReportHandler] WARN  container.ContainerReportHandler (AbstractContainerReportHandler.java:updateContainerState(145)) - Container #1 is in OPEN state, but the datanode 47e59444-ad4b-4d8b-b6f4-160f3329f764{ip: 192.168.34.21, host: pr-hdds-1643-9kfsj-1164326334, networkLocation: /default-rack, certSerialId: null} reports an CLOSED replica.
2019-10-30 06:07:01,000 [EventQueue-ContainerReportForContainerReportHandler] WARN  container.ContainerReportHandler (AbstractContainerReportHandler.java:updateContainerState(145)) - Container #1 is in OPEN state, but the datanode 78a2ca6d-ab27-408c-be71-e2595a145569{ip: 192.168.34.21, host: pr-hdds-1643-9kfsj-1164326334, networkLocation: /default-rack, certSerialId: null} reports an CLOSED replica.
2019-10-30 06:07:01,200 [EventQueue-ContainerReportForContainerReportHandler] WARN  container.ContainerReportHandler (AbstractContainerReportHandler.java:updateContainerState(145)) - Container #1 is in OPEN state, but the datanode 78a2ca6d-ab27-408c-be71-e2595a145569{ip: 192.168.34.21, host: pr-hdds-1643-9kfsj-1164326334, networkLocation: /default-rack, certSerialId: null} reports an CLOSED replica.
2019-10-30 06:07:01,275 [EventQueue-ContainerReportForContainerReportHandler] WARN  container.ContainerReportHandler (AbstractContainerReportHandler.java:updateContainerState(145)) - Container #1 is in OPEN state, but the datanode 47e59444-ad4b-4d8b-b6f4-160f3329f764{ip: 192.168.34.21, host: pr-hdds-1643-9kfsj-1164326334, networkLocation: /default-rack, certSerialId: null} reports an CLOSED replica.
2019-10-30 06:07:01,413 [BlockDeletingService#2] WARN  background.BlockDeletingService (BlockDeletingService.java:isDeletionAllowed(187)) - Close Container log Index 6 is not replicated across allthe servers in the pipeline 55028169-3584-4748-a1dc-e99c5bdd80cf as the min replicated index is 4. Deletion is not allowed in this container yet.
2019-10-30 06:07:01,413 [BlockDeletingService#2] WARN  background.BlockDeletingService (BlockDeletingService.java:isDeletionAllowed(187)) - Close Container log Index 6 is not replicated across allthe servers in the pipeline 55028169-3584-4748-a1dc-e99c5bdd80cf as the min replicated index is 4. Deletion is not allowed in this container yet.
2019-10-30 06:07:01,500 [EventQueue-ContainerReportForContainerReportHandler] WARN  container.ContainerReportHandler (AbstractContainerReportHandler.java:updateContainerState(145)) - Container #1 is in OPEN state, but the datanode 78a2ca6d-ab27-408c-be71-e2595a145569{ip: 192.168.34.21, host: pr-hdds-1643-9kfsj-1164326334, networkLocation: /default-rack, certSerialId: null} reports an CLOSED replica.
2019-10-30 06:07:01,576 [EventQueue-ContainerReportForContainerReportHandler] WARN  container.ContainerReportHandler (AbstractContainerReportHandler.java:updateContainerState(145)) - Container #1 is in OPEN state, but the datanode 47e59444-ad4b-4d8b-b6f4-160f3329f764{ip: 192.168.34.21, host: pr-hdds-1643-9kfsj-1164326334, networkLocation: /default-rack, certSerialId: null} reports an CLOSED replica.
2019-10-30 06:07:01,801 [EventQueue-ContainerReportForContainerReportHandler] WARN  container.ContainerReportHandler (AbstractContainerReportHandler.java:updateContainerState(145)) - Container #1 is in OPEN state, but the datanode 78a2ca6d-ab27-408c-be71-e2595a145569{ip: 192.168.34.21, host: pr-hdds-1643-9kfsj-1164326334, networkLocation: /default-rack, certSerialId: null} reports an CLOSED replica.
2019-10-30 06:07:01,901 [java.util.concurrent.ThreadPoolExecutor$Worker@2357ca47[State = -1, empty queue]] WARN  server.GrpcLogAppender (GrpcLogAppender.java:timeoutAppendRequest(209)) - 47e59444-ad4b-4d8b-b6f4-160f3329f764@group-E99C5BDD80CF->4b4c7497-a7ec-4f2a-a6c9-18b9f4a92a5f-GrpcLogAppender: appendEntries Timeout, request=47e59444-ad4b-4d8b-b6f4-160f3329f764->4b4c7497-a7ec-4f2a-a6c9-18b9f4a92a5f#45-t3, previous=(t:3, i:10), leaderCommit=10, initializing? false, entries: <empty>
2019-10-30 06:07:01,975 [EventQueue-ContainerReportForContainerReportHandler] WARN  container.ContainerReportHandler (AbstractContainerReportHandler.java:updateContainerState(145)) - Container #1 is in OPEN state, but the datanode 47e59444-ad4b-4d8b-b6f4-160f3329f764{ip: 192.168.34.21, host: pr-hdds-1643-9kfsj-1164326334, networkLocation: /default-rack, certSerialId: null} reports an CLOSED replica.
2019-10-30 06:07:02,000 [EventQueue-ContainerReportForContainerReportHandler] WARN  container.ContainerReportHandler (AbstractContainerReportHandler.java:updateContainerState(145)) - Container #1 is in OPEN state, but the datanode 78a2ca6d-ab27-408c-be71-e2595a145569{ip: 192.168.34.21, host: pr-hdds-1643-9kfsj-1164326334, networkLocation: /default-rack, certSerialId: null} reports an CLOSED replica.
2019-10-30 06:07:02,176 [EventQueue-ContainerReportForContainerReportHandler] WARN  container.ContainerReportHandler (AbstractContainerReportHandler.java:updateContainerState(145)) - Container #1 is in OPEN state, but the datanode 47e59444-ad4b-4d8b-b6f4-160f3329f764{ip: 192.168.34.21, host: pr-hdds-1643-9kfsj-1164326334, networkLocation: /default-rack, certSerialId: null} reports an CLOSED replica.
2019-10-30 06:07:02,300 [EventQueue-ContainerReportForContainerReportHandler] WARN  container.ContainerReportHandler (AbstractContainerReportHandler.java:updateContainerState(145)) - Container #1 is in OPEN state, but the datanode 78a2ca6d-ab27-408c-be71-e2595a145569{ip: 192.168.34.21, host: pr-hdds-1643-9kfsj-1164326334, networkLocation: /default-rack, certSerialId: null} reports an CLOSED replica.
2019-10-30 06:07:02,414 [BlockDeletingService#2] WARN  background.BlockDeletingService (BlockDeletingService.java:isDeletionAllowed(187)) - Close Container log Index 6 is not replicated across allthe servers in the pipeline 55028169-3584-4748-a1dc-e99c5bdd80cf as the min replicated index is 4. Deletion is not allowed in this container yet.
2019-10-30 06:07:02,414 [BlockDeletingService#2] WARN  background.BlockDeletingService (BlockDeletingService.java:isDeletionAllowed(187)) - Close Container log Index 6 is not replicated across allthe servers in the pipeline 55028169-3584-4748-a1dc-e99c5bdd80cf as the min replicated index is 4. Deletion is not allowed in this container yet.
2019-10-30 06:07:02,475 [EventQueue-ContainerReportForContainerReportHandler] WARN  container.ContainerReportHandler (AbstractContainerReportHandler.java:updateContainerState(145)) - Container #1 is in OPEN state, but the datanode 47e59444-ad4b-4d8b-b6f4-160f3329f764{ip: 192.168.34.21, host: pr-hdds-1643-9kfsj-1164326334, networkLocation: /default-rack, certSerialId: null} reports an CLOSED replica.
2019-10-30 06:07:02,502 [EventQueue-ContainerReportForContainerReportHandler] WARN  container.ContainerReportHandler (AbstractContainerReportHandler.java:updateContainerState(145)) - Container #1 is in OPEN state, but the datanode 78a2ca6d-ab27-408c-be71-e2595a145569{ip: 192.168.34.21, host: pr-hdds-1643-9kfsj-1164326334, networkLocation: /default-rack, certSerialId: null} reports an CLOSED replica.
2019-10-30 06:07:02,776 [EventQueue-ContainerReportForContainerReportHandler] WARN  container.ContainerReportHandler (AbstractContainerReportHandler.java:updateContainerState(145)) - Container #1 is in OPEN state, but the datanode 47e59444-ad4b-4d8b-b6f4-160f3329f764{ip: 192.168.34.21, host: pr-hdds-1643-9kfsj-1164326334, networkLocation: /default-rack, certSerialId: null} reports an CLOSED replica.
2019-10-30 06:07:02,901 [EventQueue-ContainerReportForContainerReportHandler] WARN  container.ContainerReportHandler (AbstractContainerReportHandler.java:updateContainerState(145)) - Container #1 is in OPEN state, but the datanode 78a2ca6d-ab27-408c-be71-e2595a145569{ip: 192.168.34.21, host: pr-hdds-1643-9kfsj-1164326334, networkLocation: /default-rack, certSerialId: null} reports an CLOSED replica.
2019-10-30 06:07:03,102 [EventQueue-ContainerReportForContainerReportHandler] WARN  container.ContainerReportHandler (AbstractContainerReportHandler.java:updateContainerState(145)) - Container #1 is in OPEN state, but the datanode 78a2ca6d-ab27-408c-be71-e2595a145569{ip: 192.168.34.21, host: pr-hdds-1643-9kfsj-1164326334, networkLocation: /default-rack, certSerialId: null} reports an CLOSED replica.
2019-10-30 06:07:03,176 [EventQueue-ContainerReportForContainerReportHandler] WARN  container.ContainerReportHandler (AbstractContainerReportHandler.java:updateContainerState(145)) - Container #1 is in OPEN state, but the datanode 47e59444-ad4b-4d8b-b6f4-160f3329f764{ip: 192.168.34.21, host: pr-hdds-1643-9kfsj-1164326334, networkLocation: /default-rack, certSerialId: null} reports an CLOSED replica.
2019-10-30 06:07:03,301 [EventQueue-ContainerReportForContainerReportHandler] WARN  container.ContainerReportHandler (AbstractContainerReportHandler.java:updateContainerState(145)) - Container #1 is in OPEN state, but the datanode 78a2ca6d-ab27-408c-be71-e2595a145569{ip: 192.168.34.21, host: pr-hdds-1643-9kfsj-1164326334, networkLocation: /default-rack, certSerialId: null} reports an CLOSED replica.
2019-10-30 06:07:03,415 [BlockDeletingService#2] WARN  background.BlockDeletingService (BlockDeletingService.java:isDeletionAllowed(187)) - Close Container log Index 6 is not replicated across allthe servers in the pipeline 55028169-3584-4748-a1dc-e99c5bdd80cf as the min replicated index is 4. Deletion is not allowed in this container yet.
2019-10-30 06:07:03,415 [BlockDeletingService#2] WARN  background.BlockDeletingService (BlockDeletingService.java:isDeletionAllowed(187)) - Close Container log Index 6 is not replicated across allthe servers in the pipeline 55028169-3584-4748-a1dc-e99c5bdd80cf as the min replicated index is 4. Deletion is not allowed in this container yet.
2019-10-30 06:07:03,477 [EventQueue-ContainerReportForContainerReportHandler] WARN  container.ContainerReportHandler (AbstractContainerReportHandler.java:updateContainerState(145)) - Container #1 is in OPEN state, but the datanode 47e59444-ad4b-4d8b-b6f4-160f3329f764{ip: 192.168.34.21, host: pr-hdds-1643-9kfsj-1164326334, networkLocation: /default-rack, certSerialId: null} reports an CLOSED replica.
2019-10-30 06:07:03,701 [EventQueue-ContainerReportForContainerReportHandler] WARN  container.ContainerReportHandler (AbstractContainerReportHandler.java:updateContainerState(145)) - Container #1 is in OPEN state, but the datanode 78a2ca6d-ab27-408c-be71-e2595a145569{ip: 192.168.34.21, host: pr-hdds-1643-9kfsj-1164326334, networkLocation: /default-rack, certSerialId: null} reports an CLOSED replica.
2019-10-30 06:07:03,777 [EventQueue-ContainerReportForContainerReportHandler] WARN  container.ContainerReportHandler (AbstractContainerReportHandler.java:updateContainerState(145)) - Container #1 is in OPEN state, but the datanode 47e59444-ad4b-4d8b-b6f4-160f3329f764{ip: 192.168.34.21, host: pr-hdds-1643-9kfsj-1164326334, networkLocation: /default-rack, certSerialId: null} reports an CLOSED replica.
2019-10-30 06:07:04,002 [EventQueue-ContainerReportForContainerReportHandler] WARN  container.ContainerReportHandler (AbstractContainerReportHandler.java:updateContainerState(145)) - Container #1 is in OPEN state, but the datanode 78a2ca6d-ab27-408c-be71-e2595a145569{ip: 192.168.34.21, host: pr-hdds-1643-9kfsj-1164326334, networkLocation: /default-rack, certSerialId: null} reports an CLOSED replica.
2019-10-30 06:07:04,178 [EventQueue-ContainerReportForContainerReportHandler] WARN  container.ContainerReportHandler (AbstractContainerReportHandler.java:updateContainerState(145)) - Container #1 is in OPEN state, but the datanode 47e59444-ad4b-4d8b-b6f4-160f3329f764{ip: 192.168.34.21, host: pr-hdds-1643-9kfsj-1164326334, networkLocation: /default-rack, certSerialId: null} reports an CLOSED replica.
2019-10-30 06:07:04,201 [EventQueue-ContainerReportForContainerReportHandler] WARN  container.ContainerReportHandler (AbstractContainerReportHandler.java:updateContainerState(145)) - Container #1 is in OPEN state, but the datanode 78a2ca6d-ab27-408c-be71-e2595a145569{ip: 192.168.34.21, host: pr-hdds-1643-9kfsj-1164326334, networkLocation: /default-rack, certSerialId: null} reports an CLOSED replica.
2019-10-30 06:07:04,377 [EventQueue-ContainerReportForContainerReportHandler] WARN  container.ContainerReportHandler (AbstractContainerReportHandler.java:updateContainerState(145)) - Container #1 is in OPEN state, but the datanode 47e59444-ad4b-4d8b-b6f4-160f3329f764{ip: 192.168.34.21, host: pr-hdds-1643-9kfsj-1164326334, networkLocation: /default-rack, certSerialId: null} reports an CLOSED replica.
2019-10-30 06:07:04,402 [java.util.concurrent.ThreadPoolExecutor$Worker@2357ca47[State = -1, empty queue]] WARN  server.GrpcLogAppender (GrpcLogAppender.java:timeoutAppendRequest(209)) - 47e59444-ad4b-4d8b-b6f4-160f3329f764@group-E99C5BDD80CF->4b4c7497-a7ec-4f2a-a6c9-18b9f4a92a5f-GrpcLogAppender: appendEntries Timeout, request=47e59444-ad4b-4d8b-b6f4-160f3329f764->4b4c7497-a7ec-4f2a-a6c9-18b9f4a92a5f#46-t3, previous=(t:3, i:10), leaderCommit=10, initializing? false, entries: <empty>
2019-10-30 06:07:04,416 [BlockDeletingService#2] WARN  background.BlockDeletingService (BlockDeletingService.java:isDeletionAllowed(187)) - Close Container log Index 6 is not replicated across allthe servers in the pipeline 55028169-3584-4748-a1dc-e99c5bdd80cf as the min replicated index is 4. Deletion is not allowed in this container yet.
2019-10-30 06:07:04,416 [BlockDeletingService#2] WARN  background.BlockDeletingService (BlockDeletingService.java:isDeletionAllowed(187)) - Close Container log Index 6 is not replicated across allthe servers in the pipeline 55028169-3584-4748-a1dc-e99c5bdd80cf as the min replicated index is 4. Deletion is not allowed in this container yet.
2019-10-30 06:07:04,602 [EventQueue-ContainerReportForContainerReportHandler] WARN  container.ContainerReportHandler (AbstractContainerReportHandler.java:updateContainerState(145)) - Container #1 is in OPEN state, but the datanode 78a2ca6d-ab27-408c-be71-e2595a145569{ip: 192.168.34.21, host: pr-hdds-1643-9kfsj-1164326334, networkLocation: /default-rack, certSerialId: null} reports an CLOSED replica.
2019-10-30 06:07:04,677 [EventQueue-ContainerReportForContainerReportHandler] WARN  container.ContainerReportHandler (AbstractContainerReportHandler.java:updateContainerState(145)) - Container #1 is in OPEN state, but the datanode 47e59444-ad4b-4d8b-b6f4-160f3329f764{ip: 192.168.34.21, host: pr-hdds-1643-9kfsj-1164326334, networkLocation: /default-rack, certSerialId: null} reports an CLOSED replica.
2019-10-30 06:07:04,978 [EventQueue-ContainerReportForContainerReportHandler] WARN  container.ContainerReportHandler (AbstractContainerReportHandler.java:updateContainerState(145)) - Container #1 is in OPEN state, but the datanode 47e59444-ad4b-4d8b-b6f4-160f3329f764{ip: 192.168.34.21, host: pr-hdds-1643-9kfsj-1164326334, networkLocation: /default-rack, certSerialId: null} reports an CLOSED replica.
2019-10-30 06:07:05,003 [EventQueue-ContainerReportForContainerReportHandler] WARN  container.ContainerReportHandler (AbstractContainerReportHandler.java:updateContainerState(145)) - Container #1 is in OPEN state, but the datanode 78a2ca6d-ab27-408c-be71-e2595a145569{ip: 192.168.34.21, host: pr-hdds-1643-9kfsj-1164326334, networkLocation: /default-rack, certSerialId: null} reports an CLOSED replica.
2019-10-30 06:07:05,302 [EventQueue-ContainerReportForContainerReportHandler] WARN  container.ContainerReportHandler (AbstractContainerReportHandler.java:updateContainerState(145)) - Container #1 is in OPEN state, but the datanode 78a2ca6d-ab27-408c-be71-e2595a145569{ip: 192.168.34.21, host: pr-hdds-1643-9kfsj-1164326334, networkLocation: /default-rack, certSerialId: null} reports an CLOSED replica.
2019-10-30 06:07:05,378 [EventQueue-ContainerReportForContainerReportHandler] WARN  container.ContainerReportHandler (AbstractContainerReportHandler.java:updateContainerState(145)) - Container #1 is in OPEN state, but the datanode 47e59444-ad4b-4d8b-b6f4-160f3329f764{ip: 192.168.34.21, host: pr-hdds-1643-9kfsj-1164326334, networkLocation: /default-rack, certSerialId: null} reports an CLOSED replica.
2019-10-30 06:07:05,417 [BlockDeletingService#2] WARN  background.BlockDeletingService (BlockDeletingService.java:isDeletionAllowed(187)) - Close Container log Index 6 is not replicated across allthe servers in the pipeline 55028169-3584-4748-a1dc-e99c5bdd80cf as the min replicated index is 4. Deletion is not allowed in this container yet.
2019-10-30 06:07:05,417 [BlockDeletingService#2] WARN  background.BlockDeletingService (BlockDeletingService.java:isDeletionAllowed(187)) - Close Container log Index 6 is not replicated across allthe servers in the pipeline 55028169-3584-4748-a1dc-e99c5bdd80cf as the min replicated index is 4. Deletion is not allowed in this container yet.
2019-10-30 06:07:05,678 [EventQueue-ContainerReportForContainerReportHandler] WARN  container.ContainerReportHandler (AbstractContainerReportHandler.java:updateContainerState(145)) - Container #1 is in OPEN state, but the datanode 47e59444-ad4b-4d8b-b6f4-160f3329f764{ip: 192.168.34.21, host: pr-hdds-1643-9kfsj-1164326334, networkLocation: /default-rack, certSerialId: null} reports an CLOSED replica.
2019-10-30 06:07:05,702 [EventQueue-ContainerReportForContainerReportHandler] WARN  container.ContainerReportHandler (AbstractContainerReportHandler.java:updateContainerState(145)) - Container #1 is in OPEN state, but the datanode 78a2ca6d-ab27-408c-be71-e2595a145569{ip: 192.168.34.21, host: pr-hdds-1643-9kfsj-1164326334, networkLocation: /default-rack, certSerialId: null} reports an CLOSED replica.
2019-10-30 06:07:05,878 [EventQueue-ContainerReportForContainerReportHandler] WARN  container.ContainerReportHandler (AbstractContainerReportHandler.java:updateContainerState(145)) - Container #1 is in OPEN state, but the datanode 47e59444-ad4b-4d8b-b6f4-160f3329f764{ip: 192.168.34.21, host: pr-hdds-1643-9kfsj-1164326334, networkLocation: /default-rack, certSerialId: null} reports an CLOSED replica.
2019-10-30 06:07:06,103 [EventQueue-ContainerReportForContainerReportHandler] WARN  container.ContainerReportHandler (AbstractContainerReportHandler.java:updateContainerState(145)) - Container #1 is in OPEN state, but the datanode 78a2ca6d-ab27-408c-be71-e2595a145569{ip: 192.168.34.21, host: pr-hdds-1643-9kfsj-1164326334, networkLocation: /default-rack, certSerialId: null} reports an CLOSED replica.
2019-10-30 06:07:06,178 [EventQueue-ContainerReportForContainerReportHandler] WARN  container.ContainerReportHandler (AbstractContainerReportHandler.java:updateContainerState(145)) - Container #1 is in OPEN state, but the datanode 47e59444-ad4b-4d8b-b6f4-160f3329f764{ip: 192.168.34.21, host: pr-hdds-1643-9kfsj-1164326334, networkLocation: /default-rack, certSerialId: null} reports an CLOSED replica.
2019-10-30 06:07:06,378 [EventQueue-ContainerReportForContainerReportHandler] WARN  container.ContainerReportHandler (AbstractContainerReportHandler.java:updateContainerState(145)) - Container #1 is in OPEN state, but the datanode 47e59444-ad4b-4d8b-b6f4-160f3329f764{ip: 192.168.34.21, host: pr-hdds-1643-9kfsj-1164326334, networkLocation: /default-rack, certSerialId: null} reports an CLOSED replica.
2019-10-30 06:07:06,404 [EventQueue-ContainerReportForContainerReportHandler] WARN  container.ContainerReportHandler (AbstractContainerReportHandler.java:updateContainerState(145)) - Container #1 is in OPEN state, but the datanode 78a2ca6d-ab27-408c-be71-e2595a145569{ip: 192.168.34.21, host: pr-hdds-1643-9kfsj-1164326334, networkLocation: /default-rack, certSerialId: null} reports an CLOSED replica.
2019-10-30 06:07:06,418 [BlockDeletingService#2] WARN  background.BlockDeletingService (BlockDeletingService.java:isDeletionAllowed(187)) - Close Container log Index 6 is not replicated across allthe servers in the pipeline 55028169-3584-4748-a1dc-e99c5bdd80cf as the min replicated index is 4. Deletion is not allowed in this container yet.
2019-10-30 06:07:06,418 [BlockDeletingService#2] WARN  background.BlockDeletingService (BlockDeletingService.java:isDeletionAllowed(187)) - Close Container log Index 6 is not replicated across allthe servers in the pipeline 55028169-3584-4748-a1dc-e99c5bdd80cf as the min replicated index is 4. Deletion is not allowed in this container yet.
2019-10-30 06:07:06,603 [EventQueue-ContainerReportForContainerReportHandler] WARN  container.ContainerReportHandler (AbstractContainerReportHandler.java:updateContainerState(145)) - Container #1 is in OPEN state, but the datanode 78a2ca6d-ab27-408c-be71-e2595a145569{ip: 192.168.34.21, host: pr-hdds-1643-9kfsj-1164326334, networkLocation: /default-rack, certSerialId: null} reports an CLOSED replica.
2019-10-30 06:07:06,679 [EventQueue-ContainerReportForContainerReportHandler] WARN  container.ContainerReportHandler (AbstractContainerReportHandler.java:updateContainerState(145)) - Container #1 is in OPEN state, but the datanode 47e59444-ad4b-4d8b-b6f4-160f3329f764{ip: 192.168.34.21, host: pr-hdds-1643-9kfsj-1164326334, networkLocation: /default-rack, certSerialId: null} reports an CLOSED replica.
2019-10-30 06:07:06,803 [EventQueue-ContainerReportForContainerReportHandler] WARN  container.ContainerReportHandler (AbstractContainerReportHandler.java:updateContainerState(145)) - Container #1 is in OPEN state, but the datanode 78a2ca6d-ab27-408c-be71-e2595a145569{ip: 192.168.34.21, host: pr-hdds-1643-9kfsj-1164326334, networkLocation: /default-rack, certSerialId: null} reports an CLOSED replica.
2019-10-30 06:07:06,902 [java.util.concurrent.ThreadPoolExecutor$Worker@2357ca47[State = -1, empty queue]] WARN  server.GrpcLogAppender (GrpcLogAppender.java:timeoutAppendRequest(209)) - 47e59444-ad4b-4d8b-b6f4-160f3329f764@group-E99C5BDD80CF->4b4c7497-a7ec-4f2a-a6c9-18b9f4a92a5f-GrpcLogAppender: appendEntries Timeout, request=47e59444-ad4b-4d8b-b6f4-160f3329f764->4b4c7497-a7ec-4f2a-a6c9-18b9f4a92a5f#47-t3, previous=(t:3, i:10), leaderCommit=10, initializing? false, entries: <empty>
2019-10-30 06:07:07,003 [EventQueue-ContainerReportForContainerReportHandler] WARN  container.ContainerReportHandler (AbstractContainerReportHandler.java:updateContainerState(145)) - Container #1 is in OPEN state, but the datanode 78a2ca6d-ab27-408c-be71-e2595a145569{ip: 192.168.34.21, host: pr-hdds-1643-9kfsj-1164326334, networkLocation: /default-rack, certSerialId: null} reports an CLOSED replica.
2019-10-30 06:07:07,072 [Thread-509] INFO  client.GrpcClientProtocolService (GrpcClientProtocolService.java:lambda$processClientRequest$0(278)) - Failed RaftClientRequest:client-B8CB26F2FF35->78a2ca6d-ab27-408c-be71-e2595a145569@group-E99C5BDD80CF, cid=10, seq=0, Watch-ALL_COMMITTED(6), Message:<EMPTY>, reply=RaftClientReply:client-B8CB26F2FF35->78a2ca6d-ab27-408c-be71-e2595a145569@group-E99C5BDD80CF, cid=10, FAILED org.apache.ratis.protocol.NotLeaderException: Server 78a2ca6d-ab27-408c-be71-e2595a145569@group-E99C5BDD80CF is not the leader 47e59444-ad4b-4d8b-b6f4-160f3329f764:192.168.34.21:39722, logIndex=0, commits[78a2ca6d-ab27-408c-be71-e2595a145569:c10, 4b4c7497-a7ec-4f2a-a6c9-18b9f4a92a5f:c4, 47e59444-ad4b-4d8b-b6f4-160f3329f764:c10]
2019-10-30 06:07:07,081 [EventQueue-ContainerReportForContainerReportHandler] WARN  container.ContainerReportHandler (AbstractContainerReportHandler.java:updateContainerState(145)) - Container #1 is in OPEN state, but the datanode 47e59444-ad4b-4d8b-b6f4-160f3329f764{ip: 192.168.34.21, host: pr-hdds-1643-9kfsj-1164326334, networkLocation: /default-rack, certSerialId: null} reports an CLOSED replica.
2019-10-30 06:07:07,279 [EventQueue-ContainerReportForContainerReportHandler] WARN  container.ContainerReportHandler (AbstractContainerReportHandler.java:updateContainerState(145)) - Container #1 is in OPEN state, but the datanode 47e59444-ad4b-4d8b-b6f4-160f3329f764{ip: 192.168.34.21, host: pr-hdds-1643-9kfsj-1164326334, networkLocation: /default-rack, certSerialId: null} reports an CLOSED replica.
2019-10-30 06:07:07,304 [EventQueue-ContainerReportForContainerReportHandler] WARN  container.ContainerReportHandler (AbstractContainerReportHandler.java:updateContainerState(145)) - Container #1 is in OPEN state, but the datanode 78a2ca6d-ab27-408c-be71-e2595a145569{ip: 192.168.34.21, host: pr-hdds-1643-9kfsj-1164326334, networkLocation: /default-rack, certSerialId: null} reports an CLOSED replica.
2019-10-30 06:07:07,420 [BlockDeletingService#2] WARN  background.BlockDeletingService (BlockDeletingService.java:isDeletionAllowed(187)) - Close Container log Index 6 is not replicated across allthe servers in the pipeline 55028169-3584-4748-a1dc-e99c5bdd80cf as the min replicated index is 4. Deletion is not allowed in this container yet.
2019-10-30 06:07:07,420 [BlockDeletingService#2] WARN  background.BlockDeletingService (BlockDeletingService.java:isDeletionAllowed(187)) - Close Container log Index 6 is not replicated across allthe servers in the pipeline 55028169-3584-4748-a1dc-e99c5bdd80cf as the min replicated index is 4. Deletion is not allowed in this container yet.
2019-10-30 06:07:07,605 [EventQueue-ContainerReportForContainerReportHandler] WARN  container.ContainerReportHandler (AbstractContainerReportHandler.java:updateContainerState(145)) - Container #1 is in OPEN state, but the datanode 78a2ca6d-ab27-408c-be71-e2595a145569{ip: 192.168.34.21, host: pr-hdds-1643-9kfsj-1164326334, networkLocation: /default-rack, certSerialId: null} reports an CLOSED replica.
2019-10-30 06:07:07,680 [EventQueue-ContainerReportForContainerReportHandler] WARN  container.ContainerReportHandler (AbstractContainerReportHandler.java:updateContainerState(145)) - Container #1 is in OPEN state, but the datanode 47e59444-ad4b-4d8b-b6f4-160f3329f764{ip: 192.168.34.21, host: pr-hdds-1643-9kfsj-1164326334, networkLocation: /default-rack, certSerialId: null} reports an CLOSED replica.
2019-10-30 06:07:07,880 [EventQueue-ContainerReportForContainerReportHandler] WARN  container.ContainerReportHandler (AbstractContainerReportHandler.java:updateContainerState(145)) - Container #1 is in OPEN state, but the datanode 47e59444-ad4b-4d8b-b6f4-160f3329f764{ip: 192.168.34.21, host: pr-hdds-1643-9kfsj-1164326334, networkLocation: /default-rack, certSerialId: null} reports an CLOSED replica.
2019-10-30 06:07:08,004 [EventQueue-ContainerReportForContainerReportHandler] WARN  container.ContainerReportHandler (AbstractContainerReportHandler.java:updateContainerState(145)) - Container #1 is in OPEN state, but the datanode 78a2ca6d-ab27-408c-be71-e2595a145569{ip: 192.168.34.21, host: pr-hdds-1643-9kfsj-1164326334, networkLocation: /default-rack, certSerialId: null} reports an CLOSED replica.
2019-10-30 06:07:08,279 [EventQueue-ContainerReportForContainerReportHandler] WARN  container.ContainerReportHandler (AbstractContainerReportHandler.java:updateContainerState(145)) - Container #1 is in OPEN state, but the datanode 47e59444-ad4b-4d8b-b6f4-160f3329f764{ip: 192.168.34.21, host: pr-hdds-1643-9kfsj-1164326334, networkLocation: /default-rack, certSerialId: null} reports an CLOSED replica.
2019-10-30 06:07:08,306 [EventQueue-ContainerReportForContainerReportHandler] WARN  container.ContainerReportHandler (AbstractContainerReportHandler.java:updateContainerState(145)) - Container #1 is in OPEN state, but the datanode 78a2ca6d-ab27-408c-be71-e2595a145569{ip: 192.168.34.21, host: pr-hdds-1643-9kfsj-1164326334, networkLocation: /default-rack, certSerialId: null} reports an CLOSED replica.
2019-10-30 06:07:08,422 [BlockDeletingService#2] WARN  background.BlockDeletingService (BlockDeletingService.java:isDeletionAllowed(187)) - Close Container log Index 6 is not replicated across allthe servers in the pipeline 55028169-3584-4748-a1dc-e99c5bdd80cf as the min replicated index is 4. Deletion is not allowed in this container yet.
2019-10-30 06:07:08,422 [BlockDeletingService#2] WARN  background.BlockDeletingService (BlockDeletingService.java:isDeletionAllowed(187)) - Close Container log Index 6 is not replicated across allthe servers in the pipeline 55028169-3584-4748-a1dc-e99c5bdd80cf as the min replicated index is 4. Deletion is not allowed in this container yet.
2019-10-30 06:07:08,479 [EventQueue-ContainerReportForContainerReportHandler] WARN  container.ContainerReportHandler (AbstractContainerReportHandler.java:updateContainerState(145)) - Container #1 is in OPEN state, but the datanode 47e59444-ad4b-4d8b-b6f4-160f3329f764{ip: 192.168.34.21, host: pr-hdds-1643-9kfsj-1164326334, networkLocation: /default-rack, certSerialId: null} reports an CLOSED replica.
2019-10-30 06:07:08,608 [EventQueue-ContainerReportForContainerReportHandler] WARN  container.ContainerReportHandler (AbstractContainerReportHandler.java:updateContainerState(145)) - Container #1 is in OPEN state, but the datanode 78a2ca6d-ab27-408c-be71-e2595a145569{ip: 192.168.34.21, host: pr-hdds-1643-9kfsj-1164326334, networkLocation: /default-rack, certSerialId: null} reports an CLOSED replica.
2019-10-30 06:07:08,755 [Thread-516] INFO  client.GrpcClientProtocolService (GrpcClientProtocolService.java:lambda$processClientRequest$0(278)) - Failed RaftClientRequest:client-B8CB26F2FF35->47e59444-ad4b-4d8b-b6f4-160f3329f764@group-E99C5BDD80CF, cid=10, seq=0, Watch-ALL_COMMITTED(6), Message:<EMPTY>, reply=RaftClientReply:client-B8CB26F2FF35->47e59444-ad4b-4d8b-b6f4-160f3329f764@group-E99C5BDD80CF, cid=10, FAILED org.apache.ratis.protocol.NotReplicatedException: Request with call Id 10 and log index 6 is not yet replicated to ALL_COMMITTED, logIndex=6, commits[47e59444-ad4b-4d8b-b6f4-160f3329f764:c10, 78a2ca6d-ab27-408c-be71-e2595a145569:c10, 4b4c7497-a7ec-4f2a-a6c9-18b9f4a92a5f:c4]
2019-10-30 06:07:08,780 [EventQueue-ContainerReportForContainerReportHandler] WARN  container.ContainerReportHandler (AbstractContainerReportHandler.java:updateContainerState(145)) - Container #1 is in OPEN state, but the datanode 47e59444-ad4b-4d8b-b6f4-160f3329f764{ip: 192.168.34.21, host: pr-hdds-1643-9kfsj-1164326334, networkLocation: /default-rack, certSerialId: null} reports an CLOSED replica.
2019-10-30 06:07:09,007 [EventQueue-ContainerReportForContainerReportHandler] WARN  container.ContainerReportHandler (AbstractContainerReportHandler.java:updateContainerState(145)) - Container #1 is in OPEN state, but the datanode 78a2ca6d-ab27-408c-be71-e2595a145569{ip: 192.168.34.21, host: pr-hdds-1643-9kfsj-1164326334, networkLocation: /default-rack, certSerialId: null} reports an CLOSED replica.
2019-10-30 06:07:09,080 [EventQueue-ContainerReportForContainerReportHandler] WARN  container.ContainerReportHandler (AbstractContainerReportHandler.java:updateContainerState(145)) - Container #1 is in OPEN state, but the datanode 47e59444-ad4b-4d8b-b6f4-160f3329f764{ip: 192.168.34.21, host: pr-hdds-1643-9kfsj-1164326334, networkLocation: /default-rack, certSerialId: null} reports an CLOSED replica.
2019-10-30 06:07:09,207 [EventQueue-ContainerReportForContainerReportHandler] WARN  container.ContainerReportHandler (AbstractContainerReportHandler.java:updateContainerState(145)) - Container #1 is in OPEN state, but the datanode 78a2ca6d-ab27-408c-be71-e2595a145569{ip: 192.168.34.21, host: pr-hdds-1643-9kfsj-1164326334, networkLocation: /default-rack, certSerialId: null} reports an CLOSED replica.
2019-10-30 06:07:09,280 [EventQueue-ContainerReportForContainerReportHandler] WARN  container.ContainerReportHandler (AbstractContainerReportHandler.java:updateContainerState(145)) - Container #1 is in OPEN state, but the datanode 47e59444-ad4b-4d8b-b6f4-160f3329f764{ip: 192.168.34.21, host: pr-hdds-1643-9kfsj-1164326334, networkLocation: /default-rack, certSerialId: null} reports an CLOSED replica.
2019-10-30 06:07:09,403 [java.util.concurrent.ThreadPoolExecutor$Worker@2357ca47[State = -1, empty queue]] WARN  server.GrpcLogAppender (GrpcLogAppender.java:timeoutAppendRequest(209)) - 47e59444-ad4b-4d8b-b6f4-160f3329f764@group-E99C5BDD80CF->4b4c7497-a7ec-4f2a-a6c9-18b9f4a92a5f-GrpcLogAppender: appendEntries Timeout, request=47e59444-ad4b-4d8b-b6f4-160f3329f764->4b4c7497-a7ec-4f2a-a6c9-18b9f4a92a5f#48-t3, previous=(t:3, i:10), leaderCommit=10, initializing? false, entries: <empty>
2019-10-30 06:07:09,423 [BlockDeletingService#2] WARN  background.BlockDeletingService (BlockDeletingService.java:isDeletionAllowed(187)) - Close Container log Index 6 is not replicated across allthe servers in the pipeline 55028169-3584-4748-a1dc-e99c5bdd80cf as the min replicated index is 4. Deletion is not allowed in this container yet.
2019-10-30 06:07:09,424 [BlockDeletingService#2] WARN  background.BlockDeletingService (BlockDeletingService.java:isDeletionAllowed(187)) - Close Container log Index 6 is not replicated across allthe servers in the pipeline 55028169-3584-4748-a1dc-e99c5bdd80cf as the min replicated index is 4. Deletion is not allowed in this container yet.
2019-10-30 06:07:09,509 [EventQueue-ContainerReportForContainerReportHandler] WARN  container.ContainerReportHandler (AbstractContainerReportHandler.java:updateContainerState(145)) - Container #1 is in OPEN state, but the datanode 78a2ca6d-ab27-408c-be71-e2595a145569{ip: 192.168.34.21, host: pr-hdds-1643-9kfsj-1164326334, networkLocation: /default-rack, certSerialId: null} reports an CLOSED replica.
2019-10-30 06:07:09,682 [EventQueue-ContainerReportForContainerReportHandler] WARN  container.ContainerReportHandler (AbstractContainerReportHandler.java:updateContainerState(145)) - Container #1 is in OPEN state, but the datanode 47e59444-ad4b-4d8b-b6f4-160f3329f764{ip: 192.168.34.21, host: pr-hdds-1643-9kfsj-1164326334, networkLocation: /default-rack, certSerialId: null} reports an CLOSED replica.
2019-10-30 06:07:09,708 [EventQueue-ContainerReportForContainerReportHandler] WARN  container.ContainerReportHandler (AbstractContainerReportHandler.java:updateContainerState(145)) - Container #1 is in OPEN state, but the datanode 78a2ca6d-ab27-408c-be71-e2595a145569{ip: 192.168.34.21, host: pr-hdds-1643-9kfsj-1164326334, networkLocation: /default-rack, certSerialId: null} reports an CLOSED replica.
2019-10-30 06:07:09,882 [EventQueue-ContainerReportForContainerReportHandler] WARN  container.ContainerReportHandler (AbstractContainerReportHandler.java:updateContainerState(145)) - Container #1 is in OPEN state, but the datanode 47e59444-ad4b-4d8b-b6f4-160f3329f764{ip: 192.168.34.21, host: pr-hdds-1643-9kfsj-1164326334, networkLocation: /default-rack, certSerialId: null} reports an CLOSED replica.
2019-10-30 06:07:09,909 [EventQueue-ContainerReportForContainerReportHandler] WARN  container.ContainerReportHandler (AbstractContainerReportHandler.java:updateContainerState(145)) - Container #1 is in OPEN state, but the datanode 78a2ca6d-ab27-408c-be71-e2595a145569{ip: 192.168.34.21, host: pr-hdds-1643-9kfsj-1164326334, networkLocation: /default-rack, certSerialId: null} reports an CLOSED replica.
2019-10-30 06:07:10,283 [EventQueue-ContainerReportForContainerReportHandler] WARN  container.ContainerReportHandler (AbstractContainerReportHandler.java:updateContainerState(145)) - Container #1 is in OPEN state, but the datanode 47e59444-ad4b-4d8b-b6f4-160f3329f764{ip: 192.168.34.21, host: pr-hdds-1643-9kfsj-1164326334, networkLocation: /default-rack, certSerialId: null} reports an CLOSED replica.
2019-10-30 06:07:10,308 [EventQueue-ContainerReportForContainerReportHandler] WARN  container.ContainerReportHandler (AbstractContainerReportHandler.java:updateContainerState(145)) - Container #1 is in OPEN state, but the datanode 78a2ca6d-ab27-408c-be71-e2595a145569{ip: 192.168.34.21, host: pr-hdds-1643-9kfsj-1164326334, networkLocation: /default-rack, certSerialId: null} reports an CLOSED replica.
2019-10-30 06:07:10,425 [BlockDeletingService#2] WARN  background.BlockDeletingService (BlockDeletingService.java:isDeletionAllowed(187)) - Close Container log Index 6 is not replicated across allthe servers in the pipeline 55028169-3584-4748-a1dc-e99c5bdd80cf as the min replicated index is 4. Deletion is not allowed in this container yet.
2019-10-30 06:07:10,425 [BlockDeletingService#2] WARN  background.BlockDeletingService (BlockDeletingService.java:isDeletionAllowed(187)) - Close Container log Index 6 is not replicated across allthe servers in the pipeline 55028169-3584-4748-a1dc-e99c5bdd80cf as the min replicated index is 4. Deletion is not allowed in this container yet.
2019-10-30 06:07:10,584 [EventQueue-ContainerReportForContainerReportHandler] WARN  container.ContainerReportHandler (AbstractContainerReportHandler.java:updateContainerState(145)) - Container #1 is in OPEN state, but the datanode 47e59444-ad4b-4d8b-b6f4-160f3329f764{ip: 192.168.34.21, host: pr-hdds-1643-9kfsj-1164326334, networkLocation: /default-rack, certSerialId: null} reports an CLOSED replica.
2019-10-30 06:07:10,608 [EventQueue-ContainerReportForContainerReportHandler] WARN  container.ContainerReportHandler (AbstractContainerReportHandler.java:updateContainerState(145)) - Container #1 is in OPEN state, but the datanode 78a2ca6d-ab27-408c-be71-e2595a145569{ip: 192.168.34.21, host: pr-hdds-1643-9kfsj-1164326334, networkLocation: /default-rack, certSerialId: null} reports an CLOSED replica.
2019-10-30 06:07:10,908 [EventQueue-ContainerReportForContainerReportHandler] WARN  container.ContainerReportHandler (AbstractContainerReportHandler.java:updateContainerState(145)) - Container #1 is in OPEN state, but the datanode 78a2ca6d-ab27-408c-be71-e2595a145569{ip: 192.168.34.21, host: pr-hdds-1643-9kfsj-1164326334, networkLocation: /default-rack, certSerialId: null} reports an CLOSED replica.
2019-10-30 06:07:10,985 [EventQueue-ContainerReportForContainerReportHandler] WARN  container.ContainerReportHandler (AbstractContainerReportHandler.java:updateContainerState(145)) - Container #1 is in OPEN state, but the datanode 47e59444-ad4b-4d8b-b6f4-160f3329f764{ip: 192.168.34.21, host: pr-hdds-1643-9kfsj-1164326334, networkLocation: /default-rack, certSerialId: null} reports an CLOSED replica.
2019-10-30 06:07:11,185 [EventQueue-ContainerReportForContainerReportHandler] WARN  container.ContainerReportHandler (AbstractContainerReportHandler.java:updateContainerState(145)) - Container #1 is in OPEN state, but the datanode 47e59444-ad4b-4d8b-b6f4-160f3329f764{ip: 192.168.34.21, host: pr-hdds-1643-9kfsj-1164326334, networkLocation: /default-rack, certSerialId: null} reports an CLOSED replica.
2019-10-30 06:07:11,309 [EventQueue-ContainerReportForContainerReportHandler] WARN  container.ContainerReportHandler (AbstractContainerReportHandler.java:updateContainerState(145)) - Container #1 is in OPEN state, but the datanode 78a2ca6d-ab27-408c-be71-e2595a145569{ip: 192.168.34.21, host: pr-hdds-1643-9kfsj-1164326334, networkLocation: /default-rack, certSerialId: null} reports an CLOSED replica.
2019-10-30 06:07:11,426 [BlockDeletingService#2] WARN  background.BlockDeletingService (BlockDeletingService.java:isDeletionAllowed(187)) - Close Container log Index 6 is not replicated across allthe servers in the pipeline 55028169-3584-4748-a1dc-e99c5bdd80cf as the min replicated index is 4. Deletion is not allowed in this container yet.
2019-10-30 06:07:11,426 [BlockDeletingService#2] WARN  background.BlockDeletingService (BlockDeletingService.java:isDeletionAllowed(187)) - Close Container log Index 6 is not replicated across allthe servers in the pipeline 55028169-3584-4748-a1dc-e99c5bdd80cf as the min replicated index is 4. Deletion is not allowed in this container yet.
2019-10-30 06:07:11,508 [EventQueue-ContainerReportForContainerReportHandler] WARN  container.ContainerReportHandler (AbstractContainerReportHandler.java:updateContainerState(145)) - Container #1 is in OPEN state, but the datanode 78a2ca6d-ab27-408c-be71-e2595a145569{ip: 192.168.34.21, host: pr-hdds-1643-9kfsj-1164326334, networkLocation: /default-rack, certSerialId: null} reports an CLOSED replica.
2019-10-30 06:07:11,585 [EventQueue-ContainerReportForContainerReportHandler] WARN  container.ContainerReportHandler (AbstractContainerReportHandler.java:updateContainerState(145)) - Container #1 is in OPEN state, but the datanode 47e59444-ad4b-4d8b-b6f4-160f3329f764{ip: 192.168.34.21, host: pr-hdds-1643-9kfsj-1164326334, networkLocation: /default-rack, certSerialId: null} reports an CLOSED replica.
2019-10-30 06:07:11,785 [EventQueue-ContainerReportForContainerReportHandler] WARN  container.ContainerReportHandler (AbstractContainerReportHandler.java:updateContainerState(145)) - Container #1 is in OPEN state, but the datanode 47e59444-ad4b-4d8b-b6f4-160f3329f764{ip: 192.168.34.21, host: pr-hdds-1643-9kfsj-1164326334, networkLocation: /default-rack, certSerialId: null} reports an CLOSED replica.
2019-10-30 06:07:11,809 [EventQueue-ContainerReportForContainerReportHandler] WARN  container.ContainerReportHandler (AbstractContainerReportHandler.java:updateContainerState(145)) - Container #1 is in OPEN state, but the datanode 78a2ca6d-ab27-408c-be71-e2595a145569{ip: 192.168.34.21, host: pr-hdds-1643-9kfsj-1164326334, networkLocation: /default-rack, certSerialId: null} reports an CLOSED replica.
2019-10-30 06:07:11,904 [java.util.concurrent.ThreadPoolExecutor$Worker@2357ca47[State = -1, empty queue]] WARN  server.GrpcLogAppender (GrpcLogAppender.java:timeoutAppendRequest(209)) - 47e59444-ad4b-4d8b-b6f4-160f3329f764@group-E99C5BDD80CF->4b4c7497-a7ec-4f2a-a6c9-18b9f4a92a5f-GrpcLogAppender: appendEntries Timeout, request=47e59444-ad4b-4d8b-b6f4-160f3329f764->4b4c7497-a7ec-4f2a-a6c9-18b9f4a92a5f#49-t3, previous=(t:3, i:10), leaderCommit=10, initializing? false, entries: <empty>
2019-10-30 06:07:12,085 [EventQueue-ContainerReportForContainerReportHandler] WARN  container.ContainerReportHandler (AbstractContainerReportHandler.java:updateContainerState(145)) - Container #1 is in OPEN state, but the datanode 47e59444-ad4b-4d8b-b6f4-160f3329f764{ip: 192.168.34.21, host: pr-hdds-1643-9kfsj-1164326334, networkLocation: /default-rack, certSerialId: null} reports an CLOSED replica.
2019-10-30 06:07:12,209 [EventQueue-ContainerReportForContainerReportHandler] WARN  container.ContainerReportHandler (AbstractContainerReportHandler.java:updateContainerState(145)) - Container #1 is in OPEN state, but the datanode 78a2ca6d-ab27-408c-be71-e2595a145569{ip: 192.168.34.21, host: pr-hdds-1643-9kfsj-1164326334, networkLocation: /default-rack, certSerialId: null} reports an CLOSED replica.
2019-10-30 06:07:12,286 [EventQueue-ContainerReportForContainerReportHandler] WARN  container.ContainerReportHandler (AbstractContainerReportHandler.java:updateContainerState(145)) - Container #1 is in OPEN state, but the datanode 47e59444-ad4b-4d8b-b6f4-160f3329f764{ip: 192.168.34.21, host: pr-hdds-1643-9kfsj-1164326334, networkLocation: /default-rack, certSerialId: null} reports an CLOSED replica.
2019-10-30 06:07:12,409 [EventQueue-ContainerReportForContainerReportHandler] WARN  container.ContainerReportHandler (AbstractContainerReportHandler.java:updateContainerState(145)) - Container #1 is in OPEN state, but the datanode 78a2ca6d-ab27-408c-be71-e2595a145569{ip: 192.168.34.21, host: pr-hdds-1643-9kfsj-1164326334, networkLocation: /default-rack, certSerialId: null} reports an CLOSED replica.
2019-10-30 06:07:12,427 [BlockDeletingService#2] WARN  background.BlockDeletingService (BlockDeletingService.java:isDeletionAllowed(187)) - Close Container log Index 6 is not replicated across allthe servers in the pipeline 55028169-3584-4748-a1dc-e99c5bdd80cf as the min replicated index is 4. Deletion is not allowed in this container yet.
2019-10-30 06:07:12,427 [BlockDeletingService#2] WARN  background.BlockDeletingService (BlockDeletingService.java:isDeletionAllowed(187)) - Close Container log Index 6 is not replicated across allthe servers in the pipeline 55028169-3584-4748-a1dc-e99c5bdd80cf as the min replicated index is 4. Deletion is not allowed in this container yet.
2019-10-30 06:07:12,487 [EventQueue-ContainerReportForContainerReportHandler] WARN  container.ContainerReportHandler (AbstractContainerReportHandler.java:updateContainerState(145)) - Container #1 is in OPEN state, but the datanode 47e59444-ad4b-4d8b-b6f4-160f3329f764{ip: 192.168.34.21, host: pr-hdds-1643-9kfsj-1164326334, networkLocation: /default-rack, certSerialId: null} reports an CLOSED replica.
2019-10-30 06:07:12,810 [EventQueue-ContainerReportForContainerReportHandler] WARN  container.ContainerReportHandler (AbstractContainerReportHandler.java:updateContainerState(145)) - Container #1 is in OPEN state, but the datanode 78a2ca6d-ab27-408c-be71-e2595a145569{ip: 192.168.34.21, host: pr-hdds-1643-9kfsj-1164326334, networkLocation: /default-rack, certSerialId: null} reports an CLOSED replica.
2019-10-30 06:07:12,889 [EventQueue-ContainerReportForContainerReportHandler] WARN  container.ContainerReportHandler (AbstractContainerReportHandler.java:updateContainerState(145)) - Container #1 is in OPEN state, but the datanode 47e59444-ad4b-4d8b-b6f4-160f3329f764{ip: 192.168.34.21, host: pr-hdds-1643-9kfsj-1164326334, networkLocation: /default-rack, certSerialId: null} reports an CLOSED replica.
2019-10-30 06:07:13,010 [EventQueue-ContainerReportForContainerReportHandler] WARN  container.ContainerReportHandler (AbstractContainerReportHandler.java:updateContainerState(145)) - Container #1 is in OPEN state, but the datanode 78a2ca6d-ab27-408c-be71-e2595a145569{ip: 192.168.34.21, host: pr-hdds-1643-9kfsj-1164326334, networkLocation: /default-rack, certSerialId: null} reports an CLOSED replica.
2019-10-30 06:07:13,189 [EventQueue-ContainerReportForContainerReportHandler] WARN  container.ContainerReportHandler (AbstractContainerReportHandler.java:updateContainerState(145)) - Container #1 is in OPEN state, but the datanode 47e59444-ad4b-4d8b-b6f4-160f3329f764{ip: 192.168.34.21, host: pr-hdds-1643-9kfsj-1164326334, networkLocation: /default-rack, certSerialId: null} reports an CLOSED replica.
2019-10-30 06:07:13,310 [EventQueue-ContainerReportForContainerReportHandler] WARN  container.ContainerReportHandler (AbstractContainerReportHandler.java:updateContainerState(145)) - Container #1 is in OPEN state, but the datanode 78a2ca6d-ab27-408c-be71-e2595a145569{ip: 192.168.34.21, host: pr-hdds-1643-9kfsj-1164326334, networkLocation: /default-rack, certSerialId: null} reports an CLOSED replica.
2019-10-30 06:07:13,429 [BlockDeletingService#2] WARN  background.BlockDeletingService (BlockDeletingService.java:isDeletionAllowed(187)) - Close Container log Index 6 is not replicated across allthe servers in the pipeline 55028169-3584-4748-a1dc-e99c5bdd80cf as the min replicated index is 4. Deletion is not allowed in this container yet.
2019-10-30 06:07:13,429 [BlockDeletingService#2] WARN  background.BlockDeletingService (BlockDeletingService.java:isDeletionAllowed(187)) - Close Container log Index 6 is not replicated across allthe servers in the pipeline 55028169-3584-4748-a1dc-e99c5bdd80cf as the min replicated index is 4. Deletion is not allowed in this container yet.
2019-10-30 06:07:13,489 [EventQueue-ContainerReportForContainerReportHandler] WARN  container.ContainerReportHandler (AbstractContainerReportHandler.java:updateContainerState(145)) - Container #1 is in OPEN state, but the datanode 47e59444-ad4b-4d8b-b6f4-160f3329f764{ip: 192.168.34.21, host: pr-hdds-1643-9kfsj-1164326334, networkLocation: /default-rack, certSerialId: null} reports an CLOSED replica.
2019-10-30 06:07:13,592 [EventQueue-StaleNodeForStaleNodeHandler] INFO  node.StaleNodeHandler (StaleNodeHandler.java:onMessage(58)) - Datanode 4b4c7497-a7ec-4f2a-a6c9-18b9f4a92a5f{ip: 192.168.34.21, host: pr-hdds-1643-9kfsj-1164326334, networkLocation: /default-rack, certSerialId: null} moved to stale state. Finalizing its pipelines [PipelineID=55028169-3584-4748-a1dc-e99c5bdd80cf, PipelineID=3add86ff-45bf-4d07-b605-22ea9ee3b83c]
2019-10-30 06:07:13,592 [EventQueue-StaleNodeForStaleNodeHandler] INFO  pipeline.SCMPipelineManager (SCMPipelineManager.java:finalizeAndDestroyPipeline(315)) - destroying pipeline:Pipeline[ Id: 55028169-3584-4748-a1dc-e99c5bdd80cf, Nodes: 78a2ca6d-ab27-408c-be71-e2595a145569{ip: 192.168.34.21, host: pr-hdds-1643-9kfsj-1164326334, networkLocation: /default-rack, certSerialId: null}47e59444-ad4b-4d8b-b6f4-160f3329f764{ip: 192.168.34.21, host: pr-hdds-1643-9kfsj-1164326334, networkLocation: /default-rack, certSerialId: null}4b4c7497-a7ec-4f2a-a6c9-18b9f4a92a5f{ip: 192.168.34.21, host: pr-hdds-1643-9kfsj-1164326334, networkLocation: /default-rack, certSerialId: null}, Type:RATIS, Factor:THREE, State:OPEN]
2019-10-30 06:07:13,593 [EventQueue-StaleNodeForStaleNodeHandler] INFO  pipeline.PipelineStateManager (PipelineStateManager.java:finalizePipeline(123)) - Pipeline Pipeline[ Id: 55028169-3584-4748-a1dc-e99c5bdd80cf, Nodes: 78a2ca6d-ab27-408c-be71-e2595a145569{ip: 192.168.34.21, host: pr-hdds-1643-9kfsj-1164326334, networkLocation: /default-rack, certSerialId: null}47e59444-ad4b-4d8b-b6f4-160f3329f764{ip: 192.168.34.21, host: pr-hdds-1643-9kfsj-1164326334, networkLocation: /default-rack, certSerialId: null}4b4c7497-a7ec-4f2a-a6c9-18b9f4a92a5f{ip: 192.168.34.21, host: pr-hdds-1643-9kfsj-1164326334, networkLocation: /default-rack, certSerialId: null}, Type:RATIS, Factor:THREE, State:CLOSED] moved to CLOSED state
2019-10-30 06:07:13,594 [EventQueue-CloseContainerForCloseContainerEventHandler] INFO  container.CloseContainerEventHandler (CloseContainerEventHandler.java:onMessage(61)) - Close container Event triggered for container : #1
2019-10-30 06:07:13,595 [EventQueue-StaleNodeForStaleNodeHandler] INFO  pipeline.SCMPipelineManager (SCMPipelineManager.java:finalizeAndDestroyPipeline(315)) - destroying pipeline:Pipeline[ Id: 3add86ff-45bf-4d07-b605-22ea9ee3b83c, Nodes: 4b4c7497-a7ec-4f2a-a6c9-18b9f4a92a5f{ip: 192.168.34.21, host: pr-hdds-1643-9kfsj-1164326334, networkLocation: /default-rack, certSerialId: null}, Type:RATIS, Factor:ONE, State:OPEN]
2019-10-30 06:07:13,596 [EventQueue-StaleNodeForStaleNodeHandler] INFO  pipeline.PipelineStateManager (PipelineStateManager.java:finalizePipeline(123)) - Pipeline Pipeline[ Id: 3add86ff-45bf-4d07-b605-22ea9ee3b83c, Nodes: 4b4c7497-a7ec-4f2a-a6c9-18b9f4a92a5f{ip: 192.168.34.21, host: pr-hdds-1643-9kfsj-1164326334, networkLocation: /default-rack, certSerialId: null}, Type:RATIS, Factor:ONE, State:CLOSED] moved to CLOSED state
2019-10-30 06:07:13,611 [EventQueue-ContainerReportForContainerReportHandler] INFO  container.ContainerReportHandler (AbstractContainerReportHandler.java:updateContainerState(178)) - Moving container #1 to CLOSED state, datanode 78a2ca6d-ab27-408c-be71-e2595a145569{ip: 192.168.34.21, host: pr-hdds-1643-9kfsj-1164326334, networkLocation: /default-rack, certSerialId: null} reported CLOSED replica.
2019-10-30 06:07:13,983 [SCMBlockDeletingService#0] INFO  block.SCMBlockDeletingService (SCMBlockDeletingService.java:call(184)) - Totally added 3 delete blocks command for 3 datanodes, task elapsed time: 6ms
2019-10-30 06:07:14,191 [EventQueue-PendingDeleteStatusForPendingDeleteHandler] INFO  block.SCMBlockDeletingService (SCMBlockDeletingService.java:handlePendingDeletes(115)) - Block deletion txnID mismatch in datanode 47e59444-ad4b-4d8b-b6f4-160f3329f764 for containerID 1. Datanode delete txnID: 0, SCM txnID: 1
2019-10-30 06:07:14,213 [Command processor thread] INFO  commandhandler.DeleteBlocksCommandHandler (DeleteBlocksCommandHandler.java:handle(106)) - Start to delete container blocks, TXIDs=[1(0)], numOfContainers=1, numOfBlocks=1
2019-10-30 06:07:14,289 [Command processor thread] INFO  commandhandler.DeleteBlocksCommandHandler (DeleteBlocksCommandHandler.java:handle(106)) - Start to delete container blocks, TXIDs=[1(0)], numOfContainers=1, numOfBlocks=1
2019-10-30 06:07:14,404 [java.util.concurrent.ThreadPoolExecutor$Worker@2357ca47[State = -1, empty queue]] WARN  server.GrpcLogAppender (GrpcLogAppender.java:timeoutAppendRequest(209)) - 47e59444-ad4b-4d8b-b6f4-160f3329f764@group-E99C5BDD80CF->4b4c7497-a7ec-4f2a-a6c9-18b9f4a92a5f-GrpcLogAppender: appendEntries Timeout, request=47e59444-ad4b-4d8b-b6f4-160f3329f764->4b4c7497-a7ec-4f2a-a6c9-18b9f4a92a5f#50-t3, previous=(t:3, i:10), leaderCommit=10, initializing? false, entries: <empty>
2019-10-30 06:07:14,430 [BlockDeletingService#2] WARN  background.BlockDeletingService (BlockDeletingService.java:isDeletionAllowed(187)) - Close Container log Index 6 is not replicated across allthe servers in the pipeline 55028169-3584-4748-a1dc-e99c5bdd80cf as the min replicated index is 4. Deletion is not allowed in this container yet.
2019-10-30 06:07:14,430 [BlockDeletingService#2] WARN  background.BlockDeletingService (BlockDeletingService.java:isDeletionAllowed(187)) - Close Container log Index 6 is not replicated across allthe servers in the pipeline 55028169-3584-4748-a1dc-e99c5bdd80cf as the min replicated index is 4. Deletion is not allowed in this container yet.
2019-10-30 06:07:14,455 [main] INFO  impl.MetricsSystemImpl (MetricsSystemImpl.java:init(158)) - HddsDatanode metrics system started (again)
2019-10-30 06:07:14,494 [main] INFO  ozone.HddsDatanodeService (HddsDatanodeService.java:start(184)) - HddsDatanodeService host:pr-hdds-1643-9kfsj-1164326334 ip:192.168.34.21
2019-10-30 06:07:14,497 [main] INFO  volume.VolumeUsage (VolumeUsage.java:loadScmUsed(144)) - Cached ScmUsed found for /workdir/hadoop-ozone/integration-test/target/test-dir/MiniOzoneClusterImpl-9b19e524-011a-4190-a309-f47c35af0e4e/datanode-1/data/containers : 4096 
2019-10-30 06:07:14,498 [main] INFO  volume.HddsVolume (HddsVolume.java:<init>(176)) - Creating Volume: /workdir/hadoop-ozone/integration-test/target/test-dir/MiniOzoneClusterImpl-9b19e524-011a-4190-a309-f47c35af0e4e/datanode-1/data/containers/hdds of  storage type : DISK and capacity : 1482555576320
2019-10-30 06:07:14,498 [main] INFO  volume.VolumeSet (VolumeSet.java:initializeVolumeSet(170)) - Added Volume : /workdir/hadoop-ozone/integration-test/target/test-dir/MiniOzoneClusterImpl-9b19e524-011a-4190-a309-f47c35af0e4e/datanode-1/data/containers/hdds to VolumeSet
2019-10-30 06:07:14,498 [main] INFO  volume.ThrottledAsyncChecker (ThrottledAsyncChecker.java:schedule(141)) - Scheduling a check for /workdir/hadoop-ozone/integration-test/target/test-dir/MiniOzoneClusterImpl-9b19e524-011a-4190-a309-f47c35af0e4e/datanode-1/data/containers/hdds
2019-10-30 06:07:14,499 [main] INFO  volume.HddsVolumeChecker (HddsVolumeChecker.java:checkAllVolumes(204)) - Scheduled health check for volume /workdir/hadoop-ozone/integration-test/target/test-dir/MiniOzoneClusterImpl-9b19e524-011a-4190-a309-f47c35af0e4e/datanode-1/data/containers/hdds
2019-10-30 06:07:14,541 [main] INFO  impl.RaftServerProxy (ConfUtils.java:logGet(43)) - raft.rpc.type = GRPC (default)
2019-10-30 06:07:14,542 [main] INFO  grpc.GrpcFactory (GrpcFactory.java:checkPooledByteBufAllocatorUseCacheForAllThreads(45)) - PERFORMANCE WARNING: useCacheForAllThreads is true that may cause Netty to create a lot garbage objects and, as a result, trigger GC.
	It is recommended to disable useCacheForAllThreads by setting -Dorg.apache.ratis.thirdparty.io.netty.allocator.useCacheForAllThreads=false in command line.
2019-10-30 06:07:14,542 [main] INFO  grpc.GrpcConfigKeys$Server (ConfUtils.java:logGet(43)) - raft.grpc.server.port = 41258 (custom)
2019-10-30 06:07:14,542 [main] INFO  server.GrpcService (ConfUtils.java:logGet(43)) - raft.grpc.message.size.max = 33570816 (custom)
2019-10-30 06:07:14,543 [main] INFO  server.RaftServerConfigKeys (ConfUtils.java:logGet(43)) - raft.server.log.appender.buffer.byte-limit = 33554432 (custom)
2019-10-30 06:07:14,543 [main] INFO  server.GrpcService (ConfUtils.java:logGet(43)) - raft.grpc.flow.control.window = 1MB (=1048576) (default)
2019-10-30 06:07:14,543 [main] INFO  server.RaftServerConfigKeys (ConfUtils.java:logGet(43)) - raft.server.rpc.request.timeout = 3000ms (default)
2019-10-30 06:07:14,544 [main] INFO  server.RaftServerConfigKeys (ConfUtils.java:logGet(43)) - raft.server.storage.dir = [/workdir/hadoop-ozone/integration-test/target/test-dir/MiniOzoneClusterImpl-9b19e524-011a-4190-a309-f47c35af0e4e/datanode-1/data/ratis] (custom)
2019-10-30 06:07:14,544 [main] INFO  impl.RaftServerProxy (RaftServerProxy.java:lambda$null$0(191)) - 4b4c7497-a7ec-4f2a-a6c9-18b9f4a92a5f: found a subdirectory /workdir/hadoop-ozone/integration-test/target/test-dir/MiniOzoneClusterImpl-9b19e524-011a-4190-a309-f47c35af0e4e/datanode-1/data/ratis/55028169-3584-4748-a1dc-e99c5bdd80cf
2019-10-30 06:07:14,545 [main] INFO  impl.RaftServerProxy (RaftServerProxy.java:addNew(89)) - 4b4c7497-a7ec-4f2a-a6c9-18b9f4a92a5f: addNew group-E99C5BDD80CF:[] returns group-E99C5BDD80CF:java.util.concurrent.CompletableFuture@2b5c4f17[Not completed]
2019-10-30 06:07:14,546 [main] INFO  impl.RaftServerProxy (RaftServerProxy.java:lambda$null$0(191)) - 4b4c7497-a7ec-4f2a-a6c9-18b9f4a92a5f: found a subdirectory /workdir/hadoop-ozone/integration-test/target/test-dir/MiniOzoneClusterImpl-9b19e524-011a-4190-a309-f47c35af0e4e/datanode-1/data/ratis/3add86ff-45bf-4d07-b605-22ea9ee3b83c
2019-10-30 06:07:14,546 [main] INFO  impl.RaftServerProxy (RaftServerProxy.java:addNew(89)) - 4b4c7497-a7ec-4f2a-a6c9-18b9f4a92a5f: addNew group-22EA9EE3B83C:[] returns group-22EA9EE3B83C:java.util.concurrent.CompletableFuture@6ca8fcf3[Not completed]
2019-10-30 06:07:14,548 [pool-59-thread-1] INFO  impl.RaftServerImpl (RaftServerImpl.java:<init>(104)) - 4b4c7497-a7ec-4f2a-a6c9-18b9f4a92a5f: new RaftServerImpl for group-E99C5BDD80CF:[] with ContainerStateMachine:uninitialized
2019-10-30 06:07:14,549 [pool-59-thread-1] INFO  server.RaftServerConfigKeys (ConfUtils.java:logGet(43)) - raft.server.rpc.timeout.min = 5s (custom)
2019-10-30 06:07:14,549 [pool-59-thread-1] INFO  server.RaftServerConfigKeys (ConfUtils.java:logGet(43)) - raft.server.rpc.timeout.max = 5200ms (custom)
2019-10-30 06:07:14,549 [pool-59-thread-1] INFO  server.RaftServerConfigKeys (ConfUtils.java:logGet(43)) - raft.server.rpcslowness.timeout = 1000s (custom)
2019-10-30 06:07:14,549 [pool-59-thread-1] INFO  server.RaftServerConfigKeys (ConfUtils.java:logGet(43)) - raft.server.sleep.deviation.threshold = 300 (default)
2019-10-30 06:07:14,549 [pool-59-thread-1] INFO  server.RaftServerConfigKeys (ConfUtils.java:logGet(43)) - raft.server.log.appender.install.snapshot.enabled = false (custom)
2019-10-30 06:07:14,549 [pool-59-thread-1] INFO  impl.RaftServerImpl (ServerState.java:<init>(103)) - 4b4c7497-a7ec-4f2a-a6c9-18b9f4a92a5f@group-E99C5BDD80CF: ConfigurationManager, init=-1: [], old=null, confs=<EMPTY_MAP>
2019-10-30 06:07:14,549 [pool-59-thread-1] INFO  server.RaftServerConfigKeys (ConfUtils.java:logGet(43)) - raft.server.storage.dir = [/workdir/hadoop-ozone/integration-test/target/test-dir/MiniOzoneClusterImpl-9b19e524-011a-4190-a309-f47c35af0e4e/datanode-1/data/ratis] (custom)
2019-10-30 06:07:14,550 [pool-59-thread-1] INFO  server.RaftServerConfigKeys (ConfUtils.java:logGet(43)) - raft.server.log.corruption.policy = EXCEPTION (default)
2019-10-30 06:07:14,550 [main] INFO  hdfs.DFSUtil (DFSUtil.java:httpServerTemplateForNNAndJN(1641)) - Starting Web-server for hddsDatanode at: http://0.0.0.0:36368
2019-10-30 06:07:14,552 [main] INFO  server.AuthenticationFilter (AuthenticationFilter.java:constructSecretProvider(240)) - Unable to initialize FileSignerSecretProvider, falling back to use random secrets.
2019-10-30 06:07:14,553 [main] WARN  http.HttpRequestLog (HttpRequestLog.java:getRequestLog(97)) - Jetty request log can only be enabled using Log4j
2019-10-30 06:07:14,554 [main] INFO  http.HttpServer2 (HttpServer2.java:addGlobalFilter(975)) - Added global filter 'safety' (class=org.apache.hadoop.http.HttpServer2$QuotingInputFilter)
2019-10-30 06:07:14,555 [main] INFO  http.HttpServer2 (HttpServer2.java:addFilter(948)) - Added filter static_user_filter (class=org.apache.hadoop.http.lib.StaticUserWebFilter$StaticUserFilter) to context hddsDatanode
2019-10-30 06:07:14,555 [main] INFO  http.HttpServer2 (HttpServer2.java:addFilter(958)) - Added filter static_user_filter (class=org.apache.hadoop.http.lib.StaticUserWebFilter$StaticUserFilter) to context static
2019-10-30 06:07:14,555 [main] INFO  http.HttpServer2 (HttpServer2.java:addFilter(958)) - Added filter static_user_filter (class=org.apache.hadoop.http.lib.StaticUserWebFilter$StaticUserFilter) to context logs
2019-10-30 06:07:14,556 [main] INFO  http.HttpServer2 (HttpServer2.java:bindListener(1191)) - Jetty bound to port 36368
2019-10-30 06:07:14,556 [main] INFO  server.Server (Server.java:doStart(351)) - jetty-9.3.25.v20180904, build timestamp: 2018-09-04T21:11:46Z, git hash: 3ce520221d0240229c862b122d2b06c12a625732
2019-10-30 06:07:14,558 [main] INFO  handler.ContextHandler (ContextHandler.java:doStart(781)) - Started o.e.j.s.ServletContextHandler@177c41d7{/logs,file:///workdir/hadoop-ozone/integration-test/target/log,AVAILABLE}
2019-10-30 06:07:14,558 [main] INFO  handler.ContextHandler (ContextHandler.java:doStart(781)) - Started o.e.j.s.ServletContextHandler@1d61a348{/static,jar:file:/home/user/.m2/repository/org/apache/hadoop/hadoop-hdds-container-service/0.5.0-SNAPSHOT/hadoop-hdds-container-service-0.5.0-SNAPSHOT.jar!/webapps/static,AVAILABLE}
2019-10-30 06:07:14,563 [pool-59-thread-1] INFO  storage.RaftStorageDirectory (RaftStorageDirectory.java:tryLock(328)) - Lock on /workdir/hadoop-ozone/integration-test/target/test-dir/MiniOzoneClusterImpl-9b19e524-011a-4190-a309-f47c35af0e4e/datanode-1/data/ratis/55028169-3584-4748-a1dc-e99c5bdd80cf/in_use.lock acquired by nodename 5186@pr-hdds-1643-9kfsj-1164326334
2019-10-30 06:07:14,565 [pool-59-thread-1] INFO  ratis.ContainerStateMachine (ContainerStateMachine.java:loadSnapshot(240)) - group-E99C5BDD80CF: Setting the last applied index to (t:3, i:3)
2019-10-30 06:07:14,570 [pool-59-thread-1] INFO  impl.RaftServerImpl (ServerState.java:setRaftConf(357)) - 4b4c7497-a7ec-4f2a-a6c9-18b9f4a92a5f@group-E99C5BDD80CF: set configuration 0: [78a2ca6d-ab27-408c-be71-e2595a145569:192.168.34.21:37717, 4b4c7497-a7ec-4f2a-a6c9-18b9f4a92a5f:192.168.34.21:41258, 47e59444-ad4b-4d8b-b6f4-160f3329f764:192.168.34.21:39722], old=null at 0
2019-10-30 06:07:14,570 [pool-59-thread-1] INFO  server.RaftServerConfigKeys (ConfUtils.java:logGet(43)) - raft.server.notification.no-leader.timeout = 1000s (custom)
2019-10-30 06:07:14,570 [pool-59-thread-1] INFO  server.RaftServerConfigKeys (ConfUtils.java:logGet(43)) - raft.server.log.use.memory = false (default)
2019-10-30 06:07:14,570 [pool-59-thread-1] INFO  server.RaftServerConfigKeys (ConfUtils.java:logGet(43)) - raft.server.log.purge.gap = 1000000 (custom)
2019-10-30 06:07:14,570 [pool-59-thread-1] INFO  server.RaftServerConfigKeys (ConfUtils.java:logGet(43)) - raft.server.log.appender.buffer.byte-limit = 33554432 (custom)
2019-10-30 06:07:14,571 [pool-59-thread-1] INFO  server.RaftServerConfigKeys (ConfUtils.java:logGet(43)) - raft.server.log.segment.size.max = 1048576 (custom)
2019-10-30 06:07:14,571 [pool-59-thread-1] INFO  server.RaftServerConfigKeys (ConfUtils.java:logGet(43)) - raft.server.log.segment.cache.num.max = 2 (custom)
2019-10-30 06:07:14,571 [pool-59-thread-1] INFO  segmented.SegmentedRaftLogWorker (SegmentedRaftLogWorker.java:<init>(173)) - new 4b4c7497-a7ec-4f2a-a6c9-18b9f4a92a5f@group-E99C5BDD80CF-SegmentedRaftLogWorker for RaftStorage:Storage Directory /workdir/hadoop-ozone/integration-test/target/test-dir/MiniOzoneClusterImpl-9b19e524-011a-4190-a309-f47c35af0e4e/datanode-1/data/ratis/55028169-3584-4748-a1dc-e99c5bdd80cf
2019-10-30 06:07:14,571 [pool-59-thread-1] INFO  server.RaftServerConfigKeys (ConfUtils.java:logGet(43)) - raft.server.log.queue.byte-limit = 2147483647 (custom)
2019-10-30 06:07:14,571 [pool-59-thread-1] INFO  server.RaftServerConfigKeys (ConfUtils.java:logGet(43)) - raft.server.log.queue.element-limit = 1024 (custom)
2019-10-30 06:07:14,571 [pool-59-thread-1] INFO  server.RaftServerConfigKeys (ConfUtils.java:logGet(43)) - raft.server.log.segment.size.max = 1048576 (custom)
2019-10-30 06:07:14,571 [pool-59-thread-1] INFO  server.RaftServerConfigKeys (ConfUtils.java:logGet(43)) - raft.server.log.preallocated.size = 16384 (custom)
2019-10-30 06:07:14,571 [pool-59-thread-1] INFO  server.RaftServerConfigKeys (ConfUtils.java:logGet(43)) - raft.server.log.write.buffer.size = 33554432 (custom)
2019-10-30 06:07:14,571 [pool-59-thread-1] INFO  server.RaftServerConfigKeys (ConfUtils.java:logGet(43)) - raft.server.log.force.sync.num = 128 (default)
2019-10-30 06:07:14,571 [pool-59-thread-1] INFO  server.RaftServerConfigKeys (ConfUtils.java:logGet(43)) - raft.server.log.statemachine.data.sync = true (default)
2019-10-30 06:07:14,572 [pool-59-thread-1] INFO  server.RaftServerConfigKeys (ConfUtils.java:logGet(43)) - raft.server.log.statemachine.data.sync.timeout = 10s (default)
2019-10-30 06:07:14,572 [pool-59-thread-1] INFO  server.RaftServerConfigKeys (ConfUtils.java:logGet(43)) - raft.server.log.statemachine.data.sync.timeout.retry = -1 (default)
2019-10-30 06:07:14,572 [pool-59-thread-1] INFO  server.RaftServerConfigKeys (ConfUtils.java:logGet(43)) - raft.server.log.statemachine.data.caching.enabled = true (custom)
2019-10-30 06:07:14,577 [pool-59-thread-1] INFO  impl.RaftServerImpl (ServerState.java:setRaftConf(357)) - 4b4c7497-a7ec-4f2a-a6c9-18b9f4a92a5f@group-E99C5BDD80CF: set configuration 0: [78a2ca6d-ab27-408c-be71-e2595a145569:192.168.34.21:37717, 4b4c7497-a7ec-4f2a-a6c9-18b9f4a92a5f:192.168.34.21:41258, 47e59444-ad4b-4d8b-b6f4-160f3329f764:192.168.34.21:39722], old=null at 0
2019-10-30 06:07:14,578 [pool-59-thread-1] INFO  segmented.LogSegment (LogSegment.java:loadSegment(140)) - Successfully read 5 entries from segment file /workdir/hadoop-ozone/integration-test/target/test-dir/MiniOzoneClusterImpl-9b19e524-011a-4190-a309-f47c35af0e4e/datanode-1/data/ratis/55028169-3584-4748-a1dc-e99c5bdd80cf/current/log_inprogress_0
2019-10-30 06:07:14,578 [pool-59-thread-1] INFO  segmented.SegmentedRaftLogWorker (SegmentedRaftLogWorker.java:lambda$new$0(128)) - 4b4c7497-a7ec-4f2a-a6c9-18b9f4a92a5f@group-E99C5BDD80CF-SegmentedRaftLogWorker: flushIndex: setUnconditionally 0 -> 4
2019-10-30 06:07:14,588 [main] INFO  handler.ContextHandler (ContextHandler.java:doStart(781)) - Started o.e.j.w.WebAppContext@79518e00{/,file:///tmp/jetty-0.0.0.0-36368-hddsDatanode-_-any-1334157387009799886.dir/webapp/,AVAILABLE}{/hddsDatanode}
2019-10-30 06:07:14,603 [main] INFO  server.AbstractConnector (AbstractConnector.java:doStart(278)) - Started ServerConnector@3c91530d{HTTP/1.1,[http/1.1]}{0.0.0.0:36368}
2019-10-30 06:07:14,603 [pool-59-thread-1] INFO  raftlog.RaftLog (RaftLog.java:lambda$new$0(61)) - 4b4c7497-a7ec-4f2a-a6c9-18b9f4a92a5f@group-E99C5BDD80CF-SegmentedRaftLog: commitIndex: updateToMax old=3, new=3, updated? false
2019-10-30 06:07:14,603 [main] INFO  server.Server (Server.java:doStart(419)) - Started @112404ms
2019-10-30 06:07:14,603 [main] WARN  impl.MetricsSystemImpl (MetricsSystemImpl.java:register(276)) - Sink prometheus already exists!
2019-10-30 06:07:14,604 [pool-59-thread-1] INFO  server.RaftServerConfigKeys (ConfUtils.java:logGet(43)) - raft.server.snapshot.auto.trigger.enabled = true (custom)
2019-10-30 06:07:14,604 [pool-59-thread-1] INFO  server.RaftServerConfigKeys (ConfUtils.java:logGet(43)) - raft.server.snapshot.auto.trigger.threshold = 10000 (custom)
2019-10-30 06:07:14,604 [pool-59-thread-1] INFO  server.RaftServerConfigKeys (ConfUtils.java:logGet(43)) - raft.server.snapshot.retention.file.num = 5 (custom)
2019-10-30 06:07:14,604 [pool-59-thread-1] INFO  server.RaftServerConfigKeys (ConfUtils.java:logGet(43)) - raft.server.retrycache.expirytime = 600000ms (custom)
2019-10-30 06:07:14,605 [main] INFO  server.BaseHttpServer (BaseHttpServer.java:updateConnectorAddress(215)) - HTTP server of HDDSDATANODE is listening at http://0.0.0.0:36368
2019-10-30 06:07:14,605 [pool-59-thread-1] INFO  impl.RaftServerImpl (RaftServerImpl.java:<init>(104)) - 4b4c7497-a7ec-4f2a-a6c9-18b9f4a92a5f: new RaftServerImpl for group-22EA9EE3B83C:[] with ContainerStateMachine:uninitialized
2019-10-30 06:07:14,606 [pool-59-thread-1] INFO  server.RaftServerConfigKeys (ConfUtils.java:logGet(43)) - raft.server.rpc.timeout.min = 5s (custom)
2019-10-30 06:07:14,606 [pool-59-thread-1] INFO  server.RaftServerConfigKeys (ConfUtils.java:logGet(43)) - raft.server.rpc.timeout.max = 5200ms (custom)
2019-10-30 06:07:14,606 [pool-59-thread-1] INFO  server.RaftServerConfigKeys (ConfUtils.java:logGet(43)) - raft.server.rpcslowness.timeout = 1000s (custom)
2019-10-30 06:07:14,606 [pool-59-thread-1] INFO  server.RaftServerConfigKeys (ConfUtils.java:logGet(43)) - raft.server.sleep.deviation.threshold = 300 (default)
2019-10-30 06:07:14,606 [pool-59-thread-1] INFO  server.RaftServerConfigKeys (ConfUtils.java:logGet(43)) - raft.server.log.appender.install.snapshot.enabled = false (custom)
2019-10-30 06:07:14,606 [pool-59-thread-1] INFO  impl.RaftServerImpl (ServerState.java:<init>(103)) - 4b4c7497-a7ec-4f2a-a6c9-18b9f4a92a5f@group-22EA9EE3B83C: ConfigurationManager, init=-1: [], old=null, confs=<EMPTY_MAP>
2019-10-30 06:07:14,606 [pool-59-thread-1] INFO  server.RaftServerConfigKeys (ConfUtils.java:logGet(43)) - raft.server.storage.dir = [/workdir/hadoop-ozone/integration-test/target/test-dir/MiniOzoneClusterImpl-9b19e524-011a-4190-a309-f47c35af0e4e/datanode-1/data/ratis] (custom)
2019-10-30 06:07:14,606 [org.apache.hadoop.util.JvmPauseMonitor$Monitor@11d30fb5] INFO  util.JvmPauseMonitor (JvmPauseMonitor.java:run(188)) - Starting JVM pause monitor
2019-10-30 06:07:14,606 [pool-59-thread-1] INFO  server.RaftServerConfigKeys (ConfUtils.java:logGet(43)) - raft.server.log.corruption.policy = EXCEPTION (default)
2019-10-30 06:07:14,619 [pool-59-thread-1] INFO  storage.RaftStorageDirectory (RaftStorageDirectory.java:tryLock(328)) - Lock on /workdir/hadoop-ozone/integration-test/target/test-dir/MiniOzoneClusterImpl-9b19e524-011a-4190-a309-f47c35af0e4e/datanode-1/data/ratis/3add86ff-45bf-4d07-b605-22ea9ee3b83c/in_use.lock acquired by nodename 5186@pr-hdds-1643-9kfsj-1164326334
2019-10-30 06:07:14,619 [pool-59-thread-1] INFO  ratis.ContainerStateMachine (ContainerStateMachine.java:loadSnapshot(231)) - group-22EA9EE3B83C: The snapshot info is null. Setting the last applied indexto:(t:0, i:~)
2019-10-30 06:07:14,619 [pool-59-thread-1] INFO  server.RaftServerConfigKeys (ConfUtils.java:logGet(43)) - raft.server.notification.no-leader.timeout = 1000s (custom)
2019-10-30 06:07:14,620 [pool-59-thread-1] INFO  server.RaftServerConfigKeys (ConfUtils.java:logGet(43)) - raft.server.log.use.memory = false (default)
2019-10-30 06:07:14,620 [pool-59-thread-1] INFO  server.RaftServerConfigKeys (ConfUtils.java:logGet(43)) - raft.server.log.purge.gap = 1000000 (custom)
2019-10-30 06:07:14,620 [pool-59-thread-1] INFO  server.RaftServerConfigKeys (ConfUtils.java:logGet(43)) - raft.server.log.appender.buffer.byte-limit = 33554432 (custom)
2019-10-30 06:07:14,620 [pool-59-thread-1] INFO  server.RaftServerConfigKeys (ConfUtils.java:logGet(43)) - raft.server.log.segment.size.max = 1048576 (custom)
2019-10-30 06:07:14,620 [pool-59-thread-1] INFO  server.RaftServerConfigKeys (ConfUtils.java:logGet(43)) - raft.server.log.segment.cache.num.max = 2 (custom)
2019-10-30 06:07:14,620 [pool-59-thread-1] INFO  segmented.SegmentedRaftLogWorker (SegmentedRaftLogWorker.java:<init>(173)) - new 4b4c7497-a7ec-4f2a-a6c9-18b9f4a92a5f@group-22EA9EE3B83C-SegmentedRaftLogWorker for RaftStorage:Storage Directory /workdir/hadoop-ozone/integration-test/target/test-dir/MiniOzoneClusterImpl-9b19e524-011a-4190-a309-f47c35af0e4e/datanode-1/data/ratis/3add86ff-45bf-4d07-b605-22ea9ee3b83c
2019-10-30 06:07:14,620 [pool-59-thread-1] INFO  server.RaftServerConfigKeys (ConfUtils.java:logGet(43)) - raft.server.log.queue.byte-limit = 2147483647 (custom)
2019-10-30 06:07:14,620 [pool-59-thread-1] INFO  server.RaftServerConfigKeys (ConfUtils.java:logGet(43)) - raft.server.log.queue.element-limit = 1024 (custom)
2019-10-30 06:07:14,620 [pool-59-thread-1] INFO  server.RaftServerConfigKeys (ConfUtils.java:logGet(43)) - raft.server.log.segment.size.max = 1048576 (custom)
2019-10-30 06:07:14,620 [pool-59-thread-1] INFO  server.RaftServerConfigKeys (ConfUtils.java:logGet(43)) - raft.server.log.preallocated.size = 16384 (custom)
2019-10-30 06:07:14,621 [pool-59-thread-1] INFO  server.RaftServerConfigKeys (ConfUtils.java:logGet(43)) - raft.server.log.write.buffer.size = 33554432 (custom)
2019-10-30 06:07:14,621 [pool-59-thread-1] INFO  server.RaftServerConfigKeys (ConfUtils.java:logGet(43)) - raft.server.log.force.sync.num = 128 (default)
2019-10-30 06:07:14,621 [pool-59-thread-1] INFO  server.RaftServerConfigKeys (ConfUtils.java:logGet(43)) - raft.server.log.statemachine.data.sync = true (default)
2019-10-30 06:07:14,621 [pool-59-thread-1] INFO  server.RaftServerConfigKeys (ConfUtils.java:logGet(43)) - raft.server.log.statemachine.data.sync.timeout = 10s (default)
2019-10-30 06:07:14,621 [pool-59-thread-1] INFO  server.RaftServerConfigKeys (ConfUtils.java:logGet(43)) - raft.server.log.statemachine.data.sync.timeout.retry = -1 (default)
2019-10-30 06:07:14,621 [pool-59-thread-1] INFO  server.RaftServerConfigKeys (ConfUtils.java:logGet(43)) - raft.server.log.statemachine.data.caching.enabled = true (custom)
2019-10-30 06:07:14,622 [pool-59-thread-1] INFO  impl.RaftServerImpl (ServerState.java:setRaftConf(357)) - 4b4c7497-a7ec-4f2a-a6c9-18b9f4a92a5f@group-22EA9EE3B83C: set configuration 0: [4b4c7497-a7ec-4f2a-a6c9-18b9f4a92a5f:192.168.34.21:41258], old=null at 0
2019-10-30 06:07:14,622 [pool-59-thread-1] INFO  segmented.LogSegment (LogSegment.java:loadSegment(140)) - Successfully read 1 entries from segment file /workdir/hadoop-ozone/integration-test/target/test-dir/MiniOzoneClusterImpl-9b19e524-011a-4190-a309-f47c35af0e4e/datanode-1/data/ratis/3add86ff-45bf-4d07-b605-22ea9ee3b83c/current/log_inprogress_0
2019-10-30 06:07:14,622 [pool-59-thread-1] INFO  segmented.SegmentedRaftLogWorker (SegmentedRaftLogWorker.java:lambda$new$0(128)) - 4b4c7497-a7ec-4f2a-a6c9-18b9f4a92a5f@group-22EA9EE3B83C-SegmentedRaftLogWorker: flushIndex: setUnconditionally 0 -> 0
2019-10-30 06:07:14,654 [pool-59-thread-1] INFO  server.RaftServerConfigKeys (ConfUtils.java:logGet(43)) - raft.server.snapshot.auto.trigger.enabled = true (custom)
2019-10-30 06:07:14,659 [pool-59-thread-1] INFO  server.RaftServerConfigKeys (ConfUtils.java:logGet(43)) - raft.server.snapshot.auto.trigger.threshold = 10000 (custom)
2019-10-30 06:07:14,659 [pool-59-thread-1] INFO  server.RaftServerConfigKeys (ConfUtils.java:logGet(43)) - raft.server.snapshot.retention.file.num = 5 (custom)
2019-10-30 06:07:14,659 [pool-59-thread-1] INFO  server.RaftServerConfigKeys (ConfUtils.java:logGet(43)) - raft.server.retrycache.expirytime = 600000ms (custom)
2019-10-30 06:07:14,984 [SCMBlockDeletingService#0] INFO  block.SCMBlockDeletingService (SCMBlockDeletingService.java:call(184)) - Totally added 1 delete blocks command for 1 datanodes, task elapsed time: 1ms
2019-10-30 06:07:14,986 [pool-7-thread-1] INFO  commands.RetriableDatanodeEventWatcher (RetriableDatanodeEventWatcher.java:onTimeout(47)) - RetriableDatanodeCommand type=deleteBlocksCommand with id=1572415633985 timed out. Retrying.
2019-10-30 06:07:15,431 [BlockDeletingService#2] WARN  background.BlockDeletingService (BlockDeletingService.java:isDeletionAllowed(187)) - Close Container log Index 6 is not replicated across allthe servers in the pipeline 55028169-3584-4748-a1dc-e99c5bdd80cf as the min replicated index is 4. Deletion is not allowed in this container yet.
2019-10-30 06:07:15,431 [BlockDeletingService#2] WARN  background.BlockDeletingService (BlockDeletingService.java:isDeletionAllowed(187)) - Close Container log Index 6 is not replicated across allthe servers in the pipeline 55028169-3584-4748-a1dc-e99c5bdd80cf as the min replicated index is 4. Deletion is not allowed in this container yet.
2019-10-30 06:07:15,985 [SCMBlockDeletingService#0] INFO  block.SCMBlockDeletingService (SCMBlockDeletingService.java:call(184)) - Totally added 1 delete blocks command for 1 datanodes, task elapsed time: 1ms
2019-10-30 06:07:15,985 [pool-7-thread-1] INFO  commands.RetriableDatanodeEventWatcher (RetriableDatanodeEventWatcher.java:onTimeout(47)) - RetriableDatanodeCommand type=deleteBlocksCommand with id=1572415633985 timed out. Retrying.
2019-10-30 06:07:15,986 [pool-7-thread-2] INFO  commands.RetriableDatanodeEventWatcher (RetriableDatanodeEventWatcher.java:onTimeout(47)) - RetriableDatanodeCommand type=deleteBlocksCommand with id=1572415633986 timed out. Retrying.
2019-10-30 06:07:16,090 [Thread-559] INFO  client.GrpcClientProtocolService (GrpcClientProtocolService.java:lambda$processClientRequest$0(278)) - Failed RaftClientRequest:client-B8CB26F2FF35->78a2ca6d-ab27-408c-be71-e2595a145569@group-E99C5BDD80CF, cid=10, seq=0, Watch-ALL_COMMITTED(6), Message:<EMPTY>, reply=RaftClientReply:client-B8CB26F2FF35->78a2ca6d-ab27-408c-be71-e2595a145569@group-E99C5BDD80CF, cid=10, FAILED org.apache.ratis.protocol.NotLeaderException: Server 78a2ca6d-ab27-408c-be71-e2595a145569@group-E99C5BDD80CF is not the leader 47e59444-ad4b-4d8b-b6f4-160f3329f764:192.168.34.21:39722, logIndex=0, commits[78a2ca6d-ab27-408c-be71-e2595a145569:c10, 4b4c7497-a7ec-4f2a-a6c9-18b9f4a92a5f:c4, 47e59444-ad4b-4d8b-b6f4-160f3329f764:c10]
2019-10-30 06:07:16,433 [BlockDeletingService#2] WARN  background.BlockDeletingService (BlockDeletingService.java:isDeletionAllowed(187)) - Close Container log Index 6 is not replicated across allthe servers in the pipeline 55028169-3584-4748-a1dc-e99c5bdd80cf as the min replicated index is 4. Deletion is not allowed in this container yet.
2019-10-30 06:07:16,433 [BlockDeletingService#2] WARN  background.BlockDeletingService (BlockDeletingService.java:isDeletionAllowed(187)) - Close Container log Index 6 is not replicated across allthe servers in the pipeline 55028169-3584-4748-a1dc-e99c5bdd80cf as the min replicated index is 4. Deletion is not allowed in this container yet.
2019-10-30 06:07:16,607 [Datanode State Machine Thread - 0] INFO  ozoneimpl.OzoneContainer (OzoneContainer.java:start(213)) - Attempting to start container services.
2019-10-30 06:07:16,608 [Datanode State Machine Thread - 0] INFO  ozoneimpl.OzoneContainer (OzoneContainer.java:startContainerScrub(177)) - Background container scanner has been disabled.
2019-10-30 06:07:16,608 [Datanode State Machine Thread - 0] INFO  ratis.XceiverServerRatis (XceiverServerRatis.java:start(418)) - Starting XceiverServerRatis 4b4c7497-a7ec-4f2a-a6c9-18b9f4a92a5f at port 41258
2019-10-30 06:07:16,614 [Datanode State Machine Thread - 0] INFO  impl.RaftServerImpl (RaftServerImpl.java:start(195)) - 4b4c7497-a7ec-4f2a-a6c9-18b9f4a92a5f@group-22EA9EE3B83C: start as a follower, conf=0: [4b4c7497-a7ec-4f2a-a6c9-18b9f4a92a5f:192.168.34.21:41258], old=null
2019-10-30 06:07:16,615 [ForkJoinPool.commonPool-worker-0] INFO  impl.RaftServerImpl (RaftServerImpl.java:start(195)) - 4b4c7497-a7ec-4f2a-a6c9-18b9f4a92a5f@group-E99C5BDD80CF: start as a follower, conf=0: [78a2ca6d-ab27-408c-be71-e2595a145569:192.168.34.21:37717, 4b4c7497-a7ec-4f2a-a6c9-18b9f4a92a5f:192.168.34.21:41258, 47e59444-ad4b-4d8b-b6f4-160f3329f764:192.168.34.21:39722], old=null
2019-10-30 06:07:16,615 [Datanode State Machine Thread - 0] INFO  impl.RaftServerImpl (RaftServerImpl.java:setRole(184)) - 4b4c7497-a7ec-4f2a-a6c9-18b9f4a92a5f@group-22EA9EE3B83C: changes role from      null to FOLLOWER at term 1 for startAsFollower
2019-10-30 06:07:16,615 [ForkJoinPool.commonPool-worker-0] INFO  impl.RaftServerImpl (RaftServerImpl.java:setRole(184)) - 4b4c7497-a7ec-4f2a-a6c9-18b9f4a92a5f@group-E99C5BDD80CF: changes role from      null to FOLLOWER at term 3 for startAsFollower
2019-10-30 06:07:16,615 [Datanode State Machine Thread - 0] INFO  impl.RoleInfo (RoleInfo.java:updateAndGet(143)) - 4b4c7497-a7ec-4f2a-a6c9-18b9f4a92a5f: start FollowerState
2019-10-30 06:07:16,615 [ForkJoinPool.commonPool-worker-0] INFO  impl.RoleInfo (RoleInfo.java:updateAndGet(143)) - 4b4c7497-a7ec-4f2a-a6c9-18b9f4a92a5f: start FollowerState
2019-10-30 06:07:16,615 [Datanode State Machine Thread - 0] INFO  util.JmxRegister (JmxRegister.java:tryRegister(44)) - Successfully registered JMX Bean with object name Ratis:service=RaftServer,group=group-22EA9EE3B83C,id=4b4c7497-a7ec-4f2a-a6c9-18b9f4a92a5f
2019-10-30 06:07:16,615 [ForkJoinPool.commonPool-worker-0] INFO  util.JmxRegister (JmxRegister.java:tryRegister(44)) - Successfully registered JMX Bean with object name Ratis:service=RaftServer,group=group-E99C5BDD80CF,id=4b4c7497-a7ec-4f2a-a6c9-18b9f4a92a5f
2019-10-30 06:07:16,617 [Datanode State Machine Thread - 0] INFO  impl.RaftServerProxy (RaftServerProxy.java:lambda$start$3(299)) - 4b4c7497-a7ec-4f2a-a6c9-18b9f4a92a5f: start RPC server
2019-10-30 06:07:16,618 [Datanode State Machine Thread - 0] INFO  server.GrpcService (GrpcService.java:startImpl(158)) - 4b4c7497-a7ec-4f2a-a6c9-18b9f4a92a5f: GrpcService started, listening on 0.0.0.0/0.0.0.0:41258
2019-10-30 06:07:16,762 [Thread-566] INFO  impl.FollowerState (FollowerState.java:run(108)) - 4b4c7497-a7ec-4f2a-a6c9-18b9f4a92a5f@group-E99C5BDD80CF-FollowerState: change to CANDIDATE, lastRpcTime:147ms, electionTimeout:147ms
2019-10-30 06:07:16,763 [Thread-566] INFO  impl.RoleInfo (RoleInfo.java:shutdownFollowerState(121)) - 4b4c7497-a7ec-4f2a-a6c9-18b9f4a92a5f: shutdown FollowerState
2019-10-30 06:07:16,763 [Thread-566] INFO  impl.RaftServerImpl (RaftServerImpl.java:setRole(184)) - 4b4c7497-a7ec-4f2a-a6c9-18b9f4a92a5f@group-E99C5BDD80CF: changes role from  FOLLOWER to CANDIDATE at term 3 for changeToCandidate
2019-10-30 06:07:16,763 [Thread-566] INFO  impl.RoleInfo (RoleInfo.java:updateAndGet(143)) - 4b4c7497-a7ec-4f2a-a6c9-18b9f4a92a5f: start LeaderElection
2019-10-30 06:07:16,779 [4b4c7497-a7ec-4f2a-a6c9-18b9f4a92a5f@group-E99C5BDD80CF-LeaderElection6] INFO  impl.LeaderElection (LeaderElection.java:askForVotes(178)) - 4b4c7497-a7ec-4f2a-a6c9-18b9f4a92a5f@group-E99C5BDD80CF-LeaderElection6: begin an election at term 4 for 0: [78a2ca6d-ab27-408c-be71-e2595a145569:192.168.34.21:37717, 4b4c7497-a7ec-4f2a-a6c9-18b9f4a92a5f:192.168.34.21:41258, 47e59444-ad4b-4d8b-b6f4-160f3329f764:192.168.34.21:39722], old=null
2019-10-30 06:07:16,783 [4b4c7497-a7ec-4f2a-a6c9-18b9f4a92a5f@group-E99C5BDD80CF-LeaderElection6] INFO  impl.LeaderElection (LeaderElection.java:logAndReturn(56)) - 4b4c7497-a7ec-4f2a-a6c9-18b9f4a92a5f@group-E99C5BDD80CF-LeaderElection6: Election TIMEOUT; received 0 response(s) [] and 0 exception(s); 4b4c7497-a7ec-4f2a-a6c9-18b9f4a92a5f@group-E99C5BDD80CF:t4, leader=null, voted=4b4c7497-a7ec-4f2a-a6c9-18b9f4a92a5f, raftlog=4b4c7497-a7ec-4f2a-a6c9-18b9f4a92a5f@group-E99C5BDD80CF-SegmentedRaftLog:OPENED:c3,f4,i4, conf=0: [78a2ca6d-ab27-408c-be71-e2595a145569:192.168.34.21:37717, 4b4c7497-a7ec-4f2a-a6c9-18b9f4a92a5f:192.168.34.21:41258, 47e59444-ad4b-4d8b-b6f4-160f3329f764:192.168.34.21:39722], old=null
2019-10-30 06:07:16,792 [grpc-default-executor-4] INFO  impl.RaftServerImpl (ServerState.java:setLeader(256)) - 78a2ca6d-ab27-408c-be71-e2595a145569@group-E99C5BDD80CF: change Leader from 47e59444-ad4b-4d8b-b6f4-160f3329f764 to null at term 4 for updateCurrentTerm
2019-10-30 06:07:16,792 [grpc-default-executor-3] INFO  impl.RaftServerImpl (ServerState.java:setLeader(256)) - 47e59444-ad4b-4d8b-b6f4-160f3329f764@group-E99C5BDD80CF: change Leader from 47e59444-ad4b-4d8b-b6f4-160f3329f764 to null at term 4 for updateCurrentTerm
2019-10-30 06:07:16,792 [grpc-default-executor-4] INFO  impl.RaftServerImpl (RaftServerImpl.java:setRole(184)) - 78a2ca6d-ab27-408c-be71-e2595a145569@group-E99C5BDD80CF: changes role from  FOLLOWER to FOLLOWER at term 4 for recognizeCandidate:4b4c7497-a7ec-4f2a-a6c9-18b9f4a92a5f
2019-10-30 06:07:16,793 [grpc-default-executor-3] INFO  impl.RaftServerImpl (RaftServerImpl.java:setRole(184)) - 47e59444-ad4b-4d8b-b6f4-160f3329f764@group-E99C5BDD80CF: changes role from    LEADER to FOLLOWER at term 4 for recognizeCandidate:4b4c7497-a7ec-4f2a-a6c9-18b9f4a92a5f
2019-10-30 06:07:16,793 [grpc-default-executor-4] INFO  impl.RoleInfo (RoleInfo.java:shutdownFollowerState(121)) - 78a2ca6d-ab27-408c-be71-e2595a145569: shutdown FollowerState
2019-10-30 06:07:16,793 [grpc-default-executor-3] INFO  impl.RoleInfo (RoleInfo.java:shutdownLeaderState(104)) - 47e59444-ad4b-4d8b-b6f4-160f3329f764: shutdown LeaderState
2019-10-30 06:07:16,793 [Thread-227] INFO  impl.FollowerState (FollowerState.java:run(117)) - 78a2ca6d-ab27-408c-be71-e2595a145569@group-E99C5BDD80CF-FollowerState was interrupted: java.lang.InterruptedException: sleep interrupted
2019-10-30 06:07:16,795 [grpc-default-executor-3] INFO  impl.PendingRequests (PendingRequests.java:sendNotLeaderResponses(202)) - 47e59444-ad4b-4d8b-b6f4-160f3329f764@group-E99C5BDD80CF-PendingRequests: sendNotLeaderResponses
2019-10-30 06:07:16,794 [org.apache.ratis.server.impl.LogAppender$AppenderDaemon$$Lambda$452/1948101510@25f856bc] WARN  server.GrpcLogAppender (GrpcLogAppender.java:mayWait(149)) - 47e59444-ad4b-4d8b-b6f4-160f3329f764@group-E99C5BDD80CF->78a2ca6d-ab27-408c-be71-e2595a145569-GrpcLogAppender: Wait interrupted by java.lang.InterruptedException
2019-10-30 06:07:16,795 [org.apache.ratis.server.impl.LogAppender$AppenderDaemon$$Lambda$452/1948101510@1417741f] WARN  server.GrpcLogAppender (GrpcLogAppender.java:mayWait(149)) - 47e59444-ad4b-4d8b-b6f4-160f3329f764@group-E99C5BDD80CF->4b4c7497-a7ec-4f2a-a6c9-18b9f4a92a5f-GrpcLogAppender: Wait interrupted by java.lang.InterruptedException
2019-10-30 06:07:16,793 [grpc-default-executor-4] INFO  impl.RoleInfo (RoleInfo.java:updateAndGet(143)) - 78a2ca6d-ab27-408c-be71-e2595a145569: start FollowerState
2019-10-30 06:07:16,796 [Thread-565] INFO  impl.FollowerState (FollowerState.java:run(108)) - 4b4c7497-a7ec-4f2a-a6c9-18b9f4a92a5f@group-22EA9EE3B83C-FollowerState: change to CANDIDATE, lastRpcTime:181ms, electionTimeout:181ms
2019-10-30 06:07:16,797 [Thread-565] INFO  impl.RoleInfo (RoleInfo.java:shutdownFollowerState(121)) - 4b4c7497-a7ec-4f2a-a6c9-18b9f4a92a5f: shutdown FollowerState
2019-10-30 06:07:16,797 [Thread-565] INFO  impl.RaftServerImpl (RaftServerImpl.java:setRole(184)) - 4b4c7497-a7ec-4f2a-a6c9-18b9f4a92a5f@group-22EA9EE3B83C: changes role from  FOLLOWER to CANDIDATE at term 1 for changeToCandidate
2019-10-30 06:07:16,797 [Thread-573] INFO  client.GrpcClientProtocolService (GrpcClientProtocolService.java:lambda$processClientRequest$0(278)) - Failed RaftClientRequest:client-B8CB26F2FF35->47e59444-ad4b-4d8b-b6f4-160f3329f764@group-E99C5BDD80CF, cid=10, seq=0, Watch-ALL_COMMITTED(6), Message:<EMPTY>, reply=RaftClientReply:client-B8CB26F2FF35->47e59444-ad4b-4d8b-b6f4-160f3329f764@group-E99C5BDD80CF, cid=10, FAILED org.apache.ratis.protocol.NotLeaderException: Server 47e59444-ad4b-4d8b-b6f4-160f3329f764@group-E99C5BDD80CF is not the leader, logIndex=0, commits[47e59444-ad4b-4d8b-b6f4-160f3329f764:c10, 78a2ca6d-ab27-408c-be71-e2595a145569:c10, 4b4c7497-a7ec-4f2a-a6c9-18b9f4a92a5f:c4]
2019-10-30 06:07:16,798 [grpc-default-executor-3] INFO  impl.RoleInfo (RoleInfo.java:updateAndGet(143)) - 47e59444-ad4b-4d8b-b6f4-160f3329f764: start FollowerState
2019-10-30 06:07:16,798 [grpc-default-executor-2] INFO  server.GrpcServerProtocolService (GrpcServerProtocolService.java:onCompleted(113)) - 78a2ca6d-ab27-408c-be71-e2595a145569: Completed APPEND_ENTRIES, lastRequest: 47e59444-ad4b-4d8b-b6f4-160f3329f764->78a2ca6d-ab27-408c-be71-e2595a145569#52-t3, previous=(t:3, i:10), leaderCommit=10, initializing? false, entries: <empty>
2019-10-30 06:07:16,798 [Thread-574] INFO  client.GrpcClientProtocolService (GrpcClientProtocolService.java:lambda$processClientRequest$0(278)) - Failed RaftClientRequest:client-B8CB26F2FF35->47e59444-ad4b-4d8b-b6f4-160f3329f764@group-E99C5BDD80CF, cid=10, seq=0, Watch-ALL_COMMITTED(6), Message:<EMPTY>, reply=RaftClientReply:client-B8CB26F2FF35->47e59444-ad4b-4d8b-b6f4-160f3329f764@group-E99C5BDD80CF, cid=10, FAILED org.apache.ratis.protocol.NotLeaderException: Server 47e59444-ad4b-4d8b-b6f4-160f3329f764@group-E99C5BDD80CF is not the leader, logIndex=0, commits[47e59444-ad4b-4d8b-b6f4-160f3329f764:c10, 78a2ca6d-ab27-408c-be71-e2595a145569:c10, 4b4c7497-a7ec-4f2a-a6c9-18b9f4a92a5f:c4]
2019-10-30 06:07:16,798 [Thread-565] INFO  impl.RoleInfo (RoleInfo.java:updateAndGet(143)) - 4b4c7497-a7ec-4f2a-a6c9-18b9f4a92a5f: start LeaderElection
2019-10-30 06:07:16,800 [4b4c7497-a7ec-4f2a-a6c9-18b9f4a92a5f@group-E99C5BDD80CF-LeaderElection6] INFO  impl.LeaderElection (LeaderElection.java:askForVotes(178)) - 4b4c7497-a7ec-4f2a-a6c9-18b9f4a92a5f@group-E99C5BDD80CF-LeaderElection6: begin an election at term 5 for 0: [78a2ca6d-ab27-408c-be71-e2595a145569:192.168.34.21:37717, 4b4c7497-a7ec-4f2a-a6c9-18b9f4a92a5f:192.168.34.21:41258, 47e59444-ad4b-4d8b-b6f4-160f3329f764:192.168.34.21:39722], old=null
2019-10-30 06:07:16,809 [grpc-default-executor-6] INFO  server.GrpcLogAppender (GrpcLogAppender.java:onCompleted(308)) - 47e59444-ad4b-4d8b-b6f4-160f3329f764@group-E99C5BDD80CF->78a2ca6d-ab27-408c-be71-e2595a145569-AppendLogResponseHandler: follower responses appendEntries COMPLETED
2019-10-30 06:07:16,816 [grpc-default-executor-6] INFO  impl.FollowerInfo (FollowerInfo.java:lambda$new$0(51)) - 47e59444-ad4b-4d8b-b6f4-160f3329f764@group-E99C5BDD80CF->78a2ca6d-ab27-408c-be71-e2595a145569: nextIndex: updateUnconditionally 11 -> 10
2019-10-30 06:07:16,824 [4b4c7497-a7ec-4f2a-a6c9-18b9f4a92a5f@group-E99C5BDD80CF-LeaderElection6] INFO  impl.LeaderElection (LeaderElection.java:logAndReturn(56)) - 4b4c7497-a7ec-4f2a-a6c9-18b9f4a92a5f@group-E99C5BDD80CF-LeaderElection6: Election TIMEOUT; received 0 response(s) [] and 0 exception(s); 4b4c7497-a7ec-4f2a-a6c9-18b9f4a92a5f@group-E99C5BDD80CF:t5, leader=null, voted=4b4c7497-a7ec-4f2a-a6c9-18b9f4a92a5f, raftlog=4b4c7497-a7ec-4f2a-a6c9-18b9f4a92a5f@group-E99C5BDD80CF-SegmentedRaftLog:OPENED:c3,f4,i4, conf=0: [78a2ca6d-ab27-408c-be71-e2595a145569:192.168.34.21:37717, 4b4c7497-a7ec-4f2a-a6c9-18b9f4a92a5f:192.168.34.21:41258, 47e59444-ad4b-4d8b-b6f4-160f3329f764:192.168.34.21:39722], old=null
2019-10-30 06:07:16,825 [grpc-default-executor-4] INFO  impl.RaftServerImpl (RaftServerImpl.java:setRole(184)) - 78a2ca6d-ab27-408c-be71-e2595a145569@group-E99C5BDD80CF: changes role from  FOLLOWER to FOLLOWER at term 5 for recognizeCandidate:4b4c7497-a7ec-4f2a-a6c9-18b9f4a92a5f
2019-10-30 06:07:16,825 [grpc-default-executor-4] INFO  impl.RoleInfo (RoleInfo.java:shutdownFollowerState(121)) - 78a2ca6d-ab27-408c-be71-e2595a145569: shutdown FollowerState
2019-10-30 06:07:16,826 [grpc-default-executor-4] INFO  impl.RoleInfo (RoleInfo.java:updateAndGet(143)) - 78a2ca6d-ab27-408c-be71-e2595a145569: start FollowerState
2019-10-30 06:07:16,826 [Thread-572] INFO  impl.FollowerState (FollowerState.java:run(117)) - 78a2ca6d-ab27-408c-be71-e2595a145569@group-E99C5BDD80CF-FollowerState was interrupted: java.lang.InterruptedException: sleep interrupted
2019-10-30 06:07:16,840 [4b4c7497-a7ec-4f2a-a6c9-18b9f4a92a5f@group-22EA9EE3B83C-LeaderElection7] INFO  impl.LeaderElection (LeaderElection.java:askForVotes(178)) - 4b4c7497-a7ec-4f2a-a6c9-18b9f4a92a5f@group-22EA9EE3B83C-LeaderElection7: begin an election at term 2 for 0: [4b4c7497-a7ec-4f2a-a6c9-18b9f4a92a5f:192.168.34.21:41258], old=null
2019-10-30 06:07:16,840 [grpc-default-executor-2] INFO  impl.RaftServerImpl (RaftServerImpl.java:setRole(184)) - 47e59444-ad4b-4d8b-b6f4-160f3329f764@group-E99C5BDD80CF: changes role from  FOLLOWER to FOLLOWER at term 5 for recognizeCandidate:4b4c7497-a7ec-4f2a-a6c9-18b9f4a92a5f
2019-10-30 06:07:16,840 [4b4c7497-a7ec-4f2a-a6c9-18b9f4a92a5f@group-22EA9EE3B83C-LeaderElection7] INFO  impl.RoleInfo (RoleInfo.java:shutdownLeaderElection(134)) - 4b4c7497-a7ec-4f2a-a6c9-18b9f4a92a5f: shutdown LeaderElection
2019-10-30 06:07:16,840 [grpc-default-executor-2] INFO  impl.RoleInfo (RoleInfo.java:shutdownFollowerState(121)) - 47e59444-ad4b-4d8b-b6f4-160f3329f764: shutdown FollowerState
2019-10-30 06:07:16,840 [4b4c7497-a7ec-4f2a-a6c9-18b9f4a92a5f@group-22EA9EE3B83C-LeaderElection7] INFO  impl.RaftServerImpl (RaftServerImpl.java:setRole(184)) - 4b4c7497-a7ec-4f2a-a6c9-18b9f4a92a5f@group-22EA9EE3B83C: changes role from CANDIDATE to LEADER at term 2 for changeToLeader
2019-10-30 06:07:16,840 [4b4c7497-a7ec-4f2a-a6c9-18b9f4a92a5f@group-E99C5BDD80CF-LeaderElection6] INFO  impl.LeaderElection (LeaderElection.java:askForVotes(178)) - 4b4c7497-a7ec-4f2a-a6c9-18b9f4a92a5f@group-E99C5BDD80CF-LeaderElection6: begin an election at term 6 for 0: [78a2ca6d-ab27-408c-be71-e2595a145569:192.168.34.21:37717, 4b4c7497-a7ec-4f2a-a6c9-18b9f4a92a5f:192.168.34.21:41258, 47e59444-ad4b-4d8b-b6f4-160f3329f764:192.168.34.21:39722], old=null
2019-10-30 06:07:16,840 [Thread-576] INFO  impl.FollowerState (FollowerState.java:run(117)) - 47e59444-ad4b-4d8b-b6f4-160f3329f764@group-E99C5BDD80CF-FollowerState was interrupted: java.lang.InterruptedException: sleep interrupted
2019-10-30 06:07:16,840 [grpc-default-executor-2] INFO  impl.RoleInfo (RoleInfo.java:updateAndGet(143)) - 47e59444-ad4b-4d8b-b6f4-160f3329f764: start FollowerState
2019-10-30 06:07:16,840 [4b4c7497-a7ec-4f2a-a6c9-18b9f4a92a5f@group-22EA9EE3B83C-LeaderElection7] INFO  impl.RaftServerImpl (ServerState.java:setLeader(256)) - 4b4c7497-a7ec-4f2a-a6c9-18b9f4a92a5f@group-22EA9EE3B83C: change Leader from null to 4b4c7497-a7ec-4f2a-a6c9-18b9f4a92a5f at term 2 for becomeLeader, leader elected after 2221ms
2019-10-30 06:07:16,843 [4b4c7497-a7ec-4f2a-a6c9-18b9f4a92a5f@group-22EA9EE3B83C-LeaderElection7] INFO  server.RaftServerConfigKeys (ConfUtils.java:logGet(43)) - raft.server.staging.catchup.gap = 1000 (default)
2019-10-30 06:07:16,844 [4b4c7497-a7ec-4f2a-a6c9-18b9f4a92a5f@group-22EA9EE3B83C-LeaderElection7] INFO  server.RaftServerConfigKeys (ConfUtils.java:logGet(43)) - raft.server.rpc.sleep.time = 25ms (default)
2019-10-30 06:07:16,845 [4b4c7497-a7ec-4f2a-a6c9-18b9f4a92a5f@group-22EA9EE3B83C-LeaderElection7] INFO  server.RaftServerConfigKeys (ConfUtils.java:logGet(43)) - raft.server.write.element-limit = 4096 (default)
2019-10-30 06:07:16,846 [4b4c7497-a7ec-4f2a-a6c9-18b9f4a92a5f@group-22EA9EE3B83C-LeaderElection7] INFO  server.RaftServerConfigKeys (ConfUtils.java:logGet(43)) - raft.server.watch.timeout = 10s (default)
2019-10-30 06:07:16,847 [4b4c7497-a7ec-4f2a-a6c9-18b9f4a92a5f@group-22EA9EE3B83C-LeaderElection7] INFO  server.RaftServerConfigKeys (ConfUtils.java:logGet(43)) - raft.server.watch.timeout.denomination = 1s (default)
2019-10-30 06:07:16,847 [4b4c7497-a7ec-4f2a-a6c9-18b9f4a92a5f@group-22EA9EE3B83C-LeaderElection7] INFO  server.RaftServerConfigKeys (ConfUtils.java:logGet(43)) - raft.server.watch.element-limit = 65536 (default)
2019-10-30 06:07:16,849 [4b4c7497-a7ec-4f2a-a6c9-18b9f4a92a5f@group-22EA9EE3B83C-LeaderElection7] INFO  impl.RoleInfo (RoleInfo.java:updateAndGet(143)) - 4b4c7497-a7ec-4f2a-a6c9-18b9f4a92a5f: start LeaderState
2019-10-30 06:07:16,849 [4b4c7497-a7ec-4f2a-a6c9-18b9f4a92a5f@group-22EA9EE3B83C-LeaderElection7] INFO  segmented.SegmentedRaftLogWorker (SegmentedRaftLogWorker.java:rollLogSegment(390)) - 4b4c7497-a7ec-4f2a-a6c9-18b9f4a92a5f@group-22EA9EE3B83C-SegmentedRaftLogWorker: Rolling segment log-0_0 to index:0
2019-10-30 06:07:16,850 [grpc-default-executor-3] INFO  impl.RaftServerImpl (RaftServerImpl.java:setRole(184)) - 78a2ca6d-ab27-408c-be71-e2595a145569@group-E99C5BDD80CF: changes role from  FOLLOWER to FOLLOWER at term 6 for recognizeCandidate:4b4c7497-a7ec-4f2a-a6c9-18b9f4a92a5f
2019-10-30 06:07:16,850 [grpc-default-executor-3] INFO  impl.RoleInfo (RoleInfo.java:shutdownFollowerState(121)) - 78a2ca6d-ab27-408c-be71-e2595a145569: shutdown FollowerState
2019-10-30 06:07:16,850 [Thread-580] INFO  impl.FollowerState (FollowerState.java:run(117)) - 78a2ca6d-ab27-408c-be71-e2595a145569@group-E99C5BDD80CF-FollowerState was interrupted: java.lang.InterruptedException: sleep interrupted
2019-10-30 06:07:16,850 [grpc-default-executor-3] INFO  impl.RoleInfo (RoleInfo.java:updateAndGet(143)) - 78a2ca6d-ab27-408c-be71-e2595a145569: start FollowerState
2019-10-30 06:07:16,852 [4b4c7497-a7ec-4f2a-a6c9-18b9f4a92a5f@group-22EA9EE3B83C-LeaderElection7] INFO  impl.RaftServerImpl (ServerState.java:setRaftConf(357)) - 4b4c7497-a7ec-4f2a-a6c9-18b9f4a92a5f@group-22EA9EE3B83C: set configuration 1: [4b4c7497-a7ec-4f2a-a6c9-18b9f4a92a5f:192.168.34.21:41258], old=null at 1
2019-10-30 06:07:16,852 [4b4c7497-a7ec-4f2a-a6c9-18b9f4a92a5f@group-22EA9EE3B83C-SegmentedRaftLogWorker] INFO  segmented.SegmentedRaftLogWorker (SegmentedRaftLogWorker.java:execute(533)) - 4b4c7497-a7ec-4f2a-a6c9-18b9f4a92a5f@group-22EA9EE3B83C-SegmentedRaftLogWorker: Rolled log segment from /workdir/hadoop-ozone/integration-test/target/test-dir/MiniOzoneClusterImpl-9b19e524-011a-4190-a309-f47c35af0e4e/datanode-1/data/ratis/3add86ff-45bf-4d07-b605-22ea9ee3b83c/current/log_inprogress_0 to /workdir/hadoop-ozone/integration-test/target/test-dir/MiniOzoneClusterImpl-9b19e524-011a-4190-a309-f47c35af0e4e/datanode-1/data/ratis/3add86ff-45bf-4d07-b605-22ea9ee3b83c/current/log_0-0
2019-10-30 06:07:16,870 [grpc-default-executor-4] INFO  impl.RaftServerImpl (RaftServerImpl.java:setRole(184)) - 47e59444-ad4b-4d8b-b6f4-160f3329f764@group-E99C5BDD80CF: changes role from  FOLLOWER to FOLLOWER at term 6 for recognizeCandidate:4b4c7497-a7ec-4f2a-a6c9-18b9f4a92a5f
2019-10-30 06:07:16,870 [grpc-default-executor-4] INFO  impl.RoleInfo (RoleInfo.java:shutdownFollowerState(121)) - 47e59444-ad4b-4d8b-b6f4-160f3329f764: shutdown FollowerState
2019-10-30 06:07:16,870 [grpc-default-executor-4] INFO  impl.RoleInfo (RoleInfo.java:updateAndGet(143)) - 47e59444-ad4b-4d8b-b6f4-160f3329f764: start FollowerState
2019-10-30 06:07:16,871 [Thread-581] INFO  impl.FollowerState (FollowerState.java:run(117)) - 47e59444-ad4b-4d8b-b6f4-160f3329f764@group-E99C5BDD80CF-FollowerState was interrupted: java.lang.InterruptedException: sleep interrupted
2019-10-30 06:07:16,884 [4b4c7497-a7ec-4f2a-a6c9-18b9f4a92a5f@group-22EA9EE3B83C-SegmentedRaftLogWorker] INFO  segmented.SegmentedRaftLogWorker (SegmentedRaftLogWorker.java:execute(576)) - 4b4c7497-a7ec-4f2a-a6c9-18b9f4a92a5f@group-22EA9EE3B83C-SegmentedRaftLogWorker: created new log segment /workdir/hadoop-ozone/integration-test/target/test-dir/MiniOzoneClusterImpl-9b19e524-011a-4190-a309-f47c35af0e4e/datanode-1/data/ratis/3add86ff-45bf-4d07-b605-22ea9ee3b83c/current/log_inprogress_1
2019-10-30 06:07:16,886 [4b4c7497-a7ec-4f2a-a6c9-18b9f4a92a5f@group-E99C5BDD80CF-LeaderElection6] INFO  impl.LeaderElection (LeaderElection.java:logAndReturn(56)) - 4b4c7497-a7ec-4f2a-a6c9-18b9f4a92a5f@group-E99C5BDD80CF-LeaderElection6: Election REJECTED; received 2 response(s) [4b4c7497-a7ec-4f2a-a6c9-18b9f4a92a5f<-78a2ca6d-ab27-408c-be71-e2595a145569#0:FAIL-t6, 4b4c7497-a7ec-4f2a-a6c9-18b9f4a92a5f<-47e59444-ad4b-4d8b-b6f4-160f3329f764#0:FAIL-t6] and 0 exception(s); 4b4c7497-a7ec-4f2a-a6c9-18b9f4a92a5f@group-E99C5BDD80CF:t6, leader=null, voted=4b4c7497-a7ec-4f2a-a6c9-18b9f4a92a5f, raftlog=4b4c7497-a7ec-4f2a-a6c9-18b9f4a92a5f@group-E99C5BDD80CF-SegmentedRaftLog:OPENED:c3,f4,i4, conf=0: [78a2ca6d-ab27-408c-be71-e2595a145569:192.168.34.21:37717, 4b4c7497-a7ec-4f2a-a6c9-18b9f4a92a5f:192.168.34.21:41258, 47e59444-ad4b-4d8b-b6f4-160f3329f764:192.168.34.21:39722], old=null
2019-10-30 06:07:16,888 [4b4c7497-a7ec-4f2a-a6c9-18b9f4a92a5f@group-E99C5BDD80CF-LeaderElection6] INFO  impl.RaftServerImpl (RaftServerImpl.java:setRole(184)) - 4b4c7497-a7ec-4f2a-a6c9-18b9f4a92a5f@group-E99C5BDD80CF: changes role from CANDIDATE to FOLLOWER at term 6 for DISCOVERED_A_NEW_TERM
2019-10-30 06:07:16,888 [4b4c7497-a7ec-4f2a-a6c9-18b9f4a92a5f@group-E99C5BDD80CF-LeaderElection6] INFO  impl.RoleInfo (RoleInfo.java:shutdownLeaderElection(134)) - 4b4c7497-a7ec-4f2a-a6c9-18b9f4a92a5f: shutdown LeaderElection
2019-10-30 06:07:16,888 [4b4c7497-a7ec-4f2a-a6c9-18b9f4a92a5f@group-E99C5BDD80CF-LeaderElection6] INFO  impl.RoleInfo (RoleInfo.java:updateAndGet(143)) - 4b4c7497-a7ec-4f2a-a6c9-18b9f4a92a5f: start FollowerState
2019-10-30 06:07:16,905 [java.util.concurrent.ThreadPoolExecutor$Worker@2357ca47[State = -1, empty queue]] WARN  server.GrpcLogAppender (GrpcLogAppender.java:timeoutAppendRequest(209)) - 47e59444-ad4b-4d8b-b6f4-160f3329f764@group-E99C5BDD80CF->4b4c7497-a7ec-4f2a-a6c9-18b9f4a92a5f-GrpcLogAppender: appendEntries Timeout, request=47e59444-ad4b-4d8b-b6f4-160f3329f764->4b4c7497-a7ec-4f2a-a6c9-18b9f4a92a5f#51-t3, previous=(t:3, i:10), leaderCommit=10, initializing? false, entries: <empty>
2019-10-30 06:07:16,909 [Thread-587] INFO  impl.FollowerState (FollowerState.java:run(108)) - 4b4c7497-a7ec-4f2a-a6c9-18b9f4a92a5f@group-E99C5BDD80CF-FollowerState: change to CANDIDATE, lastRpcTime:21ms, electionTimeout:21ms
2019-10-30 06:07:16,910 [Thread-587] INFO  impl.RoleInfo (RoleInfo.java:shutdownFollowerState(121)) - 4b4c7497-a7ec-4f2a-a6c9-18b9f4a92a5f: shutdown FollowerState
2019-10-30 06:07:16,910 [Thread-587] INFO  impl.RaftServerImpl (RaftServerImpl.java:setRole(184)) - 4b4c7497-a7ec-4f2a-a6c9-18b9f4a92a5f@group-E99C5BDD80CF: changes role from  FOLLOWER to CANDIDATE at term 6 for changeToCandidate
2019-10-30 06:07:16,910 [Thread-587] INFO  impl.RoleInfo (RoleInfo.java:updateAndGet(143)) - 4b4c7497-a7ec-4f2a-a6c9-18b9f4a92a5f: start LeaderElection
2019-10-30 06:07:16,914 [4b4c7497-a7ec-4f2a-a6c9-18b9f4a92a5f@group-E99C5BDD80CF-LeaderElection8] INFO  impl.LeaderElection (LeaderElection.java:askForVotes(178)) - 4b4c7497-a7ec-4f2a-a6c9-18b9f4a92a5f@group-E99C5BDD80CF-LeaderElection8: begin an election at term 7 for 0: [78a2ca6d-ab27-408c-be71-e2595a145569:192.168.34.21:37717, 4b4c7497-a7ec-4f2a-a6c9-18b9f4a92a5f:192.168.34.21:41258, 47e59444-ad4b-4d8b-b6f4-160f3329f764:192.168.34.21:39722], old=null
2019-10-30 06:07:16,985 [pool-7-thread-2] INFO  commands.RetriableDatanodeEventWatcher (RetriableDatanodeEventWatcher.java:onTimeout(47)) - RetriableDatanodeCommand type=deleteBlocksCommand with id=1572415633987 timed out. Retrying.
2019-10-30 06:07:16,985 [pool-7-thread-2] INFO  commands.RetriableDatanodeEventWatcher (RetriableDatanodeEventWatcher.java:onTimeout(47)) - RetriableDatanodeCommand type=deleteBlocksCommand with id=1572415633985 timed out. Retrying.
2019-10-30 06:07:16,986 [pool-7-thread-1] INFO  commands.RetriableDatanodeEventWatcher (RetriableDatanodeEventWatcher.java:onTimeout(47)) - RetriableDatanodeCommand type=deleteBlocksCommand with id=1572415633986 timed out. Retrying.
2019-10-30 06:07:16,987 [SCMBlockDeletingService#0] INFO  block.SCMBlockDeletingService (SCMBlockDeletingService.java:call(184)) - Totally added 1 delete blocks command for 1 datanodes, task elapsed time: 1ms
2019-10-30 06:07:16,989 [grpc-default-executor-4] INFO  impl.RaftServerImpl (RaftServerImpl.java:setRole(184)) - 47e59444-ad4b-4d8b-b6f4-160f3329f764@group-E99C5BDD80CF: changes role from  FOLLOWER to FOLLOWER at term 7 for recognizeCandidate:4b4c7497-a7ec-4f2a-a6c9-18b9f4a92a5f
2019-10-30 06:07:16,989 [grpc-default-executor-3] INFO  impl.RaftServerImpl (RaftServerImpl.java:setRole(184)) - 78a2ca6d-ab27-408c-be71-e2595a145569@group-E99C5BDD80CF: changes role from  FOLLOWER to FOLLOWER at term 7 for recognizeCandidate:4b4c7497-a7ec-4f2a-a6c9-18b9f4a92a5f
2019-10-30 06:07:16,990 [grpc-default-executor-4] INFO  impl.RoleInfo (RoleInfo.java:shutdownFollowerState(121)) - 47e59444-ad4b-4d8b-b6f4-160f3329f764: shutdown FollowerState
2019-10-30 06:07:16,991 [grpc-default-executor-3] INFO  impl.RoleInfo (RoleInfo.java:shutdownFollowerState(121)) - 78a2ca6d-ab27-408c-be71-e2595a145569: shutdown FollowerState
2019-10-30 06:07:16,991 [Thread-586] INFO  impl.FollowerState (FollowerState.java:run(117)) - 47e59444-ad4b-4d8b-b6f4-160f3329f764@group-E99C5BDD80CF-FollowerState was interrupted: java.lang.InterruptedException: sleep interrupted
2019-10-30 06:07:16,991 [grpc-default-executor-4] INFO  impl.RoleInfo (RoleInfo.java:updateAndGet(143)) - 47e59444-ad4b-4d8b-b6f4-160f3329f764: start FollowerState
2019-10-30 06:07:16,991 [grpc-default-executor-3] INFO  impl.RoleInfo (RoleInfo.java:updateAndGet(143)) - 78a2ca6d-ab27-408c-be71-e2595a145569: start FollowerState
2019-10-30 06:07:16,991 [Thread-585] INFO  impl.FollowerState (FollowerState.java:run(117)) - 78a2ca6d-ab27-408c-be71-e2595a145569@group-E99C5BDD80CF-FollowerState was interrupted: java.lang.InterruptedException: sleep interrupted
2019-10-30 06:07:17,001 [4b4c7497-a7ec-4f2a-a6c9-18b9f4a92a5f@group-E99C5BDD80CF-LeaderElection8] INFO  impl.LeaderElection (LeaderElection.java:logAndReturn(56)) - 4b4c7497-a7ec-4f2a-a6c9-18b9f4a92a5f@group-E99C5BDD80CF-LeaderElection8: Election REJECTED; received 2 response(s) [4b4c7497-a7ec-4f2a-a6c9-18b9f4a92a5f<-78a2ca6d-ab27-408c-be71-e2595a145569#0:FAIL-t7, 4b4c7497-a7ec-4f2a-a6c9-18b9f4a92a5f<-47e59444-ad4b-4d8b-b6f4-160f3329f764#0:FAIL-t7] and 0 exception(s); 4b4c7497-a7ec-4f2a-a6c9-18b9f4a92a5f@group-E99C5BDD80CF:t7, leader=null, voted=4b4c7497-a7ec-4f2a-a6c9-18b9f4a92a5f, raftlog=4b4c7497-a7ec-4f2a-a6c9-18b9f4a92a5f@group-E99C5BDD80CF-SegmentedRaftLog:OPENED:c3,f4,i4, conf=0: [78a2ca6d-ab27-408c-be71-e2595a145569:192.168.34.21:37717, 4b4c7497-a7ec-4f2a-a6c9-18b9f4a92a5f:192.168.34.21:41258, 47e59444-ad4b-4d8b-b6f4-160f3329f764:192.168.34.21:39722], old=null
2019-10-30 06:07:17,001 [4b4c7497-a7ec-4f2a-a6c9-18b9f4a92a5f@group-E99C5BDD80CF-LeaderElection8] INFO  impl.RaftServerImpl (RaftServerImpl.java:setRole(184)) - 4b4c7497-a7ec-4f2a-a6c9-18b9f4a92a5f@group-E99C5BDD80CF: changes role from CANDIDATE to FOLLOWER at term 7 for DISCOVERED_A_NEW_TERM
2019-10-30 06:07:17,001 [4b4c7497-a7ec-4f2a-a6c9-18b9f4a92a5f@group-E99C5BDD80CF-LeaderElection8] INFO  impl.RoleInfo (RoleInfo.java:shutdownLeaderElection(134)) - 4b4c7497-a7ec-4f2a-a6c9-18b9f4a92a5f: shutdown LeaderElection
2019-10-30 06:07:17,002 [4b4c7497-a7ec-4f2a-a6c9-18b9f4a92a5f@group-E99C5BDD80CF-LeaderElection8] INFO  impl.RoleInfo (RoleInfo.java:updateAndGet(143)) - 4b4c7497-a7ec-4f2a-a6c9-18b9f4a92a5f: start FollowerState
2019-10-30 06:07:17,028 [Thread-593] INFO  impl.FollowerState (FollowerState.java:run(108)) - 4b4c7497-a7ec-4f2a-a6c9-18b9f4a92a5f@group-E99C5BDD80CF-FollowerState: change to CANDIDATE, lastRpcTime:26ms, electionTimeout:25ms
2019-10-30 06:07:17,030 [Thread-593] INFO  impl.RoleInfo (RoleInfo.java:shutdownFollowerState(121)) - 4b4c7497-a7ec-4f2a-a6c9-18b9f4a92a5f: shutdown FollowerState
2019-10-30 06:07:17,030 [Thread-593] INFO  impl.RaftServerImpl (RaftServerImpl.java:setRole(184)) - 4b4c7497-a7ec-4f2a-a6c9-18b9f4a92a5f@group-E99C5BDD80CF: changes role from  FOLLOWER to CANDIDATE at term 7 for changeToCandidate
2019-10-30 06:07:17,030 [Thread-593] INFO  impl.RoleInfo (RoleInfo.java:updateAndGet(143)) - 4b4c7497-a7ec-4f2a-a6c9-18b9f4a92a5f: start LeaderElection
2019-10-30 06:07:17,034 [4b4c7497-a7ec-4f2a-a6c9-18b9f4a92a5f@group-E99C5BDD80CF-LeaderElection9] INFO  impl.LeaderElection (LeaderElection.java:askForVotes(178)) - 4b4c7497-a7ec-4f2a-a6c9-18b9f4a92a5f@group-E99C5BDD80CF-LeaderElection9: begin an election at term 8 for 0: [78a2ca6d-ab27-408c-be71-e2595a145569:192.168.34.21:37717, 4b4c7497-a7ec-4f2a-a6c9-18b9f4a92a5f:192.168.34.21:41258, 47e59444-ad4b-4d8b-b6f4-160f3329f764:192.168.34.21:39722], old=null
2019-10-30 06:07:17,037 [grpc-default-executor-4] INFO  impl.RaftServerImpl (RaftServerImpl.java:setRole(184)) - 78a2ca6d-ab27-408c-be71-e2595a145569@group-E99C5BDD80CF: changes role from  FOLLOWER to FOLLOWER at term 8 for recognizeCandidate:4b4c7497-a7ec-4f2a-a6c9-18b9f4a92a5f
2019-10-30 06:07:17,037 [grpc-default-executor-3] INFO  impl.RaftServerImpl (RaftServerImpl.java:setRole(184)) - 47e59444-ad4b-4d8b-b6f4-160f3329f764@group-E99C5BDD80CF: changes role from  FOLLOWER to FOLLOWER at term 8 for recognizeCandidate:4b4c7497-a7ec-4f2a-a6c9-18b9f4a92a5f
2019-10-30 06:07:17,037 [grpc-default-executor-4] INFO  impl.RoleInfo (RoleInfo.java:shutdownFollowerState(121)) - 78a2ca6d-ab27-408c-be71-e2595a145569: shutdown FollowerState
2019-10-30 06:07:17,037 [grpc-default-executor-3] INFO  impl.RoleInfo (RoleInfo.java:shutdownFollowerState(121)) - 47e59444-ad4b-4d8b-b6f4-160f3329f764: shutdown FollowerState
2019-10-30 06:07:17,038 [Thread-592] INFO  impl.FollowerState (FollowerState.java:run(117)) - 78a2ca6d-ab27-408c-be71-e2595a145569@group-E99C5BDD80CF-FollowerState was interrupted: java.lang.InterruptedException: sleep interrupted
2019-10-30 06:07:17,038 [grpc-default-executor-4] INFO  impl.RoleInfo (RoleInfo.java:updateAndGet(143)) - 78a2ca6d-ab27-408c-be71-e2595a145569: start FollowerState
2019-10-30 06:07:17,038 [grpc-default-executor-3] INFO  impl.RoleInfo (RoleInfo.java:updateAndGet(143)) - 47e59444-ad4b-4d8b-b6f4-160f3329f764: start FollowerState
2019-10-30 06:07:17,038 [Thread-591] INFO  impl.FollowerState (FollowerState.java:run(117)) - 47e59444-ad4b-4d8b-b6f4-160f3329f764@group-E99C5BDD80CF-FollowerState was interrupted: java.lang.InterruptedException: sleep interrupted
2019-10-30 06:07:17,059 [4b4c7497-a7ec-4f2a-a6c9-18b9f4a92a5f@group-E99C5BDD80CF-LeaderElection9] INFO  impl.LeaderElection (LeaderElection.java:logAndReturn(56)) - 4b4c7497-a7ec-4f2a-a6c9-18b9f4a92a5f@group-E99C5BDD80CF-LeaderElection9: Election REJECTED; received 2 response(s) [4b4c7497-a7ec-4f2a-a6c9-18b9f4a92a5f<-78a2ca6d-ab27-408c-be71-e2595a145569#0:FAIL-t8, 4b4c7497-a7ec-4f2a-a6c9-18b9f4a92a5f<-47e59444-ad4b-4d8b-b6f4-160f3329f764#0:FAIL-t8] and 0 exception(s); 4b4c7497-a7ec-4f2a-a6c9-18b9f4a92a5f@group-E99C5BDD80CF:t8, leader=null, voted=4b4c7497-a7ec-4f2a-a6c9-18b9f4a92a5f, raftlog=4b4c7497-a7ec-4f2a-a6c9-18b9f4a92a5f@group-E99C5BDD80CF-SegmentedRaftLog:OPENED:c3,f4,i4, conf=0: [78a2ca6d-ab27-408c-be71-e2595a145569:192.168.34.21:37717, 4b4c7497-a7ec-4f2a-a6c9-18b9f4a92a5f:192.168.34.21:41258, 47e59444-ad4b-4d8b-b6f4-160f3329f764:192.168.34.21:39722], old=null
2019-10-30 06:07:17,060 [4b4c7497-a7ec-4f2a-a6c9-18b9f4a92a5f@group-E99C5BDD80CF-LeaderElection9] INFO  impl.RaftServerImpl (RaftServerImpl.java:setRole(184)) - 4b4c7497-a7ec-4f2a-a6c9-18b9f4a92a5f@group-E99C5BDD80CF: changes role from CANDIDATE to FOLLOWER at term 8 for DISCOVERED_A_NEW_TERM
2019-10-30 06:07:17,060 [4b4c7497-a7ec-4f2a-a6c9-18b9f4a92a5f@group-E99C5BDD80CF-LeaderElection9] INFO  impl.RoleInfo (RoleInfo.java:shutdownLeaderElection(134)) - 4b4c7497-a7ec-4f2a-a6c9-18b9f4a92a5f: shutdown LeaderElection
2019-10-30 06:07:17,061 [4b4c7497-a7ec-4f2a-a6c9-18b9f4a92a5f@group-E99C5BDD80CF-LeaderElection9] INFO  impl.RoleInfo (RoleInfo.java:updateAndGet(143)) - 4b4c7497-a7ec-4f2a-a6c9-18b9f4a92a5f: start FollowerState
2019-10-30 06:07:17,062 [Thread-599] INFO  impl.FollowerState (FollowerState.java:run(108)) - 4b4c7497-a7ec-4f2a-a6c9-18b9f4a92a5f@group-E99C5BDD80CF-FollowerState: change to CANDIDATE, lastRpcTime:1ms, electionTimeout:1ms
2019-10-30 06:07:17,063 [Thread-599] INFO  impl.RoleInfo (RoleInfo.java:shutdownFollowerState(121)) - 4b4c7497-a7ec-4f2a-a6c9-18b9f4a92a5f: shutdown FollowerState
2019-10-30 06:07:17,063 [Thread-599] INFO  impl.RaftServerImpl (RaftServerImpl.java:setRole(184)) - 4b4c7497-a7ec-4f2a-a6c9-18b9f4a92a5f@group-E99C5BDD80CF: changes role from  FOLLOWER to CANDIDATE at term 8 for changeToCandidate
2019-10-30 06:07:17,063 [Thread-599] INFO  impl.RoleInfo (RoleInfo.java:updateAndGet(143)) - 4b4c7497-a7ec-4f2a-a6c9-18b9f4a92a5f: start LeaderElection
2019-10-30 06:07:17,089 [4b4c7497-a7ec-4f2a-a6c9-18b9f4a92a5f@group-E99C5BDD80CF-LeaderElection10] INFO  impl.LeaderElection (LeaderElection.java:askForVotes(178)) - 4b4c7497-a7ec-4f2a-a6c9-18b9f4a92a5f@group-E99C5BDD80CF-LeaderElection10: begin an election at term 9 for 0: [78a2ca6d-ab27-408c-be71-e2595a145569:192.168.34.21:37717, 4b4c7497-a7ec-4f2a-a6c9-18b9f4a92a5f:192.168.34.21:41258, 47e59444-ad4b-4d8b-b6f4-160f3329f764:192.168.34.21:39722], old=null
2019-10-30 06:07:17,094 [grpc-default-executor-4] INFO  impl.RaftServerImpl (RaftServerImpl.java:setRole(184)) - 78a2ca6d-ab27-408c-be71-e2595a145569@group-E99C5BDD80CF: changes role from  FOLLOWER to FOLLOWER at term 9 for recognizeCandidate:4b4c7497-a7ec-4f2a-a6c9-18b9f4a92a5f
2019-10-30 06:07:17,095 [grpc-default-executor-3] INFO  impl.RaftServerImpl (RaftServerImpl.java:setRole(184)) - 47e59444-ad4b-4d8b-b6f4-160f3329f764@group-E99C5BDD80CF: changes role from  FOLLOWER to FOLLOWER at term 9 for recognizeCandidate:4b4c7497-a7ec-4f2a-a6c9-18b9f4a92a5f
2019-10-30 06:07:17,095 [grpc-default-executor-4] INFO  impl.RoleInfo (RoleInfo.java:shutdownFollowerState(121)) - 78a2ca6d-ab27-408c-be71-e2595a145569: shutdown FollowerState
2019-10-30 06:07:17,095 [grpc-default-executor-3] INFO  impl.RoleInfo (RoleInfo.java:shutdownFollowerState(121)) - 47e59444-ad4b-4d8b-b6f4-160f3329f764: shutdown FollowerState
2019-10-30 06:07:17,095 [grpc-default-executor-4] INFO  impl.RoleInfo (RoleInfo.java:updateAndGet(143)) - 78a2ca6d-ab27-408c-be71-e2595a145569: start FollowerState
2019-10-30 06:07:17,095 [Thread-597] INFO  impl.FollowerState (FollowerState.java:run(117)) - 78a2ca6d-ab27-408c-be71-e2595a145569@group-E99C5BDD80CF-FollowerState was interrupted: java.lang.InterruptedException: sleep interrupted
2019-10-30 06:07:17,095 [grpc-default-executor-3] INFO  impl.RoleInfo (RoleInfo.java:updateAndGet(143)) - 47e59444-ad4b-4d8b-b6f4-160f3329f764: start FollowerState
2019-10-30 06:07:17,095 [Thread-598] INFO  impl.FollowerState (FollowerState.java:run(117)) - 47e59444-ad4b-4d8b-b6f4-160f3329f764@group-E99C5BDD80CF-FollowerState was interrupted: java.lang.InterruptedException: sleep interrupted
2019-10-30 06:07:17,113 [4b4c7497-a7ec-4f2a-a6c9-18b9f4a92a5f@group-E99C5BDD80CF-LeaderElection10] INFO  impl.LeaderElection (LeaderElection.java:logAndReturn(56)) - 4b4c7497-a7ec-4f2a-a6c9-18b9f4a92a5f@group-E99C5BDD80CF-LeaderElection10: Election REJECTED; received 2 response(s) [4b4c7497-a7ec-4f2a-a6c9-18b9f4a92a5f<-78a2ca6d-ab27-408c-be71-e2595a145569#0:FAIL-t9, 4b4c7497-a7ec-4f2a-a6c9-18b9f4a92a5f<-47e59444-ad4b-4d8b-b6f4-160f3329f764#0:FAIL-t9] and 0 exception(s); 4b4c7497-a7ec-4f2a-a6c9-18b9f4a92a5f@group-E99C5BDD80CF:t9, leader=null, voted=4b4c7497-a7ec-4f2a-a6c9-18b9f4a92a5f, raftlog=4b4c7497-a7ec-4f2a-a6c9-18b9f4a92a5f@group-E99C5BDD80CF-SegmentedRaftLog:OPENED:c3,f4,i4, conf=0: [78a2ca6d-ab27-408c-be71-e2595a145569:192.168.34.21:37717, 4b4c7497-a7ec-4f2a-a6c9-18b9f4a92a5f:192.168.34.21:41258, 47e59444-ad4b-4d8b-b6f4-160f3329f764:192.168.34.21:39722], old=null
2019-10-30 06:07:17,113 [4b4c7497-a7ec-4f2a-a6c9-18b9f4a92a5f@group-E99C5BDD80CF-LeaderElection10] INFO  impl.RaftServerImpl (RaftServerImpl.java:setRole(184)) - 4b4c7497-a7ec-4f2a-a6c9-18b9f4a92a5f@group-E99C5BDD80CF: changes role from CANDIDATE to FOLLOWER at term 9 for DISCOVERED_A_NEW_TERM
2019-10-30 06:07:17,114 [4b4c7497-a7ec-4f2a-a6c9-18b9f4a92a5f@group-E99C5BDD80CF-LeaderElection10] INFO  impl.RoleInfo (RoleInfo.java:shutdownLeaderElection(134)) - 4b4c7497-a7ec-4f2a-a6c9-18b9f4a92a5f: shutdown LeaderElection
2019-10-30 06:07:17,114 [4b4c7497-a7ec-4f2a-a6c9-18b9f4a92a5f@group-E99C5BDD80CF-LeaderElection10] INFO  impl.RoleInfo (RoleInfo.java:updateAndGet(143)) - 4b4c7497-a7ec-4f2a-a6c9-18b9f4a92a5f: start FollowerState
2019-10-30 06:07:17,197 [Thread-605] INFO  impl.FollowerState (FollowerState.java:run(108)) - 4b4c7497-a7ec-4f2a-a6c9-18b9f4a92a5f@group-E99C5BDD80CF-FollowerState: change to CANDIDATE, lastRpcTime:82ms, electionTimeout:82ms
2019-10-30 06:07:17,198 [Thread-605] INFO  impl.RoleInfo (RoleInfo.java:shutdownFollowerState(121)) - 4b4c7497-a7ec-4f2a-a6c9-18b9f4a92a5f: shutdown FollowerState
2019-10-30 06:07:17,198 [Thread-605] INFO  impl.RaftServerImpl (RaftServerImpl.java:setRole(184)) - 4b4c7497-a7ec-4f2a-a6c9-18b9f4a92a5f@group-E99C5BDD80CF: changes role from  FOLLOWER to CANDIDATE at term 9 for changeToCandidate
2019-10-30 06:07:17,199 [Thread-605] INFO  impl.RoleInfo (RoleInfo.java:updateAndGet(143)) - 4b4c7497-a7ec-4f2a-a6c9-18b9f4a92a5f: start LeaderElection
2019-10-30 06:07:17,215 [4b4c7497-a7ec-4f2a-a6c9-18b9f4a92a5f@group-E99C5BDD80CF-LeaderElection11] INFO  impl.LeaderElection (LeaderElection.java:askForVotes(178)) - 4b4c7497-a7ec-4f2a-a6c9-18b9f4a92a5f@group-E99C5BDD80CF-LeaderElection11: begin an election at term 10 for 0: [78a2ca6d-ab27-408c-be71-e2595a145569:192.168.34.21:37717, 4b4c7497-a7ec-4f2a-a6c9-18b9f4a92a5f:192.168.34.21:41258, 47e59444-ad4b-4d8b-b6f4-160f3329f764:192.168.34.21:39722], old=null
2019-10-30 06:07:17,219 [grpc-default-executor-4] INFO  impl.RaftServerImpl (RaftServerImpl.java:setRole(184)) - 78a2ca6d-ab27-408c-be71-e2595a145569@group-E99C5BDD80CF: changes role from  FOLLOWER to FOLLOWER at term 10 for recognizeCandidate:4b4c7497-a7ec-4f2a-a6c9-18b9f4a92a5f
2019-10-30 06:07:17,219 [grpc-default-executor-4] INFO  impl.RoleInfo (RoleInfo.java:shutdownFollowerState(121)) - 78a2ca6d-ab27-408c-be71-e2595a145569: shutdown FollowerState
2019-10-30 06:07:17,219 [grpc-default-executor-3] INFO  impl.RaftServerImpl (RaftServerImpl.java:setRole(184)) - 47e59444-ad4b-4d8b-b6f4-160f3329f764@group-E99C5BDD80CF: changes role from  FOLLOWER to FOLLOWER at term 10 for recognizeCandidate:4b4c7497-a7ec-4f2a-a6c9-18b9f4a92a5f
2019-10-30 06:07:17,219 [grpc-default-executor-4] INFO  impl.RoleInfo (RoleInfo.java:updateAndGet(143)) - 78a2ca6d-ab27-408c-be71-e2595a145569: start FollowerState
2019-10-30 06:07:17,219 [Thread-603] INFO  impl.FollowerState (FollowerState.java:run(117)) - 78a2ca6d-ab27-408c-be71-e2595a145569@group-E99C5BDD80CF-FollowerState was interrupted: java.lang.InterruptedException: sleep interrupted
2019-10-30 06:07:17,219 [grpc-default-executor-3] INFO  impl.RoleInfo (RoleInfo.java:shutdownFollowerState(121)) - 47e59444-ad4b-4d8b-b6f4-160f3329f764: shutdown FollowerState
2019-10-30 06:07:17,220 [Thread-604] INFO  impl.FollowerState (FollowerState.java:run(117)) - 47e59444-ad4b-4d8b-b6f4-160f3329f764@group-E99C5BDD80CF-FollowerState was interrupted: java.lang.InterruptedException: sleep interrupted
2019-10-30 06:07:17,220 [grpc-default-executor-3] INFO  impl.RoleInfo (RoleInfo.java:updateAndGet(143)) - 47e59444-ad4b-4d8b-b6f4-160f3329f764: start FollowerState
2019-10-30 06:07:17,249 [4b4c7497-a7ec-4f2a-a6c9-18b9f4a92a5f@group-E99C5BDD80CF-LeaderElection11] INFO  impl.LeaderElection (LeaderElection.java:logAndReturn(56)) - 4b4c7497-a7ec-4f2a-a6c9-18b9f4a92a5f@group-E99C5BDD80CF-LeaderElection11: Election REJECTED; received 2 response(s) [4b4c7497-a7ec-4f2a-a6c9-18b9f4a92a5f<-78a2ca6d-ab27-408c-be71-e2595a145569#0:FAIL-t10, 4b4c7497-a7ec-4f2a-a6c9-18b9f4a92a5f<-47e59444-ad4b-4d8b-b6f4-160f3329f764#0:FAIL-t10] and 0 exception(s); 4b4c7497-a7ec-4f2a-a6c9-18b9f4a92a5f@group-E99C5BDD80CF:t10, leader=null, voted=4b4c7497-a7ec-4f2a-a6c9-18b9f4a92a5f, raftlog=4b4c7497-a7ec-4f2a-a6c9-18b9f4a92a5f@group-E99C5BDD80CF-SegmentedRaftLog:OPENED:c3,f4,i4, conf=0: [78a2ca6d-ab27-408c-be71-e2595a145569:192.168.34.21:37717, 4b4c7497-a7ec-4f2a-a6c9-18b9f4a92a5f:192.168.34.21:41258, 47e59444-ad4b-4d8b-b6f4-160f3329f764:192.168.34.21:39722], old=null
2019-10-30 06:07:17,250 [4b4c7497-a7ec-4f2a-a6c9-18b9f4a92a5f@group-E99C5BDD80CF-LeaderElection11] INFO  impl.RaftServerImpl (RaftServerImpl.java:setRole(184)) - 4b4c7497-a7ec-4f2a-a6c9-18b9f4a92a5f@group-E99C5BDD80CF: changes role from CANDIDATE to FOLLOWER at term 10 for DISCOVERED_A_NEW_TERM
2019-10-30 06:07:17,250 [4b4c7497-a7ec-4f2a-a6c9-18b9f4a92a5f@group-E99C5BDD80CF-LeaderElection11] INFO  impl.RoleInfo (RoleInfo.java:shutdownLeaderElection(134)) - 4b4c7497-a7ec-4f2a-a6c9-18b9f4a92a5f: shutdown LeaderElection
2019-10-30 06:07:17,250 [4b4c7497-a7ec-4f2a-a6c9-18b9f4a92a5f@group-E99C5BDD80CF-LeaderElection11] INFO  impl.RoleInfo (RoleInfo.java:updateAndGet(143)) - 4b4c7497-a7ec-4f2a-a6c9-18b9f4a92a5f: start FollowerState
2019-10-30 06:07:17,302 [Thread-611] INFO  impl.FollowerState (FollowerState.java:run(108)) - 4b4c7497-a7ec-4f2a-a6c9-18b9f4a92a5f@group-E99C5BDD80CF-FollowerState: change to CANDIDATE, lastRpcTime:52ms, electionTimeout:51ms
2019-10-30 06:07:17,304 [Thread-611] INFO  impl.RoleInfo (RoleInfo.java:shutdownFollowerState(121)) - 4b4c7497-a7ec-4f2a-a6c9-18b9f4a92a5f: shutdown FollowerState
2019-10-30 06:07:17,304 [Thread-611] INFO  impl.RaftServerImpl (RaftServerImpl.java:setRole(184)) - 4b4c7497-a7ec-4f2a-a6c9-18b9f4a92a5f@group-E99C5BDD80CF: changes role from  FOLLOWER to CANDIDATE at term 10 for changeToCandidate
2019-10-30 06:07:17,304 [Thread-611] INFO  impl.RoleInfo (RoleInfo.java:updateAndGet(143)) - 4b4c7497-a7ec-4f2a-a6c9-18b9f4a92a5f: start LeaderElection
2019-10-30 06:07:17,318 [4b4c7497-a7ec-4f2a-a6c9-18b9f4a92a5f@group-E99C5BDD80CF-LeaderElection12] INFO  impl.LeaderElection (LeaderElection.java:askForVotes(178)) - 4b4c7497-a7ec-4f2a-a6c9-18b9f4a92a5f@group-E99C5BDD80CF-LeaderElection12: begin an election at term 11 for 0: [78a2ca6d-ab27-408c-be71-e2595a145569:192.168.34.21:37717, 4b4c7497-a7ec-4f2a-a6c9-18b9f4a92a5f:192.168.34.21:41258, 47e59444-ad4b-4d8b-b6f4-160f3329f764:192.168.34.21:39722], old=null
2019-10-30 06:07:17,322 [grpc-default-executor-3] INFO  impl.RaftServerImpl (RaftServerImpl.java:setRole(184)) - 47e59444-ad4b-4d8b-b6f4-160f3329f764@group-E99C5BDD80CF: changes role from  FOLLOWER to FOLLOWER at term 11 for recognizeCandidate:4b4c7497-a7ec-4f2a-a6c9-18b9f4a92a5f
2019-10-30 06:07:17,322 [grpc-default-executor-4] INFO  impl.RaftServerImpl (RaftServerImpl.java:setRole(184)) - 78a2ca6d-ab27-408c-be71-e2595a145569@group-E99C5BDD80CF: changes role from  FOLLOWER to FOLLOWER at term 11 for recognizeCandidate:4b4c7497-a7ec-4f2a-a6c9-18b9f4a92a5f
2019-10-30 06:07:17,323 [grpc-default-executor-3] INFO  impl.RoleInfo (RoleInfo.java:shutdownFollowerState(121)) - 47e59444-ad4b-4d8b-b6f4-160f3329f764: shutdown FollowerState
2019-10-30 06:07:17,323 [grpc-default-executor-4] INFO  impl.RoleInfo (RoleInfo.java:shutdownFollowerState(121)) - 78a2ca6d-ab27-408c-be71-e2595a145569: shutdown FollowerState
2019-10-30 06:07:17,323 [Thread-610] INFO  impl.FollowerState (FollowerState.java:run(117)) - 47e59444-ad4b-4d8b-b6f4-160f3329f764@group-E99C5BDD80CF-FollowerState was interrupted: java.lang.InterruptedException: sleep interrupted
2019-10-30 06:07:17,323 [Thread-609] INFO  impl.FollowerState (FollowerState.java:run(117)) - 78a2ca6d-ab27-408c-be71-e2595a145569@group-E99C5BDD80CF-FollowerState was interrupted: java.lang.InterruptedException: sleep interrupted
2019-10-30 06:07:17,323 [grpc-default-executor-3] INFO  impl.RoleInfo (RoleInfo.java:updateAndGet(143)) - 47e59444-ad4b-4d8b-b6f4-160f3329f764: start FollowerState
2019-10-30 06:07:17,323 [grpc-default-executor-4] INFO  impl.RoleInfo (RoleInfo.java:updateAndGet(143)) - 78a2ca6d-ab27-408c-be71-e2595a145569: start FollowerState
2019-10-30 06:07:17,355 [4b4c7497-a7ec-4f2a-a6c9-18b9f4a92a5f@group-E99C5BDD80CF-LeaderElection12] INFO  impl.LeaderElection (LeaderElection.java:logAndReturn(56)) - 4b4c7497-a7ec-4f2a-a6c9-18b9f4a92a5f@group-E99C5BDD80CF-LeaderElection12: Election REJECTED; received 2 response(s) [4b4c7497-a7ec-4f2a-a6c9-18b9f4a92a5f<-78a2ca6d-ab27-408c-be71-e2595a145569#0:FAIL-t11, 4b4c7497-a7ec-4f2a-a6c9-18b9f4a92a5f<-47e59444-ad4b-4d8b-b6f4-160f3329f764#0:FAIL-t11] and 0 exception(s); 4b4c7497-a7ec-4f2a-a6c9-18b9f4a92a5f@group-E99C5BDD80CF:t11, leader=null, voted=4b4c7497-a7ec-4f2a-a6c9-18b9f4a92a5f, raftlog=4b4c7497-a7ec-4f2a-a6c9-18b9f4a92a5f@group-E99C5BDD80CF-SegmentedRaftLog:OPENED:c3,f4,i4, conf=0: [78a2ca6d-ab27-408c-be71-e2595a145569:192.168.34.21:37717, 4b4c7497-a7ec-4f2a-a6c9-18b9f4a92a5f:192.168.34.21:41258, 47e59444-ad4b-4d8b-b6f4-160f3329f764:192.168.34.21:39722], old=null
2019-10-30 06:07:17,355 [4b4c7497-a7ec-4f2a-a6c9-18b9f4a92a5f@group-E99C5BDD80CF-LeaderElection12] INFO  impl.RaftServerImpl (RaftServerImpl.java:setRole(184)) - 4b4c7497-a7ec-4f2a-a6c9-18b9f4a92a5f@group-E99C5BDD80CF: changes role from CANDIDATE to FOLLOWER at term 11 for DISCOVERED_A_NEW_TERM
2019-10-30 06:07:17,355 [4b4c7497-a7ec-4f2a-a6c9-18b9f4a92a5f@group-E99C5BDD80CF-LeaderElection12] INFO  impl.RoleInfo (RoleInfo.java:shutdownLeaderElection(134)) - 4b4c7497-a7ec-4f2a-a6c9-18b9f4a92a5f: shutdown LeaderElection
2019-10-30 06:07:17,356 [4b4c7497-a7ec-4f2a-a6c9-18b9f4a92a5f@group-E99C5BDD80CF-LeaderElection12] INFO  impl.RoleInfo (RoleInfo.java:updateAndGet(143)) - 4b4c7497-a7ec-4f2a-a6c9-18b9f4a92a5f: start FollowerState
2019-10-30 06:07:17,374 [Thread-617] INFO  impl.FollowerState (FollowerState.java:run(108)) - 4b4c7497-a7ec-4f2a-a6c9-18b9f4a92a5f@group-E99C5BDD80CF-FollowerState: change to CANDIDATE, lastRpcTime:18ms, electionTimeout:18ms
2019-10-30 06:07:17,375 [Thread-617] INFO  impl.RoleInfo (RoleInfo.java:shutdownFollowerState(121)) - 4b4c7497-a7ec-4f2a-a6c9-18b9f4a92a5f: shutdown FollowerState
2019-10-30 06:07:17,376 [Thread-617] INFO  impl.RaftServerImpl (RaftServerImpl.java:setRole(184)) - 4b4c7497-a7ec-4f2a-a6c9-18b9f4a92a5f@group-E99C5BDD80CF: changes role from  FOLLOWER to CANDIDATE at term 11 for changeToCandidate
2019-10-30 06:07:17,376 [Thread-617] INFO  impl.RoleInfo (RoleInfo.java:updateAndGet(143)) - 4b4c7497-a7ec-4f2a-a6c9-18b9f4a92a5f: start LeaderElection
2019-10-30 06:07:17,389 [4b4c7497-a7ec-4f2a-a6c9-18b9f4a92a5f@group-E99C5BDD80CF-LeaderElection13] INFO  impl.LeaderElection (LeaderElection.java:askForVotes(178)) - 4b4c7497-a7ec-4f2a-a6c9-18b9f4a92a5f@group-E99C5BDD80CF-LeaderElection13: begin an election at term 12 for 0: [78a2ca6d-ab27-408c-be71-e2595a145569:192.168.34.21:37717, 4b4c7497-a7ec-4f2a-a6c9-18b9f4a92a5f:192.168.34.21:41258, 47e59444-ad4b-4d8b-b6f4-160f3329f764:192.168.34.21:39722], old=null
2019-10-30 06:07:17,394 [grpc-default-executor-3] INFO  impl.RaftServerImpl (RaftServerImpl.java:setRole(184)) - 47e59444-ad4b-4d8b-b6f4-160f3329f764@group-E99C5BDD80CF: changes role from  FOLLOWER to FOLLOWER at term 12 for recognizeCandidate:4b4c7497-a7ec-4f2a-a6c9-18b9f4a92a5f
2019-10-30 06:07:17,394 [grpc-default-executor-4] INFO  impl.RaftServerImpl (RaftServerImpl.java:setRole(184)) - 78a2ca6d-ab27-408c-be71-e2595a145569@group-E99C5BDD80CF: changes role from  FOLLOWER to FOLLOWER at term 12 for recognizeCandidate:4b4c7497-a7ec-4f2a-a6c9-18b9f4a92a5f
2019-10-30 06:07:17,394 [grpc-default-executor-3] INFO  impl.RoleInfo (RoleInfo.java:shutdownFollowerState(121)) - 47e59444-ad4b-4d8b-b6f4-160f3329f764: shutdown FollowerState
2019-10-30 06:07:17,394 [grpc-default-executor-4] INFO  impl.RoleInfo (RoleInfo.java:shutdownFollowerState(121)) - 78a2ca6d-ab27-408c-be71-e2595a145569: shutdown FollowerState
2019-10-30 06:07:17,394 [grpc-default-executor-3] INFO  impl.RoleInfo (RoleInfo.java:updateAndGet(143)) - 47e59444-ad4b-4d8b-b6f4-160f3329f764: start FollowerState
2019-10-30 06:07:17,394 [Thread-616] INFO  impl.FollowerState (FollowerState.java:run(117)) - 78a2ca6d-ab27-408c-be71-e2595a145569@group-E99C5BDD80CF-FollowerState was interrupted: java.lang.InterruptedException: sleep interrupted
2019-10-30 06:07:17,394 [grpc-default-executor-4] INFO  impl.RoleInfo (RoleInfo.java:updateAndGet(143)) - 78a2ca6d-ab27-408c-be71-e2595a145569: start FollowerState
2019-10-30 06:07:17,394 [Thread-615] INFO  impl.FollowerState (FollowerState.java:run(117)) - 47e59444-ad4b-4d8b-b6f4-160f3329f764@group-E99C5BDD80CF-FollowerState was interrupted: java.lang.InterruptedException: sleep interrupted
2019-10-30 06:07:17,415 [4b4c7497-a7ec-4f2a-a6c9-18b9f4a92a5f@group-E99C5BDD80CF-LeaderElection13] INFO  impl.LeaderElection (LeaderElection.java:logAndReturn(56)) - 4b4c7497-a7ec-4f2a-a6c9-18b9f4a92a5f@group-E99C5BDD80CF-LeaderElection13: Election REJECTED; received 2 response(s) [4b4c7497-a7ec-4f2a-a6c9-18b9f4a92a5f<-78a2ca6d-ab27-408c-be71-e2595a145569#0:FAIL-t12, 4b4c7497-a7ec-4f2a-a6c9-18b9f4a92a5f<-47e59444-ad4b-4d8b-b6f4-160f3329f764#0:FAIL-t12] and 0 exception(s); 4b4c7497-a7ec-4f2a-a6c9-18b9f4a92a5f@group-E99C5BDD80CF:t12, leader=null, voted=4b4c7497-a7ec-4f2a-a6c9-18b9f4a92a5f, raftlog=4b4c7497-a7ec-4f2a-a6c9-18b9f4a92a5f@group-E99C5BDD80CF-SegmentedRaftLog:OPENED:c3,f4,i4, conf=0: [78a2ca6d-ab27-408c-be71-e2595a145569:192.168.34.21:37717, 4b4c7497-a7ec-4f2a-a6c9-18b9f4a92a5f:192.168.34.21:41258, 47e59444-ad4b-4d8b-b6f4-160f3329f764:192.168.34.21:39722], old=null
2019-10-30 06:07:17,416 [4b4c7497-a7ec-4f2a-a6c9-18b9f4a92a5f@group-E99C5BDD80CF-LeaderElection13] INFO  impl.RaftServerImpl (RaftServerImpl.java:setRole(184)) - 4b4c7497-a7ec-4f2a-a6c9-18b9f4a92a5f@group-E99C5BDD80CF: changes role from CANDIDATE to FOLLOWER at term 12 for DISCOVERED_A_NEW_TERM
2019-10-30 06:07:17,416 [4b4c7497-a7ec-4f2a-a6c9-18b9f4a92a5f@group-E99C5BDD80CF-LeaderElection13] INFO  impl.RoleInfo (RoleInfo.java:shutdownLeaderElection(134)) - 4b4c7497-a7ec-4f2a-a6c9-18b9f4a92a5f: shutdown LeaderElection
2019-10-30 06:07:17,416 [4b4c7497-a7ec-4f2a-a6c9-18b9f4a92a5f@group-E99C5BDD80CF-LeaderElection13] INFO  impl.RoleInfo (RoleInfo.java:updateAndGet(143)) - 4b4c7497-a7ec-4f2a-a6c9-18b9f4a92a5f: start FollowerState
2019-10-30 06:07:17,434 [BlockDeletingService#2] WARN  background.BlockDeletingService (BlockDeletingService.java:isDeletionAllowed(187)) - Close Container log Index 6 is not replicated across allthe servers in the pipeline 55028169-3584-4748-a1dc-e99c5bdd80cf as the min replicated index is 4. Deletion is not allowed in this container yet.
2019-10-30 06:07:17,435 [BlockDeletingService#2] WARN  background.BlockDeletingService (BlockDeletingService.java:isDeletionAllowed(187)) - Close Container log Index 6 is not replicated across allthe servers in the pipeline 55028169-3584-4748-a1dc-e99c5bdd80cf as the min replicated index is 4. Deletion is not allowed in this container yet.
2019-10-30 06:07:17,565 [Thread-623] INFO  impl.FollowerState (FollowerState.java:run(108)) - 4b4c7497-a7ec-4f2a-a6c9-18b9f4a92a5f@group-E99C5BDD80CF-FollowerState: change to CANDIDATE, lastRpcTime:148ms, electionTimeout:145ms
2019-10-30 06:07:17,565 [Thread-623] INFO  impl.RoleInfo (RoleInfo.java:shutdownFollowerState(121)) - 4b4c7497-a7ec-4f2a-a6c9-18b9f4a92a5f: shutdown FollowerState
2019-10-30 06:07:17,565 [Thread-623] INFO  impl.RaftServerImpl (RaftServerImpl.java:setRole(184)) - 4b4c7497-a7ec-4f2a-a6c9-18b9f4a92a5f@group-E99C5BDD80CF: changes role from  FOLLOWER to CANDIDATE at term 12 for changeToCandidate
2019-10-30 06:07:17,565 [Thread-623] INFO  impl.RoleInfo (RoleInfo.java:updateAndGet(143)) - 4b4c7497-a7ec-4f2a-a6c9-18b9f4a92a5f: start LeaderElection
2019-10-30 06:07:17,580 [4b4c7497-a7ec-4f2a-a6c9-18b9f4a92a5f@group-E99C5BDD80CF-LeaderElection14] INFO  impl.LeaderElection (LeaderElection.java:askForVotes(178)) - 4b4c7497-a7ec-4f2a-a6c9-18b9f4a92a5f@group-E99C5BDD80CF-LeaderElection14: begin an election at term 13 for 0: [78a2ca6d-ab27-408c-be71-e2595a145569:192.168.34.21:37717, 4b4c7497-a7ec-4f2a-a6c9-18b9f4a92a5f:192.168.34.21:41258, 47e59444-ad4b-4d8b-b6f4-160f3329f764:192.168.34.21:39722], old=null
2019-10-30 06:07:17,584 [grpc-default-executor-4] INFO  impl.RaftServerImpl (RaftServerImpl.java:setRole(184)) - 47e59444-ad4b-4d8b-b6f4-160f3329f764@group-E99C5BDD80CF: changes role from  FOLLOWER to FOLLOWER at term 13 for recognizeCandidate:4b4c7497-a7ec-4f2a-a6c9-18b9f4a92a5f
2019-10-30 06:07:17,584 [grpc-default-executor-4] INFO  impl.RoleInfo (RoleInfo.java:shutdownFollowerState(121)) - 47e59444-ad4b-4d8b-b6f4-160f3329f764: shutdown FollowerState
2019-10-30 06:07:17,584 [grpc-default-executor-3] INFO  impl.RaftServerImpl (RaftServerImpl.java:setRole(184)) - 78a2ca6d-ab27-408c-be71-e2595a145569@group-E99C5BDD80CF: changes role from  FOLLOWER to FOLLOWER at term 13 for recognizeCandidate:4b4c7497-a7ec-4f2a-a6c9-18b9f4a92a5f
2019-10-30 06:07:17,584 [Thread-621] INFO  impl.FollowerState (FollowerState.java:run(117)) - 47e59444-ad4b-4d8b-b6f4-160f3329f764@group-E99C5BDD80CF-FollowerState was interrupted: java.lang.InterruptedException: sleep interrupted
2019-10-30 06:07:17,584 [grpc-default-executor-4] INFO  impl.RoleInfo (RoleInfo.java:updateAndGet(143)) - 47e59444-ad4b-4d8b-b6f4-160f3329f764: start FollowerState
2019-10-30 06:07:17,584 [grpc-default-executor-3] INFO  impl.RoleInfo (RoleInfo.java:shutdownFollowerState(121)) - 78a2ca6d-ab27-408c-be71-e2595a145569: shutdown FollowerState
2019-10-30 06:07:17,585 [Thread-622] INFO  impl.FollowerState (FollowerState.java:run(117)) - 78a2ca6d-ab27-408c-be71-e2595a145569@group-E99C5BDD80CF-FollowerState was interrupted: java.lang.InterruptedException: sleep interrupted
2019-10-30 06:07:17,585 [grpc-default-executor-3] INFO  impl.RoleInfo (RoleInfo.java:updateAndGet(143)) - 78a2ca6d-ab27-408c-be71-e2595a145569: start FollowerState
2019-10-30 06:07:17,607 [4b4c7497-a7ec-4f2a-a6c9-18b9f4a92a5f@group-E99C5BDD80CF-LeaderElection14] INFO  impl.LeaderElection (LeaderElection.java:logAndReturn(56)) - 4b4c7497-a7ec-4f2a-a6c9-18b9f4a92a5f@group-E99C5BDD80CF-LeaderElection14: Election REJECTED; received 2 response(s) [4b4c7497-a7ec-4f2a-a6c9-18b9f4a92a5f<-78a2ca6d-ab27-408c-be71-e2595a145569#0:FAIL-t13, 4b4c7497-a7ec-4f2a-a6c9-18b9f4a92a5f<-47e59444-ad4b-4d8b-b6f4-160f3329f764#0:FAIL-t13] and 0 exception(s); 4b4c7497-a7ec-4f2a-a6c9-18b9f4a92a5f@group-E99C5BDD80CF:t13, leader=null, voted=4b4c7497-a7ec-4f2a-a6c9-18b9f4a92a5f, raftlog=4b4c7497-a7ec-4f2a-a6c9-18b9f4a92a5f@group-E99C5BDD80CF-SegmentedRaftLog:OPENED:c3,f4,i4, conf=0: [78a2ca6d-ab27-408c-be71-e2595a145569:192.168.34.21:37717, 4b4c7497-a7ec-4f2a-a6c9-18b9f4a92a5f:192.168.34.21:41258, 47e59444-ad4b-4d8b-b6f4-160f3329f764:192.168.34.21:39722], old=null
2019-10-30 06:07:17,608 [4b4c7497-a7ec-4f2a-a6c9-18b9f4a92a5f@group-E99C5BDD80CF-LeaderElection14] INFO  impl.RaftServerImpl (RaftServerImpl.java:setRole(184)) - 4b4c7497-a7ec-4f2a-a6c9-18b9f4a92a5f@group-E99C5BDD80CF: changes role from CANDIDATE to FOLLOWER at term 13 for DISCOVERED_A_NEW_TERM
2019-10-30 06:07:17,608 [4b4c7497-a7ec-4f2a-a6c9-18b9f4a92a5f@group-E99C5BDD80CF-LeaderElection14] INFO  impl.RoleInfo (RoleInfo.java:shutdownLeaderElection(134)) - 4b4c7497-a7ec-4f2a-a6c9-18b9f4a92a5f: shutdown LeaderElection
2019-10-30 06:07:17,608 [4b4c7497-a7ec-4f2a-a6c9-18b9f4a92a5f@group-E99C5BDD80CF-LeaderElection14] INFO  impl.RoleInfo (RoleInfo.java:updateAndGet(143)) - 4b4c7497-a7ec-4f2a-a6c9-18b9f4a92a5f: start FollowerState
2019-10-30 06:07:17,790 [Thread-631] INFO  impl.FollowerState (FollowerState.java:run(108)) - 4b4c7497-a7ec-4f2a-a6c9-18b9f4a92a5f@group-E99C5BDD80CF-FollowerState: change to CANDIDATE, lastRpcTime:182ms, electionTimeout:182ms
2019-10-30 06:07:17,792 [Thread-631] INFO  impl.RoleInfo (RoleInfo.java:shutdownFollowerState(121)) - 4b4c7497-a7ec-4f2a-a6c9-18b9f4a92a5f: shutdown FollowerState
2019-10-30 06:07:17,792 [Thread-631] INFO  impl.RaftServerImpl (RaftServerImpl.java:setRole(184)) - 4b4c7497-a7ec-4f2a-a6c9-18b9f4a92a5f@group-E99C5BDD80CF: changes role from  FOLLOWER to CANDIDATE at term 13 for changeToCandidate
2019-10-30 06:07:17,792 [Thread-631] INFO  impl.RoleInfo (RoleInfo.java:updateAndGet(143)) - 4b4c7497-a7ec-4f2a-a6c9-18b9f4a92a5f: start LeaderElection
2019-10-30 06:07:17,806 [4b4c7497-a7ec-4f2a-a6c9-18b9f4a92a5f@group-E99C5BDD80CF-LeaderElection15] INFO  impl.LeaderElection (LeaderElection.java:askForVotes(178)) - 4b4c7497-a7ec-4f2a-a6c9-18b9f4a92a5f@group-E99C5BDD80CF-LeaderElection15: begin an election at term 14 for 0: [78a2ca6d-ab27-408c-be71-e2595a145569:192.168.34.21:37717, 4b4c7497-a7ec-4f2a-a6c9-18b9f4a92a5f:192.168.34.21:41258, 47e59444-ad4b-4d8b-b6f4-160f3329f764:192.168.34.21:39722], old=null
2019-10-30 06:07:17,812 [grpc-default-executor-4] INFO  impl.RaftServerImpl (RaftServerImpl.java:setRole(184)) - 78a2ca6d-ab27-408c-be71-e2595a145569@group-E99C5BDD80CF: changes role from  FOLLOWER to FOLLOWER at term 14 for recognizeCandidate:4b4c7497-a7ec-4f2a-a6c9-18b9f4a92a5f
2019-10-30 06:07:17,812 [grpc-default-executor-3] INFO  impl.RaftServerImpl (RaftServerImpl.java:setRole(184)) - 47e59444-ad4b-4d8b-b6f4-160f3329f764@group-E99C5BDD80CF: changes role from  FOLLOWER to FOLLOWER at term 14 for recognizeCandidate:4b4c7497-a7ec-4f2a-a6c9-18b9f4a92a5f
2019-10-30 06:07:17,812 [grpc-default-executor-4] INFO  impl.RoleInfo (RoleInfo.java:shutdownFollowerState(121)) - 78a2ca6d-ab27-408c-be71-e2595a145569: shutdown FollowerState
2019-10-30 06:07:17,812 [grpc-default-executor-3] INFO  impl.RoleInfo (RoleInfo.java:shutdownFollowerState(121)) - 47e59444-ad4b-4d8b-b6f4-160f3329f764: shutdown FollowerState
2019-10-30 06:07:17,812 [grpc-default-executor-4] INFO  impl.RoleInfo (RoleInfo.java:updateAndGet(143)) - 78a2ca6d-ab27-408c-be71-e2595a145569: start FollowerState
2019-10-30 06:07:17,812 [grpc-default-executor-3] INFO  impl.RoleInfo (RoleInfo.java:updateAndGet(143)) - 47e59444-ad4b-4d8b-b6f4-160f3329f764: start FollowerState
2019-10-30 06:07:17,812 [Thread-630] INFO  impl.FollowerState (FollowerState.java:run(117)) - 78a2ca6d-ab27-408c-be71-e2595a145569@group-E99C5BDD80CF-FollowerState was interrupted: java.lang.InterruptedException: sleep interrupted
2019-10-30 06:07:17,812 [Thread-629] INFO  impl.FollowerState (FollowerState.java:run(117)) - 47e59444-ad4b-4d8b-b6f4-160f3329f764@group-E99C5BDD80CF-FollowerState was interrupted: java.lang.InterruptedException: sleep interrupted
2019-10-30 06:07:17,825 [4b4c7497-a7ec-4f2a-a6c9-18b9f4a92a5f@group-E99C5BDD80CF-LeaderElection15] INFO  impl.LeaderElection (LeaderElection.java:logAndReturn(56)) - 4b4c7497-a7ec-4f2a-a6c9-18b9f4a92a5f@group-E99C5BDD80CF-LeaderElection15: Election TIMEOUT; received 0 response(s) [] and 0 exception(s); 4b4c7497-a7ec-4f2a-a6c9-18b9f4a92a5f@group-E99C5BDD80CF:t14, leader=null, voted=4b4c7497-a7ec-4f2a-a6c9-18b9f4a92a5f, raftlog=4b4c7497-a7ec-4f2a-a6c9-18b9f4a92a5f@group-E99C5BDD80CF-SegmentedRaftLog:OPENED:c3,f4,i4, conf=0: [78a2ca6d-ab27-408c-be71-e2595a145569:192.168.34.21:37717, 4b4c7497-a7ec-4f2a-a6c9-18b9f4a92a5f:192.168.34.21:41258, 47e59444-ad4b-4d8b-b6f4-160f3329f764:192.168.34.21:39722], old=null
2019-10-30 06:07:17,827 [Thread-639] INFO  client.GrpcClientProtocolService (GrpcClientProtocolService.java:lambda$processClientRequest$0(278)) - Failed RaftClientRequest:client-B8CB26F2FF35->78a2ca6d-ab27-408c-be71-e2595a145569@group-E99C5BDD80CF, cid=10, seq=0, Watch-ALL_COMMITTED(6), Message:<EMPTY>, reply=RaftClientReply:client-B8CB26F2FF35->78a2ca6d-ab27-408c-be71-e2595a145569@group-E99C5BDD80CF, cid=10, FAILED org.apache.ratis.protocol.NotLeaderException: Server 78a2ca6d-ab27-408c-be71-e2595a145569@group-E99C5BDD80CF is not the leader, logIndex=0, commits[78a2ca6d-ab27-408c-be71-e2595a145569:c10, 4b4c7497-a7ec-4f2a-a6c9-18b9f4a92a5f:c4, 47e59444-ad4b-4d8b-b6f4-160f3329f764:c10]
2019-10-30 06:07:17,830 [4b4c7497-a7ec-4f2a-a6c9-18b9f4a92a5f@group-E99C5BDD80CF-LeaderElection15] INFO  impl.LeaderElection (LeaderElection.java:askForVotes(178)) - 4b4c7497-a7ec-4f2a-a6c9-18b9f4a92a5f@group-E99C5BDD80CF-LeaderElection15: begin an election at term 15 for 0: [78a2ca6d-ab27-408c-be71-e2595a145569:192.168.34.21:37717, 4b4c7497-a7ec-4f2a-a6c9-18b9f4a92a5f:192.168.34.21:41258, 47e59444-ad4b-4d8b-b6f4-160f3329f764:192.168.34.21:39722], old=null
2019-10-30 06:07:17,833 [grpc-default-executor-4] INFO  impl.RaftServerImpl (RaftServerImpl.java:setRole(184)) - 47e59444-ad4b-4d8b-b6f4-160f3329f764@group-E99C5BDD80CF: changes role from  FOLLOWER to FOLLOWER at term 15 for recognizeCandidate:4b4c7497-a7ec-4f2a-a6c9-18b9f4a92a5f
2019-10-30 06:07:17,834 [grpc-default-executor-4] INFO  impl.RoleInfo (RoleInfo.java:shutdownFollowerState(121)) - 47e59444-ad4b-4d8b-b6f4-160f3329f764: shutdown FollowerState
2019-10-30 06:07:17,833 [grpc-default-executor-2] INFO  impl.RaftServerImpl (RaftServerImpl.java:setRole(184)) - 78a2ca6d-ab27-408c-be71-e2595a145569@group-E99C5BDD80CF: changes role from  FOLLOWER to FOLLOWER at term 15 for recognizeCandidate:4b4c7497-a7ec-4f2a-a6c9-18b9f4a92a5f
2019-10-30 06:07:17,835 [grpc-default-executor-4] INFO  impl.RoleInfo (RoleInfo.java:updateAndGet(143)) - 47e59444-ad4b-4d8b-b6f4-160f3329f764: start FollowerState
2019-10-30 06:07:17,835 [Thread-637] INFO  impl.FollowerState (FollowerState.java:run(117)) - 47e59444-ad4b-4d8b-b6f4-160f3329f764@group-E99C5BDD80CF-FollowerState was interrupted: java.lang.InterruptedException: sleep interrupted
2019-10-30 06:07:17,835 [grpc-default-executor-2] INFO  impl.RoleInfo (RoleInfo.java:shutdownFollowerState(121)) - 78a2ca6d-ab27-408c-be71-e2595a145569: shutdown FollowerState
2019-10-30 06:07:17,836 [Thread-636] INFO  impl.FollowerState (FollowerState.java:run(117)) - 78a2ca6d-ab27-408c-be71-e2595a145569@group-E99C5BDD80CF-FollowerState was interrupted: java.lang.InterruptedException: sleep interrupted
2019-10-30 06:07:17,836 [grpc-default-executor-2] INFO  impl.RoleInfo (RoleInfo.java:updateAndGet(143)) - 78a2ca6d-ab27-408c-be71-e2595a145569: start FollowerState
2019-10-30 06:07:17,847 [4b4c7497-a7ec-4f2a-a6c9-18b9f4a92a5f@group-E99C5BDD80CF-LeaderElection15] INFO  impl.LeaderElection (LeaderElection.java:logAndReturn(56)) - 4b4c7497-a7ec-4f2a-a6c9-18b9f4a92a5f@group-E99C5BDD80CF-LeaderElection15: Election REJECTED; received 2 response(s) [4b4c7497-a7ec-4f2a-a6c9-18b9f4a92a5f<-78a2ca6d-ab27-408c-be71-e2595a145569#0:FAIL-t15, 4b4c7497-a7ec-4f2a-a6c9-18b9f4a92a5f<-47e59444-ad4b-4d8b-b6f4-160f3329f764#0:FAIL-t15] and 0 exception(s); 4b4c7497-a7ec-4f2a-a6c9-18b9f4a92a5f@group-E99C5BDD80CF:t15, leader=null, voted=4b4c7497-a7ec-4f2a-a6c9-18b9f4a92a5f, raftlog=4b4c7497-a7ec-4f2a-a6c9-18b9f4a92a5f@group-E99C5BDD80CF-SegmentedRaftLog:OPENED:c3,f4,i4, conf=0: [78a2ca6d-ab27-408c-be71-e2595a145569:192.168.34.21:37717, 4b4c7497-a7ec-4f2a-a6c9-18b9f4a92a5f:192.168.34.21:41258, 47e59444-ad4b-4d8b-b6f4-160f3329f764:192.168.34.21:39722], old=null
2019-10-30 06:07:17,847 [4b4c7497-a7ec-4f2a-a6c9-18b9f4a92a5f@group-E99C5BDD80CF-LeaderElection15] INFO  impl.RaftServerImpl (RaftServerImpl.java:setRole(184)) - 4b4c7497-a7ec-4f2a-a6c9-18b9f4a92a5f@group-E99C5BDD80CF: changes role from CANDIDATE to FOLLOWER at term 15 for DISCOVERED_A_NEW_TERM
2019-10-30 06:07:17,847 [4b4c7497-a7ec-4f2a-a6c9-18b9f4a92a5f@group-E99C5BDD80CF-LeaderElection15] INFO  impl.RoleInfo (RoleInfo.java:shutdownLeaderElection(134)) - 4b4c7497-a7ec-4f2a-a6c9-18b9f4a92a5f: shutdown LeaderElection
2019-10-30 06:07:17,847 [4b4c7497-a7ec-4f2a-a6c9-18b9f4a92a5f@group-E99C5BDD80CF-LeaderElection15] INFO  impl.RoleInfo (RoleInfo.java:updateAndGet(143)) - 4b4c7497-a7ec-4f2a-a6c9-18b9f4a92a5f: start FollowerState
2019-10-30 06:07:17,855 [Thread-645] INFO  impl.FollowerState (FollowerState.java:run(108)) - 4b4c7497-a7ec-4f2a-a6c9-18b9f4a92a5f@group-E99C5BDD80CF-FollowerState: change to CANDIDATE, lastRpcTime:8ms, electionTimeout:8ms
2019-10-30 06:07:17,857 [Thread-645] INFO  impl.RoleInfo (RoleInfo.java:shutdownFollowerState(121)) - 4b4c7497-a7ec-4f2a-a6c9-18b9f4a92a5f: shutdown FollowerState
2019-10-30 06:07:17,857 [Thread-645] INFO  impl.RaftServerImpl (RaftServerImpl.java:setRole(184)) - 4b4c7497-a7ec-4f2a-a6c9-18b9f4a92a5f@group-E99C5BDD80CF: changes role from  FOLLOWER to CANDIDATE at term 15 for changeToCandidate
2019-10-30 06:07:17,857 [Thread-645] INFO  impl.RoleInfo (RoleInfo.java:updateAndGet(143)) - 4b4c7497-a7ec-4f2a-a6c9-18b9f4a92a5f: start LeaderElection
2019-10-30 06:07:17,871 [4b4c7497-a7ec-4f2a-a6c9-18b9f4a92a5f@group-E99C5BDD80CF-LeaderElection16] INFO  impl.LeaderElection (LeaderElection.java:askForVotes(178)) - 4b4c7497-a7ec-4f2a-a6c9-18b9f4a92a5f@group-E99C5BDD80CF-LeaderElection16: begin an election at term 16 for 0: [78a2ca6d-ab27-408c-be71-e2595a145569:192.168.34.21:37717, 4b4c7497-a7ec-4f2a-a6c9-18b9f4a92a5f:192.168.34.21:41258, 47e59444-ad4b-4d8b-b6f4-160f3329f764:192.168.34.21:39722], old=null
2019-10-30 06:07:17,873 [grpc-default-executor-4] INFO  impl.RaftServerImpl (RaftServerImpl.java:setRole(184)) - 47e59444-ad4b-4d8b-b6f4-160f3329f764@group-E99C5BDD80CF: changes role from  FOLLOWER to FOLLOWER at term 16 for recognizeCandidate:4b4c7497-a7ec-4f2a-a6c9-18b9f4a92a5f
2019-10-30 06:07:17,873 [grpc-default-executor-2] INFO  impl.RaftServerImpl (RaftServerImpl.java:setRole(184)) - 78a2ca6d-ab27-408c-be71-e2595a145569@group-E99C5BDD80CF: changes role from  FOLLOWER to FOLLOWER at term 16 for recognizeCandidate:4b4c7497-a7ec-4f2a-a6c9-18b9f4a92a5f
2019-10-30 06:07:17,873 [grpc-default-executor-4] INFO  impl.RoleInfo (RoleInfo.java:shutdownFollowerState(121)) - 47e59444-ad4b-4d8b-b6f4-160f3329f764: shutdown FollowerState
2019-10-30 06:07:17,874 [grpc-default-executor-2] INFO  impl.RoleInfo (RoleInfo.java:shutdownFollowerState(121)) - 78a2ca6d-ab27-408c-be71-e2595a145569: shutdown FollowerState
2019-10-30 06:07:17,874 [Thread-643] INFO  impl.FollowerState (FollowerState.java:run(117)) - 47e59444-ad4b-4d8b-b6f4-160f3329f764@group-E99C5BDD80CF-FollowerState was interrupted: java.lang.InterruptedException: sleep interrupted
2019-10-30 06:07:17,874 [Thread-644] INFO  impl.FollowerState (FollowerState.java:run(117)) - 78a2ca6d-ab27-408c-be71-e2595a145569@group-E99C5BDD80CF-FollowerState was interrupted: java.lang.InterruptedException: sleep interrupted
2019-10-30 06:07:17,874 [grpc-default-executor-4] INFO  impl.RoleInfo (RoleInfo.java:updateAndGet(143)) - 47e59444-ad4b-4d8b-b6f4-160f3329f764: start FollowerState
2019-10-30 06:07:17,874 [grpc-default-executor-2] INFO  impl.RoleInfo (RoleInfo.java:updateAndGet(143)) - 78a2ca6d-ab27-408c-be71-e2595a145569: start FollowerState
2019-10-30 06:07:17,889 [4b4c7497-a7ec-4f2a-a6c9-18b9f4a92a5f@group-E99C5BDD80CF-LeaderElection16] INFO  impl.LeaderElection (LeaderElection.java:logAndReturn(56)) - 4b4c7497-a7ec-4f2a-a6c9-18b9f4a92a5f@group-E99C5BDD80CF-LeaderElection16: Election REJECTED; received 2 response(s) [4b4c7497-a7ec-4f2a-a6c9-18b9f4a92a5f<-78a2ca6d-ab27-408c-be71-e2595a145569#0:FAIL-t16, 4b4c7497-a7ec-4f2a-a6c9-18b9f4a92a5f<-47e59444-ad4b-4d8b-b6f4-160f3329f764#0:FAIL-t16] and 0 exception(s); 4b4c7497-a7ec-4f2a-a6c9-18b9f4a92a5f@group-E99C5BDD80CF:t16, leader=null, voted=4b4c7497-a7ec-4f2a-a6c9-18b9f4a92a5f, raftlog=4b4c7497-a7ec-4f2a-a6c9-18b9f4a92a5f@group-E99C5BDD80CF-SegmentedRaftLog:OPENED:c3,f4,i4, conf=0: [78a2ca6d-ab27-408c-be71-e2595a145569:192.168.34.21:37717, 4b4c7497-a7ec-4f2a-a6c9-18b9f4a92a5f:192.168.34.21:41258, 47e59444-ad4b-4d8b-b6f4-160f3329f764:192.168.34.21:39722], old=null
2019-10-30 06:07:17,889 [4b4c7497-a7ec-4f2a-a6c9-18b9f4a92a5f@group-E99C5BDD80CF-LeaderElection16] INFO  impl.RaftServerImpl (RaftServerImpl.java:setRole(184)) - 4b4c7497-a7ec-4f2a-a6c9-18b9f4a92a5f@group-E99C5BDD80CF: changes role from CANDIDATE to FOLLOWER at term 16 for DISCOVERED_A_NEW_TERM
2019-10-30 06:07:17,889 [4b4c7497-a7ec-4f2a-a6c9-18b9f4a92a5f@group-E99C5BDD80CF-LeaderElection16] INFO  impl.RoleInfo (RoleInfo.java:shutdownLeaderElection(134)) - 4b4c7497-a7ec-4f2a-a6c9-18b9f4a92a5f: shutdown LeaderElection
2019-10-30 06:07:17,889 [4b4c7497-a7ec-4f2a-a6c9-18b9f4a92a5f@group-E99C5BDD80CF-LeaderElection16] INFO  impl.RoleInfo (RoleInfo.java:updateAndGet(143)) - 4b4c7497-a7ec-4f2a-a6c9-18b9f4a92a5f: start FollowerState
2019-10-30 06:07:17,986 [pool-7-thread-2] INFO  commands.RetriableDatanodeEventWatcher (RetriableDatanodeEventWatcher.java:onTimeout(47)) - RetriableDatanodeCommand type=deleteBlocksCommand with id=1572415633987 timed out. Retrying.
2019-10-30 06:07:17,989 [pool-7-thread-1] INFO  commands.RetriableDatanodeEventWatcher (RetriableDatanodeEventWatcher.java:onTimeout(47)) - RetriableDatanodeCommand type=deleteBlocksCommand with id=1572415633985 timed out. Retrying.
2019-10-30 06:07:17,990 [pool-7-thread-4] INFO  commands.RetriableDatanodeEventWatcher (RetriableDatanodeEventWatcher.java:onTimeout(47)) - RetriableDatanodeCommand type=deleteBlocksCommand with id=1572415633988 timed out. Retrying.
2019-10-30 06:07:17,990 [pool-7-thread-3] INFO  commands.RetriableDatanodeEventWatcher (RetriableDatanodeEventWatcher.java:onTimeout(47)) - RetriableDatanodeCommand type=deleteBlocksCommand with id=1572415633986 timed out. Retrying.
2019-10-30 06:07:17,991 [SCMBlockDeletingService#0] INFO  block.SCMBlockDeletingService (SCMBlockDeletingService.java:call(184)) - Totally added 1 delete blocks command for 1 datanodes, task elapsed time: 0ms
2019-10-30 06:07:18,020 [Thread-651] INFO  impl.FollowerState (FollowerState.java:run(108)) - 4b4c7497-a7ec-4f2a-a6c9-18b9f4a92a5f@group-E99C5BDD80CF-FollowerState: change to CANDIDATE, lastRpcTime:131ms, electionTimeout:131ms
2019-10-30 06:07:18,021 [Thread-651] INFO  impl.RoleInfo (RoleInfo.java:shutdownFollowerState(121)) - 4b4c7497-a7ec-4f2a-a6c9-18b9f4a92a5f: shutdown FollowerState
2019-10-30 06:07:18,021 [Thread-651] INFO  impl.RaftServerImpl (RaftServerImpl.java:setRole(184)) - 4b4c7497-a7ec-4f2a-a6c9-18b9f4a92a5f@group-E99C5BDD80CF: changes role from  FOLLOWER to CANDIDATE at term 16 for changeToCandidate
2019-10-30 06:07:18,021 [Thread-651] INFO  impl.RoleInfo (RoleInfo.java:updateAndGet(143)) - 4b4c7497-a7ec-4f2a-a6c9-18b9f4a92a5f: start LeaderElection
2019-10-30 06:07:18,035 [4b4c7497-a7ec-4f2a-a6c9-18b9f4a92a5f@group-E99C5BDD80CF-LeaderElection17] INFO  impl.LeaderElection (LeaderElection.java:askForVotes(178)) - 4b4c7497-a7ec-4f2a-a6c9-18b9f4a92a5f@group-E99C5BDD80CF-LeaderElection17: begin an election at term 17 for 0: [78a2ca6d-ab27-408c-be71-e2595a145569:192.168.34.21:37717, 4b4c7497-a7ec-4f2a-a6c9-18b9f4a92a5f:192.168.34.21:41258, 47e59444-ad4b-4d8b-b6f4-160f3329f764:192.168.34.21:39722], old=null
2019-10-30 06:07:18,038 [grpc-default-executor-4] INFO  impl.RaftServerImpl (RaftServerImpl.java:setRole(184)) - 47e59444-ad4b-4d8b-b6f4-160f3329f764@group-E99C5BDD80CF: changes role from  FOLLOWER to FOLLOWER at term 17 for recognizeCandidate:4b4c7497-a7ec-4f2a-a6c9-18b9f4a92a5f
2019-10-30 06:07:18,038 [grpc-default-executor-2] INFO  impl.RaftServerImpl (RaftServerImpl.java:setRole(184)) - 78a2ca6d-ab27-408c-be71-e2595a145569@group-E99C5BDD80CF: changes role from  FOLLOWER to FOLLOWER at term 17 for recognizeCandidate:4b4c7497-a7ec-4f2a-a6c9-18b9f4a92a5f
2019-10-30 06:07:18,038 [grpc-default-executor-4] INFO  impl.RoleInfo (RoleInfo.java:shutdownFollowerState(121)) - 47e59444-ad4b-4d8b-b6f4-160f3329f764: shutdown FollowerState
2019-10-30 06:07:18,038 [grpc-default-executor-2] INFO  impl.RoleInfo (RoleInfo.java:shutdownFollowerState(121)) - 78a2ca6d-ab27-408c-be71-e2595a145569: shutdown FollowerState
2019-10-30 06:07:18,038 [grpc-default-executor-4] INFO  impl.RoleInfo (RoleInfo.java:updateAndGet(143)) - 47e59444-ad4b-4d8b-b6f4-160f3329f764: start FollowerState
2019-10-30 06:07:18,038 [Thread-650] INFO  impl.FollowerState (FollowerState.java:run(117)) - 78a2ca6d-ab27-408c-be71-e2595a145569@group-E99C5BDD80CF-FollowerState was interrupted: java.lang.InterruptedException: sleep interrupted
2019-10-30 06:07:18,038 [grpc-default-executor-2] INFO  impl.RoleInfo (RoleInfo.java:updateAndGet(143)) - 78a2ca6d-ab27-408c-be71-e2595a145569: start FollowerState
2019-10-30 06:07:18,038 [Thread-649] INFO  impl.FollowerState (FollowerState.java:run(117)) - 47e59444-ad4b-4d8b-b6f4-160f3329f764@group-E99C5BDD80CF-FollowerState was interrupted: java.lang.InterruptedException: sleep interrupted
2019-10-30 06:07:18,065 [4b4c7497-a7ec-4f2a-a6c9-18b9f4a92a5f@group-E99C5BDD80CF-LeaderElection17] INFO  impl.LeaderElection (LeaderElection.java:logAndReturn(56)) - 4b4c7497-a7ec-4f2a-a6c9-18b9f4a92a5f@group-E99C5BDD80CF-LeaderElection17: Election REJECTED; received 2 response(s) [4b4c7497-a7ec-4f2a-a6c9-18b9f4a92a5f<-78a2ca6d-ab27-408c-be71-e2595a145569#0:FAIL-t17, 4b4c7497-a7ec-4f2a-a6c9-18b9f4a92a5f<-47e59444-ad4b-4d8b-b6f4-160f3329f764#0:FAIL-t17] and 0 exception(s); 4b4c7497-a7ec-4f2a-a6c9-18b9f4a92a5f@group-E99C5BDD80CF:t17, leader=null, voted=4b4c7497-a7ec-4f2a-a6c9-18b9f4a92a5f, raftlog=4b4c7497-a7ec-4f2a-a6c9-18b9f4a92a5f@group-E99C5BDD80CF-SegmentedRaftLog:OPENED:c3,f4,i4, conf=0: [78a2ca6d-ab27-408c-be71-e2595a145569:192.168.34.21:37717, 4b4c7497-a7ec-4f2a-a6c9-18b9f4a92a5f:192.168.34.21:41258, 47e59444-ad4b-4d8b-b6f4-160f3329f764:192.168.34.21:39722], old=null
2019-10-30 06:07:18,065 [4b4c7497-a7ec-4f2a-a6c9-18b9f4a92a5f@group-E99C5BDD80CF-LeaderElection17] INFO  impl.RaftServerImpl (RaftServerImpl.java:setRole(184)) - 4b4c7497-a7ec-4f2a-a6c9-18b9f4a92a5f@group-E99C5BDD80CF: changes role from CANDIDATE to FOLLOWER at term 17 for DISCOVERED_A_NEW_TERM
2019-10-30 06:07:18,065 [4b4c7497-a7ec-4f2a-a6c9-18b9f4a92a5f@group-E99C5BDD80CF-LeaderElection17] INFO  impl.RoleInfo (RoleInfo.java:shutdownLeaderElection(134)) - 4b4c7497-a7ec-4f2a-a6c9-18b9f4a92a5f: shutdown LeaderElection
2019-10-30 06:07:18,065 [4b4c7497-a7ec-4f2a-a6c9-18b9f4a92a5f@group-E99C5BDD80CF-LeaderElection17] INFO  impl.RoleInfo (RoleInfo.java:updateAndGet(143)) - 4b4c7497-a7ec-4f2a-a6c9-18b9f4a92a5f: start FollowerState
2019-10-30 06:07:18,201 [Thread-657] INFO  impl.FollowerState (FollowerState.java:run(108)) - 4b4c7497-a7ec-4f2a-a6c9-18b9f4a92a5f@group-E99C5BDD80CF-FollowerState: change to CANDIDATE, lastRpcTime:135ms, electionTimeout:135ms
2019-10-30 06:07:18,203 [Thread-657] INFO  impl.RoleInfo (RoleInfo.java:shutdownFollowerState(121)) - 4b4c7497-a7ec-4f2a-a6c9-18b9f4a92a5f: shutdown FollowerState
2019-10-30 06:07:18,203 [Thread-657] INFO  impl.RaftServerImpl (RaftServerImpl.java:setRole(184)) - 4b4c7497-a7ec-4f2a-a6c9-18b9f4a92a5f@group-E99C5BDD80CF: changes role from  FOLLOWER to CANDIDATE at term 17 for changeToCandidate
2019-10-30 06:07:18,203 [Thread-657] INFO  impl.RoleInfo (RoleInfo.java:updateAndGet(143)) - 4b4c7497-a7ec-4f2a-a6c9-18b9f4a92a5f: start LeaderElection
2019-10-30 06:07:18,218 [4b4c7497-a7ec-4f2a-a6c9-18b9f4a92a5f@group-E99C5BDD80CF-LeaderElection18] INFO  impl.LeaderElection (LeaderElection.java:askForVotes(178)) - 4b4c7497-a7ec-4f2a-a6c9-18b9f4a92a5f@group-E99C5BDD80CF-LeaderElection18: begin an election at term 18 for 0: [78a2ca6d-ab27-408c-be71-e2595a145569:192.168.34.21:37717, 4b4c7497-a7ec-4f2a-a6c9-18b9f4a92a5f:192.168.34.21:41258, 47e59444-ad4b-4d8b-b6f4-160f3329f764:192.168.34.21:39722], old=null
2019-10-30 06:07:18,221 [grpc-default-executor-2] INFO  impl.RaftServerImpl (RaftServerImpl.java:setRole(184)) - 47e59444-ad4b-4d8b-b6f4-160f3329f764@group-E99C5BDD80CF: changes role from  FOLLOWER to FOLLOWER at term 18 for recognizeCandidate:4b4c7497-a7ec-4f2a-a6c9-18b9f4a92a5f
2019-10-30 06:07:18,221 [grpc-default-executor-4] INFO  impl.RaftServerImpl (RaftServerImpl.java:setRole(184)) - 78a2ca6d-ab27-408c-be71-e2595a145569@group-E99C5BDD80CF: changes role from  FOLLOWER to FOLLOWER at term 18 for recognizeCandidate:4b4c7497-a7ec-4f2a-a6c9-18b9f4a92a5f
2019-10-30 06:07:18,222 [grpc-default-executor-2] INFO  impl.RoleInfo (RoleInfo.java:shutdownFollowerState(121)) - 47e59444-ad4b-4d8b-b6f4-160f3329f764: shutdown FollowerState
2019-10-30 06:07:18,222 [grpc-default-executor-4] INFO  impl.RoleInfo (RoleInfo.java:shutdownFollowerState(121)) - 78a2ca6d-ab27-408c-be71-e2595a145569: shutdown FollowerState
2019-10-30 06:07:18,222 [Thread-655] INFO  impl.FollowerState (FollowerState.java:run(117)) - 47e59444-ad4b-4d8b-b6f4-160f3329f764@group-E99C5BDD80CF-FollowerState was interrupted: java.lang.InterruptedException: sleep interrupted
2019-10-30 06:07:18,222 [grpc-default-executor-2] INFO  impl.RoleInfo (RoleInfo.java:updateAndGet(143)) - 47e59444-ad4b-4d8b-b6f4-160f3329f764: start FollowerState
2019-10-30 06:07:18,222 [grpc-default-executor-4] INFO  impl.RoleInfo (RoleInfo.java:updateAndGet(143)) - 78a2ca6d-ab27-408c-be71-e2595a145569: start FollowerState
2019-10-30 06:07:18,222 [Thread-656] INFO  impl.FollowerState (FollowerState.java:run(117)) - 78a2ca6d-ab27-408c-be71-e2595a145569@group-E99C5BDD80CF-FollowerState was interrupted: java.lang.InterruptedException: sleep interrupted
2019-10-30 06:07:18,249 [4b4c7497-a7ec-4f2a-a6c9-18b9f4a92a5f@group-E99C5BDD80CF-LeaderElection18] INFO  impl.LeaderElection (LeaderElection.java:logAndReturn(56)) - 4b4c7497-a7ec-4f2a-a6c9-18b9f4a92a5f@group-E99C5BDD80CF-LeaderElection18: Election REJECTED; received 2 response(s) [4b4c7497-a7ec-4f2a-a6c9-18b9f4a92a5f<-78a2ca6d-ab27-408c-be71-e2595a145569#0:FAIL-t18, 4b4c7497-a7ec-4f2a-a6c9-18b9f4a92a5f<-47e59444-ad4b-4d8b-b6f4-160f3329f764#0:FAIL-t18] and 0 exception(s); 4b4c7497-a7ec-4f2a-a6c9-18b9f4a92a5f@group-E99C5BDD80CF:t18, leader=null, voted=4b4c7497-a7ec-4f2a-a6c9-18b9f4a92a5f, raftlog=4b4c7497-a7ec-4f2a-a6c9-18b9f4a92a5f@group-E99C5BDD80CF-SegmentedRaftLog:OPENED:c3,f4,i4, conf=0: [78a2ca6d-ab27-408c-be71-e2595a145569:192.168.34.21:37717, 4b4c7497-a7ec-4f2a-a6c9-18b9f4a92a5f:192.168.34.21:41258, 47e59444-ad4b-4d8b-b6f4-160f3329f764:192.168.34.21:39722], old=null
2019-10-30 06:07:18,249 [4b4c7497-a7ec-4f2a-a6c9-18b9f4a92a5f@group-E99C5BDD80CF-LeaderElection18] INFO  impl.RaftServerImpl (RaftServerImpl.java:setRole(184)) - 4b4c7497-a7ec-4f2a-a6c9-18b9f4a92a5f@group-E99C5BDD80CF: changes role from CANDIDATE to FOLLOWER at term 18 for DISCOVERED_A_NEW_TERM
2019-10-30 06:07:18,249 [4b4c7497-a7ec-4f2a-a6c9-18b9f4a92a5f@group-E99C5BDD80CF-LeaderElection18] INFO  impl.RoleInfo (RoleInfo.java:shutdownLeaderElection(134)) - 4b4c7497-a7ec-4f2a-a6c9-18b9f4a92a5f: shutdown LeaderElection
2019-10-30 06:07:18,249 [4b4c7497-a7ec-4f2a-a6c9-18b9f4a92a5f@group-E99C5BDD80CF-LeaderElection18] INFO  impl.RoleInfo (RoleInfo.java:updateAndGet(143)) - 4b4c7497-a7ec-4f2a-a6c9-18b9f4a92a5f: start FollowerState
2019-10-30 06:07:18,396 [Thread-663] INFO  impl.FollowerState (FollowerState.java:run(108)) - 4b4c7497-a7ec-4f2a-a6c9-18b9f4a92a5f@group-E99C5BDD80CF-FollowerState: change to CANDIDATE, lastRpcTime:146ms, electionTimeout:146ms
2019-10-30 06:07:18,397 [Thread-663] INFO  impl.RoleInfo (RoleInfo.java:shutdownFollowerState(121)) - 4b4c7497-a7ec-4f2a-a6c9-18b9f4a92a5f: shutdown FollowerState
2019-10-30 06:07:18,397 [Thread-663] INFO  impl.RaftServerImpl (RaftServerImpl.java:setRole(184)) - 4b4c7497-a7ec-4f2a-a6c9-18b9f4a92a5f@group-E99C5BDD80CF: changes role from  FOLLOWER to CANDIDATE at term 18 for changeToCandidate
2019-10-30 06:07:18,397 [Thread-663] INFO  impl.RoleInfo (RoleInfo.java:updateAndGet(143)) - 4b4c7497-a7ec-4f2a-a6c9-18b9f4a92a5f: start LeaderElection
2019-10-30 06:07:18,412 [4b4c7497-a7ec-4f2a-a6c9-18b9f4a92a5f@group-E99C5BDD80CF-LeaderElection19] INFO  impl.LeaderElection (LeaderElection.java:askForVotes(178)) - 4b4c7497-a7ec-4f2a-a6c9-18b9f4a92a5f@group-E99C5BDD80CF-LeaderElection19: begin an election at term 19 for 0: [78a2ca6d-ab27-408c-be71-e2595a145569:192.168.34.21:37717, 4b4c7497-a7ec-4f2a-a6c9-18b9f4a92a5f:192.168.34.21:41258, 47e59444-ad4b-4d8b-b6f4-160f3329f764:192.168.34.21:39722], old=null
2019-10-30 06:07:18,415 [grpc-default-executor-2] INFO  impl.RaftServerImpl (RaftServerImpl.java:setRole(184)) - 78a2ca6d-ab27-408c-be71-e2595a145569@group-E99C5BDD80CF: changes role from  FOLLOWER to FOLLOWER at term 19 for recognizeCandidate:4b4c7497-a7ec-4f2a-a6c9-18b9f4a92a5f
2019-10-30 06:07:18,415 [grpc-default-executor-2] INFO  impl.RoleInfo (RoleInfo.java:shutdownFollowerState(121)) - 78a2ca6d-ab27-408c-be71-e2595a145569: shutdown FollowerState
2019-10-30 06:07:18,415 [grpc-default-executor-4] INFO  impl.RaftServerImpl (RaftServerImpl.java:setRole(184)) - 47e59444-ad4b-4d8b-b6f4-160f3329f764@group-E99C5BDD80CF: changes role from  FOLLOWER to FOLLOWER at term 19 for recognizeCandidate:4b4c7497-a7ec-4f2a-a6c9-18b9f4a92a5f
2019-10-30 06:07:18,415 [Thread-662] INFO  impl.FollowerState (FollowerState.java:run(117)) - 78a2ca6d-ab27-408c-be71-e2595a145569@group-E99C5BDD80CF-FollowerState was interrupted: java.lang.InterruptedException: sleep interrupted
2019-10-30 06:07:18,415 [grpc-default-executor-2] INFO  impl.RoleInfo (RoleInfo.java:updateAndGet(143)) - 78a2ca6d-ab27-408c-be71-e2595a145569: start FollowerState
2019-10-30 06:07:18,415 [grpc-default-executor-4] INFO  impl.RoleInfo (RoleInfo.java:shutdownFollowerState(121)) - 47e59444-ad4b-4d8b-b6f4-160f3329f764: shutdown FollowerState
2019-10-30 06:07:18,416 [Thread-661] INFO  impl.FollowerState (FollowerState.java:run(117)) - 47e59444-ad4b-4d8b-b6f4-160f3329f764@group-E99C5BDD80CF-FollowerState was interrupted: java.lang.InterruptedException: sleep interrupted
2019-10-30 06:07:18,416 [grpc-default-executor-4] INFO  impl.RoleInfo (RoleInfo.java:updateAndGet(143)) - 47e59444-ad4b-4d8b-b6f4-160f3329f764: start FollowerState
2019-10-30 06:07:18,430 [4b4c7497-a7ec-4f2a-a6c9-18b9f4a92a5f@group-E99C5BDD80CF-LeaderElection19] INFO  impl.LeaderElection (LeaderElection.java:logAndReturn(56)) - 4b4c7497-a7ec-4f2a-a6c9-18b9f4a92a5f@group-E99C5BDD80CF-LeaderElection19: Election TIMEOUT; received 0 response(s) [] and 0 exception(s); 4b4c7497-a7ec-4f2a-a6c9-18b9f4a92a5f@group-E99C5BDD80CF:t19, leader=null, voted=4b4c7497-a7ec-4f2a-a6c9-18b9f4a92a5f, raftlog=4b4c7497-a7ec-4f2a-a6c9-18b9f4a92a5f@group-E99C5BDD80CF-SegmentedRaftLog:OPENED:c3,f4,i4, conf=0: [78a2ca6d-ab27-408c-be71-e2595a145569:192.168.34.21:37717, 4b4c7497-a7ec-4f2a-a6c9-18b9f4a92a5f:192.168.34.21:41258, 47e59444-ad4b-4d8b-b6f4-160f3329f764:192.168.34.21:39722], old=null
2019-10-30 06:07:18,434 [4b4c7497-a7ec-4f2a-a6c9-18b9f4a92a5f@group-E99C5BDD80CF-LeaderElection19] INFO  impl.LeaderElection (LeaderElection.java:askForVotes(178)) - 4b4c7497-a7ec-4f2a-a6c9-18b9f4a92a5f@group-E99C5BDD80CF-LeaderElection19: begin an election at term 20 for 0: [78a2ca6d-ab27-408c-be71-e2595a145569:192.168.34.21:37717, 4b4c7497-a7ec-4f2a-a6c9-18b9f4a92a5f:192.168.34.21:41258, 47e59444-ad4b-4d8b-b6f4-160f3329f764:192.168.34.21:39722], old=null
2019-10-30 06:07:18,436 [grpc-default-executor-2] INFO  impl.RaftServerImpl (RaftServerImpl.java:setRole(184)) - 47e59444-ad4b-4d8b-b6f4-160f3329f764@group-E99C5BDD80CF: changes role from  FOLLOWER to FOLLOWER at term 20 for recognizeCandidate:4b4c7497-a7ec-4f2a-a6c9-18b9f4a92a5f
2019-10-30 06:07:18,437 [grpc-default-executor-2] INFO  impl.RoleInfo (RoleInfo.java:shutdownFollowerState(121)) - 47e59444-ad4b-4d8b-b6f4-160f3329f764: shutdown FollowerState
2019-10-30 06:07:18,437 [BlockDeletingService#2] WARN  background.BlockDeletingService (BlockDeletingService.java:isDeletionAllowed(187)) - Close Container log Index 6 is not replicated across allthe servers in the pipeline 55028169-3584-4748-a1dc-e99c5bdd80cf as the min replicated index is 4. Deletion is not allowed in this container yet.
2019-10-30 06:07:18,437 [BlockDeletingService#2] WARN  background.BlockDeletingService (BlockDeletingService.java:isDeletionAllowed(187)) - Close Container log Index 6 is not replicated across allthe servers in the pipeline 55028169-3584-4748-a1dc-e99c5bdd80cf as the min replicated index is 4. Deletion is not allowed in this container yet.
2019-10-30 06:07:18,437 [Thread-668] INFO  impl.FollowerState (FollowerState.java:run(117)) - 47e59444-ad4b-4d8b-b6f4-160f3329f764@group-E99C5BDD80CF-FollowerState was interrupted: java.lang.InterruptedException: sleep interrupted
2019-10-30 06:07:18,437 [grpc-default-executor-2] INFO  impl.RoleInfo (RoleInfo.java:updateAndGet(143)) - 47e59444-ad4b-4d8b-b6f4-160f3329f764: start FollowerState
2019-10-30 06:07:18,438 [grpc-default-executor-4] INFO  impl.RaftServerImpl (RaftServerImpl.java:setRole(184)) - 78a2ca6d-ab27-408c-be71-e2595a145569@group-E99C5BDD80CF: changes role from  FOLLOWER to FOLLOWER at term 20 for recognizeCandidate:4b4c7497-a7ec-4f2a-a6c9-18b9f4a92a5f
2019-10-30 06:07:18,438 [grpc-default-executor-4] INFO  impl.RoleInfo (RoleInfo.java:shutdownFollowerState(121)) - 78a2ca6d-ab27-408c-be71-e2595a145569: shutdown FollowerState
2019-10-30 06:07:18,438 [grpc-default-executor-4] INFO  impl.RoleInfo (RoleInfo.java:updateAndGet(143)) - 78a2ca6d-ab27-408c-be71-e2595a145569: start FollowerState
2019-10-30 06:07:18,438 [Thread-667] INFO  impl.FollowerState (FollowerState.java:run(117)) - 78a2ca6d-ab27-408c-be71-e2595a145569@group-E99C5BDD80CF-FollowerState was interrupted: java.lang.InterruptedException: sleep interrupted
2019-10-30 06:07:18,453 [4b4c7497-a7ec-4f2a-a6c9-18b9f4a92a5f@group-E99C5BDD80CF-LeaderElection19] INFO  impl.LeaderElection (LeaderElection.java:logAndReturn(56)) - 4b4c7497-a7ec-4f2a-a6c9-18b9f4a92a5f@group-E99C5BDD80CF-LeaderElection19: Election REJECTED; received 2 response(s) [4b4c7497-a7ec-4f2a-a6c9-18b9f4a92a5f<-78a2ca6d-ab27-408c-be71-e2595a145569#0:FAIL-t20, 4b4c7497-a7ec-4f2a-a6c9-18b9f4a92a5f<-47e59444-ad4b-4d8b-b6f4-160f3329f764#0:FAIL-t20] and 0 exception(s); 4b4c7497-a7ec-4f2a-a6c9-18b9f4a92a5f@group-E99C5BDD80CF:t20, leader=null, voted=4b4c7497-a7ec-4f2a-a6c9-18b9f4a92a5f, raftlog=4b4c7497-a7ec-4f2a-a6c9-18b9f4a92a5f@group-E99C5BDD80CF-SegmentedRaftLog:OPENED:c3,f4,i4, conf=0: [78a2ca6d-ab27-408c-be71-e2595a145569:192.168.34.21:37717, 4b4c7497-a7ec-4f2a-a6c9-18b9f4a92a5f:192.168.34.21:41258, 47e59444-ad4b-4d8b-b6f4-160f3329f764:192.168.34.21:39722], old=null
2019-10-30 06:07:18,453 [4b4c7497-a7ec-4f2a-a6c9-18b9f4a92a5f@group-E99C5BDD80CF-LeaderElection19] INFO  impl.RaftServerImpl (RaftServerImpl.java:setRole(184)) - 4b4c7497-a7ec-4f2a-a6c9-18b9f4a92a5f@group-E99C5BDD80CF: changes role from CANDIDATE to FOLLOWER at term 20 for DISCOVERED_A_NEW_TERM
2019-10-30 06:07:18,453 [4b4c7497-a7ec-4f2a-a6c9-18b9f4a92a5f@group-E99C5BDD80CF-LeaderElection19] INFO  impl.RoleInfo (RoleInfo.java:shutdownLeaderElection(134)) - 4b4c7497-a7ec-4f2a-a6c9-18b9f4a92a5f: shutdown LeaderElection
2019-10-30 06:07:18,453 [4b4c7497-a7ec-4f2a-a6c9-18b9f4a92a5f@group-E99C5BDD80CF-LeaderElection19] INFO  impl.RoleInfo (RoleInfo.java:updateAndGet(143)) - 4b4c7497-a7ec-4f2a-a6c9-18b9f4a92a5f: start FollowerState
2019-10-30 06:07:18,554 [Thread-675] INFO  impl.FollowerState (FollowerState.java:run(108)) - 4b4c7497-a7ec-4f2a-a6c9-18b9f4a92a5f@group-E99C5BDD80CF-FollowerState: change to CANDIDATE, lastRpcTime:100ms, electionTimeout:100ms
2019-10-30 06:07:18,556 [Thread-675] INFO  impl.RoleInfo (RoleInfo.java:shutdownFollowerState(121)) - 4b4c7497-a7ec-4f2a-a6c9-18b9f4a92a5f: shutdown FollowerState
2019-10-30 06:07:18,556 [Thread-675] INFO  impl.RaftServerImpl (RaftServerImpl.java:setRole(184)) - 4b4c7497-a7ec-4f2a-a6c9-18b9f4a92a5f@group-E99C5BDD80CF: changes role from  FOLLOWER to CANDIDATE at term 20 for changeToCandidate
2019-10-30 06:07:18,556 [Thread-675] INFO  impl.RoleInfo (RoleInfo.java:updateAndGet(143)) - 4b4c7497-a7ec-4f2a-a6c9-18b9f4a92a5f: start LeaderElection
2019-10-30 06:07:18,569 [4b4c7497-a7ec-4f2a-a6c9-18b9f4a92a5f@group-E99C5BDD80CF-LeaderElection20] INFO  impl.LeaderElection (LeaderElection.java:askForVotes(178)) - 4b4c7497-a7ec-4f2a-a6c9-18b9f4a92a5f@group-E99C5BDD80CF-LeaderElection20: begin an election at term 21 for 0: [78a2ca6d-ab27-408c-be71-e2595a145569:192.168.34.21:37717, 4b4c7497-a7ec-4f2a-a6c9-18b9f4a92a5f:192.168.34.21:41258, 47e59444-ad4b-4d8b-b6f4-160f3329f764:192.168.34.21:39722], old=null
2019-10-30 06:07:18,570 [4b4c7497-a7ec-4f2a-a6c9-18b9f4a92a5f@group-E99C5BDD80CF-LeaderElection20] INFO  impl.LeaderElection (LeaderElection.java:logAndReturn(56)) - 4b4c7497-a7ec-4f2a-a6c9-18b9f4a92a5f@group-E99C5BDD80CF-LeaderElection20: Election TIMEOUT; received 0 response(s) [] and 0 exception(s); 4b4c7497-a7ec-4f2a-a6c9-18b9f4a92a5f@group-E99C5BDD80CF:t21, leader=null, voted=4b4c7497-a7ec-4f2a-a6c9-18b9f4a92a5f, raftlog=4b4c7497-a7ec-4f2a-a6c9-18b9f4a92a5f@group-E99C5BDD80CF-SegmentedRaftLog:OPENED:c3,f4,i4, conf=0: [78a2ca6d-ab27-408c-be71-e2595a145569:192.168.34.21:37717, 4b4c7497-a7ec-4f2a-a6c9-18b9f4a92a5f:192.168.34.21:41258, 47e59444-ad4b-4d8b-b6f4-160f3329f764:192.168.34.21:39722], old=null
2019-10-30 06:07:18,573 [grpc-default-executor-2] INFO  impl.RaftServerImpl (RaftServerImpl.java:setRole(184)) - 78a2ca6d-ab27-408c-be71-e2595a145569@group-E99C5BDD80CF: changes role from  FOLLOWER to FOLLOWER at term 21 for recognizeCandidate:4b4c7497-a7ec-4f2a-a6c9-18b9f4a92a5f
2019-10-30 06:07:18,573 [grpc-default-executor-4] INFO  impl.RaftServerImpl (RaftServerImpl.java:setRole(184)) - 47e59444-ad4b-4d8b-b6f4-160f3329f764@group-E99C5BDD80CF: changes role from  FOLLOWER to FOLLOWER at term 21 for recognizeCandidate:4b4c7497-a7ec-4f2a-a6c9-18b9f4a92a5f
2019-10-30 06:07:18,574 [grpc-default-executor-2] INFO  impl.RoleInfo (RoleInfo.java:shutdownFollowerState(121)) - 78a2ca6d-ab27-408c-be71-e2595a145569: shutdown FollowerState
2019-10-30 06:07:18,574 [grpc-default-executor-4] INFO  impl.RoleInfo (RoleInfo.java:shutdownFollowerState(121)) - 47e59444-ad4b-4d8b-b6f4-160f3329f764: shutdown FollowerState
2019-10-30 06:07:18,575 [Thread-674] INFO  impl.FollowerState (FollowerState.java:run(117)) - 78a2ca6d-ab27-408c-be71-e2595a145569@group-E99C5BDD80CF-FollowerState was interrupted: java.lang.InterruptedException: sleep interrupted
2019-10-30 06:07:18,575 [Thread-673] INFO  impl.FollowerState (FollowerState.java:run(117)) - 47e59444-ad4b-4d8b-b6f4-160f3329f764@group-E99C5BDD80CF-FollowerState was interrupted: java.lang.InterruptedException: sleep interrupted
2019-10-30 06:07:18,575 [grpc-default-executor-2] INFO  impl.RoleInfo (RoleInfo.java:updateAndGet(143)) - 78a2ca6d-ab27-408c-be71-e2595a145569: start FollowerState
2019-10-30 06:07:18,575 [grpc-default-executor-4] INFO  impl.RoleInfo (RoleInfo.java:updateAndGet(143)) - 47e59444-ad4b-4d8b-b6f4-160f3329f764: start FollowerState
2019-10-30 06:07:18,600 [4b4c7497-a7ec-4f2a-a6c9-18b9f4a92a5f@group-E99C5BDD80CF-LeaderElection20] INFO  impl.LeaderElection (LeaderElection.java:askForVotes(178)) - 4b4c7497-a7ec-4f2a-a6c9-18b9f4a92a5f@group-E99C5BDD80CF-LeaderElection20: begin an election at term 22 for 0: [78a2ca6d-ab27-408c-be71-e2595a145569:192.168.34.21:37717, 4b4c7497-a7ec-4f2a-a6c9-18b9f4a92a5f:192.168.34.21:41258, 47e59444-ad4b-4d8b-b6f4-160f3329f764:192.168.34.21:39722], old=null
2019-10-30 06:07:18,602 [grpc-default-executor-4] INFO  impl.RaftServerImpl (RaftServerImpl.java:setRole(184)) - 47e59444-ad4b-4d8b-b6f4-160f3329f764@group-E99C5BDD80CF: changes role from  FOLLOWER to FOLLOWER at term 22 for recognizeCandidate:4b4c7497-a7ec-4f2a-a6c9-18b9f4a92a5f
2019-10-30 06:07:18,602 [grpc-default-executor-2] INFO  impl.RaftServerImpl (RaftServerImpl.java:setRole(184)) - 78a2ca6d-ab27-408c-be71-e2595a145569@group-E99C5BDD80CF: changes role from  FOLLOWER to FOLLOWER at term 22 for recognizeCandidate:4b4c7497-a7ec-4f2a-a6c9-18b9f4a92a5f
2019-10-30 06:07:18,602 [grpc-default-executor-4] INFO  impl.RoleInfo (RoleInfo.java:shutdownFollowerState(121)) - 47e59444-ad4b-4d8b-b6f4-160f3329f764: shutdown FollowerState
2019-10-30 06:07:18,602 [grpc-default-executor-2] INFO  impl.RoleInfo (RoleInfo.java:shutdownFollowerState(121)) - 78a2ca6d-ab27-408c-be71-e2595a145569: shutdown FollowerState
2019-10-30 06:07:18,603 [grpc-default-executor-4] INFO  impl.RoleInfo (RoleInfo.java:updateAndGet(143)) - 47e59444-ad4b-4d8b-b6f4-160f3329f764: start FollowerState
2019-10-30 06:07:18,603 [Thread-680] INFO  impl.FollowerState (FollowerState.java:run(117)) - 47e59444-ad4b-4d8b-b6f4-160f3329f764@group-E99C5BDD80CF-FollowerState was interrupted: java.lang.InterruptedException: sleep interrupted
2019-10-30 06:07:18,603 [grpc-default-executor-2] INFO  impl.RoleInfo (RoleInfo.java:updateAndGet(143)) - 78a2ca6d-ab27-408c-be71-e2595a145569: start FollowerState
2019-10-30 06:07:18,603 [Thread-679] INFO  impl.FollowerState (FollowerState.java:run(117)) - 78a2ca6d-ab27-408c-be71-e2595a145569@group-E99C5BDD80CF-FollowerState was interrupted: java.lang.InterruptedException: sleep interrupted
2019-10-30 06:07:18,608 [EventQueue-PendingDeleteStatusForPendingDeleteHandler] INFO  block.SCMBlockDeletingService (SCMBlockDeletingService.java:handlePendingDeletes(115)) - Block deletion txnID mismatch in datanode 4b4c7497-a7ec-4f2a-a6c9-18b9f4a92a5f for containerID 1. Datanode delete txnID: 0, SCM txnID: 1
2019-10-30 06:07:18,619 [4b4c7497-a7ec-4f2a-a6c9-18b9f4a92a5f@group-E99C5BDD80CF-LeaderElection20] INFO  impl.LeaderElection (LeaderElection.java:logAndReturn(56)) - 4b4c7497-a7ec-4f2a-a6c9-18b9f4a92a5f@group-E99C5BDD80CF-LeaderElection20: Election REJECTED; received 2 response(s) [4b4c7497-a7ec-4f2a-a6c9-18b9f4a92a5f<-78a2ca6d-ab27-408c-be71-e2595a145569#0:FAIL-t22, 4b4c7497-a7ec-4f2a-a6c9-18b9f4a92a5f<-47e59444-ad4b-4d8b-b6f4-160f3329f764#0:FAIL-t22] and 0 exception(s); 4b4c7497-a7ec-4f2a-a6c9-18b9f4a92a5f@group-E99C5BDD80CF:t22, leader=null, voted=4b4c7497-a7ec-4f2a-a6c9-18b9f4a92a5f, raftlog=4b4c7497-a7ec-4f2a-a6c9-18b9f4a92a5f@group-E99C5BDD80CF-SegmentedRaftLog:OPENED:c3,f4,i4, conf=0: [78a2ca6d-ab27-408c-be71-e2595a145569:192.168.34.21:37717, 4b4c7497-a7ec-4f2a-a6c9-18b9f4a92a5f:192.168.34.21:41258, 47e59444-ad4b-4d8b-b6f4-160f3329f764:192.168.34.21:39722], old=null
2019-10-30 06:07:18,619 [4b4c7497-a7ec-4f2a-a6c9-18b9f4a92a5f@group-E99C5BDD80CF-LeaderElection20] INFO  impl.RaftServerImpl (RaftServerImpl.java:setRole(184)) - 4b4c7497-a7ec-4f2a-a6c9-18b9f4a92a5f@group-E99C5BDD80CF: changes role from CANDIDATE to FOLLOWER at term 22 for DISCOVERED_A_NEW_TERM
2019-10-30 06:07:18,619 [4b4c7497-a7ec-4f2a-a6c9-18b9f4a92a5f@group-E99C5BDD80CF-LeaderElection20] INFO  impl.RoleInfo (RoleInfo.java:shutdownLeaderElection(134)) - 4b4c7497-a7ec-4f2a-a6c9-18b9f4a92a5f: shutdown LeaderElection
2019-10-30 06:07:18,619 [4b4c7497-a7ec-4f2a-a6c9-18b9f4a92a5f@group-E99C5BDD80CF-LeaderElection20] INFO  impl.RoleInfo (RoleInfo.java:updateAndGet(143)) - 4b4c7497-a7ec-4f2a-a6c9-18b9f4a92a5f: start FollowerState
2019-10-30 06:07:18,679 [Thread-685] INFO  impl.FollowerState (FollowerState.java:run(108)) - 4b4c7497-a7ec-4f2a-a6c9-18b9f4a92a5f@group-E99C5BDD80CF-FollowerState: change to CANDIDATE, lastRpcTime:59ms, electionTimeout:59ms
2019-10-30 06:07:18,680 [Thread-685] INFO  impl.RoleInfo (RoleInfo.java:shutdownFollowerState(121)) - 4b4c7497-a7ec-4f2a-a6c9-18b9f4a92a5f: shutdown FollowerState
2019-10-30 06:07:18,680 [Thread-685] INFO  impl.RaftServerImpl (RaftServerImpl.java:setRole(184)) - 4b4c7497-a7ec-4f2a-a6c9-18b9f4a92a5f@group-E99C5BDD80CF: changes role from  FOLLOWER to CANDIDATE at term 22 for changeToCandidate
2019-10-30 06:07:18,680 [Thread-685] INFO  impl.RoleInfo (RoleInfo.java:updateAndGet(143)) - 4b4c7497-a7ec-4f2a-a6c9-18b9f4a92a5f: start LeaderElection
2019-10-30 06:07:18,694 [4b4c7497-a7ec-4f2a-a6c9-18b9f4a92a5f@group-E99C5BDD80CF-LeaderElection21] INFO  impl.LeaderElection (LeaderElection.java:askForVotes(178)) - 4b4c7497-a7ec-4f2a-a6c9-18b9f4a92a5f@group-E99C5BDD80CF-LeaderElection21: begin an election at term 23 for 0: [78a2ca6d-ab27-408c-be71-e2595a145569:192.168.34.21:37717, 4b4c7497-a7ec-4f2a-a6c9-18b9f4a92a5f:192.168.34.21:41258, 47e59444-ad4b-4d8b-b6f4-160f3329f764:192.168.34.21:39722], old=null
2019-10-30 06:07:18,697 [grpc-default-executor-4] INFO  impl.RaftServerImpl (RaftServerImpl.java:setRole(184)) - 47e59444-ad4b-4d8b-b6f4-160f3329f764@group-E99C5BDD80CF: changes role from  FOLLOWER to FOLLOWER at term 23 for recognizeCandidate:4b4c7497-a7ec-4f2a-a6c9-18b9f4a92a5f
2019-10-30 06:07:18,697 [grpc-default-executor-2] INFO  impl.RaftServerImpl (RaftServerImpl.java:setRole(184)) - 78a2ca6d-ab27-408c-be71-e2595a145569@group-E99C5BDD80CF: changes role from  FOLLOWER to FOLLOWER at term 23 for recognizeCandidate:4b4c7497-a7ec-4f2a-a6c9-18b9f4a92a5f
2019-10-30 06:07:18,697 [grpc-default-executor-4] INFO  impl.RoleInfo (RoleInfo.java:shutdownFollowerState(121)) - 47e59444-ad4b-4d8b-b6f4-160f3329f764: shutdown FollowerState
2019-10-30 06:07:18,697 [grpc-default-executor-2] INFO  impl.RoleInfo (RoleInfo.java:shutdownFollowerState(121)) - 78a2ca6d-ab27-408c-be71-e2595a145569: shutdown FollowerState
2019-10-30 06:07:18,698 [Thread-683] INFO  impl.FollowerState (FollowerState.java:run(117)) - 47e59444-ad4b-4d8b-b6f4-160f3329f764@group-E99C5BDD80CF-FollowerState was interrupted: java.lang.InterruptedException: sleep interrupted
2019-10-30 06:07:18,698 [grpc-default-executor-4] INFO  impl.RoleInfo (RoleInfo.java:updateAndGet(143)) - 47e59444-ad4b-4d8b-b6f4-160f3329f764: start FollowerState
2019-10-30 06:07:18,698 [grpc-default-executor-2] INFO  impl.RoleInfo (RoleInfo.java:updateAndGet(143)) - 78a2ca6d-ab27-408c-be71-e2595a145569: start FollowerState
2019-10-30 06:07:18,698 [Thread-684] INFO  impl.FollowerState (FollowerState.java:run(117)) - 78a2ca6d-ab27-408c-be71-e2595a145569@group-E99C5BDD80CF-FollowerState was interrupted: java.lang.InterruptedException: sleep interrupted
2019-10-30 06:07:18,713 [4b4c7497-a7ec-4f2a-a6c9-18b9f4a92a5f@group-E99C5BDD80CF-LeaderElection21] INFO  impl.LeaderElection (LeaderElection.java:logAndReturn(56)) - 4b4c7497-a7ec-4f2a-a6c9-18b9f4a92a5f@group-E99C5BDD80CF-LeaderElection21: Election REJECTED; received 2 response(s) [4b4c7497-a7ec-4f2a-a6c9-18b9f4a92a5f<-78a2ca6d-ab27-408c-be71-e2595a145569#0:FAIL-t23, 4b4c7497-a7ec-4f2a-a6c9-18b9f4a92a5f<-47e59444-ad4b-4d8b-b6f4-160f3329f764#0:FAIL-t23] and 0 exception(s); 4b4c7497-a7ec-4f2a-a6c9-18b9f4a92a5f@group-E99C5BDD80CF:t23, leader=null, voted=4b4c7497-a7ec-4f2a-a6c9-18b9f4a92a5f, raftlog=4b4c7497-a7ec-4f2a-a6c9-18b9f4a92a5f@group-E99C5BDD80CF-SegmentedRaftLog:OPENED:c3,f4,i4, conf=0: [78a2ca6d-ab27-408c-be71-e2595a145569:192.168.34.21:37717, 4b4c7497-a7ec-4f2a-a6c9-18b9f4a92a5f:192.168.34.21:41258, 47e59444-ad4b-4d8b-b6f4-160f3329f764:192.168.34.21:39722], old=null
2019-10-30 06:07:18,713 [4b4c7497-a7ec-4f2a-a6c9-18b9f4a92a5f@group-E99C5BDD80CF-LeaderElection21] INFO  impl.RaftServerImpl (RaftServerImpl.java:setRole(184)) - 4b4c7497-a7ec-4f2a-a6c9-18b9f4a92a5f@group-E99C5BDD80CF: changes role from CANDIDATE to FOLLOWER at term 23 for DISCOVERED_A_NEW_TERM
2019-10-30 06:07:18,713 [4b4c7497-a7ec-4f2a-a6c9-18b9f4a92a5f@group-E99C5BDD80CF-LeaderElection21] INFO  impl.RoleInfo (RoleInfo.java:shutdownLeaderElection(134)) - 4b4c7497-a7ec-4f2a-a6c9-18b9f4a92a5f: shutdown LeaderElection
2019-10-30 06:07:18,713 [4b4c7497-a7ec-4f2a-a6c9-18b9f4a92a5f@group-E99C5BDD80CF-LeaderElection21] INFO  impl.RoleInfo (RoleInfo.java:updateAndGet(143)) - 4b4c7497-a7ec-4f2a-a6c9-18b9f4a92a5f: start FollowerState
2019-10-30 06:07:18,745 [Thread-692] INFO  impl.FollowerState (FollowerState.java:run(108)) - 4b4c7497-a7ec-4f2a-a6c9-18b9f4a92a5f@group-E99C5BDD80CF-FollowerState: change to CANDIDATE, lastRpcTime:31ms, electionTimeout:31ms
2019-10-30 06:07:18,746 [Thread-692] INFO  impl.RoleInfo (RoleInfo.java:shutdownFollowerState(121)) - 4b4c7497-a7ec-4f2a-a6c9-18b9f4a92a5f: shutdown FollowerState
2019-10-30 06:07:18,746 [Thread-692] INFO  impl.RaftServerImpl (RaftServerImpl.java:setRole(184)) - 4b4c7497-a7ec-4f2a-a6c9-18b9f4a92a5f@group-E99C5BDD80CF: changes role from  FOLLOWER to CANDIDATE at term 23 for changeToCandidate
2019-10-30 06:07:18,746 [Thread-692] INFO  impl.RoleInfo (RoleInfo.java:updateAndGet(143)) - 4b4c7497-a7ec-4f2a-a6c9-18b9f4a92a5f: start LeaderElection
2019-10-30 06:07:18,761 [4b4c7497-a7ec-4f2a-a6c9-18b9f4a92a5f@group-E99C5BDD80CF-LeaderElection22] INFO  impl.LeaderElection (LeaderElection.java:askForVotes(178)) - 4b4c7497-a7ec-4f2a-a6c9-18b9f4a92a5f@group-E99C5BDD80CF-LeaderElection22: begin an election at term 24 for 0: [78a2ca6d-ab27-408c-be71-e2595a145569:192.168.34.21:37717, 4b4c7497-a7ec-4f2a-a6c9-18b9f4a92a5f:192.168.34.21:41258, 47e59444-ad4b-4d8b-b6f4-160f3329f764:192.168.34.21:39722], old=null
2019-10-30 06:07:18,763 [grpc-default-executor-4] INFO  impl.RaftServerImpl (RaftServerImpl.java:setRole(184)) - 47e59444-ad4b-4d8b-b6f4-160f3329f764@group-E99C5BDD80CF: changes role from  FOLLOWER to FOLLOWER at term 24 for recognizeCandidate:4b4c7497-a7ec-4f2a-a6c9-18b9f4a92a5f
2019-10-30 06:07:18,764 [grpc-default-executor-2] INFO  impl.RaftServerImpl (RaftServerImpl.java:setRole(184)) - 78a2ca6d-ab27-408c-be71-e2595a145569@group-E99C5BDD80CF: changes role from  FOLLOWER to FOLLOWER at term 24 for recognizeCandidate:4b4c7497-a7ec-4f2a-a6c9-18b9f4a92a5f
2019-10-30 06:07:18,764 [grpc-default-executor-4] INFO  impl.RoleInfo (RoleInfo.java:shutdownFollowerState(121)) - 47e59444-ad4b-4d8b-b6f4-160f3329f764: shutdown FollowerState
2019-10-30 06:07:18,764 [grpc-default-executor-2] INFO  impl.RoleInfo (RoleInfo.java:shutdownFollowerState(121)) - 78a2ca6d-ab27-408c-be71-e2595a145569: shutdown FollowerState
2019-10-30 06:07:18,764 [grpc-default-executor-4] INFO  impl.RoleInfo (RoleInfo.java:updateAndGet(143)) - 47e59444-ad4b-4d8b-b6f4-160f3329f764: start FollowerState
2019-10-30 06:07:18,764 [Thread-690] INFO  impl.FollowerState (FollowerState.java:run(117)) - 47e59444-ad4b-4d8b-b6f4-160f3329f764@group-E99C5BDD80CF-FollowerState was interrupted: java.lang.InterruptedException: sleep interrupted
2019-10-30 06:07:18,764 [Thread-691] INFO  impl.FollowerState (FollowerState.java:run(117)) - 78a2ca6d-ab27-408c-be71-e2595a145569@group-E99C5BDD80CF-FollowerState was interrupted: java.lang.InterruptedException: sleep interrupted
2019-10-30 06:07:18,764 [grpc-default-executor-2] INFO  impl.RoleInfo (RoleInfo.java:updateAndGet(143)) - 78a2ca6d-ab27-408c-be71-e2595a145569: start FollowerState
2019-10-30 06:07:18,766 [4b4c7497-a7ec-4f2a-a6c9-18b9f4a92a5f@group-E99C5BDD80CF-LeaderElection22] INFO  impl.LeaderElection (LeaderElection.java:logAndReturn(56)) - 4b4c7497-a7ec-4f2a-a6c9-18b9f4a92a5f@group-E99C5BDD80CF-LeaderElection22: Election TIMEOUT; received 0 response(s) [] and 0 exception(s); 4b4c7497-a7ec-4f2a-a6c9-18b9f4a92a5f@group-E99C5BDD80CF:t24, leader=null, voted=4b4c7497-a7ec-4f2a-a6c9-18b9f4a92a5f, raftlog=4b4c7497-a7ec-4f2a-a6c9-18b9f4a92a5f@group-E99C5BDD80CF-SegmentedRaftLog:OPENED:c3,f4,i4, conf=0: [78a2ca6d-ab27-408c-be71-e2595a145569:192.168.34.21:37717, 4b4c7497-a7ec-4f2a-a6c9-18b9f4a92a5f:192.168.34.21:41258, 47e59444-ad4b-4d8b-b6f4-160f3329f764:192.168.34.21:39722], old=null
2019-10-30 06:07:18,789 [4b4c7497-a7ec-4f2a-a6c9-18b9f4a92a5f@group-E99C5BDD80CF-LeaderElection22] INFO  impl.LeaderElection (LeaderElection.java:askForVotes(178)) - 4b4c7497-a7ec-4f2a-a6c9-18b9f4a92a5f@group-E99C5BDD80CF-LeaderElection22: begin an election at term 25 for 0: [78a2ca6d-ab27-408c-be71-e2595a145569:192.168.34.21:37717, 4b4c7497-a7ec-4f2a-a6c9-18b9f4a92a5f:192.168.34.21:41258, 47e59444-ad4b-4d8b-b6f4-160f3329f764:192.168.34.21:39722], old=null
2019-10-30 06:07:18,791 [grpc-default-executor-2] INFO  impl.RaftServerImpl (RaftServerImpl.java:setRole(184)) - 78a2ca6d-ab27-408c-be71-e2595a145569@group-E99C5BDD80CF: changes role from  FOLLOWER to FOLLOWER at term 25 for recognizeCandidate:4b4c7497-a7ec-4f2a-a6c9-18b9f4a92a5f
2019-10-30 06:07:18,792 [grpc-default-executor-4] INFO  impl.RaftServerImpl (RaftServerImpl.java:setRole(184)) - 47e59444-ad4b-4d8b-b6f4-160f3329f764@group-E99C5BDD80CF: changes role from  FOLLOWER to FOLLOWER at term 25 for recognizeCandidate:4b4c7497-a7ec-4f2a-a6c9-18b9f4a92a5f
2019-10-30 06:07:18,792 [grpc-default-executor-2] INFO  impl.RoleInfo (RoleInfo.java:shutdownFollowerState(121)) - 78a2ca6d-ab27-408c-be71-e2595a145569: shutdown FollowerState
2019-10-30 06:07:18,793 [grpc-default-executor-4] INFO  impl.RoleInfo (RoleInfo.java:shutdownFollowerState(121)) - 47e59444-ad4b-4d8b-b6f4-160f3329f764: shutdown FollowerState
2019-10-30 06:07:18,793 [Thread-697] INFO  impl.FollowerState (FollowerState.java:run(117)) - 78a2ca6d-ab27-408c-be71-e2595a145569@group-E99C5BDD80CF-FollowerState was interrupted: java.lang.InterruptedException: sleep interrupted
2019-10-30 06:07:18,793 [grpc-default-executor-4] INFO  impl.RoleInfo (RoleInfo.java:updateAndGet(143)) - 47e59444-ad4b-4d8b-b6f4-160f3329f764: start FollowerState
2019-10-30 06:07:18,793 [Thread-696] INFO  impl.FollowerState (FollowerState.java:run(117)) - 47e59444-ad4b-4d8b-b6f4-160f3329f764@group-E99C5BDD80CF-FollowerState was interrupted: java.lang.InterruptedException: sleep interrupted
2019-10-30 06:07:18,793 [grpc-default-executor-2] INFO  impl.RoleInfo (RoleInfo.java:updateAndGet(143)) - 78a2ca6d-ab27-408c-be71-e2595a145569: start FollowerState
2019-10-30 06:07:18,819 [4b4c7497-a7ec-4f2a-a6c9-18b9f4a92a5f@group-E99C5BDD80CF-LeaderElection22] INFO  impl.LeaderElection (LeaderElection.java:logAndReturn(56)) - 4b4c7497-a7ec-4f2a-a6c9-18b9f4a92a5f@group-E99C5BDD80CF-LeaderElection22: Election REJECTED; received 2 response(s) [4b4c7497-a7ec-4f2a-a6c9-18b9f4a92a5f<-78a2ca6d-ab27-408c-be71-e2595a145569#0:FAIL-t25, 4b4c7497-a7ec-4f2a-a6c9-18b9f4a92a5f<-47e59444-ad4b-4d8b-b6f4-160f3329f764#0:FAIL-t25] and 0 exception(s); 4b4c7497-a7ec-4f2a-a6c9-18b9f4a92a5f@group-E99C5BDD80CF:t25, leader=null, voted=4b4c7497-a7ec-4f2a-a6c9-18b9f4a92a5f, raftlog=4b4c7497-a7ec-4f2a-a6c9-18b9f4a92a5f@group-E99C5BDD80CF-SegmentedRaftLog:OPENED:c3,f4,i4, conf=0: [78a2ca6d-ab27-408c-be71-e2595a145569:192.168.34.21:37717, 4b4c7497-a7ec-4f2a-a6c9-18b9f4a92a5f:192.168.34.21:41258, 47e59444-ad4b-4d8b-b6f4-160f3329f764:192.168.34.21:39722], old=null
2019-10-30 06:07:18,820 [4b4c7497-a7ec-4f2a-a6c9-18b9f4a92a5f@group-E99C5BDD80CF-LeaderElection22] INFO  impl.RaftServerImpl (RaftServerImpl.java:setRole(184)) - 4b4c7497-a7ec-4f2a-a6c9-18b9f4a92a5f@group-E99C5BDD80CF: changes role from CANDIDATE to FOLLOWER at term 25 for DISCOVERED_A_NEW_TERM
2019-10-30 06:07:18,820 [4b4c7497-a7ec-4f2a-a6c9-18b9f4a92a5f@group-E99C5BDD80CF-LeaderElection22] INFO  impl.RoleInfo (RoleInfo.java:shutdownLeaderElection(134)) - 4b4c7497-a7ec-4f2a-a6c9-18b9f4a92a5f: shutdown LeaderElection
2019-10-30 06:07:18,820 [4b4c7497-a7ec-4f2a-a6c9-18b9f4a92a5f@group-E99C5BDD80CF-LeaderElection22] INFO  impl.RoleInfo (RoleInfo.java:updateAndGet(143)) - 4b4c7497-a7ec-4f2a-a6c9-18b9f4a92a5f: start FollowerState
2019-10-30 06:07:18,848 [Thread-704] INFO  client.GrpcClientProtocolService (GrpcClientProtocolService.java:lambda$processClientRequest$0(278)) - Failed RaftClientRequest:client-B8CB26F2FF35->47e59444-ad4b-4d8b-b6f4-160f3329f764@group-E99C5BDD80CF, cid=10, seq=0, Watch-ALL_COMMITTED(6), Message:<EMPTY>, reply=RaftClientReply:client-B8CB26F2FF35->47e59444-ad4b-4d8b-b6f4-160f3329f764@group-E99C5BDD80CF, cid=10, FAILED org.apache.ratis.protocol.NotLeaderException: Server 47e59444-ad4b-4d8b-b6f4-160f3329f764@group-E99C5BDD80CF is not the leader, logIndex=0, commits[47e59444-ad4b-4d8b-b6f4-160f3329f764:c10, 78a2ca6d-ab27-408c-be71-e2595a145569:c10, 4b4c7497-a7ec-4f2a-a6c9-18b9f4a92a5f:c4]
2019-10-30 06:07:18,863 [Thread-702] INFO  impl.FollowerState (FollowerState.java:run(108)) - 4b4c7497-a7ec-4f2a-a6c9-18b9f4a92a5f@group-E99C5BDD80CF-FollowerState: change to CANDIDATE, lastRpcTime:43ms, electionTimeout:43ms
2019-10-30 06:07:18,864 [Thread-702] INFO  impl.RoleInfo (RoleInfo.java:shutdownFollowerState(121)) - 4b4c7497-a7ec-4f2a-a6c9-18b9f4a92a5f: shutdown FollowerState
2019-10-30 06:07:18,864 [Thread-702] INFO  impl.RaftServerImpl (RaftServerImpl.java:setRole(184)) - 4b4c7497-a7ec-4f2a-a6c9-18b9f4a92a5f@group-E99C5BDD80CF: changes role from  FOLLOWER to CANDIDATE at term 25 for changeToCandidate
2019-10-30 06:07:18,864 [Thread-702] INFO  impl.RoleInfo (RoleInfo.java:updateAndGet(143)) - 4b4c7497-a7ec-4f2a-a6c9-18b9f4a92a5f: start LeaderElection
2019-10-30 06:07:18,878 [4b4c7497-a7ec-4f2a-a6c9-18b9f4a92a5f@group-E99C5BDD80CF-LeaderElection23] INFO  impl.LeaderElection (LeaderElection.java:askForVotes(178)) - 4b4c7497-a7ec-4f2a-a6c9-18b9f4a92a5f@group-E99C5BDD80CF-LeaderElection23: begin an election at term 26 for 0: [78a2ca6d-ab27-408c-be71-e2595a145569:192.168.34.21:37717, 4b4c7497-a7ec-4f2a-a6c9-18b9f4a92a5f:192.168.34.21:41258, 47e59444-ad4b-4d8b-b6f4-160f3329f764:192.168.34.21:39722], old=null
2019-10-30 06:07:18,881 [grpc-default-executor-2] INFO  impl.RaftServerImpl (RaftServerImpl.java:setRole(184)) - 78a2ca6d-ab27-408c-be71-e2595a145569@group-E99C5BDD80CF: changes role from  FOLLOWER to FOLLOWER at term 26 for recognizeCandidate:4b4c7497-a7ec-4f2a-a6c9-18b9f4a92a5f
2019-10-30 06:07:18,882 [grpc-default-executor-4] INFO  impl.RaftServerImpl (RaftServerImpl.java:setRole(184)) - 47e59444-ad4b-4d8b-b6f4-160f3329f764@group-E99C5BDD80CF: changes role from  FOLLOWER to FOLLOWER at term 26 for recognizeCandidate:4b4c7497-a7ec-4f2a-a6c9-18b9f4a92a5f
2019-10-30 06:07:18,882 [grpc-default-executor-4] INFO  impl.RoleInfo (RoleInfo.java:shutdownFollowerState(121)) - 47e59444-ad4b-4d8b-b6f4-160f3329f764: shutdown FollowerState
2019-10-30 06:07:18,882 [grpc-default-executor-2] INFO  impl.RoleInfo (RoleInfo.java:shutdownFollowerState(121)) - 78a2ca6d-ab27-408c-be71-e2595a145569: shutdown FollowerState
2019-10-30 06:07:18,882 [Thread-701] INFO  impl.FollowerState (FollowerState.java:run(117)) - 47e59444-ad4b-4d8b-b6f4-160f3329f764@group-E99C5BDD80CF-FollowerState was interrupted: java.lang.InterruptedException: sleep interrupted
2019-10-30 06:07:18,882 [grpc-default-executor-4] INFO  impl.RoleInfo (RoleInfo.java:updateAndGet(143)) - 47e59444-ad4b-4d8b-b6f4-160f3329f764: start FollowerState
2019-10-30 06:07:18,882 [grpc-default-executor-2] INFO  impl.RoleInfo (RoleInfo.java:updateAndGet(143)) - 78a2ca6d-ab27-408c-be71-e2595a145569: start FollowerState
2019-10-30 06:07:18,882 [Thread-700] INFO  impl.FollowerState (FollowerState.java:run(117)) - 78a2ca6d-ab27-408c-be71-e2595a145569@group-E99C5BDD80CF-FollowerState was interrupted: java.lang.InterruptedException: sleep interrupted
2019-10-30 06:07:18,909 [4b4c7497-a7ec-4f2a-a6c9-18b9f4a92a5f@group-E99C5BDD80CF-LeaderElection23] INFO  impl.LeaderElection (LeaderElection.java:logAndReturn(56)) - 4b4c7497-a7ec-4f2a-a6c9-18b9f4a92a5f@group-E99C5BDD80CF-LeaderElection23: Election REJECTED; received 2 response(s) [4b4c7497-a7ec-4f2a-a6c9-18b9f4a92a5f<-78a2ca6d-ab27-408c-be71-e2595a145569#0:FAIL-t26, 4b4c7497-a7ec-4f2a-a6c9-18b9f4a92a5f<-47e59444-ad4b-4d8b-b6f4-160f3329f764#0:FAIL-t26] and 0 exception(s); 4b4c7497-a7ec-4f2a-a6c9-18b9f4a92a5f@group-E99C5BDD80CF:t26, leader=null, voted=4b4c7497-a7ec-4f2a-a6c9-18b9f4a92a5f, raftlog=4b4c7497-a7ec-4f2a-a6c9-18b9f4a92a5f@group-E99C5BDD80CF-SegmentedRaftLog:OPENED:c3,f4,i4, conf=0: [78a2ca6d-ab27-408c-be71-e2595a145569:192.168.34.21:37717, 4b4c7497-a7ec-4f2a-a6c9-18b9f4a92a5f:192.168.34.21:41258, 47e59444-ad4b-4d8b-b6f4-160f3329f764:192.168.34.21:39722], old=null
2019-10-30 06:07:18,909 [4b4c7497-a7ec-4f2a-a6c9-18b9f4a92a5f@group-E99C5BDD80CF-LeaderElection23] INFO  impl.RaftServerImpl (RaftServerImpl.java:setRole(184)) - 4b4c7497-a7ec-4f2a-a6c9-18b9f4a92a5f@group-E99C5BDD80CF: changes role from CANDIDATE to FOLLOWER at term 26 for DISCOVERED_A_NEW_TERM
2019-10-30 06:07:18,909 [4b4c7497-a7ec-4f2a-a6c9-18b9f4a92a5f@group-E99C5BDD80CF-LeaderElection23] INFO  impl.RoleInfo (RoleInfo.java:shutdownLeaderElection(134)) - 4b4c7497-a7ec-4f2a-a6c9-18b9f4a92a5f: shutdown LeaderElection
2019-10-30 06:07:18,909 [4b4c7497-a7ec-4f2a-a6c9-18b9f4a92a5f@group-E99C5BDD80CF-LeaderElection23] INFO  impl.RoleInfo (RoleInfo.java:updateAndGet(143)) - 4b4c7497-a7ec-4f2a-a6c9-18b9f4a92a5f: start FollowerState
2019-10-30 06:07:18,991 [pool-7-thread-3] INFO  commands.RetriableDatanodeEventWatcher (RetriableDatanodeEventWatcher.java:onTimeout(47)) - RetriableDatanodeCommand type=deleteBlocksCommand with id=1572415633985 timed out. Retrying.
2019-10-30 06:07:18,993 [pool-7-thread-5] INFO  commands.RetriableDatanodeEventWatcher (RetriableDatanodeEventWatcher.java:onTimeout(47)) - RetriableDatanodeCommand type=deleteBlocksCommand with id=1572415633989 timed out. Retrying.
2019-10-30 06:07:18,993 [pool-7-thread-4] INFO  commands.RetriableDatanodeEventWatcher (RetriableDatanodeEventWatcher.java:onTimeout(47)) - RetriableDatanodeCommand type=deleteBlocksCommand with id=1572415633986 timed out. Retrying.
2019-10-30 06:07:18,993 [SCMBlockDeletingService#0] INFO  block.SCMBlockDeletingService (SCMBlockDeletingService.java:call(184)) - Totally added 1 delete blocks command for 1 datanodes, task elapsed time: 1ms
2019-10-30 06:07:18,993 [pool-7-thread-1] INFO  commands.RetriableDatanodeEventWatcher (RetriableDatanodeEventWatcher.java:onTimeout(47)) - RetriableDatanodeCommand type=deleteBlocksCommand with id=1572415633987 timed out. Retrying.
2019-10-30 06:07:18,993 [pool-7-thread-2] INFO  commands.RetriableDatanodeEventWatcher (RetriableDatanodeEventWatcher.java:onTimeout(47)) - RetriableDatanodeCommand type=deleteBlocksCommand with id=1572415633988 timed out. Retrying.
2019-10-30 06:07:19,096 [Thread-711] INFO  impl.FollowerState (FollowerState.java:run(108)) - 4b4c7497-a7ec-4f2a-a6c9-18b9f4a92a5f@group-E99C5BDD80CF-FollowerState: change to CANDIDATE, lastRpcTime:186ms, electionTimeout:186ms
2019-10-30 06:07:19,096 [Thread-711] INFO  impl.RoleInfo (RoleInfo.java:shutdownFollowerState(121)) - 4b4c7497-a7ec-4f2a-a6c9-18b9f4a92a5f: shutdown FollowerState
2019-10-30 06:07:19,096 [Thread-711] INFO  impl.RaftServerImpl (RaftServerImpl.java:setRole(184)) - 4b4c7497-a7ec-4f2a-a6c9-18b9f4a92a5f@group-E99C5BDD80CF: changes role from  FOLLOWER to CANDIDATE at term 26 for changeToCandidate
2019-10-30 06:07:19,096 [Thread-711] INFO  impl.RoleInfo (RoleInfo.java:updateAndGet(143)) - 4b4c7497-a7ec-4f2a-a6c9-18b9f4a92a5f: start LeaderElection
2019-10-30 06:07:19,110 [4b4c7497-a7ec-4f2a-a6c9-18b9f4a92a5f@group-E99C5BDD80CF-LeaderElection24] INFO  impl.LeaderElection (LeaderElection.java:askForVotes(178)) - 4b4c7497-a7ec-4f2a-a6c9-18b9f4a92a5f@group-E99C5BDD80CF-LeaderElection24: begin an election at term 27 for 0: [78a2ca6d-ab27-408c-be71-e2595a145569:192.168.34.21:37717, 4b4c7497-a7ec-4f2a-a6c9-18b9f4a92a5f:192.168.34.21:41258, 47e59444-ad4b-4d8b-b6f4-160f3329f764:192.168.34.21:39722], old=null
2019-10-30 06:07:19,112 [grpc-default-executor-2] INFO  impl.RaftServerImpl (RaftServerImpl.java:setRole(184)) - 78a2ca6d-ab27-408c-be71-e2595a145569@group-E99C5BDD80CF: changes role from  FOLLOWER to FOLLOWER at term 27 for recognizeCandidate:4b4c7497-a7ec-4f2a-a6c9-18b9f4a92a5f
2019-10-30 06:07:19,112 [grpc-default-executor-4] INFO  impl.RaftServerImpl (RaftServerImpl.java:setRole(184)) - 47e59444-ad4b-4d8b-b6f4-160f3329f764@group-E99C5BDD80CF: changes role from  FOLLOWER to FOLLOWER at term 27 for recognizeCandidate:4b4c7497-a7ec-4f2a-a6c9-18b9f4a92a5f
2019-10-30 06:07:19,113 [grpc-default-executor-2] INFO  impl.RoleInfo (RoleInfo.java:shutdownFollowerState(121)) - 78a2ca6d-ab27-408c-be71-e2595a145569: shutdown FollowerState
2019-10-30 06:07:19,113 [grpc-default-executor-4] INFO  impl.RoleInfo (RoleInfo.java:shutdownFollowerState(121)) - 47e59444-ad4b-4d8b-b6f4-160f3329f764: shutdown FollowerState
2019-10-30 06:07:19,113 [Thread-710] INFO  impl.FollowerState (FollowerState.java:run(117)) - 78a2ca6d-ab27-408c-be71-e2595a145569@group-E99C5BDD80CF-FollowerState was interrupted: java.lang.InterruptedException: sleep interrupted
2019-10-30 06:07:19,113 [grpc-default-executor-4] INFO  impl.RoleInfo (RoleInfo.java:updateAndGet(143)) - 47e59444-ad4b-4d8b-b6f4-160f3329f764: start FollowerState
2019-10-30 06:07:19,113 [grpc-default-executor-2] INFO  impl.RoleInfo (RoleInfo.java:updateAndGet(143)) - 78a2ca6d-ab27-408c-be71-e2595a145569: start FollowerState
2019-10-30 06:07:19,113 [Thread-709] INFO  impl.FollowerState (FollowerState.java:run(117)) - 47e59444-ad4b-4d8b-b6f4-160f3329f764@group-E99C5BDD80CF-FollowerState was interrupted: java.lang.InterruptedException: sleep interrupted
2019-10-30 06:07:19,129 [4b4c7497-a7ec-4f2a-a6c9-18b9f4a92a5f@group-E99C5BDD80CF-LeaderElection24] INFO  impl.LeaderElection (LeaderElection.java:logAndReturn(56)) - 4b4c7497-a7ec-4f2a-a6c9-18b9f4a92a5f@group-E99C5BDD80CF-LeaderElection24: Election REJECTED; received 2 response(s) [4b4c7497-a7ec-4f2a-a6c9-18b9f4a92a5f<-78a2ca6d-ab27-408c-be71-e2595a145569#0:FAIL-t27, 4b4c7497-a7ec-4f2a-a6c9-18b9f4a92a5f<-47e59444-ad4b-4d8b-b6f4-160f3329f764#0:FAIL-t27] and 0 exception(s); 4b4c7497-a7ec-4f2a-a6c9-18b9f4a92a5f@group-E99C5BDD80CF:t27, leader=null, voted=4b4c7497-a7ec-4f2a-a6c9-18b9f4a92a5f, raftlog=4b4c7497-a7ec-4f2a-a6c9-18b9f4a92a5f@group-E99C5BDD80CF-SegmentedRaftLog:OPENED:c3,f4,i4, conf=0: [78a2ca6d-ab27-408c-be71-e2595a145569:192.168.34.21:37717, 4b4c7497-a7ec-4f2a-a6c9-18b9f4a92a5f:192.168.34.21:41258, 47e59444-ad4b-4d8b-b6f4-160f3329f764:192.168.34.21:39722], old=null
2019-10-30 06:07:19,130 [4b4c7497-a7ec-4f2a-a6c9-18b9f4a92a5f@group-E99C5BDD80CF-LeaderElection24] INFO  impl.RaftServerImpl (RaftServerImpl.java:setRole(184)) - 4b4c7497-a7ec-4f2a-a6c9-18b9f4a92a5f@group-E99C5BDD80CF: changes role from CANDIDATE to FOLLOWER at term 27 for DISCOVERED_A_NEW_TERM
2019-10-30 06:07:19,130 [4b4c7497-a7ec-4f2a-a6c9-18b9f4a92a5f@group-E99C5BDD80CF-LeaderElection24] INFO  impl.RoleInfo (RoleInfo.java:shutdownLeaderElection(134)) - 4b4c7497-a7ec-4f2a-a6c9-18b9f4a92a5f: shutdown LeaderElection
2019-10-30 06:07:19,130 [4b4c7497-a7ec-4f2a-a6c9-18b9f4a92a5f@group-E99C5BDD80CF-LeaderElection24] INFO  impl.RoleInfo (RoleInfo.java:updateAndGet(143)) - 4b4c7497-a7ec-4f2a-a6c9-18b9f4a92a5f: start FollowerState
2019-10-30 06:07:19,313 [Thread-717] INFO  impl.FollowerState (FollowerState.java:run(108)) - 4b4c7497-a7ec-4f2a-a6c9-18b9f4a92a5f@group-E99C5BDD80CF-FollowerState: change to CANDIDATE, lastRpcTime:183ms, electionTimeout:183ms
2019-10-30 06:07:19,314 [Thread-717] INFO  impl.RoleInfo (RoleInfo.java:shutdownFollowerState(121)) - 4b4c7497-a7ec-4f2a-a6c9-18b9f4a92a5f: shutdown FollowerState
2019-10-30 06:07:19,315 [Thread-717] INFO  impl.RaftServerImpl (RaftServerImpl.java:setRole(184)) - 4b4c7497-a7ec-4f2a-a6c9-18b9f4a92a5f@group-E99C5BDD80CF: changes role from  FOLLOWER to CANDIDATE at term 27 for changeToCandidate
2019-10-30 06:07:19,315 [Thread-717] INFO  impl.RoleInfo (RoleInfo.java:updateAndGet(143)) - 4b4c7497-a7ec-4f2a-a6c9-18b9f4a92a5f: start LeaderElection
2019-10-30 06:07:19,328 [4b4c7497-a7ec-4f2a-a6c9-18b9f4a92a5f@group-E99C5BDD80CF-LeaderElection25] INFO  impl.LeaderElection (LeaderElection.java:askForVotes(178)) - 4b4c7497-a7ec-4f2a-a6c9-18b9f4a92a5f@group-E99C5BDD80CF-LeaderElection25: begin an election at term 28 for 0: [78a2ca6d-ab27-408c-be71-e2595a145569:192.168.34.21:37717, 4b4c7497-a7ec-4f2a-a6c9-18b9f4a92a5f:192.168.34.21:41258, 47e59444-ad4b-4d8b-b6f4-160f3329f764:192.168.34.21:39722], old=null
2019-10-30 06:07:19,330 [grpc-default-executor-4] INFO  impl.RaftServerImpl (RaftServerImpl.java:setRole(184)) - 47e59444-ad4b-4d8b-b6f4-160f3329f764@group-E99C5BDD80CF: changes role from  FOLLOWER to FOLLOWER at term 28 for recognizeCandidate:4b4c7497-a7ec-4f2a-a6c9-18b9f4a92a5f
2019-10-30 06:07:19,330 [grpc-default-executor-2] INFO  impl.RaftServerImpl (RaftServerImpl.java:setRole(184)) - 78a2ca6d-ab27-408c-be71-e2595a145569@group-E99C5BDD80CF: changes role from  FOLLOWER to FOLLOWER at term 28 for recognizeCandidate:4b4c7497-a7ec-4f2a-a6c9-18b9f4a92a5f
2019-10-30 06:07:19,331 [grpc-default-executor-4] INFO  impl.RoleInfo (RoleInfo.java:shutdownFollowerState(121)) - 47e59444-ad4b-4d8b-b6f4-160f3329f764: shutdown FollowerState
2019-10-30 06:07:19,331 [grpc-default-executor-2] INFO  impl.RoleInfo (RoleInfo.java:shutdownFollowerState(121)) - 78a2ca6d-ab27-408c-be71-e2595a145569: shutdown FollowerState
2019-10-30 06:07:19,331 [grpc-default-executor-4] INFO  impl.RoleInfo (RoleInfo.java:updateAndGet(143)) - 47e59444-ad4b-4d8b-b6f4-160f3329f764: start FollowerState
2019-10-30 06:07:19,331 [Thread-716] INFO  impl.FollowerState (FollowerState.java:run(117)) - 47e59444-ad4b-4d8b-b6f4-160f3329f764@group-E99C5BDD80CF-FollowerState was interrupted: java.lang.InterruptedException: sleep interrupted
2019-10-30 06:07:19,331 [Thread-715] INFO  impl.FollowerState (FollowerState.java:run(117)) - 78a2ca6d-ab27-408c-be71-e2595a145569@group-E99C5BDD80CF-FollowerState was interrupted: java.lang.InterruptedException: sleep interrupted
2019-10-30 06:07:19,331 [grpc-default-executor-2] INFO  impl.RoleInfo (RoleInfo.java:updateAndGet(143)) - 78a2ca6d-ab27-408c-be71-e2595a145569: start FollowerState
2019-10-30 06:07:19,346 [4b4c7497-a7ec-4f2a-a6c9-18b9f4a92a5f@group-E99C5BDD80CF-LeaderElection25] INFO  impl.LeaderElection (LeaderElection.java:logAndReturn(56)) - 4b4c7497-a7ec-4f2a-a6c9-18b9f4a92a5f@group-E99C5BDD80CF-LeaderElection25: Election REJECTED; received 2 response(s) [4b4c7497-a7ec-4f2a-a6c9-18b9f4a92a5f<-78a2ca6d-ab27-408c-be71-e2595a145569#0:FAIL-t28, 4b4c7497-a7ec-4f2a-a6c9-18b9f4a92a5f<-47e59444-ad4b-4d8b-b6f4-160f3329f764#0:FAIL-t28] and 0 exception(s); 4b4c7497-a7ec-4f2a-a6c9-18b9f4a92a5f@group-E99C5BDD80CF:t28, leader=null, voted=4b4c7497-a7ec-4f2a-a6c9-18b9f4a92a5f, raftlog=4b4c7497-a7ec-4f2a-a6c9-18b9f4a92a5f@group-E99C5BDD80CF-SegmentedRaftLog:OPENED:c3,f4,i4, conf=0: [78a2ca6d-ab27-408c-be71-e2595a145569:192.168.34.21:37717, 4b4c7497-a7ec-4f2a-a6c9-18b9f4a92a5f:192.168.34.21:41258, 47e59444-ad4b-4d8b-b6f4-160f3329f764:192.168.34.21:39722], old=null
2019-10-30 06:07:19,346 [4b4c7497-a7ec-4f2a-a6c9-18b9f4a92a5f@group-E99C5BDD80CF-LeaderElection25] INFO  impl.RaftServerImpl (RaftServerImpl.java:setRole(184)) - 4b4c7497-a7ec-4f2a-a6c9-18b9f4a92a5f@group-E99C5BDD80CF: changes role from CANDIDATE to FOLLOWER at term 28 for DISCOVERED_A_NEW_TERM
2019-10-30 06:07:19,346 [4b4c7497-a7ec-4f2a-a6c9-18b9f4a92a5f@group-E99C5BDD80CF-LeaderElection25] INFO  impl.RoleInfo (RoleInfo.java:shutdownLeaderElection(134)) - 4b4c7497-a7ec-4f2a-a6c9-18b9f4a92a5f: shutdown LeaderElection
2019-10-30 06:07:19,346 [4b4c7497-a7ec-4f2a-a6c9-18b9f4a92a5f@group-E99C5BDD80CF-LeaderElection25] INFO  impl.RoleInfo (RoleInfo.java:updateAndGet(143)) - 4b4c7497-a7ec-4f2a-a6c9-18b9f4a92a5f: start FollowerState
2019-10-30 06:07:19,406 [java.util.concurrent.ThreadPoolExecutor$Worker@2357ca47[State = -1, empty queue]] WARN  server.GrpcLogAppender (GrpcLogAppender.java:timeoutAppendRequest(209)) - 47e59444-ad4b-4d8b-b6f4-160f3329f764@group-E99C5BDD80CF->4b4c7497-a7ec-4f2a-a6c9-18b9f4a92a5f-GrpcLogAppender: appendEntries Timeout, request=47e59444-ad4b-4d8b-b6f4-160f3329f764->4b4c7497-a7ec-4f2a-a6c9-18b9f4a92a5f#52-t3, previous=(t:3, i:10), leaderCommit=10, initializing? false, entries: <empty>
2019-10-30 06:07:19,439 [BlockDeletingService#2] WARN  background.BlockDeletingService (BlockDeletingService.java:isDeletionAllowed(187)) - Close Container log Index 6 is not replicated across allthe servers in the pipeline 55028169-3584-4748-a1dc-e99c5bdd80cf as the min replicated index is 4. Deletion is not allowed in this container yet.
2019-10-30 06:07:19,439 [BlockDeletingService#2] WARN  background.BlockDeletingService (BlockDeletingService.java:isDeletionAllowed(187)) - Close Container log Index 6 is not replicated across allthe servers in the pipeline 55028169-3584-4748-a1dc-e99c5bdd80cf as the min replicated index is 4. Deletion is not allowed in this container yet.
2019-10-30 06:07:19,535 [Thread-723] INFO  impl.FollowerState (FollowerState.java:run(108)) - 4b4c7497-a7ec-4f2a-a6c9-18b9f4a92a5f@group-E99C5BDD80CF-FollowerState: change to CANDIDATE, lastRpcTime:188ms, electionTimeout:188ms
2019-10-30 06:07:19,535 [Thread-723] INFO  impl.RoleInfo (RoleInfo.java:shutdownFollowerState(121)) - 4b4c7497-a7ec-4f2a-a6c9-18b9f4a92a5f: shutdown FollowerState
2019-10-30 06:07:19,535 [Thread-723] INFO  impl.RaftServerImpl (RaftServerImpl.java:setRole(184)) - 4b4c7497-a7ec-4f2a-a6c9-18b9f4a92a5f@group-E99C5BDD80CF: changes role from  FOLLOWER to CANDIDATE at term 28 for changeToCandidate
2019-10-30 06:07:19,535 [Thread-723] INFO  impl.RoleInfo (RoleInfo.java:updateAndGet(143)) - 4b4c7497-a7ec-4f2a-a6c9-18b9f4a92a5f: start LeaderElection
2019-10-30 06:07:19,550 [4b4c7497-a7ec-4f2a-a6c9-18b9f4a92a5f@group-E99C5BDD80CF-LeaderElection26] INFO  impl.LeaderElection (LeaderElection.java:askForVotes(178)) - 4b4c7497-a7ec-4f2a-a6c9-18b9f4a92a5f@group-E99C5BDD80CF-LeaderElection26: begin an election at term 29 for 0: [78a2ca6d-ab27-408c-be71-e2595a145569:192.168.34.21:37717, 4b4c7497-a7ec-4f2a-a6c9-18b9f4a92a5f:192.168.34.21:41258, 47e59444-ad4b-4d8b-b6f4-160f3329f764:192.168.34.21:39722], old=null
2019-10-30 06:07:19,553 [grpc-default-executor-4] INFO  impl.RaftServerImpl (RaftServerImpl.java:setRole(184)) - 47e59444-ad4b-4d8b-b6f4-160f3329f764@group-E99C5BDD80CF: changes role from  FOLLOWER to FOLLOWER at term 29 for recognizeCandidate:4b4c7497-a7ec-4f2a-a6c9-18b9f4a92a5f
2019-10-30 06:07:19,553 [grpc-default-executor-4] INFO  impl.RoleInfo (RoleInfo.java:shutdownFollowerState(121)) - 47e59444-ad4b-4d8b-b6f4-160f3329f764: shutdown FollowerState
2019-10-30 06:07:19,553 [grpc-default-executor-2] INFO  impl.RaftServerImpl (RaftServerImpl.java:setRole(184)) - 78a2ca6d-ab27-408c-be71-e2595a145569@group-E99C5BDD80CF: changes role from  FOLLOWER to FOLLOWER at term 29 for recognizeCandidate:4b4c7497-a7ec-4f2a-a6c9-18b9f4a92a5f
2019-10-30 06:07:19,553 [Thread-721] INFO  impl.FollowerState (FollowerState.java:run(117)) - 47e59444-ad4b-4d8b-b6f4-160f3329f764@group-E99C5BDD80CF-FollowerState was interrupted: java.lang.InterruptedException: sleep interrupted
2019-10-30 06:07:19,553 [grpc-default-executor-4] INFO  impl.RoleInfo (RoleInfo.java:updateAndGet(143)) - 47e59444-ad4b-4d8b-b6f4-160f3329f764: start FollowerState
2019-10-30 06:07:19,553 [grpc-default-executor-2] INFO  impl.RoleInfo (RoleInfo.java:shutdownFollowerState(121)) - 78a2ca6d-ab27-408c-be71-e2595a145569: shutdown FollowerState
2019-10-30 06:07:19,554 [grpc-default-executor-2] INFO  impl.RoleInfo (RoleInfo.java:updateAndGet(143)) - 78a2ca6d-ab27-408c-be71-e2595a145569: start FollowerState
2019-10-30 06:07:19,554 [Thread-722] INFO  impl.FollowerState (FollowerState.java:run(117)) - 78a2ca6d-ab27-408c-be71-e2595a145569@group-E99C5BDD80CF-FollowerState was interrupted: java.lang.InterruptedException: sleep interrupted
2019-10-30 06:07:19,570 [4b4c7497-a7ec-4f2a-a6c9-18b9f4a92a5f@group-E99C5BDD80CF-LeaderElection26] INFO  impl.LeaderElection (LeaderElection.java:logAndReturn(56)) - 4b4c7497-a7ec-4f2a-a6c9-18b9f4a92a5f@group-E99C5BDD80CF-LeaderElection26: Election REJECTED; received 2 response(s) [4b4c7497-a7ec-4f2a-a6c9-18b9f4a92a5f<-78a2ca6d-ab27-408c-be71-e2595a145569#0:FAIL-t29, 4b4c7497-a7ec-4f2a-a6c9-18b9f4a92a5f<-47e59444-ad4b-4d8b-b6f4-160f3329f764#0:FAIL-t29] and 0 exception(s); 4b4c7497-a7ec-4f2a-a6c9-18b9f4a92a5f@group-E99C5BDD80CF:t29, leader=null, voted=4b4c7497-a7ec-4f2a-a6c9-18b9f4a92a5f, raftlog=4b4c7497-a7ec-4f2a-a6c9-18b9f4a92a5f@group-E99C5BDD80CF-SegmentedRaftLog:OPENED:c3,f4,i4, conf=0: [78a2ca6d-ab27-408c-be71-e2595a145569:192.168.34.21:37717, 4b4c7497-a7ec-4f2a-a6c9-18b9f4a92a5f:192.168.34.21:41258, 47e59444-ad4b-4d8b-b6f4-160f3329f764:192.168.34.21:39722], old=null
2019-10-30 06:07:19,570 [4b4c7497-a7ec-4f2a-a6c9-18b9f4a92a5f@group-E99C5BDD80CF-LeaderElection26] INFO  impl.RaftServerImpl (RaftServerImpl.java:setRole(184)) - 4b4c7497-a7ec-4f2a-a6c9-18b9f4a92a5f@group-E99C5BDD80CF: changes role from CANDIDATE to FOLLOWER at term 29 for DISCOVERED_A_NEW_TERM
2019-10-30 06:07:19,570 [4b4c7497-a7ec-4f2a-a6c9-18b9f4a92a5f@group-E99C5BDD80CF-LeaderElection26] INFO  impl.RoleInfo (RoleInfo.java:shutdownLeaderElection(134)) - 4b4c7497-a7ec-4f2a-a6c9-18b9f4a92a5f: shutdown LeaderElection
2019-10-30 06:07:19,570 [4b4c7497-a7ec-4f2a-a6c9-18b9f4a92a5f@group-E99C5BDD80CF-LeaderElection26] INFO  impl.RoleInfo (RoleInfo.java:updateAndGet(143)) - 4b4c7497-a7ec-4f2a-a6c9-18b9f4a92a5f: start FollowerState
2019-10-30 06:07:19,706 [Thread-731] INFO  impl.FollowerState (FollowerState.java:run(108)) - 4b4c7497-a7ec-4f2a-a6c9-18b9f4a92a5f@group-E99C5BDD80CF-FollowerState: change to CANDIDATE, lastRpcTime:136ms, electionTimeout:136ms
2019-10-30 06:07:19,708 [Thread-731] INFO  impl.RoleInfo (RoleInfo.java:shutdownFollowerState(121)) - 4b4c7497-a7ec-4f2a-a6c9-18b9f4a92a5f: shutdown FollowerState
2019-10-30 06:07:19,708 [Thread-731] INFO  impl.RaftServerImpl (RaftServerImpl.java:setRole(184)) - 4b4c7497-a7ec-4f2a-a6c9-18b9f4a92a5f@group-E99C5BDD80CF: changes role from  FOLLOWER to CANDIDATE at term 29 for changeToCandidate
2019-10-30 06:07:19,708 [Thread-731] INFO  impl.RoleInfo (RoleInfo.java:updateAndGet(143)) - 4b4c7497-a7ec-4f2a-a6c9-18b9f4a92a5f: start LeaderElection
2019-10-30 06:07:19,724 [4b4c7497-a7ec-4f2a-a6c9-18b9f4a92a5f@group-E99C5BDD80CF-LeaderElection27] INFO  impl.LeaderElection (LeaderElection.java:askForVotes(178)) - 4b4c7497-a7ec-4f2a-a6c9-18b9f4a92a5f@group-E99C5BDD80CF-LeaderElection27: begin an election at term 30 for 0: [78a2ca6d-ab27-408c-be71-e2595a145569:192.168.34.21:37717, 4b4c7497-a7ec-4f2a-a6c9-18b9f4a92a5f:192.168.34.21:41258, 47e59444-ad4b-4d8b-b6f4-160f3329f764:192.168.34.21:39722], old=null
2019-10-30 06:07:19,726 [grpc-default-executor-2] INFO  impl.RaftServerImpl (RaftServerImpl.java:setRole(184)) - 78a2ca6d-ab27-408c-be71-e2595a145569@group-E99C5BDD80CF: changes role from  FOLLOWER to FOLLOWER at term 30 for recognizeCandidate:4b4c7497-a7ec-4f2a-a6c9-18b9f4a92a5f
2019-10-30 06:07:19,726 [grpc-default-executor-4] INFO  impl.RaftServerImpl (RaftServerImpl.java:setRole(184)) - 47e59444-ad4b-4d8b-b6f4-160f3329f764@group-E99C5BDD80CF: changes role from  FOLLOWER to FOLLOWER at term 30 for recognizeCandidate:4b4c7497-a7ec-4f2a-a6c9-18b9f4a92a5f
2019-10-30 06:07:19,726 [grpc-default-executor-2] INFO  impl.RoleInfo (RoleInfo.java:shutdownFollowerState(121)) - 78a2ca6d-ab27-408c-be71-e2595a145569: shutdown FollowerState
2019-10-30 06:07:19,727 [grpc-default-executor-4] INFO  impl.RoleInfo (RoleInfo.java:shutdownFollowerState(121)) - 47e59444-ad4b-4d8b-b6f4-160f3329f764: shutdown FollowerState
2019-10-30 06:07:19,727 [Thread-730] INFO  impl.FollowerState (FollowerState.java:run(117)) - 78a2ca6d-ab27-408c-be71-e2595a145569@group-E99C5BDD80CF-FollowerState was interrupted: java.lang.InterruptedException: sleep interrupted
2019-10-30 06:07:19,727 [grpc-default-executor-2] INFO  impl.RoleInfo (RoleInfo.java:updateAndGet(143)) - 78a2ca6d-ab27-408c-be71-e2595a145569: start FollowerState
2019-10-30 06:07:19,727 [grpc-default-executor-4] INFO  impl.RoleInfo (RoleInfo.java:updateAndGet(143)) - 47e59444-ad4b-4d8b-b6f4-160f3329f764: start FollowerState
2019-10-30 06:07:19,727 [Thread-729] INFO  impl.FollowerState (FollowerState.java:run(117)) - 47e59444-ad4b-4d8b-b6f4-160f3329f764@group-E99C5BDD80CF-FollowerState was interrupted: java.lang.InterruptedException: sleep interrupted
2019-10-30 06:07:19,741 [4b4c7497-a7ec-4f2a-a6c9-18b9f4a92a5f@group-E99C5BDD80CF-LeaderElection27] INFO  impl.LeaderElection (LeaderElection.java:logAndReturn(56)) - 4b4c7497-a7ec-4f2a-a6c9-18b9f4a92a5f@group-E99C5BDD80CF-LeaderElection27: Election REJECTED; received 2 response(s) [4b4c7497-a7ec-4f2a-a6c9-18b9f4a92a5f<-78a2ca6d-ab27-408c-be71-e2595a145569#0:FAIL-t30, 4b4c7497-a7ec-4f2a-a6c9-18b9f4a92a5f<-47e59444-ad4b-4d8b-b6f4-160f3329f764#0:FAIL-t30] and 0 exception(s); 4b4c7497-a7ec-4f2a-a6c9-18b9f4a92a5f@group-E99C5BDD80CF:t30, leader=null, voted=4b4c7497-a7ec-4f2a-a6c9-18b9f4a92a5f, raftlog=4b4c7497-a7ec-4f2a-a6c9-18b9f4a92a5f@group-E99C5BDD80CF-SegmentedRaftLog:OPENED:c3,f4,i4, conf=0: [78a2ca6d-ab27-408c-be71-e2595a145569:192.168.34.21:37717, 4b4c7497-a7ec-4f2a-a6c9-18b9f4a92a5f:192.168.34.21:41258, 47e59444-ad4b-4d8b-b6f4-160f3329f764:192.168.34.21:39722], old=null
2019-10-30 06:07:19,741 [4b4c7497-a7ec-4f2a-a6c9-18b9f4a92a5f@group-E99C5BDD80CF-LeaderElection27] INFO  impl.RaftServerImpl (RaftServerImpl.java:setRole(184)) - 4b4c7497-a7ec-4f2a-a6c9-18b9f4a92a5f@group-E99C5BDD80CF: changes role from CANDIDATE to FOLLOWER at term 30 for DISCOVERED_A_NEW_TERM
2019-10-30 06:07:19,741 [4b4c7497-a7ec-4f2a-a6c9-18b9f4a92a5f@group-E99C5BDD80CF-LeaderElection27] INFO  impl.RoleInfo (RoleInfo.java:shutdownLeaderElection(134)) - 4b4c7497-a7ec-4f2a-a6c9-18b9f4a92a5f: shutdown LeaderElection
2019-10-30 06:07:19,742 [4b4c7497-a7ec-4f2a-a6c9-18b9f4a92a5f@group-E99C5BDD80CF-LeaderElection27] INFO  impl.RoleInfo (RoleInfo.java:updateAndGet(143)) - 4b4c7497-a7ec-4f2a-a6c9-18b9f4a92a5f: start FollowerState
2019-10-30 06:07:19,862 [Thread-740] INFO  client.GrpcClientProtocolService (GrpcClientProtocolService.java:lambda$processClientRequest$0(278)) - Failed RaftClientRequest:client-B8CB26F2FF35->78a2ca6d-ab27-408c-be71-e2595a145569@group-E99C5BDD80CF, cid=10, seq=0, Watch-ALL_COMMITTED(6), Message:<EMPTY>, reply=RaftClientReply:client-B8CB26F2FF35->78a2ca6d-ab27-408c-be71-e2595a145569@group-E99C5BDD80CF, cid=10, FAILED org.apache.ratis.protocol.NotLeaderException: Server 78a2ca6d-ab27-408c-be71-e2595a145569@group-E99C5BDD80CF is not the leader, logIndex=0, commits[78a2ca6d-ab27-408c-be71-e2595a145569:c10, 4b4c7497-a7ec-4f2a-a6c9-18b9f4a92a5f:c4, 47e59444-ad4b-4d8b-b6f4-160f3329f764:c10]
2019-10-30 06:07:19,895 [Thread-738] INFO  impl.FollowerState (FollowerState.java:run(108)) - 4b4c7497-a7ec-4f2a-a6c9-18b9f4a92a5f@group-E99C5BDD80CF-FollowerState: change to CANDIDATE, lastRpcTime:153ms, electionTimeout:153ms
2019-10-30 06:07:19,895 [Thread-738] INFO  impl.RoleInfo (RoleInfo.java:shutdownFollowerState(121)) - 4b4c7497-a7ec-4f2a-a6c9-18b9f4a92a5f: shutdown FollowerState
2019-10-30 06:07:19,895 [Thread-738] INFO  impl.RaftServerImpl (RaftServerImpl.java:setRole(184)) - 4b4c7497-a7ec-4f2a-a6c9-18b9f4a92a5f@group-E99C5BDD80CF: changes role from  FOLLOWER to CANDIDATE at term 30 for changeToCandidate
2019-10-30 06:07:19,896 [Thread-738] INFO  impl.RoleInfo (RoleInfo.java:updateAndGet(143)) - 4b4c7497-a7ec-4f2a-a6c9-18b9f4a92a5f: start LeaderElection
2019-10-30 06:07:19,910 [4b4c7497-a7ec-4f2a-a6c9-18b9f4a92a5f@group-E99C5BDD80CF-LeaderElection28] INFO  impl.LeaderElection (LeaderElection.java:askForVotes(178)) - 4b4c7497-a7ec-4f2a-a6c9-18b9f4a92a5f@group-E99C5BDD80CF-LeaderElection28: begin an election at term 31 for 0: [78a2ca6d-ab27-408c-be71-e2595a145569:192.168.34.21:37717, 4b4c7497-a7ec-4f2a-a6c9-18b9f4a92a5f:192.168.34.21:41258, 47e59444-ad4b-4d8b-b6f4-160f3329f764:192.168.34.21:39722], old=null
2019-10-30 06:07:19,914 [grpc-default-executor-4] INFO  impl.RaftServerImpl (RaftServerImpl.java:setRole(184)) - 78a2ca6d-ab27-408c-be71-e2595a145569@group-E99C5BDD80CF: changes role from  FOLLOWER to FOLLOWER at term 31 for recognizeCandidate:4b4c7497-a7ec-4f2a-a6c9-18b9f4a92a5f
2019-10-30 06:07:19,914 [grpc-default-executor-2] INFO  impl.RaftServerImpl (RaftServerImpl.java:setRole(184)) - 47e59444-ad4b-4d8b-b6f4-160f3329f764@group-E99C5BDD80CF: changes role from  FOLLOWER to FOLLOWER at term 31 for recognizeCandidate:4b4c7497-a7ec-4f2a-a6c9-18b9f4a92a5f
2019-10-30 06:07:19,914 [grpc-default-executor-4] INFO  impl.RoleInfo (RoleInfo.java:shutdownFollowerState(121)) - 78a2ca6d-ab27-408c-be71-e2595a145569: shutdown FollowerState
2019-10-30 06:07:19,914 [grpc-default-executor-2] INFO  impl.RoleInfo (RoleInfo.java:shutdownFollowerState(121)) - 47e59444-ad4b-4d8b-b6f4-160f3329f764: shutdown FollowerState
2019-10-30 06:07:19,915 [grpc-default-executor-4] INFO  impl.RoleInfo (RoleInfo.java:updateAndGet(143)) - 78a2ca6d-ab27-408c-be71-e2595a145569: start FollowerState
2019-10-30 06:07:19,915 [Thread-737] INFO  impl.FollowerState (FollowerState.java:run(117)) - 47e59444-ad4b-4d8b-b6f4-160f3329f764@group-E99C5BDD80CF-FollowerState was interrupted: java.lang.InterruptedException: sleep interrupted
2019-10-30 06:07:19,915 [grpc-default-executor-2] INFO  impl.RoleInfo (RoleInfo.java:updateAndGet(143)) - 47e59444-ad4b-4d8b-b6f4-160f3329f764: start FollowerState
2019-10-30 06:07:19,915 [Thread-736] INFO  impl.FollowerState (FollowerState.java:run(117)) - 78a2ca6d-ab27-408c-be71-e2595a145569@group-E99C5BDD80CF-FollowerState was interrupted: java.lang.InterruptedException: sleep interrupted
2019-10-30 06:07:19,930 [4b4c7497-a7ec-4f2a-a6c9-18b9f4a92a5f@group-E99C5BDD80CF-LeaderElection28] INFO  impl.LeaderElection (LeaderElection.java:logAndReturn(56)) - 4b4c7497-a7ec-4f2a-a6c9-18b9f4a92a5f@group-E99C5BDD80CF-LeaderElection28: Election REJECTED; received 2 response(s) [4b4c7497-a7ec-4f2a-a6c9-18b9f4a92a5f<-78a2ca6d-ab27-408c-be71-e2595a145569#0:FAIL-t31, 4b4c7497-a7ec-4f2a-a6c9-18b9f4a92a5f<-47e59444-ad4b-4d8b-b6f4-160f3329f764#0:FAIL-t31] and 0 exception(s); 4b4c7497-a7ec-4f2a-a6c9-18b9f4a92a5f@group-E99C5BDD80CF:t31, leader=null, voted=4b4c7497-a7ec-4f2a-a6c9-18b9f4a92a5f, raftlog=4b4c7497-a7ec-4f2a-a6c9-18b9f4a92a5f@group-E99C5BDD80CF-SegmentedRaftLog:OPENED:c3,f4,i4, conf=0: [78a2ca6d-ab27-408c-be71-e2595a145569:192.168.34.21:37717, 4b4c7497-a7ec-4f2a-a6c9-18b9f4a92a5f:192.168.34.21:41258, 47e59444-ad4b-4d8b-b6f4-160f3329f764:192.168.34.21:39722], old=null
2019-10-30 06:07:19,930 [4b4c7497-a7ec-4f2a-a6c9-18b9f4a92a5f@group-E99C5BDD80CF-LeaderElection28] INFO  impl.RaftServerImpl (RaftServerImpl.java:setRole(184)) - 4b4c7497-a7ec-4f2a-a6c9-18b9f4a92a5f@group-E99C5BDD80CF: changes role from CANDIDATE to FOLLOWER at term 31 for DISCOVERED_A_NEW_TERM
2019-10-30 06:07:19,930 [4b4c7497-a7ec-4f2a-a6c9-18b9f4a92a5f@group-E99C5BDD80CF-LeaderElection28] INFO  impl.RoleInfo (RoleInfo.java:shutdownLeaderElection(134)) - 4b4c7497-a7ec-4f2a-a6c9-18b9f4a92a5f: shutdown LeaderElection
2019-10-30 06:07:19,930 [4b4c7497-a7ec-4f2a-a6c9-18b9f4a92a5f@group-E99C5BDD80CF-LeaderElection28] INFO  impl.RoleInfo (RoleInfo.java:updateAndGet(143)) - 4b4c7497-a7ec-4f2a-a6c9-18b9f4a92a5f: start FollowerState
2019-10-30 06:07:19,994 [SCMBlockDeletingService#0] INFO  block.SCMBlockDeletingService (SCMBlockDeletingService.java:call(184)) - Totally added 1 delete blocks command for 1 datanodes, task elapsed time: 0ms
2019-10-30 06:07:19,994 [pool-7-thread-1] INFO  commands.RetriableDatanodeEventWatcher (RetriableDatanodeEventWatcher.java:onTimeout(47)) - RetriableDatanodeCommand type=deleteBlocksCommand with id=1572415633986 timed out. Retrying.
2019-10-30 06:07:19,996 [pool-7-thread-6] INFO  commands.RetriableDatanodeEventWatcher (RetriableDatanodeEventWatcher.java:onTimeout(47)) - RetriableDatanodeCommand type=deleteBlocksCommand with id=1572415633990 timed out. Retrying.
2019-10-30 06:07:19,996 [pool-7-thread-5] INFO  commands.RetriableDatanodeEventWatcher (RetriableDatanodeEventWatcher.java:onTimeout(47)) - RetriableDatanodeCommand type=deleteBlocksCommand with id=1572415633988 timed out. Retrying.
2019-10-30 06:07:19,996 [pool-7-thread-2] INFO  commands.RetriableDatanodeEventWatcher (RetriableDatanodeEventWatcher.java:onTimeout(47)) - RetriableDatanodeCommand type=deleteBlocksCommand with id=1572415633985 timed out. Retrying.
2019-10-30 06:07:19,996 [pool-7-thread-3] INFO  commands.RetriableDatanodeEventWatcher (RetriableDatanodeEventWatcher.java:onTimeout(47)) - RetriableDatanodeCommand type=deleteBlocksCommand with id=1572415633989 timed out. Retrying.
2019-10-30 06:07:19,996 [pool-7-thread-4] INFO  commands.RetriableDatanodeEventWatcher (RetriableDatanodeEventWatcher.java:onTimeout(47)) - RetriableDatanodeCommand type=deleteBlocksCommand with id=1572415633987 timed out. Retrying.
2019-10-30 06:07:20,085 [Thread-747] INFO  impl.FollowerState (FollowerState.java:run(108)) - 4b4c7497-a7ec-4f2a-a6c9-18b9f4a92a5f@group-E99C5BDD80CF-FollowerState: change to CANDIDATE, lastRpcTime:155ms, electionTimeout:155ms
2019-10-30 06:07:20,086 [Thread-747] INFO  impl.RoleInfo (RoleInfo.java:shutdownFollowerState(121)) - 4b4c7497-a7ec-4f2a-a6c9-18b9f4a92a5f: shutdown FollowerState
2019-10-30 06:07:20,086 [Thread-747] INFO  impl.RaftServerImpl (RaftServerImpl.java:setRole(184)) - 4b4c7497-a7ec-4f2a-a6c9-18b9f4a92a5f@group-E99C5BDD80CF: changes role from  FOLLOWER to CANDIDATE at term 31 for changeToCandidate
2019-10-30 06:07:20,086 [Thread-747] INFO  impl.RoleInfo (RoleInfo.java:updateAndGet(143)) - 4b4c7497-a7ec-4f2a-a6c9-18b9f4a92a5f: start LeaderElection
2019-10-30 06:07:20,101 [4b4c7497-a7ec-4f2a-a6c9-18b9f4a92a5f@group-E99C5BDD80CF-LeaderElection29] INFO  impl.LeaderElection (LeaderElection.java:askForVotes(178)) - 4b4c7497-a7ec-4f2a-a6c9-18b9f4a92a5f@group-E99C5BDD80CF-LeaderElection29: begin an election at term 32 for 0: [78a2ca6d-ab27-408c-be71-e2595a145569:192.168.34.21:37717, 4b4c7497-a7ec-4f2a-a6c9-18b9f4a92a5f:192.168.34.21:41258, 47e59444-ad4b-4d8b-b6f4-160f3329f764:192.168.34.21:39722], old=null
2019-10-30 06:07:20,104 [grpc-default-executor-2] INFO  impl.RaftServerImpl (RaftServerImpl.java:setRole(184)) - 47e59444-ad4b-4d8b-b6f4-160f3329f764@group-E99C5BDD80CF: changes role from  FOLLOWER to FOLLOWER at term 32 for recognizeCandidate:4b4c7497-a7ec-4f2a-a6c9-18b9f4a92a5f
2019-10-30 06:07:20,104 [grpc-default-executor-4] INFO  impl.RaftServerImpl (RaftServerImpl.java:setRole(184)) - 78a2ca6d-ab27-408c-be71-e2595a145569@group-E99C5BDD80CF: changes role from  FOLLOWER to FOLLOWER at term 32 for recognizeCandidate:4b4c7497-a7ec-4f2a-a6c9-18b9f4a92a5f
2019-10-30 06:07:20,104 [grpc-default-executor-2] INFO  impl.RoleInfo (RoleInfo.java:shutdownFollowerState(121)) - 47e59444-ad4b-4d8b-b6f4-160f3329f764: shutdown FollowerState
2019-10-30 06:07:20,104 [grpc-default-executor-4] INFO  impl.RoleInfo (RoleInfo.java:shutdownFollowerState(121)) - 78a2ca6d-ab27-408c-be71-e2595a145569: shutdown FollowerState
2019-10-30 06:07:20,104 [Thread-746] INFO  impl.FollowerState (FollowerState.java:run(117)) - 47e59444-ad4b-4d8b-b6f4-160f3329f764@group-E99C5BDD80CF-FollowerState was interrupted: java.lang.InterruptedException: sleep interrupted
2019-10-30 06:07:20,104 [Thread-745] INFO  impl.FollowerState (FollowerState.java:run(117)) - 78a2ca6d-ab27-408c-be71-e2595a145569@group-E99C5BDD80CF-FollowerState was interrupted: java.lang.InterruptedException: sleep interrupted
2019-10-30 06:07:20,104 [grpc-default-executor-2] INFO  impl.RoleInfo (RoleInfo.java:updateAndGet(143)) - 47e59444-ad4b-4d8b-b6f4-160f3329f764: start FollowerState
2019-10-30 06:07:20,104 [grpc-default-executor-4] INFO  impl.RoleInfo (RoleInfo.java:updateAndGet(143)) - 78a2ca6d-ab27-408c-be71-e2595a145569: start FollowerState
2019-10-30 06:07:20,134 [4b4c7497-a7ec-4f2a-a6c9-18b9f4a92a5f@group-E99C5BDD80CF-LeaderElection29] INFO  impl.LeaderElection (LeaderElection.java:logAndReturn(56)) - 4b4c7497-a7ec-4f2a-a6c9-18b9f4a92a5f@group-E99C5BDD80CF-LeaderElection29: Election REJECTED; received 2 response(s) [4b4c7497-a7ec-4f2a-a6c9-18b9f4a92a5f<-78a2ca6d-ab27-408c-be71-e2595a145569#0:FAIL-t32, 4b4c7497-a7ec-4f2a-a6c9-18b9f4a92a5f<-47e59444-ad4b-4d8b-b6f4-160f3329f764#0:FAIL-t32] and 0 exception(s); 4b4c7497-a7ec-4f2a-a6c9-18b9f4a92a5f@group-E99C5BDD80CF:t32, leader=null, voted=4b4c7497-a7ec-4f2a-a6c9-18b9f4a92a5f, raftlog=4b4c7497-a7ec-4f2a-a6c9-18b9f4a92a5f@group-E99C5BDD80CF-SegmentedRaftLog:OPENED:c3,f4,i4, conf=0: [78a2ca6d-ab27-408c-be71-e2595a145569:192.168.34.21:37717, 4b4c7497-a7ec-4f2a-a6c9-18b9f4a92a5f:192.168.34.21:41258, 47e59444-ad4b-4d8b-b6f4-160f3329f764:192.168.34.21:39722], old=null
2019-10-30 06:07:20,134 [4b4c7497-a7ec-4f2a-a6c9-18b9f4a92a5f@group-E99C5BDD80CF-LeaderElection29] INFO  impl.RaftServerImpl (RaftServerImpl.java:setRole(184)) - 4b4c7497-a7ec-4f2a-a6c9-18b9f4a92a5f@group-E99C5BDD80CF: changes role from CANDIDATE to FOLLOWER at term 32 for DISCOVERED_A_NEW_TERM
2019-10-30 06:07:20,134 [4b4c7497-a7ec-4f2a-a6c9-18b9f4a92a5f@group-E99C5BDD80CF-LeaderElection29] INFO  impl.RoleInfo (RoleInfo.java:shutdownLeaderElection(134)) - 4b4c7497-a7ec-4f2a-a6c9-18b9f4a92a5f: shutdown LeaderElection
2019-10-30 06:07:20,134 [4b4c7497-a7ec-4f2a-a6c9-18b9f4a92a5f@group-E99C5BDD80CF-LeaderElection29] INFO  impl.RoleInfo (RoleInfo.java:updateAndGet(143)) - 4b4c7497-a7ec-4f2a-a6c9-18b9f4a92a5f: start FollowerState
2019-10-30 06:07:20,312 [Thread-753] INFO  impl.FollowerState (FollowerState.java:run(108)) - 4b4c7497-a7ec-4f2a-a6c9-18b9f4a92a5f@group-E99C5BDD80CF-FollowerState: change to CANDIDATE, lastRpcTime:177ms, electionTimeout:177ms
2019-10-30 06:07:20,313 [Thread-753] INFO  impl.RoleInfo (RoleInfo.java:shutdownFollowerState(121)) - 4b4c7497-a7ec-4f2a-a6c9-18b9f4a92a5f: shutdown FollowerState
2019-10-30 06:07:20,313 [Thread-753] INFO  impl.RaftServerImpl (RaftServerImpl.java:setRole(184)) - 4b4c7497-a7ec-4f2a-a6c9-18b9f4a92a5f@group-E99C5BDD80CF: changes role from  FOLLOWER to CANDIDATE at term 32 for changeToCandidate
2019-10-30 06:07:20,313 [Thread-753] INFO  impl.RoleInfo (RoleInfo.java:updateAndGet(143)) - 4b4c7497-a7ec-4f2a-a6c9-18b9f4a92a5f: start LeaderElection
2019-10-30 06:07:20,327 [4b4c7497-a7ec-4f2a-a6c9-18b9f4a92a5f@group-E99C5BDD80CF-LeaderElection30] INFO  impl.LeaderElection (LeaderElection.java:askForVotes(178)) - 4b4c7497-a7ec-4f2a-a6c9-18b9f4a92a5f@group-E99C5BDD80CF-LeaderElection30: begin an election at term 33 for 0: [78a2ca6d-ab27-408c-be71-e2595a145569:192.168.34.21:37717, 4b4c7497-a7ec-4f2a-a6c9-18b9f4a92a5f:192.168.34.21:41258, 47e59444-ad4b-4d8b-b6f4-160f3329f764:192.168.34.21:39722], old=null
2019-10-30 06:07:20,329 [grpc-default-executor-2] INFO  impl.RaftServerImpl (RaftServerImpl.java:setRole(184)) - 47e59444-ad4b-4d8b-b6f4-160f3329f764@group-E99C5BDD80CF: changes role from  FOLLOWER to FOLLOWER at term 33 for recognizeCandidate:4b4c7497-a7ec-4f2a-a6c9-18b9f4a92a5f
2019-10-30 06:07:20,329 [grpc-default-executor-4] INFO  impl.RaftServerImpl (RaftServerImpl.java:setRole(184)) - 78a2ca6d-ab27-408c-be71-e2595a145569@group-E99C5BDD80CF: changes role from  FOLLOWER to FOLLOWER at term 33 for recognizeCandidate:4b4c7497-a7ec-4f2a-a6c9-18b9f4a92a5f
2019-10-30 06:07:20,329 [grpc-default-executor-4] INFO  impl.RoleInfo (RoleInfo.java:shutdownFollowerState(121)) - 78a2ca6d-ab27-408c-be71-e2595a145569: shutdown FollowerState
2019-10-30 06:07:20,329 [grpc-default-executor-2] INFO  impl.RoleInfo (RoleInfo.java:shutdownFollowerState(121)) - 47e59444-ad4b-4d8b-b6f4-160f3329f764: shutdown FollowerState
2019-10-30 06:07:20,330 [grpc-default-executor-4] INFO  impl.RoleInfo (RoleInfo.java:updateAndGet(143)) - 78a2ca6d-ab27-408c-be71-e2595a145569: start FollowerState
2019-10-30 06:07:20,330 [Thread-751] INFO  impl.FollowerState (FollowerState.java:run(117)) - 47e59444-ad4b-4d8b-b6f4-160f3329f764@group-E99C5BDD80CF-FollowerState was interrupted: java.lang.InterruptedException: sleep interrupted
2019-10-30 06:07:20,330 [grpc-default-executor-2] INFO  impl.RoleInfo (RoleInfo.java:updateAndGet(143)) - 47e59444-ad4b-4d8b-b6f4-160f3329f764: start FollowerState
2019-10-30 06:07:20,330 [Thread-752] INFO  impl.FollowerState (FollowerState.java:run(117)) - 78a2ca6d-ab27-408c-be71-e2595a145569@group-E99C5BDD80CF-FollowerState was interrupted: java.lang.InterruptedException: sleep interrupted
2019-10-30 06:07:20,346 [4b4c7497-a7ec-4f2a-a6c9-18b9f4a92a5f@group-E99C5BDD80CF-LeaderElection30] INFO  impl.LeaderElection (LeaderElection.java:logAndReturn(56)) - 4b4c7497-a7ec-4f2a-a6c9-18b9f4a92a5f@group-E99C5BDD80CF-LeaderElection30: Election REJECTED; received 2 response(s) [4b4c7497-a7ec-4f2a-a6c9-18b9f4a92a5f<-78a2ca6d-ab27-408c-be71-e2595a145569#0:FAIL-t33, 4b4c7497-a7ec-4f2a-a6c9-18b9f4a92a5f<-47e59444-ad4b-4d8b-b6f4-160f3329f764#0:FAIL-t33] and 0 exception(s); 4b4c7497-a7ec-4f2a-a6c9-18b9f4a92a5f@group-E99C5BDD80CF:t33, leader=null, voted=4b4c7497-a7ec-4f2a-a6c9-18b9f4a92a5f, raftlog=4b4c7497-a7ec-4f2a-a6c9-18b9f4a92a5f@group-E99C5BDD80CF-SegmentedRaftLog:OPENED:c3,f4,i4, conf=0: [78a2ca6d-ab27-408c-be71-e2595a145569:192.168.34.21:37717, 4b4c7497-a7ec-4f2a-a6c9-18b9f4a92a5f:192.168.34.21:41258, 47e59444-ad4b-4d8b-b6f4-160f3329f764:192.168.34.21:39722], old=null
2019-10-30 06:07:20,346 [4b4c7497-a7ec-4f2a-a6c9-18b9f4a92a5f@group-E99C5BDD80CF-LeaderElection30] INFO  impl.RaftServerImpl (RaftServerImpl.java:setRole(184)) - 4b4c7497-a7ec-4f2a-a6c9-18b9f4a92a5f@group-E99C5BDD80CF: changes role from CANDIDATE to FOLLOWER at term 33 for DISCOVERED_A_NEW_TERM
2019-10-30 06:07:20,346 [4b4c7497-a7ec-4f2a-a6c9-18b9f4a92a5f@group-E99C5BDD80CF-LeaderElection30] INFO  impl.RoleInfo (RoleInfo.java:shutdownLeaderElection(134)) - 4b4c7497-a7ec-4f2a-a6c9-18b9f4a92a5f: shutdown LeaderElection
2019-10-30 06:07:20,346 [4b4c7497-a7ec-4f2a-a6c9-18b9f4a92a5f@group-E99C5BDD80CF-LeaderElection30] INFO  impl.RoleInfo (RoleInfo.java:updateAndGet(143)) - 4b4c7497-a7ec-4f2a-a6c9-18b9f4a92a5f: start FollowerState
2019-10-30 06:07:20,440 [BlockDeletingService#2] WARN  background.BlockDeletingService (BlockDeletingService.java:isDeletionAllowed(187)) - Close Container log Index 6 is not replicated across allthe servers in the pipeline 55028169-3584-4748-a1dc-e99c5bdd80cf as the min replicated index is 4. Deletion is not allowed in this container yet.
2019-10-30 06:07:20,443 [BlockDeletingService#2] WARN  background.BlockDeletingService (BlockDeletingService.java:isDeletionAllowed(187)) - Close Container log Index 6 is not replicated across allthe servers in the pipeline 55028169-3584-4748-a1dc-e99c5bdd80cf as the min replicated index is 4. Deletion is not allowed in this container yet.
2019-10-30 06:07:20,491 [Thread-759] INFO  impl.FollowerState (FollowerState.java:run(108)) - 4b4c7497-a7ec-4f2a-a6c9-18b9f4a92a5f@group-E99C5BDD80CF-FollowerState: change to CANDIDATE, lastRpcTime:144ms, electionTimeout:144ms
2019-10-30 06:07:20,491 [Thread-759] INFO  impl.RoleInfo (RoleInfo.java:shutdownFollowerState(121)) - 4b4c7497-a7ec-4f2a-a6c9-18b9f4a92a5f: shutdown FollowerState
2019-10-30 06:07:20,491 [Thread-759] INFO  impl.RaftServerImpl (RaftServerImpl.java:setRole(184)) - 4b4c7497-a7ec-4f2a-a6c9-18b9f4a92a5f@group-E99C5BDD80CF: changes role from  FOLLOWER to CANDIDATE at term 33 for changeToCandidate
2019-10-30 06:07:20,491 [Thread-759] INFO  impl.RoleInfo (RoleInfo.java:updateAndGet(143)) - 4b4c7497-a7ec-4f2a-a6c9-18b9f4a92a5f: start LeaderElection
2019-10-30 06:07:20,504 [4b4c7497-a7ec-4f2a-a6c9-18b9f4a92a5f@group-E99C5BDD80CF-LeaderElection31] INFO  impl.LeaderElection (LeaderElection.java:askForVotes(178)) - 4b4c7497-a7ec-4f2a-a6c9-18b9f4a92a5f@group-E99C5BDD80CF-LeaderElection31: begin an election at term 34 for 0: [78a2ca6d-ab27-408c-be71-e2595a145569:192.168.34.21:37717, 4b4c7497-a7ec-4f2a-a6c9-18b9f4a92a5f:192.168.34.21:41258, 47e59444-ad4b-4d8b-b6f4-160f3329f764:192.168.34.21:39722], old=null
2019-10-30 06:07:20,506 [grpc-default-executor-4] INFO  impl.RaftServerImpl (RaftServerImpl.java:setRole(184)) - 47e59444-ad4b-4d8b-b6f4-160f3329f764@group-E99C5BDD80CF: changes role from  FOLLOWER to FOLLOWER at term 34 for recognizeCandidate:4b4c7497-a7ec-4f2a-a6c9-18b9f4a92a5f
2019-10-30 06:07:20,506 [grpc-default-executor-2] INFO  impl.RaftServerImpl (RaftServerImpl.java:setRole(184)) - 78a2ca6d-ab27-408c-be71-e2595a145569@group-E99C5BDD80CF: changes role from  FOLLOWER to FOLLOWER at term 34 for recognizeCandidate:4b4c7497-a7ec-4f2a-a6c9-18b9f4a92a5f
2019-10-30 06:07:20,507 [grpc-default-executor-4] INFO  impl.RoleInfo (RoleInfo.java:shutdownFollowerState(121)) - 47e59444-ad4b-4d8b-b6f4-160f3329f764: shutdown FollowerState
2019-10-30 06:07:20,507 [grpc-default-executor-2] INFO  impl.RoleInfo (RoleInfo.java:shutdownFollowerState(121)) - 78a2ca6d-ab27-408c-be71-e2595a145569: shutdown FollowerState
2019-10-30 06:07:20,507 [Thread-758] INFO  impl.FollowerState (FollowerState.java:run(117)) - 47e59444-ad4b-4d8b-b6f4-160f3329f764@group-E99C5BDD80CF-FollowerState was interrupted: java.lang.InterruptedException: sleep interrupted
2019-10-30 06:07:20,507 [grpc-default-executor-2] INFO  impl.RoleInfo (RoleInfo.java:updateAndGet(143)) - 78a2ca6d-ab27-408c-be71-e2595a145569: start FollowerState
2019-10-30 06:07:20,507 [grpc-default-executor-4] INFO  impl.RoleInfo (RoleInfo.java:updateAndGet(143)) - 47e59444-ad4b-4d8b-b6f4-160f3329f764: start FollowerState
2019-10-30 06:07:20,507 [Thread-757] INFO  impl.FollowerState (FollowerState.java:run(117)) - 78a2ca6d-ab27-408c-be71-e2595a145569@group-E99C5BDD80CF-FollowerState was interrupted: java.lang.InterruptedException: sleep interrupted
2019-10-30 06:07:20,534 [4b4c7497-a7ec-4f2a-a6c9-18b9f4a92a5f@group-E99C5BDD80CF-LeaderElection31] INFO  impl.LeaderElection (LeaderElection.java:logAndReturn(56)) - 4b4c7497-a7ec-4f2a-a6c9-18b9f4a92a5f@group-E99C5BDD80CF-LeaderElection31: Election REJECTED; received 2 response(s) [4b4c7497-a7ec-4f2a-a6c9-18b9f4a92a5f<-78a2ca6d-ab27-408c-be71-e2595a145569#0:FAIL-t34, 4b4c7497-a7ec-4f2a-a6c9-18b9f4a92a5f<-47e59444-ad4b-4d8b-b6f4-160f3329f764#0:FAIL-t34] and 0 exception(s); 4b4c7497-a7ec-4f2a-a6c9-18b9f4a92a5f@group-E99C5BDD80CF:t34, leader=null, voted=4b4c7497-a7ec-4f2a-a6c9-18b9f4a92a5f, raftlog=4b4c7497-a7ec-4f2a-a6c9-18b9f4a92a5f@group-E99C5BDD80CF-SegmentedRaftLog:OPENED:c3,f4,i4, conf=0: [78a2ca6d-ab27-408c-be71-e2595a145569:192.168.34.21:37717, 4b4c7497-a7ec-4f2a-a6c9-18b9f4a92a5f:192.168.34.21:41258, 47e59444-ad4b-4d8b-b6f4-160f3329f764:192.168.34.21:39722], old=null
2019-10-30 06:07:20,534 [4b4c7497-a7ec-4f2a-a6c9-18b9f4a92a5f@group-E99C5BDD80CF-LeaderElection31] INFO  impl.RaftServerImpl (RaftServerImpl.java:setRole(184)) - 4b4c7497-a7ec-4f2a-a6c9-18b9f4a92a5f@group-E99C5BDD80CF: changes role from CANDIDATE to FOLLOWER at term 34 for DISCOVERED_A_NEW_TERM
2019-10-30 06:07:20,534 [4b4c7497-a7ec-4f2a-a6c9-18b9f4a92a5f@group-E99C5BDD80CF-LeaderElection31] INFO  impl.RoleInfo (RoleInfo.java:shutdownLeaderElection(134)) - 4b4c7497-a7ec-4f2a-a6c9-18b9f4a92a5f: shutdown LeaderElection
2019-10-30 06:07:20,534 [4b4c7497-a7ec-4f2a-a6c9-18b9f4a92a5f@group-E99C5BDD80CF-LeaderElection31] INFO  impl.RoleInfo (RoleInfo.java:updateAndGet(143)) - 4b4c7497-a7ec-4f2a-a6c9-18b9f4a92a5f: start FollowerState
2019-10-30 06:07:20,606 [EventQueue-PendingDeleteStatusForPendingDeleteHandler] INFO  block.SCMBlockDeletingService (SCMBlockDeletingService.java:handlePendingDeletes(115)) - Block deletion txnID mismatch in datanode 4b4c7497-a7ec-4f2a-a6c9-18b9f4a92a5f for containerID 1. Datanode delete txnID: 0, SCM txnID: 1
2019-10-30 06:07:20,620 [Thread-767] INFO  impl.FollowerState (FollowerState.java:run(108)) - 4b4c7497-a7ec-4f2a-a6c9-18b9f4a92a5f@group-E99C5BDD80CF-FollowerState: change to CANDIDATE, lastRpcTime:86ms, electionTimeout:85ms
2019-10-30 06:07:20,620 [Thread-767] INFO  impl.RoleInfo (RoleInfo.java:shutdownFollowerState(121)) - 4b4c7497-a7ec-4f2a-a6c9-18b9f4a92a5f: shutdown FollowerState
2019-10-30 06:07:20,621 [Thread-767] INFO  impl.RaftServerImpl (RaftServerImpl.java:setRole(184)) - 4b4c7497-a7ec-4f2a-a6c9-18b9f4a92a5f@group-E99C5BDD80CF: changes role from  FOLLOWER to CANDIDATE at term 34 for changeToCandidate
2019-10-30 06:07:20,621 [Thread-767] INFO  impl.RoleInfo (RoleInfo.java:updateAndGet(143)) - 4b4c7497-a7ec-4f2a-a6c9-18b9f4a92a5f: start LeaderElection
2019-10-30 06:07:20,622 [grpc-default-executor-4] INFO  impl.RaftServerProxy (RaftServerProxy.java:addNew(89)) - 4b4c7497-a7ec-4f2a-a6c9-18b9f4a92a5f: addNew group-8F0E04EB3172:[4b4c7497-a7ec-4f2a-a6c9-18b9f4a92a5f:192.168.34.21:41258] returns group-8F0E04EB3172:java.util.concurrent.CompletableFuture@4540fbcd[Not completed]
2019-10-30 06:07:20,624 [pool-59-thread-1] INFO  impl.RaftServerImpl (RaftServerImpl.java:<init>(104)) - 4b4c7497-a7ec-4f2a-a6c9-18b9f4a92a5f: new RaftServerImpl for group-8F0E04EB3172:[4b4c7497-a7ec-4f2a-a6c9-18b9f4a92a5f:192.168.34.21:41258] with ContainerStateMachine:uninitialized
2019-10-30 06:07:20,625 [pool-59-thread-1] INFO  server.RaftServerConfigKeys (ConfUtils.java:logGet(43)) - raft.server.rpc.timeout.min = 5s (custom)
2019-10-30 06:07:20,625 [pool-59-thread-1] INFO  server.RaftServerConfigKeys (ConfUtils.java:logGet(43)) - raft.server.rpc.timeout.max = 5200ms (custom)
2019-10-30 06:07:20,625 [pool-59-thread-1] INFO  server.RaftServerConfigKeys (ConfUtils.java:logGet(43)) - raft.server.rpcslowness.timeout = 1000s (custom)
2019-10-30 06:07:20,625 [pool-59-thread-1] INFO  server.RaftServerConfigKeys (ConfUtils.java:logGet(43)) - raft.server.sleep.deviation.threshold = 300 (default)
2019-10-30 06:07:20,625 [pool-59-thread-1] INFO  server.RaftServerConfigKeys (ConfUtils.java:logGet(43)) - raft.server.log.appender.install.snapshot.enabled = false (custom)
2019-10-30 06:07:20,625 [pool-59-thread-1] INFO  impl.RaftServerImpl (ServerState.java:<init>(103)) - 4b4c7497-a7ec-4f2a-a6c9-18b9f4a92a5f@group-8F0E04EB3172: ConfigurationManager, init=-1: [4b4c7497-a7ec-4f2a-a6c9-18b9f4a92a5f:192.168.34.21:41258], old=null, confs=<EMPTY_MAP>
2019-10-30 06:07:20,625 [pool-59-thread-1] INFO  server.RaftServerConfigKeys (ConfUtils.java:logGet(43)) - raft.server.storage.dir = [/workdir/hadoop-ozone/integration-test/target/test-dir/MiniOzoneClusterImpl-9b19e524-011a-4190-a309-f47c35af0e4e/datanode-1/data/ratis] (custom)
2019-10-30 06:07:20,626 [pool-59-thread-1] INFO  server.RaftServerConfigKeys (ConfUtils.java:logGet(43)) - raft.server.log.corruption.policy = EXCEPTION (default)
2019-10-30 06:07:20,626 [pool-59-thread-1] INFO  storage.RaftStorageDirectory (RaftStorageDirectory.java:analyzeStorage(246)) - The storage directory /workdir/hadoop-ozone/integration-test/target/test-dir/MiniOzoneClusterImpl-9b19e524-011a-4190-a309-f47c35af0e4e/datanode-1/data/ratis/dacec2a8-5e42-4946-8f5b-8f0e04eb3172 does not exist. Creating ...
2019-10-30 06:07:20,657 [pool-59-thread-1] INFO  storage.RaftStorageDirectory (RaftStorageDirectory.java:tryLock(328)) - Lock on /workdir/hadoop-ozone/integration-test/target/test-dir/MiniOzoneClusterImpl-9b19e524-011a-4190-a309-f47c35af0e4e/datanode-1/data/ratis/dacec2a8-5e42-4946-8f5b-8f0e04eb3172/in_use.lock acquired by nodename 5186@pr-hdds-1643-9kfsj-1164326334
2019-10-30 06:07:20,657 [4b4c7497-a7ec-4f2a-a6c9-18b9f4a92a5f@group-E99C5BDD80CF-LeaderElection32] INFO  impl.LeaderElection (LeaderElection.java:askForVotes(178)) - 4b4c7497-a7ec-4f2a-a6c9-18b9f4a92a5f@group-E99C5BDD80CF-LeaderElection32: begin an election at term 35 for 0: [78a2ca6d-ab27-408c-be71-e2595a145569:192.168.34.21:37717, 4b4c7497-a7ec-4f2a-a6c9-18b9f4a92a5f:192.168.34.21:41258, 47e59444-ad4b-4d8b-b6f4-160f3329f764:192.168.34.21:39722], old=null
2019-10-30 06:07:20,659 [grpc-default-executor-4] INFO  impl.RaftServerImpl (RaftServerImpl.java:setRole(184)) - 47e59444-ad4b-4d8b-b6f4-160f3329f764@group-E99C5BDD80CF: changes role from  FOLLOWER to FOLLOWER at term 35 for recognizeCandidate:4b4c7497-a7ec-4f2a-a6c9-18b9f4a92a5f
2019-10-30 06:07:20,659 [grpc-default-executor-2] INFO  impl.RaftServerImpl (RaftServerImpl.java:setRole(184)) - 78a2ca6d-ab27-408c-be71-e2595a145569@group-E99C5BDD80CF: changes role from  FOLLOWER to FOLLOWER at term 35 for recognizeCandidate:4b4c7497-a7ec-4f2a-a6c9-18b9f4a92a5f
2019-10-30 06:07:20,659 [grpc-default-executor-4] INFO  impl.RoleInfo (RoleInfo.java:shutdownFollowerState(121)) - 47e59444-ad4b-4d8b-b6f4-160f3329f764: shutdown FollowerState
2019-10-30 06:07:20,659 [grpc-default-executor-2] INFO  impl.RoleInfo (RoleInfo.java:shutdownFollowerState(121)) - 78a2ca6d-ab27-408c-be71-e2595a145569: shutdown FollowerState
2019-10-30 06:07:20,659 [Thread-765] INFO  impl.FollowerState (FollowerState.java:run(117)) - 47e59444-ad4b-4d8b-b6f4-160f3329f764@group-E99C5BDD80CF-FollowerState was interrupted: java.lang.InterruptedException: sleep interrupted
2019-10-30 06:07:20,660 [Thread-766] INFO  impl.FollowerState (FollowerState.java:run(117)) - 78a2ca6d-ab27-408c-be71-e2595a145569@group-E99C5BDD80CF-FollowerState was interrupted: java.lang.InterruptedException: sleep interrupted
2019-10-30 06:07:20,659 [grpc-default-executor-4] INFO  impl.RoleInfo (RoleInfo.java:updateAndGet(143)) - 47e59444-ad4b-4d8b-b6f4-160f3329f764: start FollowerState
2019-10-30 06:07:20,660 [grpc-default-executor-2] INFO  impl.RoleInfo (RoleInfo.java:updateAndGet(143)) - 78a2ca6d-ab27-408c-be71-e2595a145569: start FollowerState
2019-10-30 06:07:20,682 [pool-59-thread-1] INFO  storage.RaftStorage (RaftStorage.java:format(84)) - Storage directory /workdir/hadoop-ozone/integration-test/target/test-dir/MiniOzoneClusterImpl-9b19e524-011a-4190-a309-f47c35af0e4e/datanode-1/data/ratis/dacec2a8-5e42-4946-8f5b-8f0e04eb3172 has been successfully formatted.
2019-10-30 06:07:20,682 [pool-59-thread-1] INFO  ratis.ContainerStateMachine (ContainerStateMachine.java:loadSnapshot(231)) - group-8F0E04EB3172: The snapshot info is null. Setting the last applied indexto:(t:0, i:~)
2019-10-30 06:07:20,682 [pool-59-thread-1] INFO  server.RaftServerConfigKeys (ConfUtils.java:logGet(43)) - raft.server.notification.no-leader.timeout = 1000s (custom)
2019-10-30 06:07:20,682 [pool-59-thread-1] INFO  server.RaftServerConfigKeys (ConfUtils.java:logGet(43)) - raft.server.log.use.memory = false (default)
2019-10-30 06:07:20,683 [pool-59-thread-1] INFO  server.RaftServerConfigKeys (ConfUtils.java:logGet(43)) - raft.server.log.purge.gap = 1000000 (custom)
2019-10-30 06:07:20,683 [pool-59-thread-1] INFO  server.RaftServerConfigKeys (ConfUtils.java:logGet(43)) - raft.server.log.appender.buffer.byte-limit = 33554432 (custom)
2019-10-30 06:07:20,683 [pool-59-thread-1] INFO  server.RaftServerConfigKeys (ConfUtils.java:logGet(43)) - raft.server.log.segment.size.max = 1048576 (custom)
2019-10-30 06:07:20,683 [pool-59-thread-1] INFO  server.RaftServerConfigKeys (ConfUtils.java:logGet(43)) - raft.server.log.segment.cache.num.max = 2 (custom)
2019-10-30 06:07:20,683 [4b4c7497-a7ec-4f2a-a6c9-18b9f4a92a5f@group-E99C5BDD80CF-LeaderElection32] INFO  impl.LeaderElection (LeaderElection.java:logAndReturn(56)) - 4b4c7497-a7ec-4f2a-a6c9-18b9f4a92a5f@group-E99C5BDD80CF-LeaderElection32: Election REJECTED; received 2 response(s) [4b4c7497-a7ec-4f2a-a6c9-18b9f4a92a5f<-78a2ca6d-ab27-408c-be71-e2595a145569#0:FAIL-t35, 4b4c7497-a7ec-4f2a-a6c9-18b9f4a92a5f<-47e59444-ad4b-4d8b-b6f4-160f3329f764#0:FAIL-t35] and 0 exception(s); 4b4c7497-a7ec-4f2a-a6c9-18b9f4a92a5f@group-E99C5BDD80CF:t35, leader=null, voted=4b4c7497-a7ec-4f2a-a6c9-18b9f4a92a5f, raftlog=4b4c7497-a7ec-4f2a-a6c9-18b9f4a92a5f@group-E99C5BDD80CF-SegmentedRaftLog:OPENED:c3,f4,i4, conf=0: [78a2ca6d-ab27-408c-be71-e2595a145569:192.168.34.21:37717, 4b4c7497-a7ec-4f2a-a6c9-18b9f4a92a5f:192.168.34.21:41258, 47e59444-ad4b-4d8b-b6f4-160f3329f764:192.168.34.21:39722], old=null
2019-10-30 06:07:20,683 [pool-59-thread-1] INFO  segmented.SegmentedRaftLogWorker (SegmentedRaftLogWorker.java:<init>(173)) - new 4b4c7497-a7ec-4f2a-a6c9-18b9f4a92a5f@group-8F0E04EB3172-SegmentedRaftLogWorker for RaftStorage:Storage Directory /workdir/hadoop-ozone/integration-test/target/test-dir/MiniOzoneClusterImpl-9b19e524-011a-4190-a309-f47c35af0e4e/datanode-1/data/ratis/dacec2a8-5e42-4946-8f5b-8f0e04eb3172
2019-10-30 06:07:20,683 [pool-59-thread-1] INFO  server.RaftServerConfigKeys (ConfUtils.java:logGet(43)) - raft.server.log.queue.byte-limit = 2147483647 (custom)
2019-10-30 06:07:20,683 [4b4c7497-a7ec-4f2a-a6c9-18b9f4a92a5f@group-E99C5BDD80CF-LeaderElection32] INFO  impl.RaftServerImpl (RaftServerImpl.java:setRole(184)) - 4b4c7497-a7ec-4f2a-a6c9-18b9f4a92a5f@group-E99C5BDD80CF: changes role from CANDIDATE to FOLLOWER at term 35 for DISCOVERED_A_NEW_TERM
2019-10-30 06:07:20,683 [pool-59-thread-1] INFO  server.RaftServerConfigKeys (ConfUtils.java:logGet(43)) - raft.server.log.queue.element-limit = 1024 (custom)
2019-10-30 06:07:20,683 [4b4c7497-a7ec-4f2a-a6c9-18b9f4a92a5f@group-E99C5BDD80CF-LeaderElection32] INFO  impl.RoleInfo (RoleInfo.java:shutdownLeaderElection(134)) - 4b4c7497-a7ec-4f2a-a6c9-18b9f4a92a5f: shutdown LeaderElection
2019-10-30 06:07:20,684 [pool-59-thread-1] INFO  server.RaftServerConfigKeys (ConfUtils.java:logGet(43)) - raft.server.log.segment.size.max = 1048576 (custom)
2019-10-30 06:07:20,684 [4b4c7497-a7ec-4f2a-a6c9-18b9f4a92a5f@group-E99C5BDD80CF-LeaderElection32] INFO  impl.RoleInfo (RoleInfo.java:updateAndGet(143)) - 4b4c7497-a7ec-4f2a-a6c9-18b9f4a92a5f: start FollowerState
2019-10-30 06:07:20,684 [pool-59-thread-1] INFO  server.RaftServerConfigKeys (ConfUtils.java:logGet(43)) - raft.server.log.preallocated.size = 16384 (custom)
2019-10-30 06:07:20,684 [pool-59-thread-1] INFO  server.RaftServerConfigKeys (ConfUtils.java:logGet(43)) - raft.server.log.write.buffer.size = 33554432 (custom)
2019-10-30 06:07:20,684 [pool-59-thread-1] INFO  server.RaftServerConfigKeys (ConfUtils.java:logGet(43)) - raft.server.log.force.sync.num = 128 (default)
2019-10-30 06:07:20,684 [pool-59-thread-1] INFO  server.RaftServerConfigKeys (ConfUtils.java:logGet(43)) - raft.server.log.statemachine.data.sync = true (default)
2019-10-30 06:07:20,684 [pool-59-thread-1] INFO  server.RaftServerConfigKeys (ConfUtils.java:logGet(43)) - raft.server.log.statemachine.data.sync.timeout = 10s (default)
2019-10-30 06:07:20,684 [pool-59-thread-1] INFO  server.RaftServerConfigKeys (ConfUtils.java:logGet(43)) - raft.server.log.statemachine.data.sync.timeout.retry = -1 (default)
2019-10-30 06:07:20,684 [pool-59-thread-1] INFO  server.RaftServerConfigKeys (ConfUtils.java:logGet(43)) - raft.server.log.statemachine.data.caching.enabled = true (custom)
2019-10-30 06:07:20,685 [pool-59-thread-1] INFO  segmented.SegmentedRaftLogWorker (SegmentedRaftLogWorker.java:lambda$new$0(128)) - 4b4c7497-a7ec-4f2a-a6c9-18b9f4a92a5f@group-8F0E04EB3172-SegmentedRaftLogWorker: flushIndex: setUnconditionally 0 -> -1
2019-10-30 06:07:20,685 [pool-59-thread-1] INFO  server.RaftServerConfigKeys (ConfUtils.java:logGet(43)) - raft.server.snapshot.auto.trigger.enabled = true (custom)
2019-10-30 06:07:20,685 [pool-59-thread-1] INFO  server.RaftServerConfigKeys (ConfUtils.java:logGet(43)) - raft.server.snapshot.auto.trigger.threshold = 10000 (custom)
2019-10-30 06:07:20,685 [pool-59-thread-1] INFO  server.RaftServerConfigKeys (ConfUtils.java:logGet(43)) - raft.server.snapshot.retention.file.num = 5 (custom)
2019-10-30 06:07:20,685 [pool-59-thread-1] INFO  server.RaftServerConfigKeys (ConfUtils.java:logGet(43)) - raft.server.retrycache.expirytime = 600000ms (custom)
2019-10-30 06:07:20,687 [pool-59-thread-1] INFO  impl.RaftServerImpl (RaftServerImpl.java:start(195)) - 4b4c7497-a7ec-4f2a-a6c9-18b9f4a92a5f@group-8F0E04EB3172: start as a follower, conf=-1: [4b4c7497-a7ec-4f2a-a6c9-18b9f4a92a5f:192.168.34.21:41258], old=null
2019-10-30 06:07:20,687 [pool-59-thread-1] INFO  impl.RaftServerImpl (RaftServerImpl.java:setRole(184)) - 4b4c7497-a7ec-4f2a-a6c9-18b9f4a92a5f@group-8F0E04EB3172: changes role from      null to FOLLOWER at term 0 for startAsFollower
2019-10-30 06:07:20,688 [pool-59-thread-1] INFO  impl.RoleInfo (RoleInfo.java:updateAndGet(143)) - 4b4c7497-a7ec-4f2a-a6c9-18b9f4a92a5f: start FollowerState
2019-10-30 06:07:20,688 [pool-59-thread-1] INFO  util.JmxRegister (JmxRegister.java:tryRegister(44)) - Successfully registered JMX Bean with object name Ratis:service=RaftServer,group=group-8F0E04EB3172,id=4b4c7497-a7ec-4f2a-a6c9-18b9f4a92a5f
2019-10-30 06:07:20,693 [RatisPipelineUtilsThread] INFO  pipeline.PipelineStateManager (PipelineStateManager.java:addPipeline(56)) - Created pipeline Pipeline[ Id: dacec2a8-5e42-4946-8f5b-8f0e04eb3172, Nodes: 4b4c7497-a7ec-4f2a-a6c9-18b9f4a92a5f{ip: 192.168.34.21, host: pr-hdds-1643-9kfsj-1164326334, networkLocation: /default-rack, certSerialId: null}, Type:RATIS, Factor:ONE, State:OPEN]
2019-10-30 06:07:20,707 [grpc-default-executor-2] INFO  impl.RaftServerProxy (RaftServerProxy.java:addNew(89)) - 78a2ca6d-ab27-408c-be71-e2595a145569: addNew group-8F7C53609CC3:[78a2ca6d-ab27-408c-be71-e2595a145569:192.168.34.21:37717, 4b4c7497-a7ec-4f2a-a6c9-18b9f4a92a5f:192.168.34.21:41258, 47e59444-ad4b-4d8b-b6f4-160f3329f764:192.168.34.21:39722] returns group-8F7C53609CC3:java.util.concurrent.CompletableFuture@51a6b7f2[Not completed]
2019-10-30 06:07:20,707 [grpc-default-executor-4] INFO  impl.RaftServerProxy (RaftServerProxy.java:addNew(89)) - 47e59444-ad4b-4d8b-b6f4-160f3329f764: addNew group-8F7C53609CC3:[78a2ca6d-ab27-408c-be71-e2595a145569:192.168.34.21:37717, 4b4c7497-a7ec-4f2a-a6c9-18b9f4a92a5f:192.168.34.21:41258, 47e59444-ad4b-4d8b-b6f4-160f3329f764:192.168.34.21:39722] returns group-8F7C53609CC3:java.util.concurrent.CompletableFuture@5fa7345a[Not completed]
2019-10-30 06:07:20,707 [grpc-default-executor-3] INFO  impl.RaftServerProxy (RaftServerProxy.java:addNew(89)) - 4b4c7497-a7ec-4f2a-a6c9-18b9f4a92a5f: addNew group-8F7C53609CC3:[78a2ca6d-ab27-408c-be71-e2595a145569:192.168.34.21:37717, 4b4c7497-a7ec-4f2a-a6c9-18b9f4a92a5f:192.168.34.21:41258, 47e59444-ad4b-4d8b-b6f4-160f3329f764:192.168.34.21:39722] returns group-8F7C53609CC3:java.util.concurrent.CompletableFuture@56b96d0e[Not completed]
2019-10-30 06:07:20,709 [pool-27-thread-1] INFO  impl.RaftServerImpl (RaftServerImpl.java:<init>(104)) - 78a2ca6d-ab27-408c-be71-e2595a145569: new RaftServerImpl for group-8F7C53609CC3:[78a2ca6d-ab27-408c-be71-e2595a145569:192.168.34.21:37717, 4b4c7497-a7ec-4f2a-a6c9-18b9f4a92a5f:192.168.34.21:41258, 47e59444-ad4b-4d8b-b6f4-160f3329f764:192.168.34.21:39722] with ContainerStateMachine:uninitialized
2019-10-30 06:07:20,709 [pool-27-thread-1] INFO  server.RaftServerConfigKeys (ConfUtils.java:logGet(43)) - raft.server.rpc.timeout.min = 5s (custom)
2019-10-30 06:07:20,709 [pool-27-thread-1] INFO  server.RaftServerConfigKeys (ConfUtils.java:logGet(43)) - raft.server.rpc.timeout.max = 5200ms (custom)
2019-10-30 06:07:20,709 [pool-27-thread-1] INFO  server.RaftServerConfigKeys (ConfUtils.java:logGet(43)) - raft.server.rpcslowness.timeout = 1000s (custom)
2019-10-30 06:07:20,709 [pool-27-thread-1] INFO  server.RaftServerConfigKeys (ConfUtils.java:logGet(43)) - raft.server.sleep.deviation.threshold = 300 (default)
2019-10-30 06:07:20,709 [pool-27-thread-1] INFO  server.RaftServerConfigKeys (ConfUtils.java:logGet(43)) - raft.server.log.appender.install.snapshot.enabled = false (custom)
2019-10-30 06:07:20,709 [pool-47-thread-1] INFO  impl.RaftServerImpl (RaftServerImpl.java:<init>(104)) - 47e59444-ad4b-4d8b-b6f4-160f3329f764: new RaftServerImpl for group-8F7C53609CC3:[78a2ca6d-ab27-408c-be71-e2595a145569:192.168.34.21:37717, 4b4c7497-a7ec-4f2a-a6c9-18b9f4a92a5f:192.168.34.21:41258, 47e59444-ad4b-4d8b-b6f4-160f3329f764:192.168.34.21:39722] with ContainerStateMachine:uninitialized
2019-10-30 06:07:20,709 [pool-27-thread-1] INFO  impl.RaftServerImpl (ServerState.java:<init>(103)) - 78a2ca6d-ab27-408c-be71-e2595a145569@group-8F7C53609CC3: ConfigurationManager, init=-1: [78a2ca6d-ab27-408c-be71-e2595a145569:192.168.34.21:37717, 4b4c7497-a7ec-4f2a-a6c9-18b9f4a92a5f:192.168.34.21:41258, 47e59444-ad4b-4d8b-b6f4-160f3329f764:192.168.34.21:39722], old=null, confs=<EMPTY_MAP>
2019-10-30 06:07:20,710 [pool-47-thread-1] INFO  server.RaftServerConfigKeys (ConfUtils.java:logGet(43)) - raft.server.rpc.timeout.min = 5s (custom)
2019-10-30 06:07:20,710 [pool-27-thread-1] INFO  server.RaftServerConfigKeys (ConfUtils.java:logGet(43)) - raft.server.storage.dir = [/workdir/hadoop-ozone/integration-test/target/test-dir/MiniOzoneClusterImpl-9b19e524-011a-4190-a309-f47c35af0e4e/datanode-0/data/ratis] (custom)
2019-10-30 06:07:20,710 [pool-47-thread-1] INFO  server.RaftServerConfigKeys (ConfUtils.java:logGet(43)) - raft.server.rpc.timeout.max = 5200ms (custom)
2019-10-30 06:07:20,710 [pool-59-thread-1] INFO  impl.RaftServerImpl (RaftServerImpl.java:<init>(104)) - 4b4c7497-a7ec-4f2a-a6c9-18b9f4a92a5f: new RaftServerImpl for group-8F7C53609CC3:[78a2ca6d-ab27-408c-be71-e2595a145569:192.168.34.21:37717, 4b4c7497-a7ec-4f2a-a6c9-18b9f4a92a5f:192.168.34.21:41258, 47e59444-ad4b-4d8b-b6f4-160f3329f764:192.168.34.21:39722] with ContainerStateMachine:uninitialized
2019-10-30 06:07:20,710 [pool-27-thread-1] INFO  server.RaftServerConfigKeys (ConfUtils.java:logGet(43)) - raft.server.log.corruption.policy = EXCEPTION (default)
2019-10-30 06:07:20,710 [pool-47-thread-1] INFO  server.RaftServerConfigKeys (ConfUtils.java:logGet(43)) - raft.server.rpcslowness.timeout = 1000s (custom)
2019-10-30 06:07:20,710 [pool-59-thread-1] INFO  server.RaftServerConfigKeys (ConfUtils.java:logGet(43)) - raft.server.rpc.timeout.min = 5s (custom)
2019-10-30 06:07:20,710 [pool-27-thread-1] INFO  storage.RaftStorageDirectory (RaftStorageDirectory.java:analyzeStorage(246)) - The storage directory /workdir/hadoop-ozone/integration-test/target/test-dir/MiniOzoneClusterImpl-9b19e524-011a-4190-a309-f47c35af0e4e/datanode-0/data/ratis/793958a8-9ace-45ef-a993-8f7c53609cc3 does not exist. Creating ...
2019-10-30 06:07:20,710 [pool-47-thread-1] INFO  server.RaftServerConfigKeys (ConfUtils.java:logGet(43)) - raft.server.sleep.deviation.threshold = 300 (default)
2019-10-30 06:07:20,710 [pool-59-thread-1] INFO  server.RaftServerConfigKeys (ConfUtils.java:logGet(43)) - raft.server.rpc.timeout.max = 5200ms (custom)
2019-10-30 06:07:20,710 [pool-47-thread-1] INFO  server.RaftServerConfigKeys (ConfUtils.java:logGet(43)) - raft.server.log.appender.install.snapshot.enabled = false (custom)
2019-10-30 06:07:20,711 [pool-59-thread-1] INFO  server.RaftServerConfigKeys (ConfUtils.java:logGet(43)) - raft.server.rpcslowness.timeout = 1000s (custom)
2019-10-30 06:07:20,711 [pool-47-thread-1] INFO  impl.RaftServerImpl (ServerState.java:<init>(103)) - 47e59444-ad4b-4d8b-b6f4-160f3329f764@group-8F7C53609CC3: ConfigurationManager, init=-1: [78a2ca6d-ab27-408c-be71-e2595a145569:192.168.34.21:37717, 4b4c7497-a7ec-4f2a-a6c9-18b9f4a92a5f:192.168.34.21:41258, 47e59444-ad4b-4d8b-b6f4-160f3329f764:192.168.34.21:39722], old=null, confs=<EMPTY_MAP>
2019-10-30 06:07:20,711 [pool-59-thread-1] INFO  server.RaftServerConfigKeys (ConfUtils.java:logGet(43)) - raft.server.sleep.deviation.threshold = 300 (default)
2019-10-30 06:07:20,711 [pool-47-thread-1] INFO  server.RaftServerConfigKeys (ConfUtils.java:logGet(43)) - raft.server.storage.dir = [/workdir/hadoop-ozone/integration-test/target/test-dir/MiniOzoneClusterImpl-9b19e524-011a-4190-a309-f47c35af0e4e/datanode-2/data/ratis] (custom)
2019-10-30 06:07:20,711 [pool-59-thread-1] INFO  server.RaftServerConfigKeys (ConfUtils.java:logGet(43)) - raft.server.log.appender.install.snapshot.enabled = false (custom)
2019-10-30 06:07:20,711 [pool-59-thread-1] INFO  impl.RaftServerImpl (ServerState.java:<init>(103)) - 4b4c7497-a7ec-4f2a-a6c9-18b9f4a92a5f@group-8F7C53609CC3: ConfigurationManager, init=-1: [78a2ca6d-ab27-408c-be71-e2595a145569:192.168.34.21:37717, 4b4c7497-a7ec-4f2a-a6c9-18b9f4a92a5f:192.168.34.21:41258, 47e59444-ad4b-4d8b-b6f4-160f3329f764:192.168.34.21:39722], old=null, confs=<EMPTY_MAP>
2019-10-30 06:07:20,711 [pool-47-thread-1] INFO  server.RaftServerConfigKeys (ConfUtils.java:logGet(43)) - raft.server.log.corruption.policy = EXCEPTION (default)
2019-10-30 06:07:20,711 [pool-59-thread-1] INFO  server.RaftServerConfigKeys (ConfUtils.java:logGet(43)) - raft.server.storage.dir = [/workdir/hadoop-ozone/integration-test/target/test-dir/MiniOzoneClusterImpl-9b19e524-011a-4190-a309-f47c35af0e4e/datanode-1/data/ratis] (custom)
2019-10-30 06:07:20,711 [pool-47-thread-1] INFO  storage.RaftStorageDirectory (RaftStorageDirectory.java:analyzeStorage(246)) - The storage directory /workdir/hadoop-ozone/integration-test/target/test-dir/MiniOzoneClusterImpl-9b19e524-011a-4190-a309-f47c35af0e4e/datanode-2/data/ratis/793958a8-9ace-45ef-a993-8f7c53609cc3 does not exist. Creating ...
2019-10-30 06:07:20,712 [pool-59-thread-1] INFO  server.RaftServerConfigKeys (ConfUtils.java:logGet(43)) - raft.server.log.corruption.policy = EXCEPTION (default)
2019-10-30 06:07:20,712 [pool-59-thread-1] INFO  storage.RaftStorageDirectory (RaftStorageDirectory.java:analyzeStorage(246)) - The storage directory /workdir/hadoop-ozone/integration-test/target/test-dir/MiniOzoneClusterImpl-9b19e524-011a-4190-a309-f47c35af0e4e/datanode-1/data/ratis/793958a8-9ace-45ef-a993-8f7c53609cc3 does not exist. Creating ...
2019-10-30 06:07:20,736 [pool-47-thread-1] INFO  storage.RaftStorageDirectory (RaftStorageDirectory.java:tryLock(328)) - Lock on /workdir/hadoop-ozone/integration-test/target/test-dir/MiniOzoneClusterImpl-9b19e524-011a-4190-a309-f47c35af0e4e/datanode-2/data/ratis/793958a8-9ace-45ef-a993-8f7c53609cc3/in_use.lock acquired by nodename 5186@pr-hdds-1643-9kfsj-1164326334
2019-10-30 06:07:20,736 [pool-27-thread-1] INFO  storage.RaftStorageDirectory (RaftStorageDirectory.java:tryLock(328)) - Lock on /workdir/hadoop-ozone/integration-test/target/test-dir/MiniOzoneClusterImpl-9b19e524-011a-4190-a309-f47c35af0e4e/datanode-0/data/ratis/793958a8-9ace-45ef-a993-8f7c53609cc3/in_use.lock acquired by nodename 5186@pr-hdds-1643-9kfsj-1164326334
2019-10-30 06:07:20,736 [pool-59-thread-1] INFO  storage.RaftStorageDirectory (RaftStorageDirectory.java:tryLock(328)) - Lock on /workdir/hadoop-ozone/integration-test/target/test-dir/MiniOzoneClusterImpl-9b19e524-011a-4190-a309-f47c35af0e4e/datanode-1/data/ratis/793958a8-9ace-45ef-a993-8f7c53609cc3/in_use.lock acquired by nodename 5186@pr-hdds-1643-9kfsj-1164326334
2019-10-30 06:07:20,761 [pool-27-thread-1] INFO  storage.RaftStorage (RaftStorage.java:format(84)) - Storage directory /workdir/hadoop-ozone/integration-test/target/test-dir/MiniOzoneClusterImpl-9b19e524-011a-4190-a309-f47c35af0e4e/datanode-0/data/ratis/793958a8-9ace-45ef-a993-8f7c53609cc3 has been successfully formatted.
2019-10-30 06:07:20,761 [pool-47-thread-1] INFO  storage.RaftStorage (RaftStorage.java:format(84)) - Storage directory /workdir/hadoop-ozone/integration-test/target/test-dir/MiniOzoneClusterImpl-9b19e524-011a-4190-a309-f47c35af0e4e/datanode-2/data/ratis/793958a8-9ace-45ef-a993-8f7c53609cc3 has been successfully formatted.
2019-10-30 06:07:20,761 [pool-59-thread-1] INFO  storage.RaftStorage (RaftStorage.java:format(84)) - Storage directory /workdir/hadoop-ozone/integration-test/target/test-dir/MiniOzoneClusterImpl-9b19e524-011a-4190-a309-f47c35af0e4e/datanode-1/data/ratis/793958a8-9ace-45ef-a993-8f7c53609cc3 has been successfully formatted.
2019-10-30 06:07:20,761 [pool-27-thread-1] INFO  ratis.ContainerStateMachine (ContainerStateMachine.java:loadSnapshot(231)) - group-8F7C53609CC3: The snapshot info is null. Setting the last applied indexto:(t:0, i:~)
2019-10-30 06:07:20,762 [pool-59-thread-1] INFO  ratis.ContainerStateMachine (ContainerStateMachine.java:loadSnapshot(231)) - group-8F7C53609CC3: The snapshot info is null. Setting the last applied indexto:(t:0, i:~)
2019-10-30 06:07:20,762 [pool-47-thread-1] INFO  ratis.ContainerStateMachine (ContainerStateMachine.java:loadSnapshot(231)) - group-8F7C53609CC3: The snapshot info is null. Setting the last applied indexto:(t:0, i:~)
2019-10-30 06:07:20,762 [pool-59-thread-1] INFO  server.RaftServerConfigKeys (ConfUtils.java:logGet(43)) - raft.server.notification.no-leader.timeout = 1000s (custom)
2019-10-30 06:07:20,762 [pool-47-thread-1] INFO  server.RaftServerConfigKeys (ConfUtils.java:logGet(43)) - raft.server.notification.no-leader.timeout = 1000s (custom)
2019-10-30 06:07:20,762 [pool-27-thread-1] INFO  server.RaftServerConfigKeys (ConfUtils.java:logGet(43)) - raft.server.notification.no-leader.timeout = 1000s (custom)
2019-10-30 06:07:20,762 [pool-47-thread-1] INFO  server.RaftServerConfigKeys (ConfUtils.java:logGet(43)) - raft.server.log.use.memory = false (default)
2019-10-30 06:07:20,762 [pool-59-thread-1] INFO  server.RaftServerConfigKeys (ConfUtils.java:logGet(43)) - raft.server.log.use.memory = false (default)
2019-10-30 06:07:20,762 [pool-47-thread-1] INFO  server.RaftServerConfigKeys (ConfUtils.java:logGet(43)) - raft.server.log.purge.gap = 1000000 (custom)
2019-10-30 06:07:20,762 [pool-27-thread-1] INFO  server.RaftServerConfigKeys (ConfUtils.java:logGet(43)) - raft.server.log.use.memory = false (default)
2019-10-30 06:07:20,762 [pool-47-thread-1] INFO  server.RaftServerConfigKeys (ConfUtils.java:logGet(43)) - raft.server.log.appender.buffer.byte-limit = 33554432 (custom)
2019-10-30 06:07:20,762 [pool-59-thread-1] INFO  server.RaftServerConfigKeys (ConfUtils.java:logGet(43)) - raft.server.log.purge.gap = 1000000 (custom)
2019-10-30 06:07:20,763 [pool-47-thread-1] INFO  server.RaftServerConfigKeys (ConfUtils.java:logGet(43)) - raft.server.log.segment.size.max = 1048576 (custom)
2019-10-30 06:07:20,763 [pool-27-thread-1] INFO  server.RaftServerConfigKeys (ConfUtils.java:logGet(43)) - raft.server.log.purge.gap = 1000000 (custom)
2019-10-30 06:07:20,763 [pool-47-thread-1] INFO  server.RaftServerConfigKeys (ConfUtils.java:logGet(43)) - raft.server.log.segment.cache.num.max = 2 (custom)
2019-10-30 06:07:20,763 [pool-59-thread-1] INFO  server.RaftServerConfigKeys (ConfUtils.java:logGet(43)) - raft.server.log.appender.buffer.byte-limit = 33554432 (custom)
2019-10-30 06:07:20,763 [pool-47-thread-1] INFO  segmented.SegmentedRaftLogWorker (SegmentedRaftLogWorker.java:<init>(173)) - new 47e59444-ad4b-4d8b-b6f4-160f3329f764@group-8F7C53609CC3-SegmentedRaftLogWorker for RaftStorage:Storage Directory /workdir/hadoop-ozone/integration-test/target/test-dir/MiniOzoneClusterImpl-9b19e524-011a-4190-a309-f47c35af0e4e/datanode-2/data/ratis/793958a8-9ace-45ef-a993-8f7c53609cc3
2019-10-30 06:07:20,763 [pool-27-thread-1] INFO  server.RaftServerConfigKeys (ConfUtils.java:logGet(43)) - raft.server.log.appender.buffer.byte-limit = 33554432 (custom)
2019-10-30 06:07:20,763 [pool-47-thread-1] INFO  server.RaftServerConfigKeys (ConfUtils.java:logGet(43)) - raft.server.log.queue.byte-limit = 2147483647 (custom)
2019-10-30 06:07:20,763 [pool-59-thread-1] INFO  server.RaftServerConfigKeys (ConfUtils.java:logGet(43)) - raft.server.log.segment.size.max = 1048576 (custom)
2019-10-30 06:07:20,763 [pool-47-thread-1] INFO  server.RaftServerConfigKeys (ConfUtils.java:logGet(43)) - raft.server.log.queue.element-limit = 1024 (custom)
2019-10-30 06:07:20,763 [pool-27-thread-1] INFO  server.RaftServerConfigKeys (ConfUtils.java:logGet(43)) - raft.server.log.segment.size.max = 1048576 (custom)
2019-10-30 06:07:20,764 [pool-47-thread-1] INFO  server.RaftServerConfigKeys (ConfUtils.java:logGet(43)) - raft.server.log.segment.size.max = 1048576 (custom)
2019-10-30 06:07:20,763 [pool-59-thread-1] INFO  server.RaftServerConfigKeys (ConfUtils.java:logGet(43)) - raft.server.log.segment.cache.num.max = 2 (custom)
2019-10-30 06:07:20,764 [pool-47-thread-1] INFO  server.RaftServerConfigKeys (ConfUtils.java:logGet(43)) - raft.server.log.preallocated.size = 16384 (custom)
2019-10-30 06:07:20,764 [pool-27-thread-1] INFO  server.RaftServerConfigKeys (ConfUtils.java:logGet(43)) - raft.server.log.segment.cache.num.max = 2 (custom)
2019-10-30 06:07:20,764 [pool-47-thread-1] INFO  server.RaftServerConfigKeys (ConfUtils.java:logGet(43)) - raft.server.log.write.buffer.size = 33554432 (custom)
2019-10-30 06:07:20,764 [pool-59-thread-1] INFO  segmented.SegmentedRaftLogWorker (SegmentedRaftLogWorker.java:<init>(173)) - new 4b4c7497-a7ec-4f2a-a6c9-18b9f4a92a5f@group-8F7C53609CC3-SegmentedRaftLogWorker for RaftStorage:Storage Directory /workdir/hadoop-ozone/integration-test/target/test-dir/MiniOzoneClusterImpl-9b19e524-011a-4190-a309-f47c35af0e4e/datanode-1/data/ratis/793958a8-9ace-45ef-a993-8f7c53609cc3
2019-10-30 06:07:20,764 [pool-47-thread-1] INFO  server.RaftServerConfigKeys (ConfUtils.java:logGet(43)) - raft.server.log.force.sync.num = 128 (default)
2019-10-30 06:07:20,764 [pool-27-thread-1] INFO  segmented.SegmentedRaftLogWorker (SegmentedRaftLogWorker.java:<init>(173)) - new 78a2ca6d-ab27-408c-be71-e2595a145569@group-8F7C53609CC3-SegmentedRaftLogWorker for RaftStorage:Storage Directory /workdir/hadoop-ozone/integration-test/target/test-dir/MiniOzoneClusterImpl-9b19e524-011a-4190-a309-f47c35af0e4e/datanode-0/data/ratis/793958a8-9ace-45ef-a993-8f7c53609cc3
2019-10-30 06:07:20,764 [pool-47-thread-1] INFO  server.RaftServerConfigKeys (ConfUtils.java:logGet(43)) - raft.server.log.statemachine.data.sync = true (default)
2019-10-30 06:07:20,764 [pool-59-thread-1] INFO  server.RaftServerConfigKeys (ConfUtils.java:logGet(43)) - raft.server.log.queue.byte-limit = 2147483647 (custom)
2019-10-30 06:07:20,765 [pool-47-thread-1] INFO  server.RaftServerConfigKeys (ConfUtils.java:logGet(43)) - raft.server.log.statemachine.data.sync.timeout = 10s (default)
2019-10-30 06:07:20,764 [pool-27-thread-1] INFO  server.RaftServerConfigKeys (ConfUtils.java:logGet(43)) - raft.server.log.queue.byte-limit = 2147483647 (custom)
2019-10-30 06:07:20,765 [pool-47-thread-1] INFO  server.RaftServerConfigKeys (ConfUtils.java:logGet(43)) - raft.server.log.statemachine.data.sync.timeout.retry = -1 (default)
2019-10-30 06:07:20,765 [pool-59-thread-1] INFO  server.RaftServerConfigKeys (ConfUtils.java:logGet(43)) - raft.server.log.queue.element-limit = 1024 (custom)
2019-10-30 06:07:20,765 [pool-27-thread-1] INFO  server.RaftServerConfigKeys (ConfUtils.java:logGet(43)) - raft.server.log.queue.element-limit = 1024 (custom)
2019-10-30 06:07:20,765 [pool-59-thread-1] INFO  server.RaftServerConfigKeys (ConfUtils.java:logGet(43)) - raft.server.log.segment.size.max = 1048576 (custom)
2019-10-30 06:07:20,765 [pool-47-thread-1] INFO  server.RaftServerConfigKeys (ConfUtils.java:logGet(43)) - raft.server.log.statemachine.data.caching.enabled = true (custom)
2019-10-30 06:07:20,765 [pool-59-thread-1] INFO  server.RaftServerConfigKeys (ConfUtils.java:logGet(43)) - raft.server.log.preallocated.size = 16384 (custom)
2019-10-30 06:07:20,765 [pool-27-thread-1] INFO  server.RaftServerConfigKeys (ConfUtils.java:logGet(43)) - raft.server.log.segment.size.max = 1048576 (custom)
2019-10-30 06:07:20,765 [pool-47-thread-1] INFO  segmented.SegmentedRaftLogWorker (SegmentedRaftLogWorker.java:lambda$new$0(128)) - 47e59444-ad4b-4d8b-b6f4-160f3329f764@group-8F7C53609CC3-SegmentedRaftLogWorker: flushIndex: setUnconditionally 0 -> -1
2019-10-30 06:07:20,765 [pool-59-thread-1] INFO  server.RaftServerConfigKeys (ConfUtils.java:logGet(43)) - raft.server.log.write.buffer.size = 33554432 (custom)
2019-10-30 06:07:20,766 [pool-27-thread-1] INFO  server.RaftServerConfigKeys (ConfUtils.java:logGet(43)) - raft.server.log.preallocated.size = 16384 (custom)
2019-10-30 06:07:20,766 [pool-59-thread-1] INFO  server.RaftServerConfigKeys (ConfUtils.java:logGet(43)) - raft.server.log.force.sync.num = 128 (default)
2019-10-30 06:07:20,766 [pool-47-thread-1] INFO  server.RaftServerConfigKeys (ConfUtils.java:logGet(43)) - raft.server.snapshot.auto.trigger.enabled = true (custom)
2019-10-30 06:07:20,766 [pool-27-thread-1] INFO  server.RaftServerConfigKeys (ConfUtils.java:logGet(43)) - raft.server.log.write.buffer.size = 33554432 (custom)
2019-10-30 06:07:20,766 [pool-47-thread-1] INFO  server.RaftServerConfigKeys (ConfUtils.java:logGet(43)) - raft.server.snapshot.auto.trigger.threshold = 10000 (custom)
2019-10-30 06:07:20,766 [pool-59-thread-1] INFO  server.RaftServerConfigKeys (ConfUtils.java:logGet(43)) - raft.server.log.statemachine.data.sync = true (default)
2019-10-30 06:07:20,766 [pool-47-thread-1] INFO  server.RaftServerConfigKeys (ConfUtils.java:logGet(43)) - raft.server.snapshot.retention.file.num = 5 (custom)
2019-10-30 06:07:20,766 [pool-27-thread-1] INFO  server.RaftServerConfigKeys (ConfUtils.java:logGet(43)) - raft.server.log.force.sync.num = 128 (default)
2019-10-30 06:07:20,766 [pool-47-thread-1] INFO  server.RaftServerConfigKeys (ConfUtils.java:logGet(43)) - raft.server.retrycache.expirytime = 600000ms (custom)
2019-10-30 06:07:20,766 [pool-59-thread-1] INFO  server.RaftServerConfigKeys (ConfUtils.java:logGet(43)) - raft.server.log.statemachine.data.sync.timeout = 10s (default)
2019-10-30 06:07:20,767 [pool-27-thread-1] INFO  server.RaftServerConfigKeys (ConfUtils.java:logGet(43)) - raft.server.log.statemachine.data.sync = true (default)
2019-10-30 06:07:20,767 [pool-59-thread-1] INFO  server.RaftServerConfigKeys (ConfUtils.java:logGet(43)) - raft.server.log.statemachine.data.sync.timeout.retry = -1 (default)
2019-10-30 06:07:20,767 [pool-27-thread-1] INFO  server.RaftServerConfigKeys (ConfUtils.java:logGet(43)) - raft.server.log.statemachine.data.sync.timeout = 10s (default)
2019-10-30 06:07:20,767 [pool-59-thread-1] INFO  server.RaftServerConfigKeys (ConfUtils.java:logGet(43)) - raft.server.log.statemachine.data.caching.enabled = true (custom)
2019-10-30 06:07:20,767 [pool-27-thread-1] INFO  server.RaftServerConfigKeys (ConfUtils.java:logGet(43)) - raft.server.log.statemachine.data.sync.timeout.retry = -1 (default)
2019-10-30 06:07:20,767 [pool-59-thread-1] INFO  segmented.SegmentedRaftLogWorker (SegmentedRaftLogWorker.java:lambda$new$0(128)) - 4b4c7497-a7ec-4f2a-a6c9-18b9f4a92a5f@group-8F7C53609CC3-SegmentedRaftLogWorker: flushIndex: setUnconditionally 0 -> -1
2019-10-30 06:07:20,768 [pool-27-thread-1] INFO  server.RaftServerConfigKeys (ConfUtils.java:logGet(43)) - raft.server.log.statemachine.data.caching.enabled = true (custom)
2019-10-30 06:07:20,768 [pool-59-thread-1] INFO  server.RaftServerConfigKeys (ConfUtils.java:logGet(43)) - raft.server.snapshot.auto.trigger.enabled = true (custom)
2019-10-30 06:07:20,768 [pool-59-thread-1] INFO  server.RaftServerConfigKeys (ConfUtils.java:logGet(43)) - raft.server.snapshot.auto.trigger.threshold = 10000 (custom)
2019-10-30 06:07:20,768 [pool-27-thread-1] INFO  segmented.SegmentedRaftLogWorker (SegmentedRaftLogWorker.java:lambda$new$0(128)) - 78a2ca6d-ab27-408c-be71-e2595a145569@group-8F7C53609CC3-SegmentedRaftLogWorker: flushIndex: setUnconditionally 0 -> -1
2019-10-30 06:07:20,768 [pool-59-thread-1] INFO  server.RaftServerConfigKeys (ConfUtils.java:logGet(43)) - raft.server.snapshot.retention.file.num = 5 (custom)
2019-10-30 06:07:20,768 [pool-59-thread-1] INFO  server.RaftServerConfigKeys (ConfUtils.java:logGet(43)) - raft.server.retrycache.expirytime = 600000ms (custom)
2019-10-30 06:07:20,768 [pool-47-thread-1] INFO  impl.RaftServerImpl (RaftServerImpl.java:start(195)) - 47e59444-ad4b-4d8b-b6f4-160f3329f764@group-8F7C53609CC3: start as a follower, conf=-1: [78a2ca6d-ab27-408c-be71-e2595a145569:192.168.34.21:37717, 4b4c7497-a7ec-4f2a-a6c9-18b9f4a92a5f:192.168.34.21:41258, 47e59444-ad4b-4d8b-b6f4-160f3329f764:192.168.34.21:39722], old=null
2019-10-30 06:07:20,768 [pool-27-thread-1] INFO  server.RaftServerConfigKeys (ConfUtils.java:logGet(43)) - raft.server.snapshot.auto.trigger.enabled = true (custom)
2019-10-30 06:07:20,768 [pool-47-thread-1] INFO  impl.RaftServerImpl (RaftServerImpl.java:setRole(184)) - 47e59444-ad4b-4d8b-b6f4-160f3329f764@group-8F7C53609CC3: changes role from      null to FOLLOWER at term 0 for startAsFollower
2019-10-30 06:07:20,769 [pool-27-thread-1] INFO  server.RaftServerConfigKeys (ConfUtils.java:logGet(43)) - raft.server.snapshot.auto.trigger.threshold = 10000 (custom)
2019-10-30 06:07:20,769 [pool-47-thread-1] INFO  impl.RoleInfo (RoleInfo.java:updateAndGet(143)) - 47e59444-ad4b-4d8b-b6f4-160f3329f764: start FollowerState
2019-10-30 06:07:20,769 [pool-27-thread-1] INFO  server.RaftServerConfigKeys (ConfUtils.java:logGet(43)) - raft.server.snapshot.retention.file.num = 5 (custom)
2019-10-30 06:07:20,769 [pool-47-thread-1] INFO  util.JmxRegister (JmxRegister.java:tryRegister(44)) - Successfully registered JMX Bean with object name Ratis:service=RaftServer,group=group-8F7C53609CC3,id=47e59444-ad4b-4d8b-b6f4-160f3329f764
2019-10-30 06:07:20,769 [pool-27-thread-1] INFO  server.RaftServerConfigKeys (ConfUtils.java:logGet(43)) - raft.server.retrycache.expirytime = 600000ms (custom)
2019-10-30 06:07:20,772 [pool-59-thread-1] INFO  impl.RaftServerImpl (RaftServerImpl.java:start(195)) - 4b4c7497-a7ec-4f2a-a6c9-18b9f4a92a5f@group-8F7C53609CC3: start as a follower, conf=-1: [78a2ca6d-ab27-408c-be71-e2595a145569:192.168.34.21:37717, 4b4c7497-a7ec-4f2a-a6c9-18b9f4a92a5f:192.168.34.21:41258, 47e59444-ad4b-4d8b-b6f4-160f3329f764:192.168.34.21:39722], old=null
2019-10-30 06:07:20,772 [pool-59-thread-1] INFO  impl.RaftServerImpl (RaftServerImpl.java:setRole(184)) - 4b4c7497-a7ec-4f2a-a6c9-18b9f4a92a5f@group-8F7C53609CC3: changes role from      null to FOLLOWER at term 0 for startAsFollower
2019-10-30 06:07:20,772 [pool-59-thread-1] INFO  impl.RoleInfo (RoleInfo.java:updateAndGet(143)) - 4b4c7497-a7ec-4f2a-a6c9-18b9f4a92a5f: start FollowerState
2019-10-30 06:07:20,772 [pool-59-thread-1] INFO  util.JmxRegister (JmxRegister.java:tryRegister(44)) - Successfully registered JMX Bean with object name Ratis:service=RaftServer,group=group-8F7C53609CC3,id=4b4c7497-a7ec-4f2a-a6c9-18b9f4a92a5f
2019-10-30 06:07:20,772 [pool-27-thread-1] INFO  impl.RaftServerImpl (RaftServerImpl.java:start(195)) - 78a2ca6d-ab27-408c-be71-e2595a145569@group-8F7C53609CC3: start as a follower, conf=-1: [78a2ca6d-ab27-408c-be71-e2595a145569:192.168.34.21:37717, 4b4c7497-a7ec-4f2a-a6c9-18b9f4a92a5f:192.168.34.21:41258, 47e59444-ad4b-4d8b-b6f4-160f3329f764:192.168.34.21:39722], old=null
2019-10-30 06:07:20,773 [pool-27-thread-1] INFO  impl.RaftServerImpl (RaftServerImpl.java:setRole(184)) - 78a2ca6d-ab27-408c-be71-e2595a145569@group-8F7C53609CC3: changes role from      null to FOLLOWER at term 0 for startAsFollower
2019-10-30 06:07:20,773 [pool-27-thread-1] INFO  impl.RoleInfo (RoleInfo.java:updateAndGet(143)) - 78a2ca6d-ab27-408c-be71-e2595a145569: start FollowerState
2019-10-30 06:07:20,775 [pool-27-thread-1] INFO  util.JmxRegister (JmxRegister.java:tryRegister(44)) - Successfully registered JMX Bean with object name Ratis:service=RaftServer,group=group-8F7C53609CC3,id=78a2ca6d-ab27-408c-be71-e2595a145569
2019-10-30 06:07:20,783 [RatisPipelineUtilsThread] INFO  pipeline.PipelineStateManager (PipelineStateManager.java:addPipeline(56)) - Created pipeline Pipeline[ Id: 793958a8-9ace-45ef-a993-8f7c53609cc3, Nodes: 78a2ca6d-ab27-408c-be71-e2595a145569{ip: 192.168.34.21, host: pr-hdds-1643-9kfsj-1164326334, networkLocation: /default-rack, certSerialId: null}47e59444-ad4b-4d8b-b6f4-160f3329f764{ip: 192.168.34.21, host: pr-hdds-1643-9kfsj-1164326334, networkLocation: /default-rack, certSerialId: null}4b4c7497-a7ec-4f2a-a6c9-18b9f4a92a5f{ip: 192.168.34.21, host: pr-hdds-1643-9kfsj-1164326334, networkLocation: /default-rack, certSerialId: null}, Type:RATIS, Factor:THREE, State:OPEN]
2019-10-30 06:07:20,789 [Thread-777] INFO  impl.FollowerState (FollowerState.java:run(108)) - 4b4c7497-a7ec-4f2a-a6c9-18b9f4a92a5f@group-8F0E04EB3172-FollowerState: change to CANDIDATE, lastRpcTime:101ms, electionTimeout:101ms
2019-10-30 06:07:20,789 [Thread-777] INFO  impl.RoleInfo (RoleInfo.java:shutdownFollowerState(121)) - 4b4c7497-a7ec-4f2a-a6c9-18b9f4a92a5f: shutdown FollowerState
2019-10-30 06:07:20,789 [Thread-777] INFO  impl.RaftServerImpl (RaftServerImpl.java:setRole(184)) - 4b4c7497-a7ec-4f2a-a6c9-18b9f4a92a5f@group-8F0E04EB3172: changes role from  FOLLOWER to CANDIDATE at term 0 for changeToCandidate
2019-10-30 06:07:20,790 [Thread-777] INFO  impl.RoleInfo (RoleInfo.java:updateAndGet(143)) - 4b4c7497-a7ec-4f2a-a6c9-18b9f4a92a5f: start LeaderElection
2019-10-30 06:07:20,800 [Thread-775] INFO  impl.FollowerState (FollowerState.java:run(108)) - 4b4c7497-a7ec-4f2a-a6c9-18b9f4a92a5f@group-E99C5BDD80CF-FollowerState: change to CANDIDATE, lastRpcTime:116ms, electionTimeout:116ms
2019-10-30 06:07:20,800 [Thread-775] INFO  impl.RoleInfo (RoleInfo.java:shutdownFollowerState(121)) - 4b4c7497-a7ec-4f2a-a6c9-18b9f4a92a5f: shutdown FollowerState
2019-10-30 06:07:20,800 [Thread-775] INFO  impl.RaftServerImpl (RaftServerImpl.java:setRole(184)) - 4b4c7497-a7ec-4f2a-a6c9-18b9f4a92a5f@group-E99C5BDD80CF: changes role from  FOLLOWER to CANDIDATE at term 35 for changeToCandidate
2019-10-30 06:07:20,801 [Thread-775] INFO  impl.RoleInfo (RoleInfo.java:updateAndGet(143)) - 4b4c7497-a7ec-4f2a-a6c9-18b9f4a92a5f: start LeaderElection
2019-10-30 06:07:20,808 [4b4c7497-a7ec-4f2a-a6c9-18b9f4a92a5f@group-8F0E04EB3172-LeaderElection33] INFO  impl.LeaderElection (LeaderElection.java:askForVotes(178)) - 4b4c7497-a7ec-4f2a-a6c9-18b9f4a92a5f@group-8F0E04EB3172-LeaderElection33: begin an election at term 1 for -1: [4b4c7497-a7ec-4f2a-a6c9-18b9f4a92a5f:192.168.34.21:41258], old=null
2019-10-30 06:07:20,808 [4b4c7497-a7ec-4f2a-a6c9-18b9f4a92a5f@group-E99C5BDD80CF-LeaderElection34] INFO  impl.LeaderElection (LeaderElection.java:askForVotes(178)) - 4b4c7497-a7ec-4f2a-a6c9-18b9f4a92a5f@group-E99C5BDD80CF-LeaderElection34: begin an election at term 36 for 0: [78a2ca6d-ab27-408c-be71-e2595a145569:192.168.34.21:37717, 4b4c7497-a7ec-4f2a-a6c9-18b9f4a92a5f:192.168.34.21:41258, 47e59444-ad4b-4d8b-b6f4-160f3329f764:192.168.34.21:39722], old=null
2019-10-30 06:07:20,808 [EventQueue-PendingDeleteStatusForPendingDeleteHandler] INFO  block.SCMBlockDeletingService (SCMBlockDeletingService.java:handlePendingDeletes(115)) - Block deletion txnID mismatch in datanode 4b4c7497-a7ec-4f2a-a6c9-18b9f4a92a5f for containerID 1. Datanode delete txnID: 0, SCM txnID: 1
2019-10-30 06:07:20,808 [4b4c7497-a7ec-4f2a-a6c9-18b9f4a92a5f@group-8F0E04EB3172-LeaderElection33] INFO  impl.RoleInfo (RoleInfo.java:shutdownLeaderElection(134)) - 4b4c7497-a7ec-4f2a-a6c9-18b9f4a92a5f: shutdown LeaderElection
2019-10-30 06:07:20,808 [4b4c7497-a7ec-4f2a-a6c9-18b9f4a92a5f@group-8F0E04EB3172-LeaderElection33] INFO  impl.RaftServerImpl (RaftServerImpl.java:setRole(184)) - 4b4c7497-a7ec-4f2a-a6c9-18b9f4a92a5f@group-8F0E04EB3172: changes role from CANDIDATE to LEADER at term 1 for changeToLeader
2019-10-30 06:07:20,808 [4b4c7497-a7ec-4f2a-a6c9-18b9f4a92a5f@group-8F0E04EB3172-LeaderElection33] INFO  impl.RaftServerImpl (ServerState.java:setLeader(256)) - 4b4c7497-a7ec-4f2a-a6c9-18b9f4a92a5f@group-8F0E04EB3172: change Leader from null to 4b4c7497-a7ec-4f2a-a6c9-18b9f4a92a5f at term 1 for becomeLeader, leader elected after 126ms
2019-10-30 06:07:20,809 [4b4c7497-a7ec-4f2a-a6c9-18b9f4a92a5f@group-8F0E04EB3172-LeaderElection33] INFO  server.RaftServerConfigKeys (ConfUtils.java:logGet(43)) - raft.server.staging.catchup.gap = 1000 (default)
2019-10-30 06:07:20,809 [4b4c7497-a7ec-4f2a-a6c9-18b9f4a92a5f@group-8F0E04EB3172-LeaderElection33] INFO  server.RaftServerConfigKeys (ConfUtils.java:logGet(43)) - raft.server.rpc.sleep.time = 25ms (default)
2019-10-30 06:07:20,809 [4b4c7497-a7ec-4f2a-a6c9-18b9f4a92a5f@group-8F0E04EB3172-LeaderElection33] INFO  server.RaftServerConfigKeys (ConfUtils.java:logGet(43)) - raft.server.write.element-limit = 4096 (default)
2019-10-30 06:07:20,809 [4b4c7497-a7ec-4f2a-a6c9-18b9f4a92a5f@group-8F0E04EB3172-LeaderElection33] INFO  server.RaftServerConfigKeys (ConfUtils.java:logGet(43)) - raft.server.watch.timeout = 10s (default)
2019-10-30 06:07:20,809 [4b4c7497-a7ec-4f2a-a6c9-18b9f4a92a5f@group-8F0E04EB3172-LeaderElection33] INFO  server.RaftServerConfigKeys (ConfUtils.java:logGet(43)) - raft.server.watch.timeout.denomination = 1s (default)
2019-10-30 06:07:20,809 [4b4c7497-a7ec-4f2a-a6c9-18b9f4a92a5f@group-8F0E04EB3172-LeaderElection33] INFO  server.RaftServerConfigKeys (ConfUtils.java:logGet(43)) - raft.server.watch.element-limit = 65536 (default)
2019-10-30 06:07:20,810 [grpc-default-executor-4] INFO  impl.RaftServerImpl (RaftServerImpl.java:setRole(184)) - 78a2ca6d-ab27-408c-be71-e2595a145569@group-E99C5BDD80CF: changes role from  FOLLOWER to FOLLOWER at term 36 for recognizeCandidate:4b4c7497-a7ec-4f2a-a6c9-18b9f4a92a5f
2019-10-30 06:07:20,810 [grpc-default-executor-4] INFO  impl.RoleInfo (RoleInfo.java:shutdownFollowerState(121)) - 78a2ca6d-ab27-408c-be71-e2595a145569: shutdown FollowerState
2019-10-30 06:07:20,810 [grpc-default-executor-3] INFO  impl.RaftServerImpl (RaftServerImpl.java:setRole(184)) - 47e59444-ad4b-4d8b-b6f4-160f3329f764@group-E99C5BDD80CF: changes role from  FOLLOWER to FOLLOWER at term 36 for recognizeCandidate:4b4c7497-a7ec-4f2a-a6c9-18b9f4a92a5f
2019-10-30 06:07:20,810 [Thread-774] INFO  impl.FollowerState (FollowerState.java:run(117)) - 78a2ca6d-ab27-408c-be71-e2595a145569@group-E99C5BDD80CF-FollowerState was interrupted: java.lang.InterruptedException: sleep interrupted
2019-10-30 06:07:20,810 [grpc-default-executor-4] INFO  impl.RoleInfo (RoleInfo.java:updateAndGet(143)) - 78a2ca6d-ab27-408c-be71-e2595a145569: start FollowerState
2019-10-30 06:07:20,810 [grpc-default-executor-3] INFO  impl.RoleInfo (RoleInfo.java:shutdownFollowerState(121)) - 47e59444-ad4b-4d8b-b6f4-160f3329f764: shutdown FollowerState
2019-10-30 06:07:20,811 [grpc-default-executor-3] INFO  impl.RoleInfo (RoleInfo.java:updateAndGet(143)) - 47e59444-ad4b-4d8b-b6f4-160f3329f764: start FollowerState
2019-10-30 06:07:20,811 [Thread-773] INFO  impl.FollowerState (FollowerState.java:run(117)) - 47e59444-ad4b-4d8b-b6f4-160f3329f764@group-E99C5BDD80CF-FollowerState was interrupted: java.lang.InterruptedException: sleep interrupted
2019-10-30 06:07:20,812 [4b4c7497-a7ec-4f2a-a6c9-18b9f4a92a5f@group-8F0E04EB3172-LeaderElection33] INFO  impl.RoleInfo (RoleInfo.java:updateAndGet(143)) - 4b4c7497-a7ec-4f2a-a6c9-18b9f4a92a5f: start LeaderState
2019-10-30 06:07:20,812 [4b4c7497-a7ec-4f2a-a6c9-18b9f4a92a5f@group-8F0E04EB3172-LeaderElection33] INFO  segmented.SegmentedRaftLogWorker (SegmentedRaftLogWorker.java:startLogSegment(385)) - 4b4c7497-a7ec-4f2a-a6c9-18b9f4a92a5f@group-8F0E04EB3172-SegmentedRaftLogWorker: Starting segment from index:0
2019-10-30 06:07:20,813 [4b4c7497-a7ec-4f2a-a6c9-18b9f4a92a5f@group-8F0E04EB3172-LeaderElection33] INFO  impl.RaftServerImpl (ServerState.java:setRaftConf(357)) - 4b4c7497-a7ec-4f2a-a6c9-18b9f4a92a5f@group-8F0E04EB3172: set configuration 0: [4b4c7497-a7ec-4f2a-a6c9-18b9f4a92a5f:192.168.34.21:41258], old=null at 0
2019-10-30 06:07:20,837 [4b4c7497-a7ec-4f2a-a6c9-18b9f4a92a5f@group-E99C5BDD80CF-LeaderElection34] INFO  impl.LeaderElection (LeaderElection.java:logAndReturn(56)) - 4b4c7497-a7ec-4f2a-a6c9-18b9f4a92a5f@group-E99C5BDD80CF-LeaderElection34: Election REJECTED; received 2 response(s) [4b4c7497-a7ec-4f2a-a6c9-18b9f4a92a5f<-78a2ca6d-ab27-408c-be71-e2595a145569#0:FAIL-t36, 4b4c7497-a7ec-4f2a-a6c9-18b9f4a92a5f<-47e59444-ad4b-4d8b-b6f4-160f3329f764#0:FAIL-t36] and 0 exception(s); 4b4c7497-a7ec-4f2a-a6c9-18b9f4a92a5f@group-E99C5BDD80CF:t36, leader=null, voted=4b4c7497-a7ec-4f2a-a6c9-18b9f4a92a5f, raftlog=4b4c7497-a7ec-4f2a-a6c9-18b9f4a92a5f@group-E99C5BDD80CF-SegmentedRaftLog:OPENED:c3,f4,i4, conf=0: [78a2ca6d-ab27-408c-be71-e2595a145569:192.168.34.21:37717, 4b4c7497-a7ec-4f2a-a6c9-18b9f4a92a5f:192.168.34.21:41258, 47e59444-ad4b-4d8b-b6f4-160f3329f764:192.168.34.21:39722], old=null
2019-10-30 06:07:20,837 [4b4c7497-a7ec-4f2a-a6c9-18b9f4a92a5f@group-E99C5BDD80CF-LeaderElection34] INFO  impl.RaftServerImpl (RaftServerImpl.java:setRole(184)) - 4b4c7497-a7ec-4f2a-a6c9-18b9f4a92a5f@group-E99C5BDD80CF: changes role from CANDIDATE to FOLLOWER at term 36 for DISCOVERED_A_NEW_TERM
2019-10-30 06:07:20,837 [4b4c7497-a7ec-4f2a-a6c9-18b9f4a92a5f@group-E99C5BDD80CF-LeaderElection34] INFO  impl.RoleInfo (RoleInfo.java:shutdownLeaderElection(134)) - 4b4c7497-a7ec-4f2a-a6c9-18b9f4a92a5f: shutdown LeaderElection
2019-10-30 06:07:20,838 [4b4c7497-a7ec-4f2a-a6c9-18b9f4a92a5f@group-E99C5BDD80CF-LeaderElection34] INFO  impl.RoleInfo (RoleInfo.java:updateAndGet(143)) - 4b4c7497-a7ec-4f2a-a6c9-18b9f4a92a5f: start FollowerState
2019-10-30 06:07:20,850 [4b4c7497-a7ec-4f2a-a6c9-18b9f4a92a5f@group-8F0E04EB3172-SegmentedRaftLogWorker] INFO  segmented.SegmentedRaftLogWorker (SegmentedRaftLogWorker.java:execute(576)) - 4b4c7497-a7ec-4f2a-a6c9-18b9f4a92a5f@group-8F0E04EB3172-SegmentedRaftLogWorker: created new log segment /workdir/hadoop-ozone/integration-test/target/test-dir/MiniOzoneClusterImpl-9b19e524-011a-4190-a309-f47c35af0e4e/datanode-1/data/ratis/dacec2a8-5e42-4946-8f5b-8f0e04eb3172/current/log_inprogress_0
2019-10-30 06:07:20,851 [Thread-795] INFO  impl.FollowerState (FollowerState.java:run(108)) - 4b4c7497-a7ec-4f2a-a6c9-18b9f4a92a5f@group-E99C5BDD80CF-FollowerState: change to CANDIDATE, lastRpcTime:13ms, electionTimeout:13ms
2019-10-30 06:07:20,851 [Thread-795] INFO  impl.RoleInfo (RoleInfo.java:shutdownFollowerState(121)) - 4b4c7497-a7ec-4f2a-a6c9-18b9f4a92a5f: shutdown FollowerState
2019-10-30 06:07:20,851 [Thread-795] INFO  impl.RaftServerImpl (RaftServerImpl.java:setRole(184)) - 4b4c7497-a7ec-4f2a-a6c9-18b9f4a92a5f@group-E99C5BDD80CF: changes role from  FOLLOWER to CANDIDATE at term 36 for changeToCandidate
2019-10-30 06:07:20,851 [Thread-795] INFO  impl.RoleInfo (RoleInfo.java:updateAndGet(143)) - 4b4c7497-a7ec-4f2a-a6c9-18b9f4a92a5f: start LeaderElection
2019-10-30 06:07:20,864 [4b4c7497-a7ec-4f2a-a6c9-18b9f4a92a5f@group-E99C5BDD80CF-LeaderElection35] INFO  impl.LeaderElection (LeaderElection.java:askForVotes(178)) - 4b4c7497-a7ec-4f2a-a6c9-18b9f4a92a5f@group-E99C5BDD80CF-LeaderElection35: begin an election at term 37 for 0: [78a2ca6d-ab27-408c-be71-e2595a145569:192.168.34.21:37717, 4b4c7497-a7ec-4f2a-a6c9-18b9f4a92a5f:192.168.34.21:41258, 47e59444-ad4b-4d8b-b6f4-160f3329f764:192.168.34.21:39722], old=null
2019-10-30 06:07:20,866 [grpc-default-executor-4] INFO  impl.RaftServerImpl (RaftServerImpl.java:setRole(184)) - 78a2ca6d-ab27-408c-be71-e2595a145569@group-E99C5BDD80CF: changes role from  FOLLOWER to FOLLOWER at term 37 for recognizeCandidate:4b4c7497-a7ec-4f2a-a6c9-18b9f4a92a5f
2019-10-30 06:07:20,866 [grpc-default-executor-4] INFO  impl.RoleInfo (RoleInfo.java:shutdownFollowerState(121)) - 78a2ca6d-ab27-408c-be71-e2595a145569: shutdown FollowerState
2019-10-30 06:07:20,867 [grpc-default-executor-3] INFO  impl.RaftServerImpl (RaftServerImpl.java:setRole(184)) - 47e59444-ad4b-4d8b-b6f4-160f3329f764@group-E99C5BDD80CF: changes role from  FOLLOWER to FOLLOWER at term 37 for recognizeCandidate:4b4c7497-a7ec-4f2a-a6c9-18b9f4a92a5f
2019-10-30 06:07:20,867 [Thread-793] INFO  impl.FollowerState (FollowerState.java:run(117)) - 78a2ca6d-ab27-408c-be71-e2595a145569@group-E99C5BDD80CF-FollowerState was interrupted: java.lang.InterruptedException: sleep interrupted
2019-10-30 06:07:20,867 [grpc-default-executor-4] INFO  impl.RoleInfo (RoleInfo.java:updateAndGet(143)) - 78a2ca6d-ab27-408c-be71-e2595a145569: start FollowerState
2019-10-30 06:07:20,867 [grpc-default-executor-3] INFO  impl.RoleInfo (RoleInfo.java:shutdownFollowerState(121)) - 47e59444-ad4b-4d8b-b6f4-160f3329f764: shutdown FollowerState
2019-10-30 06:07:20,867 [Thread-794] INFO  impl.FollowerState (FollowerState.java:run(117)) - 47e59444-ad4b-4d8b-b6f4-160f3329f764@group-E99C5BDD80CF-FollowerState was interrupted: java.lang.InterruptedException: sleep interrupted
2019-10-30 06:07:20,867 [grpc-default-executor-3] INFO  impl.RoleInfo (RoleInfo.java:updateAndGet(143)) - 47e59444-ad4b-4d8b-b6f4-160f3329f764: start FollowerState
2019-10-30 06:07:20,872 [Thread-783] INFO  impl.FollowerState (FollowerState.java:run(108)) - 4b4c7497-a7ec-4f2a-a6c9-18b9f4a92a5f@group-8F7C53609CC3-FollowerState: change to CANDIDATE, lastRpcTime:100ms, electionTimeout:99ms
2019-10-30 06:07:20,872 [Thread-783] INFO  impl.RoleInfo (RoleInfo.java:shutdownFollowerState(121)) - 4b4c7497-a7ec-4f2a-a6c9-18b9f4a92a5f: shutdown FollowerState
2019-10-30 06:07:20,872 [Thread-783] INFO  impl.RaftServerImpl (RaftServerImpl.java:setRole(184)) - 4b4c7497-a7ec-4f2a-a6c9-18b9f4a92a5f@group-8F7C53609CC3: changes role from  FOLLOWER to CANDIDATE at term 0 for changeToCandidate
2019-10-30 06:07:20,872 [Thread-783] INFO  impl.RoleInfo (RoleInfo.java:updateAndGet(143)) - 4b4c7497-a7ec-4f2a-a6c9-18b9f4a92a5f: start LeaderElection
2019-10-30 06:07:20,878 [Thread-803] INFO  client.GrpcClientProtocolService (GrpcClientProtocolService.java:lambda$processClientRequest$0(278)) - Failed RaftClientRequest:client-B8CB26F2FF35->4b4c7497-a7ec-4f2a-a6c9-18b9f4a92a5f@group-E99C5BDD80CF, cid=10, seq=0, Watch-ALL_COMMITTED(6), Message:<EMPTY>, reply=RaftClientReply:client-B8CB26F2FF35->4b4c7497-a7ec-4f2a-a6c9-18b9f4a92a5f@group-E99C5BDD80CF, cid=10, FAILED org.apache.ratis.protocol.NotLeaderException: Server 4b4c7497-a7ec-4f2a-a6c9-18b9f4a92a5f@group-E99C5BDD80CF is not the leader, logIndex=0, commits[4b4c7497-a7ec-4f2a-a6c9-18b9f4a92a5f:c3]
2019-10-30 06:07:20,878 [Thread-781] INFO  impl.FollowerState (FollowerState.java:run(108)) - 47e59444-ad4b-4d8b-b6f4-160f3329f764@group-8F7C53609CC3-FollowerState: change to CANDIDATE, lastRpcTime:109ms, electionTimeout:109ms
2019-10-30 06:07:20,879 [Thread-781] INFO  impl.RoleInfo (RoleInfo.java:shutdownFollowerState(121)) - 47e59444-ad4b-4d8b-b6f4-160f3329f764: shutdown FollowerState
2019-10-30 06:07:20,879 [Thread-781] INFO  impl.RaftServerImpl (RaftServerImpl.java:setRole(184)) - 47e59444-ad4b-4d8b-b6f4-160f3329f764@group-8F7C53609CC3: changes role from  FOLLOWER to CANDIDATE at term 0 for changeToCandidate
2019-10-30 06:07:20,879 [Thread-781] INFO  impl.RoleInfo (RoleInfo.java:updateAndGet(143)) - 47e59444-ad4b-4d8b-b6f4-160f3329f764: start LeaderElection
2019-10-30 06:07:20,889 [47e59444-ad4b-4d8b-b6f4-160f3329f764@group-8F7C53609CC3-LeaderElection37] INFO  impl.LeaderElection (LeaderElection.java:askForVotes(178)) - 47e59444-ad4b-4d8b-b6f4-160f3329f764@group-8F7C53609CC3-LeaderElection37: begin an election at term 1 for -1: [78a2ca6d-ab27-408c-be71-e2595a145569:192.168.34.21:37717, 4b4c7497-a7ec-4f2a-a6c9-18b9f4a92a5f:192.168.34.21:41258, 47e59444-ad4b-4d8b-b6f4-160f3329f764:192.168.34.21:39722], old=null
2019-10-30 06:07:20,889 [4b4c7497-a7ec-4f2a-a6c9-18b9f4a92a5f@group-8F7C53609CC3-LeaderElection36] INFO  impl.LeaderElection (LeaderElection.java:askForVotes(178)) - 4b4c7497-a7ec-4f2a-a6c9-18b9f4a92a5f@group-8F7C53609CC3-LeaderElection36: begin an election at term 1 for -1: [78a2ca6d-ab27-408c-be71-e2595a145569:192.168.34.21:37717, 4b4c7497-a7ec-4f2a-a6c9-18b9f4a92a5f:192.168.34.21:41258, 47e59444-ad4b-4d8b-b6f4-160f3329f764:192.168.34.21:39722], old=null
2019-10-30 06:07:20,890 [4b4c7497-a7ec-4f2a-a6c9-18b9f4a92a5f@group-E99C5BDD80CF-LeaderElection35] INFO  impl.LeaderElection (LeaderElection.java:logAndReturn(56)) - 4b4c7497-a7ec-4f2a-a6c9-18b9f4a92a5f@group-E99C5BDD80CF-LeaderElection35: Election REJECTED; received 2 response(s) [4b4c7497-a7ec-4f2a-a6c9-18b9f4a92a5f<-78a2ca6d-ab27-408c-be71-e2595a145569#0:FAIL-t37, 4b4c7497-a7ec-4f2a-a6c9-18b9f4a92a5f<-47e59444-ad4b-4d8b-b6f4-160f3329f764#0:FAIL-t37] and 0 exception(s); 4b4c7497-a7ec-4f2a-a6c9-18b9f4a92a5f@group-E99C5BDD80CF:t37, leader=null, voted=4b4c7497-a7ec-4f2a-a6c9-18b9f4a92a5f, raftlog=4b4c7497-a7ec-4f2a-a6c9-18b9f4a92a5f@group-E99C5BDD80CF-SegmentedRaftLog:OPENED:c3,f4,i4, conf=0: [78a2ca6d-ab27-408c-be71-e2595a145569:192.168.34.21:37717, 4b4c7497-a7ec-4f2a-a6c9-18b9f4a92a5f:192.168.34.21:41258, 47e59444-ad4b-4d8b-b6f4-160f3329f764:192.168.34.21:39722], old=null
2019-10-30 06:07:20,890 [4b4c7497-a7ec-4f2a-a6c9-18b9f4a92a5f@group-E99C5BDD80CF-LeaderElection35] INFO  impl.RaftServerImpl (RaftServerImpl.java:setRole(184)) - 4b4c7497-a7ec-4f2a-a6c9-18b9f4a92a5f@group-E99C5BDD80CF: changes role from CANDIDATE to FOLLOWER at term 37 for DISCOVERED_A_NEW_TERM
2019-10-30 06:07:20,891 [4b4c7497-a7ec-4f2a-a6c9-18b9f4a92a5f@group-E99C5BDD80CF-LeaderElection35] INFO  impl.RoleInfo (RoleInfo.java:shutdownLeaderElection(134)) - 4b4c7497-a7ec-4f2a-a6c9-18b9f4a92a5f: shutdown LeaderElection
2019-10-30 06:07:20,891 [4b4c7497-a7ec-4f2a-a6c9-18b9f4a92a5f@group-E99C5BDD80CF-LeaderElection35] INFO  impl.RoleInfo (RoleInfo.java:updateAndGet(143)) - 4b4c7497-a7ec-4f2a-a6c9-18b9f4a92a5f: start FollowerState
2019-10-30 06:07:20,895 [grpc-default-executor-4] INFO  impl.RaftServerImpl (RaftServerImpl.java:setRole(184)) - 78a2ca6d-ab27-408c-be71-e2595a145569@group-8F7C53609CC3: changes role from  FOLLOWER to FOLLOWER at term 1 for recognizeCandidate:4b4c7497-a7ec-4f2a-a6c9-18b9f4a92a5f
2019-10-30 06:07:20,895 [grpc-default-executor-4] INFO  impl.RoleInfo (RoleInfo.java:shutdownFollowerState(121)) - 78a2ca6d-ab27-408c-be71-e2595a145569: shutdown FollowerState
2019-10-30 06:07:20,895 [grpc-default-executor-4] INFO  impl.RoleInfo (RoleInfo.java:updateAndGet(143)) - 78a2ca6d-ab27-408c-be71-e2595a145569: start FollowerState
2019-10-30 06:07:20,895 [Thread-785] INFO  impl.FollowerState (FollowerState.java:run(117)) - 78a2ca6d-ab27-408c-be71-e2595a145569@group-8F7C53609CC3-FollowerState was interrupted: java.lang.InterruptedException: sleep interrupted
2019-10-30 06:07:20,926 [47e59444-ad4b-4d8b-b6f4-160f3329f764@group-8F7C53609CC3-LeaderElection37] INFO  impl.LeaderElection (LeaderElection.java:logAndReturn(56)) - 47e59444-ad4b-4d8b-b6f4-160f3329f764@group-8F7C53609CC3-LeaderElection37: Election TIMEOUT; received 1 response(s) [47e59444-ad4b-4d8b-b6f4-160f3329f764<-4b4c7497-a7ec-4f2a-a6c9-18b9f4a92a5f#0:FAIL-t1] and 0 exception(s); 47e59444-ad4b-4d8b-b6f4-160f3329f764@group-8F7C53609CC3:t1, leader=null, voted=47e59444-ad4b-4d8b-b6f4-160f3329f764, raftlog=47e59444-ad4b-4d8b-b6f4-160f3329f764@group-8F7C53609CC3-SegmentedRaftLog:OPENED:c-1,f-1,i0, conf=-1: [78a2ca6d-ab27-408c-be71-e2595a145569:192.168.34.21:37717, 4b4c7497-a7ec-4f2a-a6c9-18b9f4a92a5f:192.168.34.21:41258, 47e59444-ad4b-4d8b-b6f4-160f3329f764:192.168.34.21:39722], old=null
2019-10-30 06:07:20,926 [4b4c7497-a7ec-4f2a-a6c9-18b9f4a92a5f@group-8F7C53609CC3-LeaderElection36] INFO  impl.LeaderElection (LeaderElection.java:logAndReturn(56)) - 4b4c7497-a7ec-4f2a-a6c9-18b9f4a92a5f@group-8F7C53609CC3-LeaderElection36: Election PASSED; received 2 response(s) [4b4c7497-a7ec-4f2a-a6c9-18b9f4a92a5f<-78a2ca6d-ab27-408c-be71-e2595a145569#0:OK-t1, 4b4c7497-a7ec-4f2a-a6c9-18b9f4a92a5f<-47e59444-ad4b-4d8b-b6f4-160f3329f764#0:FAIL-t1] and 0 exception(s); 4b4c7497-a7ec-4f2a-a6c9-18b9f4a92a5f@group-8F7C53609CC3:t1, leader=null, voted=4b4c7497-a7ec-4f2a-a6c9-18b9f4a92a5f, raftlog=4b4c7497-a7ec-4f2a-a6c9-18b9f4a92a5f@group-8F7C53609CC3-SegmentedRaftLog:OPENED:c-1,f-1,i0, conf=-1: [78a2ca6d-ab27-408c-be71-e2595a145569:192.168.34.21:37717, 4b4c7497-a7ec-4f2a-a6c9-18b9f4a92a5f:192.168.34.21:41258, 47e59444-ad4b-4d8b-b6f4-160f3329f764:192.168.34.21:39722], old=null
2019-10-30 06:07:20,927 [4b4c7497-a7ec-4f2a-a6c9-18b9f4a92a5f@group-8F7C53609CC3-LeaderElection36] INFO  impl.RoleInfo (RoleInfo.java:shutdownLeaderElection(134)) - 4b4c7497-a7ec-4f2a-a6c9-18b9f4a92a5f: shutdown LeaderElection
2019-10-30 06:07:20,927 [4b4c7497-a7ec-4f2a-a6c9-18b9f4a92a5f@group-8F7C53609CC3-LeaderElection36] INFO  impl.RaftServerImpl (RaftServerImpl.java:setRole(184)) - 4b4c7497-a7ec-4f2a-a6c9-18b9f4a92a5f@group-8F7C53609CC3: changes role from CANDIDATE to LEADER at term 1 for changeToLeader
2019-10-30 06:07:20,927 [4b4c7497-a7ec-4f2a-a6c9-18b9f4a92a5f@group-8F7C53609CC3-LeaderElection36] INFO  impl.RaftServerImpl (ServerState.java:setLeader(256)) - 4b4c7497-a7ec-4f2a-a6c9-18b9f4a92a5f@group-8F7C53609CC3: change Leader from null to 4b4c7497-a7ec-4f2a-a6c9-18b9f4a92a5f at term 1 for becomeLeader, leader elected after 165ms
2019-10-30 06:07:20,927 [4b4c7497-a7ec-4f2a-a6c9-18b9f4a92a5f@group-8F7C53609CC3-LeaderElection36] INFO  server.RaftServerConfigKeys (ConfUtils.java:logGet(43)) - raft.server.staging.catchup.gap = 1000 (default)
2019-10-30 06:07:20,927 [4b4c7497-a7ec-4f2a-a6c9-18b9f4a92a5f@group-8F7C53609CC3-LeaderElection36] INFO  server.RaftServerConfigKeys (ConfUtils.java:logGet(43)) - raft.server.rpc.sleep.time = 25ms (default)
2019-10-30 06:07:20,927 [4b4c7497-a7ec-4f2a-a6c9-18b9f4a92a5f@group-8F7C53609CC3-LeaderElection36] INFO  server.RaftServerConfigKeys (ConfUtils.java:logGet(43)) - raft.server.write.element-limit = 4096 (default)
2019-10-30 06:07:20,928 [4b4c7497-a7ec-4f2a-a6c9-18b9f4a92a5f@group-8F7C53609CC3-LeaderElection36] INFO  server.RaftServerConfigKeys (ConfUtils.java:logGet(43)) - raft.server.watch.timeout = 10s (default)
2019-10-30 06:07:20,928 [4b4c7497-a7ec-4f2a-a6c9-18b9f4a92a5f@group-8F7C53609CC3-LeaderElection36] INFO  server.RaftServerConfigKeys (ConfUtils.java:logGet(43)) - raft.server.watch.timeout.denomination = 1s (default)
2019-10-30 06:07:20,928 [4b4c7497-a7ec-4f2a-a6c9-18b9f4a92a5f@group-8F7C53609CC3-LeaderElection36] INFO  server.RaftServerConfigKeys (ConfUtils.java:logGet(43)) - raft.server.watch.element-limit = 65536 (default)
2019-10-30 06:07:20,930 [4b4c7497-a7ec-4f2a-a6c9-18b9f4a92a5f@group-8F7C53609CC3-LeaderElection36] INFO  server.RaftServerConfigKeys (ConfUtils.java:logGet(43)) - raft.server.log.appender.snapshot.chunk.size.max = 16MB (=16777216) (default)
2019-10-30 06:07:20,931 [4b4c7497-a7ec-4f2a-a6c9-18b9f4a92a5f@group-8F7C53609CC3-LeaderElection36] INFO  server.RaftServerConfigKeys (ConfUtils.java:logGet(43)) - raft.server.log.appender.buffer.byte-limit = 33554432 (custom)
2019-10-30 06:07:20,931 [4b4c7497-a7ec-4f2a-a6c9-18b9f4a92a5f@group-8F7C53609CC3-LeaderElection36] INFO  server.RaftServerConfigKeys (ConfUtils.java:logGet(43)) - raft.server.log.appender.buffer.element-limit = 1 (custom)
2019-10-30 06:07:20,931 [4b4c7497-a7ec-4f2a-a6c9-18b9f4a92a5f@group-8F7C53609CC3-LeaderElection36] INFO  grpc.GrpcConfigKeys$Server (ConfUtils.java:logGet(43)) - raft.grpc.server.leader.outstanding.appends.max = 128 (default)
2019-10-30 06:07:20,931 [4b4c7497-a7ec-4f2a-a6c9-18b9f4a92a5f@group-8F7C53609CC3-LeaderElection36] INFO  server.RaftServerConfigKeys (ConfUtils.java:logGet(43)) - raft.server.rpc.request.timeout = 3000ms (default)
2019-10-30 06:07:20,931 [4b4c7497-a7ec-4f2a-a6c9-18b9f4a92a5f@group-8F7C53609CC3-LeaderElection36] INFO  server.RaftServerConfigKeys (ConfUtils.java:logGet(43)) - raft.server.log.appender.install.snapshot.enabled = false (custom)
2019-10-30 06:07:20,933 [4b4c7497-a7ec-4f2a-a6c9-18b9f4a92a5f@group-8F7C53609CC3-LeaderElection36] INFO  server.RaftServerConfigKeys (ConfUtils.java:logGet(43)) - raft.server.log.appender.snapshot.chunk.size.max = 16MB (=16777216) (default)
2019-10-30 06:07:20,933 [4b4c7497-a7ec-4f2a-a6c9-18b9f4a92a5f@group-8F7C53609CC3-LeaderElection36] INFO  server.RaftServerConfigKeys (ConfUtils.java:logGet(43)) - raft.server.log.appender.buffer.byte-limit = 33554432 (custom)
2019-10-30 06:07:20,933 [4b4c7497-a7ec-4f2a-a6c9-18b9f4a92a5f@group-8F7C53609CC3-LeaderElection36] INFO  server.RaftServerConfigKeys (ConfUtils.java:logGet(43)) - raft.server.log.appender.buffer.element-limit = 1 (custom)
2019-10-30 06:07:20,933 [4b4c7497-a7ec-4f2a-a6c9-18b9f4a92a5f@group-8F7C53609CC3-LeaderElection36] INFO  grpc.GrpcConfigKeys$Server (ConfUtils.java:logGet(43)) - raft.grpc.server.leader.outstanding.appends.max = 128 (default)
2019-10-30 06:07:20,933 [4b4c7497-a7ec-4f2a-a6c9-18b9f4a92a5f@group-8F7C53609CC3-LeaderElection36] INFO  server.RaftServerConfigKeys (ConfUtils.java:logGet(43)) - raft.server.rpc.request.timeout = 3000ms (default)
2019-10-30 06:07:20,933 [4b4c7497-a7ec-4f2a-a6c9-18b9f4a92a5f@group-8F7C53609CC3-LeaderElection36] INFO  server.RaftServerConfigKeys (ConfUtils.java:logGet(43)) - raft.server.log.appender.install.snapshot.enabled = false (custom)
2019-10-30 06:07:20,935 [4b4c7497-a7ec-4f2a-a6c9-18b9f4a92a5f@group-8F7C53609CC3-LeaderElection36] INFO  impl.RoleInfo (RoleInfo.java:updateAndGet(143)) - 4b4c7497-a7ec-4f2a-a6c9-18b9f4a92a5f: start LeaderState
2019-10-30 06:07:20,935 [4b4c7497-a7ec-4f2a-a6c9-18b9f4a92a5f@group-8F7C53609CC3-LeaderElection36] INFO  segmented.SegmentedRaftLogWorker (SegmentedRaftLogWorker.java:startLogSegment(385)) - 4b4c7497-a7ec-4f2a-a6c9-18b9f4a92a5f@group-8F7C53609CC3-SegmentedRaftLogWorker: Starting segment from index:0
2019-10-30 06:07:20,936 [4b4c7497-a7ec-4f2a-a6c9-18b9f4a92a5f@group-8F7C53609CC3-LeaderElection36] INFO  impl.RaftServerImpl (ServerState.java:setRaftConf(357)) - 4b4c7497-a7ec-4f2a-a6c9-18b9f4a92a5f@group-8F7C53609CC3: set configuration 0: [78a2ca6d-ab27-408c-be71-e2595a145569:192.168.34.21:37717, 4b4c7497-a7ec-4f2a-a6c9-18b9f4a92a5f:192.168.34.21:41258, 47e59444-ad4b-4d8b-b6f4-160f3329f764:192.168.34.21:39722], old=null at 0
2019-10-30 06:07:20,938 [grpc-default-executor-3] INFO  impl.RaftServerImpl (ServerState.java:setLeader(256)) - 78a2ca6d-ab27-408c-be71-e2595a145569@group-8F7C53609CC3: change Leader from null to 4b4c7497-a7ec-4f2a-a6c9-18b9f4a92a5f at term 1 for appendEntries, leader elected after 176ms
2019-10-30 06:07:20,941 [grpc-default-executor-3] INFO  impl.RaftServerImpl (ServerState.java:setRaftConf(357)) - 78a2ca6d-ab27-408c-be71-e2595a145569@group-8F7C53609CC3: set configuration 0: [78a2ca6d-ab27-408c-be71-e2595a145569:192.168.34.21:37717, 4b4c7497-a7ec-4f2a-a6c9-18b9f4a92a5f:192.168.34.21:41258, 47e59444-ad4b-4d8b-b6f4-160f3329f764:192.168.34.21:39722], old=null at 0
2019-10-30 06:07:20,941 [grpc-default-executor-3] INFO  segmented.SegmentedRaftLogWorker (SegmentedRaftLogWorker.java:startLogSegment(385)) - 78a2ca6d-ab27-408c-be71-e2595a145569@group-8F7C53609CC3-SegmentedRaftLogWorker: Starting segment from index:0
2019-10-30 06:07:20,952 [47e59444-ad4b-4d8b-b6f4-160f3329f764@group-8F7C53609CC3-LeaderElection37] INFO  impl.LeaderElection (LeaderElection.java:askForVotes(178)) - 47e59444-ad4b-4d8b-b6f4-160f3329f764@group-8F7C53609CC3-LeaderElection37: begin an election at term 2 for -1: [78a2ca6d-ab27-408c-be71-e2595a145569:192.168.34.21:37717, 4b4c7497-a7ec-4f2a-a6c9-18b9f4a92a5f:192.168.34.21:41258, 47e59444-ad4b-4d8b-b6f4-160f3329f764:192.168.34.21:39722], old=null
2019-10-30 06:07:20,954 [Thread-812] INFO  impl.RaftServerImpl (ServerState.java:setLeader(256)) - 4b4c7497-a7ec-4f2a-a6c9-18b9f4a92a5f@group-8F7C53609CC3: change Leader from 4b4c7497-a7ec-4f2a-a6c9-18b9f4a92a5f to null at term 2 for updateCurrentTerm
2019-10-30 06:07:20,954 [Thread-812] INFO  impl.RaftServerImpl (RaftServerImpl.java:setRole(184)) - 4b4c7497-a7ec-4f2a-a6c9-18b9f4a92a5f@group-8F7C53609CC3: changes role from    LEADER to FOLLOWER at term 2 for stepDown
2019-10-30 06:07:20,954 [Thread-812] INFO  impl.RoleInfo (RoleInfo.java:shutdownLeaderState(104)) - 4b4c7497-a7ec-4f2a-a6c9-18b9f4a92a5f: shutdown LeaderState
2019-10-30 06:07:20,967 [org.apache.ratis.server.impl.LogAppender$AppenderDaemon$$Lambda$452/1948101510@1059b8d6] WARN  server.GrpcLogAppender (GrpcLogAppender.java:mayWait(149)) - 4b4c7497-a7ec-4f2a-a6c9-18b9f4a92a5f@group-8F7C53609CC3->47e59444-ad4b-4d8b-b6f4-160f3329f764-GrpcLogAppender: Wait interrupted by java.lang.InterruptedException
2019-10-30 06:07:20,968 [grpc-default-executor-3] INFO  impl.RaftServerImpl (ServerState.java:setLeader(256)) - 78a2ca6d-ab27-408c-be71-e2595a145569@group-8F7C53609CC3: change Leader from 4b4c7497-a7ec-4f2a-a6c9-18b9f4a92a5f to null at term 2 for updateCurrentTerm
2019-10-30 06:07:20,967 [Thread-812] INFO  impl.PendingRequests (PendingRequests.java:sendNotLeaderResponses(202)) - 4b4c7497-a7ec-4f2a-a6c9-18b9f4a92a5f@group-8F7C53609CC3-PendingRequests: sendNotLeaderResponses
2019-10-30 06:07:20,968 [grpc-default-executor-3] INFO  impl.RaftServerImpl (RaftServerImpl.java:setRole(184)) - 78a2ca6d-ab27-408c-be71-e2595a145569@group-8F7C53609CC3: changes role from  FOLLOWER to FOLLOWER at term 2 for recognizeCandidate:47e59444-ad4b-4d8b-b6f4-160f3329f764
2019-10-30 06:07:20,968 [Thread-812] INFO  impl.RoleInfo (RoleInfo.java:updateAndGet(143)) - 4b4c7497-a7ec-4f2a-a6c9-18b9f4a92a5f: start FollowerState
2019-10-30 06:07:20,968 [grpc-default-executor-3] INFO  impl.RoleInfo (RoleInfo.java:shutdownFollowerState(121)) - 78a2ca6d-ab27-408c-be71-e2595a145569: shutdown FollowerState
2019-10-30 06:07:20,968 [grpc-default-executor-2] INFO  server.GrpcServerProtocolService (GrpcServerProtocolService.java:onCompleted(113)) - 47e59444-ad4b-4d8b-b6f4-160f3329f764: Completed APPEND_ENTRIES, lastRequest: 4b4c7497-a7ec-4f2a-a6c9-18b9f4a92a5f->47e59444-ad4b-4d8b-b6f4-160f3329f764#0-t1, previous=(t:0, i:0), leaderCommit=-1, initializing? false, entries: <empty>
2019-10-30 06:07:20,968 [Thread-811] INFO  impl.FollowerState (FollowerState.java:run(117)) - 78a2ca6d-ab27-408c-be71-e2595a145569@group-8F7C53609CC3-FollowerState was interrupted: java.lang.InterruptedException: sleep interrupted
2019-10-30 06:07:20,969 [grpc-default-executor-3] INFO  impl.RoleInfo (RoleInfo.java:updateAndGet(143)) - 78a2ca6d-ab27-408c-be71-e2595a145569: start FollowerState
2019-10-30 06:07:20,970 [grpc-default-executor-2] INFO  server.GrpcLogAppender (GrpcLogAppender.java:onCompleted(308)) - 4b4c7497-a7ec-4f2a-a6c9-18b9f4a92a5f@group-8F7C53609CC3->47e59444-ad4b-4d8b-b6f4-160f3329f764-AppendLogResponseHandler: follower responses appendEntries COMPLETED
2019-10-30 06:07:20,971 [org.apache.ratis.server.impl.LogAppender$AppenderDaemon$$Lambda$452/1948101510@21b2dcbd] WARN  server.GrpcLogAppender (GrpcLogAppender.java:mayWait(149)) - 4b4c7497-a7ec-4f2a-a6c9-18b9f4a92a5f@group-8F7C53609CC3->78a2ca6d-ab27-408c-be71-e2595a145569-GrpcLogAppender: Wait interrupted by java.lang.InterruptedException
2019-10-30 06:07:20,971 [grpc-default-executor-2] INFO  impl.FollowerInfo (FollowerInfo.java:lambda$new$0(51)) - 4b4c7497-a7ec-4f2a-a6c9-18b9f4a92a5f@group-8F7C53609CC3->47e59444-ad4b-4d8b-b6f4-160f3329f764: nextIndex: updateUnconditionally 0 -> 0
2019-10-30 06:07:20,971 [grpc-default-executor-6] INFO  server.GrpcServerProtocolService (GrpcServerProtocolService.java:onCompleted(113)) - 78a2ca6d-ab27-408c-be71-e2595a145569: Completed APPEND_ENTRIES, lastRequest: 4b4c7497-a7ec-4f2a-a6c9-18b9f4a92a5f->78a2ca6d-ab27-408c-be71-e2595a145569#1-t1, previous=(t:0, i:0), leaderCommit=-1, initializing? false, entries: size=1, first=(t:1, i:0), CONFIGURATIONENTRY
2019-10-30 06:07:20,972 [grpc-default-executor-6] INFO  server.GrpcLogAppender (GrpcLogAppender.java:onCompleted(308)) - 4b4c7497-a7ec-4f2a-a6c9-18b9f4a92a5f@group-8F7C53609CC3->78a2ca6d-ab27-408c-be71-e2595a145569-AppendLogResponseHandler: follower responses appendEntries COMPLETED
2019-10-30 06:07:20,973 [grpc-default-executor-6] INFO  impl.FollowerInfo (FollowerInfo.java:lambda$new$0(51)) - 4b4c7497-a7ec-4f2a-a6c9-18b9f4a92a5f@group-8F7C53609CC3->78a2ca6d-ab27-408c-be71-e2595a145569: nextIndex: updateUnconditionally 1 -> 0
2019-10-30 06:07:20,981 [78a2ca6d-ab27-408c-be71-e2595a145569@group-8F7C53609CC3-SegmentedRaftLogWorker] INFO  segmented.SegmentedRaftLogWorker (SegmentedRaftLogWorker.java:execute(576)) - 78a2ca6d-ab27-408c-be71-e2595a145569@group-8F7C53609CC3-SegmentedRaftLogWorker: created new log segment /workdir/hadoop-ozone/integration-test/target/test-dir/MiniOzoneClusterImpl-9b19e524-011a-4190-a309-f47c35af0e4e/datanode-0/data/ratis/793958a8-9ace-45ef-a993-8f7c53609cc3/current/log_inprogress_0
2019-10-30 06:07:20,982 [grpc-default-executor-4] INFO  impl.RaftServerImpl (RaftServerImpl.java:setRole(184)) - 4b4c7497-a7ec-4f2a-a6c9-18b9f4a92a5f@group-8F7C53609CC3: changes role from  FOLLOWER to FOLLOWER at term 2 for recognizeCandidate:47e59444-ad4b-4d8b-b6f4-160f3329f764
2019-10-30 06:07:20,981 [4b4c7497-a7ec-4f2a-a6c9-18b9f4a92a5f@group-8F7C53609CC3-SegmentedRaftLogWorker] INFO  segmented.SegmentedRaftLogWorker (SegmentedRaftLogWorker.java:execute(576)) - 4b4c7497-a7ec-4f2a-a6c9-18b9f4a92a5f@group-8F7C53609CC3-SegmentedRaftLogWorker: created new log segment /workdir/hadoop-ozone/integration-test/target/test-dir/MiniOzoneClusterImpl-9b19e524-011a-4190-a309-f47c35af0e4e/datanode-1/data/ratis/793958a8-9ace-45ef-a993-8f7c53609cc3/current/log_inprogress_0
2019-10-30 06:07:20,982 [grpc-default-executor-4] INFO  impl.RoleInfo (RoleInfo.java:shutdownFollowerState(121)) - 4b4c7497-a7ec-4f2a-a6c9-18b9f4a92a5f: shutdown FollowerState
2019-10-30 06:07:20,983 [grpc-default-executor-4] INFO  impl.RoleInfo (RoleInfo.java:updateAndGet(143)) - 4b4c7497-a7ec-4f2a-a6c9-18b9f4a92a5f: start FollowerState
2019-10-30 06:07:20,983 [Thread-820] INFO  impl.FollowerState (FollowerState.java:run(117)) - 4b4c7497-a7ec-4f2a-a6c9-18b9f4a92a5f@group-8F7C53609CC3-FollowerState was interrupted: java.lang.InterruptedException: sleep interrupted
2019-10-30 06:07:20,983 [47e59444-ad4b-4d8b-b6f4-160f3329f764@group-8F7C53609CC3-LeaderElection37] INFO  impl.LeaderElection (LeaderElection.java:logAndReturn(56)) - 47e59444-ad4b-4d8b-b6f4-160f3329f764@group-8F7C53609CC3-LeaderElection37: Election REJECTED; received 2 response(s) [47e59444-ad4b-4d8b-b6f4-160f3329f764<-78a2ca6d-ab27-408c-be71-e2595a145569#0:FAIL-t2, 47e59444-ad4b-4d8b-b6f4-160f3329f764<-4b4c7497-a7ec-4f2a-a6c9-18b9f4a92a5f#0:FAIL-t2] and 0 exception(s); 47e59444-ad4b-4d8b-b6f4-160f3329f764@group-8F7C53609CC3:t2, leader=null, voted=47e59444-ad4b-4d8b-b6f4-160f3329f764, raftlog=47e59444-ad4b-4d8b-b6f4-160f3329f764@group-8F7C53609CC3-SegmentedRaftLog:OPENED:c-1,f-1,i0, conf=-1: [78a2ca6d-ab27-408c-be71-e2595a145569:192.168.34.21:37717, 4b4c7497-a7ec-4f2a-a6c9-18b9f4a92a5f:192.168.34.21:41258, 47e59444-ad4b-4d8b-b6f4-160f3329f764:192.168.34.21:39722], old=null
2019-10-30 06:07:20,983 [47e59444-ad4b-4d8b-b6f4-160f3329f764@group-8F7C53609CC3-LeaderElection37] INFO  impl.RaftServerImpl (RaftServerImpl.java:setRole(184)) - 47e59444-ad4b-4d8b-b6f4-160f3329f764@group-8F7C53609CC3: changes role from CANDIDATE to FOLLOWER at term 2 for DISCOVERED_A_NEW_TERM
2019-10-30 06:07:20,983 [47e59444-ad4b-4d8b-b6f4-160f3329f764@group-8F7C53609CC3-LeaderElection37] INFO  impl.RoleInfo (RoleInfo.java:shutdownLeaderElection(134)) - 47e59444-ad4b-4d8b-b6f4-160f3329f764: shutdown LeaderElection
2019-10-30 06:07:20,984 [47e59444-ad4b-4d8b-b6f4-160f3329f764@group-8F7C53609CC3-LeaderElection37] INFO  impl.RoleInfo (RoleInfo.java:updateAndGet(143)) - 47e59444-ad4b-4d8b-b6f4-160f3329f764: start FollowerState
2019-10-30 06:07:20,994 [pool-7-thread-4] INFO  commands.RetriableDatanodeEventWatcher (RetriableDatanodeEventWatcher.java:onTimeout(47)) - RetriableDatanodeCommand type=deleteBlocksCommand with id=1572415633991 timed out. Retrying.
2019-10-30 06:07:20,996 [pool-7-thread-4] INFO  commands.RetriableDatanodeEventWatcher (RetriableDatanodeEventWatcher.java:onTimeout(47)) - RetriableDatanodeCommand type=deleteBlocksCommand with id=1572415633985 timed out. Retrying.
2019-10-30 06:07:20,997 [pool-7-thread-5] INFO  commands.RetriableDatanodeEventWatcher (RetriableDatanodeEventWatcher.java:onTimeout(47)) - RetriableDatanodeCommand type=deleteBlocksCommand with id=1572415633988 timed out. Retrying.
2019-10-30 06:07:20,997 [SCMBlockDeletingService#0] INFO  block.SCMBlockDeletingService (SCMBlockDeletingService.java:call(184)) - Totally added 1 delete blocks command for 1 datanodes, task elapsed time: 1ms
2019-10-30 06:07:20,997 [pool-7-thread-1] INFO  commands.RetriableDatanodeEventWatcher (RetriableDatanodeEventWatcher.java:onTimeout(47)) - RetriableDatanodeCommand type=deleteBlocksCommand with id=1572415633990 timed out. Retrying.
2019-10-30 06:07:20,997 [pool-7-thread-6] INFO  commands.RetriableDatanodeEventWatcher (RetriableDatanodeEventWatcher.java:onTimeout(47)) - RetriableDatanodeCommand type=deleteBlocksCommand with id=1572415633989 timed out. Retrying.
2019-10-30 06:07:20,997 [pool-7-thread-2] INFO  commands.RetriableDatanodeEventWatcher (RetriableDatanodeEventWatcher.java:onTimeout(47)) - RetriableDatanodeCommand type=deleteBlocksCommand with id=1572415633987 timed out. Retrying.
2019-10-30 06:07:20,997 [pool-7-thread-3] INFO  commands.RetriableDatanodeEventWatcher (RetriableDatanodeEventWatcher.java:onTimeout(47)) - RetriableDatanodeCommand type=deleteBlocksCommand with id=1572415633986 timed out. Retrying.
2019-10-30 06:07:21,014 [Thread-823] INFO  impl.FollowerState (FollowerState.java:run(108)) - 47e59444-ad4b-4d8b-b6f4-160f3329f764@group-8F7C53609CC3-FollowerState: change to CANDIDATE, lastRpcTime:30ms, electionTimeout:30ms
2019-10-30 06:07:21,014 [Thread-823] INFO  impl.RoleInfo (RoleInfo.java:shutdownFollowerState(121)) - 47e59444-ad4b-4d8b-b6f4-160f3329f764: shutdown FollowerState
2019-10-30 06:07:21,014 [Thread-823] INFO  impl.RaftServerImpl (RaftServerImpl.java:setRole(184)) - 47e59444-ad4b-4d8b-b6f4-160f3329f764@group-8F7C53609CC3: changes role from  FOLLOWER to CANDIDATE at term 2 for changeToCandidate
2019-10-30 06:07:21,014 [Thread-823] INFO  impl.RoleInfo (RoleInfo.java:updateAndGet(143)) - 47e59444-ad4b-4d8b-b6f4-160f3329f764: start LeaderElection
2019-10-30 06:07:21,027 [47e59444-ad4b-4d8b-b6f4-160f3329f764@group-8F7C53609CC3-LeaderElection38] INFO  impl.LeaderElection (LeaderElection.java:askForVotes(178)) - 47e59444-ad4b-4d8b-b6f4-160f3329f764@group-8F7C53609CC3-LeaderElection38: begin an election at term 3 for -1: [78a2ca6d-ab27-408c-be71-e2595a145569:192.168.34.21:37717, 4b4c7497-a7ec-4f2a-a6c9-18b9f4a92a5f:192.168.34.21:41258, 47e59444-ad4b-4d8b-b6f4-160f3329f764:192.168.34.21:39722], old=null
2019-10-30 06:07:21,029 [grpc-default-executor-4] INFO  impl.RaftServerImpl (RaftServerImpl.java:setRole(184)) - 4b4c7497-a7ec-4f2a-a6c9-18b9f4a92a5f@group-8F7C53609CC3: changes role from  FOLLOWER to FOLLOWER at term 3 for recognizeCandidate:47e59444-ad4b-4d8b-b6f4-160f3329f764
2019-10-30 06:07:21,029 [grpc-default-executor-4] INFO  impl.RoleInfo (RoleInfo.java:shutdownFollowerState(121)) - 4b4c7497-a7ec-4f2a-a6c9-18b9f4a92a5f: shutdown FollowerState
2019-10-30 06:07:21,030 [grpc-default-executor-4] INFO  impl.RoleInfo (RoleInfo.java:updateAndGet(143)) - 4b4c7497-a7ec-4f2a-a6c9-18b9f4a92a5f: start FollowerState
2019-10-30 06:07:21,030 [Thread-822] INFO  impl.FollowerState (FollowerState.java:run(117)) - 4b4c7497-a7ec-4f2a-a6c9-18b9f4a92a5f@group-8F7C53609CC3-FollowerState was interrupted: java.lang.InterruptedException: sleep interrupted
2019-10-30 06:07:21,030 [grpc-default-executor-3] INFO  impl.RaftServerImpl (RaftServerImpl.java:setRole(184)) - 78a2ca6d-ab27-408c-be71-e2595a145569@group-8F7C53609CC3: changes role from  FOLLOWER to FOLLOWER at term 3 for recognizeCandidate:47e59444-ad4b-4d8b-b6f4-160f3329f764
2019-10-30 06:07:21,030 [grpc-default-executor-3] INFO  impl.RoleInfo (RoleInfo.java:shutdownFollowerState(121)) - 78a2ca6d-ab27-408c-be71-e2595a145569: shutdown FollowerState
2019-10-30 06:07:21,030 [Thread-821] INFO  impl.FollowerState (FollowerState.java:run(117)) - 78a2ca6d-ab27-408c-be71-e2595a145569@group-8F7C53609CC3-FollowerState was interrupted: java.lang.InterruptedException: sleep interrupted
2019-10-30 06:07:21,030 [grpc-default-executor-3] INFO  impl.RoleInfo (RoleInfo.java:updateAndGet(143)) - 78a2ca6d-ab27-408c-be71-e2595a145569: start FollowerState
2019-10-30 06:07:21,045 [47e59444-ad4b-4d8b-b6f4-160f3329f764@group-8F7C53609CC3-LeaderElection38] INFO  impl.LeaderElection (LeaderElection.java:logAndReturn(56)) - 47e59444-ad4b-4d8b-b6f4-160f3329f764@group-8F7C53609CC3-LeaderElection38: Election REJECTED; received 2 response(s) [47e59444-ad4b-4d8b-b6f4-160f3329f764<-78a2ca6d-ab27-408c-be71-e2595a145569#0:FAIL-t3, 47e59444-ad4b-4d8b-b6f4-160f3329f764<-4b4c7497-a7ec-4f2a-a6c9-18b9f4a92a5f#0:FAIL-t3] and 0 exception(s); 47e59444-ad4b-4d8b-b6f4-160f3329f764@group-8F7C53609CC3:t3, leader=null, voted=47e59444-ad4b-4d8b-b6f4-160f3329f764, raftlog=47e59444-ad4b-4d8b-b6f4-160f3329f764@group-8F7C53609CC3-SegmentedRaftLog:OPENED:c-1,f-1,i0, conf=-1: [78a2ca6d-ab27-408c-be71-e2595a145569:192.168.34.21:37717, 4b4c7497-a7ec-4f2a-a6c9-18b9f4a92a5f:192.168.34.21:41258, 47e59444-ad4b-4d8b-b6f4-160f3329f764:192.168.34.21:39722], old=null
2019-10-30 06:07:21,045 [47e59444-ad4b-4d8b-b6f4-160f3329f764@group-8F7C53609CC3-LeaderElection38] INFO  impl.RaftServerImpl (RaftServerImpl.java:setRole(184)) - 47e59444-ad4b-4d8b-b6f4-160f3329f764@group-8F7C53609CC3: changes role from CANDIDATE to FOLLOWER at term 3 for DISCOVERED_A_NEW_TERM
2019-10-30 06:07:21,045 [47e59444-ad4b-4d8b-b6f4-160f3329f764@group-8F7C53609CC3-LeaderElection38] INFO  impl.RoleInfo (RoleInfo.java:shutdownLeaderElection(134)) - 47e59444-ad4b-4d8b-b6f4-160f3329f764: shutdown LeaderElection
2019-10-30 06:07:21,045 [47e59444-ad4b-4d8b-b6f4-160f3329f764@group-8F7C53609CC3-LeaderElection38] INFO  impl.RoleInfo (RoleInfo.java:updateAndGet(143)) - 47e59444-ad4b-4d8b-b6f4-160f3329f764: start FollowerState
2019-10-30 06:07:21,077 [Thread-810] INFO  impl.FollowerState (FollowerState.java:run(108)) - 4b4c7497-a7ec-4f2a-a6c9-18b9f4a92a5f@group-E99C5BDD80CF-FollowerState: change to CANDIDATE, lastRpcTime:186ms, electionTimeout:186ms
2019-10-30 06:07:21,078 [Thread-810] INFO  impl.RoleInfo (RoleInfo.java:shutdownFollowerState(121)) - 4b4c7497-a7ec-4f2a-a6c9-18b9f4a92a5f: shutdown FollowerState
2019-10-30 06:07:21,078 [Thread-810] INFO  impl.RaftServerImpl (RaftServerImpl.java:setRole(184)) - 4b4c7497-a7ec-4f2a-a6c9-18b9f4a92a5f@group-E99C5BDD80CF: changes role from  FOLLOWER to CANDIDATE at term 37 for changeToCandidate
2019-10-30 06:07:21,078 [Thread-810] INFO  impl.RoleInfo (RoleInfo.java:updateAndGet(143)) - 4b4c7497-a7ec-4f2a-a6c9-18b9f4a92a5f: start LeaderElection
2019-10-30 06:07:21,091 [4b4c7497-a7ec-4f2a-a6c9-18b9f4a92a5f@group-E99C5BDD80CF-LeaderElection39] INFO  impl.LeaderElection (LeaderElection.java:askForVotes(178)) - 4b4c7497-a7ec-4f2a-a6c9-18b9f4a92a5f@group-E99C5BDD80CF-LeaderElection39: begin an election at term 38 for 0: [78a2ca6d-ab27-408c-be71-e2595a145569:192.168.34.21:37717, 4b4c7497-a7ec-4f2a-a6c9-18b9f4a92a5f:192.168.34.21:41258, 47e59444-ad4b-4d8b-b6f4-160f3329f764:192.168.34.21:39722], old=null
2019-10-30 06:07:21,101 [4b4c7497-a7ec-4f2a-a6c9-18b9f4a92a5f@group-E99C5BDD80CF-LeaderElection39] INFO  impl.LeaderElection (LeaderElection.java:logAndReturn(56)) - 4b4c7497-a7ec-4f2a-a6c9-18b9f4a92a5f@group-E99C5BDD80CF-LeaderElection39: Election TIMEOUT; received 0 response(s) [] and 0 exception(s); 4b4c7497-a7ec-4f2a-a6c9-18b9f4a92a5f@group-E99C5BDD80CF:t38, leader=null, voted=4b4c7497-a7ec-4f2a-a6c9-18b9f4a92a5f, raftlog=4b4c7497-a7ec-4f2a-a6c9-18b9f4a92a5f@group-E99C5BDD80CF-SegmentedRaftLog:OPENED:c3,f4,i4, conf=0: [78a2ca6d-ab27-408c-be71-e2595a145569:192.168.34.21:37717, 4b4c7497-a7ec-4f2a-a6c9-18b9f4a92a5f:192.168.34.21:41258, 47e59444-ad4b-4d8b-b6f4-160f3329f764:192.168.34.21:39722], old=null
2019-10-30 06:07:21,103 [grpc-default-executor-4] INFO  impl.RaftServerImpl (RaftServerImpl.java:setRole(184)) - 47e59444-ad4b-4d8b-b6f4-160f3329f764@group-E99C5BDD80CF: changes role from  FOLLOWER to FOLLOWER at term 38 for recognizeCandidate:4b4c7497-a7ec-4f2a-a6c9-18b9f4a92a5f
2019-10-30 06:07:21,103 [grpc-default-executor-3] INFO  impl.RaftServerImpl (RaftServerImpl.java:setRole(184)) - 78a2ca6d-ab27-408c-be71-e2595a145569@group-E99C5BDD80CF: changes role from  FOLLOWER to FOLLOWER at term 38 for recognizeCandidate:4b4c7497-a7ec-4f2a-a6c9-18b9f4a92a5f
2019-10-30 06:07:21,104 [grpc-default-executor-3] INFO  impl.RoleInfo (RoleInfo.java:shutdownFollowerState(121)) - 78a2ca6d-ab27-408c-be71-e2595a145569: shutdown FollowerState
2019-10-30 06:07:21,103 [grpc-default-executor-4] INFO  impl.RoleInfo (RoleInfo.java:shutdownFollowerState(121)) - 47e59444-ad4b-4d8b-b6f4-160f3329f764: shutdown FollowerState
2019-10-30 06:07:21,104 [Thread-799] INFO  impl.FollowerState (FollowerState.java:run(117)) - 78a2ca6d-ab27-408c-be71-e2595a145569@group-E99C5BDD80CF-FollowerState was interrupted: java.lang.InterruptedException: sleep interrupted
2019-10-30 06:07:21,104 [grpc-default-executor-3] INFO  impl.RoleInfo (RoleInfo.java:updateAndGet(143)) - 78a2ca6d-ab27-408c-be71-e2595a145569: start FollowerState
2019-10-30 06:07:21,104 [grpc-default-executor-4] INFO  impl.RoleInfo (RoleInfo.java:updateAndGet(143)) - 47e59444-ad4b-4d8b-b6f4-160f3329f764: start FollowerState
2019-10-30 06:07:21,104 [Thread-800] INFO  impl.FollowerState (FollowerState.java:run(117)) - 47e59444-ad4b-4d8b-b6f4-160f3329f764@group-E99C5BDD80CF-FollowerState was interrupted: java.lang.InterruptedException: sleep interrupted
2019-10-30 06:07:21,114 [4b4c7497-a7ec-4f2a-a6c9-18b9f4a92a5f@group-E99C5BDD80CF-LeaderElection39] INFO  impl.LeaderElection (LeaderElection.java:askForVotes(178)) - 4b4c7497-a7ec-4f2a-a6c9-18b9f4a92a5f@group-E99C5BDD80CF-LeaderElection39: begin an election at term 39 for 0: [78a2ca6d-ab27-408c-be71-e2595a145569:192.168.34.21:37717, 4b4c7497-a7ec-4f2a-a6c9-18b9f4a92a5f:192.168.34.21:41258, 47e59444-ad4b-4d8b-b6f4-160f3329f764:192.168.34.21:39722], old=null
2019-10-30 06:07:21,118 [grpc-default-executor-3] INFO  impl.RaftServerImpl (RaftServerImpl.java:setRole(184)) - 47e59444-ad4b-4d8b-b6f4-160f3329f764@group-E99C5BDD80CF: changes role from  FOLLOWER to FOLLOWER at term 39 for recognizeCandidate:4b4c7497-a7ec-4f2a-a6c9-18b9f4a92a5f
2019-10-30 06:07:21,118 [grpc-default-executor-3] INFO  impl.RoleInfo (RoleInfo.java:shutdownFollowerState(121)) - 47e59444-ad4b-4d8b-b6f4-160f3329f764: shutdown FollowerState
2019-10-30 06:07:21,118 [grpc-default-executor-4] INFO  impl.RaftServerImpl (RaftServerImpl.java:setRole(184)) - 78a2ca6d-ab27-408c-be71-e2595a145569@group-E99C5BDD80CF: changes role from  FOLLOWER to FOLLOWER at term 39 for recognizeCandidate:4b4c7497-a7ec-4f2a-a6c9-18b9f4a92a5f
2019-10-30 06:07:21,119 [grpc-default-executor-3] INFO  impl.RoleInfo (RoleInfo.java:updateAndGet(143)) - 47e59444-ad4b-4d8b-b6f4-160f3329f764: start FollowerState
2019-10-30 06:07:21,119 [Thread-835] INFO  impl.FollowerState (FollowerState.java:run(117)) - 47e59444-ad4b-4d8b-b6f4-160f3329f764@group-E99C5BDD80CF-FollowerState was interrupted: java.lang.InterruptedException: sleep interrupted
2019-10-30 06:07:21,119 [grpc-default-executor-4] INFO  impl.RoleInfo (RoleInfo.java:shutdownFollowerState(121)) - 78a2ca6d-ab27-408c-be71-e2595a145569: shutdown FollowerState
2019-10-30 06:07:21,119 [grpc-default-executor-4] INFO  impl.RoleInfo (RoleInfo.java:updateAndGet(143)) - 78a2ca6d-ab27-408c-be71-e2595a145569: start FollowerState
2019-10-30 06:07:21,119 [Thread-834] INFO  impl.FollowerState (FollowerState.java:run(117)) - 78a2ca6d-ab27-408c-be71-e2595a145569@group-E99C5BDD80CF-FollowerState was interrupted: java.lang.InterruptedException: sleep interrupted
2019-10-30 06:07:21,134 [4b4c7497-a7ec-4f2a-a6c9-18b9f4a92a5f@group-E99C5BDD80CF-LeaderElection39] INFO  impl.LeaderElection (LeaderElection.java:logAndReturn(56)) - 4b4c7497-a7ec-4f2a-a6c9-18b9f4a92a5f@group-E99C5BDD80CF-LeaderElection39: Election REJECTED; received 2 response(s) [4b4c7497-a7ec-4f2a-a6c9-18b9f4a92a5f<-78a2ca6d-ab27-408c-be71-e2595a145569#0:FAIL-t39, 4b4c7497-a7ec-4f2a-a6c9-18b9f4a92a5f<-47e59444-ad4b-4d8b-b6f4-160f3329f764#0:FAIL-t39] and 0 exception(s); 4b4c7497-a7ec-4f2a-a6c9-18b9f4a92a5f@group-E99C5BDD80CF:t39, leader=null, voted=4b4c7497-a7ec-4f2a-a6c9-18b9f4a92a5f, raftlog=4b4c7497-a7ec-4f2a-a6c9-18b9f4a92a5f@group-E99C5BDD80CF-SegmentedRaftLog:OPENED:c3,f4,i4, conf=0: [78a2ca6d-ab27-408c-be71-e2595a145569:192.168.34.21:37717, 4b4c7497-a7ec-4f2a-a6c9-18b9f4a92a5f:192.168.34.21:41258, 47e59444-ad4b-4d8b-b6f4-160f3329f764:192.168.34.21:39722], old=null
2019-10-30 06:07:21,134 [4b4c7497-a7ec-4f2a-a6c9-18b9f4a92a5f@group-E99C5BDD80CF-LeaderElection39] INFO  impl.RaftServerImpl (RaftServerImpl.java:setRole(184)) - 4b4c7497-a7ec-4f2a-a6c9-18b9f4a92a5f@group-E99C5BDD80CF: changes role from CANDIDATE to FOLLOWER at term 39 for DISCOVERED_A_NEW_TERM
2019-10-30 06:07:21,134 [4b4c7497-a7ec-4f2a-a6c9-18b9f4a92a5f@group-E99C5BDD80CF-LeaderElection39] INFO  impl.RoleInfo (RoleInfo.java:shutdownLeaderElection(134)) - 4b4c7497-a7ec-4f2a-a6c9-18b9f4a92a5f: shutdown LeaderElection
2019-10-30 06:07:21,134 [4b4c7497-a7ec-4f2a-a6c9-18b9f4a92a5f@group-E99C5BDD80CF-LeaderElection39] INFO  impl.RoleInfo (RoleInfo.java:updateAndGet(143)) - 4b4c7497-a7ec-4f2a-a6c9-18b9f4a92a5f: start FollowerState
2019-10-30 06:07:21,204 [Thread-830] INFO  impl.FollowerState (FollowerState.java:run(108)) - 47e59444-ad4b-4d8b-b6f4-160f3329f764@group-8F7C53609CC3-FollowerState: change to CANDIDATE, lastRpcTime:158ms, electionTimeout:158ms
2019-10-30 06:07:21,204 [Thread-830] INFO  impl.RoleInfo (RoleInfo.java:shutdownFollowerState(121)) - 47e59444-ad4b-4d8b-b6f4-160f3329f764: shutdown FollowerState
2019-10-30 06:07:21,204 [Thread-830] INFO  impl.RaftServerImpl (RaftServerImpl.java:setRole(184)) - 47e59444-ad4b-4d8b-b6f4-160f3329f764@group-8F7C53609CC3: changes role from  FOLLOWER to CANDIDATE at term 3 for changeToCandidate
2019-10-30 06:07:21,204 [Thread-830] INFO  impl.RoleInfo (RoleInfo.java:updateAndGet(143)) - 47e59444-ad4b-4d8b-b6f4-160f3329f764: start LeaderElection
2019-10-30 06:07:21,207 [EventQueue-PendingDeleteStatusForPendingDeleteHandler] INFO  block.SCMBlockDeletingService (SCMBlockDeletingService.java:handlePendingDeletes(115)) - Block deletion txnID mismatch in datanode 4b4c7497-a7ec-4f2a-a6c9-18b9f4a92a5f for containerID 1. Datanode delete txnID: 0, SCM txnID: 1
2019-10-30 06:07:21,218 [47e59444-ad4b-4d8b-b6f4-160f3329f764@group-8F7C53609CC3-LeaderElection40] INFO  impl.LeaderElection (LeaderElection.java:askForVotes(178)) - 47e59444-ad4b-4d8b-b6f4-160f3329f764@group-8F7C53609CC3-LeaderElection40: begin an election at term 4 for -1: [78a2ca6d-ab27-408c-be71-e2595a145569:192.168.34.21:37717, 4b4c7497-a7ec-4f2a-a6c9-18b9f4a92a5f:192.168.34.21:41258, 47e59444-ad4b-4d8b-b6f4-160f3329f764:192.168.34.21:39722], old=null
2019-10-30 06:07:21,221 [grpc-default-executor-4] INFO  impl.RaftServerImpl (RaftServerImpl.java:setRole(184)) - 4b4c7497-a7ec-4f2a-a6c9-18b9f4a92a5f@group-8F7C53609CC3: changes role from  FOLLOWER to FOLLOWER at term 4 for recognizeCandidate:47e59444-ad4b-4d8b-b6f4-160f3329f764
2019-10-30 06:07:21,221 [grpc-default-executor-3] INFO  impl.RaftServerImpl (RaftServerImpl.java:setRole(184)) - 78a2ca6d-ab27-408c-be71-e2595a145569@group-8F7C53609CC3: changes role from  FOLLOWER to FOLLOWER at term 4 for recognizeCandidate:47e59444-ad4b-4d8b-b6f4-160f3329f764
2019-10-30 06:07:21,221 [grpc-default-executor-4] INFO  impl.RoleInfo (RoleInfo.java:shutdownFollowerState(121)) - 4b4c7497-a7ec-4f2a-a6c9-18b9f4a92a5f: shutdown FollowerState
2019-10-30 06:07:21,221 [grpc-default-executor-3] INFO  impl.RoleInfo (RoleInfo.java:shutdownFollowerState(121)) - 78a2ca6d-ab27-408c-be71-e2595a145569: shutdown FollowerState
2019-10-30 06:07:21,222 [Thread-828] INFO  impl.FollowerState (FollowerState.java:run(117)) - 4b4c7497-a7ec-4f2a-a6c9-18b9f4a92a5f@group-8F7C53609CC3-FollowerState was interrupted: java.lang.InterruptedException: sleep interrupted
2019-10-30 06:07:21,222 [grpc-default-executor-4] INFO  impl.RoleInfo (RoleInfo.java:updateAndGet(143)) - 4b4c7497-a7ec-4f2a-a6c9-18b9f4a92a5f: start FollowerState
2019-10-30 06:07:21,222 [Thread-829] INFO  impl.FollowerState (FollowerState.java:run(117)) - 78a2ca6d-ab27-408c-be71-e2595a145569@group-8F7C53609CC3-FollowerState was interrupted: java.lang.InterruptedException: sleep interrupted
2019-10-30 06:07:21,222 [grpc-default-executor-3] INFO  impl.RoleInfo (RoleInfo.java:updateAndGet(143)) - 78a2ca6d-ab27-408c-be71-e2595a145569: start FollowerState
2019-10-30 06:07:21,232 [47e59444-ad4b-4d8b-b6f4-160f3329f764@group-8F7C53609CC3-LeaderElection40] INFO  impl.LeaderElection (LeaderElection.java:logAndReturn(56)) - 47e59444-ad4b-4d8b-b6f4-160f3329f764@group-8F7C53609CC3-LeaderElection40: Election TIMEOUT; received 0 response(s) [] and 0 exception(s); 47e59444-ad4b-4d8b-b6f4-160f3329f764@group-8F7C53609CC3:t4, leader=null, voted=47e59444-ad4b-4d8b-b6f4-160f3329f764, raftlog=47e59444-ad4b-4d8b-b6f4-160f3329f764@group-8F7C53609CC3-SegmentedRaftLog:OPENED:c-1,f-1,i0, conf=-1: [78a2ca6d-ab27-408c-be71-e2595a145569:192.168.34.21:37717, 4b4c7497-a7ec-4f2a-a6c9-18b9f4a92a5f:192.168.34.21:41258, 47e59444-ad4b-4d8b-b6f4-160f3329f764:192.168.34.21:39722], old=null
2019-10-30 06:07:21,236 [47e59444-ad4b-4d8b-b6f4-160f3329f764@group-8F7C53609CC3-LeaderElection40] INFO  impl.LeaderElection (LeaderElection.java:askForVotes(178)) - 47e59444-ad4b-4d8b-b6f4-160f3329f764@group-8F7C53609CC3-LeaderElection40: begin an election at term 5 for -1: [78a2ca6d-ab27-408c-be71-e2595a145569:192.168.34.21:37717, 4b4c7497-a7ec-4f2a-a6c9-18b9f4a92a5f:192.168.34.21:41258, 47e59444-ad4b-4d8b-b6f4-160f3329f764:192.168.34.21:39722], old=null
2019-10-30 06:07:21,237 [Thread-840] INFO  impl.FollowerState (FollowerState.java:run(108)) - 4b4c7497-a7ec-4f2a-a6c9-18b9f4a92a5f@group-E99C5BDD80CF-FollowerState: change to CANDIDATE, lastRpcTime:103ms, electionTimeout:103ms
2019-10-30 06:07:21,237 [Thread-840] INFO  impl.RoleInfo (RoleInfo.java:shutdownFollowerState(121)) - 4b4c7497-a7ec-4f2a-a6c9-18b9f4a92a5f: shutdown FollowerState
2019-10-30 06:07:21,238 [Thread-840] INFO  impl.RaftServerImpl (RaftServerImpl.java:setRole(184)) - 4b4c7497-a7ec-4f2a-a6c9-18b9f4a92a5f@group-E99C5BDD80CF: changes role from  FOLLOWER to CANDIDATE at term 39 for changeToCandidate
2019-10-30 06:07:21,238 [Thread-840] INFO  impl.RoleInfo (RoleInfo.java:updateAndGet(143)) - 4b4c7497-a7ec-4f2a-a6c9-18b9f4a92a5f: start LeaderElection
2019-10-30 06:07:21,238 [grpc-default-executor-4] INFO  impl.RaftServerImpl (RaftServerImpl.java:setRole(184)) - 78a2ca6d-ab27-408c-be71-e2595a145569@group-8F7C53609CC3: changes role from  FOLLOWER to FOLLOWER at term 5 for recognizeCandidate:47e59444-ad4b-4d8b-b6f4-160f3329f764
2019-10-30 06:07:21,238 [grpc-default-executor-4] INFO  impl.RoleInfo (RoleInfo.java:shutdownFollowerState(121)) - 78a2ca6d-ab27-408c-be71-e2595a145569: shutdown FollowerState
2019-10-30 06:07:21,238 [grpc-default-executor-3] INFO  impl.RaftServerImpl (RaftServerImpl.java:setRole(184)) - 4b4c7497-a7ec-4f2a-a6c9-18b9f4a92a5f@group-8F7C53609CC3: changes role from  FOLLOWER to FOLLOWER at term 5 for recognizeCandidate:47e59444-ad4b-4d8b-b6f4-160f3329f764
2019-10-30 06:07:21,238 [Thread-845] INFO  impl.FollowerState (FollowerState.java:run(117)) - 78a2ca6d-ab27-408c-be71-e2595a145569@group-8F7C53609CC3-FollowerState was interrupted: java.lang.InterruptedException: sleep interrupted
2019-10-30 06:07:21,238 [grpc-default-executor-4] INFO  impl.RoleInfo (RoleInfo.java:updateAndGet(143)) - 78a2ca6d-ab27-408c-be71-e2595a145569: start FollowerState
2019-10-30 06:07:21,238 [grpc-default-executor-3] INFO  impl.RoleInfo (RoleInfo.java:shutdownFollowerState(121)) - 4b4c7497-a7ec-4f2a-a6c9-18b9f4a92a5f: shutdown FollowerState
2019-10-30 06:07:21,239 [grpc-default-executor-3] INFO  impl.RoleInfo (RoleInfo.java:updateAndGet(143)) - 4b4c7497-a7ec-4f2a-a6c9-18b9f4a92a5f: start FollowerState
2019-10-30 06:07:21,239 [Thread-844] INFO  impl.FollowerState (FollowerState.java:run(117)) - 4b4c7497-a7ec-4f2a-a6c9-18b9f4a92a5f@group-8F7C53609CC3-FollowerState was interrupted: java.lang.InterruptedException: sleep interrupted
2019-10-30 06:07:21,252 [4b4c7497-a7ec-4f2a-a6c9-18b9f4a92a5f@group-E99C5BDD80CF-LeaderElection41] INFO  impl.LeaderElection (LeaderElection.java:askForVotes(178)) - 4b4c7497-a7ec-4f2a-a6c9-18b9f4a92a5f@group-E99C5BDD80CF-LeaderElection41: begin an election at term 40 for 0: [78a2ca6d-ab27-408c-be71-e2595a145569:192.168.34.21:37717, 4b4c7497-a7ec-4f2a-a6c9-18b9f4a92a5f:192.168.34.21:41258, 47e59444-ad4b-4d8b-b6f4-160f3329f764:192.168.34.21:39722], old=null
2019-10-30 06:07:21,253 [47e59444-ad4b-4d8b-b6f4-160f3329f764@group-8F7C53609CC3-LeaderElection40] INFO  impl.LeaderElection (LeaderElection.java:logAndReturn(56)) - 47e59444-ad4b-4d8b-b6f4-160f3329f764@group-8F7C53609CC3-LeaderElection40: Election REJECTED; received 2 response(s) [47e59444-ad4b-4d8b-b6f4-160f3329f764<-4b4c7497-a7ec-4f2a-a6c9-18b9f4a92a5f#0:FAIL-t5, 47e59444-ad4b-4d8b-b6f4-160f3329f764<-78a2ca6d-ab27-408c-be71-e2595a145569#0:FAIL-t5] and 0 exception(s); 47e59444-ad4b-4d8b-b6f4-160f3329f764@group-8F7C53609CC3:t5, leader=null, voted=47e59444-ad4b-4d8b-b6f4-160f3329f764, raftlog=47e59444-ad4b-4d8b-b6f4-160f3329f764@group-8F7C53609CC3-SegmentedRaftLog:OPENED:c-1,f-1,i0, conf=-1: [78a2ca6d-ab27-408c-be71-e2595a145569:192.168.34.21:37717, 4b4c7497-a7ec-4f2a-a6c9-18b9f4a92a5f:192.168.34.21:41258, 47e59444-ad4b-4d8b-b6f4-160f3329f764:192.168.34.21:39722], old=null
2019-10-30 06:07:21,253 [47e59444-ad4b-4d8b-b6f4-160f3329f764@group-8F7C53609CC3-LeaderElection40] INFO  impl.RaftServerImpl (RaftServerImpl.java:setRole(184)) - 47e59444-ad4b-4d8b-b6f4-160f3329f764@group-8F7C53609CC3: changes role from CANDIDATE to FOLLOWER at term 5 for DISCOVERED_A_NEW_TERM
2019-10-30 06:07:21,253 [47e59444-ad4b-4d8b-b6f4-160f3329f764@group-8F7C53609CC3-LeaderElection40] INFO  impl.RoleInfo (RoleInfo.java:shutdownLeaderElection(134)) - 47e59444-ad4b-4d8b-b6f4-160f3329f764: shutdown LeaderElection
2019-10-30 06:07:21,253 [grpc-default-executor-3] INFO  impl.RaftServerImpl (RaftServerImpl.java:setRole(184)) - 78a2ca6d-ab27-408c-be71-e2595a145569@group-E99C5BDD80CF: changes role from  FOLLOWER to FOLLOWER at term 40 for recognizeCandidate:4b4c7497-a7ec-4f2a-a6c9-18b9f4a92a5f
2019-10-30 06:07:21,253 [47e59444-ad4b-4d8b-b6f4-160f3329f764@group-8F7C53609CC3-LeaderElection40] INFO  impl.RoleInfo (RoleInfo.java:updateAndGet(143)) - 47e59444-ad4b-4d8b-b6f4-160f3329f764: start FollowerState
2019-10-30 06:07:21,253 [grpc-default-executor-4] INFO  impl.RaftServerImpl (RaftServerImpl.java:setRole(184)) - 47e59444-ad4b-4d8b-b6f4-160f3329f764@group-E99C5BDD80CF: changes role from  FOLLOWER to FOLLOWER at term 40 for recognizeCandidate:4b4c7497-a7ec-4f2a-a6c9-18b9f4a92a5f
2019-10-30 06:07:21,253 [grpc-default-executor-3] INFO  impl.RoleInfo (RoleInfo.java:shutdownFollowerState(121)) - 78a2ca6d-ab27-408c-be71-e2595a145569: shutdown FollowerState
2019-10-30 06:07:21,254 [grpc-default-executor-4] INFO  impl.RoleInfo (RoleInfo.java:shutdownFollowerState(121)) - 47e59444-ad4b-4d8b-b6f4-160f3329f764: shutdown FollowerState
2019-10-30 06:07:21,254 [grpc-default-executor-3] INFO  impl.RoleInfo (RoleInfo.java:updateAndGet(143)) - 78a2ca6d-ab27-408c-be71-e2595a145569: start FollowerState
2019-10-30 06:07:21,254 [grpc-default-executor-4] INFO  impl.RoleInfo (RoleInfo.java:updateAndGet(143)) - 47e59444-ad4b-4d8b-b6f4-160f3329f764: start FollowerState
2019-10-30 06:07:21,254 [Thread-838] INFO  impl.FollowerState (FollowerState.java:run(117)) - 47e59444-ad4b-4d8b-b6f4-160f3329f764@group-E99C5BDD80CF-FollowerState was interrupted: java.lang.InterruptedException: sleep interrupted
2019-10-30 06:07:21,254 [Thread-839] INFO  impl.FollowerState (FollowerState.java:run(117)) - 78a2ca6d-ab27-408c-be71-e2595a145569@group-E99C5BDD80CF-FollowerState was interrupted: java.lang.InterruptedException: sleep interrupted
2019-10-30 06:07:21,271 [4b4c7497-a7ec-4f2a-a6c9-18b9f4a92a5f@group-E99C5BDD80CF-LeaderElection41] INFO  impl.LeaderElection (LeaderElection.java:logAndReturn(56)) - 4b4c7497-a7ec-4f2a-a6c9-18b9f4a92a5f@group-E99C5BDD80CF-LeaderElection41: Election REJECTED; received 2 response(s) [4b4c7497-a7ec-4f2a-a6c9-18b9f4a92a5f<-78a2ca6d-ab27-408c-be71-e2595a145569#0:FAIL-t40, 4b4c7497-a7ec-4f2a-a6c9-18b9f4a92a5f<-47e59444-ad4b-4d8b-b6f4-160f3329f764#0:FAIL-t40] and 0 exception(s); 4b4c7497-a7ec-4f2a-a6c9-18b9f4a92a5f@group-E99C5BDD80CF:t40, leader=null, voted=4b4c7497-a7ec-4f2a-a6c9-18b9f4a92a5f, raftlog=4b4c7497-a7ec-4f2a-a6c9-18b9f4a92a5f@group-E99C5BDD80CF-SegmentedRaftLog:OPENED:c3,f4,i4, conf=0: [78a2ca6d-ab27-408c-be71-e2595a145569:192.168.34.21:37717, 4b4c7497-a7ec-4f2a-a6c9-18b9f4a92a5f:192.168.34.21:41258, 47e59444-ad4b-4d8b-b6f4-160f3329f764:192.168.34.21:39722], old=null
2019-10-30 06:07:21,272 [4b4c7497-a7ec-4f2a-a6c9-18b9f4a92a5f@group-E99C5BDD80CF-LeaderElection41] INFO  impl.RaftServerImpl (RaftServerImpl.java:setRole(184)) - 4b4c7497-a7ec-4f2a-a6c9-18b9f4a92a5f@group-E99C5BDD80CF: changes role from CANDIDATE to FOLLOWER at term 40 for DISCOVERED_A_NEW_TERM
2019-10-30 06:07:21,272 [4b4c7497-a7ec-4f2a-a6c9-18b9f4a92a5f@group-E99C5BDD80CF-LeaderElection41] INFO  impl.RoleInfo (RoleInfo.java:shutdownLeaderElection(134)) - 4b4c7497-a7ec-4f2a-a6c9-18b9f4a92a5f: shutdown LeaderElection
2019-10-30 06:07:21,272 [4b4c7497-a7ec-4f2a-a6c9-18b9f4a92a5f@group-E99C5BDD80CF-LeaderElection41] INFO  impl.RoleInfo (RoleInfo.java:updateAndGet(143)) - 4b4c7497-a7ec-4f2a-a6c9-18b9f4a92a5f: start FollowerState
2019-10-30 06:07:21,288 [Thread-853] INFO  impl.FollowerState (FollowerState.java:run(108)) - 47e59444-ad4b-4d8b-b6f4-160f3329f764@group-8F7C53609CC3-FollowerState: change to CANDIDATE, lastRpcTime:34ms, electionTimeout:34ms
2019-10-30 06:07:21,288 [Thread-853] INFO  impl.RoleInfo (RoleInfo.java:shutdownFollowerState(121)) - 47e59444-ad4b-4d8b-b6f4-160f3329f764: shutdown FollowerState
2019-10-30 06:07:21,288 [Thread-853] INFO  impl.RaftServerImpl (RaftServerImpl.java:setRole(184)) - 47e59444-ad4b-4d8b-b6f4-160f3329f764@group-8F7C53609CC3: changes role from  FOLLOWER to CANDIDATE at term 5 for changeToCandidate
2019-10-30 06:07:21,288 [Thread-853] INFO  impl.RoleInfo (RoleInfo.java:updateAndGet(143)) - 47e59444-ad4b-4d8b-b6f4-160f3329f764: start LeaderElection
2019-10-30 06:07:21,302 [47e59444-ad4b-4d8b-b6f4-160f3329f764@group-8F7C53609CC3-LeaderElection42] INFO  impl.LeaderElection (LeaderElection.java:askForVotes(178)) - 47e59444-ad4b-4d8b-b6f4-160f3329f764@group-8F7C53609CC3-LeaderElection42: begin an election at term 6 for -1: [78a2ca6d-ab27-408c-be71-e2595a145569:192.168.34.21:37717, 4b4c7497-a7ec-4f2a-a6c9-18b9f4a92a5f:192.168.34.21:41258, 47e59444-ad4b-4d8b-b6f4-160f3329f764:192.168.34.21:39722], old=null
2019-10-30 06:07:21,304 [grpc-default-executor-4] INFO  impl.RaftServerImpl (RaftServerImpl.java:setRole(184)) - 4b4c7497-a7ec-4f2a-a6c9-18b9f4a92a5f@group-8F7C53609CC3: changes role from  FOLLOWER to FOLLOWER at term 6 for recognizeCandidate:47e59444-ad4b-4d8b-b6f4-160f3329f764
2019-10-30 06:07:21,304 [grpc-default-executor-4] INFO  impl.RoleInfo (RoleInfo.java:shutdownFollowerState(121)) - 4b4c7497-a7ec-4f2a-a6c9-18b9f4a92a5f: shutdown FollowerState
2019-10-30 06:07:21,304 [grpc-default-executor-3] INFO  impl.RaftServerImpl (RaftServerImpl.java:setRole(184)) - 78a2ca6d-ab27-408c-be71-e2595a145569@group-8F7C53609CC3: changes role from  FOLLOWER to FOLLOWER at term 6 for recognizeCandidate:47e59444-ad4b-4d8b-b6f4-160f3329f764
2019-10-30 06:07:21,304 [Thread-850] INFO  impl.FollowerState (FollowerState.java:run(117)) - 4b4c7497-a7ec-4f2a-a6c9-18b9f4a92a5f@group-8F7C53609CC3-FollowerState was interrupted: java.lang.InterruptedException: sleep interrupted
2019-10-30 06:07:21,304 [grpc-default-executor-3] INFO  impl.RoleInfo (RoleInfo.java:shutdownFollowerState(121)) - 78a2ca6d-ab27-408c-be71-e2595a145569: shutdown FollowerState
2019-10-30 06:07:21,304 [grpc-default-executor-4] INFO  impl.RoleInfo (RoleInfo.java:updateAndGet(143)) - 4b4c7497-a7ec-4f2a-a6c9-18b9f4a92a5f: start FollowerState
2019-10-30 06:07:21,304 [grpc-default-executor-3] INFO  impl.RoleInfo (RoleInfo.java:updateAndGet(143)) - 78a2ca6d-ab27-408c-be71-e2595a145569: start FollowerState
2019-10-30 06:07:21,304 [Thread-849] INFO  impl.FollowerState (FollowerState.java:run(117)) - 78a2ca6d-ab27-408c-be71-e2595a145569@group-8F7C53609CC3-FollowerState was interrupted: java.lang.InterruptedException: sleep interrupted
2019-10-30 06:07:21,319 [47e59444-ad4b-4d8b-b6f4-160f3329f764@group-8F7C53609CC3-LeaderElection42] INFO  impl.LeaderElection (LeaderElection.java:logAndReturn(56)) - 47e59444-ad4b-4d8b-b6f4-160f3329f764@group-8F7C53609CC3-LeaderElection42: Election REJECTED; received 2 response(s) [47e59444-ad4b-4d8b-b6f4-160f3329f764<-78a2ca6d-ab27-408c-be71-e2595a145569#0:FAIL-t6, 47e59444-ad4b-4d8b-b6f4-160f3329f764<-4b4c7497-a7ec-4f2a-a6c9-18b9f4a92a5f#0:FAIL-t6] and 0 exception(s); 47e59444-ad4b-4d8b-b6f4-160f3329f764@group-8F7C53609CC3:t6, leader=null, voted=47e59444-ad4b-4d8b-b6f4-160f3329f764, raftlog=47e59444-ad4b-4d8b-b6f4-160f3329f764@group-8F7C53609CC3-SegmentedRaftLog:OPENED:c-1,f-1,i0, conf=-1: [78a2ca6d-ab27-408c-be71-e2595a145569:192.168.34.21:37717, 4b4c7497-a7ec-4f2a-a6c9-18b9f4a92a5f:192.168.34.21:41258, 47e59444-ad4b-4d8b-b6f4-160f3329f764:192.168.34.21:39722], old=null
2019-10-30 06:07:21,319 [47e59444-ad4b-4d8b-b6f4-160f3329f764@group-8F7C53609CC3-LeaderElection42] INFO  impl.RaftServerImpl (RaftServerImpl.java:setRole(184)) - 47e59444-ad4b-4d8b-b6f4-160f3329f764@group-8F7C53609CC3: changes role from CANDIDATE to FOLLOWER at term 6 for DISCOVERED_A_NEW_TERM
2019-10-30 06:07:21,319 [47e59444-ad4b-4d8b-b6f4-160f3329f764@group-8F7C53609CC3-LeaderElection42] INFO  impl.RoleInfo (RoleInfo.java:shutdownLeaderElection(134)) - 47e59444-ad4b-4d8b-b6f4-160f3329f764: shutdown LeaderElection
2019-10-30 06:07:21,320 [47e59444-ad4b-4d8b-b6f4-160f3329f764@group-8F7C53609CC3-LeaderElection42] INFO  impl.RoleInfo (RoleInfo.java:updateAndGet(143)) - 47e59444-ad4b-4d8b-b6f4-160f3329f764: start FollowerState
2019-10-30 06:07:21,341 [Thread-862] INFO  impl.FollowerState (FollowerState.java:run(108)) - 47e59444-ad4b-4d8b-b6f4-160f3329f764@group-8F7C53609CC3-FollowerState: change to CANDIDATE, lastRpcTime:21ms, electionTimeout:21ms
2019-10-30 06:07:21,341 [Thread-862] INFO  impl.RoleInfo (RoleInfo.java:shutdownFollowerState(121)) - 47e59444-ad4b-4d8b-b6f4-160f3329f764: shutdown FollowerState
2019-10-30 06:07:21,341 [Thread-862] INFO  impl.RaftServerImpl (RaftServerImpl.java:setRole(184)) - 47e59444-ad4b-4d8b-b6f4-160f3329f764@group-8F7C53609CC3: changes role from  FOLLOWER to CANDIDATE at term 6 for changeToCandidate
2019-10-30 06:07:21,341 [Thread-862] INFO  impl.RoleInfo (RoleInfo.java:updateAndGet(143)) - 47e59444-ad4b-4d8b-b6f4-160f3329f764: start LeaderElection
2019-10-30 06:07:21,354 [47e59444-ad4b-4d8b-b6f4-160f3329f764@group-8F7C53609CC3-LeaderElection43] INFO  impl.LeaderElection (LeaderElection.java:askForVotes(178)) - 47e59444-ad4b-4d8b-b6f4-160f3329f764@group-8F7C53609CC3-LeaderElection43: begin an election at term 7 for -1: [78a2ca6d-ab27-408c-be71-e2595a145569:192.168.34.21:37717, 4b4c7497-a7ec-4f2a-a6c9-18b9f4a92a5f:192.168.34.21:41258, 47e59444-ad4b-4d8b-b6f4-160f3329f764:192.168.34.21:39722], old=null
2019-10-30 06:07:21,356 [grpc-default-executor-4] INFO  impl.RaftServerImpl (RaftServerImpl.java:setRole(184)) - 78a2ca6d-ab27-408c-be71-e2595a145569@group-8F7C53609CC3: changes role from  FOLLOWER to FOLLOWER at term 7 for recognizeCandidate:47e59444-ad4b-4d8b-b6f4-160f3329f764
2019-10-30 06:07:21,356 [grpc-default-executor-4] INFO  impl.RoleInfo (RoleInfo.java:shutdownFollowerState(121)) - 78a2ca6d-ab27-408c-be71-e2595a145569: shutdown FollowerState
2019-10-30 06:07:21,356 [grpc-default-executor-3] INFO  impl.RaftServerImpl (RaftServerImpl.java:setRole(184)) - 4b4c7497-a7ec-4f2a-a6c9-18b9f4a92a5f@group-8F7C53609CC3: changes role from  FOLLOWER to FOLLOWER at term 7 for recognizeCandidate:47e59444-ad4b-4d8b-b6f4-160f3329f764
2019-10-30 06:07:21,356 [grpc-default-executor-4] INFO  impl.RoleInfo (RoleInfo.java:updateAndGet(143)) - 78a2ca6d-ab27-408c-be71-e2595a145569: start FollowerState
2019-10-30 06:07:21,356 [grpc-default-executor-3] INFO  impl.RoleInfo (RoleInfo.java:shutdownFollowerState(121)) - 4b4c7497-a7ec-4f2a-a6c9-18b9f4a92a5f: shutdown FollowerState
2019-10-30 06:07:21,356 [Thread-861] INFO  impl.FollowerState (FollowerState.java:run(117)) - 78a2ca6d-ab27-408c-be71-e2595a145569@group-8F7C53609CC3-FollowerState was interrupted: java.lang.InterruptedException: sleep interrupted
2019-10-30 06:07:21,356 [Thread-860] INFO  impl.FollowerState (FollowerState.java:run(117)) - 4b4c7497-a7ec-4f2a-a6c9-18b9f4a92a5f@group-8F7C53609CC3-FollowerState was interrupted: java.lang.InterruptedException: sleep interrupted
2019-10-30 06:07:21,356 [grpc-default-executor-3] INFO  impl.RoleInfo (RoleInfo.java:updateAndGet(143)) - 4b4c7497-a7ec-4f2a-a6c9-18b9f4a92a5f: start FollowerState
2019-10-30 06:07:21,370 [47e59444-ad4b-4d8b-b6f4-160f3329f764@group-8F7C53609CC3-LeaderElection43] INFO  impl.LeaderElection (LeaderElection.java:logAndReturn(56)) - 47e59444-ad4b-4d8b-b6f4-160f3329f764@group-8F7C53609CC3-LeaderElection43: Election REJECTED; received 2 response(s) [47e59444-ad4b-4d8b-b6f4-160f3329f764<-4b4c7497-a7ec-4f2a-a6c9-18b9f4a92a5f#0:FAIL-t7, 47e59444-ad4b-4d8b-b6f4-160f3329f764<-78a2ca6d-ab27-408c-be71-e2595a145569#0:FAIL-t7] and 0 exception(s); 47e59444-ad4b-4d8b-b6f4-160f3329f764@group-8F7C53609CC3:t7, leader=null, voted=47e59444-ad4b-4d8b-b6f4-160f3329f764, raftlog=47e59444-ad4b-4d8b-b6f4-160f3329f764@group-8F7C53609CC3-SegmentedRaftLog:OPENED:c-1,f-1,i0, conf=-1: [78a2ca6d-ab27-408c-be71-e2595a145569:192.168.34.21:37717, 4b4c7497-a7ec-4f2a-a6c9-18b9f4a92a5f:192.168.34.21:41258, 47e59444-ad4b-4d8b-b6f4-160f3329f764:192.168.34.21:39722], old=null
2019-10-30 06:07:21,371 [47e59444-ad4b-4d8b-b6f4-160f3329f764@group-8F7C53609CC3-LeaderElection43] INFO  impl.RaftServerImpl (RaftServerImpl.java:setRole(184)) - 47e59444-ad4b-4d8b-b6f4-160f3329f764@group-8F7C53609CC3: changes role from CANDIDATE to FOLLOWER at term 7 for DISCOVERED_A_NEW_TERM
2019-10-30 06:07:21,371 [47e59444-ad4b-4d8b-b6f4-160f3329f764@group-8F7C53609CC3-LeaderElection43] INFO  impl.RoleInfo (RoleInfo.java:shutdownLeaderElection(134)) - 47e59444-ad4b-4d8b-b6f4-160f3329f764: shutdown LeaderElection
2019-10-30 06:07:21,371 [47e59444-ad4b-4d8b-b6f4-160f3329f764@group-8F7C53609CC3-LeaderElection43] INFO  impl.RoleInfo (RoleInfo.java:updateAndGet(143)) - 47e59444-ad4b-4d8b-b6f4-160f3329f764: start FollowerState
2019-10-30 06:07:21,392 [Thread-856] INFO  impl.FollowerState (FollowerState.java:run(108)) - 4b4c7497-a7ec-4f2a-a6c9-18b9f4a92a5f@group-E99C5BDD80CF-FollowerState: change to CANDIDATE, lastRpcTime:120ms, electionTimeout:120ms
2019-10-30 06:07:21,392 [Thread-856] INFO  impl.RoleInfo (RoleInfo.java:shutdownFollowerState(121)) - 4b4c7497-a7ec-4f2a-a6c9-18b9f4a92a5f: shutdown FollowerState
2019-10-30 06:07:21,392 [Thread-856] INFO  impl.RaftServerImpl (RaftServerImpl.java:setRole(184)) - 4b4c7497-a7ec-4f2a-a6c9-18b9f4a92a5f@group-E99C5BDD80CF: changes role from  FOLLOWER to CANDIDATE at term 40 for changeToCandidate
2019-10-30 06:07:21,392 [Thread-856] INFO  impl.RoleInfo (RoleInfo.java:updateAndGet(143)) - 4b4c7497-a7ec-4f2a-a6c9-18b9f4a92a5f: start LeaderElection
2019-10-30 06:07:21,417 [4b4c7497-a7ec-4f2a-a6c9-18b9f4a92a5f@group-E99C5BDD80CF-LeaderElection44] INFO  impl.LeaderElection (LeaderElection.java:askForVotes(178)) - 4b4c7497-a7ec-4f2a-a6c9-18b9f4a92a5f@group-E99C5BDD80CF-LeaderElection44: begin an election at term 41 for 0: [78a2ca6d-ab27-408c-be71-e2595a145569:192.168.34.21:37717, 4b4c7497-a7ec-4f2a-a6c9-18b9f4a92a5f:192.168.34.21:41258, 47e59444-ad4b-4d8b-b6f4-160f3329f764:192.168.34.21:39722], old=null
2019-10-30 06:07:21,419 [grpc-default-executor-4] INFO  impl.RaftServerImpl (RaftServerImpl.java:setRole(184)) - 47e59444-ad4b-4d8b-b6f4-160f3329f764@group-E99C5BDD80CF: changes role from  FOLLOWER to FOLLOWER at term 41 for recognizeCandidate:4b4c7497-a7ec-4f2a-a6c9-18b9f4a92a5f
2019-10-30 06:07:21,419 [grpc-default-executor-3] INFO  impl.RaftServerImpl (RaftServerImpl.java:setRole(184)) - 78a2ca6d-ab27-408c-be71-e2595a145569@group-E99C5BDD80CF: changes role from  FOLLOWER to FOLLOWER at term 41 for recognizeCandidate:4b4c7497-a7ec-4f2a-a6c9-18b9f4a92a5f
2019-10-30 06:07:21,419 [grpc-default-executor-4] INFO  impl.RoleInfo (RoleInfo.java:shutdownFollowerState(121)) - 47e59444-ad4b-4d8b-b6f4-160f3329f764: shutdown FollowerState
2019-10-30 06:07:21,420 [grpc-default-executor-3] INFO  impl.RoleInfo (RoleInfo.java:shutdownFollowerState(121)) - 78a2ca6d-ab27-408c-be71-e2595a145569: shutdown FollowerState
2019-10-30 06:07:21,420 [grpc-default-executor-4] INFO  impl.RoleInfo (RoleInfo.java:updateAndGet(143)) - 47e59444-ad4b-4d8b-b6f4-160f3329f764: start FollowerState
2019-10-30 06:07:21,420 [Thread-854] INFO  impl.FollowerState (FollowerState.java:run(117)) - 78a2ca6d-ab27-408c-be71-e2595a145569@group-E99C5BDD80CF-FollowerState was interrupted: java.lang.InterruptedException: sleep interrupted
2019-10-30 06:07:21,420 [grpc-default-executor-3] INFO  impl.RoleInfo (RoleInfo.java:updateAndGet(143)) - 78a2ca6d-ab27-408c-be71-e2595a145569: start FollowerState
2019-10-30 06:07:21,420 [Thread-855] INFO  impl.FollowerState (FollowerState.java:run(117)) - 47e59444-ad4b-4d8b-b6f4-160f3329f764@group-E99C5BDD80CF-FollowerState was interrupted: java.lang.InterruptedException: sleep interrupted
2019-10-30 06:07:21,435 [4b4c7497-a7ec-4f2a-a6c9-18b9f4a92a5f@group-E99C5BDD80CF-LeaderElection44] INFO  impl.LeaderElection (LeaderElection.java:logAndReturn(56)) - 4b4c7497-a7ec-4f2a-a6c9-18b9f4a92a5f@group-E99C5BDD80CF-LeaderElection44: Election REJECTED; received 2 response(s) [4b4c7497-a7ec-4f2a-a6c9-18b9f4a92a5f<-78a2ca6d-ab27-408c-be71-e2595a145569#0:FAIL-t41, 4b4c7497-a7ec-4f2a-a6c9-18b9f4a92a5f<-47e59444-ad4b-4d8b-b6f4-160f3329f764#0:FAIL-t41] and 0 exception(s); 4b4c7497-a7ec-4f2a-a6c9-18b9f4a92a5f@group-E99C5BDD80CF:t41, leader=null, voted=4b4c7497-a7ec-4f2a-a6c9-18b9f4a92a5f, raftlog=4b4c7497-a7ec-4f2a-a6c9-18b9f4a92a5f@group-E99C5BDD80CF-SegmentedRaftLog:OPENED:c3,f4,i4, conf=0: [78a2ca6d-ab27-408c-be71-e2595a145569:192.168.34.21:37717, 4b4c7497-a7ec-4f2a-a6c9-18b9f4a92a5f:192.168.34.21:41258, 47e59444-ad4b-4d8b-b6f4-160f3329f764:192.168.34.21:39722], old=null
2019-10-30 06:07:21,436 [4b4c7497-a7ec-4f2a-a6c9-18b9f4a92a5f@group-E99C5BDD80CF-LeaderElection44] INFO  impl.RaftServerImpl (RaftServerImpl.java:setRole(184)) - 4b4c7497-a7ec-4f2a-a6c9-18b9f4a92a5f@group-E99C5BDD80CF: changes role from CANDIDATE to FOLLOWER at term 41 for DISCOVERED_A_NEW_TERM
2019-10-30 06:07:21,436 [4b4c7497-a7ec-4f2a-a6c9-18b9f4a92a5f@group-E99C5BDD80CF-LeaderElection44] INFO  impl.RoleInfo (RoleInfo.java:shutdownLeaderElection(134)) - 4b4c7497-a7ec-4f2a-a6c9-18b9f4a92a5f: shutdown LeaderElection
2019-10-30 06:07:21,436 [4b4c7497-a7ec-4f2a-a6c9-18b9f4a92a5f@group-E99C5BDD80CF-LeaderElection44] INFO  impl.RoleInfo (RoleInfo.java:updateAndGet(143)) - 4b4c7497-a7ec-4f2a-a6c9-18b9f4a92a5f: start FollowerState
2019-10-30 06:07:21,444 [BlockDeletingService#2] WARN  background.BlockDeletingService (BlockDeletingService.java:isDeletionAllowed(187)) - Close Container log Index 6 is not replicated across allthe servers in the pipeline 55028169-3584-4748-a1dc-e99c5bdd80cf as the min replicated index is 4. Deletion is not allowed in this container yet.
2019-10-30 06:07:21,444 [BlockDeletingService#2] WARN  background.BlockDeletingService (BlockDeletingService.java:isDeletionAllowed(187)) - Close Container log Index 6 is not replicated across allthe servers in the pipeline 55028169-3584-4748-a1dc-e99c5bdd80cf as the min replicated index is 4. Deletion is not allowed in this container yet.
2019-10-30 06:07:21,456 [Thread-868] INFO  impl.FollowerState (FollowerState.java:run(108)) - 47e59444-ad4b-4d8b-b6f4-160f3329f764@group-8F7C53609CC3-FollowerState: change to CANDIDATE, lastRpcTime:85ms, electionTimeout:85ms
2019-10-30 06:07:21,456 [Thread-868] INFO  impl.RoleInfo (RoleInfo.java:shutdownFollowerState(121)) - 47e59444-ad4b-4d8b-b6f4-160f3329f764: shutdown FollowerState
2019-10-30 06:07:21,456 [Thread-868] INFO  impl.RaftServerImpl (RaftServerImpl.java:setRole(184)) - 47e59444-ad4b-4d8b-b6f4-160f3329f764@group-8F7C53609CC3: changes role from  FOLLOWER to CANDIDATE at term 7 for changeToCandidate
2019-10-30 06:07:21,457 [Thread-868] INFO  impl.RoleInfo (RoleInfo.java:updateAndGet(143)) - 47e59444-ad4b-4d8b-b6f4-160f3329f764: start LeaderElection
2019-10-30 06:07:21,470 [47e59444-ad4b-4d8b-b6f4-160f3329f764@group-8F7C53609CC3-LeaderElection45] INFO  impl.LeaderElection (LeaderElection.java:askForVotes(178)) - 47e59444-ad4b-4d8b-b6f4-160f3329f764@group-8F7C53609CC3-LeaderElection45: begin an election at term 8 for -1: [78a2ca6d-ab27-408c-be71-e2595a145569:192.168.34.21:37717, 4b4c7497-a7ec-4f2a-a6c9-18b9f4a92a5f:192.168.34.21:41258, 47e59444-ad4b-4d8b-b6f4-160f3329f764:192.168.34.21:39722], old=null
2019-10-30 06:07:21,473 [grpc-default-executor-3] INFO  impl.RaftServerImpl (RaftServerImpl.java:setRole(184)) - 4b4c7497-a7ec-4f2a-a6c9-18b9f4a92a5f@group-8F7C53609CC3: changes role from  FOLLOWER to FOLLOWER at term 8 for recognizeCandidate:47e59444-ad4b-4d8b-b6f4-160f3329f764
2019-10-30 06:07:21,473 [grpc-default-executor-4] INFO  impl.RaftServerImpl (RaftServerImpl.java:setRole(184)) - 78a2ca6d-ab27-408c-be71-e2595a145569@group-8F7C53609CC3: changes role from  FOLLOWER to FOLLOWER at term 8 for recognizeCandidate:47e59444-ad4b-4d8b-b6f4-160f3329f764
2019-10-30 06:07:21,473 [grpc-default-executor-3] INFO  impl.RoleInfo (RoleInfo.java:shutdownFollowerState(121)) - 4b4c7497-a7ec-4f2a-a6c9-18b9f4a92a5f: shutdown FollowerState
2019-10-30 06:07:21,473 [grpc-default-executor-4] INFO  impl.RoleInfo (RoleInfo.java:shutdownFollowerState(121)) - 78a2ca6d-ab27-408c-be71-e2595a145569: shutdown FollowerState
2019-10-30 06:07:21,473 [grpc-default-executor-3] INFO  impl.RoleInfo (RoleInfo.java:updateAndGet(143)) - 4b4c7497-a7ec-4f2a-a6c9-18b9f4a92a5f: start FollowerState
2019-10-30 06:07:21,473 [Thread-867] INFO  impl.FollowerState (FollowerState.java:run(117)) - 4b4c7497-a7ec-4f2a-a6c9-18b9f4a92a5f@group-8F7C53609CC3-FollowerState was interrupted: java.lang.InterruptedException: sleep interrupted
2019-10-30 06:07:21,473 [Thread-866] INFO  impl.FollowerState (FollowerState.java:run(117)) - 78a2ca6d-ab27-408c-be71-e2595a145569@group-8F7C53609CC3-FollowerState was interrupted: java.lang.InterruptedException: sleep interrupted
2019-10-30 06:07:21,473 [grpc-default-executor-4] INFO  impl.RoleInfo (RoleInfo.java:updateAndGet(143)) - 78a2ca6d-ab27-408c-be71-e2595a145569: start FollowerState
2019-10-30 06:07:21,488 [47e59444-ad4b-4d8b-b6f4-160f3329f764@group-8F7C53609CC3-LeaderElection45] INFO  impl.LeaderElection (LeaderElection.java:logAndReturn(56)) - 47e59444-ad4b-4d8b-b6f4-160f3329f764@group-8F7C53609CC3-LeaderElection45: Election REJECTED; received 2 response(s) [47e59444-ad4b-4d8b-b6f4-160f3329f764<-4b4c7497-a7ec-4f2a-a6c9-18b9f4a92a5f#0:FAIL-t8, 47e59444-ad4b-4d8b-b6f4-160f3329f764<-78a2ca6d-ab27-408c-be71-e2595a145569#0:FAIL-t8] and 0 exception(s); 47e59444-ad4b-4d8b-b6f4-160f3329f764@group-8F7C53609CC3:t8, leader=null, voted=47e59444-ad4b-4d8b-b6f4-160f3329f764, raftlog=47e59444-ad4b-4d8b-b6f4-160f3329f764@group-8F7C53609CC3-SegmentedRaftLog:OPENED:c-1,f-1,i0, conf=-1: [78a2ca6d-ab27-408c-be71-e2595a145569:192.168.34.21:37717, 4b4c7497-a7ec-4f2a-a6c9-18b9f4a92a5f:192.168.34.21:41258, 47e59444-ad4b-4d8b-b6f4-160f3329f764:192.168.34.21:39722], old=null
2019-10-30 06:07:21,488 [47e59444-ad4b-4d8b-b6f4-160f3329f764@group-8F7C53609CC3-LeaderElection45] INFO  impl.RaftServerImpl (RaftServerImpl.java:setRole(184)) - 47e59444-ad4b-4d8b-b6f4-160f3329f764@group-8F7C53609CC3: changes role from CANDIDATE to FOLLOWER at term 8 for DISCOVERED_A_NEW_TERM
2019-10-30 06:07:21,488 [47e59444-ad4b-4d8b-b6f4-160f3329f764@group-8F7C53609CC3-LeaderElection45] INFO  impl.RoleInfo (RoleInfo.java:shutdownLeaderElection(134)) - 47e59444-ad4b-4d8b-b6f4-160f3329f764: shutdown LeaderElection
2019-10-30 06:07:21,488 [47e59444-ad4b-4d8b-b6f4-160f3329f764@group-8F7C53609CC3-LeaderElection45] INFO  impl.RoleInfo (RoleInfo.java:updateAndGet(143)) - 47e59444-ad4b-4d8b-b6f4-160f3329f764: start FollowerState
2019-10-30 06:07:21,586 [Thread-874] INFO  impl.FollowerState (FollowerState.java:run(108)) - 4b4c7497-a7ec-4f2a-a6c9-18b9f4a92a5f@group-E99C5BDD80CF-FollowerState: change to CANDIDATE, lastRpcTime:150ms, electionTimeout:150ms
2019-10-30 06:07:21,586 [Thread-874] INFO  impl.RoleInfo (RoleInfo.java:shutdownFollowerState(121)) - 4b4c7497-a7ec-4f2a-a6c9-18b9f4a92a5f: shutdown FollowerState
2019-10-30 06:07:21,586 [Thread-874] INFO  impl.RaftServerImpl (RaftServerImpl.java:setRole(184)) - 4b4c7497-a7ec-4f2a-a6c9-18b9f4a92a5f@group-E99C5BDD80CF: changes role from  FOLLOWER to CANDIDATE at term 41 for changeToCandidate
2019-10-30 06:07:21,587 [Thread-874] INFO  impl.RoleInfo (RoleInfo.java:updateAndGet(143)) - 4b4c7497-a7ec-4f2a-a6c9-18b9f4a92a5f: start LeaderElection
2019-10-30 06:07:21,600 [4b4c7497-a7ec-4f2a-a6c9-18b9f4a92a5f@group-E99C5BDD80CF-LeaderElection46] INFO  impl.LeaderElection (LeaderElection.java:askForVotes(178)) - 4b4c7497-a7ec-4f2a-a6c9-18b9f4a92a5f@group-E99C5BDD80CF-LeaderElection46: begin an election at term 42 for 0: [78a2ca6d-ab27-408c-be71-e2595a145569:192.168.34.21:37717, 4b4c7497-a7ec-4f2a-a6c9-18b9f4a92a5f:192.168.34.21:41258, 47e59444-ad4b-4d8b-b6f4-160f3329f764:192.168.34.21:39722], old=null
2019-10-30 06:07:21,602 [grpc-default-executor-3] INFO  impl.RaftServerImpl (RaftServerImpl.java:setRole(184)) - 47e59444-ad4b-4d8b-b6f4-160f3329f764@group-E99C5BDD80CF: changes role from  FOLLOWER to FOLLOWER at term 42 for recognizeCandidate:4b4c7497-a7ec-4f2a-a6c9-18b9f4a92a5f
2019-10-30 06:07:21,602 [grpc-default-executor-3] INFO  impl.RoleInfo (RoleInfo.java:shutdownFollowerState(121)) - 47e59444-ad4b-4d8b-b6f4-160f3329f764: shutdown FollowerState
2019-10-30 06:07:21,602 [grpc-default-executor-4] INFO  impl.RaftServerImpl (RaftServerImpl.java:setRole(184)) - 78a2ca6d-ab27-408c-be71-e2595a145569@group-E99C5BDD80CF: changes role from  FOLLOWER to FOLLOWER at term 42 for recognizeCandidate:4b4c7497-a7ec-4f2a-a6c9-18b9f4a92a5f
2019-10-30 06:07:21,603 [Thread-872] INFO  impl.FollowerState (FollowerState.java:run(117)) - 47e59444-ad4b-4d8b-b6f4-160f3329f764@group-E99C5BDD80CF-FollowerState was interrupted: java.lang.InterruptedException: sleep interrupted
2019-10-30 06:07:21,603 [grpc-default-executor-3] INFO  impl.RoleInfo (RoleInfo.java:updateAndGet(143)) - 47e59444-ad4b-4d8b-b6f4-160f3329f764: start FollowerState
2019-10-30 06:07:21,603 [grpc-default-executor-4] INFO  impl.RoleInfo (RoleInfo.java:shutdownFollowerState(121)) - 78a2ca6d-ab27-408c-be71-e2595a145569: shutdown FollowerState
2019-10-30 06:07:21,603 [grpc-default-executor-4] INFO  impl.RoleInfo (RoleInfo.java:updateAndGet(143)) - 78a2ca6d-ab27-408c-be71-e2595a145569: start FollowerState
2019-10-30 06:07:21,603 [Thread-873] INFO  impl.FollowerState (FollowerState.java:run(117)) - 78a2ca6d-ab27-408c-be71-e2595a145569@group-E99C5BDD80CF-FollowerState was interrupted: java.lang.InterruptedException: sleep interrupted
2019-10-30 06:07:21,607 [EventQueue-PendingDeleteStatusForPendingDeleteHandler] INFO  block.SCMBlockDeletingService (SCMBlockDeletingService.java:handlePendingDeletes(115)) - Block deletion txnID mismatch in datanode 4b4c7497-a7ec-4f2a-a6c9-18b9f4a92a5f for containerID 1. Datanode delete txnID: 0, SCM txnID: 1
2019-10-30 06:07:21,630 [Command processor thread] INFO  commandhandler.DeleteBlocksCommandHandler (DeleteBlocksCommandHandler.java:handle(106)) - Start to delete container blocks, TXIDs=[1(0)], numOfContainers=1, numOfBlocks=1
2019-10-30 06:07:21,630 [4b4c7497-a7ec-4f2a-a6c9-18b9f4a92a5f@group-E99C5BDD80CF-LeaderElection46] INFO  impl.LeaderElection (LeaderElection.java:logAndReturn(56)) - 4b4c7497-a7ec-4f2a-a6c9-18b9f4a92a5f@group-E99C5BDD80CF-LeaderElection46: Election REJECTED; received 2 response(s) [4b4c7497-a7ec-4f2a-a6c9-18b9f4a92a5f<-78a2ca6d-ab27-408c-be71-e2595a145569#0:FAIL-t42, 4b4c7497-a7ec-4f2a-a6c9-18b9f4a92a5f<-47e59444-ad4b-4d8b-b6f4-160f3329f764#0:FAIL-t42] and 0 exception(s); 4b4c7497-a7ec-4f2a-a6c9-18b9f4a92a5f@group-E99C5BDD80CF:t42, leader=null, voted=4b4c7497-a7ec-4f2a-a6c9-18b9f4a92a5f, raftlog=4b4c7497-a7ec-4f2a-a6c9-18b9f4a92a5f@group-E99C5BDD80CF-SegmentedRaftLog:OPENED:c3,f4,i4, conf=0: [78a2ca6d-ab27-408c-be71-e2595a145569:192.168.34.21:37717, 4b4c7497-a7ec-4f2a-a6c9-18b9f4a92a5f:192.168.34.21:41258, 47e59444-ad4b-4d8b-b6f4-160f3329f764:192.168.34.21:39722], old=null
2019-10-30 06:07:21,630 [4b4c7497-a7ec-4f2a-a6c9-18b9f4a92a5f@group-E99C5BDD80CF-LeaderElection46] INFO  impl.RaftServerImpl (RaftServerImpl.java:setRole(184)) - 4b4c7497-a7ec-4f2a-a6c9-18b9f4a92a5f@group-E99C5BDD80CF: changes role from CANDIDATE to FOLLOWER at term 42 for DISCOVERED_A_NEW_TERM
2019-10-30 06:07:21,631 [4b4c7497-a7ec-4f2a-a6c9-18b9f4a92a5f@group-E99C5BDD80CF-LeaderElection46] INFO  impl.RoleInfo (RoleInfo.java:shutdownLeaderElection(134)) - 4b4c7497-a7ec-4f2a-a6c9-18b9f4a92a5f: shutdown LeaderElection
2019-10-30 06:07:21,631 [Command processor thread] INFO  commandhandler.DeleteBlocksCommandHandler (DeleteBlocksCommandHandler.java:handle(106)) - Start to delete container blocks, TXIDs=[1(2)], numOfContainers=1, numOfBlocks=1
2019-10-30 06:07:21,631 [4b4c7497-a7ec-4f2a-a6c9-18b9f4a92a5f@group-E99C5BDD80CF-LeaderElection46] INFO  impl.RoleInfo (RoleInfo.java:updateAndGet(143)) - 4b4c7497-a7ec-4f2a-a6c9-18b9f4a92a5f: start FollowerState
2019-10-30 06:07:21,631 [Command processor thread] INFO  commandhandler.DeleteBlocksCommandHandler (DeleteBlocksCommandHandler.java:handle(106)) - Start to delete container blocks, TXIDs=[1(0)], numOfContainers=1, numOfBlocks=1
2019-10-30 06:07:21,631 [Command processor thread] INFO  commandhandler.DeleteBlocksCommandHandler (DeleteBlocksCommandHandler.java:handle(106)) - Start to delete container blocks, TXIDs=[1(2)], numOfContainers=1, numOfBlocks=1
2019-10-30 06:07:21,631 [Command processor thread] INFO  commandhandler.DeleteBlocksCommandHandler (DeleteBlocksCommandHandler.java:handle(106)) - Start to delete container blocks, TXIDs=[1(0)], numOfContainers=1, numOfBlocks=1
2019-10-30 06:07:21,631 [Command processor thread] INFO  commandhandler.DeleteBlocksCommandHandler (DeleteBlocksCommandHandler.java:handle(106)) - Start to delete container blocks, TXIDs=[1(2)], numOfContainers=1, numOfBlocks=1
2019-10-30 06:07:21,631 [Command processor thread] INFO  commandhandler.DeleteBlocksCommandHandler (DeleteBlocksCommandHandler.java:handle(106)) - Start to delete container blocks, TXIDs=[1(2)], numOfContainers=1, numOfBlocks=1
2019-10-30 06:07:21,631 [Command processor thread] INFO  commandhandler.DeleteBlocksCommandHandler (DeleteBlocksCommandHandler.java:handle(106)) - Start to delete container blocks, TXIDs=[1(0)], numOfContainers=1, numOfBlocks=1
2019-10-30 06:07:21,632 [Command processor thread] INFO  commandhandler.DeleteBlocksCommandHandler (DeleteBlocksCommandHandler.java:handle(106)) - Start to delete container blocks, TXIDs=[1(2)], numOfContainers=1, numOfBlocks=1
2019-10-30 06:07:21,632 [Command processor thread] INFO  commandhandler.DeleteBlocksCommandHandler (DeleteBlocksCommandHandler.java:handle(106)) - Start to delete container blocks, TXIDs=[1(2)], numOfContainers=1, numOfBlocks=1
2019-10-30 06:07:21,632 [Command processor thread] INFO  commandhandler.DeleteBlocksCommandHandler (DeleteBlocksCommandHandler.java:handle(106)) - Start to delete container blocks, TXIDs=[1(2)], numOfContainers=1, numOfBlocks=1
2019-10-30 06:07:21,632 [Command processor thread] INFO  commandhandler.DeleteBlocksCommandHandler (DeleteBlocksCommandHandler.java:handle(106)) - Start to delete container blocks, TXIDs=[1(0)], numOfContainers=1, numOfBlocks=1
2019-10-30 06:07:21,632 [Command processor thread] INFO  commandhandler.DeleteBlocksCommandHandler (DeleteBlocksCommandHandler.java:handle(106)) - Start to delete container blocks, TXIDs=[1(2)], numOfContainers=1, numOfBlocks=1
2019-10-30 06:07:21,632 [Command processor thread] INFO  commandhandler.DeleteBlocksCommandHandler (DeleteBlocksCommandHandler.java:handle(106)) - Start to delete container blocks, TXIDs=[1(2)], numOfContainers=1, numOfBlocks=1
2019-10-30 06:07:21,632 [Command processor thread] INFO  commandhandler.DeleteBlocksCommandHandler (DeleteBlocksCommandHandler.java:handle(106)) - Start to delete container blocks, TXIDs=[1(2)], numOfContainers=1, numOfBlocks=1
2019-10-30 06:07:21,633 [Command processor thread] INFO  commandhandler.DeleteBlocksCommandHandler (DeleteBlocksCommandHandler.java:handle(106)) - Start to delete container blocks, TXIDs=[1(0)], numOfContainers=1, numOfBlocks=1
2019-10-30 06:07:21,633 [Command processor thread] INFO  commandhandler.DeleteBlocksCommandHandler (DeleteBlocksCommandHandler.java:handle(106)) - Start to delete container blocks, TXIDs=[1(2)], numOfContainers=1, numOfBlocks=1
2019-10-30 06:07:21,633 [Command processor thread] INFO  commandhandler.DeleteBlocksCommandHandler (DeleteBlocksCommandHandler.java:handle(106)) - Start to delete container blocks, TXIDs=[1(2)], numOfContainers=1, numOfBlocks=1
2019-10-30 06:07:21,633 [Command processor thread] INFO  commandhandler.DeleteBlocksCommandHandler (DeleteBlocksCommandHandler.java:handle(106)) - Start to delete container blocks, TXIDs=[1(2)], numOfContainers=1, numOfBlocks=1
2019-10-30 06:07:21,633 [Command processor thread] INFO  commandhandler.DeleteBlocksCommandHandler (DeleteBlocksCommandHandler.java:handle(106)) - Start to delete container blocks, TXIDs=[1(2)], numOfContainers=1, numOfBlocks=1
2019-10-30 06:07:21,633 [Command processor thread] INFO  commandhandler.DeleteBlocksCommandHandler (DeleteBlocksCommandHandler.java:handle(106)) - Start to delete container blocks, TXIDs=[1(2)], numOfContainers=1, numOfBlocks=1
2019-10-30 06:07:21,633 [Command processor thread] INFO  commandhandler.DeleteBlocksCommandHandler (DeleteBlocksCommandHandler.java:handle(106)) - Start to delete container blocks, TXIDs=[1(2)], numOfContainers=1, numOfBlocks=1
2019-10-30 06:07:21,634 [Command processor thread] INFO  commandhandler.DeleteBlocksCommandHandler (DeleteBlocksCommandHandler.java:handle(106)) - Start to delete container blocks, TXIDs=[1(2)], numOfContainers=1, numOfBlocks=1
2019-10-30 06:07:21,634 [Command processor thread] INFO  commandhandler.DeleteBlocksCommandHandler (DeleteBlocksCommandHandler.java:handle(106)) - Start to delete container blocks, TXIDs=[1(2)], numOfContainers=1, numOfBlocks=1
2019-10-30 06:07:21,634 [Command processor thread] INFO  commandhandler.DeleteBlocksCommandHandler (DeleteBlocksCommandHandler.java:handle(106)) - Start to delete container blocks, TXIDs=[1(2)], numOfContainers=1, numOfBlocks=1
2019-10-30 06:07:21,634 [Command processor thread] INFO  commandhandler.DeleteBlocksCommandHandler (DeleteBlocksCommandHandler.java:handle(106)) - Start to delete container blocks, TXIDs=[1(0)], numOfContainers=1, numOfBlocks=1
2019-10-30 06:07:21,634 [Command processor thread] INFO  commandhandler.DeleteBlocksCommandHandler (DeleteBlocksCommandHandler.java:handle(106)) - Start to delete container blocks, TXIDs=[1(2)], numOfContainers=1, numOfBlocks=1
2019-10-30 06:07:21,634 [Command processor thread] INFO  commandhandler.DeleteBlocksCommandHandler (DeleteBlocksCommandHandler.java:handle(106)) - Start to delete container blocks, TXIDs=[1(2)], numOfContainers=1, numOfBlocks=1
2019-10-30 06:07:21,634 [Command processor thread] INFO  commandhandler.DeleteBlocksCommandHandler (DeleteBlocksCommandHandler.java:handle(106)) - Start to delete container blocks, TXIDs=[1(2)], numOfContainers=1, numOfBlocks=1
2019-10-30 06:07:21,635 [Command processor thread] INFO  commandhandler.DeleteBlocksCommandHandler (DeleteBlocksCommandHandler.java:handle(106)) - Start to delete container blocks, TXIDs=[1(30)], numOfContainers=1, numOfBlocks=1
2019-10-30 06:07:21,635 [Command processor thread] INFO  commandhandler.DeleteBlocksCommandHandler (DeleteBlocksCommandHandler.java:handle(106)) - Start to delete container blocks, TXIDs=[1(0)], numOfContainers=1, numOfBlocks=1
2019-10-30 06:07:21,635 [Command processor thread] INFO  commandhandler.DeleteBlocksCommandHandler (DeleteBlocksCommandHandler.java:handle(106)) - Start to delete container blocks, TXIDs=[1(2)], numOfContainers=1, numOfBlocks=1
2019-10-30 06:07:21,635 [Command processor thread] INFO  commandhandler.DeleteBlocksCommandHandler (DeleteBlocksCommandHandler.java:handle(106)) - Start to delete container blocks, TXIDs=[1(2)], numOfContainers=1, numOfBlocks=1
2019-10-30 06:07:21,635 [Command processor thread] INFO  commandhandler.DeleteBlocksCommandHandler (DeleteBlocksCommandHandler.java:handle(106)) - Start to delete container blocks, TXIDs=[1(2)], numOfContainers=1, numOfBlocks=1
2019-10-30 06:07:21,635 [Command processor thread] INFO  commandhandler.DeleteBlocksCommandHandler (DeleteBlocksCommandHandler.java:handle(106)) - Start to delete container blocks, TXIDs=[1(2)], numOfContainers=1, numOfBlocks=1
2019-10-30 06:07:21,635 [Command processor thread] INFO  commandhandler.DeleteBlocksCommandHandler (DeleteBlocksCommandHandler.java:handle(106)) - Start to delete container blocks, TXIDs=[1(2)], numOfContainers=1, numOfBlocks=1
2019-10-30 06:07:21,672 [Thread-882] INFO  impl.FollowerState (FollowerState.java:run(108)) - 47e59444-ad4b-4d8b-b6f4-160f3329f764@group-8F7C53609CC3-FollowerState: change to CANDIDATE, lastRpcTime:183ms, electionTimeout:183ms
2019-10-30 06:07:21,672 [Thread-882] INFO  impl.RoleInfo (RoleInfo.java:shutdownFollowerState(121)) - 47e59444-ad4b-4d8b-b6f4-160f3329f764: shutdown FollowerState
2019-10-30 06:07:21,672 [Thread-882] INFO  impl.RaftServerImpl (RaftServerImpl.java:setRole(184)) - 47e59444-ad4b-4d8b-b6f4-160f3329f764@group-8F7C53609CC3: changes role from  FOLLOWER to CANDIDATE at term 8 for changeToCandidate
2019-10-30 06:07:21,672 [Thread-882] INFO  impl.RoleInfo (RoleInfo.java:updateAndGet(143)) - 47e59444-ad4b-4d8b-b6f4-160f3329f764: start LeaderElection
2019-10-30 06:07:21,694 [47e59444-ad4b-4d8b-b6f4-160f3329f764@group-8F7C53609CC3-LeaderElection47] INFO  impl.LeaderElection (LeaderElection.java:askForVotes(178)) - 47e59444-ad4b-4d8b-b6f4-160f3329f764@group-8F7C53609CC3-LeaderElection47: begin an election at term 9 for -1: [78a2ca6d-ab27-408c-be71-e2595a145569:192.168.34.21:37717, 4b4c7497-a7ec-4f2a-a6c9-18b9f4a92a5f:192.168.34.21:41258, 47e59444-ad4b-4d8b-b6f4-160f3329f764:192.168.34.21:39722], old=null
2019-10-30 06:07:21,697 [grpc-default-executor-4] INFO  impl.RaftServerImpl (RaftServerImpl.java:setRole(184)) - 78a2ca6d-ab27-408c-be71-e2595a145569@group-8F7C53609CC3: changes role from  FOLLOWER to FOLLOWER at term 9 for recognizeCandidate:47e59444-ad4b-4d8b-b6f4-160f3329f764
2019-10-30 06:07:21,697 [grpc-default-executor-4] INFO  impl.RoleInfo (RoleInfo.java:shutdownFollowerState(121)) - 78a2ca6d-ab27-408c-be71-e2595a145569: shutdown FollowerState
2019-10-30 06:07:21,697 [grpc-default-executor-3] INFO  impl.RaftServerImpl (RaftServerImpl.java:setRole(184)) - 4b4c7497-a7ec-4f2a-a6c9-18b9f4a92a5f@group-8F7C53609CC3: changes role from  FOLLOWER to FOLLOWER at term 9 for recognizeCandidate:47e59444-ad4b-4d8b-b6f4-160f3329f764
2019-10-30 06:07:21,697 [Thread-881] INFO  impl.FollowerState (FollowerState.java:run(117)) - 78a2ca6d-ab27-408c-be71-e2595a145569@group-8F7C53609CC3-FollowerState was interrupted: java.lang.InterruptedException: sleep interrupted
2019-10-30 06:07:21,697 [grpc-default-executor-4] INFO  impl.RoleInfo (RoleInfo.java:updateAndGet(143)) - 78a2ca6d-ab27-408c-be71-e2595a145569: start FollowerState
2019-10-30 06:07:21,697 [grpc-default-executor-3] INFO  impl.RoleInfo (RoleInfo.java:shutdownFollowerState(121)) - 4b4c7497-a7ec-4f2a-a6c9-18b9f4a92a5f: shutdown FollowerState
2019-10-30 06:07:21,698 [grpc-default-executor-3] INFO  impl.RoleInfo (RoleInfo.java:updateAndGet(143)) - 4b4c7497-a7ec-4f2a-a6c9-18b9f4a92a5f: start FollowerState
2019-10-30 06:07:21,698 [Thread-880] INFO  impl.FollowerState (FollowerState.java:run(117)) - 4b4c7497-a7ec-4f2a-a6c9-18b9f4a92a5f@group-8F7C53609CC3-FollowerState was interrupted: java.lang.InterruptedException: sleep interrupted
2019-10-30 06:07:21,724 [47e59444-ad4b-4d8b-b6f4-160f3329f764@group-8F7C53609CC3-LeaderElection47] INFO  impl.LeaderElection (LeaderElection.java:logAndReturn(56)) - 47e59444-ad4b-4d8b-b6f4-160f3329f764@group-8F7C53609CC3-LeaderElection47: Election REJECTED; received 2 response(s) [47e59444-ad4b-4d8b-b6f4-160f3329f764<-4b4c7497-a7ec-4f2a-a6c9-18b9f4a92a5f#0:FAIL-t9, 47e59444-ad4b-4d8b-b6f4-160f3329f764<-78a2ca6d-ab27-408c-be71-e2595a145569#0:FAIL-t9] and 0 exception(s); 47e59444-ad4b-4d8b-b6f4-160f3329f764@group-8F7C53609CC3:t9, leader=null, voted=47e59444-ad4b-4d8b-b6f4-160f3329f764, raftlog=47e59444-ad4b-4d8b-b6f4-160f3329f764@group-8F7C53609CC3-SegmentedRaftLog:OPENED:c-1,f-1,i0, conf=-1: [78a2ca6d-ab27-408c-be71-e2595a145569:192.168.34.21:37717, 4b4c7497-a7ec-4f2a-a6c9-18b9f4a92a5f:192.168.34.21:41258, 47e59444-ad4b-4d8b-b6f4-160f3329f764:192.168.34.21:39722], old=null
2019-10-30 06:07:21,724 [47e59444-ad4b-4d8b-b6f4-160f3329f764@group-8F7C53609CC3-LeaderElection47] INFO  impl.RaftServerImpl (RaftServerImpl.java:setRole(184)) - 47e59444-ad4b-4d8b-b6f4-160f3329f764@group-8F7C53609CC3: changes role from CANDIDATE to FOLLOWER at term 9 for DISCOVERED_A_NEW_TERM
2019-10-30 06:07:21,724 [47e59444-ad4b-4d8b-b6f4-160f3329f764@group-8F7C53609CC3-LeaderElection47] INFO  impl.RoleInfo (RoleInfo.java:shutdownLeaderElection(134)) - 47e59444-ad4b-4d8b-b6f4-160f3329f764: shutdown LeaderElection
2019-10-30 06:07:21,724 [47e59444-ad4b-4d8b-b6f4-160f3329f764@group-8F7C53609CC3-LeaderElection47] INFO  impl.RoleInfo (RoleInfo.java:updateAndGet(143)) - 47e59444-ad4b-4d8b-b6f4-160f3329f764: start FollowerState
2019-10-30 06:07:21,761 [Thread-889] INFO  impl.FollowerState (FollowerState.java:run(108)) - 4b4c7497-a7ec-4f2a-a6c9-18b9f4a92a5f@group-E99C5BDD80CF-FollowerState: change to CANDIDATE, lastRpcTime:130ms, electionTimeout:130ms
2019-10-30 06:07:21,761 [Thread-889] INFO  impl.RoleInfo (RoleInfo.java:shutdownFollowerState(121)) - 4b4c7497-a7ec-4f2a-a6c9-18b9f4a92a5f: shutdown FollowerState
2019-10-30 06:07:21,761 [Thread-889] INFO  impl.RaftServerImpl (RaftServerImpl.java:setRole(184)) - 4b4c7497-a7ec-4f2a-a6c9-18b9f4a92a5f@group-E99C5BDD80CF: changes role from  FOLLOWER to CANDIDATE at term 42 for changeToCandidate
2019-10-30 06:07:21,761 [Thread-889] INFO  impl.RoleInfo (RoleInfo.java:updateAndGet(143)) - 4b4c7497-a7ec-4f2a-a6c9-18b9f4a92a5f: start LeaderElection
2019-10-30 06:07:21,776 [4b4c7497-a7ec-4f2a-a6c9-18b9f4a92a5f@group-E99C5BDD80CF-LeaderElection48] INFO  impl.LeaderElection (LeaderElection.java:askForVotes(178)) - 4b4c7497-a7ec-4f2a-a6c9-18b9f4a92a5f@group-E99C5BDD80CF-LeaderElection48: begin an election at term 43 for 0: [78a2ca6d-ab27-408c-be71-e2595a145569:192.168.34.21:37717, 4b4c7497-a7ec-4f2a-a6c9-18b9f4a92a5f:192.168.34.21:41258, 47e59444-ad4b-4d8b-b6f4-160f3329f764:192.168.34.21:39722], old=null
2019-10-30 06:07:21,778 [grpc-default-executor-4] INFO  impl.RaftServerImpl (RaftServerImpl.java:setRole(184)) - 78a2ca6d-ab27-408c-be71-e2595a145569@group-E99C5BDD80CF: changes role from  FOLLOWER to FOLLOWER at term 43 for recognizeCandidate:4b4c7497-a7ec-4f2a-a6c9-18b9f4a92a5f
2019-10-30 06:07:21,778 [grpc-default-executor-3] INFO  impl.RaftServerImpl (RaftServerImpl.java:setRole(184)) - 47e59444-ad4b-4d8b-b6f4-160f3329f764@group-E99C5BDD80CF: changes role from  FOLLOWER to FOLLOWER at term 43 for recognizeCandidate:4b4c7497-a7ec-4f2a-a6c9-18b9f4a92a5f
2019-10-30 06:07:21,778 [grpc-default-executor-4] INFO  impl.RoleInfo (RoleInfo.java:shutdownFollowerState(121)) - 78a2ca6d-ab27-408c-be71-e2595a145569: shutdown FollowerState
2019-10-30 06:07:21,778 [grpc-default-executor-3] INFO  impl.RoleInfo (RoleInfo.java:shutdownFollowerState(121)) - 47e59444-ad4b-4d8b-b6f4-160f3329f764: shutdown FollowerState
2019-10-30 06:07:21,778 [Thread-887] INFO  impl.FollowerState (FollowerState.java:run(117)) - 78a2ca6d-ab27-408c-be71-e2595a145569@group-E99C5BDD80CF-FollowerState was interrupted: java.lang.InterruptedException: sleep interrupted
2019-10-30 06:07:21,778 [grpc-default-executor-3] INFO  impl.RoleInfo (RoleInfo.java:updateAndGet(143)) - 47e59444-ad4b-4d8b-b6f4-160f3329f764: start FollowerState
2019-10-30 06:07:21,778 [grpc-default-executor-4] INFO  impl.RoleInfo (RoleInfo.java:updateAndGet(143)) - 78a2ca6d-ab27-408c-be71-e2595a145569: start FollowerState
2019-10-30 06:07:21,778 [Thread-886] INFO  impl.FollowerState (FollowerState.java:run(117)) - 47e59444-ad4b-4d8b-b6f4-160f3329f764@group-E99C5BDD80CF-FollowerState was interrupted: java.lang.InterruptedException: sleep interrupted
2019-10-30 06:07:21,793 [4b4c7497-a7ec-4f2a-a6c9-18b9f4a92a5f@group-E99C5BDD80CF-LeaderElection48] INFO  impl.LeaderElection (LeaderElection.java:logAndReturn(56)) - 4b4c7497-a7ec-4f2a-a6c9-18b9f4a92a5f@group-E99C5BDD80CF-LeaderElection48: Election REJECTED; received 2 response(s) [4b4c7497-a7ec-4f2a-a6c9-18b9f4a92a5f<-78a2ca6d-ab27-408c-be71-e2595a145569#0:FAIL-t43, 4b4c7497-a7ec-4f2a-a6c9-18b9f4a92a5f<-47e59444-ad4b-4d8b-b6f4-160f3329f764#0:FAIL-t43] and 0 exception(s); 4b4c7497-a7ec-4f2a-a6c9-18b9f4a92a5f@group-E99C5BDD80CF:t43, leader=null, voted=4b4c7497-a7ec-4f2a-a6c9-18b9f4a92a5f, raftlog=4b4c7497-a7ec-4f2a-a6c9-18b9f4a92a5f@group-E99C5BDD80CF-SegmentedRaftLog:OPENED:c3,f4,i4, conf=0: [78a2ca6d-ab27-408c-be71-e2595a145569:192.168.34.21:37717, 4b4c7497-a7ec-4f2a-a6c9-18b9f4a92a5f:192.168.34.21:41258, 47e59444-ad4b-4d8b-b6f4-160f3329f764:192.168.34.21:39722], old=null
2019-10-30 06:07:21,793 [4b4c7497-a7ec-4f2a-a6c9-18b9f4a92a5f@group-E99C5BDD80CF-LeaderElection48] INFO  impl.RaftServerImpl (RaftServerImpl.java:setRole(184)) - 4b4c7497-a7ec-4f2a-a6c9-18b9f4a92a5f@group-E99C5BDD80CF: changes role from CANDIDATE to FOLLOWER at term 43 for DISCOVERED_A_NEW_TERM
2019-10-30 06:07:21,793 [4b4c7497-a7ec-4f2a-a6c9-18b9f4a92a5f@group-E99C5BDD80CF-LeaderElection48] INFO  impl.RoleInfo (RoleInfo.java:shutdownLeaderElection(134)) - 4b4c7497-a7ec-4f2a-a6c9-18b9f4a92a5f: shutdown LeaderElection
2019-10-30 06:07:21,793 [4b4c7497-a7ec-4f2a-a6c9-18b9f4a92a5f@group-E99C5BDD80CF-LeaderElection48] INFO  impl.RoleInfo (RoleInfo.java:updateAndGet(143)) - 4b4c7497-a7ec-4f2a-a6c9-18b9f4a92a5f: start FollowerState
2019-10-30 06:07:21,832 [EventQueue-DeleteBlockStatusForDeletedBlockLogImpl] WARN  block.DeletedBlockLogImpl (DeletedBlockLogImpl.java:commitTransactions(205)) - Transaction txId=1 commit by dnId=4b4c7497-a7ec-4f2a-a6c9-18b9f4a92a5f for containerID=#1 failed. Corresponding entry not found.
2019-10-30 06:07:21,832 [EventQueue-DeleteBlockStatusForDeletedBlockLogImpl] WARN  block.DeletedBlockLogImpl (DeletedBlockLogImpl.java:commitTransactions(205)) - Transaction txId=1 commit by dnId=4b4c7497-a7ec-4f2a-a6c9-18b9f4a92a5f for containerID=#1 failed. Corresponding entry not found.
2019-10-30 06:07:21,832 [EventQueue-DeleteBlockStatusForDeletedBlockLogImpl] WARN  block.DeletedBlockLogImpl (DeletedBlockLogImpl.java:commitTransactions(205)) - Transaction txId=1 commit by dnId=4b4c7497-a7ec-4f2a-a6c9-18b9f4a92a5f for containerID=#1 failed. Corresponding entry not found.
2019-10-30 06:07:21,832 [EventQueue-DeleteBlockStatusForDeletedBlockLogImpl] WARN  block.DeletedBlockLogImpl (DeletedBlockLogImpl.java:commitTransactions(205)) - Transaction txId=1 commit by dnId=4b4c7497-a7ec-4f2a-a6c9-18b9f4a92a5f for containerID=#1 failed. Corresponding entry not found.
2019-10-30 06:07:21,833 [EventQueue-DeleteBlockStatusForDeletedBlockLogImpl] WARN  block.DeletedBlockLogImpl (DeletedBlockLogImpl.java:commitTransactions(205)) - Transaction txId=1 commit by dnId=4b4c7497-a7ec-4f2a-a6c9-18b9f4a92a5f for containerID=#1 failed. Corresponding entry not found.
2019-10-30 06:07:21,833 [EventQueue-DeleteBlockStatusForDeletedBlockLogImpl] WARN  block.DeletedBlockLogImpl (DeletedBlockLogImpl.java:commitTransactions(205)) - Transaction txId=1 commit by dnId=4b4c7497-a7ec-4f2a-a6c9-18b9f4a92a5f for containerID=#1 failed. Corresponding entry not found.
2019-10-30 06:07:21,833 [EventQueue-DeleteBlockStatusForDeletedBlockLogImpl] WARN  block.DeletedBlockLogImpl (DeletedBlockLogImpl.java:commitTransactions(205)) - Transaction txId=1 commit by dnId=4b4c7497-a7ec-4f2a-a6c9-18b9f4a92a5f for containerID=#1 failed. Corresponding entry not found.
2019-10-30 06:07:21,866 [Thread-895] INFO  impl.FollowerState (FollowerState.java:run(108)) - 47e59444-ad4b-4d8b-b6f4-160f3329f764@group-8F7C53609CC3-FollowerState: change to CANDIDATE, lastRpcTime:141ms, electionTimeout:141ms
2019-10-30 06:07:21,866 [Thread-895] INFO  impl.RoleInfo (RoleInfo.java:shutdownFollowerState(121)) - 47e59444-ad4b-4d8b-b6f4-160f3329f764: shutdown FollowerState
2019-10-30 06:07:21,866 [Thread-895] INFO  impl.RaftServerImpl (RaftServerImpl.java:setRole(184)) - 47e59444-ad4b-4d8b-b6f4-160f3329f764@group-8F7C53609CC3: changes role from  FOLLOWER to CANDIDATE at term 9 for changeToCandidate
2019-10-30 06:07:21,866 [Thread-895] INFO  impl.RoleInfo (RoleInfo.java:updateAndGet(143)) - 47e59444-ad4b-4d8b-b6f4-160f3329f764: start LeaderElection
2019-10-30 06:07:21,879 [47e59444-ad4b-4d8b-b6f4-160f3329f764@group-8F7C53609CC3-LeaderElection49] INFO  impl.LeaderElection (LeaderElection.java:askForVotes(178)) - 47e59444-ad4b-4d8b-b6f4-160f3329f764@group-8F7C53609CC3-LeaderElection49: begin an election at term 10 for -1: [78a2ca6d-ab27-408c-be71-e2595a145569:192.168.34.21:37717, 4b4c7497-a7ec-4f2a-a6c9-18b9f4a92a5f:192.168.34.21:41258, 47e59444-ad4b-4d8b-b6f4-160f3329f764:192.168.34.21:39722], old=null
2019-10-30 06:07:21,881 [grpc-default-executor-3] INFO  impl.RaftServerImpl (RaftServerImpl.java:setRole(184)) - 4b4c7497-a7ec-4f2a-a6c9-18b9f4a92a5f@group-8F7C53609CC3: changes role from  FOLLOWER to FOLLOWER at term 10 for recognizeCandidate:47e59444-ad4b-4d8b-b6f4-160f3329f764
2019-10-30 06:07:21,881 [grpc-default-executor-4] INFO  impl.RaftServerImpl (RaftServerImpl.java:setRole(184)) - 78a2ca6d-ab27-408c-be71-e2595a145569@group-8F7C53609CC3: changes role from  FOLLOWER to FOLLOWER at term 10 for recognizeCandidate:47e59444-ad4b-4d8b-b6f4-160f3329f764
2019-10-30 06:07:21,881 [grpc-default-executor-3] INFO  impl.RoleInfo (RoleInfo.java:shutdownFollowerState(121)) - 4b4c7497-a7ec-4f2a-a6c9-18b9f4a92a5f: shutdown FollowerState
2019-10-30 06:07:21,881 [grpc-default-executor-4] INFO  impl.RoleInfo (RoleInfo.java:shutdownFollowerState(121)) - 78a2ca6d-ab27-408c-be71-e2595a145569: shutdown FollowerState
2019-10-30 06:07:21,882 [Thread-894] INFO  impl.FollowerState (FollowerState.java:run(117)) - 4b4c7497-a7ec-4f2a-a6c9-18b9f4a92a5f@group-8F7C53609CC3-FollowerState was interrupted: java.lang.InterruptedException: sleep interrupted
2019-10-30 06:07:21,882 [Thread-893] INFO  impl.FollowerState (FollowerState.java:run(117)) - 78a2ca6d-ab27-408c-be71-e2595a145569@group-8F7C53609CC3-FollowerState was interrupted: java.lang.InterruptedException: sleep interrupted
2019-10-30 06:07:21,882 [grpc-default-executor-3] INFO  impl.RoleInfo (RoleInfo.java:updateAndGet(143)) - 4b4c7497-a7ec-4f2a-a6c9-18b9f4a92a5f: start FollowerState
2019-10-30 06:07:21,882 [grpc-default-executor-4] INFO  impl.RoleInfo (RoleInfo.java:updateAndGet(143)) - 78a2ca6d-ab27-408c-be71-e2595a145569: start FollowerState
2019-10-30 06:07:21,892 [Thread-908] INFO  client.GrpcClientProtocolService (GrpcClientProtocolService.java:lambda$processClientRequest$0(278)) - Failed RaftClientRequest:client-B8CB26F2FF35->78a2ca6d-ab27-408c-be71-e2595a145569@group-E99C5BDD80CF, cid=10, seq=0, Watch-ALL_COMMITTED(6), Message:<EMPTY>, reply=RaftClientReply:client-B8CB26F2FF35->78a2ca6d-ab27-408c-be71-e2595a145569@group-E99C5BDD80CF, cid=10, FAILED org.apache.ratis.protocol.NotLeaderException: Server 78a2ca6d-ab27-408c-be71-e2595a145569@group-E99C5BDD80CF is not the leader, logIndex=0, commits[78a2ca6d-ab27-408c-be71-e2595a145569:c10, 4b4c7497-a7ec-4f2a-a6c9-18b9f4a92a5f:c4, 47e59444-ad4b-4d8b-b6f4-160f3329f764:c10]
2019-10-30 06:07:21,913 [47e59444-ad4b-4d8b-b6f4-160f3329f764@group-8F7C53609CC3-LeaderElection49] INFO  impl.LeaderElection (LeaderElection.java:logAndReturn(56)) - 47e59444-ad4b-4d8b-b6f4-160f3329f764@group-8F7C53609CC3-LeaderElection49: Election REJECTED; received 2 response(s) [47e59444-ad4b-4d8b-b6f4-160f3329f764<-4b4c7497-a7ec-4f2a-a6c9-18b9f4a92a5f#0:FAIL-t10, 47e59444-ad4b-4d8b-b6f4-160f3329f764<-78a2ca6d-ab27-408c-be71-e2595a145569#0:FAIL-t10] and 0 exception(s); 47e59444-ad4b-4d8b-b6f4-160f3329f764@group-8F7C53609CC3:t10, leader=null, voted=47e59444-ad4b-4d8b-b6f4-160f3329f764, raftlog=47e59444-ad4b-4d8b-b6f4-160f3329f764@group-8F7C53609CC3-SegmentedRaftLog:OPENED:c-1,f-1,i0, conf=-1: [78a2ca6d-ab27-408c-be71-e2595a145569:192.168.34.21:37717, 4b4c7497-a7ec-4f2a-a6c9-18b9f4a92a5f:192.168.34.21:41258, 47e59444-ad4b-4d8b-b6f4-160f3329f764:192.168.34.21:39722], old=null
2019-10-30 06:07:21,913 [47e59444-ad4b-4d8b-b6f4-160f3329f764@group-8F7C53609CC3-LeaderElection49] INFO  impl.RaftServerImpl (RaftServerImpl.java:setRole(184)) - 47e59444-ad4b-4d8b-b6f4-160f3329f764@group-8F7C53609CC3: changes role from CANDIDATE to FOLLOWER at term 10 for DISCOVERED_A_NEW_TERM
2019-10-30 06:07:21,913 [47e59444-ad4b-4d8b-b6f4-160f3329f764@group-8F7C53609CC3-LeaderElection49] INFO  impl.RoleInfo (RoleInfo.java:shutdownLeaderElection(134)) - 47e59444-ad4b-4d8b-b6f4-160f3329f764: shutdown LeaderElection
2019-10-30 06:07:21,913 [47e59444-ad4b-4d8b-b6f4-160f3329f764@group-8F7C53609CC3-LeaderElection49] INFO  impl.RoleInfo (RoleInfo.java:updateAndGet(143)) - 47e59444-ad4b-4d8b-b6f4-160f3329f764: start FollowerState
2019-10-30 06:07:21,930 [Thread-901] INFO  impl.FollowerState (FollowerState.java:run(108)) - 4b4c7497-a7ec-4f2a-a6c9-18b9f4a92a5f@group-E99C5BDD80CF-FollowerState: change to CANDIDATE, lastRpcTime:137ms, electionTimeout:137ms
2019-10-30 06:07:21,931 [Thread-901] INFO  impl.RoleInfo (RoleInfo.java:shutdownFollowerState(121)) - 4b4c7497-a7ec-4f2a-a6c9-18b9f4a92a5f: shutdown FollowerState
2019-10-30 06:07:21,931 [Thread-901] INFO  impl.RaftServerImpl (RaftServerImpl.java:setRole(184)) - 4b4c7497-a7ec-4f2a-a6c9-18b9f4a92a5f@group-E99C5BDD80CF: changes role from  FOLLOWER to CANDIDATE at term 43 for changeToCandidate
2019-10-30 06:07:21,931 [Thread-901] INFO  impl.RoleInfo (RoleInfo.java:updateAndGet(143)) - 4b4c7497-a7ec-4f2a-a6c9-18b9f4a92a5f: start LeaderElection
2019-10-30 06:07:21,966 [4b4c7497-a7ec-4f2a-a6c9-18b9f4a92a5f@group-E99C5BDD80CF-LeaderElection50] INFO  impl.LeaderElection (LeaderElection.java:askForVotes(178)) - 4b4c7497-a7ec-4f2a-a6c9-18b9f4a92a5f@group-E99C5BDD80CF-LeaderElection50: begin an election at term 44 for 0: [78a2ca6d-ab27-408c-be71-e2595a145569:192.168.34.21:37717, 4b4c7497-a7ec-4f2a-a6c9-18b9f4a92a5f:192.168.34.21:41258, 47e59444-ad4b-4d8b-b6f4-160f3329f764:192.168.34.21:39722], old=null
2019-10-30 06:07:21,969 [grpc-default-executor-4] INFO  impl.RaftServerImpl (RaftServerImpl.java:setRole(184)) - 47e59444-ad4b-4d8b-b6f4-160f3329f764@group-E99C5BDD80CF: changes role from  FOLLOWER to FOLLOWER at term 44 for recognizeCandidate:4b4c7497-a7ec-4f2a-a6c9-18b9f4a92a5f
2019-10-30 06:07:21,969 [grpc-default-executor-3] INFO  impl.RaftServerImpl (RaftServerImpl.java:setRole(184)) - 78a2ca6d-ab27-408c-be71-e2595a145569@group-E99C5BDD80CF: changes role from  FOLLOWER to FOLLOWER at term 44 for recognizeCandidate:4b4c7497-a7ec-4f2a-a6c9-18b9f4a92a5f
2019-10-30 06:07:21,969 [grpc-default-executor-4] INFO  impl.RoleInfo (RoleInfo.java:shutdownFollowerState(121)) - 47e59444-ad4b-4d8b-b6f4-160f3329f764: shutdown FollowerState
2019-10-30 06:07:21,969 [grpc-default-executor-3] INFO  impl.RoleInfo (RoleInfo.java:shutdownFollowerState(121)) - 78a2ca6d-ab27-408c-be71-e2595a145569: shutdown FollowerState
2019-10-30 06:07:21,969 [Thread-900] INFO  impl.FollowerState (FollowerState.java:run(117)) - 47e59444-ad4b-4d8b-b6f4-160f3329f764@group-E99C5BDD80CF-FollowerState was interrupted: java.lang.InterruptedException: sleep interrupted
2019-10-30 06:07:21,969 [grpc-default-executor-4] INFO  impl.RoleInfo (RoleInfo.java:updateAndGet(143)) - 47e59444-ad4b-4d8b-b6f4-160f3329f764: start FollowerState
2019-10-30 06:07:21,969 [Thread-899] INFO  impl.FollowerState (FollowerState.java:run(117)) - 78a2ca6d-ab27-408c-be71-e2595a145569@group-E99C5BDD80CF-FollowerState was interrupted: java.lang.InterruptedException: sleep interrupted
2019-10-30 06:07:21,969 [grpc-default-executor-3] INFO  impl.RoleInfo (RoleInfo.java:updateAndGet(143)) - 78a2ca6d-ab27-408c-be71-e2595a145569: start FollowerState
2019-10-30 06:07:21,995 [4b4c7497-a7ec-4f2a-a6c9-18b9f4a92a5f@group-E99C5BDD80CF-LeaderElection50] INFO  impl.LeaderElection (LeaderElection.java:logAndReturn(56)) - 4b4c7497-a7ec-4f2a-a6c9-18b9f4a92a5f@group-E99C5BDD80CF-LeaderElection50: Election REJECTED; received 2 response(s) [4b4c7497-a7ec-4f2a-a6c9-18b9f4a92a5f<-78a2ca6d-ab27-408c-be71-e2595a145569#0:FAIL-t44, 4b4c7497-a7ec-4f2a-a6c9-18b9f4a92a5f<-47e59444-ad4b-4d8b-b6f4-160f3329f764#0:FAIL-t44] and 0 exception(s); 4b4c7497-a7ec-4f2a-a6c9-18b9f4a92a5f@group-E99C5BDD80CF:t44, leader=null, voted=4b4c7497-a7ec-4f2a-a6c9-18b9f4a92a5f, raftlog=4b4c7497-a7ec-4f2a-a6c9-18b9f4a92a5f@group-E99C5BDD80CF-SegmentedRaftLog:OPENED:c3,f4,i4, conf=0: [78a2ca6d-ab27-408c-be71-e2595a145569:192.168.34.21:37717, 4b4c7497-a7ec-4f2a-a6c9-18b9f4a92a5f:192.168.34.21:41258, 47e59444-ad4b-4d8b-b6f4-160f3329f764:192.168.34.21:39722], old=null
2019-10-30 06:07:21,996 [4b4c7497-a7ec-4f2a-a6c9-18b9f4a92a5f@group-E99C5BDD80CF-LeaderElection50] INFO  impl.RaftServerImpl (RaftServerImpl.java:setRole(184)) - 4b4c7497-a7ec-4f2a-a6c9-18b9f4a92a5f@group-E99C5BDD80CF: changes role from CANDIDATE to FOLLOWER at term 44 for DISCOVERED_A_NEW_TERM
2019-10-30 06:07:21,996 [4b4c7497-a7ec-4f2a-a6c9-18b9f4a92a5f@group-E99C5BDD80CF-LeaderElection50] INFO  impl.RoleInfo (RoleInfo.java:shutdownLeaderElection(134)) - 4b4c7497-a7ec-4f2a-a6c9-18b9f4a92a5f: shutdown LeaderElection
2019-10-30 06:07:21,996 [4b4c7497-a7ec-4f2a-a6c9-18b9f4a92a5f@group-E99C5BDD80CF-LeaderElection50] INFO  impl.RoleInfo (RoleInfo.java:updateAndGet(143)) - 4b4c7497-a7ec-4f2a-a6c9-18b9f4a92a5f: start FollowerState
2019-10-30 06:07:22,030 [Thread-916] INFO  impl.FollowerState (FollowerState.java:run(108)) - 4b4c7497-a7ec-4f2a-a6c9-18b9f4a92a5f@group-E99C5BDD80CF-FollowerState: change to CANDIDATE, lastRpcTime:34ms, electionTimeout:34ms
2019-10-30 06:07:22,031 [Thread-916] INFO  impl.RoleInfo (RoleInfo.java:shutdownFollowerState(121)) - 4b4c7497-a7ec-4f2a-a6c9-18b9f4a92a5f: shutdown FollowerState
2019-10-30 06:07:22,031 [Thread-916] INFO  impl.RaftServerImpl (RaftServerImpl.java:setRole(184)) - 4b4c7497-a7ec-4f2a-a6c9-18b9f4a92a5f@group-E99C5BDD80CF: changes role from  FOLLOWER to CANDIDATE at term 44 for changeToCandidate
2019-10-30 06:07:22,031 [Thread-916] INFO  impl.RoleInfo (RoleInfo.java:updateAndGet(143)) - 4b4c7497-a7ec-4f2a-a6c9-18b9f4a92a5f: start LeaderElection
2019-10-30 06:07:22,044 [4b4c7497-a7ec-4f2a-a6c9-18b9f4a92a5f@group-E99C5BDD80CF-LeaderElection51] INFO  impl.LeaderElection (LeaderElection.java:askForVotes(178)) - 4b4c7497-a7ec-4f2a-a6c9-18b9f4a92a5f@group-E99C5BDD80CF-LeaderElection51: begin an election at term 45 for 0: [78a2ca6d-ab27-408c-be71-e2595a145569:192.168.34.21:37717, 4b4c7497-a7ec-4f2a-a6c9-18b9f4a92a5f:192.168.34.21:41258, 47e59444-ad4b-4d8b-b6f4-160f3329f764:192.168.34.21:39722], old=null
2019-10-30 06:07:22,046 [grpc-default-executor-3] INFO  impl.RaftServerImpl (RaftServerImpl.java:setRole(184)) - 47e59444-ad4b-4d8b-b6f4-160f3329f764@group-E99C5BDD80CF: changes role from  FOLLOWER to FOLLOWER at term 45 for recognizeCandidate:4b4c7497-a7ec-4f2a-a6c9-18b9f4a92a5f
2019-10-30 06:07:22,046 [grpc-default-executor-4] INFO  impl.RaftServerImpl (RaftServerImpl.java:setRole(184)) - 78a2ca6d-ab27-408c-be71-e2595a145569@group-E99C5BDD80CF: changes role from  FOLLOWER to FOLLOWER at term 45 for recognizeCandidate:4b4c7497-a7ec-4f2a-a6c9-18b9f4a92a5f
2019-10-30 06:07:22,047 [grpc-default-executor-3] INFO  impl.RoleInfo (RoleInfo.java:shutdownFollowerState(121)) - 47e59444-ad4b-4d8b-b6f4-160f3329f764: shutdown FollowerState
2019-10-30 06:07:22,047 [grpc-default-executor-4] INFO  impl.RoleInfo (RoleInfo.java:shutdownFollowerState(121)) - 78a2ca6d-ab27-408c-be71-e2595a145569: shutdown FollowerState
2019-10-30 06:07:22,047 [Thread-914] INFO  impl.FollowerState (FollowerState.java:run(117)) - 47e59444-ad4b-4d8b-b6f4-160f3329f764@group-E99C5BDD80CF-FollowerState was interrupted: java.lang.InterruptedException: sleep interrupted
2019-10-30 06:07:22,047 [grpc-default-executor-3] INFO  impl.RoleInfo (RoleInfo.java:updateAndGet(143)) - 47e59444-ad4b-4d8b-b6f4-160f3329f764: start FollowerState
2019-10-30 06:07:22,047 [Thread-915] INFO  impl.FollowerState (FollowerState.java:run(117)) - 78a2ca6d-ab27-408c-be71-e2595a145569@group-E99C5BDD80CF-FollowerState was interrupted: java.lang.InterruptedException: sleep interrupted
2019-10-30 06:07:22,047 [grpc-default-executor-4] INFO  impl.RoleInfo (RoleInfo.java:updateAndGet(143)) - 78a2ca6d-ab27-408c-be71-e2595a145569: start FollowerState
2019-10-30 06:07:22,074 [4b4c7497-a7ec-4f2a-a6c9-18b9f4a92a5f@group-E99C5BDD80CF-LeaderElection51] INFO  impl.LeaderElection (LeaderElection.java:logAndReturn(56)) - 4b4c7497-a7ec-4f2a-a6c9-18b9f4a92a5f@group-E99C5BDD80CF-LeaderElection51: Election REJECTED; received 2 response(s) [4b4c7497-a7ec-4f2a-a6c9-18b9f4a92a5f<-78a2ca6d-ab27-408c-be71-e2595a145569#0:FAIL-t45, 4b4c7497-a7ec-4f2a-a6c9-18b9f4a92a5f<-47e59444-ad4b-4d8b-b6f4-160f3329f764#0:FAIL-t45] and 0 exception(s); 4b4c7497-a7ec-4f2a-a6c9-18b9f4a92a5f@group-E99C5BDD80CF:t45, leader=null, voted=4b4c7497-a7ec-4f2a-a6c9-18b9f4a92a5f, raftlog=4b4c7497-a7ec-4f2a-a6c9-18b9f4a92a5f@group-E99C5BDD80CF-SegmentedRaftLog:OPENED:c3,f4,i4, conf=0: [78a2ca6d-ab27-408c-be71-e2595a145569:192.168.34.21:37717, 4b4c7497-a7ec-4f2a-a6c9-18b9f4a92a5f:192.168.34.21:41258, 47e59444-ad4b-4d8b-b6f4-160f3329f764:192.168.34.21:39722], old=null
2019-10-30 06:07:22,074 [4b4c7497-a7ec-4f2a-a6c9-18b9f4a92a5f@group-E99C5BDD80CF-LeaderElection51] INFO  impl.RaftServerImpl (RaftServerImpl.java:setRole(184)) - 4b4c7497-a7ec-4f2a-a6c9-18b9f4a92a5f@group-E99C5BDD80CF: changes role from CANDIDATE to FOLLOWER at term 45 for DISCOVERED_A_NEW_TERM
2019-10-30 06:07:22,074 [4b4c7497-a7ec-4f2a-a6c9-18b9f4a92a5f@group-E99C5BDD80CF-LeaderElection51] INFO  impl.RoleInfo (RoleInfo.java:shutdownLeaderElection(134)) - 4b4c7497-a7ec-4f2a-a6c9-18b9f4a92a5f: shutdown LeaderElection
2019-10-30 06:07:22,074 [4b4c7497-a7ec-4f2a-a6c9-18b9f4a92a5f@group-E99C5BDD80CF-LeaderElection51] INFO  impl.RoleInfo (RoleInfo.java:updateAndGet(143)) - 4b4c7497-a7ec-4f2a-a6c9-18b9f4a92a5f: start FollowerState
2019-10-30 06:07:22,112 [Thread-910] INFO  impl.FollowerState (FollowerState.java:run(108)) - 47e59444-ad4b-4d8b-b6f4-160f3329f764@group-8F7C53609CC3-FollowerState: change to CANDIDATE, lastRpcTime:199ms, electionTimeout:199ms
2019-10-30 06:07:22,113 [Thread-910] INFO  impl.RoleInfo (RoleInfo.java:shutdownFollowerState(121)) - 47e59444-ad4b-4d8b-b6f4-160f3329f764: shutdown FollowerState
2019-10-30 06:07:22,113 [Thread-910] INFO  impl.RaftServerImpl (RaftServerImpl.java:setRole(184)) - 47e59444-ad4b-4d8b-b6f4-160f3329f764@group-8F7C53609CC3: changes role from  FOLLOWER to CANDIDATE at term 10 for changeToCandidate
2019-10-30 06:07:22,113 [Thread-910] INFO  impl.RoleInfo (RoleInfo.java:updateAndGet(143)) - 47e59444-ad4b-4d8b-b6f4-160f3329f764: start LeaderElection
2019-10-30 06:07:22,126 [47e59444-ad4b-4d8b-b6f4-160f3329f764@group-8F7C53609CC3-LeaderElection52] INFO  impl.LeaderElection (LeaderElection.java:askForVotes(178)) - 47e59444-ad4b-4d8b-b6f4-160f3329f764@group-8F7C53609CC3-LeaderElection52: begin an election at term 11 for -1: [78a2ca6d-ab27-408c-be71-e2595a145569:192.168.34.21:37717, 4b4c7497-a7ec-4f2a-a6c9-18b9f4a92a5f:192.168.34.21:41258, 47e59444-ad4b-4d8b-b6f4-160f3329f764:192.168.34.21:39722], old=null
2019-10-30 06:07:22,128 [grpc-default-executor-3] INFO  impl.RaftServerImpl (RaftServerImpl.java:setRole(184)) - 4b4c7497-a7ec-4f2a-a6c9-18b9f4a92a5f@group-8F7C53609CC3: changes role from  FOLLOWER to FOLLOWER at term 11 for recognizeCandidate:47e59444-ad4b-4d8b-b6f4-160f3329f764
2019-10-30 06:07:22,128 [grpc-default-executor-3] INFO  impl.RoleInfo (RoleInfo.java:shutdownFollowerState(121)) - 4b4c7497-a7ec-4f2a-a6c9-18b9f4a92a5f: shutdown FollowerState
2019-10-30 06:07:22,129 [grpc-default-executor-3] INFO  impl.RoleInfo (RoleInfo.java:updateAndGet(143)) - 4b4c7497-a7ec-4f2a-a6c9-18b9f4a92a5f: start FollowerState
2019-10-30 06:07:22,129 [grpc-default-executor-4] INFO  impl.RaftServerImpl (RaftServerImpl.java:setRole(184)) - 78a2ca6d-ab27-408c-be71-e2595a145569@group-8F7C53609CC3: changes role from  FOLLOWER to FOLLOWER at term 11 for recognizeCandidate:47e59444-ad4b-4d8b-b6f4-160f3329f764
2019-10-30 06:07:22,129 [Thread-905] INFO  impl.FollowerState (FollowerState.java:run(117)) - 4b4c7497-a7ec-4f2a-a6c9-18b9f4a92a5f@group-8F7C53609CC3-FollowerState was interrupted: java.lang.InterruptedException: sleep interrupted
2019-10-30 06:07:22,129 [grpc-default-executor-4] INFO  impl.RoleInfo (RoleInfo.java:shutdownFollowerState(121)) - 78a2ca6d-ab27-408c-be71-e2595a145569: shutdown FollowerState
2019-10-30 06:07:22,129 [grpc-default-executor-4] INFO  impl.RoleInfo (RoleInfo.java:updateAndGet(143)) - 78a2ca6d-ab27-408c-be71-e2595a145569: start FollowerState
2019-10-30 06:07:22,129 [Thread-906] INFO  impl.FollowerState (FollowerState.java:run(117)) - 78a2ca6d-ab27-408c-be71-e2595a145569@group-8F7C53609CC3-FollowerState was interrupted: java.lang.InterruptedException: sleep interrupted
2019-10-30 06:07:22,154 [47e59444-ad4b-4d8b-b6f4-160f3329f764@group-8F7C53609CC3-LeaderElection52] INFO  impl.LeaderElection (LeaderElection.java:logAndReturn(56)) - 47e59444-ad4b-4d8b-b6f4-160f3329f764@group-8F7C53609CC3-LeaderElection52: Election REJECTED; received 2 response(s) [47e59444-ad4b-4d8b-b6f4-160f3329f764<-78a2ca6d-ab27-408c-be71-e2595a145569#0:FAIL-t11, 47e59444-ad4b-4d8b-b6f4-160f3329f764<-4b4c7497-a7ec-4f2a-a6c9-18b9f4a92a5f#0:FAIL-t11] and 0 exception(s); 47e59444-ad4b-4d8b-b6f4-160f3329f764@group-8F7C53609CC3:t11, leader=null, voted=47e59444-ad4b-4d8b-b6f4-160f3329f764, raftlog=47e59444-ad4b-4d8b-b6f4-160f3329f764@group-8F7C53609CC3-SegmentedRaftLog:OPENED:c-1,f-1,i0, conf=-1: [78a2ca6d-ab27-408c-be71-e2595a145569:192.168.34.21:37717, 4b4c7497-a7ec-4f2a-a6c9-18b9f4a92a5f:192.168.34.21:41258, 47e59444-ad4b-4d8b-b6f4-160f3329f764:192.168.34.21:39722], old=null
2019-10-30 06:07:22,155 [47e59444-ad4b-4d8b-b6f4-160f3329f764@group-8F7C53609CC3-LeaderElection52] INFO  impl.RaftServerImpl (RaftServerImpl.java:setRole(184)) - 47e59444-ad4b-4d8b-b6f4-160f3329f764@group-8F7C53609CC3: changes role from CANDIDATE to FOLLOWER at term 11 for DISCOVERED_A_NEW_TERM
2019-10-30 06:07:22,155 [47e59444-ad4b-4d8b-b6f4-160f3329f764@group-8F7C53609CC3-LeaderElection52] INFO  impl.RoleInfo (RoleInfo.java:shutdownLeaderElection(134)) - 47e59444-ad4b-4d8b-b6f4-160f3329f764: shutdown LeaderElection
2019-10-30 06:07:22,155 [47e59444-ad4b-4d8b-b6f4-160f3329f764@group-8F7C53609CC3-LeaderElection52] INFO  impl.RoleInfo (RoleInfo.java:updateAndGet(143)) - 47e59444-ad4b-4d8b-b6f4-160f3329f764: start FollowerState
2019-10-30 06:07:22,167 [Thread-928] INFO  impl.FollowerState (FollowerState.java:run(108)) - 47e59444-ad4b-4d8b-b6f4-160f3329f764@group-8F7C53609CC3-FollowerState: change to CANDIDATE, lastRpcTime:12ms, electionTimeout:12ms
2019-10-30 06:07:22,167 [Thread-928] INFO  impl.RoleInfo (RoleInfo.java:shutdownFollowerState(121)) - 47e59444-ad4b-4d8b-b6f4-160f3329f764: shutdown FollowerState
2019-10-30 06:07:22,168 [Thread-928] INFO  impl.RaftServerImpl (RaftServerImpl.java:setRole(184)) - 47e59444-ad4b-4d8b-b6f4-160f3329f764@group-8F7C53609CC3: changes role from  FOLLOWER to CANDIDATE at term 11 for changeToCandidate
2019-10-30 06:07:22,168 [Thread-928] INFO  impl.RoleInfo (RoleInfo.java:updateAndGet(143)) - 47e59444-ad4b-4d8b-b6f4-160f3329f764: start LeaderElection
2019-10-30 06:07:22,174 [47e59444-ad4b-4d8b-b6f4-160f3329f764@group-8F7C53609CC3-LeaderElection53] INFO  impl.LeaderElection (LeaderElection.java:askForVotes(178)) - 47e59444-ad4b-4d8b-b6f4-160f3329f764@group-8F7C53609CC3-LeaderElection53: begin an election at term 12 for -1: [78a2ca6d-ab27-408c-be71-e2595a145569:192.168.34.21:37717, 4b4c7497-a7ec-4f2a-a6c9-18b9f4a92a5f:192.168.34.21:41258, 47e59444-ad4b-4d8b-b6f4-160f3329f764:192.168.34.21:39722], old=null
2019-10-30 06:07:22,176 [grpc-default-executor-4] INFO  impl.RaftServerImpl (RaftServerImpl.java:setRole(184)) - 78a2ca6d-ab27-408c-be71-e2595a145569@group-8F7C53609CC3: changes role from  FOLLOWER to FOLLOWER at term 12 for recognizeCandidate:47e59444-ad4b-4d8b-b6f4-160f3329f764
2019-10-30 06:07:22,176 [grpc-default-executor-4] INFO  impl.RoleInfo (RoleInfo.java:shutdownFollowerState(121)) - 78a2ca6d-ab27-408c-be71-e2595a145569: shutdown FollowerState
2019-10-30 06:07:22,176 [grpc-default-executor-3] INFO  impl.RaftServerImpl (RaftServerImpl.java:setRole(184)) - 4b4c7497-a7ec-4f2a-a6c9-18b9f4a92a5f@group-8F7C53609CC3: changes role from  FOLLOWER to FOLLOWER at term 12 for recognizeCandidate:47e59444-ad4b-4d8b-b6f4-160f3329f764
2019-10-30 06:07:22,176 [Thread-927] INFO  impl.FollowerState (FollowerState.java:run(117)) - 78a2ca6d-ab27-408c-be71-e2595a145569@group-8F7C53609CC3-FollowerState was interrupted: java.lang.InterruptedException: sleep interrupted
2019-10-30 06:07:22,176 [grpc-default-executor-4] INFO  impl.RoleInfo (RoleInfo.java:updateAndGet(143)) - 78a2ca6d-ab27-408c-be71-e2595a145569: start FollowerState
2019-10-30 06:07:22,177 [grpc-default-executor-3] INFO  impl.RoleInfo (RoleInfo.java:shutdownFollowerState(121)) - 4b4c7497-a7ec-4f2a-a6c9-18b9f4a92a5f: shutdown FollowerState
2019-10-30 06:07:22,177 [grpc-default-executor-3] INFO  impl.RoleInfo (RoleInfo.java:updateAndGet(143)) - 4b4c7497-a7ec-4f2a-a6c9-18b9f4a92a5f: start FollowerState
2019-10-30 06:07:22,177 [Thread-926] INFO  impl.FollowerState (FollowerState.java:run(117)) - 4b4c7497-a7ec-4f2a-a6c9-18b9f4a92a5f@group-8F7C53609CC3-FollowerState was interrupted: java.lang.InterruptedException: sleep interrupted
2019-10-30 06:07:22,192 [47e59444-ad4b-4d8b-b6f4-160f3329f764@group-8F7C53609CC3-LeaderElection53] INFO  impl.LeaderElection (LeaderElection.java:logAndReturn(56)) - 47e59444-ad4b-4d8b-b6f4-160f3329f764@group-8F7C53609CC3-LeaderElection53: Election REJECTED; received 2 response(s) [47e59444-ad4b-4d8b-b6f4-160f3329f764<-78a2ca6d-ab27-408c-be71-e2595a145569#0:FAIL-t12, 47e59444-ad4b-4d8b-b6f4-160f3329f764<-4b4c7497-a7ec-4f2a-a6c9-18b9f4a92a5f#0:FAIL-t12] and 0 exception(s); 47e59444-ad4b-4d8b-b6f4-160f3329f764@group-8F7C53609CC3:t12, leader=null, voted=47e59444-ad4b-4d8b-b6f4-160f3329f764, raftlog=47e59444-ad4b-4d8b-b6f4-160f3329f764@group-8F7C53609CC3-SegmentedRaftLog:OPENED:c-1,f-1,i0, conf=-1: [78a2ca6d-ab27-408c-be71-e2595a145569:192.168.34.21:37717, 4b4c7497-a7ec-4f2a-a6c9-18b9f4a92a5f:192.168.34.21:41258, 47e59444-ad4b-4d8b-b6f4-160f3329f764:192.168.34.21:39722], old=null
2019-10-30 06:07:22,192 [47e59444-ad4b-4d8b-b6f4-160f3329f764@group-8F7C53609CC3-LeaderElection53] INFO  impl.RaftServerImpl (RaftServerImpl.java:setRole(184)) - 47e59444-ad4b-4d8b-b6f4-160f3329f764@group-8F7C53609CC3: changes role from CANDIDATE to FOLLOWER at term 12 for DISCOVERED_A_NEW_TERM
2019-10-30 06:07:22,192 [47e59444-ad4b-4d8b-b6f4-160f3329f764@group-8F7C53609CC3-LeaderElection53] INFO  impl.RoleInfo (RoleInfo.java:shutdownLeaderElection(134)) - 47e59444-ad4b-4d8b-b6f4-160f3329f764: shutdown LeaderElection
2019-10-30 06:07:22,192 [47e59444-ad4b-4d8b-b6f4-160f3329f764@group-8F7C53609CC3-LeaderElection53] INFO  impl.RoleInfo (RoleInfo.java:updateAndGet(143)) - 47e59444-ad4b-4d8b-b6f4-160f3329f764: start FollowerState
2019-10-30 06:07:22,206 [Thread-922] INFO  impl.FollowerState (FollowerState.java:run(108)) - 4b4c7497-a7ec-4f2a-a6c9-18b9f4a92a5f@group-E99C5BDD80CF-FollowerState: change to CANDIDATE, lastRpcTime:131ms, electionTimeout:131ms
2019-10-30 06:07:22,206 [Thread-922] INFO  impl.RoleInfo (RoleInfo.java:shutdownFollowerState(121)) - 4b4c7497-a7ec-4f2a-a6c9-18b9f4a92a5f: shutdown FollowerState
2019-10-30 06:07:22,206 [Thread-922] INFO  impl.RaftServerImpl (RaftServerImpl.java:setRole(184)) - 4b4c7497-a7ec-4f2a-a6c9-18b9f4a92a5f@group-E99C5BDD80CF: changes role from  FOLLOWER to CANDIDATE at term 45 for changeToCandidate
2019-10-30 06:07:22,206 [Thread-922] INFO  impl.RoleInfo (RoleInfo.java:updateAndGet(143)) - 4b4c7497-a7ec-4f2a-a6c9-18b9f4a92a5f: start LeaderElection
2019-10-30 06:07:22,219 [4b4c7497-a7ec-4f2a-a6c9-18b9f4a92a5f@group-E99C5BDD80CF-LeaderElection54] INFO  impl.LeaderElection (LeaderElection.java:askForVotes(178)) - 4b4c7497-a7ec-4f2a-a6c9-18b9f4a92a5f@group-E99C5BDD80CF-LeaderElection54: begin an election at term 46 for 0: [78a2ca6d-ab27-408c-be71-e2595a145569:192.168.34.21:37717, 4b4c7497-a7ec-4f2a-a6c9-18b9f4a92a5f:192.168.34.21:41258, 47e59444-ad4b-4d8b-b6f4-160f3329f764:192.168.34.21:39722], old=null
2019-10-30 06:07:22,221 [grpc-default-executor-3] INFO  impl.RaftServerImpl (RaftServerImpl.java:setRole(184)) - 47e59444-ad4b-4d8b-b6f4-160f3329f764@group-E99C5BDD80CF: changes role from  FOLLOWER to FOLLOWER at term 46 for recognizeCandidate:4b4c7497-a7ec-4f2a-a6c9-18b9f4a92a5f
2019-10-30 06:07:22,221 [grpc-default-executor-3] INFO  impl.RoleInfo (RoleInfo.java:shutdownFollowerState(121)) - 47e59444-ad4b-4d8b-b6f4-160f3329f764: shutdown FollowerState
2019-10-30 06:07:22,221 [grpc-default-executor-4] INFO  impl.RaftServerImpl (RaftServerImpl.java:setRole(184)) - 78a2ca6d-ab27-408c-be71-e2595a145569@group-E99C5BDD80CF: changes role from  FOLLOWER to FOLLOWER at term 46 for recognizeCandidate:4b4c7497-a7ec-4f2a-a6c9-18b9f4a92a5f
2019-10-30 06:07:22,222 [Thread-920] INFO  impl.FollowerState (FollowerState.java:run(117)) - 47e59444-ad4b-4d8b-b6f4-160f3329f764@group-E99C5BDD80CF-FollowerState was interrupted: java.lang.InterruptedException: sleep interrupted
2019-10-30 06:07:22,222 [grpc-default-executor-3] INFO  impl.RoleInfo (RoleInfo.java:updateAndGet(143)) - 47e59444-ad4b-4d8b-b6f4-160f3329f764: start FollowerState
2019-10-30 06:07:22,222 [grpc-default-executor-4] INFO  impl.RoleInfo (RoleInfo.java:shutdownFollowerState(121)) - 78a2ca6d-ab27-408c-be71-e2595a145569: shutdown FollowerState
2019-10-30 06:07:22,222 [grpc-default-executor-4] INFO  impl.RoleInfo (RoleInfo.java:updateAndGet(143)) - 78a2ca6d-ab27-408c-be71-e2595a145569: start FollowerState
2019-10-30 06:07:22,222 [Thread-921] INFO  impl.FollowerState (FollowerState.java:run(117)) - 78a2ca6d-ab27-408c-be71-e2595a145569@group-E99C5BDD80CF-FollowerState was interrupted: java.lang.InterruptedException: sleep interrupted
2019-10-30 06:07:22,237 [4b4c7497-a7ec-4f2a-a6c9-18b9f4a92a5f@group-E99C5BDD80CF-LeaderElection54] INFO  impl.LeaderElection (LeaderElection.java:logAndReturn(56)) - 4b4c7497-a7ec-4f2a-a6c9-18b9f4a92a5f@group-E99C5BDD80CF-LeaderElection54: Election REJECTED; received 2 response(s) [4b4c7497-a7ec-4f2a-a6c9-18b9f4a92a5f<-78a2ca6d-ab27-408c-be71-e2595a145569#0:FAIL-t46, 4b4c7497-a7ec-4f2a-a6c9-18b9f4a92a5f<-47e59444-ad4b-4d8b-b6f4-160f3329f764#0:FAIL-t46] and 0 exception(s); 4b4c7497-a7ec-4f2a-a6c9-18b9f4a92a5f@group-E99C5BDD80CF:t46, leader=null, voted=4b4c7497-a7ec-4f2a-a6c9-18b9f4a92a5f, raftlog=4b4c7497-a7ec-4f2a-a6c9-18b9f4a92a5f@group-E99C5BDD80CF-SegmentedRaftLog:OPENED:c3,f4,i4, conf=0: [78a2ca6d-ab27-408c-be71-e2595a145569:192.168.34.21:37717, 4b4c7497-a7ec-4f2a-a6c9-18b9f4a92a5f:192.168.34.21:41258, 47e59444-ad4b-4d8b-b6f4-160f3329f764:192.168.34.21:39722], old=null
2019-10-30 06:07:22,237 [4b4c7497-a7ec-4f2a-a6c9-18b9f4a92a5f@group-E99C5BDD80CF-LeaderElection54] INFO  impl.RaftServerImpl (RaftServerImpl.java:setRole(184)) - 4b4c7497-a7ec-4f2a-a6c9-18b9f4a92a5f@group-E99C5BDD80CF: changes role from CANDIDATE to FOLLOWER at term 46 for DISCOVERED_A_NEW_TERM
2019-10-30 06:07:22,237 [4b4c7497-a7ec-4f2a-a6c9-18b9f4a92a5f@group-E99C5BDD80CF-LeaderElection54] INFO  impl.RoleInfo (RoleInfo.java:shutdownLeaderElection(134)) - 4b4c7497-a7ec-4f2a-a6c9-18b9f4a92a5f: shutdown LeaderElection
2019-10-30 06:07:22,237 [4b4c7497-a7ec-4f2a-a6c9-18b9f4a92a5f@group-E99C5BDD80CF-LeaderElection54] INFO  impl.RoleInfo (RoleInfo.java:updateAndGet(143)) - 4b4c7497-a7ec-4f2a-a6c9-18b9f4a92a5f: start FollowerState
2019-10-30 06:07:22,253 [Thread-934] INFO  impl.FollowerState (FollowerState.java:run(108)) - 47e59444-ad4b-4d8b-b6f4-160f3329f764@group-8F7C53609CC3-FollowerState: change to CANDIDATE, lastRpcTime:61ms, electionTimeout:61ms
2019-10-30 06:07:22,254 [Thread-934] INFO  impl.RoleInfo (RoleInfo.java:shutdownFollowerState(121)) - 47e59444-ad4b-4d8b-b6f4-160f3329f764: shutdown FollowerState
2019-10-30 06:07:22,254 [Thread-934] INFO  impl.RaftServerImpl (RaftServerImpl.java:setRole(184)) - 47e59444-ad4b-4d8b-b6f4-160f3329f764@group-8F7C53609CC3: changes role from  FOLLOWER to CANDIDATE at term 12 for changeToCandidate
2019-10-30 06:07:22,254 [Thread-934] INFO  impl.RoleInfo (RoleInfo.java:updateAndGet(143)) - 47e59444-ad4b-4d8b-b6f4-160f3329f764: start LeaderElection
2019-10-30 06:07:22,266 [47e59444-ad4b-4d8b-b6f4-160f3329f764@group-8F7C53609CC3-LeaderElection55] INFO  impl.LeaderElection (LeaderElection.java:askForVotes(178)) - 47e59444-ad4b-4d8b-b6f4-160f3329f764@group-8F7C53609CC3-LeaderElection55: begin an election at term 13 for -1: [78a2ca6d-ab27-408c-be71-e2595a145569:192.168.34.21:37717, 4b4c7497-a7ec-4f2a-a6c9-18b9f4a92a5f:192.168.34.21:41258, 47e59444-ad4b-4d8b-b6f4-160f3329f764:192.168.34.21:39722], old=null
2019-10-30 06:07:22,268 [grpc-default-executor-4] INFO  impl.RaftServerImpl (RaftServerImpl.java:setRole(184)) - 78a2ca6d-ab27-408c-be71-e2595a145569@group-8F7C53609CC3: changes role from  FOLLOWER to FOLLOWER at term 13 for recognizeCandidate:47e59444-ad4b-4d8b-b6f4-160f3329f764
2019-10-30 06:07:22,268 [grpc-default-executor-3] INFO  impl.RaftServerImpl (RaftServerImpl.java:setRole(184)) - 4b4c7497-a7ec-4f2a-a6c9-18b9f4a92a5f@group-8F7C53609CC3: changes role from  FOLLOWER to FOLLOWER at term 13 for recognizeCandidate:47e59444-ad4b-4d8b-b6f4-160f3329f764
2019-10-30 06:07:22,268 [grpc-default-executor-4] INFO  impl.RoleInfo (RoleInfo.java:shutdownFollowerState(121)) - 78a2ca6d-ab27-408c-be71-e2595a145569: shutdown FollowerState
2019-10-30 06:07:22,268 [grpc-default-executor-3] INFO  impl.RoleInfo (RoleInfo.java:shutdownFollowerState(121)) - 4b4c7497-a7ec-4f2a-a6c9-18b9f4a92a5f: shutdown FollowerState
2019-10-30 06:07:22,268 [Thread-932] INFO  impl.FollowerState (FollowerState.java:run(117)) - 78a2ca6d-ab27-408c-be71-e2595a145569@group-8F7C53609CC3-FollowerState was interrupted: java.lang.InterruptedException: sleep interrupted
2019-10-30 06:07:22,268 [grpc-default-executor-4] INFO  impl.RoleInfo (RoleInfo.java:updateAndGet(143)) - 78a2ca6d-ab27-408c-be71-e2595a145569: start FollowerState
2019-10-30 06:07:22,268 [Thread-933] INFO  impl.FollowerState (FollowerState.java:run(117)) - 4b4c7497-a7ec-4f2a-a6c9-18b9f4a92a5f@group-8F7C53609CC3-FollowerState was interrupted: java.lang.InterruptedException: sleep interrupted
2019-10-30 06:07:22,268 [grpc-default-executor-3] INFO  impl.RoleInfo (RoleInfo.java:updateAndGet(143)) - 4b4c7497-a7ec-4f2a-a6c9-18b9f4a92a5f: start FollowerState
2019-10-30 06:07:22,295 [47e59444-ad4b-4d8b-b6f4-160f3329f764@group-8F7C53609CC3-LeaderElection55] INFO  impl.LeaderElection (LeaderElection.java:logAndReturn(56)) - 47e59444-ad4b-4d8b-b6f4-160f3329f764@group-8F7C53609CC3-LeaderElection55: Election REJECTED; received 2 response(s) [47e59444-ad4b-4d8b-b6f4-160f3329f764<-4b4c7497-a7ec-4f2a-a6c9-18b9f4a92a5f#0:FAIL-t13, 47e59444-ad4b-4d8b-b6f4-160f3329f764<-78a2ca6d-ab27-408c-be71-e2595a145569#0:FAIL-t13] and 0 exception(s); 47e59444-ad4b-4d8b-b6f4-160f3329f764@group-8F7C53609CC3:t13, leader=null, voted=47e59444-ad4b-4d8b-b6f4-160f3329f764, raftlog=47e59444-ad4b-4d8b-b6f4-160f3329f764@group-8F7C53609CC3-SegmentedRaftLog:OPENED:c-1,f-1,i0, conf=-1: [78a2ca6d-ab27-408c-be71-e2595a145569:192.168.34.21:37717, 4b4c7497-a7ec-4f2a-a6c9-18b9f4a92a5f:192.168.34.21:41258, 47e59444-ad4b-4d8b-b6f4-160f3329f764:192.168.34.21:39722], old=null
2019-10-30 06:07:22,295 [47e59444-ad4b-4d8b-b6f4-160f3329f764@group-8F7C53609CC3-LeaderElection55] INFO  impl.RaftServerImpl (RaftServerImpl.java:setRole(184)) - 47e59444-ad4b-4d8b-b6f4-160f3329f764@group-8F7C53609CC3: changes role from CANDIDATE to FOLLOWER at term 13 for DISCOVERED_A_NEW_TERM
2019-10-30 06:07:22,295 [47e59444-ad4b-4d8b-b6f4-160f3329f764@group-8F7C53609CC3-LeaderElection55] INFO  impl.RoleInfo (RoleInfo.java:shutdownLeaderElection(134)) - 47e59444-ad4b-4d8b-b6f4-160f3329f764: shutdown LeaderElection
2019-10-30 06:07:22,295 [47e59444-ad4b-4d8b-b6f4-160f3329f764@group-8F7C53609CC3-LeaderElection55] INFO  impl.RoleInfo (RoleInfo.java:updateAndGet(143)) - 47e59444-ad4b-4d8b-b6f4-160f3329f764: start FollowerState
2019-10-30 06:07:22,427 [Thread-940] INFO  impl.FollowerState (FollowerState.java:run(108)) - 4b4c7497-a7ec-4f2a-a6c9-18b9f4a92a5f@group-E99C5BDD80CF-FollowerState: change to CANDIDATE, lastRpcTime:189ms, electionTimeout:189ms
2019-10-30 06:07:22,427 [Thread-940] INFO  impl.RoleInfo (RoleInfo.java:shutdownFollowerState(121)) - 4b4c7497-a7ec-4f2a-a6c9-18b9f4a92a5f: shutdown FollowerState
2019-10-30 06:07:22,427 [Thread-940] INFO  impl.RaftServerImpl (RaftServerImpl.java:setRole(184)) - 4b4c7497-a7ec-4f2a-a6c9-18b9f4a92a5f@group-E99C5BDD80CF: changes role from  FOLLOWER to CANDIDATE at term 46 for changeToCandidate
2019-10-30 06:07:22,427 [Thread-940] INFO  impl.RoleInfo (RoleInfo.java:updateAndGet(143)) - 4b4c7497-a7ec-4f2a-a6c9-18b9f4a92a5f: start LeaderElection
2019-10-30 06:07:22,442 [4b4c7497-a7ec-4f2a-a6c9-18b9f4a92a5f@group-E99C5BDD80CF-LeaderElection56] INFO  impl.LeaderElection (LeaderElection.java:askForVotes(178)) - 4b4c7497-a7ec-4f2a-a6c9-18b9f4a92a5f@group-E99C5BDD80CF-LeaderElection56: begin an election at term 47 for 0: [78a2ca6d-ab27-408c-be71-e2595a145569:192.168.34.21:37717, 4b4c7497-a7ec-4f2a-a6c9-18b9f4a92a5f:192.168.34.21:41258, 47e59444-ad4b-4d8b-b6f4-160f3329f764:192.168.34.21:39722], old=null
2019-10-30 06:07:22,445 [grpc-default-executor-4] INFO  impl.RaftServerImpl (RaftServerImpl.java:setRole(184)) - 78a2ca6d-ab27-408c-be71-e2595a145569@group-E99C5BDD80CF: changes role from  FOLLOWER to FOLLOWER at term 47 for recognizeCandidate:4b4c7497-a7ec-4f2a-a6c9-18b9f4a92a5f
2019-10-30 06:07:22,445 [grpc-default-executor-3] INFO  impl.RaftServerImpl (RaftServerImpl.java:setRole(184)) - 47e59444-ad4b-4d8b-b6f4-160f3329f764@group-E99C5BDD80CF: changes role from  FOLLOWER to FOLLOWER at term 47 for recognizeCandidate:4b4c7497-a7ec-4f2a-a6c9-18b9f4a92a5f
2019-10-30 06:07:22,445 [grpc-default-executor-3] INFO  impl.RoleInfo (RoleInfo.java:shutdownFollowerState(121)) - 47e59444-ad4b-4d8b-b6f4-160f3329f764: shutdown FollowerState
2019-10-30 06:07:22,445 [grpc-default-executor-4] INFO  impl.RoleInfo (RoleInfo.java:shutdownFollowerState(121)) - 78a2ca6d-ab27-408c-be71-e2595a145569: shutdown FollowerState
2019-10-30 06:07:22,445 [Thread-938] INFO  impl.FollowerState (FollowerState.java:run(117)) - 47e59444-ad4b-4d8b-b6f4-160f3329f764@group-E99C5BDD80CF-FollowerState was interrupted: java.lang.InterruptedException: sleep interrupted
2019-10-30 06:07:22,445 [grpc-default-executor-3] INFO  impl.RoleInfo (RoleInfo.java:updateAndGet(143)) - 47e59444-ad4b-4d8b-b6f4-160f3329f764: start FollowerState
2019-10-30 06:07:22,446 [Thread-939] INFO  impl.FollowerState (FollowerState.java:run(117)) - 78a2ca6d-ab27-408c-be71-e2595a145569@group-E99C5BDD80CF-FollowerState was interrupted: java.lang.InterruptedException: sleep interrupted
2019-10-30 06:07:22,446 [grpc-default-executor-4] INFO  impl.RoleInfo (RoleInfo.java:updateAndGet(143)) - 78a2ca6d-ab27-408c-be71-e2595a145569: start FollowerState
2019-10-30 06:07:22,446 [BlockDeletingService#2] WARN  background.BlockDeletingService (BlockDeletingService.java:isDeletionAllowed(187)) - Close Container log Index 6 is not replicated across allthe servers in the pipeline 55028169-3584-4748-a1dc-e99c5bdd80cf as the min replicated index is 4. Deletion is not allowed in this container yet.
2019-10-30 06:07:22,446 [BlockDeletingService#2] WARN  background.BlockDeletingService (BlockDeletingService.java:isDeletionAllowed(187)) - Close Container log Index 6 is not replicated across allthe servers in the pipeline 55028169-3584-4748-a1dc-e99c5bdd80cf as the min replicated index is 4. Deletion is not allowed in this container yet.
2019-10-30 06:07:22,455 [4b4c7497-a7ec-4f2a-a6c9-18b9f4a92a5f@group-E99C5BDD80CF-LeaderElection56] INFO  impl.LeaderElection (LeaderElection.java:logAndReturn(56)) - 4b4c7497-a7ec-4f2a-a6c9-18b9f4a92a5f@group-E99C5BDD80CF-LeaderElection56: Election TIMEOUT; received 0 response(s) [] and 0 exception(s); 4b4c7497-a7ec-4f2a-a6c9-18b9f4a92a5f@group-E99C5BDD80CF:t47, leader=null, voted=4b4c7497-a7ec-4f2a-a6c9-18b9f4a92a5f, raftlog=4b4c7497-a7ec-4f2a-a6c9-18b9f4a92a5f@group-E99C5BDD80CF-SegmentedRaftLog:OPENED:c3,f4,i4, conf=0: [78a2ca6d-ab27-408c-be71-e2595a145569:192.168.34.21:37717, 4b4c7497-a7ec-4f2a-a6c9-18b9f4a92a5f:192.168.34.21:41258, 47e59444-ad4b-4d8b-b6f4-160f3329f764:192.168.34.21:39722], old=null
2019-10-30 06:07:22,460 [4b4c7497-a7ec-4f2a-a6c9-18b9f4a92a5f@group-E99C5BDD80CF-LeaderElection56] INFO  impl.LeaderElection (LeaderElection.java:askForVotes(178)) - 4b4c7497-a7ec-4f2a-a6c9-18b9f4a92a5f@group-E99C5BDD80CF-LeaderElection56: begin an election at term 48 for 0: [78a2ca6d-ab27-408c-be71-e2595a145569:192.168.34.21:37717, 4b4c7497-a7ec-4f2a-a6c9-18b9f4a92a5f:192.168.34.21:41258, 47e59444-ad4b-4d8b-b6f4-160f3329f764:192.168.34.21:39722], old=null
2019-10-30 06:07:22,463 [grpc-default-executor-4] INFO  impl.RaftServerImpl (RaftServerImpl.java:setRole(184)) - 47e59444-ad4b-4d8b-b6f4-160f3329f764@group-E99C5BDD80CF: changes role from  FOLLOWER to FOLLOWER at term 48 for recognizeCandidate:4b4c7497-a7ec-4f2a-a6c9-18b9f4a92a5f
2019-10-30 06:07:22,463 [grpc-default-executor-4] INFO  impl.RoleInfo (RoleInfo.java:shutdownFollowerState(121)) - 47e59444-ad4b-4d8b-b6f4-160f3329f764: shutdown FollowerState
2019-10-30 06:07:22,463 [grpc-default-executor-4] INFO  impl.RoleInfo (RoleInfo.java:updateAndGet(143)) - 47e59444-ad4b-4d8b-b6f4-160f3329f764: start FollowerState
2019-10-30 06:07:22,463 [grpc-default-executor-3] INFO  impl.RaftServerImpl (RaftServerImpl.java:setRole(184)) - 78a2ca6d-ab27-408c-be71-e2595a145569@group-E99C5BDD80CF: changes role from  FOLLOWER to FOLLOWER at term 48 for recognizeCandidate:4b4c7497-a7ec-4f2a-a6c9-18b9f4a92a5f
2019-10-30 06:07:22,463 [Thread-952] INFO  impl.FollowerState (FollowerState.java:run(117)) - 47e59444-ad4b-4d8b-b6f4-160f3329f764@group-E99C5BDD80CF-FollowerState was interrupted: java.lang.InterruptedException: sleep interrupted
2019-10-30 06:07:22,463 [grpc-default-executor-3] INFO  impl.RoleInfo (RoleInfo.java:shutdownFollowerState(121)) - 78a2ca6d-ab27-408c-be71-e2595a145569: shutdown FollowerState
2019-10-30 06:07:22,464 [grpc-default-executor-3] INFO  impl.RoleInfo (RoleInfo.java:updateAndGet(143)) - 78a2ca6d-ab27-408c-be71-e2595a145569: start FollowerState
2019-10-30 06:07:22,464 [Thread-953] INFO  impl.FollowerState (FollowerState.java:run(117)) - 78a2ca6d-ab27-408c-be71-e2595a145569@group-E99C5BDD80CF-FollowerState was interrupted: java.lang.InterruptedException: sleep interrupted
2019-10-30 06:07:22,471 [Thread-946] INFO  impl.FollowerState (FollowerState.java:run(108)) - 47e59444-ad4b-4d8b-b6f4-160f3329f764@group-8F7C53609CC3-FollowerState: change to CANDIDATE, lastRpcTime:175ms, electionTimeout:175ms
2019-10-30 06:07:22,471 [Thread-946] INFO  impl.RoleInfo (RoleInfo.java:shutdownFollowerState(121)) - 47e59444-ad4b-4d8b-b6f4-160f3329f764: shutdown FollowerState
2019-10-30 06:07:22,471 [Thread-946] INFO  impl.RaftServerImpl (RaftServerImpl.java:setRole(184)) - 47e59444-ad4b-4d8b-b6f4-160f3329f764@group-8F7C53609CC3: changes role from  FOLLOWER to CANDIDATE at term 13 for changeToCandidate
2019-10-30 06:07:22,471 [Thread-946] INFO  impl.RoleInfo (RoleInfo.java:updateAndGet(143)) - 47e59444-ad4b-4d8b-b6f4-160f3329f764: start LeaderElection
2019-10-30 06:07:22,477 [47e59444-ad4b-4d8b-b6f4-160f3329f764@group-8F7C53609CC3-LeaderElection57] INFO  impl.LeaderElection (LeaderElection.java:askForVotes(178)) - 47e59444-ad4b-4d8b-b6f4-160f3329f764@group-8F7C53609CC3-LeaderElection57: begin an election at term 14 for -1: [78a2ca6d-ab27-408c-be71-e2595a145569:192.168.34.21:37717, 4b4c7497-a7ec-4f2a-a6c9-18b9f4a92a5f:192.168.34.21:41258, 47e59444-ad4b-4d8b-b6f4-160f3329f764:192.168.34.21:39722], old=null
2019-10-30 06:07:22,478 [4b4c7497-a7ec-4f2a-a6c9-18b9f4a92a5f@group-E99C5BDD80CF-LeaderElection56] INFO  impl.LeaderElection (LeaderElection.java:logAndReturn(56)) - 4b4c7497-a7ec-4f2a-a6c9-18b9f4a92a5f@group-E99C5BDD80CF-LeaderElection56: Election REJECTED; received 2 response(s) [4b4c7497-a7ec-4f2a-a6c9-18b9f4a92a5f<-78a2ca6d-ab27-408c-be71-e2595a145569#0:FAIL-t48, 4b4c7497-a7ec-4f2a-a6c9-18b9f4a92a5f<-47e59444-ad4b-4d8b-b6f4-160f3329f764#0:FAIL-t48] and 0 exception(s); 4b4c7497-a7ec-4f2a-a6c9-18b9f4a92a5f@group-E99C5BDD80CF:t48, leader=null, voted=4b4c7497-a7ec-4f2a-a6c9-18b9f4a92a5f, raftlog=4b4c7497-a7ec-4f2a-a6c9-18b9f4a92a5f@group-E99C5BDD80CF-SegmentedRaftLog:OPENED:c3,f4,i4, conf=0: [78a2ca6d-ab27-408c-be71-e2595a145569:192.168.34.21:37717, 4b4c7497-a7ec-4f2a-a6c9-18b9f4a92a5f:192.168.34.21:41258, 47e59444-ad4b-4d8b-b6f4-160f3329f764:192.168.34.21:39722], old=null
2019-10-30 06:07:22,478 [4b4c7497-a7ec-4f2a-a6c9-18b9f4a92a5f@group-E99C5BDD80CF-LeaderElection56] INFO  impl.RaftServerImpl (RaftServerImpl.java:setRole(184)) - 4b4c7497-a7ec-4f2a-a6c9-18b9f4a92a5f@group-E99C5BDD80CF: changes role from CANDIDATE to FOLLOWER at term 48 for DISCOVERED_A_NEW_TERM
2019-10-30 06:07:22,478 [4b4c7497-a7ec-4f2a-a6c9-18b9f4a92a5f@group-E99C5BDD80CF-LeaderElection56] INFO  impl.RoleInfo (RoleInfo.java:shutdownLeaderElection(134)) - 4b4c7497-a7ec-4f2a-a6c9-18b9f4a92a5f: shutdown LeaderElection
2019-10-30 06:07:22,478 [grpc-default-executor-4] INFO  impl.RaftServerImpl (RaftServerImpl.java:setRole(184)) - 78a2ca6d-ab27-408c-be71-e2595a145569@group-8F7C53609CC3: changes role from  FOLLOWER to FOLLOWER at term 14 for recognizeCandidate:47e59444-ad4b-4d8b-b6f4-160f3329f764
2019-10-30 06:07:22,478 [grpc-default-executor-3] INFO  impl.RaftServerImpl (RaftServerImpl.java:setRole(184)) - 4b4c7497-a7ec-4f2a-a6c9-18b9f4a92a5f@group-8F7C53609CC3: changes role from  FOLLOWER to FOLLOWER at term 14 for recognizeCandidate:47e59444-ad4b-4d8b-b6f4-160f3329f764
2019-10-30 06:07:22,478 [4b4c7497-a7ec-4f2a-a6c9-18b9f4a92a5f@group-E99C5BDD80CF-LeaderElection56] INFO  impl.RoleInfo (RoleInfo.java:updateAndGet(143)) - 4b4c7497-a7ec-4f2a-a6c9-18b9f4a92a5f: start FollowerState
2019-10-30 06:07:22,479 [grpc-default-executor-3] INFO  impl.RoleInfo (RoleInfo.java:shutdownFollowerState(121)) - 4b4c7497-a7ec-4f2a-a6c9-18b9f4a92a5f: shutdown FollowerState
2019-10-30 06:07:22,479 [grpc-default-executor-4] INFO  impl.RoleInfo (RoleInfo.java:shutdownFollowerState(121)) - 78a2ca6d-ab27-408c-be71-e2595a145569: shutdown FollowerState
2019-10-30 06:07:22,479 [Thread-945] INFO  impl.FollowerState (FollowerState.java:run(117)) - 4b4c7497-a7ec-4f2a-a6c9-18b9f4a92a5f@group-8F7C53609CC3-FollowerState was interrupted: java.lang.InterruptedException: sleep interrupted
2019-10-30 06:07:22,479 [grpc-default-executor-3] INFO  impl.RoleInfo (RoleInfo.java:updateAndGet(143)) - 4b4c7497-a7ec-4f2a-a6c9-18b9f4a92a5f: start FollowerState
2019-10-30 06:07:22,479 [Thread-944] INFO  impl.FollowerState (FollowerState.java:run(117)) - 78a2ca6d-ab27-408c-be71-e2595a145569@group-8F7C53609CC3-FollowerState was interrupted: java.lang.InterruptedException: sleep interrupted
2019-10-30 06:07:22,479 [grpc-default-executor-4] INFO  impl.RoleInfo (RoleInfo.java:updateAndGet(143)) - 78a2ca6d-ab27-408c-be71-e2595a145569: start FollowerState
2019-10-30 06:07:22,494 [47e59444-ad4b-4d8b-b6f4-160f3329f764@group-8F7C53609CC3-LeaderElection57] INFO  impl.LeaderElection (LeaderElection.java:logAndReturn(56)) - 47e59444-ad4b-4d8b-b6f4-160f3329f764@group-8F7C53609CC3-LeaderElection57: Election REJECTED; received 2 response(s) [47e59444-ad4b-4d8b-b6f4-160f3329f764<-4b4c7497-a7ec-4f2a-a6c9-18b9f4a92a5f#0:FAIL-t14, 47e59444-ad4b-4d8b-b6f4-160f3329f764<-78a2ca6d-ab27-408c-be71-e2595a145569#0:FAIL-t14] and 0 exception(s); 47e59444-ad4b-4d8b-b6f4-160f3329f764@group-8F7C53609CC3:t14, leader=null, voted=47e59444-ad4b-4d8b-b6f4-160f3329f764, raftlog=47e59444-ad4b-4d8b-b6f4-160f3329f764@group-8F7C53609CC3-SegmentedRaftLog:OPENED:c-1,f-1,i0, conf=-1: [78a2ca6d-ab27-408c-be71-e2595a145569:192.168.34.21:37717, 4b4c7497-a7ec-4f2a-a6c9-18b9f4a92a5f:192.168.34.21:41258, 47e59444-ad4b-4d8b-b6f4-160f3329f764:192.168.34.21:39722], old=null
2019-10-30 06:07:22,494 [47e59444-ad4b-4d8b-b6f4-160f3329f764@group-8F7C53609CC3-LeaderElection57] INFO  impl.RaftServerImpl (RaftServerImpl.java:setRole(184)) - 47e59444-ad4b-4d8b-b6f4-160f3329f764@group-8F7C53609CC3: changes role from CANDIDATE to FOLLOWER at term 14 for DISCOVERED_A_NEW_TERM
2019-10-30 06:07:22,494 [47e59444-ad4b-4d8b-b6f4-160f3329f764@group-8F7C53609CC3-LeaderElection57] INFO  impl.RoleInfo (RoleInfo.java:shutdownLeaderElection(134)) - 47e59444-ad4b-4d8b-b6f4-160f3329f764: shutdown LeaderElection
2019-10-30 06:07:22,494 [47e59444-ad4b-4d8b-b6f4-160f3329f764@group-8F7C53609CC3-LeaderElection57] INFO  impl.RoleInfo (RoleInfo.java:updateAndGet(143)) - 47e59444-ad4b-4d8b-b6f4-160f3329f764: start FollowerState
2019-10-30 06:07:22,523 [Thread-964] INFO  impl.FollowerState (FollowerState.java:run(108)) - 47e59444-ad4b-4d8b-b6f4-160f3329f764@group-8F7C53609CC3-FollowerState: change to CANDIDATE, lastRpcTime:29ms, electionTimeout:29ms
2019-10-30 06:07:22,523 [Thread-964] INFO  impl.RoleInfo (RoleInfo.java:shutdownFollowerState(121)) - 47e59444-ad4b-4d8b-b6f4-160f3329f764: shutdown FollowerState
2019-10-30 06:07:22,523 [Thread-964] INFO  impl.RaftServerImpl (RaftServerImpl.java:setRole(184)) - 47e59444-ad4b-4d8b-b6f4-160f3329f764@group-8F7C53609CC3: changes role from  FOLLOWER to CANDIDATE at term 14 for changeToCandidate
2019-10-30 06:07:22,523 [Thread-964] INFO  impl.RoleInfo (RoleInfo.java:updateAndGet(143)) - 47e59444-ad4b-4d8b-b6f4-160f3329f764: start LeaderElection
2019-10-30 06:07:22,536 [47e59444-ad4b-4d8b-b6f4-160f3329f764@group-8F7C53609CC3-LeaderElection58] INFO  impl.LeaderElection (LeaderElection.java:askForVotes(178)) - 47e59444-ad4b-4d8b-b6f4-160f3329f764@group-8F7C53609CC3-LeaderElection58: begin an election at term 15 for -1: [78a2ca6d-ab27-408c-be71-e2595a145569:192.168.34.21:37717, 4b4c7497-a7ec-4f2a-a6c9-18b9f4a92a5f:192.168.34.21:41258, 47e59444-ad4b-4d8b-b6f4-160f3329f764:192.168.34.21:39722], old=null
2019-10-30 06:07:22,539 [grpc-default-executor-3] INFO  impl.RaftServerImpl (RaftServerImpl.java:setRole(184)) - 78a2ca6d-ab27-408c-be71-e2595a145569@group-8F7C53609CC3: changes role from  FOLLOWER to FOLLOWER at term 15 for recognizeCandidate:47e59444-ad4b-4d8b-b6f4-160f3329f764
2019-10-30 06:07:22,539 [grpc-default-executor-4] INFO  impl.RaftServerImpl (RaftServerImpl.java:setRole(184)) - 4b4c7497-a7ec-4f2a-a6c9-18b9f4a92a5f@group-8F7C53609CC3: changes role from  FOLLOWER to FOLLOWER at term 15 for recognizeCandidate:47e59444-ad4b-4d8b-b6f4-160f3329f764
2019-10-30 06:07:22,539 [grpc-default-executor-3] INFO  impl.RoleInfo (RoleInfo.java:shutdownFollowerState(121)) - 78a2ca6d-ab27-408c-be71-e2595a145569: shutdown FollowerState
2019-10-30 06:07:22,539 [grpc-default-executor-4] INFO  impl.RoleInfo (RoleInfo.java:shutdownFollowerState(121)) - 4b4c7497-a7ec-4f2a-a6c9-18b9f4a92a5f: shutdown FollowerState
2019-10-30 06:07:22,539 [Thread-963] INFO  impl.FollowerState (FollowerState.java:run(117)) - 78a2ca6d-ab27-408c-be71-e2595a145569@group-8F7C53609CC3-FollowerState was interrupted: java.lang.InterruptedException: sleep interrupted
2019-10-30 06:07:22,539 [Thread-962] INFO  impl.FollowerState (FollowerState.java:run(117)) - 4b4c7497-a7ec-4f2a-a6c9-18b9f4a92a5f@group-8F7C53609CC3-FollowerState was interrupted: java.lang.InterruptedException: sleep interrupted
2019-10-30 06:07:22,539 [grpc-default-executor-3] INFO  impl.RoleInfo (RoleInfo.java:updateAndGet(143)) - 78a2ca6d-ab27-408c-be71-e2595a145569: start FollowerState
2019-10-30 06:07:22,539 [47e59444-ad4b-4d8b-b6f4-160f3329f764@group-8F7C53609CC3-LeaderElection58] INFO  impl.LeaderElection (LeaderElection.java:logAndReturn(56)) - 47e59444-ad4b-4d8b-b6f4-160f3329f764@group-8F7C53609CC3-LeaderElection58: Election TIMEOUT; received 0 response(s) [] and 0 exception(s); 47e59444-ad4b-4d8b-b6f4-160f3329f764@group-8F7C53609CC3:t15, leader=null, voted=47e59444-ad4b-4d8b-b6f4-160f3329f764, raftlog=47e59444-ad4b-4d8b-b6f4-160f3329f764@group-8F7C53609CC3-SegmentedRaftLog:OPENED:c-1,f-1,i0, conf=-1: [78a2ca6d-ab27-408c-be71-e2595a145569:192.168.34.21:37717, 4b4c7497-a7ec-4f2a-a6c9-18b9f4a92a5f:192.168.34.21:41258, 47e59444-ad4b-4d8b-b6f4-160f3329f764:192.168.34.21:39722], old=null
2019-10-30 06:07:22,539 [grpc-default-executor-4] INFO  impl.RoleInfo (RoleInfo.java:updateAndGet(143)) - 4b4c7497-a7ec-4f2a-a6c9-18b9f4a92a5f: start FollowerState
2019-10-30 06:07:22,552 [47e59444-ad4b-4d8b-b6f4-160f3329f764@group-8F7C53609CC3-LeaderElection58] INFO  impl.LeaderElection (LeaderElection.java:askForVotes(178)) - 47e59444-ad4b-4d8b-b6f4-160f3329f764@group-8F7C53609CC3-LeaderElection58: begin an election at term 16 for -1: [78a2ca6d-ab27-408c-be71-e2595a145569:192.168.34.21:37717, 4b4c7497-a7ec-4f2a-a6c9-18b9f4a92a5f:192.168.34.21:41258, 47e59444-ad4b-4d8b-b6f4-160f3329f764:192.168.34.21:39722], old=null
2019-10-30 06:07:22,554 [grpc-default-executor-3] INFO  impl.RaftServerImpl (RaftServerImpl.java:setRole(184)) - 4b4c7497-a7ec-4f2a-a6c9-18b9f4a92a5f@group-8F7C53609CC3: changes role from  FOLLOWER to FOLLOWER at term 16 for recognizeCandidate:47e59444-ad4b-4d8b-b6f4-160f3329f764
2019-10-30 06:07:22,555 [grpc-default-executor-3] INFO  impl.RoleInfo (RoleInfo.java:shutdownFollowerState(121)) - 4b4c7497-a7ec-4f2a-a6c9-18b9f4a92a5f: shutdown FollowerState
2019-10-30 06:07:22,555 [grpc-default-executor-4] INFO  impl.RaftServerImpl (RaftServerImpl.java:setRole(184)) - 78a2ca6d-ab27-408c-be71-e2595a145569@group-8F7C53609CC3: changes role from  FOLLOWER to FOLLOWER at term 16 for recognizeCandidate:47e59444-ad4b-4d8b-b6f4-160f3329f764
2019-10-30 06:07:22,555 [Thread-969] INFO  impl.FollowerState (FollowerState.java:run(117)) - 4b4c7497-a7ec-4f2a-a6c9-18b9f4a92a5f@group-8F7C53609CC3-FollowerState was interrupted: java.lang.InterruptedException: sleep interrupted
2019-10-30 06:07:22,555 [grpc-default-executor-4] INFO  impl.RoleInfo (RoleInfo.java:shutdownFollowerState(121)) - 78a2ca6d-ab27-408c-be71-e2595a145569: shutdown FollowerState
2019-10-30 06:07:22,555 [grpc-default-executor-3] INFO  impl.RoleInfo (RoleInfo.java:updateAndGet(143)) - 4b4c7497-a7ec-4f2a-a6c9-18b9f4a92a5f: start FollowerState
2019-10-30 06:07:22,555 [Thread-968] INFO  impl.FollowerState (FollowerState.java:run(117)) - 78a2ca6d-ab27-408c-be71-e2595a145569@group-8F7C53609CC3-FollowerState was interrupted: java.lang.InterruptedException: sleep interrupted
2019-10-30 06:07:22,555 [grpc-default-executor-4] INFO  impl.RoleInfo (RoleInfo.java:updateAndGet(143)) - 78a2ca6d-ab27-408c-be71-e2595a145569: start FollowerState
2019-10-30 06:07:22,581 [47e59444-ad4b-4d8b-b6f4-160f3329f764@group-8F7C53609CC3-LeaderElection58] INFO  impl.LeaderElection (LeaderElection.java:logAndReturn(56)) - 47e59444-ad4b-4d8b-b6f4-160f3329f764@group-8F7C53609CC3-LeaderElection58: Election REJECTED; received 2 response(s) [47e59444-ad4b-4d8b-b6f4-160f3329f764<-78a2ca6d-ab27-408c-be71-e2595a145569#0:FAIL-t16, 47e59444-ad4b-4d8b-b6f4-160f3329f764<-4b4c7497-a7ec-4f2a-a6c9-18b9f4a92a5f#0:FAIL-t16] and 0 exception(s); 47e59444-ad4b-4d8b-b6f4-160f3329f764@group-8F7C53609CC3:t16, leader=null, voted=47e59444-ad4b-4d8b-b6f4-160f3329f764, raftlog=47e59444-ad4b-4d8b-b6f4-160f3329f764@group-8F7C53609CC3-SegmentedRaftLog:OPENED:c-1,f-1,i0, conf=-1: [78a2ca6d-ab27-408c-be71-e2595a145569:192.168.34.21:37717, 4b4c7497-a7ec-4f2a-a6c9-18b9f4a92a5f:192.168.34.21:41258, 47e59444-ad4b-4d8b-b6f4-160f3329f764:192.168.34.21:39722], old=null
2019-10-30 06:07:22,581 [47e59444-ad4b-4d8b-b6f4-160f3329f764@group-8F7C53609CC3-LeaderElection58] INFO  impl.RaftServerImpl (RaftServerImpl.java:setRole(184)) - 47e59444-ad4b-4d8b-b6f4-160f3329f764@group-8F7C53609CC3: changes role from CANDIDATE to FOLLOWER at term 16 for DISCOVERED_A_NEW_TERM
2019-10-30 06:07:22,581 [47e59444-ad4b-4d8b-b6f4-160f3329f764@group-8F7C53609CC3-LeaderElection58] INFO  impl.RoleInfo (RoleInfo.java:shutdownLeaderElection(134)) - 47e59444-ad4b-4d8b-b6f4-160f3329f764: shutdown LeaderElection
2019-10-30 06:07:22,581 [47e59444-ad4b-4d8b-b6f4-160f3329f764@group-8F7C53609CC3-LeaderElection58] INFO  impl.RoleInfo (RoleInfo.java:updateAndGet(143)) - 47e59444-ad4b-4d8b-b6f4-160f3329f764: start FollowerState
2019-10-30 06:07:22,628 [Thread-974] INFO  impl.FollowerState (FollowerState.java:run(108)) - 47e59444-ad4b-4d8b-b6f4-160f3329f764@group-8F7C53609CC3-FollowerState: change to CANDIDATE, lastRpcTime:47ms, electionTimeout:47ms
2019-10-30 06:07:22,629 [Thread-974] INFO  impl.RoleInfo (RoleInfo.java:shutdownFollowerState(121)) - 47e59444-ad4b-4d8b-b6f4-160f3329f764: shutdown FollowerState
2019-10-30 06:07:22,629 [Thread-974] INFO  impl.RaftServerImpl (RaftServerImpl.java:setRole(184)) - 47e59444-ad4b-4d8b-b6f4-160f3329f764@group-8F7C53609CC3: changes role from  FOLLOWER to CANDIDATE at term 16 for changeToCandidate
2019-10-30 06:07:22,629 [Thread-974] INFO  impl.RoleInfo (RoleInfo.java:updateAndGet(143)) - 47e59444-ad4b-4d8b-b6f4-160f3329f764: start LeaderElection
2019-10-30 06:07:22,642 [47e59444-ad4b-4d8b-b6f4-160f3329f764@group-8F7C53609CC3-LeaderElection59] INFO  impl.LeaderElection (LeaderElection.java:askForVotes(178)) - 47e59444-ad4b-4d8b-b6f4-160f3329f764@group-8F7C53609CC3-LeaderElection59: begin an election at term 17 for -1: [78a2ca6d-ab27-408c-be71-e2595a145569:192.168.34.21:37717, 4b4c7497-a7ec-4f2a-a6c9-18b9f4a92a5f:192.168.34.21:41258, 47e59444-ad4b-4d8b-b6f4-160f3329f764:192.168.34.21:39722], old=null
2019-10-30 06:07:22,644 [grpc-default-executor-3] INFO  impl.RaftServerImpl (RaftServerImpl.java:setRole(184)) - 78a2ca6d-ab27-408c-be71-e2595a145569@group-8F7C53609CC3: changes role from  FOLLOWER to FOLLOWER at term 17 for recognizeCandidate:47e59444-ad4b-4d8b-b6f4-160f3329f764
2019-10-30 06:07:22,644 [grpc-default-executor-4] INFO  impl.RaftServerImpl (RaftServerImpl.java:setRole(184)) - 4b4c7497-a7ec-4f2a-a6c9-18b9f4a92a5f@group-8F7C53609CC3: changes role from  FOLLOWER to FOLLOWER at term 17 for recognizeCandidate:47e59444-ad4b-4d8b-b6f4-160f3329f764
2019-10-30 06:07:22,645 [grpc-default-executor-3] INFO  impl.RoleInfo (RoleInfo.java:shutdownFollowerState(121)) - 78a2ca6d-ab27-408c-be71-e2595a145569: shutdown FollowerState
2019-10-30 06:07:22,645 [grpc-default-executor-4] INFO  impl.RoleInfo (RoleInfo.java:shutdownFollowerState(121)) - 4b4c7497-a7ec-4f2a-a6c9-18b9f4a92a5f: shutdown FollowerState
2019-10-30 06:07:22,645 [Thread-973] INFO  impl.FollowerState (FollowerState.java:run(117)) - 78a2ca6d-ab27-408c-be71-e2595a145569@group-8F7C53609CC3-FollowerState was interrupted: java.lang.InterruptedException: sleep interrupted
2019-10-30 06:07:22,645 [grpc-default-executor-3] INFO  impl.RoleInfo (RoleInfo.java:updateAndGet(143)) - 78a2ca6d-ab27-408c-be71-e2595a145569: start FollowerState
2019-10-30 06:07:22,645 [Thread-972] INFO  impl.FollowerState (FollowerState.java:run(117)) - 4b4c7497-a7ec-4f2a-a6c9-18b9f4a92a5f@group-8F7C53609CC3-FollowerState was interrupted: java.lang.InterruptedException: sleep interrupted
2019-10-30 06:07:22,645 [grpc-default-executor-4] INFO  impl.RoleInfo (RoleInfo.java:updateAndGet(143)) - 4b4c7497-a7ec-4f2a-a6c9-18b9f4a92a5f: start FollowerState
2019-10-30 06:07:22,656 [Thread-961] INFO  impl.FollowerState (FollowerState.java:run(108)) - 4b4c7497-a7ec-4f2a-a6c9-18b9f4a92a5f@group-E99C5BDD80CF-FollowerState: change to CANDIDATE, lastRpcTime:177ms, electionTimeout:177ms
2019-10-30 06:07:22,656 [Thread-961] INFO  impl.RoleInfo (RoleInfo.java:shutdownFollowerState(121)) - 4b4c7497-a7ec-4f2a-a6c9-18b9f4a92a5f: shutdown FollowerState
2019-10-30 06:07:22,656 [Thread-961] INFO  impl.RaftServerImpl (RaftServerImpl.java:setRole(184)) - 4b4c7497-a7ec-4f2a-a6c9-18b9f4a92a5f@group-E99C5BDD80CF: changes role from  FOLLOWER to CANDIDATE at term 48 for changeToCandidate
2019-10-30 06:07:22,657 [Thread-961] INFO  impl.RoleInfo (RoleInfo.java:updateAndGet(143)) - 4b4c7497-a7ec-4f2a-a6c9-18b9f4a92a5f: start LeaderElection
2019-10-30 06:07:22,660 [47e59444-ad4b-4d8b-b6f4-160f3329f764@group-8F7C53609CC3-LeaderElection59] INFO  impl.LeaderElection (LeaderElection.java:logAndReturn(56)) - 47e59444-ad4b-4d8b-b6f4-160f3329f764@group-8F7C53609CC3-LeaderElection59: Election REJECTED; received 2 response(s) [47e59444-ad4b-4d8b-b6f4-160f3329f764<-78a2ca6d-ab27-408c-be71-e2595a145569#0:FAIL-t17, 47e59444-ad4b-4d8b-b6f4-160f3329f764<-4b4c7497-a7ec-4f2a-a6c9-18b9f4a92a5f#0:FAIL-t17] and 0 exception(s); 47e59444-ad4b-4d8b-b6f4-160f3329f764@group-8F7C53609CC3:t17, leader=null, voted=47e59444-ad4b-4d8b-b6f4-160f3329f764, raftlog=47e59444-ad4b-4d8b-b6f4-160f3329f764@group-8F7C53609CC3-SegmentedRaftLog:OPENED:c-1,f-1,i0, conf=-1: [78a2ca6d-ab27-408c-be71-e2595a145569:192.168.34.21:37717, 4b4c7497-a7ec-4f2a-a6c9-18b9f4a92a5f:192.168.34.21:41258, 47e59444-ad4b-4d8b-b6f4-160f3329f764:192.168.34.21:39722], old=null
2019-10-30 06:07:22,660 [47e59444-ad4b-4d8b-b6f4-160f3329f764@group-8F7C53609CC3-LeaderElection59] INFO  impl.RaftServerImpl (RaftServerImpl.java:setRole(184)) - 47e59444-ad4b-4d8b-b6f4-160f3329f764@group-8F7C53609CC3: changes role from CANDIDATE to FOLLOWER at term 17 for DISCOVERED_A_NEW_TERM
2019-10-30 06:07:22,660 [47e59444-ad4b-4d8b-b6f4-160f3329f764@group-8F7C53609CC3-LeaderElection59] INFO  impl.RoleInfo (RoleInfo.java:shutdownLeaderElection(134)) - 47e59444-ad4b-4d8b-b6f4-160f3329f764: shutdown LeaderElection
2019-10-30 06:07:22,660 [4b4c7497-a7ec-4f2a-a6c9-18b9f4a92a5f@group-E99C5BDD80CF-LeaderElection60] INFO  impl.LeaderElection (LeaderElection.java:askForVotes(178)) - 4b4c7497-a7ec-4f2a-a6c9-18b9f4a92a5f@group-E99C5BDD80CF-LeaderElection60: begin an election at term 49 for 0: [78a2ca6d-ab27-408c-be71-e2595a145569:192.168.34.21:37717, 4b4c7497-a7ec-4f2a-a6c9-18b9f4a92a5f:192.168.34.21:41258, 47e59444-ad4b-4d8b-b6f4-160f3329f764:192.168.34.21:39722], old=null
2019-10-30 06:07:22,660 [47e59444-ad4b-4d8b-b6f4-160f3329f764@group-8F7C53609CC3-LeaderElection59] INFO  impl.RoleInfo (RoleInfo.java:updateAndGet(143)) - 47e59444-ad4b-4d8b-b6f4-160f3329f764: start FollowerState
2019-10-30 06:07:22,663 [grpc-default-executor-4] INFO  impl.RaftServerImpl (RaftServerImpl.java:setRole(184)) - 47e59444-ad4b-4d8b-b6f4-160f3329f764@group-E99C5BDD80CF: changes role from  FOLLOWER to FOLLOWER at term 49 for recognizeCandidate:4b4c7497-a7ec-4f2a-a6c9-18b9f4a92a5f
2019-10-30 06:07:22,663 [grpc-default-executor-4] INFO  impl.RoleInfo (RoleInfo.java:shutdownFollowerState(121)) - 47e59444-ad4b-4d8b-b6f4-160f3329f764: shutdown FollowerState
2019-10-30 06:07:22,663 [grpc-default-executor-3] INFO  impl.RaftServerImpl (RaftServerImpl.java:setRole(184)) - 78a2ca6d-ab27-408c-be71-e2595a145569@group-E99C5BDD80CF: changes role from  FOLLOWER to FOLLOWER at term 49 for recognizeCandidate:4b4c7497-a7ec-4f2a-a6c9-18b9f4a92a5f
2019-10-30 06:07:22,663 [Thread-956] INFO  impl.FollowerState (FollowerState.java:run(117)) - 47e59444-ad4b-4d8b-b6f4-160f3329f764@group-E99C5BDD80CF-FollowerState was interrupted: java.lang.InterruptedException: sleep interrupted
2019-10-30 06:07:22,663 [grpc-default-executor-4] INFO  impl.RoleInfo (RoleInfo.java:updateAndGet(143)) - 47e59444-ad4b-4d8b-b6f4-160f3329f764: start FollowerState
2019-10-30 06:07:22,664 [grpc-default-executor-3] INFO  impl.RoleInfo (RoleInfo.java:shutdownFollowerState(121)) - 78a2ca6d-ab27-408c-be71-e2595a145569: shutdown FollowerState
2019-10-30 06:07:22,664 [Thread-957] INFO  impl.FollowerState (FollowerState.java:run(117)) - 78a2ca6d-ab27-408c-be71-e2595a145569@group-E99C5BDD80CF-FollowerState was interrupted: java.lang.InterruptedException: sleep interrupted
2019-10-30 06:07:22,664 [grpc-default-executor-3] INFO  impl.RoleInfo (RoleInfo.java:updateAndGet(143)) - 78a2ca6d-ab27-408c-be71-e2595a145569: start FollowerState
2019-10-30 06:07:22,682 [4b4c7497-a7ec-4f2a-a6c9-18b9f4a92a5f@group-E99C5BDD80CF-LeaderElection60] INFO  impl.LeaderElection (LeaderElection.java:logAndReturn(56)) - 4b4c7497-a7ec-4f2a-a6c9-18b9f4a92a5f@group-E99C5BDD80CF-LeaderElection60: Election REJECTED; received 2 response(s) [4b4c7497-a7ec-4f2a-a6c9-18b9f4a92a5f<-78a2ca6d-ab27-408c-be71-e2595a145569#0:FAIL-t49, 4b4c7497-a7ec-4f2a-a6c9-18b9f4a92a5f<-47e59444-ad4b-4d8b-b6f4-160f3329f764#0:FAIL-t49] and 0 exception(s); 4b4c7497-a7ec-4f2a-a6c9-18b9f4a92a5f@group-E99C5BDD80CF:t49, leader=null, voted=4b4c7497-a7ec-4f2a-a6c9-18b9f4a92a5f, raftlog=4b4c7497-a7ec-4f2a-a6c9-18b9f4a92a5f@group-E99C5BDD80CF-SegmentedRaftLog:OPENED:c3,f4,i4, conf=0: [78a2ca6d-ab27-408c-be71-e2595a145569:192.168.34.21:37717, 4b4c7497-a7ec-4f2a-a6c9-18b9f4a92a5f:192.168.34.21:41258, 47e59444-ad4b-4d8b-b6f4-160f3329f764:192.168.34.21:39722], old=null
2019-10-30 06:07:22,682 [4b4c7497-a7ec-4f2a-a6c9-18b9f4a92a5f@group-E99C5BDD80CF-LeaderElection60] INFO  impl.RaftServerImpl (RaftServerImpl.java:setRole(184)) - 4b4c7497-a7ec-4f2a-a6c9-18b9f4a92a5f@group-E99C5BDD80CF: changes role from CANDIDATE to FOLLOWER at term 49 for DISCOVERED_A_NEW_TERM
2019-10-30 06:07:22,682 [4b4c7497-a7ec-4f2a-a6c9-18b9f4a92a5f@group-E99C5BDD80CF-LeaderElection60] INFO  impl.RoleInfo (RoleInfo.java:shutdownLeaderElection(134)) - 4b4c7497-a7ec-4f2a-a6c9-18b9f4a92a5f: shutdown LeaderElection
2019-10-30 06:07:22,682 [4b4c7497-a7ec-4f2a-a6c9-18b9f4a92a5f@group-E99C5BDD80CF-LeaderElection60] INFO  impl.RoleInfo (RoleInfo.java:updateAndGet(143)) - 4b4c7497-a7ec-4f2a-a6c9-18b9f4a92a5f: start FollowerState
2019-10-30 06:07:22,732 [Thread-987] INFO  impl.FollowerState (FollowerState.java:run(108)) - 4b4c7497-a7ec-4f2a-a6c9-18b9f4a92a5f@group-E99C5BDD80CF-FollowerState: change to CANDIDATE, lastRpcTime:49ms, electionTimeout:49ms
2019-10-30 06:07:22,732 [Thread-987] INFO  impl.RoleInfo (RoleInfo.java:shutdownFollowerState(121)) - 4b4c7497-a7ec-4f2a-a6c9-18b9f4a92a5f: shutdown FollowerState
2019-10-30 06:07:22,732 [Thread-987] INFO  impl.RaftServerImpl (RaftServerImpl.java:setRole(184)) - 4b4c7497-a7ec-4f2a-a6c9-18b9f4a92a5f@group-E99C5BDD80CF: changes role from  FOLLOWER to CANDIDATE at term 49 for changeToCandidate
2019-10-30 06:07:22,732 [Thread-987] INFO  impl.RoleInfo (RoleInfo.java:updateAndGet(143)) - 4b4c7497-a7ec-4f2a-a6c9-18b9f4a92a5f: start LeaderElection
2019-10-30 06:07:22,758 [4b4c7497-a7ec-4f2a-a6c9-18b9f4a92a5f@group-E99C5BDD80CF-LeaderElection61] INFO  impl.LeaderElection (LeaderElection.java:askForVotes(178)) - 4b4c7497-a7ec-4f2a-a6c9-18b9f4a92a5f@group-E99C5BDD80CF-LeaderElection61: begin an election at term 50 for 0: [78a2ca6d-ab27-408c-be71-e2595a145569:192.168.34.21:37717, 4b4c7497-a7ec-4f2a-a6c9-18b9f4a92a5f:192.168.34.21:41258, 47e59444-ad4b-4d8b-b6f4-160f3329f764:192.168.34.21:39722], old=null
2019-10-30 06:07:22,760 [grpc-default-executor-3] INFO  impl.RaftServerImpl (RaftServerImpl.java:setRole(184)) - 78a2ca6d-ab27-408c-be71-e2595a145569@group-E99C5BDD80CF: changes role from  FOLLOWER to FOLLOWER at term 50 for recognizeCandidate:4b4c7497-a7ec-4f2a-a6c9-18b9f4a92a5f
2019-10-30 06:07:22,760 [grpc-default-executor-4] INFO  impl.RaftServerImpl (RaftServerImpl.java:setRole(184)) - 47e59444-ad4b-4d8b-b6f4-160f3329f764@group-E99C5BDD80CF: changes role from  FOLLOWER to FOLLOWER at term 50 for recognizeCandidate:4b4c7497-a7ec-4f2a-a6c9-18b9f4a92a5f
2019-10-30 06:07:22,761 [grpc-default-executor-3] INFO  impl.RoleInfo (RoleInfo.java:shutdownFollowerState(121)) - 78a2ca6d-ab27-408c-be71-e2595a145569: shutdown FollowerState
2019-10-30 06:07:22,761 [grpc-default-executor-4] INFO  impl.RoleInfo (RoleInfo.java:shutdownFollowerState(121)) - 47e59444-ad4b-4d8b-b6f4-160f3329f764: shutdown FollowerState
2019-10-30 06:07:22,761 [Thread-985] INFO  impl.FollowerState (FollowerState.java:run(117)) - 47e59444-ad4b-4d8b-b6f4-160f3329f764@group-E99C5BDD80CF-FollowerState was interrupted: java.lang.InterruptedException: sleep interrupted
2019-10-30 06:07:22,761 [Thread-986] INFO  impl.FollowerState (FollowerState.java:run(117)) - 78a2ca6d-ab27-408c-be71-e2595a145569@group-E99C5BDD80CF-FollowerState was interrupted: java.lang.InterruptedException: sleep interrupted
2019-10-30 06:07:22,761 [grpc-default-executor-3] INFO  impl.RoleInfo (RoleInfo.java:updateAndGet(143)) - 78a2ca6d-ab27-408c-be71-e2595a145569: start FollowerState
2019-10-30 06:07:22,761 [grpc-default-executor-4] INFO  impl.RoleInfo (RoleInfo.java:updateAndGet(143)) - 47e59444-ad4b-4d8b-b6f4-160f3329f764: start FollowerState
2019-10-30 06:07:22,776 [4b4c7497-a7ec-4f2a-a6c9-18b9f4a92a5f@group-E99C5BDD80CF-LeaderElection61] INFO  impl.LeaderElection (LeaderElection.java:logAndReturn(56)) - 4b4c7497-a7ec-4f2a-a6c9-18b9f4a92a5f@group-E99C5BDD80CF-LeaderElection61: Election REJECTED; received 2 response(s) [4b4c7497-a7ec-4f2a-a6c9-18b9f4a92a5f<-78a2ca6d-ab27-408c-be71-e2595a145569#0:FAIL-t50, 4b4c7497-a7ec-4f2a-a6c9-18b9f4a92a5f<-47e59444-ad4b-4d8b-b6f4-160f3329f764#0:FAIL-t50] and 0 exception(s); 4b4c7497-a7ec-4f2a-a6c9-18b9f4a92a5f@group-E99C5BDD80CF:t50, leader=null, voted=4b4c7497-a7ec-4f2a-a6c9-18b9f4a92a5f, raftlog=4b4c7497-a7ec-4f2a-a6c9-18b9f4a92a5f@group-E99C5BDD80CF-SegmentedRaftLog:OPENED:c3,f4,i4, conf=0: [78a2ca6d-ab27-408c-be71-e2595a145569:192.168.34.21:37717, 4b4c7497-a7ec-4f2a-a6c9-18b9f4a92a5f:192.168.34.21:41258, 47e59444-ad4b-4d8b-b6f4-160f3329f764:192.168.34.21:39722], old=null
2019-10-30 06:07:22,776 [4b4c7497-a7ec-4f2a-a6c9-18b9f4a92a5f@group-E99C5BDD80CF-LeaderElection61] INFO  impl.RaftServerImpl (RaftServerImpl.java:setRole(184)) - 4b4c7497-a7ec-4f2a-a6c9-18b9f4a92a5f@group-E99C5BDD80CF: changes role from CANDIDATE to FOLLOWER at term 50 for DISCOVERED_A_NEW_TERM
2019-10-30 06:07:22,776 [4b4c7497-a7ec-4f2a-a6c9-18b9f4a92a5f@group-E99C5BDD80CF-LeaderElection61] INFO  impl.RoleInfo (RoleInfo.java:shutdownLeaderElection(134)) - 4b4c7497-a7ec-4f2a-a6c9-18b9f4a92a5f: shutdown LeaderElection
2019-10-30 06:07:22,776 [4b4c7497-a7ec-4f2a-a6c9-18b9f4a92a5f@group-E99C5BDD80CF-LeaderElection61] INFO  impl.RoleInfo (RoleInfo.java:updateAndGet(143)) - 4b4c7497-a7ec-4f2a-a6c9-18b9f4a92a5f: start FollowerState
2019-10-30 06:07:22,784 [Thread-982] INFO  impl.FollowerState (FollowerState.java:run(108)) - 47e59444-ad4b-4d8b-b6f4-160f3329f764@group-8F7C53609CC3-FollowerState: change to CANDIDATE, lastRpcTime:123ms, electionTimeout:123ms
2019-10-30 06:07:22,784 [Thread-982] INFO  impl.RoleInfo (RoleInfo.java:shutdownFollowerState(121)) - 47e59444-ad4b-4d8b-b6f4-160f3329f764: shutdown FollowerState
2019-10-30 06:07:22,784 [Thread-982] INFO  impl.RaftServerImpl (RaftServerImpl.java:setRole(184)) - 47e59444-ad4b-4d8b-b6f4-160f3329f764@group-8F7C53609CC3: changes role from  FOLLOWER to CANDIDATE at term 17 for changeToCandidate
2019-10-30 06:07:22,784 [Thread-982] INFO  impl.RoleInfo (RoleInfo.java:updateAndGet(143)) - 47e59444-ad4b-4d8b-b6f4-160f3329f764: start LeaderElection
2019-10-30 06:07:22,799 [47e59444-ad4b-4d8b-b6f4-160f3329f764@group-8F7C53609CC3-LeaderElection62] INFO  impl.LeaderElection (LeaderElection.java:askForVotes(178)) - 47e59444-ad4b-4d8b-b6f4-160f3329f764@group-8F7C53609CC3-LeaderElection62: begin an election at term 18 for -1: [78a2ca6d-ab27-408c-be71-e2595a145569:192.168.34.21:37717, 4b4c7497-a7ec-4f2a-a6c9-18b9f4a92a5f:192.168.34.21:41258, 47e59444-ad4b-4d8b-b6f4-160f3329f764:192.168.34.21:39722], old=null
2019-10-30 06:07:22,802 [grpc-default-executor-4] INFO  impl.RaftServerImpl (RaftServerImpl.java:setRole(184)) - 4b4c7497-a7ec-4f2a-a6c9-18b9f4a92a5f@group-8F7C53609CC3: changes role from  FOLLOWER to FOLLOWER at term 18 for recognizeCandidate:47e59444-ad4b-4d8b-b6f4-160f3329f764
2019-10-30 06:07:22,802 [grpc-default-executor-3] INFO  impl.RaftServerImpl (RaftServerImpl.java:setRole(184)) - 78a2ca6d-ab27-408c-be71-e2595a145569@group-8F7C53609CC3: changes role from  FOLLOWER to FOLLOWER at term 18 for recognizeCandidate:47e59444-ad4b-4d8b-b6f4-160f3329f764
2019-10-30 06:07:22,802 [grpc-default-executor-4] INFO  impl.RoleInfo (RoleInfo.java:shutdownFollowerState(121)) - 4b4c7497-a7ec-4f2a-a6c9-18b9f4a92a5f: shutdown FollowerState
2019-10-30 06:07:22,802 [grpc-default-executor-3] INFO  impl.RoleInfo (RoleInfo.java:shutdownFollowerState(121)) - 78a2ca6d-ab27-408c-be71-e2595a145569: shutdown FollowerState
2019-10-30 06:07:22,802 [grpc-default-executor-4] INFO  impl.RoleInfo (RoleInfo.java:updateAndGet(143)) - 4b4c7497-a7ec-4f2a-a6c9-18b9f4a92a5f: start FollowerState
2019-10-30 06:07:22,802 [Thread-979] INFO  impl.FollowerState (FollowerState.java:run(117)) - 78a2ca6d-ab27-408c-be71-e2595a145569@group-8F7C53609CC3-FollowerState was interrupted: java.lang.InterruptedException: sleep interrupted
2019-10-30 06:07:22,802 [grpc-default-executor-3] INFO  impl.RoleInfo (RoleInfo.java:updateAndGet(143)) - 78a2ca6d-ab27-408c-be71-e2595a145569: start FollowerState
2019-10-30 06:07:22,802 [Thread-980] INFO  impl.FollowerState (FollowerState.java:run(117)) - 4b4c7497-a7ec-4f2a-a6c9-18b9f4a92a5f@group-8F7C53609CC3-FollowerState was interrupted: java.lang.InterruptedException: sleep interrupted
2019-10-30 06:07:22,829 [47e59444-ad4b-4d8b-b6f4-160f3329f764@group-8F7C53609CC3-LeaderElection62] INFO  impl.LeaderElection (LeaderElection.java:logAndReturn(56)) - 47e59444-ad4b-4d8b-b6f4-160f3329f764@group-8F7C53609CC3-LeaderElection62: Election REJECTED; received 2 response(s) [47e59444-ad4b-4d8b-b6f4-160f3329f764<-78a2ca6d-ab27-408c-be71-e2595a145569#0:FAIL-t18, 47e59444-ad4b-4d8b-b6f4-160f3329f764<-4b4c7497-a7ec-4f2a-a6c9-18b9f4a92a5f#0:FAIL-t18] and 0 exception(s); 47e59444-ad4b-4d8b-b6f4-160f3329f764@group-8F7C53609CC3:t18, leader=null, voted=47e59444-ad4b-4d8b-b6f4-160f3329f764, raftlog=47e59444-ad4b-4d8b-b6f4-160f3329f764@group-8F7C53609CC3-SegmentedRaftLog:OPENED:c-1,f-1,i0, conf=-1: [78a2ca6d-ab27-408c-be71-e2595a145569:192.168.34.21:37717, 4b4c7497-a7ec-4f2a-a6c9-18b9f4a92a5f:192.168.34.21:41258, 47e59444-ad4b-4d8b-b6f4-160f3329f764:192.168.34.21:39722], old=null
2019-10-30 06:07:22,829 [47e59444-ad4b-4d8b-b6f4-160f3329f764@group-8F7C53609CC3-LeaderElection62] INFO  impl.RaftServerImpl (RaftServerImpl.java:setRole(184)) - 47e59444-ad4b-4d8b-b6f4-160f3329f764@group-8F7C53609CC3: changes role from CANDIDATE to FOLLOWER at term 18 for DISCOVERED_A_NEW_TERM
2019-10-30 06:07:22,830 [47e59444-ad4b-4d8b-b6f4-160f3329f764@group-8F7C53609CC3-LeaderElection62] INFO  impl.RoleInfo (RoleInfo.java:shutdownLeaderElection(134)) - 47e59444-ad4b-4d8b-b6f4-160f3329f764: shutdown LeaderElection
2019-10-30 06:07:22,830 [47e59444-ad4b-4d8b-b6f4-160f3329f764@group-8F7C53609CC3-LeaderElection62] INFO  impl.RoleInfo (RoleInfo.java:updateAndGet(143)) - 47e59444-ad4b-4d8b-b6f4-160f3329f764: start FollowerState
2019-10-30 06:07:22,887 [Thread-993] INFO  impl.FollowerState (FollowerState.java:run(108)) - 4b4c7497-a7ec-4f2a-a6c9-18b9f4a92a5f@group-E99C5BDD80CF-FollowerState: change to CANDIDATE, lastRpcTime:111ms, electionTimeout:111ms
2019-10-30 06:07:22,887 [Thread-993] INFO  impl.RoleInfo (RoleInfo.java:shutdownFollowerState(121)) - 4b4c7497-a7ec-4f2a-a6c9-18b9f4a92a5f: shutdown FollowerState
2019-10-30 06:07:22,888 [Thread-993] INFO  impl.RaftServerImpl (RaftServerImpl.java:setRole(184)) - 4b4c7497-a7ec-4f2a-a6c9-18b9f4a92a5f@group-E99C5BDD80CF: changes role from  FOLLOWER to CANDIDATE at term 50 for changeToCandidate
2019-10-30 06:07:22,888 [Thread-993] INFO  impl.RoleInfo (RoleInfo.java:updateAndGet(143)) - 4b4c7497-a7ec-4f2a-a6c9-18b9f4a92a5f: start LeaderElection
2019-10-30 06:07:22,902 [4b4c7497-a7ec-4f2a-a6c9-18b9f4a92a5f@group-E99C5BDD80CF-LeaderElection63] INFO  impl.LeaderElection (LeaderElection.java:askForVotes(178)) - 4b4c7497-a7ec-4f2a-a6c9-18b9f4a92a5f@group-E99C5BDD80CF-LeaderElection63: begin an election at term 51 for 0: [78a2ca6d-ab27-408c-be71-e2595a145569:192.168.34.21:37717, 4b4c7497-a7ec-4f2a-a6c9-18b9f4a92a5f:192.168.34.21:41258, 47e59444-ad4b-4d8b-b6f4-160f3329f764:192.168.34.21:39722], old=null
2019-10-30 06:07:22,903 [Thread-1004] INFO  client.GrpcClientProtocolService (GrpcClientProtocolService.java:lambda$processClientRequest$0(278)) - Failed RaftClientRequest:client-B8CB26F2FF35->4b4c7497-a7ec-4f2a-a6c9-18b9f4a92a5f@group-E99C5BDD80CF, cid=10, seq=0, Watch-ALL_COMMITTED(6), Message:<EMPTY>, reply=RaftClientReply:client-B8CB26F2FF35->4b4c7497-a7ec-4f2a-a6c9-18b9f4a92a5f@group-E99C5BDD80CF, cid=10, FAILED org.apache.ratis.protocol.NotLeaderException: Server 4b4c7497-a7ec-4f2a-a6c9-18b9f4a92a5f@group-E99C5BDD80CF is not the leader, logIndex=0, commits[4b4c7497-a7ec-4f2a-a6c9-18b9f4a92a5f:c3]
2019-10-30 06:07:22,905 [grpc-default-executor-3] INFO  impl.RaftServerImpl (RaftServerImpl.java:setRole(184)) - 78a2ca6d-ab27-408c-be71-e2595a145569@group-E99C5BDD80CF: changes role from  FOLLOWER to FOLLOWER at term 51 for recognizeCandidate:4b4c7497-a7ec-4f2a-a6c9-18b9f4a92a5f
2019-10-30 06:07:22,905 [grpc-default-executor-4] INFO  impl.RaftServerImpl (RaftServerImpl.java:setRole(184)) - 47e59444-ad4b-4d8b-b6f4-160f3329f764@group-E99C5BDD80CF: changes role from  FOLLOWER to FOLLOWER at term 51 for recognizeCandidate:4b4c7497-a7ec-4f2a-a6c9-18b9f4a92a5f
2019-10-30 06:07:22,905 [grpc-default-executor-4] INFO  impl.RoleInfo (RoleInfo.java:shutdownFollowerState(121)) - 47e59444-ad4b-4d8b-b6f4-160f3329f764: shutdown FollowerState
2019-10-30 06:07:22,905 [grpc-default-executor-3] INFO  impl.RoleInfo (RoleInfo.java:shutdownFollowerState(121)) - 78a2ca6d-ab27-408c-be71-e2595a145569: shutdown FollowerState
2019-10-30 06:07:22,906 [Thread-992] INFO  impl.FollowerState (FollowerState.java:run(117)) - 47e59444-ad4b-4d8b-b6f4-160f3329f764@group-E99C5BDD80CF-FollowerState was interrupted: java.lang.InterruptedException: sleep interrupted
2019-10-30 06:07:22,906 [grpc-default-executor-4] INFO  impl.RoleInfo (RoleInfo.java:updateAndGet(143)) - 47e59444-ad4b-4d8b-b6f4-160f3329f764: start FollowerState
2019-10-30 06:07:22,906 [grpc-default-executor-3] INFO  impl.RoleInfo (RoleInfo.java:updateAndGet(143)) - 78a2ca6d-ab27-408c-be71-e2595a145569: start FollowerState
2019-10-30 06:07:22,906 [Thread-991] INFO  impl.FollowerState (FollowerState.java:run(117)) - 78a2ca6d-ab27-408c-be71-e2595a145569@group-E99C5BDD80CF-FollowerState was interrupted: java.lang.InterruptedException: sleep interrupted
2019-10-30 06:07:22,933 [4b4c7497-a7ec-4f2a-a6c9-18b9f4a92a5f@group-E99C5BDD80CF-LeaderElection63] INFO  impl.LeaderElection (LeaderElection.java:logAndReturn(56)) - 4b4c7497-a7ec-4f2a-a6c9-18b9f4a92a5f@group-E99C5BDD80CF-LeaderElection63: Election REJECTED; received 2 response(s) [4b4c7497-a7ec-4f2a-a6c9-18b9f4a92a5f<-78a2ca6d-ab27-408c-be71-e2595a145569#0:FAIL-t51, 4b4c7497-a7ec-4f2a-a6c9-18b9f4a92a5f<-47e59444-ad4b-4d8b-b6f4-160f3329f764#0:FAIL-t51] and 0 exception(s); 4b4c7497-a7ec-4f2a-a6c9-18b9f4a92a5f@group-E99C5BDD80CF:t51, leader=null, voted=4b4c7497-a7ec-4f2a-a6c9-18b9f4a92a5f, raftlog=4b4c7497-a7ec-4f2a-a6c9-18b9f4a92a5f@group-E99C5BDD80CF-SegmentedRaftLog:OPENED:c3,f4,i4, conf=0: [78a2ca6d-ab27-408c-be71-e2595a145569:192.168.34.21:37717, 4b4c7497-a7ec-4f2a-a6c9-18b9f4a92a5f:192.168.34.21:41258, 47e59444-ad4b-4d8b-b6f4-160f3329f764:192.168.34.21:39722], old=null
2019-10-30 06:07:22,934 [4b4c7497-a7ec-4f2a-a6c9-18b9f4a92a5f@group-E99C5BDD80CF-LeaderElection63] INFO  impl.RaftServerImpl (RaftServerImpl.java:setRole(184)) - 4b4c7497-a7ec-4f2a-a6c9-18b9f4a92a5f@group-E99C5BDD80CF: changes role from CANDIDATE to FOLLOWER at term 51 for DISCOVERED_A_NEW_TERM
2019-10-30 06:07:22,934 [4b4c7497-a7ec-4f2a-a6c9-18b9f4a92a5f@group-E99C5BDD80CF-LeaderElection63] INFO  impl.RoleInfo (RoleInfo.java:shutdownLeaderElection(134)) - 4b4c7497-a7ec-4f2a-a6c9-18b9f4a92a5f: shutdown LeaderElection
2019-10-30 06:07:22,934 [4b4c7497-a7ec-4f2a-a6c9-18b9f4a92a5f@group-E99C5BDD80CF-LeaderElection63] INFO  impl.RoleInfo (RoleInfo.java:updateAndGet(143)) - 4b4c7497-a7ec-4f2a-a6c9-18b9f4a92a5f: start FollowerState
2019-10-30 06:07:22,952 [Thread-999] INFO  impl.FollowerState (FollowerState.java:run(108)) - 47e59444-ad4b-4d8b-b6f4-160f3329f764@group-8F7C53609CC3-FollowerState: change to CANDIDATE, lastRpcTime:122ms, electionTimeout:122ms
2019-10-30 06:07:22,952 [Thread-999] INFO  impl.RoleInfo (RoleInfo.java:shutdownFollowerState(121)) - 47e59444-ad4b-4d8b-b6f4-160f3329f764: shutdown FollowerState
2019-10-30 06:07:22,952 [Thread-999] INFO  impl.RaftServerImpl (RaftServerImpl.java:setRole(184)) - 47e59444-ad4b-4d8b-b6f4-160f3329f764@group-8F7C53609CC3: changes role from  FOLLOWER to CANDIDATE at term 18 for changeToCandidate
2019-10-30 06:07:22,952 [Thread-999] INFO  impl.RoleInfo (RoleInfo.java:updateAndGet(143)) - 47e59444-ad4b-4d8b-b6f4-160f3329f764: start LeaderElection
2019-10-30 06:07:22,963 [47e59444-ad4b-4d8b-b6f4-160f3329f764@group-8F7C53609CC3-LeaderElection64] INFO  impl.LeaderElection (LeaderElection.java:askForVotes(178)) - 47e59444-ad4b-4d8b-b6f4-160f3329f764@group-8F7C53609CC3-LeaderElection64: begin an election at term 19 for -1: [78a2ca6d-ab27-408c-be71-e2595a145569:192.168.34.21:37717, 4b4c7497-a7ec-4f2a-a6c9-18b9f4a92a5f:192.168.34.21:41258, 47e59444-ad4b-4d8b-b6f4-160f3329f764:192.168.34.21:39722], old=null
2019-10-30 06:07:22,965 [grpc-default-executor-3] INFO  impl.RaftServerImpl (RaftServerImpl.java:setRole(184)) - 78a2ca6d-ab27-408c-be71-e2595a145569@group-8F7C53609CC3: changes role from  FOLLOWER to FOLLOWER at term 19 for recognizeCandidate:47e59444-ad4b-4d8b-b6f4-160f3329f764
2019-10-30 06:07:22,965 [grpc-default-executor-3] INFO  impl.RoleInfo (RoleInfo.java:shutdownFollowerState(121)) - 78a2ca6d-ab27-408c-be71-e2595a145569: shutdown FollowerState
2019-10-30 06:07:22,965 [grpc-default-executor-4] INFO  impl.RaftServerImpl (RaftServerImpl.java:setRole(184)) - 4b4c7497-a7ec-4f2a-a6c9-18b9f4a92a5f@group-8F7C53609CC3: changes role from  FOLLOWER to FOLLOWER at term 19 for recognizeCandidate:47e59444-ad4b-4d8b-b6f4-160f3329f764
2019-10-30 06:07:22,965 [grpc-default-executor-3] INFO  impl.RoleInfo (RoleInfo.java:updateAndGet(143)) - 78a2ca6d-ab27-408c-be71-e2595a145569: start FollowerState
2019-10-30 06:07:22,966 [Thread-998] INFO  impl.FollowerState (FollowerState.java:run(117)) - 78a2ca6d-ab27-408c-be71-e2595a145569@group-8F7C53609CC3-FollowerState was interrupted: java.lang.InterruptedException: sleep interrupted
2019-10-30 06:07:22,966 [grpc-default-executor-4] INFO  impl.RoleInfo (RoleInfo.java:shutdownFollowerState(121)) - 4b4c7497-a7ec-4f2a-a6c9-18b9f4a92a5f: shutdown FollowerState
2019-10-30 06:07:22,966 [grpc-default-executor-4] INFO  impl.RoleInfo (RoleInfo.java:updateAndGet(143)) - 4b4c7497-a7ec-4f2a-a6c9-18b9f4a92a5f: start FollowerState
2019-10-30 06:07:22,966 [Thread-997] INFO  impl.FollowerState (FollowerState.java:run(117)) - 4b4c7497-a7ec-4f2a-a6c9-18b9f4a92a5f@group-8F7C53609CC3-FollowerState was interrupted: java.lang.InterruptedException: sleep interrupted
2019-10-30 06:07:22,992 [47e59444-ad4b-4d8b-b6f4-160f3329f764@group-8F7C53609CC3-LeaderElection64] INFO  impl.LeaderElection (LeaderElection.java:logAndReturn(56)) - 47e59444-ad4b-4d8b-b6f4-160f3329f764@group-8F7C53609CC3-LeaderElection64: Election REJECTED; received 2 response(s) [47e59444-ad4b-4d8b-b6f4-160f3329f764<-4b4c7497-a7ec-4f2a-a6c9-18b9f4a92a5f#0:FAIL-t19, 47e59444-ad4b-4d8b-b6f4-160f3329f764<-78a2ca6d-ab27-408c-be71-e2595a145569#0:FAIL-t19] and 0 exception(s); 47e59444-ad4b-4d8b-b6f4-160f3329f764@group-8F7C53609CC3:t19, leader=null, voted=47e59444-ad4b-4d8b-b6f4-160f3329f764, raftlog=47e59444-ad4b-4d8b-b6f4-160f3329f764@group-8F7C53609CC3-SegmentedRaftLog:OPENED:c-1,f-1,i0, conf=-1: [78a2ca6d-ab27-408c-be71-e2595a145569:192.168.34.21:37717, 4b4c7497-a7ec-4f2a-a6c9-18b9f4a92a5f:192.168.34.21:41258, 47e59444-ad4b-4d8b-b6f4-160f3329f764:192.168.34.21:39722], old=null
2019-10-30 06:07:22,992 [47e59444-ad4b-4d8b-b6f4-160f3329f764@group-8F7C53609CC3-LeaderElection64] INFO  impl.RaftServerImpl (RaftServerImpl.java:setRole(184)) - 47e59444-ad4b-4d8b-b6f4-160f3329f764@group-8F7C53609CC3: changes role from CANDIDATE to FOLLOWER at term 19 for DISCOVERED_A_NEW_TERM
2019-10-30 06:07:22,992 [47e59444-ad4b-4d8b-b6f4-160f3329f764@group-8F7C53609CC3-LeaderElection64] INFO  impl.RoleInfo (RoleInfo.java:shutdownLeaderElection(134)) - 47e59444-ad4b-4d8b-b6f4-160f3329f764: shutdown LeaderElection
2019-10-30 06:07:22,992 [47e59444-ad4b-4d8b-b6f4-160f3329f764@group-8F7C53609CC3-LeaderElection64] INFO  impl.RoleInfo (RoleInfo.java:updateAndGet(143)) - 47e59444-ad4b-4d8b-b6f4-160f3329f764: start FollowerState
2019-10-30 06:07:23,070 [Thread-1008] INFO  impl.FollowerState (FollowerState.java:run(108)) - 4b4c7497-a7ec-4f2a-a6c9-18b9f4a92a5f@group-E99C5BDD80CF-FollowerState: change to CANDIDATE, lastRpcTime:136ms, electionTimeout:136ms
2019-10-30 06:07:23,070 [Thread-1008] INFO  impl.RoleInfo (RoleInfo.java:shutdownFollowerState(121)) - 4b4c7497-a7ec-4f2a-a6c9-18b9f4a92a5f: shutdown FollowerState
2019-10-30 06:07:23,070 [Thread-1008] INFO  impl.RaftServerImpl (RaftServerImpl.java:setRole(184)) - 4b4c7497-a7ec-4f2a-a6c9-18b9f4a92a5f@group-E99C5BDD80CF: changes role from  FOLLOWER to CANDIDATE at term 51 for changeToCandidate
2019-10-30 06:07:23,071 [Thread-1008] INFO  impl.RoleInfo (RoleInfo.java:updateAndGet(143)) - 4b4c7497-a7ec-4f2a-a6c9-18b9f4a92a5f: start LeaderElection
2019-10-30 06:07:23,085 [4b4c7497-a7ec-4f2a-a6c9-18b9f4a92a5f@group-E99C5BDD80CF-LeaderElection65] INFO  impl.LeaderElection (LeaderElection.java:askForVotes(178)) - 4b4c7497-a7ec-4f2a-a6c9-18b9f4a92a5f@group-E99C5BDD80CF-LeaderElection65: begin an election at term 52 for 0: [78a2ca6d-ab27-408c-be71-e2595a145569:192.168.34.21:37717, 4b4c7497-a7ec-4f2a-a6c9-18b9f4a92a5f:192.168.34.21:41258, 47e59444-ad4b-4d8b-b6f4-160f3329f764:192.168.34.21:39722], old=null
2019-10-30 06:07:23,087 [grpc-default-executor-4] INFO  impl.RaftServerImpl (RaftServerImpl.java:setRole(184)) - 78a2ca6d-ab27-408c-be71-e2595a145569@group-E99C5BDD80CF: changes role from  FOLLOWER to FOLLOWER at term 52 for recognizeCandidate:4b4c7497-a7ec-4f2a-a6c9-18b9f4a92a5f
2019-10-30 06:07:23,087 [grpc-default-executor-4] INFO  impl.RoleInfo (RoleInfo.java:shutdownFollowerState(121)) - 78a2ca6d-ab27-408c-be71-e2595a145569: shutdown FollowerState
2019-10-30 06:07:23,088 [Thread-1006] INFO  impl.FollowerState (FollowerState.java:run(117)) - 78a2ca6d-ab27-408c-be71-e2595a145569@group-E99C5BDD80CF-FollowerState was interrupted: java.lang.InterruptedException: sleep interrupted
2019-10-30 06:07:23,088 [grpc-default-executor-4] INFO  impl.RoleInfo (RoleInfo.java:updateAndGet(143)) - 78a2ca6d-ab27-408c-be71-e2595a145569: start FollowerState
2019-10-30 06:07:23,087 [grpc-default-executor-3] INFO  impl.RaftServerImpl (RaftServerImpl.java:setRole(184)) - 47e59444-ad4b-4d8b-b6f4-160f3329f764@group-E99C5BDD80CF: changes role from  FOLLOWER to FOLLOWER at term 52 for recognizeCandidate:4b4c7497-a7ec-4f2a-a6c9-18b9f4a92a5f
2019-10-30 06:07:23,089 [grpc-default-executor-3] INFO  impl.RoleInfo (RoleInfo.java:shutdownFollowerState(121)) - 47e59444-ad4b-4d8b-b6f4-160f3329f764: shutdown FollowerState
2019-10-30 06:07:23,089 [grpc-default-executor-3] INFO  impl.RoleInfo (RoleInfo.java:updateAndGet(143)) - 47e59444-ad4b-4d8b-b6f4-160f3329f764: start FollowerState
2019-10-30 06:07:23,090 [Thread-1005] INFO  impl.FollowerState (FollowerState.java:run(117)) - 47e59444-ad4b-4d8b-b6f4-160f3329f764@group-E99C5BDD80CF-FollowerState was interrupted: java.lang.InterruptedException: sleep interrupted
2019-10-30 06:07:23,104 [4b4c7497-a7ec-4f2a-a6c9-18b9f4a92a5f@group-E99C5BDD80CF-LeaderElection65] INFO  impl.LeaderElection (LeaderElection.java:logAndReturn(56)) - 4b4c7497-a7ec-4f2a-a6c9-18b9f4a92a5f@group-E99C5BDD80CF-LeaderElection65: Election REJECTED; received 2 response(s) [4b4c7497-a7ec-4f2a-a6c9-18b9f4a92a5f<-78a2ca6d-ab27-408c-be71-e2595a145569#0:FAIL-t52, 4b4c7497-a7ec-4f2a-a6c9-18b9f4a92a5f<-47e59444-ad4b-4d8b-b6f4-160f3329f764#0:FAIL-t52] and 0 exception(s); 4b4c7497-a7ec-4f2a-a6c9-18b9f4a92a5f@group-E99C5BDD80CF:t52, leader=null, voted=4b4c7497-a7ec-4f2a-a6c9-18b9f4a92a5f, raftlog=4b4c7497-a7ec-4f2a-a6c9-18b9f4a92a5f@group-E99C5BDD80CF-SegmentedRaftLog:OPENED:c3,f4,i4, conf=0: [78a2ca6d-ab27-408c-be71-e2595a145569:192.168.34.21:37717, 4b4c7497-a7ec-4f2a-a6c9-18b9f4a92a5f:192.168.34.21:41258, 47e59444-ad4b-4d8b-b6f4-160f3329f764:192.168.34.21:39722], old=null
2019-10-30 06:07:23,104 [4b4c7497-a7ec-4f2a-a6c9-18b9f4a92a5f@group-E99C5BDD80CF-LeaderElection65] INFO  impl.RaftServerImpl (RaftServerImpl.java:setRole(184)) - 4b4c7497-a7ec-4f2a-a6c9-18b9f4a92a5f@group-E99C5BDD80CF: changes role from CANDIDATE to FOLLOWER at term 52 for DISCOVERED_A_NEW_TERM
2019-10-30 06:07:23,104 [4b4c7497-a7ec-4f2a-a6c9-18b9f4a92a5f@group-E99C5BDD80CF-LeaderElection65] INFO  impl.RoleInfo (RoleInfo.java:shutdownLeaderElection(134)) - 4b4c7497-a7ec-4f2a-a6c9-18b9f4a92a5f: shutdown LeaderElection
2019-10-30 06:07:23,104 [4b4c7497-a7ec-4f2a-a6c9-18b9f4a92a5f@group-E99C5BDD80CF-LeaderElection65] INFO  impl.RoleInfo (RoleInfo.java:updateAndGet(143)) - 4b4c7497-a7ec-4f2a-a6c9-18b9f4a92a5f: start FollowerState
2019-10-30 06:07:23,139 [Thread-1014] INFO  impl.FollowerState (FollowerState.java:run(108)) - 47e59444-ad4b-4d8b-b6f4-160f3329f764@group-8F7C53609CC3-FollowerState: change to CANDIDATE, lastRpcTime:146ms, electionTimeout:146ms
2019-10-30 06:07:23,139 [Thread-1014] INFO  impl.RoleInfo (RoleInfo.java:shutdownFollowerState(121)) - 47e59444-ad4b-4d8b-b6f4-160f3329f764: shutdown FollowerState
2019-10-30 06:07:23,139 [Thread-1014] INFO  impl.RaftServerImpl (RaftServerImpl.java:setRole(184)) - 47e59444-ad4b-4d8b-b6f4-160f3329f764@group-8F7C53609CC3: changes role from  FOLLOWER to CANDIDATE at term 19 for changeToCandidate
2019-10-30 06:07:23,139 [Thread-1014] INFO  impl.RoleInfo (RoleInfo.java:updateAndGet(143)) - 47e59444-ad4b-4d8b-b6f4-160f3329f764: start LeaderElection
2019-10-30 06:07:23,152 [47e59444-ad4b-4d8b-b6f4-160f3329f764@group-8F7C53609CC3-LeaderElection66] INFO  impl.LeaderElection (LeaderElection.java:askForVotes(178)) - 47e59444-ad4b-4d8b-b6f4-160f3329f764@group-8F7C53609CC3-LeaderElection66: begin an election at term 20 for -1: [78a2ca6d-ab27-408c-be71-e2595a145569:192.168.34.21:37717, 4b4c7497-a7ec-4f2a-a6c9-18b9f4a92a5f:192.168.34.21:41258, 47e59444-ad4b-4d8b-b6f4-160f3329f764:192.168.34.21:39722], old=null
2019-10-30 06:07:23,154 [grpc-default-executor-3] INFO  impl.RaftServerImpl (RaftServerImpl.java:setRole(184)) - 78a2ca6d-ab27-408c-be71-e2595a145569@group-8F7C53609CC3: changes role from  FOLLOWER to FOLLOWER at term 20 for recognizeCandidate:47e59444-ad4b-4d8b-b6f4-160f3329f764
2019-10-30 06:07:23,154 [grpc-default-executor-4] INFO  impl.RaftServerImpl (RaftServerImpl.java:setRole(184)) - 4b4c7497-a7ec-4f2a-a6c9-18b9f4a92a5f@group-8F7C53609CC3: changes role from  FOLLOWER to FOLLOWER at term 20 for recognizeCandidate:47e59444-ad4b-4d8b-b6f4-160f3329f764
2019-10-30 06:07:23,154 [grpc-default-executor-3] INFO  impl.RoleInfo (RoleInfo.java:shutdownFollowerState(121)) - 78a2ca6d-ab27-408c-be71-e2595a145569: shutdown FollowerState
2019-10-30 06:07:23,154 [grpc-default-executor-4] INFO  impl.RoleInfo (RoleInfo.java:shutdownFollowerState(121)) - 4b4c7497-a7ec-4f2a-a6c9-18b9f4a92a5f: shutdown FollowerState
2019-10-30 06:07:23,154 [grpc-default-executor-3] INFO  impl.RoleInfo (RoleInfo.java:updateAndGet(143)) - 78a2ca6d-ab27-408c-be71-e2595a145569: start FollowerState
2019-10-30 06:07:23,155 [Thread-1013] INFO  impl.FollowerState (FollowerState.java:run(117)) - 4b4c7497-a7ec-4f2a-a6c9-18b9f4a92a5f@group-8F7C53609CC3-FollowerState was interrupted: java.lang.InterruptedException: sleep interrupted
2019-10-30 06:07:23,155 [Thread-1012] INFO  impl.FollowerState (FollowerState.java:run(117)) - 78a2ca6d-ab27-408c-be71-e2595a145569@group-8F7C53609CC3-FollowerState was interrupted: java.lang.InterruptedException: sleep interrupted
2019-10-30 06:07:23,155 [grpc-default-executor-4] INFO  impl.RoleInfo (RoleInfo.java:updateAndGet(143)) - 4b4c7497-a7ec-4f2a-a6c9-18b9f4a92a5f: start FollowerState
2019-10-30 06:07:23,168 [47e59444-ad4b-4d8b-b6f4-160f3329f764@group-8F7C53609CC3-LeaderElection66] INFO  impl.LeaderElection (LeaderElection.java:logAndReturn(56)) - 47e59444-ad4b-4d8b-b6f4-160f3329f764@group-8F7C53609CC3-LeaderElection66: Election REJECTED; received 2 response(s) [47e59444-ad4b-4d8b-b6f4-160f3329f764<-4b4c7497-a7ec-4f2a-a6c9-18b9f4a92a5f#0:FAIL-t20, 47e59444-ad4b-4d8b-b6f4-160f3329f764<-78a2ca6d-ab27-408c-be71-e2595a145569#0:FAIL-t20] and 0 exception(s); 47e59444-ad4b-4d8b-b6f4-160f3329f764@group-8F7C53609CC3:t20, leader=null, voted=47e59444-ad4b-4d8b-b6f4-160f3329f764, raftlog=47e59444-ad4b-4d8b-b6f4-160f3329f764@group-8F7C53609CC3-SegmentedRaftLog:OPENED:c-1,f-1,i0, conf=-1: [78a2ca6d-ab27-408c-be71-e2595a145569:192.168.34.21:37717, 4b4c7497-a7ec-4f2a-a6c9-18b9f4a92a5f:192.168.34.21:41258, 47e59444-ad4b-4d8b-b6f4-160f3329f764:192.168.34.21:39722], old=null
2019-10-30 06:07:23,168 [47e59444-ad4b-4d8b-b6f4-160f3329f764@group-8F7C53609CC3-LeaderElection66] INFO  impl.RaftServerImpl (RaftServerImpl.java:setRole(184)) - 47e59444-ad4b-4d8b-b6f4-160f3329f764@group-8F7C53609CC3: changes role from CANDIDATE to FOLLOWER at term 20 for DISCOVERED_A_NEW_TERM
2019-10-30 06:07:23,168 [47e59444-ad4b-4d8b-b6f4-160f3329f764@group-8F7C53609CC3-LeaderElection66] INFO  impl.RoleInfo (RoleInfo.java:shutdownLeaderElection(134)) - 47e59444-ad4b-4d8b-b6f4-160f3329f764: shutdown LeaderElection
2019-10-30 06:07:23,168 [47e59444-ad4b-4d8b-b6f4-160f3329f764@group-8F7C53609CC3-LeaderElection66] INFO  impl.RoleInfo (RoleInfo.java:updateAndGet(143)) - 47e59444-ad4b-4d8b-b6f4-160f3329f764: start FollowerState
2019-10-30 06:07:23,178 [Thread-1020] INFO  impl.FollowerState (FollowerState.java:run(108)) - 4b4c7497-a7ec-4f2a-a6c9-18b9f4a92a5f@group-E99C5BDD80CF-FollowerState: change to CANDIDATE, lastRpcTime:73ms, electionTimeout:73ms
2019-10-30 06:07:23,178 [Thread-1020] INFO  impl.RoleInfo (RoleInfo.java:shutdownFollowerState(121)) - 4b4c7497-a7ec-4f2a-a6c9-18b9f4a92a5f: shutdown FollowerState
2019-10-30 06:07:23,178 [Thread-1020] INFO  impl.RaftServerImpl (RaftServerImpl.java:setRole(184)) - 4b4c7497-a7ec-4f2a-a6c9-18b9f4a92a5f@group-E99C5BDD80CF: changes role from  FOLLOWER to CANDIDATE at term 52 for changeToCandidate
2019-10-30 06:07:23,178 [Thread-1020] INFO  impl.RoleInfo (RoleInfo.java:updateAndGet(143)) - 4b4c7497-a7ec-4f2a-a6c9-18b9f4a92a5f: start LeaderElection
2019-10-30 06:07:23,181 [Thread-1026] INFO  impl.FollowerState (FollowerState.java:run(108)) - 47e59444-ad4b-4d8b-b6f4-160f3329f764@group-8F7C53609CC3-FollowerState: change to CANDIDATE, lastRpcTime:13ms, electionTimeout:13ms
2019-10-30 06:07:23,181 [Thread-1026] INFO  impl.RoleInfo (RoleInfo.java:shutdownFollowerState(121)) - 47e59444-ad4b-4d8b-b6f4-160f3329f764: shutdown FollowerState
2019-10-30 06:07:23,181 [Thread-1026] INFO  impl.RaftServerImpl (RaftServerImpl.java:setRole(184)) - 47e59444-ad4b-4d8b-b6f4-160f3329f764@group-8F7C53609CC3: changes role from  FOLLOWER to CANDIDATE at term 20 for changeToCandidate
2019-10-30 06:07:23,182 [Thread-1026] INFO  impl.RoleInfo (RoleInfo.java:updateAndGet(143)) - 47e59444-ad4b-4d8b-b6f4-160f3329f764: start LeaderElection
2019-10-30 06:07:23,203 [47e59444-ad4b-4d8b-b6f4-160f3329f764@group-8F7C53609CC3-LeaderElection68] INFO  impl.LeaderElection (LeaderElection.java:askForVotes(178)) - 47e59444-ad4b-4d8b-b6f4-160f3329f764@group-8F7C53609CC3-LeaderElection68: begin an election at term 21 for -1: [78a2ca6d-ab27-408c-be71-e2595a145569:192.168.34.21:37717, 4b4c7497-a7ec-4f2a-a6c9-18b9f4a92a5f:192.168.34.21:41258, 47e59444-ad4b-4d8b-b6f4-160f3329f764:192.168.34.21:39722], old=null
2019-10-30 06:07:23,203 [4b4c7497-a7ec-4f2a-a6c9-18b9f4a92a5f@group-E99C5BDD80CF-LeaderElection67] INFO  impl.LeaderElection (LeaderElection.java:askForVotes(178)) - 4b4c7497-a7ec-4f2a-a6c9-18b9f4a92a5f@group-E99C5BDD80CF-LeaderElection67: begin an election at term 53 for 0: [78a2ca6d-ab27-408c-be71-e2595a145569:192.168.34.21:37717, 4b4c7497-a7ec-4f2a-a6c9-18b9f4a92a5f:192.168.34.21:41258, 47e59444-ad4b-4d8b-b6f4-160f3329f764:192.168.34.21:39722], old=null
2019-10-30 06:07:23,206 [grpc-default-executor-4] INFO  impl.RaftServerImpl (RaftServerImpl.java:setRole(184)) - 78a2ca6d-ab27-408c-be71-e2595a145569@group-E99C5BDD80CF: changes role from  FOLLOWER to FOLLOWER at term 53 for recognizeCandidate:4b4c7497-a7ec-4f2a-a6c9-18b9f4a92a5f
2019-10-30 06:07:23,206 [grpc-default-executor-6] INFO  impl.RaftServerImpl (RaftServerImpl.java:setRole(184)) - 4b4c7497-a7ec-4f2a-a6c9-18b9f4a92a5f@group-8F7C53609CC3: changes role from  FOLLOWER to FOLLOWER at term 21 for recognizeCandidate:47e59444-ad4b-4d8b-b6f4-160f3329f764
2019-10-30 06:07:23,206 [grpc-default-executor-3] INFO  impl.RaftServerImpl (RaftServerImpl.java:setRole(184)) - 78a2ca6d-ab27-408c-be71-e2595a145569@group-8F7C53609CC3: changes role from  FOLLOWER to FOLLOWER at term 21 for recognizeCandidate:47e59444-ad4b-4d8b-b6f4-160f3329f764
2019-10-30 06:07:23,206 [grpc-default-executor-6] INFO  impl.RoleInfo (RoleInfo.java:shutdownFollowerState(121)) - 4b4c7497-a7ec-4f2a-a6c9-18b9f4a92a5f: shutdown FollowerState
2019-10-30 06:07:23,206 [grpc-default-executor-2] INFO  impl.RaftServerImpl (RaftServerImpl.java:setRole(184)) - 47e59444-ad4b-4d8b-b6f4-160f3329f764@group-E99C5BDD80CF: changes role from  FOLLOWER to FOLLOWER at term 53 for recognizeCandidate:4b4c7497-a7ec-4f2a-a6c9-18b9f4a92a5f
2019-10-30 06:07:23,206 [Thread-1025] INFO  impl.FollowerState (FollowerState.java:run(117)) - 4b4c7497-a7ec-4f2a-a6c9-18b9f4a92a5f@group-8F7C53609CC3-FollowerState was interrupted: java.lang.InterruptedException: sleep interrupted
2019-10-30 06:07:23,206 [grpc-default-executor-4] INFO  impl.RoleInfo (RoleInfo.java:shutdownFollowerState(121)) - 78a2ca6d-ab27-408c-be71-e2595a145569: shutdown FollowerState
2019-10-30 06:07:23,206 [grpc-default-executor-2] INFO  impl.RoleInfo (RoleInfo.java:shutdownFollowerState(121)) - 47e59444-ad4b-4d8b-b6f4-160f3329f764: shutdown FollowerState
2019-10-30 06:07:23,206 [grpc-default-executor-6] INFO  impl.RoleInfo (RoleInfo.java:updateAndGet(143)) - 4b4c7497-a7ec-4f2a-a6c9-18b9f4a92a5f: start FollowerState
2019-10-30 06:07:23,206 [grpc-default-executor-3] INFO  impl.RoleInfo (RoleInfo.java:shutdownFollowerState(121)) - 78a2ca6d-ab27-408c-be71-e2595a145569: shutdown FollowerState
2019-10-30 06:07:23,206 [Thread-1019] INFO  impl.FollowerState (FollowerState.java:run(117)) - 47e59444-ad4b-4d8b-b6f4-160f3329f764@group-E99C5BDD80CF-FollowerState was interrupted: java.lang.InterruptedException: sleep interrupted
2019-10-30 06:07:23,206 [grpc-default-executor-2] INFO  impl.RoleInfo (RoleInfo.java:updateAndGet(143)) - 47e59444-ad4b-4d8b-b6f4-160f3329f764: start FollowerState
2019-10-30 06:07:23,206 [Thread-1018] INFO  impl.FollowerState (FollowerState.java:run(117)) - 78a2ca6d-ab27-408c-be71-e2595a145569@group-E99C5BDD80CF-FollowerState was interrupted: java.lang.InterruptedException: sleep interrupted
2019-10-30 06:07:23,206 [grpc-default-executor-4] INFO  impl.RoleInfo (RoleInfo.java:updateAndGet(143)) - 78a2ca6d-ab27-408c-be71-e2595a145569: start FollowerState
2019-10-30 06:07:23,207 [grpc-default-executor-3] INFO  impl.RoleInfo (RoleInfo.java:updateAndGet(143)) - 78a2ca6d-ab27-408c-be71-e2595a145569: start FollowerState
2019-10-30 06:07:23,207 [Thread-1024] INFO  impl.FollowerState (FollowerState.java:run(117)) - 78a2ca6d-ab27-408c-be71-e2595a145569@group-8F7C53609CC3-FollowerState was interrupted: java.lang.InterruptedException: sleep interrupted
2019-10-30 06:07:23,233 [47e59444-ad4b-4d8b-b6f4-160f3329f764@group-8F7C53609CC3-LeaderElection68] INFO  impl.LeaderElection (LeaderElection.java:logAndReturn(56)) - 47e59444-ad4b-4d8b-b6f4-160f3329f764@group-8F7C53609CC3-LeaderElection68: Election REJECTED; received 2 response(s) [47e59444-ad4b-4d8b-b6f4-160f3329f764<-4b4c7497-a7ec-4f2a-a6c9-18b9f4a92a5f#0:FAIL-t21, 47e59444-ad4b-4d8b-b6f4-160f3329f764<-78a2ca6d-ab27-408c-be71-e2595a145569#0:FAIL-t21] and 0 exception(s); 47e59444-ad4b-4d8b-b6f4-160f3329f764@group-8F7C53609CC3:t21, leader=null, voted=47e59444-ad4b-4d8b-b6f4-160f3329f764, raftlog=47e59444-ad4b-4d8b-b6f4-160f3329f764@group-8F7C53609CC3-SegmentedRaftLog:OPENED:c-1,f-1,i0, conf=-1: [78a2ca6d-ab27-408c-be71-e2595a145569:192.168.34.21:37717, 4b4c7497-a7ec-4f2a-a6c9-18b9f4a92a5f:192.168.34.21:41258, 47e59444-ad4b-4d8b-b6f4-160f3329f764:192.168.34.21:39722], old=null
2019-10-30 06:07:23,233 [4b4c7497-a7ec-4f2a-a6c9-18b9f4a92a5f@group-E99C5BDD80CF-LeaderElection67] INFO  impl.LeaderElection (LeaderElection.java:logAndReturn(56)) - 4b4c7497-a7ec-4f2a-a6c9-18b9f4a92a5f@group-E99C5BDD80CF-LeaderElection67: Election REJECTED; received 2 response(s) [4b4c7497-a7ec-4f2a-a6c9-18b9f4a92a5f<-78a2ca6d-ab27-408c-be71-e2595a145569#0:FAIL-t53, 4b4c7497-a7ec-4f2a-a6c9-18b9f4a92a5f<-47e59444-ad4b-4d8b-b6f4-160f3329f764#0:FAIL-t53] and 0 exception(s); 4b4c7497-a7ec-4f2a-a6c9-18b9f4a92a5f@group-E99C5BDD80CF:t53, leader=null, voted=4b4c7497-a7ec-4f2a-a6c9-18b9f4a92a5f, raftlog=4b4c7497-a7ec-4f2a-a6c9-18b9f4a92a5f@group-E99C5BDD80CF-SegmentedRaftLog:OPENED:c3,f4,i4, conf=0: [78a2ca6d-ab27-408c-be71-e2595a145569:192.168.34.21:37717, 4b4c7497-a7ec-4f2a-a6c9-18b9f4a92a5f:192.168.34.21:41258, 47e59444-ad4b-4d8b-b6f4-160f3329f764:192.168.34.21:39722], old=null
2019-10-30 06:07:23,233 [47e59444-ad4b-4d8b-b6f4-160f3329f764@group-8F7C53609CC3-LeaderElection68] INFO  impl.RaftServerImpl (RaftServerImpl.java:setRole(184)) - 47e59444-ad4b-4d8b-b6f4-160f3329f764@group-8F7C53609CC3: changes role from CANDIDATE to FOLLOWER at term 21 for DISCOVERED_A_NEW_TERM
2019-10-30 06:07:23,233 [4b4c7497-a7ec-4f2a-a6c9-18b9f4a92a5f@group-E99C5BDD80CF-LeaderElection67] INFO  impl.RaftServerImpl (RaftServerImpl.java:setRole(184)) - 4b4c7497-a7ec-4f2a-a6c9-18b9f4a92a5f@group-E99C5BDD80CF: changes role from CANDIDATE to FOLLOWER at term 53 for DISCOVERED_A_NEW_TERM
2019-10-30 06:07:23,234 [47e59444-ad4b-4d8b-b6f4-160f3329f764@group-8F7C53609CC3-LeaderElection68] INFO  impl.RoleInfo (RoleInfo.java:shutdownLeaderElection(134)) - 47e59444-ad4b-4d8b-b6f4-160f3329f764: shutdown LeaderElection
2019-10-30 06:07:23,234 [4b4c7497-a7ec-4f2a-a6c9-18b9f4a92a5f@group-E99C5BDD80CF-LeaderElection67] INFO  impl.RoleInfo (RoleInfo.java:shutdownLeaderElection(134)) - 4b4c7497-a7ec-4f2a-a6c9-18b9f4a92a5f: shutdown LeaderElection
2019-10-30 06:07:23,234 [4b4c7497-a7ec-4f2a-a6c9-18b9f4a92a5f@group-E99C5BDD80CF-LeaderElection67] INFO  impl.RoleInfo (RoleInfo.java:updateAndGet(143)) - 4b4c7497-a7ec-4f2a-a6c9-18b9f4a92a5f: start FollowerState
2019-10-30 06:07:23,234 [47e59444-ad4b-4d8b-b6f4-160f3329f764@group-8F7C53609CC3-LeaderElection68] INFO  impl.RoleInfo (RoleInfo.java:updateAndGet(143)) - 47e59444-ad4b-4d8b-b6f4-160f3329f764: start FollowerState
2019-10-30 06:07:23,280 [Thread-1037] INFO  impl.FollowerState (FollowerState.java:run(108)) - 47e59444-ad4b-4d8b-b6f4-160f3329f764@group-8F7C53609CC3-FollowerState: change to CANDIDATE, lastRpcTime:46ms, electionTimeout:46ms
2019-10-30 06:07:23,280 [Thread-1037] INFO  impl.RoleInfo (RoleInfo.java:shutdownFollowerState(121)) - 47e59444-ad4b-4d8b-b6f4-160f3329f764: shutdown FollowerState
2019-10-30 06:07:23,281 [Thread-1037] INFO  impl.RaftServerImpl (RaftServerImpl.java:setRole(184)) - 47e59444-ad4b-4d8b-b6f4-160f3329f764@group-8F7C53609CC3: changes role from  FOLLOWER to CANDIDATE at term 21 for changeToCandidate
2019-10-30 06:07:23,281 [Thread-1037] INFO  impl.RoleInfo (RoleInfo.java:updateAndGet(143)) - 47e59444-ad4b-4d8b-b6f4-160f3329f764: start LeaderElection
2019-10-30 06:07:23,306 [47e59444-ad4b-4d8b-b6f4-160f3329f764@group-8F7C53609CC3-LeaderElection69] INFO  impl.LeaderElection (LeaderElection.java:askForVotes(178)) - 47e59444-ad4b-4d8b-b6f4-160f3329f764@group-8F7C53609CC3-LeaderElection69: begin an election at term 22 for -1: [78a2ca6d-ab27-408c-be71-e2595a145569:192.168.34.21:37717, 4b4c7497-a7ec-4f2a-a6c9-18b9f4a92a5f:192.168.34.21:41258, 47e59444-ad4b-4d8b-b6f4-160f3329f764:192.168.34.21:39722], old=null
2019-10-30 06:07:23,308 [grpc-default-executor-3] INFO  impl.RaftServerImpl (RaftServerImpl.java:setRole(184)) - 78a2ca6d-ab27-408c-be71-e2595a145569@group-8F7C53609CC3: changes role from  FOLLOWER to FOLLOWER at term 22 for recognizeCandidate:47e59444-ad4b-4d8b-b6f4-160f3329f764
2019-10-30 06:07:23,308 [grpc-default-executor-2] INFO  impl.RaftServerImpl (RaftServerImpl.java:setRole(184)) - 4b4c7497-a7ec-4f2a-a6c9-18b9f4a92a5f@group-8F7C53609CC3: changes role from  FOLLOWER to FOLLOWER at term 22 for recognizeCandidate:47e59444-ad4b-4d8b-b6f4-160f3329f764
2019-10-30 06:07:23,308 [grpc-default-executor-3] INFO  impl.RoleInfo (RoleInfo.java:shutdownFollowerState(121)) - 78a2ca6d-ab27-408c-be71-e2595a145569: shutdown FollowerState
2019-10-30 06:07:23,308 [grpc-default-executor-2] INFO  impl.RoleInfo (RoleInfo.java:shutdownFollowerState(121)) - 4b4c7497-a7ec-4f2a-a6c9-18b9f4a92a5f: shutdown FollowerState
2019-10-30 06:07:23,309 [Thread-1036] INFO  impl.FollowerState (FollowerState.java:run(117)) - 78a2ca6d-ab27-408c-be71-e2595a145569@group-8F7C53609CC3-FollowerState was interrupted: java.lang.InterruptedException: sleep interrupted
2019-10-30 06:07:23,309 [Thread-1033] INFO  impl.FollowerState (FollowerState.java:run(117)) - 4b4c7497-a7ec-4f2a-a6c9-18b9f4a92a5f@group-8F7C53609CC3-FollowerState was interrupted: java.lang.InterruptedException: sleep interrupted
2019-10-30 06:07:23,309 [grpc-default-executor-3] INFO  impl.RoleInfo (RoleInfo.java:updateAndGet(143)) - 78a2ca6d-ab27-408c-be71-e2595a145569: start FollowerState
2019-10-30 06:07:23,309 [grpc-default-executor-2] INFO  impl.RoleInfo (RoleInfo.java:updateAndGet(143)) - 4b4c7497-a7ec-4f2a-a6c9-18b9f4a92a5f: start FollowerState
2019-10-30 06:07:23,323 [47e59444-ad4b-4d8b-b6f4-160f3329f764@group-8F7C53609CC3-LeaderElection69] INFO  impl.LeaderElection (LeaderElection.java:logAndReturn(56)) - 47e59444-ad4b-4d8b-b6f4-160f3329f764@group-8F7C53609CC3-LeaderElection69: Election REJECTED; received 2 response(s) [47e59444-ad4b-4d8b-b6f4-160f3329f764<-4b4c7497-a7ec-4f2a-a6c9-18b9f4a92a5f#0:FAIL-t22, 47e59444-ad4b-4d8b-b6f4-160f3329f764<-78a2ca6d-ab27-408c-be71-e2595a145569#0:FAIL-t22] and 0 exception(s); 47e59444-ad4b-4d8b-b6f4-160f3329f764@group-8F7C53609CC3:t22, leader=null, voted=47e59444-ad4b-4d8b-b6f4-160f3329f764, raftlog=47e59444-ad4b-4d8b-b6f4-160f3329f764@group-8F7C53609CC3-SegmentedRaftLog:OPENED:c-1,f-1,i0, conf=-1: [78a2ca6d-ab27-408c-be71-e2595a145569:192.168.34.21:37717, 4b4c7497-a7ec-4f2a-a6c9-18b9f4a92a5f:192.168.34.21:41258, 47e59444-ad4b-4d8b-b6f4-160f3329f764:192.168.34.21:39722], old=null
2019-10-30 06:07:23,323 [47e59444-ad4b-4d8b-b6f4-160f3329f764@group-8F7C53609CC3-LeaderElection69] INFO  impl.RaftServerImpl (RaftServerImpl.java:setRole(184)) - 47e59444-ad4b-4d8b-b6f4-160f3329f764@group-8F7C53609CC3: changes role from CANDIDATE to FOLLOWER at term 22 for DISCOVERED_A_NEW_TERM
2019-10-30 06:07:23,323 [47e59444-ad4b-4d8b-b6f4-160f3329f764@group-8F7C53609CC3-LeaderElection69] INFO  impl.RoleInfo (RoleInfo.java:shutdownLeaderElection(134)) - 47e59444-ad4b-4d8b-b6f4-160f3329f764: shutdown LeaderElection
2019-10-30 06:07:23,323 [47e59444-ad4b-4d8b-b6f4-160f3329f764@group-8F7C53609CC3-LeaderElection69] INFO  impl.RoleInfo (RoleInfo.java:updateAndGet(143)) - 47e59444-ad4b-4d8b-b6f4-160f3329f764: start FollowerState
2019-10-30 06:07:23,410 [Thread-1038] INFO  impl.FollowerState (FollowerState.java:run(108)) - 4b4c7497-a7ec-4f2a-a6c9-18b9f4a92a5f@group-E99C5BDD80CF-FollowerState: change to CANDIDATE, lastRpcTime:176ms, electionTimeout:176ms
2019-10-30 06:07:23,410 [Thread-1038] INFO  impl.RoleInfo (RoleInfo.java:shutdownFollowerState(121)) - 4b4c7497-a7ec-4f2a-a6c9-18b9f4a92a5f: shutdown FollowerState
2019-10-30 06:07:23,410 [Thread-1038] INFO  impl.RaftServerImpl (RaftServerImpl.java:setRole(184)) - 4b4c7497-a7ec-4f2a-a6c9-18b9f4a92a5f@group-E99C5BDD80CF: changes role from  FOLLOWER to CANDIDATE at term 53 for changeToCandidate
2019-10-30 06:07:23,410 [Thread-1038] INFO  impl.RoleInfo (RoleInfo.java:updateAndGet(143)) - 4b4c7497-a7ec-4f2a-a6c9-18b9f4a92a5f: start LeaderElection
2019-10-30 06:07:23,425 [4b4c7497-a7ec-4f2a-a6c9-18b9f4a92a5f@group-E99C5BDD80CF-LeaderElection70] INFO  impl.LeaderElection (LeaderElection.java:askForVotes(178)) - 4b4c7497-a7ec-4f2a-a6c9-18b9f4a92a5f@group-E99C5BDD80CF-LeaderElection70: begin an election at term 54 for 0: [78a2ca6d-ab27-408c-be71-e2595a145569:192.168.34.21:37717, 4b4c7497-a7ec-4f2a-a6c9-18b9f4a92a5f:192.168.34.21:41258, 47e59444-ad4b-4d8b-b6f4-160f3329f764:192.168.34.21:39722], old=null
2019-10-30 06:07:23,427 [grpc-default-executor-3] INFO  impl.RaftServerImpl (RaftServerImpl.java:setRole(184)) - 78a2ca6d-ab27-408c-be71-e2595a145569@group-E99C5BDD80CF: changes role from  FOLLOWER to FOLLOWER at term 54 for recognizeCandidate:4b4c7497-a7ec-4f2a-a6c9-18b9f4a92a5f
2019-10-30 06:07:23,427 [grpc-default-executor-2] INFO  impl.RaftServerImpl (RaftServerImpl.java:setRole(184)) - 47e59444-ad4b-4d8b-b6f4-160f3329f764@group-E99C5BDD80CF: changes role from  FOLLOWER to FOLLOWER at term 54 for recognizeCandidate:4b4c7497-a7ec-4f2a-a6c9-18b9f4a92a5f
2019-10-30 06:07:23,427 [grpc-default-executor-3] INFO  impl.RoleInfo (RoleInfo.java:shutdownFollowerState(121)) - 78a2ca6d-ab27-408c-be71-e2595a145569: shutdown FollowerState
2019-10-30 06:07:23,427 [grpc-default-executor-2] INFO  impl.RoleInfo (RoleInfo.java:shutdownFollowerState(121)) - 47e59444-ad4b-4d8b-b6f4-160f3329f764: shutdown FollowerState
2019-10-30 06:07:23,428 [grpc-default-executor-3] INFO  impl.RoleInfo (RoleInfo.java:updateAndGet(143)) - 78a2ca6d-ab27-408c-be71-e2595a145569: start FollowerState
2019-10-30 06:07:23,428 [Thread-1034] INFO  impl.FollowerState (FollowerState.java:run(117)) - 78a2ca6d-ab27-408c-be71-e2595a145569@group-E99C5BDD80CF-FollowerState was interrupted: java.lang.InterruptedException: sleep interrupted
2019-10-30 06:07:23,428 [grpc-default-executor-2] INFO  impl.RoleInfo (RoleInfo.java:updateAndGet(143)) - 47e59444-ad4b-4d8b-b6f4-160f3329f764: start FollowerState
2019-10-30 06:07:23,428 [Thread-1035] INFO  impl.FollowerState (FollowerState.java:run(117)) - 47e59444-ad4b-4d8b-b6f4-160f3329f764@group-E99C5BDD80CF-FollowerState was interrupted: java.lang.InterruptedException: sleep interrupted
2019-10-30 06:07:23,447 [BlockDeletingService#2] WARN  background.BlockDeletingService (BlockDeletingService.java:isDeletionAllowed(187)) - Close Container log Index 6 is not replicated across allthe servers in the pipeline 55028169-3584-4748-a1dc-e99c5bdd80cf as the min replicated index is 4. Deletion is not allowed in this container yet.
2019-10-30 06:07:23,447 [BlockDeletingService#2] WARN  background.BlockDeletingService (BlockDeletingService.java:isDeletionAllowed(187)) - Close Container log Index 6 is not replicated across allthe servers in the pipeline 55028169-3584-4748-a1dc-e99c5bdd80cf as the min replicated index is 4. Deletion is not allowed in this container yet.
2019-10-30 06:07:23,454 [4b4c7497-a7ec-4f2a-a6c9-18b9f4a92a5f@group-E99C5BDD80CF-LeaderElection70] INFO  impl.LeaderElection (LeaderElection.java:logAndReturn(56)) - 4b4c7497-a7ec-4f2a-a6c9-18b9f4a92a5f@group-E99C5BDD80CF-LeaderElection70: Election REJECTED; received 2 response(s) [4b4c7497-a7ec-4f2a-a6c9-18b9f4a92a5f<-78a2ca6d-ab27-408c-be71-e2595a145569#0:FAIL-t54, 4b4c7497-a7ec-4f2a-a6c9-18b9f4a92a5f<-47e59444-ad4b-4d8b-b6f4-160f3329f764#0:FAIL-t54] and 0 exception(s); 4b4c7497-a7ec-4f2a-a6c9-18b9f4a92a5f@group-E99C5BDD80CF:t54, leader=null, voted=4b4c7497-a7ec-4f2a-a6c9-18b9f4a92a5f, raftlog=4b4c7497-a7ec-4f2a-a6c9-18b9f4a92a5f@group-E99C5BDD80CF-SegmentedRaftLog:OPENED:c3,f4,i4, conf=0: [78a2ca6d-ab27-408c-be71-e2595a145569:192.168.34.21:37717, 4b4c7497-a7ec-4f2a-a6c9-18b9f4a92a5f:192.168.34.21:41258, 47e59444-ad4b-4d8b-b6f4-160f3329f764:192.168.34.21:39722], old=null
2019-10-30 06:07:23,454 [4b4c7497-a7ec-4f2a-a6c9-18b9f4a92a5f@group-E99C5BDD80CF-LeaderElection70] INFO  impl.RaftServerImpl (RaftServerImpl.java:setRole(184)) - 4b4c7497-a7ec-4f2a-a6c9-18b9f4a92a5f@group-E99C5BDD80CF: changes role from CANDIDATE to FOLLOWER at term 54 for DISCOVERED_A_NEW_TERM
2019-10-30 06:07:23,454 [4b4c7497-a7ec-4f2a-a6c9-18b9f4a92a5f@group-E99C5BDD80CF-LeaderElection70] INFO  impl.RoleInfo (RoleInfo.java:shutdownLeaderElection(134)) - 4b4c7497-a7ec-4f2a-a6c9-18b9f4a92a5f: shutdown LeaderElection
2019-10-30 06:07:23,454 [4b4c7497-a7ec-4f2a-a6c9-18b9f4a92a5f@group-E99C5BDD80CF-LeaderElection70] INFO  impl.RoleInfo (RoleInfo.java:updateAndGet(143)) - 4b4c7497-a7ec-4f2a-a6c9-18b9f4a92a5f: start FollowerState
2019-10-30 06:07:23,465 [Thread-1052] INFO  impl.FollowerState (FollowerState.java:run(108)) - 4b4c7497-a7ec-4f2a-a6c9-18b9f4a92a5f@group-E99C5BDD80CF-FollowerState: change to CANDIDATE, lastRpcTime:10ms, electionTimeout:10ms
2019-10-30 06:07:23,465 [Thread-1052] INFO  impl.RoleInfo (RoleInfo.java:shutdownFollowerState(121)) - 4b4c7497-a7ec-4f2a-a6c9-18b9f4a92a5f: shutdown FollowerState
2019-10-30 06:07:23,465 [Thread-1052] INFO  impl.RaftServerImpl (RaftServerImpl.java:setRole(184)) - 4b4c7497-a7ec-4f2a-a6c9-18b9f4a92a5f@group-E99C5BDD80CF: changes role from  FOLLOWER to CANDIDATE at term 54 for changeToCandidate
2019-10-30 06:07:23,465 [Thread-1052] INFO  impl.RoleInfo (RoleInfo.java:updateAndGet(143)) - 4b4c7497-a7ec-4f2a-a6c9-18b9f4a92a5f: start LeaderElection
2019-10-30 06:07:23,474 [4b4c7497-a7ec-4f2a-a6c9-18b9f4a92a5f@group-E99C5BDD80CF-LeaderElection71] INFO  impl.LeaderElection (LeaderElection.java:askForVotes(178)) - 4b4c7497-a7ec-4f2a-a6c9-18b9f4a92a5f@group-E99C5BDD80CF-LeaderElection71: begin an election at term 55 for 0: [78a2ca6d-ab27-408c-be71-e2595a145569:192.168.34.21:37717, 4b4c7497-a7ec-4f2a-a6c9-18b9f4a92a5f:192.168.34.21:41258, 47e59444-ad4b-4d8b-b6f4-160f3329f764:192.168.34.21:39722], old=null
2019-10-30 06:07:23,476 [grpc-default-executor-2] INFO  impl.RaftServerImpl (RaftServerImpl.java:setRole(184)) - 47e59444-ad4b-4d8b-b6f4-160f3329f764@group-E99C5BDD80CF: changes role from  FOLLOWER to FOLLOWER at term 55 for recognizeCandidate:4b4c7497-a7ec-4f2a-a6c9-18b9f4a92a5f
2019-10-30 06:07:23,476 [grpc-default-executor-3] INFO  impl.RaftServerImpl (RaftServerImpl.java:setRole(184)) - 78a2ca6d-ab27-408c-be71-e2595a145569@group-E99C5BDD80CF: changes role from  FOLLOWER to FOLLOWER at term 55 for recognizeCandidate:4b4c7497-a7ec-4f2a-a6c9-18b9f4a92a5f
2019-10-30 06:07:23,476 [grpc-default-executor-2] INFO  impl.RoleInfo (RoleInfo.java:shutdownFollowerState(121)) - 47e59444-ad4b-4d8b-b6f4-160f3329f764: shutdown FollowerState
2019-10-30 06:07:23,476 [grpc-default-executor-3] INFO  impl.RoleInfo (RoleInfo.java:shutdownFollowerState(121)) - 78a2ca6d-ab27-408c-be71-e2595a145569: shutdown FollowerState
2019-10-30 06:07:23,476 [Thread-1049] INFO  impl.FollowerState (FollowerState.java:run(117)) - 47e59444-ad4b-4d8b-b6f4-160f3329f764@group-E99C5BDD80CF-FollowerState was interrupted: java.lang.InterruptedException: sleep interrupted
2019-10-30 06:07:23,476 [grpc-default-executor-2] INFO  impl.RoleInfo (RoleInfo.java:updateAndGet(143)) - 47e59444-ad4b-4d8b-b6f4-160f3329f764: start FollowerState
2019-10-30 06:07:23,477 [Thread-1048] INFO  impl.FollowerState (FollowerState.java:run(117)) - 78a2ca6d-ab27-408c-be71-e2595a145569@group-E99C5BDD80CF-FollowerState was interrupted: java.lang.InterruptedException: sleep interrupted
2019-10-30 06:07:23,477 [grpc-default-executor-3] INFO  impl.RoleInfo (RoleInfo.java:updateAndGet(143)) - 78a2ca6d-ab27-408c-be71-e2595a145569: start FollowerState
2019-10-30 06:07:23,492 [Thread-1044] INFO  impl.FollowerState (FollowerState.java:run(108)) - 47e59444-ad4b-4d8b-b6f4-160f3329f764@group-8F7C53609CC3-FollowerState: change to CANDIDATE, lastRpcTime:168ms, electionTimeout:168ms
2019-10-30 06:07:23,492 [Thread-1044] INFO  impl.RoleInfo (RoleInfo.java:shutdownFollowerState(121)) - 47e59444-ad4b-4d8b-b6f4-160f3329f764: shutdown FollowerState
2019-10-30 06:07:23,492 [Thread-1044] INFO  impl.RaftServerImpl (RaftServerImpl.java:setRole(184)) - 47e59444-ad4b-4d8b-b6f4-160f3329f764@group-8F7C53609CC3: changes role from  FOLLOWER to CANDIDATE at term 22 for changeToCandidate
2019-10-30 06:07:23,492 [Thread-1044] INFO  impl.RoleInfo (RoleInfo.java:updateAndGet(143)) - 47e59444-ad4b-4d8b-b6f4-160f3329f764: start LeaderElection
2019-10-30 06:07:23,508 [47e59444-ad4b-4d8b-b6f4-160f3329f764@group-8F7C53609CC3-LeaderElection72] INFO  impl.LeaderElection (LeaderElection.java:askForVotes(178)) - 47e59444-ad4b-4d8b-b6f4-160f3329f764@group-8F7C53609CC3-LeaderElection72: begin an election at term 23 for -1: [78a2ca6d-ab27-408c-be71-e2595a145569:192.168.34.21:37717, 4b4c7497-a7ec-4f2a-a6c9-18b9f4a92a5f:192.168.34.21:41258, 47e59444-ad4b-4d8b-b6f4-160f3329f764:192.168.34.21:39722], old=null
2019-10-30 06:07:23,509 [4b4c7497-a7ec-4f2a-a6c9-18b9f4a92a5f@group-E99C5BDD80CF-LeaderElection71] INFO  impl.LeaderElection (LeaderElection.java:logAndReturn(56)) - 4b4c7497-a7ec-4f2a-a6c9-18b9f4a92a5f@group-E99C5BDD80CF-LeaderElection71: Election REJECTED; received 2 response(s) [4b4c7497-a7ec-4f2a-a6c9-18b9f4a92a5f<-78a2ca6d-ab27-408c-be71-e2595a145569#0:FAIL-t55, 4b4c7497-a7ec-4f2a-a6c9-18b9f4a92a5f<-47e59444-ad4b-4d8b-b6f4-160f3329f764#0:FAIL-t55] and 0 exception(s); 4b4c7497-a7ec-4f2a-a6c9-18b9f4a92a5f@group-E99C5BDD80CF:t55, leader=null, voted=4b4c7497-a7ec-4f2a-a6c9-18b9f4a92a5f, raftlog=4b4c7497-a7ec-4f2a-a6c9-18b9f4a92a5f@group-E99C5BDD80CF-SegmentedRaftLog:OPENED:c3,f4,i4, conf=0: [78a2ca6d-ab27-408c-be71-e2595a145569:192.168.34.21:37717, 4b4c7497-a7ec-4f2a-a6c9-18b9f4a92a5f:192.168.34.21:41258, 47e59444-ad4b-4d8b-b6f4-160f3329f764:192.168.34.21:39722], old=null
2019-10-30 06:07:23,509 [4b4c7497-a7ec-4f2a-a6c9-18b9f4a92a5f@group-E99C5BDD80CF-LeaderElection71] INFO  impl.RaftServerImpl (RaftServerImpl.java:setRole(184)) - 4b4c7497-a7ec-4f2a-a6c9-18b9f4a92a5f@group-E99C5BDD80CF: changes role from CANDIDATE to FOLLOWER at term 55 for DISCOVERED_A_NEW_TERM
2019-10-30 06:07:23,509 [4b4c7497-a7ec-4f2a-a6c9-18b9f4a92a5f@group-E99C5BDD80CF-LeaderElection71] INFO  impl.RoleInfo (RoleInfo.java:shutdownLeaderElection(134)) - 4b4c7497-a7ec-4f2a-a6c9-18b9f4a92a5f: shutdown LeaderElection
2019-10-30 06:07:23,509 [4b4c7497-a7ec-4f2a-a6c9-18b9f4a92a5f@group-E99C5BDD80CF-LeaderElection71] INFO  impl.RoleInfo (RoleInfo.java:updateAndGet(143)) - 4b4c7497-a7ec-4f2a-a6c9-18b9f4a92a5f: start FollowerState
2019-10-30 06:07:23,510 [grpc-default-executor-3] INFO  impl.RaftServerImpl (RaftServerImpl.java:setRole(184)) - 4b4c7497-a7ec-4f2a-a6c9-18b9f4a92a5f@group-8F7C53609CC3: changes role from  FOLLOWER to FOLLOWER at term 23 for recognizeCandidate:47e59444-ad4b-4d8b-b6f4-160f3329f764
2019-10-30 06:07:23,510 [grpc-default-executor-2] INFO  impl.RaftServerImpl (RaftServerImpl.java:setRole(184)) - 78a2ca6d-ab27-408c-be71-e2595a145569@group-8F7C53609CC3: changes role from  FOLLOWER to FOLLOWER at term 23 for recognizeCandidate:47e59444-ad4b-4d8b-b6f4-160f3329f764
2019-10-30 06:07:23,510 [grpc-default-executor-3] INFO  impl.RoleInfo (RoleInfo.java:shutdownFollowerState(121)) - 4b4c7497-a7ec-4f2a-a6c9-18b9f4a92a5f: shutdown FollowerState
2019-10-30 06:07:23,510 [grpc-default-executor-2] INFO  impl.RoleInfo (RoleInfo.java:shutdownFollowerState(121)) - 78a2ca6d-ab27-408c-be71-e2595a145569: shutdown FollowerState
2019-10-30 06:07:23,510 [grpc-default-executor-3] INFO  impl.RoleInfo (RoleInfo.java:updateAndGet(143)) - 4b4c7497-a7ec-4f2a-a6c9-18b9f4a92a5f: start FollowerState
2019-10-30 06:07:23,510 [Thread-1042] INFO  impl.FollowerState (FollowerState.java:run(117)) - 78a2ca6d-ab27-408c-be71-e2595a145569@group-8F7C53609CC3-FollowerState was interrupted: java.lang.InterruptedException: sleep interrupted
2019-10-30 06:07:23,510 [grpc-default-executor-2] INFO  impl.RoleInfo (RoleInfo.java:updateAndGet(143)) - 78a2ca6d-ab27-408c-be71-e2595a145569: start FollowerState
2019-10-30 06:07:23,510 [Thread-1043] INFO  impl.FollowerState (FollowerState.java:run(117)) - 4b4c7497-a7ec-4f2a-a6c9-18b9f4a92a5f@group-8F7C53609CC3-FollowerState was interrupted: java.lang.InterruptedException: sleep interrupted
2019-10-30 06:07:23,524 [47e59444-ad4b-4d8b-b6f4-160f3329f764@group-8F7C53609CC3-LeaderElection72] INFO  impl.LeaderElection (LeaderElection.java:logAndReturn(56)) - 47e59444-ad4b-4d8b-b6f4-160f3329f764@group-8F7C53609CC3-LeaderElection72: Election REJECTED; received 2 response(s) [47e59444-ad4b-4d8b-b6f4-160f3329f764<-78a2ca6d-ab27-408c-be71-e2595a145569#0:FAIL-t23, 47e59444-ad4b-4d8b-b6f4-160f3329f764<-4b4c7497-a7ec-4f2a-a6c9-18b9f4a92a5f#0:FAIL-t23] and 0 exception(s); 47e59444-ad4b-4d8b-b6f4-160f3329f764@group-8F7C53609CC3:t23, leader=null, voted=47e59444-ad4b-4d8b-b6f4-160f3329f764, raftlog=47e59444-ad4b-4d8b-b6f4-160f3329f764@group-8F7C53609CC3-SegmentedRaftLog:OPENED:c-1,f-1,i0, conf=-1: [78a2ca6d-ab27-408c-be71-e2595a145569:192.168.34.21:37717, 4b4c7497-a7ec-4f2a-a6c9-18b9f4a92a5f:192.168.34.21:41258, 47e59444-ad4b-4d8b-b6f4-160f3329f764:192.168.34.21:39722], old=null
2019-10-30 06:07:23,524 [47e59444-ad4b-4d8b-b6f4-160f3329f764@group-8F7C53609CC3-LeaderElection72] INFO  impl.RaftServerImpl (RaftServerImpl.java:setRole(184)) - 47e59444-ad4b-4d8b-b6f4-160f3329f764@group-8F7C53609CC3: changes role from CANDIDATE to FOLLOWER at term 23 for DISCOVERED_A_NEW_TERM
2019-10-30 06:07:23,524 [47e59444-ad4b-4d8b-b6f4-160f3329f764@group-8F7C53609CC3-LeaderElection72] INFO  impl.RoleInfo (RoleInfo.java:shutdownLeaderElection(134)) - 47e59444-ad4b-4d8b-b6f4-160f3329f764: shutdown LeaderElection
2019-10-30 06:07:23,524 [47e59444-ad4b-4d8b-b6f4-160f3329f764@group-8F7C53609CC3-LeaderElection72] INFO  impl.RoleInfo (RoleInfo.java:updateAndGet(143)) - 47e59444-ad4b-4d8b-b6f4-160f3329f764: start FollowerState
2019-10-30 06:07:23,534 [Thread-1061] INFO  impl.FollowerState (FollowerState.java:run(108)) - 4b4c7497-a7ec-4f2a-a6c9-18b9f4a92a5f@group-E99C5BDD80CF-FollowerState: change to CANDIDATE, lastRpcTime:24ms, electionTimeout:24ms
2019-10-30 06:07:23,534 [Thread-1061] INFO  impl.RoleInfo (RoleInfo.java:shutdownFollowerState(121)) - 4b4c7497-a7ec-4f2a-a6c9-18b9f4a92a5f: shutdown FollowerState
2019-10-30 06:07:23,534 [Thread-1061] INFO  impl.RaftServerImpl (RaftServerImpl.java:setRole(184)) - 4b4c7497-a7ec-4f2a-a6c9-18b9f4a92a5f@group-E99C5BDD80CF: changes role from  FOLLOWER to CANDIDATE at term 55 for changeToCandidate
2019-10-30 06:07:23,534 [Thread-1061] INFO  impl.RoleInfo (RoleInfo.java:updateAndGet(143)) - 4b4c7497-a7ec-4f2a-a6c9-18b9f4a92a5f: start LeaderElection
2019-10-30 06:07:23,549 [4b4c7497-a7ec-4f2a-a6c9-18b9f4a92a5f@group-E99C5BDD80CF-LeaderElection73] INFO  impl.LeaderElection (LeaderElection.java:askForVotes(178)) - 4b4c7497-a7ec-4f2a-a6c9-18b9f4a92a5f@group-E99C5BDD80CF-LeaderElection73: begin an election at term 56 for 0: [78a2ca6d-ab27-408c-be71-e2595a145569:192.168.34.21:37717, 4b4c7497-a7ec-4f2a-a6c9-18b9f4a92a5f:192.168.34.21:41258, 47e59444-ad4b-4d8b-b6f4-160f3329f764:192.168.34.21:39722], old=null
2019-10-30 06:07:23,550 [grpc-default-executor-3] INFO  impl.RaftServerImpl (RaftServerImpl.java:setRole(184)) - 47e59444-ad4b-4d8b-b6f4-160f3329f764@group-E99C5BDD80CF: changes role from  FOLLOWER to FOLLOWER at term 56 for recognizeCandidate:4b4c7497-a7ec-4f2a-a6c9-18b9f4a92a5f
2019-10-30 06:07:23,551 [grpc-default-executor-3] INFO  impl.RoleInfo (RoleInfo.java:shutdownFollowerState(121)) - 47e59444-ad4b-4d8b-b6f4-160f3329f764: shutdown FollowerState
2019-10-30 06:07:23,551 [grpc-default-executor-3] INFO  impl.RoleInfo (RoleInfo.java:updateAndGet(143)) - 47e59444-ad4b-4d8b-b6f4-160f3329f764: start FollowerState
2019-10-30 06:07:23,551 [Thread-1056] INFO  impl.FollowerState (FollowerState.java:run(117)) - 47e59444-ad4b-4d8b-b6f4-160f3329f764@group-E99C5BDD80CF-FollowerState was interrupted: java.lang.InterruptedException: sleep interrupted
2019-10-30 06:07:23,551 [grpc-default-executor-2] INFO  impl.RaftServerImpl (RaftServerImpl.java:setRole(184)) - 78a2ca6d-ab27-408c-be71-e2595a145569@group-E99C5BDD80CF: changes role from  FOLLOWER to FOLLOWER at term 56 for recognizeCandidate:4b4c7497-a7ec-4f2a-a6c9-18b9f4a92a5f
2019-10-30 06:07:23,551 [grpc-default-executor-2] INFO  impl.RoleInfo (RoleInfo.java:shutdownFollowerState(121)) - 78a2ca6d-ab27-408c-be71-e2595a145569: shutdown FollowerState
2019-10-30 06:07:23,551 [grpc-default-executor-2] INFO  impl.RoleInfo (RoleInfo.java:updateAndGet(143)) - 78a2ca6d-ab27-408c-be71-e2595a145569: start FollowerState
2019-10-30 06:07:23,551 [Thread-1057] INFO  impl.FollowerState (FollowerState.java:run(117)) - 78a2ca6d-ab27-408c-be71-e2595a145569@group-E99C5BDD80CF-FollowerState was interrupted: java.lang.InterruptedException: sleep interrupted
2019-10-30 06:07:23,566 [4b4c7497-a7ec-4f2a-a6c9-18b9f4a92a5f@group-E99C5BDD80CF-LeaderElection73] INFO  impl.LeaderElection (LeaderElection.java:logAndReturn(56)) - 4b4c7497-a7ec-4f2a-a6c9-18b9f4a92a5f@group-E99C5BDD80CF-LeaderElection73: Election REJECTED; received 2 response(s) [4b4c7497-a7ec-4f2a-a6c9-18b9f4a92a5f<-78a2ca6d-ab27-408c-be71-e2595a145569#0:FAIL-t56, 4b4c7497-a7ec-4f2a-a6c9-18b9f4a92a5f<-47e59444-ad4b-4d8b-b6f4-160f3329f764#0:FAIL-t56] and 0 exception(s); 4b4c7497-a7ec-4f2a-a6c9-18b9f4a92a5f@group-E99C5BDD80CF:t56, leader=null, voted=4b4c7497-a7ec-4f2a-a6c9-18b9f4a92a5f, raftlog=4b4c7497-a7ec-4f2a-a6c9-18b9f4a92a5f@group-E99C5BDD80CF-SegmentedRaftLog:OPENED:c3,f4,i4, conf=0: [78a2ca6d-ab27-408c-be71-e2595a145569:192.168.34.21:37717, 4b4c7497-a7ec-4f2a-a6c9-18b9f4a92a5f:192.168.34.21:41258, 47e59444-ad4b-4d8b-b6f4-160f3329f764:192.168.34.21:39722], old=null
2019-10-30 06:07:23,566 [4b4c7497-a7ec-4f2a-a6c9-18b9f4a92a5f@group-E99C5BDD80CF-LeaderElection73] INFO  impl.RaftServerImpl (RaftServerImpl.java:setRole(184)) - 4b4c7497-a7ec-4f2a-a6c9-18b9f4a92a5f@group-E99C5BDD80CF: changes role from CANDIDATE to FOLLOWER at term 56 for DISCOVERED_A_NEW_TERM
2019-10-30 06:07:23,566 [4b4c7497-a7ec-4f2a-a6c9-18b9f4a92a5f@group-E99C5BDD80CF-LeaderElection73] INFO  impl.RoleInfo (RoleInfo.java:shutdownLeaderElection(134)) - 4b4c7497-a7ec-4f2a-a6c9-18b9f4a92a5f: shutdown LeaderElection
2019-10-30 06:07:23,566 [4b4c7497-a7ec-4f2a-a6c9-18b9f4a92a5f@group-E99C5BDD80CF-LeaderElection73] INFO  impl.RoleInfo (RoleInfo.java:updateAndGet(143)) - 4b4c7497-a7ec-4f2a-a6c9-18b9f4a92a5f: start FollowerState
2019-10-30 06:07:23,639 [Thread-1064] INFO  impl.FollowerState (FollowerState.java:run(108)) - 47e59444-ad4b-4d8b-b6f4-160f3329f764@group-8F7C53609CC3-FollowerState: change to CANDIDATE, lastRpcTime:114ms, electionTimeout:114ms
2019-10-30 06:07:23,639 [Thread-1064] INFO  impl.RoleInfo (RoleInfo.java:shutdownFollowerState(121)) - 47e59444-ad4b-4d8b-b6f4-160f3329f764: shutdown FollowerState
2019-10-30 06:07:23,639 [Thread-1064] INFO  impl.RaftServerImpl (RaftServerImpl.java:setRole(184)) - 47e59444-ad4b-4d8b-b6f4-160f3329f764@group-8F7C53609CC3: changes role from  FOLLOWER to CANDIDATE at term 23 for changeToCandidate
2019-10-30 06:07:23,639 [Thread-1064] INFO  impl.RoleInfo (RoleInfo.java:updateAndGet(143)) - 47e59444-ad4b-4d8b-b6f4-160f3329f764: start LeaderElection
2019-10-30 06:07:23,654 [47e59444-ad4b-4d8b-b6f4-160f3329f764@group-8F7C53609CC3-LeaderElection74] INFO  impl.LeaderElection (LeaderElection.java:askForVotes(178)) - 47e59444-ad4b-4d8b-b6f4-160f3329f764@group-8F7C53609CC3-LeaderElection74: begin an election at term 24 for -1: [78a2ca6d-ab27-408c-be71-e2595a145569:192.168.34.21:37717, 4b4c7497-a7ec-4f2a-a6c9-18b9f4a92a5f:192.168.34.21:41258, 47e59444-ad4b-4d8b-b6f4-160f3329f764:192.168.34.21:39722], old=null
2019-10-30 06:07:23,656 [grpc-default-executor-2] INFO  impl.RaftServerImpl (RaftServerImpl.java:setRole(184)) - 4b4c7497-a7ec-4f2a-a6c9-18b9f4a92a5f@group-8F7C53609CC3: changes role from  FOLLOWER to FOLLOWER at term 24 for recognizeCandidate:47e59444-ad4b-4d8b-b6f4-160f3329f764
2019-10-30 06:07:23,656 [grpc-default-executor-3] INFO  impl.RaftServerImpl (RaftServerImpl.java:setRole(184)) - 78a2ca6d-ab27-408c-be71-e2595a145569@group-8F7C53609CC3: changes role from  FOLLOWER to FOLLOWER at term 24 for recognizeCandidate:47e59444-ad4b-4d8b-b6f4-160f3329f764
2019-10-30 06:07:23,656 [grpc-default-executor-2] INFO  impl.RoleInfo (RoleInfo.java:shutdownFollowerState(121)) - 4b4c7497-a7ec-4f2a-a6c9-18b9f4a92a5f: shutdown FollowerState
2019-10-30 06:07:23,657 [grpc-default-executor-3] INFO  impl.RoleInfo (RoleInfo.java:shutdownFollowerState(121)) - 78a2ca6d-ab27-408c-be71-e2595a145569: shutdown FollowerState
2019-10-30 06:07:23,657 [Thread-1062] INFO  impl.FollowerState (FollowerState.java:run(117)) - 4b4c7497-a7ec-4f2a-a6c9-18b9f4a92a5f@group-8F7C53609CC3-FollowerState was interrupted: java.lang.InterruptedException: sleep interrupted
2019-10-30 06:07:23,657 [grpc-default-executor-2] INFO  impl.RoleInfo (RoleInfo.java:updateAndGet(143)) - 4b4c7497-a7ec-4f2a-a6c9-18b9f4a92a5f: start FollowerState
2019-10-30 06:07:23,657 [Thread-1063] INFO  impl.FollowerState (FollowerState.java:run(117)) - 78a2ca6d-ab27-408c-be71-e2595a145569@group-8F7C53609CC3-FollowerState was interrupted: java.lang.InterruptedException: sleep interrupted
2019-10-30 06:07:23,657 [grpc-default-executor-3] INFO  impl.RoleInfo (RoleInfo.java:updateAndGet(143)) - 78a2ca6d-ab27-408c-be71-e2595a145569: start FollowerState
2019-10-30 06:07:23,683 [47e59444-ad4b-4d8b-b6f4-160f3329f764@group-8F7C53609CC3-LeaderElection74] INFO  impl.LeaderElection (LeaderElection.java:logAndReturn(56)) - 47e59444-ad4b-4d8b-b6f4-160f3329f764@group-8F7C53609CC3-LeaderElection74: Election REJECTED; received 2 response(s) [47e59444-ad4b-4d8b-b6f4-160f3329f764<-4b4c7497-a7ec-4f2a-a6c9-18b9f4a92a5f#0:FAIL-t24, 47e59444-ad4b-4d8b-b6f4-160f3329f764<-78a2ca6d-ab27-408c-be71-e2595a145569#0:FAIL-t24] and 0 exception(s); 47e59444-ad4b-4d8b-b6f4-160f3329f764@group-8F7C53609CC3:t24, leader=null, voted=47e59444-ad4b-4d8b-b6f4-160f3329f764, raftlog=47e59444-ad4b-4d8b-b6f4-160f3329f764@group-8F7C53609CC3-SegmentedRaftLog:OPENED:c-1,f-1,i0, conf=-1: [78a2ca6d-ab27-408c-be71-e2595a145569:192.168.34.21:37717, 4b4c7497-a7ec-4f2a-a6c9-18b9f4a92a5f:192.168.34.21:41258, 47e59444-ad4b-4d8b-b6f4-160f3329f764:192.168.34.21:39722], old=null
2019-10-30 06:07:23,684 [47e59444-ad4b-4d8b-b6f4-160f3329f764@group-8F7C53609CC3-LeaderElection74] INFO  impl.RaftServerImpl (RaftServerImpl.java:setRole(184)) - 47e59444-ad4b-4d8b-b6f4-160f3329f764@group-8F7C53609CC3: changes role from CANDIDATE to FOLLOWER at term 24 for DISCOVERED_A_NEW_TERM
2019-10-30 06:07:23,684 [47e59444-ad4b-4d8b-b6f4-160f3329f764@group-8F7C53609CC3-LeaderElection74] INFO  impl.RoleInfo (RoleInfo.java:shutdownLeaderElection(134)) - 47e59444-ad4b-4d8b-b6f4-160f3329f764: shutdown LeaderElection
2019-10-30 06:07:23,684 [47e59444-ad4b-4d8b-b6f4-160f3329f764@group-8F7C53609CC3-LeaderElection74] INFO  impl.RoleInfo (RoleInfo.java:updateAndGet(143)) - 47e59444-ad4b-4d8b-b6f4-160f3329f764: start FollowerState
2019-10-30 06:07:23,706 [Thread-1070] INFO  impl.FollowerState (FollowerState.java:run(108)) - 4b4c7497-a7ec-4f2a-a6c9-18b9f4a92a5f@group-E99C5BDD80CF-FollowerState: change to CANDIDATE, lastRpcTime:139ms, electionTimeout:139ms
2019-10-30 06:07:23,706 [Thread-1070] INFO  impl.RoleInfo (RoleInfo.java:shutdownFollowerState(121)) - 4b4c7497-a7ec-4f2a-a6c9-18b9f4a92a5f: shutdown FollowerState
2019-10-30 06:07:23,706 [Thread-1070] INFO  impl.RaftServerImpl (RaftServerImpl.java:setRole(184)) - 4b4c7497-a7ec-4f2a-a6c9-18b9f4a92a5f@group-E99C5BDD80CF: changes role from  FOLLOWER to CANDIDATE at term 56 for changeToCandidate
2019-10-30 06:07:23,706 [Thread-1070] INFO  impl.RoleInfo (RoleInfo.java:updateAndGet(143)) - 4b4c7497-a7ec-4f2a-a6c9-18b9f4a92a5f: start LeaderElection
2019-10-30 06:07:23,730 [4b4c7497-a7ec-4f2a-a6c9-18b9f4a92a5f@group-E99C5BDD80CF-LeaderElection75] INFO  impl.LeaderElection (LeaderElection.java:askForVotes(178)) - 4b4c7497-a7ec-4f2a-a6c9-18b9f4a92a5f@group-E99C5BDD80CF-LeaderElection75: begin an election at term 57 for 0: [78a2ca6d-ab27-408c-be71-e2595a145569:192.168.34.21:37717, 4b4c7497-a7ec-4f2a-a6c9-18b9f4a92a5f:192.168.34.21:41258, 47e59444-ad4b-4d8b-b6f4-160f3329f764:192.168.34.21:39722], old=null
2019-10-30 06:07:23,732 [grpc-default-executor-2] INFO  impl.RaftServerImpl (RaftServerImpl.java:setRole(184)) - 78a2ca6d-ab27-408c-be71-e2595a145569@group-E99C5BDD80CF: changes role from  FOLLOWER to FOLLOWER at term 57 for recognizeCandidate:4b4c7497-a7ec-4f2a-a6c9-18b9f4a92a5f
2019-10-30 06:07:23,732 [grpc-default-executor-3] INFO  impl.RaftServerImpl (RaftServerImpl.java:setRole(184)) - 47e59444-ad4b-4d8b-b6f4-160f3329f764@group-E99C5BDD80CF: changes role from  FOLLOWER to FOLLOWER at term 57 for recognizeCandidate:4b4c7497-a7ec-4f2a-a6c9-18b9f4a92a5f
2019-10-30 06:07:23,732 [grpc-default-executor-2] INFO  impl.RoleInfo (RoleInfo.java:shutdownFollowerState(121)) - 78a2ca6d-ab27-408c-be71-e2595a145569: shutdown FollowerState
2019-10-30 06:07:23,732 [grpc-default-executor-3] INFO  impl.RoleInfo (RoleInfo.java:shutdownFollowerState(121)) - 47e59444-ad4b-4d8b-b6f4-160f3329f764: shutdown FollowerState
2019-10-30 06:07:23,732 [Thread-1069] INFO  impl.FollowerState (FollowerState.java:run(117)) - 78a2ca6d-ab27-408c-be71-e2595a145569@group-E99C5BDD80CF-FollowerState was interrupted: java.lang.InterruptedException: sleep interrupted
2019-10-30 06:07:23,732 [grpc-default-executor-2] INFO  impl.RoleInfo (RoleInfo.java:updateAndGet(143)) - 78a2ca6d-ab27-408c-be71-e2595a145569: start FollowerState
2019-10-30 06:07:23,733 [Thread-1068] INFO  impl.FollowerState (FollowerState.java:run(117)) - 47e59444-ad4b-4d8b-b6f4-160f3329f764@group-E99C5BDD80CF-FollowerState was interrupted: java.lang.InterruptedException: sleep interrupted
2019-10-30 06:07:23,733 [grpc-default-executor-3] INFO  impl.RoleInfo (RoleInfo.java:updateAndGet(143)) - 47e59444-ad4b-4d8b-b6f4-160f3329f764: start FollowerState
2019-10-30 06:07:23,758 [4b4c7497-a7ec-4f2a-a6c9-18b9f4a92a5f@group-E99C5BDD80CF-LeaderElection75] INFO  impl.LeaderElection (LeaderElection.java:logAndReturn(56)) - 4b4c7497-a7ec-4f2a-a6c9-18b9f4a92a5f@group-E99C5BDD80CF-LeaderElection75: Election REJECTED; received 2 response(s) [4b4c7497-a7ec-4f2a-a6c9-18b9f4a92a5f<-78a2ca6d-ab27-408c-be71-e2595a145569#0:FAIL-t57, 4b4c7497-a7ec-4f2a-a6c9-18b9f4a92a5f<-47e59444-ad4b-4d8b-b6f4-160f3329f764#0:FAIL-t57] and 0 exception(s); 4b4c7497-a7ec-4f2a-a6c9-18b9f4a92a5f@group-E99C5BDD80CF:t57, leader=null, voted=4b4c7497-a7ec-4f2a-a6c9-18b9f4a92a5f, raftlog=4b4c7497-a7ec-4f2a-a6c9-18b9f4a92a5f@group-E99C5BDD80CF-SegmentedRaftLog:OPENED:c3,f4,i4, conf=0: [78a2ca6d-ab27-408c-be71-e2595a145569:192.168.34.21:37717, 4b4c7497-a7ec-4f2a-a6c9-18b9f4a92a5f:192.168.34.21:41258, 47e59444-ad4b-4d8b-b6f4-160f3329f764:192.168.34.21:39722], old=null
2019-10-30 06:07:23,759 [4b4c7497-a7ec-4f2a-a6c9-18b9f4a92a5f@group-E99C5BDD80CF-LeaderElection75] INFO  impl.RaftServerImpl (RaftServerImpl.java:setRole(184)) - 4b4c7497-a7ec-4f2a-a6c9-18b9f4a92a5f@group-E99C5BDD80CF: changes role from CANDIDATE to FOLLOWER at term 57 for DISCOVERED_A_NEW_TERM
2019-10-30 06:07:23,759 [4b4c7497-a7ec-4f2a-a6c9-18b9f4a92a5f@group-E99C5BDD80CF-LeaderElection75] INFO  impl.RoleInfo (RoleInfo.java:shutdownLeaderElection(134)) - 4b4c7497-a7ec-4f2a-a6c9-18b9f4a92a5f: shutdown LeaderElection
2019-10-30 06:07:23,759 [4b4c7497-a7ec-4f2a-a6c9-18b9f4a92a5f@group-E99C5BDD80CF-LeaderElection75] INFO  impl.RoleInfo (RoleInfo.java:updateAndGet(143)) - 4b4c7497-a7ec-4f2a-a6c9-18b9f4a92a5f: start FollowerState
2019-10-30 06:07:23,808 [Thread-1077] INFO  impl.FollowerState (FollowerState.java:run(108)) - 47e59444-ad4b-4d8b-b6f4-160f3329f764@group-8F7C53609CC3-FollowerState: change to CANDIDATE, lastRpcTime:124ms, electionTimeout:124ms
2019-10-30 06:07:23,808 [Thread-1077] INFO  impl.RoleInfo (RoleInfo.java:shutdownFollowerState(121)) - 47e59444-ad4b-4d8b-b6f4-160f3329f764: shutdown FollowerState
2019-10-30 06:07:23,808 [Thread-1077] INFO  impl.RaftServerImpl (RaftServerImpl.java:setRole(184)) - 47e59444-ad4b-4d8b-b6f4-160f3329f764@group-8F7C53609CC3: changes role from  FOLLOWER to CANDIDATE at term 24 for changeToCandidate
2019-10-30 06:07:23,808 [Thread-1077] INFO  impl.RoleInfo (RoleInfo.java:updateAndGet(143)) - 47e59444-ad4b-4d8b-b6f4-160f3329f764: start LeaderElection
2019-10-30 06:07:23,823 [47e59444-ad4b-4d8b-b6f4-160f3329f764@group-8F7C53609CC3-LeaderElection76] INFO  impl.LeaderElection (LeaderElection.java:askForVotes(178)) - 47e59444-ad4b-4d8b-b6f4-160f3329f764@group-8F7C53609CC3-LeaderElection76: begin an election at term 25 for -1: [78a2ca6d-ab27-408c-be71-e2595a145569:192.168.34.21:37717, 4b4c7497-a7ec-4f2a-a6c9-18b9f4a92a5f:192.168.34.21:41258, 47e59444-ad4b-4d8b-b6f4-160f3329f764:192.168.34.21:39722], old=null
2019-10-30 06:07:23,825 [grpc-default-executor-3] INFO  impl.RaftServerImpl (RaftServerImpl.java:setRole(184)) - 4b4c7497-a7ec-4f2a-a6c9-18b9f4a92a5f@group-8F7C53609CC3: changes role from  FOLLOWER to FOLLOWER at term 25 for recognizeCandidate:47e59444-ad4b-4d8b-b6f4-160f3329f764
2019-10-30 06:07:23,825 [grpc-default-executor-3] INFO  impl.RoleInfo (RoleInfo.java:shutdownFollowerState(121)) - 4b4c7497-a7ec-4f2a-a6c9-18b9f4a92a5f: shutdown FollowerState
2019-10-30 06:07:23,825 [grpc-default-executor-2] INFO  impl.RaftServerImpl (RaftServerImpl.java:setRole(184)) - 78a2ca6d-ab27-408c-be71-e2595a145569@group-8F7C53609CC3: changes role from  FOLLOWER to FOLLOWER at term 25 for recognizeCandidate:47e59444-ad4b-4d8b-b6f4-160f3329f764
2019-10-30 06:07:23,825 [Thread-1075] INFO  impl.FollowerState (FollowerState.java:run(117)) - 4b4c7497-a7ec-4f2a-a6c9-18b9f4a92a5f@group-8F7C53609CC3-FollowerState was interrupted: java.lang.InterruptedException: sleep interrupted
2019-10-30 06:07:23,825 [grpc-default-executor-3] INFO  impl.RoleInfo (RoleInfo.java:updateAndGet(143)) - 4b4c7497-a7ec-4f2a-a6c9-18b9f4a92a5f: start FollowerState
2019-10-30 06:07:23,825 [grpc-default-executor-2] INFO  impl.RoleInfo (RoleInfo.java:shutdownFollowerState(121)) - 78a2ca6d-ab27-408c-be71-e2595a145569: shutdown FollowerState
2019-10-30 06:07:23,825 [Thread-1076] INFO  impl.FollowerState (FollowerState.java:run(117)) - 78a2ca6d-ab27-408c-be71-e2595a145569@group-8F7C53609CC3-FollowerState was interrupted: java.lang.InterruptedException: sleep interrupted
2019-10-30 06:07:23,825 [grpc-default-executor-2] INFO  impl.RoleInfo (RoleInfo.java:updateAndGet(143)) - 78a2ca6d-ab27-408c-be71-e2595a145569: start FollowerState
2019-10-30 06:07:23,852 [47e59444-ad4b-4d8b-b6f4-160f3329f764@group-8F7C53609CC3-LeaderElection76] INFO  impl.LeaderElection (LeaderElection.java:logAndReturn(56)) - 47e59444-ad4b-4d8b-b6f4-160f3329f764@group-8F7C53609CC3-LeaderElection76: Election REJECTED; received 2 response(s) [47e59444-ad4b-4d8b-b6f4-160f3329f764<-4b4c7497-a7ec-4f2a-a6c9-18b9f4a92a5f#0:FAIL-t25, 47e59444-ad4b-4d8b-b6f4-160f3329f764<-78a2ca6d-ab27-408c-be71-e2595a145569#0:FAIL-t25] and 0 exception(s); 47e59444-ad4b-4d8b-b6f4-160f3329f764@group-8F7C53609CC3:t25, leader=null, voted=47e59444-ad4b-4d8b-b6f4-160f3329f764, raftlog=47e59444-ad4b-4d8b-b6f4-160f3329f764@group-8F7C53609CC3-SegmentedRaftLog:OPENED:c-1,f-1,i0, conf=-1: [78a2ca6d-ab27-408c-be71-e2595a145569:192.168.34.21:37717, 4b4c7497-a7ec-4f2a-a6c9-18b9f4a92a5f:192.168.34.21:41258, 47e59444-ad4b-4d8b-b6f4-160f3329f764:192.168.34.21:39722], old=null
2019-10-30 06:07:23,852 [47e59444-ad4b-4d8b-b6f4-160f3329f764@group-8F7C53609CC3-LeaderElection76] INFO  impl.RaftServerImpl (RaftServerImpl.java:setRole(184)) - 47e59444-ad4b-4d8b-b6f4-160f3329f764@group-8F7C53609CC3: changes role from CANDIDATE to FOLLOWER at term 25 for DISCOVERED_A_NEW_TERM
2019-10-30 06:07:23,852 [47e59444-ad4b-4d8b-b6f4-160f3329f764@group-8F7C53609CC3-LeaderElection76] INFO  impl.RoleInfo (RoleInfo.java:shutdownLeaderElection(134)) - 47e59444-ad4b-4d8b-b6f4-160f3329f764: shutdown LeaderElection
2019-10-30 06:07:23,852 [47e59444-ad4b-4d8b-b6f4-160f3329f764@group-8F7C53609CC3-LeaderElection76] INFO  impl.RoleInfo (RoleInfo.java:updateAndGet(143)) - 47e59444-ad4b-4d8b-b6f4-160f3329f764: start FollowerState
2019-10-30 06:07:23,900 [Thread-1089] INFO  impl.FollowerState (FollowerState.java:run(108)) - 47e59444-ad4b-4d8b-b6f4-160f3329f764@group-8F7C53609CC3-FollowerState: change to CANDIDATE, lastRpcTime:47ms, electionTimeout:47ms
2019-10-30 06:07:23,900 [Thread-1089] INFO  impl.RoleInfo (RoleInfo.java:shutdownFollowerState(121)) - 47e59444-ad4b-4d8b-b6f4-160f3329f764: shutdown FollowerState
2019-10-30 06:07:23,900 [Thread-1089] INFO  impl.RaftServerImpl (RaftServerImpl.java:setRole(184)) - 47e59444-ad4b-4d8b-b6f4-160f3329f764@group-8F7C53609CC3: changes role from  FOLLOWER to CANDIDATE at term 25 for changeToCandidate
2019-10-30 06:07:23,900 [Thread-1089] INFO  impl.RoleInfo (RoleInfo.java:updateAndGet(143)) - 47e59444-ad4b-4d8b-b6f4-160f3329f764: start LeaderElection
2019-10-30 06:07:23,918 [Thread-1092] INFO  client.GrpcClientProtocolService (GrpcClientProtocolService.java:lambda$processClientRequest$0(278)) - Failed RaftClientRequest:client-B8CB26F2FF35->47e59444-ad4b-4d8b-b6f4-160f3329f764@group-E99C5BDD80CF, cid=10, seq=0, Watch-ALL_COMMITTED(6), Message:<EMPTY>, reply=RaftClientReply:client-B8CB26F2FF35->47e59444-ad4b-4d8b-b6f4-160f3329f764@group-E99C5BDD80CF, cid=10, FAILED org.apache.ratis.protocol.NotLeaderException: Server 47e59444-ad4b-4d8b-b6f4-160f3329f764@group-E99C5BDD80CF is not the leader, logIndex=0, commits[47e59444-ad4b-4d8b-b6f4-160f3329f764:c10, 78a2ca6d-ab27-408c-be71-e2595a145569:c10, 4b4c7497-a7ec-4f2a-a6c9-18b9f4a92a5f:c4]
2019-10-30 06:07:23,926 [47e59444-ad4b-4d8b-b6f4-160f3329f764@group-8F7C53609CC3-LeaderElection77] INFO  impl.LeaderElection (LeaderElection.java:askForVotes(178)) - 47e59444-ad4b-4d8b-b6f4-160f3329f764@group-8F7C53609CC3-LeaderElection77: begin an election at term 26 for -1: [78a2ca6d-ab27-408c-be71-e2595a145569:192.168.34.21:37717, 4b4c7497-a7ec-4f2a-a6c9-18b9f4a92a5f:192.168.34.21:41258, 47e59444-ad4b-4d8b-b6f4-160f3329f764:192.168.34.21:39722], old=null
2019-10-30 06:07:23,928 [grpc-default-executor-3] INFO  impl.RaftServerImpl (RaftServerImpl.java:setRole(184)) - 4b4c7497-a7ec-4f2a-a6c9-18b9f4a92a5f@group-8F7C53609CC3: changes role from  FOLLOWER to FOLLOWER at term 26 for recognizeCandidate:47e59444-ad4b-4d8b-b6f4-160f3329f764
2019-10-30 06:07:23,928 [grpc-default-executor-2] INFO  impl.RaftServerImpl (RaftServerImpl.java:setRole(184)) - 78a2ca6d-ab27-408c-be71-e2595a145569@group-8F7C53609CC3: changes role from  FOLLOWER to FOLLOWER at term 26 for recognizeCandidate:47e59444-ad4b-4d8b-b6f4-160f3329f764
2019-10-30 06:07:23,928 [grpc-default-executor-3] INFO  impl.RoleInfo (RoleInfo.java:shutdownFollowerState(121)) - 4b4c7497-a7ec-4f2a-a6c9-18b9f4a92a5f: shutdown FollowerState
2019-10-30 06:07:23,928 [grpc-default-executor-2] INFO  impl.RoleInfo (RoleInfo.java:shutdownFollowerState(121)) - 78a2ca6d-ab27-408c-be71-e2595a145569: shutdown FollowerState
2019-10-30 06:07:23,928 [Thread-1087] INFO  impl.FollowerState (FollowerState.java:run(117)) - 4b4c7497-a7ec-4f2a-a6c9-18b9f4a92a5f@group-8F7C53609CC3-FollowerState was interrupted: java.lang.InterruptedException: sleep interrupted
2019-10-30 06:07:23,928 [grpc-default-executor-3] INFO  impl.RoleInfo (RoleInfo.java:updateAndGet(143)) - 4b4c7497-a7ec-4f2a-a6c9-18b9f4a92a5f: start FollowerState
2019-10-30 06:07:23,928 [Thread-1088] INFO  impl.FollowerState (FollowerState.java:run(117)) - 78a2ca6d-ab27-408c-be71-e2595a145569@group-8F7C53609CC3-FollowerState was interrupted: java.lang.InterruptedException: sleep interrupted
2019-10-30 06:07:23,928 [grpc-default-executor-2] INFO  impl.RoleInfo (RoleInfo.java:updateAndGet(143)) - 78a2ca6d-ab27-408c-be71-e2595a145569: start FollowerState
2019-10-30 06:07:23,943 [47e59444-ad4b-4d8b-b6f4-160f3329f764@group-8F7C53609CC3-LeaderElection77] INFO  impl.LeaderElection (LeaderElection.java:logAndReturn(56)) - 47e59444-ad4b-4d8b-b6f4-160f3329f764@group-8F7C53609CC3-LeaderElection77: Election REJECTED; received 2 response(s) [47e59444-ad4b-4d8b-b6f4-160f3329f764<-4b4c7497-a7ec-4f2a-a6c9-18b9f4a92a5f#0:FAIL-t26, 47e59444-ad4b-4d8b-b6f4-160f3329f764<-78a2ca6d-ab27-408c-be71-e2595a145569#0:FAIL-t26] and 0 exception(s); 47e59444-ad4b-4d8b-b6f4-160f3329f764@group-8F7C53609CC3:t26, leader=null, voted=47e59444-ad4b-4d8b-b6f4-160f3329f764, raftlog=47e59444-ad4b-4d8b-b6f4-160f3329f764@group-8F7C53609CC3-SegmentedRaftLog:OPENED:c-1,f-1,i0, conf=-1: [78a2ca6d-ab27-408c-be71-e2595a145569:192.168.34.21:37717, 4b4c7497-a7ec-4f2a-a6c9-18b9f4a92a5f:192.168.34.21:41258, 47e59444-ad4b-4d8b-b6f4-160f3329f764:192.168.34.21:39722], old=null
2019-10-30 06:07:23,943 [47e59444-ad4b-4d8b-b6f4-160f3329f764@group-8F7C53609CC3-LeaderElection77] INFO  impl.RaftServerImpl (RaftServerImpl.java:setRole(184)) - 47e59444-ad4b-4d8b-b6f4-160f3329f764@group-8F7C53609CC3: changes role from CANDIDATE to FOLLOWER at term 26 for DISCOVERED_A_NEW_TERM
2019-10-30 06:07:23,943 [47e59444-ad4b-4d8b-b6f4-160f3329f764@group-8F7C53609CC3-LeaderElection77] INFO  impl.RoleInfo (RoleInfo.java:shutdownLeaderElection(134)) - 47e59444-ad4b-4d8b-b6f4-160f3329f764: shutdown LeaderElection
2019-10-30 06:07:23,943 [47e59444-ad4b-4d8b-b6f4-160f3329f764@group-8F7C53609CC3-LeaderElection77] INFO  impl.RoleInfo (RoleInfo.java:updateAndGet(143)) - 47e59444-ad4b-4d8b-b6f4-160f3329f764: start FollowerState
2019-10-30 06:07:23,945 [Thread-1083] INFO  impl.FollowerState (FollowerState.java:run(108)) - 4b4c7497-a7ec-4f2a-a6c9-18b9f4a92a5f@group-E99C5BDD80CF-FollowerState: change to CANDIDATE, lastRpcTime:186ms, electionTimeout:186ms
2019-10-30 06:07:23,945 [Thread-1083] INFO  impl.RoleInfo (RoleInfo.java:shutdownFollowerState(121)) - 4b4c7497-a7ec-4f2a-a6c9-18b9f4a92a5f: shutdown FollowerState
2019-10-30 06:07:23,945 [Thread-1083] INFO  impl.RaftServerImpl (RaftServerImpl.java:setRole(184)) - 4b4c7497-a7ec-4f2a-a6c9-18b9f4a92a5f@group-E99C5BDD80CF: changes role from  FOLLOWER to CANDIDATE at term 57 for changeToCandidate
2019-10-30 06:07:23,945 [Thread-1083] INFO  impl.RoleInfo (RoleInfo.java:updateAndGet(143)) - 4b4c7497-a7ec-4f2a-a6c9-18b9f4a92a5f: start LeaderElection
2019-10-30 06:07:23,976 [4b4c7497-a7ec-4f2a-a6c9-18b9f4a92a5f@group-E99C5BDD80CF-LeaderElection78] INFO  impl.LeaderElection (LeaderElection.java:askForVotes(178)) - 4b4c7497-a7ec-4f2a-a6c9-18b9f4a92a5f@group-E99C5BDD80CF-LeaderElection78: begin an election at term 58 for 0: [78a2ca6d-ab27-408c-be71-e2595a145569:192.168.34.21:37717, 4b4c7497-a7ec-4f2a-a6c9-18b9f4a92a5f:192.168.34.21:41258, 47e59444-ad4b-4d8b-b6f4-160f3329f764:192.168.34.21:39722], old=null
2019-10-30 06:07:23,977 [4b4c7497-a7ec-4f2a-a6c9-18b9f4a92a5f@group-E99C5BDD80CF-LeaderElection78] INFO  impl.LeaderElection (LeaderElection.java:logAndReturn(56)) - 4b4c7497-a7ec-4f2a-a6c9-18b9f4a92a5f@group-E99C5BDD80CF-LeaderElection78: Election TIMEOUT; received 0 response(s) [] and 0 exception(s); 4b4c7497-a7ec-4f2a-a6c9-18b9f4a92a5f@group-E99C5BDD80CF:t58, leader=null, voted=4b4c7497-a7ec-4f2a-a6c9-18b9f4a92a5f, raftlog=4b4c7497-a7ec-4f2a-a6c9-18b9f4a92a5f@group-E99C5BDD80CF-SegmentedRaftLog:OPENED:c3,f4,i4, conf=0: [78a2ca6d-ab27-408c-be71-e2595a145569:192.168.34.21:37717, 4b4c7497-a7ec-4f2a-a6c9-18b9f4a92a5f:192.168.34.21:41258, 47e59444-ad4b-4d8b-b6f4-160f3329f764:192.168.34.21:39722], old=null
2019-10-30 06:07:23,979 [grpc-default-executor-3] INFO  impl.RaftServerImpl (RaftServerImpl.java:setRole(184)) - 47e59444-ad4b-4d8b-b6f4-160f3329f764@group-E99C5BDD80CF: changes role from  FOLLOWER to FOLLOWER at term 58 for recognizeCandidate:4b4c7497-a7ec-4f2a-a6c9-18b9f4a92a5f
2019-10-30 06:07:23,979 [grpc-default-executor-3] INFO  impl.RoleInfo (RoleInfo.java:shutdownFollowerState(121)) - 47e59444-ad4b-4d8b-b6f4-160f3329f764: shutdown FollowerState
2019-10-30 06:07:23,979 [grpc-default-executor-3] INFO  impl.RoleInfo (RoleInfo.java:updateAndGet(143)) - 47e59444-ad4b-4d8b-b6f4-160f3329f764: start FollowerState
2019-10-30 06:07:23,979 [Thread-1082] INFO  impl.FollowerState (FollowerState.java:run(117)) - 47e59444-ad4b-4d8b-b6f4-160f3329f764@group-E99C5BDD80CF-FollowerState was interrupted: java.lang.InterruptedException: sleep interrupted
2019-10-30 06:07:23,980 [grpc-default-executor-2] INFO  impl.RaftServerImpl (RaftServerImpl.java:setRole(184)) - 78a2ca6d-ab27-408c-be71-e2595a145569@group-E99C5BDD80CF: changes role from  FOLLOWER to FOLLOWER at term 58 for recognizeCandidate:4b4c7497-a7ec-4f2a-a6c9-18b9f4a92a5f
2019-10-30 06:07:23,980 [grpc-default-executor-2] INFO  impl.RoleInfo (RoleInfo.java:shutdownFollowerState(121)) - 78a2ca6d-ab27-408c-be71-e2595a145569: shutdown FollowerState
2019-10-30 06:07:23,980 [grpc-default-executor-2] INFO  impl.RoleInfo (RoleInfo.java:updateAndGet(143)) - 78a2ca6d-ab27-408c-be71-e2595a145569: start FollowerState
2019-10-30 06:07:23,980 [Thread-1081] INFO  impl.FollowerState (FollowerState.java:run(117)) - 78a2ca6d-ab27-408c-be71-e2595a145569@group-E99C5BDD80CF-FollowerState was interrupted: java.lang.InterruptedException: sleep interrupted
2019-10-30 06:07:23,989 [4b4c7497-a7ec-4f2a-a6c9-18b9f4a92a5f@group-E99C5BDD80CF-LeaderElection78] INFO  impl.LeaderElection (LeaderElection.java:askForVotes(178)) - 4b4c7497-a7ec-4f2a-a6c9-18b9f4a92a5f@group-E99C5BDD80CF-LeaderElection78: begin an election at term 59 for 0: [78a2ca6d-ab27-408c-be71-e2595a145569:192.168.34.21:37717, 4b4c7497-a7ec-4f2a-a6c9-18b9f4a92a5f:192.168.34.21:41258, 47e59444-ad4b-4d8b-b6f4-160f3329f764:192.168.34.21:39722], old=null
2019-10-30 06:07:23,991 [grpc-default-executor-2] INFO  impl.RaftServerImpl (RaftServerImpl.java:setRole(184)) - 47e59444-ad4b-4d8b-b6f4-160f3329f764@group-E99C5BDD80CF: changes role from  FOLLOWER to FOLLOWER at term 59 for recognizeCandidate:4b4c7497-a7ec-4f2a-a6c9-18b9f4a92a5f
2019-10-30 06:07:23,991 [grpc-default-executor-2] INFO  impl.RoleInfo (RoleInfo.java:shutdownFollowerState(121)) - 47e59444-ad4b-4d8b-b6f4-160f3329f764: shutdown FollowerState
2019-10-30 06:07:23,991 [grpc-default-executor-2] INFO  impl.RoleInfo (RoleInfo.java:updateAndGet(143)) - 47e59444-ad4b-4d8b-b6f4-160f3329f764: start FollowerState
2019-10-30 06:07:23,992 [Thread-1102] INFO  impl.FollowerState (FollowerState.java:run(117)) - 47e59444-ad4b-4d8b-b6f4-160f3329f764@group-E99C5BDD80CF-FollowerState was interrupted: java.lang.InterruptedException: sleep interrupted
2019-10-30 06:07:23,993 [grpc-default-executor-3] INFO  impl.RaftServerImpl (RaftServerImpl.java:setRole(184)) - 78a2ca6d-ab27-408c-be71-e2595a145569@group-E99C5BDD80CF: changes role from  FOLLOWER to FOLLOWER at term 59 for recognizeCandidate:4b4c7497-a7ec-4f2a-a6c9-18b9f4a92a5f
2019-10-30 06:07:23,993 [grpc-default-executor-3] INFO  impl.RoleInfo (RoleInfo.java:shutdownFollowerState(121)) - 78a2ca6d-ab27-408c-be71-e2595a145569: shutdown FollowerState
2019-10-30 06:07:23,993 [grpc-default-executor-3] INFO  impl.RoleInfo (RoleInfo.java:updateAndGet(143)) - 78a2ca6d-ab27-408c-be71-e2595a145569: start FollowerState
2019-10-30 06:07:23,993 [Thread-1103] INFO  impl.FollowerState (FollowerState.java:run(117)) - 78a2ca6d-ab27-408c-be71-e2595a145569@group-E99C5BDD80CF-FollowerState was interrupted: java.lang.InterruptedException: sleep interrupted
2019-10-30 06:07:24,019 [4b4c7497-a7ec-4f2a-a6c9-18b9f4a92a5f@group-E99C5BDD80CF-LeaderElection78] INFO  impl.LeaderElection (LeaderElection.java:logAndReturn(56)) - 4b4c7497-a7ec-4f2a-a6c9-18b9f4a92a5f@group-E99C5BDD80CF-LeaderElection78: Election REJECTED; received 2 response(s) [4b4c7497-a7ec-4f2a-a6c9-18b9f4a92a5f<-78a2ca6d-ab27-408c-be71-e2595a145569#0:FAIL-t59, 4b4c7497-a7ec-4f2a-a6c9-18b9f4a92a5f<-47e59444-ad4b-4d8b-b6f4-160f3329f764#0:FAIL-t59] and 0 exception(s); 4b4c7497-a7ec-4f2a-a6c9-18b9f4a92a5f@group-E99C5BDD80CF:t59, leader=null, voted=4b4c7497-a7ec-4f2a-a6c9-18b9f4a92a5f, raftlog=4b4c7497-a7ec-4f2a-a6c9-18b9f4a92a5f@group-E99C5BDD80CF-SegmentedRaftLog:OPENED:c3,f4,i4, conf=0: [78a2ca6d-ab27-408c-be71-e2595a145569:192.168.34.21:37717, 4b4c7497-a7ec-4f2a-a6c9-18b9f4a92a5f:192.168.34.21:41258, 47e59444-ad4b-4d8b-b6f4-160f3329f764:192.168.34.21:39722], old=null
2019-10-30 06:07:24,019 [4b4c7497-a7ec-4f2a-a6c9-18b9f4a92a5f@group-E99C5BDD80CF-LeaderElection78] INFO  impl.RaftServerImpl (RaftServerImpl.java:setRole(184)) - 4b4c7497-a7ec-4f2a-a6c9-18b9f4a92a5f@group-E99C5BDD80CF: changes role from CANDIDATE to FOLLOWER at term 59 for DISCOVERED_A_NEW_TERM
2019-10-30 06:07:24,019 [4b4c7497-a7ec-4f2a-a6c9-18b9f4a92a5f@group-E99C5BDD80CF-LeaderElection78] INFO  impl.RoleInfo (RoleInfo.java:shutdownLeaderElection(134)) - 4b4c7497-a7ec-4f2a-a6c9-18b9f4a92a5f: shutdown LeaderElection
2019-10-30 06:07:24,019 [4b4c7497-a7ec-4f2a-a6c9-18b9f4a92a5f@group-E99C5BDD80CF-LeaderElection78] INFO  impl.RoleInfo (RoleInfo.java:updateAndGet(143)) - 4b4c7497-a7ec-4f2a-a6c9-18b9f4a92a5f: start FollowerState
2019-10-30 06:07:24,035 [Thread-1108] INFO  impl.FollowerState (FollowerState.java:run(108)) - 4b4c7497-a7ec-4f2a-a6c9-18b9f4a92a5f@group-E99C5BDD80CF-FollowerState: change to CANDIDATE, lastRpcTime:15ms, electionTimeout:15ms
2019-10-30 06:07:24,035 [Thread-1108] INFO  impl.RoleInfo (RoleInfo.java:shutdownFollowerState(121)) - 4b4c7497-a7ec-4f2a-a6c9-18b9f4a92a5f: shutdown FollowerState
2019-10-30 06:07:24,035 [Thread-1108] INFO  impl.RaftServerImpl (RaftServerImpl.java:setRole(184)) - 4b4c7497-a7ec-4f2a-a6c9-18b9f4a92a5f@group-E99C5BDD80CF: changes role from  FOLLOWER to CANDIDATE at term 59 for changeToCandidate
2019-10-30 06:07:24,035 [Thread-1108] INFO  impl.RoleInfo (RoleInfo.java:updateAndGet(143)) - 4b4c7497-a7ec-4f2a-a6c9-18b9f4a92a5f: start LeaderElection
2019-10-30 06:07:24,048 [4b4c7497-a7ec-4f2a-a6c9-18b9f4a92a5f@group-E99C5BDD80CF-LeaderElection79] INFO  impl.LeaderElection (LeaderElection.java:askForVotes(178)) - 4b4c7497-a7ec-4f2a-a6c9-18b9f4a92a5f@group-E99C5BDD80CF-LeaderElection79: begin an election at term 60 for 0: [78a2ca6d-ab27-408c-be71-e2595a145569:192.168.34.21:37717, 4b4c7497-a7ec-4f2a-a6c9-18b9f4a92a5f:192.168.34.21:41258, 47e59444-ad4b-4d8b-b6f4-160f3329f764:192.168.34.21:39722], old=null
2019-10-30 06:07:24,050 [grpc-default-executor-3] INFO  impl.RaftServerImpl (RaftServerImpl.java:setRole(184)) - 78a2ca6d-ab27-408c-be71-e2595a145569@group-E99C5BDD80CF: changes role from  FOLLOWER to FOLLOWER at term 60 for recognizeCandidate:4b4c7497-a7ec-4f2a-a6c9-18b9f4a92a5f
2019-10-30 06:07:24,050 [grpc-default-executor-2] INFO  impl.RaftServerImpl (RaftServerImpl.java:setRole(184)) - 47e59444-ad4b-4d8b-b6f4-160f3329f764@group-E99C5BDD80CF: changes role from  FOLLOWER to FOLLOWER at term 60 for recognizeCandidate:4b4c7497-a7ec-4f2a-a6c9-18b9f4a92a5f
2019-10-30 06:07:24,050 [grpc-default-executor-3] INFO  impl.RoleInfo (RoleInfo.java:shutdownFollowerState(121)) - 78a2ca6d-ab27-408c-be71-e2595a145569: shutdown FollowerState
2019-10-30 06:07:24,050 [grpc-default-executor-2] INFO  impl.RoleInfo (RoleInfo.java:shutdownFollowerState(121)) - 47e59444-ad4b-4d8b-b6f4-160f3329f764: shutdown FollowerState
2019-10-30 06:07:24,050 [Thread-1107] INFO  impl.FollowerState (FollowerState.java:run(117)) - 78a2ca6d-ab27-408c-be71-e2595a145569@group-E99C5BDD80CF-FollowerState was interrupted: java.lang.InterruptedException: sleep interrupted
2019-10-30 06:07:24,050 [Thread-1106] INFO  impl.FollowerState (FollowerState.java:run(117)) - 47e59444-ad4b-4d8b-b6f4-160f3329f764@group-E99C5BDD80CF-FollowerState was interrupted: java.lang.InterruptedException: sleep interrupted
2019-10-30 06:07:24,050 [grpc-default-executor-2] INFO  impl.RoleInfo (RoleInfo.java:updateAndGet(143)) - 47e59444-ad4b-4d8b-b6f4-160f3329f764: start FollowerState
2019-10-30 06:07:24,050 [grpc-default-executor-3] INFO  impl.RoleInfo (RoleInfo.java:updateAndGet(143)) - 78a2ca6d-ab27-408c-be71-e2595a145569: start FollowerState
2019-10-30 06:07:24,065 [4b4c7497-a7ec-4f2a-a6c9-18b9f4a92a5f@group-E99C5BDD80CF-LeaderElection79] INFO  impl.LeaderElection (LeaderElection.java:logAndReturn(56)) - 4b4c7497-a7ec-4f2a-a6c9-18b9f4a92a5f@group-E99C5BDD80CF-LeaderElection79: Election REJECTED; received 2 response(s) [4b4c7497-a7ec-4f2a-a6c9-18b9f4a92a5f<-78a2ca6d-ab27-408c-be71-e2595a145569#0:FAIL-t60, 4b4c7497-a7ec-4f2a-a6c9-18b9f4a92a5f<-47e59444-ad4b-4d8b-b6f4-160f3329f764#0:FAIL-t60] and 0 exception(s); 4b4c7497-a7ec-4f2a-a6c9-18b9f4a92a5f@group-E99C5BDD80CF:t60, leader=null, voted=4b4c7497-a7ec-4f2a-a6c9-18b9f4a92a5f, raftlog=4b4c7497-a7ec-4f2a-a6c9-18b9f4a92a5f@group-E99C5BDD80CF-SegmentedRaftLog:OPENED:c3,f4,i4, conf=0: [78a2ca6d-ab27-408c-be71-e2595a145569:192.168.34.21:37717, 4b4c7497-a7ec-4f2a-a6c9-18b9f4a92a5f:192.168.34.21:41258, 47e59444-ad4b-4d8b-b6f4-160f3329f764:192.168.34.21:39722], old=null
2019-10-30 06:07:24,065 [4b4c7497-a7ec-4f2a-a6c9-18b9f4a92a5f@group-E99C5BDD80CF-LeaderElection79] INFO  impl.RaftServerImpl (RaftServerImpl.java:setRole(184)) - 4b4c7497-a7ec-4f2a-a6c9-18b9f4a92a5f@group-E99C5BDD80CF: changes role from CANDIDATE to FOLLOWER at term 60 for DISCOVERED_A_NEW_TERM
2019-10-30 06:07:24,065 [4b4c7497-a7ec-4f2a-a6c9-18b9f4a92a5f@group-E99C5BDD80CF-LeaderElection79] INFO  impl.RoleInfo (RoleInfo.java:shutdownLeaderElection(134)) - 4b4c7497-a7ec-4f2a-a6c9-18b9f4a92a5f: shutdown LeaderElection
2019-10-30 06:07:24,065 [4b4c7497-a7ec-4f2a-a6c9-18b9f4a92a5f@group-E99C5BDD80CF-LeaderElection79] INFO  impl.RoleInfo (RoleInfo.java:updateAndGet(143)) - 4b4c7497-a7ec-4f2a-a6c9-18b9f4a92a5f: start FollowerState
2019-10-30 06:07:24,071 [Thread-1098] INFO  impl.FollowerState (FollowerState.java:run(108)) - 47e59444-ad4b-4d8b-b6f4-160f3329f764@group-8F7C53609CC3-FollowerState: change to CANDIDATE, lastRpcTime:127ms, electionTimeout:127ms
2019-10-30 06:07:24,071 [Thread-1098] INFO  impl.RoleInfo (RoleInfo.java:shutdownFollowerState(121)) - 47e59444-ad4b-4d8b-b6f4-160f3329f764: shutdown FollowerState
2019-10-30 06:07:24,071 [Thread-1098] INFO  impl.RaftServerImpl (RaftServerImpl.java:setRole(184)) - 47e59444-ad4b-4d8b-b6f4-160f3329f764@group-8F7C53609CC3: changes role from  FOLLOWER to CANDIDATE at term 26 for changeToCandidate
2019-10-30 06:07:24,071 [Thread-1098] INFO  impl.RoleInfo (RoleInfo.java:updateAndGet(143)) - 47e59444-ad4b-4d8b-b6f4-160f3329f764: start LeaderElection
2019-10-30 06:07:24,084 [47e59444-ad4b-4d8b-b6f4-160f3329f764@group-8F7C53609CC3-LeaderElection80] INFO  impl.LeaderElection (LeaderElection.java:askForVotes(178)) - 47e59444-ad4b-4d8b-b6f4-160f3329f764@group-8F7C53609CC3-LeaderElection80: begin an election at term 27 for -1: [78a2ca6d-ab27-408c-be71-e2595a145569:192.168.34.21:37717, 4b4c7497-a7ec-4f2a-a6c9-18b9f4a92a5f:192.168.34.21:41258, 47e59444-ad4b-4d8b-b6f4-160f3329f764:192.168.34.21:39722], old=null
2019-10-30 06:07:24,086 [grpc-default-executor-3] INFO  impl.RaftServerImpl (RaftServerImpl.java:setRole(184)) - 78a2ca6d-ab27-408c-be71-e2595a145569@group-8F7C53609CC3: changes role from  FOLLOWER to FOLLOWER at term 27 for recognizeCandidate:47e59444-ad4b-4d8b-b6f4-160f3329f764
2019-10-30 06:07:24,086 [grpc-default-executor-2] INFO  impl.RaftServerImpl (RaftServerImpl.java:setRole(184)) - 4b4c7497-a7ec-4f2a-a6c9-18b9f4a92a5f@group-8F7C53609CC3: changes role from  FOLLOWER to FOLLOWER at term 27 for recognizeCandidate:47e59444-ad4b-4d8b-b6f4-160f3329f764
2019-10-30 06:07:24,086 [grpc-default-executor-3] INFO  impl.RoleInfo (RoleInfo.java:shutdownFollowerState(121)) - 78a2ca6d-ab27-408c-be71-e2595a145569: shutdown FollowerState
2019-10-30 06:07:24,086 [grpc-default-executor-2] INFO  impl.RoleInfo (RoleInfo.java:shutdownFollowerState(121)) - 4b4c7497-a7ec-4f2a-a6c9-18b9f4a92a5f: shutdown FollowerState
2019-10-30 06:07:24,086 [Thread-1097] INFO  impl.FollowerState (FollowerState.java:run(117)) - 78a2ca6d-ab27-408c-be71-e2595a145569@group-8F7C53609CC3-FollowerState was interrupted: java.lang.InterruptedException: sleep interrupted
2019-10-30 06:07:24,086 [grpc-default-executor-3] INFO  impl.RoleInfo (RoleInfo.java:updateAndGet(143)) - 78a2ca6d-ab27-408c-be71-e2595a145569: start FollowerState
2019-10-30 06:07:24,087 [Thread-1096] INFO  impl.FollowerState (FollowerState.java:run(117)) - 4b4c7497-a7ec-4f2a-a6c9-18b9f4a92a5f@group-8F7C53609CC3-FollowerState was interrupted: java.lang.InterruptedException: sleep interrupted
2019-10-30 06:07:24,087 [grpc-default-executor-2] INFO  impl.RoleInfo (RoleInfo.java:updateAndGet(143)) - 4b4c7497-a7ec-4f2a-a6c9-18b9f4a92a5f: start FollowerState
2019-10-30 06:07:24,113 [47e59444-ad4b-4d8b-b6f4-160f3329f764@group-8F7C53609CC3-LeaderElection80] INFO  impl.LeaderElection (LeaderElection.java:logAndReturn(56)) - 47e59444-ad4b-4d8b-b6f4-160f3329f764@group-8F7C53609CC3-LeaderElection80: Election REJECTED; received 2 response(s) [47e59444-ad4b-4d8b-b6f4-160f3329f764<-4b4c7497-a7ec-4f2a-a6c9-18b9f4a92a5f#0:FAIL-t27, 47e59444-ad4b-4d8b-b6f4-160f3329f764<-78a2ca6d-ab27-408c-be71-e2595a145569#0:FAIL-t27] and 0 exception(s); 47e59444-ad4b-4d8b-b6f4-160f3329f764@group-8F7C53609CC3:t27, leader=null, voted=47e59444-ad4b-4d8b-b6f4-160f3329f764, raftlog=47e59444-ad4b-4d8b-b6f4-160f3329f764@group-8F7C53609CC3-SegmentedRaftLog:OPENED:c-1,f-1,i0, conf=-1: [78a2ca6d-ab27-408c-be71-e2595a145569:192.168.34.21:37717, 4b4c7497-a7ec-4f2a-a6c9-18b9f4a92a5f:192.168.34.21:41258, 47e59444-ad4b-4d8b-b6f4-160f3329f764:192.168.34.21:39722], old=null
2019-10-30 06:07:24,113 [47e59444-ad4b-4d8b-b6f4-160f3329f764@group-8F7C53609CC3-LeaderElection80] INFO  impl.RaftServerImpl (RaftServerImpl.java:setRole(184)) - 47e59444-ad4b-4d8b-b6f4-160f3329f764@group-8F7C53609CC3: changes role from CANDIDATE to FOLLOWER at term 27 for DISCOVERED_A_NEW_TERM
2019-10-30 06:07:24,113 [47e59444-ad4b-4d8b-b6f4-160f3329f764@group-8F7C53609CC3-LeaderElection80] INFO  impl.RoleInfo (RoleInfo.java:shutdownLeaderElection(134)) - 47e59444-ad4b-4d8b-b6f4-160f3329f764: shutdown LeaderElection
2019-10-30 06:07:24,113 [47e59444-ad4b-4d8b-b6f4-160f3329f764@group-8F7C53609CC3-LeaderElection80] INFO  impl.RoleInfo (RoleInfo.java:updateAndGet(143)) - 47e59444-ad4b-4d8b-b6f4-160f3329f764: start FollowerState
2019-10-30 06:07:24,255 [Thread-1120] INFO  impl.FollowerState (FollowerState.java:run(108)) - 47e59444-ad4b-4d8b-b6f4-160f3329f764@group-8F7C53609CC3-FollowerState: change to CANDIDATE, lastRpcTime:142ms, electionTimeout:142ms
2019-10-30 06:07:24,256 [Thread-1120] INFO  impl.RoleInfo (RoleInfo.java:shutdownFollowerState(121)) - 47e59444-ad4b-4d8b-b6f4-160f3329f764: shutdown FollowerState
2019-10-30 06:07:24,256 [Thread-1120] INFO  impl.RaftServerImpl (RaftServerImpl.java:setRole(184)) - 47e59444-ad4b-4d8b-b6f4-160f3329f764@group-8F7C53609CC3: changes role from  FOLLOWER to CANDIDATE at term 27 for changeToCandidate
2019-10-30 06:07:24,256 [Thread-1120] INFO  impl.RoleInfo (RoleInfo.java:updateAndGet(143)) - 47e59444-ad4b-4d8b-b6f4-160f3329f764: start LeaderElection
2019-10-30 06:07:24,264 [Thread-1114] INFO  impl.FollowerState (FollowerState.java:run(108)) - 4b4c7497-a7ec-4f2a-a6c9-18b9f4a92a5f@group-E99C5BDD80CF-FollowerState: change to CANDIDATE, lastRpcTime:198ms, electionTimeout:198ms
2019-10-30 06:07:24,264 [Thread-1114] INFO  impl.RoleInfo (RoleInfo.java:shutdownFollowerState(121)) - 4b4c7497-a7ec-4f2a-a6c9-18b9f4a92a5f: shutdown FollowerState
2019-10-30 06:07:24,264 [Thread-1114] INFO  impl.RaftServerImpl (RaftServerImpl.java:setRole(184)) - 4b4c7497-a7ec-4f2a-a6c9-18b9f4a92a5f@group-E99C5BDD80CF: changes role from  FOLLOWER to CANDIDATE at term 60 for changeToCandidate
2019-10-30 06:07:24,264 [Thread-1114] INFO  impl.RoleInfo (RoleInfo.java:updateAndGet(143)) - 4b4c7497-a7ec-4f2a-a6c9-18b9f4a92a5f: start LeaderElection
2019-10-30 06:07:24,270 [4b4c7497-a7ec-4f2a-a6c9-18b9f4a92a5f@group-E99C5BDD80CF-LeaderElection82] INFO  impl.LeaderElection (LeaderElection.java:askForVotes(178)) - 4b4c7497-a7ec-4f2a-a6c9-18b9f4a92a5f@group-E99C5BDD80CF-LeaderElection82: begin an election at term 61 for 0: [78a2ca6d-ab27-408c-be71-e2595a145569:192.168.34.21:37717, 4b4c7497-a7ec-4f2a-a6c9-18b9f4a92a5f:192.168.34.21:41258, 47e59444-ad4b-4d8b-b6f4-160f3329f764:192.168.34.21:39722], old=null
2019-10-30 06:07:24,270 [47e59444-ad4b-4d8b-b6f4-160f3329f764@group-8F7C53609CC3-LeaderElection81] INFO  impl.LeaderElection (LeaderElection.java:askForVotes(178)) - 47e59444-ad4b-4d8b-b6f4-160f3329f764@group-8F7C53609CC3-LeaderElection81: begin an election at term 28 for -1: [78a2ca6d-ab27-408c-be71-e2595a145569:192.168.34.21:37717, 4b4c7497-a7ec-4f2a-a6c9-18b9f4a92a5f:192.168.34.21:41258, 47e59444-ad4b-4d8b-b6f4-160f3329f764:192.168.34.21:39722], old=null
2019-10-30 06:07:24,272 [grpc-default-executor-3] INFO  impl.RaftServerImpl (RaftServerImpl.java:setRole(184)) - 47e59444-ad4b-4d8b-b6f4-160f3329f764@group-E99C5BDD80CF: changes role from  FOLLOWER to FOLLOWER at term 61 for recognizeCandidate:4b4c7497-a7ec-4f2a-a6c9-18b9f4a92a5f
2019-10-30 06:07:24,272 [grpc-default-executor-6] INFO  impl.RaftServerImpl (RaftServerImpl.java:setRole(184)) - 78a2ca6d-ab27-408c-be71-e2595a145569@group-E99C5BDD80CF: changes role from  FOLLOWER to FOLLOWER at term 61 for recognizeCandidate:4b4c7497-a7ec-4f2a-a6c9-18b9f4a92a5f
2019-10-30 06:07:24,272 [grpc-default-executor-6] INFO  impl.RoleInfo (RoleInfo.java:shutdownFollowerState(121)) - 78a2ca6d-ab27-408c-be71-e2595a145569: shutdown FollowerState
2019-10-30 06:07:24,272 [grpc-default-executor-4] INFO  impl.RaftServerImpl (RaftServerImpl.java:setRole(184)) - 4b4c7497-a7ec-4f2a-a6c9-18b9f4a92a5f@group-8F7C53609CC3: changes role from  FOLLOWER to FOLLOWER at term 28 for recognizeCandidate:47e59444-ad4b-4d8b-b6f4-160f3329f764
2019-10-30 06:07:24,272 [grpc-default-executor-4] INFO  impl.RoleInfo (RoleInfo.java:shutdownFollowerState(121)) - 4b4c7497-a7ec-4f2a-a6c9-18b9f4a92a5f: shutdown FollowerState
2019-10-30 06:07:24,272 [grpc-default-executor-2] INFO  impl.RaftServerImpl (RaftServerImpl.java:setRole(184)) - 78a2ca6d-ab27-408c-be71-e2595a145569@group-8F7C53609CC3: changes role from  FOLLOWER to FOLLOWER at term 28 for recognizeCandidate:47e59444-ad4b-4d8b-b6f4-160f3329f764
2019-10-30 06:07:24,273 [Thread-1119] INFO  impl.FollowerState (FollowerState.java:run(117)) - 4b4c7497-a7ec-4f2a-a6c9-18b9f4a92a5f@group-8F7C53609CC3-FollowerState was interrupted: java.lang.InterruptedException: sleep interrupted
2019-10-30 06:07:24,273 [grpc-default-executor-4] INFO  impl.RoleInfo (RoleInfo.java:updateAndGet(143)) - 4b4c7497-a7ec-4f2a-a6c9-18b9f4a92a5f: start FollowerState
2019-10-30 06:07:24,272 [Thread-1112] INFO  impl.FollowerState (FollowerState.java:run(117)) - 78a2ca6d-ab27-408c-be71-e2595a145569@group-E99C5BDD80CF-FollowerState was interrupted: java.lang.InterruptedException: sleep interrupted
2019-10-30 06:07:24,272 [grpc-default-executor-6] INFO  impl.RoleInfo (RoleInfo.java:updateAndGet(143)) - 78a2ca6d-ab27-408c-be71-e2595a145569: start FollowerState
2019-10-30 06:07:24,272 [grpc-default-executor-3] INFO  impl.RoleInfo (RoleInfo.java:shutdownFollowerState(121)) - 47e59444-ad4b-4d8b-b6f4-160f3329f764: shutdown FollowerState
2019-10-30 06:07:24,273 [grpc-default-executor-2] INFO  impl.RoleInfo (RoleInfo.java:shutdownFollowerState(121)) - 78a2ca6d-ab27-408c-be71-e2595a145569: shutdown FollowerState
2019-10-30 06:07:24,273 [Thread-1113] INFO  impl.FollowerState (FollowerState.java:run(117)) - 47e59444-ad4b-4d8b-b6f4-160f3329f764@group-E99C5BDD80CF-FollowerState was interrupted: java.lang.InterruptedException: sleep interrupted
2019-10-30 06:07:24,273 [grpc-default-executor-3] INFO  impl.RoleInfo (RoleInfo.java:updateAndGet(143)) - 47e59444-ad4b-4d8b-b6f4-160f3329f764: start FollowerState
2019-10-30 06:07:24,273 [Thread-1118] INFO  impl.FollowerState (FollowerState.java:run(117)) - 78a2ca6d-ab27-408c-be71-e2595a145569@group-8F7C53609CC3-FollowerState was interrupted: java.lang.InterruptedException: sleep interrupted
2019-10-30 06:07:24,273 [grpc-default-executor-2] INFO  impl.RoleInfo (RoleInfo.java:updateAndGet(143)) - 78a2ca6d-ab27-408c-be71-e2595a145569: start FollowerState
2019-10-30 06:07:24,287 [4b4c7497-a7ec-4f2a-a6c9-18b9f4a92a5f@group-E99C5BDD80CF-LeaderElection82] INFO  impl.LeaderElection (LeaderElection.java:logAndReturn(56)) - 4b4c7497-a7ec-4f2a-a6c9-18b9f4a92a5f@group-E99C5BDD80CF-LeaderElection82: Election REJECTED; received 2 response(s) [4b4c7497-a7ec-4f2a-a6c9-18b9f4a92a5f<-78a2ca6d-ab27-408c-be71-e2595a145569#0:FAIL-t61, 4b4c7497-a7ec-4f2a-a6c9-18b9f4a92a5f<-47e59444-ad4b-4d8b-b6f4-160f3329f764#0:FAIL-t61] and 0 exception(s); 4b4c7497-a7ec-4f2a-a6c9-18b9f4a92a5f@group-E99C5BDD80CF:t61, leader=null, voted=4b4c7497-a7ec-4f2a-a6c9-18b9f4a92a5f, raftlog=4b4c7497-a7ec-4f2a-a6c9-18b9f4a92a5f@group-E99C5BDD80CF-SegmentedRaftLog:OPENED:c3,f4,i4, conf=0: [78a2ca6d-ab27-408c-be71-e2595a145569:192.168.34.21:37717, 4b4c7497-a7ec-4f2a-a6c9-18b9f4a92a5f:192.168.34.21:41258, 47e59444-ad4b-4d8b-b6f4-160f3329f764:192.168.34.21:39722], old=null
2019-10-30 06:07:24,287 [4b4c7497-a7ec-4f2a-a6c9-18b9f4a92a5f@group-E99C5BDD80CF-LeaderElection82] INFO  impl.RaftServerImpl (RaftServerImpl.java:setRole(184)) - 4b4c7497-a7ec-4f2a-a6c9-18b9f4a92a5f@group-E99C5BDD80CF: changes role from CANDIDATE to FOLLOWER at term 61 for DISCOVERED_A_NEW_TERM
2019-10-30 06:07:24,287 [4b4c7497-a7ec-4f2a-a6c9-18b9f4a92a5f@group-E99C5BDD80CF-LeaderElection82] INFO  impl.RoleInfo (RoleInfo.java:shutdownLeaderElection(134)) - 4b4c7497-a7ec-4f2a-a6c9-18b9f4a92a5f: shutdown LeaderElection
2019-10-30 06:07:24,287 [4b4c7497-a7ec-4f2a-a6c9-18b9f4a92a5f@group-E99C5BDD80CF-LeaderElection82] INFO  impl.RoleInfo (RoleInfo.java:updateAndGet(143)) - 4b4c7497-a7ec-4f2a-a6c9-18b9f4a92a5f: start FollowerState
2019-10-30 06:07:24,287 [47e59444-ad4b-4d8b-b6f4-160f3329f764@group-8F7C53609CC3-LeaderElection81] INFO  impl.LeaderElection (LeaderElection.java:logAndReturn(56)) - 47e59444-ad4b-4d8b-b6f4-160f3329f764@group-8F7C53609CC3-LeaderElection81: Election REJECTED; received 2 response(s) [47e59444-ad4b-4d8b-b6f4-160f3329f764<-4b4c7497-a7ec-4f2a-a6c9-18b9f4a92a5f#0:FAIL-t28, 47e59444-ad4b-4d8b-b6f4-160f3329f764<-78a2ca6d-ab27-408c-be71-e2595a145569#0:FAIL-t28] and 0 exception(s); 47e59444-ad4b-4d8b-b6f4-160f3329f764@group-8F7C53609CC3:t28, leader=null, voted=47e59444-ad4b-4d8b-b6f4-160f3329f764, raftlog=47e59444-ad4b-4d8b-b6f4-160f3329f764@group-8F7C53609CC3-SegmentedRaftLog:OPENED:c-1,f-1,i0, conf=-1: [78a2ca6d-ab27-408c-be71-e2595a145569:192.168.34.21:37717, 4b4c7497-a7ec-4f2a-a6c9-18b9f4a92a5f:192.168.34.21:41258, 47e59444-ad4b-4d8b-b6f4-160f3329f764:192.168.34.21:39722], old=null
2019-10-30 06:07:24,288 [47e59444-ad4b-4d8b-b6f4-160f3329f764@group-8F7C53609CC3-LeaderElection81] INFO  impl.RaftServerImpl (RaftServerImpl.java:setRole(184)) - 47e59444-ad4b-4d8b-b6f4-160f3329f764@group-8F7C53609CC3: changes role from CANDIDATE to FOLLOWER at term 28 for DISCOVERED_A_NEW_TERM
2019-10-30 06:07:24,288 [47e59444-ad4b-4d8b-b6f4-160f3329f764@group-8F7C53609CC3-LeaderElection81] INFO  impl.RoleInfo (RoleInfo.java:shutdownLeaderElection(134)) - 47e59444-ad4b-4d8b-b6f4-160f3329f764: shutdown LeaderElection
2019-10-30 06:07:24,288 [47e59444-ad4b-4d8b-b6f4-160f3329f764@group-8F7C53609CC3-LeaderElection81] INFO  impl.RoleInfo (RoleInfo.java:updateAndGet(143)) - 47e59444-ad4b-4d8b-b6f4-160f3329f764: start FollowerState
2019-10-30 06:07:24,352 [Thread-1132] INFO  impl.FollowerState (FollowerState.java:run(108)) - 47e59444-ad4b-4d8b-b6f4-160f3329f764@group-8F7C53609CC3-FollowerState: change to CANDIDATE, lastRpcTime:64ms, electionTimeout:64ms
2019-10-30 06:07:24,352 [Thread-1132] INFO  impl.RoleInfo (RoleInfo.java:shutdownFollowerState(121)) - 47e59444-ad4b-4d8b-b6f4-160f3329f764: shutdown FollowerState
2019-10-30 06:07:24,352 [Thread-1132] INFO  impl.RaftServerImpl (RaftServerImpl.java:setRole(184)) - 47e59444-ad4b-4d8b-b6f4-160f3329f764@group-8F7C53609CC3: changes role from  FOLLOWER to CANDIDATE at term 28 for changeToCandidate
2019-10-30 06:07:24,352 [Thread-1132] INFO  impl.RoleInfo (RoleInfo.java:updateAndGet(143)) - 47e59444-ad4b-4d8b-b6f4-160f3329f764: start LeaderElection
2019-10-30 06:07:24,366 [47e59444-ad4b-4d8b-b6f4-160f3329f764@group-8F7C53609CC3-LeaderElection83] INFO  impl.LeaderElection (LeaderElection.java:askForVotes(178)) - 47e59444-ad4b-4d8b-b6f4-160f3329f764@group-8F7C53609CC3-LeaderElection83: begin an election at term 29 for -1: [78a2ca6d-ab27-408c-be71-e2595a145569:192.168.34.21:37717, 4b4c7497-a7ec-4f2a-a6c9-18b9f4a92a5f:192.168.34.21:41258, 47e59444-ad4b-4d8b-b6f4-160f3329f764:192.168.34.21:39722], old=null
2019-10-30 06:07:24,368 [grpc-default-executor-4] INFO  impl.RaftServerImpl (RaftServerImpl.java:setRole(184)) - 78a2ca6d-ab27-408c-be71-e2595a145569@group-8F7C53609CC3: changes role from  FOLLOWER to FOLLOWER at term 29 for recognizeCandidate:47e59444-ad4b-4d8b-b6f4-160f3329f764
2019-10-30 06:07:24,368 [grpc-default-executor-3] INFO  impl.RaftServerImpl (RaftServerImpl.java:setRole(184)) - 4b4c7497-a7ec-4f2a-a6c9-18b9f4a92a5f@group-8F7C53609CC3: changes role from  FOLLOWER to FOLLOWER at term 29 for recognizeCandidate:47e59444-ad4b-4d8b-b6f4-160f3329f764
2019-10-30 06:07:24,368 [grpc-default-executor-3] INFO  impl.RoleInfo (RoleInfo.java:shutdownFollowerState(121)) - 4b4c7497-a7ec-4f2a-a6c9-18b9f4a92a5f: shutdown FollowerState
2019-10-30 06:07:24,368 [grpc-default-executor-4] INFO  impl.RoleInfo (RoleInfo.java:shutdownFollowerState(121)) - 78a2ca6d-ab27-408c-be71-e2595a145569: shutdown FollowerState
2019-10-30 06:07:24,368 [grpc-default-executor-3] INFO  impl.RoleInfo (RoleInfo.java:updateAndGet(143)) - 4b4c7497-a7ec-4f2a-a6c9-18b9f4a92a5f: start FollowerState
2019-10-30 06:07:24,368 [grpc-default-executor-4] INFO  impl.RoleInfo (RoleInfo.java:updateAndGet(143)) - 78a2ca6d-ab27-408c-be71-e2595a145569: start FollowerState
2019-10-30 06:07:24,368 [Thread-1128] INFO  impl.FollowerState (FollowerState.java:run(117)) - 4b4c7497-a7ec-4f2a-a6c9-18b9f4a92a5f@group-8F7C53609CC3-FollowerState was interrupted: java.lang.InterruptedException: sleep interrupted
2019-10-30 06:07:24,368 [Thread-1130] INFO  impl.FollowerState (FollowerState.java:run(117)) - 78a2ca6d-ab27-408c-be71-e2595a145569@group-8F7C53609CC3-FollowerState was interrupted: java.lang.InterruptedException: sleep interrupted
2019-10-30 06:07:24,384 [47e59444-ad4b-4d8b-b6f4-160f3329f764@group-8F7C53609CC3-LeaderElection83] INFO  impl.LeaderElection (LeaderElection.java:logAndReturn(56)) - 47e59444-ad4b-4d8b-b6f4-160f3329f764@group-8F7C53609CC3-LeaderElection83: Election REJECTED; received 2 response(s) [47e59444-ad4b-4d8b-b6f4-160f3329f764<-78a2ca6d-ab27-408c-be71-e2595a145569#0:FAIL-t29, 47e59444-ad4b-4d8b-b6f4-160f3329f764<-4b4c7497-a7ec-4f2a-a6c9-18b9f4a92a5f#0:FAIL-t29] and 0 exception(s); 47e59444-ad4b-4d8b-b6f4-160f3329f764@group-8F7C53609CC3:t29, leader=null, voted=47e59444-ad4b-4d8b-b6f4-160f3329f764, raftlog=47e59444-ad4b-4d8b-b6f4-160f3329f764@group-8F7C53609CC3-SegmentedRaftLog:OPENED:c-1,f-1,i0, conf=-1: [78a2ca6d-ab27-408c-be71-e2595a145569:192.168.34.21:37717, 4b4c7497-a7ec-4f2a-a6c9-18b9f4a92a5f:192.168.34.21:41258, 47e59444-ad4b-4d8b-b6f4-160f3329f764:192.168.34.21:39722], old=null
2019-10-30 06:07:24,385 [47e59444-ad4b-4d8b-b6f4-160f3329f764@group-8F7C53609CC3-LeaderElection83] INFO  impl.RaftServerImpl (RaftServerImpl.java:setRole(184)) - 47e59444-ad4b-4d8b-b6f4-160f3329f764@group-8F7C53609CC3: changes role from CANDIDATE to FOLLOWER at term 29 for DISCOVERED_A_NEW_TERM
2019-10-30 06:07:24,385 [47e59444-ad4b-4d8b-b6f4-160f3329f764@group-8F7C53609CC3-LeaderElection83] INFO  impl.RoleInfo (RoleInfo.java:shutdownLeaderElection(134)) - 47e59444-ad4b-4d8b-b6f4-160f3329f764: shutdown LeaderElection
2019-10-30 06:07:24,385 [47e59444-ad4b-4d8b-b6f4-160f3329f764@group-8F7C53609CC3-LeaderElection83] INFO  impl.RoleInfo (RoleInfo.java:updateAndGet(143)) - 47e59444-ad4b-4d8b-b6f4-160f3329f764: start FollowerState
2019-10-30 06:07:24,403 [Thread-1138] INFO  impl.FollowerState (FollowerState.java:run(108)) - 47e59444-ad4b-4d8b-b6f4-160f3329f764@group-8F7C53609CC3-FollowerState: change to CANDIDATE, lastRpcTime:18ms, electionTimeout:18ms
2019-10-30 06:07:24,403 [Thread-1138] INFO  impl.RoleInfo (RoleInfo.java:shutdownFollowerState(121)) - 47e59444-ad4b-4d8b-b6f4-160f3329f764: shutdown FollowerState
2019-10-30 06:07:24,404 [Thread-1138] INFO  impl.RaftServerImpl (RaftServerImpl.java:setRole(184)) - 47e59444-ad4b-4d8b-b6f4-160f3329f764@group-8F7C53609CC3: changes role from  FOLLOWER to CANDIDATE at term 29 for changeToCandidate
2019-10-30 06:07:24,404 [Thread-1138] INFO  impl.RoleInfo (RoleInfo.java:updateAndGet(143)) - 47e59444-ad4b-4d8b-b6f4-160f3329f764: start LeaderElection
2019-10-30 06:07:24,419 [47e59444-ad4b-4d8b-b6f4-160f3329f764@group-8F7C53609CC3-LeaderElection84] INFO  impl.LeaderElection (LeaderElection.java:askForVotes(178)) - 47e59444-ad4b-4d8b-b6f4-160f3329f764@group-8F7C53609CC3-LeaderElection84: begin an election at term 30 for -1: [78a2ca6d-ab27-408c-be71-e2595a145569:192.168.34.21:37717, 4b4c7497-a7ec-4f2a-a6c9-18b9f4a92a5f:192.168.34.21:41258, 47e59444-ad4b-4d8b-b6f4-160f3329f764:192.168.34.21:39722], old=null
2019-10-30 06:07:24,421 [grpc-default-executor-3] INFO  impl.RaftServerImpl (RaftServerImpl.java:setRole(184)) - 4b4c7497-a7ec-4f2a-a6c9-18b9f4a92a5f@group-8F7C53609CC3: changes role from  FOLLOWER to FOLLOWER at term 30 for recognizeCandidate:47e59444-ad4b-4d8b-b6f4-160f3329f764
2019-10-30 06:07:24,421 [grpc-default-executor-3] INFO  impl.RoleInfo (RoleInfo.java:shutdownFollowerState(121)) - 4b4c7497-a7ec-4f2a-a6c9-18b9f4a92a5f: shutdown FollowerState
2019-10-30 06:07:24,421 [grpc-default-executor-4] INFO  impl.RaftServerImpl (RaftServerImpl.java:setRole(184)) - 78a2ca6d-ab27-408c-be71-e2595a145569@group-8F7C53609CC3: changes role from  FOLLOWER to FOLLOWER at term 30 for recognizeCandidate:47e59444-ad4b-4d8b-b6f4-160f3329f764
2019-10-30 06:07:24,421 [Thread-1136] INFO  impl.FollowerState (FollowerState.java:run(117)) - 4b4c7497-a7ec-4f2a-a6c9-18b9f4a92a5f@group-8F7C53609CC3-FollowerState was interrupted: java.lang.InterruptedException: sleep interrupted
2019-10-30 06:07:24,421 [grpc-default-executor-3] INFO  impl.RoleInfo (RoleInfo.java:updateAndGet(143)) - 4b4c7497-a7ec-4f2a-a6c9-18b9f4a92a5f: start FollowerState
2019-10-30 06:07:24,421 [grpc-default-executor-4] INFO  impl.RoleInfo (RoleInfo.java:shutdownFollowerState(121)) - 78a2ca6d-ab27-408c-be71-e2595a145569: shutdown FollowerState
2019-10-30 06:07:24,421 [grpc-default-executor-4] INFO  impl.RoleInfo (RoleInfo.java:updateAndGet(143)) - 78a2ca6d-ab27-408c-be71-e2595a145569: start FollowerState
2019-10-30 06:07:24,422 [Thread-1137] INFO  impl.FollowerState (FollowerState.java:run(117)) - 78a2ca6d-ab27-408c-be71-e2595a145569@group-8F7C53609CC3-FollowerState was interrupted: java.lang.InterruptedException: sleep interrupted
2019-10-30 06:07:24,435 [47e59444-ad4b-4d8b-b6f4-160f3329f764@group-8F7C53609CC3-LeaderElection84] INFO  impl.LeaderElection (LeaderElection.java:logAndReturn(56)) - 47e59444-ad4b-4d8b-b6f4-160f3329f764@group-8F7C53609CC3-LeaderElection84: Election REJECTED; received 2 response(s) [47e59444-ad4b-4d8b-b6f4-160f3329f764<-4b4c7497-a7ec-4f2a-a6c9-18b9f4a92a5f#0:FAIL-t30, 47e59444-ad4b-4d8b-b6f4-160f3329f764<-78a2ca6d-ab27-408c-be71-e2595a145569#0:FAIL-t30] and 0 exception(s); 47e59444-ad4b-4d8b-b6f4-160f3329f764@group-8F7C53609CC3:t30, leader=null, voted=47e59444-ad4b-4d8b-b6f4-160f3329f764, raftlog=47e59444-ad4b-4d8b-b6f4-160f3329f764@group-8F7C53609CC3-SegmentedRaftLog:OPENED:c-1,f-1,i0, conf=-1: [78a2ca6d-ab27-408c-be71-e2595a145569:192.168.34.21:37717, 4b4c7497-a7ec-4f2a-a6c9-18b9f4a92a5f:192.168.34.21:41258, 47e59444-ad4b-4d8b-b6f4-160f3329f764:192.168.34.21:39722], old=null
2019-10-30 06:07:24,435 [47e59444-ad4b-4d8b-b6f4-160f3329f764@group-8F7C53609CC3-LeaderElection84] INFO  impl.RaftServerImpl (RaftServerImpl.java:setRole(184)) - 47e59444-ad4b-4d8b-b6f4-160f3329f764@group-8F7C53609CC3: changes role from CANDIDATE to FOLLOWER at term 30 for DISCOVERED_A_NEW_TERM
2019-10-30 06:07:24,436 [47e59444-ad4b-4d8b-b6f4-160f3329f764@group-8F7C53609CC3-LeaderElection84] INFO  impl.RoleInfo (RoleInfo.java:shutdownLeaderElection(134)) - 47e59444-ad4b-4d8b-b6f4-160f3329f764: shutdown LeaderElection
2019-10-30 06:07:24,436 [47e59444-ad4b-4d8b-b6f4-160f3329f764@group-8F7C53609CC3-LeaderElection84] INFO  impl.RoleInfo (RoleInfo.java:updateAndGet(143)) - 47e59444-ad4b-4d8b-b6f4-160f3329f764: start FollowerState
2019-10-30 06:07:24,437 [Thread-1131] INFO  impl.FollowerState (FollowerState.java:run(108)) - 4b4c7497-a7ec-4f2a-a6c9-18b9f4a92a5f@group-E99C5BDD80CF-FollowerState: change to CANDIDATE, lastRpcTime:149ms, electionTimeout:149ms
2019-10-30 06:07:24,437 [Thread-1131] INFO  impl.RoleInfo (RoleInfo.java:shutdownFollowerState(121)) - 4b4c7497-a7ec-4f2a-a6c9-18b9f4a92a5f: shutdown FollowerState
2019-10-30 06:07:24,437 [Thread-1131] INFO  impl.RaftServerImpl (RaftServerImpl.java:setRole(184)) - 4b4c7497-a7ec-4f2a-a6c9-18b9f4a92a5f@group-E99C5BDD80CF: changes role from  FOLLOWER to CANDIDATE at term 61 for changeToCandidate
2019-10-30 06:07:24,437 [Thread-1131] INFO  impl.RoleInfo (RoleInfo.java:updateAndGet(143)) - 4b4c7497-a7ec-4f2a-a6c9-18b9f4a92a5f: start LeaderElection
2019-10-30 06:07:24,448 [BlockDeletingService#2] WARN  background.BlockDeletingService (BlockDeletingService.java:isDeletionAllowed(187)) - Close Container log Index 6 is not replicated across allthe servers in the pipeline 55028169-3584-4748-a1dc-e99c5bdd80cf as the min replicated index is 4. Deletion is not allowed in this container yet.
2019-10-30 06:07:24,448 [BlockDeletingService#2] WARN  background.BlockDeletingService (BlockDeletingService.java:isDeletionAllowed(187)) - Close Container log Index 6 is not replicated across allthe servers in the pipeline 55028169-3584-4748-a1dc-e99c5bdd80cf as the min replicated index is 4. Deletion is not allowed in this container yet.
2019-10-30 06:07:24,450 [4b4c7497-a7ec-4f2a-a6c9-18b9f4a92a5f@group-E99C5BDD80CF-LeaderElection85] INFO  impl.LeaderElection (LeaderElection.java:askForVotes(178)) - 4b4c7497-a7ec-4f2a-a6c9-18b9f4a92a5f@group-E99C5BDD80CF-LeaderElection85: begin an election at term 62 for 0: [78a2ca6d-ab27-408c-be71-e2595a145569:192.168.34.21:37717, 4b4c7497-a7ec-4f2a-a6c9-18b9f4a92a5f:192.168.34.21:41258, 47e59444-ad4b-4d8b-b6f4-160f3329f764:192.168.34.21:39722], old=null
2019-10-30 06:07:24,452 [grpc-default-executor-4] INFO  impl.RaftServerImpl (RaftServerImpl.java:setRole(184)) - 47e59444-ad4b-4d8b-b6f4-160f3329f764@group-E99C5BDD80CF: changes role from  FOLLOWER to FOLLOWER at term 62 for recognizeCandidate:4b4c7497-a7ec-4f2a-a6c9-18b9f4a92a5f
2019-10-30 06:07:24,452 [grpc-default-executor-3] INFO  impl.RaftServerImpl (RaftServerImpl.java:setRole(184)) - 78a2ca6d-ab27-408c-be71-e2595a145569@group-E99C5BDD80CF: changes role from  FOLLOWER to FOLLOWER at term 62 for recognizeCandidate:4b4c7497-a7ec-4f2a-a6c9-18b9f4a92a5f
2019-10-30 06:07:24,453 [grpc-default-executor-3] INFO  impl.RoleInfo (RoleInfo.java:shutdownFollowerState(121)) - 78a2ca6d-ab27-408c-be71-e2595a145569: shutdown FollowerState
2019-10-30 06:07:24,452 [grpc-default-executor-4] INFO  impl.RoleInfo (RoleInfo.java:shutdownFollowerState(121)) - 47e59444-ad4b-4d8b-b6f4-160f3329f764: shutdown FollowerState
2019-10-30 06:07:24,453 [grpc-default-executor-3] INFO  impl.RoleInfo (RoleInfo.java:updateAndGet(143)) - 78a2ca6d-ab27-408c-be71-e2595a145569: start FollowerState
2019-10-30 06:07:24,453 [grpc-default-executor-4] INFO  impl.RoleInfo (RoleInfo.java:updateAndGet(143)) - 47e59444-ad4b-4d8b-b6f4-160f3329f764: start FollowerState
2019-10-30 06:07:24,453 [Thread-1127] INFO  impl.FollowerState (FollowerState.java:run(117)) - 78a2ca6d-ab27-408c-be71-e2595a145569@group-E99C5BDD80CF-FollowerState was interrupted: java.lang.InterruptedException: sleep interrupted
2019-10-30 06:07:24,453 [Thread-1129] INFO  impl.FollowerState (FollowerState.java:run(117)) - 47e59444-ad4b-4d8b-b6f4-160f3329f764@group-E99C5BDD80CF-FollowerState was interrupted: java.lang.InterruptedException: sleep interrupted
2019-10-30 06:07:24,469 [4b4c7497-a7ec-4f2a-a6c9-18b9f4a92a5f@group-E99C5BDD80CF-LeaderElection85] INFO  impl.LeaderElection (LeaderElection.java:logAndReturn(56)) - 4b4c7497-a7ec-4f2a-a6c9-18b9f4a92a5f@group-E99C5BDD80CF-LeaderElection85: Election REJECTED; received 2 response(s) [4b4c7497-a7ec-4f2a-a6c9-18b9f4a92a5f<-78a2ca6d-ab27-408c-be71-e2595a145569#0:FAIL-t62, 4b4c7497-a7ec-4f2a-a6c9-18b9f4a92a5f<-47e59444-ad4b-4d8b-b6f4-160f3329f764#0:FAIL-t62] and 0 exception(s); 4b4c7497-a7ec-4f2a-a6c9-18b9f4a92a5f@group-E99C5BDD80CF:t62, leader=null, voted=4b4c7497-a7ec-4f2a-a6c9-18b9f4a92a5f, raftlog=4b4c7497-a7ec-4f2a-a6c9-18b9f4a92a5f@group-E99C5BDD80CF-SegmentedRaftLog:OPENED:c3,f4,i4, conf=0: [78a2ca6d-ab27-408c-be71-e2595a145569:192.168.34.21:37717, 4b4c7497-a7ec-4f2a-a6c9-18b9f4a92a5f:192.168.34.21:41258, 47e59444-ad4b-4d8b-b6f4-160f3329f764:192.168.34.21:39722], old=null
2019-10-30 06:07:24,470 [4b4c7497-a7ec-4f2a-a6c9-18b9f4a92a5f@group-E99C5BDD80CF-LeaderElection85] INFO  impl.RaftServerImpl (RaftServerImpl.java:setRole(184)) - 4b4c7497-a7ec-4f2a-a6c9-18b9f4a92a5f@group-E99C5BDD80CF: changes role from CANDIDATE to FOLLOWER at term 62 for DISCOVERED_A_NEW_TERM
2019-10-30 06:07:24,470 [4b4c7497-a7ec-4f2a-a6c9-18b9f4a92a5f@group-E99C5BDD80CF-LeaderElection85] INFO  impl.RoleInfo (RoleInfo.java:shutdownLeaderElection(134)) - 4b4c7497-a7ec-4f2a-a6c9-18b9f4a92a5f: shutdown LeaderElection
2019-10-30 06:07:24,470 [4b4c7497-a7ec-4f2a-a6c9-18b9f4a92a5f@group-E99C5BDD80CF-LeaderElection85] INFO  impl.RoleInfo (RoleInfo.java:updateAndGet(143)) - 4b4c7497-a7ec-4f2a-a6c9-18b9f4a92a5f: start FollowerState
2019-10-30 06:07:24,513 [Thread-1152] INFO  impl.FollowerState (FollowerState.java:run(108)) - 4b4c7497-a7ec-4f2a-a6c9-18b9f4a92a5f@group-E99C5BDD80CF-FollowerState: change to CANDIDATE, lastRpcTime:43ms, electionTimeout:43ms
2019-10-30 06:07:24,513 [Thread-1152] INFO  impl.RoleInfo (RoleInfo.java:shutdownFollowerState(121)) - 4b4c7497-a7ec-4f2a-a6c9-18b9f4a92a5f: shutdown FollowerState
2019-10-30 06:07:24,513 [Thread-1152] INFO  impl.RaftServerImpl (RaftServerImpl.java:setRole(184)) - 4b4c7497-a7ec-4f2a-a6c9-18b9f4a92a5f@group-E99C5BDD80CF: changes role from  FOLLOWER to CANDIDATE at term 62 for changeToCandidate
2019-10-30 06:07:24,514 [Thread-1152] INFO  impl.RoleInfo (RoleInfo.java:updateAndGet(143)) - 4b4c7497-a7ec-4f2a-a6c9-18b9f4a92a5f: start LeaderElection
2019-10-30 06:07:24,529 [4b4c7497-a7ec-4f2a-a6c9-18b9f4a92a5f@group-E99C5BDD80CF-LeaderElection86] INFO  impl.LeaderElection (LeaderElection.java:askForVotes(178)) - 4b4c7497-a7ec-4f2a-a6c9-18b9f4a92a5f@group-E99C5BDD80CF-LeaderElection86: begin an election at term 63 for 0: [78a2ca6d-ab27-408c-be71-e2595a145569:192.168.34.21:37717, 4b4c7497-a7ec-4f2a-a6c9-18b9f4a92a5f:192.168.34.21:41258, 47e59444-ad4b-4d8b-b6f4-160f3329f764:192.168.34.21:39722], old=null
2019-10-30 06:07:24,532 [grpc-default-executor-4] INFO  impl.RaftServerImpl (RaftServerImpl.java:setRole(184)) - 47e59444-ad4b-4d8b-b6f4-160f3329f764@group-E99C5BDD80CF: changes role from  FOLLOWER to FOLLOWER at term 63 for recognizeCandidate:4b4c7497-a7ec-4f2a-a6c9-18b9f4a92a5f
2019-10-30 06:07:24,532 [grpc-default-executor-4] INFO  impl.RoleInfo (RoleInfo.java:shutdownFollowerState(121)) - 47e59444-ad4b-4d8b-b6f4-160f3329f764: shutdown FollowerState
2019-10-30 06:07:24,532 [grpc-default-executor-4] INFO  impl.RoleInfo (RoleInfo.java:updateAndGet(143)) - 47e59444-ad4b-4d8b-b6f4-160f3329f764: start FollowerState
2019-10-30 06:07:24,532 [grpc-default-executor-3] INFO  impl.RaftServerImpl (RaftServerImpl.java:setRole(184)) - 78a2ca6d-ab27-408c-be71-e2595a145569@group-E99C5BDD80CF: changes role from  FOLLOWER to FOLLOWER at term 63 for recognizeCandidate:4b4c7497-a7ec-4f2a-a6c9-18b9f4a92a5f
2019-10-30 06:07:24,532 [Thread-1151] INFO  impl.FollowerState (FollowerState.java:run(117)) - 47e59444-ad4b-4d8b-b6f4-160f3329f764@group-E99C5BDD80CF-FollowerState was interrupted: java.lang.InterruptedException: sleep interrupted
2019-10-30 06:07:24,532 [grpc-default-executor-3] INFO  impl.RoleInfo (RoleInfo.java:shutdownFollowerState(121)) - 78a2ca6d-ab27-408c-be71-e2595a145569: shutdown FollowerState
2019-10-30 06:07:24,533 [grpc-default-executor-3] INFO  impl.RoleInfo (RoleInfo.java:updateAndGet(143)) - 78a2ca6d-ab27-408c-be71-e2595a145569: start FollowerState
2019-10-30 06:07:24,533 [Thread-1150] INFO  impl.FollowerState (FollowerState.java:run(117)) - 78a2ca6d-ab27-408c-be71-e2595a145569@group-E99C5BDD80CF-FollowerState was interrupted: java.lang.InterruptedException: sleep interrupted
2019-10-30 06:07:24,548 [4b4c7497-a7ec-4f2a-a6c9-18b9f4a92a5f@group-E99C5BDD80CF-LeaderElection86] INFO  impl.LeaderElection (LeaderElection.java:logAndReturn(56)) - 4b4c7497-a7ec-4f2a-a6c9-18b9f4a92a5f@group-E99C5BDD80CF-LeaderElection86: Election REJECTED; received 2 response(s) [4b4c7497-a7ec-4f2a-a6c9-18b9f4a92a5f<-78a2ca6d-ab27-408c-be71-e2595a145569#0:FAIL-t63, 4b4c7497-a7ec-4f2a-a6c9-18b9f4a92a5f<-47e59444-ad4b-4d8b-b6f4-160f3329f764#0:FAIL-t63] and 0 exception(s); 4b4c7497-a7ec-4f2a-a6c9-18b9f4a92a5f@group-E99C5BDD80CF:t63, leader=null, voted=4b4c7497-a7ec-4f2a-a6c9-18b9f4a92a5f, raftlog=4b4c7497-a7ec-4f2a-a6c9-18b9f4a92a5f@group-E99C5BDD80CF-SegmentedRaftLog:OPENED:c3,f4,i4, conf=0: [78a2ca6d-ab27-408c-be71-e2595a145569:192.168.34.21:37717, 4b4c7497-a7ec-4f2a-a6c9-18b9f4a92a5f:192.168.34.21:41258, 47e59444-ad4b-4d8b-b6f4-160f3329f764:192.168.34.21:39722], old=null
2019-10-30 06:07:24,548 [4b4c7497-a7ec-4f2a-a6c9-18b9f4a92a5f@group-E99C5BDD80CF-LeaderElection86] INFO  impl.RaftServerImpl (RaftServerImpl.java:setRole(184)) - 4b4c7497-a7ec-4f2a-a6c9-18b9f4a92a5f@group-E99C5BDD80CF: changes role from CANDIDATE to FOLLOWER at term 63 for DISCOVERED_A_NEW_TERM
2019-10-30 06:07:24,548 [4b4c7497-a7ec-4f2a-a6c9-18b9f4a92a5f@group-E99C5BDD80CF-LeaderElection86] INFO  impl.RoleInfo (RoleInfo.java:shutdownLeaderElection(134)) - 4b4c7497-a7ec-4f2a-a6c9-18b9f4a92a5f: shutdown LeaderElection
2019-10-30 06:07:24,549 [4b4c7497-a7ec-4f2a-a6c9-18b9f4a92a5f@group-E99C5BDD80CF-LeaderElection86] INFO  impl.RoleInfo (RoleInfo.java:updateAndGet(143)) - 4b4c7497-a7ec-4f2a-a6c9-18b9f4a92a5f: start FollowerState
2019-10-30 06:07:24,614 [Thread-1158] INFO  impl.FollowerState (FollowerState.java:run(108)) - 4b4c7497-a7ec-4f2a-a6c9-18b9f4a92a5f@group-E99C5BDD80CF-FollowerState: change to CANDIDATE, lastRpcTime:65ms, electionTimeout:65ms
2019-10-30 06:07:24,614 [Thread-1158] INFO  impl.RoleInfo (RoleInfo.java:shutdownFollowerState(121)) - 4b4c7497-a7ec-4f2a-a6c9-18b9f4a92a5f: shutdown FollowerState
2019-10-30 06:07:24,614 [Thread-1158] INFO  impl.RaftServerImpl (RaftServerImpl.java:setRole(184)) - 4b4c7497-a7ec-4f2a-a6c9-18b9f4a92a5f@group-E99C5BDD80CF: changes role from  FOLLOWER to CANDIDATE at term 63 for changeToCandidate
]]></system-out>
    <system-err><![CDATA[ERROR StatusLogger No Log4j 2 configuration file found. Using default configuration (logging only errors to the console), or user programmatically provided configurations. Set system property 'log4j2.debug' to show Log4j 2 internal initialization logging. See https://logging.apache.org/log4j/2.x/manual/configuration.html for instructions on how to configure Log4j 2
Oct 30, 2019 6:05:38 AM org.apache.ratis.thirdparty.io.grpc.internal.SerializingExecutor run
SEVERE: Exception while executing runnable org.apache.ratis.thirdparty.io.grpc.internal.ServerImpl$JumpToApplicationThreadServerStreamListener$1Closed@70d8ad69
org.apache.ratis.thirdparty.io.grpc.StatusRuntimeException: CANCELLED: call already cancelled
	at org.apache.ratis.thirdparty.io.grpc.Status.asRuntimeException(Status.java:517)
	at org.apache.ratis.thirdparty.io.grpc.stub.ServerCalls$ServerCallStreamObserverImpl.onCompleted(ServerCalls.java:356)
	at org.apache.ratis.grpc.server.GrpcServerProtocolService$ServerRequestStreamObserver.onError(GrpcServerProtocolService.java:121)
	at org.apache.ratis.thirdparty.io.grpc.stub.ServerCalls$StreamingServerCallHandler$StreamingServerCallListener.onCancel(ServerCalls.java:269)
	at org.apache.ratis.thirdparty.io.grpc.internal.ServerCallImpl$ServerStreamListenerImpl.closed(ServerCallImpl.java:293)
	at org.apache.ratis.thirdparty.io.grpc.internal.ServerImpl$JumpToApplicationThreadServerStreamListener$1Closed.runInContext(ServerImpl.java:741)
	at org.apache.ratis.thirdparty.io.grpc.internal.ContextRunnable.run(ContextRunnable.java:37)
	at org.apache.ratis.thirdparty.io.grpc.internal.SerializingExecutor.run(SerializingExecutor.java:123)
	at java.util.concurrent.ThreadPoolExecutor.runWorker(ThreadPoolExecutor.java:1149)
	at java.util.concurrent.ThreadPoolExecutor$Worker.run(ThreadPoolExecutor.java:624)
	at java.lang.Thread.run(Thread.java:748)

Oct 30, 2019 6:05:38 AM org.apache.ratis.thirdparty.io.grpc.internal.SerializingExecutor run
SEVERE: Exception while executing runnable org.apache.ratis.thirdparty.io.grpc.internal.ClientCallImpl$ClientStreamListenerImpl$1StreamClosed@497f6a74
java.lang.NullPointerException
	at org.apache.ratis.grpc.server.GrpcLogAppender$AppendLogResponseHandler.onError(GrpcLogAppender.java:303)
	at org.apache.ratis.thirdparty.io.grpc.stub.ClientCalls$StreamObserverToCallListenerAdapter.onClose(ClientCalls.java:434)
	at org.apache.ratis.thirdparty.io.grpc.PartialForwardingClientCallListener.onClose(PartialForwardingClientCallListener.java:39)
	at org.apache.ratis.thirdparty.io.grpc.ForwardingClientCallListener.onClose(ForwardingClientCallListener.java:23)
	at org.apache.ratis.thirdparty.io.grpc.ForwardingClientCallListener$SimpleForwardingClientCallListener.onClose(ForwardingClientCallListener.java:40)
	at org.apache.ratis.thirdparty.io.grpc.internal.CensusStatsModule$StatsClientInterceptor$1$1.onClose(CensusStatsModule.java:678)
	at org.apache.ratis.thirdparty.io.grpc.PartialForwardingClientCallListener.onClose(PartialForwardingClientCallListener.java:39)
	at org.apache.ratis.thirdparty.io.grpc.ForwardingClientCallListener.onClose(ForwardingClientCallListener.java:23)
	at org.apache.ratis.thirdparty.io.grpc.ForwardingClientCallListener$SimpleForwardingClientCallListener.onClose(ForwardingClientCallListener.java:40)
	at org.apache.ratis.thirdparty.io.grpc.internal.CensusTracingModule$TracingClientInterceptor$1$1.onClose(CensusTracingModule.java:397)
	at org.apache.ratis.thirdparty.io.grpc.internal.ClientCallImpl.closeObserver(ClientCallImpl.java:459)
	at org.apache.ratis.thirdparty.io.grpc.internal.ClientCallImpl.access$300(ClientCallImpl.java:63)
	at org.apache.ratis.thirdparty.io.grpc.internal.ClientCallImpl$ClientStreamListenerImpl.close(ClientCallImpl.java:546)
	at org.apache.ratis.thirdparty.io.grpc.internal.ClientCallImpl$ClientStreamListenerImpl.access$600(ClientCallImpl.java:467)
	at org.apache.ratis.thirdparty.io.grpc.internal.ClientCallImpl$ClientStreamListenerImpl$1StreamClosed.runInContext(ClientCallImpl.java:584)
	at org.apache.ratis.thirdparty.io.grpc.internal.ContextRunnable.run(ContextRunnable.java:37)
	at org.apache.ratis.thirdparty.io.grpc.internal.SerializingExecutor.run(SerializingExecutor.java:123)
	at java.util.concurrent.ThreadPoolExecutor.runWorker(ThreadPoolExecutor.java:1149)
	at java.util.concurrent.ThreadPoolExecutor$Worker.run(ThreadPoolExecutor.java:624)
	at java.lang.Thread.run(Thread.java:748)

]]></system-err>
  </testcase>
</testsuite>