<?xml version="1.0" encoding="UTF-8"?>
<testsuite xmlns:xsi="http://www.w3.org/2001/XMLSchema-instance" xsi:noNamespaceSchemaLocation="https://maven.apache.org/surefire/maven-surefire-plugin/xsd/surefire-test-report.xsd" name="org.apache.hadoop.ozone.scm.TestSCMContainerPlacementPolicyMetrics" time="81.627" tests="1" errors="1" skipped="0" failures="0">
  <properties>
    <property name="awt.toolkit" value="sun.awt.X11.XToolkit"/>
    <property name="file.encoding.pkg" value="sun.io"/>
    <property name="java.specification.version" value="1.8"/>
    <property name="sun.cpu.isalist" value=""/>
    <property name="sun.jnu.encoding" value="ANSI_X3.4-1968"/>
    <property name="java.class.path" value="/workdir/hadoop-ozone/integration-test/target/test-classes:/workdir/hadoop-ozone/integration-test/target/classes:/home/user/.m2/repository/org/apache/hadoop/hadoop-ozone-common/0.5.0-SNAPSHOT/hadoop-ozone-common-0.5.0-SNAPSHOT.jar:/home/user/.m2/repository/org/apache/commons/commons-compress/1.4.1/commons-compress-1.4.1.jar:/home/user/.m2/repository/org/tukaani/xz/1.0/xz-1.0.jar:/home/user/.m2/repository/org/apache/hadoop/hadoop-common/3.2.0/hadoop-common-3.2.0.jar:/home/user/.m2/repository/org/apache/hadoop/hadoop-hdfs/3.2.0/hadoop-hdfs-3.2.0.jar:/home/user/.m2/repository/org/apache/hadoop/hadoop-hdfs-client/3.2.0/hadoop-hdfs-client-3.2.0.jar:/home/user/.m2/repository/com/fasterxml/jackson/core/jackson-annotations/2.9.9/jackson-annotations-2.9.9.jar:/home/user/.m2/repository/org/apache/hadoop/hadoop-hdds-common/0.5.0-SNAPSHOT/hadoop-hdds-common-0.5.0-SNAPSHOT.jar:/home/user/.m2/repository/javax/annotation/javax.annotation-api/1.2/javax.annotation-api-1.2.jar:/home/user/.m2/repository/org/apache/ratis/ratis-server/0.5.0-3f446aa-SNAPSHOT/ratis-server-0.5.0-3f446aa-SNAPSHOT.jar:/home/user/.m2/repository/org/apache/ratis/ratis-thirdparty-misc/0.2.0/ratis-thirdparty-misc-0.2.0.jar:/home/user/.m2/repository/org/apache/ratis/ratis-proto/0.5.0-3f446aa-SNAPSHOT/ratis-proto-0.5.0-3f446aa-SNAPSHOT.jar:/home/user/.m2/repository/org/apache/ratis/ratis-common/0.5.0-3f446aa-SNAPSHOT/ratis-common-0.5.0-3f446aa-SNAPSHOT.jar:/home/user/.m2/repository/org/apache/ratis/ratis-client/0.5.0-3f446aa-SNAPSHOT/ratis-client-0.5.0-3f446aa-SNAPSHOT.jar:/home/user/.m2/repository/org/apache/ratis/ratis-metrics/0.5.0-3f446aa-SNAPSHOT/ratis-metrics-0.5.0-3f446aa-SNAPSHOT.jar:/home/user/.m2/repository/com/github/joshelser/dropwizard-metrics-hadoop-metrics2-reporter/0.1.2/dropwizard-metrics-hadoop-metrics2-reporter-0.1.2.jar:/home/user/.m2/repository/io/dropwizard/metrics/metrics-jvm/3.2.5/metrics-jvm-3.2.5.jar:/home/user/.m2/repository/io/dropwizard/metrics/metrics-ganglia/3.2.5/metrics-ganglia-3.2.5.jar:/home/user/.m2/repository/info/ganglia/gmetric4j/gmetric4j/1.0.7/gmetric4j-1.0.7.jar:/home/user/.m2/repository/org/apache/ratis/ratis-netty/0.5.0-3f446aa-SNAPSHOT/ratis-netty-0.5.0-3f446aa-SNAPSHOT.jar:/home/user/.m2/repository/org/apache/ratis/ratis-grpc/0.5.0-3f446aa-SNAPSHOT/ratis-grpc-0.5.0-3f446aa-SNAPSHOT.jar:/home/user/.m2/repository/org/rocksdb/rocksdbjni/6.0.1/rocksdbjni-6.0.1.jar:/home/user/.m2/repository/org/apache/logging/log4j/log4j-api/2.11.0/log4j-api-2.11.0.jar:/home/user/.m2/repository/org/apache/logging/log4j/log4j-core/2.11.0/log4j-core-2.11.0.jar:/home/user/.m2/repository/com/lmax/disruptor/3.4.2/disruptor-3.4.2.jar:/home/user/.m2/repository/org/apache/commons/commons-pool2/2.6.0/commons-pool2-2.6.0.jar:/home/user/.m2/repository/org/bouncycastle/bcpkix-jdk15on/1.60/bcpkix-jdk15on-1.60.jar:/home/user/.m2/repository/commons-validator/commons-validator/1.6/commons-validator-1.6.jar:/home/user/.m2/repository/commons-digester/commons-digester/1.8.1/commons-digester-1.8.1.jar:/home/user/.m2/repository/io/jaegertracing/jaeger-client/0.34.0/jaeger-client-0.34.0.jar:/home/user/.m2/repository/io/jaegertracing/jaeger-thrift/0.34.0/jaeger-thrift-0.34.0.jar:/home/user/.m2/repository/org/apache/thrift/libthrift/0.12.0/libthrift-0.12.0.jar:/home/user/.m2/repository/com/squareup/okhttp3/okhttp/3.9.0/okhttp-3.9.0.jar:/home/user/.m2/repository/com/squareup/okio/okio/1.13.0/okio-1.13.0.jar:/home/user/.m2/repository/io/jaegertracing/jaeger-core/0.34.0/jaeger-core-0.34.0.jar:/home/user/.m2/repository/io/jaegertracing/jaeger-tracerresolver/0.34.0/jaeger-tracerresolver-0.34.0.jar:/home/user/.m2/repository/io/opentracing/contrib/opentracing-tracerresolver/0.1.5/opentracing-tracerresolver-0.1.5.jar:/home/user/.m2/repository/io/opentracing/opentracing-util/0.31.0/opentracing-util-0.31.0.jar:/home/user/.m2/repository/io/opentracing/opentracing-api/0.31.0/opentracing-api-0.31.0.jar:/home/user/.m2/repository/io/opentracing/opentracing-noop/0.31.0/opentracing-noop-0.31.0.jar:/home/user/.m2/repository/org/apache/hadoop/hadoop-hdds-server-framework/0.5.0-SNAPSHOT/hadoop-hdds-server-framework-0.5.0-SNAPSHOT.jar:/home/user/.m2/repository/org/apache/hadoop/hadoop-hdds-container-service/0.5.0-SNAPSHOT/hadoop-hdds-container-service-0.5.0-SNAPSHOT.jar:/home/user/.m2/repository/org/apache/hadoop/hadoop-hdds-client/0.5.0-SNAPSHOT/hadoop-hdds-client-0.5.0-SNAPSHOT.jar:/home/user/.m2/repository/org/apache/hadoop/hadoop-hdds-tools/0.5.0-SNAPSHOT/hadoop-hdds-tools-0.5.0-SNAPSHOT.jar:/home/user/.m2/repository/org/apache/hadoop/hadoop-hdds-server-scm/0.5.0-SNAPSHOT/hadoop-hdds-server-scm-0.5.0-SNAPSHOT.jar:/home/user/.m2/repository/org/apache/hadoop/hadoop-hdds-docs/0.5.0-SNAPSHOT/hadoop-hdds-docs-0.5.0-SNAPSHOT.jar:/home/user/.m2/repository/io/dropwizard/metrics/metrics-core/3.2.4/metrics-core-3.2.4.jar:/home/user/.m2/repository/org/hamcrest/hamcrest-all/1.3/hamcrest-all-1.3.jar:/home/user/.m2/repository/org/bouncycastle/bcprov-jdk15on/1.60/bcprov-jdk15on-1.60.jar:/home/user/.m2/repository/info/picocli/picocli/3.9.6/picocli-3.9.6.jar:/home/user/.m2/repository/com/google/protobuf/protobuf-java/2.5.0/protobuf-java-2.5.0.jar:/home/user/.m2/repository/com/google/guava/guava/11.0.2/guava-11.0.2.jar:/home/user/.m2/repository/org/apache/hadoop/hadoop-ozone-ozone-manager/0.5.0-SNAPSHOT/hadoop-ozone-ozone-manager-0.5.0-SNAPSHOT.jar:/home/user/.m2/repository/org/apache/hadoop/hadoop-minikdc/3.2.0/hadoop-minikdc-3.2.0.jar:/home/user/.m2/repository/commons-io/commons-io/2.5/commons-io-2.5.jar:/home/user/.m2/repository/org/apache/kerby/kerb-simplekdc/1.0.1/kerb-simplekdc-1.0.1.jar:/home/user/.m2/repository/org/apache/kerby/kerb-client/1.0.1/kerb-client-1.0.1.jar:/home/user/.m2/repository/org/apache/kerby/kerby-config/1.0.1/kerby-config-1.0.1.jar:/home/user/.m2/repository/org/apache/kerby/kerb-core/1.0.1/kerb-core-1.0.1.jar:/home/user/.m2/repository/org/apache/kerby/kerby-pkix/1.0.1/kerby-pkix-1.0.1.jar:/home/user/.m2/repository/org/apache/kerby/kerby-asn1/1.0.1/kerby-asn1-1.0.1.jar:/home/user/.m2/repository/org/apache/kerby/kerby-util/1.0.1/kerby-util-1.0.1.jar:/home/user/.m2/repository/org/apache/kerby/kerb-common/1.0.1/kerb-common-1.0.1.jar:/home/user/.m2/repository/org/apache/kerby/kerb-crypto/1.0.1/kerb-crypto-1.0.1.jar:/home/user/.m2/repository/org/apache/kerby/kerb-util/1.0.1/kerb-util-1.0.1.jar:/home/user/.m2/repository/org/apache/kerby/token-provider/1.0.1/token-provider-1.0.1.jar:/home/user/.m2/repository/org/apache/kerby/kerb-admin/1.0.1/kerb-admin-1.0.1.jar:/home/user/.m2/repository/org/apache/kerby/kerb-server/1.0.1/kerb-server-1.0.1.jar:/home/user/.m2/repository/org/apache/kerby/kerb-identity/1.0.1/kerb-identity-1.0.1.jar:/home/user/.m2/repository/org/apache/kerby/kerby-xdr/1.0.1/kerby-xdr-1.0.1.jar:/home/user/.m2/repository/org/slf4j/slf4j-log4j12/1.7.25/slf4j-log4j12-1.7.25.jar:/home/user/.m2/repository/org/apache/hadoop/hadoop-ozone-s3gateway/0.5.0-SNAPSHOT/hadoop-ozone-s3gateway-0.5.0-SNAPSHOT.jar:/home/user/.m2/repository/org/jboss/weld/servlet/weld-servlet/2.4.7.Final/weld-servlet-2.4.7.Final.jar:/home/user/.m2/repository/org/glassfish/jersey/containers/jersey-container-servlet-core/2.27/jersey-container-servlet-core-2.27.jar:/home/user/.m2/repository/org/glassfish/hk2/external/javax.inject/2.5.0-b42/javax.inject-2.5.0-b42.jar:/home/user/.m2/repository/org/glassfish/jersey/core/jersey-common/2.27/jersey-common-2.27.jar:/home/user/.m2/repository/org/glassfish/hk2/osgi-resource-locator/1.0.1/osgi-resource-locator-1.0.1.jar:/home/user/.m2/repository/javax/ws/rs/javax.ws.rs-api/2.1/javax.ws.rs-api-2.1.jar:/home/user/.m2/repository/org/glassfish/jersey/ext/cdi/jersey-cdi1x/2.27/jersey-cdi1x-2.27.jar:/home/user/.m2/repository/org/glassfish/jersey/inject/jersey-hk2/2.27/jersey-hk2-2.27.jar:/home/user/.m2/repository/org/glassfish/hk2/hk2-locator/2.5.0-b42/hk2-locator-2.5.0-b42.jar:/home/user/.m2/repository/org/javassist/javassist/3.22.0-CR2/javassist-3.22.0-CR2.jar:/home/user/.m2/repository/org/glassfish/hk2/hk2-api/2.5.0/hk2-api-2.5.0.jar:/home/user/.m2/repository/org/glassfish/hk2/external/jakarta.inject/2.5.0/jakarta.inject-2.5.0.jar:/home/user/.m2/repository/org/glassfish/hk2/hk2-utils/2.5.0/hk2-utils-2.5.0.jar:/home/user/.m2/repository/jakarta/annotation/jakarta.annotation-api/1.3.4/jakarta.annotation-api-1.3.4.jar:/home/user/.m2/repository/org/glassfish/hk2/external/aopalliance-repackaged/2.5.0/aopalliance-repackaged-2.5.0.jar:/home/user/.m2/repository/com/fasterxml/jackson/dataformat/jackson-dataformat-xml/2.9.0/jackson-dataformat-xml-2.9.0.jar:/home/user/.m2/repository/com/fasterxml/jackson/core/jackson-core/2.9.9/jackson-core-2.9.9.jar:/home/user/.m2/repository/com/fasterxml/jackson/module/jackson-module-jaxb-annotations/2.9.9/jackson-module-jaxb-annotations-2.9.9.jar:/home/user/.m2/repository/javax/enterprise/cdi-api/1.2/cdi-api-1.2.jar:/home/user/.m2/repository/javax/el/javax.el-api/3.0.0/javax.el-api-3.0.0.jar:/home/user/.m2/repository/javax/interceptor/javax.interceptor-api/1.2/javax.interceptor-api-1.2.jar:/home/user/.m2/repository/javax/inject/javax.inject/1/javax.inject-1.jar:/home/user/.m2/repository/com/sun/xml/bind/jaxb-impl/2.3.0.1/jaxb-impl-2.3.0.1.jar:/home/user/.m2/repository/com/sun/xml/bind/jaxb-core/2.3.0.1/jaxb-core-2.3.0.1.jar:/home/user/.m2/repository/javax/xml/bind/jaxb-api/2.3.0/jaxb-api-2.3.0.jar:/home/user/.m2/repository/javax/activation/activation/1.1.1/activation-1.1.1.jar:/home/user/.m2/repository/org/apache/hadoop/hadoop-ozone-csi/0.5.0-SNAPSHOT/hadoop-ozone-csi-0.5.0-SNAPSHOT.jar:/home/user/.m2/repository/com/google/protobuf/protobuf-java-util/3.5.1/protobuf-java-util-3.5.1.jar:/home/user/.m2/repository/org/apache/hadoop/hadoop-hdds-config/0.5.0-SNAPSHOT/hadoop-hdds-config-0.5.0-SNAPSHOT.jar:/home/user/.m2/repository/io/grpc/grpc-netty/1.17.1/grpc-netty-1.17.1.jar:/home/user/.m2/repository/io/grpc/grpc-core/1.17.1/grpc-core-1.17.1.jar:/home/user/.m2/repository/io/grpc/grpc-context/1.17.1/grpc-context-1.17.1.jar:/home/user/.m2/repository/com/google/errorprone/error_prone_annotations/2.2.0/error_prone_annotations-2.2.0.jar:/home/user/.m2/repository/org/codehaus/mojo/animal-sniffer-annotations/1.17/animal-sniffer-annotations-1.17.jar:/home/user/.m2/repository/io/opencensus/opencensus-api/0.17.0/opencensus-api-0.17.0.jar:/home/user/.m2/repository/io/opencensus/opencensus-contrib-grpc-metrics/0.17.0/opencensus-contrib-grpc-metrics-0.17.0.jar:/home/user/.m2/repository/io/netty/netty-codec-http2/4.1.30.Final/netty-codec-http2-4.1.30.Final.jar:/home/user/.m2/repository/io/netty/netty-codec-http/4.1.30.Final/netty-codec-http-4.1.30.Final.jar:/home/user/.m2/repository/io/netty/netty-codec/4.1.30.Final/netty-codec-4.1.30.Final.jar:/home/user/.m2/repository/io/netty/netty-handler/4.1.30.Final/netty-handler-4.1.30.Final.jar:/home/user/.m2/repository/io/netty/netty-handler-proxy/4.1.30.Final/netty-handler-proxy-4.1.30.Final.jar:/home/user/.m2/repository/io/netty/netty-codec-socks/4.1.30.Final/netty-codec-socks-4.1.30.Final.jar:/home/user/.m2/repository/io/netty/netty-transport-native-epoll/4.1.30.Final/netty-transport-native-epoll-4.1.30.Final.jar:/home/user/.m2/repository/io/netty/netty-common/4.1.30.Final/netty-common-4.1.30.Final.jar:/home/user/.m2/repository/io/netty/netty-buffer/4.1.30.Final/netty-buffer-4.1.30.Final.jar:/home/user/.m2/repository/io/netty/netty-transport/4.1.30.Final/netty-transport-4.1.30.Final.jar:/home/user/.m2/repository/io/netty/netty-resolver/4.1.30.Final/netty-resolver-4.1.30.Final.jar:/home/user/.m2/repository/io/netty/netty-transport-native-unix-common/4.1.30.Final/netty-transport-native-unix-common-4.1.30.Final.jar:/home/user/.m2/repository/io/grpc/grpc-protobuf/1.17.1/grpc-protobuf-1.17.1.jar:/home/user/.m2/repository/com/google/api/grpc/proto-google-common-protos/1.0.0/proto-google-common-protos-1.0.0.jar:/home/user/.m2/repository/io/grpc/grpc-protobuf-lite/1.17.1/grpc-protobuf-lite-1.17.1.jar:/home/user/.m2/repository/io/grpc/grpc-stub/1.17.1/grpc-stub-1.17.1.jar:/home/user/.m2/repository/org/apache/hadoop/hadoop-ozone-recon/0.5.0-SNAPSHOT/hadoop-ozone-recon-0.5.0-SNAPSHOT.jar:/home/user/.m2/repository/org/apache/hadoop/hadoop-ozone-reconcodegen/0.5.0-SNAPSHOT/hadoop-ozone-reconcodegen-0.5.0-SNAPSHOT.jar:/home/user/.m2/repository/com/google/inject/extensions/guice-multibindings/4.0/guice-multibindings-4.0.jar:/home/user/.m2/repository/com/google/inject/guice/4.0/guice-4.0.jar:/home/user/.m2/repository/aopalliance/aopalliance/1.0/aopalliance-1.0.jar:/home/user/.m2/repository/com/google/inject/extensions/guice-servlet/4.0/guice-servlet-4.0.jar:/home/user/.m2/repository/org/glassfish/jersey/containers/jersey-container-servlet/2.27/jersey-container-servlet-2.27.jar:/home/user/.m2/repository/org/glassfish/hk2/guice-bridge/2.5.0/guice-bridge-2.5.0.jar:/home/user/.m2/repository/org/glassfish/jersey/core/jersey-server/2.27/jersey-server-2.27.jar:/home/user/.m2/repository/org/glassfish/jersey/core/jersey-client/2.27/jersey-client-2.27.jar:/home/user/.m2/repository/org/glassfish/jersey/media/jersey-media-jaxb/2.27/jersey-media-jaxb-2.27.jar:/home/user/.m2/repository/javax/validation/validation-api/1.1.0.Final/validation-api-1.1.0.Final.jar:/home/user/.m2/repository/org/glassfish/jersey/media/jersey-media-json-jackson/2.27/jersey-media-json-jackson-2.27.jar:/home/user/.m2/repository/org/glassfish/jersey/ext/jersey-entity-filtering/2.27/jersey-entity-filtering-2.27.jar:/home/user/.m2/repository/com/google/inject/extensions/guice-assistedinject/4.0/guice-assistedinject-4.0.jar:/home/user/.m2/repository/org/jooq/jooq/3.11.10/jooq-3.11.10.jar:/home/user/.m2/repository/org/jooq/jooq-meta/3.11.10/jooq-meta-3.11.10.jar:/home/user/.m2/repository/org/jooq/jooq-codegen/3.11.10/jooq-codegen-3.11.10.jar:/home/user/.m2/repository/com/jolbox/bonecp/0.8.0.RELEASE/bonecp-0.8.0.RELEASE.jar:/home/user/.m2/repository/org/xerial/sqlite-jdbc/3.25.2/sqlite-jdbc-3.25.2.jar:/home/user/.m2/repository/org/springframework/spring-jdbc/5.1.3.RELEASE/spring-jdbc-5.1.3.RELEASE.jar:/home/user/.m2/repository/org/springframework/spring-beans/5.1.3.RELEASE/spring-beans-5.1.3.RELEASE.jar:/home/user/.m2/repository/org/springframework/spring-core/5.1.3.RELEASE/spring-core-5.1.3.RELEASE.jar:/home/user/.m2/repository/org/springframework/spring-jcl/5.1.3.RELEASE/spring-jcl-5.1.3.RELEASE.jar:/home/user/.m2/repository/org/springframework/spring-tx/5.1.3.RELEASE/spring-tx-5.1.3.RELEASE.jar:/home/user/.m2/repository/org/apache/hadoop/hadoop-ozone-client/0.5.0-SNAPSHOT/hadoop-ozone-client-0.5.0-SNAPSHOT.jar:/home/user/.m2/repository/commons-lang/commons-lang/2.6/commons-lang-2.6.jar:/home/user/.m2/repository/org/apache/hadoop/hadoop-ozone-ozone-manager/0.5.0-SNAPSHOT/hadoop-ozone-ozone-manager-0.5.0-SNAPSHOT-tests.jar:/home/user/.m2/repository/junit/junit/4.11/junit-4.11.jar:/home/user/.m2/repository/org/hamcrest/hamcrest-core/1.3/hamcrest-core-1.3.jar:/home/user/.m2/repository/org/openjdk/jmh/jmh-core/1.19/jmh-core-1.19.jar:/home/user/.m2/repository/net/sf/jopt-simple/jopt-simple/4.6/jopt-simple-4.6.jar:/home/user/.m2/repository/org/apache/commons/commons-math3/3.1.1/commons-math3-3.1.1.jar:/home/user/.m2/repository/org/openjdk/jmh/jmh-generator-annprocess/1.19/jmh-generator-annprocess-1.19.jar:/home/user/.m2/repository/org/mockito/mockito-all/1.8.5/mockito-all-1.8.5.jar:/home/user/.m2/repository/org/apache/hadoop/hadoop-kms/3.2.0/hadoop-kms-3.2.0.jar:/home/user/.m2/repository/org/apache/hadoop/hadoop-auth/3.2.0/hadoop-auth-3.2.0.jar:/home/user/.m2/repository/com/nimbusds/nimbus-jose-jwt/4.41.1/nimbus-jose-jwt-4.41.1.jar:/home/user/.m2/repository/com/github/stephenc/jcip/jcip-annotations/1.0-1/jcip-annotations-1.0-1.jar:/home/user/.m2/repository/net/minidev/json-smart/2.3/json-smart-2.3.jar:/home/user/.m2/repository/net/minidev/accessors-smart/1.2/accessors-smart-1.2.jar:/home/user/.m2/repository/org/ow2/asm/asm/5.0.4/asm-5.0.4.jar:/home/user/.m2/repository/org/apache/curator/curator-framework/2.12.0/curator-framework-2.12.0.jar:/home/user/.m2/repository/com/sun/jersey/jersey-core/1.19/jersey-core-1.19.jar:/home/user/.m2/repository/javax/ws/rs/jsr311-api/1.1.1/jsr311-api-1.1.1.jar:/home/user/.m2/repository/com/sun/jersey/jersey-server/1.19/jersey-server-1.19.jar:/home/user/.m2/repository/javax/servlet/javax.servlet-api/3.1.0/javax.servlet-api-3.1.0.jar:/home/user/.m2/repository/org/eclipse/jetty/jetty-server/9.3.25.v20180904/jetty-server-9.3.25.v20180904.jar:/home/user/.m2/repository/org/eclipse/jetty/jetty-http/9.3.25.v20180904/jetty-http-9.3.25.v20180904.jar:/home/user/.m2/repository/org/eclipse/jetty/jetty-io/9.3.25.v20180904/jetty-io-9.3.25.v20180904.jar:/home/user/.m2/repository/org/eclipse/jetty/jetty-webapp/9.3.25.v20180904/jetty-webapp-9.3.25.v20180904.jar:/home/user/.m2/repository/org/eclipse/jetty/jetty-xml/9.3.25.v20180904/jetty-xml-9.3.25.v20180904.jar:/home/user/.m2/repository/log4j/log4j/1.2.17/log4j-1.2.17.jar:/home/user/.m2/repository/org/slf4j/slf4j-api/1.7.25/slf4j-api-1.7.25.jar:/home/user/.m2/repository/org/slf4j/jul-to-slf4j/1.7.25/jul-to-slf4j-1.7.25.jar:/home/user/.m2/repository/org/eclipse/jetty/jetty-util/9.3.25.v20180904/jetty-util-9.3.25.v20180904.jar:/home/user/.m2/repository/com/fasterxml/jackson/core/jackson-databind/2.9.9/jackson-databind-2.9.9.jar:/home/user/.m2/repository/org/apache/hadoop/hadoop-kms/3.2.0/hadoop-kms-3.2.0-tests.jar:/home/user/.m2/repository/org/apache/hadoop/hadoop-hdds-server-scm/0.5.0-SNAPSHOT/hadoop-hdds-server-scm-0.5.0-SNAPSHOT-tests.jar:/home/user/.m2/repository/org/apache/hadoop/hadoop-hdds-container-service/0.5.0-SNAPSHOT/hadoop-hdds-container-service-0.5.0-SNAPSHOT-tests.jar:/home/user/.m2/repository/org/yaml/snakeyaml/1.16/snakeyaml-1.16.jar:/home/user/.m2/repository/org/apache/hadoop/hadoop-common/3.2.0/hadoop-common-3.2.0-tests.jar:/home/user/.m2/repository/org/apache/hadoop/hadoop-annotations/3.2.0/hadoop-annotations-3.2.0.jar:/usr/lib/jvm/java-1.8.0-openjdk-1.8.0.222.b10-1.el7_7.x86_64/jre/../lib/tools.jar:/home/user/.m2/repository/commons-cli/commons-cli/1.2/commons-cli-1.2.jar:/home/user/.m2/repository/org/apache/httpcomponents/httpclient/4.5.2/httpclient-4.5.2.jar:/home/user/.m2/repository/org/apache/httpcomponents/httpcore/4.4.4/httpcore-4.4.4.jar:/home/user/.m2/repository/commons-codec/commons-codec/1.11/commons-codec-1.11.jar:/home/user/.m2/repository/commons-net/commons-net/3.6/commons-net-3.6.jar:/home/user/.m2/repository/commons-collections/commons-collections/3.2.2/commons-collections-3.2.2.jar:/home/user/.m2/repository/org/eclipse/jetty/jetty-servlet/9.3.25.v20180904/jetty-servlet-9.3.25.v20180904.jar:/home/user/.m2/repository/org/eclipse/jetty/jetty-security/9.3.25.v20180904/jetty-security-9.3.25.v20180904.jar:/home/user/.m2/repository/javax/servlet/jsp/jsp-api/2.1/jsp-api-2.1.jar:/home/user/.m2/repository/com/sun/jersey/jersey-servlet/1.19/jersey-servlet-1.19.jar:/home/user/.m2/repository/com/sun/jersey/jersey-json/1.19/jersey-json-1.19.jar:/home/user/.m2/repository/org/codehaus/jettison/jettison/1.1/jettison-1.1.jar:/home/user/.m2/repository/org/codehaus/jackson/jackson-core-asl/1.9.13/jackson-core-asl-1.9.13.jar:/home/user/.m2/repository/org/codehaus/jackson/jackson-mapper-asl/1.9.13/jackson-mapper-asl-1.9.13.jar:/home/user/.m2/repository/org/codehaus/jackson/jackson-jaxrs/1.9.13/jackson-jaxrs-1.9.13.jar:/home/user/.m2/repository/org/codehaus/jackson/jackson-xc/1.9.13/jackson-xc-1.9.13.jar:/home/user/.m2/repository/commons-logging/commons-logging/1.1.3/commons-logging-1.1.3.jar:/home/user/.m2/repository/commons-beanutils/commons-beanutils/1.9.4/commons-beanutils-1.9.4.jar:/home/user/.m2/repository/org/apache/commons/commons-configuration2/2.1.1/commons-configuration2-2.1.1.jar:/home/user/.m2/repository/org/apache/commons/commons-lang3/3.7/commons-lang3-3.7.jar:/home/user/.m2/repository/org/apache/commons/commons-text/1.4/commons-text-1.4.jar:/home/user/.m2/repository/org/apache/avro/avro/1.7.7/avro-1.7.7.jar:/home/user/.m2/repository/com/thoughtworks/paranamer/paranamer/2.3/paranamer-2.3.jar:/home/user/.m2/repository/org/xerial/snappy/snappy-java/1.0.5/snappy-java-1.0.5.jar:/home/user/.m2/repository/com/google/re2j/re2j/1.1/re2j-1.1.jar:/home/user/.m2/repository/com/google/code/gson/gson/2.2.4/gson-2.2.4.jar:/home/user/.m2/repository/com/jcraft/jsch/0.1.54/jsch-0.1.54.jar:/home/user/.m2/repository/org/apache/curator/curator-client/2.12.0/curator-client-2.12.0.jar:/home/user/.m2/repository/org/apache/curator/curator-recipes/2.12.0/curator-recipes-2.12.0.jar:/home/user/.m2/repository/com/google/code/findbugs/jsr305/3.0.0/jsr305-3.0.0.jar:/home/user/.m2/repository/org/apache/htrace/htrace-core4/4.1.0-incubating/htrace-core4-4.1.0-incubating.jar:/home/user/.m2/repository/org/apache/zookeeper/zookeeper/3.4.13/zookeeper-3.4.13.jar:/home/user/.m2/repository/jline/jline/0.9.94/jline-0.9.94.jar:/home/user/.m2/repository/org/apache/yetus/audience-annotations/0.5.0/audience-annotations-0.5.0.jar:/home/user/.m2/repository/org/codehaus/woodstox/stax2-api/3.1.4/stax2-api-3.1.4.jar:/home/user/.m2/repository/com/fasterxml/woodstox/woodstox-core/5.0.3/woodstox-core-5.0.3.jar:/home/user/.m2/repository/dnsjava/dnsjava/2.1.7/dnsjava-2.1.7.jar:/home/user/.m2/repository/org/apache/hadoop/hadoop-hdfs/3.2.0/hadoop-hdfs-3.2.0-tests.jar:/home/user/.m2/repository/org/eclipse/jetty/jetty-util-ajax/9.3.25.v20180904/jetty-util-ajax-9.3.25.v20180904.jar:/home/user/.m2/repository/commons-daemon/commons-daemon/1.0.13/commons-daemon-1.0.13.jar:/home/user/.m2/repository/io/netty/netty/3.10.5.Final/netty-3.10.5.Final.jar:/home/user/.m2/repository/io/netty/netty-all/4.0.52.Final/netty-all-4.0.52.Final.jar:/home/user/.m2/repository/org/fusesource/leveldbjni/leveldbjni-all/1.8/leveldbjni-all-1.8.jar:"/>
    <property name="java.vm.vendor" value="Oracle Corporation"/>
    <property name="sun.arch.data.model" value="64"/>
    <property name="test.build.dir" value="/workdir/hadoop-ozone/integration-test/target/test-dir"/>
    <property name="test.cache.data" value=""/>
    <property name="java.vendor.url" value="http://java.oracle.com/"/>
    <property name="user.timezone" value=""/>
    <property name="java.vm.specification.version" value="1.8"/>
    <property name="os.name" value="Linux"/>
    <property name="test.build.data" value="/workdir/hadoop-ozone/integration-test/target/test-dir"/>
    <property name="user.country" value="US"/>
    <property name="sun.java.launcher" value="SUN_STANDARD"/>
    <property name="sun.boot.library.path" value="/usr/lib/jvm/java-1.8.0-openjdk-1.8.0.222.b10-1.el7_7.x86_64/jre/lib/amd64"/>
    <property name="sun.java.command" value="/workdir/hadoop-ozone/integration-test/target/surefire/surefirebooter6413104617995159459.jar /workdir/hadoop-ozone/integration-test/target/surefire 2019-11-04T15-53-34_402-jvmRun1 surefire1891344782677203407tmp surefire_163839457641438802794tmp"/>
    <property name="surefire.test.class.path" value="/workdir/hadoop-ozone/integration-test/target/test-classes:/workdir/hadoop-ozone/integration-test/target/classes:/home/user/.m2/repository/org/apache/hadoop/hadoop-ozone-common/0.5.0-SNAPSHOT/hadoop-ozone-common-0.5.0-SNAPSHOT.jar:/home/user/.m2/repository/org/apache/commons/commons-compress/1.4.1/commons-compress-1.4.1.jar:/home/user/.m2/repository/org/tukaani/xz/1.0/xz-1.0.jar:/home/user/.m2/repository/org/apache/hadoop/hadoop-common/3.2.0/hadoop-common-3.2.0.jar:/home/user/.m2/repository/org/apache/hadoop/hadoop-hdfs/3.2.0/hadoop-hdfs-3.2.0.jar:/home/user/.m2/repository/org/apache/hadoop/hadoop-hdfs-client/3.2.0/hadoop-hdfs-client-3.2.0.jar:/home/user/.m2/repository/com/fasterxml/jackson/core/jackson-annotations/2.9.9/jackson-annotations-2.9.9.jar:/home/user/.m2/repository/org/apache/hadoop/hadoop-hdds-common/0.5.0-SNAPSHOT/hadoop-hdds-common-0.5.0-SNAPSHOT.jar:/home/user/.m2/repository/javax/annotation/javax.annotation-api/1.2/javax.annotation-api-1.2.jar:/home/user/.m2/repository/org/apache/ratis/ratis-server/0.5.0-3f446aa-SNAPSHOT/ratis-server-0.5.0-3f446aa-SNAPSHOT.jar:/home/user/.m2/repository/org/apache/ratis/ratis-thirdparty-misc/0.2.0/ratis-thirdparty-misc-0.2.0.jar:/home/user/.m2/repository/org/apache/ratis/ratis-proto/0.5.0-3f446aa-SNAPSHOT/ratis-proto-0.5.0-3f446aa-SNAPSHOT.jar:/home/user/.m2/repository/org/apache/ratis/ratis-common/0.5.0-3f446aa-SNAPSHOT/ratis-common-0.5.0-3f446aa-SNAPSHOT.jar:/home/user/.m2/repository/org/apache/ratis/ratis-client/0.5.0-3f446aa-SNAPSHOT/ratis-client-0.5.0-3f446aa-SNAPSHOT.jar:/home/user/.m2/repository/org/apache/ratis/ratis-metrics/0.5.0-3f446aa-SNAPSHOT/ratis-metrics-0.5.0-3f446aa-SNAPSHOT.jar:/home/user/.m2/repository/com/github/joshelser/dropwizard-metrics-hadoop-metrics2-reporter/0.1.2/dropwizard-metrics-hadoop-metrics2-reporter-0.1.2.jar:/home/user/.m2/repository/io/dropwizard/metrics/metrics-jvm/3.2.5/metrics-jvm-3.2.5.jar:/home/user/.m2/repository/io/dropwizard/metrics/metrics-ganglia/3.2.5/metrics-ganglia-3.2.5.jar:/home/user/.m2/repository/info/ganglia/gmetric4j/gmetric4j/1.0.7/gmetric4j-1.0.7.jar:/home/user/.m2/repository/org/apache/ratis/ratis-netty/0.5.0-3f446aa-SNAPSHOT/ratis-netty-0.5.0-3f446aa-SNAPSHOT.jar:/home/user/.m2/repository/org/apache/ratis/ratis-grpc/0.5.0-3f446aa-SNAPSHOT/ratis-grpc-0.5.0-3f446aa-SNAPSHOT.jar:/home/user/.m2/repository/org/rocksdb/rocksdbjni/6.0.1/rocksdbjni-6.0.1.jar:/home/user/.m2/repository/org/apache/logging/log4j/log4j-api/2.11.0/log4j-api-2.11.0.jar:/home/user/.m2/repository/org/apache/logging/log4j/log4j-core/2.11.0/log4j-core-2.11.0.jar:/home/user/.m2/repository/com/lmax/disruptor/3.4.2/disruptor-3.4.2.jar:/home/user/.m2/repository/org/apache/commons/commons-pool2/2.6.0/commons-pool2-2.6.0.jar:/home/user/.m2/repository/org/bouncycastle/bcpkix-jdk15on/1.60/bcpkix-jdk15on-1.60.jar:/home/user/.m2/repository/commons-validator/commons-validator/1.6/commons-validator-1.6.jar:/home/user/.m2/repository/commons-digester/commons-digester/1.8.1/commons-digester-1.8.1.jar:/home/user/.m2/repository/io/jaegertracing/jaeger-client/0.34.0/jaeger-client-0.34.0.jar:/home/user/.m2/repository/io/jaegertracing/jaeger-thrift/0.34.0/jaeger-thrift-0.34.0.jar:/home/user/.m2/repository/org/apache/thrift/libthrift/0.12.0/libthrift-0.12.0.jar:/home/user/.m2/repository/com/squareup/okhttp3/okhttp/3.9.0/okhttp-3.9.0.jar:/home/user/.m2/repository/com/squareup/okio/okio/1.13.0/okio-1.13.0.jar:/home/user/.m2/repository/io/jaegertracing/jaeger-core/0.34.0/jaeger-core-0.34.0.jar:/home/user/.m2/repository/io/jaegertracing/jaeger-tracerresolver/0.34.0/jaeger-tracerresolver-0.34.0.jar:/home/user/.m2/repository/io/opentracing/contrib/opentracing-tracerresolver/0.1.5/opentracing-tracerresolver-0.1.5.jar:/home/user/.m2/repository/io/opentracing/opentracing-util/0.31.0/opentracing-util-0.31.0.jar:/home/user/.m2/repository/io/opentracing/opentracing-api/0.31.0/opentracing-api-0.31.0.jar:/home/user/.m2/repository/io/opentracing/opentracing-noop/0.31.0/opentracing-noop-0.31.0.jar:/home/user/.m2/repository/org/apache/hadoop/hadoop-hdds-server-framework/0.5.0-SNAPSHOT/hadoop-hdds-server-framework-0.5.0-SNAPSHOT.jar:/home/user/.m2/repository/org/apache/hadoop/hadoop-hdds-container-service/0.5.0-SNAPSHOT/hadoop-hdds-container-service-0.5.0-SNAPSHOT.jar:/home/user/.m2/repository/org/apache/hadoop/hadoop-hdds-client/0.5.0-SNAPSHOT/hadoop-hdds-client-0.5.0-SNAPSHOT.jar:/home/user/.m2/repository/org/apache/hadoop/hadoop-hdds-tools/0.5.0-SNAPSHOT/hadoop-hdds-tools-0.5.0-SNAPSHOT.jar:/home/user/.m2/repository/org/apache/hadoop/hadoop-hdds-server-scm/0.5.0-SNAPSHOT/hadoop-hdds-server-scm-0.5.0-SNAPSHOT.jar:/home/user/.m2/repository/org/apache/hadoop/hadoop-hdds-docs/0.5.0-SNAPSHOT/hadoop-hdds-docs-0.5.0-SNAPSHOT.jar:/home/user/.m2/repository/io/dropwizard/metrics/metrics-core/3.2.4/metrics-core-3.2.4.jar:/home/user/.m2/repository/org/hamcrest/hamcrest-all/1.3/hamcrest-all-1.3.jar:/home/user/.m2/repository/org/bouncycastle/bcprov-jdk15on/1.60/bcprov-jdk15on-1.60.jar:/home/user/.m2/repository/info/picocli/picocli/3.9.6/picocli-3.9.6.jar:/home/user/.m2/repository/com/google/protobuf/protobuf-java/2.5.0/protobuf-java-2.5.0.jar:/home/user/.m2/repository/com/google/guava/guava/11.0.2/guava-11.0.2.jar:/home/user/.m2/repository/org/apache/hadoop/hadoop-ozone-ozone-manager/0.5.0-SNAPSHOT/hadoop-ozone-ozone-manager-0.5.0-SNAPSHOT.jar:/home/user/.m2/repository/org/apache/hadoop/hadoop-minikdc/3.2.0/hadoop-minikdc-3.2.0.jar:/home/user/.m2/repository/commons-io/commons-io/2.5/commons-io-2.5.jar:/home/user/.m2/repository/org/apache/kerby/kerb-simplekdc/1.0.1/kerb-simplekdc-1.0.1.jar:/home/user/.m2/repository/org/apache/kerby/kerb-client/1.0.1/kerb-client-1.0.1.jar:/home/user/.m2/repository/org/apache/kerby/kerby-config/1.0.1/kerby-config-1.0.1.jar:/home/user/.m2/repository/org/apache/kerby/kerb-core/1.0.1/kerb-core-1.0.1.jar:/home/user/.m2/repository/org/apache/kerby/kerby-pkix/1.0.1/kerby-pkix-1.0.1.jar:/home/user/.m2/repository/org/apache/kerby/kerby-asn1/1.0.1/kerby-asn1-1.0.1.jar:/home/user/.m2/repository/org/apache/kerby/kerby-util/1.0.1/kerby-util-1.0.1.jar:/home/user/.m2/repository/org/apache/kerby/kerb-common/1.0.1/kerb-common-1.0.1.jar:/home/user/.m2/repository/org/apache/kerby/kerb-crypto/1.0.1/kerb-crypto-1.0.1.jar:/home/user/.m2/repository/org/apache/kerby/kerb-util/1.0.1/kerb-util-1.0.1.jar:/home/user/.m2/repository/org/apache/kerby/token-provider/1.0.1/token-provider-1.0.1.jar:/home/user/.m2/repository/org/apache/kerby/kerb-admin/1.0.1/kerb-admin-1.0.1.jar:/home/user/.m2/repository/org/apache/kerby/kerb-server/1.0.1/kerb-server-1.0.1.jar:/home/user/.m2/repository/org/apache/kerby/kerb-identity/1.0.1/kerb-identity-1.0.1.jar:/home/user/.m2/repository/org/apache/kerby/kerby-xdr/1.0.1/kerby-xdr-1.0.1.jar:/home/user/.m2/repository/org/slf4j/slf4j-log4j12/1.7.25/slf4j-log4j12-1.7.25.jar:/home/user/.m2/repository/org/apache/hadoop/hadoop-ozone-s3gateway/0.5.0-SNAPSHOT/hadoop-ozone-s3gateway-0.5.0-SNAPSHOT.jar:/home/user/.m2/repository/org/jboss/weld/servlet/weld-servlet/2.4.7.Final/weld-servlet-2.4.7.Final.jar:/home/user/.m2/repository/org/glassfish/jersey/containers/jersey-container-servlet-core/2.27/jersey-container-servlet-core-2.27.jar:/home/user/.m2/repository/org/glassfish/hk2/external/javax.inject/2.5.0-b42/javax.inject-2.5.0-b42.jar:/home/user/.m2/repository/org/glassfish/jersey/core/jersey-common/2.27/jersey-common-2.27.jar:/home/user/.m2/repository/org/glassfish/hk2/osgi-resource-locator/1.0.1/osgi-resource-locator-1.0.1.jar:/home/user/.m2/repository/javax/ws/rs/javax.ws.rs-api/2.1/javax.ws.rs-api-2.1.jar:/home/user/.m2/repository/org/glassfish/jersey/ext/cdi/jersey-cdi1x/2.27/jersey-cdi1x-2.27.jar:/home/user/.m2/repository/org/glassfish/jersey/inject/jersey-hk2/2.27/jersey-hk2-2.27.jar:/home/user/.m2/repository/org/glassfish/hk2/hk2-locator/2.5.0-b42/hk2-locator-2.5.0-b42.jar:/home/user/.m2/repository/org/javassist/javassist/3.22.0-CR2/javassist-3.22.0-CR2.jar:/home/user/.m2/repository/org/glassfish/hk2/hk2-api/2.5.0/hk2-api-2.5.0.jar:/home/user/.m2/repository/org/glassfish/hk2/external/jakarta.inject/2.5.0/jakarta.inject-2.5.0.jar:/home/user/.m2/repository/org/glassfish/hk2/hk2-utils/2.5.0/hk2-utils-2.5.0.jar:/home/user/.m2/repository/jakarta/annotation/jakarta.annotation-api/1.3.4/jakarta.annotation-api-1.3.4.jar:/home/user/.m2/repository/org/glassfish/hk2/external/aopalliance-repackaged/2.5.0/aopalliance-repackaged-2.5.0.jar:/home/user/.m2/repository/com/fasterxml/jackson/dataformat/jackson-dataformat-xml/2.9.0/jackson-dataformat-xml-2.9.0.jar:/home/user/.m2/repository/com/fasterxml/jackson/core/jackson-core/2.9.9/jackson-core-2.9.9.jar:/home/user/.m2/repository/com/fasterxml/jackson/module/jackson-module-jaxb-annotations/2.9.9/jackson-module-jaxb-annotations-2.9.9.jar:/home/user/.m2/repository/javax/enterprise/cdi-api/1.2/cdi-api-1.2.jar:/home/user/.m2/repository/javax/el/javax.el-api/3.0.0/javax.el-api-3.0.0.jar:/home/user/.m2/repository/javax/interceptor/javax.interceptor-api/1.2/javax.interceptor-api-1.2.jar:/home/user/.m2/repository/javax/inject/javax.inject/1/javax.inject-1.jar:/home/user/.m2/repository/com/sun/xml/bind/jaxb-impl/2.3.0.1/jaxb-impl-2.3.0.1.jar:/home/user/.m2/repository/com/sun/xml/bind/jaxb-core/2.3.0.1/jaxb-core-2.3.0.1.jar:/home/user/.m2/repository/javax/xml/bind/jaxb-api/2.3.0/jaxb-api-2.3.0.jar:/home/user/.m2/repository/javax/activation/activation/1.1.1/activation-1.1.1.jar:/home/user/.m2/repository/org/apache/hadoop/hadoop-ozone-csi/0.5.0-SNAPSHOT/hadoop-ozone-csi-0.5.0-SNAPSHOT.jar:/home/user/.m2/repository/com/google/protobuf/protobuf-java-util/3.5.1/protobuf-java-util-3.5.1.jar:/home/user/.m2/repository/org/apache/hadoop/hadoop-hdds-config/0.5.0-SNAPSHOT/hadoop-hdds-config-0.5.0-SNAPSHOT.jar:/home/user/.m2/repository/io/grpc/grpc-netty/1.17.1/grpc-netty-1.17.1.jar:/home/user/.m2/repository/io/grpc/grpc-core/1.17.1/grpc-core-1.17.1.jar:/home/user/.m2/repository/io/grpc/grpc-context/1.17.1/grpc-context-1.17.1.jar:/home/user/.m2/repository/com/google/errorprone/error_prone_annotations/2.2.0/error_prone_annotations-2.2.0.jar:/home/user/.m2/repository/org/codehaus/mojo/animal-sniffer-annotations/1.17/animal-sniffer-annotations-1.17.jar:/home/user/.m2/repository/io/opencensus/opencensus-api/0.17.0/opencensus-api-0.17.0.jar:/home/user/.m2/repository/io/opencensus/opencensus-contrib-grpc-metrics/0.17.0/opencensus-contrib-grpc-metrics-0.17.0.jar:/home/user/.m2/repository/io/netty/netty-codec-http2/4.1.30.Final/netty-codec-http2-4.1.30.Final.jar:/home/user/.m2/repository/io/netty/netty-codec-http/4.1.30.Final/netty-codec-http-4.1.30.Final.jar:/home/user/.m2/repository/io/netty/netty-codec/4.1.30.Final/netty-codec-4.1.30.Final.jar:/home/user/.m2/repository/io/netty/netty-handler/4.1.30.Final/netty-handler-4.1.30.Final.jar:/home/user/.m2/repository/io/netty/netty-handler-proxy/4.1.30.Final/netty-handler-proxy-4.1.30.Final.jar:/home/user/.m2/repository/io/netty/netty-codec-socks/4.1.30.Final/netty-codec-socks-4.1.30.Final.jar:/home/user/.m2/repository/io/netty/netty-transport-native-epoll/4.1.30.Final/netty-transport-native-epoll-4.1.30.Final.jar:/home/user/.m2/repository/io/netty/netty-common/4.1.30.Final/netty-common-4.1.30.Final.jar:/home/user/.m2/repository/io/netty/netty-buffer/4.1.30.Final/netty-buffer-4.1.30.Final.jar:/home/user/.m2/repository/io/netty/netty-transport/4.1.30.Final/netty-transport-4.1.30.Final.jar:/home/user/.m2/repository/io/netty/netty-resolver/4.1.30.Final/netty-resolver-4.1.30.Final.jar:/home/user/.m2/repository/io/netty/netty-transport-native-unix-common/4.1.30.Final/netty-transport-native-unix-common-4.1.30.Final.jar:/home/user/.m2/repository/io/grpc/grpc-protobuf/1.17.1/grpc-protobuf-1.17.1.jar:/home/user/.m2/repository/com/google/api/grpc/proto-google-common-protos/1.0.0/proto-google-common-protos-1.0.0.jar:/home/user/.m2/repository/io/grpc/grpc-protobuf-lite/1.17.1/grpc-protobuf-lite-1.17.1.jar:/home/user/.m2/repository/io/grpc/grpc-stub/1.17.1/grpc-stub-1.17.1.jar:/home/user/.m2/repository/org/apache/hadoop/hadoop-ozone-recon/0.5.0-SNAPSHOT/hadoop-ozone-recon-0.5.0-SNAPSHOT.jar:/home/user/.m2/repository/org/apache/hadoop/hadoop-ozone-reconcodegen/0.5.0-SNAPSHOT/hadoop-ozone-reconcodegen-0.5.0-SNAPSHOT.jar:/home/user/.m2/repository/com/google/inject/extensions/guice-multibindings/4.0/guice-multibindings-4.0.jar:/home/user/.m2/repository/com/google/inject/guice/4.0/guice-4.0.jar:/home/user/.m2/repository/aopalliance/aopalliance/1.0/aopalliance-1.0.jar:/home/user/.m2/repository/com/google/inject/extensions/guice-servlet/4.0/guice-servlet-4.0.jar:/home/user/.m2/repository/org/glassfish/jersey/containers/jersey-container-servlet/2.27/jersey-container-servlet-2.27.jar:/home/user/.m2/repository/org/glassfish/hk2/guice-bridge/2.5.0/guice-bridge-2.5.0.jar:/home/user/.m2/repository/org/glassfish/jersey/core/jersey-server/2.27/jersey-server-2.27.jar:/home/user/.m2/repository/org/glassfish/jersey/core/jersey-client/2.27/jersey-client-2.27.jar:/home/user/.m2/repository/org/glassfish/jersey/media/jersey-media-jaxb/2.27/jersey-media-jaxb-2.27.jar:/home/user/.m2/repository/javax/validation/validation-api/1.1.0.Final/validation-api-1.1.0.Final.jar:/home/user/.m2/repository/org/glassfish/jersey/media/jersey-media-json-jackson/2.27/jersey-media-json-jackson-2.27.jar:/home/user/.m2/repository/org/glassfish/jersey/ext/jersey-entity-filtering/2.27/jersey-entity-filtering-2.27.jar:/home/user/.m2/repository/com/google/inject/extensions/guice-assistedinject/4.0/guice-assistedinject-4.0.jar:/home/user/.m2/repository/org/jooq/jooq/3.11.10/jooq-3.11.10.jar:/home/user/.m2/repository/org/jooq/jooq-meta/3.11.10/jooq-meta-3.11.10.jar:/home/user/.m2/repository/org/jooq/jooq-codegen/3.11.10/jooq-codegen-3.11.10.jar:/home/user/.m2/repository/com/jolbox/bonecp/0.8.0.RELEASE/bonecp-0.8.0.RELEASE.jar:/home/user/.m2/repository/org/xerial/sqlite-jdbc/3.25.2/sqlite-jdbc-3.25.2.jar:/home/user/.m2/repository/org/springframework/spring-jdbc/5.1.3.RELEASE/spring-jdbc-5.1.3.RELEASE.jar:/home/user/.m2/repository/org/springframework/spring-beans/5.1.3.RELEASE/spring-beans-5.1.3.RELEASE.jar:/home/user/.m2/repository/org/springframework/spring-core/5.1.3.RELEASE/spring-core-5.1.3.RELEASE.jar:/home/user/.m2/repository/org/springframework/spring-jcl/5.1.3.RELEASE/spring-jcl-5.1.3.RELEASE.jar:/home/user/.m2/repository/org/springframework/spring-tx/5.1.3.RELEASE/spring-tx-5.1.3.RELEASE.jar:/home/user/.m2/repository/org/apache/hadoop/hadoop-ozone-client/0.5.0-SNAPSHOT/hadoop-ozone-client-0.5.0-SNAPSHOT.jar:/home/user/.m2/repository/commons-lang/commons-lang/2.6/commons-lang-2.6.jar:/home/user/.m2/repository/org/apache/hadoop/hadoop-ozone-ozone-manager/0.5.0-SNAPSHOT/hadoop-ozone-ozone-manager-0.5.0-SNAPSHOT-tests.jar:/home/user/.m2/repository/junit/junit/4.11/junit-4.11.jar:/home/user/.m2/repository/org/hamcrest/hamcrest-core/1.3/hamcrest-core-1.3.jar:/home/user/.m2/repository/org/openjdk/jmh/jmh-core/1.19/jmh-core-1.19.jar:/home/user/.m2/repository/net/sf/jopt-simple/jopt-simple/4.6/jopt-simple-4.6.jar:/home/user/.m2/repository/org/apache/commons/commons-math3/3.1.1/commons-math3-3.1.1.jar:/home/user/.m2/repository/org/openjdk/jmh/jmh-generator-annprocess/1.19/jmh-generator-annprocess-1.19.jar:/home/user/.m2/repository/org/mockito/mockito-all/1.8.5/mockito-all-1.8.5.jar:/home/user/.m2/repository/org/apache/hadoop/hadoop-kms/3.2.0/hadoop-kms-3.2.0.jar:/home/user/.m2/repository/org/apache/hadoop/hadoop-auth/3.2.0/hadoop-auth-3.2.0.jar:/home/user/.m2/repository/com/nimbusds/nimbus-jose-jwt/4.41.1/nimbus-jose-jwt-4.41.1.jar:/home/user/.m2/repository/com/github/stephenc/jcip/jcip-annotations/1.0-1/jcip-annotations-1.0-1.jar:/home/user/.m2/repository/net/minidev/json-smart/2.3/json-smart-2.3.jar:/home/user/.m2/repository/net/minidev/accessors-smart/1.2/accessors-smart-1.2.jar:/home/user/.m2/repository/org/ow2/asm/asm/5.0.4/asm-5.0.4.jar:/home/user/.m2/repository/org/apache/curator/curator-framework/2.12.0/curator-framework-2.12.0.jar:/home/user/.m2/repository/com/sun/jersey/jersey-core/1.19/jersey-core-1.19.jar:/home/user/.m2/repository/javax/ws/rs/jsr311-api/1.1.1/jsr311-api-1.1.1.jar:/home/user/.m2/repository/com/sun/jersey/jersey-server/1.19/jersey-server-1.19.jar:/home/user/.m2/repository/javax/servlet/javax.servlet-api/3.1.0/javax.servlet-api-3.1.0.jar:/home/user/.m2/repository/org/eclipse/jetty/jetty-server/9.3.25.v20180904/jetty-server-9.3.25.v20180904.jar:/home/user/.m2/repository/org/eclipse/jetty/jetty-http/9.3.25.v20180904/jetty-http-9.3.25.v20180904.jar:/home/user/.m2/repository/org/eclipse/jetty/jetty-io/9.3.25.v20180904/jetty-io-9.3.25.v20180904.jar:/home/user/.m2/repository/org/eclipse/jetty/jetty-webapp/9.3.25.v20180904/jetty-webapp-9.3.25.v20180904.jar:/home/user/.m2/repository/org/eclipse/jetty/jetty-xml/9.3.25.v20180904/jetty-xml-9.3.25.v20180904.jar:/home/user/.m2/repository/log4j/log4j/1.2.17/log4j-1.2.17.jar:/home/user/.m2/repository/org/slf4j/slf4j-api/1.7.25/slf4j-api-1.7.25.jar:/home/user/.m2/repository/org/slf4j/jul-to-slf4j/1.7.25/jul-to-slf4j-1.7.25.jar:/home/user/.m2/repository/org/eclipse/jetty/jetty-util/9.3.25.v20180904/jetty-util-9.3.25.v20180904.jar:/home/user/.m2/repository/com/fasterxml/jackson/core/jackson-databind/2.9.9/jackson-databind-2.9.9.jar:/home/user/.m2/repository/org/apache/hadoop/hadoop-kms/3.2.0/hadoop-kms-3.2.0-tests.jar:/home/user/.m2/repository/org/apache/hadoop/hadoop-hdds-server-scm/0.5.0-SNAPSHOT/hadoop-hdds-server-scm-0.5.0-SNAPSHOT-tests.jar:/home/user/.m2/repository/org/apache/hadoop/hadoop-hdds-container-service/0.5.0-SNAPSHOT/hadoop-hdds-container-service-0.5.0-SNAPSHOT-tests.jar:/home/user/.m2/repository/org/yaml/snakeyaml/1.16/snakeyaml-1.16.jar:/home/user/.m2/repository/org/apache/hadoop/hadoop-common/3.2.0/hadoop-common-3.2.0-tests.jar:/home/user/.m2/repository/org/apache/hadoop/hadoop-annotations/3.2.0/hadoop-annotations-3.2.0.jar:/usr/lib/jvm/java-1.8.0-openjdk-1.8.0.222.b10-1.el7_7.x86_64/jre/../lib/tools.jar:/home/user/.m2/repository/commons-cli/commons-cli/1.2/commons-cli-1.2.jar:/home/user/.m2/repository/org/apache/httpcomponents/httpclient/4.5.2/httpclient-4.5.2.jar:/home/user/.m2/repository/org/apache/httpcomponents/httpcore/4.4.4/httpcore-4.4.4.jar:/home/user/.m2/repository/commons-codec/commons-codec/1.11/commons-codec-1.11.jar:/home/user/.m2/repository/commons-net/commons-net/3.6/commons-net-3.6.jar:/home/user/.m2/repository/commons-collections/commons-collections/3.2.2/commons-collections-3.2.2.jar:/home/user/.m2/repository/org/eclipse/jetty/jetty-servlet/9.3.25.v20180904/jetty-servlet-9.3.25.v20180904.jar:/home/user/.m2/repository/org/eclipse/jetty/jetty-security/9.3.25.v20180904/jetty-security-9.3.25.v20180904.jar:/home/user/.m2/repository/javax/servlet/jsp/jsp-api/2.1/jsp-api-2.1.jar:/home/user/.m2/repository/com/sun/jersey/jersey-servlet/1.19/jersey-servlet-1.19.jar:/home/user/.m2/repository/com/sun/jersey/jersey-json/1.19/jersey-json-1.19.jar:/home/user/.m2/repository/org/codehaus/jettison/jettison/1.1/jettison-1.1.jar:/home/user/.m2/repository/org/codehaus/jackson/jackson-core-asl/1.9.13/jackson-core-asl-1.9.13.jar:/home/user/.m2/repository/org/codehaus/jackson/jackson-mapper-asl/1.9.13/jackson-mapper-asl-1.9.13.jar:/home/user/.m2/repository/org/codehaus/jackson/jackson-jaxrs/1.9.13/jackson-jaxrs-1.9.13.jar:/home/user/.m2/repository/org/codehaus/jackson/jackson-xc/1.9.13/jackson-xc-1.9.13.jar:/home/user/.m2/repository/commons-logging/commons-logging/1.1.3/commons-logging-1.1.3.jar:/home/user/.m2/repository/commons-beanutils/commons-beanutils/1.9.4/commons-beanutils-1.9.4.jar:/home/user/.m2/repository/org/apache/commons/commons-configuration2/2.1.1/commons-configuration2-2.1.1.jar:/home/user/.m2/repository/org/apache/commons/commons-lang3/3.7/commons-lang3-3.7.jar:/home/user/.m2/repository/org/apache/commons/commons-text/1.4/commons-text-1.4.jar:/home/user/.m2/repository/org/apache/avro/avro/1.7.7/avro-1.7.7.jar:/home/user/.m2/repository/com/thoughtworks/paranamer/paranamer/2.3/paranamer-2.3.jar:/home/user/.m2/repository/org/xerial/snappy/snappy-java/1.0.5/snappy-java-1.0.5.jar:/home/user/.m2/repository/com/google/re2j/re2j/1.1/re2j-1.1.jar:/home/user/.m2/repository/com/google/code/gson/gson/2.2.4/gson-2.2.4.jar:/home/user/.m2/repository/com/jcraft/jsch/0.1.54/jsch-0.1.54.jar:/home/user/.m2/repository/org/apache/curator/curator-client/2.12.0/curator-client-2.12.0.jar:/home/user/.m2/repository/org/apache/curator/curator-recipes/2.12.0/curator-recipes-2.12.0.jar:/home/user/.m2/repository/com/google/code/findbugs/jsr305/3.0.0/jsr305-3.0.0.jar:/home/user/.m2/repository/org/apache/htrace/htrace-core4/4.1.0-incubating/htrace-core4-4.1.0-incubating.jar:/home/user/.m2/repository/org/apache/zookeeper/zookeeper/3.4.13/zookeeper-3.4.13.jar:/home/user/.m2/repository/jline/jline/0.9.94/jline-0.9.94.jar:/home/user/.m2/repository/org/apache/yetus/audience-annotations/0.5.0/audience-annotations-0.5.0.jar:/home/user/.m2/repository/org/codehaus/woodstox/stax2-api/3.1.4/stax2-api-3.1.4.jar:/home/user/.m2/repository/com/fasterxml/woodstox/woodstox-core/5.0.3/woodstox-core-5.0.3.jar:/home/user/.m2/repository/dnsjava/dnsjava/2.1.7/dnsjava-2.1.7.jar:/home/user/.m2/repository/org/apache/hadoop/hadoop-hdfs/3.2.0/hadoop-hdfs-3.2.0-tests.jar:/home/user/.m2/repository/org/eclipse/jetty/jetty-util-ajax/9.3.25.v20180904/jetty-util-ajax-9.3.25.v20180904.jar:/home/user/.m2/repository/commons-daemon/commons-daemon/1.0.13/commons-daemon-1.0.13.jar:/home/user/.m2/repository/io/netty/netty/3.10.5.Final/netty-3.10.5.Final.jar:/home/user/.m2/repository/io/netty/netty-all/4.0.52.Final/netty-all-4.0.52.Final.jar:/home/user/.m2/repository/org/fusesource/leveldbjni/leveldbjni-all/1.8/leveldbjni-all-1.8.jar:"/>
    <property name="sun.cpu.endian" value="little"/>
    <property name="user.home" value="/home/user"/>
    <property name="user.language" value="en"/>
    <property name="java.specification.vendor" value="Oracle Corporation"/>
    <property name="java.home" value="/usr/lib/jvm/java-1.8.0-openjdk-1.8.0.222.b10-1.el7_7.x86_64/jre"/>
    <property name="surefire.excludesFile" value="/tools/ozone-bad-unit-tests"/>
    <property name="java.security.krb5.conf" value="/workdir/hadoop-ozone/integration-test/target/test-classes/krb5.conf"/>
    <property name="basedir" value="/workdir/hadoop-ozone/integration-test"/>
    <property name="file.separator" value="/"/>
    <property name="line.separator" value="&#10;"/>
    <property name="java.vm.specification.vendor" value="Oracle Corporation"/>
    <property name="java.specification.name" value="Java Platform API Specification"/>
    <property name="java.awt.graphicsenv" value="sun.awt.X11GraphicsEnvironment"/>
    <property name="surefire.real.class.path" value="/workdir/hadoop-ozone/integration-test/target/surefire/surefirebooter6413104617995159459.jar"/>
    <property name="hadoop.log.dir" value="/workdir/hadoop-ozone/integration-test/target/log"/>
    <property name="sun.boot.class.path" value="/usr/lib/jvm/java-1.8.0-openjdk-1.8.0.222.b10-1.el7_7.x86_64/jre/lib/resources.jar:/usr/lib/jvm/java-1.8.0-openjdk-1.8.0.222.b10-1.el7_7.x86_64/jre/lib/rt.jar:/usr/lib/jvm/java-1.8.0-openjdk-1.8.0.222.b10-1.el7_7.x86_64/jre/lib/sunrsasign.jar:/usr/lib/jvm/java-1.8.0-openjdk-1.8.0.222.b10-1.el7_7.x86_64/jre/lib/jsse.jar:/usr/lib/jvm/java-1.8.0-openjdk-1.8.0.222.b10-1.el7_7.x86_64/jre/lib/jce.jar:/usr/lib/jvm/java-1.8.0-openjdk-1.8.0.222.b10-1.el7_7.x86_64/jre/lib/charsets.jar:/usr/lib/jvm/java-1.8.0-openjdk-1.8.0.222.b10-1.el7_7.x86_64/jre/lib/jfr.jar:/usr/lib/jvm/java-1.8.0-openjdk-1.8.0.222.b10-1.el7_7.x86_64/jre/classes"/>
    <property name="sun.management.compiler" value="HotSpot 64-Bit Tiered Compilers"/>
    <property name="java.runtime.version" value="1.8.0_222-b10"/>
    <property name="java.net.preferIPv4Stack" value="true"/>
    <property name="user.name" value="jenkins1000"/>
    <property name="path.separator" value=":"/>
    <property name="java.security.egd" value="file:///dev/urandom"/>
    <property name="os.version" value="3.10.0-957.12.2.el7.x86_64"/>
    <property name="java.endorsed.dirs" value="/usr/lib/jvm/java-1.8.0-openjdk-1.8.0.222.b10-1.el7_7.x86_64/jre/lib/endorsed"/>
    <property name="java.runtime.name" value="OpenJDK Runtime Environment"/>
    <property name="file.encoding" value="ANSI_X3.4-1968"/>
    <property name="java.vm.name" value="OpenJDK 64-Bit Server VM"/>
    <property name="test.build.webapps" value=""/>
    <property name="localRepository" value="/home/user/.m2/repository"/>
    <property name="java.vendor.url.bug" value="http://bugreport.sun.com/bugreport/"/>
    <property name="java.io.tmpdir" value="/tmp"/>
    <property name="require.test.libhadoop" value=""/>
    <property name="java.version" value="1.8.0_222"/>
    <property name="user.dir" value="/workdir/hadoop-ozone/integration-test"/>
    <property name="os.arch" value="amd64"/>
    <property name="java.vm.specification.name" value="Java Virtual Machine Specification"/>
    <property name="test.build.classes" value="/workdir/hadoop-ozone/integration-test/target/test-classes"/>
    <property name="java.awt.printerjob" value="sun.print.PSPrinterJob"/>
    <property name="sun.os.patch.level" value="unknown"/>
    <property name="hadoop.tmp.dir" value="/workdir/hadoop-ozone/integration-test/target/tmp"/>
    <property name="java.library.path" value="/usr/lib:/workdir/hadoop-ozone/integration-test/target/native/target/usr/local/lib:/workdir/hadoop-ozone/integration-test/../../hadoop-common-project/hadoop-common/target/native/target/usr/local/lib:/usr/java/packages/lib/amd64:/usr/lib64:/lib64:/lib:/usr/lib"/>
    <property name="java.vm.info" value="mixed mode"/>
    <property name="java.vendor" value="Oracle Corporation"/>
    <property name="java.vm.version" value="25.222-b10"/>
    <property name="java.ext.dirs" value="/usr/lib/jvm/java-1.8.0-openjdk-1.8.0.222.b10-1.el7_7.x86_64/jre/lib/ext:/usr/java/packages/lib/ext"/>
    <property name="sun.io.unicode.encoding" value="UnicodeLittle"/>
    <property name="java.class.version" value="52.0"/>
  </properties>
  <testcase name="test" classname="org.apache.hadoop.ozone.scm.TestSCMContainerPlacementPolicyMetrics" time="81.567">
    <error message="test timed out after 60000 milliseconds" type="java.lang.Exception">java.lang.Exception: test timed out after 60000 milliseconds
	at sun.misc.Unsafe.park(Native Method)
	at java.util.concurrent.locks.LockSupport.park(LockSupport.java:175)
	at java.util.concurrent.CompletableFuture$Signaller.block(CompletableFuture.java:1693)
	at java.util.concurrent.ForkJoinPool.managedBlock(ForkJoinPool.java:3323)
	at java.util.concurrent.CompletableFuture.waitingGet(CompletableFuture.java:1729)
	at java.util.concurrent.CompletableFuture.get(CompletableFuture.java:1895)
	at org.apache.hadoop.hdds.scm.storage.BlockOutputStream.waitOnFlushFutures(BlockOutputStream.java:518)
	at org.apache.hadoop.hdds.scm.storage.BlockOutputStream.handleFlush(BlockOutputStream.java:481)
	at org.apache.hadoop.hdds.scm.storage.BlockOutputStream.close(BlockOutputStream.java:496)
	at org.apache.hadoop.ozone.client.io.BlockOutputStreamEntry.close(BlockOutputStreamEntry.java:143)
	at org.apache.hadoop.ozone.client.io.KeyOutputStream.handleFlushOrClose(KeyOutputStream.java:435)
	at org.apache.hadoop.ozone.client.io.KeyOutputStream.close(KeyOutputStream.java:473)
	at org.apache.hadoop.ozone.client.io.OzoneOutputStream.close(OzoneOutputStream.java:60)
	at org.apache.hadoop.ozone.scm.TestSCMContainerPlacementPolicyMetrics.test(TestSCMContainerPlacementPolicyMetrics.java:112)
	at sun.reflect.NativeMethodAccessorImpl.invoke0(Native Method)
	at sun.reflect.NativeMethodAccessorImpl.invoke(NativeMethodAccessorImpl.java:62)
	at sun.reflect.DelegatingMethodAccessorImpl.invoke(DelegatingMethodAccessorImpl.java:43)
	at java.lang.reflect.Method.invoke(Method.java:498)
	at org.junit.runners.model.FrameworkMethod$1.runReflectiveCall(FrameworkMethod.java:47)
	at org.junit.internal.runners.model.ReflectiveCallable.run(ReflectiveCallable.java:12)
	at org.junit.runners.model.FrameworkMethod.invokeExplosively(FrameworkMethod.java:44)
	at org.junit.internal.runners.statements.InvokeMethod.evaluate(InvokeMethod.java:17)
	at org.junit.internal.runners.statements.FailOnTimeout$StatementThread.run(FailOnTimeout.java:74)
</error>
    <system-out><![CDATA[2019-11-04 16:01:49,421 [main] WARN  server.ServerUtils (ServerUtils.java:getScmDbDir(145)) - ozone.scm.db.dirs is not configured. We recommend adding this setting. Falling back to ozone.metadata.dirs instead.
2019-11-04 16:01:49,519 [main] WARN  server.ServerUtils (ServerUtils.java:getScmDbDir(145)) - ozone.scm.db.dirs is not configured. We recommend adding this setting. Falling back to ozone.metadata.dirs instead.
2019-11-04 16:01:49,522 [main] WARN  server.ServerUtils (ServerUtils.java:getScmDbDir(145)) - ozone.scm.db.dirs is not configured. We recommend adding this setting. Falling back to ozone.metadata.dirs instead.
2019-11-04 16:01:49,548 [main] INFO  util.log (Log.java:initialized(192)) - Logging initialized @870ms
2019-11-04 16:01:49,627 [main] INFO  db.DBStoreBuilder (DBStoreBuilder.java:addTable(117)) - using custom profile for table: deletedBlocks
2019-11-04 16:01:49,628 [main] INFO  db.DBStoreBuilder (DBStoreBuilder.java:processTables(168)) - Using default column profile:DBProfile.DISK for Table:deletedBlocks
2019-11-04 16:01:49,628 [main] INFO  db.DBStoreBuilder (DBStoreBuilder.java:addTable(117)) - using custom profile for table: validCerts
2019-11-04 16:01:49,628 [main] INFO  db.DBStoreBuilder (DBStoreBuilder.java:processTables(168)) - Using default column profile:DBProfile.DISK for Table:validCerts
2019-11-04 16:01:49,628 [main] INFO  db.DBStoreBuilder (DBStoreBuilder.java:addTable(117)) - using custom profile for table: revokedCerts
2019-11-04 16:01:49,629 [main] INFO  db.DBStoreBuilder (DBStoreBuilder.java:processTables(168)) - Using default column profile:DBProfile.DISK for Table:revokedCerts
2019-11-04 16:01:49,637 [main] INFO  db.DBStoreBuilder (DBStoreBuilder.java:addTable(117)) - using custom profile for table: default
2019-11-04 16:01:49,637 [main] INFO  db.DBStoreBuilder (DBStoreBuilder.java:processTables(174)) - Using default column profile:DBProfile.DISK for Table:default
2019-11-04 16:01:49,638 [main] INFO  db.DBStoreBuilder (DBStoreBuilder.java:getDbProfile(205)) - Using default options. DBProfile.DISK
2019-11-04 16:01:49,786 [main] INFO  net.NodeSchemaLoader (NodeSchemaLoader.java:loadSchemaFromFile(125)) - Loading file from sun.misc.CompoundEnumeration@75d4a5c2
2019-11-04 16:01:49,788 [main] INFO  net.NodeSchemaLoader (NodeSchemaLoader.java:loadSchema(171)) - Loading network topology layer schema file
2019-11-04 16:01:49,843 [main] WARN  server.ServerUtils (ServerUtils.java:sanitizeUserArgs(70)) - ozone.scm.stale.node.interval value = 300000 is larger than max = 100000 based on the key value of ozone.scm.heartbeat.thread.interval, reset to the max value 100000.
2019-11-04 16:01:49,845 [main] WARN  server.ServerUtils (ServerUtils.java:sanitizeUserArgs(70)) - ozone.scm.stale.node.interval value = 300000 is larger than max = 100000 based on the key value of ozone.scm.heartbeat.thread.interval, reset to the max value 100000.
2019-11-04 16:01:49,847 [main] INFO  node.SCMNodeManager (SCMNodeManager.java:<init>(116)) - Entering startup safe mode.
2019-11-04 16:01:49,902 [main] INFO  Configuration.deprecation (Configuration.java:logDeprecation(1394)) - hadoop.configured.node.mapping is deprecated. Instead, use net.topology.configured.node.mapping
2019-11-04 16:01:49,906 [main] INFO  algorithms.ContainerPlacementPolicyFactory (ContainerPlacementPolicyFactory.java:getPolicy(57)) - Create container placement policy of type org.apache.hadoop.hdds.scm.container.placement.algorithms.SCMContainerPlacementRackAware
2019-11-04 16:01:49,919 [main] WARN  server.ServerUtils (ServerUtils.java:getScmDbDir(145)) - ozone.scm.db.dirs is not configured. We recommend adding this setting. Falling back to ozone.metadata.dirs instead.
2019-11-04 16:01:50,006 [main] INFO  pipeline.SCMPipelineManager (SCMPipelineManager.java:initializePipelineState(132)) - No pipeline exists in current db
2019-11-04 16:01:50,010 [main] WARN  server.ServerUtils (ServerUtils.java:getScmDbDir(145)) - ozone.scm.db.dirs is not configured. We recommend adding this setting. Falling back to ozone.metadata.dirs instead.
2019-11-04 16:01:50,141 [main] WARN  events.EventQueue (EventQueue.java:fireEvent(183)) - No event handler registered for event TypedEvent{payloadType=SafeModeStatus, name='SafeModeStatus'}
2019-11-04 16:01:50,471 [main] INFO  ipc.CallQueueManager (CallQueueManager.java:<init>(84)) - Using callQueue: class java.util.concurrent.LinkedBlockingQueue, queueCapacity: 2000, scheduler: class org.apache.hadoop.ipc.DefaultRpcScheduler, ipcBackoff: false.
2019-11-04 16:01:50,494 [Socket Reader #1 for port 43797] INFO  ipc.Server (Server.java:run(1074)) - Starting Socket Reader #1 for port 43797
2019-11-04 16:01:50,628 [main] INFO  ipc.CallQueueManager (CallQueueManager.java:<init>(84)) - Using callQueue: class java.util.concurrent.LinkedBlockingQueue, queueCapacity: 2000, scheduler: class org.apache.hadoop.ipc.DefaultRpcScheduler, ipcBackoff: false.
2019-11-04 16:01:50,629 [Socket Reader #1 for port 46238] INFO  ipc.Server (Server.java:run(1074)) - Starting Socket Reader #1 for port 46238
2019-11-04 16:01:50,639 [main] INFO  ipc.CallQueueManager (CallQueueManager.java:<init>(84)) - Using callQueue: class java.util.concurrent.LinkedBlockingQueue, queueCapacity: 2000, scheduler: class org.apache.hadoop.ipc.DefaultRpcScheduler, ipcBackoff: false.
2019-11-04 16:01:50,640 [Socket Reader #1 for port 39158] INFO  ipc.Server (Server.java:run(1074)) - Starting Socket Reader #1 for port 39158
2019-11-04 16:01:50,667 [main] INFO  hdfs.DFSUtil (DFSUtil.java:httpServerTemplateForNNAndJN(1641)) - Starting Web-server for scm at: http://0.0.0.0:0
2019-11-04 16:01:50,838 [main] INFO  server.AuthenticationFilter (AuthenticationFilter.java:constructSecretProvider(240)) - Unable to initialize FileSignerSecretProvider, falling back to use random secrets.
2019-11-04 16:01:50,847 [main] WARN  http.HttpRequestLog (HttpRequestLog.java:getRequestLog(97)) - Jetty request log can only be enabled using Log4j
2019-11-04 16:01:50,854 [main] INFO  http.HttpServer2 (HttpServer2.java:addGlobalFilter(975)) - Added global filter 'safety' (class=org.apache.hadoop.http.HttpServer2$QuotingInputFilter)
2019-11-04 16:01:50,857 [main] INFO  http.HttpServer2 (HttpServer2.java:addFilter(948)) - Added filter static_user_filter (class=org.apache.hadoop.http.lib.StaticUserWebFilter$StaticUserFilter) to context scm
2019-11-04 16:01:50,858 [main] INFO  http.HttpServer2 (HttpServer2.java:addFilter(958)) - Added filter static_user_filter (class=org.apache.hadoop.http.lib.StaticUserWebFilter$StaticUserFilter) to context logs
2019-11-04 16:01:50,858 [main] INFO  http.HttpServer2 (HttpServer2.java:addFilter(958)) - Added filter static_user_filter (class=org.apache.hadoop.http.lib.StaticUserWebFilter$StaticUserFilter) to context static
2019-11-04 16:01:50,890 [main] INFO  server.StorageContainerManager (StorageContainerManager.java:start(772)) - StorageContainerLocationProtocol RPC server is listening at /0.0.0.0:39158
2019-11-04 16:01:50,953 [main] WARN  impl.MetricsConfig (MetricsConfig.java:loadFirst(134)) - Cannot locate configuration: tried hadoop-metrics2-storagecontainermanager.properties,hadoop-metrics2.properties
2019-11-04 16:01:50,966 [main] INFO  impl.MetricsSystemImpl (MetricsSystemImpl.java:startTimer(374)) - Scheduled Metric snapshot period at 10 second(s).
2019-11-04 16:01:50,966 [main] INFO  impl.MetricsSystemImpl (MetricsSystemImpl.java:start(191)) - StorageContainerManager metrics system started
2019-11-04 16:01:51,235 [main] INFO  server.SCMClientProtocolServer (SCMClientProtocolServer.java:start(159)) - RPC server for Client  is listening at /0.0.0.0:39158
2019-11-04 16:01:51,236 [IPC Server Responder] INFO  ipc.Server (Server.java:run(1314)) - IPC Server Responder: starting
2019-11-04 16:01:51,236 [IPC Server listener on 39158] INFO  ipc.Server (Server.java:run(1153)) - IPC Server listener on 39158: starting
2019-11-04 16:01:51,239 [main] INFO  server.StorageContainerManager (StorageContainerManager.java:start(782)) - ScmBlockLocationProtocol RPC server is listening at /0.0.0.0:46238
2019-11-04 16:01:51,240 [main] INFO  server.SCMBlockProtocolServer (SCMBlockProtocolServer.java:start(146)) - RPC server for Block Protocol is listening at /0.0.0.0:46238
2019-11-04 16:01:51,241 [IPC Server Responder] INFO  ipc.Server (Server.java:run(1314)) - IPC Server Responder: starting
2019-11-04 16:01:51,241 [IPC Server listener on 46238] INFO  ipc.Server (Server.java:run(1153)) - IPC Server listener on 46238: starting
2019-11-04 16:01:51,244 [main] INFO  server.StorageContainerManager (StorageContainerManager.java:start(786)) - ScmDatanodeProtocl RPC server is listening at /0.0.0.0:43797
2019-11-04 16:01:51,244 [main] INFO  server.SCMDatanodeProtocolServer (SCMDatanodeProtocolServer.java:start(169)) - RPC server for DataNodes is listening at /0.0.0.0:43797
2019-11-04 16:01:51,245 [IPC Server Responder] INFO  ipc.Server (Server.java:run(1314)) - IPC Server Responder: starting
2019-11-04 16:01:51,245 [IPC Server listener on 43797] INFO  ipc.Server (Server.java:run(1153)) - IPC Server listener on 43797: starting
2019-11-04 16:01:51,249 [main] INFO  http.HttpServer2 (HttpServer2.java:bindListener(1191)) - Jetty bound to port 44834
2019-11-04 16:01:51,251 [main] INFO  server.Server (Server.java:doStart(351)) - jetty-9.3.25.v20180904, build timestamp: 2018-09-04T21:11:46Z, git hash: 3ce520221d0240229c862b122d2b06c12a625732
2019-11-04 16:01:51,287 [main] INFO  handler.ContextHandler (ContextHandler.java:doStart(781)) - Started o.e.j.s.ServletContextHandler@6b53bcc2{/logs,file:///workdir/hadoop-ozone/integration-test/target/log,AVAILABLE}
2019-11-04 16:01:51,288 [main] INFO  handler.ContextHandler (ContextHandler.java:doStart(781)) - Started o.e.j.s.ServletContextHandler@a43ce46{/static,file:///workdir/hadoop-ozone/integration-test/target/test-classes/webapps/static,AVAILABLE}
2019-11-04 16:01:51,319 [main] INFO  handler.ContextHandler (ContextHandler.java:doStart(781)) - Started o.e.j.w.WebAppContext@532721fd{/,file:///workdir/hadoop-ozone/integration-test/target/test-classes/webapps/scm/,AVAILABLE}{/scm}
2019-11-04 16:01:51,325 [main] INFO  server.AbstractConnector (AbstractConnector.java:doStart(278)) - Started ServerConnector@7e1a1da6{HTTP/1.1,[http/1.1]}{0.0.0.0:44834}
2019-11-04 16:01:51,325 [main] INFO  server.Server (Server.java:doStart(419)) - Started @2647ms
2019-11-04 16:01:51,327 [main] INFO  impl.MetricsSinkAdapter (MetricsSinkAdapter.java:start(204)) - Sink prometheus started
2019-11-04 16:01:51,327 [main] INFO  impl.MetricsSystemImpl (MetricsSystemImpl.java:registerSink(301)) - Registered sink prometheus
2019-11-04 16:01:51,329 [main] INFO  server.BaseHttpServer (BaseHttpServer.java:updateConnectorAddress(215)) - HTTP server of SCM is listening at http://0.0.0.0:44834
2019-11-04 16:01:51,335 [org.apache.hadoop.util.JvmPauseMonitor$Monitor@55e7a35c] INFO  util.JvmPauseMonitor (JvmPauseMonitor.java:run(188)) - Starting JVM pause monitor
2019-11-04 16:01:51,337 [main] WARN  server.ServerUtils (ServerUtils.java:getDBPath(222)) - ozone.om.db.dirs is not configured. We recommend adding this setting. Falling back to ozone.metadata.dirs instead.
2019-11-04 16:01:51,444 [main] INFO  ha.OMHANodeDetails (OMHANodeDetails.java:loadOMHAConfig(190)) - Configuration either no ozone.om.address set. Falling back to the default OM address /127.0.0.1:0
2019-11-04 16:01:51,445 [main] INFO  ha.OMHANodeDetails (OMHANodeDetails.java:getOMNodeDetails(220)) - OM Service ID is not set. Setting it to the default ID: omServiceIdDefault
2019-11-04 16:01:51,446 [main] WARN  server.ServerUtils (ServerUtils.java:getDBPath(222)) - ozone.om.db.dirs is not configured. We recommend adding this setting. Falling back to ozone.metadata.dirs instead.
2019-11-04 16:01:51,447 [main] WARN  server.ServerUtils (ServerUtils.java:getDBPath(222)) - ozone.om.db.dirs is not configured. We recommend adding this setting. Falling back to ozone.metadata.dirs instead.
2019-11-04 16:01:52,148 [main] WARN  server.ServerUtils (ServerUtils.java:getDBPath(222)) - ozone.om.db.dirs is not configured. We recommend adding this setting. Falling back to ozone.metadata.dirs instead.
2019-11-04 16:01:52,156 [main] INFO  db.DBStoreBuilder (DBStoreBuilder.java:addTable(117)) - using custom profile for table: userTable
2019-11-04 16:01:52,156 [main] INFO  db.DBStoreBuilder (DBStoreBuilder.java:processTables(168)) - Using default column profile:DBProfile.DISK for Table:userTable
2019-11-04 16:01:52,157 [main] INFO  db.DBStoreBuilder (DBStoreBuilder.java:addTable(117)) - using custom profile for table: volumeTable
2019-11-04 16:01:52,157 [main] INFO  db.DBStoreBuilder (DBStoreBuilder.java:processTables(168)) - Using default column profile:DBProfile.DISK for Table:volumeTable
2019-11-04 16:01:52,157 [main] INFO  db.DBStoreBuilder (DBStoreBuilder.java:addTable(117)) - using custom profile for table: bucketTable
2019-11-04 16:01:52,157 [main] INFO  db.DBStoreBuilder (DBStoreBuilder.java:processTables(168)) - Using default column profile:DBProfile.DISK for Table:bucketTable
2019-11-04 16:01:52,157 [main] INFO  db.DBStoreBuilder (DBStoreBuilder.java:addTable(117)) - using custom profile for table: keyTable
2019-11-04 16:01:52,158 [main] INFO  db.DBStoreBuilder (DBStoreBuilder.java:processTables(168)) - Using default column profile:DBProfile.DISK for Table:keyTable
2019-11-04 16:01:52,158 [main] INFO  db.DBStoreBuilder (DBStoreBuilder.java:addTable(117)) - using custom profile for table: deletedTable
2019-11-04 16:01:52,158 [main] INFO  db.DBStoreBuilder (DBStoreBuilder.java:processTables(168)) - Using default column profile:DBProfile.DISK for Table:deletedTable
2019-11-04 16:01:52,158 [main] INFO  db.DBStoreBuilder (DBStoreBuilder.java:addTable(117)) - using custom profile for table: openKeyTable
2019-11-04 16:01:52,159 [main] INFO  db.DBStoreBuilder (DBStoreBuilder.java:processTables(168)) - Using default column profile:DBProfile.DISK for Table:openKeyTable
2019-11-04 16:01:52,159 [main] INFO  db.DBStoreBuilder (DBStoreBuilder.java:addTable(117)) - using custom profile for table: s3Table
2019-11-04 16:01:52,159 [main] INFO  db.DBStoreBuilder (DBStoreBuilder.java:processTables(168)) - Using default column profile:DBProfile.DISK for Table:s3Table
2019-11-04 16:01:52,159 [main] INFO  db.DBStoreBuilder (DBStoreBuilder.java:addTable(117)) - using custom profile for table: multipartInfoTable
2019-11-04 16:01:52,160 [main] INFO  db.DBStoreBuilder (DBStoreBuilder.java:processTables(168)) - Using default column profile:DBProfile.DISK for Table:multipartInfoTable
2019-11-04 16:01:52,160 [main] INFO  db.DBStoreBuilder (DBStoreBuilder.java:addTable(117)) - using custom profile for table: dTokenTable
2019-11-04 16:01:52,160 [main] INFO  db.DBStoreBuilder (DBStoreBuilder.java:processTables(168)) - Using default column profile:DBProfile.DISK for Table:dTokenTable
2019-11-04 16:01:52,160 [main] INFO  db.DBStoreBuilder (DBStoreBuilder.java:addTable(117)) - using custom profile for table: s3SecretTable
2019-11-04 16:01:52,160 [main] INFO  db.DBStoreBuilder (DBStoreBuilder.java:processTables(168)) - Using default column profile:DBProfile.DISK for Table:s3SecretTable
2019-11-04 16:01:52,161 [main] INFO  db.DBStoreBuilder (DBStoreBuilder.java:addTable(117)) - using custom profile for table: prefixTable
2019-11-04 16:01:52,161 [main] INFO  db.DBStoreBuilder (DBStoreBuilder.java:processTables(168)) - Using default column profile:DBProfile.DISK for Table:prefixTable
2019-11-04 16:01:52,161 [main] INFO  db.DBStoreBuilder (DBStoreBuilder.java:addTable(117)) - using custom profile for table: default
2019-11-04 16:01:52,161 [main] INFO  db.DBStoreBuilder (DBStoreBuilder.java:processTables(174)) - Using default column profile:DBProfile.DISK for Table:default
2019-11-04 16:01:52,162 [main] INFO  db.DBStoreBuilder (DBStoreBuilder.java:getDbProfile(205)) - Using default options. DBProfile.DISK
2019-11-04 16:01:52,686 [main] WARN  scm.HddsServerUtil (HddsServerUtil.java:getDefaultRatisDirectory(354)) - Storage directory for Ratis is not configured. It is a good idea to map this to an SSD disk. Falling back to ozone.metadata.dirs
2019-11-04 16:01:52,710 [main] INFO  ratis.OzoneManagerRatisServer (OzoneManagerRatisServer.java:<init>(243)) - Instantiating OM Ratis server with GroupID: omServiceIdDefault and Raft Peers: localhost:9872
2019-11-04 16:01:52,741 [main] INFO  impl.RaftServerProxy (ConfUtils.java:logGet(43)) - raft.rpc.type = GRPC (default)
2019-11-04 16:01:52,957 [main] INFO  grpc.GrpcFactory (GrpcFactory.java:checkPooledByteBufAllocatorUseCacheForAllThreads(45)) - PERFORMANCE WARNING: useCacheForAllThreads is true that may cause Netty to create a lot garbage objects and, as a result, trigger GC.
	It is recommended to disable useCacheForAllThreads by setting -Dorg.apache.ratis.thirdparty.io.netty.allocator.useCacheForAllThreads=false in command line.
2019-11-04 16:01:52,965 [main] INFO  grpc.GrpcConfigKeys$Server (ConfUtils.java:logGet(43)) - raft.grpc.server.port = 9872 (custom)
2019-11-04 16:01:52,967 [main] INFO  server.GrpcService (ConfUtils.java:logGet(43)) - raft.grpc.message.size.max = 33554432 (custom)
2019-11-04 16:01:52,969 [main] INFO  server.RaftServerConfigKeys (ConfUtils.java:logGet(43)) - raft.server.log.appender.buffer.byte-limit = 33554432 (custom)
2019-11-04 16:01:52,970 [main] INFO  server.GrpcService (ConfUtils.java:logGet(43)) - raft.grpc.flow.control.window = 1MB (=1048576) (default)
2019-11-04 16:01:52,972 [main] INFO  server.RaftServerConfigKeys (ConfUtils.java:logGet(43)) - raft.server.rpc.request.timeout = 3000ms (default)
2019-11-04 16:01:53,143 [main] INFO  server.RaftServerConfigKeys (ConfUtils.java:logGet(43)) - raft.server.storage.dir = [/workdir/hadoop-ozone/integration-test/target/test-dir/MiniOzoneClusterImpl-cc4d3969-f36c-44f3-bda2-80f758632240/ozone-meta/ratis] (custom)
2019-11-04 16:01:53,149 [main] INFO  impl.RaftServerProxy (RaftServerProxy.java:addNew(89)) - d834a997-d9cc-41f7-ab21-967e1a85444a: addNew group-C5BA1605619E:[d834a997-d9cc-41f7-ab21-967e1a85444a:localhost:9872] returns group-C5BA1605619E:java.util.concurrent.CompletableFuture@299270eb[Not completed]
2019-11-04 16:01:53,150 [main] INFO  om.OzoneManager (OzoneManager.java:initializeRatisServer(1220)) - OzoneManager Ratis server initialized at port 9872
2019-11-04 16:01:53,153 [main] WARN  scm.HddsServerUtil (HddsServerUtil.java:getDefaultRatisDirectory(354)) - Storage directory for Ratis is not configured. It is a good idea to map this to an SSD disk. Falling back to ozone.metadata.dirs
2019-11-04 16:01:53,153 [main] WARN  scm.HddsServerUtil (HddsServerUtil.java:getDefaultRatisDirectory(354)) - Storage directory for Ratis is not configured. It is a good idea to map this to an SSD disk. Falling back to ozone.metadata.dirs
2019-11-04 16:01:53,162 [pool-22-thread-1] INFO  impl.RaftServerImpl (RaftServerImpl.java:<init>(104)) - d834a997-d9cc-41f7-ab21-967e1a85444a: new RaftServerImpl for group-C5BA1605619E:[d834a997-d9cc-41f7-ab21-967e1a85444a:localhost:9872] with OzoneManagerStateMachine:uninitialized
2019-11-04 16:01:53,164 [pool-22-thread-1] INFO  server.RaftServerConfigKeys (ConfUtils.java:logGet(43)) - raft.server.rpc.timeout.min = 1s (custom)
2019-11-04 16:01:53,165 [pool-22-thread-1] INFO  server.RaftServerConfigKeys (ConfUtils.java:logGet(43)) - raft.server.rpc.timeout.max = 1200ms (custom)
2019-11-04 16:01:53,165 [pool-22-thread-1] INFO  server.RaftServerConfigKeys (ConfUtils.java:logGet(43)) - raft.server.rpcslowness.timeout = 120s (custom)
2019-11-04 16:01:53,166 [pool-22-thread-1] INFO  server.RaftServerConfigKeys (ConfUtils.java:logGet(43)) - raft.server.sleep.deviation.threshold = 300 (default)
2019-11-04 16:01:53,167 [pool-22-thread-1] INFO  server.RaftServerConfigKeys (ConfUtils.java:logGet(43)) - raft.server.log.appender.install.snapshot.enabled = false (custom)
2019-11-04 16:01:53,174 [main] INFO  ipc.CallQueueManager (CallQueueManager.java:<init>(84)) - Using callQueue: class java.util.concurrent.LinkedBlockingQueue, queueCapacity: 2000, scheduler: class org.apache.hadoop.ipc.DefaultRpcScheduler, ipcBackoff: false.
2019-11-04 16:01:53,175 [Socket Reader #1 for port 38129] INFO  ipc.Server (Server.java:run(1074)) - Starting Socket Reader #1 for port 38129
2019-11-04 16:01:53,175 [pool-22-thread-1] INFO  impl.RaftServerImpl (ServerState.java:<init>(103)) - d834a997-d9cc-41f7-ab21-967e1a85444a@group-C5BA1605619E: ConfigurationManager, init=-1: [d834a997-d9cc-41f7-ab21-967e1a85444a:localhost:9872], old=null, confs=<EMPTY_MAP>
2019-11-04 16:01:53,176 [pool-22-thread-1] INFO  server.RaftServerConfigKeys (ConfUtils.java:logGet(43)) - raft.server.storage.dir = [/workdir/hadoop-ozone/integration-test/target/test-dir/MiniOzoneClusterImpl-cc4d3969-f36c-44f3-bda2-80f758632240/ozone-meta/ratis] (custom)
2019-11-04 16:01:53,185 [pool-22-thread-1] INFO  server.RaftServerConfigKeys (ConfUtils.java:logGet(43)) - raft.server.log.corruption.policy = EXCEPTION (default)
2019-11-04 16:01:53,186 [pool-22-thread-1] INFO  storage.RaftStorageDirectory (RaftStorageDirectory.java:analyzeStorage(246)) - The storage directory /workdir/hadoop-ozone/integration-test/target/test-dir/MiniOzoneClusterImpl-cc4d3969-f36c-44f3-bda2-80f758632240/ozone-meta/ratis/bf265839-605b-3f16-9796-c5ba1605619e does not exist. Creating ...
2019-11-04 16:01:53,197 [main] INFO  om.OzoneManager (OzoneManager.java:start(1074)) - OzoneManager RPC server is listening at localhost/127.0.0.1:38129
2019-11-04 16:01:53,198 [main] INFO  impl.MetricsSystemImpl (MetricsSystemImpl.java:init(158)) - OzoneManager metrics system started (again)
2019-11-04 16:01:53,198 [main] INFO  ratis.OzoneManagerRatisServer (OzoneManagerRatisServer.java:start(333)) - Starting OzoneManagerRatisServer d834a997-d9cc-41f7-ab21-967e1a85444a at port 9872
2019-11-04 16:01:53,204 [pool-22-thread-1] INFO  storage.RaftStorageDirectory (RaftStorageDirectory.java:tryLock(328)) - Lock on /workdir/hadoop-ozone/integration-test/target/test-dir/MiniOzoneClusterImpl-cc4d3969-f36c-44f3-bda2-80f758632240/ozone-meta/ratis/bf265839-605b-3f16-9796-c5ba1605619e/in_use.lock acquired by nodename 20096@pr-hdds-1643-sn7dj-2043761873
2019-11-04 16:01:53,219 [pool-22-thread-1] INFO  storage.RaftStorage (RaftStorage.java:format(84)) - Storage directory /workdir/hadoop-ozone/integration-test/target/test-dir/MiniOzoneClusterImpl-cc4d3969-f36c-44f3-bda2-80f758632240/ozone-meta/ratis/bf265839-605b-3f16-9796-c5ba1605619e has been successfully formatted.
2019-11-04 16:01:53,222 [pool-22-thread-1] INFO  server.RaftServerConfigKeys (ConfUtils.java:logGet(43)) - raft.server.notification.no-leader.timeout = 120s (custom)
2019-11-04 16:01:53,224 [pool-22-thread-1] INFO  server.RaftServerConfigKeys (ConfUtils.java:logGet(43)) - raft.server.log.use.memory = false (default)
2019-11-04 16:01:53,230 [pool-22-thread-1] INFO  server.RaftServerConfigKeys (ConfUtils.java:logGet(43)) - raft.server.log.purge.gap = 1000000 (custom)
2019-11-04 16:01:53,230 [pool-22-thread-1] INFO  server.RaftServerConfigKeys (ConfUtils.java:logGet(43)) - raft.server.log.appender.buffer.byte-limit = 33554432 (custom)
2019-11-04 16:01:53,232 [pool-22-thread-1] INFO  server.RaftServerConfigKeys (ConfUtils.java:logGet(43)) - raft.server.log.segment.size.max = 16384 (custom)
2019-11-04 16:01:53,233 [pool-22-thread-1] INFO  impl.MetricsSystemImpl (MetricsSystemImpl.java:init(158)) - ratis metrics system started (again)
2019-11-04 16:01:53,236 [pool-22-thread-1] INFO  metrics.MetricRegistries (MetricRegistriesLoader.java:load(64)) - Loaded MetricRegistries class org.apache.ratis.metrics.impl.MetricRegistriesImpl
2019-11-04 16:01:53,266 [pool-22-thread-1] INFO  server.RaftServerConfigKeys (ConfUtils.java:logGet(43)) - raft.server.log.segment.cache.num.max = 2 (custom)
2019-11-04 16:01:53,271 [pool-22-thread-1] INFO  segmented.SegmentedRaftLogWorker (SegmentedRaftLogWorker.java:<init>(173)) - new d834a997-d9cc-41f7-ab21-967e1a85444a@group-C5BA1605619E-SegmentedRaftLogWorker for RaftStorage:Storage Directory /workdir/hadoop-ozone/integration-test/target/test-dir/MiniOzoneClusterImpl-cc4d3969-f36c-44f3-bda2-80f758632240/ozone-meta/ratis/bf265839-605b-3f16-9796-c5ba1605619e
2019-11-04 16:01:53,271 [pool-22-thread-1] INFO  server.RaftServerConfigKeys (ConfUtils.java:logGet(43)) - raft.server.log.queue.byte-limit = 64MB (=67108864) (default)
2019-11-04 16:01:53,272 [pool-22-thread-1] INFO  server.RaftServerConfigKeys (ConfUtils.java:logGet(43)) - raft.server.log.queue.element-limit = 4096 (default)
2019-11-04 16:01:53,274 [pool-22-thread-1] INFO  server.RaftServerConfigKeys (ConfUtils.java:logGet(43)) - raft.server.log.segment.size.max = 16384 (custom)
2019-11-04 16:01:53,275 [pool-22-thread-1] INFO  server.RaftServerConfigKeys (ConfUtils.java:logGet(43)) - raft.server.log.preallocated.size = 16384 (custom)
2019-11-04 16:01:53,275 [pool-22-thread-1] INFO  server.RaftServerConfigKeys (ConfUtils.java:logGet(43)) - raft.server.log.write.buffer.size = 64KB (=65536) (default)
2019-11-04 16:01:53,276 [pool-22-thread-1] INFO  server.RaftServerConfigKeys (ConfUtils.java:logGet(43)) - raft.server.log.force.sync.num = 128 (default)
2019-11-04 16:01:53,279 [pool-22-thread-1] INFO  server.RaftServerConfigKeys (ConfUtils.java:logGet(43)) - raft.server.log.statemachine.data.sync = true (default)
2019-11-04 16:01:53,279 [pool-22-thread-1] INFO  server.RaftServerConfigKeys (ConfUtils.java:logGet(43)) - raft.server.log.statemachine.data.sync.timeout = 10s (default)
2019-11-04 16:01:53,280 [pool-22-thread-1] INFO  server.RaftServerConfigKeys (ConfUtils.java:logGet(43)) - raft.server.log.statemachine.data.sync.timeout.retry = -1 (default)
2019-11-04 16:01:53,297 [pool-22-thread-1] INFO  server.RaftServerConfigKeys (ConfUtils.java:logGet(43)) - raft.server.log.statemachine.data.caching.enabled = false (default)
2019-11-04 16:01:53,304 [pool-22-thread-1] INFO  segmented.SegmentedRaftLogWorker (SegmentedRaftLogWorker.java:lambda$new$0(128)) - d834a997-d9cc-41f7-ab21-967e1a85444a@group-C5BA1605619E-SegmentedRaftLogWorker: flushIndex: setUnconditionally 0 -> -1
2019-11-04 16:01:53,309 [pool-22-thread-1] INFO  server.RaftServerConfigKeys (ConfUtils.java:logGet(43)) - raft.server.snapshot.auto.trigger.enabled = true (custom)
2019-11-04 16:01:53,311 [pool-22-thread-1] INFO  server.RaftServerConfigKeys (ConfUtils.java:logGet(43)) - raft.server.snapshot.auto.trigger.threshold = 400000 (default)
2019-11-04 16:01:53,311 [pool-22-thread-1] INFO  server.RaftServerConfigKeys (ConfUtils.java:logGet(43)) - raft.server.snapshot.retention.file.num = -1 (default)
2019-11-04 16:01:53,312 [pool-22-thread-1] INFO  server.RaftServerConfigKeys (ConfUtils.java:logGet(43)) - raft.server.retrycache.expirytime = 600000ms (custom)
2019-11-04 16:01:53,349 [main] INFO  impl.RaftServerImpl (RaftServerImpl.java:start(195)) - d834a997-d9cc-41f7-ab21-967e1a85444a@group-C5BA1605619E: start as a follower, conf=-1: [d834a997-d9cc-41f7-ab21-967e1a85444a:localhost:9872], old=null
2019-11-04 16:01:53,352 [main] INFO  impl.RaftServerImpl (RaftServerImpl.java:setRole(184)) - d834a997-d9cc-41f7-ab21-967e1a85444a@group-C5BA1605619E: changes role from      null to FOLLOWER at term 0 for startAsFollower
2019-11-04 16:01:53,354 [main] INFO  impl.RoleInfo (RoleInfo.java:updateAndGet(143)) - d834a997-d9cc-41f7-ab21-967e1a85444a: start FollowerState
2019-11-04 16:01:53,357 [main] INFO  util.JmxRegister (JmxRegister.java:tryRegister(44)) - Successfully registered JMX Bean with object name Ratis:service=RaftServer,group=group-C5BA1605619E,id=d834a997-d9cc-41f7-ab21-967e1a85444a
2019-11-04 16:01:53,382 [main] INFO  impl.RaftServerProxy (RaftServerProxy.java:lambda$start$3(299)) - d834a997-d9cc-41f7-ab21-967e1a85444a: start RPC server
2019-11-04 16:01:53,385 [Thread-93] INFO  impl.FollowerState (FollowerState.java:run(108)) - d834a997-d9cc-41f7-ab21-967e1a85444a@group-C5BA1605619E-FollowerState: change to CANDIDATE, lastRpcTime:31ms, electionTimeout:30ms
2019-11-04 16:01:53,388 [Thread-93] INFO  impl.RoleInfo (RoleInfo.java:shutdownFollowerState(121)) - d834a997-d9cc-41f7-ab21-967e1a85444a: shutdown FollowerState
2019-11-04 16:01:53,388 [Thread-93] INFO  impl.RaftServerImpl (RaftServerImpl.java:setRole(184)) - d834a997-d9cc-41f7-ab21-967e1a85444a@group-C5BA1605619E: changes role from  FOLLOWER to CANDIDATE at term 0 for changeToCandidate
2019-11-04 16:01:53,391 [Thread-93] INFO  impl.RoleInfo (RoleInfo.java:updateAndGet(143)) - d834a997-d9cc-41f7-ab21-967e1a85444a: start LeaderElection
2019-11-04 16:01:53,409 [d834a997-d9cc-41f7-ab21-967e1a85444a@group-C5BA1605619E-LeaderElection1] INFO  impl.LeaderElection (LeaderElection.java:askForVotes(178)) - d834a997-d9cc-41f7-ab21-967e1a85444a@group-C5BA1605619E-LeaderElection1: begin an election at term 1 for -1: [d834a997-d9cc-41f7-ab21-967e1a85444a:localhost:9872], old=null
2019-11-04 16:01:53,412 [d834a997-d9cc-41f7-ab21-967e1a85444a@group-C5BA1605619E-LeaderElection1] INFO  impl.RoleInfo (RoleInfo.java:shutdownLeaderElection(134)) - d834a997-d9cc-41f7-ab21-967e1a85444a: shutdown LeaderElection
2019-11-04 16:01:53,413 [d834a997-d9cc-41f7-ab21-967e1a85444a@group-C5BA1605619E-LeaderElection1] INFO  impl.RaftServerImpl (RaftServerImpl.java:setRole(184)) - d834a997-d9cc-41f7-ab21-967e1a85444a@group-C5BA1605619E: changes role from CANDIDATE to LEADER at term 1 for changeToLeader
2019-11-04 16:01:53,413 [d834a997-d9cc-41f7-ab21-967e1a85444a@group-C5BA1605619E-LeaderElection1] INFO  impl.RaftServerImpl (ServerState.java:setLeader(256)) - d834a997-d9cc-41f7-ab21-967e1a85444a@group-C5BA1605619E: change Leader from null to d834a997-d9cc-41f7-ab21-967e1a85444a at term 1 for becomeLeader, leader elected after 191ms
2019-11-04 16:01:53,423 [d834a997-d9cc-41f7-ab21-967e1a85444a@group-C5BA1605619E-LeaderElection1] INFO  server.RaftServerConfigKeys (ConfUtils.java:logGet(43)) - raft.server.staging.catchup.gap = 1000 (default)
2019-11-04 16:01:53,423 [d834a997-d9cc-41f7-ab21-967e1a85444a@group-C5BA1605619E-LeaderElection1] INFO  server.RaftServerConfigKeys (ConfUtils.java:logGet(43)) - raft.server.rpc.sleep.time = 25ms (default)
2019-11-04 16:01:53,431 [d834a997-d9cc-41f7-ab21-967e1a85444a@group-C5BA1605619E-LeaderElection1] INFO  server.RaftServerConfigKeys (ConfUtils.java:logGet(43)) - raft.server.write.element-limit = 4096 (default)
2019-11-04 16:01:53,439 [d834a997-d9cc-41f7-ab21-967e1a85444a@group-C5BA1605619E-LeaderElection1] INFO  server.RaftServerConfigKeys (ConfUtils.java:logGet(43)) - raft.server.watch.timeout = 10s (default)
2019-11-04 16:01:53,439 [d834a997-d9cc-41f7-ab21-967e1a85444a@group-C5BA1605619E-LeaderElection1] INFO  server.RaftServerConfigKeys (ConfUtils.java:logGet(43)) - raft.server.watch.timeout.denomination = 1s (default)
2019-11-04 16:01:53,441 [d834a997-d9cc-41f7-ab21-967e1a85444a@group-C5BA1605619E-LeaderElection1] INFO  server.RaftServerConfigKeys (ConfUtils.java:logGet(43)) - raft.server.watch.element-limit = 65536 (default)
2019-11-04 16:01:53,467 [d834a997-d9cc-41f7-ab21-967e1a85444a@group-C5BA1605619E-LeaderElection1] INFO  impl.RoleInfo (RoleInfo.java:updateAndGet(143)) - d834a997-d9cc-41f7-ab21-967e1a85444a: start LeaderState
2019-11-04 16:01:53,494 [d834a997-d9cc-41f7-ab21-967e1a85444a@group-C5BA1605619E-LeaderElection1] INFO  segmented.SegmentedRaftLogWorker (SegmentedRaftLogWorker.java:startLogSegment(385)) - d834a997-d9cc-41f7-ab21-967e1a85444a@group-C5BA1605619E-SegmentedRaftLogWorker: Starting segment from index:0
2019-11-04 16:01:53,519 [d834a997-d9cc-41f7-ab21-967e1a85444a@group-C5BA1605619E-LeaderElection1] INFO  impl.RaftServerImpl (ServerState.java:setRaftConf(357)) - d834a997-d9cc-41f7-ab21-967e1a85444a@group-C5BA1605619E: set configuration 0: [d834a997-d9cc-41f7-ab21-967e1a85444a:localhost:9872], old=null at 0
2019-11-04 16:01:53,520 [main] INFO  server.GrpcService (GrpcService.java:startImpl(158)) - d834a997-d9cc-41f7-ab21-967e1a85444a: GrpcService started, listening on 0.0.0.0/0.0.0.0:9872
2019-11-04 16:01:53,533 [IPC Server Responder] INFO  ipc.Server (Server.java:run(1314)) - IPC Server Responder: starting
2019-11-04 16:01:53,533 [IPC Server listener on 38129] INFO  ipc.Server (Server.java:run(1153)) - IPC Server listener on 38129: starting
2019-11-04 16:01:53,541 [main] INFO  hdfs.DFSUtil (DFSUtil.java:httpServerTemplateForNNAndJN(1641)) - Starting Web-server for ozoneManager at: http://0.0.0.0:0
2019-11-04 16:01:53,543 [main] INFO  server.AuthenticationFilter (AuthenticationFilter.java:constructSecretProvider(240)) - Unable to initialize FileSignerSecretProvider, falling back to use random secrets.
2019-11-04 16:01:53,544 [main] WARN  http.HttpRequestLog (HttpRequestLog.java:getRequestLog(97)) - Jetty request log can only be enabled using Log4j
2019-11-04 16:01:53,546 [main] INFO  http.HttpServer2 (HttpServer2.java:addGlobalFilter(975)) - Added global filter 'safety' (class=org.apache.hadoop.http.HttpServer2$QuotingInputFilter)
2019-11-04 16:01:53,547 [main] INFO  http.HttpServer2 (HttpServer2.java:addFilter(948)) - Added filter static_user_filter (class=org.apache.hadoop.http.lib.StaticUserWebFilter$StaticUserFilter) to context ozoneManager
2019-11-04 16:01:53,547 [main] INFO  http.HttpServer2 (HttpServer2.java:addFilter(958)) - Added filter static_user_filter (class=org.apache.hadoop.http.lib.StaticUserWebFilter$StaticUserFilter) to context static
2019-11-04 16:01:53,547 [main] INFO  http.HttpServer2 (HttpServer2.java:addFilter(958)) - Added filter static_user_filter (class=org.apache.hadoop.http.lib.StaticUserWebFilter$StaticUserFilter) to context logs
2019-11-04 16:01:53,550 [main] INFO  http.HttpServer2 (HttpServer2.java:bindListener(1191)) - Jetty bound to port 41776
2019-11-04 16:01:53,550 [main] INFO  server.Server (Server.java:doStart(351)) - jetty-9.3.25.v20180904, build timestamp: 2018-09-04T21:11:46Z, git hash: 3ce520221d0240229c862b122d2b06c12a625732
2019-11-04 16:01:53,552 [main] INFO  handler.ContextHandler (ContextHandler.java:doStart(781)) - Started o.e.j.s.ServletContextHandler@3531f3ca{/logs,file:///workdir/hadoop-ozone/integration-test/target/log,AVAILABLE}
2019-11-04 16:01:53,553 [main] INFO  handler.ContextHandler (ContextHandler.java:doStart(781)) - Started o.e.j.s.ServletContextHandler@4867ab9f{/static,file:///workdir/hadoop-ozone/integration-test/target/test-classes/webapps/static,AVAILABLE}
2019-11-04 16:01:53,558 [main] INFO  handler.ContextHandler (ContextHandler.java:doStart(781)) - Started o.e.j.w.WebAppContext@316a598d{/,file:///workdir/hadoop-ozone/integration-test/target/test-classes/webapps/ozoneManager/,AVAILABLE}{/ozoneManager}
2019-11-04 16:01:53,559 [main] INFO  server.AbstractConnector (AbstractConnector.java:doStart(278)) - Started ServerConnector@216914{HTTP/1.1,[http/1.1]}{0.0.0.0:41776}
2019-11-04 16:01:53,560 [main] INFO  server.Server (Server.java:doStart(419)) - Started @4881ms
2019-11-04 16:01:53,560 [main] WARN  impl.MetricsSystemImpl (MetricsSystemImpl.java:register(276)) - Sink prometheus already exists!
2019-11-04 16:01:53,561 [main] INFO  server.BaseHttpServer (BaseHttpServer.java:updateConnectorAddress(215)) - HTTP server of OZONEMANAGER is listening at http://0.0.0.0:41776
2019-11-04 16:01:53,680 [d834a997-d9cc-41f7-ab21-967e1a85444a@group-C5BA1605619E-SegmentedRaftLogWorker] INFO  segmented.SegmentedRaftLogWorker (SegmentedRaftLogWorker.java:execute(576)) - d834a997-d9cc-41f7-ab21-967e1a85444a@group-C5BA1605619E-SegmentedRaftLogWorker: created new log segment /workdir/hadoop-ozone/integration-test/target/test-dir/MiniOzoneClusterImpl-cc4d3969-f36c-44f3-bda2-80f758632240/ozone-meta/ratis/bf265839-605b-3f16-9796-c5ba1605619e/current/log_inprogress_0
2019-11-04 16:01:53,711 [main] INFO  impl.MetricsSystemImpl (MetricsSystemImpl.java:init(158)) - HddsDatanode metrics system started (again)
2019-11-04 16:01:53,758 [main] INFO  ozone.HddsDatanodeService (HddsDatanodeService.java:start(184)) - HddsDatanodeService host:pr-hdds-1643-sn7dj-2043761873 ip:192.168.157.194
2019-11-04 16:01:53,791 [main] INFO  volume.HddsVolume (HddsVolume.java:<init>(176)) - Creating Volume: /workdir/hadoop-ozone/integration-test/target/test-dir/MiniOzoneClusterImpl-cc4d3969-f36c-44f3-bda2-80f758632240/datanode-0/data/containers/hdds of  storage type : DISK and capacity : 1482555576320
2019-11-04 16:01:53,794 [main] INFO  volume.VolumeSet (VolumeSet.java:initializeVolumeSet(170)) - Added Volume : /workdir/hadoop-ozone/integration-test/target/test-dir/MiniOzoneClusterImpl-cc4d3969-f36c-44f3-bda2-80f758632240/datanode-0/data/containers/hdds to VolumeSet
2019-11-04 16:01:53,797 [main] INFO  volume.ThrottledAsyncChecker (ThrottledAsyncChecker.java:schedule(141)) - Scheduling a check for /workdir/hadoop-ozone/integration-test/target/test-dir/MiniOzoneClusterImpl-cc4d3969-f36c-44f3-bda2-80f758632240/datanode-0/data/containers/hdds
2019-11-04 16:01:53,816 [main] INFO  volume.HddsVolumeChecker (HddsVolumeChecker.java:checkAllVolumes(204)) - Scheduled health check for volume /workdir/hadoop-ozone/integration-test/target/test-dir/MiniOzoneClusterImpl-cc4d3969-f36c-44f3-bda2-80f758632240/datanode-0/data/containers/hdds
2019-11-04 16:01:53,876 [main] INFO  impl.RaftServerProxy (ConfUtils.java:logGet(43)) - raft.rpc.type = GRPC (default)
2019-11-04 16:01:53,876 [main] INFO  grpc.GrpcFactory (GrpcFactory.java:checkPooledByteBufAllocatorUseCacheForAllThreads(45)) - PERFORMANCE WARNING: useCacheForAllThreads is true that may cause Netty to create a lot garbage objects and, as a result, trigger GC.
	It is recommended to disable useCacheForAllThreads by setting -Dorg.apache.ratis.thirdparty.io.netty.allocator.useCacheForAllThreads=false in command line.
2019-11-04 16:01:53,877 [main] INFO  grpc.GrpcConfigKeys$Server (ConfUtils.java:logGet(43)) - raft.grpc.server.port = 0 (default)
2019-11-04 16:01:53,877 [main] INFO  server.GrpcService (ConfUtils.java:logGet(43)) - raft.grpc.message.size.max = 33570816 (custom)
2019-11-04 16:01:53,877 [main] INFO  server.RaftServerConfigKeys (ConfUtils.java:logGet(43)) - raft.server.log.appender.buffer.byte-limit = 33554432 (custom)
2019-11-04 16:01:53,877 [main] INFO  server.GrpcService (ConfUtils.java:logGet(43)) - raft.grpc.flow.control.window = 1MB (=1048576) (default)
2019-11-04 16:01:53,878 [main] INFO  server.RaftServerConfigKeys (ConfUtils.java:logGet(43)) - raft.server.rpc.request.timeout = 3000ms (default)
2019-11-04 16:01:53,878 [main] INFO  server.RaftServerConfigKeys (ConfUtils.java:logGet(43)) - raft.server.storage.dir = [/workdir/hadoop-ozone/integration-test/target/test-dir/MiniOzoneClusterImpl-cc4d3969-f36c-44f3-bda2-80f758632240/datanode-0/data/ratis] (custom)
2019-11-04 16:01:53,977 [main] INFO  hdfs.DFSUtil (DFSUtil.java:httpServerTemplateForNNAndJN(1641)) - Starting Web-server for hddsDatanode at: http://0.0.0.0:0
2019-11-04 16:01:53,981 [main] INFO  server.AuthenticationFilter (AuthenticationFilter.java:constructSecretProvider(240)) - Unable to initialize FileSignerSecretProvider, falling back to use random secrets.
2019-11-04 16:01:53,983 [main] WARN  http.HttpRequestLog (HttpRequestLog.java:getRequestLog(97)) - Jetty request log can only be enabled using Log4j
2019-11-04 16:01:53,986 [main] INFO  http.HttpServer2 (HttpServer2.java:addGlobalFilter(975)) - Added global filter 'safety' (class=org.apache.hadoop.http.HttpServer2$QuotingInputFilter)
2019-11-04 16:01:53,987 [main] INFO  http.HttpServer2 (HttpServer2.java:addFilter(948)) - Added filter static_user_filter (class=org.apache.hadoop.http.lib.StaticUserWebFilter$StaticUserFilter) to context hddsDatanode
2019-11-04 16:01:53,987 [main] INFO  http.HttpServer2 (HttpServer2.java:addFilter(958)) - Added filter static_user_filter (class=org.apache.hadoop.http.lib.StaticUserWebFilter$StaticUserFilter) to context logs
2019-11-04 16:01:53,988 [main] INFO  http.HttpServer2 (HttpServer2.java:addFilter(958)) - Added filter static_user_filter (class=org.apache.hadoop.http.lib.StaticUserWebFilter$StaticUserFilter) to context static
2019-11-04 16:01:53,989 [main] INFO  http.HttpServer2 (HttpServer2.java:bindListener(1191)) - Jetty bound to port 35954
2019-11-04 16:01:53,990 [main] INFO  server.Server (Server.java:doStart(351)) - jetty-9.3.25.v20180904, build timestamp: 2018-09-04T21:11:46Z, git hash: 3ce520221d0240229c862b122d2b06c12a625732
2019-11-04 16:01:53,993 [main] INFO  handler.ContextHandler (ContextHandler.java:doStart(781)) - Started o.e.j.s.ServletContextHandler@34780cd9{/logs,file:///workdir/hadoop-ozone/integration-test/target/log,AVAILABLE}
2019-11-04 16:01:53,994 [main] INFO  handler.ContextHandler (ContextHandler.java:doStart(781)) - Started o.e.j.s.ServletContextHandler@7c8c70d6{/static,jar:file:/home/user/.m2/repository/org/apache/hadoop/hadoop-hdds-container-service/0.5.0-SNAPSHOT/hadoop-hdds-container-service-0.5.0-SNAPSHOT.jar!/webapps/static,AVAILABLE}
2019-11-04 16:01:54,041 [main] INFO  handler.ContextHandler (ContextHandler.java:doStart(781)) - Started o.e.j.w.WebAppContext@1e9469b8{/,file:///tmp/jetty-0.0.0.0-35954-hddsDatanode-_-any-6736821916468524745.dir/webapp/,AVAILABLE}{/hddsDatanode}
2019-11-04 16:01:54,042 [main] INFO  server.AbstractConnector (AbstractConnector.java:doStart(278)) - Started ServerConnector@5a08efdc{HTTP/1.1,[http/1.1]}{0.0.0.0:35954}
2019-11-04 16:01:54,043 [main] INFO  server.Server (Server.java:doStart(419)) - Started @5364ms
2019-11-04 16:01:54,043 [main] WARN  impl.MetricsSystemImpl (MetricsSystemImpl.java:register(276)) - Sink prometheus already exists!
2019-11-04 16:01:54,045 [main] INFO  server.BaseHttpServer (BaseHttpServer.java:updateConnectorAddress(215)) - HTTP server of HDDSDATANODE is listening at http://0.0.0.0:35954
2019-11-04 16:01:54,046 [main] INFO  impl.MetricsSystemImpl (MetricsSystemImpl.java:init(158)) - HddsDatanode metrics system started (again)
2019-11-04 16:01:54,049 [main] INFO  ozone.HddsDatanodeService (HddsDatanodeService.java:start(184)) - HddsDatanodeService host:pr-hdds-1643-sn7dj-2043761873 ip:192.168.157.194
2019-11-04 16:01:54,052 [org.apache.hadoop.util.JvmPauseMonitor$Monitor@342a13ab] INFO  util.JvmPauseMonitor (JvmPauseMonitor.java:run(188)) - Starting JVM pause monitor
2019-11-04 16:01:54,062 [main] INFO  volume.HddsVolume (HddsVolume.java:<init>(176)) - Creating Volume: /workdir/hadoop-ozone/integration-test/target/test-dir/MiniOzoneClusterImpl-cc4d3969-f36c-44f3-bda2-80f758632240/datanode-1/data/containers/hdds of  storage type : DISK and capacity : 1482555576320
2019-11-04 16:01:54,062 [main] INFO  volume.VolumeSet (VolumeSet.java:initializeVolumeSet(170)) - Added Volume : /workdir/hadoop-ozone/integration-test/target/test-dir/MiniOzoneClusterImpl-cc4d3969-f36c-44f3-bda2-80f758632240/datanode-1/data/containers/hdds to VolumeSet
2019-11-04 16:01:54,062 [main] INFO  volume.ThrottledAsyncChecker (ThrottledAsyncChecker.java:schedule(141)) - Scheduling a check for /workdir/hadoop-ozone/integration-test/target/test-dir/MiniOzoneClusterImpl-cc4d3969-f36c-44f3-bda2-80f758632240/datanode-1/data/containers/hdds
2019-11-04 16:01:54,063 [main] INFO  volume.HddsVolumeChecker (HddsVolumeChecker.java:checkAllVolumes(204)) - Scheduled health check for volume /workdir/hadoop-ozone/integration-test/target/test-dir/MiniOzoneClusterImpl-cc4d3969-f36c-44f3-bda2-80f758632240/datanode-1/data/containers/hdds
2019-11-04 16:01:54,080 [main] INFO  impl.RaftServerProxy (ConfUtils.java:logGet(43)) - raft.rpc.type = GRPC (default)
2019-11-04 16:01:54,081 [main] INFO  grpc.GrpcFactory (GrpcFactory.java:checkPooledByteBufAllocatorUseCacheForAllThreads(45)) - PERFORMANCE WARNING: useCacheForAllThreads is true that may cause Netty to create a lot garbage objects and, as a result, trigger GC.
	It is recommended to disable useCacheForAllThreads by setting -Dorg.apache.ratis.thirdparty.io.netty.allocator.useCacheForAllThreads=false in command line.
2019-11-04 16:01:54,081 [main] INFO  grpc.GrpcConfigKeys$Server (ConfUtils.java:logGet(43)) - raft.grpc.server.port = 0 (default)
2019-11-04 16:01:54,081 [main] INFO  server.GrpcService (ConfUtils.java:logGet(43)) - raft.grpc.message.size.max = 33570816 (custom)
2019-11-04 16:01:54,082 [main] INFO  server.RaftServerConfigKeys (ConfUtils.java:logGet(43)) - raft.server.log.appender.buffer.byte-limit = 33554432 (custom)
2019-11-04 16:01:54,082 [main] INFO  server.GrpcService (ConfUtils.java:logGet(43)) - raft.grpc.flow.control.window = 1MB (=1048576) (default)
2019-11-04 16:01:54,082 [main] INFO  server.RaftServerConfigKeys (ConfUtils.java:logGet(43)) - raft.server.rpc.request.timeout = 3000ms (default)
2019-11-04 16:01:54,083 [main] INFO  server.RaftServerConfigKeys (ConfUtils.java:logGet(43)) - raft.server.storage.dir = [/workdir/hadoop-ozone/integration-test/target/test-dir/MiniOzoneClusterImpl-cc4d3969-f36c-44f3-bda2-80f758632240/datanode-1/data/ratis] (custom)
2019-11-04 16:01:54,085 [main] INFO  hdfs.DFSUtil (DFSUtil.java:httpServerTemplateForNNAndJN(1641)) - Starting Web-server for hddsDatanode at: http://0.0.0.0:0
2019-11-04 16:01:54,086 [main] INFO  server.AuthenticationFilter (AuthenticationFilter.java:constructSecretProvider(240)) - Unable to initialize FileSignerSecretProvider, falling back to use random secrets.
2019-11-04 16:01:54,087 [main] WARN  http.HttpRequestLog (HttpRequestLog.java:getRequestLog(97)) - Jetty request log can only be enabled using Log4j
2019-11-04 16:01:54,088 [main] INFO  http.HttpServer2 (HttpServer2.java:addGlobalFilter(975)) - Added global filter 'safety' (class=org.apache.hadoop.http.HttpServer2$QuotingInputFilter)
2019-11-04 16:01:54,089 [main] INFO  http.HttpServer2 (HttpServer2.java:addFilter(948)) - Added filter static_user_filter (class=org.apache.hadoop.http.lib.StaticUserWebFilter$StaticUserFilter) to context hddsDatanode
2019-11-04 16:01:54,089 [main] INFO  http.HttpServer2 (HttpServer2.java:addFilter(958)) - Added filter static_user_filter (class=org.apache.hadoop.http.lib.StaticUserWebFilter$StaticUserFilter) to context logs
2019-11-04 16:01:54,089 [main] INFO  http.HttpServer2 (HttpServer2.java:addFilter(958)) - Added filter static_user_filter (class=org.apache.hadoop.http.lib.StaticUserWebFilter$StaticUserFilter) to context static
2019-11-04 16:01:54,090 [main] INFO  http.HttpServer2 (HttpServer2.java:bindListener(1191)) - Jetty bound to port 36955
2019-11-04 16:01:54,090 [main] INFO  server.Server (Server.java:doStart(351)) - jetty-9.3.25.v20180904, build timestamp: 2018-09-04T21:11:46Z, git hash: 3ce520221d0240229c862b122d2b06c12a625732
2019-11-04 16:01:54,094 [main] INFO  handler.ContextHandler (ContextHandler.java:doStart(781)) - Started o.e.j.s.ServletContextHandler@55d58825{/logs,file:///workdir/hadoop-ozone/integration-test/target/log,AVAILABLE}
2019-11-04 16:01:54,095 [main] INFO  handler.ContextHandler (ContextHandler.java:doStart(781)) - Started o.e.j.s.ServletContextHandler@29a98d9f{/static,jar:file:/home/user/.m2/repository/org/apache/hadoop/hadoop-hdds-container-service/0.5.0-SNAPSHOT/hadoop-hdds-container-service-0.5.0-SNAPSHOT.jar!/webapps/static,AVAILABLE}
2019-11-04 16:01:54,129 [main] INFO  handler.ContextHandler (ContextHandler.java:doStart(781)) - Started o.e.j.w.WebAppContext@70e94ecb{/,file:///tmp/jetty-0.0.0.0-36955-hddsDatanode-_-any-4595356551951967473.dir/webapp/,AVAILABLE}{/hddsDatanode}
2019-11-04 16:01:54,129 [main] INFO  server.AbstractConnector (AbstractConnector.java:doStart(278)) - Started ServerConnector@56cfe111{HTTP/1.1,[http/1.1]}{0.0.0.0:36955}
2019-11-04 16:01:54,130 [main] INFO  server.Server (Server.java:doStart(419)) - Started @5452ms
2019-11-04 16:01:54,130 [main] WARN  impl.MetricsSystemImpl (MetricsSystemImpl.java:register(276)) - Sink prometheus already exists!
2019-11-04 16:01:54,132 [main] INFO  server.BaseHttpServer (BaseHttpServer.java:updateConnectorAddress(215)) - HTTP server of HDDSDATANODE is listening at http://0.0.0.0:36955
2019-11-04 16:01:54,132 [main] INFO  impl.MetricsSystemImpl (MetricsSystemImpl.java:init(158)) - HddsDatanode metrics system started (again)
2019-11-04 16:01:54,135 [main] INFO  ozone.HddsDatanodeService (HddsDatanodeService.java:start(184)) - HddsDatanodeService host:pr-hdds-1643-sn7dj-2043761873 ip:192.168.157.194
2019-11-04 16:01:54,135 [org.apache.hadoop.util.JvmPauseMonitor$Monitor@7efddaa1] INFO  util.JvmPauseMonitor (JvmPauseMonitor.java:run(188)) - Starting JVM pause monitor
2019-11-04 16:01:54,144 [main] INFO  volume.HddsVolume (HddsVolume.java:<init>(176)) - Creating Volume: /workdir/hadoop-ozone/integration-test/target/test-dir/MiniOzoneClusterImpl-cc4d3969-f36c-44f3-bda2-80f758632240/datanode-2/data/containers/hdds of  storage type : DISK and capacity : 1482555576320
2019-11-04 16:01:54,144 [main] INFO  volume.VolumeSet (VolumeSet.java:initializeVolumeSet(170)) - Added Volume : /workdir/hadoop-ozone/integration-test/target/test-dir/MiniOzoneClusterImpl-cc4d3969-f36c-44f3-bda2-80f758632240/datanode-2/data/containers/hdds to VolumeSet
2019-11-04 16:01:54,145 [main] INFO  volume.ThrottledAsyncChecker (ThrottledAsyncChecker.java:schedule(141)) - Scheduling a check for /workdir/hadoop-ozone/integration-test/target/test-dir/MiniOzoneClusterImpl-cc4d3969-f36c-44f3-bda2-80f758632240/datanode-2/data/containers/hdds
2019-11-04 16:01:54,145 [main] INFO  volume.HddsVolumeChecker (HddsVolumeChecker.java:checkAllVolumes(204)) - Scheduled health check for volume /workdir/hadoop-ozone/integration-test/target/test-dir/MiniOzoneClusterImpl-cc4d3969-f36c-44f3-bda2-80f758632240/datanode-2/data/containers/hdds
2019-11-04 16:01:54,160 [main] INFO  impl.RaftServerProxy (ConfUtils.java:logGet(43)) - raft.rpc.type = GRPC (default)
2019-11-04 16:01:54,160 [main] INFO  grpc.GrpcFactory (GrpcFactory.java:checkPooledByteBufAllocatorUseCacheForAllThreads(45)) - PERFORMANCE WARNING: useCacheForAllThreads is true that may cause Netty to create a lot garbage objects and, as a result, trigger GC.
	It is recommended to disable useCacheForAllThreads by setting -Dorg.apache.ratis.thirdparty.io.netty.allocator.useCacheForAllThreads=false in command line.
2019-11-04 16:01:54,161 [main] INFO  grpc.GrpcConfigKeys$Server (ConfUtils.java:logGet(43)) - raft.grpc.server.port = 0 (default)
2019-11-04 16:01:54,161 [main] INFO  server.GrpcService (ConfUtils.java:logGet(43)) - raft.grpc.message.size.max = 33570816 (custom)
2019-11-04 16:01:54,161 [main] INFO  server.RaftServerConfigKeys (ConfUtils.java:logGet(43)) - raft.server.log.appender.buffer.byte-limit = 33554432 (custom)
2019-11-04 16:01:54,161 [main] INFO  server.GrpcService (ConfUtils.java:logGet(43)) - raft.grpc.flow.control.window = 1MB (=1048576) (default)
2019-11-04 16:01:54,161 [main] INFO  server.RaftServerConfigKeys (ConfUtils.java:logGet(43)) - raft.server.rpc.request.timeout = 3000ms (default)
2019-11-04 16:01:54,162 [main] INFO  server.RaftServerConfigKeys (ConfUtils.java:logGet(43)) - raft.server.storage.dir = [/workdir/hadoop-ozone/integration-test/target/test-dir/MiniOzoneClusterImpl-cc4d3969-f36c-44f3-bda2-80f758632240/datanode-2/data/ratis] (custom)
2019-11-04 16:01:54,164 [main] INFO  hdfs.DFSUtil (DFSUtil.java:httpServerTemplateForNNAndJN(1641)) - Starting Web-server for hddsDatanode at: http://0.0.0.0:0
2019-11-04 16:01:54,166 [main] INFO  server.AuthenticationFilter (AuthenticationFilter.java:constructSecretProvider(240)) - Unable to initialize FileSignerSecretProvider, falling back to use random secrets.
2019-11-04 16:01:54,166 [main] WARN  http.HttpRequestLog (HttpRequestLog.java:getRequestLog(97)) - Jetty request log can only be enabled using Log4j
2019-11-04 16:01:54,168 [main] INFO  http.HttpServer2 (HttpServer2.java:addGlobalFilter(975)) - Added global filter 'safety' (class=org.apache.hadoop.http.HttpServer2$QuotingInputFilter)
2019-11-04 16:01:54,168 [main] INFO  http.HttpServer2 (HttpServer2.java:addFilter(948)) - Added filter static_user_filter (class=org.apache.hadoop.http.lib.StaticUserWebFilter$StaticUserFilter) to context hddsDatanode
2019-11-04 16:01:54,169 [main] INFO  http.HttpServer2 (HttpServer2.java:addFilter(958)) - Added filter static_user_filter (class=org.apache.hadoop.http.lib.StaticUserWebFilter$StaticUserFilter) to context static
2019-11-04 16:01:54,169 [main] INFO  http.HttpServer2 (HttpServer2.java:addFilter(958)) - Added filter static_user_filter (class=org.apache.hadoop.http.lib.StaticUserWebFilter$StaticUserFilter) to context logs
2019-11-04 16:01:54,170 [main] INFO  http.HttpServer2 (HttpServer2.java:bindListener(1191)) - Jetty bound to port 44830
2019-11-04 16:01:54,170 [main] INFO  server.Server (Server.java:doStart(351)) - jetty-9.3.25.v20180904, build timestamp: 2018-09-04T21:11:46Z, git hash: 3ce520221d0240229c862b122d2b06c12a625732
2019-11-04 16:01:54,172 [main] INFO  handler.ContextHandler (ContextHandler.java:doStart(781)) - Started o.e.j.s.ServletContextHandler@c2584d3{/logs,file:///workdir/hadoop-ozone/integration-test/target/log,AVAILABLE}
2019-11-04 16:01:54,172 [main] INFO  handler.ContextHandler (ContextHandler.java:doStart(781)) - Started o.e.j.s.ServletContextHandler@37468787{/static,jar:file:/home/user/.m2/repository/org/apache/hadoop/hadoop-hdds-container-service/0.5.0-SNAPSHOT/hadoop-hdds-container-service-0.5.0-SNAPSHOT.jar!/webapps/static,AVAILABLE}
2019-11-04 16:01:54,200 [Datanode State Machine Thread - 0] INFO  datanode.InitDatanodeState (InitDatanodeState.java:persistContainerDatanodeDetails(140)) - DatanodeDetails is persisted to /workdir/hadoop-ozone/integration-test/target/test-dir/MiniOzoneClusterImpl-cc4d3969-f36c-44f3-bda2-80f758632240/datanode-0/meta/datanode.id
2019-11-04 16:01:54,205 [Datanode State Machine Thread - 0] INFO  datanode.InitDatanodeState (InitDatanodeState.java:persistContainerDatanodeDetails(140)) - DatanodeDetails is persisted to /workdir/hadoop-ozone/integration-test/target/test-dir/MiniOzoneClusterImpl-cc4d3969-f36c-44f3-bda2-80f758632240/datanode-1/meta/datanode.id
2019-11-04 16:01:54,207 [main] INFO  handler.ContextHandler (ContextHandler.java:doStart(781)) - Started o.e.j.w.WebAppContext@7601bc96{/,file:///tmp/jetty-0.0.0.0-44830-hddsDatanode-_-any-8562409211635142897.dir/webapp/,AVAILABLE}{/hddsDatanode}
2019-11-04 16:01:54,207 [main] INFO  server.AbstractConnector (AbstractConnector.java:doStart(278)) - Started ServerConnector@48a0c8aa{HTTP/1.1,[http/1.1]}{0.0.0.0:44830}
2019-11-04 16:01:54,208 [main] INFO  server.Server (Server.java:doStart(419)) - Started @5529ms
2019-11-04 16:01:54,208 [main] WARN  impl.MetricsSystemImpl (MetricsSystemImpl.java:register(276)) - Sink prometheus already exists!
2019-11-04 16:01:54,210 [main] INFO  server.BaseHttpServer (BaseHttpServer.java:updateConnectorAddress(215)) - HTTP server of HDDSDATANODE is listening at http://0.0.0.0:44830
2019-11-04 16:01:54,210 [main] INFO  impl.MetricsSystemImpl (MetricsSystemImpl.java:init(158)) - HddsDatanode metrics system started (again)
2019-11-04 16:01:54,214 [org.apache.hadoop.util.JvmPauseMonitor$Monitor@3a8df965] INFO  util.JvmPauseMonitor (JvmPauseMonitor.java:run(188)) - Starting JVM pause monitor
2019-11-04 16:01:54,214 [main] INFO  ozone.HddsDatanodeService (HddsDatanodeService.java:start(184)) - HddsDatanodeService host:pr-hdds-1643-sn7dj-2043761873 ip:192.168.157.194
2019-11-04 16:01:54,216 [Datanode State Machine Thread - 0] INFO  datanode.InitDatanodeState (InitDatanodeState.java:persistContainerDatanodeDetails(140)) - DatanodeDetails is persisted to /workdir/hadoop-ozone/integration-test/target/test-dir/MiniOzoneClusterImpl-cc4d3969-f36c-44f3-bda2-80f758632240/datanode-2/meta/datanode.id
2019-11-04 16:01:54,225 [main] INFO  volume.HddsVolume (HddsVolume.java:<init>(176)) - Creating Volume: /workdir/hadoop-ozone/integration-test/target/test-dir/MiniOzoneClusterImpl-cc4d3969-f36c-44f3-bda2-80f758632240/datanode-3/data/containers/hdds of  storage type : DISK and capacity : 1482555576320
2019-11-04 16:01:54,225 [main] INFO  volume.VolumeSet (VolumeSet.java:initializeVolumeSet(170)) - Added Volume : /workdir/hadoop-ozone/integration-test/target/test-dir/MiniOzoneClusterImpl-cc4d3969-f36c-44f3-bda2-80f758632240/datanode-3/data/containers/hdds to VolumeSet
2019-11-04 16:01:54,226 [main] INFO  volume.ThrottledAsyncChecker (ThrottledAsyncChecker.java:schedule(141)) - Scheduling a check for /workdir/hadoop-ozone/integration-test/target/test-dir/MiniOzoneClusterImpl-cc4d3969-f36c-44f3-bda2-80f758632240/datanode-3/data/containers/hdds
2019-11-04 16:01:54,226 [main] INFO  volume.HddsVolumeChecker (HddsVolumeChecker.java:checkAllVolumes(204)) - Scheduled health check for volume /workdir/hadoop-ozone/integration-test/target/test-dir/MiniOzoneClusterImpl-cc4d3969-f36c-44f3-bda2-80f758632240/datanode-3/data/containers/hdds
2019-11-04 16:01:54,250 [main] INFO  impl.RaftServerProxy (ConfUtils.java:logGet(43)) - raft.rpc.type = GRPC (default)
2019-11-04 16:01:54,250 [main] INFO  grpc.GrpcFactory (GrpcFactory.java:checkPooledByteBufAllocatorUseCacheForAllThreads(45)) - PERFORMANCE WARNING: useCacheForAllThreads is true that may cause Netty to create a lot garbage objects and, as a result, trigger GC.
	It is recommended to disable useCacheForAllThreads by setting -Dorg.apache.ratis.thirdparty.io.netty.allocator.useCacheForAllThreads=false in command line.
2019-11-04 16:01:54,251 [main] INFO  grpc.GrpcConfigKeys$Server (ConfUtils.java:logGet(43)) - raft.grpc.server.port = 0 (default)
2019-11-04 16:01:54,251 [main] INFO  server.GrpcService (ConfUtils.java:logGet(43)) - raft.grpc.message.size.max = 33570816 (custom)
2019-11-04 16:01:54,251 [main] INFO  server.RaftServerConfigKeys (ConfUtils.java:logGet(43)) - raft.server.log.appender.buffer.byte-limit = 33554432 (custom)
2019-11-04 16:01:54,252 [main] INFO  server.GrpcService (ConfUtils.java:logGet(43)) - raft.grpc.flow.control.window = 1MB (=1048576) (default)
2019-11-04 16:01:54,252 [main] INFO  server.RaftServerConfigKeys (ConfUtils.java:logGet(43)) - raft.server.rpc.request.timeout = 3000ms (default)
2019-11-04 16:01:54,253 [main] INFO  server.RaftServerConfigKeys (ConfUtils.java:logGet(43)) - raft.server.storage.dir = [/workdir/hadoop-ozone/integration-test/target/test-dir/MiniOzoneClusterImpl-cc4d3969-f36c-44f3-bda2-80f758632240/datanode-3/data/ratis] (custom)
2019-11-04 16:01:54,255 [main] INFO  hdfs.DFSUtil (DFSUtil.java:httpServerTemplateForNNAndJN(1641)) - Starting Web-server for hddsDatanode at: http://0.0.0.0:0
2019-11-04 16:01:54,257 [main] INFO  server.AuthenticationFilter (AuthenticationFilter.java:constructSecretProvider(240)) - Unable to initialize FileSignerSecretProvider, falling back to use random secrets.
2019-11-04 16:01:54,257 [main] WARN  http.HttpRequestLog (HttpRequestLog.java:getRequestLog(97)) - Jetty request log can only be enabled using Log4j
2019-11-04 16:01:54,260 [main] INFO  http.HttpServer2 (HttpServer2.java:addGlobalFilter(975)) - Added global filter 'safety' (class=org.apache.hadoop.http.HttpServer2$QuotingInputFilter)
2019-11-04 16:01:54,260 [main] INFO  http.HttpServer2 (HttpServer2.java:addFilter(948)) - Added filter static_user_filter (class=org.apache.hadoop.http.lib.StaticUserWebFilter$StaticUserFilter) to context hddsDatanode
2019-11-04 16:01:54,261 [main] INFO  http.HttpServer2 (HttpServer2.java:addFilter(958)) - Added filter static_user_filter (class=org.apache.hadoop.http.lib.StaticUserWebFilter$StaticUserFilter) to context static
2019-11-04 16:01:54,261 [main] INFO  http.HttpServer2 (HttpServer2.java:addFilter(958)) - Added filter static_user_filter (class=org.apache.hadoop.http.lib.StaticUserWebFilter$StaticUserFilter) to context logs
2019-11-04 16:01:54,262 [main] INFO  http.HttpServer2 (HttpServer2.java:bindListener(1191)) - Jetty bound to port 33101
2019-11-04 16:01:54,262 [main] INFO  server.Server (Server.java:doStart(351)) - jetty-9.3.25.v20180904, build timestamp: 2018-09-04T21:11:46Z, git hash: 3ce520221d0240229c862b122d2b06c12a625732
2019-11-04 16:01:54,266 [main] INFO  handler.ContextHandler (ContextHandler.java:doStart(781)) - Started o.e.j.s.ServletContextHandler@1d1cbd0f{/logs,file:///workdir/hadoop-ozone/integration-test/target/log,AVAILABLE}
2019-11-04 16:01:54,266 [main] INFO  handler.ContextHandler (ContextHandler.java:doStart(781)) - Started o.e.j.s.ServletContextHandler@3af7d855{/static,jar:file:/home/user/.m2/repository/org/apache/hadoop/hadoop-hdds-container-service/0.5.0-SNAPSHOT/hadoop-hdds-container-service-0.5.0-SNAPSHOT.jar!/webapps/static,AVAILABLE}
2019-11-04 16:01:54,305 [main] INFO  handler.ContextHandler (ContextHandler.java:doStart(781)) - Started o.e.j.w.WebAppContext@60b34931{/,file:///tmp/jetty-0.0.0.0-33101-hddsDatanode-_-any-4423698648678914942.dir/webapp/,AVAILABLE}{/hddsDatanode}
2019-11-04 16:01:54,306 [main] INFO  server.AbstractConnector (AbstractConnector.java:doStart(278)) - Started ServerConnector@4aa21f9d{HTTP/1.1,[http/1.1]}{0.0.0.0:33101}
2019-11-04 16:01:54,307 [main] INFO  server.Server (Server.java:doStart(419)) - Started @5628ms
2019-11-04 16:01:54,307 [main] WARN  impl.MetricsSystemImpl (MetricsSystemImpl.java:register(276)) - Sink prometheus already exists!
2019-11-04 16:01:54,308 [main] INFO  server.BaseHttpServer (BaseHttpServer.java:updateConnectorAddress(215)) - HTTP server of HDDSDATANODE is listening at http://0.0.0.0:33101
2019-11-04 16:01:54,310 [main] INFO  ozone.MiniOzoneClusterImpl (MiniOzoneClusterImpl.java:lambda$waitForClusterToBeReady$0(147)) - Waiting for cluster to be ready. Got 0 of 4 DN Heartbeats.
2019-11-04 16:01:54,311 [org.apache.hadoop.util.JvmPauseMonitor$Monitor@520c8be4] INFO  util.JvmPauseMonitor (JvmPauseMonitor.java:run(188)) - Starting JVM pause monitor
2019-11-04 16:01:54,314 [Datanode State Machine Thread - 0] INFO  datanode.InitDatanodeState (InitDatanodeState.java:persistContainerDatanodeDetails(140)) - DatanodeDetails is persisted to /workdir/hadoop-ozone/integration-test/target/test-dir/MiniOzoneClusterImpl-cc4d3969-f36c-44f3-bda2-80f758632240/datanode-3/meta/datanode.id
2019-11-04 16:01:55,311 [main] INFO  ozone.MiniOzoneClusterImpl (MiniOzoneClusterImpl.java:lambda$waitForClusterToBeReady$0(147)) - Waiting for cluster to be ready. Got 0 of 4 DN Heartbeats.
2019-11-04 16:01:56,138 [Datanode State Machine Thread - 0] INFO  ozoneimpl.OzoneContainer (OzoneContainer.java:start(213)) - Attempting to start container services.
2019-11-04 16:01:56,141 [Datanode State Machine Thread - 0] INFO  ozoneimpl.OzoneContainer (OzoneContainer.java:startContainerScrub(177)) - Background container scanner has been disabled.
2019-11-04 16:01:56,142 [Datanode State Machine Thread - 0] INFO  ratis.XceiverServerRatis (XceiverServerRatis.java:start(418)) - Starting XceiverServerRatis e3fb79a3-1f86-42af-a80c-c46d1acdbc29 at port 0
2019-11-04 16:01:56,152 [Datanode State Machine Thread - 0] INFO  impl.RaftServerProxy (RaftServerProxy.java:lambda$start$3(299)) - e3fb79a3-1f86-42af-a80c-c46d1acdbc29: start RPC server
2019-11-04 16:01:56,156 [Datanode State Machine Thread - 0] INFO  server.GrpcService (GrpcService.java:startImpl(158)) - e3fb79a3-1f86-42af-a80c-c46d1acdbc29: GrpcService started, listening on 0.0.0.0/0.0.0.0:44142
2019-11-04 16:01:56,156 [Datanode State Machine Thread - 0] INFO  ratis.XceiverServerRatis (XceiverServerRatis.java:start(428)) - XceiverServerRatis e3fb79a3-1f86-42af-a80c-c46d1acdbc29 is started using port 44142
2019-11-04 16:01:56,159 [Datanode State Machine Thread - 0] INFO  server.XceiverServerGrpc (XceiverServerGrpc.java:start(149)) - XceiverServerGrpc e3fb79a3-1f86-42af-a80c-c46d1acdbc29 is started using port 35708
2019-11-04 16:01:56,162 [Datanode State Machine Thread - 0] INFO  ozoneimpl.OzoneContainer (OzoneContainer.java:start(213)) - Attempting to start container services.
2019-11-04 16:01:56,164 [Datanode State Machine Thread - 0] INFO  ozoneimpl.OzoneContainer (OzoneContainer.java:startContainerScrub(177)) - Background container scanner has been disabled.
2019-11-04 16:01:56,164 [Datanode State Machine Thread - 0] INFO  ratis.XceiverServerRatis (XceiverServerRatis.java:start(418)) - Starting XceiverServerRatis a9143d84-6d7f-497d-b770-eb75585db3c7 at port 0
2019-11-04 16:01:56,174 [Datanode State Machine Thread - 0] INFO  impl.RaftServerProxy (RaftServerProxy.java:lambda$start$3(299)) - a9143d84-6d7f-497d-b770-eb75585db3c7: start RPC server
2019-11-04 16:01:56,176 [Datanode State Machine Thread - 0] INFO  server.GrpcService (GrpcService.java:startImpl(158)) - a9143d84-6d7f-497d-b770-eb75585db3c7: GrpcService started, listening on 0.0.0.0/0.0.0.0:42126
2019-11-04 16:01:56,176 [Datanode State Machine Thread - 0] INFO  ratis.XceiverServerRatis (XceiverServerRatis.java:start(428)) - XceiverServerRatis a9143d84-6d7f-497d-b770-eb75585db3c7 is started using port 42126
2019-11-04 16:01:56,178 [Datanode State Machine Thread - 0] INFO  server.XceiverServerGrpc (XceiverServerGrpc.java:start(149)) - XceiverServerGrpc a9143d84-6d7f-497d-b770-eb75585db3c7 is started using port 41299
2019-11-04 16:01:56,229 [Datanode State Machine Thread - 0] INFO  ozoneimpl.OzoneContainer (OzoneContainer.java:start(213)) - Attempting to start container services.
2019-11-04 16:01:56,231 [Datanode State Machine Thread - 0] INFO  ozoneimpl.OzoneContainer (OzoneContainer.java:startContainerScrub(177)) - Background container scanner has been disabled.
2019-11-04 16:01:56,231 [Datanode State Machine Thread - 0] INFO  ratis.XceiverServerRatis (XceiverServerRatis.java:start(418)) - Starting XceiverServerRatis 81ff859e-e76f-43f5-951a-4a38422068cb at port 0
2019-11-04 16:01:56,240 [Datanode State Machine Thread - 0] INFO  impl.RaftServerProxy (RaftServerProxy.java:lambda$start$3(299)) - 81ff859e-e76f-43f5-951a-4a38422068cb: start RPC server
2019-11-04 16:01:56,242 [Datanode State Machine Thread - 0] INFO  server.GrpcService (GrpcService.java:startImpl(158)) - 81ff859e-e76f-43f5-951a-4a38422068cb: GrpcService started, listening on 0.0.0.0/0.0.0.0:46532
2019-11-04 16:01:56,242 [Datanode State Machine Thread - 0] INFO  ratis.XceiverServerRatis (XceiverServerRatis.java:start(428)) - XceiverServerRatis 81ff859e-e76f-43f5-951a-4a38422068cb is started using port 46532
2019-11-04 16:01:56,244 [Datanode State Machine Thread - 0] INFO  server.XceiverServerGrpc (XceiverServerGrpc.java:start(149)) - XceiverServerGrpc 81ff859e-e76f-43f5-951a-4a38422068cb is started using port 39347
2019-11-04 16:01:56,312 [main] INFO  ozone.MiniOzoneClusterImpl (MiniOzoneClusterImpl.java:lambda$waitForClusterToBeReady$0(147)) - Waiting for cluster to be ready. Got 0 of 4 DN Heartbeats.
2019-11-04 16:01:56,327 [Datanode State Machine Thread - 0] INFO  ozoneimpl.OzoneContainer (OzoneContainer.java:start(213)) - Attempting to start container services.
2019-11-04 16:01:56,329 [Datanode State Machine Thread - 0] INFO  ozoneimpl.OzoneContainer (OzoneContainer.java:startContainerScrub(177)) - Background container scanner has been disabled.
2019-11-04 16:01:56,329 [Datanode State Machine Thread - 0] INFO  ratis.XceiverServerRatis (XceiverServerRatis.java:start(418)) - Starting XceiverServerRatis 2d0880bb-cfe0-41bf-8300-747e3a556689 at port 0
2019-11-04 16:01:56,338 [Datanode State Machine Thread - 0] INFO  impl.RaftServerProxy (RaftServerProxy.java:lambda$start$3(299)) - 2d0880bb-cfe0-41bf-8300-747e3a556689: start RPC server
2019-11-04 16:01:56,341 [Datanode State Machine Thread - 0] INFO  server.GrpcService (GrpcService.java:startImpl(158)) - 2d0880bb-cfe0-41bf-8300-747e3a556689: GrpcService started, listening on 0.0.0.0/0.0.0.0:34642
2019-11-04 16:01:56,341 [Datanode State Machine Thread - 0] INFO  ratis.XceiverServerRatis (XceiverServerRatis.java:start(428)) - XceiverServerRatis 2d0880bb-cfe0-41bf-8300-747e3a556689 is started using port 34642
2019-11-04 16:01:56,344 [Datanode State Machine Thread - 0] INFO  server.XceiverServerGrpc (XceiverServerGrpc.java:start(149)) - XceiverServerGrpc 2d0880bb-cfe0-41bf-8300-747e3a556689 is started using port 41136
2019-11-04 16:01:57,312 [main] INFO  ozone.MiniOzoneClusterImpl (MiniOzoneClusterImpl.java:lambda$waitForClusterToBeReady$0(147)) - Waiting for cluster to be ready. Got 0 of 4 DN Heartbeats.
2019-11-04 16:01:58,094 [IPC Server handler 0 on 43797] INFO  net.NetworkTopology (NetworkTopologyImpl.java:add(111)) - Added a new node: /rack1/e3fb79a3-1f86-42af-a80c-c46d1acdbc29
2019-11-04 16:01:58,096 [IPC Server handler 0 on 43797] INFO  node.SCMNodeManager (SCMNodeManager.java:register(268)) - Registered Data node : e3fb79a3-1f86-42af-a80c-c46d1acdbc29{ip: 192.168.157.194, host: pr-hdds-1643-sn7dj-2043761873, networkLocation: /rack1, certSerialId: null}
2019-11-04 16:01:58,098 [EventQueue-NodeRegistrationContainerReportForDataNodeSafeModeRule] INFO  safemode.SCMSafeModeManager (DataNodeSafeModeRule.java:process(71)) - SCM in safe mode. 1 DataNodes registered, 1 required.
2019-11-04 16:01:58,099 [EventQueue-NodeRegistrationContainerReportForDataNodeSafeModeRule] INFO  safemode.SCMSafeModeManager (SCMSafeModeManager.java:validateSafeModeExitRules(177)) - ScmSafeModeManager, all rules are successfully validated
2019-11-04 16:01:58,099 [EventQueue-NodeRegistrationContainerReportForDataNodeSafeModeRule] INFO  safemode.SCMSafeModeManager (SCMSafeModeManager.java:exitSafeMode(193)) - SCM exiting safe mode.
2019-11-04 16:01:58,140 [IPC Server handler 3 on 43797] INFO  net.NetworkTopology (NetworkTopologyImpl.java:add(111)) - Added a new node: /rack1/a9143d84-6d7f-497d-b770-eb75585db3c7
2019-11-04 16:01:58,140 [IPC Server handler 3 on 43797] INFO  node.SCMNodeManager (SCMNodeManager.java:register(268)) - Registered Data node : a9143d84-6d7f-497d-b770-eb75585db3c7{ip: 192.168.157.194, host: pr-hdds-1643-sn7dj-2043761873, networkLocation: /rack1, certSerialId: null}
2019-11-04 16:01:58,216 [IPC Server handler 2 on 43797] INFO  net.NetworkTopology (NetworkTopologyImpl.java:add(111)) - Added a new node: /rack1/81ff859e-e76f-43f5-951a-4a38422068cb
2019-11-04 16:01:58,217 [IPC Server handler 2 on 43797] INFO  node.SCMNodeManager (SCMNodeManager.java:register(268)) - Registered Data node : 81ff859e-e76f-43f5-951a-4a38422068cb{ip: 192.168.157.194, host: pr-hdds-1643-sn7dj-2043761873, networkLocation: /rack1, certSerialId: null}
2019-11-04 16:01:58,313 [main] INFO  ozone.MiniOzoneClusterImpl (MiniOzoneClusterImpl.java:lambda$waitForClusterToBeReady$0(147)) - Waiting for cluster to be ready. Got 3 of 4 DN Heartbeats.
2019-11-04 16:01:58,313 [IPC Server handler 1 on 43797] INFO  net.NetworkTopology (NetworkTopologyImpl.java:add(111)) - Added a new node: /rack1/2d0880bb-cfe0-41bf-8300-747e3a556689
2019-11-04 16:01:58,314 [IPC Server handler 1 on 43797] INFO  node.SCMNodeManager (SCMNodeManager.java:register(268)) - Registered Data node : 2d0880bb-cfe0-41bf-8300-747e3a556689{ip: 192.168.157.194, host: pr-hdds-1643-sn7dj-2043761873, networkLocation: /rack1, certSerialId: null}
2019-11-04 16:01:58,539 [grpc-default-executor-0] INFO  impl.RaftServerProxy (RaftServerProxy.java:addNew(89)) - e3fb79a3-1f86-42af-a80c-c46d1acdbc29: addNew group-EE60B630392D:[e3fb79a3-1f86-42af-a80c-c46d1acdbc29:192.168.157.194:44142] returns group-EE60B630392D:java.util.concurrent.CompletableFuture@5f0f17f5[Not completed]
2019-11-04 16:01:58,549 [pool-32-thread-1] INFO  impl.RaftServerImpl (RaftServerImpl.java:<init>(104)) - e3fb79a3-1f86-42af-a80c-c46d1acdbc29: new RaftServerImpl for group-EE60B630392D:[e3fb79a3-1f86-42af-a80c-c46d1acdbc29:192.168.157.194:44142] with ContainerStateMachine:uninitialized
2019-11-04 16:01:58,550 [pool-32-thread-1] INFO  server.RaftServerConfigKeys (ConfUtils.java:logGet(43)) - raft.server.rpc.timeout.min = 5s (custom)
2019-11-04 16:01:58,550 [pool-32-thread-1] INFO  server.RaftServerConfigKeys (ConfUtils.java:logGet(43)) - raft.server.rpc.timeout.max = 5200ms (custom)
2019-11-04 16:01:58,550 [pool-32-thread-1] INFO  server.RaftServerConfigKeys (ConfUtils.java:logGet(43)) - raft.server.rpcslowness.timeout = 120s (custom)
2019-11-04 16:01:58,551 [pool-32-thread-1] INFO  server.RaftServerConfigKeys (ConfUtils.java:logGet(43)) - raft.server.sleep.deviation.threshold = 300 (default)
2019-11-04 16:01:58,551 [pool-32-thread-1] INFO  server.RaftServerConfigKeys (ConfUtils.java:logGet(43)) - raft.server.log.appender.install.snapshot.enabled = false (custom)
2019-11-04 16:01:58,551 [pool-32-thread-1] INFO  impl.RaftServerImpl (ServerState.java:<init>(103)) - e3fb79a3-1f86-42af-a80c-c46d1acdbc29@group-EE60B630392D: ConfigurationManager, init=-1: [e3fb79a3-1f86-42af-a80c-c46d1acdbc29:192.168.157.194:44142], old=null, confs=<EMPTY_MAP>
2019-11-04 16:01:58,551 [pool-32-thread-1] INFO  server.RaftServerConfigKeys (ConfUtils.java:logGet(43)) - raft.server.storage.dir = [/workdir/hadoop-ozone/integration-test/target/test-dir/MiniOzoneClusterImpl-cc4d3969-f36c-44f3-bda2-80f758632240/datanode-0/data/ratis] (custom)
2019-11-04 16:01:58,552 [pool-32-thread-1] INFO  server.RaftServerConfigKeys (ConfUtils.java:logGet(43)) - raft.server.log.corruption.policy = EXCEPTION (default)
2019-11-04 16:01:58,552 [pool-32-thread-1] INFO  storage.RaftStorageDirectory (RaftStorageDirectory.java:analyzeStorage(246)) - The storage directory /workdir/hadoop-ozone/integration-test/target/test-dir/MiniOzoneClusterImpl-cc4d3969-f36c-44f3-bda2-80f758632240/datanode-0/data/ratis/347a0e49-64d4-4f63-89c8-ee60b630392d does not exist. Creating ...
2019-11-04 16:01:58,565 [pool-32-thread-1] INFO  storage.RaftStorageDirectory (RaftStorageDirectory.java:tryLock(328)) - Lock on /workdir/hadoop-ozone/integration-test/target/test-dir/MiniOzoneClusterImpl-cc4d3969-f36c-44f3-bda2-80f758632240/datanode-0/data/ratis/347a0e49-64d4-4f63-89c8-ee60b630392d/in_use.lock acquired by nodename 20096@pr-hdds-1643-sn7dj-2043761873
2019-11-04 16:01:58,579 [pool-32-thread-1] INFO  storage.RaftStorage (RaftStorage.java:format(84)) - Storage directory /workdir/hadoop-ozone/integration-test/target/test-dir/MiniOzoneClusterImpl-cc4d3969-f36c-44f3-bda2-80f758632240/datanode-0/data/ratis/347a0e49-64d4-4f63-89c8-ee60b630392d has been successfully formatted.
2019-11-04 16:01:58,581 [pool-32-thread-1] INFO  ratis.ContainerStateMachine (ContainerStateMachine.java:loadSnapshot(231)) - group-EE60B630392D: The snapshot info is null. Setting the last applied indexto:(t:0, i:~)
2019-11-04 16:01:58,581 [pool-32-thread-1] INFO  server.RaftServerConfigKeys (ConfUtils.java:logGet(43)) - raft.server.notification.no-leader.timeout = 120s (custom)
2019-11-04 16:01:58,581 [pool-32-thread-1] INFO  server.RaftServerConfigKeys (ConfUtils.java:logGet(43)) - raft.server.log.use.memory = false (default)
2019-11-04 16:01:58,582 [pool-32-thread-1] INFO  server.RaftServerConfigKeys (ConfUtils.java:logGet(43)) - raft.server.log.purge.gap = 1000000 (custom)
2019-11-04 16:01:58,582 [pool-32-thread-1] INFO  server.RaftServerConfigKeys (ConfUtils.java:logGet(43)) - raft.server.log.appender.buffer.byte-limit = 33554432 (custom)
2019-11-04 16:01:58,582 [pool-32-thread-1] INFO  server.RaftServerConfigKeys (ConfUtils.java:logGet(43)) - raft.server.log.segment.size.max = 1048576 (custom)
2019-11-04 16:01:58,588 [pool-32-thread-1] INFO  server.RaftServerConfigKeys (ConfUtils.java:logGet(43)) - raft.server.log.segment.cache.num.max = 2 (custom)
2019-11-04 16:01:58,588 [pool-32-thread-1] INFO  segmented.SegmentedRaftLogWorker (SegmentedRaftLogWorker.java:<init>(173)) - new e3fb79a3-1f86-42af-a80c-c46d1acdbc29@group-EE60B630392D-SegmentedRaftLogWorker for RaftStorage:Storage Directory /workdir/hadoop-ozone/integration-test/target/test-dir/MiniOzoneClusterImpl-cc4d3969-f36c-44f3-bda2-80f758632240/datanode-0/data/ratis/347a0e49-64d4-4f63-89c8-ee60b630392d
2019-11-04 16:01:58,588 [pool-32-thread-1] INFO  server.RaftServerConfigKeys (ConfUtils.java:logGet(43)) - raft.server.log.queue.byte-limit = 2147483647 (custom)
2019-11-04 16:01:58,588 [pool-32-thread-1] INFO  server.RaftServerConfigKeys (ConfUtils.java:logGet(43)) - raft.server.log.queue.element-limit = 1024 (custom)
2019-11-04 16:01:58,589 [pool-32-thread-1] INFO  server.RaftServerConfigKeys (ConfUtils.java:logGet(43)) - raft.server.log.segment.size.max = 1048576 (custom)
2019-11-04 16:01:58,589 [pool-32-thread-1] INFO  server.RaftServerConfigKeys (ConfUtils.java:logGet(43)) - raft.server.log.preallocated.size = 16384 (custom)
2019-11-04 16:01:58,589 [pool-32-thread-1] INFO  server.RaftServerConfigKeys (ConfUtils.java:logGet(43)) - raft.server.log.write.buffer.size = 33554432 (custom)
2019-11-04 16:01:58,589 [pool-32-thread-1] INFO  server.RaftServerConfigKeys (ConfUtils.java:logGet(43)) - raft.server.log.force.sync.num = 128 (default)
2019-11-04 16:01:58,589 [pool-32-thread-1] INFO  server.RaftServerConfigKeys (ConfUtils.java:logGet(43)) - raft.server.log.statemachine.data.sync = true (default)
2019-11-04 16:01:58,589 [pool-32-thread-1] INFO  server.RaftServerConfigKeys (ConfUtils.java:logGet(43)) - raft.server.log.statemachine.data.sync.timeout = 10s (default)
2019-11-04 16:01:58,590 [pool-32-thread-1] INFO  server.RaftServerConfigKeys (ConfUtils.java:logGet(43)) - raft.server.log.statemachine.data.sync.timeout.retry = -1 (default)
2019-11-04 16:01:58,590 [pool-32-thread-1] INFO  server.RaftServerConfigKeys (ConfUtils.java:logGet(43)) - raft.server.log.statemachine.data.caching.enabled = true (custom)
2019-11-04 16:01:58,591 [pool-32-thread-1] INFO  segmented.SegmentedRaftLogWorker (SegmentedRaftLogWorker.java:lambda$new$0(128)) - e3fb79a3-1f86-42af-a80c-c46d1acdbc29@group-EE60B630392D-SegmentedRaftLogWorker: flushIndex: setUnconditionally 0 -> -1
2019-11-04 16:01:58,591 [pool-32-thread-1] INFO  server.RaftServerConfigKeys (ConfUtils.java:logGet(43)) - raft.server.snapshot.auto.trigger.enabled = true (custom)
2019-11-04 16:01:58,592 [pool-32-thread-1] INFO  server.RaftServerConfigKeys (ConfUtils.java:logGet(43)) - raft.server.snapshot.auto.trigger.threshold = 10000 (custom)
2019-11-04 16:01:58,592 [pool-32-thread-1] INFO  server.RaftServerConfigKeys (ConfUtils.java:logGet(43)) - raft.server.snapshot.retention.file.num = 5 (custom)
2019-11-04 16:01:58,592 [pool-32-thread-1] INFO  server.RaftServerConfigKeys (ConfUtils.java:logGet(43)) - raft.server.retrycache.expirytime = 600000ms (custom)
2019-11-04 16:01:58,602 [pool-32-thread-1] INFO  impl.RaftServerImpl (RaftServerImpl.java:start(195)) - e3fb79a3-1f86-42af-a80c-c46d1acdbc29@group-EE60B630392D: start as a follower, conf=-1: [e3fb79a3-1f86-42af-a80c-c46d1acdbc29:192.168.157.194:44142], old=null
2019-11-04 16:01:58,602 [pool-32-thread-1] INFO  impl.RaftServerImpl (RaftServerImpl.java:setRole(184)) - e3fb79a3-1f86-42af-a80c-c46d1acdbc29@group-EE60B630392D: changes role from      null to FOLLOWER at term 0 for startAsFollower
2019-11-04 16:01:58,602 [pool-32-thread-1] INFO  impl.RoleInfo (RoleInfo.java:updateAndGet(143)) - e3fb79a3-1f86-42af-a80c-c46d1acdbc29: start FollowerState
2019-11-04 16:01:58,603 [pool-32-thread-1] INFO  util.JmxRegister (JmxRegister.java:tryRegister(44)) - Successfully registered JMX Bean with object name Ratis:service=RaftServer,group=group-EE60B630392D,id=e3fb79a3-1f86-42af-a80c-c46d1acdbc29
2019-11-04 16:01:58,664 [RatisPipelineUtilsThread] INFO  pipeline.PipelineStateManager (PipelineStateManager.java:addPipeline(56)) - Created pipeline Pipeline[ Id: 347a0e49-64d4-4f63-89c8-ee60b630392d, Nodes: e3fb79a3-1f86-42af-a80c-c46d1acdbc29{ip: 192.168.157.194, host: pr-hdds-1643-sn7dj-2043761873, networkLocation: /rack1, certSerialId: null}, Type:RATIS, Factor:ONE, State:OPEN]
2019-11-04 16:01:58,682 [grpc-default-executor-0] INFO  impl.RaftServerProxy (RaftServerProxy.java:addNew(89)) - 81ff859e-e76f-43f5-951a-4a38422068cb: addNew group-1DBD9A727BD2:[81ff859e-e76f-43f5-951a-4a38422068cb:192.168.157.194:46532] returns group-1DBD9A727BD2:java.util.concurrent.CompletableFuture@659784e9[Not completed]
2019-11-04 16:01:58,693 [pool-52-thread-1] INFO  impl.RaftServerImpl (RaftServerImpl.java:<init>(104)) - 81ff859e-e76f-43f5-951a-4a38422068cb: new RaftServerImpl for group-1DBD9A727BD2:[81ff859e-e76f-43f5-951a-4a38422068cb:192.168.157.194:46532] with ContainerStateMachine:uninitialized
2019-11-04 16:01:58,694 [pool-52-thread-1] INFO  server.RaftServerConfigKeys (ConfUtils.java:logGet(43)) - raft.server.rpc.timeout.min = 5s (custom)
2019-11-04 16:01:58,695 [pool-52-thread-1] INFO  server.RaftServerConfigKeys (ConfUtils.java:logGet(43)) - raft.server.rpc.timeout.max = 5200ms (custom)
2019-11-04 16:01:58,695 [pool-52-thread-1] INFO  server.RaftServerConfigKeys (ConfUtils.java:logGet(43)) - raft.server.rpcslowness.timeout = 120s (custom)
2019-11-04 16:01:58,695 [pool-52-thread-1] INFO  server.RaftServerConfigKeys (ConfUtils.java:logGet(43)) - raft.server.sleep.deviation.threshold = 300 (default)
2019-11-04 16:01:58,695 [pool-52-thread-1] INFO  server.RaftServerConfigKeys (ConfUtils.java:logGet(43)) - raft.server.log.appender.install.snapshot.enabled = false (custom)
2019-11-04 16:01:58,695 [pool-52-thread-1] INFO  impl.RaftServerImpl (ServerState.java:<init>(103)) - 81ff859e-e76f-43f5-951a-4a38422068cb@group-1DBD9A727BD2: ConfigurationManager, init=-1: [81ff859e-e76f-43f5-951a-4a38422068cb:192.168.157.194:46532], old=null, confs=<EMPTY_MAP>
2019-11-04 16:01:58,696 [pool-52-thread-1] INFO  server.RaftServerConfigKeys (ConfUtils.java:logGet(43)) - raft.server.storage.dir = [/workdir/hadoop-ozone/integration-test/target/test-dir/MiniOzoneClusterImpl-cc4d3969-f36c-44f3-bda2-80f758632240/datanode-2/data/ratis] (custom)
2019-11-04 16:01:58,696 [pool-52-thread-1] INFO  server.RaftServerConfigKeys (ConfUtils.java:logGet(43)) - raft.server.log.corruption.policy = EXCEPTION (default)
2019-11-04 16:01:58,696 [pool-52-thread-1] INFO  storage.RaftStorageDirectory (RaftStorageDirectory.java:analyzeStorage(246)) - The storage directory /workdir/hadoop-ozone/integration-test/target/test-dir/MiniOzoneClusterImpl-cc4d3969-f36c-44f3-bda2-80f758632240/datanode-2/data/ratis/6aeff4f6-1108-43ae-a65b-1dbd9a727bd2 does not exist. Creating ...
2019-11-04 16:01:58,711 [pool-52-thread-1] INFO  storage.RaftStorageDirectory (RaftStorageDirectory.java:tryLock(328)) - Lock on /workdir/hadoop-ozone/integration-test/target/test-dir/MiniOzoneClusterImpl-cc4d3969-f36c-44f3-bda2-80f758632240/datanode-2/data/ratis/6aeff4f6-1108-43ae-a65b-1dbd9a727bd2/in_use.lock acquired by nodename 20096@pr-hdds-1643-sn7dj-2043761873
2019-11-04 16:01:58,724 [pool-52-thread-1] INFO  storage.RaftStorage (RaftStorage.java:format(84)) - Storage directory /workdir/hadoop-ozone/integration-test/target/test-dir/MiniOzoneClusterImpl-cc4d3969-f36c-44f3-bda2-80f758632240/datanode-2/data/ratis/6aeff4f6-1108-43ae-a65b-1dbd9a727bd2 has been successfully formatted.
2019-11-04 16:01:58,724 [pool-52-thread-1] INFO  ratis.ContainerStateMachine (ContainerStateMachine.java:loadSnapshot(231)) - group-1DBD9A727BD2: The snapshot info is null. Setting the last applied indexto:(t:0, i:~)
2019-11-04 16:01:58,725 [pool-52-thread-1] INFO  server.RaftServerConfigKeys (ConfUtils.java:logGet(43)) - raft.server.notification.no-leader.timeout = 120s (custom)
2019-11-04 16:01:58,725 [pool-52-thread-1] INFO  server.RaftServerConfigKeys (ConfUtils.java:logGet(43)) - raft.server.log.use.memory = false (default)
2019-11-04 16:01:58,726 [pool-52-thread-1] INFO  server.RaftServerConfigKeys (ConfUtils.java:logGet(43)) - raft.server.log.purge.gap = 1000000 (custom)
2019-11-04 16:01:58,726 [pool-52-thread-1] INFO  server.RaftServerConfigKeys (ConfUtils.java:logGet(43)) - raft.server.log.appender.buffer.byte-limit = 33554432 (custom)
2019-11-04 16:01:58,726 [pool-52-thread-1] INFO  server.RaftServerConfigKeys (ConfUtils.java:logGet(43)) - raft.server.log.segment.size.max = 1048576 (custom)
2019-11-04 16:01:58,730 [pool-52-thread-1] INFO  server.RaftServerConfigKeys (ConfUtils.java:logGet(43)) - raft.server.log.segment.cache.num.max = 2 (custom)
2019-11-04 16:01:58,730 [pool-52-thread-1] INFO  segmented.SegmentedRaftLogWorker (SegmentedRaftLogWorker.java:<init>(173)) - new 81ff859e-e76f-43f5-951a-4a38422068cb@group-1DBD9A727BD2-SegmentedRaftLogWorker for RaftStorage:Storage Directory /workdir/hadoop-ozone/integration-test/target/test-dir/MiniOzoneClusterImpl-cc4d3969-f36c-44f3-bda2-80f758632240/datanode-2/data/ratis/6aeff4f6-1108-43ae-a65b-1dbd9a727bd2
2019-11-04 16:01:58,731 [pool-52-thread-1] INFO  server.RaftServerConfigKeys (ConfUtils.java:logGet(43)) - raft.server.log.queue.byte-limit = 2147483647 (custom)
2019-11-04 16:01:58,731 [pool-52-thread-1] INFO  server.RaftServerConfigKeys (ConfUtils.java:logGet(43)) - raft.server.log.queue.element-limit = 1024 (custom)
2019-11-04 16:01:58,731 [pool-52-thread-1] INFO  server.RaftServerConfigKeys (ConfUtils.java:logGet(43)) - raft.server.log.segment.size.max = 1048576 (custom)
2019-11-04 16:01:58,731 [pool-52-thread-1] INFO  server.RaftServerConfigKeys (ConfUtils.java:logGet(43)) - raft.server.log.preallocated.size = 16384 (custom)
2019-11-04 16:01:58,731 [pool-52-thread-1] INFO  server.RaftServerConfigKeys (ConfUtils.java:logGet(43)) - raft.server.log.write.buffer.size = 33554432 (custom)
2019-11-04 16:01:58,732 [pool-52-thread-1] INFO  server.RaftServerConfigKeys (ConfUtils.java:logGet(43)) - raft.server.log.force.sync.num = 128 (default)
2019-11-04 16:01:58,732 [pool-52-thread-1] INFO  server.RaftServerConfigKeys (ConfUtils.java:logGet(43)) - raft.server.log.statemachine.data.sync = true (default)
2019-11-04 16:01:58,732 [pool-52-thread-1] INFO  server.RaftServerConfigKeys (ConfUtils.java:logGet(43)) - raft.server.log.statemachine.data.sync.timeout = 10s (default)
2019-11-04 16:01:58,732 [pool-52-thread-1] INFO  server.RaftServerConfigKeys (ConfUtils.java:logGet(43)) - raft.server.log.statemachine.data.sync.timeout.retry = -1 (default)
2019-11-04 16:01:58,733 [pool-52-thread-1] INFO  server.RaftServerConfigKeys (ConfUtils.java:logGet(43)) - raft.server.log.statemachine.data.caching.enabled = true (custom)
2019-11-04 16:01:58,733 [pool-52-thread-1] INFO  segmented.SegmentedRaftLogWorker (SegmentedRaftLogWorker.java:lambda$new$0(128)) - 81ff859e-e76f-43f5-951a-4a38422068cb@group-1DBD9A727BD2-SegmentedRaftLogWorker: flushIndex: setUnconditionally 0 -> -1
2019-11-04 16:01:58,734 [pool-52-thread-1] INFO  server.RaftServerConfigKeys (ConfUtils.java:logGet(43)) - raft.server.snapshot.auto.trigger.enabled = true (custom)
2019-11-04 16:01:58,734 [pool-52-thread-1] INFO  server.RaftServerConfigKeys (ConfUtils.java:logGet(43)) - raft.server.snapshot.auto.trigger.threshold = 10000 (custom)
2019-11-04 16:01:58,734 [pool-52-thread-1] INFO  server.RaftServerConfigKeys (ConfUtils.java:logGet(43)) - raft.server.snapshot.retention.file.num = 5 (custom)
2019-11-04 16:01:58,734 [pool-52-thread-1] INFO  server.RaftServerConfigKeys (ConfUtils.java:logGet(43)) - raft.server.retrycache.expirytime = 600000ms (custom)
2019-11-04 16:01:58,740 [pool-52-thread-1] INFO  impl.RaftServerImpl (RaftServerImpl.java:start(195)) - 81ff859e-e76f-43f5-951a-4a38422068cb@group-1DBD9A727BD2: start as a follower, conf=-1: [81ff859e-e76f-43f5-951a-4a38422068cb:192.168.157.194:46532], old=null
2019-11-04 16:01:58,741 [pool-52-thread-1] INFO  impl.RaftServerImpl (RaftServerImpl.java:setRole(184)) - 81ff859e-e76f-43f5-951a-4a38422068cb@group-1DBD9A727BD2: changes role from      null to FOLLOWER at term 0 for startAsFollower
2019-11-04 16:01:58,741 [pool-52-thread-1] INFO  impl.RoleInfo (RoleInfo.java:updateAndGet(143)) - 81ff859e-e76f-43f5-951a-4a38422068cb: start FollowerState
2019-11-04 16:01:58,741 [pool-52-thread-1] INFO  util.JmxRegister (JmxRegister.java:tryRegister(44)) - Successfully registered JMX Bean with object name Ratis:service=RaftServer,group=group-1DBD9A727BD2,id=81ff859e-e76f-43f5-951a-4a38422068cb
2019-11-04 16:01:58,747 [Thread-202] INFO  impl.FollowerState (FollowerState.java:run(108)) - e3fb79a3-1f86-42af-a80c-c46d1acdbc29@group-EE60B630392D-FollowerState: change to CANDIDATE, lastRpcTime:144ms, electionTimeout:143ms
2019-11-04 16:01:58,748 [Thread-202] INFO  impl.RoleInfo (RoleInfo.java:shutdownFollowerState(121)) - e3fb79a3-1f86-42af-a80c-c46d1acdbc29: shutdown FollowerState
2019-11-04 16:01:58,748 [Thread-202] INFO  impl.RaftServerImpl (RaftServerImpl.java:setRole(184)) - e3fb79a3-1f86-42af-a80c-c46d1acdbc29@group-EE60B630392D: changes role from  FOLLOWER to CANDIDATE at term 0 for changeToCandidate
2019-11-04 16:01:58,748 [Thread-202] INFO  impl.RoleInfo (RoleInfo.java:updateAndGet(143)) - e3fb79a3-1f86-42af-a80c-c46d1acdbc29: start LeaderElection
2019-11-04 16:01:58,758 [RatisPipelineUtilsThread] INFO  pipeline.PipelineStateManager (PipelineStateManager.java:addPipeline(56)) - Created pipeline Pipeline[ Id: 6aeff4f6-1108-43ae-a65b-1dbd9a727bd2, Nodes: 81ff859e-e76f-43f5-951a-4a38422068cb{ip: 192.168.157.194, host: pr-hdds-1643-sn7dj-2043761873, networkLocation: /rack1, certSerialId: null}, Type:RATIS, Factor:ONE, State:OPEN]
2019-11-04 16:01:58,767 [e3fb79a3-1f86-42af-a80c-c46d1acdbc29@group-EE60B630392D-LeaderElection2] INFO  impl.LeaderElection (LeaderElection.java:askForVotes(178)) - e3fb79a3-1f86-42af-a80c-c46d1acdbc29@group-EE60B630392D-LeaderElection2: begin an election at term 1 for -1: [e3fb79a3-1f86-42af-a80c-c46d1acdbc29:192.168.157.194:44142], old=null
2019-11-04 16:01:58,768 [e3fb79a3-1f86-42af-a80c-c46d1acdbc29@group-EE60B630392D-LeaderElection2] INFO  impl.RoleInfo (RoleInfo.java:shutdownLeaderElection(134)) - e3fb79a3-1f86-42af-a80c-c46d1acdbc29: shutdown LeaderElection
2019-11-04 16:01:58,768 [e3fb79a3-1f86-42af-a80c-c46d1acdbc29@group-EE60B630392D-LeaderElection2] INFO  impl.RaftServerImpl (RaftServerImpl.java:setRole(184)) - e3fb79a3-1f86-42af-a80c-c46d1acdbc29@group-EE60B630392D: changes role from CANDIDATE to LEADER at term 1 for changeToLeader
2019-11-04 16:01:58,768 [e3fb79a3-1f86-42af-a80c-c46d1acdbc29@group-EE60B630392D-LeaderElection2] INFO  impl.RaftServerImpl (ServerState.java:setLeader(256)) - e3fb79a3-1f86-42af-a80c-c46d1acdbc29@group-EE60B630392D: change Leader from null to e3fb79a3-1f86-42af-a80c-c46d1acdbc29 at term 1 for becomeLeader, leader elected after 187ms
2019-11-04 16:01:58,768 [e3fb79a3-1f86-42af-a80c-c46d1acdbc29@group-EE60B630392D-LeaderElection2] INFO  server.RaftServerConfigKeys (ConfUtils.java:logGet(43)) - raft.server.staging.catchup.gap = 1000 (default)
2019-11-04 16:01:58,769 [e3fb79a3-1f86-42af-a80c-c46d1acdbc29@group-EE60B630392D-LeaderElection2] INFO  server.RaftServerConfigKeys (ConfUtils.java:logGet(43)) - raft.server.rpc.sleep.time = 25ms (default)
2019-11-04 16:01:58,769 [e3fb79a3-1f86-42af-a80c-c46d1acdbc29@group-EE60B630392D-LeaderElection2] INFO  server.RaftServerConfigKeys (ConfUtils.java:logGet(43)) - raft.server.write.element-limit = 4096 (default)
2019-11-04 16:01:58,769 [e3fb79a3-1f86-42af-a80c-c46d1acdbc29@group-EE60B630392D-LeaderElection2] INFO  server.RaftServerConfigKeys (ConfUtils.java:logGet(43)) - raft.server.watch.timeout = 10s (default)
2019-11-04 16:01:58,769 [e3fb79a3-1f86-42af-a80c-c46d1acdbc29@group-EE60B630392D-LeaderElection2] INFO  server.RaftServerConfigKeys (ConfUtils.java:logGet(43)) - raft.server.watch.timeout.denomination = 1s (default)
2019-11-04 16:01:58,769 [e3fb79a3-1f86-42af-a80c-c46d1acdbc29@group-EE60B630392D-LeaderElection2] INFO  server.RaftServerConfigKeys (ConfUtils.java:logGet(43)) - raft.server.watch.element-limit = 65536 (default)
2019-11-04 16:01:58,773 [e3fb79a3-1f86-42af-a80c-c46d1acdbc29@group-EE60B630392D-LeaderElection2] INFO  impl.RoleInfo (RoleInfo.java:updateAndGet(143)) - e3fb79a3-1f86-42af-a80c-c46d1acdbc29: start LeaderState
2019-11-04 16:01:58,774 [e3fb79a3-1f86-42af-a80c-c46d1acdbc29@group-EE60B630392D-LeaderElection2] INFO  segmented.SegmentedRaftLogWorker (SegmentedRaftLogWorker.java:startLogSegment(385)) - e3fb79a3-1f86-42af-a80c-c46d1acdbc29@group-EE60B630392D-SegmentedRaftLogWorker: Starting segment from index:0
2019-11-04 16:01:58,775 [grpc-default-executor-0] INFO  impl.RaftServerProxy (RaftServerProxy.java:addNew(89)) - a9143d84-6d7f-497d-b770-eb75585db3c7: addNew group-E59958DAA06C:[a9143d84-6d7f-497d-b770-eb75585db3c7:192.168.157.194:42126] returns group-E59958DAA06C:java.util.concurrent.CompletableFuture@10ae9b38[Not completed]
2019-11-04 16:01:58,775 [e3fb79a3-1f86-42af-a80c-c46d1acdbc29@group-EE60B630392D-LeaderElection2] INFO  impl.RaftServerImpl (ServerState.java:setRaftConf(357)) - e3fb79a3-1f86-42af-a80c-c46d1acdbc29@group-EE60B630392D: set configuration 0: [e3fb79a3-1f86-42af-a80c-c46d1acdbc29:192.168.157.194:44142], old=null at 0
2019-11-04 16:01:58,812 [pool-42-thread-1] INFO  impl.RaftServerImpl (RaftServerImpl.java:<init>(104)) - a9143d84-6d7f-497d-b770-eb75585db3c7: new RaftServerImpl for group-E59958DAA06C:[a9143d84-6d7f-497d-b770-eb75585db3c7:192.168.157.194:42126] with ContainerStateMachine:uninitialized
2019-11-04 16:01:58,819 [pool-42-thread-1] INFO  server.RaftServerConfigKeys (ConfUtils.java:logGet(43)) - raft.server.rpc.timeout.min = 5s (custom)
2019-11-04 16:01:58,819 [pool-42-thread-1] INFO  server.RaftServerConfigKeys (ConfUtils.java:logGet(43)) - raft.server.rpc.timeout.max = 5200ms (custom)
2019-11-04 16:01:58,820 [pool-42-thread-1] INFO  server.RaftServerConfigKeys (ConfUtils.java:logGet(43)) - raft.server.rpcslowness.timeout = 120s (custom)
2019-11-04 16:01:58,820 [pool-42-thread-1] INFO  server.RaftServerConfigKeys (ConfUtils.java:logGet(43)) - raft.server.sleep.deviation.threshold = 300 (default)
2019-11-04 16:01:58,820 [pool-42-thread-1] INFO  server.RaftServerConfigKeys (ConfUtils.java:logGet(43)) - raft.server.log.appender.install.snapshot.enabled = false (custom)
2019-11-04 16:01:58,820 [pool-42-thread-1] INFO  impl.RaftServerImpl (ServerState.java:<init>(103)) - a9143d84-6d7f-497d-b770-eb75585db3c7@group-E59958DAA06C: ConfigurationManager, init=-1: [a9143d84-6d7f-497d-b770-eb75585db3c7:192.168.157.194:42126], old=null, confs=<EMPTY_MAP>
2019-11-04 16:01:58,820 [pool-42-thread-1] INFO  server.RaftServerConfigKeys (ConfUtils.java:logGet(43)) - raft.server.storage.dir = [/workdir/hadoop-ozone/integration-test/target/test-dir/MiniOzoneClusterImpl-cc4d3969-f36c-44f3-bda2-80f758632240/datanode-1/data/ratis] (custom)
2019-11-04 16:01:58,821 [pool-42-thread-1] INFO  server.RaftServerConfigKeys (ConfUtils.java:logGet(43)) - raft.server.log.corruption.policy = EXCEPTION (default)
2019-11-04 16:01:58,821 [pool-42-thread-1] INFO  storage.RaftStorageDirectory (RaftStorageDirectory.java:analyzeStorage(246)) - The storage directory /workdir/hadoop-ozone/integration-test/target/test-dir/MiniOzoneClusterImpl-cc4d3969-f36c-44f3-bda2-80f758632240/datanode-1/data/ratis/1c38df22-5a1f-45e0-9fa8-e59958daa06c does not exist. Creating ...
2019-11-04 16:01:58,822 [Thread-205] INFO  impl.FollowerState (FollowerState.java:run(108)) - 81ff859e-e76f-43f5-951a-4a38422068cb@group-1DBD9A727BD2-FollowerState: change to CANDIDATE, lastRpcTime:81ms, electionTimeout:81ms
2019-11-04 16:01:58,822 [e3fb79a3-1f86-42af-a80c-c46d1acdbc29@group-EE60B630392D-SegmentedRaftLogWorker] INFO  segmented.SegmentedRaftLogWorker (SegmentedRaftLogWorker.java:execute(576)) - e3fb79a3-1f86-42af-a80c-c46d1acdbc29@group-EE60B630392D-SegmentedRaftLogWorker: created new log segment /workdir/hadoop-ozone/integration-test/target/test-dir/MiniOzoneClusterImpl-cc4d3969-f36c-44f3-bda2-80f758632240/datanode-0/data/ratis/347a0e49-64d4-4f63-89c8-ee60b630392d/current/log_inprogress_0
2019-11-04 16:01:58,823 [Thread-205] INFO  impl.RoleInfo (RoleInfo.java:shutdownFollowerState(121)) - 81ff859e-e76f-43f5-951a-4a38422068cb: shutdown FollowerState
2019-11-04 16:01:58,823 [Thread-205] INFO  impl.RaftServerImpl (RaftServerImpl.java:setRole(184)) - 81ff859e-e76f-43f5-951a-4a38422068cb@group-1DBD9A727BD2: changes role from  FOLLOWER to CANDIDATE at term 0 for changeToCandidate
2019-11-04 16:01:58,823 [Thread-205] INFO  impl.RoleInfo (RoleInfo.java:updateAndGet(143)) - 81ff859e-e76f-43f5-951a-4a38422068cb: start LeaderElection
2019-11-04 16:01:58,824 [pool-42-thread-1] INFO  storage.RaftStorageDirectory (RaftStorageDirectory.java:tryLock(328)) - Lock on /workdir/hadoop-ozone/integration-test/target/test-dir/MiniOzoneClusterImpl-cc4d3969-f36c-44f3-bda2-80f758632240/datanode-1/data/ratis/1c38df22-5a1f-45e0-9fa8-e59958daa06c/in_use.lock acquired by nodename 20096@pr-hdds-1643-sn7dj-2043761873
2019-11-04 16:01:58,829 [pool-42-thread-1] INFO  storage.RaftStorage (RaftStorage.java:format(84)) - Storage directory /workdir/hadoop-ozone/integration-test/target/test-dir/MiniOzoneClusterImpl-cc4d3969-f36c-44f3-bda2-80f758632240/datanode-1/data/ratis/1c38df22-5a1f-45e0-9fa8-e59958daa06c has been successfully formatted.
2019-11-04 16:01:58,829 [81ff859e-e76f-43f5-951a-4a38422068cb@group-1DBD9A727BD2-LeaderElection3] INFO  impl.LeaderElection (LeaderElection.java:askForVotes(178)) - 81ff859e-e76f-43f5-951a-4a38422068cb@group-1DBD9A727BD2-LeaderElection3: begin an election at term 1 for -1: [81ff859e-e76f-43f5-951a-4a38422068cb:192.168.157.194:46532], old=null
2019-11-04 16:01:58,830 [pool-42-thread-1] INFO  ratis.ContainerStateMachine (ContainerStateMachine.java:loadSnapshot(231)) - group-E59958DAA06C: The snapshot info is null. Setting the last applied indexto:(t:0, i:~)
2019-11-04 16:01:58,830 [81ff859e-e76f-43f5-951a-4a38422068cb@group-1DBD9A727BD2-LeaderElection3] INFO  impl.RoleInfo (RoleInfo.java:shutdownLeaderElection(134)) - 81ff859e-e76f-43f5-951a-4a38422068cb: shutdown LeaderElection
2019-11-04 16:01:58,830 [pool-42-thread-1] INFO  server.RaftServerConfigKeys (ConfUtils.java:logGet(43)) - raft.server.notification.no-leader.timeout = 120s (custom)
2019-11-04 16:01:58,830 [81ff859e-e76f-43f5-951a-4a38422068cb@group-1DBD9A727BD2-LeaderElection3] INFO  impl.RaftServerImpl (RaftServerImpl.java:setRole(184)) - 81ff859e-e76f-43f5-951a-4a38422068cb@group-1DBD9A727BD2: changes role from CANDIDATE to LEADER at term 1 for changeToLeader
2019-11-04 16:01:58,830 [pool-42-thread-1] INFO  server.RaftServerConfigKeys (ConfUtils.java:logGet(43)) - raft.server.log.use.memory = false (default)
2019-11-04 16:01:58,830 [81ff859e-e76f-43f5-951a-4a38422068cb@group-1DBD9A727BD2-LeaderElection3] INFO  impl.RaftServerImpl (ServerState.java:setLeader(256)) - 81ff859e-e76f-43f5-951a-4a38422068cb@group-1DBD9A727BD2: change Leader from null to 81ff859e-e76f-43f5-951a-4a38422068cb at term 1 for becomeLeader, leader elected after 104ms
2019-11-04 16:01:58,830 [pool-42-thread-1] INFO  server.RaftServerConfigKeys (ConfUtils.java:logGet(43)) - raft.server.log.purge.gap = 1000000 (custom)
2019-11-04 16:01:58,830 [81ff859e-e76f-43f5-951a-4a38422068cb@group-1DBD9A727BD2-LeaderElection3] INFO  server.RaftServerConfigKeys (ConfUtils.java:logGet(43)) - raft.server.staging.catchup.gap = 1000 (default)
2019-11-04 16:01:58,830 [pool-42-thread-1] INFO  server.RaftServerConfigKeys (ConfUtils.java:logGet(43)) - raft.server.log.appender.buffer.byte-limit = 33554432 (custom)
2019-11-04 16:01:58,831 [81ff859e-e76f-43f5-951a-4a38422068cb@group-1DBD9A727BD2-LeaderElection3] INFO  server.RaftServerConfigKeys (ConfUtils.java:logGet(43)) - raft.server.rpc.sleep.time = 25ms (default)
2019-11-04 16:01:58,831 [pool-42-thread-1] INFO  server.RaftServerConfigKeys (ConfUtils.java:logGet(43)) - raft.server.log.segment.size.max = 1048576 (custom)
2019-11-04 16:01:58,831 [81ff859e-e76f-43f5-951a-4a38422068cb@group-1DBD9A727BD2-LeaderElection3] INFO  server.RaftServerConfigKeys (ConfUtils.java:logGet(43)) - raft.server.write.element-limit = 4096 (default)
2019-11-04 16:01:58,831 [81ff859e-e76f-43f5-951a-4a38422068cb@group-1DBD9A727BD2-LeaderElection3] INFO  server.RaftServerConfigKeys (ConfUtils.java:logGet(43)) - raft.server.watch.timeout = 10s (default)
2019-11-04 16:01:58,831 [81ff859e-e76f-43f5-951a-4a38422068cb@group-1DBD9A727BD2-LeaderElection3] INFO  server.RaftServerConfigKeys (ConfUtils.java:logGet(43)) - raft.server.watch.timeout.denomination = 1s (default)
2019-11-04 16:01:58,832 [81ff859e-e76f-43f5-951a-4a38422068cb@group-1DBD9A727BD2-LeaderElection3] INFO  server.RaftServerConfigKeys (ConfUtils.java:logGet(43)) - raft.server.watch.element-limit = 65536 (default)
2019-11-04 16:01:58,834 [pool-42-thread-1] INFO  server.RaftServerConfigKeys (ConfUtils.java:logGet(43)) - raft.server.log.segment.cache.num.max = 2 (custom)
2019-11-04 16:01:58,834 [pool-42-thread-1] INFO  segmented.SegmentedRaftLogWorker (SegmentedRaftLogWorker.java:<init>(173)) - new a9143d84-6d7f-497d-b770-eb75585db3c7@group-E59958DAA06C-SegmentedRaftLogWorker for RaftStorage:Storage Directory /workdir/hadoop-ozone/integration-test/target/test-dir/MiniOzoneClusterImpl-cc4d3969-f36c-44f3-bda2-80f758632240/datanode-1/data/ratis/1c38df22-5a1f-45e0-9fa8-e59958daa06c
2019-11-04 16:01:58,834 [pool-42-thread-1] INFO  server.RaftServerConfigKeys (ConfUtils.java:logGet(43)) - raft.server.log.queue.byte-limit = 2147483647 (custom)
2019-11-04 16:01:58,834 [pool-42-thread-1] INFO  server.RaftServerConfigKeys (ConfUtils.java:logGet(43)) - raft.server.log.queue.element-limit = 1024 (custom)
2019-11-04 16:01:58,834 [pool-42-thread-1] INFO  server.RaftServerConfigKeys (ConfUtils.java:logGet(43)) - raft.server.log.segment.size.max = 1048576 (custom)
2019-11-04 16:01:58,834 [pool-42-thread-1] INFO  server.RaftServerConfigKeys (ConfUtils.java:logGet(43)) - raft.server.log.preallocated.size = 16384 (custom)
2019-11-04 16:01:58,835 [pool-42-thread-1] INFO  server.RaftServerConfigKeys (ConfUtils.java:logGet(43)) - raft.server.log.write.buffer.size = 33554432 (custom)
2019-11-04 16:01:58,835 [pool-42-thread-1] INFO  server.RaftServerConfigKeys (ConfUtils.java:logGet(43)) - raft.server.log.force.sync.num = 128 (default)
2019-11-04 16:01:58,835 [pool-42-thread-1] INFO  server.RaftServerConfigKeys (ConfUtils.java:logGet(43)) - raft.server.log.statemachine.data.sync = true (default)
2019-11-04 16:01:58,835 [pool-42-thread-1] INFO  server.RaftServerConfigKeys (ConfUtils.java:logGet(43)) - raft.server.log.statemachine.data.sync.timeout = 10s (default)
2019-11-04 16:01:58,835 [pool-42-thread-1] INFO  server.RaftServerConfigKeys (ConfUtils.java:logGet(43)) - raft.server.log.statemachine.data.sync.timeout.retry = -1 (default)
2019-11-04 16:01:58,835 [81ff859e-e76f-43f5-951a-4a38422068cb@group-1DBD9A727BD2-LeaderElection3] INFO  impl.RoleInfo (RoleInfo.java:updateAndGet(143)) - 81ff859e-e76f-43f5-951a-4a38422068cb: start LeaderState
2019-11-04 16:01:58,835 [pool-42-thread-1] INFO  server.RaftServerConfigKeys (ConfUtils.java:logGet(43)) - raft.server.log.statemachine.data.caching.enabled = true (custom)
2019-11-04 16:01:58,836 [81ff859e-e76f-43f5-951a-4a38422068cb@group-1DBD9A727BD2-LeaderElection3] INFO  segmented.SegmentedRaftLogWorker (SegmentedRaftLogWorker.java:startLogSegment(385)) - 81ff859e-e76f-43f5-951a-4a38422068cb@group-1DBD9A727BD2-SegmentedRaftLogWorker: Starting segment from index:0
2019-11-04 16:01:58,836 [pool-42-thread-1] INFO  segmented.SegmentedRaftLogWorker (SegmentedRaftLogWorker.java:lambda$new$0(128)) - a9143d84-6d7f-497d-b770-eb75585db3c7@group-E59958DAA06C-SegmentedRaftLogWorker: flushIndex: setUnconditionally 0 -> -1
2019-11-04 16:01:58,836 [pool-42-thread-1] INFO  server.RaftServerConfigKeys (ConfUtils.java:logGet(43)) - raft.server.snapshot.auto.trigger.enabled = true (custom)
2019-11-04 16:01:58,836 [81ff859e-e76f-43f5-951a-4a38422068cb@group-1DBD9A727BD2-LeaderElection3] INFO  impl.RaftServerImpl (ServerState.java:setRaftConf(357)) - 81ff859e-e76f-43f5-951a-4a38422068cb@group-1DBD9A727BD2: set configuration 0: [81ff859e-e76f-43f5-951a-4a38422068cb:192.168.157.194:46532], old=null at 0
2019-11-04 16:01:58,836 [pool-42-thread-1] INFO  server.RaftServerConfigKeys (ConfUtils.java:logGet(43)) - raft.server.snapshot.auto.trigger.threshold = 10000 (custom)
2019-11-04 16:01:58,860 [pool-42-thread-1] INFO  server.RaftServerConfigKeys (ConfUtils.java:logGet(43)) - raft.server.snapshot.retention.file.num = 5 (custom)
2019-11-04 16:01:58,860 [pool-42-thread-1] INFO  server.RaftServerConfigKeys (ConfUtils.java:logGet(43)) - raft.server.retrycache.expirytime = 600000ms (custom)
2019-11-04 16:01:58,864 [81ff859e-e76f-43f5-951a-4a38422068cb@group-1DBD9A727BD2-SegmentedRaftLogWorker] INFO  segmented.SegmentedRaftLogWorker (SegmentedRaftLogWorker.java:execute(576)) - 81ff859e-e76f-43f5-951a-4a38422068cb@group-1DBD9A727BD2-SegmentedRaftLogWorker: created new log segment /workdir/hadoop-ozone/integration-test/target/test-dir/MiniOzoneClusterImpl-cc4d3969-f36c-44f3-bda2-80f758632240/datanode-2/data/ratis/6aeff4f6-1108-43ae-a65b-1dbd9a727bd2/current/log_inprogress_0
2019-11-04 16:01:58,864 [pool-42-thread-1] INFO  impl.RaftServerImpl (RaftServerImpl.java:start(195)) - a9143d84-6d7f-497d-b770-eb75585db3c7@group-E59958DAA06C: start as a follower, conf=-1: [a9143d84-6d7f-497d-b770-eb75585db3c7:192.168.157.194:42126], old=null
2019-11-04 16:01:58,865 [pool-42-thread-1] INFO  impl.RaftServerImpl (RaftServerImpl.java:setRole(184)) - a9143d84-6d7f-497d-b770-eb75585db3c7@group-E59958DAA06C: changes role from      null to FOLLOWER at term 0 for startAsFollower
2019-11-04 16:01:58,865 [pool-42-thread-1] INFO  impl.RoleInfo (RoleInfo.java:updateAndGet(143)) - a9143d84-6d7f-497d-b770-eb75585db3c7: start FollowerState
2019-11-04 16:01:58,865 [pool-42-thread-1] INFO  util.JmxRegister (JmxRegister.java:tryRegister(44)) - Successfully registered JMX Bean with object name Ratis:service=RaftServer,group=group-E59958DAA06C,id=a9143d84-6d7f-497d-b770-eb75585db3c7
2019-11-04 16:01:58,878 [RatisPipelineUtilsThread] INFO  pipeline.PipelineStateManager (PipelineStateManager.java:addPipeline(56)) - Created pipeline Pipeline[ Id: 1c38df22-5a1f-45e0-9fa8-e59958daa06c, Nodes: a9143d84-6d7f-497d-b770-eb75585db3c7{ip: 192.168.157.194, host: pr-hdds-1643-sn7dj-2043761873, networkLocation: /rack1, certSerialId: null}, Type:RATIS, Factor:ONE, State:OPEN]
2019-11-04 16:01:58,894 [grpc-default-executor-0] INFO  impl.RaftServerProxy (RaftServerProxy.java:addNew(89)) - 2d0880bb-cfe0-41bf-8300-747e3a556689: addNew group-4BE68F65FD01:[2d0880bb-cfe0-41bf-8300-747e3a556689:192.168.157.194:34642] returns group-4BE68F65FD01:java.util.concurrent.CompletableFuture@705cd42d[Not completed]
2019-11-04 16:01:58,896 [pool-62-thread-1] INFO  impl.RaftServerImpl (RaftServerImpl.java:<init>(104)) - 2d0880bb-cfe0-41bf-8300-747e3a556689: new RaftServerImpl for group-4BE68F65FD01:[2d0880bb-cfe0-41bf-8300-747e3a556689:192.168.157.194:34642] with ContainerStateMachine:uninitialized
2019-11-04 16:01:58,897 [pool-62-thread-1] INFO  server.RaftServerConfigKeys (ConfUtils.java:logGet(43)) - raft.server.rpc.timeout.min = 5s (custom)
2019-11-04 16:01:58,897 [pool-62-thread-1] INFO  server.RaftServerConfigKeys (ConfUtils.java:logGet(43)) - raft.server.rpc.timeout.max = 5200ms (custom)
2019-11-04 16:01:58,897 [pool-62-thread-1] INFO  server.RaftServerConfigKeys (ConfUtils.java:logGet(43)) - raft.server.rpcslowness.timeout = 120s (custom)
2019-11-04 16:01:58,897 [pool-62-thread-1] INFO  server.RaftServerConfigKeys (ConfUtils.java:logGet(43)) - raft.server.sleep.deviation.threshold = 300 (default)
2019-11-04 16:01:58,897 [pool-62-thread-1] INFO  server.RaftServerConfigKeys (ConfUtils.java:logGet(43)) - raft.server.log.appender.install.snapshot.enabled = false (custom)
2019-11-04 16:01:58,898 [pool-62-thread-1] INFO  impl.RaftServerImpl (ServerState.java:<init>(103)) - 2d0880bb-cfe0-41bf-8300-747e3a556689@group-4BE68F65FD01: ConfigurationManager, init=-1: [2d0880bb-cfe0-41bf-8300-747e3a556689:192.168.157.194:34642], old=null, confs=<EMPTY_MAP>
2019-11-04 16:01:58,898 [pool-62-thread-1] INFO  server.RaftServerConfigKeys (ConfUtils.java:logGet(43)) - raft.server.storage.dir = [/workdir/hadoop-ozone/integration-test/target/test-dir/MiniOzoneClusterImpl-cc4d3969-f36c-44f3-bda2-80f758632240/datanode-3/data/ratis] (custom)
2019-11-04 16:01:58,898 [pool-62-thread-1] INFO  server.RaftServerConfigKeys (ConfUtils.java:logGet(43)) - raft.server.log.corruption.policy = EXCEPTION (default)
2019-11-04 16:01:58,899 [pool-62-thread-1] INFO  storage.RaftStorageDirectory (RaftStorageDirectory.java:analyzeStorage(246)) - The storage directory /workdir/hadoop-ozone/integration-test/target/test-dir/MiniOzoneClusterImpl-cc4d3969-f36c-44f3-bda2-80f758632240/datanode-3/data/ratis/9de64f8b-fac1-40f9-b285-4be68f65fd01 does not exist. Creating ...
2019-11-04 16:01:58,902 [pool-62-thread-1] INFO  storage.RaftStorageDirectory (RaftStorageDirectory.java:tryLock(328)) - Lock on /workdir/hadoop-ozone/integration-test/target/test-dir/MiniOzoneClusterImpl-cc4d3969-f36c-44f3-bda2-80f758632240/datanode-3/data/ratis/9de64f8b-fac1-40f9-b285-4be68f65fd01/in_use.lock acquired by nodename 20096@pr-hdds-1643-sn7dj-2043761873
2019-11-04 16:01:58,906 [pool-62-thread-1] INFO  storage.RaftStorage (RaftStorage.java:format(84)) - Storage directory /workdir/hadoop-ozone/integration-test/target/test-dir/MiniOzoneClusterImpl-cc4d3969-f36c-44f3-bda2-80f758632240/datanode-3/data/ratis/9de64f8b-fac1-40f9-b285-4be68f65fd01 has been successfully formatted.
2019-11-04 16:01:58,906 [pool-62-thread-1] INFO  ratis.ContainerStateMachine (ContainerStateMachine.java:loadSnapshot(231)) - group-4BE68F65FD01: The snapshot info is null. Setting the last applied indexto:(t:0, i:~)
2019-11-04 16:01:58,907 [pool-62-thread-1] INFO  server.RaftServerConfigKeys (ConfUtils.java:logGet(43)) - raft.server.notification.no-leader.timeout = 120s (custom)
2019-11-04 16:01:58,907 [pool-62-thread-1] INFO  server.RaftServerConfigKeys (ConfUtils.java:logGet(43)) - raft.server.log.use.memory = false (default)
2019-11-04 16:01:58,907 [pool-62-thread-1] INFO  server.RaftServerConfigKeys (ConfUtils.java:logGet(43)) - raft.server.log.purge.gap = 1000000 (custom)
2019-11-04 16:01:58,907 [pool-62-thread-1] INFO  server.RaftServerConfigKeys (ConfUtils.java:logGet(43)) - raft.server.log.appender.buffer.byte-limit = 33554432 (custom)
2019-11-04 16:01:58,907 [pool-62-thread-1] INFO  server.RaftServerConfigKeys (ConfUtils.java:logGet(43)) - raft.server.log.segment.size.max = 1048576 (custom)
2019-11-04 16:01:58,910 [pool-62-thread-1] INFO  server.RaftServerConfigKeys (ConfUtils.java:logGet(43)) - raft.server.log.segment.cache.num.max = 2 (custom)
2019-11-04 16:01:58,910 [pool-62-thread-1] INFO  segmented.SegmentedRaftLogWorker (SegmentedRaftLogWorker.java:<init>(173)) - new 2d0880bb-cfe0-41bf-8300-747e3a556689@group-4BE68F65FD01-SegmentedRaftLogWorker for RaftStorage:Storage Directory /workdir/hadoop-ozone/integration-test/target/test-dir/MiniOzoneClusterImpl-cc4d3969-f36c-44f3-bda2-80f758632240/datanode-3/data/ratis/9de64f8b-fac1-40f9-b285-4be68f65fd01
2019-11-04 16:01:58,910 [pool-62-thread-1] INFO  server.RaftServerConfigKeys (ConfUtils.java:logGet(43)) - raft.server.log.queue.byte-limit = 2147483647 (custom)
2019-11-04 16:01:58,911 [pool-62-thread-1] INFO  server.RaftServerConfigKeys (ConfUtils.java:logGet(43)) - raft.server.log.queue.element-limit = 1024 (custom)
2019-11-04 16:01:58,911 [pool-62-thread-1] INFO  server.RaftServerConfigKeys (ConfUtils.java:logGet(43)) - raft.server.log.segment.size.max = 1048576 (custom)
2019-11-04 16:01:58,911 [pool-62-thread-1] INFO  server.RaftServerConfigKeys (ConfUtils.java:logGet(43)) - raft.server.log.preallocated.size = 16384 (custom)
2019-11-04 16:01:58,911 [pool-62-thread-1] INFO  server.RaftServerConfigKeys (ConfUtils.java:logGet(43)) - raft.server.log.write.buffer.size = 33554432 (custom)
2019-11-04 16:01:58,911 [pool-62-thread-1] INFO  server.RaftServerConfigKeys (ConfUtils.java:logGet(43)) - raft.server.log.force.sync.num = 128 (default)
2019-11-04 16:01:58,911 [pool-62-thread-1] INFO  server.RaftServerConfigKeys (ConfUtils.java:logGet(43)) - raft.server.log.statemachine.data.sync = true (default)
2019-11-04 16:01:58,912 [pool-62-thread-1] INFO  server.RaftServerConfigKeys (ConfUtils.java:logGet(43)) - raft.server.log.statemachine.data.sync.timeout = 10s (default)
2019-11-04 16:01:58,912 [pool-62-thread-1] INFO  server.RaftServerConfigKeys (ConfUtils.java:logGet(43)) - raft.server.log.statemachine.data.sync.timeout.retry = -1 (default)
2019-11-04 16:01:58,913 [pool-62-thread-1] INFO  server.RaftServerConfigKeys (ConfUtils.java:logGet(43)) - raft.server.log.statemachine.data.caching.enabled = true (custom)
2019-11-04 16:01:58,913 [pool-62-thread-1] INFO  segmented.SegmentedRaftLogWorker (SegmentedRaftLogWorker.java:lambda$new$0(128)) - 2d0880bb-cfe0-41bf-8300-747e3a556689@group-4BE68F65FD01-SegmentedRaftLogWorker: flushIndex: setUnconditionally 0 -> -1
2019-11-04 16:01:58,913 [pool-62-thread-1] INFO  server.RaftServerConfigKeys (ConfUtils.java:logGet(43)) - raft.server.snapshot.auto.trigger.enabled = true (custom)
2019-11-04 16:01:58,914 [pool-62-thread-1] INFO  server.RaftServerConfigKeys (ConfUtils.java:logGet(43)) - raft.server.snapshot.auto.trigger.threshold = 10000 (custom)
2019-11-04 16:01:58,914 [pool-62-thread-1] INFO  server.RaftServerConfigKeys (ConfUtils.java:logGet(43)) - raft.server.snapshot.retention.file.num = 5 (custom)
2019-11-04 16:01:58,914 [pool-62-thread-1] INFO  server.RaftServerConfigKeys (ConfUtils.java:logGet(43)) - raft.server.retrycache.expirytime = 600000ms (custom)
2019-11-04 16:01:58,919 [pool-62-thread-1] INFO  impl.RaftServerImpl (RaftServerImpl.java:start(195)) - 2d0880bb-cfe0-41bf-8300-747e3a556689@group-4BE68F65FD01: start as a follower, conf=-1: [2d0880bb-cfe0-41bf-8300-747e3a556689:192.168.157.194:34642], old=null
2019-11-04 16:01:58,920 [pool-62-thread-1] INFO  impl.RaftServerImpl (RaftServerImpl.java:setRole(184)) - 2d0880bb-cfe0-41bf-8300-747e3a556689@group-4BE68F65FD01: changes role from      null to FOLLOWER at term 0 for startAsFollower
2019-11-04 16:01:58,920 [pool-62-thread-1] INFO  impl.RoleInfo (RoleInfo.java:updateAndGet(143)) - 2d0880bb-cfe0-41bf-8300-747e3a556689: start FollowerState
2019-11-04 16:01:58,920 [pool-62-thread-1] INFO  util.JmxRegister (JmxRegister.java:tryRegister(44)) - Successfully registered JMX Bean with object name Ratis:service=RaftServer,group=group-4BE68F65FD01,id=2d0880bb-cfe0-41bf-8300-747e3a556689
2019-11-04 16:01:58,932 [RatisPipelineUtilsThread] INFO  pipeline.PipelineStateManager (PipelineStateManager.java:addPipeline(56)) - Created pipeline Pipeline[ Id: 9de64f8b-fac1-40f9-b285-4be68f65fd01, Nodes: 2d0880bb-cfe0-41bf-8300-747e3a556689{ip: 192.168.157.194, host: pr-hdds-1643-sn7dj-2043761873, networkLocation: /rack1, certSerialId: null}, Type:RATIS, Factor:ONE, State:OPEN]
2019-11-04 16:01:58,969 [grpc-default-executor-2] INFO  impl.RaftServerProxy (RaftServerProxy.java:addNew(89)) - e3fb79a3-1f86-42af-a80c-c46d1acdbc29: addNew group-7855C2F36E53:[e3fb79a3-1f86-42af-a80c-c46d1acdbc29:192.168.157.194:44142, 81ff859e-e76f-43f5-951a-4a38422068cb:192.168.157.194:46532, a9143d84-6d7f-497d-b770-eb75585db3c7:192.168.157.194:42126] returns group-7855C2F36E53:java.util.concurrent.CompletableFuture@7c8115fd[Not completed]
2019-11-04 16:01:58,970 [grpc-default-executor-1] INFO  impl.RaftServerProxy (RaftServerProxy.java:addNew(89)) - a9143d84-6d7f-497d-b770-eb75585db3c7: addNew group-7855C2F36E53:[e3fb79a3-1f86-42af-a80c-c46d1acdbc29:192.168.157.194:44142, 81ff859e-e76f-43f5-951a-4a38422068cb:192.168.157.194:46532, a9143d84-6d7f-497d-b770-eb75585db3c7:192.168.157.194:42126] returns group-7855C2F36E53:java.util.concurrent.CompletableFuture@369c084d[Not completed]
2019-11-04 16:01:58,970 [grpc-default-executor-0] INFO  impl.RaftServerProxy (RaftServerProxy.java:addNew(89)) - 81ff859e-e76f-43f5-951a-4a38422068cb: addNew group-7855C2F36E53:[e3fb79a3-1f86-42af-a80c-c46d1acdbc29:192.168.157.194:44142, 81ff859e-e76f-43f5-951a-4a38422068cb:192.168.157.194:46532, a9143d84-6d7f-497d-b770-eb75585db3c7:192.168.157.194:42126] returns group-7855C2F36E53:java.util.concurrent.CompletableFuture@62d63e61[Not completed]
2019-11-04 16:01:58,971 [pool-32-thread-1] INFO  impl.RaftServerImpl (RaftServerImpl.java:<init>(104)) - e3fb79a3-1f86-42af-a80c-c46d1acdbc29: new RaftServerImpl for group-7855C2F36E53:[e3fb79a3-1f86-42af-a80c-c46d1acdbc29:192.168.157.194:44142, 81ff859e-e76f-43f5-951a-4a38422068cb:192.168.157.194:46532, a9143d84-6d7f-497d-b770-eb75585db3c7:192.168.157.194:42126] with ContainerStateMachine:uninitialized
2019-11-04 16:01:58,972 [pool-32-thread-1] INFO  server.RaftServerConfigKeys (ConfUtils.java:logGet(43)) - raft.server.rpc.timeout.min = 5s (custom)
2019-11-04 16:01:58,972 [pool-32-thread-1] INFO  server.RaftServerConfigKeys (ConfUtils.java:logGet(43)) - raft.server.rpc.timeout.max = 5200ms (custom)
2019-11-04 16:01:58,972 [pool-32-thread-1] INFO  server.RaftServerConfigKeys (ConfUtils.java:logGet(43)) - raft.server.rpcslowness.timeout = 120s (custom)
2019-11-04 16:01:58,972 [pool-32-thread-1] INFO  server.RaftServerConfigKeys (ConfUtils.java:logGet(43)) - raft.server.sleep.deviation.threshold = 300 (default)
2019-11-04 16:01:58,972 [pool-32-thread-1] INFO  server.RaftServerConfigKeys (ConfUtils.java:logGet(43)) - raft.server.log.appender.install.snapshot.enabled = false (custom)
2019-11-04 16:01:58,972 [pool-32-thread-1] INFO  impl.RaftServerImpl (ServerState.java:<init>(103)) - e3fb79a3-1f86-42af-a80c-c46d1acdbc29@group-7855C2F36E53: ConfigurationManager, init=-1: [e3fb79a3-1f86-42af-a80c-c46d1acdbc29:192.168.157.194:44142, 81ff859e-e76f-43f5-951a-4a38422068cb:192.168.157.194:46532, a9143d84-6d7f-497d-b770-eb75585db3c7:192.168.157.194:42126], old=null, confs=<EMPTY_MAP>
2019-11-04 16:01:58,973 [pool-52-thread-1] INFO  impl.RaftServerImpl (RaftServerImpl.java:<init>(104)) - 81ff859e-e76f-43f5-951a-4a38422068cb: new RaftServerImpl for group-7855C2F36E53:[e3fb79a3-1f86-42af-a80c-c46d1acdbc29:192.168.157.194:44142, 81ff859e-e76f-43f5-951a-4a38422068cb:192.168.157.194:46532, a9143d84-6d7f-497d-b770-eb75585db3c7:192.168.157.194:42126] with ContainerStateMachine:uninitialized
2019-11-04 16:01:58,973 [pool-32-thread-1] INFO  server.RaftServerConfigKeys (ConfUtils.java:logGet(43)) - raft.server.storage.dir = [/workdir/hadoop-ozone/integration-test/target/test-dir/MiniOzoneClusterImpl-cc4d3969-f36c-44f3-bda2-80f758632240/datanode-0/data/ratis] (custom)
2019-11-04 16:01:58,973 [pool-52-thread-1] INFO  server.RaftServerConfigKeys (ConfUtils.java:logGet(43)) - raft.server.rpc.timeout.min = 5s (custom)
2019-11-04 16:01:58,973 [pool-52-thread-1] INFO  server.RaftServerConfigKeys (ConfUtils.java:logGet(43)) - raft.server.rpc.timeout.max = 5200ms (custom)
2019-11-04 16:01:58,973 [pool-32-thread-1] INFO  server.RaftServerConfigKeys (ConfUtils.java:logGet(43)) - raft.server.log.corruption.policy = EXCEPTION (default)
2019-11-04 16:01:58,973 [pool-52-thread-1] INFO  server.RaftServerConfigKeys (ConfUtils.java:logGet(43)) - raft.server.rpcslowness.timeout = 120s (custom)
2019-11-04 16:01:58,973 [pool-42-thread-1] INFO  impl.RaftServerImpl (RaftServerImpl.java:<init>(104)) - a9143d84-6d7f-497d-b770-eb75585db3c7: new RaftServerImpl for group-7855C2F36E53:[e3fb79a3-1f86-42af-a80c-c46d1acdbc29:192.168.157.194:44142, 81ff859e-e76f-43f5-951a-4a38422068cb:192.168.157.194:46532, a9143d84-6d7f-497d-b770-eb75585db3c7:192.168.157.194:42126] with ContainerStateMachine:uninitialized
2019-11-04 16:01:58,974 [pool-52-thread-1] INFO  server.RaftServerConfigKeys (ConfUtils.java:logGet(43)) - raft.server.sleep.deviation.threshold = 300 (default)
2019-11-04 16:01:58,974 [pool-32-thread-1] INFO  storage.RaftStorageDirectory (RaftStorageDirectory.java:analyzeStorage(246)) - The storage directory /workdir/hadoop-ozone/integration-test/target/test-dir/MiniOzoneClusterImpl-cc4d3969-f36c-44f3-bda2-80f758632240/datanode-0/data/ratis/e9b3cb73-12b6-46e0-af17-7855c2f36e53 does not exist. Creating ...
2019-11-04 16:01:58,974 [pool-52-thread-1] INFO  server.RaftServerConfigKeys (ConfUtils.java:logGet(43)) - raft.server.log.appender.install.snapshot.enabled = false (custom)
2019-11-04 16:01:58,974 [pool-42-thread-1] INFO  server.RaftServerConfigKeys (ConfUtils.java:logGet(43)) - raft.server.rpc.timeout.min = 5s (custom)
2019-11-04 16:01:58,974 [pool-52-thread-1] INFO  impl.RaftServerImpl (ServerState.java:<init>(103)) - 81ff859e-e76f-43f5-951a-4a38422068cb@group-7855C2F36E53: ConfigurationManager, init=-1: [e3fb79a3-1f86-42af-a80c-c46d1acdbc29:192.168.157.194:44142, 81ff859e-e76f-43f5-951a-4a38422068cb:192.168.157.194:46532, a9143d84-6d7f-497d-b770-eb75585db3c7:192.168.157.194:42126], old=null, confs=<EMPTY_MAP>
2019-11-04 16:01:58,974 [pool-42-thread-1] INFO  server.RaftServerConfigKeys (ConfUtils.java:logGet(43)) - raft.server.rpc.timeout.max = 5200ms (custom)
2019-11-04 16:01:58,974 [pool-42-thread-1] INFO  server.RaftServerConfigKeys (ConfUtils.java:logGet(43)) - raft.server.rpcslowness.timeout = 120s (custom)
2019-11-04 16:01:58,974 [pool-52-thread-1] INFO  server.RaftServerConfigKeys (ConfUtils.java:logGet(43)) - raft.server.storage.dir = [/workdir/hadoop-ozone/integration-test/target/test-dir/MiniOzoneClusterImpl-cc4d3969-f36c-44f3-bda2-80f758632240/datanode-2/data/ratis] (custom)
2019-11-04 16:01:58,975 [pool-42-thread-1] INFO  server.RaftServerConfigKeys (ConfUtils.java:logGet(43)) - raft.server.sleep.deviation.threshold = 300 (default)
2019-11-04 16:01:58,975 [pool-42-thread-1] INFO  server.RaftServerConfigKeys (ConfUtils.java:logGet(43)) - raft.server.log.appender.install.snapshot.enabled = false (custom)
2019-11-04 16:01:58,975 [pool-52-thread-1] INFO  server.RaftServerConfigKeys (ConfUtils.java:logGet(43)) - raft.server.log.corruption.policy = EXCEPTION (default)
2019-11-04 16:01:58,975 [pool-42-thread-1] INFO  impl.RaftServerImpl (ServerState.java:<init>(103)) - a9143d84-6d7f-497d-b770-eb75585db3c7@group-7855C2F36E53: ConfigurationManager, init=-1: [e3fb79a3-1f86-42af-a80c-c46d1acdbc29:192.168.157.194:44142, 81ff859e-e76f-43f5-951a-4a38422068cb:192.168.157.194:46532, a9143d84-6d7f-497d-b770-eb75585db3c7:192.168.157.194:42126], old=null, confs=<EMPTY_MAP>
2019-11-04 16:01:58,975 [pool-42-thread-1] INFO  server.RaftServerConfigKeys (ConfUtils.java:logGet(43)) - raft.server.storage.dir = [/workdir/hadoop-ozone/integration-test/target/test-dir/MiniOzoneClusterImpl-cc4d3969-f36c-44f3-bda2-80f758632240/datanode-1/data/ratis] (custom)
2019-11-04 16:01:58,975 [pool-52-thread-1] INFO  storage.RaftStorageDirectory (RaftStorageDirectory.java:analyzeStorage(246)) - The storage directory /workdir/hadoop-ozone/integration-test/target/test-dir/MiniOzoneClusterImpl-cc4d3969-f36c-44f3-bda2-80f758632240/datanode-2/data/ratis/e9b3cb73-12b6-46e0-af17-7855c2f36e53 does not exist. Creating ...
2019-11-04 16:01:58,975 [pool-42-thread-1] INFO  server.RaftServerConfigKeys (ConfUtils.java:logGet(43)) - raft.server.log.corruption.policy = EXCEPTION (default)
2019-11-04 16:01:58,976 [pool-42-thread-1] INFO  storage.RaftStorageDirectory (RaftStorageDirectory.java:analyzeStorage(246)) - The storage directory /workdir/hadoop-ozone/integration-test/target/test-dir/MiniOzoneClusterImpl-cc4d3969-f36c-44f3-bda2-80f758632240/datanode-1/data/ratis/e9b3cb73-12b6-46e0-af17-7855c2f36e53 does not exist. Creating ...
2019-11-04 16:01:58,985 [pool-52-thread-1] INFO  storage.RaftStorageDirectory (RaftStorageDirectory.java:tryLock(328)) - Lock on /workdir/hadoop-ozone/integration-test/target/test-dir/MiniOzoneClusterImpl-cc4d3969-f36c-44f3-bda2-80f758632240/datanode-2/data/ratis/e9b3cb73-12b6-46e0-af17-7855c2f36e53/in_use.lock acquired by nodename 20096@pr-hdds-1643-sn7dj-2043761873
2019-11-04 16:01:58,985 [pool-32-thread-1] INFO  storage.RaftStorageDirectory (RaftStorageDirectory.java:tryLock(328)) - Lock on /workdir/hadoop-ozone/integration-test/target/test-dir/MiniOzoneClusterImpl-cc4d3969-f36c-44f3-bda2-80f758632240/datanode-0/data/ratis/e9b3cb73-12b6-46e0-af17-7855c2f36e53/in_use.lock acquired by nodename 20096@pr-hdds-1643-sn7dj-2043761873
2019-11-04 16:01:58,985 [pool-42-thread-1] INFO  storage.RaftStorageDirectory (RaftStorageDirectory.java:tryLock(328)) - Lock on /workdir/hadoop-ozone/integration-test/target/test-dir/MiniOzoneClusterImpl-cc4d3969-f36c-44f3-bda2-80f758632240/datanode-1/data/ratis/e9b3cb73-12b6-46e0-af17-7855c2f36e53/in_use.lock acquired by nodename 20096@pr-hdds-1643-sn7dj-2043761873
2019-11-04 16:01:58,999 [pool-52-thread-1] INFO  storage.RaftStorage (RaftStorage.java:format(84)) - Storage directory /workdir/hadoop-ozone/integration-test/target/test-dir/MiniOzoneClusterImpl-cc4d3969-f36c-44f3-bda2-80f758632240/datanode-2/data/ratis/e9b3cb73-12b6-46e0-af17-7855c2f36e53 has been successfully formatted.
2019-11-04 16:01:58,999 [pool-42-thread-1] INFO  storage.RaftStorage (RaftStorage.java:format(84)) - Storage directory /workdir/hadoop-ozone/integration-test/target/test-dir/MiniOzoneClusterImpl-cc4d3969-f36c-44f3-bda2-80f758632240/datanode-1/data/ratis/e9b3cb73-12b6-46e0-af17-7855c2f36e53 has been successfully formatted.
2019-11-04 16:01:58,999 [pool-32-thread-1] INFO  storage.RaftStorage (RaftStorage.java:format(84)) - Storage directory /workdir/hadoop-ozone/integration-test/target/test-dir/MiniOzoneClusterImpl-cc4d3969-f36c-44f3-bda2-80f758632240/datanode-0/data/ratis/e9b3cb73-12b6-46e0-af17-7855c2f36e53 has been successfully formatted.
2019-11-04 16:01:58,999 [pool-52-thread-1] INFO  ratis.ContainerStateMachine (ContainerStateMachine.java:loadSnapshot(231)) - group-7855C2F36E53: The snapshot info is null. Setting the last applied indexto:(t:0, i:~)
2019-11-04 16:01:58,999 [pool-42-thread-1] INFO  ratis.ContainerStateMachine (ContainerStateMachine.java:loadSnapshot(231)) - group-7855C2F36E53: The snapshot info is null. Setting the last applied indexto:(t:0, i:~)
2019-11-04 16:01:58,999 [pool-32-thread-1] INFO  ratis.ContainerStateMachine (ContainerStateMachine.java:loadSnapshot(231)) - group-7855C2F36E53: The snapshot info is null. Setting the last applied indexto:(t:0, i:~)
2019-11-04 16:01:58,999 [pool-52-thread-1] INFO  server.RaftServerConfigKeys (ConfUtils.java:logGet(43)) - raft.server.notification.no-leader.timeout = 120s (custom)
2019-11-04 16:01:59,000 [pool-32-thread-1] INFO  server.RaftServerConfigKeys (ConfUtils.java:logGet(43)) - raft.server.notification.no-leader.timeout = 120s (custom)
2019-11-04 16:01:59,000 [pool-42-thread-1] INFO  server.RaftServerConfigKeys (ConfUtils.java:logGet(43)) - raft.server.notification.no-leader.timeout = 120s (custom)
2019-11-04 16:01:59,000 [pool-32-thread-1] INFO  server.RaftServerConfigKeys (ConfUtils.java:logGet(43)) - raft.server.log.use.memory = false (default)
2019-11-04 16:01:59,000 [pool-52-thread-1] INFO  server.RaftServerConfigKeys (ConfUtils.java:logGet(43)) - raft.server.log.use.memory = false (default)
2019-11-04 16:01:59,000 [pool-32-thread-1] INFO  server.RaftServerConfigKeys (ConfUtils.java:logGet(43)) - raft.server.log.purge.gap = 1000000 (custom)
2019-11-04 16:01:59,000 [pool-42-thread-1] INFO  server.RaftServerConfigKeys (ConfUtils.java:logGet(43)) - raft.server.log.use.memory = false (default)
2019-11-04 16:01:59,000 [pool-32-thread-1] INFO  server.RaftServerConfigKeys (ConfUtils.java:logGet(43)) - raft.server.log.appender.buffer.byte-limit = 33554432 (custom)
2019-11-04 16:01:59,001 [pool-42-thread-1] INFO  server.RaftServerConfigKeys (ConfUtils.java:logGet(43)) - raft.server.log.purge.gap = 1000000 (custom)
2019-11-04 16:01:59,000 [pool-52-thread-1] INFO  server.RaftServerConfigKeys (ConfUtils.java:logGet(43)) - raft.server.log.purge.gap = 1000000 (custom)
2019-11-04 16:01:59,001 [pool-42-thread-1] INFO  server.RaftServerConfigKeys (ConfUtils.java:logGet(43)) - raft.server.log.appender.buffer.byte-limit = 33554432 (custom)
2019-11-04 16:01:59,001 [pool-32-thread-1] INFO  server.RaftServerConfigKeys (ConfUtils.java:logGet(43)) - raft.server.log.segment.size.max = 1048576 (custom)
2019-11-04 16:01:59,001 [pool-42-thread-1] INFO  server.RaftServerConfigKeys (ConfUtils.java:logGet(43)) - raft.server.log.segment.size.max = 1048576 (custom)
2019-11-04 16:01:59,001 [pool-52-thread-1] INFO  server.RaftServerConfigKeys (ConfUtils.java:logGet(43)) - raft.server.log.appender.buffer.byte-limit = 33554432 (custom)
2019-11-04 16:01:59,002 [pool-42-thread-1] INFO  server.RaftServerConfigKeys (ConfUtils.java:logGet(43)) - raft.server.log.segment.cache.num.max = 2 (custom)
2019-11-04 16:01:59,001 [pool-32-thread-1] INFO  server.RaftServerConfigKeys (ConfUtils.java:logGet(43)) - raft.server.log.segment.cache.num.max = 2 (custom)
2019-11-04 16:01:59,002 [pool-52-thread-1] INFO  server.RaftServerConfigKeys (ConfUtils.java:logGet(43)) - raft.server.log.segment.size.max = 1048576 (custom)
2019-11-04 16:01:59,002 [pool-42-thread-1] INFO  segmented.SegmentedRaftLogWorker (SegmentedRaftLogWorker.java:<init>(173)) - new a9143d84-6d7f-497d-b770-eb75585db3c7@group-7855C2F36E53-SegmentedRaftLogWorker for RaftStorage:Storage Directory /workdir/hadoop-ozone/integration-test/target/test-dir/MiniOzoneClusterImpl-cc4d3969-f36c-44f3-bda2-80f758632240/datanode-1/data/ratis/e9b3cb73-12b6-46e0-af17-7855c2f36e53
2019-11-04 16:01:59,002 [pool-52-thread-1] INFO  server.RaftServerConfigKeys (ConfUtils.java:logGet(43)) - raft.server.log.segment.cache.num.max = 2 (custom)
2019-11-04 16:01:59,002 [pool-32-thread-1] INFO  segmented.SegmentedRaftLogWorker (SegmentedRaftLogWorker.java:<init>(173)) - new e3fb79a3-1f86-42af-a80c-c46d1acdbc29@group-7855C2F36E53-SegmentedRaftLogWorker for RaftStorage:Storage Directory /workdir/hadoop-ozone/integration-test/target/test-dir/MiniOzoneClusterImpl-cc4d3969-f36c-44f3-bda2-80f758632240/datanode-0/data/ratis/e9b3cb73-12b6-46e0-af17-7855c2f36e53
2019-11-04 16:01:59,003 [pool-52-thread-1] INFO  segmented.SegmentedRaftLogWorker (SegmentedRaftLogWorker.java:<init>(173)) - new 81ff859e-e76f-43f5-951a-4a38422068cb@group-7855C2F36E53-SegmentedRaftLogWorker for RaftStorage:Storage Directory /workdir/hadoop-ozone/integration-test/target/test-dir/MiniOzoneClusterImpl-cc4d3969-f36c-44f3-bda2-80f758632240/datanode-2/data/ratis/e9b3cb73-12b6-46e0-af17-7855c2f36e53
2019-11-04 16:01:59,002 [pool-42-thread-1] INFO  server.RaftServerConfigKeys (ConfUtils.java:logGet(43)) - raft.server.log.queue.byte-limit = 2147483647 (custom)
2019-11-04 16:01:59,003 [pool-52-thread-1] INFO  server.RaftServerConfigKeys (ConfUtils.java:logGet(43)) - raft.server.log.queue.byte-limit = 2147483647 (custom)
2019-11-04 16:01:59,003 [pool-32-thread-1] INFO  server.RaftServerConfigKeys (ConfUtils.java:logGet(43)) - raft.server.log.queue.byte-limit = 2147483647 (custom)
2019-11-04 16:01:59,003 [pool-52-thread-1] INFO  server.RaftServerConfigKeys (ConfUtils.java:logGet(43)) - raft.server.log.queue.element-limit = 1024 (custom)
2019-11-04 16:01:59,003 [pool-42-thread-1] INFO  server.RaftServerConfigKeys (ConfUtils.java:logGet(43)) - raft.server.log.queue.element-limit = 1024 (custom)
2019-11-04 16:01:59,003 [pool-52-thread-1] INFO  server.RaftServerConfigKeys (ConfUtils.java:logGet(43)) - raft.server.log.segment.size.max = 1048576 (custom)
2019-11-04 16:01:59,003 [pool-32-thread-1] INFO  server.RaftServerConfigKeys (ConfUtils.java:logGet(43)) - raft.server.log.queue.element-limit = 1024 (custom)
2019-11-04 16:01:59,004 [pool-52-thread-1] INFO  server.RaftServerConfigKeys (ConfUtils.java:logGet(43)) - raft.server.log.preallocated.size = 16384 (custom)
2019-11-04 16:01:59,004 [pool-42-thread-1] INFO  server.RaftServerConfigKeys (ConfUtils.java:logGet(43)) - raft.server.log.segment.size.max = 1048576 (custom)
2019-11-04 16:01:59,004 [pool-52-thread-1] INFO  server.RaftServerConfigKeys (ConfUtils.java:logGet(43)) - raft.server.log.write.buffer.size = 33554432 (custom)
2019-11-04 16:01:59,004 [pool-32-thread-1] INFO  server.RaftServerConfigKeys (ConfUtils.java:logGet(43)) - raft.server.log.segment.size.max = 1048576 (custom)
2019-11-04 16:01:59,004 [pool-52-thread-1] INFO  server.RaftServerConfigKeys (ConfUtils.java:logGet(43)) - raft.server.log.force.sync.num = 128 (default)
2019-11-04 16:01:59,004 [pool-42-thread-1] INFO  server.RaftServerConfigKeys (ConfUtils.java:logGet(43)) - raft.server.log.preallocated.size = 16384 (custom)
2019-11-04 16:01:59,004 [pool-52-thread-1] INFO  server.RaftServerConfigKeys (ConfUtils.java:logGet(43)) - raft.server.log.statemachine.data.sync = true (default)
2019-11-04 16:01:59,004 [pool-32-thread-1] INFO  server.RaftServerConfigKeys (ConfUtils.java:logGet(43)) - raft.server.log.preallocated.size = 16384 (custom)
2019-11-04 16:01:59,005 [pool-52-thread-1] INFO  server.RaftServerConfigKeys (ConfUtils.java:logGet(43)) - raft.server.log.statemachine.data.sync.timeout = 10s (default)
2019-11-04 16:01:59,004 [pool-42-thread-1] INFO  server.RaftServerConfigKeys (ConfUtils.java:logGet(43)) - raft.server.log.write.buffer.size = 33554432 (custom)
2019-11-04 16:01:59,005 [pool-52-thread-1] INFO  server.RaftServerConfigKeys (ConfUtils.java:logGet(43)) - raft.server.log.statemachine.data.sync.timeout.retry = -1 (default)
2019-11-04 16:01:59,005 [pool-32-thread-1] INFO  server.RaftServerConfigKeys (ConfUtils.java:logGet(43)) - raft.server.log.write.buffer.size = 33554432 (custom)
2019-11-04 16:01:59,005 [pool-42-thread-1] INFO  server.RaftServerConfigKeys (ConfUtils.java:logGet(43)) - raft.server.log.force.sync.num = 128 (default)
2019-11-04 16:01:59,005 [pool-52-thread-1] INFO  server.RaftServerConfigKeys (ConfUtils.java:logGet(43)) - raft.server.log.statemachine.data.caching.enabled = true (custom)
2019-11-04 16:01:59,005 [pool-32-thread-1] INFO  server.RaftServerConfigKeys (ConfUtils.java:logGet(43)) - raft.server.log.force.sync.num = 128 (default)
2019-11-04 16:01:59,006 [pool-42-thread-1] INFO  server.RaftServerConfigKeys (ConfUtils.java:logGet(43)) - raft.server.log.statemachine.data.sync = true (default)
2019-11-04 16:01:59,006 [pool-32-thread-1] INFO  server.RaftServerConfigKeys (ConfUtils.java:logGet(43)) - raft.server.log.statemachine.data.sync = true (default)
2019-11-04 16:01:59,006 [pool-42-thread-1] INFO  server.RaftServerConfigKeys (ConfUtils.java:logGet(43)) - raft.server.log.statemachine.data.sync.timeout = 10s (default)
2019-11-04 16:01:59,006 [pool-52-thread-1] INFO  segmented.SegmentedRaftLogWorker (SegmentedRaftLogWorker.java:lambda$new$0(128)) - 81ff859e-e76f-43f5-951a-4a38422068cb@group-7855C2F36E53-SegmentedRaftLogWorker: flushIndex: setUnconditionally 0 -> -1
2019-11-04 16:01:59,006 [pool-42-thread-1] INFO  server.RaftServerConfigKeys (ConfUtils.java:logGet(43)) - raft.server.log.statemachine.data.sync.timeout.retry = -1 (default)
2019-11-04 16:01:59,006 [pool-32-thread-1] INFO  server.RaftServerConfigKeys (ConfUtils.java:logGet(43)) - raft.server.log.statemachine.data.sync.timeout = 10s (default)
2019-11-04 16:01:59,006 [pool-32-thread-1] INFO  server.RaftServerConfigKeys (ConfUtils.java:logGet(43)) - raft.server.log.statemachine.data.sync.timeout.retry = -1 (default)
2019-11-04 16:01:59,007 [pool-42-thread-1] INFO  server.RaftServerConfigKeys (ConfUtils.java:logGet(43)) - raft.server.log.statemachine.data.caching.enabled = true (custom)
2019-11-04 16:01:59,006 [pool-52-thread-1] INFO  server.RaftServerConfigKeys (ConfUtils.java:logGet(43)) - raft.server.snapshot.auto.trigger.enabled = true (custom)
2019-11-04 16:01:59,007 [pool-32-thread-1] INFO  server.RaftServerConfigKeys (ConfUtils.java:logGet(43)) - raft.server.log.statemachine.data.caching.enabled = true (custom)
2019-11-04 16:01:59,007 [pool-52-thread-1] INFO  server.RaftServerConfigKeys (ConfUtils.java:logGet(43)) - raft.server.snapshot.auto.trigger.threshold = 10000 (custom)
2019-11-04 16:01:59,007 [pool-32-thread-1] INFO  segmented.SegmentedRaftLogWorker (SegmentedRaftLogWorker.java:lambda$new$0(128)) - e3fb79a3-1f86-42af-a80c-c46d1acdbc29@group-7855C2F36E53-SegmentedRaftLogWorker: flushIndex: setUnconditionally 0 -> -1
2019-11-04 16:01:59,007 [pool-42-thread-1] INFO  segmented.SegmentedRaftLogWorker (SegmentedRaftLogWorker.java:lambda$new$0(128)) - a9143d84-6d7f-497d-b770-eb75585db3c7@group-7855C2F36E53-SegmentedRaftLogWorker: flushIndex: setUnconditionally 0 -> -1
2019-11-04 16:01:59,007 [pool-52-thread-1] INFO  server.RaftServerConfigKeys (ConfUtils.java:logGet(43)) - raft.server.snapshot.retention.file.num = 5 (custom)
2019-11-04 16:01:59,007 [pool-32-thread-1] INFO  server.RaftServerConfigKeys (ConfUtils.java:logGet(43)) - raft.server.snapshot.auto.trigger.enabled = true (custom)
2019-11-04 16:01:59,008 [pool-42-thread-1] INFO  server.RaftServerConfigKeys (ConfUtils.java:logGet(43)) - raft.server.snapshot.auto.trigger.enabled = true (custom)
2019-11-04 16:01:59,008 [pool-52-thread-1] INFO  server.RaftServerConfigKeys (ConfUtils.java:logGet(43)) - raft.server.retrycache.expirytime = 600000ms (custom)
2019-11-04 16:01:59,008 [pool-32-thread-1] INFO  server.RaftServerConfigKeys (ConfUtils.java:logGet(43)) - raft.server.snapshot.auto.trigger.threshold = 10000 (custom)
2019-11-04 16:01:59,008 [pool-42-thread-1] INFO  server.RaftServerConfigKeys (ConfUtils.java:logGet(43)) - raft.server.snapshot.auto.trigger.threshold = 10000 (custom)
2019-11-04 16:01:59,008 [pool-32-thread-1] INFO  server.RaftServerConfigKeys (ConfUtils.java:logGet(43)) - raft.server.snapshot.retention.file.num = 5 (custom)
2019-11-04 16:01:59,008 [pool-42-thread-1] INFO  server.RaftServerConfigKeys (ConfUtils.java:logGet(43)) - raft.server.snapshot.retention.file.num = 5 (custom)
2019-11-04 16:01:59,008 [pool-32-thread-1] INFO  server.RaftServerConfigKeys (ConfUtils.java:logGet(43)) - raft.server.retrycache.expirytime = 600000ms (custom)
2019-11-04 16:01:59,009 [pool-42-thread-1] INFO  server.RaftServerConfigKeys (ConfUtils.java:logGet(43)) - raft.server.retrycache.expirytime = 600000ms (custom)
2019-11-04 16:01:59,013 [pool-52-thread-1] INFO  impl.RaftServerImpl (RaftServerImpl.java:start(195)) - 81ff859e-e76f-43f5-951a-4a38422068cb@group-7855C2F36E53: start as a follower, conf=-1: [e3fb79a3-1f86-42af-a80c-c46d1acdbc29:192.168.157.194:44142, 81ff859e-e76f-43f5-951a-4a38422068cb:192.168.157.194:46532, a9143d84-6d7f-497d-b770-eb75585db3c7:192.168.157.194:42126], old=null
2019-11-04 16:01:59,013 [pool-32-thread-1] INFO  impl.RaftServerImpl (RaftServerImpl.java:start(195)) - e3fb79a3-1f86-42af-a80c-c46d1acdbc29@group-7855C2F36E53: start as a follower, conf=-1: [e3fb79a3-1f86-42af-a80c-c46d1acdbc29:192.168.157.194:44142, 81ff859e-e76f-43f5-951a-4a38422068cb:192.168.157.194:46532, a9143d84-6d7f-497d-b770-eb75585db3c7:192.168.157.194:42126], old=null
2019-11-04 16:01:59,013 [pool-52-thread-1] INFO  impl.RaftServerImpl (RaftServerImpl.java:setRole(184)) - 81ff859e-e76f-43f5-951a-4a38422068cb@group-7855C2F36E53: changes role from      null to FOLLOWER at term 0 for startAsFollower
2019-11-04 16:01:59,013 [pool-32-thread-1] INFO  impl.RaftServerImpl (RaftServerImpl.java:setRole(184)) - e3fb79a3-1f86-42af-a80c-c46d1acdbc29@group-7855C2F36E53: changes role from      null to FOLLOWER at term 0 for startAsFollower
2019-11-04 16:01:59,013 [pool-52-thread-1] INFO  impl.RoleInfo (RoleInfo.java:updateAndGet(143)) - 81ff859e-e76f-43f5-951a-4a38422068cb: start FollowerState
2019-11-04 16:01:59,014 [pool-32-thread-1] INFO  impl.RoleInfo (RoleInfo.java:updateAndGet(143)) - e3fb79a3-1f86-42af-a80c-c46d1acdbc29: start FollowerState
2019-11-04 16:01:59,014 [pool-42-thread-1] INFO  impl.RaftServerImpl (RaftServerImpl.java:start(195)) - a9143d84-6d7f-497d-b770-eb75585db3c7@group-7855C2F36E53: start as a follower, conf=-1: [e3fb79a3-1f86-42af-a80c-c46d1acdbc29:192.168.157.194:44142, 81ff859e-e76f-43f5-951a-4a38422068cb:192.168.157.194:46532, a9143d84-6d7f-497d-b770-eb75585db3c7:192.168.157.194:42126], old=null
2019-11-04 16:01:59,014 [pool-52-thread-1] INFO  util.JmxRegister (JmxRegister.java:tryRegister(44)) - Successfully registered JMX Bean with object name Ratis:service=RaftServer,group=group-7855C2F36E53,id=81ff859e-e76f-43f5-951a-4a38422068cb
2019-11-04 16:01:59,014 [pool-42-thread-1] INFO  impl.RaftServerImpl (RaftServerImpl.java:setRole(184)) - a9143d84-6d7f-497d-b770-eb75585db3c7@group-7855C2F36E53: changes role from      null to FOLLOWER at term 0 for startAsFollower
2019-11-04 16:01:59,014 [pool-32-thread-1] INFO  util.JmxRegister (JmxRegister.java:tryRegister(44)) - Successfully registered JMX Bean with object name Ratis:service=RaftServer,group=group-7855C2F36E53,id=e3fb79a3-1f86-42af-a80c-c46d1acdbc29
2019-11-04 16:01:59,014 [pool-42-thread-1] INFO  impl.RoleInfo (RoleInfo.java:updateAndGet(143)) - a9143d84-6d7f-497d-b770-eb75585db3c7: start FollowerState
2019-11-04 16:01:59,015 [pool-42-thread-1] INFO  util.JmxRegister (JmxRegister.java:tryRegister(44)) - Successfully registered JMX Bean with object name Ratis:service=RaftServer,group=group-7855C2F36E53,id=a9143d84-6d7f-497d-b770-eb75585db3c7
2019-11-04 16:01:59,018 [Thread-220] INFO  impl.FollowerState (FollowerState.java:run(108)) - 81ff859e-e76f-43f5-951a-4a38422068cb@group-7855C2F36E53-FollowerState: change to CANDIDATE, lastRpcTime:4ms, electionTimeout:4ms
2019-11-04 16:01:59,019 [Thread-220] INFO  impl.RoleInfo (RoleInfo.java:shutdownFollowerState(121)) - 81ff859e-e76f-43f5-951a-4a38422068cb: shutdown FollowerState
2019-11-04 16:01:59,019 [Thread-220] INFO  impl.RaftServerImpl (RaftServerImpl.java:setRole(184)) - 81ff859e-e76f-43f5-951a-4a38422068cb@group-7855C2F36E53: changes role from  FOLLOWER to CANDIDATE at term 0 for changeToCandidate
2019-11-04 16:01:59,019 [Thread-220] INFO  impl.RoleInfo (RoleInfo.java:updateAndGet(143)) - 81ff859e-e76f-43f5-951a-4a38422068cb: start LeaderElection
2019-11-04 16:01:59,036 [81ff859e-e76f-43f5-951a-4a38422068cb@group-7855C2F36E53-LeaderElection4] INFO  impl.LeaderElection (LeaderElection.java:askForVotes(178)) - 81ff859e-e76f-43f5-951a-4a38422068cb@group-7855C2F36E53-LeaderElection4: begin an election at term 1 for -1: [e3fb79a3-1f86-42af-a80c-c46d1acdbc29:192.168.157.194:44142, 81ff859e-e76f-43f5-951a-4a38422068cb:192.168.157.194:46532, a9143d84-6d7f-497d-b770-eb75585db3c7:192.168.157.194:42126], old=null
2019-11-04 16:01:59,042 [RatisPipelineUtilsThread] INFO  pipeline.PipelineStateManager (PipelineStateManager.java:addPipeline(56)) - Created pipeline Pipeline[ Id: e9b3cb73-12b6-46e0-af17-7855c2f36e53, Nodes: 81ff859e-e76f-43f5-951a-4a38422068cb{ip: 192.168.157.194, host: pr-hdds-1643-sn7dj-2043761873, networkLocation: /rack1, certSerialId: null}e3fb79a3-1f86-42af-a80c-c46d1acdbc29{ip: 192.168.157.194, host: pr-hdds-1643-sn7dj-2043761873, networkLocation: /rack1, certSerialId: null}a9143d84-6d7f-497d-b770-eb75585db3c7{ip: 192.168.157.194, host: pr-hdds-1643-sn7dj-2043761873, networkLocation: /rack1, certSerialId: null}, Type:RATIS, Factor:THREE, State:OPEN]
2019-11-04 16:01:59,053 [Thread-221] INFO  impl.FollowerState (FollowerState.java:run(108)) - e3fb79a3-1f86-42af-a80c-c46d1acdbc29@group-7855C2F36E53-FollowerState: change to CANDIDATE, lastRpcTime:39ms, electionTimeout:38ms
2019-11-04 16:01:59,054 [Thread-221] INFO  impl.RoleInfo (RoleInfo.java:shutdownFollowerState(121)) - e3fb79a3-1f86-42af-a80c-c46d1acdbc29: shutdown FollowerState
2019-11-04 16:01:59,054 [Thread-221] INFO  impl.RaftServerImpl (RaftServerImpl.java:setRole(184)) - e3fb79a3-1f86-42af-a80c-c46d1acdbc29@group-7855C2F36E53: changes role from  FOLLOWER to CANDIDATE at term 0 for changeToCandidate
2019-11-04 16:01:59,055 [Thread-221] INFO  impl.RoleInfo (RoleInfo.java:updateAndGet(143)) - e3fb79a3-1f86-42af-a80c-c46d1acdbc29: start LeaderElection
2019-11-04 16:01:59,057 [Thread-212] INFO  impl.FollowerState (FollowerState.java:run(108)) - a9143d84-6d7f-497d-b770-eb75585db3c7@group-E59958DAA06C-FollowerState: change to CANDIDATE, lastRpcTime:192ms, electionTimeout:191ms
2019-11-04 16:01:59,059 [Thread-212] INFO  impl.RoleInfo (RoleInfo.java:shutdownFollowerState(121)) - a9143d84-6d7f-497d-b770-eb75585db3c7: shutdown FollowerState
2019-11-04 16:01:59,059 [Thread-212] INFO  impl.RaftServerImpl (RaftServerImpl.java:setRole(184)) - a9143d84-6d7f-497d-b770-eb75585db3c7@group-E59958DAA06C: changes role from  FOLLOWER to CANDIDATE at term 0 for changeToCandidate
2019-11-04 16:01:59,059 [Thread-212] INFO  impl.RoleInfo (RoleInfo.java:updateAndGet(143)) - a9143d84-6d7f-497d-b770-eb75585db3c7: start LeaderElection
2019-11-04 16:01:59,067 [grpc-default-executor-1] INFO  impl.RaftServerImpl (RaftServerImpl.java:setRole(184)) - a9143d84-6d7f-497d-b770-eb75585db3c7@group-7855C2F36E53: changes role from  FOLLOWER to FOLLOWER at term 1 for recognizeCandidate:81ff859e-e76f-43f5-951a-4a38422068cb
2019-11-04 16:01:59,068 [grpc-default-executor-1] INFO  impl.RoleInfo (RoleInfo.java:shutdownFollowerState(121)) - a9143d84-6d7f-497d-b770-eb75585db3c7: shutdown FollowerState
2019-11-04 16:01:59,068 [grpc-default-executor-1] INFO  impl.RoleInfo (RoleInfo.java:updateAndGet(143)) - a9143d84-6d7f-497d-b770-eb75585db3c7: start FollowerState
2019-11-04 16:01:59,068 [Thread-222] INFO  impl.FollowerState (FollowerState.java:run(117)) - a9143d84-6d7f-497d-b770-eb75585db3c7@group-7855C2F36E53-FollowerState was interrupted: java.lang.InterruptedException: sleep interrupted
2019-11-04 16:01:59,073 [a9143d84-6d7f-497d-b770-eb75585db3c7@group-E59958DAA06C-LeaderElection6] INFO  impl.LeaderElection (LeaderElection.java:askForVotes(178)) - a9143d84-6d7f-497d-b770-eb75585db3c7@group-E59958DAA06C-LeaderElection6: begin an election at term 1 for -1: [a9143d84-6d7f-497d-b770-eb75585db3c7:192.168.157.194:42126], old=null
2019-11-04 16:01:59,073 [e3fb79a3-1f86-42af-a80c-c46d1acdbc29@group-7855C2F36E53-LeaderElection5] INFO  impl.LeaderElection (LeaderElection.java:askForVotes(178)) - e3fb79a3-1f86-42af-a80c-c46d1acdbc29@group-7855C2F36E53-LeaderElection5: begin an election at term 1 for -1: [e3fb79a3-1f86-42af-a80c-c46d1acdbc29:192.168.157.194:44142, 81ff859e-e76f-43f5-951a-4a38422068cb:192.168.157.194:46532, a9143d84-6d7f-497d-b770-eb75585db3c7:192.168.157.194:42126], old=null
2019-11-04 16:01:59,073 [a9143d84-6d7f-497d-b770-eb75585db3c7@group-E59958DAA06C-LeaderElection6] INFO  impl.RoleInfo (RoleInfo.java:shutdownLeaderElection(134)) - a9143d84-6d7f-497d-b770-eb75585db3c7: shutdown LeaderElection
2019-11-04 16:01:59,073 [a9143d84-6d7f-497d-b770-eb75585db3c7@group-E59958DAA06C-LeaderElection6] INFO  impl.RaftServerImpl (RaftServerImpl.java:setRole(184)) - a9143d84-6d7f-497d-b770-eb75585db3c7@group-E59958DAA06C: changes role from CANDIDATE to LEADER at term 1 for changeToLeader
2019-11-04 16:01:59,073 [a9143d84-6d7f-497d-b770-eb75585db3c7@group-E59958DAA06C-LeaderElection6] INFO  impl.RaftServerImpl (ServerState.java:setLeader(256)) - a9143d84-6d7f-497d-b770-eb75585db3c7@group-E59958DAA06C: change Leader from null to a9143d84-6d7f-497d-b770-eb75585db3c7 at term 1 for becomeLeader, leader elected after 243ms
2019-11-04 16:01:59,074 [a9143d84-6d7f-497d-b770-eb75585db3c7@group-E59958DAA06C-LeaderElection6] INFO  server.RaftServerConfigKeys (ConfUtils.java:logGet(43)) - raft.server.staging.catchup.gap = 1000 (default)
2019-11-04 16:01:59,075 [a9143d84-6d7f-497d-b770-eb75585db3c7@group-E59958DAA06C-LeaderElection6] INFO  server.RaftServerConfigKeys (ConfUtils.java:logGet(43)) - raft.server.rpc.sleep.time = 25ms (default)
2019-11-04 16:01:59,075 [a9143d84-6d7f-497d-b770-eb75585db3c7@group-E59958DAA06C-LeaderElection6] INFO  server.RaftServerConfigKeys (ConfUtils.java:logGet(43)) - raft.server.write.element-limit = 4096 (default)
2019-11-04 16:01:59,075 [a9143d84-6d7f-497d-b770-eb75585db3c7@group-E59958DAA06C-LeaderElection6] INFO  server.RaftServerConfigKeys (ConfUtils.java:logGet(43)) - raft.server.watch.timeout = 10s (default)
2019-11-04 16:01:59,075 [a9143d84-6d7f-497d-b770-eb75585db3c7@group-E59958DAA06C-LeaderElection6] INFO  server.RaftServerConfigKeys (ConfUtils.java:logGet(43)) - raft.server.watch.timeout.denomination = 1s (default)
2019-11-04 16:01:59,075 [a9143d84-6d7f-497d-b770-eb75585db3c7@group-E59958DAA06C-LeaderElection6] INFO  server.RaftServerConfigKeys (ConfUtils.java:logGet(43)) - raft.server.watch.element-limit = 65536 (default)
2019-11-04 16:01:59,088 [81ff859e-e76f-43f5-951a-4a38422068cb@group-7855C2F36E53-LeaderElection4] INFO  impl.LeaderElection (LeaderElection.java:logAndReturn(56)) - 81ff859e-e76f-43f5-951a-4a38422068cb@group-7855C2F36E53-LeaderElection4: Election PASSED; received 1 response(s) [81ff859e-e76f-43f5-951a-4a38422068cb<-a9143d84-6d7f-497d-b770-eb75585db3c7#0:OK-t1] and 0 exception(s); 81ff859e-e76f-43f5-951a-4a38422068cb@group-7855C2F36E53:t1, leader=null, voted=81ff859e-e76f-43f5-951a-4a38422068cb, raftlog=81ff859e-e76f-43f5-951a-4a38422068cb@group-7855C2F36E53-SegmentedRaftLog:OPENED:c-1,f-1,i0, conf=-1: [e3fb79a3-1f86-42af-a80c-c46d1acdbc29:192.168.157.194:44142, 81ff859e-e76f-43f5-951a-4a38422068cb:192.168.157.194:46532, a9143d84-6d7f-497d-b770-eb75585db3c7:192.168.157.194:42126], old=null
2019-11-04 16:01:59,088 [81ff859e-e76f-43f5-951a-4a38422068cb@group-7855C2F36E53-LeaderElection4] INFO  impl.RoleInfo (RoleInfo.java:shutdownLeaderElection(134)) - 81ff859e-e76f-43f5-951a-4a38422068cb: shutdown LeaderElection
2019-11-04 16:01:59,088 [81ff859e-e76f-43f5-951a-4a38422068cb@group-7855C2F36E53-LeaderElection4] INFO  impl.RaftServerImpl (RaftServerImpl.java:setRole(184)) - 81ff859e-e76f-43f5-951a-4a38422068cb@group-7855C2F36E53: changes role from CANDIDATE to LEADER at term 1 for changeToLeader
2019-11-04 16:01:59,089 [81ff859e-e76f-43f5-951a-4a38422068cb@group-7855C2F36E53-LeaderElection4] INFO  impl.RaftServerImpl (ServerState.java:setLeader(256)) - 81ff859e-e76f-43f5-951a-4a38422068cb@group-7855C2F36E53: change Leader from null to 81ff859e-e76f-43f5-951a-4a38422068cb at term 1 for becomeLeader, leader elected after 88ms
2019-11-04 16:01:59,090 [81ff859e-e76f-43f5-951a-4a38422068cb@group-7855C2F36E53-LeaderElection4] INFO  server.RaftServerConfigKeys (ConfUtils.java:logGet(43)) - raft.server.staging.catchup.gap = 1000 (default)
2019-11-04 16:01:59,090 [81ff859e-e76f-43f5-951a-4a38422068cb@group-7855C2F36E53-LeaderElection4] INFO  server.RaftServerConfigKeys (ConfUtils.java:logGet(43)) - raft.server.rpc.sleep.time = 25ms (default)
2019-11-04 16:01:59,090 [a9143d84-6d7f-497d-b770-eb75585db3c7@group-E59958DAA06C-LeaderElection6] INFO  impl.RoleInfo (RoleInfo.java:updateAndGet(143)) - a9143d84-6d7f-497d-b770-eb75585db3c7: start LeaderState
2019-11-04 16:01:59,090 [81ff859e-e76f-43f5-951a-4a38422068cb@group-7855C2F36E53-LeaderElection4] INFO  server.RaftServerConfigKeys (ConfUtils.java:logGet(43)) - raft.server.write.element-limit = 4096 (default)
2019-11-04 16:01:59,091 [81ff859e-e76f-43f5-951a-4a38422068cb@group-7855C2F36E53-LeaderElection4] INFO  server.RaftServerConfigKeys (ConfUtils.java:logGet(43)) - raft.server.watch.timeout = 10s (default)
2019-11-04 16:01:59,092 [81ff859e-e76f-43f5-951a-4a38422068cb@group-7855C2F36E53-LeaderElection4] INFO  server.RaftServerConfigKeys (ConfUtils.java:logGet(43)) - raft.server.watch.timeout.denomination = 1s (default)
2019-11-04 16:01:59,092 [81ff859e-e76f-43f5-951a-4a38422068cb@group-7855C2F36E53-LeaderElection4] INFO  server.RaftServerConfigKeys (ConfUtils.java:logGet(43)) - raft.server.watch.element-limit = 65536 (default)
2019-11-04 16:01:59,092 [a9143d84-6d7f-497d-b770-eb75585db3c7@group-E59958DAA06C-LeaderElection6] INFO  segmented.SegmentedRaftLogWorker (SegmentedRaftLogWorker.java:startLogSegment(385)) - a9143d84-6d7f-497d-b770-eb75585db3c7@group-E59958DAA06C-SegmentedRaftLogWorker: Starting segment from index:0
2019-11-04 16:01:59,092 [a9143d84-6d7f-497d-b770-eb75585db3c7@group-E59958DAA06C-LeaderElection6] INFO  impl.RaftServerImpl (ServerState.java:setRaftConf(357)) - a9143d84-6d7f-497d-b770-eb75585db3c7@group-E59958DAA06C: set configuration 0: [a9143d84-6d7f-497d-b770-eb75585db3c7:192.168.157.194:42126], old=null at 0
2019-11-04 16:01:59,122 [Thread-215] INFO  impl.FollowerState (FollowerState.java:run(108)) - 2d0880bb-cfe0-41bf-8300-747e3a556689@group-4BE68F65FD01-FollowerState: change to CANDIDATE, lastRpcTime:202ms, electionTimeout:183ms
2019-11-04 16:01:59,123 [Thread-231] INFO  impl.FollowerState (FollowerState.java:run(108)) - a9143d84-6d7f-497d-b770-eb75585db3c7@group-7855C2F36E53-FollowerState: change to CANDIDATE, lastRpcTime:55ms, electionTimeout:44ms
2019-11-04 16:01:59,123 [Thread-215] INFO  impl.RoleInfo (RoleInfo.java:shutdownFollowerState(121)) - 2d0880bb-cfe0-41bf-8300-747e3a556689: shutdown FollowerState
2019-11-04 16:01:59,123 [Thread-231] INFO  impl.RoleInfo (RoleInfo.java:shutdownFollowerState(121)) - a9143d84-6d7f-497d-b770-eb75585db3c7: shutdown FollowerState
2019-11-04 16:01:59,123 [Thread-215] INFO  impl.RaftServerImpl (RaftServerImpl.java:setRole(184)) - 2d0880bb-cfe0-41bf-8300-747e3a556689@group-4BE68F65FD01: changes role from  FOLLOWER to CANDIDATE at term 0 for changeToCandidate
2019-11-04 16:01:59,123 [Thread-231] INFO  impl.RaftServerImpl (RaftServerImpl.java:setRole(184)) - a9143d84-6d7f-497d-b770-eb75585db3c7@group-7855C2F36E53: changes role from  FOLLOWER to CANDIDATE at term 1 for changeToCandidate
2019-11-04 16:01:59,125 [Thread-215] INFO  impl.RoleInfo (RoleInfo.java:updateAndGet(143)) - 2d0880bb-cfe0-41bf-8300-747e3a556689: start LeaderElection
2019-11-04 16:01:59,125 [Thread-231] INFO  impl.RoleInfo (RoleInfo.java:updateAndGet(143)) - a9143d84-6d7f-497d-b770-eb75585db3c7: start LeaderElection
2019-11-04 16:01:59,134 [81ff859e-e76f-43f5-951a-4a38422068cb@group-7855C2F36E53-LeaderElection4] INFO  server.RaftServerConfigKeys (ConfUtils.java:logGet(43)) - raft.server.log.appender.snapshot.chunk.size.max = 16MB (=16777216) (default)
2019-11-04 16:01:59,134 [81ff859e-e76f-43f5-951a-4a38422068cb@group-7855C2F36E53-LeaderElection4] INFO  server.RaftServerConfigKeys (ConfUtils.java:logGet(43)) - raft.server.log.appender.buffer.byte-limit = 33554432 (custom)
2019-11-04 16:01:59,135 [81ff859e-e76f-43f5-951a-4a38422068cb@group-7855C2F36E53-LeaderElection4] INFO  server.RaftServerConfigKeys (ConfUtils.java:logGet(43)) - raft.server.log.appender.buffer.element-limit = 1 (custom)
2019-11-04 16:01:59,135 [a9143d84-6d7f-497d-b770-eb75585db3c7@group-E59958DAA06C-SegmentedRaftLogWorker] INFO  segmented.SegmentedRaftLogWorker (SegmentedRaftLogWorker.java:execute(576)) - a9143d84-6d7f-497d-b770-eb75585db3c7@group-E59958DAA06C-SegmentedRaftLogWorker: created new log segment /workdir/hadoop-ozone/integration-test/target/test-dir/MiniOzoneClusterImpl-cc4d3969-f36c-44f3-bda2-80f758632240/datanode-1/data/ratis/1c38df22-5a1f-45e0-9fa8-e59958daa06c/current/log_inprogress_0
2019-11-04 16:01:59,135 [a9143d84-6d7f-497d-b770-eb75585db3c7@group-7855C2F36E53-LeaderElection8] INFO  impl.LeaderElection (LeaderElection.java:askForVotes(178)) - a9143d84-6d7f-497d-b770-eb75585db3c7@group-7855C2F36E53-LeaderElection8: begin an election at term 2 for -1: [e3fb79a3-1f86-42af-a80c-c46d1acdbc29:192.168.157.194:44142, 81ff859e-e76f-43f5-951a-4a38422068cb:192.168.157.194:46532, a9143d84-6d7f-497d-b770-eb75585db3c7:192.168.157.194:42126], old=null
2019-11-04 16:01:59,135 [2d0880bb-cfe0-41bf-8300-747e3a556689@group-4BE68F65FD01-LeaderElection7] INFO  impl.LeaderElection (LeaderElection.java:askForVotes(178)) - 2d0880bb-cfe0-41bf-8300-747e3a556689@group-4BE68F65FD01-LeaderElection7: begin an election at term 1 for -1: [2d0880bb-cfe0-41bf-8300-747e3a556689:192.168.157.194:34642], old=null
2019-11-04 16:01:59,136 [2d0880bb-cfe0-41bf-8300-747e3a556689@group-4BE68F65FD01-LeaderElection7] INFO  impl.RoleInfo (RoleInfo.java:shutdownLeaderElection(134)) - 2d0880bb-cfe0-41bf-8300-747e3a556689: shutdown LeaderElection
2019-11-04 16:01:59,136 [2d0880bb-cfe0-41bf-8300-747e3a556689@group-4BE68F65FD01-LeaderElection7] INFO  impl.RaftServerImpl (RaftServerImpl.java:setRole(184)) - 2d0880bb-cfe0-41bf-8300-747e3a556689@group-4BE68F65FD01: changes role from CANDIDATE to LEADER at term 1 for changeToLeader
2019-11-04 16:01:59,136 [2d0880bb-cfe0-41bf-8300-747e3a556689@group-4BE68F65FD01-LeaderElection7] INFO  impl.RaftServerImpl (ServerState.java:setLeader(256)) - 2d0880bb-cfe0-41bf-8300-747e3a556689@group-4BE68F65FD01: change Leader from null to 2d0880bb-cfe0-41bf-8300-747e3a556689 at term 1 for becomeLeader, leader elected after 229ms
2019-11-04 16:01:59,137 [2d0880bb-cfe0-41bf-8300-747e3a556689@group-4BE68F65FD01-LeaderElection7] INFO  server.RaftServerConfigKeys (ConfUtils.java:logGet(43)) - raft.server.staging.catchup.gap = 1000 (default)
2019-11-04 16:01:59,137 [2d0880bb-cfe0-41bf-8300-747e3a556689@group-4BE68F65FD01-LeaderElection7] INFO  server.RaftServerConfigKeys (ConfUtils.java:logGet(43)) - raft.server.rpc.sleep.time = 25ms (default)
2019-11-04 16:01:59,137 [2d0880bb-cfe0-41bf-8300-747e3a556689@group-4BE68F65FD01-LeaderElection7] INFO  server.RaftServerConfigKeys (ConfUtils.java:logGet(43)) - raft.server.write.element-limit = 4096 (default)
2019-11-04 16:01:59,137 [2d0880bb-cfe0-41bf-8300-747e3a556689@group-4BE68F65FD01-LeaderElection7] INFO  server.RaftServerConfigKeys (ConfUtils.java:logGet(43)) - raft.server.watch.timeout = 10s (default)
2019-11-04 16:01:59,138 [2d0880bb-cfe0-41bf-8300-747e3a556689@group-4BE68F65FD01-LeaderElection7] INFO  server.RaftServerConfigKeys (ConfUtils.java:logGet(43)) - raft.server.watch.timeout.denomination = 1s (default)
2019-11-04 16:01:59,139 [2d0880bb-cfe0-41bf-8300-747e3a556689@group-4BE68F65FD01-LeaderElection7] INFO  server.RaftServerConfigKeys (ConfUtils.java:logGet(43)) - raft.server.watch.element-limit = 65536 (default)
2019-11-04 16:01:59,144 [81ff859e-e76f-43f5-951a-4a38422068cb@group-7855C2F36E53-LeaderElection4] INFO  grpc.GrpcConfigKeys$Server (ConfUtils.java:logGet(43)) - raft.grpc.server.leader.outstanding.appends.max = 128 (default)
2019-11-04 16:01:59,144 [81ff859e-e76f-43f5-951a-4a38422068cb@group-7855C2F36E53-LeaderElection4] INFO  server.RaftServerConfigKeys (ConfUtils.java:logGet(43)) - raft.server.rpc.request.timeout = 3000ms (default)
2019-11-04 16:01:59,145 [81ff859e-e76f-43f5-951a-4a38422068cb@group-7855C2F36E53-LeaderElection4] INFO  server.RaftServerConfigKeys (ConfUtils.java:logGet(43)) - raft.server.log.appender.install.snapshot.enabled = false (custom)
2019-11-04 16:01:59,146 [2d0880bb-cfe0-41bf-8300-747e3a556689@group-4BE68F65FD01-LeaderElection7] INFO  impl.RoleInfo (RoleInfo.java:updateAndGet(143)) - 2d0880bb-cfe0-41bf-8300-747e3a556689: start LeaderState
2019-11-04 16:01:59,146 [2d0880bb-cfe0-41bf-8300-747e3a556689@group-4BE68F65FD01-LeaderElection7] INFO  segmented.SegmentedRaftLogWorker (SegmentedRaftLogWorker.java:startLogSegment(385)) - 2d0880bb-cfe0-41bf-8300-747e3a556689@group-4BE68F65FD01-SegmentedRaftLogWorker: Starting segment from index:0
2019-11-04 16:01:59,147 [2d0880bb-cfe0-41bf-8300-747e3a556689@group-4BE68F65FD01-LeaderElection7] INFO  impl.RaftServerImpl (ServerState.java:setRaftConf(357)) - 2d0880bb-cfe0-41bf-8300-747e3a556689@group-4BE68F65FD01: set configuration 0: [2d0880bb-cfe0-41bf-8300-747e3a556689:192.168.157.194:34642], old=null at 0
2019-11-04 16:01:59,183 [a9143d84-6d7f-497d-b770-eb75585db3c7@group-7855C2F36E53-LeaderElection8] INFO  impl.LeaderElection (LeaderElection.java:logAndReturn(56)) - a9143d84-6d7f-497d-b770-eb75585db3c7@group-7855C2F36E53-LeaderElection8: Election TIMEOUT; received 0 response(s) [] and 0 exception(s); a9143d84-6d7f-497d-b770-eb75585db3c7@group-7855C2F36E53:t2, leader=null, voted=a9143d84-6d7f-497d-b770-eb75585db3c7, raftlog=a9143d84-6d7f-497d-b770-eb75585db3c7@group-7855C2F36E53-SegmentedRaftLog:OPENED:c-1,f-1,i0, conf=-1: [e3fb79a3-1f86-42af-a80c-c46d1acdbc29:192.168.157.194:44142, 81ff859e-e76f-43f5-951a-4a38422068cb:192.168.157.194:46532, a9143d84-6d7f-497d-b770-eb75585db3c7:192.168.157.194:42126], old=null
2019-11-04 16:01:59,189 [81ff859e-e76f-43f5-951a-4a38422068cb@group-7855C2F36E53-LeaderElection4] INFO  server.RaftServerConfigKeys (ConfUtils.java:logGet(43)) - raft.server.log.appender.snapshot.chunk.size.max = 16MB (=16777216) (default)
2019-11-04 16:01:59,189 [grpc-default-executor-0] INFO  impl.RaftServerImpl (RaftServerImpl.java:setRole(184)) - e3fb79a3-1f86-42af-a80c-c46d1acdbc29@group-7855C2F36E53: changes role from CANDIDATE to FOLLOWER at term 2 for recognizeCandidate:a9143d84-6d7f-497d-b770-eb75585db3c7
2019-11-04 16:01:59,189 [81ff859e-e76f-43f5-951a-4a38422068cb@group-7855C2F36E53-LeaderElection4] INFO  server.RaftServerConfigKeys (ConfUtils.java:logGet(43)) - raft.server.log.appender.buffer.byte-limit = 33554432 (custom)
2019-11-04 16:01:59,189 [grpc-default-executor-0] INFO  impl.RoleInfo (RoleInfo.java:shutdownLeaderElection(134)) - e3fb79a3-1f86-42af-a80c-c46d1acdbc29: shutdown LeaderElection
2019-11-04 16:01:59,190 [81ff859e-e76f-43f5-951a-4a38422068cb@group-7855C2F36E53-LeaderElection4] INFO  server.RaftServerConfigKeys (ConfUtils.java:logGet(43)) - raft.server.log.appender.buffer.element-limit = 1 (custom)
2019-11-04 16:01:59,190 [grpc-default-executor-0] INFO  impl.RoleInfo (RoleInfo.java:updateAndGet(143)) - e3fb79a3-1f86-42af-a80c-c46d1acdbc29: start FollowerState
2019-11-04 16:01:59,190 [81ff859e-e76f-43f5-951a-4a38422068cb@group-7855C2F36E53-LeaderElection4] INFO  grpc.GrpcConfigKeys$Server (ConfUtils.java:logGet(43)) - raft.grpc.server.leader.outstanding.appends.max = 128 (default)
2019-11-04 16:01:59,190 [81ff859e-e76f-43f5-951a-4a38422068cb@group-7855C2F36E53-LeaderElection4] INFO  server.RaftServerConfigKeys (ConfUtils.java:logGet(43)) - raft.server.rpc.request.timeout = 3000ms (default)
2019-11-04 16:01:59,190 [81ff859e-e76f-43f5-951a-4a38422068cb@group-7855C2F36E53-LeaderElection4] INFO  server.RaftServerConfigKeys (ConfUtils.java:logGet(43)) - raft.server.log.appender.install.snapshot.enabled = false (custom)
2019-11-04 16:01:59,196 [2d0880bb-cfe0-41bf-8300-747e3a556689@group-4BE68F65FD01-SegmentedRaftLogWorker] INFO  segmented.SegmentedRaftLogWorker (SegmentedRaftLogWorker.java:execute(576)) - 2d0880bb-cfe0-41bf-8300-747e3a556689@group-4BE68F65FD01-SegmentedRaftLogWorker: created new log segment /workdir/hadoop-ozone/integration-test/target/test-dir/MiniOzoneClusterImpl-cc4d3969-f36c-44f3-bda2-80f758632240/datanode-3/data/ratis/9de64f8b-fac1-40f9-b285-4be68f65fd01/current/log_inprogress_0
2019-11-04 16:01:59,196 [a9143d84-6d7f-497d-b770-eb75585db3c7@group-7855C2F36E53-LeaderElection8] INFO  impl.LeaderElection (LeaderElection.java:askForVotes(178)) - a9143d84-6d7f-497d-b770-eb75585db3c7@group-7855C2F36E53-LeaderElection8: begin an election at term 3 for -1: [e3fb79a3-1f86-42af-a80c-c46d1acdbc29:192.168.157.194:44142, 81ff859e-e76f-43f5-951a-4a38422068cb:192.168.157.194:46532, a9143d84-6d7f-497d-b770-eb75585db3c7:192.168.157.194:42126], old=null
2019-11-04 16:01:59,202 [81ff859e-e76f-43f5-951a-4a38422068cb@group-7855C2F36E53-LeaderElection4] INFO  impl.RoleInfo (RoleInfo.java:updateAndGet(143)) - 81ff859e-e76f-43f5-951a-4a38422068cb: start LeaderState
2019-11-04 16:01:59,203 [81ff859e-e76f-43f5-951a-4a38422068cb@group-7855C2F36E53-LeaderElection4] INFO  segmented.SegmentedRaftLogWorker (SegmentedRaftLogWorker.java:startLogSegment(385)) - 81ff859e-e76f-43f5-951a-4a38422068cb@group-7855C2F36E53-SegmentedRaftLogWorker: Starting segment from index:0
2019-11-04 16:01:59,203 [grpc-default-executor-3] INFO  impl.RaftServerImpl (RaftServerImpl.java:setRole(184)) - e3fb79a3-1f86-42af-a80c-c46d1acdbc29@group-7855C2F36E53: changes role from  FOLLOWER to FOLLOWER at term 3 for recognizeCandidate:a9143d84-6d7f-497d-b770-eb75585db3c7
2019-11-04 16:01:59,203 [grpc-default-executor-3] INFO  impl.RoleInfo (RoleInfo.java:shutdownFollowerState(121)) - e3fb79a3-1f86-42af-a80c-c46d1acdbc29: shutdown FollowerState
2019-11-04 16:01:59,203 [grpc-default-executor-3] INFO  impl.RoleInfo (RoleInfo.java:updateAndGet(143)) - e3fb79a3-1f86-42af-a80c-c46d1acdbc29: start FollowerState
2019-11-04 16:01:59,203 [Thread-242] INFO  impl.FollowerState (FollowerState.java:run(117)) - e3fb79a3-1f86-42af-a80c-c46d1acdbc29@group-7855C2F36E53-FollowerState was interrupted: java.lang.InterruptedException: sleep interrupted
2019-11-04 16:01:59,239 [81ff859e-e76f-43f5-951a-4a38422068cb@group-7855C2F36E53-LeaderElection4] INFO  impl.RaftServerImpl (ServerState.java:setRaftConf(357)) - 81ff859e-e76f-43f5-951a-4a38422068cb@group-7855C2F36E53: set configuration 0: [e3fb79a3-1f86-42af-a80c-c46d1acdbc29:192.168.157.194:44142, 81ff859e-e76f-43f5-951a-4a38422068cb:192.168.157.194:46532, a9143d84-6d7f-497d-b770-eb75585db3c7:192.168.157.194:42126], old=null at 0
2019-11-04 16:01:59,241 [grpc-default-executor-0] INFO  impl.RaftServerImpl (ServerState.java:setLeader(256)) - 81ff859e-e76f-43f5-951a-4a38422068cb@group-7855C2F36E53: change Leader from 81ff859e-e76f-43f5-951a-4a38422068cb to null at term 3 for updateCurrentTerm
2019-11-04 16:01:59,242 [grpc-default-executor-0] INFO  impl.RaftServerImpl (RaftServerImpl.java:setRole(184)) - 81ff859e-e76f-43f5-951a-4a38422068cb@group-7855C2F36E53: changes role from    LEADER to FOLLOWER at term 3 for recognizeCandidate:a9143d84-6d7f-497d-b770-eb75585db3c7
2019-11-04 16:01:59,242 [grpc-default-executor-0] INFO  impl.RoleInfo (RoleInfo.java:shutdownLeaderState(104)) - 81ff859e-e76f-43f5-951a-4a38422068cb: shutdown LeaderState
2019-11-04 16:01:59,248 [grpc-default-executor-0] INFO  impl.PendingRequests (PendingRequests.java:sendNotLeaderResponses(202)) - 81ff859e-e76f-43f5-951a-4a38422068cb@group-7855C2F36E53-PendingRequests: sendNotLeaderResponses
2019-11-04 16:01:59,250 [grpc-default-executor-0] INFO  impl.RoleInfo (RoleInfo.java:updateAndGet(143)) - 81ff859e-e76f-43f5-951a-4a38422068cb: start FollowerState
2019-11-04 16:01:59,252 [81ff859e-e76f-43f5-951a-4a38422068cb@group-7855C2F36E53-SegmentedRaftLogWorker] INFO  segmented.SegmentedRaftLogWorker (SegmentedRaftLogWorker.java:execute(576)) - 81ff859e-e76f-43f5-951a-4a38422068cb@group-7855C2F36E53-SegmentedRaftLogWorker: created new log segment /workdir/hadoop-ozone/integration-test/target/test-dir/MiniOzoneClusterImpl-cc4d3969-f36c-44f3-bda2-80f758632240/datanode-2/data/ratis/e9b3cb73-12b6-46e0-af17-7855c2f36e53/current/log_inprogress_0
2019-11-04 16:01:59,252 [org.apache.ratis.server.impl.LogAppender$AppenderDaemon$$Lambda$395/229193921@75a32aba] WARN  server.GrpcLogAppender (GrpcLogAppender.java:mayWait(149)) - 81ff859e-e76f-43f5-951a-4a38422068cb@group-7855C2F36E53->e3fb79a3-1f86-42af-a80c-c46d1acdbc29-GrpcLogAppender: Wait interrupted by java.lang.InterruptedException
2019-11-04 16:01:59,252 [Thread-246] INFO  impl.FollowerState (FollowerState.java:run(108)) - e3fb79a3-1f86-42af-a80c-c46d1acdbc29@group-7855C2F36E53-FollowerState: change to CANDIDATE, lastRpcTime:48ms, electionTimeout:6ms
2019-11-04 16:01:59,252 [org.apache.ratis.server.impl.LogAppender$AppenderDaemon$$Lambda$395/229193921@45fd8a8e] WARN  server.GrpcLogAppender (GrpcLogAppender.java:mayWait(149)) - 81ff859e-e76f-43f5-951a-4a38422068cb@group-7855C2F36E53->a9143d84-6d7f-497d-b770-eb75585db3c7-GrpcLogAppender: Wait interrupted by java.lang.InterruptedException
2019-11-04 16:01:59,253 [Thread-246] INFO  impl.RoleInfo (RoleInfo.java:shutdownFollowerState(121)) - e3fb79a3-1f86-42af-a80c-c46d1acdbc29: shutdown FollowerState
2019-11-04 16:01:59,255 [Thread-246] INFO  impl.RaftServerImpl (RaftServerImpl.java:setRole(184)) - e3fb79a3-1f86-42af-a80c-c46d1acdbc29@group-7855C2F36E53: changes role from  FOLLOWER to CANDIDATE at term 3 for changeToCandidate
2019-11-04 16:01:59,256 [Thread-246] INFO  impl.RoleInfo (RoleInfo.java:updateAndGet(143)) - e3fb79a3-1f86-42af-a80c-c46d1acdbc29: start LeaderElection
2019-11-04 16:01:59,259 [a9143d84-6d7f-497d-b770-eb75585db3c7@group-7855C2F36E53-LeaderElection8] INFO  impl.LeaderElection (LeaderElection.java:logAndReturn(56)) - a9143d84-6d7f-497d-b770-eb75585db3c7@group-7855C2F36E53-LeaderElection8: Election PASSED; received 1 response(s) [a9143d84-6d7f-497d-b770-eb75585db3c7<-e3fb79a3-1f86-42af-a80c-c46d1acdbc29#0:OK-t3] and 0 exception(s); a9143d84-6d7f-497d-b770-eb75585db3c7@group-7855C2F36E53:t3, leader=null, voted=a9143d84-6d7f-497d-b770-eb75585db3c7, raftlog=a9143d84-6d7f-497d-b770-eb75585db3c7@group-7855C2F36E53-SegmentedRaftLog:OPENED:c-1,f-1,i0, conf=-1: [e3fb79a3-1f86-42af-a80c-c46d1acdbc29:192.168.157.194:44142, 81ff859e-e76f-43f5-951a-4a38422068cb:192.168.157.194:46532, a9143d84-6d7f-497d-b770-eb75585db3c7:192.168.157.194:42126], old=null
2019-11-04 16:01:59,259 [a9143d84-6d7f-497d-b770-eb75585db3c7@group-7855C2F36E53-LeaderElection8] INFO  impl.RoleInfo (RoleInfo.java:shutdownLeaderElection(134)) - a9143d84-6d7f-497d-b770-eb75585db3c7: shutdown LeaderElection
2019-11-04 16:01:59,261 [a9143d84-6d7f-497d-b770-eb75585db3c7@group-7855C2F36E53-LeaderElection8] INFO  impl.RaftServerImpl (RaftServerImpl.java:setRole(184)) - a9143d84-6d7f-497d-b770-eb75585db3c7@group-7855C2F36E53: changes role from CANDIDATE to LEADER at term 3 for changeToLeader
2019-11-04 16:01:59,261 [a9143d84-6d7f-497d-b770-eb75585db3c7@group-7855C2F36E53-LeaderElection8] INFO  impl.RaftServerImpl (ServerState.java:setLeader(256)) - a9143d84-6d7f-497d-b770-eb75585db3c7@group-7855C2F36E53: change Leader from null to a9143d84-6d7f-497d-b770-eb75585db3c7 at term 3 for becomeLeader, leader elected after 261ms
2019-11-04 16:01:59,262 [a9143d84-6d7f-497d-b770-eb75585db3c7@group-7855C2F36E53-LeaderElection8] INFO  server.RaftServerConfigKeys (ConfUtils.java:logGet(43)) - raft.server.staging.catchup.gap = 1000 (default)
2019-11-04 16:01:59,262 [a9143d84-6d7f-497d-b770-eb75585db3c7@group-7855C2F36E53-LeaderElection8] INFO  server.RaftServerConfigKeys (ConfUtils.java:logGet(43)) - raft.server.rpc.sleep.time = 25ms (default)
2019-11-04 16:01:59,263 [a9143d84-6d7f-497d-b770-eb75585db3c7@group-7855C2F36E53-LeaderElection8] INFO  server.RaftServerConfigKeys (ConfUtils.java:logGet(43)) - raft.server.write.element-limit = 4096 (default)
2019-11-04 16:01:59,264 [a9143d84-6d7f-497d-b770-eb75585db3c7@group-7855C2F36E53-LeaderElection8] INFO  server.RaftServerConfigKeys (ConfUtils.java:logGet(43)) - raft.server.watch.timeout = 10s (default)
2019-11-04 16:01:59,264 [a9143d84-6d7f-497d-b770-eb75585db3c7@group-7855C2F36E53-LeaderElection8] INFO  server.RaftServerConfigKeys (ConfUtils.java:logGet(43)) - raft.server.watch.timeout.denomination = 1s (default)
2019-11-04 16:01:59,265 [a9143d84-6d7f-497d-b770-eb75585db3c7@group-7855C2F36E53-LeaderElection8] INFO  server.RaftServerConfigKeys (ConfUtils.java:logGet(43)) - raft.server.watch.element-limit = 65536 (default)
2019-11-04 16:01:59,267 [e3fb79a3-1f86-42af-a80c-c46d1acdbc29@group-7855C2F36E53-LeaderElection5] INFO  impl.LeaderElection (LeaderElection.java:logAndReturn(56)) - e3fb79a3-1f86-42af-a80c-c46d1acdbc29@group-7855C2F36E53-LeaderElection5: Election REJECTED; received 1 response(s) [e3fb79a3-1f86-42af-a80c-c46d1acdbc29<-a9143d84-6d7f-497d-b770-eb75585db3c7#0:FAIL-t1] and 0 exception(s); e3fb79a3-1f86-42af-a80c-c46d1acdbc29@group-7855C2F36E53:t4, leader=null, voted=e3fb79a3-1f86-42af-a80c-c46d1acdbc29, raftlog=e3fb79a3-1f86-42af-a80c-c46d1acdbc29@group-7855C2F36E53-SegmentedRaftLog:OPENED:c-1,f-1,i0, conf=-1: [e3fb79a3-1f86-42af-a80c-c46d1acdbc29:192.168.157.194:44142, 81ff859e-e76f-43f5-951a-4a38422068cb:192.168.157.194:46532, a9143d84-6d7f-497d-b770-eb75585db3c7:192.168.157.194:42126], old=null
2019-11-04 16:01:59,268 [e3fb79a3-1f86-42af-a80c-c46d1acdbc29@group-7855C2F36E53-LeaderElection9] INFO  impl.LeaderElection (LeaderElection.java:askForVotes(178)) - e3fb79a3-1f86-42af-a80c-c46d1acdbc29@group-7855C2F36E53-LeaderElection9: begin an election at term 4 for -1: [e3fb79a3-1f86-42af-a80c-c46d1acdbc29:192.168.157.194:44142, 81ff859e-e76f-43f5-951a-4a38422068cb:192.168.157.194:46532, a9143d84-6d7f-497d-b770-eb75585db3c7:192.168.157.194:42126], old=null
2019-11-04 16:01:59,271 [grpc-default-executor-4] INFO  server.GrpcServerProtocolService (GrpcServerProtocolService.java:onCompleted(113)) - e3fb79a3-1f86-42af-a80c-c46d1acdbc29: Completed APPEND_ENTRIES, lastRequest: null
2019-11-04 16:01:59,271 [grpc-default-executor-2] INFO  server.GrpcServerProtocolService (GrpcServerProtocolService.java:onCompleted(113)) - a9143d84-6d7f-497d-b770-eb75585db3c7: Completed APPEND_ENTRIES, lastRequest: null
2019-11-04 16:01:59,274 [grpc-default-executor-4] INFO  server.GrpcLogAppender (GrpcLogAppender.java:onCompleted(308)) - 81ff859e-e76f-43f5-951a-4a38422068cb@group-7855C2F36E53->a9143d84-6d7f-497d-b770-eb75585db3c7-AppendLogResponseHandler: follower responses appendEntries COMPLETED
2019-11-04 16:01:59,274 [a9143d84-6d7f-497d-b770-eb75585db3c7@group-7855C2F36E53-LeaderElection8] INFO  server.RaftServerConfigKeys (ConfUtils.java:logGet(43)) - raft.server.log.appender.snapshot.chunk.size.max = 16MB (=16777216) (default)
2019-11-04 16:01:59,275 [a9143d84-6d7f-497d-b770-eb75585db3c7@group-7855C2F36E53-LeaderElection8] INFO  server.RaftServerConfigKeys (ConfUtils.java:logGet(43)) - raft.server.log.appender.buffer.byte-limit = 33554432 (custom)
2019-11-04 16:01:59,275 [a9143d84-6d7f-497d-b770-eb75585db3c7@group-7855C2F36E53-LeaderElection8] INFO  server.RaftServerConfigKeys (ConfUtils.java:logGet(43)) - raft.server.log.appender.buffer.element-limit = 1 (custom)
2019-11-04 16:01:59,275 [grpc-default-executor-2] INFO  server.GrpcLogAppender (GrpcLogAppender.java:onCompleted(308)) - 81ff859e-e76f-43f5-951a-4a38422068cb@group-7855C2F36E53->e3fb79a3-1f86-42af-a80c-c46d1acdbc29-AppendLogResponseHandler: follower responses appendEntries COMPLETED
2019-11-04 16:01:59,276 [a9143d84-6d7f-497d-b770-eb75585db3c7@group-7855C2F36E53-LeaderElection8] INFO  grpc.GrpcConfigKeys$Server (ConfUtils.java:logGet(43)) - raft.grpc.server.leader.outstanding.appends.max = 128 (default)
2019-11-04 16:01:59,277 [a9143d84-6d7f-497d-b770-eb75585db3c7@group-7855C2F36E53-LeaderElection8] INFO  server.RaftServerConfigKeys (ConfUtils.java:logGet(43)) - raft.server.rpc.request.timeout = 3000ms (default)
2019-11-04 16:01:59,277 [a9143d84-6d7f-497d-b770-eb75585db3c7@group-7855C2F36E53-LeaderElection8] INFO  server.RaftServerConfigKeys (ConfUtils.java:logGet(43)) - raft.server.log.appender.install.snapshot.enabled = false (custom)
2019-11-04 16:01:59,277 [grpc-default-executor-5] INFO  impl.RaftServerImpl (RaftServerImpl.java:setRole(184)) - 81ff859e-e76f-43f5-951a-4a38422068cb@group-7855C2F36E53: changes role from  FOLLOWER to FOLLOWER at term 4 for recognizeCandidate:e3fb79a3-1f86-42af-a80c-c46d1acdbc29
2019-11-04 16:01:59,278 [grpc-default-executor-5] INFO  impl.RoleInfo (RoleInfo.java:shutdownFollowerState(121)) - 81ff859e-e76f-43f5-951a-4a38422068cb: shutdown FollowerState
2019-11-04 16:01:59,279 [Thread-247] INFO  impl.FollowerState (FollowerState.java:run(117)) - 81ff859e-e76f-43f5-951a-4a38422068cb@group-7855C2F36E53-FollowerState was interrupted: java.lang.InterruptedException: sleep interrupted
2019-11-04 16:01:59,279 [grpc-default-executor-5] INFO  impl.RoleInfo (RoleInfo.java:updateAndGet(143)) - 81ff859e-e76f-43f5-951a-4a38422068cb: start FollowerState
2019-11-04 16:01:59,281 [grpc-default-executor-4] INFO  impl.FollowerInfo (FollowerInfo.java:lambda$new$0(51)) - 81ff859e-e76f-43f5-951a-4a38422068cb@group-7855C2F36E53->a9143d84-6d7f-497d-b770-eb75585db3c7: nextIndex: updateUnconditionally 0 -> 0
2019-11-04 16:01:59,281 [grpc-default-executor-2] INFO  impl.FollowerInfo (FollowerInfo.java:lambda$new$0(51)) - 81ff859e-e76f-43f5-951a-4a38422068cb@group-7855C2F36E53->e3fb79a3-1f86-42af-a80c-c46d1acdbc29: nextIndex: updateUnconditionally 0 -> 0
2019-11-04 16:01:59,283 [a9143d84-6d7f-497d-b770-eb75585db3c7@group-7855C2F36E53-LeaderElection8] INFO  server.RaftServerConfigKeys (ConfUtils.java:logGet(43)) - raft.server.log.appender.snapshot.chunk.size.max = 16MB (=16777216) (default)
2019-11-04 16:01:59,283 [a9143d84-6d7f-497d-b770-eb75585db3c7@group-7855C2F36E53-LeaderElection8] INFO  server.RaftServerConfigKeys (ConfUtils.java:logGet(43)) - raft.server.log.appender.buffer.byte-limit = 33554432 (custom)
2019-11-04 16:01:59,283 [a9143d84-6d7f-497d-b770-eb75585db3c7@group-7855C2F36E53-LeaderElection8] INFO  server.RaftServerConfigKeys (ConfUtils.java:logGet(43)) - raft.server.log.appender.buffer.element-limit = 1 (custom)
2019-11-04 16:01:59,283 [a9143d84-6d7f-497d-b770-eb75585db3c7@group-7855C2F36E53-LeaderElection8] INFO  grpc.GrpcConfigKeys$Server (ConfUtils.java:logGet(43)) - raft.grpc.server.leader.outstanding.appends.max = 128 (default)
2019-11-04 16:01:59,283 [a9143d84-6d7f-497d-b770-eb75585db3c7@group-7855C2F36E53-LeaderElection8] INFO  server.RaftServerConfigKeys (ConfUtils.java:logGet(43)) - raft.server.rpc.request.timeout = 3000ms (default)
2019-11-04 16:01:59,283 [a9143d84-6d7f-497d-b770-eb75585db3c7@group-7855C2F36E53-LeaderElection8] INFO  server.RaftServerConfigKeys (ConfUtils.java:logGet(43)) - raft.server.log.appender.install.snapshot.enabled = false (custom)
2019-11-04 16:01:59,285 [a9143d84-6d7f-497d-b770-eb75585db3c7@group-7855C2F36E53-LeaderElection8] INFO  impl.RoleInfo (RoleInfo.java:updateAndGet(143)) - a9143d84-6d7f-497d-b770-eb75585db3c7: start LeaderState
2019-11-04 16:01:59,286 [a9143d84-6d7f-497d-b770-eb75585db3c7@group-7855C2F36E53-LeaderElection8] INFO  segmented.SegmentedRaftLogWorker (SegmentedRaftLogWorker.java:startLogSegment(385)) - a9143d84-6d7f-497d-b770-eb75585db3c7@group-7855C2F36E53-SegmentedRaftLogWorker: Starting segment from index:0
2019-11-04 16:01:59,286 [a9143d84-6d7f-497d-b770-eb75585db3c7@group-7855C2F36E53-LeaderElection8] INFO  impl.RaftServerImpl (ServerState.java:setRaftConf(357)) - a9143d84-6d7f-497d-b770-eb75585db3c7@group-7855C2F36E53: set configuration 0: [e3fb79a3-1f86-42af-a80c-c46d1acdbc29:192.168.157.194:44142, 81ff859e-e76f-43f5-951a-4a38422068cb:192.168.157.194:46532, a9143d84-6d7f-497d-b770-eb75585db3c7:192.168.157.194:42126], old=null at 0
2019-11-04 16:01:59,320 [main] INFO  ozone.MiniOzoneClusterImpl (MiniOzoneClusterImpl.java:lambda$waitForClusterToBeReady$0(147)) - Cluster is ready. Got 4 of 4 DN Heartbeats.
2019-11-04 16:01:59,321 [e3fb79a3-1f86-42af-a80c-c46d1acdbc29@group-7855C2F36E53-LeaderElection9] INFO  impl.LeaderElection (LeaderElection.java:logAndReturn(56)) - e3fb79a3-1f86-42af-a80c-c46d1acdbc29@group-7855C2F36E53-LeaderElection9: Election TIMEOUT; received 0 response(s) [] and 0 exception(s); e3fb79a3-1f86-42af-a80c-c46d1acdbc29@group-7855C2F36E53:t4, leader=null, voted=e3fb79a3-1f86-42af-a80c-c46d1acdbc29, raftlog=e3fb79a3-1f86-42af-a80c-c46d1acdbc29@group-7855C2F36E53-SegmentedRaftLog:OPENED:c-1,f-1,i0, conf=-1: [e3fb79a3-1f86-42af-a80c-c46d1acdbc29:192.168.157.194:44142, 81ff859e-e76f-43f5-951a-4a38422068cb:192.168.157.194:46532, a9143d84-6d7f-497d-b770-eb75585db3c7:192.168.157.194:42126], old=null
2019-11-04 16:01:59,321 [grpc-default-executor-1] INFO  impl.RaftServerImpl (ServerState.java:setLeader(256)) - a9143d84-6d7f-497d-b770-eb75585db3c7@group-7855C2F36E53: change Leader from a9143d84-6d7f-497d-b770-eb75585db3c7 to null at term 4 for updateCurrentTerm
2019-11-04 16:01:59,321 [grpc-default-executor-1] INFO  impl.RaftServerImpl (RaftServerImpl.java:setRole(184)) - a9143d84-6d7f-497d-b770-eb75585db3c7@group-7855C2F36E53: changes role from    LEADER to FOLLOWER at term 4 for recognizeCandidate:e3fb79a3-1f86-42af-a80c-c46d1acdbc29
2019-11-04 16:01:59,321 [grpc-default-executor-1] INFO  impl.RoleInfo (RoleInfo.java:shutdownLeaderState(104)) - a9143d84-6d7f-497d-b770-eb75585db3c7: shutdown LeaderState
2019-11-04 16:01:59,324 [grpc-default-executor-1] INFO  impl.PendingRequests (PendingRequests.java:sendNotLeaderResponses(202)) - a9143d84-6d7f-497d-b770-eb75585db3c7@group-7855C2F36E53-PendingRequests: sendNotLeaderResponses
2019-11-04 16:01:59,325 [grpc-default-executor-1] INFO  impl.RoleInfo (RoleInfo.java:updateAndGet(143)) - a9143d84-6d7f-497d-b770-eb75585db3c7: start FollowerState
2019-11-04 16:01:59,334 [a9143d84-6d7f-497d-b770-eb75585db3c7@group-7855C2F36E53-SegmentedRaftLogWorker] INFO  segmented.SegmentedRaftLogWorker (SegmentedRaftLogWorker.java:execute(576)) - a9143d84-6d7f-497d-b770-eb75585db3c7@group-7855C2F36E53-SegmentedRaftLogWorker: created new log segment /workdir/hadoop-ozone/integration-test/target/test-dir/MiniOzoneClusterImpl-cc4d3969-f36c-44f3-bda2-80f758632240/datanode-1/data/ratis/e9b3cb73-12b6-46e0-af17-7855c2f36e53/current/log_inprogress_0
2019-11-04 16:01:59,335 [e3fb79a3-1f86-42af-a80c-c46d1acdbc29@group-7855C2F36E53-LeaderElection9] INFO  impl.LeaderElection (LeaderElection.java:askForVotes(178)) - e3fb79a3-1f86-42af-a80c-c46d1acdbc29@group-7855C2F36E53-LeaderElection9: begin an election at term 5 for -1: [e3fb79a3-1f86-42af-a80c-c46d1acdbc29:192.168.157.194:44142, 81ff859e-e76f-43f5-951a-4a38422068cb:192.168.157.194:46532, a9143d84-6d7f-497d-b770-eb75585db3c7:192.168.157.194:42126], old=null
2019-11-04 16:01:59,336 [org.apache.ratis.server.impl.LogAppender$AppenderDaemon$$Lambda$395/229193921@30751dab] WARN  server.GrpcLogAppender (GrpcLogAppender.java:mayWait(149)) - a9143d84-6d7f-497d-b770-eb75585db3c7@group-7855C2F36E53->e3fb79a3-1f86-42af-a80c-c46d1acdbc29-GrpcLogAppender: Wait interrupted by java.lang.InterruptedException
2019-11-04 16:01:59,336 [org.apache.ratis.server.impl.LogAppender$AppenderDaemon$$Lambda$395/229193921@6191a20e] WARN  server.GrpcLogAppender (GrpcLogAppender.java:mayWait(149)) - a9143d84-6d7f-497d-b770-eb75585db3c7@group-7855C2F36E53->81ff859e-e76f-43f5-951a-4a38422068cb-GrpcLogAppender: Wait interrupted by java.lang.InterruptedException
2019-11-04 16:01:59,346 [grpc-default-executor-1] INFO  impl.RaftServerImpl (RaftServerImpl.java:setRole(184)) - 81ff859e-e76f-43f5-951a-4a38422068cb@group-7855C2F36E53: changes role from  FOLLOWER to FOLLOWER at term 5 for recognizeCandidate:e3fb79a3-1f86-42af-a80c-c46d1acdbc29
2019-11-04 16:01:59,346 [grpc-default-executor-4] INFO  impl.RaftServerImpl (RaftServerImpl.java:setRole(184)) - a9143d84-6d7f-497d-b770-eb75585db3c7@group-7855C2F36E53: changes role from  FOLLOWER to FOLLOWER at term 5 for recognizeCandidate:e3fb79a3-1f86-42af-a80c-c46d1acdbc29
2019-11-04 16:01:59,346 [grpc-default-executor-1] INFO  impl.RoleInfo (RoleInfo.java:shutdownFollowerState(121)) - 81ff859e-e76f-43f5-951a-4a38422068cb: shutdown FollowerState
2019-11-04 16:01:59,346 [grpc-default-executor-4] INFO  impl.RoleInfo (RoleInfo.java:shutdownFollowerState(121)) - a9143d84-6d7f-497d-b770-eb75585db3c7: shutdown FollowerState
2019-11-04 16:01:59,346 [Thread-253] INFO  impl.FollowerState (FollowerState.java:run(117)) - 81ff859e-e76f-43f5-951a-4a38422068cb@group-7855C2F36E53-FollowerState was interrupted: java.lang.InterruptedException: sleep interrupted
2019-11-04 16:01:59,347 [Thread-255] INFO  impl.FollowerState (FollowerState.java:run(117)) - a9143d84-6d7f-497d-b770-eb75585db3c7@group-7855C2F36E53-FollowerState was interrupted: java.lang.InterruptedException: sleep interrupted
2019-11-04 16:01:59,347 [grpc-default-executor-4] INFO  impl.RoleInfo (RoleInfo.java:updateAndGet(143)) - a9143d84-6d7f-497d-b770-eb75585db3c7: start FollowerState
2019-11-04 16:01:59,346 [grpc-default-executor-1] INFO  impl.RoleInfo (RoleInfo.java:updateAndGet(143)) - 81ff859e-e76f-43f5-951a-4a38422068cb: start FollowerState
2019-11-04 16:01:59,351 [grpc-default-executor-2] INFO  server.GrpcServerProtocolService (GrpcServerProtocolService.java:onCompleted(113)) - e3fb79a3-1f86-42af-a80c-c46d1acdbc29: Completed APPEND_ENTRIES, lastRequest: a9143d84-6d7f-497d-b770-eb75585db3c7->e3fb79a3-1f86-42af-a80c-c46d1acdbc29#0-t3, previous=(t:0, i:0), leaderCommit=-1, initializing? false, entries: <empty>
2019-11-04 16:01:59,362 [grpc-default-executor-0] INFO  server.GrpcLogAppender (GrpcLogAppender.java:onCompleted(308)) - a9143d84-6d7f-497d-b770-eb75585db3c7@group-7855C2F36E53->e3fb79a3-1f86-42af-a80c-c46d1acdbc29-AppendLogResponseHandler: follower responses appendEntries COMPLETED
2019-11-04 16:01:59,363 [grpc-default-executor-5] INFO  server.GrpcServerProtocolService (GrpcServerProtocolService.java:onCompleted(113)) - 81ff859e-e76f-43f5-951a-4a38422068cb: Completed APPEND_ENTRIES, lastRequest: a9143d84-6d7f-497d-b770-eb75585db3c7->81ff859e-e76f-43f5-951a-4a38422068cb#0-t3, previous=(t:0, i:0), leaderCommit=-1, initializing? false, entries: <empty>
2019-11-04 16:01:59,364 [grpc-default-executor-0] INFO  impl.FollowerInfo (FollowerInfo.java:lambda$new$0(51)) - a9143d84-6d7f-497d-b770-eb75585db3c7@group-7855C2F36E53->e3fb79a3-1f86-42af-a80c-c46d1acdbc29: nextIndex: updateUnconditionally 0 -> 0
2019-11-04 16:01:59,367 [grpc-default-executor-0] INFO  server.GrpcLogAppender (GrpcLogAppender.java:onCompleted(308)) - a9143d84-6d7f-497d-b770-eb75585db3c7@group-7855C2F36E53->81ff859e-e76f-43f5-951a-4a38422068cb-AppendLogResponseHandler: follower responses appendEntries COMPLETED
2019-11-04 16:01:59,367 [e3fb79a3-1f86-42af-a80c-c46d1acdbc29@group-7855C2F36E53-LeaderElection9] INFO  impl.LeaderElection (LeaderElection.java:logAndReturn(56)) - e3fb79a3-1f86-42af-a80c-c46d1acdbc29@group-7855C2F36E53-LeaderElection9: Election REJECTED; received 2 response(s) [e3fb79a3-1f86-42af-a80c-c46d1acdbc29<-81ff859e-e76f-43f5-951a-4a38422068cb#0:FAIL-t5, e3fb79a3-1f86-42af-a80c-c46d1acdbc29<-a9143d84-6d7f-497d-b770-eb75585db3c7#0:FAIL-t5] and 0 exception(s); e3fb79a3-1f86-42af-a80c-c46d1acdbc29@group-7855C2F36E53:t5, leader=null, voted=e3fb79a3-1f86-42af-a80c-c46d1acdbc29, raftlog=e3fb79a3-1f86-42af-a80c-c46d1acdbc29@group-7855C2F36E53-SegmentedRaftLog:OPENED:c-1,f-1,i0, conf=-1: [e3fb79a3-1f86-42af-a80c-c46d1acdbc29:192.168.157.194:44142, 81ff859e-e76f-43f5-951a-4a38422068cb:192.168.157.194:46532, a9143d84-6d7f-497d-b770-eb75585db3c7:192.168.157.194:42126], old=null
2019-11-04 16:01:59,368 [e3fb79a3-1f86-42af-a80c-c46d1acdbc29@group-7855C2F36E53-LeaderElection9] INFO  impl.RaftServerImpl (RaftServerImpl.java:setRole(184)) - e3fb79a3-1f86-42af-a80c-c46d1acdbc29@group-7855C2F36E53: changes role from CANDIDATE to FOLLOWER at term 5 for DISCOVERED_A_NEW_TERM
2019-11-04 16:01:59,369 [e3fb79a3-1f86-42af-a80c-c46d1acdbc29@group-7855C2F36E53-LeaderElection9] INFO  impl.RoleInfo (RoleInfo.java:shutdownLeaderElection(134)) - e3fb79a3-1f86-42af-a80c-c46d1acdbc29: shutdown LeaderElection
2019-11-04 16:01:59,369 [e3fb79a3-1f86-42af-a80c-c46d1acdbc29@group-7855C2F36E53-LeaderElection9] INFO  impl.RoleInfo (RoleInfo.java:updateAndGet(143)) - e3fb79a3-1f86-42af-a80c-c46d1acdbc29: start FollowerState
2019-11-04 16:01:59,369 [grpc-default-executor-0] INFO  impl.FollowerInfo (FollowerInfo.java:lambda$new$0(51)) - a9143d84-6d7f-497d-b770-eb75585db3c7@group-7855C2F36E53->81ff859e-e76f-43f5-951a-4a38422068cb: nextIndex: updateUnconditionally 0 -> 0
2019-11-04 16:01:59,397 [Thread-262] INFO  impl.FollowerState (FollowerState.java:run(108)) - e3fb79a3-1f86-42af-a80c-c46d1acdbc29@group-7855C2F36E53-FollowerState: change to CANDIDATE, lastRpcTime:28ms, electionTimeout:27ms
2019-11-04 16:01:59,397 [Thread-262] INFO  impl.RoleInfo (RoleInfo.java:shutdownFollowerState(121)) - e3fb79a3-1f86-42af-a80c-c46d1acdbc29: shutdown FollowerState
2019-11-04 16:01:59,397 [Thread-262] INFO  impl.RaftServerImpl (RaftServerImpl.java:setRole(184)) - e3fb79a3-1f86-42af-a80c-c46d1acdbc29@group-7855C2F36E53: changes role from  FOLLOWER to CANDIDATE at term 5 for changeToCandidate
2019-11-04 16:01:59,398 [Thread-262] INFO  impl.RoleInfo (RoleInfo.java:updateAndGet(143)) - e3fb79a3-1f86-42af-a80c-c46d1acdbc29: start LeaderElection
2019-11-04 16:01:59,412 [e3fb79a3-1f86-42af-a80c-c46d1acdbc29@group-7855C2F36E53-LeaderElection10] INFO  impl.LeaderElection (LeaderElection.java:askForVotes(178)) - e3fb79a3-1f86-42af-a80c-c46d1acdbc29@group-7855C2F36E53-LeaderElection10: begin an election at term 6 for -1: [e3fb79a3-1f86-42af-a80c-c46d1acdbc29:192.168.157.194:44142, 81ff859e-e76f-43f5-951a-4a38422068cb:192.168.157.194:46532, a9143d84-6d7f-497d-b770-eb75585db3c7:192.168.157.194:42126], old=null
2019-11-04 16:01:59,417 [grpc-default-executor-0] INFO  impl.RaftServerImpl (RaftServerImpl.java:setRole(184)) - 81ff859e-e76f-43f5-951a-4a38422068cb@group-7855C2F36E53: changes role from  FOLLOWER to FOLLOWER at term 6 for recognizeCandidate:e3fb79a3-1f86-42af-a80c-c46d1acdbc29
2019-11-04 16:01:59,417 [grpc-default-executor-4] INFO  impl.RaftServerImpl (RaftServerImpl.java:setRole(184)) - a9143d84-6d7f-497d-b770-eb75585db3c7@group-7855C2F36E53: changes role from  FOLLOWER to FOLLOWER at term 6 for recognizeCandidate:e3fb79a3-1f86-42af-a80c-c46d1acdbc29
2019-11-04 16:01:59,417 [grpc-default-executor-0] INFO  impl.RoleInfo (RoleInfo.java:shutdownFollowerState(121)) - 81ff859e-e76f-43f5-951a-4a38422068cb: shutdown FollowerState
2019-11-04 16:01:59,418 [grpc-default-executor-4] INFO  impl.RoleInfo (RoleInfo.java:shutdownFollowerState(121)) - a9143d84-6d7f-497d-b770-eb75585db3c7: shutdown FollowerState
2019-11-04 16:01:59,418 [Thread-260] INFO  impl.FollowerState (FollowerState.java:run(117)) - 81ff859e-e76f-43f5-951a-4a38422068cb@group-7855C2F36E53-FollowerState was interrupted: java.lang.InterruptedException: sleep interrupted
2019-11-04 16:01:59,418 [grpc-default-executor-0] INFO  impl.RoleInfo (RoleInfo.java:updateAndGet(143)) - 81ff859e-e76f-43f5-951a-4a38422068cb: start FollowerState
2019-11-04 16:01:59,418 [grpc-default-executor-4] INFO  impl.RoleInfo (RoleInfo.java:updateAndGet(143)) - a9143d84-6d7f-497d-b770-eb75585db3c7: start FollowerState
2019-11-04 16:01:59,418 [Thread-261] INFO  impl.FollowerState (FollowerState.java:run(117)) - a9143d84-6d7f-497d-b770-eb75585db3c7@group-7855C2F36E53-FollowerState was interrupted: java.lang.InterruptedException: sleep interrupted
2019-11-04 16:01:59,435 [e3fb79a3-1f86-42af-a80c-c46d1acdbc29@group-7855C2F36E53-LeaderElection10] INFO  impl.LeaderElection (LeaderElection.java:logAndReturn(56)) - e3fb79a3-1f86-42af-a80c-c46d1acdbc29@group-7855C2F36E53-LeaderElection10: Election REJECTED; received 2 response(s) [e3fb79a3-1f86-42af-a80c-c46d1acdbc29<-81ff859e-e76f-43f5-951a-4a38422068cb#0:FAIL-t6, e3fb79a3-1f86-42af-a80c-c46d1acdbc29<-a9143d84-6d7f-497d-b770-eb75585db3c7#0:FAIL-t6] and 0 exception(s); e3fb79a3-1f86-42af-a80c-c46d1acdbc29@group-7855C2F36E53:t6, leader=null, voted=e3fb79a3-1f86-42af-a80c-c46d1acdbc29, raftlog=e3fb79a3-1f86-42af-a80c-c46d1acdbc29@group-7855C2F36E53-SegmentedRaftLog:OPENED:c-1,f-1,i0, conf=-1: [e3fb79a3-1f86-42af-a80c-c46d1acdbc29:192.168.157.194:44142, 81ff859e-e76f-43f5-951a-4a38422068cb:192.168.157.194:46532, a9143d84-6d7f-497d-b770-eb75585db3c7:192.168.157.194:42126], old=null
2019-11-04 16:01:59,436 [e3fb79a3-1f86-42af-a80c-c46d1acdbc29@group-7855C2F36E53-LeaderElection10] INFO  impl.RaftServerImpl (RaftServerImpl.java:setRole(184)) - e3fb79a3-1f86-42af-a80c-c46d1acdbc29@group-7855C2F36E53: changes role from CANDIDATE to FOLLOWER at term 6 for DISCOVERED_A_NEW_TERM
2019-11-04 16:01:59,436 [e3fb79a3-1f86-42af-a80c-c46d1acdbc29@group-7855C2F36E53-LeaderElection10] INFO  impl.RoleInfo (RoleInfo.java:shutdownLeaderElection(134)) - e3fb79a3-1f86-42af-a80c-c46d1acdbc29: shutdown LeaderElection
2019-11-04 16:01:59,437 [e3fb79a3-1f86-42af-a80c-c46d1acdbc29@group-7855C2F36E53-LeaderElection10] INFO  impl.RoleInfo (RoleInfo.java:updateAndGet(143)) - e3fb79a3-1f86-42af-a80c-c46d1acdbc29: start FollowerState
2019-11-04 16:01:59,486 [Thread-268] INFO  impl.FollowerState (FollowerState.java:run(108)) - e3fb79a3-1f86-42af-a80c-c46d1acdbc29@group-7855C2F36E53-FollowerState: change to CANDIDATE, lastRpcTime:49ms, electionTimeout:48ms
2019-11-04 16:01:59,487 [Thread-268] INFO  impl.RoleInfo (RoleInfo.java:shutdownFollowerState(121)) - e3fb79a3-1f86-42af-a80c-c46d1acdbc29: shutdown FollowerState
2019-11-04 16:01:59,487 [Thread-268] INFO  impl.RaftServerImpl (RaftServerImpl.java:setRole(184)) - e3fb79a3-1f86-42af-a80c-c46d1acdbc29@group-7855C2F36E53: changes role from  FOLLOWER to CANDIDATE at term 6 for changeToCandidate
2019-11-04 16:01:59,488 [Thread-268] INFO  impl.RoleInfo (RoleInfo.java:updateAndGet(143)) - e3fb79a3-1f86-42af-a80c-c46d1acdbc29: start LeaderElection
2019-11-04 16:01:59,501 [e3fb79a3-1f86-42af-a80c-c46d1acdbc29@group-7855C2F36E53-LeaderElection11] INFO  impl.LeaderElection (LeaderElection.java:askForVotes(178)) - e3fb79a3-1f86-42af-a80c-c46d1acdbc29@group-7855C2F36E53-LeaderElection11: begin an election at term 7 for -1: [e3fb79a3-1f86-42af-a80c-c46d1acdbc29:192.168.157.194:44142, 81ff859e-e76f-43f5-951a-4a38422068cb:192.168.157.194:46532, a9143d84-6d7f-497d-b770-eb75585db3c7:192.168.157.194:42126], old=null
2019-11-04 16:01:59,506 [grpc-default-executor-4] INFO  impl.RaftServerImpl (RaftServerImpl.java:setRole(184)) - 81ff859e-e76f-43f5-951a-4a38422068cb@group-7855C2F36E53: changes role from  FOLLOWER to FOLLOWER at term 7 for recognizeCandidate:e3fb79a3-1f86-42af-a80c-c46d1acdbc29
2019-11-04 16:01:59,506 [grpc-default-executor-0] INFO  impl.RaftServerImpl (RaftServerImpl.java:setRole(184)) - a9143d84-6d7f-497d-b770-eb75585db3c7@group-7855C2F36E53: changes role from  FOLLOWER to FOLLOWER at term 7 for recognizeCandidate:e3fb79a3-1f86-42af-a80c-c46d1acdbc29
2019-11-04 16:01:59,506 [grpc-default-executor-4] INFO  impl.RoleInfo (RoleInfo.java:shutdownFollowerState(121)) - 81ff859e-e76f-43f5-951a-4a38422068cb: shutdown FollowerState
2019-11-04 16:01:59,506 [grpc-default-executor-0] INFO  impl.RoleInfo (RoleInfo.java:shutdownFollowerState(121)) - a9143d84-6d7f-497d-b770-eb75585db3c7: shutdown FollowerState
2019-11-04 16:01:59,507 [Thread-266] INFO  impl.FollowerState (FollowerState.java:run(117)) - 81ff859e-e76f-43f5-951a-4a38422068cb@group-7855C2F36E53-FollowerState was interrupted: java.lang.InterruptedException: sleep interrupted
2019-11-04 16:01:59,507 [Thread-267] INFO  impl.FollowerState (FollowerState.java:run(117)) - a9143d84-6d7f-497d-b770-eb75585db3c7@group-7855C2F36E53-FollowerState was interrupted: java.lang.InterruptedException: sleep interrupted
2019-11-04 16:01:59,507 [grpc-default-executor-4] INFO  impl.RoleInfo (RoleInfo.java:updateAndGet(143)) - 81ff859e-e76f-43f5-951a-4a38422068cb: start FollowerState
2019-11-04 16:01:59,507 [grpc-default-executor-0] INFO  impl.RoleInfo (RoleInfo.java:updateAndGet(143)) - a9143d84-6d7f-497d-b770-eb75585db3c7: start FollowerState
2019-11-04 16:01:59,523 [e3fb79a3-1f86-42af-a80c-c46d1acdbc29@group-7855C2F36E53-LeaderElection11] INFO  impl.LeaderElection (LeaderElection.java:logAndReturn(56)) - e3fb79a3-1f86-42af-a80c-c46d1acdbc29@group-7855C2F36E53-LeaderElection11: Election REJECTED; received 2 response(s) [e3fb79a3-1f86-42af-a80c-c46d1acdbc29<-81ff859e-e76f-43f5-951a-4a38422068cb#0:FAIL-t7, e3fb79a3-1f86-42af-a80c-c46d1acdbc29<-a9143d84-6d7f-497d-b770-eb75585db3c7#0:FAIL-t7] and 0 exception(s); e3fb79a3-1f86-42af-a80c-c46d1acdbc29@group-7855C2F36E53:t7, leader=null, voted=e3fb79a3-1f86-42af-a80c-c46d1acdbc29, raftlog=e3fb79a3-1f86-42af-a80c-c46d1acdbc29@group-7855C2F36E53-SegmentedRaftLog:OPENED:c-1,f-1,i0, conf=-1: [e3fb79a3-1f86-42af-a80c-c46d1acdbc29:192.168.157.194:44142, 81ff859e-e76f-43f5-951a-4a38422068cb:192.168.157.194:46532, a9143d84-6d7f-497d-b770-eb75585db3c7:192.168.157.194:42126], old=null
2019-11-04 16:01:59,523 [e3fb79a3-1f86-42af-a80c-c46d1acdbc29@group-7855C2F36E53-LeaderElection11] INFO  impl.RaftServerImpl (RaftServerImpl.java:setRole(184)) - e3fb79a3-1f86-42af-a80c-c46d1acdbc29@group-7855C2F36E53: changes role from CANDIDATE to FOLLOWER at term 7 for DISCOVERED_A_NEW_TERM
2019-11-04 16:01:59,524 [e3fb79a3-1f86-42af-a80c-c46d1acdbc29@group-7855C2F36E53-LeaderElection11] INFO  impl.RoleInfo (RoleInfo.java:shutdownLeaderElection(134)) - e3fb79a3-1f86-42af-a80c-c46d1acdbc29: shutdown LeaderElection
2019-11-04 16:01:59,524 [e3fb79a3-1f86-42af-a80c-c46d1acdbc29@group-7855C2F36E53-LeaderElection11] INFO  impl.RoleInfo (RoleInfo.java:updateAndGet(143)) - e3fb79a3-1f86-42af-a80c-c46d1acdbc29: start FollowerState
2019-11-04 16:01:59,591 [Thread-274] INFO  impl.FollowerState (FollowerState.java:run(108)) - e3fb79a3-1f86-42af-a80c-c46d1acdbc29@group-7855C2F36E53-FollowerState: change to CANDIDATE, lastRpcTime:66ms, electionTimeout:66ms
2019-11-04 16:01:59,593 [Thread-274] INFO  impl.RoleInfo (RoleInfo.java:shutdownFollowerState(121)) - e3fb79a3-1f86-42af-a80c-c46d1acdbc29: shutdown FollowerState
2019-11-04 16:01:59,593 [Thread-274] INFO  impl.RaftServerImpl (RaftServerImpl.java:setRole(184)) - e3fb79a3-1f86-42af-a80c-c46d1acdbc29@group-7855C2F36E53: changes role from  FOLLOWER to CANDIDATE at term 7 for changeToCandidate
2019-11-04 16:01:59,593 [Thread-274] INFO  impl.RoleInfo (RoleInfo.java:updateAndGet(143)) - e3fb79a3-1f86-42af-a80c-c46d1acdbc29: start LeaderElection
2019-11-04 16:01:59,607 [e3fb79a3-1f86-42af-a80c-c46d1acdbc29@group-7855C2F36E53-LeaderElection12] INFO  impl.LeaderElection (LeaderElection.java:askForVotes(178)) - e3fb79a3-1f86-42af-a80c-c46d1acdbc29@group-7855C2F36E53-LeaderElection12: begin an election at term 8 for -1: [e3fb79a3-1f86-42af-a80c-c46d1acdbc29:192.168.157.194:44142, 81ff859e-e76f-43f5-951a-4a38422068cb:192.168.157.194:46532, a9143d84-6d7f-497d-b770-eb75585db3c7:192.168.157.194:42126], old=null
2019-11-04 16:01:59,612 [grpc-default-executor-4] INFO  impl.RaftServerImpl (RaftServerImpl.java:setRole(184)) - 81ff859e-e76f-43f5-951a-4a38422068cb@group-7855C2F36E53: changes role from  FOLLOWER to FOLLOWER at term 8 for recognizeCandidate:e3fb79a3-1f86-42af-a80c-c46d1acdbc29
2019-11-04 16:01:59,613 [grpc-default-executor-4] INFO  impl.RoleInfo (RoleInfo.java:shutdownFollowerState(121)) - 81ff859e-e76f-43f5-951a-4a38422068cb: shutdown FollowerState
2019-11-04 16:01:59,613 [Thread-272] INFO  impl.FollowerState (FollowerState.java:run(117)) - 81ff859e-e76f-43f5-951a-4a38422068cb@group-7855C2F36E53-FollowerState was interrupted: java.lang.InterruptedException: sleep interrupted
2019-11-04 16:01:59,613 [grpc-default-executor-4] INFO  impl.RoleInfo (RoleInfo.java:updateAndGet(143)) - 81ff859e-e76f-43f5-951a-4a38422068cb: start FollowerState
2019-11-04 16:01:59,614 [grpc-default-executor-0] INFO  impl.RaftServerImpl (RaftServerImpl.java:setRole(184)) - a9143d84-6d7f-497d-b770-eb75585db3c7@group-7855C2F36E53: changes role from  FOLLOWER to FOLLOWER at term 8 for recognizeCandidate:e3fb79a3-1f86-42af-a80c-c46d1acdbc29
2019-11-04 16:01:59,614 [grpc-default-executor-0] INFO  impl.RoleInfo (RoleInfo.java:shutdownFollowerState(121)) - a9143d84-6d7f-497d-b770-eb75585db3c7: shutdown FollowerState
2019-11-04 16:01:59,614 [grpc-default-executor-0] INFO  impl.RoleInfo (RoleInfo.java:updateAndGet(143)) - a9143d84-6d7f-497d-b770-eb75585db3c7: start FollowerState
2019-11-04 16:01:59,614 [Thread-273] INFO  impl.FollowerState (FollowerState.java:run(117)) - a9143d84-6d7f-497d-b770-eb75585db3c7@group-7855C2F36E53-FollowerState was interrupted: java.lang.InterruptedException: sleep interrupted
2019-11-04 16:01:59,630 [e3fb79a3-1f86-42af-a80c-c46d1acdbc29@group-7855C2F36E53-LeaderElection12] INFO  impl.LeaderElection (LeaderElection.java:logAndReturn(56)) - e3fb79a3-1f86-42af-a80c-c46d1acdbc29@group-7855C2F36E53-LeaderElection12: Election REJECTED; received 2 response(s) [e3fb79a3-1f86-42af-a80c-c46d1acdbc29<-81ff859e-e76f-43f5-951a-4a38422068cb#0:FAIL-t8, e3fb79a3-1f86-42af-a80c-c46d1acdbc29<-a9143d84-6d7f-497d-b770-eb75585db3c7#0:FAIL-t8] and 0 exception(s); e3fb79a3-1f86-42af-a80c-c46d1acdbc29@group-7855C2F36E53:t8, leader=null, voted=e3fb79a3-1f86-42af-a80c-c46d1acdbc29, raftlog=e3fb79a3-1f86-42af-a80c-c46d1acdbc29@group-7855C2F36E53-SegmentedRaftLog:OPENED:c-1,f-1,i0, conf=-1: [e3fb79a3-1f86-42af-a80c-c46d1acdbc29:192.168.157.194:44142, 81ff859e-e76f-43f5-951a-4a38422068cb:192.168.157.194:46532, a9143d84-6d7f-497d-b770-eb75585db3c7:192.168.157.194:42126], old=null
2019-11-04 16:01:59,630 [e3fb79a3-1f86-42af-a80c-c46d1acdbc29@group-7855C2F36E53-LeaderElection12] INFO  impl.RaftServerImpl (RaftServerImpl.java:setRole(184)) - e3fb79a3-1f86-42af-a80c-c46d1acdbc29@group-7855C2F36E53: changes role from CANDIDATE to FOLLOWER at term 8 for DISCOVERED_A_NEW_TERM
2019-11-04 16:01:59,631 [e3fb79a3-1f86-42af-a80c-c46d1acdbc29@group-7855C2F36E53-LeaderElection12] INFO  impl.RoleInfo (RoleInfo.java:shutdownLeaderElection(134)) - e3fb79a3-1f86-42af-a80c-c46d1acdbc29: shutdown LeaderElection
2019-11-04 16:01:59,632 [e3fb79a3-1f86-42af-a80c-c46d1acdbc29@group-7855C2F36E53-LeaderElection12] INFO  impl.RoleInfo (RoleInfo.java:updateAndGet(143)) - e3fb79a3-1f86-42af-a80c-c46d1acdbc29: start FollowerState
2019-11-04 16:01:59,669 [Thread-280] INFO  impl.FollowerState (FollowerState.java:run(108)) - e3fb79a3-1f86-42af-a80c-c46d1acdbc29@group-7855C2F36E53-FollowerState: change to CANDIDATE, lastRpcTime:37ms, electionTimeout:36ms
2019-11-04 16:01:59,671 [Thread-280] INFO  impl.RoleInfo (RoleInfo.java:shutdownFollowerState(121)) - e3fb79a3-1f86-42af-a80c-c46d1acdbc29: shutdown FollowerState
2019-11-04 16:01:59,671 [Thread-280] INFO  impl.RaftServerImpl (RaftServerImpl.java:setRole(184)) - e3fb79a3-1f86-42af-a80c-c46d1acdbc29@group-7855C2F36E53: changes role from  FOLLOWER to CANDIDATE at term 8 for changeToCandidate
2019-11-04 16:01:59,671 [Thread-280] INFO  impl.RoleInfo (RoleInfo.java:updateAndGet(143)) - e3fb79a3-1f86-42af-a80c-c46d1acdbc29: start LeaderElection
2019-11-04 16:01:59,686 [e3fb79a3-1f86-42af-a80c-c46d1acdbc29@group-7855C2F36E53-LeaderElection13] INFO  impl.LeaderElection (LeaderElection.java:askForVotes(178)) - e3fb79a3-1f86-42af-a80c-c46d1acdbc29@group-7855C2F36E53-LeaderElection13: begin an election at term 9 for -1: [e3fb79a3-1f86-42af-a80c-c46d1acdbc29:192.168.157.194:44142, 81ff859e-e76f-43f5-951a-4a38422068cb:192.168.157.194:46532, a9143d84-6d7f-497d-b770-eb75585db3c7:192.168.157.194:42126], old=null
2019-11-04 16:01:59,691 [grpc-default-executor-0] INFO  impl.RaftServerImpl (RaftServerImpl.java:setRole(184)) - 81ff859e-e76f-43f5-951a-4a38422068cb@group-7855C2F36E53: changes role from  FOLLOWER to FOLLOWER at term 9 for recognizeCandidate:e3fb79a3-1f86-42af-a80c-c46d1acdbc29
2019-11-04 16:01:59,691 [grpc-default-executor-4] INFO  impl.RaftServerImpl (RaftServerImpl.java:setRole(184)) - a9143d84-6d7f-497d-b770-eb75585db3c7@group-7855C2F36E53: changes role from  FOLLOWER to FOLLOWER at term 9 for recognizeCandidate:e3fb79a3-1f86-42af-a80c-c46d1acdbc29
2019-11-04 16:01:59,691 [grpc-default-executor-0] INFO  impl.RoleInfo (RoleInfo.java:shutdownFollowerState(121)) - 81ff859e-e76f-43f5-951a-4a38422068cb: shutdown FollowerState
2019-11-04 16:01:59,691 [grpc-default-executor-4] INFO  impl.RoleInfo (RoleInfo.java:shutdownFollowerState(121)) - a9143d84-6d7f-497d-b770-eb75585db3c7: shutdown FollowerState
2019-11-04 16:01:59,691 [Thread-278] INFO  impl.FollowerState (FollowerState.java:run(117)) - 81ff859e-e76f-43f5-951a-4a38422068cb@group-7855C2F36E53-FollowerState was interrupted: java.lang.InterruptedException: sleep interrupted
2019-11-04 16:01:59,691 [grpc-default-executor-4] INFO  impl.RoleInfo (RoleInfo.java:updateAndGet(143)) - a9143d84-6d7f-497d-b770-eb75585db3c7: start FollowerState
2019-11-04 16:01:59,691 [grpc-default-executor-0] INFO  impl.RoleInfo (RoleInfo.java:updateAndGet(143)) - 81ff859e-e76f-43f5-951a-4a38422068cb: start FollowerState
2019-11-04 16:01:59,691 [Thread-279] INFO  impl.FollowerState (FollowerState.java:run(117)) - a9143d84-6d7f-497d-b770-eb75585db3c7@group-7855C2F36E53-FollowerState was interrupted: java.lang.InterruptedException: sleep interrupted
2019-11-04 16:01:59,702 [e3fb79a3-1f86-42af-a80c-c46d1acdbc29@group-7855C2F36E53-LeaderElection13] INFO  impl.LeaderElection (LeaderElection.java:logAndReturn(56)) - e3fb79a3-1f86-42af-a80c-c46d1acdbc29@group-7855C2F36E53-LeaderElection13: Election REJECTED; received 2 response(s) [e3fb79a3-1f86-42af-a80c-c46d1acdbc29<-81ff859e-e76f-43f5-951a-4a38422068cb#0:FAIL-t9, e3fb79a3-1f86-42af-a80c-c46d1acdbc29<-a9143d84-6d7f-497d-b770-eb75585db3c7#0:FAIL-t9] and 0 exception(s); e3fb79a3-1f86-42af-a80c-c46d1acdbc29@group-7855C2F36E53:t9, leader=null, voted=e3fb79a3-1f86-42af-a80c-c46d1acdbc29, raftlog=e3fb79a3-1f86-42af-a80c-c46d1acdbc29@group-7855C2F36E53-SegmentedRaftLog:OPENED:c-1,f-1,i0, conf=-1: [e3fb79a3-1f86-42af-a80c-c46d1acdbc29:192.168.157.194:44142, 81ff859e-e76f-43f5-951a-4a38422068cb:192.168.157.194:46532, a9143d84-6d7f-497d-b770-eb75585db3c7:192.168.157.194:42126], old=null
2019-11-04 16:01:59,703 [e3fb79a3-1f86-42af-a80c-c46d1acdbc29@group-7855C2F36E53-LeaderElection13] INFO  impl.RaftServerImpl (RaftServerImpl.java:setRole(184)) - e3fb79a3-1f86-42af-a80c-c46d1acdbc29@group-7855C2F36E53: changes role from CANDIDATE to FOLLOWER at term 9 for DISCOVERED_A_NEW_TERM
2019-11-04 16:01:59,704 [e3fb79a3-1f86-42af-a80c-c46d1acdbc29@group-7855C2F36E53-LeaderElection13] INFO  impl.RoleInfo (RoleInfo.java:shutdownLeaderElection(134)) - e3fb79a3-1f86-42af-a80c-c46d1acdbc29: shutdown LeaderElection
2019-11-04 16:01:59,704 [e3fb79a3-1f86-42af-a80c-c46d1acdbc29@group-7855C2F36E53-LeaderElection13] INFO  impl.RoleInfo (RoleInfo.java:updateAndGet(143)) - e3fb79a3-1f86-42af-a80c-c46d1acdbc29: start FollowerState
2019-11-04 16:02:00,110 [Thread-286] INFO  impl.FollowerState (FollowerState.java:run(108)) - e3fb79a3-1f86-42af-a80c-c46d1acdbc29@group-7855C2F36E53-FollowerState: change to CANDIDATE, lastRpcTime:405ms, electionTimeout:163ms
2019-11-04 16:02:00,111 [Thread-286] INFO  impl.RoleInfo (RoleInfo.java:shutdownFollowerState(121)) - e3fb79a3-1f86-42af-a80c-c46d1acdbc29: shutdown FollowerState
2019-11-04 16:02:00,111 [Thread-286] INFO  impl.RaftServerImpl (RaftServerImpl.java:setRole(184)) - e3fb79a3-1f86-42af-a80c-c46d1acdbc29@group-7855C2F36E53: changes role from  FOLLOWER to CANDIDATE at term 9 for changeToCandidate
2019-11-04 16:02:00,111 [Thread-286] INFO  impl.RoleInfo (RoleInfo.java:updateAndGet(143)) - e3fb79a3-1f86-42af-a80c-c46d1acdbc29: start LeaderElection
2019-11-04 16:02:00,135 [e3fb79a3-1f86-42af-a80c-c46d1acdbc29@group-7855C2F36E53-LeaderElection14] INFO  impl.LeaderElection (LeaderElection.java:askForVotes(178)) - e3fb79a3-1f86-42af-a80c-c46d1acdbc29@group-7855C2F36E53-LeaderElection14: begin an election at term 10 for -1: [e3fb79a3-1f86-42af-a80c-c46d1acdbc29:192.168.157.194:44142, 81ff859e-e76f-43f5-951a-4a38422068cb:192.168.157.194:46532, a9143d84-6d7f-497d-b770-eb75585db3c7:192.168.157.194:42126], old=null
2019-11-04 16:02:00,153 [grpc-default-executor-0] INFO  impl.RaftServerImpl (RaftServerImpl.java:setRole(184)) - 81ff859e-e76f-43f5-951a-4a38422068cb@group-7855C2F36E53: changes role from  FOLLOWER to FOLLOWER at term 10 for recognizeCandidate:e3fb79a3-1f86-42af-a80c-c46d1acdbc29
2019-11-04 16:02:00,153 [grpc-default-executor-4] INFO  impl.RaftServerImpl (RaftServerImpl.java:setRole(184)) - a9143d84-6d7f-497d-b770-eb75585db3c7@group-7855C2F36E53: changes role from  FOLLOWER to FOLLOWER at term 10 for recognizeCandidate:e3fb79a3-1f86-42af-a80c-c46d1acdbc29
2019-11-04 16:02:00,153 [grpc-default-executor-0] INFO  impl.RoleInfo (RoleInfo.java:shutdownFollowerState(121)) - 81ff859e-e76f-43f5-951a-4a38422068cb: shutdown FollowerState
2019-11-04 16:02:00,153 [grpc-default-executor-4] INFO  impl.RoleInfo (RoleInfo.java:shutdownFollowerState(121)) - a9143d84-6d7f-497d-b770-eb75585db3c7: shutdown FollowerState
2019-11-04 16:02:00,153 [grpc-default-executor-0] INFO  impl.RoleInfo (RoleInfo.java:updateAndGet(143)) - 81ff859e-e76f-43f5-951a-4a38422068cb: start FollowerState
2019-11-04 16:02:00,153 [Thread-285] INFO  impl.FollowerState (FollowerState.java:run(117)) - a9143d84-6d7f-497d-b770-eb75585db3c7@group-7855C2F36E53-FollowerState was interrupted: java.lang.InterruptedException: sleep interrupted
2019-11-04 16:02:00,153 [grpc-default-executor-4] INFO  impl.RoleInfo (RoleInfo.java:updateAndGet(143)) - a9143d84-6d7f-497d-b770-eb75585db3c7: start FollowerState
2019-11-04 16:02:00,153 [Thread-284] INFO  impl.FollowerState (FollowerState.java:run(117)) - 81ff859e-e76f-43f5-951a-4a38422068cb@group-7855C2F36E53-FollowerState was interrupted: java.lang.InterruptedException: sleep interrupted
2019-11-04 16:02:00,177 [e3fb79a3-1f86-42af-a80c-c46d1acdbc29@group-7855C2F36E53-LeaderElection14] INFO  impl.LeaderElection (LeaderElection.java:logAndReturn(56)) - e3fb79a3-1f86-42af-a80c-c46d1acdbc29@group-7855C2F36E53-LeaderElection14: Election REJECTED; received 2 response(s) [e3fb79a3-1f86-42af-a80c-c46d1acdbc29<-81ff859e-e76f-43f5-951a-4a38422068cb#0:FAIL-t10, e3fb79a3-1f86-42af-a80c-c46d1acdbc29<-a9143d84-6d7f-497d-b770-eb75585db3c7#0:FAIL-t10] and 0 exception(s); e3fb79a3-1f86-42af-a80c-c46d1acdbc29@group-7855C2F36E53:t10, leader=null, voted=e3fb79a3-1f86-42af-a80c-c46d1acdbc29, raftlog=e3fb79a3-1f86-42af-a80c-c46d1acdbc29@group-7855C2F36E53-SegmentedRaftLog:OPENED:c-1,f-1,i0, conf=-1: [e3fb79a3-1f86-42af-a80c-c46d1acdbc29:192.168.157.194:44142, 81ff859e-e76f-43f5-951a-4a38422068cb:192.168.157.194:46532, a9143d84-6d7f-497d-b770-eb75585db3c7:192.168.157.194:42126], old=null
2019-11-04 16:02:00,178 [e3fb79a3-1f86-42af-a80c-c46d1acdbc29@group-7855C2F36E53-LeaderElection14] INFO  impl.RaftServerImpl (RaftServerImpl.java:setRole(184)) - e3fb79a3-1f86-42af-a80c-c46d1acdbc29@group-7855C2F36E53: changes role from CANDIDATE to FOLLOWER at term 10 for DISCOVERED_A_NEW_TERM
2019-11-04 16:02:00,178 [e3fb79a3-1f86-42af-a80c-c46d1acdbc29@group-7855C2F36E53-LeaderElection14] INFO  impl.RoleInfo (RoleInfo.java:shutdownLeaderElection(134)) - e3fb79a3-1f86-42af-a80c-c46d1acdbc29: shutdown LeaderElection
2019-11-04 16:02:00,179 [e3fb79a3-1f86-42af-a80c-c46d1acdbc29@group-7855C2F36E53-LeaderElection14] INFO  impl.RoleInfo (RoleInfo.java:updateAndGet(143)) - e3fb79a3-1f86-42af-a80c-c46d1acdbc29: start FollowerState
2019-11-04 16:02:00,193 [Thread-293] INFO  impl.FollowerState (FollowerState.java:run(108)) - e3fb79a3-1f86-42af-a80c-c46d1acdbc29@group-7855C2F36E53-FollowerState: change to CANDIDATE, lastRpcTime:14ms, electionTimeout:14ms
2019-11-04 16:02:00,194 [Thread-293] INFO  impl.RoleInfo (RoleInfo.java:shutdownFollowerState(121)) - e3fb79a3-1f86-42af-a80c-c46d1acdbc29: shutdown FollowerState
2019-11-04 16:02:00,194 [Thread-293] INFO  impl.RaftServerImpl (RaftServerImpl.java:setRole(184)) - e3fb79a3-1f86-42af-a80c-c46d1acdbc29@group-7855C2F36E53: changes role from  FOLLOWER to CANDIDATE at term 10 for changeToCandidate
2019-11-04 16:02:00,194 [Thread-293] INFO  impl.RoleInfo (RoleInfo.java:updateAndGet(143)) - e3fb79a3-1f86-42af-a80c-c46d1acdbc29: start LeaderElection
2019-11-04 16:02:00,210 [e3fb79a3-1f86-42af-a80c-c46d1acdbc29@group-7855C2F36E53-LeaderElection15] INFO  impl.LeaderElection (LeaderElection.java:askForVotes(178)) - e3fb79a3-1f86-42af-a80c-c46d1acdbc29@group-7855C2F36E53-LeaderElection15: begin an election at term 11 for -1: [e3fb79a3-1f86-42af-a80c-c46d1acdbc29:192.168.157.194:44142, 81ff859e-e76f-43f5-951a-4a38422068cb:192.168.157.194:46532, a9143d84-6d7f-497d-b770-eb75585db3c7:192.168.157.194:42126], old=null
2019-11-04 16:02:00,218 [grpc-default-executor-4] INFO  impl.RaftServerImpl (RaftServerImpl.java:setRole(184)) - a9143d84-6d7f-497d-b770-eb75585db3c7@group-7855C2F36E53: changes role from  FOLLOWER to FOLLOWER at term 11 for recognizeCandidate:e3fb79a3-1f86-42af-a80c-c46d1acdbc29
2019-11-04 16:02:00,219 [grpc-default-executor-0] INFO  impl.RaftServerImpl (RaftServerImpl.java:setRole(184)) - 81ff859e-e76f-43f5-951a-4a38422068cb@group-7855C2F36E53: changes role from  FOLLOWER to FOLLOWER at term 11 for recognizeCandidate:e3fb79a3-1f86-42af-a80c-c46d1acdbc29
2019-11-04 16:02:00,219 [grpc-default-executor-4] INFO  impl.RoleInfo (RoleInfo.java:shutdownFollowerState(121)) - a9143d84-6d7f-497d-b770-eb75585db3c7: shutdown FollowerState
2019-11-04 16:02:00,219 [grpc-default-executor-0] INFO  impl.RoleInfo (RoleInfo.java:shutdownFollowerState(121)) - 81ff859e-e76f-43f5-951a-4a38422068cb: shutdown FollowerState
2019-11-04 16:02:00,219 [grpc-default-executor-4] INFO  impl.RoleInfo (RoleInfo.java:updateAndGet(143)) - a9143d84-6d7f-497d-b770-eb75585db3c7: start FollowerState
2019-11-04 16:02:00,219 [Thread-292] INFO  impl.FollowerState (FollowerState.java:run(117)) - a9143d84-6d7f-497d-b770-eb75585db3c7@group-7855C2F36E53-FollowerState was interrupted: java.lang.InterruptedException: sleep interrupted
2019-11-04 16:02:00,219 [grpc-default-executor-0] INFO  impl.RoleInfo (RoleInfo.java:updateAndGet(143)) - 81ff859e-e76f-43f5-951a-4a38422068cb: start FollowerState
2019-11-04 16:02:00,219 [Thread-291] INFO  impl.FollowerState (FollowerState.java:run(117)) - 81ff859e-e76f-43f5-951a-4a38422068cb@group-7855C2F36E53-FollowerState was interrupted: java.lang.InterruptedException: sleep interrupted
2019-11-04 16:02:00,235 [e3fb79a3-1f86-42af-a80c-c46d1acdbc29@group-7855C2F36E53-LeaderElection15] INFO  impl.LeaderElection (LeaderElection.java:logAndReturn(56)) - e3fb79a3-1f86-42af-a80c-c46d1acdbc29@group-7855C2F36E53-LeaderElection15: Election REJECTED; received 2 response(s) [e3fb79a3-1f86-42af-a80c-c46d1acdbc29<-81ff859e-e76f-43f5-951a-4a38422068cb#0:FAIL-t11, e3fb79a3-1f86-42af-a80c-c46d1acdbc29<-a9143d84-6d7f-497d-b770-eb75585db3c7#0:FAIL-t11] and 0 exception(s); e3fb79a3-1f86-42af-a80c-c46d1acdbc29@group-7855C2F36E53:t11, leader=null, voted=e3fb79a3-1f86-42af-a80c-c46d1acdbc29, raftlog=e3fb79a3-1f86-42af-a80c-c46d1acdbc29@group-7855C2F36E53-SegmentedRaftLog:OPENED:c-1,f-1,i0, conf=-1: [e3fb79a3-1f86-42af-a80c-c46d1acdbc29:192.168.157.194:44142, 81ff859e-e76f-43f5-951a-4a38422068cb:192.168.157.194:46532, a9143d84-6d7f-497d-b770-eb75585db3c7:192.168.157.194:42126], old=null
2019-11-04 16:02:00,235 [e3fb79a3-1f86-42af-a80c-c46d1acdbc29@group-7855C2F36E53-LeaderElection15] INFO  impl.RaftServerImpl (RaftServerImpl.java:setRole(184)) - e3fb79a3-1f86-42af-a80c-c46d1acdbc29@group-7855C2F36E53: changes role from CANDIDATE to FOLLOWER at term 11 for DISCOVERED_A_NEW_TERM
2019-11-04 16:02:00,236 [e3fb79a3-1f86-42af-a80c-c46d1acdbc29@group-7855C2F36E53-LeaderElection15] INFO  impl.RoleInfo (RoleInfo.java:shutdownLeaderElection(134)) - e3fb79a3-1f86-42af-a80c-c46d1acdbc29: shutdown LeaderElection
2019-11-04 16:02:00,236 [e3fb79a3-1f86-42af-a80c-c46d1acdbc29@group-7855C2F36E53-LeaderElection15] INFO  impl.RoleInfo (RoleInfo.java:updateAndGet(143)) - e3fb79a3-1f86-42af-a80c-c46d1acdbc29: start FollowerState
2019-11-04 16:02:00,329 [Thread-300] INFO  impl.FollowerState (FollowerState.java:run(108)) - e3fb79a3-1f86-42af-a80c-c46d1acdbc29@group-7855C2F36E53-FollowerState: change to CANDIDATE, lastRpcTime:92ms, electionTimeout:89ms
2019-11-04 16:02:00,330 [Thread-300] INFO  impl.RoleInfo (RoleInfo.java:shutdownFollowerState(121)) - e3fb79a3-1f86-42af-a80c-c46d1acdbc29: shutdown FollowerState
2019-11-04 16:02:00,330 [Thread-300] INFO  impl.RaftServerImpl (RaftServerImpl.java:setRole(184)) - e3fb79a3-1f86-42af-a80c-c46d1acdbc29@group-7855C2F36E53: changes role from  FOLLOWER to CANDIDATE at term 11 for changeToCandidate
2019-11-04 16:02:00,330 [Thread-300] INFO  impl.RoleInfo (RoleInfo.java:updateAndGet(143)) - e3fb79a3-1f86-42af-a80c-c46d1acdbc29: start LeaderElection
2019-11-04 16:02:00,345 [e3fb79a3-1f86-42af-a80c-c46d1acdbc29@group-7855C2F36E53-LeaderElection16] INFO  impl.LeaderElection (LeaderElection.java:askForVotes(178)) - e3fb79a3-1f86-42af-a80c-c46d1acdbc29@group-7855C2F36E53-LeaderElection16: begin an election at term 12 for -1: [e3fb79a3-1f86-42af-a80c-c46d1acdbc29:192.168.157.194:44142, 81ff859e-e76f-43f5-951a-4a38422068cb:192.168.157.194:46532, a9143d84-6d7f-497d-b770-eb75585db3c7:192.168.157.194:42126], old=null
2019-11-04 16:02:00,349 [grpc-default-executor-4] INFO  impl.RaftServerImpl (RaftServerImpl.java:setRole(184)) - 81ff859e-e76f-43f5-951a-4a38422068cb@group-7855C2F36E53: changes role from  FOLLOWER to FOLLOWER at term 12 for recognizeCandidate:e3fb79a3-1f86-42af-a80c-c46d1acdbc29
2019-11-04 16:02:00,349 [grpc-default-executor-0] INFO  impl.RaftServerImpl (RaftServerImpl.java:setRole(184)) - a9143d84-6d7f-497d-b770-eb75585db3c7@group-7855C2F36E53: changes role from  FOLLOWER to FOLLOWER at term 12 for recognizeCandidate:e3fb79a3-1f86-42af-a80c-c46d1acdbc29
2019-11-04 16:02:00,350 [grpc-default-executor-4] INFO  impl.RoleInfo (RoleInfo.java:shutdownFollowerState(121)) - 81ff859e-e76f-43f5-951a-4a38422068cb: shutdown FollowerState
2019-11-04 16:02:00,350 [grpc-default-executor-0] INFO  impl.RoleInfo (RoleInfo.java:shutdownFollowerState(121)) - a9143d84-6d7f-497d-b770-eb75585db3c7: shutdown FollowerState
2019-11-04 16:02:00,350 [Thread-299] INFO  impl.FollowerState (FollowerState.java:run(117)) - 81ff859e-e76f-43f5-951a-4a38422068cb@group-7855C2F36E53-FollowerState was interrupted: java.lang.InterruptedException: sleep interrupted
2019-11-04 16:02:00,350 [grpc-default-executor-4] INFO  impl.RoleInfo (RoleInfo.java:updateAndGet(143)) - 81ff859e-e76f-43f5-951a-4a38422068cb: start FollowerState
2019-11-04 16:02:00,350 [grpc-default-executor-0] INFO  impl.RoleInfo (RoleInfo.java:updateAndGet(143)) - a9143d84-6d7f-497d-b770-eb75585db3c7: start FollowerState
2019-11-04 16:02:00,350 [Thread-298] INFO  impl.FollowerState (FollowerState.java:run(117)) - a9143d84-6d7f-497d-b770-eb75585db3c7@group-7855C2F36E53-FollowerState was interrupted: java.lang.InterruptedException: sleep interrupted
2019-11-04 16:02:00,351 [Thread-301] INFO  rpc.RpcClient (RpcClient.java:createVolume(272)) - Creating Volume: 6e91dbec-8f1d-41c3-b847-9995b4c66746, with jenkins1000 as owner.
2019-11-04 16:02:00,368 [e3fb79a3-1f86-42af-a80c-c46d1acdbc29@group-7855C2F36E53-LeaderElection16] INFO  impl.LeaderElection (LeaderElection.java:logAndReturn(56)) - e3fb79a3-1f86-42af-a80c-c46d1acdbc29@group-7855C2F36E53-LeaderElection16: Election REJECTED; received 2 response(s) [e3fb79a3-1f86-42af-a80c-c46d1acdbc29<-81ff859e-e76f-43f5-951a-4a38422068cb#0:FAIL-t12, e3fb79a3-1f86-42af-a80c-c46d1acdbc29<-a9143d84-6d7f-497d-b770-eb75585db3c7#0:FAIL-t12] and 0 exception(s); e3fb79a3-1f86-42af-a80c-c46d1acdbc29@group-7855C2F36E53:t12, leader=null, voted=e3fb79a3-1f86-42af-a80c-c46d1acdbc29, raftlog=e3fb79a3-1f86-42af-a80c-c46d1acdbc29@group-7855C2F36E53-SegmentedRaftLog:OPENED:c-1,f-1,i0, conf=-1: [e3fb79a3-1f86-42af-a80c-c46d1acdbc29:192.168.157.194:44142, 81ff859e-e76f-43f5-951a-4a38422068cb:192.168.157.194:46532, a9143d84-6d7f-497d-b770-eb75585db3c7:192.168.157.194:42126], old=null
2019-11-04 16:02:00,369 [e3fb79a3-1f86-42af-a80c-c46d1acdbc29@group-7855C2F36E53-LeaderElection16] INFO  impl.RaftServerImpl (RaftServerImpl.java:setRole(184)) - e3fb79a3-1f86-42af-a80c-c46d1acdbc29@group-7855C2F36E53: changes role from CANDIDATE to FOLLOWER at term 12 for DISCOVERED_A_NEW_TERM
2019-11-04 16:02:00,369 [e3fb79a3-1f86-42af-a80c-c46d1acdbc29@group-7855C2F36E53-LeaderElection16] INFO  impl.RoleInfo (RoleInfo.java:shutdownLeaderElection(134)) - e3fb79a3-1f86-42af-a80c-c46d1acdbc29: shutdown LeaderElection
2019-11-04 16:02:00,369 [e3fb79a3-1f86-42af-a80c-c46d1acdbc29@group-7855C2F36E53-LeaderElection16] INFO  impl.RoleInfo (RoleInfo.java:updateAndGet(143)) - e3fb79a3-1f86-42af-a80c-c46d1acdbc29: start FollowerState
2019-11-04 16:02:00,433 [OM StateMachine ApplyTransaction Thread - 0] INFO  volume.OMVolumeCreateRequest (OMVolumeCreateRequest.java:validateAndUpdateCache(193)) - created volume:6e91dbec-8f1d-41c3-b847-9995b4c66746 for user:jenkins1000
2019-11-04 16:02:00,456 [Thread-301] INFO  rpc.RpcClient (RpcClient.java:createBucket(411)) - Creating Bucket: 6e91dbec-8f1d-41c3-b847-9995b4c66746/81367cb7-bbcd-4a0c-90f7-5352926a24aa, with Versioning false and Storage Type set to DISK and Encryption set to false 
2019-11-04 16:02:00,522 [IPC Server handler 0 on 46238] INFO  server.SCMBlockProtocolServer (SCMBlockProtocolServer.java:allocateBlock(179)) - Allocating 1 blocks of size 4194304, with ExcludeList {datanodes = [], containerIds = [], pipelineIds = []}
2019-11-04 16:02:00,543 [Thread-308] INFO  impl.FollowerState (FollowerState.java:run(108)) - e3fb79a3-1f86-42af-a80c-c46d1acdbc29@group-7855C2F36E53-FollowerState: change to CANDIDATE, lastRpcTime:174ms, electionTimeout:174ms
2019-11-04 16:02:00,543 [Thread-308] INFO  impl.RoleInfo (RoleInfo.java:shutdownFollowerState(121)) - e3fb79a3-1f86-42af-a80c-c46d1acdbc29: shutdown FollowerState
2019-11-04 16:02:00,544 [Thread-308] INFO  impl.RaftServerImpl (RaftServerImpl.java:setRole(184)) - e3fb79a3-1f86-42af-a80c-c46d1acdbc29@group-7855C2F36E53: changes role from  FOLLOWER to CANDIDATE at term 12 for changeToCandidate
2019-11-04 16:02:00,544 [Thread-308] INFO  impl.RoleInfo (RoleInfo.java:updateAndGet(143)) - e3fb79a3-1f86-42af-a80c-c46d1acdbc29: start LeaderElection
2019-11-04 16:02:00,559 [e3fb79a3-1f86-42af-a80c-c46d1acdbc29@group-7855C2F36E53-LeaderElection17] INFO  impl.LeaderElection (LeaderElection.java:askForVotes(178)) - e3fb79a3-1f86-42af-a80c-c46d1acdbc29@group-7855C2F36E53-LeaderElection17: begin an election at term 13 for -1: [e3fb79a3-1f86-42af-a80c-c46d1acdbc29:192.168.157.194:44142, 81ff859e-e76f-43f5-951a-4a38422068cb:192.168.157.194:46532, a9143d84-6d7f-497d-b770-eb75585db3c7:192.168.157.194:42126], old=null
2019-11-04 16:02:00,565 [grpc-default-executor-0] INFO  impl.RaftServerImpl (RaftServerImpl.java:setRole(184)) - a9143d84-6d7f-497d-b770-eb75585db3c7@group-7855C2F36E53: changes role from  FOLLOWER to FOLLOWER at term 13 for recognizeCandidate:e3fb79a3-1f86-42af-a80c-c46d1acdbc29
2019-11-04 16:02:00,565 [grpc-default-executor-0] INFO  impl.RoleInfo (RoleInfo.java:shutdownFollowerState(121)) - a9143d84-6d7f-497d-b770-eb75585db3c7: shutdown FollowerState
2019-11-04 16:02:00,565 [grpc-default-executor-4] INFO  impl.RaftServerImpl (RaftServerImpl.java:setRole(184)) - 81ff859e-e76f-43f5-951a-4a38422068cb@group-7855C2F36E53: changes role from  FOLLOWER to FOLLOWER at term 13 for recognizeCandidate:e3fb79a3-1f86-42af-a80c-c46d1acdbc29
2019-11-04 16:02:00,565 [Thread-307] INFO  impl.FollowerState (FollowerState.java:run(117)) - a9143d84-6d7f-497d-b770-eb75585db3c7@group-7855C2F36E53-FollowerState was interrupted: java.lang.InterruptedException: sleep interrupted
2019-11-04 16:02:00,565 [grpc-default-executor-4] INFO  impl.RoleInfo (RoleInfo.java:shutdownFollowerState(121)) - 81ff859e-e76f-43f5-951a-4a38422068cb: shutdown FollowerState
2019-11-04 16:02:00,565 [grpc-default-executor-0] INFO  impl.RoleInfo (RoleInfo.java:updateAndGet(143)) - a9143d84-6d7f-497d-b770-eb75585db3c7: start FollowerState
2019-11-04 16:02:00,566 [grpc-default-executor-4] INFO  impl.RoleInfo (RoleInfo.java:updateAndGet(143)) - 81ff859e-e76f-43f5-951a-4a38422068cb: start FollowerState
2019-11-04 16:02:00,566 [Thread-306] INFO  impl.FollowerState (FollowerState.java:run(117)) - 81ff859e-e76f-43f5-951a-4a38422068cb@group-7855C2F36E53-FollowerState was interrupted: java.lang.InterruptedException: sleep interrupted
2019-11-04 16:02:00,584 [e3fb79a3-1f86-42af-a80c-c46d1acdbc29@group-7855C2F36E53-LeaderElection17] INFO  impl.LeaderElection (LeaderElection.java:logAndReturn(56)) - e3fb79a3-1f86-42af-a80c-c46d1acdbc29@group-7855C2F36E53-LeaderElection17: Election REJECTED; received 2 response(s) [e3fb79a3-1f86-42af-a80c-c46d1acdbc29<-81ff859e-e76f-43f5-951a-4a38422068cb#0:FAIL-t13, e3fb79a3-1f86-42af-a80c-c46d1acdbc29<-a9143d84-6d7f-497d-b770-eb75585db3c7#0:FAIL-t13] and 0 exception(s); e3fb79a3-1f86-42af-a80c-c46d1acdbc29@group-7855C2F36E53:t13, leader=null, voted=e3fb79a3-1f86-42af-a80c-c46d1acdbc29, raftlog=e3fb79a3-1f86-42af-a80c-c46d1acdbc29@group-7855C2F36E53-SegmentedRaftLog:OPENED:c-1,f-1,i0, conf=-1: [e3fb79a3-1f86-42af-a80c-c46d1acdbc29:192.168.157.194:44142, 81ff859e-e76f-43f5-951a-4a38422068cb:192.168.157.194:46532, a9143d84-6d7f-497d-b770-eb75585db3c7:192.168.157.194:42126], old=null
2019-11-04 16:02:00,585 [e3fb79a3-1f86-42af-a80c-c46d1acdbc29@group-7855C2F36E53-LeaderElection17] INFO  impl.RaftServerImpl (RaftServerImpl.java:setRole(184)) - e3fb79a3-1f86-42af-a80c-c46d1acdbc29@group-7855C2F36E53: changes role from CANDIDATE to FOLLOWER at term 13 for DISCOVERED_A_NEW_TERM
2019-11-04 16:02:00,585 [e3fb79a3-1f86-42af-a80c-c46d1acdbc29@group-7855C2F36E53-LeaderElection17] INFO  impl.RoleInfo (RoleInfo.java:shutdownLeaderElection(134)) - e3fb79a3-1f86-42af-a80c-c46d1acdbc29: shutdown LeaderElection
2019-11-04 16:02:00,585 [e3fb79a3-1f86-42af-a80c-c46d1acdbc29@group-7855C2F36E53-LeaderElection17] INFO  impl.RoleInfo (RoleInfo.java:updateAndGet(143)) - e3fb79a3-1f86-42af-a80c-c46d1acdbc29: start FollowerState
2019-11-04 16:02:00,618 [Thread-301] INFO  impl.MetricsSystemImpl (MetricsSystemImpl.java:init(158)) - XceiverClientMetrics metrics system started (again)
2019-11-04 16:02:00,655 [Thread-314] INFO  impl.FollowerState (FollowerState.java:run(108)) - e3fb79a3-1f86-42af-a80c-c46d1acdbc29@group-7855C2F36E53-FollowerState: change to CANDIDATE, lastRpcTime:70ms, electionTimeout:70ms
2019-11-04 16:02:00,656 [Thread-314] INFO  impl.RoleInfo (RoleInfo.java:shutdownFollowerState(121)) - e3fb79a3-1f86-42af-a80c-c46d1acdbc29: shutdown FollowerState
2019-11-04 16:02:00,656 [Thread-314] INFO  impl.RaftServerImpl (RaftServerImpl.java:setRole(184)) - e3fb79a3-1f86-42af-a80c-c46d1acdbc29@group-7855C2F36E53: changes role from  FOLLOWER to CANDIDATE at term 13 for changeToCandidate
2019-11-04 16:02:00,656 [Thread-314] INFO  impl.RoleInfo (RoleInfo.java:updateAndGet(143)) - e3fb79a3-1f86-42af-a80c-c46d1acdbc29: start LeaderElection
2019-11-04 16:02:00,671 [e3fb79a3-1f86-42af-a80c-c46d1acdbc29@group-7855C2F36E53-LeaderElection18] INFO  impl.LeaderElection (LeaderElection.java:askForVotes(178)) - e3fb79a3-1f86-42af-a80c-c46d1acdbc29@group-7855C2F36E53-LeaderElection18: begin an election at term 14 for -1: [e3fb79a3-1f86-42af-a80c-c46d1acdbc29:192.168.157.194:44142, 81ff859e-e76f-43f5-951a-4a38422068cb:192.168.157.194:46532, a9143d84-6d7f-497d-b770-eb75585db3c7:192.168.157.194:42126], old=null
2019-11-04 16:02:00,678 [grpc-default-executor-5] INFO  impl.RaftServerImpl (RaftServerImpl.java:setRole(184)) - a9143d84-6d7f-497d-b770-eb75585db3c7@group-7855C2F36E53: changes role from  FOLLOWER to FOLLOWER at term 14 for recognizeCandidate:e3fb79a3-1f86-42af-a80c-c46d1acdbc29
2019-11-04 16:02:00,679 [grpc-default-executor-4] INFO  impl.RaftServerImpl (RaftServerImpl.java:setRole(184)) - 81ff859e-e76f-43f5-951a-4a38422068cb@group-7855C2F36E53: changes role from  FOLLOWER to FOLLOWER at term 14 for recognizeCandidate:e3fb79a3-1f86-42af-a80c-c46d1acdbc29
2019-11-04 16:02:00,680 [grpc-default-executor-5] INFO  impl.RoleInfo (RoleInfo.java:shutdownFollowerState(121)) - a9143d84-6d7f-497d-b770-eb75585db3c7: shutdown FollowerState
2019-11-04 16:02:00,680 [grpc-default-executor-4] INFO  impl.RoleInfo (RoleInfo.java:shutdownFollowerState(121)) - 81ff859e-e76f-43f5-951a-4a38422068cb: shutdown FollowerState
2019-11-04 16:02:00,680 [grpc-default-executor-5] INFO  impl.RoleInfo (RoleInfo.java:updateAndGet(143)) - a9143d84-6d7f-497d-b770-eb75585db3c7: start FollowerState
2019-11-04 16:02:00,680 [grpc-default-executor-4] INFO  impl.RoleInfo (RoleInfo.java:updateAndGet(143)) - 81ff859e-e76f-43f5-951a-4a38422068cb: start FollowerState
2019-11-04 16:02:00,680 [Thread-312] INFO  impl.FollowerState (FollowerState.java:run(117)) - a9143d84-6d7f-497d-b770-eb75585db3c7@group-7855C2F36E53-FollowerState was interrupted: java.lang.InterruptedException: sleep interrupted
2019-11-04 16:02:00,680 [Thread-313] INFO  impl.FollowerState (FollowerState.java:run(117)) - 81ff859e-e76f-43f5-951a-4a38422068cb@group-7855C2F36E53-FollowerState was interrupted: java.lang.InterruptedException: sleep interrupted
2019-11-04 16:02:00,702 [e3fb79a3-1f86-42af-a80c-c46d1acdbc29@group-7855C2F36E53-LeaderElection18] INFO  impl.LeaderElection (LeaderElection.java:logAndReturn(56)) - e3fb79a3-1f86-42af-a80c-c46d1acdbc29@group-7855C2F36E53-LeaderElection18: Election REJECTED; received 2 response(s) [e3fb79a3-1f86-42af-a80c-c46d1acdbc29<-81ff859e-e76f-43f5-951a-4a38422068cb#0:FAIL-t14, e3fb79a3-1f86-42af-a80c-c46d1acdbc29<-a9143d84-6d7f-497d-b770-eb75585db3c7#0:FAIL-t14] and 0 exception(s); e3fb79a3-1f86-42af-a80c-c46d1acdbc29@group-7855C2F36E53:t14, leader=null, voted=e3fb79a3-1f86-42af-a80c-c46d1acdbc29, raftlog=e3fb79a3-1f86-42af-a80c-c46d1acdbc29@group-7855C2F36E53-SegmentedRaftLog:OPENED:c-1,f-1,i0, conf=-1: [e3fb79a3-1f86-42af-a80c-c46d1acdbc29:192.168.157.194:44142, 81ff859e-e76f-43f5-951a-4a38422068cb:192.168.157.194:46532, a9143d84-6d7f-497d-b770-eb75585db3c7:192.168.157.194:42126], old=null
2019-11-04 16:02:00,702 [e3fb79a3-1f86-42af-a80c-c46d1acdbc29@group-7855C2F36E53-LeaderElection18] INFO  impl.RaftServerImpl (RaftServerImpl.java:setRole(184)) - e3fb79a3-1f86-42af-a80c-c46d1acdbc29@group-7855C2F36E53: changes role from CANDIDATE to FOLLOWER at term 14 for DISCOVERED_A_NEW_TERM
2019-11-04 16:02:00,702 [e3fb79a3-1f86-42af-a80c-c46d1acdbc29@group-7855C2F36E53-LeaderElection18] INFO  impl.RoleInfo (RoleInfo.java:shutdownLeaderElection(134)) - e3fb79a3-1f86-42af-a80c-c46d1acdbc29: shutdown LeaderElection
2019-11-04 16:02:00,702 [e3fb79a3-1f86-42af-a80c-c46d1acdbc29@group-7855C2F36E53-LeaderElection18] INFO  impl.RoleInfo (RoleInfo.java:updateAndGet(143)) - e3fb79a3-1f86-42af-a80c-c46d1acdbc29: start FollowerState
2019-11-04 16:02:00,871 [Thread-322] INFO  impl.FollowerState (FollowerState.java:run(108)) - e3fb79a3-1f86-42af-a80c-c46d1acdbc29@group-7855C2F36E53-FollowerState: change to CANDIDATE, lastRpcTime:169ms, electionTimeout:169ms
2019-11-04 16:02:00,873 [Thread-322] INFO  impl.RoleInfo (RoleInfo.java:shutdownFollowerState(121)) - e3fb79a3-1f86-42af-a80c-c46d1acdbc29: shutdown FollowerState
2019-11-04 16:02:00,873 [Thread-322] INFO  impl.RaftServerImpl (RaftServerImpl.java:setRole(184)) - e3fb79a3-1f86-42af-a80c-c46d1acdbc29@group-7855C2F36E53: changes role from  FOLLOWER to CANDIDATE at term 14 for changeToCandidate
2019-11-04 16:02:00,873 [Thread-322] INFO  impl.RoleInfo (RoleInfo.java:updateAndGet(143)) - e3fb79a3-1f86-42af-a80c-c46d1acdbc29: start LeaderElection
2019-11-04 16:02:00,896 [e3fb79a3-1f86-42af-a80c-c46d1acdbc29@group-7855C2F36E53-LeaderElection19] INFO  impl.LeaderElection (LeaderElection.java:askForVotes(178)) - e3fb79a3-1f86-42af-a80c-c46d1acdbc29@group-7855C2F36E53-LeaderElection19: begin an election at term 15 for -1: [e3fb79a3-1f86-42af-a80c-c46d1acdbc29:192.168.157.194:44142, 81ff859e-e76f-43f5-951a-4a38422068cb:192.168.157.194:46532, a9143d84-6d7f-497d-b770-eb75585db3c7:192.168.157.194:42126], old=null
2019-11-04 16:02:00,899 [grpc-default-executor-5] INFO  impl.RaftServerImpl (RaftServerImpl.java:setRole(184)) - a9143d84-6d7f-497d-b770-eb75585db3c7@group-7855C2F36E53: changes role from  FOLLOWER to FOLLOWER at term 15 for recognizeCandidate:e3fb79a3-1f86-42af-a80c-c46d1acdbc29
2019-11-04 16:02:00,899 [grpc-default-executor-0] INFO  impl.RaftServerImpl (RaftServerImpl.java:setRole(184)) - 81ff859e-e76f-43f5-951a-4a38422068cb@group-7855C2F36E53: changes role from  FOLLOWER to FOLLOWER at term 15 for recognizeCandidate:e3fb79a3-1f86-42af-a80c-c46d1acdbc29
2019-11-04 16:02:00,899 [grpc-default-executor-5] INFO  impl.RoleInfo (RoleInfo.java:shutdownFollowerState(121)) - a9143d84-6d7f-497d-b770-eb75585db3c7: shutdown FollowerState
2019-11-04 16:02:00,899 [grpc-default-executor-0] INFO  impl.RoleInfo (RoleInfo.java:shutdownFollowerState(121)) - 81ff859e-e76f-43f5-951a-4a38422068cb: shutdown FollowerState
2019-11-04 16:02:00,900 [Thread-320] INFO  impl.FollowerState (FollowerState.java:run(117)) - a9143d84-6d7f-497d-b770-eb75585db3c7@group-7855C2F36E53-FollowerState was interrupted: java.lang.InterruptedException: sleep interrupted
2019-11-04 16:02:00,900 [grpc-default-executor-0] INFO  impl.RoleInfo (RoleInfo.java:updateAndGet(143)) - 81ff859e-e76f-43f5-951a-4a38422068cb: start FollowerState
2019-11-04 16:02:00,900 [grpc-default-executor-5] INFO  impl.RoleInfo (RoleInfo.java:updateAndGet(143)) - a9143d84-6d7f-497d-b770-eb75585db3c7: start FollowerState
2019-11-04 16:02:00,900 [Thread-321] INFO  impl.FollowerState (FollowerState.java:run(117)) - 81ff859e-e76f-43f5-951a-4a38422068cb@group-7855C2F36E53-FollowerState was interrupted: java.lang.InterruptedException: sleep interrupted
2019-11-04 16:02:00,917 [e3fb79a3-1f86-42af-a80c-c46d1acdbc29@group-7855C2F36E53-LeaderElection19] INFO  impl.LeaderElection (LeaderElection.java:logAndReturn(56)) - e3fb79a3-1f86-42af-a80c-c46d1acdbc29@group-7855C2F36E53-LeaderElection19: Election REJECTED; received 2 response(s) [e3fb79a3-1f86-42af-a80c-c46d1acdbc29<-81ff859e-e76f-43f5-951a-4a38422068cb#0:FAIL-t15, e3fb79a3-1f86-42af-a80c-c46d1acdbc29<-a9143d84-6d7f-497d-b770-eb75585db3c7#0:FAIL-t15] and 0 exception(s); e3fb79a3-1f86-42af-a80c-c46d1acdbc29@group-7855C2F36E53:t15, leader=null, voted=e3fb79a3-1f86-42af-a80c-c46d1acdbc29, raftlog=e3fb79a3-1f86-42af-a80c-c46d1acdbc29@group-7855C2F36E53-SegmentedRaftLog:OPENED:c-1,f-1,i0, conf=-1: [e3fb79a3-1f86-42af-a80c-c46d1acdbc29:192.168.157.194:44142, 81ff859e-e76f-43f5-951a-4a38422068cb:192.168.157.194:46532, a9143d84-6d7f-497d-b770-eb75585db3c7:192.168.157.194:42126], old=null
2019-11-04 16:02:00,918 [e3fb79a3-1f86-42af-a80c-c46d1acdbc29@group-7855C2F36E53-LeaderElection19] INFO  impl.RaftServerImpl (RaftServerImpl.java:setRole(184)) - e3fb79a3-1f86-42af-a80c-c46d1acdbc29@group-7855C2F36E53: changes role from CANDIDATE to FOLLOWER at term 15 for DISCOVERED_A_NEW_TERM
2019-11-04 16:02:00,918 [e3fb79a3-1f86-42af-a80c-c46d1acdbc29@group-7855C2F36E53-LeaderElection19] INFO  impl.RoleInfo (RoleInfo.java:shutdownLeaderElection(134)) - e3fb79a3-1f86-42af-a80c-c46d1acdbc29: shutdown LeaderElection
2019-11-04 16:02:00,918 [e3fb79a3-1f86-42af-a80c-c46d1acdbc29@group-7855C2F36E53-LeaderElection19] INFO  impl.RoleInfo (RoleInfo.java:updateAndGet(143)) - e3fb79a3-1f86-42af-a80c-c46d1acdbc29: start FollowerState
2019-11-04 16:02:01,052 [Thread-329] INFO  impl.FollowerState (FollowerState.java:run(108)) - e3fb79a3-1f86-42af-a80c-c46d1acdbc29@group-7855C2F36E53-FollowerState: change to CANDIDATE, lastRpcTime:134ms, electionTimeout:134ms
2019-11-04 16:02:01,055 [Thread-329] INFO  impl.RoleInfo (RoleInfo.java:shutdownFollowerState(121)) - e3fb79a3-1f86-42af-a80c-c46d1acdbc29: shutdown FollowerState
2019-11-04 16:02:01,057 [Thread-329] INFO  impl.RaftServerImpl (RaftServerImpl.java:setRole(184)) - e3fb79a3-1f86-42af-a80c-c46d1acdbc29@group-7855C2F36E53: changes role from  FOLLOWER to CANDIDATE at term 15 for changeToCandidate
2019-11-04 16:02:01,060 [Thread-329] INFO  impl.RoleInfo (RoleInfo.java:updateAndGet(143)) - e3fb79a3-1f86-42af-a80c-c46d1acdbc29: start LeaderElection
2019-11-04 16:02:01,074 [e3fb79a3-1f86-42af-a80c-c46d1acdbc29@group-7855C2F36E53-LeaderElection20] INFO  impl.LeaderElection (LeaderElection.java:askForVotes(178)) - e3fb79a3-1f86-42af-a80c-c46d1acdbc29@group-7855C2F36E53-LeaderElection20: begin an election at term 16 for -1: [e3fb79a3-1f86-42af-a80c-c46d1acdbc29:192.168.157.194:44142, 81ff859e-e76f-43f5-951a-4a38422068cb:192.168.157.194:46532, a9143d84-6d7f-497d-b770-eb75585db3c7:192.168.157.194:42126], old=null
2019-11-04 16:02:01,078 [grpc-default-executor-5] INFO  impl.RaftServerImpl (RaftServerImpl.java:setRole(184)) - 81ff859e-e76f-43f5-951a-4a38422068cb@group-7855C2F36E53: changes role from  FOLLOWER to FOLLOWER at term 16 for recognizeCandidate:e3fb79a3-1f86-42af-a80c-c46d1acdbc29
2019-11-04 16:02:01,078 [grpc-default-executor-0] INFO  impl.RaftServerImpl (RaftServerImpl.java:setRole(184)) - a9143d84-6d7f-497d-b770-eb75585db3c7@group-7855C2F36E53: changes role from  FOLLOWER to FOLLOWER at term 16 for recognizeCandidate:e3fb79a3-1f86-42af-a80c-c46d1acdbc29
2019-11-04 16:02:01,078 [grpc-default-executor-5] INFO  impl.RoleInfo (RoleInfo.java:shutdownFollowerState(121)) - 81ff859e-e76f-43f5-951a-4a38422068cb: shutdown FollowerState
2019-11-04 16:02:01,078 [grpc-default-executor-0] INFO  impl.RoleInfo (RoleInfo.java:shutdownFollowerState(121)) - a9143d84-6d7f-497d-b770-eb75585db3c7: shutdown FollowerState
2019-11-04 16:02:01,078 [Thread-328] INFO  impl.FollowerState (FollowerState.java:run(117)) - 81ff859e-e76f-43f5-951a-4a38422068cb@group-7855C2F36E53-FollowerState was interrupted: java.lang.InterruptedException: sleep interrupted
2019-11-04 16:02:01,078 [grpc-default-executor-0] INFO  impl.RoleInfo (RoleInfo.java:updateAndGet(143)) - a9143d84-6d7f-497d-b770-eb75585db3c7: start FollowerState
2019-11-04 16:02:01,078 [grpc-default-executor-5] INFO  impl.RoleInfo (RoleInfo.java:updateAndGet(143)) - 81ff859e-e76f-43f5-951a-4a38422068cb: start FollowerState
2019-11-04 16:02:01,078 [Thread-327] INFO  impl.FollowerState (FollowerState.java:run(117)) - a9143d84-6d7f-497d-b770-eb75585db3c7@group-7855C2F36E53-FollowerState was interrupted: java.lang.InterruptedException: sleep interrupted
2019-11-04 16:02:01,104 [Thread-200] INFO  container.ReplicationManager (ReplicationManager.java:start(162)) - Starting Replication Monitor Thread.
2019-11-04 16:02:01,107 [e3fb79a3-1f86-42af-a80c-c46d1acdbc29@group-7855C2F36E53-LeaderElection20] INFO  impl.LeaderElection (LeaderElection.java:logAndReturn(56)) - e3fb79a3-1f86-42af-a80c-c46d1acdbc29@group-7855C2F36E53-LeaderElection20: Election REJECTED; received 2 response(s) [e3fb79a3-1f86-42af-a80c-c46d1acdbc29<-81ff859e-e76f-43f5-951a-4a38422068cb#0:FAIL-t16, e3fb79a3-1f86-42af-a80c-c46d1acdbc29<-a9143d84-6d7f-497d-b770-eb75585db3c7#0:FAIL-t16] and 0 exception(s); e3fb79a3-1f86-42af-a80c-c46d1acdbc29@group-7855C2F36E53:t16, leader=null, voted=e3fb79a3-1f86-42af-a80c-c46d1acdbc29, raftlog=e3fb79a3-1f86-42af-a80c-c46d1acdbc29@group-7855C2F36E53-SegmentedRaftLog:OPENED:c-1,f-1,i0, conf=-1: [e3fb79a3-1f86-42af-a80c-c46d1acdbc29:192.168.157.194:44142, 81ff859e-e76f-43f5-951a-4a38422068cb:192.168.157.194:46532, a9143d84-6d7f-497d-b770-eb75585db3c7:192.168.157.194:42126], old=null
2019-11-04 16:02:01,107 [e3fb79a3-1f86-42af-a80c-c46d1acdbc29@group-7855C2F36E53-LeaderElection20] INFO  impl.RaftServerImpl (RaftServerImpl.java:setRole(184)) - e3fb79a3-1f86-42af-a80c-c46d1acdbc29@group-7855C2F36E53: changes role from CANDIDATE to FOLLOWER at term 16 for DISCOVERED_A_NEW_TERM
2019-11-04 16:02:01,107 [e3fb79a3-1f86-42af-a80c-c46d1acdbc29@group-7855C2F36E53-LeaderElection20] INFO  impl.RoleInfo (RoleInfo.java:shutdownLeaderElection(134)) - e3fb79a3-1f86-42af-a80c-c46d1acdbc29: shutdown LeaderElection
2019-11-04 16:02:01,107 [e3fb79a3-1f86-42af-a80c-c46d1acdbc29@group-7855C2F36E53-LeaderElection20] INFO  impl.RoleInfo (RoleInfo.java:updateAndGet(143)) - e3fb79a3-1f86-42af-a80c-c46d1acdbc29: start FollowerState
2019-11-04 16:02:01,110 [ReplicationMonitor] INFO  container.ReplicationManager (ReplicationManager.java:run(225)) - Replication Monitor Thread took 3 milliseconds for processing 1 containers.
2019-11-04 16:02:01,287 [Thread-336] INFO  impl.FollowerState (FollowerState.java:run(108)) - e3fb79a3-1f86-42af-a80c-c46d1acdbc29@group-7855C2F36E53-FollowerState: change to CANDIDATE, lastRpcTime:179ms, electionTimeout:179ms
2019-11-04 16:02:01,287 [Thread-336] INFO  impl.RoleInfo (RoleInfo.java:shutdownFollowerState(121)) - e3fb79a3-1f86-42af-a80c-c46d1acdbc29: shutdown FollowerState
2019-11-04 16:02:01,287 [Thread-336] INFO  impl.RaftServerImpl (RaftServerImpl.java:setRole(184)) - e3fb79a3-1f86-42af-a80c-c46d1acdbc29@group-7855C2F36E53: changes role from  FOLLOWER to CANDIDATE at term 16 for changeToCandidate
2019-11-04 16:02:01,287 [Thread-336] INFO  impl.RoleInfo (RoleInfo.java:updateAndGet(143)) - e3fb79a3-1f86-42af-a80c-c46d1acdbc29: start LeaderElection
2019-11-04 16:02:01,321 [e3fb79a3-1f86-42af-a80c-c46d1acdbc29@group-7855C2F36E53-LeaderElection21] INFO  impl.LeaderElection (LeaderElection.java:askForVotes(178)) - e3fb79a3-1f86-42af-a80c-c46d1acdbc29@group-7855C2F36E53-LeaderElection21: begin an election at term 17 for -1: [e3fb79a3-1f86-42af-a80c-c46d1acdbc29:192.168.157.194:44142, 81ff859e-e76f-43f5-951a-4a38422068cb:192.168.157.194:46532, a9143d84-6d7f-497d-b770-eb75585db3c7:192.168.157.194:42126], old=null
2019-11-04 16:02:01,324 [grpc-default-executor-5] INFO  impl.RaftServerImpl (RaftServerImpl.java:setRole(184)) - a9143d84-6d7f-497d-b770-eb75585db3c7@group-7855C2F36E53: changes role from  FOLLOWER to FOLLOWER at term 17 for recognizeCandidate:e3fb79a3-1f86-42af-a80c-c46d1acdbc29
2019-11-04 16:02:01,324 [grpc-default-executor-5] INFO  impl.RoleInfo (RoleInfo.java:shutdownFollowerState(121)) - a9143d84-6d7f-497d-b770-eb75585db3c7: shutdown FollowerState
2019-11-04 16:02:01,324 [grpc-default-executor-0] INFO  impl.RaftServerImpl (RaftServerImpl.java:setRole(184)) - 81ff859e-e76f-43f5-951a-4a38422068cb@group-7855C2F36E53: changes role from  FOLLOWER to FOLLOWER at term 17 for recognizeCandidate:e3fb79a3-1f86-42af-a80c-c46d1acdbc29
2019-11-04 16:02:01,324 [Thread-334] INFO  impl.FollowerState (FollowerState.java:run(117)) - a9143d84-6d7f-497d-b770-eb75585db3c7@group-7855C2F36E53-FollowerState was interrupted: java.lang.InterruptedException: sleep interrupted
2019-11-04 16:02:01,324 [grpc-default-executor-5] INFO  impl.RoleInfo (RoleInfo.java:updateAndGet(143)) - a9143d84-6d7f-497d-b770-eb75585db3c7: start FollowerState
2019-11-04 16:02:01,324 [grpc-default-executor-0] INFO  impl.RoleInfo (RoleInfo.java:shutdownFollowerState(121)) - 81ff859e-e76f-43f5-951a-4a38422068cb: shutdown FollowerState
2019-11-04 16:02:01,325 [Thread-333] INFO  impl.FollowerState (FollowerState.java:run(117)) - 81ff859e-e76f-43f5-951a-4a38422068cb@group-7855C2F36E53-FollowerState was interrupted: java.lang.InterruptedException: sleep interrupted
2019-11-04 16:02:01,325 [grpc-default-executor-0] INFO  impl.RoleInfo (RoleInfo.java:updateAndGet(143)) - 81ff859e-e76f-43f5-951a-4a38422068cb: start FollowerState
2019-11-04 16:02:01,340 [e3fb79a3-1f86-42af-a80c-c46d1acdbc29@group-7855C2F36E53-LeaderElection21] INFO  impl.LeaderElection (LeaderElection.java:logAndReturn(56)) - e3fb79a3-1f86-42af-a80c-c46d1acdbc29@group-7855C2F36E53-LeaderElection21: Election REJECTED; received 2 response(s) [e3fb79a3-1f86-42af-a80c-c46d1acdbc29<-81ff859e-e76f-43f5-951a-4a38422068cb#0:FAIL-t17, e3fb79a3-1f86-42af-a80c-c46d1acdbc29<-a9143d84-6d7f-497d-b770-eb75585db3c7#0:FAIL-t17] and 0 exception(s); e3fb79a3-1f86-42af-a80c-c46d1acdbc29@group-7855C2F36E53:t17, leader=null, voted=e3fb79a3-1f86-42af-a80c-c46d1acdbc29, raftlog=e3fb79a3-1f86-42af-a80c-c46d1acdbc29@group-7855C2F36E53-SegmentedRaftLog:OPENED:c-1,f-1,i0, conf=-1: [e3fb79a3-1f86-42af-a80c-c46d1acdbc29:192.168.157.194:44142, 81ff859e-e76f-43f5-951a-4a38422068cb:192.168.157.194:46532, a9143d84-6d7f-497d-b770-eb75585db3c7:192.168.157.194:42126], old=null
2019-11-04 16:02:01,341 [e3fb79a3-1f86-42af-a80c-c46d1acdbc29@group-7855C2F36E53-LeaderElection21] INFO  impl.RaftServerImpl (RaftServerImpl.java:setRole(184)) - e3fb79a3-1f86-42af-a80c-c46d1acdbc29@group-7855C2F36E53: changes role from CANDIDATE to FOLLOWER at term 17 for DISCOVERED_A_NEW_TERM
2019-11-04 16:02:01,341 [e3fb79a3-1f86-42af-a80c-c46d1acdbc29@group-7855C2F36E53-LeaderElection21] INFO  impl.RoleInfo (RoleInfo.java:shutdownLeaderElection(134)) - e3fb79a3-1f86-42af-a80c-c46d1acdbc29: shutdown LeaderElection
2019-11-04 16:02:01,341 [e3fb79a3-1f86-42af-a80c-c46d1acdbc29@group-7855C2F36E53-LeaderElection21] INFO  impl.RoleInfo (RoleInfo.java:updateAndGet(143)) - e3fb79a3-1f86-42af-a80c-c46d1acdbc29: start FollowerState
2019-11-04 16:02:01,382 [Thread-342] INFO  impl.FollowerState (FollowerState.java:run(108)) - e3fb79a3-1f86-42af-a80c-c46d1acdbc29@group-7855C2F36E53-FollowerState: change to CANDIDATE, lastRpcTime:41ms, electionTimeout:41ms
2019-11-04 16:02:01,384 [Thread-342] INFO  impl.RoleInfo (RoleInfo.java:shutdownFollowerState(121)) - e3fb79a3-1f86-42af-a80c-c46d1acdbc29: shutdown FollowerState
2019-11-04 16:02:01,384 [Thread-342] INFO  impl.RaftServerImpl (RaftServerImpl.java:setRole(184)) - e3fb79a3-1f86-42af-a80c-c46d1acdbc29@group-7855C2F36E53: changes role from  FOLLOWER to CANDIDATE at term 17 for changeToCandidate
2019-11-04 16:02:01,384 [Thread-342] INFO  impl.RoleInfo (RoleInfo.java:updateAndGet(143)) - e3fb79a3-1f86-42af-a80c-c46d1acdbc29: start LeaderElection
2019-11-04 16:02:01,406 [e3fb79a3-1f86-42af-a80c-c46d1acdbc29@group-7855C2F36E53-LeaderElection22] INFO  impl.LeaderElection (LeaderElection.java:askForVotes(178)) - e3fb79a3-1f86-42af-a80c-c46d1acdbc29@group-7855C2F36E53-LeaderElection22: begin an election at term 18 for -1: [e3fb79a3-1f86-42af-a80c-c46d1acdbc29:192.168.157.194:44142, 81ff859e-e76f-43f5-951a-4a38422068cb:192.168.157.194:46532, a9143d84-6d7f-497d-b770-eb75585db3c7:192.168.157.194:42126], old=null
2019-11-04 16:02:01,410 [grpc-default-executor-5] INFO  impl.RaftServerImpl (RaftServerImpl.java:setRole(184)) - 81ff859e-e76f-43f5-951a-4a38422068cb@group-7855C2F36E53: changes role from  FOLLOWER to FOLLOWER at term 18 for recognizeCandidate:e3fb79a3-1f86-42af-a80c-c46d1acdbc29
2019-11-04 16:02:01,411 [grpc-default-executor-5] INFO  impl.RoleInfo (RoleInfo.java:shutdownFollowerState(121)) - 81ff859e-e76f-43f5-951a-4a38422068cb: shutdown FollowerState
2019-11-04 16:02:01,410 [grpc-default-executor-0] INFO  impl.RaftServerImpl (RaftServerImpl.java:setRole(184)) - a9143d84-6d7f-497d-b770-eb75585db3c7@group-7855C2F36E53: changes role from  FOLLOWER to FOLLOWER at term 18 for recognizeCandidate:e3fb79a3-1f86-42af-a80c-c46d1acdbc29
2019-11-04 16:02:01,411 [grpc-default-executor-5] INFO  impl.RoleInfo (RoleInfo.java:updateAndGet(143)) - 81ff859e-e76f-43f5-951a-4a38422068cb: start FollowerState
2019-11-04 16:02:01,411 [Thread-341] INFO  impl.FollowerState (FollowerState.java:run(117)) - 81ff859e-e76f-43f5-951a-4a38422068cb@group-7855C2F36E53-FollowerState was interrupted: java.lang.InterruptedException: sleep interrupted
2019-11-04 16:02:01,411 [grpc-default-executor-0] INFO  impl.RoleInfo (RoleInfo.java:shutdownFollowerState(121)) - a9143d84-6d7f-497d-b770-eb75585db3c7: shutdown FollowerState
2019-11-04 16:02:01,411 [Thread-340] INFO  impl.FollowerState (FollowerState.java:run(117)) - a9143d84-6d7f-497d-b770-eb75585db3c7@group-7855C2F36E53-FollowerState was interrupted: java.lang.InterruptedException: sleep interrupted
2019-11-04 16:02:01,411 [grpc-default-executor-0] INFO  impl.RoleInfo (RoleInfo.java:updateAndGet(143)) - a9143d84-6d7f-497d-b770-eb75585db3c7: start FollowerState
2019-11-04 16:02:01,421 [e3fb79a3-1f86-42af-a80c-c46d1acdbc29@group-7855C2F36E53-LeaderElection22] INFO  impl.LeaderElection (LeaderElection.java:logAndReturn(56)) - e3fb79a3-1f86-42af-a80c-c46d1acdbc29@group-7855C2F36E53-LeaderElection22: Election TIMEOUT; received 0 response(s) [] and 0 exception(s); e3fb79a3-1f86-42af-a80c-c46d1acdbc29@group-7855C2F36E53:t18, leader=null, voted=e3fb79a3-1f86-42af-a80c-c46d1acdbc29, raftlog=e3fb79a3-1f86-42af-a80c-c46d1acdbc29@group-7855C2F36E53-SegmentedRaftLog:OPENED:c-1,f-1,i0, conf=-1: [e3fb79a3-1f86-42af-a80c-c46d1acdbc29:192.168.157.194:44142, 81ff859e-e76f-43f5-951a-4a38422068cb:192.168.157.194:46532, a9143d84-6d7f-497d-b770-eb75585db3c7:192.168.157.194:42126], old=null
2019-11-04 16:02:01,437 [e3fb79a3-1f86-42af-a80c-c46d1acdbc29@group-7855C2F36E53-LeaderElection22] INFO  impl.LeaderElection (LeaderElection.java:askForVotes(178)) - e3fb79a3-1f86-42af-a80c-c46d1acdbc29@group-7855C2F36E53-LeaderElection22: begin an election at term 19 for -1: [e3fb79a3-1f86-42af-a80c-c46d1acdbc29:192.168.157.194:44142, 81ff859e-e76f-43f5-951a-4a38422068cb:192.168.157.194:46532, a9143d84-6d7f-497d-b770-eb75585db3c7:192.168.157.194:42126], old=null
2019-11-04 16:02:01,441 [grpc-default-executor-0] INFO  impl.RaftServerImpl (RaftServerImpl.java:setRole(184)) - 81ff859e-e76f-43f5-951a-4a38422068cb@group-7855C2F36E53: changes role from  FOLLOWER to FOLLOWER at term 19 for recognizeCandidate:e3fb79a3-1f86-42af-a80c-c46d1acdbc29
2019-11-04 16:02:01,441 [grpc-default-executor-5] INFO  impl.RaftServerImpl (RaftServerImpl.java:setRole(184)) - a9143d84-6d7f-497d-b770-eb75585db3c7@group-7855C2F36E53: changes role from  FOLLOWER to FOLLOWER at term 19 for recognizeCandidate:e3fb79a3-1f86-42af-a80c-c46d1acdbc29
2019-11-04 16:02:01,446 [grpc-default-executor-0] INFO  impl.RoleInfo (RoleInfo.java:shutdownFollowerState(121)) - 81ff859e-e76f-43f5-951a-4a38422068cb: shutdown FollowerState
2019-11-04 16:02:01,447 [grpc-default-executor-5] INFO  impl.RoleInfo (RoleInfo.java:shutdownFollowerState(121)) - a9143d84-6d7f-497d-b770-eb75585db3c7: shutdown FollowerState
2019-11-04 16:02:01,447 [grpc-default-executor-0] INFO  impl.RoleInfo (RoleInfo.java:updateAndGet(143)) - 81ff859e-e76f-43f5-951a-4a38422068cb: start FollowerState
2019-11-04 16:02:01,447 [Thread-346] INFO  impl.FollowerState (FollowerState.java:run(117)) - 81ff859e-e76f-43f5-951a-4a38422068cb@group-7855C2F36E53-FollowerState was interrupted: java.lang.InterruptedException: sleep interrupted
2019-11-04 16:02:01,448 [grpc-default-executor-5] INFO  impl.RoleInfo (RoleInfo.java:updateAndGet(143)) - a9143d84-6d7f-497d-b770-eb75585db3c7: start FollowerState
2019-11-04 16:02:01,448 [Thread-347] INFO  impl.FollowerState (FollowerState.java:run(117)) - a9143d84-6d7f-497d-b770-eb75585db3c7@group-7855C2F36E53-FollowerState was interrupted: java.lang.InterruptedException: sleep interrupted
2019-11-04 16:02:01,466 [e3fb79a3-1f86-42af-a80c-c46d1acdbc29@group-7855C2F36E53-LeaderElection22] INFO  impl.LeaderElection (LeaderElection.java:logAndReturn(56)) - e3fb79a3-1f86-42af-a80c-c46d1acdbc29@group-7855C2F36E53-LeaderElection22: Election REJECTED; received 2 response(s) [e3fb79a3-1f86-42af-a80c-c46d1acdbc29<-81ff859e-e76f-43f5-951a-4a38422068cb#0:FAIL-t19, e3fb79a3-1f86-42af-a80c-c46d1acdbc29<-a9143d84-6d7f-497d-b770-eb75585db3c7#0:FAIL-t19] and 0 exception(s); e3fb79a3-1f86-42af-a80c-c46d1acdbc29@group-7855C2F36E53:t19, leader=null, voted=e3fb79a3-1f86-42af-a80c-c46d1acdbc29, raftlog=e3fb79a3-1f86-42af-a80c-c46d1acdbc29@group-7855C2F36E53-SegmentedRaftLog:OPENED:c-1,f-1,i0, conf=-1: [e3fb79a3-1f86-42af-a80c-c46d1acdbc29:192.168.157.194:44142, 81ff859e-e76f-43f5-951a-4a38422068cb:192.168.157.194:46532, a9143d84-6d7f-497d-b770-eb75585db3c7:192.168.157.194:42126], old=null
2019-11-04 16:02:01,467 [e3fb79a3-1f86-42af-a80c-c46d1acdbc29@group-7855C2F36E53-LeaderElection22] INFO  impl.RaftServerImpl (RaftServerImpl.java:setRole(184)) - e3fb79a3-1f86-42af-a80c-c46d1acdbc29@group-7855C2F36E53: changes role from CANDIDATE to FOLLOWER at term 19 for DISCOVERED_A_NEW_TERM
2019-11-04 16:02:01,467 [e3fb79a3-1f86-42af-a80c-c46d1acdbc29@group-7855C2F36E53-LeaderElection22] INFO  impl.RoleInfo (RoleInfo.java:shutdownLeaderElection(134)) - e3fb79a3-1f86-42af-a80c-c46d1acdbc29: shutdown LeaderElection
2019-11-04 16:02:01,467 [e3fb79a3-1f86-42af-a80c-c46d1acdbc29@group-7855C2F36E53-LeaderElection22] INFO  impl.RoleInfo (RoleInfo.java:updateAndGet(143)) - e3fb79a3-1f86-42af-a80c-c46d1acdbc29: start FollowerState
2019-11-04 16:02:01,604 [Thread-352] INFO  impl.FollowerState (FollowerState.java:run(108)) - e3fb79a3-1f86-42af-a80c-c46d1acdbc29@group-7855C2F36E53-FollowerState: change to CANDIDATE, lastRpcTime:136ms, electionTimeout:136ms
2019-11-04 16:02:01,605 [Thread-352] INFO  impl.RoleInfo (RoleInfo.java:shutdownFollowerState(121)) - e3fb79a3-1f86-42af-a80c-c46d1acdbc29: shutdown FollowerState
2019-11-04 16:02:01,605 [Thread-352] INFO  impl.RaftServerImpl (RaftServerImpl.java:setRole(184)) - e3fb79a3-1f86-42af-a80c-c46d1acdbc29@group-7855C2F36E53: changes role from  FOLLOWER to CANDIDATE at term 19 for changeToCandidate
2019-11-04 16:02:01,606 [Thread-352] INFO  impl.RoleInfo (RoleInfo.java:updateAndGet(143)) - e3fb79a3-1f86-42af-a80c-c46d1acdbc29: start LeaderElection
2019-11-04 16:02:01,619 [e3fb79a3-1f86-42af-a80c-c46d1acdbc29@group-7855C2F36E53-LeaderElection23] INFO  impl.LeaderElection (LeaderElection.java:askForVotes(178)) - e3fb79a3-1f86-42af-a80c-c46d1acdbc29@group-7855C2F36E53-LeaderElection23: begin an election at term 20 for -1: [e3fb79a3-1f86-42af-a80c-c46d1acdbc29:192.168.157.194:44142, 81ff859e-e76f-43f5-951a-4a38422068cb:192.168.157.194:46532, a9143d84-6d7f-497d-b770-eb75585db3c7:192.168.157.194:42126], old=null
2019-11-04 16:02:01,623 [grpc-default-executor-5] INFO  impl.RaftServerImpl (RaftServerImpl.java:setRole(184)) - 81ff859e-e76f-43f5-951a-4a38422068cb@group-7855C2F36E53: changes role from  FOLLOWER to FOLLOWER at term 20 for recognizeCandidate:e3fb79a3-1f86-42af-a80c-c46d1acdbc29
2019-11-04 16:02:01,623 [grpc-default-executor-5] INFO  impl.RoleInfo (RoleInfo.java:shutdownFollowerState(121)) - 81ff859e-e76f-43f5-951a-4a38422068cb: shutdown FollowerState
2019-11-04 16:02:01,623 [Thread-350] INFO  impl.FollowerState (FollowerState.java:run(117)) - 81ff859e-e76f-43f5-951a-4a38422068cb@group-7855C2F36E53-FollowerState was interrupted: java.lang.InterruptedException: sleep interrupted
2019-11-04 16:02:01,623 [grpc-default-executor-5] INFO  impl.RoleInfo (RoleInfo.java:updateAndGet(143)) - 81ff859e-e76f-43f5-951a-4a38422068cb: start FollowerState
2019-11-04 16:02:01,623 [grpc-default-executor-0] INFO  impl.RaftServerImpl (RaftServerImpl.java:setRole(184)) - a9143d84-6d7f-497d-b770-eb75585db3c7@group-7855C2F36E53: changes role from  FOLLOWER to FOLLOWER at term 20 for recognizeCandidate:e3fb79a3-1f86-42af-a80c-c46d1acdbc29
2019-11-04 16:02:01,624 [grpc-default-executor-0] INFO  impl.RoleInfo (RoleInfo.java:shutdownFollowerState(121)) - a9143d84-6d7f-497d-b770-eb75585db3c7: shutdown FollowerState
2019-11-04 16:02:01,624 [grpc-default-executor-0] INFO  impl.RoleInfo (RoleInfo.java:updateAndGet(143)) - a9143d84-6d7f-497d-b770-eb75585db3c7: start FollowerState
2019-11-04 16:02:01,624 [Thread-351] INFO  impl.FollowerState (FollowerState.java:run(117)) - a9143d84-6d7f-497d-b770-eb75585db3c7@group-7855C2F36E53-FollowerState was interrupted: java.lang.InterruptedException: sleep interrupted
2019-11-04 16:02:01,641 [e3fb79a3-1f86-42af-a80c-c46d1acdbc29@group-7855C2F36E53-LeaderElection23] INFO  impl.LeaderElection (LeaderElection.java:logAndReturn(56)) - e3fb79a3-1f86-42af-a80c-c46d1acdbc29@group-7855C2F36E53-LeaderElection23: Election REJECTED; received 2 response(s) [e3fb79a3-1f86-42af-a80c-c46d1acdbc29<-81ff859e-e76f-43f5-951a-4a38422068cb#0:FAIL-t20, e3fb79a3-1f86-42af-a80c-c46d1acdbc29<-a9143d84-6d7f-497d-b770-eb75585db3c7#0:FAIL-t20] and 0 exception(s); e3fb79a3-1f86-42af-a80c-c46d1acdbc29@group-7855C2F36E53:t20, leader=null, voted=e3fb79a3-1f86-42af-a80c-c46d1acdbc29, raftlog=e3fb79a3-1f86-42af-a80c-c46d1acdbc29@group-7855C2F36E53-SegmentedRaftLog:OPENED:c-1,f-1,i0, conf=-1: [e3fb79a3-1f86-42af-a80c-c46d1acdbc29:192.168.157.194:44142, 81ff859e-e76f-43f5-951a-4a38422068cb:192.168.157.194:46532, a9143d84-6d7f-497d-b770-eb75585db3c7:192.168.157.194:42126], old=null
2019-11-04 16:02:01,641 [e3fb79a3-1f86-42af-a80c-c46d1acdbc29@group-7855C2F36E53-LeaderElection23] INFO  impl.RaftServerImpl (RaftServerImpl.java:setRole(184)) - e3fb79a3-1f86-42af-a80c-c46d1acdbc29@group-7855C2F36E53: changes role from CANDIDATE to FOLLOWER at term 20 for DISCOVERED_A_NEW_TERM
2019-11-04 16:02:01,641 [e3fb79a3-1f86-42af-a80c-c46d1acdbc29@group-7855C2F36E53-LeaderElection23] INFO  impl.RoleInfo (RoleInfo.java:shutdownLeaderElection(134)) - e3fb79a3-1f86-42af-a80c-c46d1acdbc29: shutdown LeaderElection
2019-11-04 16:02:01,641 [e3fb79a3-1f86-42af-a80c-c46d1acdbc29@group-7855C2F36E53-LeaderElection23] INFO  impl.RoleInfo (RoleInfo.java:updateAndGet(143)) - e3fb79a3-1f86-42af-a80c-c46d1acdbc29: start FollowerState
2019-11-04 16:02:01,663 [Thread-358] INFO  impl.FollowerState (FollowerState.java:run(108)) - e3fb79a3-1f86-42af-a80c-c46d1acdbc29@group-7855C2F36E53-FollowerState: change to CANDIDATE, lastRpcTime:21ms, electionTimeout:21ms
2019-11-04 16:02:01,664 [Thread-358] INFO  impl.RoleInfo (RoleInfo.java:shutdownFollowerState(121)) - e3fb79a3-1f86-42af-a80c-c46d1acdbc29: shutdown FollowerState
2019-11-04 16:02:01,664 [Thread-358] INFO  impl.RaftServerImpl (RaftServerImpl.java:setRole(184)) - e3fb79a3-1f86-42af-a80c-c46d1acdbc29@group-7855C2F36E53: changes role from  FOLLOWER to CANDIDATE at term 20 for changeToCandidate
2019-11-04 16:02:01,664 [Thread-358] INFO  impl.RoleInfo (RoleInfo.java:updateAndGet(143)) - e3fb79a3-1f86-42af-a80c-c46d1acdbc29: start LeaderElection
2019-11-04 16:02:01,678 [e3fb79a3-1f86-42af-a80c-c46d1acdbc29@group-7855C2F36E53-LeaderElection24] INFO  impl.LeaderElection (LeaderElection.java:askForVotes(178)) - e3fb79a3-1f86-42af-a80c-c46d1acdbc29@group-7855C2F36E53-LeaderElection24: begin an election at term 21 for -1: [e3fb79a3-1f86-42af-a80c-c46d1acdbc29:192.168.157.194:44142, 81ff859e-e76f-43f5-951a-4a38422068cb:192.168.157.194:46532, a9143d84-6d7f-497d-b770-eb75585db3c7:192.168.157.194:42126], old=null
2019-11-04 16:02:01,680 [grpc-default-executor-0] INFO  impl.RaftServerImpl (RaftServerImpl.java:setRole(184)) - 81ff859e-e76f-43f5-951a-4a38422068cb@group-7855C2F36E53: changes role from  FOLLOWER to FOLLOWER at term 21 for recognizeCandidate:e3fb79a3-1f86-42af-a80c-c46d1acdbc29
2019-11-04 16:02:01,681 [grpc-default-executor-0] INFO  impl.RoleInfo (RoleInfo.java:shutdownFollowerState(121)) - 81ff859e-e76f-43f5-951a-4a38422068cb: shutdown FollowerState
2019-11-04 16:02:01,681 [grpc-default-executor-0] INFO  impl.RoleInfo (RoleInfo.java:updateAndGet(143)) - 81ff859e-e76f-43f5-951a-4a38422068cb: start FollowerState
2019-11-04 16:02:01,681 [Thread-356] INFO  impl.FollowerState (FollowerState.java:run(117)) - 81ff859e-e76f-43f5-951a-4a38422068cb@group-7855C2F36E53-FollowerState was interrupted: java.lang.InterruptedException: sleep interrupted
2019-11-04 16:02:01,681 [grpc-default-executor-5] INFO  impl.RaftServerImpl (RaftServerImpl.java:setRole(184)) - a9143d84-6d7f-497d-b770-eb75585db3c7@group-7855C2F36E53: changes role from  FOLLOWER to FOLLOWER at term 21 for recognizeCandidate:e3fb79a3-1f86-42af-a80c-c46d1acdbc29
2019-11-04 16:02:01,681 [grpc-default-executor-5] INFO  impl.RoleInfo (RoleInfo.java:shutdownFollowerState(121)) - a9143d84-6d7f-497d-b770-eb75585db3c7: shutdown FollowerState
2019-11-04 16:02:01,681 [Thread-357] INFO  impl.FollowerState (FollowerState.java:run(117)) - a9143d84-6d7f-497d-b770-eb75585db3c7@group-7855C2F36E53-FollowerState was interrupted: java.lang.InterruptedException: sleep interrupted
2019-11-04 16:02:01,681 [grpc-default-executor-5] INFO  impl.RoleInfo (RoleInfo.java:updateAndGet(143)) - a9143d84-6d7f-497d-b770-eb75585db3c7: start FollowerState
2019-11-04 16:02:01,692 [e3fb79a3-1f86-42af-a80c-c46d1acdbc29@group-7855C2F36E53-LeaderElection24] INFO  impl.LeaderElection (LeaderElection.java:logAndReturn(56)) - e3fb79a3-1f86-42af-a80c-c46d1acdbc29@group-7855C2F36E53-LeaderElection24: Election TIMEOUT; received 0 response(s) [] and 0 exception(s); e3fb79a3-1f86-42af-a80c-c46d1acdbc29@group-7855C2F36E53:t21, leader=null, voted=e3fb79a3-1f86-42af-a80c-c46d1acdbc29, raftlog=e3fb79a3-1f86-42af-a80c-c46d1acdbc29@group-7855C2F36E53-SegmentedRaftLog:OPENED:c-1,f-1,i0, conf=-1: [e3fb79a3-1f86-42af-a80c-c46d1acdbc29:192.168.157.194:44142, 81ff859e-e76f-43f5-951a-4a38422068cb:192.168.157.194:46532, a9143d84-6d7f-497d-b770-eb75585db3c7:192.168.157.194:42126], old=null
2019-11-04 16:02:01,696 [e3fb79a3-1f86-42af-a80c-c46d1acdbc29@group-7855C2F36E53-LeaderElection24] INFO  impl.LeaderElection (LeaderElection.java:askForVotes(178)) - e3fb79a3-1f86-42af-a80c-c46d1acdbc29@group-7855C2F36E53-LeaderElection24: begin an election at term 22 for -1: [e3fb79a3-1f86-42af-a80c-c46d1acdbc29:192.168.157.194:44142, 81ff859e-e76f-43f5-951a-4a38422068cb:192.168.157.194:46532, a9143d84-6d7f-497d-b770-eb75585db3c7:192.168.157.194:42126], old=null
2019-11-04 16:02:01,698 [grpc-default-executor-0] INFO  impl.RaftServerImpl (RaftServerImpl.java:setRole(184)) - 81ff859e-e76f-43f5-951a-4a38422068cb@group-7855C2F36E53: changes role from  FOLLOWER to FOLLOWER at term 22 for recognizeCandidate:e3fb79a3-1f86-42af-a80c-c46d1acdbc29
2019-11-04 16:02:01,699 [grpc-default-executor-0] INFO  impl.RoleInfo (RoleInfo.java:shutdownFollowerState(121)) - 81ff859e-e76f-43f5-951a-4a38422068cb: shutdown FollowerState
2019-11-04 16:02:01,699 [grpc-default-executor-5] INFO  impl.RaftServerImpl (RaftServerImpl.java:setRole(184)) - a9143d84-6d7f-497d-b770-eb75585db3c7@group-7855C2F36E53: changes role from  FOLLOWER to FOLLOWER at term 22 for recognizeCandidate:e3fb79a3-1f86-42af-a80c-c46d1acdbc29
2019-11-04 16:02:01,700 [Thread-362] INFO  impl.FollowerState (FollowerState.java:run(117)) - 81ff859e-e76f-43f5-951a-4a38422068cb@group-7855C2F36E53-FollowerState was interrupted: java.lang.InterruptedException: sleep interrupted
2019-11-04 16:02:01,700 [grpc-default-executor-0] INFO  impl.RoleInfo (RoleInfo.java:updateAndGet(143)) - 81ff859e-e76f-43f5-951a-4a38422068cb: start FollowerState
2019-11-04 16:02:01,700 [grpc-default-executor-5] INFO  impl.RoleInfo (RoleInfo.java:shutdownFollowerState(121)) - a9143d84-6d7f-497d-b770-eb75585db3c7: shutdown FollowerState
2019-11-04 16:02:01,701 [Thread-363] INFO  impl.FollowerState (FollowerState.java:run(117)) - a9143d84-6d7f-497d-b770-eb75585db3c7@group-7855C2F36E53-FollowerState was interrupted: java.lang.InterruptedException: sleep interrupted
2019-11-04 16:02:01,701 [grpc-default-executor-5] INFO  impl.RoleInfo (RoleInfo.java:updateAndGet(143)) - a9143d84-6d7f-497d-b770-eb75585db3c7: start FollowerState
2019-11-04 16:02:01,720 [e3fb79a3-1f86-42af-a80c-c46d1acdbc29@group-7855C2F36E53-LeaderElection24] INFO  impl.LeaderElection (LeaderElection.java:logAndReturn(56)) - e3fb79a3-1f86-42af-a80c-c46d1acdbc29@group-7855C2F36E53-LeaderElection24: Election REJECTED; received 2 response(s) [e3fb79a3-1f86-42af-a80c-c46d1acdbc29<-81ff859e-e76f-43f5-951a-4a38422068cb#0:FAIL-t22, e3fb79a3-1f86-42af-a80c-c46d1acdbc29<-a9143d84-6d7f-497d-b770-eb75585db3c7#0:FAIL-t22] and 0 exception(s); e3fb79a3-1f86-42af-a80c-c46d1acdbc29@group-7855C2F36E53:t22, leader=null, voted=e3fb79a3-1f86-42af-a80c-c46d1acdbc29, raftlog=e3fb79a3-1f86-42af-a80c-c46d1acdbc29@group-7855C2F36E53-SegmentedRaftLog:OPENED:c-1,f-1,i0, conf=-1: [e3fb79a3-1f86-42af-a80c-c46d1acdbc29:192.168.157.194:44142, 81ff859e-e76f-43f5-951a-4a38422068cb:192.168.157.194:46532, a9143d84-6d7f-497d-b770-eb75585db3c7:192.168.157.194:42126], old=null
2019-11-04 16:02:01,721 [e3fb79a3-1f86-42af-a80c-c46d1acdbc29@group-7855C2F36E53-LeaderElection24] INFO  impl.RaftServerImpl (RaftServerImpl.java:setRole(184)) - e3fb79a3-1f86-42af-a80c-c46d1acdbc29@group-7855C2F36E53: changes role from CANDIDATE to FOLLOWER at term 22 for DISCOVERED_A_NEW_TERM
2019-11-04 16:02:01,721 [e3fb79a3-1f86-42af-a80c-c46d1acdbc29@group-7855C2F36E53-LeaderElection24] INFO  impl.RoleInfo (RoleInfo.java:shutdownLeaderElection(134)) - e3fb79a3-1f86-42af-a80c-c46d1acdbc29: shutdown LeaderElection
2019-11-04 16:02:01,721 [e3fb79a3-1f86-42af-a80c-c46d1acdbc29@group-7855C2F36E53-LeaderElection24] INFO  impl.RoleInfo (RoleInfo.java:updateAndGet(143)) - e3fb79a3-1f86-42af-a80c-c46d1acdbc29: start FollowerState
2019-11-04 16:02:01,849 [Thread-370] INFO  impl.FollowerState (FollowerState.java:run(108)) - e3fb79a3-1f86-42af-a80c-c46d1acdbc29@group-7855C2F36E53-FollowerState: change to CANDIDATE, lastRpcTime:128ms, electionTimeout:128ms
2019-11-04 16:02:01,850 [Thread-370] INFO  impl.RoleInfo (RoleInfo.java:shutdownFollowerState(121)) - e3fb79a3-1f86-42af-a80c-c46d1acdbc29: shutdown FollowerState
2019-11-04 16:02:01,851 [Thread-370] INFO  impl.RaftServerImpl (RaftServerImpl.java:setRole(184)) - e3fb79a3-1f86-42af-a80c-c46d1acdbc29@group-7855C2F36E53: changes role from  FOLLOWER to CANDIDATE at term 22 for changeToCandidate
2019-11-04 16:02:01,851 [Thread-370] INFO  impl.RoleInfo (RoleInfo.java:updateAndGet(143)) - e3fb79a3-1f86-42af-a80c-c46d1acdbc29: start LeaderElection
2019-11-04 16:02:01,866 [e3fb79a3-1f86-42af-a80c-c46d1acdbc29@group-7855C2F36E53-LeaderElection25] INFO  impl.LeaderElection (LeaderElection.java:askForVotes(178)) - e3fb79a3-1f86-42af-a80c-c46d1acdbc29@group-7855C2F36E53-LeaderElection25: begin an election at term 23 for -1: [e3fb79a3-1f86-42af-a80c-c46d1acdbc29:192.168.157.194:44142, 81ff859e-e76f-43f5-951a-4a38422068cb:192.168.157.194:46532, a9143d84-6d7f-497d-b770-eb75585db3c7:192.168.157.194:42126], old=null
2019-11-04 16:02:01,868 [grpc-default-executor-5] INFO  impl.RaftServerImpl (RaftServerImpl.java:setRole(184)) - a9143d84-6d7f-497d-b770-eb75585db3c7@group-7855C2F36E53: changes role from  FOLLOWER to FOLLOWER at term 23 for recognizeCandidate:e3fb79a3-1f86-42af-a80c-c46d1acdbc29
2019-11-04 16:02:01,868 [grpc-default-executor-0] INFO  impl.RaftServerImpl (RaftServerImpl.java:setRole(184)) - 81ff859e-e76f-43f5-951a-4a38422068cb@group-7855C2F36E53: changes role from  FOLLOWER to FOLLOWER at term 23 for recognizeCandidate:e3fb79a3-1f86-42af-a80c-c46d1acdbc29
2019-11-04 16:02:01,869 [grpc-default-executor-5] INFO  impl.RoleInfo (RoleInfo.java:shutdownFollowerState(121)) - a9143d84-6d7f-497d-b770-eb75585db3c7: shutdown FollowerState
2019-11-04 16:02:01,869 [grpc-default-executor-0] INFO  impl.RoleInfo (RoleInfo.java:shutdownFollowerState(121)) - 81ff859e-e76f-43f5-951a-4a38422068cb: shutdown FollowerState
2019-11-04 16:02:01,869 [grpc-default-executor-5] INFO  impl.RoleInfo (RoleInfo.java:updateAndGet(143)) - a9143d84-6d7f-497d-b770-eb75585db3c7: start FollowerState
2019-11-04 16:02:01,869 [Thread-367] INFO  impl.FollowerState (FollowerState.java:run(117)) - a9143d84-6d7f-497d-b770-eb75585db3c7@group-7855C2F36E53-FollowerState was interrupted: java.lang.InterruptedException: sleep interrupted
2019-11-04 16:02:01,869 [grpc-default-executor-0] INFO  impl.RoleInfo (RoleInfo.java:updateAndGet(143)) - 81ff859e-e76f-43f5-951a-4a38422068cb: start FollowerState
2019-11-04 16:02:01,869 [Thread-366] INFO  impl.FollowerState (FollowerState.java:run(117)) - 81ff859e-e76f-43f5-951a-4a38422068cb@group-7855C2F36E53-FollowerState was interrupted: java.lang.InterruptedException: sleep interrupted
2019-11-04 16:02:01,890 [e3fb79a3-1f86-42af-a80c-c46d1acdbc29@group-7855C2F36E53-LeaderElection25] INFO  impl.LeaderElection (LeaderElection.java:logAndReturn(56)) - e3fb79a3-1f86-42af-a80c-c46d1acdbc29@group-7855C2F36E53-LeaderElection25: Election REJECTED; received 2 response(s) [e3fb79a3-1f86-42af-a80c-c46d1acdbc29<-81ff859e-e76f-43f5-951a-4a38422068cb#0:FAIL-t23, e3fb79a3-1f86-42af-a80c-c46d1acdbc29<-a9143d84-6d7f-497d-b770-eb75585db3c7#0:FAIL-t23] and 0 exception(s); e3fb79a3-1f86-42af-a80c-c46d1acdbc29@group-7855C2F36E53:t23, leader=null, voted=e3fb79a3-1f86-42af-a80c-c46d1acdbc29, raftlog=e3fb79a3-1f86-42af-a80c-c46d1acdbc29@group-7855C2F36E53-SegmentedRaftLog:OPENED:c-1,f-1,i0, conf=-1: [e3fb79a3-1f86-42af-a80c-c46d1acdbc29:192.168.157.194:44142, 81ff859e-e76f-43f5-951a-4a38422068cb:192.168.157.194:46532, a9143d84-6d7f-497d-b770-eb75585db3c7:192.168.157.194:42126], old=null
2019-11-04 16:02:01,890 [e3fb79a3-1f86-42af-a80c-c46d1acdbc29@group-7855C2F36E53-LeaderElection25] INFO  impl.RaftServerImpl (RaftServerImpl.java:setRole(184)) - e3fb79a3-1f86-42af-a80c-c46d1acdbc29@group-7855C2F36E53: changes role from CANDIDATE to FOLLOWER at term 23 for DISCOVERED_A_NEW_TERM
2019-11-04 16:02:01,890 [e3fb79a3-1f86-42af-a80c-c46d1acdbc29@group-7855C2F36E53-LeaderElection25] INFO  impl.RoleInfo (RoleInfo.java:shutdownLeaderElection(134)) - e3fb79a3-1f86-42af-a80c-c46d1acdbc29: shutdown LeaderElection
2019-11-04 16:02:01,890 [e3fb79a3-1f86-42af-a80c-c46d1acdbc29@group-7855C2F36E53-LeaderElection25] INFO  impl.RoleInfo (RoleInfo.java:updateAndGet(143)) - e3fb79a3-1f86-42af-a80c-c46d1acdbc29: start FollowerState
2019-11-04 16:02:02,020 [Thread-376] INFO  impl.FollowerState (FollowerState.java:run(108)) - e3fb79a3-1f86-42af-a80c-c46d1acdbc29@group-7855C2F36E53-FollowerState: change to CANDIDATE, lastRpcTime:129ms, electionTimeout:129ms
2019-11-04 16:02:02,021 [Thread-376] INFO  impl.RoleInfo (RoleInfo.java:shutdownFollowerState(121)) - e3fb79a3-1f86-42af-a80c-c46d1acdbc29: shutdown FollowerState
2019-11-04 16:02:02,021 [Thread-376] INFO  impl.RaftServerImpl (RaftServerImpl.java:setRole(184)) - e3fb79a3-1f86-42af-a80c-c46d1acdbc29@group-7855C2F36E53: changes role from  FOLLOWER to CANDIDATE at term 23 for changeToCandidate
2019-11-04 16:02:02,021 [Thread-376] INFO  impl.RoleInfo (RoleInfo.java:updateAndGet(143)) - e3fb79a3-1f86-42af-a80c-c46d1acdbc29: start LeaderElection
2019-11-04 16:02:02,035 [e3fb79a3-1f86-42af-a80c-c46d1acdbc29@group-7855C2F36E53-LeaderElection26] INFO  impl.LeaderElection (LeaderElection.java:askForVotes(178)) - e3fb79a3-1f86-42af-a80c-c46d1acdbc29@group-7855C2F36E53-LeaderElection26: begin an election at term 24 for -1: [e3fb79a3-1f86-42af-a80c-c46d1acdbc29:192.168.157.194:44142, 81ff859e-e76f-43f5-951a-4a38422068cb:192.168.157.194:46532, a9143d84-6d7f-497d-b770-eb75585db3c7:192.168.157.194:42126], old=null
2019-11-04 16:02:02,039 [grpc-default-executor-5] INFO  impl.RaftServerImpl (RaftServerImpl.java:setRole(184)) - 81ff859e-e76f-43f5-951a-4a38422068cb@group-7855C2F36E53: changes role from  FOLLOWER to FOLLOWER at term 24 for recognizeCandidate:e3fb79a3-1f86-42af-a80c-c46d1acdbc29
2019-11-04 16:02:02,039 [grpc-default-executor-0] INFO  impl.RaftServerImpl (RaftServerImpl.java:setRole(184)) - a9143d84-6d7f-497d-b770-eb75585db3c7@group-7855C2F36E53: changes role from  FOLLOWER to FOLLOWER at term 24 for recognizeCandidate:e3fb79a3-1f86-42af-a80c-c46d1acdbc29
2019-11-04 16:02:02,039 [grpc-default-executor-5] INFO  impl.RoleInfo (RoleInfo.java:shutdownFollowerState(121)) - 81ff859e-e76f-43f5-951a-4a38422068cb: shutdown FollowerState
2019-11-04 16:02:02,039 [grpc-default-executor-0] INFO  impl.RoleInfo (RoleInfo.java:shutdownFollowerState(121)) - a9143d84-6d7f-497d-b770-eb75585db3c7: shutdown FollowerState
2019-11-04 16:02:02,040 [Thread-375] INFO  impl.FollowerState (FollowerState.java:run(117)) - 81ff859e-e76f-43f5-951a-4a38422068cb@group-7855C2F36E53-FollowerState was interrupted: java.lang.InterruptedException: sleep interrupted
2019-11-04 16:02:02,040 [Thread-374] INFO  impl.FollowerState (FollowerState.java:run(117)) - a9143d84-6d7f-497d-b770-eb75585db3c7@group-7855C2F36E53-FollowerState was interrupted: java.lang.InterruptedException: sleep interrupted
2019-11-04 16:02:02,040 [grpc-default-executor-5] INFO  impl.RoleInfo (RoleInfo.java:updateAndGet(143)) - 81ff859e-e76f-43f5-951a-4a38422068cb: start FollowerState
2019-11-04 16:02:02,040 [grpc-default-executor-0] INFO  impl.RoleInfo (RoleInfo.java:updateAndGet(143)) - a9143d84-6d7f-497d-b770-eb75585db3c7: start FollowerState
2019-11-04 16:02:02,055 [e3fb79a3-1f86-42af-a80c-c46d1acdbc29@group-7855C2F36E53-LeaderElection26] INFO  impl.LeaderElection (LeaderElection.java:logAndReturn(56)) - e3fb79a3-1f86-42af-a80c-c46d1acdbc29@group-7855C2F36E53-LeaderElection26: Election REJECTED; received 2 response(s) [e3fb79a3-1f86-42af-a80c-c46d1acdbc29<-81ff859e-e76f-43f5-951a-4a38422068cb#0:FAIL-t24, e3fb79a3-1f86-42af-a80c-c46d1acdbc29<-a9143d84-6d7f-497d-b770-eb75585db3c7#0:FAIL-t24] and 0 exception(s); e3fb79a3-1f86-42af-a80c-c46d1acdbc29@group-7855C2F36E53:t24, leader=null, voted=e3fb79a3-1f86-42af-a80c-c46d1acdbc29, raftlog=e3fb79a3-1f86-42af-a80c-c46d1acdbc29@group-7855C2F36E53-SegmentedRaftLog:OPENED:c-1,f-1,i0, conf=-1: [e3fb79a3-1f86-42af-a80c-c46d1acdbc29:192.168.157.194:44142, 81ff859e-e76f-43f5-951a-4a38422068cb:192.168.157.194:46532, a9143d84-6d7f-497d-b770-eb75585db3c7:192.168.157.194:42126], old=null
2019-11-04 16:02:02,056 [e3fb79a3-1f86-42af-a80c-c46d1acdbc29@group-7855C2F36E53-LeaderElection26] INFO  impl.RaftServerImpl (RaftServerImpl.java:setRole(184)) - e3fb79a3-1f86-42af-a80c-c46d1acdbc29@group-7855C2F36E53: changes role from CANDIDATE to FOLLOWER at term 24 for DISCOVERED_A_NEW_TERM
2019-11-04 16:02:02,056 [e3fb79a3-1f86-42af-a80c-c46d1acdbc29@group-7855C2F36E53-LeaderElection26] INFO  impl.RoleInfo (RoleInfo.java:shutdownLeaderElection(134)) - e3fb79a3-1f86-42af-a80c-c46d1acdbc29: shutdown LeaderElection
2019-11-04 16:02:02,056 [e3fb79a3-1f86-42af-a80c-c46d1acdbc29@group-7855C2F36E53-LeaderElection26] INFO  impl.RoleInfo (RoleInfo.java:updateAndGet(143)) - e3fb79a3-1f86-42af-a80c-c46d1acdbc29: start FollowerState
2019-11-04 16:02:02,242 [Thread-382] INFO  impl.FollowerState (FollowerState.java:run(108)) - e3fb79a3-1f86-42af-a80c-c46d1acdbc29@group-7855C2F36E53-FollowerState: change to CANDIDATE, lastRpcTime:185ms, electionTimeout:184ms
2019-11-04 16:02:02,243 [Thread-382] INFO  impl.RoleInfo (RoleInfo.java:shutdownFollowerState(121)) - e3fb79a3-1f86-42af-a80c-c46d1acdbc29: shutdown FollowerState
2019-11-04 16:02:02,243 [Thread-382] INFO  impl.RaftServerImpl (RaftServerImpl.java:setRole(184)) - e3fb79a3-1f86-42af-a80c-c46d1acdbc29@group-7855C2F36E53: changes role from  FOLLOWER to CANDIDATE at term 24 for changeToCandidate
2019-11-04 16:02:02,243 [Thread-382] INFO  impl.RoleInfo (RoleInfo.java:updateAndGet(143)) - e3fb79a3-1f86-42af-a80c-c46d1acdbc29: start LeaderElection
2019-11-04 16:02:02,257 [e3fb79a3-1f86-42af-a80c-c46d1acdbc29@group-7855C2F36E53-LeaderElection27] INFO  impl.LeaderElection (LeaderElection.java:askForVotes(178)) - e3fb79a3-1f86-42af-a80c-c46d1acdbc29@group-7855C2F36E53-LeaderElection27: begin an election at term 25 for -1: [e3fb79a3-1f86-42af-a80c-c46d1acdbc29:192.168.157.194:44142, 81ff859e-e76f-43f5-951a-4a38422068cb:192.168.157.194:46532, a9143d84-6d7f-497d-b770-eb75585db3c7:192.168.157.194:42126], old=null
2019-11-04 16:02:02,260 [grpc-default-executor-5] INFO  impl.RaftServerImpl (RaftServerImpl.java:setRole(184)) - 81ff859e-e76f-43f5-951a-4a38422068cb@group-7855C2F36E53: changes role from  FOLLOWER to FOLLOWER at term 25 for recognizeCandidate:e3fb79a3-1f86-42af-a80c-c46d1acdbc29
2019-11-04 16:02:02,261 [grpc-default-executor-0] INFO  impl.RaftServerImpl (RaftServerImpl.java:setRole(184)) - a9143d84-6d7f-497d-b770-eb75585db3c7@group-7855C2F36E53: changes role from  FOLLOWER to FOLLOWER at term 25 for recognizeCandidate:e3fb79a3-1f86-42af-a80c-c46d1acdbc29
2019-11-04 16:02:02,261 [grpc-default-executor-5] INFO  impl.RoleInfo (RoleInfo.java:shutdownFollowerState(121)) - 81ff859e-e76f-43f5-951a-4a38422068cb: shutdown FollowerState
2019-11-04 16:02:02,261 [grpc-default-executor-0] INFO  impl.RoleInfo (RoleInfo.java:shutdownFollowerState(121)) - a9143d84-6d7f-497d-b770-eb75585db3c7: shutdown FollowerState
2019-11-04 16:02:02,261 [grpc-default-executor-5] INFO  impl.RoleInfo (RoleInfo.java:updateAndGet(143)) - 81ff859e-e76f-43f5-951a-4a38422068cb: start FollowerState
2019-11-04 16:02:02,261 [Thread-380] INFO  impl.FollowerState (FollowerState.java:run(117)) - 81ff859e-e76f-43f5-951a-4a38422068cb@group-7855C2F36E53-FollowerState was interrupted: java.lang.InterruptedException: sleep interrupted
2019-11-04 16:02:02,261 [grpc-default-executor-0] INFO  impl.RoleInfo (RoleInfo.java:updateAndGet(143)) - a9143d84-6d7f-497d-b770-eb75585db3c7: start FollowerState
2019-11-04 16:02:02,261 [Thread-381] INFO  impl.FollowerState (FollowerState.java:run(117)) - a9143d84-6d7f-497d-b770-eb75585db3c7@group-7855C2F36E53-FollowerState was interrupted: java.lang.InterruptedException: sleep interrupted
2019-11-04 16:02:02,277 [e3fb79a3-1f86-42af-a80c-c46d1acdbc29@group-7855C2F36E53-LeaderElection27] INFO  impl.LeaderElection (LeaderElection.java:logAndReturn(56)) - e3fb79a3-1f86-42af-a80c-c46d1acdbc29@group-7855C2F36E53-LeaderElection27: Election REJECTED; received 2 response(s) [e3fb79a3-1f86-42af-a80c-c46d1acdbc29<-81ff859e-e76f-43f5-951a-4a38422068cb#0:FAIL-t25, e3fb79a3-1f86-42af-a80c-c46d1acdbc29<-a9143d84-6d7f-497d-b770-eb75585db3c7#0:FAIL-t25] and 0 exception(s); e3fb79a3-1f86-42af-a80c-c46d1acdbc29@group-7855C2F36E53:t25, leader=null, voted=e3fb79a3-1f86-42af-a80c-c46d1acdbc29, raftlog=e3fb79a3-1f86-42af-a80c-c46d1acdbc29@group-7855C2F36E53-SegmentedRaftLog:OPENED:c-1,f-1,i0, conf=-1: [e3fb79a3-1f86-42af-a80c-c46d1acdbc29:192.168.157.194:44142, 81ff859e-e76f-43f5-951a-4a38422068cb:192.168.157.194:46532, a9143d84-6d7f-497d-b770-eb75585db3c7:192.168.157.194:42126], old=null
2019-11-04 16:02:02,277 [e3fb79a3-1f86-42af-a80c-c46d1acdbc29@group-7855C2F36E53-LeaderElection27] INFO  impl.RaftServerImpl (RaftServerImpl.java:setRole(184)) - e3fb79a3-1f86-42af-a80c-c46d1acdbc29@group-7855C2F36E53: changes role from CANDIDATE to FOLLOWER at term 25 for DISCOVERED_A_NEW_TERM
2019-11-04 16:02:02,277 [e3fb79a3-1f86-42af-a80c-c46d1acdbc29@group-7855C2F36E53-LeaderElection27] INFO  impl.RoleInfo (RoleInfo.java:shutdownLeaderElection(134)) - e3fb79a3-1f86-42af-a80c-c46d1acdbc29: shutdown LeaderElection
2019-11-04 16:02:02,277 [e3fb79a3-1f86-42af-a80c-c46d1acdbc29@group-7855C2F36E53-LeaderElection27] INFO  impl.RoleInfo (RoleInfo.java:updateAndGet(143)) - e3fb79a3-1f86-42af-a80c-c46d1acdbc29: start FollowerState
2019-11-04 16:02:02,413 [Thread-388] INFO  impl.FollowerState (FollowerState.java:run(108)) - e3fb79a3-1f86-42af-a80c-c46d1acdbc29@group-7855C2F36E53-FollowerState: change to CANDIDATE, lastRpcTime:135ms, electionTimeout:135ms
2019-11-04 16:02:02,414 [Thread-388] INFO  impl.RoleInfo (RoleInfo.java:shutdownFollowerState(121)) - e3fb79a3-1f86-42af-a80c-c46d1acdbc29: shutdown FollowerState
2019-11-04 16:02:02,414 [Thread-388] INFO  impl.RaftServerImpl (RaftServerImpl.java:setRole(184)) - e3fb79a3-1f86-42af-a80c-c46d1acdbc29@group-7855C2F36E53: changes role from  FOLLOWER to CANDIDATE at term 25 for changeToCandidate
2019-11-04 16:02:02,414 [Thread-388] INFO  impl.RoleInfo (RoleInfo.java:updateAndGet(143)) - e3fb79a3-1f86-42af-a80c-c46d1acdbc29: start LeaderElection
2019-11-04 16:02:02,451 [e3fb79a3-1f86-42af-a80c-c46d1acdbc29@group-7855C2F36E53-LeaderElection28] INFO  impl.LeaderElection (LeaderElection.java:askForVotes(178)) - e3fb79a3-1f86-42af-a80c-c46d1acdbc29@group-7855C2F36E53-LeaderElection28: begin an election at term 26 for -1: [e3fb79a3-1f86-42af-a80c-c46d1acdbc29:192.168.157.194:44142, 81ff859e-e76f-43f5-951a-4a38422068cb:192.168.157.194:46532, a9143d84-6d7f-497d-b770-eb75585db3c7:192.168.157.194:42126], old=null
2019-11-04 16:02:02,455 [grpc-default-executor-0] INFO  impl.RaftServerImpl (RaftServerImpl.java:setRole(184)) - 81ff859e-e76f-43f5-951a-4a38422068cb@group-7855C2F36E53: changes role from  FOLLOWER to FOLLOWER at term 26 for recognizeCandidate:e3fb79a3-1f86-42af-a80c-c46d1acdbc29
2019-11-04 16:02:02,455 [grpc-default-executor-0] INFO  impl.RoleInfo (RoleInfo.java:shutdownFollowerState(121)) - 81ff859e-e76f-43f5-951a-4a38422068cb: shutdown FollowerState
2019-11-04 16:02:02,455 [grpc-default-executor-0] INFO  impl.RoleInfo (RoleInfo.java:updateAndGet(143)) - 81ff859e-e76f-43f5-951a-4a38422068cb: start FollowerState
2019-11-04 16:02:02,455 [grpc-default-executor-5] INFO  impl.RaftServerImpl (RaftServerImpl.java:setRole(184)) - a9143d84-6d7f-497d-b770-eb75585db3c7@group-7855C2F36E53: changes role from  FOLLOWER to FOLLOWER at term 26 for recognizeCandidate:e3fb79a3-1f86-42af-a80c-c46d1acdbc29
2019-11-04 16:02:02,455 [Thread-386] INFO  impl.FollowerState (FollowerState.java:run(117)) - 81ff859e-e76f-43f5-951a-4a38422068cb@group-7855C2F36E53-FollowerState was interrupted: java.lang.InterruptedException: sleep interrupted
2019-11-04 16:02:02,456 [grpc-default-executor-5] INFO  impl.RoleInfo (RoleInfo.java:shutdownFollowerState(121)) - a9143d84-6d7f-497d-b770-eb75585db3c7: shutdown FollowerState
2019-11-04 16:02:02,456 [Thread-387] INFO  impl.FollowerState (FollowerState.java:run(117)) - a9143d84-6d7f-497d-b770-eb75585db3c7@group-7855C2F36E53-FollowerState was interrupted: java.lang.InterruptedException: sleep interrupted
2019-11-04 16:02:02,456 [grpc-default-executor-5] INFO  impl.RoleInfo (RoleInfo.java:updateAndGet(143)) - a9143d84-6d7f-497d-b770-eb75585db3c7: start FollowerState
2019-11-04 16:02:02,482 [e3fb79a3-1f86-42af-a80c-c46d1acdbc29@group-7855C2F36E53-LeaderElection28] INFO  impl.LeaderElection (LeaderElection.java:logAndReturn(56)) - e3fb79a3-1f86-42af-a80c-c46d1acdbc29@group-7855C2F36E53-LeaderElection28: Election REJECTED; received 2 response(s) [e3fb79a3-1f86-42af-a80c-c46d1acdbc29<-81ff859e-e76f-43f5-951a-4a38422068cb#0:FAIL-t26, e3fb79a3-1f86-42af-a80c-c46d1acdbc29<-a9143d84-6d7f-497d-b770-eb75585db3c7#0:FAIL-t26] and 0 exception(s); e3fb79a3-1f86-42af-a80c-c46d1acdbc29@group-7855C2F36E53:t26, leader=null, voted=e3fb79a3-1f86-42af-a80c-c46d1acdbc29, raftlog=e3fb79a3-1f86-42af-a80c-c46d1acdbc29@group-7855C2F36E53-SegmentedRaftLog:OPENED:c-1,f-1,i0, conf=-1: [e3fb79a3-1f86-42af-a80c-c46d1acdbc29:192.168.157.194:44142, 81ff859e-e76f-43f5-951a-4a38422068cb:192.168.157.194:46532, a9143d84-6d7f-497d-b770-eb75585db3c7:192.168.157.194:42126], old=null
2019-11-04 16:02:02,483 [e3fb79a3-1f86-42af-a80c-c46d1acdbc29@group-7855C2F36E53-LeaderElection28] INFO  impl.RaftServerImpl (RaftServerImpl.java:setRole(184)) - e3fb79a3-1f86-42af-a80c-c46d1acdbc29@group-7855C2F36E53: changes role from CANDIDATE to FOLLOWER at term 26 for DISCOVERED_A_NEW_TERM
2019-11-04 16:02:02,483 [e3fb79a3-1f86-42af-a80c-c46d1acdbc29@group-7855C2F36E53-LeaderElection28] INFO  impl.RoleInfo (RoleInfo.java:shutdownLeaderElection(134)) - e3fb79a3-1f86-42af-a80c-c46d1acdbc29: shutdown LeaderElection
2019-11-04 16:02:02,483 [e3fb79a3-1f86-42af-a80c-c46d1acdbc29@group-7855C2F36E53-LeaderElection28] INFO  impl.RoleInfo (RoleInfo.java:updateAndGet(143)) - e3fb79a3-1f86-42af-a80c-c46d1acdbc29: start FollowerState
2019-11-04 16:02:02,640 [Thread-394] INFO  impl.FollowerState (FollowerState.java:run(108)) - e3fb79a3-1f86-42af-a80c-c46d1acdbc29@group-7855C2F36E53-FollowerState: change to CANDIDATE, lastRpcTime:157ms, electionTimeout:157ms
2019-11-04 16:02:02,642 [Thread-394] INFO  impl.RoleInfo (RoleInfo.java:shutdownFollowerState(121)) - e3fb79a3-1f86-42af-a80c-c46d1acdbc29: shutdown FollowerState
2019-11-04 16:02:02,642 [Thread-394] INFO  impl.RaftServerImpl (RaftServerImpl.java:setRole(184)) - e3fb79a3-1f86-42af-a80c-c46d1acdbc29@group-7855C2F36E53: changes role from  FOLLOWER to CANDIDATE at term 26 for changeToCandidate
2019-11-04 16:02:02,643 [Thread-394] INFO  impl.RoleInfo (RoleInfo.java:updateAndGet(143)) - e3fb79a3-1f86-42af-a80c-c46d1acdbc29: start LeaderElection
2019-11-04 16:02:02,656 [e3fb79a3-1f86-42af-a80c-c46d1acdbc29@group-7855C2F36E53-LeaderElection29] INFO  impl.LeaderElection (LeaderElection.java:askForVotes(178)) - e3fb79a3-1f86-42af-a80c-c46d1acdbc29@group-7855C2F36E53-LeaderElection29: begin an election at term 27 for -1: [e3fb79a3-1f86-42af-a80c-c46d1acdbc29:192.168.157.194:44142, 81ff859e-e76f-43f5-951a-4a38422068cb:192.168.157.194:46532, a9143d84-6d7f-497d-b770-eb75585db3c7:192.168.157.194:42126], old=null
2019-11-04 16:02:02,659 [grpc-default-executor-5] INFO  impl.RaftServerImpl (RaftServerImpl.java:setRole(184)) - 81ff859e-e76f-43f5-951a-4a38422068cb@group-7855C2F36E53: changes role from  FOLLOWER to FOLLOWER at term 27 for recognizeCandidate:e3fb79a3-1f86-42af-a80c-c46d1acdbc29
2019-11-04 16:02:02,659 [grpc-default-executor-0] INFO  impl.RaftServerImpl (RaftServerImpl.java:setRole(184)) - a9143d84-6d7f-497d-b770-eb75585db3c7@group-7855C2F36E53: changes role from  FOLLOWER to FOLLOWER at term 27 for recognizeCandidate:e3fb79a3-1f86-42af-a80c-c46d1acdbc29
2019-11-04 16:02:02,659 [grpc-default-executor-0] INFO  impl.RoleInfo (RoleInfo.java:shutdownFollowerState(121)) - a9143d84-6d7f-497d-b770-eb75585db3c7: shutdown FollowerState
2019-11-04 16:02:02,659 [grpc-default-executor-5] INFO  impl.RoleInfo (RoleInfo.java:shutdownFollowerState(121)) - 81ff859e-e76f-43f5-951a-4a38422068cb: shutdown FollowerState
2019-11-04 16:02:02,659 [Thread-393] INFO  impl.FollowerState (FollowerState.java:run(117)) - a9143d84-6d7f-497d-b770-eb75585db3c7@group-7855C2F36E53-FollowerState was interrupted: java.lang.InterruptedException: sleep interrupted
2019-11-04 16:02:02,659 [grpc-default-executor-0] INFO  impl.RoleInfo (RoleInfo.java:updateAndGet(143)) - a9143d84-6d7f-497d-b770-eb75585db3c7: start FollowerState
2019-11-04 16:02:02,660 [Thread-392] INFO  impl.FollowerState (FollowerState.java:run(117)) - 81ff859e-e76f-43f5-951a-4a38422068cb@group-7855C2F36E53-FollowerState was interrupted: java.lang.InterruptedException: sleep interrupted
2019-11-04 16:02:02,660 [grpc-default-executor-5] INFO  impl.RoleInfo (RoleInfo.java:updateAndGet(143)) - 81ff859e-e76f-43f5-951a-4a38422068cb: start FollowerState
2019-11-04 16:02:02,674 [e3fb79a3-1f86-42af-a80c-c46d1acdbc29@group-7855C2F36E53-LeaderElection29] INFO  impl.LeaderElection (LeaderElection.java:logAndReturn(56)) - e3fb79a3-1f86-42af-a80c-c46d1acdbc29@group-7855C2F36E53-LeaderElection29: Election REJECTED; received 2 response(s) [e3fb79a3-1f86-42af-a80c-c46d1acdbc29<-81ff859e-e76f-43f5-951a-4a38422068cb#0:FAIL-t27, e3fb79a3-1f86-42af-a80c-c46d1acdbc29<-a9143d84-6d7f-497d-b770-eb75585db3c7#0:FAIL-t27] and 0 exception(s); e3fb79a3-1f86-42af-a80c-c46d1acdbc29@group-7855C2F36E53:t27, leader=null, voted=e3fb79a3-1f86-42af-a80c-c46d1acdbc29, raftlog=e3fb79a3-1f86-42af-a80c-c46d1acdbc29@group-7855C2F36E53-SegmentedRaftLog:OPENED:c-1,f-1,i0, conf=-1: [e3fb79a3-1f86-42af-a80c-c46d1acdbc29:192.168.157.194:44142, 81ff859e-e76f-43f5-951a-4a38422068cb:192.168.157.194:46532, a9143d84-6d7f-497d-b770-eb75585db3c7:192.168.157.194:42126], old=null
2019-11-04 16:02:02,675 [e3fb79a3-1f86-42af-a80c-c46d1acdbc29@group-7855C2F36E53-LeaderElection29] INFO  impl.RaftServerImpl (RaftServerImpl.java:setRole(184)) - e3fb79a3-1f86-42af-a80c-c46d1acdbc29@group-7855C2F36E53: changes role from CANDIDATE to FOLLOWER at term 27 for DISCOVERED_A_NEW_TERM
2019-11-04 16:02:02,675 [e3fb79a3-1f86-42af-a80c-c46d1acdbc29@group-7855C2F36E53-LeaderElection29] INFO  impl.RoleInfo (RoleInfo.java:shutdownLeaderElection(134)) - e3fb79a3-1f86-42af-a80c-c46d1acdbc29: shutdown LeaderElection
2019-11-04 16:02:02,675 [e3fb79a3-1f86-42af-a80c-c46d1acdbc29@group-7855C2F36E53-LeaderElection29] INFO  impl.RoleInfo (RoleInfo.java:updateAndGet(143)) - e3fb79a3-1f86-42af-a80c-c46d1acdbc29: start FollowerState
2019-11-04 16:02:02,782 [Thread-400] INFO  impl.FollowerState (FollowerState.java:run(108)) - e3fb79a3-1f86-42af-a80c-c46d1acdbc29@group-7855C2F36E53-FollowerState: change to CANDIDATE, lastRpcTime:107ms, electionTimeout:107ms
2019-11-04 16:02:02,783 [Thread-400] INFO  impl.RoleInfo (RoleInfo.java:shutdownFollowerState(121)) - e3fb79a3-1f86-42af-a80c-c46d1acdbc29: shutdown FollowerState
2019-11-04 16:02:02,784 [Thread-400] INFO  impl.RaftServerImpl (RaftServerImpl.java:setRole(184)) - e3fb79a3-1f86-42af-a80c-c46d1acdbc29@group-7855C2F36E53: changes role from  FOLLOWER to CANDIDATE at term 27 for changeToCandidate
2019-11-04 16:02:02,784 [Thread-400] INFO  impl.RoleInfo (RoleInfo.java:updateAndGet(143)) - e3fb79a3-1f86-42af-a80c-c46d1acdbc29: start LeaderElection
2019-11-04 16:02:02,798 [e3fb79a3-1f86-42af-a80c-c46d1acdbc29@group-7855C2F36E53-LeaderElection30] INFO  impl.LeaderElection (LeaderElection.java:askForVotes(178)) - e3fb79a3-1f86-42af-a80c-c46d1acdbc29@group-7855C2F36E53-LeaderElection30: begin an election at term 28 for -1: [e3fb79a3-1f86-42af-a80c-c46d1acdbc29:192.168.157.194:44142, 81ff859e-e76f-43f5-951a-4a38422068cb:192.168.157.194:46532, a9143d84-6d7f-497d-b770-eb75585db3c7:192.168.157.194:42126], old=null
2019-11-04 16:02:02,802 [grpc-default-executor-5] INFO  impl.RaftServerImpl (RaftServerImpl.java:setRole(184)) - a9143d84-6d7f-497d-b770-eb75585db3c7@group-7855C2F36E53: changes role from  FOLLOWER to FOLLOWER at term 28 for recognizeCandidate:e3fb79a3-1f86-42af-a80c-c46d1acdbc29
2019-11-04 16:02:02,802 [grpc-default-executor-5] INFO  impl.RoleInfo (RoleInfo.java:shutdownFollowerState(121)) - a9143d84-6d7f-497d-b770-eb75585db3c7: shutdown FollowerState
2019-11-04 16:02:02,802 [grpc-default-executor-0] INFO  impl.RaftServerImpl (RaftServerImpl.java:setRole(184)) - 81ff859e-e76f-43f5-951a-4a38422068cb@group-7855C2F36E53: changes role from  FOLLOWER to FOLLOWER at term 28 for recognizeCandidate:e3fb79a3-1f86-42af-a80c-c46d1acdbc29
2019-11-04 16:02:02,802 [grpc-default-executor-5] INFO  impl.RoleInfo (RoleInfo.java:updateAndGet(143)) - a9143d84-6d7f-497d-b770-eb75585db3c7: start FollowerState
2019-11-04 16:02:02,802 [Thread-398] INFO  impl.FollowerState (FollowerState.java:run(117)) - a9143d84-6d7f-497d-b770-eb75585db3c7@group-7855C2F36E53-FollowerState was interrupted: java.lang.InterruptedException: sleep interrupted
2019-11-04 16:02:02,802 [grpc-default-executor-0] INFO  impl.RoleInfo (RoleInfo.java:shutdownFollowerState(121)) - 81ff859e-e76f-43f5-951a-4a38422068cb: shutdown FollowerState
2019-11-04 16:02:02,803 [Thread-399] INFO  impl.FollowerState (FollowerState.java:run(117)) - 81ff859e-e76f-43f5-951a-4a38422068cb@group-7855C2F36E53-FollowerState was interrupted: java.lang.InterruptedException: sleep interrupted
2019-11-04 16:02:02,803 [grpc-default-executor-0] INFO  impl.RoleInfo (RoleInfo.java:updateAndGet(143)) - 81ff859e-e76f-43f5-951a-4a38422068cb: start FollowerState
2019-11-04 16:02:02,818 [e3fb79a3-1f86-42af-a80c-c46d1acdbc29@group-7855C2F36E53-LeaderElection30] INFO  impl.LeaderElection (LeaderElection.java:logAndReturn(56)) - e3fb79a3-1f86-42af-a80c-c46d1acdbc29@group-7855C2F36E53-LeaderElection30: Election REJECTED; received 2 response(s) [e3fb79a3-1f86-42af-a80c-c46d1acdbc29<-81ff859e-e76f-43f5-951a-4a38422068cb#0:FAIL-t28, e3fb79a3-1f86-42af-a80c-c46d1acdbc29<-a9143d84-6d7f-497d-b770-eb75585db3c7#0:FAIL-t28] and 0 exception(s); e3fb79a3-1f86-42af-a80c-c46d1acdbc29@group-7855C2F36E53:t28, leader=null, voted=e3fb79a3-1f86-42af-a80c-c46d1acdbc29, raftlog=e3fb79a3-1f86-42af-a80c-c46d1acdbc29@group-7855C2F36E53-SegmentedRaftLog:OPENED:c-1,f-1,i0, conf=-1: [e3fb79a3-1f86-42af-a80c-c46d1acdbc29:192.168.157.194:44142, 81ff859e-e76f-43f5-951a-4a38422068cb:192.168.157.194:46532, a9143d84-6d7f-497d-b770-eb75585db3c7:192.168.157.194:42126], old=null
2019-11-04 16:02:02,818 [e3fb79a3-1f86-42af-a80c-c46d1acdbc29@group-7855C2F36E53-LeaderElection30] INFO  impl.RaftServerImpl (RaftServerImpl.java:setRole(184)) - e3fb79a3-1f86-42af-a80c-c46d1acdbc29@group-7855C2F36E53: changes role from CANDIDATE to FOLLOWER at term 28 for DISCOVERED_A_NEW_TERM
2019-11-04 16:02:02,818 [e3fb79a3-1f86-42af-a80c-c46d1acdbc29@group-7855C2F36E53-LeaderElection30] INFO  impl.RoleInfo (RoleInfo.java:shutdownLeaderElection(134)) - e3fb79a3-1f86-42af-a80c-c46d1acdbc29: shutdown LeaderElection
2019-11-04 16:02:02,819 [e3fb79a3-1f86-42af-a80c-c46d1acdbc29@group-7855C2F36E53-LeaderElection30] INFO  impl.RoleInfo (RoleInfo.java:updateAndGet(143)) - e3fb79a3-1f86-42af-a80c-c46d1acdbc29: start FollowerState
2019-11-04 16:02:02,916 [Thread-408] INFO  impl.FollowerState (FollowerState.java:run(108)) - e3fb79a3-1f86-42af-a80c-c46d1acdbc29@group-7855C2F36E53-FollowerState: change to CANDIDATE, lastRpcTime:97ms, electionTimeout:97ms
2019-11-04 16:02:02,918 [Thread-408] INFO  impl.RoleInfo (RoleInfo.java:shutdownFollowerState(121)) - e3fb79a3-1f86-42af-a80c-c46d1acdbc29: shutdown FollowerState
2019-11-04 16:02:02,918 [Thread-408] INFO  impl.RaftServerImpl (RaftServerImpl.java:setRole(184)) - e3fb79a3-1f86-42af-a80c-c46d1acdbc29@group-7855C2F36E53: changes role from  FOLLOWER to CANDIDATE at term 28 for changeToCandidate
2019-11-04 16:02:02,918 [Thread-408] INFO  impl.RoleInfo (RoleInfo.java:updateAndGet(143)) - e3fb79a3-1f86-42af-a80c-c46d1acdbc29: start LeaderElection
2019-11-04 16:02:02,931 [e3fb79a3-1f86-42af-a80c-c46d1acdbc29@group-7855C2F36E53-LeaderElection31] INFO  impl.LeaderElection (LeaderElection.java:askForVotes(178)) - e3fb79a3-1f86-42af-a80c-c46d1acdbc29@group-7855C2F36E53-LeaderElection31: begin an election at term 29 for -1: [e3fb79a3-1f86-42af-a80c-c46d1acdbc29:192.168.157.194:44142, 81ff859e-e76f-43f5-951a-4a38422068cb:192.168.157.194:46532, a9143d84-6d7f-497d-b770-eb75585db3c7:192.168.157.194:42126], old=null
2019-11-04 16:02:02,935 [grpc-default-executor-0] INFO  impl.RaftServerImpl (RaftServerImpl.java:setRole(184)) - 81ff859e-e76f-43f5-951a-4a38422068cb@group-7855C2F36E53: changes role from  FOLLOWER to FOLLOWER at term 29 for recognizeCandidate:e3fb79a3-1f86-42af-a80c-c46d1acdbc29
2019-11-04 16:02:02,936 [grpc-default-executor-0] INFO  impl.RoleInfo (RoleInfo.java:shutdownFollowerState(121)) - 81ff859e-e76f-43f5-951a-4a38422068cb: shutdown FollowerState
2019-11-04 16:02:02,936 [grpc-default-executor-0] INFO  impl.RoleInfo (RoleInfo.java:updateAndGet(143)) - 81ff859e-e76f-43f5-951a-4a38422068cb: start FollowerState
2019-11-04 16:02:02,937 [Thread-407] INFO  impl.FollowerState (FollowerState.java:run(117)) - 81ff859e-e76f-43f5-951a-4a38422068cb@group-7855C2F36E53-FollowerState was interrupted: java.lang.InterruptedException: sleep interrupted
2019-11-04 16:02:02,938 [grpc-default-executor-5] INFO  impl.RaftServerImpl (RaftServerImpl.java:setRole(184)) - a9143d84-6d7f-497d-b770-eb75585db3c7@group-7855C2F36E53: changes role from  FOLLOWER to FOLLOWER at term 29 for recognizeCandidate:e3fb79a3-1f86-42af-a80c-c46d1acdbc29
2019-11-04 16:02:02,940 [grpc-default-executor-5] INFO  impl.RoleInfo (RoleInfo.java:shutdownFollowerState(121)) - a9143d84-6d7f-497d-b770-eb75585db3c7: shutdown FollowerState
2019-11-04 16:02:02,940 [Thread-406] INFO  impl.FollowerState (FollowerState.java:run(117)) - a9143d84-6d7f-497d-b770-eb75585db3c7@group-7855C2F36E53-FollowerState was interrupted: java.lang.InterruptedException: sleep interrupted
2019-11-04 16:02:02,940 [grpc-default-executor-5] INFO  impl.RoleInfo (RoleInfo.java:updateAndGet(143)) - a9143d84-6d7f-497d-b770-eb75585db3c7: start FollowerState
2019-11-04 16:02:02,952 [e3fb79a3-1f86-42af-a80c-c46d1acdbc29@group-7855C2F36E53-LeaderElection31] INFO  impl.LeaderElection (LeaderElection.java:logAndReturn(56)) - e3fb79a3-1f86-42af-a80c-c46d1acdbc29@group-7855C2F36E53-LeaderElection31: Election REJECTED; received 2 response(s) [e3fb79a3-1f86-42af-a80c-c46d1acdbc29<-81ff859e-e76f-43f5-951a-4a38422068cb#0:FAIL-t29, e3fb79a3-1f86-42af-a80c-c46d1acdbc29<-a9143d84-6d7f-497d-b770-eb75585db3c7#0:FAIL-t29] and 0 exception(s); e3fb79a3-1f86-42af-a80c-c46d1acdbc29@group-7855C2F36E53:t29, leader=null, voted=e3fb79a3-1f86-42af-a80c-c46d1acdbc29, raftlog=e3fb79a3-1f86-42af-a80c-c46d1acdbc29@group-7855C2F36E53-SegmentedRaftLog:OPENED:c-1,f-1,i0, conf=-1: [e3fb79a3-1f86-42af-a80c-c46d1acdbc29:192.168.157.194:44142, 81ff859e-e76f-43f5-951a-4a38422068cb:192.168.157.194:46532, a9143d84-6d7f-497d-b770-eb75585db3c7:192.168.157.194:42126], old=null
2019-11-04 16:02:02,952 [e3fb79a3-1f86-42af-a80c-c46d1acdbc29@group-7855C2F36E53-LeaderElection31] INFO  impl.RaftServerImpl (RaftServerImpl.java:setRole(184)) - e3fb79a3-1f86-42af-a80c-c46d1acdbc29@group-7855C2F36E53: changes role from CANDIDATE to FOLLOWER at term 29 for DISCOVERED_A_NEW_TERM
2019-11-04 16:02:02,953 [e3fb79a3-1f86-42af-a80c-c46d1acdbc29@group-7855C2F36E53-LeaderElection31] INFO  impl.RoleInfo (RoleInfo.java:shutdownLeaderElection(134)) - e3fb79a3-1f86-42af-a80c-c46d1acdbc29: shutdown LeaderElection
2019-11-04 16:02:02,953 [e3fb79a3-1f86-42af-a80c-c46d1acdbc29@group-7855C2F36E53-LeaderElection31] INFO  impl.RoleInfo (RoleInfo.java:updateAndGet(143)) - e3fb79a3-1f86-42af-a80c-c46d1acdbc29: start FollowerState
2019-11-04 16:02:03,087 [Thread-414] INFO  impl.FollowerState (FollowerState.java:run(108)) - e3fb79a3-1f86-42af-a80c-c46d1acdbc29@group-7855C2F36E53-FollowerState: change to CANDIDATE, lastRpcTime:134ms, electionTimeout:134ms
2019-11-04 16:02:03,089 [Thread-414] INFO  impl.RoleInfo (RoleInfo.java:shutdownFollowerState(121)) - e3fb79a3-1f86-42af-a80c-c46d1acdbc29: shutdown FollowerState
2019-11-04 16:02:03,089 [Thread-414] INFO  impl.RaftServerImpl (RaftServerImpl.java:setRole(184)) - e3fb79a3-1f86-42af-a80c-c46d1acdbc29@group-7855C2F36E53: changes role from  FOLLOWER to CANDIDATE at term 29 for changeToCandidate
2019-11-04 16:02:03,089 [Thread-414] INFO  impl.RoleInfo (RoleInfo.java:updateAndGet(143)) - e3fb79a3-1f86-42af-a80c-c46d1acdbc29: start LeaderElection
2019-11-04 16:02:03,103 [e3fb79a3-1f86-42af-a80c-c46d1acdbc29@group-7855C2F36E53-LeaderElection32] INFO  impl.LeaderElection (LeaderElection.java:askForVotes(178)) - e3fb79a3-1f86-42af-a80c-c46d1acdbc29@group-7855C2F36E53-LeaderElection32: begin an election at term 30 for -1: [e3fb79a3-1f86-42af-a80c-c46d1acdbc29:192.168.157.194:44142, 81ff859e-e76f-43f5-951a-4a38422068cb:192.168.157.194:46532, a9143d84-6d7f-497d-b770-eb75585db3c7:192.168.157.194:42126], old=null
2019-11-04 16:02:03,108 [grpc-default-executor-0] INFO  impl.RaftServerImpl (RaftServerImpl.java:setRole(184)) - a9143d84-6d7f-497d-b770-eb75585db3c7@group-7855C2F36E53: changes role from  FOLLOWER to FOLLOWER at term 30 for recognizeCandidate:e3fb79a3-1f86-42af-a80c-c46d1acdbc29
2019-11-04 16:02:03,108 [grpc-default-executor-0] INFO  impl.RoleInfo (RoleInfo.java:shutdownFollowerState(121)) - a9143d84-6d7f-497d-b770-eb75585db3c7: shutdown FollowerState
2019-11-04 16:02:03,108 [grpc-default-executor-5] INFO  impl.RaftServerImpl (RaftServerImpl.java:setRole(184)) - 81ff859e-e76f-43f5-951a-4a38422068cb@group-7855C2F36E53: changes role from  FOLLOWER to FOLLOWER at term 30 for recognizeCandidate:e3fb79a3-1f86-42af-a80c-c46d1acdbc29
2019-11-04 16:02:03,108 [Thread-413] INFO  impl.FollowerState (FollowerState.java:run(117)) - a9143d84-6d7f-497d-b770-eb75585db3c7@group-7855C2F36E53-FollowerState was interrupted: java.lang.InterruptedException: sleep interrupted
2019-11-04 16:02:03,108 [grpc-default-executor-0] INFO  impl.RoleInfo (RoleInfo.java:updateAndGet(143)) - a9143d84-6d7f-497d-b770-eb75585db3c7: start FollowerState
2019-11-04 16:02:03,109 [grpc-default-executor-5] INFO  impl.RoleInfo (RoleInfo.java:shutdownFollowerState(121)) - 81ff859e-e76f-43f5-951a-4a38422068cb: shutdown FollowerState
2019-11-04 16:02:03,109 [grpc-default-executor-5] INFO  impl.RoleInfo (RoleInfo.java:updateAndGet(143)) - 81ff859e-e76f-43f5-951a-4a38422068cb: start FollowerState
2019-11-04 16:02:03,109 [Thread-412] INFO  impl.FollowerState (FollowerState.java:run(117)) - 81ff859e-e76f-43f5-951a-4a38422068cb@group-7855C2F36E53-FollowerState was interrupted: java.lang.InterruptedException: sleep interrupted
2019-11-04 16:02:03,117 [e3fb79a3-1f86-42af-a80c-c46d1acdbc29@group-7855C2F36E53-LeaderElection32] INFO  impl.LeaderElection (LeaderElection.java:logAndReturn(56)) - e3fb79a3-1f86-42af-a80c-c46d1acdbc29@group-7855C2F36E53-LeaderElection32: Election REJECTED; received 2 response(s) [e3fb79a3-1f86-42af-a80c-c46d1acdbc29<-81ff859e-e76f-43f5-951a-4a38422068cb#0:FAIL-t30, e3fb79a3-1f86-42af-a80c-c46d1acdbc29<-a9143d84-6d7f-497d-b770-eb75585db3c7#0:FAIL-t30] and 0 exception(s); e3fb79a3-1f86-42af-a80c-c46d1acdbc29@group-7855C2F36E53:t30, leader=null, voted=e3fb79a3-1f86-42af-a80c-c46d1acdbc29, raftlog=e3fb79a3-1f86-42af-a80c-c46d1acdbc29@group-7855C2F36E53-SegmentedRaftLog:OPENED:c-1,f-1,i0, conf=-1: [e3fb79a3-1f86-42af-a80c-c46d1acdbc29:192.168.157.194:44142, 81ff859e-e76f-43f5-951a-4a38422068cb:192.168.157.194:46532, a9143d84-6d7f-497d-b770-eb75585db3c7:192.168.157.194:42126], old=null
2019-11-04 16:02:03,117 [e3fb79a3-1f86-42af-a80c-c46d1acdbc29@group-7855C2F36E53-LeaderElection32] INFO  impl.RaftServerImpl (RaftServerImpl.java:setRole(184)) - e3fb79a3-1f86-42af-a80c-c46d1acdbc29@group-7855C2F36E53: changes role from CANDIDATE to FOLLOWER at term 30 for DISCOVERED_A_NEW_TERM
2019-11-04 16:02:03,117 [e3fb79a3-1f86-42af-a80c-c46d1acdbc29@group-7855C2F36E53-LeaderElection32] INFO  impl.RoleInfo (RoleInfo.java:shutdownLeaderElection(134)) - e3fb79a3-1f86-42af-a80c-c46d1acdbc29: shutdown LeaderElection
2019-11-04 16:02:03,117 [e3fb79a3-1f86-42af-a80c-c46d1acdbc29@group-7855C2F36E53-LeaderElection32] INFO  impl.RoleInfo (RoleInfo.java:updateAndGet(143)) - e3fb79a3-1f86-42af-a80c-c46d1acdbc29: start FollowerState
2019-11-04 16:02:03,130 [Thread-420] INFO  impl.FollowerState (FollowerState.java:run(108)) - e3fb79a3-1f86-42af-a80c-c46d1acdbc29@group-7855C2F36E53-FollowerState: change to CANDIDATE, lastRpcTime:13ms, electionTimeout:13ms
2019-11-04 16:02:03,132 [Thread-420] INFO  impl.RoleInfo (RoleInfo.java:shutdownFollowerState(121)) - e3fb79a3-1f86-42af-a80c-c46d1acdbc29: shutdown FollowerState
2019-11-04 16:02:03,132 [Thread-420] INFO  impl.RaftServerImpl (RaftServerImpl.java:setRole(184)) - e3fb79a3-1f86-42af-a80c-c46d1acdbc29@group-7855C2F36E53: changes role from  FOLLOWER to CANDIDATE at term 30 for changeToCandidate
2019-11-04 16:02:03,132 [Thread-420] INFO  impl.RoleInfo (RoleInfo.java:updateAndGet(143)) - e3fb79a3-1f86-42af-a80c-c46d1acdbc29: start LeaderElection
2019-11-04 16:02:03,135 [e3fb79a3-1f86-42af-a80c-c46d1acdbc29@group-7855C2F36E53-LeaderElection33] INFO  impl.LeaderElection (LeaderElection.java:askForVotes(178)) - e3fb79a3-1f86-42af-a80c-c46d1acdbc29@group-7855C2F36E53-LeaderElection33: begin an election at term 31 for -1: [e3fb79a3-1f86-42af-a80c-c46d1acdbc29:192.168.157.194:44142, 81ff859e-e76f-43f5-951a-4a38422068cb:192.168.157.194:46532, a9143d84-6d7f-497d-b770-eb75585db3c7:192.168.157.194:42126], old=null
2019-11-04 16:02:03,139 [grpc-default-executor-5] INFO  impl.RaftServerImpl (RaftServerImpl.java:setRole(184)) - 81ff859e-e76f-43f5-951a-4a38422068cb@group-7855C2F36E53: changes role from  FOLLOWER to FOLLOWER at term 31 for recognizeCandidate:e3fb79a3-1f86-42af-a80c-c46d1acdbc29
2019-11-04 16:02:03,139 [grpc-default-executor-0] INFO  impl.RaftServerImpl (RaftServerImpl.java:setRole(184)) - a9143d84-6d7f-497d-b770-eb75585db3c7@group-7855C2F36E53: changes role from  FOLLOWER to FOLLOWER at term 31 for recognizeCandidate:e3fb79a3-1f86-42af-a80c-c46d1acdbc29
2019-11-04 16:02:03,139 [grpc-default-executor-5] INFO  impl.RoleInfo (RoleInfo.java:shutdownFollowerState(121)) - 81ff859e-e76f-43f5-951a-4a38422068cb: shutdown FollowerState
2019-11-04 16:02:03,139 [grpc-default-executor-0] INFO  impl.RoleInfo (RoleInfo.java:shutdownFollowerState(121)) - a9143d84-6d7f-497d-b770-eb75585db3c7: shutdown FollowerState
2019-11-04 16:02:03,139 [Thread-419] INFO  impl.FollowerState (FollowerState.java:run(117)) - 81ff859e-e76f-43f5-951a-4a38422068cb@group-7855C2F36E53-FollowerState was interrupted: java.lang.InterruptedException: sleep interrupted
2019-11-04 16:02:03,139 [grpc-default-executor-0] INFO  impl.RoleInfo (RoleInfo.java:updateAndGet(143)) - a9143d84-6d7f-497d-b770-eb75585db3c7: start FollowerState
2019-11-04 16:02:03,139 [Thread-418] INFO  impl.FollowerState (FollowerState.java:run(117)) - a9143d84-6d7f-497d-b770-eb75585db3c7@group-7855C2F36E53-FollowerState was interrupted: java.lang.InterruptedException: sleep interrupted
2019-11-04 16:02:03,139 [grpc-default-executor-5] INFO  impl.RoleInfo (RoleInfo.java:updateAndGet(143)) - 81ff859e-e76f-43f5-951a-4a38422068cb: start FollowerState
2019-11-04 16:02:03,145 [e3fb79a3-1f86-42af-a80c-c46d1acdbc29@group-7855C2F36E53-LeaderElection33] INFO  impl.LeaderElection (LeaderElection.java:logAndReturn(56)) - e3fb79a3-1f86-42af-a80c-c46d1acdbc29@group-7855C2F36E53-LeaderElection33: Election REJECTED; received 2 response(s) [e3fb79a3-1f86-42af-a80c-c46d1acdbc29<-81ff859e-e76f-43f5-951a-4a38422068cb#0:FAIL-t31, e3fb79a3-1f86-42af-a80c-c46d1acdbc29<-a9143d84-6d7f-497d-b770-eb75585db3c7#0:FAIL-t31] and 0 exception(s); e3fb79a3-1f86-42af-a80c-c46d1acdbc29@group-7855C2F36E53:t31, leader=null, voted=e3fb79a3-1f86-42af-a80c-c46d1acdbc29, raftlog=e3fb79a3-1f86-42af-a80c-c46d1acdbc29@group-7855C2F36E53-SegmentedRaftLog:OPENED:c-1,f-1,i0, conf=-1: [e3fb79a3-1f86-42af-a80c-c46d1acdbc29:192.168.157.194:44142, 81ff859e-e76f-43f5-951a-4a38422068cb:192.168.157.194:46532, a9143d84-6d7f-497d-b770-eb75585db3c7:192.168.157.194:42126], old=null
2019-11-04 16:02:03,145 [e3fb79a3-1f86-42af-a80c-c46d1acdbc29@group-7855C2F36E53-LeaderElection33] INFO  impl.RaftServerImpl (RaftServerImpl.java:setRole(184)) - e3fb79a3-1f86-42af-a80c-c46d1acdbc29@group-7855C2F36E53: changes role from CANDIDATE to FOLLOWER at term 31 for DISCOVERED_A_NEW_TERM
2019-11-04 16:02:03,146 [e3fb79a3-1f86-42af-a80c-c46d1acdbc29@group-7855C2F36E53-LeaderElection33] INFO  impl.RoleInfo (RoleInfo.java:shutdownLeaderElection(134)) - e3fb79a3-1f86-42af-a80c-c46d1acdbc29: shutdown LeaderElection
2019-11-04 16:02:03,146 [e3fb79a3-1f86-42af-a80c-c46d1acdbc29@group-7855C2F36E53-LeaderElection33] INFO  impl.RoleInfo (RoleInfo.java:updateAndGet(143)) - e3fb79a3-1f86-42af-a80c-c46d1acdbc29: start FollowerState
2019-11-04 16:02:03,330 [Thread-426] INFO  impl.FollowerState (FollowerState.java:run(108)) - e3fb79a3-1f86-42af-a80c-c46d1acdbc29@group-7855C2F36E53-FollowerState: change to CANDIDATE, lastRpcTime:184ms, electionTimeout:184ms
2019-11-04 16:02:03,331 [Thread-426] INFO  impl.RoleInfo (RoleInfo.java:shutdownFollowerState(121)) - e3fb79a3-1f86-42af-a80c-c46d1acdbc29: shutdown FollowerState
2019-11-04 16:02:03,331 [Thread-426] INFO  impl.RaftServerImpl (RaftServerImpl.java:setRole(184)) - e3fb79a3-1f86-42af-a80c-c46d1acdbc29@group-7855C2F36E53: changes role from  FOLLOWER to CANDIDATE at term 31 for changeToCandidate
2019-11-04 16:02:03,332 [Thread-426] INFO  impl.RoleInfo (RoleInfo.java:updateAndGet(143)) - e3fb79a3-1f86-42af-a80c-c46d1acdbc29: start LeaderElection
2019-11-04 16:02:03,346 [e3fb79a3-1f86-42af-a80c-c46d1acdbc29@group-7855C2F36E53-LeaderElection34] INFO  impl.LeaderElection (LeaderElection.java:askForVotes(178)) - e3fb79a3-1f86-42af-a80c-c46d1acdbc29@group-7855C2F36E53-LeaderElection34: begin an election at term 32 for -1: [e3fb79a3-1f86-42af-a80c-c46d1acdbc29:192.168.157.194:44142, 81ff859e-e76f-43f5-951a-4a38422068cb:192.168.157.194:46532, a9143d84-6d7f-497d-b770-eb75585db3c7:192.168.157.194:42126], old=null
2019-11-04 16:02:03,351 [grpc-default-executor-5] INFO  impl.RaftServerImpl (RaftServerImpl.java:setRole(184)) - a9143d84-6d7f-497d-b770-eb75585db3c7@group-7855C2F36E53: changes role from  FOLLOWER to FOLLOWER at term 32 for recognizeCandidate:e3fb79a3-1f86-42af-a80c-c46d1acdbc29
2019-11-04 16:02:03,351 [grpc-default-executor-5] INFO  impl.RoleInfo (RoleInfo.java:shutdownFollowerState(121)) - a9143d84-6d7f-497d-b770-eb75585db3c7: shutdown FollowerState
2019-11-04 16:02:03,351 [grpc-default-executor-0] INFO  impl.RaftServerImpl (RaftServerImpl.java:setRole(184)) - 81ff859e-e76f-43f5-951a-4a38422068cb@group-7855C2F36E53: changes role from  FOLLOWER to FOLLOWER at term 32 for recognizeCandidate:e3fb79a3-1f86-42af-a80c-c46d1acdbc29
2019-11-04 16:02:03,351 [grpc-default-executor-5] INFO  impl.RoleInfo (RoleInfo.java:updateAndGet(143)) - a9143d84-6d7f-497d-b770-eb75585db3c7: start FollowerState
2019-11-04 16:02:03,351 [Thread-425] INFO  impl.FollowerState (FollowerState.java:run(117)) - a9143d84-6d7f-497d-b770-eb75585db3c7@group-7855C2F36E53-FollowerState was interrupted: java.lang.InterruptedException: sleep interrupted
2019-11-04 16:02:03,351 [grpc-default-executor-0] INFO  impl.RoleInfo (RoleInfo.java:shutdownFollowerState(121)) - 81ff859e-e76f-43f5-951a-4a38422068cb: shutdown FollowerState
2019-11-04 16:02:03,352 [Thread-424] INFO  impl.FollowerState (FollowerState.java:run(117)) - 81ff859e-e76f-43f5-951a-4a38422068cb@group-7855C2F36E53-FollowerState was interrupted: java.lang.InterruptedException: sleep interrupted
2019-11-04 16:02:03,352 [grpc-default-executor-0] INFO  impl.RoleInfo (RoleInfo.java:updateAndGet(143)) - 81ff859e-e76f-43f5-951a-4a38422068cb: start FollowerState
2019-11-04 16:02:03,367 [e3fb79a3-1f86-42af-a80c-c46d1acdbc29@group-7855C2F36E53-LeaderElection34] INFO  impl.LeaderElection (LeaderElection.java:logAndReturn(56)) - e3fb79a3-1f86-42af-a80c-c46d1acdbc29@group-7855C2F36E53-LeaderElection34: Election REJECTED; received 2 response(s) [e3fb79a3-1f86-42af-a80c-c46d1acdbc29<-81ff859e-e76f-43f5-951a-4a38422068cb#0:FAIL-t32, e3fb79a3-1f86-42af-a80c-c46d1acdbc29<-a9143d84-6d7f-497d-b770-eb75585db3c7#0:FAIL-t32] and 0 exception(s); e3fb79a3-1f86-42af-a80c-c46d1acdbc29@group-7855C2F36E53:t32, leader=null, voted=e3fb79a3-1f86-42af-a80c-c46d1acdbc29, raftlog=e3fb79a3-1f86-42af-a80c-c46d1acdbc29@group-7855C2F36E53-SegmentedRaftLog:OPENED:c-1,f-1,i0, conf=-1: [e3fb79a3-1f86-42af-a80c-c46d1acdbc29:192.168.157.194:44142, 81ff859e-e76f-43f5-951a-4a38422068cb:192.168.157.194:46532, a9143d84-6d7f-497d-b770-eb75585db3c7:192.168.157.194:42126], old=null
2019-11-04 16:02:03,367 [e3fb79a3-1f86-42af-a80c-c46d1acdbc29@group-7855C2F36E53-LeaderElection34] INFO  impl.RaftServerImpl (RaftServerImpl.java:setRole(184)) - e3fb79a3-1f86-42af-a80c-c46d1acdbc29@group-7855C2F36E53: changes role from CANDIDATE to FOLLOWER at term 32 for DISCOVERED_A_NEW_TERM
2019-11-04 16:02:03,367 [e3fb79a3-1f86-42af-a80c-c46d1acdbc29@group-7855C2F36E53-LeaderElection34] INFO  impl.RoleInfo (RoleInfo.java:shutdownLeaderElection(134)) - e3fb79a3-1f86-42af-a80c-c46d1acdbc29: shutdown LeaderElection
2019-11-04 16:02:03,367 [e3fb79a3-1f86-42af-a80c-c46d1acdbc29@group-7855C2F36E53-LeaderElection34] INFO  impl.RoleInfo (RoleInfo.java:updateAndGet(143)) - e3fb79a3-1f86-42af-a80c-c46d1acdbc29: start FollowerState
2019-11-04 16:02:03,389 [Thread-432] INFO  impl.FollowerState (FollowerState.java:run(108)) - e3fb79a3-1f86-42af-a80c-c46d1acdbc29@group-7855C2F36E53-FollowerState: change to CANDIDATE, lastRpcTime:21ms, electionTimeout:21ms
2019-11-04 16:02:03,390 [Thread-432] INFO  impl.RoleInfo (RoleInfo.java:shutdownFollowerState(121)) - e3fb79a3-1f86-42af-a80c-c46d1acdbc29: shutdown FollowerState
2019-11-04 16:02:03,390 [Thread-432] INFO  impl.RaftServerImpl (RaftServerImpl.java:setRole(184)) - e3fb79a3-1f86-42af-a80c-c46d1acdbc29@group-7855C2F36E53: changes role from  FOLLOWER to CANDIDATE at term 32 for changeToCandidate
2019-11-04 16:02:03,391 [Thread-432] INFO  impl.RoleInfo (RoleInfo.java:updateAndGet(143)) - e3fb79a3-1f86-42af-a80c-c46d1acdbc29: start LeaderElection
2019-11-04 16:02:03,403 [e3fb79a3-1f86-42af-a80c-c46d1acdbc29@group-7855C2F36E53-LeaderElection35] INFO  impl.LeaderElection (LeaderElection.java:askForVotes(178)) - e3fb79a3-1f86-42af-a80c-c46d1acdbc29@group-7855C2F36E53-LeaderElection35: begin an election at term 33 for -1: [e3fb79a3-1f86-42af-a80c-c46d1acdbc29:192.168.157.194:44142, 81ff859e-e76f-43f5-951a-4a38422068cb:192.168.157.194:46532, a9143d84-6d7f-497d-b770-eb75585db3c7:192.168.157.194:42126], old=null
2019-11-04 16:02:03,407 [grpc-default-executor-5] INFO  impl.RaftServerImpl (RaftServerImpl.java:setRole(184)) - a9143d84-6d7f-497d-b770-eb75585db3c7@group-7855C2F36E53: changes role from  FOLLOWER to FOLLOWER at term 33 for recognizeCandidate:e3fb79a3-1f86-42af-a80c-c46d1acdbc29
2019-11-04 16:02:03,407 [grpc-default-executor-0] INFO  impl.RaftServerImpl (RaftServerImpl.java:setRole(184)) - 81ff859e-e76f-43f5-951a-4a38422068cb@group-7855C2F36E53: changes role from  FOLLOWER to FOLLOWER at term 33 for recognizeCandidate:e3fb79a3-1f86-42af-a80c-c46d1acdbc29
2019-11-04 16:02:03,407 [grpc-default-executor-5] INFO  impl.RoleInfo (RoleInfo.java:shutdownFollowerState(121)) - a9143d84-6d7f-497d-b770-eb75585db3c7: shutdown FollowerState
2019-11-04 16:02:03,407 [grpc-default-executor-0] INFO  impl.RoleInfo (RoleInfo.java:shutdownFollowerState(121)) - 81ff859e-e76f-43f5-951a-4a38422068cb: shutdown FollowerState
2019-11-04 16:02:03,408 [grpc-default-executor-5] INFO  impl.RoleInfo (RoleInfo.java:updateAndGet(143)) - a9143d84-6d7f-497d-b770-eb75585db3c7: start FollowerState
2019-11-04 16:02:03,408 [grpc-default-executor-0] INFO  impl.RoleInfo (RoleInfo.java:updateAndGet(143)) - 81ff859e-e76f-43f5-951a-4a38422068cb: start FollowerState
2019-11-04 16:02:03,408 [Thread-430] INFO  impl.FollowerState (FollowerState.java:run(117)) - a9143d84-6d7f-497d-b770-eb75585db3c7@group-7855C2F36E53-FollowerState was interrupted: java.lang.InterruptedException: sleep interrupted
2019-11-04 16:02:03,408 [Thread-431] INFO  impl.FollowerState (FollowerState.java:run(117)) - 81ff859e-e76f-43f5-951a-4a38422068cb@group-7855C2F36E53-FollowerState was interrupted: java.lang.InterruptedException: sleep interrupted
2019-11-04 16:02:03,423 [e3fb79a3-1f86-42af-a80c-c46d1acdbc29@group-7855C2F36E53-LeaderElection35] INFO  impl.LeaderElection (LeaderElection.java:logAndReturn(56)) - e3fb79a3-1f86-42af-a80c-c46d1acdbc29@group-7855C2F36E53-LeaderElection35: Election REJECTED; received 2 response(s) [e3fb79a3-1f86-42af-a80c-c46d1acdbc29<-81ff859e-e76f-43f5-951a-4a38422068cb#0:FAIL-t33, e3fb79a3-1f86-42af-a80c-c46d1acdbc29<-a9143d84-6d7f-497d-b770-eb75585db3c7#0:FAIL-t33] and 0 exception(s); e3fb79a3-1f86-42af-a80c-c46d1acdbc29@group-7855C2F36E53:t33, leader=null, voted=e3fb79a3-1f86-42af-a80c-c46d1acdbc29, raftlog=e3fb79a3-1f86-42af-a80c-c46d1acdbc29@group-7855C2F36E53-SegmentedRaftLog:OPENED:c-1,f-1,i0, conf=-1: [e3fb79a3-1f86-42af-a80c-c46d1acdbc29:192.168.157.194:44142, 81ff859e-e76f-43f5-951a-4a38422068cb:192.168.157.194:46532, a9143d84-6d7f-497d-b770-eb75585db3c7:192.168.157.194:42126], old=null
2019-11-04 16:02:03,423 [e3fb79a3-1f86-42af-a80c-c46d1acdbc29@group-7855C2F36E53-LeaderElection35] INFO  impl.RaftServerImpl (RaftServerImpl.java:setRole(184)) - e3fb79a3-1f86-42af-a80c-c46d1acdbc29@group-7855C2F36E53: changes role from CANDIDATE to FOLLOWER at term 33 for DISCOVERED_A_NEW_TERM
2019-11-04 16:02:03,424 [e3fb79a3-1f86-42af-a80c-c46d1acdbc29@group-7855C2F36E53-LeaderElection35] INFO  impl.RoleInfo (RoleInfo.java:shutdownLeaderElection(134)) - e3fb79a3-1f86-42af-a80c-c46d1acdbc29: shutdown LeaderElection
2019-11-04 16:02:03,424 [e3fb79a3-1f86-42af-a80c-c46d1acdbc29@group-7855C2F36E53-LeaderElection35] INFO  impl.RoleInfo (RoleInfo.java:updateAndGet(143)) - e3fb79a3-1f86-42af-a80c-c46d1acdbc29: start FollowerState
2019-11-04 16:02:03,436 [Thread-438] INFO  impl.FollowerState (FollowerState.java:run(108)) - e3fb79a3-1f86-42af-a80c-c46d1acdbc29@group-7855C2F36E53-FollowerState: change to CANDIDATE, lastRpcTime:12ms, electionTimeout:12ms
2019-11-04 16:02:03,437 [Thread-438] INFO  impl.RoleInfo (RoleInfo.java:shutdownFollowerState(121)) - e3fb79a3-1f86-42af-a80c-c46d1acdbc29: shutdown FollowerState
2019-11-04 16:02:03,437 [Thread-438] INFO  impl.RaftServerImpl (RaftServerImpl.java:setRole(184)) - e3fb79a3-1f86-42af-a80c-c46d1acdbc29@group-7855C2F36E53: changes role from  FOLLOWER to CANDIDATE at term 33 for changeToCandidate
2019-11-04 16:02:03,438 [Thread-438] INFO  impl.RoleInfo (RoleInfo.java:updateAndGet(143)) - e3fb79a3-1f86-42af-a80c-c46d1acdbc29: start LeaderElection
2019-11-04 16:02:03,452 [e3fb79a3-1f86-42af-a80c-c46d1acdbc29@group-7855C2F36E53-LeaderElection36] INFO  impl.LeaderElection (LeaderElection.java:askForVotes(178)) - e3fb79a3-1f86-42af-a80c-c46d1acdbc29@group-7855C2F36E53-LeaderElection36: begin an election at term 34 for -1: [e3fb79a3-1f86-42af-a80c-c46d1acdbc29:192.168.157.194:44142, 81ff859e-e76f-43f5-951a-4a38422068cb:192.168.157.194:46532, a9143d84-6d7f-497d-b770-eb75585db3c7:192.168.157.194:42126], old=null
2019-11-04 16:02:03,455 [grpc-default-executor-5] INFO  impl.RaftServerImpl (RaftServerImpl.java:setRole(184)) - a9143d84-6d7f-497d-b770-eb75585db3c7@group-7855C2F36E53: changes role from  FOLLOWER to FOLLOWER at term 34 for recognizeCandidate:e3fb79a3-1f86-42af-a80c-c46d1acdbc29
2019-11-04 16:02:03,455 [grpc-default-executor-5] INFO  impl.RoleInfo (RoleInfo.java:shutdownFollowerState(121)) - a9143d84-6d7f-497d-b770-eb75585db3c7: shutdown FollowerState
2019-11-04 16:02:03,455 [Thread-436] INFO  impl.FollowerState (FollowerState.java:run(117)) - a9143d84-6d7f-497d-b770-eb75585db3c7@group-7855C2F36E53-FollowerState was interrupted: java.lang.InterruptedException: sleep interrupted
2019-11-04 16:02:03,455 [grpc-default-executor-0] INFO  impl.RaftServerImpl (RaftServerImpl.java:setRole(184)) - 81ff859e-e76f-43f5-951a-4a38422068cb@group-7855C2F36E53: changes role from  FOLLOWER to FOLLOWER at term 34 for recognizeCandidate:e3fb79a3-1f86-42af-a80c-c46d1acdbc29
2019-11-04 16:02:03,455 [grpc-default-executor-5] INFO  impl.RoleInfo (RoleInfo.java:updateAndGet(143)) - a9143d84-6d7f-497d-b770-eb75585db3c7: start FollowerState
2019-11-04 16:02:03,455 [grpc-default-executor-0] INFO  impl.RoleInfo (RoleInfo.java:shutdownFollowerState(121)) - 81ff859e-e76f-43f5-951a-4a38422068cb: shutdown FollowerState
2019-11-04 16:02:03,456 [Thread-437] INFO  impl.FollowerState (FollowerState.java:run(117)) - 81ff859e-e76f-43f5-951a-4a38422068cb@group-7855C2F36E53-FollowerState was interrupted: java.lang.InterruptedException: sleep interrupted
2019-11-04 16:02:03,456 [grpc-default-executor-0] INFO  impl.RoleInfo (RoleInfo.java:updateAndGet(143)) - 81ff859e-e76f-43f5-951a-4a38422068cb: start FollowerState
2019-11-04 16:02:03,471 [e3fb79a3-1f86-42af-a80c-c46d1acdbc29@group-7855C2F36E53-LeaderElection36] INFO  impl.LeaderElection (LeaderElection.java:logAndReturn(56)) - e3fb79a3-1f86-42af-a80c-c46d1acdbc29@group-7855C2F36E53-LeaderElection36: Election REJECTED; received 2 response(s) [e3fb79a3-1f86-42af-a80c-c46d1acdbc29<-81ff859e-e76f-43f5-951a-4a38422068cb#0:FAIL-t34, e3fb79a3-1f86-42af-a80c-c46d1acdbc29<-a9143d84-6d7f-497d-b770-eb75585db3c7#0:FAIL-t34] and 0 exception(s); e3fb79a3-1f86-42af-a80c-c46d1acdbc29@group-7855C2F36E53:t34, leader=null, voted=e3fb79a3-1f86-42af-a80c-c46d1acdbc29, raftlog=e3fb79a3-1f86-42af-a80c-c46d1acdbc29@group-7855C2F36E53-SegmentedRaftLog:OPENED:c-1,f-1,i0, conf=-1: [e3fb79a3-1f86-42af-a80c-c46d1acdbc29:192.168.157.194:44142, 81ff859e-e76f-43f5-951a-4a38422068cb:192.168.157.194:46532, a9143d84-6d7f-497d-b770-eb75585db3c7:192.168.157.194:42126], old=null
2019-11-04 16:02:03,471 [e3fb79a3-1f86-42af-a80c-c46d1acdbc29@group-7855C2F36E53-LeaderElection36] INFO  impl.RaftServerImpl (RaftServerImpl.java:setRole(184)) - e3fb79a3-1f86-42af-a80c-c46d1acdbc29@group-7855C2F36E53: changes role from CANDIDATE to FOLLOWER at term 34 for DISCOVERED_A_NEW_TERM
2019-11-04 16:02:03,471 [e3fb79a3-1f86-42af-a80c-c46d1acdbc29@group-7855C2F36E53-LeaderElection36] INFO  impl.RoleInfo (RoleInfo.java:shutdownLeaderElection(134)) - e3fb79a3-1f86-42af-a80c-c46d1acdbc29: shutdown LeaderElection
2019-11-04 16:02:03,472 [e3fb79a3-1f86-42af-a80c-c46d1acdbc29@group-7855C2F36E53-LeaderElection36] INFO  impl.RoleInfo (RoleInfo.java:updateAndGet(143)) - e3fb79a3-1f86-42af-a80c-c46d1acdbc29: start FollowerState
2019-11-04 16:02:03,568 [Thread-444] INFO  impl.FollowerState (FollowerState.java:run(108)) - e3fb79a3-1f86-42af-a80c-c46d1acdbc29@group-7855C2F36E53-FollowerState: change to CANDIDATE, lastRpcTime:96ms, electionTimeout:96ms
2019-11-04 16:02:03,569 [Thread-444] INFO  impl.RoleInfo (RoleInfo.java:shutdownFollowerState(121)) - e3fb79a3-1f86-42af-a80c-c46d1acdbc29: shutdown FollowerState
2019-11-04 16:02:03,569 [Thread-444] INFO  impl.RaftServerImpl (RaftServerImpl.java:setRole(184)) - e3fb79a3-1f86-42af-a80c-c46d1acdbc29@group-7855C2F36E53: changes role from  FOLLOWER to CANDIDATE at term 34 for changeToCandidate
2019-11-04 16:02:03,570 [Thread-444] INFO  impl.RoleInfo (RoleInfo.java:updateAndGet(143)) - e3fb79a3-1f86-42af-a80c-c46d1acdbc29: start LeaderElection
2019-11-04 16:02:03,595 [e3fb79a3-1f86-42af-a80c-c46d1acdbc29@group-7855C2F36E53-LeaderElection37] INFO  impl.LeaderElection (LeaderElection.java:askForVotes(178)) - e3fb79a3-1f86-42af-a80c-c46d1acdbc29@group-7855C2F36E53-LeaderElection37: begin an election at term 35 for -1: [e3fb79a3-1f86-42af-a80c-c46d1acdbc29:192.168.157.194:44142, 81ff859e-e76f-43f5-951a-4a38422068cb:192.168.157.194:46532, a9143d84-6d7f-497d-b770-eb75585db3c7:192.168.157.194:42126], old=null
2019-11-04 16:02:03,598 [grpc-default-executor-5] INFO  impl.RaftServerImpl (RaftServerImpl.java:setRole(184)) - a9143d84-6d7f-497d-b770-eb75585db3c7@group-7855C2F36E53: changes role from  FOLLOWER to FOLLOWER at term 35 for recognizeCandidate:e3fb79a3-1f86-42af-a80c-c46d1acdbc29
2019-11-04 16:02:03,598 [grpc-default-executor-5] INFO  impl.RoleInfo (RoleInfo.java:shutdownFollowerState(121)) - a9143d84-6d7f-497d-b770-eb75585db3c7: shutdown FollowerState
2019-11-04 16:02:03,598 [grpc-default-executor-5] INFO  impl.RoleInfo (RoleInfo.java:updateAndGet(143)) - a9143d84-6d7f-497d-b770-eb75585db3c7: start FollowerState
2019-11-04 16:02:03,598 [Thread-442] INFO  impl.FollowerState (FollowerState.java:run(117)) - a9143d84-6d7f-497d-b770-eb75585db3c7@group-7855C2F36E53-FollowerState was interrupted: java.lang.InterruptedException: sleep interrupted
2019-11-04 16:02:03,598 [grpc-default-executor-0] INFO  impl.RaftServerImpl (RaftServerImpl.java:setRole(184)) - 81ff859e-e76f-43f5-951a-4a38422068cb@group-7855C2F36E53: changes role from  FOLLOWER to FOLLOWER at term 35 for recognizeCandidate:e3fb79a3-1f86-42af-a80c-c46d1acdbc29
2019-11-04 16:02:03,599 [grpc-default-executor-0] INFO  impl.RoleInfo (RoleInfo.java:shutdownFollowerState(121)) - 81ff859e-e76f-43f5-951a-4a38422068cb: shutdown FollowerState
2019-11-04 16:02:03,599 [Thread-443] INFO  impl.FollowerState (FollowerState.java:run(117)) - 81ff859e-e76f-43f5-951a-4a38422068cb@group-7855C2F36E53-FollowerState was interrupted: java.lang.InterruptedException: sleep interrupted
2019-11-04 16:02:03,599 [grpc-default-executor-0] INFO  impl.RoleInfo (RoleInfo.java:updateAndGet(143)) - 81ff859e-e76f-43f5-951a-4a38422068cb: start FollowerState
2019-11-04 16:02:03,614 [e3fb79a3-1f86-42af-a80c-c46d1acdbc29@group-7855C2F36E53-LeaderElection37] INFO  impl.LeaderElection (LeaderElection.java:logAndReturn(56)) - e3fb79a3-1f86-42af-a80c-c46d1acdbc29@group-7855C2F36E53-LeaderElection37: Election REJECTED; received 2 response(s) [e3fb79a3-1f86-42af-a80c-c46d1acdbc29<-81ff859e-e76f-43f5-951a-4a38422068cb#0:FAIL-t35, e3fb79a3-1f86-42af-a80c-c46d1acdbc29<-a9143d84-6d7f-497d-b770-eb75585db3c7#0:FAIL-t35] and 0 exception(s); e3fb79a3-1f86-42af-a80c-c46d1acdbc29@group-7855C2F36E53:t35, leader=null, voted=e3fb79a3-1f86-42af-a80c-c46d1acdbc29, raftlog=e3fb79a3-1f86-42af-a80c-c46d1acdbc29@group-7855C2F36E53-SegmentedRaftLog:OPENED:c-1,f-1,i0, conf=-1: [e3fb79a3-1f86-42af-a80c-c46d1acdbc29:192.168.157.194:44142, 81ff859e-e76f-43f5-951a-4a38422068cb:192.168.157.194:46532, a9143d84-6d7f-497d-b770-eb75585db3c7:192.168.157.194:42126], old=null
2019-11-04 16:02:03,614 [e3fb79a3-1f86-42af-a80c-c46d1acdbc29@group-7855C2F36E53-LeaderElection37] INFO  impl.RaftServerImpl (RaftServerImpl.java:setRole(184)) - e3fb79a3-1f86-42af-a80c-c46d1acdbc29@group-7855C2F36E53: changes role from CANDIDATE to FOLLOWER at term 35 for DISCOVERED_A_NEW_TERM
2019-11-04 16:02:03,614 [e3fb79a3-1f86-42af-a80c-c46d1acdbc29@group-7855C2F36E53-LeaderElection37] INFO  impl.RoleInfo (RoleInfo.java:shutdownLeaderElection(134)) - e3fb79a3-1f86-42af-a80c-c46d1acdbc29: shutdown LeaderElection
2019-11-04 16:02:03,614 [e3fb79a3-1f86-42af-a80c-c46d1acdbc29@group-7855C2F36E53-LeaderElection37] INFO  impl.RoleInfo (RoleInfo.java:updateAndGet(143)) - e3fb79a3-1f86-42af-a80c-c46d1acdbc29: start FollowerState
2019-11-04 16:02:03,737 [Thread-450] INFO  impl.FollowerState (FollowerState.java:run(108)) - e3fb79a3-1f86-42af-a80c-c46d1acdbc29@group-7855C2F36E53-FollowerState: change to CANDIDATE, lastRpcTime:123ms, electionTimeout:123ms
2019-11-04 16:02:03,739 [Thread-450] INFO  impl.RoleInfo (RoleInfo.java:shutdownFollowerState(121)) - e3fb79a3-1f86-42af-a80c-c46d1acdbc29: shutdown FollowerState
2019-11-04 16:02:03,739 [Thread-450] INFO  impl.RaftServerImpl (RaftServerImpl.java:setRole(184)) - e3fb79a3-1f86-42af-a80c-c46d1acdbc29@group-7855C2F36E53: changes role from  FOLLOWER to CANDIDATE at term 35 for changeToCandidate
2019-11-04 16:02:03,739 [Thread-450] INFO  impl.RoleInfo (RoleInfo.java:updateAndGet(143)) - e3fb79a3-1f86-42af-a80c-c46d1acdbc29: start LeaderElection
2019-11-04 16:02:03,753 [e3fb79a3-1f86-42af-a80c-c46d1acdbc29@group-7855C2F36E53-LeaderElection38] INFO  impl.LeaderElection (LeaderElection.java:askForVotes(178)) - e3fb79a3-1f86-42af-a80c-c46d1acdbc29@group-7855C2F36E53-LeaderElection38: begin an election at term 36 for -1: [e3fb79a3-1f86-42af-a80c-c46d1acdbc29:192.168.157.194:44142, 81ff859e-e76f-43f5-951a-4a38422068cb:192.168.157.194:46532, a9143d84-6d7f-497d-b770-eb75585db3c7:192.168.157.194:42126], old=null
2019-11-04 16:02:03,758 [grpc-default-executor-0] INFO  impl.RaftServerImpl (RaftServerImpl.java:setRole(184)) - a9143d84-6d7f-497d-b770-eb75585db3c7@group-7855C2F36E53: changes role from  FOLLOWER to FOLLOWER at term 36 for recognizeCandidate:e3fb79a3-1f86-42af-a80c-c46d1acdbc29
2019-11-04 16:02:03,758 [grpc-default-executor-5] INFO  impl.RaftServerImpl (RaftServerImpl.java:setRole(184)) - 81ff859e-e76f-43f5-951a-4a38422068cb@group-7855C2F36E53: changes role from  FOLLOWER to FOLLOWER at term 36 for recognizeCandidate:e3fb79a3-1f86-42af-a80c-c46d1acdbc29
2019-11-04 16:02:03,758 [grpc-default-executor-0] INFO  impl.RoleInfo (RoleInfo.java:shutdownFollowerState(121)) - a9143d84-6d7f-497d-b770-eb75585db3c7: shutdown FollowerState
2019-11-04 16:02:03,758 [grpc-default-executor-5] INFO  impl.RoleInfo (RoleInfo.java:shutdownFollowerState(121)) - 81ff859e-e76f-43f5-951a-4a38422068cb: shutdown FollowerState
2019-11-04 16:02:03,759 [Thread-448] INFO  impl.FollowerState (FollowerState.java:run(117)) - a9143d84-6d7f-497d-b770-eb75585db3c7@group-7855C2F36E53-FollowerState was interrupted: java.lang.InterruptedException: sleep interrupted
2019-11-04 16:02:03,759 [Thread-449] INFO  impl.FollowerState (FollowerState.java:run(117)) - 81ff859e-e76f-43f5-951a-4a38422068cb@group-7855C2F36E53-FollowerState was interrupted: java.lang.InterruptedException: sleep interrupted
2019-11-04 16:02:03,759 [grpc-default-executor-0] INFO  impl.RoleInfo (RoleInfo.java:updateAndGet(143)) - a9143d84-6d7f-497d-b770-eb75585db3c7: start FollowerState
2019-11-04 16:02:03,759 [grpc-default-executor-5] INFO  impl.RoleInfo (RoleInfo.java:updateAndGet(143)) - 81ff859e-e76f-43f5-951a-4a38422068cb: start FollowerState
2019-11-04 16:02:03,774 [e3fb79a3-1f86-42af-a80c-c46d1acdbc29@group-7855C2F36E53-LeaderElection38] INFO  impl.LeaderElection (LeaderElection.java:logAndReturn(56)) - e3fb79a3-1f86-42af-a80c-c46d1acdbc29@group-7855C2F36E53-LeaderElection38: Election REJECTED; received 2 response(s) [e3fb79a3-1f86-42af-a80c-c46d1acdbc29<-81ff859e-e76f-43f5-951a-4a38422068cb#0:FAIL-t36, e3fb79a3-1f86-42af-a80c-c46d1acdbc29<-a9143d84-6d7f-497d-b770-eb75585db3c7#0:FAIL-t36] and 0 exception(s); e3fb79a3-1f86-42af-a80c-c46d1acdbc29@group-7855C2F36E53:t36, leader=null, voted=e3fb79a3-1f86-42af-a80c-c46d1acdbc29, raftlog=e3fb79a3-1f86-42af-a80c-c46d1acdbc29@group-7855C2F36E53-SegmentedRaftLog:OPENED:c-1,f-1,i0, conf=-1: [e3fb79a3-1f86-42af-a80c-c46d1acdbc29:192.168.157.194:44142, 81ff859e-e76f-43f5-951a-4a38422068cb:192.168.157.194:46532, a9143d84-6d7f-497d-b770-eb75585db3c7:192.168.157.194:42126], old=null
2019-11-04 16:02:03,774 [e3fb79a3-1f86-42af-a80c-c46d1acdbc29@group-7855C2F36E53-LeaderElection38] INFO  impl.RaftServerImpl (RaftServerImpl.java:setRole(184)) - e3fb79a3-1f86-42af-a80c-c46d1acdbc29@group-7855C2F36E53: changes role from CANDIDATE to FOLLOWER at term 36 for DISCOVERED_A_NEW_TERM
2019-11-04 16:02:03,774 [e3fb79a3-1f86-42af-a80c-c46d1acdbc29@group-7855C2F36E53-LeaderElection38] INFO  impl.RoleInfo (RoleInfo.java:shutdownLeaderElection(134)) - e3fb79a3-1f86-42af-a80c-c46d1acdbc29: shutdown LeaderElection
2019-11-04 16:02:03,774 [e3fb79a3-1f86-42af-a80c-c46d1acdbc29@group-7855C2F36E53-LeaderElection38] INFO  impl.RoleInfo (RoleInfo.java:updateAndGet(143)) - e3fb79a3-1f86-42af-a80c-c46d1acdbc29: start FollowerState
2019-11-04 16:02:03,933 [Thread-458] INFO  impl.FollowerState (FollowerState.java:run(108)) - e3fb79a3-1f86-42af-a80c-c46d1acdbc29@group-7855C2F36E53-FollowerState: change to CANDIDATE, lastRpcTime:158ms, electionTimeout:158ms
2019-11-04 16:02:03,935 [Thread-458] INFO  impl.RoleInfo (RoleInfo.java:shutdownFollowerState(121)) - e3fb79a3-1f86-42af-a80c-c46d1acdbc29: shutdown FollowerState
2019-11-04 16:02:03,935 [Thread-458] INFO  impl.RaftServerImpl (RaftServerImpl.java:setRole(184)) - e3fb79a3-1f86-42af-a80c-c46d1acdbc29@group-7855C2F36E53: changes role from  FOLLOWER to CANDIDATE at term 36 for changeToCandidate
2019-11-04 16:02:03,935 [Thread-458] INFO  impl.RoleInfo (RoleInfo.java:updateAndGet(143)) - e3fb79a3-1f86-42af-a80c-c46d1acdbc29: start LeaderElection
2019-11-04 16:02:03,961 [e3fb79a3-1f86-42af-a80c-c46d1acdbc29@group-7855C2F36E53-LeaderElection39] INFO  impl.LeaderElection (LeaderElection.java:askForVotes(178)) - e3fb79a3-1f86-42af-a80c-c46d1acdbc29@group-7855C2F36E53-LeaderElection39: begin an election at term 37 for -1: [e3fb79a3-1f86-42af-a80c-c46d1acdbc29:192.168.157.194:44142, 81ff859e-e76f-43f5-951a-4a38422068cb:192.168.157.194:46532, a9143d84-6d7f-497d-b770-eb75585db3c7:192.168.157.194:42126], old=null
2019-11-04 16:02:03,964 [grpc-default-executor-5] INFO  impl.RaftServerImpl (RaftServerImpl.java:setRole(184)) - 81ff859e-e76f-43f5-951a-4a38422068cb@group-7855C2F36E53: changes role from  FOLLOWER to FOLLOWER at term 37 for recognizeCandidate:e3fb79a3-1f86-42af-a80c-c46d1acdbc29
2019-11-04 16:02:03,964 [grpc-default-executor-0] INFO  impl.RaftServerImpl (RaftServerImpl.java:setRole(184)) - a9143d84-6d7f-497d-b770-eb75585db3c7@group-7855C2F36E53: changes role from  FOLLOWER to FOLLOWER at term 37 for recognizeCandidate:e3fb79a3-1f86-42af-a80c-c46d1acdbc29
2019-11-04 16:02:03,964 [grpc-default-executor-5] INFO  impl.RoleInfo (RoleInfo.java:shutdownFollowerState(121)) - 81ff859e-e76f-43f5-951a-4a38422068cb: shutdown FollowerState
2019-11-04 16:02:03,964 [grpc-default-executor-0] INFO  impl.RoleInfo (RoleInfo.java:shutdownFollowerState(121)) - a9143d84-6d7f-497d-b770-eb75585db3c7: shutdown FollowerState
2019-11-04 16:02:03,965 [Thread-457] INFO  impl.FollowerState (FollowerState.java:run(117)) - 81ff859e-e76f-43f5-951a-4a38422068cb@group-7855C2F36E53-FollowerState was interrupted: java.lang.InterruptedException: sleep interrupted
2019-11-04 16:02:03,965 [Thread-456] INFO  impl.FollowerState (FollowerState.java:run(117)) - a9143d84-6d7f-497d-b770-eb75585db3c7@group-7855C2F36E53-FollowerState was interrupted: java.lang.InterruptedException: sleep interrupted
2019-11-04 16:02:03,965 [grpc-default-executor-5] INFO  impl.RoleInfo (RoleInfo.java:updateAndGet(143)) - 81ff859e-e76f-43f5-951a-4a38422068cb: start FollowerState
2019-11-04 16:02:03,965 [grpc-default-executor-0] INFO  impl.RoleInfo (RoleInfo.java:updateAndGet(143)) - a9143d84-6d7f-497d-b770-eb75585db3c7: start FollowerState
2019-11-04 16:02:03,981 [e3fb79a3-1f86-42af-a80c-c46d1acdbc29@group-7855C2F36E53-LeaderElection39] INFO  impl.LeaderElection (LeaderElection.java:logAndReturn(56)) - e3fb79a3-1f86-42af-a80c-c46d1acdbc29@group-7855C2F36E53-LeaderElection39: Election REJECTED; received 2 response(s) [e3fb79a3-1f86-42af-a80c-c46d1acdbc29<-81ff859e-e76f-43f5-951a-4a38422068cb#0:FAIL-t37, e3fb79a3-1f86-42af-a80c-c46d1acdbc29<-a9143d84-6d7f-497d-b770-eb75585db3c7#0:FAIL-t37] and 0 exception(s); e3fb79a3-1f86-42af-a80c-c46d1acdbc29@group-7855C2F36E53:t37, leader=null, voted=e3fb79a3-1f86-42af-a80c-c46d1acdbc29, raftlog=e3fb79a3-1f86-42af-a80c-c46d1acdbc29@group-7855C2F36E53-SegmentedRaftLog:OPENED:c-1,f-1,i0, conf=-1: [e3fb79a3-1f86-42af-a80c-c46d1acdbc29:192.168.157.194:44142, 81ff859e-e76f-43f5-951a-4a38422068cb:192.168.157.194:46532, a9143d84-6d7f-497d-b770-eb75585db3c7:192.168.157.194:42126], old=null
2019-11-04 16:02:03,981 [e3fb79a3-1f86-42af-a80c-c46d1acdbc29@group-7855C2F36E53-LeaderElection39] INFO  impl.RaftServerImpl (RaftServerImpl.java:setRole(184)) - e3fb79a3-1f86-42af-a80c-c46d1acdbc29@group-7855C2F36E53: changes role from CANDIDATE to FOLLOWER at term 37 for DISCOVERED_A_NEW_TERM
2019-11-04 16:02:03,981 [e3fb79a3-1f86-42af-a80c-c46d1acdbc29@group-7855C2F36E53-LeaderElection39] INFO  impl.RoleInfo (RoleInfo.java:shutdownLeaderElection(134)) - e3fb79a3-1f86-42af-a80c-c46d1acdbc29: shutdown LeaderElection
2019-11-04 16:02:03,981 [e3fb79a3-1f86-42af-a80c-c46d1acdbc29@group-7855C2F36E53-LeaderElection39] INFO  impl.RoleInfo (RoleInfo.java:updateAndGet(143)) - e3fb79a3-1f86-42af-a80c-c46d1acdbc29: start FollowerState
2019-11-04 16:02:04,065 [Thread-464] INFO  impl.FollowerState (FollowerState.java:run(108)) - e3fb79a3-1f86-42af-a80c-c46d1acdbc29@group-7855C2F36E53-FollowerState: change to CANDIDATE, lastRpcTime:83ms, electionTimeout:83ms
2019-11-04 16:02:04,070 [Thread-464] INFO  impl.RoleInfo (RoleInfo.java:shutdownFollowerState(121)) - e3fb79a3-1f86-42af-a80c-c46d1acdbc29: shutdown FollowerState
2019-11-04 16:02:04,071 [Thread-464] INFO  impl.RaftServerImpl (RaftServerImpl.java:setRole(184)) - e3fb79a3-1f86-42af-a80c-c46d1acdbc29@group-7855C2F36E53: changes role from  FOLLOWER to CANDIDATE at term 37 for changeToCandidate
2019-11-04 16:02:04,071 [Thread-464] INFO  impl.RoleInfo (RoleInfo.java:updateAndGet(143)) - e3fb79a3-1f86-42af-a80c-c46d1acdbc29: start LeaderElection
2019-11-04 16:02:04,087 [e3fb79a3-1f86-42af-a80c-c46d1acdbc29@group-7855C2F36E53-LeaderElection40] INFO  impl.LeaderElection (LeaderElection.java:askForVotes(178)) - e3fb79a3-1f86-42af-a80c-c46d1acdbc29@group-7855C2F36E53-LeaderElection40: begin an election at term 38 for -1: [e3fb79a3-1f86-42af-a80c-c46d1acdbc29:192.168.157.194:44142, 81ff859e-e76f-43f5-951a-4a38422068cb:192.168.157.194:46532, a9143d84-6d7f-497d-b770-eb75585db3c7:192.168.157.194:42126], old=null
2019-11-04 16:02:04,091 [grpc-default-executor-0] INFO  impl.RaftServerImpl (RaftServerImpl.java:setRole(184)) - a9143d84-6d7f-497d-b770-eb75585db3c7@group-7855C2F36E53: changes role from  FOLLOWER to FOLLOWER at term 38 for recognizeCandidate:e3fb79a3-1f86-42af-a80c-c46d1acdbc29
2019-11-04 16:02:04,091 [grpc-default-executor-5] INFO  impl.RaftServerImpl (RaftServerImpl.java:setRole(184)) - 81ff859e-e76f-43f5-951a-4a38422068cb@group-7855C2F36E53: changes role from  FOLLOWER to FOLLOWER at term 38 for recognizeCandidate:e3fb79a3-1f86-42af-a80c-c46d1acdbc29
2019-11-04 16:02:04,092 [grpc-default-executor-0] INFO  impl.RoleInfo (RoleInfo.java:shutdownFollowerState(121)) - a9143d84-6d7f-497d-b770-eb75585db3c7: shutdown FollowerState
2019-11-04 16:02:04,092 [grpc-default-executor-5] INFO  impl.RoleInfo (RoleInfo.java:shutdownFollowerState(121)) - 81ff859e-e76f-43f5-951a-4a38422068cb: shutdown FollowerState
2019-11-04 16:02:04,092 [Thread-463] INFO  impl.FollowerState (FollowerState.java:run(117)) - a9143d84-6d7f-497d-b770-eb75585db3c7@group-7855C2F36E53-FollowerState was interrupted: java.lang.InterruptedException: sleep interrupted
2019-11-04 16:02:04,092 [grpc-default-executor-5] INFO  impl.RoleInfo (RoleInfo.java:updateAndGet(143)) - 81ff859e-e76f-43f5-951a-4a38422068cb: start FollowerState
2019-11-04 16:02:04,092 [Thread-462] INFO  impl.FollowerState (FollowerState.java:run(117)) - 81ff859e-e76f-43f5-951a-4a38422068cb@group-7855C2F36E53-FollowerState was interrupted: java.lang.InterruptedException: sleep interrupted
2019-11-04 16:02:04,092 [grpc-default-executor-0] INFO  impl.RoleInfo (RoleInfo.java:updateAndGet(143)) - a9143d84-6d7f-497d-b770-eb75585db3c7: start FollowerState
2019-11-04 16:02:04,107 [e3fb79a3-1f86-42af-a80c-c46d1acdbc29@group-7855C2F36E53-LeaderElection40] INFO  impl.LeaderElection (LeaderElection.java:logAndReturn(56)) - e3fb79a3-1f86-42af-a80c-c46d1acdbc29@group-7855C2F36E53-LeaderElection40: Election REJECTED; received 2 response(s) [e3fb79a3-1f86-42af-a80c-c46d1acdbc29<-81ff859e-e76f-43f5-951a-4a38422068cb#0:FAIL-t38, e3fb79a3-1f86-42af-a80c-c46d1acdbc29<-a9143d84-6d7f-497d-b770-eb75585db3c7#0:FAIL-t38] and 0 exception(s); e3fb79a3-1f86-42af-a80c-c46d1acdbc29@group-7855C2F36E53:t38, leader=null, voted=e3fb79a3-1f86-42af-a80c-c46d1acdbc29, raftlog=e3fb79a3-1f86-42af-a80c-c46d1acdbc29@group-7855C2F36E53-SegmentedRaftLog:OPENED:c-1,f-1,i0, conf=-1: [e3fb79a3-1f86-42af-a80c-c46d1acdbc29:192.168.157.194:44142, 81ff859e-e76f-43f5-951a-4a38422068cb:192.168.157.194:46532, a9143d84-6d7f-497d-b770-eb75585db3c7:192.168.157.194:42126], old=null
2019-11-04 16:02:04,108 [e3fb79a3-1f86-42af-a80c-c46d1acdbc29@group-7855C2F36E53-LeaderElection40] INFO  impl.RaftServerImpl (RaftServerImpl.java:setRole(184)) - e3fb79a3-1f86-42af-a80c-c46d1acdbc29@group-7855C2F36E53: changes role from CANDIDATE to FOLLOWER at term 38 for DISCOVERED_A_NEW_TERM
2019-11-04 16:02:04,108 [e3fb79a3-1f86-42af-a80c-c46d1acdbc29@group-7855C2F36E53-LeaderElection40] INFO  impl.RoleInfo (RoleInfo.java:shutdownLeaderElection(134)) - e3fb79a3-1f86-42af-a80c-c46d1acdbc29: shutdown LeaderElection
2019-11-04 16:02:04,108 [e3fb79a3-1f86-42af-a80c-c46d1acdbc29@group-7855C2F36E53-LeaderElection40] INFO  impl.RoleInfo (RoleInfo.java:updateAndGet(143)) - e3fb79a3-1f86-42af-a80c-c46d1acdbc29: start FollowerState
2019-11-04 16:02:04,206 [Thread-470] INFO  impl.FollowerState (FollowerState.java:run(108)) - e3fb79a3-1f86-42af-a80c-c46d1acdbc29@group-7855C2F36E53-FollowerState: change to CANDIDATE, lastRpcTime:98ms, electionTimeout:98ms
2019-11-04 16:02:04,207 [Thread-470] INFO  impl.RoleInfo (RoleInfo.java:shutdownFollowerState(121)) - e3fb79a3-1f86-42af-a80c-c46d1acdbc29: shutdown FollowerState
2019-11-04 16:02:04,207 [Thread-470] INFO  impl.RaftServerImpl (RaftServerImpl.java:setRole(184)) - e3fb79a3-1f86-42af-a80c-c46d1acdbc29@group-7855C2F36E53: changes role from  FOLLOWER to CANDIDATE at term 38 for changeToCandidate
2019-11-04 16:02:04,207 [Thread-470] INFO  impl.RoleInfo (RoleInfo.java:updateAndGet(143)) - e3fb79a3-1f86-42af-a80c-c46d1acdbc29: start LeaderElection
2019-11-04 16:02:04,220 [e3fb79a3-1f86-42af-a80c-c46d1acdbc29@group-7855C2F36E53-LeaderElection41] INFO  impl.LeaderElection (LeaderElection.java:askForVotes(178)) - e3fb79a3-1f86-42af-a80c-c46d1acdbc29@group-7855C2F36E53-LeaderElection41: begin an election at term 39 for -1: [e3fb79a3-1f86-42af-a80c-c46d1acdbc29:192.168.157.194:44142, 81ff859e-e76f-43f5-951a-4a38422068cb:192.168.157.194:46532, a9143d84-6d7f-497d-b770-eb75585db3c7:192.168.157.194:42126], old=null
2019-11-04 16:02:04,224 [grpc-default-executor-5] INFO  impl.RaftServerImpl (RaftServerImpl.java:setRole(184)) - a9143d84-6d7f-497d-b770-eb75585db3c7@group-7855C2F36E53: changes role from  FOLLOWER to FOLLOWER at term 39 for recognizeCandidate:e3fb79a3-1f86-42af-a80c-c46d1acdbc29
2019-11-04 16:02:04,224 [grpc-default-executor-0] INFO  impl.RaftServerImpl (RaftServerImpl.java:setRole(184)) - 81ff859e-e76f-43f5-951a-4a38422068cb@group-7855C2F36E53: changes role from  FOLLOWER to FOLLOWER at term 39 for recognizeCandidate:e3fb79a3-1f86-42af-a80c-c46d1acdbc29
2019-11-04 16:02:04,224 [grpc-default-executor-5] INFO  impl.RoleInfo (RoleInfo.java:shutdownFollowerState(121)) - a9143d84-6d7f-497d-b770-eb75585db3c7: shutdown FollowerState
2019-11-04 16:02:04,224 [grpc-default-executor-0] INFO  impl.RoleInfo (RoleInfo.java:shutdownFollowerState(121)) - 81ff859e-e76f-43f5-951a-4a38422068cb: shutdown FollowerState
2019-11-04 16:02:04,224 [Thread-468] INFO  impl.FollowerState (FollowerState.java:run(117)) - a9143d84-6d7f-497d-b770-eb75585db3c7@group-7855C2F36E53-FollowerState was interrupted: java.lang.InterruptedException: sleep interrupted
2019-11-04 16:02:04,224 [grpc-default-executor-5] INFO  impl.RoleInfo (RoleInfo.java:updateAndGet(143)) - a9143d84-6d7f-497d-b770-eb75585db3c7: start FollowerState
2019-11-04 16:02:04,224 [Thread-469] INFO  impl.FollowerState (FollowerState.java:run(117)) - 81ff859e-e76f-43f5-951a-4a38422068cb@group-7855C2F36E53-FollowerState was interrupted: java.lang.InterruptedException: sleep interrupted
2019-11-04 16:02:04,224 [grpc-default-executor-0] INFO  impl.RoleInfo (RoleInfo.java:updateAndGet(143)) - 81ff859e-e76f-43f5-951a-4a38422068cb: start FollowerState
2019-11-04 16:02:04,241 [e3fb79a3-1f86-42af-a80c-c46d1acdbc29@group-7855C2F36E53-LeaderElection41] INFO  impl.LeaderElection (LeaderElection.java:logAndReturn(56)) - e3fb79a3-1f86-42af-a80c-c46d1acdbc29@group-7855C2F36E53-LeaderElection41: Election REJECTED; received 2 response(s) [e3fb79a3-1f86-42af-a80c-c46d1acdbc29<-81ff859e-e76f-43f5-951a-4a38422068cb#0:FAIL-t39, e3fb79a3-1f86-42af-a80c-c46d1acdbc29<-a9143d84-6d7f-497d-b770-eb75585db3c7#0:FAIL-t39] and 0 exception(s); e3fb79a3-1f86-42af-a80c-c46d1acdbc29@group-7855C2F36E53:t39, leader=null, voted=e3fb79a3-1f86-42af-a80c-c46d1acdbc29, raftlog=e3fb79a3-1f86-42af-a80c-c46d1acdbc29@group-7855C2F36E53-SegmentedRaftLog:OPENED:c-1,f-1,i0, conf=-1: [e3fb79a3-1f86-42af-a80c-c46d1acdbc29:192.168.157.194:44142, 81ff859e-e76f-43f5-951a-4a38422068cb:192.168.157.194:46532, a9143d84-6d7f-497d-b770-eb75585db3c7:192.168.157.194:42126], old=null
2019-11-04 16:02:04,241 [e3fb79a3-1f86-42af-a80c-c46d1acdbc29@group-7855C2F36E53-LeaderElection41] INFO  impl.RaftServerImpl (RaftServerImpl.java:setRole(184)) - e3fb79a3-1f86-42af-a80c-c46d1acdbc29@group-7855C2F36E53: changes role from CANDIDATE to FOLLOWER at term 39 for DISCOVERED_A_NEW_TERM
2019-11-04 16:02:04,241 [e3fb79a3-1f86-42af-a80c-c46d1acdbc29@group-7855C2F36E53-LeaderElection41] INFO  impl.RoleInfo (RoleInfo.java:shutdownLeaderElection(134)) - e3fb79a3-1f86-42af-a80c-c46d1acdbc29: shutdown LeaderElection
2019-11-04 16:02:04,241 [e3fb79a3-1f86-42af-a80c-c46d1acdbc29@group-7855C2F36E53-LeaderElection41] INFO  impl.RoleInfo (RoleInfo.java:updateAndGet(143)) - e3fb79a3-1f86-42af-a80c-c46d1acdbc29: start FollowerState
2019-11-04 16:02:04,322 [Thread-476] INFO  impl.FollowerState (FollowerState.java:run(108)) - e3fb79a3-1f86-42af-a80c-c46d1acdbc29@group-7855C2F36E53-FollowerState: change to CANDIDATE, lastRpcTime:80ms, electionTimeout:80ms
2019-11-04 16:02:04,322 [Thread-476] INFO  impl.RoleInfo (RoleInfo.java:shutdownFollowerState(121)) - e3fb79a3-1f86-42af-a80c-c46d1acdbc29: shutdown FollowerState
2019-11-04 16:02:04,322 [Thread-476] INFO  impl.RaftServerImpl (RaftServerImpl.java:setRole(184)) - e3fb79a3-1f86-42af-a80c-c46d1acdbc29@group-7855C2F36E53: changes role from  FOLLOWER to CANDIDATE at term 39 for changeToCandidate
2019-11-04 16:02:04,323 [Thread-476] INFO  impl.RoleInfo (RoleInfo.java:updateAndGet(143)) - e3fb79a3-1f86-42af-a80c-c46d1acdbc29: start LeaderElection
2019-11-04 16:02:04,352 [e3fb79a3-1f86-42af-a80c-c46d1acdbc29@group-7855C2F36E53-LeaderElection42] INFO  impl.LeaderElection (LeaderElection.java:askForVotes(178)) - e3fb79a3-1f86-42af-a80c-c46d1acdbc29@group-7855C2F36E53-LeaderElection42: begin an election at term 40 for -1: [e3fb79a3-1f86-42af-a80c-c46d1acdbc29:192.168.157.194:44142, 81ff859e-e76f-43f5-951a-4a38422068cb:192.168.157.194:46532, a9143d84-6d7f-497d-b770-eb75585db3c7:192.168.157.194:42126], old=null
2019-11-04 16:02:04,359 [grpc-default-executor-0] INFO  impl.RaftServerImpl (RaftServerImpl.java:setRole(184)) - a9143d84-6d7f-497d-b770-eb75585db3c7@group-7855C2F36E53: changes role from  FOLLOWER to FOLLOWER at term 40 for recognizeCandidate:e3fb79a3-1f86-42af-a80c-c46d1acdbc29
2019-11-04 16:02:04,359 [grpc-default-executor-5] INFO  impl.RaftServerImpl (RaftServerImpl.java:setRole(184)) - 81ff859e-e76f-43f5-951a-4a38422068cb@group-7855C2F36E53: changes role from  FOLLOWER to FOLLOWER at term 40 for recognizeCandidate:e3fb79a3-1f86-42af-a80c-c46d1acdbc29
2019-11-04 16:02:04,359 [grpc-default-executor-0] INFO  impl.RoleInfo (RoleInfo.java:shutdownFollowerState(121)) - a9143d84-6d7f-497d-b770-eb75585db3c7: shutdown FollowerState
2019-11-04 16:02:04,359 [grpc-default-executor-5] INFO  impl.RoleInfo (RoleInfo.java:shutdownFollowerState(121)) - 81ff859e-e76f-43f5-951a-4a38422068cb: shutdown FollowerState
2019-11-04 16:02:04,360 [grpc-default-executor-0] INFO  impl.RoleInfo (RoleInfo.java:updateAndGet(143)) - a9143d84-6d7f-497d-b770-eb75585db3c7: start FollowerState
2019-11-04 16:02:04,360 [Thread-474] INFO  impl.FollowerState (FollowerState.java:run(117)) - a9143d84-6d7f-497d-b770-eb75585db3c7@group-7855C2F36E53-FollowerState was interrupted: java.lang.InterruptedException: sleep interrupted
2019-11-04 16:02:04,360 [Thread-475] INFO  impl.FollowerState (FollowerState.java:run(117)) - 81ff859e-e76f-43f5-951a-4a38422068cb@group-7855C2F36E53-FollowerState was interrupted: java.lang.InterruptedException: sleep interrupted
2019-11-04 16:02:04,360 [grpc-default-executor-5] INFO  impl.RoleInfo (RoleInfo.java:updateAndGet(143)) - 81ff859e-e76f-43f5-951a-4a38422068cb: start FollowerState
2019-11-04 16:02:04,375 [e3fb79a3-1f86-42af-a80c-c46d1acdbc29@group-7855C2F36E53-LeaderElection42] INFO  impl.LeaderElection (LeaderElection.java:logAndReturn(56)) - e3fb79a3-1f86-42af-a80c-c46d1acdbc29@group-7855C2F36E53-LeaderElection42: Election REJECTED; received 2 response(s) [e3fb79a3-1f86-42af-a80c-c46d1acdbc29<-81ff859e-e76f-43f5-951a-4a38422068cb#0:FAIL-t40, e3fb79a3-1f86-42af-a80c-c46d1acdbc29<-a9143d84-6d7f-497d-b770-eb75585db3c7#0:FAIL-t40] and 0 exception(s); e3fb79a3-1f86-42af-a80c-c46d1acdbc29@group-7855C2F36E53:t40, leader=null, voted=e3fb79a3-1f86-42af-a80c-c46d1acdbc29, raftlog=e3fb79a3-1f86-42af-a80c-c46d1acdbc29@group-7855C2F36E53-SegmentedRaftLog:OPENED:c-1,f-1,i0, conf=-1: [e3fb79a3-1f86-42af-a80c-c46d1acdbc29:192.168.157.194:44142, 81ff859e-e76f-43f5-951a-4a38422068cb:192.168.157.194:46532, a9143d84-6d7f-497d-b770-eb75585db3c7:192.168.157.194:42126], old=null
2019-11-04 16:02:04,375 [e3fb79a3-1f86-42af-a80c-c46d1acdbc29@group-7855C2F36E53-LeaderElection42] INFO  impl.RaftServerImpl (RaftServerImpl.java:setRole(184)) - e3fb79a3-1f86-42af-a80c-c46d1acdbc29@group-7855C2F36E53: changes role from CANDIDATE to FOLLOWER at term 40 for DISCOVERED_A_NEW_TERM
2019-11-04 16:02:04,375 [e3fb79a3-1f86-42af-a80c-c46d1acdbc29@group-7855C2F36E53-LeaderElection42] INFO  impl.RoleInfo (RoleInfo.java:shutdownLeaderElection(134)) - e3fb79a3-1f86-42af-a80c-c46d1acdbc29: shutdown LeaderElection
2019-11-04 16:02:04,375 [e3fb79a3-1f86-42af-a80c-c46d1acdbc29@group-7855C2F36E53-LeaderElection42] INFO  impl.RoleInfo (RoleInfo.java:updateAndGet(143)) - e3fb79a3-1f86-42af-a80c-c46d1acdbc29: start FollowerState
2019-11-04 16:02:04,553 [Thread-482] INFO  impl.FollowerState (FollowerState.java:run(108)) - e3fb79a3-1f86-42af-a80c-c46d1acdbc29@group-7855C2F36E53-FollowerState: change to CANDIDATE, lastRpcTime:177ms, electionTimeout:177ms
2019-11-04 16:02:04,553 [Thread-482] INFO  impl.RoleInfo (RoleInfo.java:shutdownFollowerState(121)) - e3fb79a3-1f86-42af-a80c-c46d1acdbc29: shutdown FollowerState
2019-11-04 16:02:04,553 [Thread-482] INFO  impl.RaftServerImpl (RaftServerImpl.java:setRole(184)) - e3fb79a3-1f86-42af-a80c-c46d1acdbc29@group-7855C2F36E53: changes role from  FOLLOWER to CANDIDATE at term 40 for changeToCandidate
2019-11-04 16:02:04,553 [Thread-482] INFO  impl.RoleInfo (RoleInfo.java:updateAndGet(143)) - e3fb79a3-1f86-42af-a80c-c46d1acdbc29: start LeaderElection
2019-11-04 16:02:04,565 [e3fb79a3-1f86-42af-a80c-c46d1acdbc29@group-7855C2F36E53-LeaderElection43] INFO  impl.LeaderElection (LeaderElection.java:askForVotes(178)) - e3fb79a3-1f86-42af-a80c-c46d1acdbc29@group-7855C2F36E53-LeaderElection43: begin an election at term 41 for -1: [e3fb79a3-1f86-42af-a80c-c46d1acdbc29:192.168.157.194:44142, 81ff859e-e76f-43f5-951a-4a38422068cb:192.168.157.194:46532, a9143d84-6d7f-497d-b770-eb75585db3c7:192.168.157.194:42126], old=null
2019-11-04 16:02:04,568 [grpc-default-executor-0] INFO  impl.RaftServerImpl (RaftServerImpl.java:setRole(184)) - a9143d84-6d7f-497d-b770-eb75585db3c7@group-7855C2F36E53: changes role from  FOLLOWER to FOLLOWER at term 41 for recognizeCandidate:e3fb79a3-1f86-42af-a80c-c46d1acdbc29
2019-11-04 16:02:04,568 [grpc-default-executor-5] INFO  impl.RaftServerImpl (RaftServerImpl.java:setRole(184)) - 81ff859e-e76f-43f5-951a-4a38422068cb@group-7855C2F36E53: changes role from  FOLLOWER to FOLLOWER at term 41 for recognizeCandidate:e3fb79a3-1f86-42af-a80c-c46d1acdbc29
2019-11-04 16:02:04,568 [grpc-default-executor-0] INFO  impl.RoleInfo (RoleInfo.java:shutdownFollowerState(121)) - a9143d84-6d7f-497d-b770-eb75585db3c7: shutdown FollowerState
2019-11-04 16:02:04,569 [grpc-default-executor-5] INFO  impl.RoleInfo (RoleInfo.java:shutdownFollowerState(121)) - 81ff859e-e76f-43f5-951a-4a38422068cb: shutdown FollowerState
2019-11-04 16:02:04,569 [grpc-default-executor-0] INFO  impl.RoleInfo (RoleInfo.java:updateAndGet(143)) - a9143d84-6d7f-497d-b770-eb75585db3c7: start FollowerState
2019-11-04 16:02:04,569 [Thread-480] INFO  impl.FollowerState (FollowerState.java:run(117)) - a9143d84-6d7f-497d-b770-eb75585db3c7@group-7855C2F36E53-FollowerState was interrupted: java.lang.InterruptedException: sleep interrupted
2019-11-04 16:02:04,569 [grpc-default-executor-5] INFO  impl.RoleInfo (RoleInfo.java:updateAndGet(143)) - 81ff859e-e76f-43f5-951a-4a38422068cb: start FollowerState
2019-11-04 16:02:04,569 [Thread-481] INFO  impl.FollowerState (FollowerState.java:run(117)) - 81ff859e-e76f-43f5-951a-4a38422068cb@group-7855C2F36E53-FollowerState was interrupted: java.lang.InterruptedException: sleep interrupted
2019-11-04 16:02:04,577 [e3fb79a3-1f86-42af-a80c-c46d1acdbc29@group-7855C2F36E53-LeaderElection43] INFO  impl.LeaderElection (LeaderElection.java:logAndReturn(56)) - e3fb79a3-1f86-42af-a80c-c46d1acdbc29@group-7855C2F36E53-LeaderElection43: Election TIMEOUT; received 0 response(s) [] and 0 exception(s); e3fb79a3-1f86-42af-a80c-c46d1acdbc29@group-7855C2F36E53:t41, leader=null, voted=e3fb79a3-1f86-42af-a80c-c46d1acdbc29, raftlog=e3fb79a3-1f86-42af-a80c-c46d1acdbc29@group-7855C2F36E53-SegmentedRaftLog:OPENED:c-1,f-1,i0, conf=-1: [e3fb79a3-1f86-42af-a80c-c46d1acdbc29:192.168.157.194:44142, 81ff859e-e76f-43f5-951a-4a38422068cb:192.168.157.194:46532, a9143d84-6d7f-497d-b770-eb75585db3c7:192.168.157.194:42126], old=null
2019-11-04 16:02:04,595 [e3fb79a3-1f86-42af-a80c-c46d1acdbc29@group-7855C2F36E53-LeaderElection43] INFO  impl.LeaderElection (LeaderElection.java:askForVotes(178)) - e3fb79a3-1f86-42af-a80c-c46d1acdbc29@group-7855C2F36E53-LeaderElection43: begin an election at term 42 for -1: [e3fb79a3-1f86-42af-a80c-c46d1acdbc29:192.168.157.194:44142, 81ff859e-e76f-43f5-951a-4a38422068cb:192.168.157.194:46532, a9143d84-6d7f-497d-b770-eb75585db3c7:192.168.157.194:42126], old=null
2019-11-04 16:02:04,601 [grpc-default-executor-5] INFO  impl.RaftServerImpl (RaftServerImpl.java:setRole(184)) - 81ff859e-e76f-43f5-951a-4a38422068cb@group-7855C2F36E53: changes role from  FOLLOWER to FOLLOWER at term 42 for recognizeCandidate:e3fb79a3-1f86-42af-a80c-c46d1acdbc29
2019-11-04 16:02:04,601 [grpc-default-executor-0] INFO  impl.RaftServerImpl (RaftServerImpl.java:setRole(184)) - a9143d84-6d7f-497d-b770-eb75585db3c7@group-7855C2F36E53: changes role from  FOLLOWER to FOLLOWER at term 42 for recognizeCandidate:e3fb79a3-1f86-42af-a80c-c46d1acdbc29
2019-11-04 16:02:04,601 [grpc-default-executor-5] INFO  impl.RoleInfo (RoleInfo.java:shutdownFollowerState(121)) - 81ff859e-e76f-43f5-951a-4a38422068cb: shutdown FollowerState
2019-11-04 16:02:04,601 [grpc-default-executor-0] INFO  impl.RoleInfo (RoleInfo.java:shutdownFollowerState(121)) - a9143d84-6d7f-497d-b770-eb75585db3c7: shutdown FollowerState
2019-11-04 16:02:04,602 [Thread-487] INFO  impl.FollowerState (FollowerState.java:run(117)) - 81ff859e-e76f-43f5-951a-4a38422068cb@group-7855C2F36E53-FollowerState was interrupted: java.lang.InterruptedException: sleep interrupted
2019-11-04 16:02:04,602 [grpc-default-executor-0] INFO  impl.RoleInfo (RoleInfo.java:updateAndGet(143)) - a9143d84-6d7f-497d-b770-eb75585db3c7: start FollowerState
2019-11-04 16:02:04,602 [Thread-486] INFO  impl.FollowerState (FollowerState.java:run(117)) - a9143d84-6d7f-497d-b770-eb75585db3c7@group-7855C2F36E53-FollowerState was interrupted: java.lang.InterruptedException: sleep interrupted
2019-11-04 16:02:04,602 [grpc-default-executor-5] INFO  impl.RoleInfo (RoleInfo.java:updateAndGet(143)) - 81ff859e-e76f-43f5-951a-4a38422068cb: start FollowerState
2019-11-04 16:02:04,632 [e3fb79a3-1f86-42af-a80c-c46d1acdbc29@group-7855C2F36E53-LeaderElection43] INFO  impl.LeaderElection (LeaderElection.java:logAndReturn(56)) - e3fb79a3-1f86-42af-a80c-c46d1acdbc29@group-7855C2F36E53-LeaderElection43: Election REJECTED; received 2 response(s) [e3fb79a3-1f86-42af-a80c-c46d1acdbc29<-81ff859e-e76f-43f5-951a-4a38422068cb#0:FAIL-t42, e3fb79a3-1f86-42af-a80c-c46d1acdbc29<-a9143d84-6d7f-497d-b770-eb75585db3c7#0:FAIL-t42] and 0 exception(s); e3fb79a3-1f86-42af-a80c-c46d1acdbc29@group-7855C2F36E53:t42, leader=null, voted=e3fb79a3-1f86-42af-a80c-c46d1acdbc29, raftlog=e3fb79a3-1f86-42af-a80c-c46d1acdbc29@group-7855C2F36E53-SegmentedRaftLog:OPENED:c-1,f-1,i0, conf=-1: [e3fb79a3-1f86-42af-a80c-c46d1acdbc29:192.168.157.194:44142, 81ff859e-e76f-43f5-951a-4a38422068cb:192.168.157.194:46532, a9143d84-6d7f-497d-b770-eb75585db3c7:192.168.157.194:42126], old=null
2019-11-04 16:02:04,632 [e3fb79a3-1f86-42af-a80c-c46d1acdbc29@group-7855C2F36E53-LeaderElection43] INFO  impl.RaftServerImpl (RaftServerImpl.java:setRole(184)) - e3fb79a3-1f86-42af-a80c-c46d1acdbc29@group-7855C2F36E53: changes role from CANDIDATE to FOLLOWER at term 42 for DISCOVERED_A_NEW_TERM
2019-11-04 16:02:04,632 [e3fb79a3-1f86-42af-a80c-c46d1acdbc29@group-7855C2F36E53-LeaderElection43] INFO  impl.RoleInfo (RoleInfo.java:shutdownLeaderElection(134)) - e3fb79a3-1f86-42af-a80c-c46d1acdbc29: shutdown LeaderElection
2019-11-04 16:02:04,633 [e3fb79a3-1f86-42af-a80c-c46d1acdbc29@group-7855C2F36E53-LeaderElection43] INFO  impl.RoleInfo (RoleInfo.java:updateAndGet(143)) - e3fb79a3-1f86-42af-a80c-c46d1acdbc29: start FollowerState
2019-11-04 16:02:04,754 [Thread-492] INFO  impl.FollowerState (FollowerState.java:run(108)) - e3fb79a3-1f86-42af-a80c-c46d1acdbc29@group-7855C2F36E53-FollowerState: change to CANDIDATE, lastRpcTime:121ms, electionTimeout:121ms
2019-11-04 16:02:04,754 [Thread-492] INFO  impl.RoleInfo (RoleInfo.java:shutdownFollowerState(121)) - e3fb79a3-1f86-42af-a80c-c46d1acdbc29: shutdown FollowerState
2019-11-04 16:02:04,755 [Thread-492] INFO  impl.RaftServerImpl (RaftServerImpl.java:setRole(184)) - e3fb79a3-1f86-42af-a80c-c46d1acdbc29@group-7855C2F36E53: changes role from  FOLLOWER to CANDIDATE at term 42 for changeToCandidate
2019-11-04 16:02:04,755 [Thread-492] INFO  impl.RoleInfo (RoleInfo.java:updateAndGet(143)) - e3fb79a3-1f86-42af-a80c-c46d1acdbc29: start LeaderElection
2019-11-04 16:02:04,768 [e3fb79a3-1f86-42af-a80c-c46d1acdbc29@group-7855C2F36E53-LeaderElection44] INFO  impl.LeaderElection (LeaderElection.java:askForVotes(178)) - e3fb79a3-1f86-42af-a80c-c46d1acdbc29@group-7855C2F36E53-LeaderElection44: begin an election at term 43 for -1: [e3fb79a3-1f86-42af-a80c-c46d1acdbc29:192.168.157.194:44142, 81ff859e-e76f-43f5-951a-4a38422068cb:192.168.157.194:46532, a9143d84-6d7f-497d-b770-eb75585db3c7:192.168.157.194:42126], old=null
2019-11-04 16:02:04,775 [grpc-default-executor-5] INFO  impl.RaftServerImpl (RaftServerImpl.java:setRole(184)) - a9143d84-6d7f-497d-b770-eb75585db3c7@group-7855C2F36E53: changes role from  FOLLOWER to FOLLOWER at term 43 for recognizeCandidate:e3fb79a3-1f86-42af-a80c-c46d1acdbc29
2019-11-04 16:02:04,775 [grpc-default-executor-5] INFO  impl.RoleInfo (RoleInfo.java:shutdownFollowerState(121)) - a9143d84-6d7f-497d-b770-eb75585db3c7: shutdown FollowerState
2019-11-04 16:02:04,775 [Thread-491] INFO  impl.FollowerState (FollowerState.java:run(117)) - a9143d84-6d7f-497d-b770-eb75585db3c7@group-7855C2F36E53-FollowerState was interrupted: java.lang.InterruptedException: sleep interrupted
2019-11-04 16:02:04,775 [grpc-default-executor-5] INFO  impl.RoleInfo (RoleInfo.java:updateAndGet(143)) - a9143d84-6d7f-497d-b770-eb75585db3c7: start FollowerState
2019-11-04 16:02:04,776 [grpc-default-executor-4] INFO  impl.RaftServerImpl (RaftServerImpl.java:setRole(184)) - 81ff859e-e76f-43f5-951a-4a38422068cb@group-7855C2F36E53: changes role from  FOLLOWER to FOLLOWER at term 43 for recognizeCandidate:e3fb79a3-1f86-42af-a80c-c46d1acdbc29
2019-11-04 16:02:04,776 [grpc-default-executor-4] INFO  impl.RoleInfo (RoleInfo.java:shutdownFollowerState(121)) - 81ff859e-e76f-43f5-951a-4a38422068cb: shutdown FollowerState
2019-11-04 16:02:04,776 [grpc-default-executor-4] INFO  impl.RoleInfo (RoleInfo.java:updateAndGet(143)) - 81ff859e-e76f-43f5-951a-4a38422068cb: start FollowerState
2019-11-04 16:02:04,776 [Thread-490] INFO  impl.FollowerState (FollowerState.java:run(117)) - 81ff859e-e76f-43f5-951a-4a38422068cb@group-7855C2F36E53-FollowerState was interrupted: java.lang.InterruptedException: sleep interrupted
2019-11-04 16:02:04,792 [e3fb79a3-1f86-42af-a80c-c46d1acdbc29@group-7855C2F36E53-LeaderElection44] INFO  impl.LeaderElection (LeaderElection.java:logAndReturn(56)) - e3fb79a3-1f86-42af-a80c-c46d1acdbc29@group-7855C2F36E53-LeaderElection44: Election REJECTED; received 2 response(s) [e3fb79a3-1f86-42af-a80c-c46d1acdbc29<-81ff859e-e76f-43f5-951a-4a38422068cb#0:FAIL-t43, e3fb79a3-1f86-42af-a80c-c46d1acdbc29<-a9143d84-6d7f-497d-b770-eb75585db3c7#0:FAIL-t43] and 0 exception(s); e3fb79a3-1f86-42af-a80c-c46d1acdbc29@group-7855C2F36E53:t43, leader=null, voted=e3fb79a3-1f86-42af-a80c-c46d1acdbc29, raftlog=e3fb79a3-1f86-42af-a80c-c46d1acdbc29@group-7855C2F36E53-SegmentedRaftLog:OPENED:c-1,f-1,i0, conf=-1: [e3fb79a3-1f86-42af-a80c-c46d1acdbc29:192.168.157.194:44142, 81ff859e-e76f-43f5-951a-4a38422068cb:192.168.157.194:46532, a9143d84-6d7f-497d-b770-eb75585db3c7:192.168.157.194:42126], old=null
2019-11-04 16:02:04,793 [e3fb79a3-1f86-42af-a80c-c46d1acdbc29@group-7855C2F36E53-LeaderElection44] INFO  impl.RaftServerImpl (RaftServerImpl.java:setRole(184)) - e3fb79a3-1f86-42af-a80c-c46d1acdbc29@group-7855C2F36E53: changes role from CANDIDATE to FOLLOWER at term 43 for DISCOVERED_A_NEW_TERM
2019-11-04 16:02:04,793 [e3fb79a3-1f86-42af-a80c-c46d1acdbc29@group-7855C2F36E53-LeaderElection44] INFO  impl.RoleInfo (RoleInfo.java:shutdownLeaderElection(134)) - e3fb79a3-1f86-42af-a80c-c46d1acdbc29: shutdown LeaderElection
2019-11-04 16:02:04,793 [e3fb79a3-1f86-42af-a80c-c46d1acdbc29@group-7855C2F36E53-LeaderElection44] INFO  impl.RoleInfo (RoleInfo.java:updateAndGet(143)) - e3fb79a3-1f86-42af-a80c-c46d1acdbc29: start FollowerState
2019-11-04 16:02:04,926 [Thread-500] INFO  impl.FollowerState (FollowerState.java:run(108)) - e3fb79a3-1f86-42af-a80c-c46d1acdbc29@group-7855C2F36E53-FollowerState: change to CANDIDATE, lastRpcTime:132ms, electionTimeout:132ms
2019-11-04 16:02:04,926 [Thread-500] INFO  impl.RoleInfo (RoleInfo.java:shutdownFollowerState(121)) - e3fb79a3-1f86-42af-a80c-c46d1acdbc29: shutdown FollowerState
2019-11-04 16:02:04,926 [Thread-500] INFO  impl.RaftServerImpl (RaftServerImpl.java:setRole(184)) - e3fb79a3-1f86-42af-a80c-c46d1acdbc29@group-7855C2F36E53: changes role from  FOLLOWER to CANDIDATE at term 43 for changeToCandidate
2019-11-04 16:02:04,926 [Thread-500] INFO  impl.RoleInfo (RoleInfo.java:updateAndGet(143)) - e3fb79a3-1f86-42af-a80c-c46d1acdbc29: start LeaderElection
2019-11-04 16:02:04,941 [e3fb79a3-1f86-42af-a80c-c46d1acdbc29@group-7855C2F36E53-LeaderElection45] INFO  impl.LeaderElection (LeaderElection.java:askForVotes(178)) - e3fb79a3-1f86-42af-a80c-c46d1acdbc29@group-7855C2F36E53-LeaderElection45: begin an election at term 44 for -1: [e3fb79a3-1f86-42af-a80c-c46d1acdbc29:192.168.157.194:44142, 81ff859e-e76f-43f5-951a-4a38422068cb:192.168.157.194:46532, a9143d84-6d7f-497d-b770-eb75585db3c7:192.168.157.194:42126], old=null
2019-11-04 16:02:04,948 [grpc-default-executor-5] INFO  impl.RaftServerImpl (RaftServerImpl.java:setRole(184)) - a9143d84-6d7f-497d-b770-eb75585db3c7@group-7855C2F36E53: changes role from  FOLLOWER to FOLLOWER at term 44 for recognizeCandidate:e3fb79a3-1f86-42af-a80c-c46d1acdbc29
2019-11-04 16:02:04,948 [grpc-default-executor-0] INFO  impl.RaftServerImpl (RaftServerImpl.java:setRole(184)) - 81ff859e-e76f-43f5-951a-4a38422068cb@group-7855C2F36E53: changes role from  FOLLOWER to FOLLOWER at term 44 for recognizeCandidate:e3fb79a3-1f86-42af-a80c-c46d1acdbc29
2019-11-04 16:02:04,948 [grpc-default-executor-5] INFO  impl.RoleInfo (RoleInfo.java:shutdownFollowerState(121)) - a9143d84-6d7f-497d-b770-eb75585db3c7: shutdown FollowerState
2019-11-04 16:02:04,948 [grpc-default-executor-0] INFO  impl.RoleInfo (RoleInfo.java:shutdownFollowerState(121)) - 81ff859e-e76f-43f5-951a-4a38422068cb: shutdown FollowerState
2019-11-04 16:02:04,949 [grpc-default-executor-5] INFO  impl.RoleInfo (RoleInfo.java:updateAndGet(143)) - a9143d84-6d7f-497d-b770-eb75585db3c7: start FollowerState
2019-11-04 16:02:04,949 [Thread-497] INFO  impl.FollowerState (FollowerState.java:run(117)) - a9143d84-6d7f-497d-b770-eb75585db3c7@group-7855C2F36E53-FollowerState was interrupted: java.lang.InterruptedException: sleep interrupted
2019-11-04 16:02:04,949 [Thread-498] INFO  impl.FollowerState (FollowerState.java:run(117)) - 81ff859e-e76f-43f5-951a-4a38422068cb@group-7855C2F36E53-FollowerState was interrupted: java.lang.InterruptedException: sleep interrupted
2019-11-04 16:02:04,949 [grpc-default-executor-0] INFO  impl.RoleInfo (RoleInfo.java:updateAndGet(143)) - 81ff859e-e76f-43f5-951a-4a38422068cb: start FollowerState
2019-11-04 16:02:04,965 [e3fb79a3-1f86-42af-a80c-c46d1acdbc29@group-7855C2F36E53-LeaderElection45] INFO  impl.LeaderElection (LeaderElection.java:logAndReturn(56)) - e3fb79a3-1f86-42af-a80c-c46d1acdbc29@group-7855C2F36E53-LeaderElection45: Election REJECTED; received 2 response(s) [e3fb79a3-1f86-42af-a80c-c46d1acdbc29<-81ff859e-e76f-43f5-951a-4a38422068cb#0:FAIL-t44, e3fb79a3-1f86-42af-a80c-c46d1acdbc29<-a9143d84-6d7f-497d-b770-eb75585db3c7#0:FAIL-t44] and 0 exception(s); e3fb79a3-1f86-42af-a80c-c46d1acdbc29@group-7855C2F36E53:t44, leader=null, voted=e3fb79a3-1f86-42af-a80c-c46d1acdbc29, raftlog=e3fb79a3-1f86-42af-a80c-c46d1acdbc29@group-7855C2F36E53-SegmentedRaftLog:OPENED:c-1,f-1,i0, conf=-1: [e3fb79a3-1f86-42af-a80c-c46d1acdbc29:192.168.157.194:44142, 81ff859e-e76f-43f5-951a-4a38422068cb:192.168.157.194:46532, a9143d84-6d7f-497d-b770-eb75585db3c7:192.168.157.194:42126], old=null
2019-11-04 16:02:04,965 [e3fb79a3-1f86-42af-a80c-c46d1acdbc29@group-7855C2F36E53-LeaderElection45] INFO  impl.RaftServerImpl (RaftServerImpl.java:setRole(184)) - e3fb79a3-1f86-42af-a80c-c46d1acdbc29@group-7855C2F36E53: changes role from CANDIDATE to FOLLOWER at term 44 for DISCOVERED_A_NEW_TERM
2019-11-04 16:02:04,965 [e3fb79a3-1f86-42af-a80c-c46d1acdbc29@group-7855C2F36E53-LeaderElection45] INFO  impl.RoleInfo (RoleInfo.java:shutdownLeaderElection(134)) - e3fb79a3-1f86-42af-a80c-c46d1acdbc29: shutdown LeaderElection
2019-11-04 16:02:04,965 [e3fb79a3-1f86-42af-a80c-c46d1acdbc29@group-7855C2F36E53-LeaderElection45] INFO  impl.RoleInfo (RoleInfo.java:updateAndGet(143)) - e3fb79a3-1f86-42af-a80c-c46d1acdbc29: start FollowerState
2019-11-04 16:02:04,971 [Thread-506] INFO  impl.FollowerState (FollowerState.java:run(108)) - e3fb79a3-1f86-42af-a80c-c46d1acdbc29@group-7855C2F36E53-FollowerState: change to CANDIDATE, lastRpcTime:6ms, electionTimeout:6ms
2019-11-04 16:02:04,972 [Thread-506] INFO  impl.RoleInfo (RoleInfo.java:shutdownFollowerState(121)) - e3fb79a3-1f86-42af-a80c-c46d1acdbc29: shutdown FollowerState
2019-11-04 16:02:04,972 [Thread-506] INFO  impl.RaftServerImpl (RaftServerImpl.java:setRole(184)) - e3fb79a3-1f86-42af-a80c-c46d1acdbc29@group-7855C2F36E53: changes role from  FOLLOWER to CANDIDATE at term 44 for changeToCandidate
2019-11-04 16:02:04,972 [Thread-506] INFO  impl.RoleInfo (RoleInfo.java:updateAndGet(143)) - e3fb79a3-1f86-42af-a80c-c46d1acdbc29: start LeaderElection
2019-11-04 16:02:04,998 [e3fb79a3-1f86-42af-a80c-c46d1acdbc29@group-7855C2F36E53-LeaderElection46] INFO  impl.LeaderElection (LeaderElection.java:askForVotes(178)) - e3fb79a3-1f86-42af-a80c-c46d1acdbc29@group-7855C2F36E53-LeaderElection46: begin an election at term 45 for -1: [e3fb79a3-1f86-42af-a80c-c46d1acdbc29:192.168.157.194:44142, 81ff859e-e76f-43f5-951a-4a38422068cb:192.168.157.194:46532, a9143d84-6d7f-497d-b770-eb75585db3c7:192.168.157.194:42126], old=null
2019-11-04 16:02:05,001 [grpc-default-executor-5] INFO  impl.RaftServerImpl (RaftServerImpl.java:setRole(184)) - 81ff859e-e76f-43f5-951a-4a38422068cb@group-7855C2F36E53: changes role from  FOLLOWER to FOLLOWER at term 45 for recognizeCandidate:e3fb79a3-1f86-42af-a80c-c46d1acdbc29
2019-11-04 16:02:05,002 [grpc-default-executor-5] INFO  impl.RoleInfo (RoleInfo.java:shutdownFollowerState(121)) - 81ff859e-e76f-43f5-951a-4a38422068cb: shutdown FollowerState
2019-11-04 16:02:05,002 [grpc-default-executor-0] INFO  impl.RaftServerImpl (RaftServerImpl.java:setRole(184)) - a9143d84-6d7f-497d-b770-eb75585db3c7@group-7855C2F36E53: changes role from  FOLLOWER to FOLLOWER at term 45 for recognizeCandidate:e3fb79a3-1f86-42af-a80c-c46d1acdbc29
2019-11-04 16:02:05,002 [Thread-505] INFO  impl.FollowerState (FollowerState.java:run(117)) - 81ff859e-e76f-43f5-951a-4a38422068cb@group-7855C2F36E53-FollowerState was interrupted: java.lang.InterruptedException: sleep interrupted
2019-11-04 16:02:05,002 [grpc-default-executor-0] INFO  impl.RoleInfo (RoleInfo.java:shutdownFollowerState(121)) - a9143d84-6d7f-497d-b770-eb75585db3c7: shutdown FollowerState
2019-11-04 16:02:05,002 [grpc-default-executor-5] INFO  impl.RoleInfo (RoleInfo.java:updateAndGet(143)) - 81ff859e-e76f-43f5-951a-4a38422068cb: start FollowerState
2019-11-04 16:02:05,002 [grpc-default-executor-0] INFO  impl.RoleInfo (RoleInfo.java:updateAndGet(143)) - a9143d84-6d7f-497d-b770-eb75585db3c7: start FollowerState
2019-11-04 16:02:05,002 [Thread-504] INFO  impl.FollowerState (FollowerState.java:run(117)) - a9143d84-6d7f-497d-b770-eb75585db3c7@group-7855C2F36E53-FollowerState was interrupted: java.lang.InterruptedException: sleep interrupted
2019-11-04 16:02:05,019 [e3fb79a3-1f86-42af-a80c-c46d1acdbc29@group-7855C2F36E53-LeaderElection46] INFO  impl.LeaderElection (LeaderElection.java:logAndReturn(56)) - e3fb79a3-1f86-42af-a80c-c46d1acdbc29@group-7855C2F36E53-LeaderElection46: Election REJECTED; received 2 response(s) [e3fb79a3-1f86-42af-a80c-c46d1acdbc29<-81ff859e-e76f-43f5-951a-4a38422068cb#0:FAIL-t45, e3fb79a3-1f86-42af-a80c-c46d1acdbc29<-a9143d84-6d7f-497d-b770-eb75585db3c7#0:FAIL-t45] and 0 exception(s); e3fb79a3-1f86-42af-a80c-c46d1acdbc29@group-7855C2F36E53:t45, leader=null, voted=e3fb79a3-1f86-42af-a80c-c46d1acdbc29, raftlog=e3fb79a3-1f86-42af-a80c-c46d1acdbc29@group-7855C2F36E53-SegmentedRaftLog:OPENED:c-1,f-1,i0, conf=-1: [e3fb79a3-1f86-42af-a80c-c46d1acdbc29:192.168.157.194:44142, 81ff859e-e76f-43f5-951a-4a38422068cb:192.168.157.194:46532, a9143d84-6d7f-497d-b770-eb75585db3c7:192.168.157.194:42126], old=null
2019-11-04 16:02:05,019 [e3fb79a3-1f86-42af-a80c-c46d1acdbc29@group-7855C2F36E53-LeaderElection46] INFO  impl.RaftServerImpl (RaftServerImpl.java:setRole(184)) - e3fb79a3-1f86-42af-a80c-c46d1acdbc29@group-7855C2F36E53: changes role from CANDIDATE to FOLLOWER at term 45 for DISCOVERED_A_NEW_TERM
2019-11-04 16:02:05,019 [e3fb79a3-1f86-42af-a80c-c46d1acdbc29@group-7855C2F36E53-LeaderElection46] INFO  impl.RoleInfo (RoleInfo.java:shutdownLeaderElection(134)) - e3fb79a3-1f86-42af-a80c-c46d1acdbc29: shutdown LeaderElection
2019-11-04 16:02:05,019 [e3fb79a3-1f86-42af-a80c-c46d1acdbc29@group-7855C2F36E53-LeaderElection46] INFO  impl.RoleInfo (RoleInfo.java:updateAndGet(143)) - e3fb79a3-1f86-42af-a80c-c46d1acdbc29: start FollowerState
2019-11-04 16:02:05,171 [Thread-512] INFO  impl.FollowerState (FollowerState.java:run(108)) - e3fb79a3-1f86-42af-a80c-c46d1acdbc29@group-7855C2F36E53-FollowerState: change to CANDIDATE, lastRpcTime:151ms, electionTimeout:151ms
2019-11-04 16:02:05,172 [Thread-512] INFO  impl.RoleInfo (RoleInfo.java:shutdownFollowerState(121)) - e3fb79a3-1f86-42af-a80c-c46d1acdbc29: shutdown FollowerState
2019-11-04 16:02:05,172 [Thread-512] INFO  impl.RaftServerImpl (RaftServerImpl.java:setRole(184)) - e3fb79a3-1f86-42af-a80c-c46d1acdbc29@group-7855C2F36E53: changes role from  FOLLOWER to CANDIDATE at term 45 for changeToCandidate
2019-11-04 16:02:05,172 [Thread-512] INFO  impl.RoleInfo (RoleInfo.java:updateAndGet(143)) - e3fb79a3-1f86-42af-a80c-c46d1acdbc29: start LeaderElection
2019-11-04 16:02:05,190 [e3fb79a3-1f86-42af-a80c-c46d1acdbc29@group-7855C2F36E53-LeaderElection47] INFO  impl.LeaderElection (LeaderElection.java:askForVotes(178)) - e3fb79a3-1f86-42af-a80c-c46d1acdbc29@group-7855C2F36E53-LeaderElection47: begin an election at term 46 for -1: [e3fb79a3-1f86-42af-a80c-c46d1acdbc29:192.168.157.194:44142, 81ff859e-e76f-43f5-951a-4a38422068cb:192.168.157.194:46532, a9143d84-6d7f-497d-b770-eb75585db3c7:192.168.157.194:42126], old=null
2019-11-04 16:02:05,195 [grpc-default-executor-0] INFO  impl.RaftServerImpl (RaftServerImpl.java:setRole(184)) - 81ff859e-e76f-43f5-951a-4a38422068cb@group-7855C2F36E53: changes role from  FOLLOWER to FOLLOWER at term 46 for recognizeCandidate:e3fb79a3-1f86-42af-a80c-c46d1acdbc29
2019-11-04 16:02:05,195 [grpc-default-executor-5] INFO  impl.RaftServerImpl (RaftServerImpl.java:setRole(184)) - a9143d84-6d7f-497d-b770-eb75585db3c7@group-7855C2F36E53: changes role from  FOLLOWER to FOLLOWER at term 46 for recognizeCandidate:e3fb79a3-1f86-42af-a80c-c46d1acdbc29
2019-11-04 16:02:05,195 [grpc-default-executor-0] INFO  impl.RoleInfo (RoleInfo.java:shutdownFollowerState(121)) - 81ff859e-e76f-43f5-951a-4a38422068cb: shutdown FollowerState
2019-11-04 16:02:05,196 [grpc-default-executor-5] INFO  impl.RoleInfo (RoleInfo.java:shutdownFollowerState(121)) - a9143d84-6d7f-497d-b770-eb75585db3c7: shutdown FollowerState
2019-11-04 16:02:05,196 [grpc-default-executor-0] INFO  impl.RoleInfo (RoleInfo.java:updateAndGet(143)) - 81ff859e-e76f-43f5-951a-4a38422068cb: start FollowerState
2019-11-04 16:02:05,196 [grpc-default-executor-5] INFO  impl.RoleInfo (RoleInfo.java:updateAndGet(143)) - a9143d84-6d7f-497d-b770-eb75585db3c7: start FollowerState
2019-11-04 16:02:05,196 [Thread-511] INFO  impl.FollowerState (FollowerState.java:run(117)) - a9143d84-6d7f-497d-b770-eb75585db3c7@group-7855C2F36E53-FollowerState was interrupted: java.lang.InterruptedException: sleep interrupted
2019-11-04 16:02:05,196 [Thread-510] INFO  impl.FollowerState (FollowerState.java:run(117)) - 81ff859e-e76f-43f5-951a-4a38422068cb@group-7855C2F36E53-FollowerState was interrupted: java.lang.InterruptedException: sleep interrupted
2019-11-04 16:02:05,212 [e3fb79a3-1f86-42af-a80c-c46d1acdbc29@group-7855C2F36E53-LeaderElection47] INFO  impl.LeaderElection (LeaderElection.java:logAndReturn(56)) - e3fb79a3-1f86-42af-a80c-c46d1acdbc29@group-7855C2F36E53-LeaderElection47: Election REJECTED; received 2 response(s) [e3fb79a3-1f86-42af-a80c-c46d1acdbc29<-81ff859e-e76f-43f5-951a-4a38422068cb#0:FAIL-t46, e3fb79a3-1f86-42af-a80c-c46d1acdbc29<-a9143d84-6d7f-497d-b770-eb75585db3c7#0:FAIL-t46] and 0 exception(s); e3fb79a3-1f86-42af-a80c-c46d1acdbc29@group-7855C2F36E53:t46, leader=null, voted=e3fb79a3-1f86-42af-a80c-c46d1acdbc29, raftlog=e3fb79a3-1f86-42af-a80c-c46d1acdbc29@group-7855C2F36E53-SegmentedRaftLog:OPENED:c-1,f-1,i0, conf=-1: [e3fb79a3-1f86-42af-a80c-c46d1acdbc29:192.168.157.194:44142, 81ff859e-e76f-43f5-951a-4a38422068cb:192.168.157.194:46532, a9143d84-6d7f-497d-b770-eb75585db3c7:192.168.157.194:42126], old=null
2019-11-04 16:02:05,212 [e3fb79a3-1f86-42af-a80c-c46d1acdbc29@group-7855C2F36E53-LeaderElection47] INFO  impl.RaftServerImpl (RaftServerImpl.java:setRole(184)) - e3fb79a3-1f86-42af-a80c-c46d1acdbc29@group-7855C2F36E53: changes role from CANDIDATE to FOLLOWER at term 46 for DISCOVERED_A_NEW_TERM
2019-11-04 16:02:05,212 [e3fb79a3-1f86-42af-a80c-c46d1acdbc29@group-7855C2F36E53-LeaderElection47] INFO  impl.RoleInfo (RoleInfo.java:shutdownLeaderElection(134)) - e3fb79a3-1f86-42af-a80c-c46d1acdbc29: shutdown LeaderElection
2019-11-04 16:02:05,212 [e3fb79a3-1f86-42af-a80c-c46d1acdbc29@group-7855C2F36E53-LeaderElection47] INFO  impl.RoleInfo (RoleInfo.java:updateAndGet(143)) - e3fb79a3-1f86-42af-a80c-c46d1acdbc29: start FollowerState
2019-11-04 16:02:05,401 [Thread-518] INFO  impl.FollowerState (FollowerState.java:run(108)) - e3fb79a3-1f86-42af-a80c-c46d1acdbc29@group-7855C2F36E53-FollowerState: change to CANDIDATE, lastRpcTime:189ms, electionTimeout:189ms
2019-11-04 16:02:05,402 [Thread-518] INFO  impl.RoleInfo (RoleInfo.java:shutdownFollowerState(121)) - e3fb79a3-1f86-42af-a80c-c46d1acdbc29: shutdown FollowerState
2019-11-04 16:02:05,402 [Thread-518] INFO  impl.RaftServerImpl (RaftServerImpl.java:setRole(184)) - e3fb79a3-1f86-42af-a80c-c46d1acdbc29@group-7855C2F36E53: changes role from  FOLLOWER to CANDIDATE at term 46 for changeToCandidate
2019-11-04 16:02:05,402 [Thread-518] INFO  impl.RoleInfo (RoleInfo.java:updateAndGet(143)) - e3fb79a3-1f86-42af-a80c-c46d1acdbc29: start LeaderElection
2019-11-04 16:02:05,415 [e3fb79a3-1f86-42af-a80c-c46d1acdbc29@group-7855C2F36E53-LeaderElection48] INFO  impl.LeaderElection (LeaderElection.java:askForVotes(178)) - e3fb79a3-1f86-42af-a80c-c46d1acdbc29@group-7855C2F36E53-LeaderElection48: begin an election at term 47 for -1: [e3fb79a3-1f86-42af-a80c-c46d1acdbc29:192.168.157.194:44142, 81ff859e-e76f-43f5-951a-4a38422068cb:192.168.157.194:46532, a9143d84-6d7f-497d-b770-eb75585db3c7:192.168.157.194:42126], old=null
2019-11-04 16:02:05,419 [grpc-default-executor-0] INFO  impl.RaftServerImpl (RaftServerImpl.java:setRole(184)) - a9143d84-6d7f-497d-b770-eb75585db3c7@group-7855C2F36E53: changes role from  FOLLOWER to FOLLOWER at term 47 for recognizeCandidate:e3fb79a3-1f86-42af-a80c-c46d1acdbc29
2019-11-04 16:02:05,419 [grpc-default-executor-5] INFO  impl.RaftServerImpl (RaftServerImpl.java:setRole(184)) - 81ff859e-e76f-43f5-951a-4a38422068cb@group-7855C2F36E53: changes role from  FOLLOWER to FOLLOWER at term 47 for recognizeCandidate:e3fb79a3-1f86-42af-a80c-c46d1acdbc29
2019-11-04 16:02:05,419 [grpc-default-executor-0] INFO  impl.RoleInfo (RoleInfo.java:shutdownFollowerState(121)) - a9143d84-6d7f-497d-b770-eb75585db3c7: shutdown FollowerState
2019-11-04 16:02:05,419 [grpc-default-executor-5] INFO  impl.RoleInfo (RoleInfo.java:shutdownFollowerState(121)) - 81ff859e-e76f-43f5-951a-4a38422068cb: shutdown FollowerState
2019-11-04 16:02:05,419 [Thread-517] INFO  impl.FollowerState (FollowerState.java:run(117)) - a9143d84-6d7f-497d-b770-eb75585db3c7@group-7855C2F36E53-FollowerState was interrupted: java.lang.InterruptedException: sleep interrupted
2019-11-04 16:02:05,420 [grpc-default-executor-5] INFO  impl.RoleInfo (RoleInfo.java:updateAndGet(143)) - 81ff859e-e76f-43f5-951a-4a38422068cb: start FollowerState
2019-11-04 16:02:05,419 [grpc-default-executor-0] INFO  impl.RoleInfo (RoleInfo.java:updateAndGet(143)) - a9143d84-6d7f-497d-b770-eb75585db3c7: start FollowerState
2019-11-04 16:02:05,420 [Thread-516] INFO  impl.FollowerState (FollowerState.java:run(117)) - 81ff859e-e76f-43f5-951a-4a38422068cb@group-7855C2F36E53-FollowerState was interrupted: java.lang.InterruptedException: sleep interrupted
2019-11-04 16:02:05,434 [e3fb79a3-1f86-42af-a80c-c46d1acdbc29@group-7855C2F36E53-LeaderElection48] INFO  impl.LeaderElection (LeaderElection.java:logAndReturn(56)) - e3fb79a3-1f86-42af-a80c-c46d1acdbc29@group-7855C2F36E53-LeaderElection48: Election REJECTED; received 2 response(s) [e3fb79a3-1f86-42af-a80c-c46d1acdbc29<-81ff859e-e76f-43f5-951a-4a38422068cb#0:FAIL-t47, e3fb79a3-1f86-42af-a80c-c46d1acdbc29<-a9143d84-6d7f-497d-b770-eb75585db3c7#0:FAIL-t47] and 0 exception(s); e3fb79a3-1f86-42af-a80c-c46d1acdbc29@group-7855C2F36E53:t47, leader=null, voted=e3fb79a3-1f86-42af-a80c-c46d1acdbc29, raftlog=e3fb79a3-1f86-42af-a80c-c46d1acdbc29@group-7855C2F36E53-SegmentedRaftLog:OPENED:c-1,f-1,i0, conf=-1: [e3fb79a3-1f86-42af-a80c-c46d1acdbc29:192.168.157.194:44142, 81ff859e-e76f-43f5-951a-4a38422068cb:192.168.157.194:46532, a9143d84-6d7f-497d-b770-eb75585db3c7:192.168.157.194:42126], old=null
2019-11-04 16:02:05,434 [e3fb79a3-1f86-42af-a80c-c46d1acdbc29@group-7855C2F36E53-LeaderElection48] INFO  impl.RaftServerImpl (RaftServerImpl.java:setRole(184)) - e3fb79a3-1f86-42af-a80c-c46d1acdbc29@group-7855C2F36E53: changes role from CANDIDATE to FOLLOWER at term 47 for DISCOVERED_A_NEW_TERM
2019-11-04 16:02:05,434 [e3fb79a3-1f86-42af-a80c-c46d1acdbc29@group-7855C2F36E53-LeaderElection48] INFO  impl.RoleInfo (RoleInfo.java:shutdownLeaderElection(134)) - e3fb79a3-1f86-42af-a80c-c46d1acdbc29: shutdown LeaderElection
2019-11-04 16:02:05,435 [e3fb79a3-1f86-42af-a80c-c46d1acdbc29@group-7855C2F36E53-LeaderElection48] INFO  impl.RoleInfo (RoleInfo.java:updateAndGet(143)) - e3fb79a3-1f86-42af-a80c-c46d1acdbc29: start FollowerState
2019-11-04 16:02:05,567 [Thread-524] INFO  impl.FollowerState (FollowerState.java:run(108)) - e3fb79a3-1f86-42af-a80c-c46d1acdbc29@group-7855C2F36E53-FollowerState: change to CANDIDATE, lastRpcTime:132ms, electionTimeout:132ms
2019-11-04 16:02:05,567 [Thread-524] INFO  impl.RoleInfo (RoleInfo.java:shutdownFollowerState(121)) - e3fb79a3-1f86-42af-a80c-c46d1acdbc29: shutdown FollowerState
2019-11-04 16:02:05,568 [Thread-524] INFO  impl.RaftServerImpl (RaftServerImpl.java:setRole(184)) - e3fb79a3-1f86-42af-a80c-c46d1acdbc29@group-7855C2F36E53: changes role from  FOLLOWER to CANDIDATE at term 47 for changeToCandidate
2019-11-04 16:02:05,568 [Thread-524] INFO  impl.RoleInfo (RoleInfo.java:updateAndGet(143)) - e3fb79a3-1f86-42af-a80c-c46d1acdbc29: start LeaderElection
2019-11-04 16:02:05,594 [e3fb79a3-1f86-42af-a80c-c46d1acdbc29@group-7855C2F36E53-LeaderElection49] INFO  impl.LeaderElection (LeaderElection.java:askForVotes(178)) - e3fb79a3-1f86-42af-a80c-c46d1acdbc29@group-7855C2F36E53-LeaderElection49: begin an election at term 48 for -1: [e3fb79a3-1f86-42af-a80c-c46d1acdbc29:192.168.157.194:44142, 81ff859e-e76f-43f5-951a-4a38422068cb:192.168.157.194:46532, a9143d84-6d7f-497d-b770-eb75585db3c7:192.168.157.194:42126], old=null
2019-11-04 16:02:05,598 [grpc-default-executor-0] INFO  impl.RaftServerImpl (RaftServerImpl.java:setRole(184)) - a9143d84-6d7f-497d-b770-eb75585db3c7@group-7855C2F36E53: changes role from  FOLLOWER to FOLLOWER at term 48 for recognizeCandidate:e3fb79a3-1f86-42af-a80c-c46d1acdbc29
2019-11-04 16:02:05,598 [grpc-default-executor-0] INFO  impl.RoleInfo (RoleInfo.java:shutdownFollowerState(121)) - a9143d84-6d7f-497d-b770-eb75585db3c7: shutdown FollowerState
2019-11-04 16:02:05,598 [grpc-default-executor-5] INFO  impl.RaftServerImpl (RaftServerImpl.java:setRole(184)) - 81ff859e-e76f-43f5-951a-4a38422068cb@group-7855C2F36E53: changes role from  FOLLOWER to FOLLOWER at term 48 for recognizeCandidate:e3fb79a3-1f86-42af-a80c-c46d1acdbc29
2019-11-04 16:02:05,599 [Thread-522] INFO  impl.FollowerState (FollowerState.java:run(117)) - a9143d84-6d7f-497d-b770-eb75585db3c7@group-7855C2F36E53-FollowerState was interrupted: java.lang.InterruptedException: sleep interrupted
2019-11-04 16:02:05,599 [grpc-default-executor-0] INFO  impl.RoleInfo (RoleInfo.java:updateAndGet(143)) - a9143d84-6d7f-497d-b770-eb75585db3c7: start FollowerState
2019-11-04 16:02:05,599 [grpc-default-executor-5] INFO  impl.RoleInfo (RoleInfo.java:shutdownFollowerState(121)) - 81ff859e-e76f-43f5-951a-4a38422068cb: shutdown FollowerState
2019-11-04 16:02:05,599 [Thread-523] INFO  impl.FollowerState (FollowerState.java:run(117)) - 81ff859e-e76f-43f5-951a-4a38422068cb@group-7855C2F36E53-FollowerState was interrupted: java.lang.InterruptedException: sleep interrupted
2019-11-04 16:02:05,599 [grpc-default-executor-5] INFO  impl.RoleInfo (RoleInfo.java:updateAndGet(143)) - 81ff859e-e76f-43f5-951a-4a38422068cb: start FollowerState
2019-11-04 16:02:05,621 [e3fb79a3-1f86-42af-a80c-c46d1acdbc29@group-7855C2F36E53-LeaderElection49] INFO  impl.LeaderElection (LeaderElection.java:logAndReturn(56)) - e3fb79a3-1f86-42af-a80c-c46d1acdbc29@group-7855C2F36E53-LeaderElection49: Election TIMEOUT; received 0 response(s) [] and 0 exception(s); e3fb79a3-1f86-42af-a80c-c46d1acdbc29@group-7855C2F36E53:t48, leader=null, voted=e3fb79a3-1f86-42af-a80c-c46d1acdbc29, raftlog=e3fb79a3-1f86-42af-a80c-c46d1acdbc29@group-7855C2F36E53-SegmentedRaftLog:OPENED:c-1,f-1,i0, conf=-1: [e3fb79a3-1f86-42af-a80c-c46d1acdbc29:192.168.157.194:44142, 81ff859e-e76f-43f5-951a-4a38422068cb:192.168.157.194:46532, a9143d84-6d7f-497d-b770-eb75585db3c7:192.168.157.194:42126], old=null
2019-11-04 16:02:05,627 [e3fb79a3-1f86-42af-a80c-c46d1acdbc29@group-7855C2F36E53-LeaderElection49] INFO  impl.LeaderElection (LeaderElection.java:askForVotes(178)) - e3fb79a3-1f86-42af-a80c-c46d1acdbc29@group-7855C2F36E53-LeaderElection49: begin an election at term 49 for -1: [e3fb79a3-1f86-42af-a80c-c46d1acdbc29:192.168.157.194:44142, 81ff859e-e76f-43f5-951a-4a38422068cb:192.168.157.194:46532, a9143d84-6d7f-497d-b770-eb75585db3c7:192.168.157.194:42126], old=null
2019-11-04 16:02:05,630 [grpc-default-executor-0] INFO  impl.RaftServerImpl (RaftServerImpl.java:setRole(184)) - a9143d84-6d7f-497d-b770-eb75585db3c7@group-7855C2F36E53: changes role from  FOLLOWER to FOLLOWER at term 49 for recognizeCandidate:e3fb79a3-1f86-42af-a80c-c46d1acdbc29
2019-11-04 16:02:05,630 [grpc-default-executor-0] INFO  impl.RoleInfo (RoleInfo.java:shutdownFollowerState(121)) - a9143d84-6d7f-497d-b770-eb75585db3c7: shutdown FollowerState
2019-11-04 16:02:05,630 [grpc-default-executor-5] INFO  impl.RaftServerImpl (RaftServerImpl.java:setRole(184)) - 81ff859e-e76f-43f5-951a-4a38422068cb@group-7855C2F36E53: changes role from  FOLLOWER to FOLLOWER at term 49 for recognizeCandidate:e3fb79a3-1f86-42af-a80c-c46d1acdbc29
2019-11-04 16:02:05,630 [Thread-528] INFO  impl.FollowerState (FollowerState.java:run(117)) - a9143d84-6d7f-497d-b770-eb75585db3c7@group-7855C2F36E53-FollowerState was interrupted: java.lang.InterruptedException: sleep interrupted
2019-11-04 16:02:05,630 [grpc-default-executor-0] INFO  impl.RoleInfo (RoleInfo.java:updateAndGet(143)) - a9143d84-6d7f-497d-b770-eb75585db3c7: start FollowerState
2019-11-04 16:02:05,630 [grpc-default-executor-5] INFO  impl.RoleInfo (RoleInfo.java:shutdownFollowerState(121)) - 81ff859e-e76f-43f5-951a-4a38422068cb: shutdown FollowerState
2019-11-04 16:02:05,631 [Thread-529] INFO  impl.FollowerState (FollowerState.java:run(117)) - 81ff859e-e76f-43f5-951a-4a38422068cb@group-7855C2F36E53-FollowerState was interrupted: java.lang.InterruptedException: sleep interrupted
2019-11-04 16:02:05,631 [grpc-default-executor-5] INFO  impl.RoleInfo (RoleInfo.java:updateAndGet(143)) - 81ff859e-e76f-43f5-951a-4a38422068cb: start FollowerState
2019-11-04 16:02:05,645 [e3fb79a3-1f86-42af-a80c-c46d1acdbc29@group-7855C2F36E53-LeaderElection49] INFO  impl.LeaderElection (LeaderElection.java:logAndReturn(56)) - e3fb79a3-1f86-42af-a80c-c46d1acdbc29@group-7855C2F36E53-LeaderElection49: Election REJECTED; received 2 response(s) [e3fb79a3-1f86-42af-a80c-c46d1acdbc29<-81ff859e-e76f-43f5-951a-4a38422068cb#0:FAIL-t49, e3fb79a3-1f86-42af-a80c-c46d1acdbc29<-a9143d84-6d7f-497d-b770-eb75585db3c7#0:FAIL-t49] and 0 exception(s); e3fb79a3-1f86-42af-a80c-c46d1acdbc29@group-7855C2F36E53:t49, leader=null, voted=e3fb79a3-1f86-42af-a80c-c46d1acdbc29, raftlog=e3fb79a3-1f86-42af-a80c-c46d1acdbc29@group-7855C2F36E53-SegmentedRaftLog:OPENED:c-1,f-1,i0, conf=-1: [e3fb79a3-1f86-42af-a80c-c46d1acdbc29:192.168.157.194:44142, 81ff859e-e76f-43f5-951a-4a38422068cb:192.168.157.194:46532, a9143d84-6d7f-497d-b770-eb75585db3c7:192.168.157.194:42126], old=null
2019-11-04 16:02:05,645 [e3fb79a3-1f86-42af-a80c-c46d1acdbc29@group-7855C2F36E53-LeaderElection49] INFO  impl.RaftServerImpl (RaftServerImpl.java:setRole(184)) - e3fb79a3-1f86-42af-a80c-c46d1acdbc29@group-7855C2F36E53: changes role from CANDIDATE to FOLLOWER at term 49 for DISCOVERED_A_NEW_TERM
2019-11-04 16:02:05,645 [e3fb79a3-1f86-42af-a80c-c46d1acdbc29@group-7855C2F36E53-LeaderElection49] INFO  impl.RoleInfo (RoleInfo.java:shutdownLeaderElection(134)) - e3fb79a3-1f86-42af-a80c-c46d1acdbc29: shutdown LeaderElection
2019-11-04 16:02:05,645 [e3fb79a3-1f86-42af-a80c-c46d1acdbc29@group-7855C2F36E53-LeaderElection49] INFO  impl.RoleInfo (RoleInfo.java:updateAndGet(143)) - e3fb79a3-1f86-42af-a80c-c46d1acdbc29: start FollowerState
2019-11-04 16:02:05,735 [Thread-534] INFO  impl.FollowerState (FollowerState.java:run(108)) - e3fb79a3-1f86-42af-a80c-c46d1acdbc29@group-7855C2F36E53-FollowerState: change to CANDIDATE, lastRpcTime:89ms, electionTimeout:89ms
2019-11-04 16:02:05,735 [Thread-534] INFO  impl.RoleInfo (RoleInfo.java:shutdownFollowerState(121)) - e3fb79a3-1f86-42af-a80c-c46d1acdbc29: shutdown FollowerState
2019-11-04 16:02:05,735 [Thread-534] INFO  impl.RaftServerImpl (RaftServerImpl.java:setRole(184)) - e3fb79a3-1f86-42af-a80c-c46d1acdbc29@group-7855C2F36E53: changes role from  FOLLOWER to CANDIDATE at term 49 for changeToCandidate
2019-11-04 16:02:05,735 [Thread-534] INFO  impl.RoleInfo (RoleInfo.java:updateAndGet(143)) - e3fb79a3-1f86-42af-a80c-c46d1acdbc29: start LeaderElection
2019-11-04 16:02:05,743 [e3fb79a3-1f86-42af-a80c-c46d1acdbc29@group-7855C2F36E53-LeaderElection50] INFO  impl.LeaderElection (LeaderElection.java:askForVotes(178)) - e3fb79a3-1f86-42af-a80c-c46d1acdbc29@group-7855C2F36E53-LeaderElection50: begin an election at term 50 for -1: [e3fb79a3-1f86-42af-a80c-c46d1acdbc29:192.168.157.194:44142, 81ff859e-e76f-43f5-951a-4a38422068cb:192.168.157.194:46532, a9143d84-6d7f-497d-b770-eb75585db3c7:192.168.157.194:42126], old=null
2019-11-04 16:02:05,746 [grpc-default-executor-5] INFO  impl.RaftServerImpl (RaftServerImpl.java:setRole(184)) - 81ff859e-e76f-43f5-951a-4a38422068cb@group-7855C2F36E53: changes role from  FOLLOWER to FOLLOWER at term 50 for recognizeCandidate:e3fb79a3-1f86-42af-a80c-c46d1acdbc29
2019-11-04 16:02:05,746 [grpc-default-executor-5] INFO  impl.RoleInfo (RoleInfo.java:shutdownFollowerState(121)) - 81ff859e-e76f-43f5-951a-4a38422068cb: shutdown FollowerState
2019-11-04 16:02:05,747 [grpc-default-executor-0] INFO  impl.RaftServerImpl (RaftServerImpl.java:setRole(184)) - a9143d84-6d7f-497d-b770-eb75585db3c7@group-7855C2F36E53: changes role from  FOLLOWER to FOLLOWER at term 50 for recognizeCandidate:e3fb79a3-1f86-42af-a80c-c46d1acdbc29
2019-11-04 16:02:05,747 [grpc-default-executor-5] INFO  impl.RoleInfo (RoleInfo.java:updateAndGet(143)) - 81ff859e-e76f-43f5-951a-4a38422068cb: start FollowerState
2019-11-04 16:02:05,747 [Thread-533] INFO  impl.FollowerState (FollowerState.java:run(117)) - 81ff859e-e76f-43f5-951a-4a38422068cb@group-7855C2F36E53-FollowerState was interrupted: java.lang.InterruptedException: sleep interrupted
2019-11-04 16:02:05,747 [grpc-default-executor-0] INFO  impl.RoleInfo (RoleInfo.java:shutdownFollowerState(121)) - a9143d84-6d7f-497d-b770-eb75585db3c7: shutdown FollowerState
2019-11-04 16:02:05,747 [grpc-default-executor-0] INFO  impl.RoleInfo (RoleInfo.java:updateAndGet(143)) - a9143d84-6d7f-497d-b770-eb75585db3c7: start FollowerState
2019-11-04 16:02:05,747 [Thread-532] INFO  impl.FollowerState (FollowerState.java:run(117)) - a9143d84-6d7f-497d-b770-eb75585db3c7@group-7855C2F36E53-FollowerState was interrupted: java.lang.InterruptedException: sleep interrupted
2019-11-04 16:02:05,756 [e3fb79a3-1f86-42af-a80c-c46d1acdbc29@group-7855C2F36E53-LeaderElection50] INFO  impl.LeaderElection (LeaderElection.java:logAndReturn(56)) - e3fb79a3-1f86-42af-a80c-c46d1acdbc29@group-7855C2F36E53-LeaderElection50: Election TIMEOUT; received 0 response(s) [] and 0 exception(s); e3fb79a3-1f86-42af-a80c-c46d1acdbc29@group-7855C2F36E53:t50, leader=null, voted=e3fb79a3-1f86-42af-a80c-c46d1acdbc29, raftlog=e3fb79a3-1f86-42af-a80c-c46d1acdbc29@group-7855C2F36E53-SegmentedRaftLog:OPENED:c-1,f-1,i0, conf=-1: [e3fb79a3-1f86-42af-a80c-c46d1acdbc29:192.168.157.194:44142, 81ff859e-e76f-43f5-951a-4a38422068cb:192.168.157.194:46532, a9143d84-6d7f-497d-b770-eb75585db3c7:192.168.157.194:42126], old=null
2019-11-04 16:02:05,761 [e3fb79a3-1f86-42af-a80c-c46d1acdbc29@group-7855C2F36E53-LeaderElection50] INFO  impl.LeaderElection (LeaderElection.java:askForVotes(178)) - e3fb79a3-1f86-42af-a80c-c46d1acdbc29@group-7855C2F36E53-LeaderElection50: begin an election at term 51 for -1: [e3fb79a3-1f86-42af-a80c-c46d1acdbc29:192.168.157.194:44142, 81ff859e-e76f-43f5-951a-4a38422068cb:192.168.157.194:46532, a9143d84-6d7f-497d-b770-eb75585db3c7:192.168.157.194:42126], old=null
2019-11-04 16:02:05,764 [grpc-default-executor-5] INFO  impl.RaftServerImpl (RaftServerImpl.java:setRole(184)) - 81ff859e-e76f-43f5-951a-4a38422068cb@group-7855C2F36E53: changes role from  FOLLOWER to FOLLOWER at term 51 for recognizeCandidate:e3fb79a3-1f86-42af-a80c-c46d1acdbc29
2019-11-04 16:02:05,764 [grpc-default-executor-0] INFO  impl.RaftServerImpl (RaftServerImpl.java:setRole(184)) - a9143d84-6d7f-497d-b770-eb75585db3c7@group-7855C2F36E53: changes role from  FOLLOWER to FOLLOWER at term 51 for recognizeCandidate:e3fb79a3-1f86-42af-a80c-c46d1acdbc29
2019-11-04 16:02:05,764 [grpc-default-executor-5] INFO  impl.RoleInfo (RoleInfo.java:shutdownFollowerState(121)) - 81ff859e-e76f-43f5-951a-4a38422068cb: shutdown FollowerState
2019-11-04 16:02:05,764 [grpc-default-executor-0] INFO  impl.RoleInfo (RoleInfo.java:shutdownFollowerState(121)) - a9143d84-6d7f-497d-b770-eb75585db3c7: shutdown FollowerState
2019-11-04 16:02:05,765 [grpc-default-executor-5] INFO  impl.RoleInfo (RoleInfo.java:updateAndGet(143)) - 81ff859e-e76f-43f5-951a-4a38422068cb: start FollowerState
2019-11-04 16:02:05,765 [Thread-538] INFO  impl.FollowerState (FollowerState.java:run(117)) - 81ff859e-e76f-43f5-951a-4a38422068cb@group-7855C2F36E53-FollowerState was interrupted: java.lang.InterruptedException: sleep interrupted
2019-11-04 16:02:05,765 [grpc-default-executor-0] INFO  impl.RoleInfo (RoleInfo.java:updateAndGet(143)) - a9143d84-6d7f-497d-b770-eb75585db3c7: start FollowerState
2019-11-04 16:02:05,765 [Thread-539] INFO  impl.FollowerState (FollowerState.java:run(117)) - a9143d84-6d7f-497d-b770-eb75585db3c7@group-7855C2F36E53-FollowerState was interrupted: java.lang.InterruptedException: sleep interrupted
2019-11-04 16:02:05,780 [e3fb79a3-1f86-42af-a80c-c46d1acdbc29@group-7855C2F36E53-LeaderElection50] INFO  impl.LeaderElection (LeaderElection.java:logAndReturn(56)) - e3fb79a3-1f86-42af-a80c-c46d1acdbc29@group-7855C2F36E53-LeaderElection50: Election REJECTED; received 2 response(s) [e3fb79a3-1f86-42af-a80c-c46d1acdbc29<-81ff859e-e76f-43f5-951a-4a38422068cb#0:FAIL-t51, e3fb79a3-1f86-42af-a80c-c46d1acdbc29<-a9143d84-6d7f-497d-b770-eb75585db3c7#0:FAIL-t51] and 0 exception(s); e3fb79a3-1f86-42af-a80c-c46d1acdbc29@group-7855C2F36E53:t51, leader=null, voted=e3fb79a3-1f86-42af-a80c-c46d1acdbc29, raftlog=e3fb79a3-1f86-42af-a80c-c46d1acdbc29@group-7855C2F36E53-SegmentedRaftLog:OPENED:c-1,f-1,i0, conf=-1: [e3fb79a3-1f86-42af-a80c-c46d1acdbc29:192.168.157.194:44142, 81ff859e-e76f-43f5-951a-4a38422068cb:192.168.157.194:46532, a9143d84-6d7f-497d-b770-eb75585db3c7:192.168.157.194:42126], old=null
2019-11-04 16:02:05,780 [e3fb79a3-1f86-42af-a80c-c46d1acdbc29@group-7855C2F36E53-LeaderElection50] INFO  impl.RaftServerImpl (RaftServerImpl.java:setRole(184)) - e3fb79a3-1f86-42af-a80c-c46d1acdbc29@group-7855C2F36E53: changes role from CANDIDATE to FOLLOWER at term 51 for DISCOVERED_A_NEW_TERM
2019-11-04 16:02:05,780 [e3fb79a3-1f86-42af-a80c-c46d1acdbc29@group-7855C2F36E53-LeaderElection50] INFO  impl.RoleInfo (RoleInfo.java:shutdownLeaderElection(134)) - e3fb79a3-1f86-42af-a80c-c46d1acdbc29: shutdown LeaderElection
2019-11-04 16:02:05,780 [e3fb79a3-1f86-42af-a80c-c46d1acdbc29@group-7855C2F36E53-LeaderElection50] INFO  impl.RoleInfo (RoleInfo.java:updateAndGet(143)) - e3fb79a3-1f86-42af-a80c-c46d1acdbc29: start FollowerState
2019-11-04 16:02:05,783 [Thread-544] INFO  impl.FollowerState (FollowerState.java:run(108)) - e3fb79a3-1f86-42af-a80c-c46d1acdbc29@group-7855C2F36E53-FollowerState: change to CANDIDATE, lastRpcTime:3ms, electionTimeout:3ms
2019-11-04 16:02:05,784 [Thread-544] INFO  impl.RoleInfo (RoleInfo.java:shutdownFollowerState(121)) - e3fb79a3-1f86-42af-a80c-c46d1acdbc29: shutdown FollowerState
2019-11-04 16:02:05,784 [Thread-544] INFO  impl.RaftServerImpl (RaftServerImpl.java:setRole(184)) - e3fb79a3-1f86-42af-a80c-c46d1acdbc29@group-7855C2F36E53: changes role from  FOLLOWER to CANDIDATE at term 51 for changeToCandidate
2019-11-04 16:02:05,784 [Thread-544] INFO  impl.RoleInfo (RoleInfo.java:updateAndGet(143)) - e3fb79a3-1f86-42af-a80c-c46d1acdbc29: start LeaderElection
2019-11-04 16:02:05,797 [e3fb79a3-1f86-42af-a80c-c46d1acdbc29@group-7855C2F36E53-LeaderElection51] INFO  impl.LeaderElection (LeaderElection.java:askForVotes(178)) - e3fb79a3-1f86-42af-a80c-c46d1acdbc29@group-7855C2F36E53-LeaderElection51: begin an election at term 52 for -1: [e3fb79a3-1f86-42af-a80c-c46d1acdbc29:192.168.157.194:44142, 81ff859e-e76f-43f5-951a-4a38422068cb:192.168.157.194:46532, a9143d84-6d7f-497d-b770-eb75585db3c7:192.168.157.194:42126], old=null
2019-11-04 16:02:05,801 [grpc-default-executor-5] INFO  impl.RaftServerImpl (RaftServerImpl.java:setRole(184)) - 81ff859e-e76f-43f5-951a-4a38422068cb@group-7855C2F36E53: changes role from  FOLLOWER to FOLLOWER at term 52 for recognizeCandidate:e3fb79a3-1f86-42af-a80c-c46d1acdbc29
2019-11-04 16:02:05,801 [grpc-default-executor-0] INFO  impl.RaftServerImpl (RaftServerImpl.java:setRole(184)) - a9143d84-6d7f-497d-b770-eb75585db3c7@group-7855C2F36E53: changes role from  FOLLOWER to FOLLOWER at term 52 for recognizeCandidate:e3fb79a3-1f86-42af-a80c-c46d1acdbc29
2019-11-04 16:02:05,801 [grpc-default-executor-5] INFO  impl.RoleInfo (RoleInfo.java:shutdownFollowerState(121)) - 81ff859e-e76f-43f5-951a-4a38422068cb: shutdown FollowerState
2019-11-04 16:02:05,801 [grpc-default-executor-0] INFO  impl.RoleInfo (RoleInfo.java:shutdownFollowerState(121)) - a9143d84-6d7f-497d-b770-eb75585db3c7: shutdown FollowerState
2019-11-04 16:02:05,802 [Thread-542] INFO  impl.FollowerState (FollowerState.java:run(117)) - 81ff859e-e76f-43f5-951a-4a38422068cb@group-7855C2F36E53-FollowerState was interrupted: java.lang.InterruptedException: sleep interrupted
2019-11-04 16:02:05,802 [grpc-default-executor-0] INFO  impl.RoleInfo (RoleInfo.java:updateAndGet(143)) - a9143d84-6d7f-497d-b770-eb75585db3c7: start FollowerState
2019-11-04 16:02:05,802 [grpc-default-executor-5] INFO  impl.RoleInfo (RoleInfo.java:updateAndGet(143)) - 81ff859e-e76f-43f5-951a-4a38422068cb: start FollowerState
2019-11-04 16:02:05,802 [Thread-543] INFO  impl.FollowerState (FollowerState.java:run(117)) - a9143d84-6d7f-497d-b770-eb75585db3c7@group-7855C2F36E53-FollowerState was interrupted: java.lang.InterruptedException: sleep interrupted
2019-11-04 16:02:05,818 [e3fb79a3-1f86-42af-a80c-c46d1acdbc29@group-7855C2F36E53-LeaderElection51] INFO  impl.LeaderElection (LeaderElection.java:logAndReturn(56)) - e3fb79a3-1f86-42af-a80c-c46d1acdbc29@group-7855C2F36E53-LeaderElection51: Election REJECTED; received 2 response(s) [e3fb79a3-1f86-42af-a80c-c46d1acdbc29<-81ff859e-e76f-43f5-951a-4a38422068cb#0:FAIL-t52, e3fb79a3-1f86-42af-a80c-c46d1acdbc29<-a9143d84-6d7f-497d-b770-eb75585db3c7#0:FAIL-t52] and 0 exception(s); e3fb79a3-1f86-42af-a80c-c46d1acdbc29@group-7855C2F36E53:t52, leader=null, voted=e3fb79a3-1f86-42af-a80c-c46d1acdbc29, raftlog=e3fb79a3-1f86-42af-a80c-c46d1acdbc29@group-7855C2F36E53-SegmentedRaftLog:OPENED:c-1,f-1,i0, conf=-1: [e3fb79a3-1f86-42af-a80c-c46d1acdbc29:192.168.157.194:44142, 81ff859e-e76f-43f5-951a-4a38422068cb:192.168.157.194:46532, a9143d84-6d7f-497d-b770-eb75585db3c7:192.168.157.194:42126], old=null
2019-11-04 16:02:05,818 [e3fb79a3-1f86-42af-a80c-c46d1acdbc29@group-7855C2F36E53-LeaderElection51] INFO  impl.RaftServerImpl (RaftServerImpl.java:setRole(184)) - e3fb79a3-1f86-42af-a80c-c46d1acdbc29@group-7855C2F36E53: changes role from CANDIDATE to FOLLOWER at term 52 for DISCOVERED_A_NEW_TERM
2019-11-04 16:02:05,818 [e3fb79a3-1f86-42af-a80c-c46d1acdbc29@group-7855C2F36E53-LeaderElection51] INFO  impl.RoleInfo (RoleInfo.java:shutdownLeaderElection(134)) - e3fb79a3-1f86-42af-a80c-c46d1acdbc29: shutdown LeaderElection
2019-11-04 16:02:05,818 [e3fb79a3-1f86-42af-a80c-c46d1acdbc29@group-7855C2F36E53-LeaderElection51] INFO  impl.RoleInfo (RoleInfo.java:updateAndGet(143)) - e3fb79a3-1f86-42af-a80c-c46d1acdbc29: start FollowerState
2019-11-04 16:02:05,984 [Thread-552] INFO  impl.FollowerState (FollowerState.java:run(108)) - e3fb79a3-1f86-42af-a80c-c46d1acdbc29@group-7855C2F36E53-FollowerState: change to CANDIDATE, lastRpcTime:165ms, electionTimeout:165ms
2019-11-04 16:02:05,984 [Thread-552] INFO  impl.RoleInfo (RoleInfo.java:shutdownFollowerState(121)) - e3fb79a3-1f86-42af-a80c-c46d1acdbc29: shutdown FollowerState
2019-11-04 16:02:05,984 [Thread-552] INFO  impl.RaftServerImpl (RaftServerImpl.java:setRole(184)) - e3fb79a3-1f86-42af-a80c-c46d1acdbc29@group-7855C2F36E53: changes role from  FOLLOWER to CANDIDATE at term 52 for changeToCandidate
2019-11-04 16:02:05,984 [Thread-552] INFO  impl.RoleInfo (RoleInfo.java:updateAndGet(143)) - e3fb79a3-1f86-42af-a80c-c46d1acdbc29: start LeaderElection
2019-11-04 16:02:06,010 [e3fb79a3-1f86-42af-a80c-c46d1acdbc29@group-7855C2F36E53-LeaderElection52] INFO  impl.LeaderElection (LeaderElection.java:askForVotes(178)) - e3fb79a3-1f86-42af-a80c-c46d1acdbc29@group-7855C2F36E53-LeaderElection52: begin an election at term 53 for -1: [e3fb79a3-1f86-42af-a80c-c46d1acdbc29:192.168.157.194:44142, 81ff859e-e76f-43f5-951a-4a38422068cb:192.168.157.194:46532, a9143d84-6d7f-497d-b770-eb75585db3c7:192.168.157.194:42126], old=null
2019-11-04 16:02:06,014 [grpc-default-executor-0] INFO  impl.RaftServerImpl (RaftServerImpl.java:setRole(184)) - 81ff859e-e76f-43f5-951a-4a38422068cb@group-7855C2F36E53: changes role from  FOLLOWER to FOLLOWER at term 53 for recognizeCandidate:e3fb79a3-1f86-42af-a80c-c46d1acdbc29
2019-11-04 16:02:06,015 [grpc-default-executor-0] INFO  impl.RoleInfo (RoleInfo.java:shutdownFollowerState(121)) - 81ff859e-e76f-43f5-951a-4a38422068cb: shutdown FollowerState
2019-11-04 16:02:06,015 [Thread-550] INFO  impl.FollowerState (FollowerState.java:run(117)) - 81ff859e-e76f-43f5-951a-4a38422068cb@group-7855C2F36E53-FollowerState was interrupted: java.lang.InterruptedException: sleep interrupted
2019-11-04 16:02:06,015 [grpc-default-executor-0] INFO  impl.RoleInfo (RoleInfo.java:updateAndGet(143)) - 81ff859e-e76f-43f5-951a-4a38422068cb: start FollowerState
2019-11-04 16:02:06,016 [grpc-default-executor-5] INFO  impl.RaftServerImpl (RaftServerImpl.java:setRole(184)) - a9143d84-6d7f-497d-b770-eb75585db3c7@group-7855C2F36E53: changes role from  FOLLOWER to FOLLOWER at term 53 for recognizeCandidate:e3fb79a3-1f86-42af-a80c-c46d1acdbc29
2019-11-04 16:02:06,016 [grpc-default-executor-5] INFO  impl.RoleInfo (RoleInfo.java:shutdownFollowerState(121)) - a9143d84-6d7f-497d-b770-eb75585db3c7: shutdown FollowerState
2019-11-04 16:02:06,017 [Thread-551] INFO  impl.FollowerState (FollowerState.java:run(117)) - a9143d84-6d7f-497d-b770-eb75585db3c7@group-7855C2F36E53-FollowerState was interrupted: java.lang.InterruptedException: sleep interrupted
2019-11-04 16:02:06,017 [grpc-default-executor-5] INFO  impl.RoleInfo (RoleInfo.java:updateAndGet(143)) - a9143d84-6d7f-497d-b770-eb75585db3c7: start FollowerState
2019-11-04 16:02:06,041 [e3fb79a3-1f86-42af-a80c-c46d1acdbc29@group-7855C2F36E53-LeaderElection52] INFO  impl.LeaderElection (LeaderElection.java:logAndReturn(56)) - e3fb79a3-1f86-42af-a80c-c46d1acdbc29@group-7855C2F36E53-LeaderElection52: Election REJECTED; received 2 response(s) [e3fb79a3-1f86-42af-a80c-c46d1acdbc29<-81ff859e-e76f-43f5-951a-4a38422068cb#0:FAIL-t53, e3fb79a3-1f86-42af-a80c-c46d1acdbc29<-a9143d84-6d7f-497d-b770-eb75585db3c7#0:FAIL-t53] and 0 exception(s); e3fb79a3-1f86-42af-a80c-c46d1acdbc29@group-7855C2F36E53:t53, leader=null, voted=e3fb79a3-1f86-42af-a80c-c46d1acdbc29, raftlog=e3fb79a3-1f86-42af-a80c-c46d1acdbc29@group-7855C2F36E53-SegmentedRaftLog:OPENED:c-1,f-1,i0, conf=-1: [e3fb79a3-1f86-42af-a80c-c46d1acdbc29:192.168.157.194:44142, 81ff859e-e76f-43f5-951a-4a38422068cb:192.168.157.194:46532, a9143d84-6d7f-497d-b770-eb75585db3c7:192.168.157.194:42126], old=null
2019-11-04 16:02:06,041 [e3fb79a3-1f86-42af-a80c-c46d1acdbc29@group-7855C2F36E53-LeaderElection52] INFO  impl.RaftServerImpl (RaftServerImpl.java:setRole(184)) - e3fb79a3-1f86-42af-a80c-c46d1acdbc29@group-7855C2F36E53: changes role from CANDIDATE to FOLLOWER at term 53 for DISCOVERED_A_NEW_TERM
2019-11-04 16:02:06,041 [e3fb79a3-1f86-42af-a80c-c46d1acdbc29@group-7855C2F36E53-LeaderElection52] INFO  impl.RoleInfo (RoleInfo.java:shutdownLeaderElection(134)) - e3fb79a3-1f86-42af-a80c-c46d1acdbc29: shutdown LeaderElection
2019-11-04 16:02:06,041 [e3fb79a3-1f86-42af-a80c-c46d1acdbc29@group-7855C2F36E53-LeaderElection52] INFO  impl.RoleInfo (RoleInfo.java:updateAndGet(143)) - e3fb79a3-1f86-42af-a80c-c46d1acdbc29: start FollowerState
2019-11-04 16:02:06,235 [Thread-558] INFO  impl.FollowerState (FollowerState.java:run(108)) - e3fb79a3-1f86-42af-a80c-c46d1acdbc29@group-7855C2F36E53-FollowerState: change to CANDIDATE, lastRpcTime:193ms, electionTimeout:193ms
2019-11-04 16:02:06,235 [Thread-558] INFO  impl.RoleInfo (RoleInfo.java:shutdownFollowerState(121)) - e3fb79a3-1f86-42af-a80c-c46d1acdbc29: shutdown FollowerState
2019-11-04 16:02:06,235 [Thread-558] INFO  impl.RaftServerImpl (RaftServerImpl.java:setRole(184)) - e3fb79a3-1f86-42af-a80c-c46d1acdbc29@group-7855C2F36E53: changes role from  FOLLOWER to CANDIDATE at term 53 for changeToCandidate
2019-11-04 16:02:06,236 [Thread-558] INFO  impl.RoleInfo (RoleInfo.java:updateAndGet(143)) - e3fb79a3-1f86-42af-a80c-c46d1acdbc29: start LeaderElection
2019-11-04 16:02:06,249 [e3fb79a3-1f86-42af-a80c-c46d1acdbc29@group-7855C2F36E53-LeaderElection53] INFO  impl.LeaderElection (LeaderElection.java:askForVotes(178)) - e3fb79a3-1f86-42af-a80c-c46d1acdbc29@group-7855C2F36E53-LeaderElection53: begin an election at term 54 for -1: [e3fb79a3-1f86-42af-a80c-c46d1acdbc29:192.168.157.194:44142, 81ff859e-e76f-43f5-951a-4a38422068cb:192.168.157.194:46532, a9143d84-6d7f-497d-b770-eb75585db3c7:192.168.157.194:42126], old=null
2019-11-04 16:02:06,253 [grpc-default-executor-5] INFO  impl.RaftServerImpl (RaftServerImpl.java:setRole(184)) - a9143d84-6d7f-497d-b770-eb75585db3c7@group-7855C2F36E53: changes role from  FOLLOWER to FOLLOWER at term 54 for recognizeCandidate:e3fb79a3-1f86-42af-a80c-c46d1acdbc29
2019-11-04 16:02:06,253 [grpc-default-executor-0] INFO  impl.RaftServerImpl (RaftServerImpl.java:setRole(184)) - 81ff859e-e76f-43f5-951a-4a38422068cb@group-7855C2F36E53: changes role from  FOLLOWER to FOLLOWER at term 54 for recognizeCandidate:e3fb79a3-1f86-42af-a80c-c46d1acdbc29
2019-11-04 16:02:06,253 [grpc-default-executor-5] INFO  impl.RoleInfo (RoleInfo.java:shutdownFollowerState(121)) - a9143d84-6d7f-497d-b770-eb75585db3c7: shutdown FollowerState
2019-11-04 16:02:06,254 [grpc-default-executor-0] INFO  impl.RoleInfo (RoleInfo.java:shutdownFollowerState(121)) - 81ff859e-e76f-43f5-951a-4a38422068cb: shutdown FollowerState
2019-11-04 16:02:06,254 [Thread-557] INFO  impl.FollowerState (FollowerState.java:run(117)) - a9143d84-6d7f-497d-b770-eb75585db3c7@group-7855C2F36E53-FollowerState was interrupted: java.lang.InterruptedException: sleep interrupted
2019-11-04 16:02:06,254 [Thread-556] INFO  impl.FollowerState (FollowerState.java:run(117)) - 81ff859e-e76f-43f5-951a-4a38422068cb@group-7855C2F36E53-FollowerState was interrupted: java.lang.InterruptedException: sleep interrupted
2019-11-04 16:02:06,254 [grpc-default-executor-0] INFO  impl.RoleInfo (RoleInfo.java:updateAndGet(143)) - 81ff859e-e76f-43f5-951a-4a38422068cb: start FollowerState
2019-11-04 16:02:06,254 [grpc-default-executor-5] INFO  impl.RoleInfo (RoleInfo.java:updateAndGet(143)) - a9143d84-6d7f-497d-b770-eb75585db3c7: start FollowerState
2019-11-04 16:02:06,262 [e3fb79a3-1f86-42af-a80c-c46d1acdbc29@group-7855C2F36E53-LeaderElection53] INFO  impl.LeaderElection (LeaderElection.java:logAndReturn(56)) - e3fb79a3-1f86-42af-a80c-c46d1acdbc29@group-7855C2F36E53-LeaderElection53: Election TIMEOUT; received 0 response(s) [] and 0 exception(s); e3fb79a3-1f86-42af-a80c-c46d1acdbc29@group-7855C2F36E53:t54, leader=null, voted=e3fb79a3-1f86-42af-a80c-c46d1acdbc29, raftlog=e3fb79a3-1f86-42af-a80c-c46d1acdbc29@group-7855C2F36E53-SegmentedRaftLog:OPENED:c-1,f-1,i0, conf=-1: [e3fb79a3-1f86-42af-a80c-c46d1acdbc29:192.168.157.194:44142, 81ff859e-e76f-43f5-951a-4a38422068cb:192.168.157.194:46532, a9143d84-6d7f-497d-b770-eb75585db3c7:192.168.157.194:42126], old=null
2019-11-04 16:02:06,266 [e3fb79a3-1f86-42af-a80c-c46d1acdbc29@group-7855C2F36E53-LeaderElection53] INFO  impl.LeaderElection (LeaderElection.java:askForVotes(178)) - e3fb79a3-1f86-42af-a80c-c46d1acdbc29@group-7855C2F36E53-LeaderElection53: begin an election at term 55 for -1: [e3fb79a3-1f86-42af-a80c-c46d1acdbc29:192.168.157.194:44142, 81ff859e-e76f-43f5-951a-4a38422068cb:192.168.157.194:46532, a9143d84-6d7f-497d-b770-eb75585db3c7:192.168.157.194:42126], old=null
2019-11-04 16:02:06,271 [grpc-default-executor-0] INFO  impl.RaftServerImpl (RaftServerImpl.java:setRole(184)) - 81ff859e-e76f-43f5-951a-4a38422068cb@group-7855C2F36E53: changes role from  FOLLOWER to FOLLOWER at term 55 for recognizeCandidate:e3fb79a3-1f86-42af-a80c-c46d1acdbc29
2019-11-04 16:02:06,271 [grpc-default-executor-5] INFO  impl.RaftServerImpl (RaftServerImpl.java:setRole(184)) - a9143d84-6d7f-497d-b770-eb75585db3c7@group-7855C2F36E53: changes role from  FOLLOWER to FOLLOWER at term 55 for recognizeCandidate:e3fb79a3-1f86-42af-a80c-c46d1acdbc29
2019-11-04 16:02:06,271 [grpc-default-executor-0] INFO  impl.RoleInfo (RoleInfo.java:shutdownFollowerState(121)) - 81ff859e-e76f-43f5-951a-4a38422068cb: shutdown FollowerState
2019-11-04 16:02:06,272 [grpc-default-executor-5] INFO  impl.RoleInfo (RoleInfo.java:shutdownFollowerState(121)) - a9143d84-6d7f-497d-b770-eb75585db3c7: shutdown FollowerState
2019-11-04 16:02:06,272 [Thread-563] INFO  impl.FollowerState (FollowerState.java:run(117)) - 81ff859e-e76f-43f5-951a-4a38422068cb@group-7855C2F36E53-FollowerState was interrupted: java.lang.InterruptedException: sleep interrupted
2019-11-04 16:02:06,272 [Thread-562] INFO  impl.FollowerState (FollowerState.java:run(117)) - a9143d84-6d7f-497d-b770-eb75585db3c7@group-7855C2F36E53-FollowerState was interrupted: java.lang.InterruptedException: sleep interrupted
2019-11-04 16:02:06,272 [grpc-default-executor-5] INFO  impl.RoleInfo (RoleInfo.java:updateAndGet(143)) - a9143d84-6d7f-497d-b770-eb75585db3c7: start FollowerState
2019-11-04 16:02:06,272 [grpc-default-executor-0] INFO  impl.RoleInfo (RoleInfo.java:updateAndGet(143)) - 81ff859e-e76f-43f5-951a-4a38422068cb: start FollowerState
2019-11-04 16:02:06,288 [e3fb79a3-1f86-42af-a80c-c46d1acdbc29@group-7855C2F36E53-LeaderElection53] INFO  impl.LeaderElection (LeaderElection.java:logAndReturn(56)) - e3fb79a3-1f86-42af-a80c-c46d1acdbc29@group-7855C2F36E53-LeaderElection53: Election REJECTED; received 2 response(s) [e3fb79a3-1f86-42af-a80c-c46d1acdbc29<-81ff859e-e76f-43f5-951a-4a38422068cb#0:FAIL-t55, e3fb79a3-1f86-42af-a80c-c46d1acdbc29<-a9143d84-6d7f-497d-b770-eb75585db3c7#0:FAIL-t55] and 0 exception(s); e3fb79a3-1f86-42af-a80c-c46d1acdbc29@group-7855C2F36E53:t55, leader=null, voted=e3fb79a3-1f86-42af-a80c-c46d1acdbc29, raftlog=e3fb79a3-1f86-42af-a80c-c46d1acdbc29@group-7855C2F36E53-SegmentedRaftLog:OPENED:c-1,f-1,i0, conf=-1: [e3fb79a3-1f86-42af-a80c-c46d1acdbc29:192.168.157.194:44142, 81ff859e-e76f-43f5-951a-4a38422068cb:192.168.157.194:46532, a9143d84-6d7f-497d-b770-eb75585db3c7:192.168.157.194:42126], old=null
2019-11-04 16:02:06,288 [e3fb79a3-1f86-42af-a80c-c46d1acdbc29@group-7855C2F36E53-LeaderElection53] INFO  impl.RaftServerImpl (RaftServerImpl.java:setRole(184)) - e3fb79a3-1f86-42af-a80c-c46d1acdbc29@group-7855C2F36E53: changes role from CANDIDATE to FOLLOWER at term 55 for DISCOVERED_A_NEW_TERM
2019-11-04 16:02:06,288 [e3fb79a3-1f86-42af-a80c-c46d1acdbc29@group-7855C2F36E53-LeaderElection53] INFO  impl.RoleInfo (RoleInfo.java:shutdownLeaderElection(134)) - e3fb79a3-1f86-42af-a80c-c46d1acdbc29: shutdown LeaderElection
2019-11-04 16:02:06,288 [e3fb79a3-1f86-42af-a80c-c46d1acdbc29@group-7855C2F36E53-LeaderElection53] INFO  impl.RoleInfo (RoleInfo.java:updateAndGet(143)) - e3fb79a3-1f86-42af-a80c-c46d1acdbc29: start FollowerState
2019-11-04 16:02:06,363 [Thread-568] INFO  impl.FollowerState (FollowerState.java:run(108)) - e3fb79a3-1f86-42af-a80c-c46d1acdbc29@group-7855C2F36E53-FollowerState: change to CANDIDATE, lastRpcTime:74ms, electionTimeout:74ms
2019-11-04 16:02:06,363 [Thread-568] INFO  impl.RoleInfo (RoleInfo.java:shutdownFollowerState(121)) - e3fb79a3-1f86-42af-a80c-c46d1acdbc29: shutdown FollowerState
2019-11-04 16:02:06,363 [Thread-568] INFO  impl.RaftServerImpl (RaftServerImpl.java:setRole(184)) - e3fb79a3-1f86-42af-a80c-c46d1acdbc29@group-7855C2F36E53: changes role from  FOLLOWER to CANDIDATE at term 55 for changeToCandidate
2019-11-04 16:02:06,363 [Thread-568] INFO  impl.RoleInfo (RoleInfo.java:updateAndGet(143)) - e3fb79a3-1f86-42af-a80c-c46d1acdbc29: start LeaderElection
2019-11-04 16:02:06,367 [e3fb79a3-1f86-42af-a80c-c46d1acdbc29@group-7855C2F36E53-LeaderElection54] INFO  impl.LeaderElection (LeaderElection.java:askForVotes(178)) - e3fb79a3-1f86-42af-a80c-c46d1acdbc29@group-7855C2F36E53-LeaderElection54: begin an election at term 56 for -1: [e3fb79a3-1f86-42af-a80c-c46d1acdbc29:192.168.157.194:44142, 81ff859e-e76f-43f5-951a-4a38422068cb:192.168.157.194:46532, a9143d84-6d7f-497d-b770-eb75585db3c7:192.168.157.194:42126], old=null
2019-11-04 16:02:06,369 [grpc-default-executor-5] INFO  impl.RaftServerImpl (RaftServerImpl.java:setRole(184)) - 81ff859e-e76f-43f5-951a-4a38422068cb@group-7855C2F36E53: changes role from  FOLLOWER to FOLLOWER at term 56 for recognizeCandidate:e3fb79a3-1f86-42af-a80c-c46d1acdbc29
2019-11-04 16:02:06,370 [grpc-default-executor-5] INFO  impl.RoleInfo (RoleInfo.java:shutdownFollowerState(121)) - 81ff859e-e76f-43f5-951a-4a38422068cb: shutdown FollowerState
2019-11-04 16:02:06,370 [grpc-default-executor-5] INFO  impl.RoleInfo (RoleInfo.java:updateAndGet(143)) - 81ff859e-e76f-43f5-951a-4a38422068cb: start FollowerState
2019-11-04 16:02:06,370 [Thread-566] INFO  impl.FollowerState (FollowerState.java:run(117)) - 81ff859e-e76f-43f5-951a-4a38422068cb@group-7855C2F36E53-FollowerState was interrupted: java.lang.InterruptedException: sleep interrupted
2019-11-04 16:02:06,370 [grpc-default-executor-0] INFO  impl.RaftServerImpl (RaftServerImpl.java:setRole(184)) - a9143d84-6d7f-497d-b770-eb75585db3c7@group-7855C2F36E53: changes role from  FOLLOWER to FOLLOWER at term 56 for recognizeCandidate:e3fb79a3-1f86-42af-a80c-c46d1acdbc29
2019-11-04 16:02:06,370 [grpc-default-executor-0] INFO  impl.RoleInfo (RoleInfo.java:shutdownFollowerState(121)) - a9143d84-6d7f-497d-b770-eb75585db3c7: shutdown FollowerState
2019-11-04 16:02:06,371 [Thread-567] INFO  impl.FollowerState (FollowerState.java:run(117)) - a9143d84-6d7f-497d-b770-eb75585db3c7@group-7855C2F36E53-FollowerState was interrupted: java.lang.InterruptedException: sleep interrupted
2019-11-04 16:02:06,371 [grpc-default-executor-0] INFO  impl.RoleInfo (RoleInfo.java:updateAndGet(143)) - a9143d84-6d7f-497d-b770-eb75585db3c7: start FollowerState
2019-11-04 16:02:06,385 [e3fb79a3-1f86-42af-a80c-c46d1acdbc29@group-7855C2F36E53-LeaderElection54] INFO  impl.LeaderElection (LeaderElection.java:logAndReturn(56)) - e3fb79a3-1f86-42af-a80c-c46d1acdbc29@group-7855C2F36E53-LeaderElection54: Election REJECTED; received 2 response(s) [e3fb79a3-1f86-42af-a80c-c46d1acdbc29<-81ff859e-e76f-43f5-951a-4a38422068cb#0:FAIL-t56, e3fb79a3-1f86-42af-a80c-c46d1acdbc29<-a9143d84-6d7f-497d-b770-eb75585db3c7#0:FAIL-t56] and 0 exception(s); e3fb79a3-1f86-42af-a80c-c46d1acdbc29@group-7855C2F36E53:t56, leader=null, voted=e3fb79a3-1f86-42af-a80c-c46d1acdbc29, raftlog=e3fb79a3-1f86-42af-a80c-c46d1acdbc29@group-7855C2F36E53-SegmentedRaftLog:OPENED:c-1,f-1,i0, conf=-1: [e3fb79a3-1f86-42af-a80c-c46d1acdbc29:192.168.157.194:44142, 81ff859e-e76f-43f5-951a-4a38422068cb:192.168.157.194:46532, a9143d84-6d7f-497d-b770-eb75585db3c7:192.168.157.194:42126], old=null
2019-11-04 16:02:06,385 [e3fb79a3-1f86-42af-a80c-c46d1acdbc29@group-7855C2F36E53-LeaderElection54] INFO  impl.RaftServerImpl (RaftServerImpl.java:setRole(184)) - e3fb79a3-1f86-42af-a80c-c46d1acdbc29@group-7855C2F36E53: changes role from CANDIDATE to FOLLOWER at term 56 for DISCOVERED_A_NEW_TERM
2019-11-04 16:02:06,385 [e3fb79a3-1f86-42af-a80c-c46d1acdbc29@group-7855C2F36E53-LeaderElection54] INFO  impl.RoleInfo (RoleInfo.java:shutdownLeaderElection(134)) - e3fb79a3-1f86-42af-a80c-c46d1acdbc29: shutdown LeaderElection
2019-11-04 16:02:06,386 [e3fb79a3-1f86-42af-a80c-c46d1acdbc29@group-7855C2F36E53-LeaderElection54] INFO  impl.RoleInfo (RoleInfo.java:updateAndGet(143)) - e3fb79a3-1f86-42af-a80c-c46d1acdbc29: start FollowerState
2019-11-04 16:02:06,563 [Thread-574] INFO  impl.FollowerState (FollowerState.java:run(108)) - e3fb79a3-1f86-42af-a80c-c46d1acdbc29@group-7855C2F36E53-FollowerState: change to CANDIDATE, lastRpcTime:177ms, electionTimeout:177ms
2019-11-04 16:02:06,563 [Thread-574] INFO  impl.RoleInfo (RoleInfo.java:shutdownFollowerState(121)) - e3fb79a3-1f86-42af-a80c-c46d1acdbc29: shutdown FollowerState
2019-11-04 16:02:06,563 [Thread-574] INFO  impl.RaftServerImpl (RaftServerImpl.java:setRole(184)) - e3fb79a3-1f86-42af-a80c-c46d1acdbc29@group-7855C2F36E53: changes role from  FOLLOWER to CANDIDATE at term 56 for changeToCandidate
2019-11-04 16:02:06,563 [Thread-574] INFO  impl.RoleInfo (RoleInfo.java:updateAndGet(143)) - e3fb79a3-1f86-42af-a80c-c46d1acdbc29: start LeaderElection
2019-11-04 16:02:06,577 [e3fb79a3-1f86-42af-a80c-c46d1acdbc29@group-7855C2F36E53-LeaderElection55] INFO  impl.LeaderElection (LeaderElection.java:askForVotes(178)) - e3fb79a3-1f86-42af-a80c-c46d1acdbc29@group-7855C2F36E53-LeaderElection55: begin an election at term 57 for -1: [e3fb79a3-1f86-42af-a80c-c46d1acdbc29:192.168.157.194:44142, 81ff859e-e76f-43f5-951a-4a38422068cb:192.168.157.194:46532, a9143d84-6d7f-497d-b770-eb75585db3c7:192.168.157.194:42126], old=null
2019-11-04 16:02:06,581 [grpc-default-executor-0] INFO  impl.RaftServerImpl (RaftServerImpl.java:setRole(184)) - a9143d84-6d7f-497d-b770-eb75585db3c7@group-7855C2F36E53: changes role from  FOLLOWER to FOLLOWER at term 57 for recognizeCandidate:e3fb79a3-1f86-42af-a80c-c46d1acdbc29
2019-11-04 16:02:06,581 [grpc-default-executor-5] INFO  impl.RaftServerImpl (RaftServerImpl.java:setRole(184)) - 81ff859e-e76f-43f5-951a-4a38422068cb@group-7855C2F36E53: changes role from  FOLLOWER to FOLLOWER at term 57 for recognizeCandidate:e3fb79a3-1f86-42af-a80c-c46d1acdbc29
2019-11-04 16:02:06,581 [grpc-default-executor-0] INFO  impl.RoleInfo (RoleInfo.java:shutdownFollowerState(121)) - a9143d84-6d7f-497d-b770-eb75585db3c7: shutdown FollowerState
2019-11-04 16:02:06,581 [grpc-default-executor-5] INFO  impl.RoleInfo (RoleInfo.java:shutdownFollowerState(121)) - 81ff859e-e76f-43f5-951a-4a38422068cb: shutdown FollowerState
2019-11-04 16:02:06,582 [Thread-573] INFO  impl.FollowerState (FollowerState.java:run(117)) - a9143d84-6d7f-497d-b770-eb75585db3c7@group-7855C2F36E53-FollowerState was interrupted: java.lang.InterruptedException: sleep interrupted
2019-11-04 16:02:06,582 [grpc-default-executor-0] INFO  impl.RoleInfo (RoleInfo.java:updateAndGet(143)) - a9143d84-6d7f-497d-b770-eb75585db3c7: start FollowerState
2019-11-04 16:02:06,582 [grpc-default-executor-5] INFO  impl.RoleInfo (RoleInfo.java:updateAndGet(143)) - 81ff859e-e76f-43f5-951a-4a38422068cb: start FollowerState
2019-11-04 16:02:06,582 [Thread-572] INFO  impl.FollowerState (FollowerState.java:run(117)) - 81ff859e-e76f-43f5-951a-4a38422068cb@group-7855C2F36E53-FollowerState was interrupted: java.lang.InterruptedException: sleep interrupted
2019-11-04 16:02:06,598 [e3fb79a3-1f86-42af-a80c-c46d1acdbc29@group-7855C2F36E53-LeaderElection55] INFO  impl.LeaderElection (LeaderElection.java:logAndReturn(56)) - e3fb79a3-1f86-42af-a80c-c46d1acdbc29@group-7855C2F36E53-LeaderElection55: Election REJECTED; received 2 response(s) [e3fb79a3-1f86-42af-a80c-c46d1acdbc29<-81ff859e-e76f-43f5-951a-4a38422068cb#0:FAIL-t57, e3fb79a3-1f86-42af-a80c-c46d1acdbc29<-a9143d84-6d7f-497d-b770-eb75585db3c7#0:FAIL-t57] and 0 exception(s); e3fb79a3-1f86-42af-a80c-c46d1acdbc29@group-7855C2F36E53:t57, leader=null, voted=e3fb79a3-1f86-42af-a80c-c46d1acdbc29, raftlog=e3fb79a3-1f86-42af-a80c-c46d1acdbc29@group-7855C2F36E53-SegmentedRaftLog:OPENED:c-1,f-1,i0, conf=-1: [e3fb79a3-1f86-42af-a80c-c46d1acdbc29:192.168.157.194:44142, 81ff859e-e76f-43f5-951a-4a38422068cb:192.168.157.194:46532, a9143d84-6d7f-497d-b770-eb75585db3c7:192.168.157.194:42126], old=null
2019-11-04 16:02:06,598 [e3fb79a3-1f86-42af-a80c-c46d1acdbc29@group-7855C2F36E53-LeaderElection55] INFO  impl.RaftServerImpl (RaftServerImpl.java:setRole(184)) - e3fb79a3-1f86-42af-a80c-c46d1acdbc29@group-7855C2F36E53: changes role from CANDIDATE to FOLLOWER at term 57 for DISCOVERED_A_NEW_TERM
2019-11-04 16:02:06,598 [e3fb79a3-1f86-42af-a80c-c46d1acdbc29@group-7855C2F36E53-LeaderElection55] INFO  impl.RoleInfo (RoleInfo.java:shutdownLeaderElection(134)) - e3fb79a3-1f86-42af-a80c-c46d1acdbc29: shutdown LeaderElection
2019-11-04 16:02:06,598 [e3fb79a3-1f86-42af-a80c-c46d1acdbc29@group-7855C2F36E53-LeaderElection55] INFO  impl.RoleInfo (RoleInfo.java:updateAndGet(143)) - e3fb79a3-1f86-42af-a80c-c46d1acdbc29: start FollowerState
2019-11-04 16:02:06,659 [Thread-580] INFO  impl.FollowerState (FollowerState.java:run(108)) - e3fb79a3-1f86-42af-a80c-c46d1acdbc29@group-7855C2F36E53-FollowerState: change to CANDIDATE, lastRpcTime:60ms, electionTimeout:60ms
2019-11-04 16:02:06,659 [Thread-580] INFO  impl.RoleInfo (RoleInfo.java:shutdownFollowerState(121)) - e3fb79a3-1f86-42af-a80c-c46d1acdbc29: shutdown FollowerState
2019-11-04 16:02:06,659 [Thread-580] INFO  impl.RaftServerImpl (RaftServerImpl.java:setRole(184)) - e3fb79a3-1f86-42af-a80c-c46d1acdbc29@group-7855C2F36E53: changes role from  FOLLOWER to CANDIDATE at term 57 for changeToCandidate
2019-11-04 16:02:06,659 [Thread-580] INFO  impl.RoleInfo (RoleInfo.java:updateAndGet(143)) - e3fb79a3-1f86-42af-a80c-c46d1acdbc29: start LeaderElection
2019-11-04 16:02:06,702 [e3fb79a3-1f86-42af-a80c-c46d1acdbc29@group-7855C2F36E53-LeaderElection56] INFO  impl.LeaderElection (LeaderElection.java:askForVotes(178)) - e3fb79a3-1f86-42af-a80c-c46d1acdbc29@group-7855C2F36E53-LeaderElection56: begin an election at term 58 for -1: [e3fb79a3-1f86-42af-a80c-c46d1acdbc29:192.168.157.194:44142, 81ff859e-e76f-43f5-951a-4a38422068cb:192.168.157.194:46532, a9143d84-6d7f-497d-b770-eb75585db3c7:192.168.157.194:42126], old=null
2019-11-04 16:02:06,706 [grpc-default-executor-0] INFO  impl.RaftServerImpl (RaftServerImpl.java:setRole(184)) - 81ff859e-e76f-43f5-951a-4a38422068cb@group-7855C2F36E53: changes role from  FOLLOWER to FOLLOWER at term 58 for recognizeCandidate:e3fb79a3-1f86-42af-a80c-c46d1acdbc29
2019-11-04 16:02:06,706 [grpc-default-executor-5] INFO  impl.RaftServerImpl (RaftServerImpl.java:setRole(184)) - a9143d84-6d7f-497d-b770-eb75585db3c7@group-7855C2F36E53: changes role from  FOLLOWER to FOLLOWER at term 58 for recognizeCandidate:e3fb79a3-1f86-42af-a80c-c46d1acdbc29
2019-11-04 16:02:06,706 [grpc-default-executor-0] INFO  impl.RoleInfo (RoleInfo.java:shutdownFollowerState(121)) - 81ff859e-e76f-43f5-951a-4a38422068cb: shutdown FollowerState
2019-11-04 16:02:06,706 [grpc-default-executor-5] INFO  impl.RoleInfo (RoleInfo.java:shutdownFollowerState(121)) - a9143d84-6d7f-497d-b770-eb75585db3c7: shutdown FollowerState
2019-11-04 16:02:06,707 [Thread-579] INFO  impl.FollowerState (FollowerState.java:run(117)) - 81ff859e-e76f-43f5-951a-4a38422068cb@group-7855C2F36E53-FollowerState was interrupted: java.lang.InterruptedException: sleep interrupted
2019-11-04 16:02:06,707 [grpc-default-executor-0] INFO  impl.RoleInfo (RoleInfo.java:updateAndGet(143)) - 81ff859e-e76f-43f5-951a-4a38422068cb: start FollowerState
2019-11-04 16:02:06,707 [Thread-578] INFO  impl.FollowerState (FollowerState.java:run(117)) - a9143d84-6d7f-497d-b770-eb75585db3c7@group-7855C2F36E53-FollowerState was interrupted: java.lang.InterruptedException: sleep interrupted
2019-11-04 16:02:06,707 [grpc-default-executor-5] INFO  impl.RoleInfo (RoleInfo.java:updateAndGet(143)) - a9143d84-6d7f-497d-b770-eb75585db3c7: start FollowerState
2019-11-04 16:02:06,724 [e3fb79a3-1f86-42af-a80c-c46d1acdbc29@group-7855C2F36E53-LeaderElection56] INFO  impl.LeaderElection (LeaderElection.java:logAndReturn(56)) - e3fb79a3-1f86-42af-a80c-c46d1acdbc29@group-7855C2F36E53-LeaderElection56: Election REJECTED; received 2 response(s) [e3fb79a3-1f86-42af-a80c-c46d1acdbc29<-81ff859e-e76f-43f5-951a-4a38422068cb#0:FAIL-t58, e3fb79a3-1f86-42af-a80c-c46d1acdbc29<-a9143d84-6d7f-497d-b770-eb75585db3c7#0:FAIL-t58] and 0 exception(s); e3fb79a3-1f86-42af-a80c-c46d1acdbc29@group-7855C2F36E53:t58, leader=null, voted=e3fb79a3-1f86-42af-a80c-c46d1acdbc29, raftlog=e3fb79a3-1f86-42af-a80c-c46d1acdbc29@group-7855C2F36E53-SegmentedRaftLog:OPENED:c-1,f-1,i0, conf=-1: [e3fb79a3-1f86-42af-a80c-c46d1acdbc29:192.168.157.194:44142, 81ff859e-e76f-43f5-951a-4a38422068cb:192.168.157.194:46532, a9143d84-6d7f-497d-b770-eb75585db3c7:192.168.157.194:42126], old=null
2019-11-04 16:02:06,725 [e3fb79a3-1f86-42af-a80c-c46d1acdbc29@group-7855C2F36E53-LeaderElection56] INFO  impl.RaftServerImpl (RaftServerImpl.java:setRole(184)) - e3fb79a3-1f86-42af-a80c-c46d1acdbc29@group-7855C2F36E53: changes role from CANDIDATE to FOLLOWER at term 58 for DISCOVERED_A_NEW_TERM
2019-11-04 16:02:06,725 [e3fb79a3-1f86-42af-a80c-c46d1acdbc29@group-7855C2F36E53-LeaderElection56] INFO  impl.RoleInfo (RoleInfo.java:shutdownLeaderElection(134)) - e3fb79a3-1f86-42af-a80c-c46d1acdbc29: shutdown LeaderElection
2019-11-04 16:02:06,725 [e3fb79a3-1f86-42af-a80c-c46d1acdbc29@group-7855C2F36E53-LeaderElection56] INFO  impl.RoleInfo (RoleInfo.java:updateAndGet(143)) - e3fb79a3-1f86-42af-a80c-c46d1acdbc29: start FollowerState
2019-11-04 16:02:06,788 [Thread-586] INFO  impl.FollowerState (FollowerState.java:run(108)) - e3fb79a3-1f86-42af-a80c-c46d1acdbc29@group-7855C2F36E53-FollowerState: change to CANDIDATE, lastRpcTime:63ms, electionTimeout:63ms
2019-11-04 16:02:06,789 [Thread-586] INFO  impl.RoleInfo (RoleInfo.java:shutdownFollowerState(121)) - e3fb79a3-1f86-42af-a80c-c46d1acdbc29: shutdown FollowerState
2019-11-04 16:02:06,789 [Thread-586] INFO  impl.RaftServerImpl (RaftServerImpl.java:setRole(184)) - e3fb79a3-1f86-42af-a80c-c46d1acdbc29@group-7855C2F36E53: changes role from  FOLLOWER to CANDIDATE at term 58 for changeToCandidate
2019-11-04 16:02:06,789 [Thread-586] INFO  impl.RoleInfo (RoleInfo.java:updateAndGet(143)) - e3fb79a3-1f86-42af-a80c-c46d1acdbc29: start LeaderElection
2019-11-04 16:02:06,801 [e3fb79a3-1f86-42af-a80c-c46d1acdbc29@group-7855C2F36E53-LeaderElection57] INFO  impl.LeaderElection (LeaderElection.java:askForVotes(178)) - e3fb79a3-1f86-42af-a80c-c46d1acdbc29@group-7855C2F36E53-LeaderElection57: begin an election at term 59 for -1: [e3fb79a3-1f86-42af-a80c-c46d1acdbc29:192.168.157.194:44142, 81ff859e-e76f-43f5-951a-4a38422068cb:192.168.157.194:46532, a9143d84-6d7f-497d-b770-eb75585db3c7:192.168.157.194:42126], old=null
2019-11-04 16:02:06,804 [grpc-default-executor-0] INFO  impl.RaftServerImpl (RaftServerImpl.java:setRole(184)) - 81ff859e-e76f-43f5-951a-4a38422068cb@group-7855C2F36E53: changes role from  FOLLOWER to FOLLOWER at term 59 for recognizeCandidate:e3fb79a3-1f86-42af-a80c-c46d1acdbc29
2019-11-04 16:02:06,804 [grpc-default-executor-5] INFO  impl.RaftServerImpl (RaftServerImpl.java:setRole(184)) - a9143d84-6d7f-497d-b770-eb75585db3c7@group-7855C2F36E53: changes role from  FOLLOWER to FOLLOWER at term 59 for recognizeCandidate:e3fb79a3-1f86-42af-a80c-c46d1acdbc29
2019-11-04 16:02:06,805 [grpc-default-executor-0] INFO  impl.RoleInfo (RoleInfo.java:shutdownFollowerState(121)) - 81ff859e-e76f-43f5-951a-4a38422068cb: shutdown FollowerState
2019-11-04 16:02:06,805 [grpc-default-executor-5] INFO  impl.RoleInfo (RoleInfo.java:shutdownFollowerState(121)) - a9143d84-6d7f-497d-b770-eb75585db3c7: shutdown FollowerState
2019-11-04 16:02:06,805 [Thread-584] INFO  impl.FollowerState (FollowerState.java:run(117)) - 81ff859e-e76f-43f5-951a-4a38422068cb@group-7855C2F36E53-FollowerState was interrupted: java.lang.InterruptedException: sleep interrupted
2019-11-04 16:02:06,805 [grpc-default-executor-5] INFO  impl.RoleInfo (RoleInfo.java:updateAndGet(143)) - a9143d84-6d7f-497d-b770-eb75585db3c7: start FollowerState
2019-11-04 16:02:06,805 [grpc-default-executor-0] INFO  impl.RoleInfo (RoleInfo.java:updateAndGet(143)) - 81ff859e-e76f-43f5-951a-4a38422068cb: start FollowerState
2019-11-04 16:02:06,805 [Thread-585] INFO  impl.FollowerState (FollowerState.java:run(117)) - a9143d84-6d7f-497d-b770-eb75585db3c7@group-7855C2F36E53-FollowerState was interrupted: java.lang.InterruptedException: sleep interrupted
2019-11-04 16:02:06,836 [e3fb79a3-1f86-42af-a80c-c46d1acdbc29@group-7855C2F36E53-LeaderElection57] INFO  impl.LeaderElection (LeaderElection.java:logAndReturn(56)) - e3fb79a3-1f86-42af-a80c-c46d1acdbc29@group-7855C2F36E53-LeaderElection57: Election REJECTED; received 2 response(s) [e3fb79a3-1f86-42af-a80c-c46d1acdbc29<-81ff859e-e76f-43f5-951a-4a38422068cb#0:FAIL-t59, e3fb79a3-1f86-42af-a80c-c46d1acdbc29<-a9143d84-6d7f-497d-b770-eb75585db3c7#0:FAIL-t59] and 0 exception(s); e3fb79a3-1f86-42af-a80c-c46d1acdbc29@group-7855C2F36E53:t59, leader=null, voted=e3fb79a3-1f86-42af-a80c-c46d1acdbc29, raftlog=e3fb79a3-1f86-42af-a80c-c46d1acdbc29@group-7855C2F36E53-SegmentedRaftLog:OPENED:c-1,f-1,i0, conf=-1: [e3fb79a3-1f86-42af-a80c-c46d1acdbc29:192.168.157.194:44142, 81ff859e-e76f-43f5-951a-4a38422068cb:192.168.157.194:46532, a9143d84-6d7f-497d-b770-eb75585db3c7:192.168.157.194:42126], old=null
2019-11-04 16:02:06,837 [e3fb79a3-1f86-42af-a80c-c46d1acdbc29@group-7855C2F36E53-LeaderElection57] INFO  impl.RaftServerImpl (RaftServerImpl.java:setRole(184)) - e3fb79a3-1f86-42af-a80c-c46d1acdbc29@group-7855C2F36E53: changes role from CANDIDATE to FOLLOWER at term 59 for DISCOVERED_A_NEW_TERM
2019-11-04 16:02:06,837 [e3fb79a3-1f86-42af-a80c-c46d1acdbc29@group-7855C2F36E53-LeaderElection57] INFO  impl.RoleInfo (RoleInfo.java:shutdownLeaderElection(134)) - e3fb79a3-1f86-42af-a80c-c46d1acdbc29: shutdown LeaderElection
2019-11-04 16:02:06,837 [e3fb79a3-1f86-42af-a80c-c46d1acdbc29@group-7855C2F36E53-LeaderElection57] INFO  impl.RoleInfo (RoleInfo.java:updateAndGet(143)) - e3fb79a3-1f86-42af-a80c-c46d1acdbc29: start FollowerState
2019-11-04 16:02:07,018 [Thread-594] INFO  impl.FollowerState (FollowerState.java:run(108)) - e3fb79a3-1f86-42af-a80c-c46d1acdbc29@group-7855C2F36E53-FollowerState: change to CANDIDATE, lastRpcTime:180ms, electionTimeout:169ms
2019-11-04 16:02:07,018 [Thread-594] INFO  impl.RoleInfo (RoleInfo.java:shutdownFollowerState(121)) - e3fb79a3-1f86-42af-a80c-c46d1acdbc29: shutdown FollowerState
2019-11-04 16:02:07,018 [Thread-594] INFO  impl.RaftServerImpl (RaftServerImpl.java:setRole(184)) - e3fb79a3-1f86-42af-a80c-c46d1acdbc29@group-7855C2F36E53: changes role from  FOLLOWER to CANDIDATE at term 59 for changeToCandidate
2019-11-04 16:02:07,018 [Thread-594] INFO  impl.RoleInfo (RoleInfo.java:updateAndGet(143)) - e3fb79a3-1f86-42af-a80c-c46d1acdbc29: start LeaderElection
2019-11-04 16:02:07,046 [e3fb79a3-1f86-42af-a80c-c46d1acdbc29@group-7855C2F36E53-LeaderElection58] INFO  impl.LeaderElection (LeaderElection.java:askForVotes(178)) - e3fb79a3-1f86-42af-a80c-c46d1acdbc29@group-7855C2F36E53-LeaderElection58: begin an election at term 60 for -1: [e3fb79a3-1f86-42af-a80c-c46d1acdbc29:192.168.157.194:44142, 81ff859e-e76f-43f5-951a-4a38422068cb:192.168.157.194:46532, a9143d84-6d7f-497d-b770-eb75585db3c7:192.168.157.194:42126], old=null
2019-11-04 16:02:07,050 [grpc-default-executor-5] INFO  impl.RaftServerImpl (RaftServerImpl.java:setRole(184)) - a9143d84-6d7f-497d-b770-eb75585db3c7@group-7855C2F36E53: changes role from  FOLLOWER to FOLLOWER at term 60 for recognizeCandidate:e3fb79a3-1f86-42af-a80c-c46d1acdbc29
2019-11-04 16:02:07,050 [grpc-default-executor-0] INFO  impl.RaftServerImpl (RaftServerImpl.java:setRole(184)) - 81ff859e-e76f-43f5-951a-4a38422068cb@group-7855C2F36E53: changes role from  FOLLOWER to FOLLOWER at term 60 for recognizeCandidate:e3fb79a3-1f86-42af-a80c-c46d1acdbc29
2019-11-04 16:02:07,051 [grpc-default-executor-0] INFO  impl.RoleInfo (RoleInfo.java:shutdownFollowerState(121)) - 81ff859e-e76f-43f5-951a-4a38422068cb: shutdown FollowerState
2019-11-04 16:02:07,051 [grpc-default-executor-5] INFO  impl.RoleInfo (RoleInfo.java:shutdownFollowerState(121)) - a9143d84-6d7f-497d-b770-eb75585db3c7: shutdown FollowerState
2019-11-04 16:02:07,051 [Thread-590] INFO  impl.FollowerState (FollowerState.java:run(117)) - 81ff859e-e76f-43f5-951a-4a38422068cb@group-7855C2F36E53-FollowerState was interrupted: java.lang.InterruptedException: sleep interrupted
2019-11-04 16:02:07,052 [grpc-default-executor-5] INFO  impl.RoleInfo (RoleInfo.java:updateAndGet(143)) - a9143d84-6d7f-497d-b770-eb75585db3c7: start FollowerState
2019-11-04 16:02:07,052 [grpc-default-executor-0] INFO  impl.RoleInfo (RoleInfo.java:updateAndGet(143)) - 81ff859e-e76f-43f5-951a-4a38422068cb: start FollowerState
2019-11-04 16:02:07,052 [Thread-591] INFO  impl.FollowerState (FollowerState.java:run(117)) - a9143d84-6d7f-497d-b770-eb75585db3c7@group-7855C2F36E53-FollowerState was interrupted: java.lang.InterruptedException: sleep interrupted
2019-11-04 16:02:07,063 [e3fb79a3-1f86-42af-a80c-c46d1acdbc29@group-7855C2F36E53-LeaderElection58] INFO  impl.LeaderElection (LeaderElection.java:logAndReturn(56)) - e3fb79a3-1f86-42af-a80c-c46d1acdbc29@group-7855C2F36E53-LeaderElection58: Election REJECTED; received 2 response(s) [e3fb79a3-1f86-42af-a80c-c46d1acdbc29<-81ff859e-e76f-43f5-951a-4a38422068cb#0:FAIL-t60, e3fb79a3-1f86-42af-a80c-c46d1acdbc29<-a9143d84-6d7f-497d-b770-eb75585db3c7#0:FAIL-t60] and 0 exception(s); e3fb79a3-1f86-42af-a80c-c46d1acdbc29@group-7855C2F36E53:t60, leader=null, voted=e3fb79a3-1f86-42af-a80c-c46d1acdbc29, raftlog=e3fb79a3-1f86-42af-a80c-c46d1acdbc29@group-7855C2F36E53-SegmentedRaftLog:OPENED:c-1,f-1,i0, conf=-1: [e3fb79a3-1f86-42af-a80c-c46d1acdbc29:192.168.157.194:44142, 81ff859e-e76f-43f5-951a-4a38422068cb:192.168.157.194:46532, a9143d84-6d7f-497d-b770-eb75585db3c7:192.168.157.194:42126], old=null
2019-11-04 16:02:07,063 [e3fb79a3-1f86-42af-a80c-c46d1acdbc29@group-7855C2F36E53-LeaderElection58] INFO  impl.RaftServerImpl (RaftServerImpl.java:setRole(184)) - e3fb79a3-1f86-42af-a80c-c46d1acdbc29@group-7855C2F36E53: changes role from CANDIDATE to FOLLOWER at term 60 for DISCOVERED_A_NEW_TERM
2019-11-04 16:02:07,064 [e3fb79a3-1f86-42af-a80c-c46d1acdbc29@group-7855C2F36E53-LeaderElection58] INFO  impl.RoleInfo (RoleInfo.java:shutdownLeaderElection(134)) - e3fb79a3-1f86-42af-a80c-c46d1acdbc29: shutdown LeaderElection
2019-11-04 16:02:07,064 [e3fb79a3-1f86-42af-a80c-c46d1acdbc29@group-7855C2F36E53-LeaderElection58] INFO  impl.RoleInfo (RoleInfo.java:updateAndGet(143)) - e3fb79a3-1f86-42af-a80c-c46d1acdbc29: start FollowerState
2019-11-04 16:02:07,219 [Thread-600] INFO  impl.FollowerState (FollowerState.java:run(108)) - e3fb79a3-1f86-42af-a80c-c46d1acdbc29@group-7855C2F36E53-FollowerState: change to CANDIDATE, lastRpcTime:154ms, electionTimeout:154ms
2019-11-04 16:02:07,219 [Thread-600] INFO  impl.RoleInfo (RoleInfo.java:shutdownFollowerState(121)) - e3fb79a3-1f86-42af-a80c-c46d1acdbc29: shutdown FollowerState
2019-11-04 16:02:07,219 [Thread-600] INFO  impl.RaftServerImpl (RaftServerImpl.java:setRole(184)) - e3fb79a3-1f86-42af-a80c-c46d1acdbc29@group-7855C2F36E53: changes role from  FOLLOWER to CANDIDATE at term 60 for changeToCandidate
2019-11-04 16:02:07,219 [Thread-600] INFO  impl.RoleInfo (RoleInfo.java:updateAndGet(143)) - e3fb79a3-1f86-42af-a80c-c46d1acdbc29: start LeaderElection
2019-11-04 16:02:07,234 [e3fb79a3-1f86-42af-a80c-c46d1acdbc29@group-7855C2F36E53-LeaderElection59] INFO  impl.LeaderElection (LeaderElection.java:askForVotes(178)) - e3fb79a3-1f86-42af-a80c-c46d1acdbc29@group-7855C2F36E53-LeaderElection59: begin an election at term 61 for -1: [e3fb79a3-1f86-42af-a80c-c46d1acdbc29:192.168.157.194:44142, 81ff859e-e76f-43f5-951a-4a38422068cb:192.168.157.194:46532, a9143d84-6d7f-497d-b770-eb75585db3c7:192.168.157.194:42126], old=null
2019-11-04 16:02:07,238 [grpc-default-executor-0] INFO  impl.RaftServerImpl (RaftServerImpl.java:setRole(184)) - 81ff859e-e76f-43f5-951a-4a38422068cb@group-7855C2F36E53: changes role from  FOLLOWER to FOLLOWER at term 61 for recognizeCandidate:e3fb79a3-1f86-42af-a80c-c46d1acdbc29
2019-11-04 16:02:07,238 [grpc-default-executor-5] INFO  impl.RaftServerImpl (RaftServerImpl.java:setRole(184)) - a9143d84-6d7f-497d-b770-eb75585db3c7@group-7855C2F36E53: changes role from  FOLLOWER to FOLLOWER at term 61 for recognizeCandidate:e3fb79a3-1f86-42af-a80c-c46d1acdbc29
2019-11-04 16:02:07,238 [grpc-default-executor-0] INFO  impl.RoleInfo (RoleInfo.java:shutdownFollowerState(121)) - 81ff859e-e76f-43f5-951a-4a38422068cb: shutdown FollowerState
2019-11-04 16:02:07,239 [grpc-default-executor-5] INFO  impl.RoleInfo (RoleInfo.java:shutdownFollowerState(121)) - a9143d84-6d7f-497d-b770-eb75585db3c7: shutdown FollowerState
2019-11-04 16:02:07,239 [grpc-default-executor-0] INFO  impl.RoleInfo (RoleInfo.java:updateAndGet(143)) - 81ff859e-e76f-43f5-951a-4a38422068cb: start FollowerState
2019-11-04 16:02:07,239 [Thread-599] INFO  impl.FollowerState (FollowerState.java:run(117)) - a9143d84-6d7f-497d-b770-eb75585db3c7@group-7855C2F36E53-FollowerState was interrupted: java.lang.InterruptedException: sleep interrupted
2019-11-04 16:02:07,239 [grpc-default-executor-5] INFO  impl.RoleInfo (RoleInfo.java:updateAndGet(143)) - a9143d84-6d7f-497d-b770-eb75585db3c7: start FollowerState
2019-11-04 16:02:07,240 [Thread-598] INFO  impl.FollowerState (FollowerState.java:run(117)) - 81ff859e-e76f-43f5-951a-4a38422068cb@group-7855C2F36E53-FollowerState was interrupted: java.lang.InterruptedException: sleep interrupted
2019-11-04 16:02:07,255 [e3fb79a3-1f86-42af-a80c-c46d1acdbc29@group-7855C2F36E53-LeaderElection59] INFO  impl.LeaderElection (LeaderElection.java:logAndReturn(56)) - e3fb79a3-1f86-42af-a80c-c46d1acdbc29@group-7855C2F36E53-LeaderElection59: Election REJECTED; received 2 response(s) [e3fb79a3-1f86-42af-a80c-c46d1acdbc29<-81ff859e-e76f-43f5-951a-4a38422068cb#0:FAIL-t61, e3fb79a3-1f86-42af-a80c-c46d1acdbc29<-a9143d84-6d7f-497d-b770-eb75585db3c7#0:FAIL-t61] and 0 exception(s); e3fb79a3-1f86-42af-a80c-c46d1acdbc29@group-7855C2F36E53:t61, leader=null, voted=e3fb79a3-1f86-42af-a80c-c46d1acdbc29, raftlog=e3fb79a3-1f86-42af-a80c-c46d1acdbc29@group-7855C2F36E53-SegmentedRaftLog:OPENED:c-1,f-1,i0, conf=-1: [e3fb79a3-1f86-42af-a80c-c46d1acdbc29:192.168.157.194:44142, 81ff859e-e76f-43f5-951a-4a38422068cb:192.168.157.194:46532, a9143d84-6d7f-497d-b770-eb75585db3c7:192.168.157.194:42126], old=null
2019-11-04 16:02:07,255 [e3fb79a3-1f86-42af-a80c-c46d1acdbc29@group-7855C2F36E53-LeaderElection59] INFO  impl.RaftServerImpl (RaftServerImpl.java:setRole(184)) - e3fb79a3-1f86-42af-a80c-c46d1acdbc29@group-7855C2F36E53: changes role from CANDIDATE to FOLLOWER at term 61 for DISCOVERED_A_NEW_TERM
2019-11-04 16:02:07,256 [e3fb79a3-1f86-42af-a80c-c46d1acdbc29@group-7855C2F36E53-LeaderElection59] INFO  impl.RoleInfo (RoleInfo.java:shutdownLeaderElection(134)) - e3fb79a3-1f86-42af-a80c-c46d1acdbc29: shutdown LeaderElection
2019-11-04 16:02:07,256 [e3fb79a3-1f86-42af-a80c-c46d1acdbc29@group-7855C2F36E53-LeaderElection59] INFO  impl.RoleInfo (RoleInfo.java:updateAndGet(143)) - e3fb79a3-1f86-42af-a80c-c46d1acdbc29: start FollowerState
2019-11-04 16:02:07,376 [Thread-606] INFO  impl.FollowerState (FollowerState.java:run(108)) - e3fb79a3-1f86-42af-a80c-c46d1acdbc29@group-7855C2F36E53-FollowerState: change to CANDIDATE, lastRpcTime:120ms, electionTimeout:120ms
2019-11-04 16:02:07,377 [Thread-606] INFO  impl.RoleInfo (RoleInfo.java:shutdownFollowerState(121)) - e3fb79a3-1f86-42af-a80c-c46d1acdbc29: shutdown FollowerState
2019-11-04 16:02:07,377 [Thread-606] INFO  impl.RaftServerImpl (RaftServerImpl.java:setRole(184)) - e3fb79a3-1f86-42af-a80c-c46d1acdbc29@group-7855C2F36E53: changes role from  FOLLOWER to CANDIDATE at term 61 for changeToCandidate
2019-11-04 16:02:07,377 [Thread-606] INFO  impl.RoleInfo (RoleInfo.java:updateAndGet(143)) - e3fb79a3-1f86-42af-a80c-c46d1acdbc29: start LeaderElection
2019-11-04 16:02:07,392 [e3fb79a3-1f86-42af-a80c-c46d1acdbc29@group-7855C2F36E53-LeaderElection60] INFO  impl.LeaderElection (LeaderElection.java:askForVotes(178)) - e3fb79a3-1f86-42af-a80c-c46d1acdbc29@group-7855C2F36E53-LeaderElection60: begin an election at term 62 for -1: [e3fb79a3-1f86-42af-a80c-c46d1acdbc29:192.168.157.194:44142, 81ff859e-e76f-43f5-951a-4a38422068cb:192.168.157.194:46532, a9143d84-6d7f-497d-b770-eb75585db3c7:192.168.157.194:42126], old=null
2019-11-04 16:02:07,395 [grpc-default-executor-0] INFO  impl.RaftServerImpl (RaftServerImpl.java:setRole(184)) - 81ff859e-e76f-43f5-951a-4a38422068cb@group-7855C2F36E53: changes role from  FOLLOWER to FOLLOWER at term 62 for recognizeCandidate:e3fb79a3-1f86-42af-a80c-c46d1acdbc29
2019-11-04 16:02:07,395 [grpc-default-executor-5] INFO  impl.RaftServerImpl (RaftServerImpl.java:setRole(184)) - a9143d84-6d7f-497d-b770-eb75585db3c7@group-7855C2F36E53: changes role from  FOLLOWER to FOLLOWER at term 62 for recognizeCandidate:e3fb79a3-1f86-42af-a80c-c46d1acdbc29
2019-11-04 16:02:07,395 [grpc-default-executor-0] INFO  impl.RoleInfo (RoleInfo.java:shutdownFollowerState(121)) - 81ff859e-e76f-43f5-951a-4a38422068cb: shutdown FollowerState
2019-11-04 16:02:07,396 [grpc-default-executor-5] INFO  impl.RoleInfo (RoleInfo.java:shutdownFollowerState(121)) - a9143d84-6d7f-497d-b770-eb75585db3c7: shutdown FollowerState
2019-11-04 16:02:07,396 [grpc-default-executor-0] INFO  impl.RoleInfo (RoleInfo.java:updateAndGet(143)) - 81ff859e-e76f-43f5-951a-4a38422068cb: start FollowerState
2019-11-04 16:02:07,396 [grpc-default-executor-5] INFO  impl.RoleInfo (RoleInfo.java:updateAndGet(143)) - a9143d84-6d7f-497d-b770-eb75585db3c7: start FollowerState
2019-11-04 16:02:07,396 [Thread-605] INFO  impl.FollowerState (FollowerState.java:run(117)) - a9143d84-6d7f-497d-b770-eb75585db3c7@group-7855C2F36E53-FollowerState was interrupted: java.lang.InterruptedException: sleep interrupted
2019-11-04 16:02:07,396 [Thread-604] INFO  impl.FollowerState (FollowerState.java:run(117)) - 81ff859e-e76f-43f5-951a-4a38422068cb@group-7855C2F36E53-FollowerState was interrupted: java.lang.InterruptedException: sleep interrupted
2019-11-04 16:02:07,412 [e3fb79a3-1f86-42af-a80c-c46d1acdbc29@group-7855C2F36E53-LeaderElection60] INFO  impl.LeaderElection (LeaderElection.java:logAndReturn(56)) - e3fb79a3-1f86-42af-a80c-c46d1acdbc29@group-7855C2F36E53-LeaderElection60: Election REJECTED; received 2 response(s) [e3fb79a3-1f86-42af-a80c-c46d1acdbc29<-81ff859e-e76f-43f5-951a-4a38422068cb#0:FAIL-t62, e3fb79a3-1f86-42af-a80c-c46d1acdbc29<-a9143d84-6d7f-497d-b770-eb75585db3c7#0:FAIL-t62] and 0 exception(s); e3fb79a3-1f86-42af-a80c-c46d1acdbc29@group-7855C2F36E53:t62, leader=null, voted=e3fb79a3-1f86-42af-a80c-c46d1acdbc29, raftlog=e3fb79a3-1f86-42af-a80c-c46d1acdbc29@group-7855C2F36E53-SegmentedRaftLog:OPENED:c-1,f-1,i0, conf=-1: [e3fb79a3-1f86-42af-a80c-c46d1acdbc29:192.168.157.194:44142, 81ff859e-e76f-43f5-951a-4a38422068cb:192.168.157.194:46532, a9143d84-6d7f-497d-b770-eb75585db3c7:192.168.157.194:42126], old=null
2019-11-04 16:02:07,413 [e3fb79a3-1f86-42af-a80c-c46d1acdbc29@group-7855C2F36E53-LeaderElection60] INFO  impl.RaftServerImpl (RaftServerImpl.java:setRole(184)) - e3fb79a3-1f86-42af-a80c-c46d1acdbc29@group-7855C2F36E53: changes role from CANDIDATE to FOLLOWER at term 62 for DISCOVERED_A_NEW_TERM
2019-11-04 16:02:07,413 [e3fb79a3-1f86-42af-a80c-c46d1acdbc29@group-7855C2F36E53-LeaderElection60] INFO  impl.RoleInfo (RoleInfo.java:shutdownLeaderElection(134)) - e3fb79a3-1f86-42af-a80c-c46d1acdbc29: shutdown LeaderElection
2019-11-04 16:02:07,413 [e3fb79a3-1f86-42af-a80c-c46d1acdbc29@group-7855C2F36E53-LeaderElection60] INFO  impl.RoleInfo (RoleInfo.java:updateAndGet(143)) - e3fb79a3-1f86-42af-a80c-c46d1acdbc29: start FollowerState
2019-11-04 16:02:07,572 [Thread-612] INFO  impl.FollowerState (FollowerState.java:run(108)) - e3fb79a3-1f86-42af-a80c-c46d1acdbc29@group-7855C2F36E53-FollowerState: change to CANDIDATE, lastRpcTime:158ms, electionTimeout:158ms
2019-11-04 16:02:07,572 [Thread-612] INFO  impl.RoleInfo (RoleInfo.java:shutdownFollowerState(121)) - e3fb79a3-1f86-42af-a80c-c46d1acdbc29: shutdown FollowerState
2019-11-04 16:02:07,572 [Thread-612] INFO  impl.RaftServerImpl (RaftServerImpl.java:setRole(184)) - e3fb79a3-1f86-42af-a80c-c46d1acdbc29@group-7855C2F36E53: changes role from  FOLLOWER to CANDIDATE at term 62 for changeToCandidate
2019-11-04 16:02:07,572 [Thread-612] INFO  impl.RoleInfo (RoleInfo.java:updateAndGet(143)) - e3fb79a3-1f86-42af-a80c-c46d1acdbc29: start LeaderElection
2019-11-04 16:02:07,586 [e3fb79a3-1f86-42af-a80c-c46d1acdbc29@group-7855C2F36E53-LeaderElection61] INFO  impl.LeaderElection (LeaderElection.java:askForVotes(178)) - e3fb79a3-1f86-42af-a80c-c46d1acdbc29@group-7855C2F36E53-LeaderElection61: begin an election at term 63 for -1: [e3fb79a3-1f86-42af-a80c-c46d1acdbc29:192.168.157.194:44142, 81ff859e-e76f-43f5-951a-4a38422068cb:192.168.157.194:46532, a9143d84-6d7f-497d-b770-eb75585db3c7:192.168.157.194:42126], old=null
2019-11-04 16:02:07,590 [grpc-default-executor-0] INFO  impl.RaftServerImpl (RaftServerImpl.java:setRole(184)) - a9143d84-6d7f-497d-b770-eb75585db3c7@group-7855C2F36E53: changes role from  FOLLOWER to FOLLOWER at term 63 for recognizeCandidate:e3fb79a3-1f86-42af-a80c-c46d1acdbc29
2019-11-04 16:02:07,590 [grpc-default-executor-5] INFO  impl.RaftServerImpl (RaftServerImpl.java:setRole(184)) - 81ff859e-e76f-43f5-951a-4a38422068cb@group-7855C2F36E53: changes role from  FOLLOWER to FOLLOWER at term 63 for recognizeCandidate:e3fb79a3-1f86-42af-a80c-c46d1acdbc29
2019-11-04 16:02:07,590 [grpc-default-executor-0] INFO  impl.RoleInfo (RoleInfo.java:shutdownFollowerState(121)) - a9143d84-6d7f-497d-b770-eb75585db3c7: shutdown FollowerState
2019-11-04 16:02:07,590 [grpc-default-executor-5] INFO  impl.RoleInfo (RoleInfo.java:shutdownFollowerState(121)) - 81ff859e-e76f-43f5-951a-4a38422068cb: shutdown FollowerState
2019-11-04 16:02:07,591 [grpc-default-executor-0] INFO  impl.RoleInfo (RoleInfo.java:updateAndGet(143)) - a9143d84-6d7f-497d-b770-eb75585db3c7: start FollowerState
2019-11-04 16:02:07,591 [Thread-611] INFO  impl.FollowerState (FollowerState.java:run(117)) - a9143d84-6d7f-497d-b770-eb75585db3c7@group-7855C2F36E53-FollowerState was interrupted: java.lang.InterruptedException: sleep interrupted
2019-11-04 16:02:07,591 [Thread-610] INFO  impl.FollowerState (FollowerState.java:run(117)) - 81ff859e-e76f-43f5-951a-4a38422068cb@group-7855C2F36E53-FollowerState was interrupted: java.lang.InterruptedException: sleep interrupted
2019-11-04 16:02:07,591 [grpc-default-executor-5] INFO  impl.RoleInfo (RoleInfo.java:updateAndGet(143)) - 81ff859e-e76f-43f5-951a-4a38422068cb: start FollowerState
2019-11-04 16:02:07,605 [e3fb79a3-1f86-42af-a80c-c46d1acdbc29@group-7855C2F36E53-LeaderElection61] INFO  impl.LeaderElection (LeaderElection.java:logAndReturn(56)) - e3fb79a3-1f86-42af-a80c-c46d1acdbc29@group-7855C2F36E53-LeaderElection61: Election REJECTED; received 2 response(s) [e3fb79a3-1f86-42af-a80c-c46d1acdbc29<-81ff859e-e76f-43f5-951a-4a38422068cb#0:FAIL-t63, e3fb79a3-1f86-42af-a80c-c46d1acdbc29<-a9143d84-6d7f-497d-b770-eb75585db3c7#0:FAIL-t63] and 0 exception(s); e3fb79a3-1f86-42af-a80c-c46d1acdbc29@group-7855C2F36E53:t63, leader=null, voted=e3fb79a3-1f86-42af-a80c-c46d1acdbc29, raftlog=e3fb79a3-1f86-42af-a80c-c46d1acdbc29@group-7855C2F36E53-SegmentedRaftLog:OPENED:c-1,f-1,i0, conf=-1: [e3fb79a3-1f86-42af-a80c-c46d1acdbc29:192.168.157.194:44142, 81ff859e-e76f-43f5-951a-4a38422068cb:192.168.157.194:46532, a9143d84-6d7f-497d-b770-eb75585db3c7:192.168.157.194:42126], old=null
2019-11-04 16:02:07,605 [e3fb79a3-1f86-42af-a80c-c46d1acdbc29@group-7855C2F36E53-LeaderElection61] INFO  impl.RaftServerImpl (RaftServerImpl.java:setRole(184)) - e3fb79a3-1f86-42af-a80c-c46d1acdbc29@group-7855C2F36E53: changes role from CANDIDATE to FOLLOWER at term 63 for DISCOVERED_A_NEW_TERM
2019-11-04 16:02:07,605 [e3fb79a3-1f86-42af-a80c-c46d1acdbc29@group-7855C2F36E53-LeaderElection61] INFO  impl.RoleInfo (RoleInfo.java:shutdownLeaderElection(134)) - e3fb79a3-1f86-42af-a80c-c46d1acdbc29: shutdown LeaderElection
2019-11-04 16:02:07,605 [e3fb79a3-1f86-42af-a80c-c46d1acdbc29@group-7855C2F36E53-LeaderElection61] INFO  impl.RoleInfo (RoleInfo.java:updateAndGet(143)) - e3fb79a3-1f86-42af-a80c-c46d1acdbc29: start FollowerState
2019-11-04 16:02:07,614 [Thread-618] INFO  impl.FollowerState (FollowerState.java:run(108)) - e3fb79a3-1f86-42af-a80c-c46d1acdbc29@group-7855C2F36E53-FollowerState: change to CANDIDATE, lastRpcTime:9ms, electionTimeout:9ms
2019-11-04 16:02:07,615 [Thread-618] INFO  impl.RoleInfo (RoleInfo.java:shutdownFollowerState(121)) - e3fb79a3-1f86-42af-a80c-c46d1acdbc29: shutdown FollowerState
2019-11-04 16:02:07,615 [Thread-618] INFO  impl.RaftServerImpl (RaftServerImpl.java:setRole(184)) - e3fb79a3-1f86-42af-a80c-c46d1acdbc29@group-7855C2F36E53: changes role from  FOLLOWER to CANDIDATE at term 63 for changeToCandidate
2019-11-04 16:02:07,615 [Thread-618] INFO  impl.RoleInfo (RoleInfo.java:updateAndGet(143)) - e3fb79a3-1f86-42af-a80c-c46d1acdbc29: start LeaderElection
2019-11-04 16:02:07,635 [e3fb79a3-1f86-42af-a80c-c46d1acdbc29@group-7855C2F36E53-LeaderElection62] INFO  impl.LeaderElection (LeaderElection.java:askForVotes(178)) - e3fb79a3-1f86-42af-a80c-c46d1acdbc29@group-7855C2F36E53-LeaderElection62: begin an election at term 64 for -1: [e3fb79a3-1f86-42af-a80c-c46d1acdbc29:192.168.157.194:44142, 81ff859e-e76f-43f5-951a-4a38422068cb:192.168.157.194:46532, a9143d84-6d7f-497d-b770-eb75585db3c7:192.168.157.194:42126], old=null
2019-11-04 16:02:07,638 [grpc-default-executor-0] INFO  impl.RaftServerImpl (RaftServerImpl.java:setRole(184)) - 81ff859e-e76f-43f5-951a-4a38422068cb@group-7855C2F36E53: changes role from  FOLLOWER to FOLLOWER at term 64 for recognizeCandidate:e3fb79a3-1f86-42af-a80c-c46d1acdbc29
2019-11-04 16:02:07,638 [grpc-default-executor-5] INFO  impl.RaftServerImpl (RaftServerImpl.java:setRole(184)) - a9143d84-6d7f-497d-b770-eb75585db3c7@group-7855C2F36E53: changes role from  FOLLOWER to FOLLOWER at term 64 for recognizeCandidate:e3fb79a3-1f86-42af-a80c-c46d1acdbc29
2019-11-04 16:02:07,638 [grpc-default-executor-0] INFO  impl.RoleInfo (RoleInfo.java:shutdownFollowerState(121)) - 81ff859e-e76f-43f5-951a-4a38422068cb: shutdown FollowerState
2019-11-04 16:02:07,638 [grpc-default-executor-5] INFO  impl.RoleInfo (RoleInfo.java:shutdownFollowerState(121)) - a9143d84-6d7f-497d-b770-eb75585db3c7: shutdown FollowerState
2019-11-04 16:02:07,639 [grpc-default-executor-0] INFO  impl.RoleInfo (RoleInfo.java:updateAndGet(143)) - 81ff859e-e76f-43f5-951a-4a38422068cb: start FollowerState
2019-11-04 16:02:07,639 [Thread-617] INFO  impl.FollowerState (FollowerState.java:run(117)) - 81ff859e-e76f-43f5-951a-4a38422068cb@group-7855C2F36E53-FollowerState was interrupted: java.lang.InterruptedException: sleep interrupted
2019-11-04 16:02:07,639 [grpc-default-executor-5] INFO  impl.RoleInfo (RoleInfo.java:updateAndGet(143)) - a9143d84-6d7f-497d-b770-eb75585db3c7: start FollowerState
2019-11-04 16:02:07,639 [Thread-616] INFO  impl.FollowerState (FollowerState.java:run(117)) - a9143d84-6d7f-497d-b770-eb75585db3c7@group-7855C2F36E53-FollowerState was interrupted: java.lang.InterruptedException: sleep interrupted
2019-11-04 16:02:07,655 [e3fb79a3-1f86-42af-a80c-c46d1acdbc29@group-7855C2F36E53-LeaderElection62] INFO  impl.LeaderElection (LeaderElection.java:logAndReturn(56)) - e3fb79a3-1f86-42af-a80c-c46d1acdbc29@group-7855C2F36E53-LeaderElection62: Election REJECTED; received 2 response(s) [e3fb79a3-1f86-42af-a80c-c46d1acdbc29<-81ff859e-e76f-43f5-951a-4a38422068cb#0:FAIL-t64, e3fb79a3-1f86-42af-a80c-c46d1acdbc29<-a9143d84-6d7f-497d-b770-eb75585db3c7#0:FAIL-t64] and 0 exception(s); e3fb79a3-1f86-42af-a80c-c46d1acdbc29@group-7855C2F36E53:t64, leader=null, voted=e3fb79a3-1f86-42af-a80c-c46d1acdbc29, raftlog=e3fb79a3-1f86-42af-a80c-c46d1acdbc29@group-7855C2F36E53-SegmentedRaftLog:OPENED:c-1,f-1,i0, conf=-1: [e3fb79a3-1f86-42af-a80c-c46d1acdbc29:192.168.157.194:44142, 81ff859e-e76f-43f5-951a-4a38422068cb:192.168.157.194:46532, a9143d84-6d7f-497d-b770-eb75585db3c7:192.168.157.194:42126], old=null
2019-11-04 16:02:07,655 [e3fb79a3-1f86-42af-a80c-c46d1acdbc29@group-7855C2F36E53-LeaderElection62] INFO  impl.RaftServerImpl (RaftServerImpl.java:setRole(184)) - e3fb79a3-1f86-42af-a80c-c46d1acdbc29@group-7855C2F36E53: changes role from CANDIDATE to FOLLOWER at term 64 for DISCOVERED_A_NEW_TERM
2019-11-04 16:02:07,655 [e3fb79a3-1f86-42af-a80c-c46d1acdbc29@group-7855C2F36E53-LeaderElection62] INFO  impl.RoleInfo (RoleInfo.java:shutdownLeaderElection(134)) - e3fb79a3-1f86-42af-a80c-c46d1acdbc29: shutdown LeaderElection
2019-11-04 16:02:07,655 [e3fb79a3-1f86-42af-a80c-c46d1acdbc29@group-7855C2F36E53-LeaderElection62] INFO  impl.RoleInfo (RoleInfo.java:updateAndGet(143)) - e3fb79a3-1f86-42af-a80c-c46d1acdbc29: start FollowerState
2019-11-04 16:02:07,714 [Thread-624] INFO  impl.FollowerState (FollowerState.java:run(108)) - e3fb79a3-1f86-42af-a80c-c46d1acdbc29@group-7855C2F36E53-FollowerState: change to CANDIDATE, lastRpcTime:59ms, electionTimeout:59ms
2019-11-04 16:02:07,714 [Thread-624] INFO  impl.RoleInfo (RoleInfo.java:shutdownFollowerState(121)) - e3fb79a3-1f86-42af-a80c-c46d1acdbc29: shutdown FollowerState
2019-11-04 16:02:07,715 [Thread-624] INFO  impl.RaftServerImpl (RaftServerImpl.java:setRole(184)) - e3fb79a3-1f86-42af-a80c-c46d1acdbc29@group-7855C2F36E53: changes role from  FOLLOWER to CANDIDATE at term 64 for changeToCandidate
2019-11-04 16:02:07,715 [Thread-624] INFO  impl.RoleInfo (RoleInfo.java:updateAndGet(143)) - e3fb79a3-1f86-42af-a80c-c46d1acdbc29: start LeaderElection
2019-11-04 16:02:07,728 [e3fb79a3-1f86-42af-a80c-c46d1acdbc29@group-7855C2F36E53-LeaderElection63] INFO  impl.LeaderElection (LeaderElection.java:askForVotes(178)) - e3fb79a3-1f86-42af-a80c-c46d1acdbc29@group-7855C2F36E53-LeaderElection63: begin an election at term 65 for -1: [e3fb79a3-1f86-42af-a80c-c46d1acdbc29:192.168.157.194:44142, 81ff859e-e76f-43f5-951a-4a38422068cb:192.168.157.194:46532, a9143d84-6d7f-497d-b770-eb75585db3c7:192.168.157.194:42126], old=null
2019-11-04 16:02:07,732 [grpc-default-executor-5] INFO  impl.RaftServerImpl (RaftServerImpl.java:setRole(184)) - a9143d84-6d7f-497d-b770-eb75585db3c7@group-7855C2F36E53: changes role from  FOLLOWER to FOLLOWER at term 65 for recognizeCandidate:e3fb79a3-1f86-42af-a80c-c46d1acdbc29
2019-11-04 16:02:07,732 [grpc-default-executor-0] INFO  impl.RaftServerImpl (RaftServerImpl.java:setRole(184)) - 81ff859e-e76f-43f5-951a-4a38422068cb@group-7855C2F36E53: changes role from  FOLLOWER to FOLLOWER at term 65 for recognizeCandidate:e3fb79a3-1f86-42af-a80c-c46d1acdbc29
2019-11-04 16:02:07,732 [grpc-default-executor-5] INFO  impl.RoleInfo (RoleInfo.java:shutdownFollowerState(121)) - a9143d84-6d7f-497d-b770-eb75585db3c7: shutdown FollowerState
2019-11-04 16:02:07,732 [grpc-default-executor-0] INFO  impl.RoleInfo (RoleInfo.java:shutdownFollowerState(121)) - 81ff859e-e76f-43f5-951a-4a38422068cb: shutdown FollowerState
2019-11-04 16:02:07,733 [grpc-default-executor-5] INFO  impl.RoleInfo (RoleInfo.java:updateAndGet(143)) - a9143d84-6d7f-497d-b770-eb75585db3c7: start FollowerState
2019-11-04 16:02:07,733 [Thread-623] INFO  impl.FollowerState (FollowerState.java:run(117)) - a9143d84-6d7f-497d-b770-eb75585db3c7@group-7855C2F36E53-FollowerState was interrupted: java.lang.InterruptedException: sleep interrupted
2019-11-04 16:02:07,733 [grpc-default-executor-0] INFO  impl.RoleInfo (RoleInfo.java:updateAndGet(143)) - 81ff859e-e76f-43f5-951a-4a38422068cb: start FollowerState
2019-11-04 16:02:07,733 [Thread-622] INFO  impl.FollowerState (FollowerState.java:run(117)) - 81ff859e-e76f-43f5-951a-4a38422068cb@group-7855C2F36E53-FollowerState was interrupted: java.lang.InterruptedException: sleep interrupted
2019-11-04 16:02:07,748 [e3fb79a3-1f86-42af-a80c-c46d1acdbc29@group-7855C2F36E53-LeaderElection63] INFO  impl.LeaderElection (LeaderElection.java:logAndReturn(56)) - e3fb79a3-1f86-42af-a80c-c46d1acdbc29@group-7855C2F36E53-LeaderElection63: Election REJECTED; received 2 response(s) [e3fb79a3-1f86-42af-a80c-c46d1acdbc29<-81ff859e-e76f-43f5-951a-4a38422068cb#0:FAIL-t65, e3fb79a3-1f86-42af-a80c-c46d1acdbc29<-a9143d84-6d7f-497d-b770-eb75585db3c7#0:FAIL-t65] and 0 exception(s); e3fb79a3-1f86-42af-a80c-c46d1acdbc29@group-7855C2F36E53:t65, leader=null, voted=e3fb79a3-1f86-42af-a80c-c46d1acdbc29, raftlog=e3fb79a3-1f86-42af-a80c-c46d1acdbc29@group-7855C2F36E53-SegmentedRaftLog:OPENED:c-1,f-1,i0, conf=-1: [e3fb79a3-1f86-42af-a80c-c46d1acdbc29:192.168.157.194:44142, 81ff859e-e76f-43f5-951a-4a38422068cb:192.168.157.194:46532, a9143d84-6d7f-497d-b770-eb75585db3c7:192.168.157.194:42126], old=null
2019-11-04 16:02:07,748 [e3fb79a3-1f86-42af-a80c-c46d1acdbc29@group-7855C2F36E53-LeaderElection63] INFO  impl.RaftServerImpl (RaftServerImpl.java:setRole(184)) - e3fb79a3-1f86-42af-a80c-c46d1acdbc29@group-7855C2F36E53: changes role from CANDIDATE to FOLLOWER at term 65 for DISCOVERED_A_NEW_TERM
2019-11-04 16:02:07,748 [e3fb79a3-1f86-42af-a80c-c46d1acdbc29@group-7855C2F36E53-LeaderElection63] INFO  impl.RoleInfo (RoleInfo.java:shutdownLeaderElection(134)) - e3fb79a3-1f86-42af-a80c-c46d1acdbc29: shutdown LeaderElection
2019-11-04 16:02:07,748 [e3fb79a3-1f86-42af-a80c-c46d1acdbc29@group-7855C2F36E53-LeaderElection63] INFO  impl.RoleInfo (RoleInfo.java:updateAndGet(143)) - e3fb79a3-1f86-42af-a80c-c46d1acdbc29: start FollowerState
2019-11-04 16:02:07,783 [Thread-630] INFO  impl.FollowerState (FollowerState.java:run(108)) - e3fb79a3-1f86-42af-a80c-c46d1acdbc29@group-7855C2F36E53-FollowerState: change to CANDIDATE, lastRpcTime:34ms, electionTimeout:34ms
2019-11-04 16:02:07,785 [Thread-630] INFO  impl.RoleInfo (RoleInfo.java:shutdownFollowerState(121)) - e3fb79a3-1f86-42af-a80c-c46d1acdbc29: shutdown FollowerState
2019-11-04 16:02:07,785 [Thread-630] INFO  impl.RaftServerImpl (RaftServerImpl.java:setRole(184)) - e3fb79a3-1f86-42af-a80c-c46d1acdbc29@group-7855C2F36E53: changes role from  FOLLOWER to CANDIDATE at term 65 for changeToCandidate
2019-11-04 16:02:07,786 [Thread-630] INFO  impl.RoleInfo (RoleInfo.java:updateAndGet(143)) - e3fb79a3-1f86-42af-a80c-c46d1acdbc29: start LeaderElection
2019-11-04 16:02:07,803 [e3fb79a3-1f86-42af-a80c-c46d1acdbc29@group-7855C2F36E53-LeaderElection64] INFO  impl.LeaderElection (LeaderElection.java:askForVotes(178)) - e3fb79a3-1f86-42af-a80c-c46d1acdbc29@group-7855C2F36E53-LeaderElection64: begin an election at term 66 for -1: [e3fb79a3-1f86-42af-a80c-c46d1acdbc29:192.168.157.194:44142, 81ff859e-e76f-43f5-951a-4a38422068cb:192.168.157.194:46532, a9143d84-6d7f-497d-b770-eb75585db3c7:192.168.157.194:42126], old=null
2019-11-04 16:02:07,811 [grpc-default-executor-0] INFO  impl.RaftServerImpl (RaftServerImpl.java:setRole(184)) - 81ff859e-e76f-43f5-951a-4a38422068cb@group-7855C2F36E53: changes role from  FOLLOWER to FOLLOWER at term 66 for recognizeCandidate:e3fb79a3-1f86-42af-a80c-c46d1acdbc29
2019-11-04 16:02:07,811 [grpc-default-executor-0] INFO  impl.RoleInfo (RoleInfo.java:shutdownFollowerState(121)) - 81ff859e-e76f-43f5-951a-4a38422068cb: shutdown FollowerState
2019-11-04 16:02:07,811 [grpc-default-executor-5] INFO  impl.RaftServerImpl (RaftServerImpl.java:setRole(184)) - a9143d84-6d7f-497d-b770-eb75585db3c7@group-7855C2F36E53: changes role from  FOLLOWER to FOLLOWER at term 66 for recognizeCandidate:e3fb79a3-1f86-42af-a80c-c46d1acdbc29
2019-11-04 16:02:07,812 [grpc-default-executor-0] INFO  impl.RoleInfo (RoleInfo.java:updateAndGet(143)) - 81ff859e-e76f-43f5-951a-4a38422068cb: start FollowerState
2019-11-04 16:02:07,812 [Thread-629] INFO  impl.FollowerState (FollowerState.java:run(117)) - 81ff859e-e76f-43f5-951a-4a38422068cb@group-7855C2F36E53-FollowerState was interrupted: java.lang.InterruptedException: sleep interrupted
2019-11-04 16:02:07,812 [grpc-default-executor-5] INFO  impl.RoleInfo (RoleInfo.java:shutdownFollowerState(121)) - a9143d84-6d7f-497d-b770-eb75585db3c7: shutdown FollowerState
2019-11-04 16:02:07,812 [Thread-628] INFO  impl.FollowerState (FollowerState.java:run(117)) - a9143d84-6d7f-497d-b770-eb75585db3c7@group-7855C2F36E53-FollowerState was interrupted: java.lang.InterruptedException: sleep interrupted
2019-11-04 16:02:07,812 [grpc-default-executor-5] INFO  impl.RoleInfo (RoleInfo.java:updateAndGet(143)) - a9143d84-6d7f-497d-b770-eb75585db3c7: start FollowerState
2019-11-04 16:02:07,821 [e3fb79a3-1f86-42af-a80c-c46d1acdbc29@group-7855C2F36E53-LeaderElection64] INFO  impl.LeaderElection (LeaderElection.java:logAndReturn(56)) - e3fb79a3-1f86-42af-a80c-c46d1acdbc29@group-7855C2F36E53-LeaderElection64: Election REJECTED; received 2 response(s) [e3fb79a3-1f86-42af-a80c-c46d1acdbc29<-81ff859e-e76f-43f5-951a-4a38422068cb#0:FAIL-t66, e3fb79a3-1f86-42af-a80c-c46d1acdbc29<-a9143d84-6d7f-497d-b770-eb75585db3c7#0:FAIL-t66] and 0 exception(s); e3fb79a3-1f86-42af-a80c-c46d1acdbc29@group-7855C2F36E53:t66, leader=null, voted=e3fb79a3-1f86-42af-a80c-c46d1acdbc29, raftlog=e3fb79a3-1f86-42af-a80c-c46d1acdbc29@group-7855C2F36E53-SegmentedRaftLog:OPENED:c-1,f-1,i0, conf=-1: [e3fb79a3-1f86-42af-a80c-c46d1acdbc29:192.168.157.194:44142, 81ff859e-e76f-43f5-951a-4a38422068cb:192.168.157.194:46532, a9143d84-6d7f-497d-b770-eb75585db3c7:192.168.157.194:42126], old=null
2019-11-04 16:02:07,822 [e3fb79a3-1f86-42af-a80c-c46d1acdbc29@group-7855C2F36E53-LeaderElection64] INFO  impl.RaftServerImpl (RaftServerImpl.java:setRole(184)) - e3fb79a3-1f86-42af-a80c-c46d1acdbc29@group-7855C2F36E53: changes role from CANDIDATE to FOLLOWER at term 66 for DISCOVERED_A_NEW_TERM
2019-11-04 16:02:07,822 [e3fb79a3-1f86-42af-a80c-c46d1acdbc29@group-7855C2F36E53-LeaderElection64] INFO  impl.RoleInfo (RoleInfo.java:shutdownLeaderElection(134)) - e3fb79a3-1f86-42af-a80c-c46d1acdbc29: shutdown LeaderElection
2019-11-04 16:02:07,822 [e3fb79a3-1f86-42af-a80c-c46d1acdbc29@group-7855C2F36E53-LeaderElection64] INFO  impl.RoleInfo (RoleInfo.java:updateAndGet(143)) - e3fb79a3-1f86-42af-a80c-c46d1acdbc29: start FollowerState
2019-11-04 16:02:07,975 [Thread-636] INFO  impl.FollowerState (FollowerState.java:run(108)) - e3fb79a3-1f86-42af-a80c-c46d1acdbc29@group-7855C2F36E53-FollowerState: change to CANDIDATE, lastRpcTime:153ms, electionTimeout:153ms
2019-11-04 16:02:07,976 [Thread-636] INFO  impl.RoleInfo (RoleInfo.java:shutdownFollowerState(121)) - e3fb79a3-1f86-42af-a80c-c46d1acdbc29: shutdown FollowerState
2019-11-04 16:02:07,976 [Thread-636] INFO  impl.RaftServerImpl (RaftServerImpl.java:setRole(184)) - e3fb79a3-1f86-42af-a80c-c46d1acdbc29@group-7855C2F36E53: changes role from  FOLLOWER to CANDIDATE at term 66 for changeToCandidate
2019-11-04 16:02:07,976 [Thread-636] INFO  impl.RoleInfo (RoleInfo.java:updateAndGet(143)) - e3fb79a3-1f86-42af-a80c-c46d1acdbc29: start LeaderElection
2019-11-04 16:02:07,990 [e3fb79a3-1f86-42af-a80c-c46d1acdbc29@group-7855C2F36E53-LeaderElection65] INFO  impl.LeaderElection (LeaderElection.java:askForVotes(178)) - e3fb79a3-1f86-42af-a80c-c46d1acdbc29@group-7855C2F36E53-LeaderElection65: begin an election at term 67 for -1: [e3fb79a3-1f86-42af-a80c-c46d1acdbc29:192.168.157.194:44142, 81ff859e-e76f-43f5-951a-4a38422068cb:192.168.157.194:46532, a9143d84-6d7f-497d-b770-eb75585db3c7:192.168.157.194:42126], old=null
2019-11-04 16:02:07,993 [grpc-default-executor-0] INFO  impl.RaftServerImpl (RaftServerImpl.java:setRole(184)) - 81ff859e-e76f-43f5-951a-4a38422068cb@group-7855C2F36E53: changes role from  FOLLOWER to FOLLOWER at term 67 for recognizeCandidate:e3fb79a3-1f86-42af-a80c-c46d1acdbc29
2019-11-04 16:02:07,993 [grpc-default-executor-0] INFO  impl.RoleInfo (RoleInfo.java:shutdownFollowerState(121)) - 81ff859e-e76f-43f5-951a-4a38422068cb: shutdown FollowerState
2019-11-04 16:02:07,993 [grpc-default-executor-5] INFO  impl.RaftServerImpl (RaftServerImpl.java:setRole(184)) - a9143d84-6d7f-497d-b770-eb75585db3c7@group-7855C2F36E53: changes role from  FOLLOWER to FOLLOWER at term 67 for recognizeCandidate:e3fb79a3-1f86-42af-a80c-c46d1acdbc29
2019-11-04 16:02:07,993 [Thread-634] INFO  impl.FollowerState (FollowerState.java:run(117)) - 81ff859e-e76f-43f5-951a-4a38422068cb@group-7855C2F36E53-FollowerState was interrupted: java.lang.InterruptedException: sleep interrupted
2019-11-04 16:02:07,993 [grpc-default-executor-0] INFO  impl.RoleInfo (RoleInfo.java:updateAndGet(143)) - 81ff859e-e76f-43f5-951a-4a38422068cb: start FollowerState
2019-11-04 16:02:07,994 [grpc-default-executor-5] INFO  impl.RoleInfo (RoleInfo.java:shutdownFollowerState(121)) - a9143d84-6d7f-497d-b770-eb75585db3c7: shutdown FollowerState
2019-11-04 16:02:07,994 [Thread-635] INFO  impl.FollowerState (FollowerState.java:run(117)) - a9143d84-6d7f-497d-b770-eb75585db3c7@group-7855C2F36E53-FollowerState was interrupted: java.lang.InterruptedException: sleep interrupted
2019-11-04 16:02:07,994 [grpc-default-executor-5] INFO  impl.RoleInfo (RoleInfo.java:updateAndGet(143)) - a9143d84-6d7f-497d-b770-eb75585db3c7: start FollowerState
2019-11-04 16:02:08,008 [e3fb79a3-1f86-42af-a80c-c46d1acdbc29@group-7855C2F36E53-LeaderElection65] INFO  impl.LeaderElection (LeaderElection.java:logAndReturn(56)) - e3fb79a3-1f86-42af-a80c-c46d1acdbc29@group-7855C2F36E53-LeaderElection65: Election REJECTED; received 2 response(s) [e3fb79a3-1f86-42af-a80c-c46d1acdbc29<-81ff859e-e76f-43f5-951a-4a38422068cb#0:FAIL-t67, e3fb79a3-1f86-42af-a80c-c46d1acdbc29<-a9143d84-6d7f-497d-b770-eb75585db3c7#0:FAIL-t67] and 0 exception(s); e3fb79a3-1f86-42af-a80c-c46d1acdbc29@group-7855C2F36E53:t67, leader=null, voted=e3fb79a3-1f86-42af-a80c-c46d1acdbc29, raftlog=e3fb79a3-1f86-42af-a80c-c46d1acdbc29@group-7855C2F36E53-SegmentedRaftLog:OPENED:c-1,f-1,i0, conf=-1: [e3fb79a3-1f86-42af-a80c-c46d1acdbc29:192.168.157.194:44142, 81ff859e-e76f-43f5-951a-4a38422068cb:192.168.157.194:46532, a9143d84-6d7f-497d-b770-eb75585db3c7:192.168.157.194:42126], old=null
2019-11-04 16:02:08,009 [e3fb79a3-1f86-42af-a80c-c46d1acdbc29@group-7855C2F36E53-LeaderElection65] INFO  impl.RaftServerImpl (RaftServerImpl.java:setRole(184)) - e3fb79a3-1f86-42af-a80c-c46d1acdbc29@group-7855C2F36E53: changes role from CANDIDATE to FOLLOWER at term 67 for DISCOVERED_A_NEW_TERM
2019-11-04 16:02:08,009 [e3fb79a3-1f86-42af-a80c-c46d1acdbc29@group-7855C2F36E53-LeaderElection65] INFO  impl.RoleInfo (RoleInfo.java:shutdownLeaderElection(134)) - e3fb79a3-1f86-42af-a80c-c46d1acdbc29: shutdown LeaderElection
2019-11-04 16:02:08,009 [e3fb79a3-1f86-42af-a80c-c46d1acdbc29@group-7855C2F36E53-LeaderElection65] INFO  impl.RoleInfo (RoleInfo.java:updateAndGet(143)) - e3fb79a3-1f86-42af-a80c-c46d1acdbc29: start FollowerState
2019-11-04 16:02:08,028 [Thread-644] INFO  impl.FollowerState (FollowerState.java:run(108)) - e3fb79a3-1f86-42af-a80c-c46d1acdbc29@group-7855C2F36E53-FollowerState: change to CANDIDATE, lastRpcTime:18ms, electionTimeout:18ms
2019-11-04 16:02:08,028 [Thread-644] INFO  impl.RoleInfo (RoleInfo.java:shutdownFollowerState(121)) - e3fb79a3-1f86-42af-a80c-c46d1acdbc29: shutdown FollowerState
2019-11-04 16:02:08,028 [Thread-644] INFO  impl.RaftServerImpl (RaftServerImpl.java:setRole(184)) - e3fb79a3-1f86-42af-a80c-c46d1acdbc29@group-7855C2F36E53: changes role from  FOLLOWER to CANDIDATE at term 67 for changeToCandidate
2019-11-04 16:02:08,028 [Thread-644] INFO  impl.RoleInfo (RoleInfo.java:updateAndGet(143)) - e3fb79a3-1f86-42af-a80c-c46d1acdbc29: start LeaderElection
2019-11-04 16:02:08,042 [e3fb79a3-1f86-42af-a80c-c46d1acdbc29@group-7855C2F36E53-LeaderElection66] INFO  impl.LeaderElection (LeaderElection.java:askForVotes(178)) - e3fb79a3-1f86-42af-a80c-c46d1acdbc29@group-7855C2F36E53-LeaderElection66: begin an election at term 68 for -1: [e3fb79a3-1f86-42af-a80c-c46d1acdbc29:192.168.157.194:44142, 81ff859e-e76f-43f5-951a-4a38422068cb:192.168.157.194:46532, a9143d84-6d7f-497d-b770-eb75585db3c7:192.168.157.194:42126], old=null
2019-11-04 16:02:08,044 [grpc-default-executor-5] INFO  impl.RaftServerImpl (RaftServerImpl.java:setRole(184)) - 81ff859e-e76f-43f5-951a-4a38422068cb@group-7855C2F36E53: changes role from  FOLLOWER to FOLLOWER at term 68 for recognizeCandidate:e3fb79a3-1f86-42af-a80c-c46d1acdbc29
2019-11-04 16:02:08,044 [grpc-default-executor-5] INFO  impl.RoleInfo (RoleInfo.java:shutdownFollowerState(121)) - 81ff859e-e76f-43f5-951a-4a38422068cb: shutdown FollowerState
2019-11-04 16:02:08,044 [grpc-default-executor-0] INFO  impl.RaftServerImpl (RaftServerImpl.java:setRole(184)) - a9143d84-6d7f-497d-b770-eb75585db3c7@group-7855C2F36E53: changes role from  FOLLOWER to FOLLOWER at term 68 for recognizeCandidate:e3fb79a3-1f86-42af-a80c-c46d1acdbc29
2019-11-04 16:02:08,045 [Thread-642] INFO  impl.FollowerState (FollowerState.java:run(117)) - 81ff859e-e76f-43f5-951a-4a38422068cb@group-7855C2F36E53-FollowerState was interrupted: java.lang.InterruptedException: sleep interrupted
2019-11-04 16:02:08,045 [grpc-default-executor-5] INFO  impl.RoleInfo (RoleInfo.java:updateAndGet(143)) - 81ff859e-e76f-43f5-951a-4a38422068cb: start FollowerState
2019-11-04 16:02:08,045 [grpc-default-executor-0] INFO  impl.RoleInfo (RoleInfo.java:shutdownFollowerState(121)) - a9143d84-6d7f-497d-b770-eb75585db3c7: shutdown FollowerState
2019-11-04 16:02:08,045 [Thread-643] INFO  impl.FollowerState (FollowerState.java:run(117)) - a9143d84-6d7f-497d-b770-eb75585db3c7@group-7855C2F36E53-FollowerState was interrupted: java.lang.InterruptedException: sleep interrupted
2019-11-04 16:02:08,045 [grpc-default-executor-0] INFO  impl.RoleInfo (RoleInfo.java:updateAndGet(143)) - a9143d84-6d7f-497d-b770-eb75585db3c7: start FollowerState
2019-11-04 16:02:08,058 [e3fb79a3-1f86-42af-a80c-c46d1acdbc29@group-7855C2F36E53-LeaderElection66] INFO  impl.LeaderElection (LeaderElection.java:logAndReturn(56)) - e3fb79a3-1f86-42af-a80c-c46d1acdbc29@group-7855C2F36E53-LeaderElection66: Election REJECTED; received 2 response(s) [e3fb79a3-1f86-42af-a80c-c46d1acdbc29<-81ff859e-e76f-43f5-951a-4a38422068cb#0:FAIL-t68, e3fb79a3-1f86-42af-a80c-c46d1acdbc29<-a9143d84-6d7f-497d-b770-eb75585db3c7#0:FAIL-t68] and 0 exception(s); e3fb79a3-1f86-42af-a80c-c46d1acdbc29@group-7855C2F36E53:t68, leader=null, voted=e3fb79a3-1f86-42af-a80c-c46d1acdbc29, raftlog=e3fb79a3-1f86-42af-a80c-c46d1acdbc29@group-7855C2F36E53-SegmentedRaftLog:OPENED:c-1,f-1,i0, conf=-1: [e3fb79a3-1f86-42af-a80c-c46d1acdbc29:192.168.157.194:44142, 81ff859e-e76f-43f5-951a-4a38422068cb:192.168.157.194:46532, a9143d84-6d7f-497d-b770-eb75585db3c7:192.168.157.194:42126], old=null
2019-11-04 16:02:08,058 [e3fb79a3-1f86-42af-a80c-c46d1acdbc29@group-7855C2F36E53-LeaderElection66] INFO  impl.RaftServerImpl (RaftServerImpl.java:setRole(184)) - e3fb79a3-1f86-42af-a80c-c46d1acdbc29@group-7855C2F36E53: changes role from CANDIDATE to FOLLOWER at term 68 for DISCOVERED_A_NEW_TERM
2019-11-04 16:02:08,059 [e3fb79a3-1f86-42af-a80c-c46d1acdbc29@group-7855C2F36E53-LeaderElection66] INFO  impl.RoleInfo (RoleInfo.java:shutdownLeaderElection(134)) - e3fb79a3-1f86-42af-a80c-c46d1acdbc29: shutdown LeaderElection
2019-11-04 16:02:08,059 [e3fb79a3-1f86-42af-a80c-c46d1acdbc29@group-7855C2F36E53-LeaderElection66] INFO  impl.RoleInfo (RoleInfo.java:updateAndGet(143)) - e3fb79a3-1f86-42af-a80c-c46d1acdbc29: start FollowerState
2019-11-04 16:02:08,080 [Thread-650] INFO  impl.FollowerState (FollowerState.java:run(108)) - e3fb79a3-1f86-42af-a80c-c46d1acdbc29@group-7855C2F36E53-FollowerState: change to CANDIDATE, lastRpcTime:21ms, electionTimeout:21ms
2019-11-04 16:02:08,080 [Thread-650] INFO  impl.RoleInfo (RoleInfo.java:shutdownFollowerState(121)) - e3fb79a3-1f86-42af-a80c-c46d1acdbc29: shutdown FollowerState
2019-11-04 16:02:08,080 [Thread-650] INFO  impl.RaftServerImpl (RaftServerImpl.java:setRole(184)) - e3fb79a3-1f86-42af-a80c-c46d1acdbc29@group-7855C2F36E53: changes role from  FOLLOWER to CANDIDATE at term 68 for changeToCandidate
2019-11-04 16:02:08,080 [Thread-650] INFO  impl.RoleInfo (RoleInfo.java:updateAndGet(143)) - e3fb79a3-1f86-42af-a80c-c46d1acdbc29: start LeaderElection
2019-11-04 16:02:08,093 [e3fb79a3-1f86-42af-a80c-c46d1acdbc29@group-7855C2F36E53-LeaderElection67] INFO  impl.LeaderElection (LeaderElection.java:askForVotes(178)) - e3fb79a3-1f86-42af-a80c-c46d1acdbc29@group-7855C2F36E53-LeaderElection67: begin an election at term 69 for -1: [e3fb79a3-1f86-42af-a80c-c46d1acdbc29:192.168.157.194:44142, 81ff859e-e76f-43f5-951a-4a38422068cb:192.168.157.194:46532, a9143d84-6d7f-497d-b770-eb75585db3c7:192.168.157.194:42126], old=null
2019-11-04 16:02:08,096 [grpc-default-executor-5] INFO  impl.RaftServerImpl (RaftServerImpl.java:setRole(184)) - 81ff859e-e76f-43f5-951a-4a38422068cb@group-7855C2F36E53: changes role from  FOLLOWER to FOLLOWER at term 69 for recognizeCandidate:e3fb79a3-1f86-42af-a80c-c46d1acdbc29
2019-11-04 16:02:08,096 [grpc-default-executor-5] INFO  impl.RoleInfo (RoleInfo.java:shutdownFollowerState(121)) - 81ff859e-e76f-43f5-951a-4a38422068cb: shutdown FollowerState
2019-11-04 16:02:08,096 [grpc-default-executor-0] INFO  impl.RaftServerImpl (RaftServerImpl.java:setRole(184)) - a9143d84-6d7f-497d-b770-eb75585db3c7@group-7855C2F36E53: changes role from  FOLLOWER to FOLLOWER at term 69 for recognizeCandidate:e3fb79a3-1f86-42af-a80c-c46d1acdbc29
2019-11-04 16:02:08,096 [grpc-default-executor-0] INFO  impl.RoleInfo (RoleInfo.java:shutdownFollowerState(121)) - a9143d84-6d7f-497d-b770-eb75585db3c7: shutdown FollowerState
2019-11-04 16:02:08,096 [grpc-default-executor-5] INFO  impl.RoleInfo (RoleInfo.java:updateAndGet(143)) - 81ff859e-e76f-43f5-951a-4a38422068cb: start FollowerState
2019-11-04 16:02:08,096 [Thread-648] INFO  impl.FollowerState (FollowerState.java:run(117)) - 81ff859e-e76f-43f5-951a-4a38422068cb@group-7855C2F36E53-FollowerState was interrupted: java.lang.InterruptedException: sleep interrupted
2019-11-04 16:02:08,097 [grpc-default-executor-0] INFO  impl.RoleInfo (RoleInfo.java:updateAndGet(143)) - a9143d84-6d7f-497d-b770-eb75585db3c7: start FollowerState
2019-11-04 16:02:08,097 [Thread-649] INFO  impl.FollowerState (FollowerState.java:run(117)) - a9143d84-6d7f-497d-b770-eb75585db3c7@group-7855C2F36E53-FollowerState was interrupted: java.lang.InterruptedException: sleep interrupted
2019-11-04 16:02:08,111 [e3fb79a3-1f86-42af-a80c-c46d1acdbc29@group-7855C2F36E53-LeaderElection67] INFO  impl.LeaderElection (LeaderElection.java:logAndReturn(56)) - e3fb79a3-1f86-42af-a80c-c46d1acdbc29@group-7855C2F36E53-LeaderElection67: Election REJECTED; received 2 response(s) [e3fb79a3-1f86-42af-a80c-c46d1acdbc29<-81ff859e-e76f-43f5-951a-4a38422068cb#0:FAIL-t69, e3fb79a3-1f86-42af-a80c-c46d1acdbc29<-a9143d84-6d7f-497d-b770-eb75585db3c7#0:FAIL-t69] and 0 exception(s); e3fb79a3-1f86-42af-a80c-c46d1acdbc29@group-7855C2F36E53:t69, leader=null, voted=e3fb79a3-1f86-42af-a80c-c46d1acdbc29, raftlog=e3fb79a3-1f86-42af-a80c-c46d1acdbc29@group-7855C2F36E53-SegmentedRaftLog:OPENED:c-1,f-1,i0, conf=-1: [e3fb79a3-1f86-42af-a80c-c46d1acdbc29:192.168.157.194:44142, 81ff859e-e76f-43f5-951a-4a38422068cb:192.168.157.194:46532, a9143d84-6d7f-497d-b770-eb75585db3c7:192.168.157.194:42126], old=null
2019-11-04 16:02:08,112 [e3fb79a3-1f86-42af-a80c-c46d1acdbc29@group-7855C2F36E53-LeaderElection67] INFO  impl.RaftServerImpl (RaftServerImpl.java:setRole(184)) - e3fb79a3-1f86-42af-a80c-c46d1acdbc29@group-7855C2F36E53: changes role from CANDIDATE to FOLLOWER at term 69 for DISCOVERED_A_NEW_TERM
2019-11-04 16:02:08,112 [e3fb79a3-1f86-42af-a80c-c46d1acdbc29@group-7855C2F36E53-LeaderElection67] INFO  impl.RoleInfo (RoleInfo.java:shutdownLeaderElection(134)) - e3fb79a3-1f86-42af-a80c-c46d1acdbc29: shutdown LeaderElection
2019-11-04 16:02:08,112 [e3fb79a3-1f86-42af-a80c-c46d1acdbc29@group-7855C2F36E53-LeaderElection67] INFO  impl.RoleInfo (RoleInfo.java:updateAndGet(143)) - e3fb79a3-1f86-42af-a80c-c46d1acdbc29: start FollowerState
2019-11-04 16:02:08,263 [Thread-656] INFO  impl.FollowerState (FollowerState.java:run(108)) - e3fb79a3-1f86-42af-a80c-c46d1acdbc29@group-7855C2F36E53-FollowerState: change to CANDIDATE, lastRpcTime:151ms, electionTimeout:151ms
2019-11-04 16:02:08,263 [Thread-656] INFO  impl.RoleInfo (RoleInfo.java:shutdownFollowerState(121)) - e3fb79a3-1f86-42af-a80c-c46d1acdbc29: shutdown FollowerState
2019-11-04 16:02:08,264 [Thread-656] INFO  impl.RaftServerImpl (RaftServerImpl.java:setRole(184)) - e3fb79a3-1f86-42af-a80c-c46d1acdbc29@group-7855C2F36E53: changes role from  FOLLOWER to CANDIDATE at term 69 for changeToCandidate
2019-11-04 16:02:08,264 [Thread-656] INFO  impl.RoleInfo (RoleInfo.java:updateAndGet(143)) - e3fb79a3-1f86-42af-a80c-c46d1acdbc29: start LeaderElection
2019-11-04 16:02:08,277 [e3fb79a3-1f86-42af-a80c-c46d1acdbc29@group-7855C2F36E53-LeaderElection68] INFO  impl.LeaderElection (LeaderElection.java:askForVotes(178)) - e3fb79a3-1f86-42af-a80c-c46d1acdbc29@group-7855C2F36E53-LeaderElection68: begin an election at term 70 for -1: [e3fb79a3-1f86-42af-a80c-c46d1acdbc29:192.168.157.194:44142, 81ff859e-e76f-43f5-951a-4a38422068cb:192.168.157.194:46532, a9143d84-6d7f-497d-b770-eb75585db3c7:192.168.157.194:42126], old=null
2019-11-04 16:02:08,280 [grpc-default-executor-5] INFO  impl.RaftServerImpl (RaftServerImpl.java:setRole(184)) - 81ff859e-e76f-43f5-951a-4a38422068cb@group-7855C2F36E53: changes role from  FOLLOWER to FOLLOWER at term 70 for recognizeCandidate:e3fb79a3-1f86-42af-a80c-c46d1acdbc29
2019-11-04 16:02:08,281 [grpc-default-executor-0] INFO  impl.RaftServerImpl (RaftServerImpl.java:setRole(184)) - a9143d84-6d7f-497d-b770-eb75585db3c7@group-7855C2F36E53: changes role from  FOLLOWER to FOLLOWER at term 70 for recognizeCandidate:e3fb79a3-1f86-42af-a80c-c46d1acdbc29
2019-11-04 16:02:08,281 [grpc-default-executor-5] INFO  impl.RoleInfo (RoleInfo.java:shutdownFollowerState(121)) - 81ff859e-e76f-43f5-951a-4a38422068cb: shutdown FollowerState
2019-11-04 16:02:08,281 [grpc-default-executor-0] INFO  impl.RoleInfo (RoleInfo.java:shutdownFollowerState(121)) - a9143d84-6d7f-497d-b770-eb75585db3c7: shutdown FollowerState
2019-11-04 16:02:08,281 [grpc-default-executor-5] INFO  impl.RoleInfo (RoleInfo.java:updateAndGet(143)) - 81ff859e-e76f-43f5-951a-4a38422068cb: start FollowerState
2019-11-04 16:02:08,281 [Thread-654] INFO  impl.FollowerState (FollowerState.java:run(117)) - 81ff859e-e76f-43f5-951a-4a38422068cb@group-7855C2F36E53-FollowerState was interrupted: java.lang.InterruptedException: sleep interrupted
2019-11-04 16:02:08,281 [Thread-655] INFO  impl.FollowerState (FollowerState.java:run(117)) - a9143d84-6d7f-497d-b770-eb75585db3c7@group-7855C2F36E53-FollowerState was interrupted: java.lang.InterruptedException: sleep interrupted
2019-11-04 16:02:08,281 [grpc-default-executor-0] INFO  impl.RoleInfo (RoleInfo.java:updateAndGet(143)) - a9143d84-6d7f-497d-b770-eb75585db3c7: start FollowerState
2019-11-04 16:02:08,299 [e3fb79a3-1f86-42af-a80c-c46d1acdbc29@group-7855C2F36E53-LeaderElection68] INFO  impl.LeaderElection (LeaderElection.java:logAndReturn(56)) - e3fb79a3-1f86-42af-a80c-c46d1acdbc29@group-7855C2F36E53-LeaderElection68: Election REJECTED; received 2 response(s) [e3fb79a3-1f86-42af-a80c-c46d1acdbc29<-81ff859e-e76f-43f5-951a-4a38422068cb#0:FAIL-t70, e3fb79a3-1f86-42af-a80c-c46d1acdbc29<-a9143d84-6d7f-497d-b770-eb75585db3c7#0:FAIL-t70] and 0 exception(s); e3fb79a3-1f86-42af-a80c-c46d1acdbc29@group-7855C2F36E53:t70, leader=null, voted=e3fb79a3-1f86-42af-a80c-c46d1acdbc29, raftlog=e3fb79a3-1f86-42af-a80c-c46d1acdbc29@group-7855C2F36E53-SegmentedRaftLog:OPENED:c-1,f-1,i0, conf=-1: [e3fb79a3-1f86-42af-a80c-c46d1acdbc29:192.168.157.194:44142, 81ff859e-e76f-43f5-951a-4a38422068cb:192.168.157.194:46532, a9143d84-6d7f-497d-b770-eb75585db3c7:192.168.157.194:42126], old=null
2019-11-04 16:02:08,299 [e3fb79a3-1f86-42af-a80c-c46d1acdbc29@group-7855C2F36E53-LeaderElection68] INFO  impl.RaftServerImpl (RaftServerImpl.java:setRole(184)) - e3fb79a3-1f86-42af-a80c-c46d1acdbc29@group-7855C2F36E53: changes role from CANDIDATE to FOLLOWER at term 70 for DISCOVERED_A_NEW_TERM
2019-11-04 16:02:08,299 [e3fb79a3-1f86-42af-a80c-c46d1acdbc29@group-7855C2F36E53-LeaderElection68] INFO  impl.RoleInfo (RoleInfo.java:shutdownLeaderElection(134)) - e3fb79a3-1f86-42af-a80c-c46d1acdbc29: shutdown LeaderElection
2019-11-04 16:02:08,299 [e3fb79a3-1f86-42af-a80c-c46d1acdbc29@group-7855C2F36E53-LeaderElection68] INFO  impl.RoleInfo (RoleInfo.java:updateAndGet(143)) - e3fb79a3-1f86-42af-a80c-c46d1acdbc29: start FollowerState
2019-11-04 16:02:08,319 [Thread-662] INFO  impl.FollowerState (FollowerState.java:run(108)) - e3fb79a3-1f86-42af-a80c-c46d1acdbc29@group-7855C2F36E53-FollowerState: change to CANDIDATE, lastRpcTime:19ms, electionTimeout:19ms
2019-11-04 16:02:08,319 [Thread-662] INFO  impl.RoleInfo (RoleInfo.java:shutdownFollowerState(121)) - e3fb79a3-1f86-42af-a80c-c46d1acdbc29: shutdown FollowerState
2019-11-04 16:02:08,319 [Thread-662] INFO  impl.RaftServerImpl (RaftServerImpl.java:setRole(184)) - e3fb79a3-1f86-42af-a80c-c46d1acdbc29@group-7855C2F36E53: changes role from  FOLLOWER to CANDIDATE at term 70 for changeToCandidate
2019-11-04 16:02:08,319 [Thread-662] INFO  impl.RoleInfo (RoleInfo.java:updateAndGet(143)) - e3fb79a3-1f86-42af-a80c-c46d1acdbc29: start LeaderElection
2019-11-04 16:02:08,336 [e3fb79a3-1f86-42af-a80c-c46d1acdbc29@group-7855C2F36E53-LeaderElection69] INFO  impl.LeaderElection (LeaderElection.java:askForVotes(178)) - e3fb79a3-1f86-42af-a80c-c46d1acdbc29@group-7855C2F36E53-LeaderElection69: begin an election at term 71 for -1: [e3fb79a3-1f86-42af-a80c-c46d1acdbc29:192.168.157.194:44142, 81ff859e-e76f-43f5-951a-4a38422068cb:192.168.157.194:46532, a9143d84-6d7f-497d-b770-eb75585db3c7:192.168.157.194:42126], old=null
2019-11-04 16:02:08,339 [grpc-default-executor-0] INFO  impl.RaftServerImpl (RaftServerImpl.java:setRole(184)) - a9143d84-6d7f-497d-b770-eb75585db3c7@group-7855C2F36E53: changes role from  FOLLOWER to FOLLOWER at term 71 for recognizeCandidate:e3fb79a3-1f86-42af-a80c-c46d1acdbc29
2019-11-04 16:02:08,339 [grpc-default-executor-5] INFO  impl.RaftServerImpl (RaftServerImpl.java:setRole(184)) - 81ff859e-e76f-43f5-951a-4a38422068cb@group-7855C2F36E53: changes role from  FOLLOWER to FOLLOWER at term 71 for recognizeCandidate:e3fb79a3-1f86-42af-a80c-c46d1acdbc29
2019-11-04 16:02:08,340 [grpc-default-executor-0] INFO  impl.RoleInfo (RoleInfo.java:shutdownFollowerState(121)) - a9143d84-6d7f-497d-b770-eb75585db3c7: shutdown FollowerState
2019-11-04 16:02:08,340 [grpc-default-executor-5] INFO  impl.RoleInfo (RoleInfo.java:shutdownFollowerState(121)) - 81ff859e-e76f-43f5-951a-4a38422068cb: shutdown FollowerState
2019-11-04 16:02:08,340 [grpc-default-executor-0] INFO  impl.RoleInfo (RoleInfo.java:updateAndGet(143)) - a9143d84-6d7f-497d-b770-eb75585db3c7: start FollowerState
2019-11-04 16:02:08,340 [Thread-661] INFO  impl.FollowerState (FollowerState.java:run(117)) - a9143d84-6d7f-497d-b770-eb75585db3c7@group-7855C2F36E53-FollowerState was interrupted: java.lang.InterruptedException: sleep interrupted
2019-11-04 16:02:08,340 [grpc-default-executor-5] INFO  impl.RoleInfo (RoleInfo.java:updateAndGet(143)) - 81ff859e-e76f-43f5-951a-4a38422068cb: start FollowerState
2019-11-04 16:02:08,340 [Thread-660] INFO  impl.FollowerState (FollowerState.java:run(117)) - 81ff859e-e76f-43f5-951a-4a38422068cb@group-7855C2F36E53-FollowerState was interrupted: java.lang.InterruptedException: sleep interrupted
2019-11-04 16:02:08,355 [e3fb79a3-1f86-42af-a80c-c46d1acdbc29@group-7855C2F36E53-LeaderElection69] INFO  impl.LeaderElection (LeaderElection.java:logAndReturn(56)) - e3fb79a3-1f86-42af-a80c-c46d1acdbc29@group-7855C2F36E53-LeaderElection69: Election TIMEOUT; received 0 response(s) [] and 0 exception(s); e3fb79a3-1f86-42af-a80c-c46d1acdbc29@group-7855C2F36E53:t71, leader=null, voted=e3fb79a3-1f86-42af-a80c-c46d1acdbc29, raftlog=e3fb79a3-1f86-42af-a80c-c46d1acdbc29@group-7855C2F36E53-SegmentedRaftLog:OPENED:c-1,f-1,i0, conf=-1: [e3fb79a3-1f86-42af-a80c-c46d1acdbc29:192.168.157.194:44142, 81ff859e-e76f-43f5-951a-4a38422068cb:192.168.157.194:46532, a9143d84-6d7f-497d-b770-eb75585db3c7:192.168.157.194:42126], old=null
2019-11-04 16:02:08,370 [e3fb79a3-1f86-42af-a80c-c46d1acdbc29@group-7855C2F36E53-LeaderElection69] INFO  impl.LeaderElection (LeaderElection.java:askForVotes(178)) - e3fb79a3-1f86-42af-a80c-c46d1acdbc29@group-7855C2F36E53-LeaderElection69: begin an election at term 72 for -1: [e3fb79a3-1f86-42af-a80c-c46d1acdbc29:192.168.157.194:44142, 81ff859e-e76f-43f5-951a-4a38422068cb:192.168.157.194:46532, a9143d84-6d7f-497d-b770-eb75585db3c7:192.168.157.194:42126], old=null
2019-11-04 16:02:08,372 [grpc-default-executor-0] INFO  impl.RaftServerImpl (RaftServerImpl.java:setRole(184)) - 81ff859e-e76f-43f5-951a-4a38422068cb@group-7855C2F36E53: changes role from  FOLLOWER to FOLLOWER at term 72 for recognizeCandidate:e3fb79a3-1f86-42af-a80c-c46d1acdbc29
2019-11-04 16:02:08,372 [grpc-default-executor-0] INFO  impl.RoleInfo (RoleInfo.java:shutdownFollowerState(121)) - 81ff859e-e76f-43f5-951a-4a38422068cb: shutdown FollowerState
2019-11-04 16:02:08,372 [grpc-default-executor-5] INFO  impl.RaftServerImpl (RaftServerImpl.java:setRole(184)) - a9143d84-6d7f-497d-b770-eb75585db3c7@group-7855C2F36E53: changes role from  FOLLOWER to FOLLOWER at term 72 for recognizeCandidate:e3fb79a3-1f86-42af-a80c-c46d1acdbc29
2019-11-04 16:02:08,372 [grpc-default-executor-5] INFO  impl.RoleInfo (RoleInfo.java:shutdownFollowerState(121)) - a9143d84-6d7f-497d-b770-eb75585db3c7: shutdown FollowerState
2019-11-04 16:02:08,372 [Thread-667] INFO  impl.FollowerState (FollowerState.java:run(117)) - 81ff859e-e76f-43f5-951a-4a38422068cb@group-7855C2F36E53-FollowerState was interrupted: java.lang.InterruptedException: sleep interrupted
2019-11-04 16:02:08,373 [Thread-666] INFO  impl.FollowerState (FollowerState.java:run(117)) - a9143d84-6d7f-497d-b770-eb75585db3c7@group-7855C2F36E53-FollowerState was interrupted: java.lang.InterruptedException: sleep interrupted
2019-11-04 16:02:08,372 [grpc-default-executor-0] INFO  impl.RoleInfo (RoleInfo.java:updateAndGet(143)) - 81ff859e-e76f-43f5-951a-4a38422068cb: start FollowerState
2019-11-04 16:02:08,373 [grpc-default-executor-5] INFO  impl.RoleInfo (RoleInfo.java:updateAndGet(143)) - a9143d84-6d7f-497d-b770-eb75585db3c7: start FollowerState
2019-11-04 16:02:08,379 [e3fb79a3-1f86-42af-a80c-c46d1acdbc29@group-7855C2F36E53-LeaderElection69] INFO  impl.LeaderElection (LeaderElection.java:logAndReturn(56)) - e3fb79a3-1f86-42af-a80c-c46d1acdbc29@group-7855C2F36E53-LeaderElection69: Election REJECTED; received 2 response(s) [e3fb79a3-1f86-42af-a80c-c46d1acdbc29<-81ff859e-e76f-43f5-951a-4a38422068cb#0:FAIL-t72, e3fb79a3-1f86-42af-a80c-c46d1acdbc29<-a9143d84-6d7f-497d-b770-eb75585db3c7#0:FAIL-t72] and 0 exception(s); e3fb79a3-1f86-42af-a80c-c46d1acdbc29@group-7855C2F36E53:t72, leader=null, voted=e3fb79a3-1f86-42af-a80c-c46d1acdbc29, raftlog=e3fb79a3-1f86-42af-a80c-c46d1acdbc29@group-7855C2F36E53-SegmentedRaftLog:OPENED:c-1,f-1,i0, conf=-1: [e3fb79a3-1f86-42af-a80c-c46d1acdbc29:192.168.157.194:44142, 81ff859e-e76f-43f5-951a-4a38422068cb:192.168.157.194:46532, a9143d84-6d7f-497d-b770-eb75585db3c7:192.168.157.194:42126], old=null
2019-11-04 16:02:08,380 [e3fb79a3-1f86-42af-a80c-c46d1acdbc29@group-7855C2F36E53-LeaderElection69] INFO  impl.RaftServerImpl (RaftServerImpl.java:setRole(184)) - e3fb79a3-1f86-42af-a80c-c46d1acdbc29@group-7855C2F36E53: changes role from CANDIDATE to FOLLOWER at term 72 for DISCOVERED_A_NEW_TERM
2019-11-04 16:02:08,380 [e3fb79a3-1f86-42af-a80c-c46d1acdbc29@group-7855C2F36E53-LeaderElection69] INFO  impl.RoleInfo (RoleInfo.java:shutdownLeaderElection(134)) - e3fb79a3-1f86-42af-a80c-c46d1acdbc29: shutdown LeaderElection
2019-11-04 16:02:08,380 [e3fb79a3-1f86-42af-a80c-c46d1acdbc29@group-7855C2F36E53-LeaderElection69] INFO  impl.RoleInfo (RoleInfo.java:updateAndGet(143)) - e3fb79a3-1f86-42af-a80c-c46d1acdbc29: start FollowerState
2019-11-04 16:02:08,383 [Thread-672] INFO  impl.FollowerState (FollowerState.java:run(108)) - e3fb79a3-1f86-42af-a80c-c46d1acdbc29@group-7855C2F36E53-FollowerState: change to CANDIDATE, lastRpcTime:3ms, electionTimeout:3ms
2019-11-04 16:02:08,383 [Thread-672] INFO  impl.RoleInfo (RoleInfo.java:shutdownFollowerState(121)) - e3fb79a3-1f86-42af-a80c-c46d1acdbc29: shutdown FollowerState
2019-11-04 16:02:08,384 [Thread-672] INFO  impl.RaftServerImpl (RaftServerImpl.java:setRole(184)) - e3fb79a3-1f86-42af-a80c-c46d1acdbc29@group-7855C2F36E53: changes role from  FOLLOWER to CANDIDATE at term 72 for changeToCandidate
2019-11-04 16:02:08,384 [Thread-672] INFO  impl.RoleInfo (RoleInfo.java:updateAndGet(143)) - e3fb79a3-1f86-42af-a80c-c46d1acdbc29: start LeaderElection
2019-11-04 16:02:08,388 [e3fb79a3-1f86-42af-a80c-c46d1acdbc29@group-7855C2F36E53-LeaderElection70] INFO  impl.LeaderElection (LeaderElection.java:askForVotes(178)) - e3fb79a3-1f86-42af-a80c-c46d1acdbc29@group-7855C2F36E53-LeaderElection70: begin an election at term 73 for -1: [e3fb79a3-1f86-42af-a80c-c46d1acdbc29:192.168.157.194:44142, 81ff859e-e76f-43f5-951a-4a38422068cb:192.168.157.194:46532, a9143d84-6d7f-497d-b770-eb75585db3c7:192.168.157.194:42126], old=null
2019-11-04 16:02:08,390 [grpc-default-executor-5] INFO  impl.RaftServerImpl (RaftServerImpl.java:setRole(184)) - 81ff859e-e76f-43f5-951a-4a38422068cb@group-7855C2F36E53: changes role from  FOLLOWER to FOLLOWER at term 73 for recognizeCandidate:e3fb79a3-1f86-42af-a80c-c46d1acdbc29
2019-11-04 16:02:08,391 [grpc-default-executor-5] INFO  impl.RoleInfo (RoleInfo.java:shutdownFollowerState(121)) - 81ff859e-e76f-43f5-951a-4a38422068cb: shutdown FollowerState
2019-11-04 16:02:08,391 [grpc-default-executor-5] INFO  impl.RoleInfo (RoleInfo.java:updateAndGet(143)) - 81ff859e-e76f-43f5-951a-4a38422068cb: start FollowerState
2019-11-04 16:02:08,391 [Thread-670] INFO  impl.FollowerState (FollowerState.java:run(117)) - 81ff859e-e76f-43f5-951a-4a38422068cb@group-7855C2F36E53-FollowerState was interrupted: java.lang.InterruptedException: sleep interrupted
2019-11-04 16:02:08,391 [grpc-default-executor-0] INFO  impl.RaftServerImpl (RaftServerImpl.java:setRole(184)) - a9143d84-6d7f-497d-b770-eb75585db3c7@group-7855C2F36E53: changes role from  FOLLOWER to FOLLOWER at term 73 for recognizeCandidate:e3fb79a3-1f86-42af-a80c-c46d1acdbc29
2019-11-04 16:02:08,391 [grpc-default-executor-0] INFO  impl.RoleInfo (RoleInfo.java:shutdownFollowerState(121)) - a9143d84-6d7f-497d-b770-eb75585db3c7: shutdown FollowerState
2019-11-04 16:02:08,391 [grpc-default-executor-0] INFO  impl.RoleInfo (RoleInfo.java:updateAndGet(143)) - a9143d84-6d7f-497d-b770-eb75585db3c7: start FollowerState
2019-11-04 16:02:08,391 [Thread-671] INFO  impl.FollowerState (FollowerState.java:run(117)) - a9143d84-6d7f-497d-b770-eb75585db3c7@group-7855C2F36E53-FollowerState was interrupted: java.lang.InterruptedException: sleep interrupted
2019-11-04 16:02:08,396 [e3fb79a3-1f86-42af-a80c-c46d1acdbc29@group-7855C2F36E53-LeaderElection70] INFO  impl.LeaderElection (LeaderElection.java:logAndReturn(56)) - e3fb79a3-1f86-42af-a80c-c46d1acdbc29@group-7855C2F36E53-LeaderElection70: Election REJECTED; received 2 response(s) [e3fb79a3-1f86-42af-a80c-c46d1acdbc29<-81ff859e-e76f-43f5-951a-4a38422068cb#0:FAIL-t73, e3fb79a3-1f86-42af-a80c-c46d1acdbc29<-a9143d84-6d7f-497d-b770-eb75585db3c7#0:FAIL-t73] and 0 exception(s); e3fb79a3-1f86-42af-a80c-c46d1acdbc29@group-7855C2F36E53:t73, leader=null, voted=e3fb79a3-1f86-42af-a80c-c46d1acdbc29, raftlog=e3fb79a3-1f86-42af-a80c-c46d1acdbc29@group-7855C2F36E53-SegmentedRaftLog:OPENED:c-1,f-1,i0, conf=-1: [e3fb79a3-1f86-42af-a80c-c46d1acdbc29:192.168.157.194:44142, 81ff859e-e76f-43f5-951a-4a38422068cb:192.168.157.194:46532, a9143d84-6d7f-497d-b770-eb75585db3c7:192.168.157.194:42126], old=null
2019-11-04 16:02:08,396 [e3fb79a3-1f86-42af-a80c-c46d1acdbc29@group-7855C2F36E53-LeaderElection70] INFO  impl.RaftServerImpl (RaftServerImpl.java:setRole(184)) - e3fb79a3-1f86-42af-a80c-c46d1acdbc29@group-7855C2F36E53: changes role from CANDIDATE to FOLLOWER at term 73 for DISCOVERED_A_NEW_TERM
2019-11-04 16:02:08,397 [e3fb79a3-1f86-42af-a80c-c46d1acdbc29@group-7855C2F36E53-LeaderElection70] INFO  impl.RoleInfo (RoleInfo.java:shutdownLeaderElection(134)) - e3fb79a3-1f86-42af-a80c-c46d1acdbc29: shutdown LeaderElection
2019-11-04 16:02:08,397 [e3fb79a3-1f86-42af-a80c-c46d1acdbc29@group-7855C2F36E53-LeaderElection70] INFO  impl.RoleInfo (RoleInfo.java:updateAndGet(143)) - e3fb79a3-1f86-42af-a80c-c46d1acdbc29: start FollowerState
2019-11-04 16:02:08,570 [Thread-678] INFO  impl.FollowerState (FollowerState.java:run(108)) - e3fb79a3-1f86-42af-a80c-c46d1acdbc29@group-7855C2F36E53-FollowerState: change to CANDIDATE, lastRpcTime:173ms, electionTimeout:173ms
2019-11-04 16:02:08,570 [Thread-678] INFO  impl.RoleInfo (RoleInfo.java:shutdownFollowerState(121)) - e3fb79a3-1f86-42af-a80c-c46d1acdbc29: shutdown FollowerState
2019-11-04 16:02:08,570 [Thread-678] INFO  impl.RaftServerImpl (RaftServerImpl.java:setRole(184)) - e3fb79a3-1f86-42af-a80c-c46d1acdbc29@group-7855C2F36E53: changes role from  FOLLOWER to CANDIDATE at term 73 for changeToCandidate
2019-11-04 16:02:08,571 [Thread-678] INFO  impl.RoleInfo (RoleInfo.java:updateAndGet(143)) - e3fb79a3-1f86-42af-a80c-c46d1acdbc29: start LeaderElection
2019-11-04 16:02:08,584 [e3fb79a3-1f86-42af-a80c-c46d1acdbc29@group-7855C2F36E53-LeaderElection71] INFO  impl.LeaderElection (LeaderElection.java:askForVotes(178)) - e3fb79a3-1f86-42af-a80c-c46d1acdbc29@group-7855C2F36E53-LeaderElection71: begin an election at term 74 for -1: [e3fb79a3-1f86-42af-a80c-c46d1acdbc29:192.168.157.194:44142, 81ff859e-e76f-43f5-951a-4a38422068cb:192.168.157.194:46532, a9143d84-6d7f-497d-b770-eb75585db3c7:192.168.157.194:42126], old=null
2019-11-04 16:02:08,587 [grpc-default-executor-0] INFO  impl.RaftServerImpl (RaftServerImpl.java:setRole(184)) - 81ff859e-e76f-43f5-951a-4a38422068cb@group-7855C2F36E53: changes role from  FOLLOWER to FOLLOWER at term 74 for recognizeCandidate:e3fb79a3-1f86-42af-a80c-c46d1acdbc29
2019-11-04 16:02:08,587 [grpc-default-executor-5] INFO  impl.RaftServerImpl (RaftServerImpl.java:setRole(184)) - a9143d84-6d7f-497d-b770-eb75585db3c7@group-7855C2F36E53: changes role from  FOLLOWER to FOLLOWER at term 74 for recognizeCandidate:e3fb79a3-1f86-42af-a80c-c46d1acdbc29
2019-11-04 16:02:08,587 [grpc-default-executor-0] INFO  impl.RoleInfo (RoleInfo.java:shutdownFollowerState(121)) - 81ff859e-e76f-43f5-951a-4a38422068cb: shutdown FollowerState
2019-11-04 16:02:08,587 [grpc-default-executor-5] INFO  impl.RoleInfo (RoleInfo.java:shutdownFollowerState(121)) - a9143d84-6d7f-497d-b770-eb75585db3c7: shutdown FollowerState
2019-11-04 16:02:08,588 [Thread-676] INFO  impl.FollowerState (FollowerState.java:run(117)) - 81ff859e-e76f-43f5-951a-4a38422068cb@group-7855C2F36E53-FollowerState was interrupted: java.lang.InterruptedException: sleep interrupted
2019-11-04 16:02:08,588 [grpc-default-executor-0] INFO  impl.RoleInfo (RoleInfo.java:updateAndGet(143)) - 81ff859e-e76f-43f5-951a-4a38422068cb: start FollowerState
2019-11-04 16:02:08,588 [grpc-default-executor-5] INFO  impl.RoleInfo (RoleInfo.java:updateAndGet(143)) - a9143d84-6d7f-497d-b770-eb75585db3c7: start FollowerState
2019-11-04 16:02:08,588 [Thread-677] INFO  impl.FollowerState (FollowerState.java:run(117)) - a9143d84-6d7f-497d-b770-eb75585db3c7@group-7855C2F36E53-FollowerState was interrupted: java.lang.InterruptedException: sleep interrupted
2019-11-04 16:02:08,603 [e3fb79a3-1f86-42af-a80c-c46d1acdbc29@group-7855C2F36E53-LeaderElection71] INFO  impl.LeaderElection (LeaderElection.java:logAndReturn(56)) - e3fb79a3-1f86-42af-a80c-c46d1acdbc29@group-7855C2F36E53-LeaderElection71: Election REJECTED; received 2 response(s) [e3fb79a3-1f86-42af-a80c-c46d1acdbc29<-81ff859e-e76f-43f5-951a-4a38422068cb#0:FAIL-t74, e3fb79a3-1f86-42af-a80c-c46d1acdbc29<-a9143d84-6d7f-497d-b770-eb75585db3c7#0:FAIL-t74] and 0 exception(s); e3fb79a3-1f86-42af-a80c-c46d1acdbc29@group-7855C2F36E53:t74, leader=null, voted=e3fb79a3-1f86-42af-a80c-c46d1acdbc29, raftlog=e3fb79a3-1f86-42af-a80c-c46d1acdbc29@group-7855C2F36E53-SegmentedRaftLog:OPENED:c-1,f-1,i0, conf=-1: [e3fb79a3-1f86-42af-a80c-c46d1acdbc29:192.168.157.194:44142, 81ff859e-e76f-43f5-951a-4a38422068cb:192.168.157.194:46532, a9143d84-6d7f-497d-b770-eb75585db3c7:192.168.157.194:42126], old=null
2019-11-04 16:02:08,603 [e3fb79a3-1f86-42af-a80c-c46d1acdbc29@group-7855C2F36E53-LeaderElection71] INFO  impl.RaftServerImpl (RaftServerImpl.java:setRole(184)) - e3fb79a3-1f86-42af-a80c-c46d1acdbc29@group-7855C2F36E53: changes role from CANDIDATE to FOLLOWER at term 74 for DISCOVERED_A_NEW_TERM
2019-11-04 16:02:08,603 [e3fb79a3-1f86-42af-a80c-c46d1acdbc29@group-7855C2F36E53-LeaderElection71] INFO  impl.RoleInfo (RoleInfo.java:shutdownLeaderElection(134)) - e3fb79a3-1f86-42af-a80c-c46d1acdbc29: shutdown LeaderElection
2019-11-04 16:02:08,603 [e3fb79a3-1f86-42af-a80c-c46d1acdbc29@group-7855C2F36E53-LeaderElection71] INFO  impl.RoleInfo (RoleInfo.java:updateAndGet(143)) - e3fb79a3-1f86-42af-a80c-c46d1acdbc29: start FollowerState
2019-11-04 16:02:08,730 [Thread-684] INFO  impl.FollowerState (FollowerState.java:run(108)) - e3fb79a3-1f86-42af-a80c-c46d1acdbc29@group-7855C2F36E53-FollowerState: change to CANDIDATE, lastRpcTime:126ms, electionTimeout:126ms
2019-11-04 16:02:08,730 [Thread-684] INFO  impl.RoleInfo (RoleInfo.java:shutdownFollowerState(121)) - e3fb79a3-1f86-42af-a80c-c46d1acdbc29: shutdown FollowerState
2019-11-04 16:02:08,730 [Thread-684] INFO  impl.RaftServerImpl (RaftServerImpl.java:setRole(184)) - e3fb79a3-1f86-42af-a80c-c46d1acdbc29@group-7855C2F36E53: changes role from  FOLLOWER to CANDIDATE at term 74 for changeToCandidate
2019-11-04 16:02:08,730 [Thread-684] INFO  impl.RoleInfo (RoleInfo.java:updateAndGet(143)) - e3fb79a3-1f86-42af-a80c-c46d1acdbc29: start LeaderElection
2019-11-04 16:02:08,745 [e3fb79a3-1f86-42af-a80c-c46d1acdbc29@group-7855C2F36E53-LeaderElection72] INFO  impl.LeaderElection (LeaderElection.java:askForVotes(178)) - e3fb79a3-1f86-42af-a80c-c46d1acdbc29@group-7855C2F36E53-LeaderElection72: begin an election at term 75 for -1: [e3fb79a3-1f86-42af-a80c-c46d1acdbc29:192.168.157.194:44142, 81ff859e-e76f-43f5-951a-4a38422068cb:192.168.157.194:46532, a9143d84-6d7f-497d-b770-eb75585db3c7:192.168.157.194:42126], old=null
2019-11-04 16:02:08,748 [grpc-default-executor-0] INFO  impl.RaftServerImpl (RaftServerImpl.java:setRole(184)) - 81ff859e-e76f-43f5-951a-4a38422068cb@group-7855C2F36E53: changes role from  FOLLOWER to FOLLOWER at term 75 for recognizeCandidate:e3fb79a3-1f86-42af-a80c-c46d1acdbc29
2019-11-04 16:02:08,748 [grpc-default-executor-5] INFO  impl.RaftServerImpl (RaftServerImpl.java:setRole(184)) - a9143d84-6d7f-497d-b770-eb75585db3c7@group-7855C2F36E53: changes role from  FOLLOWER to FOLLOWER at term 75 for recognizeCandidate:e3fb79a3-1f86-42af-a80c-c46d1acdbc29
2019-11-04 16:02:08,748 [grpc-default-executor-0] INFO  impl.RoleInfo (RoleInfo.java:shutdownFollowerState(121)) - 81ff859e-e76f-43f5-951a-4a38422068cb: shutdown FollowerState
2019-11-04 16:02:08,748 [grpc-default-executor-5] INFO  impl.RoleInfo (RoleInfo.java:shutdownFollowerState(121)) - a9143d84-6d7f-497d-b770-eb75585db3c7: shutdown FollowerState
2019-11-04 16:02:08,749 [Thread-682] INFO  impl.FollowerState (FollowerState.java:run(117)) - 81ff859e-e76f-43f5-951a-4a38422068cb@group-7855C2F36E53-FollowerState was interrupted: java.lang.InterruptedException: sleep interrupted
2019-11-04 16:02:08,749 [grpc-default-executor-0] INFO  impl.RoleInfo (RoleInfo.java:updateAndGet(143)) - 81ff859e-e76f-43f5-951a-4a38422068cb: start FollowerState
2019-11-04 16:02:08,749 [Thread-683] INFO  impl.FollowerState (FollowerState.java:run(117)) - a9143d84-6d7f-497d-b770-eb75585db3c7@group-7855C2F36E53-FollowerState was interrupted: java.lang.InterruptedException: sleep interrupted
2019-11-04 16:02:08,749 [grpc-default-executor-5] INFO  impl.RoleInfo (RoleInfo.java:updateAndGet(143)) - a9143d84-6d7f-497d-b770-eb75585db3c7: start FollowerState
2019-11-04 16:02:08,773 [e3fb79a3-1f86-42af-a80c-c46d1acdbc29@group-7855C2F36E53-LeaderElection72] INFO  impl.LeaderElection (LeaderElection.java:logAndReturn(56)) - e3fb79a3-1f86-42af-a80c-c46d1acdbc29@group-7855C2F36E53-LeaderElection72: Election REJECTED; received 2 response(s) [e3fb79a3-1f86-42af-a80c-c46d1acdbc29<-81ff859e-e76f-43f5-951a-4a38422068cb#0:FAIL-t75, e3fb79a3-1f86-42af-a80c-c46d1acdbc29<-a9143d84-6d7f-497d-b770-eb75585db3c7#0:FAIL-t75] and 0 exception(s); e3fb79a3-1f86-42af-a80c-c46d1acdbc29@group-7855C2F36E53:t75, leader=null, voted=e3fb79a3-1f86-42af-a80c-c46d1acdbc29, raftlog=e3fb79a3-1f86-42af-a80c-c46d1acdbc29@group-7855C2F36E53-SegmentedRaftLog:OPENED:c-1,f-1,i0, conf=-1: [e3fb79a3-1f86-42af-a80c-c46d1acdbc29:192.168.157.194:44142, 81ff859e-e76f-43f5-951a-4a38422068cb:192.168.157.194:46532, a9143d84-6d7f-497d-b770-eb75585db3c7:192.168.157.194:42126], old=null
2019-11-04 16:02:08,773 [e3fb79a3-1f86-42af-a80c-c46d1acdbc29@group-7855C2F36E53-LeaderElection72] INFO  impl.RaftServerImpl (RaftServerImpl.java:setRole(184)) - e3fb79a3-1f86-42af-a80c-c46d1acdbc29@group-7855C2F36E53: changes role from CANDIDATE to FOLLOWER at term 75 for DISCOVERED_A_NEW_TERM
2019-11-04 16:02:08,773 [e3fb79a3-1f86-42af-a80c-c46d1acdbc29@group-7855C2F36E53-LeaderElection72] INFO  impl.RoleInfo (RoleInfo.java:shutdownLeaderElection(134)) - e3fb79a3-1f86-42af-a80c-c46d1acdbc29: shutdown LeaderElection
2019-11-04 16:02:08,773 [e3fb79a3-1f86-42af-a80c-c46d1acdbc29@group-7855C2F36E53-LeaderElection72] INFO  impl.RoleInfo (RoleInfo.java:updateAndGet(143)) - e3fb79a3-1f86-42af-a80c-c46d1acdbc29: start FollowerState
2019-11-04 16:02:08,791 [Thread-690] INFO  impl.FollowerState (FollowerState.java:run(108)) - e3fb79a3-1f86-42af-a80c-c46d1acdbc29@group-7855C2F36E53-FollowerState: change to CANDIDATE, lastRpcTime:17ms, electionTimeout:17ms
2019-11-04 16:02:08,791 [Thread-690] INFO  impl.RoleInfo (RoleInfo.java:shutdownFollowerState(121)) - e3fb79a3-1f86-42af-a80c-c46d1acdbc29: shutdown FollowerState
2019-11-04 16:02:08,791 [Thread-690] INFO  impl.RaftServerImpl (RaftServerImpl.java:setRole(184)) - e3fb79a3-1f86-42af-a80c-c46d1acdbc29@group-7855C2F36E53: changes role from  FOLLOWER to CANDIDATE at term 75 for changeToCandidate
2019-11-04 16:02:08,791 [Thread-690] INFO  impl.RoleInfo (RoleInfo.java:updateAndGet(143)) - e3fb79a3-1f86-42af-a80c-c46d1acdbc29: start LeaderElection
2019-11-04 16:02:08,805 [e3fb79a3-1f86-42af-a80c-c46d1acdbc29@group-7855C2F36E53-LeaderElection73] INFO  impl.LeaderElection (LeaderElection.java:askForVotes(178)) - e3fb79a3-1f86-42af-a80c-c46d1acdbc29@group-7855C2F36E53-LeaderElection73: begin an election at term 76 for -1: [e3fb79a3-1f86-42af-a80c-c46d1acdbc29:192.168.157.194:44142, 81ff859e-e76f-43f5-951a-4a38422068cb:192.168.157.194:46532, a9143d84-6d7f-497d-b770-eb75585db3c7:192.168.157.194:42126], old=null
2019-11-04 16:02:08,808 [grpc-default-executor-0] INFO  impl.RaftServerImpl (RaftServerImpl.java:setRole(184)) - 81ff859e-e76f-43f5-951a-4a38422068cb@group-7855C2F36E53: changes role from  FOLLOWER to FOLLOWER at term 76 for recognizeCandidate:e3fb79a3-1f86-42af-a80c-c46d1acdbc29
2019-11-04 16:02:08,808 [grpc-default-executor-5] INFO  impl.RaftServerImpl (RaftServerImpl.java:setRole(184)) - a9143d84-6d7f-497d-b770-eb75585db3c7@group-7855C2F36E53: changes role from  FOLLOWER to FOLLOWER at term 76 for recognizeCandidate:e3fb79a3-1f86-42af-a80c-c46d1acdbc29
2019-11-04 16:02:08,808 [grpc-default-executor-0] INFO  impl.RoleInfo (RoleInfo.java:shutdownFollowerState(121)) - 81ff859e-e76f-43f5-951a-4a38422068cb: shutdown FollowerState
2019-11-04 16:02:08,808 [grpc-default-executor-5] INFO  impl.RoleInfo (RoleInfo.java:shutdownFollowerState(121)) - a9143d84-6d7f-497d-b770-eb75585db3c7: shutdown FollowerState
2019-11-04 16:02:08,808 [Thread-688] INFO  impl.FollowerState (FollowerState.java:run(117)) - 81ff859e-e76f-43f5-951a-4a38422068cb@group-7855C2F36E53-FollowerState was interrupted: java.lang.InterruptedException: sleep interrupted
2019-11-04 16:02:08,808 [grpc-default-executor-0] INFO  impl.RoleInfo (RoleInfo.java:updateAndGet(143)) - 81ff859e-e76f-43f5-951a-4a38422068cb: start FollowerState
2019-11-04 16:02:08,808 [Thread-689] INFO  impl.FollowerState (FollowerState.java:run(117)) - a9143d84-6d7f-497d-b770-eb75585db3c7@group-7855C2F36E53-FollowerState was interrupted: java.lang.InterruptedException: sleep interrupted
2019-11-04 16:02:08,808 [grpc-default-executor-5] INFO  impl.RoleInfo (RoleInfo.java:updateAndGet(143)) - a9143d84-6d7f-497d-b770-eb75585db3c7: start FollowerState
2019-11-04 16:02:08,823 [e3fb79a3-1f86-42af-a80c-c46d1acdbc29@group-7855C2F36E53-LeaderElection73] INFO  impl.LeaderElection (LeaderElection.java:logAndReturn(56)) - e3fb79a3-1f86-42af-a80c-c46d1acdbc29@group-7855C2F36E53-LeaderElection73: Election REJECTED; received 2 response(s) [e3fb79a3-1f86-42af-a80c-c46d1acdbc29<-81ff859e-e76f-43f5-951a-4a38422068cb#0:FAIL-t76, e3fb79a3-1f86-42af-a80c-c46d1acdbc29<-a9143d84-6d7f-497d-b770-eb75585db3c7#0:FAIL-t76] and 0 exception(s); e3fb79a3-1f86-42af-a80c-c46d1acdbc29@group-7855C2F36E53:t76, leader=null, voted=e3fb79a3-1f86-42af-a80c-c46d1acdbc29, raftlog=e3fb79a3-1f86-42af-a80c-c46d1acdbc29@group-7855C2F36E53-SegmentedRaftLog:OPENED:c-1,f-1,i0, conf=-1: [e3fb79a3-1f86-42af-a80c-c46d1acdbc29:192.168.157.194:44142, 81ff859e-e76f-43f5-951a-4a38422068cb:192.168.157.194:46532, a9143d84-6d7f-497d-b770-eb75585db3c7:192.168.157.194:42126], old=null
2019-11-04 16:02:08,823 [e3fb79a3-1f86-42af-a80c-c46d1acdbc29@group-7855C2F36E53-LeaderElection73] INFO  impl.RaftServerImpl (RaftServerImpl.java:setRole(184)) - e3fb79a3-1f86-42af-a80c-c46d1acdbc29@group-7855C2F36E53: changes role from CANDIDATE to FOLLOWER at term 76 for DISCOVERED_A_NEW_TERM
2019-11-04 16:02:08,823 [e3fb79a3-1f86-42af-a80c-c46d1acdbc29@group-7855C2F36E53-LeaderElection73] INFO  impl.RoleInfo (RoleInfo.java:shutdownLeaderElection(134)) - e3fb79a3-1f86-42af-a80c-c46d1acdbc29: shutdown LeaderElection
2019-11-04 16:02:08,824 [e3fb79a3-1f86-42af-a80c-c46d1acdbc29@group-7855C2F36E53-LeaderElection73] INFO  impl.RoleInfo (RoleInfo.java:updateAndGet(143)) - e3fb79a3-1f86-42af-a80c-c46d1acdbc29: start FollowerState
2019-11-04 16:02:08,873 [Thread-696] INFO  impl.FollowerState (FollowerState.java:run(108)) - e3fb79a3-1f86-42af-a80c-c46d1acdbc29@group-7855C2F36E53-FollowerState: change to CANDIDATE, lastRpcTime:49ms, electionTimeout:49ms
2019-11-04 16:02:08,873 [Thread-696] INFO  impl.RoleInfo (RoleInfo.java:shutdownFollowerState(121)) - e3fb79a3-1f86-42af-a80c-c46d1acdbc29: shutdown FollowerState
2019-11-04 16:02:08,873 [Thread-696] INFO  impl.RaftServerImpl (RaftServerImpl.java:setRole(184)) - e3fb79a3-1f86-42af-a80c-c46d1acdbc29@group-7855C2F36E53: changes role from  FOLLOWER to CANDIDATE at term 76 for changeToCandidate
2019-11-04 16:02:08,873 [Thread-696] INFO  impl.RoleInfo (RoleInfo.java:updateAndGet(143)) - e3fb79a3-1f86-42af-a80c-c46d1acdbc29: start LeaderElection
2019-11-04 16:02:08,888 [e3fb79a3-1f86-42af-a80c-c46d1acdbc29@group-7855C2F36E53-LeaderElection74] INFO  impl.LeaderElection (LeaderElection.java:askForVotes(178)) - e3fb79a3-1f86-42af-a80c-c46d1acdbc29@group-7855C2F36E53-LeaderElection74: begin an election at term 77 for -1: [e3fb79a3-1f86-42af-a80c-c46d1acdbc29:192.168.157.194:44142, 81ff859e-e76f-43f5-951a-4a38422068cb:192.168.157.194:46532, a9143d84-6d7f-497d-b770-eb75585db3c7:192.168.157.194:42126], old=null
2019-11-04 16:02:08,893 [grpc-default-executor-5] INFO  impl.RaftServerImpl (RaftServerImpl.java:setRole(184)) - 81ff859e-e76f-43f5-951a-4a38422068cb@group-7855C2F36E53: changes role from  FOLLOWER to FOLLOWER at term 77 for recognizeCandidate:e3fb79a3-1f86-42af-a80c-c46d1acdbc29
2019-11-04 16:02:08,893 [grpc-default-executor-5] INFO  impl.RoleInfo (RoleInfo.java:shutdownFollowerState(121)) - 81ff859e-e76f-43f5-951a-4a38422068cb: shutdown FollowerState
2019-11-04 16:02:08,893 [grpc-default-executor-0] INFO  impl.RaftServerImpl (RaftServerImpl.java:setRole(184)) - a9143d84-6d7f-497d-b770-eb75585db3c7@group-7855C2F36E53: changes role from  FOLLOWER to FOLLOWER at term 77 for recognizeCandidate:e3fb79a3-1f86-42af-a80c-c46d1acdbc29
2019-11-04 16:02:08,894 [Thread-694] INFO  impl.FollowerState (FollowerState.java:run(117)) - 81ff859e-e76f-43f5-951a-4a38422068cb@group-7855C2F36E53-FollowerState was interrupted: java.lang.InterruptedException: sleep interrupted
2019-11-04 16:02:08,893 [grpc-default-executor-5] INFO  impl.RoleInfo (RoleInfo.java:updateAndGet(143)) - 81ff859e-e76f-43f5-951a-4a38422068cb: start FollowerState
2019-11-04 16:02:08,894 [grpc-default-executor-0] INFO  impl.RoleInfo (RoleInfo.java:shutdownFollowerState(121)) - a9143d84-6d7f-497d-b770-eb75585db3c7: shutdown FollowerState
2019-11-04 16:02:08,894 [grpc-default-executor-0] INFO  impl.RoleInfo (RoleInfo.java:updateAndGet(143)) - a9143d84-6d7f-497d-b770-eb75585db3c7: start FollowerState
2019-11-04 16:02:08,894 [Thread-695] INFO  impl.FollowerState (FollowerState.java:run(117)) - a9143d84-6d7f-497d-b770-eb75585db3c7@group-7855C2F36E53-FollowerState was interrupted: java.lang.InterruptedException: sleep interrupted
2019-11-04 16:02:08,909 [e3fb79a3-1f86-42af-a80c-c46d1acdbc29@group-7855C2F36E53-LeaderElection74] INFO  impl.LeaderElection (LeaderElection.java:logAndReturn(56)) - e3fb79a3-1f86-42af-a80c-c46d1acdbc29@group-7855C2F36E53-LeaderElection74: Election REJECTED; received 2 response(s) [e3fb79a3-1f86-42af-a80c-c46d1acdbc29<-81ff859e-e76f-43f5-951a-4a38422068cb#0:FAIL-t77, e3fb79a3-1f86-42af-a80c-c46d1acdbc29<-a9143d84-6d7f-497d-b770-eb75585db3c7#0:FAIL-t77] and 0 exception(s); e3fb79a3-1f86-42af-a80c-c46d1acdbc29@group-7855C2F36E53:t77, leader=null, voted=e3fb79a3-1f86-42af-a80c-c46d1acdbc29, raftlog=e3fb79a3-1f86-42af-a80c-c46d1acdbc29@group-7855C2F36E53-SegmentedRaftLog:OPENED:c-1,f-1,i0, conf=-1: [e3fb79a3-1f86-42af-a80c-c46d1acdbc29:192.168.157.194:44142, 81ff859e-e76f-43f5-951a-4a38422068cb:192.168.157.194:46532, a9143d84-6d7f-497d-b770-eb75585db3c7:192.168.157.194:42126], old=null
2019-11-04 16:02:08,909 [e3fb79a3-1f86-42af-a80c-c46d1acdbc29@group-7855C2F36E53-LeaderElection74] INFO  impl.RaftServerImpl (RaftServerImpl.java:setRole(184)) - e3fb79a3-1f86-42af-a80c-c46d1acdbc29@group-7855C2F36E53: changes role from CANDIDATE to FOLLOWER at term 77 for DISCOVERED_A_NEW_TERM
2019-11-04 16:02:08,909 [e3fb79a3-1f86-42af-a80c-c46d1acdbc29@group-7855C2F36E53-LeaderElection74] INFO  impl.RoleInfo (RoleInfo.java:shutdownLeaderElection(134)) - e3fb79a3-1f86-42af-a80c-c46d1acdbc29: shutdown LeaderElection
2019-11-04 16:02:08,910 [e3fb79a3-1f86-42af-a80c-c46d1acdbc29@group-7855C2F36E53-LeaderElection74] INFO  impl.RoleInfo (RoleInfo.java:updateAndGet(143)) - e3fb79a3-1f86-42af-a80c-c46d1acdbc29: start FollowerState
2019-11-04 16:02:08,940 [Thread-704] INFO  impl.FollowerState (FollowerState.java:run(108)) - e3fb79a3-1f86-42af-a80c-c46d1acdbc29@group-7855C2F36E53-FollowerState: change to CANDIDATE, lastRpcTime:30ms, electionTimeout:30ms
2019-11-04 16:02:08,940 [Thread-704] INFO  impl.RoleInfo (RoleInfo.java:shutdownFollowerState(121)) - e3fb79a3-1f86-42af-a80c-c46d1acdbc29: shutdown FollowerState
2019-11-04 16:02:08,941 [Thread-704] INFO  impl.RaftServerImpl (RaftServerImpl.java:setRole(184)) - e3fb79a3-1f86-42af-a80c-c46d1acdbc29@group-7855C2F36E53: changes role from  FOLLOWER to CANDIDATE at term 77 for changeToCandidate
2019-11-04 16:02:08,941 [Thread-704] INFO  impl.RoleInfo (RoleInfo.java:updateAndGet(143)) - e3fb79a3-1f86-42af-a80c-c46d1acdbc29: start LeaderElection
2019-11-04 16:02:08,966 [e3fb79a3-1f86-42af-a80c-c46d1acdbc29@group-7855C2F36E53-LeaderElection75] INFO  impl.LeaderElection (LeaderElection.java:askForVotes(178)) - e3fb79a3-1f86-42af-a80c-c46d1acdbc29@group-7855C2F36E53-LeaderElection75: begin an election at term 78 for -1: [e3fb79a3-1f86-42af-a80c-c46d1acdbc29:192.168.157.194:44142, 81ff859e-e76f-43f5-951a-4a38422068cb:192.168.157.194:46532, a9143d84-6d7f-497d-b770-eb75585db3c7:192.168.157.194:42126], old=null
2019-11-04 16:02:08,969 [grpc-default-executor-0] INFO  impl.RaftServerImpl (RaftServerImpl.java:setRole(184)) - 81ff859e-e76f-43f5-951a-4a38422068cb@group-7855C2F36E53: changes role from  FOLLOWER to FOLLOWER at term 78 for recognizeCandidate:e3fb79a3-1f86-42af-a80c-c46d1acdbc29
2019-11-04 16:02:08,969 [grpc-default-executor-5] INFO  impl.RaftServerImpl (RaftServerImpl.java:setRole(184)) - a9143d84-6d7f-497d-b770-eb75585db3c7@group-7855C2F36E53: changes role from  FOLLOWER to FOLLOWER at term 78 for recognizeCandidate:e3fb79a3-1f86-42af-a80c-c46d1acdbc29
2019-11-04 16:02:08,970 [grpc-default-executor-0] INFO  impl.RoleInfo (RoleInfo.java:shutdownFollowerState(121)) - 81ff859e-e76f-43f5-951a-4a38422068cb: shutdown FollowerState
2019-11-04 16:02:08,970 [grpc-default-executor-5] INFO  impl.RoleInfo (RoleInfo.java:shutdownFollowerState(121)) - a9143d84-6d7f-497d-b770-eb75585db3c7: shutdown FollowerState
2019-11-04 16:02:08,970 [Thread-702] INFO  impl.FollowerState (FollowerState.java:run(117)) - 81ff859e-e76f-43f5-951a-4a38422068cb@group-7855C2F36E53-FollowerState was interrupted: java.lang.InterruptedException: sleep interrupted
2019-11-04 16:02:08,970 [Thread-703] INFO  impl.FollowerState (FollowerState.java:run(117)) - a9143d84-6d7f-497d-b770-eb75585db3c7@group-7855C2F36E53-FollowerState was interrupted: java.lang.InterruptedException: sleep interrupted
2019-11-04 16:02:08,970 [grpc-default-executor-0] INFO  impl.RoleInfo (RoleInfo.java:updateAndGet(143)) - 81ff859e-e76f-43f5-951a-4a38422068cb: start FollowerState
2019-11-04 16:02:08,970 [grpc-default-executor-5] INFO  impl.RoleInfo (RoleInfo.java:updateAndGet(143)) - a9143d84-6d7f-497d-b770-eb75585db3c7: start FollowerState
2019-11-04 16:02:08,987 [e3fb79a3-1f86-42af-a80c-c46d1acdbc29@group-7855C2F36E53-LeaderElection75] INFO  impl.LeaderElection (LeaderElection.java:logAndReturn(56)) - e3fb79a3-1f86-42af-a80c-c46d1acdbc29@group-7855C2F36E53-LeaderElection75: Election REJECTED; received 2 response(s) [e3fb79a3-1f86-42af-a80c-c46d1acdbc29<-81ff859e-e76f-43f5-951a-4a38422068cb#0:FAIL-t78, e3fb79a3-1f86-42af-a80c-c46d1acdbc29<-a9143d84-6d7f-497d-b770-eb75585db3c7#0:FAIL-t78] and 0 exception(s); e3fb79a3-1f86-42af-a80c-c46d1acdbc29@group-7855C2F36E53:t78, leader=null, voted=e3fb79a3-1f86-42af-a80c-c46d1acdbc29, raftlog=e3fb79a3-1f86-42af-a80c-c46d1acdbc29@group-7855C2F36E53-SegmentedRaftLog:OPENED:c-1,f-1,i0, conf=-1: [e3fb79a3-1f86-42af-a80c-c46d1acdbc29:192.168.157.194:44142, 81ff859e-e76f-43f5-951a-4a38422068cb:192.168.157.194:46532, a9143d84-6d7f-497d-b770-eb75585db3c7:192.168.157.194:42126], old=null
2019-11-04 16:02:08,988 [e3fb79a3-1f86-42af-a80c-c46d1acdbc29@group-7855C2F36E53-LeaderElection75] INFO  impl.RaftServerImpl (RaftServerImpl.java:setRole(184)) - e3fb79a3-1f86-42af-a80c-c46d1acdbc29@group-7855C2F36E53: changes role from CANDIDATE to FOLLOWER at term 78 for DISCOVERED_A_NEW_TERM
2019-11-04 16:02:08,988 [e3fb79a3-1f86-42af-a80c-c46d1acdbc29@group-7855C2F36E53-LeaderElection75] INFO  impl.RoleInfo (RoleInfo.java:shutdownLeaderElection(134)) - e3fb79a3-1f86-42af-a80c-c46d1acdbc29: shutdown LeaderElection
2019-11-04 16:02:08,988 [e3fb79a3-1f86-42af-a80c-c46d1acdbc29@group-7855C2F36E53-LeaderElection75] INFO  impl.RoleInfo (RoleInfo.java:updateAndGet(143)) - e3fb79a3-1f86-42af-a80c-c46d1acdbc29: start FollowerState
2019-11-04 16:02:09,030 [Thread-710] INFO  impl.FollowerState (FollowerState.java:run(108)) - e3fb79a3-1f86-42af-a80c-c46d1acdbc29@group-7855C2F36E53-FollowerState: change to CANDIDATE, lastRpcTime:41ms, electionTimeout:41ms
2019-11-04 16:02:09,030 [Thread-710] INFO  impl.RoleInfo (RoleInfo.java:shutdownFollowerState(121)) - e3fb79a3-1f86-42af-a80c-c46d1acdbc29: shutdown FollowerState
2019-11-04 16:02:09,030 [Thread-710] INFO  impl.RaftServerImpl (RaftServerImpl.java:setRole(184)) - e3fb79a3-1f86-42af-a80c-c46d1acdbc29@group-7855C2F36E53: changes role from  FOLLOWER to CANDIDATE at term 78 for changeToCandidate
2019-11-04 16:02:09,031 [Thread-710] INFO  impl.RoleInfo (RoleInfo.java:updateAndGet(143)) - e3fb79a3-1f86-42af-a80c-c46d1acdbc29: start LeaderElection
2019-11-04 16:02:09,043 [e3fb79a3-1f86-42af-a80c-c46d1acdbc29@group-7855C2F36E53-LeaderElection76] INFO  impl.LeaderElection (LeaderElection.java:askForVotes(178)) - e3fb79a3-1f86-42af-a80c-c46d1acdbc29@group-7855C2F36E53-LeaderElection76: begin an election at term 79 for -1: [e3fb79a3-1f86-42af-a80c-c46d1acdbc29:192.168.157.194:44142, 81ff859e-e76f-43f5-951a-4a38422068cb:192.168.157.194:46532, a9143d84-6d7f-497d-b770-eb75585db3c7:192.168.157.194:42126], old=null
2019-11-04 16:02:09,046 [grpc-default-executor-5] INFO  impl.RaftServerImpl (RaftServerImpl.java:setRole(184)) - 81ff859e-e76f-43f5-951a-4a38422068cb@group-7855C2F36E53: changes role from  FOLLOWER to FOLLOWER at term 79 for recognizeCandidate:e3fb79a3-1f86-42af-a80c-c46d1acdbc29
2019-11-04 16:02:09,046 [grpc-default-executor-0] INFO  impl.RaftServerImpl (RaftServerImpl.java:setRole(184)) - a9143d84-6d7f-497d-b770-eb75585db3c7@group-7855C2F36E53: changes role from  FOLLOWER to FOLLOWER at term 79 for recognizeCandidate:e3fb79a3-1f86-42af-a80c-c46d1acdbc29
2019-11-04 16:02:09,046 [grpc-default-executor-5] INFO  impl.RoleInfo (RoleInfo.java:shutdownFollowerState(121)) - 81ff859e-e76f-43f5-951a-4a38422068cb: shutdown FollowerState
2019-11-04 16:02:09,047 [grpc-default-executor-0] INFO  impl.RoleInfo (RoleInfo.java:shutdownFollowerState(121)) - a9143d84-6d7f-497d-b770-eb75585db3c7: shutdown FollowerState
2019-11-04 16:02:09,047 [grpc-default-executor-5] INFO  impl.RoleInfo (RoleInfo.java:updateAndGet(143)) - 81ff859e-e76f-43f5-951a-4a38422068cb: start FollowerState
2019-11-04 16:02:09,047 [Thread-708] INFO  impl.FollowerState (FollowerState.java:run(117)) - 81ff859e-e76f-43f5-951a-4a38422068cb@group-7855C2F36E53-FollowerState was interrupted: java.lang.InterruptedException: sleep interrupted
2019-11-04 16:02:09,047 [Thread-709] INFO  impl.FollowerState (FollowerState.java:run(117)) - a9143d84-6d7f-497d-b770-eb75585db3c7@group-7855C2F36E53-FollowerState was interrupted: java.lang.InterruptedException: sleep interrupted
2019-11-04 16:02:09,047 [grpc-default-executor-0] INFO  impl.RoleInfo (RoleInfo.java:updateAndGet(143)) - a9143d84-6d7f-497d-b770-eb75585db3c7: start FollowerState
2019-11-04 16:02:09,074 [e3fb79a3-1f86-42af-a80c-c46d1acdbc29@group-7855C2F36E53-LeaderElection76] INFO  impl.LeaderElection (LeaderElection.java:logAndReturn(56)) - e3fb79a3-1f86-42af-a80c-c46d1acdbc29@group-7855C2F36E53-LeaderElection76: Election REJECTED; received 2 response(s) [e3fb79a3-1f86-42af-a80c-c46d1acdbc29<-81ff859e-e76f-43f5-951a-4a38422068cb#0:FAIL-t79, e3fb79a3-1f86-42af-a80c-c46d1acdbc29<-a9143d84-6d7f-497d-b770-eb75585db3c7#0:FAIL-t79] and 0 exception(s); e3fb79a3-1f86-42af-a80c-c46d1acdbc29@group-7855C2F36E53:t79, leader=null, voted=e3fb79a3-1f86-42af-a80c-c46d1acdbc29, raftlog=e3fb79a3-1f86-42af-a80c-c46d1acdbc29@group-7855C2F36E53-SegmentedRaftLog:OPENED:c-1,f-1,i0, conf=-1: [e3fb79a3-1f86-42af-a80c-c46d1acdbc29:192.168.157.194:44142, 81ff859e-e76f-43f5-951a-4a38422068cb:192.168.157.194:46532, a9143d84-6d7f-497d-b770-eb75585db3c7:192.168.157.194:42126], old=null
2019-11-04 16:02:09,074 [e3fb79a3-1f86-42af-a80c-c46d1acdbc29@group-7855C2F36E53-LeaderElection76] INFO  impl.RaftServerImpl (RaftServerImpl.java:setRole(184)) - e3fb79a3-1f86-42af-a80c-c46d1acdbc29@group-7855C2F36E53: changes role from CANDIDATE to FOLLOWER at term 79 for DISCOVERED_A_NEW_TERM
2019-11-04 16:02:09,074 [e3fb79a3-1f86-42af-a80c-c46d1acdbc29@group-7855C2F36E53-LeaderElection76] INFO  impl.RoleInfo (RoleInfo.java:shutdownLeaderElection(134)) - e3fb79a3-1f86-42af-a80c-c46d1acdbc29: shutdown LeaderElection
2019-11-04 16:02:09,074 [e3fb79a3-1f86-42af-a80c-c46d1acdbc29@group-7855C2F36E53-LeaderElection76] INFO  impl.RoleInfo (RoleInfo.java:updateAndGet(143)) - e3fb79a3-1f86-42af-a80c-c46d1acdbc29: start FollowerState
2019-11-04 16:02:09,168 [Thread-716] INFO  impl.FollowerState (FollowerState.java:run(108)) - e3fb79a3-1f86-42af-a80c-c46d1acdbc29@group-7855C2F36E53-FollowerState: change to CANDIDATE, lastRpcTime:93ms, electionTimeout:93ms
2019-11-04 16:02:09,168 [Thread-716] INFO  impl.RoleInfo (RoleInfo.java:shutdownFollowerState(121)) - e3fb79a3-1f86-42af-a80c-c46d1acdbc29: shutdown FollowerState
2019-11-04 16:02:09,168 [Thread-716] INFO  impl.RaftServerImpl (RaftServerImpl.java:setRole(184)) - e3fb79a3-1f86-42af-a80c-c46d1acdbc29@group-7855C2F36E53: changes role from  FOLLOWER to CANDIDATE at term 79 for changeToCandidate
2019-11-04 16:02:09,168 [Thread-716] INFO  impl.RoleInfo (RoleInfo.java:updateAndGet(143)) - e3fb79a3-1f86-42af-a80c-c46d1acdbc29: start LeaderElection
2019-11-04 16:02:09,246 [e3fb79a3-1f86-42af-a80c-c46d1acdbc29@group-7855C2F36E53-LeaderElection77] INFO  impl.LeaderElection (LeaderElection.java:askForVotes(178)) - e3fb79a3-1f86-42af-a80c-c46d1acdbc29@group-7855C2F36E53-LeaderElection77: begin an election at term 80 for -1: [e3fb79a3-1f86-42af-a80c-c46d1acdbc29:192.168.157.194:44142, 81ff859e-e76f-43f5-951a-4a38422068cb:192.168.157.194:46532, a9143d84-6d7f-497d-b770-eb75585db3c7:192.168.157.194:42126], old=null
2019-11-04 16:02:09,249 [grpc-default-executor-5] INFO  impl.RaftServerImpl (RaftServerImpl.java:setRole(184)) - 81ff859e-e76f-43f5-951a-4a38422068cb@group-7855C2F36E53: changes role from  FOLLOWER to FOLLOWER at term 80 for recognizeCandidate:e3fb79a3-1f86-42af-a80c-c46d1acdbc29
2019-11-04 16:02:09,249 [grpc-default-executor-0] INFO  impl.RaftServerImpl (RaftServerImpl.java:setRole(184)) - a9143d84-6d7f-497d-b770-eb75585db3c7@group-7855C2F36E53: changes role from  FOLLOWER to FOLLOWER at term 80 for recognizeCandidate:e3fb79a3-1f86-42af-a80c-c46d1acdbc29
2019-11-04 16:02:09,249 [grpc-default-executor-5] INFO  impl.RoleInfo (RoleInfo.java:shutdownFollowerState(121)) - 81ff859e-e76f-43f5-951a-4a38422068cb: shutdown FollowerState
2019-11-04 16:02:09,250 [grpc-default-executor-0] INFO  impl.RoleInfo (RoleInfo.java:shutdownFollowerState(121)) - a9143d84-6d7f-497d-b770-eb75585db3c7: shutdown FollowerState
2019-11-04 16:02:09,250 [Thread-714] INFO  impl.FollowerState (FollowerState.java:run(117)) - 81ff859e-e76f-43f5-951a-4a38422068cb@group-7855C2F36E53-FollowerState was interrupted: java.lang.InterruptedException: sleep interrupted
2019-11-04 16:02:09,250 [Thread-715] INFO  impl.FollowerState (FollowerState.java:run(117)) - a9143d84-6d7f-497d-b770-eb75585db3c7@group-7855C2F36E53-FollowerState was interrupted: java.lang.InterruptedException: sleep interrupted
2019-11-04 16:02:09,250 [grpc-default-executor-5] INFO  impl.RoleInfo (RoleInfo.java:updateAndGet(143)) - 81ff859e-e76f-43f5-951a-4a38422068cb: start FollowerState
2019-11-04 16:02:09,250 [grpc-default-executor-0] INFO  impl.RoleInfo (RoleInfo.java:updateAndGet(143)) - a9143d84-6d7f-497d-b770-eb75585db3c7: start FollowerState
2019-11-04 16:02:09,274 [e3fb79a3-1f86-42af-a80c-c46d1acdbc29@group-7855C2F36E53-LeaderElection77] INFO  impl.LeaderElection (LeaderElection.java:logAndReturn(56)) - e3fb79a3-1f86-42af-a80c-c46d1acdbc29@group-7855C2F36E53-LeaderElection77: Election TIMEOUT; received 0 response(s) [] and 0 exception(s); e3fb79a3-1f86-42af-a80c-c46d1acdbc29@group-7855C2F36E53:t80, leader=null, voted=e3fb79a3-1f86-42af-a80c-c46d1acdbc29, raftlog=e3fb79a3-1f86-42af-a80c-c46d1acdbc29@group-7855C2F36E53-SegmentedRaftLog:OPENED:c-1,f-1,i0, conf=-1: [e3fb79a3-1f86-42af-a80c-c46d1acdbc29:192.168.157.194:44142, 81ff859e-e76f-43f5-951a-4a38422068cb:192.168.157.194:46532, a9143d84-6d7f-497d-b770-eb75585db3c7:192.168.157.194:42126], old=null
2019-11-04 16:02:09,283 [e3fb79a3-1f86-42af-a80c-c46d1acdbc29@group-7855C2F36E53-LeaderElection77] INFO  impl.LeaderElection (LeaderElection.java:askForVotes(178)) - e3fb79a3-1f86-42af-a80c-c46d1acdbc29@group-7855C2F36E53-LeaderElection77: begin an election at term 81 for -1: [e3fb79a3-1f86-42af-a80c-c46d1acdbc29:192.168.157.194:44142, 81ff859e-e76f-43f5-951a-4a38422068cb:192.168.157.194:46532, a9143d84-6d7f-497d-b770-eb75585db3c7:192.168.157.194:42126], old=null
2019-11-04 16:02:09,286 [grpc-default-executor-0] INFO  impl.RaftServerImpl (RaftServerImpl.java:setRole(184)) - 81ff859e-e76f-43f5-951a-4a38422068cb@group-7855C2F36E53: changes role from  FOLLOWER to FOLLOWER at term 81 for recognizeCandidate:e3fb79a3-1f86-42af-a80c-c46d1acdbc29
2019-11-04 16:02:09,286 [grpc-default-executor-5] INFO  impl.RaftServerImpl (RaftServerImpl.java:setRole(184)) - a9143d84-6d7f-497d-b770-eb75585db3c7@group-7855C2F36E53: changes role from  FOLLOWER to FOLLOWER at term 81 for recognizeCandidate:e3fb79a3-1f86-42af-a80c-c46d1acdbc29
2019-11-04 16:02:09,286 [grpc-default-executor-0] INFO  impl.RoleInfo (RoleInfo.java:shutdownFollowerState(121)) - 81ff859e-e76f-43f5-951a-4a38422068cb: shutdown FollowerState
2019-11-04 16:02:09,286 [grpc-default-executor-5] INFO  impl.RoleInfo (RoleInfo.java:shutdownFollowerState(121)) - a9143d84-6d7f-497d-b770-eb75585db3c7: shutdown FollowerState
2019-11-04 16:02:09,287 [Thread-721] INFO  impl.FollowerState (FollowerState.java:run(117)) - 81ff859e-e76f-43f5-951a-4a38422068cb@group-7855C2F36E53-FollowerState was interrupted: java.lang.InterruptedException: sleep interrupted
2019-11-04 16:02:09,287 [grpc-default-executor-0] INFO  impl.RoleInfo (RoleInfo.java:updateAndGet(143)) - 81ff859e-e76f-43f5-951a-4a38422068cb: start FollowerState
2019-11-04 16:02:09,287 [Thread-722] INFO  impl.FollowerState (FollowerState.java:run(117)) - a9143d84-6d7f-497d-b770-eb75585db3c7@group-7855C2F36E53-FollowerState was interrupted: java.lang.InterruptedException: sleep interrupted
2019-11-04 16:02:09,287 [grpc-default-executor-5] INFO  impl.RoleInfo (RoleInfo.java:updateAndGet(143)) - a9143d84-6d7f-497d-b770-eb75585db3c7: start FollowerState
2019-11-04 16:02:09,299 [e3fb79a3-1f86-42af-a80c-c46d1acdbc29@group-7855C2F36E53-LeaderElection77] INFO  impl.LeaderElection (LeaderElection.java:logAndReturn(56)) - e3fb79a3-1f86-42af-a80c-c46d1acdbc29@group-7855C2F36E53-LeaderElection77: Election REJECTED; received 2 response(s) [e3fb79a3-1f86-42af-a80c-c46d1acdbc29<-81ff859e-e76f-43f5-951a-4a38422068cb#0:FAIL-t81, e3fb79a3-1f86-42af-a80c-c46d1acdbc29<-a9143d84-6d7f-497d-b770-eb75585db3c7#0:FAIL-t81] and 0 exception(s); e3fb79a3-1f86-42af-a80c-c46d1acdbc29@group-7855C2F36E53:t81, leader=null, voted=e3fb79a3-1f86-42af-a80c-c46d1acdbc29, raftlog=e3fb79a3-1f86-42af-a80c-c46d1acdbc29@group-7855C2F36E53-SegmentedRaftLog:OPENED:c-1,f-1,i0, conf=-1: [e3fb79a3-1f86-42af-a80c-c46d1acdbc29:192.168.157.194:44142, 81ff859e-e76f-43f5-951a-4a38422068cb:192.168.157.194:46532, a9143d84-6d7f-497d-b770-eb75585db3c7:192.168.157.194:42126], old=null
2019-11-04 16:02:09,300 [e3fb79a3-1f86-42af-a80c-c46d1acdbc29@group-7855C2F36E53-LeaderElection77] INFO  impl.RaftServerImpl (RaftServerImpl.java:setRole(184)) - e3fb79a3-1f86-42af-a80c-c46d1acdbc29@group-7855C2F36E53: changes role from CANDIDATE to FOLLOWER at term 81 for DISCOVERED_A_NEW_TERM
2019-11-04 16:02:09,300 [e3fb79a3-1f86-42af-a80c-c46d1acdbc29@group-7855C2F36E53-LeaderElection77] INFO  impl.RoleInfo (RoleInfo.java:shutdownLeaderElection(134)) - e3fb79a3-1f86-42af-a80c-c46d1acdbc29: shutdown LeaderElection
2019-11-04 16:02:09,300 [e3fb79a3-1f86-42af-a80c-c46d1acdbc29@group-7855C2F36E53-LeaderElection77] INFO  impl.RoleInfo (RoleInfo.java:updateAndGet(143)) - e3fb79a3-1f86-42af-a80c-c46d1acdbc29: start FollowerState
2019-11-04 16:02:09,421 [Thread-727] INFO  impl.FollowerState (FollowerState.java:run(108)) - e3fb79a3-1f86-42af-a80c-c46d1acdbc29@group-7855C2F36E53-FollowerState: change to CANDIDATE, lastRpcTime:121ms, electionTimeout:121ms
2019-11-04 16:02:09,422 [Thread-727] INFO  impl.RoleInfo (RoleInfo.java:shutdownFollowerState(121)) - e3fb79a3-1f86-42af-a80c-c46d1acdbc29: shutdown FollowerState
2019-11-04 16:02:09,422 [Thread-727] INFO  impl.RaftServerImpl (RaftServerImpl.java:setRole(184)) - e3fb79a3-1f86-42af-a80c-c46d1acdbc29@group-7855C2F36E53: changes role from  FOLLOWER to CANDIDATE at term 81 for changeToCandidate
2019-11-04 16:02:09,422 [Thread-727] INFO  impl.RoleInfo (RoleInfo.java:updateAndGet(143)) - e3fb79a3-1f86-42af-a80c-c46d1acdbc29: start LeaderElection
2019-11-04 16:02:09,430 [e3fb79a3-1f86-42af-a80c-c46d1acdbc29@group-7855C2F36E53-LeaderElection78] INFO  impl.LeaderElection (LeaderElection.java:askForVotes(178)) - e3fb79a3-1f86-42af-a80c-c46d1acdbc29@group-7855C2F36E53-LeaderElection78: begin an election at term 82 for -1: [e3fb79a3-1f86-42af-a80c-c46d1acdbc29:192.168.157.194:44142, 81ff859e-e76f-43f5-951a-4a38422068cb:192.168.157.194:46532, a9143d84-6d7f-497d-b770-eb75585db3c7:192.168.157.194:42126], old=null
2019-11-04 16:02:09,436 [grpc-default-executor-0] INFO  impl.RaftServerImpl (RaftServerImpl.java:setRole(184)) - a9143d84-6d7f-497d-b770-eb75585db3c7@group-7855C2F36E53: changes role from  FOLLOWER to FOLLOWER at term 82 for recognizeCandidate:e3fb79a3-1f86-42af-a80c-c46d1acdbc29
2019-11-04 16:02:09,436 [grpc-default-executor-5] INFO  impl.RaftServerImpl (RaftServerImpl.java:setRole(184)) - 81ff859e-e76f-43f5-951a-4a38422068cb@group-7855C2F36E53: changes role from  FOLLOWER to FOLLOWER at term 82 for recognizeCandidate:e3fb79a3-1f86-42af-a80c-c46d1acdbc29
2019-11-04 16:02:09,436 [grpc-default-executor-0] INFO  impl.RoleInfo (RoleInfo.java:shutdownFollowerState(121)) - a9143d84-6d7f-497d-b770-eb75585db3c7: shutdown FollowerState
2019-11-04 16:02:09,436 [grpc-default-executor-5] INFO  impl.RoleInfo (RoleInfo.java:shutdownFollowerState(121)) - 81ff859e-e76f-43f5-951a-4a38422068cb: shutdown FollowerState
2019-11-04 16:02:09,437 [Thread-726] INFO  impl.FollowerState (FollowerState.java:run(117)) - a9143d84-6d7f-497d-b770-eb75585db3c7@group-7855C2F36E53-FollowerState was interrupted: java.lang.InterruptedException: sleep interrupted
2019-11-04 16:02:09,437 [grpc-default-executor-0] INFO  impl.RoleInfo (RoleInfo.java:updateAndGet(143)) - a9143d84-6d7f-497d-b770-eb75585db3c7: start FollowerState
2019-11-04 16:02:09,437 [Thread-725] INFO  impl.FollowerState (FollowerState.java:run(117)) - 81ff859e-e76f-43f5-951a-4a38422068cb@group-7855C2F36E53-FollowerState was interrupted: java.lang.InterruptedException: sleep interrupted
2019-11-04 16:02:09,437 [grpc-default-executor-5] INFO  impl.RoleInfo (RoleInfo.java:updateAndGet(143)) - 81ff859e-e76f-43f5-951a-4a38422068cb: start FollowerState
2019-11-04 16:02:09,446 [e3fb79a3-1f86-42af-a80c-c46d1acdbc29@group-7855C2F36E53-LeaderElection78] INFO  impl.LeaderElection (LeaderElection.java:logAndReturn(56)) - e3fb79a3-1f86-42af-a80c-c46d1acdbc29@group-7855C2F36E53-LeaderElection78: Election REJECTED; received 2 response(s) [e3fb79a3-1f86-42af-a80c-c46d1acdbc29<-81ff859e-e76f-43f5-951a-4a38422068cb#0:FAIL-t82, e3fb79a3-1f86-42af-a80c-c46d1acdbc29<-a9143d84-6d7f-497d-b770-eb75585db3c7#0:FAIL-t82] and 0 exception(s); e3fb79a3-1f86-42af-a80c-c46d1acdbc29@group-7855C2F36E53:t82, leader=null, voted=e3fb79a3-1f86-42af-a80c-c46d1acdbc29, raftlog=e3fb79a3-1f86-42af-a80c-c46d1acdbc29@group-7855C2F36E53-SegmentedRaftLog:OPENED:c-1,f-1,i0, conf=-1: [e3fb79a3-1f86-42af-a80c-c46d1acdbc29:192.168.157.194:44142, 81ff859e-e76f-43f5-951a-4a38422068cb:192.168.157.194:46532, a9143d84-6d7f-497d-b770-eb75585db3c7:192.168.157.194:42126], old=null
2019-11-04 16:02:09,446 [e3fb79a3-1f86-42af-a80c-c46d1acdbc29@group-7855C2F36E53-LeaderElection78] INFO  impl.RaftServerImpl (RaftServerImpl.java:setRole(184)) - e3fb79a3-1f86-42af-a80c-c46d1acdbc29@group-7855C2F36E53: changes role from CANDIDATE to FOLLOWER at term 82 for DISCOVERED_A_NEW_TERM
2019-11-04 16:02:09,447 [e3fb79a3-1f86-42af-a80c-c46d1acdbc29@group-7855C2F36E53-LeaderElection78] INFO  impl.RoleInfo (RoleInfo.java:shutdownLeaderElection(134)) - e3fb79a3-1f86-42af-a80c-c46d1acdbc29: shutdown LeaderElection
2019-11-04 16:02:09,447 [e3fb79a3-1f86-42af-a80c-c46d1acdbc29@group-7855C2F36E53-LeaderElection78] INFO  impl.RoleInfo (RoleInfo.java:updateAndGet(143)) - e3fb79a3-1f86-42af-a80c-c46d1acdbc29: start FollowerState
2019-11-04 16:02:09,614 [Thread-733] INFO  impl.FollowerState (FollowerState.java:run(108)) - e3fb79a3-1f86-42af-a80c-c46d1acdbc29@group-7855C2F36E53-FollowerState: change to CANDIDATE, lastRpcTime:167ms, electionTimeout:167ms
2019-11-04 16:02:09,614 [Thread-733] INFO  impl.RoleInfo (RoleInfo.java:shutdownFollowerState(121)) - e3fb79a3-1f86-42af-a80c-c46d1acdbc29: shutdown FollowerState
2019-11-04 16:02:09,615 [Thread-733] INFO  impl.RaftServerImpl (RaftServerImpl.java:setRole(184)) - e3fb79a3-1f86-42af-a80c-c46d1acdbc29@group-7855C2F36E53: changes role from  FOLLOWER to CANDIDATE at term 82 for changeToCandidate
2019-11-04 16:02:09,615 [Thread-733] INFO  impl.RoleInfo (RoleInfo.java:updateAndGet(143)) - e3fb79a3-1f86-42af-a80c-c46d1acdbc29: start LeaderElection
2019-11-04 16:02:09,621 [e3fb79a3-1f86-42af-a80c-c46d1acdbc29@group-7855C2F36E53-LeaderElection79] INFO  impl.LeaderElection (LeaderElection.java:askForVotes(178)) - e3fb79a3-1f86-42af-a80c-c46d1acdbc29@group-7855C2F36E53-LeaderElection79: begin an election at term 83 for -1: [e3fb79a3-1f86-42af-a80c-c46d1acdbc29:192.168.157.194:44142, 81ff859e-e76f-43f5-951a-4a38422068cb:192.168.157.194:46532, a9143d84-6d7f-497d-b770-eb75585db3c7:192.168.157.194:42126], old=null
2019-11-04 16:02:09,625 [grpc-default-executor-0] INFO  impl.RaftServerImpl (RaftServerImpl.java:setRole(184)) - 81ff859e-e76f-43f5-951a-4a38422068cb@group-7855C2F36E53: changes role from  FOLLOWER to FOLLOWER at term 83 for recognizeCandidate:e3fb79a3-1f86-42af-a80c-c46d1acdbc29
2019-11-04 16:02:09,625 [grpc-default-executor-5] INFO  impl.RaftServerImpl (RaftServerImpl.java:setRole(184)) - a9143d84-6d7f-497d-b770-eb75585db3c7@group-7855C2F36E53: changes role from  FOLLOWER to FOLLOWER at term 83 for recognizeCandidate:e3fb79a3-1f86-42af-a80c-c46d1acdbc29
2019-11-04 16:02:09,625 [grpc-default-executor-0] INFO  impl.RoleInfo (RoleInfo.java:shutdownFollowerState(121)) - 81ff859e-e76f-43f5-951a-4a38422068cb: shutdown FollowerState
2019-11-04 16:02:09,625 [grpc-default-executor-5] INFO  impl.RoleInfo (RoleInfo.java:shutdownFollowerState(121)) - a9143d84-6d7f-497d-b770-eb75585db3c7: shutdown FollowerState
2019-11-04 16:02:09,625 [Thread-732] INFO  impl.FollowerState (FollowerState.java:run(117)) - 81ff859e-e76f-43f5-951a-4a38422068cb@group-7855C2F36E53-FollowerState was interrupted: java.lang.InterruptedException: sleep interrupted
2019-11-04 16:02:09,625 [grpc-default-executor-0] INFO  impl.RoleInfo (RoleInfo.java:updateAndGet(143)) - 81ff859e-e76f-43f5-951a-4a38422068cb: start FollowerState
2019-11-04 16:02:09,625 [grpc-default-executor-5] INFO  impl.RoleInfo (RoleInfo.java:updateAndGet(143)) - a9143d84-6d7f-497d-b770-eb75585db3c7: start FollowerState
2019-11-04 16:02:09,625 [Thread-731] INFO  impl.FollowerState (FollowerState.java:run(117)) - a9143d84-6d7f-497d-b770-eb75585db3c7@group-7855C2F36E53-FollowerState was interrupted: java.lang.InterruptedException: sleep interrupted
2019-11-04 16:02:09,641 [e3fb79a3-1f86-42af-a80c-c46d1acdbc29@group-7855C2F36E53-LeaderElection79] INFO  impl.LeaderElection (LeaderElection.java:logAndReturn(56)) - e3fb79a3-1f86-42af-a80c-c46d1acdbc29@group-7855C2F36E53-LeaderElection79: Election REJECTED; received 2 response(s) [e3fb79a3-1f86-42af-a80c-c46d1acdbc29<-81ff859e-e76f-43f5-951a-4a38422068cb#0:FAIL-t83, e3fb79a3-1f86-42af-a80c-c46d1acdbc29<-a9143d84-6d7f-497d-b770-eb75585db3c7#0:FAIL-t83] and 0 exception(s); e3fb79a3-1f86-42af-a80c-c46d1acdbc29@group-7855C2F36E53:t83, leader=null, voted=e3fb79a3-1f86-42af-a80c-c46d1acdbc29, raftlog=e3fb79a3-1f86-42af-a80c-c46d1acdbc29@group-7855C2F36E53-SegmentedRaftLog:OPENED:c-1,f-1,i0, conf=-1: [e3fb79a3-1f86-42af-a80c-c46d1acdbc29:192.168.157.194:44142, 81ff859e-e76f-43f5-951a-4a38422068cb:192.168.157.194:46532, a9143d84-6d7f-497d-b770-eb75585db3c7:192.168.157.194:42126], old=null
2019-11-04 16:02:09,641 [e3fb79a3-1f86-42af-a80c-c46d1acdbc29@group-7855C2F36E53-LeaderElection79] INFO  impl.RaftServerImpl (RaftServerImpl.java:setRole(184)) - e3fb79a3-1f86-42af-a80c-c46d1acdbc29@group-7855C2F36E53: changes role from CANDIDATE to FOLLOWER at term 83 for DISCOVERED_A_NEW_TERM
2019-11-04 16:02:09,641 [e3fb79a3-1f86-42af-a80c-c46d1acdbc29@group-7855C2F36E53-LeaderElection79] INFO  impl.RoleInfo (RoleInfo.java:shutdownLeaderElection(134)) - e3fb79a3-1f86-42af-a80c-c46d1acdbc29: shutdown LeaderElection
2019-11-04 16:02:09,641 [e3fb79a3-1f86-42af-a80c-c46d1acdbc29@group-7855C2F36E53-LeaderElection79] INFO  impl.RoleInfo (RoleInfo.java:updateAndGet(143)) - e3fb79a3-1f86-42af-a80c-c46d1acdbc29: start FollowerState
2019-11-04 16:02:09,828 [Thread-739] INFO  impl.FollowerState (FollowerState.java:run(108)) - e3fb79a3-1f86-42af-a80c-c46d1acdbc29@group-7855C2F36E53-FollowerState: change to CANDIDATE, lastRpcTime:186ms, electionTimeout:186ms
2019-11-04 16:02:09,828 [Thread-739] INFO  impl.RoleInfo (RoleInfo.java:shutdownFollowerState(121)) - e3fb79a3-1f86-42af-a80c-c46d1acdbc29: shutdown FollowerState
2019-11-04 16:02:09,828 [Thread-739] INFO  impl.RaftServerImpl (RaftServerImpl.java:setRole(184)) - e3fb79a3-1f86-42af-a80c-c46d1acdbc29@group-7855C2F36E53: changes role from  FOLLOWER to CANDIDATE at term 83 for changeToCandidate
2019-11-04 16:02:09,828 [Thread-739] INFO  impl.RoleInfo (RoleInfo.java:updateAndGet(143)) - e3fb79a3-1f86-42af-a80c-c46d1acdbc29: start LeaderElection
2019-11-04 16:02:09,839 [e3fb79a3-1f86-42af-a80c-c46d1acdbc29@group-7855C2F36E53-LeaderElection80] INFO  impl.LeaderElection (LeaderElection.java:askForVotes(178)) - e3fb79a3-1f86-42af-a80c-c46d1acdbc29@group-7855C2F36E53-LeaderElection80: begin an election at term 84 for -1: [e3fb79a3-1f86-42af-a80c-c46d1acdbc29:192.168.157.194:44142, 81ff859e-e76f-43f5-951a-4a38422068cb:192.168.157.194:46532, a9143d84-6d7f-497d-b770-eb75585db3c7:192.168.157.194:42126], old=null
2019-11-04 16:02:09,842 [grpc-default-executor-5] INFO  impl.RaftServerImpl (RaftServerImpl.java:setRole(184)) - 81ff859e-e76f-43f5-951a-4a38422068cb@group-7855C2F36E53: changes role from  FOLLOWER to FOLLOWER at term 84 for recognizeCandidate:e3fb79a3-1f86-42af-a80c-c46d1acdbc29
2019-11-04 16:02:09,843 [grpc-default-executor-5] INFO  impl.RoleInfo (RoleInfo.java:shutdownFollowerState(121)) - 81ff859e-e76f-43f5-951a-4a38422068cb: shutdown FollowerState
2019-11-04 16:02:09,843 [grpc-default-executor-5] INFO  impl.RoleInfo (RoleInfo.java:updateAndGet(143)) - 81ff859e-e76f-43f5-951a-4a38422068cb: start FollowerState
2019-11-04 16:02:09,843 [Thread-737] INFO  impl.FollowerState (FollowerState.java:run(117)) - 81ff859e-e76f-43f5-951a-4a38422068cb@group-7855C2F36E53-FollowerState was interrupted: java.lang.InterruptedException: sleep interrupted
2019-11-04 16:02:09,843 [grpc-default-executor-0] INFO  impl.RaftServerImpl (RaftServerImpl.java:setRole(184)) - a9143d84-6d7f-497d-b770-eb75585db3c7@group-7855C2F36E53: changes role from  FOLLOWER to FOLLOWER at term 84 for recognizeCandidate:e3fb79a3-1f86-42af-a80c-c46d1acdbc29
2019-11-04 16:02:09,843 [grpc-default-executor-0] INFO  impl.RoleInfo (RoleInfo.java:shutdownFollowerState(121)) - a9143d84-6d7f-497d-b770-eb75585db3c7: shutdown FollowerState
2019-11-04 16:02:09,843 [grpc-default-executor-0] INFO  impl.RoleInfo (RoleInfo.java:updateAndGet(143)) - a9143d84-6d7f-497d-b770-eb75585db3c7: start FollowerState
2019-11-04 16:02:09,843 [Thread-738] INFO  impl.FollowerState (FollowerState.java:run(117)) - a9143d84-6d7f-497d-b770-eb75585db3c7@group-7855C2F36E53-FollowerState was interrupted: java.lang.InterruptedException: sleep interrupted
2019-11-04 16:02:09,858 [e3fb79a3-1f86-42af-a80c-c46d1acdbc29@group-7855C2F36E53-LeaderElection80] INFO  impl.LeaderElection (LeaderElection.java:logAndReturn(56)) - e3fb79a3-1f86-42af-a80c-c46d1acdbc29@group-7855C2F36E53-LeaderElection80: Election REJECTED; received 2 response(s) [e3fb79a3-1f86-42af-a80c-c46d1acdbc29<-81ff859e-e76f-43f5-951a-4a38422068cb#0:FAIL-t84, e3fb79a3-1f86-42af-a80c-c46d1acdbc29<-a9143d84-6d7f-497d-b770-eb75585db3c7#0:FAIL-t84] and 0 exception(s); e3fb79a3-1f86-42af-a80c-c46d1acdbc29@group-7855C2F36E53:t84, leader=null, voted=e3fb79a3-1f86-42af-a80c-c46d1acdbc29, raftlog=e3fb79a3-1f86-42af-a80c-c46d1acdbc29@group-7855C2F36E53-SegmentedRaftLog:OPENED:c-1,f-1,i0, conf=-1: [e3fb79a3-1f86-42af-a80c-c46d1acdbc29:192.168.157.194:44142, 81ff859e-e76f-43f5-951a-4a38422068cb:192.168.157.194:46532, a9143d84-6d7f-497d-b770-eb75585db3c7:192.168.157.194:42126], old=null
2019-11-04 16:02:09,858 [e3fb79a3-1f86-42af-a80c-c46d1acdbc29@group-7855C2F36E53-LeaderElection80] INFO  impl.RaftServerImpl (RaftServerImpl.java:setRole(184)) - e3fb79a3-1f86-42af-a80c-c46d1acdbc29@group-7855C2F36E53: changes role from CANDIDATE to FOLLOWER at term 84 for DISCOVERED_A_NEW_TERM
2019-11-04 16:02:09,858 [e3fb79a3-1f86-42af-a80c-c46d1acdbc29@group-7855C2F36E53-LeaderElection80] INFO  impl.RoleInfo (RoleInfo.java:shutdownLeaderElection(134)) - e3fb79a3-1f86-42af-a80c-c46d1acdbc29: shutdown LeaderElection
2019-11-04 16:02:09,859 [e3fb79a3-1f86-42af-a80c-c46d1acdbc29@group-7855C2F36E53-LeaderElection80] INFO  impl.RoleInfo (RoleInfo.java:updateAndGet(143)) - e3fb79a3-1f86-42af-a80c-c46d1acdbc29: start FollowerState
2019-11-04 16:02:09,917 [Thread-745] INFO  impl.FollowerState (FollowerState.java:run(108)) - e3fb79a3-1f86-42af-a80c-c46d1acdbc29@group-7855C2F36E53-FollowerState: change to CANDIDATE, lastRpcTime:58ms, electionTimeout:58ms
2019-11-04 16:02:09,918 [Thread-745] INFO  impl.RoleInfo (RoleInfo.java:shutdownFollowerState(121)) - e3fb79a3-1f86-42af-a80c-c46d1acdbc29: shutdown FollowerState
2019-11-04 16:02:09,918 [Thread-745] INFO  impl.RaftServerImpl (RaftServerImpl.java:setRole(184)) - e3fb79a3-1f86-42af-a80c-c46d1acdbc29@group-7855C2F36E53: changes role from  FOLLOWER to CANDIDATE at term 84 for changeToCandidate
2019-11-04 16:02:09,918 [Thread-745] INFO  impl.RoleInfo (RoleInfo.java:updateAndGet(143)) - e3fb79a3-1f86-42af-a80c-c46d1acdbc29: start LeaderElection
2019-11-04 16:02:09,932 [e3fb79a3-1f86-42af-a80c-c46d1acdbc29@group-7855C2F36E53-LeaderElection81] INFO  impl.LeaderElection (LeaderElection.java:askForVotes(178)) - e3fb79a3-1f86-42af-a80c-c46d1acdbc29@group-7855C2F36E53-LeaderElection81: begin an election at term 85 for -1: [e3fb79a3-1f86-42af-a80c-c46d1acdbc29:192.168.157.194:44142, 81ff859e-e76f-43f5-951a-4a38422068cb:192.168.157.194:46532, a9143d84-6d7f-497d-b770-eb75585db3c7:192.168.157.194:42126], old=null
2019-11-04 16:02:09,935 [grpc-default-executor-0] INFO  impl.RaftServerImpl (RaftServerImpl.java:setRole(184)) - 81ff859e-e76f-43f5-951a-4a38422068cb@group-7855C2F36E53: changes role from  FOLLOWER to FOLLOWER at term 85 for recognizeCandidate:e3fb79a3-1f86-42af-a80c-c46d1acdbc29
2019-11-04 16:02:09,935 [grpc-default-executor-0] INFO  impl.RoleInfo (RoleInfo.java:shutdownFollowerState(121)) - 81ff859e-e76f-43f5-951a-4a38422068cb: shutdown FollowerState
2019-11-04 16:02:09,935 [grpc-default-executor-0] INFO  impl.RoleInfo (RoleInfo.java:updateAndGet(143)) - 81ff859e-e76f-43f5-951a-4a38422068cb: start FollowerState
2019-11-04 16:02:09,935 [Thread-743] INFO  impl.FollowerState (FollowerState.java:run(117)) - 81ff859e-e76f-43f5-951a-4a38422068cb@group-7855C2F36E53-FollowerState was interrupted: java.lang.InterruptedException: sleep interrupted
2019-11-04 16:02:09,935 [grpc-default-executor-5] INFO  impl.RaftServerImpl (RaftServerImpl.java:setRole(184)) - a9143d84-6d7f-497d-b770-eb75585db3c7@group-7855C2F36E53: changes role from  FOLLOWER to FOLLOWER at term 85 for recognizeCandidate:e3fb79a3-1f86-42af-a80c-c46d1acdbc29
2019-11-04 16:02:09,935 [grpc-default-executor-5] INFO  impl.RoleInfo (RoleInfo.java:shutdownFollowerState(121)) - a9143d84-6d7f-497d-b770-eb75585db3c7: shutdown FollowerState
2019-11-04 16:02:09,936 [grpc-default-executor-5] INFO  impl.RoleInfo (RoleInfo.java:updateAndGet(143)) - a9143d84-6d7f-497d-b770-eb75585db3c7: start FollowerState
2019-11-04 16:02:09,936 [Thread-744] INFO  impl.FollowerState (FollowerState.java:run(117)) - a9143d84-6d7f-497d-b770-eb75585db3c7@group-7855C2F36E53-FollowerState was interrupted: java.lang.InterruptedException: sleep interrupted
2019-11-04 16:02:09,950 [e3fb79a3-1f86-42af-a80c-c46d1acdbc29@group-7855C2F36E53-LeaderElection81] INFO  impl.LeaderElection (LeaderElection.java:logAndReturn(56)) - e3fb79a3-1f86-42af-a80c-c46d1acdbc29@group-7855C2F36E53-LeaderElection81: Election REJECTED; received 2 response(s) [e3fb79a3-1f86-42af-a80c-c46d1acdbc29<-81ff859e-e76f-43f5-951a-4a38422068cb#0:FAIL-t85, e3fb79a3-1f86-42af-a80c-c46d1acdbc29<-a9143d84-6d7f-497d-b770-eb75585db3c7#0:FAIL-t85] and 0 exception(s); e3fb79a3-1f86-42af-a80c-c46d1acdbc29@group-7855C2F36E53:t85, leader=null, voted=e3fb79a3-1f86-42af-a80c-c46d1acdbc29, raftlog=e3fb79a3-1f86-42af-a80c-c46d1acdbc29@group-7855C2F36E53-SegmentedRaftLog:OPENED:c-1,f-1,i0, conf=-1: [e3fb79a3-1f86-42af-a80c-c46d1acdbc29:192.168.157.194:44142, 81ff859e-e76f-43f5-951a-4a38422068cb:192.168.157.194:46532, a9143d84-6d7f-497d-b770-eb75585db3c7:192.168.157.194:42126], old=null
2019-11-04 16:02:09,950 [e3fb79a3-1f86-42af-a80c-c46d1acdbc29@group-7855C2F36E53-LeaderElection81] INFO  impl.RaftServerImpl (RaftServerImpl.java:setRole(184)) - e3fb79a3-1f86-42af-a80c-c46d1acdbc29@group-7855C2F36E53: changes role from CANDIDATE to FOLLOWER at term 85 for DISCOVERED_A_NEW_TERM
2019-11-04 16:02:09,951 [e3fb79a3-1f86-42af-a80c-c46d1acdbc29@group-7855C2F36E53-LeaderElection81] INFO  impl.RoleInfo (RoleInfo.java:shutdownLeaderElection(134)) - e3fb79a3-1f86-42af-a80c-c46d1acdbc29: shutdown LeaderElection
2019-11-04 16:02:09,951 [e3fb79a3-1f86-42af-a80c-c46d1acdbc29@group-7855C2F36E53-LeaderElection81] INFO  impl.RoleInfo (RoleInfo.java:updateAndGet(143)) - e3fb79a3-1f86-42af-a80c-c46d1acdbc29: start FollowerState
2019-11-04 16:02:10,074 [Thread-753] INFO  impl.FollowerState (FollowerState.java:run(108)) - e3fb79a3-1f86-42af-a80c-c46d1acdbc29@group-7855C2F36E53-FollowerState: change to CANDIDATE, lastRpcTime:123ms, electionTimeout:123ms
2019-11-04 16:02:10,075 [Thread-753] INFO  impl.RoleInfo (RoleInfo.java:shutdownFollowerState(121)) - e3fb79a3-1f86-42af-a80c-c46d1acdbc29: shutdown FollowerState
2019-11-04 16:02:10,075 [Thread-753] INFO  impl.RaftServerImpl (RaftServerImpl.java:setRole(184)) - e3fb79a3-1f86-42af-a80c-c46d1acdbc29@group-7855C2F36E53: changes role from  FOLLOWER to CANDIDATE at term 85 for changeToCandidate
2019-11-04 16:02:10,075 [Thread-753] INFO  impl.RoleInfo (RoleInfo.java:updateAndGet(143)) - e3fb79a3-1f86-42af-a80c-c46d1acdbc29: start LeaderElection
2019-11-04 16:02:10,089 [e3fb79a3-1f86-42af-a80c-c46d1acdbc29@group-7855C2F36E53-LeaderElection82] INFO  impl.LeaderElection (LeaderElection.java:askForVotes(178)) - e3fb79a3-1f86-42af-a80c-c46d1acdbc29@group-7855C2F36E53-LeaderElection82: begin an election at term 86 for -1: [e3fb79a3-1f86-42af-a80c-c46d1acdbc29:192.168.157.194:44142, 81ff859e-e76f-43f5-951a-4a38422068cb:192.168.157.194:46532, a9143d84-6d7f-497d-b770-eb75585db3c7:192.168.157.194:42126], old=null
2019-11-04 16:02:10,092 [grpc-default-executor-5] INFO  impl.RaftServerImpl (RaftServerImpl.java:setRole(184)) - 81ff859e-e76f-43f5-951a-4a38422068cb@group-7855C2F36E53: changes role from  FOLLOWER to FOLLOWER at term 86 for recognizeCandidate:e3fb79a3-1f86-42af-a80c-c46d1acdbc29
2019-11-04 16:02:10,092 [grpc-default-executor-0] INFO  impl.RaftServerImpl (RaftServerImpl.java:setRole(184)) - a9143d84-6d7f-497d-b770-eb75585db3c7@group-7855C2F36E53: changes role from  FOLLOWER to FOLLOWER at term 86 for recognizeCandidate:e3fb79a3-1f86-42af-a80c-c46d1acdbc29
2019-11-04 16:02:10,092 [grpc-default-executor-5] INFO  impl.RoleInfo (RoleInfo.java:shutdownFollowerState(121)) - 81ff859e-e76f-43f5-951a-4a38422068cb: shutdown FollowerState
2019-11-04 16:02:10,092 [grpc-default-executor-0] INFO  impl.RoleInfo (RoleInfo.java:shutdownFollowerState(121)) - a9143d84-6d7f-497d-b770-eb75585db3c7: shutdown FollowerState
2019-11-04 16:02:10,093 [Thread-751] INFO  impl.FollowerState (FollowerState.java:run(117)) - 81ff859e-e76f-43f5-951a-4a38422068cb@group-7855C2F36E53-FollowerState was interrupted: java.lang.InterruptedException: sleep interrupted
2019-11-04 16:02:10,093 [grpc-default-executor-5] INFO  impl.RoleInfo (RoleInfo.java:updateAndGet(143)) - 81ff859e-e76f-43f5-951a-4a38422068cb: start FollowerState
2019-11-04 16:02:10,093 [grpc-default-executor-0] INFO  impl.RoleInfo (RoleInfo.java:updateAndGet(143)) - a9143d84-6d7f-497d-b770-eb75585db3c7: start FollowerState
2019-11-04 16:02:10,093 [Thread-752] INFO  impl.FollowerState (FollowerState.java:run(117)) - a9143d84-6d7f-497d-b770-eb75585db3c7@group-7855C2F36E53-FollowerState was interrupted: java.lang.InterruptedException: sleep interrupted
2019-11-04 16:02:10,108 [e3fb79a3-1f86-42af-a80c-c46d1acdbc29@group-7855C2F36E53-LeaderElection82] INFO  impl.LeaderElection (LeaderElection.java:logAndReturn(56)) - e3fb79a3-1f86-42af-a80c-c46d1acdbc29@group-7855C2F36E53-LeaderElection82: Election REJECTED; received 2 response(s) [e3fb79a3-1f86-42af-a80c-c46d1acdbc29<-81ff859e-e76f-43f5-951a-4a38422068cb#0:FAIL-t86, e3fb79a3-1f86-42af-a80c-c46d1acdbc29<-a9143d84-6d7f-497d-b770-eb75585db3c7#0:FAIL-t86] and 0 exception(s); e3fb79a3-1f86-42af-a80c-c46d1acdbc29@group-7855C2F36E53:t86, leader=null, voted=e3fb79a3-1f86-42af-a80c-c46d1acdbc29, raftlog=e3fb79a3-1f86-42af-a80c-c46d1acdbc29@group-7855C2F36E53-SegmentedRaftLog:OPENED:c-1,f-1,i0, conf=-1: [e3fb79a3-1f86-42af-a80c-c46d1acdbc29:192.168.157.194:44142, 81ff859e-e76f-43f5-951a-4a38422068cb:192.168.157.194:46532, a9143d84-6d7f-497d-b770-eb75585db3c7:192.168.157.194:42126], old=null
2019-11-04 16:02:10,109 [e3fb79a3-1f86-42af-a80c-c46d1acdbc29@group-7855C2F36E53-LeaderElection82] INFO  impl.RaftServerImpl (RaftServerImpl.java:setRole(184)) - e3fb79a3-1f86-42af-a80c-c46d1acdbc29@group-7855C2F36E53: changes role from CANDIDATE to FOLLOWER at term 86 for DISCOVERED_A_NEW_TERM
2019-11-04 16:02:10,109 [e3fb79a3-1f86-42af-a80c-c46d1acdbc29@group-7855C2F36E53-LeaderElection82] INFO  impl.RoleInfo (RoleInfo.java:shutdownLeaderElection(134)) - e3fb79a3-1f86-42af-a80c-c46d1acdbc29: shutdown LeaderElection
2019-11-04 16:02:10,109 [e3fb79a3-1f86-42af-a80c-c46d1acdbc29@group-7855C2F36E53-LeaderElection82] INFO  impl.RoleInfo (RoleInfo.java:updateAndGet(143)) - e3fb79a3-1f86-42af-a80c-c46d1acdbc29: start FollowerState
2019-11-04 16:02:10,111 [Thread-759] INFO  impl.FollowerState (FollowerState.java:run(108)) - e3fb79a3-1f86-42af-a80c-c46d1acdbc29@group-7855C2F36E53-FollowerState: change to CANDIDATE, lastRpcTime:1ms, electionTimeout:1ms
2019-11-04 16:02:10,111 [Thread-759] INFO  impl.RoleInfo (RoleInfo.java:shutdownFollowerState(121)) - e3fb79a3-1f86-42af-a80c-c46d1acdbc29: shutdown FollowerState
2019-11-04 16:02:10,111 [Thread-759] INFO  impl.RaftServerImpl (RaftServerImpl.java:setRole(184)) - e3fb79a3-1f86-42af-a80c-c46d1acdbc29@group-7855C2F36E53: changes role from  FOLLOWER to CANDIDATE at term 86 for changeToCandidate
2019-11-04 16:02:10,111 [Thread-759] INFO  impl.RoleInfo (RoleInfo.java:updateAndGet(143)) - e3fb79a3-1f86-42af-a80c-c46d1acdbc29: start LeaderElection
2019-11-04 16:02:10,129 [e3fb79a3-1f86-42af-a80c-c46d1acdbc29@group-7855C2F36E53-LeaderElection83] INFO  impl.LeaderElection (LeaderElection.java:askForVotes(178)) - e3fb79a3-1f86-42af-a80c-c46d1acdbc29@group-7855C2F36E53-LeaderElection83: begin an election at term 87 for -1: [e3fb79a3-1f86-42af-a80c-c46d1acdbc29:192.168.157.194:44142, 81ff859e-e76f-43f5-951a-4a38422068cb:192.168.157.194:46532, a9143d84-6d7f-497d-b770-eb75585db3c7:192.168.157.194:42126], old=null
2019-11-04 16:02:10,131 [grpc-default-executor-5] INFO  impl.RaftServerImpl (RaftServerImpl.java:setRole(184)) - 81ff859e-e76f-43f5-951a-4a38422068cb@group-7855C2F36E53: changes role from  FOLLOWER to FOLLOWER at term 87 for recognizeCandidate:e3fb79a3-1f86-42af-a80c-c46d1acdbc29
2019-11-04 16:02:10,131 [grpc-default-executor-5] INFO  impl.RoleInfo (RoleInfo.java:shutdownFollowerState(121)) - 81ff859e-e76f-43f5-951a-4a38422068cb: shutdown FollowerState
2019-11-04 16:02:10,131 [grpc-default-executor-5] INFO  impl.RoleInfo (RoleInfo.java:updateAndGet(143)) - 81ff859e-e76f-43f5-951a-4a38422068cb: start FollowerState
2019-11-04 16:02:10,131 [Thread-757] INFO  impl.FollowerState (FollowerState.java:run(117)) - 81ff859e-e76f-43f5-951a-4a38422068cb@group-7855C2F36E53-FollowerState was interrupted: java.lang.InterruptedException: sleep interrupted
2019-11-04 16:02:10,132 [grpc-default-executor-0] INFO  impl.RaftServerImpl (RaftServerImpl.java:setRole(184)) - a9143d84-6d7f-497d-b770-eb75585db3c7@group-7855C2F36E53: changes role from  FOLLOWER to FOLLOWER at term 87 for recognizeCandidate:e3fb79a3-1f86-42af-a80c-c46d1acdbc29
2019-11-04 16:02:10,132 [grpc-default-executor-0] INFO  impl.RoleInfo (RoleInfo.java:shutdownFollowerState(121)) - a9143d84-6d7f-497d-b770-eb75585db3c7: shutdown FollowerState
2019-11-04 16:02:10,132 [Thread-758] INFO  impl.FollowerState (FollowerState.java:run(117)) - a9143d84-6d7f-497d-b770-eb75585db3c7@group-7855C2F36E53-FollowerState was interrupted: java.lang.InterruptedException: sleep interrupted
2019-11-04 16:02:10,132 [grpc-default-executor-0] INFO  impl.RoleInfo (RoleInfo.java:updateAndGet(143)) - a9143d84-6d7f-497d-b770-eb75585db3c7: start FollowerState
2019-11-04 16:02:10,144 [e3fb79a3-1f86-42af-a80c-c46d1acdbc29@group-7855C2F36E53-LeaderElection83] INFO  impl.LeaderElection (LeaderElection.java:logAndReturn(56)) - e3fb79a3-1f86-42af-a80c-c46d1acdbc29@group-7855C2F36E53-LeaderElection83: Election REJECTED; received 2 response(s) [e3fb79a3-1f86-42af-a80c-c46d1acdbc29<-81ff859e-e76f-43f5-951a-4a38422068cb#0:FAIL-t87, e3fb79a3-1f86-42af-a80c-c46d1acdbc29<-a9143d84-6d7f-497d-b770-eb75585db3c7#0:FAIL-t87] and 0 exception(s); e3fb79a3-1f86-42af-a80c-c46d1acdbc29@group-7855C2F36E53:t87, leader=null, voted=e3fb79a3-1f86-42af-a80c-c46d1acdbc29, raftlog=e3fb79a3-1f86-42af-a80c-c46d1acdbc29@group-7855C2F36E53-SegmentedRaftLog:OPENED:c-1,f-1,i0, conf=-1: [e3fb79a3-1f86-42af-a80c-c46d1acdbc29:192.168.157.194:44142, 81ff859e-e76f-43f5-951a-4a38422068cb:192.168.157.194:46532, a9143d84-6d7f-497d-b770-eb75585db3c7:192.168.157.194:42126], old=null
2019-11-04 16:02:10,145 [e3fb79a3-1f86-42af-a80c-c46d1acdbc29@group-7855C2F36E53-LeaderElection83] INFO  impl.RaftServerImpl (RaftServerImpl.java:setRole(184)) - e3fb79a3-1f86-42af-a80c-c46d1acdbc29@group-7855C2F36E53: changes role from CANDIDATE to FOLLOWER at term 87 for DISCOVERED_A_NEW_TERM
2019-11-04 16:02:10,145 [e3fb79a3-1f86-42af-a80c-c46d1acdbc29@group-7855C2F36E53-LeaderElection83] INFO  impl.RoleInfo (RoleInfo.java:shutdownLeaderElection(134)) - e3fb79a3-1f86-42af-a80c-c46d1acdbc29: shutdown LeaderElection
2019-11-04 16:02:10,145 [e3fb79a3-1f86-42af-a80c-c46d1acdbc29@group-7855C2F36E53-LeaderElection83] INFO  impl.RoleInfo (RoleInfo.java:updateAndGet(143)) - e3fb79a3-1f86-42af-a80c-c46d1acdbc29: start FollowerState
2019-11-04 16:02:10,273 [Thread-765] INFO  impl.FollowerState (FollowerState.java:run(108)) - e3fb79a3-1f86-42af-a80c-c46d1acdbc29@group-7855C2F36E53-FollowerState: change to CANDIDATE, lastRpcTime:128ms, electionTimeout:128ms
2019-11-04 16:02:10,274 [Thread-765] INFO  impl.RoleInfo (RoleInfo.java:shutdownFollowerState(121)) - e3fb79a3-1f86-42af-a80c-c46d1acdbc29: shutdown FollowerState
2019-11-04 16:02:10,274 [Thread-765] INFO  impl.RaftServerImpl (RaftServerImpl.java:setRole(184)) - e3fb79a3-1f86-42af-a80c-c46d1acdbc29@group-7855C2F36E53: changes role from  FOLLOWER to CANDIDATE at term 87 for changeToCandidate
2019-11-04 16:02:10,274 [Thread-765] INFO  impl.RoleInfo (RoleInfo.java:updateAndGet(143)) - e3fb79a3-1f86-42af-a80c-c46d1acdbc29: start LeaderElection
2019-11-04 16:02:10,288 [e3fb79a3-1f86-42af-a80c-c46d1acdbc29@group-7855C2F36E53-LeaderElection84] INFO  impl.LeaderElection (LeaderElection.java:askForVotes(178)) - e3fb79a3-1f86-42af-a80c-c46d1acdbc29@group-7855C2F36E53-LeaderElection84: begin an election at term 88 for -1: [e3fb79a3-1f86-42af-a80c-c46d1acdbc29:192.168.157.194:44142, 81ff859e-e76f-43f5-951a-4a38422068cb:192.168.157.194:46532, a9143d84-6d7f-497d-b770-eb75585db3c7:192.168.157.194:42126], old=null
2019-11-04 16:02:10,291 [grpc-default-executor-0] INFO  impl.RaftServerImpl (RaftServerImpl.java:setRole(184)) - 81ff859e-e76f-43f5-951a-4a38422068cb@group-7855C2F36E53: changes role from  FOLLOWER to FOLLOWER at term 88 for recognizeCandidate:e3fb79a3-1f86-42af-a80c-c46d1acdbc29
2019-11-04 16:02:10,291 [grpc-default-executor-0] INFO  impl.RoleInfo (RoleInfo.java:shutdownFollowerState(121)) - 81ff859e-e76f-43f5-951a-4a38422068cb: shutdown FollowerState
2019-11-04 16:02:10,291 [grpc-default-executor-5] INFO  impl.RaftServerImpl (RaftServerImpl.java:setRole(184)) - a9143d84-6d7f-497d-b770-eb75585db3c7@group-7855C2F36E53: changes role from  FOLLOWER to FOLLOWER at term 88 for recognizeCandidate:e3fb79a3-1f86-42af-a80c-c46d1acdbc29
2019-11-04 16:02:10,292 [grpc-default-executor-5] INFO  impl.RoleInfo (RoleInfo.java:shutdownFollowerState(121)) - a9143d84-6d7f-497d-b770-eb75585db3c7: shutdown FollowerState
2019-11-04 16:02:10,291 [Thread-763] INFO  impl.FollowerState (FollowerState.java:run(117)) - 81ff859e-e76f-43f5-951a-4a38422068cb@group-7855C2F36E53-FollowerState was interrupted: java.lang.InterruptedException: sleep interrupted
2019-11-04 16:02:10,292 [Thread-764] INFO  impl.FollowerState (FollowerState.java:run(117)) - a9143d84-6d7f-497d-b770-eb75585db3c7@group-7855C2F36E53-FollowerState was interrupted: java.lang.InterruptedException: sleep interrupted
2019-11-04 16:02:10,291 [grpc-default-executor-0] INFO  impl.RoleInfo (RoleInfo.java:updateAndGet(143)) - 81ff859e-e76f-43f5-951a-4a38422068cb: start FollowerState
2019-11-04 16:02:10,292 [grpc-default-executor-5] INFO  impl.RoleInfo (RoleInfo.java:updateAndGet(143)) - a9143d84-6d7f-497d-b770-eb75585db3c7: start FollowerState
2019-11-04 16:02:10,307 [e3fb79a3-1f86-42af-a80c-c46d1acdbc29@group-7855C2F36E53-LeaderElection84] INFO  impl.LeaderElection (LeaderElection.java:logAndReturn(56)) - e3fb79a3-1f86-42af-a80c-c46d1acdbc29@group-7855C2F36E53-LeaderElection84: Election REJECTED; received 2 response(s) [e3fb79a3-1f86-42af-a80c-c46d1acdbc29<-81ff859e-e76f-43f5-951a-4a38422068cb#0:FAIL-t88, e3fb79a3-1f86-42af-a80c-c46d1acdbc29<-a9143d84-6d7f-497d-b770-eb75585db3c7#0:FAIL-t88] and 0 exception(s); e3fb79a3-1f86-42af-a80c-c46d1acdbc29@group-7855C2F36E53:t88, leader=null, voted=e3fb79a3-1f86-42af-a80c-c46d1acdbc29, raftlog=e3fb79a3-1f86-42af-a80c-c46d1acdbc29@group-7855C2F36E53-SegmentedRaftLog:OPENED:c-1,f-1,i0, conf=-1: [e3fb79a3-1f86-42af-a80c-c46d1acdbc29:192.168.157.194:44142, 81ff859e-e76f-43f5-951a-4a38422068cb:192.168.157.194:46532, a9143d84-6d7f-497d-b770-eb75585db3c7:192.168.157.194:42126], old=null
2019-11-04 16:02:10,307 [e3fb79a3-1f86-42af-a80c-c46d1acdbc29@group-7855C2F36E53-LeaderElection84] INFO  impl.RaftServerImpl (RaftServerImpl.java:setRole(184)) - e3fb79a3-1f86-42af-a80c-c46d1acdbc29@group-7855C2F36E53: changes role from CANDIDATE to FOLLOWER at term 88 for DISCOVERED_A_NEW_TERM
2019-11-04 16:02:10,307 [e3fb79a3-1f86-42af-a80c-c46d1acdbc29@group-7855C2F36E53-LeaderElection84] INFO  impl.RoleInfo (RoleInfo.java:shutdownLeaderElection(134)) - e3fb79a3-1f86-42af-a80c-c46d1acdbc29: shutdown LeaderElection
2019-11-04 16:02:10,308 [e3fb79a3-1f86-42af-a80c-c46d1acdbc29@group-7855C2F36E53-LeaderElection84] INFO  impl.RoleInfo (RoleInfo.java:updateAndGet(143)) - e3fb79a3-1f86-42af-a80c-c46d1acdbc29: start FollowerState
2019-11-04 16:02:10,361 [Thread-771] INFO  impl.FollowerState (FollowerState.java:run(108)) - e3fb79a3-1f86-42af-a80c-c46d1acdbc29@group-7855C2F36E53-FollowerState: change to CANDIDATE, lastRpcTime:53ms, electionTimeout:53ms
2019-11-04 16:02:10,361 [Thread-771] INFO  impl.RoleInfo (RoleInfo.java:shutdownFollowerState(121)) - e3fb79a3-1f86-42af-a80c-c46d1acdbc29: shutdown FollowerState
2019-11-04 16:02:10,361 [Thread-771] INFO  impl.RaftServerImpl (RaftServerImpl.java:setRole(184)) - e3fb79a3-1f86-42af-a80c-c46d1acdbc29@group-7855C2F36E53: changes role from  FOLLOWER to CANDIDATE at term 88 for changeToCandidate
2019-11-04 16:02:10,361 [Thread-771] INFO  impl.RoleInfo (RoleInfo.java:updateAndGet(143)) - e3fb79a3-1f86-42af-a80c-c46d1acdbc29: start LeaderElection
2019-11-04 16:02:10,387 [e3fb79a3-1f86-42af-a80c-c46d1acdbc29@group-7855C2F36E53-LeaderElection85] INFO  impl.LeaderElection (LeaderElection.java:askForVotes(178)) - e3fb79a3-1f86-42af-a80c-c46d1acdbc29@group-7855C2F36E53-LeaderElection85: begin an election at term 89 for -1: [e3fb79a3-1f86-42af-a80c-c46d1acdbc29:192.168.157.194:44142, 81ff859e-e76f-43f5-951a-4a38422068cb:192.168.157.194:46532, a9143d84-6d7f-497d-b770-eb75585db3c7:192.168.157.194:42126], old=null
2019-11-04 16:02:10,390 [grpc-default-executor-5] INFO  impl.RaftServerImpl (RaftServerImpl.java:setRole(184)) - 81ff859e-e76f-43f5-951a-4a38422068cb@group-7855C2F36E53: changes role from  FOLLOWER to FOLLOWER at term 89 for recognizeCandidate:e3fb79a3-1f86-42af-a80c-c46d1acdbc29
2019-11-04 16:02:10,390 [grpc-default-executor-0] INFO  impl.RaftServerImpl (RaftServerImpl.java:setRole(184)) - a9143d84-6d7f-497d-b770-eb75585db3c7@group-7855C2F36E53: changes role from  FOLLOWER to FOLLOWER at term 89 for recognizeCandidate:e3fb79a3-1f86-42af-a80c-c46d1acdbc29
2019-11-04 16:02:10,390 [grpc-default-executor-5] INFO  impl.RoleInfo (RoleInfo.java:shutdownFollowerState(121)) - 81ff859e-e76f-43f5-951a-4a38422068cb: shutdown FollowerState
2019-11-04 16:02:10,391 [grpc-default-executor-0] INFO  impl.RoleInfo (RoleInfo.java:shutdownFollowerState(121)) - a9143d84-6d7f-497d-b770-eb75585db3c7: shutdown FollowerState
2019-11-04 16:02:10,391 [Thread-769] INFO  impl.FollowerState (FollowerState.java:run(117)) - 81ff859e-e76f-43f5-951a-4a38422068cb@group-7855C2F36E53-FollowerState was interrupted: java.lang.InterruptedException: sleep interrupted
2019-11-04 16:02:10,391 [grpc-default-executor-5] INFO  impl.RoleInfo (RoleInfo.java:updateAndGet(143)) - 81ff859e-e76f-43f5-951a-4a38422068cb: start FollowerState
2019-11-04 16:02:10,391 [Thread-770] INFO  impl.FollowerState (FollowerState.java:run(117)) - a9143d84-6d7f-497d-b770-eb75585db3c7@group-7855C2F36E53-FollowerState was interrupted: java.lang.InterruptedException: sleep interrupted
2019-11-04 16:02:10,391 [grpc-default-executor-0] INFO  impl.RoleInfo (RoleInfo.java:updateAndGet(143)) - a9143d84-6d7f-497d-b770-eb75585db3c7: start FollowerState
2019-11-04 16:02:10,407 [e3fb79a3-1f86-42af-a80c-c46d1acdbc29@group-7855C2F36E53-LeaderElection85] INFO  impl.LeaderElection (LeaderElection.java:logAndReturn(56)) - e3fb79a3-1f86-42af-a80c-c46d1acdbc29@group-7855C2F36E53-LeaderElection85: Election REJECTED; received 2 response(s) [e3fb79a3-1f86-42af-a80c-c46d1acdbc29<-81ff859e-e76f-43f5-951a-4a38422068cb#0:FAIL-t89, e3fb79a3-1f86-42af-a80c-c46d1acdbc29<-a9143d84-6d7f-497d-b770-eb75585db3c7#0:FAIL-t89] and 0 exception(s); e3fb79a3-1f86-42af-a80c-c46d1acdbc29@group-7855C2F36E53:t89, leader=null, voted=e3fb79a3-1f86-42af-a80c-c46d1acdbc29, raftlog=e3fb79a3-1f86-42af-a80c-c46d1acdbc29@group-7855C2F36E53-SegmentedRaftLog:OPENED:c-1,f-1,i0, conf=-1: [e3fb79a3-1f86-42af-a80c-c46d1acdbc29:192.168.157.194:44142, 81ff859e-e76f-43f5-951a-4a38422068cb:192.168.157.194:46532, a9143d84-6d7f-497d-b770-eb75585db3c7:192.168.157.194:42126], old=null
2019-11-04 16:02:10,407 [e3fb79a3-1f86-42af-a80c-c46d1acdbc29@group-7855C2F36E53-LeaderElection85] INFO  impl.RaftServerImpl (RaftServerImpl.java:setRole(184)) - e3fb79a3-1f86-42af-a80c-c46d1acdbc29@group-7855C2F36E53: changes role from CANDIDATE to FOLLOWER at term 89 for DISCOVERED_A_NEW_TERM
2019-11-04 16:02:10,407 [e3fb79a3-1f86-42af-a80c-c46d1acdbc29@group-7855C2F36E53-LeaderElection85] INFO  impl.RoleInfo (RoleInfo.java:shutdownLeaderElection(134)) - e3fb79a3-1f86-42af-a80c-c46d1acdbc29: shutdown LeaderElection
2019-11-04 16:02:10,407 [e3fb79a3-1f86-42af-a80c-c46d1acdbc29@group-7855C2F36E53-LeaderElection85] INFO  impl.RoleInfo (RoleInfo.java:updateAndGet(143)) - e3fb79a3-1f86-42af-a80c-c46d1acdbc29: start FollowerState
2019-11-04 16:02:10,513 [Thread-777] INFO  impl.FollowerState (FollowerState.java:run(108)) - e3fb79a3-1f86-42af-a80c-c46d1acdbc29@group-7855C2F36E53-FollowerState: change to CANDIDATE, lastRpcTime:105ms, electionTimeout:105ms
2019-11-04 16:02:10,513 [Thread-777] INFO  impl.RoleInfo (RoleInfo.java:shutdownFollowerState(121)) - e3fb79a3-1f86-42af-a80c-c46d1acdbc29: shutdown FollowerState
2019-11-04 16:02:10,513 [Thread-777] INFO  impl.RaftServerImpl (RaftServerImpl.java:setRole(184)) - e3fb79a3-1f86-42af-a80c-c46d1acdbc29@group-7855C2F36E53: changes role from  FOLLOWER to CANDIDATE at term 89 for changeToCandidate
2019-11-04 16:02:10,513 [Thread-777] INFO  impl.RoleInfo (RoleInfo.java:updateAndGet(143)) - e3fb79a3-1f86-42af-a80c-c46d1acdbc29: start LeaderElection
2019-11-04 16:02:10,526 [e3fb79a3-1f86-42af-a80c-c46d1acdbc29@group-7855C2F36E53-LeaderElection86] INFO  impl.LeaderElection (LeaderElection.java:askForVotes(178)) - e3fb79a3-1f86-42af-a80c-c46d1acdbc29@group-7855C2F36E53-LeaderElection86: begin an election at term 90 for -1: [e3fb79a3-1f86-42af-a80c-c46d1acdbc29:192.168.157.194:44142, 81ff859e-e76f-43f5-951a-4a38422068cb:192.168.157.194:46532, a9143d84-6d7f-497d-b770-eb75585db3c7:192.168.157.194:42126], old=null
2019-11-04 16:02:10,529 [grpc-default-executor-5] INFO  impl.RaftServerImpl (RaftServerImpl.java:setRole(184)) - a9143d84-6d7f-497d-b770-eb75585db3c7@group-7855C2F36E53: changes role from  FOLLOWER to FOLLOWER at term 90 for recognizeCandidate:e3fb79a3-1f86-42af-a80c-c46d1acdbc29
2019-11-04 16:02:10,529 [grpc-default-executor-0] INFO  impl.RaftServerImpl (RaftServerImpl.java:setRole(184)) - 81ff859e-e76f-43f5-951a-4a38422068cb@group-7855C2F36E53: changes role from  FOLLOWER to FOLLOWER at term 90 for recognizeCandidate:e3fb79a3-1f86-42af-a80c-c46d1acdbc29
2019-11-04 16:02:10,529 [grpc-default-executor-5] INFO  impl.RoleInfo (RoleInfo.java:shutdownFollowerState(121)) - a9143d84-6d7f-497d-b770-eb75585db3c7: shutdown FollowerState
2019-11-04 16:02:10,529 [grpc-default-executor-0] INFO  impl.RoleInfo (RoleInfo.java:shutdownFollowerState(121)) - 81ff859e-e76f-43f5-951a-4a38422068cb: shutdown FollowerState
2019-11-04 16:02:10,530 [Thread-776] INFO  impl.FollowerState (FollowerState.java:run(117)) - a9143d84-6d7f-497d-b770-eb75585db3c7@group-7855C2F36E53-FollowerState was interrupted: java.lang.InterruptedException: sleep interrupted
2019-11-04 16:02:10,530 [Thread-775] INFO  impl.FollowerState (FollowerState.java:run(117)) - 81ff859e-e76f-43f5-951a-4a38422068cb@group-7855C2F36E53-FollowerState was interrupted: java.lang.InterruptedException: sleep interrupted
2019-11-04 16:02:10,530 [grpc-default-executor-5] INFO  impl.RoleInfo (RoleInfo.java:updateAndGet(143)) - a9143d84-6d7f-497d-b770-eb75585db3c7: start FollowerState
2019-11-04 16:02:10,530 [grpc-default-executor-0] INFO  impl.RoleInfo (RoleInfo.java:updateAndGet(143)) - 81ff859e-e76f-43f5-951a-4a38422068cb: start FollowerState
2019-11-04 16:02:10,545 [e3fb79a3-1f86-42af-a80c-c46d1acdbc29@group-7855C2F36E53-LeaderElection86] INFO  impl.LeaderElection (LeaderElection.java:logAndReturn(56)) - e3fb79a3-1f86-42af-a80c-c46d1acdbc29@group-7855C2F36E53-LeaderElection86: Election REJECTED; received 2 response(s) [e3fb79a3-1f86-42af-a80c-c46d1acdbc29<-81ff859e-e76f-43f5-951a-4a38422068cb#0:FAIL-t90, e3fb79a3-1f86-42af-a80c-c46d1acdbc29<-a9143d84-6d7f-497d-b770-eb75585db3c7#0:FAIL-t90] and 0 exception(s); e3fb79a3-1f86-42af-a80c-c46d1acdbc29@group-7855C2F36E53:t90, leader=null, voted=e3fb79a3-1f86-42af-a80c-c46d1acdbc29, raftlog=e3fb79a3-1f86-42af-a80c-c46d1acdbc29@group-7855C2F36E53-SegmentedRaftLog:OPENED:c-1,f-1,i0, conf=-1: [e3fb79a3-1f86-42af-a80c-c46d1acdbc29:192.168.157.194:44142, 81ff859e-e76f-43f5-951a-4a38422068cb:192.168.157.194:46532, a9143d84-6d7f-497d-b770-eb75585db3c7:192.168.157.194:42126], old=null
2019-11-04 16:02:10,545 [e3fb79a3-1f86-42af-a80c-c46d1acdbc29@group-7855C2F36E53-LeaderElection86] INFO  impl.RaftServerImpl (RaftServerImpl.java:setRole(184)) - e3fb79a3-1f86-42af-a80c-c46d1acdbc29@group-7855C2F36E53: changes role from CANDIDATE to FOLLOWER at term 90 for DISCOVERED_A_NEW_TERM
2019-11-04 16:02:10,545 [e3fb79a3-1f86-42af-a80c-c46d1acdbc29@group-7855C2F36E53-LeaderElection86] INFO  impl.RoleInfo (RoleInfo.java:shutdownLeaderElection(134)) - e3fb79a3-1f86-42af-a80c-c46d1acdbc29: shutdown LeaderElection
2019-11-04 16:02:10,545 [e3fb79a3-1f86-42af-a80c-c46d1acdbc29@group-7855C2F36E53-LeaderElection86] INFO  impl.RoleInfo (RoleInfo.java:updateAndGet(143)) - e3fb79a3-1f86-42af-a80c-c46d1acdbc29: start FollowerState
2019-11-04 16:02:10,696 [Thread-783] INFO  impl.FollowerState (FollowerState.java:run(108)) - e3fb79a3-1f86-42af-a80c-c46d1acdbc29@group-7855C2F36E53-FollowerState: change to CANDIDATE, lastRpcTime:150ms, electionTimeout:150ms
2019-11-04 16:02:10,696 [Thread-783] INFO  impl.RoleInfo (RoleInfo.java:shutdownFollowerState(121)) - e3fb79a3-1f86-42af-a80c-c46d1acdbc29: shutdown FollowerState
2019-11-04 16:02:10,696 [Thread-783] INFO  impl.RaftServerImpl (RaftServerImpl.java:setRole(184)) - e3fb79a3-1f86-42af-a80c-c46d1acdbc29@group-7855C2F36E53: changes role from  FOLLOWER to CANDIDATE at term 90 for changeToCandidate
2019-11-04 16:02:10,696 [Thread-783] INFO  impl.RoleInfo (RoleInfo.java:updateAndGet(143)) - e3fb79a3-1f86-42af-a80c-c46d1acdbc29: start LeaderElection
2019-11-04 16:02:10,710 [e3fb79a3-1f86-42af-a80c-c46d1acdbc29@group-7855C2F36E53-LeaderElection87] INFO  impl.LeaderElection (LeaderElection.java:askForVotes(178)) - e3fb79a3-1f86-42af-a80c-c46d1acdbc29@group-7855C2F36E53-LeaderElection87: begin an election at term 91 for -1: [e3fb79a3-1f86-42af-a80c-c46d1acdbc29:192.168.157.194:44142, 81ff859e-e76f-43f5-951a-4a38422068cb:192.168.157.194:46532, a9143d84-6d7f-497d-b770-eb75585db3c7:192.168.157.194:42126], old=null
2019-11-04 16:02:10,713 [grpc-default-executor-0] INFO  impl.RaftServerImpl (RaftServerImpl.java:setRole(184)) - 81ff859e-e76f-43f5-951a-4a38422068cb@group-7855C2F36E53: changes role from  FOLLOWER to FOLLOWER at term 91 for recognizeCandidate:e3fb79a3-1f86-42af-a80c-c46d1acdbc29
2019-11-04 16:02:10,714 [grpc-default-executor-0] INFO  impl.RoleInfo (RoleInfo.java:shutdownFollowerState(121)) - 81ff859e-e76f-43f5-951a-4a38422068cb: shutdown FollowerState
2019-11-04 16:02:10,714 [grpc-default-executor-5] INFO  impl.RaftServerImpl (RaftServerImpl.java:setRole(184)) - a9143d84-6d7f-497d-b770-eb75585db3c7@group-7855C2F36E53: changes role from  FOLLOWER to FOLLOWER at term 91 for recognizeCandidate:e3fb79a3-1f86-42af-a80c-c46d1acdbc29
2019-11-04 16:02:10,714 [Thread-782] INFO  impl.FollowerState (FollowerState.java:run(117)) - 81ff859e-e76f-43f5-951a-4a38422068cb@group-7855C2F36E53-FollowerState was interrupted: java.lang.InterruptedException: sleep interrupted
2019-11-04 16:02:10,714 [grpc-default-executor-0] INFO  impl.RoleInfo (RoleInfo.java:updateAndGet(143)) - 81ff859e-e76f-43f5-951a-4a38422068cb: start FollowerState
2019-11-04 16:02:10,714 [grpc-default-executor-5] INFO  impl.RoleInfo (RoleInfo.java:shutdownFollowerState(121)) - a9143d84-6d7f-497d-b770-eb75585db3c7: shutdown FollowerState
2019-11-04 16:02:10,715 [Thread-781] INFO  impl.FollowerState (FollowerState.java:run(117)) - a9143d84-6d7f-497d-b770-eb75585db3c7@group-7855C2F36E53-FollowerState was interrupted: java.lang.InterruptedException: sleep interrupted
2019-11-04 16:02:10,715 [grpc-default-executor-5] INFO  impl.RoleInfo (RoleInfo.java:updateAndGet(143)) - a9143d84-6d7f-497d-b770-eb75585db3c7: start FollowerState
2019-11-04 16:02:10,730 [e3fb79a3-1f86-42af-a80c-c46d1acdbc29@group-7855C2F36E53-LeaderElection87] INFO  impl.LeaderElection (LeaderElection.java:logAndReturn(56)) - e3fb79a3-1f86-42af-a80c-c46d1acdbc29@group-7855C2F36E53-LeaderElection87: Election REJECTED; received 2 response(s) [e3fb79a3-1f86-42af-a80c-c46d1acdbc29<-81ff859e-e76f-43f5-951a-4a38422068cb#0:FAIL-t91, e3fb79a3-1f86-42af-a80c-c46d1acdbc29<-a9143d84-6d7f-497d-b770-eb75585db3c7#0:FAIL-t91] and 0 exception(s); e3fb79a3-1f86-42af-a80c-c46d1acdbc29@group-7855C2F36E53:t91, leader=null, voted=e3fb79a3-1f86-42af-a80c-c46d1acdbc29, raftlog=e3fb79a3-1f86-42af-a80c-c46d1acdbc29@group-7855C2F36E53-SegmentedRaftLog:OPENED:c-1,f-1,i0, conf=-1: [e3fb79a3-1f86-42af-a80c-c46d1acdbc29:192.168.157.194:44142, 81ff859e-e76f-43f5-951a-4a38422068cb:192.168.157.194:46532, a9143d84-6d7f-497d-b770-eb75585db3c7:192.168.157.194:42126], old=null
2019-11-04 16:02:10,730 [e3fb79a3-1f86-42af-a80c-c46d1acdbc29@group-7855C2F36E53-LeaderElection87] INFO  impl.RaftServerImpl (RaftServerImpl.java:setRole(184)) - e3fb79a3-1f86-42af-a80c-c46d1acdbc29@group-7855C2F36E53: changes role from CANDIDATE to FOLLOWER at term 91 for DISCOVERED_A_NEW_TERM
2019-11-04 16:02:10,730 [e3fb79a3-1f86-42af-a80c-c46d1acdbc29@group-7855C2F36E53-LeaderElection87] INFO  impl.RoleInfo (RoleInfo.java:shutdownLeaderElection(134)) - e3fb79a3-1f86-42af-a80c-c46d1acdbc29: shutdown LeaderElection
2019-11-04 16:02:10,730 [e3fb79a3-1f86-42af-a80c-c46d1acdbc29@group-7855C2F36E53-LeaderElection87] INFO  impl.RoleInfo (RoleInfo.java:updateAndGet(143)) - e3fb79a3-1f86-42af-a80c-c46d1acdbc29: start FollowerState
2019-11-04 16:02:10,866 [Thread-789] INFO  impl.FollowerState (FollowerState.java:run(108)) - e3fb79a3-1f86-42af-a80c-c46d1acdbc29@group-7855C2F36E53-FollowerState: change to CANDIDATE, lastRpcTime:135ms, electionTimeout:135ms
2019-11-04 16:02:10,866 [Thread-789] INFO  impl.RoleInfo (RoleInfo.java:shutdownFollowerState(121)) - e3fb79a3-1f86-42af-a80c-c46d1acdbc29: shutdown FollowerState
2019-11-04 16:02:10,866 [Thread-789] INFO  impl.RaftServerImpl (RaftServerImpl.java:setRole(184)) - e3fb79a3-1f86-42af-a80c-c46d1acdbc29@group-7855C2F36E53: changes role from  FOLLOWER to CANDIDATE at term 91 for changeToCandidate
2019-11-04 16:02:10,866 [Thread-789] INFO  impl.RoleInfo (RoleInfo.java:updateAndGet(143)) - e3fb79a3-1f86-42af-a80c-c46d1acdbc29: start LeaderElection
2019-11-04 16:02:10,879 [e3fb79a3-1f86-42af-a80c-c46d1acdbc29@group-7855C2F36E53-LeaderElection88] INFO  impl.LeaderElection (LeaderElection.java:askForVotes(178)) - e3fb79a3-1f86-42af-a80c-c46d1acdbc29@group-7855C2F36E53-LeaderElection88: begin an election at term 92 for -1: [e3fb79a3-1f86-42af-a80c-c46d1acdbc29:192.168.157.194:44142, 81ff859e-e76f-43f5-951a-4a38422068cb:192.168.157.194:46532, a9143d84-6d7f-497d-b770-eb75585db3c7:192.168.157.194:42126], old=null
2019-11-04 16:02:10,882 [grpc-default-executor-0] INFO  impl.RaftServerImpl (RaftServerImpl.java:setRole(184)) - 81ff859e-e76f-43f5-951a-4a38422068cb@group-7855C2F36E53: changes role from  FOLLOWER to FOLLOWER at term 92 for recognizeCandidate:e3fb79a3-1f86-42af-a80c-c46d1acdbc29
2019-11-04 16:02:10,882 [grpc-default-executor-0] INFO  impl.RoleInfo (RoleInfo.java:shutdownFollowerState(121)) - 81ff859e-e76f-43f5-951a-4a38422068cb: shutdown FollowerState
2019-11-04 16:02:10,883 [grpc-default-executor-5] INFO  impl.RaftServerImpl (RaftServerImpl.java:setRole(184)) - a9143d84-6d7f-497d-b770-eb75585db3c7@group-7855C2F36E53: changes role from  FOLLOWER to FOLLOWER at term 92 for recognizeCandidate:e3fb79a3-1f86-42af-a80c-c46d1acdbc29
2019-11-04 16:02:10,883 [grpc-default-executor-5] INFO  impl.RoleInfo (RoleInfo.java:shutdownFollowerState(121)) - a9143d84-6d7f-497d-b770-eb75585db3c7: shutdown FollowerState
2019-11-04 16:02:10,883 [grpc-default-executor-0] INFO  impl.RoleInfo (RoleInfo.java:updateAndGet(143)) - 81ff859e-e76f-43f5-951a-4a38422068cb: start FollowerState
2019-11-04 16:02:10,883 [Thread-787] INFO  impl.FollowerState (FollowerState.java:run(117)) - 81ff859e-e76f-43f5-951a-4a38422068cb@group-7855C2F36E53-FollowerState was interrupted: java.lang.InterruptedException: sleep interrupted
2019-11-04 16:02:10,883 [grpc-default-executor-5] INFO  impl.RoleInfo (RoleInfo.java:updateAndGet(143)) - a9143d84-6d7f-497d-b770-eb75585db3c7: start FollowerState
2019-11-04 16:02:10,883 [Thread-788] INFO  impl.FollowerState (FollowerState.java:run(117)) - a9143d84-6d7f-497d-b770-eb75585db3c7@group-7855C2F36E53-FollowerState was interrupted: java.lang.InterruptedException: sleep interrupted
2019-11-04 16:02:10,912 [e3fb79a3-1f86-42af-a80c-c46d1acdbc29@group-7855C2F36E53-LeaderElection88] INFO  impl.LeaderElection (LeaderElection.java:logAndReturn(56)) - e3fb79a3-1f86-42af-a80c-c46d1acdbc29@group-7855C2F36E53-LeaderElection88: Election REJECTED; received 2 response(s) [e3fb79a3-1f86-42af-a80c-c46d1acdbc29<-81ff859e-e76f-43f5-951a-4a38422068cb#0:FAIL-t92, e3fb79a3-1f86-42af-a80c-c46d1acdbc29<-a9143d84-6d7f-497d-b770-eb75585db3c7#0:FAIL-t92] and 0 exception(s); e3fb79a3-1f86-42af-a80c-c46d1acdbc29@group-7855C2F36E53:t92, leader=null, voted=e3fb79a3-1f86-42af-a80c-c46d1acdbc29, raftlog=e3fb79a3-1f86-42af-a80c-c46d1acdbc29@group-7855C2F36E53-SegmentedRaftLog:OPENED:c-1,f-1,i0, conf=-1: [e3fb79a3-1f86-42af-a80c-c46d1acdbc29:192.168.157.194:44142, 81ff859e-e76f-43f5-951a-4a38422068cb:192.168.157.194:46532, a9143d84-6d7f-497d-b770-eb75585db3c7:192.168.157.194:42126], old=null
2019-11-04 16:02:10,912 [e3fb79a3-1f86-42af-a80c-c46d1acdbc29@group-7855C2F36E53-LeaderElection88] INFO  impl.RaftServerImpl (RaftServerImpl.java:setRole(184)) - e3fb79a3-1f86-42af-a80c-c46d1acdbc29@group-7855C2F36E53: changes role from CANDIDATE to FOLLOWER at term 92 for DISCOVERED_A_NEW_TERM
2019-11-04 16:02:10,912 [e3fb79a3-1f86-42af-a80c-c46d1acdbc29@group-7855C2F36E53-LeaderElection88] INFO  impl.RoleInfo (RoleInfo.java:shutdownLeaderElection(134)) - e3fb79a3-1f86-42af-a80c-c46d1acdbc29: shutdown LeaderElection
2019-11-04 16:02:10,912 [e3fb79a3-1f86-42af-a80c-c46d1acdbc29@group-7855C2F36E53-LeaderElection88] INFO  impl.RoleInfo (RoleInfo.java:updateAndGet(143)) - e3fb79a3-1f86-42af-a80c-c46d1acdbc29: start FollowerState
2019-11-04 16:02:10,970 [Thread-797] INFO  impl.FollowerState (FollowerState.java:run(108)) - e3fb79a3-1f86-42af-a80c-c46d1acdbc29@group-7855C2F36E53-FollowerState: change to CANDIDATE, lastRpcTime:57ms, electionTimeout:55ms
2019-11-04 16:02:10,971 [Thread-797] INFO  impl.RoleInfo (RoleInfo.java:shutdownFollowerState(121)) - e3fb79a3-1f86-42af-a80c-c46d1acdbc29: shutdown FollowerState
2019-11-04 16:02:10,971 [Thread-797] INFO  impl.RaftServerImpl (RaftServerImpl.java:setRole(184)) - e3fb79a3-1f86-42af-a80c-c46d1acdbc29@group-7855C2F36E53: changes role from  FOLLOWER to CANDIDATE at term 92 for changeToCandidate
2019-11-04 16:02:10,971 [Thread-797] INFO  impl.RoleInfo (RoleInfo.java:updateAndGet(143)) - e3fb79a3-1f86-42af-a80c-c46d1acdbc29: start LeaderElection
2019-11-04 16:02:10,982 [e3fb79a3-1f86-42af-a80c-c46d1acdbc29@group-7855C2F36E53-LeaderElection89] INFO  impl.LeaderElection (LeaderElection.java:askForVotes(178)) - e3fb79a3-1f86-42af-a80c-c46d1acdbc29@group-7855C2F36E53-LeaderElection89: begin an election at term 93 for -1: [e3fb79a3-1f86-42af-a80c-c46d1acdbc29:192.168.157.194:44142, 81ff859e-e76f-43f5-951a-4a38422068cb:192.168.157.194:46532, a9143d84-6d7f-497d-b770-eb75585db3c7:192.168.157.194:42126], old=null
2019-11-04 16:02:10,986 [grpc-default-executor-0] INFO  impl.RaftServerImpl (RaftServerImpl.java:setRole(184)) - 81ff859e-e76f-43f5-951a-4a38422068cb@group-7855C2F36E53: changes role from  FOLLOWER to FOLLOWER at term 93 for recognizeCandidate:e3fb79a3-1f86-42af-a80c-c46d1acdbc29
2019-11-04 16:02:10,986 [grpc-default-executor-0] INFO  impl.RoleInfo (RoleInfo.java:shutdownFollowerState(121)) - 81ff859e-e76f-43f5-951a-4a38422068cb: shutdown FollowerState
2019-11-04 16:02:10,986 [grpc-default-executor-5] INFO  impl.RaftServerImpl (RaftServerImpl.java:setRole(184)) - a9143d84-6d7f-497d-b770-eb75585db3c7@group-7855C2F36E53: changes role from  FOLLOWER to FOLLOWER at term 93 for recognizeCandidate:e3fb79a3-1f86-42af-a80c-c46d1acdbc29
2019-11-04 16:02:10,986 [Thread-793] INFO  impl.FollowerState (FollowerState.java:run(117)) - 81ff859e-e76f-43f5-951a-4a38422068cb@group-7855C2F36E53-FollowerState was interrupted: java.lang.InterruptedException: sleep interrupted
2019-11-04 16:02:10,986 [grpc-default-executor-0] INFO  impl.RoleInfo (RoleInfo.java:updateAndGet(143)) - 81ff859e-e76f-43f5-951a-4a38422068cb: start FollowerState
2019-11-04 16:02:10,986 [grpc-default-executor-5] INFO  impl.RoleInfo (RoleInfo.java:shutdownFollowerState(121)) - a9143d84-6d7f-497d-b770-eb75585db3c7: shutdown FollowerState
2019-11-04 16:02:10,987 [grpc-default-executor-5] INFO  impl.RoleInfo (RoleInfo.java:updateAndGet(143)) - a9143d84-6d7f-497d-b770-eb75585db3c7: start FollowerState
2019-11-04 16:02:10,987 [Thread-794] INFO  impl.FollowerState (FollowerState.java:run(117)) - a9143d84-6d7f-497d-b770-eb75585db3c7@group-7855C2F36E53-FollowerState was interrupted: java.lang.InterruptedException: sleep interrupted
2019-11-04 16:02:11,006 [e3fb79a3-1f86-42af-a80c-c46d1acdbc29@group-7855C2F36E53-LeaderElection89] INFO  impl.LeaderElection (LeaderElection.java:logAndReturn(56)) - e3fb79a3-1f86-42af-a80c-c46d1acdbc29@group-7855C2F36E53-LeaderElection89: Election REJECTED; received 2 response(s) [e3fb79a3-1f86-42af-a80c-c46d1acdbc29<-81ff859e-e76f-43f5-951a-4a38422068cb#0:FAIL-t93, e3fb79a3-1f86-42af-a80c-c46d1acdbc29<-a9143d84-6d7f-497d-b770-eb75585db3c7#0:FAIL-t93] and 0 exception(s); e3fb79a3-1f86-42af-a80c-c46d1acdbc29@group-7855C2F36E53:t93, leader=null, voted=e3fb79a3-1f86-42af-a80c-c46d1acdbc29, raftlog=e3fb79a3-1f86-42af-a80c-c46d1acdbc29@group-7855C2F36E53-SegmentedRaftLog:OPENED:c-1,f-1,i0, conf=-1: [e3fb79a3-1f86-42af-a80c-c46d1acdbc29:192.168.157.194:44142, 81ff859e-e76f-43f5-951a-4a38422068cb:192.168.157.194:46532, a9143d84-6d7f-497d-b770-eb75585db3c7:192.168.157.194:42126], old=null
2019-11-04 16:02:11,006 [e3fb79a3-1f86-42af-a80c-c46d1acdbc29@group-7855C2F36E53-LeaderElection89] INFO  impl.RaftServerImpl (RaftServerImpl.java:setRole(184)) - e3fb79a3-1f86-42af-a80c-c46d1acdbc29@group-7855C2F36E53: changes role from CANDIDATE to FOLLOWER at term 93 for DISCOVERED_A_NEW_TERM
2019-11-04 16:02:11,006 [e3fb79a3-1f86-42af-a80c-c46d1acdbc29@group-7855C2F36E53-LeaderElection89] INFO  impl.RoleInfo (RoleInfo.java:shutdownLeaderElection(134)) - e3fb79a3-1f86-42af-a80c-c46d1acdbc29: shutdown LeaderElection
2019-11-04 16:02:11,006 [e3fb79a3-1f86-42af-a80c-c46d1acdbc29@group-7855C2F36E53-LeaderElection89] INFO  impl.RoleInfo (RoleInfo.java:updateAndGet(143)) - e3fb79a3-1f86-42af-a80c-c46d1acdbc29: start FollowerState
2019-11-04 16:02:11,080 [Thread-803] INFO  impl.FollowerState (FollowerState.java:run(108)) - e3fb79a3-1f86-42af-a80c-c46d1acdbc29@group-7855C2F36E53-FollowerState: change to CANDIDATE, lastRpcTime:73ms, electionTimeout:73ms
2019-11-04 16:02:11,080 [Thread-803] INFO  impl.RoleInfo (RoleInfo.java:shutdownFollowerState(121)) - e3fb79a3-1f86-42af-a80c-c46d1acdbc29: shutdown FollowerState
2019-11-04 16:02:11,080 [Thread-803] INFO  impl.RaftServerImpl (RaftServerImpl.java:setRole(184)) - e3fb79a3-1f86-42af-a80c-c46d1acdbc29@group-7855C2F36E53: changes role from  FOLLOWER to CANDIDATE at term 93 for changeToCandidate
2019-11-04 16:02:11,081 [Thread-803] INFO  impl.RoleInfo (RoleInfo.java:updateAndGet(143)) - e3fb79a3-1f86-42af-a80c-c46d1acdbc29: start LeaderElection
2019-11-04 16:02:11,103 [e3fb79a3-1f86-42af-a80c-c46d1acdbc29@group-7855C2F36E53-LeaderElection90] INFO  impl.LeaderElection (LeaderElection.java:askForVotes(178)) - e3fb79a3-1f86-42af-a80c-c46d1acdbc29@group-7855C2F36E53-LeaderElection90: begin an election at term 94 for -1: [e3fb79a3-1f86-42af-a80c-c46d1acdbc29:192.168.157.194:44142, 81ff859e-e76f-43f5-951a-4a38422068cb:192.168.157.194:46532, a9143d84-6d7f-497d-b770-eb75585db3c7:192.168.157.194:42126], old=null
2019-11-04 16:02:11,106 [grpc-default-executor-0] INFO  impl.RaftServerImpl (RaftServerImpl.java:setRole(184)) - a9143d84-6d7f-497d-b770-eb75585db3c7@group-7855C2F36E53: changes role from  FOLLOWER to FOLLOWER at term 94 for recognizeCandidate:e3fb79a3-1f86-42af-a80c-c46d1acdbc29
2019-11-04 16:02:11,107 [grpc-default-executor-0] INFO  impl.RoleInfo (RoleInfo.java:shutdownFollowerState(121)) - a9143d84-6d7f-497d-b770-eb75585db3c7: shutdown FollowerState
2019-11-04 16:02:11,106 [grpc-default-executor-5] INFO  impl.RaftServerImpl (RaftServerImpl.java:setRole(184)) - 81ff859e-e76f-43f5-951a-4a38422068cb@group-7855C2F36E53: changes role from  FOLLOWER to FOLLOWER at term 94 for recognizeCandidate:e3fb79a3-1f86-42af-a80c-c46d1acdbc29
2019-11-04 16:02:11,107 [Thread-802] INFO  impl.FollowerState (FollowerState.java:run(117)) - a9143d84-6d7f-497d-b770-eb75585db3c7@group-7855C2F36E53-FollowerState was interrupted: java.lang.InterruptedException: sleep interrupted
2019-11-04 16:02:11,107 [grpc-default-executor-0] INFO  impl.RoleInfo (RoleInfo.java:updateAndGet(143)) - a9143d84-6d7f-497d-b770-eb75585db3c7: start FollowerState
2019-11-04 16:02:11,107 [grpc-default-executor-5] INFO  impl.RoleInfo (RoleInfo.java:shutdownFollowerState(121)) - 81ff859e-e76f-43f5-951a-4a38422068cb: shutdown FollowerState
2019-11-04 16:02:11,108 [Thread-801] INFO  impl.FollowerState (FollowerState.java:run(117)) - 81ff859e-e76f-43f5-951a-4a38422068cb@group-7855C2F36E53-FollowerState was interrupted: java.lang.InterruptedException: sleep interrupted
2019-11-04 16:02:11,108 [grpc-default-executor-5] INFO  impl.RoleInfo (RoleInfo.java:updateAndGet(143)) - 81ff859e-e76f-43f5-951a-4a38422068cb: start FollowerState
2019-11-04 16:02:11,122 [e3fb79a3-1f86-42af-a80c-c46d1acdbc29@group-7855C2F36E53-LeaderElection90] INFO  impl.LeaderElection (LeaderElection.java:logAndReturn(56)) - e3fb79a3-1f86-42af-a80c-c46d1acdbc29@group-7855C2F36E53-LeaderElection90: Election REJECTED; received 2 response(s) [e3fb79a3-1f86-42af-a80c-c46d1acdbc29<-81ff859e-e76f-43f5-951a-4a38422068cb#0:FAIL-t94, e3fb79a3-1f86-42af-a80c-c46d1acdbc29<-a9143d84-6d7f-497d-b770-eb75585db3c7#0:FAIL-t94] and 0 exception(s); e3fb79a3-1f86-42af-a80c-c46d1acdbc29@group-7855C2F36E53:t94, leader=null, voted=e3fb79a3-1f86-42af-a80c-c46d1acdbc29, raftlog=e3fb79a3-1f86-42af-a80c-c46d1acdbc29@group-7855C2F36E53-SegmentedRaftLog:OPENED:c-1,f-1,i0, conf=-1: [e3fb79a3-1f86-42af-a80c-c46d1acdbc29:192.168.157.194:44142, 81ff859e-e76f-43f5-951a-4a38422068cb:192.168.157.194:46532, a9143d84-6d7f-497d-b770-eb75585db3c7:192.168.157.194:42126], old=null
2019-11-04 16:02:11,122 [e3fb79a3-1f86-42af-a80c-c46d1acdbc29@group-7855C2F36E53-LeaderElection90] INFO  impl.RaftServerImpl (RaftServerImpl.java:setRole(184)) - e3fb79a3-1f86-42af-a80c-c46d1acdbc29@group-7855C2F36E53: changes role from CANDIDATE to FOLLOWER at term 94 for DISCOVERED_A_NEW_TERM
2019-11-04 16:02:11,123 [e3fb79a3-1f86-42af-a80c-c46d1acdbc29@group-7855C2F36E53-LeaderElection90] INFO  impl.RoleInfo (RoleInfo.java:shutdownLeaderElection(134)) - e3fb79a3-1f86-42af-a80c-c46d1acdbc29: shutdown LeaderElection
2019-11-04 16:02:11,123 [e3fb79a3-1f86-42af-a80c-c46d1acdbc29@group-7855C2F36E53-LeaderElection90] INFO  impl.RoleInfo (RoleInfo.java:updateAndGet(143)) - e3fb79a3-1f86-42af-a80c-c46d1acdbc29: start FollowerState
2019-11-04 16:02:11,170 [Thread-809] INFO  impl.FollowerState (FollowerState.java:run(108)) - e3fb79a3-1f86-42af-a80c-c46d1acdbc29@group-7855C2F36E53-FollowerState: change to CANDIDATE, lastRpcTime:47ms, electionTimeout:47ms
2019-11-04 16:02:11,170 [Thread-809] INFO  impl.RoleInfo (RoleInfo.java:shutdownFollowerState(121)) - e3fb79a3-1f86-42af-a80c-c46d1acdbc29: shutdown FollowerState
2019-11-04 16:02:11,171 [Thread-809] INFO  impl.RaftServerImpl (RaftServerImpl.java:setRole(184)) - e3fb79a3-1f86-42af-a80c-c46d1acdbc29@group-7855C2F36E53: changes role from  FOLLOWER to CANDIDATE at term 94 for changeToCandidate
2019-11-04 16:02:11,171 [Thread-809] INFO  impl.RoleInfo (RoleInfo.java:updateAndGet(143)) - e3fb79a3-1f86-42af-a80c-c46d1acdbc29: start LeaderElection
2019-11-04 16:02:11,194 [e3fb79a3-1f86-42af-a80c-c46d1acdbc29@group-7855C2F36E53-LeaderElection91] INFO  impl.LeaderElection (LeaderElection.java:askForVotes(178)) - e3fb79a3-1f86-42af-a80c-c46d1acdbc29@group-7855C2F36E53-LeaderElection91: begin an election at term 95 for -1: [e3fb79a3-1f86-42af-a80c-c46d1acdbc29:192.168.157.194:44142, 81ff859e-e76f-43f5-951a-4a38422068cb:192.168.157.194:46532, a9143d84-6d7f-497d-b770-eb75585db3c7:192.168.157.194:42126], old=null
2019-11-04 16:02:11,197 [grpc-default-executor-0] INFO  impl.RaftServerImpl (RaftServerImpl.java:setRole(184)) - a9143d84-6d7f-497d-b770-eb75585db3c7@group-7855C2F36E53: changes role from  FOLLOWER to FOLLOWER at term 95 for recognizeCandidate:e3fb79a3-1f86-42af-a80c-c46d1acdbc29
2019-11-04 16:02:11,198 [grpc-default-executor-0] INFO  impl.RoleInfo (RoleInfo.java:shutdownFollowerState(121)) - a9143d84-6d7f-497d-b770-eb75585db3c7: shutdown FollowerState
2019-11-04 16:02:11,198 [grpc-default-executor-0] INFO  impl.RoleInfo (RoleInfo.java:updateAndGet(143)) - a9143d84-6d7f-497d-b770-eb75585db3c7: start FollowerState
2019-11-04 16:02:11,198 [Thread-807] INFO  impl.FollowerState (FollowerState.java:run(117)) - a9143d84-6d7f-497d-b770-eb75585db3c7@group-7855C2F36E53-FollowerState was interrupted: java.lang.InterruptedException: sleep interrupted
2019-11-04 16:02:11,198 [grpc-default-executor-5] INFO  impl.RaftServerImpl (RaftServerImpl.java:setRole(184)) - 81ff859e-e76f-43f5-951a-4a38422068cb@group-7855C2F36E53: changes role from  FOLLOWER to FOLLOWER at term 95 for recognizeCandidate:e3fb79a3-1f86-42af-a80c-c46d1acdbc29
2019-11-04 16:02:11,198 [grpc-default-executor-5] INFO  impl.RoleInfo (RoleInfo.java:shutdownFollowerState(121)) - 81ff859e-e76f-43f5-951a-4a38422068cb: shutdown FollowerState
2019-11-04 16:02:11,199 [grpc-default-executor-5] INFO  impl.RoleInfo (RoleInfo.java:updateAndGet(143)) - 81ff859e-e76f-43f5-951a-4a38422068cb: start FollowerState
2019-11-04 16:02:11,199 [Thread-808] INFO  impl.FollowerState (FollowerState.java:run(117)) - 81ff859e-e76f-43f5-951a-4a38422068cb@group-7855C2F36E53-FollowerState was interrupted: java.lang.InterruptedException: sleep interrupted
2019-11-04 16:02:11,213 [e3fb79a3-1f86-42af-a80c-c46d1acdbc29@group-7855C2F36E53-LeaderElection91] INFO  impl.LeaderElection (LeaderElection.java:logAndReturn(56)) - e3fb79a3-1f86-42af-a80c-c46d1acdbc29@group-7855C2F36E53-LeaderElection91: Election REJECTED; received 2 response(s) [e3fb79a3-1f86-42af-a80c-c46d1acdbc29<-81ff859e-e76f-43f5-951a-4a38422068cb#0:FAIL-t95, e3fb79a3-1f86-42af-a80c-c46d1acdbc29<-a9143d84-6d7f-497d-b770-eb75585db3c7#0:FAIL-t95] and 0 exception(s); e3fb79a3-1f86-42af-a80c-c46d1acdbc29@group-7855C2F36E53:t95, leader=null, voted=e3fb79a3-1f86-42af-a80c-c46d1acdbc29, raftlog=e3fb79a3-1f86-42af-a80c-c46d1acdbc29@group-7855C2F36E53-SegmentedRaftLog:OPENED:c-1,f-1,i0, conf=-1: [e3fb79a3-1f86-42af-a80c-c46d1acdbc29:192.168.157.194:44142, 81ff859e-e76f-43f5-951a-4a38422068cb:192.168.157.194:46532, a9143d84-6d7f-497d-b770-eb75585db3c7:192.168.157.194:42126], old=null
2019-11-04 16:02:11,214 [e3fb79a3-1f86-42af-a80c-c46d1acdbc29@group-7855C2F36E53-LeaderElection91] INFO  impl.RaftServerImpl (RaftServerImpl.java:setRole(184)) - e3fb79a3-1f86-42af-a80c-c46d1acdbc29@group-7855C2F36E53: changes role from CANDIDATE to FOLLOWER at term 95 for DISCOVERED_A_NEW_TERM
2019-11-04 16:02:11,214 [e3fb79a3-1f86-42af-a80c-c46d1acdbc29@group-7855C2F36E53-LeaderElection91] INFO  impl.RoleInfo (RoleInfo.java:shutdownLeaderElection(134)) - e3fb79a3-1f86-42af-a80c-c46d1acdbc29: shutdown LeaderElection
2019-11-04 16:02:11,214 [e3fb79a3-1f86-42af-a80c-c46d1acdbc29@group-7855C2F36E53-LeaderElection91] INFO  impl.RoleInfo (RoleInfo.java:updateAndGet(143)) - e3fb79a3-1f86-42af-a80c-c46d1acdbc29: start FollowerState
2019-11-04 16:02:11,319 [Thread-815] INFO  impl.FollowerState (FollowerState.java:run(108)) - e3fb79a3-1f86-42af-a80c-c46d1acdbc29@group-7855C2F36E53-FollowerState: change to CANDIDATE, lastRpcTime:105ms, electionTimeout:105ms
2019-11-04 16:02:11,320 [Thread-815] INFO  impl.RoleInfo (RoleInfo.java:shutdownFollowerState(121)) - e3fb79a3-1f86-42af-a80c-c46d1acdbc29: shutdown FollowerState
2019-11-04 16:02:11,320 [Thread-815] INFO  impl.RaftServerImpl (RaftServerImpl.java:setRole(184)) - e3fb79a3-1f86-42af-a80c-c46d1acdbc29@group-7855C2F36E53: changes role from  FOLLOWER to CANDIDATE at term 95 for changeToCandidate
2019-11-04 16:02:11,320 [Thread-815] INFO  impl.RoleInfo (RoleInfo.java:updateAndGet(143)) - e3fb79a3-1f86-42af-a80c-c46d1acdbc29: start LeaderElection
2019-11-04 16:02:11,345 [e3fb79a3-1f86-42af-a80c-c46d1acdbc29@group-7855C2F36E53-LeaderElection92] INFO  impl.LeaderElection (LeaderElection.java:askForVotes(178)) - e3fb79a3-1f86-42af-a80c-c46d1acdbc29@group-7855C2F36E53-LeaderElection92: begin an election at term 96 for -1: [e3fb79a3-1f86-42af-a80c-c46d1acdbc29:192.168.157.194:44142, 81ff859e-e76f-43f5-951a-4a38422068cb:192.168.157.194:46532, a9143d84-6d7f-497d-b770-eb75585db3c7:192.168.157.194:42126], old=null
2019-11-04 16:02:11,349 [grpc-default-executor-5] INFO  impl.RaftServerImpl (RaftServerImpl.java:setRole(184)) - a9143d84-6d7f-497d-b770-eb75585db3c7@group-7855C2F36E53: changes role from  FOLLOWER to FOLLOWER at term 96 for recognizeCandidate:e3fb79a3-1f86-42af-a80c-c46d1acdbc29
2019-11-04 16:02:11,349 [grpc-default-executor-0] INFO  impl.RaftServerImpl (RaftServerImpl.java:setRole(184)) - 81ff859e-e76f-43f5-951a-4a38422068cb@group-7855C2F36E53: changes role from  FOLLOWER to FOLLOWER at term 96 for recognizeCandidate:e3fb79a3-1f86-42af-a80c-c46d1acdbc29
2019-11-04 16:02:11,349 [grpc-default-executor-5] INFO  impl.RoleInfo (RoleInfo.java:shutdownFollowerState(121)) - a9143d84-6d7f-497d-b770-eb75585db3c7: shutdown FollowerState
2019-11-04 16:02:11,349 [grpc-default-executor-0] INFO  impl.RoleInfo (RoleInfo.java:shutdownFollowerState(121)) - 81ff859e-e76f-43f5-951a-4a38422068cb: shutdown FollowerState
2019-11-04 16:02:11,349 [Thread-813] INFO  impl.FollowerState (FollowerState.java:run(117)) - a9143d84-6d7f-497d-b770-eb75585db3c7@group-7855C2F36E53-FollowerState was interrupted: java.lang.InterruptedException: sleep interrupted
2019-11-04 16:02:11,349 [grpc-default-executor-5] INFO  impl.RoleInfo (RoleInfo.java:updateAndGet(143)) - a9143d84-6d7f-497d-b770-eb75585db3c7: start FollowerState
2019-11-04 16:02:11,349 [Thread-814] INFO  impl.FollowerState (FollowerState.java:run(117)) - 81ff859e-e76f-43f5-951a-4a38422068cb@group-7855C2F36E53-FollowerState was interrupted: java.lang.InterruptedException: sleep interrupted
2019-11-04 16:02:11,349 [grpc-default-executor-0] INFO  impl.RoleInfo (RoleInfo.java:updateAndGet(143)) - 81ff859e-e76f-43f5-951a-4a38422068cb: start FollowerState
2019-11-04 16:02:11,365 [e3fb79a3-1f86-42af-a80c-c46d1acdbc29@group-7855C2F36E53-LeaderElection92] INFO  impl.LeaderElection (LeaderElection.java:logAndReturn(56)) - e3fb79a3-1f86-42af-a80c-c46d1acdbc29@group-7855C2F36E53-LeaderElection92: Election REJECTED; received 2 response(s) [e3fb79a3-1f86-42af-a80c-c46d1acdbc29<-81ff859e-e76f-43f5-951a-4a38422068cb#0:FAIL-t96, e3fb79a3-1f86-42af-a80c-c46d1acdbc29<-a9143d84-6d7f-497d-b770-eb75585db3c7#0:FAIL-t96] and 0 exception(s); e3fb79a3-1f86-42af-a80c-c46d1acdbc29@group-7855C2F36E53:t96, leader=null, voted=e3fb79a3-1f86-42af-a80c-c46d1acdbc29, raftlog=e3fb79a3-1f86-42af-a80c-c46d1acdbc29@group-7855C2F36E53-SegmentedRaftLog:OPENED:c-1,f-1,i0, conf=-1: [e3fb79a3-1f86-42af-a80c-c46d1acdbc29:192.168.157.194:44142, 81ff859e-e76f-43f5-951a-4a38422068cb:192.168.157.194:46532, a9143d84-6d7f-497d-b770-eb75585db3c7:192.168.157.194:42126], old=null
2019-11-04 16:02:11,366 [e3fb79a3-1f86-42af-a80c-c46d1acdbc29@group-7855C2F36E53-LeaderElection92] INFO  impl.RaftServerImpl (RaftServerImpl.java:setRole(184)) - e3fb79a3-1f86-42af-a80c-c46d1acdbc29@group-7855C2F36E53: changes role from CANDIDATE to FOLLOWER at term 96 for DISCOVERED_A_NEW_TERM
2019-11-04 16:02:11,366 [e3fb79a3-1f86-42af-a80c-c46d1acdbc29@group-7855C2F36E53-LeaderElection92] INFO  impl.RoleInfo (RoleInfo.java:shutdownLeaderElection(134)) - e3fb79a3-1f86-42af-a80c-c46d1acdbc29: shutdown LeaderElection
2019-11-04 16:02:11,366 [e3fb79a3-1f86-42af-a80c-c46d1acdbc29@group-7855C2F36E53-LeaderElection92] INFO  impl.RoleInfo (RoleInfo.java:updateAndGet(143)) - e3fb79a3-1f86-42af-a80c-c46d1acdbc29: start FollowerState
2019-11-04 16:02:11,371 [Thread-821] INFO  impl.FollowerState (FollowerState.java:run(108)) - e3fb79a3-1f86-42af-a80c-c46d1acdbc29@group-7855C2F36E53-FollowerState: change to CANDIDATE, lastRpcTime:4ms, electionTimeout:3ms
2019-11-04 16:02:11,374 [Thread-821] INFO  impl.RoleInfo (RoleInfo.java:shutdownFollowerState(121)) - e3fb79a3-1f86-42af-a80c-c46d1acdbc29: shutdown FollowerState
2019-11-04 16:02:11,374 [Thread-821] INFO  impl.RaftServerImpl (RaftServerImpl.java:setRole(184)) - e3fb79a3-1f86-42af-a80c-c46d1acdbc29@group-7855C2F36E53: changes role from  FOLLOWER to CANDIDATE at term 96 for changeToCandidate
2019-11-04 16:02:11,374 [Thread-821] INFO  impl.RoleInfo (RoleInfo.java:updateAndGet(143)) - e3fb79a3-1f86-42af-a80c-c46d1acdbc29: start LeaderElection
2019-11-04 16:02:11,399 [e3fb79a3-1f86-42af-a80c-c46d1acdbc29@group-7855C2F36E53-LeaderElection93] INFO  impl.LeaderElection (LeaderElection.java:askForVotes(178)) - e3fb79a3-1f86-42af-a80c-c46d1acdbc29@group-7855C2F36E53-LeaderElection93: begin an election at term 97 for -1: [e3fb79a3-1f86-42af-a80c-c46d1acdbc29:192.168.157.194:44142, 81ff859e-e76f-43f5-951a-4a38422068cb:192.168.157.194:46532, a9143d84-6d7f-497d-b770-eb75585db3c7:192.168.157.194:42126], old=null
2019-11-04 16:02:11,402 [grpc-default-executor-0] INFO  impl.RaftServerImpl (RaftServerImpl.java:setRole(184)) - a9143d84-6d7f-497d-b770-eb75585db3c7@group-7855C2F36E53: changes role from  FOLLOWER to FOLLOWER at term 97 for recognizeCandidate:e3fb79a3-1f86-42af-a80c-c46d1acdbc29
2019-11-04 16:02:11,402 [grpc-default-executor-0] INFO  impl.RoleInfo (RoleInfo.java:shutdownFollowerState(121)) - a9143d84-6d7f-497d-b770-eb75585db3c7: shutdown FollowerState
2019-11-04 16:02:11,402 [grpc-default-executor-5] INFO  impl.RaftServerImpl (RaftServerImpl.java:setRole(184)) - 81ff859e-e76f-43f5-951a-4a38422068cb@group-7855C2F36E53: changes role from  FOLLOWER to FOLLOWER at term 97 for recognizeCandidate:e3fb79a3-1f86-42af-a80c-c46d1acdbc29
2019-11-04 16:02:11,402 [Thread-819] INFO  impl.FollowerState (FollowerState.java:run(117)) - a9143d84-6d7f-497d-b770-eb75585db3c7@group-7855C2F36E53-FollowerState was interrupted: java.lang.InterruptedException: sleep interrupted
2019-11-04 16:02:11,402 [grpc-default-executor-0] INFO  impl.RoleInfo (RoleInfo.java:updateAndGet(143)) - a9143d84-6d7f-497d-b770-eb75585db3c7: start FollowerState
2019-11-04 16:02:11,402 [grpc-default-executor-5] INFO  impl.RoleInfo (RoleInfo.java:shutdownFollowerState(121)) - 81ff859e-e76f-43f5-951a-4a38422068cb: shutdown FollowerState
2019-11-04 16:02:11,403 [grpc-default-executor-5] INFO  impl.RoleInfo (RoleInfo.java:updateAndGet(143)) - 81ff859e-e76f-43f5-951a-4a38422068cb: start FollowerState
2019-11-04 16:02:11,403 [Thread-820] INFO  impl.FollowerState (FollowerState.java:run(117)) - 81ff859e-e76f-43f5-951a-4a38422068cb@group-7855C2F36E53-FollowerState was interrupted: java.lang.InterruptedException: sleep interrupted
2019-11-04 16:02:11,420 [e3fb79a3-1f86-42af-a80c-c46d1acdbc29@group-7855C2F36E53-LeaderElection93] INFO  impl.LeaderElection (LeaderElection.java:logAndReturn(56)) - e3fb79a3-1f86-42af-a80c-c46d1acdbc29@group-7855C2F36E53-LeaderElection93: Election REJECTED; received 2 response(s) [e3fb79a3-1f86-42af-a80c-c46d1acdbc29<-81ff859e-e76f-43f5-951a-4a38422068cb#0:FAIL-t97, e3fb79a3-1f86-42af-a80c-c46d1acdbc29<-a9143d84-6d7f-497d-b770-eb75585db3c7#0:FAIL-t97] and 0 exception(s); e3fb79a3-1f86-42af-a80c-c46d1acdbc29@group-7855C2F36E53:t97, leader=null, voted=e3fb79a3-1f86-42af-a80c-c46d1acdbc29, raftlog=e3fb79a3-1f86-42af-a80c-c46d1acdbc29@group-7855C2F36E53-SegmentedRaftLog:OPENED:c-1,f-1,i0, conf=-1: [e3fb79a3-1f86-42af-a80c-c46d1acdbc29:192.168.157.194:44142, 81ff859e-e76f-43f5-951a-4a38422068cb:192.168.157.194:46532, a9143d84-6d7f-497d-b770-eb75585db3c7:192.168.157.194:42126], old=null
2019-11-04 16:02:11,420 [e3fb79a3-1f86-42af-a80c-c46d1acdbc29@group-7855C2F36E53-LeaderElection93] INFO  impl.RaftServerImpl (RaftServerImpl.java:setRole(184)) - e3fb79a3-1f86-42af-a80c-c46d1acdbc29@group-7855C2F36E53: changes role from CANDIDATE to FOLLOWER at term 97 for DISCOVERED_A_NEW_TERM
2019-11-04 16:02:11,420 [e3fb79a3-1f86-42af-a80c-c46d1acdbc29@group-7855C2F36E53-LeaderElection93] INFO  impl.RoleInfo (RoleInfo.java:shutdownLeaderElection(134)) - e3fb79a3-1f86-42af-a80c-c46d1acdbc29: shutdown LeaderElection
2019-11-04 16:02:11,420 [e3fb79a3-1f86-42af-a80c-c46d1acdbc29@group-7855C2F36E53-LeaderElection93] INFO  impl.RoleInfo (RoleInfo.java:updateAndGet(143)) - e3fb79a3-1f86-42af-a80c-c46d1acdbc29: start FollowerState
2019-11-04 16:02:11,505 [Thread-827] INFO  impl.FollowerState (FollowerState.java:run(108)) - e3fb79a3-1f86-42af-a80c-c46d1acdbc29@group-7855C2F36E53-FollowerState: change to CANDIDATE, lastRpcTime:85ms, electionTimeout:85ms
2019-11-04 16:02:11,506 [Thread-827] INFO  impl.RoleInfo (RoleInfo.java:shutdownFollowerState(121)) - e3fb79a3-1f86-42af-a80c-c46d1acdbc29: shutdown FollowerState
2019-11-04 16:02:11,506 [Thread-827] INFO  impl.RaftServerImpl (RaftServerImpl.java:setRole(184)) - e3fb79a3-1f86-42af-a80c-c46d1acdbc29@group-7855C2F36E53: changes role from  FOLLOWER to CANDIDATE at term 97 for changeToCandidate
2019-11-04 16:02:11,506 [Thread-827] INFO  impl.RoleInfo (RoleInfo.java:updateAndGet(143)) - e3fb79a3-1f86-42af-a80c-c46d1acdbc29: start LeaderElection
2019-11-04 16:02:11,522 [e3fb79a3-1f86-42af-a80c-c46d1acdbc29@group-7855C2F36E53-LeaderElection94] INFO  impl.LeaderElection (LeaderElection.java:askForVotes(178)) - e3fb79a3-1f86-42af-a80c-c46d1acdbc29@group-7855C2F36E53-LeaderElection94: begin an election at term 98 for -1: [e3fb79a3-1f86-42af-a80c-c46d1acdbc29:192.168.157.194:44142, 81ff859e-e76f-43f5-951a-4a38422068cb:192.168.157.194:46532, a9143d84-6d7f-497d-b770-eb75585db3c7:192.168.157.194:42126], old=null
2019-11-04 16:02:11,525 [grpc-default-executor-5] INFO  impl.RaftServerImpl (RaftServerImpl.java:setRole(184)) - 81ff859e-e76f-43f5-951a-4a38422068cb@group-7855C2F36E53: changes role from  FOLLOWER to FOLLOWER at term 98 for recognizeCandidate:e3fb79a3-1f86-42af-a80c-c46d1acdbc29
2019-11-04 16:02:11,526 [grpc-default-executor-5] INFO  impl.RoleInfo (RoleInfo.java:shutdownFollowerState(121)) - 81ff859e-e76f-43f5-951a-4a38422068cb: shutdown FollowerState
2019-11-04 16:02:11,526 [grpc-default-executor-0] INFO  impl.RaftServerImpl (RaftServerImpl.java:setRole(184)) - a9143d84-6d7f-497d-b770-eb75585db3c7@group-7855C2F36E53: changes role from  FOLLOWER to FOLLOWER at term 98 for recognizeCandidate:e3fb79a3-1f86-42af-a80c-c46d1acdbc29
2019-11-04 16:02:11,526 [grpc-default-executor-0] INFO  impl.RoleInfo (RoleInfo.java:shutdownFollowerState(121)) - a9143d84-6d7f-497d-b770-eb75585db3c7: shutdown FollowerState
2019-11-04 16:02:11,526 [grpc-default-executor-5] INFO  impl.RoleInfo (RoleInfo.java:updateAndGet(143)) - 81ff859e-e76f-43f5-951a-4a38422068cb: start FollowerState
2019-11-04 16:02:11,526 [Thread-826] INFO  impl.FollowerState (FollowerState.java:run(117)) - 81ff859e-e76f-43f5-951a-4a38422068cb@group-7855C2F36E53-FollowerState was interrupted: java.lang.InterruptedException: sleep interrupted
2019-11-04 16:02:11,526 [Thread-825] INFO  impl.FollowerState (FollowerState.java:run(117)) - a9143d84-6d7f-497d-b770-eb75585db3c7@group-7855C2F36E53-FollowerState was interrupted: java.lang.InterruptedException: sleep interrupted
2019-11-04 16:02:11,526 [grpc-default-executor-0] INFO  impl.RoleInfo (RoleInfo.java:updateAndGet(143)) - a9143d84-6d7f-497d-b770-eb75585db3c7: start FollowerState
2019-11-04 16:02:11,541 [e3fb79a3-1f86-42af-a80c-c46d1acdbc29@group-7855C2F36E53-LeaderElection94] INFO  impl.LeaderElection (LeaderElection.java:logAndReturn(56)) - e3fb79a3-1f86-42af-a80c-c46d1acdbc29@group-7855C2F36E53-LeaderElection94: Election REJECTED; received 2 response(s) [e3fb79a3-1f86-42af-a80c-c46d1acdbc29<-81ff859e-e76f-43f5-951a-4a38422068cb#0:FAIL-t98, e3fb79a3-1f86-42af-a80c-c46d1acdbc29<-a9143d84-6d7f-497d-b770-eb75585db3c7#0:FAIL-t98] and 0 exception(s); e3fb79a3-1f86-42af-a80c-c46d1acdbc29@group-7855C2F36E53:t98, leader=null, voted=e3fb79a3-1f86-42af-a80c-c46d1acdbc29, raftlog=e3fb79a3-1f86-42af-a80c-c46d1acdbc29@group-7855C2F36E53-SegmentedRaftLog:OPENED:c-1,f-1,i0, conf=-1: [e3fb79a3-1f86-42af-a80c-c46d1acdbc29:192.168.157.194:44142, 81ff859e-e76f-43f5-951a-4a38422068cb:192.168.157.194:46532, a9143d84-6d7f-497d-b770-eb75585db3c7:192.168.157.194:42126], old=null
2019-11-04 16:02:11,541 [e3fb79a3-1f86-42af-a80c-c46d1acdbc29@group-7855C2F36E53-LeaderElection94] INFO  impl.RaftServerImpl (RaftServerImpl.java:setRole(184)) - e3fb79a3-1f86-42af-a80c-c46d1acdbc29@group-7855C2F36E53: changes role from CANDIDATE to FOLLOWER at term 98 for DISCOVERED_A_NEW_TERM
2019-11-04 16:02:11,542 [e3fb79a3-1f86-42af-a80c-c46d1acdbc29@group-7855C2F36E53-LeaderElection94] INFO  impl.RoleInfo (RoleInfo.java:shutdownLeaderElection(134)) - e3fb79a3-1f86-42af-a80c-c46d1acdbc29: shutdown LeaderElection
2019-11-04 16:02:11,542 [e3fb79a3-1f86-42af-a80c-c46d1acdbc29@group-7855C2F36E53-LeaderElection94] INFO  impl.RoleInfo (RoleInfo.java:updateAndGet(143)) - e3fb79a3-1f86-42af-a80c-c46d1acdbc29: start FollowerState
2019-11-04 16:02:11,607 [Thread-833] INFO  impl.FollowerState (FollowerState.java:run(108)) - e3fb79a3-1f86-42af-a80c-c46d1acdbc29@group-7855C2F36E53-FollowerState: change to CANDIDATE, lastRpcTime:65ms, electionTimeout:65ms
2019-11-04 16:02:11,607 [Thread-833] INFO  impl.RoleInfo (RoleInfo.java:shutdownFollowerState(121)) - e3fb79a3-1f86-42af-a80c-c46d1acdbc29: shutdown FollowerState
2019-11-04 16:02:11,607 [Thread-833] INFO  impl.RaftServerImpl (RaftServerImpl.java:setRole(184)) - e3fb79a3-1f86-42af-a80c-c46d1acdbc29@group-7855C2F36E53: changes role from  FOLLOWER to CANDIDATE at term 98 for changeToCandidate
2019-11-04 16:02:11,608 [Thread-833] INFO  impl.RoleInfo (RoleInfo.java:updateAndGet(143)) - e3fb79a3-1f86-42af-a80c-c46d1acdbc29: start LeaderElection
2019-11-04 16:02:11,618 [e3fb79a3-1f86-42af-a80c-c46d1acdbc29@group-7855C2F36E53-LeaderElection95] INFO  impl.LeaderElection (LeaderElection.java:askForVotes(178)) - e3fb79a3-1f86-42af-a80c-c46d1acdbc29@group-7855C2F36E53-LeaderElection95: begin an election at term 99 for -1: [e3fb79a3-1f86-42af-a80c-c46d1acdbc29:192.168.157.194:44142, 81ff859e-e76f-43f5-951a-4a38422068cb:192.168.157.194:46532, a9143d84-6d7f-497d-b770-eb75585db3c7:192.168.157.194:42126], old=null
2019-11-04 16:02:11,621 [grpc-default-executor-0] INFO  impl.RaftServerImpl (RaftServerImpl.java:setRole(184)) - 81ff859e-e76f-43f5-951a-4a38422068cb@group-7855C2F36E53: changes role from  FOLLOWER to FOLLOWER at term 99 for recognizeCandidate:e3fb79a3-1f86-42af-a80c-c46d1acdbc29
2019-11-04 16:02:11,621 [grpc-default-executor-0] INFO  impl.RoleInfo (RoleInfo.java:shutdownFollowerState(121)) - 81ff859e-e76f-43f5-951a-4a38422068cb: shutdown FollowerState
2019-11-04 16:02:11,621 [grpc-default-executor-5] INFO  impl.RaftServerImpl (RaftServerImpl.java:setRole(184)) - a9143d84-6d7f-497d-b770-eb75585db3c7@group-7855C2F36E53: changes role from  FOLLOWER to FOLLOWER at term 99 for recognizeCandidate:e3fb79a3-1f86-42af-a80c-c46d1acdbc29
2019-11-04 16:02:11,621 [grpc-default-executor-5] INFO  impl.RoleInfo (RoleInfo.java:shutdownFollowerState(121)) - a9143d84-6d7f-497d-b770-eb75585db3c7: shutdown FollowerState
2019-11-04 16:02:11,621 [Thread-831] INFO  impl.FollowerState (FollowerState.java:run(117)) - 81ff859e-e76f-43f5-951a-4a38422068cb@group-7855C2F36E53-FollowerState was interrupted: java.lang.InterruptedException: sleep interrupted
2019-11-04 16:02:11,621 [grpc-default-executor-0] INFO  impl.RoleInfo (RoleInfo.java:updateAndGet(143)) - 81ff859e-e76f-43f5-951a-4a38422068cb: start FollowerState
2019-11-04 16:02:11,621 [Thread-832] INFO  impl.FollowerState (FollowerState.java:run(117)) - a9143d84-6d7f-497d-b770-eb75585db3c7@group-7855C2F36E53-FollowerState was interrupted: java.lang.InterruptedException: sleep interrupted
2019-11-04 16:02:11,621 [grpc-default-executor-5] INFO  impl.RoleInfo (RoleInfo.java:updateAndGet(143)) - a9143d84-6d7f-497d-b770-eb75585db3c7: start FollowerState
2019-11-04 16:02:11,647 [e3fb79a3-1f86-42af-a80c-c46d1acdbc29@group-7855C2F36E53-LeaderElection95] INFO  impl.LeaderElection (LeaderElection.java:logAndReturn(56)) - e3fb79a3-1f86-42af-a80c-c46d1acdbc29@group-7855C2F36E53-LeaderElection95: Election REJECTED; received 2 response(s) [e3fb79a3-1f86-42af-a80c-c46d1acdbc29<-81ff859e-e76f-43f5-951a-4a38422068cb#0:FAIL-t99, e3fb79a3-1f86-42af-a80c-c46d1acdbc29<-a9143d84-6d7f-497d-b770-eb75585db3c7#0:FAIL-t99] and 0 exception(s); e3fb79a3-1f86-42af-a80c-c46d1acdbc29@group-7855C2F36E53:t99, leader=null, voted=e3fb79a3-1f86-42af-a80c-c46d1acdbc29, raftlog=e3fb79a3-1f86-42af-a80c-c46d1acdbc29@group-7855C2F36E53-SegmentedRaftLog:OPENED:c-1,f-1,i0, conf=-1: [e3fb79a3-1f86-42af-a80c-c46d1acdbc29:192.168.157.194:44142, 81ff859e-e76f-43f5-951a-4a38422068cb:192.168.157.194:46532, a9143d84-6d7f-497d-b770-eb75585db3c7:192.168.157.194:42126], old=null
2019-11-04 16:02:11,647 [e3fb79a3-1f86-42af-a80c-c46d1acdbc29@group-7855C2F36E53-LeaderElection95] INFO  impl.RaftServerImpl (RaftServerImpl.java:setRole(184)) - e3fb79a3-1f86-42af-a80c-c46d1acdbc29@group-7855C2F36E53: changes role from CANDIDATE to FOLLOWER at term 99 for DISCOVERED_A_NEW_TERM
2019-11-04 16:02:11,647 [e3fb79a3-1f86-42af-a80c-c46d1acdbc29@group-7855C2F36E53-LeaderElection95] INFO  impl.RoleInfo (RoleInfo.java:shutdownLeaderElection(134)) - e3fb79a3-1f86-42af-a80c-c46d1acdbc29: shutdown LeaderElection
2019-11-04 16:02:11,647 [e3fb79a3-1f86-42af-a80c-c46d1acdbc29@group-7855C2F36E53-LeaderElection95] INFO  impl.RoleInfo (RoleInfo.java:updateAndGet(143)) - e3fb79a3-1f86-42af-a80c-c46d1acdbc29: start FollowerState
2019-11-04 16:02:11,807 [Thread-839] INFO  impl.FollowerState (FollowerState.java:run(108)) - e3fb79a3-1f86-42af-a80c-c46d1acdbc29@group-7855C2F36E53-FollowerState: change to CANDIDATE, lastRpcTime:159ms, electionTimeout:159ms
2019-11-04 16:02:11,807 [Thread-839] INFO  impl.RoleInfo (RoleInfo.java:shutdownFollowerState(121)) - e3fb79a3-1f86-42af-a80c-c46d1acdbc29: shutdown FollowerState
2019-11-04 16:02:11,807 [Thread-839] INFO  impl.RaftServerImpl (RaftServerImpl.java:setRole(184)) - e3fb79a3-1f86-42af-a80c-c46d1acdbc29@group-7855C2F36E53: changes role from  FOLLOWER to CANDIDATE at term 99 for changeToCandidate
2019-11-04 16:02:11,807 [Thread-839] INFO  impl.RoleInfo (RoleInfo.java:updateAndGet(143)) - e3fb79a3-1f86-42af-a80c-c46d1acdbc29: start LeaderElection
2019-11-04 16:02:11,812 [e3fb79a3-1f86-42af-a80c-c46d1acdbc29@group-7855C2F36E53-LeaderElection96] INFO  impl.LeaderElection (LeaderElection.java:askForVotes(178)) - e3fb79a3-1f86-42af-a80c-c46d1acdbc29@group-7855C2F36E53-LeaderElection96: begin an election at term 100 for -1: [e3fb79a3-1f86-42af-a80c-c46d1acdbc29:192.168.157.194:44142, 81ff859e-e76f-43f5-951a-4a38422068cb:192.168.157.194:46532, a9143d84-6d7f-497d-b770-eb75585db3c7:192.168.157.194:42126], old=null
2019-11-04 16:02:11,814 [grpc-default-executor-5] INFO  impl.RaftServerImpl (RaftServerImpl.java:setRole(184)) - 81ff859e-e76f-43f5-951a-4a38422068cb@group-7855C2F36E53: changes role from  FOLLOWER to FOLLOWER at term 100 for recognizeCandidate:e3fb79a3-1f86-42af-a80c-c46d1acdbc29
2019-11-04 16:02:11,815 [grpc-default-executor-5] INFO  impl.RoleInfo (RoleInfo.java:shutdownFollowerState(121)) - 81ff859e-e76f-43f5-951a-4a38422068cb: shutdown FollowerState
2019-11-04 16:02:11,815 [grpc-default-executor-0] INFO  impl.RaftServerImpl (RaftServerImpl.java:setRole(184)) - a9143d84-6d7f-497d-b770-eb75585db3c7@group-7855C2F36E53: changes role from  FOLLOWER to FOLLOWER at term 100 for recognizeCandidate:e3fb79a3-1f86-42af-a80c-c46d1acdbc29
2019-11-04 16:02:11,815 [grpc-default-executor-0] INFO  impl.RoleInfo (RoleInfo.java:shutdownFollowerState(121)) - a9143d84-6d7f-497d-b770-eb75585db3c7: shutdown FollowerState
2019-11-04 16:02:11,815 [Thread-837] INFO  impl.FollowerState (FollowerState.java:run(117)) - 81ff859e-e76f-43f5-951a-4a38422068cb@group-7855C2F36E53-FollowerState was interrupted: java.lang.InterruptedException: sleep interrupted
2019-11-04 16:02:11,815 [grpc-default-executor-5] INFO  impl.RoleInfo (RoleInfo.java:updateAndGet(143)) - 81ff859e-e76f-43f5-951a-4a38422068cb: start FollowerState
2019-11-04 16:02:11,815 [Thread-838] INFO  impl.FollowerState (FollowerState.java:run(117)) - a9143d84-6d7f-497d-b770-eb75585db3c7@group-7855C2F36E53-FollowerState was interrupted: java.lang.InterruptedException: sleep interrupted
2019-11-04 16:02:11,815 [grpc-default-executor-0] INFO  impl.RoleInfo (RoleInfo.java:updateAndGet(143)) - a9143d84-6d7f-497d-b770-eb75585db3c7: start FollowerState
2019-11-04 16:02:11,830 [e3fb79a3-1f86-42af-a80c-c46d1acdbc29@group-7855C2F36E53-LeaderElection96] INFO  impl.LeaderElection (LeaderElection.java:logAndReturn(56)) - e3fb79a3-1f86-42af-a80c-c46d1acdbc29@group-7855C2F36E53-LeaderElection96: Election REJECTED; received 2 response(s) [e3fb79a3-1f86-42af-a80c-c46d1acdbc29<-81ff859e-e76f-43f5-951a-4a38422068cb#0:FAIL-t100, e3fb79a3-1f86-42af-a80c-c46d1acdbc29<-a9143d84-6d7f-497d-b770-eb75585db3c7#0:FAIL-t100] and 0 exception(s); e3fb79a3-1f86-42af-a80c-c46d1acdbc29@group-7855C2F36E53:t100, leader=null, voted=e3fb79a3-1f86-42af-a80c-c46d1acdbc29, raftlog=e3fb79a3-1f86-42af-a80c-c46d1acdbc29@group-7855C2F36E53-SegmentedRaftLog:OPENED:c-1,f-1,i0, conf=-1: [e3fb79a3-1f86-42af-a80c-c46d1acdbc29:192.168.157.194:44142, 81ff859e-e76f-43f5-951a-4a38422068cb:192.168.157.194:46532, a9143d84-6d7f-497d-b770-eb75585db3c7:192.168.157.194:42126], old=null
2019-11-04 16:02:11,830 [e3fb79a3-1f86-42af-a80c-c46d1acdbc29@group-7855C2F36E53-LeaderElection96] INFO  impl.RaftServerImpl (RaftServerImpl.java:setRole(184)) - e3fb79a3-1f86-42af-a80c-c46d1acdbc29@group-7855C2F36E53: changes role from CANDIDATE to FOLLOWER at term 100 for DISCOVERED_A_NEW_TERM
2019-11-04 16:02:11,831 [e3fb79a3-1f86-42af-a80c-c46d1acdbc29@group-7855C2F36E53-LeaderElection96] INFO  impl.RoleInfo (RoleInfo.java:shutdownLeaderElection(134)) - e3fb79a3-1f86-42af-a80c-c46d1acdbc29: shutdown LeaderElection
2019-11-04 16:02:11,831 [e3fb79a3-1f86-42af-a80c-c46d1acdbc29@group-7855C2F36E53-LeaderElection96] INFO  impl.RoleInfo (RoleInfo.java:updateAndGet(143)) - e3fb79a3-1f86-42af-a80c-c46d1acdbc29: start FollowerState
2019-11-04 16:02:11,841 [Thread-845] INFO  impl.FollowerState (FollowerState.java:run(108)) - e3fb79a3-1f86-42af-a80c-c46d1acdbc29@group-7855C2F36E53-FollowerState: change to CANDIDATE, lastRpcTime:10ms, electionTimeout:10ms
2019-11-04 16:02:11,841 [Thread-845] INFO  impl.RoleInfo (RoleInfo.java:shutdownFollowerState(121)) - e3fb79a3-1f86-42af-a80c-c46d1acdbc29: shutdown FollowerState
2019-11-04 16:02:11,842 [Thread-845] INFO  impl.RaftServerImpl (RaftServerImpl.java:setRole(184)) - e3fb79a3-1f86-42af-a80c-c46d1acdbc29@group-7855C2F36E53: changes role from  FOLLOWER to CANDIDATE at term 100 for changeToCandidate
2019-11-04 16:02:11,842 [Thread-845] INFO  impl.RoleInfo (RoleInfo.java:updateAndGet(143)) - e3fb79a3-1f86-42af-a80c-c46d1acdbc29: start LeaderElection
2019-11-04 16:02:11,845 [e3fb79a3-1f86-42af-a80c-c46d1acdbc29@group-7855C2F36E53-LeaderElection97] INFO  impl.LeaderElection (LeaderElection.java:askForVotes(178)) - e3fb79a3-1f86-42af-a80c-c46d1acdbc29@group-7855C2F36E53-LeaderElection97: begin an election at term 101 for -1: [e3fb79a3-1f86-42af-a80c-c46d1acdbc29:192.168.157.194:44142, 81ff859e-e76f-43f5-951a-4a38422068cb:192.168.157.194:46532, a9143d84-6d7f-497d-b770-eb75585db3c7:192.168.157.194:42126], old=null
2019-11-04 16:02:11,848 [grpc-default-executor-5] INFO  impl.RaftServerImpl (RaftServerImpl.java:setRole(184)) - 81ff859e-e76f-43f5-951a-4a38422068cb@group-7855C2F36E53: changes role from  FOLLOWER to FOLLOWER at term 101 for recognizeCandidate:e3fb79a3-1f86-42af-a80c-c46d1acdbc29
2019-11-04 16:02:11,848 [grpc-default-executor-5] INFO  impl.RoleInfo (RoleInfo.java:shutdownFollowerState(121)) - 81ff859e-e76f-43f5-951a-4a38422068cb: shutdown FollowerState
2019-11-04 16:02:11,848 [grpc-default-executor-5] INFO  impl.RoleInfo (RoleInfo.java:updateAndGet(143)) - 81ff859e-e76f-43f5-951a-4a38422068cb: start FollowerState
2019-11-04 16:02:11,848 [grpc-default-executor-0] INFO  impl.RaftServerImpl (RaftServerImpl.java:setRole(184)) - a9143d84-6d7f-497d-b770-eb75585db3c7@group-7855C2F36E53: changes role from  FOLLOWER to FOLLOWER at term 101 for recognizeCandidate:e3fb79a3-1f86-42af-a80c-c46d1acdbc29
2019-11-04 16:02:11,848 [grpc-default-executor-0] INFO  impl.RoleInfo (RoleInfo.java:shutdownFollowerState(121)) - a9143d84-6d7f-497d-b770-eb75585db3c7: shutdown FollowerState
2019-11-04 16:02:11,848 [Thread-843] INFO  impl.FollowerState (FollowerState.java:run(117)) - 81ff859e-e76f-43f5-951a-4a38422068cb@group-7855C2F36E53-FollowerState was interrupted: java.lang.InterruptedException: sleep interrupted
2019-11-04 16:02:11,849 [Thread-844] INFO  impl.FollowerState (FollowerState.java:run(117)) - a9143d84-6d7f-497d-b770-eb75585db3c7@group-7855C2F36E53-FollowerState was interrupted: java.lang.InterruptedException: sleep interrupted
2019-11-04 16:02:11,849 [grpc-default-executor-0] INFO  impl.RoleInfo (RoleInfo.java:updateAndGet(143)) - a9143d84-6d7f-497d-b770-eb75585db3c7: start FollowerState
2019-11-04 16:02:11,871 [e3fb79a3-1f86-42af-a80c-c46d1acdbc29@group-7855C2F36E53-LeaderElection97] INFO  impl.LeaderElection (LeaderElection.java:logAndReturn(56)) - e3fb79a3-1f86-42af-a80c-c46d1acdbc29@group-7855C2F36E53-LeaderElection97: Election REJECTED; received 2 response(s) [e3fb79a3-1f86-42af-a80c-c46d1acdbc29<-81ff859e-e76f-43f5-951a-4a38422068cb#0:FAIL-t101, e3fb79a3-1f86-42af-a80c-c46d1acdbc29<-a9143d84-6d7f-497d-b770-eb75585db3c7#0:FAIL-t101] and 0 exception(s); e3fb79a3-1f86-42af-a80c-c46d1acdbc29@group-7855C2F36E53:t101, leader=null, voted=e3fb79a3-1f86-42af-a80c-c46d1acdbc29, raftlog=e3fb79a3-1f86-42af-a80c-c46d1acdbc29@group-7855C2F36E53-SegmentedRaftLog:OPENED:c-1,f-1,i0, conf=-1: [e3fb79a3-1f86-42af-a80c-c46d1acdbc29:192.168.157.194:44142, 81ff859e-e76f-43f5-951a-4a38422068cb:192.168.157.194:46532, a9143d84-6d7f-497d-b770-eb75585db3c7:192.168.157.194:42126], old=null
2019-11-04 16:02:11,871 [e3fb79a3-1f86-42af-a80c-c46d1acdbc29@group-7855C2F36E53-LeaderElection97] INFO  impl.RaftServerImpl (RaftServerImpl.java:setRole(184)) - e3fb79a3-1f86-42af-a80c-c46d1acdbc29@group-7855C2F36E53: changes role from CANDIDATE to FOLLOWER at term 101 for DISCOVERED_A_NEW_TERM
2019-11-04 16:02:11,871 [e3fb79a3-1f86-42af-a80c-c46d1acdbc29@group-7855C2F36E53-LeaderElection97] INFO  impl.RoleInfo (RoleInfo.java:shutdownLeaderElection(134)) - e3fb79a3-1f86-42af-a80c-c46d1acdbc29: shutdown LeaderElection
2019-11-04 16:02:11,872 [e3fb79a3-1f86-42af-a80c-c46d1acdbc29@group-7855C2F36E53-LeaderElection97] INFO  impl.RoleInfo (RoleInfo.java:updateAndGet(143)) - e3fb79a3-1f86-42af-a80c-c46d1acdbc29: start FollowerState
2019-11-04 16:02:11,929 [Thread-851] INFO  impl.FollowerState (FollowerState.java:run(108)) - e3fb79a3-1f86-42af-a80c-c46d1acdbc29@group-7855C2F36E53-FollowerState: change to CANDIDATE, lastRpcTime:57ms, electionTimeout:56ms
2019-11-04 16:02:11,929 [Thread-851] INFO  impl.RoleInfo (RoleInfo.java:shutdownFollowerState(121)) - e3fb79a3-1f86-42af-a80c-c46d1acdbc29: shutdown FollowerState
2019-11-04 16:02:11,929 [Thread-851] INFO  impl.RaftServerImpl (RaftServerImpl.java:setRole(184)) - e3fb79a3-1f86-42af-a80c-c46d1acdbc29@group-7855C2F36E53: changes role from  FOLLOWER to CANDIDATE at term 101 for changeToCandidate
2019-11-04 16:02:11,929 [Thread-851] INFO  impl.RoleInfo (RoleInfo.java:updateAndGet(143)) - e3fb79a3-1f86-42af-a80c-c46d1acdbc29: start LeaderElection
2019-11-04 16:02:11,943 [e3fb79a3-1f86-42af-a80c-c46d1acdbc29@group-7855C2F36E53-LeaderElection98] INFO  impl.LeaderElection (LeaderElection.java:askForVotes(178)) - e3fb79a3-1f86-42af-a80c-c46d1acdbc29@group-7855C2F36E53-LeaderElection98: begin an election at term 102 for -1: [e3fb79a3-1f86-42af-a80c-c46d1acdbc29:192.168.157.194:44142, 81ff859e-e76f-43f5-951a-4a38422068cb:192.168.157.194:46532, a9143d84-6d7f-497d-b770-eb75585db3c7:192.168.157.194:42126], old=null
2019-11-04 16:02:11,945 [grpc-default-executor-5] INFO  impl.RaftServerImpl (RaftServerImpl.java:setRole(184)) - 81ff859e-e76f-43f5-951a-4a38422068cb@group-7855C2F36E53: changes role from  FOLLOWER to FOLLOWER at term 102 for recognizeCandidate:e3fb79a3-1f86-42af-a80c-c46d1acdbc29
2019-11-04 16:02:11,945 [grpc-default-executor-0] INFO  impl.RaftServerImpl (RaftServerImpl.java:setRole(184)) - a9143d84-6d7f-497d-b770-eb75585db3c7@group-7855C2F36E53: changes role from  FOLLOWER to FOLLOWER at term 102 for recognizeCandidate:e3fb79a3-1f86-42af-a80c-c46d1acdbc29
2019-11-04 16:02:11,946 [grpc-default-executor-5] INFO  impl.RoleInfo (RoleInfo.java:shutdownFollowerState(121)) - 81ff859e-e76f-43f5-951a-4a38422068cb: shutdown FollowerState
2019-11-04 16:02:11,946 [grpc-default-executor-0] INFO  impl.RoleInfo (RoleInfo.java:shutdownFollowerState(121)) - a9143d84-6d7f-497d-b770-eb75585db3c7: shutdown FollowerState
2019-11-04 16:02:11,946 [Thread-849] INFO  impl.FollowerState (FollowerState.java:run(117)) - 81ff859e-e76f-43f5-951a-4a38422068cb@group-7855C2F36E53-FollowerState was interrupted: java.lang.InterruptedException: sleep interrupted
2019-11-04 16:02:11,946 [Thread-850] INFO  impl.FollowerState (FollowerState.java:run(117)) - a9143d84-6d7f-497d-b770-eb75585db3c7@group-7855C2F36E53-FollowerState was interrupted: java.lang.InterruptedException: sleep interrupted
2019-11-04 16:02:11,946 [grpc-default-executor-0] INFO  impl.RoleInfo (RoleInfo.java:updateAndGet(143)) - a9143d84-6d7f-497d-b770-eb75585db3c7: start FollowerState
2019-11-04 16:02:11,946 [grpc-default-executor-5] INFO  impl.RoleInfo (RoleInfo.java:updateAndGet(143)) - 81ff859e-e76f-43f5-951a-4a38422068cb: start FollowerState
2019-11-04 16:02:11,964 [e3fb79a3-1f86-42af-a80c-c46d1acdbc29@group-7855C2F36E53-LeaderElection98] INFO  impl.LeaderElection (LeaderElection.java:logAndReturn(56)) - e3fb79a3-1f86-42af-a80c-c46d1acdbc29@group-7855C2F36E53-LeaderElection98: Election TIMEOUT; received 0 response(s) [] and 0 exception(s); e3fb79a3-1f86-42af-a80c-c46d1acdbc29@group-7855C2F36E53:t102, leader=null, voted=e3fb79a3-1f86-42af-a80c-c46d1acdbc29, raftlog=e3fb79a3-1f86-42af-a80c-c46d1acdbc29@group-7855C2F36E53-SegmentedRaftLog:OPENED:c-1,f-1,i0, conf=-1: [e3fb79a3-1f86-42af-a80c-c46d1acdbc29:192.168.157.194:44142, 81ff859e-e76f-43f5-951a-4a38422068cb:192.168.157.194:46532, a9143d84-6d7f-497d-b770-eb75585db3c7:192.168.157.194:42126], old=null
2019-11-04 16:02:11,971 [e3fb79a3-1f86-42af-a80c-c46d1acdbc29@group-7855C2F36E53-LeaderElection98] INFO  impl.LeaderElection (LeaderElection.java:askForVotes(178)) - e3fb79a3-1f86-42af-a80c-c46d1acdbc29@group-7855C2F36E53-LeaderElection98: begin an election at term 103 for -1: [e3fb79a3-1f86-42af-a80c-c46d1acdbc29:192.168.157.194:44142, 81ff859e-e76f-43f5-951a-4a38422068cb:192.168.157.194:46532, a9143d84-6d7f-497d-b770-eb75585db3c7:192.168.157.194:42126], old=null
2019-11-04 16:02:11,973 [grpc-default-executor-0] INFO  impl.RaftServerImpl (RaftServerImpl.java:setRole(184)) - 81ff859e-e76f-43f5-951a-4a38422068cb@group-7855C2F36E53: changes role from  FOLLOWER to FOLLOWER at term 103 for recognizeCandidate:e3fb79a3-1f86-42af-a80c-c46d1acdbc29
2019-11-04 16:02:11,973 [grpc-default-executor-5] INFO  impl.RaftServerImpl (RaftServerImpl.java:setRole(184)) - a9143d84-6d7f-497d-b770-eb75585db3c7@group-7855C2F36E53: changes role from  FOLLOWER to FOLLOWER at term 103 for recognizeCandidate:e3fb79a3-1f86-42af-a80c-c46d1acdbc29
2019-11-04 16:02:11,973 [grpc-default-executor-0] INFO  impl.RoleInfo (RoleInfo.java:shutdownFollowerState(121)) - 81ff859e-e76f-43f5-951a-4a38422068cb: shutdown FollowerState
2019-11-04 16:02:11,973 [grpc-default-executor-5] INFO  impl.RoleInfo (RoleInfo.java:shutdownFollowerState(121)) - a9143d84-6d7f-497d-b770-eb75585db3c7: shutdown FollowerState
2019-11-04 16:02:11,973 [grpc-default-executor-0] INFO  impl.RoleInfo (RoleInfo.java:updateAndGet(143)) - 81ff859e-e76f-43f5-951a-4a38422068cb: start FollowerState
2019-11-04 16:02:11,973 [Thread-858] INFO  impl.FollowerState (FollowerState.java:run(117)) - a9143d84-6d7f-497d-b770-eb75585db3c7@group-7855C2F36E53-FollowerState was interrupted: java.lang.InterruptedException: sleep interrupted
2019-11-04 16:02:11,973 [grpc-default-executor-5] INFO  impl.RoleInfo (RoleInfo.java:updateAndGet(143)) - a9143d84-6d7f-497d-b770-eb75585db3c7: start FollowerState
2019-11-04 16:02:11,973 [Thread-857] INFO  impl.FollowerState (FollowerState.java:run(117)) - 81ff859e-e76f-43f5-951a-4a38422068cb@group-7855C2F36E53-FollowerState was interrupted: java.lang.InterruptedException: sleep interrupted
2019-11-04 16:02:11,993 [e3fb79a3-1f86-42af-a80c-c46d1acdbc29@group-7855C2F36E53-LeaderElection98] INFO  impl.LeaderElection (LeaderElection.java:logAndReturn(56)) - e3fb79a3-1f86-42af-a80c-c46d1acdbc29@group-7855C2F36E53-LeaderElection98: Election REJECTED; received 2 response(s) [e3fb79a3-1f86-42af-a80c-c46d1acdbc29<-81ff859e-e76f-43f5-951a-4a38422068cb#0:FAIL-t103, e3fb79a3-1f86-42af-a80c-c46d1acdbc29<-a9143d84-6d7f-497d-b770-eb75585db3c7#0:FAIL-t103] and 0 exception(s); e3fb79a3-1f86-42af-a80c-c46d1acdbc29@group-7855C2F36E53:t103, leader=null, voted=e3fb79a3-1f86-42af-a80c-c46d1acdbc29, raftlog=e3fb79a3-1f86-42af-a80c-c46d1acdbc29@group-7855C2F36E53-SegmentedRaftLog:OPENED:c-1,f-1,i0, conf=-1: [e3fb79a3-1f86-42af-a80c-c46d1acdbc29:192.168.157.194:44142, 81ff859e-e76f-43f5-951a-4a38422068cb:192.168.157.194:46532, a9143d84-6d7f-497d-b770-eb75585db3c7:192.168.157.194:42126], old=null
2019-11-04 16:02:11,993 [e3fb79a3-1f86-42af-a80c-c46d1acdbc29@group-7855C2F36E53-LeaderElection98] INFO  impl.RaftServerImpl (RaftServerImpl.java:setRole(184)) - e3fb79a3-1f86-42af-a80c-c46d1acdbc29@group-7855C2F36E53: changes role from CANDIDATE to FOLLOWER at term 103 for DISCOVERED_A_NEW_TERM
2019-11-04 16:02:11,993 [e3fb79a3-1f86-42af-a80c-c46d1acdbc29@group-7855C2F36E53-LeaderElection98] INFO  impl.RoleInfo (RoleInfo.java:shutdownLeaderElection(134)) - e3fb79a3-1f86-42af-a80c-c46d1acdbc29: shutdown LeaderElection
2019-11-04 16:02:11,993 [e3fb79a3-1f86-42af-a80c-c46d1acdbc29@group-7855C2F36E53-LeaderElection98] INFO  impl.RoleInfo (RoleInfo.java:updateAndGet(143)) - e3fb79a3-1f86-42af-a80c-c46d1acdbc29: start FollowerState
2019-11-04 16:02:12,096 [Thread-863] INFO  impl.FollowerState (FollowerState.java:run(108)) - e3fb79a3-1f86-42af-a80c-c46d1acdbc29@group-7855C2F36E53-FollowerState: change to CANDIDATE, lastRpcTime:102ms, electionTimeout:102ms
2019-11-04 16:02:12,096 [Thread-863] INFO  impl.RoleInfo (RoleInfo.java:shutdownFollowerState(121)) - e3fb79a3-1f86-42af-a80c-c46d1acdbc29: shutdown FollowerState
2019-11-04 16:02:12,096 [Thread-863] INFO  impl.RaftServerImpl (RaftServerImpl.java:setRole(184)) - e3fb79a3-1f86-42af-a80c-c46d1acdbc29@group-7855C2F36E53: changes role from  FOLLOWER to CANDIDATE at term 103 for changeToCandidate
2019-11-04 16:02:12,096 [Thread-863] INFO  impl.RoleInfo (RoleInfo.java:updateAndGet(143)) - e3fb79a3-1f86-42af-a80c-c46d1acdbc29: start LeaderElection
2019-11-04 16:02:12,115 [e3fb79a3-1f86-42af-a80c-c46d1acdbc29@group-7855C2F36E53-LeaderElection99] INFO  impl.LeaderElection (LeaderElection.java:askForVotes(178)) - e3fb79a3-1f86-42af-a80c-c46d1acdbc29@group-7855C2F36E53-LeaderElection99: begin an election at term 104 for -1: [e3fb79a3-1f86-42af-a80c-c46d1acdbc29:192.168.157.194:44142, 81ff859e-e76f-43f5-951a-4a38422068cb:192.168.157.194:46532, a9143d84-6d7f-497d-b770-eb75585db3c7:192.168.157.194:42126], old=null
2019-11-04 16:02:12,118 [grpc-default-executor-0] INFO  impl.RaftServerImpl (RaftServerImpl.java:setRole(184)) - 81ff859e-e76f-43f5-951a-4a38422068cb@group-7855C2F36E53: changes role from  FOLLOWER to FOLLOWER at term 104 for recognizeCandidate:e3fb79a3-1f86-42af-a80c-c46d1acdbc29
2019-11-04 16:02:12,118 [grpc-default-executor-5] INFO  impl.RaftServerImpl (RaftServerImpl.java:setRole(184)) - a9143d84-6d7f-497d-b770-eb75585db3c7@group-7855C2F36E53: changes role from  FOLLOWER to FOLLOWER at term 104 for recognizeCandidate:e3fb79a3-1f86-42af-a80c-c46d1acdbc29
2019-11-04 16:02:12,118 [grpc-default-executor-0] INFO  impl.RoleInfo (RoleInfo.java:shutdownFollowerState(121)) - 81ff859e-e76f-43f5-951a-4a38422068cb: shutdown FollowerState
2019-11-04 16:02:12,118 [grpc-default-executor-5] INFO  impl.RoleInfo (RoleInfo.java:shutdownFollowerState(121)) - a9143d84-6d7f-497d-b770-eb75585db3c7: shutdown FollowerState
2019-11-04 16:02:12,118 [Thread-861] INFO  impl.FollowerState (FollowerState.java:run(117)) - 81ff859e-e76f-43f5-951a-4a38422068cb@group-7855C2F36E53-FollowerState was interrupted: java.lang.InterruptedException: sleep interrupted
2019-11-04 16:02:12,118 [grpc-default-executor-0] INFO  impl.RoleInfo (RoleInfo.java:updateAndGet(143)) - 81ff859e-e76f-43f5-951a-4a38422068cb: start FollowerState
2019-11-04 16:02:12,118 [Thread-862] INFO  impl.FollowerState (FollowerState.java:run(117)) - a9143d84-6d7f-497d-b770-eb75585db3c7@group-7855C2F36E53-FollowerState was interrupted: java.lang.InterruptedException: sleep interrupted
2019-11-04 16:02:12,118 [grpc-default-executor-5] INFO  impl.RoleInfo (RoleInfo.java:updateAndGet(143)) - a9143d84-6d7f-497d-b770-eb75585db3c7: start FollowerState
2019-11-04 16:02:12,132 [e3fb79a3-1f86-42af-a80c-c46d1acdbc29@group-7855C2F36E53-LeaderElection99] INFO  impl.LeaderElection (LeaderElection.java:logAndReturn(56)) - e3fb79a3-1f86-42af-a80c-c46d1acdbc29@group-7855C2F36E53-LeaderElection99: Election REJECTED; received 2 response(s) [e3fb79a3-1f86-42af-a80c-c46d1acdbc29<-81ff859e-e76f-43f5-951a-4a38422068cb#0:FAIL-t104, e3fb79a3-1f86-42af-a80c-c46d1acdbc29<-a9143d84-6d7f-497d-b770-eb75585db3c7#0:FAIL-t104] and 0 exception(s); e3fb79a3-1f86-42af-a80c-c46d1acdbc29@group-7855C2F36E53:t104, leader=null, voted=e3fb79a3-1f86-42af-a80c-c46d1acdbc29, raftlog=e3fb79a3-1f86-42af-a80c-c46d1acdbc29@group-7855C2F36E53-SegmentedRaftLog:OPENED:c-1,f-1,i0, conf=-1: [e3fb79a3-1f86-42af-a80c-c46d1acdbc29:192.168.157.194:44142, 81ff859e-e76f-43f5-951a-4a38422068cb:192.168.157.194:46532, a9143d84-6d7f-497d-b770-eb75585db3c7:192.168.157.194:42126], old=null
2019-11-04 16:02:12,133 [e3fb79a3-1f86-42af-a80c-c46d1acdbc29@group-7855C2F36E53-LeaderElection99] INFO  impl.RaftServerImpl (RaftServerImpl.java:setRole(184)) - e3fb79a3-1f86-42af-a80c-c46d1acdbc29@group-7855C2F36E53: changes role from CANDIDATE to FOLLOWER at term 104 for DISCOVERED_A_NEW_TERM
2019-11-04 16:02:12,133 [e3fb79a3-1f86-42af-a80c-c46d1acdbc29@group-7855C2F36E53-LeaderElection99] INFO  impl.RoleInfo (RoleInfo.java:shutdownLeaderElection(134)) - e3fb79a3-1f86-42af-a80c-c46d1acdbc29: shutdown LeaderElection
2019-11-04 16:02:12,133 [e3fb79a3-1f86-42af-a80c-c46d1acdbc29@group-7855C2F36E53-LeaderElection99] INFO  impl.RoleInfo (RoleInfo.java:updateAndGet(143)) - e3fb79a3-1f86-42af-a80c-c46d1acdbc29: start FollowerState
2019-11-04 16:02:12,305 [Thread-869] INFO  impl.FollowerState (FollowerState.java:run(108)) - e3fb79a3-1f86-42af-a80c-c46d1acdbc29@group-7855C2F36E53-FollowerState: change to CANDIDATE, lastRpcTime:172ms, electionTimeout:172ms
2019-11-04 16:02:12,305 [Thread-869] INFO  impl.RoleInfo (RoleInfo.java:shutdownFollowerState(121)) - e3fb79a3-1f86-42af-a80c-c46d1acdbc29: shutdown FollowerState
2019-11-04 16:02:12,306 [Thread-869] INFO  impl.RaftServerImpl (RaftServerImpl.java:setRole(184)) - e3fb79a3-1f86-42af-a80c-c46d1acdbc29@group-7855C2F36E53: changes role from  FOLLOWER to CANDIDATE at term 104 for changeToCandidate
2019-11-04 16:02:12,306 [Thread-869] INFO  impl.RoleInfo (RoleInfo.java:updateAndGet(143)) - e3fb79a3-1f86-42af-a80c-c46d1acdbc29: start LeaderElection
2019-11-04 16:02:12,340 [e3fb79a3-1f86-42af-a80c-c46d1acdbc29@group-7855C2F36E53-LeaderElection100] INFO  impl.LeaderElection (LeaderElection.java:askForVotes(178)) - e3fb79a3-1f86-42af-a80c-c46d1acdbc29@group-7855C2F36E53-LeaderElection100: begin an election at term 105 for -1: [e3fb79a3-1f86-42af-a80c-c46d1acdbc29:192.168.157.194:44142, 81ff859e-e76f-43f5-951a-4a38422068cb:192.168.157.194:46532, a9143d84-6d7f-497d-b770-eb75585db3c7:192.168.157.194:42126], old=null
2019-11-04 16:02:12,343 [grpc-default-executor-5] INFO  impl.RaftServerImpl (RaftServerImpl.java:setRole(184)) - 81ff859e-e76f-43f5-951a-4a38422068cb@group-7855C2F36E53: changes role from  FOLLOWER to FOLLOWER at term 105 for recognizeCandidate:e3fb79a3-1f86-42af-a80c-c46d1acdbc29
2019-11-04 16:02:12,343 [grpc-default-executor-0] INFO  impl.RaftServerImpl (RaftServerImpl.java:setRole(184)) - a9143d84-6d7f-497d-b770-eb75585db3c7@group-7855C2F36E53: changes role from  FOLLOWER to FOLLOWER at term 105 for recognizeCandidate:e3fb79a3-1f86-42af-a80c-c46d1acdbc29
2019-11-04 16:02:12,344 [grpc-default-executor-5] INFO  impl.RoleInfo (RoleInfo.java:shutdownFollowerState(121)) - 81ff859e-e76f-43f5-951a-4a38422068cb: shutdown FollowerState
2019-11-04 16:02:12,344 [grpc-default-executor-0] INFO  impl.RoleInfo (RoleInfo.java:shutdownFollowerState(121)) - a9143d84-6d7f-497d-b770-eb75585db3c7: shutdown FollowerState
2019-11-04 16:02:12,344 [grpc-default-executor-5] INFO  impl.RoleInfo (RoleInfo.java:updateAndGet(143)) - 81ff859e-e76f-43f5-951a-4a38422068cb: start FollowerState
2019-11-04 16:02:12,344 [Thread-868] INFO  impl.FollowerState (FollowerState.java:run(117)) - a9143d84-6d7f-497d-b770-eb75585db3c7@group-7855C2F36E53-FollowerState was interrupted: java.lang.InterruptedException: sleep interrupted
2019-11-04 16:02:12,344 [Thread-867] INFO  impl.FollowerState (FollowerState.java:run(117)) - 81ff859e-e76f-43f5-951a-4a38422068cb@group-7855C2F36E53-FollowerState was interrupted: java.lang.InterruptedException: sleep interrupted
2019-11-04 16:02:12,344 [grpc-default-executor-0] INFO  impl.RoleInfo (RoleInfo.java:updateAndGet(143)) - a9143d84-6d7f-497d-b770-eb75585db3c7: start FollowerState
2019-11-04 16:02:12,359 [e3fb79a3-1f86-42af-a80c-c46d1acdbc29@group-7855C2F36E53-LeaderElection100] INFO  impl.LeaderElection (LeaderElection.java:logAndReturn(56)) - e3fb79a3-1f86-42af-a80c-c46d1acdbc29@group-7855C2F36E53-LeaderElection100: Election REJECTED; received 2 response(s) [e3fb79a3-1f86-42af-a80c-c46d1acdbc29<-81ff859e-e76f-43f5-951a-4a38422068cb#0:FAIL-t105, e3fb79a3-1f86-42af-a80c-c46d1acdbc29<-a9143d84-6d7f-497d-b770-eb75585db3c7#0:FAIL-t105] and 0 exception(s); e3fb79a3-1f86-42af-a80c-c46d1acdbc29@group-7855C2F36E53:t105, leader=null, voted=e3fb79a3-1f86-42af-a80c-c46d1acdbc29, raftlog=e3fb79a3-1f86-42af-a80c-c46d1acdbc29@group-7855C2F36E53-SegmentedRaftLog:OPENED:c-1,f-1,i0, conf=-1: [e3fb79a3-1f86-42af-a80c-c46d1acdbc29:192.168.157.194:44142, 81ff859e-e76f-43f5-951a-4a38422068cb:192.168.157.194:46532, a9143d84-6d7f-497d-b770-eb75585db3c7:192.168.157.194:42126], old=null
2019-11-04 16:02:12,360 [e3fb79a3-1f86-42af-a80c-c46d1acdbc29@group-7855C2F36E53-LeaderElection100] INFO  impl.RaftServerImpl (RaftServerImpl.java:setRole(184)) - e3fb79a3-1f86-42af-a80c-c46d1acdbc29@group-7855C2F36E53: changes role from CANDIDATE to FOLLOWER at term 105 for DISCOVERED_A_NEW_TERM
2019-11-04 16:02:12,360 [e3fb79a3-1f86-42af-a80c-c46d1acdbc29@group-7855C2F36E53-LeaderElection100] INFO  impl.RoleInfo (RoleInfo.java:shutdownLeaderElection(134)) - e3fb79a3-1f86-42af-a80c-c46d1acdbc29: shutdown LeaderElection
2019-11-04 16:02:12,360 [e3fb79a3-1f86-42af-a80c-c46d1acdbc29@group-7855C2F36E53-LeaderElection100] INFO  impl.RoleInfo (RoleInfo.java:updateAndGet(143)) - e3fb79a3-1f86-42af-a80c-c46d1acdbc29: start FollowerState
2019-11-04 16:02:12,508 [Thread-875] INFO  impl.FollowerState (FollowerState.java:run(108)) - e3fb79a3-1f86-42af-a80c-c46d1acdbc29@group-7855C2F36E53-FollowerState: change to CANDIDATE, lastRpcTime:148ms, electionTimeout:148ms
2019-11-04 16:02:12,509 [Thread-875] INFO  impl.RoleInfo (RoleInfo.java:shutdownFollowerState(121)) - e3fb79a3-1f86-42af-a80c-c46d1acdbc29: shutdown FollowerState
2019-11-04 16:02:12,509 [Thread-875] INFO  impl.RaftServerImpl (RaftServerImpl.java:setRole(184)) - e3fb79a3-1f86-42af-a80c-c46d1acdbc29@group-7855C2F36E53: changes role from  FOLLOWER to CANDIDATE at term 105 for changeToCandidate
2019-11-04 16:02:12,509 [Thread-875] INFO  impl.RoleInfo (RoleInfo.java:updateAndGet(143)) - e3fb79a3-1f86-42af-a80c-c46d1acdbc29: start LeaderElection
2019-11-04 16:02:12,535 [e3fb79a3-1f86-42af-a80c-c46d1acdbc29@group-7855C2F36E53-LeaderElection101] INFO  impl.LeaderElection (LeaderElection.java:askForVotes(178)) - e3fb79a3-1f86-42af-a80c-c46d1acdbc29@group-7855C2F36E53-LeaderElection101: begin an election at term 106 for -1: [e3fb79a3-1f86-42af-a80c-c46d1acdbc29:192.168.157.194:44142, 81ff859e-e76f-43f5-951a-4a38422068cb:192.168.157.194:46532, a9143d84-6d7f-497d-b770-eb75585db3c7:192.168.157.194:42126], old=null
2019-11-04 16:02:12,538 [grpc-default-executor-5] INFO  impl.RaftServerImpl (RaftServerImpl.java:setRole(184)) - a9143d84-6d7f-497d-b770-eb75585db3c7@group-7855C2F36E53: changes role from  FOLLOWER to FOLLOWER at term 106 for recognizeCandidate:e3fb79a3-1f86-42af-a80c-c46d1acdbc29
2019-11-04 16:02:12,538 [grpc-default-executor-0] INFO  impl.RaftServerImpl (RaftServerImpl.java:setRole(184)) - 81ff859e-e76f-43f5-951a-4a38422068cb@group-7855C2F36E53: changes role from  FOLLOWER to FOLLOWER at term 106 for recognizeCandidate:e3fb79a3-1f86-42af-a80c-c46d1acdbc29
2019-11-04 16:02:12,539 [grpc-default-executor-5] INFO  impl.RoleInfo (RoleInfo.java:shutdownFollowerState(121)) - a9143d84-6d7f-497d-b770-eb75585db3c7: shutdown FollowerState
2019-11-04 16:02:12,539 [grpc-default-executor-0] INFO  impl.RoleInfo (RoleInfo.java:shutdownFollowerState(121)) - 81ff859e-e76f-43f5-951a-4a38422068cb: shutdown FollowerState
2019-11-04 16:02:12,539 [Thread-874] INFO  impl.FollowerState (FollowerState.java:run(117)) - a9143d84-6d7f-497d-b770-eb75585db3c7@group-7855C2F36E53-FollowerState was interrupted: java.lang.InterruptedException: sleep interrupted
2019-11-04 16:02:12,539 [grpc-default-executor-5] INFO  impl.RoleInfo (RoleInfo.java:updateAndGet(143)) - a9143d84-6d7f-497d-b770-eb75585db3c7: start FollowerState
2019-11-04 16:02:12,539 [grpc-default-executor-0] INFO  impl.RoleInfo (RoleInfo.java:updateAndGet(143)) - 81ff859e-e76f-43f5-951a-4a38422068cb: start FollowerState
2019-11-04 16:02:12,539 [Thread-873] INFO  impl.FollowerState (FollowerState.java:run(117)) - 81ff859e-e76f-43f5-951a-4a38422068cb@group-7855C2F36E53-FollowerState was interrupted: java.lang.InterruptedException: sleep interrupted
2019-11-04 16:02:12,554 [e3fb79a3-1f86-42af-a80c-c46d1acdbc29@group-7855C2F36E53-LeaderElection101] INFO  impl.LeaderElection (LeaderElection.java:logAndReturn(56)) - e3fb79a3-1f86-42af-a80c-c46d1acdbc29@group-7855C2F36E53-LeaderElection101: Election REJECTED; received 2 response(s) [e3fb79a3-1f86-42af-a80c-c46d1acdbc29<-81ff859e-e76f-43f5-951a-4a38422068cb#0:FAIL-t106, e3fb79a3-1f86-42af-a80c-c46d1acdbc29<-a9143d84-6d7f-497d-b770-eb75585db3c7#0:FAIL-t106] and 0 exception(s); e3fb79a3-1f86-42af-a80c-c46d1acdbc29@group-7855C2F36E53:t106, leader=null, voted=e3fb79a3-1f86-42af-a80c-c46d1acdbc29, raftlog=e3fb79a3-1f86-42af-a80c-c46d1acdbc29@group-7855C2F36E53-SegmentedRaftLog:OPENED:c-1,f-1,i0, conf=-1: [e3fb79a3-1f86-42af-a80c-c46d1acdbc29:192.168.157.194:44142, 81ff859e-e76f-43f5-951a-4a38422068cb:192.168.157.194:46532, a9143d84-6d7f-497d-b770-eb75585db3c7:192.168.157.194:42126], old=null
2019-11-04 16:02:12,555 [e3fb79a3-1f86-42af-a80c-c46d1acdbc29@group-7855C2F36E53-LeaderElection101] INFO  impl.RaftServerImpl (RaftServerImpl.java:setRole(184)) - e3fb79a3-1f86-42af-a80c-c46d1acdbc29@group-7855C2F36E53: changes role from CANDIDATE to FOLLOWER at term 106 for DISCOVERED_A_NEW_TERM
2019-11-04 16:02:12,555 [e3fb79a3-1f86-42af-a80c-c46d1acdbc29@group-7855C2F36E53-LeaderElection101] INFO  impl.RoleInfo (RoleInfo.java:shutdownLeaderElection(134)) - e3fb79a3-1f86-42af-a80c-c46d1acdbc29: shutdown LeaderElection
2019-11-04 16:02:12,555 [e3fb79a3-1f86-42af-a80c-c46d1acdbc29@group-7855C2F36E53-LeaderElection101] INFO  impl.RoleInfo (RoleInfo.java:updateAndGet(143)) - e3fb79a3-1f86-42af-a80c-c46d1acdbc29: start FollowerState
2019-11-04 16:02:12,738 [Thread-881] INFO  impl.FollowerState (FollowerState.java:run(108)) - e3fb79a3-1f86-42af-a80c-c46d1acdbc29@group-7855C2F36E53-FollowerState: change to CANDIDATE, lastRpcTime:183ms, electionTimeout:183ms
2019-11-04 16:02:12,738 [Thread-881] INFO  impl.RoleInfo (RoleInfo.java:shutdownFollowerState(121)) - e3fb79a3-1f86-42af-a80c-c46d1acdbc29: shutdown FollowerState
2019-11-04 16:02:12,739 [Thread-881] INFO  impl.RaftServerImpl (RaftServerImpl.java:setRole(184)) - e3fb79a3-1f86-42af-a80c-c46d1acdbc29@group-7855C2F36E53: changes role from  FOLLOWER to CANDIDATE at term 106 for changeToCandidate
2019-11-04 16:02:12,739 [Thread-881] INFO  impl.RoleInfo (RoleInfo.java:updateAndGet(143)) - e3fb79a3-1f86-42af-a80c-c46d1acdbc29: start LeaderElection
2019-11-04 16:02:12,753 [e3fb79a3-1f86-42af-a80c-c46d1acdbc29@group-7855C2F36E53-LeaderElection102] INFO  impl.LeaderElection (LeaderElection.java:askForVotes(178)) - e3fb79a3-1f86-42af-a80c-c46d1acdbc29@group-7855C2F36E53-LeaderElection102: begin an election at term 107 for -1: [e3fb79a3-1f86-42af-a80c-c46d1acdbc29:192.168.157.194:44142, 81ff859e-e76f-43f5-951a-4a38422068cb:192.168.157.194:46532, a9143d84-6d7f-497d-b770-eb75585db3c7:192.168.157.194:42126], old=null
2019-11-04 16:02:12,757 [grpc-default-executor-0] INFO  impl.RaftServerImpl (RaftServerImpl.java:setRole(184)) - 81ff859e-e76f-43f5-951a-4a38422068cb@group-7855C2F36E53: changes role from  FOLLOWER to FOLLOWER at term 107 for recognizeCandidate:e3fb79a3-1f86-42af-a80c-c46d1acdbc29
2019-11-04 16:02:12,757 [grpc-default-executor-5] INFO  impl.RaftServerImpl (RaftServerImpl.java:setRole(184)) - a9143d84-6d7f-497d-b770-eb75585db3c7@group-7855C2F36E53: changes role from  FOLLOWER to FOLLOWER at term 107 for recognizeCandidate:e3fb79a3-1f86-42af-a80c-c46d1acdbc29
2019-11-04 16:02:12,757 [grpc-default-executor-0] INFO  impl.RoleInfo (RoleInfo.java:shutdownFollowerState(121)) - 81ff859e-e76f-43f5-951a-4a38422068cb: shutdown FollowerState
2019-11-04 16:02:12,758 [grpc-default-executor-5] INFO  impl.RoleInfo (RoleInfo.java:shutdownFollowerState(121)) - a9143d84-6d7f-497d-b770-eb75585db3c7: shutdown FollowerState
2019-11-04 16:02:12,758 [Thread-880] INFO  impl.FollowerState (FollowerState.java:run(117)) - 81ff859e-e76f-43f5-951a-4a38422068cb@group-7855C2F36E53-FollowerState was interrupted: java.lang.InterruptedException: sleep interrupted
2019-11-04 16:02:12,758 [grpc-default-executor-0] INFO  impl.RoleInfo (RoleInfo.java:updateAndGet(143)) - 81ff859e-e76f-43f5-951a-4a38422068cb: start FollowerState
2019-11-04 16:02:12,758 [Thread-879] INFO  impl.FollowerState (FollowerState.java:run(117)) - a9143d84-6d7f-497d-b770-eb75585db3c7@group-7855C2F36E53-FollowerState was interrupted: java.lang.InterruptedException: sleep interrupted
2019-11-04 16:02:12,758 [grpc-default-executor-5] INFO  impl.RoleInfo (RoleInfo.java:updateAndGet(143)) - a9143d84-6d7f-497d-b770-eb75585db3c7: start FollowerState
2019-11-04 16:02:12,773 [e3fb79a3-1f86-42af-a80c-c46d1acdbc29@group-7855C2F36E53-LeaderElection102] INFO  impl.LeaderElection (LeaderElection.java:logAndReturn(56)) - e3fb79a3-1f86-42af-a80c-c46d1acdbc29@group-7855C2F36E53-LeaderElection102: Election REJECTED; received 2 response(s) [e3fb79a3-1f86-42af-a80c-c46d1acdbc29<-81ff859e-e76f-43f5-951a-4a38422068cb#0:FAIL-t107, e3fb79a3-1f86-42af-a80c-c46d1acdbc29<-a9143d84-6d7f-497d-b770-eb75585db3c7#0:FAIL-t107] and 0 exception(s); e3fb79a3-1f86-42af-a80c-c46d1acdbc29@group-7855C2F36E53:t107, leader=null, voted=e3fb79a3-1f86-42af-a80c-c46d1acdbc29, raftlog=e3fb79a3-1f86-42af-a80c-c46d1acdbc29@group-7855C2F36E53-SegmentedRaftLog:OPENED:c-1,f-1,i0, conf=-1: [e3fb79a3-1f86-42af-a80c-c46d1acdbc29:192.168.157.194:44142, 81ff859e-e76f-43f5-951a-4a38422068cb:192.168.157.194:46532, a9143d84-6d7f-497d-b770-eb75585db3c7:192.168.157.194:42126], old=null
2019-11-04 16:02:12,774 [e3fb79a3-1f86-42af-a80c-c46d1acdbc29@group-7855C2F36E53-LeaderElection102] INFO  impl.RaftServerImpl (RaftServerImpl.java:setRole(184)) - e3fb79a3-1f86-42af-a80c-c46d1acdbc29@group-7855C2F36E53: changes role from CANDIDATE to FOLLOWER at term 107 for DISCOVERED_A_NEW_TERM
2019-11-04 16:02:12,774 [e3fb79a3-1f86-42af-a80c-c46d1acdbc29@group-7855C2F36E53-LeaderElection102] INFO  impl.RoleInfo (RoleInfo.java:shutdownLeaderElection(134)) - e3fb79a3-1f86-42af-a80c-c46d1acdbc29: shutdown LeaderElection
2019-11-04 16:02:12,774 [e3fb79a3-1f86-42af-a80c-c46d1acdbc29@group-7855C2F36E53-LeaderElection102] INFO  impl.RoleInfo (RoleInfo.java:updateAndGet(143)) - e3fb79a3-1f86-42af-a80c-c46d1acdbc29: start FollowerState
2019-11-04 16:02:12,870 [Thread-887] INFO  impl.FollowerState (FollowerState.java:run(108)) - e3fb79a3-1f86-42af-a80c-c46d1acdbc29@group-7855C2F36E53-FollowerState: change to CANDIDATE, lastRpcTime:96ms, electionTimeout:96ms
2019-11-04 16:02:12,870 [Thread-887] INFO  impl.RoleInfo (RoleInfo.java:shutdownFollowerState(121)) - e3fb79a3-1f86-42af-a80c-c46d1acdbc29: shutdown FollowerState
2019-11-04 16:02:12,871 [Thread-887] INFO  impl.RaftServerImpl (RaftServerImpl.java:setRole(184)) - e3fb79a3-1f86-42af-a80c-c46d1acdbc29@group-7855C2F36E53: changes role from  FOLLOWER to CANDIDATE at term 107 for changeToCandidate
2019-11-04 16:02:12,871 [Thread-887] INFO  impl.RoleInfo (RoleInfo.java:updateAndGet(143)) - e3fb79a3-1f86-42af-a80c-c46d1acdbc29: start LeaderElection
2019-11-04 16:02:12,893 [e3fb79a3-1f86-42af-a80c-c46d1acdbc29@group-7855C2F36E53-LeaderElection103] INFO  impl.LeaderElection (LeaderElection.java:askForVotes(178)) - e3fb79a3-1f86-42af-a80c-c46d1acdbc29@group-7855C2F36E53-LeaderElection103: begin an election at term 108 for -1: [e3fb79a3-1f86-42af-a80c-c46d1acdbc29:192.168.157.194:44142, 81ff859e-e76f-43f5-951a-4a38422068cb:192.168.157.194:46532, a9143d84-6d7f-497d-b770-eb75585db3c7:192.168.157.194:42126], old=null
2019-11-04 16:02:12,896 [grpc-default-executor-5] INFO  impl.RaftServerImpl (RaftServerImpl.java:setRole(184)) - 81ff859e-e76f-43f5-951a-4a38422068cb@group-7855C2F36E53: changes role from  FOLLOWER to FOLLOWER at term 108 for recognizeCandidate:e3fb79a3-1f86-42af-a80c-c46d1acdbc29
2019-11-04 16:02:12,896 [grpc-default-executor-5] INFO  impl.RoleInfo (RoleInfo.java:shutdownFollowerState(121)) - 81ff859e-e76f-43f5-951a-4a38422068cb: shutdown FollowerState
2019-11-04 16:02:12,896 [grpc-default-executor-0] INFO  impl.RaftServerImpl (RaftServerImpl.java:setRole(184)) - a9143d84-6d7f-497d-b770-eb75585db3c7@group-7855C2F36E53: changes role from  FOLLOWER to FOLLOWER at term 108 for recognizeCandidate:e3fb79a3-1f86-42af-a80c-c46d1acdbc29
2019-11-04 16:02:12,896 [grpc-default-executor-0] INFO  impl.RoleInfo (RoleInfo.java:shutdownFollowerState(121)) - a9143d84-6d7f-497d-b770-eb75585db3c7: shutdown FollowerState
2019-11-04 16:02:12,896 [Thread-885] INFO  impl.FollowerState (FollowerState.java:run(117)) - 81ff859e-e76f-43f5-951a-4a38422068cb@group-7855C2F36E53-FollowerState was interrupted: java.lang.InterruptedException: sleep interrupted
2019-11-04 16:02:12,896 [grpc-default-executor-5] INFO  impl.RoleInfo (RoleInfo.java:updateAndGet(143)) - 81ff859e-e76f-43f5-951a-4a38422068cb: start FollowerState
2019-11-04 16:02:12,897 [Thread-886] INFO  impl.FollowerState (FollowerState.java:run(117)) - a9143d84-6d7f-497d-b770-eb75585db3c7@group-7855C2F36E53-FollowerState was interrupted: java.lang.InterruptedException: sleep interrupted
2019-11-04 16:02:12,897 [grpc-default-executor-0] INFO  impl.RoleInfo (RoleInfo.java:updateAndGet(143)) - a9143d84-6d7f-497d-b770-eb75585db3c7: start FollowerState
2019-11-04 16:02:12,912 [e3fb79a3-1f86-42af-a80c-c46d1acdbc29@group-7855C2F36E53-LeaderElection103] INFO  impl.LeaderElection (LeaderElection.java:logAndReturn(56)) - e3fb79a3-1f86-42af-a80c-c46d1acdbc29@group-7855C2F36E53-LeaderElection103: Election REJECTED; received 2 response(s) [e3fb79a3-1f86-42af-a80c-c46d1acdbc29<-81ff859e-e76f-43f5-951a-4a38422068cb#0:FAIL-t108, e3fb79a3-1f86-42af-a80c-c46d1acdbc29<-a9143d84-6d7f-497d-b770-eb75585db3c7#0:FAIL-t108] and 0 exception(s); e3fb79a3-1f86-42af-a80c-c46d1acdbc29@group-7855C2F36E53:t108, leader=null, voted=e3fb79a3-1f86-42af-a80c-c46d1acdbc29, raftlog=e3fb79a3-1f86-42af-a80c-c46d1acdbc29@group-7855C2F36E53-SegmentedRaftLog:OPENED:c-1,f-1,i0, conf=-1: [e3fb79a3-1f86-42af-a80c-c46d1acdbc29:192.168.157.194:44142, 81ff859e-e76f-43f5-951a-4a38422068cb:192.168.157.194:46532, a9143d84-6d7f-497d-b770-eb75585db3c7:192.168.157.194:42126], old=null
2019-11-04 16:02:12,912 [e3fb79a3-1f86-42af-a80c-c46d1acdbc29@group-7855C2F36E53-LeaderElection103] INFO  impl.RaftServerImpl (RaftServerImpl.java:setRole(184)) - e3fb79a3-1f86-42af-a80c-c46d1acdbc29@group-7855C2F36E53: changes role from CANDIDATE to FOLLOWER at term 108 for DISCOVERED_A_NEW_TERM
2019-11-04 16:02:12,912 [e3fb79a3-1f86-42af-a80c-c46d1acdbc29@group-7855C2F36E53-LeaderElection103] INFO  impl.RoleInfo (RoleInfo.java:shutdownLeaderElection(134)) - e3fb79a3-1f86-42af-a80c-c46d1acdbc29: shutdown LeaderElection
2019-11-04 16:02:12,912 [e3fb79a3-1f86-42af-a80c-c46d1acdbc29@group-7855C2F36E53-LeaderElection103] INFO  impl.RoleInfo (RoleInfo.java:updateAndGet(143)) - e3fb79a3-1f86-42af-a80c-c46d1acdbc29: start FollowerState
2019-11-04 16:02:13,095 [Thread-893] INFO  impl.FollowerState (FollowerState.java:run(108)) - e3fb79a3-1f86-42af-a80c-c46d1acdbc29@group-7855C2F36E53-FollowerState: change to CANDIDATE, lastRpcTime:182ms, electionTimeout:182ms
2019-11-04 16:02:13,095 [Thread-893] INFO  impl.RoleInfo (RoleInfo.java:shutdownFollowerState(121)) - e3fb79a3-1f86-42af-a80c-c46d1acdbc29: shutdown FollowerState
2019-11-04 16:02:13,096 [Thread-893] INFO  impl.RaftServerImpl (RaftServerImpl.java:setRole(184)) - e3fb79a3-1f86-42af-a80c-c46d1acdbc29@group-7855C2F36E53: changes role from  FOLLOWER to CANDIDATE at term 108 for changeToCandidate
2019-11-04 16:02:13,096 [Thread-893] INFO  impl.RoleInfo (RoleInfo.java:updateAndGet(143)) - e3fb79a3-1f86-42af-a80c-c46d1acdbc29: start LeaderElection
2019-11-04 16:02:13,111 [e3fb79a3-1f86-42af-a80c-c46d1acdbc29@group-7855C2F36E53-LeaderElection104] INFO  impl.LeaderElection (LeaderElection.java:askForVotes(178)) - e3fb79a3-1f86-42af-a80c-c46d1acdbc29@group-7855C2F36E53-LeaderElection104: begin an election at term 109 for -1: [e3fb79a3-1f86-42af-a80c-c46d1acdbc29:192.168.157.194:44142, 81ff859e-e76f-43f5-951a-4a38422068cb:192.168.157.194:46532, a9143d84-6d7f-497d-b770-eb75585db3c7:192.168.157.194:42126], old=null
2019-11-04 16:02:13,116 [grpc-default-executor-5] INFO  impl.RaftServerImpl (RaftServerImpl.java:setRole(184)) - 81ff859e-e76f-43f5-951a-4a38422068cb@group-7855C2F36E53: changes role from  FOLLOWER to FOLLOWER at term 109 for recognizeCandidate:e3fb79a3-1f86-42af-a80c-c46d1acdbc29
2019-11-04 16:02:13,116 [grpc-default-executor-5] INFO  impl.RoleInfo (RoleInfo.java:shutdownFollowerState(121)) - 81ff859e-e76f-43f5-951a-4a38422068cb: shutdown FollowerState
2019-11-04 16:02:13,116 [grpc-default-executor-0] INFO  impl.RaftServerImpl (RaftServerImpl.java:setRole(184)) - a9143d84-6d7f-497d-b770-eb75585db3c7@group-7855C2F36E53: changes role from  FOLLOWER to FOLLOWER at term 109 for recognizeCandidate:e3fb79a3-1f86-42af-a80c-c46d1acdbc29
2019-11-04 16:02:13,116 [Thread-891] INFO  impl.FollowerState (FollowerState.java:run(117)) - 81ff859e-e76f-43f5-951a-4a38422068cb@group-7855C2F36E53-FollowerState was interrupted: java.lang.InterruptedException: sleep interrupted
2019-11-04 16:02:13,116 [grpc-default-executor-5] INFO  impl.RoleInfo (RoleInfo.java:updateAndGet(143)) - 81ff859e-e76f-43f5-951a-4a38422068cb: start FollowerState
2019-11-04 16:02:13,116 [grpc-default-executor-0] INFO  impl.RoleInfo (RoleInfo.java:shutdownFollowerState(121)) - a9143d84-6d7f-497d-b770-eb75585db3c7: shutdown FollowerState
2019-11-04 16:02:13,117 [grpc-default-executor-0] INFO  impl.RoleInfo (RoleInfo.java:updateAndGet(143)) - a9143d84-6d7f-497d-b770-eb75585db3c7: start FollowerState
2019-11-04 16:02:13,117 [Thread-892] INFO  impl.FollowerState (FollowerState.java:run(117)) - a9143d84-6d7f-497d-b770-eb75585db3c7@group-7855C2F36E53-FollowerState was interrupted: java.lang.InterruptedException: sleep interrupted
2019-11-04 16:02:13,134 [e3fb79a3-1f86-42af-a80c-c46d1acdbc29@group-7855C2F36E53-LeaderElection104] INFO  impl.LeaderElection (LeaderElection.java:logAndReturn(56)) - e3fb79a3-1f86-42af-a80c-c46d1acdbc29@group-7855C2F36E53-LeaderElection104: Election REJECTED; received 2 response(s) [e3fb79a3-1f86-42af-a80c-c46d1acdbc29<-81ff859e-e76f-43f5-951a-4a38422068cb#0:FAIL-t109, e3fb79a3-1f86-42af-a80c-c46d1acdbc29<-a9143d84-6d7f-497d-b770-eb75585db3c7#0:FAIL-t109] and 0 exception(s); e3fb79a3-1f86-42af-a80c-c46d1acdbc29@group-7855C2F36E53:t109, leader=null, voted=e3fb79a3-1f86-42af-a80c-c46d1acdbc29, raftlog=e3fb79a3-1f86-42af-a80c-c46d1acdbc29@group-7855C2F36E53-SegmentedRaftLog:OPENED:c-1,f-1,i0, conf=-1: [e3fb79a3-1f86-42af-a80c-c46d1acdbc29:192.168.157.194:44142, 81ff859e-e76f-43f5-951a-4a38422068cb:192.168.157.194:46532, a9143d84-6d7f-497d-b770-eb75585db3c7:192.168.157.194:42126], old=null
2019-11-04 16:02:13,134 [e3fb79a3-1f86-42af-a80c-c46d1acdbc29@group-7855C2F36E53-LeaderElection104] INFO  impl.RaftServerImpl (RaftServerImpl.java:setRole(184)) - e3fb79a3-1f86-42af-a80c-c46d1acdbc29@group-7855C2F36E53: changes role from CANDIDATE to FOLLOWER at term 109 for DISCOVERED_A_NEW_TERM
2019-11-04 16:02:13,134 [e3fb79a3-1f86-42af-a80c-c46d1acdbc29@group-7855C2F36E53-LeaderElection104] INFO  impl.RoleInfo (RoleInfo.java:shutdownLeaderElection(134)) - e3fb79a3-1f86-42af-a80c-c46d1acdbc29: shutdown LeaderElection
2019-11-04 16:02:13,135 [e3fb79a3-1f86-42af-a80c-c46d1acdbc29@group-7855C2F36E53-LeaderElection104] INFO  impl.RoleInfo (RoleInfo.java:updateAndGet(143)) - e3fb79a3-1f86-42af-a80c-c46d1acdbc29: start FollowerState
2019-11-04 16:02:13,139 [Thread-901] INFO  impl.FollowerState (FollowerState.java:run(108)) - e3fb79a3-1f86-42af-a80c-c46d1acdbc29@group-7855C2F36E53-FollowerState: change to CANDIDATE, lastRpcTime:4ms, electionTimeout:4ms
2019-11-04 16:02:13,139 [Thread-901] INFO  impl.RoleInfo (RoleInfo.java:shutdownFollowerState(121)) - e3fb79a3-1f86-42af-a80c-c46d1acdbc29: shutdown FollowerState
2019-11-04 16:02:13,139 [Thread-901] INFO  impl.RaftServerImpl (RaftServerImpl.java:setRole(184)) - e3fb79a3-1f86-42af-a80c-c46d1acdbc29@group-7855C2F36E53: changes role from  FOLLOWER to CANDIDATE at term 109 for changeToCandidate
2019-11-04 16:02:13,139 [Thread-901] INFO  impl.RoleInfo (RoleInfo.java:updateAndGet(143)) - e3fb79a3-1f86-42af-a80c-c46d1acdbc29: start LeaderElection
2019-11-04 16:02:13,170 [e3fb79a3-1f86-42af-a80c-c46d1acdbc29@group-7855C2F36E53-LeaderElection105] INFO  impl.LeaderElection (LeaderElection.java:askForVotes(178)) - e3fb79a3-1f86-42af-a80c-c46d1acdbc29@group-7855C2F36E53-LeaderElection105: begin an election at term 110 for -1: [e3fb79a3-1f86-42af-a80c-c46d1acdbc29:192.168.157.194:44142, 81ff859e-e76f-43f5-951a-4a38422068cb:192.168.157.194:46532, a9143d84-6d7f-497d-b770-eb75585db3c7:192.168.157.194:42126], old=null
2019-11-04 16:02:13,173 [grpc-default-executor-0] INFO  impl.RaftServerImpl (RaftServerImpl.java:setRole(184)) - a9143d84-6d7f-497d-b770-eb75585db3c7@group-7855C2F36E53: changes role from  FOLLOWER to FOLLOWER at term 110 for recognizeCandidate:e3fb79a3-1f86-42af-a80c-c46d1acdbc29
2019-11-04 16:02:13,173 [grpc-default-executor-5] INFO  impl.RaftServerImpl (RaftServerImpl.java:setRole(184)) - 81ff859e-e76f-43f5-951a-4a38422068cb@group-7855C2F36E53: changes role from  FOLLOWER to FOLLOWER at term 110 for recognizeCandidate:e3fb79a3-1f86-42af-a80c-c46d1acdbc29
2019-11-04 16:02:13,174 [grpc-default-executor-5] INFO  impl.RoleInfo (RoleInfo.java:shutdownFollowerState(121)) - 81ff859e-e76f-43f5-951a-4a38422068cb: shutdown FollowerState
2019-11-04 16:02:13,173 [grpc-default-executor-0] INFO  impl.RoleInfo (RoleInfo.java:shutdownFollowerState(121)) - a9143d84-6d7f-497d-b770-eb75585db3c7: shutdown FollowerState
2019-11-04 16:02:13,174 [Thread-899] INFO  impl.FollowerState (FollowerState.java:run(117)) - 81ff859e-e76f-43f5-951a-4a38422068cb@group-7855C2F36E53-FollowerState was interrupted: java.lang.InterruptedException: sleep interrupted
2019-11-04 16:02:13,174 [grpc-default-executor-5] INFO  impl.RoleInfo (RoleInfo.java:updateAndGet(143)) - 81ff859e-e76f-43f5-951a-4a38422068cb: start FollowerState
2019-11-04 16:02:13,174 [Thread-900] INFO  impl.FollowerState (FollowerState.java:run(117)) - a9143d84-6d7f-497d-b770-eb75585db3c7@group-7855C2F36E53-FollowerState was interrupted: java.lang.InterruptedException: sleep interrupted
2019-11-04 16:02:13,174 [grpc-default-executor-0] INFO  impl.RoleInfo (RoleInfo.java:updateAndGet(143)) - a9143d84-6d7f-497d-b770-eb75585db3c7: start FollowerState
2019-11-04 16:02:13,189 [e3fb79a3-1f86-42af-a80c-c46d1acdbc29@group-7855C2F36E53-LeaderElection105] INFO  impl.LeaderElection (LeaderElection.java:logAndReturn(56)) - e3fb79a3-1f86-42af-a80c-c46d1acdbc29@group-7855C2F36E53-LeaderElection105: Election REJECTED; received 2 response(s) [e3fb79a3-1f86-42af-a80c-c46d1acdbc29<-81ff859e-e76f-43f5-951a-4a38422068cb#0:FAIL-t110, e3fb79a3-1f86-42af-a80c-c46d1acdbc29<-a9143d84-6d7f-497d-b770-eb75585db3c7#0:FAIL-t110] and 0 exception(s); e3fb79a3-1f86-42af-a80c-c46d1acdbc29@group-7855C2F36E53:t110, leader=null, voted=e3fb79a3-1f86-42af-a80c-c46d1acdbc29, raftlog=e3fb79a3-1f86-42af-a80c-c46d1acdbc29@group-7855C2F36E53-SegmentedRaftLog:OPENED:c-1,f-1,i0, conf=-1: [e3fb79a3-1f86-42af-a80c-c46d1acdbc29:192.168.157.194:44142, 81ff859e-e76f-43f5-951a-4a38422068cb:192.168.157.194:46532, a9143d84-6d7f-497d-b770-eb75585db3c7:192.168.157.194:42126], old=null
2019-11-04 16:02:13,189 [e3fb79a3-1f86-42af-a80c-c46d1acdbc29@group-7855C2F36E53-LeaderElection105] INFO  impl.RaftServerImpl (RaftServerImpl.java:setRole(184)) - e3fb79a3-1f86-42af-a80c-c46d1acdbc29@group-7855C2F36E53: changes role from CANDIDATE to FOLLOWER at term 110 for DISCOVERED_A_NEW_TERM
2019-11-04 16:02:13,190 [e3fb79a3-1f86-42af-a80c-c46d1acdbc29@group-7855C2F36E53-LeaderElection105] INFO  impl.RoleInfo (RoleInfo.java:shutdownLeaderElection(134)) - e3fb79a3-1f86-42af-a80c-c46d1acdbc29: shutdown LeaderElection
2019-11-04 16:02:13,190 [e3fb79a3-1f86-42af-a80c-c46d1acdbc29@group-7855C2F36E53-LeaderElection105] INFO  impl.RoleInfo (RoleInfo.java:updateAndGet(143)) - e3fb79a3-1f86-42af-a80c-c46d1acdbc29: start FollowerState
2019-11-04 16:02:13,208 [Thread-907] INFO  impl.FollowerState (FollowerState.java:run(108)) - e3fb79a3-1f86-42af-a80c-c46d1acdbc29@group-7855C2F36E53-FollowerState: change to CANDIDATE, lastRpcTime:18ms, electionTimeout:18ms
2019-11-04 16:02:13,209 [Thread-907] INFO  impl.RoleInfo (RoleInfo.java:shutdownFollowerState(121)) - e3fb79a3-1f86-42af-a80c-c46d1acdbc29: shutdown FollowerState
2019-11-04 16:02:13,209 [Thread-907] INFO  impl.RaftServerImpl (RaftServerImpl.java:setRole(184)) - e3fb79a3-1f86-42af-a80c-c46d1acdbc29@group-7855C2F36E53: changes role from  FOLLOWER to CANDIDATE at term 110 for changeToCandidate
2019-11-04 16:02:13,209 [Thread-907] INFO  impl.RoleInfo (RoleInfo.java:updateAndGet(143)) - e3fb79a3-1f86-42af-a80c-c46d1acdbc29: start LeaderElection
2019-11-04 16:02:13,224 [e3fb79a3-1f86-42af-a80c-c46d1acdbc29@group-7855C2F36E53-LeaderElection106] INFO  impl.LeaderElection (LeaderElection.java:askForVotes(178)) - e3fb79a3-1f86-42af-a80c-c46d1acdbc29@group-7855C2F36E53-LeaderElection106: begin an election at term 111 for -1: [e3fb79a3-1f86-42af-a80c-c46d1acdbc29:192.168.157.194:44142, 81ff859e-e76f-43f5-951a-4a38422068cb:192.168.157.194:46532, a9143d84-6d7f-497d-b770-eb75585db3c7:192.168.157.194:42126], old=null
2019-11-04 16:02:13,226 [grpc-default-executor-5] INFO  impl.RaftServerImpl (RaftServerImpl.java:setRole(184)) - a9143d84-6d7f-497d-b770-eb75585db3c7@group-7855C2F36E53: changes role from  FOLLOWER to FOLLOWER at term 111 for recognizeCandidate:e3fb79a3-1f86-42af-a80c-c46d1acdbc29
2019-11-04 16:02:13,226 [grpc-default-executor-5] INFO  impl.RoleInfo (RoleInfo.java:shutdownFollowerState(121)) - a9143d84-6d7f-497d-b770-eb75585db3c7: shutdown FollowerState
2019-11-04 16:02:13,226 [grpc-default-executor-0] INFO  impl.RaftServerImpl (RaftServerImpl.java:setRole(184)) - 81ff859e-e76f-43f5-951a-4a38422068cb@group-7855C2F36E53: changes role from  FOLLOWER to FOLLOWER at term 111 for recognizeCandidate:e3fb79a3-1f86-42af-a80c-c46d1acdbc29
2019-11-04 16:02:13,227 [Thread-906] INFO  impl.FollowerState (FollowerState.java:run(117)) - a9143d84-6d7f-497d-b770-eb75585db3c7@group-7855C2F36E53-FollowerState was interrupted: java.lang.InterruptedException: sleep interrupted
2019-11-04 16:02:13,227 [grpc-default-executor-5] INFO  impl.RoleInfo (RoleInfo.java:updateAndGet(143)) - a9143d84-6d7f-497d-b770-eb75585db3c7: start FollowerState
2019-11-04 16:02:13,227 [grpc-default-executor-0] INFO  impl.RoleInfo (RoleInfo.java:shutdownFollowerState(121)) - 81ff859e-e76f-43f5-951a-4a38422068cb: shutdown FollowerState
2019-11-04 16:02:13,227 [grpc-default-executor-0] INFO  impl.RoleInfo (RoleInfo.java:updateAndGet(143)) - 81ff859e-e76f-43f5-951a-4a38422068cb: start FollowerState
2019-11-04 16:02:13,227 [Thread-905] INFO  impl.FollowerState (FollowerState.java:run(117)) - 81ff859e-e76f-43f5-951a-4a38422068cb@group-7855C2F36E53-FollowerState was interrupted: java.lang.InterruptedException: sleep interrupted
2019-11-04 16:02:13,243 [e3fb79a3-1f86-42af-a80c-c46d1acdbc29@group-7855C2F36E53-LeaderElection106] INFO  impl.LeaderElection (LeaderElection.java:logAndReturn(56)) - e3fb79a3-1f86-42af-a80c-c46d1acdbc29@group-7855C2F36E53-LeaderElection106: Election REJECTED; received 2 response(s) [e3fb79a3-1f86-42af-a80c-c46d1acdbc29<-81ff859e-e76f-43f5-951a-4a38422068cb#0:FAIL-t111, e3fb79a3-1f86-42af-a80c-c46d1acdbc29<-a9143d84-6d7f-497d-b770-eb75585db3c7#0:FAIL-t111] and 0 exception(s); e3fb79a3-1f86-42af-a80c-c46d1acdbc29@group-7855C2F36E53:t111, leader=null, voted=e3fb79a3-1f86-42af-a80c-c46d1acdbc29, raftlog=e3fb79a3-1f86-42af-a80c-c46d1acdbc29@group-7855C2F36E53-SegmentedRaftLog:OPENED:c-1,f-1,i0, conf=-1: [e3fb79a3-1f86-42af-a80c-c46d1acdbc29:192.168.157.194:44142, 81ff859e-e76f-43f5-951a-4a38422068cb:192.168.157.194:46532, a9143d84-6d7f-497d-b770-eb75585db3c7:192.168.157.194:42126], old=null
2019-11-04 16:02:13,243 [e3fb79a3-1f86-42af-a80c-c46d1acdbc29@group-7855C2F36E53-LeaderElection106] INFO  impl.RaftServerImpl (RaftServerImpl.java:setRole(184)) - e3fb79a3-1f86-42af-a80c-c46d1acdbc29@group-7855C2F36E53: changes role from CANDIDATE to FOLLOWER at term 111 for DISCOVERED_A_NEW_TERM
2019-11-04 16:02:13,243 [e3fb79a3-1f86-42af-a80c-c46d1acdbc29@group-7855C2F36E53-LeaderElection106] INFO  impl.RoleInfo (RoleInfo.java:shutdownLeaderElection(134)) - e3fb79a3-1f86-42af-a80c-c46d1acdbc29: shutdown LeaderElection
2019-11-04 16:02:13,243 [e3fb79a3-1f86-42af-a80c-c46d1acdbc29@group-7855C2F36E53-LeaderElection106] INFO  impl.RoleInfo (RoleInfo.java:updateAndGet(143)) - e3fb79a3-1f86-42af-a80c-c46d1acdbc29: start FollowerState
2019-11-04 16:02:13,349 [Thread-913] INFO  impl.FollowerState (FollowerState.java:run(108)) - e3fb79a3-1f86-42af-a80c-c46d1acdbc29@group-7855C2F36E53-FollowerState: change to CANDIDATE, lastRpcTime:105ms, electionTimeout:105ms
2019-11-04 16:02:13,349 [Thread-913] INFO  impl.RoleInfo (RoleInfo.java:shutdownFollowerState(121)) - e3fb79a3-1f86-42af-a80c-c46d1acdbc29: shutdown FollowerState
2019-11-04 16:02:13,349 [Thread-913] INFO  impl.RaftServerImpl (RaftServerImpl.java:setRole(184)) - e3fb79a3-1f86-42af-a80c-c46d1acdbc29@group-7855C2F36E53: changes role from  FOLLOWER to CANDIDATE at term 111 for changeToCandidate
2019-11-04 16:02:13,349 [Thread-913] INFO  impl.RoleInfo (RoleInfo.java:updateAndGet(143)) - e3fb79a3-1f86-42af-a80c-c46d1acdbc29: start LeaderElection
2019-11-04 16:02:13,364 [e3fb79a3-1f86-42af-a80c-c46d1acdbc29@group-7855C2F36E53-LeaderElection107] INFO  impl.LeaderElection (LeaderElection.java:askForVotes(178)) - e3fb79a3-1f86-42af-a80c-c46d1acdbc29@group-7855C2F36E53-LeaderElection107: begin an election at term 112 for -1: [e3fb79a3-1f86-42af-a80c-c46d1acdbc29:192.168.157.194:44142, 81ff859e-e76f-43f5-951a-4a38422068cb:192.168.157.194:46532, a9143d84-6d7f-497d-b770-eb75585db3c7:192.168.157.194:42126], old=null
2019-11-04 16:02:13,367 [grpc-default-executor-0] INFO  impl.RaftServerImpl (RaftServerImpl.java:setRole(184)) - 81ff859e-e76f-43f5-951a-4a38422068cb@group-7855C2F36E53: changes role from  FOLLOWER to FOLLOWER at term 112 for recognizeCandidate:e3fb79a3-1f86-42af-a80c-c46d1acdbc29
2019-11-04 16:02:13,367 [grpc-default-executor-0] INFO  impl.RoleInfo (RoleInfo.java:shutdownFollowerState(121)) - 81ff859e-e76f-43f5-951a-4a38422068cb: shutdown FollowerState
2019-11-04 16:02:13,367 [grpc-default-executor-0] INFO  impl.RoleInfo (RoleInfo.java:updateAndGet(143)) - 81ff859e-e76f-43f5-951a-4a38422068cb: start FollowerState
2019-11-04 16:02:13,367 [Thread-912] INFO  impl.FollowerState (FollowerState.java:run(117)) - 81ff859e-e76f-43f5-951a-4a38422068cb@group-7855C2F36E53-FollowerState was interrupted: java.lang.InterruptedException: sleep interrupted
2019-11-04 16:02:13,367 [grpc-default-executor-5] INFO  impl.RaftServerImpl (RaftServerImpl.java:setRole(184)) - a9143d84-6d7f-497d-b770-eb75585db3c7@group-7855C2F36E53: changes role from  FOLLOWER to FOLLOWER at term 112 for recognizeCandidate:e3fb79a3-1f86-42af-a80c-c46d1acdbc29
2019-11-04 16:02:13,368 [grpc-default-executor-5] INFO  impl.RoleInfo (RoleInfo.java:shutdownFollowerState(121)) - a9143d84-6d7f-497d-b770-eb75585db3c7: shutdown FollowerState
2019-11-04 16:02:13,368 [grpc-default-executor-5] INFO  impl.RoleInfo (RoleInfo.java:updateAndGet(143)) - a9143d84-6d7f-497d-b770-eb75585db3c7: start FollowerState
2019-11-04 16:02:13,368 [Thread-911] INFO  impl.FollowerState (FollowerState.java:run(117)) - a9143d84-6d7f-497d-b770-eb75585db3c7@group-7855C2F36E53-FollowerState was interrupted: java.lang.InterruptedException: sleep interrupted
2019-11-04 16:02:13,387 [e3fb79a3-1f86-42af-a80c-c46d1acdbc29@group-7855C2F36E53-LeaderElection107] INFO  impl.LeaderElection (LeaderElection.java:logAndReturn(56)) - e3fb79a3-1f86-42af-a80c-c46d1acdbc29@group-7855C2F36E53-LeaderElection107: Election REJECTED; received 2 response(s) [e3fb79a3-1f86-42af-a80c-c46d1acdbc29<-81ff859e-e76f-43f5-951a-4a38422068cb#0:FAIL-t112, e3fb79a3-1f86-42af-a80c-c46d1acdbc29<-a9143d84-6d7f-497d-b770-eb75585db3c7#0:FAIL-t112] and 0 exception(s); e3fb79a3-1f86-42af-a80c-c46d1acdbc29@group-7855C2F36E53:t112, leader=null, voted=e3fb79a3-1f86-42af-a80c-c46d1acdbc29, raftlog=e3fb79a3-1f86-42af-a80c-c46d1acdbc29@group-7855C2F36E53-SegmentedRaftLog:OPENED:c-1,f-1,i0, conf=-1: [e3fb79a3-1f86-42af-a80c-c46d1acdbc29:192.168.157.194:44142, 81ff859e-e76f-43f5-951a-4a38422068cb:192.168.157.194:46532, a9143d84-6d7f-497d-b770-eb75585db3c7:192.168.157.194:42126], old=null
2019-11-04 16:02:13,387 [e3fb79a3-1f86-42af-a80c-c46d1acdbc29@group-7855C2F36E53-LeaderElection107] INFO  impl.RaftServerImpl (RaftServerImpl.java:setRole(184)) - e3fb79a3-1f86-42af-a80c-c46d1acdbc29@group-7855C2F36E53: changes role from CANDIDATE to FOLLOWER at term 112 for DISCOVERED_A_NEW_TERM
2019-11-04 16:02:13,387 [e3fb79a3-1f86-42af-a80c-c46d1acdbc29@group-7855C2F36E53-LeaderElection107] INFO  impl.RoleInfo (RoleInfo.java:shutdownLeaderElection(134)) - e3fb79a3-1f86-42af-a80c-c46d1acdbc29: shutdown LeaderElection
2019-11-04 16:02:13,388 [e3fb79a3-1f86-42af-a80c-c46d1acdbc29@group-7855C2F36E53-LeaderElection107] INFO  impl.RoleInfo (RoleInfo.java:updateAndGet(143)) - e3fb79a3-1f86-42af-a80c-c46d1acdbc29: start FollowerState
2019-11-04 16:02:13,423 [Thread-919] INFO  impl.FollowerState (FollowerState.java:run(108)) - e3fb79a3-1f86-42af-a80c-c46d1acdbc29@group-7855C2F36E53-FollowerState: change to CANDIDATE, lastRpcTime:35ms, electionTimeout:35ms
2019-11-04 16:02:13,423 [Thread-919] INFO  impl.RoleInfo (RoleInfo.java:shutdownFollowerState(121)) - e3fb79a3-1f86-42af-a80c-c46d1acdbc29: shutdown FollowerState
2019-11-04 16:02:13,423 [Thread-919] INFO  impl.RaftServerImpl (RaftServerImpl.java:setRole(184)) - e3fb79a3-1f86-42af-a80c-c46d1acdbc29@group-7855C2F36E53: changes role from  FOLLOWER to CANDIDATE at term 112 for changeToCandidate
2019-11-04 16:02:13,424 [Thread-919] INFO  impl.RoleInfo (RoleInfo.java:updateAndGet(143)) - e3fb79a3-1f86-42af-a80c-c46d1acdbc29: start LeaderElection
2019-11-04 16:02:13,437 [e3fb79a3-1f86-42af-a80c-c46d1acdbc29@group-7855C2F36E53-LeaderElection108] INFO  impl.LeaderElection (LeaderElection.java:askForVotes(178)) - e3fb79a3-1f86-42af-a80c-c46d1acdbc29@group-7855C2F36E53-LeaderElection108: begin an election at term 113 for -1: [e3fb79a3-1f86-42af-a80c-c46d1acdbc29:192.168.157.194:44142, 81ff859e-e76f-43f5-951a-4a38422068cb:192.168.157.194:46532, a9143d84-6d7f-497d-b770-eb75585db3c7:192.168.157.194:42126], old=null
2019-11-04 16:02:13,440 [grpc-default-executor-5] INFO  impl.RaftServerImpl (RaftServerImpl.java:setRole(184)) - 81ff859e-e76f-43f5-951a-4a38422068cb@group-7855C2F36E53: changes role from  FOLLOWER to FOLLOWER at term 113 for recognizeCandidate:e3fb79a3-1f86-42af-a80c-c46d1acdbc29
2019-11-04 16:02:13,440 [grpc-default-executor-5] INFO  impl.RoleInfo (RoleInfo.java:shutdownFollowerState(121)) - 81ff859e-e76f-43f5-951a-4a38422068cb: shutdown FollowerState
2019-11-04 16:02:13,440 [grpc-default-executor-5] INFO  impl.RoleInfo (RoleInfo.java:updateAndGet(143)) - 81ff859e-e76f-43f5-951a-4a38422068cb: start FollowerState
2019-11-04 16:02:13,440 [Thread-917] INFO  impl.FollowerState (FollowerState.java:run(117)) - 81ff859e-e76f-43f5-951a-4a38422068cb@group-7855C2F36E53-FollowerState was interrupted: java.lang.InterruptedException: sleep interrupted
2019-11-04 16:02:13,440 [grpc-default-executor-0] INFO  impl.RaftServerImpl (RaftServerImpl.java:setRole(184)) - a9143d84-6d7f-497d-b770-eb75585db3c7@group-7855C2F36E53: changes role from  FOLLOWER to FOLLOWER at term 113 for recognizeCandidate:e3fb79a3-1f86-42af-a80c-c46d1acdbc29
2019-11-04 16:02:13,441 [grpc-default-executor-0] INFO  impl.RoleInfo (RoleInfo.java:shutdownFollowerState(121)) - a9143d84-6d7f-497d-b770-eb75585db3c7: shutdown FollowerState
2019-11-04 16:02:13,441 [grpc-default-executor-0] INFO  impl.RoleInfo (RoleInfo.java:updateAndGet(143)) - a9143d84-6d7f-497d-b770-eb75585db3c7: start FollowerState
2019-11-04 16:02:13,441 [Thread-918] INFO  impl.FollowerState (FollowerState.java:run(117)) - a9143d84-6d7f-497d-b770-eb75585db3c7@group-7855C2F36E53-FollowerState was interrupted: java.lang.InterruptedException: sleep interrupted
2019-11-04 16:02:13,456 [e3fb79a3-1f86-42af-a80c-c46d1acdbc29@group-7855C2F36E53-LeaderElection108] INFO  impl.LeaderElection (LeaderElection.java:logAndReturn(56)) - e3fb79a3-1f86-42af-a80c-c46d1acdbc29@group-7855C2F36E53-LeaderElection108: Election REJECTED; received 2 response(s) [e3fb79a3-1f86-42af-a80c-c46d1acdbc29<-81ff859e-e76f-43f5-951a-4a38422068cb#0:FAIL-t113, e3fb79a3-1f86-42af-a80c-c46d1acdbc29<-a9143d84-6d7f-497d-b770-eb75585db3c7#0:FAIL-t113] and 0 exception(s); e3fb79a3-1f86-42af-a80c-c46d1acdbc29@group-7855C2F36E53:t113, leader=null, voted=e3fb79a3-1f86-42af-a80c-c46d1acdbc29, raftlog=e3fb79a3-1f86-42af-a80c-c46d1acdbc29@group-7855C2F36E53-SegmentedRaftLog:OPENED:c-1,f-1,i0, conf=-1: [e3fb79a3-1f86-42af-a80c-c46d1acdbc29:192.168.157.194:44142, 81ff859e-e76f-43f5-951a-4a38422068cb:192.168.157.194:46532, a9143d84-6d7f-497d-b770-eb75585db3c7:192.168.157.194:42126], old=null
2019-11-04 16:02:13,456 [e3fb79a3-1f86-42af-a80c-c46d1acdbc29@group-7855C2F36E53-LeaderElection108] INFO  impl.RaftServerImpl (RaftServerImpl.java:setRole(184)) - e3fb79a3-1f86-42af-a80c-c46d1acdbc29@group-7855C2F36E53: changes role from CANDIDATE to FOLLOWER at term 113 for DISCOVERED_A_NEW_TERM
2019-11-04 16:02:13,457 [e3fb79a3-1f86-42af-a80c-c46d1acdbc29@group-7855C2F36E53-LeaderElection108] INFO  impl.RoleInfo (RoleInfo.java:shutdownLeaderElection(134)) - e3fb79a3-1f86-42af-a80c-c46d1acdbc29: shutdown LeaderElection
2019-11-04 16:02:13,457 [e3fb79a3-1f86-42af-a80c-c46d1acdbc29@group-7855C2F36E53-LeaderElection108] INFO  impl.RoleInfo (RoleInfo.java:updateAndGet(143)) - e3fb79a3-1f86-42af-a80c-c46d1acdbc29: start FollowerState
2019-11-04 16:02:13,590 [Thread-925] INFO  impl.FollowerState (FollowerState.java:run(108)) - e3fb79a3-1f86-42af-a80c-c46d1acdbc29@group-7855C2F36E53-FollowerState: change to CANDIDATE, lastRpcTime:133ms, electionTimeout:133ms
2019-11-04 16:02:13,590 [Thread-925] INFO  impl.RoleInfo (RoleInfo.java:shutdownFollowerState(121)) - e3fb79a3-1f86-42af-a80c-c46d1acdbc29: shutdown FollowerState
2019-11-04 16:02:13,590 [Thread-925] INFO  impl.RaftServerImpl (RaftServerImpl.java:setRole(184)) - e3fb79a3-1f86-42af-a80c-c46d1acdbc29@group-7855C2F36E53: changes role from  FOLLOWER to CANDIDATE at term 113 for changeToCandidate
2019-11-04 16:02:13,591 [Thread-925] INFO  impl.RoleInfo (RoleInfo.java:updateAndGet(143)) - e3fb79a3-1f86-42af-a80c-c46d1acdbc29: start LeaderElection
2019-11-04 16:02:13,604 [e3fb79a3-1f86-42af-a80c-c46d1acdbc29@group-7855C2F36E53-LeaderElection109] INFO  impl.LeaderElection (LeaderElection.java:askForVotes(178)) - e3fb79a3-1f86-42af-a80c-c46d1acdbc29@group-7855C2F36E53-LeaderElection109: begin an election at term 114 for -1: [e3fb79a3-1f86-42af-a80c-c46d1acdbc29:192.168.157.194:44142, 81ff859e-e76f-43f5-951a-4a38422068cb:192.168.157.194:46532, a9143d84-6d7f-497d-b770-eb75585db3c7:192.168.157.194:42126], old=null
2019-11-04 16:02:13,607 [grpc-default-executor-0] INFO  impl.RaftServerImpl (RaftServerImpl.java:setRole(184)) - a9143d84-6d7f-497d-b770-eb75585db3c7@group-7855C2F36E53: changes role from  FOLLOWER to FOLLOWER at term 114 for recognizeCandidate:e3fb79a3-1f86-42af-a80c-c46d1acdbc29
2019-11-04 16:02:13,608 [grpc-default-executor-0] INFO  impl.RoleInfo (RoleInfo.java:shutdownFollowerState(121)) - a9143d84-6d7f-497d-b770-eb75585db3c7: shutdown FollowerState
2019-11-04 16:02:13,607 [grpc-default-executor-5] INFO  impl.RaftServerImpl (RaftServerImpl.java:setRole(184)) - 81ff859e-e76f-43f5-951a-4a38422068cb@group-7855C2F36E53: changes role from  FOLLOWER to FOLLOWER at term 114 for recognizeCandidate:e3fb79a3-1f86-42af-a80c-c46d1acdbc29
2019-11-04 16:02:13,608 [Thread-924] INFO  impl.FollowerState (FollowerState.java:run(117)) - a9143d84-6d7f-497d-b770-eb75585db3c7@group-7855C2F36E53-FollowerState was interrupted: java.lang.InterruptedException: sleep interrupted
2019-11-04 16:02:13,608 [grpc-default-executor-0] INFO  impl.RoleInfo (RoleInfo.java:updateAndGet(143)) - a9143d84-6d7f-497d-b770-eb75585db3c7: start FollowerState
2019-11-04 16:02:13,608 [grpc-default-executor-5] INFO  impl.RoleInfo (RoleInfo.java:shutdownFollowerState(121)) - 81ff859e-e76f-43f5-951a-4a38422068cb: shutdown FollowerState
2019-11-04 16:02:13,609 [grpc-default-executor-5] INFO  impl.RoleInfo (RoleInfo.java:updateAndGet(143)) - 81ff859e-e76f-43f5-951a-4a38422068cb: start FollowerState
2019-11-04 16:02:13,609 [Thread-923] INFO  impl.FollowerState (FollowerState.java:run(117)) - 81ff859e-e76f-43f5-951a-4a38422068cb@group-7855C2F36E53-FollowerState was interrupted: java.lang.InterruptedException: sleep interrupted
2019-11-04 16:02:13,623 [e3fb79a3-1f86-42af-a80c-c46d1acdbc29@group-7855C2F36E53-LeaderElection109] INFO  impl.LeaderElection (LeaderElection.java:logAndReturn(56)) - e3fb79a3-1f86-42af-a80c-c46d1acdbc29@group-7855C2F36E53-LeaderElection109: Election REJECTED; received 2 response(s) [e3fb79a3-1f86-42af-a80c-c46d1acdbc29<-81ff859e-e76f-43f5-951a-4a38422068cb#0:FAIL-t114, e3fb79a3-1f86-42af-a80c-c46d1acdbc29<-a9143d84-6d7f-497d-b770-eb75585db3c7#0:FAIL-t114] and 0 exception(s); e3fb79a3-1f86-42af-a80c-c46d1acdbc29@group-7855C2F36E53:t114, leader=null, voted=e3fb79a3-1f86-42af-a80c-c46d1acdbc29, raftlog=e3fb79a3-1f86-42af-a80c-c46d1acdbc29@group-7855C2F36E53-SegmentedRaftLog:OPENED:c-1,f-1,i0, conf=-1: [e3fb79a3-1f86-42af-a80c-c46d1acdbc29:192.168.157.194:44142, 81ff859e-e76f-43f5-951a-4a38422068cb:192.168.157.194:46532, a9143d84-6d7f-497d-b770-eb75585db3c7:192.168.157.194:42126], old=null
2019-11-04 16:02:13,623 [e3fb79a3-1f86-42af-a80c-c46d1acdbc29@group-7855C2F36E53-LeaderElection109] INFO  impl.RaftServerImpl (RaftServerImpl.java:setRole(184)) - e3fb79a3-1f86-42af-a80c-c46d1acdbc29@group-7855C2F36E53: changes role from CANDIDATE to FOLLOWER at term 114 for DISCOVERED_A_NEW_TERM
2019-11-04 16:02:13,623 [e3fb79a3-1f86-42af-a80c-c46d1acdbc29@group-7855C2F36E53-LeaderElection109] INFO  impl.RoleInfo (RoleInfo.java:shutdownLeaderElection(134)) - e3fb79a3-1f86-42af-a80c-c46d1acdbc29: shutdown LeaderElection
2019-11-04 16:02:13,623 [e3fb79a3-1f86-42af-a80c-c46d1acdbc29@group-7855C2F36E53-LeaderElection109] INFO  impl.RoleInfo (RoleInfo.java:updateAndGet(143)) - e3fb79a3-1f86-42af-a80c-c46d1acdbc29: start FollowerState
2019-11-04 16:02:13,768 [Thread-931] INFO  impl.FollowerState (FollowerState.java:run(108)) - e3fb79a3-1f86-42af-a80c-c46d1acdbc29@group-7855C2F36E53-FollowerState: change to CANDIDATE, lastRpcTime:144ms, electionTimeout:144ms
2019-11-04 16:02:13,768 [Thread-931] INFO  impl.RoleInfo (RoleInfo.java:shutdownFollowerState(121)) - e3fb79a3-1f86-42af-a80c-c46d1acdbc29: shutdown FollowerState
2019-11-04 16:02:13,768 [Thread-931] INFO  impl.RaftServerImpl (RaftServerImpl.java:setRole(184)) - e3fb79a3-1f86-42af-a80c-c46d1acdbc29@group-7855C2F36E53: changes role from  FOLLOWER to CANDIDATE at term 114 for changeToCandidate
2019-11-04 16:02:13,769 [Thread-931] INFO  impl.RoleInfo (RoleInfo.java:updateAndGet(143)) - e3fb79a3-1f86-42af-a80c-c46d1acdbc29: start LeaderElection
2019-11-04 16:02:13,783 [e3fb79a3-1f86-42af-a80c-c46d1acdbc29@group-7855C2F36E53-LeaderElection110] INFO  impl.LeaderElection (LeaderElection.java:askForVotes(178)) - e3fb79a3-1f86-42af-a80c-c46d1acdbc29@group-7855C2F36E53-LeaderElection110: begin an election at term 115 for -1: [e3fb79a3-1f86-42af-a80c-c46d1acdbc29:192.168.157.194:44142, 81ff859e-e76f-43f5-951a-4a38422068cb:192.168.157.194:46532, a9143d84-6d7f-497d-b770-eb75585db3c7:192.168.157.194:42126], old=null
2019-11-04 16:02:13,786 [grpc-default-executor-0] INFO  impl.RaftServerImpl (RaftServerImpl.java:setRole(184)) - 81ff859e-e76f-43f5-951a-4a38422068cb@group-7855C2F36E53: changes role from  FOLLOWER to FOLLOWER at term 115 for recognizeCandidate:e3fb79a3-1f86-42af-a80c-c46d1acdbc29
2019-11-04 16:02:13,786 [grpc-default-executor-5] INFO  impl.RaftServerImpl (RaftServerImpl.java:setRole(184)) - a9143d84-6d7f-497d-b770-eb75585db3c7@group-7855C2F36E53: changes role from  FOLLOWER to FOLLOWER at term 115 for recognizeCandidate:e3fb79a3-1f86-42af-a80c-c46d1acdbc29
2019-11-04 16:02:13,786 [grpc-default-executor-0] INFO  impl.RoleInfo (RoleInfo.java:shutdownFollowerState(121)) - 81ff859e-e76f-43f5-951a-4a38422068cb: shutdown FollowerState
2019-11-04 16:02:13,786 [grpc-default-executor-5] INFO  impl.RoleInfo (RoleInfo.java:shutdownFollowerState(121)) - a9143d84-6d7f-497d-b770-eb75585db3c7: shutdown FollowerState
2019-11-04 16:02:13,787 [Thread-930] INFO  impl.FollowerState (FollowerState.java:run(117)) - 81ff859e-e76f-43f5-951a-4a38422068cb@group-7855C2F36E53-FollowerState was interrupted: java.lang.InterruptedException: sleep interrupted
2019-11-04 16:02:13,787 [grpc-default-executor-0] INFO  impl.RoleInfo (RoleInfo.java:updateAndGet(143)) - 81ff859e-e76f-43f5-951a-4a38422068cb: start FollowerState
2019-11-04 16:02:13,787 [Thread-929] INFO  impl.FollowerState (FollowerState.java:run(117)) - a9143d84-6d7f-497d-b770-eb75585db3c7@group-7855C2F36E53-FollowerState was interrupted: java.lang.InterruptedException: sleep interrupted
2019-11-04 16:02:13,787 [grpc-default-executor-5] INFO  impl.RoleInfo (RoleInfo.java:updateAndGet(143)) - a9143d84-6d7f-497d-b770-eb75585db3c7: start FollowerState
2019-11-04 16:02:13,811 [e3fb79a3-1f86-42af-a80c-c46d1acdbc29@group-7855C2F36E53-LeaderElection110] INFO  impl.LeaderElection (LeaderElection.java:logAndReturn(56)) - e3fb79a3-1f86-42af-a80c-c46d1acdbc29@group-7855C2F36E53-LeaderElection110: Election REJECTED; received 2 response(s) [e3fb79a3-1f86-42af-a80c-c46d1acdbc29<-81ff859e-e76f-43f5-951a-4a38422068cb#0:FAIL-t115, e3fb79a3-1f86-42af-a80c-c46d1acdbc29<-a9143d84-6d7f-497d-b770-eb75585db3c7#0:FAIL-t115] and 0 exception(s); e3fb79a3-1f86-42af-a80c-c46d1acdbc29@group-7855C2F36E53:t115, leader=null, voted=e3fb79a3-1f86-42af-a80c-c46d1acdbc29, raftlog=e3fb79a3-1f86-42af-a80c-c46d1acdbc29@group-7855C2F36E53-SegmentedRaftLog:OPENED:c-1,f-1,i0, conf=-1: [e3fb79a3-1f86-42af-a80c-c46d1acdbc29:192.168.157.194:44142, 81ff859e-e76f-43f5-951a-4a38422068cb:192.168.157.194:46532, a9143d84-6d7f-497d-b770-eb75585db3c7:192.168.157.194:42126], old=null
2019-11-04 16:02:13,812 [e3fb79a3-1f86-42af-a80c-c46d1acdbc29@group-7855C2F36E53-LeaderElection110] INFO  impl.RaftServerImpl (RaftServerImpl.java:setRole(184)) - e3fb79a3-1f86-42af-a80c-c46d1acdbc29@group-7855C2F36E53: changes role from CANDIDATE to FOLLOWER at term 115 for DISCOVERED_A_NEW_TERM
2019-11-04 16:02:13,812 [e3fb79a3-1f86-42af-a80c-c46d1acdbc29@group-7855C2F36E53-LeaderElection110] INFO  impl.RoleInfo (RoleInfo.java:shutdownLeaderElection(134)) - e3fb79a3-1f86-42af-a80c-c46d1acdbc29: shutdown LeaderElection
2019-11-04 16:02:13,812 [e3fb79a3-1f86-42af-a80c-c46d1acdbc29@group-7855C2F36E53-LeaderElection110] INFO  impl.RoleInfo (RoleInfo.java:updateAndGet(143)) - e3fb79a3-1f86-42af-a80c-c46d1acdbc29: start FollowerState
2019-11-04 16:02:13,855 [Thread-937] INFO  impl.FollowerState (FollowerState.java:run(108)) - e3fb79a3-1f86-42af-a80c-c46d1acdbc29@group-7855C2F36E53-FollowerState: change to CANDIDATE, lastRpcTime:43ms, electionTimeout:43ms
2019-11-04 16:02:13,855 [Thread-937] INFO  impl.RoleInfo (RoleInfo.java:shutdownFollowerState(121)) - e3fb79a3-1f86-42af-a80c-c46d1acdbc29: shutdown FollowerState
2019-11-04 16:02:13,855 [Thread-937] INFO  impl.RaftServerImpl (RaftServerImpl.java:setRole(184)) - e3fb79a3-1f86-42af-a80c-c46d1acdbc29@group-7855C2F36E53: changes role from  FOLLOWER to CANDIDATE at term 115 for changeToCandidate
2019-11-04 16:02:13,856 [Thread-937] INFO  impl.RoleInfo (RoleInfo.java:updateAndGet(143)) - e3fb79a3-1f86-42af-a80c-c46d1acdbc29: start LeaderElection
2019-11-04 16:02:13,871 [e3fb79a3-1f86-42af-a80c-c46d1acdbc29@group-7855C2F36E53-LeaderElection111] INFO  impl.LeaderElection (LeaderElection.java:askForVotes(178)) - e3fb79a3-1f86-42af-a80c-c46d1acdbc29@group-7855C2F36E53-LeaderElection111: begin an election at term 116 for -1: [e3fb79a3-1f86-42af-a80c-c46d1acdbc29:192.168.157.194:44142, 81ff859e-e76f-43f5-951a-4a38422068cb:192.168.157.194:46532, a9143d84-6d7f-497d-b770-eb75585db3c7:192.168.157.194:42126], old=null
2019-11-04 16:02:13,874 [grpc-default-executor-0] INFO  impl.RaftServerImpl (RaftServerImpl.java:setRole(184)) - a9143d84-6d7f-497d-b770-eb75585db3c7@group-7855C2F36E53: changes role from  FOLLOWER to FOLLOWER at term 116 for recognizeCandidate:e3fb79a3-1f86-42af-a80c-c46d1acdbc29
2019-11-04 16:02:13,874 [grpc-default-executor-0] INFO  impl.RoleInfo (RoleInfo.java:shutdownFollowerState(121)) - a9143d84-6d7f-497d-b770-eb75585db3c7: shutdown FollowerState
2019-11-04 16:02:13,874 [grpc-default-executor-5] INFO  impl.RaftServerImpl (RaftServerImpl.java:setRole(184)) - 81ff859e-e76f-43f5-951a-4a38422068cb@group-7855C2F36E53: changes role from  FOLLOWER to FOLLOWER at term 116 for recognizeCandidate:e3fb79a3-1f86-42af-a80c-c46d1acdbc29
2019-11-04 16:02:13,874 [Thread-936] INFO  impl.FollowerState (FollowerState.java:run(117)) - a9143d84-6d7f-497d-b770-eb75585db3c7@group-7855C2F36E53-FollowerState was interrupted: java.lang.InterruptedException: sleep interrupted
2019-11-04 16:02:13,874 [grpc-default-executor-0] INFO  impl.RoleInfo (RoleInfo.java:updateAndGet(143)) - a9143d84-6d7f-497d-b770-eb75585db3c7: start FollowerState
2019-11-04 16:02:13,874 [grpc-default-executor-5] INFO  impl.RoleInfo (RoleInfo.java:shutdownFollowerState(121)) - 81ff859e-e76f-43f5-951a-4a38422068cb: shutdown FollowerState
2019-11-04 16:02:13,875 [grpc-default-executor-5] INFO  impl.RoleInfo (RoleInfo.java:updateAndGet(143)) - 81ff859e-e76f-43f5-951a-4a38422068cb: start FollowerState
2019-11-04 16:02:13,875 [Thread-935] INFO  impl.FollowerState (FollowerState.java:run(117)) - 81ff859e-e76f-43f5-951a-4a38422068cb@group-7855C2F36E53-FollowerState was interrupted: java.lang.InterruptedException: sleep interrupted
2019-11-04 16:02:13,890 [e3fb79a3-1f86-42af-a80c-c46d1acdbc29@group-7855C2F36E53-LeaderElection111] INFO  impl.LeaderElection (LeaderElection.java:logAndReturn(56)) - e3fb79a3-1f86-42af-a80c-c46d1acdbc29@group-7855C2F36E53-LeaderElection111: Election REJECTED; received 2 response(s) [e3fb79a3-1f86-42af-a80c-c46d1acdbc29<-81ff859e-e76f-43f5-951a-4a38422068cb#0:FAIL-t116, e3fb79a3-1f86-42af-a80c-c46d1acdbc29<-a9143d84-6d7f-497d-b770-eb75585db3c7#0:FAIL-t116] and 0 exception(s); e3fb79a3-1f86-42af-a80c-c46d1acdbc29@group-7855C2F36E53:t116, leader=null, voted=e3fb79a3-1f86-42af-a80c-c46d1acdbc29, raftlog=e3fb79a3-1f86-42af-a80c-c46d1acdbc29@group-7855C2F36E53-SegmentedRaftLog:OPENED:c-1,f-1,i0, conf=-1: [e3fb79a3-1f86-42af-a80c-c46d1acdbc29:192.168.157.194:44142, 81ff859e-e76f-43f5-951a-4a38422068cb:192.168.157.194:46532, a9143d84-6d7f-497d-b770-eb75585db3c7:192.168.157.194:42126], old=null
2019-11-04 16:02:13,890 [e3fb79a3-1f86-42af-a80c-c46d1acdbc29@group-7855C2F36E53-LeaderElection111] INFO  impl.RaftServerImpl (RaftServerImpl.java:setRole(184)) - e3fb79a3-1f86-42af-a80c-c46d1acdbc29@group-7855C2F36E53: changes role from CANDIDATE to FOLLOWER at term 116 for DISCOVERED_A_NEW_TERM
2019-11-04 16:02:13,890 [e3fb79a3-1f86-42af-a80c-c46d1acdbc29@group-7855C2F36E53-LeaderElection111] INFO  impl.RoleInfo (RoleInfo.java:shutdownLeaderElection(134)) - e3fb79a3-1f86-42af-a80c-c46d1acdbc29: shutdown LeaderElection
2019-11-04 16:02:13,890 [e3fb79a3-1f86-42af-a80c-c46d1acdbc29@group-7855C2F36E53-LeaderElection111] INFO  impl.RoleInfo (RoleInfo.java:updateAndGet(143)) - e3fb79a3-1f86-42af-a80c-c46d1acdbc29: start FollowerState
2019-11-04 16:02:13,963 [Thread-943] INFO  impl.FollowerState (FollowerState.java:run(108)) - e3fb79a3-1f86-42af-a80c-c46d1acdbc29@group-7855C2F36E53-FollowerState: change to CANDIDATE, lastRpcTime:73ms, electionTimeout:72ms
2019-11-04 16:02:13,964 [Thread-943] INFO  impl.RoleInfo (RoleInfo.java:shutdownFollowerState(121)) - e3fb79a3-1f86-42af-a80c-c46d1acdbc29: shutdown FollowerState
2019-11-04 16:02:13,964 [Thread-943] INFO  impl.RaftServerImpl (RaftServerImpl.java:setRole(184)) - e3fb79a3-1f86-42af-a80c-c46d1acdbc29@group-7855C2F36E53: changes role from  FOLLOWER to CANDIDATE at term 116 for changeToCandidate
2019-11-04 16:02:13,964 [Thread-943] INFO  impl.RoleInfo (RoleInfo.java:updateAndGet(143)) - e3fb79a3-1f86-42af-a80c-c46d1acdbc29: start LeaderElection
2019-11-04 16:02:13,978 [e3fb79a3-1f86-42af-a80c-c46d1acdbc29@group-7855C2F36E53-LeaderElection112] INFO  impl.LeaderElection (LeaderElection.java:askForVotes(178)) - e3fb79a3-1f86-42af-a80c-c46d1acdbc29@group-7855C2F36E53-LeaderElection112: begin an election at term 117 for -1: [e3fb79a3-1f86-42af-a80c-c46d1acdbc29:192.168.157.194:44142, 81ff859e-e76f-43f5-951a-4a38422068cb:192.168.157.194:46532, a9143d84-6d7f-497d-b770-eb75585db3c7:192.168.157.194:42126], old=null
2019-11-04 16:02:13,980 [grpc-default-executor-0] INFO  impl.RaftServerImpl (RaftServerImpl.java:setRole(184)) - a9143d84-6d7f-497d-b770-eb75585db3c7@group-7855C2F36E53: changes role from  FOLLOWER to FOLLOWER at term 117 for recognizeCandidate:e3fb79a3-1f86-42af-a80c-c46d1acdbc29
2019-11-04 16:02:13,981 [grpc-default-executor-5] INFO  impl.RaftServerImpl (RaftServerImpl.java:setRole(184)) - 81ff859e-e76f-43f5-951a-4a38422068cb@group-7855C2F36E53: changes role from  FOLLOWER to FOLLOWER at term 117 for recognizeCandidate:e3fb79a3-1f86-42af-a80c-c46d1acdbc29
2019-11-04 16:02:13,981 [grpc-default-executor-0] INFO  impl.RoleInfo (RoleInfo.java:shutdownFollowerState(121)) - a9143d84-6d7f-497d-b770-eb75585db3c7: shutdown FollowerState
2019-11-04 16:02:13,981 [grpc-default-executor-5] INFO  impl.RoleInfo (RoleInfo.java:shutdownFollowerState(121)) - 81ff859e-e76f-43f5-951a-4a38422068cb: shutdown FollowerState
2019-11-04 16:02:13,981 [Thread-941] INFO  impl.FollowerState (FollowerState.java:run(117)) - a9143d84-6d7f-497d-b770-eb75585db3c7@group-7855C2F36E53-FollowerState was interrupted: java.lang.InterruptedException: sleep interrupted
2019-11-04 16:02:13,981 [Thread-942] INFO  impl.FollowerState (FollowerState.java:run(117)) - 81ff859e-e76f-43f5-951a-4a38422068cb@group-7855C2F36E53-FollowerState was interrupted: java.lang.InterruptedException: sleep interrupted
2019-11-04 16:02:13,981 [grpc-default-executor-0] INFO  impl.RoleInfo (RoleInfo.java:updateAndGet(143)) - a9143d84-6d7f-497d-b770-eb75585db3c7: start FollowerState
2019-11-04 16:02:13,981 [grpc-default-executor-5] INFO  impl.RoleInfo (RoleInfo.java:updateAndGet(143)) - 81ff859e-e76f-43f5-951a-4a38422068cb: start FollowerState
2019-11-04 16:02:13,992 [e3fb79a3-1f86-42af-a80c-c46d1acdbc29@group-7855C2F36E53-LeaderElection112] INFO  impl.LeaderElection (LeaderElection.java:logAndReturn(56)) - e3fb79a3-1f86-42af-a80c-c46d1acdbc29@group-7855C2F36E53-LeaderElection112: Election REJECTED; received 2 response(s) [e3fb79a3-1f86-42af-a80c-c46d1acdbc29<-81ff859e-e76f-43f5-951a-4a38422068cb#0:FAIL-t117, e3fb79a3-1f86-42af-a80c-c46d1acdbc29<-a9143d84-6d7f-497d-b770-eb75585db3c7#0:FAIL-t117] and 0 exception(s); e3fb79a3-1f86-42af-a80c-c46d1acdbc29@group-7855C2F36E53:t117, leader=null, voted=e3fb79a3-1f86-42af-a80c-c46d1acdbc29, raftlog=e3fb79a3-1f86-42af-a80c-c46d1acdbc29@group-7855C2F36E53-SegmentedRaftLog:OPENED:c-1,f-1,i0, conf=-1: [e3fb79a3-1f86-42af-a80c-c46d1acdbc29:192.168.157.194:44142, 81ff859e-e76f-43f5-951a-4a38422068cb:192.168.157.194:46532, a9143d84-6d7f-497d-b770-eb75585db3c7:192.168.157.194:42126], old=null
2019-11-04 16:02:13,993 [e3fb79a3-1f86-42af-a80c-c46d1acdbc29@group-7855C2F36E53-LeaderElection112] INFO  impl.RaftServerImpl (RaftServerImpl.java:setRole(184)) - e3fb79a3-1f86-42af-a80c-c46d1acdbc29@group-7855C2F36E53: changes role from CANDIDATE to FOLLOWER at term 117 for DISCOVERED_A_NEW_TERM
2019-11-04 16:02:13,993 [e3fb79a3-1f86-42af-a80c-c46d1acdbc29@group-7855C2F36E53-LeaderElection112] INFO  impl.RoleInfo (RoleInfo.java:shutdownLeaderElection(134)) - e3fb79a3-1f86-42af-a80c-c46d1acdbc29: shutdown LeaderElection
2019-11-04 16:02:13,993 [e3fb79a3-1f86-42af-a80c-c46d1acdbc29@group-7855C2F36E53-LeaderElection112] INFO  impl.RoleInfo (RoleInfo.java:updateAndGet(143)) - e3fb79a3-1f86-42af-a80c-c46d1acdbc29: start FollowerState
2019-11-04 16:02:14,122 [Thread-951] INFO  impl.FollowerState (FollowerState.java:run(108)) - e3fb79a3-1f86-42af-a80c-c46d1acdbc29@group-7855C2F36E53-FollowerState: change to CANDIDATE, lastRpcTime:128ms, electionTimeout:128ms
2019-11-04 16:02:14,124 [Thread-951] INFO  impl.RoleInfo (RoleInfo.java:shutdownFollowerState(121)) - e3fb79a3-1f86-42af-a80c-c46d1acdbc29: shutdown FollowerState
2019-11-04 16:02:14,125 [Thread-951] INFO  impl.RaftServerImpl (RaftServerImpl.java:setRole(184)) - e3fb79a3-1f86-42af-a80c-c46d1acdbc29@group-7855C2F36E53: changes role from  FOLLOWER to CANDIDATE at term 117 for changeToCandidate
2019-11-04 16:02:14,126 [Thread-951] INFO  impl.RoleInfo (RoleInfo.java:updateAndGet(143)) - e3fb79a3-1f86-42af-a80c-c46d1acdbc29: start LeaderElection
2019-11-04 16:02:14,133 [e3fb79a3-1f86-42af-a80c-c46d1acdbc29@group-7855C2F36E53-LeaderElection113] INFO  impl.LeaderElection (LeaderElection.java:askForVotes(178)) - e3fb79a3-1f86-42af-a80c-c46d1acdbc29@group-7855C2F36E53-LeaderElection113: begin an election at term 118 for -1: [e3fb79a3-1f86-42af-a80c-c46d1acdbc29:192.168.157.194:44142, 81ff859e-e76f-43f5-951a-4a38422068cb:192.168.157.194:46532, a9143d84-6d7f-497d-b770-eb75585db3c7:192.168.157.194:42126], old=null
2019-11-04 16:02:14,142 [grpc-default-executor-0] INFO  impl.RaftServerImpl (RaftServerImpl.java:setRole(184)) - 81ff859e-e76f-43f5-951a-4a38422068cb@group-7855C2F36E53: changes role from  FOLLOWER to FOLLOWER at term 118 for recognizeCandidate:e3fb79a3-1f86-42af-a80c-c46d1acdbc29
2019-11-04 16:02:14,142 [grpc-default-executor-5] INFO  impl.RaftServerImpl (RaftServerImpl.java:setRole(184)) - a9143d84-6d7f-497d-b770-eb75585db3c7@group-7855C2F36E53: changes role from  FOLLOWER to FOLLOWER at term 118 for recognizeCandidate:e3fb79a3-1f86-42af-a80c-c46d1acdbc29
2019-11-04 16:02:14,142 [grpc-default-executor-0] INFO  impl.RoleInfo (RoleInfo.java:shutdownFollowerState(121)) - 81ff859e-e76f-43f5-951a-4a38422068cb: shutdown FollowerState
2019-11-04 16:02:14,142 [grpc-default-executor-5] INFO  impl.RoleInfo (RoleInfo.java:shutdownFollowerState(121)) - a9143d84-6d7f-497d-b770-eb75585db3c7: shutdown FollowerState
2019-11-04 16:02:14,143 [Thread-950] INFO  impl.FollowerState (FollowerState.java:run(117)) - 81ff859e-e76f-43f5-951a-4a38422068cb@group-7855C2F36E53-FollowerState was interrupted: java.lang.InterruptedException: sleep interrupted
2019-11-04 16:02:14,143 [grpc-default-executor-0] INFO  impl.RoleInfo (RoleInfo.java:updateAndGet(143)) - 81ff859e-e76f-43f5-951a-4a38422068cb: start FollowerState
2019-11-04 16:02:14,143 [Thread-949] INFO  impl.FollowerState (FollowerState.java:run(117)) - a9143d84-6d7f-497d-b770-eb75585db3c7@group-7855C2F36E53-FollowerState was interrupted: java.lang.InterruptedException: sleep interrupted
2019-11-04 16:02:14,143 [grpc-default-executor-5] INFO  impl.RoleInfo (RoleInfo.java:updateAndGet(143)) - a9143d84-6d7f-497d-b770-eb75585db3c7: start FollowerState
2019-11-04 16:02:14,166 [e3fb79a3-1f86-42af-a80c-c46d1acdbc29@group-7855C2F36E53-LeaderElection113] INFO  impl.LeaderElection (LeaderElection.java:logAndReturn(56)) - e3fb79a3-1f86-42af-a80c-c46d1acdbc29@group-7855C2F36E53-LeaderElection113: Election REJECTED; received 2 response(s) [e3fb79a3-1f86-42af-a80c-c46d1acdbc29<-81ff859e-e76f-43f5-951a-4a38422068cb#0:FAIL-t118, e3fb79a3-1f86-42af-a80c-c46d1acdbc29<-a9143d84-6d7f-497d-b770-eb75585db3c7#0:FAIL-t118] and 0 exception(s); e3fb79a3-1f86-42af-a80c-c46d1acdbc29@group-7855C2F36E53:t118, leader=null, voted=e3fb79a3-1f86-42af-a80c-c46d1acdbc29, raftlog=e3fb79a3-1f86-42af-a80c-c46d1acdbc29@group-7855C2F36E53-SegmentedRaftLog:OPENED:c-1,f-1,i0, conf=-1: [e3fb79a3-1f86-42af-a80c-c46d1acdbc29:192.168.157.194:44142, 81ff859e-e76f-43f5-951a-4a38422068cb:192.168.157.194:46532, a9143d84-6d7f-497d-b770-eb75585db3c7:192.168.157.194:42126], old=null
2019-11-04 16:02:14,167 [e3fb79a3-1f86-42af-a80c-c46d1acdbc29@group-7855C2F36E53-LeaderElection113] INFO  impl.RaftServerImpl (RaftServerImpl.java:setRole(184)) - e3fb79a3-1f86-42af-a80c-c46d1acdbc29@group-7855C2F36E53: changes role from CANDIDATE to FOLLOWER at term 118 for DISCOVERED_A_NEW_TERM
2019-11-04 16:02:14,167 [e3fb79a3-1f86-42af-a80c-c46d1acdbc29@group-7855C2F36E53-LeaderElection113] INFO  impl.RoleInfo (RoleInfo.java:shutdownLeaderElection(134)) - e3fb79a3-1f86-42af-a80c-c46d1acdbc29: shutdown LeaderElection
2019-11-04 16:02:14,167 [e3fb79a3-1f86-42af-a80c-c46d1acdbc29@group-7855C2F36E53-LeaderElection113] INFO  impl.RoleInfo (RoleInfo.java:updateAndGet(143)) - e3fb79a3-1f86-42af-a80c-c46d1acdbc29: start FollowerState
2019-11-04 16:02:14,205 [Thread-957] INFO  impl.FollowerState (FollowerState.java:run(108)) - e3fb79a3-1f86-42af-a80c-c46d1acdbc29@group-7855C2F36E53-FollowerState: change to CANDIDATE, lastRpcTime:38ms, electionTimeout:38ms
2019-11-04 16:02:14,206 [Thread-957] INFO  impl.RoleInfo (RoleInfo.java:shutdownFollowerState(121)) - e3fb79a3-1f86-42af-a80c-c46d1acdbc29: shutdown FollowerState
2019-11-04 16:02:14,206 [Thread-957] INFO  impl.RaftServerImpl (RaftServerImpl.java:setRole(184)) - e3fb79a3-1f86-42af-a80c-c46d1acdbc29@group-7855C2F36E53: changes role from  FOLLOWER to CANDIDATE at term 118 for changeToCandidate
2019-11-04 16:02:14,206 [Thread-957] INFO  impl.RoleInfo (RoleInfo.java:updateAndGet(143)) - e3fb79a3-1f86-42af-a80c-c46d1acdbc29: start LeaderElection
2019-11-04 16:02:14,219 [e3fb79a3-1f86-42af-a80c-c46d1acdbc29@group-7855C2F36E53-LeaderElection114] INFO  impl.LeaderElection (LeaderElection.java:askForVotes(178)) - e3fb79a3-1f86-42af-a80c-c46d1acdbc29@group-7855C2F36E53-LeaderElection114: begin an election at term 119 for -1: [e3fb79a3-1f86-42af-a80c-c46d1acdbc29:192.168.157.194:44142, 81ff859e-e76f-43f5-951a-4a38422068cb:192.168.157.194:46532, a9143d84-6d7f-497d-b770-eb75585db3c7:192.168.157.194:42126], old=null
2019-11-04 16:02:14,222 [grpc-default-executor-0] INFO  impl.RaftServerImpl (RaftServerImpl.java:setRole(184)) - a9143d84-6d7f-497d-b770-eb75585db3c7@group-7855C2F36E53: changes role from  FOLLOWER to FOLLOWER at term 119 for recognizeCandidate:e3fb79a3-1f86-42af-a80c-c46d1acdbc29
2019-11-04 16:02:14,222 [grpc-default-executor-5] INFO  impl.RaftServerImpl (RaftServerImpl.java:setRole(184)) - 81ff859e-e76f-43f5-951a-4a38422068cb@group-7855C2F36E53: changes role from  FOLLOWER to FOLLOWER at term 119 for recognizeCandidate:e3fb79a3-1f86-42af-a80c-c46d1acdbc29
2019-11-04 16:02:14,222 [grpc-default-executor-0] INFO  impl.RoleInfo (RoleInfo.java:shutdownFollowerState(121)) - a9143d84-6d7f-497d-b770-eb75585db3c7: shutdown FollowerState
2019-11-04 16:02:14,222 [grpc-default-executor-5] INFO  impl.RoleInfo (RoleInfo.java:shutdownFollowerState(121)) - 81ff859e-e76f-43f5-951a-4a38422068cb: shutdown FollowerState
2019-11-04 16:02:14,223 [Thread-956] INFO  impl.FollowerState (FollowerState.java:run(117)) - a9143d84-6d7f-497d-b770-eb75585db3c7@group-7855C2F36E53-FollowerState was interrupted: java.lang.InterruptedException: sleep interrupted
2019-11-04 16:02:14,223 [grpc-default-executor-0] INFO  impl.RoleInfo (RoleInfo.java:updateAndGet(143)) - a9143d84-6d7f-497d-b770-eb75585db3c7: start FollowerState
2019-11-04 16:02:14,223 [Thread-955] INFO  impl.FollowerState (FollowerState.java:run(117)) - 81ff859e-e76f-43f5-951a-4a38422068cb@group-7855C2F36E53-FollowerState was interrupted: java.lang.InterruptedException: sleep interrupted
2019-11-04 16:02:14,223 [grpc-default-executor-5] INFO  impl.RoleInfo (RoleInfo.java:updateAndGet(143)) - 81ff859e-e76f-43f5-951a-4a38422068cb: start FollowerState
2019-11-04 16:02:14,238 [e3fb79a3-1f86-42af-a80c-c46d1acdbc29@group-7855C2F36E53-LeaderElection114] INFO  impl.LeaderElection (LeaderElection.java:logAndReturn(56)) - e3fb79a3-1f86-42af-a80c-c46d1acdbc29@group-7855C2F36E53-LeaderElection114: Election REJECTED; received 2 response(s) [e3fb79a3-1f86-42af-a80c-c46d1acdbc29<-81ff859e-e76f-43f5-951a-4a38422068cb#0:FAIL-t119, e3fb79a3-1f86-42af-a80c-c46d1acdbc29<-a9143d84-6d7f-497d-b770-eb75585db3c7#0:FAIL-t119] and 0 exception(s); e3fb79a3-1f86-42af-a80c-c46d1acdbc29@group-7855C2F36E53:t119, leader=null, voted=e3fb79a3-1f86-42af-a80c-c46d1acdbc29, raftlog=e3fb79a3-1f86-42af-a80c-c46d1acdbc29@group-7855C2F36E53-SegmentedRaftLog:OPENED:c-1,f-1,i0, conf=-1: [e3fb79a3-1f86-42af-a80c-c46d1acdbc29:192.168.157.194:44142, 81ff859e-e76f-43f5-951a-4a38422068cb:192.168.157.194:46532, a9143d84-6d7f-497d-b770-eb75585db3c7:192.168.157.194:42126], old=null
2019-11-04 16:02:14,239 [e3fb79a3-1f86-42af-a80c-c46d1acdbc29@group-7855C2F36E53-LeaderElection114] INFO  impl.RaftServerImpl (RaftServerImpl.java:setRole(184)) - e3fb79a3-1f86-42af-a80c-c46d1acdbc29@group-7855C2F36E53: changes role from CANDIDATE to FOLLOWER at term 119 for DISCOVERED_A_NEW_TERM
2019-11-04 16:02:14,239 [e3fb79a3-1f86-42af-a80c-c46d1acdbc29@group-7855C2F36E53-LeaderElection114] INFO  impl.RoleInfo (RoleInfo.java:shutdownLeaderElection(134)) - e3fb79a3-1f86-42af-a80c-c46d1acdbc29: shutdown LeaderElection
2019-11-04 16:02:14,239 [e3fb79a3-1f86-42af-a80c-c46d1acdbc29@group-7855C2F36E53-LeaderElection114] INFO  impl.RoleInfo (RoleInfo.java:updateAndGet(143)) - e3fb79a3-1f86-42af-a80c-c46d1acdbc29: start FollowerState
2019-11-04 16:02:14,301 [Thread-963] INFO  impl.FollowerState (FollowerState.java:run(108)) - e3fb79a3-1f86-42af-a80c-c46d1acdbc29@group-7855C2F36E53-FollowerState: change to CANDIDATE, lastRpcTime:62ms, electionTimeout:62ms
2019-11-04 16:02:14,302 [Thread-963] INFO  impl.RoleInfo (RoleInfo.java:shutdownFollowerState(121)) - e3fb79a3-1f86-42af-a80c-c46d1acdbc29: shutdown FollowerState
2019-11-04 16:02:14,302 [Thread-963] INFO  impl.RaftServerImpl (RaftServerImpl.java:setRole(184)) - e3fb79a3-1f86-42af-a80c-c46d1acdbc29@group-7855C2F36E53: changes role from  FOLLOWER to CANDIDATE at term 119 for changeToCandidate
2019-11-04 16:02:14,302 [Thread-963] INFO  impl.RoleInfo (RoleInfo.java:updateAndGet(143)) - e3fb79a3-1f86-42af-a80c-c46d1acdbc29: start LeaderElection
2019-11-04 16:02:14,324 [e3fb79a3-1f86-42af-a80c-c46d1acdbc29@group-7855C2F36E53-LeaderElection115] INFO  impl.LeaderElection (LeaderElection.java:askForVotes(178)) - e3fb79a3-1f86-42af-a80c-c46d1acdbc29@group-7855C2F36E53-LeaderElection115: begin an election at term 120 for -1: [e3fb79a3-1f86-42af-a80c-c46d1acdbc29:192.168.157.194:44142, 81ff859e-e76f-43f5-951a-4a38422068cb:192.168.157.194:46532, a9143d84-6d7f-497d-b770-eb75585db3c7:192.168.157.194:42126], old=null
2019-11-04 16:02:14,326 [grpc-default-executor-0] INFO  impl.RaftServerImpl (RaftServerImpl.java:setRole(184)) - a9143d84-6d7f-497d-b770-eb75585db3c7@group-7855C2F36E53: changes role from  FOLLOWER to FOLLOWER at term 120 for recognizeCandidate:e3fb79a3-1f86-42af-a80c-c46d1acdbc29
2019-11-04 16:02:14,326 [grpc-default-executor-0] INFO  impl.RoleInfo (RoleInfo.java:shutdownFollowerState(121)) - a9143d84-6d7f-497d-b770-eb75585db3c7: shutdown FollowerState
2019-11-04 16:02:14,326 [grpc-default-executor-5] INFO  impl.RaftServerImpl (RaftServerImpl.java:setRole(184)) - 81ff859e-e76f-43f5-951a-4a38422068cb@group-7855C2F36E53: changes role from  FOLLOWER to FOLLOWER at term 120 for recognizeCandidate:e3fb79a3-1f86-42af-a80c-c46d1acdbc29
2019-11-04 16:02:14,327 [Thread-961] INFO  impl.FollowerState (FollowerState.java:run(117)) - a9143d84-6d7f-497d-b770-eb75585db3c7@group-7855C2F36E53-FollowerState was interrupted: java.lang.InterruptedException: sleep interrupted
2019-11-04 16:02:14,327 [grpc-default-executor-0] INFO  impl.RoleInfo (RoleInfo.java:updateAndGet(143)) - a9143d84-6d7f-497d-b770-eb75585db3c7: start FollowerState
2019-11-04 16:02:14,327 [grpc-default-executor-5] INFO  impl.RoleInfo (RoleInfo.java:shutdownFollowerState(121)) - 81ff859e-e76f-43f5-951a-4a38422068cb: shutdown FollowerState
2019-11-04 16:02:14,327 [grpc-default-executor-5] INFO  impl.RoleInfo (RoleInfo.java:updateAndGet(143)) - 81ff859e-e76f-43f5-951a-4a38422068cb: start FollowerState
2019-11-04 16:02:14,327 [Thread-962] INFO  impl.FollowerState (FollowerState.java:run(117)) - 81ff859e-e76f-43f5-951a-4a38422068cb@group-7855C2F36E53-FollowerState was interrupted: java.lang.InterruptedException: sleep interrupted
2019-11-04 16:02:14,342 [e3fb79a3-1f86-42af-a80c-c46d1acdbc29@group-7855C2F36E53-LeaderElection115] INFO  impl.LeaderElection (LeaderElection.java:logAndReturn(56)) - e3fb79a3-1f86-42af-a80c-c46d1acdbc29@group-7855C2F36E53-LeaderElection115: Election REJECTED; received 2 response(s) [e3fb79a3-1f86-42af-a80c-c46d1acdbc29<-81ff859e-e76f-43f5-951a-4a38422068cb#0:FAIL-t120, e3fb79a3-1f86-42af-a80c-c46d1acdbc29<-a9143d84-6d7f-497d-b770-eb75585db3c7#0:FAIL-t120] and 0 exception(s); e3fb79a3-1f86-42af-a80c-c46d1acdbc29@group-7855C2F36E53:t120, leader=null, voted=e3fb79a3-1f86-42af-a80c-c46d1acdbc29, raftlog=e3fb79a3-1f86-42af-a80c-c46d1acdbc29@group-7855C2F36E53-SegmentedRaftLog:OPENED:c-1,f-1,i0, conf=-1: [e3fb79a3-1f86-42af-a80c-c46d1acdbc29:192.168.157.194:44142, 81ff859e-e76f-43f5-951a-4a38422068cb:192.168.157.194:46532, a9143d84-6d7f-497d-b770-eb75585db3c7:192.168.157.194:42126], old=null
2019-11-04 16:02:14,342 [e3fb79a3-1f86-42af-a80c-c46d1acdbc29@group-7855C2F36E53-LeaderElection115] INFO  impl.RaftServerImpl (RaftServerImpl.java:setRole(184)) - e3fb79a3-1f86-42af-a80c-c46d1acdbc29@group-7855C2F36E53: changes role from CANDIDATE to FOLLOWER at term 120 for DISCOVERED_A_NEW_TERM
2019-11-04 16:02:14,342 [e3fb79a3-1f86-42af-a80c-c46d1acdbc29@group-7855C2F36E53-LeaderElection115] INFO  impl.RoleInfo (RoleInfo.java:shutdownLeaderElection(134)) - e3fb79a3-1f86-42af-a80c-c46d1acdbc29: shutdown LeaderElection
2019-11-04 16:02:14,343 [e3fb79a3-1f86-42af-a80c-c46d1acdbc29@group-7855C2F36E53-LeaderElection115] INFO  impl.RoleInfo (RoleInfo.java:updateAndGet(143)) - e3fb79a3-1f86-42af-a80c-c46d1acdbc29: start FollowerState
2019-11-04 16:02:14,435 [Thread-969] INFO  impl.FollowerState (FollowerState.java:run(108)) - e3fb79a3-1f86-42af-a80c-c46d1acdbc29@group-7855C2F36E53-FollowerState: change to CANDIDATE, lastRpcTime:92ms, electionTimeout:92ms
2019-11-04 16:02:14,436 [Thread-969] INFO  impl.RoleInfo (RoleInfo.java:shutdownFollowerState(121)) - e3fb79a3-1f86-42af-a80c-c46d1acdbc29: shutdown FollowerState
2019-11-04 16:02:14,436 [Thread-969] INFO  impl.RaftServerImpl (RaftServerImpl.java:setRole(184)) - e3fb79a3-1f86-42af-a80c-c46d1acdbc29@group-7855C2F36E53: changes role from  FOLLOWER to CANDIDATE at term 120 for changeToCandidate
2019-11-04 16:02:14,436 [Thread-969] INFO  impl.RoleInfo (RoleInfo.java:updateAndGet(143)) - e3fb79a3-1f86-42af-a80c-c46d1acdbc29: start LeaderElection
2019-11-04 16:02:14,453 [e3fb79a3-1f86-42af-a80c-c46d1acdbc29@group-7855C2F36E53-LeaderElection116] INFO  impl.LeaderElection (LeaderElection.java:askForVotes(178)) - e3fb79a3-1f86-42af-a80c-c46d1acdbc29@group-7855C2F36E53-LeaderElection116: begin an election at term 121 for -1: [e3fb79a3-1f86-42af-a80c-c46d1acdbc29:192.168.157.194:44142, 81ff859e-e76f-43f5-951a-4a38422068cb:192.168.157.194:46532, a9143d84-6d7f-497d-b770-eb75585db3c7:192.168.157.194:42126], old=null
2019-11-04 16:02:14,456 [grpc-default-executor-5] INFO  impl.RaftServerImpl (RaftServerImpl.java:setRole(184)) - a9143d84-6d7f-497d-b770-eb75585db3c7@group-7855C2F36E53: changes role from  FOLLOWER to FOLLOWER at term 121 for recognizeCandidate:e3fb79a3-1f86-42af-a80c-c46d1acdbc29
2019-11-04 16:02:14,456 [grpc-default-executor-0] INFO  impl.RaftServerImpl (RaftServerImpl.java:setRole(184)) - 81ff859e-e76f-43f5-951a-4a38422068cb@group-7855C2F36E53: changes role from  FOLLOWER to FOLLOWER at term 121 for recognizeCandidate:e3fb79a3-1f86-42af-a80c-c46d1acdbc29
2019-11-04 16:02:14,456 [grpc-default-executor-5] INFO  impl.RoleInfo (RoleInfo.java:shutdownFollowerState(121)) - a9143d84-6d7f-497d-b770-eb75585db3c7: shutdown FollowerState
2019-11-04 16:02:14,456 [grpc-default-executor-0] INFO  impl.RoleInfo (RoleInfo.java:shutdownFollowerState(121)) - 81ff859e-e76f-43f5-951a-4a38422068cb: shutdown FollowerState
2019-11-04 16:02:14,456 [Thread-967] INFO  impl.FollowerState (FollowerState.java:run(117)) - a9143d84-6d7f-497d-b770-eb75585db3c7@group-7855C2F36E53-FollowerState was interrupted: java.lang.InterruptedException: sleep interrupted
2019-11-04 16:02:14,456 [Thread-968] INFO  impl.FollowerState (FollowerState.java:run(117)) - 81ff859e-e76f-43f5-951a-4a38422068cb@group-7855C2F36E53-FollowerState was interrupted: java.lang.InterruptedException: sleep interrupted
2019-11-04 16:02:14,456 [grpc-default-executor-5] INFO  impl.RoleInfo (RoleInfo.java:updateAndGet(143)) - a9143d84-6d7f-497d-b770-eb75585db3c7: start FollowerState
2019-11-04 16:02:14,456 [grpc-default-executor-0] INFO  impl.RoleInfo (RoleInfo.java:updateAndGet(143)) - 81ff859e-e76f-43f5-951a-4a38422068cb: start FollowerState
2019-11-04 16:02:14,468 [e3fb79a3-1f86-42af-a80c-c46d1acdbc29@group-7855C2F36E53-LeaderElection116] INFO  impl.LeaderElection (LeaderElection.java:logAndReturn(56)) - e3fb79a3-1f86-42af-a80c-c46d1acdbc29@group-7855C2F36E53-LeaderElection116: Election REJECTED; received 2 response(s) [e3fb79a3-1f86-42af-a80c-c46d1acdbc29<-81ff859e-e76f-43f5-951a-4a38422068cb#0:FAIL-t121, e3fb79a3-1f86-42af-a80c-c46d1acdbc29<-a9143d84-6d7f-497d-b770-eb75585db3c7#0:FAIL-t121] and 0 exception(s); e3fb79a3-1f86-42af-a80c-c46d1acdbc29@group-7855C2F36E53:t121, leader=null, voted=e3fb79a3-1f86-42af-a80c-c46d1acdbc29, raftlog=e3fb79a3-1f86-42af-a80c-c46d1acdbc29@group-7855C2F36E53-SegmentedRaftLog:OPENED:c-1,f-1,i0, conf=-1: [e3fb79a3-1f86-42af-a80c-c46d1acdbc29:192.168.157.194:44142, 81ff859e-e76f-43f5-951a-4a38422068cb:192.168.157.194:46532, a9143d84-6d7f-497d-b770-eb75585db3c7:192.168.157.194:42126], old=null
2019-11-04 16:02:14,469 [e3fb79a3-1f86-42af-a80c-c46d1acdbc29@group-7855C2F36E53-LeaderElection116] INFO  impl.RaftServerImpl (RaftServerImpl.java:setRole(184)) - e3fb79a3-1f86-42af-a80c-c46d1acdbc29@group-7855C2F36E53: changes role from CANDIDATE to FOLLOWER at term 121 for DISCOVERED_A_NEW_TERM
2019-11-04 16:02:14,469 [e3fb79a3-1f86-42af-a80c-c46d1acdbc29@group-7855C2F36E53-LeaderElection116] INFO  impl.RoleInfo (RoleInfo.java:shutdownLeaderElection(134)) - e3fb79a3-1f86-42af-a80c-c46d1acdbc29: shutdown LeaderElection
2019-11-04 16:02:14,469 [e3fb79a3-1f86-42af-a80c-c46d1acdbc29@group-7855C2F36E53-LeaderElection116] INFO  impl.RoleInfo (RoleInfo.java:updateAndGet(143)) - e3fb79a3-1f86-42af-a80c-c46d1acdbc29: start FollowerState
2019-11-04 16:02:14,575 [Thread-975] INFO  impl.FollowerState (FollowerState.java:run(108)) - e3fb79a3-1f86-42af-a80c-c46d1acdbc29@group-7855C2F36E53-FollowerState: change to CANDIDATE, lastRpcTime:106ms, electionTimeout:106ms
2019-11-04 16:02:14,575 [Thread-975] INFO  impl.RoleInfo (RoleInfo.java:shutdownFollowerState(121)) - e3fb79a3-1f86-42af-a80c-c46d1acdbc29: shutdown FollowerState
2019-11-04 16:02:14,576 [Thread-975] INFO  impl.RaftServerImpl (RaftServerImpl.java:setRole(184)) - e3fb79a3-1f86-42af-a80c-c46d1acdbc29@group-7855C2F36E53: changes role from  FOLLOWER to CANDIDATE at term 121 for changeToCandidate
2019-11-04 16:02:14,576 [Thread-975] INFO  impl.RoleInfo (RoleInfo.java:updateAndGet(143)) - e3fb79a3-1f86-42af-a80c-c46d1acdbc29: start LeaderElection
2019-11-04 16:02:14,590 [e3fb79a3-1f86-42af-a80c-c46d1acdbc29@group-7855C2F36E53-LeaderElection117] INFO  impl.LeaderElection (LeaderElection.java:askForVotes(178)) - e3fb79a3-1f86-42af-a80c-c46d1acdbc29@group-7855C2F36E53-LeaderElection117: begin an election at term 122 for -1: [e3fb79a3-1f86-42af-a80c-c46d1acdbc29:192.168.157.194:44142, 81ff859e-e76f-43f5-951a-4a38422068cb:192.168.157.194:46532, a9143d84-6d7f-497d-b770-eb75585db3c7:192.168.157.194:42126], old=null
2019-11-04 16:02:14,592 [grpc-default-executor-0] INFO  impl.RaftServerImpl (RaftServerImpl.java:setRole(184)) - a9143d84-6d7f-497d-b770-eb75585db3c7@group-7855C2F36E53: changes role from  FOLLOWER to FOLLOWER at term 122 for recognizeCandidate:e3fb79a3-1f86-42af-a80c-c46d1acdbc29
2019-11-04 16:02:14,592 [grpc-default-executor-5] INFO  impl.RaftServerImpl (RaftServerImpl.java:setRole(184)) - 81ff859e-e76f-43f5-951a-4a38422068cb@group-7855C2F36E53: changes role from  FOLLOWER to FOLLOWER at term 122 for recognizeCandidate:e3fb79a3-1f86-42af-a80c-c46d1acdbc29
2019-11-04 16:02:14,592 [grpc-default-executor-0] INFO  impl.RoleInfo (RoleInfo.java:shutdownFollowerState(121)) - a9143d84-6d7f-497d-b770-eb75585db3c7: shutdown FollowerState
2019-11-04 16:02:14,593 [grpc-default-executor-5] INFO  impl.RoleInfo (RoleInfo.java:shutdownFollowerState(121)) - 81ff859e-e76f-43f5-951a-4a38422068cb: shutdown FollowerState
2019-11-04 16:02:14,593 [Thread-973] INFO  impl.FollowerState (FollowerState.java:run(117)) - a9143d84-6d7f-497d-b770-eb75585db3c7@group-7855C2F36E53-FollowerState was interrupted: java.lang.InterruptedException: sleep interrupted
2019-11-04 16:02:14,593 [grpc-default-executor-0] INFO  impl.RoleInfo (RoleInfo.java:updateAndGet(143)) - a9143d84-6d7f-497d-b770-eb75585db3c7: start FollowerState
2019-11-04 16:02:14,593 [Thread-974] INFO  impl.FollowerState (FollowerState.java:run(117)) - 81ff859e-e76f-43f5-951a-4a38422068cb@group-7855C2F36E53-FollowerState was interrupted: java.lang.InterruptedException: sleep interrupted
2019-11-04 16:02:14,593 [grpc-default-executor-5] INFO  impl.RoleInfo (RoleInfo.java:updateAndGet(143)) - 81ff859e-e76f-43f5-951a-4a38422068cb: start FollowerState
2019-11-04 16:02:14,608 [e3fb79a3-1f86-42af-a80c-c46d1acdbc29@group-7855C2F36E53-LeaderElection117] INFO  impl.LeaderElection (LeaderElection.java:logAndReturn(56)) - e3fb79a3-1f86-42af-a80c-c46d1acdbc29@group-7855C2F36E53-LeaderElection117: Election REJECTED; received 2 response(s) [e3fb79a3-1f86-42af-a80c-c46d1acdbc29<-81ff859e-e76f-43f5-951a-4a38422068cb#0:FAIL-t122, e3fb79a3-1f86-42af-a80c-c46d1acdbc29<-a9143d84-6d7f-497d-b770-eb75585db3c7#0:FAIL-t122] and 0 exception(s); e3fb79a3-1f86-42af-a80c-c46d1acdbc29@group-7855C2F36E53:t122, leader=null, voted=e3fb79a3-1f86-42af-a80c-c46d1acdbc29, raftlog=e3fb79a3-1f86-42af-a80c-c46d1acdbc29@group-7855C2F36E53-SegmentedRaftLog:OPENED:c-1,f-1,i0, conf=-1: [e3fb79a3-1f86-42af-a80c-c46d1acdbc29:192.168.157.194:44142, 81ff859e-e76f-43f5-951a-4a38422068cb:192.168.157.194:46532, a9143d84-6d7f-497d-b770-eb75585db3c7:192.168.157.194:42126], old=null
2019-11-04 16:02:14,609 [e3fb79a3-1f86-42af-a80c-c46d1acdbc29@group-7855C2F36E53-LeaderElection117] INFO  impl.RaftServerImpl (RaftServerImpl.java:setRole(184)) - e3fb79a3-1f86-42af-a80c-c46d1acdbc29@group-7855C2F36E53: changes role from CANDIDATE to FOLLOWER at term 122 for DISCOVERED_A_NEW_TERM
2019-11-04 16:02:14,609 [e3fb79a3-1f86-42af-a80c-c46d1acdbc29@group-7855C2F36E53-LeaderElection117] INFO  impl.RoleInfo (RoleInfo.java:shutdownLeaderElection(134)) - e3fb79a3-1f86-42af-a80c-c46d1acdbc29: shutdown LeaderElection
2019-11-04 16:02:14,609 [e3fb79a3-1f86-42af-a80c-c46d1acdbc29@group-7855C2F36E53-LeaderElection117] INFO  impl.RoleInfo (RoleInfo.java:updateAndGet(143)) - e3fb79a3-1f86-42af-a80c-c46d1acdbc29: start FollowerState
2019-11-04 16:02:14,635 [Thread-981] INFO  impl.FollowerState (FollowerState.java:run(108)) - e3fb79a3-1f86-42af-a80c-c46d1acdbc29@group-7855C2F36E53-FollowerState: change to CANDIDATE, lastRpcTime:26ms, electionTimeout:26ms
2019-11-04 16:02:14,635 [Thread-981] INFO  impl.RoleInfo (RoleInfo.java:shutdownFollowerState(121)) - e3fb79a3-1f86-42af-a80c-c46d1acdbc29: shutdown FollowerState
2019-11-04 16:02:14,636 [Thread-981] INFO  impl.RaftServerImpl (RaftServerImpl.java:setRole(184)) - e3fb79a3-1f86-42af-a80c-c46d1acdbc29@group-7855C2F36E53: changes role from  FOLLOWER to CANDIDATE at term 122 for changeToCandidate
2019-11-04 16:02:14,636 [Thread-981] INFO  impl.RoleInfo (RoleInfo.java:updateAndGet(143)) - e3fb79a3-1f86-42af-a80c-c46d1acdbc29: start LeaderElection
2019-11-04 16:02:14,649 [e3fb79a3-1f86-42af-a80c-c46d1acdbc29@group-7855C2F36E53-LeaderElection118] INFO  impl.LeaderElection (LeaderElection.java:askForVotes(178)) - e3fb79a3-1f86-42af-a80c-c46d1acdbc29@group-7855C2F36E53-LeaderElection118: begin an election at term 123 for -1: [e3fb79a3-1f86-42af-a80c-c46d1acdbc29:192.168.157.194:44142, 81ff859e-e76f-43f5-951a-4a38422068cb:192.168.157.194:46532, a9143d84-6d7f-497d-b770-eb75585db3c7:192.168.157.194:42126], old=null
2019-11-04 16:02:14,652 [grpc-default-executor-5] INFO  impl.RaftServerImpl (RaftServerImpl.java:setRole(184)) - 81ff859e-e76f-43f5-951a-4a38422068cb@group-7855C2F36E53: changes role from  FOLLOWER to FOLLOWER at term 123 for recognizeCandidate:e3fb79a3-1f86-42af-a80c-c46d1acdbc29
2019-11-04 16:02:14,652 [grpc-default-executor-5] INFO  impl.RoleInfo (RoleInfo.java:shutdownFollowerState(121)) - 81ff859e-e76f-43f5-951a-4a38422068cb: shutdown FollowerState
2019-11-04 16:02:14,652 [grpc-default-executor-0] INFO  impl.RaftServerImpl (RaftServerImpl.java:setRole(184)) - a9143d84-6d7f-497d-b770-eb75585db3c7@group-7855C2F36E53: changes role from  FOLLOWER to FOLLOWER at term 123 for recognizeCandidate:e3fb79a3-1f86-42af-a80c-c46d1acdbc29
2019-11-04 16:02:14,652 [Thread-980] INFO  impl.FollowerState (FollowerState.java:run(117)) - 81ff859e-e76f-43f5-951a-4a38422068cb@group-7855C2F36E53-FollowerState was interrupted: java.lang.InterruptedException: sleep interrupted
2019-11-04 16:02:14,652 [grpc-default-executor-5] INFO  impl.RoleInfo (RoleInfo.java:updateAndGet(143)) - 81ff859e-e76f-43f5-951a-4a38422068cb: start FollowerState
2019-11-04 16:02:14,652 [grpc-default-executor-0] INFO  impl.RoleInfo (RoleInfo.java:shutdownFollowerState(121)) - a9143d84-6d7f-497d-b770-eb75585db3c7: shutdown FollowerState
2019-11-04 16:02:14,653 [Thread-979] INFO  impl.FollowerState (FollowerState.java:run(117)) - a9143d84-6d7f-497d-b770-eb75585db3c7@group-7855C2F36E53-FollowerState was interrupted: java.lang.InterruptedException: sleep interrupted
2019-11-04 16:02:14,653 [grpc-default-executor-0] INFO  impl.RoleInfo (RoleInfo.java:updateAndGet(143)) - a9143d84-6d7f-497d-b770-eb75585db3c7: start FollowerState
2019-11-04 16:02:14,667 [e3fb79a3-1f86-42af-a80c-c46d1acdbc29@group-7855C2F36E53-LeaderElection118] INFO  impl.LeaderElection (LeaderElection.java:logAndReturn(56)) - e3fb79a3-1f86-42af-a80c-c46d1acdbc29@group-7855C2F36E53-LeaderElection118: Election REJECTED; received 2 response(s) [e3fb79a3-1f86-42af-a80c-c46d1acdbc29<-81ff859e-e76f-43f5-951a-4a38422068cb#0:FAIL-t123, e3fb79a3-1f86-42af-a80c-c46d1acdbc29<-a9143d84-6d7f-497d-b770-eb75585db3c7#0:FAIL-t123] and 0 exception(s); e3fb79a3-1f86-42af-a80c-c46d1acdbc29@group-7855C2F36E53:t123, leader=null, voted=e3fb79a3-1f86-42af-a80c-c46d1acdbc29, raftlog=e3fb79a3-1f86-42af-a80c-c46d1acdbc29@group-7855C2F36E53-SegmentedRaftLog:OPENED:c-1,f-1,i0, conf=-1: [e3fb79a3-1f86-42af-a80c-c46d1acdbc29:192.168.157.194:44142, 81ff859e-e76f-43f5-951a-4a38422068cb:192.168.157.194:46532, a9143d84-6d7f-497d-b770-eb75585db3c7:192.168.157.194:42126], old=null
2019-11-04 16:02:14,667 [e3fb79a3-1f86-42af-a80c-c46d1acdbc29@group-7855C2F36E53-LeaderElection118] INFO  impl.RaftServerImpl (RaftServerImpl.java:setRole(184)) - e3fb79a3-1f86-42af-a80c-c46d1acdbc29@group-7855C2F36E53: changes role from CANDIDATE to FOLLOWER at term 123 for DISCOVERED_A_NEW_TERM
2019-11-04 16:02:14,668 [e3fb79a3-1f86-42af-a80c-c46d1acdbc29@group-7855C2F36E53-LeaderElection118] INFO  impl.RoleInfo (RoleInfo.java:shutdownLeaderElection(134)) - e3fb79a3-1f86-42af-a80c-c46d1acdbc29: shutdown LeaderElection
2019-11-04 16:02:14,668 [e3fb79a3-1f86-42af-a80c-c46d1acdbc29@group-7855C2F36E53-LeaderElection118] INFO  impl.RoleInfo (RoleInfo.java:updateAndGet(143)) - e3fb79a3-1f86-42af-a80c-c46d1acdbc29: start FollowerState
2019-11-04 16:02:14,837 [Thread-987] INFO  impl.FollowerState (FollowerState.java:run(108)) - e3fb79a3-1f86-42af-a80c-c46d1acdbc29@group-7855C2F36E53-FollowerState: change to CANDIDATE, lastRpcTime:169ms, electionTimeout:169ms
2019-11-04 16:02:14,837 [Thread-987] INFO  impl.RoleInfo (RoleInfo.java:shutdownFollowerState(121)) - e3fb79a3-1f86-42af-a80c-c46d1acdbc29: shutdown FollowerState
2019-11-04 16:02:14,837 [Thread-987] INFO  impl.RaftServerImpl (RaftServerImpl.java:setRole(184)) - e3fb79a3-1f86-42af-a80c-c46d1acdbc29@group-7855C2F36E53: changes role from  FOLLOWER to CANDIDATE at term 123 for changeToCandidate
2019-11-04 16:02:14,838 [Thread-987] INFO  impl.RoleInfo (RoleInfo.java:updateAndGet(143)) - e3fb79a3-1f86-42af-a80c-c46d1acdbc29: start LeaderElection
2019-11-04 16:02:14,852 [e3fb79a3-1f86-42af-a80c-c46d1acdbc29@group-7855C2F36E53-LeaderElection119] INFO  impl.LeaderElection (LeaderElection.java:askForVotes(178)) - e3fb79a3-1f86-42af-a80c-c46d1acdbc29@group-7855C2F36E53-LeaderElection119: begin an election at term 124 for -1: [e3fb79a3-1f86-42af-a80c-c46d1acdbc29:192.168.157.194:44142, 81ff859e-e76f-43f5-951a-4a38422068cb:192.168.157.194:46532, a9143d84-6d7f-497d-b770-eb75585db3c7:192.168.157.194:42126], old=null
2019-11-04 16:02:14,855 [grpc-default-executor-0] INFO  impl.RaftServerImpl (RaftServerImpl.java:setRole(184)) - 81ff859e-e76f-43f5-951a-4a38422068cb@group-7855C2F36E53: changes role from  FOLLOWER to FOLLOWER at term 124 for recognizeCandidate:e3fb79a3-1f86-42af-a80c-c46d1acdbc29
2019-11-04 16:02:14,855 [grpc-default-executor-5] INFO  impl.RaftServerImpl (RaftServerImpl.java:setRole(184)) - a9143d84-6d7f-497d-b770-eb75585db3c7@group-7855C2F36E53: changes role from  FOLLOWER to FOLLOWER at term 124 for recognizeCandidate:e3fb79a3-1f86-42af-a80c-c46d1acdbc29
2019-11-04 16:02:14,855 [grpc-default-executor-0] INFO  impl.RoleInfo (RoleInfo.java:shutdownFollowerState(121)) - 81ff859e-e76f-43f5-951a-4a38422068cb: shutdown FollowerState
2019-11-04 16:02:14,855 [grpc-default-executor-5] INFO  impl.RoleInfo (RoleInfo.java:shutdownFollowerState(121)) - a9143d84-6d7f-497d-b770-eb75585db3c7: shutdown FollowerState
2019-11-04 16:02:14,855 [Thread-985] INFO  impl.FollowerState (FollowerState.java:run(117)) - 81ff859e-e76f-43f5-951a-4a38422068cb@group-7855C2F36E53-FollowerState was interrupted: java.lang.InterruptedException: sleep interrupted
2019-11-04 16:02:14,855 [grpc-default-executor-0] INFO  impl.RoleInfo (RoleInfo.java:updateAndGet(143)) - 81ff859e-e76f-43f5-951a-4a38422068cb: start FollowerState
2019-11-04 16:02:14,856 [Thread-986] INFO  impl.FollowerState (FollowerState.java:run(117)) - a9143d84-6d7f-497d-b770-eb75585db3c7@group-7855C2F36E53-FollowerState was interrupted: java.lang.InterruptedException: sleep interrupted
2019-11-04 16:02:14,856 [grpc-default-executor-5] INFO  impl.RoleInfo (RoleInfo.java:updateAndGet(143)) - a9143d84-6d7f-497d-b770-eb75585db3c7: start FollowerState
2019-11-04 16:02:14,871 [e3fb79a3-1f86-42af-a80c-c46d1acdbc29@group-7855C2F36E53-LeaderElection119] INFO  impl.LeaderElection (LeaderElection.java:logAndReturn(56)) - e3fb79a3-1f86-42af-a80c-c46d1acdbc29@group-7855C2F36E53-LeaderElection119: Election REJECTED; received 2 response(s) [e3fb79a3-1f86-42af-a80c-c46d1acdbc29<-81ff859e-e76f-43f5-951a-4a38422068cb#0:FAIL-t124, e3fb79a3-1f86-42af-a80c-c46d1acdbc29<-a9143d84-6d7f-497d-b770-eb75585db3c7#0:FAIL-t124] and 0 exception(s); e3fb79a3-1f86-42af-a80c-c46d1acdbc29@group-7855C2F36E53:t124, leader=null, voted=e3fb79a3-1f86-42af-a80c-c46d1acdbc29, raftlog=e3fb79a3-1f86-42af-a80c-c46d1acdbc29@group-7855C2F36E53-SegmentedRaftLog:OPENED:c-1,f-1,i0, conf=-1: [e3fb79a3-1f86-42af-a80c-c46d1acdbc29:192.168.157.194:44142, 81ff859e-e76f-43f5-951a-4a38422068cb:192.168.157.194:46532, a9143d84-6d7f-497d-b770-eb75585db3c7:192.168.157.194:42126], old=null
2019-11-04 16:02:14,871 [e3fb79a3-1f86-42af-a80c-c46d1acdbc29@group-7855C2F36E53-LeaderElection119] INFO  impl.RaftServerImpl (RaftServerImpl.java:setRole(184)) - e3fb79a3-1f86-42af-a80c-c46d1acdbc29@group-7855C2F36E53: changes role from CANDIDATE to FOLLOWER at term 124 for DISCOVERED_A_NEW_TERM
2019-11-04 16:02:14,871 [e3fb79a3-1f86-42af-a80c-c46d1acdbc29@group-7855C2F36E53-LeaderElection119] INFO  impl.RoleInfo (RoleInfo.java:shutdownLeaderElection(134)) - e3fb79a3-1f86-42af-a80c-c46d1acdbc29: shutdown LeaderElection
2019-11-04 16:02:14,871 [e3fb79a3-1f86-42af-a80c-c46d1acdbc29@group-7855C2F36E53-LeaderElection119] INFO  impl.RoleInfo (RoleInfo.java:updateAndGet(143)) - e3fb79a3-1f86-42af-a80c-c46d1acdbc29: start FollowerState
2019-11-04 16:02:15,014 [Thread-993] INFO  impl.FollowerState (FollowerState.java:run(108)) - e3fb79a3-1f86-42af-a80c-c46d1acdbc29@group-7855C2F36E53-FollowerState: change to CANDIDATE, lastRpcTime:142ms, electionTimeout:142ms
2019-11-04 16:02:15,014 [Thread-993] INFO  impl.RoleInfo (RoleInfo.java:shutdownFollowerState(121)) - e3fb79a3-1f86-42af-a80c-c46d1acdbc29: shutdown FollowerState
2019-11-04 16:02:15,014 [Thread-993] INFO  impl.RaftServerImpl (RaftServerImpl.java:setRole(184)) - e3fb79a3-1f86-42af-a80c-c46d1acdbc29@group-7855C2F36E53: changes role from  FOLLOWER to CANDIDATE at term 124 for changeToCandidate
2019-11-04 16:02:15,015 [Thread-993] INFO  impl.RoleInfo (RoleInfo.java:updateAndGet(143)) - e3fb79a3-1f86-42af-a80c-c46d1acdbc29: start LeaderElection
2019-11-04 16:02:15,029 [e3fb79a3-1f86-42af-a80c-c46d1acdbc29@group-7855C2F36E53-LeaderElection120] INFO  impl.LeaderElection (LeaderElection.java:askForVotes(178)) - e3fb79a3-1f86-42af-a80c-c46d1acdbc29@group-7855C2F36E53-LeaderElection120: begin an election at term 125 for -1: [e3fb79a3-1f86-42af-a80c-c46d1acdbc29:192.168.157.194:44142, 81ff859e-e76f-43f5-951a-4a38422068cb:192.168.157.194:46532, a9143d84-6d7f-497d-b770-eb75585db3c7:192.168.157.194:42126], old=null
2019-11-04 16:02:15,031 [grpc-default-executor-5] INFO  impl.RaftServerImpl (RaftServerImpl.java:setRole(184)) - 81ff859e-e76f-43f5-951a-4a38422068cb@group-7855C2F36E53: changes role from  FOLLOWER to FOLLOWER at term 125 for recognizeCandidate:e3fb79a3-1f86-42af-a80c-c46d1acdbc29
2019-11-04 16:02:15,031 [grpc-default-executor-0] INFO  impl.RaftServerImpl (RaftServerImpl.java:setRole(184)) - a9143d84-6d7f-497d-b770-eb75585db3c7@group-7855C2F36E53: changes role from  FOLLOWER to FOLLOWER at term 125 for recognizeCandidate:e3fb79a3-1f86-42af-a80c-c46d1acdbc29
2019-11-04 16:02:15,032 [grpc-default-executor-0] INFO  impl.RoleInfo (RoleInfo.java:shutdownFollowerState(121)) - a9143d84-6d7f-497d-b770-eb75585db3c7: shutdown FollowerState
2019-11-04 16:02:15,032 [grpc-default-executor-5] INFO  impl.RoleInfo (RoleInfo.java:shutdownFollowerState(121)) - 81ff859e-e76f-43f5-951a-4a38422068cb: shutdown FollowerState
2019-11-04 16:02:15,032 [grpc-default-executor-0] INFO  impl.RoleInfo (RoleInfo.java:updateAndGet(143)) - a9143d84-6d7f-497d-b770-eb75585db3c7: start FollowerState
2019-11-04 16:02:15,032 [Thread-992] INFO  impl.FollowerState (FollowerState.java:run(117)) - a9143d84-6d7f-497d-b770-eb75585db3c7@group-7855C2F36E53-FollowerState was interrupted: java.lang.InterruptedException: sleep interrupted
2019-11-04 16:02:15,032 [grpc-default-executor-5] INFO  impl.RoleInfo (RoleInfo.java:updateAndGet(143)) - 81ff859e-e76f-43f5-951a-4a38422068cb: start FollowerState
2019-11-04 16:02:15,032 [Thread-991] INFO  impl.FollowerState (FollowerState.java:run(117)) - 81ff859e-e76f-43f5-951a-4a38422068cb@group-7855C2F36E53-FollowerState was interrupted: java.lang.InterruptedException: sleep interrupted
2019-11-04 16:02:15,048 [e3fb79a3-1f86-42af-a80c-c46d1acdbc29@group-7855C2F36E53-LeaderElection120] INFO  impl.LeaderElection (LeaderElection.java:logAndReturn(56)) - e3fb79a3-1f86-42af-a80c-c46d1acdbc29@group-7855C2F36E53-LeaderElection120: Election REJECTED; received 2 response(s) [e3fb79a3-1f86-42af-a80c-c46d1acdbc29<-81ff859e-e76f-43f5-951a-4a38422068cb#0:FAIL-t125, e3fb79a3-1f86-42af-a80c-c46d1acdbc29<-a9143d84-6d7f-497d-b770-eb75585db3c7#0:FAIL-t125] and 0 exception(s); e3fb79a3-1f86-42af-a80c-c46d1acdbc29@group-7855C2F36E53:t125, leader=null, voted=e3fb79a3-1f86-42af-a80c-c46d1acdbc29, raftlog=e3fb79a3-1f86-42af-a80c-c46d1acdbc29@group-7855C2F36E53-SegmentedRaftLog:OPENED:c-1,f-1,i0, conf=-1: [e3fb79a3-1f86-42af-a80c-c46d1acdbc29:192.168.157.194:44142, 81ff859e-e76f-43f5-951a-4a38422068cb:192.168.157.194:46532, a9143d84-6d7f-497d-b770-eb75585db3c7:192.168.157.194:42126], old=null
2019-11-04 16:02:15,048 [e3fb79a3-1f86-42af-a80c-c46d1acdbc29@group-7855C2F36E53-LeaderElection120] INFO  impl.RaftServerImpl (RaftServerImpl.java:setRole(184)) - e3fb79a3-1f86-42af-a80c-c46d1acdbc29@group-7855C2F36E53: changes role from CANDIDATE to FOLLOWER at term 125 for DISCOVERED_A_NEW_TERM
2019-11-04 16:02:15,048 [e3fb79a3-1f86-42af-a80c-c46d1acdbc29@group-7855C2F36E53-LeaderElection120] INFO  impl.RoleInfo (RoleInfo.java:shutdownLeaderElection(134)) - e3fb79a3-1f86-42af-a80c-c46d1acdbc29: shutdown LeaderElection
2019-11-04 16:02:15,048 [e3fb79a3-1f86-42af-a80c-c46d1acdbc29@group-7855C2F36E53-LeaderElection120] INFO  impl.RoleInfo (RoleInfo.java:updateAndGet(143)) - e3fb79a3-1f86-42af-a80c-c46d1acdbc29: start FollowerState
2019-11-04 16:02:15,131 [Thread-1001] INFO  impl.FollowerState (FollowerState.java:run(108)) - e3fb79a3-1f86-42af-a80c-c46d1acdbc29@group-7855C2F36E53-FollowerState: change to CANDIDATE, lastRpcTime:82ms, electionTimeout:82ms
2019-11-04 16:02:15,131 [Thread-1001] INFO  impl.RoleInfo (RoleInfo.java:shutdownFollowerState(121)) - e3fb79a3-1f86-42af-a80c-c46d1acdbc29: shutdown FollowerState
2019-11-04 16:02:15,131 [Thread-1001] INFO  impl.RaftServerImpl (RaftServerImpl.java:setRole(184)) - e3fb79a3-1f86-42af-a80c-c46d1acdbc29@group-7855C2F36E53: changes role from  FOLLOWER to CANDIDATE at term 125 for changeToCandidate
2019-11-04 16:02:15,131 [Thread-1001] INFO  impl.RoleInfo (RoleInfo.java:updateAndGet(143)) - e3fb79a3-1f86-42af-a80c-c46d1acdbc29: start LeaderElection
2019-11-04 16:02:15,144 [e3fb79a3-1f86-42af-a80c-c46d1acdbc29@group-7855C2F36E53-LeaderElection121] INFO  impl.LeaderElection (LeaderElection.java:askForVotes(178)) - e3fb79a3-1f86-42af-a80c-c46d1acdbc29@group-7855C2F36E53-LeaderElection121: begin an election at term 126 for -1: [e3fb79a3-1f86-42af-a80c-c46d1acdbc29:192.168.157.194:44142, 81ff859e-e76f-43f5-951a-4a38422068cb:192.168.157.194:46532, a9143d84-6d7f-497d-b770-eb75585db3c7:192.168.157.194:42126], old=null
2019-11-04 16:02:15,147 [grpc-default-executor-5] INFO  impl.RaftServerImpl (RaftServerImpl.java:setRole(184)) - 81ff859e-e76f-43f5-951a-4a38422068cb@group-7855C2F36E53: changes role from  FOLLOWER to FOLLOWER at term 126 for recognizeCandidate:e3fb79a3-1f86-42af-a80c-c46d1acdbc29
2019-11-04 16:02:15,147 [grpc-default-executor-5] INFO  impl.RoleInfo (RoleInfo.java:shutdownFollowerState(121)) - 81ff859e-e76f-43f5-951a-4a38422068cb: shutdown FollowerState
2019-11-04 16:02:15,147 [grpc-default-executor-5] INFO  impl.RoleInfo (RoleInfo.java:updateAndGet(143)) - 81ff859e-e76f-43f5-951a-4a38422068cb: start FollowerState
2019-11-04 16:02:15,147 [grpc-default-executor-0] INFO  impl.RaftServerImpl (RaftServerImpl.java:setRole(184)) - a9143d84-6d7f-497d-b770-eb75585db3c7@group-7855C2F36E53: changes role from  FOLLOWER to FOLLOWER at term 126 for recognizeCandidate:e3fb79a3-1f86-42af-a80c-c46d1acdbc29
2019-11-04 16:02:15,147 [grpc-default-executor-0] INFO  impl.RoleInfo (RoleInfo.java:shutdownFollowerState(121)) - a9143d84-6d7f-497d-b770-eb75585db3c7: shutdown FollowerState
2019-11-04 16:02:15,147 [Thread-1000] INFO  impl.FollowerState (FollowerState.java:run(117)) - 81ff859e-e76f-43f5-951a-4a38422068cb@group-7855C2F36E53-FollowerState was interrupted: java.lang.InterruptedException: sleep interrupted
2019-11-04 16:02:15,147 [Thread-999] INFO  impl.FollowerState (FollowerState.java:run(117)) - a9143d84-6d7f-497d-b770-eb75585db3c7@group-7855C2F36E53-FollowerState was interrupted: java.lang.InterruptedException: sleep interrupted
2019-11-04 16:02:15,147 [grpc-default-executor-0] INFO  impl.RoleInfo (RoleInfo.java:updateAndGet(143)) - a9143d84-6d7f-497d-b770-eb75585db3c7: start FollowerState
2019-11-04 16:02:15,162 [e3fb79a3-1f86-42af-a80c-c46d1acdbc29@group-7855C2F36E53-LeaderElection121] INFO  impl.LeaderElection (LeaderElection.java:logAndReturn(56)) - e3fb79a3-1f86-42af-a80c-c46d1acdbc29@group-7855C2F36E53-LeaderElection121: Election REJECTED; received 2 response(s) [e3fb79a3-1f86-42af-a80c-c46d1acdbc29<-81ff859e-e76f-43f5-951a-4a38422068cb#0:FAIL-t126, e3fb79a3-1f86-42af-a80c-c46d1acdbc29<-a9143d84-6d7f-497d-b770-eb75585db3c7#0:FAIL-t126] and 0 exception(s); e3fb79a3-1f86-42af-a80c-c46d1acdbc29@group-7855C2F36E53:t126, leader=null, voted=e3fb79a3-1f86-42af-a80c-c46d1acdbc29, raftlog=e3fb79a3-1f86-42af-a80c-c46d1acdbc29@group-7855C2F36E53-SegmentedRaftLog:OPENED:c-1,f-1,i0, conf=-1: [e3fb79a3-1f86-42af-a80c-c46d1acdbc29:192.168.157.194:44142, 81ff859e-e76f-43f5-951a-4a38422068cb:192.168.157.194:46532, a9143d84-6d7f-497d-b770-eb75585db3c7:192.168.157.194:42126], old=null
2019-11-04 16:02:15,162 [e3fb79a3-1f86-42af-a80c-c46d1acdbc29@group-7855C2F36E53-LeaderElection121] INFO  impl.RaftServerImpl (RaftServerImpl.java:setRole(184)) - e3fb79a3-1f86-42af-a80c-c46d1acdbc29@group-7855C2F36E53: changes role from CANDIDATE to FOLLOWER at term 126 for DISCOVERED_A_NEW_TERM
2019-11-04 16:02:15,162 [e3fb79a3-1f86-42af-a80c-c46d1acdbc29@group-7855C2F36E53-LeaderElection121] INFO  impl.RoleInfo (RoleInfo.java:shutdownLeaderElection(134)) - e3fb79a3-1f86-42af-a80c-c46d1acdbc29: shutdown LeaderElection
2019-11-04 16:02:15,162 [e3fb79a3-1f86-42af-a80c-c46d1acdbc29@group-7855C2F36E53-LeaderElection121] INFO  impl.RoleInfo (RoleInfo.java:updateAndGet(143)) - e3fb79a3-1f86-42af-a80c-c46d1acdbc29: start FollowerState
2019-11-04 16:02:15,292 [Thread-1007] INFO  impl.FollowerState (FollowerState.java:run(108)) - e3fb79a3-1f86-42af-a80c-c46d1acdbc29@group-7855C2F36E53-FollowerState: change to CANDIDATE, lastRpcTime:130ms, electionTimeout:130ms
2019-11-04 16:02:15,293 [Thread-1007] INFO  impl.RoleInfo (RoleInfo.java:shutdownFollowerState(121)) - e3fb79a3-1f86-42af-a80c-c46d1acdbc29: shutdown FollowerState
2019-11-04 16:02:15,293 [Thread-1007] INFO  impl.RaftServerImpl (RaftServerImpl.java:setRole(184)) - e3fb79a3-1f86-42af-a80c-c46d1acdbc29@group-7855C2F36E53: changes role from  FOLLOWER to CANDIDATE at term 126 for changeToCandidate
2019-11-04 16:02:15,293 [Thread-1007] INFO  impl.RoleInfo (RoleInfo.java:updateAndGet(143)) - e3fb79a3-1f86-42af-a80c-c46d1acdbc29: start LeaderElection
2019-11-04 16:02:15,307 [e3fb79a3-1f86-42af-a80c-c46d1acdbc29@group-7855C2F36E53-LeaderElection122] INFO  impl.LeaderElection (LeaderElection.java:askForVotes(178)) - e3fb79a3-1f86-42af-a80c-c46d1acdbc29@group-7855C2F36E53-LeaderElection122: begin an election at term 127 for -1: [e3fb79a3-1f86-42af-a80c-c46d1acdbc29:192.168.157.194:44142, 81ff859e-e76f-43f5-951a-4a38422068cb:192.168.157.194:46532, a9143d84-6d7f-497d-b770-eb75585db3c7:192.168.157.194:42126], old=null
2019-11-04 16:02:15,309 [grpc-default-executor-0] INFO  impl.RaftServerImpl (RaftServerImpl.java:setRole(184)) - 81ff859e-e76f-43f5-951a-4a38422068cb@group-7855C2F36E53: changes role from  FOLLOWER to FOLLOWER at term 127 for recognizeCandidate:e3fb79a3-1f86-42af-a80c-c46d1acdbc29
2019-11-04 16:02:15,309 [grpc-default-executor-5] INFO  impl.RaftServerImpl (RaftServerImpl.java:setRole(184)) - a9143d84-6d7f-497d-b770-eb75585db3c7@group-7855C2F36E53: changes role from  FOLLOWER to FOLLOWER at term 127 for recognizeCandidate:e3fb79a3-1f86-42af-a80c-c46d1acdbc29
2019-11-04 16:02:15,309 [grpc-default-executor-0] INFO  impl.RoleInfo (RoleInfo.java:shutdownFollowerState(121)) - 81ff859e-e76f-43f5-951a-4a38422068cb: shutdown FollowerState
2019-11-04 16:02:15,310 [grpc-default-executor-5] INFO  impl.RoleInfo (RoleInfo.java:shutdownFollowerState(121)) - a9143d84-6d7f-497d-b770-eb75585db3c7: shutdown FollowerState
2019-11-04 16:02:15,310 [grpc-default-executor-0] INFO  impl.RoleInfo (RoleInfo.java:updateAndGet(143)) - 81ff859e-e76f-43f5-951a-4a38422068cb: start FollowerState
2019-11-04 16:02:15,310 [Thread-1005] INFO  impl.FollowerState (FollowerState.java:run(117)) - 81ff859e-e76f-43f5-951a-4a38422068cb@group-7855C2F36E53-FollowerState was interrupted: java.lang.InterruptedException: sleep interrupted
2019-11-04 16:02:15,310 [grpc-default-executor-5] INFO  impl.RoleInfo (RoleInfo.java:updateAndGet(143)) - a9143d84-6d7f-497d-b770-eb75585db3c7: start FollowerState
2019-11-04 16:02:15,310 [Thread-1006] INFO  impl.FollowerState (FollowerState.java:run(117)) - a9143d84-6d7f-497d-b770-eb75585db3c7@group-7855C2F36E53-FollowerState was interrupted: java.lang.InterruptedException: sleep interrupted
2019-11-04 16:02:15,324 [e3fb79a3-1f86-42af-a80c-c46d1acdbc29@group-7855C2F36E53-LeaderElection122] INFO  impl.LeaderElection (LeaderElection.java:logAndReturn(56)) - e3fb79a3-1f86-42af-a80c-c46d1acdbc29@group-7855C2F36E53-LeaderElection122: Election REJECTED; received 2 response(s) [e3fb79a3-1f86-42af-a80c-c46d1acdbc29<-81ff859e-e76f-43f5-951a-4a38422068cb#0:FAIL-t127, e3fb79a3-1f86-42af-a80c-c46d1acdbc29<-a9143d84-6d7f-497d-b770-eb75585db3c7#0:FAIL-t127] and 0 exception(s); e3fb79a3-1f86-42af-a80c-c46d1acdbc29@group-7855C2F36E53:t127, leader=null, voted=e3fb79a3-1f86-42af-a80c-c46d1acdbc29, raftlog=e3fb79a3-1f86-42af-a80c-c46d1acdbc29@group-7855C2F36E53-SegmentedRaftLog:OPENED:c-1,f-1,i0, conf=-1: [e3fb79a3-1f86-42af-a80c-c46d1acdbc29:192.168.157.194:44142, 81ff859e-e76f-43f5-951a-4a38422068cb:192.168.157.194:46532, a9143d84-6d7f-497d-b770-eb75585db3c7:192.168.157.194:42126], old=null
2019-11-04 16:02:15,324 [e3fb79a3-1f86-42af-a80c-c46d1acdbc29@group-7855C2F36E53-LeaderElection122] INFO  impl.RaftServerImpl (RaftServerImpl.java:setRole(184)) - e3fb79a3-1f86-42af-a80c-c46d1acdbc29@group-7855C2F36E53: changes role from CANDIDATE to FOLLOWER at term 127 for DISCOVERED_A_NEW_TERM
2019-11-04 16:02:15,325 [e3fb79a3-1f86-42af-a80c-c46d1acdbc29@group-7855C2F36E53-LeaderElection122] INFO  impl.RoleInfo (RoleInfo.java:shutdownLeaderElection(134)) - e3fb79a3-1f86-42af-a80c-c46d1acdbc29: shutdown LeaderElection
2019-11-04 16:02:15,325 [e3fb79a3-1f86-42af-a80c-c46d1acdbc29@group-7855C2F36E53-LeaderElection122] INFO  impl.RoleInfo (RoleInfo.java:updateAndGet(143)) - e3fb79a3-1f86-42af-a80c-c46d1acdbc29: start FollowerState
2019-11-04 16:02:15,383 [Thread-1013] INFO  impl.FollowerState (FollowerState.java:run(108)) - e3fb79a3-1f86-42af-a80c-c46d1acdbc29@group-7855C2F36E53-FollowerState: change to CANDIDATE, lastRpcTime:58ms, electionTimeout:58ms
2019-11-04 16:02:15,383 [Thread-1013] INFO  impl.RoleInfo (RoleInfo.java:shutdownFollowerState(121)) - e3fb79a3-1f86-42af-a80c-c46d1acdbc29: shutdown FollowerState
2019-11-04 16:02:15,383 [Thread-1013] INFO  impl.RaftServerImpl (RaftServerImpl.java:setRole(184)) - e3fb79a3-1f86-42af-a80c-c46d1acdbc29@group-7855C2F36E53: changes role from  FOLLOWER to CANDIDATE at term 127 for changeToCandidate
2019-11-04 16:02:15,384 [Thread-1013] INFO  impl.RoleInfo (RoleInfo.java:updateAndGet(143)) - e3fb79a3-1f86-42af-a80c-c46d1acdbc29: start LeaderElection
2019-11-04 16:02:15,398 [e3fb79a3-1f86-42af-a80c-c46d1acdbc29@group-7855C2F36E53-LeaderElection123] INFO  impl.LeaderElection (LeaderElection.java:askForVotes(178)) - e3fb79a3-1f86-42af-a80c-c46d1acdbc29@group-7855C2F36E53-LeaderElection123: begin an election at term 128 for -1: [e3fb79a3-1f86-42af-a80c-c46d1acdbc29:192.168.157.194:44142, 81ff859e-e76f-43f5-951a-4a38422068cb:192.168.157.194:46532, a9143d84-6d7f-497d-b770-eb75585db3c7:192.168.157.194:42126], old=null
2019-11-04 16:02:15,401 [grpc-default-executor-0] INFO  impl.RaftServerImpl (RaftServerImpl.java:setRole(184)) - 81ff859e-e76f-43f5-951a-4a38422068cb@group-7855C2F36E53: changes role from  FOLLOWER to FOLLOWER at term 128 for recognizeCandidate:e3fb79a3-1f86-42af-a80c-c46d1acdbc29
2019-11-04 16:02:15,401 [grpc-default-executor-5] INFO  impl.RaftServerImpl (RaftServerImpl.java:setRole(184)) - a9143d84-6d7f-497d-b770-eb75585db3c7@group-7855C2F36E53: changes role from  FOLLOWER to FOLLOWER at term 128 for recognizeCandidate:e3fb79a3-1f86-42af-a80c-c46d1acdbc29
2019-11-04 16:02:15,401 [grpc-default-executor-0] INFO  impl.RoleInfo (RoleInfo.java:shutdownFollowerState(121)) - 81ff859e-e76f-43f5-951a-4a38422068cb: shutdown FollowerState
2019-11-04 16:02:15,402 [grpc-default-executor-5] INFO  impl.RoleInfo (RoleInfo.java:shutdownFollowerState(121)) - a9143d84-6d7f-497d-b770-eb75585db3c7: shutdown FollowerState
2019-11-04 16:02:15,402 [Thread-1011] INFO  impl.FollowerState (FollowerState.java:run(117)) - 81ff859e-e76f-43f5-951a-4a38422068cb@group-7855C2F36E53-FollowerState was interrupted: java.lang.InterruptedException: sleep interrupted
2019-11-04 16:02:15,402 [grpc-default-executor-0] INFO  impl.RoleInfo (RoleInfo.java:updateAndGet(143)) - 81ff859e-e76f-43f5-951a-4a38422068cb: start FollowerState
2019-11-04 16:02:15,402 [Thread-1012] INFO  impl.FollowerState (FollowerState.java:run(117)) - a9143d84-6d7f-497d-b770-eb75585db3c7@group-7855C2F36E53-FollowerState was interrupted: java.lang.InterruptedException: sleep interrupted
2019-11-04 16:02:15,402 [grpc-default-executor-5] INFO  impl.RoleInfo (RoleInfo.java:updateAndGet(143)) - a9143d84-6d7f-497d-b770-eb75585db3c7: start FollowerState
2019-11-04 16:02:15,418 [e3fb79a3-1f86-42af-a80c-c46d1acdbc29@group-7855C2F36E53-LeaderElection123] INFO  impl.LeaderElection (LeaderElection.java:logAndReturn(56)) - e3fb79a3-1f86-42af-a80c-c46d1acdbc29@group-7855C2F36E53-LeaderElection123: Election REJECTED; received 2 response(s) [e3fb79a3-1f86-42af-a80c-c46d1acdbc29<-81ff859e-e76f-43f5-951a-4a38422068cb#0:FAIL-t128, e3fb79a3-1f86-42af-a80c-c46d1acdbc29<-a9143d84-6d7f-497d-b770-eb75585db3c7#0:FAIL-t128] and 0 exception(s); e3fb79a3-1f86-42af-a80c-c46d1acdbc29@group-7855C2F36E53:t128, leader=null, voted=e3fb79a3-1f86-42af-a80c-c46d1acdbc29, raftlog=e3fb79a3-1f86-42af-a80c-c46d1acdbc29@group-7855C2F36E53-SegmentedRaftLog:OPENED:c-1,f-1,i0, conf=-1: [e3fb79a3-1f86-42af-a80c-c46d1acdbc29:192.168.157.194:44142, 81ff859e-e76f-43f5-951a-4a38422068cb:192.168.157.194:46532, a9143d84-6d7f-497d-b770-eb75585db3c7:192.168.157.194:42126], old=null
2019-11-04 16:02:15,419 [e3fb79a3-1f86-42af-a80c-c46d1acdbc29@group-7855C2F36E53-LeaderElection123] INFO  impl.RaftServerImpl (RaftServerImpl.java:setRole(184)) - e3fb79a3-1f86-42af-a80c-c46d1acdbc29@group-7855C2F36E53: changes role from CANDIDATE to FOLLOWER at term 128 for DISCOVERED_A_NEW_TERM
2019-11-04 16:02:15,419 [e3fb79a3-1f86-42af-a80c-c46d1acdbc29@group-7855C2F36E53-LeaderElection123] INFO  impl.RoleInfo (RoleInfo.java:shutdownLeaderElection(134)) - e3fb79a3-1f86-42af-a80c-c46d1acdbc29: shutdown LeaderElection
2019-11-04 16:02:15,419 [e3fb79a3-1f86-42af-a80c-c46d1acdbc29@group-7855C2F36E53-LeaderElection123] INFO  impl.RoleInfo (RoleInfo.java:updateAndGet(143)) - e3fb79a3-1f86-42af-a80c-c46d1acdbc29: start FollowerState
2019-11-04 16:02:15,605 [Thread-1019] INFO  impl.FollowerState (FollowerState.java:run(108)) - e3fb79a3-1f86-42af-a80c-c46d1acdbc29@group-7855C2F36E53-FollowerState: change to CANDIDATE, lastRpcTime:185ms, electionTimeout:179ms
2019-11-04 16:02:15,605 [Thread-1019] INFO  impl.RoleInfo (RoleInfo.java:shutdownFollowerState(121)) - e3fb79a3-1f86-42af-a80c-c46d1acdbc29: shutdown FollowerState
2019-11-04 16:02:15,605 [Thread-1019] INFO  impl.RaftServerImpl (RaftServerImpl.java:setRole(184)) - e3fb79a3-1f86-42af-a80c-c46d1acdbc29@group-7855C2F36E53: changes role from  FOLLOWER to CANDIDATE at term 128 for changeToCandidate
2019-11-04 16:02:15,605 [Thread-1019] INFO  impl.RoleInfo (RoleInfo.java:updateAndGet(143)) - e3fb79a3-1f86-42af-a80c-c46d1acdbc29: start LeaderElection
2019-11-04 16:02:15,619 [e3fb79a3-1f86-42af-a80c-c46d1acdbc29@group-7855C2F36E53-LeaderElection124] INFO  impl.LeaderElection (LeaderElection.java:askForVotes(178)) - e3fb79a3-1f86-42af-a80c-c46d1acdbc29@group-7855C2F36E53-LeaderElection124: begin an election at term 129 for -1: [e3fb79a3-1f86-42af-a80c-c46d1acdbc29:192.168.157.194:44142, 81ff859e-e76f-43f5-951a-4a38422068cb:192.168.157.194:46532, a9143d84-6d7f-497d-b770-eb75585db3c7:192.168.157.194:42126], old=null
2019-11-04 16:02:15,622 [grpc-default-executor-0] INFO  impl.RaftServerImpl (RaftServerImpl.java:setRole(184)) - a9143d84-6d7f-497d-b770-eb75585db3c7@group-7855C2F36E53: changes role from  FOLLOWER to FOLLOWER at term 129 for recognizeCandidate:e3fb79a3-1f86-42af-a80c-c46d1acdbc29
2019-11-04 16:02:15,622 [grpc-default-executor-5] INFO  impl.RaftServerImpl (RaftServerImpl.java:setRole(184)) - 81ff859e-e76f-43f5-951a-4a38422068cb@group-7855C2F36E53: changes role from  FOLLOWER to FOLLOWER at term 129 for recognizeCandidate:e3fb79a3-1f86-42af-a80c-c46d1acdbc29
2019-11-04 16:02:15,622 [grpc-default-executor-0] INFO  impl.RoleInfo (RoleInfo.java:shutdownFollowerState(121)) - a9143d84-6d7f-497d-b770-eb75585db3c7: shutdown FollowerState
2019-11-04 16:02:15,622 [grpc-default-executor-5] INFO  impl.RoleInfo (RoleInfo.java:shutdownFollowerState(121)) - 81ff859e-e76f-43f5-951a-4a38422068cb: shutdown FollowerState
2019-11-04 16:02:15,622 [Thread-1018] INFO  impl.FollowerState (FollowerState.java:run(117)) - a9143d84-6d7f-497d-b770-eb75585db3c7@group-7855C2F36E53-FollowerState was interrupted: java.lang.InterruptedException: sleep interrupted
2019-11-04 16:02:15,622 [grpc-default-executor-0] INFO  impl.RoleInfo (RoleInfo.java:updateAndGet(143)) - a9143d84-6d7f-497d-b770-eb75585db3c7: start FollowerState
2019-11-04 16:02:15,623 [Thread-1017] INFO  impl.FollowerState (FollowerState.java:run(117)) - 81ff859e-e76f-43f5-951a-4a38422068cb@group-7855C2F36E53-FollowerState was interrupted: java.lang.InterruptedException: sleep interrupted
2019-11-04 16:02:15,623 [grpc-default-executor-5] INFO  impl.RoleInfo (RoleInfo.java:updateAndGet(143)) - 81ff859e-e76f-43f5-951a-4a38422068cb: start FollowerState
2019-11-04 16:02:15,638 [e3fb79a3-1f86-42af-a80c-c46d1acdbc29@group-7855C2F36E53-LeaderElection124] INFO  impl.LeaderElection (LeaderElection.java:logAndReturn(56)) - e3fb79a3-1f86-42af-a80c-c46d1acdbc29@group-7855C2F36E53-LeaderElection124: Election REJECTED; received 2 response(s) [e3fb79a3-1f86-42af-a80c-c46d1acdbc29<-81ff859e-e76f-43f5-951a-4a38422068cb#0:FAIL-t129, e3fb79a3-1f86-42af-a80c-c46d1acdbc29<-a9143d84-6d7f-497d-b770-eb75585db3c7#0:FAIL-t129] and 0 exception(s); e3fb79a3-1f86-42af-a80c-c46d1acdbc29@group-7855C2F36E53:t129, leader=null, voted=e3fb79a3-1f86-42af-a80c-c46d1acdbc29, raftlog=e3fb79a3-1f86-42af-a80c-c46d1acdbc29@group-7855C2F36E53-SegmentedRaftLog:OPENED:c-1,f-1,i0, conf=-1: [e3fb79a3-1f86-42af-a80c-c46d1acdbc29:192.168.157.194:44142, 81ff859e-e76f-43f5-951a-4a38422068cb:192.168.157.194:46532, a9143d84-6d7f-497d-b770-eb75585db3c7:192.168.157.194:42126], old=null
2019-11-04 16:02:15,638 [e3fb79a3-1f86-42af-a80c-c46d1acdbc29@group-7855C2F36E53-LeaderElection124] INFO  impl.RaftServerImpl (RaftServerImpl.java:setRole(184)) - e3fb79a3-1f86-42af-a80c-c46d1acdbc29@group-7855C2F36E53: changes role from CANDIDATE to FOLLOWER at term 129 for DISCOVERED_A_NEW_TERM
2019-11-04 16:02:15,638 [e3fb79a3-1f86-42af-a80c-c46d1acdbc29@group-7855C2F36E53-LeaderElection124] INFO  impl.RoleInfo (RoleInfo.java:shutdownLeaderElection(134)) - e3fb79a3-1f86-42af-a80c-c46d1acdbc29: shutdown LeaderElection
2019-11-04 16:02:15,638 [e3fb79a3-1f86-42af-a80c-c46d1acdbc29@group-7855C2F36E53-LeaderElection124] INFO  impl.RoleInfo (RoleInfo.java:updateAndGet(143)) - e3fb79a3-1f86-42af-a80c-c46d1acdbc29: start FollowerState
2019-11-04 16:02:15,641 [Thread-1025] INFO  impl.FollowerState (FollowerState.java:run(108)) - e3fb79a3-1f86-42af-a80c-c46d1acdbc29@group-7855C2F36E53-FollowerState: change to CANDIDATE, lastRpcTime:2ms, electionTimeout:2ms
2019-11-04 16:02:15,641 [Thread-1025] INFO  impl.RoleInfo (RoleInfo.java:shutdownFollowerState(121)) - e3fb79a3-1f86-42af-a80c-c46d1acdbc29: shutdown FollowerState
2019-11-04 16:02:15,641 [Thread-1025] INFO  impl.RaftServerImpl (RaftServerImpl.java:setRole(184)) - e3fb79a3-1f86-42af-a80c-c46d1acdbc29@group-7855C2F36E53: changes role from  FOLLOWER to CANDIDATE at term 129 for changeToCandidate
2019-11-04 16:02:15,641 [Thread-1025] INFO  impl.RoleInfo (RoleInfo.java:updateAndGet(143)) - e3fb79a3-1f86-42af-a80c-c46d1acdbc29: start LeaderElection
2019-11-04 16:02:15,649 [e3fb79a3-1f86-42af-a80c-c46d1acdbc29@group-7855C2F36E53-LeaderElection125] INFO  impl.LeaderElection (LeaderElection.java:askForVotes(178)) - e3fb79a3-1f86-42af-a80c-c46d1acdbc29@group-7855C2F36E53-LeaderElection125: begin an election at term 130 for -1: [e3fb79a3-1f86-42af-a80c-c46d1acdbc29:192.168.157.194:44142, 81ff859e-e76f-43f5-951a-4a38422068cb:192.168.157.194:46532, a9143d84-6d7f-497d-b770-eb75585db3c7:192.168.157.194:42126], old=null
2019-11-04 16:02:15,651 [grpc-default-executor-0] INFO  impl.RaftServerImpl (RaftServerImpl.java:setRole(184)) - 81ff859e-e76f-43f5-951a-4a38422068cb@group-7855C2F36E53: changes role from  FOLLOWER to FOLLOWER at term 130 for recognizeCandidate:e3fb79a3-1f86-42af-a80c-c46d1acdbc29
2019-11-04 16:02:15,651 [grpc-default-executor-0] INFO  impl.RoleInfo (RoleInfo.java:shutdownFollowerState(121)) - 81ff859e-e76f-43f5-951a-4a38422068cb: shutdown FollowerState
2019-11-04 16:02:15,651 [grpc-default-executor-0] INFO  impl.RoleInfo (RoleInfo.java:updateAndGet(143)) - 81ff859e-e76f-43f5-951a-4a38422068cb: start FollowerState
2019-11-04 16:02:15,651 [grpc-default-executor-5] INFO  impl.RaftServerImpl (RaftServerImpl.java:setRole(184)) - a9143d84-6d7f-497d-b770-eb75585db3c7@group-7855C2F36E53: changes role from  FOLLOWER to FOLLOWER at term 130 for recognizeCandidate:e3fb79a3-1f86-42af-a80c-c46d1acdbc29
2019-11-04 16:02:15,651 [Thread-1024] INFO  impl.FollowerState (FollowerState.java:run(117)) - 81ff859e-e76f-43f5-951a-4a38422068cb@group-7855C2F36E53-FollowerState was interrupted: java.lang.InterruptedException: sleep interrupted
2019-11-04 16:02:15,652 [grpc-default-executor-5] INFO  impl.RoleInfo (RoleInfo.java:shutdownFollowerState(121)) - a9143d84-6d7f-497d-b770-eb75585db3c7: shutdown FollowerState
2019-11-04 16:02:15,652 [grpc-default-executor-5] INFO  impl.RoleInfo (RoleInfo.java:updateAndGet(143)) - a9143d84-6d7f-497d-b770-eb75585db3c7: start FollowerState
2019-11-04 16:02:15,652 [Thread-1023] INFO  impl.FollowerState (FollowerState.java:run(117)) - a9143d84-6d7f-497d-b770-eb75585db3c7@group-7855C2F36E53-FollowerState was interrupted: java.lang.InterruptedException: sleep interrupted
2019-11-04 16:02:15,669 [e3fb79a3-1f86-42af-a80c-c46d1acdbc29@group-7855C2F36E53-LeaderElection125] INFO  impl.LeaderElection (LeaderElection.java:logAndReturn(56)) - e3fb79a3-1f86-42af-a80c-c46d1acdbc29@group-7855C2F36E53-LeaderElection125: Election REJECTED; received 2 response(s) [e3fb79a3-1f86-42af-a80c-c46d1acdbc29<-81ff859e-e76f-43f5-951a-4a38422068cb#0:FAIL-t130, e3fb79a3-1f86-42af-a80c-c46d1acdbc29<-a9143d84-6d7f-497d-b770-eb75585db3c7#0:FAIL-t130] and 0 exception(s); e3fb79a3-1f86-42af-a80c-c46d1acdbc29@group-7855C2F36E53:t130, leader=null, voted=e3fb79a3-1f86-42af-a80c-c46d1acdbc29, raftlog=e3fb79a3-1f86-42af-a80c-c46d1acdbc29@group-7855C2F36E53-SegmentedRaftLog:OPENED:c-1,f-1,i0, conf=-1: [e3fb79a3-1f86-42af-a80c-c46d1acdbc29:192.168.157.194:44142, 81ff859e-e76f-43f5-951a-4a38422068cb:192.168.157.194:46532, a9143d84-6d7f-497d-b770-eb75585db3c7:192.168.157.194:42126], old=null
2019-11-04 16:02:15,669 [e3fb79a3-1f86-42af-a80c-c46d1acdbc29@group-7855C2F36E53-LeaderElection125] INFO  impl.RaftServerImpl (RaftServerImpl.java:setRole(184)) - e3fb79a3-1f86-42af-a80c-c46d1acdbc29@group-7855C2F36E53: changes role from CANDIDATE to FOLLOWER at term 130 for DISCOVERED_A_NEW_TERM
2019-11-04 16:02:15,669 [e3fb79a3-1f86-42af-a80c-c46d1acdbc29@group-7855C2F36E53-LeaderElection125] INFO  impl.RoleInfo (RoleInfo.java:shutdownLeaderElection(134)) - e3fb79a3-1f86-42af-a80c-c46d1acdbc29: shutdown LeaderElection
2019-11-04 16:02:15,670 [e3fb79a3-1f86-42af-a80c-c46d1acdbc29@group-7855C2F36E53-LeaderElection125] INFO  impl.RoleInfo (RoleInfo.java:updateAndGet(143)) - e3fb79a3-1f86-42af-a80c-c46d1acdbc29: start FollowerState
2019-11-04 16:02:15,813 [Thread-1031] INFO  impl.FollowerState (FollowerState.java:run(108)) - e3fb79a3-1f86-42af-a80c-c46d1acdbc29@group-7855C2F36E53-FollowerState: change to CANDIDATE, lastRpcTime:143ms, electionTimeout:143ms
2019-11-04 16:02:15,813 [Thread-1031] INFO  impl.RoleInfo (RoleInfo.java:shutdownFollowerState(121)) - e3fb79a3-1f86-42af-a80c-c46d1acdbc29: shutdown FollowerState
2019-11-04 16:02:15,814 [Thread-1031] INFO  impl.RaftServerImpl (RaftServerImpl.java:setRole(184)) - e3fb79a3-1f86-42af-a80c-c46d1acdbc29@group-7855C2F36E53: changes role from  FOLLOWER to CANDIDATE at term 130 for changeToCandidate
2019-11-04 16:02:15,814 [Thread-1031] INFO  impl.RoleInfo (RoleInfo.java:updateAndGet(143)) - e3fb79a3-1f86-42af-a80c-c46d1acdbc29: start LeaderElection
2019-11-04 16:02:15,828 [e3fb79a3-1f86-42af-a80c-c46d1acdbc29@group-7855C2F36E53-LeaderElection126] INFO  impl.LeaderElection (LeaderElection.java:askForVotes(178)) - e3fb79a3-1f86-42af-a80c-c46d1acdbc29@group-7855C2F36E53-LeaderElection126: begin an election at term 131 for -1: [e3fb79a3-1f86-42af-a80c-c46d1acdbc29:192.168.157.194:44142, 81ff859e-e76f-43f5-951a-4a38422068cb:192.168.157.194:46532, a9143d84-6d7f-497d-b770-eb75585db3c7:192.168.157.194:42126], old=null
2019-11-04 16:02:15,832 [grpc-default-executor-5] INFO  impl.RaftServerImpl (RaftServerImpl.java:setRole(184)) - 81ff859e-e76f-43f5-951a-4a38422068cb@group-7855C2F36E53: changes role from  FOLLOWER to FOLLOWER at term 131 for recognizeCandidate:e3fb79a3-1f86-42af-a80c-c46d1acdbc29
2019-11-04 16:02:15,832 [grpc-default-executor-0] INFO  impl.RaftServerImpl (RaftServerImpl.java:setRole(184)) - a9143d84-6d7f-497d-b770-eb75585db3c7@group-7855C2F36E53: changes role from  FOLLOWER to FOLLOWER at term 131 for recognizeCandidate:e3fb79a3-1f86-42af-a80c-c46d1acdbc29
2019-11-04 16:02:15,832 [grpc-default-executor-0] INFO  impl.RoleInfo (RoleInfo.java:shutdownFollowerState(121)) - a9143d84-6d7f-497d-b770-eb75585db3c7: shutdown FollowerState
2019-11-04 16:02:15,832 [grpc-default-executor-5] INFO  impl.RoleInfo (RoleInfo.java:shutdownFollowerState(121)) - 81ff859e-e76f-43f5-951a-4a38422068cb: shutdown FollowerState
2019-11-04 16:02:15,832 [Thread-1030] INFO  impl.FollowerState (FollowerState.java:run(117)) - a9143d84-6d7f-497d-b770-eb75585db3c7@group-7855C2F36E53-FollowerState was interrupted: java.lang.InterruptedException: sleep interrupted
2019-11-04 16:02:15,832 [grpc-default-executor-0] INFO  impl.RoleInfo (RoleInfo.java:updateAndGet(143)) - a9143d84-6d7f-497d-b770-eb75585db3c7: start FollowerState
2019-11-04 16:02:15,832 [grpc-default-executor-5] INFO  impl.RoleInfo (RoleInfo.java:updateAndGet(143)) - 81ff859e-e76f-43f5-951a-4a38422068cb: start FollowerState
2019-11-04 16:02:15,832 [Thread-1029] INFO  impl.FollowerState (FollowerState.java:run(117)) - 81ff859e-e76f-43f5-951a-4a38422068cb@group-7855C2F36E53-FollowerState was interrupted: java.lang.InterruptedException: sleep interrupted
2019-11-04 16:02:15,847 [e3fb79a3-1f86-42af-a80c-c46d1acdbc29@group-7855C2F36E53-LeaderElection126] INFO  impl.LeaderElection (LeaderElection.java:logAndReturn(56)) - e3fb79a3-1f86-42af-a80c-c46d1acdbc29@group-7855C2F36E53-LeaderElection126: Election REJECTED; received 2 response(s) [e3fb79a3-1f86-42af-a80c-c46d1acdbc29<-81ff859e-e76f-43f5-951a-4a38422068cb#0:FAIL-t131, e3fb79a3-1f86-42af-a80c-c46d1acdbc29<-a9143d84-6d7f-497d-b770-eb75585db3c7#0:FAIL-t131] and 0 exception(s); e3fb79a3-1f86-42af-a80c-c46d1acdbc29@group-7855C2F36E53:t131, leader=null, voted=e3fb79a3-1f86-42af-a80c-c46d1acdbc29, raftlog=e3fb79a3-1f86-42af-a80c-c46d1acdbc29@group-7855C2F36E53-SegmentedRaftLog:OPENED:c-1,f-1,i0, conf=-1: [e3fb79a3-1f86-42af-a80c-c46d1acdbc29:192.168.157.194:44142, 81ff859e-e76f-43f5-951a-4a38422068cb:192.168.157.194:46532, a9143d84-6d7f-497d-b770-eb75585db3c7:192.168.157.194:42126], old=null
2019-11-04 16:02:15,847 [e3fb79a3-1f86-42af-a80c-c46d1acdbc29@group-7855C2F36E53-LeaderElection126] INFO  impl.RaftServerImpl (RaftServerImpl.java:setRole(184)) - e3fb79a3-1f86-42af-a80c-c46d1acdbc29@group-7855C2F36E53: changes role from CANDIDATE to FOLLOWER at term 131 for DISCOVERED_A_NEW_TERM
2019-11-04 16:02:15,847 [e3fb79a3-1f86-42af-a80c-c46d1acdbc29@group-7855C2F36E53-LeaderElection126] INFO  impl.RoleInfo (RoleInfo.java:shutdownLeaderElection(134)) - e3fb79a3-1f86-42af-a80c-c46d1acdbc29: shutdown LeaderElection
2019-11-04 16:02:15,847 [e3fb79a3-1f86-42af-a80c-c46d1acdbc29@group-7855C2F36E53-LeaderElection126] INFO  impl.RoleInfo (RoleInfo.java:updateAndGet(143)) - e3fb79a3-1f86-42af-a80c-c46d1acdbc29: start FollowerState
2019-11-04 16:02:16,006 [Thread-1037] INFO  impl.FollowerState (FollowerState.java:run(108)) - e3fb79a3-1f86-42af-a80c-c46d1acdbc29@group-7855C2F36E53-FollowerState: change to CANDIDATE, lastRpcTime:158ms, electionTimeout:158ms
2019-11-04 16:02:16,006 [Thread-1037] INFO  impl.RoleInfo (RoleInfo.java:shutdownFollowerState(121)) - e3fb79a3-1f86-42af-a80c-c46d1acdbc29: shutdown FollowerState
2019-11-04 16:02:16,006 [Thread-1037] INFO  impl.RaftServerImpl (RaftServerImpl.java:setRole(184)) - e3fb79a3-1f86-42af-a80c-c46d1acdbc29@group-7855C2F36E53: changes role from  FOLLOWER to CANDIDATE at term 131 for changeToCandidate
2019-11-04 16:02:16,007 [Thread-1037] INFO  impl.RoleInfo (RoleInfo.java:updateAndGet(143)) - e3fb79a3-1f86-42af-a80c-c46d1acdbc29: start LeaderElection
2019-11-04 16:02:16,021 [e3fb79a3-1f86-42af-a80c-c46d1acdbc29@group-7855C2F36E53-LeaderElection127] INFO  impl.LeaderElection (LeaderElection.java:askForVotes(178)) - e3fb79a3-1f86-42af-a80c-c46d1acdbc29@group-7855C2F36E53-LeaderElection127: begin an election at term 132 for -1: [e3fb79a3-1f86-42af-a80c-c46d1acdbc29:192.168.157.194:44142, 81ff859e-e76f-43f5-951a-4a38422068cb:192.168.157.194:46532, a9143d84-6d7f-497d-b770-eb75585db3c7:192.168.157.194:42126], old=null
2019-11-04 16:02:16,024 [grpc-default-executor-5] INFO  impl.RaftServerImpl (RaftServerImpl.java:setRole(184)) - 81ff859e-e76f-43f5-951a-4a38422068cb@group-7855C2F36E53: changes role from  FOLLOWER to FOLLOWER at term 132 for recognizeCandidate:e3fb79a3-1f86-42af-a80c-c46d1acdbc29
2019-11-04 16:02:16,024 [grpc-default-executor-5] INFO  impl.RoleInfo (RoleInfo.java:shutdownFollowerState(121)) - 81ff859e-e76f-43f5-951a-4a38422068cb: shutdown FollowerState
2019-11-04 16:02:16,024 [grpc-default-executor-0] INFO  impl.RaftServerImpl (RaftServerImpl.java:setRole(184)) - a9143d84-6d7f-497d-b770-eb75585db3c7@group-7855C2F36E53: changes role from  FOLLOWER to FOLLOWER at term 132 for recognizeCandidate:e3fb79a3-1f86-42af-a80c-c46d1acdbc29
2019-11-04 16:02:16,024 [Thread-1036] INFO  impl.FollowerState (FollowerState.java:run(117)) - 81ff859e-e76f-43f5-951a-4a38422068cb@group-7855C2F36E53-FollowerState was interrupted: java.lang.InterruptedException: sleep interrupted
2019-11-04 16:02:16,024 [grpc-default-executor-5] INFO  impl.RoleInfo (RoleInfo.java:updateAndGet(143)) - 81ff859e-e76f-43f5-951a-4a38422068cb: start FollowerState
2019-11-04 16:02:16,024 [grpc-default-executor-0] INFO  impl.RoleInfo (RoleInfo.java:shutdownFollowerState(121)) - a9143d84-6d7f-497d-b770-eb75585db3c7: shutdown FollowerState
2019-11-04 16:02:16,025 [grpc-default-executor-0] INFO  impl.RoleInfo (RoleInfo.java:updateAndGet(143)) - a9143d84-6d7f-497d-b770-eb75585db3c7: start FollowerState
2019-11-04 16:02:16,025 [Thread-1035] INFO  impl.FollowerState (FollowerState.java:run(117)) - a9143d84-6d7f-497d-b770-eb75585db3c7@group-7855C2F36E53-FollowerState was interrupted: java.lang.InterruptedException: sleep interrupted
2019-11-04 16:02:16,040 [e3fb79a3-1f86-42af-a80c-c46d1acdbc29@group-7855C2F36E53-LeaderElection127] INFO  impl.LeaderElection (LeaderElection.java:logAndReturn(56)) - e3fb79a3-1f86-42af-a80c-c46d1acdbc29@group-7855C2F36E53-LeaderElection127: Election REJECTED; received 2 response(s) [e3fb79a3-1f86-42af-a80c-c46d1acdbc29<-81ff859e-e76f-43f5-951a-4a38422068cb#0:FAIL-t132, e3fb79a3-1f86-42af-a80c-c46d1acdbc29<-a9143d84-6d7f-497d-b770-eb75585db3c7#0:FAIL-t132] and 0 exception(s); e3fb79a3-1f86-42af-a80c-c46d1acdbc29@group-7855C2F36E53:t132, leader=null, voted=e3fb79a3-1f86-42af-a80c-c46d1acdbc29, raftlog=e3fb79a3-1f86-42af-a80c-c46d1acdbc29@group-7855C2F36E53-SegmentedRaftLog:OPENED:c-1,f-1,i0, conf=-1: [e3fb79a3-1f86-42af-a80c-c46d1acdbc29:192.168.157.194:44142, 81ff859e-e76f-43f5-951a-4a38422068cb:192.168.157.194:46532, a9143d84-6d7f-497d-b770-eb75585db3c7:192.168.157.194:42126], old=null
2019-11-04 16:02:16,040 [e3fb79a3-1f86-42af-a80c-c46d1acdbc29@group-7855C2F36E53-LeaderElection127] INFO  impl.RaftServerImpl (RaftServerImpl.java:setRole(184)) - e3fb79a3-1f86-42af-a80c-c46d1acdbc29@group-7855C2F36E53: changes role from CANDIDATE to FOLLOWER at term 132 for DISCOVERED_A_NEW_TERM
2019-11-04 16:02:16,040 [e3fb79a3-1f86-42af-a80c-c46d1acdbc29@group-7855C2F36E53-LeaderElection127] INFO  impl.RoleInfo (RoleInfo.java:shutdownLeaderElection(134)) - e3fb79a3-1f86-42af-a80c-c46d1acdbc29: shutdown LeaderElection
2019-11-04 16:02:16,040 [e3fb79a3-1f86-42af-a80c-c46d1acdbc29@group-7855C2F36E53-LeaderElection127] INFO  impl.RoleInfo (RoleInfo.java:updateAndGet(143)) - e3fb79a3-1f86-42af-a80c-c46d1acdbc29: start FollowerState
2019-11-04 16:02:16,072 [Thread-1045] INFO  impl.FollowerState (FollowerState.java:run(108)) - e3fb79a3-1f86-42af-a80c-c46d1acdbc29@group-7855C2F36E53-FollowerState: change to CANDIDATE, lastRpcTime:31ms, electionTimeout:31ms
2019-11-04 16:02:16,072 [Thread-1045] INFO  impl.RoleInfo (RoleInfo.java:shutdownFollowerState(121)) - e3fb79a3-1f86-42af-a80c-c46d1acdbc29: shutdown FollowerState
2019-11-04 16:02:16,072 [Thread-1045] INFO  impl.RaftServerImpl (RaftServerImpl.java:setRole(184)) - e3fb79a3-1f86-42af-a80c-c46d1acdbc29@group-7855C2F36E53: changes role from  FOLLOWER to CANDIDATE at term 132 for changeToCandidate
2019-11-04 16:02:16,073 [Thread-1045] INFO  impl.RoleInfo (RoleInfo.java:updateAndGet(143)) - e3fb79a3-1f86-42af-a80c-c46d1acdbc29: start LeaderElection
2019-11-04 16:02:16,087 [e3fb79a3-1f86-42af-a80c-c46d1acdbc29@group-7855C2F36E53-LeaderElection128] INFO  impl.LeaderElection (LeaderElection.java:askForVotes(178)) - e3fb79a3-1f86-42af-a80c-c46d1acdbc29@group-7855C2F36E53-LeaderElection128: begin an election at term 133 for -1: [e3fb79a3-1f86-42af-a80c-c46d1acdbc29:192.168.157.194:44142, 81ff859e-e76f-43f5-951a-4a38422068cb:192.168.157.194:46532, a9143d84-6d7f-497d-b770-eb75585db3c7:192.168.157.194:42126], old=null
2019-11-04 16:02:16,090 [grpc-default-executor-0] INFO  impl.RaftServerImpl (RaftServerImpl.java:setRole(184)) - a9143d84-6d7f-497d-b770-eb75585db3c7@group-7855C2F36E53: changes role from  FOLLOWER to FOLLOWER at term 133 for recognizeCandidate:e3fb79a3-1f86-42af-a80c-c46d1acdbc29
2019-11-04 16:02:16,090 [grpc-default-executor-0] INFO  impl.RoleInfo (RoleInfo.java:shutdownFollowerState(121)) - a9143d84-6d7f-497d-b770-eb75585db3c7: shutdown FollowerState
2019-11-04 16:02:16,090 [grpc-default-executor-5] INFO  impl.RaftServerImpl (RaftServerImpl.java:setRole(184)) - 81ff859e-e76f-43f5-951a-4a38422068cb@group-7855C2F36E53: changes role from  FOLLOWER to FOLLOWER at term 133 for recognizeCandidate:e3fb79a3-1f86-42af-a80c-c46d1acdbc29
2019-11-04 16:02:16,090 [grpc-default-executor-0] INFO  impl.RoleInfo (RoleInfo.java:updateAndGet(143)) - a9143d84-6d7f-497d-b770-eb75585db3c7: start FollowerState
2019-11-04 16:02:16,091 [grpc-default-executor-5] INFO  impl.RoleInfo (RoleInfo.java:shutdownFollowerState(121)) - 81ff859e-e76f-43f5-951a-4a38422068cb: shutdown FollowerState
2019-11-04 16:02:16,091 [grpc-default-executor-5] INFO  impl.RoleInfo (RoleInfo.java:updateAndGet(143)) - 81ff859e-e76f-43f5-951a-4a38422068cb: start FollowerState
2019-11-04 16:02:16,091 [Thread-1044] INFO  impl.FollowerState (FollowerState.java:run(117)) - a9143d84-6d7f-497d-b770-eb75585db3c7@group-7855C2F36E53-FollowerState was interrupted: java.lang.InterruptedException: sleep interrupted
2019-11-04 16:02:16,091 [Thread-1043] INFO  impl.FollowerState (FollowerState.java:run(117)) - 81ff859e-e76f-43f5-951a-4a38422068cb@group-7855C2F36E53-FollowerState was interrupted: java.lang.InterruptedException: sleep interrupted
2019-11-04 16:02:16,105 [e3fb79a3-1f86-42af-a80c-c46d1acdbc29@group-7855C2F36E53-LeaderElection128] INFO  impl.LeaderElection (LeaderElection.java:logAndReturn(56)) - e3fb79a3-1f86-42af-a80c-c46d1acdbc29@group-7855C2F36E53-LeaderElection128: Election REJECTED; received 2 response(s) [e3fb79a3-1f86-42af-a80c-c46d1acdbc29<-81ff859e-e76f-43f5-951a-4a38422068cb#0:FAIL-t133, e3fb79a3-1f86-42af-a80c-c46d1acdbc29<-a9143d84-6d7f-497d-b770-eb75585db3c7#0:FAIL-t133] and 0 exception(s); e3fb79a3-1f86-42af-a80c-c46d1acdbc29@group-7855C2F36E53:t133, leader=null, voted=e3fb79a3-1f86-42af-a80c-c46d1acdbc29, raftlog=e3fb79a3-1f86-42af-a80c-c46d1acdbc29@group-7855C2F36E53-SegmentedRaftLog:OPENED:c-1,f-1,i0, conf=-1: [e3fb79a3-1f86-42af-a80c-c46d1acdbc29:192.168.157.194:44142, 81ff859e-e76f-43f5-951a-4a38422068cb:192.168.157.194:46532, a9143d84-6d7f-497d-b770-eb75585db3c7:192.168.157.194:42126], old=null
2019-11-04 16:02:16,106 [e3fb79a3-1f86-42af-a80c-c46d1acdbc29@group-7855C2F36E53-LeaderElection128] INFO  impl.RaftServerImpl (RaftServerImpl.java:setRole(184)) - e3fb79a3-1f86-42af-a80c-c46d1acdbc29@group-7855C2F36E53: changes role from CANDIDATE to FOLLOWER at term 133 for DISCOVERED_A_NEW_TERM
2019-11-04 16:02:16,106 [e3fb79a3-1f86-42af-a80c-c46d1acdbc29@group-7855C2F36E53-LeaderElection128] INFO  impl.RoleInfo (RoleInfo.java:shutdownLeaderElection(134)) - e3fb79a3-1f86-42af-a80c-c46d1acdbc29: shutdown LeaderElection
2019-11-04 16:02:16,106 [e3fb79a3-1f86-42af-a80c-c46d1acdbc29@group-7855C2F36E53-LeaderElection128] INFO  impl.RoleInfo (RoleInfo.java:updateAndGet(143)) - e3fb79a3-1f86-42af-a80c-c46d1acdbc29: start FollowerState
2019-11-04 16:02:16,211 [Thread-1051] INFO  impl.FollowerState (FollowerState.java:run(108)) - e3fb79a3-1f86-42af-a80c-c46d1acdbc29@group-7855C2F36E53-FollowerState: change to CANDIDATE, lastRpcTime:104ms, electionTimeout:104ms
2019-11-04 16:02:16,211 [Thread-1051] INFO  impl.RoleInfo (RoleInfo.java:shutdownFollowerState(121)) - e3fb79a3-1f86-42af-a80c-c46d1acdbc29: shutdown FollowerState
2019-11-04 16:02:16,211 [Thread-1051] INFO  impl.RaftServerImpl (RaftServerImpl.java:setRole(184)) - e3fb79a3-1f86-42af-a80c-c46d1acdbc29@group-7855C2F36E53: changes role from  FOLLOWER to CANDIDATE at term 133 for changeToCandidate
2019-11-04 16:02:16,211 [Thread-1051] INFO  impl.RoleInfo (RoleInfo.java:updateAndGet(143)) - e3fb79a3-1f86-42af-a80c-c46d1acdbc29: start LeaderElection
2019-11-04 16:02:16,238 [e3fb79a3-1f86-42af-a80c-c46d1acdbc29@group-7855C2F36E53-LeaderElection129] INFO  impl.LeaderElection (LeaderElection.java:askForVotes(178)) - e3fb79a3-1f86-42af-a80c-c46d1acdbc29@group-7855C2F36E53-LeaderElection129: begin an election at term 134 for -1: [e3fb79a3-1f86-42af-a80c-c46d1acdbc29:192.168.157.194:44142, 81ff859e-e76f-43f5-951a-4a38422068cb:192.168.157.194:46532, a9143d84-6d7f-497d-b770-eb75585db3c7:192.168.157.194:42126], old=null
2019-11-04 16:02:16,241 [grpc-default-executor-0] INFO  impl.RaftServerImpl (RaftServerImpl.java:setRole(184)) - 81ff859e-e76f-43f5-951a-4a38422068cb@group-7855C2F36E53: changes role from  FOLLOWER to FOLLOWER at term 134 for recognizeCandidate:e3fb79a3-1f86-42af-a80c-c46d1acdbc29
2019-11-04 16:02:16,241 [grpc-default-executor-0] INFO  impl.RoleInfo (RoleInfo.java:shutdownFollowerState(121)) - 81ff859e-e76f-43f5-951a-4a38422068cb: shutdown FollowerState
2019-11-04 16:02:16,241 [grpc-default-executor-5] INFO  impl.RaftServerImpl (RaftServerImpl.java:setRole(184)) - a9143d84-6d7f-497d-b770-eb75585db3c7@group-7855C2F36E53: changes role from  FOLLOWER to FOLLOWER at term 134 for recognizeCandidate:e3fb79a3-1f86-42af-a80c-c46d1acdbc29
2019-11-04 16:02:16,242 [Thread-1050] INFO  impl.FollowerState (FollowerState.java:run(117)) - 81ff859e-e76f-43f5-951a-4a38422068cb@group-7855C2F36E53-FollowerState was interrupted: java.lang.InterruptedException: sleep interrupted
2019-11-04 16:02:16,241 [grpc-default-executor-0] INFO  impl.RoleInfo (RoleInfo.java:updateAndGet(143)) - 81ff859e-e76f-43f5-951a-4a38422068cb: start FollowerState
2019-11-04 16:02:16,242 [grpc-default-executor-5] INFO  impl.RoleInfo (RoleInfo.java:shutdownFollowerState(121)) - a9143d84-6d7f-497d-b770-eb75585db3c7: shutdown FollowerState
2019-11-04 16:02:16,242 [grpc-default-executor-5] INFO  impl.RoleInfo (RoleInfo.java:updateAndGet(143)) - a9143d84-6d7f-497d-b770-eb75585db3c7: start FollowerState
2019-11-04 16:02:16,242 [Thread-1049] INFO  impl.FollowerState (FollowerState.java:run(117)) - a9143d84-6d7f-497d-b770-eb75585db3c7@group-7855C2F36E53-FollowerState was interrupted: java.lang.InterruptedException: sleep interrupted
2019-11-04 16:02:16,252 [e3fb79a3-1f86-42af-a80c-c46d1acdbc29@group-7855C2F36E53-LeaderElection129] INFO  impl.LeaderElection (LeaderElection.java:logAndReturn(56)) - e3fb79a3-1f86-42af-a80c-c46d1acdbc29@group-7855C2F36E53-LeaderElection129: Election REJECTED; received 2 response(s) [e3fb79a3-1f86-42af-a80c-c46d1acdbc29<-81ff859e-e76f-43f5-951a-4a38422068cb#0:FAIL-t134, e3fb79a3-1f86-42af-a80c-c46d1acdbc29<-a9143d84-6d7f-497d-b770-eb75585db3c7#0:FAIL-t134] and 0 exception(s); e3fb79a3-1f86-42af-a80c-c46d1acdbc29@group-7855C2F36E53:t134, leader=null, voted=e3fb79a3-1f86-42af-a80c-c46d1acdbc29, raftlog=e3fb79a3-1f86-42af-a80c-c46d1acdbc29@group-7855C2F36E53-SegmentedRaftLog:OPENED:c-1,f-1,i0, conf=-1: [e3fb79a3-1f86-42af-a80c-c46d1acdbc29:192.168.157.194:44142, 81ff859e-e76f-43f5-951a-4a38422068cb:192.168.157.194:46532, a9143d84-6d7f-497d-b770-eb75585db3c7:192.168.157.194:42126], old=null
2019-11-04 16:02:16,252 [e3fb79a3-1f86-42af-a80c-c46d1acdbc29@group-7855C2F36E53-LeaderElection129] INFO  impl.RaftServerImpl (RaftServerImpl.java:setRole(184)) - e3fb79a3-1f86-42af-a80c-c46d1acdbc29@group-7855C2F36E53: changes role from CANDIDATE to FOLLOWER at term 134 for DISCOVERED_A_NEW_TERM
2019-11-04 16:02:16,253 [e3fb79a3-1f86-42af-a80c-c46d1acdbc29@group-7855C2F36E53-LeaderElection129] INFO  impl.RoleInfo (RoleInfo.java:shutdownLeaderElection(134)) - e3fb79a3-1f86-42af-a80c-c46d1acdbc29: shutdown LeaderElection
2019-11-04 16:02:16,253 [e3fb79a3-1f86-42af-a80c-c46d1acdbc29@group-7855C2F36E53-LeaderElection129] INFO  impl.RoleInfo (RoleInfo.java:updateAndGet(143)) - e3fb79a3-1f86-42af-a80c-c46d1acdbc29: start FollowerState
2019-11-04 16:02:16,342 [Thread-1057] INFO  impl.FollowerState (FollowerState.java:run(108)) - e3fb79a3-1f86-42af-a80c-c46d1acdbc29@group-7855C2F36E53-FollowerState: change to CANDIDATE, lastRpcTime:89ms, electionTimeout:89ms
2019-11-04 16:02:16,342 [Thread-1057] INFO  impl.RoleInfo (RoleInfo.java:shutdownFollowerState(121)) - e3fb79a3-1f86-42af-a80c-c46d1acdbc29: shutdown FollowerState
2019-11-04 16:02:16,343 [Thread-1057] INFO  impl.RaftServerImpl (RaftServerImpl.java:setRole(184)) - e3fb79a3-1f86-42af-a80c-c46d1acdbc29@group-7855C2F36E53: changes role from  FOLLOWER to CANDIDATE at term 134 for changeToCandidate
2019-11-04 16:02:16,343 [Thread-1057] INFO  impl.RoleInfo (RoleInfo.java:updateAndGet(143)) - e3fb79a3-1f86-42af-a80c-c46d1acdbc29: start LeaderElection
2019-11-04 16:02:16,357 [e3fb79a3-1f86-42af-a80c-c46d1acdbc29@group-7855C2F36E53-LeaderElection130] INFO  impl.LeaderElection (LeaderElection.java:askForVotes(178)) - e3fb79a3-1f86-42af-a80c-c46d1acdbc29@group-7855C2F36E53-LeaderElection130: begin an election at term 135 for -1: [e3fb79a3-1f86-42af-a80c-c46d1acdbc29:192.168.157.194:44142, 81ff859e-e76f-43f5-951a-4a38422068cb:192.168.157.194:46532, a9143d84-6d7f-497d-b770-eb75585db3c7:192.168.157.194:42126], old=null
2019-11-04 16:02:16,360 [grpc-default-executor-5] INFO  impl.RaftServerImpl (RaftServerImpl.java:setRole(184)) - 81ff859e-e76f-43f5-951a-4a38422068cb@group-7855C2F36E53: changes role from  FOLLOWER to FOLLOWER at term 135 for recognizeCandidate:e3fb79a3-1f86-42af-a80c-c46d1acdbc29
2019-11-04 16:02:16,361 [grpc-default-executor-5] INFO  impl.RoleInfo (RoleInfo.java:shutdownFollowerState(121)) - 81ff859e-e76f-43f5-951a-4a38422068cb: shutdown FollowerState
2019-11-04 16:02:16,361 [grpc-default-executor-5] INFO  impl.RoleInfo (RoleInfo.java:updateAndGet(143)) - 81ff859e-e76f-43f5-951a-4a38422068cb: start FollowerState
2019-11-04 16:02:16,361 [grpc-default-executor-0] INFO  impl.RaftServerImpl (RaftServerImpl.java:setRole(184)) - a9143d84-6d7f-497d-b770-eb75585db3c7@group-7855C2F36E53: changes role from  FOLLOWER to FOLLOWER at term 135 for recognizeCandidate:e3fb79a3-1f86-42af-a80c-c46d1acdbc29
2019-11-04 16:02:16,361 [Thread-1055] INFO  impl.FollowerState (FollowerState.java:run(117)) - 81ff859e-e76f-43f5-951a-4a38422068cb@group-7855C2F36E53-FollowerState was interrupted: java.lang.InterruptedException: sleep interrupted
2019-11-04 16:02:16,361 [grpc-default-executor-0] INFO  impl.RoleInfo (RoleInfo.java:shutdownFollowerState(121)) - a9143d84-6d7f-497d-b770-eb75585db3c7: shutdown FollowerState
2019-11-04 16:02:16,362 [grpc-default-executor-0] INFO  impl.RoleInfo (RoleInfo.java:updateAndGet(143)) - a9143d84-6d7f-497d-b770-eb75585db3c7: start FollowerState
2019-11-04 16:02:16,362 [Thread-1056] INFO  impl.FollowerState (FollowerState.java:run(117)) - a9143d84-6d7f-497d-b770-eb75585db3c7@group-7855C2F36E53-FollowerState was interrupted: java.lang.InterruptedException: sleep interrupted
2019-11-04 16:02:16,376 [e3fb79a3-1f86-42af-a80c-c46d1acdbc29@group-7855C2F36E53-LeaderElection130] INFO  impl.LeaderElection (LeaderElection.java:logAndReturn(56)) - e3fb79a3-1f86-42af-a80c-c46d1acdbc29@group-7855C2F36E53-LeaderElection130: Election REJECTED; received 2 response(s) [e3fb79a3-1f86-42af-a80c-c46d1acdbc29<-81ff859e-e76f-43f5-951a-4a38422068cb#0:FAIL-t135, e3fb79a3-1f86-42af-a80c-c46d1acdbc29<-a9143d84-6d7f-497d-b770-eb75585db3c7#0:FAIL-t135] and 0 exception(s); e3fb79a3-1f86-42af-a80c-c46d1acdbc29@group-7855C2F36E53:t135, leader=null, voted=e3fb79a3-1f86-42af-a80c-c46d1acdbc29, raftlog=e3fb79a3-1f86-42af-a80c-c46d1acdbc29@group-7855C2F36E53-SegmentedRaftLog:OPENED:c-1,f-1,i0, conf=-1: [e3fb79a3-1f86-42af-a80c-c46d1acdbc29:192.168.157.194:44142, 81ff859e-e76f-43f5-951a-4a38422068cb:192.168.157.194:46532, a9143d84-6d7f-497d-b770-eb75585db3c7:192.168.157.194:42126], old=null
2019-11-04 16:02:16,376 [e3fb79a3-1f86-42af-a80c-c46d1acdbc29@group-7855C2F36E53-LeaderElection130] INFO  impl.RaftServerImpl (RaftServerImpl.java:setRole(184)) - e3fb79a3-1f86-42af-a80c-c46d1acdbc29@group-7855C2F36E53: changes role from CANDIDATE to FOLLOWER at term 135 for DISCOVERED_A_NEW_TERM
2019-11-04 16:02:16,376 [e3fb79a3-1f86-42af-a80c-c46d1acdbc29@group-7855C2F36E53-LeaderElection130] INFO  impl.RoleInfo (RoleInfo.java:shutdownLeaderElection(134)) - e3fb79a3-1f86-42af-a80c-c46d1acdbc29: shutdown LeaderElection
2019-11-04 16:02:16,377 [e3fb79a3-1f86-42af-a80c-c46d1acdbc29@group-7855C2F36E53-LeaderElection130] INFO  impl.RoleInfo (RoleInfo.java:updateAndGet(143)) - e3fb79a3-1f86-42af-a80c-c46d1acdbc29: start FollowerState
2019-11-04 16:02:16,508 [Thread-1063] INFO  impl.FollowerState (FollowerState.java:run(108)) - e3fb79a3-1f86-42af-a80c-c46d1acdbc29@group-7855C2F36E53-FollowerState: change to CANDIDATE, lastRpcTime:131ms, electionTimeout:131ms
2019-11-04 16:02:16,508 [Thread-1063] INFO  impl.RoleInfo (RoleInfo.java:shutdownFollowerState(121)) - e3fb79a3-1f86-42af-a80c-c46d1acdbc29: shutdown FollowerState
2019-11-04 16:02:16,509 [Thread-1063] INFO  impl.RaftServerImpl (RaftServerImpl.java:setRole(184)) - e3fb79a3-1f86-42af-a80c-c46d1acdbc29@group-7855C2F36E53: changes role from  FOLLOWER to CANDIDATE at term 135 for changeToCandidate
2019-11-04 16:02:16,509 [Thread-1063] INFO  impl.RoleInfo (RoleInfo.java:updateAndGet(143)) - e3fb79a3-1f86-42af-a80c-c46d1acdbc29: start LeaderElection
2019-11-04 16:02:16,553 [e3fb79a3-1f86-42af-a80c-c46d1acdbc29@group-7855C2F36E53-LeaderElection131] INFO  impl.LeaderElection (LeaderElection.java:askForVotes(178)) - e3fb79a3-1f86-42af-a80c-c46d1acdbc29@group-7855C2F36E53-LeaderElection131: begin an election at term 136 for -1: [e3fb79a3-1f86-42af-a80c-c46d1acdbc29:192.168.157.194:44142, 81ff859e-e76f-43f5-951a-4a38422068cb:192.168.157.194:46532, a9143d84-6d7f-497d-b770-eb75585db3c7:192.168.157.194:42126], old=null
2019-11-04 16:02:16,557 [grpc-default-executor-5] INFO  impl.RaftServerImpl (RaftServerImpl.java:setRole(184)) - a9143d84-6d7f-497d-b770-eb75585db3c7@group-7855C2F36E53: changes role from  FOLLOWER to FOLLOWER at term 136 for recognizeCandidate:e3fb79a3-1f86-42af-a80c-c46d1acdbc29
2019-11-04 16:02:16,557 [grpc-default-executor-5] INFO  impl.RoleInfo (RoleInfo.java:shutdownFollowerState(121)) - a9143d84-6d7f-497d-b770-eb75585db3c7: shutdown FollowerState
2019-11-04 16:02:16,557 [grpc-default-executor-5] INFO  impl.RoleInfo (RoleInfo.java:updateAndGet(143)) - a9143d84-6d7f-497d-b770-eb75585db3c7: start FollowerState
2019-11-04 16:02:16,557 [Thread-1062] INFO  impl.FollowerState (FollowerState.java:run(117)) - a9143d84-6d7f-497d-b770-eb75585db3c7@group-7855C2F36E53-FollowerState was interrupted: java.lang.InterruptedException: sleep interrupted
2019-11-04 16:02:16,558 [grpc-default-executor-0] INFO  impl.RaftServerImpl (RaftServerImpl.java:setRole(184)) - 81ff859e-e76f-43f5-951a-4a38422068cb@group-7855C2F36E53: changes role from  FOLLOWER to FOLLOWER at term 136 for recognizeCandidate:e3fb79a3-1f86-42af-a80c-c46d1acdbc29
2019-11-04 16:02:16,558 [grpc-default-executor-0] INFO  impl.RoleInfo (RoleInfo.java:shutdownFollowerState(121)) - 81ff859e-e76f-43f5-951a-4a38422068cb: shutdown FollowerState
2019-11-04 16:02:16,559 [grpc-default-executor-0] INFO  impl.RoleInfo (RoleInfo.java:updateAndGet(143)) - 81ff859e-e76f-43f5-951a-4a38422068cb: start FollowerState
2019-11-04 16:02:16,559 [Thread-1061] INFO  impl.FollowerState (FollowerState.java:run(117)) - 81ff859e-e76f-43f5-951a-4a38422068cb@group-7855C2F36E53-FollowerState was interrupted: java.lang.InterruptedException: sleep interrupted
2019-11-04 16:02:16,570 [e3fb79a3-1f86-42af-a80c-c46d1acdbc29@group-7855C2F36E53-LeaderElection131] INFO  impl.LeaderElection (LeaderElection.java:logAndReturn(56)) - e3fb79a3-1f86-42af-a80c-c46d1acdbc29@group-7855C2F36E53-LeaderElection131: Election REJECTED; received 2 response(s) [e3fb79a3-1f86-42af-a80c-c46d1acdbc29<-81ff859e-e76f-43f5-951a-4a38422068cb#0:FAIL-t136, e3fb79a3-1f86-42af-a80c-c46d1acdbc29<-a9143d84-6d7f-497d-b770-eb75585db3c7#0:FAIL-t136] and 0 exception(s); e3fb79a3-1f86-42af-a80c-c46d1acdbc29@group-7855C2F36E53:t136, leader=null, voted=e3fb79a3-1f86-42af-a80c-c46d1acdbc29, raftlog=e3fb79a3-1f86-42af-a80c-c46d1acdbc29@group-7855C2F36E53-SegmentedRaftLog:OPENED:c-1,f-1,i0, conf=-1: [e3fb79a3-1f86-42af-a80c-c46d1acdbc29:192.168.157.194:44142, 81ff859e-e76f-43f5-951a-4a38422068cb:192.168.157.194:46532, a9143d84-6d7f-497d-b770-eb75585db3c7:192.168.157.194:42126], old=null
2019-11-04 16:02:16,571 [e3fb79a3-1f86-42af-a80c-c46d1acdbc29@group-7855C2F36E53-LeaderElection131] INFO  impl.RaftServerImpl (RaftServerImpl.java:setRole(184)) - e3fb79a3-1f86-42af-a80c-c46d1acdbc29@group-7855C2F36E53: changes role from CANDIDATE to FOLLOWER at term 136 for DISCOVERED_A_NEW_TERM
2019-11-04 16:02:16,571 [e3fb79a3-1f86-42af-a80c-c46d1acdbc29@group-7855C2F36E53-LeaderElection131] INFO  impl.RoleInfo (RoleInfo.java:shutdownLeaderElection(134)) - e3fb79a3-1f86-42af-a80c-c46d1acdbc29: shutdown LeaderElection
2019-11-04 16:02:16,571 [e3fb79a3-1f86-42af-a80c-c46d1acdbc29@group-7855C2F36E53-LeaderElection131] INFO  impl.RoleInfo (RoleInfo.java:updateAndGet(143)) - e3fb79a3-1f86-42af-a80c-c46d1acdbc29: start FollowerState
2019-11-04 16:02:16,698 [Thread-1069] INFO  impl.FollowerState (FollowerState.java:run(108)) - e3fb79a3-1f86-42af-a80c-c46d1acdbc29@group-7855C2F36E53-FollowerState: change to CANDIDATE, lastRpcTime:126ms, electionTimeout:126ms
2019-11-04 16:02:16,698 [Thread-1069] INFO  impl.RoleInfo (RoleInfo.java:shutdownFollowerState(121)) - e3fb79a3-1f86-42af-a80c-c46d1acdbc29: shutdown FollowerState
2019-11-04 16:02:16,699 [Thread-1069] INFO  impl.RaftServerImpl (RaftServerImpl.java:setRole(184)) - e3fb79a3-1f86-42af-a80c-c46d1acdbc29@group-7855C2F36E53: changes role from  FOLLOWER to CANDIDATE at term 136 for changeToCandidate
2019-11-04 16:02:16,699 [Thread-1069] INFO  impl.RoleInfo (RoleInfo.java:updateAndGet(143)) - e3fb79a3-1f86-42af-a80c-c46d1acdbc29: start LeaderElection
2019-11-04 16:02:16,703 [e3fb79a3-1f86-42af-a80c-c46d1acdbc29@group-7855C2F36E53-LeaderElection132] INFO  impl.LeaderElection (LeaderElection.java:askForVotes(178)) - e3fb79a3-1f86-42af-a80c-c46d1acdbc29@group-7855C2F36E53-LeaderElection132: begin an election at term 137 for -1: [e3fb79a3-1f86-42af-a80c-c46d1acdbc29:192.168.157.194:44142, 81ff859e-e76f-43f5-951a-4a38422068cb:192.168.157.194:46532, a9143d84-6d7f-497d-b770-eb75585db3c7:192.168.157.194:42126], old=null
2019-11-04 16:02:16,707 [grpc-default-executor-5] INFO  impl.RaftServerImpl (RaftServerImpl.java:setRole(184)) - 81ff859e-e76f-43f5-951a-4a38422068cb@group-7855C2F36E53: changes role from  FOLLOWER to FOLLOWER at term 137 for recognizeCandidate:e3fb79a3-1f86-42af-a80c-c46d1acdbc29
2019-11-04 16:02:16,707 [grpc-default-executor-5] INFO  impl.RoleInfo (RoleInfo.java:shutdownFollowerState(121)) - 81ff859e-e76f-43f5-951a-4a38422068cb: shutdown FollowerState
2019-11-04 16:02:16,707 [grpc-default-executor-0] INFO  impl.RaftServerImpl (RaftServerImpl.java:setRole(184)) - a9143d84-6d7f-497d-b770-eb75585db3c7@group-7855C2F36E53: changes role from  FOLLOWER to FOLLOWER at term 137 for recognizeCandidate:e3fb79a3-1f86-42af-a80c-c46d1acdbc29
2019-11-04 16:02:16,707 [grpc-default-executor-5] INFO  impl.RoleInfo (RoleInfo.java:updateAndGet(143)) - 81ff859e-e76f-43f5-951a-4a38422068cb: start FollowerState
2019-11-04 16:02:16,707 [Thread-1068] INFO  impl.FollowerState (FollowerState.java:run(117)) - 81ff859e-e76f-43f5-951a-4a38422068cb@group-7855C2F36E53-FollowerState was interrupted: java.lang.InterruptedException: sleep interrupted
2019-11-04 16:02:16,707 [grpc-default-executor-0] INFO  impl.RoleInfo (RoleInfo.java:shutdownFollowerState(121)) - a9143d84-6d7f-497d-b770-eb75585db3c7: shutdown FollowerState
2019-11-04 16:02:16,708 [grpc-default-executor-0] INFO  impl.RoleInfo (RoleInfo.java:updateAndGet(143)) - a9143d84-6d7f-497d-b770-eb75585db3c7: start FollowerState
2019-11-04 16:02:16,708 [Thread-1067] INFO  impl.FollowerState (FollowerState.java:run(117)) - a9143d84-6d7f-497d-b770-eb75585db3c7@group-7855C2F36E53-FollowerState was interrupted: java.lang.InterruptedException: sleep interrupted
2019-11-04 16:02:16,712 [e3fb79a3-1f86-42af-a80c-c46d1acdbc29@group-7855C2F36E53-LeaderElection132] INFO  impl.LeaderElection (LeaderElection.java:logAndReturn(56)) - e3fb79a3-1f86-42af-a80c-c46d1acdbc29@group-7855C2F36E53-LeaderElection132: Election REJECTED; received 2 response(s) [e3fb79a3-1f86-42af-a80c-c46d1acdbc29<-81ff859e-e76f-43f5-951a-4a38422068cb#0:FAIL-t137, e3fb79a3-1f86-42af-a80c-c46d1acdbc29<-a9143d84-6d7f-497d-b770-eb75585db3c7#0:FAIL-t137] and 0 exception(s); e3fb79a3-1f86-42af-a80c-c46d1acdbc29@group-7855C2F36E53:t137, leader=null, voted=e3fb79a3-1f86-42af-a80c-c46d1acdbc29, raftlog=e3fb79a3-1f86-42af-a80c-c46d1acdbc29@group-7855C2F36E53-SegmentedRaftLog:OPENED:c-1,f-1,i0, conf=-1: [e3fb79a3-1f86-42af-a80c-c46d1acdbc29:192.168.157.194:44142, 81ff859e-e76f-43f5-951a-4a38422068cb:192.168.157.194:46532, a9143d84-6d7f-497d-b770-eb75585db3c7:192.168.157.194:42126], old=null
2019-11-04 16:02:16,713 [e3fb79a3-1f86-42af-a80c-c46d1acdbc29@group-7855C2F36E53-LeaderElection132] INFO  impl.RaftServerImpl (RaftServerImpl.java:setRole(184)) - e3fb79a3-1f86-42af-a80c-c46d1acdbc29@group-7855C2F36E53: changes role from CANDIDATE to FOLLOWER at term 137 for DISCOVERED_A_NEW_TERM
2019-11-04 16:02:16,713 [e3fb79a3-1f86-42af-a80c-c46d1acdbc29@group-7855C2F36E53-LeaderElection132] INFO  impl.RoleInfo (RoleInfo.java:shutdownLeaderElection(134)) - e3fb79a3-1f86-42af-a80c-c46d1acdbc29: shutdown LeaderElection
2019-11-04 16:02:16,713 [e3fb79a3-1f86-42af-a80c-c46d1acdbc29@group-7855C2F36E53-LeaderElection132] INFO  impl.RoleInfo (RoleInfo.java:updateAndGet(143)) - e3fb79a3-1f86-42af-a80c-c46d1acdbc29: start FollowerState
2019-11-04 16:02:16,769 [Thread-1075] INFO  impl.FollowerState (FollowerState.java:run(108)) - e3fb79a3-1f86-42af-a80c-c46d1acdbc29@group-7855C2F36E53-FollowerState: change to CANDIDATE, lastRpcTime:55ms, electionTimeout:55ms
2019-11-04 16:02:16,769 [Thread-1075] INFO  impl.RoleInfo (RoleInfo.java:shutdownFollowerState(121)) - e3fb79a3-1f86-42af-a80c-c46d1acdbc29: shutdown FollowerState
2019-11-04 16:02:16,769 [Thread-1075] INFO  impl.RaftServerImpl (RaftServerImpl.java:setRole(184)) - e3fb79a3-1f86-42af-a80c-c46d1acdbc29@group-7855C2F36E53: changes role from  FOLLOWER to CANDIDATE at term 137 for changeToCandidate
2019-11-04 16:02:16,770 [Thread-1075] INFO  impl.RoleInfo (RoleInfo.java:updateAndGet(143)) - e3fb79a3-1f86-42af-a80c-c46d1acdbc29: start LeaderElection
2019-11-04 16:02:16,787 [e3fb79a3-1f86-42af-a80c-c46d1acdbc29@group-7855C2F36E53-LeaderElection133] INFO  impl.LeaderElection (LeaderElection.java:askForVotes(178)) - e3fb79a3-1f86-42af-a80c-c46d1acdbc29@group-7855C2F36E53-LeaderElection133: begin an election at term 138 for -1: [e3fb79a3-1f86-42af-a80c-c46d1acdbc29:192.168.157.194:44142, 81ff859e-e76f-43f5-951a-4a38422068cb:192.168.157.194:46532, a9143d84-6d7f-497d-b770-eb75585db3c7:192.168.157.194:42126], old=null
2019-11-04 16:02:16,792 [grpc-default-executor-0] INFO  impl.RaftServerImpl (RaftServerImpl.java:setRole(184)) - a9143d84-6d7f-497d-b770-eb75585db3c7@group-7855C2F36E53: changes role from  FOLLOWER to FOLLOWER at term 138 for recognizeCandidate:e3fb79a3-1f86-42af-a80c-c46d1acdbc29
2019-11-04 16:02:16,792 [grpc-default-executor-5] INFO  impl.RaftServerImpl (RaftServerImpl.java:setRole(184)) - 81ff859e-e76f-43f5-951a-4a38422068cb@group-7855C2F36E53: changes role from  FOLLOWER to FOLLOWER at term 138 for recognizeCandidate:e3fb79a3-1f86-42af-a80c-c46d1acdbc29
2019-11-04 16:02:16,792 [grpc-default-executor-0] INFO  impl.RoleInfo (RoleInfo.java:shutdownFollowerState(121)) - a9143d84-6d7f-497d-b770-eb75585db3c7: shutdown FollowerState
2019-11-04 16:02:16,792 [grpc-default-executor-5] INFO  impl.RoleInfo (RoleInfo.java:shutdownFollowerState(121)) - 81ff859e-e76f-43f5-951a-4a38422068cb: shutdown FollowerState
2019-11-04 16:02:16,792 [grpc-default-executor-0] INFO  impl.RoleInfo (RoleInfo.java:updateAndGet(143)) - a9143d84-6d7f-497d-b770-eb75585db3c7: start FollowerState
2019-11-04 16:02:16,792 [Thread-1074] INFO  impl.FollowerState (FollowerState.java:run(117)) - a9143d84-6d7f-497d-b770-eb75585db3c7@group-7855C2F36E53-FollowerState was interrupted: java.lang.InterruptedException: sleep interrupted
2019-11-04 16:02:16,792 [grpc-default-executor-5] INFO  impl.RoleInfo (RoleInfo.java:updateAndGet(143)) - 81ff859e-e76f-43f5-951a-4a38422068cb: start FollowerState
2019-11-04 16:02:16,793 [Thread-1073] INFO  impl.FollowerState (FollowerState.java:run(117)) - 81ff859e-e76f-43f5-951a-4a38422068cb@group-7855C2F36E53-FollowerState was interrupted: java.lang.InterruptedException: sleep interrupted
2019-11-04 16:02:16,816 [e3fb79a3-1f86-42af-a80c-c46d1acdbc29@group-7855C2F36E53-LeaderElection133] INFO  impl.LeaderElection (LeaderElection.java:logAndReturn(56)) - e3fb79a3-1f86-42af-a80c-c46d1acdbc29@group-7855C2F36E53-LeaderElection133: Election REJECTED; received 2 response(s) [e3fb79a3-1f86-42af-a80c-c46d1acdbc29<-81ff859e-e76f-43f5-951a-4a38422068cb#0:FAIL-t138, e3fb79a3-1f86-42af-a80c-c46d1acdbc29<-a9143d84-6d7f-497d-b770-eb75585db3c7#0:FAIL-t138] and 0 exception(s); e3fb79a3-1f86-42af-a80c-c46d1acdbc29@group-7855C2F36E53:t138, leader=null, voted=e3fb79a3-1f86-42af-a80c-c46d1acdbc29, raftlog=e3fb79a3-1f86-42af-a80c-c46d1acdbc29@group-7855C2F36E53-SegmentedRaftLog:OPENED:c-1,f-1,i0, conf=-1: [e3fb79a3-1f86-42af-a80c-c46d1acdbc29:192.168.157.194:44142, 81ff859e-e76f-43f5-951a-4a38422068cb:192.168.157.194:46532, a9143d84-6d7f-497d-b770-eb75585db3c7:192.168.157.194:42126], old=null
2019-11-04 16:02:16,817 [e3fb79a3-1f86-42af-a80c-c46d1acdbc29@group-7855C2F36E53-LeaderElection133] INFO  impl.RaftServerImpl (RaftServerImpl.java:setRole(184)) - e3fb79a3-1f86-42af-a80c-c46d1acdbc29@group-7855C2F36E53: changes role from CANDIDATE to FOLLOWER at term 138 for DISCOVERED_A_NEW_TERM
2019-11-04 16:02:16,817 [e3fb79a3-1f86-42af-a80c-c46d1acdbc29@group-7855C2F36E53-LeaderElection133] INFO  impl.RoleInfo (RoleInfo.java:shutdownLeaderElection(134)) - e3fb79a3-1f86-42af-a80c-c46d1acdbc29: shutdown LeaderElection
2019-11-04 16:02:16,817 [e3fb79a3-1f86-42af-a80c-c46d1acdbc29@group-7855C2F36E53-LeaderElection133] INFO  impl.RoleInfo (RoleInfo.java:updateAndGet(143)) - e3fb79a3-1f86-42af-a80c-c46d1acdbc29: start FollowerState
2019-11-04 16:02:16,941 [Thread-1081] INFO  impl.FollowerState (FollowerState.java:run(108)) - e3fb79a3-1f86-42af-a80c-c46d1acdbc29@group-7855C2F36E53-FollowerState: change to CANDIDATE, lastRpcTime:124ms, electionTimeout:124ms
2019-11-04 16:02:16,942 [Thread-1081] INFO  impl.RoleInfo (RoleInfo.java:shutdownFollowerState(121)) - e3fb79a3-1f86-42af-a80c-c46d1acdbc29: shutdown FollowerState
2019-11-04 16:02:16,942 [Thread-1081] INFO  impl.RaftServerImpl (RaftServerImpl.java:setRole(184)) - e3fb79a3-1f86-42af-a80c-c46d1acdbc29@group-7855C2F36E53: changes role from  FOLLOWER to CANDIDATE at term 138 for changeToCandidate
2019-11-04 16:02:16,942 [Thread-1081] INFO  impl.RoleInfo (RoleInfo.java:updateAndGet(143)) - e3fb79a3-1f86-42af-a80c-c46d1acdbc29: start LeaderElection
2019-11-04 16:02:16,957 [e3fb79a3-1f86-42af-a80c-c46d1acdbc29@group-7855C2F36E53-LeaderElection134] INFO  impl.LeaderElection (LeaderElection.java:askForVotes(178)) - e3fb79a3-1f86-42af-a80c-c46d1acdbc29@group-7855C2F36E53-LeaderElection134: begin an election at term 139 for -1: [e3fb79a3-1f86-42af-a80c-c46d1acdbc29:192.168.157.194:44142, 81ff859e-e76f-43f5-951a-4a38422068cb:192.168.157.194:46532, a9143d84-6d7f-497d-b770-eb75585db3c7:192.168.157.194:42126], old=null
2019-11-04 16:02:16,960 [grpc-default-executor-0] INFO  impl.RaftServerImpl (RaftServerImpl.java:setRole(184)) - 81ff859e-e76f-43f5-951a-4a38422068cb@group-7855C2F36E53: changes role from  FOLLOWER to FOLLOWER at term 139 for recognizeCandidate:e3fb79a3-1f86-42af-a80c-c46d1acdbc29
2019-11-04 16:02:16,960 [grpc-default-executor-5] INFO  impl.RaftServerImpl (RaftServerImpl.java:setRole(184)) - a9143d84-6d7f-497d-b770-eb75585db3c7@group-7855C2F36E53: changes role from  FOLLOWER to FOLLOWER at term 139 for recognizeCandidate:e3fb79a3-1f86-42af-a80c-c46d1acdbc29
2019-11-04 16:02:16,960 [grpc-default-executor-5] INFO  impl.RoleInfo (RoleInfo.java:shutdownFollowerState(121)) - a9143d84-6d7f-497d-b770-eb75585db3c7: shutdown FollowerState
2019-11-04 16:02:16,960 [grpc-default-executor-0] INFO  impl.RoleInfo (RoleInfo.java:shutdownFollowerState(121)) - 81ff859e-e76f-43f5-951a-4a38422068cb: shutdown FollowerState
2019-11-04 16:02:16,961 [grpc-default-executor-5] INFO  impl.RoleInfo (RoleInfo.java:updateAndGet(143)) - a9143d84-6d7f-497d-b770-eb75585db3c7: start FollowerState
2019-11-04 16:02:16,961 [Thread-1080] INFO  impl.FollowerState (FollowerState.java:run(117)) - 81ff859e-e76f-43f5-951a-4a38422068cb@group-7855C2F36E53-FollowerState was interrupted: java.lang.InterruptedException: sleep interrupted
2019-11-04 16:02:16,961 [grpc-default-executor-0] INFO  impl.RoleInfo (RoleInfo.java:updateAndGet(143)) - 81ff859e-e76f-43f5-951a-4a38422068cb: start FollowerState
2019-11-04 16:02:16,961 [Thread-1079] INFO  impl.FollowerState (FollowerState.java:run(117)) - a9143d84-6d7f-497d-b770-eb75585db3c7@group-7855C2F36E53-FollowerState was interrupted: java.lang.InterruptedException: sleep interrupted
2019-11-04 16:02:16,967 [e3fb79a3-1f86-42af-a80c-c46d1acdbc29@group-7855C2F36E53-LeaderElection134] INFO  impl.LeaderElection (LeaderElection.java:logAndReturn(56)) - e3fb79a3-1f86-42af-a80c-c46d1acdbc29@group-7855C2F36E53-LeaderElection134: Election REJECTED; received 2 response(s) [e3fb79a3-1f86-42af-a80c-c46d1acdbc29<-81ff859e-e76f-43f5-951a-4a38422068cb#0:FAIL-t139, e3fb79a3-1f86-42af-a80c-c46d1acdbc29<-a9143d84-6d7f-497d-b770-eb75585db3c7#0:FAIL-t139] and 0 exception(s); e3fb79a3-1f86-42af-a80c-c46d1acdbc29@group-7855C2F36E53:t139, leader=null, voted=e3fb79a3-1f86-42af-a80c-c46d1acdbc29, raftlog=e3fb79a3-1f86-42af-a80c-c46d1acdbc29@group-7855C2F36E53-SegmentedRaftLog:OPENED:c-1,f-1,i0, conf=-1: [e3fb79a3-1f86-42af-a80c-c46d1acdbc29:192.168.157.194:44142, 81ff859e-e76f-43f5-951a-4a38422068cb:192.168.157.194:46532, a9143d84-6d7f-497d-b770-eb75585db3c7:192.168.157.194:42126], old=null
2019-11-04 16:02:16,967 [e3fb79a3-1f86-42af-a80c-c46d1acdbc29@group-7855C2F36E53-LeaderElection134] INFO  impl.RaftServerImpl (RaftServerImpl.java:setRole(184)) - e3fb79a3-1f86-42af-a80c-c46d1acdbc29@group-7855C2F36E53: changes role from CANDIDATE to FOLLOWER at term 139 for DISCOVERED_A_NEW_TERM
2019-11-04 16:02:16,967 [e3fb79a3-1f86-42af-a80c-c46d1acdbc29@group-7855C2F36E53-LeaderElection134] INFO  impl.RoleInfo (RoleInfo.java:shutdownLeaderElection(134)) - e3fb79a3-1f86-42af-a80c-c46d1acdbc29: shutdown LeaderElection
2019-11-04 16:02:16,967 [e3fb79a3-1f86-42af-a80c-c46d1acdbc29@group-7855C2F36E53-LeaderElection134] INFO  impl.RoleInfo (RoleInfo.java:updateAndGet(143)) - e3fb79a3-1f86-42af-a80c-c46d1acdbc29: start FollowerState
2019-11-04 16:02:17,051 [Thread-1087] INFO  impl.FollowerState (FollowerState.java:run(108)) - e3fb79a3-1f86-42af-a80c-c46d1acdbc29@group-7855C2F36E53-FollowerState: change to CANDIDATE, lastRpcTime:83ms, electionTimeout:83ms
2019-11-04 16:02:17,051 [Thread-1087] INFO  impl.RoleInfo (RoleInfo.java:shutdownFollowerState(121)) - e3fb79a3-1f86-42af-a80c-c46d1acdbc29: shutdown FollowerState
2019-11-04 16:02:17,051 [Thread-1087] INFO  impl.RaftServerImpl (RaftServerImpl.java:setRole(184)) - e3fb79a3-1f86-42af-a80c-c46d1acdbc29@group-7855C2F36E53: changes role from  FOLLOWER to CANDIDATE at term 139 for changeToCandidate
2019-11-04 16:02:17,052 [Thread-1087] INFO  impl.RoleInfo (RoleInfo.java:updateAndGet(143)) - e3fb79a3-1f86-42af-a80c-c46d1acdbc29: start LeaderElection
2019-11-04 16:02:17,078 [e3fb79a3-1f86-42af-a80c-c46d1acdbc29@group-7855C2F36E53-LeaderElection135] INFO  impl.LeaderElection (LeaderElection.java:askForVotes(178)) - e3fb79a3-1f86-42af-a80c-c46d1acdbc29@group-7855C2F36E53-LeaderElection135: begin an election at term 140 for -1: [e3fb79a3-1f86-42af-a80c-c46d1acdbc29:192.168.157.194:44142, 81ff859e-e76f-43f5-951a-4a38422068cb:192.168.157.194:46532, a9143d84-6d7f-497d-b770-eb75585db3c7:192.168.157.194:42126], old=null
2019-11-04 16:02:17,081 [grpc-default-executor-0] INFO  impl.RaftServerImpl (RaftServerImpl.java:setRole(184)) - 81ff859e-e76f-43f5-951a-4a38422068cb@group-7855C2F36E53: changes role from  FOLLOWER to FOLLOWER at term 140 for recognizeCandidate:e3fb79a3-1f86-42af-a80c-c46d1acdbc29
2019-11-04 16:02:17,081 [grpc-default-executor-5] INFO  impl.RaftServerImpl (RaftServerImpl.java:setRole(184)) - a9143d84-6d7f-497d-b770-eb75585db3c7@group-7855C2F36E53: changes role from  FOLLOWER to FOLLOWER at term 140 for recognizeCandidate:e3fb79a3-1f86-42af-a80c-c46d1acdbc29
2019-11-04 16:02:17,081 [grpc-default-executor-0] INFO  impl.RoleInfo (RoleInfo.java:shutdownFollowerState(121)) - 81ff859e-e76f-43f5-951a-4a38422068cb: shutdown FollowerState
2019-11-04 16:02:17,081 [grpc-default-executor-5] INFO  impl.RoleInfo (RoleInfo.java:shutdownFollowerState(121)) - a9143d84-6d7f-497d-b770-eb75585db3c7: shutdown FollowerState
2019-11-04 16:02:17,082 [Thread-1086] INFO  impl.FollowerState (FollowerState.java:run(117)) - 81ff859e-e76f-43f5-951a-4a38422068cb@group-7855C2F36E53-FollowerState was interrupted: java.lang.InterruptedException: sleep interrupted
2019-11-04 16:02:17,082 [grpc-default-executor-0] INFO  impl.RoleInfo (RoleInfo.java:updateAndGet(143)) - 81ff859e-e76f-43f5-951a-4a38422068cb: start FollowerState
2019-11-04 16:02:17,082 [Thread-1085] INFO  impl.FollowerState (FollowerState.java:run(117)) - a9143d84-6d7f-497d-b770-eb75585db3c7@group-7855C2F36E53-FollowerState was interrupted: java.lang.InterruptedException: sleep interrupted
2019-11-04 16:02:17,082 [grpc-default-executor-5] INFO  impl.RoleInfo (RoleInfo.java:updateAndGet(143)) - a9143d84-6d7f-497d-b770-eb75585db3c7: start FollowerState
2019-11-04 16:02:17,109 [e3fb79a3-1f86-42af-a80c-c46d1acdbc29@group-7855C2F36E53-LeaderElection135] INFO  impl.LeaderElection (LeaderElection.java:logAndReturn(56)) - e3fb79a3-1f86-42af-a80c-c46d1acdbc29@group-7855C2F36E53-LeaderElection135: Election REJECTED; received 2 response(s) [e3fb79a3-1f86-42af-a80c-c46d1acdbc29<-81ff859e-e76f-43f5-951a-4a38422068cb#0:FAIL-t140, e3fb79a3-1f86-42af-a80c-c46d1acdbc29<-a9143d84-6d7f-497d-b770-eb75585db3c7#0:FAIL-t140] and 0 exception(s); e3fb79a3-1f86-42af-a80c-c46d1acdbc29@group-7855C2F36E53:t140, leader=null, voted=e3fb79a3-1f86-42af-a80c-c46d1acdbc29, raftlog=e3fb79a3-1f86-42af-a80c-c46d1acdbc29@group-7855C2F36E53-SegmentedRaftLog:OPENED:c-1,f-1,i0, conf=-1: [e3fb79a3-1f86-42af-a80c-c46d1acdbc29:192.168.157.194:44142, 81ff859e-e76f-43f5-951a-4a38422068cb:192.168.157.194:46532, a9143d84-6d7f-497d-b770-eb75585db3c7:192.168.157.194:42126], old=null
2019-11-04 16:02:17,109 [e3fb79a3-1f86-42af-a80c-c46d1acdbc29@group-7855C2F36E53-LeaderElection135] INFO  impl.RaftServerImpl (RaftServerImpl.java:setRole(184)) - e3fb79a3-1f86-42af-a80c-c46d1acdbc29@group-7855C2F36E53: changes role from CANDIDATE to FOLLOWER at term 140 for DISCOVERED_A_NEW_TERM
2019-11-04 16:02:17,110 [e3fb79a3-1f86-42af-a80c-c46d1acdbc29@group-7855C2F36E53-LeaderElection135] INFO  impl.RoleInfo (RoleInfo.java:shutdownLeaderElection(134)) - e3fb79a3-1f86-42af-a80c-c46d1acdbc29: shutdown LeaderElection
2019-11-04 16:02:17,110 [e3fb79a3-1f86-42af-a80c-c46d1acdbc29@group-7855C2F36E53-LeaderElection135] INFO  impl.RoleInfo (RoleInfo.java:updateAndGet(143)) - e3fb79a3-1f86-42af-a80c-c46d1acdbc29: start FollowerState
2019-11-04 16:02:17,170 [Thread-1095] INFO  impl.FollowerState (FollowerState.java:run(108)) - e3fb79a3-1f86-42af-a80c-c46d1acdbc29@group-7855C2F36E53-FollowerState: change to CANDIDATE, lastRpcTime:60ms, electionTimeout:60ms
2019-11-04 16:02:17,171 [Thread-1095] INFO  impl.RoleInfo (RoleInfo.java:shutdownFollowerState(121)) - e3fb79a3-1f86-42af-a80c-c46d1acdbc29: shutdown FollowerState
2019-11-04 16:02:17,171 [Thread-1095] INFO  impl.RaftServerImpl (RaftServerImpl.java:setRole(184)) - e3fb79a3-1f86-42af-a80c-c46d1acdbc29@group-7855C2F36E53: changes role from  FOLLOWER to CANDIDATE at term 140 for changeToCandidate
2019-11-04 16:02:17,171 [Thread-1095] INFO  impl.RoleInfo (RoleInfo.java:updateAndGet(143)) - e3fb79a3-1f86-42af-a80c-c46d1acdbc29: start LeaderElection
2019-11-04 16:02:17,185 [e3fb79a3-1f86-42af-a80c-c46d1acdbc29@group-7855C2F36E53-LeaderElection136] INFO  impl.LeaderElection (LeaderElection.java:askForVotes(178)) - e3fb79a3-1f86-42af-a80c-c46d1acdbc29@group-7855C2F36E53-LeaderElection136: begin an election at term 141 for -1: [e3fb79a3-1f86-42af-a80c-c46d1acdbc29:192.168.157.194:44142, 81ff859e-e76f-43f5-951a-4a38422068cb:192.168.157.194:46532, a9143d84-6d7f-497d-b770-eb75585db3c7:192.168.157.194:42126], old=null
2019-11-04 16:02:17,188 [grpc-default-executor-0] INFO  impl.RaftServerImpl (RaftServerImpl.java:setRole(184)) - 81ff859e-e76f-43f5-951a-4a38422068cb@group-7855C2F36E53: changes role from  FOLLOWER to FOLLOWER at term 141 for recognizeCandidate:e3fb79a3-1f86-42af-a80c-c46d1acdbc29
2019-11-04 16:02:17,188 [grpc-default-executor-5] INFO  impl.RaftServerImpl (RaftServerImpl.java:setRole(184)) - a9143d84-6d7f-497d-b770-eb75585db3c7@group-7855C2F36E53: changes role from  FOLLOWER to FOLLOWER at term 141 for recognizeCandidate:e3fb79a3-1f86-42af-a80c-c46d1acdbc29
2019-11-04 16:02:17,188 [grpc-default-executor-0] INFO  impl.RoleInfo (RoleInfo.java:shutdownFollowerState(121)) - 81ff859e-e76f-43f5-951a-4a38422068cb: shutdown FollowerState
2019-11-04 16:02:17,188 [grpc-default-executor-5] INFO  impl.RoleInfo (RoleInfo.java:shutdownFollowerState(121)) - a9143d84-6d7f-497d-b770-eb75585db3c7: shutdown FollowerState
2019-11-04 16:02:17,188 [grpc-default-executor-0] INFO  impl.RoleInfo (RoleInfo.java:updateAndGet(143)) - 81ff859e-e76f-43f5-951a-4a38422068cb: start FollowerState
2019-11-04 16:02:17,189 [grpc-default-executor-5] INFO  impl.RoleInfo (RoleInfo.java:updateAndGet(143)) - a9143d84-6d7f-497d-b770-eb75585db3c7: start FollowerState
2019-11-04 16:02:17,188 [Thread-1093] INFO  impl.FollowerState (FollowerState.java:run(117)) - 81ff859e-e76f-43f5-951a-4a38422068cb@group-7855C2F36E53-FollowerState was interrupted: java.lang.InterruptedException: sleep interrupted
2019-11-04 16:02:17,189 [Thread-1094] INFO  impl.FollowerState (FollowerState.java:run(117)) - a9143d84-6d7f-497d-b770-eb75585db3c7@group-7855C2F36E53-FollowerState was interrupted: java.lang.InterruptedException: sleep interrupted
2019-11-04 16:02:17,197 [e3fb79a3-1f86-42af-a80c-c46d1acdbc29@group-7855C2F36E53-LeaderElection136] INFO  impl.LeaderElection (LeaderElection.java:logAndReturn(56)) - e3fb79a3-1f86-42af-a80c-c46d1acdbc29@group-7855C2F36E53-LeaderElection136: Election TIMEOUT; received 0 response(s) [] and 0 exception(s); e3fb79a3-1f86-42af-a80c-c46d1acdbc29@group-7855C2F36E53:t141, leader=null, voted=e3fb79a3-1f86-42af-a80c-c46d1acdbc29, raftlog=e3fb79a3-1f86-42af-a80c-c46d1acdbc29@group-7855C2F36E53-SegmentedRaftLog:OPENED:c-1,f-1,i0, conf=-1: [e3fb79a3-1f86-42af-a80c-c46d1acdbc29:192.168.157.194:44142, 81ff859e-e76f-43f5-951a-4a38422068cb:192.168.157.194:46532, a9143d84-6d7f-497d-b770-eb75585db3c7:192.168.157.194:42126], old=null
2019-11-04 16:02:17,202 [e3fb79a3-1f86-42af-a80c-c46d1acdbc29@group-7855C2F36E53-LeaderElection136] INFO  impl.LeaderElection (LeaderElection.java:askForVotes(178)) - e3fb79a3-1f86-42af-a80c-c46d1acdbc29@group-7855C2F36E53-LeaderElection136: begin an election at term 142 for -1: [e3fb79a3-1f86-42af-a80c-c46d1acdbc29:192.168.157.194:44142, 81ff859e-e76f-43f5-951a-4a38422068cb:192.168.157.194:46532, a9143d84-6d7f-497d-b770-eb75585db3c7:192.168.157.194:42126], old=null
2019-11-04 16:02:17,204 [grpc-default-executor-0] INFO  impl.RaftServerImpl (RaftServerImpl.java:setRole(184)) - 81ff859e-e76f-43f5-951a-4a38422068cb@group-7855C2F36E53: changes role from  FOLLOWER to FOLLOWER at term 142 for recognizeCandidate:e3fb79a3-1f86-42af-a80c-c46d1acdbc29
2019-11-04 16:02:17,204 [grpc-default-executor-0] INFO  impl.RoleInfo (RoleInfo.java:shutdownFollowerState(121)) - 81ff859e-e76f-43f5-951a-4a38422068cb: shutdown FollowerState
2019-11-04 16:02:17,204 [grpc-default-executor-0] INFO  impl.RoleInfo (RoleInfo.java:updateAndGet(143)) - 81ff859e-e76f-43f5-951a-4a38422068cb: start FollowerState
2019-11-04 16:02:17,204 [Thread-1099] INFO  impl.FollowerState (FollowerState.java:run(117)) - 81ff859e-e76f-43f5-951a-4a38422068cb@group-7855C2F36E53-FollowerState was interrupted: java.lang.InterruptedException: sleep interrupted
2019-11-04 16:02:17,205 [grpc-default-executor-5] INFO  impl.RaftServerImpl (RaftServerImpl.java:setRole(184)) - a9143d84-6d7f-497d-b770-eb75585db3c7@group-7855C2F36E53: changes role from  FOLLOWER to FOLLOWER at term 142 for recognizeCandidate:e3fb79a3-1f86-42af-a80c-c46d1acdbc29
2019-11-04 16:02:17,205 [grpc-default-executor-5] INFO  impl.RoleInfo (RoleInfo.java:shutdownFollowerState(121)) - a9143d84-6d7f-497d-b770-eb75585db3c7: shutdown FollowerState
2019-11-04 16:02:17,205 [grpc-default-executor-5] INFO  impl.RoleInfo (RoleInfo.java:updateAndGet(143)) - a9143d84-6d7f-497d-b770-eb75585db3c7: start FollowerState
2019-11-04 16:02:17,205 [Thread-1100] INFO  impl.FollowerState (FollowerState.java:run(117)) - a9143d84-6d7f-497d-b770-eb75585db3c7@group-7855C2F36E53-FollowerState was interrupted: java.lang.InterruptedException: sleep interrupted
2019-11-04 16:02:17,231 [e3fb79a3-1f86-42af-a80c-c46d1acdbc29@group-7855C2F36E53-LeaderElection136] INFO  impl.LeaderElection (LeaderElection.java:logAndReturn(56)) - e3fb79a3-1f86-42af-a80c-c46d1acdbc29@group-7855C2F36E53-LeaderElection136: Election REJECTED; received 2 response(s) [e3fb79a3-1f86-42af-a80c-c46d1acdbc29<-81ff859e-e76f-43f5-951a-4a38422068cb#0:FAIL-t142, e3fb79a3-1f86-42af-a80c-c46d1acdbc29<-a9143d84-6d7f-497d-b770-eb75585db3c7#0:FAIL-t142] and 0 exception(s); e3fb79a3-1f86-42af-a80c-c46d1acdbc29@group-7855C2F36E53:t142, leader=null, voted=e3fb79a3-1f86-42af-a80c-c46d1acdbc29, raftlog=e3fb79a3-1f86-42af-a80c-c46d1acdbc29@group-7855C2F36E53-SegmentedRaftLog:OPENED:c-1,f-1,i0, conf=-1: [e3fb79a3-1f86-42af-a80c-c46d1acdbc29:192.168.157.194:44142, 81ff859e-e76f-43f5-951a-4a38422068cb:192.168.157.194:46532, a9143d84-6d7f-497d-b770-eb75585db3c7:192.168.157.194:42126], old=null
2019-11-04 16:02:17,231 [e3fb79a3-1f86-42af-a80c-c46d1acdbc29@group-7855C2F36E53-LeaderElection136] INFO  impl.RaftServerImpl (RaftServerImpl.java:setRole(184)) - e3fb79a3-1f86-42af-a80c-c46d1acdbc29@group-7855C2F36E53: changes role from CANDIDATE to FOLLOWER at term 142 for DISCOVERED_A_NEW_TERM
2019-11-04 16:02:17,231 [e3fb79a3-1f86-42af-a80c-c46d1acdbc29@group-7855C2F36E53-LeaderElection136] INFO  impl.RoleInfo (RoleInfo.java:shutdownLeaderElection(134)) - e3fb79a3-1f86-42af-a80c-c46d1acdbc29: shutdown LeaderElection
2019-11-04 16:02:17,232 [e3fb79a3-1f86-42af-a80c-c46d1acdbc29@group-7855C2F36E53-LeaderElection136] INFO  impl.RoleInfo (RoleInfo.java:updateAndGet(143)) - e3fb79a3-1f86-42af-a80c-c46d1acdbc29: start FollowerState
2019-11-04 16:02:17,413 [Thread-1105] INFO  impl.FollowerState (FollowerState.java:run(108)) - e3fb79a3-1f86-42af-a80c-c46d1acdbc29@group-7855C2F36E53-FollowerState: change to CANDIDATE, lastRpcTime:181ms, electionTimeout:181ms
2019-11-04 16:02:17,413 [Thread-1105] INFO  impl.RoleInfo (RoleInfo.java:shutdownFollowerState(121)) - e3fb79a3-1f86-42af-a80c-c46d1acdbc29: shutdown FollowerState
2019-11-04 16:02:17,414 [Thread-1105] INFO  impl.RaftServerImpl (RaftServerImpl.java:setRole(184)) - e3fb79a3-1f86-42af-a80c-c46d1acdbc29@group-7855C2F36E53: changes role from  FOLLOWER to CANDIDATE at term 142 for changeToCandidate
2019-11-04 16:02:17,414 [Thread-1105] INFO  impl.RoleInfo (RoleInfo.java:updateAndGet(143)) - e3fb79a3-1f86-42af-a80c-c46d1acdbc29: start LeaderElection
2019-11-04 16:02:17,428 [e3fb79a3-1f86-42af-a80c-c46d1acdbc29@group-7855C2F36E53-LeaderElection137] INFO  impl.LeaderElection (LeaderElection.java:askForVotes(178)) - e3fb79a3-1f86-42af-a80c-c46d1acdbc29@group-7855C2F36E53-LeaderElection137: begin an election at term 143 for -1: [e3fb79a3-1f86-42af-a80c-c46d1acdbc29:192.168.157.194:44142, 81ff859e-e76f-43f5-951a-4a38422068cb:192.168.157.194:46532, a9143d84-6d7f-497d-b770-eb75585db3c7:192.168.157.194:42126], old=null
2019-11-04 16:02:17,430 [grpc-default-executor-5] INFO  impl.RaftServerImpl (RaftServerImpl.java:setRole(184)) - 81ff859e-e76f-43f5-951a-4a38422068cb@group-7855C2F36E53: changes role from  FOLLOWER to FOLLOWER at term 143 for recognizeCandidate:e3fb79a3-1f86-42af-a80c-c46d1acdbc29
2019-11-04 16:02:17,430 [grpc-default-executor-0] INFO  impl.RaftServerImpl (RaftServerImpl.java:setRole(184)) - a9143d84-6d7f-497d-b770-eb75585db3c7@group-7855C2F36E53: changes role from  FOLLOWER to FOLLOWER at term 143 for recognizeCandidate:e3fb79a3-1f86-42af-a80c-c46d1acdbc29
2019-11-04 16:02:17,431 [grpc-default-executor-5] INFO  impl.RoleInfo (RoleInfo.java:shutdownFollowerState(121)) - 81ff859e-e76f-43f5-951a-4a38422068cb: shutdown FollowerState
2019-11-04 16:02:17,431 [grpc-default-executor-0] INFO  impl.RoleInfo (RoleInfo.java:shutdownFollowerState(121)) - a9143d84-6d7f-497d-b770-eb75585db3c7: shutdown FollowerState
2019-11-04 16:02:17,431 [grpc-default-executor-5] INFO  impl.RoleInfo (RoleInfo.java:updateAndGet(143)) - 81ff859e-e76f-43f5-951a-4a38422068cb: start FollowerState
2019-11-04 16:02:17,431 [grpc-default-executor-0] INFO  impl.RoleInfo (RoleInfo.java:updateAndGet(143)) - a9143d84-6d7f-497d-b770-eb75585db3c7: start FollowerState
2019-11-04 16:02:17,431 [Thread-1103] INFO  impl.FollowerState (FollowerState.java:run(117)) - 81ff859e-e76f-43f5-951a-4a38422068cb@group-7855C2F36E53-FollowerState was interrupted: java.lang.InterruptedException: sleep interrupted
2019-11-04 16:02:17,431 [Thread-1104] INFO  impl.FollowerState (FollowerState.java:run(117)) - a9143d84-6d7f-497d-b770-eb75585db3c7@group-7855C2F36E53-FollowerState was interrupted: java.lang.InterruptedException: sleep interrupted
2019-11-04 16:02:17,458 [e3fb79a3-1f86-42af-a80c-c46d1acdbc29@group-7855C2F36E53-LeaderElection137] INFO  impl.LeaderElection (LeaderElection.java:logAndReturn(56)) - e3fb79a3-1f86-42af-a80c-c46d1acdbc29@group-7855C2F36E53-LeaderElection137: Election REJECTED; received 2 response(s) [e3fb79a3-1f86-42af-a80c-c46d1acdbc29<-81ff859e-e76f-43f5-951a-4a38422068cb#0:FAIL-t143, e3fb79a3-1f86-42af-a80c-c46d1acdbc29<-a9143d84-6d7f-497d-b770-eb75585db3c7#0:FAIL-t143] and 0 exception(s); e3fb79a3-1f86-42af-a80c-c46d1acdbc29@group-7855C2F36E53:t143, leader=null, voted=e3fb79a3-1f86-42af-a80c-c46d1acdbc29, raftlog=e3fb79a3-1f86-42af-a80c-c46d1acdbc29@group-7855C2F36E53-SegmentedRaftLog:OPENED:c-1,f-1,i0, conf=-1: [e3fb79a3-1f86-42af-a80c-c46d1acdbc29:192.168.157.194:44142, 81ff859e-e76f-43f5-951a-4a38422068cb:192.168.157.194:46532, a9143d84-6d7f-497d-b770-eb75585db3c7:192.168.157.194:42126], old=null
2019-11-04 16:02:17,458 [e3fb79a3-1f86-42af-a80c-c46d1acdbc29@group-7855C2F36E53-LeaderElection137] INFO  impl.RaftServerImpl (RaftServerImpl.java:setRole(184)) - e3fb79a3-1f86-42af-a80c-c46d1acdbc29@group-7855C2F36E53: changes role from CANDIDATE to FOLLOWER at term 143 for DISCOVERED_A_NEW_TERM
2019-11-04 16:02:17,458 [e3fb79a3-1f86-42af-a80c-c46d1acdbc29@group-7855C2F36E53-LeaderElection137] INFO  impl.RoleInfo (RoleInfo.java:shutdownLeaderElection(134)) - e3fb79a3-1f86-42af-a80c-c46d1acdbc29: shutdown LeaderElection
2019-11-04 16:02:17,459 [e3fb79a3-1f86-42af-a80c-c46d1acdbc29@group-7855C2F36E53-LeaderElection137] INFO  impl.RoleInfo (RoleInfo.java:updateAndGet(143)) - e3fb79a3-1f86-42af-a80c-c46d1acdbc29: start FollowerState
2019-11-04 16:02:17,487 [Thread-1111] INFO  impl.FollowerState (FollowerState.java:run(108)) - e3fb79a3-1f86-42af-a80c-c46d1acdbc29@group-7855C2F36E53-FollowerState: change to CANDIDATE, lastRpcTime:28ms, electionTimeout:28ms
2019-11-04 16:02:17,487 [Thread-1111] INFO  impl.RoleInfo (RoleInfo.java:shutdownFollowerState(121)) - e3fb79a3-1f86-42af-a80c-c46d1acdbc29: shutdown FollowerState
2019-11-04 16:02:17,488 [Thread-1111] INFO  impl.RaftServerImpl (RaftServerImpl.java:setRole(184)) - e3fb79a3-1f86-42af-a80c-c46d1acdbc29@group-7855C2F36E53: changes role from  FOLLOWER to CANDIDATE at term 143 for changeToCandidate
2019-11-04 16:02:17,488 [Thread-1111] INFO  impl.RoleInfo (RoleInfo.java:updateAndGet(143)) - e3fb79a3-1f86-42af-a80c-c46d1acdbc29: start LeaderElection
2019-11-04 16:02:17,513 [e3fb79a3-1f86-42af-a80c-c46d1acdbc29@group-7855C2F36E53-LeaderElection138] INFO  impl.LeaderElection (LeaderElection.java:askForVotes(178)) - e3fb79a3-1f86-42af-a80c-c46d1acdbc29@group-7855C2F36E53-LeaderElection138: begin an election at term 144 for -1: [e3fb79a3-1f86-42af-a80c-c46d1acdbc29:192.168.157.194:44142, 81ff859e-e76f-43f5-951a-4a38422068cb:192.168.157.194:46532, a9143d84-6d7f-497d-b770-eb75585db3c7:192.168.157.194:42126], old=null
2019-11-04 16:02:17,515 [grpc-default-executor-5] INFO  impl.RaftServerImpl (RaftServerImpl.java:setRole(184)) - 81ff859e-e76f-43f5-951a-4a38422068cb@group-7855C2F36E53: changes role from  FOLLOWER to FOLLOWER at term 144 for recognizeCandidate:e3fb79a3-1f86-42af-a80c-c46d1acdbc29
2019-11-04 16:02:17,515 [grpc-default-executor-0] INFO  impl.RaftServerImpl (RaftServerImpl.java:setRole(184)) - a9143d84-6d7f-497d-b770-eb75585db3c7@group-7855C2F36E53: changes role from  FOLLOWER to FOLLOWER at term 144 for recognizeCandidate:e3fb79a3-1f86-42af-a80c-c46d1acdbc29
2019-11-04 16:02:17,516 [grpc-default-executor-5] INFO  impl.RoleInfo (RoleInfo.java:shutdownFollowerState(121)) - 81ff859e-e76f-43f5-951a-4a38422068cb: shutdown FollowerState
2019-11-04 16:02:17,516 [grpc-default-executor-0] INFO  impl.RoleInfo (RoleInfo.java:shutdownFollowerState(121)) - a9143d84-6d7f-497d-b770-eb75585db3c7: shutdown FollowerState
2019-11-04 16:02:17,516 [grpc-default-executor-5] INFO  impl.RoleInfo (RoleInfo.java:updateAndGet(143)) - 81ff859e-e76f-43f5-951a-4a38422068cb: start FollowerState
2019-11-04 16:02:17,516 [Thread-1109] INFO  impl.FollowerState (FollowerState.java:run(117)) - 81ff859e-e76f-43f5-951a-4a38422068cb@group-7855C2F36E53-FollowerState was interrupted: java.lang.InterruptedException: sleep interrupted
2019-11-04 16:02:17,516 [grpc-default-executor-0] INFO  impl.RoleInfo (RoleInfo.java:updateAndGet(143)) - a9143d84-6d7f-497d-b770-eb75585db3c7: start FollowerState
2019-11-04 16:02:17,516 [Thread-1110] INFO  impl.FollowerState (FollowerState.java:run(117)) - a9143d84-6d7f-497d-b770-eb75585db3c7@group-7855C2F36E53-FollowerState was interrupted: java.lang.InterruptedException: sleep interrupted
2019-11-04 16:02:17,545 [e3fb79a3-1f86-42af-a80c-c46d1acdbc29@group-7855C2F36E53-LeaderElection138] INFO  impl.LeaderElection (LeaderElection.java:logAndReturn(56)) - e3fb79a3-1f86-42af-a80c-c46d1acdbc29@group-7855C2F36E53-LeaderElection138: Election REJECTED; received 2 response(s) [e3fb79a3-1f86-42af-a80c-c46d1acdbc29<-81ff859e-e76f-43f5-951a-4a38422068cb#0:FAIL-t144, e3fb79a3-1f86-42af-a80c-c46d1acdbc29<-a9143d84-6d7f-497d-b770-eb75585db3c7#0:FAIL-t144] and 0 exception(s); e3fb79a3-1f86-42af-a80c-c46d1acdbc29@group-7855C2F36E53:t144, leader=null, voted=e3fb79a3-1f86-42af-a80c-c46d1acdbc29, raftlog=e3fb79a3-1f86-42af-a80c-c46d1acdbc29@group-7855C2F36E53-SegmentedRaftLog:OPENED:c-1,f-1,i0, conf=-1: [e3fb79a3-1f86-42af-a80c-c46d1acdbc29:192.168.157.194:44142, 81ff859e-e76f-43f5-951a-4a38422068cb:192.168.157.194:46532, a9143d84-6d7f-497d-b770-eb75585db3c7:192.168.157.194:42126], old=null
2019-11-04 16:02:17,546 [e3fb79a3-1f86-42af-a80c-c46d1acdbc29@group-7855C2F36E53-LeaderElection138] INFO  impl.RaftServerImpl (RaftServerImpl.java:setRole(184)) - e3fb79a3-1f86-42af-a80c-c46d1acdbc29@group-7855C2F36E53: changes role from CANDIDATE to FOLLOWER at term 144 for DISCOVERED_A_NEW_TERM
2019-11-04 16:02:17,546 [e3fb79a3-1f86-42af-a80c-c46d1acdbc29@group-7855C2F36E53-LeaderElection138] INFO  impl.RoleInfo (RoleInfo.java:shutdownLeaderElection(134)) - e3fb79a3-1f86-42af-a80c-c46d1acdbc29: shutdown LeaderElection
2019-11-04 16:02:17,546 [e3fb79a3-1f86-42af-a80c-c46d1acdbc29@group-7855C2F36E53-LeaderElection138] INFO  impl.RoleInfo (RoleInfo.java:updateAndGet(143)) - e3fb79a3-1f86-42af-a80c-c46d1acdbc29: start FollowerState
2019-11-04 16:02:17,687 [Thread-1117] INFO  impl.FollowerState (FollowerState.java:run(108)) - e3fb79a3-1f86-42af-a80c-c46d1acdbc29@group-7855C2F36E53-FollowerState: change to CANDIDATE, lastRpcTime:141ms, electionTimeout:141ms
2019-11-04 16:02:17,688 [Thread-1117] INFO  impl.RoleInfo (RoleInfo.java:shutdownFollowerState(121)) - e3fb79a3-1f86-42af-a80c-c46d1acdbc29: shutdown FollowerState
2019-11-04 16:02:17,688 [Thread-1117] INFO  impl.RaftServerImpl (RaftServerImpl.java:setRole(184)) - e3fb79a3-1f86-42af-a80c-c46d1acdbc29@group-7855C2F36E53: changes role from  FOLLOWER to CANDIDATE at term 144 for changeToCandidate
2019-11-04 16:02:17,688 [Thread-1117] INFO  impl.RoleInfo (RoleInfo.java:updateAndGet(143)) - e3fb79a3-1f86-42af-a80c-c46d1acdbc29: start LeaderElection
2019-11-04 16:02:17,702 [e3fb79a3-1f86-42af-a80c-c46d1acdbc29@group-7855C2F36E53-LeaderElection139] INFO  impl.LeaderElection (LeaderElection.java:askForVotes(178)) - e3fb79a3-1f86-42af-a80c-c46d1acdbc29@group-7855C2F36E53-LeaderElection139: begin an election at term 145 for -1: [e3fb79a3-1f86-42af-a80c-c46d1acdbc29:192.168.157.194:44142, 81ff859e-e76f-43f5-951a-4a38422068cb:192.168.157.194:46532, a9143d84-6d7f-497d-b770-eb75585db3c7:192.168.157.194:42126], old=null
2019-11-04 16:02:17,705 [grpc-default-executor-5] INFO  impl.RaftServerImpl (RaftServerImpl.java:setRole(184)) - 81ff859e-e76f-43f5-951a-4a38422068cb@group-7855C2F36E53: changes role from  FOLLOWER to FOLLOWER at term 145 for recognizeCandidate:e3fb79a3-1f86-42af-a80c-c46d1acdbc29
2019-11-04 16:02:17,706 [grpc-default-executor-5] INFO  impl.RoleInfo (RoleInfo.java:shutdownFollowerState(121)) - 81ff859e-e76f-43f5-951a-4a38422068cb: shutdown FollowerState
2019-11-04 16:02:17,706 [grpc-default-executor-0] INFO  impl.RaftServerImpl (RaftServerImpl.java:setRole(184)) - a9143d84-6d7f-497d-b770-eb75585db3c7@group-7855C2F36E53: changes role from  FOLLOWER to FOLLOWER at term 145 for recognizeCandidate:e3fb79a3-1f86-42af-a80c-c46d1acdbc29
2019-11-04 16:02:17,706 [grpc-default-executor-5] INFO  impl.RoleInfo (RoleInfo.java:updateAndGet(143)) - 81ff859e-e76f-43f5-951a-4a38422068cb: start FollowerState
2019-11-04 16:02:17,706 [Thread-1115] INFO  impl.FollowerState (FollowerState.java:run(117)) - 81ff859e-e76f-43f5-951a-4a38422068cb@group-7855C2F36E53-FollowerState was interrupted: java.lang.InterruptedException: sleep interrupted
2019-11-04 16:02:17,706 [grpc-default-executor-0] INFO  impl.RoleInfo (RoleInfo.java:shutdownFollowerState(121)) - a9143d84-6d7f-497d-b770-eb75585db3c7: shutdown FollowerState
2019-11-04 16:02:17,706 [grpc-default-executor-0] INFO  impl.RoleInfo (RoleInfo.java:updateAndGet(143)) - a9143d84-6d7f-497d-b770-eb75585db3c7: start FollowerState
2019-11-04 16:02:17,706 [Thread-1116] INFO  impl.FollowerState (FollowerState.java:run(117)) - a9143d84-6d7f-497d-b770-eb75585db3c7@group-7855C2F36E53-FollowerState was interrupted: java.lang.InterruptedException: sleep interrupted
2019-11-04 16:02:17,721 [e3fb79a3-1f86-42af-a80c-c46d1acdbc29@group-7855C2F36E53-LeaderElection139] INFO  impl.LeaderElection (LeaderElection.java:logAndReturn(56)) - e3fb79a3-1f86-42af-a80c-c46d1acdbc29@group-7855C2F36E53-LeaderElection139: Election REJECTED; received 2 response(s) [e3fb79a3-1f86-42af-a80c-c46d1acdbc29<-81ff859e-e76f-43f5-951a-4a38422068cb#0:FAIL-t145, e3fb79a3-1f86-42af-a80c-c46d1acdbc29<-a9143d84-6d7f-497d-b770-eb75585db3c7#0:FAIL-t145] and 0 exception(s); e3fb79a3-1f86-42af-a80c-c46d1acdbc29@group-7855C2F36E53:t145, leader=null, voted=e3fb79a3-1f86-42af-a80c-c46d1acdbc29, raftlog=e3fb79a3-1f86-42af-a80c-c46d1acdbc29@group-7855C2F36E53-SegmentedRaftLog:OPENED:c-1,f-1,i0, conf=-1: [e3fb79a3-1f86-42af-a80c-c46d1acdbc29:192.168.157.194:44142, 81ff859e-e76f-43f5-951a-4a38422068cb:192.168.157.194:46532, a9143d84-6d7f-497d-b770-eb75585db3c7:192.168.157.194:42126], old=null
2019-11-04 16:02:17,721 [e3fb79a3-1f86-42af-a80c-c46d1acdbc29@group-7855C2F36E53-LeaderElection139] INFO  impl.RaftServerImpl (RaftServerImpl.java:setRole(184)) - e3fb79a3-1f86-42af-a80c-c46d1acdbc29@group-7855C2F36E53: changes role from CANDIDATE to FOLLOWER at term 145 for DISCOVERED_A_NEW_TERM
2019-11-04 16:02:17,722 [e3fb79a3-1f86-42af-a80c-c46d1acdbc29@group-7855C2F36E53-LeaderElection139] INFO  impl.RoleInfo (RoleInfo.java:shutdownLeaderElection(134)) - e3fb79a3-1f86-42af-a80c-c46d1acdbc29: shutdown LeaderElection
2019-11-04 16:02:17,722 [e3fb79a3-1f86-42af-a80c-c46d1acdbc29@group-7855C2F36E53-LeaderElection139] INFO  impl.RoleInfo (RoleInfo.java:updateAndGet(143)) - e3fb79a3-1f86-42af-a80c-c46d1acdbc29: start FollowerState
2019-11-04 16:02:17,816 [Thread-1123] INFO  impl.FollowerState (FollowerState.java:run(108)) - e3fb79a3-1f86-42af-a80c-c46d1acdbc29@group-7855C2F36E53-FollowerState: change to CANDIDATE, lastRpcTime:94ms, electionTimeout:94ms
2019-11-04 16:02:17,817 [Thread-1123] INFO  impl.RoleInfo (RoleInfo.java:shutdownFollowerState(121)) - e3fb79a3-1f86-42af-a80c-c46d1acdbc29: shutdown FollowerState
2019-11-04 16:02:17,817 [Thread-1123] INFO  impl.RaftServerImpl (RaftServerImpl.java:setRole(184)) - e3fb79a3-1f86-42af-a80c-c46d1acdbc29@group-7855C2F36E53: changes role from  FOLLOWER to CANDIDATE at term 145 for changeToCandidate
2019-11-04 16:02:17,817 [Thread-1123] INFO  impl.RoleInfo (RoleInfo.java:updateAndGet(143)) - e3fb79a3-1f86-42af-a80c-c46d1acdbc29: start LeaderElection
2019-11-04 16:02:17,835 [e3fb79a3-1f86-42af-a80c-c46d1acdbc29@group-7855C2F36E53-LeaderElection140] INFO  impl.LeaderElection (LeaderElection.java:askForVotes(178)) - e3fb79a3-1f86-42af-a80c-c46d1acdbc29@group-7855C2F36E53-LeaderElection140: begin an election at term 146 for -1: [e3fb79a3-1f86-42af-a80c-c46d1acdbc29:192.168.157.194:44142, 81ff859e-e76f-43f5-951a-4a38422068cb:192.168.157.194:46532, a9143d84-6d7f-497d-b770-eb75585db3c7:192.168.157.194:42126], old=null
2019-11-04 16:02:17,837 [grpc-default-executor-0] INFO  impl.RaftServerImpl (RaftServerImpl.java:setRole(184)) - 81ff859e-e76f-43f5-951a-4a38422068cb@group-7855C2F36E53: changes role from  FOLLOWER to FOLLOWER at term 146 for recognizeCandidate:e3fb79a3-1f86-42af-a80c-c46d1acdbc29
2019-11-04 16:02:17,837 [grpc-default-executor-5] INFO  impl.RaftServerImpl (RaftServerImpl.java:setRole(184)) - a9143d84-6d7f-497d-b770-eb75585db3c7@group-7855C2F36E53: changes role from  FOLLOWER to FOLLOWER at term 146 for recognizeCandidate:e3fb79a3-1f86-42af-a80c-c46d1acdbc29
2019-11-04 16:02:17,838 [grpc-default-executor-0] INFO  impl.RoleInfo (RoleInfo.java:shutdownFollowerState(121)) - 81ff859e-e76f-43f5-951a-4a38422068cb: shutdown FollowerState
2019-11-04 16:02:17,838 [grpc-default-executor-5] INFO  impl.RoleInfo (RoleInfo.java:shutdownFollowerState(121)) - a9143d84-6d7f-497d-b770-eb75585db3c7: shutdown FollowerState
2019-11-04 16:02:17,838 [grpc-default-executor-0] INFO  impl.RoleInfo (RoleInfo.java:updateAndGet(143)) - 81ff859e-e76f-43f5-951a-4a38422068cb: start FollowerState
2019-11-04 16:02:17,838 [Thread-1122] INFO  impl.FollowerState (FollowerState.java:run(117)) - a9143d84-6d7f-497d-b770-eb75585db3c7@group-7855C2F36E53-FollowerState was interrupted: java.lang.InterruptedException: sleep interrupted
2019-11-04 16:02:17,838 [grpc-default-executor-5] INFO  impl.RoleInfo (RoleInfo.java:updateAndGet(143)) - a9143d84-6d7f-497d-b770-eb75585db3c7: start FollowerState
2019-11-04 16:02:17,838 [Thread-1121] INFO  impl.FollowerState (FollowerState.java:run(117)) - 81ff859e-e76f-43f5-951a-4a38422068cb@group-7855C2F36E53-FollowerState was interrupted: java.lang.InterruptedException: sleep interrupted
2019-11-04 16:02:17,852 [e3fb79a3-1f86-42af-a80c-c46d1acdbc29@group-7855C2F36E53-LeaderElection140] INFO  impl.LeaderElection (LeaderElection.java:logAndReturn(56)) - e3fb79a3-1f86-42af-a80c-c46d1acdbc29@group-7855C2F36E53-LeaderElection140: Election REJECTED; received 2 response(s) [e3fb79a3-1f86-42af-a80c-c46d1acdbc29<-81ff859e-e76f-43f5-951a-4a38422068cb#0:FAIL-t146, e3fb79a3-1f86-42af-a80c-c46d1acdbc29<-a9143d84-6d7f-497d-b770-eb75585db3c7#0:FAIL-t146] and 0 exception(s); e3fb79a3-1f86-42af-a80c-c46d1acdbc29@group-7855C2F36E53:t146, leader=null, voted=e3fb79a3-1f86-42af-a80c-c46d1acdbc29, raftlog=e3fb79a3-1f86-42af-a80c-c46d1acdbc29@group-7855C2F36E53-SegmentedRaftLog:OPENED:c-1,f-1,i0, conf=-1: [e3fb79a3-1f86-42af-a80c-c46d1acdbc29:192.168.157.194:44142, 81ff859e-e76f-43f5-951a-4a38422068cb:192.168.157.194:46532, a9143d84-6d7f-497d-b770-eb75585db3c7:192.168.157.194:42126], old=null
2019-11-04 16:02:17,853 [e3fb79a3-1f86-42af-a80c-c46d1acdbc29@group-7855C2F36E53-LeaderElection140] INFO  impl.RaftServerImpl (RaftServerImpl.java:setRole(184)) - e3fb79a3-1f86-42af-a80c-c46d1acdbc29@group-7855C2F36E53: changes role from CANDIDATE to FOLLOWER at term 146 for DISCOVERED_A_NEW_TERM
2019-11-04 16:02:17,853 [e3fb79a3-1f86-42af-a80c-c46d1acdbc29@group-7855C2F36E53-LeaderElection140] INFO  impl.RoleInfo (RoleInfo.java:shutdownLeaderElection(134)) - e3fb79a3-1f86-42af-a80c-c46d1acdbc29: shutdown LeaderElection
2019-11-04 16:02:17,853 [e3fb79a3-1f86-42af-a80c-c46d1acdbc29@group-7855C2F36E53-LeaderElection140] INFO  impl.RoleInfo (RoleInfo.java:updateAndGet(143)) - e3fb79a3-1f86-42af-a80c-c46d1acdbc29: start FollowerState
2019-11-04 16:02:17,955 [Thread-1129] INFO  impl.FollowerState (FollowerState.java:run(108)) - e3fb79a3-1f86-42af-a80c-c46d1acdbc29@group-7855C2F36E53-FollowerState: change to CANDIDATE, lastRpcTime:101ms, electionTimeout:101ms
2019-11-04 16:02:17,955 [Thread-1129] INFO  impl.RoleInfo (RoleInfo.java:shutdownFollowerState(121)) - e3fb79a3-1f86-42af-a80c-c46d1acdbc29: shutdown FollowerState
2019-11-04 16:02:17,955 [Thread-1129] INFO  impl.RaftServerImpl (RaftServerImpl.java:setRole(184)) - e3fb79a3-1f86-42af-a80c-c46d1acdbc29@group-7855C2F36E53: changes role from  FOLLOWER to CANDIDATE at term 146 for changeToCandidate
2019-11-04 16:02:17,956 [Thread-1129] INFO  impl.RoleInfo (RoleInfo.java:updateAndGet(143)) - e3fb79a3-1f86-42af-a80c-c46d1acdbc29: start LeaderElection
2019-11-04 16:02:17,970 [e3fb79a3-1f86-42af-a80c-c46d1acdbc29@group-7855C2F36E53-LeaderElection141] INFO  impl.LeaderElection (LeaderElection.java:askForVotes(178)) - e3fb79a3-1f86-42af-a80c-c46d1acdbc29@group-7855C2F36E53-LeaderElection141: begin an election at term 147 for -1: [e3fb79a3-1f86-42af-a80c-c46d1acdbc29:192.168.157.194:44142, 81ff859e-e76f-43f5-951a-4a38422068cb:192.168.157.194:46532, a9143d84-6d7f-497d-b770-eb75585db3c7:192.168.157.194:42126], old=null
2019-11-04 16:02:17,974 [grpc-default-executor-0] INFO  impl.RaftServerImpl (RaftServerImpl.java:setRole(184)) - 81ff859e-e76f-43f5-951a-4a38422068cb@group-7855C2F36E53: changes role from  FOLLOWER to FOLLOWER at term 147 for recognizeCandidate:e3fb79a3-1f86-42af-a80c-c46d1acdbc29
2019-11-04 16:02:17,974 [grpc-default-executor-5] INFO  impl.RaftServerImpl (RaftServerImpl.java:setRole(184)) - a9143d84-6d7f-497d-b770-eb75585db3c7@group-7855C2F36E53: changes role from  FOLLOWER to FOLLOWER at term 147 for recognizeCandidate:e3fb79a3-1f86-42af-a80c-c46d1acdbc29
2019-11-04 16:02:17,975 [grpc-default-executor-5] INFO  impl.RoleInfo (RoleInfo.java:shutdownFollowerState(121)) - a9143d84-6d7f-497d-b770-eb75585db3c7: shutdown FollowerState
2019-11-04 16:02:17,975 [grpc-default-executor-0] INFO  impl.RoleInfo (RoleInfo.java:shutdownFollowerState(121)) - 81ff859e-e76f-43f5-951a-4a38422068cb: shutdown FollowerState
2019-11-04 16:02:17,975 [Thread-1128] INFO  impl.FollowerState (FollowerState.java:run(117)) - a9143d84-6d7f-497d-b770-eb75585db3c7@group-7855C2F36E53-FollowerState was interrupted: java.lang.InterruptedException: sleep interrupted
2019-11-04 16:02:17,975 [grpc-default-executor-5] INFO  impl.RoleInfo (RoleInfo.java:updateAndGet(143)) - a9143d84-6d7f-497d-b770-eb75585db3c7: start FollowerState
2019-11-04 16:02:17,975 [Thread-1127] INFO  impl.FollowerState (FollowerState.java:run(117)) - 81ff859e-e76f-43f5-951a-4a38422068cb@group-7855C2F36E53-FollowerState was interrupted: java.lang.InterruptedException: sleep interrupted
2019-11-04 16:02:17,975 [grpc-default-executor-0] INFO  impl.RoleInfo (RoleInfo.java:updateAndGet(143)) - 81ff859e-e76f-43f5-951a-4a38422068cb: start FollowerState
2019-11-04 16:02:18,001 [e3fb79a3-1f86-42af-a80c-c46d1acdbc29@group-7855C2F36E53-LeaderElection141] INFO  impl.LeaderElection (LeaderElection.java:logAndReturn(56)) - e3fb79a3-1f86-42af-a80c-c46d1acdbc29@group-7855C2F36E53-LeaderElection141: Election REJECTED; received 2 response(s) [e3fb79a3-1f86-42af-a80c-c46d1acdbc29<-81ff859e-e76f-43f5-951a-4a38422068cb#0:FAIL-t147, e3fb79a3-1f86-42af-a80c-c46d1acdbc29<-a9143d84-6d7f-497d-b770-eb75585db3c7#0:FAIL-t147] and 0 exception(s); e3fb79a3-1f86-42af-a80c-c46d1acdbc29@group-7855C2F36E53:t147, leader=null, voted=e3fb79a3-1f86-42af-a80c-c46d1acdbc29, raftlog=e3fb79a3-1f86-42af-a80c-c46d1acdbc29@group-7855C2F36E53-SegmentedRaftLog:OPENED:c-1,f-1,i0, conf=-1: [e3fb79a3-1f86-42af-a80c-c46d1acdbc29:192.168.157.194:44142, 81ff859e-e76f-43f5-951a-4a38422068cb:192.168.157.194:46532, a9143d84-6d7f-497d-b770-eb75585db3c7:192.168.157.194:42126], old=null
2019-11-04 16:02:18,002 [e3fb79a3-1f86-42af-a80c-c46d1acdbc29@group-7855C2F36E53-LeaderElection141] INFO  impl.RaftServerImpl (RaftServerImpl.java:setRole(184)) - e3fb79a3-1f86-42af-a80c-c46d1acdbc29@group-7855C2F36E53: changes role from CANDIDATE to FOLLOWER at term 147 for DISCOVERED_A_NEW_TERM
2019-11-04 16:02:18,002 [e3fb79a3-1f86-42af-a80c-c46d1acdbc29@group-7855C2F36E53-LeaderElection141] INFO  impl.RoleInfo (RoleInfo.java:shutdownLeaderElection(134)) - e3fb79a3-1f86-42af-a80c-c46d1acdbc29: shutdown LeaderElection
2019-11-04 16:02:18,002 [e3fb79a3-1f86-42af-a80c-c46d1acdbc29@group-7855C2F36E53-LeaderElection141] INFO  impl.RoleInfo (RoleInfo.java:updateAndGet(143)) - e3fb79a3-1f86-42af-a80c-c46d1acdbc29: start FollowerState
2019-11-04 16:02:18,135 [Thread-1135] INFO  impl.FollowerState (FollowerState.java:run(108)) - e3fb79a3-1f86-42af-a80c-c46d1acdbc29@group-7855C2F36E53-FollowerState: change to CANDIDATE, lastRpcTime:133ms, electionTimeout:133ms
2019-11-04 16:02:18,135 [Thread-1135] INFO  impl.RoleInfo (RoleInfo.java:shutdownFollowerState(121)) - e3fb79a3-1f86-42af-a80c-c46d1acdbc29: shutdown FollowerState
2019-11-04 16:02:18,136 [Thread-1135] INFO  impl.RaftServerImpl (RaftServerImpl.java:setRole(184)) - e3fb79a3-1f86-42af-a80c-c46d1acdbc29@group-7855C2F36E53: changes role from  FOLLOWER to CANDIDATE at term 147 for changeToCandidate
2019-11-04 16:02:18,136 [Thread-1135] INFO  impl.RoleInfo (RoleInfo.java:updateAndGet(143)) - e3fb79a3-1f86-42af-a80c-c46d1acdbc29: start LeaderElection
2019-11-04 16:02:18,150 [e3fb79a3-1f86-42af-a80c-c46d1acdbc29@group-7855C2F36E53-LeaderElection142] INFO  impl.LeaderElection (LeaderElection.java:askForVotes(178)) - e3fb79a3-1f86-42af-a80c-c46d1acdbc29@group-7855C2F36E53-LeaderElection142: begin an election at term 148 for -1: [e3fb79a3-1f86-42af-a80c-c46d1acdbc29:192.168.157.194:44142, 81ff859e-e76f-43f5-951a-4a38422068cb:192.168.157.194:46532, a9143d84-6d7f-497d-b770-eb75585db3c7:192.168.157.194:42126], old=null
2019-11-04 16:02:18,152 [grpc-default-executor-5] INFO  impl.RaftServerImpl (RaftServerImpl.java:setRole(184)) - 81ff859e-e76f-43f5-951a-4a38422068cb@group-7855C2F36E53: changes role from  FOLLOWER to FOLLOWER at term 148 for recognizeCandidate:e3fb79a3-1f86-42af-a80c-c46d1acdbc29
2019-11-04 16:02:18,152 [grpc-default-executor-5] INFO  impl.RoleInfo (RoleInfo.java:shutdownFollowerState(121)) - 81ff859e-e76f-43f5-951a-4a38422068cb: shutdown FollowerState
2019-11-04 16:02:18,152 [grpc-default-executor-0] INFO  impl.RaftServerImpl (RaftServerImpl.java:setRole(184)) - a9143d84-6d7f-497d-b770-eb75585db3c7@group-7855C2F36E53: changes role from  FOLLOWER to FOLLOWER at term 148 for recognizeCandidate:e3fb79a3-1f86-42af-a80c-c46d1acdbc29
2019-11-04 16:02:18,152 [grpc-default-executor-5] INFO  impl.RoleInfo (RoleInfo.java:updateAndGet(143)) - 81ff859e-e76f-43f5-951a-4a38422068cb: start FollowerState
2019-11-04 16:02:18,152 [Thread-1134] INFO  impl.FollowerState (FollowerState.java:run(117)) - 81ff859e-e76f-43f5-951a-4a38422068cb@group-7855C2F36E53-FollowerState was interrupted: java.lang.InterruptedException: sleep interrupted
2019-11-04 16:02:18,152 [grpc-default-executor-0] INFO  impl.RoleInfo (RoleInfo.java:shutdownFollowerState(121)) - a9143d84-6d7f-497d-b770-eb75585db3c7: shutdown FollowerState
2019-11-04 16:02:18,153 [grpc-default-executor-0] INFO  impl.RoleInfo (RoleInfo.java:updateAndGet(143)) - a9143d84-6d7f-497d-b770-eb75585db3c7: start FollowerState
2019-11-04 16:02:18,153 [Thread-1133] INFO  impl.FollowerState (FollowerState.java:run(117)) - a9143d84-6d7f-497d-b770-eb75585db3c7@group-7855C2F36E53-FollowerState was interrupted: java.lang.InterruptedException: sleep interrupted
2019-11-04 16:02:18,155 [e3fb79a3-1f86-42af-a80c-c46d1acdbc29@group-7855C2F36E53-LeaderElection142] INFO  impl.LeaderElection (LeaderElection.java:logAndReturn(56)) - e3fb79a3-1f86-42af-a80c-c46d1acdbc29@group-7855C2F36E53-LeaderElection142: Election TIMEOUT; received 0 response(s) [] and 0 exception(s); e3fb79a3-1f86-42af-a80c-c46d1acdbc29@group-7855C2F36E53:t148, leader=null, voted=e3fb79a3-1f86-42af-a80c-c46d1acdbc29, raftlog=e3fb79a3-1f86-42af-a80c-c46d1acdbc29@group-7855C2F36E53-SegmentedRaftLog:OPENED:c-1,f-1,i0, conf=-1: [e3fb79a3-1f86-42af-a80c-c46d1acdbc29:192.168.157.194:44142, 81ff859e-e76f-43f5-951a-4a38422068cb:192.168.157.194:46532, a9143d84-6d7f-497d-b770-eb75585db3c7:192.168.157.194:42126], old=null
2019-11-04 16:02:18,178 [e3fb79a3-1f86-42af-a80c-c46d1acdbc29@group-7855C2F36E53-LeaderElection142] INFO  impl.LeaderElection (LeaderElection.java:askForVotes(178)) - e3fb79a3-1f86-42af-a80c-c46d1acdbc29@group-7855C2F36E53-LeaderElection142: begin an election at term 149 for -1: [e3fb79a3-1f86-42af-a80c-c46d1acdbc29:192.168.157.194:44142, 81ff859e-e76f-43f5-951a-4a38422068cb:192.168.157.194:46532, a9143d84-6d7f-497d-b770-eb75585db3c7:192.168.157.194:42126], old=null
2019-11-04 16:02:18,180 [grpc-default-executor-5] INFO  impl.RaftServerImpl (RaftServerImpl.java:setRole(184)) - 81ff859e-e76f-43f5-951a-4a38422068cb@group-7855C2F36E53: changes role from  FOLLOWER to FOLLOWER at term 149 for recognizeCandidate:e3fb79a3-1f86-42af-a80c-c46d1acdbc29
2019-11-04 16:02:18,180 [grpc-default-executor-5] INFO  impl.RoleInfo (RoleInfo.java:shutdownFollowerState(121)) - 81ff859e-e76f-43f5-951a-4a38422068cb: shutdown FollowerState
2019-11-04 16:02:18,180 [grpc-default-executor-0] INFO  impl.RaftServerImpl (RaftServerImpl.java:setRole(184)) - a9143d84-6d7f-497d-b770-eb75585db3c7@group-7855C2F36E53: changes role from  FOLLOWER to FOLLOWER at term 149 for recognizeCandidate:e3fb79a3-1f86-42af-a80c-c46d1acdbc29
2019-11-04 16:02:18,181 [grpc-default-executor-0] INFO  impl.RoleInfo (RoleInfo.java:shutdownFollowerState(121)) - a9143d84-6d7f-497d-b770-eb75585db3c7: shutdown FollowerState
2019-11-04 16:02:18,181 [grpc-default-executor-5] INFO  impl.RoleInfo (RoleInfo.java:updateAndGet(143)) - 81ff859e-e76f-43f5-951a-4a38422068cb: start FollowerState
2019-11-04 16:02:18,181 [Thread-1142] INFO  impl.FollowerState (FollowerState.java:run(117)) - a9143d84-6d7f-497d-b770-eb75585db3c7@group-7855C2F36E53-FollowerState was interrupted: java.lang.InterruptedException: sleep interrupted
2019-11-04 16:02:18,181 [grpc-default-executor-0] INFO  impl.RoleInfo (RoleInfo.java:updateAndGet(143)) - a9143d84-6d7f-497d-b770-eb75585db3c7: start FollowerState
2019-11-04 16:02:18,181 [Thread-1141] INFO  impl.FollowerState (FollowerState.java:run(117)) - 81ff859e-e76f-43f5-951a-4a38422068cb@group-7855C2F36E53-FollowerState was interrupted: java.lang.InterruptedException: sleep interrupted
2019-11-04 16:02:18,195 [e3fb79a3-1f86-42af-a80c-c46d1acdbc29@group-7855C2F36E53-LeaderElection142] INFO  impl.LeaderElection (LeaderElection.java:logAndReturn(56)) - e3fb79a3-1f86-42af-a80c-c46d1acdbc29@group-7855C2F36E53-LeaderElection142: Election REJECTED; received 2 response(s) [e3fb79a3-1f86-42af-a80c-c46d1acdbc29<-81ff859e-e76f-43f5-951a-4a38422068cb#0:FAIL-t149, e3fb79a3-1f86-42af-a80c-c46d1acdbc29<-a9143d84-6d7f-497d-b770-eb75585db3c7#0:FAIL-t149] and 0 exception(s); e3fb79a3-1f86-42af-a80c-c46d1acdbc29@group-7855C2F36E53:t149, leader=null, voted=e3fb79a3-1f86-42af-a80c-c46d1acdbc29, raftlog=e3fb79a3-1f86-42af-a80c-c46d1acdbc29@group-7855C2F36E53-SegmentedRaftLog:OPENED:c-1,f-1,i0, conf=-1: [e3fb79a3-1f86-42af-a80c-c46d1acdbc29:192.168.157.194:44142, 81ff859e-e76f-43f5-951a-4a38422068cb:192.168.157.194:46532, a9143d84-6d7f-497d-b770-eb75585db3c7:192.168.157.194:42126], old=null
2019-11-04 16:02:18,196 [e3fb79a3-1f86-42af-a80c-c46d1acdbc29@group-7855C2F36E53-LeaderElection142] INFO  impl.RaftServerImpl (RaftServerImpl.java:setRole(184)) - e3fb79a3-1f86-42af-a80c-c46d1acdbc29@group-7855C2F36E53: changes role from CANDIDATE to FOLLOWER at term 149 for DISCOVERED_A_NEW_TERM
2019-11-04 16:02:18,196 [e3fb79a3-1f86-42af-a80c-c46d1acdbc29@group-7855C2F36E53-LeaderElection142] INFO  impl.RoleInfo (RoleInfo.java:shutdownLeaderElection(134)) - e3fb79a3-1f86-42af-a80c-c46d1acdbc29: shutdown LeaderElection
2019-11-04 16:02:18,196 [e3fb79a3-1f86-42af-a80c-c46d1acdbc29@group-7855C2F36E53-LeaderElection142] INFO  impl.RoleInfo (RoleInfo.java:updateAndGet(143)) - e3fb79a3-1f86-42af-a80c-c46d1acdbc29: start FollowerState
2019-11-04 16:02:18,320 [Thread-1147] INFO  impl.FollowerState (FollowerState.java:run(108)) - e3fb79a3-1f86-42af-a80c-c46d1acdbc29@group-7855C2F36E53-FollowerState: change to CANDIDATE, lastRpcTime:124ms, electionTimeout:124ms
2019-11-04 16:02:18,321 [Thread-1147] INFO  impl.RoleInfo (RoleInfo.java:shutdownFollowerState(121)) - e3fb79a3-1f86-42af-a80c-c46d1acdbc29: shutdown FollowerState
2019-11-04 16:02:18,321 [Thread-1147] INFO  impl.RaftServerImpl (RaftServerImpl.java:setRole(184)) - e3fb79a3-1f86-42af-a80c-c46d1acdbc29@group-7855C2F36E53: changes role from  FOLLOWER to CANDIDATE at term 149 for changeToCandidate
2019-11-04 16:02:18,321 [Thread-1147] INFO  impl.RoleInfo (RoleInfo.java:updateAndGet(143)) - e3fb79a3-1f86-42af-a80c-c46d1acdbc29: start LeaderElection
2019-11-04 16:02:18,347 [e3fb79a3-1f86-42af-a80c-c46d1acdbc29@group-7855C2F36E53-LeaderElection143] INFO  impl.LeaderElection (LeaderElection.java:askForVotes(178)) - e3fb79a3-1f86-42af-a80c-c46d1acdbc29@group-7855C2F36E53-LeaderElection143: begin an election at term 150 for -1: [e3fb79a3-1f86-42af-a80c-c46d1acdbc29:192.168.157.194:44142, 81ff859e-e76f-43f5-951a-4a38422068cb:192.168.157.194:46532, a9143d84-6d7f-497d-b770-eb75585db3c7:192.168.157.194:42126], old=null
2019-11-04 16:02:18,350 [grpc-default-executor-0] INFO  impl.RaftServerImpl (RaftServerImpl.java:setRole(184)) - 81ff859e-e76f-43f5-951a-4a38422068cb@group-7855C2F36E53: changes role from  FOLLOWER to FOLLOWER at term 150 for recognizeCandidate:e3fb79a3-1f86-42af-a80c-c46d1acdbc29
2019-11-04 16:02:18,350 [grpc-default-executor-5] INFO  impl.RaftServerImpl (RaftServerImpl.java:setRole(184)) - a9143d84-6d7f-497d-b770-eb75585db3c7@group-7855C2F36E53: changes role from  FOLLOWER to FOLLOWER at term 150 for recognizeCandidate:e3fb79a3-1f86-42af-a80c-c46d1acdbc29
2019-11-04 16:02:18,351 [grpc-default-executor-0] INFO  impl.RoleInfo (RoleInfo.java:shutdownFollowerState(121)) - 81ff859e-e76f-43f5-951a-4a38422068cb: shutdown FollowerState
2019-11-04 16:02:18,351 [grpc-default-executor-5] INFO  impl.RoleInfo (RoleInfo.java:shutdownFollowerState(121)) - a9143d84-6d7f-497d-b770-eb75585db3c7: shutdown FollowerState
2019-11-04 16:02:18,351 [Thread-1145] INFO  impl.FollowerState (FollowerState.java:run(117)) - 81ff859e-e76f-43f5-951a-4a38422068cb@group-7855C2F36E53-FollowerState was interrupted: java.lang.InterruptedException: sleep interrupted
2019-11-04 16:02:18,351 [grpc-default-executor-0] INFO  impl.RoleInfo (RoleInfo.java:updateAndGet(143)) - 81ff859e-e76f-43f5-951a-4a38422068cb: start FollowerState
2019-11-04 16:02:18,351 [Thread-1146] INFO  impl.FollowerState (FollowerState.java:run(117)) - a9143d84-6d7f-497d-b770-eb75585db3c7@group-7855C2F36E53-FollowerState was interrupted: java.lang.InterruptedException: sleep interrupted
2019-11-04 16:02:18,351 [grpc-default-executor-5] INFO  impl.RoleInfo (RoleInfo.java:updateAndGet(143)) - a9143d84-6d7f-497d-b770-eb75585db3c7: start FollowerState
2019-11-04 16:02:18,366 [e3fb79a3-1f86-42af-a80c-c46d1acdbc29@group-7855C2F36E53-LeaderElection143] INFO  impl.LeaderElection (LeaderElection.java:logAndReturn(56)) - e3fb79a3-1f86-42af-a80c-c46d1acdbc29@group-7855C2F36E53-LeaderElection143: Election REJECTED; received 2 response(s) [e3fb79a3-1f86-42af-a80c-c46d1acdbc29<-81ff859e-e76f-43f5-951a-4a38422068cb#0:FAIL-t150, e3fb79a3-1f86-42af-a80c-c46d1acdbc29<-a9143d84-6d7f-497d-b770-eb75585db3c7#0:FAIL-t150] and 0 exception(s); e3fb79a3-1f86-42af-a80c-c46d1acdbc29@group-7855C2F36E53:t150, leader=null, voted=e3fb79a3-1f86-42af-a80c-c46d1acdbc29, raftlog=e3fb79a3-1f86-42af-a80c-c46d1acdbc29@group-7855C2F36E53-SegmentedRaftLog:OPENED:c-1,f-1,i0, conf=-1: [e3fb79a3-1f86-42af-a80c-c46d1acdbc29:192.168.157.194:44142, 81ff859e-e76f-43f5-951a-4a38422068cb:192.168.157.194:46532, a9143d84-6d7f-497d-b770-eb75585db3c7:192.168.157.194:42126], old=null
2019-11-04 16:02:18,366 [e3fb79a3-1f86-42af-a80c-c46d1acdbc29@group-7855C2F36E53-LeaderElection143] INFO  impl.RaftServerImpl (RaftServerImpl.java:setRole(184)) - e3fb79a3-1f86-42af-a80c-c46d1acdbc29@group-7855C2F36E53: changes role from CANDIDATE to FOLLOWER at term 150 for DISCOVERED_A_NEW_TERM
2019-11-04 16:02:18,366 [e3fb79a3-1f86-42af-a80c-c46d1acdbc29@group-7855C2F36E53-LeaderElection143] INFO  impl.RoleInfo (RoleInfo.java:shutdownLeaderElection(134)) - e3fb79a3-1f86-42af-a80c-c46d1acdbc29: shutdown LeaderElection
2019-11-04 16:02:18,366 [e3fb79a3-1f86-42af-a80c-c46d1acdbc29@group-7855C2F36E53-LeaderElection143] INFO  impl.RoleInfo (RoleInfo.java:updateAndGet(143)) - e3fb79a3-1f86-42af-a80c-c46d1acdbc29: start FollowerState
2019-11-04 16:02:18,542 [Thread-1153] INFO  impl.FollowerState (FollowerState.java:run(108)) - e3fb79a3-1f86-42af-a80c-c46d1acdbc29@group-7855C2F36E53-FollowerState: change to CANDIDATE, lastRpcTime:175ms, electionTimeout:175ms
2019-11-04 16:02:18,542 [Thread-1153] INFO  impl.RoleInfo (RoleInfo.java:shutdownFollowerState(121)) - e3fb79a3-1f86-42af-a80c-c46d1acdbc29: shutdown FollowerState
2019-11-04 16:02:18,542 [Thread-1153] INFO  impl.RaftServerImpl (RaftServerImpl.java:setRole(184)) - e3fb79a3-1f86-42af-a80c-c46d1acdbc29@group-7855C2F36E53: changes role from  FOLLOWER to CANDIDATE at term 150 for changeToCandidate
2019-11-04 16:02:18,542 [Thread-1153] INFO  impl.RoleInfo (RoleInfo.java:updateAndGet(143)) - e3fb79a3-1f86-42af-a80c-c46d1acdbc29: start LeaderElection
2019-11-04 16:02:18,556 [e3fb79a3-1f86-42af-a80c-c46d1acdbc29@group-7855C2F36E53-LeaderElection144] INFO  impl.LeaderElection (LeaderElection.java:askForVotes(178)) - e3fb79a3-1f86-42af-a80c-c46d1acdbc29@group-7855C2F36E53-LeaderElection144: begin an election at term 151 for -1: [e3fb79a3-1f86-42af-a80c-c46d1acdbc29:192.168.157.194:44142, 81ff859e-e76f-43f5-951a-4a38422068cb:192.168.157.194:46532, a9143d84-6d7f-497d-b770-eb75585db3c7:192.168.157.194:42126], old=null
2019-11-04 16:02:18,558 [grpc-default-executor-0] INFO  impl.RaftServerImpl (RaftServerImpl.java:setRole(184)) - 81ff859e-e76f-43f5-951a-4a38422068cb@group-7855C2F36E53: changes role from  FOLLOWER to FOLLOWER at term 151 for recognizeCandidate:e3fb79a3-1f86-42af-a80c-c46d1acdbc29
2019-11-04 16:02:18,558 [grpc-default-executor-0] INFO  impl.RoleInfo (RoleInfo.java:shutdownFollowerState(121)) - 81ff859e-e76f-43f5-951a-4a38422068cb: shutdown FollowerState
2019-11-04 16:02:18,558 [grpc-default-executor-0] INFO  impl.RoleInfo (RoleInfo.java:updateAndGet(143)) - 81ff859e-e76f-43f5-951a-4a38422068cb: start FollowerState
2019-11-04 16:02:18,558 [grpc-default-executor-5] INFO  impl.RaftServerImpl (RaftServerImpl.java:setRole(184)) - a9143d84-6d7f-497d-b770-eb75585db3c7@group-7855C2F36E53: changes role from  FOLLOWER to FOLLOWER at term 151 for recognizeCandidate:e3fb79a3-1f86-42af-a80c-c46d1acdbc29
2019-11-04 16:02:18,558 [Thread-1151] INFO  impl.FollowerState (FollowerState.java:run(117)) - 81ff859e-e76f-43f5-951a-4a38422068cb@group-7855C2F36E53-FollowerState was interrupted: java.lang.InterruptedException: sleep interrupted
2019-11-04 16:02:18,558 [grpc-default-executor-5] INFO  impl.RoleInfo (RoleInfo.java:shutdownFollowerState(121)) - a9143d84-6d7f-497d-b770-eb75585db3c7: shutdown FollowerState
2019-11-04 16:02:18,559 [grpc-default-executor-5] INFO  impl.RoleInfo (RoleInfo.java:updateAndGet(143)) - a9143d84-6d7f-497d-b770-eb75585db3c7: start FollowerState
2019-11-04 16:02:18,559 [Thread-1152] INFO  impl.FollowerState (FollowerState.java:run(117)) - a9143d84-6d7f-497d-b770-eb75585db3c7@group-7855C2F36E53-FollowerState was interrupted: java.lang.InterruptedException: sleep interrupted
2019-11-04 16:02:18,573 [e3fb79a3-1f86-42af-a80c-c46d1acdbc29@group-7855C2F36E53-LeaderElection144] INFO  impl.LeaderElection (LeaderElection.java:logAndReturn(56)) - e3fb79a3-1f86-42af-a80c-c46d1acdbc29@group-7855C2F36E53-LeaderElection144: Election REJECTED; received 2 response(s) [e3fb79a3-1f86-42af-a80c-c46d1acdbc29<-81ff859e-e76f-43f5-951a-4a38422068cb#0:FAIL-t151, e3fb79a3-1f86-42af-a80c-c46d1acdbc29<-a9143d84-6d7f-497d-b770-eb75585db3c7#0:FAIL-t151] and 0 exception(s); e3fb79a3-1f86-42af-a80c-c46d1acdbc29@group-7855C2F36E53:t151, leader=null, voted=e3fb79a3-1f86-42af-a80c-c46d1acdbc29, raftlog=e3fb79a3-1f86-42af-a80c-c46d1acdbc29@group-7855C2F36E53-SegmentedRaftLog:OPENED:c-1,f-1,i0, conf=-1: [e3fb79a3-1f86-42af-a80c-c46d1acdbc29:192.168.157.194:44142, 81ff859e-e76f-43f5-951a-4a38422068cb:192.168.157.194:46532, a9143d84-6d7f-497d-b770-eb75585db3c7:192.168.157.194:42126], old=null
2019-11-04 16:02:18,573 [e3fb79a3-1f86-42af-a80c-c46d1acdbc29@group-7855C2F36E53-LeaderElection144] INFO  impl.RaftServerImpl (RaftServerImpl.java:setRole(184)) - e3fb79a3-1f86-42af-a80c-c46d1acdbc29@group-7855C2F36E53: changes role from CANDIDATE to FOLLOWER at term 151 for DISCOVERED_A_NEW_TERM
2019-11-04 16:02:18,573 [e3fb79a3-1f86-42af-a80c-c46d1acdbc29@group-7855C2F36E53-LeaderElection144] INFO  impl.RoleInfo (RoleInfo.java:shutdownLeaderElection(134)) - e3fb79a3-1f86-42af-a80c-c46d1acdbc29: shutdown LeaderElection
2019-11-04 16:02:18,573 [e3fb79a3-1f86-42af-a80c-c46d1acdbc29@group-7855C2F36E53-LeaderElection144] INFO  impl.RoleInfo (RoleInfo.java:updateAndGet(143)) - e3fb79a3-1f86-42af-a80c-c46d1acdbc29: start FollowerState
2019-11-04 16:02:18,684 [Thread-1159] INFO  impl.FollowerState (FollowerState.java:run(108)) - e3fb79a3-1f86-42af-a80c-c46d1acdbc29@group-7855C2F36E53-FollowerState: change to CANDIDATE, lastRpcTime:111ms, electionTimeout:111ms
2019-11-04 16:02:18,685 [Thread-1159] INFO  impl.RoleInfo (RoleInfo.java:shutdownFollowerState(121)) - e3fb79a3-1f86-42af-a80c-c46d1acdbc29: shutdown FollowerState
2019-11-04 16:02:18,685 [Thread-1159] INFO  impl.RaftServerImpl (RaftServerImpl.java:setRole(184)) - e3fb79a3-1f86-42af-a80c-c46d1acdbc29@group-7855C2F36E53: changes role from  FOLLOWER to CANDIDATE at term 151 for changeToCandidate
2019-11-04 16:02:18,685 [Thread-1159] INFO  impl.RoleInfo (RoleInfo.java:updateAndGet(143)) - e3fb79a3-1f86-42af-a80c-c46d1acdbc29: start LeaderElection
2019-11-04 16:02:18,698 [e3fb79a3-1f86-42af-a80c-c46d1acdbc29@group-7855C2F36E53-LeaderElection145] INFO  impl.LeaderElection (LeaderElection.java:askForVotes(178)) - e3fb79a3-1f86-42af-a80c-c46d1acdbc29@group-7855C2F36E53-LeaderElection145: begin an election at term 152 for -1: [e3fb79a3-1f86-42af-a80c-c46d1acdbc29:192.168.157.194:44142, 81ff859e-e76f-43f5-951a-4a38422068cb:192.168.157.194:46532, a9143d84-6d7f-497d-b770-eb75585db3c7:192.168.157.194:42126], old=null
2019-11-04 16:02:18,700 [grpc-default-executor-0] INFO  impl.RaftServerImpl (RaftServerImpl.java:setRole(184)) - 81ff859e-e76f-43f5-951a-4a38422068cb@group-7855C2F36E53: changes role from  FOLLOWER to FOLLOWER at term 152 for recognizeCandidate:e3fb79a3-1f86-42af-a80c-c46d1acdbc29
2019-11-04 16:02:18,700 [grpc-default-executor-0] INFO  impl.RoleInfo (RoleInfo.java:shutdownFollowerState(121)) - 81ff859e-e76f-43f5-951a-4a38422068cb: shutdown FollowerState
2019-11-04 16:02:18,700 [grpc-default-executor-0] INFO  impl.RoleInfo (RoleInfo.java:updateAndGet(143)) - 81ff859e-e76f-43f5-951a-4a38422068cb: start FollowerState
2019-11-04 16:02:18,700 [Thread-1157] INFO  impl.FollowerState (FollowerState.java:run(117)) - 81ff859e-e76f-43f5-951a-4a38422068cb@group-7855C2F36E53-FollowerState was interrupted: java.lang.InterruptedException: sleep interrupted
2019-11-04 16:02:18,700 [grpc-default-executor-5] INFO  impl.RaftServerImpl (RaftServerImpl.java:setRole(184)) - a9143d84-6d7f-497d-b770-eb75585db3c7@group-7855C2F36E53: changes role from  FOLLOWER to FOLLOWER at term 152 for recognizeCandidate:e3fb79a3-1f86-42af-a80c-c46d1acdbc29
2019-11-04 16:02:18,701 [grpc-default-executor-5] INFO  impl.RoleInfo (RoleInfo.java:shutdownFollowerState(121)) - a9143d84-6d7f-497d-b770-eb75585db3c7: shutdown FollowerState
2019-11-04 16:02:18,701 [grpc-default-executor-5] INFO  impl.RoleInfo (RoleInfo.java:updateAndGet(143)) - a9143d84-6d7f-497d-b770-eb75585db3c7: start FollowerState
2019-11-04 16:02:18,701 [Thread-1158] INFO  impl.FollowerState (FollowerState.java:run(117)) - a9143d84-6d7f-497d-b770-eb75585db3c7@group-7855C2F36E53-FollowerState was interrupted: java.lang.InterruptedException: sleep interrupted
2019-11-04 16:02:18,718 [e3fb79a3-1f86-42af-a80c-c46d1acdbc29@group-7855C2F36E53-LeaderElection145] INFO  impl.LeaderElection (LeaderElection.java:logAndReturn(56)) - e3fb79a3-1f86-42af-a80c-c46d1acdbc29@group-7855C2F36E53-LeaderElection145: Election REJECTED; received 2 response(s) [e3fb79a3-1f86-42af-a80c-c46d1acdbc29<-81ff859e-e76f-43f5-951a-4a38422068cb#0:FAIL-t152, e3fb79a3-1f86-42af-a80c-c46d1acdbc29<-a9143d84-6d7f-497d-b770-eb75585db3c7#0:FAIL-t152] and 0 exception(s); e3fb79a3-1f86-42af-a80c-c46d1acdbc29@group-7855C2F36E53:t152, leader=null, voted=e3fb79a3-1f86-42af-a80c-c46d1acdbc29, raftlog=e3fb79a3-1f86-42af-a80c-c46d1acdbc29@group-7855C2F36E53-SegmentedRaftLog:OPENED:c-1,f-1,i0, conf=-1: [e3fb79a3-1f86-42af-a80c-c46d1acdbc29:192.168.157.194:44142, 81ff859e-e76f-43f5-951a-4a38422068cb:192.168.157.194:46532, a9143d84-6d7f-497d-b770-eb75585db3c7:192.168.157.194:42126], old=null
2019-11-04 16:02:18,720 [e3fb79a3-1f86-42af-a80c-c46d1acdbc29@group-7855C2F36E53-LeaderElection145] INFO  impl.RaftServerImpl (RaftServerImpl.java:setRole(184)) - e3fb79a3-1f86-42af-a80c-c46d1acdbc29@group-7855C2F36E53: changes role from CANDIDATE to FOLLOWER at term 152 for DISCOVERED_A_NEW_TERM
2019-11-04 16:02:18,720 [e3fb79a3-1f86-42af-a80c-c46d1acdbc29@group-7855C2F36E53-LeaderElection145] INFO  impl.RoleInfo (RoleInfo.java:shutdownLeaderElection(134)) - e3fb79a3-1f86-42af-a80c-c46d1acdbc29: shutdown LeaderElection
2019-11-04 16:02:18,721 [e3fb79a3-1f86-42af-a80c-c46d1acdbc29@group-7855C2F36E53-LeaderElection145] INFO  impl.RoleInfo (RoleInfo.java:updateAndGet(143)) - e3fb79a3-1f86-42af-a80c-c46d1acdbc29: start FollowerState
2019-11-04 16:02:18,741 [Thread-1165] INFO  impl.FollowerState (FollowerState.java:run(108)) - e3fb79a3-1f86-42af-a80c-c46d1acdbc29@group-7855C2F36E53-FollowerState: change to CANDIDATE, lastRpcTime:20ms, electionTimeout:20ms
2019-11-04 16:02:18,741 [Thread-1165] INFO  impl.RoleInfo (RoleInfo.java:shutdownFollowerState(121)) - e3fb79a3-1f86-42af-a80c-c46d1acdbc29: shutdown FollowerState
2019-11-04 16:02:18,742 [Thread-1165] INFO  impl.RaftServerImpl (RaftServerImpl.java:setRole(184)) - e3fb79a3-1f86-42af-a80c-c46d1acdbc29@group-7855C2F36E53: changes role from  FOLLOWER to CANDIDATE at term 152 for changeToCandidate
2019-11-04 16:02:18,742 [Thread-1165] INFO  impl.RoleInfo (RoleInfo.java:updateAndGet(143)) - e3fb79a3-1f86-42af-a80c-c46d1acdbc29: start LeaderElection
2019-11-04 16:02:18,756 [e3fb79a3-1f86-42af-a80c-c46d1acdbc29@group-7855C2F36E53-LeaderElection146] INFO  impl.LeaderElection (LeaderElection.java:askForVotes(178)) - e3fb79a3-1f86-42af-a80c-c46d1acdbc29@group-7855C2F36E53-LeaderElection146: begin an election at term 153 for -1: [e3fb79a3-1f86-42af-a80c-c46d1acdbc29:192.168.157.194:44142, 81ff859e-e76f-43f5-951a-4a38422068cb:192.168.157.194:46532, a9143d84-6d7f-497d-b770-eb75585db3c7:192.168.157.194:42126], old=null
2019-11-04 16:02:18,761 [grpc-default-executor-5] INFO  impl.RaftServerImpl (RaftServerImpl.java:setRole(184)) - 81ff859e-e76f-43f5-951a-4a38422068cb@group-7855C2F36E53: changes role from  FOLLOWER to FOLLOWER at term 153 for recognizeCandidate:e3fb79a3-1f86-42af-a80c-c46d1acdbc29
2019-11-04 16:02:18,761 [grpc-default-executor-5] INFO  impl.RoleInfo (RoleInfo.java:shutdownFollowerState(121)) - 81ff859e-e76f-43f5-951a-4a38422068cb: shutdown FollowerState
2019-11-04 16:02:18,761 [grpc-default-executor-0] INFO  impl.RaftServerImpl (RaftServerImpl.java:setRole(184)) - a9143d84-6d7f-497d-b770-eb75585db3c7@group-7855C2F36E53: changes role from  FOLLOWER to FOLLOWER at term 153 for recognizeCandidate:e3fb79a3-1f86-42af-a80c-c46d1acdbc29
2019-11-04 16:02:18,761 [grpc-default-executor-0] INFO  impl.RoleInfo (RoleInfo.java:shutdownFollowerState(121)) - a9143d84-6d7f-497d-b770-eb75585db3c7: shutdown FollowerState
2019-11-04 16:02:18,761 [grpc-default-executor-5] INFO  impl.RoleInfo (RoleInfo.java:updateAndGet(143)) - 81ff859e-e76f-43f5-951a-4a38422068cb: start FollowerState
2019-11-04 16:02:18,761 [grpc-default-executor-0] INFO  impl.RoleInfo (RoleInfo.java:updateAndGet(143)) - a9143d84-6d7f-497d-b770-eb75585db3c7: start FollowerState
2019-11-04 16:02:18,761 [Thread-1163] INFO  impl.FollowerState (FollowerState.java:run(117)) - 81ff859e-e76f-43f5-951a-4a38422068cb@group-7855C2F36E53-FollowerState was interrupted: java.lang.InterruptedException: sleep interrupted
2019-11-04 16:02:18,762 [Thread-1164] INFO  impl.FollowerState (FollowerState.java:run(117)) - a9143d84-6d7f-497d-b770-eb75585db3c7@group-7855C2F36E53-FollowerState was interrupted: java.lang.InterruptedException: sleep interrupted
2019-11-04 16:02:18,766 [e3fb79a3-1f86-42af-a80c-c46d1acdbc29@group-7855C2F36E53-LeaderElection146] INFO  impl.LeaderElection (LeaderElection.java:logAndReturn(56)) - e3fb79a3-1f86-42af-a80c-c46d1acdbc29@group-7855C2F36E53-LeaderElection146: Election REJECTED; received 2 response(s) [e3fb79a3-1f86-42af-a80c-c46d1acdbc29<-81ff859e-e76f-43f5-951a-4a38422068cb#0:FAIL-t153, e3fb79a3-1f86-42af-a80c-c46d1acdbc29<-a9143d84-6d7f-497d-b770-eb75585db3c7#0:FAIL-t153] and 0 exception(s); e3fb79a3-1f86-42af-a80c-c46d1acdbc29@group-7855C2F36E53:t153, leader=null, voted=e3fb79a3-1f86-42af-a80c-c46d1acdbc29, raftlog=e3fb79a3-1f86-42af-a80c-c46d1acdbc29@group-7855C2F36E53-SegmentedRaftLog:OPENED:c-1,f-1,i0, conf=-1: [e3fb79a3-1f86-42af-a80c-c46d1acdbc29:192.168.157.194:44142, 81ff859e-e76f-43f5-951a-4a38422068cb:192.168.157.194:46532, a9143d84-6d7f-497d-b770-eb75585db3c7:192.168.157.194:42126], old=null
2019-11-04 16:02:18,767 [e3fb79a3-1f86-42af-a80c-c46d1acdbc29@group-7855C2F36E53-LeaderElection146] INFO  impl.RaftServerImpl (RaftServerImpl.java:setRole(184)) - e3fb79a3-1f86-42af-a80c-c46d1acdbc29@group-7855C2F36E53: changes role from CANDIDATE to FOLLOWER at term 153 for DISCOVERED_A_NEW_TERM
2019-11-04 16:02:18,767 [e3fb79a3-1f86-42af-a80c-c46d1acdbc29@group-7855C2F36E53-LeaderElection146] INFO  impl.RoleInfo (RoleInfo.java:shutdownLeaderElection(134)) - e3fb79a3-1f86-42af-a80c-c46d1acdbc29: shutdown LeaderElection
2019-11-04 16:02:18,767 [e3fb79a3-1f86-42af-a80c-c46d1acdbc29@group-7855C2F36E53-LeaderElection146] INFO  impl.RoleInfo (RoleInfo.java:updateAndGet(143)) - e3fb79a3-1f86-42af-a80c-c46d1acdbc29: start FollowerState
2019-11-04 16:02:18,908 [Thread-1171] INFO  impl.FollowerState (FollowerState.java:run(108)) - e3fb79a3-1f86-42af-a80c-c46d1acdbc29@group-7855C2F36E53-FollowerState: change to CANDIDATE, lastRpcTime:141ms, electionTimeout:141ms
2019-11-04 16:02:18,909 [Thread-1171] INFO  impl.RoleInfo (RoleInfo.java:shutdownFollowerState(121)) - e3fb79a3-1f86-42af-a80c-c46d1acdbc29: shutdown FollowerState
2019-11-04 16:02:18,909 [Thread-1171] INFO  impl.RaftServerImpl (RaftServerImpl.java:setRole(184)) - e3fb79a3-1f86-42af-a80c-c46d1acdbc29@group-7855C2F36E53: changes role from  FOLLOWER to CANDIDATE at term 153 for changeToCandidate
2019-11-04 16:02:18,909 [Thread-1171] INFO  impl.RoleInfo (RoleInfo.java:updateAndGet(143)) - e3fb79a3-1f86-42af-a80c-c46d1acdbc29: start LeaderElection
2019-11-04 16:02:18,921 [e3fb79a3-1f86-42af-a80c-c46d1acdbc29@group-7855C2F36E53-LeaderElection147] INFO  impl.LeaderElection (LeaderElection.java:askForVotes(178)) - e3fb79a3-1f86-42af-a80c-c46d1acdbc29@group-7855C2F36E53-LeaderElection147: begin an election at term 154 for -1: [e3fb79a3-1f86-42af-a80c-c46d1acdbc29:192.168.157.194:44142, 81ff859e-e76f-43f5-951a-4a38422068cb:192.168.157.194:46532, a9143d84-6d7f-497d-b770-eb75585db3c7:192.168.157.194:42126], old=null
2019-11-04 16:02:18,923 [grpc-default-executor-0] INFO  impl.RaftServerImpl (RaftServerImpl.java:setRole(184)) - 81ff859e-e76f-43f5-951a-4a38422068cb@group-7855C2F36E53: changes role from  FOLLOWER to FOLLOWER at term 154 for recognizeCandidate:e3fb79a3-1f86-42af-a80c-c46d1acdbc29
2019-11-04 16:02:18,924 [grpc-default-executor-5] INFO  impl.RaftServerImpl (RaftServerImpl.java:setRole(184)) - a9143d84-6d7f-497d-b770-eb75585db3c7@group-7855C2F36E53: changes role from  FOLLOWER to FOLLOWER at term 154 for recognizeCandidate:e3fb79a3-1f86-42af-a80c-c46d1acdbc29
2019-11-04 16:02:18,924 [grpc-default-executor-0] INFO  impl.RoleInfo (RoleInfo.java:shutdownFollowerState(121)) - 81ff859e-e76f-43f5-951a-4a38422068cb: shutdown FollowerState
2019-11-04 16:02:18,924 [grpc-default-executor-5] INFO  impl.RoleInfo (RoleInfo.java:shutdownFollowerState(121)) - a9143d84-6d7f-497d-b770-eb75585db3c7: shutdown FollowerState
2019-11-04 16:02:18,924 [grpc-default-executor-0] INFO  impl.RoleInfo (RoleInfo.java:updateAndGet(143)) - 81ff859e-e76f-43f5-951a-4a38422068cb: start FollowerState
2019-11-04 16:02:18,924 [Thread-1170] INFO  impl.FollowerState (FollowerState.java:run(117)) - a9143d84-6d7f-497d-b770-eb75585db3c7@group-7855C2F36E53-FollowerState was interrupted: java.lang.InterruptedException: sleep interrupted
2019-11-04 16:02:18,924 [grpc-default-executor-5] INFO  impl.RoleInfo (RoleInfo.java:updateAndGet(143)) - a9143d84-6d7f-497d-b770-eb75585db3c7: start FollowerState
2019-11-04 16:02:18,924 [Thread-1169] INFO  impl.FollowerState (FollowerState.java:run(117)) - 81ff859e-e76f-43f5-951a-4a38422068cb@group-7855C2F36E53-FollowerState was interrupted: java.lang.InterruptedException: sleep interrupted
2019-11-04 16:02:18,941 [e3fb79a3-1f86-42af-a80c-c46d1acdbc29@group-7855C2F36E53-LeaderElection147] INFO  impl.LeaderElection (LeaderElection.java:logAndReturn(56)) - e3fb79a3-1f86-42af-a80c-c46d1acdbc29@group-7855C2F36E53-LeaderElection147: Election REJECTED; received 2 response(s) [e3fb79a3-1f86-42af-a80c-c46d1acdbc29<-81ff859e-e76f-43f5-951a-4a38422068cb#0:FAIL-t154, e3fb79a3-1f86-42af-a80c-c46d1acdbc29<-a9143d84-6d7f-497d-b770-eb75585db3c7#0:FAIL-t154] and 0 exception(s); e3fb79a3-1f86-42af-a80c-c46d1acdbc29@group-7855C2F36E53:t154, leader=null, voted=e3fb79a3-1f86-42af-a80c-c46d1acdbc29, raftlog=e3fb79a3-1f86-42af-a80c-c46d1acdbc29@group-7855C2F36E53-SegmentedRaftLog:OPENED:c-1,f-1,i0, conf=-1: [e3fb79a3-1f86-42af-a80c-c46d1acdbc29:192.168.157.194:44142, 81ff859e-e76f-43f5-951a-4a38422068cb:192.168.157.194:46532, a9143d84-6d7f-497d-b770-eb75585db3c7:192.168.157.194:42126], old=null
2019-11-04 16:02:18,941 [e3fb79a3-1f86-42af-a80c-c46d1acdbc29@group-7855C2F36E53-LeaderElection147] INFO  impl.RaftServerImpl (RaftServerImpl.java:setRole(184)) - e3fb79a3-1f86-42af-a80c-c46d1acdbc29@group-7855C2F36E53: changes role from CANDIDATE to FOLLOWER at term 154 for DISCOVERED_A_NEW_TERM
2019-11-04 16:02:18,941 [e3fb79a3-1f86-42af-a80c-c46d1acdbc29@group-7855C2F36E53-LeaderElection147] INFO  impl.RoleInfo (RoleInfo.java:shutdownLeaderElection(134)) - e3fb79a3-1f86-42af-a80c-c46d1acdbc29: shutdown LeaderElection
2019-11-04 16:02:18,941 [e3fb79a3-1f86-42af-a80c-c46d1acdbc29@group-7855C2F36E53-LeaderElection147] INFO  impl.RoleInfo (RoleInfo.java:updateAndGet(143)) - e3fb79a3-1f86-42af-a80c-c46d1acdbc29: start FollowerState
2019-11-04 16:02:19,107 [Thread-1177] INFO  impl.FollowerState (FollowerState.java:run(108)) - e3fb79a3-1f86-42af-a80c-c46d1acdbc29@group-7855C2F36E53-FollowerState: change to CANDIDATE, lastRpcTime:165ms, electionTimeout:165ms
2019-11-04 16:02:19,107 [Thread-1177] INFO  impl.RoleInfo (RoleInfo.java:shutdownFollowerState(121)) - e3fb79a3-1f86-42af-a80c-c46d1acdbc29: shutdown FollowerState
2019-11-04 16:02:19,108 [Thread-1177] INFO  impl.RaftServerImpl (RaftServerImpl.java:setRole(184)) - e3fb79a3-1f86-42af-a80c-c46d1acdbc29@group-7855C2F36E53: changes role from  FOLLOWER to CANDIDATE at term 154 for changeToCandidate
2019-11-04 16:02:19,108 [Thread-1177] INFO  impl.RoleInfo (RoleInfo.java:updateAndGet(143)) - e3fb79a3-1f86-42af-a80c-c46d1acdbc29: start LeaderElection
2019-11-04 16:02:19,133 [e3fb79a3-1f86-42af-a80c-c46d1acdbc29@group-7855C2F36E53-LeaderElection148] INFO  impl.LeaderElection (LeaderElection.java:askForVotes(178)) - e3fb79a3-1f86-42af-a80c-c46d1acdbc29@group-7855C2F36E53-LeaderElection148: begin an election at term 155 for -1: [e3fb79a3-1f86-42af-a80c-c46d1acdbc29:192.168.157.194:44142, 81ff859e-e76f-43f5-951a-4a38422068cb:192.168.157.194:46532, a9143d84-6d7f-497d-b770-eb75585db3c7:192.168.157.194:42126], old=null
2019-11-04 16:02:19,136 [grpc-default-executor-5] INFO  impl.RaftServerImpl (RaftServerImpl.java:setRole(184)) - 81ff859e-e76f-43f5-951a-4a38422068cb@group-7855C2F36E53: changes role from  FOLLOWER to FOLLOWER at term 155 for recognizeCandidate:e3fb79a3-1f86-42af-a80c-c46d1acdbc29
2019-11-04 16:02:19,136 [grpc-default-executor-5] INFO  impl.RoleInfo (RoleInfo.java:shutdownFollowerState(121)) - 81ff859e-e76f-43f5-951a-4a38422068cb: shutdown FollowerState
2019-11-04 16:02:19,138 [grpc-default-executor-5] INFO  impl.RoleInfo (RoleInfo.java:updateAndGet(143)) - 81ff859e-e76f-43f5-951a-4a38422068cb: start FollowerState
2019-11-04 16:02:19,138 [Thread-1175] INFO  impl.FollowerState (FollowerState.java:run(117)) - 81ff859e-e76f-43f5-951a-4a38422068cb@group-7855C2F36E53-FollowerState was interrupted: java.lang.InterruptedException: sleep interrupted
2019-11-04 16:02:19,140 [grpc-default-executor-0] INFO  impl.RaftServerImpl (RaftServerImpl.java:setRole(184)) - a9143d84-6d7f-497d-b770-eb75585db3c7@group-7855C2F36E53: changes role from  FOLLOWER to FOLLOWER at term 155 for recognizeCandidate:e3fb79a3-1f86-42af-a80c-c46d1acdbc29
2019-11-04 16:02:19,140 [grpc-default-executor-0] INFO  impl.RoleInfo (RoleInfo.java:shutdownFollowerState(121)) - a9143d84-6d7f-497d-b770-eb75585db3c7: shutdown FollowerState
2019-11-04 16:02:19,140 [grpc-default-executor-0] INFO  impl.RoleInfo (RoleInfo.java:updateAndGet(143)) - a9143d84-6d7f-497d-b770-eb75585db3c7: start FollowerState
2019-11-04 16:02:19,140 [Thread-1176] INFO  impl.FollowerState (FollowerState.java:run(117)) - a9143d84-6d7f-497d-b770-eb75585db3c7@group-7855C2F36E53-FollowerState was interrupted: java.lang.InterruptedException: sleep interrupted
2019-11-04 16:02:19,154 [e3fb79a3-1f86-42af-a80c-c46d1acdbc29@group-7855C2F36E53-LeaderElection148] INFO  impl.LeaderElection (LeaderElection.java:logAndReturn(56)) - e3fb79a3-1f86-42af-a80c-c46d1acdbc29@group-7855C2F36E53-LeaderElection148: Election REJECTED; received 2 response(s) [e3fb79a3-1f86-42af-a80c-c46d1acdbc29<-81ff859e-e76f-43f5-951a-4a38422068cb#0:FAIL-t155, e3fb79a3-1f86-42af-a80c-c46d1acdbc29<-a9143d84-6d7f-497d-b770-eb75585db3c7#0:FAIL-t155] and 0 exception(s); e3fb79a3-1f86-42af-a80c-c46d1acdbc29@group-7855C2F36E53:t155, leader=null, voted=e3fb79a3-1f86-42af-a80c-c46d1acdbc29, raftlog=e3fb79a3-1f86-42af-a80c-c46d1acdbc29@group-7855C2F36E53-SegmentedRaftLog:OPENED:c-1,f-1,i0, conf=-1: [e3fb79a3-1f86-42af-a80c-c46d1acdbc29:192.168.157.194:44142, 81ff859e-e76f-43f5-951a-4a38422068cb:192.168.157.194:46532, a9143d84-6d7f-497d-b770-eb75585db3c7:192.168.157.194:42126], old=null
2019-11-04 16:02:19,155 [e3fb79a3-1f86-42af-a80c-c46d1acdbc29@group-7855C2F36E53-LeaderElection148] INFO  impl.RaftServerImpl (RaftServerImpl.java:setRole(184)) - e3fb79a3-1f86-42af-a80c-c46d1acdbc29@group-7855C2F36E53: changes role from CANDIDATE to FOLLOWER at term 155 for DISCOVERED_A_NEW_TERM
2019-11-04 16:02:19,155 [e3fb79a3-1f86-42af-a80c-c46d1acdbc29@group-7855C2F36E53-LeaderElection148] INFO  impl.RoleInfo (RoleInfo.java:shutdownLeaderElection(134)) - e3fb79a3-1f86-42af-a80c-c46d1acdbc29: shutdown LeaderElection
2019-11-04 16:02:19,155 [e3fb79a3-1f86-42af-a80c-c46d1acdbc29@group-7855C2F36E53-LeaderElection148] INFO  impl.RoleInfo (RoleInfo.java:updateAndGet(143)) - e3fb79a3-1f86-42af-a80c-c46d1acdbc29: start FollowerState
2019-11-04 16:02:19,336 [Thread-1185] INFO  impl.FollowerState (FollowerState.java:run(108)) - e3fb79a3-1f86-42af-a80c-c46d1acdbc29@group-7855C2F36E53-FollowerState: change to CANDIDATE, lastRpcTime:180ms, electionTimeout:180ms
2019-11-04 16:02:19,336 [Thread-1185] INFO  impl.RoleInfo (RoleInfo.java:shutdownFollowerState(121)) - e3fb79a3-1f86-42af-a80c-c46d1acdbc29: shutdown FollowerState
2019-11-04 16:02:19,336 [Thread-1185] INFO  impl.RaftServerImpl (RaftServerImpl.java:setRole(184)) - e3fb79a3-1f86-42af-a80c-c46d1acdbc29@group-7855C2F36E53: changes role from  FOLLOWER to CANDIDATE at term 155 for changeToCandidate
2019-11-04 16:02:19,336 [Thread-1185] INFO  impl.RoleInfo (RoleInfo.java:updateAndGet(143)) - e3fb79a3-1f86-42af-a80c-c46d1acdbc29: start LeaderElection
2019-11-04 16:02:19,351 [e3fb79a3-1f86-42af-a80c-c46d1acdbc29@group-7855C2F36E53-LeaderElection149] INFO  impl.LeaderElection (LeaderElection.java:askForVotes(178)) - e3fb79a3-1f86-42af-a80c-c46d1acdbc29@group-7855C2F36E53-LeaderElection149: begin an election at term 156 for -1: [e3fb79a3-1f86-42af-a80c-c46d1acdbc29:192.168.157.194:44142, 81ff859e-e76f-43f5-951a-4a38422068cb:192.168.157.194:46532, a9143d84-6d7f-497d-b770-eb75585db3c7:192.168.157.194:42126], old=null
2019-11-04 16:02:19,354 [grpc-default-executor-5] INFO  impl.RaftServerImpl (RaftServerImpl.java:setRole(184)) - a9143d84-6d7f-497d-b770-eb75585db3c7@group-7855C2F36E53: changes role from  FOLLOWER to FOLLOWER at term 156 for recognizeCandidate:e3fb79a3-1f86-42af-a80c-c46d1acdbc29
2019-11-04 16:02:19,355 [grpc-default-executor-0] INFO  impl.RaftServerImpl (RaftServerImpl.java:setRole(184)) - 81ff859e-e76f-43f5-951a-4a38422068cb@group-7855C2F36E53: changes role from  FOLLOWER to FOLLOWER at term 156 for recognizeCandidate:e3fb79a3-1f86-42af-a80c-c46d1acdbc29
2019-11-04 16:02:19,355 [grpc-default-executor-0] INFO  impl.RoleInfo (RoleInfo.java:shutdownFollowerState(121)) - 81ff859e-e76f-43f5-951a-4a38422068cb: shutdown FollowerState
2019-11-04 16:02:19,355 [grpc-default-executor-5] INFO  impl.RoleInfo (RoleInfo.java:shutdownFollowerState(121)) - a9143d84-6d7f-497d-b770-eb75585db3c7: shutdown FollowerState
2019-11-04 16:02:19,355 [grpc-default-executor-0] INFO  impl.RoleInfo (RoleInfo.java:updateAndGet(143)) - 81ff859e-e76f-43f5-951a-4a38422068cb: start FollowerState
2019-11-04 16:02:19,355 [grpc-default-executor-5] INFO  impl.RoleInfo (RoleInfo.java:updateAndGet(143)) - a9143d84-6d7f-497d-b770-eb75585db3c7: start FollowerState
2019-11-04 16:02:19,355 [Thread-1183] INFO  impl.FollowerState (FollowerState.java:run(117)) - 81ff859e-e76f-43f5-951a-4a38422068cb@group-7855C2F36E53-FollowerState was interrupted: java.lang.InterruptedException: sleep interrupted
2019-11-04 16:02:19,355 [Thread-1184] INFO  impl.FollowerState (FollowerState.java:run(117)) - a9143d84-6d7f-497d-b770-eb75585db3c7@group-7855C2F36E53-FollowerState was interrupted: java.lang.InterruptedException: sleep interrupted
2019-11-04 16:02:19,370 [e3fb79a3-1f86-42af-a80c-c46d1acdbc29@group-7855C2F36E53-LeaderElection149] INFO  impl.LeaderElection (LeaderElection.java:logAndReturn(56)) - e3fb79a3-1f86-42af-a80c-c46d1acdbc29@group-7855C2F36E53-LeaderElection149: Election REJECTED; received 2 response(s) [e3fb79a3-1f86-42af-a80c-c46d1acdbc29<-81ff859e-e76f-43f5-951a-4a38422068cb#0:FAIL-t156, e3fb79a3-1f86-42af-a80c-c46d1acdbc29<-a9143d84-6d7f-497d-b770-eb75585db3c7#0:FAIL-t156] and 0 exception(s); e3fb79a3-1f86-42af-a80c-c46d1acdbc29@group-7855C2F36E53:t156, leader=null, voted=e3fb79a3-1f86-42af-a80c-c46d1acdbc29, raftlog=e3fb79a3-1f86-42af-a80c-c46d1acdbc29@group-7855C2F36E53-SegmentedRaftLog:OPENED:c-1,f-1,i0, conf=-1: [e3fb79a3-1f86-42af-a80c-c46d1acdbc29:192.168.157.194:44142, 81ff859e-e76f-43f5-951a-4a38422068cb:192.168.157.194:46532, a9143d84-6d7f-497d-b770-eb75585db3c7:192.168.157.194:42126], old=null
2019-11-04 16:02:19,370 [e3fb79a3-1f86-42af-a80c-c46d1acdbc29@group-7855C2F36E53-LeaderElection149] INFO  impl.RaftServerImpl (RaftServerImpl.java:setRole(184)) - e3fb79a3-1f86-42af-a80c-c46d1acdbc29@group-7855C2F36E53: changes role from CANDIDATE to FOLLOWER at term 156 for DISCOVERED_A_NEW_TERM
2019-11-04 16:02:19,370 [e3fb79a3-1f86-42af-a80c-c46d1acdbc29@group-7855C2F36E53-LeaderElection149] INFO  impl.RoleInfo (RoleInfo.java:shutdownLeaderElection(134)) - e3fb79a3-1f86-42af-a80c-c46d1acdbc29: shutdown LeaderElection
2019-11-04 16:02:19,371 [e3fb79a3-1f86-42af-a80c-c46d1acdbc29@group-7855C2F36E53-LeaderElection149] INFO  impl.RoleInfo (RoleInfo.java:updateAndGet(143)) - e3fb79a3-1f86-42af-a80c-c46d1acdbc29: start FollowerState
2019-11-04 16:02:19,437 [Thread-1191] INFO  impl.FollowerState (FollowerState.java:run(108)) - e3fb79a3-1f86-42af-a80c-c46d1acdbc29@group-7855C2F36E53-FollowerState: change to CANDIDATE, lastRpcTime:66ms, electionTimeout:66ms
2019-11-04 16:02:19,437 [Thread-1191] INFO  impl.RoleInfo (RoleInfo.java:shutdownFollowerState(121)) - e3fb79a3-1f86-42af-a80c-c46d1acdbc29: shutdown FollowerState
2019-11-04 16:02:19,437 [Thread-1191] INFO  impl.RaftServerImpl (RaftServerImpl.java:setRole(184)) - e3fb79a3-1f86-42af-a80c-c46d1acdbc29@group-7855C2F36E53: changes role from  FOLLOWER to CANDIDATE at term 156 for changeToCandidate
2019-11-04 16:02:19,438 [Thread-1191] INFO  impl.RoleInfo (RoleInfo.java:updateAndGet(143)) - e3fb79a3-1f86-42af-a80c-c46d1acdbc29: start LeaderElection
2019-11-04 16:02:19,453 [e3fb79a3-1f86-42af-a80c-c46d1acdbc29@group-7855C2F36E53-LeaderElection150] INFO  impl.LeaderElection (LeaderElection.java:askForVotes(178)) - e3fb79a3-1f86-42af-a80c-c46d1acdbc29@group-7855C2F36E53-LeaderElection150: begin an election at term 157 for -1: [e3fb79a3-1f86-42af-a80c-c46d1acdbc29:192.168.157.194:44142, 81ff859e-e76f-43f5-951a-4a38422068cb:192.168.157.194:46532, a9143d84-6d7f-497d-b770-eb75585db3c7:192.168.157.194:42126], old=null
2019-11-04 16:02:19,455 [grpc-default-executor-5] INFO  impl.RaftServerImpl (RaftServerImpl.java:setRole(184)) - 81ff859e-e76f-43f5-951a-4a38422068cb@group-7855C2F36E53: changes role from  FOLLOWER to FOLLOWER at term 157 for recognizeCandidate:e3fb79a3-1f86-42af-a80c-c46d1acdbc29
2019-11-04 16:02:19,456 [grpc-default-executor-5] INFO  impl.RoleInfo (RoleInfo.java:shutdownFollowerState(121)) - 81ff859e-e76f-43f5-951a-4a38422068cb: shutdown FollowerState
2019-11-04 16:02:19,456 [grpc-default-executor-5] INFO  impl.RoleInfo (RoleInfo.java:updateAndGet(143)) - 81ff859e-e76f-43f5-951a-4a38422068cb: start FollowerState
2019-11-04 16:02:19,456 [Thread-1189] INFO  impl.FollowerState (FollowerState.java:run(117)) - 81ff859e-e76f-43f5-951a-4a38422068cb@group-7855C2F36E53-FollowerState was interrupted: java.lang.InterruptedException: sleep interrupted
2019-11-04 16:02:19,456 [grpc-default-executor-0] INFO  impl.RaftServerImpl (RaftServerImpl.java:setRole(184)) - a9143d84-6d7f-497d-b770-eb75585db3c7@group-7855C2F36E53: changes role from  FOLLOWER to FOLLOWER at term 157 for recognizeCandidate:e3fb79a3-1f86-42af-a80c-c46d1acdbc29
2019-11-04 16:02:19,456 [grpc-default-executor-0] INFO  impl.RoleInfo (RoleInfo.java:shutdownFollowerState(121)) - a9143d84-6d7f-497d-b770-eb75585db3c7: shutdown FollowerState
2019-11-04 16:02:19,457 [grpc-default-executor-0] INFO  impl.RoleInfo (RoleInfo.java:updateAndGet(143)) - a9143d84-6d7f-497d-b770-eb75585db3c7: start FollowerState
2019-11-04 16:02:19,457 [Thread-1190] INFO  impl.FollowerState (FollowerState.java:run(117)) - a9143d84-6d7f-497d-b770-eb75585db3c7@group-7855C2F36E53-FollowerState was interrupted: java.lang.InterruptedException: sleep interrupted
2019-11-04 16:02:19,466 [e3fb79a3-1f86-42af-a80c-c46d1acdbc29@group-7855C2F36E53-LeaderElection150] INFO  impl.LeaderElection (LeaderElection.java:logAndReturn(56)) - e3fb79a3-1f86-42af-a80c-c46d1acdbc29@group-7855C2F36E53-LeaderElection150: Election TIMEOUT; received 0 response(s) [] and 0 exception(s); e3fb79a3-1f86-42af-a80c-c46d1acdbc29@group-7855C2F36E53:t157, leader=null, voted=e3fb79a3-1f86-42af-a80c-c46d1acdbc29, raftlog=e3fb79a3-1f86-42af-a80c-c46d1acdbc29@group-7855C2F36E53-SegmentedRaftLog:OPENED:c-1,f-1,i0, conf=-1: [e3fb79a3-1f86-42af-a80c-c46d1acdbc29:192.168.157.194:44142, 81ff859e-e76f-43f5-951a-4a38422068cb:192.168.157.194:46532, a9143d84-6d7f-497d-b770-eb75585db3c7:192.168.157.194:42126], old=null
2019-11-04 16:02:19,470 [e3fb79a3-1f86-42af-a80c-c46d1acdbc29@group-7855C2F36E53-LeaderElection150] INFO  impl.LeaderElection (LeaderElection.java:askForVotes(178)) - e3fb79a3-1f86-42af-a80c-c46d1acdbc29@group-7855C2F36E53-LeaderElection150: begin an election at term 158 for -1: [e3fb79a3-1f86-42af-a80c-c46d1acdbc29:192.168.157.194:44142, 81ff859e-e76f-43f5-951a-4a38422068cb:192.168.157.194:46532, a9143d84-6d7f-497d-b770-eb75585db3c7:192.168.157.194:42126], old=null
2019-11-04 16:02:19,472 [grpc-default-executor-0] INFO  impl.RaftServerImpl (RaftServerImpl.java:setRole(184)) - 81ff859e-e76f-43f5-951a-4a38422068cb@group-7855C2F36E53: changes role from  FOLLOWER to FOLLOWER at term 158 for recognizeCandidate:e3fb79a3-1f86-42af-a80c-c46d1acdbc29
2019-11-04 16:02:19,473 [grpc-default-executor-0] INFO  impl.RoleInfo (RoleInfo.java:shutdownFollowerState(121)) - 81ff859e-e76f-43f5-951a-4a38422068cb: shutdown FollowerState
2019-11-04 16:02:19,473 [grpc-default-executor-0] INFO  impl.RoleInfo (RoleInfo.java:updateAndGet(143)) - 81ff859e-e76f-43f5-951a-4a38422068cb: start FollowerState
2019-11-04 16:02:19,473 [Thread-1195] INFO  impl.FollowerState (FollowerState.java:run(117)) - 81ff859e-e76f-43f5-951a-4a38422068cb@group-7855C2F36E53-FollowerState was interrupted: java.lang.InterruptedException: sleep interrupted
2019-11-04 16:02:19,473 [grpc-default-executor-5] INFO  impl.RaftServerImpl (RaftServerImpl.java:setRole(184)) - a9143d84-6d7f-497d-b770-eb75585db3c7@group-7855C2F36E53: changes role from  FOLLOWER to FOLLOWER at term 158 for recognizeCandidate:e3fb79a3-1f86-42af-a80c-c46d1acdbc29
2019-11-04 16:02:19,473 [grpc-default-executor-5] INFO  impl.RoleInfo (RoleInfo.java:shutdownFollowerState(121)) - a9143d84-6d7f-497d-b770-eb75585db3c7: shutdown FollowerState
2019-11-04 16:02:19,473 [grpc-default-executor-5] INFO  impl.RoleInfo (RoleInfo.java:updateAndGet(143)) - a9143d84-6d7f-497d-b770-eb75585db3c7: start FollowerState
2019-11-04 16:02:19,473 [Thread-1196] INFO  impl.FollowerState (FollowerState.java:run(117)) - a9143d84-6d7f-497d-b770-eb75585db3c7@group-7855C2F36E53-FollowerState was interrupted: java.lang.InterruptedException: sleep interrupted
2019-11-04 16:02:19,491 [e3fb79a3-1f86-42af-a80c-c46d1acdbc29@group-7855C2F36E53-LeaderElection150] INFO  impl.LeaderElection (LeaderElection.java:logAndReturn(56)) - e3fb79a3-1f86-42af-a80c-c46d1acdbc29@group-7855C2F36E53-LeaderElection150: Election REJECTED; received 2 response(s) [e3fb79a3-1f86-42af-a80c-c46d1acdbc29<-81ff859e-e76f-43f5-951a-4a38422068cb#0:FAIL-t158, e3fb79a3-1f86-42af-a80c-c46d1acdbc29<-a9143d84-6d7f-497d-b770-eb75585db3c7#0:FAIL-t158] and 0 exception(s); e3fb79a3-1f86-42af-a80c-c46d1acdbc29@group-7855C2F36E53:t158, leader=null, voted=e3fb79a3-1f86-42af-a80c-c46d1acdbc29, raftlog=e3fb79a3-1f86-42af-a80c-c46d1acdbc29@group-7855C2F36E53-SegmentedRaftLog:OPENED:c-1,f-1,i0, conf=-1: [e3fb79a3-1f86-42af-a80c-c46d1acdbc29:192.168.157.194:44142, 81ff859e-e76f-43f5-951a-4a38422068cb:192.168.157.194:46532, a9143d84-6d7f-497d-b770-eb75585db3c7:192.168.157.194:42126], old=null
2019-11-04 16:02:19,491 [e3fb79a3-1f86-42af-a80c-c46d1acdbc29@group-7855C2F36E53-LeaderElection150] INFO  impl.RaftServerImpl (RaftServerImpl.java:setRole(184)) - e3fb79a3-1f86-42af-a80c-c46d1acdbc29@group-7855C2F36E53: changes role from CANDIDATE to FOLLOWER at term 158 for DISCOVERED_A_NEW_TERM
2019-11-04 16:02:19,491 [e3fb79a3-1f86-42af-a80c-c46d1acdbc29@group-7855C2F36E53-LeaderElection150] INFO  impl.RoleInfo (RoleInfo.java:shutdownLeaderElection(134)) - e3fb79a3-1f86-42af-a80c-c46d1acdbc29: shutdown LeaderElection
2019-11-04 16:02:19,492 [e3fb79a3-1f86-42af-a80c-c46d1acdbc29@group-7855C2F36E53-LeaderElection150] INFO  impl.RoleInfo (RoleInfo.java:updateAndGet(143)) - e3fb79a3-1f86-42af-a80c-c46d1acdbc29: start FollowerState
2019-11-04 16:02:19,609 [Thread-1201] INFO  impl.FollowerState (FollowerState.java:run(108)) - e3fb79a3-1f86-42af-a80c-c46d1acdbc29@group-7855C2F36E53-FollowerState: change to CANDIDATE, lastRpcTime:117ms, electionTimeout:117ms
2019-11-04 16:02:19,609 [Thread-1201] INFO  impl.RoleInfo (RoleInfo.java:shutdownFollowerState(121)) - e3fb79a3-1f86-42af-a80c-c46d1acdbc29: shutdown FollowerState
2019-11-04 16:02:19,609 [Thread-1201] INFO  impl.RaftServerImpl (RaftServerImpl.java:setRole(184)) - e3fb79a3-1f86-42af-a80c-c46d1acdbc29@group-7855C2F36E53: changes role from  FOLLOWER to CANDIDATE at term 158 for changeToCandidate
2019-11-04 16:02:19,610 [Thread-1201] INFO  impl.RoleInfo (RoleInfo.java:updateAndGet(143)) - e3fb79a3-1f86-42af-a80c-c46d1acdbc29: start LeaderElection
2019-11-04 16:02:19,625 [e3fb79a3-1f86-42af-a80c-c46d1acdbc29@group-7855C2F36E53-LeaderElection151] INFO  impl.LeaderElection (LeaderElection.java:askForVotes(178)) - e3fb79a3-1f86-42af-a80c-c46d1acdbc29@group-7855C2F36E53-LeaderElection151: begin an election at term 159 for -1: [e3fb79a3-1f86-42af-a80c-c46d1acdbc29:192.168.157.194:44142, 81ff859e-e76f-43f5-951a-4a38422068cb:192.168.157.194:46532, a9143d84-6d7f-497d-b770-eb75585db3c7:192.168.157.194:42126], old=null
2019-11-04 16:02:19,628 [grpc-default-executor-5] INFO  impl.RaftServerImpl (RaftServerImpl.java:setRole(184)) - 81ff859e-e76f-43f5-951a-4a38422068cb@group-7855C2F36E53: changes role from  FOLLOWER to FOLLOWER at term 159 for recognizeCandidate:e3fb79a3-1f86-42af-a80c-c46d1acdbc29
2019-11-04 16:02:19,628 [grpc-default-executor-5] INFO  impl.RoleInfo (RoleInfo.java:shutdownFollowerState(121)) - 81ff859e-e76f-43f5-951a-4a38422068cb: shutdown FollowerState
2019-11-04 16:02:19,628 [grpc-default-executor-5] INFO  impl.RoleInfo (RoleInfo.java:updateAndGet(143)) - 81ff859e-e76f-43f5-951a-4a38422068cb: start FollowerState
2019-11-04 16:02:19,628 [Thread-1199] INFO  impl.FollowerState (FollowerState.java:run(117)) - 81ff859e-e76f-43f5-951a-4a38422068cb@group-7855C2F36E53-FollowerState was interrupted: java.lang.InterruptedException: sleep interrupted
2019-11-04 16:02:19,628 [grpc-default-executor-0] INFO  impl.RaftServerImpl (RaftServerImpl.java:setRole(184)) - a9143d84-6d7f-497d-b770-eb75585db3c7@group-7855C2F36E53: changes role from  FOLLOWER to FOLLOWER at term 159 for recognizeCandidate:e3fb79a3-1f86-42af-a80c-c46d1acdbc29
2019-11-04 16:02:19,628 [grpc-default-executor-0] INFO  impl.RoleInfo (RoleInfo.java:shutdownFollowerState(121)) - a9143d84-6d7f-497d-b770-eb75585db3c7: shutdown FollowerState
2019-11-04 16:02:19,629 [grpc-default-executor-0] INFO  impl.RoleInfo (RoleInfo.java:updateAndGet(143)) - a9143d84-6d7f-497d-b770-eb75585db3c7: start FollowerState
2019-11-04 16:02:19,629 [Thread-1200] INFO  impl.FollowerState (FollowerState.java:run(117)) - a9143d84-6d7f-497d-b770-eb75585db3c7@group-7855C2F36E53-FollowerState was interrupted: java.lang.InterruptedException: sleep interrupted
2019-11-04 16:02:19,643 [e3fb79a3-1f86-42af-a80c-c46d1acdbc29@group-7855C2F36E53-LeaderElection151] INFO  impl.LeaderElection (LeaderElection.java:logAndReturn(56)) - e3fb79a3-1f86-42af-a80c-c46d1acdbc29@group-7855C2F36E53-LeaderElection151: Election REJECTED; received 2 response(s) [e3fb79a3-1f86-42af-a80c-c46d1acdbc29<-81ff859e-e76f-43f5-951a-4a38422068cb#0:FAIL-t159, e3fb79a3-1f86-42af-a80c-c46d1acdbc29<-a9143d84-6d7f-497d-b770-eb75585db3c7#0:FAIL-t159] and 0 exception(s); e3fb79a3-1f86-42af-a80c-c46d1acdbc29@group-7855C2F36E53:t159, leader=null, voted=e3fb79a3-1f86-42af-a80c-c46d1acdbc29, raftlog=e3fb79a3-1f86-42af-a80c-c46d1acdbc29@group-7855C2F36E53-SegmentedRaftLog:OPENED:c-1,f-1,i0, conf=-1: [e3fb79a3-1f86-42af-a80c-c46d1acdbc29:192.168.157.194:44142, 81ff859e-e76f-43f5-951a-4a38422068cb:192.168.157.194:46532, a9143d84-6d7f-497d-b770-eb75585db3c7:192.168.157.194:42126], old=null
2019-11-04 16:02:19,644 [e3fb79a3-1f86-42af-a80c-c46d1acdbc29@group-7855C2F36E53-LeaderElection151] INFO  impl.RaftServerImpl (RaftServerImpl.java:setRole(184)) - e3fb79a3-1f86-42af-a80c-c46d1acdbc29@group-7855C2F36E53: changes role from CANDIDATE to FOLLOWER at term 159 for DISCOVERED_A_NEW_TERM
2019-11-04 16:02:19,644 [e3fb79a3-1f86-42af-a80c-c46d1acdbc29@group-7855C2F36E53-LeaderElection151] INFO  impl.RoleInfo (RoleInfo.java:shutdownLeaderElection(134)) - e3fb79a3-1f86-42af-a80c-c46d1acdbc29: shutdown LeaderElection
2019-11-04 16:02:19,644 [e3fb79a3-1f86-42af-a80c-c46d1acdbc29@group-7855C2F36E53-LeaderElection151] INFO  impl.RoleInfo (RoleInfo.java:updateAndGet(143)) - e3fb79a3-1f86-42af-a80c-c46d1acdbc29: start FollowerState
2019-11-04 16:02:19,825 [Thread-1207] INFO  impl.FollowerState (FollowerState.java:run(108)) - e3fb79a3-1f86-42af-a80c-c46d1acdbc29@group-7855C2F36E53-FollowerState: change to CANDIDATE, lastRpcTime:181ms, electionTimeout:181ms
2019-11-04 16:02:19,826 [Thread-1207] INFO  impl.RoleInfo (RoleInfo.java:shutdownFollowerState(121)) - e3fb79a3-1f86-42af-a80c-c46d1acdbc29: shutdown FollowerState
2019-11-04 16:02:19,826 [Thread-1207] INFO  impl.RaftServerImpl (RaftServerImpl.java:setRole(184)) - e3fb79a3-1f86-42af-a80c-c46d1acdbc29@group-7855C2F36E53: changes role from  FOLLOWER to CANDIDATE at term 159 for changeToCandidate
2019-11-04 16:02:19,826 [Thread-1207] INFO  impl.RoleInfo (RoleInfo.java:updateAndGet(143)) - e3fb79a3-1f86-42af-a80c-c46d1acdbc29: start LeaderElection
2019-11-04 16:02:19,851 [e3fb79a3-1f86-42af-a80c-c46d1acdbc29@group-7855C2F36E53-LeaderElection152] INFO  impl.LeaderElection (LeaderElection.java:askForVotes(178)) - e3fb79a3-1f86-42af-a80c-c46d1acdbc29@group-7855C2F36E53-LeaderElection152: begin an election at term 160 for -1: [e3fb79a3-1f86-42af-a80c-c46d1acdbc29:192.168.157.194:44142, 81ff859e-e76f-43f5-951a-4a38422068cb:192.168.157.194:46532, a9143d84-6d7f-497d-b770-eb75585db3c7:192.168.157.194:42126], old=null
2019-11-04 16:02:19,854 [grpc-default-executor-5] INFO  impl.RaftServerImpl (RaftServerImpl.java:setRole(184)) - a9143d84-6d7f-497d-b770-eb75585db3c7@group-7855C2F36E53: changes role from  FOLLOWER to FOLLOWER at term 160 for recognizeCandidate:e3fb79a3-1f86-42af-a80c-c46d1acdbc29
2019-11-04 16:02:19,854 [grpc-default-executor-0] INFO  impl.RaftServerImpl (RaftServerImpl.java:setRole(184)) - 81ff859e-e76f-43f5-951a-4a38422068cb@group-7855C2F36E53: changes role from  FOLLOWER to FOLLOWER at term 160 for recognizeCandidate:e3fb79a3-1f86-42af-a80c-c46d1acdbc29
2019-11-04 16:02:19,855 [grpc-default-executor-0] INFO  impl.RoleInfo (RoleInfo.java:shutdownFollowerState(121)) - 81ff859e-e76f-43f5-951a-4a38422068cb: shutdown FollowerState
2019-11-04 16:02:19,854 [grpc-default-executor-5] INFO  impl.RoleInfo (RoleInfo.java:shutdownFollowerState(121)) - a9143d84-6d7f-497d-b770-eb75585db3c7: shutdown FollowerState
2019-11-04 16:02:19,855 [Thread-1205] INFO  impl.FollowerState (FollowerState.java:run(117)) - 81ff859e-e76f-43f5-951a-4a38422068cb@group-7855C2F36E53-FollowerState was interrupted: java.lang.InterruptedException: sleep interrupted
2019-11-04 16:02:19,855 [grpc-default-executor-0] INFO  impl.RoleInfo (RoleInfo.java:updateAndGet(143)) - 81ff859e-e76f-43f5-951a-4a38422068cb: start FollowerState
2019-11-04 16:02:19,855 [Thread-1206] INFO  impl.FollowerState (FollowerState.java:run(117)) - a9143d84-6d7f-497d-b770-eb75585db3c7@group-7855C2F36E53-FollowerState was interrupted: java.lang.InterruptedException: sleep interrupted
2019-11-04 16:02:19,855 [grpc-default-executor-5] INFO  impl.RoleInfo (RoleInfo.java:updateAndGet(143)) - a9143d84-6d7f-497d-b770-eb75585db3c7: start FollowerState
2019-11-04 16:02:19,869 [e3fb79a3-1f86-42af-a80c-c46d1acdbc29@group-7855C2F36E53-LeaderElection152] INFO  impl.LeaderElection (LeaderElection.java:logAndReturn(56)) - e3fb79a3-1f86-42af-a80c-c46d1acdbc29@group-7855C2F36E53-LeaderElection152: Election REJECTED; received 2 response(s) [e3fb79a3-1f86-42af-a80c-c46d1acdbc29<-81ff859e-e76f-43f5-951a-4a38422068cb#0:FAIL-t160, e3fb79a3-1f86-42af-a80c-c46d1acdbc29<-a9143d84-6d7f-497d-b770-eb75585db3c7#0:FAIL-t160] and 0 exception(s); e3fb79a3-1f86-42af-a80c-c46d1acdbc29@group-7855C2F36E53:t160, leader=null, voted=e3fb79a3-1f86-42af-a80c-c46d1acdbc29, raftlog=e3fb79a3-1f86-42af-a80c-c46d1acdbc29@group-7855C2F36E53-SegmentedRaftLog:OPENED:c-1,f-1,i0, conf=-1: [e3fb79a3-1f86-42af-a80c-c46d1acdbc29:192.168.157.194:44142, 81ff859e-e76f-43f5-951a-4a38422068cb:192.168.157.194:46532, a9143d84-6d7f-497d-b770-eb75585db3c7:192.168.157.194:42126], old=null
2019-11-04 16:02:19,869 [e3fb79a3-1f86-42af-a80c-c46d1acdbc29@group-7855C2F36E53-LeaderElection152] INFO  impl.RaftServerImpl (RaftServerImpl.java:setRole(184)) - e3fb79a3-1f86-42af-a80c-c46d1acdbc29@group-7855C2F36E53: changes role from CANDIDATE to FOLLOWER at term 160 for DISCOVERED_A_NEW_TERM
2019-11-04 16:02:19,869 [e3fb79a3-1f86-42af-a80c-c46d1acdbc29@group-7855C2F36E53-LeaderElection152] INFO  impl.RoleInfo (RoleInfo.java:shutdownLeaderElection(134)) - e3fb79a3-1f86-42af-a80c-c46d1acdbc29: shutdown LeaderElection
2019-11-04 16:02:19,869 [e3fb79a3-1f86-42af-a80c-c46d1acdbc29@group-7855C2F36E53-LeaderElection152] INFO  impl.RoleInfo (RoleInfo.java:updateAndGet(143)) - e3fb79a3-1f86-42af-a80c-c46d1acdbc29: start FollowerState
2019-11-04 16:02:19,990 [Thread-1213] INFO  impl.FollowerState (FollowerState.java:run(108)) - e3fb79a3-1f86-42af-a80c-c46d1acdbc29@group-7855C2F36E53-FollowerState: change to CANDIDATE, lastRpcTime:120ms, electionTimeout:120ms
2019-11-04 16:02:19,990 [Thread-1213] INFO  impl.RoleInfo (RoleInfo.java:shutdownFollowerState(121)) - e3fb79a3-1f86-42af-a80c-c46d1acdbc29: shutdown FollowerState
2019-11-04 16:02:19,990 [Thread-1213] INFO  impl.RaftServerImpl (RaftServerImpl.java:setRole(184)) - e3fb79a3-1f86-42af-a80c-c46d1acdbc29@group-7855C2F36E53: changes role from  FOLLOWER to CANDIDATE at term 160 for changeToCandidate
2019-11-04 16:02:19,990 [Thread-1213] INFO  impl.RoleInfo (RoleInfo.java:updateAndGet(143)) - e3fb79a3-1f86-42af-a80c-c46d1acdbc29: start LeaderElection
2019-11-04 16:02:20,004 [e3fb79a3-1f86-42af-a80c-c46d1acdbc29@group-7855C2F36E53-LeaderElection153] INFO  impl.LeaderElection (LeaderElection.java:askForVotes(178)) - e3fb79a3-1f86-42af-a80c-c46d1acdbc29@group-7855C2F36E53-LeaderElection153: begin an election at term 161 for -1: [e3fb79a3-1f86-42af-a80c-c46d1acdbc29:192.168.157.194:44142, 81ff859e-e76f-43f5-951a-4a38422068cb:192.168.157.194:46532, a9143d84-6d7f-497d-b770-eb75585db3c7:192.168.157.194:42126], old=null
2019-11-04 16:02:20,007 [grpc-default-executor-0] INFO  impl.RaftServerImpl (RaftServerImpl.java:setRole(184)) - 81ff859e-e76f-43f5-951a-4a38422068cb@group-7855C2F36E53: changes role from  FOLLOWER to FOLLOWER at term 161 for recognizeCandidate:e3fb79a3-1f86-42af-a80c-c46d1acdbc29
2019-11-04 16:02:20,007 [grpc-default-executor-5] INFO  impl.RaftServerImpl (RaftServerImpl.java:setRole(184)) - a9143d84-6d7f-497d-b770-eb75585db3c7@group-7855C2F36E53: changes role from  FOLLOWER to FOLLOWER at term 161 for recognizeCandidate:e3fb79a3-1f86-42af-a80c-c46d1acdbc29
2019-11-04 16:02:20,007 [grpc-default-executor-0] INFO  impl.RoleInfo (RoleInfo.java:shutdownFollowerState(121)) - 81ff859e-e76f-43f5-951a-4a38422068cb: shutdown FollowerState
2019-11-04 16:02:20,007 [grpc-default-executor-5] INFO  impl.RoleInfo (RoleInfo.java:shutdownFollowerState(121)) - a9143d84-6d7f-497d-b770-eb75585db3c7: shutdown FollowerState
2019-11-04 16:02:20,007 [Thread-1211] INFO  impl.FollowerState (FollowerState.java:run(117)) - 81ff859e-e76f-43f5-951a-4a38422068cb@group-7855C2F36E53-FollowerState was interrupted: java.lang.InterruptedException: sleep interrupted
2019-11-04 16:02:20,007 [grpc-default-executor-0] INFO  impl.RoleInfo (RoleInfo.java:updateAndGet(143)) - 81ff859e-e76f-43f5-951a-4a38422068cb: start FollowerState
2019-11-04 16:02:20,008 [Thread-1212] INFO  impl.FollowerState (FollowerState.java:run(117)) - a9143d84-6d7f-497d-b770-eb75585db3c7@group-7855C2F36E53-FollowerState was interrupted: java.lang.InterruptedException: sleep interrupted
2019-11-04 16:02:20,007 [grpc-default-executor-5] INFO  impl.RoleInfo (RoleInfo.java:updateAndGet(143)) - a9143d84-6d7f-497d-b770-eb75585db3c7: start FollowerState
2019-11-04 16:02:20,023 [e3fb79a3-1f86-42af-a80c-c46d1acdbc29@group-7855C2F36E53-LeaderElection153] INFO  impl.LeaderElection (LeaderElection.java:logAndReturn(56)) - e3fb79a3-1f86-42af-a80c-c46d1acdbc29@group-7855C2F36E53-LeaderElection153: Election REJECTED; received 2 response(s) [e3fb79a3-1f86-42af-a80c-c46d1acdbc29<-81ff859e-e76f-43f5-951a-4a38422068cb#0:FAIL-t161, e3fb79a3-1f86-42af-a80c-c46d1acdbc29<-a9143d84-6d7f-497d-b770-eb75585db3c7#0:FAIL-t161] and 0 exception(s); e3fb79a3-1f86-42af-a80c-c46d1acdbc29@group-7855C2F36E53:t161, leader=null, voted=e3fb79a3-1f86-42af-a80c-c46d1acdbc29, raftlog=e3fb79a3-1f86-42af-a80c-c46d1acdbc29@group-7855C2F36E53-SegmentedRaftLog:OPENED:c-1,f-1,i0, conf=-1: [e3fb79a3-1f86-42af-a80c-c46d1acdbc29:192.168.157.194:44142, 81ff859e-e76f-43f5-951a-4a38422068cb:192.168.157.194:46532, a9143d84-6d7f-497d-b770-eb75585db3c7:192.168.157.194:42126], old=null
2019-11-04 16:02:20,024 [e3fb79a3-1f86-42af-a80c-c46d1acdbc29@group-7855C2F36E53-LeaderElection153] INFO  impl.RaftServerImpl (RaftServerImpl.java:setRole(184)) - e3fb79a3-1f86-42af-a80c-c46d1acdbc29@group-7855C2F36E53: changes role from CANDIDATE to FOLLOWER at term 161 for DISCOVERED_A_NEW_TERM
2019-11-04 16:02:20,024 [e3fb79a3-1f86-42af-a80c-c46d1acdbc29@group-7855C2F36E53-LeaderElection153] INFO  impl.RoleInfo (RoleInfo.java:shutdownLeaderElection(134)) - e3fb79a3-1f86-42af-a80c-c46d1acdbc29: shutdown LeaderElection
2019-11-04 16:02:20,024 [e3fb79a3-1f86-42af-a80c-c46d1acdbc29@group-7855C2F36E53-LeaderElection153] INFO  impl.RoleInfo (RoleInfo.java:updateAndGet(143)) - e3fb79a3-1f86-42af-a80c-c46d1acdbc29: start FollowerState
2019-11-04 16:02:20,181 [Thread-1219] INFO  impl.FollowerState (FollowerState.java:run(108)) - e3fb79a3-1f86-42af-a80c-c46d1acdbc29@group-7855C2F36E53-FollowerState: change to CANDIDATE, lastRpcTime:157ms, electionTimeout:157ms
2019-11-04 16:02:20,182 [Thread-1219] INFO  impl.RoleInfo (RoleInfo.java:shutdownFollowerState(121)) - e3fb79a3-1f86-42af-a80c-c46d1acdbc29: shutdown FollowerState
2019-11-04 16:02:20,182 [Thread-1219] INFO  impl.RaftServerImpl (RaftServerImpl.java:setRole(184)) - e3fb79a3-1f86-42af-a80c-c46d1acdbc29@group-7855C2F36E53: changes role from  FOLLOWER to CANDIDATE at term 161 for changeToCandidate
2019-11-04 16:02:20,182 [Thread-1219] INFO  impl.RoleInfo (RoleInfo.java:updateAndGet(143)) - e3fb79a3-1f86-42af-a80c-c46d1acdbc29: start LeaderElection
2019-11-04 16:02:20,196 [e3fb79a3-1f86-42af-a80c-c46d1acdbc29@group-7855C2F36E53-LeaderElection154] INFO  impl.LeaderElection (LeaderElection.java:askForVotes(178)) - e3fb79a3-1f86-42af-a80c-c46d1acdbc29@group-7855C2F36E53-LeaderElection154: begin an election at term 162 for -1: [e3fb79a3-1f86-42af-a80c-c46d1acdbc29:192.168.157.194:44142, 81ff859e-e76f-43f5-951a-4a38422068cb:192.168.157.194:46532, a9143d84-6d7f-497d-b770-eb75585db3c7:192.168.157.194:42126], old=null
2019-11-04 16:02:20,199 [grpc-default-executor-0] INFO  impl.RaftServerImpl (RaftServerImpl.java:setRole(184)) - a9143d84-6d7f-497d-b770-eb75585db3c7@group-7855C2F36E53: changes role from  FOLLOWER to FOLLOWER at term 162 for recognizeCandidate:e3fb79a3-1f86-42af-a80c-c46d1acdbc29
2019-11-04 16:02:20,199 [grpc-default-executor-5] INFO  impl.RaftServerImpl (RaftServerImpl.java:setRole(184)) - 81ff859e-e76f-43f5-951a-4a38422068cb@group-7855C2F36E53: changes role from  FOLLOWER to FOLLOWER at term 162 for recognizeCandidate:e3fb79a3-1f86-42af-a80c-c46d1acdbc29
2019-11-04 16:02:20,199 [grpc-default-executor-0] INFO  impl.RoleInfo (RoleInfo.java:shutdownFollowerState(121)) - a9143d84-6d7f-497d-b770-eb75585db3c7: shutdown FollowerState
2019-11-04 16:02:20,199 [grpc-default-executor-5] INFO  impl.RoleInfo (RoleInfo.java:shutdownFollowerState(121)) - 81ff859e-e76f-43f5-951a-4a38422068cb: shutdown FollowerState
2019-11-04 16:02:20,199 [grpc-default-executor-0] INFO  impl.RoleInfo (RoleInfo.java:updateAndGet(143)) - a9143d84-6d7f-497d-b770-eb75585db3c7: start FollowerState
2019-11-04 16:02:20,200 [grpc-default-executor-5] INFO  impl.RoleInfo (RoleInfo.java:updateAndGet(143)) - 81ff859e-e76f-43f5-951a-4a38422068cb: start FollowerState
2019-11-04 16:02:20,200 [Thread-1218] INFO  impl.FollowerState (FollowerState.java:run(117)) - a9143d84-6d7f-497d-b770-eb75585db3c7@group-7855C2F36E53-FollowerState was interrupted: java.lang.InterruptedException: sleep interrupted
2019-11-04 16:02:20,200 [Thread-1217] INFO  impl.FollowerState (FollowerState.java:run(117)) - 81ff859e-e76f-43f5-951a-4a38422068cb@group-7855C2F36E53-FollowerState was interrupted: java.lang.InterruptedException: sleep interrupted
2019-11-04 16:02:20,214 [e3fb79a3-1f86-42af-a80c-c46d1acdbc29@group-7855C2F36E53-LeaderElection154] INFO  impl.LeaderElection (LeaderElection.java:logAndReturn(56)) - e3fb79a3-1f86-42af-a80c-c46d1acdbc29@group-7855C2F36E53-LeaderElection154: Election REJECTED; received 2 response(s) [e3fb79a3-1f86-42af-a80c-c46d1acdbc29<-81ff859e-e76f-43f5-951a-4a38422068cb#0:FAIL-t162, e3fb79a3-1f86-42af-a80c-c46d1acdbc29<-a9143d84-6d7f-497d-b770-eb75585db3c7#0:FAIL-t162] and 0 exception(s); e3fb79a3-1f86-42af-a80c-c46d1acdbc29@group-7855C2F36E53:t162, leader=null, voted=e3fb79a3-1f86-42af-a80c-c46d1acdbc29, raftlog=e3fb79a3-1f86-42af-a80c-c46d1acdbc29@group-7855C2F36E53-SegmentedRaftLog:OPENED:c-1,f-1,i0, conf=-1: [e3fb79a3-1f86-42af-a80c-c46d1acdbc29:192.168.157.194:44142, 81ff859e-e76f-43f5-951a-4a38422068cb:192.168.157.194:46532, a9143d84-6d7f-497d-b770-eb75585db3c7:192.168.157.194:42126], old=null
2019-11-04 16:02:20,215 [e3fb79a3-1f86-42af-a80c-c46d1acdbc29@group-7855C2F36E53-LeaderElection154] INFO  impl.RaftServerImpl (RaftServerImpl.java:setRole(184)) - e3fb79a3-1f86-42af-a80c-c46d1acdbc29@group-7855C2F36E53: changes role from CANDIDATE to FOLLOWER at term 162 for DISCOVERED_A_NEW_TERM
2019-11-04 16:02:20,215 [e3fb79a3-1f86-42af-a80c-c46d1acdbc29@group-7855C2F36E53-LeaderElection154] INFO  impl.RoleInfo (RoleInfo.java:shutdownLeaderElection(134)) - e3fb79a3-1f86-42af-a80c-c46d1acdbc29: shutdown LeaderElection
2019-11-04 16:02:20,215 [e3fb79a3-1f86-42af-a80c-c46d1acdbc29@group-7855C2F36E53-LeaderElection154] INFO  impl.RoleInfo (RoleInfo.java:updateAndGet(143)) - e3fb79a3-1f86-42af-a80c-c46d1acdbc29: start FollowerState
2019-11-04 16:02:20,333 [Thread-1227] INFO  impl.FollowerState (FollowerState.java:run(108)) - e3fb79a3-1f86-42af-a80c-c46d1acdbc29@group-7855C2F36E53-FollowerState: change to CANDIDATE, lastRpcTime:118ms, electionTimeout:118ms
2019-11-04 16:02:20,333 [Thread-1227] INFO  impl.RoleInfo (RoleInfo.java:shutdownFollowerState(121)) - e3fb79a3-1f86-42af-a80c-c46d1acdbc29: shutdown FollowerState
2019-11-04 16:02:20,334 [Thread-1227] INFO  impl.RaftServerImpl (RaftServerImpl.java:setRole(184)) - e3fb79a3-1f86-42af-a80c-c46d1acdbc29@group-7855C2F36E53: changes role from  FOLLOWER to CANDIDATE at term 162 for changeToCandidate
2019-11-04 16:02:20,334 [Thread-1227] INFO  impl.RoleInfo (RoleInfo.java:updateAndGet(143)) - e3fb79a3-1f86-42af-a80c-c46d1acdbc29: start LeaderElection
2019-11-04 16:02:20,348 [e3fb79a3-1f86-42af-a80c-c46d1acdbc29@group-7855C2F36E53-LeaderElection155] INFO  impl.LeaderElection (LeaderElection.java:askForVotes(178)) - e3fb79a3-1f86-42af-a80c-c46d1acdbc29@group-7855C2F36E53-LeaderElection155: begin an election at term 163 for -1: [e3fb79a3-1f86-42af-a80c-c46d1acdbc29:192.168.157.194:44142, 81ff859e-e76f-43f5-951a-4a38422068cb:192.168.157.194:46532, a9143d84-6d7f-497d-b770-eb75585db3c7:192.168.157.194:42126], old=null
2019-11-04 16:02:20,350 [grpc-default-executor-0] INFO  impl.RaftServerImpl (RaftServerImpl.java:setRole(184)) - 81ff859e-e76f-43f5-951a-4a38422068cb@group-7855C2F36E53: changes role from  FOLLOWER to FOLLOWER at term 163 for recognizeCandidate:e3fb79a3-1f86-42af-a80c-c46d1acdbc29
2019-11-04 16:02:20,350 [grpc-default-executor-0] INFO  impl.RoleInfo (RoleInfo.java:shutdownFollowerState(121)) - 81ff859e-e76f-43f5-951a-4a38422068cb: shutdown FollowerState
2019-11-04 16:02:20,350 [grpc-default-executor-5] INFO  impl.RaftServerImpl (RaftServerImpl.java:setRole(184)) - a9143d84-6d7f-497d-b770-eb75585db3c7@group-7855C2F36E53: changes role from  FOLLOWER to FOLLOWER at term 163 for recognizeCandidate:e3fb79a3-1f86-42af-a80c-c46d1acdbc29
2019-11-04 16:02:20,350 [Thread-1226] INFO  impl.FollowerState (FollowerState.java:run(117)) - 81ff859e-e76f-43f5-951a-4a38422068cb@group-7855C2F36E53-FollowerState was interrupted: java.lang.InterruptedException: sleep interrupted
2019-11-04 16:02:20,350 [grpc-default-executor-5] INFO  impl.RoleInfo (RoleInfo.java:shutdownFollowerState(121)) - a9143d84-6d7f-497d-b770-eb75585db3c7: shutdown FollowerState
2019-11-04 16:02:20,350 [grpc-default-executor-0] INFO  impl.RoleInfo (RoleInfo.java:updateAndGet(143)) - 81ff859e-e76f-43f5-951a-4a38422068cb: start FollowerState
2019-11-04 16:02:20,351 [Thread-1225] INFO  impl.FollowerState (FollowerState.java:run(117)) - a9143d84-6d7f-497d-b770-eb75585db3c7@group-7855C2F36E53-FollowerState was interrupted: java.lang.InterruptedException: sleep interrupted
2019-11-04 16:02:20,351 [grpc-default-executor-5] INFO  impl.RoleInfo (RoleInfo.java:updateAndGet(143)) - a9143d84-6d7f-497d-b770-eb75585db3c7: start FollowerState
2019-11-04 16:02:20,366 [e3fb79a3-1f86-42af-a80c-c46d1acdbc29@group-7855C2F36E53-LeaderElection155] INFO  impl.LeaderElection (LeaderElection.java:logAndReturn(56)) - e3fb79a3-1f86-42af-a80c-c46d1acdbc29@group-7855C2F36E53-LeaderElection155: Election REJECTED; received 2 response(s) [e3fb79a3-1f86-42af-a80c-c46d1acdbc29<-81ff859e-e76f-43f5-951a-4a38422068cb#0:FAIL-t163, e3fb79a3-1f86-42af-a80c-c46d1acdbc29<-a9143d84-6d7f-497d-b770-eb75585db3c7#0:FAIL-t163] and 0 exception(s); e3fb79a3-1f86-42af-a80c-c46d1acdbc29@group-7855C2F36E53:t163, leader=null, voted=e3fb79a3-1f86-42af-a80c-c46d1acdbc29, raftlog=e3fb79a3-1f86-42af-a80c-c46d1acdbc29@group-7855C2F36E53-SegmentedRaftLog:OPENED:c-1,f-1,i0, conf=-1: [e3fb79a3-1f86-42af-a80c-c46d1acdbc29:192.168.157.194:44142, 81ff859e-e76f-43f5-951a-4a38422068cb:192.168.157.194:46532, a9143d84-6d7f-497d-b770-eb75585db3c7:192.168.157.194:42126], old=null
2019-11-04 16:02:20,366 [e3fb79a3-1f86-42af-a80c-c46d1acdbc29@group-7855C2F36E53-LeaderElection155] INFO  impl.RaftServerImpl (RaftServerImpl.java:setRole(184)) - e3fb79a3-1f86-42af-a80c-c46d1acdbc29@group-7855C2F36E53: changes role from CANDIDATE to FOLLOWER at term 163 for DISCOVERED_A_NEW_TERM
2019-11-04 16:02:20,366 [e3fb79a3-1f86-42af-a80c-c46d1acdbc29@group-7855C2F36E53-LeaderElection155] INFO  impl.RoleInfo (RoleInfo.java:shutdownLeaderElection(134)) - e3fb79a3-1f86-42af-a80c-c46d1acdbc29: shutdown LeaderElection
2019-11-04 16:02:20,366 [e3fb79a3-1f86-42af-a80c-c46d1acdbc29@group-7855C2F36E53-LeaderElection155] INFO  impl.RoleInfo (RoleInfo.java:updateAndGet(143)) - e3fb79a3-1f86-42af-a80c-c46d1acdbc29: start FollowerState
2019-11-04 16:02:20,414 [Thread-1233] INFO  impl.FollowerState (FollowerState.java:run(108)) - e3fb79a3-1f86-42af-a80c-c46d1acdbc29@group-7855C2F36E53-FollowerState: change to CANDIDATE, lastRpcTime:48ms, electionTimeout:48ms
2019-11-04 16:02:20,415 [Thread-1233] INFO  impl.RoleInfo (RoleInfo.java:shutdownFollowerState(121)) - e3fb79a3-1f86-42af-a80c-c46d1acdbc29: shutdown FollowerState
2019-11-04 16:02:20,415 [Thread-1233] INFO  impl.RaftServerImpl (RaftServerImpl.java:setRole(184)) - e3fb79a3-1f86-42af-a80c-c46d1acdbc29@group-7855C2F36E53: changes role from  FOLLOWER to CANDIDATE at term 163 for changeToCandidate
2019-11-04 16:02:20,415 [Thread-1233] INFO  impl.RoleInfo (RoleInfo.java:updateAndGet(143)) - e3fb79a3-1f86-42af-a80c-c46d1acdbc29: start LeaderElection
2019-11-04 16:02:20,428 [e3fb79a3-1f86-42af-a80c-c46d1acdbc29@group-7855C2F36E53-LeaderElection156] INFO  impl.LeaderElection (LeaderElection.java:askForVotes(178)) - e3fb79a3-1f86-42af-a80c-c46d1acdbc29@group-7855C2F36E53-LeaderElection156: begin an election at term 164 for -1: [e3fb79a3-1f86-42af-a80c-c46d1acdbc29:192.168.157.194:44142, 81ff859e-e76f-43f5-951a-4a38422068cb:192.168.157.194:46532, a9143d84-6d7f-497d-b770-eb75585db3c7:192.168.157.194:42126], old=null
2019-11-04 16:02:20,430 [grpc-default-executor-5] INFO  impl.RaftServerImpl (RaftServerImpl.java:setRole(184)) - 81ff859e-e76f-43f5-951a-4a38422068cb@group-7855C2F36E53: changes role from  FOLLOWER to FOLLOWER at term 164 for recognizeCandidate:e3fb79a3-1f86-42af-a80c-c46d1acdbc29
2019-11-04 16:02:20,430 [grpc-default-executor-0] INFO  impl.RaftServerImpl (RaftServerImpl.java:setRole(184)) - a9143d84-6d7f-497d-b770-eb75585db3c7@group-7855C2F36E53: changes role from  FOLLOWER to FOLLOWER at term 164 for recognizeCandidate:e3fb79a3-1f86-42af-a80c-c46d1acdbc29
2019-11-04 16:02:20,431 [grpc-default-executor-0] INFO  impl.RoleInfo (RoleInfo.java:shutdownFollowerState(121)) - a9143d84-6d7f-497d-b770-eb75585db3c7: shutdown FollowerState
2019-11-04 16:02:20,430 [grpc-default-executor-5] INFO  impl.RoleInfo (RoleInfo.java:shutdownFollowerState(121)) - 81ff859e-e76f-43f5-951a-4a38422068cb: shutdown FollowerState
2019-11-04 16:02:20,431 [Thread-1232] INFO  impl.FollowerState (FollowerState.java:run(117)) - a9143d84-6d7f-497d-b770-eb75585db3c7@group-7855C2F36E53-FollowerState was interrupted: java.lang.InterruptedException: sleep interrupted
2019-11-04 16:02:20,431 [grpc-default-executor-5] INFO  impl.RoleInfo (RoleInfo.java:updateAndGet(143)) - 81ff859e-e76f-43f5-951a-4a38422068cb: start FollowerState
2019-11-04 16:02:20,431 [grpc-default-executor-0] INFO  impl.RoleInfo (RoleInfo.java:updateAndGet(143)) - a9143d84-6d7f-497d-b770-eb75585db3c7: start FollowerState
2019-11-04 16:02:20,431 [Thread-1231] INFO  impl.FollowerState (FollowerState.java:run(117)) - 81ff859e-e76f-43f5-951a-4a38422068cb@group-7855C2F36E53-FollowerState was interrupted: java.lang.InterruptedException: sleep interrupted
2019-11-04 16:02:20,454 [e3fb79a3-1f86-42af-a80c-c46d1acdbc29@group-7855C2F36E53-LeaderElection156] INFO  impl.LeaderElection (LeaderElection.java:logAndReturn(56)) - e3fb79a3-1f86-42af-a80c-c46d1acdbc29@group-7855C2F36E53-LeaderElection156: Election REJECTED; received 2 response(s) [e3fb79a3-1f86-42af-a80c-c46d1acdbc29<-81ff859e-e76f-43f5-951a-4a38422068cb#0:FAIL-t164, e3fb79a3-1f86-42af-a80c-c46d1acdbc29<-a9143d84-6d7f-497d-b770-eb75585db3c7#0:FAIL-t164] and 0 exception(s); e3fb79a3-1f86-42af-a80c-c46d1acdbc29@group-7855C2F36E53:t164, leader=null, voted=e3fb79a3-1f86-42af-a80c-c46d1acdbc29, raftlog=e3fb79a3-1f86-42af-a80c-c46d1acdbc29@group-7855C2F36E53-SegmentedRaftLog:OPENED:c-1,f-1,i0, conf=-1: [e3fb79a3-1f86-42af-a80c-c46d1acdbc29:192.168.157.194:44142, 81ff859e-e76f-43f5-951a-4a38422068cb:192.168.157.194:46532, a9143d84-6d7f-497d-b770-eb75585db3c7:192.168.157.194:42126], old=null
2019-11-04 16:02:20,454 [e3fb79a3-1f86-42af-a80c-c46d1acdbc29@group-7855C2F36E53-LeaderElection156] INFO  impl.RaftServerImpl (RaftServerImpl.java:setRole(184)) - e3fb79a3-1f86-42af-a80c-c46d1acdbc29@group-7855C2F36E53: changes role from CANDIDATE to FOLLOWER at term 164 for DISCOVERED_A_NEW_TERM
2019-11-04 16:02:20,454 [e3fb79a3-1f86-42af-a80c-c46d1acdbc29@group-7855C2F36E53-LeaderElection156] INFO  impl.RoleInfo (RoleInfo.java:shutdownLeaderElection(134)) - e3fb79a3-1f86-42af-a80c-c46d1acdbc29: shutdown LeaderElection
2019-11-04 16:02:20,454 [e3fb79a3-1f86-42af-a80c-c46d1acdbc29@group-7855C2F36E53-LeaderElection156] INFO  impl.RoleInfo (RoleInfo.java:updateAndGet(143)) - e3fb79a3-1f86-42af-a80c-c46d1acdbc29: start FollowerState
2019-11-04 16:02:20,626 [Thread-1239] INFO  impl.FollowerState (FollowerState.java:run(108)) - e3fb79a3-1f86-42af-a80c-c46d1acdbc29@group-7855C2F36E53-FollowerState: change to CANDIDATE, lastRpcTime:171ms, electionTimeout:171ms
2019-11-04 16:02:20,626 [Thread-1239] INFO  impl.RoleInfo (RoleInfo.java:shutdownFollowerState(121)) - e3fb79a3-1f86-42af-a80c-c46d1acdbc29: shutdown FollowerState
2019-11-04 16:02:20,626 [Thread-1239] INFO  impl.RaftServerImpl (RaftServerImpl.java:setRole(184)) - e3fb79a3-1f86-42af-a80c-c46d1acdbc29@group-7855C2F36E53: changes role from  FOLLOWER to CANDIDATE at term 164 for changeToCandidate
2019-11-04 16:02:20,626 [Thread-1239] INFO  impl.RoleInfo (RoleInfo.java:updateAndGet(143)) - e3fb79a3-1f86-42af-a80c-c46d1acdbc29: start LeaderElection
2019-11-04 16:02:20,636 [e3fb79a3-1f86-42af-a80c-c46d1acdbc29@group-7855C2F36E53-LeaderElection157] INFO  impl.LeaderElection (LeaderElection.java:askForVotes(178)) - e3fb79a3-1f86-42af-a80c-c46d1acdbc29@group-7855C2F36E53-LeaderElection157: begin an election at term 165 for -1: [e3fb79a3-1f86-42af-a80c-c46d1acdbc29:192.168.157.194:44142, 81ff859e-e76f-43f5-951a-4a38422068cb:192.168.157.194:46532, a9143d84-6d7f-497d-b770-eb75585db3c7:192.168.157.194:42126], old=null
2019-11-04 16:02:20,638 [grpc-default-executor-5] INFO  impl.RaftServerImpl (RaftServerImpl.java:setRole(184)) - 81ff859e-e76f-43f5-951a-4a38422068cb@group-7855C2F36E53: changes role from  FOLLOWER to FOLLOWER at term 165 for recognizeCandidate:e3fb79a3-1f86-42af-a80c-c46d1acdbc29
2019-11-04 16:02:20,638 [grpc-default-executor-0] INFO  impl.RaftServerImpl (RaftServerImpl.java:setRole(184)) - a9143d84-6d7f-497d-b770-eb75585db3c7@group-7855C2F36E53: changes role from  FOLLOWER to FOLLOWER at term 165 for recognizeCandidate:e3fb79a3-1f86-42af-a80c-c46d1acdbc29
2019-11-04 16:02:20,638 [grpc-default-executor-5] INFO  impl.RoleInfo (RoleInfo.java:shutdownFollowerState(121)) - 81ff859e-e76f-43f5-951a-4a38422068cb: shutdown FollowerState
2019-11-04 16:02:20,638 [grpc-default-executor-0] INFO  impl.RoleInfo (RoleInfo.java:shutdownFollowerState(121)) - a9143d84-6d7f-497d-b770-eb75585db3c7: shutdown FollowerState
2019-11-04 16:02:20,639 [grpc-default-executor-5] INFO  impl.RoleInfo (RoleInfo.java:updateAndGet(143)) - 81ff859e-e76f-43f5-951a-4a38422068cb: start FollowerState
2019-11-04 16:02:20,639 [Thread-1237] INFO  impl.FollowerState (FollowerState.java:run(117)) - a9143d84-6d7f-497d-b770-eb75585db3c7@group-7855C2F36E53-FollowerState was interrupted: java.lang.InterruptedException: sleep interrupted
2019-11-04 16:02:20,639 [grpc-default-executor-0] INFO  impl.RoleInfo (RoleInfo.java:updateAndGet(143)) - a9143d84-6d7f-497d-b770-eb75585db3c7: start FollowerState
2019-11-04 16:02:20,639 [Thread-1238] INFO  impl.FollowerState (FollowerState.java:run(117)) - 81ff859e-e76f-43f5-951a-4a38422068cb@group-7855C2F36E53-FollowerState was interrupted: java.lang.InterruptedException: sleep interrupted
2019-11-04 16:02:20,653 [e3fb79a3-1f86-42af-a80c-c46d1acdbc29@group-7855C2F36E53-LeaderElection157] INFO  impl.LeaderElection (LeaderElection.java:logAndReturn(56)) - e3fb79a3-1f86-42af-a80c-c46d1acdbc29@group-7855C2F36E53-LeaderElection157: Election REJECTED; received 2 response(s) [e3fb79a3-1f86-42af-a80c-c46d1acdbc29<-81ff859e-e76f-43f5-951a-4a38422068cb#0:FAIL-t165, e3fb79a3-1f86-42af-a80c-c46d1acdbc29<-a9143d84-6d7f-497d-b770-eb75585db3c7#0:FAIL-t165] and 0 exception(s); e3fb79a3-1f86-42af-a80c-c46d1acdbc29@group-7855C2F36E53:t165, leader=null, voted=e3fb79a3-1f86-42af-a80c-c46d1acdbc29, raftlog=e3fb79a3-1f86-42af-a80c-c46d1acdbc29@group-7855C2F36E53-SegmentedRaftLog:OPENED:c-1,f-1,i0, conf=-1: [e3fb79a3-1f86-42af-a80c-c46d1acdbc29:192.168.157.194:44142, 81ff859e-e76f-43f5-951a-4a38422068cb:192.168.157.194:46532, a9143d84-6d7f-497d-b770-eb75585db3c7:192.168.157.194:42126], old=null
2019-11-04 16:02:20,654 [e3fb79a3-1f86-42af-a80c-c46d1acdbc29@group-7855C2F36E53-LeaderElection157] INFO  impl.RaftServerImpl (RaftServerImpl.java:setRole(184)) - e3fb79a3-1f86-42af-a80c-c46d1acdbc29@group-7855C2F36E53: changes role from CANDIDATE to FOLLOWER at term 165 for DISCOVERED_A_NEW_TERM
2019-11-04 16:02:20,654 [e3fb79a3-1f86-42af-a80c-c46d1acdbc29@group-7855C2F36E53-LeaderElection157] INFO  impl.RoleInfo (RoleInfo.java:shutdownLeaderElection(134)) - e3fb79a3-1f86-42af-a80c-c46d1acdbc29: shutdown LeaderElection
2019-11-04 16:02:20,654 [e3fb79a3-1f86-42af-a80c-c46d1acdbc29@group-7855C2F36E53-LeaderElection157] INFO  impl.RoleInfo (RoleInfo.java:updateAndGet(143)) - e3fb79a3-1f86-42af-a80c-c46d1acdbc29: start FollowerState
2019-11-04 16:02:20,801 [Thread-1245] INFO  impl.FollowerState (FollowerState.java:run(108)) - e3fb79a3-1f86-42af-a80c-c46d1acdbc29@group-7855C2F36E53-FollowerState: change to CANDIDATE, lastRpcTime:147ms, electionTimeout:147ms
2019-11-04 16:02:20,801 [Thread-1245] INFO  impl.RoleInfo (RoleInfo.java:shutdownFollowerState(121)) - e3fb79a3-1f86-42af-a80c-c46d1acdbc29: shutdown FollowerState
2019-11-04 16:02:20,802 [Thread-1245] INFO  impl.RaftServerImpl (RaftServerImpl.java:setRole(184)) - e3fb79a3-1f86-42af-a80c-c46d1acdbc29@group-7855C2F36E53: changes role from  FOLLOWER to CANDIDATE at term 165 for changeToCandidate
2019-11-04 16:02:20,802 [Thread-1245] INFO  impl.RoleInfo (RoleInfo.java:updateAndGet(143)) - e3fb79a3-1f86-42af-a80c-c46d1acdbc29: start LeaderElection
2019-11-04 16:02:20,816 [e3fb79a3-1f86-42af-a80c-c46d1acdbc29@group-7855C2F36E53-LeaderElection158] INFO  impl.LeaderElection (LeaderElection.java:askForVotes(178)) - e3fb79a3-1f86-42af-a80c-c46d1acdbc29@group-7855C2F36E53-LeaderElection158: begin an election at term 166 for -1: [e3fb79a3-1f86-42af-a80c-c46d1acdbc29:192.168.157.194:44142, 81ff859e-e76f-43f5-951a-4a38422068cb:192.168.157.194:46532, a9143d84-6d7f-497d-b770-eb75585db3c7:192.168.157.194:42126], old=null
2019-11-04 16:02:20,818 [grpc-default-executor-0] INFO  impl.RaftServerImpl (RaftServerImpl.java:setRole(184)) - 81ff859e-e76f-43f5-951a-4a38422068cb@group-7855C2F36E53: changes role from  FOLLOWER to FOLLOWER at term 166 for recognizeCandidate:e3fb79a3-1f86-42af-a80c-c46d1acdbc29
2019-11-04 16:02:20,818 [grpc-default-executor-5] INFO  impl.RaftServerImpl (RaftServerImpl.java:setRole(184)) - a9143d84-6d7f-497d-b770-eb75585db3c7@group-7855C2F36E53: changes role from  FOLLOWER to FOLLOWER at term 166 for recognizeCandidate:e3fb79a3-1f86-42af-a80c-c46d1acdbc29
2019-11-04 16:02:20,818 [grpc-default-executor-0] INFO  impl.RoleInfo (RoleInfo.java:shutdownFollowerState(121)) - 81ff859e-e76f-43f5-951a-4a38422068cb: shutdown FollowerState
2019-11-04 16:02:20,819 [grpc-default-executor-5] INFO  impl.RoleInfo (RoleInfo.java:shutdownFollowerState(121)) - a9143d84-6d7f-497d-b770-eb75585db3c7: shutdown FollowerState
2019-11-04 16:02:20,819 [grpc-default-executor-0] INFO  impl.RoleInfo (RoleInfo.java:updateAndGet(143)) - 81ff859e-e76f-43f5-951a-4a38422068cb: start FollowerState
2019-11-04 16:02:20,819 [Thread-1244] INFO  impl.FollowerState (FollowerState.java:run(117)) - a9143d84-6d7f-497d-b770-eb75585db3c7@group-7855C2F36E53-FollowerState was interrupted: java.lang.InterruptedException: sleep interrupted
2019-11-04 16:02:20,819 [grpc-default-executor-5] INFO  impl.RoleInfo (RoleInfo.java:updateAndGet(143)) - a9143d84-6d7f-497d-b770-eb75585db3c7: start FollowerState
2019-11-04 16:02:20,819 [Thread-1243] INFO  impl.FollowerState (FollowerState.java:run(117)) - 81ff859e-e76f-43f5-951a-4a38422068cb@group-7855C2F36E53-FollowerState was interrupted: java.lang.InterruptedException: sleep interrupted
2019-11-04 16:02:20,823 [e3fb79a3-1f86-42af-a80c-c46d1acdbc29@group-7855C2F36E53-LeaderElection158] INFO  impl.LeaderElection (LeaderElection.java:logAndReturn(56)) - e3fb79a3-1f86-42af-a80c-c46d1acdbc29@group-7855C2F36E53-LeaderElection158: Election TIMEOUT; received 0 response(s) [] and 0 exception(s); e3fb79a3-1f86-42af-a80c-c46d1acdbc29@group-7855C2F36E53:t166, leader=null, voted=e3fb79a3-1f86-42af-a80c-c46d1acdbc29, raftlog=e3fb79a3-1f86-42af-a80c-c46d1acdbc29@group-7855C2F36E53-SegmentedRaftLog:OPENED:c-1,f-1,i0, conf=-1: [e3fb79a3-1f86-42af-a80c-c46d1acdbc29:192.168.157.194:44142, 81ff859e-e76f-43f5-951a-4a38422068cb:192.168.157.194:46532, a9143d84-6d7f-497d-b770-eb75585db3c7:192.168.157.194:42126], old=null
2019-11-04 16:02:20,845 [e3fb79a3-1f86-42af-a80c-c46d1acdbc29@group-7855C2F36E53-LeaderElection158] INFO  impl.LeaderElection (LeaderElection.java:askForVotes(178)) - e3fb79a3-1f86-42af-a80c-c46d1acdbc29@group-7855C2F36E53-LeaderElection158: begin an election at term 167 for -1: [e3fb79a3-1f86-42af-a80c-c46d1acdbc29:192.168.157.194:44142, 81ff859e-e76f-43f5-951a-4a38422068cb:192.168.157.194:46532, a9143d84-6d7f-497d-b770-eb75585db3c7:192.168.157.194:42126], old=null
2019-11-04 16:02:20,847 [grpc-default-executor-0] INFO  impl.RaftServerImpl (RaftServerImpl.java:setRole(184)) - 81ff859e-e76f-43f5-951a-4a38422068cb@group-7855C2F36E53: changes role from  FOLLOWER to FOLLOWER at term 167 for recognizeCandidate:e3fb79a3-1f86-42af-a80c-c46d1acdbc29
2019-11-04 16:02:20,847 [grpc-default-executor-0] INFO  impl.RoleInfo (RoleInfo.java:shutdownFollowerState(121)) - 81ff859e-e76f-43f5-951a-4a38422068cb: shutdown FollowerState
2019-11-04 16:02:20,847 [grpc-default-executor-0] INFO  impl.RoleInfo (RoleInfo.java:updateAndGet(143)) - 81ff859e-e76f-43f5-951a-4a38422068cb: start FollowerState
2019-11-04 16:02:20,848 [Thread-1249] INFO  impl.FollowerState (FollowerState.java:run(117)) - 81ff859e-e76f-43f5-951a-4a38422068cb@group-7855C2F36E53-FollowerState was interrupted: java.lang.InterruptedException: sleep interrupted
2019-11-04 16:02:20,848 [grpc-default-executor-5] INFO  impl.RaftServerImpl (RaftServerImpl.java:setRole(184)) - a9143d84-6d7f-497d-b770-eb75585db3c7@group-7855C2F36E53: changes role from  FOLLOWER to FOLLOWER at term 167 for recognizeCandidate:e3fb79a3-1f86-42af-a80c-c46d1acdbc29
2019-11-04 16:02:20,848 [grpc-default-executor-5] INFO  impl.RoleInfo (RoleInfo.java:shutdownFollowerState(121)) - a9143d84-6d7f-497d-b770-eb75585db3c7: shutdown FollowerState
2019-11-04 16:02:20,848 [grpc-default-executor-5] INFO  impl.RoleInfo (RoleInfo.java:updateAndGet(143)) - a9143d84-6d7f-497d-b770-eb75585db3c7: start FollowerState
2019-11-04 16:02:20,848 [Thread-1250] INFO  impl.FollowerState (FollowerState.java:run(117)) - a9143d84-6d7f-497d-b770-eb75585db3c7@group-7855C2F36E53-FollowerState was interrupted: java.lang.InterruptedException: sleep interrupted
2019-11-04 16:02:20,861 [e3fb79a3-1f86-42af-a80c-c46d1acdbc29@group-7855C2F36E53-LeaderElection158] INFO  impl.LeaderElection (LeaderElection.java:logAndReturn(56)) - e3fb79a3-1f86-42af-a80c-c46d1acdbc29@group-7855C2F36E53-LeaderElection158: Election TIMEOUT; received 0 response(s) [] and 0 exception(s); e3fb79a3-1f86-42af-a80c-c46d1acdbc29@group-7855C2F36E53:t167, leader=null, voted=e3fb79a3-1f86-42af-a80c-c46d1acdbc29, raftlog=e3fb79a3-1f86-42af-a80c-c46d1acdbc29@group-7855C2F36E53-SegmentedRaftLog:OPENED:c-1,f-1,i0, conf=-1: [e3fb79a3-1f86-42af-a80c-c46d1acdbc29:192.168.157.194:44142, 81ff859e-e76f-43f5-951a-4a38422068cb:192.168.157.194:46532, a9143d84-6d7f-497d-b770-eb75585db3c7:192.168.157.194:42126], old=null
2019-11-04 16:02:20,875 [e3fb79a3-1f86-42af-a80c-c46d1acdbc29@group-7855C2F36E53-LeaderElection158] INFO  impl.LeaderElection (LeaderElection.java:askForVotes(178)) - e3fb79a3-1f86-42af-a80c-c46d1acdbc29@group-7855C2F36E53-LeaderElection158: begin an election at term 168 for -1: [e3fb79a3-1f86-42af-a80c-c46d1acdbc29:192.168.157.194:44142, 81ff859e-e76f-43f5-951a-4a38422068cb:192.168.157.194:46532, a9143d84-6d7f-497d-b770-eb75585db3c7:192.168.157.194:42126], old=null
2019-11-04 16:02:20,876 [grpc-default-executor-5] INFO  impl.RaftServerImpl (RaftServerImpl.java:setRole(184)) - 81ff859e-e76f-43f5-951a-4a38422068cb@group-7855C2F36E53: changes role from  FOLLOWER to FOLLOWER at term 168 for recognizeCandidate:e3fb79a3-1f86-42af-a80c-c46d1acdbc29
2019-11-04 16:02:20,877 [grpc-default-executor-5] INFO  impl.RoleInfo (RoleInfo.java:shutdownFollowerState(121)) - 81ff859e-e76f-43f5-951a-4a38422068cb: shutdown FollowerState
2019-11-04 16:02:20,877 [grpc-default-executor-5] INFO  impl.RoleInfo (RoleInfo.java:updateAndGet(143)) - 81ff859e-e76f-43f5-951a-4a38422068cb: start FollowerState
2019-11-04 16:02:20,877 [Thread-1253] INFO  impl.FollowerState (FollowerState.java:run(117)) - 81ff859e-e76f-43f5-951a-4a38422068cb@group-7855C2F36E53-FollowerState was interrupted: java.lang.InterruptedException: sleep interrupted
2019-11-04 16:02:20,877 [grpc-default-executor-0] INFO  impl.RaftServerImpl (RaftServerImpl.java:setRole(184)) - a9143d84-6d7f-497d-b770-eb75585db3c7@group-7855C2F36E53: changes role from  FOLLOWER to FOLLOWER at term 168 for recognizeCandidate:e3fb79a3-1f86-42af-a80c-c46d1acdbc29
2019-11-04 16:02:20,878 [grpc-default-executor-0] INFO  impl.RoleInfo (RoleInfo.java:shutdownFollowerState(121)) - a9143d84-6d7f-497d-b770-eb75585db3c7: shutdown FollowerState
2019-11-04 16:02:20,878 [grpc-default-executor-0] INFO  impl.RoleInfo (RoleInfo.java:updateAndGet(143)) - a9143d84-6d7f-497d-b770-eb75585db3c7: start FollowerState
2019-11-04 16:02:20,878 [Thread-1254] INFO  impl.FollowerState (FollowerState.java:run(117)) - a9143d84-6d7f-497d-b770-eb75585db3c7@group-7855C2F36E53-FollowerState was interrupted: java.lang.InterruptedException: sleep interrupted
2019-11-04 16:02:20,894 [e3fb79a3-1f86-42af-a80c-c46d1acdbc29@group-7855C2F36E53-LeaderElection158] INFO  impl.LeaderElection (LeaderElection.java:logAndReturn(56)) - e3fb79a3-1f86-42af-a80c-c46d1acdbc29@group-7855C2F36E53-LeaderElection158: Election REJECTED; received 2 response(s) [e3fb79a3-1f86-42af-a80c-c46d1acdbc29<-81ff859e-e76f-43f5-951a-4a38422068cb#0:FAIL-t168, e3fb79a3-1f86-42af-a80c-c46d1acdbc29<-a9143d84-6d7f-497d-b770-eb75585db3c7#0:FAIL-t168] and 0 exception(s); e3fb79a3-1f86-42af-a80c-c46d1acdbc29@group-7855C2F36E53:t168, leader=null, voted=e3fb79a3-1f86-42af-a80c-c46d1acdbc29, raftlog=e3fb79a3-1f86-42af-a80c-c46d1acdbc29@group-7855C2F36E53-SegmentedRaftLog:OPENED:c-1,f-1,i0, conf=-1: [e3fb79a3-1f86-42af-a80c-c46d1acdbc29:192.168.157.194:44142, 81ff859e-e76f-43f5-951a-4a38422068cb:192.168.157.194:46532, a9143d84-6d7f-497d-b770-eb75585db3c7:192.168.157.194:42126], old=null
2019-11-04 16:02:20,894 [e3fb79a3-1f86-42af-a80c-c46d1acdbc29@group-7855C2F36E53-LeaderElection158] INFO  impl.RaftServerImpl (RaftServerImpl.java:setRole(184)) - e3fb79a3-1f86-42af-a80c-c46d1acdbc29@group-7855C2F36E53: changes role from CANDIDATE to FOLLOWER at term 168 for DISCOVERED_A_NEW_TERM
2019-11-04 16:02:20,895 [e3fb79a3-1f86-42af-a80c-c46d1acdbc29@group-7855C2F36E53-LeaderElection158] INFO  impl.RoleInfo (RoleInfo.java:shutdownLeaderElection(134)) - e3fb79a3-1f86-42af-a80c-c46d1acdbc29: shutdown LeaderElection
2019-11-04 16:02:20,895 [e3fb79a3-1f86-42af-a80c-c46d1acdbc29@group-7855C2F36E53-LeaderElection158] INFO  impl.RoleInfo (RoleInfo.java:updateAndGet(143)) - e3fb79a3-1f86-42af-a80c-c46d1acdbc29: start FollowerState
2019-11-04 16:02:21,074 [Thread-1259] INFO  impl.FollowerState (FollowerState.java:run(108)) - e3fb79a3-1f86-42af-a80c-c46d1acdbc29@group-7855C2F36E53-FollowerState: change to CANDIDATE, lastRpcTime:179ms, electionTimeout:179ms
2019-11-04 16:02:21,074 [Thread-1259] INFO  impl.RoleInfo (RoleInfo.java:shutdownFollowerState(121)) - e3fb79a3-1f86-42af-a80c-c46d1acdbc29: shutdown FollowerState
2019-11-04 16:02:21,075 [Thread-1259] INFO  impl.RaftServerImpl (RaftServerImpl.java:setRole(184)) - e3fb79a3-1f86-42af-a80c-c46d1acdbc29@group-7855C2F36E53: changes role from  FOLLOWER to CANDIDATE at term 168 for changeToCandidate
2019-11-04 16:02:21,075 [Thread-1259] INFO  impl.RoleInfo (RoleInfo.java:updateAndGet(143)) - e3fb79a3-1f86-42af-a80c-c46d1acdbc29: start LeaderElection
2019-11-04 16:02:21,100 [e3fb79a3-1f86-42af-a80c-c46d1acdbc29@group-7855C2F36E53-LeaderElection159] INFO  impl.LeaderElection (LeaderElection.java:askForVotes(178)) - e3fb79a3-1f86-42af-a80c-c46d1acdbc29@group-7855C2F36E53-LeaderElection159: begin an election at term 169 for -1: [e3fb79a3-1f86-42af-a80c-c46d1acdbc29:192.168.157.194:44142, 81ff859e-e76f-43f5-951a-4a38422068cb:192.168.157.194:46532, a9143d84-6d7f-497d-b770-eb75585db3c7:192.168.157.194:42126], old=null
2019-11-04 16:02:21,102 [grpc-default-executor-0] INFO  impl.RaftServerImpl (RaftServerImpl.java:setRole(184)) - 81ff859e-e76f-43f5-951a-4a38422068cb@group-7855C2F36E53: changes role from  FOLLOWER to FOLLOWER at term 169 for recognizeCandidate:e3fb79a3-1f86-42af-a80c-c46d1acdbc29
2019-11-04 16:02:21,102 [grpc-default-executor-5] INFO  impl.RaftServerImpl (RaftServerImpl.java:setRole(184)) - a9143d84-6d7f-497d-b770-eb75585db3c7@group-7855C2F36E53: changes role from  FOLLOWER to FOLLOWER at term 169 for recognizeCandidate:e3fb79a3-1f86-42af-a80c-c46d1acdbc29
2019-11-04 16:02:21,102 [grpc-default-executor-0] INFO  impl.RoleInfo (RoleInfo.java:shutdownFollowerState(121)) - 81ff859e-e76f-43f5-951a-4a38422068cb: shutdown FollowerState
2019-11-04 16:02:21,102 [grpc-default-executor-5] INFO  impl.RoleInfo (RoleInfo.java:shutdownFollowerState(121)) - a9143d84-6d7f-497d-b770-eb75585db3c7: shutdown FollowerState
2019-11-04 16:02:21,103 [grpc-default-executor-0] INFO  impl.RoleInfo (RoleInfo.java:updateAndGet(143)) - 81ff859e-e76f-43f5-951a-4a38422068cb: start FollowerState
2019-11-04 16:02:21,103 [Thread-1257] INFO  impl.FollowerState (FollowerState.java:run(117)) - 81ff859e-e76f-43f5-951a-4a38422068cb@group-7855C2F36E53-FollowerState was interrupted: java.lang.InterruptedException: sleep interrupted
2019-11-04 16:02:21,103 [grpc-default-executor-5] INFO  impl.RoleInfo (RoleInfo.java:updateAndGet(143)) - a9143d84-6d7f-497d-b770-eb75585db3c7: start FollowerState
2019-11-04 16:02:21,103 [Thread-1258] INFO  impl.FollowerState (FollowerState.java:run(117)) - a9143d84-6d7f-497d-b770-eb75585db3c7@group-7855C2F36E53-FollowerState was interrupted: java.lang.InterruptedException: sleep interrupted
2019-11-04 16:02:21,117 [e3fb79a3-1f86-42af-a80c-c46d1acdbc29@group-7855C2F36E53-LeaderElection159] INFO  impl.LeaderElection (LeaderElection.java:logAndReturn(56)) - e3fb79a3-1f86-42af-a80c-c46d1acdbc29@group-7855C2F36E53-LeaderElection159: Election REJECTED; received 2 response(s) [e3fb79a3-1f86-42af-a80c-c46d1acdbc29<-81ff859e-e76f-43f5-951a-4a38422068cb#0:FAIL-t169, e3fb79a3-1f86-42af-a80c-c46d1acdbc29<-a9143d84-6d7f-497d-b770-eb75585db3c7#0:FAIL-t169] and 0 exception(s); e3fb79a3-1f86-42af-a80c-c46d1acdbc29@group-7855C2F36E53:t169, leader=null, voted=e3fb79a3-1f86-42af-a80c-c46d1acdbc29, raftlog=e3fb79a3-1f86-42af-a80c-c46d1acdbc29@group-7855C2F36E53-SegmentedRaftLog:OPENED:c-1,f-1,i0, conf=-1: [e3fb79a3-1f86-42af-a80c-c46d1acdbc29:192.168.157.194:44142, 81ff859e-e76f-43f5-951a-4a38422068cb:192.168.157.194:46532, a9143d84-6d7f-497d-b770-eb75585db3c7:192.168.157.194:42126], old=null
2019-11-04 16:02:21,117 [e3fb79a3-1f86-42af-a80c-c46d1acdbc29@group-7855C2F36E53-LeaderElection159] INFO  impl.RaftServerImpl (RaftServerImpl.java:setRole(184)) - e3fb79a3-1f86-42af-a80c-c46d1acdbc29@group-7855C2F36E53: changes role from CANDIDATE to FOLLOWER at term 169 for DISCOVERED_A_NEW_TERM
2019-11-04 16:02:21,117 [e3fb79a3-1f86-42af-a80c-c46d1acdbc29@group-7855C2F36E53-LeaderElection159] INFO  impl.RoleInfo (RoleInfo.java:shutdownLeaderElection(134)) - e3fb79a3-1f86-42af-a80c-c46d1acdbc29: shutdown LeaderElection
2019-11-04 16:02:21,117 [e3fb79a3-1f86-42af-a80c-c46d1acdbc29@group-7855C2F36E53-LeaderElection159] INFO  impl.RoleInfo (RoleInfo.java:updateAndGet(143)) - e3fb79a3-1f86-42af-a80c-c46d1acdbc29: start FollowerState
2019-11-04 16:02:21,309 [Thread-1267] INFO  impl.FollowerState (FollowerState.java:run(108)) - e3fb79a3-1f86-42af-a80c-c46d1acdbc29@group-7855C2F36E53-FollowerState: change to CANDIDATE, lastRpcTime:191ms, electionTimeout:191ms
2019-11-04 16:02:21,309 [Thread-1267] INFO  impl.RoleInfo (RoleInfo.java:shutdownFollowerState(121)) - e3fb79a3-1f86-42af-a80c-c46d1acdbc29: shutdown FollowerState
2019-11-04 16:02:21,309 [Thread-1267] INFO  impl.RaftServerImpl (RaftServerImpl.java:setRole(184)) - e3fb79a3-1f86-42af-a80c-c46d1acdbc29@group-7855C2F36E53: changes role from  FOLLOWER to CANDIDATE at term 169 for changeToCandidate
2019-11-04 16:02:21,309 [Thread-1267] INFO  impl.RoleInfo (RoleInfo.java:updateAndGet(143)) - e3fb79a3-1f86-42af-a80c-c46d1acdbc29: start LeaderElection
2019-11-04 16:02:21,323 [e3fb79a3-1f86-42af-a80c-c46d1acdbc29@group-7855C2F36E53-LeaderElection160] INFO  impl.LeaderElection (LeaderElection.java:askForVotes(178)) - e3fb79a3-1f86-42af-a80c-c46d1acdbc29@group-7855C2F36E53-LeaderElection160: begin an election at term 170 for -1: [e3fb79a3-1f86-42af-a80c-c46d1acdbc29:192.168.157.194:44142, 81ff859e-e76f-43f5-951a-4a38422068cb:192.168.157.194:46532, a9143d84-6d7f-497d-b770-eb75585db3c7:192.168.157.194:42126], old=null
2019-11-04 16:02:21,326 [grpc-default-executor-5] INFO  impl.RaftServerImpl (RaftServerImpl.java:setRole(184)) - 81ff859e-e76f-43f5-951a-4a38422068cb@group-7855C2F36E53: changes role from  FOLLOWER to FOLLOWER at term 170 for recognizeCandidate:e3fb79a3-1f86-42af-a80c-c46d1acdbc29
2019-11-04 16:02:21,326 [grpc-default-executor-0] INFO  impl.RaftServerImpl (RaftServerImpl.java:setRole(184)) - a9143d84-6d7f-497d-b770-eb75585db3c7@group-7855C2F36E53: changes role from  FOLLOWER to FOLLOWER at term 170 for recognizeCandidate:e3fb79a3-1f86-42af-a80c-c46d1acdbc29
2019-11-04 16:02:21,326 [grpc-default-executor-5] INFO  impl.RoleInfo (RoleInfo.java:shutdownFollowerState(121)) - 81ff859e-e76f-43f5-951a-4a38422068cb: shutdown FollowerState
2019-11-04 16:02:21,326 [grpc-default-executor-0] INFO  impl.RoleInfo (RoleInfo.java:shutdownFollowerState(121)) - a9143d84-6d7f-497d-b770-eb75585db3c7: shutdown FollowerState
2019-11-04 16:02:21,326 [Thread-1265] INFO  impl.FollowerState (FollowerState.java:run(117)) - 81ff859e-e76f-43f5-951a-4a38422068cb@group-7855C2F36E53-FollowerState was interrupted: java.lang.InterruptedException: sleep interrupted
2019-11-04 16:02:21,326 [grpc-default-executor-5] INFO  impl.RoleInfo (RoleInfo.java:updateAndGet(143)) - 81ff859e-e76f-43f5-951a-4a38422068cb: start FollowerState
2019-11-04 16:02:21,326 [grpc-default-executor-0] INFO  impl.RoleInfo (RoleInfo.java:updateAndGet(143)) - a9143d84-6d7f-497d-b770-eb75585db3c7: start FollowerState
2019-11-04 16:02:21,326 [Thread-1266] INFO  impl.FollowerState (FollowerState.java:run(117)) - a9143d84-6d7f-497d-b770-eb75585db3c7@group-7855C2F36E53-FollowerState was interrupted: java.lang.InterruptedException: sleep interrupted
2019-11-04 16:02:21,341 [e3fb79a3-1f86-42af-a80c-c46d1acdbc29@group-7855C2F36E53-LeaderElection160] INFO  impl.LeaderElection (LeaderElection.java:logAndReturn(56)) - e3fb79a3-1f86-42af-a80c-c46d1acdbc29@group-7855C2F36E53-LeaderElection160: Election REJECTED; received 2 response(s) [e3fb79a3-1f86-42af-a80c-c46d1acdbc29<-81ff859e-e76f-43f5-951a-4a38422068cb#0:FAIL-t170, e3fb79a3-1f86-42af-a80c-c46d1acdbc29<-a9143d84-6d7f-497d-b770-eb75585db3c7#0:FAIL-t170] and 0 exception(s); e3fb79a3-1f86-42af-a80c-c46d1acdbc29@group-7855C2F36E53:t170, leader=null, voted=e3fb79a3-1f86-42af-a80c-c46d1acdbc29, raftlog=e3fb79a3-1f86-42af-a80c-c46d1acdbc29@group-7855C2F36E53-SegmentedRaftLog:OPENED:c-1,f-1,i0, conf=-1: [e3fb79a3-1f86-42af-a80c-c46d1acdbc29:192.168.157.194:44142, 81ff859e-e76f-43f5-951a-4a38422068cb:192.168.157.194:46532, a9143d84-6d7f-497d-b770-eb75585db3c7:192.168.157.194:42126], old=null
2019-11-04 16:02:21,341 [e3fb79a3-1f86-42af-a80c-c46d1acdbc29@group-7855C2F36E53-LeaderElection160] INFO  impl.RaftServerImpl (RaftServerImpl.java:setRole(184)) - e3fb79a3-1f86-42af-a80c-c46d1acdbc29@group-7855C2F36E53: changes role from CANDIDATE to FOLLOWER at term 170 for DISCOVERED_A_NEW_TERM
2019-11-04 16:02:21,341 [e3fb79a3-1f86-42af-a80c-c46d1acdbc29@group-7855C2F36E53-LeaderElection160] INFO  impl.RoleInfo (RoleInfo.java:shutdownLeaderElection(134)) - e3fb79a3-1f86-42af-a80c-c46d1acdbc29: shutdown LeaderElection
2019-11-04 16:02:21,341 [e3fb79a3-1f86-42af-a80c-c46d1acdbc29@group-7855C2F36E53-LeaderElection160] INFO  impl.RoleInfo (RoleInfo.java:updateAndGet(143)) - e3fb79a3-1f86-42af-a80c-c46d1acdbc29: start FollowerState
2019-11-04 16:02:21,451 [Thread-1273] INFO  impl.FollowerState (FollowerState.java:run(108)) - e3fb79a3-1f86-42af-a80c-c46d1acdbc29@group-7855C2F36E53-FollowerState: change to CANDIDATE, lastRpcTime:109ms, electionTimeout:109ms
2019-11-04 16:02:21,451 [Thread-1273] INFO  impl.RoleInfo (RoleInfo.java:shutdownFollowerState(121)) - e3fb79a3-1f86-42af-a80c-c46d1acdbc29: shutdown FollowerState
2019-11-04 16:02:21,451 [Thread-1273] INFO  impl.RaftServerImpl (RaftServerImpl.java:setRole(184)) - e3fb79a3-1f86-42af-a80c-c46d1acdbc29@group-7855C2F36E53: changes role from  FOLLOWER to CANDIDATE at term 170 for changeToCandidate
2019-11-04 16:02:21,451 [Thread-1273] INFO  impl.RoleInfo (RoleInfo.java:updateAndGet(143)) - e3fb79a3-1f86-42af-a80c-c46d1acdbc29: start LeaderElection
2019-11-04 16:02:21,465 [e3fb79a3-1f86-42af-a80c-c46d1acdbc29@group-7855C2F36E53-LeaderElection161] INFO  impl.LeaderElection (LeaderElection.java:askForVotes(178)) - e3fb79a3-1f86-42af-a80c-c46d1acdbc29@group-7855C2F36E53-LeaderElection161: begin an election at term 171 for -1: [e3fb79a3-1f86-42af-a80c-c46d1acdbc29:192.168.157.194:44142, 81ff859e-e76f-43f5-951a-4a38422068cb:192.168.157.194:46532, a9143d84-6d7f-497d-b770-eb75585db3c7:192.168.157.194:42126], old=null
2019-11-04 16:02:21,468 [grpc-default-executor-5] INFO  impl.RaftServerImpl (RaftServerImpl.java:setRole(184)) - a9143d84-6d7f-497d-b770-eb75585db3c7@group-7855C2F36E53: changes role from  FOLLOWER to FOLLOWER at term 171 for recognizeCandidate:e3fb79a3-1f86-42af-a80c-c46d1acdbc29
2019-11-04 16:02:21,468 [grpc-default-executor-0] INFO  impl.RaftServerImpl (RaftServerImpl.java:setRole(184)) - 81ff859e-e76f-43f5-951a-4a38422068cb@group-7855C2F36E53: changes role from  FOLLOWER to FOLLOWER at term 171 for recognizeCandidate:e3fb79a3-1f86-42af-a80c-c46d1acdbc29
2019-11-04 16:02:21,468 [grpc-default-executor-5] INFO  impl.RoleInfo (RoleInfo.java:shutdownFollowerState(121)) - a9143d84-6d7f-497d-b770-eb75585db3c7: shutdown FollowerState
2019-11-04 16:02:21,468 [grpc-default-executor-0] INFO  impl.RoleInfo (RoleInfo.java:shutdownFollowerState(121)) - 81ff859e-e76f-43f5-951a-4a38422068cb: shutdown FollowerState
2019-11-04 16:02:21,468 [grpc-default-executor-5] INFO  impl.RoleInfo (RoleInfo.java:updateAndGet(143)) - a9143d84-6d7f-497d-b770-eb75585db3c7: start FollowerState
2019-11-04 16:02:21,469 [Thread-1271] INFO  impl.FollowerState (FollowerState.java:run(117)) - 81ff859e-e76f-43f5-951a-4a38422068cb@group-7855C2F36E53-FollowerState was interrupted: java.lang.InterruptedException: sleep interrupted
2019-11-04 16:02:21,469 [grpc-default-executor-0] INFO  impl.RoleInfo (RoleInfo.java:updateAndGet(143)) - 81ff859e-e76f-43f5-951a-4a38422068cb: start FollowerState
2019-11-04 16:02:21,469 [Thread-1272] INFO  impl.FollowerState (FollowerState.java:run(117)) - a9143d84-6d7f-497d-b770-eb75585db3c7@group-7855C2F36E53-FollowerState was interrupted: java.lang.InterruptedException: sleep interrupted
2019-11-04 16:02:21,470 [e3fb79a3-1f86-42af-a80c-c46d1acdbc29@group-7855C2F36E53-LeaderElection161] INFO  impl.LeaderElection (LeaderElection.java:logAndReturn(56)) - e3fb79a3-1f86-42af-a80c-c46d1acdbc29@group-7855C2F36E53-LeaderElection161: Election TIMEOUT; received 0 response(s) [] and 0 exception(s); e3fb79a3-1f86-42af-a80c-c46d1acdbc29@group-7855C2F36E53:t171, leader=null, voted=e3fb79a3-1f86-42af-a80c-c46d1acdbc29, raftlog=e3fb79a3-1f86-42af-a80c-c46d1acdbc29@group-7855C2F36E53-SegmentedRaftLog:OPENED:c-1,f-1,i0, conf=-1: [e3fb79a3-1f86-42af-a80c-c46d1acdbc29:192.168.157.194:44142, 81ff859e-e76f-43f5-951a-4a38422068cb:192.168.157.194:46532, a9143d84-6d7f-497d-b770-eb75585db3c7:192.168.157.194:42126], old=null
2019-11-04 16:02:21,483 [e3fb79a3-1f86-42af-a80c-c46d1acdbc29@group-7855C2F36E53-LeaderElection161] INFO  impl.LeaderElection (LeaderElection.java:askForVotes(178)) - e3fb79a3-1f86-42af-a80c-c46d1acdbc29@group-7855C2F36E53-LeaderElection161: begin an election at term 172 for -1: [e3fb79a3-1f86-42af-a80c-c46d1acdbc29:192.168.157.194:44142, 81ff859e-e76f-43f5-951a-4a38422068cb:192.168.157.194:46532, a9143d84-6d7f-497d-b770-eb75585db3c7:192.168.157.194:42126], old=null
2019-11-04 16:02:21,484 [grpc-default-executor-5] INFO  impl.RaftServerImpl (RaftServerImpl.java:setRole(184)) - 81ff859e-e76f-43f5-951a-4a38422068cb@group-7855C2F36E53: changes role from  FOLLOWER to FOLLOWER at term 172 for recognizeCandidate:e3fb79a3-1f86-42af-a80c-c46d1acdbc29
2019-11-04 16:02:21,485 [grpc-default-executor-5] INFO  impl.RoleInfo (RoleInfo.java:shutdownFollowerState(121)) - 81ff859e-e76f-43f5-951a-4a38422068cb: shutdown FollowerState
2019-11-04 16:02:21,485 [grpc-default-executor-0] INFO  impl.RaftServerImpl (RaftServerImpl.java:setRole(184)) - a9143d84-6d7f-497d-b770-eb75585db3c7@group-7855C2F36E53: changes role from  FOLLOWER to FOLLOWER at term 172 for recognizeCandidate:e3fb79a3-1f86-42af-a80c-c46d1acdbc29
2019-11-04 16:02:21,485 [Thread-1278] INFO  impl.FollowerState (FollowerState.java:run(117)) - 81ff859e-e76f-43f5-951a-4a38422068cb@group-7855C2F36E53-FollowerState was interrupted: java.lang.InterruptedException: sleep interrupted
2019-11-04 16:02:21,485 [grpc-default-executor-5] INFO  impl.RoleInfo (RoleInfo.java:updateAndGet(143)) - 81ff859e-e76f-43f5-951a-4a38422068cb: start FollowerState
2019-11-04 16:02:21,485 [grpc-default-executor-0] INFO  impl.RoleInfo (RoleInfo.java:shutdownFollowerState(121)) - a9143d84-6d7f-497d-b770-eb75585db3c7: shutdown FollowerState
2019-11-04 16:02:21,485 [grpc-default-executor-0] INFO  impl.RoleInfo (RoleInfo.java:updateAndGet(143)) - a9143d84-6d7f-497d-b770-eb75585db3c7: start FollowerState
2019-11-04 16:02:21,486 [Thread-1277] INFO  impl.FollowerState (FollowerState.java:run(117)) - a9143d84-6d7f-497d-b770-eb75585db3c7@group-7855C2F36E53-FollowerState was interrupted: java.lang.InterruptedException: sleep interrupted
2019-11-04 16:02:21,499 [e3fb79a3-1f86-42af-a80c-c46d1acdbc29@group-7855C2F36E53-LeaderElection161] INFO  impl.LeaderElection (LeaderElection.java:logAndReturn(56)) - e3fb79a3-1f86-42af-a80c-c46d1acdbc29@group-7855C2F36E53-LeaderElection161: Election REJECTED; received 2 response(s) [e3fb79a3-1f86-42af-a80c-c46d1acdbc29<-81ff859e-e76f-43f5-951a-4a38422068cb#0:FAIL-t172, e3fb79a3-1f86-42af-a80c-c46d1acdbc29<-a9143d84-6d7f-497d-b770-eb75585db3c7#0:FAIL-t172] and 0 exception(s); e3fb79a3-1f86-42af-a80c-c46d1acdbc29@group-7855C2F36E53:t172, leader=null, voted=e3fb79a3-1f86-42af-a80c-c46d1acdbc29, raftlog=e3fb79a3-1f86-42af-a80c-c46d1acdbc29@group-7855C2F36E53-SegmentedRaftLog:OPENED:c-1,f-1,i0, conf=-1: [e3fb79a3-1f86-42af-a80c-c46d1acdbc29:192.168.157.194:44142, 81ff859e-e76f-43f5-951a-4a38422068cb:192.168.157.194:46532, a9143d84-6d7f-497d-b770-eb75585db3c7:192.168.157.194:42126], old=null
2019-11-04 16:02:21,500 [e3fb79a3-1f86-42af-a80c-c46d1acdbc29@group-7855C2F36E53-LeaderElection161] INFO  impl.RaftServerImpl (RaftServerImpl.java:setRole(184)) - e3fb79a3-1f86-42af-a80c-c46d1acdbc29@group-7855C2F36E53: changes role from CANDIDATE to FOLLOWER at term 172 for DISCOVERED_A_NEW_TERM
2019-11-04 16:02:21,500 [e3fb79a3-1f86-42af-a80c-c46d1acdbc29@group-7855C2F36E53-LeaderElection161] INFO  impl.RoleInfo (RoleInfo.java:shutdownLeaderElection(134)) - e3fb79a3-1f86-42af-a80c-c46d1acdbc29: shutdown LeaderElection
2019-11-04 16:02:21,500 [e3fb79a3-1f86-42af-a80c-c46d1acdbc29@group-7855C2F36E53-LeaderElection161] INFO  impl.RoleInfo (RoleInfo.java:updateAndGet(143)) - e3fb79a3-1f86-42af-a80c-c46d1acdbc29: start FollowerState
2019-11-04 16:02:21,669 [Thread-1283] INFO  impl.FollowerState (FollowerState.java:run(108)) - e3fb79a3-1f86-42af-a80c-c46d1acdbc29@group-7855C2F36E53-FollowerState: change to CANDIDATE, lastRpcTime:168ms, electionTimeout:168ms
2019-11-04 16:02:21,669 [Thread-1283] INFO  impl.RoleInfo (RoleInfo.java:shutdownFollowerState(121)) - e3fb79a3-1f86-42af-a80c-c46d1acdbc29: shutdown FollowerState
2019-11-04 16:02:21,669 [Thread-1283] INFO  impl.RaftServerImpl (RaftServerImpl.java:setRole(184)) - e3fb79a3-1f86-42af-a80c-c46d1acdbc29@group-7855C2F36E53: changes role from  FOLLOWER to CANDIDATE at term 172 for changeToCandidate
2019-11-04 16:02:21,669 [Thread-1283] INFO  impl.RoleInfo (RoleInfo.java:updateAndGet(143)) - e3fb79a3-1f86-42af-a80c-c46d1acdbc29: start LeaderElection
2019-11-04 16:02:21,682 [e3fb79a3-1f86-42af-a80c-c46d1acdbc29@group-7855C2F36E53-LeaderElection162] INFO  impl.LeaderElection (LeaderElection.java:askForVotes(178)) - e3fb79a3-1f86-42af-a80c-c46d1acdbc29@group-7855C2F36E53-LeaderElection162: begin an election at term 173 for -1: [e3fb79a3-1f86-42af-a80c-c46d1acdbc29:192.168.157.194:44142, 81ff859e-e76f-43f5-951a-4a38422068cb:192.168.157.194:46532, a9143d84-6d7f-497d-b770-eb75585db3c7:192.168.157.194:42126], old=null
2019-11-04 16:02:21,685 [grpc-default-executor-0] INFO  impl.RaftServerImpl (RaftServerImpl.java:setRole(184)) - 81ff859e-e76f-43f5-951a-4a38422068cb@group-7855C2F36E53: changes role from  FOLLOWER to FOLLOWER at term 173 for recognizeCandidate:e3fb79a3-1f86-42af-a80c-c46d1acdbc29
2019-11-04 16:02:21,685 [grpc-default-executor-0] INFO  impl.RoleInfo (RoleInfo.java:shutdownFollowerState(121)) - 81ff859e-e76f-43f5-951a-4a38422068cb: shutdown FollowerState
2019-11-04 16:02:21,685 [grpc-default-executor-5] INFO  impl.RaftServerImpl (RaftServerImpl.java:setRole(184)) - a9143d84-6d7f-497d-b770-eb75585db3c7@group-7855C2F36E53: changes role from  FOLLOWER to FOLLOWER at term 173 for recognizeCandidate:e3fb79a3-1f86-42af-a80c-c46d1acdbc29
2019-11-04 16:02:21,686 [Thread-1281] INFO  impl.FollowerState (FollowerState.java:run(117)) - 81ff859e-e76f-43f5-951a-4a38422068cb@group-7855C2F36E53-FollowerState was interrupted: java.lang.InterruptedException: sleep interrupted
2019-11-04 16:02:21,686 [grpc-default-executor-5] INFO  impl.RoleInfo (RoleInfo.java:shutdownFollowerState(121)) - a9143d84-6d7f-497d-b770-eb75585db3c7: shutdown FollowerState
2019-11-04 16:02:21,685 [grpc-default-executor-0] INFO  impl.RoleInfo (RoleInfo.java:updateAndGet(143)) - 81ff859e-e76f-43f5-951a-4a38422068cb: start FollowerState
2019-11-04 16:02:21,686 [Thread-1282] INFO  impl.FollowerState (FollowerState.java:run(117)) - a9143d84-6d7f-497d-b770-eb75585db3c7@group-7855C2F36E53-FollowerState was interrupted: java.lang.InterruptedException: sleep interrupted
2019-11-04 16:02:21,686 [grpc-default-executor-5] INFO  impl.RoleInfo (RoleInfo.java:updateAndGet(143)) - a9143d84-6d7f-497d-b770-eb75585db3c7: start FollowerState
2019-11-04 16:02:21,699 [e3fb79a3-1f86-42af-a80c-c46d1acdbc29@group-7855C2F36E53-LeaderElection162] INFO  impl.LeaderElection (LeaderElection.java:logAndReturn(56)) - e3fb79a3-1f86-42af-a80c-c46d1acdbc29@group-7855C2F36E53-LeaderElection162: Election REJECTED; received 2 response(s) [e3fb79a3-1f86-42af-a80c-c46d1acdbc29<-81ff859e-e76f-43f5-951a-4a38422068cb#0:FAIL-t173, e3fb79a3-1f86-42af-a80c-c46d1acdbc29<-a9143d84-6d7f-497d-b770-eb75585db3c7#0:FAIL-t173] and 0 exception(s); e3fb79a3-1f86-42af-a80c-c46d1acdbc29@group-7855C2F36E53:t173, leader=null, voted=e3fb79a3-1f86-42af-a80c-c46d1acdbc29, raftlog=e3fb79a3-1f86-42af-a80c-c46d1acdbc29@group-7855C2F36E53-SegmentedRaftLog:OPENED:c-1,f-1,i0, conf=-1: [e3fb79a3-1f86-42af-a80c-c46d1acdbc29:192.168.157.194:44142, 81ff859e-e76f-43f5-951a-4a38422068cb:192.168.157.194:46532, a9143d84-6d7f-497d-b770-eb75585db3c7:192.168.157.194:42126], old=null
2019-11-04 16:02:21,699 [e3fb79a3-1f86-42af-a80c-c46d1acdbc29@group-7855C2F36E53-LeaderElection162] INFO  impl.RaftServerImpl (RaftServerImpl.java:setRole(184)) - e3fb79a3-1f86-42af-a80c-c46d1acdbc29@group-7855C2F36E53: changes role from CANDIDATE to FOLLOWER at term 173 for DISCOVERED_A_NEW_TERM
2019-11-04 16:02:21,699 [e3fb79a3-1f86-42af-a80c-c46d1acdbc29@group-7855C2F36E53-LeaderElection162] INFO  impl.RoleInfo (RoleInfo.java:shutdownLeaderElection(134)) - e3fb79a3-1f86-42af-a80c-c46d1acdbc29: shutdown LeaderElection
2019-11-04 16:02:21,699 [e3fb79a3-1f86-42af-a80c-c46d1acdbc29@group-7855C2F36E53-LeaderElection162] INFO  impl.RoleInfo (RoleInfo.java:updateAndGet(143)) - e3fb79a3-1f86-42af-a80c-c46d1acdbc29: start FollowerState
2019-11-04 16:02:21,768 [Thread-1289] INFO  impl.FollowerState (FollowerState.java:run(108)) - e3fb79a3-1f86-42af-a80c-c46d1acdbc29@group-7855C2F36E53-FollowerState: change to CANDIDATE, lastRpcTime:68ms, electionTimeout:68ms
2019-11-04 16:02:21,768 [Thread-1289] INFO  impl.RoleInfo (RoleInfo.java:shutdownFollowerState(121)) - e3fb79a3-1f86-42af-a80c-c46d1acdbc29: shutdown FollowerState
2019-11-04 16:02:21,768 [Thread-1289] INFO  impl.RaftServerImpl (RaftServerImpl.java:setRole(184)) - e3fb79a3-1f86-42af-a80c-c46d1acdbc29@group-7855C2F36E53: changes role from  FOLLOWER to CANDIDATE at term 173 for changeToCandidate
2019-11-04 16:02:21,768 [Thread-1289] INFO  impl.RoleInfo (RoleInfo.java:updateAndGet(143)) - e3fb79a3-1f86-42af-a80c-c46d1acdbc29: start LeaderElection
2019-11-04 16:02:21,794 [e3fb79a3-1f86-42af-a80c-c46d1acdbc29@group-7855C2F36E53-LeaderElection163] INFO  impl.LeaderElection (LeaderElection.java:askForVotes(178)) - e3fb79a3-1f86-42af-a80c-c46d1acdbc29@group-7855C2F36E53-LeaderElection163: begin an election at term 174 for -1: [e3fb79a3-1f86-42af-a80c-c46d1acdbc29:192.168.157.194:44142, 81ff859e-e76f-43f5-951a-4a38422068cb:192.168.157.194:46532, a9143d84-6d7f-497d-b770-eb75585db3c7:192.168.157.194:42126], old=null
2019-11-04 16:02:21,796 [grpc-default-executor-0] INFO  impl.RaftServerImpl (RaftServerImpl.java:setRole(184)) - 81ff859e-e76f-43f5-951a-4a38422068cb@group-7855C2F36E53: changes role from  FOLLOWER to FOLLOWER at term 174 for recognizeCandidate:e3fb79a3-1f86-42af-a80c-c46d1acdbc29
2019-11-04 16:02:21,796 [grpc-default-executor-0] INFO  impl.RoleInfo (RoleInfo.java:shutdownFollowerState(121)) - 81ff859e-e76f-43f5-951a-4a38422068cb: shutdown FollowerState
2019-11-04 16:02:21,796 [grpc-default-executor-5] INFO  impl.RaftServerImpl (RaftServerImpl.java:setRole(184)) - a9143d84-6d7f-497d-b770-eb75585db3c7@group-7855C2F36E53: changes role from  FOLLOWER to FOLLOWER at term 174 for recognizeCandidate:e3fb79a3-1f86-42af-a80c-c46d1acdbc29
2019-11-04 16:02:21,796 [grpc-default-executor-5] INFO  impl.RoleInfo (RoleInfo.java:shutdownFollowerState(121)) - a9143d84-6d7f-497d-b770-eb75585db3c7: shutdown FollowerState
2019-11-04 16:02:21,796 [grpc-default-executor-5] INFO  impl.RoleInfo (RoleInfo.java:updateAndGet(143)) - a9143d84-6d7f-497d-b770-eb75585db3c7: start FollowerState
2019-11-04 16:02:21,796 [Thread-1287] INFO  impl.FollowerState (FollowerState.java:run(117)) - 81ff859e-e76f-43f5-951a-4a38422068cb@group-7855C2F36E53-FollowerState was interrupted: java.lang.InterruptedException: sleep interrupted
2019-11-04 16:02:21,796 [grpc-default-executor-0] INFO  impl.RoleInfo (RoleInfo.java:updateAndGet(143)) - 81ff859e-e76f-43f5-951a-4a38422068cb: start FollowerState
2019-11-04 16:02:21,796 [Thread-1288] INFO  impl.FollowerState (FollowerState.java:run(117)) - a9143d84-6d7f-497d-b770-eb75585db3c7@group-7855C2F36E53-FollowerState was interrupted: java.lang.InterruptedException: sleep interrupted
2019-11-04 16:02:21,811 [e3fb79a3-1f86-42af-a80c-c46d1acdbc29@group-7855C2F36E53-LeaderElection163] INFO  impl.LeaderElection (LeaderElection.java:logAndReturn(56)) - e3fb79a3-1f86-42af-a80c-c46d1acdbc29@group-7855C2F36E53-LeaderElection163: Election REJECTED; received 2 response(s) [e3fb79a3-1f86-42af-a80c-c46d1acdbc29<-81ff859e-e76f-43f5-951a-4a38422068cb#0:FAIL-t174, e3fb79a3-1f86-42af-a80c-c46d1acdbc29<-a9143d84-6d7f-497d-b770-eb75585db3c7#0:FAIL-t174] and 0 exception(s); e3fb79a3-1f86-42af-a80c-c46d1acdbc29@group-7855C2F36E53:t174, leader=null, voted=e3fb79a3-1f86-42af-a80c-c46d1acdbc29, raftlog=e3fb79a3-1f86-42af-a80c-c46d1acdbc29@group-7855C2F36E53-SegmentedRaftLog:OPENED:c-1,f-1,i0, conf=-1: [e3fb79a3-1f86-42af-a80c-c46d1acdbc29:192.168.157.194:44142, 81ff859e-e76f-43f5-951a-4a38422068cb:192.168.157.194:46532, a9143d84-6d7f-497d-b770-eb75585db3c7:192.168.157.194:42126], old=null
2019-11-04 16:02:21,811 [e3fb79a3-1f86-42af-a80c-c46d1acdbc29@group-7855C2F36E53-LeaderElection163] INFO  impl.RaftServerImpl (RaftServerImpl.java:setRole(184)) - e3fb79a3-1f86-42af-a80c-c46d1acdbc29@group-7855C2F36E53: changes role from CANDIDATE to FOLLOWER at term 174 for DISCOVERED_A_NEW_TERM
2019-11-04 16:02:21,812 [e3fb79a3-1f86-42af-a80c-c46d1acdbc29@group-7855C2F36E53-LeaderElection163] INFO  impl.RoleInfo (RoleInfo.java:shutdownLeaderElection(134)) - e3fb79a3-1f86-42af-a80c-c46d1acdbc29: shutdown LeaderElection
2019-11-04 16:02:21,812 [e3fb79a3-1f86-42af-a80c-c46d1acdbc29@group-7855C2F36E53-LeaderElection163] INFO  impl.RoleInfo (RoleInfo.java:updateAndGet(143)) - e3fb79a3-1f86-42af-a80c-c46d1acdbc29: start FollowerState
2019-11-04 16:02:22,008 [Thread-1295] INFO  impl.FollowerState (FollowerState.java:run(108)) - e3fb79a3-1f86-42af-a80c-c46d1acdbc29@group-7855C2F36E53-FollowerState: change to CANDIDATE, lastRpcTime:196ms, electionTimeout:196ms
2019-11-04 16:02:22,009 [Thread-1295] INFO  impl.RoleInfo (RoleInfo.java:shutdownFollowerState(121)) - e3fb79a3-1f86-42af-a80c-c46d1acdbc29: shutdown FollowerState
2019-11-04 16:02:22,009 [Thread-1295] INFO  impl.RaftServerImpl (RaftServerImpl.java:setRole(184)) - e3fb79a3-1f86-42af-a80c-c46d1acdbc29@group-7855C2F36E53: changes role from  FOLLOWER to CANDIDATE at term 174 for changeToCandidate
2019-11-04 16:02:22,009 [Thread-1295] INFO  impl.RoleInfo (RoleInfo.java:updateAndGet(143)) - e3fb79a3-1f86-42af-a80c-c46d1acdbc29: start LeaderElection
2019-11-04 16:02:22,034 [e3fb79a3-1f86-42af-a80c-c46d1acdbc29@group-7855C2F36E53-LeaderElection164] INFO  impl.LeaderElection (LeaderElection.java:askForVotes(178)) - e3fb79a3-1f86-42af-a80c-c46d1acdbc29@group-7855C2F36E53-LeaderElection164: begin an election at term 175 for -1: [e3fb79a3-1f86-42af-a80c-c46d1acdbc29:192.168.157.194:44142, 81ff859e-e76f-43f5-951a-4a38422068cb:192.168.157.194:46532, a9143d84-6d7f-497d-b770-eb75585db3c7:192.168.157.194:42126], old=null
2019-11-04 16:02:22,037 [grpc-default-executor-0] INFO  impl.RaftServerImpl (RaftServerImpl.java:setRole(184)) - a9143d84-6d7f-497d-b770-eb75585db3c7@group-7855C2F36E53: changes role from  FOLLOWER to FOLLOWER at term 175 for recognizeCandidate:e3fb79a3-1f86-42af-a80c-c46d1acdbc29
2019-11-04 16:02:22,037 [grpc-default-executor-5] INFO  impl.RaftServerImpl (RaftServerImpl.java:setRole(184)) - 81ff859e-e76f-43f5-951a-4a38422068cb@group-7855C2F36E53: changes role from  FOLLOWER to FOLLOWER at term 175 for recognizeCandidate:e3fb79a3-1f86-42af-a80c-c46d1acdbc29
2019-11-04 16:02:22,037 [grpc-default-executor-0] INFO  impl.RoleInfo (RoleInfo.java:shutdownFollowerState(121)) - a9143d84-6d7f-497d-b770-eb75585db3c7: shutdown FollowerState
2019-11-04 16:02:22,037 [grpc-default-executor-5] INFO  impl.RoleInfo (RoleInfo.java:shutdownFollowerState(121)) - 81ff859e-e76f-43f5-951a-4a38422068cb: shutdown FollowerState
2019-11-04 16:02:22,037 [Thread-1294] INFO  impl.FollowerState (FollowerState.java:run(117)) - a9143d84-6d7f-497d-b770-eb75585db3c7@group-7855C2F36E53-FollowerState was interrupted: java.lang.InterruptedException: sleep interrupted
2019-11-04 16:02:22,037 [grpc-default-executor-0] INFO  impl.RoleInfo (RoleInfo.java:updateAndGet(143)) - a9143d84-6d7f-497d-b770-eb75585db3c7: start FollowerState
2019-11-04 16:02:22,038 [Thread-1293] INFO  impl.FollowerState (FollowerState.java:run(117)) - 81ff859e-e76f-43f5-951a-4a38422068cb@group-7855C2F36E53-FollowerState was interrupted: java.lang.InterruptedException: sleep interrupted
2019-11-04 16:02:22,038 [grpc-default-executor-5] INFO  impl.RoleInfo (RoleInfo.java:updateAndGet(143)) - 81ff859e-e76f-43f5-951a-4a38422068cb: start FollowerState
2019-11-04 16:02:22,052 [e3fb79a3-1f86-42af-a80c-c46d1acdbc29@group-7855C2F36E53-LeaderElection164] INFO  impl.LeaderElection (LeaderElection.java:logAndReturn(56)) - e3fb79a3-1f86-42af-a80c-c46d1acdbc29@group-7855C2F36E53-LeaderElection164: Election REJECTED; received 2 response(s) [e3fb79a3-1f86-42af-a80c-c46d1acdbc29<-81ff859e-e76f-43f5-951a-4a38422068cb#0:FAIL-t175, e3fb79a3-1f86-42af-a80c-c46d1acdbc29<-a9143d84-6d7f-497d-b770-eb75585db3c7#0:FAIL-t175] and 0 exception(s); e3fb79a3-1f86-42af-a80c-c46d1acdbc29@group-7855C2F36E53:t175, leader=null, voted=e3fb79a3-1f86-42af-a80c-c46d1acdbc29, raftlog=e3fb79a3-1f86-42af-a80c-c46d1acdbc29@group-7855C2F36E53-SegmentedRaftLog:OPENED:c-1,f-1,i0, conf=-1: [e3fb79a3-1f86-42af-a80c-c46d1acdbc29:192.168.157.194:44142, 81ff859e-e76f-43f5-951a-4a38422068cb:192.168.157.194:46532, a9143d84-6d7f-497d-b770-eb75585db3c7:192.168.157.194:42126], old=null
2019-11-04 16:02:22,052 [e3fb79a3-1f86-42af-a80c-c46d1acdbc29@group-7855C2F36E53-LeaderElection164] INFO  impl.RaftServerImpl (RaftServerImpl.java:setRole(184)) - e3fb79a3-1f86-42af-a80c-c46d1acdbc29@group-7855C2F36E53: changes role from CANDIDATE to FOLLOWER at term 175 for DISCOVERED_A_NEW_TERM
2019-11-04 16:02:22,052 [e3fb79a3-1f86-42af-a80c-c46d1acdbc29@group-7855C2F36E53-LeaderElection164] INFO  impl.RoleInfo (RoleInfo.java:shutdownLeaderElection(134)) - e3fb79a3-1f86-42af-a80c-c46d1acdbc29: shutdown LeaderElection
2019-11-04 16:02:22,052 [e3fb79a3-1f86-42af-a80c-c46d1acdbc29@group-7855C2F36E53-LeaderElection164] INFO  impl.RoleInfo (RoleInfo.java:updateAndGet(143)) - e3fb79a3-1f86-42af-a80c-c46d1acdbc29: start FollowerState
2019-11-04 16:02:22,194 [Thread-1301] INFO  impl.FollowerState (FollowerState.java:run(108)) - e3fb79a3-1f86-42af-a80c-c46d1acdbc29@group-7855C2F36E53-FollowerState: change to CANDIDATE, lastRpcTime:141ms, electionTimeout:141ms
2019-11-04 16:02:22,194 [Thread-1301] INFO  impl.RoleInfo (RoleInfo.java:shutdownFollowerState(121)) - e3fb79a3-1f86-42af-a80c-c46d1acdbc29: shutdown FollowerState
2019-11-04 16:02:22,194 [Thread-1301] INFO  impl.RaftServerImpl (RaftServerImpl.java:setRole(184)) - e3fb79a3-1f86-42af-a80c-c46d1acdbc29@group-7855C2F36E53: changes role from  FOLLOWER to CANDIDATE at term 175 for changeToCandidate
2019-11-04 16:02:22,194 [Thread-1301] INFO  impl.RoleInfo (RoleInfo.java:updateAndGet(143)) - e3fb79a3-1f86-42af-a80c-c46d1acdbc29: start LeaderElection
2019-11-04 16:02:22,209 [e3fb79a3-1f86-42af-a80c-c46d1acdbc29@group-7855C2F36E53-LeaderElection165] INFO  impl.LeaderElection (LeaderElection.java:askForVotes(178)) - e3fb79a3-1f86-42af-a80c-c46d1acdbc29@group-7855C2F36E53-LeaderElection165: begin an election at term 176 for -1: [e3fb79a3-1f86-42af-a80c-c46d1acdbc29:192.168.157.194:44142, 81ff859e-e76f-43f5-951a-4a38422068cb:192.168.157.194:46532, a9143d84-6d7f-497d-b770-eb75585db3c7:192.168.157.194:42126], old=null
2019-11-04 16:02:22,212 [grpc-default-executor-0] INFO  impl.RaftServerImpl (RaftServerImpl.java:setRole(184)) - 81ff859e-e76f-43f5-951a-4a38422068cb@group-7855C2F36E53: changes role from  FOLLOWER to FOLLOWER at term 176 for recognizeCandidate:e3fb79a3-1f86-42af-a80c-c46d1acdbc29
2019-11-04 16:02:22,213 [grpc-default-executor-0] INFO  impl.RoleInfo (RoleInfo.java:shutdownFollowerState(121)) - 81ff859e-e76f-43f5-951a-4a38422068cb: shutdown FollowerState
2019-11-04 16:02:22,213 [grpc-default-executor-5] INFO  impl.RaftServerImpl (RaftServerImpl.java:setRole(184)) - a9143d84-6d7f-497d-b770-eb75585db3c7@group-7855C2F36E53: changes role from  FOLLOWER to FOLLOWER at term 176 for recognizeCandidate:e3fb79a3-1f86-42af-a80c-c46d1acdbc29
2019-11-04 16:02:22,213 [Thread-1300] INFO  impl.FollowerState (FollowerState.java:run(117)) - 81ff859e-e76f-43f5-951a-4a38422068cb@group-7855C2F36E53-FollowerState was interrupted: java.lang.InterruptedException: sleep interrupted
2019-11-04 16:02:22,213 [grpc-default-executor-0] INFO  impl.RoleInfo (RoleInfo.java:updateAndGet(143)) - 81ff859e-e76f-43f5-951a-4a38422068cb: start FollowerState
2019-11-04 16:02:22,213 [grpc-default-executor-5] INFO  impl.RoleInfo (RoleInfo.java:shutdownFollowerState(121)) - a9143d84-6d7f-497d-b770-eb75585db3c7: shutdown FollowerState
2019-11-04 16:02:22,214 [grpc-default-executor-5] INFO  impl.RoleInfo (RoleInfo.java:updateAndGet(143)) - a9143d84-6d7f-497d-b770-eb75585db3c7: start FollowerState
2019-11-04 16:02:22,214 [Thread-1299] INFO  impl.FollowerState (FollowerState.java:run(117)) - a9143d84-6d7f-497d-b770-eb75585db3c7@group-7855C2F36E53-FollowerState was interrupted: java.lang.InterruptedException: sleep interrupted
2019-11-04 16:02:22,228 [e3fb79a3-1f86-42af-a80c-c46d1acdbc29@group-7855C2F36E53-LeaderElection165] INFO  impl.LeaderElection (LeaderElection.java:logAndReturn(56)) - e3fb79a3-1f86-42af-a80c-c46d1acdbc29@group-7855C2F36E53-LeaderElection165: Election REJECTED; received 2 response(s) [e3fb79a3-1f86-42af-a80c-c46d1acdbc29<-81ff859e-e76f-43f5-951a-4a38422068cb#0:FAIL-t176, e3fb79a3-1f86-42af-a80c-c46d1acdbc29<-a9143d84-6d7f-497d-b770-eb75585db3c7#0:FAIL-t176] and 0 exception(s); e3fb79a3-1f86-42af-a80c-c46d1acdbc29@group-7855C2F36E53:t176, leader=null, voted=e3fb79a3-1f86-42af-a80c-c46d1acdbc29, raftlog=e3fb79a3-1f86-42af-a80c-c46d1acdbc29@group-7855C2F36E53-SegmentedRaftLog:OPENED:c-1,f-1,i0, conf=-1: [e3fb79a3-1f86-42af-a80c-c46d1acdbc29:192.168.157.194:44142, 81ff859e-e76f-43f5-951a-4a38422068cb:192.168.157.194:46532, a9143d84-6d7f-497d-b770-eb75585db3c7:192.168.157.194:42126], old=null
2019-11-04 16:02:22,228 [e3fb79a3-1f86-42af-a80c-c46d1acdbc29@group-7855C2F36E53-LeaderElection165] INFO  impl.RaftServerImpl (RaftServerImpl.java:setRole(184)) - e3fb79a3-1f86-42af-a80c-c46d1acdbc29@group-7855C2F36E53: changes role from CANDIDATE to FOLLOWER at term 176 for DISCOVERED_A_NEW_TERM
2019-11-04 16:02:22,228 [e3fb79a3-1f86-42af-a80c-c46d1acdbc29@group-7855C2F36E53-LeaderElection165] INFO  impl.RoleInfo (RoleInfo.java:shutdownLeaderElection(134)) - e3fb79a3-1f86-42af-a80c-c46d1acdbc29: shutdown LeaderElection
2019-11-04 16:02:22,228 [e3fb79a3-1f86-42af-a80c-c46d1acdbc29@group-7855C2F36E53-LeaderElection165] INFO  impl.RoleInfo (RoleInfo.java:updateAndGet(143)) - e3fb79a3-1f86-42af-a80c-c46d1acdbc29: start FollowerState
2019-11-04 16:02:22,287 [Thread-1309] INFO  impl.FollowerState (FollowerState.java:run(108)) - e3fb79a3-1f86-42af-a80c-c46d1acdbc29@group-7855C2F36E53-FollowerState: change to CANDIDATE, lastRpcTime:59ms, electionTimeout:59ms
2019-11-04 16:02:22,288 [Thread-1309] INFO  impl.RoleInfo (RoleInfo.java:shutdownFollowerState(121)) - e3fb79a3-1f86-42af-a80c-c46d1acdbc29: shutdown FollowerState
2019-11-04 16:02:22,288 [Thread-1309] INFO  impl.RaftServerImpl (RaftServerImpl.java:setRole(184)) - e3fb79a3-1f86-42af-a80c-c46d1acdbc29@group-7855C2F36E53: changes role from  FOLLOWER to CANDIDATE at term 176 for changeToCandidate
2019-11-04 16:02:22,288 [Thread-1309] INFO  impl.RoleInfo (RoleInfo.java:updateAndGet(143)) - e3fb79a3-1f86-42af-a80c-c46d1acdbc29: start LeaderElection
2019-11-04 16:02:22,302 [e3fb79a3-1f86-42af-a80c-c46d1acdbc29@group-7855C2F36E53-LeaderElection166] INFO  impl.LeaderElection (LeaderElection.java:askForVotes(178)) - e3fb79a3-1f86-42af-a80c-c46d1acdbc29@group-7855C2F36E53-LeaderElection166: begin an election at term 177 for -1: [e3fb79a3-1f86-42af-a80c-c46d1acdbc29:192.168.157.194:44142, 81ff859e-e76f-43f5-951a-4a38422068cb:192.168.157.194:46532, a9143d84-6d7f-497d-b770-eb75585db3c7:192.168.157.194:42126], old=null
2019-11-04 16:02:22,304 [grpc-default-executor-5] INFO  impl.RaftServerImpl (RaftServerImpl.java:setRole(184)) - 81ff859e-e76f-43f5-951a-4a38422068cb@group-7855C2F36E53: changes role from  FOLLOWER to FOLLOWER at term 177 for recognizeCandidate:e3fb79a3-1f86-42af-a80c-c46d1acdbc29
2019-11-04 16:02:22,304 [grpc-default-executor-0] INFO  impl.RaftServerImpl (RaftServerImpl.java:setRole(184)) - a9143d84-6d7f-497d-b770-eb75585db3c7@group-7855C2F36E53: changes role from  FOLLOWER to FOLLOWER at term 177 for recognizeCandidate:e3fb79a3-1f86-42af-a80c-c46d1acdbc29
2019-11-04 16:02:22,305 [grpc-default-executor-0] INFO  impl.RoleInfo (RoleInfo.java:shutdownFollowerState(121)) - a9143d84-6d7f-497d-b770-eb75585db3c7: shutdown FollowerState
2019-11-04 16:02:22,305 [grpc-default-executor-5] INFO  impl.RoleInfo (RoleInfo.java:shutdownFollowerState(121)) - 81ff859e-e76f-43f5-951a-4a38422068cb: shutdown FollowerState
2019-11-04 16:02:22,305 [Thread-1308] INFO  impl.FollowerState (FollowerState.java:run(117)) - a9143d84-6d7f-497d-b770-eb75585db3c7@group-7855C2F36E53-FollowerState was interrupted: java.lang.InterruptedException: sleep interrupted
2019-11-04 16:02:22,305 [grpc-default-executor-0] INFO  impl.RoleInfo (RoleInfo.java:updateAndGet(143)) - a9143d84-6d7f-497d-b770-eb75585db3c7: start FollowerState
2019-11-04 16:02:22,305 [Thread-1307] INFO  impl.FollowerState (FollowerState.java:run(117)) - 81ff859e-e76f-43f5-951a-4a38422068cb@group-7855C2F36E53-FollowerState was interrupted: java.lang.InterruptedException: sleep interrupted
2019-11-04 16:02:22,305 [grpc-default-executor-5] INFO  impl.RoleInfo (RoleInfo.java:updateAndGet(143)) - 81ff859e-e76f-43f5-951a-4a38422068cb: start FollowerState
2019-11-04 16:02:22,320 [e3fb79a3-1f86-42af-a80c-c46d1acdbc29@group-7855C2F36E53-LeaderElection166] INFO  impl.LeaderElection (LeaderElection.java:logAndReturn(56)) - e3fb79a3-1f86-42af-a80c-c46d1acdbc29@group-7855C2F36E53-LeaderElection166: Election REJECTED; received 2 response(s) [e3fb79a3-1f86-42af-a80c-c46d1acdbc29<-81ff859e-e76f-43f5-951a-4a38422068cb#0:FAIL-t177, e3fb79a3-1f86-42af-a80c-c46d1acdbc29<-a9143d84-6d7f-497d-b770-eb75585db3c7#0:FAIL-t177] and 0 exception(s); e3fb79a3-1f86-42af-a80c-c46d1acdbc29@group-7855C2F36E53:t177, leader=null, voted=e3fb79a3-1f86-42af-a80c-c46d1acdbc29, raftlog=e3fb79a3-1f86-42af-a80c-c46d1acdbc29@group-7855C2F36E53-SegmentedRaftLog:OPENED:c-1,f-1,i0, conf=-1: [e3fb79a3-1f86-42af-a80c-c46d1acdbc29:192.168.157.194:44142, 81ff859e-e76f-43f5-951a-4a38422068cb:192.168.157.194:46532, a9143d84-6d7f-497d-b770-eb75585db3c7:192.168.157.194:42126], old=null
2019-11-04 16:02:22,320 [e3fb79a3-1f86-42af-a80c-c46d1acdbc29@group-7855C2F36E53-LeaderElection166] INFO  impl.RaftServerImpl (RaftServerImpl.java:setRole(184)) - e3fb79a3-1f86-42af-a80c-c46d1acdbc29@group-7855C2F36E53: changes role from CANDIDATE to FOLLOWER at term 177 for DISCOVERED_A_NEW_TERM
2019-11-04 16:02:22,320 [e3fb79a3-1f86-42af-a80c-c46d1acdbc29@group-7855C2F36E53-LeaderElection166] INFO  impl.RoleInfo (RoleInfo.java:shutdownLeaderElection(134)) - e3fb79a3-1f86-42af-a80c-c46d1acdbc29: shutdown LeaderElection
2019-11-04 16:02:22,320 [e3fb79a3-1f86-42af-a80c-c46d1acdbc29@group-7855C2F36E53-LeaderElection166] INFO  impl.RoleInfo (RoleInfo.java:updateAndGet(143)) - e3fb79a3-1f86-42af-a80c-c46d1acdbc29: start FollowerState
2019-11-04 16:02:22,367 [Thread-1315] INFO  impl.FollowerState (FollowerState.java:run(108)) - e3fb79a3-1f86-42af-a80c-c46d1acdbc29@group-7855C2F36E53-FollowerState: change to CANDIDATE, lastRpcTime:47ms, electionTimeout:47ms
2019-11-04 16:02:22,368 [Thread-1315] INFO  impl.RoleInfo (RoleInfo.java:shutdownFollowerState(121)) - e3fb79a3-1f86-42af-a80c-c46d1acdbc29: shutdown FollowerState
2019-11-04 16:02:22,368 [Thread-1315] INFO  impl.RaftServerImpl (RaftServerImpl.java:setRole(184)) - e3fb79a3-1f86-42af-a80c-c46d1acdbc29@group-7855C2F36E53: changes role from  FOLLOWER to CANDIDATE at term 177 for changeToCandidate
2019-11-04 16:02:22,368 [Thread-1315] INFO  impl.RoleInfo (RoleInfo.java:updateAndGet(143)) - e3fb79a3-1f86-42af-a80c-c46d1acdbc29: start LeaderElection
2019-11-04 16:02:22,381 [e3fb79a3-1f86-42af-a80c-c46d1acdbc29@group-7855C2F36E53-LeaderElection167] INFO  impl.LeaderElection (LeaderElection.java:askForVotes(178)) - e3fb79a3-1f86-42af-a80c-c46d1acdbc29@group-7855C2F36E53-LeaderElection167: begin an election at term 178 for -1: [e3fb79a3-1f86-42af-a80c-c46d1acdbc29:192.168.157.194:44142, 81ff859e-e76f-43f5-951a-4a38422068cb:192.168.157.194:46532, a9143d84-6d7f-497d-b770-eb75585db3c7:192.168.157.194:42126], old=null
2019-11-04 16:02:22,383 [grpc-default-executor-0] INFO  impl.RaftServerImpl (RaftServerImpl.java:setRole(184)) - a9143d84-6d7f-497d-b770-eb75585db3c7@group-7855C2F36E53: changes role from  FOLLOWER to FOLLOWER at term 178 for recognizeCandidate:e3fb79a3-1f86-42af-a80c-c46d1acdbc29
2019-11-04 16:02:22,383 [grpc-default-executor-5] INFO  impl.RaftServerImpl (RaftServerImpl.java:setRole(184)) - 81ff859e-e76f-43f5-951a-4a38422068cb@group-7855C2F36E53: changes role from  FOLLOWER to FOLLOWER at term 178 for recognizeCandidate:e3fb79a3-1f86-42af-a80c-c46d1acdbc29
2019-11-04 16:02:22,384 [grpc-default-executor-5] INFO  impl.RoleInfo (RoleInfo.java:shutdownFollowerState(121)) - 81ff859e-e76f-43f5-951a-4a38422068cb: shutdown FollowerState
2019-11-04 16:02:22,384 [grpc-default-executor-0] INFO  impl.RoleInfo (RoleInfo.java:shutdownFollowerState(121)) - a9143d84-6d7f-497d-b770-eb75585db3c7: shutdown FollowerState
2019-11-04 16:02:22,384 [Thread-1314] INFO  impl.FollowerState (FollowerState.java:run(117)) - 81ff859e-e76f-43f5-951a-4a38422068cb@group-7855C2F36E53-FollowerState was interrupted: java.lang.InterruptedException: sleep interrupted
2019-11-04 16:02:22,384 [grpc-default-executor-5] INFO  impl.RoleInfo (RoleInfo.java:updateAndGet(143)) - 81ff859e-e76f-43f5-951a-4a38422068cb: start FollowerState
2019-11-04 16:02:22,384 [Thread-1313] INFO  impl.FollowerState (FollowerState.java:run(117)) - a9143d84-6d7f-497d-b770-eb75585db3c7@group-7855C2F36E53-FollowerState was interrupted: java.lang.InterruptedException: sleep interrupted
2019-11-04 16:02:22,384 [grpc-default-executor-0] INFO  impl.RoleInfo (RoleInfo.java:updateAndGet(143)) - a9143d84-6d7f-497d-b770-eb75585db3c7: start FollowerState
2019-11-04 16:02:22,398 [e3fb79a3-1f86-42af-a80c-c46d1acdbc29@group-7855C2F36E53-LeaderElection167] INFO  impl.LeaderElection (LeaderElection.java:logAndReturn(56)) - e3fb79a3-1f86-42af-a80c-c46d1acdbc29@group-7855C2F36E53-LeaderElection167: Election TIMEOUT; received 0 response(s) [] and 0 exception(s); e3fb79a3-1f86-42af-a80c-c46d1acdbc29@group-7855C2F36E53:t178, leader=null, voted=e3fb79a3-1f86-42af-a80c-c46d1acdbc29, raftlog=e3fb79a3-1f86-42af-a80c-c46d1acdbc29@group-7855C2F36E53-SegmentedRaftLog:OPENED:c-1,f-1,i0, conf=-1: [e3fb79a3-1f86-42af-a80c-c46d1acdbc29:192.168.157.194:44142, 81ff859e-e76f-43f5-951a-4a38422068cb:192.168.157.194:46532, a9143d84-6d7f-497d-b770-eb75585db3c7:192.168.157.194:42126], old=null
2019-11-04 16:02:22,411 [e3fb79a3-1f86-42af-a80c-c46d1acdbc29@group-7855C2F36E53-LeaderElection167] INFO  impl.LeaderElection (LeaderElection.java:askForVotes(178)) - e3fb79a3-1f86-42af-a80c-c46d1acdbc29@group-7855C2F36E53-LeaderElection167: begin an election at term 179 for -1: [e3fb79a3-1f86-42af-a80c-c46d1acdbc29:192.168.157.194:44142, 81ff859e-e76f-43f5-951a-4a38422068cb:192.168.157.194:46532, a9143d84-6d7f-497d-b770-eb75585db3c7:192.168.157.194:42126], old=null
2019-11-04 16:02:22,412 [e3fb79a3-1f86-42af-a80c-c46d1acdbc29@group-7855C2F36E53-LeaderElection167] INFO  impl.LeaderElection (LeaderElection.java:logAndReturn(56)) - e3fb79a3-1f86-42af-a80c-c46d1acdbc29@group-7855C2F36E53-LeaderElection167: Election TIMEOUT; received 0 response(s) [] and 0 exception(s); e3fb79a3-1f86-42af-a80c-c46d1acdbc29@group-7855C2F36E53:t179, leader=null, voted=e3fb79a3-1f86-42af-a80c-c46d1acdbc29, raftlog=e3fb79a3-1f86-42af-a80c-c46d1acdbc29@group-7855C2F36E53-SegmentedRaftLog:OPENED:c-1,f-1,i0, conf=-1: [e3fb79a3-1f86-42af-a80c-c46d1acdbc29:192.168.157.194:44142, 81ff859e-e76f-43f5-951a-4a38422068cb:192.168.157.194:46532, a9143d84-6d7f-497d-b770-eb75585db3c7:192.168.157.194:42126], old=null
2019-11-04 16:02:22,413 [grpc-default-executor-0] INFO  impl.RaftServerImpl (RaftServerImpl.java:setRole(184)) - a9143d84-6d7f-497d-b770-eb75585db3c7@group-7855C2F36E53: changes role from  FOLLOWER to FOLLOWER at term 179 for recognizeCandidate:e3fb79a3-1f86-42af-a80c-c46d1acdbc29
2019-11-04 16:02:22,413 [grpc-default-executor-5] INFO  impl.RaftServerImpl (RaftServerImpl.java:setRole(184)) - 81ff859e-e76f-43f5-951a-4a38422068cb@group-7855C2F36E53: changes role from  FOLLOWER to FOLLOWER at term 179 for recognizeCandidate:e3fb79a3-1f86-42af-a80c-c46d1acdbc29
2019-11-04 16:02:22,413 [grpc-default-executor-0] INFO  impl.RoleInfo (RoleInfo.java:shutdownFollowerState(121)) - a9143d84-6d7f-497d-b770-eb75585db3c7: shutdown FollowerState
2019-11-04 16:02:22,413 [grpc-default-executor-5] INFO  impl.RoleInfo (RoleInfo.java:shutdownFollowerState(121)) - 81ff859e-e76f-43f5-951a-4a38422068cb: shutdown FollowerState
2019-11-04 16:02:22,413 [Thread-1320] INFO  impl.FollowerState (FollowerState.java:run(117)) - a9143d84-6d7f-497d-b770-eb75585db3c7@group-7855C2F36E53-FollowerState was interrupted: java.lang.InterruptedException: sleep interrupted
2019-11-04 16:02:22,413 [grpc-default-executor-0] INFO  impl.RoleInfo (RoleInfo.java:updateAndGet(143)) - a9143d84-6d7f-497d-b770-eb75585db3c7: start FollowerState
2019-11-04 16:02:22,413 [grpc-default-executor-5] INFO  impl.RoleInfo (RoleInfo.java:updateAndGet(143)) - 81ff859e-e76f-43f5-951a-4a38422068cb: start FollowerState
2019-11-04 16:02:22,413 [Thread-1319] INFO  impl.FollowerState (FollowerState.java:run(117)) - 81ff859e-e76f-43f5-951a-4a38422068cb@group-7855C2F36E53-FollowerState was interrupted: java.lang.InterruptedException: sleep interrupted
2019-11-04 16:02:22,425 [e3fb79a3-1f86-42af-a80c-c46d1acdbc29@group-7855C2F36E53-LeaderElection167] INFO  impl.LeaderElection (LeaderElection.java:askForVotes(178)) - e3fb79a3-1f86-42af-a80c-c46d1acdbc29@group-7855C2F36E53-LeaderElection167: begin an election at term 180 for -1: [e3fb79a3-1f86-42af-a80c-c46d1acdbc29:192.168.157.194:44142, 81ff859e-e76f-43f5-951a-4a38422068cb:192.168.157.194:46532, a9143d84-6d7f-497d-b770-eb75585db3c7:192.168.157.194:42126], old=null
2019-11-04 16:02:22,426 [grpc-default-executor-0] INFO  impl.RaftServerImpl (RaftServerImpl.java:setRole(184)) - 81ff859e-e76f-43f5-951a-4a38422068cb@group-7855C2F36E53: changes role from  FOLLOWER to FOLLOWER at term 180 for recognizeCandidate:e3fb79a3-1f86-42af-a80c-c46d1acdbc29
2019-11-04 16:02:22,427 [grpc-default-executor-0] INFO  impl.RoleInfo (RoleInfo.java:shutdownFollowerState(121)) - 81ff859e-e76f-43f5-951a-4a38422068cb: shutdown FollowerState
2019-11-04 16:02:22,427 [grpc-default-executor-0] INFO  impl.RoleInfo (RoleInfo.java:updateAndGet(143)) - 81ff859e-e76f-43f5-951a-4a38422068cb: start FollowerState
2019-11-04 16:02:22,427 [Thread-1324] INFO  impl.FollowerState (FollowerState.java:run(117)) - 81ff859e-e76f-43f5-951a-4a38422068cb@group-7855C2F36E53-FollowerState was interrupted: java.lang.InterruptedException: sleep interrupted
2019-11-04 16:02:22,427 [grpc-default-executor-5] INFO  impl.RaftServerImpl (RaftServerImpl.java:setRole(184)) - a9143d84-6d7f-497d-b770-eb75585db3c7@group-7855C2F36E53: changes role from  FOLLOWER to FOLLOWER at term 180 for recognizeCandidate:e3fb79a3-1f86-42af-a80c-c46d1acdbc29
2019-11-04 16:02:22,427 [grpc-default-executor-5] INFO  impl.RoleInfo (RoleInfo.java:shutdownFollowerState(121)) - a9143d84-6d7f-497d-b770-eb75585db3c7: shutdown FollowerState
2019-11-04 16:02:22,427 [grpc-default-executor-5] INFO  impl.RoleInfo (RoleInfo.java:updateAndGet(143)) - a9143d84-6d7f-497d-b770-eb75585db3c7: start FollowerState
2019-11-04 16:02:22,427 [Thread-1323] INFO  impl.FollowerState (FollowerState.java:run(117)) - a9143d84-6d7f-497d-b770-eb75585db3c7@group-7855C2F36E53-FollowerState was interrupted: java.lang.InterruptedException: sleep interrupted
2019-11-04 16:02:22,453 [e3fb79a3-1f86-42af-a80c-c46d1acdbc29@group-7855C2F36E53-LeaderElection167] INFO  impl.LeaderElection (LeaderElection.java:logAndReturn(56)) - e3fb79a3-1f86-42af-a80c-c46d1acdbc29@group-7855C2F36E53-LeaderElection167: Election REJECTED; received 2 response(s) [e3fb79a3-1f86-42af-a80c-c46d1acdbc29<-81ff859e-e76f-43f5-951a-4a38422068cb#0:FAIL-t180, e3fb79a3-1f86-42af-a80c-c46d1acdbc29<-a9143d84-6d7f-497d-b770-eb75585db3c7#0:FAIL-t180] and 0 exception(s); e3fb79a3-1f86-42af-a80c-c46d1acdbc29@group-7855C2F36E53:t180, leader=null, voted=e3fb79a3-1f86-42af-a80c-c46d1acdbc29, raftlog=e3fb79a3-1f86-42af-a80c-c46d1acdbc29@group-7855C2F36E53-SegmentedRaftLog:OPENED:c-1,f-1,i0, conf=-1: [e3fb79a3-1f86-42af-a80c-c46d1acdbc29:192.168.157.194:44142, 81ff859e-e76f-43f5-951a-4a38422068cb:192.168.157.194:46532, a9143d84-6d7f-497d-b770-eb75585db3c7:192.168.157.194:42126], old=null
2019-11-04 16:02:22,453 [e3fb79a3-1f86-42af-a80c-c46d1acdbc29@group-7855C2F36E53-LeaderElection167] INFO  impl.RaftServerImpl (RaftServerImpl.java:setRole(184)) - e3fb79a3-1f86-42af-a80c-c46d1acdbc29@group-7855C2F36E53: changes role from CANDIDATE to FOLLOWER at term 180 for DISCOVERED_A_NEW_TERM
2019-11-04 16:02:22,453 [e3fb79a3-1f86-42af-a80c-c46d1acdbc29@group-7855C2F36E53-LeaderElection167] INFO  impl.RoleInfo (RoleInfo.java:shutdownLeaderElection(134)) - e3fb79a3-1f86-42af-a80c-c46d1acdbc29: shutdown LeaderElection
2019-11-04 16:02:22,453 [e3fb79a3-1f86-42af-a80c-c46d1acdbc29@group-7855C2F36E53-LeaderElection167] INFO  impl.RoleInfo (RoleInfo.java:updateAndGet(143)) - e3fb79a3-1f86-42af-a80c-c46d1acdbc29: start FollowerState
2019-11-04 16:02:22,645 [Thread-1329] INFO  impl.FollowerState (FollowerState.java:run(108)) - e3fb79a3-1f86-42af-a80c-c46d1acdbc29@group-7855C2F36E53-FollowerState: change to CANDIDATE, lastRpcTime:192ms, electionTimeout:192ms
2019-11-04 16:02:22,646 [Thread-1329] INFO  impl.RoleInfo (RoleInfo.java:shutdownFollowerState(121)) - e3fb79a3-1f86-42af-a80c-c46d1acdbc29: shutdown FollowerState
2019-11-04 16:02:22,646 [Thread-1329] INFO  impl.RaftServerImpl (RaftServerImpl.java:setRole(184)) - e3fb79a3-1f86-42af-a80c-c46d1acdbc29@group-7855C2F36E53: changes role from  FOLLOWER to CANDIDATE at term 180 for changeToCandidate
2019-11-04 16:02:22,646 [Thread-1329] INFO  impl.RoleInfo (RoleInfo.java:updateAndGet(143)) - e3fb79a3-1f86-42af-a80c-c46d1acdbc29: start LeaderElection
2019-11-04 16:02:22,671 [e3fb79a3-1f86-42af-a80c-c46d1acdbc29@group-7855C2F36E53-LeaderElection168] INFO  impl.LeaderElection (LeaderElection.java:askForVotes(178)) - e3fb79a3-1f86-42af-a80c-c46d1acdbc29@group-7855C2F36E53-LeaderElection168: begin an election at term 181 for -1: [e3fb79a3-1f86-42af-a80c-c46d1acdbc29:192.168.157.194:44142, 81ff859e-e76f-43f5-951a-4a38422068cb:192.168.157.194:46532, a9143d84-6d7f-497d-b770-eb75585db3c7:192.168.157.194:42126], old=null
2019-11-04 16:02:22,675 [grpc-default-executor-0] INFO  impl.RaftServerImpl (RaftServerImpl.java:setRole(184)) - 81ff859e-e76f-43f5-951a-4a38422068cb@group-7855C2F36E53: changes role from  FOLLOWER to FOLLOWER at term 181 for recognizeCandidate:e3fb79a3-1f86-42af-a80c-c46d1acdbc29
2019-11-04 16:02:22,675 [grpc-default-executor-5] INFO  impl.RaftServerImpl (RaftServerImpl.java:setRole(184)) - a9143d84-6d7f-497d-b770-eb75585db3c7@group-7855C2F36E53: changes role from  FOLLOWER to FOLLOWER at term 181 for recognizeCandidate:e3fb79a3-1f86-42af-a80c-c46d1acdbc29
2019-11-04 16:02:22,675 [grpc-default-executor-5] INFO  impl.RoleInfo (RoleInfo.java:shutdownFollowerState(121)) - a9143d84-6d7f-497d-b770-eb75585db3c7: shutdown FollowerState
2019-11-04 16:02:22,675 [grpc-default-executor-0] INFO  impl.RoleInfo (RoleInfo.java:shutdownFollowerState(121)) - 81ff859e-e76f-43f5-951a-4a38422068cb: shutdown FollowerState
2019-11-04 16:02:22,675 [Thread-1328] INFO  impl.FollowerState (FollowerState.java:run(117)) - a9143d84-6d7f-497d-b770-eb75585db3c7@group-7855C2F36E53-FollowerState was interrupted: java.lang.InterruptedException: sleep interrupted
2019-11-04 16:02:22,675 [grpc-default-executor-5] INFO  impl.RoleInfo (RoleInfo.java:updateAndGet(143)) - a9143d84-6d7f-497d-b770-eb75585db3c7: start FollowerState
2019-11-04 16:02:22,675 [Thread-1327] INFO  impl.FollowerState (FollowerState.java:run(117)) - 81ff859e-e76f-43f5-951a-4a38422068cb@group-7855C2F36E53-FollowerState was interrupted: java.lang.InterruptedException: sleep interrupted
2019-11-04 16:02:22,675 [grpc-default-executor-0] INFO  impl.RoleInfo (RoleInfo.java:updateAndGet(143)) - 81ff859e-e76f-43f5-951a-4a38422068cb: start FollowerState
2019-11-04 16:02:22,691 [e3fb79a3-1f86-42af-a80c-c46d1acdbc29@group-7855C2F36E53-LeaderElection168] INFO  impl.LeaderElection (LeaderElection.java:logAndReturn(56)) - e3fb79a3-1f86-42af-a80c-c46d1acdbc29@group-7855C2F36E53-LeaderElection168: Election REJECTED; received 2 response(s) [e3fb79a3-1f86-42af-a80c-c46d1acdbc29<-81ff859e-e76f-43f5-951a-4a38422068cb#0:FAIL-t181, e3fb79a3-1f86-42af-a80c-c46d1acdbc29<-a9143d84-6d7f-497d-b770-eb75585db3c7#0:FAIL-t181] and 0 exception(s); e3fb79a3-1f86-42af-a80c-c46d1acdbc29@group-7855C2F36E53:t181, leader=null, voted=e3fb79a3-1f86-42af-a80c-c46d1acdbc29, raftlog=e3fb79a3-1f86-42af-a80c-c46d1acdbc29@group-7855C2F36E53-SegmentedRaftLog:OPENED:c-1,f-1,i0, conf=-1: [e3fb79a3-1f86-42af-a80c-c46d1acdbc29:192.168.157.194:44142, 81ff859e-e76f-43f5-951a-4a38422068cb:192.168.157.194:46532, a9143d84-6d7f-497d-b770-eb75585db3c7:192.168.157.194:42126], old=null
2019-11-04 16:02:22,691 [e3fb79a3-1f86-42af-a80c-c46d1acdbc29@group-7855C2F36E53-LeaderElection168] INFO  impl.RaftServerImpl (RaftServerImpl.java:setRole(184)) - e3fb79a3-1f86-42af-a80c-c46d1acdbc29@group-7855C2F36E53: changes role from CANDIDATE to FOLLOWER at term 181 for DISCOVERED_A_NEW_TERM
2019-11-04 16:02:22,691 [e3fb79a3-1f86-42af-a80c-c46d1acdbc29@group-7855C2F36E53-LeaderElection168] INFO  impl.RoleInfo (RoleInfo.java:shutdownLeaderElection(134)) - e3fb79a3-1f86-42af-a80c-c46d1acdbc29: shutdown LeaderElection
2019-11-04 16:02:22,691 [e3fb79a3-1f86-42af-a80c-c46d1acdbc29@group-7855C2F36E53-LeaderElection168] INFO  impl.RoleInfo (RoleInfo.java:updateAndGet(143)) - e3fb79a3-1f86-42af-a80c-c46d1acdbc29: start FollowerState
2019-11-04 16:02:22,801 [Thread-1335] INFO  impl.FollowerState (FollowerState.java:run(108)) - e3fb79a3-1f86-42af-a80c-c46d1acdbc29@group-7855C2F36E53-FollowerState: change to CANDIDATE, lastRpcTime:109ms, electionTimeout:109ms
2019-11-04 16:02:22,801 [Thread-1335] INFO  impl.RoleInfo (RoleInfo.java:shutdownFollowerState(121)) - e3fb79a3-1f86-42af-a80c-c46d1acdbc29: shutdown FollowerState
2019-11-04 16:02:22,801 [Thread-1335] INFO  impl.RaftServerImpl (RaftServerImpl.java:setRole(184)) - e3fb79a3-1f86-42af-a80c-c46d1acdbc29@group-7855C2F36E53: changes role from  FOLLOWER to CANDIDATE at term 181 for changeToCandidate
2019-11-04 16:02:22,801 [Thread-1335] INFO  impl.RoleInfo (RoleInfo.java:updateAndGet(143)) - e3fb79a3-1f86-42af-a80c-c46d1acdbc29: start LeaderElection
2019-11-04 16:02:22,815 [e3fb79a3-1f86-42af-a80c-c46d1acdbc29@group-7855C2F36E53-LeaderElection169] INFO  impl.LeaderElection (LeaderElection.java:askForVotes(178)) - e3fb79a3-1f86-42af-a80c-c46d1acdbc29@group-7855C2F36E53-LeaderElection169: begin an election at term 182 for -1: [e3fb79a3-1f86-42af-a80c-c46d1acdbc29:192.168.157.194:44142, 81ff859e-e76f-43f5-951a-4a38422068cb:192.168.157.194:46532, a9143d84-6d7f-497d-b770-eb75585db3c7:192.168.157.194:42126], old=null
2019-11-04 16:02:22,818 [grpc-default-executor-0] INFO  impl.RaftServerImpl (RaftServerImpl.java:setRole(184)) - 81ff859e-e76f-43f5-951a-4a38422068cb@group-7855C2F36E53: changes role from  FOLLOWER to FOLLOWER at term 182 for recognizeCandidate:e3fb79a3-1f86-42af-a80c-c46d1acdbc29
2019-11-04 16:02:22,819 [grpc-default-executor-0] INFO  impl.RoleInfo (RoleInfo.java:shutdownFollowerState(121)) - 81ff859e-e76f-43f5-951a-4a38422068cb: shutdown FollowerState
2019-11-04 16:02:22,819 [grpc-default-executor-5] INFO  impl.RaftServerImpl (RaftServerImpl.java:setRole(184)) - a9143d84-6d7f-497d-b770-eb75585db3c7@group-7855C2F36E53: changes role from  FOLLOWER to FOLLOWER at term 182 for recognizeCandidate:e3fb79a3-1f86-42af-a80c-c46d1acdbc29
2019-11-04 16:02:22,819 [Thread-1334] INFO  impl.FollowerState (FollowerState.java:run(117)) - 81ff859e-e76f-43f5-951a-4a38422068cb@group-7855C2F36E53-FollowerState was interrupted: java.lang.InterruptedException: sleep interrupted
2019-11-04 16:02:22,819 [grpc-default-executor-0] INFO  impl.RoleInfo (RoleInfo.java:updateAndGet(143)) - 81ff859e-e76f-43f5-951a-4a38422068cb: start FollowerState
2019-11-04 16:02:22,819 [grpc-default-executor-5] INFO  impl.RoleInfo (RoleInfo.java:shutdownFollowerState(121)) - a9143d84-6d7f-497d-b770-eb75585db3c7: shutdown FollowerState
2019-11-04 16:02:22,819 [grpc-default-executor-5] INFO  impl.RoleInfo (RoleInfo.java:updateAndGet(143)) - a9143d84-6d7f-497d-b770-eb75585db3c7: start FollowerState
2019-11-04 16:02:22,819 [Thread-1333] INFO  impl.FollowerState (FollowerState.java:run(117)) - a9143d84-6d7f-497d-b770-eb75585db3c7@group-7855C2F36E53-FollowerState was interrupted: java.lang.InterruptedException: sleep interrupted
2019-11-04 16:02:22,834 [e3fb79a3-1f86-42af-a80c-c46d1acdbc29@group-7855C2F36E53-LeaderElection169] INFO  impl.LeaderElection (LeaderElection.java:logAndReturn(56)) - e3fb79a3-1f86-42af-a80c-c46d1acdbc29@group-7855C2F36E53-LeaderElection169: Election REJECTED; received 2 response(s) [e3fb79a3-1f86-42af-a80c-c46d1acdbc29<-81ff859e-e76f-43f5-951a-4a38422068cb#0:FAIL-t182, e3fb79a3-1f86-42af-a80c-c46d1acdbc29<-a9143d84-6d7f-497d-b770-eb75585db3c7#0:FAIL-t182] and 0 exception(s); e3fb79a3-1f86-42af-a80c-c46d1acdbc29@group-7855C2F36E53:t182, leader=null, voted=e3fb79a3-1f86-42af-a80c-c46d1acdbc29, raftlog=e3fb79a3-1f86-42af-a80c-c46d1acdbc29@group-7855C2F36E53-SegmentedRaftLog:OPENED:c-1,f-1,i0, conf=-1: [e3fb79a3-1f86-42af-a80c-c46d1acdbc29:192.168.157.194:44142, 81ff859e-e76f-43f5-951a-4a38422068cb:192.168.157.194:46532, a9143d84-6d7f-497d-b770-eb75585db3c7:192.168.157.194:42126], old=null
2019-11-04 16:02:22,834 [e3fb79a3-1f86-42af-a80c-c46d1acdbc29@group-7855C2F36E53-LeaderElection169] INFO  impl.RaftServerImpl (RaftServerImpl.java:setRole(184)) - e3fb79a3-1f86-42af-a80c-c46d1acdbc29@group-7855C2F36E53: changes role from CANDIDATE to FOLLOWER at term 182 for DISCOVERED_A_NEW_TERM
2019-11-04 16:02:22,835 [e3fb79a3-1f86-42af-a80c-c46d1acdbc29@group-7855C2F36E53-LeaderElection169] INFO  impl.RoleInfo (RoleInfo.java:shutdownLeaderElection(134)) - e3fb79a3-1f86-42af-a80c-c46d1acdbc29: shutdown LeaderElection
2019-11-04 16:02:22,835 [e3fb79a3-1f86-42af-a80c-c46d1acdbc29@group-7855C2F36E53-LeaderElection169] INFO  impl.RoleInfo (RoleInfo.java:updateAndGet(143)) - e3fb79a3-1f86-42af-a80c-c46d1acdbc29: start FollowerState
2019-11-04 16:02:22,935 [Thread-1341] INFO  impl.FollowerState (FollowerState.java:run(108)) - e3fb79a3-1f86-42af-a80c-c46d1acdbc29@group-7855C2F36E53-FollowerState: change to CANDIDATE, lastRpcTime:100ms, electionTimeout:100ms
2019-11-04 16:02:22,935 [Thread-1341] INFO  impl.RoleInfo (RoleInfo.java:shutdownFollowerState(121)) - e3fb79a3-1f86-42af-a80c-c46d1acdbc29: shutdown FollowerState
2019-11-04 16:02:22,936 [Thread-1341] INFO  impl.RaftServerImpl (RaftServerImpl.java:setRole(184)) - e3fb79a3-1f86-42af-a80c-c46d1acdbc29@group-7855C2F36E53: changes role from  FOLLOWER to CANDIDATE at term 182 for changeToCandidate
2019-11-04 16:02:22,936 [Thread-1341] INFO  impl.RoleInfo (RoleInfo.java:updateAndGet(143)) - e3fb79a3-1f86-42af-a80c-c46d1acdbc29: start LeaderElection
2019-11-04 16:02:22,950 [e3fb79a3-1f86-42af-a80c-c46d1acdbc29@group-7855C2F36E53-LeaderElection170] INFO  impl.LeaderElection (LeaderElection.java:askForVotes(178)) - e3fb79a3-1f86-42af-a80c-c46d1acdbc29@group-7855C2F36E53-LeaderElection170: begin an election at term 183 for -1: [e3fb79a3-1f86-42af-a80c-c46d1acdbc29:192.168.157.194:44142, 81ff859e-e76f-43f5-951a-4a38422068cb:192.168.157.194:46532, a9143d84-6d7f-497d-b770-eb75585db3c7:192.168.157.194:42126], old=null
2019-11-04 16:02:22,952 [grpc-default-executor-0] INFO  impl.RaftServerImpl (RaftServerImpl.java:setRole(184)) - 81ff859e-e76f-43f5-951a-4a38422068cb@group-7855C2F36E53: changes role from  FOLLOWER to FOLLOWER at term 183 for recognizeCandidate:e3fb79a3-1f86-42af-a80c-c46d1acdbc29
2019-11-04 16:02:22,952 [grpc-default-executor-5] INFO  impl.RaftServerImpl (RaftServerImpl.java:setRole(184)) - a9143d84-6d7f-497d-b770-eb75585db3c7@group-7855C2F36E53: changes role from  FOLLOWER to FOLLOWER at term 183 for recognizeCandidate:e3fb79a3-1f86-42af-a80c-c46d1acdbc29
2019-11-04 16:02:22,952 [grpc-default-executor-0] INFO  impl.RoleInfo (RoleInfo.java:shutdownFollowerState(121)) - 81ff859e-e76f-43f5-951a-4a38422068cb: shutdown FollowerState
2019-11-04 16:02:22,952 [grpc-default-executor-5] INFO  impl.RoleInfo (RoleInfo.java:shutdownFollowerState(121)) - a9143d84-6d7f-497d-b770-eb75585db3c7: shutdown FollowerState
2019-11-04 16:02:22,952 [Thread-1339] INFO  impl.FollowerState (FollowerState.java:run(117)) - 81ff859e-e76f-43f5-951a-4a38422068cb@group-7855C2F36E53-FollowerState was interrupted: java.lang.InterruptedException: sleep interrupted
2019-11-04 16:02:22,952 [grpc-default-executor-0] INFO  impl.RoleInfo (RoleInfo.java:updateAndGet(143)) - 81ff859e-e76f-43f5-951a-4a38422068cb: start FollowerState
2019-11-04 16:02:22,953 [Thread-1340] INFO  impl.FollowerState (FollowerState.java:run(117)) - a9143d84-6d7f-497d-b770-eb75585db3c7@group-7855C2F36E53-FollowerState was interrupted: java.lang.InterruptedException: sleep interrupted
2019-11-04 16:02:22,952 [grpc-default-executor-5] INFO  impl.RoleInfo (RoleInfo.java:updateAndGet(143)) - a9143d84-6d7f-497d-b770-eb75585db3c7: start FollowerState
2019-11-04 16:02:22,977 [e3fb79a3-1f86-42af-a80c-c46d1acdbc29@group-7855C2F36E53-LeaderElection170] INFO  impl.LeaderElection (LeaderElection.java:logAndReturn(56)) - e3fb79a3-1f86-42af-a80c-c46d1acdbc29@group-7855C2F36E53-LeaderElection170: Election TIMEOUT; received 0 response(s) [] and 0 exception(s); e3fb79a3-1f86-42af-a80c-c46d1acdbc29@group-7855C2F36E53:t183, leader=null, voted=e3fb79a3-1f86-42af-a80c-c46d1acdbc29, raftlog=e3fb79a3-1f86-42af-a80c-c46d1acdbc29@group-7855C2F36E53-SegmentedRaftLog:OPENED:c-1,f-1,i0, conf=-1: [e3fb79a3-1f86-42af-a80c-c46d1acdbc29:192.168.157.194:44142, 81ff859e-e76f-43f5-951a-4a38422068cb:192.168.157.194:46532, a9143d84-6d7f-497d-b770-eb75585db3c7:192.168.157.194:42126], old=null
2019-11-04 16:02:22,988 [e3fb79a3-1f86-42af-a80c-c46d1acdbc29@group-7855C2F36E53-LeaderElection170] INFO  impl.LeaderElection (LeaderElection.java:askForVotes(178)) - e3fb79a3-1f86-42af-a80c-c46d1acdbc29@group-7855C2F36E53-LeaderElection170: begin an election at term 184 for -1: [e3fb79a3-1f86-42af-a80c-c46d1acdbc29:192.168.157.194:44142, 81ff859e-e76f-43f5-951a-4a38422068cb:192.168.157.194:46532, a9143d84-6d7f-497d-b770-eb75585db3c7:192.168.157.194:42126], old=null
2019-11-04 16:02:22,990 [grpc-default-executor-5] INFO  impl.RaftServerImpl (RaftServerImpl.java:setRole(184)) - 81ff859e-e76f-43f5-951a-4a38422068cb@group-7855C2F36E53: changes role from  FOLLOWER to FOLLOWER at term 184 for recognizeCandidate:e3fb79a3-1f86-42af-a80c-c46d1acdbc29
2019-11-04 16:02:22,990 [grpc-default-executor-5] INFO  impl.RoleInfo (RoleInfo.java:shutdownFollowerState(121)) - 81ff859e-e76f-43f5-951a-4a38422068cb: shutdown FollowerState
2019-11-04 16:02:22,990 [grpc-default-executor-5] INFO  impl.RoleInfo (RoleInfo.java:updateAndGet(143)) - 81ff859e-e76f-43f5-951a-4a38422068cb: start FollowerState
2019-11-04 16:02:22,990 [Thread-1345] INFO  impl.FollowerState (FollowerState.java:run(117)) - 81ff859e-e76f-43f5-951a-4a38422068cb@group-7855C2F36E53-FollowerState was interrupted: java.lang.InterruptedException: sleep interrupted
2019-11-04 16:02:22,990 [grpc-default-executor-0] INFO  impl.RaftServerImpl (RaftServerImpl.java:setRole(184)) - a9143d84-6d7f-497d-b770-eb75585db3c7@group-7855C2F36E53: changes role from  FOLLOWER to FOLLOWER at term 184 for recognizeCandidate:e3fb79a3-1f86-42af-a80c-c46d1acdbc29
2019-11-04 16:02:22,991 [grpc-default-executor-0] INFO  impl.RoleInfo (RoleInfo.java:shutdownFollowerState(121)) - a9143d84-6d7f-497d-b770-eb75585db3c7: shutdown FollowerState
2019-11-04 16:02:22,991 [grpc-default-executor-0] INFO  impl.RoleInfo (RoleInfo.java:updateAndGet(143)) - a9143d84-6d7f-497d-b770-eb75585db3c7: start FollowerState
2019-11-04 16:02:22,991 [Thread-1346] INFO  impl.FollowerState (FollowerState.java:run(117)) - a9143d84-6d7f-497d-b770-eb75585db3c7@group-7855C2F36E53-FollowerState was interrupted: java.lang.InterruptedException: sleep interrupted
2019-11-04 16:02:23,005 [e3fb79a3-1f86-42af-a80c-c46d1acdbc29@group-7855C2F36E53-LeaderElection170] INFO  impl.LeaderElection (LeaderElection.java:logAndReturn(56)) - e3fb79a3-1f86-42af-a80c-c46d1acdbc29@group-7855C2F36E53-LeaderElection170: Election REJECTED; received 2 response(s) [e3fb79a3-1f86-42af-a80c-c46d1acdbc29<-81ff859e-e76f-43f5-951a-4a38422068cb#0:FAIL-t184, e3fb79a3-1f86-42af-a80c-c46d1acdbc29<-a9143d84-6d7f-497d-b770-eb75585db3c7#0:FAIL-t184] and 0 exception(s); e3fb79a3-1f86-42af-a80c-c46d1acdbc29@group-7855C2F36E53:t184, leader=null, voted=e3fb79a3-1f86-42af-a80c-c46d1acdbc29, raftlog=e3fb79a3-1f86-42af-a80c-c46d1acdbc29@group-7855C2F36E53-SegmentedRaftLog:OPENED:c-1,f-1,i0, conf=-1: [e3fb79a3-1f86-42af-a80c-c46d1acdbc29:192.168.157.194:44142, 81ff859e-e76f-43f5-951a-4a38422068cb:192.168.157.194:46532, a9143d84-6d7f-497d-b770-eb75585db3c7:192.168.157.194:42126], old=null
2019-11-04 16:02:23,005 [e3fb79a3-1f86-42af-a80c-c46d1acdbc29@group-7855C2F36E53-LeaderElection170] INFO  impl.RaftServerImpl (RaftServerImpl.java:setRole(184)) - e3fb79a3-1f86-42af-a80c-c46d1acdbc29@group-7855C2F36E53: changes role from CANDIDATE to FOLLOWER at term 184 for DISCOVERED_A_NEW_TERM
2019-11-04 16:02:23,005 [e3fb79a3-1f86-42af-a80c-c46d1acdbc29@group-7855C2F36E53-LeaderElection170] INFO  impl.RoleInfo (RoleInfo.java:shutdownLeaderElection(134)) - e3fb79a3-1f86-42af-a80c-c46d1acdbc29: shutdown LeaderElection
2019-11-04 16:02:23,005 [e3fb79a3-1f86-42af-a80c-c46d1acdbc29@group-7855C2F36E53-LeaderElection170] INFO  impl.RoleInfo (RoleInfo.java:updateAndGet(143)) - e3fb79a3-1f86-42af-a80c-c46d1acdbc29: start FollowerState
2019-11-04 16:02:23,047 [Thread-1351] INFO  impl.FollowerState (FollowerState.java:run(108)) - e3fb79a3-1f86-42af-a80c-c46d1acdbc29@group-7855C2F36E53-FollowerState: change to CANDIDATE, lastRpcTime:42ms, electionTimeout:42ms
2019-11-04 16:02:23,048 [Thread-1351] INFO  impl.RoleInfo (RoleInfo.java:shutdownFollowerState(121)) - e3fb79a3-1f86-42af-a80c-c46d1acdbc29: shutdown FollowerState
2019-11-04 16:02:23,048 [Thread-1351] INFO  impl.RaftServerImpl (RaftServerImpl.java:setRole(184)) - e3fb79a3-1f86-42af-a80c-c46d1acdbc29@group-7855C2F36E53: changes role from  FOLLOWER to CANDIDATE at term 184 for changeToCandidate
2019-11-04 16:02:23,048 [Thread-1351] INFO  impl.RoleInfo (RoleInfo.java:updateAndGet(143)) - e3fb79a3-1f86-42af-a80c-c46d1acdbc29: start LeaderElection
2019-11-04 16:02:23,062 [e3fb79a3-1f86-42af-a80c-c46d1acdbc29@group-7855C2F36E53-LeaderElection171] INFO  impl.LeaderElection (LeaderElection.java:askForVotes(178)) - e3fb79a3-1f86-42af-a80c-c46d1acdbc29@group-7855C2F36E53-LeaderElection171: begin an election at term 185 for -1: [e3fb79a3-1f86-42af-a80c-c46d1acdbc29:192.168.157.194:44142, 81ff859e-e76f-43f5-951a-4a38422068cb:192.168.157.194:46532, a9143d84-6d7f-497d-b770-eb75585db3c7:192.168.157.194:42126], old=null
2019-11-04 16:02:23,064 [grpc-default-executor-0] INFO  impl.RaftServerImpl (RaftServerImpl.java:setRole(184)) - 81ff859e-e76f-43f5-951a-4a38422068cb@group-7855C2F36E53: changes role from  FOLLOWER to FOLLOWER at term 185 for recognizeCandidate:e3fb79a3-1f86-42af-a80c-c46d1acdbc29
2019-11-04 16:02:23,064 [grpc-default-executor-5] INFO  impl.RaftServerImpl (RaftServerImpl.java:setRole(184)) - a9143d84-6d7f-497d-b770-eb75585db3c7@group-7855C2F36E53: changes role from  FOLLOWER to FOLLOWER at term 185 for recognizeCandidate:e3fb79a3-1f86-42af-a80c-c46d1acdbc29
2019-11-04 16:02:23,064 [grpc-default-executor-0] INFO  impl.RoleInfo (RoleInfo.java:shutdownFollowerState(121)) - 81ff859e-e76f-43f5-951a-4a38422068cb: shutdown FollowerState
2019-11-04 16:02:23,064 [grpc-default-executor-5] INFO  impl.RoleInfo (RoleInfo.java:shutdownFollowerState(121)) - a9143d84-6d7f-497d-b770-eb75585db3c7: shutdown FollowerState
2019-11-04 16:02:23,065 [Thread-1349] INFO  impl.FollowerState (FollowerState.java:run(117)) - 81ff859e-e76f-43f5-951a-4a38422068cb@group-7855C2F36E53-FollowerState was interrupted: java.lang.InterruptedException: sleep interrupted
2019-11-04 16:02:23,065 [grpc-default-executor-0] INFO  impl.RoleInfo (RoleInfo.java:updateAndGet(143)) - 81ff859e-e76f-43f5-951a-4a38422068cb: start FollowerState
2019-11-04 16:02:23,065 [Thread-1350] INFO  impl.FollowerState (FollowerState.java:run(117)) - a9143d84-6d7f-497d-b770-eb75585db3c7@group-7855C2F36E53-FollowerState was interrupted: java.lang.InterruptedException: sleep interrupted
2019-11-04 16:02:23,065 [grpc-default-executor-5] INFO  impl.RoleInfo (RoleInfo.java:updateAndGet(143)) - a9143d84-6d7f-497d-b770-eb75585db3c7: start FollowerState
2019-11-04 16:02:23,091 [e3fb79a3-1f86-42af-a80c-c46d1acdbc29@group-7855C2F36E53-LeaderElection171] INFO  impl.LeaderElection (LeaderElection.java:logAndReturn(56)) - e3fb79a3-1f86-42af-a80c-c46d1acdbc29@group-7855C2F36E53-LeaderElection171: Election REJECTED; received 2 response(s) [e3fb79a3-1f86-42af-a80c-c46d1acdbc29<-81ff859e-e76f-43f5-951a-4a38422068cb#0:FAIL-t185, e3fb79a3-1f86-42af-a80c-c46d1acdbc29<-a9143d84-6d7f-497d-b770-eb75585db3c7#0:FAIL-t185] and 0 exception(s); e3fb79a3-1f86-42af-a80c-c46d1acdbc29@group-7855C2F36E53:t185, leader=null, voted=e3fb79a3-1f86-42af-a80c-c46d1acdbc29, raftlog=e3fb79a3-1f86-42af-a80c-c46d1acdbc29@group-7855C2F36E53-SegmentedRaftLog:OPENED:c-1,f-1,i0, conf=-1: [e3fb79a3-1f86-42af-a80c-c46d1acdbc29:192.168.157.194:44142, 81ff859e-e76f-43f5-951a-4a38422068cb:192.168.157.194:46532, a9143d84-6d7f-497d-b770-eb75585db3c7:192.168.157.194:42126], old=null
2019-11-04 16:02:23,091 [e3fb79a3-1f86-42af-a80c-c46d1acdbc29@group-7855C2F36E53-LeaderElection171] INFO  impl.RaftServerImpl (RaftServerImpl.java:setRole(184)) - e3fb79a3-1f86-42af-a80c-c46d1acdbc29@group-7855C2F36E53: changes role from CANDIDATE to FOLLOWER at term 185 for DISCOVERED_A_NEW_TERM
2019-11-04 16:02:23,091 [e3fb79a3-1f86-42af-a80c-c46d1acdbc29@group-7855C2F36E53-LeaderElection171] INFO  impl.RoleInfo (RoleInfo.java:shutdownLeaderElection(134)) - e3fb79a3-1f86-42af-a80c-c46d1acdbc29: shutdown LeaderElection
2019-11-04 16:02:23,092 [e3fb79a3-1f86-42af-a80c-c46d1acdbc29@group-7855C2F36E53-LeaderElection171] INFO  impl.RoleInfo (RoleInfo.java:updateAndGet(143)) - e3fb79a3-1f86-42af-a80c-c46d1acdbc29: start FollowerState
2019-11-04 16:02:23,093 [Thread-1357] INFO  impl.FollowerState (FollowerState.java:run(108)) - e3fb79a3-1f86-42af-a80c-c46d1acdbc29@group-7855C2F36E53-FollowerState: change to CANDIDATE, lastRpcTime:1ms, electionTimeout:1ms
2019-11-04 16:02:23,093 [Thread-1357] INFO  impl.RoleInfo (RoleInfo.java:shutdownFollowerState(121)) - e3fb79a3-1f86-42af-a80c-c46d1acdbc29: shutdown FollowerState
2019-11-04 16:02:23,093 [Thread-1357] INFO  impl.RaftServerImpl (RaftServerImpl.java:setRole(184)) - e3fb79a3-1f86-42af-a80c-c46d1acdbc29@group-7855C2F36E53: changes role from  FOLLOWER to CANDIDATE at term 185 for changeToCandidate
2019-11-04 16:02:23,094 [Thread-1357] INFO  impl.RoleInfo (RoleInfo.java:updateAndGet(143)) - e3fb79a3-1f86-42af-a80c-c46d1acdbc29: start LeaderElection
2019-11-04 16:02:23,109 [e3fb79a3-1f86-42af-a80c-c46d1acdbc29@group-7855C2F36E53-LeaderElection172] INFO  impl.LeaderElection (LeaderElection.java:askForVotes(178)) - e3fb79a3-1f86-42af-a80c-c46d1acdbc29@group-7855C2F36E53-LeaderElection172: begin an election at term 186 for -1: [e3fb79a3-1f86-42af-a80c-c46d1acdbc29:192.168.157.194:44142, 81ff859e-e76f-43f5-951a-4a38422068cb:192.168.157.194:46532, a9143d84-6d7f-497d-b770-eb75585db3c7:192.168.157.194:42126], old=null
2019-11-04 16:02:23,111 [grpc-default-executor-5] INFO  impl.RaftServerImpl (RaftServerImpl.java:setRole(184)) - 81ff859e-e76f-43f5-951a-4a38422068cb@group-7855C2F36E53: changes role from  FOLLOWER to FOLLOWER at term 186 for recognizeCandidate:e3fb79a3-1f86-42af-a80c-c46d1acdbc29
2019-11-04 16:02:23,111 [grpc-default-executor-5] INFO  impl.RoleInfo (RoleInfo.java:shutdownFollowerState(121)) - 81ff859e-e76f-43f5-951a-4a38422068cb: shutdown FollowerState
2019-11-04 16:02:23,111 [grpc-default-executor-5] INFO  impl.RoleInfo (RoleInfo.java:updateAndGet(143)) - 81ff859e-e76f-43f5-951a-4a38422068cb: start FollowerState
2019-11-04 16:02:23,111 [Thread-1355] INFO  impl.FollowerState (FollowerState.java:run(117)) - 81ff859e-e76f-43f5-951a-4a38422068cb@group-7855C2F36E53-FollowerState was interrupted: java.lang.InterruptedException: sleep interrupted
2019-11-04 16:02:23,112 [grpc-default-executor-0] INFO  impl.RaftServerImpl (RaftServerImpl.java:setRole(184)) - a9143d84-6d7f-497d-b770-eb75585db3c7@group-7855C2F36E53: changes role from  FOLLOWER to FOLLOWER at term 186 for recognizeCandidate:e3fb79a3-1f86-42af-a80c-c46d1acdbc29
2019-11-04 16:02:23,112 [grpc-default-executor-0] INFO  impl.RoleInfo (RoleInfo.java:shutdownFollowerState(121)) - a9143d84-6d7f-497d-b770-eb75585db3c7: shutdown FollowerState
2019-11-04 16:02:23,112 [grpc-default-executor-0] INFO  impl.RoleInfo (RoleInfo.java:updateAndGet(143)) - a9143d84-6d7f-497d-b770-eb75585db3c7: start FollowerState
2019-11-04 16:02:23,112 [Thread-1356] INFO  impl.FollowerState (FollowerState.java:run(117)) - a9143d84-6d7f-497d-b770-eb75585db3c7@group-7855C2F36E53-FollowerState was interrupted: java.lang.InterruptedException: sleep interrupted
2019-11-04 16:02:23,136 [e3fb79a3-1f86-42af-a80c-c46d1acdbc29@group-7855C2F36E53-LeaderElection172] INFO  impl.LeaderElection (LeaderElection.java:logAndReturn(56)) - e3fb79a3-1f86-42af-a80c-c46d1acdbc29@group-7855C2F36E53-LeaderElection172: Election REJECTED; received 2 response(s) [e3fb79a3-1f86-42af-a80c-c46d1acdbc29<-81ff859e-e76f-43f5-951a-4a38422068cb#0:FAIL-t186, e3fb79a3-1f86-42af-a80c-c46d1acdbc29<-a9143d84-6d7f-497d-b770-eb75585db3c7#0:FAIL-t186] and 0 exception(s); e3fb79a3-1f86-42af-a80c-c46d1acdbc29@group-7855C2F36E53:t186, leader=null, voted=e3fb79a3-1f86-42af-a80c-c46d1acdbc29, raftlog=e3fb79a3-1f86-42af-a80c-c46d1acdbc29@group-7855C2F36E53-SegmentedRaftLog:OPENED:c-1,f-1,i0, conf=-1: [e3fb79a3-1f86-42af-a80c-c46d1acdbc29:192.168.157.194:44142, 81ff859e-e76f-43f5-951a-4a38422068cb:192.168.157.194:46532, a9143d84-6d7f-497d-b770-eb75585db3c7:192.168.157.194:42126], old=null
2019-11-04 16:02:23,137 [e3fb79a3-1f86-42af-a80c-c46d1acdbc29@group-7855C2F36E53-LeaderElection172] INFO  impl.RaftServerImpl (RaftServerImpl.java:setRole(184)) - e3fb79a3-1f86-42af-a80c-c46d1acdbc29@group-7855C2F36E53: changes role from CANDIDATE to FOLLOWER at term 186 for DISCOVERED_A_NEW_TERM
2019-11-04 16:02:23,137 [e3fb79a3-1f86-42af-a80c-c46d1acdbc29@group-7855C2F36E53-LeaderElection172] INFO  impl.RoleInfo (RoleInfo.java:shutdownLeaderElection(134)) - e3fb79a3-1f86-42af-a80c-c46d1acdbc29: shutdown LeaderElection
2019-11-04 16:02:23,137 [e3fb79a3-1f86-42af-a80c-c46d1acdbc29@group-7855C2F36E53-LeaderElection172] INFO  impl.RoleInfo (RoleInfo.java:updateAndGet(143)) - e3fb79a3-1f86-42af-a80c-c46d1acdbc29: start FollowerState
2019-11-04 16:02:23,284 [Thread-1365] INFO  impl.FollowerState (FollowerState.java:run(108)) - e3fb79a3-1f86-42af-a80c-c46d1acdbc29@group-7855C2F36E53-FollowerState: change to CANDIDATE, lastRpcTime:146ms, electionTimeout:146ms
2019-11-04 16:02:23,284 [Thread-1365] INFO  impl.RoleInfo (RoleInfo.java:shutdownFollowerState(121)) - e3fb79a3-1f86-42af-a80c-c46d1acdbc29: shutdown FollowerState
2019-11-04 16:02:23,284 [Thread-1365] INFO  impl.RaftServerImpl (RaftServerImpl.java:setRole(184)) - e3fb79a3-1f86-42af-a80c-c46d1acdbc29@group-7855C2F36E53: changes role from  FOLLOWER to CANDIDATE at term 186 for changeToCandidate
2019-11-04 16:02:23,284 [Thread-1365] INFO  impl.RoleInfo (RoleInfo.java:updateAndGet(143)) - e3fb79a3-1f86-42af-a80c-c46d1acdbc29: start LeaderElection
2019-11-04 16:02:23,300 [e3fb79a3-1f86-42af-a80c-c46d1acdbc29@group-7855C2F36E53-LeaderElection173] INFO  impl.LeaderElection (LeaderElection.java:askForVotes(178)) - e3fb79a3-1f86-42af-a80c-c46d1acdbc29@group-7855C2F36E53-LeaderElection173: begin an election at term 187 for -1: [e3fb79a3-1f86-42af-a80c-c46d1acdbc29:192.168.157.194:44142, 81ff859e-e76f-43f5-951a-4a38422068cb:192.168.157.194:46532, a9143d84-6d7f-497d-b770-eb75585db3c7:192.168.157.194:42126], old=null
2019-11-04 16:02:23,303 [grpc-default-executor-5] INFO  impl.RaftServerImpl (RaftServerImpl.java:setRole(184)) - 81ff859e-e76f-43f5-951a-4a38422068cb@group-7855C2F36E53: changes role from  FOLLOWER to FOLLOWER at term 187 for recognizeCandidate:e3fb79a3-1f86-42af-a80c-c46d1acdbc29
2019-11-04 16:02:23,303 [grpc-default-executor-5] INFO  impl.RoleInfo (RoleInfo.java:shutdownFollowerState(121)) - 81ff859e-e76f-43f5-951a-4a38422068cb: shutdown FollowerState
2019-11-04 16:02:23,303 [grpc-default-executor-4] INFO  impl.RaftServerImpl (RaftServerImpl.java:setRole(184)) - a9143d84-6d7f-497d-b770-eb75585db3c7@group-7855C2F36E53: changes role from  FOLLOWER to FOLLOWER at term 187 for recognizeCandidate:e3fb79a3-1f86-42af-a80c-c46d1acdbc29
2019-11-04 16:02:23,304 [grpc-default-executor-5] INFO  impl.RoleInfo (RoleInfo.java:updateAndGet(143)) - 81ff859e-e76f-43f5-951a-4a38422068cb: start FollowerState
2019-11-04 16:02:23,304 [Thread-1361] INFO  impl.FollowerState (FollowerState.java:run(117)) - 81ff859e-e76f-43f5-951a-4a38422068cb@group-7855C2F36E53-FollowerState was interrupted: java.lang.InterruptedException: sleep interrupted
2019-11-04 16:02:23,304 [grpc-default-executor-4] INFO  impl.RoleInfo (RoleInfo.java:shutdownFollowerState(121)) - a9143d84-6d7f-497d-b770-eb75585db3c7: shutdown FollowerState
2019-11-04 16:02:23,304 [Thread-1362] INFO  impl.FollowerState (FollowerState.java:run(117)) - a9143d84-6d7f-497d-b770-eb75585db3c7@group-7855C2F36E53-FollowerState was interrupted: java.lang.InterruptedException: sleep interrupted
2019-11-04 16:02:23,304 [grpc-default-executor-4] INFO  impl.RoleInfo (RoleInfo.java:updateAndGet(143)) - a9143d84-6d7f-497d-b770-eb75585db3c7: start FollowerState
2019-11-04 16:02:23,325 [e3fb79a3-1f86-42af-a80c-c46d1acdbc29@group-7855C2F36E53-LeaderElection173] INFO  impl.LeaderElection (LeaderElection.java:logAndReturn(56)) - e3fb79a3-1f86-42af-a80c-c46d1acdbc29@group-7855C2F36E53-LeaderElection173: Election REJECTED; received 2 response(s) [e3fb79a3-1f86-42af-a80c-c46d1acdbc29<-81ff859e-e76f-43f5-951a-4a38422068cb#0:FAIL-t187, e3fb79a3-1f86-42af-a80c-c46d1acdbc29<-a9143d84-6d7f-497d-b770-eb75585db3c7#0:FAIL-t187] and 0 exception(s); e3fb79a3-1f86-42af-a80c-c46d1acdbc29@group-7855C2F36E53:t187, leader=null, voted=e3fb79a3-1f86-42af-a80c-c46d1acdbc29, raftlog=e3fb79a3-1f86-42af-a80c-c46d1acdbc29@group-7855C2F36E53-SegmentedRaftLog:OPENED:c-1,f-1,i0, conf=-1: [e3fb79a3-1f86-42af-a80c-c46d1acdbc29:192.168.157.194:44142, 81ff859e-e76f-43f5-951a-4a38422068cb:192.168.157.194:46532, a9143d84-6d7f-497d-b770-eb75585db3c7:192.168.157.194:42126], old=null
2019-11-04 16:02:23,325 [e3fb79a3-1f86-42af-a80c-c46d1acdbc29@group-7855C2F36E53-LeaderElection173] INFO  impl.RaftServerImpl (RaftServerImpl.java:setRole(184)) - e3fb79a3-1f86-42af-a80c-c46d1acdbc29@group-7855C2F36E53: changes role from CANDIDATE to FOLLOWER at term 187 for DISCOVERED_A_NEW_TERM
2019-11-04 16:02:23,325 [e3fb79a3-1f86-42af-a80c-c46d1acdbc29@group-7855C2F36E53-LeaderElection173] INFO  impl.RoleInfo (RoleInfo.java:shutdownLeaderElection(134)) - e3fb79a3-1f86-42af-a80c-c46d1acdbc29: shutdown LeaderElection
2019-11-04 16:02:23,325 [e3fb79a3-1f86-42af-a80c-c46d1acdbc29@group-7855C2F36E53-LeaderElection173] INFO  impl.RoleInfo (RoleInfo.java:updateAndGet(143)) - e3fb79a3-1f86-42af-a80c-c46d1acdbc29: start FollowerState
2019-11-04 16:02:23,509 [Thread-1371] INFO  impl.FollowerState (FollowerState.java:run(108)) - e3fb79a3-1f86-42af-a80c-c46d1acdbc29@group-7855C2F36E53-FollowerState: change to CANDIDATE, lastRpcTime:183ms, electionTimeout:183ms
2019-11-04 16:02:23,509 [Thread-1371] INFO  impl.RoleInfo (RoleInfo.java:shutdownFollowerState(121)) - e3fb79a3-1f86-42af-a80c-c46d1acdbc29: shutdown FollowerState
2019-11-04 16:02:23,509 [Thread-1371] INFO  impl.RaftServerImpl (RaftServerImpl.java:setRole(184)) - e3fb79a3-1f86-42af-a80c-c46d1acdbc29@group-7855C2F36E53: changes role from  FOLLOWER to CANDIDATE at term 187 for changeToCandidate
2019-11-04 16:02:23,509 [Thread-1371] INFO  impl.RoleInfo (RoleInfo.java:updateAndGet(143)) - e3fb79a3-1f86-42af-a80c-c46d1acdbc29: start LeaderElection
2019-11-04 16:02:23,536 [e3fb79a3-1f86-42af-a80c-c46d1acdbc29@group-7855C2F36E53-LeaderElection174] INFO  impl.LeaderElection (LeaderElection.java:askForVotes(178)) - e3fb79a3-1f86-42af-a80c-c46d1acdbc29@group-7855C2F36E53-LeaderElection174: begin an election at term 188 for -1: [e3fb79a3-1f86-42af-a80c-c46d1acdbc29:192.168.157.194:44142, 81ff859e-e76f-43f5-951a-4a38422068cb:192.168.157.194:46532, a9143d84-6d7f-497d-b770-eb75585db3c7:192.168.157.194:42126], old=null
2019-11-04 16:02:23,539 [grpc-default-executor-5] INFO  impl.RaftServerImpl (RaftServerImpl.java:setRole(184)) - 81ff859e-e76f-43f5-951a-4a38422068cb@group-7855C2F36E53: changes role from  FOLLOWER to FOLLOWER at term 188 for recognizeCandidate:e3fb79a3-1f86-42af-a80c-c46d1acdbc29
2019-11-04 16:02:23,539 [grpc-default-executor-4] INFO  impl.RaftServerImpl (RaftServerImpl.java:setRole(184)) - a9143d84-6d7f-497d-b770-eb75585db3c7@group-7855C2F36E53: changes role from  FOLLOWER to FOLLOWER at term 188 for recognizeCandidate:e3fb79a3-1f86-42af-a80c-c46d1acdbc29
2019-11-04 16:02:23,539 [grpc-default-executor-5] INFO  impl.RoleInfo (RoleInfo.java:shutdownFollowerState(121)) - 81ff859e-e76f-43f5-951a-4a38422068cb: shutdown FollowerState
2019-11-04 16:02:23,540 [grpc-default-executor-4] INFO  impl.RoleInfo (RoleInfo.java:shutdownFollowerState(121)) - a9143d84-6d7f-497d-b770-eb75585db3c7: shutdown FollowerState
2019-11-04 16:02:23,540 [Thread-1369] INFO  impl.FollowerState (FollowerState.java:run(117)) - 81ff859e-e76f-43f5-951a-4a38422068cb@group-7855C2F36E53-FollowerState was interrupted: java.lang.InterruptedException: sleep interrupted
2019-11-04 16:02:23,540 [grpc-default-executor-5] INFO  impl.RoleInfo (RoleInfo.java:updateAndGet(143)) - 81ff859e-e76f-43f5-951a-4a38422068cb: start FollowerState
2019-11-04 16:02:23,540 [grpc-default-executor-4] INFO  impl.RoleInfo (RoleInfo.java:updateAndGet(143)) - a9143d84-6d7f-497d-b770-eb75585db3c7: start FollowerState
2019-11-04 16:02:23,540 [Thread-1370] INFO  impl.FollowerState (FollowerState.java:run(117)) - a9143d84-6d7f-497d-b770-eb75585db3c7@group-7855C2F36E53-FollowerState was interrupted: java.lang.InterruptedException: sleep interrupted
2019-11-04 16:02:23,568 [e3fb79a3-1f86-42af-a80c-c46d1acdbc29@group-7855C2F36E53-LeaderElection174] INFO  impl.LeaderElection (LeaderElection.java:logAndReturn(56)) - e3fb79a3-1f86-42af-a80c-c46d1acdbc29@group-7855C2F36E53-LeaderElection174: Election REJECTED; received 2 response(s) [e3fb79a3-1f86-42af-a80c-c46d1acdbc29<-81ff859e-e76f-43f5-951a-4a38422068cb#0:FAIL-t188, e3fb79a3-1f86-42af-a80c-c46d1acdbc29<-a9143d84-6d7f-497d-b770-eb75585db3c7#0:FAIL-t188] and 0 exception(s); e3fb79a3-1f86-42af-a80c-c46d1acdbc29@group-7855C2F36E53:t188, leader=null, voted=e3fb79a3-1f86-42af-a80c-c46d1acdbc29, raftlog=e3fb79a3-1f86-42af-a80c-c46d1acdbc29@group-7855C2F36E53-SegmentedRaftLog:OPENED:c-1,f-1,i0, conf=-1: [e3fb79a3-1f86-42af-a80c-c46d1acdbc29:192.168.157.194:44142, 81ff859e-e76f-43f5-951a-4a38422068cb:192.168.157.194:46532, a9143d84-6d7f-497d-b770-eb75585db3c7:192.168.157.194:42126], old=null
2019-11-04 16:02:23,568 [e3fb79a3-1f86-42af-a80c-c46d1acdbc29@group-7855C2F36E53-LeaderElection174] INFO  impl.RaftServerImpl (RaftServerImpl.java:setRole(184)) - e3fb79a3-1f86-42af-a80c-c46d1acdbc29@group-7855C2F36E53: changes role from CANDIDATE to FOLLOWER at term 188 for DISCOVERED_A_NEW_TERM
2019-11-04 16:02:23,568 [e3fb79a3-1f86-42af-a80c-c46d1acdbc29@group-7855C2F36E53-LeaderElection174] INFO  impl.RoleInfo (RoleInfo.java:shutdownLeaderElection(134)) - e3fb79a3-1f86-42af-a80c-c46d1acdbc29: shutdown LeaderElection
2019-11-04 16:02:23,568 [e3fb79a3-1f86-42af-a80c-c46d1acdbc29@group-7855C2F36E53-LeaderElection174] INFO  impl.RoleInfo (RoleInfo.java:updateAndGet(143)) - e3fb79a3-1f86-42af-a80c-c46d1acdbc29: start FollowerState
2019-11-04 16:02:23,705 [Thread-1377] INFO  impl.FollowerState (FollowerState.java:run(108)) - e3fb79a3-1f86-42af-a80c-c46d1acdbc29@group-7855C2F36E53-FollowerState: change to CANDIDATE, lastRpcTime:136ms, electionTimeout:136ms
2019-11-04 16:02:23,705 [Thread-1377] INFO  impl.RoleInfo (RoleInfo.java:shutdownFollowerState(121)) - e3fb79a3-1f86-42af-a80c-c46d1acdbc29: shutdown FollowerState
2019-11-04 16:02:23,705 [Thread-1377] INFO  impl.RaftServerImpl (RaftServerImpl.java:setRole(184)) - e3fb79a3-1f86-42af-a80c-c46d1acdbc29@group-7855C2F36E53: changes role from  FOLLOWER to CANDIDATE at term 188 for changeToCandidate
2019-11-04 16:02:23,706 [Thread-1377] INFO  impl.RoleInfo (RoleInfo.java:updateAndGet(143)) - e3fb79a3-1f86-42af-a80c-c46d1acdbc29: start LeaderElection
2019-11-04 16:02:23,732 [e3fb79a3-1f86-42af-a80c-c46d1acdbc29@group-7855C2F36E53-LeaderElection175] INFO  impl.LeaderElection (LeaderElection.java:askForVotes(178)) - e3fb79a3-1f86-42af-a80c-c46d1acdbc29@group-7855C2F36E53-LeaderElection175: begin an election at term 189 for -1: [e3fb79a3-1f86-42af-a80c-c46d1acdbc29:192.168.157.194:44142, 81ff859e-e76f-43f5-951a-4a38422068cb:192.168.157.194:46532, a9143d84-6d7f-497d-b770-eb75585db3c7:192.168.157.194:42126], old=null
2019-11-04 16:02:23,735 [grpc-default-executor-4] INFO  impl.RaftServerImpl (RaftServerImpl.java:setRole(184)) - 81ff859e-e76f-43f5-951a-4a38422068cb@group-7855C2F36E53: changes role from  FOLLOWER to FOLLOWER at term 189 for recognizeCandidate:e3fb79a3-1f86-42af-a80c-c46d1acdbc29
2019-11-04 16:02:23,735 [grpc-default-executor-4] INFO  impl.RoleInfo (RoleInfo.java:shutdownFollowerState(121)) - 81ff859e-e76f-43f5-951a-4a38422068cb: shutdown FollowerState
2019-11-04 16:02:23,735 [grpc-default-executor-4] INFO  impl.RoleInfo (RoleInfo.java:updateAndGet(143)) - 81ff859e-e76f-43f5-951a-4a38422068cb: start FollowerState
2019-11-04 16:02:23,736 [grpc-default-executor-5] INFO  impl.RaftServerImpl (RaftServerImpl.java:setRole(184)) - a9143d84-6d7f-497d-b770-eb75585db3c7@group-7855C2F36E53: changes role from  FOLLOWER to FOLLOWER at term 189 for recognizeCandidate:e3fb79a3-1f86-42af-a80c-c46d1acdbc29
2019-11-04 16:02:23,736 [grpc-default-executor-5] INFO  impl.RoleInfo (RoleInfo.java:shutdownFollowerState(121)) - a9143d84-6d7f-497d-b770-eb75585db3c7: shutdown FollowerState
2019-11-04 16:02:23,735 [Thread-1375] INFO  impl.FollowerState (FollowerState.java:run(117)) - 81ff859e-e76f-43f5-951a-4a38422068cb@group-7855C2F36E53-FollowerState was interrupted: java.lang.InterruptedException: sleep interrupted
2019-11-04 16:02:23,736 [Thread-1376] INFO  impl.FollowerState (FollowerState.java:run(117)) - a9143d84-6d7f-497d-b770-eb75585db3c7@group-7855C2F36E53-FollowerState was interrupted: java.lang.InterruptedException: sleep interrupted
2019-11-04 16:02:23,736 [grpc-default-executor-5] INFO  impl.RoleInfo (RoleInfo.java:updateAndGet(143)) - a9143d84-6d7f-497d-b770-eb75585db3c7: start FollowerState
2019-11-04 16:02:23,762 [e3fb79a3-1f86-42af-a80c-c46d1acdbc29@group-7855C2F36E53-LeaderElection175] INFO  impl.LeaderElection (LeaderElection.java:logAndReturn(56)) - e3fb79a3-1f86-42af-a80c-c46d1acdbc29@group-7855C2F36E53-LeaderElection175: Election REJECTED; received 2 response(s) [e3fb79a3-1f86-42af-a80c-c46d1acdbc29<-81ff859e-e76f-43f5-951a-4a38422068cb#0:FAIL-t189, e3fb79a3-1f86-42af-a80c-c46d1acdbc29<-a9143d84-6d7f-497d-b770-eb75585db3c7#0:FAIL-t189] and 0 exception(s); e3fb79a3-1f86-42af-a80c-c46d1acdbc29@group-7855C2F36E53:t189, leader=null, voted=e3fb79a3-1f86-42af-a80c-c46d1acdbc29, raftlog=e3fb79a3-1f86-42af-a80c-c46d1acdbc29@group-7855C2F36E53-SegmentedRaftLog:OPENED:c-1,f-1,i0, conf=-1: [e3fb79a3-1f86-42af-a80c-c46d1acdbc29:192.168.157.194:44142, 81ff859e-e76f-43f5-951a-4a38422068cb:192.168.157.194:46532, a9143d84-6d7f-497d-b770-eb75585db3c7:192.168.157.194:42126], old=null
2019-11-04 16:02:23,762 [e3fb79a3-1f86-42af-a80c-c46d1acdbc29@group-7855C2F36E53-LeaderElection175] INFO  impl.RaftServerImpl (RaftServerImpl.java:setRole(184)) - e3fb79a3-1f86-42af-a80c-c46d1acdbc29@group-7855C2F36E53: changes role from CANDIDATE to FOLLOWER at term 189 for DISCOVERED_A_NEW_TERM
2019-11-04 16:02:23,762 [e3fb79a3-1f86-42af-a80c-c46d1acdbc29@group-7855C2F36E53-LeaderElection175] INFO  impl.RoleInfo (RoleInfo.java:shutdownLeaderElection(134)) - e3fb79a3-1f86-42af-a80c-c46d1acdbc29: shutdown LeaderElection
2019-11-04 16:02:23,762 [e3fb79a3-1f86-42af-a80c-c46d1acdbc29@group-7855C2F36E53-LeaderElection175] INFO  impl.RoleInfo (RoleInfo.java:updateAndGet(143)) - e3fb79a3-1f86-42af-a80c-c46d1acdbc29: start FollowerState
2019-11-04 16:02:23,839 [Thread-1383] INFO  impl.FollowerState (FollowerState.java:run(108)) - e3fb79a3-1f86-42af-a80c-c46d1acdbc29@group-7855C2F36E53-FollowerState: change to CANDIDATE, lastRpcTime:76ms, electionTimeout:76ms
2019-11-04 16:02:23,839 [Thread-1383] INFO  impl.RoleInfo (RoleInfo.java:shutdownFollowerState(121)) - e3fb79a3-1f86-42af-a80c-c46d1acdbc29: shutdown FollowerState
2019-11-04 16:02:23,839 [Thread-1383] INFO  impl.RaftServerImpl (RaftServerImpl.java:setRole(184)) - e3fb79a3-1f86-42af-a80c-c46d1acdbc29@group-7855C2F36E53: changes role from  FOLLOWER to CANDIDATE at term 189 for changeToCandidate
2019-11-04 16:02:23,839 [Thread-1383] INFO  impl.RoleInfo (RoleInfo.java:updateAndGet(143)) - e3fb79a3-1f86-42af-a80c-c46d1acdbc29: start LeaderElection
2019-11-04 16:02:23,864 [e3fb79a3-1f86-42af-a80c-c46d1acdbc29@group-7855C2F36E53-LeaderElection176] INFO  impl.LeaderElection (LeaderElection.java:askForVotes(178)) - e3fb79a3-1f86-42af-a80c-c46d1acdbc29@group-7855C2F36E53-LeaderElection176: begin an election at term 190 for -1: [e3fb79a3-1f86-42af-a80c-c46d1acdbc29:192.168.157.194:44142, 81ff859e-e76f-43f5-951a-4a38422068cb:192.168.157.194:46532, a9143d84-6d7f-497d-b770-eb75585db3c7:192.168.157.194:42126], old=null
2019-11-04 16:02:23,867 [grpc-default-executor-5] INFO  impl.RaftServerImpl (RaftServerImpl.java:setRole(184)) - 81ff859e-e76f-43f5-951a-4a38422068cb@group-7855C2F36E53: changes role from  FOLLOWER to FOLLOWER at term 190 for recognizeCandidate:e3fb79a3-1f86-42af-a80c-c46d1acdbc29
2019-11-04 16:02:23,867 [grpc-default-executor-5] INFO  impl.RoleInfo (RoleInfo.java:shutdownFollowerState(121)) - 81ff859e-e76f-43f5-951a-4a38422068cb: shutdown FollowerState
2019-11-04 16:02:23,867 [grpc-default-executor-5] INFO  impl.RoleInfo (RoleInfo.java:updateAndGet(143)) - 81ff859e-e76f-43f5-951a-4a38422068cb: start FollowerState
2019-11-04 16:02:23,867 [Thread-1381] INFO  impl.FollowerState (FollowerState.java:run(117)) - 81ff859e-e76f-43f5-951a-4a38422068cb@group-7855C2F36E53-FollowerState was interrupted: java.lang.InterruptedException: sleep interrupted
2019-11-04 16:02:23,867 [grpc-default-executor-4] INFO  impl.RaftServerImpl (RaftServerImpl.java:setRole(184)) - a9143d84-6d7f-497d-b770-eb75585db3c7@group-7855C2F36E53: changes role from  FOLLOWER to FOLLOWER at term 190 for recognizeCandidate:e3fb79a3-1f86-42af-a80c-c46d1acdbc29
2019-11-04 16:02:23,868 [grpc-default-executor-4] INFO  impl.RoleInfo (RoleInfo.java:shutdownFollowerState(121)) - a9143d84-6d7f-497d-b770-eb75585db3c7: shutdown FollowerState
2019-11-04 16:02:23,868 [Thread-1382] INFO  impl.FollowerState (FollowerState.java:run(117)) - a9143d84-6d7f-497d-b770-eb75585db3c7@group-7855C2F36E53-FollowerState was interrupted: java.lang.InterruptedException: sleep interrupted
2019-11-04 16:02:23,868 [grpc-default-executor-4] INFO  impl.RoleInfo (RoleInfo.java:updateAndGet(143)) - a9143d84-6d7f-497d-b770-eb75585db3c7: start FollowerState
2019-11-04 16:02:23,882 [e3fb79a3-1f86-42af-a80c-c46d1acdbc29@group-7855C2F36E53-LeaderElection176] INFO  impl.LeaderElection (LeaderElection.java:logAndReturn(56)) - e3fb79a3-1f86-42af-a80c-c46d1acdbc29@group-7855C2F36E53-LeaderElection176: Election TIMEOUT; received 0 response(s) [] and 0 exception(s); e3fb79a3-1f86-42af-a80c-c46d1acdbc29@group-7855C2F36E53:t190, leader=null, voted=e3fb79a3-1f86-42af-a80c-c46d1acdbc29, raftlog=e3fb79a3-1f86-42af-a80c-c46d1acdbc29@group-7855C2F36E53-SegmentedRaftLog:OPENED:c-1,f-1,i0, conf=-1: [e3fb79a3-1f86-42af-a80c-c46d1acdbc29:192.168.157.194:44142, 81ff859e-e76f-43f5-951a-4a38422068cb:192.168.157.194:46532, a9143d84-6d7f-497d-b770-eb75585db3c7:192.168.157.194:42126], old=null
2019-11-04 16:02:23,907 [e3fb79a3-1f86-42af-a80c-c46d1acdbc29@group-7855C2F36E53-LeaderElection176] INFO  impl.LeaderElection (LeaderElection.java:askForVotes(178)) - e3fb79a3-1f86-42af-a80c-c46d1acdbc29@group-7855C2F36E53-LeaderElection176: begin an election at term 191 for -1: [e3fb79a3-1f86-42af-a80c-c46d1acdbc29:192.168.157.194:44142, 81ff859e-e76f-43f5-951a-4a38422068cb:192.168.157.194:46532, a9143d84-6d7f-497d-b770-eb75585db3c7:192.168.157.194:42126], old=null
2019-11-04 16:02:23,910 [grpc-default-executor-5] INFO  impl.RaftServerImpl (RaftServerImpl.java:setRole(184)) - 81ff859e-e76f-43f5-951a-4a38422068cb@group-7855C2F36E53: changes role from  FOLLOWER to FOLLOWER at term 191 for recognizeCandidate:e3fb79a3-1f86-42af-a80c-c46d1acdbc29
2019-11-04 16:02:23,910 [grpc-default-executor-5] INFO  impl.RoleInfo (RoleInfo.java:shutdownFollowerState(121)) - 81ff859e-e76f-43f5-951a-4a38422068cb: shutdown FollowerState
2019-11-04 16:02:23,910 [grpc-default-executor-5] INFO  impl.RoleInfo (RoleInfo.java:updateAndGet(143)) - 81ff859e-e76f-43f5-951a-4a38422068cb: start FollowerState
2019-11-04 16:02:23,910 [grpc-default-executor-4] INFO  impl.RaftServerImpl (RaftServerImpl.java:setRole(184)) - a9143d84-6d7f-497d-b770-eb75585db3c7@group-7855C2F36E53: changes role from  FOLLOWER to FOLLOWER at term 191 for recognizeCandidate:e3fb79a3-1f86-42af-a80c-c46d1acdbc29
2019-11-04 16:02:23,910 [grpc-default-executor-4] INFO  impl.RoleInfo (RoleInfo.java:shutdownFollowerState(121)) - a9143d84-6d7f-497d-b770-eb75585db3c7: shutdown FollowerState
2019-11-04 16:02:23,910 [Thread-1387] INFO  impl.FollowerState (FollowerState.java:run(117)) - 81ff859e-e76f-43f5-951a-4a38422068cb@group-7855C2F36E53-FollowerState was interrupted: java.lang.InterruptedException: sleep interrupted
2019-11-04 16:02:23,911 [Thread-1388] INFO  impl.FollowerState (FollowerState.java:run(117)) - a9143d84-6d7f-497d-b770-eb75585db3c7@group-7855C2F36E53-FollowerState was interrupted: java.lang.InterruptedException: sleep interrupted
2019-11-04 16:02:23,911 [grpc-default-executor-4] INFO  impl.RoleInfo (RoleInfo.java:updateAndGet(143)) - a9143d84-6d7f-497d-b770-eb75585db3c7: start FollowerState
2019-11-04 16:02:23,925 [e3fb79a3-1f86-42af-a80c-c46d1acdbc29@group-7855C2F36E53-LeaderElection176] INFO  impl.LeaderElection (LeaderElection.java:logAndReturn(56)) - e3fb79a3-1f86-42af-a80c-c46d1acdbc29@group-7855C2F36E53-LeaderElection176: Election REJECTED; received 2 response(s) [e3fb79a3-1f86-42af-a80c-c46d1acdbc29<-81ff859e-e76f-43f5-951a-4a38422068cb#0:FAIL-t191, e3fb79a3-1f86-42af-a80c-c46d1acdbc29<-a9143d84-6d7f-497d-b770-eb75585db3c7#0:FAIL-t191] and 0 exception(s); e3fb79a3-1f86-42af-a80c-c46d1acdbc29@group-7855C2F36E53:t191, leader=null, voted=e3fb79a3-1f86-42af-a80c-c46d1acdbc29, raftlog=e3fb79a3-1f86-42af-a80c-c46d1acdbc29@group-7855C2F36E53-SegmentedRaftLog:OPENED:c-1,f-1,i0, conf=-1: [e3fb79a3-1f86-42af-a80c-c46d1acdbc29:192.168.157.194:44142, 81ff859e-e76f-43f5-951a-4a38422068cb:192.168.157.194:46532, a9143d84-6d7f-497d-b770-eb75585db3c7:192.168.157.194:42126], old=null
2019-11-04 16:02:23,925 [e3fb79a3-1f86-42af-a80c-c46d1acdbc29@group-7855C2F36E53-LeaderElection176] INFO  impl.RaftServerImpl (RaftServerImpl.java:setRole(184)) - e3fb79a3-1f86-42af-a80c-c46d1acdbc29@group-7855C2F36E53: changes role from CANDIDATE to FOLLOWER at term 191 for DISCOVERED_A_NEW_TERM
2019-11-04 16:02:23,925 [e3fb79a3-1f86-42af-a80c-c46d1acdbc29@group-7855C2F36E53-LeaderElection176] INFO  impl.RoleInfo (RoleInfo.java:shutdownLeaderElection(134)) - e3fb79a3-1f86-42af-a80c-c46d1acdbc29: shutdown LeaderElection
2019-11-04 16:02:23,925 [e3fb79a3-1f86-42af-a80c-c46d1acdbc29@group-7855C2F36E53-LeaderElection176] INFO  impl.RoleInfo (RoleInfo.java:updateAndGet(143)) - e3fb79a3-1f86-42af-a80c-c46d1acdbc29: start FollowerState
2019-11-04 16:02:23,996 [Thread-1393] INFO  impl.FollowerState (FollowerState.java:run(108)) - e3fb79a3-1f86-42af-a80c-c46d1acdbc29@group-7855C2F36E53-FollowerState: change to CANDIDATE, lastRpcTime:70ms, electionTimeout:70ms
2019-11-04 16:02:23,996 [Thread-1393] INFO  impl.RoleInfo (RoleInfo.java:shutdownFollowerState(121)) - e3fb79a3-1f86-42af-a80c-c46d1acdbc29: shutdown FollowerState
2019-11-04 16:02:23,996 [Thread-1393] INFO  impl.RaftServerImpl (RaftServerImpl.java:setRole(184)) - e3fb79a3-1f86-42af-a80c-c46d1acdbc29@group-7855C2F36E53: changes role from  FOLLOWER to CANDIDATE at term 191 for changeToCandidate
2019-11-04 16:02:23,996 [Thread-1393] INFO  impl.RoleInfo (RoleInfo.java:updateAndGet(143)) - e3fb79a3-1f86-42af-a80c-c46d1acdbc29: start LeaderElection
2019-11-04 16:02:24,009 [e3fb79a3-1f86-42af-a80c-c46d1acdbc29@group-7855C2F36E53-LeaderElection177] INFO  impl.LeaderElection (LeaderElection.java:askForVotes(178)) - e3fb79a3-1f86-42af-a80c-c46d1acdbc29@group-7855C2F36E53-LeaderElection177: begin an election at term 192 for -1: [e3fb79a3-1f86-42af-a80c-c46d1acdbc29:192.168.157.194:44142, 81ff859e-e76f-43f5-951a-4a38422068cb:192.168.157.194:46532, a9143d84-6d7f-497d-b770-eb75585db3c7:192.168.157.194:42126], old=null
2019-11-04 16:02:24,012 [grpc-default-executor-4] INFO  impl.RaftServerImpl (RaftServerImpl.java:setRole(184)) - 81ff859e-e76f-43f5-951a-4a38422068cb@group-7855C2F36E53: changes role from  FOLLOWER to FOLLOWER at term 192 for recognizeCandidate:e3fb79a3-1f86-42af-a80c-c46d1acdbc29
2019-11-04 16:02:24,012 [grpc-default-executor-4] INFO  impl.RoleInfo (RoleInfo.java:shutdownFollowerState(121)) - 81ff859e-e76f-43f5-951a-4a38422068cb: shutdown FollowerState
2019-11-04 16:02:24,012 [grpc-default-executor-4] INFO  impl.RoleInfo (RoleInfo.java:updateAndGet(143)) - 81ff859e-e76f-43f5-951a-4a38422068cb: start FollowerState
2019-11-04 16:02:24,013 [Thread-1391] INFO  impl.FollowerState (FollowerState.java:run(117)) - 81ff859e-e76f-43f5-951a-4a38422068cb@group-7855C2F36E53-FollowerState was interrupted: java.lang.InterruptedException: sleep interrupted
2019-11-04 16:02:24,013 [grpc-default-executor-5] INFO  impl.RaftServerImpl (RaftServerImpl.java:setRole(184)) - a9143d84-6d7f-497d-b770-eb75585db3c7@group-7855C2F36E53: changes role from  FOLLOWER to FOLLOWER at term 192 for recognizeCandidate:e3fb79a3-1f86-42af-a80c-c46d1acdbc29
2019-11-04 16:02:24,013 [grpc-default-executor-5] INFO  impl.RoleInfo (RoleInfo.java:shutdownFollowerState(121)) - a9143d84-6d7f-497d-b770-eb75585db3c7: shutdown FollowerState
2019-11-04 16:02:24,013 [grpc-default-executor-5] INFO  impl.RoleInfo (RoleInfo.java:updateAndGet(143)) - a9143d84-6d7f-497d-b770-eb75585db3c7: start FollowerState
2019-11-04 16:02:24,013 [Thread-1392] INFO  impl.FollowerState (FollowerState.java:run(117)) - a9143d84-6d7f-497d-b770-eb75585db3c7@group-7855C2F36E53-FollowerState was interrupted: java.lang.InterruptedException: sleep interrupted
2019-11-04 16:02:24,027 [e3fb79a3-1f86-42af-a80c-c46d1acdbc29@group-7855C2F36E53-LeaderElection177] INFO  impl.LeaderElection (LeaderElection.java:logAndReturn(56)) - e3fb79a3-1f86-42af-a80c-c46d1acdbc29@group-7855C2F36E53-LeaderElection177: Election REJECTED; received 2 response(s) [e3fb79a3-1f86-42af-a80c-c46d1acdbc29<-81ff859e-e76f-43f5-951a-4a38422068cb#0:FAIL-t192, e3fb79a3-1f86-42af-a80c-c46d1acdbc29<-a9143d84-6d7f-497d-b770-eb75585db3c7#0:FAIL-t192] and 0 exception(s); e3fb79a3-1f86-42af-a80c-c46d1acdbc29@group-7855C2F36E53:t192, leader=null, voted=e3fb79a3-1f86-42af-a80c-c46d1acdbc29, raftlog=e3fb79a3-1f86-42af-a80c-c46d1acdbc29@group-7855C2F36E53-SegmentedRaftLog:OPENED:c-1,f-1,i0, conf=-1: [e3fb79a3-1f86-42af-a80c-c46d1acdbc29:192.168.157.194:44142, 81ff859e-e76f-43f5-951a-4a38422068cb:192.168.157.194:46532, a9143d84-6d7f-497d-b770-eb75585db3c7:192.168.157.194:42126], old=null
2019-11-04 16:02:24,027 [e3fb79a3-1f86-42af-a80c-c46d1acdbc29@group-7855C2F36E53-LeaderElection177] INFO  impl.RaftServerImpl (RaftServerImpl.java:setRole(184)) - e3fb79a3-1f86-42af-a80c-c46d1acdbc29@group-7855C2F36E53: changes role from CANDIDATE to FOLLOWER at term 192 for DISCOVERED_A_NEW_TERM
2019-11-04 16:02:24,027 [e3fb79a3-1f86-42af-a80c-c46d1acdbc29@group-7855C2F36E53-LeaderElection177] INFO  impl.RoleInfo (RoleInfo.java:shutdownLeaderElection(134)) - e3fb79a3-1f86-42af-a80c-c46d1acdbc29: shutdown LeaderElection
2019-11-04 16:02:24,028 [e3fb79a3-1f86-42af-a80c-c46d1acdbc29@group-7855C2F36E53-LeaderElection177] INFO  impl.RoleInfo (RoleInfo.java:updateAndGet(143)) - e3fb79a3-1f86-42af-a80c-c46d1acdbc29: start FollowerState
2019-11-04 16:02:24,149 [Thread-1399] INFO  impl.FollowerState (FollowerState.java:run(108)) - e3fb79a3-1f86-42af-a80c-c46d1acdbc29@group-7855C2F36E53-FollowerState: change to CANDIDATE, lastRpcTime:121ms, electionTimeout:121ms
2019-11-04 16:02:24,149 [Thread-1399] INFO  impl.RoleInfo (RoleInfo.java:shutdownFollowerState(121)) - e3fb79a3-1f86-42af-a80c-c46d1acdbc29: shutdown FollowerState
2019-11-04 16:02:24,149 [Thread-1399] INFO  impl.RaftServerImpl (RaftServerImpl.java:setRole(184)) - e3fb79a3-1f86-42af-a80c-c46d1acdbc29@group-7855C2F36E53: changes role from  FOLLOWER to CANDIDATE at term 192 for changeToCandidate
2019-11-04 16:02:24,149 [Thread-1399] INFO  impl.RoleInfo (RoleInfo.java:updateAndGet(143)) - e3fb79a3-1f86-42af-a80c-c46d1acdbc29: start LeaderElection
2019-11-04 16:02:24,163 [e3fb79a3-1f86-42af-a80c-c46d1acdbc29@group-7855C2F36E53-LeaderElection178] INFO  impl.LeaderElection (LeaderElection.java:askForVotes(178)) - e3fb79a3-1f86-42af-a80c-c46d1acdbc29@group-7855C2F36E53-LeaderElection178: begin an election at term 193 for -1: [e3fb79a3-1f86-42af-a80c-c46d1acdbc29:192.168.157.194:44142, 81ff859e-e76f-43f5-951a-4a38422068cb:192.168.157.194:46532, a9143d84-6d7f-497d-b770-eb75585db3c7:192.168.157.194:42126], old=null
2019-11-04 16:02:24,166 [grpc-default-executor-4] INFO  impl.RaftServerImpl (RaftServerImpl.java:setRole(184)) - 81ff859e-e76f-43f5-951a-4a38422068cb@group-7855C2F36E53: changes role from  FOLLOWER to FOLLOWER at term 193 for recognizeCandidate:e3fb79a3-1f86-42af-a80c-c46d1acdbc29
2019-11-04 16:02:24,166 [grpc-default-executor-4] INFO  impl.RoleInfo (RoleInfo.java:shutdownFollowerState(121)) - 81ff859e-e76f-43f5-951a-4a38422068cb: shutdown FollowerState
2019-11-04 16:02:24,166 [grpc-default-executor-5] INFO  impl.RaftServerImpl (RaftServerImpl.java:setRole(184)) - a9143d84-6d7f-497d-b770-eb75585db3c7@group-7855C2F36E53: changes role from  FOLLOWER to FOLLOWER at term 193 for recognizeCandidate:e3fb79a3-1f86-42af-a80c-c46d1acdbc29
2019-11-04 16:02:24,166 [grpc-default-executor-5] INFO  impl.RoleInfo (RoleInfo.java:shutdownFollowerState(121)) - a9143d84-6d7f-497d-b770-eb75585db3c7: shutdown FollowerState
2019-11-04 16:02:24,166 [Thread-1397] INFO  impl.FollowerState (FollowerState.java:run(117)) - 81ff859e-e76f-43f5-951a-4a38422068cb@group-7855C2F36E53-FollowerState was interrupted: java.lang.InterruptedException: sleep interrupted
2019-11-04 16:02:24,166 [grpc-default-executor-4] INFO  impl.RoleInfo (RoleInfo.java:updateAndGet(143)) - 81ff859e-e76f-43f5-951a-4a38422068cb: start FollowerState
2019-11-04 16:02:24,166 [Thread-1398] INFO  impl.FollowerState (FollowerState.java:run(117)) - a9143d84-6d7f-497d-b770-eb75585db3c7@group-7855C2F36E53-FollowerState was interrupted: java.lang.InterruptedException: sleep interrupted
2019-11-04 16:02:24,166 [grpc-default-executor-5] INFO  impl.RoleInfo (RoleInfo.java:updateAndGet(143)) - a9143d84-6d7f-497d-b770-eb75585db3c7: start FollowerState
2019-11-04 16:02:24,192 [e3fb79a3-1f86-42af-a80c-c46d1acdbc29@group-7855C2F36E53-LeaderElection178] INFO  impl.LeaderElection (LeaderElection.java:logAndReturn(56)) - e3fb79a3-1f86-42af-a80c-c46d1acdbc29@group-7855C2F36E53-LeaderElection178: Election REJECTED; received 2 response(s) [e3fb79a3-1f86-42af-a80c-c46d1acdbc29<-81ff859e-e76f-43f5-951a-4a38422068cb#0:FAIL-t193, e3fb79a3-1f86-42af-a80c-c46d1acdbc29<-a9143d84-6d7f-497d-b770-eb75585db3c7#0:FAIL-t193] and 0 exception(s); e3fb79a3-1f86-42af-a80c-c46d1acdbc29@group-7855C2F36E53:t193, leader=null, voted=e3fb79a3-1f86-42af-a80c-c46d1acdbc29, raftlog=e3fb79a3-1f86-42af-a80c-c46d1acdbc29@group-7855C2F36E53-SegmentedRaftLog:OPENED:c-1,f-1,i0, conf=-1: [e3fb79a3-1f86-42af-a80c-c46d1acdbc29:192.168.157.194:44142, 81ff859e-e76f-43f5-951a-4a38422068cb:192.168.157.194:46532, a9143d84-6d7f-497d-b770-eb75585db3c7:192.168.157.194:42126], old=null
2019-11-04 16:02:24,192 [e3fb79a3-1f86-42af-a80c-c46d1acdbc29@group-7855C2F36E53-LeaderElection178] INFO  impl.RaftServerImpl (RaftServerImpl.java:setRole(184)) - e3fb79a3-1f86-42af-a80c-c46d1acdbc29@group-7855C2F36E53: changes role from CANDIDATE to FOLLOWER at term 193 for DISCOVERED_A_NEW_TERM
2019-11-04 16:02:24,193 [e3fb79a3-1f86-42af-a80c-c46d1acdbc29@group-7855C2F36E53-LeaderElection178] INFO  impl.RoleInfo (RoleInfo.java:shutdownLeaderElection(134)) - e3fb79a3-1f86-42af-a80c-c46d1acdbc29: shutdown LeaderElection
2019-11-04 16:02:24,193 [e3fb79a3-1f86-42af-a80c-c46d1acdbc29@group-7855C2F36E53-LeaderElection178] INFO  impl.RoleInfo (RoleInfo.java:updateAndGet(143)) - e3fb79a3-1f86-42af-a80c-c46d1acdbc29: start FollowerState
2019-11-04 16:02:24,362 [Thread-1408] INFO  impl.FollowerState (FollowerState.java:run(108)) - e3fb79a3-1f86-42af-a80c-c46d1acdbc29@group-7855C2F36E53-FollowerState: change to CANDIDATE, lastRpcTime:169ms, electionTimeout:169ms
2019-11-04 16:02:24,362 [Thread-1408] INFO  impl.RoleInfo (RoleInfo.java:shutdownFollowerState(121)) - e3fb79a3-1f86-42af-a80c-c46d1acdbc29: shutdown FollowerState
2019-11-04 16:02:24,362 [Thread-1408] INFO  impl.RaftServerImpl (RaftServerImpl.java:setRole(184)) - e3fb79a3-1f86-42af-a80c-c46d1acdbc29@group-7855C2F36E53: changes role from  FOLLOWER to CANDIDATE at term 193 for changeToCandidate
2019-11-04 16:02:24,363 [Thread-1408] INFO  impl.RoleInfo (RoleInfo.java:updateAndGet(143)) - e3fb79a3-1f86-42af-a80c-c46d1acdbc29: start LeaderElection
2019-11-04 16:02:24,401 [e3fb79a3-1f86-42af-a80c-c46d1acdbc29@group-7855C2F36E53-LeaderElection179] INFO  impl.LeaderElection (LeaderElection.java:askForVotes(178)) - e3fb79a3-1f86-42af-a80c-c46d1acdbc29@group-7855C2F36E53-LeaderElection179: begin an election at term 194 for -1: [e3fb79a3-1f86-42af-a80c-c46d1acdbc29:192.168.157.194:44142, 81ff859e-e76f-43f5-951a-4a38422068cb:192.168.157.194:46532, a9143d84-6d7f-497d-b770-eb75585db3c7:192.168.157.194:42126], old=null
2019-11-04 16:02:24,403 [grpc-default-executor-4] INFO  impl.RaftServerImpl (RaftServerImpl.java:setRole(184)) - a9143d84-6d7f-497d-b770-eb75585db3c7@group-7855C2F36E53: changes role from  FOLLOWER to FOLLOWER at term 194 for recognizeCandidate:e3fb79a3-1f86-42af-a80c-c46d1acdbc29
2019-11-04 16:02:24,403 [grpc-default-executor-5] INFO  impl.RaftServerImpl (RaftServerImpl.java:setRole(184)) - 81ff859e-e76f-43f5-951a-4a38422068cb@group-7855C2F36E53: changes role from  FOLLOWER to FOLLOWER at term 194 for recognizeCandidate:e3fb79a3-1f86-42af-a80c-c46d1acdbc29
2019-11-04 16:02:24,403 [grpc-default-executor-4] INFO  impl.RoleInfo (RoleInfo.java:shutdownFollowerState(121)) - a9143d84-6d7f-497d-b770-eb75585db3c7: shutdown FollowerState
2019-11-04 16:02:24,404 [grpc-default-executor-5] INFO  impl.RoleInfo (RoleInfo.java:shutdownFollowerState(121)) - 81ff859e-e76f-43f5-951a-4a38422068cb: shutdown FollowerState
2019-11-04 16:02:24,404 [Thread-1407] INFO  impl.FollowerState (FollowerState.java:run(117)) - a9143d84-6d7f-497d-b770-eb75585db3c7@group-7855C2F36E53-FollowerState was interrupted: java.lang.InterruptedException: sleep interrupted
2019-11-04 16:02:24,404 [grpc-default-executor-4] INFO  impl.RoleInfo (RoleInfo.java:updateAndGet(143)) - a9143d84-6d7f-497d-b770-eb75585db3c7: start FollowerState
2019-11-04 16:02:24,404 [Thread-1406] INFO  impl.FollowerState (FollowerState.java:run(117)) - 81ff859e-e76f-43f5-951a-4a38422068cb@group-7855C2F36E53-FollowerState was interrupted: java.lang.InterruptedException: sleep interrupted
2019-11-04 16:02:24,404 [grpc-default-executor-5] INFO  impl.RoleInfo (RoleInfo.java:updateAndGet(143)) - 81ff859e-e76f-43f5-951a-4a38422068cb: start FollowerState
2019-11-04 16:02:24,415 [e3fb79a3-1f86-42af-a80c-c46d1acdbc29@group-7855C2F36E53-LeaderElection179] INFO  impl.LeaderElection (LeaderElection.java:logAndReturn(56)) - e3fb79a3-1f86-42af-a80c-c46d1acdbc29@group-7855C2F36E53-LeaderElection179: Election REJECTED; received 2 response(s) [e3fb79a3-1f86-42af-a80c-c46d1acdbc29<-81ff859e-e76f-43f5-951a-4a38422068cb#0:FAIL-t194, e3fb79a3-1f86-42af-a80c-c46d1acdbc29<-a9143d84-6d7f-497d-b770-eb75585db3c7#0:FAIL-t194] and 0 exception(s); e3fb79a3-1f86-42af-a80c-c46d1acdbc29@group-7855C2F36E53:t194, leader=null, voted=e3fb79a3-1f86-42af-a80c-c46d1acdbc29, raftlog=e3fb79a3-1f86-42af-a80c-c46d1acdbc29@group-7855C2F36E53-SegmentedRaftLog:OPENED:c-1,f-1,i0, conf=-1: [e3fb79a3-1f86-42af-a80c-c46d1acdbc29:192.168.157.194:44142, 81ff859e-e76f-43f5-951a-4a38422068cb:192.168.157.194:46532, a9143d84-6d7f-497d-b770-eb75585db3c7:192.168.157.194:42126], old=null
2019-11-04 16:02:24,415 [e3fb79a3-1f86-42af-a80c-c46d1acdbc29@group-7855C2F36E53-LeaderElection179] INFO  impl.RaftServerImpl (RaftServerImpl.java:setRole(184)) - e3fb79a3-1f86-42af-a80c-c46d1acdbc29@group-7855C2F36E53: changes role from CANDIDATE to FOLLOWER at term 194 for DISCOVERED_A_NEW_TERM
2019-11-04 16:02:24,416 [e3fb79a3-1f86-42af-a80c-c46d1acdbc29@group-7855C2F36E53-LeaderElection179] INFO  impl.RoleInfo (RoleInfo.java:shutdownLeaderElection(134)) - e3fb79a3-1f86-42af-a80c-c46d1acdbc29: shutdown LeaderElection
2019-11-04 16:02:24,416 [e3fb79a3-1f86-42af-a80c-c46d1acdbc29@group-7855C2F36E53-LeaderElection179] INFO  impl.RoleInfo (RoleInfo.java:updateAndGet(143)) - e3fb79a3-1f86-42af-a80c-c46d1acdbc29: start FollowerState
2019-11-04 16:02:24,565 [Thread-1414] INFO  impl.FollowerState (FollowerState.java:run(108)) - e3fb79a3-1f86-42af-a80c-c46d1acdbc29@group-7855C2F36E53-FollowerState: change to CANDIDATE, lastRpcTime:149ms, electionTimeout:149ms
2019-11-04 16:02:24,566 [Thread-1414] INFO  impl.RoleInfo (RoleInfo.java:shutdownFollowerState(121)) - e3fb79a3-1f86-42af-a80c-c46d1acdbc29: shutdown FollowerState
2019-11-04 16:02:24,566 [Thread-1414] INFO  impl.RaftServerImpl (RaftServerImpl.java:setRole(184)) - e3fb79a3-1f86-42af-a80c-c46d1acdbc29@group-7855C2F36E53: changes role from  FOLLOWER to CANDIDATE at term 194 for changeToCandidate
2019-11-04 16:02:24,566 [Thread-1414] INFO  impl.RoleInfo (RoleInfo.java:updateAndGet(143)) - e3fb79a3-1f86-42af-a80c-c46d1acdbc29: start LeaderElection
2019-11-04 16:02:24,580 [e3fb79a3-1f86-42af-a80c-c46d1acdbc29@group-7855C2F36E53-LeaderElection180] INFO  impl.LeaderElection (LeaderElection.java:askForVotes(178)) - e3fb79a3-1f86-42af-a80c-c46d1acdbc29@group-7855C2F36E53-LeaderElection180: begin an election at term 195 for -1: [e3fb79a3-1f86-42af-a80c-c46d1acdbc29:192.168.157.194:44142, 81ff859e-e76f-43f5-951a-4a38422068cb:192.168.157.194:46532, a9143d84-6d7f-497d-b770-eb75585db3c7:192.168.157.194:42126], old=null
2019-11-04 16:02:24,583 [grpc-default-executor-5] INFO  impl.RaftServerImpl (RaftServerImpl.java:setRole(184)) - 81ff859e-e76f-43f5-951a-4a38422068cb@group-7855C2F36E53: changes role from  FOLLOWER to FOLLOWER at term 195 for recognizeCandidate:e3fb79a3-1f86-42af-a80c-c46d1acdbc29
2019-11-04 16:02:24,583 [grpc-default-executor-5] INFO  impl.RoleInfo (RoleInfo.java:shutdownFollowerState(121)) - 81ff859e-e76f-43f5-951a-4a38422068cb: shutdown FollowerState
2019-11-04 16:02:24,583 [grpc-default-executor-4] INFO  impl.RaftServerImpl (RaftServerImpl.java:setRole(184)) - a9143d84-6d7f-497d-b770-eb75585db3c7@group-7855C2F36E53: changes role from  FOLLOWER to FOLLOWER at term 195 for recognizeCandidate:e3fb79a3-1f86-42af-a80c-c46d1acdbc29
2019-11-04 16:02:24,583 [grpc-default-executor-4] INFO  impl.RoleInfo (RoleInfo.java:shutdownFollowerState(121)) - a9143d84-6d7f-497d-b770-eb75585db3c7: shutdown FollowerState
2019-11-04 16:02:24,583 [grpc-default-executor-5] INFO  impl.RoleInfo (RoleInfo.java:updateAndGet(143)) - 81ff859e-e76f-43f5-951a-4a38422068cb: start FollowerState
2019-11-04 16:02:24,583 [Thread-1413] INFO  impl.FollowerState (FollowerState.java:run(117)) - 81ff859e-e76f-43f5-951a-4a38422068cb@group-7855C2F36E53-FollowerState was interrupted: java.lang.InterruptedException: sleep interrupted
2019-11-04 16:02:24,584 [Thread-1412] INFO  impl.FollowerState (FollowerState.java:run(117)) - a9143d84-6d7f-497d-b770-eb75585db3c7@group-7855C2F36E53-FollowerState was interrupted: java.lang.InterruptedException: sleep interrupted
2019-11-04 16:02:24,583 [grpc-default-executor-4] INFO  impl.RoleInfo (RoleInfo.java:updateAndGet(143)) - a9143d84-6d7f-497d-b770-eb75585db3c7: start FollowerState
2019-11-04 16:02:24,610 [e3fb79a3-1f86-42af-a80c-c46d1acdbc29@group-7855C2F36E53-LeaderElection180] INFO  impl.LeaderElection (LeaderElection.java:logAndReturn(56)) - e3fb79a3-1f86-42af-a80c-c46d1acdbc29@group-7855C2F36E53-LeaderElection180: Election REJECTED; received 2 response(s) [e3fb79a3-1f86-42af-a80c-c46d1acdbc29<-81ff859e-e76f-43f5-951a-4a38422068cb#0:FAIL-t195, e3fb79a3-1f86-42af-a80c-c46d1acdbc29<-a9143d84-6d7f-497d-b770-eb75585db3c7#0:FAIL-t195] and 0 exception(s); e3fb79a3-1f86-42af-a80c-c46d1acdbc29@group-7855C2F36E53:t195, leader=null, voted=e3fb79a3-1f86-42af-a80c-c46d1acdbc29, raftlog=e3fb79a3-1f86-42af-a80c-c46d1acdbc29@group-7855C2F36E53-SegmentedRaftLog:OPENED:c-1,f-1,i0, conf=-1: [e3fb79a3-1f86-42af-a80c-c46d1acdbc29:192.168.157.194:44142, 81ff859e-e76f-43f5-951a-4a38422068cb:192.168.157.194:46532, a9143d84-6d7f-497d-b770-eb75585db3c7:192.168.157.194:42126], old=null
2019-11-04 16:02:24,610 [e3fb79a3-1f86-42af-a80c-c46d1acdbc29@group-7855C2F36E53-LeaderElection180] INFO  impl.RaftServerImpl (RaftServerImpl.java:setRole(184)) - e3fb79a3-1f86-42af-a80c-c46d1acdbc29@group-7855C2F36E53: changes role from CANDIDATE to FOLLOWER at term 195 for DISCOVERED_A_NEW_TERM
2019-11-04 16:02:24,610 [e3fb79a3-1f86-42af-a80c-c46d1acdbc29@group-7855C2F36E53-LeaderElection180] INFO  impl.RoleInfo (RoleInfo.java:shutdownLeaderElection(134)) - e3fb79a3-1f86-42af-a80c-c46d1acdbc29: shutdown LeaderElection
2019-11-04 16:02:24,610 [e3fb79a3-1f86-42af-a80c-c46d1acdbc29@group-7855C2F36E53-LeaderElection180] INFO  impl.RoleInfo (RoleInfo.java:updateAndGet(143)) - e3fb79a3-1f86-42af-a80c-c46d1acdbc29: start FollowerState
2019-11-04 16:02:24,657 [Thread-1420] INFO  impl.FollowerState (FollowerState.java:run(108)) - e3fb79a3-1f86-42af-a80c-c46d1acdbc29@group-7855C2F36E53-FollowerState: change to CANDIDATE, lastRpcTime:46ms, electionTimeout:46ms
2019-11-04 16:02:24,657 [Thread-1420] INFO  impl.RoleInfo (RoleInfo.java:shutdownFollowerState(121)) - e3fb79a3-1f86-42af-a80c-c46d1acdbc29: shutdown FollowerState
2019-11-04 16:02:24,657 [Thread-1420] INFO  impl.RaftServerImpl (RaftServerImpl.java:setRole(184)) - e3fb79a3-1f86-42af-a80c-c46d1acdbc29@group-7855C2F36E53: changes role from  FOLLOWER to CANDIDATE at term 195 for changeToCandidate
2019-11-04 16:02:24,657 [Thread-1420] INFO  impl.RoleInfo (RoleInfo.java:updateAndGet(143)) - e3fb79a3-1f86-42af-a80c-c46d1acdbc29: start LeaderElection
2019-11-04 16:02:24,671 [e3fb79a3-1f86-42af-a80c-c46d1acdbc29@group-7855C2F36E53-LeaderElection181] INFO  impl.LeaderElection (LeaderElection.java:askForVotes(178)) - e3fb79a3-1f86-42af-a80c-c46d1acdbc29@group-7855C2F36E53-LeaderElection181: begin an election at term 196 for -1: [e3fb79a3-1f86-42af-a80c-c46d1acdbc29:192.168.157.194:44142, 81ff859e-e76f-43f5-951a-4a38422068cb:192.168.157.194:46532, a9143d84-6d7f-497d-b770-eb75585db3c7:192.168.157.194:42126], old=null
2019-11-04 16:02:24,673 [grpc-default-executor-4] INFO  impl.RaftServerImpl (RaftServerImpl.java:setRole(184)) - 81ff859e-e76f-43f5-951a-4a38422068cb@group-7855C2F36E53: changes role from  FOLLOWER to FOLLOWER at term 196 for recognizeCandidate:e3fb79a3-1f86-42af-a80c-c46d1acdbc29
2019-11-04 16:02:24,673 [grpc-default-executor-5] INFO  impl.RaftServerImpl (RaftServerImpl.java:setRole(184)) - a9143d84-6d7f-497d-b770-eb75585db3c7@group-7855C2F36E53: changes role from  FOLLOWER to FOLLOWER at term 196 for recognizeCandidate:e3fb79a3-1f86-42af-a80c-c46d1acdbc29
2019-11-04 16:02:24,674 [grpc-default-executor-5] INFO  impl.RoleInfo (RoleInfo.java:shutdownFollowerState(121)) - a9143d84-6d7f-497d-b770-eb75585db3c7: shutdown FollowerState
2019-11-04 16:02:24,674 [grpc-default-executor-4] INFO  impl.RoleInfo (RoleInfo.java:shutdownFollowerState(121)) - 81ff859e-e76f-43f5-951a-4a38422068cb: shutdown FollowerState
2019-11-04 16:02:24,674 [Thread-1419] INFO  impl.FollowerState (FollowerState.java:run(117)) - a9143d84-6d7f-497d-b770-eb75585db3c7@group-7855C2F36E53-FollowerState was interrupted: java.lang.InterruptedException: sleep interrupted
2019-11-04 16:02:24,674 [Thread-1418] INFO  impl.FollowerState (FollowerState.java:run(117)) - 81ff859e-e76f-43f5-951a-4a38422068cb@group-7855C2F36E53-FollowerState was interrupted: java.lang.InterruptedException: sleep interrupted
2019-11-04 16:02:24,674 [grpc-default-executor-5] INFO  impl.RoleInfo (RoleInfo.java:updateAndGet(143)) - a9143d84-6d7f-497d-b770-eb75585db3c7: start FollowerState
2019-11-04 16:02:24,674 [grpc-default-executor-4] INFO  impl.RoleInfo (RoleInfo.java:updateAndGet(143)) - 81ff859e-e76f-43f5-951a-4a38422068cb: start FollowerState
2019-11-04 16:02:24,689 [e3fb79a3-1f86-42af-a80c-c46d1acdbc29@group-7855C2F36E53-LeaderElection181] INFO  impl.LeaderElection (LeaderElection.java:logAndReturn(56)) - e3fb79a3-1f86-42af-a80c-c46d1acdbc29@group-7855C2F36E53-LeaderElection181: Election REJECTED; received 2 response(s) [e3fb79a3-1f86-42af-a80c-c46d1acdbc29<-81ff859e-e76f-43f5-951a-4a38422068cb#0:FAIL-t196, e3fb79a3-1f86-42af-a80c-c46d1acdbc29<-a9143d84-6d7f-497d-b770-eb75585db3c7#0:FAIL-t196] and 0 exception(s); e3fb79a3-1f86-42af-a80c-c46d1acdbc29@group-7855C2F36E53:t196, leader=null, voted=e3fb79a3-1f86-42af-a80c-c46d1acdbc29, raftlog=e3fb79a3-1f86-42af-a80c-c46d1acdbc29@group-7855C2F36E53-SegmentedRaftLog:OPENED:c-1,f-1,i0, conf=-1: [e3fb79a3-1f86-42af-a80c-c46d1acdbc29:192.168.157.194:44142, 81ff859e-e76f-43f5-951a-4a38422068cb:192.168.157.194:46532, a9143d84-6d7f-497d-b770-eb75585db3c7:192.168.157.194:42126], old=null
2019-11-04 16:02:24,689 [e3fb79a3-1f86-42af-a80c-c46d1acdbc29@group-7855C2F36E53-LeaderElection181] INFO  impl.RaftServerImpl (RaftServerImpl.java:setRole(184)) - e3fb79a3-1f86-42af-a80c-c46d1acdbc29@group-7855C2F36E53: changes role from CANDIDATE to FOLLOWER at term 196 for DISCOVERED_A_NEW_TERM
2019-11-04 16:02:24,689 [e3fb79a3-1f86-42af-a80c-c46d1acdbc29@group-7855C2F36E53-LeaderElection181] INFO  impl.RoleInfo (RoleInfo.java:shutdownLeaderElection(134)) - e3fb79a3-1f86-42af-a80c-c46d1acdbc29: shutdown LeaderElection
2019-11-04 16:02:24,689 [e3fb79a3-1f86-42af-a80c-c46d1acdbc29@group-7855C2F36E53-LeaderElection181] INFO  impl.RoleInfo (RoleInfo.java:updateAndGet(143)) - e3fb79a3-1f86-42af-a80c-c46d1acdbc29: start FollowerState
2019-11-04 16:02:24,693 [Thread-1426] INFO  impl.FollowerState (FollowerState.java:run(108)) - e3fb79a3-1f86-42af-a80c-c46d1acdbc29@group-7855C2F36E53-FollowerState: change to CANDIDATE, lastRpcTime:3ms, electionTimeout:3ms
2019-11-04 16:02:24,693 [Thread-1426] INFO  impl.RoleInfo (RoleInfo.java:shutdownFollowerState(121)) - e3fb79a3-1f86-42af-a80c-c46d1acdbc29: shutdown FollowerState
2019-11-04 16:02:24,693 [Thread-1426] INFO  impl.RaftServerImpl (RaftServerImpl.java:setRole(184)) - e3fb79a3-1f86-42af-a80c-c46d1acdbc29@group-7855C2F36E53: changes role from  FOLLOWER to CANDIDATE at term 196 for changeToCandidate
2019-11-04 16:02:24,693 [Thread-1426] INFO  impl.RoleInfo (RoleInfo.java:updateAndGet(143)) - e3fb79a3-1f86-42af-a80c-c46d1acdbc29: start LeaderElection
2019-11-04 16:02:24,719 [e3fb79a3-1f86-42af-a80c-c46d1acdbc29@group-7855C2F36E53-LeaderElection182] INFO  impl.LeaderElection (LeaderElection.java:askForVotes(178)) - e3fb79a3-1f86-42af-a80c-c46d1acdbc29@group-7855C2F36E53-LeaderElection182: begin an election at term 197 for -1: [e3fb79a3-1f86-42af-a80c-c46d1acdbc29:192.168.157.194:44142, 81ff859e-e76f-43f5-951a-4a38422068cb:192.168.157.194:46532, a9143d84-6d7f-497d-b770-eb75585db3c7:192.168.157.194:42126], old=null
2019-11-04 16:02:24,721 [grpc-default-executor-5] INFO  impl.RaftServerImpl (RaftServerImpl.java:setRole(184)) - 81ff859e-e76f-43f5-951a-4a38422068cb@group-7855C2F36E53: changes role from  FOLLOWER to FOLLOWER at term 197 for recognizeCandidate:e3fb79a3-1f86-42af-a80c-c46d1acdbc29
2019-11-04 16:02:24,721 [grpc-default-executor-4] INFO  impl.RaftServerImpl (RaftServerImpl.java:setRole(184)) - a9143d84-6d7f-497d-b770-eb75585db3c7@group-7855C2F36E53: changes role from  FOLLOWER to FOLLOWER at term 197 for recognizeCandidate:e3fb79a3-1f86-42af-a80c-c46d1acdbc29
2019-11-04 16:02:24,721 [grpc-default-executor-4] INFO  impl.RoleInfo (RoleInfo.java:shutdownFollowerState(121)) - a9143d84-6d7f-497d-b770-eb75585db3c7: shutdown FollowerState
2019-11-04 16:02:24,721 [grpc-default-executor-5] INFO  impl.RoleInfo (RoleInfo.java:shutdownFollowerState(121)) - 81ff859e-e76f-43f5-951a-4a38422068cb: shutdown FollowerState
2019-11-04 16:02:24,722 [Thread-1424] INFO  impl.FollowerState (FollowerState.java:run(117)) - a9143d84-6d7f-497d-b770-eb75585db3c7@group-7855C2F36E53-FollowerState was interrupted: java.lang.InterruptedException: sleep interrupted
2019-11-04 16:02:24,722 [Thread-1425] INFO  impl.FollowerState (FollowerState.java:run(117)) - 81ff859e-e76f-43f5-951a-4a38422068cb@group-7855C2F36E53-FollowerState was interrupted: java.lang.InterruptedException: sleep interrupted
2019-11-04 16:02:24,722 [grpc-default-executor-4] INFO  impl.RoleInfo (RoleInfo.java:updateAndGet(143)) - a9143d84-6d7f-497d-b770-eb75585db3c7: start FollowerState
2019-11-04 16:02:24,722 [grpc-default-executor-5] INFO  impl.RoleInfo (RoleInfo.java:updateAndGet(143)) - 81ff859e-e76f-43f5-951a-4a38422068cb: start FollowerState
2019-11-04 16:02:24,748 [e3fb79a3-1f86-42af-a80c-c46d1acdbc29@group-7855C2F36E53-LeaderElection182] INFO  impl.LeaderElection (LeaderElection.java:logAndReturn(56)) - e3fb79a3-1f86-42af-a80c-c46d1acdbc29@group-7855C2F36E53-LeaderElection182: Election REJECTED; received 2 response(s) [e3fb79a3-1f86-42af-a80c-c46d1acdbc29<-81ff859e-e76f-43f5-951a-4a38422068cb#0:FAIL-t197, e3fb79a3-1f86-42af-a80c-c46d1acdbc29<-a9143d84-6d7f-497d-b770-eb75585db3c7#0:FAIL-t197] and 0 exception(s); e3fb79a3-1f86-42af-a80c-c46d1acdbc29@group-7855C2F36E53:t197, leader=null, voted=e3fb79a3-1f86-42af-a80c-c46d1acdbc29, raftlog=e3fb79a3-1f86-42af-a80c-c46d1acdbc29@group-7855C2F36E53-SegmentedRaftLog:OPENED:c-1,f-1,i0, conf=-1: [e3fb79a3-1f86-42af-a80c-c46d1acdbc29:192.168.157.194:44142, 81ff859e-e76f-43f5-951a-4a38422068cb:192.168.157.194:46532, a9143d84-6d7f-497d-b770-eb75585db3c7:192.168.157.194:42126], old=null
2019-11-04 16:02:24,748 [e3fb79a3-1f86-42af-a80c-c46d1acdbc29@group-7855C2F36E53-LeaderElection182] INFO  impl.RaftServerImpl (RaftServerImpl.java:setRole(184)) - e3fb79a3-1f86-42af-a80c-c46d1acdbc29@group-7855C2F36E53: changes role from CANDIDATE to FOLLOWER at term 197 for DISCOVERED_A_NEW_TERM
2019-11-04 16:02:24,748 [e3fb79a3-1f86-42af-a80c-c46d1acdbc29@group-7855C2F36E53-LeaderElection182] INFO  impl.RoleInfo (RoleInfo.java:shutdownLeaderElection(134)) - e3fb79a3-1f86-42af-a80c-c46d1acdbc29: shutdown LeaderElection
2019-11-04 16:02:24,748 [e3fb79a3-1f86-42af-a80c-c46d1acdbc29@group-7855C2F36E53-LeaderElection182] INFO  impl.RoleInfo (RoleInfo.java:updateAndGet(143)) - e3fb79a3-1f86-42af-a80c-c46d1acdbc29: start FollowerState
2019-11-04 16:02:24,935 [Thread-1432] INFO  impl.FollowerState (FollowerState.java:run(108)) - e3fb79a3-1f86-42af-a80c-c46d1acdbc29@group-7855C2F36E53-FollowerState: change to CANDIDATE, lastRpcTime:186ms, electionTimeout:186ms
2019-11-04 16:02:24,935 [Thread-1432] INFO  impl.RoleInfo (RoleInfo.java:shutdownFollowerState(121)) - e3fb79a3-1f86-42af-a80c-c46d1acdbc29: shutdown FollowerState
2019-11-04 16:02:24,935 [Thread-1432] INFO  impl.RaftServerImpl (RaftServerImpl.java:setRole(184)) - e3fb79a3-1f86-42af-a80c-c46d1acdbc29@group-7855C2F36E53: changes role from  FOLLOWER to CANDIDATE at term 197 for changeToCandidate
2019-11-04 16:02:24,935 [Thread-1432] INFO  impl.RoleInfo (RoleInfo.java:updateAndGet(143)) - e3fb79a3-1f86-42af-a80c-c46d1acdbc29: start LeaderElection
2019-11-04 16:02:24,951 [e3fb79a3-1f86-42af-a80c-c46d1acdbc29@group-7855C2F36E53-LeaderElection183] INFO  impl.LeaderElection (LeaderElection.java:askForVotes(178)) - e3fb79a3-1f86-42af-a80c-c46d1acdbc29@group-7855C2F36E53-LeaderElection183: begin an election at term 198 for -1: [e3fb79a3-1f86-42af-a80c-c46d1acdbc29:192.168.157.194:44142, 81ff859e-e76f-43f5-951a-4a38422068cb:192.168.157.194:46532, a9143d84-6d7f-497d-b770-eb75585db3c7:192.168.157.194:42126], old=null
2019-11-04 16:02:24,953 [grpc-default-executor-4] INFO  impl.RaftServerImpl (RaftServerImpl.java:setRole(184)) - 81ff859e-e76f-43f5-951a-4a38422068cb@group-7855C2F36E53: changes role from  FOLLOWER to FOLLOWER at term 198 for recognizeCandidate:e3fb79a3-1f86-42af-a80c-c46d1acdbc29
2019-11-04 16:02:24,954 [grpc-default-executor-4] INFO  impl.RoleInfo (RoleInfo.java:shutdownFollowerState(121)) - 81ff859e-e76f-43f5-951a-4a38422068cb: shutdown FollowerState
2019-11-04 16:02:24,954 [grpc-default-executor-5] INFO  impl.RaftServerImpl (RaftServerImpl.java:setRole(184)) - a9143d84-6d7f-497d-b770-eb75585db3c7@group-7855C2F36E53: changes role from  FOLLOWER to FOLLOWER at term 198 for recognizeCandidate:e3fb79a3-1f86-42af-a80c-c46d1acdbc29
2019-11-04 16:02:24,954 [Thread-1431] INFO  impl.FollowerState (FollowerState.java:run(117)) - 81ff859e-e76f-43f5-951a-4a38422068cb@group-7855C2F36E53-FollowerState was interrupted: java.lang.InterruptedException: sleep interrupted
2019-11-04 16:02:24,954 [grpc-default-executor-4] INFO  impl.RoleInfo (RoleInfo.java:updateAndGet(143)) - 81ff859e-e76f-43f5-951a-4a38422068cb: start FollowerState
2019-11-04 16:02:24,954 [grpc-default-executor-5] INFO  impl.RoleInfo (RoleInfo.java:shutdownFollowerState(121)) - a9143d84-6d7f-497d-b770-eb75585db3c7: shutdown FollowerState
2019-11-04 16:02:24,955 [grpc-default-executor-5] INFO  impl.RoleInfo (RoleInfo.java:updateAndGet(143)) - a9143d84-6d7f-497d-b770-eb75585db3c7: start FollowerState
2019-11-04 16:02:24,955 [Thread-1430] INFO  impl.FollowerState (FollowerState.java:run(117)) - a9143d84-6d7f-497d-b770-eb75585db3c7@group-7855C2F36E53-FollowerState was interrupted: java.lang.InterruptedException: sleep interrupted
2019-11-04 16:02:24,959 [e3fb79a3-1f86-42af-a80c-c46d1acdbc29@group-7855C2F36E53-LeaderElection183] INFO  impl.LeaderElection (LeaderElection.java:logAndReturn(56)) - e3fb79a3-1f86-42af-a80c-c46d1acdbc29@group-7855C2F36E53-LeaderElection183: Election TIMEOUT; received 0 response(s) [] and 0 exception(s); e3fb79a3-1f86-42af-a80c-c46d1acdbc29@group-7855C2F36E53:t198, leader=null, voted=e3fb79a3-1f86-42af-a80c-c46d1acdbc29, raftlog=e3fb79a3-1f86-42af-a80c-c46d1acdbc29@group-7855C2F36E53-SegmentedRaftLog:OPENED:c-1,f-1,i0, conf=-1: [e3fb79a3-1f86-42af-a80c-c46d1acdbc29:192.168.157.194:44142, 81ff859e-e76f-43f5-951a-4a38422068cb:192.168.157.194:46532, a9143d84-6d7f-497d-b770-eb75585db3c7:192.168.157.194:42126], old=null
2019-11-04 16:02:24,968 [e3fb79a3-1f86-42af-a80c-c46d1acdbc29@group-7855C2F36E53-LeaderElection183] INFO  impl.LeaderElection (LeaderElection.java:askForVotes(178)) - e3fb79a3-1f86-42af-a80c-c46d1acdbc29@group-7855C2F36E53-LeaderElection183: begin an election at term 199 for -1: [e3fb79a3-1f86-42af-a80c-c46d1acdbc29:192.168.157.194:44142, 81ff859e-e76f-43f5-951a-4a38422068cb:192.168.157.194:46532, a9143d84-6d7f-497d-b770-eb75585db3c7:192.168.157.194:42126], old=null
2019-11-04 16:02:24,969 [grpc-default-executor-4] INFO  impl.RaftServerImpl (RaftServerImpl.java:setRole(184)) - 81ff859e-e76f-43f5-951a-4a38422068cb@group-7855C2F36E53: changes role from  FOLLOWER to FOLLOWER at term 199 for recognizeCandidate:e3fb79a3-1f86-42af-a80c-c46d1acdbc29
2019-11-04 16:02:24,970 [grpc-default-executor-4] INFO  impl.RoleInfo (RoleInfo.java:shutdownFollowerState(121)) - 81ff859e-e76f-43f5-951a-4a38422068cb: shutdown FollowerState
2019-11-04 16:02:24,970 [grpc-default-executor-4] INFO  impl.RoleInfo (RoleInfo.java:updateAndGet(143)) - 81ff859e-e76f-43f5-951a-4a38422068cb: start FollowerState
2019-11-04 16:02:24,970 [Thread-1436] INFO  impl.FollowerState (FollowerState.java:run(117)) - 81ff859e-e76f-43f5-951a-4a38422068cb@group-7855C2F36E53-FollowerState was interrupted: java.lang.InterruptedException: sleep interrupted
2019-11-04 16:02:24,970 [grpc-default-executor-5] INFO  impl.RaftServerImpl (RaftServerImpl.java:setRole(184)) - a9143d84-6d7f-497d-b770-eb75585db3c7@group-7855C2F36E53: changes role from  FOLLOWER to FOLLOWER at term 199 for recognizeCandidate:e3fb79a3-1f86-42af-a80c-c46d1acdbc29
2019-11-04 16:02:24,970 [grpc-default-executor-5] INFO  impl.RoleInfo (RoleInfo.java:shutdownFollowerState(121)) - a9143d84-6d7f-497d-b770-eb75585db3c7: shutdown FollowerState
2019-11-04 16:02:24,970 [grpc-default-executor-5] INFO  impl.RoleInfo (RoleInfo.java:updateAndGet(143)) - a9143d84-6d7f-497d-b770-eb75585db3c7: start FollowerState
2019-11-04 16:02:24,971 [Thread-1437] INFO  impl.FollowerState (FollowerState.java:run(117)) - a9143d84-6d7f-497d-b770-eb75585db3c7@group-7855C2F36E53-FollowerState was interrupted: java.lang.InterruptedException: sleep interrupted
2019-11-04 16:02:24,997 [e3fb79a3-1f86-42af-a80c-c46d1acdbc29@group-7855C2F36E53-LeaderElection183] INFO  impl.LeaderElection (LeaderElection.java:logAndReturn(56)) - e3fb79a3-1f86-42af-a80c-c46d1acdbc29@group-7855C2F36E53-LeaderElection183: Election REJECTED; received 2 response(s) [e3fb79a3-1f86-42af-a80c-c46d1acdbc29<-81ff859e-e76f-43f5-951a-4a38422068cb#0:FAIL-t199, e3fb79a3-1f86-42af-a80c-c46d1acdbc29<-a9143d84-6d7f-497d-b770-eb75585db3c7#0:FAIL-t199] and 0 exception(s); e3fb79a3-1f86-42af-a80c-c46d1acdbc29@group-7855C2F36E53:t199, leader=null, voted=e3fb79a3-1f86-42af-a80c-c46d1acdbc29, raftlog=e3fb79a3-1f86-42af-a80c-c46d1acdbc29@group-7855C2F36E53-SegmentedRaftLog:OPENED:c-1,f-1,i0, conf=-1: [e3fb79a3-1f86-42af-a80c-c46d1acdbc29:192.168.157.194:44142, 81ff859e-e76f-43f5-951a-4a38422068cb:192.168.157.194:46532, a9143d84-6d7f-497d-b770-eb75585db3c7:192.168.157.194:42126], old=null
2019-11-04 16:02:24,997 [e3fb79a3-1f86-42af-a80c-c46d1acdbc29@group-7855C2F36E53-LeaderElection183] INFO  impl.RaftServerImpl (RaftServerImpl.java:setRole(184)) - e3fb79a3-1f86-42af-a80c-c46d1acdbc29@group-7855C2F36E53: changes role from CANDIDATE to FOLLOWER at term 199 for DISCOVERED_A_NEW_TERM
2019-11-04 16:02:24,997 [e3fb79a3-1f86-42af-a80c-c46d1acdbc29@group-7855C2F36E53-LeaderElection183] INFO  impl.RoleInfo (RoleInfo.java:shutdownLeaderElection(134)) - e3fb79a3-1f86-42af-a80c-c46d1acdbc29: shutdown LeaderElection
2019-11-04 16:02:24,997 [e3fb79a3-1f86-42af-a80c-c46d1acdbc29@group-7855C2F36E53-LeaderElection183] INFO  impl.RoleInfo (RoleInfo.java:updateAndGet(143)) - e3fb79a3-1f86-42af-a80c-c46d1acdbc29: start FollowerState
2019-11-04 16:02:25,129 [Thread-1442] INFO  impl.FollowerState (FollowerState.java:run(108)) - e3fb79a3-1f86-42af-a80c-c46d1acdbc29@group-7855C2F36E53-FollowerState: change to CANDIDATE, lastRpcTime:132ms, electionTimeout:132ms
2019-11-04 16:02:25,130 [Thread-1442] INFO  impl.RoleInfo (RoleInfo.java:shutdownFollowerState(121)) - e3fb79a3-1f86-42af-a80c-c46d1acdbc29: shutdown FollowerState
2019-11-04 16:02:25,130 [Thread-1442] INFO  impl.RaftServerImpl (RaftServerImpl.java:setRole(184)) - e3fb79a3-1f86-42af-a80c-c46d1acdbc29@group-7855C2F36E53: changes role from  FOLLOWER to CANDIDATE at term 199 for changeToCandidate
2019-11-04 16:02:25,130 [Thread-1442] INFO  impl.RoleInfo (RoleInfo.java:updateAndGet(143)) - e3fb79a3-1f86-42af-a80c-c46d1acdbc29: start LeaderElection
2019-11-04 16:02:25,145 [e3fb79a3-1f86-42af-a80c-c46d1acdbc29@group-7855C2F36E53-LeaderElection184] INFO  impl.LeaderElection (LeaderElection.java:askForVotes(178)) - e3fb79a3-1f86-42af-a80c-c46d1acdbc29@group-7855C2F36E53-LeaderElection184: begin an election at term 200 for -1: [e3fb79a3-1f86-42af-a80c-c46d1acdbc29:192.168.157.194:44142, 81ff859e-e76f-43f5-951a-4a38422068cb:192.168.157.194:46532, a9143d84-6d7f-497d-b770-eb75585db3c7:192.168.157.194:42126], old=null
2019-11-04 16:02:25,148 [grpc-default-executor-4] INFO  impl.RaftServerImpl (RaftServerImpl.java:setRole(184)) - 81ff859e-e76f-43f5-951a-4a38422068cb@group-7855C2F36E53: changes role from  FOLLOWER to FOLLOWER at term 200 for recognizeCandidate:e3fb79a3-1f86-42af-a80c-c46d1acdbc29
2019-11-04 16:02:25,148 [grpc-default-executor-1] INFO  impl.RaftServerImpl (RaftServerImpl.java:setRole(184)) - a9143d84-6d7f-497d-b770-eb75585db3c7@group-7855C2F36E53: changes role from  FOLLOWER to FOLLOWER at term 200 for recognizeCandidate:e3fb79a3-1f86-42af-a80c-c46d1acdbc29
2019-11-04 16:02:25,148 [grpc-default-executor-4] INFO  impl.RoleInfo (RoleInfo.java:shutdownFollowerState(121)) - 81ff859e-e76f-43f5-951a-4a38422068cb: shutdown FollowerState
2019-11-04 16:02:25,149 [grpc-default-executor-1] INFO  impl.RoleInfo (RoleInfo.java:shutdownFollowerState(121)) - a9143d84-6d7f-497d-b770-eb75585db3c7: shutdown FollowerState
2019-11-04 16:02:25,149 [Thread-1440] INFO  impl.FollowerState (FollowerState.java:run(117)) - 81ff859e-e76f-43f5-951a-4a38422068cb@group-7855C2F36E53-FollowerState was interrupted: java.lang.InterruptedException: sleep interrupted
2019-11-04 16:02:25,149 [grpc-default-executor-4] INFO  impl.RoleInfo (RoleInfo.java:updateAndGet(143)) - 81ff859e-e76f-43f5-951a-4a38422068cb: start FollowerState
2019-11-04 16:02:25,149 [grpc-default-executor-1] INFO  impl.RoleInfo (RoleInfo.java:updateAndGet(143)) - a9143d84-6d7f-497d-b770-eb75585db3c7: start FollowerState
2019-11-04 16:02:25,149 [Thread-1441] INFO  impl.FollowerState (FollowerState.java:run(117)) - a9143d84-6d7f-497d-b770-eb75585db3c7@group-7855C2F36E53-FollowerState was interrupted: java.lang.InterruptedException: sleep interrupted
2019-11-04 16:02:25,176 [e3fb79a3-1f86-42af-a80c-c46d1acdbc29@group-7855C2F36E53-LeaderElection184] INFO  impl.LeaderElection (LeaderElection.java:logAndReturn(56)) - e3fb79a3-1f86-42af-a80c-c46d1acdbc29@group-7855C2F36E53-LeaderElection184: Election REJECTED; received 2 response(s) [e3fb79a3-1f86-42af-a80c-c46d1acdbc29<-81ff859e-e76f-43f5-951a-4a38422068cb#0:FAIL-t200, e3fb79a3-1f86-42af-a80c-c46d1acdbc29<-a9143d84-6d7f-497d-b770-eb75585db3c7#0:FAIL-t200] and 0 exception(s); e3fb79a3-1f86-42af-a80c-c46d1acdbc29@group-7855C2F36E53:t200, leader=null, voted=e3fb79a3-1f86-42af-a80c-c46d1acdbc29, raftlog=e3fb79a3-1f86-42af-a80c-c46d1acdbc29@group-7855C2F36E53-SegmentedRaftLog:OPENED:c-1,f-1,i0, conf=-1: [e3fb79a3-1f86-42af-a80c-c46d1acdbc29:192.168.157.194:44142, 81ff859e-e76f-43f5-951a-4a38422068cb:192.168.157.194:46532, a9143d84-6d7f-497d-b770-eb75585db3c7:192.168.157.194:42126], old=null
2019-11-04 16:02:25,176 [e3fb79a3-1f86-42af-a80c-c46d1acdbc29@group-7855C2F36E53-LeaderElection184] INFO  impl.RaftServerImpl (RaftServerImpl.java:setRole(184)) - e3fb79a3-1f86-42af-a80c-c46d1acdbc29@group-7855C2F36E53: changes role from CANDIDATE to FOLLOWER at term 200 for DISCOVERED_A_NEW_TERM
2019-11-04 16:02:25,176 [e3fb79a3-1f86-42af-a80c-c46d1acdbc29@group-7855C2F36E53-LeaderElection184] INFO  impl.RoleInfo (RoleInfo.java:shutdownLeaderElection(134)) - e3fb79a3-1f86-42af-a80c-c46d1acdbc29: shutdown LeaderElection
2019-11-04 16:02:25,177 [e3fb79a3-1f86-42af-a80c-c46d1acdbc29@group-7855C2F36E53-LeaderElection184] INFO  impl.RoleInfo (RoleInfo.java:updateAndGet(143)) - e3fb79a3-1f86-42af-a80c-c46d1acdbc29: start FollowerState
2019-11-04 16:02:25,346 [Thread-1450] INFO  impl.FollowerState (FollowerState.java:run(108)) - e3fb79a3-1f86-42af-a80c-c46d1acdbc29@group-7855C2F36E53-FollowerState: change to CANDIDATE, lastRpcTime:169ms, electionTimeout:169ms
2019-11-04 16:02:25,346 [Thread-1450] INFO  impl.RoleInfo (RoleInfo.java:shutdownFollowerState(121)) - e3fb79a3-1f86-42af-a80c-c46d1acdbc29: shutdown FollowerState
2019-11-04 16:02:25,346 [Thread-1450] INFO  impl.RaftServerImpl (RaftServerImpl.java:setRole(184)) - e3fb79a3-1f86-42af-a80c-c46d1acdbc29@group-7855C2F36E53: changes role from  FOLLOWER to CANDIDATE at term 200 for changeToCandidate
2019-11-04 16:02:25,346 [Thread-1450] INFO  impl.RoleInfo (RoleInfo.java:updateAndGet(143)) - e3fb79a3-1f86-42af-a80c-c46d1acdbc29: start LeaderElection
2019-11-04 16:02:25,360 [e3fb79a3-1f86-42af-a80c-c46d1acdbc29@group-7855C2F36E53-LeaderElection185] INFO  impl.LeaderElection (LeaderElection.java:askForVotes(178)) - e3fb79a3-1f86-42af-a80c-c46d1acdbc29@group-7855C2F36E53-LeaderElection185: begin an election at term 201 for -1: [e3fb79a3-1f86-42af-a80c-c46d1acdbc29:192.168.157.194:44142, 81ff859e-e76f-43f5-951a-4a38422068cb:192.168.157.194:46532, a9143d84-6d7f-497d-b770-eb75585db3c7:192.168.157.194:42126], old=null
2019-11-04 16:02:25,363 [grpc-default-executor-1] INFO  impl.RaftServerImpl (RaftServerImpl.java:setRole(184)) - a9143d84-6d7f-497d-b770-eb75585db3c7@group-7855C2F36E53: changes role from  FOLLOWER to FOLLOWER at term 201 for recognizeCandidate:e3fb79a3-1f86-42af-a80c-c46d1acdbc29
2019-11-04 16:02:25,363 [grpc-default-executor-4] INFO  impl.RaftServerImpl (RaftServerImpl.java:setRole(184)) - 81ff859e-e76f-43f5-951a-4a38422068cb@group-7855C2F36E53: changes role from  FOLLOWER to FOLLOWER at term 201 for recognizeCandidate:e3fb79a3-1f86-42af-a80c-c46d1acdbc29
2019-11-04 16:02:25,363 [grpc-default-executor-4] INFO  impl.RoleInfo (RoleInfo.java:shutdownFollowerState(121)) - 81ff859e-e76f-43f5-951a-4a38422068cb: shutdown FollowerState
2019-11-04 16:02:25,363 [grpc-default-executor-1] INFO  impl.RoleInfo (RoleInfo.java:shutdownFollowerState(121)) - a9143d84-6d7f-497d-b770-eb75585db3c7: shutdown FollowerState
2019-11-04 16:02:25,363 [grpc-default-executor-4] INFO  impl.RoleInfo (RoleInfo.java:updateAndGet(143)) - 81ff859e-e76f-43f5-951a-4a38422068cb: start FollowerState
2019-11-04 16:02:25,364 [Thread-1447] INFO  impl.FollowerState (FollowerState.java:run(117)) - 81ff859e-e76f-43f5-951a-4a38422068cb@group-7855C2F36E53-FollowerState was interrupted: java.lang.InterruptedException: sleep interrupted
2019-11-04 16:02:25,364 [Thread-1448] INFO  impl.FollowerState (FollowerState.java:run(117)) - a9143d84-6d7f-497d-b770-eb75585db3c7@group-7855C2F36E53-FollowerState was interrupted: java.lang.InterruptedException: sleep interrupted
2019-11-04 16:02:25,364 [grpc-default-executor-1] INFO  impl.RoleInfo (RoleInfo.java:updateAndGet(143)) - a9143d84-6d7f-497d-b770-eb75585db3c7: start FollowerState
2019-11-04 16:02:25,379 [e3fb79a3-1f86-42af-a80c-c46d1acdbc29@group-7855C2F36E53-LeaderElection185] INFO  impl.LeaderElection (LeaderElection.java:logAndReturn(56)) - e3fb79a3-1f86-42af-a80c-c46d1acdbc29@group-7855C2F36E53-LeaderElection185: Election REJECTED; received 2 response(s) [e3fb79a3-1f86-42af-a80c-c46d1acdbc29<-81ff859e-e76f-43f5-951a-4a38422068cb#0:FAIL-t201, e3fb79a3-1f86-42af-a80c-c46d1acdbc29<-a9143d84-6d7f-497d-b770-eb75585db3c7#0:FAIL-t201] and 0 exception(s); e3fb79a3-1f86-42af-a80c-c46d1acdbc29@group-7855C2F36E53:t201, leader=null, voted=e3fb79a3-1f86-42af-a80c-c46d1acdbc29, raftlog=e3fb79a3-1f86-42af-a80c-c46d1acdbc29@group-7855C2F36E53-SegmentedRaftLog:OPENED:c-1,f-1,i0, conf=-1: [e3fb79a3-1f86-42af-a80c-c46d1acdbc29:192.168.157.194:44142, 81ff859e-e76f-43f5-951a-4a38422068cb:192.168.157.194:46532, a9143d84-6d7f-497d-b770-eb75585db3c7:192.168.157.194:42126], old=null
2019-11-04 16:02:25,379 [e3fb79a3-1f86-42af-a80c-c46d1acdbc29@group-7855C2F36E53-LeaderElection185] INFO  impl.RaftServerImpl (RaftServerImpl.java:setRole(184)) - e3fb79a3-1f86-42af-a80c-c46d1acdbc29@group-7855C2F36E53: changes role from CANDIDATE to FOLLOWER at term 201 for DISCOVERED_A_NEW_TERM
2019-11-04 16:02:25,379 [e3fb79a3-1f86-42af-a80c-c46d1acdbc29@group-7855C2F36E53-LeaderElection185] INFO  impl.RoleInfo (RoleInfo.java:shutdownLeaderElection(134)) - e3fb79a3-1f86-42af-a80c-c46d1acdbc29: shutdown LeaderElection
2019-11-04 16:02:25,379 [e3fb79a3-1f86-42af-a80c-c46d1acdbc29@group-7855C2F36E53-LeaderElection185] INFO  impl.RoleInfo (RoleInfo.java:updateAndGet(143)) - e3fb79a3-1f86-42af-a80c-c46d1acdbc29: start FollowerState
2019-11-04 16:02:25,502 [Thread-1456] INFO  impl.FollowerState (FollowerState.java:run(108)) - e3fb79a3-1f86-42af-a80c-c46d1acdbc29@group-7855C2F36E53-FollowerState: change to CANDIDATE, lastRpcTime:122ms, electionTimeout:122ms
2019-11-04 16:02:25,502 [Thread-1456] INFO  impl.RoleInfo (RoleInfo.java:shutdownFollowerState(121)) - e3fb79a3-1f86-42af-a80c-c46d1acdbc29: shutdown FollowerState
2019-11-04 16:02:25,502 [Thread-1456] INFO  impl.RaftServerImpl (RaftServerImpl.java:setRole(184)) - e3fb79a3-1f86-42af-a80c-c46d1acdbc29@group-7855C2F36E53: changes role from  FOLLOWER to CANDIDATE at term 201 for changeToCandidate
2019-11-04 16:02:25,502 [Thread-1456] INFO  impl.RoleInfo (RoleInfo.java:updateAndGet(143)) - e3fb79a3-1f86-42af-a80c-c46d1acdbc29: start LeaderElection
2019-11-04 16:02:25,516 [e3fb79a3-1f86-42af-a80c-c46d1acdbc29@group-7855C2F36E53-LeaderElection186] INFO  impl.LeaderElection (LeaderElection.java:askForVotes(178)) - e3fb79a3-1f86-42af-a80c-c46d1acdbc29@group-7855C2F36E53-LeaderElection186: begin an election at term 202 for -1: [e3fb79a3-1f86-42af-a80c-c46d1acdbc29:192.168.157.194:44142, 81ff859e-e76f-43f5-951a-4a38422068cb:192.168.157.194:46532, a9143d84-6d7f-497d-b770-eb75585db3c7:192.168.157.194:42126], old=null
2019-11-04 16:02:25,518 [grpc-default-executor-1] INFO  impl.RaftServerImpl (RaftServerImpl.java:setRole(184)) - 81ff859e-e76f-43f5-951a-4a38422068cb@group-7855C2F36E53: changes role from  FOLLOWER to FOLLOWER at term 202 for recognizeCandidate:e3fb79a3-1f86-42af-a80c-c46d1acdbc29
2019-11-04 16:02:25,518 [grpc-default-executor-4] INFO  impl.RaftServerImpl (RaftServerImpl.java:setRole(184)) - a9143d84-6d7f-497d-b770-eb75585db3c7@group-7855C2F36E53: changes role from  FOLLOWER to FOLLOWER at term 202 for recognizeCandidate:e3fb79a3-1f86-42af-a80c-c46d1acdbc29
2019-11-04 16:02:25,518 [grpc-default-executor-4] INFO  impl.RoleInfo (RoleInfo.java:shutdownFollowerState(121)) - a9143d84-6d7f-497d-b770-eb75585db3c7: shutdown FollowerState
2019-11-04 16:02:25,518 [grpc-default-executor-1] INFO  impl.RoleInfo (RoleInfo.java:shutdownFollowerState(121)) - 81ff859e-e76f-43f5-951a-4a38422068cb: shutdown FollowerState
2019-11-04 16:02:25,519 [Thread-1455] INFO  impl.FollowerState (FollowerState.java:run(117)) - a9143d84-6d7f-497d-b770-eb75585db3c7@group-7855C2F36E53-FollowerState was interrupted: java.lang.InterruptedException: sleep interrupted
2019-11-04 16:02:25,519 [grpc-default-executor-4] INFO  impl.RoleInfo (RoleInfo.java:updateAndGet(143)) - a9143d84-6d7f-497d-b770-eb75585db3c7: start FollowerState
2019-11-04 16:02:25,519 [Thread-1454] INFO  impl.FollowerState (FollowerState.java:run(117)) - 81ff859e-e76f-43f5-951a-4a38422068cb@group-7855C2F36E53-FollowerState was interrupted: java.lang.InterruptedException: sleep interrupted
2019-11-04 16:02:25,519 [grpc-default-executor-1] INFO  impl.RoleInfo (RoleInfo.java:updateAndGet(143)) - 81ff859e-e76f-43f5-951a-4a38422068cb: start FollowerState
2019-11-04 16:02:25,534 [e3fb79a3-1f86-42af-a80c-c46d1acdbc29@group-7855C2F36E53-LeaderElection186] INFO  impl.LeaderElection (LeaderElection.java:logAndReturn(56)) - e3fb79a3-1f86-42af-a80c-c46d1acdbc29@group-7855C2F36E53-LeaderElection186: Election REJECTED; received 2 response(s) [e3fb79a3-1f86-42af-a80c-c46d1acdbc29<-81ff859e-e76f-43f5-951a-4a38422068cb#0:FAIL-t202, e3fb79a3-1f86-42af-a80c-c46d1acdbc29<-a9143d84-6d7f-497d-b770-eb75585db3c7#0:FAIL-t202] and 0 exception(s); e3fb79a3-1f86-42af-a80c-c46d1acdbc29@group-7855C2F36E53:t202, leader=null, voted=e3fb79a3-1f86-42af-a80c-c46d1acdbc29, raftlog=e3fb79a3-1f86-42af-a80c-c46d1acdbc29@group-7855C2F36E53-SegmentedRaftLog:OPENED:c-1,f-1,i0, conf=-1: [e3fb79a3-1f86-42af-a80c-c46d1acdbc29:192.168.157.194:44142, 81ff859e-e76f-43f5-951a-4a38422068cb:192.168.157.194:46532, a9143d84-6d7f-497d-b770-eb75585db3c7:192.168.157.194:42126], old=null
2019-11-04 16:02:25,534 [e3fb79a3-1f86-42af-a80c-c46d1acdbc29@group-7855C2F36E53-LeaderElection186] INFO  impl.RaftServerImpl (RaftServerImpl.java:setRole(184)) - e3fb79a3-1f86-42af-a80c-c46d1acdbc29@group-7855C2F36E53: changes role from CANDIDATE to FOLLOWER at term 202 for DISCOVERED_A_NEW_TERM
2019-11-04 16:02:25,534 [e3fb79a3-1f86-42af-a80c-c46d1acdbc29@group-7855C2F36E53-LeaderElection186] INFO  impl.RoleInfo (RoleInfo.java:shutdownLeaderElection(134)) - e3fb79a3-1f86-42af-a80c-c46d1acdbc29: shutdown LeaderElection
2019-11-04 16:02:25,534 [e3fb79a3-1f86-42af-a80c-c46d1acdbc29@group-7855C2F36E53-LeaderElection186] INFO  impl.RoleInfo (RoleInfo.java:updateAndGet(143)) - e3fb79a3-1f86-42af-a80c-c46d1acdbc29: start FollowerState
2019-11-04 16:02:25,673 [Thread-1462] INFO  impl.FollowerState (FollowerState.java:run(108)) - e3fb79a3-1f86-42af-a80c-c46d1acdbc29@group-7855C2F36E53-FollowerState: change to CANDIDATE, lastRpcTime:138ms, electionTimeout:138ms
2019-11-04 16:02:25,673 [Thread-1462] INFO  impl.RoleInfo (RoleInfo.java:shutdownFollowerState(121)) - e3fb79a3-1f86-42af-a80c-c46d1acdbc29: shutdown FollowerState
2019-11-04 16:02:25,673 [Thread-1462] INFO  impl.RaftServerImpl (RaftServerImpl.java:setRole(184)) - e3fb79a3-1f86-42af-a80c-c46d1acdbc29@group-7855C2F36E53: changes role from  FOLLOWER to CANDIDATE at term 202 for changeToCandidate
2019-11-04 16:02:25,673 [Thread-1462] INFO  impl.RoleInfo (RoleInfo.java:updateAndGet(143)) - e3fb79a3-1f86-42af-a80c-c46d1acdbc29: start LeaderElection
2019-11-04 16:02:25,687 [e3fb79a3-1f86-42af-a80c-c46d1acdbc29@group-7855C2F36E53-LeaderElection187] INFO  impl.LeaderElection (LeaderElection.java:askForVotes(178)) - e3fb79a3-1f86-42af-a80c-c46d1acdbc29@group-7855C2F36E53-LeaderElection187: begin an election at term 203 for -1: [e3fb79a3-1f86-42af-a80c-c46d1acdbc29:192.168.157.194:44142, 81ff859e-e76f-43f5-951a-4a38422068cb:192.168.157.194:46532, a9143d84-6d7f-497d-b770-eb75585db3c7:192.168.157.194:42126], old=null
2019-11-04 16:02:25,688 [grpc-default-executor-1] INFO  impl.RaftServerImpl (RaftServerImpl.java:setRole(184)) - 81ff859e-e76f-43f5-951a-4a38422068cb@group-7855C2F36E53: changes role from  FOLLOWER to FOLLOWER at term 203 for recognizeCandidate:e3fb79a3-1f86-42af-a80c-c46d1acdbc29
2019-11-04 16:02:25,689 [grpc-default-executor-1] INFO  impl.RoleInfo (RoleInfo.java:shutdownFollowerState(121)) - 81ff859e-e76f-43f5-951a-4a38422068cb: shutdown FollowerState
2019-11-04 16:02:25,689 [grpc-default-executor-4] INFO  impl.RaftServerImpl (RaftServerImpl.java:setRole(184)) - a9143d84-6d7f-497d-b770-eb75585db3c7@group-7855C2F36E53: changes role from  FOLLOWER to FOLLOWER at term 203 for recognizeCandidate:e3fb79a3-1f86-42af-a80c-c46d1acdbc29
2019-11-04 16:02:25,689 [grpc-default-executor-4] INFO  impl.RoleInfo (RoleInfo.java:shutdownFollowerState(121)) - a9143d84-6d7f-497d-b770-eb75585db3c7: shutdown FollowerState
2019-11-04 16:02:25,689 [Thread-1461] INFO  impl.FollowerState (FollowerState.java:run(117)) - 81ff859e-e76f-43f5-951a-4a38422068cb@group-7855C2F36E53-FollowerState was interrupted: java.lang.InterruptedException: sleep interrupted
2019-11-04 16:02:25,689 [grpc-default-executor-1] INFO  impl.RoleInfo (RoleInfo.java:updateAndGet(143)) - 81ff859e-e76f-43f5-951a-4a38422068cb: start FollowerState
2019-11-04 16:02:25,689 [Thread-1460] INFO  impl.FollowerState (FollowerState.java:run(117)) - a9143d84-6d7f-497d-b770-eb75585db3c7@group-7855C2F36E53-FollowerState was interrupted: java.lang.InterruptedException: sleep interrupted
2019-11-04 16:02:25,689 [grpc-default-executor-4] INFO  impl.RoleInfo (RoleInfo.java:updateAndGet(143)) - a9143d84-6d7f-497d-b770-eb75585db3c7: start FollowerState
2019-11-04 16:02:25,705 [e3fb79a3-1f86-42af-a80c-c46d1acdbc29@group-7855C2F36E53-LeaderElection187] INFO  impl.LeaderElection (LeaderElection.java:logAndReturn(56)) - e3fb79a3-1f86-42af-a80c-c46d1acdbc29@group-7855C2F36E53-LeaderElection187: Election REJECTED; received 2 response(s) [e3fb79a3-1f86-42af-a80c-c46d1acdbc29<-81ff859e-e76f-43f5-951a-4a38422068cb#0:FAIL-t203, e3fb79a3-1f86-42af-a80c-c46d1acdbc29<-a9143d84-6d7f-497d-b770-eb75585db3c7#0:FAIL-t203] and 0 exception(s); e3fb79a3-1f86-42af-a80c-c46d1acdbc29@group-7855C2F36E53:t203, leader=null, voted=e3fb79a3-1f86-42af-a80c-c46d1acdbc29, raftlog=e3fb79a3-1f86-42af-a80c-c46d1acdbc29@group-7855C2F36E53-SegmentedRaftLog:OPENED:c-1,f-1,i0, conf=-1: [e3fb79a3-1f86-42af-a80c-c46d1acdbc29:192.168.157.194:44142, 81ff859e-e76f-43f5-951a-4a38422068cb:192.168.157.194:46532, a9143d84-6d7f-497d-b770-eb75585db3c7:192.168.157.194:42126], old=null
2019-11-04 16:02:25,705 [e3fb79a3-1f86-42af-a80c-c46d1acdbc29@group-7855C2F36E53-LeaderElection187] INFO  impl.RaftServerImpl (RaftServerImpl.java:setRole(184)) - e3fb79a3-1f86-42af-a80c-c46d1acdbc29@group-7855C2F36E53: changes role from CANDIDATE to FOLLOWER at term 203 for DISCOVERED_A_NEW_TERM
2019-11-04 16:02:25,705 [e3fb79a3-1f86-42af-a80c-c46d1acdbc29@group-7855C2F36E53-LeaderElection187] INFO  impl.RoleInfo (RoleInfo.java:shutdownLeaderElection(134)) - e3fb79a3-1f86-42af-a80c-c46d1acdbc29: shutdown LeaderElection
2019-11-04 16:02:25,705 [e3fb79a3-1f86-42af-a80c-c46d1acdbc29@group-7855C2F36E53-LeaderElection187] INFO  impl.RoleInfo (RoleInfo.java:updateAndGet(143)) - e3fb79a3-1f86-42af-a80c-c46d1acdbc29: start FollowerState
2019-11-04 16:02:25,878 [Thread-1468] INFO  impl.FollowerState (FollowerState.java:run(108)) - e3fb79a3-1f86-42af-a80c-c46d1acdbc29@group-7855C2F36E53-FollowerState: change to CANDIDATE, lastRpcTime:172ms, electionTimeout:172ms
2019-11-04 16:02:25,878 [Thread-1468] INFO  impl.RoleInfo (RoleInfo.java:shutdownFollowerState(121)) - e3fb79a3-1f86-42af-a80c-c46d1acdbc29: shutdown FollowerState
2019-11-04 16:02:25,878 [Thread-1468] INFO  impl.RaftServerImpl (RaftServerImpl.java:setRole(184)) - e3fb79a3-1f86-42af-a80c-c46d1acdbc29@group-7855C2F36E53: changes role from  FOLLOWER to CANDIDATE at term 203 for changeToCandidate
2019-11-04 16:02:25,878 [Thread-1468] INFO  impl.RoleInfo (RoleInfo.java:updateAndGet(143)) - e3fb79a3-1f86-42af-a80c-c46d1acdbc29: start LeaderElection
2019-11-04 16:02:25,904 [e3fb79a3-1f86-42af-a80c-c46d1acdbc29@group-7855C2F36E53-LeaderElection188] INFO  impl.LeaderElection (LeaderElection.java:askForVotes(178)) - e3fb79a3-1f86-42af-a80c-c46d1acdbc29@group-7855C2F36E53-LeaderElection188: begin an election at term 204 for -1: [e3fb79a3-1f86-42af-a80c-c46d1acdbc29:192.168.157.194:44142, 81ff859e-e76f-43f5-951a-4a38422068cb:192.168.157.194:46532, a9143d84-6d7f-497d-b770-eb75585db3c7:192.168.157.194:42126], old=null
2019-11-04 16:02:25,907 [grpc-default-executor-1] INFO  impl.RaftServerImpl (RaftServerImpl.java:setRole(184)) - a9143d84-6d7f-497d-b770-eb75585db3c7@group-7855C2F36E53: changes role from  FOLLOWER to FOLLOWER at term 204 for recognizeCandidate:e3fb79a3-1f86-42af-a80c-c46d1acdbc29
2019-11-04 16:02:25,907 [grpc-default-executor-4] INFO  impl.RaftServerImpl (RaftServerImpl.java:setRole(184)) - 81ff859e-e76f-43f5-951a-4a38422068cb@group-7855C2F36E53: changes role from  FOLLOWER to FOLLOWER at term 204 for recognizeCandidate:e3fb79a3-1f86-42af-a80c-c46d1acdbc29
2019-11-04 16:02:25,907 [grpc-default-executor-1] INFO  impl.RoleInfo (RoleInfo.java:shutdownFollowerState(121)) - a9143d84-6d7f-497d-b770-eb75585db3c7: shutdown FollowerState
2019-11-04 16:02:25,908 [grpc-default-executor-4] INFO  impl.RoleInfo (RoleInfo.java:shutdownFollowerState(121)) - 81ff859e-e76f-43f5-951a-4a38422068cb: shutdown FollowerState
2019-11-04 16:02:25,908 [Thread-1467] INFO  impl.FollowerState (FollowerState.java:run(117)) - a9143d84-6d7f-497d-b770-eb75585db3c7@group-7855C2F36E53-FollowerState was interrupted: java.lang.InterruptedException: sleep interrupted
2019-11-04 16:02:25,908 [grpc-default-executor-1] INFO  impl.RoleInfo (RoleInfo.java:updateAndGet(143)) - a9143d84-6d7f-497d-b770-eb75585db3c7: start FollowerState
2019-11-04 16:02:25,908 [grpc-default-executor-4] INFO  impl.RoleInfo (RoleInfo.java:updateAndGet(143)) - 81ff859e-e76f-43f5-951a-4a38422068cb: start FollowerState
2019-11-04 16:02:25,908 [Thread-1466] INFO  impl.FollowerState (FollowerState.java:run(117)) - 81ff859e-e76f-43f5-951a-4a38422068cb@group-7855C2F36E53-FollowerState was interrupted: java.lang.InterruptedException: sleep interrupted
2019-11-04 16:02:25,924 [e3fb79a3-1f86-42af-a80c-c46d1acdbc29@group-7855C2F36E53-LeaderElection188] INFO  impl.LeaderElection (LeaderElection.java:logAndReturn(56)) - e3fb79a3-1f86-42af-a80c-c46d1acdbc29@group-7855C2F36E53-LeaderElection188: Election REJECTED; received 2 response(s) [e3fb79a3-1f86-42af-a80c-c46d1acdbc29<-81ff859e-e76f-43f5-951a-4a38422068cb#0:FAIL-t204, e3fb79a3-1f86-42af-a80c-c46d1acdbc29<-a9143d84-6d7f-497d-b770-eb75585db3c7#0:FAIL-t204] and 0 exception(s); e3fb79a3-1f86-42af-a80c-c46d1acdbc29@group-7855C2F36E53:t204, leader=null, voted=e3fb79a3-1f86-42af-a80c-c46d1acdbc29, raftlog=e3fb79a3-1f86-42af-a80c-c46d1acdbc29@group-7855C2F36E53-SegmentedRaftLog:OPENED:c-1,f-1,i0, conf=-1: [e3fb79a3-1f86-42af-a80c-c46d1acdbc29:192.168.157.194:44142, 81ff859e-e76f-43f5-951a-4a38422068cb:192.168.157.194:46532, a9143d84-6d7f-497d-b770-eb75585db3c7:192.168.157.194:42126], old=null
2019-11-04 16:02:25,924 [e3fb79a3-1f86-42af-a80c-c46d1acdbc29@group-7855C2F36E53-LeaderElection188] INFO  impl.RaftServerImpl (RaftServerImpl.java:setRole(184)) - e3fb79a3-1f86-42af-a80c-c46d1acdbc29@group-7855C2F36E53: changes role from CANDIDATE to FOLLOWER at term 204 for DISCOVERED_A_NEW_TERM
2019-11-04 16:02:25,925 [e3fb79a3-1f86-42af-a80c-c46d1acdbc29@group-7855C2F36E53-LeaderElection188] INFO  impl.RoleInfo (RoleInfo.java:shutdownLeaderElection(134)) - e3fb79a3-1f86-42af-a80c-c46d1acdbc29: shutdown LeaderElection
2019-11-04 16:02:25,925 [e3fb79a3-1f86-42af-a80c-c46d1acdbc29@group-7855C2F36E53-LeaderElection188] INFO  impl.RoleInfo (RoleInfo.java:updateAndGet(143)) - e3fb79a3-1f86-42af-a80c-c46d1acdbc29: start FollowerState
2019-11-04 16:02:26,074 [Thread-1474] INFO  impl.FollowerState (FollowerState.java:run(108)) - e3fb79a3-1f86-42af-a80c-c46d1acdbc29@group-7855C2F36E53-FollowerState: change to CANDIDATE, lastRpcTime:149ms, electionTimeout:149ms
2019-11-04 16:02:26,074 [Thread-1474] INFO  impl.RoleInfo (RoleInfo.java:shutdownFollowerState(121)) - e3fb79a3-1f86-42af-a80c-c46d1acdbc29: shutdown FollowerState
2019-11-04 16:02:26,075 [Thread-1474] INFO  impl.RaftServerImpl (RaftServerImpl.java:setRole(184)) - e3fb79a3-1f86-42af-a80c-c46d1acdbc29@group-7855C2F36E53: changes role from  FOLLOWER to CANDIDATE at term 204 for changeToCandidate
2019-11-04 16:02:26,075 [Thread-1474] INFO  impl.RoleInfo (RoleInfo.java:updateAndGet(143)) - e3fb79a3-1f86-42af-a80c-c46d1acdbc29: start LeaderElection
2019-11-04 16:02:26,104 [e3fb79a3-1f86-42af-a80c-c46d1acdbc29@group-7855C2F36E53-LeaderElection189] INFO  impl.LeaderElection (LeaderElection.java:askForVotes(178)) - e3fb79a3-1f86-42af-a80c-c46d1acdbc29@group-7855C2F36E53-LeaderElection189: begin an election at term 205 for -1: [e3fb79a3-1f86-42af-a80c-c46d1acdbc29:192.168.157.194:44142, 81ff859e-e76f-43f5-951a-4a38422068cb:192.168.157.194:46532, a9143d84-6d7f-497d-b770-eb75585db3c7:192.168.157.194:42126], old=null
2019-11-04 16:02:26,107 [grpc-default-executor-1] INFO  impl.RaftServerImpl (RaftServerImpl.java:setRole(184)) - 81ff859e-e76f-43f5-951a-4a38422068cb@group-7855C2F36E53: changes role from  FOLLOWER to FOLLOWER at term 205 for recognizeCandidate:e3fb79a3-1f86-42af-a80c-c46d1acdbc29
2019-11-04 16:02:26,108 [grpc-default-executor-1] INFO  impl.RoleInfo (RoleInfo.java:shutdownFollowerState(121)) - 81ff859e-e76f-43f5-951a-4a38422068cb: shutdown FollowerState
2019-11-04 16:02:26,108 [grpc-default-executor-4] INFO  impl.RaftServerImpl (RaftServerImpl.java:setRole(184)) - a9143d84-6d7f-497d-b770-eb75585db3c7@group-7855C2F36E53: changes role from  FOLLOWER to FOLLOWER at term 205 for recognizeCandidate:e3fb79a3-1f86-42af-a80c-c46d1acdbc29
2019-11-04 16:02:26,108 [grpc-default-executor-4] INFO  impl.RoleInfo (RoleInfo.java:shutdownFollowerState(121)) - a9143d84-6d7f-497d-b770-eb75585db3c7: shutdown FollowerState
2019-11-04 16:02:26,108 [Thread-1473] INFO  impl.FollowerState (FollowerState.java:run(117)) - 81ff859e-e76f-43f5-951a-4a38422068cb@group-7855C2F36E53-FollowerState was interrupted: java.lang.InterruptedException: sleep interrupted
2019-11-04 16:02:26,108 [grpc-default-executor-1] INFO  impl.RoleInfo (RoleInfo.java:updateAndGet(143)) - 81ff859e-e76f-43f5-951a-4a38422068cb: start FollowerState
2019-11-04 16:02:26,108 [Thread-1472] INFO  impl.FollowerState (FollowerState.java:run(117)) - a9143d84-6d7f-497d-b770-eb75585db3c7@group-7855C2F36E53-FollowerState was interrupted: java.lang.InterruptedException: sleep interrupted
2019-11-04 16:02:26,108 [grpc-default-executor-4] INFO  impl.RoleInfo (RoleInfo.java:updateAndGet(143)) - a9143d84-6d7f-497d-b770-eb75585db3c7: start FollowerState
2019-11-04 16:02:26,121 [e3fb79a3-1f86-42af-a80c-c46d1acdbc29@group-7855C2F36E53-LeaderElection189] INFO  impl.LeaderElection (LeaderElection.java:logAndReturn(56)) - e3fb79a3-1f86-42af-a80c-c46d1acdbc29@group-7855C2F36E53-LeaderElection189: Election REJECTED; received 2 response(s) [e3fb79a3-1f86-42af-a80c-c46d1acdbc29<-81ff859e-e76f-43f5-951a-4a38422068cb#0:FAIL-t205, e3fb79a3-1f86-42af-a80c-c46d1acdbc29<-a9143d84-6d7f-497d-b770-eb75585db3c7#0:FAIL-t205] and 0 exception(s); e3fb79a3-1f86-42af-a80c-c46d1acdbc29@group-7855C2F36E53:t205, leader=null, voted=e3fb79a3-1f86-42af-a80c-c46d1acdbc29, raftlog=e3fb79a3-1f86-42af-a80c-c46d1acdbc29@group-7855C2F36E53-SegmentedRaftLog:OPENED:c-1,f-1,i0, conf=-1: [e3fb79a3-1f86-42af-a80c-c46d1acdbc29:192.168.157.194:44142, 81ff859e-e76f-43f5-951a-4a38422068cb:192.168.157.194:46532, a9143d84-6d7f-497d-b770-eb75585db3c7:192.168.157.194:42126], old=null
2019-11-04 16:02:26,121 [e3fb79a3-1f86-42af-a80c-c46d1acdbc29@group-7855C2F36E53-LeaderElection189] INFO  impl.RaftServerImpl (RaftServerImpl.java:setRole(184)) - e3fb79a3-1f86-42af-a80c-c46d1acdbc29@group-7855C2F36E53: changes role from CANDIDATE to FOLLOWER at term 205 for DISCOVERED_A_NEW_TERM
2019-11-04 16:02:26,122 [e3fb79a3-1f86-42af-a80c-c46d1acdbc29@group-7855C2F36E53-LeaderElection189] INFO  impl.RoleInfo (RoleInfo.java:shutdownLeaderElection(134)) - e3fb79a3-1f86-42af-a80c-c46d1acdbc29: shutdown LeaderElection
2019-11-04 16:02:26,122 [e3fb79a3-1f86-42af-a80c-c46d1acdbc29@group-7855C2F36E53-LeaderElection189] INFO  impl.RoleInfo (RoleInfo.java:updateAndGet(143)) - e3fb79a3-1f86-42af-a80c-c46d1acdbc29: start FollowerState
2019-11-04 16:02:26,213 [Thread-1480] INFO  impl.FollowerState (FollowerState.java:run(108)) - e3fb79a3-1f86-42af-a80c-c46d1acdbc29@group-7855C2F36E53-FollowerState: change to CANDIDATE, lastRpcTime:91ms, electionTimeout:91ms
2019-11-04 16:02:26,213 [Thread-1480] INFO  impl.RoleInfo (RoleInfo.java:shutdownFollowerState(121)) - e3fb79a3-1f86-42af-a80c-c46d1acdbc29: shutdown FollowerState
2019-11-04 16:02:26,214 [Thread-1480] INFO  impl.RaftServerImpl (RaftServerImpl.java:setRole(184)) - e3fb79a3-1f86-42af-a80c-c46d1acdbc29@group-7855C2F36E53: changes role from  FOLLOWER to CANDIDATE at term 205 for changeToCandidate
2019-11-04 16:02:26,214 [Thread-1480] INFO  impl.RoleInfo (RoleInfo.java:updateAndGet(143)) - e3fb79a3-1f86-42af-a80c-c46d1acdbc29: start LeaderElection
2019-11-04 16:02:26,227 [e3fb79a3-1f86-42af-a80c-c46d1acdbc29@group-7855C2F36E53-LeaderElection190] INFO  impl.LeaderElection (LeaderElection.java:askForVotes(178)) - e3fb79a3-1f86-42af-a80c-c46d1acdbc29@group-7855C2F36E53-LeaderElection190: begin an election at term 206 for -1: [e3fb79a3-1f86-42af-a80c-c46d1acdbc29:192.168.157.194:44142, 81ff859e-e76f-43f5-951a-4a38422068cb:192.168.157.194:46532, a9143d84-6d7f-497d-b770-eb75585db3c7:192.168.157.194:42126], old=null
2019-11-04 16:02:26,230 [grpc-default-executor-1] INFO  impl.RaftServerImpl (RaftServerImpl.java:setRole(184)) - 81ff859e-e76f-43f5-951a-4a38422068cb@group-7855C2F36E53: changes role from  FOLLOWER to FOLLOWER at term 206 for recognizeCandidate:e3fb79a3-1f86-42af-a80c-c46d1acdbc29
2019-11-04 16:02:26,230 [grpc-default-executor-1] INFO  impl.RoleInfo (RoleInfo.java:shutdownFollowerState(121)) - 81ff859e-e76f-43f5-951a-4a38422068cb: shutdown FollowerState
2019-11-04 16:02:26,230 [grpc-default-executor-1] INFO  impl.RoleInfo (RoleInfo.java:updateAndGet(143)) - 81ff859e-e76f-43f5-951a-4a38422068cb: start FollowerState
2019-11-04 16:02:26,230 [Thread-1478] INFO  impl.FollowerState (FollowerState.java:run(117)) - 81ff859e-e76f-43f5-951a-4a38422068cb@group-7855C2F36E53-FollowerState was interrupted: java.lang.InterruptedException: sleep interrupted
2019-11-04 16:02:26,231 [grpc-default-executor-4] INFO  impl.RaftServerImpl (RaftServerImpl.java:setRole(184)) - a9143d84-6d7f-497d-b770-eb75585db3c7@group-7855C2F36E53: changes role from  FOLLOWER to FOLLOWER at term 206 for recognizeCandidate:e3fb79a3-1f86-42af-a80c-c46d1acdbc29
2019-11-04 16:02:26,231 [grpc-default-executor-4] INFO  impl.RoleInfo (RoleInfo.java:shutdownFollowerState(121)) - a9143d84-6d7f-497d-b770-eb75585db3c7: shutdown FollowerState
2019-11-04 16:02:26,231 [grpc-default-executor-4] INFO  impl.RoleInfo (RoleInfo.java:updateAndGet(143)) - a9143d84-6d7f-497d-b770-eb75585db3c7: start FollowerState
2019-11-04 16:02:26,231 [Thread-1479] INFO  impl.FollowerState (FollowerState.java:run(117)) - a9143d84-6d7f-497d-b770-eb75585db3c7@group-7855C2F36E53-FollowerState was interrupted: java.lang.InterruptedException: sleep interrupted
2019-11-04 16:02:26,233 [e3fb79a3-1f86-42af-a80c-c46d1acdbc29@group-7855C2F36E53-LeaderElection190] INFO  impl.LeaderElection (LeaderElection.java:logAndReturn(56)) - e3fb79a3-1f86-42af-a80c-c46d1acdbc29@group-7855C2F36E53-LeaderElection190: Election TIMEOUT; received 0 response(s) [] and 0 exception(s); e3fb79a3-1f86-42af-a80c-c46d1acdbc29@group-7855C2F36E53:t206, leader=null, voted=e3fb79a3-1f86-42af-a80c-c46d1acdbc29, raftlog=e3fb79a3-1f86-42af-a80c-c46d1acdbc29@group-7855C2F36E53-SegmentedRaftLog:OPENED:c-1,f-1,i0, conf=-1: [e3fb79a3-1f86-42af-a80c-c46d1acdbc29:192.168.157.194:44142, 81ff859e-e76f-43f5-951a-4a38422068cb:192.168.157.194:46532, a9143d84-6d7f-497d-b770-eb75585db3c7:192.168.157.194:42126], old=null
2019-11-04 16:02:26,256 [e3fb79a3-1f86-42af-a80c-c46d1acdbc29@group-7855C2F36E53-LeaderElection190] INFO  impl.LeaderElection (LeaderElection.java:askForVotes(178)) - e3fb79a3-1f86-42af-a80c-c46d1acdbc29@group-7855C2F36E53-LeaderElection190: begin an election at term 207 for -1: [e3fb79a3-1f86-42af-a80c-c46d1acdbc29:192.168.157.194:44142, 81ff859e-e76f-43f5-951a-4a38422068cb:192.168.157.194:46532, a9143d84-6d7f-497d-b770-eb75585db3c7:192.168.157.194:42126], old=null
2019-11-04 16:02:26,258 [grpc-default-executor-4] INFO  impl.RaftServerImpl (RaftServerImpl.java:setRole(184)) - 81ff859e-e76f-43f5-951a-4a38422068cb@group-7855C2F36E53: changes role from  FOLLOWER to FOLLOWER at term 207 for recognizeCandidate:e3fb79a3-1f86-42af-a80c-c46d1acdbc29
2019-11-04 16:02:26,259 [grpc-default-executor-4] INFO  impl.RoleInfo (RoleInfo.java:shutdownFollowerState(121)) - 81ff859e-e76f-43f5-951a-4a38422068cb: shutdown FollowerState
2019-11-04 16:02:26,259 [grpc-default-executor-4] INFO  impl.RoleInfo (RoleInfo.java:updateAndGet(143)) - 81ff859e-e76f-43f5-951a-4a38422068cb: start FollowerState
2019-11-04 16:02:26,259 [Thread-1486] INFO  impl.FollowerState (FollowerState.java:run(117)) - 81ff859e-e76f-43f5-951a-4a38422068cb@group-7855C2F36E53-FollowerState was interrupted: java.lang.InterruptedException: sleep interrupted
2019-11-04 16:02:26,259 [grpc-default-executor-1] INFO  impl.RaftServerImpl (RaftServerImpl.java:setRole(184)) - a9143d84-6d7f-497d-b770-eb75585db3c7@group-7855C2F36E53: changes role from  FOLLOWER to FOLLOWER at term 207 for recognizeCandidate:e3fb79a3-1f86-42af-a80c-c46d1acdbc29
2019-11-04 16:02:26,259 [grpc-default-executor-1] INFO  impl.RoleInfo (RoleInfo.java:shutdownFollowerState(121)) - a9143d84-6d7f-497d-b770-eb75585db3c7: shutdown FollowerState
2019-11-04 16:02:26,259 [grpc-default-executor-1] INFO  impl.RoleInfo (RoleInfo.java:updateAndGet(143)) - a9143d84-6d7f-497d-b770-eb75585db3c7: start FollowerState
2019-11-04 16:02:26,259 [Thread-1487] INFO  impl.FollowerState (FollowerState.java:run(117)) - a9143d84-6d7f-497d-b770-eb75585db3c7@group-7855C2F36E53-FollowerState was interrupted: java.lang.InterruptedException: sleep interrupted
2019-11-04 16:02:26,265 [e3fb79a3-1f86-42af-a80c-c46d1acdbc29@group-7855C2F36E53-LeaderElection190] INFO  impl.LeaderElection (LeaderElection.java:logAndReturn(56)) - e3fb79a3-1f86-42af-a80c-c46d1acdbc29@group-7855C2F36E53-LeaderElection190: Election TIMEOUT; received 0 response(s) [] and 0 exception(s); e3fb79a3-1f86-42af-a80c-c46d1acdbc29@group-7855C2F36E53:t207, leader=null, voted=e3fb79a3-1f86-42af-a80c-c46d1acdbc29, raftlog=e3fb79a3-1f86-42af-a80c-c46d1acdbc29@group-7855C2F36E53-SegmentedRaftLog:OPENED:c-1,f-1,i0, conf=-1: [e3fb79a3-1f86-42af-a80c-c46d1acdbc29:192.168.157.194:44142, 81ff859e-e76f-43f5-951a-4a38422068cb:192.168.157.194:46532, a9143d84-6d7f-497d-b770-eb75585db3c7:192.168.157.194:42126], old=null
2019-11-04 16:02:26,273 [e3fb79a3-1f86-42af-a80c-c46d1acdbc29@group-7855C2F36E53-LeaderElection190] INFO  impl.LeaderElection (LeaderElection.java:askForVotes(178)) - e3fb79a3-1f86-42af-a80c-c46d1acdbc29@group-7855C2F36E53-LeaderElection190: begin an election at term 208 for -1: [e3fb79a3-1f86-42af-a80c-c46d1acdbc29:192.168.157.194:44142, 81ff859e-e76f-43f5-951a-4a38422068cb:192.168.157.194:46532, a9143d84-6d7f-497d-b770-eb75585db3c7:192.168.157.194:42126], old=null
2019-11-04 16:02:26,275 [grpc-default-executor-4] INFO  impl.RaftServerImpl (RaftServerImpl.java:setRole(184)) - 81ff859e-e76f-43f5-951a-4a38422068cb@group-7855C2F36E53: changes role from  FOLLOWER to FOLLOWER at term 208 for recognizeCandidate:e3fb79a3-1f86-42af-a80c-c46d1acdbc29
2019-11-04 16:02:26,275 [grpc-default-executor-4] INFO  impl.RoleInfo (RoleInfo.java:shutdownFollowerState(121)) - 81ff859e-e76f-43f5-951a-4a38422068cb: shutdown FollowerState
2019-11-04 16:02:26,275 [grpc-default-executor-4] INFO  impl.RoleInfo (RoleInfo.java:updateAndGet(143)) - 81ff859e-e76f-43f5-951a-4a38422068cb: start FollowerState
2019-11-04 16:02:26,275 [Thread-1490] INFO  impl.FollowerState (FollowerState.java:run(117)) - 81ff859e-e76f-43f5-951a-4a38422068cb@group-7855C2F36E53-FollowerState was interrupted: java.lang.InterruptedException: sleep interrupted
2019-11-04 16:02:26,276 [grpc-default-executor-1] INFO  impl.RaftServerImpl (RaftServerImpl.java:setRole(184)) - a9143d84-6d7f-497d-b770-eb75585db3c7@group-7855C2F36E53: changes role from  FOLLOWER to FOLLOWER at term 208 for recognizeCandidate:e3fb79a3-1f86-42af-a80c-c46d1acdbc29
2019-11-04 16:02:26,276 [grpc-default-executor-1] INFO  impl.RoleInfo (RoleInfo.java:shutdownFollowerState(121)) - a9143d84-6d7f-497d-b770-eb75585db3c7: shutdown FollowerState
2019-11-04 16:02:26,276 [grpc-default-executor-1] INFO  impl.RoleInfo (RoleInfo.java:updateAndGet(143)) - a9143d84-6d7f-497d-b770-eb75585db3c7: start FollowerState
2019-11-04 16:02:26,276 [Thread-1491] INFO  impl.FollowerState (FollowerState.java:run(117)) - a9143d84-6d7f-497d-b770-eb75585db3c7@group-7855C2F36E53-FollowerState was interrupted: java.lang.InterruptedException: sleep interrupted
2019-11-04 16:02:26,301 [e3fb79a3-1f86-42af-a80c-c46d1acdbc29@group-7855C2F36E53-LeaderElection190] INFO  impl.LeaderElection (LeaderElection.java:logAndReturn(56)) - e3fb79a3-1f86-42af-a80c-c46d1acdbc29@group-7855C2F36E53-LeaderElection190: Election REJECTED; received 2 response(s) [e3fb79a3-1f86-42af-a80c-c46d1acdbc29<-81ff859e-e76f-43f5-951a-4a38422068cb#0:FAIL-t208, e3fb79a3-1f86-42af-a80c-c46d1acdbc29<-a9143d84-6d7f-497d-b770-eb75585db3c7#0:FAIL-t208] and 0 exception(s); e3fb79a3-1f86-42af-a80c-c46d1acdbc29@group-7855C2F36E53:t208, leader=null, voted=e3fb79a3-1f86-42af-a80c-c46d1acdbc29, raftlog=e3fb79a3-1f86-42af-a80c-c46d1acdbc29@group-7855C2F36E53-SegmentedRaftLog:OPENED:c-1,f-1,i0, conf=-1: [e3fb79a3-1f86-42af-a80c-c46d1acdbc29:192.168.157.194:44142, 81ff859e-e76f-43f5-951a-4a38422068cb:192.168.157.194:46532, a9143d84-6d7f-497d-b770-eb75585db3c7:192.168.157.194:42126], old=null
2019-11-04 16:02:26,301 [e3fb79a3-1f86-42af-a80c-c46d1acdbc29@group-7855C2F36E53-LeaderElection190] INFO  impl.RaftServerImpl (RaftServerImpl.java:setRole(184)) - e3fb79a3-1f86-42af-a80c-c46d1acdbc29@group-7855C2F36E53: changes role from CANDIDATE to FOLLOWER at term 208 for DISCOVERED_A_NEW_TERM
2019-11-04 16:02:26,301 [e3fb79a3-1f86-42af-a80c-c46d1acdbc29@group-7855C2F36E53-LeaderElection190] INFO  impl.RoleInfo (RoleInfo.java:shutdownLeaderElection(134)) - e3fb79a3-1f86-42af-a80c-c46d1acdbc29: shutdown LeaderElection
2019-11-04 16:02:26,302 [e3fb79a3-1f86-42af-a80c-c46d1acdbc29@group-7855C2F36E53-LeaderElection190] INFO  impl.RoleInfo (RoleInfo.java:updateAndGet(143)) - e3fb79a3-1f86-42af-a80c-c46d1acdbc29: start FollowerState
2019-11-04 16:02:26,447 [Thread-1496] INFO  impl.FollowerState (FollowerState.java:run(108)) - e3fb79a3-1f86-42af-a80c-c46d1acdbc29@group-7855C2F36E53-FollowerState: change to CANDIDATE, lastRpcTime:145ms, electionTimeout:145ms
2019-11-04 16:02:26,447 [Thread-1496] INFO  impl.RoleInfo (RoleInfo.java:shutdownFollowerState(121)) - e3fb79a3-1f86-42af-a80c-c46d1acdbc29: shutdown FollowerState
2019-11-04 16:02:26,447 [Thread-1496] INFO  impl.RaftServerImpl (RaftServerImpl.java:setRole(184)) - e3fb79a3-1f86-42af-a80c-c46d1acdbc29@group-7855C2F36E53: changes role from  FOLLOWER to CANDIDATE at term 208 for changeToCandidate
2019-11-04 16:02:26,448 [Thread-1496] INFO  impl.RoleInfo (RoleInfo.java:updateAndGet(143)) - e3fb79a3-1f86-42af-a80c-c46d1acdbc29: start LeaderElection
2019-11-04 16:02:26,474 [e3fb79a3-1f86-42af-a80c-c46d1acdbc29@group-7855C2F36E53-LeaderElection191] INFO  impl.LeaderElection (LeaderElection.java:askForVotes(178)) - e3fb79a3-1f86-42af-a80c-c46d1acdbc29@group-7855C2F36E53-LeaderElection191: begin an election at term 209 for -1: [e3fb79a3-1f86-42af-a80c-c46d1acdbc29:192.168.157.194:44142, 81ff859e-e76f-43f5-951a-4a38422068cb:192.168.157.194:46532, a9143d84-6d7f-497d-b770-eb75585db3c7:192.168.157.194:42126], old=null
2019-11-04 16:02:26,477 [grpc-default-executor-1] INFO  impl.RaftServerImpl (RaftServerImpl.java:setRole(184)) - 81ff859e-e76f-43f5-951a-4a38422068cb@group-7855C2F36E53: changes role from  FOLLOWER to FOLLOWER at term 209 for recognizeCandidate:e3fb79a3-1f86-42af-a80c-c46d1acdbc29
2019-11-04 16:02:26,477 [grpc-default-executor-1] INFO  impl.RoleInfo (RoleInfo.java:shutdownFollowerState(121)) - 81ff859e-e76f-43f5-951a-4a38422068cb: shutdown FollowerState
2019-11-04 16:02:26,477 [grpc-default-executor-4] INFO  impl.RaftServerImpl (RaftServerImpl.java:setRole(184)) - a9143d84-6d7f-497d-b770-eb75585db3c7@group-7855C2F36E53: changes role from  FOLLOWER to FOLLOWER at term 209 for recognizeCandidate:e3fb79a3-1f86-42af-a80c-c46d1acdbc29
2019-11-04 16:02:26,477 [Thread-1494] INFO  impl.FollowerState (FollowerState.java:run(117)) - 81ff859e-e76f-43f5-951a-4a38422068cb@group-7855C2F36E53-FollowerState was interrupted: java.lang.InterruptedException: sleep interrupted
2019-11-04 16:02:26,477 [grpc-default-executor-1] INFO  impl.RoleInfo (RoleInfo.java:updateAndGet(143)) - 81ff859e-e76f-43f5-951a-4a38422068cb: start FollowerState
2019-11-04 16:02:26,477 [grpc-default-executor-4] INFO  impl.RoleInfo (RoleInfo.java:shutdownFollowerState(121)) - a9143d84-6d7f-497d-b770-eb75585db3c7: shutdown FollowerState
2019-11-04 16:02:26,478 [grpc-default-executor-4] INFO  impl.RoleInfo (RoleInfo.java:updateAndGet(143)) - a9143d84-6d7f-497d-b770-eb75585db3c7: start FollowerState
2019-11-04 16:02:26,478 [Thread-1495] INFO  impl.FollowerState (FollowerState.java:run(117)) - a9143d84-6d7f-497d-b770-eb75585db3c7@group-7855C2F36E53-FollowerState was interrupted: java.lang.InterruptedException: sleep interrupted
2019-11-04 16:02:26,492 [e3fb79a3-1f86-42af-a80c-c46d1acdbc29@group-7855C2F36E53-LeaderElection191] INFO  impl.LeaderElection (LeaderElection.java:logAndReturn(56)) - e3fb79a3-1f86-42af-a80c-c46d1acdbc29@group-7855C2F36E53-LeaderElection191: Election REJECTED; received 2 response(s) [e3fb79a3-1f86-42af-a80c-c46d1acdbc29<-81ff859e-e76f-43f5-951a-4a38422068cb#0:FAIL-t209, e3fb79a3-1f86-42af-a80c-c46d1acdbc29<-a9143d84-6d7f-497d-b770-eb75585db3c7#0:FAIL-t209] and 0 exception(s); e3fb79a3-1f86-42af-a80c-c46d1acdbc29@group-7855C2F36E53:t209, leader=null, voted=e3fb79a3-1f86-42af-a80c-c46d1acdbc29, raftlog=e3fb79a3-1f86-42af-a80c-c46d1acdbc29@group-7855C2F36E53-SegmentedRaftLog:OPENED:c-1,f-1,i0, conf=-1: [e3fb79a3-1f86-42af-a80c-c46d1acdbc29:192.168.157.194:44142, 81ff859e-e76f-43f5-951a-4a38422068cb:192.168.157.194:46532, a9143d84-6d7f-497d-b770-eb75585db3c7:192.168.157.194:42126], old=null
2019-11-04 16:02:26,493 [e3fb79a3-1f86-42af-a80c-c46d1acdbc29@group-7855C2F36E53-LeaderElection191] INFO  impl.RaftServerImpl (RaftServerImpl.java:setRole(184)) - e3fb79a3-1f86-42af-a80c-c46d1acdbc29@group-7855C2F36E53: changes role from CANDIDATE to FOLLOWER at term 209 for DISCOVERED_A_NEW_TERM
2019-11-04 16:02:26,493 [e3fb79a3-1f86-42af-a80c-c46d1acdbc29@group-7855C2F36E53-LeaderElection191] INFO  impl.RoleInfo (RoleInfo.java:shutdownLeaderElection(134)) - e3fb79a3-1f86-42af-a80c-c46d1acdbc29: shutdown LeaderElection
2019-11-04 16:02:26,493 [e3fb79a3-1f86-42af-a80c-c46d1acdbc29@group-7855C2F36E53-LeaderElection191] INFO  impl.RoleInfo (RoleInfo.java:updateAndGet(143)) - e3fb79a3-1f86-42af-a80c-c46d1acdbc29: start FollowerState
2019-11-04 16:02:26,655 [Thread-1502] INFO  impl.FollowerState (FollowerState.java:run(108)) - e3fb79a3-1f86-42af-a80c-c46d1acdbc29@group-7855C2F36E53-FollowerState: change to CANDIDATE, lastRpcTime:162ms, electionTimeout:162ms
2019-11-04 16:02:26,656 [Thread-1502] INFO  impl.RoleInfo (RoleInfo.java:shutdownFollowerState(121)) - e3fb79a3-1f86-42af-a80c-c46d1acdbc29: shutdown FollowerState
2019-11-04 16:02:26,656 [Thread-1502] INFO  impl.RaftServerImpl (RaftServerImpl.java:setRole(184)) - e3fb79a3-1f86-42af-a80c-c46d1acdbc29@group-7855C2F36E53: changes role from  FOLLOWER to CANDIDATE at term 209 for changeToCandidate
2019-11-04 16:02:26,656 [Thread-1502] INFO  impl.RoleInfo (RoleInfo.java:updateAndGet(143)) - e3fb79a3-1f86-42af-a80c-c46d1acdbc29: start LeaderElection
2019-11-04 16:02:26,671 [e3fb79a3-1f86-42af-a80c-c46d1acdbc29@group-7855C2F36E53-LeaderElection192] INFO  impl.LeaderElection (LeaderElection.java:askForVotes(178)) - e3fb79a3-1f86-42af-a80c-c46d1acdbc29@group-7855C2F36E53-LeaderElection192: begin an election at term 210 for -1: [e3fb79a3-1f86-42af-a80c-c46d1acdbc29:192.168.157.194:44142, 81ff859e-e76f-43f5-951a-4a38422068cb:192.168.157.194:46532, a9143d84-6d7f-497d-b770-eb75585db3c7:192.168.157.194:42126], old=null
2019-11-04 16:02:26,674 [grpc-default-executor-4] INFO  impl.RaftServerImpl (RaftServerImpl.java:setRole(184)) - a9143d84-6d7f-497d-b770-eb75585db3c7@group-7855C2F36E53: changes role from  FOLLOWER to FOLLOWER at term 210 for recognizeCandidate:e3fb79a3-1f86-42af-a80c-c46d1acdbc29
2019-11-04 16:02:26,675 [grpc-default-executor-4] INFO  impl.RoleInfo (RoleInfo.java:shutdownFollowerState(121)) - a9143d84-6d7f-497d-b770-eb75585db3c7: shutdown FollowerState
2019-11-04 16:02:26,675 [grpc-default-executor-1] INFO  impl.RaftServerImpl (RaftServerImpl.java:setRole(184)) - 81ff859e-e76f-43f5-951a-4a38422068cb@group-7855C2F36E53: changes role from  FOLLOWER to FOLLOWER at term 210 for recognizeCandidate:e3fb79a3-1f86-42af-a80c-c46d1acdbc29
2019-11-04 16:02:26,675 [Thread-1501] INFO  impl.FollowerState (FollowerState.java:run(117)) - a9143d84-6d7f-497d-b770-eb75585db3c7@group-7855C2F36E53-FollowerState was interrupted: java.lang.InterruptedException: sleep interrupted
2019-11-04 16:02:26,675 [grpc-default-executor-4] INFO  impl.RoleInfo (RoleInfo.java:updateAndGet(143)) - a9143d84-6d7f-497d-b770-eb75585db3c7: start FollowerState
2019-11-04 16:02:26,675 [grpc-default-executor-1] INFO  impl.RoleInfo (RoleInfo.java:shutdownFollowerState(121)) - 81ff859e-e76f-43f5-951a-4a38422068cb: shutdown FollowerState
2019-11-04 16:02:26,676 [grpc-default-executor-1] INFO  impl.RoleInfo (RoleInfo.java:updateAndGet(143)) - 81ff859e-e76f-43f5-951a-4a38422068cb: start FollowerState
2019-11-04 16:02:26,676 [Thread-1500] INFO  impl.FollowerState (FollowerState.java:run(117)) - 81ff859e-e76f-43f5-951a-4a38422068cb@group-7855C2F36E53-FollowerState was interrupted: java.lang.InterruptedException: sleep interrupted
2019-11-04 16:02:26,688 [e3fb79a3-1f86-42af-a80c-c46d1acdbc29@group-7855C2F36E53-LeaderElection192] INFO  impl.LeaderElection (LeaderElection.java:logAndReturn(56)) - e3fb79a3-1f86-42af-a80c-c46d1acdbc29@group-7855C2F36E53-LeaderElection192: Election REJECTED; received 2 response(s) [e3fb79a3-1f86-42af-a80c-c46d1acdbc29<-81ff859e-e76f-43f5-951a-4a38422068cb#0:FAIL-t210, e3fb79a3-1f86-42af-a80c-c46d1acdbc29<-a9143d84-6d7f-497d-b770-eb75585db3c7#0:FAIL-t210] and 0 exception(s); e3fb79a3-1f86-42af-a80c-c46d1acdbc29@group-7855C2F36E53:t210, leader=null, voted=e3fb79a3-1f86-42af-a80c-c46d1acdbc29, raftlog=e3fb79a3-1f86-42af-a80c-c46d1acdbc29@group-7855C2F36E53-SegmentedRaftLog:OPENED:c-1,f-1,i0, conf=-1: [e3fb79a3-1f86-42af-a80c-c46d1acdbc29:192.168.157.194:44142, 81ff859e-e76f-43f5-951a-4a38422068cb:192.168.157.194:46532, a9143d84-6d7f-497d-b770-eb75585db3c7:192.168.157.194:42126], old=null
2019-11-04 16:02:26,688 [e3fb79a3-1f86-42af-a80c-c46d1acdbc29@group-7855C2F36E53-LeaderElection192] INFO  impl.RaftServerImpl (RaftServerImpl.java:setRole(184)) - e3fb79a3-1f86-42af-a80c-c46d1acdbc29@group-7855C2F36E53: changes role from CANDIDATE to FOLLOWER at term 210 for DISCOVERED_A_NEW_TERM
2019-11-04 16:02:26,688 [e3fb79a3-1f86-42af-a80c-c46d1acdbc29@group-7855C2F36E53-LeaderElection192] INFO  impl.RoleInfo (RoleInfo.java:shutdownLeaderElection(134)) - e3fb79a3-1f86-42af-a80c-c46d1acdbc29: shutdown LeaderElection
2019-11-04 16:02:26,688 [e3fb79a3-1f86-42af-a80c-c46d1acdbc29@group-7855C2F36E53-LeaderElection192] INFO  impl.RoleInfo (RoleInfo.java:updateAndGet(143)) - e3fb79a3-1f86-42af-a80c-c46d1acdbc29: start FollowerState
2019-11-04 16:02:26,833 [Thread-1508] INFO  impl.FollowerState (FollowerState.java:run(108)) - e3fb79a3-1f86-42af-a80c-c46d1acdbc29@group-7855C2F36E53-FollowerState: change to CANDIDATE, lastRpcTime:145ms, electionTimeout:145ms
2019-11-04 16:02:26,834 [Thread-1508] INFO  impl.RoleInfo (RoleInfo.java:shutdownFollowerState(121)) - e3fb79a3-1f86-42af-a80c-c46d1acdbc29: shutdown FollowerState
2019-11-04 16:02:26,834 [Thread-1508] INFO  impl.RaftServerImpl (RaftServerImpl.java:setRole(184)) - e3fb79a3-1f86-42af-a80c-c46d1acdbc29@group-7855C2F36E53: changes role from  FOLLOWER to CANDIDATE at term 210 for changeToCandidate
2019-11-04 16:02:26,834 [Thread-1508] INFO  impl.RoleInfo (RoleInfo.java:updateAndGet(143)) - e3fb79a3-1f86-42af-a80c-c46d1acdbc29: start LeaderElection
2019-11-04 16:02:26,848 [e3fb79a3-1f86-42af-a80c-c46d1acdbc29@group-7855C2F36E53-LeaderElection193] INFO  impl.LeaderElection (LeaderElection.java:askForVotes(178)) - e3fb79a3-1f86-42af-a80c-c46d1acdbc29@group-7855C2F36E53-LeaderElection193: begin an election at term 211 for -1: [e3fb79a3-1f86-42af-a80c-c46d1acdbc29:192.168.157.194:44142, 81ff859e-e76f-43f5-951a-4a38422068cb:192.168.157.194:46532, a9143d84-6d7f-497d-b770-eb75585db3c7:192.168.157.194:42126], old=null
2019-11-04 16:02:26,851 [grpc-default-executor-1] INFO  impl.RaftServerImpl (RaftServerImpl.java:setRole(184)) - 81ff859e-e76f-43f5-951a-4a38422068cb@group-7855C2F36E53: changes role from  FOLLOWER to FOLLOWER at term 211 for recognizeCandidate:e3fb79a3-1f86-42af-a80c-c46d1acdbc29
2019-11-04 16:02:26,851 [grpc-default-executor-1] INFO  impl.RoleInfo (RoleInfo.java:shutdownFollowerState(121)) - 81ff859e-e76f-43f5-951a-4a38422068cb: shutdown FollowerState
2019-11-04 16:02:26,851 [grpc-default-executor-4] INFO  impl.RaftServerImpl (RaftServerImpl.java:setRole(184)) - a9143d84-6d7f-497d-b770-eb75585db3c7@group-7855C2F36E53: changes role from  FOLLOWER to FOLLOWER at term 211 for recognizeCandidate:e3fb79a3-1f86-42af-a80c-c46d1acdbc29
2019-11-04 16:02:26,852 [Thread-1507] INFO  impl.FollowerState (FollowerState.java:run(117)) - 81ff859e-e76f-43f5-951a-4a38422068cb@group-7855C2F36E53-FollowerState was interrupted: java.lang.InterruptedException: sleep interrupted
2019-11-04 16:02:26,852 [grpc-default-executor-1] INFO  impl.RoleInfo (RoleInfo.java:updateAndGet(143)) - 81ff859e-e76f-43f5-951a-4a38422068cb: start FollowerState
2019-11-04 16:02:26,852 [grpc-default-executor-4] INFO  impl.RoleInfo (RoleInfo.java:shutdownFollowerState(121)) - a9143d84-6d7f-497d-b770-eb75585db3c7: shutdown FollowerState
2019-11-04 16:02:26,852 [grpc-default-executor-4] INFO  impl.RoleInfo (RoleInfo.java:updateAndGet(143)) - a9143d84-6d7f-497d-b770-eb75585db3c7: start FollowerState
2019-11-04 16:02:26,852 [Thread-1506] INFO  impl.FollowerState (FollowerState.java:run(117)) - a9143d84-6d7f-497d-b770-eb75585db3c7@group-7855C2F36E53-FollowerState was interrupted: java.lang.InterruptedException: sleep interrupted
2019-11-04 16:02:26,867 [e3fb79a3-1f86-42af-a80c-c46d1acdbc29@group-7855C2F36E53-LeaderElection193] INFO  impl.LeaderElection (LeaderElection.java:logAndReturn(56)) - e3fb79a3-1f86-42af-a80c-c46d1acdbc29@group-7855C2F36E53-LeaderElection193: Election REJECTED; received 2 response(s) [e3fb79a3-1f86-42af-a80c-c46d1acdbc29<-81ff859e-e76f-43f5-951a-4a38422068cb#0:FAIL-t211, e3fb79a3-1f86-42af-a80c-c46d1acdbc29<-a9143d84-6d7f-497d-b770-eb75585db3c7#0:FAIL-t211] and 0 exception(s); e3fb79a3-1f86-42af-a80c-c46d1acdbc29@group-7855C2F36E53:t211, leader=null, voted=e3fb79a3-1f86-42af-a80c-c46d1acdbc29, raftlog=e3fb79a3-1f86-42af-a80c-c46d1acdbc29@group-7855C2F36E53-SegmentedRaftLog:OPENED:c-1,f-1,i0, conf=-1: [e3fb79a3-1f86-42af-a80c-c46d1acdbc29:192.168.157.194:44142, 81ff859e-e76f-43f5-951a-4a38422068cb:192.168.157.194:46532, a9143d84-6d7f-497d-b770-eb75585db3c7:192.168.157.194:42126], old=null
2019-11-04 16:02:26,867 [e3fb79a3-1f86-42af-a80c-c46d1acdbc29@group-7855C2F36E53-LeaderElection193] INFO  impl.RaftServerImpl (RaftServerImpl.java:setRole(184)) - e3fb79a3-1f86-42af-a80c-c46d1acdbc29@group-7855C2F36E53: changes role from CANDIDATE to FOLLOWER at term 211 for DISCOVERED_A_NEW_TERM
2019-11-04 16:02:26,868 [e3fb79a3-1f86-42af-a80c-c46d1acdbc29@group-7855C2F36E53-LeaderElection193] INFO  impl.RoleInfo (RoleInfo.java:shutdownLeaderElection(134)) - e3fb79a3-1f86-42af-a80c-c46d1acdbc29: shutdown LeaderElection
2019-11-04 16:02:26,868 [e3fb79a3-1f86-42af-a80c-c46d1acdbc29@group-7855C2F36E53-LeaderElection193] INFO  impl.RoleInfo (RoleInfo.java:updateAndGet(143)) - e3fb79a3-1f86-42af-a80c-c46d1acdbc29: start FollowerState
2019-11-04 16:02:26,961 [Thread-1514] INFO  impl.FollowerState (FollowerState.java:run(108)) - e3fb79a3-1f86-42af-a80c-c46d1acdbc29@group-7855C2F36E53-FollowerState: change to CANDIDATE, lastRpcTime:93ms, electionTimeout:93ms
2019-11-04 16:02:26,962 [Thread-1514] INFO  impl.RoleInfo (RoleInfo.java:shutdownFollowerState(121)) - e3fb79a3-1f86-42af-a80c-c46d1acdbc29: shutdown FollowerState
2019-11-04 16:02:26,962 [Thread-1514] INFO  impl.RaftServerImpl (RaftServerImpl.java:setRole(184)) - e3fb79a3-1f86-42af-a80c-c46d1acdbc29@group-7855C2F36E53: changes role from  FOLLOWER to CANDIDATE at term 211 for changeToCandidate
2019-11-04 16:02:26,962 [Thread-1514] INFO  impl.RoleInfo (RoleInfo.java:updateAndGet(143)) - e3fb79a3-1f86-42af-a80c-c46d1acdbc29: start LeaderElection
2019-11-04 16:02:26,988 [e3fb79a3-1f86-42af-a80c-c46d1acdbc29@group-7855C2F36E53-LeaderElection194] INFO  impl.LeaderElection (LeaderElection.java:askForVotes(178)) - e3fb79a3-1f86-42af-a80c-c46d1acdbc29@group-7855C2F36E53-LeaderElection194: begin an election at term 212 for -1: [e3fb79a3-1f86-42af-a80c-c46d1acdbc29:192.168.157.194:44142, 81ff859e-e76f-43f5-951a-4a38422068cb:192.168.157.194:46532, a9143d84-6d7f-497d-b770-eb75585db3c7:192.168.157.194:42126], old=null
2019-11-04 16:02:26,994 [grpc-default-executor-4] INFO  impl.RaftServerImpl (RaftServerImpl.java:setRole(184)) - a9143d84-6d7f-497d-b770-eb75585db3c7@group-7855C2F36E53: changes role from  FOLLOWER to FOLLOWER at term 212 for recognizeCandidate:e3fb79a3-1f86-42af-a80c-c46d1acdbc29
2019-11-04 16:02:26,994 [grpc-default-executor-4] INFO  impl.RoleInfo (RoleInfo.java:shutdownFollowerState(121)) - a9143d84-6d7f-497d-b770-eb75585db3c7: shutdown FollowerState
2019-11-04 16:02:26,994 [grpc-default-executor-1] INFO  impl.RaftServerImpl (RaftServerImpl.java:setRole(184)) - 81ff859e-e76f-43f5-951a-4a38422068cb@group-7855C2F36E53: changes role from  FOLLOWER to FOLLOWER at term 212 for recognizeCandidate:e3fb79a3-1f86-42af-a80c-c46d1acdbc29
2019-11-04 16:02:26,994 [Thread-1513] INFO  impl.FollowerState (FollowerState.java:run(117)) - a9143d84-6d7f-497d-b770-eb75585db3c7@group-7855C2F36E53-FollowerState was interrupted: java.lang.InterruptedException: sleep interrupted
2019-11-04 16:02:26,994 [grpc-default-executor-4] INFO  impl.RoleInfo (RoleInfo.java:updateAndGet(143)) - a9143d84-6d7f-497d-b770-eb75585db3c7: start FollowerState
2019-11-04 16:02:26,994 [grpc-default-executor-1] INFO  impl.RoleInfo (RoleInfo.java:shutdownFollowerState(121)) - 81ff859e-e76f-43f5-951a-4a38422068cb: shutdown FollowerState
2019-11-04 16:02:26,995 [grpc-default-executor-1] INFO  impl.RoleInfo (RoleInfo.java:updateAndGet(143)) - 81ff859e-e76f-43f5-951a-4a38422068cb: start FollowerState
2019-11-04 16:02:26,995 [Thread-1512] INFO  impl.FollowerState (FollowerState.java:run(117)) - 81ff859e-e76f-43f5-951a-4a38422068cb@group-7855C2F36E53-FollowerState was interrupted: java.lang.InterruptedException: sleep interrupted
2019-11-04 16:02:27,010 [e3fb79a3-1f86-42af-a80c-c46d1acdbc29@group-7855C2F36E53-LeaderElection194] INFO  impl.LeaderElection (LeaderElection.java:logAndReturn(56)) - e3fb79a3-1f86-42af-a80c-c46d1acdbc29@group-7855C2F36E53-LeaderElection194: Election REJECTED; received 2 response(s) [e3fb79a3-1f86-42af-a80c-c46d1acdbc29<-81ff859e-e76f-43f5-951a-4a38422068cb#0:FAIL-t212, e3fb79a3-1f86-42af-a80c-c46d1acdbc29<-a9143d84-6d7f-497d-b770-eb75585db3c7#0:FAIL-t212] and 0 exception(s); e3fb79a3-1f86-42af-a80c-c46d1acdbc29@group-7855C2F36E53:t212, leader=null, voted=e3fb79a3-1f86-42af-a80c-c46d1acdbc29, raftlog=e3fb79a3-1f86-42af-a80c-c46d1acdbc29@group-7855C2F36E53-SegmentedRaftLog:OPENED:c-1,f-1,i0, conf=-1: [e3fb79a3-1f86-42af-a80c-c46d1acdbc29:192.168.157.194:44142, 81ff859e-e76f-43f5-951a-4a38422068cb:192.168.157.194:46532, a9143d84-6d7f-497d-b770-eb75585db3c7:192.168.157.194:42126], old=null
2019-11-04 16:02:27,010 [e3fb79a3-1f86-42af-a80c-c46d1acdbc29@group-7855C2F36E53-LeaderElection194] INFO  impl.RaftServerImpl (RaftServerImpl.java:setRole(184)) - e3fb79a3-1f86-42af-a80c-c46d1acdbc29@group-7855C2F36E53: changes role from CANDIDATE to FOLLOWER at term 212 for DISCOVERED_A_NEW_TERM
2019-11-04 16:02:27,010 [e3fb79a3-1f86-42af-a80c-c46d1acdbc29@group-7855C2F36E53-LeaderElection194] INFO  impl.RoleInfo (RoleInfo.java:shutdownLeaderElection(134)) - e3fb79a3-1f86-42af-a80c-c46d1acdbc29: shutdown LeaderElection
2019-11-04 16:02:27,010 [e3fb79a3-1f86-42af-a80c-c46d1acdbc29@group-7855C2F36E53-LeaderElection194] INFO  impl.RoleInfo (RoleInfo.java:updateAndGet(143)) - e3fb79a3-1f86-42af-a80c-c46d1acdbc29: start FollowerState
2019-11-04 16:02:27,079 [Thread-1520] INFO  impl.FollowerState (FollowerState.java:run(108)) - e3fb79a3-1f86-42af-a80c-c46d1acdbc29@group-7855C2F36E53-FollowerState: change to CANDIDATE, lastRpcTime:68ms, electionTimeout:68ms
2019-11-04 16:02:27,079 [Thread-1520] INFO  impl.RoleInfo (RoleInfo.java:shutdownFollowerState(121)) - e3fb79a3-1f86-42af-a80c-c46d1acdbc29: shutdown FollowerState
2019-11-04 16:02:27,079 [Thread-1520] INFO  impl.RaftServerImpl (RaftServerImpl.java:setRole(184)) - e3fb79a3-1f86-42af-a80c-c46d1acdbc29@group-7855C2F36E53: changes role from  FOLLOWER to CANDIDATE at term 212 for changeToCandidate
2019-11-04 16:02:27,080 [Thread-1520] INFO  impl.RoleInfo (RoleInfo.java:updateAndGet(143)) - e3fb79a3-1f86-42af-a80c-c46d1acdbc29: start LeaderElection
2019-11-04 16:02:27,113 [e3fb79a3-1f86-42af-a80c-c46d1acdbc29@group-7855C2F36E53-LeaderElection195] INFO  impl.LeaderElection (LeaderElection.java:askForVotes(178)) - e3fb79a3-1f86-42af-a80c-c46d1acdbc29@group-7855C2F36E53-LeaderElection195: begin an election at term 213 for -1: [e3fb79a3-1f86-42af-a80c-c46d1acdbc29:192.168.157.194:44142, 81ff859e-e76f-43f5-951a-4a38422068cb:192.168.157.194:46532, a9143d84-6d7f-497d-b770-eb75585db3c7:192.168.157.194:42126], old=null
2019-11-04 16:02:27,116 [grpc-default-executor-4] INFO  impl.RaftServerImpl (RaftServerImpl.java:setRole(184)) - 81ff859e-e76f-43f5-951a-4a38422068cb@group-7855C2F36E53: changes role from  FOLLOWER to FOLLOWER at term 213 for recognizeCandidate:e3fb79a3-1f86-42af-a80c-c46d1acdbc29
2019-11-04 16:02:27,116 [grpc-default-executor-4] INFO  impl.RoleInfo (RoleInfo.java:shutdownFollowerState(121)) - 81ff859e-e76f-43f5-951a-4a38422068cb: shutdown FollowerState
2019-11-04 16:02:27,117 [grpc-default-executor-4] INFO  impl.RoleInfo (RoleInfo.java:updateAndGet(143)) - 81ff859e-e76f-43f5-951a-4a38422068cb: start FollowerState
2019-11-04 16:02:27,117 [Thread-1519] INFO  impl.FollowerState (FollowerState.java:run(117)) - 81ff859e-e76f-43f5-951a-4a38422068cb@group-7855C2F36E53-FollowerState was interrupted: java.lang.InterruptedException: sleep interrupted
2019-11-04 16:02:27,117 [grpc-default-executor-1] INFO  impl.RaftServerImpl (RaftServerImpl.java:setRole(184)) - a9143d84-6d7f-497d-b770-eb75585db3c7@group-7855C2F36E53: changes role from  FOLLOWER to FOLLOWER at term 213 for recognizeCandidate:e3fb79a3-1f86-42af-a80c-c46d1acdbc29
2019-11-04 16:02:27,117 [grpc-default-executor-1] INFO  impl.RoleInfo (RoleInfo.java:shutdownFollowerState(121)) - a9143d84-6d7f-497d-b770-eb75585db3c7: shutdown FollowerState
2019-11-04 16:02:27,118 [grpc-default-executor-1] INFO  impl.RoleInfo (RoleInfo.java:updateAndGet(143)) - a9143d84-6d7f-497d-b770-eb75585db3c7: start FollowerState
2019-11-04 16:02:27,118 [Thread-1518] INFO  impl.FollowerState (FollowerState.java:run(117)) - a9143d84-6d7f-497d-b770-eb75585db3c7@group-7855C2F36E53-FollowerState was interrupted: java.lang.InterruptedException: sleep interrupted
2019-11-04 16:02:27,133 [e3fb79a3-1f86-42af-a80c-c46d1acdbc29@group-7855C2F36E53-LeaderElection195] INFO  impl.LeaderElection (LeaderElection.java:logAndReturn(56)) - e3fb79a3-1f86-42af-a80c-c46d1acdbc29@group-7855C2F36E53-LeaderElection195: Election REJECTED; received 2 response(s) [e3fb79a3-1f86-42af-a80c-c46d1acdbc29<-81ff859e-e76f-43f5-951a-4a38422068cb#0:FAIL-t213, e3fb79a3-1f86-42af-a80c-c46d1acdbc29<-a9143d84-6d7f-497d-b770-eb75585db3c7#0:FAIL-t213] and 0 exception(s); e3fb79a3-1f86-42af-a80c-c46d1acdbc29@group-7855C2F36E53:t213, leader=null, voted=e3fb79a3-1f86-42af-a80c-c46d1acdbc29, raftlog=e3fb79a3-1f86-42af-a80c-c46d1acdbc29@group-7855C2F36E53-SegmentedRaftLog:OPENED:c-1,f-1,i0, conf=-1: [e3fb79a3-1f86-42af-a80c-c46d1acdbc29:192.168.157.194:44142, 81ff859e-e76f-43f5-951a-4a38422068cb:192.168.157.194:46532, a9143d84-6d7f-497d-b770-eb75585db3c7:192.168.157.194:42126], old=null
2019-11-04 16:02:27,134 [e3fb79a3-1f86-42af-a80c-c46d1acdbc29@group-7855C2F36E53-LeaderElection195] INFO  impl.RaftServerImpl (RaftServerImpl.java:setRole(184)) - e3fb79a3-1f86-42af-a80c-c46d1acdbc29@group-7855C2F36E53: changes role from CANDIDATE to FOLLOWER at term 213 for DISCOVERED_A_NEW_TERM
2019-11-04 16:02:27,134 [e3fb79a3-1f86-42af-a80c-c46d1acdbc29@group-7855C2F36E53-LeaderElection195] INFO  impl.RoleInfo (RoleInfo.java:shutdownLeaderElection(134)) - e3fb79a3-1f86-42af-a80c-c46d1acdbc29: shutdown LeaderElection
2019-11-04 16:02:27,134 [e3fb79a3-1f86-42af-a80c-c46d1acdbc29@group-7855C2F36E53-LeaderElection195] INFO  impl.RoleInfo (RoleInfo.java:updateAndGet(143)) - e3fb79a3-1f86-42af-a80c-c46d1acdbc29: start FollowerState
2019-11-04 16:02:27,243 [Thread-1526] INFO  impl.FollowerState (FollowerState.java:run(108)) - e3fb79a3-1f86-42af-a80c-c46d1acdbc29@group-7855C2F36E53-FollowerState: change to CANDIDATE, lastRpcTime:108ms, electionTimeout:108ms
2019-11-04 16:02:27,243 [Thread-1526] INFO  impl.RoleInfo (RoleInfo.java:shutdownFollowerState(121)) - e3fb79a3-1f86-42af-a80c-c46d1acdbc29: shutdown FollowerState
2019-11-04 16:02:27,243 [Thread-1526] INFO  impl.RaftServerImpl (RaftServerImpl.java:setRole(184)) - e3fb79a3-1f86-42af-a80c-c46d1acdbc29@group-7855C2F36E53: changes role from  FOLLOWER to CANDIDATE at term 213 for changeToCandidate
2019-11-04 16:02:27,243 [Thread-1526] INFO  impl.RoleInfo (RoleInfo.java:updateAndGet(143)) - e3fb79a3-1f86-42af-a80c-c46d1acdbc29: start LeaderElection
2019-11-04 16:02:27,269 [e3fb79a3-1f86-42af-a80c-c46d1acdbc29@group-7855C2F36E53-LeaderElection196] INFO  impl.LeaderElection (LeaderElection.java:askForVotes(178)) - e3fb79a3-1f86-42af-a80c-c46d1acdbc29@group-7855C2F36E53-LeaderElection196: begin an election at term 214 for -1: [e3fb79a3-1f86-42af-a80c-c46d1acdbc29:192.168.157.194:44142, 81ff859e-e76f-43f5-951a-4a38422068cb:192.168.157.194:46532, a9143d84-6d7f-497d-b770-eb75585db3c7:192.168.157.194:42126], old=null
2019-11-04 16:02:27,273 [grpc-default-executor-4] INFO  impl.RaftServerImpl (RaftServerImpl.java:setRole(184)) - 81ff859e-e76f-43f5-951a-4a38422068cb@group-7855C2F36E53: changes role from  FOLLOWER to FOLLOWER at term 214 for recognizeCandidate:e3fb79a3-1f86-42af-a80c-c46d1acdbc29
2019-11-04 16:02:27,273 [grpc-default-executor-4] INFO  impl.RoleInfo (RoleInfo.java:shutdownFollowerState(121)) - 81ff859e-e76f-43f5-951a-4a38422068cb: shutdown FollowerState
2019-11-04 16:02:27,273 [grpc-default-executor-1] INFO  impl.RaftServerImpl (RaftServerImpl.java:setRole(184)) - a9143d84-6d7f-497d-b770-eb75585db3c7@group-7855C2F36E53: changes role from  FOLLOWER to FOLLOWER at term 214 for recognizeCandidate:e3fb79a3-1f86-42af-a80c-c46d1acdbc29
2019-11-04 16:02:27,274 [Thread-1524] INFO  impl.FollowerState (FollowerState.java:run(117)) - 81ff859e-e76f-43f5-951a-4a38422068cb@group-7855C2F36E53-FollowerState was interrupted: java.lang.InterruptedException: sleep interrupted
2019-11-04 16:02:27,274 [grpc-default-executor-4] INFO  impl.RoleInfo (RoleInfo.java:updateAndGet(143)) - 81ff859e-e76f-43f5-951a-4a38422068cb: start FollowerState
2019-11-04 16:02:27,274 [grpc-default-executor-1] INFO  impl.RoleInfo (RoleInfo.java:shutdownFollowerState(121)) - a9143d84-6d7f-497d-b770-eb75585db3c7: shutdown FollowerState
2019-11-04 16:02:27,274 [grpc-default-executor-1] INFO  impl.RoleInfo (RoleInfo.java:updateAndGet(143)) - a9143d84-6d7f-497d-b770-eb75585db3c7: start FollowerState
2019-11-04 16:02:27,274 [Thread-1525] INFO  impl.FollowerState (FollowerState.java:run(117)) - a9143d84-6d7f-497d-b770-eb75585db3c7@group-7855C2F36E53-FollowerState was interrupted: java.lang.InterruptedException: sleep interrupted
2019-11-04 16:02:27,294 [e3fb79a3-1f86-42af-a80c-c46d1acdbc29@group-7855C2F36E53-LeaderElection196] INFO  impl.LeaderElection (LeaderElection.java:logAndReturn(56)) - e3fb79a3-1f86-42af-a80c-c46d1acdbc29@group-7855C2F36E53-LeaderElection196: Election TIMEOUT; received 0 response(s) [] and 0 exception(s); e3fb79a3-1f86-42af-a80c-c46d1acdbc29@group-7855C2F36E53:t214, leader=null, voted=e3fb79a3-1f86-42af-a80c-c46d1acdbc29, raftlog=e3fb79a3-1f86-42af-a80c-c46d1acdbc29@group-7855C2F36E53-SegmentedRaftLog:OPENED:c-1,f-1,i0, conf=-1: [e3fb79a3-1f86-42af-a80c-c46d1acdbc29:192.168.157.194:44142, 81ff859e-e76f-43f5-951a-4a38422068cb:192.168.157.194:46532, a9143d84-6d7f-497d-b770-eb75585db3c7:192.168.157.194:42126], old=null
2019-11-04 16:02:27,303 [e3fb79a3-1f86-42af-a80c-c46d1acdbc29@group-7855C2F36E53-LeaderElection196] INFO  impl.LeaderElection (LeaderElection.java:askForVotes(178)) - e3fb79a3-1f86-42af-a80c-c46d1acdbc29@group-7855C2F36E53-LeaderElection196: begin an election at term 215 for -1: [e3fb79a3-1f86-42af-a80c-c46d1acdbc29:192.168.157.194:44142, 81ff859e-e76f-43f5-951a-4a38422068cb:192.168.157.194:46532, a9143d84-6d7f-497d-b770-eb75585db3c7:192.168.157.194:42126], old=null
2019-11-04 16:02:27,305 [grpc-default-executor-4] INFO  impl.RaftServerImpl (RaftServerImpl.java:setRole(184)) - 81ff859e-e76f-43f5-951a-4a38422068cb@group-7855C2F36E53: changes role from  FOLLOWER to FOLLOWER at term 215 for recognizeCandidate:e3fb79a3-1f86-42af-a80c-c46d1acdbc29
2019-11-04 16:02:27,305 [grpc-default-executor-4] INFO  impl.RoleInfo (RoleInfo.java:shutdownFollowerState(121)) - 81ff859e-e76f-43f5-951a-4a38422068cb: shutdown FollowerState
2019-11-04 16:02:27,305 [grpc-default-executor-4] INFO  impl.RoleInfo (RoleInfo.java:updateAndGet(143)) - 81ff859e-e76f-43f5-951a-4a38422068cb: start FollowerState
2019-11-04 16:02:27,305 [Thread-1532] INFO  impl.FollowerState (FollowerState.java:run(117)) - 81ff859e-e76f-43f5-951a-4a38422068cb@group-7855C2F36E53-FollowerState was interrupted: java.lang.InterruptedException: sleep interrupted
2019-11-04 16:02:27,305 [grpc-default-executor-1] INFO  impl.RaftServerImpl (RaftServerImpl.java:setRole(184)) - a9143d84-6d7f-497d-b770-eb75585db3c7@group-7855C2F36E53: changes role from  FOLLOWER to FOLLOWER at term 215 for recognizeCandidate:e3fb79a3-1f86-42af-a80c-c46d1acdbc29
2019-11-04 16:02:27,306 [grpc-default-executor-1] INFO  impl.RoleInfo (RoleInfo.java:shutdownFollowerState(121)) - a9143d84-6d7f-497d-b770-eb75585db3c7: shutdown FollowerState
2019-11-04 16:02:27,306 [grpc-default-executor-1] INFO  impl.RoleInfo (RoleInfo.java:updateAndGet(143)) - a9143d84-6d7f-497d-b770-eb75585db3c7: start FollowerState
2019-11-04 16:02:27,306 [Thread-1533] INFO  impl.FollowerState (FollowerState.java:run(117)) - a9143d84-6d7f-497d-b770-eb75585db3c7@group-7855C2F36E53-FollowerState was interrupted: java.lang.InterruptedException: sleep interrupted
2019-11-04 16:02:27,321 [e3fb79a3-1f86-42af-a80c-c46d1acdbc29@group-7855C2F36E53-LeaderElection196] INFO  impl.LeaderElection (LeaderElection.java:logAndReturn(56)) - e3fb79a3-1f86-42af-a80c-c46d1acdbc29@group-7855C2F36E53-LeaderElection196: Election REJECTED; received 2 response(s) [e3fb79a3-1f86-42af-a80c-c46d1acdbc29<-81ff859e-e76f-43f5-951a-4a38422068cb#0:FAIL-t215, e3fb79a3-1f86-42af-a80c-c46d1acdbc29<-a9143d84-6d7f-497d-b770-eb75585db3c7#0:FAIL-t215] and 0 exception(s); e3fb79a3-1f86-42af-a80c-c46d1acdbc29@group-7855C2F36E53:t215, leader=null, voted=e3fb79a3-1f86-42af-a80c-c46d1acdbc29, raftlog=e3fb79a3-1f86-42af-a80c-c46d1acdbc29@group-7855C2F36E53-SegmentedRaftLog:OPENED:c-1,f-1,i0, conf=-1: [e3fb79a3-1f86-42af-a80c-c46d1acdbc29:192.168.157.194:44142, 81ff859e-e76f-43f5-951a-4a38422068cb:192.168.157.194:46532, a9143d84-6d7f-497d-b770-eb75585db3c7:192.168.157.194:42126], old=null
2019-11-04 16:02:27,321 [e3fb79a3-1f86-42af-a80c-c46d1acdbc29@group-7855C2F36E53-LeaderElection196] INFO  impl.RaftServerImpl (RaftServerImpl.java:setRole(184)) - e3fb79a3-1f86-42af-a80c-c46d1acdbc29@group-7855C2F36E53: changes role from CANDIDATE to FOLLOWER at term 215 for DISCOVERED_A_NEW_TERM
2019-11-04 16:02:27,321 [e3fb79a3-1f86-42af-a80c-c46d1acdbc29@group-7855C2F36E53-LeaderElection196] INFO  impl.RoleInfo (RoleInfo.java:shutdownLeaderElection(134)) - e3fb79a3-1f86-42af-a80c-c46d1acdbc29: shutdown LeaderElection
2019-11-04 16:02:27,321 [e3fb79a3-1f86-42af-a80c-c46d1acdbc29@group-7855C2F36E53-LeaderElection196] INFO  impl.RoleInfo (RoleInfo.java:updateAndGet(143)) - e3fb79a3-1f86-42af-a80c-c46d1acdbc29: start FollowerState
2019-11-04 16:02:27,387 [Thread-1538] INFO  impl.FollowerState (FollowerState.java:run(108)) - e3fb79a3-1f86-42af-a80c-c46d1acdbc29@group-7855C2F36E53-FollowerState: change to CANDIDATE, lastRpcTime:65ms, electionTimeout:65ms
2019-11-04 16:02:27,387 [Thread-1538] INFO  impl.RoleInfo (RoleInfo.java:shutdownFollowerState(121)) - e3fb79a3-1f86-42af-a80c-c46d1acdbc29: shutdown FollowerState
2019-11-04 16:02:27,387 [Thread-1538] INFO  impl.RaftServerImpl (RaftServerImpl.java:setRole(184)) - e3fb79a3-1f86-42af-a80c-c46d1acdbc29@group-7855C2F36E53: changes role from  FOLLOWER to CANDIDATE at term 215 for changeToCandidate
2019-11-04 16:02:27,387 [Thread-1538] INFO  impl.RoleInfo (RoleInfo.java:updateAndGet(143)) - e3fb79a3-1f86-42af-a80c-c46d1acdbc29: start LeaderElection
2019-11-04 16:02:27,400 [e3fb79a3-1f86-42af-a80c-c46d1acdbc29@group-7855C2F36E53-LeaderElection197] INFO  impl.LeaderElection (LeaderElection.java:askForVotes(178)) - e3fb79a3-1f86-42af-a80c-c46d1acdbc29@group-7855C2F36E53-LeaderElection197: begin an election at term 216 for -1: [e3fb79a3-1f86-42af-a80c-c46d1acdbc29:192.168.157.194:44142, 81ff859e-e76f-43f5-951a-4a38422068cb:192.168.157.194:46532, a9143d84-6d7f-497d-b770-eb75585db3c7:192.168.157.194:42126], old=null
2019-11-04 16:02:27,402 [grpc-default-executor-1] INFO  impl.RaftServerImpl (RaftServerImpl.java:setRole(184)) - a9143d84-6d7f-497d-b770-eb75585db3c7@group-7855C2F36E53: changes role from  FOLLOWER to FOLLOWER at term 216 for recognizeCandidate:e3fb79a3-1f86-42af-a80c-c46d1acdbc29
2019-11-04 16:02:27,402 [grpc-default-executor-1] INFO  impl.RoleInfo (RoleInfo.java:shutdownFollowerState(121)) - a9143d84-6d7f-497d-b770-eb75585db3c7: shutdown FollowerState
2019-11-04 16:02:27,402 [grpc-default-executor-4] INFO  impl.RaftServerImpl (RaftServerImpl.java:setRole(184)) - 81ff859e-e76f-43f5-951a-4a38422068cb@group-7855C2F36E53: changes role from  FOLLOWER to FOLLOWER at term 216 for recognizeCandidate:e3fb79a3-1f86-42af-a80c-c46d1acdbc29
2019-11-04 16:02:27,402 [Thread-1537] INFO  impl.FollowerState (FollowerState.java:run(117)) - a9143d84-6d7f-497d-b770-eb75585db3c7@group-7855C2F36E53-FollowerState was interrupted: java.lang.InterruptedException: sleep interrupted
2019-11-04 16:02:27,402 [grpc-default-executor-1] INFO  impl.RoleInfo (RoleInfo.java:updateAndGet(143)) - a9143d84-6d7f-497d-b770-eb75585db3c7: start FollowerState
2019-11-04 16:02:27,403 [grpc-default-executor-4] INFO  impl.RoleInfo (RoleInfo.java:shutdownFollowerState(121)) - 81ff859e-e76f-43f5-951a-4a38422068cb: shutdown FollowerState
2019-11-04 16:02:27,403 [Thread-1536] INFO  impl.FollowerState (FollowerState.java:run(117)) - 81ff859e-e76f-43f5-951a-4a38422068cb@group-7855C2F36E53-FollowerState was interrupted: java.lang.InterruptedException: sleep interrupted
2019-11-04 16:02:27,403 [grpc-default-executor-4] INFO  impl.RoleInfo (RoleInfo.java:updateAndGet(143)) - 81ff859e-e76f-43f5-951a-4a38422068cb: start FollowerState
2019-11-04 16:02:27,429 [e3fb79a3-1f86-42af-a80c-c46d1acdbc29@group-7855C2F36E53-LeaderElection197] INFO  impl.LeaderElection (LeaderElection.java:logAndReturn(56)) - e3fb79a3-1f86-42af-a80c-c46d1acdbc29@group-7855C2F36E53-LeaderElection197: Election REJECTED; received 2 response(s) [e3fb79a3-1f86-42af-a80c-c46d1acdbc29<-81ff859e-e76f-43f5-951a-4a38422068cb#0:FAIL-t216, e3fb79a3-1f86-42af-a80c-c46d1acdbc29<-a9143d84-6d7f-497d-b770-eb75585db3c7#0:FAIL-t216] and 0 exception(s); e3fb79a3-1f86-42af-a80c-c46d1acdbc29@group-7855C2F36E53:t216, leader=null, voted=e3fb79a3-1f86-42af-a80c-c46d1acdbc29, raftlog=e3fb79a3-1f86-42af-a80c-c46d1acdbc29@group-7855C2F36E53-SegmentedRaftLog:OPENED:c-1,f-1,i0, conf=-1: [e3fb79a3-1f86-42af-a80c-c46d1acdbc29:192.168.157.194:44142, 81ff859e-e76f-43f5-951a-4a38422068cb:192.168.157.194:46532, a9143d84-6d7f-497d-b770-eb75585db3c7:192.168.157.194:42126], old=null
2019-11-04 16:02:27,429 [e3fb79a3-1f86-42af-a80c-c46d1acdbc29@group-7855C2F36E53-LeaderElection197] INFO  impl.RaftServerImpl (RaftServerImpl.java:setRole(184)) - e3fb79a3-1f86-42af-a80c-c46d1acdbc29@group-7855C2F36E53: changes role from CANDIDATE to FOLLOWER at term 216 for DISCOVERED_A_NEW_TERM
2019-11-04 16:02:27,429 [e3fb79a3-1f86-42af-a80c-c46d1acdbc29@group-7855C2F36E53-LeaderElection197] INFO  impl.RoleInfo (RoleInfo.java:shutdownLeaderElection(134)) - e3fb79a3-1f86-42af-a80c-c46d1acdbc29: shutdown LeaderElection
2019-11-04 16:02:27,429 [e3fb79a3-1f86-42af-a80c-c46d1acdbc29@group-7855C2F36E53-LeaderElection197] INFO  impl.RoleInfo (RoleInfo.java:updateAndGet(143)) - e3fb79a3-1f86-42af-a80c-c46d1acdbc29: start FollowerState
2019-11-04 16:02:27,490 [Thread-1544] INFO  impl.FollowerState (FollowerState.java:run(108)) - e3fb79a3-1f86-42af-a80c-c46d1acdbc29@group-7855C2F36E53-FollowerState: change to CANDIDATE, lastRpcTime:61ms, electionTimeout:61ms
2019-11-04 16:02:27,491 [Thread-1544] INFO  impl.RoleInfo (RoleInfo.java:shutdownFollowerState(121)) - e3fb79a3-1f86-42af-a80c-c46d1acdbc29: shutdown FollowerState
2019-11-04 16:02:27,491 [Thread-1544] INFO  impl.RaftServerImpl (RaftServerImpl.java:setRole(184)) - e3fb79a3-1f86-42af-a80c-c46d1acdbc29@group-7855C2F36E53: changes role from  FOLLOWER to CANDIDATE at term 216 for changeToCandidate
2019-11-04 16:02:27,491 [Thread-1544] INFO  impl.RoleInfo (RoleInfo.java:updateAndGet(143)) - e3fb79a3-1f86-42af-a80c-c46d1acdbc29: start LeaderElection
2019-11-04 16:02:27,506 [e3fb79a3-1f86-42af-a80c-c46d1acdbc29@group-7855C2F36E53-LeaderElection198] INFO  impl.LeaderElection (LeaderElection.java:askForVotes(178)) - e3fb79a3-1f86-42af-a80c-c46d1acdbc29@group-7855C2F36E53-LeaderElection198: begin an election at term 217 for -1: [e3fb79a3-1f86-42af-a80c-c46d1acdbc29:192.168.157.194:44142, 81ff859e-e76f-43f5-951a-4a38422068cb:192.168.157.194:46532, a9143d84-6d7f-497d-b770-eb75585db3c7:192.168.157.194:42126], old=null
2019-11-04 16:02:27,507 [e3fb79a3-1f86-42af-a80c-c46d1acdbc29@group-7855C2F36E53-LeaderElection198] INFO  impl.LeaderElection (LeaderElection.java:logAndReturn(56)) - e3fb79a3-1f86-42af-a80c-c46d1acdbc29@group-7855C2F36E53-LeaderElection198: Election TIMEOUT; received 0 response(s) [] and 0 exception(s); e3fb79a3-1f86-42af-a80c-c46d1acdbc29@group-7855C2F36E53:t217, leader=null, voted=e3fb79a3-1f86-42af-a80c-c46d1acdbc29, raftlog=e3fb79a3-1f86-42af-a80c-c46d1acdbc29@group-7855C2F36E53-SegmentedRaftLog:OPENED:c-1,f-1,i0, conf=-1: [e3fb79a3-1f86-42af-a80c-c46d1acdbc29:192.168.157.194:44142, 81ff859e-e76f-43f5-951a-4a38422068cb:192.168.157.194:46532, a9143d84-6d7f-497d-b770-eb75585db3c7:192.168.157.194:42126], old=null
2019-11-04 16:02:27,508 [grpc-default-executor-1] INFO  impl.RaftServerImpl (RaftServerImpl.java:setRole(184)) - a9143d84-6d7f-497d-b770-eb75585db3c7@group-7855C2F36E53: changes role from  FOLLOWER to FOLLOWER at term 217 for recognizeCandidate:e3fb79a3-1f86-42af-a80c-c46d1acdbc29
2019-11-04 16:02:27,509 [grpc-default-executor-1] INFO  impl.RoleInfo (RoleInfo.java:shutdownFollowerState(121)) - a9143d84-6d7f-497d-b770-eb75585db3c7: shutdown FollowerState
2019-11-04 16:02:27,508 [grpc-default-executor-4] INFO  impl.RaftServerImpl (RaftServerImpl.java:setRole(184)) - 81ff859e-e76f-43f5-951a-4a38422068cb@group-7855C2F36E53: changes role from  FOLLOWER to FOLLOWER at term 217 for recognizeCandidate:e3fb79a3-1f86-42af-a80c-c46d1acdbc29
2019-11-04 16:02:27,509 [Thread-1542] INFO  impl.FollowerState (FollowerState.java:run(117)) - a9143d84-6d7f-497d-b770-eb75585db3c7@group-7855C2F36E53-FollowerState was interrupted: java.lang.InterruptedException: sleep interrupted
2019-11-04 16:02:27,509 [grpc-default-executor-1] INFO  impl.RoleInfo (RoleInfo.java:updateAndGet(143)) - a9143d84-6d7f-497d-b770-eb75585db3c7: start FollowerState
2019-11-04 16:02:27,509 [grpc-default-executor-4] INFO  impl.RoleInfo (RoleInfo.java:shutdownFollowerState(121)) - 81ff859e-e76f-43f5-951a-4a38422068cb: shutdown FollowerState
2019-11-04 16:02:27,509 [grpc-default-executor-4] INFO  impl.RoleInfo (RoleInfo.java:updateAndGet(143)) - 81ff859e-e76f-43f5-951a-4a38422068cb: start FollowerState
2019-11-04 16:02:27,509 [Thread-1543] INFO  impl.FollowerState (FollowerState.java:run(117)) - 81ff859e-e76f-43f5-951a-4a38422068cb@group-7855C2F36E53-FollowerState was interrupted: java.lang.InterruptedException: sleep interrupted
2019-11-04 16:02:27,533 [e3fb79a3-1f86-42af-a80c-c46d1acdbc29@group-7855C2F36E53-LeaderElection198] INFO  impl.LeaderElection (LeaderElection.java:askForVotes(178)) - e3fb79a3-1f86-42af-a80c-c46d1acdbc29@group-7855C2F36E53-LeaderElection198: begin an election at term 218 for -1: [e3fb79a3-1f86-42af-a80c-c46d1acdbc29:192.168.157.194:44142, 81ff859e-e76f-43f5-951a-4a38422068cb:192.168.157.194:46532, a9143d84-6d7f-497d-b770-eb75585db3c7:192.168.157.194:42126], old=null
2019-11-04 16:02:27,535 [grpc-default-executor-1] INFO  impl.RaftServerImpl (RaftServerImpl.java:setRole(184)) - a9143d84-6d7f-497d-b770-eb75585db3c7@group-7855C2F36E53: changes role from  FOLLOWER to FOLLOWER at term 218 for recognizeCandidate:e3fb79a3-1f86-42af-a80c-c46d1acdbc29
2019-11-04 16:02:27,535 [grpc-default-executor-1] INFO  impl.RoleInfo (RoleInfo.java:shutdownFollowerState(121)) - a9143d84-6d7f-497d-b770-eb75585db3c7: shutdown FollowerState
2019-11-04 16:02:27,535 [grpc-default-executor-1] INFO  impl.RoleInfo (RoleInfo.java:updateAndGet(143)) - a9143d84-6d7f-497d-b770-eb75585db3c7: start FollowerState
2019-11-04 16:02:27,535 [Thread-1548] INFO  impl.FollowerState (FollowerState.java:run(117)) - a9143d84-6d7f-497d-b770-eb75585db3c7@group-7855C2F36E53-FollowerState was interrupted: java.lang.InterruptedException: sleep interrupted
2019-11-04 16:02:27,536 [grpc-default-executor-4] INFO  impl.RaftServerImpl (RaftServerImpl.java:setRole(184)) - 81ff859e-e76f-43f5-951a-4a38422068cb@group-7855C2F36E53: changes role from  FOLLOWER to FOLLOWER at term 218 for recognizeCandidate:e3fb79a3-1f86-42af-a80c-c46d1acdbc29
2019-11-04 16:02:27,536 [grpc-default-executor-4] INFO  impl.RoleInfo (RoleInfo.java:shutdownFollowerState(121)) - 81ff859e-e76f-43f5-951a-4a38422068cb: shutdown FollowerState
2019-11-04 16:02:27,536 [grpc-default-executor-4] INFO  impl.RoleInfo (RoleInfo.java:updateAndGet(143)) - 81ff859e-e76f-43f5-951a-4a38422068cb: start FollowerState
2019-11-04 16:02:27,536 [Thread-1549] INFO  impl.FollowerState (FollowerState.java:run(117)) - 81ff859e-e76f-43f5-951a-4a38422068cb@group-7855C2F36E53-FollowerState was interrupted: java.lang.InterruptedException: sleep interrupted
2019-11-04 16:02:27,550 [e3fb79a3-1f86-42af-a80c-c46d1acdbc29@group-7855C2F36E53-LeaderElection198] INFO  impl.LeaderElection (LeaderElection.java:logAndReturn(56)) - e3fb79a3-1f86-42af-a80c-c46d1acdbc29@group-7855C2F36E53-LeaderElection198: Election REJECTED; received 2 response(s) [e3fb79a3-1f86-42af-a80c-c46d1acdbc29<-81ff859e-e76f-43f5-951a-4a38422068cb#0:FAIL-t218, e3fb79a3-1f86-42af-a80c-c46d1acdbc29<-a9143d84-6d7f-497d-b770-eb75585db3c7#0:FAIL-t218] and 0 exception(s); e3fb79a3-1f86-42af-a80c-c46d1acdbc29@group-7855C2F36E53:t218, leader=null, voted=e3fb79a3-1f86-42af-a80c-c46d1acdbc29, raftlog=e3fb79a3-1f86-42af-a80c-c46d1acdbc29@group-7855C2F36E53-SegmentedRaftLog:OPENED:c-1,f-1,i0, conf=-1: [e3fb79a3-1f86-42af-a80c-c46d1acdbc29:192.168.157.194:44142, 81ff859e-e76f-43f5-951a-4a38422068cb:192.168.157.194:46532, a9143d84-6d7f-497d-b770-eb75585db3c7:192.168.157.194:42126], old=null
2019-11-04 16:02:27,550 [e3fb79a3-1f86-42af-a80c-c46d1acdbc29@group-7855C2F36E53-LeaderElection198] INFO  impl.RaftServerImpl (RaftServerImpl.java:setRole(184)) - e3fb79a3-1f86-42af-a80c-c46d1acdbc29@group-7855C2F36E53: changes role from CANDIDATE to FOLLOWER at term 218 for DISCOVERED_A_NEW_TERM
2019-11-04 16:02:27,550 [e3fb79a3-1f86-42af-a80c-c46d1acdbc29@group-7855C2F36E53-LeaderElection198] INFO  impl.RoleInfo (RoleInfo.java:shutdownLeaderElection(134)) - e3fb79a3-1f86-42af-a80c-c46d1acdbc29: shutdown LeaderElection
2019-11-04 16:02:27,550 [e3fb79a3-1f86-42af-a80c-c46d1acdbc29@group-7855C2F36E53-LeaderElection198] INFO  impl.RoleInfo (RoleInfo.java:updateAndGet(143)) - e3fb79a3-1f86-42af-a80c-c46d1acdbc29: start FollowerState
2019-11-04 16:02:27,602 [Thread-1554] INFO  impl.FollowerState (FollowerState.java:run(108)) - e3fb79a3-1f86-42af-a80c-c46d1acdbc29@group-7855C2F36E53-FollowerState: change to CANDIDATE, lastRpcTime:51ms, electionTimeout:51ms
2019-11-04 16:02:27,602 [Thread-1554] INFO  impl.RoleInfo (RoleInfo.java:shutdownFollowerState(121)) - e3fb79a3-1f86-42af-a80c-c46d1acdbc29: shutdown FollowerState
2019-11-04 16:02:27,602 [Thread-1554] INFO  impl.RaftServerImpl (RaftServerImpl.java:setRole(184)) - e3fb79a3-1f86-42af-a80c-c46d1acdbc29@group-7855C2F36E53: changes role from  FOLLOWER to CANDIDATE at term 218 for changeToCandidate
2019-11-04 16:02:27,602 [Thread-1554] INFO  impl.RoleInfo (RoleInfo.java:updateAndGet(143)) - e3fb79a3-1f86-42af-a80c-c46d1acdbc29: start LeaderElection
2019-11-04 16:02:27,628 [e3fb79a3-1f86-42af-a80c-c46d1acdbc29@group-7855C2F36E53-LeaderElection199] INFO  impl.LeaderElection (LeaderElection.java:askForVotes(178)) - e3fb79a3-1f86-42af-a80c-c46d1acdbc29@group-7855C2F36E53-LeaderElection199: begin an election at term 219 for -1: [e3fb79a3-1f86-42af-a80c-c46d1acdbc29:192.168.157.194:44142, 81ff859e-e76f-43f5-951a-4a38422068cb:192.168.157.194:46532, a9143d84-6d7f-497d-b770-eb75585db3c7:192.168.157.194:42126], old=null
2019-11-04 16:02:27,631 [grpc-default-executor-1] INFO  impl.RaftServerImpl (RaftServerImpl.java:setRole(184)) - 81ff859e-e76f-43f5-951a-4a38422068cb@group-7855C2F36E53: changes role from  FOLLOWER to FOLLOWER at term 219 for recognizeCandidate:e3fb79a3-1f86-42af-a80c-c46d1acdbc29
2019-11-04 16:02:27,631 [grpc-default-executor-4] INFO  impl.RaftServerImpl (RaftServerImpl.java:setRole(184)) - a9143d84-6d7f-497d-b770-eb75585db3c7@group-7855C2F36E53: changes role from  FOLLOWER to FOLLOWER at term 219 for recognizeCandidate:e3fb79a3-1f86-42af-a80c-c46d1acdbc29
2019-11-04 16:02:27,631 [grpc-default-executor-4] INFO  impl.RoleInfo (RoleInfo.java:shutdownFollowerState(121)) - a9143d84-6d7f-497d-b770-eb75585db3c7: shutdown FollowerState
2019-11-04 16:02:27,631 [grpc-default-executor-1] INFO  impl.RoleInfo (RoleInfo.java:shutdownFollowerState(121)) - 81ff859e-e76f-43f5-951a-4a38422068cb: shutdown FollowerState
2019-11-04 16:02:27,631 [Thread-1552] INFO  impl.FollowerState (FollowerState.java:run(117)) - a9143d84-6d7f-497d-b770-eb75585db3c7@group-7855C2F36E53-FollowerState was interrupted: java.lang.InterruptedException: sleep interrupted
2019-11-04 16:02:27,632 [Thread-1553] INFO  impl.FollowerState (FollowerState.java:run(117)) - 81ff859e-e76f-43f5-951a-4a38422068cb@group-7855C2F36E53-FollowerState was interrupted: java.lang.InterruptedException: sleep interrupted
2019-11-04 16:02:27,631 [grpc-default-executor-4] INFO  impl.RoleInfo (RoleInfo.java:updateAndGet(143)) - a9143d84-6d7f-497d-b770-eb75585db3c7: start FollowerState
2019-11-04 16:02:27,632 [grpc-default-executor-1] INFO  impl.RoleInfo (RoleInfo.java:updateAndGet(143)) - 81ff859e-e76f-43f5-951a-4a38422068cb: start FollowerState
2019-11-04 16:02:27,659 [e3fb79a3-1f86-42af-a80c-c46d1acdbc29@group-7855C2F36E53-LeaderElection199] INFO  impl.LeaderElection (LeaderElection.java:logAndReturn(56)) - e3fb79a3-1f86-42af-a80c-c46d1acdbc29@group-7855C2F36E53-LeaderElection199: Election REJECTED; received 2 response(s) [e3fb79a3-1f86-42af-a80c-c46d1acdbc29<-81ff859e-e76f-43f5-951a-4a38422068cb#0:FAIL-t219, e3fb79a3-1f86-42af-a80c-c46d1acdbc29<-a9143d84-6d7f-497d-b770-eb75585db3c7#0:FAIL-t219] and 0 exception(s); e3fb79a3-1f86-42af-a80c-c46d1acdbc29@group-7855C2F36E53:t219, leader=null, voted=e3fb79a3-1f86-42af-a80c-c46d1acdbc29, raftlog=e3fb79a3-1f86-42af-a80c-c46d1acdbc29@group-7855C2F36E53-SegmentedRaftLog:OPENED:c-1,f-1,i0, conf=-1: [e3fb79a3-1f86-42af-a80c-c46d1acdbc29:192.168.157.194:44142, 81ff859e-e76f-43f5-951a-4a38422068cb:192.168.157.194:46532, a9143d84-6d7f-497d-b770-eb75585db3c7:192.168.157.194:42126], old=null
2019-11-04 16:02:27,659 [e3fb79a3-1f86-42af-a80c-c46d1acdbc29@group-7855C2F36E53-LeaderElection199] INFO  impl.RaftServerImpl (RaftServerImpl.java:setRole(184)) - e3fb79a3-1f86-42af-a80c-c46d1acdbc29@group-7855C2F36E53: changes role from CANDIDATE to FOLLOWER at term 219 for DISCOVERED_A_NEW_TERM
2019-11-04 16:02:27,659 [e3fb79a3-1f86-42af-a80c-c46d1acdbc29@group-7855C2F36E53-LeaderElection199] INFO  impl.RoleInfo (RoleInfo.java:shutdownLeaderElection(134)) - e3fb79a3-1f86-42af-a80c-c46d1acdbc29: shutdown LeaderElection
2019-11-04 16:02:27,659 [e3fb79a3-1f86-42af-a80c-c46d1acdbc29@group-7855C2F36E53-LeaderElection199] INFO  impl.RoleInfo (RoleInfo.java:updateAndGet(143)) - e3fb79a3-1f86-42af-a80c-c46d1acdbc29: start FollowerState
2019-11-04 16:02:27,790 [Thread-1560] INFO  impl.FollowerState (FollowerState.java:run(108)) - e3fb79a3-1f86-42af-a80c-c46d1acdbc29@group-7855C2F36E53-FollowerState: change to CANDIDATE, lastRpcTime:130ms, electionTimeout:130ms
2019-11-04 16:02:27,791 [Thread-1560] INFO  impl.RoleInfo (RoleInfo.java:shutdownFollowerState(121)) - e3fb79a3-1f86-42af-a80c-c46d1acdbc29: shutdown FollowerState
2019-11-04 16:02:27,791 [Thread-1560] INFO  impl.RaftServerImpl (RaftServerImpl.java:setRole(184)) - e3fb79a3-1f86-42af-a80c-c46d1acdbc29@group-7855C2F36E53: changes role from  FOLLOWER to CANDIDATE at term 219 for changeToCandidate
2019-11-04 16:02:27,792 [Thread-1560] INFO  impl.RoleInfo (RoleInfo.java:updateAndGet(143)) - e3fb79a3-1f86-42af-a80c-c46d1acdbc29: start LeaderElection
2019-11-04 16:02:27,819 [e3fb79a3-1f86-42af-a80c-c46d1acdbc29@group-7855C2F36E53-LeaderElection200] INFO  impl.LeaderElection (LeaderElection.java:askForVotes(178)) - e3fb79a3-1f86-42af-a80c-c46d1acdbc29@group-7855C2F36E53-LeaderElection200: begin an election at term 220 for -1: [e3fb79a3-1f86-42af-a80c-c46d1acdbc29:192.168.157.194:44142, 81ff859e-e76f-43f5-951a-4a38422068cb:192.168.157.194:46532, a9143d84-6d7f-497d-b770-eb75585db3c7:192.168.157.194:42126], old=null
2019-11-04 16:02:27,826 [grpc-default-executor-1] INFO  impl.RaftServerImpl (RaftServerImpl.java:setRole(184)) - 81ff859e-e76f-43f5-951a-4a38422068cb@group-7855C2F36E53: changes role from  FOLLOWER to FOLLOWER at term 220 for recognizeCandidate:e3fb79a3-1f86-42af-a80c-c46d1acdbc29
2019-11-04 16:02:27,826 [grpc-default-executor-4] INFO  impl.RaftServerImpl (RaftServerImpl.java:setRole(184)) - a9143d84-6d7f-497d-b770-eb75585db3c7@group-7855C2F36E53: changes role from  FOLLOWER to FOLLOWER at term 220 for recognizeCandidate:e3fb79a3-1f86-42af-a80c-c46d1acdbc29
2019-11-04 16:02:27,826 [grpc-default-executor-1] INFO  impl.RoleInfo (RoleInfo.java:shutdownFollowerState(121)) - 81ff859e-e76f-43f5-951a-4a38422068cb: shutdown FollowerState
2019-11-04 16:02:27,827 [grpc-default-executor-4] INFO  impl.RoleInfo (RoleInfo.java:shutdownFollowerState(121)) - a9143d84-6d7f-497d-b770-eb75585db3c7: shutdown FollowerState
2019-11-04 16:02:27,827 [Thread-1559] INFO  impl.FollowerState (FollowerState.java:run(117)) - 81ff859e-e76f-43f5-951a-4a38422068cb@group-7855C2F36E53-FollowerState was interrupted: java.lang.InterruptedException: sleep interrupted
2019-11-04 16:02:27,827 [grpc-default-executor-4] INFO  impl.RoleInfo (RoleInfo.java:updateAndGet(143)) - a9143d84-6d7f-497d-b770-eb75585db3c7: start FollowerState
2019-11-04 16:02:27,827 [grpc-default-executor-1] INFO  impl.RoleInfo (RoleInfo.java:updateAndGet(143)) - 81ff859e-e76f-43f5-951a-4a38422068cb: start FollowerState
2019-11-04 16:02:27,827 [Thread-1558] INFO  impl.FollowerState (FollowerState.java:run(117)) - a9143d84-6d7f-497d-b770-eb75585db3c7@group-7855C2F36E53-FollowerState was interrupted: java.lang.InterruptedException: sleep interrupted
2019-11-04 16:02:27,843 [e3fb79a3-1f86-42af-a80c-c46d1acdbc29@group-7855C2F36E53-LeaderElection200] INFO  impl.LeaderElection (LeaderElection.java:logAndReturn(56)) - e3fb79a3-1f86-42af-a80c-c46d1acdbc29@group-7855C2F36E53-LeaderElection200: Election REJECTED; received 2 response(s) [e3fb79a3-1f86-42af-a80c-c46d1acdbc29<-81ff859e-e76f-43f5-951a-4a38422068cb#0:FAIL-t220, e3fb79a3-1f86-42af-a80c-c46d1acdbc29<-a9143d84-6d7f-497d-b770-eb75585db3c7#0:FAIL-t220] and 0 exception(s); e3fb79a3-1f86-42af-a80c-c46d1acdbc29@group-7855C2F36E53:t220, leader=null, voted=e3fb79a3-1f86-42af-a80c-c46d1acdbc29, raftlog=e3fb79a3-1f86-42af-a80c-c46d1acdbc29@group-7855C2F36E53-SegmentedRaftLog:OPENED:c-1,f-1,i0, conf=-1: [e3fb79a3-1f86-42af-a80c-c46d1acdbc29:192.168.157.194:44142, 81ff859e-e76f-43f5-951a-4a38422068cb:192.168.157.194:46532, a9143d84-6d7f-497d-b770-eb75585db3c7:192.168.157.194:42126], old=null
2019-11-04 16:02:27,843 [e3fb79a3-1f86-42af-a80c-c46d1acdbc29@group-7855C2F36E53-LeaderElection200] INFO  impl.RaftServerImpl (RaftServerImpl.java:setRole(184)) - e3fb79a3-1f86-42af-a80c-c46d1acdbc29@group-7855C2F36E53: changes role from CANDIDATE to FOLLOWER at term 220 for DISCOVERED_A_NEW_TERM
2019-11-04 16:02:27,843 [e3fb79a3-1f86-42af-a80c-c46d1acdbc29@group-7855C2F36E53-LeaderElection200] INFO  impl.RoleInfo (RoleInfo.java:shutdownLeaderElection(134)) - e3fb79a3-1f86-42af-a80c-c46d1acdbc29: shutdown LeaderElection
2019-11-04 16:02:27,844 [e3fb79a3-1f86-42af-a80c-c46d1acdbc29@group-7855C2F36E53-LeaderElection200] INFO  impl.RoleInfo (RoleInfo.java:updateAndGet(143)) - e3fb79a3-1f86-42af-a80c-c46d1acdbc29: start FollowerState
2019-11-04 16:02:27,933 [Thread-1566] INFO  impl.FollowerState (FollowerState.java:run(108)) - e3fb79a3-1f86-42af-a80c-c46d1acdbc29@group-7855C2F36E53-FollowerState: change to CANDIDATE, lastRpcTime:89ms, electionTimeout:89ms
2019-11-04 16:02:27,933 [Thread-1566] INFO  impl.RoleInfo (RoleInfo.java:shutdownFollowerState(121)) - e3fb79a3-1f86-42af-a80c-c46d1acdbc29: shutdown FollowerState
2019-11-04 16:02:27,933 [Thread-1566] INFO  impl.RaftServerImpl (RaftServerImpl.java:setRole(184)) - e3fb79a3-1f86-42af-a80c-c46d1acdbc29@group-7855C2F36E53: changes role from  FOLLOWER to CANDIDATE at term 220 for changeToCandidate
2019-11-04 16:02:27,934 [Thread-1566] INFO  impl.RoleInfo (RoleInfo.java:updateAndGet(143)) - e3fb79a3-1f86-42af-a80c-c46d1acdbc29: start LeaderElection
2019-11-04 16:02:27,947 [e3fb79a3-1f86-42af-a80c-c46d1acdbc29@group-7855C2F36E53-LeaderElection201] INFO  impl.LeaderElection (LeaderElection.java:askForVotes(178)) - e3fb79a3-1f86-42af-a80c-c46d1acdbc29@group-7855C2F36E53-LeaderElection201: begin an election at term 221 for -1: [e3fb79a3-1f86-42af-a80c-c46d1acdbc29:192.168.157.194:44142, 81ff859e-e76f-43f5-951a-4a38422068cb:192.168.157.194:46532, a9143d84-6d7f-497d-b770-eb75585db3c7:192.168.157.194:42126], old=null
2019-11-04 16:02:27,950 [grpc-default-executor-4] INFO  impl.RaftServerImpl (RaftServerImpl.java:setRole(184)) - 81ff859e-e76f-43f5-951a-4a38422068cb@group-7855C2F36E53: changes role from  FOLLOWER to FOLLOWER at term 221 for recognizeCandidate:e3fb79a3-1f86-42af-a80c-c46d1acdbc29
2019-11-04 16:02:27,950 [grpc-default-executor-4] INFO  impl.RoleInfo (RoleInfo.java:shutdownFollowerState(121)) - 81ff859e-e76f-43f5-951a-4a38422068cb: shutdown FollowerState
2019-11-04 16:02:27,950 [grpc-default-executor-4] INFO  impl.RoleInfo (RoleInfo.java:updateAndGet(143)) - 81ff859e-e76f-43f5-951a-4a38422068cb: start FollowerState
2019-11-04 16:02:27,950 [grpc-default-executor-1] INFO  impl.RaftServerImpl (RaftServerImpl.java:setRole(184)) - a9143d84-6d7f-497d-b770-eb75585db3c7@group-7855C2F36E53: changes role from  FOLLOWER to FOLLOWER at term 221 for recognizeCandidate:e3fb79a3-1f86-42af-a80c-c46d1acdbc29
2019-11-04 16:02:27,950 [Thread-1564] INFO  impl.FollowerState (FollowerState.java:run(117)) - 81ff859e-e76f-43f5-951a-4a38422068cb@group-7855C2F36E53-FollowerState was interrupted: java.lang.InterruptedException: sleep interrupted
2019-11-04 16:02:27,951 [grpc-default-executor-1] INFO  impl.RoleInfo (RoleInfo.java:shutdownFollowerState(121)) - a9143d84-6d7f-497d-b770-eb75585db3c7: shutdown FollowerState
2019-11-04 16:02:27,951 [grpc-default-executor-1] INFO  impl.RoleInfo (RoleInfo.java:updateAndGet(143)) - a9143d84-6d7f-497d-b770-eb75585db3c7: start FollowerState
2019-11-04 16:02:27,951 [Thread-1565] INFO  impl.FollowerState (FollowerState.java:run(117)) - a9143d84-6d7f-497d-b770-eb75585db3c7@group-7855C2F36E53-FollowerState was interrupted: java.lang.InterruptedException: sleep interrupted
2019-11-04 16:02:27,993 [e3fb79a3-1f86-42af-a80c-c46d1acdbc29@group-7855C2F36E53-LeaderElection201] INFO  impl.LeaderElection (LeaderElection.java:logAndReturn(56)) - e3fb79a3-1f86-42af-a80c-c46d1acdbc29@group-7855C2F36E53-LeaderElection201: Election TIMEOUT; received 0 response(s) [] and 0 exception(s); e3fb79a3-1f86-42af-a80c-c46d1acdbc29@group-7855C2F36E53:t221, leader=null, voted=e3fb79a3-1f86-42af-a80c-c46d1acdbc29, raftlog=e3fb79a3-1f86-42af-a80c-c46d1acdbc29@group-7855C2F36E53-SegmentedRaftLog:OPENED:c-1,f-1,i0, conf=-1: [e3fb79a3-1f86-42af-a80c-c46d1acdbc29:192.168.157.194:44142, 81ff859e-e76f-43f5-951a-4a38422068cb:192.168.157.194:46532, a9143d84-6d7f-497d-b770-eb75585db3c7:192.168.157.194:42126], old=null
2019-11-04 16:02:28,008 [e3fb79a3-1f86-42af-a80c-c46d1acdbc29@group-7855C2F36E53-LeaderElection201] INFO  impl.LeaderElection (LeaderElection.java:askForVotes(178)) - e3fb79a3-1f86-42af-a80c-c46d1acdbc29@group-7855C2F36E53-LeaderElection201: begin an election at term 222 for -1: [e3fb79a3-1f86-42af-a80c-c46d1acdbc29:192.168.157.194:44142, 81ff859e-e76f-43f5-951a-4a38422068cb:192.168.157.194:46532, a9143d84-6d7f-497d-b770-eb75585db3c7:192.168.157.194:42126], old=null
2019-11-04 16:02:28,010 [grpc-default-executor-4] INFO  impl.RaftServerImpl (RaftServerImpl.java:setRole(184)) - 81ff859e-e76f-43f5-951a-4a38422068cb@group-7855C2F36E53: changes role from  FOLLOWER to FOLLOWER at term 222 for recognizeCandidate:e3fb79a3-1f86-42af-a80c-c46d1acdbc29
2019-11-04 16:02:28,010 [grpc-default-executor-4] INFO  impl.RoleInfo (RoleInfo.java:shutdownFollowerState(121)) - 81ff859e-e76f-43f5-951a-4a38422068cb: shutdown FollowerState
2019-11-04 16:02:28,011 [grpc-default-executor-1] INFO  impl.RaftServerImpl (RaftServerImpl.java:setRole(184)) - a9143d84-6d7f-497d-b770-eb75585db3c7@group-7855C2F36E53: changes role from  FOLLOWER to FOLLOWER at term 222 for recognizeCandidate:e3fb79a3-1f86-42af-a80c-c46d1acdbc29
2019-11-04 16:02:28,011 [grpc-default-executor-1] INFO  impl.RoleInfo (RoleInfo.java:shutdownFollowerState(121)) - a9143d84-6d7f-497d-b770-eb75585db3c7: shutdown FollowerState
2019-11-04 16:02:28,011 [Thread-1570] INFO  impl.FollowerState (FollowerState.java:run(117)) - 81ff859e-e76f-43f5-951a-4a38422068cb@group-7855C2F36E53-FollowerState was interrupted: java.lang.InterruptedException: sleep interrupted
2019-11-04 16:02:28,011 [grpc-default-executor-4] INFO  impl.RoleInfo (RoleInfo.java:updateAndGet(143)) - 81ff859e-e76f-43f5-951a-4a38422068cb: start FollowerState
2019-11-04 16:02:28,011 [Thread-1571] INFO  impl.FollowerState (FollowerState.java:run(117)) - a9143d84-6d7f-497d-b770-eb75585db3c7@group-7855C2F36E53-FollowerState was interrupted: java.lang.InterruptedException: sleep interrupted
2019-11-04 16:02:28,011 [grpc-default-executor-1] INFO  impl.RoleInfo (RoleInfo.java:updateAndGet(143)) - a9143d84-6d7f-497d-b770-eb75585db3c7: start FollowerState
2019-11-04 16:02:28,025 [e3fb79a3-1f86-42af-a80c-c46d1acdbc29@group-7855C2F36E53-LeaderElection201] INFO  impl.LeaderElection (LeaderElection.java:logAndReturn(56)) - e3fb79a3-1f86-42af-a80c-c46d1acdbc29@group-7855C2F36E53-LeaderElection201: Election REJECTED; received 2 response(s) [e3fb79a3-1f86-42af-a80c-c46d1acdbc29<-81ff859e-e76f-43f5-951a-4a38422068cb#0:FAIL-t222, e3fb79a3-1f86-42af-a80c-c46d1acdbc29<-a9143d84-6d7f-497d-b770-eb75585db3c7#0:FAIL-t222] and 0 exception(s); e3fb79a3-1f86-42af-a80c-c46d1acdbc29@group-7855C2F36E53:t222, leader=null, voted=e3fb79a3-1f86-42af-a80c-c46d1acdbc29, raftlog=e3fb79a3-1f86-42af-a80c-c46d1acdbc29@group-7855C2F36E53-SegmentedRaftLog:OPENED:c-1,f-1,i0, conf=-1: [e3fb79a3-1f86-42af-a80c-c46d1acdbc29:192.168.157.194:44142, 81ff859e-e76f-43f5-951a-4a38422068cb:192.168.157.194:46532, a9143d84-6d7f-497d-b770-eb75585db3c7:192.168.157.194:42126], old=null
2019-11-04 16:02:28,025 [e3fb79a3-1f86-42af-a80c-c46d1acdbc29@group-7855C2F36E53-LeaderElection201] INFO  impl.RaftServerImpl (RaftServerImpl.java:setRole(184)) - e3fb79a3-1f86-42af-a80c-c46d1acdbc29@group-7855C2F36E53: changes role from CANDIDATE to FOLLOWER at term 222 for DISCOVERED_A_NEW_TERM
2019-11-04 16:02:28,026 [e3fb79a3-1f86-42af-a80c-c46d1acdbc29@group-7855C2F36E53-LeaderElection201] INFO  impl.RoleInfo (RoleInfo.java:shutdownLeaderElection(134)) - e3fb79a3-1f86-42af-a80c-c46d1acdbc29: shutdown LeaderElection
2019-11-04 16:02:28,026 [e3fb79a3-1f86-42af-a80c-c46d1acdbc29@group-7855C2F36E53-LeaderElection201] INFO  impl.RoleInfo (RoleInfo.java:updateAndGet(143)) - e3fb79a3-1f86-42af-a80c-c46d1acdbc29: start FollowerState
2019-11-04 16:02:28,091 [Thread-1576] INFO  impl.FollowerState (FollowerState.java:run(108)) - e3fb79a3-1f86-42af-a80c-c46d1acdbc29@group-7855C2F36E53-FollowerState: change to CANDIDATE, lastRpcTime:65ms, electionTimeout:65ms
2019-11-04 16:02:28,091 [Thread-1576] INFO  impl.RoleInfo (RoleInfo.java:shutdownFollowerState(121)) - e3fb79a3-1f86-42af-a80c-c46d1acdbc29: shutdown FollowerState
2019-11-04 16:02:28,092 [Thread-1576] INFO  impl.RaftServerImpl (RaftServerImpl.java:setRole(184)) - e3fb79a3-1f86-42af-a80c-c46d1acdbc29@group-7855C2F36E53: changes role from  FOLLOWER to CANDIDATE at term 222 for changeToCandidate
2019-11-04 16:02:28,092 [Thread-1576] INFO  impl.RoleInfo (RoleInfo.java:updateAndGet(143)) - e3fb79a3-1f86-42af-a80c-c46d1acdbc29: start LeaderElection
2019-11-04 16:02:28,106 [e3fb79a3-1f86-42af-a80c-c46d1acdbc29@group-7855C2F36E53-LeaderElection202] INFO  impl.LeaderElection (LeaderElection.java:askForVotes(178)) - e3fb79a3-1f86-42af-a80c-c46d1acdbc29@group-7855C2F36E53-LeaderElection202: begin an election at term 223 for -1: [e3fb79a3-1f86-42af-a80c-c46d1acdbc29:192.168.157.194:44142, 81ff859e-e76f-43f5-951a-4a38422068cb:192.168.157.194:46532, a9143d84-6d7f-497d-b770-eb75585db3c7:192.168.157.194:42126], old=null
2019-11-04 16:02:28,109 [grpc-default-executor-1] INFO  impl.RaftServerImpl (RaftServerImpl.java:setRole(184)) - 81ff859e-e76f-43f5-951a-4a38422068cb@group-7855C2F36E53: changes role from  FOLLOWER to FOLLOWER at term 223 for recognizeCandidate:e3fb79a3-1f86-42af-a80c-c46d1acdbc29
2019-11-04 16:02:28,109 [grpc-default-executor-1] INFO  impl.RoleInfo (RoleInfo.java:shutdownFollowerState(121)) - 81ff859e-e76f-43f5-951a-4a38422068cb: shutdown FollowerState
2019-11-04 16:02:28,109 [grpc-default-executor-4] INFO  impl.RaftServerImpl (RaftServerImpl.java:setRole(184)) - a9143d84-6d7f-497d-b770-eb75585db3c7@group-7855C2F36E53: changes role from  FOLLOWER to FOLLOWER at term 223 for recognizeCandidate:e3fb79a3-1f86-42af-a80c-c46d1acdbc29
2019-11-04 16:02:28,109 [Thread-1574] INFO  impl.FollowerState (FollowerState.java:run(117)) - 81ff859e-e76f-43f5-951a-4a38422068cb@group-7855C2F36E53-FollowerState was interrupted: java.lang.InterruptedException: sleep interrupted
2019-11-04 16:02:28,109 [grpc-default-executor-1] INFO  impl.RoleInfo (RoleInfo.java:updateAndGet(143)) - 81ff859e-e76f-43f5-951a-4a38422068cb: start FollowerState
2019-11-04 16:02:28,109 [grpc-default-executor-4] INFO  impl.RoleInfo (RoleInfo.java:shutdownFollowerState(121)) - a9143d84-6d7f-497d-b770-eb75585db3c7: shutdown FollowerState
2019-11-04 16:02:28,110 [grpc-default-executor-4] INFO  impl.RoleInfo (RoleInfo.java:updateAndGet(143)) - a9143d84-6d7f-497d-b770-eb75585db3c7: start FollowerState
2019-11-04 16:02:28,110 [Thread-1575] INFO  impl.FollowerState (FollowerState.java:run(117)) - a9143d84-6d7f-497d-b770-eb75585db3c7@group-7855C2F36E53-FollowerState was interrupted: java.lang.InterruptedException: sleep interrupted
2019-11-04 16:02:28,124 [e3fb79a3-1f86-42af-a80c-c46d1acdbc29@group-7855C2F36E53-LeaderElection202] INFO  impl.LeaderElection (LeaderElection.java:logAndReturn(56)) - e3fb79a3-1f86-42af-a80c-c46d1acdbc29@group-7855C2F36E53-LeaderElection202: Election REJECTED; received 2 response(s) [e3fb79a3-1f86-42af-a80c-c46d1acdbc29<-81ff859e-e76f-43f5-951a-4a38422068cb#0:FAIL-t223, e3fb79a3-1f86-42af-a80c-c46d1acdbc29<-a9143d84-6d7f-497d-b770-eb75585db3c7#0:FAIL-t223] and 0 exception(s); e3fb79a3-1f86-42af-a80c-c46d1acdbc29@group-7855C2F36E53:t223, leader=null, voted=e3fb79a3-1f86-42af-a80c-c46d1acdbc29, raftlog=e3fb79a3-1f86-42af-a80c-c46d1acdbc29@group-7855C2F36E53-SegmentedRaftLog:OPENED:c-1,f-1,i0, conf=-1: [e3fb79a3-1f86-42af-a80c-c46d1acdbc29:192.168.157.194:44142, 81ff859e-e76f-43f5-951a-4a38422068cb:192.168.157.194:46532, a9143d84-6d7f-497d-b770-eb75585db3c7:192.168.157.194:42126], old=null
2019-11-04 16:02:28,124 [e3fb79a3-1f86-42af-a80c-c46d1acdbc29@group-7855C2F36E53-LeaderElection202] INFO  impl.RaftServerImpl (RaftServerImpl.java:setRole(184)) - e3fb79a3-1f86-42af-a80c-c46d1acdbc29@group-7855C2F36E53: changes role from CANDIDATE to FOLLOWER at term 223 for DISCOVERED_A_NEW_TERM
2019-11-04 16:02:28,124 [e3fb79a3-1f86-42af-a80c-c46d1acdbc29@group-7855C2F36E53-LeaderElection202] INFO  impl.RoleInfo (RoleInfo.java:shutdownLeaderElection(134)) - e3fb79a3-1f86-42af-a80c-c46d1acdbc29: shutdown LeaderElection
2019-11-04 16:02:28,125 [e3fb79a3-1f86-42af-a80c-c46d1acdbc29@group-7855C2F36E53-LeaderElection202] INFO  impl.RoleInfo (RoleInfo.java:updateAndGet(143)) - e3fb79a3-1f86-42af-a80c-c46d1acdbc29: start FollowerState
2019-11-04 16:02:28,140 [Thread-1582] INFO  impl.FollowerState (FollowerState.java:run(108)) - e3fb79a3-1f86-42af-a80c-c46d1acdbc29@group-7855C2F36E53-FollowerState: change to CANDIDATE, lastRpcTime:15ms, electionTimeout:15ms
2019-11-04 16:02:28,140 [Thread-1582] INFO  impl.RoleInfo (RoleInfo.java:shutdownFollowerState(121)) - e3fb79a3-1f86-42af-a80c-c46d1acdbc29: shutdown FollowerState
2019-11-04 16:02:28,141 [Thread-1582] INFO  impl.RaftServerImpl (RaftServerImpl.java:setRole(184)) - e3fb79a3-1f86-42af-a80c-c46d1acdbc29@group-7855C2F36E53: changes role from  FOLLOWER to CANDIDATE at term 223 for changeToCandidate
2019-11-04 16:02:28,141 [Thread-1582] INFO  impl.RoleInfo (RoleInfo.java:updateAndGet(143)) - e3fb79a3-1f86-42af-a80c-c46d1acdbc29: start LeaderElection
2019-11-04 16:02:28,156 [e3fb79a3-1f86-42af-a80c-c46d1acdbc29@group-7855C2F36E53-LeaderElection203] INFO  impl.LeaderElection (LeaderElection.java:askForVotes(178)) - e3fb79a3-1f86-42af-a80c-c46d1acdbc29@group-7855C2F36E53-LeaderElection203: begin an election at term 224 for -1: [e3fb79a3-1f86-42af-a80c-c46d1acdbc29:192.168.157.194:44142, 81ff859e-e76f-43f5-951a-4a38422068cb:192.168.157.194:46532, a9143d84-6d7f-497d-b770-eb75585db3c7:192.168.157.194:42126], old=null
2019-11-04 16:02:28,158 [grpc-default-executor-1] INFO  impl.RaftServerImpl (RaftServerImpl.java:setRole(184)) - a9143d84-6d7f-497d-b770-eb75585db3c7@group-7855C2F36E53: changes role from  FOLLOWER to FOLLOWER at term 224 for recognizeCandidate:e3fb79a3-1f86-42af-a80c-c46d1acdbc29
2019-11-04 16:02:28,158 [grpc-default-executor-1] INFO  impl.RoleInfo (RoleInfo.java:shutdownFollowerState(121)) - a9143d84-6d7f-497d-b770-eb75585db3c7: shutdown FollowerState
2019-11-04 16:02:28,158 [grpc-default-executor-1] INFO  impl.RoleInfo (RoleInfo.java:updateAndGet(143)) - a9143d84-6d7f-497d-b770-eb75585db3c7: start FollowerState
2019-11-04 16:02:28,158 [Thread-1581] INFO  impl.FollowerState (FollowerState.java:run(117)) - a9143d84-6d7f-497d-b770-eb75585db3c7@group-7855C2F36E53-FollowerState was interrupted: java.lang.InterruptedException: sleep interrupted
2019-11-04 16:02:28,158 [grpc-default-executor-4] INFO  impl.RaftServerImpl (RaftServerImpl.java:setRole(184)) - 81ff859e-e76f-43f5-951a-4a38422068cb@group-7855C2F36E53: changes role from  FOLLOWER to FOLLOWER at term 224 for recognizeCandidate:e3fb79a3-1f86-42af-a80c-c46d1acdbc29
2019-11-04 16:02:28,159 [grpc-default-executor-4] INFO  impl.RoleInfo (RoleInfo.java:shutdownFollowerState(121)) - 81ff859e-e76f-43f5-951a-4a38422068cb: shutdown FollowerState
2019-11-04 16:02:28,159 [grpc-default-executor-4] INFO  impl.RoleInfo (RoleInfo.java:updateAndGet(143)) - 81ff859e-e76f-43f5-951a-4a38422068cb: start FollowerState
2019-11-04 16:02:28,159 [Thread-1580] INFO  impl.FollowerState (FollowerState.java:run(117)) - 81ff859e-e76f-43f5-951a-4a38422068cb@group-7855C2F36E53-FollowerState was interrupted: java.lang.InterruptedException: sleep interrupted
2019-11-04 16:02:28,184 [e3fb79a3-1f86-42af-a80c-c46d1acdbc29@group-7855C2F36E53-LeaderElection203] INFO  impl.LeaderElection (LeaderElection.java:logAndReturn(56)) - e3fb79a3-1f86-42af-a80c-c46d1acdbc29@group-7855C2F36E53-LeaderElection203: Election REJECTED; received 2 response(s) [e3fb79a3-1f86-42af-a80c-c46d1acdbc29<-81ff859e-e76f-43f5-951a-4a38422068cb#0:FAIL-t224, e3fb79a3-1f86-42af-a80c-c46d1acdbc29<-a9143d84-6d7f-497d-b770-eb75585db3c7#0:FAIL-t224] and 0 exception(s); e3fb79a3-1f86-42af-a80c-c46d1acdbc29@group-7855C2F36E53:t224, leader=null, voted=e3fb79a3-1f86-42af-a80c-c46d1acdbc29, raftlog=e3fb79a3-1f86-42af-a80c-c46d1acdbc29@group-7855C2F36E53-SegmentedRaftLog:OPENED:c-1,f-1,i0, conf=-1: [e3fb79a3-1f86-42af-a80c-c46d1acdbc29:192.168.157.194:44142, 81ff859e-e76f-43f5-951a-4a38422068cb:192.168.157.194:46532, a9143d84-6d7f-497d-b770-eb75585db3c7:192.168.157.194:42126], old=null
2019-11-04 16:02:28,184 [e3fb79a3-1f86-42af-a80c-c46d1acdbc29@group-7855C2F36E53-LeaderElection203] INFO  impl.RaftServerImpl (RaftServerImpl.java:setRole(184)) - e3fb79a3-1f86-42af-a80c-c46d1acdbc29@group-7855C2F36E53: changes role from CANDIDATE to FOLLOWER at term 224 for DISCOVERED_A_NEW_TERM
2019-11-04 16:02:28,184 [e3fb79a3-1f86-42af-a80c-c46d1acdbc29@group-7855C2F36E53-LeaderElection203] INFO  impl.RoleInfo (RoleInfo.java:shutdownLeaderElection(134)) - e3fb79a3-1f86-42af-a80c-c46d1acdbc29: shutdown LeaderElection
2019-11-04 16:02:28,184 [e3fb79a3-1f86-42af-a80c-c46d1acdbc29@group-7855C2F36E53-LeaderElection203] INFO  impl.RoleInfo (RoleInfo.java:updateAndGet(143)) - e3fb79a3-1f86-42af-a80c-c46d1acdbc29: start FollowerState
2019-11-04 16:02:28,385 [Thread-1588] INFO  impl.FollowerState (FollowerState.java:run(108)) - e3fb79a3-1f86-42af-a80c-c46d1acdbc29@group-7855C2F36E53-FollowerState: change to CANDIDATE, lastRpcTime:200ms, electionTimeout:200ms
2019-11-04 16:02:28,385 [Thread-1588] INFO  impl.RoleInfo (RoleInfo.java:shutdownFollowerState(121)) - e3fb79a3-1f86-42af-a80c-c46d1acdbc29: shutdown FollowerState
2019-11-04 16:02:28,385 [Thread-1588] INFO  impl.RaftServerImpl (RaftServerImpl.java:setRole(184)) - e3fb79a3-1f86-42af-a80c-c46d1acdbc29@group-7855C2F36E53: changes role from  FOLLOWER to CANDIDATE at term 224 for changeToCandidate
2019-11-04 16:02:28,386 [Thread-1588] INFO  impl.RoleInfo (RoleInfo.java:updateAndGet(143)) - e3fb79a3-1f86-42af-a80c-c46d1acdbc29: start LeaderElection
2019-11-04 16:02:28,400 [e3fb79a3-1f86-42af-a80c-c46d1acdbc29@group-7855C2F36E53-LeaderElection204] INFO  impl.LeaderElection (LeaderElection.java:askForVotes(178)) - e3fb79a3-1f86-42af-a80c-c46d1acdbc29@group-7855C2F36E53-LeaderElection204: begin an election at term 225 for -1: [e3fb79a3-1f86-42af-a80c-c46d1acdbc29:192.168.157.194:44142, 81ff859e-e76f-43f5-951a-4a38422068cb:192.168.157.194:46532, a9143d84-6d7f-497d-b770-eb75585db3c7:192.168.157.194:42126], old=null
2019-11-04 16:02:28,404 [grpc-default-executor-4] INFO  impl.RaftServerImpl (RaftServerImpl.java:setRole(184)) - a9143d84-6d7f-497d-b770-eb75585db3c7@group-7855C2F36E53: changes role from  FOLLOWER to FOLLOWER at term 225 for recognizeCandidate:e3fb79a3-1f86-42af-a80c-c46d1acdbc29
2019-11-04 16:02:28,404 [grpc-default-executor-4] INFO  impl.RoleInfo (RoleInfo.java:shutdownFollowerState(121)) - a9143d84-6d7f-497d-b770-eb75585db3c7: shutdown FollowerState
2019-11-04 16:02:28,404 [grpc-default-executor-1] INFO  impl.RaftServerImpl (RaftServerImpl.java:setRole(184)) - 81ff859e-e76f-43f5-951a-4a38422068cb@group-7855C2F36E53: changes role from  FOLLOWER to FOLLOWER at term 225 for recognizeCandidate:e3fb79a3-1f86-42af-a80c-c46d1acdbc29
2019-11-04 16:02:28,405 [Thread-1586] INFO  impl.FollowerState (FollowerState.java:run(117)) - a9143d84-6d7f-497d-b770-eb75585db3c7@group-7855C2F36E53-FollowerState was interrupted: java.lang.InterruptedException: sleep interrupted
2019-11-04 16:02:28,404 [grpc-default-executor-4] INFO  impl.RoleInfo (RoleInfo.java:updateAndGet(143)) - a9143d84-6d7f-497d-b770-eb75585db3c7: start FollowerState
2019-11-04 16:02:28,405 [grpc-default-executor-1] INFO  impl.RoleInfo (RoleInfo.java:shutdownFollowerState(121)) - 81ff859e-e76f-43f5-951a-4a38422068cb: shutdown FollowerState
2019-11-04 16:02:28,405 [grpc-default-executor-1] INFO  impl.RoleInfo (RoleInfo.java:updateAndGet(143)) - 81ff859e-e76f-43f5-951a-4a38422068cb: start FollowerState
2019-11-04 16:02:28,405 [Thread-1587] INFO  impl.FollowerState (FollowerState.java:run(117)) - 81ff859e-e76f-43f5-951a-4a38422068cb@group-7855C2F36E53-FollowerState was interrupted: java.lang.InterruptedException: sleep interrupted
2019-11-04 16:02:28,432 [e3fb79a3-1f86-42af-a80c-c46d1acdbc29@group-7855C2F36E53-LeaderElection204] INFO  impl.LeaderElection (LeaderElection.java:logAndReturn(56)) - e3fb79a3-1f86-42af-a80c-c46d1acdbc29@group-7855C2F36E53-LeaderElection204: Election REJECTED; received 2 response(s) [e3fb79a3-1f86-42af-a80c-c46d1acdbc29<-81ff859e-e76f-43f5-951a-4a38422068cb#0:FAIL-t225, e3fb79a3-1f86-42af-a80c-c46d1acdbc29<-a9143d84-6d7f-497d-b770-eb75585db3c7#0:FAIL-t225] and 0 exception(s); e3fb79a3-1f86-42af-a80c-c46d1acdbc29@group-7855C2F36E53:t225, leader=null, voted=e3fb79a3-1f86-42af-a80c-c46d1acdbc29, raftlog=e3fb79a3-1f86-42af-a80c-c46d1acdbc29@group-7855C2F36E53-SegmentedRaftLog:OPENED:c-1,f-1,i0, conf=-1: [e3fb79a3-1f86-42af-a80c-c46d1acdbc29:192.168.157.194:44142, 81ff859e-e76f-43f5-951a-4a38422068cb:192.168.157.194:46532, a9143d84-6d7f-497d-b770-eb75585db3c7:192.168.157.194:42126], old=null
2019-11-04 16:02:28,432 [e3fb79a3-1f86-42af-a80c-c46d1acdbc29@group-7855C2F36E53-LeaderElection204] INFO  impl.RaftServerImpl (RaftServerImpl.java:setRole(184)) - e3fb79a3-1f86-42af-a80c-c46d1acdbc29@group-7855C2F36E53: changes role from CANDIDATE to FOLLOWER at term 225 for DISCOVERED_A_NEW_TERM
2019-11-04 16:02:28,432 [e3fb79a3-1f86-42af-a80c-c46d1acdbc29@group-7855C2F36E53-LeaderElection204] INFO  impl.RoleInfo (RoleInfo.java:shutdownLeaderElection(134)) - e3fb79a3-1f86-42af-a80c-c46d1acdbc29: shutdown LeaderElection
2019-11-04 16:02:28,432 [e3fb79a3-1f86-42af-a80c-c46d1acdbc29@group-7855C2F36E53-LeaderElection204] INFO  impl.RoleInfo (RoleInfo.java:updateAndGet(143)) - e3fb79a3-1f86-42af-a80c-c46d1acdbc29: start FollowerState
2019-11-04 16:02:28,572 [Thread-1596] INFO  impl.FollowerState (FollowerState.java:run(108)) - e3fb79a3-1f86-42af-a80c-c46d1acdbc29@group-7855C2F36E53-FollowerState: change to CANDIDATE, lastRpcTime:139ms, electionTimeout:139ms
2019-11-04 16:02:28,572 [Thread-1596] INFO  impl.RoleInfo (RoleInfo.java:shutdownFollowerState(121)) - e3fb79a3-1f86-42af-a80c-c46d1acdbc29: shutdown FollowerState
2019-11-04 16:02:28,572 [Thread-1596] INFO  impl.RaftServerImpl (RaftServerImpl.java:setRole(184)) - e3fb79a3-1f86-42af-a80c-c46d1acdbc29@group-7855C2F36E53: changes role from  FOLLOWER to CANDIDATE at term 225 for changeToCandidate
2019-11-04 16:02:28,573 [Thread-1596] INFO  impl.RoleInfo (RoleInfo.java:updateAndGet(143)) - e3fb79a3-1f86-42af-a80c-c46d1acdbc29: start LeaderElection
2019-11-04 16:02:28,589 [e3fb79a3-1f86-42af-a80c-c46d1acdbc29@group-7855C2F36E53-LeaderElection205] INFO  impl.LeaderElection (LeaderElection.java:askForVotes(178)) - e3fb79a3-1f86-42af-a80c-c46d1acdbc29@group-7855C2F36E53-LeaderElection205: begin an election at term 226 for -1: [e3fb79a3-1f86-42af-a80c-c46d1acdbc29:192.168.157.194:44142, 81ff859e-e76f-43f5-951a-4a38422068cb:192.168.157.194:46532, a9143d84-6d7f-497d-b770-eb75585db3c7:192.168.157.194:42126], old=null
2019-11-04 16:02:28,591 [grpc-default-executor-1] INFO  impl.RaftServerImpl (RaftServerImpl.java:setRole(184)) - 81ff859e-e76f-43f5-951a-4a38422068cb@group-7855C2F36E53: changes role from  FOLLOWER to FOLLOWER at term 226 for recognizeCandidate:e3fb79a3-1f86-42af-a80c-c46d1acdbc29
2019-11-04 16:02:28,592 [grpc-default-executor-1] INFO  impl.RoleInfo (RoleInfo.java:shutdownFollowerState(121)) - 81ff859e-e76f-43f5-951a-4a38422068cb: shutdown FollowerState
2019-11-04 16:02:28,592 [grpc-default-executor-4] INFO  impl.RaftServerImpl (RaftServerImpl.java:setRole(184)) - a9143d84-6d7f-497d-b770-eb75585db3c7@group-7855C2F36E53: changes role from  FOLLOWER to FOLLOWER at term 226 for recognizeCandidate:e3fb79a3-1f86-42af-a80c-c46d1acdbc29
2019-11-04 16:02:28,592 [grpc-default-executor-4] INFO  impl.RoleInfo (RoleInfo.java:shutdownFollowerState(121)) - a9143d84-6d7f-497d-b770-eb75585db3c7: shutdown FollowerState
2019-11-04 16:02:28,592 [Thread-1595] INFO  impl.FollowerState (FollowerState.java:run(117)) - 81ff859e-e76f-43f5-951a-4a38422068cb@group-7855C2F36E53-FollowerState was interrupted: java.lang.InterruptedException: sleep interrupted
2019-11-04 16:02:28,592 [grpc-default-executor-1] INFO  impl.RoleInfo (RoleInfo.java:updateAndGet(143)) - 81ff859e-e76f-43f5-951a-4a38422068cb: start FollowerState
2019-11-04 16:02:28,592 [Thread-1594] INFO  impl.FollowerState (FollowerState.java:run(117)) - a9143d84-6d7f-497d-b770-eb75585db3c7@group-7855C2F36E53-FollowerState was interrupted: java.lang.InterruptedException: sleep interrupted
2019-11-04 16:02:28,592 [grpc-default-executor-4] INFO  impl.RoleInfo (RoleInfo.java:updateAndGet(143)) - a9143d84-6d7f-497d-b770-eb75585db3c7: start FollowerState
2019-11-04 16:02:28,606 [e3fb79a3-1f86-42af-a80c-c46d1acdbc29@group-7855C2F36E53-LeaderElection205] INFO  impl.LeaderElection (LeaderElection.java:logAndReturn(56)) - e3fb79a3-1f86-42af-a80c-c46d1acdbc29@group-7855C2F36E53-LeaderElection205: Election REJECTED; received 2 response(s) [e3fb79a3-1f86-42af-a80c-c46d1acdbc29<-81ff859e-e76f-43f5-951a-4a38422068cb#0:FAIL-t226, e3fb79a3-1f86-42af-a80c-c46d1acdbc29<-a9143d84-6d7f-497d-b770-eb75585db3c7#0:FAIL-t226] and 0 exception(s); e3fb79a3-1f86-42af-a80c-c46d1acdbc29@group-7855C2F36E53:t226, leader=null, voted=e3fb79a3-1f86-42af-a80c-c46d1acdbc29, raftlog=e3fb79a3-1f86-42af-a80c-c46d1acdbc29@group-7855C2F36E53-SegmentedRaftLog:OPENED:c-1,f-1,i0, conf=-1: [e3fb79a3-1f86-42af-a80c-c46d1acdbc29:192.168.157.194:44142, 81ff859e-e76f-43f5-951a-4a38422068cb:192.168.157.194:46532, a9143d84-6d7f-497d-b770-eb75585db3c7:192.168.157.194:42126], old=null
2019-11-04 16:02:28,606 [e3fb79a3-1f86-42af-a80c-c46d1acdbc29@group-7855C2F36E53-LeaderElection205] INFO  impl.RaftServerImpl (RaftServerImpl.java:setRole(184)) - e3fb79a3-1f86-42af-a80c-c46d1acdbc29@group-7855C2F36E53: changes role from CANDIDATE to FOLLOWER at term 226 for DISCOVERED_A_NEW_TERM
2019-11-04 16:02:28,606 [e3fb79a3-1f86-42af-a80c-c46d1acdbc29@group-7855C2F36E53-LeaderElection205] INFO  impl.RoleInfo (RoleInfo.java:shutdownLeaderElection(134)) - e3fb79a3-1f86-42af-a80c-c46d1acdbc29: shutdown LeaderElection
2019-11-04 16:02:28,607 [e3fb79a3-1f86-42af-a80c-c46d1acdbc29@group-7855C2F36E53-LeaderElection205] INFO  impl.RoleInfo (RoleInfo.java:updateAndGet(143)) - e3fb79a3-1f86-42af-a80c-c46d1acdbc29: start FollowerState
2019-11-04 16:02:28,647 [Thread-1602] INFO  impl.FollowerState (FollowerState.java:run(108)) - e3fb79a3-1f86-42af-a80c-c46d1acdbc29@group-7855C2F36E53-FollowerState: change to CANDIDATE, lastRpcTime:40ms, electionTimeout:40ms
2019-11-04 16:02:28,647 [Thread-1602] INFO  impl.RoleInfo (RoleInfo.java:shutdownFollowerState(121)) - e3fb79a3-1f86-42af-a80c-c46d1acdbc29: shutdown FollowerState
2019-11-04 16:02:28,648 [Thread-1602] INFO  impl.RaftServerImpl (RaftServerImpl.java:setRole(184)) - e3fb79a3-1f86-42af-a80c-c46d1acdbc29@group-7855C2F36E53: changes role from  FOLLOWER to CANDIDATE at term 226 for changeToCandidate
2019-11-04 16:02:28,648 [Thread-1602] INFO  impl.RoleInfo (RoleInfo.java:updateAndGet(143)) - e3fb79a3-1f86-42af-a80c-c46d1acdbc29: start LeaderElection
2019-11-04 16:02:28,673 [e3fb79a3-1f86-42af-a80c-c46d1acdbc29@group-7855C2F36E53-LeaderElection206] INFO  impl.LeaderElection (LeaderElection.java:askForVotes(178)) - e3fb79a3-1f86-42af-a80c-c46d1acdbc29@group-7855C2F36E53-LeaderElection206: begin an election at term 227 for -1: [e3fb79a3-1f86-42af-a80c-c46d1acdbc29:192.168.157.194:44142, 81ff859e-e76f-43f5-951a-4a38422068cb:192.168.157.194:46532, a9143d84-6d7f-497d-b770-eb75585db3c7:192.168.157.194:42126], old=null
2019-11-04 16:02:28,676 [grpc-default-executor-4] INFO  impl.RaftServerImpl (RaftServerImpl.java:setRole(184)) - 81ff859e-e76f-43f5-951a-4a38422068cb@group-7855C2F36E53: changes role from  FOLLOWER to FOLLOWER at term 227 for recognizeCandidate:e3fb79a3-1f86-42af-a80c-c46d1acdbc29
2019-11-04 16:02:28,676 [grpc-default-executor-4] INFO  impl.RoleInfo (RoleInfo.java:shutdownFollowerState(121)) - 81ff859e-e76f-43f5-951a-4a38422068cb: shutdown FollowerState
2019-11-04 16:02:28,676 [grpc-default-executor-1] INFO  impl.RaftServerImpl (RaftServerImpl.java:setRole(184)) - a9143d84-6d7f-497d-b770-eb75585db3c7@group-7855C2F36E53: changes role from  FOLLOWER to FOLLOWER at term 227 for recognizeCandidate:e3fb79a3-1f86-42af-a80c-c46d1acdbc29
2019-11-04 16:02:28,677 [Thread-1600] INFO  impl.FollowerState (FollowerState.java:run(117)) - 81ff859e-e76f-43f5-951a-4a38422068cb@group-7855C2F36E53-FollowerState was interrupted: java.lang.InterruptedException: sleep interrupted
2019-11-04 16:02:28,677 [grpc-default-executor-4] INFO  impl.RoleInfo (RoleInfo.java:updateAndGet(143)) - 81ff859e-e76f-43f5-951a-4a38422068cb: start FollowerState
2019-11-04 16:02:28,677 [grpc-default-executor-1] INFO  impl.RoleInfo (RoleInfo.java:shutdownFollowerState(121)) - a9143d84-6d7f-497d-b770-eb75585db3c7: shutdown FollowerState
2019-11-04 16:02:28,677 [grpc-default-executor-1] INFO  impl.RoleInfo (RoleInfo.java:updateAndGet(143)) - a9143d84-6d7f-497d-b770-eb75585db3c7: start FollowerState
2019-11-04 16:02:28,677 [Thread-1601] INFO  impl.FollowerState (FollowerState.java:run(117)) - a9143d84-6d7f-497d-b770-eb75585db3c7@group-7855C2F36E53-FollowerState was interrupted: java.lang.InterruptedException: sleep interrupted
2019-11-04 16:02:28,691 [e3fb79a3-1f86-42af-a80c-c46d1acdbc29@group-7855C2F36E53-LeaderElection206] INFO  impl.LeaderElection (LeaderElection.java:logAndReturn(56)) - e3fb79a3-1f86-42af-a80c-c46d1acdbc29@group-7855C2F36E53-LeaderElection206: Election REJECTED; received 2 response(s) [e3fb79a3-1f86-42af-a80c-c46d1acdbc29<-81ff859e-e76f-43f5-951a-4a38422068cb#0:FAIL-t227, e3fb79a3-1f86-42af-a80c-c46d1acdbc29<-a9143d84-6d7f-497d-b770-eb75585db3c7#0:FAIL-t227] and 0 exception(s); e3fb79a3-1f86-42af-a80c-c46d1acdbc29@group-7855C2F36E53:t227, leader=null, voted=e3fb79a3-1f86-42af-a80c-c46d1acdbc29, raftlog=e3fb79a3-1f86-42af-a80c-c46d1acdbc29@group-7855C2F36E53-SegmentedRaftLog:OPENED:c-1,f-1,i0, conf=-1: [e3fb79a3-1f86-42af-a80c-c46d1acdbc29:192.168.157.194:44142, 81ff859e-e76f-43f5-951a-4a38422068cb:192.168.157.194:46532, a9143d84-6d7f-497d-b770-eb75585db3c7:192.168.157.194:42126], old=null
2019-11-04 16:02:28,692 [e3fb79a3-1f86-42af-a80c-c46d1acdbc29@group-7855C2F36E53-LeaderElection206] INFO  impl.RaftServerImpl (RaftServerImpl.java:setRole(184)) - e3fb79a3-1f86-42af-a80c-c46d1acdbc29@group-7855C2F36E53: changes role from CANDIDATE to FOLLOWER at term 227 for DISCOVERED_A_NEW_TERM
2019-11-04 16:02:28,692 [e3fb79a3-1f86-42af-a80c-c46d1acdbc29@group-7855C2F36E53-LeaderElection206] INFO  impl.RoleInfo (RoleInfo.java:shutdownLeaderElection(134)) - e3fb79a3-1f86-42af-a80c-c46d1acdbc29: shutdown LeaderElection
2019-11-04 16:02:28,692 [e3fb79a3-1f86-42af-a80c-c46d1acdbc29@group-7855C2F36E53-LeaderElection206] INFO  impl.RoleInfo (RoleInfo.java:updateAndGet(143)) - e3fb79a3-1f86-42af-a80c-c46d1acdbc29: start FollowerState
2019-11-04 16:02:28,816 [Thread-1608] INFO  impl.FollowerState (FollowerState.java:run(108)) - e3fb79a3-1f86-42af-a80c-c46d1acdbc29@group-7855C2F36E53-FollowerState: change to CANDIDATE, lastRpcTime:124ms, electionTimeout:124ms
2019-11-04 16:02:28,816 [Thread-1608] INFO  impl.RoleInfo (RoleInfo.java:shutdownFollowerState(121)) - e3fb79a3-1f86-42af-a80c-c46d1acdbc29: shutdown FollowerState
2019-11-04 16:02:28,817 [Thread-1608] INFO  impl.RaftServerImpl (RaftServerImpl.java:setRole(184)) - e3fb79a3-1f86-42af-a80c-c46d1acdbc29@group-7855C2F36E53: changes role from  FOLLOWER to CANDIDATE at term 227 for changeToCandidate
2019-11-04 16:02:28,817 [Thread-1608] INFO  impl.RoleInfo (RoleInfo.java:updateAndGet(143)) - e3fb79a3-1f86-42af-a80c-c46d1acdbc29: start LeaderElection
2019-11-04 16:02:28,832 [e3fb79a3-1f86-42af-a80c-c46d1acdbc29@group-7855C2F36E53-LeaderElection207] INFO  impl.LeaderElection (LeaderElection.java:askForVotes(178)) - e3fb79a3-1f86-42af-a80c-c46d1acdbc29@group-7855C2F36E53-LeaderElection207: begin an election at term 228 for -1: [e3fb79a3-1f86-42af-a80c-c46d1acdbc29:192.168.157.194:44142, 81ff859e-e76f-43f5-951a-4a38422068cb:192.168.157.194:46532, a9143d84-6d7f-497d-b770-eb75585db3c7:192.168.157.194:42126], old=null
2019-11-04 16:02:28,835 [grpc-default-executor-4] INFO  impl.RaftServerImpl (RaftServerImpl.java:setRole(184)) - 81ff859e-e76f-43f5-951a-4a38422068cb@group-7855C2F36E53: changes role from  FOLLOWER to FOLLOWER at term 228 for recognizeCandidate:e3fb79a3-1f86-42af-a80c-c46d1acdbc29
2019-11-04 16:02:28,835 [grpc-default-executor-4] INFO  impl.RoleInfo (RoleInfo.java:shutdownFollowerState(121)) - 81ff859e-e76f-43f5-951a-4a38422068cb: shutdown FollowerState
2019-11-04 16:02:28,835 [grpc-default-executor-1] INFO  impl.RaftServerImpl (RaftServerImpl.java:setRole(184)) - a9143d84-6d7f-497d-b770-eb75585db3c7@group-7855C2F36E53: changes role from  FOLLOWER to FOLLOWER at term 228 for recognizeCandidate:e3fb79a3-1f86-42af-a80c-c46d1acdbc29
2019-11-04 16:02:28,835 [Thread-1606] INFO  impl.FollowerState (FollowerState.java:run(117)) - 81ff859e-e76f-43f5-951a-4a38422068cb@group-7855C2F36E53-FollowerState was interrupted: java.lang.InterruptedException: sleep interrupted
2019-11-04 16:02:28,835 [grpc-default-executor-4] INFO  impl.RoleInfo (RoleInfo.java:updateAndGet(143)) - 81ff859e-e76f-43f5-951a-4a38422068cb: start FollowerState
2019-11-04 16:02:28,835 [grpc-default-executor-1] INFO  impl.RoleInfo (RoleInfo.java:shutdownFollowerState(121)) - a9143d84-6d7f-497d-b770-eb75585db3c7: shutdown FollowerState
2019-11-04 16:02:28,838 [grpc-default-executor-1] INFO  impl.RoleInfo (RoleInfo.java:updateAndGet(143)) - a9143d84-6d7f-497d-b770-eb75585db3c7: start FollowerState
2019-11-04 16:02:28,838 [Thread-1607] INFO  impl.FollowerState (FollowerState.java:run(117)) - a9143d84-6d7f-497d-b770-eb75585db3c7@group-7855C2F36E53-FollowerState was interrupted: java.lang.InterruptedException: sleep interrupted
2019-11-04 16:02:28,851 [e3fb79a3-1f86-42af-a80c-c46d1acdbc29@group-7855C2F36E53-LeaderElection207] INFO  impl.LeaderElection (LeaderElection.java:logAndReturn(56)) - e3fb79a3-1f86-42af-a80c-c46d1acdbc29@group-7855C2F36E53-LeaderElection207: Election REJECTED; received 2 response(s) [e3fb79a3-1f86-42af-a80c-c46d1acdbc29<-81ff859e-e76f-43f5-951a-4a38422068cb#0:FAIL-t228, e3fb79a3-1f86-42af-a80c-c46d1acdbc29<-a9143d84-6d7f-497d-b770-eb75585db3c7#0:FAIL-t228] and 0 exception(s); e3fb79a3-1f86-42af-a80c-c46d1acdbc29@group-7855C2F36E53:t228, leader=null, voted=e3fb79a3-1f86-42af-a80c-c46d1acdbc29, raftlog=e3fb79a3-1f86-42af-a80c-c46d1acdbc29@group-7855C2F36E53-SegmentedRaftLog:OPENED:c-1,f-1,i0, conf=-1: [e3fb79a3-1f86-42af-a80c-c46d1acdbc29:192.168.157.194:44142, 81ff859e-e76f-43f5-951a-4a38422068cb:192.168.157.194:46532, a9143d84-6d7f-497d-b770-eb75585db3c7:192.168.157.194:42126], old=null
2019-11-04 16:02:28,851 [e3fb79a3-1f86-42af-a80c-c46d1acdbc29@group-7855C2F36E53-LeaderElection207] INFO  impl.RaftServerImpl (RaftServerImpl.java:setRole(184)) - e3fb79a3-1f86-42af-a80c-c46d1acdbc29@group-7855C2F36E53: changes role from CANDIDATE to FOLLOWER at term 228 for DISCOVERED_A_NEW_TERM
2019-11-04 16:02:28,852 [e3fb79a3-1f86-42af-a80c-c46d1acdbc29@group-7855C2F36E53-LeaderElection207] INFO  impl.RoleInfo (RoleInfo.java:shutdownLeaderElection(134)) - e3fb79a3-1f86-42af-a80c-c46d1acdbc29: shutdown LeaderElection
2019-11-04 16:02:28,852 [e3fb79a3-1f86-42af-a80c-c46d1acdbc29@group-7855C2F36E53-LeaderElection207] INFO  impl.RoleInfo (RoleInfo.java:updateAndGet(143)) - e3fb79a3-1f86-42af-a80c-c46d1acdbc29: start FollowerState
2019-11-04 16:02:28,969 [Thread-1614] INFO  impl.FollowerState (FollowerState.java:run(108)) - e3fb79a3-1f86-42af-a80c-c46d1acdbc29@group-7855C2F36E53-FollowerState: change to CANDIDATE, lastRpcTime:117ms, electionTimeout:117ms
2019-11-04 16:02:28,969 [Thread-1614] INFO  impl.RoleInfo (RoleInfo.java:shutdownFollowerState(121)) - e3fb79a3-1f86-42af-a80c-c46d1acdbc29: shutdown FollowerState
2019-11-04 16:02:28,970 [Thread-1614] INFO  impl.RaftServerImpl (RaftServerImpl.java:setRole(184)) - e3fb79a3-1f86-42af-a80c-c46d1acdbc29@group-7855C2F36E53: changes role from  FOLLOWER to CANDIDATE at term 228 for changeToCandidate
2019-11-04 16:02:28,970 [Thread-1614] INFO  impl.RoleInfo (RoleInfo.java:updateAndGet(143)) - e3fb79a3-1f86-42af-a80c-c46d1acdbc29: start LeaderElection
2019-11-04 16:02:28,983 [e3fb79a3-1f86-42af-a80c-c46d1acdbc29@group-7855C2F36E53-LeaderElection208] INFO  impl.LeaderElection (LeaderElection.java:askForVotes(178)) - e3fb79a3-1f86-42af-a80c-c46d1acdbc29@group-7855C2F36E53-LeaderElection208: begin an election at term 229 for -1: [e3fb79a3-1f86-42af-a80c-c46d1acdbc29:192.168.157.194:44142, 81ff859e-e76f-43f5-951a-4a38422068cb:192.168.157.194:46532, a9143d84-6d7f-497d-b770-eb75585db3c7:192.168.157.194:42126], old=null
2019-11-04 16:02:28,987 [grpc-default-executor-1] INFO  impl.RaftServerImpl (RaftServerImpl.java:setRole(184)) - 81ff859e-e76f-43f5-951a-4a38422068cb@group-7855C2F36E53: changes role from  FOLLOWER to FOLLOWER at term 229 for recognizeCandidate:e3fb79a3-1f86-42af-a80c-c46d1acdbc29
2019-11-04 16:02:28,987 [grpc-default-executor-4] INFO  impl.RaftServerImpl (RaftServerImpl.java:setRole(184)) - a9143d84-6d7f-497d-b770-eb75585db3c7@group-7855C2F36E53: changes role from  FOLLOWER to FOLLOWER at term 229 for recognizeCandidate:e3fb79a3-1f86-42af-a80c-c46d1acdbc29
2019-11-04 16:02:28,987 [grpc-default-executor-4] INFO  impl.RoleInfo (RoleInfo.java:shutdownFollowerState(121)) - a9143d84-6d7f-497d-b770-eb75585db3c7: shutdown FollowerState
2019-11-04 16:02:28,987 [grpc-default-executor-1] INFO  impl.RoleInfo (RoleInfo.java:shutdownFollowerState(121)) - 81ff859e-e76f-43f5-951a-4a38422068cb: shutdown FollowerState
2019-11-04 16:02:28,987 [Thread-1613] INFO  impl.FollowerState (FollowerState.java:run(117)) - a9143d84-6d7f-497d-b770-eb75585db3c7@group-7855C2F36E53-FollowerState was interrupted: java.lang.InterruptedException: sleep interrupted
2019-11-04 16:02:28,987 [grpc-default-executor-4] INFO  impl.RoleInfo (RoleInfo.java:updateAndGet(143)) - a9143d84-6d7f-497d-b770-eb75585db3c7: start FollowerState
2019-11-04 16:02:28,987 [Thread-1612] INFO  impl.FollowerState (FollowerState.java:run(117)) - 81ff859e-e76f-43f5-951a-4a38422068cb@group-7855C2F36E53-FollowerState was interrupted: java.lang.InterruptedException: sleep interrupted
2019-11-04 16:02:28,987 [grpc-default-executor-1] INFO  impl.RoleInfo (RoleInfo.java:updateAndGet(143)) - 81ff859e-e76f-43f5-951a-4a38422068cb: start FollowerState
2019-11-04 16:02:28,998 [e3fb79a3-1f86-42af-a80c-c46d1acdbc29@group-7855C2F36E53-LeaderElection208] INFO  impl.LeaderElection (LeaderElection.java:logAndReturn(56)) - e3fb79a3-1f86-42af-a80c-c46d1acdbc29@group-7855C2F36E53-LeaderElection208: Election REJECTED; received 2 response(s) [e3fb79a3-1f86-42af-a80c-c46d1acdbc29<-81ff859e-e76f-43f5-951a-4a38422068cb#0:FAIL-t229, e3fb79a3-1f86-42af-a80c-c46d1acdbc29<-a9143d84-6d7f-497d-b770-eb75585db3c7#0:FAIL-t229] and 0 exception(s); e3fb79a3-1f86-42af-a80c-c46d1acdbc29@group-7855C2F36E53:t229, leader=null, voted=e3fb79a3-1f86-42af-a80c-c46d1acdbc29, raftlog=e3fb79a3-1f86-42af-a80c-c46d1acdbc29@group-7855C2F36E53-SegmentedRaftLog:OPENED:c-1,f-1,i0, conf=-1: [e3fb79a3-1f86-42af-a80c-c46d1acdbc29:192.168.157.194:44142, 81ff859e-e76f-43f5-951a-4a38422068cb:192.168.157.194:46532, a9143d84-6d7f-497d-b770-eb75585db3c7:192.168.157.194:42126], old=null
2019-11-04 16:02:28,998 [e3fb79a3-1f86-42af-a80c-c46d1acdbc29@group-7855C2F36E53-LeaderElection208] INFO  impl.RaftServerImpl (RaftServerImpl.java:setRole(184)) - e3fb79a3-1f86-42af-a80c-c46d1acdbc29@group-7855C2F36E53: changes role from CANDIDATE to FOLLOWER at term 229 for DISCOVERED_A_NEW_TERM
2019-11-04 16:02:28,998 [e3fb79a3-1f86-42af-a80c-c46d1acdbc29@group-7855C2F36E53-LeaderElection208] INFO  impl.RoleInfo (RoleInfo.java:shutdownLeaderElection(134)) - e3fb79a3-1f86-42af-a80c-c46d1acdbc29: shutdown LeaderElection
2019-11-04 16:02:28,998 [e3fb79a3-1f86-42af-a80c-c46d1acdbc29@group-7855C2F36E53-LeaderElection208] INFO  impl.RoleInfo (RoleInfo.java:updateAndGet(143)) - e3fb79a3-1f86-42af-a80c-c46d1acdbc29: start FollowerState
2019-11-04 16:02:29,086 [Thread-1620] INFO  impl.FollowerState (FollowerState.java:run(108)) - e3fb79a3-1f86-42af-a80c-c46d1acdbc29@group-7855C2F36E53-FollowerState: change to CANDIDATE, lastRpcTime:88ms, electionTimeout:87ms
2019-11-04 16:02:29,086 [Thread-1620] INFO  impl.RoleInfo (RoleInfo.java:shutdownFollowerState(121)) - e3fb79a3-1f86-42af-a80c-c46d1acdbc29: shutdown FollowerState
2019-11-04 16:02:29,087 [Thread-1620] INFO  impl.RaftServerImpl (RaftServerImpl.java:setRole(184)) - e3fb79a3-1f86-42af-a80c-c46d1acdbc29@group-7855C2F36E53: changes role from  FOLLOWER to CANDIDATE at term 229 for changeToCandidate
2019-11-04 16:02:29,087 [Thread-1620] INFO  impl.RoleInfo (RoleInfo.java:updateAndGet(143)) - e3fb79a3-1f86-42af-a80c-c46d1acdbc29: start LeaderElection
2019-11-04 16:02:29,101 [e3fb79a3-1f86-42af-a80c-c46d1acdbc29@group-7855C2F36E53-LeaderElection209] INFO  impl.LeaderElection (LeaderElection.java:askForVotes(178)) - e3fb79a3-1f86-42af-a80c-c46d1acdbc29@group-7855C2F36E53-LeaderElection209: begin an election at term 230 for -1: [e3fb79a3-1f86-42af-a80c-c46d1acdbc29:192.168.157.194:44142, 81ff859e-e76f-43f5-951a-4a38422068cb:192.168.157.194:46532, a9143d84-6d7f-497d-b770-eb75585db3c7:192.168.157.194:42126], old=null
2019-11-04 16:02:29,104 [grpc-default-executor-1] INFO  impl.RaftServerImpl (RaftServerImpl.java:setRole(184)) - 81ff859e-e76f-43f5-951a-4a38422068cb@group-7855C2F36E53: changes role from  FOLLOWER to FOLLOWER at term 230 for recognizeCandidate:e3fb79a3-1f86-42af-a80c-c46d1acdbc29
2019-11-04 16:02:29,104 [grpc-default-executor-4] INFO  impl.RaftServerImpl (RaftServerImpl.java:setRole(184)) - a9143d84-6d7f-497d-b770-eb75585db3c7@group-7855C2F36E53: changes role from  FOLLOWER to FOLLOWER at term 230 for recognizeCandidate:e3fb79a3-1f86-42af-a80c-c46d1acdbc29
2019-11-04 16:02:29,105 [grpc-default-executor-4] INFO  impl.RoleInfo (RoleInfo.java:shutdownFollowerState(121)) - a9143d84-6d7f-497d-b770-eb75585db3c7: shutdown FollowerState
2019-11-04 16:02:29,104 [grpc-default-executor-1] INFO  impl.RoleInfo (RoleInfo.java:shutdownFollowerState(121)) - 81ff859e-e76f-43f5-951a-4a38422068cb: shutdown FollowerState
2019-11-04 16:02:29,105 [Thread-1618] INFO  impl.FollowerState (FollowerState.java:run(117)) - a9143d84-6d7f-497d-b770-eb75585db3c7@group-7855C2F36E53-FollowerState was interrupted: java.lang.InterruptedException: sleep interrupted
2019-11-04 16:02:29,105 [grpc-default-executor-4] INFO  impl.RoleInfo (RoleInfo.java:updateAndGet(143)) - a9143d84-6d7f-497d-b770-eb75585db3c7: start FollowerState
2019-11-04 16:02:29,105 [grpc-default-executor-1] INFO  impl.RoleInfo (RoleInfo.java:updateAndGet(143)) - 81ff859e-e76f-43f5-951a-4a38422068cb: start FollowerState
2019-11-04 16:02:29,105 [Thread-1619] INFO  impl.FollowerState (FollowerState.java:run(117)) - 81ff859e-e76f-43f5-951a-4a38422068cb@group-7855C2F36E53-FollowerState was interrupted: java.lang.InterruptedException: sleep interrupted
2019-11-04 16:02:29,139 [e3fb79a3-1f86-42af-a80c-c46d1acdbc29@group-7855C2F36E53-LeaderElection209] INFO  impl.LeaderElection (LeaderElection.java:logAndReturn(56)) - e3fb79a3-1f86-42af-a80c-c46d1acdbc29@group-7855C2F36E53-LeaderElection209: Election REJECTED; received 2 response(s) [e3fb79a3-1f86-42af-a80c-c46d1acdbc29<-81ff859e-e76f-43f5-951a-4a38422068cb#0:FAIL-t230, e3fb79a3-1f86-42af-a80c-c46d1acdbc29<-a9143d84-6d7f-497d-b770-eb75585db3c7#0:FAIL-t230] and 0 exception(s); e3fb79a3-1f86-42af-a80c-c46d1acdbc29@group-7855C2F36E53:t230, leader=null, voted=e3fb79a3-1f86-42af-a80c-c46d1acdbc29, raftlog=e3fb79a3-1f86-42af-a80c-c46d1acdbc29@group-7855C2F36E53-SegmentedRaftLog:OPENED:c-1,f-1,i0, conf=-1: [e3fb79a3-1f86-42af-a80c-c46d1acdbc29:192.168.157.194:44142, 81ff859e-e76f-43f5-951a-4a38422068cb:192.168.157.194:46532, a9143d84-6d7f-497d-b770-eb75585db3c7:192.168.157.194:42126], old=null
2019-11-04 16:02:29,139 [e3fb79a3-1f86-42af-a80c-c46d1acdbc29@group-7855C2F36E53-LeaderElection209] INFO  impl.RaftServerImpl (RaftServerImpl.java:setRole(184)) - e3fb79a3-1f86-42af-a80c-c46d1acdbc29@group-7855C2F36E53: changes role from CANDIDATE to FOLLOWER at term 230 for DISCOVERED_A_NEW_TERM
2019-11-04 16:02:29,139 [e3fb79a3-1f86-42af-a80c-c46d1acdbc29@group-7855C2F36E53-LeaderElection209] INFO  impl.RoleInfo (RoleInfo.java:shutdownLeaderElection(134)) - e3fb79a3-1f86-42af-a80c-c46d1acdbc29: shutdown LeaderElection
2019-11-04 16:02:29,140 [e3fb79a3-1f86-42af-a80c-c46d1acdbc29@group-7855C2F36E53-LeaderElection209] INFO  impl.RoleInfo (RoleInfo.java:updateAndGet(143)) - e3fb79a3-1f86-42af-a80c-c46d1acdbc29: start FollowerState
2019-11-04 16:02:29,168 [Thread-1626] INFO  impl.FollowerState (FollowerState.java:run(108)) - e3fb79a3-1f86-42af-a80c-c46d1acdbc29@group-7855C2F36E53-FollowerState: change to CANDIDATE, lastRpcTime:28ms, electionTimeout:28ms
2019-11-04 16:02:29,169 [Thread-1626] INFO  impl.RoleInfo (RoleInfo.java:shutdownFollowerState(121)) - e3fb79a3-1f86-42af-a80c-c46d1acdbc29: shutdown FollowerState
2019-11-04 16:02:29,169 [Thread-1626] INFO  impl.RaftServerImpl (RaftServerImpl.java:setRole(184)) - e3fb79a3-1f86-42af-a80c-c46d1acdbc29@group-7855C2F36E53: changes role from  FOLLOWER to CANDIDATE at term 230 for changeToCandidate
2019-11-04 16:02:29,169 [Thread-1626] INFO  impl.RoleInfo (RoleInfo.java:updateAndGet(143)) - e3fb79a3-1f86-42af-a80c-c46d1acdbc29: start LeaderElection
2019-11-04 16:02:29,183 [e3fb79a3-1f86-42af-a80c-c46d1acdbc29@group-7855C2F36E53-LeaderElection210] INFO  impl.LeaderElection (LeaderElection.java:askForVotes(178)) - e3fb79a3-1f86-42af-a80c-c46d1acdbc29@group-7855C2F36E53-LeaderElection210: begin an election at term 231 for -1: [e3fb79a3-1f86-42af-a80c-c46d1acdbc29:192.168.157.194:44142, 81ff859e-e76f-43f5-951a-4a38422068cb:192.168.157.194:46532, a9143d84-6d7f-497d-b770-eb75585db3c7:192.168.157.194:42126], old=null
2019-11-04 16:02:29,187 [grpc-default-executor-4] INFO  impl.RaftServerImpl (RaftServerImpl.java:setRole(184)) - 81ff859e-e76f-43f5-951a-4a38422068cb@group-7855C2F36E53: changes role from  FOLLOWER to FOLLOWER at term 231 for recognizeCandidate:e3fb79a3-1f86-42af-a80c-c46d1acdbc29
2019-11-04 16:02:29,188 [grpc-default-executor-4] INFO  impl.RoleInfo (RoleInfo.java:shutdownFollowerState(121)) - 81ff859e-e76f-43f5-951a-4a38422068cb: shutdown FollowerState
2019-11-04 16:02:29,188 [grpc-default-executor-4] INFO  impl.RoleInfo (RoleInfo.java:updateAndGet(143)) - 81ff859e-e76f-43f5-951a-4a38422068cb: start FollowerState
2019-11-04 16:02:29,188 [Thread-1625] INFO  impl.FollowerState (FollowerState.java:run(117)) - 81ff859e-e76f-43f5-951a-4a38422068cb@group-7855C2F36E53-FollowerState was interrupted: java.lang.InterruptedException: sleep interrupted
2019-11-04 16:02:29,192 [grpc-default-executor-1] INFO  impl.RaftServerImpl (RaftServerImpl.java:setRole(184)) - a9143d84-6d7f-497d-b770-eb75585db3c7@group-7855C2F36E53: changes role from  FOLLOWER to FOLLOWER at term 231 for recognizeCandidate:e3fb79a3-1f86-42af-a80c-c46d1acdbc29
2019-11-04 16:02:29,192 [grpc-default-executor-1] INFO  impl.RoleInfo (RoleInfo.java:shutdownFollowerState(121)) - a9143d84-6d7f-497d-b770-eb75585db3c7: shutdown FollowerState
2019-11-04 16:02:29,192 [grpc-default-executor-1] INFO  impl.RoleInfo (RoleInfo.java:updateAndGet(143)) - a9143d84-6d7f-497d-b770-eb75585db3c7: start FollowerState
2019-11-04 16:02:29,192 [Thread-1624] INFO  impl.FollowerState (FollowerState.java:run(117)) - a9143d84-6d7f-497d-b770-eb75585db3c7@group-7855C2F36E53-FollowerState was interrupted: java.lang.InterruptedException: sleep interrupted
2019-11-04 16:02:29,203 [e3fb79a3-1f86-42af-a80c-c46d1acdbc29@group-7855C2F36E53-LeaderElection210] INFO  impl.LeaderElection (LeaderElection.java:logAndReturn(56)) - e3fb79a3-1f86-42af-a80c-c46d1acdbc29@group-7855C2F36E53-LeaderElection210: Election REJECTED; received 2 response(s) [e3fb79a3-1f86-42af-a80c-c46d1acdbc29<-81ff859e-e76f-43f5-951a-4a38422068cb#0:FAIL-t231, e3fb79a3-1f86-42af-a80c-c46d1acdbc29<-a9143d84-6d7f-497d-b770-eb75585db3c7#0:FAIL-t231] and 0 exception(s); e3fb79a3-1f86-42af-a80c-c46d1acdbc29@group-7855C2F36E53:t231, leader=null, voted=e3fb79a3-1f86-42af-a80c-c46d1acdbc29, raftlog=e3fb79a3-1f86-42af-a80c-c46d1acdbc29@group-7855C2F36E53-SegmentedRaftLog:OPENED:c-1,f-1,i0, conf=-1: [e3fb79a3-1f86-42af-a80c-c46d1acdbc29:192.168.157.194:44142, 81ff859e-e76f-43f5-951a-4a38422068cb:192.168.157.194:46532, a9143d84-6d7f-497d-b770-eb75585db3c7:192.168.157.194:42126], old=null
2019-11-04 16:02:29,204 [e3fb79a3-1f86-42af-a80c-c46d1acdbc29@group-7855C2F36E53-LeaderElection210] INFO  impl.RaftServerImpl (RaftServerImpl.java:setRole(184)) - e3fb79a3-1f86-42af-a80c-c46d1acdbc29@group-7855C2F36E53: changes role from CANDIDATE to FOLLOWER at term 231 for DISCOVERED_A_NEW_TERM
2019-11-04 16:02:29,204 [e3fb79a3-1f86-42af-a80c-c46d1acdbc29@group-7855C2F36E53-LeaderElection210] INFO  impl.RoleInfo (RoleInfo.java:shutdownLeaderElection(134)) - e3fb79a3-1f86-42af-a80c-c46d1acdbc29: shutdown LeaderElection
2019-11-04 16:02:29,204 [e3fb79a3-1f86-42af-a80c-c46d1acdbc29@group-7855C2F36E53-LeaderElection210] INFO  impl.RoleInfo (RoleInfo.java:updateAndGet(143)) - e3fb79a3-1f86-42af-a80c-c46d1acdbc29: start FollowerState
2019-11-04 16:02:29,204 [Thread-1632] INFO  impl.FollowerState (FollowerState.java:run(108)) - e3fb79a3-1f86-42af-a80c-c46d1acdbc29@group-7855C2F36E53-FollowerState: change to CANDIDATE, lastRpcTime:0ms, electionTimeout:0ms
2019-11-04 16:02:29,205 [Thread-1632] INFO  impl.RoleInfo (RoleInfo.java:shutdownFollowerState(121)) - e3fb79a3-1f86-42af-a80c-c46d1acdbc29: shutdown FollowerState
2019-11-04 16:02:29,205 [Thread-1632] INFO  impl.RaftServerImpl (RaftServerImpl.java:setRole(184)) - e3fb79a3-1f86-42af-a80c-c46d1acdbc29@group-7855C2F36E53: changes role from  FOLLOWER to CANDIDATE at term 231 for changeToCandidate
2019-11-04 16:02:29,205 [Thread-1632] INFO  impl.RoleInfo (RoleInfo.java:updateAndGet(143)) - e3fb79a3-1f86-42af-a80c-c46d1acdbc29: start LeaderElection
2019-11-04 16:02:29,220 [e3fb79a3-1f86-42af-a80c-c46d1acdbc29@group-7855C2F36E53-LeaderElection211] INFO  impl.LeaderElection (LeaderElection.java:askForVotes(178)) - e3fb79a3-1f86-42af-a80c-c46d1acdbc29@group-7855C2F36E53-LeaderElection211: begin an election at term 232 for -1: [e3fb79a3-1f86-42af-a80c-c46d1acdbc29:192.168.157.194:44142, 81ff859e-e76f-43f5-951a-4a38422068cb:192.168.157.194:46532, a9143d84-6d7f-497d-b770-eb75585db3c7:192.168.157.194:42126], old=null
2019-11-04 16:02:29,222 [grpc-default-executor-1] INFO  impl.RaftServerImpl (RaftServerImpl.java:setRole(184)) - 81ff859e-e76f-43f5-951a-4a38422068cb@group-7855C2F36E53: changes role from  FOLLOWER to FOLLOWER at term 232 for recognizeCandidate:e3fb79a3-1f86-42af-a80c-c46d1acdbc29
2019-11-04 16:02:29,222 [grpc-default-executor-1] INFO  impl.RoleInfo (RoleInfo.java:shutdownFollowerState(121)) - 81ff859e-e76f-43f5-951a-4a38422068cb: shutdown FollowerState
2019-11-04 16:02:29,222 [grpc-default-executor-1] INFO  impl.RoleInfo (RoleInfo.java:updateAndGet(143)) - 81ff859e-e76f-43f5-951a-4a38422068cb: start FollowerState
2019-11-04 16:02:29,222 [Thread-1630] INFO  impl.FollowerState (FollowerState.java:run(117)) - 81ff859e-e76f-43f5-951a-4a38422068cb@group-7855C2F36E53-FollowerState was interrupted: java.lang.InterruptedException: sleep interrupted
2019-11-04 16:02:29,222 [grpc-default-executor-4] INFO  impl.RaftServerImpl (RaftServerImpl.java:setRole(184)) - a9143d84-6d7f-497d-b770-eb75585db3c7@group-7855C2F36E53: changes role from  FOLLOWER to FOLLOWER at term 232 for recognizeCandidate:e3fb79a3-1f86-42af-a80c-c46d1acdbc29
2019-11-04 16:02:29,222 [grpc-default-executor-4] INFO  impl.RoleInfo (RoleInfo.java:shutdownFollowerState(121)) - a9143d84-6d7f-497d-b770-eb75585db3c7: shutdown FollowerState
2019-11-04 16:02:29,223 [grpc-default-executor-4] INFO  impl.RoleInfo (RoleInfo.java:updateAndGet(143)) - a9143d84-6d7f-497d-b770-eb75585db3c7: start FollowerState
2019-11-04 16:02:29,223 [Thread-1631] INFO  impl.FollowerState (FollowerState.java:run(117)) - a9143d84-6d7f-497d-b770-eb75585db3c7@group-7855C2F36E53-FollowerState was interrupted: java.lang.InterruptedException: sleep interrupted
2019-11-04 16:02:29,248 [e3fb79a3-1f86-42af-a80c-c46d1acdbc29@group-7855C2F36E53-LeaderElection211] INFO  impl.LeaderElection (LeaderElection.java:logAndReturn(56)) - e3fb79a3-1f86-42af-a80c-c46d1acdbc29@group-7855C2F36E53-LeaderElection211: Election REJECTED; received 2 response(s) [e3fb79a3-1f86-42af-a80c-c46d1acdbc29<-81ff859e-e76f-43f5-951a-4a38422068cb#0:FAIL-t232, e3fb79a3-1f86-42af-a80c-c46d1acdbc29<-a9143d84-6d7f-497d-b770-eb75585db3c7#0:FAIL-t232] and 0 exception(s); e3fb79a3-1f86-42af-a80c-c46d1acdbc29@group-7855C2F36E53:t232, leader=null, voted=e3fb79a3-1f86-42af-a80c-c46d1acdbc29, raftlog=e3fb79a3-1f86-42af-a80c-c46d1acdbc29@group-7855C2F36E53-SegmentedRaftLog:OPENED:c-1,f-1,i0, conf=-1: [e3fb79a3-1f86-42af-a80c-c46d1acdbc29:192.168.157.194:44142, 81ff859e-e76f-43f5-951a-4a38422068cb:192.168.157.194:46532, a9143d84-6d7f-497d-b770-eb75585db3c7:192.168.157.194:42126], old=null
2019-11-04 16:02:29,248 [e3fb79a3-1f86-42af-a80c-c46d1acdbc29@group-7855C2F36E53-LeaderElection211] INFO  impl.RaftServerImpl (RaftServerImpl.java:setRole(184)) - e3fb79a3-1f86-42af-a80c-c46d1acdbc29@group-7855C2F36E53: changes role from CANDIDATE to FOLLOWER at term 232 for DISCOVERED_A_NEW_TERM
2019-11-04 16:02:29,248 [e3fb79a3-1f86-42af-a80c-c46d1acdbc29@group-7855C2F36E53-LeaderElection211] INFO  impl.RoleInfo (RoleInfo.java:shutdownLeaderElection(134)) - e3fb79a3-1f86-42af-a80c-c46d1acdbc29: shutdown LeaderElection
2019-11-04 16:02:29,248 [e3fb79a3-1f86-42af-a80c-c46d1acdbc29@group-7855C2F36E53-LeaderElection211] INFO  impl.RoleInfo (RoleInfo.java:updateAndGet(143)) - e3fb79a3-1f86-42af-a80c-c46d1acdbc29: start FollowerState
2019-11-04 16:02:29,383 [Thread-1640] INFO  impl.FollowerState (FollowerState.java:run(108)) - e3fb79a3-1f86-42af-a80c-c46d1acdbc29@group-7855C2F36E53-FollowerState: change to CANDIDATE, lastRpcTime:134ms, electionTimeout:134ms
2019-11-04 16:02:29,383 [Thread-1640] INFO  impl.RoleInfo (RoleInfo.java:shutdownFollowerState(121)) - e3fb79a3-1f86-42af-a80c-c46d1acdbc29: shutdown FollowerState
2019-11-04 16:02:29,383 [Thread-1640] INFO  impl.RaftServerImpl (RaftServerImpl.java:setRole(184)) - e3fb79a3-1f86-42af-a80c-c46d1acdbc29@group-7855C2F36E53: changes role from  FOLLOWER to CANDIDATE at term 232 for changeToCandidate
2019-11-04 16:02:29,383 [Thread-1640] INFO  impl.RoleInfo (RoleInfo.java:updateAndGet(143)) - e3fb79a3-1f86-42af-a80c-c46d1acdbc29: start LeaderElection
2019-11-04 16:02:29,399 [e3fb79a3-1f86-42af-a80c-c46d1acdbc29@group-7855C2F36E53-LeaderElection212] INFO  impl.LeaderElection (LeaderElection.java:askForVotes(178)) - e3fb79a3-1f86-42af-a80c-c46d1acdbc29@group-7855C2F36E53-LeaderElection212: begin an election at term 233 for -1: [e3fb79a3-1f86-42af-a80c-c46d1acdbc29:192.168.157.194:44142, 81ff859e-e76f-43f5-951a-4a38422068cb:192.168.157.194:46532, a9143d84-6d7f-497d-b770-eb75585db3c7:192.168.157.194:42126], old=null
2019-11-04 16:02:29,401 [grpc-default-executor-4] INFO  impl.RaftServerImpl (RaftServerImpl.java:setRole(184)) - a9143d84-6d7f-497d-b770-eb75585db3c7@group-7855C2F36E53: changes role from  FOLLOWER to FOLLOWER at term 233 for recognizeCandidate:e3fb79a3-1f86-42af-a80c-c46d1acdbc29
2019-11-04 16:02:29,402 [grpc-default-executor-4] INFO  impl.RoleInfo (RoleInfo.java:shutdownFollowerState(121)) - a9143d84-6d7f-497d-b770-eb75585db3c7: shutdown FollowerState
2019-11-04 16:02:29,402 [grpc-default-executor-4] INFO  impl.RoleInfo (RoleInfo.java:updateAndGet(143)) - a9143d84-6d7f-497d-b770-eb75585db3c7: start FollowerState
2019-11-04 16:02:29,402 [Thread-1638] INFO  impl.FollowerState (FollowerState.java:run(117)) - a9143d84-6d7f-497d-b770-eb75585db3c7@group-7855C2F36E53-FollowerState was interrupted: java.lang.InterruptedException: sleep interrupted
2019-11-04 16:02:29,402 [grpc-default-executor-1] INFO  impl.RaftServerImpl (RaftServerImpl.java:setRole(184)) - 81ff859e-e76f-43f5-951a-4a38422068cb@group-7855C2F36E53: changes role from  FOLLOWER to FOLLOWER at term 233 for recognizeCandidate:e3fb79a3-1f86-42af-a80c-c46d1acdbc29
2019-11-04 16:02:29,402 [grpc-default-executor-1] INFO  impl.RoleInfo (RoleInfo.java:shutdownFollowerState(121)) - 81ff859e-e76f-43f5-951a-4a38422068cb: shutdown FollowerState
2019-11-04 16:02:29,402 [Thread-1637] INFO  impl.FollowerState (FollowerState.java:run(117)) - 81ff859e-e76f-43f5-951a-4a38422068cb@group-7855C2F36E53-FollowerState was interrupted: java.lang.InterruptedException: sleep interrupted
2019-11-04 16:02:29,402 [grpc-default-executor-1] INFO  impl.RoleInfo (RoleInfo.java:updateAndGet(143)) - 81ff859e-e76f-43f5-951a-4a38422068cb: start FollowerState
2019-11-04 16:02:29,428 [e3fb79a3-1f86-42af-a80c-c46d1acdbc29@group-7855C2F36E53-LeaderElection212] INFO  impl.LeaderElection (LeaderElection.java:logAndReturn(56)) - e3fb79a3-1f86-42af-a80c-c46d1acdbc29@group-7855C2F36E53-LeaderElection212: Election REJECTED; received 2 response(s) [e3fb79a3-1f86-42af-a80c-c46d1acdbc29<-81ff859e-e76f-43f5-951a-4a38422068cb#0:FAIL-t233, e3fb79a3-1f86-42af-a80c-c46d1acdbc29<-a9143d84-6d7f-497d-b770-eb75585db3c7#0:FAIL-t233] and 0 exception(s); e3fb79a3-1f86-42af-a80c-c46d1acdbc29@group-7855C2F36E53:t233, leader=null, voted=e3fb79a3-1f86-42af-a80c-c46d1acdbc29, raftlog=e3fb79a3-1f86-42af-a80c-c46d1acdbc29@group-7855C2F36E53-SegmentedRaftLog:OPENED:c-1,f-1,i0, conf=-1: [e3fb79a3-1f86-42af-a80c-c46d1acdbc29:192.168.157.194:44142, 81ff859e-e76f-43f5-951a-4a38422068cb:192.168.157.194:46532, a9143d84-6d7f-497d-b770-eb75585db3c7:192.168.157.194:42126], old=null
2019-11-04 16:02:29,428 [e3fb79a3-1f86-42af-a80c-c46d1acdbc29@group-7855C2F36E53-LeaderElection212] INFO  impl.RaftServerImpl (RaftServerImpl.java:setRole(184)) - e3fb79a3-1f86-42af-a80c-c46d1acdbc29@group-7855C2F36E53: changes role from CANDIDATE to FOLLOWER at term 233 for DISCOVERED_A_NEW_TERM
2019-11-04 16:02:29,428 [e3fb79a3-1f86-42af-a80c-c46d1acdbc29@group-7855C2F36E53-LeaderElection212] INFO  impl.RoleInfo (RoleInfo.java:shutdownLeaderElection(134)) - e3fb79a3-1f86-42af-a80c-c46d1acdbc29: shutdown LeaderElection
2019-11-04 16:02:29,428 [e3fb79a3-1f86-42af-a80c-c46d1acdbc29@group-7855C2F36E53-LeaderElection212] INFO  impl.RoleInfo (RoleInfo.java:updateAndGet(143)) - e3fb79a3-1f86-42af-a80c-c46d1acdbc29: start FollowerState
2019-11-04 16:02:29,475 [Thread-1646] INFO  impl.FollowerState (FollowerState.java:run(108)) - e3fb79a3-1f86-42af-a80c-c46d1acdbc29@group-7855C2F36E53-FollowerState: change to CANDIDATE, lastRpcTime:46ms, electionTimeout:46ms
2019-11-04 16:02:29,475 [Thread-1646] INFO  impl.RoleInfo (RoleInfo.java:shutdownFollowerState(121)) - e3fb79a3-1f86-42af-a80c-c46d1acdbc29: shutdown FollowerState
2019-11-04 16:02:29,475 [Thread-1646] INFO  impl.RaftServerImpl (RaftServerImpl.java:setRole(184)) - e3fb79a3-1f86-42af-a80c-c46d1acdbc29@group-7855C2F36E53: changes role from  FOLLOWER to CANDIDATE at term 233 for changeToCandidate
2019-11-04 16:02:29,475 [Thread-1646] INFO  impl.RoleInfo (RoleInfo.java:updateAndGet(143)) - e3fb79a3-1f86-42af-a80c-c46d1acdbc29: start LeaderElection
2019-11-04 16:02:29,489 [e3fb79a3-1f86-42af-a80c-c46d1acdbc29@group-7855C2F36E53-LeaderElection213] INFO  impl.LeaderElection (LeaderElection.java:askForVotes(178)) - e3fb79a3-1f86-42af-a80c-c46d1acdbc29@group-7855C2F36E53-LeaderElection213: begin an election at term 234 for -1: [e3fb79a3-1f86-42af-a80c-c46d1acdbc29:192.168.157.194:44142, 81ff859e-e76f-43f5-951a-4a38422068cb:192.168.157.194:46532, a9143d84-6d7f-497d-b770-eb75585db3c7:192.168.157.194:42126], old=null
2019-11-04 16:02:29,492 [grpc-default-executor-1] INFO  impl.RaftServerImpl (RaftServerImpl.java:setRole(184)) - a9143d84-6d7f-497d-b770-eb75585db3c7@group-7855C2F36E53: changes role from  FOLLOWER to FOLLOWER at term 234 for recognizeCandidate:e3fb79a3-1f86-42af-a80c-c46d1acdbc29
2019-11-04 16:02:29,492 [grpc-default-executor-4] INFO  impl.RaftServerImpl (RaftServerImpl.java:setRole(184)) - 81ff859e-e76f-43f5-951a-4a38422068cb@group-7855C2F36E53: changes role from  FOLLOWER to FOLLOWER at term 234 for recognizeCandidate:e3fb79a3-1f86-42af-a80c-c46d1acdbc29
2019-11-04 16:02:29,493 [grpc-default-executor-1] INFO  impl.RoleInfo (RoleInfo.java:shutdownFollowerState(121)) - a9143d84-6d7f-497d-b770-eb75585db3c7: shutdown FollowerState
2019-11-04 16:02:29,493 [grpc-default-executor-4] INFO  impl.RoleInfo (RoleInfo.java:shutdownFollowerState(121)) - 81ff859e-e76f-43f5-951a-4a38422068cb: shutdown FollowerState
2019-11-04 16:02:29,493 [Thread-1644] INFO  impl.FollowerState (FollowerState.java:run(117)) - a9143d84-6d7f-497d-b770-eb75585db3c7@group-7855C2F36E53-FollowerState was interrupted: java.lang.InterruptedException: sleep interrupted
2019-11-04 16:02:29,493 [Thread-1645] INFO  impl.FollowerState (FollowerState.java:run(117)) - 81ff859e-e76f-43f5-951a-4a38422068cb@group-7855C2F36E53-FollowerState was interrupted: java.lang.InterruptedException: sleep interrupted
2019-11-04 16:02:29,493 [grpc-default-executor-1] INFO  impl.RoleInfo (RoleInfo.java:updateAndGet(143)) - a9143d84-6d7f-497d-b770-eb75585db3c7: start FollowerState
2019-11-04 16:02:29,493 [grpc-default-executor-4] INFO  impl.RoleInfo (RoleInfo.java:updateAndGet(143)) - 81ff859e-e76f-43f5-951a-4a38422068cb: start FollowerState
2019-11-04 16:02:29,508 [e3fb79a3-1f86-42af-a80c-c46d1acdbc29@group-7855C2F36E53-LeaderElection213] INFO  impl.LeaderElection (LeaderElection.java:logAndReturn(56)) - e3fb79a3-1f86-42af-a80c-c46d1acdbc29@group-7855C2F36E53-LeaderElection213: Election REJECTED; received 2 response(s) [e3fb79a3-1f86-42af-a80c-c46d1acdbc29<-81ff859e-e76f-43f5-951a-4a38422068cb#0:FAIL-t234, e3fb79a3-1f86-42af-a80c-c46d1acdbc29<-a9143d84-6d7f-497d-b770-eb75585db3c7#0:FAIL-t234] and 0 exception(s); e3fb79a3-1f86-42af-a80c-c46d1acdbc29@group-7855C2F36E53:t234, leader=null, voted=e3fb79a3-1f86-42af-a80c-c46d1acdbc29, raftlog=e3fb79a3-1f86-42af-a80c-c46d1acdbc29@group-7855C2F36E53-SegmentedRaftLog:OPENED:c-1,f-1,i0, conf=-1: [e3fb79a3-1f86-42af-a80c-c46d1acdbc29:192.168.157.194:44142, 81ff859e-e76f-43f5-951a-4a38422068cb:192.168.157.194:46532, a9143d84-6d7f-497d-b770-eb75585db3c7:192.168.157.194:42126], old=null
2019-11-04 16:02:29,509 [e3fb79a3-1f86-42af-a80c-c46d1acdbc29@group-7855C2F36E53-LeaderElection213] INFO  impl.RaftServerImpl (RaftServerImpl.java:setRole(184)) - e3fb79a3-1f86-42af-a80c-c46d1acdbc29@group-7855C2F36E53: changes role from CANDIDATE to FOLLOWER at term 234 for DISCOVERED_A_NEW_TERM
2019-11-04 16:02:29,509 [e3fb79a3-1f86-42af-a80c-c46d1acdbc29@group-7855C2F36E53-LeaderElection213] INFO  impl.RoleInfo (RoleInfo.java:shutdownLeaderElection(134)) - e3fb79a3-1f86-42af-a80c-c46d1acdbc29: shutdown LeaderElection
2019-11-04 16:02:29,509 [e3fb79a3-1f86-42af-a80c-c46d1acdbc29@group-7855C2F36E53-LeaderElection213] INFO  impl.RoleInfo (RoleInfo.java:updateAndGet(143)) - e3fb79a3-1f86-42af-a80c-c46d1acdbc29: start FollowerState
2019-11-04 16:02:29,586 [Thread-1652] INFO  impl.FollowerState (FollowerState.java:run(108)) - e3fb79a3-1f86-42af-a80c-c46d1acdbc29@group-7855C2F36E53-FollowerState: change to CANDIDATE, lastRpcTime:77ms, electionTimeout:77ms
2019-11-04 16:02:29,586 [Thread-1652] INFO  impl.RoleInfo (RoleInfo.java:shutdownFollowerState(121)) - e3fb79a3-1f86-42af-a80c-c46d1acdbc29: shutdown FollowerState
2019-11-04 16:02:29,587 [Thread-1652] INFO  impl.RaftServerImpl (RaftServerImpl.java:setRole(184)) - e3fb79a3-1f86-42af-a80c-c46d1acdbc29@group-7855C2F36E53: changes role from  FOLLOWER to CANDIDATE at term 234 for changeToCandidate
2019-11-04 16:02:29,587 [Thread-1652] INFO  impl.RoleInfo (RoleInfo.java:updateAndGet(143)) - e3fb79a3-1f86-42af-a80c-c46d1acdbc29: start LeaderElection
2019-11-04 16:02:29,600 [e3fb79a3-1f86-42af-a80c-c46d1acdbc29@group-7855C2F36E53-LeaderElection214] INFO  impl.LeaderElection (LeaderElection.java:askForVotes(178)) - e3fb79a3-1f86-42af-a80c-c46d1acdbc29@group-7855C2F36E53-LeaderElection214: begin an election at term 235 for -1: [e3fb79a3-1f86-42af-a80c-c46d1acdbc29:192.168.157.194:44142, 81ff859e-e76f-43f5-951a-4a38422068cb:192.168.157.194:46532, a9143d84-6d7f-497d-b770-eb75585db3c7:192.168.157.194:42126], old=null
2019-11-04 16:02:29,602 [grpc-default-executor-1] INFO  impl.RaftServerImpl (RaftServerImpl.java:setRole(184)) - 81ff859e-e76f-43f5-951a-4a38422068cb@group-7855C2F36E53: changes role from  FOLLOWER to FOLLOWER at term 235 for recognizeCandidate:e3fb79a3-1f86-42af-a80c-c46d1acdbc29
2019-11-04 16:02:29,602 [grpc-default-executor-4] INFO  impl.RaftServerImpl (RaftServerImpl.java:setRole(184)) - a9143d84-6d7f-497d-b770-eb75585db3c7@group-7855C2F36E53: changes role from  FOLLOWER to FOLLOWER at term 235 for recognizeCandidate:e3fb79a3-1f86-42af-a80c-c46d1acdbc29
2019-11-04 16:02:29,602 [grpc-default-executor-1] INFO  impl.RoleInfo (RoleInfo.java:shutdownFollowerState(121)) - 81ff859e-e76f-43f5-951a-4a38422068cb: shutdown FollowerState
2019-11-04 16:02:29,602 [grpc-default-executor-4] INFO  impl.RoleInfo (RoleInfo.java:shutdownFollowerState(121)) - a9143d84-6d7f-497d-b770-eb75585db3c7: shutdown FollowerState
2019-11-04 16:02:29,603 [Thread-1651] INFO  impl.FollowerState (FollowerState.java:run(117)) - 81ff859e-e76f-43f5-951a-4a38422068cb@group-7855C2F36E53-FollowerState was interrupted: java.lang.InterruptedException: sleep interrupted
2019-11-04 16:02:29,603 [grpc-default-executor-1] INFO  impl.RoleInfo (RoleInfo.java:updateAndGet(143)) - 81ff859e-e76f-43f5-951a-4a38422068cb: start FollowerState
2019-11-04 16:02:29,603 [Thread-1650] INFO  impl.FollowerState (FollowerState.java:run(117)) - a9143d84-6d7f-497d-b770-eb75585db3c7@group-7855C2F36E53-FollowerState was interrupted: java.lang.InterruptedException: sleep interrupted
2019-11-04 16:02:29,603 [grpc-default-executor-4] INFO  impl.RoleInfo (RoleInfo.java:updateAndGet(143)) - a9143d84-6d7f-497d-b770-eb75585db3c7: start FollowerState
2019-11-04 16:02:29,629 [e3fb79a3-1f86-42af-a80c-c46d1acdbc29@group-7855C2F36E53-LeaderElection214] INFO  impl.LeaderElection (LeaderElection.java:logAndReturn(56)) - e3fb79a3-1f86-42af-a80c-c46d1acdbc29@group-7855C2F36E53-LeaderElection214: Election REJECTED; received 2 response(s) [e3fb79a3-1f86-42af-a80c-c46d1acdbc29<-81ff859e-e76f-43f5-951a-4a38422068cb#0:FAIL-t235, e3fb79a3-1f86-42af-a80c-c46d1acdbc29<-a9143d84-6d7f-497d-b770-eb75585db3c7#0:FAIL-t235] and 0 exception(s); e3fb79a3-1f86-42af-a80c-c46d1acdbc29@group-7855C2F36E53:t235, leader=null, voted=e3fb79a3-1f86-42af-a80c-c46d1acdbc29, raftlog=e3fb79a3-1f86-42af-a80c-c46d1acdbc29@group-7855C2F36E53-SegmentedRaftLog:OPENED:c-1,f-1,i0, conf=-1: [e3fb79a3-1f86-42af-a80c-c46d1acdbc29:192.168.157.194:44142, 81ff859e-e76f-43f5-951a-4a38422068cb:192.168.157.194:46532, a9143d84-6d7f-497d-b770-eb75585db3c7:192.168.157.194:42126], old=null
2019-11-04 16:02:29,629 [e3fb79a3-1f86-42af-a80c-c46d1acdbc29@group-7855C2F36E53-LeaderElection214] INFO  impl.RaftServerImpl (RaftServerImpl.java:setRole(184)) - e3fb79a3-1f86-42af-a80c-c46d1acdbc29@group-7855C2F36E53: changes role from CANDIDATE to FOLLOWER at term 235 for DISCOVERED_A_NEW_TERM
2019-11-04 16:02:29,629 [e3fb79a3-1f86-42af-a80c-c46d1acdbc29@group-7855C2F36E53-LeaderElection214] INFO  impl.RoleInfo (RoleInfo.java:shutdownLeaderElection(134)) - e3fb79a3-1f86-42af-a80c-c46d1acdbc29: shutdown LeaderElection
2019-11-04 16:02:29,629 [e3fb79a3-1f86-42af-a80c-c46d1acdbc29@group-7855C2F36E53-LeaderElection214] INFO  impl.RoleInfo (RoleInfo.java:updateAndGet(143)) - e3fb79a3-1f86-42af-a80c-c46d1acdbc29: start FollowerState
2019-11-04 16:02:29,712 [Thread-1658] INFO  impl.FollowerState (FollowerState.java:run(108)) - e3fb79a3-1f86-42af-a80c-c46d1acdbc29@group-7855C2F36E53-FollowerState: change to CANDIDATE, lastRpcTime:82ms, electionTimeout:82ms
2019-11-04 16:02:29,712 [Thread-1658] INFO  impl.RoleInfo (RoleInfo.java:shutdownFollowerState(121)) - e3fb79a3-1f86-42af-a80c-c46d1acdbc29: shutdown FollowerState
2019-11-04 16:02:29,712 [Thread-1658] INFO  impl.RaftServerImpl (RaftServerImpl.java:setRole(184)) - e3fb79a3-1f86-42af-a80c-c46d1acdbc29@group-7855C2F36E53: changes role from  FOLLOWER to CANDIDATE at term 235 for changeToCandidate
2019-11-04 16:02:29,712 [Thread-1658] INFO  impl.RoleInfo (RoleInfo.java:updateAndGet(143)) - e3fb79a3-1f86-42af-a80c-c46d1acdbc29: start LeaderElection
2019-11-04 16:02:29,727 [e3fb79a3-1f86-42af-a80c-c46d1acdbc29@group-7855C2F36E53-LeaderElection215] INFO  impl.LeaderElection (LeaderElection.java:askForVotes(178)) - e3fb79a3-1f86-42af-a80c-c46d1acdbc29@group-7855C2F36E53-LeaderElection215: begin an election at term 236 for -1: [e3fb79a3-1f86-42af-a80c-c46d1acdbc29:192.168.157.194:44142, 81ff859e-e76f-43f5-951a-4a38422068cb:192.168.157.194:46532, a9143d84-6d7f-497d-b770-eb75585db3c7:192.168.157.194:42126], old=null
2019-11-04 16:02:29,730 [grpc-default-executor-4] INFO  impl.RaftServerImpl (RaftServerImpl.java:setRole(184)) - 81ff859e-e76f-43f5-951a-4a38422068cb@group-7855C2F36E53: changes role from  FOLLOWER to FOLLOWER at term 236 for recognizeCandidate:e3fb79a3-1f86-42af-a80c-c46d1acdbc29
2019-11-04 16:02:29,731 [grpc-default-executor-4] INFO  impl.RoleInfo (RoleInfo.java:shutdownFollowerState(121)) - 81ff859e-e76f-43f5-951a-4a38422068cb: shutdown FollowerState
2019-11-04 16:02:29,731 [grpc-default-executor-1] INFO  impl.RaftServerImpl (RaftServerImpl.java:setRole(184)) - a9143d84-6d7f-497d-b770-eb75585db3c7@group-7855C2F36E53: changes role from  FOLLOWER to FOLLOWER at term 236 for recognizeCandidate:e3fb79a3-1f86-42af-a80c-c46d1acdbc29
2019-11-04 16:02:29,731 [Thread-1656] INFO  impl.FollowerState (FollowerState.java:run(117)) - 81ff859e-e76f-43f5-951a-4a38422068cb@group-7855C2F36E53-FollowerState was interrupted: java.lang.InterruptedException: sleep interrupted
2019-11-04 16:02:29,731 [grpc-default-executor-4] INFO  impl.RoleInfo (RoleInfo.java:updateAndGet(143)) - 81ff859e-e76f-43f5-951a-4a38422068cb: start FollowerState
2019-11-04 16:02:29,731 [grpc-default-executor-1] INFO  impl.RoleInfo (RoleInfo.java:shutdownFollowerState(121)) - a9143d84-6d7f-497d-b770-eb75585db3c7: shutdown FollowerState
2019-11-04 16:02:29,732 [grpc-default-executor-1] INFO  impl.RoleInfo (RoleInfo.java:updateAndGet(143)) - a9143d84-6d7f-497d-b770-eb75585db3c7: start FollowerState
2019-11-04 16:02:29,732 [Thread-1657] INFO  impl.FollowerState (FollowerState.java:run(117)) - a9143d84-6d7f-497d-b770-eb75585db3c7@group-7855C2F36E53-FollowerState was interrupted: java.lang.InterruptedException: sleep interrupted
2019-11-04 16:02:29,758 [e3fb79a3-1f86-42af-a80c-c46d1acdbc29@group-7855C2F36E53-LeaderElection215] INFO  impl.LeaderElection (LeaderElection.java:logAndReturn(56)) - e3fb79a3-1f86-42af-a80c-c46d1acdbc29@group-7855C2F36E53-LeaderElection215: Election REJECTED; received 2 response(s) [e3fb79a3-1f86-42af-a80c-c46d1acdbc29<-81ff859e-e76f-43f5-951a-4a38422068cb#0:FAIL-t236, e3fb79a3-1f86-42af-a80c-c46d1acdbc29<-a9143d84-6d7f-497d-b770-eb75585db3c7#0:FAIL-t236] and 0 exception(s); e3fb79a3-1f86-42af-a80c-c46d1acdbc29@group-7855C2F36E53:t236, leader=null, voted=e3fb79a3-1f86-42af-a80c-c46d1acdbc29, raftlog=e3fb79a3-1f86-42af-a80c-c46d1acdbc29@group-7855C2F36E53-SegmentedRaftLog:OPENED:c-1,f-1,i0, conf=-1: [e3fb79a3-1f86-42af-a80c-c46d1acdbc29:192.168.157.194:44142, 81ff859e-e76f-43f5-951a-4a38422068cb:192.168.157.194:46532, a9143d84-6d7f-497d-b770-eb75585db3c7:192.168.157.194:42126], old=null
2019-11-04 16:02:29,758 [e3fb79a3-1f86-42af-a80c-c46d1acdbc29@group-7855C2F36E53-LeaderElection215] INFO  impl.RaftServerImpl (RaftServerImpl.java:setRole(184)) - e3fb79a3-1f86-42af-a80c-c46d1acdbc29@group-7855C2F36E53: changes role from CANDIDATE to FOLLOWER at term 236 for DISCOVERED_A_NEW_TERM
2019-11-04 16:02:29,759 [e3fb79a3-1f86-42af-a80c-c46d1acdbc29@group-7855C2F36E53-LeaderElection215] INFO  impl.RoleInfo (RoleInfo.java:shutdownLeaderElection(134)) - e3fb79a3-1f86-42af-a80c-c46d1acdbc29: shutdown LeaderElection
2019-11-04 16:02:29,759 [e3fb79a3-1f86-42af-a80c-c46d1acdbc29@group-7855C2F36E53-LeaderElection215] INFO  impl.RoleInfo (RoleInfo.java:updateAndGet(143)) - e3fb79a3-1f86-42af-a80c-c46d1acdbc29: start FollowerState
2019-11-04 16:02:29,759 [Thread-1664] INFO  impl.FollowerState (FollowerState.java:run(108)) - e3fb79a3-1f86-42af-a80c-c46d1acdbc29@group-7855C2F36E53-FollowerState: change to CANDIDATE, lastRpcTime:0ms, electionTimeout:0ms
2019-11-04 16:02:29,760 [Thread-1664] INFO  impl.RoleInfo (RoleInfo.java:shutdownFollowerState(121)) - e3fb79a3-1f86-42af-a80c-c46d1acdbc29: shutdown FollowerState
2019-11-04 16:02:29,760 [Thread-1664] INFO  impl.RaftServerImpl (RaftServerImpl.java:setRole(184)) - e3fb79a3-1f86-42af-a80c-c46d1acdbc29@group-7855C2F36E53: changes role from  FOLLOWER to CANDIDATE at term 236 for changeToCandidate
2019-11-04 16:02:29,760 [Thread-1664] INFO  impl.RoleInfo (RoleInfo.java:updateAndGet(143)) - e3fb79a3-1f86-42af-a80c-c46d1acdbc29: start LeaderElection
2019-11-04 16:02:29,773 [e3fb79a3-1f86-42af-a80c-c46d1acdbc29@group-7855C2F36E53-LeaderElection216] INFO  impl.LeaderElection (LeaderElection.java:askForVotes(178)) - e3fb79a3-1f86-42af-a80c-c46d1acdbc29@group-7855C2F36E53-LeaderElection216: begin an election at term 237 for -1: [e3fb79a3-1f86-42af-a80c-c46d1acdbc29:192.168.157.194:44142, 81ff859e-e76f-43f5-951a-4a38422068cb:192.168.157.194:46532, a9143d84-6d7f-497d-b770-eb75585db3c7:192.168.157.194:42126], old=null
2019-11-04 16:02:29,776 [grpc-default-executor-1] INFO  impl.RaftServerImpl (RaftServerImpl.java:setRole(184)) - 81ff859e-e76f-43f5-951a-4a38422068cb@group-7855C2F36E53: changes role from  FOLLOWER to FOLLOWER at term 237 for recognizeCandidate:e3fb79a3-1f86-42af-a80c-c46d1acdbc29
2019-11-04 16:02:29,776 [grpc-default-executor-1] INFO  impl.RoleInfo (RoleInfo.java:shutdownFollowerState(121)) - 81ff859e-e76f-43f5-951a-4a38422068cb: shutdown FollowerState
2019-11-04 16:02:29,776 [grpc-default-executor-4] INFO  impl.RaftServerImpl (RaftServerImpl.java:setRole(184)) - a9143d84-6d7f-497d-b770-eb75585db3c7@group-7855C2F36E53: changes role from  FOLLOWER to FOLLOWER at term 237 for recognizeCandidate:e3fb79a3-1f86-42af-a80c-c46d1acdbc29
2019-11-04 16:02:29,776 [grpc-default-executor-4] INFO  impl.RoleInfo (RoleInfo.java:shutdownFollowerState(121)) - a9143d84-6d7f-497d-b770-eb75585db3c7: shutdown FollowerState
2019-11-04 16:02:29,776 [Thread-1662] INFO  impl.FollowerState (FollowerState.java:run(117)) - 81ff859e-e76f-43f5-951a-4a38422068cb@group-7855C2F36E53-FollowerState was interrupted: java.lang.InterruptedException: sleep interrupted
2019-11-04 16:02:29,776 [grpc-default-executor-1] INFO  impl.RoleInfo (RoleInfo.java:updateAndGet(143)) - 81ff859e-e76f-43f5-951a-4a38422068cb: start FollowerState
2019-11-04 16:02:29,777 [Thread-1663] INFO  impl.FollowerState (FollowerState.java:run(117)) - a9143d84-6d7f-497d-b770-eb75585db3c7@group-7855C2F36E53-FollowerState was interrupted: java.lang.InterruptedException: sleep interrupted
2019-11-04 16:02:29,776 [grpc-default-executor-4] INFO  impl.RoleInfo (RoleInfo.java:updateAndGet(143)) - a9143d84-6d7f-497d-b770-eb75585db3c7: start FollowerState
2019-11-04 16:02:29,791 [e3fb79a3-1f86-42af-a80c-c46d1acdbc29@group-7855C2F36E53-LeaderElection216] INFO  impl.LeaderElection (LeaderElection.java:logAndReturn(56)) - e3fb79a3-1f86-42af-a80c-c46d1acdbc29@group-7855C2F36E53-LeaderElection216: Election REJECTED; received 2 response(s) [e3fb79a3-1f86-42af-a80c-c46d1acdbc29<-81ff859e-e76f-43f5-951a-4a38422068cb#0:FAIL-t237, e3fb79a3-1f86-42af-a80c-c46d1acdbc29<-a9143d84-6d7f-497d-b770-eb75585db3c7#0:FAIL-t237] and 0 exception(s); e3fb79a3-1f86-42af-a80c-c46d1acdbc29@group-7855C2F36E53:t237, leader=null, voted=e3fb79a3-1f86-42af-a80c-c46d1acdbc29, raftlog=e3fb79a3-1f86-42af-a80c-c46d1acdbc29@group-7855C2F36E53-SegmentedRaftLog:OPENED:c-1,f-1,i0, conf=-1: [e3fb79a3-1f86-42af-a80c-c46d1acdbc29:192.168.157.194:44142, 81ff859e-e76f-43f5-951a-4a38422068cb:192.168.157.194:46532, a9143d84-6d7f-497d-b770-eb75585db3c7:192.168.157.194:42126], old=null
2019-11-04 16:02:29,791 [e3fb79a3-1f86-42af-a80c-c46d1acdbc29@group-7855C2F36E53-LeaderElection216] INFO  impl.RaftServerImpl (RaftServerImpl.java:setRole(184)) - e3fb79a3-1f86-42af-a80c-c46d1acdbc29@group-7855C2F36E53: changes role from CANDIDATE to FOLLOWER at term 237 for DISCOVERED_A_NEW_TERM
2019-11-04 16:02:29,791 [e3fb79a3-1f86-42af-a80c-c46d1acdbc29@group-7855C2F36E53-LeaderElection216] INFO  impl.RoleInfo (RoleInfo.java:shutdownLeaderElection(134)) - e3fb79a3-1f86-42af-a80c-c46d1acdbc29: shutdown LeaderElection
2019-11-04 16:02:29,792 [e3fb79a3-1f86-42af-a80c-c46d1acdbc29@group-7855C2F36E53-LeaderElection216] INFO  impl.RoleInfo (RoleInfo.java:updateAndGet(143)) - e3fb79a3-1f86-42af-a80c-c46d1acdbc29: start FollowerState
2019-11-04 16:02:29,857 [Thread-1670] INFO  impl.FollowerState (FollowerState.java:run(108)) - e3fb79a3-1f86-42af-a80c-c46d1acdbc29@group-7855C2F36E53-FollowerState: change to CANDIDATE, lastRpcTime:65ms, electionTimeout:65ms
2019-11-04 16:02:29,857 [Thread-1670] INFO  impl.RoleInfo (RoleInfo.java:shutdownFollowerState(121)) - e3fb79a3-1f86-42af-a80c-c46d1acdbc29: shutdown FollowerState
2019-11-04 16:02:29,857 [Thread-1670] INFO  impl.RaftServerImpl (RaftServerImpl.java:setRole(184)) - e3fb79a3-1f86-42af-a80c-c46d1acdbc29@group-7855C2F36E53: changes role from  FOLLOWER to CANDIDATE at term 237 for changeToCandidate
2019-11-04 16:02:29,857 [Thread-1670] INFO  impl.RoleInfo (RoleInfo.java:updateAndGet(143)) - e3fb79a3-1f86-42af-a80c-c46d1acdbc29: start LeaderElection
2019-11-04 16:02:29,872 [e3fb79a3-1f86-42af-a80c-c46d1acdbc29@group-7855C2F36E53-LeaderElection217] INFO  impl.LeaderElection (LeaderElection.java:askForVotes(178)) - e3fb79a3-1f86-42af-a80c-c46d1acdbc29@group-7855C2F36E53-LeaderElection217: begin an election at term 238 for -1: [e3fb79a3-1f86-42af-a80c-c46d1acdbc29:192.168.157.194:44142, 81ff859e-e76f-43f5-951a-4a38422068cb:192.168.157.194:46532, a9143d84-6d7f-497d-b770-eb75585db3c7:192.168.157.194:42126], old=null
2019-11-04 16:02:29,874 [grpc-default-executor-4] INFO  impl.RaftServerImpl (RaftServerImpl.java:setRole(184)) - 81ff859e-e76f-43f5-951a-4a38422068cb@group-7855C2F36E53: changes role from  FOLLOWER to FOLLOWER at term 238 for recognizeCandidate:e3fb79a3-1f86-42af-a80c-c46d1acdbc29
2019-11-04 16:02:29,874 [grpc-default-executor-1] INFO  impl.RaftServerImpl (RaftServerImpl.java:setRole(184)) - a9143d84-6d7f-497d-b770-eb75585db3c7@group-7855C2F36E53: changes role from  FOLLOWER to FOLLOWER at term 238 for recognizeCandidate:e3fb79a3-1f86-42af-a80c-c46d1acdbc29
2019-11-04 16:02:29,874 [grpc-default-executor-4] INFO  impl.RoleInfo (RoleInfo.java:shutdownFollowerState(121)) - 81ff859e-e76f-43f5-951a-4a38422068cb: shutdown FollowerState
2019-11-04 16:02:29,874 [grpc-default-executor-1] INFO  impl.RoleInfo (RoleInfo.java:shutdownFollowerState(121)) - a9143d84-6d7f-497d-b770-eb75585db3c7: shutdown FollowerState
2019-11-04 16:02:29,875 [grpc-default-executor-1] INFO  impl.RoleInfo (RoleInfo.java:updateAndGet(143)) - a9143d84-6d7f-497d-b770-eb75585db3c7: start FollowerState
2019-11-04 16:02:29,875 [Thread-1668] INFO  impl.FollowerState (FollowerState.java:run(117)) - 81ff859e-e76f-43f5-951a-4a38422068cb@group-7855C2F36E53-FollowerState was interrupted: java.lang.InterruptedException: sleep interrupted
2019-11-04 16:02:29,875 [grpc-default-executor-4] INFO  impl.RoleInfo (RoleInfo.java:updateAndGet(143)) - 81ff859e-e76f-43f5-951a-4a38422068cb: start FollowerState
2019-11-04 16:02:29,875 [Thread-1669] INFO  impl.FollowerState (FollowerState.java:run(117)) - a9143d84-6d7f-497d-b770-eb75585db3c7@group-7855C2F36E53-FollowerState was interrupted: java.lang.InterruptedException: sleep interrupted
2019-11-04 16:02:29,908 [e3fb79a3-1f86-42af-a80c-c46d1acdbc29@group-7855C2F36E53-LeaderElection217] INFO  impl.LeaderElection (LeaderElection.java:logAndReturn(56)) - e3fb79a3-1f86-42af-a80c-c46d1acdbc29@group-7855C2F36E53-LeaderElection217: Election REJECTED; received 2 response(s) [e3fb79a3-1f86-42af-a80c-c46d1acdbc29<-81ff859e-e76f-43f5-951a-4a38422068cb#0:FAIL-t238, e3fb79a3-1f86-42af-a80c-c46d1acdbc29<-a9143d84-6d7f-497d-b770-eb75585db3c7#0:FAIL-t238] and 0 exception(s); e3fb79a3-1f86-42af-a80c-c46d1acdbc29@group-7855C2F36E53:t238, leader=null, voted=e3fb79a3-1f86-42af-a80c-c46d1acdbc29, raftlog=e3fb79a3-1f86-42af-a80c-c46d1acdbc29@group-7855C2F36E53-SegmentedRaftLog:OPENED:c-1,f-1,i0, conf=-1: [e3fb79a3-1f86-42af-a80c-c46d1acdbc29:192.168.157.194:44142, 81ff859e-e76f-43f5-951a-4a38422068cb:192.168.157.194:46532, a9143d84-6d7f-497d-b770-eb75585db3c7:192.168.157.194:42126], old=null
2019-11-04 16:02:29,908 [e3fb79a3-1f86-42af-a80c-c46d1acdbc29@group-7855C2F36E53-LeaderElection217] INFO  impl.RaftServerImpl (RaftServerImpl.java:setRole(184)) - e3fb79a3-1f86-42af-a80c-c46d1acdbc29@group-7855C2F36E53: changes role from CANDIDATE to FOLLOWER at term 238 for DISCOVERED_A_NEW_TERM
2019-11-04 16:02:29,908 [e3fb79a3-1f86-42af-a80c-c46d1acdbc29@group-7855C2F36E53-LeaderElection217] INFO  impl.RoleInfo (RoleInfo.java:shutdownLeaderElection(134)) - e3fb79a3-1f86-42af-a80c-c46d1acdbc29: shutdown LeaderElection
2019-11-04 16:02:29,908 [e3fb79a3-1f86-42af-a80c-c46d1acdbc29@group-7855C2F36E53-LeaderElection217] INFO  impl.RoleInfo (RoleInfo.java:updateAndGet(143)) - e3fb79a3-1f86-42af-a80c-c46d1acdbc29: start FollowerState
2019-11-04 16:02:30,016 [Thread-1676] INFO  impl.FollowerState (FollowerState.java:run(108)) - e3fb79a3-1f86-42af-a80c-c46d1acdbc29@group-7855C2F36E53-FollowerState: change to CANDIDATE, lastRpcTime:107ms, electionTimeout:107ms
2019-11-04 16:02:30,017 [Thread-1676] INFO  impl.RoleInfo (RoleInfo.java:shutdownFollowerState(121)) - e3fb79a3-1f86-42af-a80c-c46d1acdbc29: shutdown FollowerState
2019-11-04 16:02:30,017 [Thread-1676] INFO  impl.RaftServerImpl (RaftServerImpl.java:setRole(184)) - e3fb79a3-1f86-42af-a80c-c46d1acdbc29@group-7855C2F36E53: changes role from  FOLLOWER to CANDIDATE at term 238 for changeToCandidate
2019-11-04 16:02:30,017 [Thread-1676] INFO  impl.RoleInfo (RoleInfo.java:updateAndGet(143)) - e3fb79a3-1f86-42af-a80c-c46d1acdbc29: start LeaderElection
2019-11-04 16:02:30,033 [e3fb79a3-1f86-42af-a80c-c46d1acdbc29@group-7855C2F36E53-LeaderElection218] INFO  impl.LeaderElection (LeaderElection.java:askForVotes(178)) - e3fb79a3-1f86-42af-a80c-c46d1acdbc29@group-7855C2F36E53-LeaderElection218: begin an election at term 239 for -1: [e3fb79a3-1f86-42af-a80c-c46d1acdbc29:192.168.157.194:44142, 81ff859e-e76f-43f5-951a-4a38422068cb:192.168.157.194:46532, a9143d84-6d7f-497d-b770-eb75585db3c7:192.168.157.194:42126], old=null
2019-11-04 16:02:30,040 [grpc-default-executor-4] INFO  impl.RaftServerImpl (RaftServerImpl.java:setRole(184)) - 81ff859e-e76f-43f5-951a-4a38422068cb@group-7855C2F36E53: changes role from  FOLLOWER to FOLLOWER at term 239 for recognizeCandidate:e3fb79a3-1f86-42af-a80c-c46d1acdbc29
2019-11-04 16:02:30,040 [grpc-default-executor-4] INFO  impl.RoleInfo (RoleInfo.java:shutdownFollowerState(121)) - 81ff859e-e76f-43f5-951a-4a38422068cb: shutdown FollowerState
2019-11-04 16:02:30,040 [grpc-default-executor-1] INFO  impl.RaftServerImpl (RaftServerImpl.java:setRole(184)) - a9143d84-6d7f-497d-b770-eb75585db3c7@group-7855C2F36E53: changes role from  FOLLOWER to FOLLOWER at term 239 for recognizeCandidate:e3fb79a3-1f86-42af-a80c-c46d1acdbc29
2019-11-04 16:02:30,041 [grpc-default-executor-1] INFO  impl.RoleInfo (RoleInfo.java:shutdownFollowerState(121)) - a9143d84-6d7f-497d-b770-eb75585db3c7: shutdown FollowerState
2019-11-04 16:02:30,041 [grpc-default-executor-4] INFO  impl.RoleInfo (RoleInfo.java:updateAndGet(143)) - 81ff859e-e76f-43f5-951a-4a38422068cb: start FollowerState
2019-11-04 16:02:30,041 [Thread-1674] INFO  impl.FollowerState (FollowerState.java:run(117)) - 81ff859e-e76f-43f5-951a-4a38422068cb@group-7855C2F36E53-FollowerState was interrupted: java.lang.InterruptedException: sleep interrupted
2019-11-04 16:02:30,041 [grpc-default-executor-1] INFO  impl.RoleInfo (RoleInfo.java:updateAndGet(143)) - a9143d84-6d7f-497d-b770-eb75585db3c7: start FollowerState
2019-11-04 16:02:30,041 [Thread-1675] INFO  impl.FollowerState (FollowerState.java:run(117)) - a9143d84-6d7f-497d-b770-eb75585db3c7@group-7855C2F36E53-FollowerState was interrupted: java.lang.InterruptedException: sleep interrupted
2019-11-04 16:02:30,068 [e3fb79a3-1f86-42af-a80c-c46d1acdbc29@group-7855C2F36E53-LeaderElection218] INFO  impl.LeaderElection (LeaderElection.java:logAndReturn(56)) - e3fb79a3-1f86-42af-a80c-c46d1acdbc29@group-7855C2F36E53-LeaderElection218: Election REJECTED; received 2 response(s) [e3fb79a3-1f86-42af-a80c-c46d1acdbc29<-81ff859e-e76f-43f5-951a-4a38422068cb#0:FAIL-t239, e3fb79a3-1f86-42af-a80c-c46d1acdbc29<-a9143d84-6d7f-497d-b770-eb75585db3c7#0:FAIL-t239] and 0 exception(s); e3fb79a3-1f86-42af-a80c-c46d1acdbc29@group-7855C2F36E53:t239, leader=null, voted=e3fb79a3-1f86-42af-a80c-c46d1acdbc29, raftlog=e3fb79a3-1f86-42af-a80c-c46d1acdbc29@group-7855C2F36E53-SegmentedRaftLog:OPENED:c-1,f-1,i0, conf=-1: [e3fb79a3-1f86-42af-a80c-c46d1acdbc29:192.168.157.194:44142, 81ff859e-e76f-43f5-951a-4a38422068cb:192.168.157.194:46532, a9143d84-6d7f-497d-b770-eb75585db3c7:192.168.157.194:42126], old=null
2019-11-04 16:02:30,068 [e3fb79a3-1f86-42af-a80c-c46d1acdbc29@group-7855C2F36E53-LeaderElection218] INFO  impl.RaftServerImpl (RaftServerImpl.java:setRole(184)) - e3fb79a3-1f86-42af-a80c-c46d1acdbc29@group-7855C2F36E53: changes role from CANDIDATE to FOLLOWER at term 239 for DISCOVERED_A_NEW_TERM
2019-11-04 16:02:30,068 [e3fb79a3-1f86-42af-a80c-c46d1acdbc29@group-7855C2F36E53-LeaderElection218] INFO  impl.RoleInfo (RoleInfo.java:shutdownLeaderElection(134)) - e3fb79a3-1f86-42af-a80c-c46d1acdbc29: shutdown LeaderElection
2019-11-04 16:02:30,069 [e3fb79a3-1f86-42af-a80c-c46d1acdbc29@group-7855C2F36E53-LeaderElection218] INFO  impl.RoleInfo (RoleInfo.java:updateAndGet(143)) - e3fb79a3-1f86-42af-a80c-c46d1acdbc29: start FollowerState
2019-11-04 16:02:30,140 [Thread-1682] INFO  impl.FollowerState (FollowerState.java:run(108)) - e3fb79a3-1f86-42af-a80c-c46d1acdbc29@group-7855C2F36E53-FollowerState: change to CANDIDATE, lastRpcTime:71ms, electionTimeout:71ms
2019-11-04 16:02:30,140 [Thread-1682] INFO  impl.RoleInfo (RoleInfo.java:shutdownFollowerState(121)) - e3fb79a3-1f86-42af-a80c-c46d1acdbc29: shutdown FollowerState
2019-11-04 16:02:30,140 [Thread-1682] INFO  impl.RaftServerImpl (RaftServerImpl.java:setRole(184)) - e3fb79a3-1f86-42af-a80c-c46d1acdbc29@group-7855C2F36E53: changes role from  FOLLOWER to CANDIDATE at term 239 for changeToCandidate
2019-11-04 16:02:30,140 [Thread-1682] INFO  impl.RoleInfo (RoleInfo.java:updateAndGet(143)) - e3fb79a3-1f86-42af-a80c-c46d1acdbc29: start LeaderElection
2019-11-04 16:02:30,150 [e3fb79a3-1f86-42af-a80c-c46d1acdbc29@group-7855C2F36E53-LeaderElection219] INFO  impl.LeaderElection (LeaderElection.java:askForVotes(178)) - e3fb79a3-1f86-42af-a80c-c46d1acdbc29@group-7855C2F36E53-LeaderElection219: begin an election at term 240 for -1: [e3fb79a3-1f86-42af-a80c-c46d1acdbc29:192.168.157.194:44142, 81ff859e-e76f-43f5-951a-4a38422068cb:192.168.157.194:46532, a9143d84-6d7f-497d-b770-eb75585db3c7:192.168.157.194:42126], old=null
2019-11-04 16:02:30,152 [grpc-default-executor-1] INFO  impl.RaftServerImpl (RaftServerImpl.java:setRole(184)) - 81ff859e-e76f-43f5-951a-4a38422068cb@group-7855C2F36E53: changes role from  FOLLOWER to FOLLOWER at term 240 for recognizeCandidate:e3fb79a3-1f86-42af-a80c-c46d1acdbc29
2019-11-04 16:02:30,152 [grpc-default-executor-1] INFO  impl.RoleInfo (RoleInfo.java:shutdownFollowerState(121)) - 81ff859e-e76f-43f5-951a-4a38422068cb: shutdown FollowerState
2019-11-04 16:02:30,152 [grpc-default-executor-4] INFO  impl.RaftServerImpl (RaftServerImpl.java:setRole(184)) - a9143d84-6d7f-497d-b770-eb75585db3c7@group-7855C2F36E53: changes role from  FOLLOWER to FOLLOWER at term 240 for recognizeCandidate:e3fb79a3-1f86-42af-a80c-c46d1acdbc29
2019-11-04 16:02:30,152 [grpc-default-executor-4] INFO  impl.RoleInfo (RoleInfo.java:shutdownFollowerState(121)) - a9143d84-6d7f-497d-b770-eb75585db3c7: shutdown FollowerState
2019-11-04 16:02:30,153 [grpc-default-executor-4] INFO  impl.RoleInfo (RoleInfo.java:updateAndGet(143)) - a9143d84-6d7f-497d-b770-eb75585db3c7: start FollowerState
2019-11-04 16:02:30,152 [Thread-1680] INFO  impl.FollowerState (FollowerState.java:run(117)) - 81ff859e-e76f-43f5-951a-4a38422068cb@group-7855C2F36E53-FollowerState was interrupted: java.lang.InterruptedException: sleep interrupted
2019-11-04 16:02:30,152 [grpc-default-executor-1] INFO  impl.RoleInfo (RoleInfo.java:updateAndGet(143)) - 81ff859e-e76f-43f5-951a-4a38422068cb: start FollowerState
2019-11-04 16:02:30,153 [Thread-1681] INFO  impl.FollowerState (FollowerState.java:run(117)) - a9143d84-6d7f-497d-b770-eb75585db3c7@group-7855C2F36E53-FollowerState was interrupted: java.lang.InterruptedException: sleep interrupted
2019-11-04 16:02:30,160 [e3fb79a3-1f86-42af-a80c-c46d1acdbc29@group-7855C2F36E53-LeaderElection219] INFO  impl.LeaderElection (LeaderElection.java:logAndReturn(56)) - e3fb79a3-1f86-42af-a80c-c46d1acdbc29@group-7855C2F36E53-LeaderElection219: Election REJECTED; received 2 response(s) [e3fb79a3-1f86-42af-a80c-c46d1acdbc29<-81ff859e-e76f-43f5-951a-4a38422068cb#0:FAIL-t240, e3fb79a3-1f86-42af-a80c-c46d1acdbc29<-a9143d84-6d7f-497d-b770-eb75585db3c7#0:FAIL-t240] and 0 exception(s); e3fb79a3-1f86-42af-a80c-c46d1acdbc29@group-7855C2F36E53:t240, leader=null, voted=e3fb79a3-1f86-42af-a80c-c46d1acdbc29, raftlog=e3fb79a3-1f86-42af-a80c-c46d1acdbc29@group-7855C2F36E53-SegmentedRaftLog:OPENED:c-1,f-1,i0, conf=-1: [e3fb79a3-1f86-42af-a80c-c46d1acdbc29:192.168.157.194:44142, 81ff859e-e76f-43f5-951a-4a38422068cb:192.168.157.194:46532, a9143d84-6d7f-497d-b770-eb75585db3c7:192.168.157.194:42126], old=null
2019-11-04 16:02:30,161 [e3fb79a3-1f86-42af-a80c-c46d1acdbc29@group-7855C2F36E53-LeaderElection219] INFO  impl.RaftServerImpl (RaftServerImpl.java:setRole(184)) - e3fb79a3-1f86-42af-a80c-c46d1acdbc29@group-7855C2F36E53: changes role from CANDIDATE to FOLLOWER at term 240 for DISCOVERED_A_NEW_TERM
2019-11-04 16:02:30,161 [e3fb79a3-1f86-42af-a80c-c46d1acdbc29@group-7855C2F36E53-LeaderElection219] INFO  impl.RoleInfo (RoleInfo.java:shutdownLeaderElection(134)) - e3fb79a3-1f86-42af-a80c-c46d1acdbc29: shutdown LeaderElection
2019-11-04 16:02:30,161 [e3fb79a3-1f86-42af-a80c-c46d1acdbc29@group-7855C2F36E53-LeaderElection219] INFO  impl.RoleInfo (RoleInfo.java:updateAndGet(143)) - e3fb79a3-1f86-42af-a80c-c46d1acdbc29: start FollowerState
2019-11-04 16:02:30,321 [Thread-1688] INFO  impl.FollowerState (FollowerState.java:run(108)) - e3fb79a3-1f86-42af-a80c-c46d1acdbc29@group-7855C2F36E53-FollowerState: change to CANDIDATE, lastRpcTime:160ms, electionTimeout:160ms
2019-11-04 16:02:30,321 [Thread-1688] INFO  impl.RoleInfo (RoleInfo.java:shutdownFollowerState(121)) - e3fb79a3-1f86-42af-a80c-c46d1acdbc29: shutdown FollowerState
2019-11-04 16:02:30,322 [Thread-1688] INFO  impl.RaftServerImpl (RaftServerImpl.java:setRole(184)) - e3fb79a3-1f86-42af-a80c-c46d1acdbc29@group-7855C2F36E53: changes role from  FOLLOWER to CANDIDATE at term 240 for changeToCandidate
2019-11-04 16:02:30,322 [Thread-1688] INFO  impl.RoleInfo (RoleInfo.java:updateAndGet(143)) - e3fb79a3-1f86-42af-a80c-c46d1acdbc29: start LeaderElection
2019-11-04 16:02:30,347 [e3fb79a3-1f86-42af-a80c-c46d1acdbc29@group-7855C2F36E53-LeaderElection220] INFO  impl.LeaderElection (LeaderElection.java:askForVotes(178)) - e3fb79a3-1f86-42af-a80c-c46d1acdbc29@group-7855C2F36E53-LeaderElection220: begin an election at term 241 for -1: [e3fb79a3-1f86-42af-a80c-c46d1acdbc29:192.168.157.194:44142, 81ff859e-e76f-43f5-951a-4a38422068cb:192.168.157.194:46532, a9143d84-6d7f-497d-b770-eb75585db3c7:192.168.157.194:42126], old=null
2019-11-04 16:02:30,350 [grpc-default-executor-1] INFO  impl.RaftServerImpl (RaftServerImpl.java:setRole(184)) - 81ff859e-e76f-43f5-951a-4a38422068cb@group-7855C2F36E53: changes role from  FOLLOWER to FOLLOWER at term 241 for recognizeCandidate:e3fb79a3-1f86-42af-a80c-c46d1acdbc29
2019-11-04 16:02:30,350 [grpc-default-executor-1] INFO  impl.RoleInfo (RoleInfo.java:shutdownFollowerState(121)) - 81ff859e-e76f-43f5-951a-4a38422068cb: shutdown FollowerState
2019-11-04 16:02:30,350 [grpc-default-executor-1] INFO  impl.RoleInfo (RoleInfo.java:updateAndGet(143)) - 81ff859e-e76f-43f5-951a-4a38422068cb: start FollowerState
2019-11-04 16:02:30,351 [Thread-1686] INFO  impl.FollowerState (FollowerState.java:run(117)) - 81ff859e-e76f-43f5-951a-4a38422068cb@group-7855C2F36E53-FollowerState was interrupted: java.lang.InterruptedException: sleep interrupted
2019-11-04 16:02:30,350 [grpc-default-executor-4] INFO  impl.RaftServerImpl (RaftServerImpl.java:setRole(184)) - a9143d84-6d7f-497d-b770-eb75585db3c7@group-7855C2F36E53: changes role from  FOLLOWER to FOLLOWER at term 241 for recognizeCandidate:e3fb79a3-1f86-42af-a80c-c46d1acdbc29
2019-11-04 16:02:30,351 [grpc-default-executor-4] INFO  impl.RoleInfo (RoleInfo.java:shutdownFollowerState(121)) - a9143d84-6d7f-497d-b770-eb75585db3c7: shutdown FollowerState
2019-11-04 16:02:30,351 [grpc-default-executor-4] INFO  impl.RoleInfo (RoleInfo.java:updateAndGet(143)) - a9143d84-6d7f-497d-b770-eb75585db3c7: start FollowerState
2019-11-04 16:02:30,351 [Thread-1687] INFO  impl.FollowerState (FollowerState.java:run(117)) - a9143d84-6d7f-497d-b770-eb75585db3c7@group-7855C2F36E53-FollowerState was interrupted: java.lang.InterruptedException: sleep interrupted
2019-11-04 16:02:30,377 [e3fb79a3-1f86-42af-a80c-c46d1acdbc29@group-7855C2F36E53-LeaderElection220] INFO  impl.LeaderElection (LeaderElection.java:logAndReturn(56)) - e3fb79a3-1f86-42af-a80c-c46d1acdbc29@group-7855C2F36E53-LeaderElection220: Election REJECTED; received 2 response(s) [e3fb79a3-1f86-42af-a80c-c46d1acdbc29<-81ff859e-e76f-43f5-951a-4a38422068cb#0:FAIL-t241, e3fb79a3-1f86-42af-a80c-c46d1acdbc29<-a9143d84-6d7f-497d-b770-eb75585db3c7#0:FAIL-t241] and 0 exception(s); e3fb79a3-1f86-42af-a80c-c46d1acdbc29@group-7855C2F36E53:t241, leader=null, voted=e3fb79a3-1f86-42af-a80c-c46d1acdbc29, raftlog=e3fb79a3-1f86-42af-a80c-c46d1acdbc29@group-7855C2F36E53-SegmentedRaftLog:OPENED:c-1,f-1,i0, conf=-1: [e3fb79a3-1f86-42af-a80c-c46d1acdbc29:192.168.157.194:44142, 81ff859e-e76f-43f5-951a-4a38422068cb:192.168.157.194:46532, a9143d84-6d7f-497d-b770-eb75585db3c7:192.168.157.194:42126], old=null
2019-11-04 16:02:30,377 [e3fb79a3-1f86-42af-a80c-c46d1acdbc29@group-7855C2F36E53-LeaderElection220] INFO  impl.RaftServerImpl (RaftServerImpl.java:setRole(184)) - e3fb79a3-1f86-42af-a80c-c46d1acdbc29@group-7855C2F36E53: changes role from CANDIDATE to FOLLOWER at term 241 for DISCOVERED_A_NEW_TERM
2019-11-04 16:02:30,377 [e3fb79a3-1f86-42af-a80c-c46d1acdbc29@group-7855C2F36E53-LeaderElection220] INFO  impl.RoleInfo (RoleInfo.java:shutdownLeaderElection(134)) - e3fb79a3-1f86-42af-a80c-c46d1acdbc29: shutdown LeaderElection
2019-11-04 16:02:30,377 [e3fb79a3-1f86-42af-a80c-c46d1acdbc29@group-7855C2F36E53-LeaderElection220] INFO  impl.RoleInfo (RoleInfo.java:updateAndGet(143)) - e3fb79a3-1f86-42af-a80c-c46d1acdbc29: start FollowerState
2019-11-04 16:02:30,404 [Thread-1696] INFO  impl.FollowerState (FollowerState.java:run(108)) - e3fb79a3-1f86-42af-a80c-c46d1acdbc29@group-7855C2F36E53-FollowerState: change to CANDIDATE, lastRpcTime:26ms, electionTimeout:26ms
2019-11-04 16:02:30,404 [Thread-1696] INFO  impl.RoleInfo (RoleInfo.java:shutdownFollowerState(121)) - e3fb79a3-1f86-42af-a80c-c46d1acdbc29: shutdown FollowerState
2019-11-04 16:02:30,404 [Thread-1696] INFO  impl.RaftServerImpl (RaftServerImpl.java:setRole(184)) - e3fb79a3-1f86-42af-a80c-c46d1acdbc29@group-7855C2F36E53: changes role from  FOLLOWER to CANDIDATE at term 241 for changeToCandidate
2019-11-04 16:02:30,404 [Thread-1696] INFO  impl.RoleInfo (RoleInfo.java:updateAndGet(143)) - e3fb79a3-1f86-42af-a80c-c46d1acdbc29: start LeaderElection
2019-11-04 16:02:30,419 [e3fb79a3-1f86-42af-a80c-c46d1acdbc29@group-7855C2F36E53-LeaderElection221] INFO  impl.LeaderElection (LeaderElection.java:askForVotes(178)) - e3fb79a3-1f86-42af-a80c-c46d1acdbc29@group-7855C2F36E53-LeaderElection221: begin an election at term 242 for -1: [e3fb79a3-1f86-42af-a80c-c46d1acdbc29:192.168.157.194:44142, 81ff859e-e76f-43f5-951a-4a38422068cb:192.168.157.194:46532, a9143d84-6d7f-497d-b770-eb75585db3c7:192.168.157.194:42126], old=null
2019-11-04 16:02:30,421 [grpc-default-executor-4] INFO  impl.RaftServerImpl (RaftServerImpl.java:setRole(184)) - 81ff859e-e76f-43f5-951a-4a38422068cb@group-7855C2F36E53: changes role from  FOLLOWER to FOLLOWER at term 242 for recognizeCandidate:e3fb79a3-1f86-42af-a80c-c46d1acdbc29
2019-11-04 16:02:30,421 [grpc-default-executor-4] INFO  impl.RoleInfo (RoleInfo.java:shutdownFollowerState(121)) - 81ff859e-e76f-43f5-951a-4a38422068cb: shutdown FollowerState
2019-11-04 16:02:30,421 [grpc-default-executor-1] INFO  impl.RaftServerImpl (RaftServerImpl.java:setRole(184)) - a9143d84-6d7f-497d-b770-eb75585db3c7@group-7855C2F36E53: changes role from  FOLLOWER to FOLLOWER at term 242 for recognizeCandidate:e3fb79a3-1f86-42af-a80c-c46d1acdbc29
2019-11-04 16:02:30,422 [grpc-default-executor-1] INFO  impl.RoleInfo (RoleInfo.java:shutdownFollowerState(121)) - a9143d84-6d7f-497d-b770-eb75585db3c7: shutdown FollowerState
2019-11-04 16:02:30,421 [Thread-1694] INFO  impl.FollowerState (FollowerState.java:run(117)) - 81ff859e-e76f-43f5-951a-4a38422068cb@group-7855C2F36E53-FollowerState was interrupted: java.lang.InterruptedException: sleep interrupted
2019-11-04 16:02:30,421 [grpc-default-executor-4] INFO  impl.RoleInfo (RoleInfo.java:updateAndGet(143)) - 81ff859e-e76f-43f5-951a-4a38422068cb: start FollowerState
2019-11-04 16:02:30,422 [Thread-1695] INFO  impl.FollowerState (FollowerState.java:run(117)) - a9143d84-6d7f-497d-b770-eb75585db3c7@group-7855C2F36E53-FollowerState was interrupted: java.lang.InterruptedException: sleep interrupted
2019-11-04 16:02:30,422 [grpc-default-executor-1] INFO  impl.RoleInfo (RoleInfo.java:updateAndGet(143)) - a9143d84-6d7f-497d-b770-eb75585db3c7: start FollowerState
2019-11-04 16:02:30,446 [e3fb79a3-1f86-42af-a80c-c46d1acdbc29@group-7855C2F36E53-LeaderElection221] INFO  impl.LeaderElection (LeaderElection.java:logAndReturn(56)) - e3fb79a3-1f86-42af-a80c-c46d1acdbc29@group-7855C2F36E53-LeaderElection221: Election REJECTED; received 2 response(s) [e3fb79a3-1f86-42af-a80c-c46d1acdbc29<-81ff859e-e76f-43f5-951a-4a38422068cb#0:FAIL-t242, e3fb79a3-1f86-42af-a80c-c46d1acdbc29<-a9143d84-6d7f-497d-b770-eb75585db3c7#0:FAIL-t242] and 0 exception(s); e3fb79a3-1f86-42af-a80c-c46d1acdbc29@group-7855C2F36E53:t242, leader=null, voted=e3fb79a3-1f86-42af-a80c-c46d1acdbc29, raftlog=e3fb79a3-1f86-42af-a80c-c46d1acdbc29@group-7855C2F36E53-SegmentedRaftLog:OPENED:c-1,f-1,i0, conf=-1: [e3fb79a3-1f86-42af-a80c-c46d1acdbc29:192.168.157.194:44142, 81ff859e-e76f-43f5-951a-4a38422068cb:192.168.157.194:46532, a9143d84-6d7f-497d-b770-eb75585db3c7:192.168.157.194:42126], old=null
2019-11-04 16:02:30,446 [e3fb79a3-1f86-42af-a80c-c46d1acdbc29@group-7855C2F36E53-LeaderElection221] INFO  impl.RaftServerImpl (RaftServerImpl.java:setRole(184)) - e3fb79a3-1f86-42af-a80c-c46d1acdbc29@group-7855C2F36E53: changes role from CANDIDATE to FOLLOWER at term 242 for DISCOVERED_A_NEW_TERM
2019-11-04 16:02:30,446 [e3fb79a3-1f86-42af-a80c-c46d1acdbc29@group-7855C2F36E53-LeaderElection221] INFO  impl.RoleInfo (RoleInfo.java:shutdownLeaderElection(134)) - e3fb79a3-1f86-42af-a80c-c46d1acdbc29: shutdown LeaderElection
2019-11-04 16:02:30,446 [e3fb79a3-1f86-42af-a80c-c46d1acdbc29@group-7855C2F36E53-LeaderElection221] INFO  impl.RoleInfo (RoleInfo.java:updateAndGet(143)) - e3fb79a3-1f86-42af-a80c-c46d1acdbc29: start FollowerState
2019-11-04 16:02:30,457 [Thread-1702] INFO  impl.FollowerState (FollowerState.java:run(108)) - e3fb79a3-1f86-42af-a80c-c46d1acdbc29@group-7855C2F36E53-FollowerState: change to CANDIDATE, lastRpcTime:10ms, electionTimeout:10ms
2019-11-04 16:02:30,457 [Thread-1702] INFO  impl.RoleInfo (RoleInfo.java:shutdownFollowerState(121)) - e3fb79a3-1f86-42af-a80c-c46d1acdbc29: shutdown FollowerState
2019-11-04 16:02:30,457 [Thread-1702] INFO  impl.RaftServerImpl (RaftServerImpl.java:setRole(184)) - e3fb79a3-1f86-42af-a80c-c46d1acdbc29@group-7855C2F36E53: changes role from  FOLLOWER to CANDIDATE at term 242 for changeToCandidate
2019-11-04 16:02:30,457 [Thread-1702] INFO  impl.RoleInfo (RoleInfo.java:updateAndGet(143)) - e3fb79a3-1f86-42af-a80c-c46d1acdbc29: start LeaderElection
2019-11-04 16:02:30,462 [e3fb79a3-1f86-42af-a80c-c46d1acdbc29@group-7855C2F36E53-LeaderElection222] INFO  impl.LeaderElection (LeaderElection.java:askForVotes(178)) - e3fb79a3-1f86-42af-a80c-c46d1acdbc29@group-7855C2F36E53-LeaderElection222: begin an election at term 243 for -1: [e3fb79a3-1f86-42af-a80c-c46d1acdbc29:192.168.157.194:44142, 81ff859e-e76f-43f5-951a-4a38422068cb:192.168.157.194:46532, a9143d84-6d7f-497d-b770-eb75585db3c7:192.168.157.194:42126], old=null
2019-11-04 16:02:30,464 [grpc-default-executor-4] INFO  impl.RaftServerImpl (RaftServerImpl.java:setRole(184)) - 81ff859e-e76f-43f5-951a-4a38422068cb@group-7855C2F36E53: changes role from  FOLLOWER to FOLLOWER at term 243 for recognizeCandidate:e3fb79a3-1f86-42af-a80c-c46d1acdbc29
2019-11-04 16:02:30,464 [grpc-default-executor-4] INFO  impl.RoleInfo (RoleInfo.java:shutdownFollowerState(121)) - 81ff859e-e76f-43f5-951a-4a38422068cb: shutdown FollowerState
2019-11-04 16:02:30,464 [grpc-default-executor-4] INFO  impl.RoleInfo (RoleInfo.java:updateAndGet(143)) - 81ff859e-e76f-43f5-951a-4a38422068cb: start FollowerState
2019-11-04 16:02:30,464 [Thread-1700] INFO  impl.FollowerState (FollowerState.java:run(117)) - 81ff859e-e76f-43f5-951a-4a38422068cb@group-7855C2F36E53-FollowerState was interrupted: java.lang.InterruptedException: sleep interrupted
2019-11-04 16:02:30,464 [grpc-default-executor-1] INFO  impl.RaftServerImpl (RaftServerImpl.java:setRole(184)) - a9143d84-6d7f-497d-b770-eb75585db3c7@group-7855C2F36E53: changes role from  FOLLOWER to FOLLOWER at term 243 for recognizeCandidate:e3fb79a3-1f86-42af-a80c-c46d1acdbc29
2019-11-04 16:02:30,465 [grpc-default-executor-1] INFO  impl.RoleInfo (RoleInfo.java:shutdownFollowerState(121)) - a9143d84-6d7f-497d-b770-eb75585db3c7: shutdown FollowerState
2019-11-04 16:02:30,465 [grpc-default-executor-1] INFO  impl.RoleInfo (RoleInfo.java:updateAndGet(143)) - a9143d84-6d7f-497d-b770-eb75585db3c7: start FollowerState
2019-11-04 16:02:30,465 [Thread-1701] INFO  impl.FollowerState (FollowerState.java:run(117)) - a9143d84-6d7f-497d-b770-eb75585db3c7@group-7855C2F36E53-FollowerState was interrupted: java.lang.InterruptedException: sleep interrupted
2019-11-04 16:02:30,485 [e3fb79a3-1f86-42af-a80c-c46d1acdbc29@group-7855C2F36E53-LeaderElection222] INFO  impl.LeaderElection (LeaderElection.java:logAndReturn(56)) - e3fb79a3-1f86-42af-a80c-c46d1acdbc29@group-7855C2F36E53-LeaderElection222: Election REJECTED; received 2 response(s) [e3fb79a3-1f86-42af-a80c-c46d1acdbc29<-81ff859e-e76f-43f5-951a-4a38422068cb#0:FAIL-t243, e3fb79a3-1f86-42af-a80c-c46d1acdbc29<-a9143d84-6d7f-497d-b770-eb75585db3c7#0:FAIL-t243] and 0 exception(s); e3fb79a3-1f86-42af-a80c-c46d1acdbc29@group-7855C2F36E53:t243, leader=null, voted=e3fb79a3-1f86-42af-a80c-c46d1acdbc29, raftlog=e3fb79a3-1f86-42af-a80c-c46d1acdbc29@group-7855C2F36E53-SegmentedRaftLog:OPENED:c-1,f-1,i0, conf=-1: [e3fb79a3-1f86-42af-a80c-c46d1acdbc29:192.168.157.194:44142, 81ff859e-e76f-43f5-951a-4a38422068cb:192.168.157.194:46532, a9143d84-6d7f-497d-b770-eb75585db3c7:192.168.157.194:42126], old=null
2019-11-04 16:02:30,486 [e3fb79a3-1f86-42af-a80c-c46d1acdbc29@group-7855C2F36E53-LeaderElection222] INFO  impl.RaftServerImpl (RaftServerImpl.java:setRole(184)) - e3fb79a3-1f86-42af-a80c-c46d1acdbc29@group-7855C2F36E53: changes role from CANDIDATE to FOLLOWER at term 243 for DISCOVERED_A_NEW_TERM
2019-11-04 16:02:30,486 [e3fb79a3-1f86-42af-a80c-c46d1acdbc29@group-7855C2F36E53-LeaderElection222] INFO  impl.RoleInfo (RoleInfo.java:shutdownLeaderElection(134)) - e3fb79a3-1f86-42af-a80c-c46d1acdbc29: shutdown LeaderElection
2019-11-04 16:02:30,486 [e3fb79a3-1f86-42af-a80c-c46d1acdbc29@group-7855C2F36E53-LeaderElection222] INFO  impl.RoleInfo (RoleInfo.java:updateAndGet(143)) - e3fb79a3-1f86-42af-a80c-c46d1acdbc29: start FollowerState
2019-11-04 16:02:30,514 [Thread-1708] INFO  impl.FollowerState (FollowerState.java:run(108)) - e3fb79a3-1f86-42af-a80c-c46d1acdbc29@group-7855C2F36E53-FollowerState: change to CANDIDATE, lastRpcTime:28ms, electionTimeout:28ms
2019-11-04 16:02:30,515 [Thread-1708] INFO  impl.RoleInfo (RoleInfo.java:shutdownFollowerState(121)) - e3fb79a3-1f86-42af-a80c-c46d1acdbc29: shutdown FollowerState
2019-11-04 16:02:30,515 [Thread-1708] INFO  impl.RaftServerImpl (RaftServerImpl.java:setRole(184)) - e3fb79a3-1f86-42af-a80c-c46d1acdbc29@group-7855C2F36E53: changes role from  FOLLOWER to CANDIDATE at term 243 for changeToCandidate
2019-11-04 16:02:30,515 [Thread-1708] INFO  impl.RoleInfo (RoleInfo.java:updateAndGet(143)) - e3fb79a3-1f86-42af-a80c-c46d1acdbc29: start LeaderElection
2019-11-04 16:02:30,537 [e3fb79a3-1f86-42af-a80c-c46d1acdbc29@group-7855C2F36E53-LeaderElection223] INFO  impl.LeaderElection (LeaderElection.java:askForVotes(178)) - e3fb79a3-1f86-42af-a80c-c46d1acdbc29@group-7855C2F36E53-LeaderElection223: begin an election at term 244 for -1: [e3fb79a3-1f86-42af-a80c-c46d1acdbc29:192.168.157.194:44142, 81ff859e-e76f-43f5-951a-4a38422068cb:192.168.157.194:46532, a9143d84-6d7f-497d-b770-eb75585db3c7:192.168.157.194:42126], old=null
2019-11-04 16:02:30,539 [grpc-default-executor-4] INFO  impl.RaftServerImpl (RaftServerImpl.java:setRole(184)) - 81ff859e-e76f-43f5-951a-4a38422068cb@group-7855C2F36E53: changes role from  FOLLOWER to FOLLOWER at term 244 for recognizeCandidate:e3fb79a3-1f86-42af-a80c-c46d1acdbc29
2019-11-04 16:02:30,539 [grpc-default-executor-4] INFO  impl.RoleInfo (RoleInfo.java:shutdownFollowerState(121)) - 81ff859e-e76f-43f5-951a-4a38422068cb: shutdown FollowerState
2019-11-04 16:02:30,539 [grpc-default-executor-4] INFO  impl.RoleInfo (RoleInfo.java:updateAndGet(143)) - 81ff859e-e76f-43f5-951a-4a38422068cb: start FollowerState
2019-11-04 16:02:30,539 [Thread-1706] INFO  impl.FollowerState (FollowerState.java:run(117)) - 81ff859e-e76f-43f5-951a-4a38422068cb@group-7855C2F36E53-FollowerState was interrupted: java.lang.InterruptedException: sleep interrupted
2019-11-04 16:02:30,539 [grpc-default-executor-1] INFO  impl.RaftServerImpl (RaftServerImpl.java:setRole(184)) - a9143d84-6d7f-497d-b770-eb75585db3c7@group-7855C2F36E53: changes role from  FOLLOWER to FOLLOWER at term 244 for recognizeCandidate:e3fb79a3-1f86-42af-a80c-c46d1acdbc29
2019-11-04 16:02:30,539 [grpc-default-executor-1] INFO  impl.RoleInfo (RoleInfo.java:shutdownFollowerState(121)) - a9143d84-6d7f-497d-b770-eb75585db3c7: shutdown FollowerState
2019-11-04 16:02:30,540 [grpc-default-executor-1] INFO  impl.RoleInfo (RoleInfo.java:updateAndGet(143)) - a9143d84-6d7f-497d-b770-eb75585db3c7: start FollowerState
2019-11-04 16:02:30,540 [Thread-1707] INFO  impl.FollowerState (FollowerState.java:run(117)) - a9143d84-6d7f-497d-b770-eb75585db3c7@group-7855C2F36E53-FollowerState was interrupted: java.lang.InterruptedException: sleep interrupted
2019-11-04 16:02:30,553 [e3fb79a3-1f86-42af-a80c-c46d1acdbc29@group-7855C2F36E53-LeaderElection223] INFO  impl.LeaderElection (LeaderElection.java:logAndReturn(56)) - e3fb79a3-1f86-42af-a80c-c46d1acdbc29@group-7855C2F36E53-LeaderElection223: Election REJECTED; received 2 response(s) [e3fb79a3-1f86-42af-a80c-c46d1acdbc29<-81ff859e-e76f-43f5-951a-4a38422068cb#0:FAIL-t244, e3fb79a3-1f86-42af-a80c-c46d1acdbc29<-a9143d84-6d7f-497d-b770-eb75585db3c7#0:FAIL-t244] and 0 exception(s); e3fb79a3-1f86-42af-a80c-c46d1acdbc29@group-7855C2F36E53:t244, leader=null, voted=e3fb79a3-1f86-42af-a80c-c46d1acdbc29, raftlog=e3fb79a3-1f86-42af-a80c-c46d1acdbc29@group-7855C2F36E53-SegmentedRaftLog:OPENED:c-1,f-1,i0, conf=-1: [e3fb79a3-1f86-42af-a80c-c46d1acdbc29:192.168.157.194:44142, 81ff859e-e76f-43f5-951a-4a38422068cb:192.168.157.194:46532, a9143d84-6d7f-497d-b770-eb75585db3c7:192.168.157.194:42126], old=null
2019-11-04 16:02:30,554 [e3fb79a3-1f86-42af-a80c-c46d1acdbc29@group-7855C2F36E53-LeaderElection223] INFO  impl.RaftServerImpl (RaftServerImpl.java:setRole(184)) - e3fb79a3-1f86-42af-a80c-c46d1acdbc29@group-7855C2F36E53: changes role from CANDIDATE to FOLLOWER at term 244 for DISCOVERED_A_NEW_TERM
2019-11-04 16:02:30,554 [e3fb79a3-1f86-42af-a80c-c46d1acdbc29@group-7855C2F36E53-LeaderElection223] INFO  impl.RoleInfo (RoleInfo.java:shutdownLeaderElection(134)) - e3fb79a3-1f86-42af-a80c-c46d1acdbc29: shutdown LeaderElection
2019-11-04 16:02:30,554 [e3fb79a3-1f86-42af-a80c-c46d1acdbc29@group-7855C2F36E53-LeaderElection223] INFO  impl.RoleInfo (RoleInfo.java:updateAndGet(143)) - e3fb79a3-1f86-42af-a80c-c46d1acdbc29: start FollowerState
2019-11-04 16:02:30,725 [Thread-1714] INFO  impl.FollowerState (FollowerState.java:run(108)) - e3fb79a3-1f86-42af-a80c-c46d1acdbc29@group-7855C2F36E53-FollowerState: change to CANDIDATE, lastRpcTime:171ms, electionTimeout:171ms
2019-11-04 16:02:30,726 [Thread-1714] INFO  impl.RoleInfo (RoleInfo.java:shutdownFollowerState(121)) - e3fb79a3-1f86-42af-a80c-c46d1acdbc29: shutdown FollowerState
2019-11-04 16:02:30,726 [Thread-1714] INFO  impl.RaftServerImpl (RaftServerImpl.java:setRole(184)) - e3fb79a3-1f86-42af-a80c-c46d1acdbc29@group-7855C2F36E53: changes role from  FOLLOWER to CANDIDATE at term 244 for changeToCandidate
2019-11-04 16:02:30,726 [Thread-1714] INFO  impl.RoleInfo (RoleInfo.java:updateAndGet(143)) - e3fb79a3-1f86-42af-a80c-c46d1acdbc29: start LeaderElection
2019-11-04 16:02:30,752 [e3fb79a3-1f86-42af-a80c-c46d1acdbc29@group-7855C2F36E53-LeaderElection224] INFO  impl.LeaderElection (LeaderElection.java:askForVotes(178)) - e3fb79a3-1f86-42af-a80c-c46d1acdbc29@group-7855C2F36E53-LeaderElection224: begin an election at term 245 for -1: [e3fb79a3-1f86-42af-a80c-c46d1acdbc29:192.168.157.194:44142, 81ff859e-e76f-43f5-951a-4a38422068cb:192.168.157.194:46532, a9143d84-6d7f-497d-b770-eb75585db3c7:192.168.157.194:42126], old=null
2019-11-04 16:02:30,755 [grpc-default-executor-1] INFO  impl.RaftServerImpl (RaftServerImpl.java:setRole(184)) - 81ff859e-e76f-43f5-951a-4a38422068cb@group-7855C2F36E53: changes role from  FOLLOWER to FOLLOWER at term 245 for recognizeCandidate:e3fb79a3-1f86-42af-a80c-c46d1acdbc29
2019-11-04 16:02:30,755 [grpc-default-executor-4] INFO  impl.RaftServerImpl (RaftServerImpl.java:setRole(184)) - a9143d84-6d7f-497d-b770-eb75585db3c7@group-7855C2F36E53: changes role from  FOLLOWER to FOLLOWER at term 245 for recognizeCandidate:e3fb79a3-1f86-42af-a80c-c46d1acdbc29
2019-11-04 16:02:30,755 [grpc-default-executor-4] INFO  impl.RoleInfo (RoleInfo.java:shutdownFollowerState(121)) - a9143d84-6d7f-497d-b770-eb75585db3c7: shutdown FollowerState
2019-11-04 16:02:30,755 [grpc-default-executor-1] INFO  impl.RoleInfo (RoleInfo.java:shutdownFollowerState(121)) - 81ff859e-e76f-43f5-951a-4a38422068cb: shutdown FollowerState
2019-11-04 16:02:30,756 [Thread-1713] INFO  impl.FollowerState (FollowerState.java:run(117)) - a9143d84-6d7f-497d-b770-eb75585db3c7@group-7855C2F36E53-FollowerState was interrupted: java.lang.InterruptedException: sleep interrupted
2019-11-04 16:02:30,756 [grpc-default-executor-4] INFO  impl.RoleInfo (RoleInfo.java:updateAndGet(143)) - a9143d84-6d7f-497d-b770-eb75585db3c7: start FollowerState
2019-11-04 16:02:30,756 [Thread-1712] INFO  impl.FollowerState (FollowerState.java:run(117)) - 81ff859e-e76f-43f5-951a-4a38422068cb@group-7855C2F36E53-FollowerState was interrupted: java.lang.InterruptedException: sleep interrupted
2019-11-04 16:02:30,756 [grpc-default-executor-1] INFO  impl.RoleInfo (RoleInfo.java:updateAndGet(143)) - 81ff859e-e76f-43f5-951a-4a38422068cb: start FollowerState
2019-11-04 16:02:30,782 [e3fb79a3-1f86-42af-a80c-c46d1acdbc29@group-7855C2F36E53-LeaderElection224] INFO  impl.LeaderElection (LeaderElection.java:logAndReturn(56)) - e3fb79a3-1f86-42af-a80c-c46d1acdbc29@group-7855C2F36E53-LeaderElection224: Election REJECTED; received 2 response(s) [e3fb79a3-1f86-42af-a80c-c46d1acdbc29<-81ff859e-e76f-43f5-951a-4a38422068cb#0:FAIL-t245, e3fb79a3-1f86-42af-a80c-c46d1acdbc29<-a9143d84-6d7f-497d-b770-eb75585db3c7#0:FAIL-t245] and 0 exception(s); e3fb79a3-1f86-42af-a80c-c46d1acdbc29@group-7855C2F36E53:t245, leader=null, voted=e3fb79a3-1f86-42af-a80c-c46d1acdbc29, raftlog=e3fb79a3-1f86-42af-a80c-c46d1acdbc29@group-7855C2F36E53-SegmentedRaftLog:OPENED:c-1,f-1,i0, conf=-1: [e3fb79a3-1f86-42af-a80c-c46d1acdbc29:192.168.157.194:44142, 81ff859e-e76f-43f5-951a-4a38422068cb:192.168.157.194:46532, a9143d84-6d7f-497d-b770-eb75585db3c7:192.168.157.194:42126], old=null
2019-11-04 16:02:30,782 [e3fb79a3-1f86-42af-a80c-c46d1acdbc29@group-7855C2F36E53-LeaderElection224] INFO  impl.RaftServerImpl (RaftServerImpl.java:setRole(184)) - e3fb79a3-1f86-42af-a80c-c46d1acdbc29@group-7855C2F36E53: changes role from CANDIDATE to FOLLOWER at term 245 for DISCOVERED_A_NEW_TERM
2019-11-04 16:02:30,782 [e3fb79a3-1f86-42af-a80c-c46d1acdbc29@group-7855C2F36E53-LeaderElection224] INFO  impl.RoleInfo (RoleInfo.java:shutdownLeaderElection(134)) - e3fb79a3-1f86-42af-a80c-c46d1acdbc29: shutdown LeaderElection
2019-11-04 16:02:30,783 [e3fb79a3-1f86-42af-a80c-c46d1acdbc29@group-7855C2F36E53-LeaderElection224] INFO  impl.RoleInfo (RoleInfo.java:updateAndGet(143)) - e3fb79a3-1f86-42af-a80c-c46d1acdbc29: start FollowerState
2019-11-04 16:02:30,862 [Thread-1720] INFO  impl.FollowerState (FollowerState.java:run(108)) - e3fb79a3-1f86-42af-a80c-c46d1acdbc29@group-7855C2F36E53-FollowerState: change to CANDIDATE, lastRpcTime:79ms, electionTimeout:79ms
2019-11-04 16:02:30,862 [Thread-1720] INFO  impl.RoleInfo (RoleInfo.java:shutdownFollowerState(121)) - e3fb79a3-1f86-42af-a80c-c46d1acdbc29: shutdown FollowerState
2019-11-04 16:02:30,863 [Thread-1720] INFO  impl.RaftServerImpl (RaftServerImpl.java:setRole(184)) - e3fb79a3-1f86-42af-a80c-c46d1acdbc29@group-7855C2F36E53: changes role from  FOLLOWER to CANDIDATE at term 245 for changeToCandidate
2019-11-04 16:02:30,863 [Thread-1720] INFO  impl.RoleInfo (RoleInfo.java:updateAndGet(143)) - e3fb79a3-1f86-42af-a80c-c46d1acdbc29: start LeaderElection
2019-11-04 16:02:30,877 [e3fb79a3-1f86-42af-a80c-c46d1acdbc29@group-7855C2F36E53-LeaderElection225] INFO  impl.LeaderElection (LeaderElection.java:askForVotes(178)) - e3fb79a3-1f86-42af-a80c-c46d1acdbc29@group-7855C2F36E53-LeaderElection225: begin an election at term 246 for -1: [e3fb79a3-1f86-42af-a80c-c46d1acdbc29:192.168.157.194:44142, 81ff859e-e76f-43f5-951a-4a38422068cb:192.168.157.194:46532, a9143d84-6d7f-497d-b770-eb75585db3c7:192.168.157.194:42126], old=null
2019-11-04 16:02:30,879 [grpc-default-executor-4] INFO  impl.RaftServerImpl (RaftServerImpl.java:setRole(184)) - a9143d84-6d7f-497d-b770-eb75585db3c7@group-7855C2F36E53: changes role from  FOLLOWER to FOLLOWER at term 246 for recognizeCandidate:e3fb79a3-1f86-42af-a80c-c46d1acdbc29
2019-11-04 16:02:30,879 [grpc-default-executor-4] INFO  impl.RoleInfo (RoleInfo.java:shutdownFollowerState(121)) - a9143d84-6d7f-497d-b770-eb75585db3c7: shutdown FollowerState
2019-11-04 16:02:30,879 [grpc-default-executor-1] INFO  impl.RaftServerImpl (RaftServerImpl.java:setRole(184)) - 81ff859e-e76f-43f5-951a-4a38422068cb@group-7855C2F36E53: changes role from  FOLLOWER to FOLLOWER at term 246 for recognizeCandidate:e3fb79a3-1f86-42af-a80c-c46d1acdbc29
2019-11-04 16:02:30,879 [Thread-1718] INFO  impl.FollowerState (FollowerState.java:run(117)) - a9143d84-6d7f-497d-b770-eb75585db3c7@group-7855C2F36E53-FollowerState was interrupted: java.lang.InterruptedException: sleep interrupted
2019-11-04 16:02:30,879 [grpc-default-executor-4] INFO  impl.RoleInfo (RoleInfo.java:updateAndGet(143)) - a9143d84-6d7f-497d-b770-eb75585db3c7: start FollowerState
2019-11-04 16:02:30,880 [grpc-default-executor-1] INFO  impl.RoleInfo (RoleInfo.java:shutdownFollowerState(121)) - 81ff859e-e76f-43f5-951a-4a38422068cb: shutdown FollowerState
2019-11-04 16:02:30,880 [grpc-default-executor-1] INFO  impl.RoleInfo (RoleInfo.java:updateAndGet(143)) - 81ff859e-e76f-43f5-951a-4a38422068cb: start FollowerState
2019-11-04 16:02:30,880 [Thread-1719] INFO  impl.FollowerState (FollowerState.java:run(117)) - 81ff859e-e76f-43f5-951a-4a38422068cb@group-7855C2F36E53-FollowerState was interrupted: java.lang.InterruptedException: sleep interrupted
2019-11-04 16:02:30,894 [e3fb79a3-1f86-42af-a80c-c46d1acdbc29@group-7855C2F36E53-LeaderElection225] INFO  impl.LeaderElection (LeaderElection.java:logAndReturn(56)) - e3fb79a3-1f86-42af-a80c-c46d1acdbc29@group-7855C2F36E53-LeaderElection225: Election REJECTED; received 2 response(s) [e3fb79a3-1f86-42af-a80c-c46d1acdbc29<-81ff859e-e76f-43f5-951a-4a38422068cb#0:FAIL-t246, e3fb79a3-1f86-42af-a80c-c46d1acdbc29<-a9143d84-6d7f-497d-b770-eb75585db3c7#0:FAIL-t246] and 0 exception(s); e3fb79a3-1f86-42af-a80c-c46d1acdbc29@group-7855C2F36E53:t246, leader=null, voted=e3fb79a3-1f86-42af-a80c-c46d1acdbc29, raftlog=e3fb79a3-1f86-42af-a80c-c46d1acdbc29@group-7855C2F36E53-SegmentedRaftLog:OPENED:c-1,f-1,i0, conf=-1: [e3fb79a3-1f86-42af-a80c-c46d1acdbc29:192.168.157.194:44142, 81ff859e-e76f-43f5-951a-4a38422068cb:192.168.157.194:46532, a9143d84-6d7f-497d-b770-eb75585db3c7:192.168.157.194:42126], old=null
2019-11-04 16:02:30,895 [e3fb79a3-1f86-42af-a80c-c46d1acdbc29@group-7855C2F36E53-LeaderElection225] INFO  impl.RaftServerImpl (RaftServerImpl.java:setRole(184)) - e3fb79a3-1f86-42af-a80c-c46d1acdbc29@group-7855C2F36E53: changes role from CANDIDATE to FOLLOWER at term 246 for DISCOVERED_A_NEW_TERM
2019-11-04 16:02:30,895 [e3fb79a3-1f86-42af-a80c-c46d1acdbc29@group-7855C2F36E53-LeaderElection225] INFO  impl.RoleInfo (RoleInfo.java:shutdownLeaderElection(134)) - e3fb79a3-1f86-42af-a80c-c46d1acdbc29: shutdown LeaderElection
2019-11-04 16:02:30,895 [e3fb79a3-1f86-42af-a80c-c46d1acdbc29@group-7855C2F36E53-LeaderElection225] INFO  impl.RoleInfo (RoleInfo.java:updateAndGet(143)) - e3fb79a3-1f86-42af-a80c-c46d1acdbc29: start FollowerState
2019-11-04 16:02:30,915 [Thread-1726] INFO  impl.FollowerState (FollowerState.java:run(108)) - e3fb79a3-1f86-42af-a80c-c46d1acdbc29@group-7855C2F36E53-FollowerState: change to CANDIDATE, lastRpcTime:20ms, electionTimeout:20ms
2019-11-04 16:02:30,915 [Thread-1726] INFO  impl.RoleInfo (RoleInfo.java:shutdownFollowerState(121)) - e3fb79a3-1f86-42af-a80c-c46d1acdbc29: shutdown FollowerState
2019-11-04 16:02:30,916 [Thread-1726] INFO  impl.RaftServerImpl (RaftServerImpl.java:setRole(184)) - e3fb79a3-1f86-42af-a80c-c46d1acdbc29@group-7855C2F36E53: changes role from  FOLLOWER to CANDIDATE at term 246 for changeToCandidate
2019-11-04 16:02:30,916 [Thread-1726] INFO  impl.RoleInfo (RoleInfo.java:updateAndGet(143)) - e3fb79a3-1f86-42af-a80c-c46d1acdbc29: start LeaderElection
2019-11-04 16:02:30,929 [e3fb79a3-1f86-42af-a80c-c46d1acdbc29@group-7855C2F36E53-LeaderElection226] INFO  impl.LeaderElection (LeaderElection.java:askForVotes(178)) - e3fb79a3-1f86-42af-a80c-c46d1acdbc29@group-7855C2F36E53-LeaderElection226: begin an election at term 247 for -1: [e3fb79a3-1f86-42af-a80c-c46d1acdbc29:192.168.157.194:44142, 81ff859e-e76f-43f5-951a-4a38422068cb:192.168.157.194:46532, a9143d84-6d7f-497d-b770-eb75585db3c7:192.168.157.194:42126], old=null
2019-11-04 16:02:30,930 [grpc-default-executor-4] INFO  impl.RaftServerImpl (RaftServerImpl.java:setRole(184)) - 81ff859e-e76f-43f5-951a-4a38422068cb@group-7855C2F36E53: changes role from  FOLLOWER to FOLLOWER at term 247 for recognizeCandidate:e3fb79a3-1f86-42af-a80c-c46d1acdbc29
2019-11-04 16:02:30,930 [grpc-default-executor-1] INFO  impl.RaftServerImpl (RaftServerImpl.java:setRole(184)) - a9143d84-6d7f-497d-b770-eb75585db3c7@group-7855C2F36E53: changes role from  FOLLOWER to FOLLOWER at term 247 for recognizeCandidate:e3fb79a3-1f86-42af-a80c-c46d1acdbc29
2019-11-04 16:02:30,931 [grpc-default-executor-1] INFO  impl.RoleInfo (RoleInfo.java:shutdownFollowerState(121)) - a9143d84-6d7f-497d-b770-eb75585db3c7: shutdown FollowerState
2019-11-04 16:02:30,931 [grpc-default-executor-4] INFO  impl.RoleInfo (RoleInfo.java:shutdownFollowerState(121)) - 81ff859e-e76f-43f5-951a-4a38422068cb: shutdown FollowerState
2019-11-04 16:02:30,931 [Thread-1724] INFO  impl.FollowerState (FollowerState.java:run(117)) - a9143d84-6d7f-497d-b770-eb75585db3c7@group-7855C2F36E53-FollowerState was interrupted: java.lang.InterruptedException: sleep interrupted
2019-11-04 16:02:30,931 [grpc-default-executor-1] INFO  impl.RoleInfo (RoleInfo.java:updateAndGet(143)) - a9143d84-6d7f-497d-b770-eb75585db3c7: start FollowerState
2019-11-04 16:02:30,931 [Thread-1725] INFO  impl.FollowerState (FollowerState.java:run(117)) - 81ff859e-e76f-43f5-951a-4a38422068cb@group-7855C2F36E53-FollowerState was interrupted: java.lang.InterruptedException: sleep interrupted
2019-11-04 16:02:30,931 [grpc-default-executor-4] INFO  impl.RoleInfo (RoleInfo.java:updateAndGet(143)) - 81ff859e-e76f-43f5-951a-4a38422068cb: start FollowerState
2019-11-04 16:02:30,970 [e3fb79a3-1f86-42af-a80c-c46d1acdbc29@group-7855C2F36E53-LeaderElection226] INFO  impl.LeaderElection (LeaderElection.java:logAndReturn(56)) - e3fb79a3-1f86-42af-a80c-c46d1acdbc29@group-7855C2F36E53-LeaderElection226: Election REJECTED; received 2 response(s) [e3fb79a3-1f86-42af-a80c-c46d1acdbc29<-81ff859e-e76f-43f5-951a-4a38422068cb#0:FAIL-t247, e3fb79a3-1f86-42af-a80c-c46d1acdbc29<-a9143d84-6d7f-497d-b770-eb75585db3c7#0:FAIL-t247] and 0 exception(s); e3fb79a3-1f86-42af-a80c-c46d1acdbc29@group-7855C2F36E53:t247, leader=null, voted=e3fb79a3-1f86-42af-a80c-c46d1acdbc29, raftlog=e3fb79a3-1f86-42af-a80c-c46d1acdbc29@group-7855C2F36E53-SegmentedRaftLog:OPENED:c-1,f-1,i0, conf=-1: [e3fb79a3-1f86-42af-a80c-c46d1acdbc29:192.168.157.194:44142, 81ff859e-e76f-43f5-951a-4a38422068cb:192.168.157.194:46532, a9143d84-6d7f-497d-b770-eb75585db3c7:192.168.157.194:42126], old=null
2019-11-04 16:02:30,971 [e3fb79a3-1f86-42af-a80c-c46d1acdbc29@group-7855C2F36E53-LeaderElection226] INFO  impl.RaftServerImpl (RaftServerImpl.java:setRole(184)) - e3fb79a3-1f86-42af-a80c-c46d1acdbc29@group-7855C2F36E53: changes role from CANDIDATE to FOLLOWER at term 247 for DISCOVERED_A_NEW_TERM
2019-11-04 16:02:30,971 [e3fb79a3-1f86-42af-a80c-c46d1acdbc29@group-7855C2F36E53-LeaderElection226] INFO  impl.RoleInfo (RoleInfo.java:shutdownLeaderElection(134)) - e3fb79a3-1f86-42af-a80c-c46d1acdbc29: shutdown LeaderElection
2019-11-04 16:02:30,971 [e3fb79a3-1f86-42af-a80c-c46d1acdbc29@group-7855C2F36E53-LeaderElection226] INFO  impl.RoleInfo (RoleInfo.java:updateAndGet(143)) - e3fb79a3-1f86-42af-a80c-c46d1acdbc29: start FollowerState
2019-11-04 16:02:31,081 [Thread-1732] INFO  impl.FollowerState (FollowerState.java:run(108)) - e3fb79a3-1f86-42af-a80c-c46d1acdbc29@group-7855C2F36E53-FollowerState: change to CANDIDATE, lastRpcTime:110ms, electionTimeout:110ms
2019-11-04 16:02:31,082 [Thread-1732] INFO  impl.RoleInfo (RoleInfo.java:shutdownFollowerState(121)) - e3fb79a3-1f86-42af-a80c-c46d1acdbc29: shutdown FollowerState
2019-11-04 16:02:31,082 [Thread-1732] INFO  impl.RaftServerImpl (RaftServerImpl.java:setRole(184)) - e3fb79a3-1f86-42af-a80c-c46d1acdbc29@group-7855C2F36E53: changes role from  FOLLOWER to CANDIDATE at term 247 for changeToCandidate
2019-11-04 16:02:31,082 [Thread-1732] INFO  impl.RoleInfo (RoleInfo.java:updateAndGet(143)) - e3fb79a3-1f86-42af-a80c-c46d1acdbc29: start LeaderElection
2019-11-04 16:02:31,098 [e3fb79a3-1f86-42af-a80c-c46d1acdbc29@group-7855C2F36E53-LeaderElection227] INFO  impl.LeaderElection (LeaderElection.java:askForVotes(178)) - e3fb79a3-1f86-42af-a80c-c46d1acdbc29@group-7855C2F36E53-LeaderElection227: begin an election at term 248 for -1: [e3fb79a3-1f86-42af-a80c-c46d1acdbc29:192.168.157.194:44142, 81ff859e-e76f-43f5-951a-4a38422068cb:192.168.157.194:46532, a9143d84-6d7f-497d-b770-eb75585db3c7:192.168.157.194:42126], old=null
2019-11-04 16:02:31,100 [grpc-default-executor-1] INFO  impl.RaftServerImpl (RaftServerImpl.java:setRole(184)) - 81ff859e-e76f-43f5-951a-4a38422068cb@group-7855C2F36E53: changes role from  FOLLOWER to FOLLOWER at term 248 for recognizeCandidate:e3fb79a3-1f86-42af-a80c-c46d1acdbc29
2019-11-04 16:02:31,100 [grpc-default-executor-4] INFO  impl.RaftServerImpl (RaftServerImpl.java:setRole(184)) - a9143d84-6d7f-497d-b770-eb75585db3c7@group-7855C2F36E53: changes role from  FOLLOWER to FOLLOWER at term 248 for recognizeCandidate:e3fb79a3-1f86-42af-a80c-c46d1acdbc29
2019-11-04 16:02:31,100 [grpc-default-executor-1] INFO  impl.RoleInfo (RoleInfo.java:shutdownFollowerState(121)) - 81ff859e-e76f-43f5-951a-4a38422068cb: shutdown FollowerState
2019-11-04 16:02:31,101 [grpc-default-executor-4] INFO  impl.RoleInfo (RoleInfo.java:shutdownFollowerState(121)) - a9143d84-6d7f-497d-b770-eb75585db3c7: shutdown FollowerState
2019-11-04 16:02:31,101 [grpc-default-executor-4] INFO  impl.RoleInfo (RoleInfo.java:updateAndGet(143)) - a9143d84-6d7f-497d-b770-eb75585db3c7: start FollowerState
2019-11-04 16:02:31,101 [grpc-default-executor-1] INFO  impl.RoleInfo (RoleInfo.java:updateAndGet(143)) - 81ff859e-e76f-43f5-951a-4a38422068cb: start FollowerState
2019-11-04 16:02:31,101 [Thread-1731] INFO  impl.FollowerState (FollowerState.java:run(117)) - 81ff859e-e76f-43f5-951a-4a38422068cb@group-7855C2F36E53-FollowerState was interrupted: java.lang.InterruptedException: sleep interrupted
2019-11-04 16:02:31,101 [Thread-1730] INFO  impl.FollowerState (FollowerState.java:run(117)) - a9143d84-6d7f-497d-b770-eb75585db3c7@group-7855C2F36E53-FollowerState was interrupted: java.lang.InterruptedException: sleep interrupted
2019-11-04 16:02:31,116 [e3fb79a3-1f86-42af-a80c-c46d1acdbc29@group-7855C2F36E53-LeaderElection227] INFO  impl.LeaderElection (LeaderElection.java:logAndReturn(56)) - e3fb79a3-1f86-42af-a80c-c46d1acdbc29@group-7855C2F36E53-LeaderElection227: Election REJECTED; received 2 response(s) [e3fb79a3-1f86-42af-a80c-c46d1acdbc29<-81ff859e-e76f-43f5-951a-4a38422068cb#0:FAIL-t248, e3fb79a3-1f86-42af-a80c-c46d1acdbc29<-a9143d84-6d7f-497d-b770-eb75585db3c7#0:FAIL-t248] and 0 exception(s); e3fb79a3-1f86-42af-a80c-c46d1acdbc29@group-7855C2F36E53:t248, leader=null, voted=e3fb79a3-1f86-42af-a80c-c46d1acdbc29, raftlog=e3fb79a3-1f86-42af-a80c-c46d1acdbc29@group-7855C2F36E53-SegmentedRaftLog:OPENED:c-1,f-1,i0, conf=-1: [e3fb79a3-1f86-42af-a80c-c46d1acdbc29:192.168.157.194:44142, 81ff859e-e76f-43f5-951a-4a38422068cb:192.168.157.194:46532, a9143d84-6d7f-497d-b770-eb75585db3c7:192.168.157.194:42126], old=null
2019-11-04 16:02:31,117 [e3fb79a3-1f86-42af-a80c-c46d1acdbc29@group-7855C2F36E53-LeaderElection227] INFO  impl.RaftServerImpl (RaftServerImpl.java:setRole(184)) - e3fb79a3-1f86-42af-a80c-c46d1acdbc29@group-7855C2F36E53: changes role from CANDIDATE to FOLLOWER at term 248 for DISCOVERED_A_NEW_TERM
2019-11-04 16:02:31,117 [e3fb79a3-1f86-42af-a80c-c46d1acdbc29@group-7855C2F36E53-LeaderElection227] INFO  impl.RoleInfo (RoleInfo.java:shutdownLeaderElection(134)) - e3fb79a3-1f86-42af-a80c-c46d1acdbc29: shutdown LeaderElection
2019-11-04 16:02:31,117 [e3fb79a3-1f86-42af-a80c-c46d1acdbc29@group-7855C2F36E53-LeaderElection227] INFO  impl.RoleInfo (RoleInfo.java:updateAndGet(143)) - e3fb79a3-1f86-42af-a80c-c46d1acdbc29: start FollowerState
2019-11-04 16:02:31,286 [Thread-1738] INFO  impl.FollowerState (FollowerState.java:run(108)) - e3fb79a3-1f86-42af-a80c-c46d1acdbc29@group-7855C2F36E53-FollowerState: change to CANDIDATE, lastRpcTime:168ms, electionTimeout:168ms
2019-11-04 16:02:31,286 [Thread-1738] INFO  impl.RoleInfo (RoleInfo.java:shutdownFollowerState(121)) - e3fb79a3-1f86-42af-a80c-c46d1acdbc29: shutdown FollowerState
2019-11-04 16:02:31,286 [Thread-1738] INFO  impl.RaftServerImpl (RaftServerImpl.java:setRole(184)) - e3fb79a3-1f86-42af-a80c-c46d1acdbc29@group-7855C2F36E53: changes role from  FOLLOWER to CANDIDATE at term 248 for changeToCandidate
2019-11-04 16:02:31,286 [Thread-1738] INFO  impl.RoleInfo (RoleInfo.java:updateAndGet(143)) - e3fb79a3-1f86-42af-a80c-c46d1acdbc29: start LeaderElection
2019-11-04 16:02:31,311 [e3fb79a3-1f86-42af-a80c-c46d1acdbc29@group-7855C2F36E53-LeaderElection228] INFO  impl.LeaderElection (LeaderElection.java:askForVotes(178)) - e3fb79a3-1f86-42af-a80c-c46d1acdbc29@group-7855C2F36E53-LeaderElection228: begin an election at term 249 for -1: [e3fb79a3-1f86-42af-a80c-c46d1acdbc29:192.168.157.194:44142, 81ff859e-e76f-43f5-951a-4a38422068cb:192.168.157.194:46532, a9143d84-6d7f-497d-b770-eb75585db3c7:192.168.157.194:42126], old=null
2019-11-04 16:02:31,313 [grpc-default-executor-1] INFO  impl.RaftServerImpl (RaftServerImpl.java:setRole(184)) - 81ff859e-e76f-43f5-951a-4a38422068cb@group-7855C2F36E53: changes role from  FOLLOWER to FOLLOWER at term 249 for recognizeCandidate:e3fb79a3-1f86-42af-a80c-c46d1acdbc29
2019-11-04 16:02:31,314 [grpc-default-executor-4] INFO  impl.RaftServerImpl (RaftServerImpl.java:setRole(184)) - a9143d84-6d7f-497d-b770-eb75585db3c7@group-7855C2F36E53: changes role from  FOLLOWER to FOLLOWER at term 249 for recognizeCandidate:e3fb79a3-1f86-42af-a80c-c46d1acdbc29
2019-11-04 16:02:31,314 [grpc-default-executor-1] INFO  impl.RoleInfo (RoleInfo.java:shutdownFollowerState(121)) - 81ff859e-e76f-43f5-951a-4a38422068cb: shutdown FollowerState
2019-11-04 16:02:31,314 [grpc-default-executor-4] INFO  impl.RoleInfo (RoleInfo.java:shutdownFollowerState(121)) - a9143d84-6d7f-497d-b770-eb75585db3c7: shutdown FollowerState
2019-11-04 16:02:31,314 [Thread-1736] INFO  impl.FollowerState (FollowerState.java:run(117)) - 81ff859e-e76f-43f5-951a-4a38422068cb@group-7855C2F36E53-FollowerState was interrupted: java.lang.InterruptedException: sleep interrupted
2019-11-04 16:02:31,314 [grpc-default-executor-1] INFO  impl.RoleInfo (RoleInfo.java:updateAndGet(143)) - 81ff859e-e76f-43f5-951a-4a38422068cb: start FollowerState
2019-11-04 16:02:31,314 [Thread-1737] INFO  impl.FollowerState (FollowerState.java:run(117)) - a9143d84-6d7f-497d-b770-eb75585db3c7@group-7855C2F36E53-FollowerState was interrupted: java.lang.InterruptedException: sleep interrupted
2019-11-04 16:02:31,314 [grpc-default-executor-4] INFO  impl.RoleInfo (RoleInfo.java:updateAndGet(143)) - a9143d84-6d7f-497d-b770-eb75585db3c7: start FollowerState
2019-11-04 16:02:31,340 [e3fb79a3-1f86-42af-a80c-c46d1acdbc29@group-7855C2F36E53-LeaderElection228] INFO  impl.LeaderElection (LeaderElection.java:logAndReturn(56)) - e3fb79a3-1f86-42af-a80c-c46d1acdbc29@group-7855C2F36E53-LeaderElection228: Election REJECTED; received 2 response(s) [e3fb79a3-1f86-42af-a80c-c46d1acdbc29<-81ff859e-e76f-43f5-951a-4a38422068cb#0:FAIL-t249, e3fb79a3-1f86-42af-a80c-c46d1acdbc29<-a9143d84-6d7f-497d-b770-eb75585db3c7#0:FAIL-t249] and 0 exception(s); e3fb79a3-1f86-42af-a80c-c46d1acdbc29@group-7855C2F36E53:t249, leader=null, voted=e3fb79a3-1f86-42af-a80c-c46d1acdbc29, raftlog=e3fb79a3-1f86-42af-a80c-c46d1acdbc29@group-7855C2F36E53-SegmentedRaftLog:OPENED:c-1,f-1,i0, conf=-1: [e3fb79a3-1f86-42af-a80c-c46d1acdbc29:192.168.157.194:44142, 81ff859e-e76f-43f5-951a-4a38422068cb:192.168.157.194:46532, a9143d84-6d7f-497d-b770-eb75585db3c7:192.168.157.194:42126], old=null
2019-11-04 16:02:31,341 [e3fb79a3-1f86-42af-a80c-c46d1acdbc29@group-7855C2F36E53-LeaderElection228] INFO  impl.RaftServerImpl (RaftServerImpl.java:setRole(184)) - e3fb79a3-1f86-42af-a80c-c46d1acdbc29@group-7855C2F36E53: changes role from CANDIDATE to FOLLOWER at term 249 for DISCOVERED_A_NEW_TERM
2019-11-04 16:02:31,341 [e3fb79a3-1f86-42af-a80c-c46d1acdbc29@group-7855C2F36E53-LeaderElection228] INFO  impl.RoleInfo (RoleInfo.java:shutdownLeaderElection(134)) - e3fb79a3-1f86-42af-a80c-c46d1acdbc29: shutdown LeaderElection
2019-11-04 16:02:31,341 [e3fb79a3-1f86-42af-a80c-c46d1acdbc29@group-7855C2F36E53-LeaderElection228] INFO  impl.RoleInfo (RoleInfo.java:updateAndGet(143)) - e3fb79a3-1f86-42af-a80c-c46d1acdbc29: start FollowerState
2019-11-04 16:02:31,410 [Thread-1746] INFO  impl.FollowerState (FollowerState.java:run(108)) - e3fb79a3-1f86-42af-a80c-c46d1acdbc29@group-7855C2F36E53-FollowerState: change to CANDIDATE, lastRpcTime:69ms, electionTimeout:69ms
2019-11-04 16:02:31,411 [Thread-1746] INFO  impl.RoleInfo (RoleInfo.java:shutdownFollowerState(121)) - e3fb79a3-1f86-42af-a80c-c46d1acdbc29: shutdown FollowerState
2019-11-04 16:02:31,411 [Thread-1746] INFO  impl.RaftServerImpl (RaftServerImpl.java:setRole(184)) - e3fb79a3-1f86-42af-a80c-c46d1acdbc29@group-7855C2F36E53: changes role from  FOLLOWER to CANDIDATE at term 249 for changeToCandidate
2019-11-04 16:02:31,411 [Thread-1746] INFO  impl.RoleInfo (RoleInfo.java:updateAndGet(143)) - e3fb79a3-1f86-42af-a80c-c46d1acdbc29: start LeaderElection
2019-11-04 16:02:31,437 [e3fb79a3-1f86-42af-a80c-c46d1acdbc29@group-7855C2F36E53-LeaderElection229] INFO  impl.LeaderElection (LeaderElection.java:askForVotes(178)) - e3fb79a3-1f86-42af-a80c-c46d1acdbc29@group-7855C2F36E53-LeaderElection229: begin an election at term 250 for -1: [e3fb79a3-1f86-42af-a80c-c46d1acdbc29:192.168.157.194:44142, 81ff859e-e76f-43f5-951a-4a38422068cb:192.168.157.194:46532, a9143d84-6d7f-497d-b770-eb75585db3c7:192.168.157.194:42126], old=null
2019-11-04 16:02:31,439 [grpc-default-executor-1] INFO  impl.RaftServerImpl (RaftServerImpl.java:setRole(184)) - 81ff859e-e76f-43f5-951a-4a38422068cb@group-7855C2F36E53: changes role from  FOLLOWER to FOLLOWER at term 250 for recognizeCandidate:e3fb79a3-1f86-42af-a80c-c46d1acdbc29
2019-11-04 16:02:31,439 [grpc-default-executor-4] INFO  impl.RaftServerImpl (RaftServerImpl.java:setRole(184)) - a9143d84-6d7f-497d-b770-eb75585db3c7@group-7855C2F36E53: changes role from  FOLLOWER to FOLLOWER at term 250 for recognizeCandidate:e3fb79a3-1f86-42af-a80c-c46d1acdbc29
2019-11-04 16:02:31,440 [grpc-default-executor-1] INFO  impl.RoleInfo (RoleInfo.java:shutdownFollowerState(121)) - 81ff859e-e76f-43f5-951a-4a38422068cb: shutdown FollowerState
2019-11-04 16:02:31,440 [grpc-default-executor-4] INFO  impl.RoleInfo (RoleInfo.java:shutdownFollowerState(121)) - a9143d84-6d7f-497d-b770-eb75585db3c7: shutdown FollowerState
2019-11-04 16:02:31,440 [Thread-1744] INFO  impl.FollowerState (FollowerState.java:run(117)) - 81ff859e-e76f-43f5-951a-4a38422068cb@group-7855C2F36E53-FollowerState was interrupted: java.lang.InterruptedException: sleep interrupted
2019-11-04 16:02:31,440 [grpc-default-executor-1] INFO  impl.RoleInfo (RoleInfo.java:updateAndGet(143)) - 81ff859e-e76f-43f5-951a-4a38422068cb: start FollowerState
2019-11-04 16:02:31,440 [Thread-1745] INFO  impl.FollowerState (FollowerState.java:run(117)) - a9143d84-6d7f-497d-b770-eb75585db3c7@group-7855C2F36E53-FollowerState was interrupted: java.lang.InterruptedException: sleep interrupted
2019-11-04 16:02:31,440 [grpc-default-executor-4] INFO  impl.RoleInfo (RoleInfo.java:updateAndGet(143)) - a9143d84-6d7f-497d-b770-eb75585db3c7: start FollowerState
2019-11-04 16:02:31,466 [e3fb79a3-1f86-42af-a80c-c46d1acdbc29@group-7855C2F36E53-LeaderElection229] INFO  impl.LeaderElection (LeaderElection.java:logAndReturn(56)) - e3fb79a3-1f86-42af-a80c-c46d1acdbc29@group-7855C2F36E53-LeaderElection229: Election REJECTED; received 2 response(s) [e3fb79a3-1f86-42af-a80c-c46d1acdbc29<-81ff859e-e76f-43f5-951a-4a38422068cb#0:FAIL-t250, e3fb79a3-1f86-42af-a80c-c46d1acdbc29<-a9143d84-6d7f-497d-b770-eb75585db3c7#0:FAIL-t250] and 0 exception(s); e3fb79a3-1f86-42af-a80c-c46d1acdbc29@group-7855C2F36E53:t250, leader=null, voted=e3fb79a3-1f86-42af-a80c-c46d1acdbc29, raftlog=e3fb79a3-1f86-42af-a80c-c46d1acdbc29@group-7855C2F36E53-SegmentedRaftLog:OPENED:c-1,f-1,i0, conf=-1: [e3fb79a3-1f86-42af-a80c-c46d1acdbc29:192.168.157.194:44142, 81ff859e-e76f-43f5-951a-4a38422068cb:192.168.157.194:46532, a9143d84-6d7f-497d-b770-eb75585db3c7:192.168.157.194:42126], old=null
2019-11-04 16:02:31,466 [e3fb79a3-1f86-42af-a80c-c46d1acdbc29@group-7855C2F36E53-LeaderElection229] INFO  impl.RaftServerImpl (RaftServerImpl.java:setRole(184)) - e3fb79a3-1f86-42af-a80c-c46d1acdbc29@group-7855C2F36E53: changes role from CANDIDATE to FOLLOWER at term 250 for DISCOVERED_A_NEW_TERM
2019-11-04 16:02:31,466 [e3fb79a3-1f86-42af-a80c-c46d1acdbc29@group-7855C2F36E53-LeaderElection229] INFO  impl.RoleInfo (RoleInfo.java:shutdownLeaderElection(134)) - e3fb79a3-1f86-42af-a80c-c46d1acdbc29: shutdown LeaderElection
2019-11-04 16:02:31,466 [e3fb79a3-1f86-42af-a80c-c46d1acdbc29@group-7855C2F36E53-LeaderElection229] INFO  impl.RoleInfo (RoleInfo.java:updateAndGet(143)) - e3fb79a3-1f86-42af-a80c-c46d1acdbc29: start FollowerState
2019-11-04 16:02:31,565 [Thread-1752] INFO  impl.FollowerState (FollowerState.java:run(108)) - e3fb79a3-1f86-42af-a80c-c46d1acdbc29@group-7855C2F36E53-FollowerState: change to CANDIDATE, lastRpcTime:98ms, electionTimeout:98ms
2019-11-04 16:02:31,565 [Thread-1752] INFO  impl.RoleInfo (RoleInfo.java:shutdownFollowerState(121)) - e3fb79a3-1f86-42af-a80c-c46d1acdbc29: shutdown FollowerState
2019-11-04 16:02:31,565 [Thread-1752] INFO  impl.RaftServerImpl (RaftServerImpl.java:setRole(184)) - e3fb79a3-1f86-42af-a80c-c46d1acdbc29@group-7855C2F36E53: changes role from  FOLLOWER to CANDIDATE at term 250 for changeToCandidate
2019-11-04 16:02:31,565 [Thread-1752] INFO  impl.RoleInfo (RoleInfo.java:updateAndGet(143)) - e3fb79a3-1f86-42af-a80c-c46d1acdbc29: start LeaderElection
2019-11-04 16:02:31,591 [e3fb79a3-1f86-42af-a80c-c46d1acdbc29@group-7855C2F36E53-LeaderElection230] INFO  impl.LeaderElection (LeaderElection.java:askForVotes(178)) - e3fb79a3-1f86-42af-a80c-c46d1acdbc29@group-7855C2F36E53-LeaderElection230: begin an election at term 251 for -1: [e3fb79a3-1f86-42af-a80c-c46d1acdbc29:192.168.157.194:44142, 81ff859e-e76f-43f5-951a-4a38422068cb:192.168.157.194:46532, a9143d84-6d7f-497d-b770-eb75585db3c7:192.168.157.194:42126], old=null
2019-11-04 16:02:31,593 [grpc-default-executor-4] INFO  impl.RaftServerImpl (RaftServerImpl.java:setRole(184)) - 81ff859e-e76f-43f5-951a-4a38422068cb@group-7855C2F36E53: changes role from  FOLLOWER to FOLLOWER at term 251 for recognizeCandidate:e3fb79a3-1f86-42af-a80c-c46d1acdbc29
2019-11-04 16:02:31,593 [grpc-default-executor-1] INFO  impl.RaftServerImpl (RaftServerImpl.java:setRole(184)) - a9143d84-6d7f-497d-b770-eb75585db3c7@group-7855C2F36E53: changes role from  FOLLOWER to FOLLOWER at term 251 for recognizeCandidate:e3fb79a3-1f86-42af-a80c-c46d1acdbc29
2019-11-04 16:02:31,594 [grpc-default-executor-1] INFO  impl.RoleInfo (RoleInfo.java:shutdownFollowerState(121)) - a9143d84-6d7f-497d-b770-eb75585db3c7: shutdown FollowerState
2019-11-04 16:02:31,593 [grpc-default-executor-4] INFO  impl.RoleInfo (RoleInfo.java:shutdownFollowerState(121)) - 81ff859e-e76f-43f5-951a-4a38422068cb: shutdown FollowerState
2019-11-04 16:02:31,594 [Thread-1751] INFO  impl.FollowerState (FollowerState.java:run(117)) - a9143d84-6d7f-497d-b770-eb75585db3c7@group-7855C2F36E53-FollowerState was interrupted: java.lang.InterruptedException: sleep interrupted
2019-11-04 16:02:31,594 [grpc-default-executor-1] INFO  impl.RoleInfo (RoleInfo.java:updateAndGet(143)) - a9143d84-6d7f-497d-b770-eb75585db3c7: start FollowerState
2019-11-04 16:02:31,594 [Thread-1750] INFO  impl.FollowerState (FollowerState.java:run(117)) - 81ff859e-e76f-43f5-951a-4a38422068cb@group-7855C2F36E53-FollowerState was interrupted: java.lang.InterruptedException: sleep interrupted
2019-11-04 16:02:31,594 [grpc-default-executor-4] INFO  impl.RoleInfo (RoleInfo.java:updateAndGet(143)) - 81ff859e-e76f-43f5-951a-4a38422068cb: start FollowerState
2019-11-04 16:02:31,618 [e3fb79a3-1f86-42af-a80c-c46d1acdbc29@group-7855C2F36E53-LeaderElection230] INFO  impl.LeaderElection (LeaderElection.java:logAndReturn(56)) - e3fb79a3-1f86-42af-a80c-c46d1acdbc29@group-7855C2F36E53-LeaderElection230: Election REJECTED; received 2 response(s) [e3fb79a3-1f86-42af-a80c-c46d1acdbc29<-81ff859e-e76f-43f5-951a-4a38422068cb#0:FAIL-t251, e3fb79a3-1f86-42af-a80c-c46d1acdbc29<-a9143d84-6d7f-497d-b770-eb75585db3c7#0:FAIL-t251] and 0 exception(s); e3fb79a3-1f86-42af-a80c-c46d1acdbc29@group-7855C2F36E53:t251, leader=null, voted=e3fb79a3-1f86-42af-a80c-c46d1acdbc29, raftlog=e3fb79a3-1f86-42af-a80c-c46d1acdbc29@group-7855C2F36E53-SegmentedRaftLog:OPENED:c-1,f-1,i0, conf=-1: [e3fb79a3-1f86-42af-a80c-c46d1acdbc29:192.168.157.194:44142, 81ff859e-e76f-43f5-951a-4a38422068cb:192.168.157.194:46532, a9143d84-6d7f-497d-b770-eb75585db3c7:192.168.157.194:42126], old=null
2019-11-04 16:02:31,618 [e3fb79a3-1f86-42af-a80c-c46d1acdbc29@group-7855C2F36E53-LeaderElection230] INFO  impl.RaftServerImpl (RaftServerImpl.java:setRole(184)) - e3fb79a3-1f86-42af-a80c-c46d1acdbc29@group-7855C2F36E53: changes role from CANDIDATE to FOLLOWER at term 251 for DISCOVERED_A_NEW_TERM
2019-11-04 16:02:31,618 [e3fb79a3-1f86-42af-a80c-c46d1acdbc29@group-7855C2F36E53-LeaderElection230] INFO  impl.RoleInfo (RoleInfo.java:shutdownLeaderElection(134)) - e3fb79a3-1f86-42af-a80c-c46d1acdbc29: shutdown LeaderElection
2019-11-04 16:02:31,618 [e3fb79a3-1f86-42af-a80c-c46d1acdbc29@group-7855C2F36E53-LeaderElection230] INFO  impl.RoleInfo (RoleInfo.java:updateAndGet(143)) - e3fb79a3-1f86-42af-a80c-c46d1acdbc29: start FollowerState
2019-11-04 16:02:31,695 [Thread-1758] INFO  impl.FollowerState (FollowerState.java:run(108)) - e3fb79a3-1f86-42af-a80c-c46d1acdbc29@group-7855C2F36E53-FollowerState: change to CANDIDATE, lastRpcTime:76ms, electionTimeout:76ms
2019-11-04 16:02:31,695 [Thread-1758] INFO  impl.RoleInfo (RoleInfo.java:shutdownFollowerState(121)) - e3fb79a3-1f86-42af-a80c-c46d1acdbc29: shutdown FollowerState
2019-11-04 16:02:31,695 [Thread-1758] INFO  impl.RaftServerImpl (RaftServerImpl.java:setRole(184)) - e3fb79a3-1f86-42af-a80c-c46d1acdbc29@group-7855C2F36E53: changes role from  FOLLOWER to CANDIDATE at term 251 for changeToCandidate
2019-11-04 16:02:31,695 [Thread-1758] INFO  impl.RoleInfo (RoleInfo.java:updateAndGet(143)) - e3fb79a3-1f86-42af-a80c-c46d1acdbc29: start LeaderElection
2019-11-04 16:02:31,721 [e3fb79a3-1f86-42af-a80c-c46d1acdbc29@group-7855C2F36E53-LeaderElection231] INFO  impl.LeaderElection (LeaderElection.java:askForVotes(178)) - e3fb79a3-1f86-42af-a80c-c46d1acdbc29@group-7855C2F36E53-LeaderElection231: begin an election at term 252 for -1: [e3fb79a3-1f86-42af-a80c-c46d1acdbc29:192.168.157.194:44142, 81ff859e-e76f-43f5-951a-4a38422068cb:192.168.157.194:46532, a9143d84-6d7f-497d-b770-eb75585db3c7:192.168.157.194:42126], old=null
2019-11-04 16:02:31,723 [grpc-default-executor-1] INFO  impl.RaftServerImpl (RaftServerImpl.java:setRole(184)) - a9143d84-6d7f-497d-b770-eb75585db3c7@group-7855C2F36E53: changes role from  FOLLOWER to FOLLOWER at term 252 for recognizeCandidate:e3fb79a3-1f86-42af-a80c-c46d1acdbc29
2019-11-04 16:02:31,723 [grpc-default-executor-4] INFO  impl.RaftServerImpl (RaftServerImpl.java:setRole(184)) - 81ff859e-e76f-43f5-951a-4a38422068cb@group-7855C2F36E53: changes role from  FOLLOWER to FOLLOWER at term 252 for recognizeCandidate:e3fb79a3-1f86-42af-a80c-c46d1acdbc29
2019-11-04 16:02:31,723 [grpc-default-executor-4] INFO  impl.RoleInfo (RoleInfo.java:shutdownFollowerState(121)) - 81ff859e-e76f-43f5-951a-4a38422068cb: shutdown FollowerState
2019-11-04 16:02:31,723 [grpc-default-executor-1] INFO  impl.RoleInfo (RoleInfo.java:shutdownFollowerState(121)) - a9143d84-6d7f-497d-b770-eb75585db3c7: shutdown FollowerState
2019-11-04 16:02:31,724 [Thread-1757] INFO  impl.FollowerState (FollowerState.java:run(117)) - 81ff859e-e76f-43f5-951a-4a38422068cb@group-7855C2F36E53-FollowerState was interrupted: java.lang.InterruptedException: sleep interrupted
2019-11-04 16:02:31,724 [grpc-default-executor-4] INFO  impl.RoleInfo (RoleInfo.java:updateAndGet(143)) - 81ff859e-e76f-43f5-951a-4a38422068cb: start FollowerState
2019-11-04 16:02:31,724 [Thread-1756] INFO  impl.FollowerState (FollowerState.java:run(117)) - a9143d84-6d7f-497d-b770-eb75585db3c7@group-7855C2F36E53-FollowerState was interrupted: java.lang.InterruptedException: sleep interrupted
2019-11-04 16:02:31,724 [grpc-default-executor-1] INFO  impl.RoleInfo (RoleInfo.java:updateAndGet(143)) - a9143d84-6d7f-497d-b770-eb75585db3c7: start FollowerState
2019-11-04 16:02:31,744 [e3fb79a3-1f86-42af-a80c-c46d1acdbc29@group-7855C2F36E53-LeaderElection231] INFO  impl.LeaderElection (LeaderElection.java:logAndReturn(56)) - e3fb79a3-1f86-42af-a80c-c46d1acdbc29@group-7855C2F36E53-LeaderElection231: Election REJECTED; received 2 response(s) [e3fb79a3-1f86-42af-a80c-c46d1acdbc29<-81ff859e-e76f-43f5-951a-4a38422068cb#0:FAIL-t252, e3fb79a3-1f86-42af-a80c-c46d1acdbc29<-a9143d84-6d7f-497d-b770-eb75585db3c7#0:FAIL-t252] and 0 exception(s); e3fb79a3-1f86-42af-a80c-c46d1acdbc29@group-7855C2F36E53:t252, leader=null, voted=e3fb79a3-1f86-42af-a80c-c46d1acdbc29, raftlog=e3fb79a3-1f86-42af-a80c-c46d1acdbc29@group-7855C2F36E53-SegmentedRaftLog:OPENED:c-1,f-1,i0, conf=-1: [e3fb79a3-1f86-42af-a80c-c46d1acdbc29:192.168.157.194:44142, 81ff859e-e76f-43f5-951a-4a38422068cb:192.168.157.194:46532, a9143d84-6d7f-497d-b770-eb75585db3c7:192.168.157.194:42126], old=null
2019-11-04 16:02:31,744 [e3fb79a3-1f86-42af-a80c-c46d1acdbc29@group-7855C2F36E53-LeaderElection231] INFO  impl.RaftServerImpl (RaftServerImpl.java:setRole(184)) - e3fb79a3-1f86-42af-a80c-c46d1acdbc29@group-7855C2F36E53: changes role from CANDIDATE to FOLLOWER at term 252 for DISCOVERED_A_NEW_TERM
2019-11-04 16:02:31,744 [e3fb79a3-1f86-42af-a80c-c46d1acdbc29@group-7855C2F36E53-LeaderElection231] INFO  impl.RoleInfo (RoleInfo.java:shutdownLeaderElection(134)) - e3fb79a3-1f86-42af-a80c-c46d1acdbc29: shutdown LeaderElection
2019-11-04 16:02:31,744 [e3fb79a3-1f86-42af-a80c-c46d1acdbc29@group-7855C2F36E53-LeaderElection231] INFO  impl.RoleInfo (RoleInfo.java:updateAndGet(143)) - e3fb79a3-1f86-42af-a80c-c46d1acdbc29: start FollowerState
2019-11-04 16:02:31,792 [Thread-1764] INFO  impl.FollowerState (FollowerState.java:run(108)) - e3fb79a3-1f86-42af-a80c-c46d1acdbc29@group-7855C2F36E53-FollowerState: change to CANDIDATE, lastRpcTime:47ms, electionTimeout:47ms
2019-11-04 16:02:31,792 [Thread-1764] INFO  impl.RoleInfo (RoleInfo.java:shutdownFollowerState(121)) - e3fb79a3-1f86-42af-a80c-c46d1acdbc29: shutdown FollowerState
2019-11-04 16:02:31,792 [Thread-1764] INFO  impl.RaftServerImpl (RaftServerImpl.java:setRole(184)) - e3fb79a3-1f86-42af-a80c-c46d1acdbc29@group-7855C2F36E53: changes role from  FOLLOWER to CANDIDATE at term 252 for changeToCandidate
2019-11-04 16:02:31,792 [Thread-1764] INFO  impl.RoleInfo (RoleInfo.java:updateAndGet(143)) - e3fb79a3-1f86-42af-a80c-c46d1acdbc29: start LeaderElection
2019-11-04 16:02:31,818 [e3fb79a3-1f86-42af-a80c-c46d1acdbc29@group-7855C2F36E53-LeaderElection232] INFO  impl.LeaderElection (LeaderElection.java:askForVotes(178)) - e3fb79a3-1f86-42af-a80c-c46d1acdbc29@group-7855C2F36E53-LeaderElection232: begin an election at term 253 for -1: [e3fb79a3-1f86-42af-a80c-c46d1acdbc29:192.168.157.194:44142, 81ff859e-e76f-43f5-951a-4a38422068cb:192.168.157.194:46532, a9143d84-6d7f-497d-b770-eb75585db3c7:192.168.157.194:42126], old=null
2019-11-04 16:02:31,821 [grpc-default-executor-1] INFO  impl.RaftServerImpl (RaftServerImpl.java:setRole(184)) - 81ff859e-e76f-43f5-951a-4a38422068cb@group-7855C2F36E53: changes role from  FOLLOWER to FOLLOWER at term 253 for recognizeCandidate:e3fb79a3-1f86-42af-a80c-c46d1acdbc29
2019-11-04 16:02:31,821 [grpc-default-executor-1] INFO  impl.RoleInfo (RoleInfo.java:shutdownFollowerState(121)) - 81ff859e-e76f-43f5-951a-4a38422068cb: shutdown FollowerState
2019-11-04 16:02:31,821 [grpc-default-executor-4] INFO  impl.RaftServerImpl (RaftServerImpl.java:setRole(184)) - a9143d84-6d7f-497d-b770-eb75585db3c7@group-7855C2F36E53: changes role from  FOLLOWER to FOLLOWER at term 253 for recognizeCandidate:e3fb79a3-1f86-42af-a80c-c46d1acdbc29
2019-11-04 16:02:31,821 [grpc-default-executor-4] INFO  impl.RoleInfo (RoleInfo.java:shutdownFollowerState(121)) - a9143d84-6d7f-497d-b770-eb75585db3c7: shutdown FollowerState
2019-11-04 16:02:31,821 [Thread-1762] INFO  impl.FollowerState (FollowerState.java:run(117)) - 81ff859e-e76f-43f5-951a-4a38422068cb@group-7855C2F36E53-FollowerState was interrupted: java.lang.InterruptedException: sleep interrupted
2019-11-04 16:02:31,821 [grpc-default-executor-1] INFO  impl.RoleInfo (RoleInfo.java:updateAndGet(143)) - 81ff859e-e76f-43f5-951a-4a38422068cb: start FollowerState
2019-11-04 16:02:31,821 [Thread-1763] INFO  impl.FollowerState (FollowerState.java:run(117)) - a9143d84-6d7f-497d-b770-eb75585db3c7@group-7855C2F36E53-FollowerState was interrupted: java.lang.InterruptedException: sleep interrupted
2019-11-04 16:02:31,821 [grpc-default-executor-4] INFO  impl.RoleInfo (RoleInfo.java:updateAndGet(143)) - a9143d84-6d7f-497d-b770-eb75585db3c7: start FollowerState
2019-11-04 16:02:31,836 [e3fb79a3-1f86-42af-a80c-c46d1acdbc29@group-7855C2F36E53-LeaderElection232] INFO  impl.LeaderElection (LeaderElection.java:logAndReturn(56)) - e3fb79a3-1f86-42af-a80c-c46d1acdbc29@group-7855C2F36E53-LeaderElection232: Election REJECTED; received 2 response(s) [e3fb79a3-1f86-42af-a80c-c46d1acdbc29<-81ff859e-e76f-43f5-951a-4a38422068cb#0:FAIL-t253, e3fb79a3-1f86-42af-a80c-c46d1acdbc29<-a9143d84-6d7f-497d-b770-eb75585db3c7#0:FAIL-t253] and 0 exception(s); e3fb79a3-1f86-42af-a80c-c46d1acdbc29@group-7855C2F36E53:t253, leader=null, voted=e3fb79a3-1f86-42af-a80c-c46d1acdbc29, raftlog=e3fb79a3-1f86-42af-a80c-c46d1acdbc29@group-7855C2F36E53-SegmentedRaftLog:OPENED:c-1,f-1,i0, conf=-1: [e3fb79a3-1f86-42af-a80c-c46d1acdbc29:192.168.157.194:44142, 81ff859e-e76f-43f5-951a-4a38422068cb:192.168.157.194:46532, a9143d84-6d7f-497d-b770-eb75585db3c7:192.168.157.194:42126], old=null
2019-11-04 16:02:31,836 [e3fb79a3-1f86-42af-a80c-c46d1acdbc29@group-7855C2F36E53-LeaderElection232] INFO  impl.RaftServerImpl (RaftServerImpl.java:setRole(184)) - e3fb79a3-1f86-42af-a80c-c46d1acdbc29@group-7855C2F36E53: changes role from CANDIDATE to FOLLOWER at term 253 for DISCOVERED_A_NEW_TERM
2019-11-04 16:02:31,836 [e3fb79a3-1f86-42af-a80c-c46d1acdbc29@group-7855C2F36E53-LeaderElection232] INFO  impl.RoleInfo (RoleInfo.java:shutdownLeaderElection(134)) - e3fb79a3-1f86-42af-a80c-c46d1acdbc29: shutdown LeaderElection
2019-11-04 16:02:31,836 [e3fb79a3-1f86-42af-a80c-c46d1acdbc29@group-7855C2F36E53-LeaderElection232] INFO  impl.RoleInfo (RoleInfo.java:updateAndGet(143)) - e3fb79a3-1f86-42af-a80c-c46d1acdbc29: start FollowerState
2019-11-04 16:02:31,853 [Thread-1770] INFO  impl.FollowerState (FollowerState.java:run(108)) - e3fb79a3-1f86-42af-a80c-c46d1acdbc29@group-7855C2F36E53-FollowerState: change to CANDIDATE, lastRpcTime:17ms, electionTimeout:17ms
2019-11-04 16:02:31,854 [Thread-1770] INFO  impl.RoleInfo (RoleInfo.java:shutdownFollowerState(121)) - e3fb79a3-1f86-42af-a80c-c46d1acdbc29: shutdown FollowerState
2019-11-04 16:02:31,854 [Thread-1770] INFO  impl.RaftServerImpl (RaftServerImpl.java:setRole(184)) - e3fb79a3-1f86-42af-a80c-c46d1acdbc29@group-7855C2F36E53: changes role from  FOLLOWER to CANDIDATE at term 253 for changeToCandidate
2019-11-04 16:02:31,854 [Thread-1770] INFO  impl.RoleInfo (RoleInfo.java:updateAndGet(143)) - e3fb79a3-1f86-42af-a80c-c46d1acdbc29: start LeaderElection
2019-11-04 16:02:31,869 [e3fb79a3-1f86-42af-a80c-c46d1acdbc29@group-7855C2F36E53-LeaderElection233] INFO  impl.LeaderElection (LeaderElection.java:askForVotes(178)) - e3fb79a3-1f86-42af-a80c-c46d1acdbc29@group-7855C2F36E53-LeaderElection233: begin an election at term 254 for -1: [e3fb79a3-1f86-42af-a80c-c46d1acdbc29:192.168.157.194:44142, 81ff859e-e76f-43f5-951a-4a38422068cb:192.168.157.194:46532, a9143d84-6d7f-497d-b770-eb75585db3c7:192.168.157.194:42126], old=null
2019-11-04 16:02:31,871 [grpc-default-executor-1] INFO  impl.RaftServerImpl (RaftServerImpl.java:setRole(184)) - 81ff859e-e76f-43f5-951a-4a38422068cb@group-7855C2F36E53: changes role from  FOLLOWER to FOLLOWER at term 254 for recognizeCandidate:e3fb79a3-1f86-42af-a80c-c46d1acdbc29
2019-11-04 16:02:31,871 [grpc-default-executor-1] INFO  impl.RoleInfo (RoleInfo.java:shutdownFollowerState(121)) - 81ff859e-e76f-43f5-951a-4a38422068cb: shutdown FollowerState
2019-11-04 16:02:31,871 [grpc-default-executor-4] INFO  impl.RaftServerImpl (RaftServerImpl.java:setRole(184)) - a9143d84-6d7f-497d-b770-eb75585db3c7@group-7855C2F36E53: changes role from  FOLLOWER to FOLLOWER at term 254 for recognizeCandidate:e3fb79a3-1f86-42af-a80c-c46d1acdbc29
2019-11-04 16:02:31,871 [grpc-default-executor-4] INFO  impl.RoleInfo (RoleInfo.java:shutdownFollowerState(121)) - a9143d84-6d7f-497d-b770-eb75585db3c7: shutdown FollowerState
2019-11-04 16:02:31,871 [Thread-1768] INFO  impl.FollowerState (FollowerState.java:run(117)) - 81ff859e-e76f-43f5-951a-4a38422068cb@group-7855C2F36E53-FollowerState was interrupted: java.lang.InterruptedException: sleep interrupted
2019-11-04 16:02:31,871 [grpc-default-executor-1] INFO  impl.RoleInfo (RoleInfo.java:updateAndGet(143)) - 81ff859e-e76f-43f5-951a-4a38422068cb: start FollowerState
2019-11-04 16:02:31,871 [Thread-1769] INFO  impl.FollowerState (FollowerState.java:run(117)) - a9143d84-6d7f-497d-b770-eb75585db3c7@group-7855C2F36E53-FollowerState was interrupted: java.lang.InterruptedException: sleep interrupted
2019-11-04 16:02:31,871 [grpc-default-executor-4] INFO  impl.RoleInfo (RoleInfo.java:updateAndGet(143)) - a9143d84-6d7f-497d-b770-eb75585db3c7: start FollowerState
2019-11-04 16:02:31,887 [e3fb79a3-1f86-42af-a80c-c46d1acdbc29@group-7855C2F36E53-LeaderElection233] INFO  impl.LeaderElection (LeaderElection.java:logAndReturn(56)) - e3fb79a3-1f86-42af-a80c-c46d1acdbc29@group-7855C2F36E53-LeaderElection233: Election REJECTED; received 2 response(s) [e3fb79a3-1f86-42af-a80c-c46d1acdbc29<-81ff859e-e76f-43f5-951a-4a38422068cb#0:FAIL-t254, e3fb79a3-1f86-42af-a80c-c46d1acdbc29<-a9143d84-6d7f-497d-b770-eb75585db3c7#0:FAIL-t254] and 0 exception(s); e3fb79a3-1f86-42af-a80c-c46d1acdbc29@group-7855C2F36E53:t254, leader=null, voted=e3fb79a3-1f86-42af-a80c-c46d1acdbc29, raftlog=e3fb79a3-1f86-42af-a80c-c46d1acdbc29@group-7855C2F36E53-SegmentedRaftLog:OPENED:c-1,f-1,i0, conf=-1: [e3fb79a3-1f86-42af-a80c-c46d1acdbc29:192.168.157.194:44142, 81ff859e-e76f-43f5-951a-4a38422068cb:192.168.157.194:46532, a9143d84-6d7f-497d-b770-eb75585db3c7:192.168.157.194:42126], old=null
2019-11-04 16:02:31,887 [e3fb79a3-1f86-42af-a80c-c46d1acdbc29@group-7855C2F36E53-LeaderElection233] INFO  impl.RaftServerImpl (RaftServerImpl.java:setRole(184)) - e3fb79a3-1f86-42af-a80c-c46d1acdbc29@group-7855C2F36E53: changes role from CANDIDATE to FOLLOWER at term 254 for DISCOVERED_A_NEW_TERM
2019-11-04 16:02:31,887 [e3fb79a3-1f86-42af-a80c-c46d1acdbc29@group-7855C2F36E53-LeaderElection233] INFO  impl.RoleInfo (RoleInfo.java:shutdownLeaderElection(134)) - e3fb79a3-1f86-42af-a80c-c46d1acdbc29: shutdown LeaderElection
2019-11-04 16:02:31,887 [e3fb79a3-1f86-42af-a80c-c46d1acdbc29@group-7855C2F36E53-LeaderElection233] INFO  impl.RoleInfo (RoleInfo.java:updateAndGet(143)) - e3fb79a3-1f86-42af-a80c-c46d1acdbc29: start FollowerState
2019-11-04 16:02:31,999 [Thread-1776] INFO  impl.FollowerState (FollowerState.java:run(108)) - e3fb79a3-1f86-42af-a80c-c46d1acdbc29@group-7855C2F36E53-FollowerState: change to CANDIDATE, lastRpcTime:111ms, electionTimeout:111ms
2019-11-04 16:02:31,999 [Thread-1776] INFO  impl.RoleInfo (RoleInfo.java:shutdownFollowerState(121)) - e3fb79a3-1f86-42af-a80c-c46d1acdbc29: shutdown FollowerState
2019-11-04 16:02:31,999 [Thread-1776] INFO  impl.RaftServerImpl (RaftServerImpl.java:setRole(184)) - e3fb79a3-1f86-42af-a80c-c46d1acdbc29@group-7855C2F36E53: changes role from  FOLLOWER to CANDIDATE at term 254 for changeToCandidate
2019-11-04 16:02:31,999 [Thread-1776] INFO  impl.RoleInfo (RoleInfo.java:updateAndGet(143)) - e3fb79a3-1f86-42af-a80c-c46d1acdbc29: start LeaderElection
2019-11-04 16:02:32,025 [e3fb79a3-1f86-42af-a80c-c46d1acdbc29@group-7855C2F36E53-LeaderElection234] INFO  impl.LeaderElection (LeaderElection.java:askForVotes(178)) - e3fb79a3-1f86-42af-a80c-c46d1acdbc29@group-7855C2F36E53-LeaderElection234: begin an election at term 255 for -1: [e3fb79a3-1f86-42af-a80c-c46d1acdbc29:192.168.157.194:44142, 81ff859e-e76f-43f5-951a-4a38422068cb:192.168.157.194:46532, a9143d84-6d7f-497d-b770-eb75585db3c7:192.168.157.194:42126], old=null
2019-11-04 16:02:32,028 [grpc-default-executor-1] INFO  impl.RaftServerImpl (RaftServerImpl.java:setRole(184)) - 81ff859e-e76f-43f5-951a-4a38422068cb@group-7855C2F36E53: changes role from  FOLLOWER to FOLLOWER at term 255 for recognizeCandidate:e3fb79a3-1f86-42af-a80c-c46d1acdbc29
2019-11-04 16:02:32,028 [grpc-default-executor-4] INFO  impl.RaftServerImpl (RaftServerImpl.java:setRole(184)) - a9143d84-6d7f-497d-b770-eb75585db3c7@group-7855C2F36E53: changes role from  FOLLOWER to FOLLOWER at term 255 for recognizeCandidate:e3fb79a3-1f86-42af-a80c-c46d1acdbc29
2019-11-04 16:02:32,028 [grpc-default-executor-1] INFO  impl.RoleInfo (RoleInfo.java:shutdownFollowerState(121)) - 81ff859e-e76f-43f5-951a-4a38422068cb: shutdown FollowerState
2019-11-04 16:02:32,028 [grpc-default-executor-4] INFO  impl.RoleInfo (RoleInfo.java:shutdownFollowerState(121)) - a9143d84-6d7f-497d-b770-eb75585db3c7: shutdown FollowerState
2019-11-04 16:02:32,028 [Thread-1774] INFO  impl.FollowerState (FollowerState.java:run(117)) - 81ff859e-e76f-43f5-951a-4a38422068cb@group-7855C2F36E53-FollowerState was interrupted: java.lang.InterruptedException: sleep interrupted
2019-11-04 16:02:32,028 [grpc-default-executor-1] INFO  impl.RoleInfo (RoleInfo.java:updateAndGet(143)) - 81ff859e-e76f-43f5-951a-4a38422068cb: start FollowerState
2019-11-04 16:02:32,029 [Thread-1775] INFO  impl.FollowerState (FollowerState.java:run(117)) - a9143d84-6d7f-497d-b770-eb75585db3c7@group-7855C2F36E53-FollowerState was interrupted: java.lang.InterruptedException: sleep interrupted
2019-11-04 16:02:32,029 [grpc-default-executor-4] INFO  impl.RoleInfo (RoleInfo.java:updateAndGet(143)) - a9143d84-6d7f-497d-b770-eb75585db3c7: start FollowerState
2019-11-04 16:02:32,076 [e3fb79a3-1f86-42af-a80c-c46d1acdbc29@group-7855C2F36E53-LeaderElection234] INFO  impl.LeaderElection (LeaderElection.java:logAndReturn(56)) - e3fb79a3-1f86-42af-a80c-c46d1acdbc29@group-7855C2F36E53-LeaderElection234: Election REJECTED; received 2 response(s) [e3fb79a3-1f86-42af-a80c-c46d1acdbc29<-81ff859e-e76f-43f5-951a-4a38422068cb#0:FAIL-t255, e3fb79a3-1f86-42af-a80c-c46d1acdbc29<-a9143d84-6d7f-497d-b770-eb75585db3c7#0:FAIL-t255] and 0 exception(s); e3fb79a3-1f86-42af-a80c-c46d1acdbc29@group-7855C2F36E53:t255, leader=null, voted=e3fb79a3-1f86-42af-a80c-c46d1acdbc29, raftlog=e3fb79a3-1f86-42af-a80c-c46d1acdbc29@group-7855C2F36E53-SegmentedRaftLog:OPENED:c-1,f-1,i0, conf=-1: [e3fb79a3-1f86-42af-a80c-c46d1acdbc29:192.168.157.194:44142, 81ff859e-e76f-43f5-951a-4a38422068cb:192.168.157.194:46532, a9143d84-6d7f-497d-b770-eb75585db3c7:192.168.157.194:42126], old=null
2019-11-04 16:02:32,076 [e3fb79a3-1f86-42af-a80c-c46d1acdbc29@group-7855C2F36E53-LeaderElection234] INFO  impl.RaftServerImpl (RaftServerImpl.java:setRole(184)) - e3fb79a3-1f86-42af-a80c-c46d1acdbc29@group-7855C2F36E53: changes role from CANDIDATE to FOLLOWER at term 255 for DISCOVERED_A_NEW_TERM
2019-11-04 16:02:32,076 [e3fb79a3-1f86-42af-a80c-c46d1acdbc29@group-7855C2F36E53-LeaderElection234] INFO  impl.RoleInfo (RoleInfo.java:shutdownLeaderElection(134)) - e3fb79a3-1f86-42af-a80c-c46d1acdbc29: shutdown LeaderElection
2019-11-04 16:02:32,076 [e3fb79a3-1f86-42af-a80c-c46d1acdbc29@group-7855C2F36E53-LeaderElection234] INFO  impl.RoleInfo (RoleInfo.java:updateAndGet(143)) - e3fb79a3-1f86-42af-a80c-c46d1acdbc29: start FollowerState
2019-11-04 16:02:32,167 [Thread-1782] INFO  impl.FollowerState (FollowerState.java:run(108)) - e3fb79a3-1f86-42af-a80c-c46d1acdbc29@group-7855C2F36E53-FollowerState: change to CANDIDATE, lastRpcTime:90ms, electionTimeout:90ms
2019-11-04 16:02:32,167 [Thread-1782] INFO  impl.RoleInfo (RoleInfo.java:shutdownFollowerState(121)) - e3fb79a3-1f86-42af-a80c-c46d1acdbc29: shutdown FollowerState
2019-11-04 16:02:32,167 [Thread-1782] INFO  impl.RaftServerImpl (RaftServerImpl.java:setRole(184)) - e3fb79a3-1f86-42af-a80c-c46d1acdbc29@group-7855C2F36E53: changes role from  FOLLOWER to CANDIDATE at term 255 for changeToCandidate
2019-11-04 16:02:32,167 [Thread-1782] INFO  impl.RoleInfo (RoleInfo.java:updateAndGet(143)) - e3fb79a3-1f86-42af-a80c-c46d1acdbc29: start LeaderElection
2019-11-04 16:02:32,185 [e3fb79a3-1f86-42af-a80c-c46d1acdbc29@group-7855C2F36E53-LeaderElection235] INFO  impl.LeaderElection (LeaderElection.java:askForVotes(178)) - e3fb79a3-1f86-42af-a80c-c46d1acdbc29@group-7855C2F36E53-LeaderElection235: begin an election at term 256 for -1: [e3fb79a3-1f86-42af-a80c-c46d1acdbc29:192.168.157.194:44142, 81ff859e-e76f-43f5-951a-4a38422068cb:192.168.157.194:46532, a9143d84-6d7f-497d-b770-eb75585db3c7:192.168.157.194:42126], old=null
2019-11-04 16:02:32,188 [grpc-default-executor-4] INFO  impl.RaftServerImpl (RaftServerImpl.java:setRole(184)) - 81ff859e-e76f-43f5-951a-4a38422068cb@group-7855C2F36E53: changes role from  FOLLOWER to FOLLOWER at term 256 for recognizeCandidate:e3fb79a3-1f86-42af-a80c-c46d1acdbc29
2019-11-04 16:02:32,188 [grpc-default-executor-1] INFO  impl.RaftServerImpl (RaftServerImpl.java:setRole(184)) - a9143d84-6d7f-497d-b770-eb75585db3c7@group-7855C2F36E53: changes role from  FOLLOWER to FOLLOWER at term 256 for recognizeCandidate:e3fb79a3-1f86-42af-a80c-c46d1acdbc29
2019-11-04 16:02:32,188 [grpc-default-executor-4] INFO  impl.RoleInfo (RoleInfo.java:shutdownFollowerState(121)) - 81ff859e-e76f-43f5-951a-4a38422068cb: shutdown FollowerState
2019-11-04 16:02:32,188 [grpc-default-executor-1] INFO  impl.RoleInfo (RoleInfo.java:shutdownFollowerState(121)) - a9143d84-6d7f-497d-b770-eb75585db3c7: shutdown FollowerState
2019-11-04 16:02:32,189 [Thread-1780] INFO  impl.FollowerState (FollowerState.java:run(117)) - 81ff859e-e76f-43f5-951a-4a38422068cb@group-7855C2F36E53-FollowerState was interrupted: java.lang.InterruptedException: sleep interrupted
2019-11-04 16:02:32,189 [grpc-default-executor-4] INFO  impl.RoleInfo (RoleInfo.java:updateAndGet(143)) - 81ff859e-e76f-43f5-951a-4a38422068cb: start FollowerState
2019-11-04 16:02:32,189 [Thread-1781] INFO  impl.FollowerState (FollowerState.java:run(117)) - a9143d84-6d7f-497d-b770-eb75585db3c7@group-7855C2F36E53-FollowerState was interrupted: java.lang.InterruptedException: sleep interrupted
2019-11-04 16:02:32,189 [grpc-default-executor-1] INFO  impl.RoleInfo (RoleInfo.java:updateAndGet(143)) - a9143d84-6d7f-497d-b770-eb75585db3c7: start FollowerState
2019-11-04 16:02:32,197 [e3fb79a3-1f86-42af-a80c-c46d1acdbc29@group-7855C2F36E53-LeaderElection235] INFO  impl.LeaderElection (LeaderElection.java:logAndReturn(56)) - e3fb79a3-1f86-42af-a80c-c46d1acdbc29@group-7855C2F36E53-LeaderElection235: Election REJECTED; received 2 response(s) [e3fb79a3-1f86-42af-a80c-c46d1acdbc29<-81ff859e-e76f-43f5-951a-4a38422068cb#0:FAIL-t256, e3fb79a3-1f86-42af-a80c-c46d1acdbc29<-a9143d84-6d7f-497d-b770-eb75585db3c7#0:FAIL-t256] and 0 exception(s); e3fb79a3-1f86-42af-a80c-c46d1acdbc29@group-7855C2F36E53:t256, leader=null, voted=e3fb79a3-1f86-42af-a80c-c46d1acdbc29, raftlog=e3fb79a3-1f86-42af-a80c-c46d1acdbc29@group-7855C2F36E53-SegmentedRaftLog:OPENED:c-1,f-1,i0, conf=-1: [e3fb79a3-1f86-42af-a80c-c46d1acdbc29:192.168.157.194:44142, 81ff859e-e76f-43f5-951a-4a38422068cb:192.168.157.194:46532, a9143d84-6d7f-497d-b770-eb75585db3c7:192.168.157.194:42126], old=null
2019-11-04 16:02:32,197 [e3fb79a3-1f86-42af-a80c-c46d1acdbc29@group-7855C2F36E53-LeaderElection235] INFO  impl.RaftServerImpl (RaftServerImpl.java:setRole(184)) - e3fb79a3-1f86-42af-a80c-c46d1acdbc29@group-7855C2F36E53: changes role from CANDIDATE to FOLLOWER at term 256 for DISCOVERED_A_NEW_TERM
2019-11-04 16:02:32,197 [e3fb79a3-1f86-42af-a80c-c46d1acdbc29@group-7855C2F36E53-LeaderElection235] INFO  impl.RoleInfo (RoleInfo.java:shutdownLeaderElection(134)) - e3fb79a3-1f86-42af-a80c-c46d1acdbc29: shutdown LeaderElection
2019-11-04 16:02:32,197 [e3fb79a3-1f86-42af-a80c-c46d1acdbc29@group-7855C2F36E53-LeaderElection235] INFO  impl.RoleInfo (RoleInfo.java:updateAndGet(143)) - e3fb79a3-1f86-42af-a80c-c46d1acdbc29: start FollowerState
2019-11-04 16:02:32,326 [Thread-1788] INFO  impl.FollowerState (FollowerState.java:run(108)) - e3fb79a3-1f86-42af-a80c-c46d1acdbc29@group-7855C2F36E53-FollowerState: change to CANDIDATE, lastRpcTime:129ms, electionTimeout:129ms
2019-11-04 16:02:32,327 [Thread-1788] INFO  impl.RoleInfo (RoleInfo.java:shutdownFollowerState(121)) - e3fb79a3-1f86-42af-a80c-c46d1acdbc29: shutdown FollowerState
2019-11-04 16:02:32,327 [Thread-1788] INFO  impl.RaftServerImpl (RaftServerImpl.java:setRole(184)) - e3fb79a3-1f86-42af-a80c-c46d1acdbc29@group-7855C2F36E53: changes role from  FOLLOWER to CANDIDATE at term 256 for changeToCandidate
2019-11-04 16:02:32,327 [Thread-1788] INFO  impl.RoleInfo (RoleInfo.java:updateAndGet(143)) - e3fb79a3-1f86-42af-a80c-c46d1acdbc29: start LeaderElection
2019-11-04 16:02:32,341 [e3fb79a3-1f86-42af-a80c-c46d1acdbc29@group-7855C2F36E53-LeaderElection236] INFO  impl.LeaderElection (LeaderElection.java:askForVotes(178)) - e3fb79a3-1f86-42af-a80c-c46d1acdbc29@group-7855C2F36E53-LeaderElection236: begin an election at term 257 for -1: [e3fb79a3-1f86-42af-a80c-c46d1acdbc29:192.168.157.194:44142, 81ff859e-e76f-43f5-951a-4a38422068cb:192.168.157.194:46532, a9143d84-6d7f-497d-b770-eb75585db3c7:192.168.157.194:42126], old=null
2019-11-04 16:02:32,343 [grpc-default-executor-4] INFO  impl.RaftServerImpl (RaftServerImpl.java:setRole(184)) - 81ff859e-e76f-43f5-951a-4a38422068cb@group-7855C2F36E53: changes role from  FOLLOWER to FOLLOWER at term 257 for recognizeCandidate:e3fb79a3-1f86-42af-a80c-c46d1acdbc29
2019-11-04 16:02:32,343 [grpc-default-executor-4] INFO  impl.RoleInfo (RoleInfo.java:shutdownFollowerState(121)) - 81ff859e-e76f-43f5-951a-4a38422068cb: shutdown FollowerState
2019-11-04 16:02:32,344 [grpc-default-executor-4] INFO  impl.RoleInfo (RoleInfo.java:updateAndGet(143)) - 81ff859e-e76f-43f5-951a-4a38422068cb: start FollowerState
2019-11-04 16:02:32,344 [Thread-1786] INFO  impl.FollowerState (FollowerState.java:run(117)) - 81ff859e-e76f-43f5-951a-4a38422068cb@group-7855C2F36E53-FollowerState was interrupted: java.lang.InterruptedException: sleep interrupted
2019-11-04 16:02:32,344 [grpc-default-executor-1] INFO  impl.RaftServerImpl (RaftServerImpl.java:setRole(184)) - a9143d84-6d7f-497d-b770-eb75585db3c7@group-7855C2F36E53: changes role from  FOLLOWER to FOLLOWER at term 257 for recognizeCandidate:e3fb79a3-1f86-42af-a80c-c46d1acdbc29
2019-11-04 16:02:32,344 [grpc-default-executor-1] INFO  impl.RoleInfo (RoleInfo.java:shutdownFollowerState(121)) - a9143d84-6d7f-497d-b770-eb75585db3c7: shutdown FollowerState
2019-11-04 16:02:32,344 [grpc-default-executor-1] INFO  impl.RoleInfo (RoleInfo.java:updateAndGet(143)) - a9143d84-6d7f-497d-b770-eb75585db3c7: start FollowerState
2019-11-04 16:02:32,344 [Thread-1787] INFO  impl.FollowerState (FollowerState.java:run(117)) - a9143d84-6d7f-497d-b770-eb75585db3c7@group-7855C2F36E53-FollowerState was interrupted: java.lang.InterruptedException: sleep interrupted
2019-11-04 16:02:32,370 [e3fb79a3-1f86-42af-a80c-c46d1acdbc29@group-7855C2F36E53-LeaderElection236] INFO  impl.LeaderElection (LeaderElection.java:logAndReturn(56)) - e3fb79a3-1f86-42af-a80c-c46d1acdbc29@group-7855C2F36E53-LeaderElection236: Election REJECTED; received 2 response(s) [e3fb79a3-1f86-42af-a80c-c46d1acdbc29<-81ff859e-e76f-43f5-951a-4a38422068cb#0:FAIL-t257, e3fb79a3-1f86-42af-a80c-c46d1acdbc29<-a9143d84-6d7f-497d-b770-eb75585db3c7#0:FAIL-t257] and 0 exception(s); e3fb79a3-1f86-42af-a80c-c46d1acdbc29@group-7855C2F36E53:t257, leader=null, voted=e3fb79a3-1f86-42af-a80c-c46d1acdbc29, raftlog=e3fb79a3-1f86-42af-a80c-c46d1acdbc29@group-7855C2F36E53-SegmentedRaftLog:OPENED:c-1,f-1,i0, conf=-1: [e3fb79a3-1f86-42af-a80c-c46d1acdbc29:192.168.157.194:44142, 81ff859e-e76f-43f5-951a-4a38422068cb:192.168.157.194:46532, a9143d84-6d7f-497d-b770-eb75585db3c7:192.168.157.194:42126], old=null
2019-11-04 16:02:32,370 [e3fb79a3-1f86-42af-a80c-c46d1acdbc29@group-7855C2F36E53-LeaderElection236] INFO  impl.RaftServerImpl (RaftServerImpl.java:setRole(184)) - e3fb79a3-1f86-42af-a80c-c46d1acdbc29@group-7855C2F36E53: changes role from CANDIDATE to FOLLOWER at term 257 for DISCOVERED_A_NEW_TERM
2019-11-04 16:02:32,370 [e3fb79a3-1f86-42af-a80c-c46d1acdbc29@group-7855C2F36E53-LeaderElection236] INFO  impl.RoleInfo (RoleInfo.java:shutdownLeaderElection(134)) - e3fb79a3-1f86-42af-a80c-c46d1acdbc29: shutdown LeaderElection
2019-11-04 16:02:32,370 [e3fb79a3-1f86-42af-a80c-c46d1acdbc29@group-7855C2F36E53-LeaderElection236] INFO  impl.RoleInfo (RoleInfo.java:updateAndGet(143)) - e3fb79a3-1f86-42af-a80c-c46d1acdbc29: start FollowerState
2019-11-04 16:02:32,374 [Thread-1796] INFO  impl.FollowerState (FollowerState.java:run(108)) - e3fb79a3-1f86-42af-a80c-c46d1acdbc29@group-7855C2F36E53-FollowerState: change to CANDIDATE, lastRpcTime:3ms, electionTimeout:3ms
2019-11-04 16:02:32,374 [Thread-1796] INFO  impl.RoleInfo (RoleInfo.java:shutdownFollowerState(121)) - e3fb79a3-1f86-42af-a80c-c46d1acdbc29: shutdown FollowerState
2019-11-04 16:02:32,374 [Thread-1796] INFO  impl.RaftServerImpl (RaftServerImpl.java:setRole(184)) - e3fb79a3-1f86-42af-a80c-c46d1acdbc29@group-7855C2F36E53: changes role from  FOLLOWER to CANDIDATE at term 257 for changeToCandidate
2019-11-04 16:02:32,374 [Thread-1796] INFO  impl.RoleInfo (RoleInfo.java:updateAndGet(143)) - e3fb79a3-1f86-42af-a80c-c46d1acdbc29: start LeaderElection
2019-11-04 16:02:32,400 [e3fb79a3-1f86-42af-a80c-c46d1acdbc29@group-7855C2F36E53-LeaderElection237] INFO  impl.LeaderElection (LeaderElection.java:askForVotes(178)) - e3fb79a3-1f86-42af-a80c-c46d1acdbc29@group-7855C2F36E53-LeaderElection237: begin an election at term 258 for -1: [e3fb79a3-1f86-42af-a80c-c46d1acdbc29:192.168.157.194:44142, 81ff859e-e76f-43f5-951a-4a38422068cb:192.168.157.194:46532, a9143d84-6d7f-497d-b770-eb75585db3c7:192.168.157.194:42126], old=null
2019-11-04 16:02:32,401 [grpc-default-executor-4] INFO  impl.RaftServerImpl (RaftServerImpl.java:setRole(184)) - 81ff859e-e76f-43f5-951a-4a38422068cb@group-7855C2F36E53: changes role from  FOLLOWER to FOLLOWER at term 258 for recognizeCandidate:e3fb79a3-1f86-42af-a80c-c46d1acdbc29
2019-11-04 16:02:32,401 [grpc-default-executor-4] INFO  impl.RoleInfo (RoleInfo.java:shutdownFollowerState(121)) - 81ff859e-e76f-43f5-951a-4a38422068cb: shutdown FollowerState
2019-11-04 16:02:32,401 [grpc-default-executor-4] INFO  impl.RoleInfo (RoleInfo.java:updateAndGet(143)) - 81ff859e-e76f-43f5-951a-4a38422068cb: start FollowerState
2019-11-04 16:02:32,402 [Thread-1794] INFO  impl.FollowerState (FollowerState.java:run(117)) - 81ff859e-e76f-43f5-951a-4a38422068cb@group-7855C2F36E53-FollowerState was interrupted: java.lang.InterruptedException: sleep interrupted
2019-11-04 16:02:32,401 [grpc-default-executor-1] INFO  impl.RaftServerImpl (RaftServerImpl.java:setRole(184)) - a9143d84-6d7f-497d-b770-eb75585db3c7@group-7855C2F36E53: changes role from  FOLLOWER to FOLLOWER at term 258 for recognizeCandidate:e3fb79a3-1f86-42af-a80c-c46d1acdbc29
2019-11-04 16:02:32,402 [grpc-default-executor-1] INFO  impl.RoleInfo (RoleInfo.java:shutdownFollowerState(121)) - a9143d84-6d7f-497d-b770-eb75585db3c7: shutdown FollowerState
2019-11-04 16:02:32,402 [grpc-default-executor-1] INFO  impl.RoleInfo (RoleInfo.java:updateAndGet(143)) - a9143d84-6d7f-497d-b770-eb75585db3c7: start FollowerState
2019-11-04 16:02:32,402 [Thread-1795] INFO  impl.FollowerState (FollowerState.java:run(117)) - a9143d84-6d7f-497d-b770-eb75585db3c7@group-7855C2F36E53-FollowerState was interrupted: java.lang.InterruptedException: sleep interrupted
2019-11-04 16:02:32,414 [e3fb79a3-1f86-42af-a80c-c46d1acdbc29@group-7855C2F36E53-LeaderElection237] INFO  impl.LeaderElection (LeaderElection.java:logAndReturn(56)) - e3fb79a3-1f86-42af-a80c-c46d1acdbc29@group-7855C2F36E53-LeaderElection237: Election REJECTED; received 2 response(s) [e3fb79a3-1f86-42af-a80c-c46d1acdbc29<-81ff859e-e76f-43f5-951a-4a38422068cb#0:FAIL-t258, e3fb79a3-1f86-42af-a80c-c46d1acdbc29<-a9143d84-6d7f-497d-b770-eb75585db3c7#0:FAIL-t258] and 0 exception(s); e3fb79a3-1f86-42af-a80c-c46d1acdbc29@group-7855C2F36E53:t258, leader=null, voted=e3fb79a3-1f86-42af-a80c-c46d1acdbc29, raftlog=e3fb79a3-1f86-42af-a80c-c46d1acdbc29@group-7855C2F36E53-SegmentedRaftLog:OPENED:c-1,f-1,i0, conf=-1: [e3fb79a3-1f86-42af-a80c-c46d1acdbc29:192.168.157.194:44142, 81ff859e-e76f-43f5-951a-4a38422068cb:192.168.157.194:46532, a9143d84-6d7f-497d-b770-eb75585db3c7:192.168.157.194:42126], old=null
2019-11-04 16:02:32,414 [e3fb79a3-1f86-42af-a80c-c46d1acdbc29@group-7855C2F36E53-LeaderElection237] INFO  impl.RaftServerImpl (RaftServerImpl.java:setRole(184)) - e3fb79a3-1f86-42af-a80c-c46d1acdbc29@group-7855C2F36E53: changes role from CANDIDATE to FOLLOWER at term 258 for DISCOVERED_A_NEW_TERM
2019-11-04 16:02:32,414 [e3fb79a3-1f86-42af-a80c-c46d1acdbc29@group-7855C2F36E53-LeaderElection237] INFO  impl.RoleInfo (RoleInfo.java:shutdownLeaderElection(134)) - e3fb79a3-1f86-42af-a80c-c46d1acdbc29: shutdown LeaderElection
2019-11-04 16:02:32,414 [e3fb79a3-1f86-42af-a80c-c46d1acdbc29@group-7855C2F36E53-LeaderElection237] INFO  impl.RoleInfo (RoleInfo.java:updateAndGet(143)) - e3fb79a3-1f86-42af-a80c-c46d1acdbc29: start FollowerState
2019-11-04 16:02:32,420 [Thread-1802] INFO  impl.FollowerState (FollowerState.java:run(108)) - e3fb79a3-1f86-42af-a80c-c46d1acdbc29@group-7855C2F36E53-FollowerState: change to CANDIDATE, lastRpcTime:5ms, electionTimeout:5ms
2019-11-04 16:02:32,420 [Thread-1802] INFO  impl.RoleInfo (RoleInfo.java:shutdownFollowerState(121)) - e3fb79a3-1f86-42af-a80c-c46d1acdbc29: shutdown FollowerState
2019-11-04 16:02:32,420 [Thread-1802] INFO  impl.RaftServerImpl (RaftServerImpl.java:setRole(184)) - e3fb79a3-1f86-42af-a80c-c46d1acdbc29@group-7855C2F36E53: changes role from  FOLLOWER to CANDIDATE at term 258 for changeToCandidate
2019-11-04 16:02:32,420 [Thread-1802] INFO  impl.RoleInfo (RoleInfo.java:updateAndGet(143)) - e3fb79a3-1f86-42af-a80c-c46d1acdbc29: start LeaderElection
2019-11-04 16:02:32,445 [e3fb79a3-1f86-42af-a80c-c46d1acdbc29@group-7855C2F36E53-LeaderElection238] INFO  impl.LeaderElection (LeaderElection.java:askForVotes(178)) - e3fb79a3-1f86-42af-a80c-c46d1acdbc29@group-7855C2F36E53-LeaderElection238: begin an election at term 259 for -1: [e3fb79a3-1f86-42af-a80c-c46d1acdbc29:192.168.157.194:44142, 81ff859e-e76f-43f5-951a-4a38422068cb:192.168.157.194:46532, a9143d84-6d7f-497d-b770-eb75585db3c7:192.168.157.194:42126], old=null
2019-11-04 16:02:32,447 [grpc-default-executor-1] INFO  impl.RaftServerImpl (RaftServerImpl.java:setRole(184)) - 81ff859e-e76f-43f5-951a-4a38422068cb@group-7855C2F36E53: changes role from  FOLLOWER to FOLLOWER at term 259 for recognizeCandidate:e3fb79a3-1f86-42af-a80c-c46d1acdbc29
2019-11-04 16:02:32,447 [grpc-default-executor-4] INFO  impl.RaftServerImpl (RaftServerImpl.java:setRole(184)) - a9143d84-6d7f-497d-b770-eb75585db3c7@group-7855C2F36E53: changes role from  FOLLOWER to FOLLOWER at term 259 for recognizeCandidate:e3fb79a3-1f86-42af-a80c-c46d1acdbc29
2019-11-04 16:02:32,447 [grpc-default-executor-1] INFO  impl.RoleInfo (RoleInfo.java:shutdownFollowerState(121)) - 81ff859e-e76f-43f5-951a-4a38422068cb: shutdown FollowerState
2019-11-04 16:02:32,448 [grpc-default-executor-4] INFO  impl.RoleInfo (RoleInfo.java:shutdownFollowerState(121)) - a9143d84-6d7f-497d-b770-eb75585db3c7: shutdown FollowerState
2019-11-04 16:02:32,448 [Thread-1800] INFO  impl.FollowerState (FollowerState.java:run(117)) - 81ff859e-e76f-43f5-951a-4a38422068cb@group-7855C2F36E53-FollowerState was interrupted: java.lang.InterruptedException: sleep interrupted
2019-11-04 16:02:32,448 [grpc-default-executor-1] INFO  impl.RoleInfo (RoleInfo.java:updateAndGet(143)) - 81ff859e-e76f-43f5-951a-4a38422068cb: start FollowerState
2019-11-04 16:02:32,448 [Thread-1801] INFO  impl.FollowerState (FollowerState.java:run(117)) - a9143d84-6d7f-497d-b770-eb75585db3c7@group-7855C2F36E53-FollowerState was interrupted: java.lang.InterruptedException: sleep interrupted
2019-11-04 16:02:32,448 [grpc-default-executor-4] INFO  impl.RoleInfo (RoleInfo.java:updateAndGet(143)) - a9143d84-6d7f-497d-b770-eb75585db3c7: start FollowerState
2019-11-04 16:02:32,473 [e3fb79a3-1f86-42af-a80c-c46d1acdbc29@group-7855C2F36E53-LeaderElection238] INFO  impl.LeaderElection (LeaderElection.java:logAndReturn(56)) - e3fb79a3-1f86-42af-a80c-c46d1acdbc29@group-7855C2F36E53-LeaderElection238: Election REJECTED; received 2 response(s) [e3fb79a3-1f86-42af-a80c-c46d1acdbc29<-81ff859e-e76f-43f5-951a-4a38422068cb#0:FAIL-t259, e3fb79a3-1f86-42af-a80c-c46d1acdbc29<-a9143d84-6d7f-497d-b770-eb75585db3c7#0:FAIL-t259] and 0 exception(s); e3fb79a3-1f86-42af-a80c-c46d1acdbc29@group-7855C2F36E53:t259, leader=null, voted=e3fb79a3-1f86-42af-a80c-c46d1acdbc29, raftlog=e3fb79a3-1f86-42af-a80c-c46d1acdbc29@group-7855C2F36E53-SegmentedRaftLog:OPENED:c-1,f-1,i0, conf=-1: [e3fb79a3-1f86-42af-a80c-c46d1acdbc29:192.168.157.194:44142, 81ff859e-e76f-43f5-951a-4a38422068cb:192.168.157.194:46532, a9143d84-6d7f-497d-b770-eb75585db3c7:192.168.157.194:42126], old=null
2019-11-04 16:02:32,474 [e3fb79a3-1f86-42af-a80c-c46d1acdbc29@group-7855C2F36E53-LeaderElection238] INFO  impl.RaftServerImpl (RaftServerImpl.java:setRole(184)) - e3fb79a3-1f86-42af-a80c-c46d1acdbc29@group-7855C2F36E53: changes role from CANDIDATE to FOLLOWER at term 259 for DISCOVERED_A_NEW_TERM
2019-11-04 16:02:32,474 [e3fb79a3-1f86-42af-a80c-c46d1acdbc29@group-7855C2F36E53-LeaderElection238] INFO  impl.RoleInfo (RoleInfo.java:shutdownLeaderElection(134)) - e3fb79a3-1f86-42af-a80c-c46d1acdbc29: shutdown LeaderElection
2019-11-04 16:02:32,474 [e3fb79a3-1f86-42af-a80c-c46d1acdbc29@group-7855C2F36E53-LeaderElection238] INFO  impl.RoleInfo (RoleInfo.java:updateAndGet(143)) - e3fb79a3-1f86-42af-a80c-c46d1acdbc29: start FollowerState
2019-11-04 16:02:32,639 [Thread-1808] INFO  impl.FollowerState (FollowerState.java:run(108)) - e3fb79a3-1f86-42af-a80c-c46d1acdbc29@group-7855C2F36E53-FollowerState: change to CANDIDATE, lastRpcTime:165ms, electionTimeout:165ms
2019-11-04 16:02:32,640 [Thread-1808] INFO  impl.RoleInfo (RoleInfo.java:shutdownFollowerState(121)) - e3fb79a3-1f86-42af-a80c-c46d1acdbc29: shutdown FollowerState
2019-11-04 16:02:32,640 [Thread-1808] INFO  impl.RaftServerImpl (RaftServerImpl.java:setRole(184)) - e3fb79a3-1f86-42af-a80c-c46d1acdbc29@group-7855C2F36E53: changes role from  FOLLOWER to CANDIDATE at term 259 for changeToCandidate
2019-11-04 16:02:32,640 [Thread-1808] INFO  impl.RoleInfo (RoleInfo.java:updateAndGet(143)) - e3fb79a3-1f86-42af-a80c-c46d1acdbc29: start LeaderElection
2019-11-04 16:02:32,657 [e3fb79a3-1f86-42af-a80c-c46d1acdbc29@group-7855C2F36E53-LeaderElection239] INFO  impl.LeaderElection (LeaderElection.java:askForVotes(178)) - e3fb79a3-1f86-42af-a80c-c46d1acdbc29@group-7855C2F36E53-LeaderElection239: begin an election at term 260 for -1: [e3fb79a3-1f86-42af-a80c-c46d1acdbc29:192.168.157.194:44142, 81ff859e-e76f-43f5-951a-4a38422068cb:192.168.157.194:46532, a9143d84-6d7f-497d-b770-eb75585db3c7:192.168.157.194:42126], old=null
2019-11-04 16:02:32,660 [grpc-default-executor-4] INFO  impl.RaftServerImpl (RaftServerImpl.java:setRole(184)) - 81ff859e-e76f-43f5-951a-4a38422068cb@group-7855C2F36E53: changes role from  FOLLOWER to FOLLOWER at term 260 for recognizeCandidate:e3fb79a3-1f86-42af-a80c-c46d1acdbc29
2019-11-04 16:02:32,660 [grpc-default-executor-1] INFO  impl.RaftServerImpl (RaftServerImpl.java:setRole(184)) - a9143d84-6d7f-497d-b770-eb75585db3c7@group-7855C2F36E53: changes role from  FOLLOWER to FOLLOWER at term 260 for recognizeCandidate:e3fb79a3-1f86-42af-a80c-c46d1acdbc29
2019-11-04 16:02:32,660 [grpc-default-executor-1] INFO  impl.RoleInfo (RoleInfo.java:shutdownFollowerState(121)) - a9143d84-6d7f-497d-b770-eb75585db3c7: shutdown FollowerState
2019-11-04 16:02:32,660 [grpc-default-executor-4] INFO  impl.RoleInfo (RoleInfo.java:shutdownFollowerState(121)) - 81ff859e-e76f-43f5-951a-4a38422068cb: shutdown FollowerState
2019-11-04 16:02:32,661 [grpc-default-executor-1] INFO  impl.RoleInfo (RoleInfo.java:updateAndGet(143)) - a9143d84-6d7f-497d-b770-eb75585db3c7: start FollowerState
2019-11-04 16:02:32,661 [Thread-1807] INFO  impl.FollowerState (FollowerState.java:run(117)) - a9143d84-6d7f-497d-b770-eb75585db3c7@group-7855C2F36E53-FollowerState was interrupted: java.lang.InterruptedException: sleep interrupted
2019-11-04 16:02:32,661 [Thread-1806] INFO  impl.FollowerState (FollowerState.java:run(117)) - 81ff859e-e76f-43f5-951a-4a38422068cb@group-7855C2F36E53-FollowerState was interrupted: java.lang.InterruptedException: sleep interrupted
2019-11-04 16:02:32,661 [grpc-default-executor-4] INFO  impl.RoleInfo (RoleInfo.java:updateAndGet(143)) - 81ff859e-e76f-43f5-951a-4a38422068cb: start FollowerState
2019-11-04 16:02:32,694 [e3fb79a3-1f86-42af-a80c-c46d1acdbc29@group-7855C2F36E53-LeaderElection239] INFO  impl.LeaderElection (LeaderElection.java:logAndReturn(56)) - e3fb79a3-1f86-42af-a80c-c46d1acdbc29@group-7855C2F36E53-LeaderElection239: Election REJECTED; received 2 response(s) [e3fb79a3-1f86-42af-a80c-c46d1acdbc29<-81ff859e-e76f-43f5-951a-4a38422068cb#0:FAIL-t260, e3fb79a3-1f86-42af-a80c-c46d1acdbc29<-a9143d84-6d7f-497d-b770-eb75585db3c7#0:FAIL-t260] and 0 exception(s); e3fb79a3-1f86-42af-a80c-c46d1acdbc29@group-7855C2F36E53:t260, leader=null, voted=e3fb79a3-1f86-42af-a80c-c46d1acdbc29, raftlog=e3fb79a3-1f86-42af-a80c-c46d1acdbc29@group-7855C2F36E53-SegmentedRaftLog:OPENED:c-1,f-1,i0, conf=-1: [e3fb79a3-1f86-42af-a80c-c46d1acdbc29:192.168.157.194:44142, 81ff859e-e76f-43f5-951a-4a38422068cb:192.168.157.194:46532, a9143d84-6d7f-497d-b770-eb75585db3c7:192.168.157.194:42126], old=null
2019-11-04 16:02:32,694 [e3fb79a3-1f86-42af-a80c-c46d1acdbc29@group-7855C2F36E53-LeaderElection239] INFO  impl.RaftServerImpl (RaftServerImpl.java:setRole(184)) - e3fb79a3-1f86-42af-a80c-c46d1acdbc29@group-7855C2F36E53: changes role from CANDIDATE to FOLLOWER at term 260 for DISCOVERED_A_NEW_TERM
2019-11-04 16:02:32,695 [e3fb79a3-1f86-42af-a80c-c46d1acdbc29@group-7855C2F36E53-LeaderElection239] INFO  impl.RoleInfo (RoleInfo.java:shutdownLeaderElection(134)) - e3fb79a3-1f86-42af-a80c-c46d1acdbc29: shutdown LeaderElection
2019-11-04 16:02:32,695 [e3fb79a3-1f86-42af-a80c-c46d1acdbc29@group-7855C2F36E53-LeaderElection239] INFO  impl.RoleInfo (RoleInfo.java:updateAndGet(143)) - e3fb79a3-1f86-42af-a80c-c46d1acdbc29: start FollowerState
2019-11-04 16:02:32,884 [Thread-1814] INFO  impl.FollowerState (FollowerState.java:run(108)) - e3fb79a3-1f86-42af-a80c-c46d1acdbc29@group-7855C2F36E53-FollowerState: change to CANDIDATE, lastRpcTime:189ms, electionTimeout:189ms
2019-11-04 16:02:32,884 [Thread-1814] INFO  impl.RoleInfo (RoleInfo.java:shutdownFollowerState(121)) - e3fb79a3-1f86-42af-a80c-c46d1acdbc29: shutdown FollowerState
2019-11-04 16:02:32,884 [Thread-1814] INFO  impl.RaftServerImpl (RaftServerImpl.java:setRole(184)) - e3fb79a3-1f86-42af-a80c-c46d1acdbc29@group-7855C2F36E53: changes role from  FOLLOWER to CANDIDATE at term 260 for changeToCandidate
2019-11-04 16:02:32,884 [Thread-1814] INFO  impl.RoleInfo (RoleInfo.java:updateAndGet(143)) - e3fb79a3-1f86-42af-a80c-c46d1acdbc29: start LeaderElection
2019-11-04 16:02:32,887 [e3fb79a3-1f86-42af-a80c-c46d1acdbc29@group-7855C2F36E53-LeaderElection240] INFO  impl.LeaderElection (LeaderElection.java:askForVotes(178)) - e3fb79a3-1f86-42af-a80c-c46d1acdbc29@group-7855C2F36E53-LeaderElection240: begin an election at term 261 for -1: [e3fb79a3-1f86-42af-a80c-c46d1acdbc29:192.168.157.194:44142, 81ff859e-e76f-43f5-951a-4a38422068cb:192.168.157.194:46532, a9143d84-6d7f-497d-b770-eb75585db3c7:192.168.157.194:42126], old=null
2019-11-04 16:02:32,890 [grpc-default-executor-1] INFO  impl.RaftServerImpl (RaftServerImpl.java:setRole(184)) - 81ff859e-e76f-43f5-951a-4a38422068cb@group-7855C2F36E53: changes role from  FOLLOWER to FOLLOWER at term 261 for recognizeCandidate:e3fb79a3-1f86-42af-a80c-c46d1acdbc29
2019-11-04 16:02:32,890 [grpc-default-executor-4] INFO  impl.RaftServerImpl (RaftServerImpl.java:setRole(184)) - a9143d84-6d7f-497d-b770-eb75585db3c7@group-7855C2F36E53: changes role from  FOLLOWER to FOLLOWER at term 261 for recognizeCandidate:e3fb79a3-1f86-42af-a80c-c46d1acdbc29
2019-11-04 16:02:32,890 [grpc-default-executor-1] INFO  impl.RoleInfo (RoleInfo.java:shutdownFollowerState(121)) - 81ff859e-e76f-43f5-951a-4a38422068cb: shutdown FollowerState
2019-11-04 16:02:32,890 [grpc-default-executor-4] INFO  impl.RoleInfo (RoleInfo.java:shutdownFollowerState(121)) - a9143d84-6d7f-497d-b770-eb75585db3c7: shutdown FollowerState
2019-11-04 16:02:32,891 [Thread-1813] INFO  impl.FollowerState (FollowerState.java:run(117)) - 81ff859e-e76f-43f5-951a-4a38422068cb@group-7855C2F36E53-FollowerState was interrupted: java.lang.InterruptedException: sleep interrupted
2019-11-04 16:02:32,891 [Thread-1812] INFO  impl.FollowerState (FollowerState.java:run(117)) - a9143d84-6d7f-497d-b770-eb75585db3c7@group-7855C2F36E53-FollowerState was interrupted: java.lang.InterruptedException: sleep interrupted
2019-11-04 16:02:32,891 [grpc-default-executor-1] INFO  impl.RoleInfo (RoleInfo.java:updateAndGet(143)) - 81ff859e-e76f-43f5-951a-4a38422068cb: start FollowerState
2019-11-04 16:02:32,891 [grpc-default-executor-4] INFO  impl.RoleInfo (RoleInfo.java:updateAndGet(143)) - a9143d84-6d7f-497d-b770-eb75585db3c7: start FollowerState
2019-11-04 16:02:32,898 [e3fb79a3-1f86-42af-a80c-c46d1acdbc29@group-7855C2F36E53-LeaderElection240] INFO  impl.LeaderElection (LeaderElection.java:logAndReturn(56)) - e3fb79a3-1f86-42af-a80c-c46d1acdbc29@group-7855C2F36E53-LeaderElection240: Election REJECTED; received 2 response(s) [e3fb79a3-1f86-42af-a80c-c46d1acdbc29<-81ff859e-e76f-43f5-951a-4a38422068cb#0:FAIL-t261, e3fb79a3-1f86-42af-a80c-c46d1acdbc29<-a9143d84-6d7f-497d-b770-eb75585db3c7#0:FAIL-t261] and 0 exception(s); e3fb79a3-1f86-42af-a80c-c46d1acdbc29@group-7855C2F36E53:t261, leader=null, voted=e3fb79a3-1f86-42af-a80c-c46d1acdbc29, raftlog=e3fb79a3-1f86-42af-a80c-c46d1acdbc29@group-7855C2F36E53-SegmentedRaftLog:OPENED:c-1,f-1,i0, conf=-1: [e3fb79a3-1f86-42af-a80c-c46d1acdbc29:192.168.157.194:44142, 81ff859e-e76f-43f5-951a-4a38422068cb:192.168.157.194:46532, a9143d84-6d7f-497d-b770-eb75585db3c7:192.168.157.194:42126], old=null
2019-11-04 16:02:32,898 [e3fb79a3-1f86-42af-a80c-c46d1acdbc29@group-7855C2F36E53-LeaderElection240] INFO  impl.RaftServerImpl (RaftServerImpl.java:setRole(184)) - e3fb79a3-1f86-42af-a80c-c46d1acdbc29@group-7855C2F36E53: changes role from CANDIDATE to FOLLOWER at term 261 for DISCOVERED_A_NEW_TERM
2019-11-04 16:02:32,898 [e3fb79a3-1f86-42af-a80c-c46d1acdbc29@group-7855C2F36E53-LeaderElection240] INFO  impl.RoleInfo (RoleInfo.java:shutdownLeaderElection(134)) - e3fb79a3-1f86-42af-a80c-c46d1acdbc29: shutdown LeaderElection
2019-11-04 16:02:32,898 [e3fb79a3-1f86-42af-a80c-c46d1acdbc29@group-7855C2F36E53-LeaderElection240] INFO  impl.RoleInfo (RoleInfo.java:updateAndGet(143)) - e3fb79a3-1f86-42af-a80c-c46d1acdbc29: start FollowerState
2019-11-04 16:02:32,974 [Thread-1820] INFO  impl.FollowerState (FollowerState.java:run(108)) - e3fb79a3-1f86-42af-a80c-c46d1acdbc29@group-7855C2F36E53-FollowerState: change to CANDIDATE, lastRpcTime:75ms, electionTimeout:75ms
2019-11-04 16:02:32,974 [Thread-1820] INFO  impl.RoleInfo (RoleInfo.java:shutdownFollowerState(121)) - e3fb79a3-1f86-42af-a80c-c46d1acdbc29: shutdown FollowerState
2019-11-04 16:02:32,974 [Thread-1820] INFO  impl.RaftServerImpl (RaftServerImpl.java:setRole(184)) - e3fb79a3-1f86-42af-a80c-c46d1acdbc29@group-7855C2F36E53: changes role from  FOLLOWER to CANDIDATE at term 261 for changeToCandidate
2019-11-04 16:02:32,974 [Thread-1820] INFO  impl.RoleInfo (RoleInfo.java:updateAndGet(143)) - e3fb79a3-1f86-42af-a80c-c46d1acdbc29: start LeaderElection
2019-11-04 16:02:32,988 [e3fb79a3-1f86-42af-a80c-c46d1acdbc29@group-7855C2F36E53-LeaderElection241] INFO  impl.LeaderElection (LeaderElection.java:askForVotes(178)) - e3fb79a3-1f86-42af-a80c-c46d1acdbc29@group-7855C2F36E53-LeaderElection241: begin an election at term 262 for -1: [e3fb79a3-1f86-42af-a80c-c46d1acdbc29:192.168.157.194:44142, 81ff859e-e76f-43f5-951a-4a38422068cb:192.168.157.194:46532, a9143d84-6d7f-497d-b770-eb75585db3c7:192.168.157.194:42126], old=null
2019-11-04 16:02:32,990 [grpc-default-executor-4] INFO  impl.RaftServerImpl (RaftServerImpl.java:setRole(184)) - 81ff859e-e76f-43f5-951a-4a38422068cb@group-7855C2F36E53: changes role from  FOLLOWER to FOLLOWER at term 262 for recognizeCandidate:e3fb79a3-1f86-42af-a80c-c46d1acdbc29
2019-11-04 16:02:32,991 [grpc-default-executor-4] INFO  impl.RoleInfo (RoleInfo.java:shutdownFollowerState(121)) - 81ff859e-e76f-43f5-951a-4a38422068cb: shutdown FollowerState
2019-11-04 16:02:32,991 [grpc-default-executor-1] INFO  impl.RaftServerImpl (RaftServerImpl.java:setRole(184)) - a9143d84-6d7f-497d-b770-eb75585db3c7@group-7855C2F36E53: changes role from  FOLLOWER to FOLLOWER at term 262 for recognizeCandidate:e3fb79a3-1f86-42af-a80c-c46d1acdbc29
2019-11-04 16:02:32,991 [Thread-1818] INFO  impl.FollowerState (FollowerState.java:run(117)) - 81ff859e-e76f-43f5-951a-4a38422068cb@group-7855C2F36E53-FollowerState was interrupted: java.lang.InterruptedException: sleep interrupted
2019-11-04 16:02:32,991 [grpc-default-executor-4] INFO  impl.RoleInfo (RoleInfo.java:updateAndGet(143)) - 81ff859e-e76f-43f5-951a-4a38422068cb: start FollowerState
2019-11-04 16:02:32,991 [grpc-default-executor-1] INFO  impl.RoleInfo (RoleInfo.java:shutdownFollowerState(121)) - a9143d84-6d7f-497d-b770-eb75585db3c7: shutdown FollowerState
2019-11-04 16:02:32,992 [grpc-default-executor-1] INFO  impl.RoleInfo (RoleInfo.java:updateAndGet(143)) - a9143d84-6d7f-497d-b770-eb75585db3c7: start FollowerState
2019-11-04 16:02:32,992 [Thread-1819] INFO  impl.FollowerState (FollowerState.java:run(117)) - a9143d84-6d7f-497d-b770-eb75585db3c7@group-7855C2F36E53-FollowerState was interrupted: java.lang.InterruptedException: sleep interrupted
2019-11-04 16:02:33,006 [e3fb79a3-1f86-42af-a80c-c46d1acdbc29@group-7855C2F36E53-LeaderElection241] INFO  impl.LeaderElection (LeaderElection.java:logAndReturn(56)) - e3fb79a3-1f86-42af-a80c-c46d1acdbc29@group-7855C2F36E53-LeaderElection241: Election REJECTED; received 2 response(s) [e3fb79a3-1f86-42af-a80c-c46d1acdbc29<-81ff859e-e76f-43f5-951a-4a38422068cb#0:FAIL-t262, e3fb79a3-1f86-42af-a80c-c46d1acdbc29<-a9143d84-6d7f-497d-b770-eb75585db3c7#0:FAIL-t262] and 0 exception(s); e3fb79a3-1f86-42af-a80c-c46d1acdbc29@group-7855C2F36E53:t262, leader=null, voted=e3fb79a3-1f86-42af-a80c-c46d1acdbc29, raftlog=e3fb79a3-1f86-42af-a80c-c46d1acdbc29@group-7855C2F36E53-SegmentedRaftLog:OPENED:c-1,f-1,i0, conf=-1: [e3fb79a3-1f86-42af-a80c-c46d1acdbc29:192.168.157.194:44142, 81ff859e-e76f-43f5-951a-4a38422068cb:192.168.157.194:46532, a9143d84-6d7f-497d-b770-eb75585db3c7:192.168.157.194:42126], old=null
2019-11-04 16:02:33,006 [e3fb79a3-1f86-42af-a80c-c46d1acdbc29@group-7855C2F36E53-LeaderElection241] INFO  impl.RaftServerImpl (RaftServerImpl.java:setRole(184)) - e3fb79a3-1f86-42af-a80c-c46d1acdbc29@group-7855C2F36E53: changes role from CANDIDATE to FOLLOWER at term 262 for DISCOVERED_A_NEW_TERM
2019-11-04 16:02:33,006 [e3fb79a3-1f86-42af-a80c-c46d1acdbc29@group-7855C2F36E53-LeaderElection241] INFO  impl.RoleInfo (RoleInfo.java:shutdownLeaderElection(134)) - e3fb79a3-1f86-42af-a80c-c46d1acdbc29: shutdown LeaderElection
2019-11-04 16:02:33,006 [e3fb79a3-1f86-42af-a80c-c46d1acdbc29@group-7855C2F36E53-LeaderElection241] INFO  impl.RoleInfo (RoleInfo.java:updateAndGet(143)) - e3fb79a3-1f86-42af-a80c-c46d1acdbc29: start FollowerState
2019-11-04 16:02:33,192 [Thread-1826] INFO  impl.FollowerState (FollowerState.java:run(108)) - e3fb79a3-1f86-42af-a80c-c46d1acdbc29@group-7855C2F36E53-FollowerState: change to CANDIDATE, lastRpcTime:185ms, electionTimeout:185ms
2019-11-04 16:02:33,192 [Thread-1826] INFO  impl.RoleInfo (RoleInfo.java:shutdownFollowerState(121)) - e3fb79a3-1f86-42af-a80c-c46d1acdbc29: shutdown FollowerState
2019-11-04 16:02:33,192 [Thread-1826] INFO  impl.RaftServerImpl (RaftServerImpl.java:setRole(184)) - e3fb79a3-1f86-42af-a80c-c46d1acdbc29@group-7855C2F36E53: changes role from  FOLLOWER to CANDIDATE at term 262 for changeToCandidate
2019-11-04 16:02:33,192 [Thread-1826] INFO  impl.RoleInfo (RoleInfo.java:updateAndGet(143)) - e3fb79a3-1f86-42af-a80c-c46d1acdbc29: start LeaderElection
2019-11-04 16:02:33,205 [e3fb79a3-1f86-42af-a80c-c46d1acdbc29@group-7855C2F36E53-LeaderElection242] INFO  impl.LeaderElection (LeaderElection.java:askForVotes(178)) - e3fb79a3-1f86-42af-a80c-c46d1acdbc29@group-7855C2F36E53-LeaderElection242: begin an election at term 263 for -1: [e3fb79a3-1f86-42af-a80c-c46d1acdbc29:192.168.157.194:44142, 81ff859e-e76f-43f5-951a-4a38422068cb:192.168.157.194:46532, a9143d84-6d7f-497d-b770-eb75585db3c7:192.168.157.194:42126], old=null
2019-11-04 16:02:33,207 [grpc-default-executor-4] INFO  impl.RaftServerImpl (RaftServerImpl.java:setRole(184)) - 81ff859e-e76f-43f5-951a-4a38422068cb@group-7855C2F36E53: changes role from  FOLLOWER to FOLLOWER at term 263 for recognizeCandidate:e3fb79a3-1f86-42af-a80c-c46d1acdbc29
2019-11-04 16:02:33,207 [grpc-default-executor-1] INFO  impl.RaftServerImpl (RaftServerImpl.java:setRole(184)) - a9143d84-6d7f-497d-b770-eb75585db3c7@group-7855C2F36E53: changes role from  FOLLOWER to FOLLOWER at term 263 for recognizeCandidate:e3fb79a3-1f86-42af-a80c-c46d1acdbc29
2019-11-04 16:02:33,207 [grpc-default-executor-1] INFO  impl.RoleInfo (RoleInfo.java:shutdownFollowerState(121)) - a9143d84-6d7f-497d-b770-eb75585db3c7: shutdown FollowerState
2019-11-04 16:02:33,207 [grpc-default-executor-4] INFO  impl.RoleInfo (RoleInfo.java:shutdownFollowerState(121)) - 81ff859e-e76f-43f5-951a-4a38422068cb: shutdown FollowerState
2019-11-04 16:02:33,208 [grpc-default-executor-4] INFO  impl.RoleInfo (RoleInfo.java:updateAndGet(143)) - 81ff859e-e76f-43f5-951a-4a38422068cb: start FollowerState
2019-11-04 16:02:33,207 [Thread-1825] INFO  impl.FollowerState (FollowerState.java:run(117)) - a9143d84-6d7f-497d-b770-eb75585db3c7@group-7855C2F36E53-FollowerState was interrupted: java.lang.InterruptedException: sleep interrupted
2019-11-04 16:02:33,207 [grpc-default-executor-1] INFO  impl.RoleInfo (RoleInfo.java:updateAndGet(143)) - a9143d84-6d7f-497d-b770-eb75585db3c7: start FollowerState
2019-11-04 16:02:33,208 [Thread-1824] INFO  impl.FollowerState (FollowerState.java:run(117)) - 81ff859e-e76f-43f5-951a-4a38422068cb@group-7855C2F36E53-FollowerState was interrupted: java.lang.InterruptedException: sleep interrupted
2019-11-04 16:02:33,235 [e3fb79a3-1f86-42af-a80c-c46d1acdbc29@group-7855C2F36E53-LeaderElection242] INFO  impl.LeaderElection (LeaderElection.java:logAndReturn(56)) - e3fb79a3-1f86-42af-a80c-c46d1acdbc29@group-7855C2F36E53-LeaderElection242: Election REJECTED; received 2 response(s) [e3fb79a3-1f86-42af-a80c-c46d1acdbc29<-81ff859e-e76f-43f5-951a-4a38422068cb#0:FAIL-t263, e3fb79a3-1f86-42af-a80c-c46d1acdbc29<-a9143d84-6d7f-497d-b770-eb75585db3c7#0:FAIL-t263] and 0 exception(s); e3fb79a3-1f86-42af-a80c-c46d1acdbc29@group-7855C2F36E53:t263, leader=null, voted=e3fb79a3-1f86-42af-a80c-c46d1acdbc29, raftlog=e3fb79a3-1f86-42af-a80c-c46d1acdbc29@group-7855C2F36E53-SegmentedRaftLog:OPENED:c-1,f-1,i0, conf=-1: [e3fb79a3-1f86-42af-a80c-c46d1acdbc29:192.168.157.194:44142, 81ff859e-e76f-43f5-951a-4a38422068cb:192.168.157.194:46532, a9143d84-6d7f-497d-b770-eb75585db3c7:192.168.157.194:42126], old=null
2019-11-04 16:02:33,235 [e3fb79a3-1f86-42af-a80c-c46d1acdbc29@group-7855C2F36E53-LeaderElection242] INFO  impl.RaftServerImpl (RaftServerImpl.java:setRole(184)) - e3fb79a3-1f86-42af-a80c-c46d1acdbc29@group-7855C2F36E53: changes role from CANDIDATE to FOLLOWER at term 263 for DISCOVERED_A_NEW_TERM
2019-11-04 16:02:33,235 [e3fb79a3-1f86-42af-a80c-c46d1acdbc29@group-7855C2F36E53-LeaderElection242] INFO  impl.RoleInfo (RoleInfo.java:shutdownLeaderElection(134)) - e3fb79a3-1f86-42af-a80c-c46d1acdbc29: shutdown LeaderElection
2019-11-04 16:02:33,235 [e3fb79a3-1f86-42af-a80c-c46d1acdbc29@group-7855C2F36E53-LeaderElection242] INFO  impl.RoleInfo (RoleInfo.java:updateAndGet(143)) - e3fb79a3-1f86-42af-a80c-c46d1acdbc29: start FollowerState
2019-11-04 16:02:33,350 [Thread-1832] INFO  impl.FollowerState (FollowerState.java:run(108)) - e3fb79a3-1f86-42af-a80c-c46d1acdbc29@group-7855C2F36E53-FollowerState: change to CANDIDATE, lastRpcTime:115ms, electionTimeout:115ms
2019-11-04 16:02:33,351 [Thread-1832] INFO  impl.RoleInfo (RoleInfo.java:shutdownFollowerState(121)) - e3fb79a3-1f86-42af-a80c-c46d1acdbc29: shutdown FollowerState
2019-11-04 16:02:33,351 [Thread-1832] INFO  impl.RaftServerImpl (RaftServerImpl.java:setRole(184)) - e3fb79a3-1f86-42af-a80c-c46d1acdbc29@group-7855C2F36E53: changes role from  FOLLOWER to CANDIDATE at term 263 for changeToCandidate
2019-11-04 16:02:33,351 [Thread-1832] INFO  impl.RoleInfo (RoleInfo.java:updateAndGet(143)) - e3fb79a3-1f86-42af-a80c-c46d1acdbc29: start LeaderElection
2019-11-04 16:02:33,377 [e3fb79a3-1f86-42af-a80c-c46d1acdbc29@group-7855C2F36E53-LeaderElection243] INFO  impl.LeaderElection (LeaderElection.java:askForVotes(178)) - e3fb79a3-1f86-42af-a80c-c46d1acdbc29@group-7855C2F36E53-LeaderElection243: begin an election at term 264 for -1: [e3fb79a3-1f86-42af-a80c-c46d1acdbc29:192.168.157.194:44142, 81ff859e-e76f-43f5-951a-4a38422068cb:192.168.157.194:46532, a9143d84-6d7f-497d-b770-eb75585db3c7:192.168.157.194:42126], old=null
2019-11-04 16:02:33,380 [grpc-default-executor-4] INFO  impl.RaftServerImpl (RaftServerImpl.java:setRole(184)) - 81ff859e-e76f-43f5-951a-4a38422068cb@group-7855C2F36E53: changes role from  FOLLOWER to FOLLOWER at term 264 for recognizeCandidate:e3fb79a3-1f86-42af-a80c-c46d1acdbc29
2019-11-04 16:02:33,380 [grpc-default-executor-1] INFO  impl.RaftServerImpl (RaftServerImpl.java:setRole(184)) - a9143d84-6d7f-497d-b770-eb75585db3c7@group-7855C2F36E53: changes role from  FOLLOWER to FOLLOWER at term 264 for recognizeCandidate:e3fb79a3-1f86-42af-a80c-c46d1acdbc29
2019-11-04 16:02:33,380 [grpc-default-executor-4] INFO  impl.RoleInfo (RoleInfo.java:shutdownFollowerState(121)) - 81ff859e-e76f-43f5-951a-4a38422068cb: shutdown FollowerState
2019-11-04 16:02:33,380 [grpc-default-executor-1] INFO  impl.RoleInfo (RoleInfo.java:shutdownFollowerState(121)) - a9143d84-6d7f-497d-b770-eb75585db3c7: shutdown FollowerState
2019-11-04 16:02:33,381 [Thread-1831] INFO  impl.FollowerState (FollowerState.java:run(117)) - 81ff859e-e76f-43f5-951a-4a38422068cb@group-7855C2F36E53-FollowerState was interrupted: java.lang.InterruptedException: sleep interrupted
2019-11-04 16:02:33,380 [grpc-default-executor-4] INFO  impl.RoleInfo (RoleInfo.java:updateAndGet(143)) - 81ff859e-e76f-43f5-951a-4a38422068cb: start FollowerState
2019-11-04 16:02:33,381 [Thread-1830] INFO  impl.FollowerState (FollowerState.java:run(117)) - a9143d84-6d7f-497d-b770-eb75585db3c7@group-7855C2F36E53-FollowerState was interrupted: java.lang.InterruptedException: sleep interrupted
2019-11-04 16:02:33,381 [grpc-default-executor-1] INFO  impl.RoleInfo (RoleInfo.java:updateAndGet(143)) - a9143d84-6d7f-497d-b770-eb75585db3c7: start FollowerState
2019-11-04 16:02:33,407 [e3fb79a3-1f86-42af-a80c-c46d1acdbc29@group-7855C2F36E53-LeaderElection243] INFO  impl.LeaderElection (LeaderElection.java:logAndReturn(56)) - e3fb79a3-1f86-42af-a80c-c46d1acdbc29@group-7855C2F36E53-LeaderElection243: Election REJECTED; received 2 response(s) [e3fb79a3-1f86-42af-a80c-c46d1acdbc29<-81ff859e-e76f-43f5-951a-4a38422068cb#0:FAIL-t264, e3fb79a3-1f86-42af-a80c-c46d1acdbc29<-a9143d84-6d7f-497d-b770-eb75585db3c7#0:FAIL-t264] and 0 exception(s); e3fb79a3-1f86-42af-a80c-c46d1acdbc29@group-7855C2F36E53:t264, leader=null, voted=e3fb79a3-1f86-42af-a80c-c46d1acdbc29, raftlog=e3fb79a3-1f86-42af-a80c-c46d1acdbc29@group-7855C2F36E53-SegmentedRaftLog:OPENED:c-1,f-1,i0, conf=-1: [e3fb79a3-1f86-42af-a80c-c46d1acdbc29:192.168.157.194:44142, 81ff859e-e76f-43f5-951a-4a38422068cb:192.168.157.194:46532, a9143d84-6d7f-497d-b770-eb75585db3c7:192.168.157.194:42126], old=null
2019-11-04 16:02:33,407 [e3fb79a3-1f86-42af-a80c-c46d1acdbc29@group-7855C2F36E53-LeaderElection243] INFO  impl.RaftServerImpl (RaftServerImpl.java:setRole(184)) - e3fb79a3-1f86-42af-a80c-c46d1acdbc29@group-7855C2F36E53: changes role from CANDIDATE to FOLLOWER at term 264 for DISCOVERED_A_NEW_TERM
2019-11-04 16:02:33,407 [e3fb79a3-1f86-42af-a80c-c46d1acdbc29@group-7855C2F36E53-LeaderElection243] INFO  impl.RoleInfo (RoleInfo.java:shutdownLeaderElection(134)) - e3fb79a3-1f86-42af-a80c-c46d1acdbc29: shutdown LeaderElection
2019-11-04 16:02:33,407 [e3fb79a3-1f86-42af-a80c-c46d1acdbc29@group-7855C2F36E53-LeaderElection243] INFO  impl.RoleInfo (RoleInfo.java:updateAndGet(143)) - e3fb79a3-1f86-42af-a80c-c46d1acdbc29: start FollowerState
2019-11-04 16:02:33,585 [Thread-1840] INFO  impl.FollowerState (FollowerState.java:run(108)) - e3fb79a3-1f86-42af-a80c-c46d1acdbc29@group-7855C2F36E53-FollowerState: change to CANDIDATE, lastRpcTime:177ms, electionTimeout:177ms
2019-11-04 16:02:33,585 [Thread-1840] INFO  impl.RoleInfo (RoleInfo.java:shutdownFollowerState(121)) - e3fb79a3-1f86-42af-a80c-c46d1acdbc29: shutdown FollowerState
2019-11-04 16:02:33,585 [Thread-1840] INFO  impl.RaftServerImpl (RaftServerImpl.java:setRole(184)) - e3fb79a3-1f86-42af-a80c-c46d1acdbc29@group-7855C2F36E53: changes role from  FOLLOWER to CANDIDATE at term 264 for changeToCandidate
2019-11-04 16:02:33,585 [Thread-1840] INFO  impl.RoleInfo (RoleInfo.java:updateAndGet(143)) - e3fb79a3-1f86-42af-a80c-c46d1acdbc29: start LeaderElection
2019-11-04 16:02:33,599 [e3fb79a3-1f86-42af-a80c-c46d1acdbc29@group-7855C2F36E53-LeaderElection244] INFO  impl.LeaderElection (LeaderElection.java:askForVotes(178)) - e3fb79a3-1f86-42af-a80c-c46d1acdbc29@group-7855C2F36E53-LeaderElection244: begin an election at term 265 for -1: [e3fb79a3-1f86-42af-a80c-c46d1acdbc29:192.168.157.194:44142, 81ff859e-e76f-43f5-951a-4a38422068cb:192.168.157.194:46532, a9143d84-6d7f-497d-b770-eb75585db3c7:192.168.157.194:42126], old=null
2019-11-04 16:02:33,601 [e3fb79a3-1f86-42af-a80c-c46d1acdbc29@group-7855C2F36E53-LeaderElection244] INFO  impl.LeaderElection (LeaderElection.java:logAndReturn(56)) - e3fb79a3-1f86-42af-a80c-c46d1acdbc29@group-7855C2F36E53-LeaderElection244: Election TIMEOUT; received 0 response(s) [] and 0 exception(s); e3fb79a3-1f86-42af-a80c-c46d1acdbc29@group-7855C2F36E53:t265, leader=null, voted=e3fb79a3-1f86-42af-a80c-c46d1acdbc29, raftlog=e3fb79a3-1f86-42af-a80c-c46d1acdbc29@group-7855C2F36E53-SegmentedRaftLog:OPENED:c-1,f-1,i0, conf=-1: [e3fb79a3-1f86-42af-a80c-c46d1acdbc29:192.168.157.194:44142, 81ff859e-e76f-43f5-951a-4a38422068cb:192.168.157.194:46532, a9143d84-6d7f-497d-b770-eb75585db3c7:192.168.157.194:42126], old=null
2019-11-04 16:02:33,602 [grpc-default-executor-4] INFO  impl.RaftServerImpl (RaftServerImpl.java:setRole(184)) - a9143d84-6d7f-497d-b770-eb75585db3c7@group-7855C2F36E53: changes role from  FOLLOWER to FOLLOWER at term 265 for recognizeCandidate:e3fb79a3-1f86-42af-a80c-c46d1acdbc29
2019-11-04 16:02:33,602 [grpc-default-executor-1] INFO  impl.RaftServerImpl (RaftServerImpl.java:setRole(184)) - 81ff859e-e76f-43f5-951a-4a38422068cb@group-7855C2F36E53: changes role from  FOLLOWER to FOLLOWER at term 265 for recognizeCandidate:e3fb79a3-1f86-42af-a80c-c46d1acdbc29
2019-11-04 16:02:33,602 [grpc-default-executor-1] INFO  impl.RoleInfo (RoleInfo.java:shutdownFollowerState(121)) - 81ff859e-e76f-43f5-951a-4a38422068cb: shutdown FollowerState
2019-11-04 16:02:33,602 [grpc-default-executor-4] INFO  impl.RoleInfo (RoleInfo.java:shutdownFollowerState(121)) - a9143d84-6d7f-497d-b770-eb75585db3c7: shutdown FollowerState
2019-11-04 16:02:33,602 [Thread-1838] INFO  impl.FollowerState (FollowerState.java:run(117)) - 81ff859e-e76f-43f5-951a-4a38422068cb@group-7855C2F36E53-FollowerState was interrupted: java.lang.InterruptedException: sleep interrupted
2019-11-04 16:02:33,602 [grpc-default-executor-1] INFO  impl.RoleInfo (RoleInfo.java:updateAndGet(143)) - 81ff859e-e76f-43f5-951a-4a38422068cb: start FollowerState
2019-11-04 16:02:33,603 [Thread-1839] INFO  impl.FollowerState (FollowerState.java:run(117)) - a9143d84-6d7f-497d-b770-eb75585db3c7@group-7855C2F36E53-FollowerState was interrupted: java.lang.InterruptedException: sleep interrupted
2019-11-04 16:02:33,603 [grpc-default-executor-4] INFO  impl.RoleInfo (RoleInfo.java:updateAndGet(143)) - a9143d84-6d7f-497d-b770-eb75585db3c7: start FollowerState
2019-11-04 16:02:33,615 [e3fb79a3-1f86-42af-a80c-c46d1acdbc29@group-7855C2F36E53-LeaderElection244] INFO  impl.LeaderElection (LeaderElection.java:askForVotes(178)) - e3fb79a3-1f86-42af-a80c-c46d1acdbc29@group-7855C2F36E53-LeaderElection244: begin an election at term 266 for -1: [e3fb79a3-1f86-42af-a80c-c46d1acdbc29:192.168.157.194:44142, 81ff859e-e76f-43f5-951a-4a38422068cb:192.168.157.194:46532, a9143d84-6d7f-497d-b770-eb75585db3c7:192.168.157.194:42126], old=null
2019-11-04 16:02:33,617 [grpc-default-executor-1] INFO  impl.RaftServerImpl (RaftServerImpl.java:setRole(184)) - 81ff859e-e76f-43f5-951a-4a38422068cb@group-7855C2F36E53: changes role from  FOLLOWER to FOLLOWER at term 266 for recognizeCandidate:e3fb79a3-1f86-42af-a80c-c46d1acdbc29
2019-11-04 16:02:33,617 [grpc-default-executor-1] INFO  impl.RoleInfo (RoleInfo.java:shutdownFollowerState(121)) - 81ff859e-e76f-43f5-951a-4a38422068cb: shutdown FollowerState
2019-11-04 16:02:33,617 [grpc-default-executor-1] INFO  impl.RoleInfo (RoleInfo.java:updateAndGet(143)) - 81ff859e-e76f-43f5-951a-4a38422068cb: start FollowerState
2019-11-04 16:02:33,617 [Thread-1844] INFO  impl.FollowerState (FollowerState.java:run(117)) - 81ff859e-e76f-43f5-951a-4a38422068cb@group-7855C2F36E53-FollowerState was interrupted: java.lang.InterruptedException: sleep interrupted
2019-11-04 16:02:33,617 [grpc-default-executor-4] INFO  impl.RaftServerImpl (RaftServerImpl.java:setRole(184)) - a9143d84-6d7f-497d-b770-eb75585db3c7@group-7855C2F36E53: changes role from  FOLLOWER to FOLLOWER at term 266 for recognizeCandidate:e3fb79a3-1f86-42af-a80c-c46d1acdbc29
2019-11-04 16:02:33,617 [grpc-default-executor-4] INFO  impl.RoleInfo (RoleInfo.java:shutdownFollowerState(121)) - a9143d84-6d7f-497d-b770-eb75585db3c7: shutdown FollowerState
2019-11-04 16:02:33,618 [grpc-default-executor-4] INFO  impl.RoleInfo (RoleInfo.java:updateAndGet(143)) - a9143d84-6d7f-497d-b770-eb75585db3c7: start FollowerState
2019-11-04 16:02:33,618 [Thread-1845] INFO  impl.FollowerState (FollowerState.java:run(117)) - a9143d84-6d7f-497d-b770-eb75585db3c7@group-7855C2F36E53-FollowerState was interrupted: java.lang.InterruptedException: sleep interrupted
2019-11-04 16:02:33,643 [e3fb79a3-1f86-42af-a80c-c46d1acdbc29@group-7855C2F36E53-LeaderElection244] INFO  impl.LeaderElection (LeaderElection.java:logAndReturn(56)) - e3fb79a3-1f86-42af-a80c-c46d1acdbc29@group-7855C2F36E53-LeaderElection244: Election REJECTED; received 2 response(s) [e3fb79a3-1f86-42af-a80c-c46d1acdbc29<-81ff859e-e76f-43f5-951a-4a38422068cb#0:FAIL-t266, e3fb79a3-1f86-42af-a80c-c46d1acdbc29<-a9143d84-6d7f-497d-b770-eb75585db3c7#0:FAIL-t266] and 0 exception(s); e3fb79a3-1f86-42af-a80c-c46d1acdbc29@group-7855C2F36E53:t266, leader=null, voted=e3fb79a3-1f86-42af-a80c-c46d1acdbc29, raftlog=e3fb79a3-1f86-42af-a80c-c46d1acdbc29@group-7855C2F36E53-SegmentedRaftLog:OPENED:c-1,f-1,i0, conf=-1: [e3fb79a3-1f86-42af-a80c-c46d1acdbc29:192.168.157.194:44142, 81ff859e-e76f-43f5-951a-4a38422068cb:192.168.157.194:46532, a9143d84-6d7f-497d-b770-eb75585db3c7:192.168.157.194:42126], old=null
2019-11-04 16:02:33,643 [e3fb79a3-1f86-42af-a80c-c46d1acdbc29@group-7855C2F36E53-LeaderElection244] INFO  impl.RaftServerImpl (RaftServerImpl.java:setRole(184)) - e3fb79a3-1f86-42af-a80c-c46d1acdbc29@group-7855C2F36E53: changes role from CANDIDATE to FOLLOWER at term 266 for DISCOVERED_A_NEW_TERM
2019-11-04 16:02:33,644 [e3fb79a3-1f86-42af-a80c-c46d1acdbc29@group-7855C2F36E53-LeaderElection244] INFO  impl.RoleInfo (RoleInfo.java:shutdownLeaderElection(134)) - e3fb79a3-1f86-42af-a80c-c46d1acdbc29: shutdown LeaderElection
2019-11-04 16:02:33,644 [e3fb79a3-1f86-42af-a80c-c46d1acdbc29@group-7855C2F36E53-LeaderElection244] INFO  impl.RoleInfo (RoleInfo.java:updateAndGet(143)) - e3fb79a3-1f86-42af-a80c-c46d1acdbc29: start FollowerState
2019-11-04 16:02:33,736 [Thread-1850] INFO  impl.FollowerState (FollowerState.java:run(108)) - e3fb79a3-1f86-42af-a80c-c46d1acdbc29@group-7855C2F36E53-FollowerState: change to CANDIDATE, lastRpcTime:92ms, electionTimeout:92ms
2019-11-04 16:02:33,736 [Thread-1850] INFO  impl.RoleInfo (RoleInfo.java:shutdownFollowerState(121)) - e3fb79a3-1f86-42af-a80c-c46d1acdbc29: shutdown FollowerState
2019-11-04 16:02:33,737 [Thread-1850] INFO  impl.RaftServerImpl (RaftServerImpl.java:setRole(184)) - e3fb79a3-1f86-42af-a80c-c46d1acdbc29@group-7855C2F36E53: changes role from  FOLLOWER to CANDIDATE at term 266 for changeToCandidate
2019-11-04 16:02:33,737 [Thread-1850] INFO  impl.RoleInfo (RoleInfo.java:updateAndGet(143)) - e3fb79a3-1f86-42af-a80c-c46d1acdbc29: start LeaderElection
2019-11-04 16:02:33,752 [e3fb79a3-1f86-42af-a80c-c46d1acdbc29@group-7855C2F36E53-LeaderElection245] INFO  impl.LeaderElection (LeaderElection.java:askForVotes(178)) - e3fb79a3-1f86-42af-a80c-c46d1acdbc29@group-7855C2F36E53-LeaderElection245: begin an election at term 267 for -1: [e3fb79a3-1f86-42af-a80c-c46d1acdbc29:192.168.157.194:44142, 81ff859e-e76f-43f5-951a-4a38422068cb:192.168.157.194:46532, a9143d84-6d7f-497d-b770-eb75585db3c7:192.168.157.194:42126], old=null
2019-11-04 16:02:33,754 [grpc-default-executor-1] INFO  impl.RaftServerImpl (RaftServerImpl.java:setRole(184)) - 81ff859e-e76f-43f5-951a-4a38422068cb@group-7855C2F36E53: changes role from  FOLLOWER to FOLLOWER at term 267 for recognizeCandidate:e3fb79a3-1f86-42af-a80c-c46d1acdbc29
2019-11-04 16:02:33,754 [grpc-default-executor-4] INFO  impl.RaftServerImpl (RaftServerImpl.java:setRole(184)) - a9143d84-6d7f-497d-b770-eb75585db3c7@group-7855C2F36E53: changes role from  FOLLOWER to FOLLOWER at term 267 for recognizeCandidate:e3fb79a3-1f86-42af-a80c-c46d1acdbc29
2019-11-04 16:02:33,754 [grpc-default-executor-1] INFO  impl.RoleInfo (RoleInfo.java:shutdownFollowerState(121)) - 81ff859e-e76f-43f5-951a-4a38422068cb: shutdown FollowerState
2019-11-04 16:02:33,754 [grpc-default-executor-4] INFO  impl.RoleInfo (RoleInfo.java:shutdownFollowerState(121)) - a9143d84-6d7f-497d-b770-eb75585db3c7: shutdown FollowerState
2019-11-04 16:02:33,754 [Thread-1848] INFO  impl.FollowerState (FollowerState.java:run(117)) - 81ff859e-e76f-43f5-951a-4a38422068cb@group-7855C2F36E53-FollowerState was interrupted: java.lang.InterruptedException: sleep interrupted
2019-11-04 16:02:33,754 [grpc-default-executor-1] INFO  impl.RoleInfo (RoleInfo.java:updateAndGet(143)) - 81ff859e-e76f-43f5-951a-4a38422068cb: start FollowerState
2019-11-04 16:02:33,754 [Thread-1849] INFO  impl.FollowerState (FollowerState.java:run(117)) - a9143d84-6d7f-497d-b770-eb75585db3c7@group-7855C2F36E53-FollowerState was interrupted: java.lang.InterruptedException: sleep interrupted
2019-11-04 16:02:33,754 [grpc-default-executor-4] INFO  impl.RoleInfo (RoleInfo.java:updateAndGet(143)) - a9143d84-6d7f-497d-b770-eb75585db3c7: start FollowerState
2019-11-04 16:02:33,781 [e3fb79a3-1f86-42af-a80c-c46d1acdbc29@group-7855C2F36E53-LeaderElection245] INFO  impl.LeaderElection (LeaderElection.java:logAndReturn(56)) - e3fb79a3-1f86-42af-a80c-c46d1acdbc29@group-7855C2F36E53-LeaderElection245: Election REJECTED; received 2 response(s) [e3fb79a3-1f86-42af-a80c-c46d1acdbc29<-81ff859e-e76f-43f5-951a-4a38422068cb#0:FAIL-t267, e3fb79a3-1f86-42af-a80c-c46d1acdbc29<-a9143d84-6d7f-497d-b770-eb75585db3c7#0:FAIL-t267] and 0 exception(s); e3fb79a3-1f86-42af-a80c-c46d1acdbc29@group-7855C2F36E53:t267, leader=null, voted=e3fb79a3-1f86-42af-a80c-c46d1acdbc29, raftlog=e3fb79a3-1f86-42af-a80c-c46d1acdbc29@group-7855C2F36E53-SegmentedRaftLog:OPENED:c-1,f-1,i0, conf=-1: [e3fb79a3-1f86-42af-a80c-c46d1acdbc29:192.168.157.194:44142, 81ff859e-e76f-43f5-951a-4a38422068cb:192.168.157.194:46532, a9143d84-6d7f-497d-b770-eb75585db3c7:192.168.157.194:42126], old=null
2019-11-04 16:02:33,781 [e3fb79a3-1f86-42af-a80c-c46d1acdbc29@group-7855C2F36E53-LeaderElection245] INFO  impl.RaftServerImpl (RaftServerImpl.java:setRole(184)) - e3fb79a3-1f86-42af-a80c-c46d1acdbc29@group-7855C2F36E53: changes role from CANDIDATE to FOLLOWER at term 267 for DISCOVERED_A_NEW_TERM
2019-11-04 16:02:33,781 [e3fb79a3-1f86-42af-a80c-c46d1acdbc29@group-7855C2F36E53-LeaderElection245] INFO  impl.RoleInfo (RoleInfo.java:shutdownLeaderElection(134)) - e3fb79a3-1f86-42af-a80c-c46d1acdbc29: shutdown LeaderElection
2019-11-04 16:02:33,781 [e3fb79a3-1f86-42af-a80c-c46d1acdbc29@group-7855C2F36E53-LeaderElection245] INFO  impl.RoleInfo (RoleInfo.java:updateAndGet(143)) - e3fb79a3-1f86-42af-a80c-c46d1acdbc29: start FollowerState
2019-11-04 16:02:33,940 [Thread-1856] INFO  impl.FollowerState (FollowerState.java:run(108)) - e3fb79a3-1f86-42af-a80c-c46d1acdbc29@group-7855C2F36E53-FollowerState: change to CANDIDATE, lastRpcTime:158ms, electionTimeout:158ms
2019-11-04 16:02:33,940 [Thread-1856] INFO  impl.RoleInfo (RoleInfo.java:shutdownFollowerState(121)) - e3fb79a3-1f86-42af-a80c-c46d1acdbc29: shutdown FollowerState
2019-11-04 16:02:33,940 [Thread-1856] INFO  impl.RaftServerImpl (RaftServerImpl.java:setRole(184)) - e3fb79a3-1f86-42af-a80c-c46d1acdbc29@group-7855C2F36E53: changes role from  FOLLOWER to CANDIDATE at term 267 for changeToCandidate
2019-11-04 16:02:33,940 [Thread-1856] INFO  impl.RoleInfo (RoleInfo.java:updateAndGet(143)) - e3fb79a3-1f86-42af-a80c-c46d1acdbc29: start LeaderElection
2019-11-04 16:02:33,962 [e3fb79a3-1f86-42af-a80c-c46d1acdbc29@group-7855C2F36E53-LeaderElection246] INFO  impl.LeaderElection (LeaderElection.java:askForVotes(178)) - e3fb79a3-1f86-42af-a80c-c46d1acdbc29@group-7855C2F36E53-LeaderElection246: begin an election at term 268 for -1: [e3fb79a3-1f86-42af-a80c-c46d1acdbc29:192.168.157.194:44142, 81ff859e-e76f-43f5-951a-4a38422068cb:192.168.157.194:46532, a9143d84-6d7f-497d-b770-eb75585db3c7:192.168.157.194:42126], old=null
2019-11-04 16:02:33,964 [grpc-default-executor-4] INFO  impl.RaftServerImpl (RaftServerImpl.java:setRole(184)) - a9143d84-6d7f-497d-b770-eb75585db3c7@group-7855C2F36E53: changes role from  FOLLOWER to FOLLOWER at term 268 for recognizeCandidate:e3fb79a3-1f86-42af-a80c-c46d1acdbc29
2019-11-04 16:02:33,964 [grpc-default-executor-1] INFO  impl.RaftServerImpl (RaftServerImpl.java:setRole(184)) - 81ff859e-e76f-43f5-951a-4a38422068cb@group-7855C2F36E53: changes role from  FOLLOWER to FOLLOWER at term 268 for recognizeCandidate:e3fb79a3-1f86-42af-a80c-c46d1acdbc29
2019-11-04 16:02:33,964 [grpc-default-executor-4] INFO  impl.RoleInfo (RoleInfo.java:shutdownFollowerState(121)) - a9143d84-6d7f-497d-b770-eb75585db3c7: shutdown FollowerState
2019-11-04 16:02:33,964 [grpc-default-executor-1] INFO  impl.RoleInfo (RoleInfo.java:shutdownFollowerState(121)) - 81ff859e-e76f-43f5-951a-4a38422068cb: shutdown FollowerState
2019-11-04 16:02:33,965 [Thread-1855] INFO  impl.FollowerState (FollowerState.java:run(117)) - a9143d84-6d7f-497d-b770-eb75585db3c7@group-7855C2F36E53-FollowerState was interrupted: java.lang.InterruptedException: sleep interrupted
2019-11-04 16:02:33,965 [grpc-default-executor-4] INFO  impl.RoleInfo (RoleInfo.java:updateAndGet(143)) - a9143d84-6d7f-497d-b770-eb75585db3c7: start FollowerState
2019-11-04 16:02:33,965 [Thread-1854] INFO  impl.FollowerState (FollowerState.java:run(117)) - 81ff859e-e76f-43f5-951a-4a38422068cb@group-7855C2F36E53-FollowerState was interrupted: java.lang.InterruptedException: sleep interrupted
2019-11-04 16:02:33,965 [grpc-default-executor-1] INFO  impl.RoleInfo (RoleInfo.java:updateAndGet(143)) - 81ff859e-e76f-43f5-951a-4a38422068cb: start FollowerState
2019-11-04 16:02:33,981 [e3fb79a3-1f86-42af-a80c-c46d1acdbc29@group-7855C2F36E53-LeaderElection246] INFO  impl.LeaderElection (LeaderElection.java:logAndReturn(56)) - e3fb79a3-1f86-42af-a80c-c46d1acdbc29@group-7855C2F36E53-LeaderElection246: Election REJECTED; received 2 response(s) [e3fb79a3-1f86-42af-a80c-c46d1acdbc29<-81ff859e-e76f-43f5-951a-4a38422068cb#0:FAIL-t268, e3fb79a3-1f86-42af-a80c-c46d1acdbc29<-a9143d84-6d7f-497d-b770-eb75585db3c7#0:FAIL-t268] and 0 exception(s); e3fb79a3-1f86-42af-a80c-c46d1acdbc29@group-7855C2F36E53:t268, leader=null, voted=e3fb79a3-1f86-42af-a80c-c46d1acdbc29, raftlog=e3fb79a3-1f86-42af-a80c-c46d1acdbc29@group-7855C2F36E53-SegmentedRaftLog:OPENED:c-1,f-1,i0, conf=-1: [e3fb79a3-1f86-42af-a80c-c46d1acdbc29:192.168.157.194:44142, 81ff859e-e76f-43f5-951a-4a38422068cb:192.168.157.194:46532, a9143d84-6d7f-497d-b770-eb75585db3c7:192.168.157.194:42126], old=null
2019-11-04 16:02:33,981 [e3fb79a3-1f86-42af-a80c-c46d1acdbc29@group-7855C2F36E53-LeaderElection246] INFO  impl.RaftServerImpl (RaftServerImpl.java:setRole(184)) - e3fb79a3-1f86-42af-a80c-c46d1acdbc29@group-7855C2F36E53: changes role from CANDIDATE to FOLLOWER at term 268 for DISCOVERED_A_NEW_TERM
2019-11-04 16:02:33,981 [e3fb79a3-1f86-42af-a80c-c46d1acdbc29@group-7855C2F36E53-LeaderElection246] INFO  impl.RoleInfo (RoleInfo.java:shutdownLeaderElection(134)) - e3fb79a3-1f86-42af-a80c-c46d1acdbc29: shutdown LeaderElection
2019-11-04 16:02:33,981 [e3fb79a3-1f86-42af-a80c-c46d1acdbc29@group-7855C2F36E53-LeaderElection246] INFO  impl.RoleInfo (RoleInfo.java:updateAndGet(143)) - e3fb79a3-1f86-42af-a80c-c46d1acdbc29: start FollowerState
2019-11-04 16:02:34,041 [Thread-1862] INFO  impl.FollowerState (FollowerState.java:run(108)) - e3fb79a3-1f86-42af-a80c-c46d1acdbc29@group-7855C2F36E53-FollowerState: change to CANDIDATE, lastRpcTime:59ms, electionTimeout:59ms
2019-11-04 16:02:34,041 [Thread-1862] INFO  impl.RoleInfo (RoleInfo.java:shutdownFollowerState(121)) - e3fb79a3-1f86-42af-a80c-c46d1acdbc29: shutdown FollowerState
2019-11-04 16:02:34,041 [Thread-1862] INFO  impl.RaftServerImpl (RaftServerImpl.java:setRole(184)) - e3fb79a3-1f86-42af-a80c-c46d1acdbc29@group-7855C2F36E53: changes role from  FOLLOWER to CANDIDATE at term 268 for changeToCandidate
2019-11-04 16:02:34,041 [Thread-1862] INFO  impl.RoleInfo (RoleInfo.java:updateAndGet(143)) - e3fb79a3-1f86-42af-a80c-c46d1acdbc29: start LeaderElection
2019-11-04 16:02:34,057 [e3fb79a3-1f86-42af-a80c-c46d1acdbc29@group-7855C2F36E53-LeaderElection247] INFO  impl.LeaderElection (LeaderElection.java:askForVotes(178)) - e3fb79a3-1f86-42af-a80c-c46d1acdbc29@group-7855C2F36E53-LeaderElection247: begin an election at term 269 for -1: [e3fb79a3-1f86-42af-a80c-c46d1acdbc29:192.168.157.194:44142, 81ff859e-e76f-43f5-951a-4a38422068cb:192.168.157.194:46532, a9143d84-6d7f-497d-b770-eb75585db3c7:192.168.157.194:42126], old=null
2019-11-04 16:02:34,059 [grpc-default-executor-1] INFO  impl.RaftServerImpl (RaftServerImpl.java:setRole(184)) - a9143d84-6d7f-497d-b770-eb75585db3c7@group-7855C2F36E53: changes role from  FOLLOWER to FOLLOWER at term 269 for recognizeCandidate:e3fb79a3-1f86-42af-a80c-c46d1acdbc29
2019-11-04 16:02:34,059 [grpc-default-executor-1] INFO  impl.RoleInfo (RoleInfo.java:shutdownFollowerState(121)) - a9143d84-6d7f-497d-b770-eb75585db3c7: shutdown FollowerState
2019-11-04 16:02:34,059 [grpc-default-executor-4] INFO  impl.RaftServerImpl (RaftServerImpl.java:setRole(184)) - 81ff859e-e76f-43f5-951a-4a38422068cb@group-7855C2F36E53: changes role from  FOLLOWER to FOLLOWER at term 269 for recognizeCandidate:e3fb79a3-1f86-42af-a80c-c46d1acdbc29
2019-11-04 16:02:34,059 [grpc-default-executor-4] INFO  impl.RoleInfo (RoleInfo.java:shutdownFollowerState(121)) - 81ff859e-e76f-43f5-951a-4a38422068cb: shutdown FollowerState
2019-11-04 16:02:34,059 [Thread-1860] INFO  impl.FollowerState (FollowerState.java:run(117)) - a9143d84-6d7f-497d-b770-eb75585db3c7@group-7855C2F36E53-FollowerState was interrupted: java.lang.InterruptedException: sleep interrupted
2019-11-04 16:02:34,059 [grpc-default-executor-1] INFO  impl.RoleInfo (RoleInfo.java:updateAndGet(143)) - a9143d84-6d7f-497d-b770-eb75585db3c7: start FollowerState
2019-11-04 16:02:34,059 [Thread-1861] INFO  impl.FollowerState (FollowerState.java:run(117)) - 81ff859e-e76f-43f5-951a-4a38422068cb@group-7855C2F36E53-FollowerState was interrupted: java.lang.InterruptedException: sleep interrupted
2019-11-04 16:02:34,059 [grpc-default-executor-4] INFO  impl.RoleInfo (RoleInfo.java:updateAndGet(143)) - 81ff859e-e76f-43f5-951a-4a38422068cb: start FollowerState
2019-11-04 16:02:34,085 [e3fb79a3-1f86-42af-a80c-c46d1acdbc29@group-7855C2F36E53-LeaderElection247] INFO  impl.LeaderElection (LeaderElection.java:logAndReturn(56)) - e3fb79a3-1f86-42af-a80c-c46d1acdbc29@group-7855C2F36E53-LeaderElection247: Election REJECTED; received 2 response(s) [e3fb79a3-1f86-42af-a80c-c46d1acdbc29<-81ff859e-e76f-43f5-951a-4a38422068cb#0:FAIL-t269, e3fb79a3-1f86-42af-a80c-c46d1acdbc29<-a9143d84-6d7f-497d-b770-eb75585db3c7#0:FAIL-t269] and 0 exception(s); e3fb79a3-1f86-42af-a80c-c46d1acdbc29@group-7855C2F36E53:t269, leader=null, voted=e3fb79a3-1f86-42af-a80c-c46d1acdbc29, raftlog=e3fb79a3-1f86-42af-a80c-c46d1acdbc29@group-7855C2F36E53-SegmentedRaftLog:OPENED:c-1,f-1,i0, conf=-1: [e3fb79a3-1f86-42af-a80c-c46d1acdbc29:192.168.157.194:44142, 81ff859e-e76f-43f5-951a-4a38422068cb:192.168.157.194:46532, a9143d84-6d7f-497d-b770-eb75585db3c7:192.168.157.194:42126], old=null
2019-11-04 16:02:34,086 [e3fb79a3-1f86-42af-a80c-c46d1acdbc29@group-7855C2F36E53-LeaderElection247] INFO  impl.RaftServerImpl (RaftServerImpl.java:setRole(184)) - e3fb79a3-1f86-42af-a80c-c46d1acdbc29@group-7855C2F36E53: changes role from CANDIDATE to FOLLOWER at term 269 for DISCOVERED_A_NEW_TERM
2019-11-04 16:02:34,086 [e3fb79a3-1f86-42af-a80c-c46d1acdbc29@group-7855C2F36E53-LeaderElection247] INFO  impl.RoleInfo (RoleInfo.java:shutdownLeaderElection(134)) - e3fb79a3-1f86-42af-a80c-c46d1acdbc29: shutdown LeaderElection
2019-11-04 16:02:34,086 [e3fb79a3-1f86-42af-a80c-c46d1acdbc29@group-7855C2F36E53-LeaderElection247] INFO  impl.RoleInfo (RoleInfo.java:updateAndGet(143)) - e3fb79a3-1f86-42af-a80c-c46d1acdbc29: start FollowerState
2019-11-04 16:02:34,120 [Thread-1868] INFO  impl.FollowerState (FollowerState.java:run(108)) - e3fb79a3-1f86-42af-a80c-c46d1acdbc29@group-7855C2F36E53-FollowerState: change to CANDIDATE, lastRpcTime:34ms, electionTimeout:34ms
2019-11-04 16:02:34,121 [Thread-1868] INFO  impl.RoleInfo (RoleInfo.java:shutdownFollowerState(121)) - e3fb79a3-1f86-42af-a80c-c46d1acdbc29: shutdown FollowerState
2019-11-04 16:02:34,121 [Thread-1868] INFO  impl.RaftServerImpl (RaftServerImpl.java:setRole(184)) - e3fb79a3-1f86-42af-a80c-c46d1acdbc29@group-7855C2F36E53: changes role from  FOLLOWER to CANDIDATE at term 269 for changeToCandidate
2019-11-04 16:02:34,121 [Thread-1868] INFO  impl.RoleInfo (RoleInfo.java:updateAndGet(143)) - e3fb79a3-1f86-42af-a80c-c46d1acdbc29: start LeaderElection
2019-11-04 16:02:34,134 [e3fb79a3-1f86-42af-a80c-c46d1acdbc29@group-7855C2F36E53-LeaderElection248] INFO  impl.LeaderElection (LeaderElection.java:askForVotes(178)) - e3fb79a3-1f86-42af-a80c-c46d1acdbc29@group-7855C2F36E53-LeaderElection248: begin an election at term 270 for -1: [e3fb79a3-1f86-42af-a80c-c46d1acdbc29:192.168.157.194:44142, 81ff859e-e76f-43f5-951a-4a38422068cb:192.168.157.194:46532, a9143d84-6d7f-497d-b770-eb75585db3c7:192.168.157.194:42126], old=null
2019-11-04 16:02:34,136 [grpc-default-executor-4] INFO  impl.RaftServerImpl (RaftServerImpl.java:setRole(184)) - 81ff859e-e76f-43f5-951a-4a38422068cb@group-7855C2F36E53: changes role from  FOLLOWER to FOLLOWER at term 270 for recognizeCandidate:e3fb79a3-1f86-42af-a80c-c46d1acdbc29
2019-11-04 16:02:34,137 [grpc-default-executor-4] INFO  impl.RoleInfo (RoleInfo.java:shutdownFollowerState(121)) - 81ff859e-e76f-43f5-951a-4a38422068cb: shutdown FollowerState
2019-11-04 16:02:34,137 [grpc-default-executor-4] INFO  impl.RoleInfo (RoleInfo.java:updateAndGet(143)) - 81ff859e-e76f-43f5-951a-4a38422068cb: start FollowerState
2019-11-04 16:02:34,137 [grpc-default-executor-1] INFO  impl.RaftServerImpl (RaftServerImpl.java:setRole(184)) - a9143d84-6d7f-497d-b770-eb75585db3c7@group-7855C2F36E53: changes role from  FOLLOWER to FOLLOWER at term 270 for recognizeCandidate:e3fb79a3-1f86-42af-a80c-c46d1acdbc29
2019-11-04 16:02:34,137 [Thread-1867] INFO  impl.FollowerState (FollowerState.java:run(117)) - 81ff859e-e76f-43f5-951a-4a38422068cb@group-7855C2F36E53-FollowerState was interrupted: java.lang.InterruptedException: sleep interrupted
2019-11-04 16:02:34,137 [grpc-default-executor-1] INFO  impl.RoleInfo (RoleInfo.java:shutdownFollowerState(121)) - a9143d84-6d7f-497d-b770-eb75585db3c7: shutdown FollowerState
2019-11-04 16:02:34,137 [Thread-1866] INFO  impl.FollowerState (FollowerState.java:run(117)) - a9143d84-6d7f-497d-b770-eb75585db3c7@group-7855C2F36E53-FollowerState was interrupted: java.lang.InterruptedException: sleep interrupted
2019-11-04 16:02:34,137 [grpc-default-executor-1] INFO  impl.RoleInfo (RoleInfo.java:updateAndGet(143)) - a9143d84-6d7f-497d-b770-eb75585db3c7: start FollowerState
2019-11-04 16:02:34,150 [e3fb79a3-1f86-42af-a80c-c46d1acdbc29@group-7855C2F36E53-LeaderElection248] INFO  impl.LeaderElection (LeaderElection.java:logAndReturn(56)) - e3fb79a3-1f86-42af-a80c-c46d1acdbc29@group-7855C2F36E53-LeaderElection248: Election REJECTED; received 2 response(s) [e3fb79a3-1f86-42af-a80c-c46d1acdbc29<-81ff859e-e76f-43f5-951a-4a38422068cb#0:FAIL-t270, e3fb79a3-1f86-42af-a80c-c46d1acdbc29<-a9143d84-6d7f-497d-b770-eb75585db3c7#0:FAIL-t270] and 0 exception(s); e3fb79a3-1f86-42af-a80c-c46d1acdbc29@group-7855C2F36E53:t270, leader=null, voted=e3fb79a3-1f86-42af-a80c-c46d1acdbc29, raftlog=e3fb79a3-1f86-42af-a80c-c46d1acdbc29@group-7855C2F36E53-SegmentedRaftLog:OPENED:c-1,f-1,i0, conf=-1: [e3fb79a3-1f86-42af-a80c-c46d1acdbc29:192.168.157.194:44142, 81ff859e-e76f-43f5-951a-4a38422068cb:192.168.157.194:46532, a9143d84-6d7f-497d-b770-eb75585db3c7:192.168.157.194:42126], old=null
2019-11-04 16:02:34,150 [e3fb79a3-1f86-42af-a80c-c46d1acdbc29@group-7855C2F36E53-LeaderElection248] INFO  impl.RaftServerImpl (RaftServerImpl.java:setRole(184)) - e3fb79a3-1f86-42af-a80c-c46d1acdbc29@group-7855C2F36E53: changes role from CANDIDATE to FOLLOWER at term 270 for DISCOVERED_A_NEW_TERM
2019-11-04 16:02:34,150 [e3fb79a3-1f86-42af-a80c-c46d1acdbc29@group-7855C2F36E53-LeaderElection248] INFO  impl.RoleInfo (RoleInfo.java:shutdownLeaderElection(134)) - e3fb79a3-1f86-42af-a80c-c46d1acdbc29: shutdown LeaderElection
2019-11-04 16:02:34,151 [e3fb79a3-1f86-42af-a80c-c46d1acdbc29@group-7855C2F36E53-LeaderElection248] INFO  impl.RoleInfo (RoleInfo.java:updateAndGet(143)) - e3fb79a3-1f86-42af-a80c-c46d1acdbc29: start FollowerState
2019-11-04 16:02:34,203 [Thread-1874] INFO  impl.FollowerState (FollowerState.java:run(108)) - e3fb79a3-1f86-42af-a80c-c46d1acdbc29@group-7855C2F36E53-FollowerState: change to CANDIDATE, lastRpcTime:52ms, electionTimeout:52ms
2019-11-04 16:02:34,203 [Thread-1874] INFO  impl.RoleInfo (RoleInfo.java:shutdownFollowerState(121)) - e3fb79a3-1f86-42af-a80c-c46d1acdbc29: shutdown FollowerState
2019-11-04 16:02:34,203 [Thread-1874] INFO  impl.RaftServerImpl (RaftServerImpl.java:setRole(184)) - e3fb79a3-1f86-42af-a80c-c46d1acdbc29@group-7855C2F36E53: changes role from  FOLLOWER to CANDIDATE at term 270 for changeToCandidate
2019-11-04 16:02:34,203 [Thread-1874] INFO  impl.RoleInfo (RoleInfo.java:updateAndGet(143)) - e3fb79a3-1f86-42af-a80c-c46d1acdbc29: start LeaderElection
2019-11-04 16:02:34,229 [e3fb79a3-1f86-42af-a80c-c46d1acdbc29@group-7855C2F36E53-LeaderElection249] INFO  impl.LeaderElection (LeaderElection.java:askForVotes(178)) - e3fb79a3-1f86-42af-a80c-c46d1acdbc29@group-7855C2F36E53-LeaderElection249: begin an election at term 271 for -1: [e3fb79a3-1f86-42af-a80c-c46d1acdbc29:192.168.157.194:44142, 81ff859e-e76f-43f5-951a-4a38422068cb:192.168.157.194:46532, a9143d84-6d7f-497d-b770-eb75585db3c7:192.168.157.194:42126], old=null
2019-11-04 16:02:34,233 [grpc-default-executor-4] INFO  impl.RaftServerImpl (RaftServerImpl.java:setRole(184)) - 81ff859e-e76f-43f5-951a-4a38422068cb@group-7855C2F36E53: changes role from  FOLLOWER to FOLLOWER at term 271 for recognizeCandidate:e3fb79a3-1f86-42af-a80c-c46d1acdbc29
2019-11-04 16:02:34,233 [grpc-default-executor-1] INFO  impl.RaftServerImpl (RaftServerImpl.java:setRole(184)) - a9143d84-6d7f-497d-b770-eb75585db3c7@group-7855C2F36E53: changes role from  FOLLOWER to FOLLOWER at term 271 for recognizeCandidate:e3fb79a3-1f86-42af-a80c-c46d1acdbc29
2019-11-04 16:02:34,233 [grpc-default-executor-4] INFO  impl.RoleInfo (RoleInfo.java:shutdownFollowerState(121)) - 81ff859e-e76f-43f5-951a-4a38422068cb: shutdown FollowerState
2019-11-04 16:02:34,234 [grpc-default-executor-1] INFO  impl.RoleInfo (RoleInfo.java:shutdownFollowerState(121)) - a9143d84-6d7f-497d-b770-eb75585db3c7: shutdown FollowerState
2019-11-04 16:02:34,234 [grpc-default-executor-4] INFO  impl.RoleInfo (RoleInfo.java:updateAndGet(143)) - 81ff859e-e76f-43f5-951a-4a38422068cb: start FollowerState
2019-11-04 16:02:34,234 [Thread-1873] INFO  impl.FollowerState (FollowerState.java:run(117)) - a9143d84-6d7f-497d-b770-eb75585db3c7@group-7855C2F36E53-FollowerState was interrupted: java.lang.InterruptedException: sleep interrupted
2019-11-04 16:02:34,234 [grpc-default-executor-1] INFO  impl.RoleInfo (RoleInfo.java:updateAndGet(143)) - a9143d84-6d7f-497d-b770-eb75585db3c7: start FollowerState
2019-11-04 16:02:34,234 [Thread-1872] INFO  impl.FollowerState (FollowerState.java:run(117)) - 81ff859e-e76f-43f5-951a-4a38422068cb@group-7855C2F36E53-FollowerState was interrupted: java.lang.InterruptedException: sleep interrupted
2019-11-04 16:02:34,248 [e3fb79a3-1f86-42af-a80c-c46d1acdbc29@group-7855C2F36E53-LeaderElection249] INFO  impl.LeaderElection (LeaderElection.java:logAndReturn(56)) - e3fb79a3-1f86-42af-a80c-c46d1acdbc29@group-7855C2F36E53-LeaderElection249: Election REJECTED; received 2 response(s) [e3fb79a3-1f86-42af-a80c-c46d1acdbc29<-81ff859e-e76f-43f5-951a-4a38422068cb#0:FAIL-t271, e3fb79a3-1f86-42af-a80c-c46d1acdbc29<-a9143d84-6d7f-497d-b770-eb75585db3c7#0:FAIL-t271] and 0 exception(s); e3fb79a3-1f86-42af-a80c-c46d1acdbc29@group-7855C2F36E53:t271, leader=null, voted=e3fb79a3-1f86-42af-a80c-c46d1acdbc29, raftlog=e3fb79a3-1f86-42af-a80c-c46d1acdbc29@group-7855C2F36E53-SegmentedRaftLog:OPENED:c-1,f-1,i0, conf=-1: [e3fb79a3-1f86-42af-a80c-c46d1acdbc29:192.168.157.194:44142, 81ff859e-e76f-43f5-951a-4a38422068cb:192.168.157.194:46532, a9143d84-6d7f-497d-b770-eb75585db3c7:192.168.157.194:42126], old=null
2019-11-04 16:02:34,248 [e3fb79a3-1f86-42af-a80c-c46d1acdbc29@group-7855C2F36E53-LeaderElection249] INFO  impl.RaftServerImpl (RaftServerImpl.java:setRole(184)) - e3fb79a3-1f86-42af-a80c-c46d1acdbc29@group-7855C2F36E53: changes role from CANDIDATE to FOLLOWER at term 271 for DISCOVERED_A_NEW_TERM
2019-11-04 16:02:34,249 [e3fb79a3-1f86-42af-a80c-c46d1acdbc29@group-7855C2F36E53-LeaderElection249] INFO  impl.RoleInfo (RoleInfo.java:shutdownLeaderElection(134)) - e3fb79a3-1f86-42af-a80c-c46d1acdbc29: shutdown LeaderElection
2019-11-04 16:02:34,249 [e3fb79a3-1f86-42af-a80c-c46d1acdbc29@group-7855C2F36E53-LeaderElection249] INFO  impl.RoleInfo (RoleInfo.java:updateAndGet(143)) - e3fb79a3-1f86-42af-a80c-c46d1acdbc29: start FollowerState
2019-11-04 16:02:34,449 [Thread-1880] INFO  impl.FollowerState (FollowerState.java:run(108)) - e3fb79a3-1f86-42af-a80c-c46d1acdbc29@group-7855C2F36E53-FollowerState: change to CANDIDATE, lastRpcTime:200ms, electionTimeout:200ms
2019-11-04 16:02:34,449 [Thread-1880] INFO  impl.RoleInfo (RoleInfo.java:shutdownFollowerState(121)) - e3fb79a3-1f86-42af-a80c-c46d1acdbc29: shutdown FollowerState
2019-11-04 16:02:34,450 [Thread-1880] INFO  impl.RaftServerImpl (RaftServerImpl.java:setRole(184)) - e3fb79a3-1f86-42af-a80c-c46d1acdbc29@group-7855C2F36E53: changes role from  FOLLOWER to CANDIDATE at term 271 for changeToCandidate
2019-11-04 16:02:34,450 [Thread-1880] INFO  impl.RoleInfo (RoleInfo.java:updateAndGet(143)) - e3fb79a3-1f86-42af-a80c-c46d1acdbc29: start LeaderElection
2019-11-04 16:02:34,484 [e3fb79a3-1f86-42af-a80c-c46d1acdbc29@group-7855C2F36E53-LeaderElection250] INFO  impl.LeaderElection (LeaderElection.java:askForVotes(178)) - e3fb79a3-1f86-42af-a80c-c46d1acdbc29@group-7855C2F36E53-LeaderElection250: begin an election at term 272 for -1: [e3fb79a3-1f86-42af-a80c-c46d1acdbc29:192.168.157.194:44142, 81ff859e-e76f-43f5-951a-4a38422068cb:192.168.157.194:46532, a9143d84-6d7f-497d-b770-eb75585db3c7:192.168.157.194:42126], old=null
2019-11-04 16:02:34,486 [grpc-default-executor-1] INFO  impl.RaftServerImpl (RaftServerImpl.java:setRole(184)) - a9143d84-6d7f-497d-b770-eb75585db3c7@group-7855C2F36E53: changes role from  FOLLOWER to FOLLOWER at term 272 for recognizeCandidate:e3fb79a3-1f86-42af-a80c-c46d1acdbc29
2019-11-04 16:02:34,486 [grpc-default-executor-4] INFO  impl.RaftServerImpl (RaftServerImpl.java:setRole(184)) - 81ff859e-e76f-43f5-951a-4a38422068cb@group-7855C2F36E53: changes role from  FOLLOWER to FOLLOWER at term 272 for recognizeCandidate:e3fb79a3-1f86-42af-a80c-c46d1acdbc29
2019-11-04 16:02:34,486 [grpc-default-executor-1] INFO  impl.RoleInfo (RoleInfo.java:shutdownFollowerState(121)) - a9143d84-6d7f-497d-b770-eb75585db3c7: shutdown FollowerState
2019-11-04 16:02:34,486 [grpc-default-executor-4] INFO  impl.RoleInfo (RoleInfo.java:shutdownFollowerState(121)) - 81ff859e-e76f-43f5-951a-4a38422068cb: shutdown FollowerState
2019-11-04 16:02:34,487 [Thread-1879] INFO  impl.FollowerState (FollowerState.java:run(117)) - a9143d84-6d7f-497d-b770-eb75585db3c7@group-7855C2F36E53-FollowerState was interrupted: java.lang.InterruptedException: sleep interrupted
2019-11-04 16:02:34,487 [grpc-default-executor-1] INFO  impl.RoleInfo (RoleInfo.java:updateAndGet(143)) - a9143d84-6d7f-497d-b770-eb75585db3c7: start FollowerState
2019-11-04 16:02:34,487 [Thread-1878] INFO  impl.FollowerState (FollowerState.java:run(117)) - 81ff859e-e76f-43f5-951a-4a38422068cb@group-7855C2F36E53-FollowerState was interrupted: java.lang.InterruptedException: sleep interrupted
2019-11-04 16:02:34,487 [grpc-default-executor-4] INFO  impl.RoleInfo (RoleInfo.java:updateAndGet(143)) - 81ff859e-e76f-43f5-951a-4a38422068cb: start FollowerState
2019-11-04 16:02:34,495 [e3fb79a3-1f86-42af-a80c-c46d1acdbc29@group-7855C2F36E53-LeaderElection250] INFO  impl.LeaderElection (LeaderElection.java:logAndReturn(56)) - e3fb79a3-1f86-42af-a80c-c46d1acdbc29@group-7855C2F36E53-LeaderElection250: Election REJECTED; received 2 response(s) [e3fb79a3-1f86-42af-a80c-c46d1acdbc29<-81ff859e-e76f-43f5-951a-4a38422068cb#0:FAIL-t272, e3fb79a3-1f86-42af-a80c-c46d1acdbc29<-a9143d84-6d7f-497d-b770-eb75585db3c7#0:FAIL-t272] and 0 exception(s); e3fb79a3-1f86-42af-a80c-c46d1acdbc29@group-7855C2F36E53:t272, leader=null, voted=e3fb79a3-1f86-42af-a80c-c46d1acdbc29, raftlog=e3fb79a3-1f86-42af-a80c-c46d1acdbc29@group-7855C2F36E53-SegmentedRaftLog:OPENED:c-1,f-1,i0, conf=-1: [e3fb79a3-1f86-42af-a80c-c46d1acdbc29:192.168.157.194:44142, 81ff859e-e76f-43f5-951a-4a38422068cb:192.168.157.194:46532, a9143d84-6d7f-497d-b770-eb75585db3c7:192.168.157.194:42126], old=null
2019-11-04 16:02:34,495 [e3fb79a3-1f86-42af-a80c-c46d1acdbc29@group-7855C2F36E53-LeaderElection250] INFO  impl.RaftServerImpl (RaftServerImpl.java:setRole(184)) - e3fb79a3-1f86-42af-a80c-c46d1acdbc29@group-7855C2F36E53: changes role from CANDIDATE to FOLLOWER at term 272 for DISCOVERED_A_NEW_TERM
2019-11-04 16:02:34,495 [e3fb79a3-1f86-42af-a80c-c46d1acdbc29@group-7855C2F36E53-LeaderElection250] INFO  impl.RoleInfo (RoleInfo.java:shutdownLeaderElection(134)) - e3fb79a3-1f86-42af-a80c-c46d1acdbc29: shutdown LeaderElection
2019-11-04 16:02:34,495 [e3fb79a3-1f86-42af-a80c-c46d1acdbc29@group-7855C2F36E53-LeaderElection250] INFO  impl.RoleInfo (RoleInfo.java:updateAndGet(143)) - e3fb79a3-1f86-42af-a80c-c46d1acdbc29: start FollowerState
2019-11-04 16:02:34,679 [Thread-1888] INFO  impl.FollowerState (FollowerState.java:run(108)) - e3fb79a3-1f86-42af-a80c-c46d1acdbc29@group-7855C2F36E53-FollowerState: change to CANDIDATE, lastRpcTime:183ms, electionTimeout:183ms
2019-11-04 16:02:34,679 [Thread-1888] INFO  impl.RoleInfo (RoleInfo.java:shutdownFollowerState(121)) - e3fb79a3-1f86-42af-a80c-c46d1acdbc29: shutdown FollowerState
2019-11-04 16:02:34,679 [Thread-1888] INFO  impl.RaftServerImpl (RaftServerImpl.java:setRole(184)) - e3fb79a3-1f86-42af-a80c-c46d1acdbc29@group-7855C2F36E53: changes role from  FOLLOWER to CANDIDATE at term 272 for changeToCandidate
2019-11-04 16:02:34,679 [Thread-1888] INFO  impl.RoleInfo (RoleInfo.java:updateAndGet(143)) - e3fb79a3-1f86-42af-a80c-c46d1acdbc29: start LeaderElection
2019-11-04 16:02:34,695 [e3fb79a3-1f86-42af-a80c-c46d1acdbc29@group-7855C2F36E53-LeaderElection251] INFO  impl.LeaderElection (LeaderElection.java:askForVotes(178)) - e3fb79a3-1f86-42af-a80c-c46d1acdbc29@group-7855C2F36E53-LeaderElection251: begin an election at term 273 for -1: [e3fb79a3-1f86-42af-a80c-c46d1acdbc29:192.168.157.194:44142, 81ff859e-e76f-43f5-951a-4a38422068cb:192.168.157.194:46532, a9143d84-6d7f-497d-b770-eb75585db3c7:192.168.157.194:42126], old=null
2019-11-04 16:02:34,698 [grpc-default-executor-4] INFO  impl.RaftServerImpl (RaftServerImpl.java:setRole(184)) - a9143d84-6d7f-497d-b770-eb75585db3c7@group-7855C2F36E53: changes role from  FOLLOWER to FOLLOWER at term 273 for recognizeCandidate:e3fb79a3-1f86-42af-a80c-c46d1acdbc29
2019-11-04 16:02:34,698 [grpc-default-executor-1] INFO  impl.RaftServerImpl (RaftServerImpl.java:setRole(184)) - 81ff859e-e76f-43f5-951a-4a38422068cb@group-7855C2F36E53: changes role from  FOLLOWER to FOLLOWER at term 273 for recognizeCandidate:e3fb79a3-1f86-42af-a80c-c46d1acdbc29
2019-11-04 16:02:34,698 [grpc-default-executor-4] INFO  impl.RoleInfo (RoleInfo.java:shutdownFollowerState(121)) - a9143d84-6d7f-497d-b770-eb75585db3c7: shutdown FollowerState
2019-11-04 16:02:34,698 [grpc-default-executor-1] INFO  impl.RoleInfo (RoleInfo.java:shutdownFollowerState(121)) - 81ff859e-e76f-43f5-951a-4a38422068cb: shutdown FollowerState
2019-11-04 16:02:34,698 [Thread-1886] INFO  impl.FollowerState (FollowerState.java:run(117)) - a9143d84-6d7f-497d-b770-eb75585db3c7@group-7855C2F36E53-FollowerState was interrupted: java.lang.InterruptedException: sleep interrupted
2019-11-04 16:02:34,698 [grpc-default-executor-4] INFO  impl.RoleInfo (RoleInfo.java:updateAndGet(143)) - a9143d84-6d7f-497d-b770-eb75585db3c7: start FollowerState
2019-11-04 16:02:34,698 [grpc-default-executor-1] INFO  impl.RoleInfo (RoleInfo.java:updateAndGet(143)) - 81ff859e-e76f-43f5-951a-4a38422068cb: start FollowerState
2019-11-04 16:02:34,699 [Thread-1887] INFO  impl.FollowerState (FollowerState.java:run(117)) - 81ff859e-e76f-43f5-951a-4a38422068cb@group-7855C2F36E53-FollowerState was interrupted: java.lang.InterruptedException: sleep interrupted
2019-11-04 16:02:34,725 [e3fb79a3-1f86-42af-a80c-c46d1acdbc29@group-7855C2F36E53-LeaderElection251] INFO  impl.LeaderElection (LeaderElection.java:logAndReturn(56)) - e3fb79a3-1f86-42af-a80c-c46d1acdbc29@group-7855C2F36E53-LeaderElection251: Election REJECTED; received 2 response(s) [e3fb79a3-1f86-42af-a80c-c46d1acdbc29<-81ff859e-e76f-43f5-951a-4a38422068cb#0:FAIL-t273, e3fb79a3-1f86-42af-a80c-c46d1acdbc29<-a9143d84-6d7f-497d-b770-eb75585db3c7#0:FAIL-t273] and 0 exception(s); e3fb79a3-1f86-42af-a80c-c46d1acdbc29@group-7855C2F36E53:t273, leader=null, voted=e3fb79a3-1f86-42af-a80c-c46d1acdbc29, raftlog=e3fb79a3-1f86-42af-a80c-c46d1acdbc29@group-7855C2F36E53-SegmentedRaftLog:OPENED:c-1,f-1,i0, conf=-1: [e3fb79a3-1f86-42af-a80c-c46d1acdbc29:192.168.157.194:44142, 81ff859e-e76f-43f5-951a-4a38422068cb:192.168.157.194:46532, a9143d84-6d7f-497d-b770-eb75585db3c7:192.168.157.194:42126], old=null
2019-11-04 16:02:34,725 [e3fb79a3-1f86-42af-a80c-c46d1acdbc29@group-7855C2F36E53-LeaderElection251] INFO  impl.RaftServerImpl (RaftServerImpl.java:setRole(184)) - e3fb79a3-1f86-42af-a80c-c46d1acdbc29@group-7855C2F36E53: changes role from CANDIDATE to FOLLOWER at term 273 for DISCOVERED_A_NEW_TERM
2019-11-04 16:02:34,725 [e3fb79a3-1f86-42af-a80c-c46d1acdbc29@group-7855C2F36E53-LeaderElection251] INFO  impl.RoleInfo (RoleInfo.java:shutdownLeaderElection(134)) - e3fb79a3-1f86-42af-a80c-c46d1acdbc29: shutdown LeaderElection
2019-11-04 16:02:34,725 [e3fb79a3-1f86-42af-a80c-c46d1acdbc29@group-7855C2F36E53-LeaderElection251] INFO  impl.RoleInfo (RoleInfo.java:updateAndGet(143)) - e3fb79a3-1f86-42af-a80c-c46d1acdbc29: start FollowerState
2019-11-04 16:02:34,830 [Thread-1894] INFO  impl.FollowerState (FollowerState.java:run(108)) - e3fb79a3-1f86-42af-a80c-c46d1acdbc29@group-7855C2F36E53-FollowerState: change to CANDIDATE, lastRpcTime:104ms, electionTimeout:104ms
2019-11-04 16:02:34,830 [Thread-1894] INFO  impl.RoleInfo (RoleInfo.java:shutdownFollowerState(121)) - e3fb79a3-1f86-42af-a80c-c46d1acdbc29: shutdown FollowerState
2019-11-04 16:02:34,830 [Thread-1894] INFO  impl.RaftServerImpl (RaftServerImpl.java:setRole(184)) - e3fb79a3-1f86-42af-a80c-c46d1acdbc29@group-7855C2F36E53: changes role from  FOLLOWER to CANDIDATE at term 273 for changeToCandidate
2019-11-04 16:02:34,830 [Thread-1894] INFO  impl.RoleInfo (RoleInfo.java:updateAndGet(143)) - e3fb79a3-1f86-42af-a80c-c46d1acdbc29: start LeaderElection
2019-11-04 16:02:34,856 [e3fb79a3-1f86-42af-a80c-c46d1acdbc29@group-7855C2F36E53-LeaderElection252] INFO  impl.LeaderElection (LeaderElection.java:askForVotes(178)) - e3fb79a3-1f86-42af-a80c-c46d1acdbc29@group-7855C2F36E53-LeaderElection252: begin an election at term 274 for -1: [e3fb79a3-1f86-42af-a80c-c46d1acdbc29:192.168.157.194:44142, 81ff859e-e76f-43f5-951a-4a38422068cb:192.168.157.194:46532, a9143d84-6d7f-497d-b770-eb75585db3c7:192.168.157.194:42126], old=null
2019-11-04 16:02:34,858 [grpc-default-executor-1] INFO  impl.RaftServerImpl (RaftServerImpl.java:setRole(184)) - 81ff859e-e76f-43f5-951a-4a38422068cb@group-7855C2F36E53: changes role from  FOLLOWER to FOLLOWER at term 274 for recognizeCandidate:e3fb79a3-1f86-42af-a80c-c46d1acdbc29
2019-11-04 16:02:34,858 [grpc-default-executor-1] INFO  impl.RoleInfo (RoleInfo.java:shutdownFollowerState(121)) - 81ff859e-e76f-43f5-951a-4a38422068cb: shutdown FollowerState
2019-11-04 16:02:34,858 [grpc-default-executor-1] INFO  impl.RoleInfo (RoleInfo.java:updateAndGet(143)) - 81ff859e-e76f-43f5-951a-4a38422068cb: start FollowerState
2019-11-04 16:02:34,858 [Thread-1893] INFO  impl.FollowerState (FollowerState.java:run(117)) - 81ff859e-e76f-43f5-951a-4a38422068cb@group-7855C2F36E53-FollowerState was interrupted: java.lang.InterruptedException: sleep interrupted
2019-11-04 16:02:34,859 [grpc-default-executor-4] INFO  impl.RaftServerImpl (RaftServerImpl.java:setRole(184)) - a9143d84-6d7f-497d-b770-eb75585db3c7@group-7855C2F36E53: changes role from  FOLLOWER to FOLLOWER at term 274 for recognizeCandidate:e3fb79a3-1f86-42af-a80c-c46d1acdbc29
2019-11-04 16:02:34,859 [grpc-default-executor-4] INFO  impl.RoleInfo (RoleInfo.java:shutdownFollowerState(121)) - a9143d84-6d7f-497d-b770-eb75585db3c7: shutdown FollowerState
2019-11-04 16:02:34,859 [grpc-default-executor-4] INFO  impl.RoleInfo (RoleInfo.java:updateAndGet(143)) - a9143d84-6d7f-497d-b770-eb75585db3c7: start FollowerState
2019-11-04 16:02:34,859 [Thread-1892] INFO  impl.FollowerState (FollowerState.java:run(117)) - a9143d84-6d7f-497d-b770-eb75585db3c7@group-7855C2F36E53-FollowerState was interrupted: java.lang.InterruptedException: sleep interrupted
2019-11-04 16:02:34,884 [e3fb79a3-1f86-42af-a80c-c46d1acdbc29@group-7855C2F36E53-LeaderElection252] INFO  impl.LeaderElection (LeaderElection.java:logAndReturn(56)) - e3fb79a3-1f86-42af-a80c-c46d1acdbc29@group-7855C2F36E53-LeaderElection252: Election REJECTED; received 2 response(s) [e3fb79a3-1f86-42af-a80c-c46d1acdbc29<-81ff859e-e76f-43f5-951a-4a38422068cb#0:FAIL-t274, e3fb79a3-1f86-42af-a80c-c46d1acdbc29<-a9143d84-6d7f-497d-b770-eb75585db3c7#0:FAIL-t274] and 0 exception(s); e3fb79a3-1f86-42af-a80c-c46d1acdbc29@group-7855C2F36E53:t274, leader=null, voted=e3fb79a3-1f86-42af-a80c-c46d1acdbc29, raftlog=e3fb79a3-1f86-42af-a80c-c46d1acdbc29@group-7855C2F36E53-SegmentedRaftLog:OPENED:c-1,f-1,i0, conf=-1: [e3fb79a3-1f86-42af-a80c-c46d1acdbc29:192.168.157.194:44142, 81ff859e-e76f-43f5-951a-4a38422068cb:192.168.157.194:46532, a9143d84-6d7f-497d-b770-eb75585db3c7:192.168.157.194:42126], old=null
2019-11-04 16:02:34,885 [e3fb79a3-1f86-42af-a80c-c46d1acdbc29@group-7855C2F36E53-LeaderElection252] INFO  impl.RaftServerImpl (RaftServerImpl.java:setRole(184)) - e3fb79a3-1f86-42af-a80c-c46d1acdbc29@group-7855C2F36E53: changes role from CANDIDATE to FOLLOWER at term 274 for DISCOVERED_A_NEW_TERM
2019-11-04 16:02:34,885 [e3fb79a3-1f86-42af-a80c-c46d1acdbc29@group-7855C2F36E53-LeaderElection252] INFO  impl.RoleInfo (RoleInfo.java:shutdownLeaderElection(134)) - e3fb79a3-1f86-42af-a80c-c46d1acdbc29: shutdown LeaderElection
2019-11-04 16:02:34,885 [e3fb79a3-1f86-42af-a80c-c46d1acdbc29@group-7855C2F36E53-LeaderElection252] INFO  impl.RoleInfo (RoleInfo.java:updateAndGet(143)) - e3fb79a3-1f86-42af-a80c-c46d1acdbc29: start FollowerState
2019-11-04 16:02:35,084 [Thread-1900] INFO  impl.FollowerState (FollowerState.java:run(108)) - e3fb79a3-1f86-42af-a80c-c46d1acdbc29@group-7855C2F36E53-FollowerState: change to CANDIDATE, lastRpcTime:199ms, electionTimeout:199ms
2019-11-04 16:02:35,085 [Thread-1900] INFO  impl.RoleInfo (RoleInfo.java:shutdownFollowerState(121)) - e3fb79a3-1f86-42af-a80c-c46d1acdbc29: shutdown FollowerState
2019-11-04 16:02:35,085 [Thread-1900] INFO  impl.RaftServerImpl (RaftServerImpl.java:setRole(184)) - e3fb79a3-1f86-42af-a80c-c46d1acdbc29@group-7855C2F36E53: changes role from  FOLLOWER to CANDIDATE at term 274 for changeToCandidate
2019-11-04 16:02:35,085 [Thread-1900] INFO  impl.RoleInfo (RoleInfo.java:updateAndGet(143)) - e3fb79a3-1f86-42af-a80c-c46d1acdbc29: start LeaderElection
2019-11-04 16:02:35,099 [e3fb79a3-1f86-42af-a80c-c46d1acdbc29@group-7855C2F36E53-LeaderElection253] INFO  impl.LeaderElection (LeaderElection.java:askForVotes(178)) - e3fb79a3-1f86-42af-a80c-c46d1acdbc29@group-7855C2F36E53-LeaderElection253: begin an election at term 275 for -1: [e3fb79a3-1f86-42af-a80c-c46d1acdbc29:192.168.157.194:44142, 81ff859e-e76f-43f5-951a-4a38422068cb:192.168.157.194:46532, a9143d84-6d7f-497d-b770-eb75585db3c7:192.168.157.194:42126], old=null
2019-11-04 16:02:35,102 [grpc-default-executor-4] INFO  impl.RaftServerImpl (RaftServerImpl.java:setRole(184)) - 81ff859e-e76f-43f5-951a-4a38422068cb@group-7855C2F36E53: changes role from  FOLLOWER to FOLLOWER at term 275 for recognizeCandidate:e3fb79a3-1f86-42af-a80c-c46d1acdbc29
2019-11-04 16:02:35,102 [grpc-default-executor-4] INFO  impl.RoleInfo (RoleInfo.java:shutdownFollowerState(121)) - 81ff859e-e76f-43f5-951a-4a38422068cb: shutdown FollowerState
2019-11-04 16:02:35,102 [grpc-default-executor-4] INFO  impl.RoleInfo (RoleInfo.java:updateAndGet(143)) - 81ff859e-e76f-43f5-951a-4a38422068cb: start FollowerState
2019-11-04 16:02:35,102 [Thread-1898] INFO  impl.FollowerState (FollowerState.java:run(117)) - 81ff859e-e76f-43f5-951a-4a38422068cb@group-7855C2F36E53-FollowerState was interrupted: java.lang.InterruptedException: sleep interrupted
2019-11-04 16:02:35,103 [grpc-default-executor-1] INFO  impl.RaftServerImpl (RaftServerImpl.java:setRole(184)) - a9143d84-6d7f-497d-b770-eb75585db3c7@group-7855C2F36E53: changes role from  FOLLOWER to FOLLOWER at term 275 for recognizeCandidate:e3fb79a3-1f86-42af-a80c-c46d1acdbc29
2019-11-04 16:02:35,103 [grpc-default-executor-1] INFO  impl.RoleInfo (RoleInfo.java:shutdownFollowerState(121)) - a9143d84-6d7f-497d-b770-eb75585db3c7: shutdown FollowerState
2019-11-04 16:02:35,103 [grpc-default-executor-1] INFO  impl.RoleInfo (RoleInfo.java:updateAndGet(143)) - a9143d84-6d7f-497d-b770-eb75585db3c7: start FollowerState
2019-11-04 16:02:35,103 [Thread-1899] INFO  impl.FollowerState (FollowerState.java:run(117)) - a9143d84-6d7f-497d-b770-eb75585db3c7@group-7855C2F36E53-FollowerState was interrupted: java.lang.InterruptedException: sleep interrupted
2019-11-04 16:02:35,117 [e3fb79a3-1f86-42af-a80c-c46d1acdbc29@group-7855C2F36E53-LeaderElection253] INFO  impl.LeaderElection (LeaderElection.java:logAndReturn(56)) - e3fb79a3-1f86-42af-a80c-c46d1acdbc29@group-7855C2F36E53-LeaderElection253: Election REJECTED; received 2 response(s) [e3fb79a3-1f86-42af-a80c-c46d1acdbc29<-81ff859e-e76f-43f5-951a-4a38422068cb#0:FAIL-t275, e3fb79a3-1f86-42af-a80c-c46d1acdbc29<-a9143d84-6d7f-497d-b770-eb75585db3c7#0:FAIL-t275] and 0 exception(s); e3fb79a3-1f86-42af-a80c-c46d1acdbc29@group-7855C2F36E53:t275, leader=null, voted=e3fb79a3-1f86-42af-a80c-c46d1acdbc29, raftlog=e3fb79a3-1f86-42af-a80c-c46d1acdbc29@group-7855C2F36E53-SegmentedRaftLog:OPENED:c-1,f-1,i0, conf=-1: [e3fb79a3-1f86-42af-a80c-c46d1acdbc29:192.168.157.194:44142, 81ff859e-e76f-43f5-951a-4a38422068cb:192.168.157.194:46532, a9143d84-6d7f-497d-b770-eb75585db3c7:192.168.157.194:42126], old=null
2019-11-04 16:02:35,117 [e3fb79a3-1f86-42af-a80c-c46d1acdbc29@group-7855C2F36E53-LeaderElection253] INFO  impl.RaftServerImpl (RaftServerImpl.java:setRole(184)) - e3fb79a3-1f86-42af-a80c-c46d1acdbc29@group-7855C2F36E53: changes role from CANDIDATE to FOLLOWER at term 275 for DISCOVERED_A_NEW_TERM
2019-11-04 16:02:35,117 [e3fb79a3-1f86-42af-a80c-c46d1acdbc29@group-7855C2F36E53-LeaderElection253] INFO  impl.RoleInfo (RoleInfo.java:shutdownLeaderElection(134)) - e3fb79a3-1f86-42af-a80c-c46d1acdbc29: shutdown LeaderElection
2019-11-04 16:02:35,117 [e3fb79a3-1f86-42af-a80c-c46d1acdbc29@group-7855C2F36E53-LeaderElection253] INFO  impl.RoleInfo (RoleInfo.java:updateAndGet(143)) - e3fb79a3-1f86-42af-a80c-c46d1acdbc29: start FollowerState
2019-11-04 16:02:35,220 [Thread-1906] INFO  impl.FollowerState (FollowerState.java:run(108)) - e3fb79a3-1f86-42af-a80c-c46d1acdbc29@group-7855C2F36E53-FollowerState: change to CANDIDATE, lastRpcTime:102ms, electionTimeout:102ms
2019-11-04 16:02:35,220 [Thread-1906] INFO  impl.RoleInfo (RoleInfo.java:shutdownFollowerState(121)) - e3fb79a3-1f86-42af-a80c-c46d1acdbc29: shutdown FollowerState
2019-11-04 16:02:35,220 [Thread-1906] INFO  impl.RaftServerImpl (RaftServerImpl.java:setRole(184)) - e3fb79a3-1f86-42af-a80c-c46d1acdbc29@group-7855C2F36E53: changes role from  FOLLOWER to CANDIDATE at term 275 for changeToCandidate
2019-11-04 16:02:35,220 [Thread-1906] INFO  impl.RoleInfo (RoleInfo.java:updateAndGet(143)) - e3fb79a3-1f86-42af-a80c-c46d1acdbc29: start LeaderElection
2019-11-04 16:02:35,242 [e3fb79a3-1f86-42af-a80c-c46d1acdbc29@group-7855C2F36E53-LeaderElection254] INFO  impl.LeaderElection (LeaderElection.java:askForVotes(178)) - e3fb79a3-1f86-42af-a80c-c46d1acdbc29@group-7855C2F36E53-LeaderElection254: begin an election at term 276 for -1: [e3fb79a3-1f86-42af-a80c-c46d1acdbc29:192.168.157.194:44142, 81ff859e-e76f-43f5-951a-4a38422068cb:192.168.157.194:46532, a9143d84-6d7f-497d-b770-eb75585db3c7:192.168.157.194:42126], old=null
2019-11-04 16:02:35,245 [grpc-default-executor-4] INFO  impl.RaftServerImpl (RaftServerImpl.java:setRole(184)) - 81ff859e-e76f-43f5-951a-4a38422068cb@group-7855C2F36E53: changes role from  FOLLOWER to FOLLOWER at term 276 for recognizeCandidate:e3fb79a3-1f86-42af-a80c-c46d1acdbc29
2019-11-04 16:02:35,245 [grpc-default-executor-1] INFO  impl.RaftServerImpl (RaftServerImpl.java:setRole(184)) - a9143d84-6d7f-497d-b770-eb75585db3c7@group-7855C2F36E53: changes role from  FOLLOWER to FOLLOWER at term 276 for recognizeCandidate:e3fb79a3-1f86-42af-a80c-c46d1acdbc29
2019-11-04 16:02:35,246 [grpc-default-executor-4] INFO  impl.RoleInfo (RoleInfo.java:shutdownFollowerState(121)) - 81ff859e-e76f-43f5-951a-4a38422068cb: shutdown FollowerState
2019-11-04 16:02:35,246 [grpc-default-executor-1] INFO  impl.RoleInfo (RoleInfo.java:shutdownFollowerState(121)) - a9143d84-6d7f-497d-b770-eb75585db3c7: shutdown FollowerState
2019-11-04 16:02:35,246 [Thread-1904] INFO  impl.FollowerState (FollowerState.java:run(117)) - 81ff859e-e76f-43f5-951a-4a38422068cb@group-7855C2F36E53-FollowerState was interrupted: java.lang.InterruptedException: sleep interrupted
2019-11-04 16:02:35,246 [grpc-default-executor-4] INFO  impl.RoleInfo (RoleInfo.java:updateAndGet(143)) - 81ff859e-e76f-43f5-951a-4a38422068cb: start FollowerState
2019-11-04 16:02:35,246 [Thread-1905] INFO  impl.FollowerState (FollowerState.java:run(117)) - a9143d84-6d7f-497d-b770-eb75585db3c7@group-7855C2F36E53-FollowerState was interrupted: java.lang.InterruptedException: sleep interrupted
2019-11-04 16:02:35,246 [grpc-default-executor-1] INFO  impl.RoleInfo (RoleInfo.java:updateAndGet(143)) - a9143d84-6d7f-497d-b770-eb75585db3c7: start FollowerState
2019-11-04 16:02:35,264 [e3fb79a3-1f86-42af-a80c-c46d1acdbc29@group-7855C2F36E53-LeaderElection254] INFO  impl.LeaderElection (LeaderElection.java:logAndReturn(56)) - e3fb79a3-1f86-42af-a80c-c46d1acdbc29@group-7855C2F36E53-LeaderElection254: Election REJECTED; received 2 response(s) [e3fb79a3-1f86-42af-a80c-c46d1acdbc29<-81ff859e-e76f-43f5-951a-4a38422068cb#0:FAIL-t276, e3fb79a3-1f86-42af-a80c-c46d1acdbc29<-a9143d84-6d7f-497d-b770-eb75585db3c7#0:FAIL-t276] and 0 exception(s); e3fb79a3-1f86-42af-a80c-c46d1acdbc29@group-7855C2F36E53:t276, leader=null, voted=e3fb79a3-1f86-42af-a80c-c46d1acdbc29, raftlog=e3fb79a3-1f86-42af-a80c-c46d1acdbc29@group-7855C2F36E53-SegmentedRaftLog:OPENED:c-1,f-1,i0, conf=-1: [e3fb79a3-1f86-42af-a80c-c46d1acdbc29:192.168.157.194:44142, 81ff859e-e76f-43f5-951a-4a38422068cb:192.168.157.194:46532, a9143d84-6d7f-497d-b770-eb75585db3c7:192.168.157.194:42126], old=null
2019-11-04 16:02:35,264 [e3fb79a3-1f86-42af-a80c-c46d1acdbc29@group-7855C2F36E53-LeaderElection254] INFO  impl.RaftServerImpl (RaftServerImpl.java:setRole(184)) - e3fb79a3-1f86-42af-a80c-c46d1acdbc29@group-7855C2F36E53: changes role from CANDIDATE to FOLLOWER at term 276 for DISCOVERED_A_NEW_TERM
2019-11-04 16:02:35,264 [e3fb79a3-1f86-42af-a80c-c46d1acdbc29@group-7855C2F36E53-LeaderElection254] INFO  impl.RoleInfo (RoleInfo.java:shutdownLeaderElection(134)) - e3fb79a3-1f86-42af-a80c-c46d1acdbc29: shutdown LeaderElection
2019-11-04 16:02:35,264 [e3fb79a3-1f86-42af-a80c-c46d1acdbc29@group-7855C2F36E53-LeaderElection254] INFO  impl.RoleInfo (RoleInfo.java:updateAndGet(143)) - e3fb79a3-1f86-42af-a80c-c46d1acdbc29: start FollowerState
2019-11-04 16:02:35,293 [Thread-1912] INFO  impl.FollowerState (FollowerState.java:run(108)) - e3fb79a3-1f86-42af-a80c-c46d1acdbc29@group-7855C2F36E53-FollowerState: change to CANDIDATE, lastRpcTime:28ms, electionTimeout:28ms
2019-11-04 16:02:35,293 [Thread-1912] INFO  impl.RoleInfo (RoleInfo.java:shutdownFollowerState(121)) - e3fb79a3-1f86-42af-a80c-c46d1acdbc29: shutdown FollowerState
2019-11-04 16:02:35,293 [Thread-1912] INFO  impl.RaftServerImpl (RaftServerImpl.java:setRole(184)) - e3fb79a3-1f86-42af-a80c-c46d1acdbc29@group-7855C2F36E53: changes role from  FOLLOWER to CANDIDATE at term 276 for changeToCandidate
2019-11-04 16:02:35,293 [Thread-1912] INFO  impl.RoleInfo (RoleInfo.java:updateAndGet(143)) - e3fb79a3-1f86-42af-a80c-c46d1acdbc29: start LeaderElection
2019-11-04 16:02:35,315 [e3fb79a3-1f86-42af-a80c-c46d1acdbc29@group-7855C2F36E53-LeaderElection255] INFO  impl.LeaderElection (LeaderElection.java:askForVotes(178)) - e3fb79a3-1f86-42af-a80c-c46d1acdbc29@group-7855C2F36E53-LeaderElection255: begin an election at term 277 for -1: [e3fb79a3-1f86-42af-a80c-c46d1acdbc29:192.168.157.194:44142, 81ff859e-e76f-43f5-951a-4a38422068cb:192.168.157.194:46532, a9143d84-6d7f-497d-b770-eb75585db3c7:192.168.157.194:42126], old=null
2019-11-04 16:02:35,319 [grpc-default-executor-4] INFO  impl.RaftServerImpl (RaftServerImpl.java:setRole(184)) - 81ff859e-e76f-43f5-951a-4a38422068cb@group-7855C2F36E53: changes role from  FOLLOWER to FOLLOWER at term 277 for recognizeCandidate:e3fb79a3-1f86-42af-a80c-c46d1acdbc29
2019-11-04 16:02:35,320 [grpc-default-executor-4] INFO  impl.RoleInfo (RoleInfo.java:shutdownFollowerState(121)) - 81ff859e-e76f-43f5-951a-4a38422068cb: shutdown FollowerState
2019-11-04 16:02:35,320 [grpc-default-executor-4] INFO  impl.RoleInfo (RoleInfo.java:updateAndGet(143)) - 81ff859e-e76f-43f5-951a-4a38422068cb: start FollowerState
2019-11-04 16:02:35,320 [Thread-1910] INFO  impl.FollowerState (FollowerState.java:run(117)) - 81ff859e-e76f-43f5-951a-4a38422068cb@group-7855C2F36E53-FollowerState was interrupted: java.lang.InterruptedException: sleep interrupted
2019-11-04 16:02:35,320 [grpc-default-executor-1] INFO  impl.RaftServerImpl (RaftServerImpl.java:setRole(184)) - a9143d84-6d7f-497d-b770-eb75585db3c7@group-7855C2F36E53: changes role from  FOLLOWER to FOLLOWER at term 277 for recognizeCandidate:e3fb79a3-1f86-42af-a80c-c46d1acdbc29
2019-11-04 16:02:35,320 [grpc-default-executor-1] INFO  impl.RoleInfo (RoleInfo.java:shutdownFollowerState(121)) - a9143d84-6d7f-497d-b770-eb75585db3c7: shutdown FollowerState
2019-11-04 16:02:35,320 [grpc-default-executor-1] INFO  impl.RoleInfo (RoleInfo.java:updateAndGet(143)) - a9143d84-6d7f-497d-b770-eb75585db3c7: start FollowerState
2019-11-04 16:02:35,320 [Thread-1911] INFO  impl.FollowerState (FollowerState.java:run(117)) - a9143d84-6d7f-497d-b770-eb75585db3c7@group-7855C2F36E53-FollowerState was interrupted: java.lang.InterruptedException: sleep interrupted
2019-11-04 16:02:35,346 [e3fb79a3-1f86-42af-a80c-c46d1acdbc29@group-7855C2F36E53-LeaderElection255] INFO  impl.LeaderElection (LeaderElection.java:logAndReturn(56)) - e3fb79a3-1f86-42af-a80c-c46d1acdbc29@group-7855C2F36E53-LeaderElection255: Election REJECTED; received 2 response(s) [e3fb79a3-1f86-42af-a80c-c46d1acdbc29<-81ff859e-e76f-43f5-951a-4a38422068cb#0:FAIL-t277, e3fb79a3-1f86-42af-a80c-c46d1acdbc29<-a9143d84-6d7f-497d-b770-eb75585db3c7#0:FAIL-t277] and 0 exception(s); e3fb79a3-1f86-42af-a80c-c46d1acdbc29@group-7855C2F36E53:t277, leader=null, voted=e3fb79a3-1f86-42af-a80c-c46d1acdbc29, raftlog=e3fb79a3-1f86-42af-a80c-c46d1acdbc29@group-7855C2F36E53-SegmentedRaftLog:OPENED:c-1,f-1,i0, conf=-1: [e3fb79a3-1f86-42af-a80c-c46d1acdbc29:192.168.157.194:44142, 81ff859e-e76f-43f5-951a-4a38422068cb:192.168.157.194:46532, a9143d84-6d7f-497d-b770-eb75585db3c7:192.168.157.194:42126], old=null
2019-11-04 16:02:35,346 [e3fb79a3-1f86-42af-a80c-c46d1acdbc29@group-7855C2F36E53-LeaderElection255] INFO  impl.RaftServerImpl (RaftServerImpl.java:setRole(184)) - e3fb79a3-1f86-42af-a80c-c46d1acdbc29@group-7855C2F36E53: changes role from CANDIDATE to FOLLOWER at term 277 for DISCOVERED_A_NEW_TERM
2019-11-04 16:02:35,347 [e3fb79a3-1f86-42af-a80c-c46d1acdbc29@group-7855C2F36E53-LeaderElection255] INFO  impl.RoleInfo (RoleInfo.java:shutdownLeaderElection(134)) - e3fb79a3-1f86-42af-a80c-c46d1acdbc29: shutdown LeaderElection
2019-11-04 16:02:35,347 [e3fb79a3-1f86-42af-a80c-c46d1acdbc29@group-7855C2F36E53-LeaderElection255] INFO  impl.RoleInfo (RoleInfo.java:updateAndGet(143)) - e3fb79a3-1f86-42af-a80c-c46d1acdbc29: start FollowerState
2019-11-04 16:02:35,526 [Thread-1920] INFO  impl.FollowerState (FollowerState.java:run(108)) - e3fb79a3-1f86-42af-a80c-c46d1acdbc29@group-7855C2F36E53-FollowerState: change to CANDIDATE, lastRpcTime:179ms, electionTimeout:179ms
2019-11-04 16:02:35,528 [Thread-1920] INFO  impl.RoleInfo (RoleInfo.java:shutdownFollowerState(121)) - e3fb79a3-1f86-42af-a80c-c46d1acdbc29: shutdown FollowerState
2019-11-04 16:02:35,528 [Thread-1920] INFO  impl.RaftServerImpl (RaftServerImpl.java:setRole(184)) - e3fb79a3-1f86-42af-a80c-c46d1acdbc29@group-7855C2F36E53: changes role from  FOLLOWER to CANDIDATE at term 277 for changeToCandidate
2019-11-04 16:02:35,529 [Thread-1920] INFO  impl.RoleInfo (RoleInfo.java:updateAndGet(143)) - e3fb79a3-1f86-42af-a80c-c46d1acdbc29: start LeaderElection
2019-11-04 16:02:35,538 [e3fb79a3-1f86-42af-a80c-c46d1acdbc29@group-7855C2F36E53-LeaderElection256] INFO  impl.LeaderElection (LeaderElection.java:askForVotes(178)) - e3fb79a3-1f86-42af-a80c-c46d1acdbc29@group-7855C2F36E53-LeaderElection256: begin an election at term 278 for -1: [e3fb79a3-1f86-42af-a80c-c46d1acdbc29:192.168.157.194:44142, 81ff859e-e76f-43f5-951a-4a38422068cb:192.168.157.194:46532, a9143d84-6d7f-497d-b770-eb75585db3c7:192.168.157.194:42126], old=null
2019-11-04 16:02:35,544 [grpc-default-executor-4] INFO  impl.RaftServerImpl (RaftServerImpl.java:setRole(184)) - a9143d84-6d7f-497d-b770-eb75585db3c7@group-7855C2F36E53: changes role from  FOLLOWER to FOLLOWER at term 278 for recognizeCandidate:e3fb79a3-1f86-42af-a80c-c46d1acdbc29
2019-11-04 16:02:35,544 [grpc-default-executor-1] INFO  impl.RaftServerImpl (RaftServerImpl.java:setRole(184)) - 81ff859e-e76f-43f5-951a-4a38422068cb@group-7855C2F36E53: changes role from  FOLLOWER to FOLLOWER at term 278 for recognizeCandidate:e3fb79a3-1f86-42af-a80c-c46d1acdbc29
2019-11-04 16:02:35,544 [grpc-default-executor-4] INFO  impl.RoleInfo (RoleInfo.java:shutdownFollowerState(121)) - a9143d84-6d7f-497d-b770-eb75585db3c7: shutdown FollowerState
2019-11-04 16:02:35,545 [grpc-default-executor-1] INFO  impl.RoleInfo (RoleInfo.java:shutdownFollowerState(121)) - 81ff859e-e76f-43f5-951a-4a38422068cb: shutdown FollowerState
2019-11-04 16:02:35,545 [grpc-default-executor-4] INFO  impl.RoleInfo (RoleInfo.java:updateAndGet(143)) - a9143d84-6d7f-497d-b770-eb75585db3c7: start FollowerState
2019-11-04 16:02:35,545 [Thread-1918] INFO  impl.FollowerState (FollowerState.java:run(117)) - 81ff859e-e76f-43f5-951a-4a38422068cb@group-7855C2F36E53-FollowerState was interrupted: java.lang.InterruptedException: sleep interrupted
2019-11-04 16:02:35,545 [grpc-default-executor-1] INFO  impl.RoleInfo (RoleInfo.java:updateAndGet(143)) - 81ff859e-e76f-43f5-951a-4a38422068cb: start FollowerState
2019-11-04 16:02:35,545 [Thread-1919] INFO  impl.FollowerState (FollowerState.java:run(117)) - a9143d84-6d7f-497d-b770-eb75585db3c7@group-7855C2F36E53-FollowerState was interrupted: java.lang.InterruptedException: sleep interrupted
2019-11-04 16:02:35,560 [e3fb79a3-1f86-42af-a80c-c46d1acdbc29@group-7855C2F36E53-LeaderElection256] INFO  impl.LeaderElection (LeaderElection.java:logAndReturn(56)) - e3fb79a3-1f86-42af-a80c-c46d1acdbc29@group-7855C2F36E53-LeaderElection256: Election REJECTED; received 2 response(s) [e3fb79a3-1f86-42af-a80c-c46d1acdbc29<-81ff859e-e76f-43f5-951a-4a38422068cb#0:FAIL-t278, e3fb79a3-1f86-42af-a80c-c46d1acdbc29<-a9143d84-6d7f-497d-b770-eb75585db3c7#0:FAIL-t278] and 0 exception(s); e3fb79a3-1f86-42af-a80c-c46d1acdbc29@group-7855C2F36E53:t278, leader=null, voted=e3fb79a3-1f86-42af-a80c-c46d1acdbc29, raftlog=e3fb79a3-1f86-42af-a80c-c46d1acdbc29@group-7855C2F36E53-SegmentedRaftLog:OPENED:c-1,f-1,i0, conf=-1: [e3fb79a3-1f86-42af-a80c-c46d1acdbc29:192.168.157.194:44142, 81ff859e-e76f-43f5-951a-4a38422068cb:192.168.157.194:46532, a9143d84-6d7f-497d-b770-eb75585db3c7:192.168.157.194:42126], old=null
2019-11-04 16:02:35,560 [e3fb79a3-1f86-42af-a80c-c46d1acdbc29@group-7855C2F36E53-LeaderElection256] INFO  impl.RaftServerImpl (RaftServerImpl.java:setRole(184)) - e3fb79a3-1f86-42af-a80c-c46d1acdbc29@group-7855C2F36E53: changes role from CANDIDATE to FOLLOWER at term 278 for DISCOVERED_A_NEW_TERM
2019-11-04 16:02:35,560 [e3fb79a3-1f86-42af-a80c-c46d1acdbc29@group-7855C2F36E53-LeaderElection256] INFO  impl.RoleInfo (RoleInfo.java:shutdownLeaderElection(134)) - e3fb79a3-1f86-42af-a80c-c46d1acdbc29: shutdown LeaderElection
2019-11-04 16:02:35,560 [e3fb79a3-1f86-42af-a80c-c46d1acdbc29@group-7855C2F36E53-LeaderElection256] INFO  impl.RoleInfo (RoleInfo.java:updateAndGet(143)) - e3fb79a3-1f86-42af-a80c-c46d1acdbc29: start FollowerState
2019-11-04 16:02:35,628 [Thread-1926] INFO  impl.FollowerState (FollowerState.java:run(108)) - e3fb79a3-1f86-42af-a80c-c46d1acdbc29@group-7855C2F36E53-FollowerState: change to CANDIDATE, lastRpcTime:67ms, electionTimeout:67ms
2019-11-04 16:02:35,628 [Thread-1926] INFO  impl.RoleInfo (RoleInfo.java:shutdownFollowerState(121)) - e3fb79a3-1f86-42af-a80c-c46d1acdbc29: shutdown FollowerState
2019-11-04 16:02:35,628 [Thread-1926] INFO  impl.RaftServerImpl (RaftServerImpl.java:setRole(184)) - e3fb79a3-1f86-42af-a80c-c46d1acdbc29@group-7855C2F36E53: changes role from  FOLLOWER to CANDIDATE at term 278 for changeToCandidate
2019-11-04 16:02:35,628 [Thread-1926] INFO  impl.RoleInfo (RoleInfo.java:updateAndGet(143)) - e3fb79a3-1f86-42af-a80c-c46d1acdbc29: start LeaderElection
2019-11-04 16:02:35,642 [e3fb79a3-1f86-42af-a80c-c46d1acdbc29@group-7855C2F36E53-LeaderElection257] INFO  impl.LeaderElection (LeaderElection.java:askForVotes(178)) - e3fb79a3-1f86-42af-a80c-c46d1acdbc29@group-7855C2F36E53-LeaderElection257: begin an election at term 279 for -1: [e3fb79a3-1f86-42af-a80c-c46d1acdbc29:192.168.157.194:44142, 81ff859e-e76f-43f5-951a-4a38422068cb:192.168.157.194:46532, a9143d84-6d7f-497d-b770-eb75585db3c7:192.168.157.194:42126], old=null
2019-11-04 16:02:35,644 [grpc-default-executor-1] INFO  impl.RaftServerImpl (RaftServerImpl.java:setRole(184)) - 81ff859e-e76f-43f5-951a-4a38422068cb@group-7855C2F36E53: changes role from  FOLLOWER to FOLLOWER at term 279 for recognizeCandidate:e3fb79a3-1f86-42af-a80c-c46d1acdbc29
2019-11-04 16:02:35,644 [grpc-default-executor-1] INFO  impl.RoleInfo (RoleInfo.java:shutdownFollowerState(121)) - 81ff859e-e76f-43f5-951a-4a38422068cb: shutdown FollowerState
2019-11-04 16:02:35,644 [grpc-default-executor-4] INFO  impl.RaftServerImpl (RaftServerImpl.java:setRole(184)) - a9143d84-6d7f-497d-b770-eb75585db3c7@group-7855C2F36E53: changes role from  FOLLOWER to FOLLOWER at term 279 for recognizeCandidate:e3fb79a3-1f86-42af-a80c-c46d1acdbc29
2019-11-04 16:02:35,644 [grpc-default-executor-4] INFO  impl.RoleInfo (RoleInfo.java:shutdownFollowerState(121)) - a9143d84-6d7f-497d-b770-eb75585db3c7: shutdown FollowerState
2019-11-04 16:02:35,644 [Thread-1925] INFO  impl.FollowerState (FollowerState.java:run(117)) - 81ff859e-e76f-43f5-951a-4a38422068cb@group-7855C2F36E53-FollowerState was interrupted: java.lang.InterruptedException: sleep interrupted
2019-11-04 16:02:35,644 [grpc-default-executor-1] INFO  impl.RoleInfo (RoleInfo.java:updateAndGet(143)) - 81ff859e-e76f-43f5-951a-4a38422068cb: start FollowerState
2019-11-04 16:02:35,645 [Thread-1924] INFO  impl.FollowerState (FollowerState.java:run(117)) - a9143d84-6d7f-497d-b770-eb75585db3c7@group-7855C2F36E53-FollowerState was interrupted: java.lang.InterruptedException: sleep interrupted
2019-11-04 16:02:35,644 [grpc-default-executor-4] INFO  impl.RoleInfo (RoleInfo.java:updateAndGet(143)) - a9143d84-6d7f-497d-b770-eb75585db3c7: start FollowerState
2019-11-04 16:02:35,659 [e3fb79a3-1f86-42af-a80c-c46d1acdbc29@group-7855C2F36E53-LeaderElection257] INFO  impl.LeaderElection (LeaderElection.java:logAndReturn(56)) - e3fb79a3-1f86-42af-a80c-c46d1acdbc29@group-7855C2F36E53-LeaderElection257: Election REJECTED; received 2 response(s) [e3fb79a3-1f86-42af-a80c-c46d1acdbc29<-81ff859e-e76f-43f5-951a-4a38422068cb#0:FAIL-t279, e3fb79a3-1f86-42af-a80c-c46d1acdbc29<-a9143d84-6d7f-497d-b770-eb75585db3c7#0:FAIL-t279] and 0 exception(s); e3fb79a3-1f86-42af-a80c-c46d1acdbc29@group-7855C2F36E53:t279, leader=null, voted=e3fb79a3-1f86-42af-a80c-c46d1acdbc29, raftlog=e3fb79a3-1f86-42af-a80c-c46d1acdbc29@group-7855C2F36E53-SegmentedRaftLog:OPENED:c-1,f-1,i0, conf=-1: [e3fb79a3-1f86-42af-a80c-c46d1acdbc29:192.168.157.194:44142, 81ff859e-e76f-43f5-951a-4a38422068cb:192.168.157.194:46532, a9143d84-6d7f-497d-b770-eb75585db3c7:192.168.157.194:42126], old=null
2019-11-04 16:02:35,659 [e3fb79a3-1f86-42af-a80c-c46d1acdbc29@group-7855C2F36E53-LeaderElection257] INFO  impl.RaftServerImpl (RaftServerImpl.java:setRole(184)) - e3fb79a3-1f86-42af-a80c-c46d1acdbc29@group-7855C2F36E53: changes role from CANDIDATE to FOLLOWER at term 279 for DISCOVERED_A_NEW_TERM
2019-11-04 16:02:35,659 [e3fb79a3-1f86-42af-a80c-c46d1acdbc29@group-7855C2F36E53-LeaderElection257] INFO  impl.RoleInfo (RoleInfo.java:shutdownLeaderElection(134)) - e3fb79a3-1f86-42af-a80c-c46d1acdbc29: shutdown LeaderElection
2019-11-04 16:02:35,659 [e3fb79a3-1f86-42af-a80c-c46d1acdbc29@group-7855C2F36E53-LeaderElection257] INFO  impl.RoleInfo (RoleInfo.java:updateAndGet(143)) - e3fb79a3-1f86-42af-a80c-c46d1acdbc29: start FollowerState
2019-11-04 16:02:35,724 [Thread-1932] INFO  impl.FollowerState (FollowerState.java:run(108)) - e3fb79a3-1f86-42af-a80c-c46d1acdbc29@group-7855C2F36E53-FollowerState: change to CANDIDATE, lastRpcTime:64ms, electionTimeout:64ms
2019-11-04 16:02:35,724 [Thread-1932] INFO  impl.RoleInfo (RoleInfo.java:shutdownFollowerState(121)) - e3fb79a3-1f86-42af-a80c-c46d1acdbc29: shutdown FollowerState
2019-11-04 16:02:35,724 [Thread-1932] INFO  impl.RaftServerImpl (RaftServerImpl.java:setRole(184)) - e3fb79a3-1f86-42af-a80c-c46d1acdbc29@group-7855C2F36E53: changes role from  FOLLOWER to CANDIDATE at term 279 for changeToCandidate
2019-11-04 16:02:35,724 [Thread-1932] INFO  impl.RoleInfo (RoleInfo.java:updateAndGet(143)) - e3fb79a3-1f86-42af-a80c-c46d1acdbc29: start LeaderElection
2019-11-04 16:02:35,746 [e3fb79a3-1f86-42af-a80c-c46d1acdbc29@group-7855C2F36E53-LeaderElection258] INFO  impl.LeaderElection (LeaderElection.java:askForVotes(178)) - e3fb79a3-1f86-42af-a80c-c46d1acdbc29@group-7855C2F36E53-LeaderElection258: begin an election at term 280 for -1: [e3fb79a3-1f86-42af-a80c-c46d1acdbc29:192.168.157.194:44142, 81ff859e-e76f-43f5-951a-4a38422068cb:192.168.157.194:46532, a9143d84-6d7f-497d-b770-eb75585db3c7:192.168.157.194:42126], old=null
2019-11-04 16:02:35,749 [grpc-default-executor-4] INFO  impl.RaftServerImpl (RaftServerImpl.java:setRole(184)) - 81ff859e-e76f-43f5-951a-4a38422068cb@group-7855C2F36E53: changes role from  FOLLOWER to FOLLOWER at term 280 for recognizeCandidate:e3fb79a3-1f86-42af-a80c-c46d1acdbc29
2019-11-04 16:02:35,749 [grpc-default-executor-4] INFO  impl.RoleInfo (RoleInfo.java:shutdownFollowerState(121)) - 81ff859e-e76f-43f5-951a-4a38422068cb: shutdown FollowerState
2019-11-04 16:02:35,749 [grpc-default-executor-4] INFO  impl.RoleInfo (RoleInfo.java:updateAndGet(143)) - 81ff859e-e76f-43f5-951a-4a38422068cb: start FollowerState
2019-11-04 16:02:35,749 [Thread-1930] INFO  impl.FollowerState (FollowerState.java:run(117)) - 81ff859e-e76f-43f5-951a-4a38422068cb@group-7855C2F36E53-FollowerState was interrupted: java.lang.InterruptedException: sleep interrupted
2019-11-04 16:02:35,749 [grpc-default-executor-1] INFO  impl.RaftServerImpl (RaftServerImpl.java:setRole(184)) - a9143d84-6d7f-497d-b770-eb75585db3c7@group-7855C2F36E53: changes role from  FOLLOWER to FOLLOWER at term 280 for recognizeCandidate:e3fb79a3-1f86-42af-a80c-c46d1acdbc29
2019-11-04 16:02:35,749 [grpc-default-executor-1] INFO  impl.RoleInfo (RoleInfo.java:shutdownFollowerState(121)) - a9143d84-6d7f-497d-b770-eb75585db3c7: shutdown FollowerState
2019-11-04 16:02:35,749 [grpc-default-executor-1] INFO  impl.RoleInfo (RoleInfo.java:updateAndGet(143)) - a9143d84-6d7f-497d-b770-eb75585db3c7: start FollowerState
2019-11-04 16:02:35,750 [Thread-1931] INFO  impl.FollowerState (FollowerState.java:run(117)) - a9143d84-6d7f-497d-b770-eb75585db3c7@group-7855C2F36E53-FollowerState was interrupted: java.lang.InterruptedException: sleep interrupted
2019-11-04 16:02:35,763 [e3fb79a3-1f86-42af-a80c-c46d1acdbc29@group-7855C2F36E53-LeaderElection258] INFO  impl.LeaderElection (LeaderElection.java:logAndReturn(56)) - e3fb79a3-1f86-42af-a80c-c46d1acdbc29@group-7855C2F36E53-LeaderElection258: Election REJECTED; received 2 response(s) [e3fb79a3-1f86-42af-a80c-c46d1acdbc29<-81ff859e-e76f-43f5-951a-4a38422068cb#0:FAIL-t280, e3fb79a3-1f86-42af-a80c-c46d1acdbc29<-a9143d84-6d7f-497d-b770-eb75585db3c7#0:FAIL-t280] and 0 exception(s); e3fb79a3-1f86-42af-a80c-c46d1acdbc29@group-7855C2F36E53:t280, leader=null, voted=e3fb79a3-1f86-42af-a80c-c46d1acdbc29, raftlog=e3fb79a3-1f86-42af-a80c-c46d1acdbc29@group-7855C2F36E53-SegmentedRaftLog:OPENED:c-1,f-1,i0, conf=-1: [e3fb79a3-1f86-42af-a80c-c46d1acdbc29:192.168.157.194:44142, 81ff859e-e76f-43f5-951a-4a38422068cb:192.168.157.194:46532, a9143d84-6d7f-497d-b770-eb75585db3c7:192.168.157.194:42126], old=null
2019-11-04 16:02:35,763 [e3fb79a3-1f86-42af-a80c-c46d1acdbc29@group-7855C2F36E53-LeaderElection258] INFO  impl.RaftServerImpl (RaftServerImpl.java:setRole(184)) - e3fb79a3-1f86-42af-a80c-c46d1acdbc29@group-7855C2F36E53: changes role from CANDIDATE to FOLLOWER at term 280 for DISCOVERED_A_NEW_TERM
2019-11-04 16:02:35,764 [e3fb79a3-1f86-42af-a80c-c46d1acdbc29@group-7855C2F36E53-LeaderElection258] INFO  impl.RoleInfo (RoleInfo.java:shutdownLeaderElection(134)) - e3fb79a3-1f86-42af-a80c-c46d1acdbc29: shutdown LeaderElection
2019-11-04 16:02:35,764 [e3fb79a3-1f86-42af-a80c-c46d1acdbc29@group-7855C2F36E53-LeaderElection258] INFO  impl.RoleInfo (RoleInfo.java:updateAndGet(143)) - e3fb79a3-1f86-42af-a80c-c46d1acdbc29: start FollowerState
2019-11-04 16:02:35,767 [Thread-1938] INFO  impl.FollowerState (FollowerState.java:run(108)) - e3fb79a3-1f86-42af-a80c-c46d1acdbc29@group-7855C2F36E53-FollowerState: change to CANDIDATE, lastRpcTime:3ms, electionTimeout:3ms
2019-11-04 16:02:35,767 [Thread-1938] INFO  impl.RoleInfo (RoleInfo.java:shutdownFollowerState(121)) - e3fb79a3-1f86-42af-a80c-c46d1acdbc29: shutdown FollowerState
2019-11-04 16:02:35,767 [Thread-1938] INFO  impl.RaftServerImpl (RaftServerImpl.java:setRole(184)) - e3fb79a3-1f86-42af-a80c-c46d1acdbc29@group-7855C2F36E53: changes role from  FOLLOWER to CANDIDATE at term 280 for changeToCandidate
2019-11-04 16:02:35,768 [Thread-1938] INFO  impl.RoleInfo (RoleInfo.java:updateAndGet(143)) - e3fb79a3-1f86-42af-a80c-c46d1acdbc29: start LeaderElection
2019-11-04 16:02:35,791 [e3fb79a3-1f86-42af-a80c-c46d1acdbc29@group-7855C2F36E53-LeaderElection259] INFO  impl.LeaderElection (LeaderElection.java:askForVotes(178)) - e3fb79a3-1f86-42af-a80c-c46d1acdbc29@group-7855C2F36E53-LeaderElection259: begin an election at term 281 for -1: [e3fb79a3-1f86-42af-a80c-c46d1acdbc29:192.168.157.194:44142, 81ff859e-e76f-43f5-951a-4a38422068cb:192.168.157.194:46532, a9143d84-6d7f-497d-b770-eb75585db3c7:192.168.157.194:42126], old=null
2019-11-04 16:02:35,794 [grpc-default-executor-1] INFO  impl.RaftServerImpl (RaftServerImpl.java:setRole(184)) - a9143d84-6d7f-497d-b770-eb75585db3c7@group-7855C2F36E53: changes role from  FOLLOWER to FOLLOWER at term 281 for recognizeCandidate:e3fb79a3-1f86-42af-a80c-c46d1acdbc29
2019-11-04 16:02:35,794 [grpc-default-executor-4] INFO  impl.RaftServerImpl (RaftServerImpl.java:setRole(184)) - 81ff859e-e76f-43f5-951a-4a38422068cb@group-7855C2F36E53: changes role from  FOLLOWER to FOLLOWER at term 281 for recognizeCandidate:e3fb79a3-1f86-42af-a80c-c46d1acdbc29
2019-11-04 16:02:35,794 [grpc-default-executor-1] INFO  impl.RoleInfo (RoleInfo.java:shutdownFollowerState(121)) - a9143d84-6d7f-497d-b770-eb75585db3c7: shutdown FollowerState
2019-11-04 16:02:35,795 [grpc-default-executor-4] INFO  impl.RoleInfo (RoleInfo.java:shutdownFollowerState(121)) - 81ff859e-e76f-43f5-951a-4a38422068cb: shutdown FollowerState
2019-11-04 16:02:35,795 [Thread-1937] INFO  impl.FollowerState (FollowerState.java:run(117)) - a9143d84-6d7f-497d-b770-eb75585db3c7@group-7855C2F36E53-FollowerState was interrupted: java.lang.InterruptedException: sleep interrupted
2019-11-04 16:02:35,795 [grpc-default-executor-1] INFO  impl.RoleInfo (RoleInfo.java:updateAndGet(143)) - a9143d84-6d7f-497d-b770-eb75585db3c7: start FollowerState
2019-11-04 16:02:35,795 [Thread-1936] INFO  impl.FollowerState (FollowerState.java:run(117)) - 81ff859e-e76f-43f5-951a-4a38422068cb@group-7855C2F36E53-FollowerState was interrupted: java.lang.InterruptedException: sleep interrupted
2019-11-04 16:02:35,795 [grpc-default-executor-4] INFO  impl.RoleInfo (RoleInfo.java:updateAndGet(143)) - 81ff859e-e76f-43f5-951a-4a38422068cb: start FollowerState
2019-11-04 16:02:35,808 [e3fb79a3-1f86-42af-a80c-c46d1acdbc29@group-7855C2F36E53-LeaderElection259] INFO  impl.LeaderElection (LeaderElection.java:logAndReturn(56)) - e3fb79a3-1f86-42af-a80c-c46d1acdbc29@group-7855C2F36E53-LeaderElection259: Election REJECTED; received 2 response(s) [e3fb79a3-1f86-42af-a80c-c46d1acdbc29<-81ff859e-e76f-43f5-951a-4a38422068cb#0:FAIL-t281, e3fb79a3-1f86-42af-a80c-c46d1acdbc29<-a9143d84-6d7f-497d-b770-eb75585db3c7#0:FAIL-t281] and 0 exception(s); e3fb79a3-1f86-42af-a80c-c46d1acdbc29@group-7855C2F36E53:t281, leader=null, voted=e3fb79a3-1f86-42af-a80c-c46d1acdbc29, raftlog=e3fb79a3-1f86-42af-a80c-c46d1acdbc29@group-7855C2F36E53-SegmentedRaftLog:OPENED:c-1,f-1,i0, conf=-1: [e3fb79a3-1f86-42af-a80c-c46d1acdbc29:192.168.157.194:44142, 81ff859e-e76f-43f5-951a-4a38422068cb:192.168.157.194:46532, a9143d84-6d7f-497d-b770-eb75585db3c7:192.168.157.194:42126], old=null
2019-11-04 16:02:35,809 [e3fb79a3-1f86-42af-a80c-c46d1acdbc29@group-7855C2F36E53-LeaderElection259] INFO  impl.RaftServerImpl (RaftServerImpl.java:setRole(184)) - e3fb79a3-1f86-42af-a80c-c46d1acdbc29@group-7855C2F36E53: changes role from CANDIDATE to FOLLOWER at term 281 for DISCOVERED_A_NEW_TERM
2019-11-04 16:02:35,809 [e3fb79a3-1f86-42af-a80c-c46d1acdbc29@group-7855C2F36E53-LeaderElection259] INFO  impl.RoleInfo (RoleInfo.java:shutdownLeaderElection(134)) - e3fb79a3-1f86-42af-a80c-c46d1acdbc29: shutdown LeaderElection
2019-11-04 16:02:35,809 [e3fb79a3-1f86-42af-a80c-c46d1acdbc29@group-7855C2F36E53-LeaderElection259] INFO  impl.RoleInfo (RoleInfo.java:updateAndGet(143)) - e3fb79a3-1f86-42af-a80c-c46d1acdbc29: start FollowerState
2019-11-04 16:02:35,829 [Thread-1944] INFO  impl.FollowerState (FollowerState.java:run(108)) - e3fb79a3-1f86-42af-a80c-c46d1acdbc29@group-7855C2F36E53-FollowerState: change to CANDIDATE, lastRpcTime:20ms, electionTimeout:20ms
2019-11-04 16:02:35,830 [Thread-1944] INFO  impl.RoleInfo (RoleInfo.java:shutdownFollowerState(121)) - e3fb79a3-1f86-42af-a80c-c46d1acdbc29: shutdown FollowerState
2019-11-04 16:02:35,830 [Thread-1944] INFO  impl.RaftServerImpl (RaftServerImpl.java:setRole(184)) - e3fb79a3-1f86-42af-a80c-c46d1acdbc29@group-7855C2F36E53: changes role from  FOLLOWER to CANDIDATE at term 281 for changeToCandidate
2019-11-04 16:02:35,830 [Thread-1944] INFO  impl.RoleInfo (RoleInfo.java:updateAndGet(143)) - e3fb79a3-1f86-42af-a80c-c46d1acdbc29: start LeaderElection
2019-11-04 16:02:35,843 [e3fb79a3-1f86-42af-a80c-c46d1acdbc29@group-7855C2F36E53-LeaderElection260] INFO  impl.LeaderElection (LeaderElection.java:askForVotes(178)) - e3fb79a3-1f86-42af-a80c-c46d1acdbc29@group-7855C2F36E53-LeaderElection260: begin an election at term 282 for -1: [e3fb79a3-1f86-42af-a80c-c46d1acdbc29:192.168.157.194:44142, 81ff859e-e76f-43f5-951a-4a38422068cb:192.168.157.194:46532, a9143d84-6d7f-497d-b770-eb75585db3c7:192.168.157.194:42126], old=null
2019-11-04 16:02:35,845 [grpc-default-executor-1] INFO  impl.RaftServerImpl (RaftServerImpl.java:setRole(184)) - 81ff859e-e76f-43f5-951a-4a38422068cb@group-7855C2F36E53: changes role from  FOLLOWER to FOLLOWER at term 282 for recognizeCandidate:e3fb79a3-1f86-42af-a80c-c46d1acdbc29
2019-11-04 16:02:35,845 [grpc-default-executor-1] INFO  impl.RoleInfo (RoleInfo.java:shutdownFollowerState(121)) - 81ff859e-e76f-43f5-951a-4a38422068cb: shutdown FollowerState
2019-11-04 16:02:35,845 [grpc-default-executor-1] INFO  impl.RoleInfo (RoleInfo.java:updateAndGet(143)) - 81ff859e-e76f-43f5-951a-4a38422068cb: start FollowerState
2019-11-04 16:02:35,845 [Thread-1943] INFO  impl.FollowerState (FollowerState.java:run(117)) - 81ff859e-e76f-43f5-951a-4a38422068cb@group-7855C2F36E53-FollowerState was interrupted: java.lang.InterruptedException: sleep interrupted
2019-11-04 16:02:35,846 [grpc-default-executor-4] INFO  impl.RaftServerImpl (RaftServerImpl.java:setRole(184)) - a9143d84-6d7f-497d-b770-eb75585db3c7@group-7855C2F36E53: changes role from  FOLLOWER to FOLLOWER at term 282 for recognizeCandidate:e3fb79a3-1f86-42af-a80c-c46d1acdbc29
2019-11-04 16:02:35,846 [grpc-default-executor-4] INFO  impl.RoleInfo (RoleInfo.java:shutdownFollowerState(121)) - a9143d84-6d7f-497d-b770-eb75585db3c7: shutdown FollowerState
2019-11-04 16:02:35,846 [grpc-default-executor-4] INFO  impl.RoleInfo (RoleInfo.java:updateAndGet(143)) - a9143d84-6d7f-497d-b770-eb75585db3c7: start FollowerState
2019-11-04 16:02:35,846 [Thread-1942] INFO  impl.FollowerState (FollowerState.java:run(117)) - a9143d84-6d7f-497d-b770-eb75585db3c7@group-7855C2F36E53-FollowerState was interrupted: java.lang.InterruptedException: sleep interrupted
2019-11-04 16:02:35,872 [e3fb79a3-1f86-42af-a80c-c46d1acdbc29@group-7855C2F36E53-LeaderElection260] INFO  impl.LeaderElection (LeaderElection.java:logAndReturn(56)) - e3fb79a3-1f86-42af-a80c-c46d1acdbc29@group-7855C2F36E53-LeaderElection260: Election REJECTED; received 2 response(s) [e3fb79a3-1f86-42af-a80c-c46d1acdbc29<-81ff859e-e76f-43f5-951a-4a38422068cb#0:FAIL-t282, e3fb79a3-1f86-42af-a80c-c46d1acdbc29<-a9143d84-6d7f-497d-b770-eb75585db3c7#0:FAIL-t282] and 0 exception(s); e3fb79a3-1f86-42af-a80c-c46d1acdbc29@group-7855C2F36E53:t282, leader=null, voted=e3fb79a3-1f86-42af-a80c-c46d1acdbc29, raftlog=e3fb79a3-1f86-42af-a80c-c46d1acdbc29@group-7855C2F36E53-SegmentedRaftLog:OPENED:c-1,f-1,i0, conf=-1: [e3fb79a3-1f86-42af-a80c-c46d1acdbc29:192.168.157.194:44142, 81ff859e-e76f-43f5-951a-4a38422068cb:192.168.157.194:46532, a9143d84-6d7f-497d-b770-eb75585db3c7:192.168.157.194:42126], old=null
2019-11-04 16:02:35,872 [e3fb79a3-1f86-42af-a80c-c46d1acdbc29@group-7855C2F36E53-LeaderElection260] INFO  impl.RaftServerImpl (RaftServerImpl.java:setRole(184)) - e3fb79a3-1f86-42af-a80c-c46d1acdbc29@group-7855C2F36E53: changes role from CANDIDATE to FOLLOWER at term 282 for DISCOVERED_A_NEW_TERM
2019-11-04 16:02:35,873 [e3fb79a3-1f86-42af-a80c-c46d1acdbc29@group-7855C2F36E53-LeaderElection260] INFO  impl.RoleInfo (RoleInfo.java:shutdownLeaderElection(134)) - e3fb79a3-1f86-42af-a80c-c46d1acdbc29: shutdown LeaderElection
2019-11-04 16:02:35,873 [e3fb79a3-1f86-42af-a80c-c46d1acdbc29@group-7855C2F36E53-LeaderElection260] INFO  impl.RoleInfo (RoleInfo.java:updateAndGet(143)) - e3fb79a3-1f86-42af-a80c-c46d1acdbc29: start FollowerState
2019-11-04 16:02:35,966 [Thread-1950] INFO  impl.FollowerState (FollowerState.java:run(108)) - e3fb79a3-1f86-42af-a80c-c46d1acdbc29@group-7855C2F36E53-FollowerState: change to CANDIDATE, lastRpcTime:93ms, electionTimeout:93ms
2019-11-04 16:02:35,966 [Thread-1950] INFO  impl.RoleInfo (RoleInfo.java:shutdownFollowerState(121)) - e3fb79a3-1f86-42af-a80c-c46d1acdbc29: shutdown FollowerState
2019-11-04 16:02:35,967 [Thread-1950] INFO  impl.RaftServerImpl (RaftServerImpl.java:setRole(184)) - e3fb79a3-1f86-42af-a80c-c46d1acdbc29@group-7855C2F36E53: changes role from  FOLLOWER to CANDIDATE at term 282 for changeToCandidate
2019-11-04 16:02:35,967 [Thread-1950] INFO  impl.RoleInfo (RoleInfo.java:updateAndGet(143)) - e3fb79a3-1f86-42af-a80c-c46d1acdbc29: start LeaderElection
2019-11-04 16:02:35,982 [e3fb79a3-1f86-42af-a80c-c46d1acdbc29@group-7855C2F36E53-LeaderElection261] INFO  impl.LeaderElection (LeaderElection.java:askForVotes(178)) - e3fb79a3-1f86-42af-a80c-c46d1acdbc29@group-7855C2F36E53-LeaderElection261: begin an election at term 283 for -1: [e3fb79a3-1f86-42af-a80c-c46d1acdbc29:192.168.157.194:44142, 81ff859e-e76f-43f5-951a-4a38422068cb:192.168.157.194:46532, a9143d84-6d7f-497d-b770-eb75585db3c7:192.168.157.194:42126], old=null
2019-11-04 16:02:35,984 [grpc-default-executor-1] INFO  impl.RaftServerImpl (RaftServerImpl.java:setRole(184)) - a9143d84-6d7f-497d-b770-eb75585db3c7@group-7855C2F36E53: changes role from  FOLLOWER to FOLLOWER at term 283 for recognizeCandidate:e3fb79a3-1f86-42af-a80c-c46d1acdbc29
2019-11-04 16:02:35,984 [grpc-default-executor-4] INFO  impl.RaftServerImpl (RaftServerImpl.java:setRole(184)) - 81ff859e-e76f-43f5-951a-4a38422068cb@group-7855C2F36E53: changes role from  FOLLOWER to FOLLOWER at term 283 for recognizeCandidate:e3fb79a3-1f86-42af-a80c-c46d1acdbc29
2019-11-04 16:02:35,984 [grpc-default-executor-1] INFO  impl.RoleInfo (RoleInfo.java:shutdownFollowerState(121)) - a9143d84-6d7f-497d-b770-eb75585db3c7: shutdown FollowerState
2019-11-04 16:02:35,984 [grpc-default-executor-4] INFO  impl.RoleInfo (RoleInfo.java:shutdownFollowerState(121)) - 81ff859e-e76f-43f5-951a-4a38422068cb: shutdown FollowerState
2019-11-04 16:02:35,985 [Thread-1949] INFO  impl.FollowerState (FollowerState.java:run(117)) - a9143d84-6d7f-497d-b770-eb75585db3c7@group-7855C2F36E53-FollowerState was interrupted: java.lang.InterruptedException: sleep interrupted
2019-11-04 16:02:35,985 [grpc-default-executor-1] INFO  impl.RoleInfo (RoleInfo.java:updateAndGet(143)) - a9143d84-6d7f-497d-b770-eb75585db3c7: start FollowerState
2019-11-04 16:02:35,985 [Thread-1948] INFO  impl.FollowerState (FollowerState.java:run(117)) - 81ff859e-e76f-43f5-951a-4a38422068cb@group-7855C2F36E53-FollowerState was interrupted: java.lang.InterruptedException: sleep interrupted
2019-11-04 16:02:35,985 [grpc-default-executor-4] INFO  impl.RoleInfo (RoleInfo.java:updateAndGet(143)) - 81ff859e-e76f-43f5-951a-4a38422068cb: start FollowerState
2019-11-04 16:02:36,011 [e3fb79a3-1f86-42af-a80c-c46d1acdbc29@group-7855C2F36E53-LeaderElection261] INFO  impl.LeaderElection (LeaderElection.java:logAndReturn(56)) - e3fb79a3-1f86-42af-a80c-c46d1acdbc29@group-7855C2F36E53-LeaderElection261: Election REJECTED; received 2 response(s) [e3fb79a3-1f86-42af-a80c-c46d1acdbc29<-81ff859e-e76f-43f5-951a-4a38422068cb#0:FAIL-t283, e3fb79a3-1f86-42af-a80c-c46d1acdbc29<-a9143d84-6d7f-497d-b770-eb75585db3c7#0:FAIL-t283] and 0 exception(s); e3fb79a3-1f86-42af-a80c-c46d1acdbc29@group-7855C2F36E53:t283, leader=null, voted=e3fb79a3-1f86-42af-a80c-c46d1acdbc29, raftlog=e3fb79a3-1f86-42af-a80c-c46d1acdbc29@group-7855C2F36E53-SegmentedRaftLog:OPENED:c-1,f-1,i0, conf=-1: [e3fb79a3-1f86-42af-a80c-c46d1acdbc29:192.168.157.194:44142, 81ff859e-e76f-43f5-951a-4a38422068cb:192.168.157.194:46532, a9143d84-6d7f-497d-b770-eb75585db3c7:192.168.157.194:42126], old=null
2019-11-04 16:02:36,012 [e3fb79a3-1f86-42af-a80c-c46d1acdbc29@group-7855C2F36E53-LeaderElection261] INFO  impl.RaftServerImpl (RaftServerImpl.java:setRole(184)) - e3fb79a3-1f86-42af-a80c-c46d1acdbc29@group-7855C2F36E53: changes role from CANDIDATE to FOLLOWER at term 283 for DISCOVERED_A_NEW_TERM
2019-11-04 16:02:36,012 [e3fb79a3-1f86-42af-a80c-c46d1acdbc29@group-7855C2F36E53-LeaderElection261] INFO  impl.RoleInfo (RoleInfo.java:shutdownLeaderElection(134)) - e3fb79a3-1f86-42af-a80c-c46d1acdbc29: shutdown LeaderElection
2019-11-04 16:02:36,012 [e3fb79a3-1f86-42af-a80c-c46d1acdbc29@group-7855C2F36E53-LeaderElection261] INFO  impl.RoleInfo (RoleInfo.java:updateAndGet(143)) - e3fb79a3-1f86-42af-a80c-c46d1acdbc29: start FollowerState
2019-11-04 16:02:36,034 [Thread-1956] INFO  impl.FollowerState (FollowerState.java:run(108)) - e3fb79a3-1f86-42af-a80c-c46d1acdbc29@group-7855C2F36E53-FollowerState: change to CANDIDATE, lastRpcTime:22ms, electionTimeout:22ms
2019-11-04 16:02:36,035 [Thread-1956] INFO  impl.RoleInfo (RoleInfo.java:shutdownFollowerState(121)) - e3fb79a3-1f86-42af-a80c-c46d1acdbc29: shutdown FollowerState
2019-11-04 16:02:36,035 [Thread-1956] INFO  impl.RaftServerImpl (RaftServerImpl.java:setRole(184)) - e3fb79a3-1f86-42af-a80c-c46d1acdbc29@group-7855C2F36E53: changes role from  FOLLOWER to CANDIDATE at term 283 for changeToCandidate
2019-11-04 16:02:36,035 [Thread-1956] INFO  impl.RoleInfo (RoleInfo.java:updateAndGet(143)) - e3fb79a3-1f86-42af-a80c-c46d1acdbc29: start LeaderElection
2019-11-04 16:02:36,048 [e3fb79a3-1f86-42af-a80c-c46d1acdbc29@group-7855C2F36E53-LeaderElection262] INFO  impl.LeaderElection (LeaderElection.java:askForVotes(178)) - e3fb79a3-1f86-42af-a80c-c46d1acdbc29@group-7855C2F36E53-LeaderElection262: begin an election at term 284 for -1: [e3fb79a3-1f86-42af-a80c-c46d1acdbc29:192.168.157.194:44142, 81ff859e-e76f-43f5-951a-4a38422068cb:192.168.157.194:46532, a9143d84-6d7f-497d-b770-eb75585db3c7:192.168.157.194:42126], old=null
2019-11-04 16:02:36,050 [grpc-default-executor-4] INFO  impl.RaftServerImpl (RaftServerImpl.java:setRole(184)) - 81ff859e-e76f-43f5-951a-4a38422068cb@group-7855C2F36E53: changes role from  FOLLOWER to FOLLOWER at term 284 for recognizeCandidate:e3fb79a3-1f86-42af-a80c-c46d1acdbc29
2019-11-04 16:02:36,050 [grpc-default-executor-4] INFO  impl.RoleInfo (RoleInfo.java:shutdownFollowerState(121)) - 81ff859e-e76f-43f5-951a-4a38422068cb: shutdown FollowerState
2019-11-04 16:02:36,050 [grpc-default-executor-4] INFO  impl.RoleInfo (RoleInfo.java:updateAndGet(143)) - 81ff859e-e76f-43f5-951a-4a38422068cb: start FollowerState
2019-11-04 16:02:36,051 [grpc-default-executor-1] INFO  impl.RaftServerImpl (RaftServerImpl.java:setRole(184)) - a9143d84-6d7f-497d-b770-eb75585db3c7@group-7855C2F36E53: changes role from  FOLLOWER to FOLLOWER at term 284 for recognizeCandidate:e3fb79a3-1f86-42af-a80c-c46d1acdbc29
2019-11-04 16:02:36,050 [Thread-1955] INFO  impl.FollowerState (FollowerState.java:run(117)) - 81ff859e-e76f-43f5-951a-4a38422068cb@group-7855C2F36E53-FollowerState was interrupted: java.lang.InterruptedException: sleep interrupted
2019-11-04 16:02:36,051 [grpc-default-executor-1] INFO  impl.RoleInfo (RoleInfo.java:shutdownFollowerState(121)) - a9143d84-6d7f-497d-b770-eb75585db3c7: shutdown FollowerState
2019-11-04 16:02:36,051 [Thread-1954] INFO  impl.FollowerState (FollowerState.java:run(117)) - a9143d84-6d7f-497d-b770-eb75585db3c7@group-7855C2F36E53-FollowerState was interrupted: java.lang.InterruptedException: sleep interrupted
2019-11-04 16:02:36,051 [grpc-default-executor-1] INFO  impl.RoleInfo (RoleInfo.java:updateAndGet(143)) - a9143d84-6d7f-497d-b770-eb75585db3c7: start FollowerState
2019-11-04 16:02:36,070 [e3fb79a3-1f86-42af-a80c-c46d1acdbc29@group-7855C2F36E53-LeaderElection262] INFO  impl.LeaderElection (LeaderElection.java:logAndReturn(56)) - e3fb79a3-1f86-42af-a80c-c46d1acdbc29@group-7855C2F36E53-LeaderElection262: Election REJECTED; received 2 response(s) [e3fb79a3-1f86-42af-a80c-c46d1acdbc29<-81ff859e-e76f-43f5-951a-4a38422068cb#0:FAIL-t284, e3fb79a3-1f86-42af-a80c-c46d1acdbc29<-a9143d84-6d7f-497d-b770-eb75585db3c7#0:FAIL-t284] and 0 exception(s); e3fb79a3-1f86-42af-a80c-c46d1acdbc29@group-7855C2F36E53:t284, leader=null, voted=e3fb79a3-1f86-42af-a80c-c46d1acdbc29, raftlog=e3fb79a3-1f86-42af-a80c-c46d1acdbc29@group-7855C2F36E53-SegmentedRaftLog:OPENED:c-1,f-1,i0, conf=-1: [e3fb79a3-1f86-42af-a80c-c46d1acdbc29:192.168.157.194:44142, 81ff859e-e76f-43f5-951a-4a38422068cb:192.168.157.194:46532, a9143d84-6d7f-497d-b770-eb75585db3c7:192.168.157.194:42126], old=null
2019-11-04 16:02:36,070 [e3fb79a3-1f86-42af-a80c-c46d1acdbc29@group-7855C2F36E53-LeaderElection262] INFO  impl.RaftServerImpl (RaftServerImpl.java:setRole(184)) - e3fb79a3-1f86-42af-a80c-c46d1acdbc29@group-7855C2F36E53: changes role from CANDIDATE to FOLLOWER at term 284 for DISCOVERED_A_NEW_TERM
2019-11-04 16:02:36,070 [e3fb79a3-1f86-42af-a80c-c46d1acdbc29@group-7855C2F36E53-LeaderElection262] INFO  impl.RoleInfo (RoleInfo.java:shutdownLeaderElection(134)) - e3fb79a3-1f86-42af-a80c-c46d1acdbc29: shutdown LeaderElection
2019-11-04 16:02:36,070 [e3fb79a3-1f86-42af-a80c-c46d1acdbc29@group-7855C2F36E53-LeaderElection262] INFO  impl.RoleInfo (RoleInfo.java:updateAndGet(143)) - e3fb79a3-1f86-42af-a80c-c46d1acdbc29: start FollowerState
2019-11-04 16:02:36,196 [Thread-1962] INFO  impl.FollowerState (FollowerState.java:run(108)) - e3fb79a3-1f86-42af-a80c-c46d1acdbc29@group-7855C2F36E53-FollowerState: change to CANDIDATE, lastRpcTime:126ms, electionTimeout:126ms
2019-11-04 16:02:36,197 [Thread-1962] INFO  impl.RoleInfo (RoleInfo.java:shutdownFollowerState(121)) - e3fb79a3-1f86-42af-a80c-c46d1acdbc29: shutdown FollowerState
2019-11-04 16:02:36,197 [Thread-1962] INFO  impl.RaftServerImpl (RaftServerImpl.java:setRole(184)) - e3fb79a3-1f86-42af-a80c-c46d1acdbc29@group-7855C2F36E53: changes role from  FOLLOWER to CANDIDATE at term 284 for changeToCandidate
2019-11-04 16:02:36,197 [Thread-1962] INFO  impl.RoleInfo (RoleInfo.java:updateAndGet(143)) - e3fb79a3-1f86-42af-a80c-c46d1acdbc29: start LeaderElection
2019-11-04 16:02:36,210 [e3fb79a3-1f86-42af-a80c-c46d1acdbc29@group-7855C2F36E53-LeaderElection263] INFO  impl.LeaderElection (LeaderElection.java:askForVotes(178)) - e3fb79a3-1f86-42af-a80c-c46d1acdbc29@group-7855C2F36E53-LeaderElection263: begin an election at term 285 for -1: [e3fb79a3-1f86-42af-a80c-c46d1acdbc29:192.168.157.194:44142, 81ff859e-e76f-43f5-951a-4a38422068cb:192.168.157.194:46532, a9143d84-6d7f-497d-b770-eb75585db3c7:192.168.157.194:42126], old=null
2019-11-04 16:02:36,212 [grpc-default-executor-1] INFO  impl.RaftServerImpl (RaftServerImpl.java:setRole(184)) - a9143d84-6d7f-497d-b770-eb75585db3c7@group-7855C2F36E53: changes role from  FOLLOWER to FOLLOWER at term 285 for recognizeCandidate:e3fb79a3-1f86-42af-a80c-c46d1acdbc29
2019-11-04 16:02:36,212 [grpc-default-executor-4] INFO  impl.RaftServerImpl (RaftServerImpl.java:setRole(184)) - 81ff859e-e76f-43f5-951a-4a38422068cb@group-7855C2F36E53: changes role from  FOLLOWER to FOLLOWER at term 285 for recognizeCandidate:e3fb79a3-1f86-42af-a80c-c46d1acdbc29
2019-11-04 16:02:36,213 [grpc-default-executor-1] INFO  impl.RoleInfo (RoleInfo.java:shutdownFollowerState(121)) - a9143d84-6d7f-497d-b770-eb75585db3c7: shutdown FollowerState
2019-11-04 16:02:36,213 [grpc-default-executor-4] INFO  impl.RoleInfo (RoleInfo.java:shutdownFollowerState(121)) - 81ff859e-e76f-43f5-951a-4a38422068cb: shutdown FollowerState
2019-11-04 16:02:36,213 [Thread-1961] INFO  impl.FollowerState (FollowerState.java:run(117)) - a9143d84-6d7f-497d-b770-eb75585db3c7@group-7855C2F36E53-FollowerState was interrupted: java.lang.InterruptedException: sleep interrupted
2019-11-04 16:02:36,213 [grpc-default-executor-1] INFO  impl.RoleInfo (RoleInfo.java:updateAndGet(143)) - a9143d84-6d7f-497d-b770-eb75585db3c7: start FollowerState
2019-11-04 16:02:36,213 [Thread-1960] INFO  impl.FollowerState (FollowerState.java:run(117)) - 81ff859e-e76f-43f5-951a-4a38422068cb@group-7855C2F36E53-FollowerState was interrupted: java.lang.InterruptedException: sleep interrupted
2019-11-04 16:02:36,213 [grpc-default-executor-4] INFO  impl.RoleInfo (RoleInfo.java:updateAndGet(143)) - 81ff859e-e76f-43f5-951a-4a38422068cb: start FollowerState
2019-11-04 16:02:36,218 [e3fb79a3-1f86-42af-a80c-c46d1acdbc29@group-7855C2F36E53-LeaderElection263] INFO  impl.LeaderElection (LeaderElection.java:logAndReturn(56)) - e3fb79a3-1f86-42af-a80c-c46d1acdbc29@group-7855C2F36E53-LeaderElection263: Election TIMEOUT; received 0 response(s) [] and 0 exception(s); e3fb79a3-1f86-42af-a80c-c46d1acdbc29@group-7855C2F36E53:t285, leader=null, voted=e3fb79a3-1f86-42af-a80c-c46d1acdbc29, raftlog=e3fb79a3-1f86-42af-a80c-c46d1acdbc29@group-7855C2F36E53-SegmentedRaftLog:OPENED:c-1,f-1,i0, conf=-1: [e3fb79a3-1f86-42af-a80c-c46d1acdbc29:192.168.157.194:44142, 81ff859e-e76f-43f5-951a-4a38422068cb:192.168.157.194:46532, a9143d84-6d7f-497d-b770-eb75585db3c7:192.168.157.194:42126], old=null
2019-11-04 16:02:36,228 [e3fb79a3-1f86-42af-a80c-c46d1acdbc29@group-7855C2F36E53-LeaderElection263] INFO  impl.LeaderElection (LeaderElection.java:askForVotes(178)) - e3fb79a3-1f86-42af-a80c-c46d1acdbc29@group-7855C2F36E53-LeaderElection263: begin an election at term 286 for -1: [e3fb79a3-1f86-42af-a80c-c46d1acdbc29:192.168.157.194:44142, 81ff859e-e76f-43f5-951a-4a38422068cb:192.168.157.194:46532, a9143d84-6d7f-497d-b770-eb75585db3c7:192.168.157.194:42126], old=null
2019-11-04 16:02:36,230 [grpc-default-executor-1] INFO  impl.RaftServerImpl (RaftServerImpl.java:setRole(184)) - 81ff859e-e76f-43f5-951a-4a38422068cb@group-7855C2F36E53: changes role from  FOLLOWER to FOLLOWER at term 286 for recognizeCandidate:e3fb79a3-1f86-42af-a80c-c46d1acdbc29
2019-11-04 16:02:36,230 [grpc-default-executor-1] INFO  impl.RoleInfo (RoleInfo.java:shutdownFollowerState(121)) - 81ff859e-e76f-43f5-951a-4a38422068cb: shutdown FollowerState
2019-11-04 16:02:36,230 [grpc-default-executor-1] INFO  impl.RoleInfo (RoleInfo.java:updateAndGet(143)) - 81ff859e-e76f-43f5-951a-4a38422068cb: start FollowerState
2019-11-04 16:02:36,230 [Thread-1967] INFO  impl.FollowerState (FollowerState.java:run(117)) - 81ff859e-e76f-43f5-951a-4a38422068cb@group-7855C2F36E53-FollowerState was interrupted: java.lang.InterruptedException: sleep interrupted
2019-11-04 16:02:36,231 [grpc-default-executor-4] INFO  impl.RaftServerImpl (RaftServerImpl.java:setRole(184)) - a9143d84-6d7f-497d-b770-eb75585db3c7@group-7855C2F36E53: changes role from  FOLLOWER to FOLLOWER at term 286 for recognizeCandidate:e3fb79a3-1f86-42af-a80c-c46d1acdbc29
2019-11-04 16:02:36,231 [grpc-default-executor-4] INFO  impl.RoleInfo (RoleInfo.java:shutdownFollowerState(121)) - a9143d84-6d7f-497d-b770-eb75585db3c7: shutdown FollowerState
2019-11-04 16:02:36,231 [grpc-default-executor-4] INFO  impl.RoleInfo (RoleInfo.java:updateAndGet(143)) - a9143d84-6d7f-497d-b770-eb75585db3c7: start FollowerState
2019-11-04 16:02:36,231 [Thread-1966] INFO  impl.FollowerState (FollowerState.java:run(117)) - a9143d84-6d7f-497d-b770-eb75585db3c7@group-7855C2F36E53-FollowerState was interrupted: java.lang.InterruptedException: sleep interrupted
2019-11-04 16:02:36,256 [e3fb79a3-1f86-42af-a80c-c46d1acdbc29@group-7855C2F36E53-LeaderElection263] INFO  impl.LeaderElection (LeaderElection.java:logAndReturn(56)) - e3fb79a3-1f86-42af-a80c-c46d1acdbc29@group-7855C2F36E53-LeaderElection263: Election REJECTED; received 2 response(s) [e3fb79a3-1f86-42af-a80c-c46d1acdbc29<-81ff859e-e76f-43f5-951a-4a38422068cb#0:FAIL-t286, e3fb79a3-1f86-42af-a80c-c46d1acdbc29<-a9143d84-6d7f-497d-b770-eb75585db3c7#0:FAIL-t286] and 0 exception(s); e3fb79a3-1f86-42af-a80c-c46d1acdbc29@group-7855C2F36E53:t286, leader=null, voted=e3fb79a3-1f86-42af-a80c-c46d1acdbc29, raftlog=e3fb79a3-1f86-42af-a80c-c46d1acdbc29@group-7855C2F36E53-SegmentedRaftLog:OPENED:c-1,f-1,i0, conf=-1: [e3fb79a3-1f86-42af-a80c-c46d1acdbc29:192.168.157.194:44142, 81ff859e-e76f-43f5-951a-4a38422068cb:192.168.157.194:46532, a9143d84-6d7f-497d-b770-eb75585db3c7:192.168.157.194:42126], old=null
2019-11-04 16:02:36,256 [e3fb79a3-1f86-42af-a80c-c46d1acdbc29@group-7855C2F36E53-LeaderElection263] INFO  impl.RaftServerImpl (RaftServerImpl.java:setRole(184)) - e3fb79a3-1f86-42af-a80c-c46d1acdbc29@group-7855C2F36E53: changes role from CANDIDATE to FOLLOWER at term 286 for DISCOVERED_A_NEW_TERM
2019-11-04 16:02:36,256 [e3fb79a3-1f86-42af-a80c-c46d1acdbc29@group-7855C2F36E53-LeaderElection263] INFO  impl.RoleInfo (RoleInfo.java:shutdownLeaderElection(134)) - e3fb79a3-1f86-42af-a80c-c46d1acdbc29: shutdown LeaderElection
2019-11-04 16:02:36,256 [e3fb79a3-1f86-42af-a80c-c46d1acdbc29@group-7855C2F36E53-LeaderElection263] INFO  impl.RoleInfo (RoleInfo.java:updateAndGet(143)) - e3fb79a3-1f86-42af-a80c-c46d1acdbc29: start FollowerState
2019-11-04 16:02:36,277 [Thread-1972] INFO  impl.FollowerState (FollowerState.java:run(108)) - e3fb79a3-1f86-42af-a80c-c46d1acdbc29@group-7855C2F36E53-FollowerState: change to CANDIDATE, lastRpcTime:20ms, electionTimeout:20ms
2019-11-04 16:02:36,277 [Thread-1972] INFO  impl.RoleInfo (RoleInfo.java:shutdownFollowerState(121)) - e3fb79a3-1f86-42af-a80c-c46d1acdbc29: shutdown FollowerState
2019-11-04 16:02:36,277 [Thread-1972] INFO  impl.RaftServerImpl (RaftServerImpl.java:setRole(184)) - e3fb79a3-1f86-42af-a80c-c46d1acdbc29@group-7855C2F36E53: changes role from  FOLLOWER to CANDIDATE at term 286 for changeToCandidate
2019-11-04 16:02:36,277 [Thread-1972] INFO  impl.RoleInfo (RoleInfo.java:updateAndGet(143)) - e3fb79a3-1f86-42af-a80c-c46d1acdbc29: start LeaderElection
2019-11-04 16:02:36,292 [e3fb79a3-1f86-42af-a80c-c46d1acdbc29@group-7855C2F36E53-LeaderElection264] INFO  impl.LeaderElection (LeaderElection.java:askForVotes(178)) - e3fb79a3-1f86-42af-a80c-c46d1acdbc29@group-7855C2F36E53-LeaderElection264: begin an election at term 287 for -1: [e3fb79a3-1f86-42af-a80c-c46d1acdbc29:192.168.157.194:44142, 81ff859e-e76f-43f5-951a-4a38422068cb:192.168.157.194:46532, a9143d84-6d7f-497d-b770-eb75585db3c7:192.168.157.194:42126], old=null
2019-11-04 16:02:36,294 [grpc-default-executor-4] INFO  impl.RaftServerImpl (RaftServerImpl.java:setRole(184)) - 81ff859e-e76f-43f5-951a-4a38422068cb@group-7855C2F36E53: changes role from  FOLLOWER to FOLLOWER at term 287 for recognizeCandidate:e3fb79a3-1f86-42af-a80c-c46d1acdbc29
2019-11-04 16:02:36,294 [grpc-default-executor-1] INFO  impl.RaftServerImpl (RaftServerImpl.java:setRole(184)) - a9143d84-6d7f-497d-b770-eb75585db3c7@group-7855C2F36E53: changes role from  FOLLOWER to FOLLOWER at term 287 for recognizeCandidate:e3fb79a3-1f86-42af-a80c-c46d1acdbc29
2019-11-04 16:02:36,294 [grpc-default-executor-4] INFO  impl.RoleInfo (RoleInfo.java:shutdownFollowerState(121)) - 81ff859e-e76f-43f5-951a-4a38422068cb: shutdown FollowerState
2019-11-04 16:02:36,294 [grpc-default-executor-1] INFO  impl.RoleInfo (RoleInfo.java:shutdownFollowerState(121)) - a9143d84-6d7f-497d-b770-eb75585db3c7: shutdown FollowerState
2019-11-04 16:02:36,295 [Thread-1970] INFO  impl.FollowerState (FollowerState.java:run(117)) - 81ff859e-e76f-43f5-951a-4a38422068cb@group-7855C2F36E53-FollowerState was interrupted: java.lang.InterruptedException: sleep interrupted
2019-11-04 16:02:36,294 [grpc-default-executor-4] INFO  impl.RoleInfo (RoleInfo.java:updateAndGet(143)) - 81ff859e-e76f-43f5-951a-4a38422068cb: start FollowerState
2019-11-04 16:02:36,295 [Thread-1971] INFO  impl.FollowerState (FollowerState.java:run(117)) - a9143d84-6d7f-497d-b770-eb75585db3c7@group-7855C2F36E53-FollowerState was interrupted: java.lang.InterruptedException: sleep interrupted
2019-11-04 16:02:36,295 [grpc-default-executor-1] INFO  impl.RoleInfo (RoleInfo.java:updateAndGet(143)) - a9143d84-6d7f-497d-b770-eb75585db3c7: start FollowerState
2019-11-04 16:02:36,323 [e3fb79a3-1f86-42af-a80c-c46d1acdbc29@group-7855C2F36E53-LeaderElection264] INFO  impl.LeaderElection (LeaderElection.java:logAndReturn(56)) - e3fb79a3-1f86-42af-a80c-c46d1acdbc29@group-7855C2F36E53-LeaderElection264: Election REJECTED; received 2 response(s) [e3fb79a3-1f86-42af-a80c-c46d1acdbc29<-81ff859e-e76f-43f5-951a-4a38422068cb#0:FAIL-t287, e3fb79a3-1f86-42af-a80c-c46d1acdbc29<-a9143d84-6d7f-497d-b770-eb75585db3c7#0:FAIL-t287] and 0 exception(s); e3fb79a3-1f86-42af-a80c-c46d1acdbc29@group-7855C2F36E53:t287, leader=null, voted=e3fb79a3-1f86-42af-a80c-c46d1acdbc29, raftlog=e3fb79a3-1f86-42af-a80c-c46d1acdbc29@group-7855C2F36E53-SegmentedRaftLog:OPENED:c-1,f-1,i0, conf=-1: [e3fb79a3-1f86-42af-a80c-c46d1acdbc29:192.168.157.194:44142, 81ff859e-e76f-43f5-951a-4a38422068cb:192.168.157.194:46532, a9143d84-6d7f-497d-b770-eb75585db3c7:192.168.157.194:42126], old=null
2019-11-04 16:02:36,323 [e3fb79a3-1f86-42af-a80c-c46d1acdbc29@group-7855C2F36E53-LeaderElection264] INFO  impl.RaftServerImpl (RaftServerImpl.java:setRole(184)) - e3fb79a3-1f86-42af-a80c-c46d1acdbc29@group-7855C2F36E53: changes role from CANDIDATE to FOLLOWER at term 287 for DISCOVERED_A_NEW_TERM
2019-11-04 16:02:36,323 [e3fb79a3-1f86-42af-a80c-c46d1acdbc29@group-7855C2F36E53-LeaderElection264] INFO  impl.RoleInfo (RoleInfo.java:shutdownLeaderElection(134)) - e3fb79a3-1f86-42af-a80c-c46d1acdbc29: shutdown LeaderElection
2019-11-04 16:02:36,324 [e3fb79a3-1f86-42af-a80c-c46d1acdbc29@group-7855C2F36E53-LeaderElection264] INFO  impl.RoleInfo (RoleInfo.java:updateAndGet(143)) - e3fb79a3-1f86-42af-a80c-c46d1acdbc29: start FollowerState
2019-11-04 16:02:36,403 [Thread-1979] INFO  impl.FollowerState (FollowerState.java:run(108)) - e3fb79a3-1f86-42af-a80c-c46d1acdbc29@group-7855C2F36E53-FollowerState: change to CANDIDATE, lastRpcTime:79ms, electionTimeout:79ms
2019-11-04 16:02:36,403 [Thread-1979] INFO  impl.RoleInfo (RoleInfo.java:shutdownFollowerState(121)) - e3fb79a3-1f86-42af-a80c-c46d1acdbc29: shutdown FollowerState
2019-11-04 16:02:36,403 [Thread-1979] INFO  impl.RaftServerImpl (RaftServerImpl.java:setRole(184)) - e3fb79a3-1f86-42af-a80c-c46d1acdbc29@group-7855C2F36E53: changes role from  FOLLOWER to CANDIDATE at term 287 for changeToCandidate
2019-11-04 16:02:36,404 [Thread-1979] INFO  impl.RoleInfo (RoleInfo.java:updateAndGet(143)) - e3fb79a3-1f86-42af-a80c-c46d1acdbc29: start LeaderElection
2019-11-04 16:02:36,426 [e3fb79a3-1f86-42af-a80c-c46d1acdbc29@group-7855C2F36E53-LeaderElection265] INFO  impl.LeaderElection (LeaderElection.java:askForVotes(178)) - e3fb79a3-1f86-42af-a80c-c46d1acdbc29@group-7855C2F36E53-LeaderElection265: begin an election at term 288 for -1: [e3fb79a3-1f86-42af-a80c-c46d1acdbc29:192.168.157.194:44142, 81ff859e-e76f-43f5-951a-4a38422068cb:192.168.157.194:46532, a9143d84-6d7f-497d-b770-eb75585db3c7:192.168.157.194:42126], old=null
2019-11-04 16:02:36,428 [grpc-default-executor-1] INFO  impl.RaftServerImpl (RaftServerImpl.java:setRole(184)) - 81ff859e-e76f-43f5-951a-4a38422068cb@group-7855C2F36E53: changes role from  FOLLOWER to FOLLOWER at term 288 for recognizeCandidate:e3fb79a3-1f86-42af-a80c-c46d1acdbc29
2019-11-04 16:02:36,429 [grpc-default-executor-1] INFO  impl.RoleInfo (RoleInfo.java:shutdownFollowerState(121)) - 81ff859e-e76f-43f5-951a-4a38422068cb: shutdown FollowerState
2019-11-04 16:02:36,429 [grpc-default-executor-5] INFO  impl.RaftServerImpl (RaftServerImpl.java:setRole(184)) - a9143d84-6d7f-497d-b770-eb75585db3c7@group-7855C2F36E53: changes role from  FOLLOWER to FOLLOWER at term 288 for recognizeCandidate:e3fb79a3-1f86-42af-a80c-c46d1acdbc29
2019-11-04 16:02:36,429 [grpc-default-executor-5] INFO  impl.RoleInfo (RoleInfo.java:shutdownFollowerState(121)) - a9143d84-6d7f-497d-b770-eb75585db3c7: shutdown FollowerState
2019-11-04 16:02:36,429 [Thread-1976] INFO  impl.FollowerState (FollowerState.java:run(117)) - 81ff859e-e76f-43f5-951a-4a38422068cb@group-7855C2F36E53-FollowerState was interrupted: java.lang.InterruptedException: sleep interrupted
2019-11-04 16:02:36,429 [grpc-default-executor-1] INFO  impl.RoleInfo (RoleInfo.java:updateAndGet(143)) - 81ff859e-e76f-43f5-951a-4a38422068cb: start FollowerState
2019-11-04 16:02:36,429 [Thread-1977] INFO  impl.FollowerState (FollowerState.java:run(117)) - a9143d84-6d7f-497d-b770-eb75585db3c7@group-7855C2F36E53-FollowerState was interrupted: java.lang.InterruptedException: sleep interrupted
2019-11-04 16:02:36,429 [grpc-default-executor-5] INFO  impl.RoleInfo (RoleInfo.java:updateAndGet(143)) - a9143d84-6d7f-497d-b770-eb75585db3c7: start FollowerState
2019-11-04 16:02:36,439 [e3fb79a3-1f86-42af-a80c-c46d1acdbc29@group-7855C2F36E53-LeaderElection265] INFO  impl.LeaderElection (LeaderElection.java:logAndReturn(56)) - e3fb79a3-1f86-42af-a80c-c46d1acdbc29@group-7855C2F36E53-LeaderElection265: Election TIMEOUT; received 0 response(s) [] and 0 exception(s); e3fb79a3-1f86-42af-a80c-c46d1acdbc29@group-7855C2F36E53:t288, leader=null, voted=e3fb79a3-1f86-42af-a80c-c46d1acdbc29, raftlog=e3fb79a3-1f86-42af-a80c-c46d1acdbc29@group-7855C2F36E53-SegmentedRaftLog:OPENED:c-1,f-1,i0, conf=-1: [e3fb79a3-1f86-42af-a80c-c46d1acdbc29:192.168.157.194:44142, 81ff859e-e76f-43f5-951a-4a38422068cb:192.168.157.194:46532, a9143d84-6d7f-497d-b770-eb75585db3c7:192.168.157.194:42126], old=null
2019-11-04 16:02:36,444 [e3fb79a3-1f86-42af-a80c-c46d1acdbc29@group-7855C2F36E53-LeaderElection265] INFO  impl.LeaderElection (LeaderElection.java:askForVotes(178)) - e3fb79a3-1f86-42af-a80c-c46d1acdbc29@group-7855C2F36E53-LeaderElection265: begin an election at term 289 for -1: [e3fb79a3-1f86-42af-a80c-c46d1acdbc29:192.168.157.194:44142, 81ff859e-e76f-43f5-951a-4a38422068cb:192.168.157.194:46532, a9143d84-6d7f-497d-b770-eb75585db3c7:192.168.157.194:42126], old=null
2019-11-04 16:02:36,446 [grpc-default-executor-5] INFO  impl.RaftServerImpl (RaftServerImpl.java:setRole(184)) - 81ff859e-e76f-43f5-951a-4a38422068cb@group-7855C2F36E53: changes role from  FOLLOWER to FOLLOWER at term 289 for recognizeCandidate:e3fb79a3-1f86-42af-a80c-c46d1acdbc29
2019-11-04 16:02:36,446 [grpc-default-executor-1] INFO  impl.RaftServerImpl (RaftServerImpl.java:setRole(184)) - a9143d84-6d7f-497d-b770-eb75585db3c7@group-7855C2F36E53: changes role from  FOLLOWER to FOLLOWER at term 289 for recognizeCandidate:e3fb79a3-1f86-42af-a80c-c46d1acdbc29
2019-11-04 16:02:36,446 [grpc-default-executor-1] INFO  impl.RoleInfo (RoleInfo.java:shutdownFollowerState(121)) - a9143d84-6d7f-497d-b770-eb75585db3c7: shutdown FollowerState
2019-11-04 16:02:36,446 [grpc-default-executor-5] INFO  impl.RoleInfo (RoleInfo.java:shutdownFollowerState(121)) - 81ff859e-e76f-43f5-951a-4a38422068cb: shutdown FollowerState
2019-11-04 16:02:36,446 [Thread-1985] INFO  impl.FollowerState (FollowerState.java:run(117)) - a9143d84-6d7f-497d-b770-eb75585db3c7@group-7855C2F36E53-FollowerState was interrupted: java.lang.InterruptedException: sleep interrupted
2019-11-04 16:02:36,446 [grpc-default-executor-1] INFO  impl.RoleInfo (RoleInfo.java:updateAndGet(143)) - a9143d84-6d7f-497d-b770-eb75585db3c7: start FollowerState
2019-11-04 16:02:36,447 [Thread-1984] INFO  impl.FollowerState (FollowerState.java:run(117)) - 81ff859e-e76f-43f5-951a-4a38422068cb@group-7855C2F36E53-FollowerState was interrupted: java.lang.InterruptedException: sleep interrupted
2019-11-04 16:02:36,447 [grpc-default-executor-5] INFO  impl.RoleInfo (RoleInfo.java:updateAndGet(143)) - 81ff859e-e76f-43f5-951a-4a38422068cb: start FollowerState
2019-11-04 16:02:36,472 [e3fb79a3-1f86-42af-a80c-c46d1acdbc29@group-7855C2F36E53-LeaderElection265] INFO  impl.LeaderElection (LeaderElection.java:logAndReturn(56)) - e3fb79a3-1f86-42af-a80c-c46d1acdbc29@group-7855C2F36E53-LeaderElection265: Election REJECTED; received 2 response(s) [e3fb79a3-1f86-42af-a80c-c46d1acdbc29<-81ff859e-e76f-43f5-951a-4a38422068cb#0:FAIL-t289, e3fb79a3-1f86-42af-a80c-c46d1acdbc29<-a9143d84-6d7f-497d-b770-eb75585db3c7#0:FAIL-t289] and 0 exception(s); e3fb79a3-1f86-42af-a80c-c46d1acdbc29@group-7855C2F36E53:t289, leader=null, voted=e3fb79a3-1f86-42af-a80c-c46d1acdbc29, raftlog=e3fb79a3-1f86-42af-a80c-c46d1acdbc29@group-7855C2F36E53-SegmentedRaftLog:OPENED:c-1,f-1,i0, conf=-1: [e3fb79a3-1f86-42af-a80c-c46d1acdbc29:192.168.157.194:44142, 81ff859e-e76f-43f5-951a-4a38422068cb:192.168.157.194:46532, a9143d84-6d7f-497d-b770-eb75585db3c7:192.168.157.194:42126], old=null
2019-11-04 16:02:36,473 [e3fb79a3-1f86-42af-a80c-c46d1acdbc29@group-7855C2F36E53-LeaderElection265] INFO  impl.RaftServerImpl (RaftServerImpl.java:setRole(184)) - e3fb79a3-1f86-42af-a80c-c46d1acdbc29@group-7855C2F36E53: changes role from CANDIDATE to FOLLOWER at term 289 for DISCOVERED_A_NEW_TERM
2019-11-04 16:02:36,473 [e3fb79a3-1f86-42af-a80c-c46d1acdbc29@group-7855C2F36E53-LeaderElection265] INFO  impl.RoleInfo (RoleInfo.java:shutdownLeaderElection(134)) - e3fb79a3-1f86-42af-a80c-c46d1acdbc29: shutdown LeaderElection
2019-11-04 16:02:36,473 [e3fb79a3-1f86-42af-a80c-c46d1acdbc29@group-7855C2F36E53-LeaderElection265] INFO  impl.RoleInfo (RoleInfo.java:updateAndGet(143)) - e3fb79a3-1f86-42af-a80c-c46d1acdbc29: start FollowerState
2019-11-04 16:02:36,515 [Thread-1990] INFO  impl.FollowerState (FollowerState.java:run(108)) - e3fb79a3-1f86-42af-a80c-c46d1acdbc29@group-7855C2F36E53-FollowerState: change to CANDIDATE, lastRpcTime:42ms, electionTimeout:42ms
2019-11-04 16:02:36,515 [Thread-1990] INFO  impl.RoleInfo (RoleInfo.java:shutdownFollowerState(121)) - e3fb79a3-1f86-42af-a80c-c46d1acdbc29: shutdown FollowerState
2019-11-04 16:02:36,516 [Thread-1990] INFO  impl.RaftServerImpl (RaftServerImpl.java:setRole(184)) - e3fb79a3-1f86-42af-a80c-c46d1acdbc29@group-7855C2F36E53: changes role from  FOLLOWER to CANDIDATE at term 289 for changeToCandidate
2019-11-04 16:02:36,516 [Thread-1990] INFO  impl.RoleInfo (RoleInfo.java:updateAndGet(143)) - e3fb79a3-1f86-42af-a80c-c46d1acdbc29: start LeaderElection
2019-11-04 16:02:36,529 [e3fb79a3-1f86-42af-a80c-c46d1acdbc29@group-7855C2F36E53-LeaderElection266] INFO  impl.LeaderElection (LeaderElection.java:askForVotes(178)) - e3fb79a3-1f86-42af-a80c-c46d1acdbc29@group-7855C2F36E53-LeaderElection266: begin an election at term 290 for -1: [e3fb79a3-1f86-42af-a80c-c46d1acdbc29:192.168.157.194:44142, 81ff859e-e76f-43f5-951a-4a38422068cb:192.168.157.194:46532, a9143d84-6d7f-497d-b770-eb75585db3c7:192.168.157.194:42126], old=null
2019-11-04 16:02:36,532 [grpc-default-executor-1] INFO  impl.RaftServerImpl (RaftServerImpl.java:setRole(184)) - 81ff859e-e76f-43f5-951a-4a38422068cb@group-7855C2F36E53: changes role from  FOLLOWER to FOLLOWER at term 290 for recognizeCandidate:e3fb79a3-1f86-42af-a80c-c46d1acdbc29
2019-11-04 16:02:36,532 [grpc-default-executor-1] INFO  impl.RoleInfo (RoleInfo.java:shutdownFollowerState(121)) - 81ff859e-e76f-43f5-951a-4a38422068cb: shutdown FollowerState
2019-11-04 16:02:36,532 [grpc-default-executor-1] INFO  impl.RoleInfo (RoleInfo.java:updateAndGet(143)) - 81ff859e-e76f-43f5-951a-4a38422068cb: start FollowerState
2019-11-04 16:02:36,532 [Thread-1989] INFO  impl.FollowerState (FollowerState.java:run(117)) - 81ff859e-e76f-43f5-951a-4a38422068cb@group-7855C2F36E53-FollowerState was interrupted: java.lang.InterruptedException: sleep interrupted
2019-11-04 16:02:36,532 [grpc-default-executor-5] INFO  impl.RaftServerImpl (RaftServerImpl.java:setRole(184)) - a9143d84-6d7f-497d-b770-eb75585db3c7@group-7855C2F36E53: changes role from  FOLLOWER to FOLLOWER at term 290 for recognizeCandidate:e3fb79a3-1f86-42af-a80c-c46d1acdbc29
2019-11-04 16:02:36,533 [grpc-default-executor-5] INFO  impl.RoleInfo (RoleInfo.java:shutdownFollowerState(121)) - a9143d84-6d7f-497d-b770-eb75585db3c7: shutdown FollowerState
2019-11-04 16:02:36,533 [grpc-default-executor-5] INFO  impl.RoleInfo (RoleInfo.java:updateAndGet(143)) - a9143d84-6d7f-497d-b770-eb75585db3c7: start FollowerState
2019-11-04 16:02:36,533 [Thread-1988] INFO  impl.FollowerState (FollowerState.java:run(117)) - a9143d84-6d7f-497d-b770-eb75585db3c7@group-7855C2F36E53-FollowerState was interrupted: java.lang.InterruptedException: sleep interrupted
2019-11-04 16:02:36,549 [e3fb79a3-1f86-42af-a80c-c46d1acdbc29@group-7855C2F36E53-LeaderElection266] INFO  impl.LeaderElection (LeaderElection.java:logAndReturn(56)) - e3fb79a3-1f86-42af-a80c-c46d1acdbc29@group-7855C2F36E53-LeaderElection266: Election REJECTED; received 2 response(s) [e3fb79a3-1f86-42af-a80c-c46d1acdbc29<-81ff859e-e76f-43f5-951a-4a38422068cb#0:FAIL-t290, e3fb79a3-1f86-42af-a80c-c46d1acdbc29<-a9143d84-6d7f-497d-b770-eb75585db3c7#0:FAIL-t290] and 0 exception(s); e3fb79a3-1f86-42af-a80c-c46d1acdbc29@group-7855C2F36E53:t290, leader=null, voted=e3fb79a3-1f86-42af-a80c-c46d1acdbc29, raftlog=e3fb79a3-1f86-42af-a80c-c46d1acdbc29@group-7855C2F36E53-SegmentedRaftLog:OPENED:c-1,f-1,i0, conf=-1: [e3fb79a3-1f86-42af-a80c-c46d1acdbc29:192.168.157.194:44142, 81ff859e-e76f-43f5-951a-4a38422068cb:192.168.157.194:46532, a9143d84-6d7f-497d-b770-eb75585db3c7:192.168.157.194:42126], old=null
2019-11-04 16:02:36,549 [e3fb79a3-1f86-42af-a80c-c46d1acdbc29@group-7855C2F36E53-LeaderElection266] INFO  impl.RaftServerImpl (RaftServerImpl.java:setRole(184)) - e3fb79a3-1f86-42af-a80c-c46d1acdbc29@group-7855C2F36E53: changes role from CANDIDATE to FOLLOWER at term 290 for DISCOVERED_A_NEW_TERM
2019-11-04 16:02:36,549 [e3fb79a3-1f86-42af-a80c-c46d1acdbc29@group-7855C2F36E53-LeaderElection266] INFO  impl.RoleInfo (RoleInfo.java:shutdownLeaderElection(134)) - e3fb79a3-1f86-42af-a80c-c46d1acdbc29: shutdown LeaderElection
2019-11-04 16:02:36,549 [e3fb79a3-1f86-42af-a80c-c46d1acdbc29@group-7855C2F36E53-LeaderElection266] INFO  impl.RoleInfo (RoleInfo.java:updateAndGet(143)) - e3fb79a3-1f86-42af-a80c-c46d1acdbc29: start FollowerState
2019-11-04 16:02:36,619 [Thread-1996] INFO  impl.FollowerState (FollowerState.java:run(108)) - e3fb79a3-1f86-42af-a80c-c46d1acdbc29@group-7855C2F36E53-FollowerState: change to CANDIDATE, lastRpcTime:70ms, electionTimeout:70ms
2019-11-04 16:02:36,620 [Thread-1996] INFO  impl.RoleInfo (RoleInfo.java:shutdownFollowerState(121)) - e3fb79a3-1f86-42af-a80c-c46d1acdbc29: shutdown FollowerState
2019-11-04 16:02:36,620 [Thread-1996] INFO  impl.RaftServerImpl (RaftServerImpl.java:setRole(184)) - e3fb79a3-1f86-42af-a80c-c46d1acdbc29@group-7855C2F36E53: changes role from  FOLLOWER to CANDIDATE at term 290 for changeToCandidate
2019-11-04 16:02:36,620 [Thread-1996] INFO  impl.RoleInfo (RoleInfo.java:updateAndGet(143)) - e3fb79a3-1f86-42af-a80c-c46d1acdbc29: start LeaderElection
2019-11-04 16:02:36,634 [e3fb79a3-1f86-42af-a80c-c46d1acdbc29@group-7855C2F36E53-LeaderElection267] INFO  impl.LeaderElection (LeaderElection.java:askForVotes(178)) - e3fb79a3-1f86-42af-a80c-c46d1acdbc29@group-7855C2F36E53-LeaderElection267: begin an election at term 291 for -1: [e3fb79a3-1f86-42af-a80c-c46d1acdbc29:192.168.157.194:44142, 81ff859e-e76f-43f5-951a-4a38422068cb:192.168.157.194:46532, a9143d84-6d7f-497d-b770-eb75585db3c7:192.168.157.194:42126], old=null
2019-11-04 16:02:36,637 [grpc-default-executor-5] INFO  impl.RaftServerImpl (RaftServerImpl.java:setRole(184)) - 81ff859e-e76f-43f5-951a-4a38422068cb@group-7855C2F36E53: changes role from  FOLLOWER to FOLLOWER at term 291 for recognizeCandidate:e3fb79a3-1f86-42af-a80c-c46d1acdbc29
2019-11-04 16:02:36,637 [grpc-default-executor-5] INFO  impl.RoleInfo (RoleInfo.java:shutdownFollowerState(121)) - 81ff859e-e76f-43f5-951a-4a38422068cb: shutdown FollowerState
2019-11-04 16:02:36,637 [grpc-default-executor-5] INFO  impl.RoleInfo (RoleInfo.java:updateAndGet(143)) - 81ff859e-e76f-43f5-951a-4a38422068cb: start FollowerState
2019-11-04 16:02:36,637 [Thread-1994] INFO  impl.FollowerState (FollowerState.java:run(117)) - 81ff859e-e76f-43f5-951a-4a38422068cb@group-7855C2F36E53-FollowerState was interrupted: java.lang.InterruptedException: sleep interrupted
2019-11-04 16:02:36,637 [grpc-default-executor-1] INFO  impl.RaftServerImpl (RaftServerImpl.java:setRole(184)) - a9143d84-6d7f-497d-b770-eb75585db3c7@group-7855C2F36E53: changes role from  FOLLOWER to FOLLOWER at term 291 for recognizeCandidate:e3fb79a3-1f86-42af-a80c-c46d1acdbc29
2019-11-04 16:02:36,638 [grpc-default-executor-1] INFO  impl.RoleInfo (RoleInfo.java:shutdownFollowerState(121)) - a9143d84-6d7f-497d-b770-eb75585db3c7: shutdown FollowerState
2019-11-04 16:02:36,638 [grpc-default-executor-1] INFO  impl.RoleInfo (RoleInfo.java:updateAndGet(143)) - a9143d84-6d7f-497d-b770-eb75585db3c7: start FollowerState
2019-11-04 16:02:36,638 [Thread-1995] INFO  impl.FollowerState (FollowerState.java:run(117)) - a9143d84-6d7f-497d-b770-eb75585db3c7@group-7855C2F36E53-FollowerState was interrupted: java.lang.InterruptedException: sleep interrupted
2019-11-04 16:02:36,664 [e3fb79a3-1f86-42af-a80c-c46d1acdbc29@group-7855C2F36E53-LeaderElection267] INFO  impl.LeaderElection (LeaderElection.java:logAndReturn(56)) - e3fb79a3-1f86-42af-a80c-c46d1acdbc29@group-7855C2F36E53-LeaderElection267: Election REJECTED; received 2 response(s) [e3fb79a3-1f86-42af-a80c-c46d1acdbc29<-81ff859e-e76f-43f5-951a-4a38422068cb#0:FAIL-t291, e3fb79a3-1f86-42af-a80c-c46d1acdbc29<-a9143d84-6d7f-497d-b770-eb75585db3c7#0:FAIL-t291] and 0 exception(s); e3fb79a3-1f86-42af-a80c-c46d1acdbc29@group-7855C2F36E53:t291, leader=null, voted=e3fb79a3-1f86-42af-a80c-c46d1acdbc29, raftlog=e3fb79a3-1f86-42af-a80c-c46d1acdbc29@group-7855C2F36E53-SegmentedRaftLog:OPENED:c-1,f-1,i0, conf=-1: [e3fb79a3-1f86-42af-a80c-c46d1acdbc29:192.168.157.194:44142, 81ff859e-e76f-43f5-951a-4a38422068cb:192.168.157.194:46532, a9143d84-6d7f-497d-b770-eb75585db3c7:192.168.157.194:42126], old=null
2019-11-04 16:02:36,664 [e3fb79a3-1f86-42af-a80c-c46d1acdbc29@group-7855C2F36E53-LeaderElection267] INFO  impl.RaftServerImpl (RaftServerImpl.java:setRole(184)) - e3fb79a3-1f86-42af-a80c-c46d1acdbc29@group-7855C2F36E53: changes role from CANDIDATE to FOLLOWER at term 291 for DISCOVERED_A_NEW_TERM
2019-11-04 16:02:36,664 [e3fb79a3-1f86-42af-a80c-c46d1acdbc29@group-7855C2F36E53-LeaderElection267] INFO  impl.RoleInfo (RoleInfo.java:shutdownLeaderElection(134)) - e3fb79a3-1f86-42af-a80c-c46d1acdbc29: shutdown LeaderElection
2019-11-04 16:02:36,664 [e3fb79a3-1f86-42af-a80c-c46d1acdbc29@group-7855C2F36E53-LeaderElection267] INFO  impl.RoleInfo (RoleInfo.java:updateAndGet(143)) - e3fb79a3-1f86-42af-a80c-c46d1acdbc29: start FollowerState
2019-11-04 16:02:36,674 [Thread-2002] INFO  impl.FollowerState (FollowerState.java:run(108)) - e3fb79a3-1f86-42af-a80c-c46d1acdbc29@group-7855C2F36E53-FollowerState: change to CANDIDATE, lastRpcTime:10ms, electionTimeout:10ms
2019-11-04 16:02:36,675 [Thread-2002] INFO  impl.RoleInfo (RoleInfo.java:shutdownFollowerState(121)) - e3fb79a3-1f86-42af-a80c-c46d1acdbc29: shutdown FollowerState
2019-11-04 16:02:36,675 [Thread-2002] INFO  impl.RaftServerImpl (RaftServerImpl.java:setRole(184)) - e3fb79a3-1f86-42af-a80c-c46d1acdbc29@group-7855C2F36E53: changes role from  FOLLOWER to CANDIDATE at term 291 for changeToCandidate
2019-11-04 16:02:36,675 [Thread-2002] INFO  impl.RoleInfo (RoleInfo.java:updateAndGet(143)) - e3fb79a3-1f86-42af-a80c-c46d1acdbc29: start LeaderElection
2019-11-04 16:02:36,705 [e3fb79a3-1f86-42af-a80c-c46d1acdbc29@group-7855C2F36E53-LeaderElection268] INFO  impl.LeaderElection (LeaderElection.java:askForVotes(178)) - e3fb79a3-1f86-42af-a80c-c46d1acdbc29@group-7855C2F36E53-LeaderElection268: begin an election at term 292 for -1: [e3fb79a3-1f86-42af-a80c-c46d1acdbc29:192.168.157.194:44142, 81ff859e-e76f-43f5-951a-4a38422068cb:192.168.157.194:46532, a9143d84-6d7f-497d-b770-eb75585db3c7:192.168.157.194:42126], old=null
2019-11-04 16:02:36,708 [grpc-default-executor-5] INFO  impl.RaftServerImpl (RaftServerImpl.java:setRole(184)) - 81ff859e-e76f-43f5-951a-4a38422068cb@group-7855C2F36E53: changes role from  FOLLOWER to FOLLOWER at term 292 for recognizeCandidate:e3fb79a3-1f86-42af-a80c-c46d1acdbc29
2019-11-04 16:02:36,708 [grpc-default-executor-1] INFO  impl.RaftServerImpl (RaftServerImpl.java:setRole(184)) - a9143d84-6d7f-497d-b770-eb75585db3c7@group-7855C2F36E53: changes role from  FOLLOWER to FOLLOWER at term 292 for recognizeCandidate:e3fb79a3-1f86-42af-a80c-c46d1acdbc29
2019-11-04 16:02:36,708 [grpc-default-executor-5] INFO  impl.RoleInfo (RoleInfo.java:shutdownFollowerState(121)) - 81ff859e-e76f-43f5-951a-4a38422068cb: shutdown FollowerState
2019-11-04 16:02:36,708 [grpc-default-executor-1] INFO  impl.RoleInfo (RoleInfo.java:shutdownFollowerState(121)) - a9143d84-6d7f-497d-b770-eb75585db3c7: shutdown FollowerState
2019-11-04 16:02:36,708 [grpc-default-executor-1] INFO  impl.RoleInfo (RoleInfo.java:updateAndGet(143)) - a9143d84-6d7f-497d-b770-eb75585db3c7: start FollowerState
2019-11-04 16:02:36,708 [Thread-2000] INFO  impl.FollowerState (FollowerState.java:run(117)) - 81ff859e-e76f-43f5-951a-4a38422068cb@group-7855C2F36E53-FollowerState was interrupted: java.lang.InterruptedException: sleep interrupted
2019-11-04 16:02:36,708 [grpc-default-executor-5] INFO  impl.RoleInfo (RoleInfo.java:updateAndGet(143)) - 81ff859e-e76f-43f5-951a-4a38422068cb: start FollowerState
2019-11-04 16:02:36,709 [Thread-2001] INFO  impl.FollowerState (FollowerState.java:run(117)) - a9143d84-6d7f-497d-b770-eb75585db3c7@group-7855C2F36E53-FollowerState was interrupted: java.lang.InterruptedException: sleep interrupted
2019-11-04 16:02:36,713 [e3fb79a3-1f86-42af-a80c-c46d1acdbc29@group-7855C2F36E53-LeaderElection268] INFO  impl.LeaderElection (LeaderElection.java:logAndReturn(56)) - e3fb79a3-1f86-42af-a80c-c46d1acdbc29@group-7855C2F36E53-LeaderElection268: Election REJECTED; received 2 response(s) [e3fb79a3-1f86-42af-a80c-c46d1acdbc29<-81ff859e-e76f-43f5-951a-4a38422068cb#0:FAIL-t292, e3fb79a3-1f86-42af-a80c-c46d1acdbc29<-a9143d84-6d7f-497d-b770-eb75585db3c7#0:FAIL-t292] and 0 exception(s); e3fb79a3-1f86-42af-a80c-c46d1acdbc29@group-7855C2F36E53:t292, leader=null, voted=e3fb79a3-1f86-42af-a80c-c46d1acdbc29, raftlog=e3fb79a3-1f86-42af-a80c-c46d1acdbc29@group-7855C2F36E53-SegmentedRaftLog:OPENED:c-1,f-1,i0, conf=-1: [e3fb79a3-1f86-42af-a80c-c46d1acdbc29:192.168.157.194:44142, 81ff859e-e76f-43f5-951a-4a38422068cb:192.168.157.194:46532, a9143d84-6d7f-497d-b770-eb75585db3c7:192.168.157.194:42126], old=null
2019-11-04 16:02:36,713 [e3fb79a3-1f86-42af-a80c-c46d1acdbc29@group-7855C2F36E53-LeaderElection268] INFO  impl.RaftServerImpl (RaftServerImpl.java:setRole(184)) - e3fb79a3-1f86-42af-a80c-c46d1acdbc29@group-7855C2F36E53: changes role from CANDIDATE to FOLLOWER at term 292 for DISCOVERED_A_NEW_TERM
2019-11-04 16:02:36,714 [e3fb79a3-1f86-42af-a80c-c46d1acdbc29@group-7855C2F36E53-LeaderElection268] INFO  impl.RoleInfo (RoleInfo.java:shutdownLeaderElection(134)) - e3fb79a3-1f86-42af-a80c-c46d1acdbc29: shutdown LeaderElection
2019-11-04 16:02:36,714 [e3fb79a3-1f86-42af-a80c-c46d1acdbc29@group-7855C2F36E53-LeaderElection268] INFO  impl.RoleInfo (RoleInfo.java:updateAndGet(143)) - e3fb79a3-1f86-42af-a80c-c46d1acdbc29: start FollowerState
2019-11-04 16:02:36,843 [Thread-2008] INFO  impl.FollowerState (FollowerState.java:run(108)) - e3fb79a3-1f86-42af-a80c-c46d1acdbc29@group-7855C2F36E53-FollowerState: change to CANDIDATE, lastRpcTime:129ms, electionTimeout:129ms
2019-11-04 16:02:36,843 [Thread-2008] INFO  impl.RoleInfo (RoleInfo.java:shutdownFollowerState(121)) - e3fb79a3-1f86-42af-a80c-c46d1acdbc29: shutdown FollowerState
2019-11-04 16:02:36,843 [Thread-2008] INFO  impl.RaftServerImpl (RaftServerImpl.java:setRole(184)) - e3fb79a3-1f86-42af-a80c-c46d1acdbc29@group-7855C2F36E53: changes role from  FOLLOWER to CANDIDATE at term 292 for changeToCandidate
2019-11-04 16:02:36,844 [Thread-2008] INFO  impl.RoleInfo (RoleInfo.java:updateAndGet(143)) - e3fb79a3-1f86-42af-a80c-c46d1acdbc29: start LeaderElection
2019-11-04 16:02:36,865 [e3fb79a3-1f86-42af-a80c-c46d1acdbc29@group-7855C2F36E53-LeaderElection269] INFO  impl.LeaderElection (LeaderElection.java:askForVotes(178)) - e3fb79a3-1f86-42af-a80c-c46d1acdbc29@group-7855C2F36E53-LeaderElection269: begin an election at term 293 for -1: [e3fb79a3-1f86-42af-a80c-c46d1acdbc29:192.168.157.194:44142, 81ff859e-e76f-43f5-951a-4a38422068cb:192.168.157.194:46532, a9143d84-6d7f-497d-b770-eb75585db3c7:192.168.157.194:42126], old=null
2019-11-04 16:02:36,867 [grpc-default-executor-5] INFO  impl.RaftServerImpl (RaftServerImpl.java:setRole(184)) - 81ff859e-e76f-43f5-951a-4a38422068cb@group-7855C2F36E53: changes role from  FOLLOWER to FOLLOWER at term 293 for recognizeCandidate:e3fb79a3-1f86-42af-a80c-c46d1acdbc29
2019-11-04 16:02:36,867 [grpc-default-executor-5] INFO  impl.RoleInfo (RoleInfo.java:shutdownFollowerState(121)) - 81ff859e-e76f-43f5-951a-4a38422068cb: shutdown FollowerState
2019-11-04 16:02:36,868 [grpc-default-executor-5] INFO  impl.RoleInfo (RoleInfo.java:updateAndGet(143)) - 81ff859e-e76f-43f5-951a-4a38422068cb: start FollowerState
2019-11-04 16:02:36,868 [Thread-2006] INFO  impl.FollowerState (FollowerState.java:run(117)) - 81ff859e-e76f-43f5-951a-4a38422068cb@group-7855C2F36E53-FollowerState was interrupted: java.lang.InterruptedException: sleep interrupted
2019-11-04 16:02:36,868 [grpc-default-executor-1] INFO  impl.RaftServerImpl (RaftServerImpl.java:setRole(184)) - a9143d84-6d7f-497d-b770-eb75585db3c7@group-7855C2F36E53: changes role from  FOLLOWER to FOLLOWER at term 293 for recognizeCandidate:e3fb79a3-1f86-42af-a80c-c46d1acdbc29
2019-11-04 16:02:36,868 [grpc-default-executor-1] INFO  impl.RoleInfo (RoleInfo.java:shutdownFollowerState(121)) - a9143d84-6d7f-497d-b770-eb75585db3c7: shutdown FollowerState
2019-11-04 16:02:36,868 [grpc-default-executor-1] INFO  impl.RoleInfo (RoleInfo.java:updateAndGet(143)) - a9143d84-6d7f-497d-b770-eb75585db3c7: start FollowerState
2019-11-04 16:02:36,868 [Thread-2007] INFO  impl.FollowerState (FollowerState.java:run(117)) - a9143d84-6d7f-497d-b770-eb75585db3c7@group-7855C2F36E53-FollowerState was interrupted: java.lang.InterruptedException: sleep interrupted
2019-11-04 16:02:36,894 [e3fb79a3-1f86-42af-a80c-c46d1acdbc29@group-7855C2F36E53-LeaderElection269] INFO  impl.LeaderElection (LeaderElection.java:logAndReturn(56)) - e3fb79a3-1f86-42af-a80c-c46d1acdbc29@group-7855C2F36E53-LeaderElection269: Election REJECTED; received 2 response(s) [e3fb79a3-1f86-42af-a80c-c46d1acdbc29<-81ff859e-e76f-43f5-951a-4a38422068cb#0:FAIL-t293, e3fb79a3-1f86-42af-a80c-c46d1acdbc29<-a9143d84-6d7f-497d-b770-eb75585db3c7#0:FAIL-t293] and 0 exception(s); e3fb79a3-1f86-42af-a80c-c46d1acdbc29@group-7855C2F36E53:t293, leader=null, voted=e3fb79a3-1f86-42af-a80c-c46d1acdbc29, raftlog=e3fb79a3-1f86-42af-a80c-c46d1acdbc29@group-7855C2F36E53-SegmentedRaftLog:OPENED:c-1,f-1,i0, conf=-1: [e3fb79a3-1f86-42af-a80c-c46d1acdbc29:192.168.157.194:44142, 81ff859e-e76f-43f5-951a-4a38422068cb:192.168.157.194:46532, a9143d84-6d7f-497d-b770-eb75585db3c7:192.168.157.194:42126], old=null
2019-11-04 16:02:36,894 [e3fb79a3-1f86-42af-a80c-c46d1acdbc29@group-7855C2F36E53-LeaderElection269] INFO  impl.RaftServerImpl (RaftServerImpl.java:setRole(184)) - e3fb79a3-1f86-42af-a80c-c46d1acdbc29@group-7855C2F36E53: changes role from CANDIDATE to FOLLOWER at term 293 for DISCOVERED_A_NEW_TERM
2019-11-04 16:02:36,894 [e3fb79a3-1f86-42af-a80c-c46d1acdbc29@group-7855C2F36E53-LeaderElection269] INFO  impl.RoleInfo (RoleInfo.java:shutdownLeaderElection(134)) - e3fb79a3-1f86-42af-a80c-c46d1acdbc29: shutdown LeaderElection
2019-11-04 16:02:36,894 [e3fb79a3-1f86-42af-a80c-c46d1acdbc29@group-7855C2F36E53-LeaderElection269] INFO  impl.RoleInfo (RoleInfo.java:updateAndGet(143)) - e3fb79a3-1f86-42af-a80c-c46d1acdbc29: start FollowerState
2019-11-04 16:02:37,083 [Thread-2014] INFO  impl.FollowerState (FollowerState.java:run(108)) - e3fb79a3-1f86-42af-a80c-c46d1acdbc29@group-7855C2F36E53-FollowerState: change to CANDIDATE, lastRpcTime:188ms, electionTimeout:188ms
2019-11-04 16:02:37,083 [Thread-2014] INFO  impl.RoleInfo (RoleInfo.java:shutdownFollowerState(121)) - e3fb79a3-1f86-42af-a80c-c46d1acdbc29: shutdown FollowerState
2019-11-04 16:02:37,083 [Thread-2014] INFO  impl.RaftServerImpl (RaftServerImpl.java:setRole(184)) - e3fb79a3-1f86-42af-a80c-c46d1acdbc29@group-7855C2F36E53: changes role from  FOLLOWER to CANDIDATE at term 293 for changeToCandidate
2019-11-04 16:02:37,084 [Thread-2014] INFO  impl.RoleInfo (RoleInfo.java:updateAndGet(143)) - e3fb79a3-1f86-42af-a80c-c46d1acdbc29: start LeaderElection
2019-11-04 16:02:37,097 [e3fb79a3-1f86-42af-a80c-c46d1acdbc29@group-7855C2F36E53-LeaderElection270] INFO  impl.LeaderElection (LeaderElection.java:askForVotes(178)) - e3fb79a3-1f86-42af-a80c-c46d1acdbc29@group-7855C2F36E53-LeaderElection270: begin an election at term 294 for -1: [e3fb79a3-1f86-42af-a80c-c46d1acdbc29:192.168.157.194:44142, 81ff859e-e76f-43f5-951a-4a38422068cb:192.168.157.194:46532, a9143d84-6d7f-497d-b770-eb75585db3c7:192.168.157.194:42126], old=null
2019-11-04 16:02:37,100 [grpc-default-executor-1] INFO  impl.RaftServerImpl (RaftServerImpl.java:setRole(184)) - 81ff859e-e76f-43f5-951a-4a38422068cb@group-7855C2F36E53: changes role from  FOLLOWER to FOLLOWER at term 294 for recognizeCandidate:e3fb79a3-1f86-42af-a80c-c46d1acdbc29
2019-11-04 16:02:37,100 [grpc-default-executor-1] INFO  impl.RoleInfo (RoleInfo.java:shutdownFollowerState(121)) - 81ff859e-e76f-43f5-951a-4a38422068cb: shutdown FollowerState
2019-11-04 16:02:37,100 [grpc-default-executor-1] INFO  impl.RoleInfo (RoleInfo.java:updateAndGet(143)) - 81ff859e-e76f-43f5-951a-4a38422068cb: start FollowerState
2019-11-04 16:02:37,100 [Thread-2012] INFO  impl.FollowerState (FollowerState.java:run(117)) - 81ff859e-e76f-43f5-951a-4a38422068cb@group-7855C2F36E53-FollowerState was interrupted: java.lang.InterruptedException: sleep interrupted
2019-11-04 16:02:37,100 [grpc-default-executor-5] INFO  impl.RaftServerImpl (RaftServerImpl.java:setRole(184)) - a9143d84-6d7f-497d-b770-eb75585db3c7@group-7855C2F36E53: changes role from  FOLLOWER to FOLLOWER at term 294 for recognizeCandidate:e3fb79a3-1f86-42af-a80c-c46d1acdbc29
2019-11-04 16:02:37,100 [grpc-default-executor-5] INFO  impl.RoleInfo (RoleInfo.java:shutdownFollowerState(121)) - a9143d84-6d7f-497d-b770-eb75585db3c7: shutdown FollowerState
2019-11-04 16:02:37,101 [grpc-default-executor-5] INFO  impl.RoleInfo (RoleInfo.java:updateAndGet(143)) - a9143d84-6d7f-497d-b770-eb75585db3c7: start FollowerState
2019-11-04 16:02:37,101 [Thread-2013] INFO  impl.FollowerState (FollowerState.java:run(117)) - a9143d84-6d7f-497d-b770-eb75585db3c7@group-7855C2F36E53-FollowerState was interrupted: java.lang.InterruptedException: sleep interrupted
2019-11-04 16:02:37,119 [e3fb79a3-1f86-42af-a80c-c46d1acdbc29@group-7855C2F36E53-LeaderElection270] INFO  impl.LeaderElection (LeaderElection.java:logAndReturn(56)) - e3fb79a3-1f86-42af-a80c-c46d1acdbc29@group-7855C2F36E53-LeaderElection270: Election REJECTED; received 2 response(s) [e3fb79a3-1f86-42af-a80c-c46d1acdbc29<-81ff859e-e76f-43f5-951a-4a38422068cb#0:FAIL-t294, e3fb79a3-1f86-42af-a80c-c46d1acdbc29<-a9143d84-6d7f-497d-b770-eb75585db3c7#0:FAIL-t294] and 0 exception(s); e3fb79a3-1f86-42af-a80c-c46d1acdbc29@group-7855C2F36E53:t294, leader=null, voted=e3fb79a3-1f86-42af-a80c-c46d1acdbc29, raftlog=e3fb79a3-1f86-42af-a80c-c46d1acdbc29@group-7855C2F36E53-SegmentedRaftLog:OPENED:c-1,f-1,i0, conf=-1: [e3fb79a3-1f86-42af-a80c-c46d1acdbc29:192.168.157.194:44142, 81ff859e-e76f-43f5-951a-4a38422068cb:192.168.157.194:46532, a9143d84-6d7f-497d-b770-eb75585db3c7:192.168.157.194:42126], old=null
2019-11-04 16:02:37,119 [e3fb79a3-1f86-42af-a80c-c46d1acdbc29@group-7855C2F36E53-LeaderElection270] INFO  impl.RaftServerImpl (RaftServerImpl.java:setRole(184)) - e3fb79a3-1f86-42af-a80c-c46d1acdbc29@group-7855C2F36E53: changes role from CANDIDATE to FOLLOWER at term 294 for DISCOVERED_A_NEW_TERM
2019-11-04 16:02:37,120 [e3fb79a3-1f86-42af-a80c-c46d1acdbc29@group-7855C2F36E53-LeaderElection270] INFO  impl.RoleInfo (RoleInfo.java:shutdownLeaderElection(134)) - e3fb79a3-1f86-42af-a80c-c46d1acdbc29: shutdown LeaderElection
2019-11-04 16:02:37,120 [e3fb79a3-1f86-42af-a80c-c46d1acdbc29@group-7855C2F36E53-LeaderElection270] INFO  impl.RoleInfo (RoleInfo.java:updateAndGet(143)) - e3fb79a3-1f86-42af-a80c-c46d1acdbc29: start FollowerState
2019-11-04 16:02:37,257 [Thread-2020] INFO  impl.FollowerState (FollowerState.java:run(108)) - e3fb79a3-1f86-42af-a80c-c46d1acdbc29@group-7855C2F36E53-FollowerState: change to CANDIDATE, lastRpcTime:137ms, electionTimeout:137ms
2019-11-04 16:02:37,257 [Thread-2020] INFO  impl.RoleInfo (RoleInfo.java:shutdownFollowerState(121)) - e3fb79a3-1f86-42af-a80c-c46d1acdbc29: shutdown FollowerState
2019-11-04 16:02:37,257 [Thread-2020] INFO  impl.RaftServerImpl (RaftServerImpl.java:setRole(184)) - e3fb79a3-1f86-42af-a80c-c46d1acdbc29@group-7855C2F36E53: changes role from  FOLLOWER to CANDIDATE at term 294 for changeToCandidate
2019-11-04 16:02:37,258 [Thread-2020] INFO  impl.RoleInfo (RoleInfo.java:updateAndGet(143)) - e3fb79a3-1f86-42af-a80c-c46d1acdbc29: start LeaderElection
2019-11-04 16:02:37,283 [e3fb79a3-1f86-42af-a80c-c46d1acdbc29@group-7855C2F36E53-LeaderElection271] INFO  impl.LeaderElection (LeaderElection.java:askForVotes(178)) - e3fb79a3-1f86-42af-a80c-c46d1acdbc29@group-7855C2F36E53-LeaderElection271: begin an election at term 295 for -1: [e3fb79a3-1f86-42af-a80c-c46d1acdbc29:192.168.157.194:44142, 81ff859e-e76f-43f5-951a-4a38422068cb:192.168.157.194:46532, a9143d84-6d7f-497d-b770-eb75585db3c7:192.168.157.194:42126], old=null
2019-11-04 16:02:37,285 [grpc-default-executor-5] INFO  impl.RaftServerImpl (RaftServerImpl.java:setRole(184)) - 81ff859e-e76f-43f5-951a-4a38422068cb@group-7855C2F36E53: changes role from  FOLLOWER to FOLLOWER at term 295 for recognizeCandidate:e3fb79a3-1f86-42af-a80c-c46d1acdbc29
2019-11-04 16:02:37,285 [grpc-default-executor-1] INFO  impl.RaftServerImpl (RaftServerImpl.java:setRole(184)) - a9143d84-6d7f-497d-b770-eb75585db3c7@group-7855C2F36E53: changes role from  FOLLOWER to FOLLOWER at term 295 for recognizeCandidate:e3fb79a3-1f86-42af-a80c-c46d1acdbc29
2019-11-04 16:02:37,286 [grpc-default-executor-5] INFO  impl.RoleInfo (RoleInfo.java:shutdownFollowerState(121)) - 81ff859e-e76f-43f5-951a-4a38422068cb: shutdown FollowerState
2019-11-04 16:02:37,286 [grpc-default-executor-1] INFO  impl.RoleInfo (RoleInfo.java:shutdownFollowerState(121)) - a9143d84-6d7f-497d-b770-eb75585db3c7: shutdown FollowerState
2019-11-04 16:02:37,286 [Thread-2018] INFO  impl.FollowerState (FollowerState.java:run(117)) - 81ff859e-e76f-43f5-951a-4a38422068cb@group-7855C2F36E53-FollowerState was interrupted: java.lang.InterruptedException: sleep interrupted
2019-11-04 16:02:37,286 [Thread-2019] INFO  impl.FollowerState (FollowerState.java:run(117)) - a9143d84-6d7f-497d-b770-eb75585db3c7@group-7855C2F36E53-FollowerState was interrupted: java.lang.InterruptedException: sleep interrupted
2019-11-04 16:02:37,286 [grpc-default-executor-1] INFO  impl.RoleInfo (RoleInfo.java:updateAndGet(143)) - a9143d84-6d7f-497d-b770-eb75585db3c7: start FollowerState
2019-11-04 16:02:37,286 [grpc-default-executor-5] INFO  impl.RoleInfo (RoleInfo.java:updateAndGet(143)) - 81ff859e-e76f-43f5-951a-4a38422068cb: start FollowerState
2019-11-04 16:02:37,313 [e3fb79a3-1f86-42af-a80c-c46d1acdbc29@group-7855C2F36E53-LeaderElection271] INFO  impl.LeaderElection (LeaderElection.java:logAndReturn(56)) - e3fb79a3-1f86-42af-a80c-c46d1acdbc29@group-7855C2F36E53-LeaderElection271: Election REJECTED; received 2 response(s) [e3fb79a3-1f86-42af-a80c-c46d1acdbc29<-81ff859e-e76f-43f5-951a-4a38422068cb#0:FAIL-t295, e3fb79a3-1f86-42af-a80c-c46d1acdbc29<-a9143d84-6d7f-497d-b770-eb75585db3c7#0:FAIL-t295] and 0 exception(s); e3fb79a3-1f86-42af-a80c-c46d1acdbc29@group-7855C2F36E53:t295, leader=null, voted=e3fb79a3-1f86-42af-a80c-c46d1acdbc29, raftlog=e3fb79a3-1f86-42af-a80c-c46d1acdbc29@group-7855C2F36E53-SegmentedRaftLog:OPENED:c-1,f-1,i0, conf=-1: [e3fb79a3-1f86-42af-a80c-c46d1acdbc29:192.168.157.194:44142, 81ff859e-e76f-43f5-951a-4a38422068cb:192.168.157.194:46532, a9143d84-6d7f-497d-b770-eb75585db3c7:192.168.157.194:42126], old=null
2019-11-04 16:02:37,313 [e3fb79a3-1f86-42af-a80c-c46d1acdbc29@group-7855C2F36E53-LeaderElection271] INFO  impl.RaftServerImpl (RaftServerImpl.java:setRole(184)) - e3fb79a3-1f86-42af-a80c-c46d1acdbc29@group-7855C2F36E53: changes role from CANDIDATE to FOLLOWER at term 295 for DISCOVERED_A_NEW_TERM
2019-11-04 16:02:37,314 [e3fb79a3-1f86-42af-a80c-c46d1acdbc29@group-7855C2F36E53-LeaderElection271] INFO  impl.RoleInfo (RoleInfo.java:shutdownLeaderElection(134)) - e3fb79a3-1f86-42af-a80c-c46d1acdbc29: shutdown LeaderElection
2019-11-04 16:02:37,314 [e3fb79a3-1f86-42af-a80c-c46d1acdbc29@group-7855C2F36E53-LeaderElection271] INFO  impl.RoleInfo (RoleInfo.java:updateAndGet(143)) - e3fb79a3-1f86-42af-a80c-c46d1acdbc29: start FollowerState
2019-11-04 16:02:37,423 [Thread-2026] INFO  impl.FollowerState (FollowerState.java:run(108)) - e3fb79a3-1f86-42af-a80c-c46d1acdbc29@group-7855C2F36E53-FollowerState: change to CANDIDATE, lastRpcTime:109ms, electionTimeout:109ms
2019-11-04 16:02:37,423 [Thread-2026] INFO  impl.RoleInfo (RoleInfo.java:shutdownFollowerState(121)) - e3fb79a3-1f86-42af-a80c-c46d1acdbc29: shutdown FollowerState
2019-11-04 16:02:37,423 [Thread-2026] INFO  impl.RaftServerImpl (RaftServerImpl.java:setRole(184)) - e3fb79a3-1f86-42af-a80c-c46d1acdbc29@group-7855C2F36E53: changes role from  FOLLOWER to CANDIDATE at term 295 for changeToCandidate
2019-11-04 16:02:37,424 [Thread-2026] INFO  impl.RoleInfo (RoleInfo.java:updateAndGet(143)) - e3fb79a3-1f86-42af-a80c-c46d1acdbc29: start LeaderElection
2019-11-04 16:02:37,438 [e3fb79a3-1f86-42af-a80c-c46d1acdbc29@group-7855C2F36E53-LeaderElection272] INFO  impl.LeaderElection (LeaderElection.java:askForVotes(178)) - e3fb79a3-1f86-42af-a80c-c46d1acdbc29@group-7855C2F36E53-LeaderElection272: begin an election at term 296 for -1: [e3fb79a3-1f86-42af-a80c-c46d1acdbc29:192.168.157.194:44142, 81ff859e-e76f-43f5-951a-4a38422068cb:192.168.157.194:46532, a9143d84-6d7f-497d-b770-eb75585db3c7:192.168.157.194:42126], old=null
2019-11-04 16:02:37,440 [grpc-default-executor-1] INFO  impl.RaftServerImpl (RaftServerImpl.java:setRole(184)) - a9143d84-6d7f-497d-b770-eb75585db3c7@group-7855C2F36E53: changes role from  FOLLOWER to FOLLOWER at term 296 for recognizeCandidate:e3fb79a3-1f86-42af-a80c-c46d1acdbc29
2019-11-04 16:02:37,440 [grpc-default-executor-5] INFO  impl.RaftServerImpl (RaftServerImpl.java:setRole(184)) - 81ff859e-e76f-43f5-951a-4a38422068cb@group-7855C2F36E53: changes role from  FOLLOWER to FOLLOWER at term 296 for recognizeCandidate:e3fb79a3-1f86-42af-a80c-c46d1acdbc29
2019-11-04 16:02:37,440 [grpc-default-executor-1] INFO  impl.RoleInfo (RoleInfo.java:shutdownFollowerState(121)) - a9143d84-6d7f-497d-b770-eb75585db3c7: shutdown FollowerState
2019-11-04 16:02:37,440 [grpc-default-executor-5] INFO  impl.RoleInfo (RoleInfo.java:shutdownFollowerState(121)) - 81ff859e-e76f-43f5-951a-4a38422068cb: shutdown FollowerState
2019-11-04 16:02:37,440 [grpc-default-executor-1] INFO  impl.RoleInfo (RoleInfo.java:updateAndGet(143)) - a9143d84-6d7f-497d-b770-eb75585db3c7: start FollowerState
2019-11-04 16:02:37,441 [Thread-2024] INFO  impl.FollowerState (FollowerState.java:run(117)) - 81ff859e-e76f-43f5-951a-4a38422068cb@group-7855C2F36E53-FollowerState was interrupted: java.lang.InterruptedException: sleep interrupted
2019-11-04 16:02:37,441 [grpc-default-executor-5] INFO  impl.RoleInfo (RoleInfo.java:updateAndGet(143)) - 81ff859e-e76f-43f5-951a-4a38422068cb: start FollowerState
2019-11-04 16:02:37,441 [Thread-2025] INFO  impl.FollowerState (FollowerState.java:run(117)) - a9143d84-6d7f-497d-b770-eb75585db3c7@group-7855C2F36E53-FollowerState was interrupted: java.lang.InterruptedException: sleep interrupted
2019-11-04 16:02:37,445 [e3fb79a3-1f86-42af-a80c-c46d1acdbc29@group-7855C2F36E53-LeaderElection272] INFO  impl.LeaderElection (LeaderElection.java:logAndReturn(56)) - e3fb79a3-1f86-42af-a80c-c46d1acdbc29@group-7855C2F36E53-LeaderElection272: Election TIMEOUT; received 0 response(s) [] and 0 exception(s); e3fb79a3-1f86-42af-a80c-c46d1acdbc29@group-7855C2F36E53:t296, leader=null, voted=e3fb79a3-1f86-42af-a80c-c46d1acdbc29, raftlog=e3fb79a3-1f86-42af-a80c-c46d1acdbc29@group-7855C2F36E53-SegmentedRaftLog:OPENED:c-1,f-1,i0, conf=-1: [e3fb79a3-1f86-42af-a80c-c46d1acdbc29:192.168.157.194:44142, 81ff859e-e76f-43f5-951a-4a38422068cb:192.168.157.194:46532, a9143d84-6d7f-497d-b770-eb75585db3c7:192.168.157.194:42126], old=null
2019-11-04 16:02:37,454 [e3fb79a3-1f86-42af-a80c-c46d1acdbc29@group-7855C2F36E53-LeaderElection272] INFO  impl.LeaderElection (LeaderElection.java:askForVotes(178)) - e3fb79a3-1f86-42af-a80c-c46d1acdbc29@group-7855C2F36E53-LeaderElection272: begin an election at term 297 for -1: [e3fb79a3-1f86-42af-a80c-c46d1acdbc29:192.168.157.194:44142, 81ff859e-e76f-43f5-951a-4a38422068cb:192.168.157.194:46532, a9143d84-6d7f-497d-b770-eb75585db3c7:192.168.157.194:42126], old=null
2019-11-04 16:02:37,457 [grpc-default-executor-5] INFO  impl.RaftServerImpl (RaftServerImpl.java:setRole(184)) - a9143d84-6d7f-497d-b770-eb75585db3c7@group-7855C2F36E53: changes role from  FOLLOWER to FOLLOWER at term 297 for recognizeCandidate:e3fb79a3-1f86-42af-a80c-c46d1acdbc29
2019-11-04 16:02:37,457 [grpc-default-executor-5] INFO  impl.RoleInfo (RoleInfo.java:shutdownFollowerState(121)) - a9143d84-6d7f-497d-b770-eb75585db3c7: shutdown FollowerState
2019-11-04 16:02:37,457 [grpc-default-executor-5] INFO  impl.RoleInfo (RoleInfo.java:updateAndGet(143)) - a9143d84-6d7f-497d-b770-eb75585db3c7: start FollowerState
2019-11-04 16:02:37,457 [Thread-2032] INFO  impl.FollowerState (FollowerState.java:run(117)) - a9143d84-6d7f-497d-b770-eb75585db3c7@group-7855C2F36E53-FollowerState was interrupted: java.lang.InterruptedException: sleep interrupted
2019-11-04 16:02:37,457 [grpc-default-executor-1] INFO  impl.RaftServerImpl (RaftServerImpl.java:setRole(184)) - 81ff859e-e76f-43f5-951a-4a38422068cb@group-7855C2F36E53: changes role from  FOLLOWER to FOLLOWER at term 297 for recognizeCandidate:e3fb79a3-1f86-42af-a80c-c46d1acdbc29
2019-11-04 16:02:37,457 [grpc-default-executor-1] INFO  impl.RoleInfo (RoleInfo.java:shutdownFollowerState(121)) - 81ff859e-e76f-43f5-951a-4a38422068cb: shutdown FollowerState
2019-11-04 16:02:37,457 [grpc-default-executor-1] INFO  impl.RoleInfo (RoleInfo.java:updateAndGet(143)) - 81ff859e-e76f-43f5-951a-4a38422068cb: start FollowerState
2019-11-04 16:02:37,457 [Thread-2033] INFO  impl.FollowerState (FollowerState.java:run(117)) - 81ff859e-e76f-43f5-951a-4a38422068cb@group-7855C2F36E53-FollowerState was interrupted: java.lang.InterruptedException: sleep interrupted
2019-11-04 16:02:37,482 [e3fb79a3-1f86-42af-a80c-c46d1acdbc29@group-7855C2F36E53-LeaderElection272] INFO  impl.LeaderElection (LeaderElection.java:logAndReturn(56)) - e3fb79a3-1f86-42af-a80c-c46d1acdbc29@group-7855C2F36E53-LeaderElection272: Election REJECTED; received 2 response(s) [e3fb79a3-1f86-42af-a80c-c46d1acdbc29<-81ff859e-e76f-43f5-951a-4a38422068cb#0:FAIL-t297, e3fb79a3-1f86-42af-a80c-c46d1acdbc29<-a9143d84-6d7f-497d-b770-eb75585db3c7#0:FAIL-t297] and 0 exception(s); e3fb79a3-1f86-42af-a80c-c46d1acdbc29@group-7855C2F36E53:t297, leader=null, voted=e3fb79a3-1f86-42af-a80c-c46d1acdbc29, raftlog=e3fb79a3-1f86-42af-a80c-c46d1acdbc29@group-7855C2F36E53-SegmentedRaftLog:OPENED:c-1,f-1,i0, conf=-1: [e3fb79a3-1f86-42af-a80c-c46d1acdbc29:192.168.157.194:44142, 81ff859e-e76f-43f5-951a-4a38422068cb:192.168.157.194:46532, a9143d84-6d7f-497d-b770-eb75585db3c7:192.168.157.194:42126], old=null
2019-11-04 16:02:37,483 [e3fb79a3-1f86-42af-a80c-c46d1acdbc29@group-7855C2F36E53-LeaderElection272] INFO  impl.RaftServerImpl (RaftServerImpl.java:setRole(184)) - e3fb79a3-1f86-42af-a80c-c46d1acdbc29@group-7855C2F36E53: changes role from CANDIDATE to FOLLOWER at term 297 for DISCOVERED_A_NEW_TERM
2019-11-04 16:02:37,483 [e3fb79a3-1f86-42af-a80c-c46d1acdbc29@group-7855C2F36E53-LeaderElection272] INFO  impl.RoleInfo (RoleInfo.java:shutdownLeaderElection(134)) - e3fb79a3-1f86-42af-a80c-c46d1acdbc29: shutdown LeaderElection
2019-11-04 16:02:37,483 [e3fb79a3-1f86-42af-a80c-c46d1acdbc29@group-7855C2F36E53-LeaderElection272] INFO  impl.RoleInfo (RoleInfo.java:updateAndGet(143)) - e3fb79a3-1f86-42af-a80c-c46d1acdbc29: start FollowerState
2019-11-04 16:02:37,596 [Thread-2038] INFO  impl.FollowerState (FollowerState.java:run(108)) - e3fb79a3-1f86-42af-a80c-c46d1acdbc29@group-7855C2F36E53-FollowerState: change to CANDIDATE, lastRpcTime:113ms, electionTimeout:113ms
2019-11-04 16:02:37,596 [Thread-2038] INFO  impl.RoleInfo (RoleInfo.java:shutdownFollowerState(121)) - e3fb79a3-1f86-42af-a80c-c46d1acdbc29: shutdown FollowerState
2019-11-04 16:02:37,597 [Thread-2038] INFO  impl.RaftServerImpl (RaftServerImpl.java:setRole(184)) - e3fb79a3-1f86-42af-a80c-c46d1acdbc29@group-7855C2F36E53: changes role from  FOLLOWER to CANDIDATE at term 297 for changeToCandidate
2019-11-04 16:02:37,597 [Thread-2038] INFO  impl.RoleInfo (RoleInfo.java:updateAndGet(143)) - e3fb79a3-1f86-42af-a80c-c46d1acdbc29: start LeaderElection
2019-11-04 16:02:37,612 [e3fb79a3-1f86-42af-a80c-c46d1acdbc29@group-7855C2F36E53-LeaderElection273] INFO  impl.LeaderElection (LeaderElection.java:askForVotes(178)) - e3fb79a3-1f86-42af-a80c-c46d1acdbc29@group-7855C2F36E53-LeaderElection273: begin an election at term 298 for -1: [e3fb79a3-1f86-42af-a80c-c46d1acdbc29:192.168.157.194:44142, 81ff859e-e76f-43f5-951a-4a38422068cb:192.168.157.194:46532, a9143d84-6d7f-497d-b770-eb75585db3c7:192.168.157.194:42126], old=null
2019-11-04 16:02:37,615 [grpc-default-executor-1] INFO  impl.RaftServerImpl (RaftServerImpl.java:setRole(184)) - a9143d84-6d7f-497d-b770-eb75585db3c7@group-7855C2F36E53: changes role from  FOLLOWER to FOLLOWER at term 298 for recognizeCandidate:e3fb79a3-1f86-42af-a80c-c46d1acdbc29
2019-11-04 16:02:37,615 [grpc-default-executor-1] INFO  impl.RoleInfo (RoleInfo.java:shutdownFollowerState(121)) - a9143d84-6d7f-497d-b770-eb75585db3c7: shutdown FollowerState
2019-11-04 16:02:37,615 [grpc-default-executor-1] INFO  impl.RoleInfo (RoleInfo.java:updateAndGet(143)) - a9143d84-6d7f-497d-b770-eb75585db3c7: start FollowerState
2019-11-04 16:02:37,615 [Thread-2036] INFO  impl.FollowerState (FollowerState.java:run(117)) - a9143d84-6d7f-497d-b770-eb75585db3c7@group-7855C2F36E53-FollowerState was interrupted: java.lang.InterruptedException: sleep interrupted
2019-11-04 16:02:37,616 [grpc-default-executor-5] INFO  impl.RaftServerImpl (RaftServerImpl.java:setRole(184)) - 81ff859e-e76f-43f5-951a-4a38422068cb@group-7855C2F36E53: changes role from  FOLLOWER to FOLLOWER at term 298 for recognizeCandidate:e3fb79a3-1f86-42af-a80c-c46d1acdbc29
2019-11-04 16:02:37,616 [grpc-default-executor-5] INFO  impl.RoleInfo (RoleInfo.java:shutdownFollowerState(121)) - 81ff859e-e76f-43f5-951a-4a38422068cb: shutdown FollowerState
2019-11-04 16:02:37,616 [grpc-default-executor-5] INFO  impl.RoleInfo (RoleInfo.java:updateAndGet(143)) - 81ff859e-e76f-43f5-951a-4a38422068cb: start FollowerState
2019-11-04 16:02:37,616 [Thread-2037] INFO  impl.FollowerState (FollowerState.java:run(117)) - 81ff859e-e76f-43f5-951a-4a38422068cb@group-7855C2F36E53-FollowerState was interrupted: java.lang.InterruptedException: sleep interrupted
2019-11-04 16:02:37,642 [e3fb79a3-1f86-42af-a80c-c46d1acdbc29@group-7855C2F36E53-LeaderElection273] INFO  impl.LeaderElection (LeaderElection.java:logAndReturn(56)) - e3fb79a3-1f86-42af-a80c-c46d1acdbc29@group-7855C2F36E53-LeaderElection273: Election REJECTED; received 2 response(s) [e3fb79a3-1f86-42af-a80c-c46d1acdbc29<-81ff859e-e76f-43f5-951a-4a38422068cb#0:FAIL-t298, e3fb79a3-1f86-42af-a80c-c46d1acdbc29<-a9143d84-6d7f-497d-b770-eb75585db3c7#0:FAIL-t298] and 0 exception(s); e3fb79a3-1f86-42af-a80c-c46d1acdbc29@group-7855C2F36E53:t298, leader=null, voted=e3fb79a3-1f86-42af-a80c-c46d1acdbc29, raftlog=e3fb79a3-1f86-42af-a80c-c46d1acdbc29@group-7855C2F36E53-SegmentedRaftLog:OPENED:c-1,f-1,i0, conf=-1: [e3fb79a3-1f86-42af-a80c-c46d1acdbc29:192.168.157.194:44142, 81ff859e-e76f-43f5-951a-4a38422068cb:192.168.157.194:46532, a9143d84-6d7f-497d-b770-eb75585db3c7:192.168.157.194:42126], old=null
2019-11-04 16:02:37,642 [e3fb79a3-1f86-42af-a80c-c46d1acdbc29@group-7855C2F36E53-LeaderElection273] INFO  impl.RaftServerImpl (RaftServerImpl.java:setRole(184)) - e3fb79a3-1f86-42af-a80c-c46d1acdbc29@group-7855C2F36E53: changes role from CANDIDATE to FOLLOWER at term 298 for DISCOVERED_A_NEW_TERM
2019-11-04 16:02:37,642 [e3fb79a3-1f86-42af-a80c-c46d1acdbc29@group-7855C2F36E53-LeaderElection273] INFO  impl.RoleInfo (RoleInfo.java:shutdownLeaderElection(134)) - e3fb79a3-1f86-42af-a80c-c46d1acdbc29: shutdown LeaderElection
2019-11-04 16:02:37,642 [e3fb79a3-1f86-42af-a80c-c46d1acdbc29@group-7855C2F36E53-LeaderElection273] INFO  impl.RoleInfo (RoleInfo.java:updateAndGet(143)) - e3fb79a3-1f86-42af-a80c-c46d1acdbc29: start FollowerState
2019-11-04 16:02:37,678 [Thread-2044] INFO  impl.FollowerState (FollowerState.java:run(108)) - e3fb79a3-1f86-42af-a80c-c46d1acdbc29@group-7855C2F36E53-FollowerState: change to CANDIDATE, lastRpcTime:35ms, electionTimeout:35ms
2019-11-04 16:02:37,678 [Thread-2044] INFO  impl.RoleInfo (RoleInfo.java:shutdownFollowerState(121)) - e3fb79a3-1f86-42af-a80c-c46d1acdbc29: shutdown FollowerState
2019-11-04 16:02:37,678 [Thread-2044] INFO  impl.RaftServerImpl (RaftServerImpl.java:setRole(184)) - e3fb79a3-1f86-42af-a80c-c46d1acdbc29@group-7855C2F36E53: changes role from  FOLLOWER to CANDIDATE at term 298 for changeToCandidate
2019-11-04 16:02:37,678 [Thread-2044] INFO  impl.RoleInfo (RoleInfo.java:updateAndGet(143)) - e3fb79a3-1f86-42af-a80c-c46d1acdbc29: start LeaderElection
2019-11-04 16:02:37,693 [e3fb79a3-1f86-42af-a80c-c46d1acdbc29@group-7855C2F36E53-LeaderElection274] INFO  impl.LeaderElection (LeaderElection.java:askForVotes(178)) - e3fb79a3-1f86-42af-a80c-c46d1acdbc29@group-7855C2F36E53-LeaderElection274: begin an election at term 299 for -1: [e3fb79a3-1f86-42af-a80c-c46d1acdbc29:192.168.157.194:44142, 81ff859e-e76f-43f5-951a-4a38422068cb:192.168.157.194:46532, a9143d84-6d7f-497d-b770-eb75585db3c7:192.168.157.194:42126], old=null
2019-11-04 16:02:37,695 [grpc-default-executor-5] INFO  impl.RaftServerImpl (RaftServerImpl.java:setRole(184)) - 81ff859e-e76f-43f5-951a-4a38422068cb@group-7855C2F36E53: changes role from  FOLLOWER to FOLLOWER at term 299 for recognizeCandidate:e3fb79a3-1f86-42af-a80c-c46d1acdbc29
2019-11-04 16:02:37,695 [grpc-default-executor-5] INFO  impl.RoleInfo (RoleInfo.java:shutdownFollowerState(121)) - 81ff859e-e76f-43f5-951a-4a38422068cb: shutdown FollowerState
2019-11-04 16:02:37,695 [grpc-default-executor-1] INFO  impl.RaftServerImpl (RaftServerImpl.java:setRole(184)) - a9143d84-6d7f-497d-b770-eb75585db3c7@group-7855C2F36E53: changes role from  FOLLOWER to FOLLOWER at term 299 for recognizeCandidate:e3fb79a3-1f86-42af-a80c-c46d1acdbc29
2019-11-04 16:02:37,695 [grpc-default-executor-1] INFO  impl.RoleInfo (RoleInfo.java:shutdownFollowerState(121)) - a9143d84-6d7f-497d-b770-eb75585db3c7: shutdown FollowerState
2019-11-04 16:02:37,695 [Thread-2043] INFO  impl.FollowerState (FollowerState.java:run(117)) - 81ff859e-e76f-43f5-951a-4a38422068cb@group-7855C2F36E53-FollowerState was interrupted: java.lang.InterruptedException: sleep interrupted
2019-11-04 16:02:37,695 [grpc-default-executor-5] INFO  impl.RoleInfo (RoleInfo.java:updateAndGet(143)) - 81ff859e-e76f-43f5-951a-4a38422068cb: start FollowerState
2019-11-04 16:02:37,696 [Thread-2042] INFO  impl.FollowerState (FollowerState.java:run(117)) - a9143d84-6d7f-497d-b770-eb75585db3c7@group-7855C2F36E53-FollowerState was interrupted: java.lang.InterruptedException: sleep interrupted
2019-11-04 16:02:37,695 [grpc-default-executor-1] INFO  impl.RoleInfo (RoleInfo.java:updateAndGet(143)) - a9143d84-6d7f-497d-b770-eb75585db3c7: start FollowerState
2019-11-04 16:02:37,711 [e3fb79a3-1f86-42af-a80c-c46d1acdbc29@group-7855C2F36E53-LeaderElection274] INFO  impl.LeaderElection (LeaderElection.java:logAndReturn(56)) - e3fb79a3-1f86-42af-a80c-c46d1acdbc29@group-7855C2F36E53-LeaderElection274: Election REJECTED; received 2 response(s) [e3fb79a3-1f86-42af-a80c-c46d1acdbc29<-81ff859e-e76f-43f5-951a-4a38422068cb#0:FAIL-t299, e3fb79a3-1f86-42af-a80c-c46d1acdbc29<-a9143d84-6d7f-497d-b770-eb75585db3c7#0:FAIL-t299] and 0 exception(s); e3fb79a3-1f86-42af-a80c-c46d1acdbc29@group-7855C2F36E53:t299, leader=null, voted=e3fb79a3-1f86-42af-a80c-c46d1acdbc29, raftlog=e3fb79a3-1f86-42af-a80c-c46d1acdbc29@group-7855C2F36E53-SegmentedRaftLog:OPENED:c-1,f-1,i0, conf=-1: [e3fb79a3-1f86-42af-a80c-c46d1acdbc29:192.168.157.194:44142, 81ff859e-e76f-43f5-951a-4a38422068cb:192.168.157.194:46532, a9143d84-6d7f-497d-b770-eb75585db3c7:192.168.157.194:42126], old=null
2019-11-04 16:02:37,712 [e3fb79a3-1f86-42af-a80c-c46d1acdbc29@group-7855C2F36E53-LeaderElection274] INFO  impl.RaftServerImpl (RaftServerImpl.java:setRole(184)) - e3fb79a3-1f86-42af-a80c-c46d1acdbc29@group-7855C2F36E53: changes role from CANDIDATE to FOLLOWER at term 299 for DISCOVERED_A_NEW_TERM
2019-11-04 16:02:37,712 [e3fb79a3-1f86-42af-a80c-c46d1acdbc29@group-7855C2F36E53-LeaderElection274] INFO  impl.RoleInfo (RoleInfo.java:shutdownLeaderElection(134)) - e3fb79a3-1f86-42af-a80c-c46d1acdbc29: shutdown LeaderElection
2019-11-04 16:02:37,712 [e3fb79a3-1f86-42af-a80c-c46d1acdbc29@group-7855C2F36E53-LeaderElection274] INFO  impl.RoleInfo (RoleInfo.java:updateAndGet(143)) - e3fb79a3-1f86-42af-a80c-c46d1acdbc29: start FollowerState
2019-11-04 16:02:37,789 [Thread-2050] INFO  impl.FollowerState (FollowerState.java:run(108)) - e3fb79a3-1f86-42af-a80c-c46d1acdbc29@group-7855C2F36E53-FollowerState: change to CANDIDATE, lastRpcTime:77ms, electionTimeout:77ms
2019-11-04 16:02:37,790 [Thread-2050] INFO  impl.RoleInfo (RoleInfo.java:shutdownFollowerState(121)) - e3fb79a3-1f86-42af-a80c-c46d1acdbc29: shutdown FollowerState
2019-11-04 16:02:37,790 [Thread-2050] INFO  impl.RaftServerImpl (RaftServerImpl.java:setRole(184)) - e3fb79a3-1f86-42af-a80c-c46d1acdbc29@group-7855C2F36E53: changes role from  FOLLOWER to CANDIDATE at term 299 for changeToCandidate
2019-11-04 16:02:37,790 [Thread-2050] INFO  impl.RoleInfo (RoleInfo.java:updateAndGet(143)) - e3fb79a3-1f86-42af-a80c-c46d1acdbc29: start LeaderElection
2019-11-04 16:02:37,804 [e3fb79a3-1f86-42af-a80c-c46d1acdbc29@group-7855C2F36E53-LeaderElection275] INFO  impl.LeaderElection (LeaderElection.java:askForVotes(178)) - e3fb79a3-1f86-42af-a80c-c46d1acdbc29@group-7855C2F36E53-LeaderElection275: begin an election at term 300 for -1: [e3fb79a3-1f86-42af-a80c-c46d1acdbc29:192.168.157.194:44142, 81ff859e-e76f-43f5-951a-4a38422068cb:192.168.157.194:46532, a9143d84-6d7f-497d-b770-eb75585db3c7:192.168.157.194:42126], old=null
2019-11-04 16:02:37,807 [grpc-default-executor-1] INFO  impl.RaftServerImpl (RaftServerImpl.java:setRole(184)) - 81ff859e-e76f-43f5-951a-4a38422068cb@group-7855C2F36E53: changes role from  FOLLOWER to FOLLOWER at term 300 for recognizeCandidate:e3fb79a3-1f86-42af-a80c-c46d1acdbc29
2019-11-04 16:02:37,807 [grpc-default-executor-1] INFO  impl.RoleInfo (RoleInfo.java:shutdownFollowerState(121)) - 81ff859e-e76f-43f5-951a-4a38422068cb: shutdown FollowerState
2019-11-04 16:02:37,807 [grpc-default-executor-1] INFO  impl.RoleInfo (RoleInfo.java:updateAndGet(143)) - 81ff859e-e76f-43f5-951a-4a38422068cb: start FollowerState
2019-11-04 16:02:37,807 [Thread-2048] INFO  impl.FollowerState (FollowerState.java:run(117)) - 81ff859e-e76f-43f5-951a-4a38422068cb@group-7855C2F36E53-FollowerState was interrupted: java.lang.InterruptedException: sleep interrupted
2019-11-04 16:02:37,807 [grpc-default-executor-5] INFO  impl.RaftServerImpl (RaftServerImpl.java:setRole(184)) - a9143d84-6d7f-497d-b770-eb75585db3c7@group-7855C2F36E53: changes role from  FOLLOWER to FOLLOWER at term 300 for recognizeCandidate:e3fb79a3-1f86-42af-a80c-c46d1acdbc29
2019-11-04 16:02:37,807 [grpc-default-executor-5] INFO  impl.RoleInfo (RoleInfo.java:shutdownFollowerState(121)) - a9143d84-6d7f-497d-b770-eb75585db3c7: shutdown FollowerState
2019-11-04 16:02:37,808 [grpc-default-executor-5] INFO  impl.RoleInfo (RoleInfo.java:updateAndGet(143)) - a9143d84-6d7f-497d-b770-eb75585db3c7: start FollowerState
2019-11-04 16:02:37,808 [Thread-2049] INFO  impl.FollowerState (FollowerState.java:run(117)) - a9143d84-6d7f-497d-b770-eb75585db3c7@group-7855C2F36E53-FollowerState was interrupted: java.lang.InterruptedException: sleep interrupted
2019-11-04 16:02:37,833 [e3fb79a3-1f86-42af-a80c-c46d1acdbc29@group-7855C2F36E53-LeaderElection275] INFO  impl.LeaderElection (LeaderElection.java:logAndReturn(56)) - e3fb79a3-1f86-42af-a80c-c46d1acdbc29@group-7855C2F36E53-LeaderElection275: Election REJECTED; received 2 response(s) [e3fb79a3-1f86-42af-a80c-c46d1acdbc29<-81ff859e-e76f-43f5-951a-4a38422068cb#0:FAIL-t300, e3fb79a3-1f86-42af-a80c-c46d1acdbc29<-a9143d84-6d7f-497d-b770-eb75585db3c7#0:FAIL-t300] and 0 exception(s); e3fb79a3-1f86-42af-a80c-c46d1acdbc29@group-7855C2F36E53:t300, leader=null, voted=e3fb79a3-1f86-42af-a80c-c46d1acdbc29, raftlog=e3fb79a3-1f86-42af-a80c-c46d1acdbc29@group-7855C2F36E53-SegmentedRaftLog:OPENED:c-1,f-1,i0, conf=-1: [e3fb79a3-1f86-42af-a80c-c46d1acdbc29:192.168.157.194:44142, 81ff859e-e76f-43f5-951a-4a38422068cb:192.168.157.194:46532, a9143d84-6d7f-497d-b770-eb75585db3c7:192.168.157.194:42126], old=null
2019-11-04 16:02:37,833 [e3fb79a3-1f86-42af-a80c-c46d1acdbc29@group-7855C2F36E53-LeaderElection275] INFO  impl.RaftServerImpl (RaftServerImpl.java:setRole(184)) - e3fb79a3-1f86-42af-a80c-c46d1acdbc29@group-7855C2F36E53: changes role from CANDIDATE to FOLLOWER at term 300 for DISCOVERED_A_NEW_TERM
2019-11-04 16:02:37,834 [e3fb79a3-1f86-42af-a80c-c46d1acdbc29@group-7855C2F36E53-LeaderElection275] INFO  impl.RoleInfo (RoleInfo.java:shutdownLeaderElection(134)) - e3fb79a3-1f86-42af-a80c-c46d1acdbc29: shutdown LeaderElection
2019-11-04 16:02:37,834 [e3fb79a3-1f86-42af-a80c-c46d1acdbc29@group-7855C2F36E53-LeaderElection275] INFO  impl.RoleInfo (RoleInfo.java:updateAndGet(143)) - e3fb79a3-1f86-42af-a80c-c46d1acdbc29: start FollowerState
2019-11-04 16:02:37,898 [Thread-2056] INFO  impl.FollowerState (FollowerState.java:run(108)) - e3fb79a3-1f86-42af-a80c-c46d1acdbc29@group-7855C2F36E53-FollowerState: change to CANDIDATE, lastRpcTime:64ms, electionTimeout:64ms
2019-11-04 16:02:37,898 [Thread-2056] INFO  impl.RoleInfo (RoleInfo.java:shutdownFollowerState(121)) - e3fb79a3-1f86-42af-a80c-c46d1acdbc29: shutdown FollowerState
2019-11-04 16:02:37,899 [Thread-2056] INFO  impl.RaftServerImpl (RaftServerImpl.java:setRole(184)) - e3fb79a3-1f86-42af-a80c-c46d1acdbc29@group-7855C2F36E53: changes role from  FOLLOWER to CANDIDATE at term 300 for changeToCandidate
2019-11-04 16:02:37,899 [Thread-2056] INFO  impl.RoleInfo (RoleInfo.java:updateAndGet(143)) - e3fb79a3-1f86-42af-a80c-c46d1acdbc29: start LeaderElection
2019-11-04 16:02:37,913 [e3fb79a3-1f86-42af-a80c-c46d1acdbc29@group-7855C2F36E53-LeaderElection276] INFO  impl.LeaderElection (LeaderElection.java:askForVotes(178)) - e3fb79a3-1f86-42af-a80c-c46d1acdbc29@group-7855C2F36E53-LeaderElection276: begin an election at term 301 for -1: [e3fb79a3-1f86-42af-a80c-c46d1acdbc29:192.168.157.194:44142, 81ff859e-e76f-43f5-951a-4a38422068cb:192.168.157.194:46532, a9143d84-6d7f-497d-b770-eb75585db3c7:192.168.157.194:42126], old=null
2019-11-04 16:02:37,915 [grpc-default-executor-5] INFO  impl.RaftServerImpl (RaftServerImpl.java:setRole(184)) - a9143d84-6d7f-497d-b770-eb75585db3c7@group-7855C2F36E53: changes role from  FOLLOWER to FOLLOWER at term 301 for recognizeCandidate:e3fb79a3-1f86-42af-a80c-c46d1acdbc29
2019-11-04 16:02:37,915 [grpc-default-executor-5] INFO  impl.RoleInfo (RoleInfo.java:shutdownFollowerState(121)) - a9143d84-6d7f-497d-b770-eb75585db3c7: shutdown FollowerState
2019-11-04 16:02:37,916 [grpc-default-executor-5] INFO  impl.RoleInfo (RoleInfo.java:updateAndGet(143)) - a9143d84-6d7f-497d-b770-eb75585db3c7: start FollowerState
2019-11-04 16:02:37,916 [Thread-2055] INFO  impl.FollowerState (FollowerState.java:run(117)) - a9143d84-6d7f-497d-b770-eb75585db3c7@group-7855C2F36E53-FollowerState was interrupted: java.lang.InterruptedException: sleep interrupted
2019-11-04 16:02:37,916 [grpc-default-executor-1] INFO  impl.RaftServerImpl (RaftServerImpl.java:setRole(184)) - 81ff859e-e76f-43f5-951a-4a38422068cb@group-7855C2F36E53: changes role from  FOLLOWER to FOLLOWER at term 301 for recognizeCandidate:e3fb79a3-1f86-42af-a80c-c46d1acdbc29
2019-11-04 16:02:37,916 [grpc-default-executor-1] INFO  impl.RoleInfo (RoleInfo.java:shutdownFollowerState(121)) - 81ff859e-e76f-43f5-951a-4a38422068cb: shutdown FollowerState
2019-11-04 16:02:37,916 [grpc-default-executor-1] INFO  impl.RoleInfo (RoleInfo.java:updateAndGet(143)) - 81ff859e-e76f-43f5-951a-4a38422068cb: start FollowerState
2019-11-04 16:02:37,916 [Thread-2054] INFO  impl.FollowerState (FollowerState.java:run(117)) - 81ff859e-e76f-43f5-951a-4a38422068cb@group-7855C2F36E53-FollowerState was interrupted: java.lang.InterruptedException: sleep interrupted
2019-11-04 16:02:37,945 [e3fb79a3-1f86-42af-a80c-c46d1acdbc29@group-7855C2F36E53-LeaderElection276] INFO  impl.LeaderElection (LeaderElection.java:logAndReturn(56)) - e3fb79a3-1f86-42af-a80c-c46d1acdbc29@group-7855C2F36E53-LeaderElection276: Election REJECTED; received 2 response(s) [e3fb79a3-1f86-42af-a80c-c46d1acdbc29<-81ff859e-e76f-43f5-951a-4a38422068cb#0:FAIL-t301, e3fb79a3-1f86-42af-a80c-c46d1acdbc29<-a9143d84-6d7f-497d-b770-eb75585db3c7#0:FAIL-t301] and 0 exception(s); e3fb79a3-1f86-42af-a80c-c46d1acdbc29@group-7855C2F36E53:t301, leader=null, voted=e3fb79a3-1f86-42af-a80c-c46d1acdbc29, raftlog=e3fb79a3-1f86-42af-a80c-c46d1acdbc29@group-7855C2F36E53-SegmentedRaftLog:OPENED:c-1,f-1,i0, conf=-1: [e3fb79a3-1f86-42af-a80c-c46d1acdbc29:192.168.157.194:44142, 81ff859e-e76f-43f5-951a-4a38422068cb:192.168.157.194:46532, a9143d84-6d7f-497d-b770-eb75585db3c7:192.168.157.194:42126], old=null
2019-11-04 16:02:37,945 [e3fb79a3-1f86-42af-a80c-c46d1acdbc29@group-7855C2F36E53-LeaderElection276] INFO  impl.RaftServerImpl (RaftServerImpl.java:setRole(184)) - e3fb79a3-1f86-42af-a80c-c46d1acdbc29@group-7855C2F36E53: changes role from CANDIDATE to FOLLOWER at term 301 for DISCOVERED_A_NEW_TERM
2019-11-04 16:02:37,945 [e3fb79a3-1f86-42af-a80c-c46d1acdbc29@group-7855C2F36E53-LeaderElection276] INFO  impl.RoleInfo (RoleInfo.java:shutdownLeaderElection(134)) - e3fb79a3-1f86-42af-a80c-c46d1acdbc29: shutdown LeaderElection
2019-11-04 16:02:37,946 [e3fb79a3-1f86-42af-a80c-c46d1acdbc29@group-7855C2F36E53-LeaderElection276] INFO  impl.RoleInfo (RoleInfo.java:updateAndGet(143)) - e3fb79a3-1f86-42af-a80c-c46d1acdbc29: start FollowerState
2019-11-04 16:02:38,058 [Thread-2062] INFO  impl.FollowerState (FollowerState.java:run(108)) - e3fb79a3-1f86-42af-a80c-c46d1acdbc29@group-7855C2F36E53-FollowerState: change to CANDIDATE, lastRpcTime:112ms, electionTimeout:112ms
2019-11-04 16:02:38,058 [Thread-2062] INFO  impl.RoleInfo (RoleInfo.java:shutdownFollowerState(121)) - e3fb79a3-1f86-42af-a80c-c46d1acdbc29: shutdown FollowerState
2019-11-04 16:02:38,058 [Thread-2062] INFO  impl.RaftServerImpl (RaftServerImpl.java:setRole(184)) - e3fb79a3-1f86-42af-a80c-c46d1acdbc29@group-7855C2F36E53: changes role from  FOLLOWER to CANDIDATE at term 301 for changeToCandidate
2019-11-04 16:02:38,059 [Thread-2062] INFO  impl.RoleInfo (RoleInfo.java:updateAndGet(143)) - e3fb79a3-1f86-42af-a80c-c46d1acdbc29: start LeaderElection
2019-11-04 16:02:38,072 [e3fb79a3-1f86-42af-a80c-c46d1acdbc29@group-7855C2F36E53-LeaderElection277] INFO  impl.LeaderElection (LeaderElection.java:askForVotes(178)) - e3fb79a3-1f86-42af-a80c-c46d1acdbc29@group-7855C2F36E53-LeaderElection277: begin an election at term 302 for -1: [e3fb79a3-1f86-42af-a80c-c46d1acdbc29:192.168.157.194:44142, 81ff859e-e76f-43f5-951a-4a38422068cb:192.168.157.194:46532, a9143d84-6d7f-497d-b770-eb75585db3c7:192.168.157.194:42126], old=null
2019-11-04 16:02:38,074 [grpc-default-executor-1] INFO  impl.RaftServerImpl (RaftServerImpl.java:setRole(184)) - 81ff859e-e76f-43f5-951a-4a38422068cb@group-7855C2F36E53: changes role from  FOLLOWER to FOLLOWER at term 302 for recognizeCandidate:e3fb79a3-1f86-42af-a80c-c46d1acdbc29
2019-11-04 16:02:38,074 [grpc-default-executor-1] INFO  impl.RoleInfo (RoleInfo.java:shutdownFollowerState(121)) - 81ff859e-e76f-43f5-951a-4a38422068cb: shutdown FollowerState
2019-11-04 16:02:38,074 [grpc-default-executor-5] INFO  impl.RaftServerImpl (RaftServerImpl.java:setRole(184)) - a9143d84-6d7f-497d-b770-eb75585db3c7@group-7855C2F36E53: changes role from  FOLLOWER to FOLLOWER at term 302 for recognizeCandidate:e3fb79a3-1f86-42af-a80c-c46d1acdbc29
2019-11-04 16:02:38,075 [Thread-2061] INFO  impl.FollowerState (FollowerState.java:run(117)) - 81ff859e-e76f-43f5-951a-4a38422068cb@group-7855C2F36E53-FollowerState was interrupted: java.lang.InterruptedException: sleep interrupted
2019-11-04 16:02:38,074 [grpc-default-executor-1] INFO  impl.RoleInfo (RoleInfo.java:updateAndGet(143)) - 81ff859e-e76f-43f5-951a-4a38422068cb: start FollowerState
2019-11-04 16:02:38,075 [grpc-default-executor-5] INFO  impl.RoleInfo (RoleInfo.java:shutdownFollowerState(121)) - a9143d84-6d7f-497d-b770-eb75585db3c7: shutdown FollowerState
2019-11-04 16:02:38,075 [grpc-default-executor-5] INFO  impl.RoleInfo (RoleInfo.java:updateAndGet(143)) - a9143d84-6d7f-497d-b770-eb75585db3c7: start FollowerState
2019-11-04 16:02:38,075 [e3fb79a3-1f86-42af-a80c-c46d1acdbc29@group-7855C2F36E53-LeaderElection277] INFO  impl.LeaderElection (LeaderElection.java:logAndReturn(56)) - e3fb79a3-1f86-42af-a80c-c46d1acdbc29@group-7855C2F36E53-LeaderElection277: Election TIMEOUT; received 0 response(s) [] and 0 exception(s); e3fb79a3-1f86-42af-a80c-c46d1acdbc29@group-7855C2F36E53:t302, leader=null, voted=e3fb79a3-1f86-42af-a80c-c46d1acdbc29, raftlog=e3fb79a3-1f86-42af-a80c-c46d1acdbc29@group-7855C2F36E53-SegmentedRaftLog:OPENED:c-1,f-1,i0, conf=-1: [e3fb79a3-1f86-42af-a80c-c46d1acdbc29:192.168.157.194:44142, 81ff859e-e76f-43f5-951a-4a38422068cb:192.168.157.194:46532, a9143d84-6d7f-497d-b770-eb75585db3c7:192.168.157.194:42126], old=null
2019-11-04 16:02:38,075 [Thread-2060] INFO  impl.FollowerState (FollowerState.java:run(117)) - a9143d84-6d7f-497d-b770-eb75585db3c7@group-7855C2F36E53-FollowerState was interrupted: java.lang.InterruptedException: sleep interrupted
2019-11-04 16:02:38,100 [e3fb79a3-1f86-42af-a80c-c46d1acdbc29@group-7855C2F36E53-LeaderElection277] INFO  impl.LeaderElection (LeaderElection.java:askForVotes(178)) - e3fb79a3-1f86-42af-a80c-c46d1acdbc29@group-7855C2F36E53-LeaderElection277: begin an election at term 303 for -1: [e3fb79a3-1f86-42af-a80c-c46d1acdbc29:192.168.157.194:44142, 81ff859e-e76f-43f5-951a-4a38422068cb:192.168.157.194:46532, a9143d84-6d7f-497d-b770-eb75585db3c7:192.168.157.194:42126], old=null
2019-11-04 16:02:38,102 [grpc-default-executor-1] INFO  impl.RaftServerImpl (RaftServerImpl.java:setRole(184)) - a9143d84-6d7f-497d-b770-eb75585db3c7@group-7855C2F36E53: changes role from  FOLLOWER to FOLLOWER at term 303 for recognizeCandidate:e3fb79a3-1f86-42af-a80c-c46d1acdbc29
2019-11-04 16:02:38,102 [grpc-default-executor-1] INFO  impl.RoleInfo (RoleInfo.java:shutdownFollowerState(121)) - a9143d84-6d7f-497d-b770-eb75585db3c7: shutdown FollowerState
2019-11-04 16:02:38,102 [grpc-default-executor-1] INFO  impl.RoleInfo (RoleInfo.java:updateAndGet(143)) - a9143d84-6d7f-497d-b770-eb75585db3c7: start FollowerState
2019-11-04 16:02:38,102 [Thread-2067] INFO  impl.FollowerState (FollowerState.java:run(117)) - a9143d84-6d7f-497d-b770-eb75585db3c7@group-7855C2F36E53-FollowerState was interrupted: java.lang.InterruptedException: sleep interrupted
2019-11-04 16:02:38,102 [grpc-default-executor-5] INFO  impl.RaftServerImpl (RaftServerImpl.java:setRole(184)) - 81ff859e-e76f-43f5-951a-4a38422068cb@group-7855C2F36E53: changes role from  FOLLOWER to FOLLOWER at term 303 for recognizeCandidate:e3fb79a3-1f86-42af-a80c-c46d1acdbc29
2019-11-04 16:02:38,103 [grpc-default-executor-5] INFO  impl.RoleInfo (RoleInfo.java:shutdownFollowerState(121)) - 81ff859e-e76f-43f5-951a-4a38422068cb: shutdown FollowerState
2019-11-04 16:02:38,103 [grpc-default-executor-5] INFO  impl.RoleInfo (RoleInfo.java:updateAndGet(143)) - 81ff859e-e76f-43f5-951a-4a38422068cb: start FollowerState
2019-11-04 16:02:38,103 [Thread-2066] INFO  impl.FollowerState (FollowerState.java:run(117)) - 81ff859e-e76f-43f5-951a-4a38422068cb@group-7855C2F36E53-FollowerState was interrupted: java.lang.InterruptedException: sleep interrupted
2019-11-04 16:02:38,128 [e3fb79a3-1f86-42af-a80c-c46d1acdbc29@group-7855C2F36E53-LeaderElection277] INFO  impl.LeaderElection (LeaderElection.java:logAndReturn(56)) - e3fb79a3-1f86-42af-a80c-c46d1acdbc29@group-7855C2F36E53-LeaderElection277: Election REJECTED; received 2 response(s) [e3fb79a3-1f86-42af-a80c-c46d1acdbc29<-81ff859e-e76f-43f5-951a-4a38422068cb#0:FAIL-t303, e3fb79a3-1f86-42af-a80c-c46d1acdbc29<-a9143d84-6d7f-497d-b770-eb75585db3c7#0:FAIL-t303] and 0 exception(s); e3fb79a3-1f86-42af-a80c-c46d1acdbc29@group-7855C2F36E53:t303, leader=null, voted=e3fb79a3-1f86-42af-a80c-c46d1acdbc29, raftlog=e3fb79a3-1f86-42af-a80c-c46d1acdbc29@group-7855C2F36E53-SegmentedRaftLog:OPENED:c-1,f-1,i0, conf=-1: [e3fb79a3-1f86-42af-a80c-c46d1acdbc29:192.168.157.194:44142, 81ff859e-e76f-43f5-951a-4a38422068cb:192.168.157.194:46532, a9143d84-6d7f-497d-b770-eb75585db3c7:192.168.157.194:42126], old=null
2019-11-04 16:02:38,129 [e3fb79a3-1f86-42af-a80c-c46d1acdbc29@group-7855C2F36E53-LeaderElection277] INFO  impl.RaftServerImpl (RaftServerImpl.java:setRole(184)) - e3fb79a3-1f86-42af-a80c-c46d1acdbc29@group-7855C2F36E53: changes role from CANDIDATE to FOLLOWER at term 303 for DISCOVERED_A_NEW_TERM
2019-11-04 16:02:38,129 [e3fb79a3-1f86-42af-a80c-c46d1acdbc29@group-7855C2F36E53-LeaderElection277] INFO  impl.RoleInfo (RoleInfo.java:shutdownLeaderElection(134)) - e3fb79a3-1f86-42af-a80c-c46d1acdbc29: shutdown LeaderElection
2019-11-04 16:02:38,129 [e3fb79a3-1f86-42af-a80c-c46d1acdbc29@group-7855C2F36E53-LeaderElection277] INFO  impl.RoleInfo (RoleInfo.java:updateAndGet(143)) - e3fb79a3-1f86-42af-a80c-c46d1acdbc29: start FollowerState
2019-11-04 16:02:38,181 [Thread-2072] INFO  impl.FollowerState (FollowerState.java:run(108)) - e3fb79a3-1f86-42af-a80c-c46d1acdbc29@group-7855C2F36E53-FollowerState: change to CANDIDATE, lastRpcTime:52ms, electionTimeout:52ms
2019-11-04 16:02:38,182 [Thread-2072] INFO  impl.RoleInfo (RoleInfo.java:shutdownFollowerState(121)) - e3fb79a3-1f86-42af-a80c-c46d1acdbc29: shutdown FollowerState
2019-11-04 16:02:38,182 [Thread-2072] INFO  impl.RaftServerImpl (RaftServerImpl.java:setRole(184)) - e3fb79a3-1f86-42af-a80c-c46d1acdbc29@group-7855C2F36E53: changes role from  FOLLOWER to CANDIDATE at term 303 for changeToCandidate
2019-11-04 16:02:38,182 [Thread-2072] INFO  impl.RoleInfo (RoleInfo.java:updateAndGet(143)) - e3fb79a3-1f86-42af-a80c-c46d1acdbc29: start LeaderElection
2019-11-04 16:02:38,199 [e3fb79a3-1f86-42af-a80c-c46d1acdbc29@group-7855C2F36E53-LeaderElection278] INFO  impl.LeaderElection (LeaderElection.java:askForVotes(178)) - e3fb79a3-1f86-42af-a80c-c46d1acdbc29@group-7855C2F36E53-LeaderElection278: begin an election at term 304 for -1: [e3fb79a3-1f86-42af-a80c-c46d1acdbc29:192.168.157.194:44142, 81ff859e-e76f-43f5-951a-4a38422068cb:192.168.157.194:46532, a9143d84-6d7f-497d-b770-eb75585db3c7:192.168.157.194:42126], old=null
2019-11-04 16:02:38,200 [grpc-default-executor-1] INFO  impl.RaftServerImpl (RaftServerImpl.java:setRole(184)) - 81ff859e-e76f-43f5-951a-4a38422068cb@group-7855C2F36E53: changes role from  FOLLOWER to FOLLOWER at term 304 for recognizeCandidate:e3fb79a3-1f86-42af-a80c-c46d1acdbc29
2019-11-04 16:02:38,201 [grpc-default-executor-1] INFO  impl.RoleInfo (RoleInfo.java:shutdownFollowerState(121)) - 81ff859e-e76f-43f5-951a-4a38422068cb: shutdown FollowerState
2019-11-04 16:02:38,201 [grpc-default-executor-1] INFO  impl.RoleInfo (RoleInfo.java:updateAndGet(143)) - 81ff859e-e76f-43f5-951a-4a38422068cb: start FollowerState
2019-11-04 16:02:38,201 [Thread-2071] INFO  impl.FollowerState (FollowerState.java:run(117)) - 81ff859e-e76f-43f5-951a-4a38422068cb@group-7855C2F36E53-FollowerState was interrupted: java.lang.InterruptedException: sleep interrupted
2019-11-04 16:02:38,201 [grpc-default-executor-5] INFO  impl.RaftServerImpl (RaftServerImpl.java:setRole(184)) - a9143d84-6d7f-497d-b770-eb75585db3c7@group-7855C2F36E53: changes role from  FOLLOWER to FOLLOWER at term 304 for recognizeCandidate:e3fb79a3-1f86-42af-a80c-c46d1acdbc29
2019-11-04 16:02:38,201 [grpc-default-executor-5] INFO  impl.RoleInfo (RoleInfo.java:shutdownFollowerState(121)) - a9143d84-6d7f-497d-b770-eb75585db3c7: shutdown FollowerState
2019-11-04 16:02:38,201 [grpc-default-executor-5] INFO  impl.RoleInfo (RoleInfo.java:updateAndGet(143)) - a9143d84-6d7f-497d-b770-eb75585db3c7: start FollowerState
2019-11-04 16:02:38,201 [Thread-2070] INFO  impl.FollowerState (FollowerState.java:run(117)) - a9143d84-6d7f-497d-b770-eb75585db3c7@group-7855C2F36E53-FollowerState was interrupted: java.lang.InterruptedException: sleep interrupted
2019-11-04 16:02:38,227 [e3fb79a3-1f86-42af-a80c-c46d1acdbc29@group-7855C2F36E53-LeaderElection278] INFO  impl.LeaderElection (LeaderElection.java:logAndReturn(56)) - e3fb79a3-1f86-42af-a80c-c46d1acdbc29@group-7855C2F36E53-LeaderElection278: Election REJECTED; received 2 response(s) [e3fb79a3-1f86-42af-a80c-c46d1acdbc29<-81ff859e-e76f-43f5-951a-4a38422068cb#0:FAIL-t304, e3fb79a3-1f86-42af-a80c-c46d1acdbc29<-a9143d84-6d7f-497d-b770-eb75585db3c7#0:FAIL-t304] and 0 exception(s); e3fb79a3-1f86-42af-a80c-c46d1acdbc29@group-7855C2F36E53:t304, leader=null, voted=e3fb79a3-1f86-42af-a80c-c46d1acdbc29, raftlog=e3fb79a3-1f86-42af-a80c-c46d1acdbc29@group-7855C2F36E53-SegmentedRaftLog:OPENED:c-1,f-1,i0, conf=-1: [e3fb79a3-1f86-42af-a80c-c46d1acdbc29:192.168.157.194:44142, 81ff859e-e76f-43f5-951a-4a38422068cb:192.168.157.194:46532, a9143d84-6d7f-497d-b770-eb75585db3c7:192.168.157.194:42126], old=null
2019-11-04 16:02:38,227 [e3fb79a3-1f86-42af-a80c-c46d1acdbc29@group-7855C2F36E53-LeaderElection278] INFO  impl.RaftServerImpl (RaftServerImpl.java:setRole(184)) - e3fb79a3-1f86-42af-a80c-c46d1acdbc29@group-7855C2F36E53: changes role from CANDIDATE to FOLLOWER at term 304 for DISCOVERED_A_NEW_TERM
2019-11-04 16:02:38,228 [e3fb79a3-1f86-42af-a80c-c46d1acdbc29@group-7855C2F36E53-LeaderElection278] INFO  impl.RoleInfo (RoleInfo.java:shutdownLeaderElection(134)) - e3fb79a3-1f86-42af-a80c-c46d1acdbc29: shutdown LeaderElection
2019-11-04 16:02:38,228 [e3fb79a3-1f86-42af-a80c-c46d1acdbc29@group-7855C2F36E53-LeaderElection278] INFO  impl.RoleInfo (RoleInfo.java:updateAndGet(143)) - e3fb79a3-1f86-42af-a80c-c46d1acdbc29: start FollowerState
2019-11-04 16:02:38,274 [Thread-2078] INFO  impl.FollowerState (FollowerState.java:run(108)) - e3fb79a3-1f86-42af-a80c-c46d1acdbc29@group-7855C2F36E53-FollowerState: change to CANDIDATE, lastRpcTime:46ms, electionTimeout:46ms
2019-11-04 16:02:38,275 [Thread-2078] INFO  impl.RoleInfo (RoleInfo.java:shutdownFollowerState(121)) - e3fb79a3-1f86-42af-a80c-c46d1acdbc29: shutdown FollowerState
2019-11-04 16:02:38,275 [Thread-2078] INFO  impl.RaftServerImpl (RaftServerImpl.java:setRole(184)) - e3fb79a3-1f86-42af-a80c-c46d1acdbc29@group-7855C2F36E53: changes role from  FOLLOWER to CANDIDATE at term 304 for changeToCandidate
2019-11-04 16:02:38,275 [Thread-2078] INFO  impl.RoleInfo (RoleInfo.java:updateAndGet(143)) - e3fb79a3-1f86-42af-a80c-c46d1acdbc29: start LeaderElection
2019-11-04 16:02:38,289 [e3fb79a3-1f86-42af-a80c-c46d1acdbc29@group-7855C2F36E53-LeaderElection279] INFO  impl.LeaderElection (LeaderElection.java:askForVotes(178)) - e3fb79a3-1f86-42af-a80c-c46d1acdbc29@group-7855C2F36E53-LeaderElection279: begin an election at term 305 for -1: [e3fb79a3-1f86-42af-a80c-c46d1acdbc29:192.168.157.194:44142, 81ff859e-e76f-43f5-951a-4a38422068cb:192.168.157.194:46532, a9143d84-6d7f-497d-b770-eb75585db3c7:192.168.157.194:42126], old=null
2019-11-04 16:02:38,291 [grpc-default-executor-1] INFO  impl.RaftServerImpl (RaftServerImpl.java:setRole(184)) - a9143d84-6d7f-497d-b770-eb75585db3c7@group-7855C2F36E53: changes role from  FOLLOWER to FOLLOWER at term 305 for recognizeCandidate:e3fb79a3-1f86-42af-a80c-c46d1acdbc29
2019-11-04 16:02:38,291 [grpc-default-executor-1] INFO  impl.RoleInfo (RoleInfo.java:shutdownFollowerState(121)) - a9143d84-6d7f-497d-b770-eb75585db3c7: shutdown FollowerState
2019-11-04 16:02:38,291 [grpc-default-executor-5] INFO  impl.RaftServerImpl (RaftServerImpl.java:setRole(184)) - 81ff859e-e76f-43f5-951a-4a38422068cb@group-7855C2F36E53: changes role from  FOLLOWER to FOLLOWER at term 305 for recognizeCandidate:e3fb79a3-1f86-42af-a80c-c46d1acdbc29
2019-11-04 16:02:38,291 [Thread-2077] INFO  impl.FollowerState (FollowerState.java:run(117)) - a9143d84-6d7f-497d-b770-eb75585db3c7@group-7855C2F36E53-FollowerState was interrupted: java.lang.InterruptedException: sleep interrupted
2019-11-04 16:02:38,291 [grpc-default-executor-1] INFO  impl.RoleInfo (RoleInfo.java:updateAndGet(143)) - a9143d84-6d7f-497d-b770-eb75585db3c7: start FollowerState
2019-11-04 16:02:38,291 [grpc-default-executor-5] INFO  impl.RoleInfo (RoleInfo.java:shutdownFollowerState(121)) - 81ff859e-e76f-43f5-951a-4a38422068cb: shutdown FollowerState
2019-11-04 16:02:38,292 [grpc-default-executor-5] INFO  impl.RoleInfo (RoleInfo.java:updateAndGet(143)) - 81ff859e-e76f-43f5-951a-4a38422068cb: start FollowerState
2019-11-04 16:02:38,292 [Thread-2076] INFO  impl.FollowerState (FollowerState.java:run(117)) - 81ff859e-e76f-43f5-951a-4a38422068cb@group-7855C2F36E53-FollowerState was interrupted: java.lang.InterruptedException: sleep interrupted
2019-11-04 16:02:38,318 [e3fb79a3-1f86-42af-a80c-c46d1acdbc29@group-7855C2F36E53-LeaderElection279] INFO  impl.LeaderElection (LeaderElection.java:logAndReturn(56)) - e3fb79a3-1f86-42af-a80c-c46d1acdbc29@group-7855C2F36E53-LeaderElection279: Election REJECTED; received 2 response(s) [e3fb79a3-1f86-42af-a80c-c46d1acdbc29<-81ff859e-e76f-43f5-951a-4a38422068cb#0:FAIL-t305, e3fb79a3-1f86-42af-a80c-c46d1acdbc29<-a9143d84-6d7f-497d-b770-eb75585db3c7#0:FAIL-t305] and 0 exception(s); e3fb79a3-1f86-42af-a80c-c46d1acdbc29@group-7855C2F36E53:t305, leader=null, voted=e3fb79a3-1f86-42af-a80c-c46d1acdbc29, raftlog=e3fb79a3-1f86-42af-a80c-c46d1acdbc29@group-7855C2F36E53-SegmentedRaftLog:OPENED:c-1,f-1,i0, conf=-1: [e3fb79a3-1f86-42af-a80c-c46d1acdbc29:192.168.157.194:44142, 81ff859e-e76f-43f5-951a-4a38422068cb:192.168.157.194:46532, a9143d84-6d7f-497d-b770-eb75585db3c7:192.168.157.194:42126], old=null
2019-11-04 16:02:38,318 [e3fb79a3-1f86-42af-a80c-c46d1acdbc29@group-7855C2F36E53-LeaderElection279] INFO  impl.RaftServerImpl (RaftServerImpl.java:setRole(184)) - e3fb79a3-1f86-42af-a80c-c46d1acdbc29@group-7855C2F36E53: changes role from CANDIDATE to FOLLOWER at term 305 for DISCOVERED_A_NEW_TERM
2019-11-04 16:02:38,318 [e3fb79a3-1f86-42af-a80c-c46d1acdbc29@group-7855C2F36E53-LeaderElection279] INFO  impl.RoleInfo (RoleInfo.java:shutdownLeaderElection(134)) - e3fb79a3-1f86-42af-a80c-c46d1acdbc29: shutdown LeaderElection
2019-11-04 16:02:38,318 [e3fb79a3-1f86-42af-a80c-c46d1acdbc29@group-7855C2F36E53-LeaderElection279] INFO  impl.RoleInfo (RoleInfo.java:updateAndGet(143)) - e3fb79a3-1f86-42af-a80c-c46d1acdbc29: start FollowerState
2019-11-04 16:02:38,438 [Thread-2084] INFO  impl.FollowerState (FollowerState.java:run(108)) - e3fb79a3-1f86-42af-a80c-c46d1acdbc29@group-7855C2F36E53-FollowerState: change to CANDIDATE, lastRpcTime:120ms, electionTimeout:120ms
2019-11-04 16:02:38,438 [Thread-2084] INFO  impl.RoleInfo (RoleInfo.java:shutdownFollowerState(121)) - e3fb79a3-1f86-42af-a80c-c46d1acdbc29: shutdown FollowerState
2019-11-04 16:02:38,439 [Thread-2084] INFO  impl.RaftServerImpl (RaftServerImpl.java:setRole(184)) - e3fb79a3-1f86-42af-a80c-c46d1acdbc29@group-7855C2F36E53: changes role from  FOLLOWER to CANDIDATE at term 305 for changeToCandidate
2019-11-04 16:02:38,439 [Thread-2084] INFO  impl.RoleInfo (RoleInfo.java:updateAndGet(143)) - e3fb79a3-1f86-42af-a80c-c46d1acdbc29: start LeaderElection
2019-11-04 16:02:38,452 [e3fb79a3-1f86-42af-a80c-c46d1acdbc29@group-7855C2F36E53-LeaderElection280] INFO  impl.LeaderElection (LeaderElection.java:askForVotes(178)) - e3fb79a3-1f86-42af-a80c-c46d1acdbc29@group-7855C2F36E53-LeaderElection280: begin an election at term 306 for -1: [e3fb79a3-1f86-42af-a80c-c46d1acdbc29:192.168.157.194:44142, 81ff859e-e76f-43f5-951a-4a38422068cb:192.168.157.194:46532, a9143d84-6d7f-497d-b770-eb75585db3c7:192.168.157.194:42126], old=null
2019-11-04 16:02:38,455 [grpc-default-executor-5] INFO  impl.RaftServerImpl (RaftServerImpl.java:setRole(184)) - 81ff859e-e76f-43f5-951a-4a38422068cb@group-7855C2F36E53: changes role from  FOLLOWER to FOLLOWER at term 306 for recognizeCandidate:e3fb79a3-1f86-42af-a80c-c46d1acdbc29
2019-11-04 16:02:38,455 [grpc-default-executor-5] INFO  impl.RoleInfo (RoleInfo.java:shutdownFollowerState(121)) - 81ff859e-e76f-43f5-951a-4a38422068cb: shutdown FollowerState
2019-11-04 16:02:38,455 [grpc-default-executor-5] INFO  impl.RoleInfo (RoleInfo.java:updateAndGet(143)) - 81ff859e-e76f-43f5-951a-4a38422068cb: start FollowerState
2019-11-04 16:02:38,455 [Thread-2083] INFO  impl.FollowerState (FollowerState.java:run(117)) - 81ff859e-e76f-43f5-951a-4a38422068cb@group-7855C2F36E53-FollowerState was interrupted: java.lang.InterruptedException: sleep interrupted
2019-11-04 16:02:38,455 [grpc-default-executor-1] INFO  impl.RaftServerImpl (RaftServerImpl.java:setRole(184)) - a9143d84-6d7f-497d-b770-eb75585db3c7@group-7855C2F36E53: changes role from  FOLLOWER to FOLLOWER at term 306 for recognizeCandidate:e3fb79a3-1f86-42af-a80c-c46d1acdbc29
2019-11-04 16:02:38,456 [grpc-default-executor-1] INFO  impl.RoleInfo (RoleInfo.java:shutdownFollowerState(121)) - a9143d84-6d7f-497d-b770-eb75585db3c7: shutdown FollowerState
2019-11-04 16:02:38,456 [grpc-default-executor-1] INFO  impl.RoleInfo (RoleInfo.java:updateAndGet(143)) - a9143d84-6d7f-497d-b770-eb75585db3c7: start FollowerState
2019-11-04 16:02:38,456 [Thread-2082] INFO  impl.FollowerState (FollowerState.java:run(117)) - a9143d84-6d7f-497d-b770-eb75585db3c7@group-7855C2F36E53-FollowerState was interrupted: java.lang.InterruptedException: sleep interrupted
2019-11-04 16:02:38,485 [e3fb79a3-1f86-42af-a80c-c46d1acdbc29@group-7855C2F36E53-LeaderElection280] INFO  impl.LeaderElection (LeaderElection.java:logAndReturn(56)) - e3fb79a3-1f86-42af-a80c-c46d1acdbc29@group-7855C2F36E53-LeaderElection280: Election REJECTED; received 2 response(s) [e3fb79a3-1f86-42af-a80c-c46d1acdbc29<-81ff859e-e76f-43f5-951a-4a38422068cb#0:FAIL-t306, e3fb79a3-1f86-42af-a80c-c46d1acdbc29<-a9143d84-6d7f-497d-b770-eb75585db3c7#0:FAIL-t306] and 0 exception(s); e3fb79a3-1f86-42af-a80c-c46d1acdbc29@group-7855C2F36E53:t306, leader=null, voted=e3fb79a3-1f86-42af-a80c-c46d1acdbc29, raftlog=e3fb79a3-1f86-42af-a80c-c46d1acdbc29@group-7855C2F36E53-SegmentedRaftLog:OPENED:c-1,f-1,i0, conf=-1: [e3fb79a3-1f86-42af-a80c-c46d1acdbc29:192.168.157.194:44142, 81ff859e-e76f-43f5-951a-4a38422068cb:192.168.157.194:46532, a9143d84-6d7f-497d-b770-eb75585db3c7:192.168.157.194:42126], old=null
2019-11-04 16:02:38,485 [e3fb79a3-1f86-42af-a80c-c46d1acdbc29@group-7855C2F36E53-LeaderElection280] INFO  impl.RaftServerImpl (RaftServerImpl.java:setRole(184)) - e3fb79a3-1f86-42af-a80c-c46d1acdbc29@group-7855C2F36E53: changes role from CANDIDATE to FOLLOWER at term 306 for DISCOVERED_A_NEW_TERM
2019-11-04 16:02:38,485 [e3fb79a3-1f86-42af-a80c-c46d1acdbc29@group-7855C2F36E53-LeaderElection280] INFO  impl.RoleInfo (RoleInfo.java:shutdownLeaderElection(134)) - e3fb79a3-1f86-42af-a80c-c46d1acdbc29: shutdown LeaderElection
2019-11-04 16:02:38,485 [e3fb79a3-1f86-42af-a80c-c46d1acdbc29@group-7855C2F36E53-LeaderElection280] INFO  impl.RoleInfo (RoleInfo.java:updateAndGet(143)) - e3fb79a3-1f86-42af-a80c-c46d1acdbc29: start FollowerState
2019-11-04 16:02:38,604 [Thread-2092] INFO  impl.FollowerState (FollowerState.java:run(108)) - e3fb79a3-1f86-42af-a80c-c46d1acdbc29@group-7855C2F36E53-FollowerState: change to CANDIDATE, lastRpcTime:118ms, electionTimeout:118ms
2019-11-04 16:02:38,604 [Thread-2092] INFO  impl.RoleInfo (RoleInfo.java:shutdownFollowerState(121)) - e3fb79a3-1f86-42af-a80c-c46d1acdbc29: shutdown FollowerState
2019-11-04 16:02:38,604 [Thread-2092] INFO  impl.RaftServerImpl (RaftServerImpl.java:setRole(184)) - e3fb79a3-1f86-42af-a80c-c46d1acdbc29@group-7855C2F36E53: changes role from  FOLLOWER to CANDIDATE at term 306 for changeToCandidate
2019-11-04 16:02:38,604 [Thread-2092] INFO  impl.RoleInfo (RoleInfo.java:updateAndGet(143)) - e3fb79a3-1f86-42af-a80c-c46d1acdbc29: start LeaderElection
2019-11-04 16:02:38,630 [e3fb79a3-1f86-42af-a80c-c46d1acdbc29@group-7855C2F36E53-LeaderElection281] INFO  impl.LeaderElection (LeaderElection.java:askForVotes(178)) - e3fb79a3-1f86-42af-a80c-c46d1acdbc29@group-7855C2F36E53-LeaderElection281: begin an election at term 307 for -1: [e3fb79a3-1f86-42af-a80c-c46d1acdbc29:192.168.157.194:44142, 81ff859e-e76f-43f5-951a-4a38422068cb:192.168.157.194:46532, a9143d84-6d7f-497d-b770-eb75585db3c7:192.168.157.194:42126], old=null
2019-11-04 16:02:38,632 [grpc-default-executor-5] INFO  impl.RaftServerImpl (RaftServerImpl.java:setRole(184)) - a9143d84-6d7f-497d-b770-eb75585db3c7@group-7855C2F36E53: changes role from  FOLLOWER to FOLLOWER at term 307 for recognizeCandidate:e3fb79a3-1f86-42af-a80c-c46d1acdbc29
2019-11-04 16:02:38,632 [grpc-default-executor-1] INFO  impl.RaftServerImpl (RaftServerImpl.java:setRole(184)) - 81ff859e-e76f-43f5-951a-4a38422068cb@group-7855C2F36E53: changes role from  FOLLOWER to FOLLOWER at term 307 for recognizeCandidate:e3fb79a3-1f86-42af-a80c-c46d1acdbc29
2019-11-04 16:02:38,633 [grpc-default-executor-1] INFO  impl.RoleInfo (RoleInfo.java:shutdownFollowerState(121)) - 81ff859e-e76f-43f5-951a-4a38422068cb: shutdown FollowerState
2019-11-04 16:02:38,632 [grpc-default-executor-5] INFO  impl.RoleInfo (RoleInfo.java:shutdownFollowerState(121)) - a9143d84-6d7f-497d-b770-eb75585db3c7: shutdown FollowerState
2019-11-04 16:02:38,633 [Thread-2090] INFO  impl.FollowerState (FollowerState.java:run(117)) - 81ff859e-e76f-43f5-951a-4a38422068cb@group-7855C2F36E53-FollowerState was interrupted: java.lang.InterruptedException: sleep interrupted
2019-11-04 16:02:38,633 [grpc-default-executor-1] INFO  impl.RoleInfo (RoleInfo.java:updateAndGet(143)) - 81ff859e-e76f-43f5-951a-4a38422068cb: start FollowerState
2019-11-04 16:02:38,633 [Thread-2091] INFO  impl.FollowerState (FollowerState.java:run(117)) - a9143d84-6d7f-497d-b770-eb75585db3c7@group-7855C2F36E53-FollowerState was interrupted: java.lang.InterruptedException: sleep interrupted
2019-11-04 16:02:38,633 [grpc-default-executor-5] INFO  impl.RoleInfo (RoleInfo.java:updateAndGet(143)) - a9143d84-6d7f-497d-b770-eb75585db3c7: start FollowerState
2019-11-04 16:02:38,647 [e3fb79a3-1f86-42af-a80c-c46d1acdbc29@group-7855C2F36E53-LeaderElection281] INFO  impl.LeaderElection (LeaderElection.java:logAndReturn(56)) - e3fb79a3-1f86-42af-a80c-c46d1acdbc29@group-7855C2F36E53-LeaderElection281: Election REJECTED; received 2 response(s) [e3fb79a3-1f86-42af-a80c-c46d1acdbc29<-81ff859e-e76f-43f5-951a-4a38422068cb#0:FAIL-t307, e3fb79a3-1f86-42af-a80c-c46d1acdbc29<-a9143d84-6d7f-497d-b770-eb75585db3c7#0:FAIL-t307] and 0 exception(s); e3fb79a3-1f86-42af-a80c-c46d1acdbc29@group-7855C2F36E53:t307, leader=null, voted=e3fb79a3-1f86-42af-a80c-c46d1acdbc29, raftlog=e3fb79a3-1f86-42af-a80c-c46d1acdbc29@group-7855C2F36E53-SegmentedRaftLog:OPENED:c-1,f-1,i0, conf=-1: [e3fb79a3-1f86-42af-a80c-c46d1acdbc29:192.168.157.194:44142, 81ff859e-e76f-43f5-951a-4a38422068cb:192.168.157.194:46532, a9143d84-6d7f-497d-b770-eb75585db3c7:192.168.157.194:42126], old=null
2019-11-04 16:02:38,648 [e3fb79a3-1f86-42af-a80c-c46d1acdbc29@group-7855C2F36E53-LeaderElection281] INFO  impl.RaftServerImpl (RaftServerImpl.java:setRole(184)) - e3fb79a3-1f86-42af-a80c-c46d1acdbc29@group-7855C2F36E53: changes role from CANDIDATE to FOLLOWER at term 307 for DISCOVERED_A_NEW_TERM
2019-11-04 16:02:38,648 [e3fb79a3-1f86-42af-a80c-c46d1acdbc29@group-7855C2F36E53-LeaderElection281] INFO  impl.RoleInfo (RoleInfo.java:shutdownLeaderElection(134)) - e3fb79a3-1f86-42af-a80c-c46d1acdbc29: shutdown LeaderElection
2019-11-04 16:02:38,648 [e3fb79a3-1f86-42af-a80c-c46d1acdbc29@group-7855C2F36E53-LeaderElection281] INFO  impl.RoleInfo (RoleInfo.java:updateAndGet(143)) - e3fb79a3-1f86-42af-a80c-c46d1acdbc29: start FollowerState
2019-11-04 16:02:38,831 [Thread-2098] INFO  impl.FollowerState (FollowerState.java:run(108)) - e3fb79a3-1f86-42af-a80c-c46d1acdbc29@group-7855C2F36E53-FollowerState: change to CANDIDATE, lastRpcTime:183ms, electionTimeout:183ms
2019-11-04 16:02:38,832 [Thread-2098] INFO  impl.RoleInfo (RoleInfo.java:shutdownFollowerState(121)) - e3fb79a3-1f86-42af-a80c-c46d1acdbc29: shutdown FollowerState
2019-11-04 16:02:38,832 [Thread-2098] INFO  impl.RaftServerImpl (RaftServerImpl.java:setRole(184)) - e3fb79a3-1f86-42af-a80c-c46d1acdbc29@group-7855C2F36E53: changes role from  FOLLOWER to CANDIDATE at term 307 for changeToCandidate
2019-11-04 16:02:38,832 [Thread-2098] INFO  impl.RoleInfo (RoleInfo.java:updateAndGet(143)) - e3fb79a3-1f86-42af-a80c-c46d1acdbc29: start LeaderElection
2019-11-04 16:02:38,847 [e3fb79a3-1f86-42af-a80c-c46d1acdbc29@group-7855C2F36E53-LeaderElection282] INFO  impl.LeaderElection (LeaderElection.java:askForVotes(178)) - e3fb79a3-1f86-42af-a80c-c46d1acdbc29@group-7855C2F36E53-LeaderElection282: begin an election at term 308 for -1: [e3fb79a3-1f86-42af-a80c-c46d1acdbc29:192.168.157.194:44142, 81ff859e-e76f-43f5-951a-4a38422068cb:192.168.157.194:46532, a9143d84-6d7f-497d-b770-eb75585db3c7:192.168.157.194:42126], old=null
2019-11-04 16:02:38,849 [grpc-default-executor-5] INFO  impl.RaftServerImpl (RaftServerImpl.java:setRole(184)) - 81ff859e-e76f-43f5-951a-4a38422068cb@group-7855C2F36E53: changes role from  FOLLOWER to FOLLOWER at term 308 for recognizeCandidate:e3fb79a3-1f86-42af-a80c-c46d1acdbc29
2019-11-04 16:02:38,849 [grpc-default-executor-5] INFO  impl.RoleInfo (RoleInfo.java:shutdownFollowerState(121)) - 81ff859e-e76f-43f5-951a-4a38422068cb: shutdown FollowerState
2019-11-04 16:02:38,850 [grpc-default-executor-5] INFO  impl.RoleInfo (RoleInfo.java:updateAndGet(143)) - 81ff859e-e76f-43f5-951a-4a38422068cb: start FollowerState
2019-11-04 16:02:38,850 [grpc-default-executor-1] INFO  impl.RaftServerImpl (RaftServerImpl.java:setRole(184)) - a9143d84-6d7f-497d-b770-eb75585db3c7@group-7855C2F36E53: changes role from  FOLLOWER to FOLLOWER at term 308 for recognizeCandidate:e3fb79a3-1f86-42af-a80c-c46d1acdbc29
2019-11-04 16:02:38,850 [grpc-default-executor-1] INFO  impl.RoleInfo (RoleInfo.java:shutdownFollowerState(121)) - a9143d84-6d7f-497d-b770-eb75585db3c7: shutdown FollowerState
2019-11-04 16:02:38,850 [Thread-2096] INFO  impl.FollowerState (FollowerState.java:run(117)) - 81ff859e-e76f-43f5-951a-4a38422068cb@group-7855C2F36E53-FollowerState was interrupted: java.lang.InterruptedException: sleep interrupted
2019-11-04 16:02:38,850 [Thread-2097] INFO  impl.FollowerState (FollowerState.java:run(117)) - a9143d84-6d7f-497d-b770-eb75585db3c7@group-7855C2F36E53-FollowerState was interrupted: java.lang.InterruptedException: sleep interrupted
2019-11-04 16:02:38,850 [grpc-default-executor-1] INFO  impl.RoleInfo (RoleInfo.java:updateAndGet(143)) - a9143d84-6d7f-497d-b770-eb75585db3c7: start FollowerState
2019-11-04 16:02:38,876 [e3fb79a3-1f86-42af-a80c-c46d1acdbc29@group-7855C2F36E53-LeaderElection282] INFO  impl.LeaderElection (LeaderElection.java:logAndReturn(56)) - e3fb79a3-1f86-42af-a80c-c46d1acdbc29@group-7855C2F36E53-LeaderElection282: Election REJECTED; received 2 response(s) [e3fb79a3-1f86-42af-a80c-c46d1acdbc29<-81ff859e-e76f-43f5-951a-4a38422068cb#0:FAIL-t308, e3fb79a3-1f86-42af-a80c-c46d1acdbc29<-a9143d84-6d7f-497d-b770-eb75585db3c7#0:FAIL-t308] and 0 exception(s); e3fb79a3-1f86-42af-a80c-c46d1acdbc29@group-7855C2F36E53:t308, leader=null, voted=e3fb79a3-1f86-42af-a80c-c46d1acdbc29, raftlog=e3fb79a3-1f86-42af-a80c-c46d1acdbc29@group-7855C2F36E53-SegmentedRaftLog:OPENED:c-1,f-1,i0, conf=-1: [e3fb79a3-1f86-42af-a80c-c46d1acdbc29:192.168.157.194:44142, 81ff859e-e76f-43f5-951a-4a38422068cb:192.168.157.194:46532, a9143d84-6d7f-497d-b770-eb75585db3c7:192.168.157.194:42126], old=null
2019-11-04 16:02:38,876 [e3fb79a3-1f86-42af-a80c-c46d1acdbc29@group-7855C2F36E53-LeaderElection282] INFO  impl.RaftServerImpl (RaftServerImpl.java:setRole(184)) - e3fb79a3-1f86-42af-a80c-c46d1acdbc29@group-7855C2F36E53: changes role from CANDIDATE to FOLLOWER at term 308 for DISCOVERED_A_NEW_TERM
2019-11-04 16:02:38,876 [e3fb79a3-1f86-42af-a80c-c46d1acdbc29@group-7855C2F36E53-LeaderElection282] INFO  impl.RoleInfo (RoleInfo.java:shutdownLeaderElection(134)) - e3fb79a3-1f86-42af-a80c-c46d1acdbc29: shutdown LeaderElection
2019-11-04 16:02:38,877 [e3fb79a3-1f86-42af-a80c-c46d1acdbc29@group-7855C2F36E53-LeaderElection282] INFO  impl.RoleInfo (RoleInfo.java:updateAndGet(143)) - e3fb79a3-1f86-42af-a80c-c46d1acdbc29: start FollowerState
2019-11-04 16:02:38,963 [Thread-2104] INFO  impl.FollowerState (FollowerState.java:run(108)) - e3fb79a3-1f86-42af-a80c-c46d1acdbc29@group-7855C2F36E53-FollowerState: change to CANDIDATE, lastRpcTime:86ms, electionTimeout:86ms
2019-11-04 16:02:38,963 [Thread-2104] INFO  impl.RoleInfo (RoleInfo.java:shutdownFollowerState(121)) - e3fb79a3-1f86-42af-a80c-c46d1acdbc29: shutdown FollowerState
2019-11-04 16:02:38,964 [Thread-2104] INFO  impl.RaftServerImpl (RaftServerImpl.java:setRole(184)) - e3fb79a3-1f86-42af-a80c-c46d1acdbc29@group-7855C2F36E53: changes role from  FOLLOWER to CANDIDATE at term 308 for changeToCandidate
2019-11-04 16:02:38,964 [Thread-2104] INFO  impl.RoleInfo (RoleInfo.java:updateAndGet(143)) - e3fb79a3-1f86-42af-a80c-c46d1acdbc29: start LeaderElection
2019-11-04 16:02:38,979 [e3fb79a3-1f86-42af-a80c-c46d1acdbc29@group-7855C2F36E53-LeaderElection283] INFO  impl.LeaderElection (LeaderElection.java:askForVotes(178)) - e3fb79a3-1f86-42af-a80c-c46d1acdbc29@group-7855C2F36E53-LeaderElection283: begin an election at term 309 for -1: [e3fb79a3-1f86-42af-a80c-c46d1acdbc29:192.168.157.194:44142, 81ff859e-e76f-43f5-951a-4a38422068cb:192.168.157.194:46532, a9143d84-6d7f-497d-b770-eb75585db3c7:192.168.157.194:42126], old=null
2019-11-04 16:02:38,981 [grpc-default-executor-5] INFO  impl.RaftServerImpl (RaftServerImpl.java:setRole(184)) - 81ff859e-e76f-43f5-951a-4a38422068cb@group-7855C2F36E53: changes role from  FOLLOWER to FOLLOWER at term 309 for recognizeCandidate:e3fb79a3-1f86-42af-a80c-c46d1acdbc29
2019-11-04 16:02:38,981 [grpc-default-executor-1] INFO  impl.RaftServerImpl (RaftServerImpl.java:setRole(184)) - a9143d84-6d7f-497d-b770-eb75585db3c7@group-7855C2F36E53: changes role from  FOLLOWER to FOLLOWER at term 309 for recognizeCandidate:e3fb79a3-1f86-42af-a80c-c46d1acdbc29
2019-11-04 16:02:38,981 [grpc-default-executor-5] INFO  impl.RoleInfo (RoleInfo.java:shutdownFollowerState(121)) - 81ff859e-e76f-43f5-951a-4a38422068cb: shutdown FollowerState
2019-11-04 16:02:38,981 [grpc-default-executor-1] INFO  impl.RoleInfo (RoleInfo.java:shutdownFollowerState(121)) - a9143d84-6d7f-497d-b770-eb75585db3c7: shutdown FollowerState
2019-11-04 16:02:38,982 [Thread-2102] INFO  impl.FollowerState (FollowerState.java:run(117)) - 81ff859e-e76f-43f5-951a-4a38422068cb@group-7855C2F36E53-FollowerState was interrupted: java.lang.InterruptedException: sleep interrupted
2019-11-04 16:02:38,982 [grpc-default-executor-5] INFO  impl.RoleInfo (RoleInfo.java:updateAndGet(143)) - 81ff859e-e76f-43f5-951a-4a38422068cb: start FollowerState
2019-11-04 16:02:38,982 [Thread-2103] INFO  impl.FollowerState (FollowerState.java:run(117)) - a9143d84-6d7f-497d-b770-eb75585db3c7@group-7855C2F36E53-FollowerState was interrupted: java.lang.InterruptedException: sleep interrupted
2019-11-04 16:02:38,982 [grpc-default-executor-1] INFO  impl.RoleInfo (RoleInfo.java:updateAndGet(143)) - a9143d84-6d7f-497d-b770-eb75585db3c7: start FollowerState
2019-11-04 16:02:38,996 [e3fb79a3-1f86-42af-a80c-c46d1acdbc29@group-7855C2F36E53-LeaderElection283] INFO  impl.LeaderElection (LeaderElection.java:logAndReturn(56)) - e3fb79a3-1f86-42af-a80c-c46d1acdbc29@group-7855C2F36E53-LeaderElection283: Election REJECTED; received 2 response(s) [e3fb79a3-1f86-42af-a80c-c46d1acdbc29<-81ff859e-e76f-43f5-951a-4a38422068cb#0:FAIL-t309, e3fb79a3-1f86-42af-a80c-c46d1acdbc29<-a9143d84-6d7f-497d-b770-eb75585db3c7#0:FAIL-t309] and 0 exception(s); e3fb79a3-1f86-42af-a80c-c46d1acdbc29@group-7855C2F36E53:t309, leader=null, voted=e3fb79a3-1f86-42af-a80c-c46d1acdbc29, raftlog=e3fb79a3-1f86-42af-a80c-c46d1acdbc29@group-7855C2F36E53-SegmentedRaftLog:OPENED:c-1,f-1,i0, conf=-1: [e3fb79a3-1f86-42af-a80c-c46d1acdbc29:192.168.157.194:44142, 81ff859e-e76f-43f5-951a-4a38422068cb:192.168.157.194:46532, a9143d84-6d7f-497d-b770-eb75585db3c7:192.168.157.194:42126], old=null
2019-11-04 16:02:38,996 [e3fb79a3-1f86-42af-a80c-c46d1acdbc29@group-7855C2F36E53-LeaderElection283] INFO  impl.RaftServerImpl (RaftServerImpl.java:setRole(184)) - e3fb79a3-1f86-42af-a80c-c46d1acdbc29@group-7855C2F36E53: changes role from CANDIDATE to FOLLOWER at term 309 for DISCOVERED_A_NEW_TERM
2019-11-04 16:02:38,996 [e3fb79a3-1f86-42af-a80c-c46d1acdbc29@group-7855C2F36E53-LeaderElection283] INFO  impl.RoleInfo (RoleInfo.java:shutdownLeaderElection(134)) - e3fb79a3-1f86-42af-a80c-c46d1acdbc29: shutdown LeaderElection
2019-11-04 16:02:38,996 [e3fb79a3-1f86-42af-a80c-c46d1acdbc29@group-7855C2F36E53-LeaderElection283] INFO  impl.RoleInfo (RoleInfo.java:updateAndGet(143)) - e3fb79a3-1f86-42af-a80c-c46d1acdbc29: start FollowerState
2019-11-04 16:02:39,195 [Thread-2110] INFO  impl.FollowerState (FollowerState.java:run(108)) - e3fb79a3-1f86-42af-a80c-c46d1acdbc29@group-7855C2F36E53-FollowerState: change to CANDIDATE, lastRpcTime:198ms, electionTimeout:198ms
2019-11-04 16:02:39,195 [Thread-2110] INFO  impl.RoleInfo (RoleInfo.java:shutdownFollowerState(121)) - e3fb79a3-1f86-42af-a80c-c46d1acdbc29: shutdown FollowerState
2019-11-04 16:02:39,195 [Thread-2110] INFO  impl.RaftServerImpl (RaftServerImpl.java:setRole(184)) - e3fb79a3-1f86-42af-a80c-c46d1acdbc29@group-7855C2F36E53: changes role from  FOLLOWER to CANDIDATE at term 309 for changeToCandidate
2019-11-04 16:02:39,195 [Thread-2110] INFO  impl.RoleInfo (RoleInfo.java:updateAndGet(143)) - e3fb79a3-1f86-42af-a80c-c46d1acdbc29: start LeaderElection
2019-11-04 16:02:39,210 [e3fb79a3-1f86-42af-a80c-c46d1acdbc29@group-7855C2F36E53-LeaderElection284] INFO  impl.LeaderElection (LeaderElection.java:askForVotes(178)) - e3fb79a3-1f86-42af-a80c-c46d1acdbc29@group-7855C2F36E53-LeaderElection284: begin an election at term 310 for -1: [e3fb79a3-1f86-42af-a80c-c46d1acdbc29:192.168.157.194:44142, 81ff859e-e76f-43f5-951a-4a38422068cb:192.168.157.194:46532, a9143d84-6d7f-497d-b770-eb75585db3c7:192.168.157.194:42126], old=null
2019-11-04 16:02:39,212 [grpc-default-executor-5] INFO  impl.RaftServerImpl (RaftServerImpl.java:setRole(184)) - 81ff859e-e76f-43f5-951a-4a38422068cb@group-7855C2F36E53: changes role from  FOLLOWER to FOLLOWER at term 310 for recognizeCandidate:e3fb79a3-1f86-42af-a80c-c46d1acdbc29
2019-11-04 16:02:39,213 [grpc-default-executor-5] INFO  impl.RoleInfo (RoleInfo.java:shutdownFollowerState(121)) - 81ff859e-e76f-43f5-951a-4a38422068cb: shutdown FollowerState
2019-11-04 16:02:39,213 [grpc-default-executor-1] INFO  impl.RaftServerImpl (RaftServerImpl.java:setRole(184)) - a9143d84-6d7f-497d-b770-eb75585db3c7@group-7855C2F36E53: changes role from  FOLLOWER to FOLLOWER at term 310 for recognizeCandidate:e3fb79a3-1f86-42af-a80c-c46d1acdbc29
2019-11-04 16:02:39,213 [Thread-2108] INFO  impl.FollowerState (FollowerState.java:run(117)) - 81ff859e-e76f-43f5-951a-4a38422068cb@group-7855C2F36E53-FollowerState was interrupted: java.lang.InterruptedException: sleep interrupted
2019-11-04 16:02:39,213 [grpc-default-executor-5] INFO  impl.RoleInfo (RoleInfo.java:updateAndGet(143)) - 81ff859e-e76f-43f5-951a-4a38422068cb: start FollowerState
2019-11-04 16:02:39,213 [grpc-default-executor-1] INFO  impl.RoleInfo (RoleInfo.java:shutdownFollowerState(121)) - a9143d84-6d7f-497d-b770-eb75585db3c7: shutdown FollowerState
2019-11-04 16:02:39,213 [Thread-2109] INFO  impl.FollowerState (FollowerState.java:run(117)) - a9143d84-6d7f-497d-b770-eb75585db3c7@group-7855C2F36E53-FollowerState was interrupted: java.lang.InterruptedException: sleep interrupted
2019-11-04 16:02:39,213 [grpc-default-executor-1] INFO  impl.RoleInfo (RoleInfo.java:updateAndGet(143)) - a9143d84-6d7f-497d-b770-eb75585db3c7: start FollowerState
2019-11-04 16:02:39,228 [e3fb79a3-1f86-42af-a80c-c46d1acdbc29@group-7855C2F36E53-LeaderElection284] INFO  impl.LeaderElection (LeaderElection.java:logAndReturn(56)) - e3fb79a3-1f86-42af-a80c-c46d1acdbc29@group-7855C2F36E53-LeaderElection284: Election REJECTED; received 2 response(s) [e3fb79a3-1f86-42af-a80c-c46d1acdbc29<-81ff859e-e76f-43f5-951a-4a38422068cb#0:FAIL-t310, e3fb79a3-1f86-42af-a80c-c46d1acdbc29<-a9143d84-6d7f-497d-b770-eb75585db3c7#0:FAIL-t310] and 0 exception(s); e3fb79a3-1f86-42af-a80c-c46d1acdbc29@group-7855C2F36E53:t310, leader=null, voted=e3fb79a3-1f86-42af-a80c-c46d1acdbc29, raftlog=e3fb79a3-1f86-42af-a80c-c46d1acdbc29@group-7855C2F36E53-SegmentedRaftLog:OPENED:c-1,f-1,i0, conf=-1: [e3fb79a3-1f86-42af-a80c-c46d1acdbc29:192.168.157.194:44142, 81ff859e-e76f-43f5-951a-4a38422068cb:192.168.157.194:46532, a9143d84-6d7f-497d-b770-eb75585db3c7:192.168.157.194:42126], old=null
2019-11-04 16:02:39,228 [e3fb79a3-1f86-42af-a80c-c46d1acdbc29@group-7855C2F36E53-LeaderElection284] INFO  impl.RaftServerImpl (RaftServerImpl.java:setRole(184)) - e3fb79a3-1f86-42af-a80c-c46d1acdbc29@group-7855C2F36E53: changes role from CANDIDATE to FOLLOWER at term 310 for DISCOVERED_A_NEW_TERM
2019-11-04 16:02:39,228 [e3fb79a3-1f86-42af-a80c-c46d1acdbc29@group-7855C2F36E53-LeaderElection284] INFO  impl.RoleInfo (RoleInfo.java:shutdownLeaderElection(134)) - e3fb79a3-1f86-42af-a80c-c46d1acdbc29: shutdown LeaderElection
2019-11-04 16:02:39,228 [e3fb79a3-1f86-42af-a80c-c46d1acdbc29@group-7855C2F36E53-LeaderElection284] INFO  impl.RoleInfo (RoleInfo.java:updateAndGet(143)) - e3fb79a3-1f86-42af-a80c-c46d1acdbc29: start FollowerState
2019-11-04 16:02:39,379 [Thread-2117] INFO  impl.FollowerState (FollowerState.java:run(108)) - e3fb79a3-1f86-42af-a80c-c46d1acdbc29@group-7855C2F36E53-FollowerState: change to CANDIDATE, lastRpcTime:150ms, electionTimeout:150ms
2019-11-04 16:02:39,380 [Thread-2117] INFO  impl.RoleInfo (RoleInfo.java:shutdownFollowerState(121)) - e3fb79a3-1f86-42af-a80c-c46d1acdbc29: shutdown FollowerState
2019-11-04 16:02:39,380 [Thread-2117] INFO  impl.RaftServerImpl (RaftServerImpl.java:setRole(184)) - e3fb79a3-1f86-42af-a80c-c46d1acdbc29@group-7855C2F36E53: changes role from  FOLLOWER to CANDIDATE at term 310 for changeToCandidate
2019-11-04 16:02:39,381 [Thread-2117] INFO  impl.RoleInfo (RoleInfo.java:updateAndGet(143)) - e3fb79a3-1f86-42af-a80c-c46d1acdbc29: start LeaderElection
2019-11-04 16:02:39,394 [e3fb79a3-1f86-42af-a80c-c46d1acdbc29@group-7855C2F36E53-LeaderElection285] INFO  impl.LeaderElection (LeaderElection.java:askForVotes(178)) - e3fb79a3-1f86-42af-a80c-c46d1acdbc29@group-7855C2F36E53-LeaderElection285: begin an election at term 311 for -1: [e3fb79a3-1f86-42af-a80c-c46d1acdbc29:192.168.157.194:44142, 81ff859e-e76f-43f5-951a-4a38422068cb:192.168.157.194:46532, a9143d84-6d7f-497d-b770-eb75585db3c7:192.168.157.194:42126], old=null
2019-11-04 16:02:39,396 [grpc-default-executor-5] INFO  impl.RaftServerImpl (RaftServerImpl.java:setRole(184)) - 81ff859e-e76f-43f5-951a-4a38422068cb@group-7855C2F36E53: changes role from  FOLLOWER to FOLLOWER at term 311 for recognizeCandidate:e3fb79a3-1f86-42af-a80c-c46d1acdbc29
2019-11-04 16:02:39,396 [grpc-default-executor-5] INFO  impl.RoleInfo (RoleInfo.java:shutdownFollowerState(121)) - 81ff859e-e76f-43f5-951a-4a38422068cb: shutdown FollowerState
2019-11-04 16:02:39,396 [grpc-default-executor-1] INFO  impl.RaftServerImpl (RaftServerImpl.java:setRole(184)) - a9143d84-6d7f-497d-b770-eb75585db3c7@group-7855C2F36E53: changes role from  FOLLOWER to FOLLOWER at term 311 for recognizeCandidate:e3fb79a3-1f86-42af-a80c-c46d1acdbc29
2019-11-04 16:02:39,396 [Thread-2115] INFO  impl.FollowerState (FollowerState.java:run(117)) - 81ff859e-e76f-43f5-951a-4a38422068cb@group-7855C2F36E53-FollowerState was interrupted: java.lang.InterruptedException: sleep interrupted
2019-11-04 16:02:39,396 [grpc-default-executor-5] INFO  impl.RoleInfo (RoleInfo.java:updateAndGet(143)) - 81ff859e-e76f-43f5-951a-4a38422068cb: start FollowerState
2019-11-04 16:02:39,396 [grpc-default-executor-1] INFO  impl.RoleInfo (RoleInfo.java:shutdownFollowerState(121)) - a9143d84-6d7f-497d-b770-eb75585db3c7: shutdown FollowerState
2019-11-04 16:02:39,397 [Thread-2116] INFO  impl.FollowerState (FollowerState.java:run(117)) - a9143d84-6d7f-497d-b770-eb75585db3c7@group-7855C2F36E53-FollowerState was interrupted: java.lang.InterruptedException: sleep interrupted
2019-11-04 16:02:39,397 [grpc-default-executor-1] INFO  impl.RoleInfo (RoleInfo.java:updateAndGet(143)) - a9143d84-6d7f-497d-b770-eb75585db3c7: start FollowerState
2019-11-04 16:02:39,423 [e3fb79a3-1f86-42af-a80c-c46d1acdbc29@group-7855C2F36E53-LeaderElection285] INFO  impl.LeaderElection (LeaderElection.java:logAndReturn(56)) - e3fb79a3-1f86-42af-a80c-c46d1acdbc29@group-7855C2F36E53-LeaderElection285: Election REJECTED; received 2 response(s) [e3fb79a3-1f86-42af-a80c-c46d1acdbc29<-81ff859e-e76f-43f5-951a-4a38422068cb#0:FAIL-t311, e3fb79a3-1f86-42af-a80c-c46d1acdbc29<-a9143d84-6d7f-497d-b770-eb75585db3c7#0:FAIL-t311] and 0 exception(s); e3fb79a3-1f86-42af-a80c-c46d1acdbc29@group-7855C2F36E53:t311, leader=null, voted=e3fb79a3-1f86-42af-a80c-c46d1acdbc29, raftlog=e3fb79a3-1f86-42af-a80c-c46d1acdbc29@group-7855C2F36E53-SegmentedRaftLog:OPENED:c-1,f-1,i0, conf=-1: [e3fb79a3-1f86-42af-a80c-c46d1acdbc29:192.168.157.194:44142, 81ff859e-e76f-43f5-951a-4a38422068cb:192.168.157.194:46532, a9143d84-6d7f-497d-b770-eb75585db3c7:192.168.157.194:42126], old=null
2019-11-04 16:02:39,423 [e3fb79a3-1f86-42af-a80c-c46d1acdbc29@group-7855C2F36E53-LeaderElection285] INFO  impl.RaftServerImpl (RaftServerImpl.java:setRole(184)) - e3fb79a3-1f86-42af-a80c-c46d1acdbc29@group-7855C2F36E53: changes role from CANDIDATE to FOLLOWER at term 311 for DISCOVERED_A_NEW_TERM
2019-11-04 16:02:39,423 [e3fb79a3-1f86-42af-a80c-c46d1acdbc29@group-7855C2F36E53-LeaderElection285] INFO  impl.RoleInfo (RoleInfo.java:shutdownLeaderElection(134)) - e3fb79a3-1f86-42af-a80c-c46d1acdbc29: shutdown LeaderElection
2019-11-04 16:02:39,423 [e3fb79a3-1f86-42af-a80c-c46d1acdbc29@group-7855C2F36E53-LeaderElection285] INFO  impl.RoleInfo (RoleInfo.java:updateAndGet(143)) - e3fb79a3-1f86-42af-a80c-c46d1acdbc29: start FollowerState
2019-11-04 16:02:39,437 [Thread-2125] INFO  impl.FollowerState (FollowerState.java:run(108)) - e3fb79a3-1f86-42af-a80c-c46d1acdbc29@group-7855C2F36E53-FollowerState: change to CANDIDATE, lastRpcTime:13ms, electionTimeout:13ms
2019-11-04 16:02:39,437 [Thread-2125] INFO  impl.RoleInfo (RoleInfo.java:shutdownFollowerState(121)) - e3fb79a3-1f86-42af-a80c-c46d1acdbc29: shutdown FollowerState
2019-11-04 16:02:39,437 [Thread-2125] INFO  impl.RaftServerImpl (RaftServerImpl.java:setRole(184)) - e3fb79a3-1f86-42af-a80c-c46d1acdbc29@group-7855C2F36E53: changes role from  FOLLOWER to CANDIDATE at term 311 for changeToCandidate
2019-11-04 16:02:39,437 [Thread-2125] INFO  impl.RoleInfo (RoleInfo.java:updateAndGet(143)) - e3fb79a3-1f86-42af-a80c-c46d1acdbc29: start LeaderElection
2019-11-04 16:02:39,452 [e3fb79a3-1f86-42af-a80c-c46d1acdbc29@group-7855C2F36E53-LeaderElection286] INFO  impl.LeaderElection (LeaderElection.java:askForVotes(178)) - e3fb79a3-1f86-42af-a80c-c46d1acdbc29@group-7855C2F36E53-LeaderElection286: begin an election at term 312 for -1: [e3fb79a3-1f86-42af-a80c-c46d1acdbc29:192.168.157.194:44142, 81ff859e-e76f-43f5-951a-4a38422068cb:192.168.157.194:46532, a9143d84-6d7f-497d-b770-eb75585db3c7:192.168.157.194:42126], old=null
2019-11-04 16:02:39,454 [grpc-default-executor-1] INFO  impl.RaftServerImpl (RaftServerImpl.java:setRole(184)) - 81ff859e-e76f-43f5-951a-4a38422068cb@group-7855C2F36E53: changes role from  FOLLOWER to FOLLOWER at term 312 for recognizeCandidate:e3fb79a3-1f86-42af-a80c-c46d1acdbc29
2019-11-04 16:02:39,454 [grpc-default-executor-1] INFO  impl.RoleInfo (RoleInfo.java:shutdownFollowerState(121)) - 81ff859e-e76f-43f5-951a-4a38422068cb: shutdown FollowerState
2019-11-04 16:02:39,454 [grpc-default-executor-5] INFO  impl.RaftServerImpl (RaftServerImpl.java:setRole(184)) - a9143d84-6d7f-497d-b770-eb75585db3c7@group-7855C2F36E53: changes role from  FOLLOWER to FOLLOWER at term 312 for recognizeCandidate:e3fb79a3-1f86-42af-a80c-c46d1acdbc29
2019-11-04 16:02:39,454 [Thread-2123] INFO  impl.FollowerState (FollowerState.java:run(117)) - 81ff859e-e76f-43f5-951a-4a38422068cb@group-7855C2F36E53-FollowerState was interrupted: java.lang.InterruptedException: sleep interrupted
2019-11-04 16:02:39,454 [grpc-default-executor-1] INFO  impl.RoleInfo (RoleInfo.java:updateAndGet(143)) - 81ff859e-e76f-43f5-951a-4a38422068cb: start FollowerState
2019-11-04 16:02:39,454 [grpc-default-executor-5] INFO  impl.RoleInfo (RoleInfo.java:shutdownFollowerState(121)) - a9143d84-6d7f-497d-b770-eb75585db3c7: shutdown FollowerState
2019-11-04 16:02:39,455 [grpc-default-executor-5] INFO  impl.RoleInfo (RoleInfo.java:updateAndGet(143)) - a9143d84-6d7f-497d-b770-eb75585db3c7: start FollowerState
2019-11-04 16:02:39,455 [Thread-2124] INFO  impl.FollowerState (FollowerState.java:run(117)) - a9143d84-6d7f-497d-b770-eb75585db3c7@group-7855C2F36E53-FollowerState was interrupted: java.lang.InterruptedException: sleep interrupted
2019-11-04 16:02:39,470 [e3fb79a3-1f86-42af-a80c-c46d1acdbc29@group-7855C2F36E53-LeaderElection286] INFO  impl.LeaderElection (LeaderElection.java:logAndReturn(56)) - e3fb79a3-1f86-42af-a80c-c46d1acdbc29@group-7855C2F36E53-LeaderElection286: Election REJECTED; received 2 response(s) [e3fb79a3-1f86-42af-a80c-c46d1acdbc29<-81ff859e-e76f-43f5-951a-4a38422068cb#0:FAIL-t312, e3fb79a3-1f86-42af-a80c-c46d1acdbc29<-a9143d84-6d7f-497d-b770-eb75585db3c7#0:FAIL-t312] and 0 exception(s); e3fb79a3-1f86-42af-a80c-c46d1acdbc29@group-7855C2F36E53:t312, leader=null, voted=e3fb79a3-1f86-42af-a80c-c46d1acdbc29, raftlog=e3fb79a3-1f86-42af-a80c-c46d1acdbc29@group-7855C2F36E53-SegmentedRaftLog:OPENED:c-1,f-1,i0, conf=-1: [e3fb79a3-1f86-42af-a80c-c46d1acdbc29:192.168.157.194:44142, 81ff859e-e76f-43f5-951a-4a38422068cb:192.168.157.194:46532, a9143d84-6d7f-497d-b770-eb75585db3c7:192.168.157.194:42126], old=null
2019-11-04 16:02:39,470 [e3fb79a3-1f86-42af-a80c-c46d1acdbc29@group-7855C2F36E53-LeaderElection286] INFO  impl.RaftServerImpl (RaftServerImpl.java:setRole(184)) - e3fb79a3-1f86-42af-a80c-c46d1acdbc29@group-7855C2F36E53: changes role from CANDIDATE to FOLLOWER at term 312 for DISCOVERED_A_NEW_TERM
2019-11-04 16:02:39,470 [e3fb79a3-1f86-42af-a80c-c46d1acdbc29@group-7855C2F36E53-LeaderElection286] INFO  impl.RoleInfo (RoleInfo.java:shutdownLeaderElection(134)) - e3fb79a3-1f86-42af-a80c-c46d1acdbc29: shutdown LeaderElection
2019-11-04 16:02:39,470 [e3fb79a3-1f86-42af-a80c-c46d1acdbc29@group-7855C2F36E53-LeaderElection286] INFO  impl.RoleInfo (RoleInfo.java:updateAndGet(143)) - e3fb79a3-1f86-42af-a80c-c46d1acdbc29: start FollowerState
2019-11-04 16:02:39,665 [Thread-2131] INFO  impl.FollowerState (FollowerState.java:run(108)) - e3fb79a3-1f86-42af-a80c-c46d1acdbc29@group-7855C2F36E53-FollowerState: change to CANDIDATE, lastRpcTime:194ms, electionTimeout:194ms
2019-11-04 16:02:39,665 [Thread-2131] INFO  impl.RoleInfo (RoleInfo.java:shutdownFollowerState(121)) - e3fb79a3-1f86-42af-a80c-c46d1acdbc29: shutdown FollowerState
2019-11-04 16:02:39,665 [Thread-2131] INFO  impl.RaftServerImpl (RaftServerImpl.java:setRole(184)) - e3fb79a3-1f86-42af-a80c-c46d1acdbc29@group-7855C2F36E53: changes role from  FOLLOWER to CANDIDATE at term 312 for changeToCandidate
2019-11-04 16:02:39,665 [Thread-2131] INFO  impl.RoleInfo (RoleInfo.java:updateAndGet(143)) - e3fb79a3-1f86-42af-a80c-c46d1acdbc29: start LeaderElection
2019-11-04 16:02:39,691 [e3fb79a3-1f86-42af-a80c-c46d1acdbc29@group-7855C2F36E53-LeaderElection287] INFO  impl.LeaderElection (LeaderElection.java:askForVotes(178)) - e3fb79a3-1f86-42af-a80c-c46d1acdbc29@group-7855C2F36E53-LeaderElection287: begin an election at term 313 for -1: [e3fb79a3-1f86-42af-a80c-c46d1acdbc29:192.168.157.194:44142, 81ff859e-e76f-43f5-951a-4a38422068cb:192.168.157.194:46532, a9143d84-6d7f-497d-b770-eb75585db3c7:192.168.157.194:42126], old=null
2019-11-04 16:02:39,693 [grpc-default-executor-5] INFO  impl.RaftServerImpl (RaftServerImpl.java:setRole(184)) - 81ff859e-e76f-43f5-951a-4a38422068cb@group-7855C2F36E53: changes role from  FOLLOWER to FOLLOWER at term 313 for recognizeCandidate:e3fb79a3-1f86-42af-a80c-c46d1acdbc29
2019-11-04 16:02:39,694 [grpc-default-executor-1] INFO  impl.RaftServerImpl (RaftServerImpl.java:setRole(184)) - a9143d84-6d7f-497d-b770-eb75585db3c7@group-7855C2F36E53: changes role from  FOLLOWER to FOLLOWER at term 313 for recognizeCandidate:e3fb79a3-1f86-42af-a80c-c46d1acdbc29
2019-11-04 16:02:39,694 [grpc-default-executor-5] INFO  impl.RoleInfo (RoleInfo.java:shutdownFollowerState(121)) - 81ff859e-e76f-43f5-951a-4a38422068cb: shutdown FollowerState
2019-11-04 16:02:39,694 [grpc-default-executor-1] INFO  impl.RoleInfo (RoleInfo.java:shutdownFollowerState(121)) - a9143d84-6d7f-497d-b770-eb75585db3c7: shutdown FollowerState
2019-11-04 16:02:39,694 [Thread-2129] INFO  impl.FollowerState (FollowerState.java:run(117)) - 81ff859e-e76f-43f5-951a-4a38422068cb@group-7855C2F36E53-FollowerState was interrupted: java.lang.InterruptedException: sleep interrupted
2019-11-04 16:02:39,694 [grpc-default-executor-5] INFO  impl.RoleInfo (RoleInfo.java:updateAndGet(143)) - 81ff859e-e76f-43f5-951a-4a38422068cb: start FollowerState
2019-11-04 16:02:39,694 [Thread-2130] INFO  impl.FollowerState (FollowerState.java:run(117)) - a9143d84-6d7f-497d-b770-eb75585db3c7@group-7855C2F36E53-FollowerState was interrupted: java.lang.InterruptedException: sleep interrupted
2019-11-04 16:02:39,694 [grpc-default-executor-1] INFO  impl.RoleInfo (RoleInfo.java:updateAndGet(143)) - a9143d84-6d7f-497d-b770-eb75585db3c7: start FollowerState
2019-11-04 16:02:39,709 [e3fb79a3-1f86-42af-a80c-c46d1acdbc29@group-7855C2F36E53-LeaderElection287] INFO  impl.LeaderElection (LeaderElection.java:logAndReturn(56)) - e3fb79a3-1f86-42af-a80c-c46d1acdbc29@group-7855C2F36E53-LeaderElection287: Election REJECTED; received 2 response(s) [e3fb79a3-1f86-42af-a80c-c46d1acdbc29<-81ff859e-e76f-43f5-951a-4a38422068cb#0:FAIL-t313, e3fb79a3-1f86-42af-a80c-c46d1acdbc29<-a9143d84-6d7f-497d-b770-eb75585db3c7#0:FAIL-t313] and 0 exception(s); e3fb79a3-1f86-42af-a80c-c46d1acdbc29@group-7855C2F36E53:t313, leader=null, voted=e3fb79a3-1f86-42af-a80c-c46d1acdbc29, raftlog=e3fb79a3-1f86-42af-a80c-c46d1acdbc29@group-7855C2F36E53-SegmentedRaftLog:OPENED:c-1,f-1,i0, conf=-1: [e3fb79a3-1f86-42af-a80c-c46d1acdbc29:192.168.157.194:44142, 81ff859e-e76f-43f5-951a-4a38422068cb:192.168.157.194:46532, a9143d84-6d7f-497d-b770-eb75585db3c7:192.168.157.194:42126], old=null
2019-11-04 16:02:39,709 [e3fb79a3-1f86-42af-a80c-c46d1acdbc29@group-7855C2F36E53-LeaderElection287] INFO  impl.RaftServerImpl (RaftServerImpl.java:setRole(184)) - e3fb79a3-1f86-42af-a80c-c46d1acdbc29@group-7855C2F36E53: changes role from CANDIDATE to FOLLOWER at term 313 for DISCOVERED_A_NEW_TERM
2019-11-04 16:02:39,709 [e3fb79a3-1f86-42af-a80c-c46d1acdbc29@group-7855C2F36E53-LeaderElection287] INFO  impl.RoleInfo (RoleInfo.java:shutdownLeaderElection(134)) - e3fb79a3-1f86-42af-a80c-c46d1acdbc29: shutdown LeaderElection
2019-11-04 16:02:39,709 [e3fb79a3-1f86-42af-a80c-c46d1acdbc29@group-7855C2F36E53-LeaderElection287] INFO  impl.RoleInfo (RoleInfo.java:updateAndGet(143)) - e3fb79a3-1f86-42af-a80c-c46d1acdbc29: start FollowerState
2019-11-04 16:02:39,797 [Thread-2137] INFO  impl.FollowerState (FollowerState.java:run(108)) - e3fb79a3-1f86-42af-a80c-c46d1acdbc29@group-7855C2F36E53-FollowerState: change to CANDIDATE, lastRpcTime:87ms, electionTimeout:87ms
2019-11-04 16:02:39,797 [Thread-2137] INFO  impl.RoleInfo (RoleInfo.java:shutdownFollowerState(121)) - e3fb79a3-1f86-42af-a80c-c46d1acdbc29: shutdown FollowerState
2019-11-04 16:02:39,797 [Thread-2137] INFO  impl.RaftServerImpl (RaftServerImpl.java:setRole(184)) - e3fb79a3-1f86-42af-a80c-c46d1acdbc29@group-7855C2F36E53: changes role from  FOLLOWER to CANDIDATE at term 313 for changeToCandidate
2019-11-04 16:02:39,797 [Thread-2137] INFO  impl.RoleInfo (RoleInfo.java:updateAndGet(143)) - e3fb79a3-1f86-42af-a80c-c46d1acdbc29: start LeaderElection
2019-11-04 16:02:39,823 [e3fb79a3-1f86-42af-a80c-c46d1acdbc29@group-7855C2F36E53-LeaderElection288] INFO  impl.LeaderElection (LeaderElection.java:askForVotes(178)) - e3fb79a3-1f86-42af-a80c-c46d1acdbc29@group-7855C2F36E53-LeaderElection288: begin an election at term 314 for -1: [e3fb79a3-1f86-42af-a80c-c46d1acdbc29:192.168.157.194:44142, 81ff859e-e76f-43f5-951a-4a38422068cb:192.168.157.194:46532, a9143d84-6d7f-497d-b770-eb75585db3c7:192.168.157.194:42126], old=null
2019-11-04 16:02:39,824 [grpc-default-executor-5] INFO  impl.RaftServerImpl (RaftServerImpl.java:setRole(184)) - 81ff859e-e76f-43f5-951a-4a38422068cb@group-7855C2F36E53: changes role from  FOLLOWER to FOLLOWER at term 314 for recognizeCandidate:e3fb79a3-1f86-42af-a80c-c46d1acdbc29
2019-11-04 16:02:39,824 [grpc-default-executor-1] INFO  impl.RaftServerImpl (RaftServerImpl.java:setRole(184)) - a9143d84-6d7f-497d-b770-eb75585db3c7@group-7855C2F36E53: changes role from  FOLLOWER to FOLLOWER at term 314 for recognizeCandidate:e3fb79a3-1f86-42af-a80c-c46d1acdbc29
2019-11-04 16:02:39,824 [grpc-default-executor-5] INFO  impl.RoleInfo (RoleInfo.java:shutdownFollowerState(121)) - 81ff859e-e76f-43f5-951a-4a38422068cb: shutdown FollowerState
2019-11-04 16:02:39,824 [grpc-default-executor-1] INFO  impl.RoleInfo (RoleInfo.java:shutdownFollowerState(121)) - a9143d84-6d7f-497d-b770-eb75585db3c7: shutdown FollowerState
2019-11-04 16:02:39,825 [grpc-default-executor-5] INFO  impl.RoleInfo (RoleInfo.java:updateAndGet(143)) - 81ff859e-e76f-43f5-951a-4a38422068cb: start FollowerState
2019-11-04 16:02:39,825 [Thread-2136] INFO  impl.FollowerState (FollowerState.java:run(117)) - a9143d84-6d7f-497d-b770-eb75585db3c7@group-7855C2F36E53-FollowerState was interrupted: java.lang.InterruptedException: sleep interrupted
2019-11-04 16:02:39,825 [grpc-default-executor-1] INFO  impl.RoleInfo (RoleInfo.java:updateAndGet(143)) - a9143d84-6d7f-497d-b770-eb75585db3c7: start FollowerState
2019-11-04 16:02:39,825 [Thread-2135] INFO  impl.FollowerState (FollowerState.java:run(117)) - 81ff859e-e76f-43f5-951a-4a38422068cb@group-7855C2F36E53-FollowerState was interrupted: java.lang.InterruptedException: sleep interrupted
2019-11-04 16:02:39,830 [e3fb79a3-1f86-42af-a80c-c46d1acdbc29@group-7855C2F36E53-LeaderElection288] INFO  impl.LeaderElection (LeaderElection.java:logAndReturn(56)) - e3fb79a3-1f86-42af-a80c-c46d1acdbc29@group-7855C2F36E53-LeaderElection288: Election REJECTED; received 2 response(s) [e3fb79a3-1f86-42af-a80c-c46d1acdbc29<-81ff859e-e76f-43f5-951a-4a38422068cb#0:FAIL-t314, e3fb79a3-1f86-42af-a80c-c46d1acdbc29<-a9143d84-6d7f-497d-b770-eb75585db3c7#0:FAIL-t314] and 0 exception(s); e3fb79a3-1f86-42af-a80c-c46d1acdbc29@group-7855C2F36E53:t314, leader=null, voted=e3fb79a3-1f86-42af-a80c-c46d1acdbc29, raftlog=e3fb79a3-1f86-42af-a80c-c46d1acdbc29@group-7855C2F36E53-SegmentedRaftLog:OPENED:c-1,f-1,i0, conf=-1: [e3fb79a3-1f86-42af-a80c-c46d1acdbc29:192.168.157.194:44142, 81ff859e-e76f-43f5-951a-4a38422068cb:192.168.157.194:46532, a9143d84-6d7f-497d-b770-eb75585db3c7:192.168.157.194:42126], old=null
2019-11-04 16:02:39,830 [e3fb79a3-1f86-42af-a80c-c46d1acdbc29@group-7855C2F36E53-LeaderElection288] INFO  impl.RaftServerImpl (RaftServerImpl.java:setRole(184)) - e3fb79a3-1f86-42af-a80c-c46d1acdbc29@group-7855C2F36E53: changes role from CANDIDATE to FOLLOWER at term 314 for DISCOVERED_A_NEW_TERM
2019-11-04 16:02:39,830 [e3fb79a3-1f86-42af-a80c-c46d1acdbc29@group-7855C2F36E53-LeaderElection288] INFO  impl.RoleInfo (RoleInfo.java:shutdownLeaderElection(134)) - e3fb79a3-1f86-42af-a80c-c46d1acdbc29: shutdown LeaderElection
2019-11-04 16:02:39,831 [e3fb79a3-1f86-42af-a80c-c46d1acdbc29@group-7855C2F36E53-LeaderElection288] INFO  impl.RoleInfo (RoleInfo.java:updateAndGet(143)) - e3fb79a3-1f86-42af-a80c-c46d1acdbc29: start FollowerState
2019-11-04 16:02:39,901 [Thread-2143] INFO  impl.FollowerState (FollowerState.java:run(108)) - e3fb79a3-1f86-42af-a80c-c46d1acdbc29@group-7855C2F36E53-FollowerState: change to CANDIDATE, lastRpcTime:70ms, electionTimeout:70ms
2019-11-04 16:02:39,901 [Thread-2143] INFO  impl.RoleInfo (RoleInfo.java:shutdownFollowerState(121)) - e3fb79a3-1f86-42af-a80c-c46d1acdbc29: shutdown FollowerState
2019-11-04 16:02:39,901 [Thread-2143] INFO  impl.RaftServerImpl (RaftServerImpl.java:setRole(184)) - e3fb79a3-1f86-42af-a80c-c46d1acdbc29@group-7855C2F36E53: changes role from  FOLLOWER to CANDIDATE at term 314 for changeToCandidate
2019-11-04 16:02:39,901 [Thread-2143] INFO  impl.RoleInfo (RoleInfo.java:updateAndGet(143)) - e3fb79a3-1f86-42af-a80c-c46d1acdbc29: start LeaderElection
2019-11-04 16:02:39,915 [e3fb79a3-1f86-42af-a80c-c46d1acdbc29@group-7855C2F36E53-LeaderElection289] INFO  impl.LeaderElection (LeaderElection.java:askForVotes(178)) - e3fb79a3-1f86-42af-a80c-c46d1acdbc29@group-7855C2F36E53-LeaderElection289: begin an election at term 315 for -1: [e3fb79a3-1f86-42af-a80c-c46d1acdbc29:192.168.157.194:44142, 81ff859e-e76f-43f5-951a-4a38422068cb:192.168.157.194:46532, a9143d84-6d7f-497d-b770-eb75585db3c7:192.168.157.194:42126], old=null
2019-11-04 16:02:39,916 [grpc-default-executor-5] INFO  impl.RaftServerImpl (RaftServerImpl.java:setRole(184)) - 81ff859e-e76f-43f5-951a-4a38422068cb@group-7855C2F36E53: changes role from  FOLLOWER to FOLLOWER at term 315 for recognizeCandidate:e3fb79a3-1f86-42af-a80c-c46d1acdbc29
2019-11-04 16:02:39,916 [grpc-default-executor-1] INFO  impl.RaftServerImpl (RaftServerImpl.java:setRole(184)) - a9143d84-6d7f-497d-b770-eb75585db3c7@group-7855C2F36E53: changes role from  FOLLOWER to FOLLOWER at term 315 for recognizeCandidate:e3fb79a3-1f86-42af-a80c-c46d1acdbc29
2019-11-04 16:02:39,916 [grpc-default-executor-5] INFO  impl.RoleInfo (RoleInfo.java:shutdownFollowerState(121)) - 81ff859e-e76f-43f5-951a-4a38422068cb: shutdown FollowerState
2019-11-04 16:02:39,916 [grpc-default-executor-1] INFO  impl.RoleInfo (RoleInfo.java:shutdownFollowerState(121)) - a9143d84-6d7f-497d-b770-eb75585db3c7: shutdown FollowerState
2019-11-04 16:02:39,917 [grpc-default-executor-5] INFO  impl.RoleInfo (RoleInfo.java:updateAndGet(143)) - 81ff859e-e76f-43f5-951a-4a38422068cb: start FollowerState
2019-11-04 16:02:39,917 [Thread-2142] INFO  impl.FollowerState (FollowerState.java:run(117)) - a9143d84-6d7f-497d-b770-eb75585db3c7@group-7855C2F36E53-FollowerState was interrupted: java.lang.InterruptedException: sleep interrupted
2019-11-04 16:02:39,917 [Thread-2141] INFO  impl.FollowerState (FollowerState.java:run(117)) - 81ff859e-e76f-43f5-951a-4a38422068cb@group-7855C2F36E53-FollowerState was interrupted: java.lang.InterruptedException: sleep interrupted
2019-11-04 16:02:39,917 [grpc-default-executor-1] INFO  impl.RoleInfo (RoleInfo.java:updateAndGet(143)) - a9143d84-6d7f-497d-b770-eb75585db3c7: start FollowerState
2019-11-04 16:02:39,942 [e3fb79a3-1f86-42af-a80c-c46d1acdbc29@group-7855C2F36E53-LeaderElection289] INFO  impl.LeaderElection (LeaderElection.java:logAndReturn(56)) - e3fb79a3-1f86-42af-a80c-c46d1acdbc29@group-7855C2F36E53-LeaderElection289: Election REJECTED; received 2 response(s) [e3fb79a3-1f86-42af-a80c-c46d1acdbc29<-81ff859e-e76f-43f5-951a-4a38422068cb#0:FAIL-t315, e3fb79a3-1f86-42af-a80c-c46d1acdbc29<-a9143d84-6d7f-497d-b770-eb75585db3c7#0:FAIL-t315] and 0 exception(s); e3fb79a3-1f86-42af-a80c-c46d1acdbc29@group-7855C2F36E53:t315, leader=null, voted=e3fb79a3-1f86-42af-a80c-c46d1acdbc29, raftlog=e3fb79a3-1f86-42af-a80c-c46d1acdbc29@group-7855C2F36E53-SegmentedRaftLog:OPENED:c-1,f-1,i0, conf=-1: [e3fb79a3-1f86-42af-a80c-c46d1acdbc29:192.168.157.194:44142, 81ff859e-e76f-43f5-951a-4a38422068cb:192.168.157.194:46532, a9143d84-6d7f-497d-b770-eb75585db3c7:192.168.157.194:42126], old=null
2019-11-04 16:02:39,942 [e3fb79a3-1f86-42af-a80c-c46d1acdbc29@group-7855C2F36E53-LeaderElection289] INFO  impl.RaftServerImpl (RaftServerImpl.java:setRole(184)) - e3fb79a3-1f86-42af-a80c-c46d1acdbc29@group-7855C2F36E53: changes role from CANDIDATE to FOLLOWER at term 315 for DISCOVERED_A_NEW_TERM
2019-11-04 16:02:39,942 [e3fb79a3-1f86-42af-a80c-c46d1acdbc29@group-7855C2F36E53-LeaderElection289] INFO  impl.RoleInfo (RoleInfo.java:shutdownLeaderElection(134)) - e3fb79a3-1f86-42af-a80c-c46d1acdbc29: shutdown LeaderElection
2019-11-04 16:02:39,942 [e3fb79a3-1f86-42af-a80c-c46d1acdbc29@group-7855C2F36E53-LeaderElection289] INFO  impl.RoleInfo (RoleInfo.java:updateAndGet(143)) - e3fb79a3-1f86-42af-a80c-c46d1acdbc29: start FollowerState
2019-11-04 16:02:39,966 [Thread-2149] INFO  impl.FollowerState (FollowerState.java:run(108)) - e3fb79a3-1f86-42af-a80c-c46d1acdbc29@group-7855C2F36E53-FollowerState: change to CANDIDATE, lastRpcTime:23ms, electionTimeout:23ms
2019-11-04 16:02:39,966 [Thread-2149] INFO  impl.RoleInfo (RoleInfo.java:shutdownFollowerState(121)) - e3fb79a3-1f86-42af-a80c-c46d1acdbc29: shutdown FollowerState
2019-11-04 16:02:39,966 [Thread-2149] INFO  impl.RaftServerImpl (RaftServerImpl.java:setRole(184)) - e3fb79a3-1f86-42af-a80c-c46d1acdbc29@group-7855C2F36E53: changes role from  FOLLOWER to CANDIDATE at term 315 for changeToCandidate
2019-11-04 16:02:39,966 [Thread-2149] INFO  impl.RoleInfo (RoleInfo.java:updateAndGet(143)) - e3fb79a3-1f86-42af-a80c-c46d1acdbc29: start LeaderElection
2019-11-04 16:02:39,985 [e3fb79a3-1f86-42af-a80c-c46d1acdbc29@group-7855C2F36E53-LeaderElection290] INFO  impl.LeaderElection (LeaderElection.java:askForVotes(178)) - e3fb79a3-1f86-42af-a80c-c46d1acdbc29@group-7855C2F36E53-LeaderElection290: begin an election at term 316 for -1: [e3fb79a3-1f86-42af-a80c-c46d1acdbc29:192.168.157.194:44142, 81ff859e-e76f-43f5-951a-4a38422068cb:192.168.157.194:46532, a9143d84-6d7f-497d-b770-eb75585db3c7:192.168.157.194:42126], old=null
2019-11-04 16:02:39,987 [grpc-default-executor-1] INFO  impl.RaftServerImpl (RaftServerImpl.java:setRole(184)) - 81ff859e-e76f-43f5-951a-4a38422068cb@group-7855C2F36E53: changes role from  FOLLOWER to FOLLOWER at term 316 for recognizeCandidate:e3fb79a3-1f86-42af-a80c-c46d1acdbc29
2019-11-04 16:02:39,987 [grpc-default-executor-1] INFO  impl.RoleInfo (RoleInfo.java:shutdownFollowerState(121)) - 81ff859e-e76f-43f5-951a-4a38422068cb: shutdown FollowerState
2019-11-04 16:02:39,987 [grpc-default-executor-5] INFO  impl.RaftServerImpl (RaftServerImpl.java:setRole(184)) - a9143d84-6d7f-497d-b770-eb75585db3c7@group-7855C2F36E53: changes role from  FOLLOWER to FOLLOWER at term 316 for recognizeCandidate:e3fb79a3-1f86-42af-a80c-c46d1acdbc29
2019-11-04 16:02:39,988 [Thread-2147] INFO  impl.FollowerState (FollowerState.java:run(117)) - 81ff859e-e76f-43f5-951a-4a38422068cb@group-7855C2F36E53-FollowerState was interrupted: java.lang.InterruptedException: sleep interrupted
2019-11-04 16:02:39,987 [grpc-default-executor-1] INFO  impl.RoleInfo (RoleInfo.java:updateAndGet(143)) - 81ff859e-e76f-43f5-951a-4a38422068cb: start FollowerState
2019-11-04 16:02:39,988 [grpc-default-executor-5] INFO  impl.RoleInfo (RoleInfo.java:shutdownFollowerState(121)) - a9143d84-6d7f-497d-b770-eb75585db3c7: shutdown FollowerState
2019-11-04 16:02:39,988 [grpc-default-executor-5] INFO  impl.RoleInfo (RoleInfo.java:updateAndGet(143)) - a9143d84-6d7f-497d-b770-eb75585db3c7: start FollowerState
2019-11-04 16:02:39,988 [Thread-2148] INFO  impl.FollowerState (FollowerState.java:run(117)) - a9143d84-6d7f-497d-b770-eb75585db3c7@group-7855C2F36E53-FollowerState was interrupted: java.lang.InterruptedException: sleep interrupted
2019-11-04 16:02:40,010 [e3fb79a3-1f86-42af-a80c-c46d1acdbc29@group-7855C2F36E53-LeaderElection290] INFO  impl.LeaderElection (LeaderElection.java:logAndReturn(56)) - e3fb79a3-1f86-42af-a80c-c46d1acdbc29@group-7855C2F36E53-LeaderElection290: Election REJECTED; received 2 response(s) [e3fb79a3-1f86-42af-a80c-c46d1acdbc29<-81ff859e-e76f-43f5-951a-4a38422068cb#0:FAIL-t316, e3fb79a3-1f86-42af-a80c-c46d1acdbc29<-a9143d84-6d7f-497d-b770-eb75585db3c7#0:FAIL-t316] and 0 exception(s); e3fb79a3-1f86-42af-a80c-c46d1acdbc29@group-7855C2F36E53:t316, leader=null, voted=e3fb79a3-1f86-42af-a80c-c46d1acdbc29, raftlog=e3fb79a3-1f86-42af-a80c-c46d1acdbc29@group-7855C2F36E53-SegmentedRaftLog:OPENED:c-1,f-1,i0, conf=-1: [e3fb79a3-1f86-42af-a80c-c46d1acdbc29:192.168.157.194:44142, 81ff859e-e76f-43f5-951a-4a38422068cb:192.168.157.194:46532, a9143d84-6d7f-497d-b770-eb75585db3c7:192.168.157.194:42126], old=null
2019-11-04 16:02:40,011 [e3fb79a3-1f86-42af-a80c-c46d1acdbc29@group-7855C2F36E53-LeaderElection290] INFO  impl.RaftServerImpl (RaftServerImpl.java:setRole(184)) - e3fb79a3-1f86-42af-a80c-c46d1acdbc29@group-7855C2F36E53: changes role from CANDIDATE to FOLLOWER at term 316 for DISCOVERED_A_NEW_TERM
2019-11-04 16:02:40,011 [e3fb79a3-1f86-42af-a80c-c46d1acdbc29@group-7855C2F36E53-LeaderElection290] INFO  impl.RoleInfo (RoleInfo.java:shutdownLeaderElection(134)) - e3fb79a3-1f86-42af-a80c-c46d1acdbc29: shutdown LeaderElection
2019-11-04 16:02:40,011 [e3fb79a3-1f86-42af-a80c-c46d1acdbc29@group-7855C2F36E53-LeaderElection290] INFO  impl.RoleInfo (RoleInfo.java:updateAndGet(143)) - e3fb79a3-1f86-42af-a80c-c46d1acdbc29: start FollowerState
2019-11-04 16:02:40,112 [Thread-2155] INFO  impl.FollowerState (FollowerState.java:run(108)) - e3fb79a3-1f86-42af-a80c-c46d1acdbc29@group-7855C2F36E53-FollowerState: change to CANDIDATE, lastRpcTime:101ms, electionTimeout:101ms
2019-11-04 16:02:40,112 [Thread-2155] INFO  impl.RoleInfo (RoleInfo.java:shutdownFollowerState(121)) - e3fb79a3-1f86-42af-a80c-c46d1acdbc29: shutdown FollowerState
2019-11-04 16:02:40,113 [Thread-2155] INFO  impl.RaftServerImpl (RaftServerImpl.java:setRole(184)) - e3fb79a3-1f86-42af-a80c-c46d1acdbc29@group-7855C2F36E53: changes role from  FOLLOWER to CANDIDATE at term 316 for changeToCandidate
2019-11-04 16:02:40,113 [Thread-2155] INFO  impl.RoleInfo (RoleInfo.java:updateAndGet(143)) - e3fb79a3-1f86-42af-a80c-c46d1acdbc29: start LeaderElection
2019-11-04 16:02:40,117 [e3fb79a3-1f86-42af-a80c-c46d1acdbc29@group-7855C2F36E53-LeaderElection291] INFO  impl.LeaderElection (LeaderElection.java:askForVotes(178)) - e3fb79a3-1f86-42af-a80c-c46d1acdbc29@group-7855C2F36E53-LeaderElection291: begin an election at term 317 for -1: [e3fb79a3-1f86-42af-a80c-c46d1acdbc29:192.168.157.194:44142, 81ff859e-e76f-43f5-951a-4a38422068cb:192.168.157.194:46532, a9143d84-6d7f-497d-b770-eb75585db3c7:192.168.157.194:42126], old=null
2019-11-04 16:02:40,119 [grpc-default-executor-5] INFO  impl.RaftServerImpl (RaftServerImpl.java:setRole(184)) - 81ff859e-e76f-43f5-951a-4a38422068cb@group-7855C2F36E53: changes role from  FOLLOWER to FOLLOWER at term 317 for recognizeCandidate:e3fb79a3-1f86-42af-a80c-c46d1acdbc29
2019-11-04 16:02:40,119 [grpc-default-executor-1] INFO  impl.RaftServerImpl (RaftServerImpl.java:setRole(184)) - a9143d84-6d7f-497d-b770-eb75585db3c7@group-7855C2F36E53: changes role from  FOLLOWER to FOLLOWER at term 317 for recognizeCandidate:e3fb79a3-1f86-42af-a80c-c46d1acdbc29
2019-11-04 16:02:40,120 [grpc-default-executor-5] INFO  impl.RoleInfo (RoleInfo.java:shutdownFollowerState(121)) - 81ff859e-e76f-43f5-951a-4a38422068cb: shutdown FollowerState
2019-11-04 16:02:40,120 [grpc-default-executor-1] INFO  impl.RoleInfo (RoleInfo.java:shutdownFollowerState(121)) - a9143d84-6d7f-497d-b770-eb75585db3c7: shutdown FollowerState
2019-11-04 16:02:40,120 [Thread-2153] INFO  impl.FollowerState (FollowerState.java:run(117)) - 81ff859e-e76f-43f5-951a-4a38422068cb@group-7855C2F36E53-FollowerState was interrupted: java.lang.InterruptedException: sleep interrupted
2019-11-04 16:02:40,120 [Thread-2154] INFO  impl.FollowerState (FollowerState.java:run(117)) - a9143d84-6d7f-497d-b770-eb75585db3c7@group-7855C2F36E53-FollowerState was interrupted: java.lang.InterruptedException: sleep interrupted
2019-11-04 16:02:40,120 [grpc-default-executor-5] INFO  impl.RoleInfo (RoleInfo.java:updateAndGet(143)) - 81ff859e-e76f-43f5-951a-4a38422068cb: start FollowerState
2019-11-04 16:02:40,120 [grpc-default-executor-1] INFO  impl.RoleInfo (RoleInfo.java:updateAndGet(143)) - a9143d84-6d7f-497d-b770-eb75585db3c7: start FollowerState
2019-11-04 16:02:40,143 [e3fb79a3-1f86-42af-a80c-c46d1acdbc29@group-7855C2F36E53-LeaderElection291] INFO  impl.LeaderElection (LeaderElection.java:logAndReturn(56)) - e3fb79a3-1f86-42af-a80c-c46d1acdbc29@group-7855C2F36E53-LeaderElection291: Election REJECTED; received 2 response(s) [e3fb79a3-1f86-42af-a80c-c46d1acdbc29<-81ff859e-e76f-43f5-951a-4a38422068cb#0:FAIL-t317, e3fb79a3-1f86-42af-a80c-c46d1acdbc29<-a9143d84-6d7f-497d-b770-eb75585db3c7#0:FAIL-t317] and 0 exception(s); e3fb79a3-1f86-42af-a80c-c46d1acdbc29@group-7855C2F36E53:t317, leader=null, voted=e3fb79a3-1f86-42af-a80c-c46d1acdbc29, raftlog=e3fb79a3-1f86-42af-a80c-c46d1acdbc29@group-7855C2F36E53-SegmentedRaftLog:OPENED:c-1,f-1,i0, conf=-1: [e3fb79a3-1f86-42af-a80c-c46d1acdbc29:192.168.157.194:44142, 81ff859e-e76f-43f5-951a-4a38422068cb:192.168.157.194:46532, a9143d84-6d7f-497d-b770-eb75585db3c7:192.168.157.194:42126], old=null
2019-11-04 16:02:40,143 [e3fb79a3-1f86-42af-a80c-c46d1acdbc29@group-7855C2F36E53-LeaderElection291] INFO  impl.RaftServerImpl (RaftServerImpl.java:setRole(184)) - e3fb79a3-1f86-42af-a80c-c46d1acdbc29@group-7855C2F36E53: changes role from CANDIDATE to FOLLOWER at term 317 for DISCOVERED_A_NEW_TERM
2019-11-04 16:02:40,143 [e3fb79a3-1f86-42af-a80c-c46d1acdbc29@group-7855C2F36E53-LeaderElection291] INFO  impl.RoleInfo (RoleInfo.java:shutdownLeaderElection(134)) - e3fb79a3-1f86-42af-a80c-c46d1acdbc29: shutdown LeaderElection
2019-11-04 16:02:40,143 [e3fb79a3-1f86-42af-a80c-c46d1acdbc29@group-7855C2F36E53-LeaderElection291] INFO  impl.RoleInfo (RoleInfo.java:updateAndGet(143)) - e3fb79a3-1f86-42af-a80c-c46d1acdbc29: start FollowerState
2019-11-04 16:02:40,286 [Thread-2161] INFO  impl.FollowerState (FollowerState.java:run(108)) - e3fb79a3-1f86-42af-a80c-c46d1acdbc29@group-7855C2F36E53-FollowerState: change to CANDIDATE, lastRpcTime:143ms, electionTimeout:143ms
2019-11-04 16:02:40,287 [Thread-2161] INFO  impl.RoleInfo (RoleInfo.java:shutdownFollowerState(121)) - e3fb79a3-1f86-42af-a80c-c46d1acdbc29: shutdown FollowerState
2019-11-04 16:02:40,287 [Thread-2161] INFO  impl.RaftServerImpl (RaftServerImpl.java:setRole(184)) - e3fb79a3-1f86-42af-a80c-c46d1acdbc29@group-7855C2F36E53: changes role from  FOLLOWER to CANDIDATE at term 317 for changeToCandidate
2019-11-04 16:02:40,287 [Thread-2161] INFO  impl.RoleInfo (RoleInfo.java:updateAndGet(143)) - e3fb79a3-1f86-42af-a80c-c46d1acdbc29: start LeaderElection
2019-11-04 16:02:40,304 [e3fb79a3-1f86-42af-a80c-c46d1acdbc29@group-7855C2F36E53-LeaderElection292] INFO  impl.LeaderElection (LeaderElection.java:askForVotes(178)) - e3fb79a3-1f86-42af-a80c-c46d1acdbc29@group-7855C2F36E53-LeaderElection292: begin an election at term 318 for -1: [e3fb79a3-1f86-42af-a80c-c46d1acdbc29:192.168.157.194:44142, 81ff859e-e76f-43f5-951a-4a38422068cb:192.168.157.194:46532, a9143d84-6d7f-497d-b770-eb75585db3c7:192.168.157.194:42126], old=null
2019-11-04 16:02:40,307 [grpc-default-executor-1] INFO  impl.RaftServerImpl (RaftServerImpl.java:setRole(184)) - 81ff859e-e76f-43f5-951a-4a38422068cb@group-7855C2F36E53: changes role from  FOLLOWER to FOLLOWER at term 318 for recognizeCandidate:e3fb79a3-1f86-42af-a80c-c46d1acdbc29
2019-11-04 16:02:40,307 [grpc-default-executor-5] INFO  impl.RaftServerImpl (RaftServerImpl.java:setRole(184)) - a9143d84-6d7f-497d-b770-eb75585db3c7@group-7855C2F36E53: changes role from  FOLLOWER to FOLLOWER at term 318 for recognizeCandidate:e3fb79a3-1f86-42af-a80c-c46d1acdbc29
2019-11-04 16:02:40,307 [grpc-default-executor-1] INFO  impl.RoleInfo (RoleInfo.java:shutdownFollowerState(121)) - 81ff859e-e76f-43f5-951a-4a38422068cb: shutdown FollowerState
2019-11-04 16:02:40,307 [grpc-default-executor-5] INFO  impl.RoleInfo (RoleInfo.java:shutdownFollowerState(121)) - a9143d84-6d7f-497d-b770-eb75585db3c7: shutdown FollowerState
2019-11-04 16:02:40,307 [Thread-2159] INFO  impl.FollowerState (FollowerState.java:run(117)) - 81ff859e-e76f-43f5-951a-4a38422068cb@group-7855C2F36E53-FollowerState was interrupted: java.lang.InterruptedException: sleep interrupted
2019-11-04 16:02:40,307 [grpc-default-executor-1] INFO  impl.RoleInfo (RoleInfo.java:updateAndGet(143)) - 81ff859e-e76f-43f5-951a-4a38422068cb: start FollowerState
2019-11-04 16:02:40,308 [Thread-2160] INFO  impl.FollowerState (FollowerState.java:run(117)) - a9143d84-6d7f-497d-b770-eb75585db3c7@group-7855C2F36E53-FollowerState was interrupted: java.lang.InterruptedException: sleep interrupted
2019-11-04 16:02:40,307 [grpc-default-executor-5] INFO  impl.RoleInfo (RoleInfo.java:updateAndGet(143)) - a9143d84-6d7f-497d-b770-eb75585db3c7: start FollowerState
2019-11-04 16:02:40,323 [e3fb79a3-1f86-42af-a80c-c46d1acdbc29@group-7855C2F36E53-LeaderElection292] INFO  impl.LeaderElection (LeaderElection.java:logAndReturn(56)) - e3fb79a3-1f86-42af-a80c-c46d1acdbc29@group-7855C2F36E53-LeaderElection292: Election REJECTED; received 2 response(s) [e3fb79a3-1f86-42af-a80c-c46d1acdbc29<-81ff859e-e76f-43f5-951a-4a38422068cb#0:FAIL-t318, e3fb79a3-1f86-42af-a80c-c46d1acdbc29<-a9143d84-6d7f-497d-b770-eb75585db3c7#0:FAIL-t318] and 0 exception(s); e3fb79a3-1f86-42af-a80c-c46d1acdbc29@group-7855C2F36E53:t318, leader=null, voted=e3fb79a3-1f86-42af-a80c-c46d1acdbc29, raftlog=e3fb79a3-1f86-42af-a80c-c46d1acdbc29@group-7855C2F36E53-SegmentedRaftLog:OPENED:c-1,f-1,i0, conf=-1: [e3fb79a3-1f86-42af-a80c-c46d1acdbc29:192.168.157.194:44142, 81ff859e-e76f-43f5-951a-4a38422068cb:192.168.157.194:46532, a9143d84-6d7f-497d-b770-eb75585db3c7:192.168.157.194:42126], old=null
2019-11-04 16:02:40,323 [e3fb79a3-1f86-42af-a80c-c46d1acdbc29@group-7855C2F36E53-LeaderElection292] INFO  impl.RaftServerImpl (RaftServerImpl.java:setRole(184)) - e3fb79a3-1f86-42af-a80c-c46d1acdbc29@group-7855C2F36E53: changes role from CANDIDATE to FOLLOWER at term 318 for DISCOVERED_A_NEW_TERM
2019-11-04 16:02:40,324 [e3fb79a3-1f86-42af-a80c-c46d1acdbc29@group-7855C2F36E53-LeaderElection292] INFO  impl.RoleInfo (RoleInfo.java:shutdownLeaderElection(134)) - e3fb79a3-1f86-42af-a80c-c46d1acdbc29: shutdown LeaderElection
2019-11-04 16:02:40,324 [e3fb79a3-1f86-42af-a80c-c46d1acdbc29@group-7855C2F36E53-LeaderElection292] INFO  impl.RoleInfo (RoleInfo.java:updateAndGet(143)) - e3fb79a3-1f86-42af-a80c-c46d1acdbc29: start FollowerState
2019-11-04 16:02:40,457 [Thread-2167] INFO  impl.FollowerState (FollowerState.java:run(108)) - e3fb79a3-1f86-42af-a80c-c46d1acdbc29@group-7855C2F36E53-FollowerState: change to CANDIDATE, lastRpcTime:133ms, electionTimeout:133ms
2019-11-04 16:02:40,457 [Thread-2167] INFO  impl.RoleInfo (RoleInfo.java:shutdownFollowerState(121)) - e3fb79a3-1f86-42af-a80c-c46d1acdbc29: shutdown FollowerState
2019-11-04 16:02:40,457 [Thread-2167] INFO  impl.RaftServerImpl (RaftServerImpl.java:setRole(184)) - e3fb79a3-1f86-42af-a80c-c46d1acdbc29@group-7855C2F36E53: changes role from  FOLLOWER to CANDIDATE at term 318 for changeToCandidate
2019-11-04 16:02:40,458 [Thread-2167] INFO  impl.RoleInfo (RoleInfo.java:updateAndGet(143)) - e3fb79a3-1f86-42af-a80c-c46d1acdbc29: start LeaderElection
2019-11-04 16:02:40,474 [e3fb79a3-1f86-42af-a80c-c46d1acdbc29@group-7855C2F36E53-LeaderElection293] INFO  impl.LeaderElection (LeaderElection.java:askForVotes(178)) - e3fb79a3-1f86-42af-a80c-c46d1acdbc29@group-7855C2F36E53-LeaderElection293: begin an election at term 319 for -1: [e3fb79a3-1f86-42af-a80c-c46d1acdbc29:192.168.157.194:44142, 81ff859e-e76f-43f5-951a-4a38422068cb:192.168.157.194:46532, a9143d84-6d7f-497d-b770-eb75585db3c7:192.168.157.194:42126], old=null
2019-11-04 16:02:40,476 [e3fb79a3-1f86-42af-a80c-c46d1acdbc29@group-7855C2F36E53-LeaderElection293] INFO  impl.LeaderElection (LeaderElection.java:logAndReturn(56)) - e3fb79a3-1f86-42af-a80c-c46d1acdbc29@group-7855C2F36E53-LeaderElection293: Election TIMEOUT; received 0 response(s) [] and 0 exception(s); e3fb79a3-1f86-42af-a80c-c46d1acdbc29@group-7855C2F36E53:t319, leader=null, voted=e3fb79a3-1f86-42af-a80c-c46d1acdbc29, raftlog=e3fb79a3-1f86-42af-a80c-c46d1acdbc29@group-7855C2F36E53-SegmentedRaftLog:OPENED:c-1,f-1,i0, conf=-1: [e3fb79a3-1f86-42af-a80c-c46d1acdbc29:192.168.157.194:44142, 81ff859e-e76f-43f5-951a-4a38422068cb:192.168.157.194:46532, a9143d84-6d7f-497d-b770-eb75585db3c7:192.168.157.194:42126], old=null
2019-11-04 16:02:40,476 [grpc-default-executor-5] INFO  impl.RaftServerImpl (RaftServerImpl.java:setRole(184)) - 81ff859e-e76f-43f5-951a-4a38422068cb@group-7855C2F36E53: changes role from  FOLLOWER to FOLLOWER at term 319 for recognizeCandidate:e3fb79a3-1f86-42af-a80c-c46d1acdbc29
2019-11-04 16:02:40,476 [grpc-default-executor-1] INFO  impl.RaftServerImpl (RaftServerImpl.java:setRole(184)) - a9143d84-6d7f-497d-b770-eb75585db3c7@group-7855C2F36E53: changes role from  FOLLOWER to FOLLOWER at term 319 for recognizeCandidate:e3fb79a3-1f86-42af-a80c-c46d1acdbc29
2019-11-04 16:02:40,476 [grpc-default-executor-5] INFO  impl.RoleInfo (RoleInfo.java:shutdownFollowerState(121)) - 81ff859e-e76f-43f5-951a-4a38422068cb: shutdown FollowerState
2019-11-04 16:02:40,477 [grpc-default-executor-1] INFO  impl.RoleInfo (RoleInfo.java:shutdownFollowerState(121)) - a9143d84-6d7f-497d-b770-eb75585db3c7: shutdown FollowerState
2019-11-04 16:02:40,477 [Thread-2165] INFO  impl.FollowerState (FollowerState.java:run(117)) - 81ff859e-e76f-43f5-951a-4a38422068cb@group-7855C2F36E53-FollowerState was interrupted: java.lang.InterruptedException: sleep interrupted
2019-11-04 16:02:40,477 [grpc-default-executor-5] INFO  impl.RoleInfo (RoleInfo.java:updateAndGet(143)) - 81ff859e-e76f-43f5-951a-4a38422068cb: start FollowerState
2019-11-04 16:02:40,477 [Thread-2166] INFO  impl.FollowerState (FollowerState.java:run(117)) - a9143d84-6d7f-497d-b770-eb75585db3c7@group-7855C2F36E53-FollowerState was interrupted: java.lang.InterruptedException: sleep interrupted
2019-11-04 16:02:40,477 [grpc-default-executor-1] INFO  impl.RoleInfo (RoleInfo.java:updateAndGet(143)) - a9143d84-6d7f-497d-b770-eb75585db3c7: start FollowerState
2019-11-04 16:02:40,490 [e3fb79a3-1f86-42af-a80c-c46d1acdbc29@group-7855C2F36E53-LeaderElection293] INFO  impl.LeaderElection (LeaderElection.java:askForVotes(178)) - e3fb79a3-1f86-42af-a80c-c46d1acdbc29@group-7855C2F36E53-LeaderElection293: begin an election at term 320 for -1: [e3fb79a3-1f86-42af-a80c-c46d1acdbc29:192.168.157.194:44142, 81ff859e-e76f-43f5-951a-4a38422068cb:192.168.157.194:46532, a9143d84-6d7f-497d-b770-eb75585db3c7:192.168.157.194:42126], old=null
2019-11-04 16:02:40,491 [grpc-default-executor-5] INFO  impl.RaftServerImpl (RaftServerImpl.java:setRole(184)) - 81ff859e-e76f-43f5-951a-4a38422068cb@group-7855C2F36E53: changes role from  FOLLOWER to FOLLOWER at term 320 for recognizeCandidate:e3fb79a3-1f86-42af-a80c-c46d1acdbc29
2019-11-04 16:02:40,492 [grpc-default-executor-5] INFO  impl.RoleInfo (RoleInfo.java:shutdownFollowerState(121)) - 81ff859e-e76f-43f5-951a-4a38422068cb: shutdown FollowerState
2019-11-04 16:02:40,492 [grpc-default-executor-5] INFO  impl.RoleInfo (RoleInfo.java:updateAndGet(143)) - 81ff859e-e76f-43f5-951a-4a38422068cb: start FollowerState
2019-11-04 16:02:40,492 [Thread-2173] INFO  impl.FollowerState (FollowerState.java:run(117)) - 81ff859e-e76f-43f5-951a-4a38422068cb@group-7855C2F36E53-FollowerState was interrupted: java.lang.InterruptedException: sleep interrupted
2019-11-04 16:02:40,492 [grpc-default-executor-1] INFO  impl.RaftServerImpl (RaftServerImpl.java:setRole(184)) - a9143d84-6d7f-497d-b770-eb75585db3c7@group-7855C2F36E53: changes role from  FOLLOWER to FOLLOWER at term 320 for recognizeCandidate:e3fb79a3-1f86-42af-a80c-c46d1acdbc29
2019-11-04 16:02:40,492 [grpc-default-executor-1] INFO  impl.RoleInfo (RoleInfo.java:shutdownFollowerState(121)) - a9143d84-6d7f-497d-b770-eb75585db3c7: shutdown FollowerState
2019-11-04 16:02:40,492 [grpc-default-executor-1] INFO  impl.RoleInfo (RoleInfo.java:updateAndGet(143)) - a9143d84-6d7f-497d-b770-eb75585db3c7: start FollowerState
2019-11-04 16:02:40,492 [Thread-2174] INFO  impl.FollowerState (FollowerState.java:run(117)) - a9143d84-6d7f-497d-b770-eb75585db3c7@group-7855C2F36E53-FollowerState was interrupted: java.lang.InterruptedException: sleep interrupted
2019-11-04 16:02:40,518 [e3fb79a3-1f86-42af-a80c-c46d1acdbc29@group-7855C2F36E53-LeaderElection293] INFO  impl.LeaderElection (LeaderElection.java:logAndReturn(56)) - e3fb79a3-1f86-42af-a80c-c46d1acdbc29@group-7855C2F36E53-LeaderElection293: Election REJECTED; received 2 response(s) [e3fb79a3-1f86-42af-a80c-c46d1acdbc29<-81ff859e-e76f-43f5-951a-4a38422068cb#0:FAIL-t320, e3fb79a3-1f86-42af-a80c-c46d1acdbc29<-a9143d84-6d7f-497d-b770-eb75585db3c7#0:FAIL-t320] and 0 exception(s); e3fb79a3-1f86-42af-a80c-c46d1acdbc29@group-7855C2F36E53:t320, leader=null, voted=e3fb79a3-1f86-42af-a80c-c46d1acdbc29, raftlog=e3fb79a3-1f86-42af-a80c-c46d1acdbc29@group-7855C2F36E53-SegmentedRaftLog:OPENED:c-1,f-1,i0, conf=-1: [e3fb79a3-1f86-42af-a80c-c46d1acdbc29:192.168.157.194:44142, 81ff859e-e76f-43f5-951a-4a38422068cb:192.168.157.194:46532, a9143d84-6d7f-497d-b770-eb75585db3c7:192.168.157.194:42126], old=null
2019-11-04 16:02:40,518 [e3fb79a3-1f86-42af-a80c-c46d1acdbc29@group-7855C2F36E53-LeaderElection293] INFO  impl.RaftServerImpl (RaftServerImpl.java:setRole(184)) - e3fb79a3-1f86-42af-a80c-c46d1acdbc29@group-7855C2F36E53: changes role from CANDIDATE to FOLLOWER at term 320 for DISCOVERED_A_NEW_TERM
2019-11-04 16:02:40,518 [e3fb79a3-1f86-42af-a80c-c46d1acdbc29@group-7855C2F36E53-LeaderElection293] INFO  impl.RoleInfo (RoleInfo.java:shutdownLeaderElection(134)) - e3fb79a3-1f86-42af-a80c-c46d1acdbc29: shutdown LeaderElection
2019-11-04 16:02:40,518 [e3fb79a3-1f86-42af-a80c-c46d1acdbc29@group-7855C2F36E53-LeaderElection293] INFO  impl.RoleInfo (RoleInfo.java:updateAndGet(143)) - e3fb79a3-1f86-42af-a80c-c46d1acdbc29: start FollowerState
2019-11-04 16:02:40,535 [Thread-2179] INFO  impl.FollowerState (FollowerState.java:run(108)) - e3fb79a3-1f86-42af-a80c-c46d1acdbc29@group-7855C2F36E53-FollowerState: change to CANDIDATE, lastRpcTime:17ms, electionTimeout:17ms
2019-11-04 16:02:40,535 [Thread-2179] INFO  impl.RoleInfo (RoleInfo.java:shutdownFollowerState(121)) - e3fb79a3-1f86-42af-a80c-c46d1acdbc29: shutdown FollowerState
2019-11-04 16:02:40,536 [Thread-2179] INFO  impl.RaftServerImpl (RaftServerImpl.java:setRole(184)) - e3fb79a3-1f86-42af-a80c-c46d1acdbc29@group-7855C2F36E53: changes role from  FOLLOWER to CANDIDATE at term 320 for changeToCandidate
2019-11-04 16:02:40,536 [Thread-2179] INFO  impl.RoleInfo (RoleInfo.java:updateAndGet(143)) - e3fb79a3-1f86-42af-a80c-c46d1acdbc29: start LeaderElection
2019-11-04 16:02:40,563 [e3fb79a3-1f86-42af-a80c-c46d1acdbc29@group-7855C2F36E53-LeaderElection294] INFO  impl.LeaderElection (LeaderElection.java:askForVotes(178)) - e3fb79a3-1f86-42af-a80c-c46d1acdbc29@group-7855C2F36E53-LeaderElection294: begin an election at term 321 for -1: [e3fb79a3-1f86-42af-a80c-c46d1acdbc29:192.168.157.194:44142, 81ff859e-e76f-43f5-951a-4a38422068cb:192.168.157.194:46532, a9143d84-6d7f-497d-b770-eb75585db3c7:192.168.157.194:42126], old=null
2019-11-04 16:02:40,564 [grpc-default-executor-5] INFO  impl.RaftServerImpl (RaftServerImpl.java:setRole(184)) - 81ff859e-e76f-43f5-951a-4a38422068cb@group-7855C2F36E53: changes role from  FOLLOWER to FOLLOWER at term 321 for recognizeCandidate:e3fb79a3-1f86-42af-a80c-c46d1acdbc29
2019-11-04 16:02:40,564 [grpc-default-executor-5] INFO  impl.RoleInfo (RoleInfo.java:shutdownFollowerState(121)) - 81ff859e-e76f-43f5-951a-4a38422068cb: shutdown FollowerState
2019-11-04 16:02:40,564 [grpc-default-executor-5] INFO  impl.RoleInfo (RoleInfo.java:updateAndGet(143)) - 81ff859e-e76f-43f5-951a-4a38422068cb: start FollowerState
2019-11-04 16:02:40,565 [grpc-default-executor-1] INFO  impl.RaftServerImpl (RaftServerImpl.java:setRole(184)) - a9143d84-6d7f-497d-b770-eb75585db3c7@group-7855C2F36E53: changes role from  FOLLOWER to FOLLOWER at term 321 for recognizeCandidate:e3fb79a3-1f86-42af-a80c-c46d1acdbc29
2019-11-04 16:02:40,565 [grpc-default-executor-1] INFO  impl.RoleInfo (RoleInfo.java:shutdownFollowerState(121)) - a9143d84-6d7f-497d-b770-eb75585db3c7: shutdown FollowerState
2019-11-04 16:02:40,565 [Thread-2177] INFO  impl.FollowerState (FollowerState.java:run(117)) - 81ff859e-e76f-43f5-951a-4a38422068cb@group-7855C2F36E53-FollowerState was interrupted: java.lang.InterruptedException: sleep interrupted
2019-11-04 16:02:40,565 [Thread-2178] INFO  impl.FollowerState (FollowerState.java:run(117)) - a9143d84-6d7f-497d-b770-eb75585db3c7@group-7855C2F36E53-FollowerState was interrupted: java.lang.InterruptedException: sleep interrupted
2019-11-04 16:02:40,565 [grpc-default-executor-1] INFO  impl.RoleInfo (RoleInfo.java:updateAndGet(143)) - a9143d84-6d7f-497d-b770-eb75585db3c7: start FollowerState
2019-11-04 16:02:40,589 [e3fb79a3-1f86-42af-a80c-c46d1acdbc29@group-7855C2F36E53-LeaderElection294] INFO  impl.LeaderElection (LeaderElection.java:logAndReturn(56)) - e3fb79a3-1f86-42af-a80c-c46d1acdbc29@group-7855C2F36E53-LeaderElection294: Election REJECTED; received 2 response(s) [e3fb79a3-1f86-42af-a80c-c46d1acdbc29<-81ff859e-e76f-43f5-951a-4a38422068cb#0:FAIL-t321, e3fb79a3-1f86-42af-a80c-c46d1acdbc29<-a9143d84-6d7f-497d-b770-eb75585db3c7#0:FAIL-t321] and 0 exception(s); e3fb79a3-1f86-42af-a80c-c46d1acdbc29@group-7855C2F36E53:t321, leader=null, voted=e3fb79a3-1f86-42af-a80c-c46d1acdbc29, raftlog=e3fb79a3-1f86-42af-a80c-c46d1acdbc29@group-7855C2F36E53-SegmentedRaftLog:OPENED:c-1,f-1,i0, conf=-1: [e3fb79a3-1f86-42af-a80c-c46d1acdbc29:192.168.157.194:44142, 81ff859e-e76f-43f5-951a-4a38422068cb:192.168.157.194:46532, a9143d84-6d7f-497d-b770-eb75585db3c7:192.168.157.194:42126], old=null
2019-11-04 16:02:40,589 [e3fb79a3-1f86-42af-a80c-c46d1acdbc29@group-7855C2F36E53-LeaderElection294] INFO  impl.RaftServerImpl (RaftServerImpl.java:setRole(184)) - e3fb79a3-1f86-42af-a80c-c46d1acdbc29@group-7855C2F36E53: changes role from CANDIDATE to FOLLOWER at term 321 for DISCOVERED_A_NEW_TERM
2019-11-04 16:02:40,589 [e3fb79a3-1f86-42af-a80c-c46d1acdbc29@group-7855C2F36E53-LeaderElection294] INFO  impl.RoleInfo (RoleInfo.java:shutdownLeaderElection(134)) - e3fb79a3-1f86-42af-a80c-c46d1acdbc29: shutdown LeaderElection
2019-11-04 16:02:40,589 [e3fb79a3-1f86-42af-a80c-c46d1acdbc29@group-7855C2F36E53-LeaderElection294] INFO  impl.RoleInfo (RoleInfo.java:updateAndGet(143)) - e3fb79a3-1f86-42af-a80c-c46d1acdbc29: start FollowerState
2019-11-04 16:02:40,742 [Thread-2185] INFO  impl.FollowerState (FollowerState.java:run(108)) - e3fb79a3-1f86-42af-a80c-c46d1acdbc29@group-7855C2F36E53-FollowerState: change to CANDIDATE, lastRpcTime:152ms, electionTimeout:152ms
2019-11-04 16:02:40,742 [Thread-2185] INFO  impl.RoleInfo (RoleInfo.java:shutdownFollowerState(121)) - e3fb79a3-1f86-42af-a80c-c46d1acdbc29: shutdown FollowerState
2019-11-04 16:02:40,742 [Thread-2185] INFO  impl.RaftServerImpl (RaftServerImpl.java:setRole(184)) - e3fb79a3-1f86-42af-a80c-c46d1acdbc29@group-7855C2F36E53: changes role from  FOLLOWER to CANDIDATE at term 321 for changeToCandidate
2019-11-04 16:02:40,742 [Thread-2185] INFO  impl.RoleInfo (RoleInfo.java:updateAndGet(143)) - e3fb79a3-1f86-42af-a80c-c46d1acdbc29: start LeaderElection
2019-11-04 16:02:40,757 [e3fb79a3-1f86-42af-a80c-c46d1acdbc29@group-7855C2F36E53-LeaderElection295] INFO  impl.LeaderElection (LeaderElection.java:askForVotes(178)) - e3fb79a3-1f86-42af-a80c-c46d1acdbc29@group-7855C2F36E53-LeaderElection295: begin an election at term 322 for -1: [e3fb79a3-1f86-42af-a80c-c46d1acdbc29:192.168.157.194:44142, 81ff859e-e76f-43f5-951a-4a38422068cb:192.168.157.194:46532, a9143d84-6d7f-497d-b770-eb75585db3c7:192.168.157.194:42126], old=null
2019-11-04 16:02:40,759 [grpc-default-executor-1] INFO  impl.RaftServerImpl (RaftServerImpl.java:setRole(184)) - 81ff859e-e76f-43f5-951a-4a38422068cb@group-7855C2F36E53: changes role from  FOLLOWER to FOLLOWER at term 322 for recognizeCandidate:e3fb79a3-1f86-42af-a80c-c46d1acdbc29
2019-11-04 16:02:40,759 [grpc-default-executor-1] INFO  impl.RoleInfo (RoleInfo.java:shutdownFollowerState(121)) - 81ff859e-e76f-43f5-951a-4a38422068cb: shutdown FollowerState
2019-11-04 16:02:40,759 [grpc-default-executor-1] INFO  impl.RoleInfo (RoleInfo.java:updateAndGet(143)) - 81ff859e-e76f-43f5-951a-4a38422068cb: start FollowerState
2019-11-04 16:02:40,759 [Thread-2183] INFO  impl.FollowerState (FollowerState.java:run(117)) - 81ff859e-e76f-43f5-951a-4a38422068cb@group-7855C2F36E53-FollowerState was interrupted: java.lang.InterruptedException: sleep interrupted
2019-11-04 16:02:40,759 [grpc-default-executor-5] INFO  impl.RaftServerImpl (RaftServerImpl.java:setRole(184)) - a9143d84-6d7f-497d-b770-eb75585db3c7@group-7855C2F36E53: changes role from  FOLLOWER to FOLLOWER at term 322 for recognizeCandidate:e3fb79a3-1f86-42af-a80c-c46d1acdbc29
2019-11-04 16:02:40,759 [grpc-default-executor-5] INFO  impl.RoleInfo (RoleInfo.java:shutdownFollowerState(121)) - a9143d84-6d7f-497d-b770-eb75585db3c7: shutdown FollowerState
2019-11-04 16:02:40,759 [grpc-default-executor-5] INFO  impl.RoleInfo (RoleInfo.java:updateAndGet(143)) - a9143d84-6d7f-497d-b770-eb75585db3c7: start FollowerState
2019-11-04 16:02:40,759 [Thread-2184] INFO  impl.FollowerState (FollowerState.java:run(117)) - a9143d84-6d7f-497d-b770-eb75585db3c7@group-7855C2F36E53-FollowerState was interrupted: java.lang.InterruptedException: sleep interrupted
2019-11-04 16:02:40,772 [e3fb79a3-1f86-42af-a80c-c46d1acdbc29@group-7855C2F36E53-LeaderElection295] INFO  impl.LeaderElection (LeaderElection.java:logAndReturn(56)) - e3fb79a3-1f86-42af-a80c-c46d1acdbc29@group-7855C2F36E53-LeaderElection295: Election REJECTED; received 2 response(s) [e3fb79a3-1f86-42af-a80c-c46d1acdbc29<-81ff859e-e76f-43f5-951a-4a38422068cb#0:FAIL-t322, e3fb79a3-1f86-42af-a80c-c46d1acdbc29<-a9143d84-6d7f-497d-b770-eb75585db3c7#0:FAIL-t322] and 0 exception(s); e3fb79a3-1f86-42af-a80c-c46d1acdbc29@group-7855C2F36E53:t322, leader=null, voted=e3fb79a3-1f86-42af-a80c-c46d1acdbc29, raftlog=e3fb79a3-1f86-42af-a80c-c46d1acdbc29@group-7855C2F36E53-SegmentedRaftLog:OPENED:c-1,f-1,i0, conf=-1: [e3fb79a3-1f86-42af-a80c-c46d1acdbc29:192.168.157.194:44142, 81ff859e-e76f-43f5-951a-4a38422068cb:192.168.157.194:46532, a9143d84-6d7f-497d-b770-eb75585db3c7:192.168.157.194:42126], old=null
2019-11-04 16:02:40,772 [e3fb79a3-1f86-42af-a80c-c46d1acdbc29@group-7855C2F36E53-LeaderElection295] INFO  impl.RaftServerImpl (RaftServerImpl.java:setRole(184)) - e3fb79a3-1f86-42af-a80c-c46d1acdbc29@group-7855C2F36E53: changes role from CANDIDATE to FOLLOWER at term 322 for DISCOVERED_A_NEW_TERM
2019-11-04 16:02:40,773 [e3fb79a3-1f86-42af-a80c-c46d1acdbc29@group-7855C2F36E53-LeaderElection295] INFO  impl.RoleInfo (RoleInfo.java:shutdownLeaderElection(134)) - e3fb79a3-1f86-42af-a80c-c46d1acdbc29: shutdown LeaderElection
2019-11-04 16:02:40,773 [e3fb79a3-1f86-42af-a80c-c46d1acdbc29@group-7855C2F36E53-LeaderElection295] INFO  impl.RoleInfo (RoleInfo.java:updateAndGet(143)) - e3fb79a3-1f86-42af-a80c-c46d1acdbc29: start FollowerState
2019-11-04 16:02:40,828 [Thread-2191] INFO  impl.FollowerState (FollowerState.java:run(108)) - e3fb79a3-1f86-42af-a80c-c46d1acdbc29@group-7855C2F36E53-FollowerState: change to CANDIDATE, lastRpcTime:55ms, electionTimeout:55ms
2019-11-04 16:02:40,828 [Thread-2191] INFO  impl.RoleInfo (RoleInfo.java:shutdownFollowerState(121)) - e3fb79a3-1f86-42af-a80c-c46d1acdbc29: shutdown FollowerState
2019-11-04 16:02:40,828 [Thread-2191] INFO  impl.RaftServerImpl (RaftServerImpl.java:setRole(184)) - e3fb79a3-1f86-42af-a80c-c46d1acdbc29@group-7855C2F36E53: changes role from  FOLLOWER to CANDIDATE at term 322 for changeToCandidate
2019-11-04 16:02:40,829 [Thread-2191] INFO  impl.RoleInfo (RoleInfo.java:updateAndGet(143)) - e3fb79a3-1f86-42af-a80c-c46d1acdbc29: start LeaderElection
2019-11-04 16:02:40,843 [e3fb79a3-1f86-42af-a80c-c46d1acdbc29@group-7855C2F36E53-LeaderElection296] INFO  impl.LeaderElection (LeaderElection.java:askForVotes(178)) - e3fb79a3-1f86-42af-a80c-c46d1acdbc29@group-7855C2F36E53-LeaderElection296: begin an election at term 323 for -1: [e3fb79a3-1f86-42af-a80c-c46d1acdbc29:192.168.157.194:44142, 81ff859e-e76f-43f5-951a-4a38422068cb:192.168.157.194:46532, a9143d84-6d7f-497d-b770-eb75585db3c7:192.168.157.194:42126], old=null
2019-11-04 16:02:40,848 [grpc-default-executor-1] INFO  impl.RaftServerImpl (RaftServerImpl.java:setRole(184)) - 81ff859e-e76f-43f5-951a-4a38422068cb@group-7855C2F36E53: changes role from  FOLLOWER to FOLLOWER at term 323 for recognizeCandidate:e3fb79a3-1f86-42af-a80c-c46d1acdbc29
2019-11-04 16:02:40,848 [grpc-default-executor-5] INFO  impl.RaftServerImpl (RaftServerImpl.java:setRole(184)) - a9143d84-6d7f-497d-b770-eb75585db3c7@group-7855C2F36E53: changes role from  FOLLOWER to FOLLOWER at term 323 for recognizeCandidate:e3fb79a3-1f86-42af-a80c-c46d1acdbc29
2019-11-04 16:02:40,848 [grpc-default-executor-5] INFO  impl.RoleInfo (RoleInfo.java:shutdownFollowerState(121)) - a9143d84-6d7f-497d-b770-eb75585db3c7: shutdown FollowerState
2019-11-04 16:02:40,848 [grpc-default-executor-1] INFO  impl.RoleInfo (RoleInfo.java:shutdownFollowerState(121)) - 81ff859e-e76f-43f5-951a-4a38422068cb: shutdown FollowerState
2019-11-04 16:02:40,848 [Thread-2190] INFO  impl.FollowerState (FollowerState.java:run(117)) - a9143d84-6d7f-497d-b770-eb75585db3c7@group-7855C2F36E53-FollowerState was interrupted: java.lang.InterruptedException: sleep interrupted
2019-11-04 16:02:40,848 [grpc-default-executor-5] INFO  impl.RoleInfo (RoleInfo.java:updateAndGet(143)) - a9143d84-6d7f-497d-b770-eb75585db3c7: start FollowerState
2019-11-04 16:02:40,849 [grpc-default-executor-1] INFO  impl.RoleInfo (RoleInfo.java:updateAndGet(143)) - 81ff859e-e76f-43f5-951a-4a38422068cb: start FollowerState
2019-11-04 16:02:40,849 [Thread-2189] INFO  impl.FollowerState (FollowerState.java:run(117)) - 81ff859e-e76f-43f5-951a-4a38422068cb@group-7855C2F36E53-FollowerState was interrupted: java.lang.InterruptedException: sleep interrupted
2019-11-04 16:02:40,875 [e3fb79a3-1f86-42af-a80c-c46d1acdbc29@group-7855C2F36E53-LeaderElection296] INFO  impl.LeaderElection (LeaderElection.java:logAndReturn(56)) - e3fb79a3-1f86-42af-a80c-c46d1acdbc29@group-7855C2F36E53-LeaderElection296: Election REJECTED; received 2 response(s) [e3fb79a3-1f86-42af-a80c-c46d1acdbc29<-81ff859e-e76f-43f5-951a-4a38422068cb#0:FAIL-t323, e3fb79a3-1f86-42af-a80c-c46d1acdbc29<-a9143d84-6d7f-497d-b770-eb75585db3c7#0:FAIL-t323] and 0 exception(s); e3fb79a3-1f86-42af-a80c-c46d1acdbc29@group-7855C2F36E53:t323, leader=null, voted=e3fb79a3-1f86-42af-a80c-c46d1acdbc29, raftlog=e3fb79a3-1f86-42af-a80c-c46d1acdbc29@group-7855C2F36E53-SegmentedRaftLog:OPENED:c-1,f-1,i0, conf=-1: [e3fb79a3-1f86-42af-a80c-c46d1acdbc29:192.168.157.194:44142, 81ff859e-e76f-43f5-951a-4a38422068cb:192.168.157.194:46532, a9143d84-6d7f-497d-b770-eb75585db3c7:192.168.157.194:42126], old=null
2019-11-04 16:02:40,875 [e3fb79a3-1f86-42af-a80c-c46d1acdbc29@group-7855C2F36E53-LeaderElection296] INFO  impl.RaftServerImpl (RaftServerImpl.java:setRole(184)) - e3fb79a3-1f86-42af-a80c-c46d1acdbc29@group-7855C2F36E53: changes role from CANDIDATE to FOLLOWER at term 323 for DISCOVERED_A_NEW_TERM
2019-11-04 16:02:40,875 [e3fb79a3-1f86-42af-a80c-c46d1acdbc29@group-7855C2F36E53-LeaderElection296] INFO  impl.RoleInfo (RoleInfo.java:shutdownLeaderElection(134)) - e3fb79a3-1f86-42af-a80c-c46d1acdbc29: shutdown LeaderElection
2019-11-04 16:02:40,875 [e3fb79a3-1f86-42af-a80c-c46d1acdbc29@group-7855C2F36E53-LeaderElection296] INFO  impl.RoleInfo (RoleInfo.java:updateAndGet(143)) - e3fb79a3-1f86-42af-a80c-c46d1acdbc29: start FollowerState
2019-11-04 16:02:40,992 [Thread-2197] INFO  impl.FollowerState (FollowerState.java:run(108)) - e3fb79a3-1f86-42af-a80c-c46d1acdbc29@group-7855C2F36E53-FollowerState: change to CANDIDATE, lastRpcTime:116ms, electionTimeout:116ms
2019-11-04 16:02:40,992 [Thread-2197] INFO  impl.RoleInfo (RoleInfo.java:shutdownFollowerState(121)) - e3fb79a3-1f86-42af-a80c-c46d1acdbc29: shutdown FollowerState
2019-11-04 16:02:40,992 [Thread-2197] INFO  impl.RaftServerImpl (RaftServerImpl.java:setRole(184)) - e3fb79a3-1f86-42af-a80c-c46d1acdbc29@group-7855C2F36E53: changes role from  FOLLOWER to CANDIDATE at term 323 for changeToCandidate
2019-11-04 16:02:40,995 [Thread-2197] INFO  impl.RoleInfo (RoleInfo.java:updateAndGet(143)) - e3fb79a3-1f86-42af-a80c-c46d1acdbc29: start LeaderElection
2019-11-04 16:02:40,999 [e3fb79a3-1f86-42af-a80c-c46d1acdbc29@group-7855C2F36E53-LeaderElection297] INFO  impl.LeaderElection (LeaderElection.java:askForVotes(178)) - e3fb79a3-1f86-42af-a80c-c46d1acdbc29@group-7855C2F36E53-LeaderElection297: begin an election at term 324 for -1: [e3fb79a3-1f86-42af-a80c-c46d1acdbc29:192.168.157.194:44142, 81ff859e-e76f-43f5-951a-4a38422068cb:192.168.157.194:46532, a9143d84-6d7f-497d-b770-eb75585db3c7:192.168.157.194:42126], old=null
2019-11-04 16:02:41,005 [grpc-default-executor-1] INFO  impl.RaftServerImpl (RaftServerImpl.java:setRole(184)) - 81ff859e-e76f-43f5-951a-4a38422068cb@group-7855C2F36E53: changes role from  FOLLOWER to FOLLOWER at term 324 for recognizeCandidate:e3fb79a3-1f86-42af-a80c-c46d1acdbc29
2019-11-04 16:02:41,005 [grpc-default-executor-5] INFO  impl.RaftServerImpl (RaftServerImpl.java:setRole(184)) - a9143d84-6d7f-497d-b770-eb75585db3c7@group-7855C2F36E53: changes role from  FOLLOWER to FOLLOWER at term 324 for recognizeCandidate:e3fb79a3-1f86-42af-a80c-c46d1acdbc29
2019-11-04 16:02:41,005 [grpc-default-executor-5] INFO  impl.RoleInfo (RoleInfo.java:shutdownFollowerState(121)) - a9143d84-6d7f-497d-b770-eb75585db3c7: shutdown FollowerState
2019-11-04 16:02:41,005 [grpc-default-executor-1] INFO  impl.RoleInfo (RoleInfo.java:shutdownFollowerState(121)) - 81ff859e-e76f-43f5-951a-4a38422068cb: shutdown FollowerState
2019-11-04 16:02:41,006 [Thread-2195] INFO  impl.FollowerState (FollowerState.java:run(117)) - a9143d84-6d7f-497d-b770-eb75585db3c7@group-7855C2F36E53-FollowerState was interrupted: java.lang.InterruptedException: sleep interrupted
2019-11-04 16:02:41,005 [grpc-default-executor-5] INFO  impl.RoleInfo (RoleInfo.java:updateAndGet(143)) - a9143d84-6d7f-497d-b770-eb75585db3c7: start FollowerState
2019-11-04 16:02:41,006 [Thread-2196] INFO  impl.FollowerState (FollowerState.java:run(117)) - 81ff859e-e76f-43f5-951a-4a38422068cb@group-7855C2F36E53-FollowerState was interrupted: java.lang.InterruptedException: sleep interrupted
2019-11-04 16:02:41,006 [grpc-default-executor-1] INFO  impl.RoleInfo (RoleInfo.java:updateAndGet(143)) - 81ff859e-e76f-43f5-951a-4a38422068cb: start FollowerState
2019-11-04 16:02:41,025 [e3fb79a3-1f86-42af-a80c-c46d1acdbc29@group-7855C2F36E53-LeaderElection297] INFO  impl.LeaderElection (LeaderElection.java:logAndReturn(56)) - e3fb79a3-1f86-42af-a80c-c46d1acdbc29@group-7855C2F36E53-LeaderElection297: Election REJECTED; received 2 response(s) [e3fb79a3-1f86-42af-a80c-c46d1acdbc29<-81ff859e-e76f-43f5-951a-4a38422068cb#0:FAIL-t324, e3fb79a3-1f86-42af-a80c-c46d1acdbc29<-a9143d84-6d7f-497d-b770-eb75585db3c7#0:FAIL-t324] and 0 exception(s); e3fb79a3-1f86-42af-a80c-c46d1acdbc29@group-7855C2F36E53:t324, leader=null, voted=e3fb79a3-1f86-42af-a80c-c46d1acdbc29, raftlog=e3fb79a3-1f86-42af-a80c-c46d1acdbc29@group-7855C2F36E53-SegmentedRaftLog:OPENED:c-1,f-1,i0, conf=-1: [e3fb79a3-1f86-42af-a80c-c46d1acdbc29:192.168.157.194:44142, 81ff859e-e76f-43f5-951a-4a38422068cb:192.168.157.194:46532, a9143d84-6d7f-497d-b770-eb75585db3c7:192.168.157.194:42126], old=null
2019-11-04 16:02:41,025 [e3fb79a3-1f86-42af-a80c-c46d1acdbc29@group-7855C2F36E53-LeaderElection297] INFO  impl.RaftServerImpl (RaftServerImpl.java:setRole(184)) - e3fb79a3-1f86-42af-a80c-c46d1acdbc29@group-7855C2F36E53: changes role from CANDIDATE to FOLLOWER at term 324 for DISCOVERED_A_NEW_TERM
2019-11-04 16:02:41,025 [e3fb79a3-1f86-42af-a80c-c46d1acdbc29@group-7855C2F36E53-LeaderElection297] INFO  impl.RoleInfo (RoleInfo.java:shutdownLeaderElection(134)) - e3fb79a3-1f86-42af-a80c-c46d1acdbc29: shutdown LeaderElection
2019-11-04 16:02:41,025 [e3fb79a3-1f86-42af-a80c-c46d1acdbc29@group-7855C2F36E53-LeaderElection297] INFO  impl.RoleInfo (RoleInfo.java:updateAndGet(143)) - e3fb79a3-1f86-42af-a80c-c46d1acdbc29: start FollowerState
2019-11-04 16:02:41,068 [Thread-2203] INFO  impl.FollowerState (FollowerState.java:run(108)) - e3fb79a3-1f86-42af-a80c-c46d1acdbc29@group-7855C2F36E53-FollowerState: change to CANDIDATE, lastRpcTime:42ms, electionTimeout:42ms
2019-11-04 16:02:41,068 [Thread-2203] INFO  impl.RoleInfo (RoleInfo.java:shutdownFollowerState(121)) - e3fb79a3-1f86-42af-a80c-c46d1acdbc29: shutdown FollowerState
2019-11-04 16:02:41,068 [Thread-2203] INFO  impl.RaftServerImpl (RaftServerImpl.java:setRole(184)) - e3fb79a3-1f86-42af-a80c-c46d1acdbc29@group-7855C2F36E53: changes role from  FOLLOWER to CANDIDATE at term 324 for changeToCandidate
2019-11-04 16:02:41,068 [Thread-2203] INFO  impl.RoleInfo (RoleInfo.java:updateAndGet(143)) - e3fb79a3-1f86-42af-a80c-c46d1acdbc29: start LeaderElection
2019-11-04 16:02:41,080 [e3fb79a3-1f86-42af-a80c-c46d1acdbc29@group-7855C2F36E53-LeaderElection298] INFO  impl.LeaderElection (LeaderElection.java:askForVotes(178)) - e3fb79a3-1f86-42af-a80c-c46d1acdbc29@group-7855C2F36E53-LeaderElection298: begin an election at term 325 for -1: [e3fb79a3-1f86-42af-a80c-c46d1acdbc29:192.168.157.194:44142, 81ff859e-e76f-43f5-951a-4a38422068cb:192.168.157.194:46532, a9143d84-6d7f-497d-b770-eb75585db3c7:192.168.157.194:42126], old=null
2019-11-04 16:02:41,082 [grpc-default-executor-1] INFO  impl.RaftServerImpl (RaftServerImpl.java:setRole(184)) - a9143d84-6d7f-497d-b770-eb75585db3c7@group-7855C2F36E53: changes role from  FOLLOWER to FOLLOWER at term 325 for recognizeCandidate:e3fb79a3-1f86-42af-a80c-c46d1acdbc29
2019-11-04 16:02:41,083 [grpc-default-executor-1] INFO  impl.RoleInfo (RoleInfo.java:shutdownFollowerState(121)) - a9143d84-6d7f-497d-b770-eb75585db3c7: shutdown FollowerState
2019-11-04 16:02:41,082 [grpc-default-executor-5] INFO  impl.RaftServerImpl (RaftServerImpl.java:setRole(184)) - 81ff859e-e76f-43f5-951a-4a38422068cb@group-7855C2F36E53: changes role from  FOLLOWER to FOLLOWER at term 325 for recognizeCandidate:e3fb79a3-1f86-42af-a80c-c46d1acdbc29
2019-11-04 16:02:41,083 [grpc-default-executor-5] INFO  impl.RoleInfo (RoleInfo.java:shutdownFollowerState(121)) - 81ff859e-e76f-43f5-951a-4a38422068cb: shutdown FollowerState
2019-11-04 16:02:41,083 [Thread-2201] INFO  impl.FollowerState (FollowerState.java:run(117)) - a9143d84-6d7f-497d-b770-eb75585db3c7@group-7855C2F36E53-FollowerState was interrupted: java.lang.InterruptedException: sleep interrupted
2019-11-04 16:02:41,083 [grpc-default-executor-1] INFO  impl.RoleInfo (RoleInfo.java:updateAndGet(143)) - a9143d84-6d7f-497d-b770-eb75585db3c7: start FollowerState
2019-11-04 16:02:41,083 [grpc-default-executor-5] INFO  impl.RoleInfo (RoleInfo.java:updateAndGet(143)) - 81ff859e-e76f-43f5-951a-4a38422068cb: start FollowerState
2019-11-04 16:02:41,083 [Thread-2202] INFO  impl.FollowerState (FollowerState.java:run(117)) - 81ff859e-e76f-43f5-951a-4a38422068cb@group-7855C2F36E53-FollowerState was interrupted: java.lang.InterruptedException: sleep interrupted
2019-11-04 16:02:41,108 [e3fb79a3-1f86-42af-a80c-c46d1acdbc29@group-7855C2F36E53-LeaderElection298] INFO  impl.LeaderElection (LeaderElection.java:logAndReturn(56)) - e3fb79a3-1f86-42af-a80c-c46d1acdbc29@group-7855C2F36E53-LeaderElection298: Election REJECTED; received 2 response(s) [e3fb79a3-1f86-42af-a80c-c46d1acdbc29<-81ff859e-e76f-43f5-951a-4a38422068cb#0:FAIL-t325, e3fb79a3-1f86-42af-a80c-c46d1acdbc29<-a9143d84-6d7f-497d-b770-eb75585db3c7#0:FAIL-t325] and 0 exception(s); e3fb79a3-1f86-42af-a80c-c46d1acdbc29@group-7855C2F36E53:t325, leader=null, voted=e3fb79a3-1f86-42af-a80c-c46d1acdbc29, raftlog=e3fb79a3-1f86-42af-a80c-c46d1acdbc29@group-7855C2F36E53-SegmentedRaftLog:OPENED:c-1,f-1,i0, conf=-1: [e3fb79a3-1f86-42af-a80c-c46d1acdbc29:192.168.157.194:44142, 81ff859e-e76f-43f5-951a-4a38422068cb:192.168.157.194:46532, a9143d84-6d7f-497d-b770-eb75585db3c7:192.168.157.194:42126], old=null
2019-11-04 16:02:41,108 [e3fb79a3-1f86-42af-a80c-c46d1acdbc29@group-7855C2F36E53-LeaderElection298] INFO  impl.RaftServerImpl (RaftServerImpl.java:setRole(184)) - e3fb79a3-1f86-42af-a80c-c46d1acdbc29@group-7855C2F36E53: changes role from CANDIDATE to FOLLOWER at term 325 for DISCOVERED_A_NEW_TERM
2019-11-04 16:02:41,108 [e3fb79a3-1f86-42af-a80c-c46d1acdbc29@group-7855C2F36E53-LeaderElection298] INFO  impl.RoleInfo (RoleInfo.java:shutdownLeaderElection(134)) - e3fb79a3-1f86-42af-a80c-c46d1acdbc29: shutdown LeaderElection
2019-11-04 16:02:41,108 [e3fb79a3-1f86-42af-a80c-c46d1acdbc29@group-7855C2F36E53-LeaderElection298] INFO  impl.RoleInfo (RoleInfo.java:updateAndGet(143)) - e3fb79a3-1f86-42af-a80c-c46d1acdbc29: start FollowerState
2019-11-04 16:02:41,258 [Thread-2209] INFO  impl.FollowerState (FollowerState.java:run(108)) - e3fb79a3-1f86-42af-a80c-c46d1acdbc29@group-7855C2F36E53-FollowerState: change to CANDIDATE, lastRpcTime:149ms, electionTimeout:149ms
2019-11-04 16:02:41,258 [Thread-2209] INFO  impl.RoleInfo (RoleInfo.java:shutdownFollowerState(121)) - e3fb79a3-1f86-42af-a80c-c46d1acdbc29: shutdown FollowerState
2019-11-04 16:02:41,258 [Thread-2209] INFO  impl.RaftServerImpl (RaftServerImpl.java:setRole(184)) - e3fb79a3-1f86-42af-a80c-c46d1acdbc29@group-7855C2F36E53: changes role from  FOLLOWER to CANDIDATE at term 325 for changeToCandidate
2019-11-04 16:02:41,258 [Thread-2209] INFO  impl.RoleInfo (RoleInfo.java:updateAndGet(143)) - e3fb79a3-1f86-42af-a80c-c46d1acdbc29: start LeaderElection
2019-11-04 16:02:41,284 [e3fb79a3-1f86-42af-a80c-c46d1acdbc29@group-7855C2F36E53-LeaderElection299] INFO  impl.LeaderElection (LeaderElection.java:askForVotes(178)) - e3fb79a3-1f86-42af-a80c-c46d1acdbc29@group-7855C2F36E53-LeaderElection299: begin an election at term 326 for -1: [e3fb79a3-1f86-42af-a80c-c46d1acdbc29:192.168.157.194:44142, 81ff859e-e76f-43f5-951a-4a38422068cb:192.168.157.194:46532, a9143d84-6d7f-497d-b770-eb75585db3c7:192.168.157.194:42126], old=null
2019-11-04 16:02:41,286 [grpc-default-executor-1] INFO  impl.RaftServerImpl (RaftServerImpl.java:setRole(184)) - 81ff859e-e76f-43f5-951a-4a38422068cb@group-7855C2F36E53: changes role from  FOLLOWER to FOLLOWER at term 326 for recognizeCandidate:e3fb79a3-1f86-42af-a80c-c46d1acdbc29
2019-11-04 16:02:41,286 [grpc-default-executor-5] INFO  impl.RaftServerImpl (RaftServerImpl.java:setRole(184)) - a9143d84-6d7f-497d-b770-eb75585db3c7@group-7855C2F36E53: changes role from  FOLLOWER to FOLLOWER at term 326 for recognizeCandidate:e3fb79a3-1f86-42af-a80c-c46d1acdbc29
2019-11-04 16:02:41,287 [grpc-default-executor-5] INFO  impl.RoleInfo (RoleInfo.java:shutdownFollowerState(121)) - a9143d84-6d7f-497d-b770-eb75585db3c7: shutdown FollowerState
2019-11-04 16:02:41,287 [grpc-default-executor-1] INFO  impl.RoleInfo (RoleInfo.java:shutdownFollowerState(121)) - 81ff859e-e76f-43f5-951a-4a38422068cb: shutdown FollowerState
2019-11-04 16:02:41,287 [Thread-2207] INFO  impl.FollowerState (FollowerState.java:run(117)) - a9143d84-6d7f-497d-b770-eb75585db3c7@group-7855C2F36E53-FollowerState was interrupted: java.lang.InterruptedException: sleep interrupted
2019-11-04 16:02:41,287 [Thread-2208] INFO  impl.FollowerState (FollowerState.java:run(117)) - 81ff859e-e76f-43f5-951a-4a38422068cb@group-7855C2F36E53-FollowerState was interrupted: java.lang.InterruptedException: sleep interrupted
2019-11-04 16:02:41,287 [grpc-default-executor-5] INFO  impl.RoleInfo (RoleInfo.java:updateAndGet(143)) - a9143d84-6d7f-497d-b770-eb75585db3c7: start FollowerState
2019-11-04 16:02:41,287 [grpc-default-executor-1] INFO  impl.RoleInfo (RoleInfo.java:updateAndGet(143)) - 81ff859e-e76f-43f5-951a-4a38422068cb: start FollowerState
2019-11-04 16:02:41,317 [e3fb79a3-1f86-42af-a80c-c46d1acdbc29@group-7855C2F36E53-LeaderElection299] INFO  impl.LeaderElection (LeaderElection.java:logAndReturn(56)) - e3fb79a3-1f86-42af-a80c-c46d1acdbc29@group-7855C2F36E53-LeaderElection299: Election REJECTED; received 2 response(s) [e3fb79a3-1f86-42af-a80c-c46d1acdbc29<-81ff859e-e76f-43f5-951a-4a38422068cb#0:FAIL-t326, e3fb79a3-1f86-42af-a80c-c46d1acdbc29<-a9143d84-6d7f-497d-b770-eb75585db3c7#0:FAIL-t326] and 0 exception(s); e3fb79a3-1f86-42af-a80c-c46d1acdbc29@group-7855C2F36E53:t326, leader=null, voted=e3fb79a3-1f86-42af-a80c-c46d1acdbc29, raftlog=e3fb79a3-1f86-42af-a80c-c46d1acdbc29@group-7855C2F36E53-SegmentedRaftLog:OPENED:c-1,f-1,i0, conf=-1: [e3fb79a3-1f86-42af-a80c-c46d1acdbc29:192.168.157.194:44142, 81ff859e-e76f-43f5-951a-4a38422068cb:192.168.157.194:46532, a9143d84-6d7f-497d-b770-eb75585db3c7:192.168.157.194:42126], old=null
2019-11-04 16:02:41,317 [e3fb79a3-1f86-42af-a80c-c46d1acdbc29@group-7855C2F36E53-LeaderElection299] INFO  impl.RaftServerImpl (RaftServerImpl.java:setRole(184)) - e3fb79a3-1f86-42af-a80c-c46d1acdbc29@group-7855C2F36E53: changes role from CANDIDATE to FOLLOWER at term 326 for DISCOVERED_A_NEW_TERM
2019-11-04 16:02:41,318 [e3fb79a3-1f86-42af-a80c-c46d1acdbc29@group-7855C2F36E53-LeaderElection299] INFO  impl.RoleInfo (RoleInfo.java:shutdownLeaderElection(134)) - e3fb79a3-1f86-42af-a80c-c46d1acdbc29: shutdown LeaderElection
2019-11-04 16:02:41,318 [e3fb79a3-1f86-42af-a80c-c46d1acdbc29@group-7855C2F36E53-LeaderElection299] INFO  impl.RoleInfo (RoleInfo.java:updateAndGet(143)) - e3fb79a3-1f86-42af-a80c-c46d1acdbc29: start FollowerState
2019-11-04 16:02:41,493 [Thread-2215] INFO  impl.FollowerState (FollowerState.java:run(108)) - e3fb79a3-1f86-42af-a80c-c46d1acdbc29@group-7855C2F36E53-FollowerState: change to CANDIDATE, lastRpcTime:175ms, electionTimeout:175ms
2019-11-04 16:02:41,494 [Thread-2215] INFO  impl.RoleInfo (RoleInfo.java:shutdownFollowerState(121)) - e3fb79a3-1f86-42af-a80c-c46d1acdbc29: shutdown FollowerState
2019-11-04 16:02:41,494 [Thread-2215] INFO  impl.RaftServerImpl (RaftServerImpl.java:setRole(184)) - e3fb79a3-1f86-42af-a80c-c46d1acdbc29@group-7855C2F36E53: changes role from  FOLLOWER to CANDIDATE at term 326 for changeToCandidate
2019-11-04 16:02:41,494 [Thread-2215] INFO  impl.RoleInfo (RoleInfo.java:updateAndGet(143)) - e3fb79a3-1f86-42af-a80c-c46d1acdbc29: start LeaderElection
2019-11-04 16:02:41,508 [e3fb79a3-1f86-42af-a80c-c46d1acdbc29@group-7855C2F36E53-LeaderElection300] INFO  impl.LeaderElection (LeaderElection.java:askForVotes(178)) - e3fb79a3-1f86-42af-a80c-c46d1acdbc29@group-7855C2F36E53-LeaderElection300: begin an election at term 327 for -1: [e3fb79a3-1f86-42af-a80c-c46d1acdbc29:192.168.157.194:44142, 81ff859e-e76f-43f5-951a-4a38422068cb:192.168.157.194:46532, a9143d84-6d7f-497d-b770-eb75585db3c7:192.168.157.194:42126], old=null
2019-11-04 16:02:41,511 [grpc-default-executor-1] INFO  impl.RaftServerImpl (RaftServerImpl.java:setRole(184)) - 81ff859e-e76f-43f5-951a-4a38422068cb@group-7855C2F36E53: changes role from  FOLLOWER to FOLLOWER at term 327 for recognizeCandidate:e3fb79a3-1f86-42af-a80c-c46d1acdbc29
2019-11-04 16:02:41,511 [grpc-default-executor-5] INFO  impl.RaftServerImpl (RaftServerImpl.java:setRole(184)) - a9143d84-6d7f-497d-b770-eb75585db3c7@group-7855C2F36E53: changes role from  FOLLOWER to FOLLOWER at term 327 for recognizeCandidate:e3fb79a3-1f86-42af-a80c-c46d1acdbc29
2019-11-04 16:02:41,511 [grpc-default-executor-1] INFO  impl.RoleInfo (RoleInfo.java:shutdownFollowerState(121)) - 81ff859e-e76f-43f5-951a-4a38422068cb: shutdown FollowerState
2019-11-04 16:02:41,511 [grpc-default-executor-5] INFO  impl.RoleInfo (RoleInfo.java:shutdownFollowerState(121)) - a9143d84-6d7f-497d-b770-eb75585db3c7: shutdown FollowerState
2019-11-04 16:02:41,511 [Thread-2214] INFO  impl.FollowerState (FollowerState.java:run(117)) - 81ff859e-e76f-43f5-951a-4a38422068cb@group-7855C2F36E53-FollowerState was interrupted: java.lang.InterruptedException: sleep interrupted
2019-11-04 16:02:41,511 [grpc-default-executor-1] INFO  impl.RoleInfo (RoleInfo.java:updateAndGet(143)) - 81ff859e-e76f-43f5-951a-4a38422068cb: start FollowerState
2019-11-04 16:02:41,511 [Thread-2213] INFO  impl.FollowerState (FollowerState.java:run(117)) - a9143d84-6d7f-497d-b770-eb75585db3c7@group-7855C2F36E53-FollowerState was interrupted: java.lang.InterruptedException: sleep interrupted
2019-11-04 16:02:41,511 [grpc-default-executor-5] INFO  impl.RoleInfo (RoleInfo.java:updateAndGet(143)) - a9143d84-6d7f-497d-b770-eb75585db3c7: start FollowerState
2019-11-04 16:02:41,526 [e3fb79a3-1f86-42af-a80c-c46d1acdbc29@group-7855C2F36E53-LeaderElection300] INFO  impl.LeaderElection (LeaderElection.java:logAndReturn(56)) - e3fb79a3-1f86-42af-a80c-c46d1acdbc29@group-7855C2F36E53-LeaderElection300: Election REJECTED; received 2 response(s) [e3fb79a3-1f86-42af-a80c-c46d1acdbc29<-81ff859e-e76f-43f5-951a-4a38422068cb#0:FAIL-t327, e3fb79a3-1f86-42af-a80c-c46d1acdbc29<-a9143d84-6d7f-497d-b770-eb75585db3c7#0:FAIL-t327] and 0 exception(s); e3fb79a3-1f86-42af-a80c-c46d1acdbc29@group-7855C2F36E53:t327, leader=null, voted=e3fb79a3-1f86-42af-a80c-c46d1acdbc29, raftlog=e3fb79a3-1f86-42af-a80c-c46d1acdbc29@group-7855C2F36E53-SegmentedRaftLog:OPENED:c-1,f-1,i0, conf=-1: [e3fb79a3-1f86-42af-a80c-c46d1acdbc29:192.168.157.194:44142, 81ff859e-e76f-43f5-951a-4a38422068cb:192.168.157.194:46532, a9143d84-6d7f-497d-b770-eb75585db3c7:192.168.157.194:42126], old=null
2019-11-04 16:02:41,526 [e3fb79a3-1f86-42af-a80c-c46d1acdbc29@group-7855C2F36E53-LeaderElection300] INFO  impl.RaftServerImpl (RaftServerImpl.java:setRole(184)) - e3fb79a3-1f86-42af-a80c-c46d1acdbc29@group-7855C2F36E53: changes role from CANDIDATE to FOLLOWER at term 327 for DISCOVERED_A_NEW_TERM
2019-11-04 16:02:41,526 [e3fb79a3-1f86-42af-a80c-c46d1acdbc29@group-7855C2F36E53-LeaderElection300] INFO  impl.RoleInfo (RoleInfo.java:shutdownLeaderElection(134)) - e3fb79a3-1f86-42af-a80c-c46d1acdbc29: shutdown LeaderElection
2019-11-04 16:02:41,526 [e3fb79a3-1f86-42af-a80c-c46d1acdbc29@group-7855C2F36E53-LeaderElection300] INFO  impl.RoleInfo (RoleInfo.java:updateAndGet(143)) - e3fb79a3-1f86-42af-a80c-c46d1acdbc29: start FollowerState
2019-11-04 16:02:41,681 [Thread-2223] INFO  impl.FollowerState (FollowerState.java:run(108)) - e3fb79a3-1f86-42af-a80c-c46d1acdbc29@group-7855C2F36E53-FollowerState: change to CANDIDATE, lastRpcTime:155ms, electionTimeout:155ms
2019-11-04 16:02:41,682 [Thread-2223] INFO  impl.RoleInfo (RoleInfo.java:shutdownFollowerState(121)) - e3fb79a3-1f86-42af-a80c-c46d1acdbc29: shutdown FollowerState
2019-11-04 16:02:41,682 [Thread-2223] INFO  impl.RaftServerImpl (RaftServerImpl.java:setRole(184)) - e3fb79a3-1f86-42af-a80c-c46d1acdbc29@group-7855C2F36E53: changes role from  FOLLOWER to CANDIDATE at term 327 for changeToCandidate
2019-11-04 16:02:41,682 [Thread-2223] INFO  impl.RoleInfo (RoleInfo.java:updateAndGet(143)) - e3fb79a3-1f86-42af-a80c-c46d1acdbc29: start LeaderElection
2019-11-04 16:02:41,708 [e3fb79a3-1f86-42af-a80c-c46d1acdbc29@group-7855C2F36E53-LeaderElection301] INFO  impl.LeaderElection (LeaderElection.java:askForVotes(178)) - e3fb79a3-1f86-42af-a80c-c46d1acdbc29@group-7855C2F36E53-LeaderElection301: begin an election at term 328 for -1: [e3fb79a3-1f86-42af-a80c-c46d1acdbc29:192.168.157.194:44142, 81ff859e-e76f-43f5-951a-4a38422068cb:192.168.157.194:46532, a9143d84-6d7f-497d-b770-eb75585db3c7:192.168.157.194:42126], old=null
2019-11-04 16:02:41,710 [grpc-default-executor-5] INFO  impl.RaftServerImpl (RaftServerImpl.java:setRole(184)) - 81ff859e-e76f-43f5-951a-4a38422068cb@group-7855C2F36E53: changes role from  FOLLOWER to FOLLOWER at term 328 for recognizeCandidate:e3fb79a3-1f86-42af-a80c-c46d1acdbc29
2019-11-04 16:02:41,710 [grpc-default-executor-1] INFO  impl.RaftServerImpl (RaftServerImpl.java:setRole(184)) - a9143d84-6d7f-497d-b770-eb75585db3c7@group-7855C2F36E53: changes role from  FOLLOWER to FOLLOWER at term 328 for recognizeCandidate:e3fb79a3-1f86-42af-a80c-c46d1acdbc29
2019-11-04 16:02:41,710 [grpc-default-executor-1] INFO  impl.RoleInfo (RoleInfo.java:shutdownFollowerState(121)) - a9143d84-6d7f-497d-b770-eb75585db3c7: shutdown FollowerState
2019-11-04 16:02:41,710 [grpc-default-executor-5] INFO  impl.RoleInfo (RoleInfo.java:shutdownFollowerState(121)) - 81ff859e-e76f-43f5-951a-4a38422068cb: shutdown FollowerState
2019-11-04 16:02:41,710 [Thread-2222] INFO  impl.FollowerState (FollowerState.java:run(117)) - a9143d84-6d7f-497d-b770-eb75585db3c7@group-7855C2F36E53-FollowerState was interrupted: java.lang.InterruptedException: sleep interrupted
2019-11-04 16:02:41,710 [grpc-default-executor-1] INFO  impl.RoleInfo (RoleInfo.java:updateAndGet(143)) - a9143d84-6d7f-497d-b770-eb75585db3c7: start FollowerState
2019-11-04 16:02:41,710 [grpc-default-executor-5] INFO  impl.RoleInfo (RoleInfo.java:updateAndGet(143)) - 81ff859e-e76f-43f5-951a-4a38422068cb: start FollowerState
2019-11-04 16:02:41,710 [Thread-2221] INFO  impl.FollowerState (FollowerState.java:run(117)) - 81ff859e-e76f-43f5-951a-4a38422068cb@group-7855C2F36E53-FollowerState was interrupted: java.lang.InterruptedException: sleep interrupted
2019-11-04 16:02:41,726 [e3fb79a3-1f86-42af-a80c-c46d1acdbc29@group-7855C2F36E53-LeaderElection301] INFO  impl.LeaderElection (LeaderElection.java:logAndReturn(56)) - e3fb79a3-1f86-42af-a80c-c46d1acdbc29@group-7855C2F36E53-LeaderElection301: Election REJECTED; received 2 response(s) [e3fb79a3-1f86-42af-a80c-c46d1acdbc29<-81ff859e-e76f-43f5-951a-4a38422068cb#0:FAIL-t328, e3fb79a3-1f86-42af-a80c-c46d1acdbc29<-a9143d84-6d7f-497d-b770-eb75585db3c7#0:FAIL-t328] and 0 exception(s); e3fb79a3-1f86-42af-a80c-c46d1acdbc29@group-7855C2F36E53:t328, leader=null, voted=e3fb79a3-1f86-42af-a80c-c46d1acdbc29, raftlog=e3fb79a3-1f86-42af-a80c-c46d1acdbc29@group-7855C2F36E53-SegmentedRaftLog:OPENED:c-1,f-1,i0, conf=-1: [e3fb79a3-1f86-42af-a80c-c46d1acdbc29:192.168.157.194:44142, 81ff859e-e76f-43f5-951a-4a38422068cb:192.168.157.194:46532, a9143d84-6d7f-497d-b770-eb75585db3c7:192.168.157.194:42126], old=null
2019-11-04 16:02:41,726 [e3fb79a3-1f86-42af-a80c-c46d1acdbc29@group-7855C2F36E53-LeaderElection301] INFO  impl.RaftServerImpl (RaftServerImpl.java:setRole(184)) - e3fb79a3-1f86-42af-a80c-c46d1acdbc29@group-7855C2F36E53: changes role from CANDIDATE to FOLLOWER at term 328 for DISCOVERED_A_NEW_TERM
2019-11-04 16:02:41,726 [e3fb79a3-1f86-42af-a80c-c46d1acdbc29@group-7855C2F36E53-LeaderElection301] INFO  impl.RoleInfo (RoleInfo.java:shutdownLeaderElection(134)) - e3fb79a3-1f86-42af-a80c-c46d1acdbc29: shutdown LeaderElection
2019-11-04 16:02:41,726 [e3fb79a3-1f86-42af-a80c-c46d1acdbc29@group-7855C2F36E53-LeaderElection301] INFO  impl.RoleInfo (RoleInfo.java:updateAndGet(143)) - e3fb79a3-1f86-42af-a80c-c46d1acdbc29: start FollowerState
2019-11-04 16:02:41,841 [Thread-2229] INFO  impl.FollowerState (FollowerState.java:run(108)) - e3fb79a3-1f86-42af-a80c-c46d1acdbc29@group-7855C2F36E53-FollowerState: change to CANDIDATE, lastRpcTime:114ms, electionTimeout:114ms
2019-11-04 16:02:41,841 [Thread-2229] INFO  impl.RoleInfo (RoleInfo.java:shutdownFollowerState(121)) - e3fb79a3-1f86-42af-a80c-c46d1acdbc29: shutdown FollowerState
2019-11-04 16:02:41,841 [Thread-2229] INFO  impl.RaftServerImpl (RaftServerImpl.java:setRole(184)) - e3fb79a3-1f86-42af-a80c-c46d1acdbc29@group-7855C2F36E53: changes role from  FOLLOWER to CANDIDATE at term 328 for changeToCandidate
2019-11-04 16:02:41,841 [Thread-2229] INFO  impl.RoleInfo (RoleInfo.java:updateAndGet(143)) - e3fb79a3-1f86-42af-a80c-c46d1acdbc29: start LeaderElection
2019-11-04 16:02:41,857 [e3fb79a3-1f86-42af-a80c-c46d1acdbc29@group-7855C2F36E53-LeaderElection302] INFO  impl.LeaderElection (LeaderElection.java:askForVotes(178)) - e3fb79a3-1f86-42af-a80c-c46d1acdbc29@group-7855C2F36E53-LeaderElection302: begin an election at term 329 for -1: [e3fb79a3-1f86-42af-a80c-c46d1acdbc29:192.168.157.194:44142, 81ff859e-e76f-43f5-951a-4a38422068cb:192.168.157.194:46532, a9143d84-6d7f-497d-b770-eb75585db3c7:192.168.157.194:42126], old=null
2019-11-04 16:02:41,858 [grpc-default-executor-1] INFO  impl.RaftServerImpl (RaftServerImpl.java:setRole(184)) - a9143d84-6d7f-497d-b770-eb75585db3c7@group-7855C2F36E53: changes role from  FOLLOWER to FOLLOWER at term 329 for recognizeCandidate:e3fb79a3-1f86-42af-a80c-c46d1acdbc29
2019-11-04 16:02:41,859 [grpc-default-executor-1] INFO  impl.RoleInfo (RoleInfo.java:shutdownFollowerState(121)) - a9143d84-6d7f-497d-b770-eb75585db3c7: shutdown FollowerState
2019-11-04 16:02:41,858 [grpc-default-executor-5] INFO  impl.RaftServerImpl (RaftServerImpl.java:setRole(184)) - 81ff859e-e76f-43f5-951a-4a38422068cb@group-7855C2F36E53: changes role from  FOLLOWER to FOLLOWER at term 329 for recognizeCandidate:e3fb79a3-1f86-42af-a80c-c46d1acdbc29
2019-11-04 16:02:41,859 [grpc-default-executor-5] INFO  impl.RoleInfo (RoleInfo.java:shutdownFollowerState(121)) - 81ff859e-e76f-43f5-951a-4a38422068cb: shutdown FollowerState
2019-11-04 16:02:41,859 [Thread-2227] INFO  impl.FollowerState (FollowerState.java:run(117)) - a9143d84-6d7f-497d-b770-eb75585db3c7@group-7855C2F36E53-FollowerState was interrupted: java.lang.InterruptedException: sleep interrupted
2019-11-04 16:02:41,859 [grpc-default-executor-1] INFO  impl.RoleInfo (RoleInfo.java:updateAndGet(143)) - a9143d84-6d7f-497d-b770-eb75585db3c7: start FollowerState
2019-11-04 16:02:41,859 [Thread-2228] INFO  impl.FollowerState (FollowerState.java:run(117)) - 81ff859e-e76f-43f5-951a-4a38422068cb@group-7855C2F36E53-FollowerState was interrupted: java.lang.InterruptedException: sleep interrupted
2019-11-04 16:02:41,859 [grpc-default-executor-5] INFO  impl.RoleInfo (RoleInfo.java:updateAndGet(143)) - 81ff859e-e76f-43f5-951a-4a38422068cb: start FollowerState
2019-11-04 16:02:41,874 [e3fb79a3-1f86-42af-a80c-c46d1acdbc29@group-7855C2F36E53-LeaderElection302] INFO  impl.LeaderElection (LeaderElection.java:logAndReturn(56)) - e3fb79a3-1f86-42af-a80c-c46d1acdbc29@group-7855C2F36E53-LeaderElection302: Election TIMEOUT; received 0 response(s) [] and 0 exception(s); e3fb79a3-1f86-42af-a80c-c46d1acdbc29@group-7855C2F36E53:t329, leader=null, voted=e3fb79a3-1f86-42af-a80c-c46d1acdbc29, raftlog=e3fb79a3-1f86-42af-a80c-c46d1acdbc29@group-7855C2F36E53-SegmentedRaftLog:OPENED:c-1,f-1,i0, conf=-1: [e3fb79a3-1f86-42af-a80c-c46d1acdbc29:192.168.157.194:44142, 81ff859e-e76f-43f5-951a-4a38422068cb:192.168.157.194:46532, a9143d84-6d7f-497d-b770-eb75585db3c7:192.168.157.194:42126], old=null
2019-11-04 16:02:41,885 [e3fb79a3-1f86-42af-a80c-c46d1acdbc29@group-7855C2F36E53-LeaderElection302] INFO  impl.LeaderElection (LeaderElection.java:askForVotes(178)) - e3fb79a3-1f86-42af-a80c-c46d1acdbc29@group-7855C2F36E53-LeaderElection302: begin an election at term 330 for -1: [e3fb79a3-1f86-42af-a80c-c46d1acdbc29:192.168.157.194:44142, 81ff859e-e76f-43f5-951a-4a38422068cb:192.168.157.194:46532, a9143d84-6d7f-497d-b770-eb75585db3c7:192.168.157.194:42126], old=null
2019-11-04 16:02:41,887 [grpc-default-executor-1] INFO  impl.RaftServerImpl (RaftServerImpl.java:setRole(184)) - 81ff859e-e76f-43f5-951a-4a38422068cb@group-7855C2F36E53: changes role from  FOLLOWER to FOLLOWER at term 330 for recognizeCandidate:e3fb79a3-1f86-42af-a80c-c46d1acdbc29
2019-11-04 16:02:41,887 [grpc-default-executor-1] INFO  impl.RoleInfo (RoleInfo.java:shutdownFollowerState(121)) - 81ff859e-e76f-43f5-951a-4a38422068cb: shutdown FollowerState
2019-11-04 16:02:41,887 [grpc-default-executor-5] INFO  impl.RaftServerImpl (RaftServerImpl.java:setRole(184)) - a9143d84-6d7f-497d-b770-eb75585db3c7@group-7855C2F36E53: changes role from  FOLLOWER to FOLLOWER at term 330 for recognizeCandidate:e3fb79a3-1f86-42af-a80c-c46d1acdbc29
2019-11-04 16:02:41,887 [grpc-default-executor-5] INFO  impl.RoleInfo (RoleInfo.java:shutdownFollowerState(121)) - a9143d84-6d7f-497d-b770-eb75585db3c7: shutdown FollowerState
2019-11-04 16:02:41,887 [Thread-2234] INFO  impl.FollowerState (FollowerState.java:run(117)) - 81ff859e-e76f-43f5-951a-4a38422068cb@group-7855C2F36E53-FollowerState was interrupted: java.lang.InterruptedException: sleep interrupted
2019-11-04 16:02:41,888 [Thread-2233] INFO  impl.FollowerState (FollowerState.java:run(117)) - a9143d84-6d7f-497d-b770-eb75585db3c7@group-7855C2F36E53-FollowerState was interrupted: java.lang.InterruptedException: sleep interrupted
2019-11-04 16:02:41,887 [grpc-default-executor-1] INFO  impl.RoleInfo (RoleInfo.java:updateAndGet(143)) - 81ff859e-e76f-43f5-951a-4a38422068cb: start FollowerState
2019-11-04 16:02:41,887 [grpc-default-executor-5] INFO  impl.RoleInfo (RoleInfo.java:updateAndGet(143)) - a9143d84-6d7f-497d-b770-eb75585db3c7: start FollowerState
2019-11-04 16:02:41,913 [e3fb79a3-1f86-42af-a80c-c46d1acdbc29@group-7855C2F36E53-LeaderElection302] INFO  impl.LeaderElection (LeaderElection.java:logAndReturn(56)) - e3fb79a3-1f86-42af-a80c-c46d1acdbc29@group-7855C2F36E53-LeaderElection302: Election REJECTED; received 2 response(s) [e3fb79a3-1f86-42af-a80c-c46d1acdbc29<-81ff859e-e76f-43f5-951a-4a38422068cb#0:FAIL-t330, e3fb79a3-1f86-42af-a80c-c46d1acdbc29<-a9143d84-6d7f-497d-b770-eb75585db3c7#0:FAIL-t330] and 0 exception(s); e3fb79a3-1f86-42af-a80c-c46d1acdbc29@group-7855C2F36E53:t330, leader=null, voted=e3fb79a3-1f86-42af-a80c-c46d1acdbc29, raftlog=e3fb79a3-1f86-42af-a80c-c46d1acdbc29@group-7855C2F36E53-SegmentedRaftLog:OPENED:c-1,f-1,i0, conf=-1: [e3fb79a3-1f86-42af-a80c-c46d1acdbc29:192.168.157.194:44142, 81ff859e-e76f-43f5-951a-4a38422068cb:192.168.157.194:46532, a9143d84-6d7f-497d-b770-eb75585db3c7:192.168.157.194:42126], old=null
2019-11-04 16:02:41,913 [e3fb79a3-1f86-42af-a80c-c46d1acdbc29@group-7855C2F36E53-LeaderElection302] INFO  impl.RaftServerImpl (RaftServerImpl.java:setRole(184)) - e3fb79a3-1f86-42af-a80c-c46d1acdbc29@group-7855C2F36E53: changes role from CANDIDATE to FOLLOWER at term 330 for DISCOVERED_A_NEW_TERM
2019-11-04 16:02:41,913 [e3fb79a3-1f86-42af-a80c-c46d1acdbc29@group-7855C2F36E53-LeaderElection302] INFO  impl.RoleInfo (RoleInfo.java:shutdownLeaderElection(134)) - e3fb79a3-1f86-42af-a80c-c46d1acdbc29: shutdown LeaderElection
2019-11-04 16:02:41,913 [e3fb79a3-1f86-42af-a80c-c46d1acdbc29@group-7855C2F36E53-LeaderElection302] INFO  impl.RoleInfo (RoleInfo.java:updateAndGet(143)) - e3fb79a3-1f86-42af-a80c-c46d1acdbc29: start FollowerState
2019-11-04 16:02:42,080 [Thread-2239] INFO  impl.FollowerState (FollowerState.java:run(108)) - e3fb79a3-1f86-42af-a80c-c46d1acdbc29@group-7855C2F36E53-FollowerState: change to CANDIDATE, lastRpcTime:166ms, electionTimeout:166ms
2019-11-04 16:02:42,080 [Thread-2239] INFO  impl.RoleInfo (RoleInfo.java:shutdownFollowerState(121)) - e3fb79a3-1f86-42af-a80c-c46d1acdbc29: shutdown FollowerState
2019-11-04 16:02:42,080 [Thread-2239] INFO  impl.RaftServerImpl (RaftServerImpl.java:setRole(184)) - e3fb79a3-1f86-42af-a80c-c46d1acdbc29@group-7855C2F36E53: changes role from  FOLLOWER to CANDIDATE at term 330 for changeToCandidate
2019-11-04 16:02:42,080 [Thread-2239] INFO  impl.RoleInfo (RoleInfo.java:updateAndGet(143)) - e3fb79a3-1f86-42af-a80c-c46d1acdbc29: start LeaderElection
2019-11-04 16:02:42,094 [e3fb79a3-1f86-42af-a80c-c46d1acdbc29@group-7855C2F36E53-LeaderElection303] INFO  impl.LeaderElection (LeaderElection.java:askForVotes(178)) - e3fb79a3-1f86-42af-a80c-c46d1acdbc29@group-7855C2F36E53-LeaderElection303: begin an election at term 331 for -1: [e3fb79a3-1f86-42af-a80c-c46d1acdbc29:192.168.157.194:44142, 81ff859e-e76f-43f5-951a-4a38422068cb:192.168.157.194:46532, a9143d84-6d7f-497d-b770-eb75585db3c7:192.168.157.194:42126], old=null
2019-11-04 16:02:42,096 [grpc-default-executor-1] INFO  impl.RaftServerImpl (RaftServerImpl.java:setRole(184)) - 81ff859e-e76f-43f5-951a-4a38422068cb@group-7855C2F36E53: changes role from  FOLLOWER to FOLLOWER at term 331 for recognizeCandidate:e3fb79a3-1f86-42af-a80c-c46d1acdbc29
2019-11-04 16:02:42,096 [grpc-default-executor-5] INFO  impl.RaftServerImpl (RaftServerImpl.java:setRole(184)) - a9143d84-6d7f-497d-b770-eb75585db3c7@group-7855C2F36E53: changes role from  FOLLOWER to FOLLOWER at term 331 for recognizeCandidate:e3fb79a3-1f86-42af-a80c-c46d1acdbc29
2019-11-04 16:02:42,096 [grpc-default-executor-1] INFO  impl.RoleInfo (RoleInfo.java:shutdownFollowerState(121)) - 81ff859e-e76f-43f5-951a-4a38422068cb: shutdown FollowerState
2019-11-04 16:02:42,096 [grpc-default-executor-5] INFO  impl.RoleInfo (RoleInfo.java:shutdownFollowerState(121)) - a9143d84-6d7f-497d-b770-eb75585db3c7: shutdown FollowerState
2019-11-04 16:02:42,096 [Thread-2237] INFO  impl.FollowerState (FollowerState.java:run(117)) - 81ff859e-e76f-43f5-951a-4a38422068cb@group-7855C2F36E53-FollowerState was interrupted: java.lang.InterruptedException: sleep interrupted
2019-11-04 16:02:42,096 [grpc-default-executor-1] INFO  impl.RoleInfo (RoleInfo.java:updateAndGet(143)) - 81ff859e-e76f-43f5-951a-4a38422068cb: start FollowerState
2019-11-04 16:02:42,096 [Thread-2238] INFO  impl.FollowerState (FollowerState.java:run(117)) - a9143d84-6d7f-497d-b770-eb75585db3c7@group-7855C2F36E53-FollowerState was interrupted: java.lang.InterruptedException: sleep interrupted
2019-11-04 16:02:42,096 [grpc-default-executor-5] INFO  impl.RoleInfo (RoleInfo.java:updateAndGet(143)) - a9143d84-6d7f-497d-b770-eb75585db3c7: start FollowerState
2019-11-04 16:02:42,110 [e3fb79a3-1f86-42af-a80c-c46d1acdbc29@group-7855C2F36E53-LeaderElection303] INFO  impl.LeaderElection (LeaderElection.java:logAndReturn(56)) - e3fb79a3-1f86-42af-a80c-c46d1acdbc29@group-7855C2F36E53-LeaderElection303: Election REJECTED; received 2 response(s) [e3fb79a3-1f86-42af-a80c-c46d1acdbc29<-81ff859e-e76f-43f5-951a-4a38422068cb#0:FAIL-t331, e3fb79a3-1f86-42af-a80c-c46d1acdbc29<-a9143d84-6d7f-497d-b770-eb75585db3c7#0:FAIL-t331] and 0 exception(s); e3fb79a3-1f86-42af-a80c-c46d1acdbc29@group-7855C2F36E53:t331, leader=null, voted=e3fb79a3-1f86-42af-a80c-c46d1acdbc29, raftlog=e3fb79a3-1f86-42af-a80c-c46d1acdbc29@group-7855C2F36E53-SegmentedRaftLog:OPENED:c-1,f-1,i0, conf=-1: [e3fb79a3-1f86-42af-a80c-c46d1acdbc29:192.168.157.194:44142, 81ff859e-e76f-43f5-951a-4a38422068cb:192.168.157.194:46532, a9143d84-6d7f-497d-b770-eb75585db3c7:192.168.157.194:42126], old=null
2019-11-04 16:02:42,110 [e3fb79a3-1f86-42af-a80c-c46d1acdbc29@group-7855C2F36E53-LeaderElection303] INFO  impl.RaftServerImpl (RaftServerImpl.java:setRole(184)) - e3fb79a3-1f86-42af-a80c-c46d1acdbc29@group-7855C2F36E53: changes role from CANDIDATE to FOLLOWER at term 331 for DISCOVERED_A_NEW_TERM
2019-11-04 16:02:42,110 [e3fb79a3-1f86-42af-a80c-c46d1acdbc29@group-7855C2F36E53-LeaderElection303] INFO  impl.RoleInfo (RoleInfo.java:shutdownLeaderElection(134)) - e3fb79a3-1f86-42af-a80c-c46d1acdbc29: shutdown LeaderElection
2019-11-04 16:02:42,110 [e3fb79a3-1f86-42af-a80c-c46d1acdbc29@group-7855C2F36E53-LeaderElection303] INFO  impl.RoleInfo (RoleInfo.java:updateAndGet(143)) - e3fb79a3-1f86-42af-a80c-c46d1acdbc29: start FollowerState
2019-11-04 16:02:42,176 [Thread-2245] INFO  impl.FollowerState (FollowerState.java:run(108)) - e3fb79a3-1f86-42af-a80c-c46d1acdbc29@group-7855C2F36E53-FollowerState: change to CANDIDATE, lastRpcTime:66ms, electionTimeout:66ms
2019-11-04 16:02:42,177 [Thread-2245] INFO  impl.RoleInfo (RoleInfo.java:shutdownFollowerState(121)) - e3fb79a3-1f86-42af-a80c-c46d1acdbc29: shutdown FollowerState
2019-11-04 16:02:42,177 [Thread-2245] INFO  impl.RaftServerImpl (RaftServerImpl.java:setRole(184)) - e3fb79a3-1f86-42af-a80c-c46d1acdbc29@group-7855C2F36E53: changes role from  FOLLOWER to CANDIDATE at term 331 for changeToCandidate
2019-11-04 16:02:42,177 [Thread-2245] INFO  impl.RoleInfo (RoleInfo.java:updateAndGet(143)) - e3fb79a3-1f86-42af-a80c-c46d1acdbc29: start LeaderElection
2019-11-04 16:02:42,203 [e3fb79a3-1f86-42af-a80c-c46d1acdbc29@group-7855C2F36E53-LeaderElection304] INFO  impl.LeaderElection (LeaderElection.java:askForVotes(178)) - e3fb79a3-1f86-42af-a80c-c46d1acdbc29@group-7855C2F36E53-LeaderElection304: begin an election at term 332 for -1: [e3fb79a3-1f86-42af-a80c-c46d1acdbc29:192.168.157.194:44142, 81ff859e-e76f-43f5-951a-4a38422068cb:192.168.157.194:46532, a9143d84-6d7f-497d-b770-eb75585db3c7:192.168.157.194:42126], old=null
2019-11-04 16:02:42,205 [grpc-default-executor-5] INFO  impl.RaftServerImpl (RaftServerImpl.java:setRole(184)) - a9143d84-6d7f-497d-b770-eb75585db3c7@group-7855C2F36E53: changes role from  FOLLOWER to FOLLOWER at term 332 for recognizeCandidate:e3fb79a3-1f86-42af-a80c-c46d1acdbc29
2019-11-04 16:02:42,205 [grpc-default-executor-5] INFO  impl.RoleInfo (RoleInfo.java:shutdownFollowerState(121)) - a9143d84-6d7f-497d-b770-eb75585db3c7: shutdown FollowerState
2019-11-04 16:02:42,206 [grpc-default-executor-5] INFO  impl.RoleInfo (RoleInfo.java:updateAndGet(143)) - a9143d84-6d7f-497d-b770-eb75585db3c7: start FollowerState
2019-11-04 16:02:42,206 [Thread-2244] INFO  impl.FollowerState (FollowerState.java:run(117)) - a9143d84-6d7f-497d-b770-eb75585db3c7@group-7855C2F36E53-FollowerState was interrupted: java.lang.InterruptedException: sleep interrupted
2019-11-04 16:02:42,207 [grpc-default-executor-1] INFO  impl.RaftServerImpl (RaftServerImpl.java:setRole(184)) - 81ff859e-e76f-43f5-951a-4a38422068cb@group-7855C2F36E53: changes role from  FOLLOWER to FOLLOWER at term 332 for recognizeCandidate:e3fb79a3-1f86-42af-a80c-c46d1acdbc29
2019-11-04 16:02:42,207 [grpc-default-executor-1] INFO  impl.RoleInfo (RoleInfo.java:shutdownFollowerState(121)) - 81ff859e-e76f-43f5-951a-4a38422068cb: shutdown FollowerState
2019-11-04 16:02:42,207 [grpc-default-executor-1] INFO  impl.RoleInfo (RoleInfo.java:updateAndGet(143)) - 81ff859e-e76f-43f5-951a-4a38422068cb: start FollowerState
2019-11-04 16:02:42,207 [Thread-2243] INFO  impl.FollowerState (FollowerState.java:run(117)) - 81ff859e-e76f-43f5-951a-4a38422068cb@group-7855C2F36E53-FollowerState was interrupted: java.lang.InterruptedException: sleep interrupted
2019-11-04 16:02:42,232 [e3fb79a3-1f86-42af-a80c-c46d1acdbc29@group-7855C2F36E53-LeaderElection304] INFO  impl.LeaderElection (LeaderElection.java:logAndReturn(56)) - e3fb79a3-1f86-42af-a80c-c46d1acdbc29@group-7855C2F36E53-LeaderElection304: Election REJECTED; received 2 response(s) [e3fb79a3-1f86-42af-a80c-c46d1acdbc29<-81ff859e-e76f-43f5-951a-4a38422068cb#0:FAIL-t332, e3fb79a3-1f86-42af-a80c-c46d1acdbc29<-a9143d84-6d7f-497d-b770-eb75585db3c7#0:FAIL-t332] and 0 exception(s); e3fb79a3-1f86-42af-a80c-c46d1acdbc29@group-7855C2F36E53:t332, leader=null, voted=e3fb79a3-1f86-42af-a80c-c46d1acdbc29, raftlog=e3fb79a3-1f86-42af-a80c-c46d1acdbc29@group-7855C2F36E53-SegmentedRaftLog:OPENED:c-1,f-1,i0, conf=-1: [e3fb79a3-1f86-42af-a80c-c46d1acdbc29:192.168.157.194:44142, 81ff859e-e76f-43f5-951a-4a38422068cb:192.168.157.194:46532, a9143d84-6d7f-497d-b770-eb75585db3c7:192.168.157.194:42126], old=null
2019-11-04 16:02:42,232 [e3fb79a3-1f86-42af-a80c-c46d1acdbc29@group-7855C2F36E53-LeaderElection304] INFO  impl.RaftServerImpl (RaftServerImpl.java:setRole(184)) - e3fb79a3-1f86-42af-a80c-c46d1acdbc29@group-7855C2F36E53: changes role from CANDIDATE to FOLLOWER at term 332 for DISCOVERED_A_NEW_TERM
2019-11-04 16:02:42,232 [e3fb79a3-1f86-42af-a80c-c46d1acdbc29@group-7855C2F36E53-LeaderElection304] INFO  impl.RoleInfo (RoleInfo.java:shutdownLeaderElection(134)) - e3fb79a3-1f86-42af-a80c-c46d1acdbc29: shutdown LeaderElection
2019-11-04 16:02:42,233 [e3fb79a3-1f86-42af-a80c-c46d1acdbc29@group-7855C2F36E53-LeaderElection304] INFO  impl.RoleInfo (RoleInfo.java:updateAndGet(143)) - e3fb79a3-1f86-42af-a80c-c46d1acdbc29: start FollowerState
2019-11-04 16:02:42,253 [Thread-2251] INFO  impl.FollowerState (FollowerState.java:run(108)) - e3fb79a3-1f86-42af-a80c-c46d1acdbc29@group-7855C2F36E53-FollowerState: change to CANDIDATE, lastRpcTime:20ms, electionTimeout:20ms
2019-11-04 16:02:42,253 [Thread-2251] INFO  impl.RoleInfo (RoleInfo.java:shutdownFollowerState(121)) - e3fb79a3-1f86-42af-a80c-c46d1acdbc29: shutdown FollowerState
2019-11-04 16:02:42,253 [Thread-2251] INFO  impl.RaftServerImpl (RaftServerImpl.java:setRole(184)) - e3fb79a3-1f86-42af-a80c-c46d1acdbc29@group-7855C2F36E53: changes role from  FOLLOWER to CANDIDATE at term 332 for changeToCandidate
2019-11-04 16:02:42,253 [Thread-2251] INFO  impl.RoleInfo (RoleInfo.java:updateAndGet(143)) - e3fb79a3-1f86-42af-a80c-c46d1acdbc29: start LeaderElection
2019-11-04 16:02:42,268 [e3fb79a3-1f86-42af-a80c-c46d1acdbc29@group-7855C2F36E53-LeaderElection305] INFO  impl.LeaderElection (LeaderElection.java:askForVotes(178)) - e3fb79a3-1f86-42af-a80c-c46d1acdbc29@group-7855C2F36E53-LeaderElection305: begin an election at term 333 for -1: [e3fb79a3-1f86-42af-a80c-c46d1acdbc29:192.168.157.194:44142, 81ff859e-e76f-43f5-951a-4a38422068cb:192.168.157.194:46532, a9143d84-6d7f-497d-b770-eb75585db3c7:192.168.157.194:42126], old=null
2019-11-04 16:02:42,270 [grpc-default-executor-1] INFO  impl.RaftServerImpl (RaftServerImpl.java:setRole(184)) - 81ff859e-e76f-43f5-951a-4a38422068cb@group-7855C2F36E53: changes role from  FOLLOWER to FOLLOWER at term 333 for recognizeCandidate:e3fb79a3-1f86-42af-a80c-c46d1acdbc29
2019-11-04 16:02:42,270 [grpc-default-executor-5] INFO  impl.RaftServerImpl (RaftServerImpl.java:setRole(184)) - a9143d84-6d7f-497d-b770-eb75585db3c7@group-7855C2F36E53: changes role from  FOLLOWER to FOLLOWER at term 333 for recognizeCandidate:e3fb79a3-1f86-42af-a80c-c46d1acdbc29
2019-11-04 16:02:42,270 [grpc-default-executor-5] INFO  impl.RoleInfo (RoleInfo.java:shutdownFollowerState(121)) - a9143d84-6d7f-497d-b770-eb75585db3c7: shutdown FollowerState
2019-11-04 16:02:42,270 [grpc-default-executor-1] INFO  impl.RoleInfo (RoleInfo.java:shutdownFollowerState(121)) - 81ff859e-e76f-43f5-951a-4a38422068cb: shutdown FollowerState
2019-11-04 16:02:42,271 [Thread-2249] INFO  impl.FollowerState (FollowerState.java:run(117)) - a9143d84-6d7f-497d-b770-eb75585db3c7@group-7855C2F36E53-FollowerState was interrupted: java.lang.InterruptedException: sleep interrupted
2019-11-04 16:02:42,271 [Thread-2250] INFO  impl.FollowerState (FollowerState.java:run(117)) - 81ff859e-e76f-43f5-951a-4a38422068cb@group-7855C2F36E53-FollowerState was interrupted: java.lang.InterruptedException: sleep interrupted
2019-11-04 16:02:42,271 [grpc-default-executor-5] INFO  impl.RoleInfo (RoleInfo.java:updateAndGet(143)) - a9143d84-6d7f-497d-b770-eb75585db3c7: start FollowerState
2019-11-04 16:02:42,271 [grpc-default-executor-1] INFO  impl.RoleInfo (RoleInfo.java:updateAndGet(143)) - 81ff859e-e76f-43f5-951a-4a38422068cb: start FollowerState
2019-11-04 16:02:42,284 [e3fb79a3-1f86-42af-a80c-c46d1acdbc29@group-7855C2F36E53-LeaderElection305] INFO  impl.LeaderElection (LeaderElection.java:logAndReturn(56)) - e3fb79a3-1f86-42af-a80c-c46d1acdbc29@group-7855C2F36E53-LeaderElection305: Election REJECTED; received 2 response(s) [e3fb79a3-1f86-42af-a80c-c46d1acdbc29<-81ff859e-e76f-43f5-951a-4a38422068cb#0:FAIL-t333, e3fb79a3-1f86-42af-a80c-c46d1acdbc29<-a9143d84-6d7f-497d-b770-eb75585db3c7#0:FAIL-t333] and 0 exception(s); e3fb79a3-1f86-42af-a80c-c46d1acdbc29@group-7855C2F36E53:t333, leader=null, voted=e3fb79a3-1f86-42af-a80c-c46d1acdbc29, raftlog=e3fb79a3-1f86-42af-a80c-c46d1acdbc29@group-7855C2F36E53-SegmentedRaftLog:OPENED:c-1,f-1,i0, conf=-1: [e3fb79a3-1f86-42af-a80c-c46d1acdbc29:192.168.157.194:44142, 81ff859e-e76f-43f5-951a-4a38422068cb:192.168.157.194:46532, a9143d84-6d7f-497d-b770-eb75585db3c7:192.168.157.194:42126], old=null
2019-11-04 16:02:42,285 [e3fb79a3-1f86-42af-a80c-c46d1acdbc29@group-7855C2F36E53-LeaderElection305] INFO  impl.RaftServerImpl (RaftServerImpl.java:setRole(184)) - e3fb79a3-1f86-42af-a80c-c46d1acdbc29@group-7855C2F36E53: changes role from CANDIDATE to FOLLOWER at term 333 for DISCOVERED_A_NEW_TERM
2019-11-04 16:02:42,285 [e3fb79a3-1f86-42af-a80c-c46d1acdbc29@group-7855C2F36E53-LeaderElection305] INFO  impl.RoleInfo (RoleInfo.java:shutdownLeaderElection(134)) - e3fb79a3-1f86-42af-a80c-c46d1acdbc29: shutdown LeaderElection
2019-11-04 16:02:42,285 [e3fb79a3-1f86-42af-a80c-c46d1acdbc29@group-7855C2F36E53-LeaderElection305] INFO  impl.RoleInfo (RoleInfo.java:updateAndGet(143)) - e3fb79a3-1f86-42af-a80c-c46d1acdbc29: start FollowerState
2019-11-04 16:02:42,387 [Thread-2257] INFO  impl.FollowerState (FollowerState.java:run(108)) - e3fb79a3-1f86-42af-a80c-c46d1acdbc29@group-7855C2F36E53-FollowerState: change to CANDIDATE, lastRpcTime:102ms, electionTimeout:102ms
2019-11-04 16:02:42,387 [Thread-2257] INFO  impl.RoleInfo (RoleInfo.java:shutdownFollowerState(121)) - e3fb79a3-1f86-42af-a80c-c46d1acdbc29: shutdown FollowerState
2019-11-04 16:02:42,388 [Thread-2257] INFO  impl.RaftServerImpl (RaftServerImpl.java:setRole(184)) - e3fb79a3-1f86-42af-a80c-c46d1acdbc29@group-7855C2F36E53: changes role from  FOLLOWER to CANDIDATE at term 333 for changeToCandidate
2019-11-04 16:02:42,388 [Thread-2257] INFO  impl.RoleInfo (RoleInfo.java:updateAndGet(143)) - e3fb79a3-1f86-42af-a80c-c46d1acdbc29: start LeaderElection
2019-11-04 16:02:42,403 [e3fb79a3-1f86-42af-a80c-c46d1acdbc29@group-7855C2F36E53-LeaderElection306] INFO  impl.LeaderElection (LeaderElection.java:askForVotes(178)) - e3fb79a3-1f86-42af-a80c-c46d1acdbc29@group-7855C2F36E53-LeaderElection306: begin an election at term 334 for -1: [e3fb79a3-1f86-42af-a80c-c46d1acdbc29:192.168.157.194:44142, 81ff859e-e76f-43f5-951a-4a38422068cb:192.168.157.194:46532, a9143d84-6d7f-497d-b770-eb75585db3c7:192.168.157.194:42126], old=null
2019-11-04 16:02:42,405 [e3fb79a3-1f86-42af-a80c-c46d1acdbc29@group-7855C2F36E53-LeaderElection306] INFO  impl.LeaderElection (LeaderElection.java:logAndReturn(56)) - e3fb79a3-1f86-42af-a80c-c46d1acdbc29@group-7855C2F36E53-LeaderElection306: Election TIMEOUT; received 0 response(s) [] and 0 exception(s); e3fb79a3-1f86-42af-a80c-c46d1acdbc29@group-7855C2F36E53:t334, leader=null, voted=e3fb79a3-1f86-42af-a80c-c46d1acdbc29, raftlog=e3fb79a3-1f86-42af-a80c-c46d1acdbc29@group-7855C2F36E53-SegmentedRaftLog:OPENED:c-1,f-1,i0, conf=-1: [e3fb79a3-1f86-42af-a80c-c46d1acdbc29:192.168.157.194:44142, 81ff859e-e76f-43f5-951a-4a38422068cb:192.168.157.194:46532, a9143d84-6d7f-497d-b770-eb75585db3c7:192.168.157.194:42126], old=null
2019-11-04 16:02:42,405 [grpc-default-executor-5] INFO  impl.RaftServerImpl (RaftServerImpl.java:setRole(184)) - 81ff859e-e76f-43f5-951a-4a38422068cb@group-7855C2F36E53: changes role from  FOLLOWER to FOLLOWER at term 334 for recognizeCandidate:e3fb79a3-1f86-42af-a80c-c46d1acdbc29
2019-11-04 16:02:42,405 [grpc-default-executor-5] INFO  impl.RoleInfo (RoleInfo.java:shutdownFollowerState(121)) - 81ff859e-e76f-43f5-951a-4a38422068cb: shutdown FollowerState
2019-11-04 16:02:42,406 [grpc-default-executor-5] INFO  impl.RoleInfo (RoleInfo.java:updateAndGet(143)) - 81ff859e-e76f-43f5-951a-4a38422068cb: start FollowerState
2019-11-04 16:02:42,406 [Thread-2256] INFO  impl.FollowerState (FollowerState.java:run(117)) - 81ff859e-e76f-43f5-951a-4a38422068cb@group-7855C2F36E53-FollowerState was interrupted: java.lang.InterruptedException: sleep interrupted
2019-11-04 16:02:42,406 [grpc-default-executor-1] INFO  impl.RaftServerImpl (RaftServerImpl.java:setRole(184)) - a9143d84-6d7f-497d-b770-eb75585db3c7@group-7855C2F36E53: changes role from  FOLLOWER to FOLLOWER at term 334 for recognizeCandidate:e3fb79a3-1f86-42af-a80c-c46d1acdbc29
2019-11-04 16:02:42,406 [grpc-default-executor-1] INFO  impl.RoleInfo (RoleInfo.java:shutdownFollowerState(121)) - a9143d84-6d7f-497d-b770-eb75585db3c7: shutdown FollowerState
2019-11-04 16:02:42,406 [grpc-default-executor-1] INFO  impl.RoleInfo (RoleInfo.java:updateAndGet(143)) - a9143d84-6d7f-497d-b770-eb75585db3c7: start FollowerState
2019-11-04 16:02:42,406 [Thread-2255] INFO  impl.FollowerState (FollowerState.java:run(117)) - a9143d84-6d7f-497d-b770-eb75585db3c7@group-7855C2F36E53-FollowerState was interrupted: java.lang.InterruptedException: sleep interrupted
2019-11-04 16:02:42,423 [e3fb79a3-1f86-42af-a80c-c46d1acdbc29@group-7855C2F36E53-LeaderElection306] INFO  impl.LeaderElection (LeaderElection.java:askForVotes(178)) - e3fb79a3-1f86-42af-a80c-c46d1acdbc29@group-7855C2F36E53-LeaderElection306: begin an election at term 335 for -1: [e3fb79a3-1f86-42af-a80c-c46d1acdbc29:192.168.157.194:44142, 81ff859e-e76f-43f5-951a-4a38422068cb:192.168.157.194:46532, a9143d84-6d7f-497d-b770-eb75585db3c7:192.168.157.194:42126], old=null
2019-11-04 16:02:42,424 [grpc-default-executor-1] INFO  impl.RaftServerImpl (RaftServerImpl.java:setRole(184)) - 81ff859e-e76f-43f5-951a-4a38422068cb@group-7855C2F36E53: changes role from  FOLLOWER to FOLLOWER at term 335 for recognizeCandidate:e3fb79a3-1f86-42af-a80c-c46d1acdbc29
2019-11-04 16:02:42,424 [grpc-default-executor-1] INFO  impl.RoleInfo (RoleInfo.java:shutdownFollowerState(121)) - 81ff859e-e76f-43f5-951a-4a38422068cb: shutdown FollowerState
2019-11-04 16:02:42,424 [grpc-default-executor-5] INFO  impl.RaftServerImpl (RaftServerImpl.java:setRole(184)) - a9143d84-6d7f-497d-b770-eb75585db3c7@group-7855C2F36E53: changes role from  FOLLOWER to FOLLOWER at term 335 for recognizeCandidate:e3fb79a3-1f86-42af-a80c-c46d1acdbc29
2019-11-04 16:02:42,425 [grpc-default-executor-5] INFO  impl.RoleInfo (RoleInfo.java:shutdownFollowerState(121)) - a9143d84-6d7f-497d-b770-eb75585db3c7: shutdown FollowerState
2019-11-04 16:02:42,425 [Thread-2262] INFO  impl.FollowerState (FollowerState.java:run(117)) - 81ff859e-e76f-43f5-951a-4a38422068cb@group-7855C2F36E53-FollowerState was interrupted: java.lang.InterruptedException: sleep interrupted
2019-11-04 16:02:42,425 [grpc-default-executor-1] INFO  impl.RoleInfo (RoleInfo.java:updateAndGet(143)) - 81ff859e-e76f-43f5-951a-4a38422068cb: start FollowerState
2019-11-04 16:02:42,425 [Thread-2263] INFO  impl.FollowerState (FollowerState.java:run(117)) - a9143d84-6d7f-497d-b770-eb75585db3c7@group-7855C2F36E53-FollowerState was interrupted: java.lang.InterruptedException: sleep interrupted
2019-11-04 16:02:42,425 [grpc-default-executor-5] INFO  impl.RoleInfo (RoleInfo.java:updateAndGet(143)) - a9143d84-6d7f-497d-b770-eb75585db3c7: start FollowerState
2019-11-04 16:02:42,451 [e3fb79a3-1f86-42af-a80c-c46d1acdbc29@group-7855C2F36E53-LeaderElection306] INFO  impl.LeaderElection (LeaderElection.java:logAndReturn(56)) - e3fb79a3-1f86-42af-a80c-c46d1acdbc29@group-7855C2F36E53-LeaderElection306: Election REJECTED; received 2 response(s) [e3fb79a3-1f86-42af-a80c-c46d1acdbc29<-81ff859e-e76f-43f5-951a-4a38422068cb#0:FAIL-t335, e3fb79a3-1f86-42af-a80c-c46d1acdbc29<-a9143d84-6d7f-497d-b770-eb75585db3c7#0:FAIL-t335] and 0 exception(s); e3fb79a3-1f86-42af-a80c-c46d1acdbc29@group-7855C2F36E53:t335, leader=null, voted=e3fb79a3-1f86-42af-a80c-c46d1acdbc29, raftlog=e3fb79a3-1f86-42af-a80c-c46d1acdbc29@group-7855C2F36E53-SegmentedRaftLog:OPENED:c-1,f-1,i0, conf=-1: [e3fb79a3-1f86-42af-a80c-c46d1acdbc29:192.168.157.194:44142, 81ff859e-e76f-43f5-951a-4a38422068cb:192.168.157.194:46532, a9143d84-6d7f-497d-b770-eb75585db3c7:192.168.157.194:42126], old=null
2019-11-04 16:02:42,451 [e3fb79a3-1f86-42af-a80c-c46d1acdbc29@group-7855C2F36E53-LeaderElection306] INFO  impl.RaftServerImpl (RaftServerImpl.java:setRole(184)) - e3fb79a3-1f86-42af-a80c-c46d1acdbc29@group-7855C2F36E53: changes role from CANDIDATE to FOLLOWER at term 335 for DISCOVERED_A_NEW_TERM
2019-11-04 16:02:42,451 [e3fb79a3-1f86-42af-a80c-c46d1acdbc29@group-7855C2F36E53-LeaderElection306] INFO  impl.RoleInfo (RoleInfo.java:shutdownLeaderElection(134)) - e3fb79a3-1f86-42af-a80c-c46d1acdbc29: shutdown LeaderElection
2019-11-04 16:02:42,451 [e3fb79a3-1f86-42af-a80c-c46d1acdbc29@group-7855C2F36E53-LeaderElection306] INFO  impl.RoleInfo (RoleInfo.java:updateAndGet(143)) - e3fb79a3-1f86-42af-a80c-c46d1acdbc29: start FollowerState
2019-11-04 16:02:42,641 [Thread-2269] INFO  impl.FollowerState (FollowerState.java:run(108)) - e3fb79a3-1f86-42af-a80c-c46d1acdbc29@group-7855C2F36E53-FollowerState: change to CANDIDATE, lastRpcTime:189ms, electionTimeout:189ms
2019-11-04 16:02:42,641 [Thread-2269] INFO  impl.RoleInfo (RoleInfo.java:shutdownFollowerState(121)) - e3fb79a3-1f86-42af-a80c-c46d1acdbc29: shutdown FollowerState
2019-11-04 16:02:42,641 [Thread-2269] INFO  impl.RaftServerImpl (RaftServerImpl.java:setRole(184)) - e3fb79a3-1f86-42af-a80c-c46d1acdbc29@group-7855C2F36E53: changes role from  FOLLOWER to CANDIDATE at term 335 for changeToCandidate
2019-11-04 16:02:42,641 [Thread-2269] INFO  impl.RoleInfo (RoleInfo.java:updateAndGet(143)) - e3fb79a3-1f86-42af-a80c-c46d1acdbc29: start LeaderElection
2019-11-04 16:02:42,654 [e3fb79a3-1f86-42af-a80c-c46d1acdbc29@group-7855C2F36E53-LeaderElection307] INFO  impl.LeaderElection (LeaderElection.java:askForVotes(178)) - e3fb79a3-1f86-42af-a80c-c46d1acdbc29@group-7855C2F36E53-LeaderElection307: begin an election at term 336 for -1: [e3fb79a3-1f86-42af-a80c-c46d1acdbc29:192.168.157.194:44142, 81ff859e-e76f-43f5-951a-4a38422068cb:192.168.157.194:46532, a9143d84-6d7f-497d-b770-eb75585db3c7:192.168.157.194:42126], old=null
2019-11-04 16:02:42,656 [grpc-default-executor-5] INFO  impl.RaftServerImpl (RaftServerImpl.java:setRole(184)) - 81ff859e-e76f-43f5-951a-4a38422068cb@group-7855C2F36E53: changes role from  FOLLOWER to FOLLOWER at term 336 for recognizeCandidate:e3fb79a3-1f86-42af-a80c-c46d1acdbc29
2019-11-04 16:02:42,656 [grpc-default-executor-1] INFO  impl.RaftServerImpl (RaftServerImpl.java:setRole(184)) - a9143d84-6d7f-497d-b770-eb75585db3c7@group-7855C2F36E53: changes role from  FOLLOWER to FOLLOWER at term 336 for recognizeCandidate:e3fb79a3-1f86-42af-a80c-c46d1acdbc29
2019-11-04 16:02:42,657 [grpc-default-executor-5] INFO  impl.RoleInfo (RoleInfo.java:shutdownFollowerState(121)) - 81ff859e-e76f-43f5-951a-4a38422068cb: shutdown FollowerState
2019-11-04 16:02:42,657 [grpc-default-executor-1] INFO  impl.RoleInfo (RoleInfo.java:shutdownFollowerState(121)) - a9143d84-6d7f-497d-b770-eb75585db3c7: shutdown FollowerState
2019-11-04 16:02:42,657 [Thread-2267] INFO  impl.FollowerState (FollowerState.java:run(117)) - 81ff859e-e76f-43f5-951a-4a38422068cb@group-7855C2F36E53-FollowerState was interrupted: java.lang.InterruptedException: sleep interrupted
2019-11-04 16:02:42,657 [grpc-default-executor-5] INFO  impl.RoleInfo (RoleInfo.java:updateAndGet(143)) - 81ff859e-e76f-43f5-951a-4a38422068cb: start FollowerState
2019-11-04 16:02:42,657 [Thread-2268] INFO  impl.FollowerState (FollowerState.java:run(117)) - a9143d84-6d7f-497d-b770-eb75585db3c7@group-7855C2F36E53-FollowerState was interrupted: java.lang.InterruptedException: sleep interrupted
2019-11-04 16:02:42,657 [grpc-default-executor-1] INFO  impl.RoleInfo (RoleInfo.java:updateAndGet(143)) - a9143d84-6d7f-497d-b770-eb75585db3c7: start FollowerState
2019-11-04 16:02:42,670 [e3fb79a3-1f86-42af-a80c-c46d1acdbc29@group-7855C2F36E53-LeaderElection307] INFO  impl.LeaderElection (LeaderElection.java:logAndReturn(56)) - e3fb79a3-1f86-42af-a80c-c46d1acdbc29@group-7855C2F36E53-LeaderElection307: Election REJECTED; received 2 response(s) [e3fb79a3-1f86-42af-a80c-c46d1acdbc29<-81ff859e-e76f-43f5-951a-4a38422068cb#0:FAIL-t336, e3fb79a3-1f86-42af-a80c-c46d1acdbc29<-a9143d84-6d7f-497d-b770-eb75585db3c7#0:FAIL-t336] and 0 exception(s); e3fb79a3-1f86-42af-a80c-c46d1acdbc29@group-7855C2F36E53:t336, leader=null, voted=e3fb79a3-1f86-42af-a80c-c46d1acdbc29, raftlog=e3fb79a3-1f86-42af-a80c-c46d1acdbc29@group-7855C2F36E53-SegmentedRaftLog:OPENED:c-1,f-1,i0, conf=-1: [e3fb79a3-1f86-42af-a80c-c46d1acdbc29:192.168.157.194:44142, 81ff859e-e76f-43f5-951a-4a38422068cb:192.168.157.194:46532, a9143d84-6d7f-497d-b770-eb75585db3c7:192.168.157.194:42126], old=null
2019-11-04 16:02:42,671 [e3fb79a3-1f86-42af-a80c-c46d1acdbc29@group-7855C2F36E53-LeaderElection307] INFO  impl.RaftServerImpl (RaftServerImpl.java:setRole(184)) - e3fb79a3-1f86-42af-a80c-c46d1acdbc29@group-7855C2F36E53: changes role from CANDIDATE to FOLLOWER at term 336 for DISCOVERED_A_NEW_TERM
2019-11-04 16:02:42,671 [e3fb79a3-1f86-42af-a80c-c46d1acdbc29@group-7855C2F36E53-LeaderElection307] INFO  impl.RoleInfo (RoleInfo.java:shutdownLeaderElection(134)) - e3fb79a3-1f86-42af-a80c-c46d1acdbc29: shutdown LeaderElection
2019-11-04 16:02:42,671 [e3fb79a3-1f86-42af-a80c-c46d1acdbc29@group-7855C2F36E53-LeaderElection307] INFO  impl.RoleInfo (RoleInfo.java:updateAndGet(143)) - e3fb79a3-1f86-42af-a80c-c46d1acdbc29: start FollowerState
2019-11-04 16:02:42,710 [Thread-2275] INFO  impl.FollowerState (FollowerState.java:run(108)) - e3fb79a3-1f86-42af-a80c-c46d1acdbc29@group-7855C2F36E53-FollowerState: change to CANDIDATE, lastRpcTime:39ms, electionTimeout:39ms
2019-11-04 16:02:42,711 [Thread-2275] INFO  impl.RoleInfo (RoleInfo.java:shutdownFollowerState(121)) - e3fb79a3-1f86-42af-a80c-c46d1acdbc29: shutdown FollowerState
2019-11-04 16:02:42,712 [Thread-2275] INFO  impl.RaftServerImpl (RaftServerImpl.java:setRole(184)) - e3fb79a3-1f86-42af-a80c-c46d1acdbc29@group-7855C2F36E53: changes role from  FOLLOWER to CANDIDATE at term 336 for changeToCandidate
2019-11-04 16:02:42,712 [Thread-2275] INFO  impl.RoleInfo (RoleInfo.java:updateAndGet(143)) - e3fb79a3-1f86-42af-a80c-c46d1acdbc29: start LeaderElection
2019-11-04 16:02:42,727 [e3fb79a3-1f86-42af-a80c-c46d1acdbc29@group-7855C2F36E53-LeaderElection308] INFO  impl.LeaderElection (LeaderElection.java:askForVotes(178)) - e3fb79a3-1f86-42af-a80c-c46d1acdbc29@group-7855C2F36E53-LeaderElection308: begin an election at term 337 for -1: [e3fb79a3-1f86-42af-a80c-c46d1acdbc29:192.168.157.194:44142, 81ff859e-e76f-43f5-951a-4a38422068cb:192.168.157.194:46532, a9143d84-6d7f-497d-b770-eb75585db3c7:192.168.157.194:42126], old=null
2019-11-04 16:02:42,733 [grpc-default-executor-1] INFO  impl.RaftServerImpl (RaftServerImpl.java:setRole(184)) - a9143d84-6d7f-497d-b770-eb75585db3c7@group-7855C2F36E53: changes role from  FOLLOWER to FOLLOWER at term 337 for recognizeCandidate:e3fb79a3-1f86-42af-a80c-c46d1acdbc29
2019-11-04 16:02:42,733 [grpc-default-executor-5] INFO  impl.RaftServerImpl (RaftServerImpl.java:setRole(184)) - 81ff859e-e76f-43f5-951a-4a38422068cb@group-7855C2F36E53: changes role from  FOLLOWER to FOLLOWER at term 337 for recognizeCandidate:e3fb79a3-1f86-42af-a80c-c46d1acdbc29
2019-11-04 16:02:42,733 [grpc-default-executor-1] INFO  impl.RoleInfo (RoleInfo.java:shutdownFollowerState(121)) - a9143d84-6d7f-497d-b770-eb75585db3c7: shutdown FollowerState
2019-11-04 16:02:42,734 [grpc-default-executor-5] INFO  impl.RoleInfo (RoleInfo.java:shutdownFollowerState(121)) - 81ff859e-e76f-43f5-951a-4a38422068cb: shutdown FollowerState
2019-11-04 16:02:42,734 [grpc-default-executor-1] INFO  impl.RoleInfo (RoleInfo.java:updateAndGet(143)) - a9143d84-6d7f-497d-b770-eb75585db3c7: start FollowerState
2019-11-04 16:02:42,734 [grpc-default-executor-5] INFO  impl.RoleInfo (RoleInfo.java:updateAndGet(143)) - 81ff859e-e76f-43f5-951a-4a38422068cb: start FollowerState
2019-11-04 16:02:42,734 [Thread-2273] INFO  impl.FollowerState (FollowerState.java:run(117)) - 81ff859e-e76f-43f5-951a-4a38422068cb@group-7855C2F36E53-FollowerState was interrupted: java.lang.InterruptedException: sleep interrupted
2019-11-04 16:02:42,734 [Thread-2274] INFO  impl.FollowerState (FollowerState.java:run(117)) - a9143d84-6d7f-497d-b770-eb75585db3c7@group-7855C2F36E53-FollowerState was interrupted: java.lang.InterruptedException: sleep interrupted
2019-11-04 16:02:42,749 [e3fb79a3-1f86-42af-a80c-c46d1acdbc29@group-7855C2F36E53-LeaderElection308] INFO  impl.LeaderElection (LeaderElection.java:logAndReturn(56)) - e3fb79a3-1f86-42af-a80c-c46d1acdbc29@group-7855C2F36E53-LeaderElection308: Election REJECTED; received 2 response(s) [e3fb79a3-1f86-42af-a80c-c46d1acdbc29<-81ff859e-e76f-43f5-951a-4a38422068cb#0:FAIL-t337, e3fb79a3-1f86-42af-a80c-c46d1acdbc29<-a9143d84-6d7f-497d-b770-eb75585db3c7#0:FAIL-t337] and 0 exception(s); e3fb79a3-1f86-42af-a80c-c46d1acdbc29@group-7855C2F36E53:t337, leader=null, voted=e3fb79a3-1f86-42af-a80c-c46d1acdbc29, raftlog=e3fb79a3-1f86-42af-a80c-c46d1acdbc29@group-7855C2F36E53-SegmentedRaftLog:OPENED:c-1,f-1,i0, conf=-1: [e3fb79a3-1f86-42af-a80c-c46d1acdbc29:192.168.157.194:44142, 81ff859e-e76f-43f5-951a-4a38422068cb:192.168.157.194:46532, a9143d84-6d7f-497d-b770-eb75585db3c7:192.168.157.194:42126], old=null
2019-11-04 16:02:42,749 [e3fb79a3-1f86-42af-a80c-c46d1acdbc29@group-7855C2F36E53-LeaderElection308] INFO  impl.RaftServerImpl (RaftServerImpl.java:setRole(184)) - e3fb79a3-1f86-42af-a80c-c46d1acdbc29@group-7855C2F36E53: changes role from CANDIDATE to FOLLOWER at term 337 for DISCOVERED_A_NEW_TERM
2019-11-04 16:02:42,749 [e3fb79a3-1f86-42af-a80c-c46d1acdbc29@group-7855C2F36E53-LeaderElection308] INFO  impl.RoleInfo (RoleInfo.java:shutdownLeaderElection(134)) - e3fb79a3-1f86-42af-a80c-c46d1acdbc29: shutdown LeaderElection
2019-11-04 16:02:42,749 [e3fb79a3-1f86-42af-a80c-c46d1acdbc29@group-7855C2F36E53-LeaderElection308] INFO  impl.RoleInfo (RoleInfo.java:updateAndGet(143)) - e3fb79a3-1f86-42af-a80c-c46d1acdbc29: start FollowerState
2019-11-04 16:02:42,941 [Thread-2281] INFO  impl.FollowerState (FollowerState.java:run(108)) - e3fb79a3-1f86-42af-a80c-c46d1acdbc29@group-7855C2F36E53-FollowerState: change to CANDIDATE, lastRpcTime:192ms, electionTimeout:192ms
2019-11-04 16:02:42,942 [Thread-2281] INFO  impl.RoleInfo (RoleInfo.java:shutdownFollowerState(121)) - e3fb79a3-1f86-42af-a80c-c46d1acdbc29: shutdown FollowerState
2019-11-04 16:02:42,942 [Thread-2281] INFO  impl.RaftServerImpl (RaftServerImpl.java:setRole(184)) - e3fb79a3-1f86-42af-a80c-c46d1acdbc29@group-7855C2F36E53: changes role from  FOLLOWER to CANDIDATE at term 337 for changeToCandidate
2019-11-04 16:02:42,942 [Thread-2281] INFO  impl.RoleInfo (RoleInfo.java:updateAndGet(143)) - e3fb79a3-1f86-42af-a80c-c46d1acdbc29: start LeaderElection
2019-11-04 16:02:42,956 [e3fb79a3-1f86-42af-a80c-c46d1acdbc29@group-7855C2F36E53-LeaderElection309] INFO  impl.LeaderElection (LeaderElection.java:askForVotes(178)) - e3fb79a3-1f86-42af-a80c-c46d1acdbc29@group-7855C2F36E53-LeaderElection309: begin an election at term 338 for -1: [e3fb79a3-1f86-42af-a80c-c46d1acdbc29:192.168.157.194:44142, 81ff859e-e76f-43f5-951a-4a38422068cb:192.168.157.194:46532, a9143d84-6d7f-497d-b770-eb75585db3c7:192.168.157.194:42126], old=null
2019-11-04 16:02:42,957 [grpc-default-executor-5] INFO  impl.RaftServerImpl (RaftServerImpl.java:setRole(184)) - 81ff859e-e76f-43f5-951a-4a38422068cb@group-7855C2F36E53: changes role from  FOLLOWER to FOLLOWER at term 338 for recognizeCandidate:e3fb79a3-1f86-42af-a80c-c46d1acdbc29
2019-11-04 16:02:42,957 [grpc-default-executor-5] INFO  impl.RoleInfo (RoleInfo.java:shutdownFollowerState(121)) - 81ff859e-e76f-43f5-951a-4a38422068cb: shutdown FollowerState
2019-11-04 16:02:42,958 [grpc-default-executor-5] INFO  impl.RoleInfo (RoleInfo.java:updateAndGet(143)) - 81ff859e-e76f-43f5-951a-4a38422068cb: start FollowerState
2019-11-04 16:02:42,958 [Thread-2280] INFO  impl.FollowerState (FollowerState.java:run(117)) - 81ff859e-e76f-43f5-951a-4a38422068cb@group-7855C2F36E53-FollowerState was interrupted: java.lang.InterruptedException: sleep interrupted
2019-11-04 16:02:42,958 [grpc-default-executor-1] INFO  impl.RaftServerImpl (RaftServerImpl.java:setRole(184)) - a9143d84-6d7f-497d-b770-eb75585db3c7@group-7855C2F36E53: changes role from  FOLLOWER to FOLLOWER at term 338 for recognizeCandidate:e3fb79a3-1f86-42af-a80c-c46d1acdbc29
2019-11-04 16:02:42,958 [grpc-default-executor-1] INFO  impl.RoleInfo (RoleInfo.java:shutdownFollowerState(121)) - a9143d84-6d7f-497d-b770-eb75585db3c7: shutdown FollowerState
2019-11-04 16:02:42,958 [grpc-default-executor-1] INFO  impl.RoleInfo (RoleInfo.java:updateAndGet(143)) - a9143d84-6d7f-497d-b770-eb75585db3c7: start FollowerState
2019-11-04 16:02:42,958 [Thread-2279] INFO  impl.FollowerState (FollowerState.java:run(117)) - a9143d84-6d7f-497d-b770-eb75585db3c7@group-7855C2F36E53-FollowerState was interrupted: java.lang.InterruptedException: sleep interrupted
2019-11-04 16:02:42,972 [e3fb79a3-1f86-42af-a80c-c46d1acdbc29@group-7855C2F36E53-LeaderElection309] INFO  impl.LeaderElection (LeaderElection.java:logAndReturn(56)) - e3fb79a3-1f86-42af-a80c-c46d1acdbc29@group-7855C2F36E53-LeaderElection309: Election REJECTED; received 2 response(s) [e3fb79a3-1f86-42af-a80c-c46d1acdbc29<-81ff859e-e76f-43f5-951a-4a38422068cb#0:FAIL-t338, e3fb79a3-1f86-42af-a80c-c46d1acdbc29<-a9143d84-6d7f-497d-b770-eb75585db3c7#0:FAIL-t338] and 0 exception(s); e3fb79a3-1f86-42af-a80c-c46d1acdbc29@group-7855C2F36E53:t338, leader=null, voted=e3fb79a3-1f86-42af-a80c-c46d1acdbc29, raftlog=e3fb79a3-1f86-42af-a80c-c46d1acdbc29@group-7855C2F36E53-SegmentedRaftLog:OPENED:c-1,f-1,i0, conf=-1: [e3fb79a3-1f86-42af-a80c-c46d1acdbc29:192.168.157.194:44142, 81ff859e-e76f-43f5-951a-4a38422068cb:192.168.157.194:46532, a9143d84-6d7f-497d-b770-eb75585db3c7:192.168.157.194:42126], old=null
2019-11-04 16:02:42,972 [e3fb79a3-1f86-42af-a80c-c46d1acdbc29@group-7855C2F36E53-LeaderElection309] INFO  impl.RaftServerImpl (RaftServerImpl.java:setRole(184)) - e3fb79a3-1f86-42af-a80c-c46d1acdbc29@group-7855C2F36E53: changes role from CANDIDATE to FOLLOWER at term 338 for DISCOVERED_A_NEW_TERM
2019-11-04 16:02:42,972 [e3fb79a3-1f86-42af-a80c-c46d1acdbc29@group-7855C2F36E53-LeaderElection309] INFO  impl.RoleInfo (RoleInfo.java:shutdownLeaderElection(134)) - e3fb79a3-1f86-42af-a80c-c46d1acdbc29: shutdown LeaderElection
2019-11-04 16:02:42,972 [e3fb79a3-1f86-42af-a80c-c46d1acdbc29@group-7855C2F36E53-LeaderElection309] INFO  impl.RoleInfo (RoleInfo.java:updateAndGet(143)) - e3fb79a3-1f86-42af-a80c-c46d1acdbc29: start FollowerState
2019-11-04 16:02:43,127 [Thread-2287] INFO  impl.FollowerState (FollowerState.java:run(108)) - e3fb79a3-1f86-42af-a80c-c46d1acdbc29@group-7855C2F36E53-FollowerState: change to CANDIDATE, lastRpcTime:154ms, electionTimeout:154ms
2019-11-04 16:02:43,127 [Thread-2287] INFO  impl.RoleInfo (RoleInfo.java:shutdownFollowerState(121)) - e3fb79a3-1f86-42af-a80c-c46d1acdbc29: shutdown FollowerState
2019-11-04 16:02:43,127 [Thread-2287] INFO  impl.RaftServerImpl (RaftServerImpl.java:setRole(184)) - e3fb79a3-1f86-42af-a80c-c46d1acdbc29@group-7855C2F36E53: changes role from  FOLLOWER to CANDIDATE at term 338 for changeToCandidate
2019-11-04 16:02:43,128 [Thread-2287] INFO  impl.RoleInfo (RoleInfo.java:updateAndGet(143)) - e3fb79a3-1f86-42af-a80c-c46d1acdbc29: start LeaderElection
2019-11-04 16:02:43,153 [e3fb79a3-1f86-42af-a80c-c46d1acdbc29@group-7855C2F36E53-LeaderElection310] INFO  impl.LeaderElection (LeaderElection.java:askForVotes(178)) - e3fb79a3-1f86-42af-a80c-c46d1acdbc29@group-7855C2F36E53-LeaderElection310: begin an election at term 339 for -1: [e3fb79a3-1f86-42af-a80c-c46d1acdbc29:192.168.157.194:44142, 81ff859e-e76f-43f5-951a-4a38422068cb:192.168.157.194:46532, a9143d84-6d7f-497d-b770-eb75585db3c7:192.168.157.194:42126], old=null
2019-11-04 16:02:43,155 [grpc-default-executor-5] INFO  impl.RaftServerImpl (RaftServerImpl.java:setRole(184)) - a9143d84-6d7f-497d-b770-eb75585db3c7@group-7855C2F36E53: changes role from  FOLLOWER to FOLLOWER at term 339 for recognizeCandidate:e3fb79a3-1f86-42af-a80c-c46d1acdbc29
2019-11-04 16:02:43,155 [grpc-default-executor-1] INFO  impl.RaftServerImpl (RaftServerImpl.java:setRole(184)) - 81ff859e-e76f-43f5-951a-4a38422068cb@group-7855C2F36E53: changes role from  FOLLOWER to FOLLOWER at term 339 for recognizeCandidate:e3fb79a3-1f86-42af-a80c-c46d1acdbc29
2019-11-04 16:02:43,155 [grpc-default-executor-5] INFO  impl.RoleInfo (RoleInfo.java:shutdownFollowerState(121)) - a9143d84-6d7f-497d-b770-eb75585db3c7: shutdown FollowerState
2019-11-04 16:02:43,155 [grpc-default-executor-1] INFO  impl.RoleInfo (RoleInfo.java:shutdownFollowerState(121)) - 81ff859e-e76f-43f5-951a-4a38422068cb: shutdown FollowerState
2019-11-04 16:02:43,156 [Thread-2286] INFO  impl.FollowerState (FollowerState.java:run(117)) - a9143d84-6d7f-497d-b770-eb75585db3c7@group-7855C2F36E53-FollowerState was interrupted: java.lang.InterruptedException: sleep interrupted
2019-11-04 16:02:43,156 [grpc-default-executor-5] INFO  impl.RoleInfo (RoleInfo.java:updateAndGet(143)) - a9143d84-6d7f-497d-b770-eb75585db3c7: start FollowerState
2019-11-04 16:02:43,156 [Thread-2285] INFO  impl.FollowerState (FollowerState.java:run(117)) - 81ff859e-e76f-43f5-951a-4a38422068cb@group-7855C2F36E53-FollowerState was interrupted: java.lang.InterruptedException: sleep interrupted
2019-11-04 16:02:43,156 [grpc-default-executor-1] INFO  impl.RoleInfo (RoleInfo.java:updateAndGet(143)) - 81ff859e-e76f-43f5-951a-4a38422068cb: start FollowerState
2019-11-04 16:02:43,182 [e3fb79a3-1f86-42af-a80c-c46d1acdbc29@group-7855C2F36E53-LeaderElection310] INFO  impl.LeaderElection (LeaderElection.java:logAndReturn(56)) - e3fb79a3-1f86-42af-a80c-c46d1acdbc29@group-7855C2F36E53-LeaderElection310: Election REJECTED; received 2 response(s) [e3fb79a3-1f86-42af-a80c-c46d1acdbc29<-81ff859e-e76f-43f5-951a-4a38422068cb#0:FAIL-t339, e3fb79a3-1f86-42af-a80c-c46d1acdbc29<-a9143d84-6d7f-497d-b770-eb75585db3c7#0:FAIL-t339] and 0 exception(s); e3fb79a3-1f86-42af-a80c-c46d1acdbc29@group-7855C2F36E53:t339, leader=null, voted=e3fb79a3-1f86-42af-a80c-c46d1acdbc29, raftlog=e3fb79a3-1f86-42af-a80c-c46d1acdbc29@group-7855C2F36E53-SegmentedRaftLog:OPENED:c-1,f-1,i0, conf=-1: [e3fb79a3-1f86-42af-a80c-c46d1acdbc29:192.168.157.194:44142, 81ff859e-e76f-43f5-951a-4a38422068cb:192.168.157.194:46532, a9143d84-6d7f-497d-b770-eb75585db3c7:192.168.157.194:42126], old=null
2019-11-04 16:02:43,182 [e3fb79a3-1f86-42af-a80c-c46d1acdbc29@group-7855C2F36E53-LeaderElection310] INFO  impl.RaftServerImpl (RaftServerImpl.java:setRole(184)) - e3fb79a3-1f86-42af-a80c-c46d1acdbc29@group-7855C2F36E53: changes role from CANDIDATE to FOLLOWER at term 339 for DISCOVERED_A_NEW_TERM
2019-11-04 16:02:43,182 [e3fb79a3-1f86-42af-a80c-c46d1acdbc29@group-7855C2F36E53-LeaderElection310] INFO  impl.RoleInfo (RoleInfo.java:shutdownLeaderElection(134)) - e3fb79a3-1f86-42af-a80c-c46d1acdbc29: shutdown LeaderElection
2019-11-04 16:02:43,182 [e3fb79a3-1f86-42af-a80c-c46d1acdbc29@group-7855C2F36E53-LeaderElection310] INFO  impl.RoleInfo (RoleInfo.java:updateAndGet(143)) - e3fb79a3-1f86-42af-a80c-c46d1acdbc29: start FollowerState
2019-11-04 16:02:43,279 [Thread-2293] INFO  impl.FollowerState (FollowerState.java:run(108)) - e3fb79a3-1f86-42af-a80c-c46d1acdbc29@group-7855C2F36E53-FollowerState: change to CANDIDATE, lastRpcTime:96ms, electionTimeout:96ms
2019-11-04 16:02:43,279 [Thread-2293] INFO  impl.RoleInfo (RoleInfo.java:shutdownFollowerState(121)) - e3fb79a3-1f86-42af-a80c-c46d1acdbc29: shutdown FollowerState
2019-11-04 16:02:43,279 [Thread-2293] INFO  impl.RaftServerImpl (RaftServerImpl.java:setRole(184)) - e3fb79a3-1f86-42af-a80c-c46d1acdbc29@group-7855C2F36E53: changes role from  FOLLOWER to CANDIDATE at term 339 for changeToCandidate
2019-11-04 16:02:43,279 [Thread-2293] INFO  impl.RoleInfo (RoleInfo.java:updateAndGet(143)) - e3fb79a3-1f86-42af-a80c-c46d1acdbc29: start LeaderElection
2019-11-04 16:02:43,307 [e3fb79a3-1f86-42af-a80c-c46d1acdbc29@group-7855C2F36E53-LeaderElection311] INFO  impl.LeaderElection (LeaderElection.java:askForVotes(178)) - e3fb79a3-1f86-42af-a80c-c46d1acdbc29@group-7855C2F36E53-LeaderElection311: begin an election at term 340 for -1: [e3fb79a3-1f86-42af-a80c-c46d1acdbc29:192.168.157.194:44142, 81ff859e-e76f-43f5-951a-4a38422068cb:192.168.157.194:46532, a9143d84-6d7f-497d-b770-eb75585db3c7:192.168.157.194:42126], old=null
2019-11-04 16:02:43,309 [grpc-default-executor-5] INFO  impl.RaftServerImpl (RaftServerImpl.java:setRole(184)) - 81ff859e-e76f-43f5-951a-4a38422068cb@group-7855C2F36E53: changes role from  FOLLOWER to FOLLOWER at term 340 for recognizeCandidate:e3fb79a3-1f86-42af-a80c-c46d1acdbc29
2019-11-04 16:02:43,309 [grpc-default-executor-1] INFO  impl.RaftServerImpl (RaftServerImpl.java:setRole(184)) - a9143d84-6d7f-497d-b770-eb75585db3c7@group-7855C2F36E53: changes role from  FOLLOWER to FOLLOWER at term 340 for recognizeCandidate:e3fb79a3-1f86-42af-a80c-c46d1acdbc29
2019-11-04 16:02:43,309 [grpc-default-executor-1] INFO  impl.RoleInfo (RoleInfo.java:shutdownFollowerState(121)) - a9143d84-6d7f-497d-b770-eb75585db3c7: shutdown FollowerState
2019-11-04 16:02:43,309 [grpc-default-executor-5] INFO  impl.RoleInfo (RoleInfo.java:shutdownFollowerState(121)) - 81ff859e-e76f-43f5-951a-4a38422068cb: shutdown FollowerState
2019-11-04 16:02:43,309 [Thread-2291] INFO  impl.FollowerState (FollowerState.java:run(117)) - a9143d84-6d7f-497d-b770-eb75585db3c7@group-7855C2F36E53-FollowerState was interrupted: java.lang.InterruptedException: sleep interrupted
2019-11-04 16:02:43,309 [grpc-default-executor-1] INFO  impl.RoleInfo (RoleInfo.java:updateAndGet(143)) - a9143d84-6d7f-497d-b770-eb75585db3c7: start FollowerState
2019-11-04 16:02:43,310 [Thread-2292] INFO  impl.FollowerState (FollowerState.java:run(117)) - 81ff859e-e76f-43f5-951a-4a38422068cb@group-7855C2F36E53-FollowerState was interrupted: java.lang.InterruptedException: sleep interrupted
2019-11-04 16:02:43,310 [grpc-default-executor-5] INFO  impl.RoleInfo (RoleInfo.java:updateAndGet(143)) - 81ff859e-e76f-43f5-951a-4a38422068cb: start FollowerState
2019-11-04 16:02:43,337 [e3fb79a3-1f86-42af-a80c-c46d1acdbc29@group-7855C2F36E53-LeaderElection311] INFO  impl.LeaderElection (LeaderElection.java:logAndReturn(56)) - e3fb79a3-1f86-42af-a80c-c46d1acdbc29@group-7855C2F36E53-LeaderElection311: Election REJECTED; received 2 response(s) [e3fb79a3-1f86-42af-a80c-c46d1acdbc29<-81ff859e-e76f-43f5-951a-4a38422068cb#0:FAIL-t340, e3fb79a3-1f86-42af-a80c-c46d1acdbc29<-a9143d84-6d7f-497d-b770-eb75585db3c7#0:FAIL-t340] and 0 exception(s); e3fb79a3-1f86-42af-a80c-c46d1acdbc29@group-7855C2F36E53:t340, leader=null, voted=e3fb79a3-1f86-42af-a80c-c46d1acdbc29, raftlog=e3fb79a3-1f86-42af-a80c-c46d1acdbc29@group-7855C2F36E53-SegmentedRaftLog:OPENED:c-1,f-1,i0, conf=-1: [e3fb79a3-1f86-42af-a80c-c46d1acdbc29:192.168.157.194:44142, 81ff859e-e76f-43f5-951a-4a38422068cb:192.168.157.194:46532, a9143d84-6d7f-497d-b770-eb75585db3c7:192.168.157.194:42126], old=null
2019-11-04 16:02:43,337 [e3fb79a3-1f86-42af-a80c-c46d1acdbc29@group-7855C2F36E53-LeaderElection311] INFO  impl.RaftServerImpl (RaftServerImpl.java:setRole(184)) - e3fb79a3-1f86-42af-a80c-c46d1acdbc29@group-7855C2F36E53: changes role from CANDIDATE to FOLLOWER at term 340 for DISCOVERED_A_NEW_TERM
2019-11-04 16:02:43,337 [e3fb79a3-1f86-42af-a80c-c46d1acdbc29@group-7855C2F36E53-LeaderElection311] INFO  impl.RoleInfo (RoleInfo.java:shutdownLeaderElection(134)) - e3fb79a3-1f86-42af-a80c-c46d1acdbc29: shutdown LeaderElection
2019-11-04 16:02:43,337 [e3fb79a3-1f86-42af-a80c-c46d1acdbc29@group-7855C2F36E53-LeaderElection311] INFO  impl.RoleInfo (RoleInfo.java:updateAndGet(143)) - e3fb79a3-1f86-42af-a80c-c46d1acdbc29: start FollowerState
2019-11-04 16:02:43,435 [Thread-2299] INFO  impl.FollowerState (FollowerState.java:run(108)) - e3fb79a3-1f86-42af-a80c-c46d1acdbc29@group-7855C2F36E53-FollowerState: change to CANDIDATE, lastRpcTime:98ms, electionTimeout:98ms
2019-11-04 16:02:43,435 [Thread-2299] INFO  impl.RoleInfo (RoleInfo.java:shutdownFollowerState(121)) - e3fb79a3-1f86-42af-a80c-c46d1acdbc29: shutdown FollowerState
2019-11-04 16:02:43,436 [Thread-2299] INFO  impl.RaftServerImpl (RaftServerImpl.java:setRole(184)) - e3fb79a3-1f86-42af-a80c-c46d1acdbc29@group-7855C2F36E53: changes role from  FOLLOWER to CANDIDATE at term 340 for changeToCandidate
2019-11-04 16:02:43,436 [Thread-2299] INFO  impl.RoleInfo (RoleInfo.java:updateAndGet(143)) - e3fb79a3-1f86-42af-a80c-c46d1acdbc29: start LeaderElection
2019-11-04 16:02:43,451 [e3fb79a3-1f86-42af-a80c-c46d1acdbc29@group-7855C2F36E53-LeaderElection312] INFO  impl.LeaderElection (LeaderElection.java:askForVotes(178)) - e3fb79a3-1f86-42af-a80c-c46d1acdbc29@group-7855C2F36E53-LeaderElection312: begin an election at term 341 for -1: [e3fb79a3-1f86-42af-a80c-c46d1acdbc29:192.168.157.194:44142, 81ff859e-e76f-43f5-951a-4a38422068cb:192.168.157.194:46532, a9143d84-6d7f-497d-b770-eb75585db3c7:192.168.157.194:42126], old=null
2019-11-04 16:02:43,452 [grpc-default-executor-5] INFO  impl.RaftServerImpl (RaftServerImpl.java:setRole(184)) - 81ff859e-e76f-43f5-951a-4a38422068cb@group-7855C2F36E53: changes role from  FOLLOWER to FOLLOWER at term 341 for recognizeCandidate:e3fb79a3-1f86-42af-a80c-c46d1acdbc29
2019-11-04 16:02:43,452 [grpc-default-executor-1] INFO  impl.RaftServerImpl (RaftServerImpl.java:setRole(184)) - a9143d84-6d7f-497d-b770-eb75585db3c7@group-7855C2F36E53: changes role from  FOLLOWER to FOLLOWER at term 341 for recognizeCandidate:e3fb79a3-1f86-42af-a80c-c46d1acdbc29
2019-11-04 16:02:43,453 [grpc-default-executor-1] INFO  impl.RoleInfo (RoleInfo.java:shutdownFollowerState(121)) - a9143d84-6d7f-497d-b770-eb75585db3c7: shutdown FollowerState
2019-11-04 16:02:43,452 [grpc-default-executor-5] INFO  impl.RoleInfo (RoleInfo.java:shutdownFollowerState(121)) - 81ff859e-e76f-43f5-951a-4a38422068cb: shutdown FollowerState
2019-11-04 16:02:43,453 [Thread-2297] INFO  impl.FollowerState (FollowerState.java:run(117)) - a9143d84-6d7f-497d-b770-eb75585db3c7@group-7855C2F36E53-FollowerState was interrupted: java.lang.InterruptedException: sleep interrupted
2019-11-04 16:02:43,453 [grpc-default-executor-1] INFO  impl.RoleInfo (RoleInfo.java:updateAndGet(143)) - a9143d84-6d7f-497d-b770-eb75585db3c7: start FollowerState
2019-11-04 16:02:43,453 [Thread-2298] INFO  impl.FollowerState (FollowerState.java:run(117)) - 81ff859e-e76f-43f5-951a-4a38422068cb@group-7855C2F36E53-FollowerState was interrupted: java.lang.InterruptedException: sleep interrupted
2019-11-04 16:02:43,453 [grpc-default-executor-5] INFO  impl.RoleInfo (RoleInfo.java:updateAndGet(143)) - 81ff859e-e76f-43f5-951a-4a38422068cb: start FollowerState
2019-11-04 16:02:43,480 [e3fb79a3-1f86-42af-a80c-c46d1acdbc29@group-7855C2F36E53-LeaderElection312] INFO  impl.LeaderElection (LeaderElection.java:logAndReturn(56)) - e3fb79a3-1f86-42af-a80c-c46d1acdbc29@group-7855C2F36E53-LeaderElection312: Election REJECTED; received 2 response(s) [e3fb79a3-1f86-42af-a80c-c46d1acdbc29<-81ff859e-e76f-43f5-951a-4a38422068cb#0:FAIL-t341, e3fb79a3-1f86-42af-a80c-c46d1acdbc29<-a9143d84-6d7f-497d-b770-eb75585db3c7#0:FAIL-t341] and 0 exception(s); e3fb79a3-1f86-42af-a80c-c46d1acdbc29@group-7855C2F36E53:t341, leader=null, voted=e3fb79a3-1f86-42af-a80c-c46d1acdbc29, raftlog=e3fb79a3-1f86-42af-a80c-c46d1acdbc29@group-7855C2F36E53-SegmentedRaftLog:OPENED:c-1,f-1,i0, conf=-1: [e3fb79a3-1f86-42af-a80c-c46d1acdbc29:192.168.157.194:44142, 81ff859e-e76f-43f5-951a-4a38422068cb:192.168.157.194:46532, a9143d84-6d7f-497d-b770-eb75585db3c7:192.168.157.194:42126], old=null
2019-11-04 16:02:43,480 [e3fb79a3-1f86-42af-a80c-c46d1acdbc29@group-7855C2F36E53-LeaderElection312] INFO  impl.RaftServerImpl (RaftServerImpl.java:setRole(184)) - e3fb79a3-1f86-42af-a80c-c46d1acdbc29@group-7855C2F36E53: changes role from CANDIDATE to FOLLOWER at term 341 for DISCOVERED_A_NEW_TERM
2019-11-04 16:02:43,480 [e3fb79a3-1f86-42af-a80c-c46d1acdbc29@group-7855C2F36E53-LeaderElection312] INFO  impl.RoleInfo (RoleInfo.java:shutdownLeaderElection(134)) - e3fb79a3-1f86-42af-a80c-c46d1acdbc29: shutdown LeaderElection
2019-11-04 16:02:43,481 [e3fb79a3-1f86-42af-a80c-c46d1acdbc29@group-7855C2F36E53-LeaderElection312] INFO  impl.RoleInfo (RoleInfo.java:updateAndGet(143)) - e3fb79a3-1f86-42af-a80c-c46d1acdbc29: start FollowerState
2019-11-04 16:02:43,497 [Thread-2307] INFO  impl.FollowerState (FollowerState.java:run(108)) - e3fb79a3-1f86-42af-a80c-c46d1acdbc29@group-7855C2F36E53-FollowerState: change to CANDIDATE, lastRpcTime:16ms, electionTimeout:16ms
2019-11-04 16:02:43,497 [Thread-2307] INFO  impl.RoleInfo (RoleInfo.java:shutdownFollowerState(121)) - e3fb79a3-1f86-42af-a80c-c46d1acdbc29: shutdown FollowerState
2019-11-04 16:02:43,497 [Thread-2307] INFO  impl.RaftServerImpl (RaftServerImpl.java:setRole(184)) - e3fb79a3-1f86-42af-a80c-c46d1acdbc29@group-7855C2F36E53: changes role from  FOLLOWER to CANDIDATE at term 341 for changeToCandidate
2019-11-04 16:02:43,497 [Thread-2307] INFO  impl.RoleInfo (RoleInfo.java:updateAndGet(143)) - e3fb79a3-1f86-42af-a80c-c46d1acdbc29: start LeaderElection
2019-11-04 16:02:43,511 [e3fb79a3-1f86-42af-a80c-c46d1acdbc29@group-7855C2F36E53-LeaderElection313] INFO  impl.LeaderElection (LeaderElection.java:askForVotes(178)) - e3fb79a3-1f86-42af-a80c-c46d1acdbc29@group-7855C2F36E53-LeaderElection313: begin an election at term 342 for -1: [e3fb79a3-1f86-42af-a80c-c46d1acdbc29:192.168.157.194:44142, 81ff859e-e76f-43f5-951a-4a38422068cb:192.168.157.194:46532, a9143d84-6d7f-497d-b770-eb75585db3c7:192.168.157.194:42126], old=null
2019-11-04 16:02:43,512 [grpc-default-executor-5] INFO  impl.RaftServerImpl (RaftServerImpl.java:setRole(184)) - 81ff859e-e76f-43f5-951a-4a38422068cb@group-7855C2F36E53: changes role from  FOLLOWER to FOLLOWER at term 342 for recognizeCandidate:e3fb79a3-1f86-42af-a80c-c46d1acdbc29
2019-11-04 16:02:43,512 [grpc-default-executor-5] INFO  impl.RoleInfo (RoleInfo.java:shutdownFollowerState(121)) - 81ff859e-e76f-43f5-951a-4a38422068cb: shutdown FollowerState
2019-11-04 16:02:43,513 [grpc-default-executor-5] INFO  impl.RoleInfo (RoleInfo.java:updateAndGet(143)) - 81ff859e-e76f-43f5-951a-4a38422068cb: start FollowerState
2019-11-04 16:02:43,513 [Thread-2306] INFO  impl.FollowerState (FollowerState.java:run(117)) - 81ff859e-e76f-43f5-951a-4a38422068cb@group-7855C2F36E53-FollowerState was interrupted: java.lang.InterruptedException: sleep interrupted
2019-11-04 16:02:43,513 [grpc-default-executor-1] INFO  impl.RaftServerImpl (RaftServerImpl.java:setRole(184)) - a9143d84-6d7f-497d-b770-eb75585db3c7@group-7855C2F36E53: changes role from  FOLLOWER to FOLLOWER at term 342 for recognizeCandidate:e3fb79a3-1f86-42af-a80c-c46d1acdbc29
2019-11-04 16:02:43,513 [grpc-default-executor-1] INFO  impl.RoleInfo (RoleInfo.java:shutdownFollowerState(121)) - a9143d84-6d7f-497d-b770-eb75585db3c7: shutdown FollowerState
2019-11-04 16:02:43,513 [grpc-default-executor-1] INFO  impl.RoleInfo (RoleInfo.java:updateAndGet(143)) - a9143d84-6d7f-497d-b770-eb75585db3c7: start FollowerState
2019-11-04 16:02:43,513 [Thread-2305] INFO  impl.FollowerState (FollowerState.java:run(117)) - a9143d84-6d7f-497d-b770-eb75585db3c7@group-7855C2F36E53-FollowerState was interrupted: java.lang.InterruptedException: sleep interrupted
2019-11-04 16:02:43,527 [e3fb79a3-1f86-42af-a80c-c46d1acdbc29@group-7855C2F36E53-LeaderElection313] INFO  impl.LeaderElection (LeaderElection.java:logAndReturn(56)) - e3fb79a3-1f86-42af-a80c-c46d1acdbc29@group-7855C2F36E53-LeaderElection313: Election REJECTED; received 2 response(s) [e3fb79a3-1f86-42af-a80c-c46d1acdbc29<-81ff859e-e76f-43f5-951a-4a38422068cb#0:FAIL-t342, e3fb79a3-1f86-42af-a80c-c46d1acdbc29<-a9143d84-6d7f-497d-b770-eb75585db3c7#0:FAIL-t342] and 0 exception(s); e3fb79a3-1f86-42af-a80c-c46d1acdbc29@group-7855C2F36E53:t342, leader=null, voted=e3fb79a3-1f86-42af-a80c-c46d1acdbc29, raftlog=e3fb79a3-1f86-42af-a80c-c46d1acdbc29@group-7855C2F36E53-SegmentedRaftLog:OPENED:c-1,f-1,i0, conf=-1: [e3fb79a3-1f86-42af-a80c-c46d1acdbc29:192.168.157.194:44142, 81ff859e-e76f-43f5-951a-4a38422068cb:192.168.157.194:46532, a9143d84-6d7f-497d-b770-eb75585db3c7:192.168.157.194:42126], old=null
2019-11-04 16:02:43,527 [e3fb79a3-1f86-42af-a80c-c46d1acdbc29@group-7855C2F36E53-LeaderElection313] INFO  impl.RaftServerImpl (RaftServerImpl.java:setRole(184)) - e3fb79a3-1f86-42af-a80c-c46d1acdbc29@group-7855C2F36E53: changes role from CANDIDATE to FOLLOWER at term 342 for DISCOVERED_A_NEW_TERM
2019-11-04 16:02:43,528 [e3fb79a3-1f86-42af-a80c-c46d1acdbc29@group-7855C2F36E53-LeaderElection313] INFO  impl.RoleInfo (RoleInfo.java:shutdownLeaderElection(134)) - e3fb79a3-1f86-42af-a80c-c46d1acdbc29: shutdown LeaderElection
2019-11-04 16:02:43,528 [e3fb79a3-1f86-42af-a80c-c46d1acdbc29@group-7855C2F36E53-LeaderElection313] INFO  impl.RoleInfo (RoleInfo.java:updateAndGet(143)) - e3fb79a3-1f86-42af-a80c-c46d1acdbc29: start FollowerState
2019-11-04 16:02:43,598 [Thread-2313] INFO  impl.FollowerState (FollowerState.java:run(108)) - e3fb79a3-1f86-42af-a80c-c46d1acdbc29@group-7855C2F36E53-FollowerState: change to CANDIDATE, lastRpcTime:70ms, electionTimeout:70ms
2019-11-04 16:02:43,598 [Thread-2313] INFO  impl.RoleInfo (RoleInfo.java:shutdownFollowerState(121)) - e3fb79a3-1f86-42af-a80c-c46d1acdbc29: shutdown FollowerState
2019-11-04 16:02:43,598 [Thread-2313] INFO  impl.RaftServerImpl (RaftServerImpl.java:setRole(184)) - e3fb79a3-1f86-42af-a80c-c46d1acdbc29@group-7855C2F36E53: changes role from  FOLLOWER to CANDIDATE at term 342 for changeToCandidate
2019-11-04 16:02:43,598 [Thread-2313] INFO  impl.RoleInfo (RoleInfo.java:updateAndGet(143)) - e3fb79a3-1f86-42af-a80c-c46d1acdbc29: start LeaderElection
2019-11-04 16:02:43,612 [e3fb79a3-1f86-42af-a80c-c46d1acdbc29@group-7855C2F36E53-LeaderElection314] INFO  impl.LeaderElection (LeaderElection.java:askForVotes(178)) - e3fb79a3-1f86-42af-a80c-c46d1acdbc29@group-7855C2F36E53-LeaderElection314: begin an election at term 343 for -1: [e3fb79a3-1f86-42af-a80c-c46d1acdbc29:192.168.157.194:44142, 81ff859e-e76f-43f5-951a-4a38422068cb:192.168.157.194:46532, a9143d84-6d7f-497d-b770-eb75585db3c7:192.168.157.194:42126], old=null
2019-11-04 16:02:43,614 [grpc-default-executor-1] INFO  impl.RaftServerImpl (RaftServerImpl.java:setRole(184)) - a9143d84-6d7f-497d-b770-eb75585db3c7@group-7855C2F36E53: changes role from  FOLLOWER to FOLLOWER at term 343 for recognizeCandidate:e3fb79a3-1f86-42af-a80c-c46d1acdbc29
2019-11-04 16:02:43,614 [grpc-default-executor-1] INFO  impl.RoleInfo (RoleInfo.java:shutdownFollowerState(121)) - a9143d84-6d7f-497d-b770-eb75585db3c7: shutdown FollowerState
2019-11-04 16:02:43,614 [grpc-default-executor-1] INFO  impl.RoleInfo (RoleInfo.java:updateAndGet(143)) - a9143d84-6d7f-497d-b770-eb75585db3c7: start FollowerState
2019-11-04 16:02:43,614 [Thread-2312] INFO  impl.FollowerState (FollowerState.java:run(117)) - a9143d84-6d7f-497d-b770-eb75585db3c7@group-7855C2F36E53-FollowerState was interrupted: java.lang.InterruptedException: sleep interrupted
2019-11-04 16:02:43,616 [grpc-default-executor-5] INFO  impl.RaftServerImpl (RaftServerImpl.java:setRole(184)) - 81ff859e-e76f-43f5-951a-4a38422068cb@group-7855C2F36E53: changes role from  FOLLOWER to FOLLOWER at term 343 for recognizeCandidate:e3fb79a3-1f86-42af-a80c-c46d1acdbc29
2019-11-04 16:02:43,616 [grpc-default-executor-5] INFO  impl.RoleInfo (RoleInfo.java:shutdownFollowerState(121)) - 81ff859e-e76f-43f5-951a-4a38422068cb: shutdown FollowerState
2019-11-04 16:02:43,616 [grpc-default-executor-5] INFO  impl.RoleInfo (RoleInfo.java:updateAndGet(143)) - 81ff859e-e76f-43f5-951a-4a38422068cb: start FollowerState
2019-11-04 16:02:43,616 [Thread-2311] INFO  impl.FollowerState (FollowerState.java:run(117)) - 81ff859e-e76f-43f5-951a-4a38422068cb@group-7855C2F36E53-FollowerState was interrupted: java.lang.InterruptedException: sleep interrupted
2019-11-04 16:02:43,639 [e3fb79a3-1f86-42af-a80c-c46d1acdbc29@group-7855C2F36E53-LeaderElection314] INFO  impl.LeaderElection (LeaderElection.java:logAndReturn(56)) - e3fb79a3-1f86-42af-a80c-c46d1acdbc29@group-7855C2F36E53-LeaderElection314: Election REJECTED; received 2 response(s) [e3fb79a3-1f86-42af-a80c-c46d1acdbc29<-81ff859e-e76f-43f5-951a-4a38422068cb#0:FAIL-t343, e3fb79a3-1f86-42af-a80c-c46d1acdbc29<-a9143d84-6d7f-497d-b770-eb75585db3c7#0:FAIL-t343] and 0 exception(s); e3fb79a3-1f86-42af-a80c-c46d1acdbc29@group-7855C2F36E53:t343, leader=null, voted=e3fb79a3-1f86-42af-a80c-c46d1acdbc29, raftlog=e3fb79a3-1f86-42af-a80c-c46d1acdbc29@group-7855C2F36E53-SegmentedRaftLog:OPENED:c-1,f-1,i0, conf=-1: [e3fb79a3-1f86-42af-a80c-c46d1acdbc29:192.168.157.194:44142, 81ff859e-e76f-43f5-951a-4a38422068cb:192.168.157.194:46532, a9143d84-6d7f-497d-b770-eb75585db3c7:192.168.157.194:42126], old=null
2019-11-04 16:02:43,639 [e3fb79a3-1f86-42af-a80c-c46d1acdbc29@group-7855C2F36E53-LeaderElection314] INFO  impl.RaftServerImpl (RaftServerImpl.java:setRole(184)) - e3fb79a3-1f86-42af-a80c-c46d1acdbc29@group-7855C2F36E53: changes role from CANDIDATE to FOLLOWER at term 343 for DISCOVERED_A_NEW_TERM
2019-11-04 16:02:43,639 [e3fb79a3-1f86-42af-a80c-c46d1acdbc29@group-7855C2F36E53-LeaderElection314] INFO  impl.RoleInfo (RoleInfo.java:shutdownLeaderElection(134)) - e3fb79a3-1f86-42af-a80c-c46d1acdbc29: shutdown LeaderElection
2019-11-04 16:02:43,639 [e3fb79a3-1f86-42af-a80c-c46d1acdbc29@group-7855C2F36E53-LeaderElection314] INFO  impl.RoleInfo (RoleInfo.java:updateAndGet(143)) - e3fb79a3-1f86-42af-a80c-c46d1acdbc29: start FollowerState
2019-11-04 16:02:43,742 [Thread-2319] INFO  impl.FollowerState (FollowerState.java:run(108)) - e3fb79a3-1f86-42af-a80c-c46d1acdbc29@group-7855C2F36E53-FollowerState: change to CANDIDATE, lastRpcTime:102ms, electionTimeout:102ms
2019-11-04 16:02:43,742 [Thread-2319] INFO  impl.RoleInfo (RoleInfo.java:shutdownFollowerState(121)) - e3fb79a3-1f86-42af-a80c-c46d1acdbc29: shutdown FollowerState
2019-11-04 16:02:43,742 [Thread-2319] INFO  impl.RaftServerImpl (RaftServerImpl.java:setRole(184)) - e3fb79a3-1f86-42af-a80c-c46d1acdbc29@group-7855C2F36E53: changes role from  FOLLOWER to CANDIDATE at term 343 for changeToCandidate
2019-11-04 16:02:43,742 [Thread-2319] INFO  impl.RoleInfo (RoleInfo.java:updateAndGet(143)) - e3fb79a3-1f86-42af-a80c-c46d1acdbc29: start LeaderElection
2019-11-04 16:02:43,756 [e3fb79a3-1f86-42af-a80c-c46d1acdbc29@group-7855C2F36E53-LeaderElection315] INFO  impl.LeaderElection (LeaderElection.java:askForVotes(178)) - e3fb79a3-1f86-42af-a80c-c46d1acdbc29@group-7855C2F36E53-LeaderElection315: begin an election at term 344 for -1: [e3fb79a3-1f86-42af-a80c-c46d1acdbc29:192.168.157.194:44142, 81ff859e-e76f-43f5-951a-4a38422068cb:192.168.157.194:46532, a9143d84-6d7f-497d-b770-eb75585db3c7:192.168.157.194:42126], old=null
2019-11-04 16:02:43,758 [grpc-default-executor-1] INFO  impl.RaftServerImpl (RaftServerImpl.java:setRole(184)) - 81ff859e-e76f-43f5-951a-4a38422068cb@group-7855C2F36E53: changes role from  FOLLOWER to FOLLOWER at term 344 for recognizeCandidate:e3fb79a3-1f86-42af-a80c-c46d1acdbc29
2019-11-04 16:02:43,758 [grpc-default-executor-1] INFO  impl.RoleInfo (RoleInfo.java:shutdownFollowerState(121)) - 81ff859e-e76f-43f5-951a-4a38422068cb: shutdown FollowerState
2019-11-04 16:02:43,758 [grpc-default-executor-1] INFO  impl.RoleInfo (RoleInfo.java:updateAndGet(143)) - 81ff859e-e76f-43f5-951a-4a38422068cb: start FollowerState
2019-11-04 16:02:43,758 [Thread-2318] INFO  impl.FollowerState (FollowerState.java:run(117)) - 81ff859e-e76f-43f5-951a-4a38422068cb@group-7855C2F36E53-FollowerState was interrupted: java.lang.InterruptedException: sleep interrupted
2019-11-04 16:02:43,758 [grpc-default-executor-5] INFO  impl.RaftServerImpl (RaftServerImpl.java:setRole(184)) - a9143d84-6d7f-497d-b770-eb75585db3c7@group-7855C2F36E53: changes role from  FOLLOWER to FOLLOWER at term 344 for recognizeCandidate:e3fb79a3-1f86-42af-a80c-c46d1acdbc29
2019-11-04 16:02:43,758 [grpc-default-executor-5] INFO  impl.RoleInfo (RoleInfo.java:shutdownFollowerState(121)) - a9143d84-6d7f-497d-b770-eb75585db3c7: shutdown FollowerState
2019-11-04 16:02:43,759 [Thread-2317] INFO  impl.FollowerState (FollowerState.java:run(117)) - a9143d84-6d7f-497d-b770-eb75585db3c7@group-7855C2F36E53-FollowerState was interrupted: java.lang.InterruptedException: sleep interrupted
2019-11-04 16:02:43,759 [grpc-default-executor-5] INFO  impl.RoleInfo (RoleInfo.java:updateAndGet(143)) - a9143d84-6d7f-497d-b770-eb75585db3c7: start FollowerState
2019-11-04 16:02:43,772 [e3fb79a3-1f86-42af-a80c-c46d1acdbc29@group-7855C2F36E53-LeaderElection315] INFO  impl.LeaderElection (LeaderElection.java:logAndReturn(56)) - e3fb79a3-1f86-42af-a80c-c46d1acdbc29@group-7855C2F36E53-LeaderElection315: Election REJECTED; received 2 response(s) [e3fb79a3-1f86-42af-a80c-c46d1acdbc29<-81ff859e-e76f-43f5-951a-4a38422068cb#0:FAIL-t344, e3fb79a3-1f86-42af-a80c-c46d1acdbc29<-a9143d84-6d7f-497d-b770-eb75585db3c7#0:FAIL-t344] and 0 exception(s); e3fb79a3-1f86-42af-a80c-c46d1acdbc29@group-7855C2F36E53:t344, leader=null, voted=e3fb79a3-1f86-42af-a80c-c46d1acdbc29, raftlog=e3fb79a3-1f86-42af-a80c-c46d1acdbc29@group-7855C2F36E53-SegmentedRaftLog:OPENED:c-1,f-1,i0, conf=-1: [e3fb79a3-1f86-42af-a80c-c46d1acdbc29:192.168.157.194:44142, 81ff859e-e76f-43f5-951a-4a38422068cb:192.168.157.194:46532, a9143d84-6d7f-497d-b770-eb75585db3c7:192.168.157.194:42126], old=null
2019-11-04 16:02:43,772 [e3fb79a3-1f86-42af-a80c-c46d1acdbc29@group-7855C2F36E53-LeaderElection315] INFO  impl.RaftServerImpl (RaftServerImpl.java:setRole(184)) - e3fb79a3-1f86-42af-a80c-c46d1acdbc29@group-7855C2F36E53: changes role from CANDIDATE to FOLLOWER at term 344 for DISCOVERED_A_NEW_TERM
2019-11-04 16:02:43,772 [e3fb79a3-1f86-42af-a80c-c46d1acdbc29@group-7855C2F36E53-LeaderElection315] INFO  impl.RoleInfo (RoleInfo.java:shutdownLeaderElection(134)) - e3fb79a3-1f86-42af-a80c-c46d1acdbc29: shutdown LeaderElection
2019-11-04 16:02:43,772 [e3fb79a3-1f86-42af-a80c-c46d1acdbc29@group-7855C2F36E53-LeaderElection315] INFO  impl.RoleInfo (RoleInfo.java:updateAndGet(143)) - e3fb79a3-1f86-42af-a80c-c46d1acdbc29: start FollowerState
2019-11-04 16:02:43,927 [Thread-2325] INFO  impl.FollowerState (FollowerState.java:run(108)) - e3fb79a3-1f86-42af-a80c-c46d1acdbc29@group-7855C2F36E53-FollowerState: change to CANDIDATE, lastRpcTime:154ms, electionTimeout:154ms
2019-11-04 16:02:43,927 [Thread-2325] INFO  impl.RoleInfo (RoleInfo.java:shutdownFollowerState(121)) - e3fb79a3-1f86-42af-a80c-c46d1acdbc29: shutdown FollowerState
2019-11-04 16:02:43,927 [Thread-2325] INFO  impl.RaftServerImpl (RaftServerImpl.java:setRole(184)) - e3fb79a3-1f86-42af-a80c-c46d1acdbc29@group-7855C2F36E53: changes role from  FOLLOWER to CANDIDATE at term 344 for changeToCandidate
2019-11-04 16:02:43,927 [Thread-2325] INFO  impl.RoleInfo (RoleInfo.java:updateAndGet(143)) - e3fb79a3-1f86-42af-a80c-c46d1acdbc29: start LeaderElection
2019-11-04 16:02:43,941 [e3fb79a3-1f86-42af-a80c-c46d1acdbc29@group-7855C2F36E53-LeaderElection316] INFO  impl.LeaderElection (LeaderElection.java:askForVotes(178)) - e3fb79a3-1f86-42af-a80c-c46d1acdbc29@group-7855C2F36E53-LeaderElection316: begin an election at term 345 for -1: [e3fb79a3-1f86-42af-a80c-c46d1acdbc29:192.168.157.194:44142, 81ff859e-e76f-43f5-951a-4a38422068cb:192.168.157.194:46532, a9143d84-6d7f-497d-b770-eb75585db3c7:192.168.157.194:42126], old=null
2019-11-04 16:02:43,943 [grpc-default-executor-5] INFO  impl.RaftServerImpl (RaftServerImpl.java:setRole(184)) - 81ff859e-e76f-43f5-951a-4a38422068cb@group-7855C2F36E53: changes role from  FOLLOWER to FOLLOWER at term 345 for recognizeCandidate:e3fb79a3-1f86-42af-a80c-c46d1acdbc29
2019-11-04 16:02:43,943 [grpc-default-executor-5] INFO  impl.RoleInfo (RoleInfo.java:shutdownFollowerState(121)) - 81ff859e-e76f-43f5-951a-4a38422068cb: shutdown FollowerState
2019-11-04 16:02:43,943 [grpc-default-executor-1] INFO  impl.RaftServerImpl (RaftServerImpl.java:setRole(184)) - a9143d84-6d7f-497d-b770-eb75585db3c7@group-7855C2F36E53: changes role from  FOLLOWER to FOLLOWER at term 345 for recognizeCandidate:e3fb79a3-1f86-42af-a80c-c46d1acdbc29
2019-11-04 16:02:43,943 [Thread-2323] INFO  impl.FollowerState (FollowerState.java:run(117)) - 81ff859e-e76f-43f5-951a-4a38422068cb@group-7855C2F36E53-FollowerState was interrupted: java.lang.InterruptedException: sleep interrupted
2019-11-04 16:02:43,943 [grpc-default-executor-5] INFO  impl.RoleInfo (RoleInfo.java:updateAndGet(143)) - 81ff859e-e76f-43f5-951a-4a38422068cb: start FollowerState
2019-11-04 16:02:43,943 [grpc-default-executor-1] INFO  impl.RoleInfo (RoleInfo.java:shutdownFollowerState(121)) - a9143d84-6d7f-497d-b770-eb75585db3c7: shutdown FollowerState
2019-11-04 16:02:43,943 [grpc-default-executor-1] INFO  impl.RoleInfo (RoleInfo.java:updateAndGet(143)) - a9143d84-6d7f-497d-b770-eb75585db3c7: start FollowerState
2019-11-04 16:02:43,943 [Thread-2324] INFO  impl.FollowerState (FollowerState.java:run(117)) - a9143d84-6d7f-497d-b770-eb75585db3c7@group-7855C2F36E53-FollowerState was interrupted: java.lang.InterruptedException: sleep interrupted
2019-11-04 16:02:43,976 [e3fb79a3-1f86-42af-a80c-c46d1acdbc29@group-7855C2F36E53-LeaderElection316] INFO  impl.LeaderElection (LeaderElection.java:logAndReturn(56)) - e3fb79a3-1f86-42af-a80c-c46d1acdbc29@group-7855C2F36E53-LeaderElection316: Election REJECTED; received 2 response(s) [e3fb79a3-1f86-42af-a80c-c46d1acdbc29<-81ff859e-e76f-43f5-951a-4a38422068cb#0:FAIL-t345, e3fb79a3-1f86-42af-a80c-c46d1acdbc29<-a9143d84-6d7f-497d-b770-eb75585db3c7#0:FAIL-t345] and 0 exception(s); e3fb79a3-1f86-42af-a80c-c46d1acdbc29@group-7855C2F36E53:t345, leader=null, voted=e3fb79a3-1f86-42af-a80c-c46d1acdbc29, raftlog=e3fb79a3-1f86-42af-a80c-c46d1acdbc29@group-7855C2F36E53-SegmentedRaftLog:OPENED:c-1,f-1,i0, conf=-1: [e3fb79a3-1f86-42af-a80c-c46d1acdbc29:192.168.157.194:44142, 81ff859e-e76f-43f5-951a-4a38422068cb:192.168.157.194:46532, a9143d84-6d7f-497d-b770-eb75585db3c7:192.168.157.194:42126], old=null
2019-11-04 16:02:43,976 [e3fb79a3-1f86-42af-a80c-c46d1acdbc29@group-7855C2F36E53-LeaderElection316] INFO  impl.RaftServerImpl (RaftServerImpl.java:setRole(184)) - e3fb79a3-1f86-42af-a80c-c46d1acdbc29@group-7855C2F36E53: changes role from CANDIDATE to FOLLOWER at term 345 for DISCOVERED_A_NEW_TERM
2019-11-04 16:02:43,977 [e3fb79a3-1f86-42af-a80c-c46d1acdbc29@group-7855C2F36E53-LeaderElection316] INFO  impl.RoleInfo (RoleInfo.java:shutdownLeaderElection(134)) - e3fb79a3-1f86-42af-a80c-c46d1acdbc29: shutdown LeaderElection
2019-11-04 16:02:43,977 [e3fb79a3-1f86-42af-a80c-c46d1acdbc29@group-7855C2F36E53-LeaderElection316] INFO  impl.RoleInfo (RoleInfo.java:updateAndGet(143)) - e3fb79a3-1f86-42af-a80c-c46d1acdbc29: start FollowerState
2019-11-04 16:02:44,139 [Thread-2331] INFO  impl.FollowerState (FollowerState.java:run(108)) - e3fb79a3-1f86-42af-a80c-c46d1acdbc29@group-7855C2F36E53-FollowerState: change to CANDIDATE, lastRpcTime:162ms, electionTimeout:162ms
2019-11-04 16:02:44,139 [Thread-2331] INFO  impl.RoleInfo (RoleInfo.java:shutdownFollowerState(121)) - e3fb79a3-1f86-42af-a80c-c46d1acdbc29: shutdown FollowerState
2019-11-04 16:02:44,139 [Thread-2331] INFO  impl.RaftServerImpl (RaftServerImpl.java:setRole(184)) - e3fb79a3-1f86-42af-a80c-c46d1acdbc29@group-7855C2F36E53: changes role from  FOLLOWER to CANDIDATE at term 345 for changeToCandidate
2019-11-04 16:02:44,140 [Thread-2331] INFO  impl.RoleInfo (RoleInfo.java:updateAndGet(143)) - e3fb79a3-1f86-42af-a80c-c46d1acdbc29: start LeaderElection
2019-11-04 16:02:44,153 [e3fb79a3-1f86-42af-a80c-c46d1acdbc29@group-7855C2F36E53-LeaderElection317] INFO  impl.LeaderElection (LeaderElection.java:askForVotes(178)) - e3fb79a3-1f86-42af-a80c-c46d1acdbc29@group-7855C2F36E53-LeaderElection317: begin an election at term 346 for -1: [e3fb79a3-1f86-42af-a80c-c46d1acdbc29:192.168.157.194:44142, 81ff859e-e76f-43f5-951a-4a38422068cb:192.168.157.194:46532, a9143d84-6d7f-497d-b770-eb75585db3c7:192.168.157.194:42126], old=null
2019-11-04 16:02:44,155 [grpc-default-executor-1] INFO  impl.RaftServerImpl (RaftServerImpl.java:setRole(184)) - 81ff859e-e76f-43f5-951a-4a38422068cb@group-7855C2F36E53: changes role from  FOLLOWER to FOLLOWER at term 346 for recognizeCandidate:e3fb79a3-1f86-42af-a80c-c46d1acdbc29
2019-11-04 16:02:44,155 [grpc-default-executor-5] INFO  impl.RaftServerImpl (RaftServerImpl.java:setRole(184)) - a9143d84-6d7f-497d-b770-eb75585db3c7@group-7855C2F36E53: changes role from  FOLLOWER to FOLLOWER at term 346 for recognizeCandidate:e3fb79a3-1f86-42af-a80c-c46d1acdbc29
2019-11-04 16:02:44,155 [grpc-default-executor-1] INFO  impl.RoleInfo (RoleInfo.java:shutdownFollowerState(121)) - 81ff859e-e76f-43f5-951a-4a38422068cb: shutdown FollowerState
2019-11-04 16:02:44,155 [grpc-default-executor-5] INFO  impl.RoleInfo (RoleInfo.java:shutdownFollowerState(121)) - a9143d84-6d7f-497d-b770-eb75585db3c7: shutdown FollowerState
2019-11-04 16:02:44,156 [Thread-2329] INFO  impl.FollowerState (FollowerState.java:run(117)) - 81ff859e-e76f-43f5-951a-4a38422068cb@group-7855C2F36E53-FollowerState was interrupted: java.lang.InterruptedException: sleep interrupted
2019-11-04 16:02:44,156 [grpc-default-executor-1] INFO  impl.RoleInfo (RoleInfo.java:updateAndGet(143)) - 81ff859e-e76f-43f5-951a-4a38422068cb: start FollowerState
2019-11-04 16:02:44,156 [Thread-2330] INFO  impl.FollowerState (FollowerState.java:run(117)) - a9143d84-6d7f-497d-b770-eb75585db3c7@group-7855C2F36E53-FollowerState was interrupted: java.lang.InterruptedException: sleep interrupted
2019-11-04 16:02:44,156 [grpc-default-executor-5] INFO  impl.RoleInfo (RoleInfo.java:updateAndGet(143)) - a9143d84-6d7f-497d-b770-eb75585db3c7: start FollowerState
2019-11-04 16:02:44,172 [e3fb79a3-1f86-42af-a80c-c46d1acdbc29@group-7855C2F36E53-LeaderElection317] INFO  impl.LeaderElection (LeaderElection.java:logAndReturn(56)) - e3fb79a3-1f86-42af-a80c-c46d1acdbc29@group-7855C2F36E53-LeaderElection317: Election REJECTED; received 2 response(s) [e3fb79a3-1f86-42af-a80c-c46d1acdbc29<-81ff859e-e76f-43f5-951a-4a38422068cb#0:FAIL-t346, e3fb79a3-1f86-42af-a80c-c46d1acdbc29<-a9143d84-6d7f-497d-b770-eb75585db3c7#0:FAIL-t346] and 0 exception(s); e3fb79a3-1f86-42af-a80c-c46d1acdbc29@group-7855C2F36E53:t346, leader=null, voted=e3fb79a3-1f86-42af-a80c-c46d1acdbc29, raftlog=e3fb79a3-1f86-42af-a80c-c46d1acdbc29@group-7855C2F36E53-SegmentedRaftLog:OPENED:c-1,f-1,i0, conf=-1: [e3fb79a3-1f86-42af-a80c-c46d1acdbc29:192.168.157.194:44142, 81ff859e-e76f-43f5-951a-4a38422068cb:192.168.157.194:46532, a9143d84-6d7f-497d-b770-eb75585db3c7:192.168.157.194:42126], old=null
2019-11-04 16:02:44,172 [e3fb79a3-1f86-42af-a80c-c46d1acdbc29@group-7855C2F36E53-LeaderElection317] INFO  impl.RaftServerImpl (RaftServerImpl.java:setRole(184)) - e3fb79a3-1f86-42af-a80c-c46d1acdbc29@group-7855C2F36E53: changes role from CANDIDATE to FOLLOWER at term 346 for DISCOVERED_A_NEW_TERM
2019-11-04 16:02:44,172 [e3fb79a3-1f86-42af-a80c-c46d1acdbc29@group-7855C2F36E53-LeaderElection317] INFO  impl.RoleInfo (RoleInfo.java:shutdownLeaderElection(134)) - e3fb79a3-1f86-42af-a80c-c46d1acdbc29: shutdown LeaderElection
2019-11-04 16:02:44,172 [e3fb79a3-1f86-42af-a80c-c46d1acdbc29@group-7855C2F36E53-LeaderElection317] INFO  impl.RoleInfo (RoleInfo.java:updateAndGet(143)) - e3fb79a3-1f86-42af-a80c-c46d1acdbc29: start FollowerState
2019-11-04 16:02:44,238 [Thread-2337] INFO  impl.FollowerState (FollowerState.java:run(108)) - e3fb79a3-1f86-42af-a80c-c46d1acdbc29@group-7855C2F36E53-FollowerState: change to CANDIDATE, lastRpcTime:66ms, electionTimeout:66ms
2019-11-04 16:02:44,238 [Thread-2337] INFO  impl.RoleInfo (RoleInfo.java:shutdownFollowerState(121)) - e3fb79a3-1f86-42af-a80c-c46d1acdbc29: shutdown FollowerState
2019-11-04 16:02:44,239 [Thread-2337] INFO  impl.RaftServerImpl (RaftServerImpl.java:setRole(184)) - e3fb79a3-1f86-42af-a80c-c46d1acdbc29@group-7855C2F36E53: changes role from  FOLLOWER to CANDIDATE at term 346 for changeToCandidate
2019-11-04 16:02:44,239 [Thread-2337] INFO  impl.RoleInfo (RoleInfo.java:updateAndGet(143)) - e3fb79a3-1f86-42af-a80c-c46d1acdbc29: start LeaderElection
2019-11-04 16:02:44,253 [e3fb79a3-1f86-42af-a80c-c46d1acdbc29@group-7855C2F36E53-LeaderElection318] INFO  impl.LeaderElection (LeaderElection.java:askForVotes(178)) - e3fb79a3-1f86-42af-a80c-c46d1acdbc29@group-7855C2F36E53-LeaderElection318: begin an election at term 347 for -1: [e3fb79a3-1f86-42af-a80c-c46d1acdbc29:192.168.157.194:44142, 81ff859e-e76f-43f5-951a-4a38422068cb:192.168.157.194:46532, a9143d84-6d7f-497d-b770-eb75585db3c7:192.168.157.194:42126], old=null
2019-11-04 16:02:44,255 [grpc-default-executor-1] INFO  impl.RaftServerImpl (RaftServerImpl.java:setRole(184)) - 81ff859e-e76f-43f5-951a-4a38422068cb@group-7855C2F36E53: changes role from  FOLLOWER to FOLLOWER at term 347 for recognizeCandidate:e3fb79a3-1f86-42af-a80c-c46d1acdbc29
2019-11-04 16:02:44,255 [grpc-default-executor-5] INFO  impl.RaftServerImpl (RaftServerImpl.java:setRole(184)) - a9143d84-6d7f-497d-b770-eb75585db3c7@group-7855C2F36E53: changes role from  FOLLOWER to FOLLOWER at term 347 for recognizeCandidate:e3fb79a3-1f86-42af-a80c-c46d1acdbc29
2019-11-04 16:02:44,255 [grpc-default-executor-1] INFO  impl.RoleInfo (RoleInfo.java:shutdownFollowerState(121)) - 81ff859e-e76f-43f5-951a-4a38422068cb: shutdown FollowerState
2019-11-04 16:02:44,255 [grpc-default-executor-5] INFO  impl.RoleInfo (RoleInfo.java:shutdownFollowerState(121)) - a9143d84-6d7f-497d-b770-eb75585db3c7: shutdown FollowerState
2019-11-04 16:02:44,255 [Thread-2335] INFO  impl.FollowerState (FollowerState.java:run(117)) - 81ff859e-e76f-43f5-951a-4a38422068cb@group-7855C2F36E53-FollowerState was interrupted: java.lang.InterruptedException: sleep interrupted
2019-11-04 16:02:44,255 [grpc-default-executor-1] INFO  impl.RoleInfo (RoleInfo.java:updateAndGet(143)) - 81ff859e-e76f-43f5-951a-4a38422068cb: start FollowerState
2019-11-04 16:02:44,256 [Thread-2336] INFO  impl.FollowerState (FollowerState.java:run(117)) - a9143d84-6d7f-497d-b770-eb75585db3c7@group-7855C2F36E53-FollowerState was interrupted: java.lang.InterruptedException: sleep interrupted
2019-11-04 16:02:44,256 [grpc-default-executor-5] INFO  impl.RoleInfo (RoleInfo.java:updateAndGet(143)) - a9143d84-6d7f-497d-b770-eb75585db3c7: start FollowerState
2019-11-04 16:02:44,286 [e3fb79a3-1f86-42af-a80c-c46d1acdbc29@group-7855C2F36E53-LeaderElection318] INFO  impl.LeaderElection (LeaderElection.java:logAndReturn(56)) - e3fb79a3-1f86-42af-a80c-c46d1acdbc29@group-7855C2F36E53-LeaderElection318: Election REJECTED; received 2 response(s) [e3fb79a3-1f86-42af-a80c-c46d1acdbc29<-81ff859e-e76f-43f5-951a-4a38422068cb#0:FAIL-t347, e3fb79a3-1f86-42af-a80c-c46d1acdbc29<-a9143d84-6d7f-497d-b770-eb75585db3c7#0:FAIL-t347] and 0 exception(s); e3fb79a3-1f86-42af-a80c-c46d1acdbc29@group-7855C2F36E53:t347, leader=null, voted=e3fb79a3-1f86-42af-a80c-c46d1acdbc29, raftlog=e3fb79a3-1f86-42af-a80c-c46d1acdbc29@group-7855C2F36E53-SegmentedRaftLog:OPENED:c-1,f-1,i0, conf=-1: [e3fb79a3-1f86-42af-a80c-c46d1acdbc29:192.168.157.194:44142, 81ff859e-e76f-43f5-951a-4a38422068cb:192.168.157.194:46532, a9143d84-6d7f-497d-b770-eb75585db3c7:192.168.157.194:42126], old=null
2019-11-04 16:02:44,286 [e3fb79a3-1f86-42af-a80c-c46d1acdbc29@group-7855C2F36E53-LeaderElection318] INFO  impl.RaftServerImpl (RaftServerImpl.java:setRole(184)) - e3fb79a3-1f86-42af-a80c-c46d1acdbc29@group-7855C2F36E53: changes role from CANDIDATE to FOLLOWER at term 347 for DISCOVERED_A_NEW_TERM
2019-11-04 16:02:44,286 [e3fb79a3-1f86-42af-a80c-c46d1acdbc29@group-7855C2F36E53-LeaderElection318] INFO  impl.RoleInfo (RoleInfo.java:shutdownLeaderElection(134)) - e3fb79a3-1f86-42af-a80c-c46d1acdbc29: shutdown LeaderElection
2019-11-04 16:02:44,286 [e3fb79a3-1f86-42af-a80c-c46d1acdbc29@group-7855C2F36E53-LeaderElection318] INFO  impl.RoleInfo (RoleInfo.java:updateAndGet(143)) - e3fb79a3-1f86-42af-a80c-c46d1acdbc29: start FollowerState
2019-11-04 16:02:44,293 [Thread-2343] INFO  impl.FollowerState (FollowerState.java:run(108)) - e3fb79a3-1f86-42af-a80c-c46d1acdbc29@group-7855C2F36E53-FollowerState: change to CANDIDATE, lastRpcTime:7ms, electionTimeout:7ms
2019-11-04 16:02:44,294 [Thread-2343] INFO  impl.RoleInfo (RoleInfo.java:shutdownFollowerState(121)) - e3fb79a3-1f86-42af-a80c-c46d1acdbc29: shutdown FollowerState
2019-11-04 16:02:44,294 [Thread-2343] INFO  impl.RaftServerImpl (RaftServerImpl.java:setRole(184)) - e3fb79a3-1f86-42af-a80c-c46d1acdbc29@group-7855C2F36E53: changes role from  FOLLOWER to CANDIDATE at term 347 for changeToCandidate
2019-11-04 16:02:44,294 [Thread-2343] INFO  impl.RoleInfo (RoleInfo.java:updateAndGet(143)) - e3fb79a3-1f86-42af-a80c-c46d1acdbc29: start LeaderElection
2019-11-04 16:02:44,320 [e3fb79a3-1f86-42af-a80c-c46d1acdbc29@group-7855C2F36E53-LeaderElection319] INFO  impl.LeaderElection (LeaderElection.java:askForVotes(178)) - e3fb79a3-1f86-42af-a80c-c46d1acdbc29@group-7855C2F36E53-LeaderElection319: begin an election at term 348 for -1: [e3fb79a3-1f86-42af-a80c-c46d1acdbc29:192.168.157.194:44142, 81ff859e-e76f-43f5-951a-4a38422068cb:192.168.157.194:46532, a9143d84-6d7f-497d-b770-eb75585db3c7:192.168.157.194:42126], old=null
2019-11-04 16:02:44,321 [grpc-default-executor-1] INFO  impl.RaftServerImpl (RaftServerImpl.java:setRole(184)) - 81ff859e-e76f-43f5-951a-4a38422068cb@group-7855C2F36E53: changes role from  FOLLOWER to FOLLOWER at term 348 for recognizeCandidate:e3fb79a3-1f86-42af-a80c-c46d1acdbc29
2019-11-04 16:02:44,322 [grpc-default-executor-5] INFO  impl.RaftServerImpl (RaftServerImpl.java:setRole(184)) - a9143d84-6d7f-497d-b770-eb75585db3c7@group-7855C2F36E53: changes role from  FOLLOWER to FOLLOWER at term 348 for recognizeCandidate:e3fb79a3-1f86-42af-a80c-c46d1acdbc29
2019-11-04 16:02:44,322 [grpc-default-executor-5] INFO  impl.RoleInfo (RoleInfo.java:shutdownFollowerState(121)) - a9143d84-6d7f-497d-b770-eb75585db3c7: shutdown FollowerState
2019-11-04 16:02:44,322 [grpc-default-executor-1] INFO  impl.RoleInfo (RoleInfo.java:shutdownFollowerState(121)) - 81ff859e-e76f-43f5-951a-4a38422068cb: shutdown FollowerState
2019-11-04 16:02:44,322 [Thread-2342] INFO  impl.FollowerState (FollowerState.java:run(117)) - a9143d84-6d7f-497d-b770-eb75585db3c7@group-7855C2F36E53-FollowerState was interrupted: java.lang.InterruptedException: sleep interrupted
2019-11-04 16:02:44,322 [grpc-default-executor-5] INFO  impl.RoleInfo (RoleInfo.java:updateAndGet(143)) - a9143d84-6d7f-497d-b770-eb75585db3c7: start FollowerState
2019-11-04 16:02:44,322 [Thread-2341] INFO  impl.FollowerState (FollowerState.java:run(117)) - 81ff859e-e76f-43f5-951a-4a38422068cb@group-7855C2F36E53-FollowerState was interrupted: java.lang.InterruptedException: sleep interrupted
2019-11-04 16:02:44,322 [grpc-default-executor-1] INFO  impl.RoleInfo (RoleInfo.java:updateAndGet(143)) - 81ff859e-e76f-43f5-951a-4a38422068cb: start FollowerState
2019-11-04 16:02:44,348 [e3fb79a3-1f86-42af-a80c-c46d1acdbc29@group-7855C2F36E53-LeaderElection319] INFO  impl.LeaderElection (LeaderElection.java:logAndReturn(56)) - e3fb79a3-1f86-42af-a80c-c46d1acdbc29@group-7855C2F36E53-LeaderElection319: Election REJECTED; received 2 response(s) [e3fb79a3-1f86-42af-a80c-c46d1acdbc29<-81ff859e-e76f-43f5-951a-4a38422068cb#0:FAIL-t348, e3fb79a3-1f86-42af-a80c-c46d1acdbc29<-a9143d84-6d7f-497d-b770-eb75585db3c7#0:FAIL-t348] and 0 exception(s); e3fb79a3-1f86-42af-a80c-c46d1acdbc29@group-7855C2F36E53:t348, leader=null, voted=e3fb79a3-1f86-42af-a80c-c46d1acdbc29, raftlog=e3fb79a3-1f86-42af-a80c-c46d1acdbc29@group-7855C2F36E53-SegmentedRaftLog:OPENED:c-1,f-1,i0, conf=-1: [e3fb79a3-1f86-42af-a80c-c46d1acdbc29:192.168.157.194:44142, 81ff859e-e76f-43f5-951a-4a38422068cb:192.168.157.194:46532, a9143d84-6d7f-497d-b770-eb75585db3c7:192.168.157.194:42126], old=null
2019-11-04 16:02:44,348 [e3fb79a3-1f86-42af-a80c-c46d1acdbc29@group-7855C2F36E53-LeaderElection319] INFO  impl.RaftServerImpl (RaftServerImpl.java:setRole(184)) - e3fb79a3-1f86-42af-a80c-c46d1acdbc29@group-7855C2F36E53: changes role from CANDIDATE to FOLLOWER at term 348 for DISCOVERED_A_NEW_TERM
2019-11-04 16:02:44,348 [e3fb79a3-1f86-42af-a80c-c46d1acdbc29@group-7855C2F36E53-LeaderElection319] INFO  impl.RoleInfo (RoleInfo.java:shutdownLeaderElection(134)) - e3fb79a3-1f86-42af-a80c-c46d1acdbc29: shutdown LeaderElection
2019-11-04 16:02:44,349 [e3fb79a3-1f86-42af-a80c-c46d1acdbc29@group-7855C2F36E53-LeaderElection319] INFO  impl.RoleInfo (RoleInfo.java:updateAndGet(143)) - e3fb79a3-1f86-42af-a80c-c46d1acdbc29: start FollowerState
2019-11-04 16:02:44,393 [Thread-2349] INFO  impl.FollowerState (FollowerState.java:run(108)) - e3fb79a3-1f86-42af-a80c-c46d1acdbc29@group-7855C2F36E53-FollowerState: change to CANDIDATE, lastRpcTime:44ms, electionTimeout:44ms
2019-11-04 16:02:44,393 [Thread-2349] INFO  impl.RoleInfo (RoleInfo.java:shutdownFollowerState(121)) - e3fb79a3-1f86-42af-a80c-c46d1acdbc29: shutdown FollowerState
2019-11-04 16:02:44,393 [Thread-2349] INFO  impl.RaftServerImpl (RaftServerImpl.java:setRole(184)) - e3fb79a3-1f86-42af-a80c-c46d1acdbc29@group-7855C2F36E53: changes role from  FOLLOWER to CANDIDATE at term 348 for changeToCandidate
2019-11-04 16:02:44,393 [Thread-2349] INFO  impl.RoleInfo (RoleInfo.java:updateAndGet(143)) - e3fb79a3-1f86-42af-a80c-c46d1acdbc29: start LeaderElection
2019-11-04 16:02:44,406 [e3fb79a3-1f86-42af-a80c-c46d1acdbc29@group-7855C2F36E53-LeaderElection320] INFO  impl.LeaderElection (LeaderElection.java:askForVotes(178)) - e3fb79a3-1f86-42af-a80c-c46d1acdbc29@group-7855C2F36E53-LeaderElection320: begin an election at term 349 for -1: [e3fb79a3-1f86-42af-a80c-c46d1acdbc29:192.168.157.194:44142, 81ff859e-e76f-43f5-951a-4a38422068cb:192.168.157.194:46532, a9143d84-6d7f-497d-b770-eb75585db3c7:192.168.157.194:42126], old=null
2019-11-04 16:02:44,408 [grpc-default-executor-5] INFO  impl.RaftServerImpl (RaftServerImpl.java:setRole(184)) - 81ff859e-e76f-43f5-951a-4a38422068cb@group-7855C2F36E53: changes role from  FOLLOWER to FOLLOWER at term 349 for recognizeCandidate:e3fb79a3-1f86-42af-a80c-c46d1acdbc29
2019-11-04 16:02:44,408 [grpc-default-executor-5] INFO  impl.RoleInfo (RoleInfo.java:shutdownFollowerState(121)) - 81ff859e-e76f-43f5-951a-4a38422068cb: shutdown FollowerState
2019-11-04 16:02:44,408 [grpc-default-executor-1] INFO  impl.RaftServerImpl (RaftServerImpl.java:setRole(184)) - a9143d84-6d7f-497d-b770-eb75585db3c7@group-7855C2F36E53: changes role from  FOLLOWER to FOLLOWER at term 349 for recognizeCandidate:e3fb79a3-1f86-42af-a80c-c46d1acdbc29
2019-11-04 16:02:44,408 [grpc-default-executor-1] INFO  impl.RoleInfo (RoleInfo.java:shutdownFollowerState(121)) - a9143d84-6d7f-497d-b770-eb75585db3c7: shutdown FollowerState
2019-11-04 16:02:44,408 [Thread-2348] INFO  impl.FollowerState (FollowerState.java:run(117)) - 81ff859e-e76f-43f5-951a-4a38422068cb@group-7855C2F36E53-FollowerState was interrupted: java.lang.InterruptedException: sleep interrupted
2019-11-04 16:02:44,408 [Thread-2347] INFO  impl.FollowerState (FollowerState.java:run(117)) - a9143d84-6d7f-497d-b770-eb75585db3c7@group-7855C2F36E53-FollowerState was interrupted: java.lang.InterruptedException: sleep interrupted
2019-11-04 16:02:44,408 [grpc-default-executor-5] INFO  impl.RoleInfo (RoleInfo.java:updateAndGet(143)) - 81ff859e-e76f-43f5-951a-4a38422068cb: start FollowerState
2019-11-04 16:02:44,408 [grpc-default-executor-1] INFO  impl.RoleInfo (RoleInfo.java:updateAndGet(143)) - a9143d84-6d7f-497d-b770-eb75585db3c7: start FollowerState
2019-11-04 16:02:44,435 [e3fb79a3-1f86-42af-a80c-c46d1acdbc29@group-7855C2F36E53-LeaderElection320] INFO  impl.LeaderElection (LeaderElection.java:logAndReturn(56)) - e3fb79a3-1f86-42af-a80c-c46d1acdbc29@group-7855C2F36E53-LeaderElection320: Election REJECTED; received 2 response(s) [e3fb79a3-1f86-42af-a80c-c46d1acdbc29<-81ff859e-e76f-43f5-951a-4a38422068cb#0:FAIL-t349, e3fb79a3-1f86-42af-a80c-c46d1acdbc29<-a9143d84-6d7f-497d-b770-eb75585db3c7#0:FAIL-t349] and 0 exception(s); e3fb79a3-1f86-42af-a80c-c46d1acdbc29@group-7855C2F36E53:t349, leader=null, voted=e3fb79a3-1f86-42af-a80c-c46d1acdbc29, raftlog=e3fb79a3-1f86-42af-a80c-c46d1acdbc29@group-7855C2F36E53-SegmentedRaftLog:OPENED:c-1,f-1,i0, conf=-1: [e3fb79a3-1f86-42af-a80c-c46d1acdbc29:192.168.157.194:44142, 81ff859e-e76f-43f5-951a-4a38422068cb:192.168.157.194:46532, a9143d84-6d7f-497d-b770-eb75585db3c7:192.168.157.194:42126], old=null
2019-11-04 16:02:44,435 [e3fb79a3-1f86-42af-a80c-c46d1acdbc29@group-7855C2F36E53-LeaderElection320] INFO  impl.RaftServerImpl (RaftServerImpl.java:setRole(184)) - e3fb79a3-1f86-42af-a80c-c46d1acdbc29@group-7855C2F36E53: changes role from CANDIDATE to FOLLOWER at term 349 for DISCOVERED_A_NEW_TERM
2019-11-04 16:02:44,435 [e3fb79a3-1f86-42af-a80c-c46d1acdbc29@group-7855C2F36E53-LeaderElection320] INFO  impl.RoleInfo (RoleInfo.java:shutdownLeaderElection(134)) - e3fb79a3-1f86-42af-a80c-c46d1acdbc29: shutdown LeaderElection
2019-11-04 16:02:44,435 [e3fb79a3-1f86-42af-a80c-c46d1acdbc29@group-7855C2F36E53-LeaderElection320] INFO  impl.RoleInfo (RoleInfo.java:updateAndGet(143)) - e3fb79a3-1f86-42af-a80c-c46d1acdbc29: start FollowerState
2019-11-04 16:02:44,625 [Thread-2357] INFO  impl.FollowerState (FollowerState.java:run(108)) - e3fb79a3-1f86-42af-a80c-c46d1acdbc29@group-7855C2F36E53-FollowerState: change to CANDIDATE, lastRpcTime:190ms, electionTimeout:190ms
2019-11-04 16:02:44,626 [Thread-2357] INFO  impl.RoleInfo (RoleInfo.java:shutdownFollowerState(121)) - e3fb79a3-1f86-42af-a80c-c46d1acdbc29: shutdown FollowerState
2019-11-04 16:02:44,626 [Thread-2357] INFO  impl.RaftServerImpl (RaftServerImpl.java:setRole(184)) - e3fb79a3-1f86-42af-a80c-c46d1acdbc29@group-7855C2F36E53: changes role from  FOLLOWER to CANDIDATE at term 349 for changeToCandidate
2019-11-04 16:02:44,626 [Thread-2357] INFO  impl.RoleInfo (RoleInfo.java:updateAndGet(143)) - e3fb79a3-1f86-42af-a80c-c46d1acdbc29: start LeaderElection
2019-11-04 16:02:44,652 [e3fb79a3-1f86-42af-a80c-c46d1acdbc29@group-7855C2F36E53-LeaderElection321] INFO  impl.LeaderElection (LeaderElection.java:askForVotes(178)) - e3fb79a3-1f86-42af-a80c-c46d1acdbc29@group-7855C2F36E53-LeaderElection321: begin an election at term 350 for -1: [e3fb79a3-1f86-42af-a80c-c46d1acdbc29:192.168.157.194:44142, 81ff859e-e76f-43f5-951a-4a38422068cb:192.168.157.194:46532, a9143d84-6d7f-497d-b770-eb75585db3c7:192.168.157.194:42126], old=null
2019-11-04 16:02:44,653 [grpc-default-executor-1] INFO  impl.RaftServerImpl (RaftServerImpl.java:setRole(184)) - 81ff859e-e76f-43f5-951a-4a38422068cb@group-7855C2F36E53: changes role from  FOLLOWER to FOLLOWER at term 350 for recognizeCandidate:e3fb79a3-1f86-42af-a80c-c46d1acdbc29
2019-11-04 16:02:44,654 [grpc-default-executor-1] INFO  impl.RoleInfo (RoleInfo.java:shutdownFollowerState(121)) - 81ff859e-e76f-43f5-951a-4a38422068cb: shutdown FollowerState
2019-11-04 16:02:44,654 [grpc-default-executor-5] INFO  impl.RaftServerImpl (RaftServerImpl.java:setRole(184)) - a9143d84-6d7f-497d-b770-eb75585db3c7@group-7855C2F36E53: changes role from  FOLLOWER to FOLLOWER at term 350 for recognizeCandidate:e3fb79a3-1f86-42af-a80c-c46d1acdbc29
2019-11-04 16:02:44,654 [grpc-default-executor-5] INFO  impl.RoleInfo (RoleInfo.java:shutdownFollowerState(121)) - a9143d84-6d7f-497d-b770-eb75585db3c7: shutdown FollowerState
2019-11-04 16:02:44,654 [Thread-2353] INFO  impl.FollowerState (FollowerState.java:run(117)) - 81ff859e-e76f-43f5-951a-4a38422068cb@group-7855C2F36E53-FollowerState was interrupted: java.lang.InterruptedException: sleep interrupted
2019-11-04 16:02:44,654 [grpc-default-executor-1] INFO  impl.RoleInfo (RoleInfo.java:updateAndGet(143)) - 81ff859e-e76f-43f5-951a-4a38422068cb: start FollowerState
2019-11-04 16:02:44,654 [Thread-2354] INFO  impl.FollowerState (FollowerState.java:run(117)) - a9143d84-6d7f-497d-b770-eb75585db3c7@group-7855C2F36E53-FollowerState was interrupted: java.lang.InterruptedException: sleep interrupted
2019-11-04 16:02:44,654 [grpc-default-executor-5] INFO  impl.RoleInfo (RoleInfo.java:updateAndGet(143)) - a9143d84-6d7f-497d-b770-eb75585db3c7: start FollowerState
2019-11-04 16:02:44,670 [e3fb79a3-1f86-42af-a80c-c46d1acdbc29@group-7855C2F36E53-LeaderElection321] INFO  impl.LeaderElection (LeaderElection.java:logAndReturn(56)) - e3fb79a3-1f86-42af-a80c-c46d1acdbc29@group-7855C2F36E53-LeaderElection321: Election REJECTED; received 2 response(s) [e3fb79a3-1f86-42af-a80c-c46d1acdbc29<-81ff859e-e76f-43f5-951a-4a38422068cb#0:FAIL-t350, e3fb79a3-1f86-42af-a80c-c46d1acdbc29<-a9143d84-6d7f-497d-b770-eb75585db3c7#0:FAIL-t350] and 0 exception(s); e3fb79a3-1f86-42af-a80c-c46d1acdbc29@group-7855C2F36E53:t350, leader=null, voted=e3fb79a3-1f86-42af-a80c-c46d1acdbc29, raftlog=e3fb79a3-1f86-42af-a80c-c46d1acdbc29@group-7855C2F36E53-SegmentedRaftLog:OPENED:c-1,f-1,i0, conf=-1: [e3fb79a3-1f86-42af-a80c-c46d1acdbc29:192.168.157.194:44142, 81ff859e-e76f-43f5-951a-4a38422068cb:192.168.157.194:46532, a9143d84-6d7f-497d-b770-eb75585db3c7:192.168.157.194:42126], old=null
2019-11-04 16:02:44,670 [e3fb79a3-1f86-42af-a80c-c46d1acdbc29@group-7855C2F36E53-LeaderElection321] INFO  impl.RaftServerImpl (RaftServerImpl.java:setRole(184)) - e3fb79a3-1f86-42af-a80c-c46d1acdbc29@group-7855C2F36E53: changes role from CANDIDATE to FOLLOWER at term 350 for DISCOVERED_A_NEW_TERM
2019-11-04 16:02:44,670 [e3fb79a3-1f86-42af-a80c-c46d1acdbc29@group-7855C2F36E53-LeaderElection321] INFO  impl.RoleInfo (RoleInfo.java:shutdownLeaderElection(134)) - e3fb79a3-1f86-42af-a80c-c46d1acdbc29: shutdown LeaderElection
2019-11-04 16:02:44,670 [e3fb79a3-1f86-42af-a80c-c46d1acdbc29@group-7855C2F36E53-LeaderElection321] INFO  impl.RoleInfo (RoleInfo.java:updateAndGet(143)) - e3fb79a3-1f86-42af-a80c-c46d1acdbc29: start FollowerState
2019-11-04 16:02:44,811 [Thread-2363] INFO  impl.FollowerState (FollowerState.java:run(108)) - e3fb79a3-1f86-42af-a80c-c46d1acdbc29@group-7855C2F36E53-FollowerState: change to CANDIDATE, lastRpcTime:140ms, electionTimeout:140ms
2019-11-04 16:02:44,811 [Thread-2363] INFO  impl.RoleInfo (RoleInfo.java:shutdownFollowerState(121)) - e3fb79a3-1f86-42af-a80c-c46d1acdbc29: shutdown FollowerState
2019-11-04 16:02:44,811 [Thread-2363] INFO  impl.RaftServerImpl (RaftServerImpl.java:setRole(184)) - e3fb79a3-1f86-42af-a80c-c46d1acdbc29@group-7855C2F36E53: changes role from  FOLLOWER to CANDIDATE at term 350 for changeToCandidate
2019-11-04 16:02:44,811 [Thread-2363] INFO  impl.RoleInfo (RoleInfo.java:updateAndGet(143)) - e3fb79a3-1f86-42af-a80c-c46d1acdbc29: start LeaderElection
2019-11-04 16:02:44,825 [e3fb79a3-1f86-42af-a80c-c46d1acdbc29@group-7855C2F36E53-LeaderElection322] INFO  impl.LeaderElection (LeaderElection.java:askForVotes(178)) - e3fb79a3-1f86-42af-a80c-c46d1acdbc29@group-7855C2F36E53-LeaderElection322: begin an election at term 351 for -1: [e3fb79a3-1f86-42af-a80c-c46d1acdbc29:192.168.157.194:44142, 81ff859e-e76f-43f5-951a-4a38422068cb:192.168.157.194:46532, a9143d84-6d7f-497d-b770-eb75585db3c7:192.168.157.194:42126], old=null
2019-11-04 16:02:44,827 [grpc-default-executor-5] INFO  impl.RaftServerImpl (RaftServerImpl.java:setRole(184)) - 81ff859e-e76f-43f5-951a-4a38422068cb@group-7855C2F36E53: changes role from  FOLLOWER to FOLLOWER at term 351 for recognizeCandidate:e3fb79a3-1f86-42af-a80c-c46d1acdbc29
2019-11-04 16:02:44,827 [grpc-default-executor-1] INFO  impl.RaftServerImpl (RaftServerImpl.java:setRole(184)) - a9143d84-6d7f-497d-b770-eb75585db3c7@group-7855C2F36E53: changes role from  FOLLOWER to FOLLOWER at term 351 for recognizeCandidate:e3fb79a3-1f86-42af-a80c-c46d1acdbc29
2019-11-04 16:02:44,827 [grpc-default-executor-5] INFO  impl.RoleInfo (RoleInfo.java:shutdownFollowerState(121)) - 81ff859e-e76f-43f5-951a-4a38422068cb: shutdown FollowerState
2019-11-04 16:02:44,827 [grpc-default-executor-1] INFO  impl.RoleInfo (RoleInfo.java:shutdownFollowerState(121)) - a9143d84-6d7f-497d-b770-eb75585db3c7: shutdown FollowerState
2019-11-04 16:02:44,827 [Thread-2361] INFO  impl.FollowerState (FollowerState.java:run(117)) - 81ff859e-e76f-43f5-951a-4a38422068cb@group-7855C2F36E53-FollowerState was interrupted: java.lang.InterruptedException: sleep interrupted
2019-11-04 16:02:44,828 [Thread-2362] INFO  impl.FollowerState (FollowerState.java:run(117)) - a9143d84-6d7f-497d-b770-eb75585db3c7@group-7855C2F36E53-FollowerState was interrupted: java.lang.InterruptedException: sleep interrupted
2019-11-04 16:02:44,827 [grpc-default-executor-5] INFO  impl.RoleInfo (RoleInfo.java:updateAndGet(143)) - 81ff859e-e76f-43f5-951a-4a38422068cb: start FollowerState
2019-11-04 16:02:44,827 [grpc-default-executor-1] INFO  impl.RoleInfo (RoleInfo.java:updateAndGet(143)) - a9143d84-6d7f-497d-b770-eb75585db3c7: start FollowerState
2019-11-04 16:02:44,846 [e3fb79a3-1f86-42af-a80c-c46d1acdbc29@group-7855C2F36E53-LeaderElection322] INFO  impl.LeaderElection (LeaderElection.java:logAndReturn(56)) - e3fb79a3-1f86-42af-a80c-c46d1acdbc29@group-7855C2F36E53-LeaderElection322: Election REJECTED; received 2 response(s) [e3fb79a3-1f86-42af-a80c-c46d1acdbc29<-81ff859e-e76f-43f5-951a-4a38422068cb#0:FAIL-t351, e3fb79a3-1f86-42af-a80c-c46d1acdbc29<-a9143d84-6d7f-497d-b770-eb75585db3c7#0:FAIL-t351] and 0 exception(s); e3fb79a3-1f86-42af-a80c-c46d1acdbc29@group-7855C2F36E53:t351, leader=null, voted=e3fb79a3-1f86-42af-a80c-c46d1acdbc29, raftlog=e3fb79a3-1f86-42af-a80c-c46d1acdbc29@group-7855C2F36E53-SegmentedRaftLog:OPENED:c-1,f-1,i0, conf=-1: [e3fb79a3-1f86-42af-a80c-c46d1acdbc29:192.168.157.194:44142, 81ff859e-e76f-43f5-951a-4a38422068cb:192.168.157.194:46532, a9143d84-6d7f-497d-b770-eb75585db3c7:192.168.157.194:42126], old=null
2019-11-04 16:02:44,846 [e3fb79a3-1f86-42af-a80c-c46d1acdbc29@group-7855C2F36E53-LeaderElection322] INFO  impl.RaftServerImpl (RaftServerImpl.java:setRole(184)) - e3fb79a3-1f86-42af-a80c-c46d1acdbc29@group-7855C2F36E53: changes role from CANDIDATE to FOLLOWER at term 351 for DISCOVERED_A_NEW_TERM
2019-11-04 16:02:44,846 [e3fb79a3-1f86-42af-a80c-c46d1acdbc29@group-7855C2F36E53-LeaderElection322] INFO  impl.RoleInfo (RoleInfo.java:shutdownLeaderElection(134)) - e3fb79a3-1f86-42af-a80c-c46d1acdbc29: shutdown LeaderElection
2019-11-04 16:02:44,846 [e3fb79a3-1f86-42af-a80c-c46d1acdbc29@group-7855C2F36E53-LeaderElection322] INFO  impl.RoleInfo (RoleInfo.java:updateAndGet(143)) - e3fb79a3-1f86-42af-a80c-c46d1acdbc29: start FollowerState
2019-11-04 16:02:44,884 [Thread-2369] INFO  impl.FollowerState (FollowerState.java:run(108)) - e3fb79a3-1f86-42af-a80c-c46d1acdbc29@group-7855C2F36E53-FollowerState: change to CANDIDATE, lastRpcTime:38ms, electionTimeout:38ms
2019-11-04 16:02:44,885 [Thread-2369] INFO  impl.RoleInfo (RoleInfo.java:shutdownFollowerState(121)) - e3fb79a3-1f86-42af-a80c-c46d1acdbc29: shutdown FollowerState
2019-11-04 16:02:44,885 [Thread-2369] INFO  impl.RaftServerImpl (RaftServerImpl.java:setRole(184)) - e3fb79a3-1f86-42af-a80c-c46d1acdbc29@group-7855C2F36E53: changes role from  FOLLOWER to CANDIDATE at term 351 for changeToCandidate
2019-11-04 16:02:44,885 [Thread-2369] INFO  impl.RoleInfo (RoleInfo.java:updateAndGet(143)) - e3fb79a3-1f86-42af-a80c-c46d1acdbc29: start LeaderElection
2019-11-04 16:02:44,911 [e3fb79a3-1f86-42af-a80c-c46d1acdbc29@group-7855C2F36E53-LeaderElection323] INFO  impl.LeaderElection (LeaderElection.java:askForVotes(178)) - e3fb79a3-1f86-42af-a80c-c46d1acdbc29@group-7855C2F36E53-LeaderElection323: begin an election at term 352 for -1: [e3fb79a3-1f86-42af-a80c-c46d1acdbc29:192.168.157.194:44142, 81ff859e-e76f-43f5-951a-4a38422068cb:192.168.157.194:46532, a9143d84-6d7f-497d-b770-eb75585db3c7:192.168.157.194:42126], old=null
2019-11-04 16:02:44,913 [grpc-default-executor-1] INFO  impl.RaftServerImpl (RaftServerImpl.java:setRole(184)) - 81ff859e-e76f-43f5-951a-4a38422068cb@group-7855C2F36E53: changes role from  FOLLOWER to FOLLOWER at term 352 for recognizeCandidate:e3fb79a3-1f86-42af-a80c-c46d1acdbc29
2019-11-04 16:02:44,913 [grpc-default-executor-5] INFO  impl.RaftServerImpl (RaftServerImpl.java:setRole(184)) - a9143d84-6d7f-497d-b770-eb75585db3c7@group-7855C2F36E53: changes role from  FOLLOWER to FOLLOWER at term 352 for recognizeCandidate:e3fb79a3-1f86-42af-a80c-c46d1acdbc29
2019-11-04 16:02:44,913 [grpc-default-executor-1] INFO  impl.RoleInfo (RoleInfo.java:shutdownFollowerState(121)) - 81ff859e-e76f-43f5-951a-4a38422068cb: shutdown FollowerState
2019-11-04 16:02:44,913 [grpc-default-executor-5] INFO  impl.RoleInfo (RoleInfo.java:shutdownFollowerState(121)) - a9143d84-6d7f-497d-b770-eb75585db3c7: shutdown FollowerState
2019-11-04 16:02:44,913 [Thread-2367] INFO  impl.FollowerState (FollowerState.java:run(117)) - 81ff859e-e76f-43f5-951a-4a38422068cb@group-7855C2F36E53-FollowerState was interrupted: java.lang.InterruptedException: sleep interrupted
2019-11-04 16:02:44,913 [grpc-default-executor-1] INFO  impl.RoleInfo (RoleInfo.java:updateAndGet(143)) - 81ff859e-e76f-43f5-951a-4a38422068cb: start FollowerState
2019-11-04 16:02:44,913 [Thread-2368] INFO  impl.FollowerState (FollowerState.java:run(117)) - a9143d84-6d7f-497d-b770-eb75585db3c7@group-7855C2F36E53-FollowerState was interrupted: java.lang.InterruptedException: sleep interrupted
2019-11-04 16:02:44,913 [grpc-default-executor-5] INFO  impl.RoleInfo (RoleInfo.java:updateAndGet(143)) - a9143d84-6d7f-497d-b770-eb75585db3c7: start FollowerState
2019-11-04 16:02:44,939 [e3fb79a3-1f86-42af-a80c-c46d1acdbc29@group-7855C2F36E53-LeaderElection323] INFO  impl.LeaderElection (LeaderElection.java:logAndReturn(56)) - e3fb79a3-1f86-42af-a80c-c46d1acdbc29@group-7855C2F36E53-LeaderElection323: Election REJECTED; received 2 response(s) [e3fb79a3-1f86-42af-a80c-c46d1acdbc29<-81ff859e-e76f-43f5-951a-4a38422068cb#0:FAIL-t352, e3fb79a3-1f86-42af-a80c-c46d1acdbc29<-a9143d84-6d7f-497d-b770-eb75585db3c7#0:FAIL-t352] and 0 exception(s); e3fb79a3-1f86-42af-a80c-c46d1acdbc29@group-7855C2F36E53:t352, leader=null, voted=e3fb79a3-1f86-42af-a80c-c46d1acdbc29, raftlog=e3fb79a3-1f86-42af-a80c-c46d1acdbc29@group-7855C2F36E53-SegmentedRaftLog:OPENED:c-1,f-1,i0, conf=-1: [e3fb79a3-1f86-42af-a80c-c46d1acdbc29:192.168.157.194:44142, 81ff859e-e76f-43f5-951a-4a38422068cb:192.168.157.194:46532, a9143d84-6d7f-497d-b770-eb75585db3c7:192.168.157.194:42126], old=null
2019-11-04 16:02:44,939 [e3fb79a3-1f86-42af-a80c-c46d1acdbc29@group-7855C2F36E53-LeaderElection323] INFO  impl.RaftServerImpl (RaftServerImpl.java:setRole(184)) - e3fb79a3-1f86-42af-a80c-c46d1acdbc29@group-7855C2F36E53: changes role from CANDIDATE to FOLLOWER at term 352 for DISCOVERED_A_NEW_TERM
2019-11-04 16:02:44,940 [e3fb79a3-1f86-42af-a80c-c46d1acdbc29@group-7855C2F36E53-LeaderElection323] INFO  impl.RoleInfo (RoleInfo.java:shutdownLeaderElection(134)) - e3fb79a3-1f86-42af-a80c-c46d1acdbc29: shutdown LeaderElection
2019-11-04 16:02:44,940 [e3fb79a3-1f86-42af-a80c-c46d1acdbc29@group-7855C2F36E53-LeaderElection323] INFO  impl.RoleInfo (RoleInfo.java:updateAndGet(143)) - e3fb79a3-1f86-42af-a80c-c46d1acdbc29: start FollowerState
2019-11-04 16:02:45,040 [Thread-2375] INFO  impl.FollowerState (FollowerState.java:run(108)) - e3fb79a3-1f86-42af-a80c-c46d1acdbc29@group-7855C2F36E53-FollowerState: change to CANDIDATE, lastRpcTime:100ms, electionTimeout:100ms
2019-11-04 16:02:45,040 [Thread-2375] INFO  impl.RoleInfo (RoleInfo.java:shutdownFollowerState(121)) - e3fb79a3-1f86-42af-a80c-c46d1acdbc29: shutdown FollowerState
2019-11-04 16:02:45,041 [Thread-2375] INFO  impl.RaftServerImpl (RaftServerImpl.java:setRole(184)) - e3fb79a3-1f86-42af-a80c-c46d1acdbc29@group-7855C2F36E53: changes role from  FOLLOWER to CANDIDATE at term 352 for changeToCandidate
2019-11-04 16:02:45,041 [Thread-2375] INFO  impl.RoleInfo (RoleInfo.java:updateAndGet(143)) - e3fb79a3-1f86-42af-a80c-c46d1acdbc29: start LeaderElection
2019-11-04 16:02:45,053 [e3fb79a3-1f86-42af-a80c-c46d1acdbc29@group-7855C2F36E53-LeaderElection324] INFO  impl.LeaderElection (LeaderElection.java:askForVotes(178)) - e3fb79a3-1f86-42af-a80c-c46d1acdbc29@group-7855C2F36E53-LeaderElection324: begin an election at term 353 for -1: [e3fb79a3-1f86-42af-a80c-c46d1acdbc29:192.168.157.194:44142, 81ff859e-e76f-43f5-951a-4a38422068cb:192.168.157.194:46532, a9143d84-6d7f-497d-b770-eb75585db3c7:192.168.157.194:42126], old=null
2019-11-04 16:02:45,055 [grpc-default-executor-1] INFO  impl.RaftServerImpl (RaftServerImpl.java:setRole(184)) - a9143d84-6d7f-497d-b770-eb75585db3c7@group-7855C2F36E53: changes role from  FOLLOWER to FOLLOWER at term 353 for recognizeCandidate:e3fb79a3-1f86-42af-a80c-c46d1acdbc29
2019-11-04 16:02:45,055 [grpc-default-executor-5] INFO  impl.RaftServerImpl (RaftServerImpl.java:setRole(184)) - 81ff859e-e76f-43f5-951a-4a38422068cb@group-7855C2F36E53: changes role from  FOLLOWER to FOLLOWER at term 353 for recognizeCandidate:e3fb79a3-1f86-42af-a80c-c46d1acdbc29
2019-11-04 16:02:45,055 [grpc-default-executor-1] INFO  impl.RoleInfo (RoleInfo.java:shutdownFollowerState(121)) - a9143d84-6d7f-497d-b770-eb75585db3c7: shutdown FollowerState
2019-11-04 16:02:45,055 [grpc-default-executor-5] INFO  impl.RoleInfo (RoleInfo.java:shutdownFollowerState(121)) - 81ff859e-e76f-43f5-951a-4a38422068cb: shutdown FollowerState
2019-11-04 16:02:45,056 [Thread-2374] INFO  impl.FollowerState (FollowerState.java:run(117)) - a9143d84-6d7f-497d-b770-eb75585db3c7@group-7855C2F36E53-FollowerState was interrupted: java.lang.InterruptedException: sleep interrupted
2019-11-04 16:02:45,056 [Thread-2373] INFO  impl.FollowerState (FollowerState.java:run(117)) - 81ff859e-e76f-43f5-951a-4a38422068cb@group-7855C2F36E53-FollowerState was interrupted: java.lang.InterruptedException: sleep interrupted
2019-11-04 16:02:45,056 [grpc-default-executor-1] INFO  impl.RoleInfo (RoleInfo.java:updateAndGet(143)) - a9143d84-6d7f-497d-b770-eb75585db3c7: start FollowerState
2019-11-04 16:02:45,056 [grpc-default-executor-5] INFO  impl.RoleInfo (RoleInfo.java:updateAndGet(143)) - 81ff859e-e76f-43f5-951a-4a38422068cb: start FollowerState
2019-11-04 16:02:45,081 [e3fb79a3-1f86-42af-a80c-c46d1acdbc29@group-7855C2F36E53-LeaderElection324] INFO  impl.LeaderElection (LeaderElection.java:logAndReturn(56)) - e3fb79a3-1f86-42af-a80c-c46d1acdbc29@group-7855C2F36E53-LeaderElection324: Election REJECTED; received 2 response(s) [e3fb79a3-1f86-42af-a80c-c46d1acdbc29<-81ff859e-e76f-43f5-951a-4a38422068cb#0:FAIL-t353, e3fb79a3-1f86-42af-a80c-c46d1acdbc29<-a9143d84-6d7f-497d-b770-eb75585db3c7#0:FAIL-t353] and 0 exception(s); e3fb79a3-1f86-42af-a80c-c46d1acdbc29@group-7855C2F36E53:t353, leader=null, voted=e3fb79a3-1f86-42af-a80c-c46d1acdbc29, raftlog=e3fb79a3-1f86-42af-a80c-c46d1acdbc29@group-7855C2F36E53-SegmentedRaftLog:OPENED:c-1,f-1,i0, conf=-1: [e3fb79a3-1f86-42af-a80c-c46d1acdbc29:192.168.157.194:44142, 81ff859e-e76f-43f5-951a-4a38422068cb:192.168.157.194:46532, a9143d84-6d7f-497d-b770-eb75585db3c7:192.168.157.194:42126], old=null
2019-11-04 16:02:45,081 [e3fb79a3-1f86-42af-a80c-c46d1acdbc29@group-7855C2F36E53-LeaderElection324] INFO  impl.RaftServerImpl (RaftServerImpl.java:setRole(184)) - e3fb79a3-1f86-42af-a80c-c46d1acdbc29@group-7855C2F36E53: changes role from CANDIDATE to FOLLOWER at term 353 for DISCOVERED_A_NEW_TERM
2019-11-04 16:02:45,081 [e3fb79a3-1f86-42af-a80c-c46d1acdbc29@group-7855C2F36E53-LeaderElection324] INFO  impl.RoleInfo (RoleInfo.java:shutdownLeaderElection(134)) - e3fb79a3-1f86-42af-a80c-c46d1acdbc29: shutdown LeaderElection
2019-11-04 16:02:45,081 [e3fb79a3-1f86-42af-a80c-c46d1acdbc29@group-7855C2F36E53-LeaderElection324] INFO  impl.RoleInfo (RoleInfo.java:updateAndGet(143)) - e3fb79a3-1f86-42af-a80c-c46d1acdbc29: start FollowerState
2019-11-04 16:02:45,092 [Thread-2381] INFO  impl.FollowerState (FollowerState.java:run(108)) - e3fb79a3-1f86-42af-a80c-c46d1acdbc29@group-7855C2F36E53-FollowerState: change to CANDIDATE, lastRpcTime:10ms, electionTimeout:10ms
2019-11-04 16:02:45,092 [Thread-2381] INFO  impl.RoleInfo (RoleInfo.java:shutdownFollowerState(121)) - e3fb79a3-1f86-42af-a80c-c46d1acdbc29: shutdown FollowerState
2019-11-04 16:02:45,092 [Thread-2381] INFO  impl.RaftServerImpl (RaftServerImpl.java:setRole(184)) - e3fb79a3-1f86-42af-a80c-c46d1acdbc29@group-7855C2F36E53: changes role from  FOLLOWER to CANDIDATE at term 353 for changeToCandidate
2019-11-04 16:02:45,092 [Thread-2381] INFO  impl.RoleInfo (RoleInfo.java:updateAndGet(143)) - e3fb79a3-1f86-42af-a80c-c46d1acdbc29: start LeaderElection
2019-11-04 16:02:45,100 [e3fb79a3-1f86-42af-a80c-c46d1acdbc29@group-7855C2F36E53-LeaderElection325] INFO  impl.LeaderElection (LeaderElection.java:askForVotes(178)) - e3fb79a3-1f86-42af-a80c-c46d1acdbc29@group-7855C2F36E53-LeaderElection325: begin an election at term 354 for -1: [e3fb79a3-1f86-42af-a80c-c46d1acdbc29:192.168.157.194:44142, 81ff859e-e76f-43f5-951a-4a38422068cb:192.168.157.194:46532, a9143d84-6d7f-497d-b770-eb75585db3c7:192.168.157.194:42126], old=null
2019-11-04 16:02:45,411 [e3fb79a3-1f86-42af-a80c-c46d1acdbc29@group-7855C2F36E53-LeaderElection325] INFO  impl.LeaderElection (LeaderElection.java:logAndReturn(56)) - e3fb79a3-1f86-42af-a80c-c46d1acdbc29@group-7855C2F36E53-LeaderElection325: Election TIMEOUT; received 0 response(s) [] and 0 exception(s); e3fb79a3-1f86-42af-a80c-c46d1acdbc29@group-7855C2F36E53:t354, leader=null, voted=e3fb79a3-1f86-42af-a80c-c46d1acdbc29, raftlog=e3fb79a3-1f86-42af-a80c-c46d1acdbc29@group-7855C2F36E53-SegmentedRaftLog:OPENED:c-1,f-1,i0, conf=-1: [e3fb79a3-1f86-42af-a80c-c46d1acdbc29:192.168.157.194:44142, 81ff859e-e76f-43f5-951a-4a38422068cb:192.168.157.194:46532, a9143d84-6d7f-497d-b770-eb75585db3c7:192.168.157.194:42126], old=null
2019-11-04 16:02:45,412 [grpc-default-executor-1] INFO  impl.RaftServerImpl (RaftServerImpl.java:setRole(184)) - 81ff859e-e76f-43f5-951a-4a38422068cb@group-7855C2F36E53: changes role from  FOLLOWER to FOLLOWER at term 354 for recognizeCandidate:e3fb79a3-1f86-42af-a80c-c46d1acdbc29
2019-11-04 16:02:45,412 [grpc-default-executor-5] INFO  impl.RaftServerImpl (RaftServerImpl.java:setRole(184)) - a9143d84-6d7f-497d-b770-eb75585db3c7@group-7855C2F36E53: changes role from  FOLLOWER to FOLLOWER at term 354 for recognizeCandidate:e3fb79a3-1f86-42af-a80c-c46d1acdbc29
2019-11-04 16:02:45,412 [grpc-default-executor-1] INFO  impl.RoleInfo (RoleInfo.java:shutdownFollowerState(121)) - 81ff859e-e76f-43f5-951a-4a38422068cb: shutdown FollowerState
2019-11-04 16:02:45,412 [grpc-default-executor-5] INFO  impl.RoleInfo (RoleInfo.java:shutdownFollowerState(121)) - a9143d84-6d7f-497d-b770-eb75585db3c7: shutdown FollowerState
2019-11-04 16:02:45,413 [grpc-default-executor-1] INFO  impl.RoleInfo (RoleInfo.java:updateAndGet(143)) - 81ff859e-e76f-43f5-951a-4a38422068cb: start FollowerState
2019-11-04 16:02:45,413 [Thread-2379] INFO  impl.FollowerState (FollowerState.java:run(117)) - a9143d84-6d7f-497d-b770-eb75585db3c7@group-7855C2F36E53-FollowerState was interrupted: java.lang.InterruptedException: sleep interrupted
2019-11-04 16:02:45,413 [Thread-2380] INFO  impl.FollowerState (FollowerState.java:run(117)) - 81ff859e-e76f-43f5-951a-4a38422068cb@group-7855C2F36E53-FollowerState was interrupted: java.lang.InterruptedException: sleep interrupted
2019-11-04 16:02:45,413 [grpc-default-executor-5] INFO  impl.RoleInfo (RoleInfo.java:updateAndGet(143)) - a9143d84-6d7f-497d-b770-eb75585db3c7: start FollowerState
2019-11-04 16:02:45,437 [e3fb79a3-1f86-42af-a80c-c46d1acdbc29@group-7855C2F36E53-LeaderElection325] INFO  impl.LeaderElection (LeaderElection.java:askForVotes(178)) - e3fb79a3-1f86-42af-a80c-c46d1acdbc29@group-7855C2F36E53-LeaderElection325: begin an election at term 355 for -1: [e3fb79a3-1f86-42af-a80c-c46d1acdbc29:192.168.157.194:44142, 81ff859e-e76f-43f5-951a-4a38422068cb:192.168.157.194:46532, a9143d84-6d7f-497d-b770-eb75585db3c7:192.168.157.194:42126], old=null
2019-11-04 16:02:45,439 [grpc-default-executor-5] INFO  impl.RaftServerImpl (RaftServerImpl.java:setRole(184)) - 81ff859e-e76f-43f5-951a-4a38422068cb@group-7855C2F36E53: changes role from  FOLLOWER to FOLLOWER at term 355 for recognizeCandidate:e3fb79a3-1f86-42af-a80c-c46d1acdbc29
2019-11-04 16:02:45,439 [grpc-default-executor-5] INFO  impl.RoleInfo (RoleInfo.java:shutdownFollowerState(121)) - 81ff859e-e76f-43f5-951a-4a38422068cb: shutdown FollowerState
2019-11-04 16:02:45,440 [grpc-default-executor-5] INFO  impl.RoleInfo (RoleInfo.java:updateAndGet(143)) - 81ff859e-e76f-43f5-951a-4a38422068cb: start FollowerState
2019-11-04 16:02:45,440 [Thread-2385] INFO  impl.FollowerState (FollowerState.java:run(117)) - 81ff859e-e76f-43f5-951a-4a38422068cb@group-7855C2F36E53-FollowerState was interrupted: java.lang.InterruptedException: sleep interrupted
2019-11-04 16:02:45,440 [grpc-default-executor-1] INFO  impl.RaftServerImpl (RaftServerImpl.java:setRole(184)) - a9143d84-6d7f-497d-b770-eb75585db3c7@group-7855C2F36E53: changes role from  FOLLOWER to FOLLOWER at term 355 for recognizeCandidate:e3fb79a3-1f86-42af-a80c-c46d1acdbc29
2019-11-04 16:02:45,440 [grpc-default-executor-1] INFO  impl.RoleInfo (RoleInfo.java:shutdownFollowerState(121)) - a9143d84-6d7f-497d-b770-eb75585db3c7: shutdown FollowerState
2019-11-04 16:02:45,440 [grpc-default-executor-1] INFO  impl.RoleInfo (RoleInfo.java:updateAndGet(143)) - a9143d84-6d7f-497d-b770-eb75585db3c7: start FollowerState
2019-11-04 16:02:45,440 [Thread-2386] INFO  impl.FollowerState (FollowerState.java:run(117)) - a9143d84-6d7f-497d-b770-eb75585db3c7@group-7855C2F36E53-FollowerState was interrupted: java.lang.InterruptedException: sleep interrupted
2019-11-04 16:02:45,454 [e3fb79a3-1f86-42af-a80c-c46d1acdbc29@group-7855C2F36E53-LeaderElection325] INFO  impl.LeaderElection (LeaderElection.java:logAndReturn(56)) - e3fb79a3-1f86-42af-a80c-c46d1acdbc29@group-7855C2F36E53-LeaderElection325: Election REJECTED; received 2 response(s) [e3fb79a3-1f86-42af-a80c-c46d1acdbc29<-81ff859e-e76f-43f5-951a-4a38422068cb#0:FAIL-t355, e3fb79a3-1f86-42af-a80c-c46d1acdbc29<-a9143d84-6d7f-497d-b770-eb75585db3c7#0:FAIL-t355] and 0 exception(s); e3fb79a3-1f86-42af-a80c-c46d1acdbc29@group-7855C2F36E53:t355, leader=null, voted=e3fb79a3-1f86-42af-a80c-c46d1acdbc29, raftlog=e3fb79a3-1f86-42af-a80c-c46d1acdbc29@group-7855C2F36E53-SegmentedRaftLog:OPENED:c-1,f-1,i0, conf=-1: [e3fb79a3-1f86-42af-a80c-c46d1acdbc29:192.168.157.194:44142, 81ff859e-e76f-43f5-951a-4a38422068cb:192.168.157.194:46532, a9143d84-6d7f-497d-b770-eb75585db3c7:192.168.157.194:42126], old=null
2019-11-04 16:02:45,454 [e3fb79a3-1f86-42af-a80c-c46d1acdbc29@group-7855C2F36E53-LeaderElection325] INFO  impl.RaftServerImpl (RaftServerImpl.java:setRole(184)) - e3fb79a3-1f86-42af-a80c-c46d1acdbc29@group-7855C2F36E53: changes role from CANDIDATE to FOLLOWER at term 355 for DISCOVERED_A_NEW_TERM
2019-11-04 16:02:45,454 [e3fb79a3-1f86-42af-a80c-c46d1acdbc29@group-7855C2F36E53-LeaderElection325] INFO  impl.RoleInfo (RoleInfo.java:shutdownLeaderElection(134)) - e3fb79a3-1f86-42af-a80c-c46d1acdbc29: shutdown LeaderElection
2019-11-04 16:02:45,454 [e3fb79a3-1f86-42af-a80c-c46d1acdbc29@group-7855C2F36E53-LeaderElection325] INFO  impl.RoleInfo (RoleInfo.java:updateAndGet(143)) - e3fb79a3-1f86-42af-a80c-c46d1acdbc29: start FollowerState
2019-11-04 16:02:45,640 [Thread-2393] INFO  impl.FollowerState (FollowerState.java:run(108)) - e3fb79a3-1f86-42af-a80c-c46d1acdbc29@group-7855C2F36E53-FollowerState: change to CANDIDATE, lastRpcTime:185ms, electionTimeout:185ms
2019-11-04 16:02:45,640 [Thread-2393] INFO  impl.RoleInfo (RoleInfo.java:shutdownFollowerState(121)) - e3fb79a3-1f86-42af-a80c-c46d1acdbc29: shutdown FollowerState
2019-11-04 16:02:45,640 [Thread-2393] INFO  impl.RaftServerImpl (RaftServerImpl.java:setRole(184)) - e3fb79a3-1f86-42af-a80c-c46d1acdbc29@group-7855C2F36E53: changes role from  FOLLOWER to CANDIDATE at term 355 for changeToCandidate
2019-11-04 16:02:45,640 [Thread-2393] INFO  impl.RoleInfo (RoleInfo.java:updateAndGet(143)) - e3fb79a3-1f86-42af-a80c-c46d1acdbc29: start LeaderElection
2019-11-04 16:02:45,655 [e3fb79a3-1f86-42af-a80c-c46d1acdbc29@group-7855C2F36E53-LeaderElection326] INFO  impl.LeaderElection (LeaderElection.java:askForVotes(178)) - e3fb79a3-1f86-42af-a80c-c46d1acdbc29@group-7855C2F36E53-LeaderElection326: begin an election at term 356 for -1: [e3fb79a3-1f86-42af-a80c-c46d1acdbc29:192.168.157.194:44142, 81ff859e-e76f-43f5-951a-4a38422068cb:192.168.157.194:46532, a9143d84-6d7f-497d-b770-eb75585db3c7:192.168.157.194:42126], old=null
2019-11-04 16:02:45,659 [grpc-default-executor-5] INFO  impl.RaftServerImpl (RaftServerImpl.java:setRole(184)) - 81ff859e-e76f-43f5-951a-4a38422068cb@group-7855C2F36E53: changes role from  FOLLOWER to FOLLOWER at term 356 for recognizeCandidate:e3fb79a3-1f86-42af-a80c-c46d1acdbc29
2019-11-04 16:02:45,659 [grpc-default-executor-5] INFO  impl.RoleInfo (RoleInfo.java:shutdownFollowerState(121)) - 81ff859e-e76f-43f5-951a-4a38422068cb: shutdown FollowerState
2019-11-04 16:02:45,659 [grpc-default-executor-1] INFO  impl.RaftServerImpl (RaftServerImpl.java:setRole(184)) - a9143d84-6d7f-497d-b770-eb75585db3c7@group-7855C2F36E53: changes role from  FOLLOWER to FOLLOWER at term 356 for recognizeCandidate:e3fb79a3-1f86-42af-a80c-c46d1acdbc29
2019-11-04 16:02:45,659 [Thread-2391] INFO  impl.FollowerState (FollowerState.java:run(117)) - 81ff859e-e76f-43f5-951a-4a38422068cb@group-7855C2F36E53-FollowerState was interrupted: java.lang.InterruptedException: sleep interrupted
2019-11-04 16:02:45,659 [grpc-default-executor-5] INFO  impl.RoleInfo (RoleInfo.java:updateAndGet(143)) - 81ff859e-e76f-43f5-951a-4a38422068cb: start FollowerState
2019-11-04 16:02:45,659 [grpc-default-executor-1] INFO  impl.RoleInfo (RoleInfo.java:shutdownFollowerState(121)) - a9143d84-6d7f-497d-b770-eb75585db3c7: shutdown FollowerState
2019-11-04 16:02:45,660 [grpc-default-executor-1] INFO  impl.RoleInfo (RoleInfo.java:updateAndGet(143)) - a9143d84-6d7f-497d-b770-eb75585db3c7: start FollowerState
2019-11-04 16:02:45,660 [Thread-2392] INFO  impl.FollowerState (FollowerState.java:run(117)) - a9143d84-6d7f-497d-b770-eb75585db3c7@group-7855C2F36E53-FollowerState was interrupted: java.lang.InterruptedException: sleep interrupted
2019-11-04 16:02:45,674 [e3fb79a3-1f86-42af-a80c-c46d1acdbc29@group-7855C2F36E53-LeaderElection326] INFO  impl.LeaderElection (LeaderElection.java:logAndReturn(56)) - e3fb79a3-1f86-42af-a80c-c46d1acdbc29@group-7855C2F36E53-LeaderElection326: Election REJECTED; received 2 response(s) [e3fb79a3-1f86-42af-a80c-c46d1acdbc29<-81ff859e-e76f-43f5-951a-4a38422068cb#0:FAIL-t356, e3fb79a3-1f86-42af-a80c-c46d1acdbc29<-a9143d84-6d7f-497d-b770-eb75585db3c7#0:FAIL-t356] and 0 exception(s); e3fb79a3-1f86-42af-a80c-c46d1acdbc29@group-7855C2F36E53:t356, leader=null, voted=e3fb79a3-1f86-42af-a80c-c46d1acdbc29, raftlog=e3fb79a3-1f86-42af-a80c-c46d1acdbc29@group-7855C2F36E53-SegmentedRaftLog:OPENED:c-1,f-1,i0, conf=-1: [e3fb79a3-1f86-42af-a80c-c46d1acdbc29:192.168.157.194:44142, 81ff859e-e76f-43f5-951a-4a38422068cb:192.168.157.194:46532, a9143d84-6d7f-497d-b770-eb75585db3c7:192.168.157.194:42126], old=null
2019-11-04 16:02:45,675 [e3fb79a3-1f86-42af-a80c-c46d1acdbc29@group-7855C2F36E53-LeaderElection326] INFO  impl.RaftServerImpl (RaftServerImpl.java:setRole(184)) - e3fb79a3-1f86-42af-a80c-c46d1acdbc29@group-7855C2F36E53: changes role from CANDIDATE to FOLLOWER at term 356 for DISCOVERED_A_NEW_TERM
2019-11-04 16:02:45,675 [e3fb79a3-1f86-42af-a80c-c46d1acdbc29@group-7855C2F36E53-LeaderElection326] INFO  impl.RoleInfo (RoleInfo.java:shutdownLeaderElection(134)) - e3fb79a3-1f86-42af-a80c-c46d1acdbc29: shutdown LeaderElection
2019-11-04 16:02:45,675 [e3fb79a3-1f86-42af-a80c-c46d1acdbc29@group-7855C2F36E53-LeaderElection326] INFO  impl.RoleInfo (RoleInfo.java:updateAndGet(143)) - e3fb79a3-1f86-42af-a80c-c46d1acdbc29: start FollowerState
2019-11-04 16:02:45,873 [Thread-2399] INFO  impl.FollowerState (FollowerState.java:run(108)) - e3fb79a3-1f86-42af-a80c-c46d1acdbc29@group-7855C2F36E53-FollowerState: change to CANDIDATE, lastRpcTime:198ms, electionTimeout:198ms
2019-11-04 16:02:45,874 [Thread-2399] INFO  impl.RoleInfo (RoleInfo.java:shutdownFollowerState(121)) - e3fb79a3-1f86-42af-a80c-c46d1acdbc29: shutdown FollowerState
2019-11-04 16:02:45,874 [Thread-2399] INFO  impl.RaftServerImpl (RaftServerImpl.java:setRole(184)) - e3fb79a3-1f86-42af-a80c-c46d1acdbc29@group-7855C2F36E53: changes role from  FOLLOWER to CANDIDATE at term 356 for changeToCandidate
2019-11-04 16:02:45,874 [Thread-2399] INFO  impl.RoleInfo (RoleInfo.java:updateAndGet(143)) - e3fb79a3-1f86-42af-a80c-c46d1acdbc29: start LeaderElection
2019-11-04 16:02:45,888 [e3fb79a3-1f86-42af-a80c-c46d1acdbc29@group-7855C2F36E53-LeaderElection327] INFO  impl.LeaderElection (LeaderElection.java:askForVotes(178)) - e3fb79a3-1f86-42af-a80c-c46d1acdbc29@group-7855C2F36E53-LeaderElection327: begin an election at term 357 for -1: [e3fb79a3-1f86-42af-a80c-c46d1acdbc29:192.168.157.194:44142, 81ff859e-e76f-43f5-951a-4a38422068cb:192.168.157.194:46532, a9143d84-6d7f-497d-b770-eb75585db3c7:192.168.157.194:42126], old=null
2019-11-04 16:02:45,890 [grpc-default-executor-5] INFO  impl.RaftServerImpl (RaftServerImpl.java:setRole(184)) - a9143d84-6d7f-497d-b770-eb75585db3c7@group-7855C2F36E53: changes role from  FOLLOWER to FOLLOWER at term 357 for recognizeCandidate:e3fb79a3-1f86-42af-a80c-c46d1acdbc29
2019-11-04 16:02:45,890 [grpc-default-executor-5] INFO  impl.RoleInfo (RoleInfo.java:shutdownFollowerState(121)) - a9143d84-6d7f-497d-b770-eb75585db3c7: shutdown FollowerState
2019-11-04 16:02:45,890 [grpc-default-executor-1] INFO  impl.RaftServerImpl (RaftServerImpl.java:setRole(184)) - 81ff859e-e76f-43f5-951a-4a38422068cb@group-7855C2F36E53: changes role from  FOLLOWER to FOLLOWER at term 357 for recognizeCandidate:e3fb79a3-1f86-42af-a80c-c46d1acdbc29
2019-11-04 16:02:45,891 [grpc-default-executor-1] INFO  impl.RoleInfo (RoleInfo.java:shutdownFollowerState(121)) - 81ff859e-e76f-43f5-951a-4a38422068cb: shutdown FollowerState
2019-11-04 16:02:45,891 [Thread-2398] INFO  impl.FollowerState (FollowerState.java:run(117)) - a9143d84-6d7f-497d-b770-eb75585db3c7@group-7855C2F36E53-FollowerState was interrupted: java.lang.InterruptedException: sleep interrupted
2019-11-04 16:02:45,891 [Thread-2397] INFO  impl.FollowerState (FollowerState.java:run(117)) - 81ff859e-e76f-43f5-951a-4a38422068cb@group-7855C2F36E53-FollowerState was interrupted: java.lang.InterruptedException: sleep interrupted
2019-11-04 16:02:45,891 [grpc-default-executor-5] INFO  impl.RoleInfo (RoleInfo.java:updateAndGet(143)) - a9143d84-6d7f-497d-b770-eb75585db3c7: start FollowerState
2019-11-04 16:02:45,891 [grpc-default-executor-1] INFO  impl.RoleInfo (RoleInfo.java:updateAndGet(143)) - 81ff859e-e76f-43f5-951a-4a38422068cb: start FollowerState
2019-11-04 16:02:45,905 [e3fb79a3-1f86-42af-a80c-c46d1acdbc29@group-7855C2F36E53-LeaderElection327] INFO  impl.LeaderElection (LeaderElection.java:logAndReturn(56)) - e3fb79a3-1f86-42af-a80c-c46d1acdbc29@group-7855C2F36E53-LeaderElection327: Election REJECTED; received 2 response(s) [e3fb79a3-1f86-42af-a80c-c46d1acdbc29<-81ff859e-e76f-43f5-951a-4a38422068cb#0:FAIL-t357, e3fb79a3-1f86-42af-a80c-c46d1acdbc29<-a9143d84-6d7f-497d-b770-eb75585db3c7#0:FAIL-t357] and 0 exception(s); e3fb79a3-1f86-42af-a80c-c46d1acdbc29@group-7855C2F36E53:t357, leader=null, voted=e3fb79a3-1f86-42af-a80c-c46d1acdbc29, raftlog=e3fb79a3-1f86-42af-a80c-c46d1acdbc29@group-7855C2F36E53-SegmentedRaftLog:OPENED:c-1,f-1,i0, conf=-1: [e3fb79a3-1f86-42af-a80c-c46d1acdbc29:192.168.157.194:44142, 81ff859e-e76f-43f5-951a-4a38422068cb:192.168.157.194:46532, a9143d84-6d7f-497d-b770-eb75585db3c7:192.168.157.194:42126], old=null
2019-11-04 16:02:45,905 [e3fb79a3-1f86-42af-a80c-c46d1acdbc29@group-7855C2F36E53-LeaderElection327] INFO  impl.RaftServerImpl (RaftServerImpl.java:setRole(184)) - e3fb79a3-1f86-42af-a80c-c46d1acdbc29@group-7855C2F36E53: changes role from CANDIDATE to FOLLOWER at term 357 for DISCOVERED_A_NEW_TERM
2019-11-04 16:02:45,906 [e3fb79a3-1f86-42af-a80c-c46d1acdbc29@group-7855C2F36E53-LeaderElection327] INFO  impl.RoleInfo (RoleInfo.java:shutdownLeaderElection(134)) - e3fb79a3-1f86-42af-a80c-c46d1acdbc29: shutdown LeaderElection
2019-11-04 16:02:45,906 [e3fb79a3-1f86-42af-a80c-c46d1acdbc29@group-7855C2F36E53-LeaderElection327] INFO  impl.RoleInfo (RoleInfo.java:updateAndGet(143)) - e3fb79a3-1f86-42af-a80c-c46d1acdbc29: start FollowerState
2019-11-04 16:02:45,924 [Thread-2405] INFO  impl.FollowerState (FollowerState.java:run(108)) - e3fb79a3-1f86-42af-a80c-c46d1acdbc29@group-7855C2F36E53-FollowerState: change to CANDIDATE, lastRpcTime:18ms, electionTimeout:18ms
2019-11-04 16:02:45,924 [Thread-2405] INFO  impl.RoleInfo (RoleInfo.java:shutdownFollowerState(121)) - e3fb79a3-1f86-42af-a80c-c46d1acdbc29: shutdown FollowerState
2019-11-04 16:02:45,924 [Thread-2405] INFO  impl.RaftServerImpl (RaftServerImpl.java:setRole(184)) - e3fb79a3-1f86-42af-a80c-c46d1acdbc29@group-7855C2F36E53: changes role from  FOLLOWER to CANDIDATE at term 357 for changeToCandidate
2019-11-04 16:02:45,925 [Thread-2405] INFO  impl.RoleInfo (RoleInfo.java:updateAndGet(143)) - e3fb79a3-1f86-42af-a80c-c46d1acdbc29: start LeaderElection
2019-11-04 16:02:45,939 [e3fb79a3-1f86-42af-a80c-c46d1acdbc29@group-7855C2F36E53-LeaderElection328] INFO  impl.LeaderElection (LeaderElection.java:askForVotes(178)) - e3fb79a3-1f86-42af-a80c-c46d1acdbc29@group-7855C2F36E53-LeaderElection328: begin an election at term 358 for -1: [e3fb79a3-1f86-42af-a80c-c46d1acdbc29:192.168.157.194:44142, 81ff859e-e76f-43f5-951a-4a38422068cb:192.168.157.194:46532, a9143d84-6d7f-497d-b770-eb75585db3c7:192.168.157.194:42126], old=null
2019-11-04 16:02:45,941 [grpc-default-executor-1] INFO  impl.RaftServerImpl (RaftServerImpl.java:setRole(184)) - 81ff859e-e76f-43f5-951a-4a38422068cb@group-7855C2F36E53: changes role from  FOLLOWER to FOLLOWER at term 358 for recognizeCandidate:e3fb79a3-1f86-42af-a80c-c46d1acdbc29
2019-11-04 16:02:45,941 [grpc-default-executor-1] INFO  impl.RoleInfo (RoleInfo.java:shutdownFollowerState(121)) - 81ff859e-e76f-43f5-951a-4a38422068cb: shutdown FollowerState
2019-11-04 16:02:45,941 [grpc-default-executor-1] INFO  impl.RoleInfo (RoleInfo.java:updateAndGet(143)) - 81ff859e-e76f-43f5-951a-4a38422068cb: start FollowerState
2019-11-04 16:02:45,942 [grpc-default-executor-5] INFO  impl.RaftServerImpl (RaftServerImpl.java:setRole(184)) - a9143d84-6d7f-497d-b770-eb75585db3c7@group-7855C2F36E53: changes role from  FOLLOWER to FOLLOWER at term 358 for recognizeCandidate:e3fb79a3-1f86-42af-a80c-c46d1acdbc29
2019-11-04 16:02:45,942 [grpc-default-executor-5] INFO  impl.RoleInfo (RoleInfo.java:shutdownFollowerState(121)) - a9143d84-6d7f-497d-b770-eb75585db3c7: shutdown FollowerState
2019-11-04 16:02:45,942 [grpc-default-executor-5] INFO  impl.RoleInfo (RoleInfo.java:updateAndGet(143)) - a9143d84-6d7f-497d-b770-eb75585db3c7: start FollowerState
2019-11-04 16:02:45,942 [Thread-2404] INFO  impl.FollowerState (FollowerState.java:run(117)) - 81ff859e-e76f-43f5-951a-4a38422068cb@group-7855C2F36E53-FollowerState was interrupted: java.lang.InterruptedException: sleep interrupted
2019-11-04 16:02:45,942 [Thread-2403] INFO  impl.FollowerState (FollowerState.java:run(117)) - a9143d84-6d7f-497d-b770-eb75585db3c7@group-7855C2F36E53-FollowerState was interrupted: java.lang.InterruptedException: sleep interrupted
2019-11-04 16:02:45,951 [e3fb79a3-1f86-42af-a80c-c46d1acdbc29@group-7855C2F36E53-LeaderElection328] INFO  impl.LeaderElection (LeaderElection.java:logAndReturn(56)) - e3fb79a3-1f86-42af-a80c-c46d1acdbc29@group-7855C2F36E53-LeaderElection328: Election TIMEOUT; received 0 response(s) [] and 0 exception(s); e3fb79a3-1f86-42af-a80c-c46d1acdbc29@group-7855C2F36E53:t358, leader=null, voted=e3fb79a3-1f86-42af-a80c-c46d1acdbc29, raftlog=e3fb79a3-1f86-42af-a80c-c46d1acdbc29@group-7855C2F36E53-SegmentedRaftLog:OPENED:c-1,f-1,i0, conf=-1: [e3fb79a3-1f86-42af-a80c-c46d1acdbc29:192.168.157.194:44142, 81ff859e-e76f-43f5-951a-4a38422068cb:192.168.157.194:46532, a9143d84-6d7f-497d-b770-eb75585db3c7:192.168.157.194:42126], old=null
2019-11-04 16:02:45,955 [e3fb79a3-1f86-42af-a80c-c46d1acdbc29@group-7855C2F36E53-LeaderElection328] INFO  impl.LeaderElection (LeaderElection.java:askForVotes(178)) - e3fb79a3-1f86-42af-a80c-c46d1acdbc29@group-7855C2F36E53-LeaderElection328: begin an election at term 359 for -1: [e3fb79a3-1f86-42af-a80c-c46d1acdbc29:192.168.157.194:44142, 81ff859e-e76f-43f5-951a-4a38422068cb:192.168.157.194:46532, a9143d84-6d7f-497d-b770-eb75585db3c7:192.168.157.194:42126], old=null
2019-11-04 16:02:45,957 [grpc-default-executor-1] INFO  impl.RaftServerImpl (RaftServerImpl.java:setRole(184)) - 81ff859e-e76f-43f5-951a-4a38422068cb@group-7855C2F36E53: changes role from  FOLLOWER to FOLLOWER at term 359 for recognizeCandidate:e3fb79a3-1f86-42af-a80c-c46d1acdbc29
2019-11-04 16:02:45,957 [grpc-default-executor-1] INFO  impl.RoleInfo (RoleInfo.java:shutdownFollowerState(121)) - 81ff859e-e76f-43f5-951a-4a38422068cb: shutdown FollowerState
2019-11-04 16:02:45,958 [grpc-default-executor-1] INFO  impl.RoleInfo (RoleInfo.java:updateAndGet(143)) - 81ff859e-e76f-43f5-951a-4a38422068cb: start FollowerState
2019-11-04 16:02:45,958 [grpc-default-executor-5] INFO  impl.RaftServerImpl (RaftServerImpl.java:setRole(184)) - a9143d84-6d7f-497d-b770-eb75585db3c7@group-7855C2F36E53: changes role from  FOLLOWER to FOLLOWER at term 359 for recognizeCandidate:e3fb79a3-1f86-42af-a80c-c46d1acdbc29
2019-11-04 16:02:45,958 [grpc-default-executor-5] INFO  impl.RoleInfo (RoleInfo.java:shutdownFollowerState(121)) - a9143d84-6d7f-497d-b770-eb75585db3c7: shutdown FollowerState
2019-11-04 16:02:45,958 [Thread-2409] INFO  impl.FollowerState (FollowerState.java:run(117)) - 81ff859e-e76f-43f5-951a-4a38422068cb@group-7855C2F36E53-FollowerState was interrupted: java.lang.InterruptedException: sleep interrupted
2019-11-04 16:02:45,958 [Thread-2410] INFO  impl.FollowerState (FollowerState.java:run(117)) - a9143d84-6d7f-497d-b770-eb75585db3c7@group-7855C2F36E53-FollowerState was interrupted: java.lang.InterruptedException: sleep interrupted
2019-11-04 16:02:45,958 [grpc-default-executor-5] INFO  impl.RoleInfo (RoleInfo.java:updateAndGet(143)) - a9143d84-6d7f-497d-b770-eb75585db3c7: start FollowerState
2019-11-04 16:02:45,972 [e3fb79a3-1f86-42af-a80c-c46d1acdbc29@group-7855C2F36E53-LeaderElection328] INFO  impl.LeaderElection (LeaderElection.java:logAndReturn(56)) - e3fb79a3-1f86-42af-a80c-c46d1acdbc29@group-7855C2F36E53-LeaderElection328: Election REJECTED; received 2 response(s) [e3fb79a3-1f86-42af-a80c-c46d1acdbc29<-81ff859e-e76f-43f5-951a-4a38422068cb#0:FAIL-t359, e3fb79a3-1f86-42af-a80c-c46d1acdbc29<-a9143d84-6d7f-497d-b770-eb75585db3c7#0:FAIL-t359] and 0 exception(s); e3fb79a3-1f86-42af-a80c-c46d1acdbc29@group-7855C2F36E53:t359, leader=null, voted=e3fb79a3-1f86-42af-a80c-c46d1acdbc29, raftlog=e3fb79a3-1f86-42af-a80c-c46d1acdbc29@group-7855C2F36E53-SegmentedRaftLog:OPENED:c-1,f-1,i0, conf=-1: [e3fb79a3-1f86-42af-a80c-c46d1acdbc29:192.168.157.194:44142, 81ff859e-e76f-43f5-951a-4a38422068cb:192.168.157.194:46532, a9143d84-6d7f-497d-b770-eb75585db3c7:192.168.157.194:42126], old=null
2019-11-04 16:02:45,972 [e3fb79a3-1f86-42af-a80c-c46d1acdbc29@group-7855C2F36E53-LeaderElection328] INFO  impl.RaftServerImpl (RaftServerImpl.java:setRole(184)) - e3fb79a3-1f86-42af-a80c-c46d1acdbc29@group-7855C2F36E53: changes role from CANDIDATE to FOLLOWER at term 359 for DISCOVERED_A_NEW_TERM
2019-11-04 16:02:45,972 [e3fb79a3-1f86-42af-a80c-c46d1acdbc29@group-7855C2F36E53-LeaderElection328] INFO  impl.RoleInfo (RoleInfo.java:shutdownLeaderElection(134)) - e3fb79a3-1f86-42af-a80c-c46d1acdbc29: shutdown LeaderElection
2019-11-04 16:02:45,972 [e3fb79a3-1f86-42af-a80c-c46d1acdbc29@group-7855C2F36E53-LeaderElection328] INFO  impl.RoleInfo (RoleInfo.java:updateAndGet(143)) - e3fb79a3-1f86-42af-a80c-c46d1acdbc29: start FollowerState
2019-11-04 16:02:46,091 [Thread-2415] INFO  impl.FollowerState (FollowerState.java:run(108)) - e3fb79a3-1f86-42af-a80c-c46d1acdbc29@group-7855C2F36E53-FollowerState: change to CANDIDATE, lastRpcTime:118ms, electionTimeout:118ms
2019-11-04 16:02:46,091 [Thread-2415] INFO  impl.RoleInfo (RoleInfo.java:shutdownFollowerState(121)) - e3fb79a3-1f86-42af-a80c-c46d1acdbc29: shutdown FollowerState
2019-11-04 16:02:46,091 [Thread-2415] INFO  impl.RaftServerImpl (RaftServerImpl.java:setRole(184)) - e3fb79a3-1f86-42af-a80c-c46d1acdbc29@group-7855C2F36E53: changes role from  FOLLOWER to CANDIDATE at term 359 for changeToCandidate
2019-11-04 16:02:46,091 [Thread-2415] INFO  impl.RoleInfo (RoleInfo.java:updateAndGet(143)) - e3fb79a3-1f86-42af-a80c-c46d1acdbc29: start LeaderElection
2019-11-04 16:02:46,106 [e3fb79a3-1f86-42af-a80c-c46d1acdbc29@group-7855C2F36E53-LeaderElection329] INFO  impl.LeaderElection (LeaderElection.java:askForVotes(178)) - e3fb79a3-1f86-42af-a80c-c46d1acdbc29@group-7855C2F36E53-LeaderElection329: begin an election at term 360 for -1: [e3fb79a3-1f86-42af-a80c-c46d1acdbc29:192.168.157.194:44142, 81ff859e-e76f-43f5-951a-4a38422068cb:192.168.157.194:46532, a9143d84-6d7f-497d-b770-eb75585db3c7:192.168.157.194:42126], old=null
2019-11-04 16:02:46,108 [grpc-default-executor-5] INFO  impl.RaftServerImpl (RaftServerImpl.java:setRole(184)) - 81ff859e-e76f-43f5-951a-4a38422068cb@group-7855C2F36E53: changes role from  FOLLOWER to FOLLOWER at term 360 for recognizeCandidate:e3fb79a3-1f86-42af-a80c-c46d1acdbc29
2019-11-04 16:02:46,108 [grpc-default-executor-5] INFO  impl.RoleInfo (RoleInfo.java:shutdownFollowerState(121)) - 81ff859e-e76f-43f5-951a-4a38422068cb: shutdown FollowerState
2019-11-04 16:02:46,108 [grpc-default-executor-5] INFO  impl.RoleInfo (RoleInfo.java:updateAndGet(143)) - 81ff859e-e76f-43f5-951a-4a38422068cb: start FollowerState
2019-11-04 16:02:46,108 [Thread-2413] INFO  impl.FollowerState (FollowerState.java:run(117)) - 81ff859e-e76f-43f5-951a-4a38422068cb@group-7855C2F36E53-FollowerState was interrupted: java.lang.InterruptedException: sleep interrupted
2019-11-04 16:02:46,109 [grpc-default-executor-1] INFO  impl.RaftServerImpl (RaftServerImpl.java:setRole(184)) - a9143d84-6d7f-497d-b770-eb75585db3c7@group-7855C2F36E53: changes role from  FOLLOWER to FOLLOWER at term 360 for recognizeCandidate:e3fb79a3-1f86-42af-a80c-c46d1acdbc29
2019-11-04 16:02:46,109 [grpc-default-executor-1] INFO  impl.RoleInfo (RoleInfo.java:shutdownFollowerState(121)) - a9143d84-6d7f-497d-b770-eb75585db3c7: shutdown FollowerState
2019-11-04 16:02:46,109 [grpc-default-executor-1] INFO  impl.RoleInfo (RoleInfo.java:updateAndGet(143)) - a9143d84-6d7f-497d-b770-eb75585db3c7: start FollowerState
2019-11-04 16:02:46,109 [Thread-2414] INFO  impl.FollowerState (FollowerState.java:run(117)) - a9143d84-6d7f-497d-b770-eb75585db3c7@group-7855C2F36E53-FollowerState was interrupted: java.lang.InterruptedException: sleep interrupted
2019-11-04 16:02:46,123 [e3fb79a3-1f86-42af-a80c-c46d1acdbc29@group-7855C2F36E53-LeaderElection329] INFO  impl.LeaderElection (LeaderElection.java:logAndReturn(56)) - e3fb79a3-1f86-42af-a80c-c46d1acdbc29@group-7855C2F36E53-LeaderElection329: Election REJECTED; received 2 response(s) [e3fb79a3-1f86-42af-a80c-c46d1acdbc29<-81ff859e-e76f-43f5-951a-4a38422068cb#0:FAIL-t360, e3fb79a3-1f86-42af-a80c-c46d1acdbc29<-a9143d84-6d7f-497d-b770-eb75585db3c7#0:FAIL-t360] and 0 exception(s); e3fb79a3-1f86-42af-a80c-c46d1acdbc29@group-7855C2F36E53:t360, leader=null, voted=e3fb79a3-1f86-42af-a80c-c46d1acdbc29, raftlog=e3fb79a3-1f86-42af-a80c-c46d1acdbc29@group-7855C2F36E53-SegmentedRaftLog:OPENED:c-1,f-1,i0, conf=-1: [e3fb79a3-1f86-42af-a80c-c46d1acdbc29:192.168.157.194:44142, 81ff859e-e76f-43f5-951a-4a38422068cb:192.168.157.194:46532, a9143d84-6d7f-497d-b770-eb75585db3c7:192.168.157.194:42126], old=null
2019-11-04 16:02:46,123 [e3fb79a3-1f86-42af-a80c-c46d1acdbc29@group-7855C2F36E53-LeaderElection329] INFO  impl.RaftServerImpl (RaftServerImpl.java:setRole(184)) - e3fb79a3-1f86-42af-a80c-c46d1acdbc29@group-7855C2F36E53: changes role from CANDIDATE to FOLLOWER at term 360 for DISCOVERED_A_NEW_TERM
2019-11-04 16:02:46,123 [e3fb79a3-1f86-42af-a80c-c46d1acdbc29@group-7855C2F36E53-LeaderElection329] INFO  impl.RoleInfo (RoleInfo.java:shutdownLeaderElection(134)) - e3fb79a3-1f86-42af-a80c-c46d1acdbc29: shutdown LeaderElection
2019-11-04 16:02:46,123 [e3fb79a3-1f86-42af-a80c-c46d1acdbc29@group-7855C2F36E53-LeaderElection329] INFO  impl.RoleInfo (RoleInfo.java:updateAndGet(143)) - e3fb79a3-1f86-42af-a80c-c46d1acdbc29: start FollowerState
2019-11-04 16:02:46,221 [Thread-2421] INFO  impl.FollowerState (FollowerState.java:run(108)) - e3fb79a3-1f86-42af-a80c-c46d1acdbc29@group-7855C2F36E53-FollowerState: change to CANDIDATE, lastRpcTime:97ms, electionTimeout:97ms
2019-11-04 16:02:46,221 [Thread-2421] INFO  impl.RoleInfo (RoleInfo.java:shutdownFollowerState(121)) - e3fb79a3-1f86-42af-a80c-c46d1acdbc29: shutdown FollowerState
2019-11-04 16:02:46,221 [Thread-2421] INFO  impl.RaftServerImpl (RaftServerImpl.java:setRole(184)) - e3fb79a3-1f86-42af-a80c-c46d1acdbc29@group-7855C2F36E53: changes role from  FOLLOWER to CANDIDATE at term 360 for changeToCandidate
2019-11-04 16:02:46,221 [Thread-2421] INFO  impl.RoleInfo (RoleInfo.java:updateAndGet(143)) - e3fb79a3-1f86-42af-a80c-c46d1acdbc29: start LeaderElection
2019-11-04 16:02:46,235 [e3fb79a3-1f86-42af-a80c-c46d1acdbc29@group-7855C2F36E53-LeaderElection330] INFO  impl.LeaderElection (LeaderElection.java:askForVotes(178)) - e3fb79a3-1f86-42af-a80c-c46d1acdbc29@group-7855C2F36E53-LeaderElection330: begin an election at term 361 for -1: [e3fb79a3-1f86-42af-a80c-c46d1acdbc29:192.168.157.194:44142, 81ff859e-e76f-43f5-951a-4a38422068cb:192.168.157.194:46532, a9143d84-6d7f-497d-b770-eb75585db3c7:192.168.157.194:42126], old=null
2019-11-04 16:02:46,236 [grpc-default-executor-1] INFO  impl.RaftServerImpl (RaftServerImpl.java:setRole(184)) - 81ff859e-e76f-43f5-951a-4a38422068cb@group-7855C2F36E53: changes role from  FOLLOWER to FOLLOWER at term 361 for recognizeCandidate:e3fb79a3-1f86-42af-a80c-c46d1acdbc29
2019-11-04 16:02:46,236 [grpc-default-executor-1] INFO  impl.RoleInfo (RoleInfo.java:shutdownFollowerState(121)) - 81ff859e-e76f-43f5-951a-4a38422068cb: shutdown FollowerState
2019-11-04 16:02:46,237 [grpc-default-executor-1] INFO  impl.RoleInfo (RoleInfo.java:updateAndGet(143)) - 81ff859e-e76f-43f5-951a-4a38422068cb: start FollowerState
2019-11-04 16:02:46,237 [grpc-default-executor-5] INFO  impl.RaftServerImpl (RaftServerImpl.java:setRole(184)) - a9143d84-6d7f-497d-b770-eb75585db3c7@group-7855C2F36E53: changes role from  FOLLOWER to FOLLOWER at term 361 for recognizeCandidate:e3fb79a3-1f86-42af-a80c-c46d1acdbc29
2019-11-04 16:02:46,237 [grpc-default-executor-5] INFO  impl.RoleInfo (RoleInfo.java:shutdownFollowerState(121)) - a9143d84-6d7f-497d-b770-eb75585db3c7: shutdown FollowerState
2019-11-04 16:02:46,237 [Thread-2419] INFO  impl.FollowerState (FollowerState.java:run(117)) - 81ff859e-e76f-43f5-951a-4a38422068cb@group-7855C2F36E53-FollowerState was interrupted: java.lang.InterruptedException: sleep interrupted
2019-11-04 16:02:46,237 [Thread-2420] INFO  impl.FollowerState (FollowerState.java:run(117)) - a9143d84-6d7f-497d-b770-eb75585db3c7@group-7855C2F36E53-FollowerState was interrupted: java.lang.InterruptedException: sleep interrupted
2019-11-04 16:02:46,237 [grpc-default-executor-5] INFO  impl.RoleInfo (RoleInfo.java:updateAndGet(143)) - a9143d84-6d7f-497d-b770-eb75585db3c7: start FollowerState
2019-11-04 16:02:46,252 [e3fb79a3-1f86-42af-a80c-c46d1acdbc29@group-7855C2F36E53-LeaderElection330] INFO  impl.LeaderElection (LeaderElection.java:logAndReturn(56)) - e3fb79a3-1f86-42af-a80c-c46d1acdbc29@group-7855C2F36E53-LeaderElection330: Election REJECTED; received 2 response(s) [e3fb79a3-1f86-42af-a80c-c46d1acdbc29<-81ff859e-e76f-43f5-951a-4a38422068cb#0:FAIL-t361, e3fb79a3-1f86-42af-a80c-c46d1acdbc29<-a9143d84-6d7f-497d-b770-eb75585db3c7#0:FAIL-t361] and 0 exception(s); e3fb79a3-1f86-42af-a80c-c46d1acdbc29@group-7855C2F36E53:t361, leader=null, voted=e3fb79a3-1f86-42af-a80c-c46d1acdbc29, raftlog=e3fb79a3-1f86-42af-a80c-c46d1acdbc29@group-7855C2F36E53-SegmentedRaftLog:OPENED:c-1,f-1,i0, conf=-1: [e3fb79a3-1f86-42af-a80c-c46d1acdbc29:192.168.157.194:44142, 81ff859e-e76f-43f5-951a-4a38422068cb:192.168.157.194:46532, a9143d84-6d7f-497d-b770-eb75585db3c7:192.168.157.194:42126], old=null
2019-11-04 16:02:46,252 [e3fb79a3-1f86-42af-a80c-c46d1acdbc29@group-7855C2F36E53-LeaderElection330] INFO  impl.RaftServerImpl (RaftServerImpl.java:setRole(184)) - e3fb79a3-1f86-42af-a80c-c46d1acdbc29@group-7855C2F36E53: changes role from CANDIDATE to FOLLOWER at term 361 for DISCOVERED_A_NEW_TERM
2019-11-04 16:02:46,252 [e3fb79a3-1f86-42af-a80c-c46d1acdbc29@group-7855C2F36E53-LeaderElection330] INFO  impl.RoleInfo (RoleInfo.java:shutdownLeaderElection(134)) - e3fb79a3-1f86-42af-a80c-c46d1acdbc29: shutdown LeaderElection
2019-11-04 16:02:46,252 [e3fb79a3-1f86-42af-a80c-c46d1acdbc29@group-7855C2F36E53-LeaderElection330] INFO  impl.RoleInfo (RoleInfo.java:updateAndGet(143)) - e3fb79a3-1f86-42af-a80c-c46d1acdbc29: start FollowerState
2019-11-04 16:02:46,428 [Thread-2427] INFO  impl.FollowerState (FollowerState.java:run(108)) - e3fb79a3-1f86-42af-a80c-c46d1acdbc29@group-7855C2F36E53-FollowerState: change to CANDIDATE, lastRpcTime:176ms, electionTimeout:176ms
2019-11-04 16:02:46,429 [Thread-2427] INFO  impl.RoleInfo (RoleInfo.java:shutdownFollowerState(121)) - e3fb79a3-1f86-42af-a80c-c46d1acdbc29: shutdown FollowerState
2019-11-04 16:02:46,429 [Thread-2427] INFO  impl.RaftServerImpl (RaftServerImpl.java:setRole(184)) - e3fb79a3-1f86-42af-a80c-c46d1acdbc29@group-7855C2F36E53: changes role from  FOLLOWER to CANDIDATE at term 361 for changeToCandidate
2019-11-04 16:02:46,429 [Thread-2427] INFO  impl.RoleInfo (RoleInfo.java:updateAndGet(143)) - e3fb79a3-1f86-42af-a80c-c46d1acdbc29: start LeaderElection
2019-11-04 16:02:46,454 [e3fb79a3-1f86-42af-a80c-c46d1acdbc29@group-7855C2F36E53-LeaderElection331] INFO  impl.LeaderElection (LeaderElection.java:askForVotes(178)) - e3fb79a3-1f86-42af-a80c-c46d1acdbc29@group-7855C2F36E53-LeaderElection331: begin an election at term 362 for -1: [e3fb79a3-1f86-42af-a80c-c46d1acdbc29:192.168.157.194:44142, 81ff859e-e76f-43f5-951a-4a38422068cb:192.168.157.194:46532, a9143d84-6d7f-497d-b770-eb75585db3c7:192.168.157.194:42126], old=null
2019-11-04 16:02:46,457 [grpc-default-executor-5] INFO  impl.RaftServerImpl (RaftServerImpl.java:setRole(184)) - 81ff859e-e76f-43f5-951a-4a38422068cb@group-7855C2F36E53: changes role from  FOLLOWER to FOLLOWER at term 362 for recognizeCandidate:e3fb79a3-1f86-42af-a80c-c46d1acdbc29
2019-11-04 16:02:46,457 [grpc-default-executor-5] INFO  impl.RoleInfo (RoleInfo.java:shutdownFollowerState(121)) - 81ff859e-e76f-43f5-951a-4a38422068cb: shutdown FollowerState
2019-11-04 16:02:46,457 [grpc-default-executor-5] INFO  impl.RoleInfo (RoleInfo.java:updateAndGet(143)) - 81ff859e-e76f-43f5-951a-4a38422068cb: start FollowerState
2019-11-04 16:02:46,457 [Thread-2425] INFO  impl.FollowerState (FollowerState.java:run(117)) - 81ff859e-e76f-43f5-951a-4a38422068cb@group-7855C2F36E53-FollowerState was interrupted: java.lang.InterruptedException: sleep interrupted
2019-11-04 16:02:46,457 [grpc-default-executor-1] INFO  impl.RaftServerImpl (RaftServerImpl.java:setRole(184)) - a9143d84-6d7f-497d-b770-eb75585db3c7@group-7855C2F36E53: changes role from  FOLLOWER to FOLLOWER at term 362 for recognizeCandidate:e3fb79a3-1f86-42af-a80c-c46d1acdbc29
2019-11-04 16:02:46,457 [grpc-default-executor-1] INFO  impl.RoleInfo (RoleInfo.java:shutdownFollowerState(121)) - a9143d84-6d7f-497d-b770-eb75585db3c7: shutdown FollowerState
2019-11-04 16:02:46,458 [grpc-default-executor-1] INFO  impl.RoleInfo (RoleInfo.java:updateAndGet(143)) - a9143d84-6d7f-497d-b770-eb75585db3c7: start FollowerState
2019-11-04 16:02:46,458 [Thread-2426] INFO  impl.FollowerState (FollowerState.java:run(117)) - a9143d84-6d7f-497d-b770-eb75585db3c7@group-7855C2F36E53-FollowerState was interrupted: java.lang.InterruptedException: sleep interrupted
2019-11-04 16:02:46,487 [e3fb79a3-1f86-42af-a80c-c46d1acdbc29@group-7855C2F36E53-LeaderElection331] INFO  impl.LeaderElection (LeaderElection.java:logAndReturn(56)) - e3fb79a3-1f86-42af-a80c-c46d1acdbc29@group-7855C2F36E53-LeaderElection331: Election TIMEOUT; received 0 response(s) [] and 0 exception(s); e3fb79a3-1f86-42af-a80c-c46d1acdbc29@group-7855C2F36E53:t362, leader=null, voted=e3fb79a3-1f86-42af-a80c-c46d1acdbc29, raftlog=e3fb79a3-1f86-42af-a80c-c46d1acdbc29@group-7855C2F36E53-SegmentedRaftLog:OPENED:c-1,f-1,i0, conf=-1: [e3fb79a3-1f86-42af-a80c-c46d1acdbc29:192.168.157.194:44142, 81ff859e-e76f-43f5-951a-4a38422068cb:192.168.157.194:46532, a9143d84-6d7f-497d-b770-eb75585db3c7:192.168.157.194:42126], old=null
2019-11-04 16:02:46,504 [e3fb79a3-1f86-42af-a80c-c46d1acdbc29@group-7855C2F36E53-LeaderElection331] INFO  impl.LeaderElection (LeaderElection.java:askForVotes(178)) - e3fb79a3-1f86-42af-a80c-c46d1acdbc29@group-7855C2F36E53-LeaderElection331: begin an election at term 363 for -1: [e3fb79a3-1f86-42af-a80c-c46d1acdbc29:192.168.157.194:44142, 81ff859e-e76f-43f5-951a-4a38422068cb:192.168.157.194:46532, a9143d84-6d7f-497d-b770-eb75585db3c7:192.168.157.194:42126], old=null
2019-11-04 16:02:46,506 [grpc-default-executor-5] INFO  impl.RaftServerImpl (RaftServerImpl.java:setRole(184)) - 81ff859e-e76f-43f5-951a-4a38422068cb@group-7855C2F36E53: changes role from  FOLLOWER to FOLLOWER at term 363 for recognizeCandidate:e3fb79a3-1f86-42af-a80c-c46d1acdbc29
2019-11-04 16:02:46,507 [grpc-default-executor-1] INFO  impl.RaftServerImpl (RaftServerImpl.java:setRole(184)) - a9143d84-6d7f-497d-b770-eb75585db3c7@group-7855C2F36E53: changes role from  FOLLOWER to FOLLOWER at term 363 for recognizeCandidate:e3fb79a3-1f86-42af-a80c-c46d1acdbc29
2019-11-04 16:02:46,507 [grpc-default-executor-1] INFO  impl.RoleInfo (RoleInfo.java:shutdownFollowerState(121)) - a9143d84-6d7f-497d-b770-eb75585db3c7: shutdown FollowerState
2019-11-04 16:02:46,507 [grpc-default-executor-5] INFO  impl.RoleInfo (RoleInfo.java:shutdownFollowerState(121)) - 81ff859e-e76f-43f5-951a-4a38422068cb: shutdown FollowerState
2019-11-04 16:02:46,507 [grpc-default-executor-5] INFO  impl.RoleInfo (RoleInfo.java:updateAndGet(143)) - 81ff859e-e76f-43f5-951a-4a38422068cb: start FollowerState
2019-11-04 16:02:46,507 [Thread-2434] INFO  impl.FollowerState (FollowerState.java:run(117)) - a9143d84-6d7f-497d-b770-eb75585db3c7@group-7855C2F36E53-FollowerState was interrupted: java.lang.InterruptedException: sleep interrupted
2019-11-04 16:02:46,507 [grpc-default-executor-1] INFO  impl.RoleInfo (RoleInfo.java:updateAndGet(143)) - a9143d84-6d7f-497d-b770-eb75585db3c7: start FollowerState
2019-11-04 16:02:46,507 [Thread-2433] INFO  impl.FollowerState (FollowerState.java:run(117)) - 81ff859e-e76f-43f5-951a-4a38422068cb@group-7855C2F36E53-FollowerState was interrupted: java.lang.InterruptedException: sleep interrupted
2019-11-04 16:02:46,525 [e3fb79a3-1f86-42af-a80c-c46d1acdbc29@group-7855C2F36E53-LeaderElection331] INFO  impl.LeaderElection (LeaderElection.java:logAndReturn(56)) - e3fb79a3-1f86-42af-a80c-c46d1acdbc29@group-7855C2F36E53-LeaderElection331: Election REJECTED; received 2 response(s) [e3fb79a3-1f86-42af-a80c-c46d1acdbc29<-81ff859e-e76f-43f5-951a-4a38422068cb#0:FAIL-t363, e3fb79a3-1f86-42af-a80c-c46d1acdbc29<-a9143d84-6d7f-497d-b770-eb75585db3c7#0:FAIL-t363] and 0 exception(s); e3fb79a3-1f86-42af-a80c-c46d1acdbc29@group-7855C2F36E53:t363, leader=null, voted=e3fb79a3-1f86-42af-a80c-c46d1acdbc29, raftlog=e3fb79a3-1f86-42af-a80c-c46d1acdbc29@group-7855C2F36E53-SegmentedRaftLog:OPENED:c-1,f-1,i0, conf=-1: [e3fb79a3-1f86-42af-a80c-c46d1acdbc29:192.168.157.194:44142, 81ff859e-e76f-43f5-951a-4a38422068cb:192.168.157.194:46532, a9143d84-6d7f-497d-b770-eb75585db3c7:192.168.157.194:42126], old=null
2019-11-04 16:02:46,526 [e3fb79a3-1f86-42af-a80c-c46d1acdbc29@group-7855C2F36E53-LeaderElection331] INFO  impl.RaftServerImpl (RaftServerImpl.java:setRole(184)) - e3fb79a3-1f86-42af-a80c-c46d1acdbc29@group-7855C2F36E53: changes role from CANDIDATE to FOLLOWER at term 363 for DISCOVERED_A_NEW_TERM
2019-11-04 16:02:46,526 [e3fb79a3-1f86-42af-a80c-c46d1acdbc29@group-7855C2F36E53-LeaderElection331] INFO  impl.RoleInfo (RoleInfo.java:shutdownLeaderElection(134)) - e3fb79a3-1f86-42af-a80c-c46d1acdbc29: shutdown LeaderElection
2019-11-04 16:02:46,526 [e3fb79a3-1f86-42af-a80c-c46d1acdbc29@group-7855C2F36E53-LeaderElection331] INFO  impl.RoleInfo (RoleInfo.java:updateAndGet(143)) - e3fb79a3-1f86-42af-a80c-c46d1acdbc29: start FollowerState
2019-11-04 16:02:46,556 [Thread-2439] INFO  impl.FollowerState (FollowerState.java:run(108)) - e3fb79a3-1f86-42af-a80c-c46d1acdbc29@group-7855C2F36E53-FollowerState: change to CANDIDATE, lastRpcTime:30ms, electionTimeout:30ms
2019-11-04 16:02:46,557 [Thread-2439] INFO  impl.RoleInfo (RoleInfo.java:shutdownFollowerState(121)) - e3fb79a3-1f86-42af-a80c-c46d1acdbc29: shutdown FollowerState
2019-11-04 16:02:46,557 [Thread-2439] INFO  impl.RaftServerImpl (RaftServerImpl.java:setRole(184)) - e3fb79a3-1f86-42af-a80c-c46d1acdbc29@group-7855C2F36E53: changes role from  FOLLOWER to CANDIDATE at term 363 for changeToCandidate
2019-11-04 16:02:46,557 [Thread-2439] INFO  impl.RoleInfo (RoleInfo.java:updateAndGet(143)) - e3fb79a3-1f86-42af-a80c-c46d1acdbc29: start LeaderElection
2019-11-04 16:02:46,582 [e3fb79a3-1f86-42af-a80c-c46d1acdbc29@group-7855C2F36E53-LeaderElection332] INFO  impl.LeaderElection (LeaderElection.java:askForVotes(178)) - e3fb79a3-1f86-42af-a80c-c46d1acdbc29@group-7855C2F36E53-LeaderElection332: begin an election at term 364 for -1: [e3fb79a3-1f86-42af-a80c-c46d1acdbc29:192.168.157.194:44142, 81ff859e-e76f-43f5-951a-4a38422068cb:192.168.157.194:46532, a9143d84-6d7f-497d-b770-eb75585db3c7:192.168.157.194:42126], old=null
2019-11-04 16:02:46,584 [grpc-default-executor-5] INFO  impl.RaftServerImpl (RaftServerImpl.java:setRole(184)) - 81ff859e-e76f-43f5-951a-4a38422068cb@group-7855C2F36E53: changes role from  FOLLOWER to FOLLOWER at term 364 for recognizeCandidate:e3fb79a3-1f86-42af-a80c-c46d1acdbc29
2019-11-04 16:02:46,585 [grpc-default-executor-5] INFO  impl.RoleInfo (RoleInfo.java:shutdownFollowerState(121)) - 81ff859e-e76f-43f5-951a-4a38422068cb: shutdown FollowerState
2019-11-04 16:02:46,585 [grpc-default-executor-1] INFO  impl.RaftServerImpl (RaftServerImpl.java:setRole(184)) - a9143d84-6d7f-497d-b770-eb75585db3c7@group-7855C2F36E53: changes role from  FOLLOWER to FOLLOWER at term 364 for recognizeCandidate:e3fb79a3-1f86-42af-a80c-c46d1acdbc29
2019-11-04 16:02:46,585 [grpc-default-executor-1] INFO  impl.RoleInfo (RoleInfo.java:shutdownFollowerState(121)) - a9143d84-6d7f-497d-b770-eb75585db3c7: shutdown FollowerState
2019-11-04 16:02:46,585 [Thread-2438] INFO  impl.FollowerState (FollowerState.java:run(117)) - 81ff859e-e76f-43f5-951a-4a38422068cb@group-7855C2F36E53-FollowerState was interrupted: java.lang.InterruptedException: sleep interrupted
2019-11-04 16:02:46,585 [grpc-default-executor-5] INFO  impl.RoleInfo (RoleInfo.java:updateAndGet(143)) - 81ff859e-e76f-43f5-951a-4a38422068cb: start FollowerState
2019-11-04 16:02:46,585 [Thread-2437] INFO  impl.FollowerState (FollowerState.java:run(117)) - a9143d84-6d7f-497d-b770-eb75585db3c7@group-7855C2F36E53-FollowerState was interrupted: java.lang.InterruptedException: sleep interrupted
2019-11-04 16:02:46,585 [grpc-default-executor-1] INFO  impl.RoleInfo (RoleInfo.java:updateAndGet(143)) - a9143d84-6d7f-497d-b770-eb75585db3c7: start FollowerState
2019-11-04 16:02:46,605 [e3fb79a3-1f86-42af-a80c-c46d1acdbc29@group-7855C2F36E53-LeaderElection332] INFO  impl.LeaderElection (LeaderElection.java:logAndReturn(56)) - e3fb79a3-1f86-42af-a80c-c46d1acdbc29@group-7855C2F36E53-LeaderElection332: Election TIMEOUT; received 0 response(s) [] and 0 exception(s); e3fb79a3-1f86-42af-a80c-c46d1acdbc29@group-7855C2F36E53:t364, leader=null, voted=e3fb79a3-1f86-42af-a80c-c46d1acdbc29, raftlog=e3fb79a3-1f86-42af-a80c-c46d1acdbc29@group-7855C2F36E53-SegmentedRaftLog:OPENED:c-1,f-1,i0, conf=-1: [e3fb79a3-1f86-42af-a80c-c46d1acdbc29:192.168.157.194:44142, 81ff859e-e76f-43f5-951a-4a38422068cb:192.168.157.194:46532, a9143d84-6d7f-497d-b770-eb75585db3c7:192.168.157.194:42126], old=null
2019-11-04 16:02:46,609 [e3fb79a3-1f86-42af-a80c-c46d1acdbc29@group-7855C2F36E53-LeaderElection332] INFO  impl.LeaderElection (LeaderElection.java:askForVotes(178)) - e3fb79a3-1f86-42af-a80c-c46d1acdbc29@group-7855C2F36E53-LeaderElection332: begin an election at term 365 for -1: [e3fb79a3-1f86-42af-a80c-c46d1acdbc29:192.168.157.194:44142, 81ff859e-e76f-43f5-951a-4a38422068cb:192.168.157.194:46532, a9143d84-6d7f-497d-b770-eb75585db3c7:192.168.157.194:42126], old=null
2019-11-04 16:02:46,611 [grpc-default-executor-5] INFO  impl.RaftServerImpl (RaftServerImpl.java:setRole(184)) - 81ff859e-e76f-43f5-951a-4a38422068cb@group-7855C2F36E53: changes role from  FOLLOWER to FOLLOWER at term 365 for recognizeCandidate:e3fb79a3-1f86-42af-a80c-c46d1acdbc29
2019-11-04 16:02:46,611 [grpc-default-executor-5] INFO  impl.RoleInfo (RoleInfo.java:shutdownFollowerState(121)) - 81ff859e-e76f-43f5-951a-4a38422068cb: shutdown FollowerState
2019-11-04 16:02:46,611 [grpc-default-executor-5] INFO  impl.RoleInfo (RoleInfo.java:updateAndGet(143)) - 81ff859e-e76f-43f5-951a-4a38422068cb: start FollowerState
2019-11-04 16:02:46,611 [Thread-2443] INFO  impl.FollowerState (FollowerState.java:run(117)) - 81ff859e-e76f-43f5-951a-4a38422068cb@group-7855C2F36E53-FollowerState was interrupted: java.lang.InterruptedException: sleep interrupted
2019-11-04 16:02:46,611 [grpc-default-executor-1] INFO  impl.RaftServerImpl (RaftServerImpl.java:setRole(184)) - a9143d84-6d7f-497d-b770-eb75585db3c7@group-7855C2F36E53: changes role from  FOLLOWER to FOLLOWER at term 365 for recognizeCandidate:e3fb79a3-1f86-42af-a80c-c46d1acdbc29
2019-11-04 16:02:46,611 [grpc-default-executor-1] INFO  impl.RoleInfo (RoleInfo.java:shutdownFollowerState(121)) - a9143d84-6d7f-497d-b770-eb75585db3c7: shutdown FollowerState
2019-11-04 16:02:46,611 [grpc-default-executor-1] INFO  impl.RoleInfo (RoleInfo.java:updateAndGet(143)) - a9143d84-6d7f-497d-b770-eb75585db3c7: start FollowerState
2019-11-04 16:02:46,612 [Thread-2444] INFO  impl.FollowerState (FollowerState.java:run(117)) - a9143d84-6d7f-497d-b770-eb75585db3c7@group-7855C2F36E53-FollowerState was interrupted: java.lang.InterruptedException: sleep interrupted
2019-11-04 16:02:46,626 [e3fb79a3-1f86-42af-a80c-c46d1acdbc29@group-7855C2F36E53-LeaderElection332] INFO  impl.LeaderElection (LeaderElection.java:logAndReturn(56)) - e3fb79a3-1f86-42af-a80c-c46d1acdbc29@group-7855C2F36E53-LeaderElection332: Election REJECTED; received 2 response(s) [e3fb79a3-1f86-42af-a80c-c46d1acdbc29<-81ff859e-e76f-43f5-951a-4a38422068cb#0:FAIL-t365, e3fb79a3-1f86-42af-a80c-c46d1acdbc29<-a9143d84-6d7f-497d-b770-eb75585db3c7#0:FAIL-t365] and 0 exception(s); e3fb79a3-1f86-42af-a80c-c46d1acdbc29@group-7855C2F36E53:t365, leader=null, voted=e3fb79a3-1f86-42af-a80c-c46d1acdbc29, raftlog=e3fb79a3-1f86-42af-a80c-c46d1acdbc29@group-7855C2F36E53-SegmentedRaftLog:OPENED:c-1,f-1,i0, conf=-1: [e3fb79a3-1f86-42af-a80c-c46d1acdbc29:192.168.157.194:44142, 81ff859e-e76f-43f5-951a-4a38422068cb:192.168.157.194:46532, a9143d84-6d7f-497d-b770-eb75585db3c7:192.168.157.194:42126], old=null
2019-11-04 16:02:46,626 [e3fb79a3-1f86-42af-a80c-c46d1acdbc29@group-7855C2F36E53-LeaderElection332] INFO  impl.RaftServerImpl (RaftServerImpl.java:setRole(184)) - e3fb79a3-1f86-42af-a80c-c46d1acdbc29@group-7855C2F36E53: changes role from CANDIDATE to FOLLOWER at term 365 for DISCOVERED_A_NEW_TERM
2019-11-04 16:02:46,626 [e3fb79a3-1f86-42af-a80c-c46d1acdbc29@group-7855C2F36E53-LeaderElection332] INFO  impl.RoleInfo (RoleInfo.java:shutdownLeaderElection(134)) - e3fb79a3-1f86-42af-a80c-c46d1acdbc29: shutdown LeaderElection
2019-11-04 16:02:46,626 [e3fb79a3-1f86-42af-a80c-c46d1acdbc29@group-7855C2F36E53-LeaderElection332] INFO  impl.RoleInfo (RoleInfo.java:updateAndGet(143)) - e3fb79a3-1f86-42af-a80c-c46d1acdbc29: start FollowerState
2019-11-04 16:02:46,770 [Thread-2449] INFO  impl.FollowerState (FollowerState.java:run(108)) - e3fb79a3-1f86-42af-a80c-c46d1acdbc29@group-7855C2F36E53-FollowerState: change to CANDIDATE, lastRpcTime:143ms, electionTimeout:143ms
2019-11-04 16:02:46,770 [Thread-2449] INFO  impl.RoleInfo (RoleInfo.java:shutdownFollowerState(121)) - e3fb79a3-1f86-42af-a80c-c46d1acdbc29: shutdown FollowerState
2019-11-04 16:02:46,770 [Thread-2449] INFO  impl.RaftServerImpl (RaftServerImpl.java:setRole(184)) - e3fb79a3-1f86-42af-a80c-c46d1acdbc29@group-7855C2F36E53: changes role from  FOLLOWER to CANDIDATE at term 365 for changeToCandidate
2019-11-04 16:02:46,770 [Thread-2449] INFO  impl.RoleInfo (RoleInfo.java:updateAndGet(143)) - e3fb79a3-1f86-42af-a80c-c46d1acdbc29: start LeaderElection
2019-11-04 16:02:46,792 [e3fb79a3-1f86-42af-a80c-c46d1acdbc29@group-7855C2F36E53-LeaderElection333] INFO  impl.LeaderElection (LeaderElection.java:askForVotes(178)) - e3fb79a3-1f86-42af-a80c-c46d1acdbc29@group-7855C2F36E53-LeaderElection333: begin an election at term 366 for -1: [e3fb79a3-1f86-42af-a80c-c46d1acdbc29:192.168.157.194:44142, 81ff859e-e76f-43f5-951a-4a38422068cb:192.168.157.194:46532, a9143d84-6d7f-497d-b770-eb75585db3c7:192.168.157.194:42126], old=null
2019-11-04 16:02:46,794 [grpc-default-executor-5] INFO  impl.RaftServerImpl (RaftServerImpl.java:setRole(184)) - 81ff859e-e76f-43f5-951a-4a38422068cb@group-7855C2F36E53: changes role from  FOLLOWER to FOLLOWER at term 366 for recognizeCandidate:e3fb79a3-1f86-42af-a80c-c46d1acdbc29
2019-11-04 16:02:46,794 [grpc-default-executor-5] INFO  impl.RoleInfo (RoleInfo.java:shutdownFollowerState(121)) - 81ff859e-e76f-43f5-951a-4a38422068cb: shutdown FollowerState
2019-11-04 16:02:46,794 [grpc-default-executor-5] INFO  impl.RoleInfo (RoleInfo.java:updateAndGet(143)) - 81ff859e-e76f-43f5-951a-4a38422068cb: start FollowerState
2019-11-04 16:02:46,794 [Thread-2447] INFO  impl.FollowerState (FollowerState.java:run(117)) - 81ff859e-e76f-43f5-951a-4a38422068cb@group-7855C2F36E53-FollowerState was interrupted: java.lang.InterruptedException: sleep interrupted
2019-11-04 16:02:46,794 [grpc-default-executor-1] INFO  impl.RaftServerImpl (RaftServerImpl.java:setRole(184)) - a9143d84-6d7f-497d-b770-eb75585db3c7@group-7855C2F36E53: changes role from  FOLLOWER to FOLLOWER at term 366 for recognizeCandidate:e3fb79a3-1f86-42af-a80c-c46d1acdbc29
2019-11-04 16:02:46,795 [grpc-default-executor-1] INFO  impl.RoleInfo (RoleInfo.java:shutdownFollowerState(121)) - a9143d84-6d7f-497d-b770-eb75585db3c7: shutdown FollowerState
2019-11-04 16:02:46,795 [grpc-default-executor-1] INFO  impl.RoleInfo (RoleInfo.java:updateAndGet(143)) - a9143d84-6d7f-497d-b770-eb75585db3c7: start FollowerState
2019-11-04 16:02:46,795 [Thread-2448] INFO  impl.FollowerState (FollowerState.java:run(117)) - a9143d84-6d7f-497d-b770-eb75585db3c7@group-7855C2F36E53-FollowerState was interrupted: java.lang.InterruptedException: sleep interrupted
2019-11-04 16:02:46,821 [e3fb79a3-1f86-42af-a80c-c46d1acdbc29@group-7855C2F36E53-LeaderElection333] INFO  impl.LeaderElection (LeaderElection.java:logAndReturn(56)) - e3fb79a3-1f86-42af-a80c-c46d1acdbc29@group-7855C2F36E53-LeaderElection333: Election REJECTED; received 2 response(s) [e3fb79a3-1f86-42af-a80c-c46d1acdbc29<-81ff859e-e76f-43f5-951a-4a38422068cb#0:FAIL-t366, e3fb79a3-1f86-42af-a80c-c46d1acdbc29<-a9143d84-6d7f-497d-b770-eb75585db3c7#0:FAIL-t366] and 0 exception(s); e3fb79a3-1f86-42af-a80c-c46d1acdbc29@group-7855C2F36E53:t366, leader=null, voted=e3fb79a3-1f86-42af-a80c-c46d1acdbc29, raftlog=e3fb79a3-1f86-42af-a80c-c46d1acdbc29@group-7855C2F36E53-SegmentedRaftLog:OPENED:c-1,f-1,i0, conf=-1: [e3fb79a3-1f86-42af-a80c-c46d1acdbc29:192.168.157.194:44142, 81ff859e-e76f-43f5-951a-4a38422068cb:192.168.157.194:46532, a9143d84-6d7f-497d-b770-eb75585db3c7:192.168.157.194:42126], old=null
2019-11-04 16:02:46,821 [e3fb79a3-1f86-42af-a80c-c46d1acdbc29@group-7855C2F36E53-LeaderElection333] INFO  impl.RaftServerImpl (RaftServerImpl.java:setRole(184)) - e3fb79a3-1f86-42af-a80c-c46d1acdbc29@group-7855C2F36E53: changes role from CANDIDATE to FOLLOWER at term 366 for DISCOVERED_A_NEW_TERM
2019-11-04 16:02:46,821 [e3fb79a3-1f86-42af-a80c-c46d1acdbc29@group-7855C2F36E53-LeaderElection333] INFO  impl.RoleInfo (RoleInfo.java:shutdownLeaderElection(134)) - e3fb79a3-1f86-42af-a80c-c46d1acdbc29: shutdown LeaderElection
2019-11-04 16:02:46,821 [e3fb79a3-1f86-42af-a80c-c46d1acdbc29@group-7855C2F36E53-LeaderElection333] INFO  impl.RoleInfo (RoleInfo.java:updateAndGet(143)) - e3fb79a3-1f86-42af-a80c-c46d1acdbc29: start FollowerState
2019-11-04 16:02:46,970 [Thread-2455] INFO  impl.FollowerState (FollowerState.java:run(108)) - e3fb79a3-1f86-42af-a80c-c46d1acdbc29@group-7855C2F36E53-FollowerState: change to CANDIDATE, lastRpcTime:149ms, electionTimeout:149ms
2019-11-04 16:02:46,971 [Thread-2455] INFO  impl.RoleInfo (RoleInfo.java:shutdownFollowerState(121)) - e3fb79a3-1f86-42af-a80c-c46d1acdbc29: shutdown FollowerState
2019-11-04 16:02:46,971 [Thread-2455] INFO  impl.RaftServerImpl (RaftServerImpl.java:setRole(184)) - e3fb79a3-1f86-42af-a80c-c46d1acdbc29@group-7855C2F36E53: changes role from  FOLLOWER to CANDIDATE at term 366 for changeToCandidate
2019-11-04 16:02:46,971 [Thread-2455] INFO  impl.RoleInfo (RoleInfo.java:updateAndGet(143)) - e3fb79a3-1f86-42af-a80c-c46d1acdbc29: start LeaderElection
2019-11-04 16:02:46,993 [e3fb79a3-1f86-42af-a80c-c46d1acdbc29@group-7855C2F36E53-LeaderElection334] INFO  impl.LeaderElection (LeaderElection.java:askForVotes(178)) - e3fb79a3-1f86-42af-a80c-c46d1acdbc29@group-7855C2F36E53-LeaderElection334: begin an election at term 367 for -1: [e3fb79a3-1f86-42af-a80c-c46d1acdbc29:192.168.157.194:44142, 81ff859e-e76f-43f5-951a-4a38422068cb:192.168.157.194:46532, a9143d84-6d7f-497d-b770-eb75585db3c7:192.168.157.194:42126], old=null
2019-11-04 16:02:46,995 [grpc-default-executor-1] INFO  impl.RaftServerImpl (RaftServerImpl.java:setRole(184)) - 81ff859e-e76f-43f5-951a-4a38422068cb@group-7855C2F36E53: changes role from  FOLLOWER to FOLLOWER at term 367 for recognizeCandidate:e3fb79a3-1f86-42af-a80c-c46d1acdbc29
2019-11-04 16:02:46,996 [grpc-default-executor-1] INFO  impl.RoleInfo (RoleInfo.java:shutdownFollowerState(121)) - 81ff859e-e76f-43f5-951a-4a38422068cb: shutdown FollowerState
2019-11-04 16:02:46,996 [grpc-default-executor-1] INFO  impl.RoleInfo (RoleInfo.java:updateAndGet(143)) - 81ff859e-e76f-43f5-951a-4a38422068cb: start FollowerState
2019-11-04 16:02:46,996 [Thread-2453] INFO  impl.FollowerState (FollowerState.java:run(117)) - 81ff859e-e76f-43f5-951a-4a38422068cb@group-7855C2F36E53-FollowerState was interrupted: java.lang.InterruptedException: sleep interrupted
2019-11-04 16:02:46,996 [grpc-default-executor-5] INFO  impl.RaftServerImpl (RaftServerImpl.java:setRole(184)) - a9143d84-6d7f-497d-b770-eb75585db3c7@group-7855C2F36E53: changes role from  FOLLOWER to FOLLOWER at term 367 for recognizeCandidate:e3fb79a3-1f86-42af-a80c-c46d1acdbc29
2019-11-04 16:02:46,996 [grpc-default-executor-5] INFO  impl.RoleInfo (RoleInfo.java:shutdownFollowerState(121)) - a9143d84-6d7f-497d-b770-eb75585db3c7: shutdown FollowerState
2019-11-04 16:02:46,996 [grpc-default-executor-5] INFO  impl.RoleInfo (RoleInfo.java:updateAndGet(143)) - a9143d84-6d7f-497d-b770-eb75585db3c7: start FollowerState
2019-11-04 16:02:46,997 [Thread-2454] INFO  impl.FollowerState (FollowerState.java:run(117)) - a9143d84-6d7f-497d-b770-eb75585db3c7@group-7855C2F36E53-FollowerState was interrupted: java.lang.InterruptedException: sleep interrupted
2019-11-04 16:02:47,024 [e3fb79a3-1f86-42af-a80c-c46d1acdbc29@group-7855C2F36E53-LeaderElection334] INFO  impl.LeaderElection (LeaderElection.java:logAndReturn(56)) - e3fb79a3-1f86-42af-a80c-c46d1acdbc29@group-7855C2F36E53-LeaderElection334: Election REJECTED; received 2 response(s) [e3fb79a3-1f86-42af-a80c-c46d1acdbc29<-81ff859e-e76f-43f5-951a-4a38422068cb#0:FAIL-t367, e3fb79a3-1f86-42af-a80c-c46d1acdbc29<-a9143d84-6d7f-497d-b770-eb75585db3c7#0:FAIL-t367] and 0 exception(s); e3fb79a3-1f86-42af-a80c-c46d1acdbc29@group-7855C2F36E53:t367, leader=null, voted=e3fb79a3-1f86-42af-a80c-c46d1acdbc29, raftlog=e3fb79a3-1f86-42af-a80c-c46d1acdbc29@group-7855C2F36E53-SegmentedRaftLog:OPENED:c-1,f-1,i0, conf=-1: [e3fb79a3-1f86-42af-a80c-c46d1acdbc29:192.168.157.194:44142, 81ff859e-e76f-43f5-951a-4a38422068cb:192.168.157.194:46532, a9143d84-6d7f-497d-b770-eb75585db3c7:192.168.157.194:42126], old=null
2019-11-04 16:02:47,025 [e3fb79a3-1f86-42af-a80c-c46d1acdbc29@group-7855C2F36E53-LeaderElection334] INFO  impl.RaftServerImpl (RaftServerImpl.java:setRole(184)) - e3fb79a3-1f86-42af-a80c-c46d1acdbc29@group-7855C2F36E53: changes role from CANDIDATE to FOLLOWER at term 367 for DISCOVERED_A_NEW_TERM
2019-11-04 16:02:47,025 [e3fb79a3-1f86-42af-a80c-c46d1acdbc29@group-7855C2F36E53-LeaderElection334] INFO  impl.RoleInfo (RoleInfo.java:shutdownLeaderElection(134)) - e3fb79a3-1f86-42af-a80c-c46d1acdbc29: shutdown LeaderElection
2019-11-04 16:02:47,025 [e3fb79a3-1f86-42af-a80c-c46d1acdbc29@group-7855C2F36E53-LeaderElection334] INFO  impl.RoleInfo (RoleInfo.java:updateAndGet(143)) - e3fb79a3-1f86-42af-a80c-c46d1acdbc29: start FollowerState
2019-11-04 16:02:47,192 [Thread-2461] INFO  impl.FollowerState (FollowerState.java:run(108)) - e3fb79a3-1f86-42af-a80c-c46d1acdbc29@group-7855C2F36E53-FollowerState: change to CANDIDATE, lastRpcTime:166ms, electionTimeout:166ms
2019-11-04 16:02:47,192 [Thread-2461] INFO  impl.RoleInfo (RoleInfo.java:shutdownFollowerState(121)) - e3fb79a3-1f86-42af-a80c-c46d1acdbc29: shutdown FollowerState
2019-11-04 16:02:47,192 [Thread-2461] INFO  impl.RaftServerImpl (RaftServerImpl.java:setRole(184)) - e3fb79a3-1f86-42af-a80c-c46d1acdbc29@group-7855C2F36E53: changes role from  FOLLOWER to CANDIDATE at term 367 for changeToCandidate
2019-11-04 16:02:47,192 [Thread-2461] INFO  impl.RoleInfo (RoleInfo.java:updateAndGet(143)) - e3fb79a3-1f86-42af-a80c-c46d1acdbc29: start LeaderElection
2019-11-04 16:02:47,219 [e3fb79a3-1f86-42af-a80c-c46d1acdbc29@group-7855C2F36E53-LeaderElection335] INFO  impl.LeaderElection (LeaderElection.java:askForVotes(178)) - e3fb79a3-1f86-42af-a80c-c46d1acdbc29@group-7855C2F36E53-LeaderElection335: begin an election at term 368 for -1: [e3fb79a3-1f86-42af-a80c-c46d1acdbc29:192.168.157.194:44142, 81ff859e-e76f-43f5-951a-4a38422068cb:192.168.157.194:46532, a9143d84-6d7f-497d-b770-eb75585db3c7:192.168.157.194:42126], old=null
2019-11-04 16:02:47,222 [grpc-default-executor-1] INFO  impl.RaftServerImpl (RaftServerImpl.java:setRole(184)) - 81ff859e-e76f-43f5-951a-4a38422068cb@group-7855C2F36E53: changes role from  FOLLOWER to FOLLOWER at term 368 for recognizeCandidate:e3fb79a3-1f86-42af-a80c-c46d1acdbc29
2019-11-04 16:02:47,222 [grpc-default-executor-1] INFO  impl.RoleInfo (RoleInfo.java:shutdownFollowerState(121)) - 81ff859e-e76f-43f5-951a-4a38422068cb: shutdown FollowerState
2019-11-04 16:02:47,222 [grpc-default-executor-5] INFO  impl.RaftServerImpl (RaftServerImpl.java:setRole(184)) - a9143d84-6d7f-497d-b770-eb75585db3c7@group-7855C2F36E53: changes role from  FOLLOWER to FOLLOWER at term 368 for recognizeCandidate:e3fb79a3-1f86-42af-a80c-c46d1acdbc29
2019-11-04 16:02:47,222 [grpc-default-executor-5] INFO  impl.RoleInfo (RoleInfo.java:shutdownFollowerState(121)) - a9143d84-6d7f-497d-b770-eb75585db3c7: shutdown FollowerState
2019-11-04 16:02:47,222 [Thread-2459] INFO  impl.FollowerState (FollowerState.java:run(117)) - 81ff859e-e76f-43f5-951a-4a38422068cb@group-7855C2F36E53-FollowerState was interrupted: java.lang.InterruptedException: sleep interrupted
2019-11-04 16:02:47,222 [grpc-default-executor-1] INFO  impl.RoleInfo (RoleInfo.java:updateAndGet(143)) - 81ff859e-e76f-43f5-951a-4a38422068cb: start FollowerState
2019-11-04 16:02:47,223 [Thread-2460] INFO  impl.FollowerState (FollowerState.java:run(117)) - a9143d84-6d7f-497d-b770-eb75585db3c7@group-7855C2F36E53-FollowerState was interrupted: java.lang.InterruptedException: sleep interrupted
2019-11-04 16:02:47,222 [grpc-default-executor-5] INFO  impl.RoleInfo (RoleInfo.java:updateAndGet(143)) - a9143d84-6d7f-497d-b770-eb75585db3c7: start FollowerState
2019-11-04 16:02:47,238 [e3fb79a3-1f86-42af-a80c-c46d1acdbc29@group-7855C2F36E53-LeaderElection335] INFO  impl.LeaderElection (LeaderElection.java:logAndReturn(56)) - e3fb79a3-1f86-42af-a80c-c46d1acdbc29@group-7855C2F36E53-LeaderElection335: Election REJECTED; received 2 response(s) [e3fb79a3-1f86-42af-a80c-c46d1acdbc29<-81ff859e-e76f-43f5-951a-4a38422068cb#0:FAIL-t368, e3fb79a3-1f86-42af-a80c-c46d1acdbc29<-a9143d84-6d7f-497d-b770-eb75585db3c7#0:FAIL-t368] and 0 exception(s); e3fb79a3-1f86-42af-a80c-c46d1acdbc29@group-7855C2F36E53:t368, leader=null, voted=e3fb79a3-1f86-42af-a80c-c46d1acdbc29, raftlog=e3fb79a3-1f86-42af-a80c-c46d1acdbc29@group-7855C2F36E53-SegmentedRaftLog:OPENED:c-1,f-1,i0, conf=-1: [e3fb79a3-1f86-42af-a80c-c46d1acdbc29:192.168.157.194:44142, 81ff859e-e76f-43f5-951a-4a38422068cb:192.168.157.194:46532, a9143d84-6d7f-497d-b770-eb75585db3c7:192.168.157.194:42126], old=null
2019-11-04 16:02:47,238 [e3fb79a3-1f86-42af-a80c-c46d1acdbc29@group-7855C2F36E53-LeaderElection335] INFO  impl.RaftServerImpl (RaftServerImpl.java:setRole(184)) - e3fb79a3-1f86-42af-a80c-c46d1acdbc29@group-7855C2F36E53: changes role from CANDIDATE to FOLLOWER at term 368 for DISCOVERED_A_NEW_TERM
2019-11-04 16:02:47,238 [e3fb79a3-1f86-42af-a80c-c46d1acdbc29@group-7855C2F36E53-LeaderElection335] INFO  impl.RoleInfo (RoleInfo.java:shutdownLeaderElection(134)) - e3fb79a3-1f86-42af-a80c-c46d1acdbc29: shutdown LeaderElection
2019-11-04 16:02:47,238 [e3fb79a3-1f86-42af-a80c-c46d1acdbc29@group-7855C2F36E53-LeaderElection335] INFO  impl.RoleInfo (RoleInfo.java:updateAndGet(143)) - e3fb79a3-1f86-42af-a80c-c46d1acdbc29: start FollowerState
2019-11-04 16:02:47,303 [Thread-2467] INFO  impl.FollowerState (FollowerState.java:run(108)) - e3fb79a3-1f86-42af-a80c-c46d1acdbc29@group-7855C2F36E53-FollowerState: change to CANDIDATE, lastRpcTime:64ms, electionTimeout:64ms
2019-11-04 16:02:47,303 [Thread-2467] INFO  impl.RoleInfo (RoleInfo.java:shutdownFollowerState(121)) - e3fb79a3-1f86-42af-a80c-c46d1acdbc29: shutdown FollowerState
2019-11-04 16:02:47,303 [Thread-2467] INFO  impl.RaftServerImpl (RaftServerImpl.java:setRole(184)) - e3fb79a3-1f86-42af-a80c-c46d1acdbc29@group-7855C2F36E53: changes role from  FOLLOWER to CANDIDATE at term 368 for changeToCandidate
2019-11-04 16:02:47,303 [Thread-2467] INFO  impl.RoleInfo (RoleInfo.java:updateAndGet(143)) - e3fb79a3-1f86-42af-a80c-c46d1acdbc29: start LeaderElection
2019-11-04 16:02:47,317 [e3fb79a3-1f86-42af-a80c-c46d1acdbc29@group-7855C2F36E53-LeaderElection336] INFO  impl.LeaderElection (LeaderElection.java:askForVotes(178)) - e3fb79a3-1f86-42af-a80c-c46d1acdbc29@group-7855C2F36E53-LeaderElection336: begin an election at term 369 for -1: [e3fb79a3-1f86-42af-a80c-c46d1acdbc29:192.168.157.194:44142, 81ff859e-e76f-43f5-951a-4a38422068cb:192.168.157.194:46532, a9143d84-6d7f-497d-b770-eb75585db3c7:192.168.157.194:42126], old=null
2019-11-04 16:02:47,319 [grpc-default-executor-1] INFO  impl.RaftServerImpl (RaftServerImpl.java:setRole(184)) - 81ff859e-e76f-43f5-951a-4a38422068cb@group-7855C2F36E53: changes role from  FOLLOWER to FOLLOWER at term 369 for recognizeCandidate:e3fb79a3-1f86-42af-a80c-c46d1acdbc29
2019-11-04 16:02:47,319 [grpc-default-executor-5] INFO  impl.RaftServerImpl (RaftServerImpl.java:setRole(184)) - a9143d84-6d7f-497d-b770-eb75585db3c7@group-7855C2F36E53: changes role from  FOLLOWER to FOLLOWER at term 369 for recognizeCandidate:e3fb79a3-1f86-42af-a80c-c46d1acdbc29
2019-11-04 16:02:47,319 [grpc-default-executor-1] INFO  impl.RoleInfo (RoleInfo.java:shutdownFollowerState(121)) - 81ff859e-e76f-43f5-951a-4a38422068cb: shutdown FollowerState
2019-11-04 16:02:47,319 [grpc-default-executor-5] INFO  impl.RoleInfo (RoleInfo.java:shutdownFollowerState(121)) - a9143d84-6d7f-497d-b770-eb75585db3c7: shutdown FollowerState
2019-11-04 16:02:47,320 [grpc-default-executor-1] INFO  impl.RoleInfo (RoleInfo.java:updateAndGet(143)) - 81ff859e-e76f-43f5-951a-4a38422068cb: start FollowerState
2019-11-04 16:02:47,320 [Thread-2466] INFO  impl.FollowerState (FollowerState.java:run(117)) - a9143d84-6d7f-497d-b770-eb75585db3c7@group-7855C2F36E53-FollowerState was interrupted: java.lang.InterruptedException: sleep interrupted
2019-11-04 16:02:47,320 [Thread-2465] INFO  impl.FollowerState (FollowerState.java:run(117)) - 81ff859e-e76f-43f5-951a-4a38422068cb@group-7855C2F36E53-FollowerState was interrupted: java.lang.InterruptedException: sleep interrupted
2019-11-04 16:02:47,320 [grpc-default-executor-5] INFO  impl.RoleInfo (RoleInfo.java:updateAndGet(143)) - a9143d84-6d7f-497d-b770-eb75585db3c7: start FollowerState
2019-11-04 16:02:47,334 [e3fb79a3-1f86-42af-a80c-c46d1acdbc29@group-7855C2F36E53-LeaderElection336] INFO  impl.LeaderElection (LeaderElection.java:logAndReturn(56)) - e3fb79a3-1f86-42af-a80c-c46d1acdbc29@group-7855C2F36E53-LeaderElection336: Election REJECTED; received 2 response(s) [e3fb79a3-1f86-42af-a80c-c46d1acdbc29<-81ff859e-e76f-43f5-951a-4a38422068cb#0:FAIL-t369, e3fb79a3-1f86-42af-a80c-c46d1acdbc29<-a9143d84-6d7f-497d-b770-eb75585db3c7#0:FAIL-t369] and 0 exception(s); e3fb79a3-1f86-42af-a80c-c46d1acdbc29@group-7855C2F36E53:t369, leader=null, voted=e3fb79a3-1f86-42af-a80c-c46d1acdbc29, raftlog=e3fb79a3-1f86-42af-a80c-c46d1acdbc29@group-7855C2F36E53-SegmentedRaftLog:OPENED:c-1,f-1,i0, conf=-1: [e3fb79a3-1f86-42af-a80c-c46d1acdbc29:192.168.157.194:44142, 81ff859e-e76f-43f5-951a-4a38422068cb:192.168.157.194:46532, a9143d84-6d7f-497d-b770-eb75585db3c7:192.168.157.194:42126], old=null
2019-11-04 16:02:47,335 [e3fb79a3-1f86-42af-a80c-c46d1acdbc29@group-7855C2F36E53-LeaderElection336] INFO  impl.RaftServerImpl (RaftServerImpl.java:setRole(184)) - e3fb79a3-1f86-42af-a80c-c46d1acdbc29@group-7855C2F36E53: changes role from CANDIDATE to FOLLOWER at term 369 for DISCOVERED_A_NEW_TERM
2019-11-04 16:02:47,335 [e3fb79a3-1f86-42af-a80c-c46d1acdbc29@group-7855C2F36E53-LeaderElection336] INFO  impl.RoleInfo (RoleInfo.java:shutdownLeaderElection(134)) - e3fb79a3-1f86-42af-a80c-c46d1acdbc29: shutdown LeaderElection
2019-11-04 16:02:47,335 [e3fb79a3-1f86-42af-a80c-c46d1acdbc29@group-7855C2F36E53-LeaderElection336] INFO  impl.RoleInfo (RoleInfo.java:updateAndGet(143)) - e3fb79a3-1f86-42af-a80c-c46d1acdbc29: start FollowerState
2019-11-04 16:02:47,436 [Thread-2473] INFO  impl.FollowerState (FollowerState.java:run(108)) - e3fb79a3-1f86-42af-a80c-c46d1acdbc29@group-7855C2F36E53-FollowerState: change to CANDIDATE, lastRpcTime:101ms, electionTimeout:101ms
2019-11-04 16:02:47,437 [Thread-2473] INFO  impl.RoleInfo (RoleInfo.java:shutdownFollowerState(121)) - e3fb79a3-1f86-42af-a80c-c46d1acdbc29: shutdown FollowerState
2019-11-04 16:02:47,437 [Thread-2473] INFO  impl.RaftServerImpl (RaftServerImpl.java:setRole(184)) - e3fb79a3-1f86-42af-a80c-c46d1acdbc29@group-7855C2F36E53: changes role from  FOLLOWER to CANDIDATE at term 369 for changeToCandidate
2019-11-04 16:02:47,437 [Thread-2473] INFO  impl.RoleInfo (RoleInfo.java:updateAndGet(143)) - e3fb79a3-1f86-42af-a80c-c46d1acdbc29: start LeaderElection
2019-11-04 16:02:47,450 [e3fb79a3-1f86-42af-a80c-c46d1acdbc29@group-7855C2F36E53-LeaderElection337] INFO  impl.LeaderElection (LeaderElection.java:askForVotes(178)) - e3fb79a3-1f86-42af-a80c-c46d1acdbc29@group-7855C2F36E53-LeaderElection337: begin an election at term 370 for -1: [e3fb79a3-1f86-42af-a80c-c46d1acdbc29:192.168.157.194:44142, 81ff859e-e76f-43f5-951a-4a38422068cb:192.168.157.194:46532, a9143d84-6d7f-497d-b770-eb75585db3c7:192.168.157.194:42126], old=null
2019-11-04 16:02:47,452 [grpc-default-executor-1] INFO  impl.RaftServerImpl (RaftServerImpl.java:setRole(184)) - 81ff859e-e76f-43f5-951a-4a38422068cb@group-7855C2F36E53: changes role from  FOLLOWER to FOLLOWER at term 370 for recognizeCandidate:e3fb79a3-1f86-42af-a80c-c46d1acdbc29
2019-11-04 16:02:47,452 [grpc-default-executor-1] INFO  impl.RoleInfo (RoleInfo.java:shutdownFollowerState(121)) - 81ff859e-e76f-43f5-951a-4a38422068cb: shutdown FollowerState
2019-11-04 16:02:47,452 [grpc-default-executor-5] INFO  impl.RaftServerImpl (RaftServerImpl.java:setRole(184)) - a9143d84-6d7f-497d-b770-eb75585db3c7@group-7855C2F36E53: changes role from  FOLLOWER to FOLLOWER at term 370 for recognizeCandidate:e3fb79a3-1f86-42af-a80c-c46d1acdbc29
2019-11-04 16:02:47,452 [Thread-2471] INFO  impl.FollowerState (FollowerState.java:run(117)) - 81ff859e-e76f-43f5-951a-4a38422068cb@group-7855C2F36E53-FollowerState was interrupted: java.lang.InterruptedException: sleep interrupted
2019-11-04 16:02:47,452 [grpc-default-executor-5] INFO  impl.RoleInfo (RoleInfo.java:shutdownFollowerState(121)) - a9143d84-6d7f-497d-b770-eb75585db3c7: shutdown FollowerState
2019-11-04 16:02:47,452 [grpc-default-executor-1] INFO  impl.RoleInfo (RoleInfo.java:updateAndGet(143)) - 81ff859e-e76f-43f5-951a-4a38422068cb: start FollowerState
2019-11-04 16:02:47,453 [Thread-2472] INFO  impl.FollowerState (FollowerState.java:run(117)) - a9143d84-6d7f-497d-b770-eb75585db3c7@group-7855C2F36E53-FollowerState was interrupted: java.lang.InterruptedException: sleep interrupted
2019-11-04 16:02:47,453 [grpc-default-executor-5] INFO  impl.RoleInfo (RoleInfo.java:updateAndGet(143)) - a9143d84-6d7f-497d-b770-eb75585db3c7: start FollowerState
2019-11-04 16:02:47,478 [e3fb79a3-1f86-42af-a80c-c46d1acdbc29@group-7855C2F36E53-LeaderElection337] INFO  impl.LeaderElection (LeaderElection.java:logAndReturn(56)) - e3fb79a3-1f86-42af-a80c-c46d1acdbc29@group-7855C2F36E53-LeaderElection337: Election REJECTED; received 2 response(s) [e3fb79a3-1f86-42af-a80c-c46d1acdbc29<-81ff859e-e76f-43f5-951a-4a38422068cb#0:FAIL-t370, e3fb79a3-1f86-42af-a80c-c46d1acdbc29<-a9143d84-6d7f-497d-b770-eb75585db3c7#0:FAIL-t370] and 0 exception(s); e3fb79a3-1f86-42af-a80c-c46d1acdbc29@group-7855C2F36E53:t370, leader=null, voted=e3fb79a3-1f86-42af-a80c-c46d1acdbc29, raftlog=e3fb79a3-1f86-42af-a80c-c46d1acdbc29@group-7855C2F36E53-SegmentedRaftLog:OPENED:c-1,f-1,i0, conf=-1: [e3fb79a3-1f86-42af-a80c-c46d1acdbc29:192.168.157.194:44142, 81ff859e-e76f-43f5-951a-4a38422068cb:192.168.157.194:46532, a9143d84-6d7f-497d-b770-eb75585db3c7:192.168.157.194:42126], old=null
2019-11-04 16:02:47,478 [e3fb79a3-1f86-42af-a80c-c46d1acdbc29@group-7855C2F36E53-LeaderElection337] INFO  impl.RaftServerImpl (RaftServerImpl.java:setRole(184)) - e3fb79a3-1f86-42af-a80c-c46d1acdbc29@group-7855C2F36E53: changes role from CANDIDATE to FOLLOWER at term 370 for DISCOVERED_A_NEW_TERM
2019-11-04 16:02:47,478 [e3fb79a3-1f86-42af-a80c-c46d1acdbc29@group-7855C2F36E53-LeaderElection337] INFO  impl.RoleInfo (RoleInfo.java:shutdownLeaderElection(134)) - e3fb79a3-1f86-42af-a80c-c46d1acdbc29: shutdown LeaderElection
2019-11-04 16:02:47,479 [e3fb79a3-1f86-42af-a80c-c46d1acdbc29@group-7855C2F36E53-LeaderElection337] INFO  impl.RoleInfo (RoleInfo.java:updateAndGet(143)) - e3fb79a3-1f86-42af-a80c-c46d1acdbc29: start FollowerState
2019-11-04 16:02:47,539 [Thread-2481] INFO  impl.FollowerState (FollowerState.java:run(108)) - e3fb79a3-1f86-42af-a80c-c46d1acdbc29@group-7855C2F36E53-FollowerState: change to CANDIDATE, lastRpcTime:60ms, electionTimeout:60ms
2019-11-04 16:02:47,539 [Thread-2481] INFO  impl.RoleInfo (RoleInfo.java:shutdownFollowerState(121)) - e3fb79a3-1f86-42af-a80c-c46d1acdbc29: shutdown FollowerState
2019-11-04 16:02:47,539 [Thread-2481] INFO  impl.RaftServerImpl (RaftServerImpl.java:setRole(184)) - e3fb79a3-1f86-42af-a80c-c46d1acdbc29@group-7855C2F36E53: changes role from  FOLLOWER to CANDIDATE at term 370 for changeToCandidate
2019-11-04 16:02:47,539 [Thread-2481] INFO  impl.RoleInfo (RoleInfo.java:updateAndGet(143)) - e3fb79a3-1f86-42af-a80c-c46d1acdbc29: start LeaderElection
2019-11-04 16:02:47,553 [e3fb79a3-1f86-42af-a80c-c46d1acdbc29@group-7855C2F36E53-LeaderElection338] INFO  impl.LeaderElection (LeaderElection.java:askForVotes(178)) - e3fb79a3-1f86-42af-a80c-c46d1acdbc29@group-7855C2F36E53-LeaderElection338: begin an election at term 371 for -1: [e3fb79a3-1f86-42af-a80c-c46d1acdbc29:192.168.157.194:44142, 81ff859e-e76f-43f5-951a-4a38422068cb:192.168.157.194:46532, a9143d84-6d7f-497d-b770-eb75585db3c7:192.168.157.194:42126], old=null
2019-11-04 16:02:47,555 [grpc-default-executor-5] INFO  impl.RaftServerImpl (RaftServerImpl.java:setRole(184)) - 81ff859e-e76f-43f5-951a-4a38422068cb@group-7855C2F36E53: changes role from  FOLLOWER to FOLLOWER at term 371 for recognizeCandidate:e3fb79a3-1f86-42af-a80c-c46d1acdbc29
2019-11-04 16:02:47,555 [grpc-default-executor-1] INFO  impl.RaftServerImpl (RaftServerImpl.java:setRole(184)) - a9143d84-6d7f-497d-b770-eb75585db3c7@group-7855C2F36E53: changes role from  FOLLOWER to FOLLOWER at term 371 for recognizeCandidate:e3fb79a3-1f86-42af-a80c-c46d1acdbc29
2019-11-04 16:02:47,555 [grpc-default-executor-1] INFO  impl.RoleInfo (RoleInfo.java:shutdownFollowerState(121)) - a9143d84-6d7f-497d-b770-eb75585db3c7: shutdown FollowerState
2019-11-04 16:02:47,555 [grpc-default-executor-5] INFO  impl.RoleInfo (RoleInfo.java:shutdownFollowerState(121)) - 81ff859e-e76f-43f5-951a-4a38422068cb: shutdown FollowerState
2019-11-04 16:02:47,555 [grpc-default-executor-5] INFO  impl.RoleInfo (RoleInfo.java:updateAndGet(143)) - 81ff859e-e76f-43f5-951a-4a38422068cb: start FollowerState
2019-11-04 16:02:47,555 [Thread-2480] INFO  impl.FollowerState (FollowerState.java:run(117)) - a9143d84-6d7f-497d-b770-eb75585db3c7@group-7855C2F36E53-FollowerState was interrupted: java.lang.InterruptedException: sleep interrupted
2019-11-04 16:02:47,555 [grpc-default-executor-1] INFO  impl.RoleInfo (RoleInfo.java:updateAndGet(143)) - a9143d84-6d7f-497d-b770-eb75585db3c7: start FollowerState
2019-11-04 16:02:47,555 [Thread-2479] INFO  impl.FollowerState (FollowerState.java:run(117)) - 81ff859e-e76f-43f5-951a-4a38422068cb@group-7855C2F36E53-FollowerState was interrupted: java.lang.InterruptedException: sleep interrupted
2019-11-04 16:02:47,573 [e3fb79a3-1f86-42af-a80c-c46d1acdbc29@group-7855C2F36E53-LeaderElection338] INFO  impl.LeaderElection (LeaderElection.java:logAndReturn(56)) - e3fb79a3-1f86-42af-a80c-c46d1acdbc29@group-7855C2F36E53-LeaderElection338: Election REJECTED; received 2 response(s) [e3fb79a3-1f86-42af-a80c-c46d1acdbc29<-81ff859e-e76f-43f5-951a-4a38422068cb#0:FAIL-t371, e3fb79a3-1f86-42af-a80c-c46d1acdbc29<-a9143d84-6d7f-497d-b770-eb75585db3c7#0:FAIL-t371] and 0 exception(s); e3fb79a3-1f86-42af-a80c-c46d1acdbc29@group-7855C2F36E53:t371, leader=null, voted=e3fb79a3-1f86-42af-a80c-c46d1acdbc29, raftlog=e3fb79a3-1f86-42af-a80c-c46d1acdbc29@group-7855C2F36E53-SegmentedRaftLog:OPENED:c-1,f-1,i0, conf=-1: [e3fb79a3-1f86-42af-a80c-c46d1acdbc29:192.168.157.194:44142, 81ff859e-e76f-43f5-951a-4a38422068cb:192.168.157.194:46532, a9143d84-6d7f-497d-b770-eb75585db3c7:192.168.157.194:42126], old=null
2019-11-04 16:02:47,573 [e3fb79a3-1f86-42af-a80c-c46d1acdbc29@group-7855C2F36E53-LeaderElection338] INFO  impl.RaftServerImpl (RaftServerImpl.java:setRole(184)) - e3fb79a3-1f86-42af-a80c-c46d1acdbc29@group-7855C2F36E53: changes role from CANDIDATE to FOLLOWER at term 371 for DISCOVERED_A_NEW_TERM
2019-11-04 16:02:47,573 [e3fb79a3-1f86-42af-a80c-c46d1acdbc29@group-7855C2F36E53-LeaderElection338] INFO  impl.RoleInfo (RoleInfo.java:shutdownLeaderElection(134)) - e3fb79a3-1f86-42af-a80c-c46d1acdbc29: shutdown LeaderElection
2019-11-04 16:02:47,573 [e3fb79a3-1f86-42af-a80c-c46d1acdbc29@group-7855C2F36E53-LeaderElection338] INFO  impl.RoleInfo (RoleInfo.java:updateAndGet(143)) - e3fb79a3-1f86-42af-a80c-c46d1acdbc29: start FollowerState
2019-11-04 16:02:47,666 [Thread-2487] INFO  impl.FollowerState (FollowerState.java:run(108)) - e3fb79a3-1f86-42af-a80c-c46d1acdbc29@group-7855C2F36E53-FollowerState: change to CANDIDATE, lastRpcTime:92ms, electionTimeout:92ms
2019-11-04 16:02:47,666 [Thread-2487] INFO  impl.RoleInfo (RoleInfo.java:shutdownFollowerState(121)) - e3fb79a3-1f86-42af-a80c-c46d1acdbc29: shutdown FollowerState
2019-11-04 16:02:47,666 [Thread-2487] INFO  impl.RaftServerImpl (RaftServerImpl.java:setRole(184)) - e3fb79a3-1f86-42af-a80c-c46d1acdbc29@group-7855C2F36E53: changes role from  FOLLOWER to CANDIDATE at term 371 for changeToCandidate
2019-11-04 16:02:47,666 [Thread-2487] INFO  impl.RoleInfo (RoleInfo.java:updateAndGet(143)) - e3fb79a3-1f86-42af-a80c-c46d1acdbc29: start LeaderElection
2019-11-04 16:02:47,681 [e3fb79a3-1f86-42af-a80c-c46d1acdbc29@group-7855C2F36E53-LeaderElection339] INFO  impl.LeaderElection (LeaderElection.java:askForVotes(178)) - e3fb79a3-1f86-42af-a80c-c46d1acdbc29@group-7855C2F36E53-LeaderElection339: begin an election at term 372 for -1: [e3fb79a3-1f86-42af-a80c-c46d1acdbc29:192.168.157.194:44142, 81ff859e-e76f-43f5-951a-4a38422068cb:192.168.157.194:46532, a9143d84-6d7f-497d-b770-eb75585db3c7:192.168.157.194:42126], old=null
2019-11-04 16:02:47,683 [grpc-default-executor-5] INFO  impl.RaftServerImpl (RaftServerImpl.java:setRole(184)) - 81ff859e-e76f-43f5-951a-4a38422068cb@group-7855C2F36E53: changes role from  FOLLOWER to FOLLOWER at term 372 for recognizeCandidate:e3fb79a3-1f86-42af-a80c-c46d1acdbc29
2019-11-04 16:02:47,683 [grpc-default-executor-1] INFO  impl.RaftServerImpl (RaftServerImpl.java:setRole(184)) - a9143d84-6d7f-497d-b770-eb75585db3c7@group-7855C2F36E53: changes role from  FOLLOWER to FOLLOWER at term 372 for recognizeCandidate:e3fb79a3-1f86-42af-a80c-c46d1acdbc29
2019-11-04 16:02:47,683 [grpc-default-executor-5] INFO  impl.RoleInfo (RoleInfo.java:shutdownFollowerState(121)) - 81ff859e-e76f-43f5-951a-4a38422068cb: shutdown FollowerState
2019-11-04 16:02:47,683 [grpc-default-executor-1] INFO  impl.RoleInfo (RoleInfo.java:shutdownFollowerState(121)) - a9143d84-6d7f-497d-b770-eb75585db3c7: shutdown FollowerState
2019-11-04 16:02:47,683 [Thread-2486] INFO  impl.FollowerState (FollowerState.java:run(117)) - 81ff859e-e76f-43f5-951a-4a38422068cb@group-7855C2F36E53-FollowerState was interrupted: java.lang.InterruptedException: sleep interrupted
2019-11-04 16:02:47,683 [grpc-default-executor-5] INFO  impl.RoleInfo (RoleInfo.java:updateAndGet(143)) - 81ff859e-e76f-43f5-951a-4a38422068cb: start FollowerState
2019-11-04 16:02:47,684 [Thread-2485] INFO  impl.FollowerState (FollowerState.java:run(117)) - a9143d84-6d7f-497d-b770-eb75585db3c7@group-7855C2F36E53-FollowerState was interrupted: java.lang.InterruptedException: sleep interrupted
2019-11-04 16:02:47,684 [grpc-default-executor-1] INFO  impl.RoleInfo (RoleInfo.java:updateAndGet(143)) - a9143d84-6d7f-497d-b770-eb75585db3c7: start FollowerState
2019-11-04 16:02:47,709 [e3fb79a3-1f86-42af-a80c-c46d1acdbc29@group-7855C2F36E53-LeaderElection339] INFO  impl.LeaderElection (LeaderElection.java:logAndReturn(56)) - e3fb79a3-1f86-42af-a80c-c46d1acdbc29@group-7855C2F36E53-LeaderElection339: Election REJECTED; received 2 response(s) [e3fb79a3-1f86-42af-a80c-c46d1acdbc29<-81ff859e-e76f-43f5-951a-4a38422068cb#0:FAIL-t372, e3fb79a3-1f86-42af-a80c-c46d1acdbc29<-a9143d84-6d7f-497d-b770-eb75585db3c7#0:FAIL-t372] and 0 exception(s); e3fb79a3-1f86-42af-a80c-c46d1acdbc29@group-7855C2F36E53:t372, leader=null, voted=e3fb79a3-1f86-42af-a80c-c46d1acdbc29, raftlog=e3fb79a3-1f86-42af-a80c-c46d1acdbc29@group-7855C2F36E53-SegmentedRaftLog:OPENED:c-1,f-1,i0, conf=-1: [e3fb79a3-1f86-42af-a80c-c46d1acdbc29:192.168.157.194:44142, 81ff859e-e76f-43f5-951a-4a38422068cb:192.168.157.194:46532, a9143d84-6d7f-497d-b770-eb75585db3c7:192.168.157.194:42126], old=null
2019-11-04 16:02:47,710 [e3fb79a3-1f86-42af-a80c-c46d1acdbc29@group-7855C2F36E53-LeaderElection339] INFO  impl.RaftServerImpl (RaftServerImpl.java:setRole(184)) - e3fb79a3-1f86-42af-a80c-c46d1acdbc29@group-7855C2F36E53: changes role from CANDIDATE to FOLLOWER at term 372 for DISCOVERED_A_NEW_TERM
2019-11-04 16:02:47,710 [e3fb79a3-1f86-42af-a80c-c46d1acdbc29@group-7855C2F36E53-LeaderElection339] INFO  impl.RoleInfo (RoleInfo.java:shutdownLeaderElection(134)) - e3fb79a3-1f86-42af-a80c-c46d1acdbc29: shutdown LeaderElection
2019-11-04 16:02:47,710 [e3fb79a3-1f86-42af-a80c-c46d1acdbc29@group-7855C2F36E53-LeaderElection339] INFO  impl.RoleInfo (RoleInfo.java:updateAndGet(143)) - e3fb79a3-1f86-42af-a80c-c46d1acdbc29: start FollowerState
2019-11-04 16:02:47,897 [Thread-2493] INFO  impl.FollowerState (FollowerState.java:run(108)) - e3fb79a3-1f86-42af-a80c-c46d1acdbc29@group-7855C2F36E53-FollowerState: change to CANDIDATE, lastRpcTime:187ms, electionTimeout:187ms
2019-11-04 16:02:47,897 [Thread-2493] INFO  impl.RoleInfo (RoleInfo.java:shutdownFollowerState(121)) - e3fb79a3-1f86-42af-a80c-c46d1acdbc29: shutdown FollowerState
2019-11-04 16:02:47,898 [Thread-2493] INFO  impl.RaftServerImpl (RaftServerImpl.java:setRole(184)) - e3fb79a3-1f86-42af-a80c-c46d1acdbc29@group-7855C2F36E53: changes role from  FOLLOWER to CANDIDATE at term 372 for changeToCandidate
2019-11-04 16:02:47,898 [Thread-2493] INFO  impl.RoleInfo (RoleInfo.java:updateAndGet(143)) - e3fb79a3-1f86-42af-a80c-c46d1acdbc29: start LeaderElection
2019-11-04 16:02:47,912 [e3fb79a3-1f86-42af-a80c-c46d1acdbc29@group-7855C2F36E53-LeaderElection340] INFO  impl.LeaderElection (LeaderElection.java:askForVotes(178)) - e3fb79a3-1f86-42af-a80c-c46d1acdbc29@group-7855C2F36E53-LeaderElection340: begin an election at term 373 for -1: [e3fb79a3-1f86-42af-a80c-c46d1acdbc29:192.168.157.194:44142, 81ff859e-e76f-43f5-951a-4a38422068cb:192.168.157.194:46532, a9143d84-6d7f-497d-b770-eb75585db3c7:192.168.157.194:42126], old=null
2019-11-04 16:02:47,914 [grpc-default-executor-5] INFO  impl.RaftServerImpl (RaftServerImpl.java:setRole(184)) - 81ff859e-e76f-43f5-951a-4a38422068cb@group-7855C2F36E53: changes role from  FOLLOWER to FOLLOWER at term 373 for recognizeCandidate:e3fb79a3-1f86-42af-a80c-c46d1acdbc29
2019-11-04 16:02:47,914 [grpc-default-executor-4] INFO  impl.RaftServerImpl (RaftServerImpl.java:setRole(184)) - a9143d84-6d7f-497d-b770-eb75585db3c7@group-7855C2F36E53: changes role from  FOLLOWER to FOLLOWER at term 373 for recognizeCandidate:e3fb79a3-1f86-42af-a80c-c46d1acdbc29
2019-11-04 16:02:47,914 [grpc-default-executor-5] INFO  impl.RoleInfo (RoleInfo.java:shutdownFollowerState(121)) - 81ff859e-e76f-43f5-951a-4a38422068cb: shutdown FollowerState
2019-11-04 16:02:47,914 [grpc-default-executor-4] INFO  impl.RoleInfo (RoleInfo.java:shutdownFollowerState(121)) - a9143d84-6d7f-497d-b770-eb75585db3c7: shutdown FollowerState
2019-11-04 16:02:47,915 [Thread-2491] INFO  impl.FollowerState (FollowerState.java:run(117)) - 81ff859e-e76f-43f5-951a-4a38422068cb@group-7855C2F36E53-FollowerState was interrupted: java.lang.InterruptedException: sleep interrupted
2019-11-04 16:02:47,915 [grpc-default-executor-5] INFO  impl.RoleInfo (RoleInfo.java:updateAndGet(143)) - 81ff859e-e76f-43f5-951a-4a38422068cb: start FollowerState
2019-11-04 16:02:47,915 [Thread-2492] INFO  impl.FollowerState (FollowerState.java:run(117)) - a9143d84-6d7f-497d-b770-eb75585db3c7@group-7855C2F36E53-FollowerState was interrupted: java.lang.InterruptedException: sleep interrupted
2019-11-04 16:02:47,915 [grpc-default-executor-4] INFO  impl.RoleInfo (RoleInfo.java:updateAndGet(143)) - a9143d84-6d7f-497d-b770-eb75585db3c7: start FollowerState
2019-11-04 16:02:47,932 [e3fb79a3-1f86-42af-a80c-c46d1acdbc29@group-7855C2F36E53-LeaderElection340] INFO  impl.LeaderElection (LeaderElection.java:logAndReturn(56)) - e3fb79a3-1f86-42af-a80c-c46d1acdbc29@group-7855C2F36E53-LeaderElection340: Election REJECTED; received 2 response(s) [e3fb79a3-1f86-42af-a80c-c46d1acdbc29<-81ff859e-e76f-43f5-951a-4a38422068cb#0:FAIL-t373, e3fb79a3-1f86-42af-a80c-c46d1acdbc29<-a9143d84-6d7f-497d-b770-eb75585db3c7#0:FAIL-t373] and 0 exception(s); e3fb79a3-1f86-42af-a80c-c46d1acdbc29@group-7855C2F36E53:t373, leader=null, voted=e3fb79a3-1f86-42af-a80c-c46d1acdbc29, raftlog=e3fb79a3-1f86-42af-a80c-c46d1acdbc29@group-7855C2F36E53-SegmentedRaftLog:OPENED:c-1,f-1,i0, conf=-1: [e3fb79a3-1f86-42af-a80c-c46d1acdbc29:192.168.157.194:44142, 81ff859e-e76f-43f5-951a-4a38422068cb:192.168.157.194:46532, a9143d84-6d7f-497d-b770-eb75585db3c7:192.168.157.194:42126], old=null
2019-11-04 16:02:47,932 [e3fb79a3-1f86-42af-a80c-c46d1acdbc29@group-7855C2F36E53-LeaderElection340] INFO  impl.RaftServerImpl (RaftServerImpl.java:setRole(184)) - e3fb79a3-1f86-42af-a80c-c46d1acdbc29@group-7855C2F36E53: changes role from CANDIDATE to FOLLOWER at term 373 for DISCOVERED_A_NEW_TERM
2019-11-04 16:02:47,932 [e3fb79a3-1f86-42af-a80c-c46d1acdbc29@group-7855C2F36E53-LeaderElection340] INFO  impl.RoleInfo (RoleInfo.java:shutdownLeaderElection(134)) - e3fb79a3-1f86-42af-a80c-c46d1acdbc29: shutdown LeaderElection
2019-11-04 16:02:47,932 [e3fb79a3-1f86-42af-a80c-c46d1acdbc29@group-7855C2F36E53-LeaderElection340] INFO  impl.RoleInfo (RoleInfo.java:updateAndGet(143)) - e3fb79a3-1f86-42af-a80c-c46d1acdbc29: start FollowerState
2019-11-04 16:02:47,935 [Thread-2499] INFO  impl.FollowerState (FollowerState.java:run(108)) - e3fb79a3-1f86-42af-a80c-c46d1acdbc29@group-7855C2F36E53-FollowerState: change to CANDIDATE, lastRpcTime:3ms, electionTimeout:3ms
2019-11-04 16:02:47,936 [Thread-2499] INFO  impl.RoleInfo (RoleInfo.java:shutdownFollowerState(121)) - e3fb79a3-1f86-42af-a80c-c46d1acdbc29: shutdown FollowerState
2019-11-04 16:02:47,936 [Thread-2499] INFO  impl.RaftServerImpl (RaftServerImpl.java:setRole(184)) - e3fb79a3-1f86-42af-a80c-c46d1acdbc29@group-7855C2F36E53: changes role from  FOLLOWER to CANDIDATE at term 373 for changeToCandidate
2019-11-04 16:02:47,936 [Thread-2499] INFO  impl.RoleInfo (RoleInfo.java:updateAndGet(143)) - e3fb79a3-1f86-42af-a80c-c46d1acdbc29: start LeaderElection
2019-11-04 16:02:47,949 [e3fb79a3-1f86-42af-a80c-c46d1acdbc29@group-7855C2F36E53-LeaderElection341] INFO  impl.LeaderElection (LeaderElection.java:askForVotes(178)) - e3fb79a3-1f86-42af-a80c-c46d1acdbc29@group-7855C2F36E53-LeaderElection341: begin an election at term 374 for -1: [e3fb79a3-1f86-42af-a80c-c46d1acdbc29:192.168.157.194:44142, 81ff859e-e76f-43f5-951a-4a38422068cb:192.168.157.194:46532, a9143d84-6d7f-497d-b770-eb75585db3c7:192.168.157.194:42126], old=null
2019-11-04 16:02:47,950 [grpc-default-executor-5] INFO  impl.RaftServerImpl (RaftServerImpl.java:setRole(184)) - 81ff859e-e76f-43f5-951a-4a38422068cb@group-7855C2F36E53: changes role from  FOLLOWER to FOLLOWER at term 374 for recognizeCandidate:e3fb79a3-1f86-42af-a80c-c46d1acdbc29
2019-11-04 16:02:47,951 [grpc-default-executor-5] INFO  impl.RoleInfo (RoleInfo.java:shutdownFollowerState(121)) - 81ff859e-e76f-43f5-951a-4a38422068cb: shutdown FollowerState
2019-11-04 16:02:47,951 [grpc-default-executor-4] INFO  impl.RaftServerImpl (RaftServerImpl.java:setRole(184)) - a9143d84-6d7f-497d-b770-eb75585db3c7@group-7855C2F36E53: changes role from  FOLLOWER to FOLLOWER at term 374 for recognizeCandidate:e3fb79a3-1f86-42af-a80c-c46d1acdbc29
2019-11-04 16:02:47,951 [Thread-2497] INFO  impl.FollowerState (FollowerState.java:run(117)) - 81ff859e-e76f-43f5-951a-4a38422068cb@group-7855C2F36E53-FollowerState was interrupted: java.lang.InterruptedException: sleep interrupted
2019-11-04 16:02:47,951 [grpc-default-executor-5] INFO  impl.RoleInfo (RoleInfo.java:updateAndGet(143)) - 81ff859e-e76f-43f5-951a-4a38422068cb: start FollowerState
2019-11-04 16:02:47,951 [grpc-default-executor-4] INFO  impl.RoleInfo (RoleInfo.java:shutdownFollowerState(121)) - a9143d84-6d7f-497d-b770-eb75585db3c7: shutdown FollowerState
2019-11-04 16:02:47,951 [grpc-default-executor-4] INFO  impl.RoleInfo (RoleInfo.java:updateAndGet(143)) - a9143d84-6d7f-497d-b770-eb75585db3c7: start FollowerState
2019-11-04 16:02:47,951 [Thread-2498] INFO  impl.FollowerState (FollowerState.java:run(117)) - a9143d84-6d7f-497d-b770-eb75585db3c7@group-7855C2F36E53-FollowerState was interrupted: java.lang.InterruptedException: sleep interrupted
2019-11-04 16:02:47,973 [e3fb79a3-1f86-42af-a80c-c46d1acdbc29@group-7855C2F36E53-LeaderElection341] INFO  impl.LeaderElection (LeaderElection.java:logAndReturn(56)) - e3fb79a3-1f86-42af-a80c-c46d1acdbc29@group-7855C2F36E53-LeaderElection341: Election REJECTED; received 2 response(s) [e3fb79a3-1f86-42af-a80c-c46d1acdbc29<-81ff859e-e76f-43f5-951a-4a38422068cb#0:FAIL-t374, e3fb79a3-1f86-42af-a80c-c46d1acdbc29<-a9143d84-6d7f-497d-b770-eb75585db3c7#0:FAIL-t374] and 0 exception(s); e3fb79a3-1f86-42af-a80c-c46d1acdbc29@group-7855C2F36E53:t374, leader=null, voted=e3fb79a3-1f86-42af-a80c-c46d1acdbc29, raftlog=e3fb79a3-1f86-42af-a80c-c46d1acdbc29@group-7855C2F36E53-SegmentedRaftLog:OPENED:c-1,f-1,i0, conf=-1: [e3fb79a3-1f86-42af-a80c-c46d1acdbc29:192.168.157.194:44142, 81ff859e-e76f-43f5-951a-4a38422068cb:192.168.157.194:46532, a9143d84-6d7f-497d-b770-eb75585db3c7:192.168.157.194:42126], old=null
2019-11-04 16:02:47,973 [e3fb79a3-1f86-42af-a80c-c46d1acdbc29@group-7855C2F36E53-LeaderElection341] INFO  impl.RaftServerImpl (RaftServerImpl.java:setRole(184)) - e3fb79a3-1f86-42af-a80c-c46d1acdbc29@group-7855C2F36E53: changes role from CANDIDATE to FOLLOWER at term 374 for DISCOVERED_A_NEW_TERM
2019-11-04 16:02:47,973 [e3fb79a3-1f86-42af-a80c-c46d1acdbc29@group-7855C2F36E53-LeaderElection341] INFO  impl.RoleInfo (RoleInfo.java:shutdownLeaderElection(134)) - e3fb79a3-1f86-42af-a80c-c46d1acdbc29: shutdown LeaderElection
2019-11-04 16:02:47,974 [e3fb79a3-1f86-42af-a80c-c46d1acdbc29@group-7855C2F36E53-LeaderElection341] INFO  impl.RoleInfo (RoleInfo.java:updateAndGet(143)) - e3fb79a3-1f86-42af-a80c-c46d1acdbc29: start FollowerState
2019-11-04 16:02:47,983 [Thread-2505] INFO  impl.FollowerState (FollowerState.java:run(108)) - e3fb79a3-1f86-42af-a80c-c46d1acdbc29@group-7855C2F36E53-FollowerState: change to CANDIDATE, lastRpcTime:9ms, electionTimeout:9ms
2019-11-04 16:02:47,983 [Thread-2505] INFO  impl.RoleInfo (RoleInfo.java:shutdownFollowerState(121)) - e3fb79a3-1f86-42af-a80c-c46d1acdbc29: shutdown FollowerState
2019-11-04 16:02:47,983 [Thread-2505] INFO  impl.RaftServerImpl (RaftServerImpl.java:setRole(184)) - e3fb79a3-1f86-42af-a80c-c46d1acdbc29@group-7855C2F36E53: changes role from  FOLLOWER to CANDIDATE at term 374 for changeToCandidate
2019-11-04 16:02:47,983 [Thread-2505] INFO  impl.RoleInfo (RoleInfo.java:updateAndGet(143)) - e3fb79a3-1f86-42af-a80c-c46d1acdbc29: start LeaderElection
2019-11-04 16:02:47,998 [e3fb79a3-1f86-42af-a80c-c46d1acdbc29@group-7855C2F36E53-LeaderElection342] INFO  impl.LeaderElection (LeaderElection.java:askForVotes(178)) - e3fb79a3-1f86-42af-a80c-c46d1acdbc29@group-7855C2F36E53-LeaderElection342: begin an election at term 375 for -1: [e3fb79a3-1f86-42af-a80c-c46d1acdbc29:192.168.157.194:44142, 81ff859e-e76f-43f5-951a-4a38422068cb:192.168.157.194:46532, a9143d84-6d7f-497d-b770-eb75585db3c7:192.168.157.194:42126], old=null
2019-11-04 16:02:47,999 [grpc-default-executor-4] INFO  impl.RaftServerImpl (RaftServerImpl.java:setRole(184)) - 81ff859e-e76f-43f5-951a-4a38422068cb@group-7855C2F36E53: changes role from  FOLLOWER to FOLLOWER at term 375 for recognizeCandidate:e3fb79a3-1f86-42af-a80c-c46d1acdbc29
2019-11-04 16:02:47,999 [grpc-default-executor-4] INFO  impl.RoleInfo (RoleInfo.java:shutdownFollowerState(121)) - 81ff859e-e76f-43f5-951a-4a38422068cb: shutdown FollowerState
2019-11-04 16:02:47,999 [grpc-default-executor-5] INFO  impl.RaftServerImpl (RaftServerImpl.java:setRole(184)) - a9143d84-6d7f-497d-b770-eb75585db3c7@group-7855C2F36E53: changes role from  FOLLOWER to FOLLOWER at term 375 for recognizeCandidate:e3fb79a3-1f86-42af-a80c-c46d1acdbc29
2019-11-04 16:02:47,999 [Thread-2503] INFO  impl.FollowerState (FollowerState.java:run(117)) - 81ff859e-e76f-43f5-951a-4a38422068cb@group-7855C2F36E53-FollowerState was interrupted: java.lang.InterruptedException: sleep interrupted
2019-11-04 16:02:47,999 [grpc-default-executor-4] INFO  impl.RoleInfo (RoleInfo.java:updateAndGet(143)) - 81ff859e-e76f-43f5-951a-4a38422068cb: start FollowerState
2019-11-04 16:02:48,000 [grpc-default-executor-5] INFO  impl.RoleInfo (RoleInfo.java:shutdownFollowerState(121)) - a9143d84-6d7f-497d-b770-eb75585db3c7: shutdown FollowerState
2019-11-04 16:02:48,000 [grpc-default-executor-5] INFO  impl.RoleInfo (RoleInfo.java:updateAndGet(143)) - a9143d84-6d7f-497d-b770-eb75585db3c7: start FollowerState
2019-11-04 16:02:48,000 [Thread-2504] INFO  impl.FollowerState (FollowerState.java:run(117)) - a9143d84-6d7f-497d-b770-eb75585db3c7@group-7855C2F36E53-FollowerState was interrupted: java.lang.InterruptedException: sleep interrupted
2019-11-04 16:02:48,016 [e3fb79a3-1f86-42af-a80c-c46d1acdbc29@group-7855C2F36E53-LeaderElection342] INFO  impl.LeaderElection (LeaderElection.java:logAndReturn(56)) - e3fb79a3-1f86-42af-a80c-c46d1acdbc29@group-7855C2F36E53-LeaderElection342: Election REJECTED; received 2 response(s) [e3fb79a3-1f86-42af-a80c-c46d1acdbc29<-81ff859e-e76f-43f5-951a-4a38422068cb#0:FAIL-t375, e3fb79a3-1f86-42af-a80c-c46d1acdbc29<-a9143d84-6d7f-497d-b770-eb75585db3c7#0:FAIL-t375] and 0 exception(s); e3fb79a3-1f86-42af-a80c-c46d1acdbc29@group-7855C2F36E53:t375, leader=null, voted=e3fb79a3-1f86-42af-a80c-c46d1acdbc29, raftlog=e3fb79a3-1f86-42af-a80c-c46d1acdbc29@group-7855C2F36E53-SegmentedRaftLog:OPENED:c-1,f-1,i0, conf=-1: [e3fb79a3-1f86-42af-a80c-c46d1acdbc29:192.168.157.194:44142, 81ff859e-e76f-43f5-951a-4a38422068cb:192.168.157.194:46532, a9143d84-6d7f-497d-b770-eb75585db3c7:192.168.157.194:42126], old=null
2019-11-04 16:02:48,016 [e3fb79a3-1f86-42af-a80c-c46d1acdbc29@group-7855C2F36E53-LeaderElection342] INFO  impl.RaftServerImpl (RaftServerImpl.java:setRole(184)) - e3fb79a3-1f86-42af-a80c-c46d1acdbc29@group-7855C2F36E53: changes role from CANDIDATE to FOLLOWER at term 375 for DISCOVERED_A_NEW_TERM
2019-11-04 16:02:48,016 [e3fb79a3-1f86-42af-a80c-c46d1acdbc29@group-7855C2F36E53-LeaderElection342] INFO  impl.RoleInfo (RoleInfo.java:shutdownLeaderElection(134)) - e3fb79a3-1f86-42af-a80c-c46d1acdbc29: shutdown LeaderElection
2019-11-04 16:02:48,016 [e3fb79a3-1f86-42af-a80c-c46d1acdbc29@group-7855C2F36E53-LeaderElection342] INFO  impl.RoleInfo (RoleInfo.java:updateAndGet(143)) - e3fb79a3-1f86-42af-a80c-c46d1acdbc29: start FollowerState
2019-11-04 16:02:48,146 [Thread-2511] INFO  impl.FollowerState (FollowerState.java:run(108)) - e3fb79a3-1f86-42af-a80c-c46d1acdbc29@group-7855C2F36E53-FollowerState: change to CANDIDATE, lastRpcTime:129ms, electionTimeout:129ms
2019-11-04 16:02:48,146 [Thread-2511] INFO  impl.RoleInfo (RoleInfo.java:shutdownFollowerState(121)) - e3fb79a3-1f86-42af-a80c-c46d1acdbc29: shutdown FollowerState
2019-11-04 16:02:48,146 [Thread-2511] INFO  impl.RaftServerImpl (RaftServerImpl.java:setRole(184)) - e3fb79a3-1f86-42af-a80c-c46d1acdbc29@group-7855C2F36E53: changes role from  FOLLOWER to CANDIDATE at term 375 for changeToCandidate
2019-11-04 16:02:48,146 [Thread-2511] INFO  impl.RoleInfo (RoleInfo.java:updateAndGet(143)) - e3fb79a3-1f86-42af-a80c-c46d1acdbc29: start LeaderElection
2019-11-04 16:02:48,160 [e3fb79a3-1f86-42af-a80c-c46d1acdbc29@group-7855C2F36E53-LeaderElection343] INFO  impl.LeaderElection (LeaderElection.java:askForVotes(178)) - e3fb79a3-1f86-42af-a80c-c46d1acdbc29@group-7855C2F36E53-LeaderElection343: begin an election at term 376 for -1: [e3fb79a3-1f86-42af-a80c-c46d1acdbc29:192.168.157.194:44142, 81ff859e-e76f-43f5-951a-4a38422068cb:192.168.157.194:46532, a9143d84-6d7f-497d-b770-eb75585db3c7:192.168.157.194:42126], old=null
2019-11-04 16:02:48,162 [grpc-default-executor-4] INFO  impl.RaftServerImpl (RaftServerImpl.java:setRole(184)) - 81ff859e-e76f-43f5-951a-4a38422068cb@group-7855C2F36E53: changes role from  FOLLOWER to FOLLOWER at term 376 for recognizeCandidate:e3fb79a3-1f86-42af-a80c-c46d1acdbc29
2019-11-04 16:02:48,162 [grpc-default-executor-5] INFO  impl.RaftServerImpl (RaftServerImpl.java:setRole(184)) - a9143d84-6d7f-497d-b770-eb75585db3c7@group-7855C2F36E53: changes role from  FOLLOWER to FOLLOWER at term 376 for recognizeCandidate:e3fb79a3-1f86-42af-a80c-c46d1acdbc29
2019-11-04 16:02:48,162 [grpc-default-executor-4] INFO  impl.RoleInfo (RoleInfo.java:shutdownFollowerState(121)) - 81ff859e-e76f-43f5-951a-4a38422068cb: shutdown FollowerState
2019-11-04 16:02:48,162 [grpc-default-executor-5] INFO  impl.RoleInfo (RoleInfo.java:shutdownFollowerState(121)) - a9143d84-6d7f-497d-b770-eb75585db3c7: shutdown FollowerState
2019-11-04 16:02:48,162 [Thread-2509] INFO  impl.FollowerState (FollowerState.java:run(117)) - 81ff859e-e76f-43f5-951a-4a38422068cb@group-7855C2F36E53-FollowerState was interrupted: java.lang.InterruptedException: sleep interrupted
2019-11-04 16:02:48,162 [Thread-2510] INFO  impl.FollowerState (FollowerState.java:run(117)) - a9143d84-6d7f-497d-b770-eb75585db3c7@group-7855C2F36E53-FollowerState was interrupted: java.lang.InterruptedException: sleep interrupted
2019-11-04 16:02:48,162 [grpc-default-executor-4] INFO  impl.RoleInfo (RoleInfo.java:updateAndGet(143)) - 81ff859e-e76f-43f5-951a-4a38422068cb: start FollowerState
2019-11-04 16:02:48,162 [grpc-default-executor-5] INFO  impl.RoleInfo (RoleInfo.java:updateAndGet(143)) - a9143d84-6d7f-497d-b770-eb75585db3c7: start FollowerState
2019-11-04 16:02:48,177 [e3fb79a3-1f86-42af-a80c-c46d1acdbc29@group-7855C2F36E53-LeaderElection343] INFO  impl.LeaderElection (LeaderElection.java:logAndReturn(56)) - e3fb79a3-1f86-42af-a80c-c46d1acdbc29@group-7855C2F36E53-LeaderElection343: Election REJECTED; received 2 response(s) [e3fb79a3-1f86-42af-a80c-c46d1acdbc29<-81ff859e-e76f-43f5-951a-4a38422068cb#0:FAIL-t376, e3fb79a3-1f86-42af-a80c-c46d1acdbc29<-a9143d84-6d7f-497d-b770-eb75585db3c7#0:FAIL-t376] and 0 exception(s); e3fb79a3-1f86-42af-a80c-c46d1acdbc29@group-7855C2F36E53:t376, leader=null, voted=e3fb79a3-1f86-42af-a80c-c46d1acdbc29, raftlog=e3fb79a3-1f86-42af-a80c-c46d1acdbc29@group-7855C2F36E53-SegmentedRaftLog:OPENED:c-1,f-1,i0, conf=-1: [e3fb79a3-1f86-42af-a80c-c46d1acdbc29:192.168.157.194:44142, 81ff859e-e76f-43f5-951a-4a38422068cb:192.168.157.194:46532, a9143d84-6d7f-497d-b770-eb75585db3c7:192.168.157.194:42126], old=null
2019-11-04 16:02:48,177 [e3fb79a3-1f86-42af-a80c-c46d1acdbc29@group-7855C2F36E53-LeaderElection343] INFO  impl.RaftServerImpl (RaftServerImpl.java:setRole(184)) - e3fb79a3-1f86-42af-a80c-c46d1acdbc29@group-7855C2F36E53: changes role from CANDIDATE to FOLLOWER at term 376 for DISCOVERED_A_NEW_TERM
2019-11-04 16:02:48,177 [e3fb79a3-1f86-42af-a80c-c46d1acdbc29@group-7855C2F36E53-LeaderElection343] INFO  impl.RoleInfo (RoleInfo.java:shutdownLeaderElection(134)) - e3fb79a3-1f86-42af-a80c-c46d1acdbc29: shutdown LeaderElection
2019-11-04 16:02:48,177 [e3fb79a3-1f86-42af-a80c-c46d1acdbc29@group-7855C2F36E53-LeaderElection343] INFO  impl.RoleInfo (RoleInfo.java:updateAndGet(143)) - e3fb79a3-1f86-42af-a80c-c46d1acdbc29: start FollowerState
2019-11-04 16:02:48,242 [Thread-2517] INFO  impl.FollowerState (FollowerState.java:run(108)) - e3fb79a3-1f86-42af-a80c-c46d1acdbc29@group-7855C2F36E53-FollowerState: change to CANDIDATE, lastRpcTime:64ms, electionTimeout:64ms
2019-11-04 16:02:48,242 [Thread-2517] INFO  impl.RoleInfo (RoleInfo.java:shutdownFollowerState(121)) - e3fb79a3-1f86-42af-a80c-c46d1acdbc29: shutdown FollowerState
2019-11-04 16:02:48,242 [Thread-2517] INFO  impl.RaftServerImpl (RaftServerImpl.java:setRole(184)) - e3fb79a3-1f86-42af-a80c-c46d1acdbc29@group-7855C2F36E53: changes role from  FOLLOWER to CANDIDATE at term 376 for changeToCandidate
2019-11-04 16:02:48,242 [Thread-2517] INFO  impl.RoleInfo (RoleInfo.java:updateAndGet(143)) - e3fb79a3-1f86-42af-a80c-c46d1acdbc29: start LeaderElection
2019-11-04 16:02:48,256 [e3fb79a3-1f86-42af-a80c-c46d1acdbc29@group-7855C2F36E53-LeaderElection344] INFO  impl.LeaderElection (LeaderElection.java:askForVotes(178)) - e3fb79a3-1f86-42af-a80c-c46d1acdbc29@group-7855C2F36E53-LeaderElection344: begin an election at term 377 for -1: [e3fb79a3-1f86-42af-a80c-c46d1acdbc29:192.168.157.194:44142, 81ff859e-e76f-43f5-951a-4a38422068cb:192.168.157.194:46532, a9143d84-6d7f-497d-b770-eb75585db3c7:192.168.157.194:42126], old=null
2019-11-04 16:02:48,258 [grpc-default-executor-4] INFO  impl.RaftServerImpl (RaftServerImpl.java:setRole(184)) - 81ff859e-e76f-43f5-951a-4a38422068cb@group-7855C2F36E53: changes role from  FOLLOWER to FOLLOWER at term 377 for recognizeCandidate:e3fb79a3-1f86-42af-a80c-c46d1acdbc29
2019-11-04 16:02:48,258 [grpc-default-executor-5] INFO  impl.RaftServerImpl (RaftServerImpl.java:setRole(184)) - a9143d84-6d7f-497d-b770-eb75585db3c7@group-7855C2F36E53: changes role from  FOLLOWER to FOLLOWER at term 377 for recognizeCandidate:e3fb79a3-1f86-42af-a80c-c46d1acdbc29
2019-11-04 16:02:48,258 [grpc-default-executor-4] INFO  impl.RoleInfo (RoleInfo.java:shutdownFollowerState(121)) - 81ff859e-e76f-43f5-951a-4a38422068cb: shutdown FollowerState
2019-11-04 16:02:48,258 [grpc-default-executor-5] INFO  impl.RoleInfo (RoleInfo.java:shutdownFollowerState(121)) - a9143d84-6d7f-497d-b770-eb75585db3c7: shutdown FollowerState
2019-11-04 16:02:48,259 [Thread-2515] INFO  impl.FollowerState (FollowerState.java:run(117)) - 81ff859e-e76f-43f5-951a-4a38422068cb@group-7855C2F36E53-FollowerState was interrupted: java.lang.InterruptedException: sleep interrupted
2019-11-04 16:02:48,259 [grpc-default-executor-4] INFO  impl.RoleInfo (RoleInfo.java:updateAndGet(143)) - 81ff859e-e76f-43f5-951a-4a38422068cb: start FollowerState
2019-11-04 16:02:48,259 [grpc-default-executor-5] INFO  impl.RoleInfo (RoleInfo.java:updateAndGet(143)) - a9143d84-6d7f-497d-b770-eb75585db3c7: start FollowerState
2019-11-04 16:02:48,259 [Thread-2516] INFO  impl.FollowerState (FollowerState.java:run(117)) - a9143d84-6d7f-497d-b770-eb75585db3c7@group-7855C2F36E53-FollowerState was interrupted: java.lang.InterruptedException: sleep interrupted
2019-11-04 16:02:48,274 [e3fb79a3-1f86-42af-a80c-c46d1acdbc29@group-7855C2F36E53-LeaderElection344] INFO  impl.LeaderElection (LeaderElection.java:logAndReturn(56)) - e3fb79a3-1f86-42af-a80c-c46d1acdbc29@group-7855C2F36E53-LeaderElection344: Election REJECTED; received 2 response(s) [e3fb79a3-1f86-42af-a80c-c46d1acdbc29<-81ff859e-e76f-43f5-951a-4a38422068cb#0:FAIL-t377, e3fb79a3-1f86-42af-a80c-c46d1acdbc29<-a9143d84-6d7f-497d-b770-eb75585db3c7#0:FAIL-t377] and 0 exception(s); e3fb79a3-1f86-42af-a80c-c46d1acdbc29@group-7855C2F36E53:t377, leader=null, voted=e3fb79a3-1f86-42af-a80c-c46d1acdbc29, raftlog=e3fb79a3-1f86-42af-a80c-c46d1acdbc29@group-7855C2F36E53-SegmentedRaftLog:OPENED:c-1,f-1,i0, conf=-1: [e3fb79a3-1f86-42af-a80c-c46d1acdbc29:192.168.157.194:44142, 81ff859e-e76f-43f5-951a-4a38422068cb:192.168.157.194:46532, a9143d84-6d7f-497d-b770-eb75585db3c7:192.168.157.194:42126], old=null
2019-11-04 16:02:48,274 [e3fb79a3-1f86-42af-a80c-c46d1acdbc29@group-7855C2F36E53-LeaderElection344] INFO  impl.RaftServerImpl (RaftServerImpl.java:setRole(184)) - e3fb79a3-1f86-42af-a80c-c46d1acdbc29@group-7855C2F36E53: changes role from CANDIDATE to FOLLOWER at term 377 for DISCOVERED_A_NEW_TERM
2019-11-04 16:02:48,274 [e3fb79a3-1f86-42af-a80c-c46d1acdbc29@group-7855C2F36E53-LeaderElection344] INFO  impl.RoleInfo (RoleInfo.java:shutdownLeaderElection(134)) - e3fb79a3-1f86-42af-a80c-c46d1acdbc29: shutdown LeaderElection
2019-11-04 16:02:48,275 [e3fb79a3-1f86-42af-a80c-c46d1acdbc29@group-7855C2F36E53-LeaderElection344] INFO  impl.RoleInfo (RoleInfo.java:updateAndGet(143)) - e3fb79a3-1f86-42af-a80c-c46d1acdbc29: start FollowerState
2019-11-04 16:02:48,395 [Thread-2523] INFO  impl.FollowerState (FollowerState.java:run(108)) - e3fb79a3-1f86-42af-a80c-c46d1acdbc29@group-7855C2F36E53-FollowerState: change to CANDIDATE, lastRpcTime:120ms, electionTimeout:120ms
2019-11-04 16:02:48,395 [Thread-2523] INFO  impl.RoleInfo (RoleInfo.java:shutdownFollowerState(121)) - e3fb79a3-1f86-42af-a80c-c46d1acdbc29: shutdown FollowerState
2019-11-04 16:02:48,395 [Thread-2523] INFO  impl.RaftServerImpl (RaftServerImpl.java:setRole(184)) - e3fb79a3-1f86-42af-a80c-c46d1acdbc29@group-7855C2F36E53: changes role from  FOLLOWER to CANDIDATE at term 377 for changeToCandidate
2019-11-04 16:02:48,395 [Thread-2523] INFO  impl.RoleInfo (RoleInfo.java:updateAndGet(143)) - e3fb79a3-1f86-42af-a80c-c46d1acdbc29: start LeaderElection
2019-11-04 16:02:48,421 [e3fb79a3-1f86-42af-a80c-c46d1acdbc29@group-7855C2F36E53-LeaderElection345] INFO  impl.LeaderElection (LeaderElection.java:askForVotes(178)) - e3fb79a3-1f86-42af-a80c-c46d1acdbc29@group-7855C2F36E53-LeaderElection345: begin an election at term 378 for -1: [e3fb79a3-1f86-42af-a80c-c46d1acdbc29:192.168.157.194:44142, 81ff859e-e76f-43f5-951a-4a38422068cb:192.168.157.194:46532, a9143d84-6d7f-497d-b770-eb75585db3c7:192.168.157.194:42126], old=null
2019-11-04 16:02:48,423 [grpc-default-executor-5] INFO  impl.RaftServerImpl (RaftServerImpl.java:setRole(184)) - 81ff859e-e76f-43f5-951a-4a38422068cb@group-7855C2F36E53: changes role from  FOLLOWER to FOLLOWER at term 378 for recognizeCandidate:e3fb79a3-1f86-42af-a80c-c46d1acdbc29
2019-11-04 16:02:48,423 [grpc-default-executor-1] INFO  impl.RaftServerImpl (RaftServerImpl.java:setRole(184)) - a9143d84-6d7f-497d-b770-eb75585db3c7@group-7855C2F36E53: changes role from  FOLLOWER to FOLLOWER at term 378 for recognizeCandidate:e3fb79a3-1f86-42af-a80c-c46d1acdbc29
2019-11-04 16:02:48,423 [grpc-default-executor-5] INFO  impl.RoleInfo (RoleInfo.java:shutdownFollowerState(121)) - 81ff859e-e76f-43f5-951a-4a38422068cb: shutdown FollowerState
2019-11-04 16:02:48,423 [grpc-default-executor-1] INFO  impl.RoleInfo (RoleInfo.java:shutdownFollowerState(121)) - a9143d84-6d7f-497d-b770-eb75585db3c7: shutdown FollowerState
2019-11-04 16:02:48,423 [Thread-2521] INFO  impl.FollowerState (FollowerState.java:run(117)) - 81ff859e-e76f-43f5-951a-4a38422068cb@group-7855C2F36E53-FollowerState was interrupted: java.lang.InterruptedException: sleep interrupted
2019-11-04 16:02:48,423 [grpc-default-executor-5] INFO  impl.RoleInfo (RoleInfo.java:updateAndGet(143)) - 81ff859e-e76f-43f5-951a-4a38422068cb: start FollowerState
2019-11-04 16:02:48,424 [Thread-2522] INFO  impl.FollowerState (FollowerState.java:run(117)) - a9143d84-6d7f-497d-b770-eb75585db3c7@group-7855C2F36E53-FollowerState was interrupted: java.lang.InterruptedException: sleep interrupted
2019-11-04 16:02:48,424 [grpc-default-executor-1] INFO  impl.RoleInfo (RoleInfo.java:updateAndGet(143)) - a9143d84-6d7f-497d-b770-eb75585db3c7: start FollowerState
2019-11-04 16:02:48,440 [e3fb79a3-1f86-42af-a80c-c46d1acdbc29@group-7855C2F36E53-LeaderElection345] INFO  impl.LeaderElection (LeaderElection.java:logAndReturn(56)) - e3fb79a3-1f86-42af-a80c-c46d1acdbc29@group-7855C2F36E53-LeaderElection345: Election REJECTED; received 2 response(s) [e3fb79a3-1f86-42af-a80c-c46d1acdbc29<-81ff859e-e76f-43f5-951a-4a38422068cb#0:FAIL-t378, e3fb79a3-1f86-42af-a80c-c46d1acdbc29<-a9143d84-6d7f-497d-b770-eb75585db3c7#0:FAIL-t378] and 0 exception(s); e3fb79a3-1f86-42af-a80c-c46d1acdbc29@group-7855C2F36E53:t378, leader=null, voted=e3fb79a3-1f86-42af-a80c-c46d1acdbc29, raftlog=e3fb79a3-1f86-42af-a80c-c46d1acdbc29@group-7855C2F36E53-SegmentedRaftLog:OPENED:c-1,f-1,i0, conf=-1: [e3fb79a3-1f86-42af-a80c-c46d1acdbc29:192.168.157.194:44142, 81ff859e-e76f-43f5-951a-4a38422068cb:192.168.157.194:46532, a9143d84-6d7f-497d-b770-eb75585db3c7:192.168.157.194:42126], old=null
2019-11-04 16:02:48,440 [e3fb79a3-1f86-42af-a80c-c46d1acdbc29@group-7855C2F36E53-LeaderElection345] INFO  impl.RaftServerImpl (RaftServerImpl.java:setRole(184)) - e3fb79a3-1f86-42af-a80c-c46d1acdbc29@group-7855C2F36E53: changes role from CANDIDATE to FOLLOWER at term 378 for DISCOVERED_A_NEW_TERM
2019-11-04 16:02:48,440 [e3fb79a3-1f86-42af-a80c-c46d1acdbc29@group-7855C2F36E53-LeaderElection345] INFO  impl.RoleInfo (RoleInfo.java:shutdownLeaderElection(134)) - e3fb79a3-1f86-42af-a80c-c46d1acdbc29: shutdown LeaderElection
2019-11-04 16:02:48,440 [e3fb79a3-1f86-42af-a80c-c46d1acdbc29@group-7855C2F36E53-LeaderElection345] INFO  impl.RoleInfo (RoleInfo.java:updateAndGet(143)) - e3fb79a3-1f86-42af-a80c-c46d1acdbc29: start FollowerState
2019-11-04 16:02:48,601 [Thread-2529] INFO  impl.FollowerState (FollowerState.java:run(108)) - e3fb79a3-1f86-42af-a80c-c46d1acdbc29@group-7855C2F36E53-FollowerState: change to CANDIDATE, lastRpcTime:160ms, electionTimeout:160ms
2019-11-04 16:02:48,601 [Thread-2529] INFO  impl.RoleInfo (RoleInfo.java:shutdownFollowerState(121)) - e3fb79a3-1f86-42af-a80c-c46d1acdbc29: shutdown FollowerState
2019-11-04 16:02:48,601 [Thread-2529] INFO  impl.RaftServerImpl (RaftServerImpl.java:setRole(184)) - e3fb79a3-1f86-42af-a80c-c46d1acdbc29@group-7855C2F36E53: changes role from  FOLLOWER to CANDIDATE at term 378 for changeToCandidate
2019-11-04 16:02:48,602 [Thread-2529] INFO  impl.RoleInfo (RoleInfo.java:updateAndGet(143)) - e3fb79a3-1f86-42af-a80c-c46d1acdbc29: start LeaderElection
2019-11-04 16:02:48,612 [e3fb79a3-1f86-42af-a80c-c46d1acdbc29@group-7855C2F36E53-LeaderElection346] INFO  impl.LeaderElection (LeaderElection.java:askForVotes(178)) - e3fb79a3-1f86-42af-a80c-c46d1acdbc29@group-7855C2F36E53-LeaderElection346: begin an election at term 379 for -1: [e3fb79a3-1f86-42af-a80c-c46d1acdbc29:192.168.157.194:44142, 81ff859e-e76f-43f5-951a-4a38422068cb:192.168.157.194:46532, a9143d84-6d7f-497d-b770-eb75585db3c7:192.168.157.194:42126], old=null
2019-11-04 16:02:48,615 [grpc-default-executor-1] INFO  impl.RaftServerImpl (RaftServerImpl.java:setRole(184)) - 81ff859e-e76f-43f5-951a-4a38422068cb@group-7855C2F36E53: changes role from  FOLLOWER to FOLLOWER at term 379 for recognizeCandidate:e3fb79a3-1f86-42af-a80c-c46d1acdbc29
2019-11-04 16:02:48,615 [grpc-default-executor-5] INFO  impl.RaftServerImpl (RaftServerImpl.java:setRole(184)) - a9143d84-6d7f-497d-b770-eb75585db3c7@group-7855C2F36E53: changes role from  FOLLOWER to FOLLOWER at term 379 for recognizeCandidate:e3fb79a3-1f86-42af-a80c-c46d1acdbc29
2019-11-04 16:02:48,615 [grpc-default-executor-1] INFO  impl.RoleInfo (RoleInfo.java:shutdownFollowerState(121)) - 81ff859e-e76f-43f5-951a-4a38422068cb: shutdown FollowerState
2019-11-04 16:02:48,615 [grpc-default-executor-5] INFO  impl.RoleInfo (RoleInfo.java:shutdownFollowerState(121)) - a9143d84-6d7f-497d-b770-eb75585db3c7: shutdown FollowerState
2019-11-04 16:02:48,616 [Thread-2527] INFO  impl.FollowerState (FollowerState.java:run(117)) - 81ff859e-e76f-43f5-951a-4a38422068cb@group-7855C2F36E53-FollowerState was interrupted: java.lang.InterruptedException: sleep interrupted
2019-11-04 16:02:48,616 [grpc-default-executor-1] INFO  impl.RoleInfo (RoleInfo.java:updateAndGet(143)) - 81ff859e-e76f-43f5-951a-4a38422068cb: start FollowerState
2019-11-04 16:02:48,616 [Thread-2528] INFO  impl.FollowerState (FollowerState.java:run(117)) - a9143d84-6d7f-497d-b770-eb75585db3c7@group-7855C2F36E53-FollowerState was interrupted: java.lang.InterruptedException: sleep interrupted
2019-11-04 16:02:48,616 [grpc-default-executor-5] INFO  impl.RoleInfo (RoleInfo.java:updateAndGet(143)) - a9143d84-6d7f-497d-b770-eb75585db3c7: start FollowerState
2019-11-04 16:02:48,640 [e3fb79a3-1f86-42af-a80c-c46d1acdbc29@group-7855C2F36E53-LeaderElection346] INFO  impl.LeaderElection (LeaderElection.java:logAndReturn(56)) - e3fb79a3-1f86-42af-a80c-c46d1acdbc29@group-7855C2F36E53-LeaderElection346: Election REJECTED; received 2 response(s) [e3fb79a3-1f86-42af-a80c-c46d1acdbc29<-81ff859e-e76f-43f5-951a-4a38422068cb#0:FAIL-t379, e3fb79a3-1f86-42af-a80c-c46d1acdbc29<-a9143d84-6d7f-497d-b770-eb75585db3c7#0:FAIL-t379] and 0 exception(s); e3fb79a3-1f86-42af-a80c-c46d1acdbc29@group-7855C2F36E53:t379, leader=null, voted=e3fb79a3-1f86-42af-a80c-c46d1acdbc29, raftlog=e3fb79a3-1f86-42af-a80c-c46d1acdbc29@group-7855C2F36E53-SegmentedRaftLog:OPENED:c-1,f-1,i0, conf=-1: [e3fb79a3-1f86-42af-a80c-c46d1acdbc29:192.168.157.194:44142, 81ff859e-e76f-43f5-951a-4a38422068cb:192.168.157.194:46532, a9143d84-6d7f-497d-b770-eb75585db3c7:192.168.157.194:42126], old=null
2019-11-04 16:02:48,641 [e3fb79a3-1f86-42af-a80c-c46d1acdbc29@group-7855C2F36E53-LeaderElection346] INFO  impl.RaftServerImpl (RaftServerImpl.java:setRole(184)) - e3fb79a3-1f86-42af-a80c-c46d1acdbc29@group-7855C2F36E53: changes role from CANDIDATE to FOLLOWER at term 379 for DISCOVERED_A_NEW_TERM
2019-11-04 16:02:48,641 [e3fb79a3-1f86-42af-a80c-c46d1acdbc29@group-7855C2F36E53-LeaderElection346] INFO  impl.RoleInfo (RoleInfo.java:shutdownLeaderElection(134)) - e3fb79a3-1f86-42af-a80c-c46d1acdbc29: shutdown LeaderElection
2019-11-04 16:02:48,641 [e3fb79a3-1f86-42af-a80c-c46d1acdbc29@group-7855C2F36E53-LeaderElection346] INFO  impl.RoleInfo (RoleInfo.java:updateAndGet(143)) - e3fb79a3-1f86-42af-a80c-c46d1acdbc29: start FollowerState
2019-11-04 16:02:48,759 [Thread-2537] INFO  impl.FollowerState (FollowerState.java:run(108)) - e3fb79a3-1f86-42af-a80c-c46d1acdbc29@group-7855C2F36E53-FollowerState: change to CANDIDATE, lastRpcTime:118ms, electionTimeout:118ms
2019-11-04 16:02:48,760 [Thread-2537] INFO  impl.RoleInfo (RoleInfo.java:shutdownFollowerState(121)) - e3fb79a3-1f86-42af-a80c-c46d1acdbc29: shutdown FollowerState
2019-11-04 16:02:48,760 [Thread-2537] INFO  impl.RaftServerImpl (RaftServerImpl.java:setRole(184)) - e3fb79a3-1f86-42af-a80c-c46d1acdbc29@group-7855C2F36E53: changes role from  FOLLOWER to CANDIDATE at term 379 for changeToCandidate
2019-11-04 16:02:48,760 [Thread-2537] INFO  impl.RoleInfo (RoleInfo.java:updateAndGet(143)) - e3fb79a3-1f86-42af-a80c-c46d1acdbc29: start LeaderElection
2019-11-04 16:02:48,786 [e3fb79a3-1f86-42af-a80c-c46d1acdbc29@group-7855C2F36E53-LeaderElection347] INFO  impl.LeaderElection (LeaderElection.java:askForVotes(178)) - e3fb79a3-1f86-42af-a80c-c46d1acdbc29@group-7855C2F36E53-LeaderElection347: begin an election at term 380 for -1: [e3fb79a3-1f86-42af-a80c-c46d1acdbc29:192.168.157.194:44142, 81ff859e-e76f-43f5-951a-4a38422068cb:192.168.157.194:46532, a9143d84-6d7f-497d-b770-eb75585db3c7:192.168.157.194:42126], old=null
2019-11-04 16:02:48,787 [grpc-default-executor-5] INFO  impl.RaftServerImpl (RaftServerImpl.java:setRole(184)) - 81ff859e-e76f-43f5-951a-4a38422068cb@group-7855C2F36E53: changes role from  FOLLOWER to FOLLOWER at term 380 for recognizeCandidate:e3fb79a3-1f86-42af-a80c-c46d1acdbc29
2019-11-04 16:02:48,788 [grpc-default-executor-1] INFO  impl.RaftServerImpl (RaftServerImpl.java:setRole(184)) - a9143d84-6d7f-497d-b770-eb75585db3c7@group-7855C2F36E53: changes role from  FOLLOWER to FOLLOWER at term 380 for recognizeCandidate:e3fb79a3-1f86-42af-a80c-c46d1acdbc29
2019-11-04 16:02:48,788 [grpc-default-executor-5] INFO  impl.RoleInfo (RoleInfo.java:shutdownFollowerState(121)) - 81ff859e-e76f-43f5-951a-4a38422068cb: shutdown FollowerState
2019-11-04 16:02:48,788 [grpc-default-executor-1] INFO  impl.RoleInfo (RoleInfo.java:shutdownFollowerState(121)) - a9143d84-6d7f-497d-b770-eb75585db3c7: shutdown FollowerState
2019-11-04 16:02:48,788 [grpc-default-executor-5] INFO  impl.RoleInfo (RoleInfo.java:updateAndGet(143)) - 81ff859e-e76f-43f5-951a-4a38422068cb: start FollowerState
2019-11-04 16:02:48,788 [Thread-2535] INFO  impl.FollowerState (FollowerState.java:run(117)) - 81ff859e-e76f-43f5-951a-4a38422068cb@group-7855C2F36E53-FollowerState was interrupted: java.lang.InterruptedException: sleep interrupted
2019-11-04 16:02:48,788 [Thread-2536] INFO  impl.FollowerState (FollowerState.java:run(117)) - a9143d84-6d7f-497d-b770-eb75585db3c7@group-7855C2F36E53-FollowerState was interrupted: java.lang.InterruptedException: sleep interrupted
2019-11-04 16:02:48,788 [grpc-default-executor-1] INFO  impl.RoleInfo (RoleInfo.java:updateAndGet(143)) - a9143d84-6d7f-497d-b770-eb75585db3c7: start FollowerState
2019-11-04 16:02:48,818 [e3fb79a3-1f86-42af-a80c-c46d1acdbc29@group-7855C2F36E53-LeaderElection347] INFO  impl.LeaderElection (LeaderElection.java:logAndReturn(56)) - e3fb79a3-1f86-42af-a80c-c46d1acdbc29@group-7855C2F36E53-LeaderElection347: Election REJECTED; received 2 response(s) [e3fb79a3-1f86-42af-a80c-c46d1acdbc29<-81ff859e-e76f-43f5-951a-4a38422068cb#0:FAIL-t380, e3fb79a3-1f86-42af-a80c-c46d1acdbc29<-a9143d84-6d7f-497d-b770-eb75585db3c7#0:FAIL-t380] and 0 exception(s); e3fb79a3-1f86-42af-a80c-c46d1acdbc29@group-7855C2F36E53:t380, leader=null, voted=e3fb79a3-1f86-42af-a80c-c46d1acdbc29, raftlog=e3fb79a3-1f86-42af-a80c-c46d1acdbc29@group-7855C2F36E53-SegmentedRaftLog:OPENED:c-1,f-1,i0, conf=-1: [e3fb79a3-1f86-42af-a80c-c46d1acdbc29:192.168.157.194:44142, 81ff859e-e76f-43f5-951a-4a38422068cb:192.168.157.194:46532, a9143d84-6d7f-497d-b770-eb75585db3c7:192.168.157.194:42126], old=null
2019-11-04 16:02:48,818 [e3fb79a3-1f86-42af-a80c-c46d1acdbc29@group-7855C2F36E53-LeaderElection347] INFO  impl.RaftServerImpl (RaftServerImpl.java:setRole(184)) - e3fb79a3-1f86-42af-a80c-c46d1acdbc29@group-7855C2F36E53: changes role from CANDIDATE to FOLLOWER at term 380 for DISCOVERED_A_NEW_TERM
2019-11-04 16:02:48,818 [e3fb79a3-1f86-42af-a80c-c46d1acdbc29@group-7855C2F36E53-LeaderElection347] INFO  impl.RoleInfo (RoleInfo.java:shutdownLeaderElection(134)) - e3fb79a3-1f86-42af-a80c-c46d1acdbc29: shutdown LeaderElection
2019-11-04 16:02:48,818 [e3fb79a3-1f86-42af-a80c-c46d1acdbc29@group-7855C2F36E53-LeaderElection347] INFO  impl.RoleInfo (RoleInfo.java:updateAndGet(143)) - e3fb79a3-1f86-42af-a80c-c46d1acdbc29: start FollowerState
2019-11-04 16:02:48,839 [Thread-2543] INFO  impl.FollowerState (FollowerState.java:run(108)) - e3fb79a3-1f86-42af-a80c-c46d1acdbc29@group-7855C2F36E53-FollowerState: change to CANDIDATE, lastRpcTime:20ms, electionTimeout:20ms
2019-11-04 16:02:48,839 [Thread-2543] INFO  impl.RoleInfo (RoleInfo.java:shutdownFollowerState(121)) - e3fb79a3-1f86-42af-a80c-c46d1acdbc29: shutdown FollowerState
2019-11-04 16:02:48,839 [Thread-2543] INFO  impl.RaftServerImpl (RaftServerImpl.java:setRole(184)) - e3fb79a3-1f86-42af-a80c-c46d1acdbc29@group-7855C2F36E53: changes role from  FOLLOWER to CANDIDATE at term 380 for changeToCandidate
2019-11-04 16:02:48,839 [Thread-2543] INFO  impl.RoleInfo (RoleInfo.java:updateAndGet(143)) - e3fb79a3-1f86-42af-a80c-c46d1acdbc29: start LeaderElection
2019-11-04 16:02:48,864 [e3fb79a3-1f86-42af-a80c-c46d1acdbc29@group-7855C2F36E53-LeaderElection348] INFO  impl.LeaderElection (LeaderElection.java:askForVotes(178)) - e3fb79a3-1f86-42af-a80c-c46d1acdbc29@group-7855C2F36E53-LeaderElection348: begin an election at term 381 for -1: [e3fb79a3-1f86-42af-a80c-c46d1acdbc29:192.168.157.194:44142, 81ff859e-e76f-43f5-951a-4a38422068cb:192.168.157.194:46532, a9143d84-6d7f-497d-b770-eb75585db3c7:192.168.157.194:42126], old=null
2019-11-04 16:02:48,865 [grpc-default-executor-5] INFO  impl.RaftServerImpl (RaftServerImpl.java:setRole(184)) - 81ff859e-e76f-43f5-951a-4a38422068cb@group-7855C2F36E53: changes role from  FOLLOWER to FOLLOWER at term 381 for recognizeCandidate:e3fb79a3-1f86-42af-a80c-c46d1acdbc29
2019-11-04 16:02:48,866 [grpc-default-executor-5] INFO  impl.RoleInfo (RoleInfo.java:shutdownFollowerState(121)) - 81ff859e-e76f-43f5-951a-4a38422068cb: shutdown FollowerState
2019-11-04 16:02:48,866 [grpc-default-executor-5] INFO  impl.RoleInfo (RoleInfo.java:updateAndGet(143)) - 81ff859e-e76f-43f5-951a-4a38422068cb: start FollowerState
2019-11-04 16:02:48,866 [Thread-2541] INFO  impl.FollowerState (FollowerState.java:run(117)) - 81ff859e-e76f-43f5-951a-4a38422068cb@group-7855C2F36E53-FollowerState was interrupted: java.lang.InterruptedException: sleep interrupted
2019-11-04 16:02:48,866 [grpc-default-executor-1] INFO  impl.RaftServerImpl (RaftServerImpl.java:setRole(184)) - a9143d84-6d7f-497d-b770-eb75585db3c7@group-7855C2F36E53: changes role from  FOLLOWER to FOLLOWER at term 381 for recognizeCandidate:e3fb79a3-1f86-42af-a80c-c46d1acdbc29
2019-11-04 16:02:48,866 [grpc-default-executor-1] INFO  impl.RoleInfo (RoleInfo.java:shutdownFollowerState(121)) - a9143d84-6d7f-497d-b770-eb75585db3c7: shutdown FollowerState
2019-11-04 16:02:48,866 [grpc-default-executor-1] INFO  impl.RoleInfo (RoleInfo.java:updateAndGet(143)) - a9143d84-6d7f-497d-b770-eb75585db3c7: start FollowerState
2019-11-04 16:02:48,866 [Thread-2542] INFO  impl.FollowerState (FollowerState.java:run(117)) - a9143d84-6d7f-497d-b770-eb75585db3c7@group-7855C2F36E53-FollowerState was interrupted: java.lang.InterruptedException: sleep interrupted
2019-11-04 16:02:48,894 [e3fb79a3-1f86-42af-a80c-c46d1acdbc29@group-7855C2F36E53-LeaderElection348] INFO  impl.LeaderElection (LeaderElection.java:logAndReturn(56)) - e3fb79a3-1f86-42af-a80c-c46d1acdbc29@group-7855C2F36E53-LeaderElection348: Election REJECTED; received 2 response(s) [e3fb79a3-1f86-42af-a80c-c46d1acdbc29<-81ff859e-e76f-43f5-951a-4a38422068cb#0:FAIL-t381, e3fb79a3-1f86-42af-a80c-c46d1acdbc29<-a9143d84-6d7f-497d-b770-eb75585db3c7#0:FAIL-t381] and 0 exception(s); e3fb79a3-1f86-42af-a80c-c46d1acdbc29@group-7855C2F36E53:t381, leader=null, voted=e3fb79a3-1f86-42af-a80c-c46d1acdbc29, raftlog=e3fb79a3-1f86-42af-a80c-c46d1acdbc29@group-7855C2F36E53-SegmentedRaftLog:OPENED:c-1,f-1,i0, conf=-1: [e3fb79a3-1f86-42af-a80c-c46d1acdbc29:192.168.157.194:44142, 81ff859e-e76f-43f5-951a-4a38422068cb:192.168.157.194:46532, a9143d84-6d7f-497d-b770-eb75585db3c7:192.168.157.194:42126], old=null
2019-11-04 16:02:48,894 [e3fb79a3-1f86-42af-a80c-c46d1acdbc29@group-7855C2F36E53-LeaderElection348] INFO  impl.RaftServerImpl (RaftServerImpl.java:setRole(184)) - e3fb79a3-1f86-42af-a80c-c46d1acdbc29@group-7855C2F36E53: changes role from CANDIDATE to FOLLOWER at term 381 for DISCOVERED_A_NEW_TERM
2019-11-04 16:02:48,894 [e3fb79a3-1f86-42af-a80c-c46d1acdbc29@group-7855C2F36E53-LeaderElection348] INFO  impl.RoleInfo (RoleInfo.java:shutdownLeaderElection(134)) - e3fb79a3-1f86-42af-a80c-c46d1acdbc29: shutdown LeaderElection
2019-11-04 16:02:48,894 [e3fb79a3-1f86-42af-a80c-c46d1acdbc29@group-7855C2F36E53-LeaderElection348] INFO  impl.RoleInfo (RoleInfo.java:updateAndGet(143)) - e3fb79a3-1f86-42af-a80c-c46d1acdbc29: start FollowerState
2019-11-04 16:02:48,951 [Thread-2549] INFO  impl.FollowerState (FollowerState.java:run(108)) - e3fb79a3-1f86-42af-a80c-c46d1acdbc29@group-7855C2F36E53-FollowerState: change to CANDIDATE, lastRpcTime:57ms, electionTimeout:57ms
2019-11-04 16:02:48,951 [Thread-2549] INFO  impl.RoleInfo (RoleInfo.java:shutdownFollowerState(121)) - e3fb79a3-1f86-42af-a80c-c46d1acdbc29: shutdown FollowerState
2019-11-04 16:02:48,952 [Thread-2549] INFO  impl.RaftServerImpl (RaftServerImpl.java:setRole(184)) - e3fb79a3-1f86-42af-a80c-c46d1acdbc29@group-7855C2F36E53: changes role from  FOLLOWER to CANDIDATE at term 381 for changeToCandidate
2019-11-04 16:02:48,952 [Thread-2549] INFO  impl.RoleInfo (RoleInfo.java:updateAndGet(143)) - e3fb79a3-1f86-42af-a80c-c46d1acdbc29: start LeaderElection
2019-11-04 16:02:48,978 [e3fb79a3-1f86-42af-a80c-c46d1acdbc29@group-7855C2F36E53-LeaderElection349] INFO  impl.LeaderElection (LeaderElection.java:askForVotes(178)) - e3fb79a3-1f86-42af-a80c-c46d1acdbc29@group-7855C2F36E53-LeaderElection349: begin an election at term 382 for -1: [e3fb79a3-1f86-42af-a80c-c46d1acdbc29:192.168.157.194:44142, 81ff859e-e76f-43f5-951a-4a38422068cb:192.168.157.194:46532, a9143d84-6d7f-497d-b770-eb75585db3c7:192.168.157.194:42126], old=null
2019-11-04 16:02:48,979 [grpc-default-executor-5] INFO  impl.RaftServerImpl (RaftServerImpl.java:setRole(184)) - 81ff859e-e76f-43f5-951a-4a38422068cb@group-7855C2F36E53: changes role from  FOLLOWER to FOLLOWER at term 382 for recognizeCandidate:e3fb79a3-1f86-42af-a80c-c46d1acdbc29
2019-11-04 16:02:48,980 [grpc-default-executor-5] INFO  impl.RoleInfo (RoleInfo.java:shutdownFollowerState(121)) - 81ff859e-e76f-43f5-951a-4a38422068cb: shutdown FollowerState
2019-11-04 16:02:48,980 [grpc-default-executor-5] INFO  impl.RoleInfo (RoleInfo.java:updateAndGet(143)) - 81ff859e-e76f-43f5-951a-4a38422068cb: start FollowerState
2019-11-04 16:02:48,980 [Thread-2547] INFO  impl.FollowerState (FollowerState.java:run(117)) - 81ff859e-e76f-43f5-951a-4a38422068cb@group-7855C2F36E53-FollowerState was interrupted: java.lang.InterruptedException: sleep interrupted
2019-11-04 16:02:48,980 [grpc-default-executor-1] INFO  impl.RaftServerImpl (RaftServerImpl.java:setRole(184)) - a9143d84-6d7f-497d-b770-eb75585db3c7@group-7855C2F36E53: changes role from  FOLLOWER to FOLLOWER at term 382 for recognizeCandidate:e3fb79a3-1f86-42af-a80c-c46d1acdbc29
2019-11-04 16:02:48,980 [grpc-default-executor-1] INFO  impl.RoleInfo (RoleInfo.java:shutdownFollowerState(121)) - a9143d84-6d7f-497d-b770-eb75585db3c7: shutdown FollowerState
2019-11-04 16:02:48,980 [grpc-default-executor-1] INFO  impl.RoleInfo (RoleInfo.java:updateAndGet(143)) - a9143d84-6d7f-497d-b770-eb75585db3c7: start FollowerState
2019-11-04 16:02:48,980 [Thread-2548] INFO  impl.FollowerState (FollowerState.java:run(117)) - a9143d84-6d7f-497d-b770-eb75585db3c7@group-7855C2F36E53-FollowerState was interrupted: java.lang.InterruptedException: sleep interrupted
2019-11-04 16:02:48,999 [e3fb79a3-1f86-42af-a80c-c46d1acdbc29@group-7855C2F36E53-LeaderElection349] INFO  impl.LeaderElection (LeaderElection.java:logAndReturn(56)) - e3fb79a3-1f86-42af-a80c-c46d1acdbc29@group-7855C2F36E53-LeaderElection349: Election TIMEOUT; received 0 response(s) [] and 0 exception(s); e3fb79a3-1f86-42af-a80c-c46d1acdbc29@group-7855C2F36E53:t382, leader=null, voted=e3fb79a3-1f86-42af-a80c-c46d1acdbc29, raftlog=e3fb79a3-1f86-42af-a80c-c46d1acdbc29@group-7855C2F36E53-SegmentedRaftLog:OPENED:c-1,f-1,i0, conf=-1: [e3fb79a3-1f86-42af-a80c-c46d1acdbc29:192.168.157.194:44142, 81ff859e-e76f-43f5-951a-4a38422068cb:192.168.157.194:46532, a9143d84-6d7f-497d-b770-eb75585db3c7:192.168.157.194:42126], old=null
2019-11-04 16:02:49,009 [e3fb79a3-1f86-42af-a80c-c46d1acdbc29@group-7855C2F36E53-LeaderElection349] INFO  impl.LeaderElection (LeaderElection.java:askForVotes(178)) - e3fb79a3-1f86-42af-a80c-c46d1acdbc29@group-7855C2F36E53-LeaderElection349: begin an election at term 383 for -1: [e3fb79a3-1f86-42af-a80c-c46d1acdbc29:192.168.157.194:44142, 81ff859e-e76f-43f5-951a-4a38422068cb:192.168.157.194:46532, a9143d84-6d7f-497d-b770-eb75585db3c7:192.168.157.194:42126], old=null
2019-11-04 16:02:49,010 [grpc-default-executor-5] INFO  impl.RaftServerImpl (RaftServerImpl.java:setRole(184)) - 81ff859e-e76f-43f5-951a-4a38422068cb@group-7855C2F36E53: changes role from  FOLLOWER to FOLLOWER at term 383 for recognizeCandidate:e3fb79a3-1f86-42af-a80c-c46d1acdbc29
2019-11-04 16:02:49,011 [grpc-default-executor-5] INFO  impl.RoleInfo (RoleInfo.java:shutdownFollowerState(121)) - 81ff859e-e76f-43f5-951a-4a38422068cb: shutdown FollowerState
2019-11-04 16:02:49,011 [grpc-default-executor-1] INFO  impl.RaftServerImpl (RaftServerImpl.java:setRole(184)) - a9143d84-6d7f-497d-b770-eb75585db3c7@group-7855C2F36E53: changes role from  FOLLOWER to FOLLOWER at term 383 for recognizeCandidate:e3fb79a3-1f86-42af-a80c-c46d1acdbc29
2019-11-04 16:02:49,011 [Thread-2553] INFO  impl.FollowerState (FollowerState.java:run(117)) - 81ff859e-e76f-43f5-951a-4a38422068cb@group-7855C2F36E53-FollowerState was interrupted: java.lang.InterruptedException: sleep interrupted
2019-11-04 16:02:49,011 [grpc-default-executor-5] INFO  impl.RoleInfo (RoleInfo.java:updateAndGet(143)) - 81ff859e-e76f-43f5-951a-4a38422068cb: start FollowerState
2019-11-04 16:02:49,011 [grpc-default-executor-1] INFO  impl.RoleInfo (RoleInfo.java:shutdownFollowerState(121)) - a9143d84-6d7f-497d-b770-eb75585db3c7: shutdown FollowerState
2019-11-04 16:02:49,011 [grpc-default-executor-1] INFO  impl.RoleInfo (RoleInfo.java:updateAndGet(143)) - a9143d84-6d7f-497d-b770-eb75585db3c7: start FollowerState
2019-11-04 16:02:49,011 [Thread-2554] INFO  impl.FollowerState (FollowerState.java:run(117)) - a9143d84-6d7f-497d-b770-eb75585db3c7@group-7855C2F36E53-FollowerState was interrupted: java.lang.InterruptedException: sleep interrupted
2019-11-04 16:02:49,018 [e3fb79a3-1f86-42af-a80c-c46d1acdbc29@group-7855C2F36E53-LeaderElection349] INFO  impl.LeaderElection (LeaderElection.java:logAndReturn(56)) - e3fb79a3-1f86-42af-a80c-c46d1acdbc29@group-7855C2F36E53-LeaderElection349: Election REJECTED; received 2 response(s) [e3fb79a3-1f86-42af-a80c-c46d1acdbc29<-81ff859e-e76f-43f5-951a-4a38422068cb#0:FAIL-t383, e3fb79a3-1f86-42af-a80c-c46d1acdbc29<-a9143d84-6d7f-497d-b770-eb75585db3c7#0:FAIL-t383] and 0 exception(s); e3fb79a3-1f86-42af-a80c-c46d1acdbc29@group-7855C2F36E53:t383, leader=null, voted=e3fb79a3-1f86-42af-a80c-c46d1acdbc29, raftlog=e3fb79a3-1f86-42af-a80c-c46d1acdbc29@group-7855C2F36E53-SegmentedRaftLog:OPENED:c-1,f-1,i0, conf=-1: [e3fb79a3-1f86-42af-a80c-c46d1acdbc29:192.168.157.194:44142, 81ff859e-e76f-43f5-951a-4a38422068cb:192.168.157.194:46532, a9143d84-6d7f-497d-b770-eb75585db3c7:192.168.157.194:42126], old=null
2019-11-04 16:02:49,018 [e3fb79a3-1f86-42af-a80c-c46d1acdbc29@group-7855C2F36E53-LeaderElection349] INFO  impl.RaftServerImpl (RaftServerImpl.java:setRole(184)) - e3fb79a3-1f86-42af-a80c-c46d1acdbc29@group-7855C2F36E53: changes role from CANDIDATE to FOLLOWER at term 383 for DISCOVERED_A_NEW_TERM
2019-11-04 16:02:49,018 [e3fb79a3-1f86-42af-a80c-c46d1acdbc29@group-7855C2F36E53-LeaderElection349] INFO  impl.RoleInfo (RoleInfo.java:shutdownLeaderElection(134)) - e3fb79a3-1f86-42af-a80c-c46d1acdbc29: shutdown LeaderElection
2019-11-04 16:02:49,018 [e3fb79a3-1f86-42af-a80c-c46d1acdbc29@group-7855C2F36E53-LeaderElection349] INFO  impl.RoleInfo (RoleInfo.java:updateAndGet(143)) - e3fb79a3-1f86-42af-a80c-c46d1acdbc29: start FollowerState
2019-11-04 16:02:49,074 [Thread-2559] INFO  impl.FollowerState (FollowerState.java:run(108)) - e3fb79a3-1f86-42af-a80c-c46d1acdbc29@group-7855C2F36E53-FollowerState: change to CANDIDATE, lastRpcTime:56ms, electionTimeout:56ms
2019-11-04 16:02:49,075 [Thread-2559] INFO  impl.RoleInfo (RoleInfo.java:shutdownFollowerState(121)) - e3fb79a3-1f86-42af-a80c-c46d1acdbc29: shutdown FollowerState
2019-11-04 16:02:49,075 [Thread-2559] INFO  impl.RaftServerImpl (RaftServerImpl.java:setRole(184)) - e3fb79a3-1f86-42af-a80c-c46d1acdbc29@group-7855C2F36E53: changes role from  FOLLOWER to CANDIDATE at term 383 for changeToCandidate
2019-11-04 16:02:49,075 [Thread-2559] INFO  impl.RoleInfo (RoleInfo.java:updateAndGet(143)) - e3fb79a3-1f86-42af-a80c-c46d1acdbc29: start LeaderElection
2019-11-04 16:02:49,094 [e3fb79a3-1f86-42af-a80c-c46d1acdbc29@group-7855C2F36E53-LeaderElection350] INFO  impl.LeaderElection (LeaderElection.java:askForVotes(178)) - e3fb79a3-1f86-42af-a80c-c46d1acdbc29@group-7855C2F36E53-LeaderElection350: begin an election at term 384 for -1: [e3fb79a3-1f86-42af-a80c-c46d1acdbc29:192.168.157.194:44142, 81ff859e-e76f-43f5-951a-4a38422068cb:192.168.157.194:46532, a9143d84-6d7f-497d-b770-eb75585db3c7:192.168.157.194:42126], old=null
2019-11-04 16:02:49,096 [grpc-default-executor-1] INFO  impl.RaftServerImpl (RaftServerImpl.java:setRole(184)) - 81ff859e-e76f-43f5-951a-4a38422068cb@group-7855C2F36E53: changes role from  FOLLOWER to FOLLOWER at term 384 for recognizeCandidate:e3fb79a3-1f86-42af-a80c-c46d1acdbc29
2019-11-04 16:02:49,096 [grpc-default-executor-1] INFO  impl.RoleInfo (RoleInfo.java:shutdownFollowerState(121)) - 81ff859e-e76f-43f5-951a-4a38422068cb: shutdown FollowerState
2019-11-04 16:02:49,096 [grpc-default-executor-5] INFO  impl.RaftServerImpl (RaftServerImpl.java:setRole(184)) - a9143d84-6d7f-497d-b770-eb75585db3c7@group-7855C2F36E53: changes role from  FOLLOWER to FOLLOWER at term 384 for recognizeCandidate:e3fb79a3-1f86-42af-a80c-c46d1acdbc29
2019-11-04 16:02:49,096 [grpc-default-executor-5] INFO  impl.RoleInfo (RoleInfo.java:shutdownFollowerState(121)) - a9143d84-6d7f-497d-b770-eb75585db3c7: shutdown FollowerState
2019-11-04 16:02:49,096 [grpc-default-executor-5] INFO  impl.RoleInfo (RoleInfo.java:updateAndGet(143)) - a9143d84-6d7f-497d-b770-eb75585db3c7: start FollowerState
2019-11-04 16:02:49,096 [Thread-2557] INFO  impl.FollowerState (FollowerState.java:run(117)) - 81ff859e-e76f-43f5-951a-4a38422068cb@group-7855C2F36E53-FollowerState was interrupted: java.lang.InterruptedException: sleep interrupted
2019-11-04 16:02:49,096 [grpc-default-executor-1] INFO  impl.RoleInfo (RoleInfo.java:updateAndGet(143)) - 81ff859e-e76f-43f5-951a-4a38422068cb: start FollowerState
2019-11-04 16:02:49,096 [Thread-2558] INFO  impl.FollowerState (FollowerState.java:run(117)) - a9143d84-6d7f-497d-b770-eb75585db3c7@group-7855C2F36E53-FollowerState was interrupted: java.lang.InterruptedException: sleep interrupted
2019-11-04 16:02:49,111 [e3fb79a3-1f86-42af-a80c-c46d1acdbc29@group-7855C2F36E53-LeaderElection350] INFO  impl.LeaderElection (LeaderElection.java:logAndReturn(56)) - e3fb79a3-1f86-42af-a80c-c46d1acdbc29@group-7855C2F36E53-LeaderElection350: Election REJECTED; received 2 response(s) [e3fb79a3-1f86-42af-a80c-c46d1acdbc29<-81ff859e-e76f-43f5-951a-4a38422068cb#0:FAIL-t384, e3fb79a3-1f86-42af-a80c-c46d1acdbc29<-a9143d84-6d7f-497d-b770-eb75585db3c7#0:FAIL-t384] and 0 exception(s); e3fb79a3-1f86-42af-a80c-c46d1acdbc29@group-7855C2F36E53:t384, leader=null, voted=e3fb79a3-1f86-42af-a80c-c46d1acdbc29, raftlog=e3fb79a3-1f86-42af-a80c-c46d1acdbc29@group-7855C2F36E53-SegmentedRaftLog:OPENED:c-1,f-1,i0, conf=-1: [e3fb79a3-1f86-42af-a80c-c46d1acdbc29:192.168.157.194:44142, 81ff859e-e76f-43f5-951a-4a38422068cb:192.168.157.194:46532, a9143d84-6d7f-497d-b770-eb75585db3c7:192.168.157.194:42126], old=null
2019-11-04 16:02:49,111 [e3fb79a3-1f86-42af-a80c-c46d1acdbc29@group-7855C2F36E53-LeaderElection350] INFO  impl.RaftServerImpl (RaftServerImpl.java:setRole(184)) - e3fb79a3-1f86-42af-a80c-c46d1acdbc29@group-7855C2F36E53: changes role from CANDIDATE to FOLLOWER at term 384 for DISCOVERED_A_NEW_TERM
2019-11-04 16:02:49,111 [e3fb79a3-1f86-42af-a80c-c46d1acdbc29@group-7855C2F36E53-LeaderElection350] INFO  impl.RoleInfo (RoleInfo.java:shutdownLeaderElection(134)) - e3fb79a3-1f86-42af-a80c-c46d1acdbc29: shutdown LeaderElection
2019-11-04 16:02:49,111 [e3fb79a3-1f86-42af-a80c-c46d1acdbc29@group-7855C2F36E53-LeaderElection350] INFO  impl.RoleInfo (RoleInfo.java:updateAndGet(143)) - e3fb79a3-1f86-42af-a80c-c46d1acdbc29: start FollowerState
2019-11-04 16:02:49,218 [Thread-2565] INFO  impl.FollowerState (FollowerState.java:run(108)) - e3fb79a3-1f86-42af-a80c-c46d1acdbc29@group-7855C2F36E53-FollowerState: change to CANDIDATE, lastRpcTime:107ms, electionTimeout:107ms
2019-11-04 16:02:49,218 [Thread-2565] INFO  impl.RoleInfo (RoleInfo.java:shutdownFollowerState(121)) - e3fb79a3-1f86-42af-a80c-c46d1acdbc29: shutdown FollowerState
2019-11-04 16:02:49,219 [Thread-2565] INFO  impl.RaftServerImpl (RaftServerImpl.java:setRole(184)) - e3fb79a3-1f86-42af-a80c-c46d1acdbc29@group-7855C2F36E53: changes role from  FOLLOWER to CANDIDATE at term 384 for changeToCandidate
2019-11-04 16:02:49,219 [Thread-2565] INFO  impl.RoleInfo (RoleInfo.java:updateAndGet(143)) - e3fb79a3-1f86-42af-a80c-c46d1acdbc29: start LeaderElection
2019-11-04 16:02:49,234 [e3fb79a3-1f86-42af-a80c-c46d1acdbc29@group-7855C2F36E53-LeaderElection351] INFO  impl.LeaderElection (LeaderElection.java:askForVotes(178)) - e3fb79a3-1f86-42af-a80c-c46d1acdbc29@group-7855C2F36E53-LeaderElection351: begin an election at term 385 for -1: [e3fb79a3-1f86-42af-a80c-c46d1acdbc29:192.168.157.194:44142, 81ff859e-e76f-43f5-951a-4a38422068cb:192.168.157.194:46532, a9143d84-6d7f-497d-b770-eb75585db3c7:192.168.157.194:42126], old=null
2019-11-04 16:02:49,236 [grpc-default-executor-1] INFO  impl.RaftServerImpl (RaftServerImpl.java:setRole(184)) - a9143d84-6d7f-497d-b770-eb75585db3c7@group-7855C2F36E53: changes role from  FOLLOWER to FOLLOWER at term 385 for recognizeCandidate:e3fb79a3-1f86-42af-a80c-c46d1acdbc29
2019-11-04 16:02:49,236 [grpc-default-executor-5] INFO  impl.RaftServerImpl (RaftServerImpl.java:setRole(184)) - 81ff859e-e76f-43f5-951a-4a38422068cb@group-7855C2F36E53: changes role from  FOLLOWER to FOLLOWER at term 385 for recognizeCandidate:e3fb79a3-1f86-42af-a80c-c46d1acdbc29
2019-11-04 16:02:49,236 [grpc-default-executor-1] INFO  impl.RoleInfo (RoleInfo.java:shutdownFollowerState(121)) - a9143d84-6d7f-497d-b770-eb75585db3c7: shutdown FollowerState
2019-11-04 16:02:49,236 [grpc-default-executor-5] INFO  impl.RoleInfo (RoleInfo.java:shutdownFollowerState(121)) - 81ff859e-e76f-43f5-951a-4a38422068cb: shutdown FollowerState
2019-11-04 16:02:49,236 [Thread-2564] INFO  impl.FollowerState (FollowerState.java:run(117)) - a9143d84-6d7f-497d-b770-eb75585db3c7@group-7855C2F36E53-FollowerState was interrupted: java.lang.InterruptedException: sleep interrupted
2019-11-04 16:02:49,236 [Thread-2563] INFO  impl.FollowerState (FollowerState.java:run(117)) - 81ff859e-e76f-43f5-951a-4a38422068cb@group-7855C2F36E53-FollowerState was interrupted: java.lang.InterruptedException: sleep interrupted
2019-11-04 16:02:49,236 [grpc-default-executor-1] INFO  impl.RoleInfo (RoleInfo.java:updateAndGet(143)) - a9143d84-6d7f-497d-b770-eb75585db3c7: start FollowerState
2019-11-04 16:02:49,236 [grpc-default-executor-5] INFO  impl.RoleInfo (RoleInfo.java:updateAndGet(143)) - 81ff859e-e76f-43f5-951a-4a38422068cb: start FollowerState
2019-11-04 16:02:49,241 [e3fb79a3-1f86-42af-a80c-c46d1acdbc29@group-7855C2F36E53-LeaderElection351] INFO  impl.LeaderElection (LeaderElection.java:logAndReturn(56)) - e3fb79a3-1f86-42af-a80c-c46d1acdbc29@group-7855C2F36E53-LeaderElection351: Election REJECTED; received 2 response(s) [e3fb79a3-1f86-42af-a80c-c46d1acdbc29<-81ff859e-e76f-43f5-951a-4a38422068cb#0:FAIL-t385, e3fb79a3-1f86-42af-a80c-c46d1acdbc29<-a9143d84-6d7f-497d-b770-eb75585db3c7#0:FAIL-t385] and 0 exception(s); e3fb79a3-1f86-42af-a80c-c46d1acdbc29@group-7855C2F36E53:t385, leader=null, voted=e3fb79a3-1f86-42af-a80c-c46d1acdbc29, raftlog=e3fb79a3-1f86-42af-a80c-c46d1acdbc29@group-7855C2F36E53-SegmentedRaftLog:OPENED:c-1,f-1,i0, conf=-1: [e3fb79a3-1f86-42af-a80c-c46d1acdbc29:192.168.157.194:44142, 81ff859e-e76f-43f5-951a-4a38422068cb:192.168.157.194:46532, a9143d84-6d7f-497d-b770-eb75585db3c7:192.168.157.194:42126], old=null
2019-11-04 16:02:49,242 [e3fb79a3-1f86-42af-a80c-c46d1acdbc29@group-7855C2F36E53-LeaderElection351] INFO  impl.RaftServerImpl (RaftServerImpl.java:setRole(184)) - e3fb79a3-1f86-42af-a80c-c46d1acdbc29@group-7855C2F36E53: changes role from CANDIDATE to FOLLOWER at term 385 for DISCOVERED_A_NEW_TERM
2019-11-04 16:02:49,242 [e3fb79a3-1f86-42af-a80c-c46d1acdbc29@group-7855C2F36E53-LeaderElection351] INFO  impl.RoleInfo (RoleInfo.java:shutdownLeaderElection(134)) - e3fb79a3-1f86-42af-a80c-c46d1acdbc29: shutdown LeaderElection
2019-11-04 16:02:49,242 [e3fb79a3-1f86-42af-a80c-c46d1acdbc29@group-7855C2F36E53-LeaderElection351] INFO  impl.RoleInfo (RoleInfo.java:updateAndGet(143)) - e3fb79a3-1f86-42af-a80c-c46d1acdbc29: start FollowerState
2019-11-04 16:02:49,246 [Thread-2571] INFO  impl.FollowerState (FollowerState.java:run(108)) - e3fb79a3-1f86-42af-a80c-c46d1acdbc29@group-7855C2F36E53-FollowerState: change to CANDIDATE, lastRpcTime:4ms, electionTimeout:4ms
2019-11-04 16:02:49,246 [Thread-2571] INFO  impl.RoleInfo (RoleInfo.java:shutdownFollowerState(121)) - e3fb79a3-1f86-42af-a80c-c46d1acdbc29: shutdown FollowerState
2019-11-04 16:02:49,246 [Thread-2571] INFO  impl.RaftServerImpl (RaftServerImpl.java:setRole(184)) - e3fb79a3-1f86-42af-a80c-c46d1acdbc29@group-7855C2F36E53: changes role from  FOLLOWER to CANDIDATE at term 385 for changeToCandidate
2019-11-04 16:02:49,247 [Thread-2571] INFO  impl.RoleInfo (RoleInfo.java:updateAndGet(143)) - e3fb79a3-1f86-42af-a80c-c46d1acdbc29: start LeaderElection
2019-11-04 16:02:49,251 [e3fb79a3-1f86-42af-a80c-c46d1acdbc29@group-7855C2F36E53-LeaderElection352] INFO  impl.LeaderElection (LeaderElection.java:askForVotes(178)) - e3fb79a3-1f86-42af-a80c-c46d1acdbc29@group-7855C2F36E53-LeaderElection352: begin an election at term 386 for -1: [e3fb79a3-1f86-42af-a80c-c46d1acdbc29:192.168.157.194:44142, 81ff859e-e76f-43f5-951a-4a38422068cb:192.168.157.194:46532, a9143d84-6d7f-497d-b770-eb75585db3c7:192.168.157.194:42126], old=null
2019-11-04 16:02:49,253 [grpc-default-executor-5] INFO  impl.RaftServerImpl (RaftServerImpl.java:setRole(184)) - 81ff859e-e76f-43f5-951a-4a38422068cb@group-7855C2F36E53: changes role from  FOLLOWER to FOLLOWER at term 386 for recognizeCandidate:e3fb79a3-1f86-42af-a80c-c46d1acdbc29
2019-11-04 16:02:49,253 [grpc-default-executor-5] INFO  impl.RoleInfo (RoleInfo.java:shutdownFollowerState(121)) - 81ff859e-e76f-43f5-951a-4a38422068cb: shutdown FollowerState
2019-11-04 16:02:49,253 [grpc-default-executor-5] INFO  impl.RoleInfo (RoleInfo.java:updateAndGet(143)) - 81ff859e-e76f-43f5-951a-4a38422068cb: start FollowerState
2019-11-04 16:02:49,253 [Thread-2570] INFO  impl.FollowerState (FollowerState.java:run(117)) - 81ff859e-e76f-43f5-951a-4a38422068cb@group-7855C2F36E53-FollowerState was interrupted: java.lang.InterruptedException: sleep interrupted
2019-11-04 16:02:49,255 [grpc-default-executor-1] INFO  impl.RaftServerImpl (RaftServerImpl.java:setRole(184)) - a9143d84-6d7f-497d-b770-eb75585db3c7@group-7855C2F36E53: changes role from  FOLLOWER to FOLLOWER at term 386 for recognizeCandidate:e3fb79a3-1f86-42af-a80c-c46d1acdbc29
2019-11-04 16:02:49,255 [grpc-default-executor-1] INFO  impl.RoleInfo (RoleInfo.java:shutdownFollowerState(121)) - a9143d84-6d7f-497d-b770-eb75585db3c7: shutdown FollowerState
2019-11-04 16:02:49,255 [grpc-default-executor-1] INFO  impl.RoleInfo (RoleInfo.java:updateAndGet(143)) - a9143d84-6d7f-497d-b770-eb75585db3c7: start FollowerState
2019-11-04 16:02:49,256 [Thread-2569] INFO  impl.FollowerState (FollowerState.java:run(117)) - a9143d84-6d7f-497d-b770-eb75585db3c7@group-7855C2F36E53-FollowerState was interrupted: java.lang.InterruptedException: sleep interrupted
2019-11-04 16:02:49,264 [e3fb79a3-1f86-42af-a80c-c46d1acdbc29@group-7855C2F36E53-LeaderElection352] INFO  impl.LeaderElection (LeaderElection.java:logAndReturn(56)) - e3fb79a3-1f86-42af-a80c-c46d1acdbc29@group-7855C2F36E53-LeaderElection352: Election REJECTED; received 2 response(s) [e3fb79a3-1f86-42af-a80c-c46d1acdbc29<-81ff859e-e76f-43f5-951a-4a38422068cb#0:FAIL-t386, e3fb79a3-1f86-42af-a80c-c46d1acdbc29<-a9143d84-6d7f-497d-b770-eb75585db3c7#0:FAIL-t386] and 0 exception(s); e3fb79a3-1f86-42af-a80c-c46d1acdbc29@group-7855C2F36E53:t386, leader=null, voted=e3fb79a3-1f86-42af-a80c-c46d1acdbc29, raftlog=e3fb79a3-1f86-42af-a80c-c46d1acdbc29@group-7855C2F36E53-SegmentedRaftLog:OPENED:c-1,f-1,i0, conf=-1: [e3fb79a3-1f86-42af-a80c-c46d1acdbc29:192.168.157.194:44142, 81ff859e-e76f-43f5-951a-4a38422068cb:192.168.157.194:46532, a9143d84-6d7f-497d-b770-eb75585db3c7:192.168.157.194:42126], old=null
2019-11-04 16:02:49,264 [e3fb79a3-1f86-42af-a80c-c46d1acdbc29@group-7855C2F36E53-LeaderElection352] INFO  impl.RaftServerImpl (RaftServerImpl.java:setRole(184)) - e3fb79a3-1f86-42af-a80c-c46d1acdbc29@group-7855C2F36E53: changes role from CANDIDATE to FOLLOWER at term 386 for DISCOVERED_A_NEW_TERM
2019-11-04 16:02:49,265 [e3fb79a3-1f86-42af-a80c-c46d1acdbc29@group-7855C2F36E53-LeaderElection352] INFO  impl.RoleInfo (RoleInfo.java:shutdownLeaderElection(134)) - e3fb79a3-1f86-42af-a80c-c46d1acdbc29: shutdown LeaderElection
2019-11-04 16:02:49,265 [e3fb79a3-1f86-42af-a80c-c46d1acdbc29@group-7855C2F36E53-LeaderElection352] INFO  impl.RoleInfo (RoleInfo.java:updateAndGet(143)) - e3fb79a3-1f86-42af-a80c-c46d1acdbc29: start FollowerState
2019-11-04 16:02:49,300 [Thread-2577] INFO  impl.FollowerState (FollowerState.java:run(108)) - e3fb79a3-1f86-42af-a80c-c46d1acdbc29@group-7855C2F36E53-FollowerState: change to CANDIDATE, lastRpcTime:35ms, electionTimeout:33ms
2019-11-04 16:02:49,300 [Thread-2577] INFO  impl.RoleInfo (RoleInfo.java:shutdownFollowerState(121)) - e3fb79a3-1f86-42af-a80c-c46d1acdbc29: shutdown FollowerState
2019-11-04 16:02:49,300 [Thread-2577] INFO  impl.RaftServerImpl (RaftServerImpl.java:setRole(184)) - e3fb79a3-1f86-42af-a80c-c46d1acdbc29@group-7855C2F36E53: changes role from  FOLLOWER to CANDIDATE at term 386 for changeToCandidate
2019-11-04 16:02:49,301 [Thread-2577] INFO  impl.RoleInfo (RoleInfo.java:updateAndGet(143)) - e3fb79a3-1f86-42af-a80c-c46d1acdbc29: start LeaderElection
2019-11-04 16:02:49,327 [e3fb79a3-1f86-42af-a80c-c46d1acdbc29@group-7855C2F36E53-LeaderElection353] INFO  impl.LeaderElection (LeaderElection.java:askForVotes(178)) - e3fb79a3-1f86-42af-a80c-c46d1acdbc29@group-7855C2F36E53-LeaderElection353: begin an election at term 387 for -1: [e3fb79a3-1f86-42af-a80c-c46d1acdbc29:192.168.157.194:44142, 81ff859e-e76f-43f5-951a-4a38422068cb:192.168.157.194:46532, a9143d84-6d7f-497d-b770-eb75585db3c7:192.168.157.194:42126], old=null
2019-11-04 16:02:49,329 [grpc-default-executor-5] INFO  impl.RaftServerImpl (RaftServerImpl.java:setRole(184)) - 81ff859e-e76f-43f5-951a-4a38422068cb@group-7855C2F36E53: changes role from  FOLLOWER to FOLLOWER at term 387 for recognizeCandidate:e3fb79a3-1f86-42af-a80c-c46d1acdbc29
2019-11-04 16:02:49,329 [grpc-default-executor-1] INFO  impl.RaftServerImpl (RaftServerImpl.java:setRole(184)) - a9143d84-6d7f-497d-b770-eb75585db3c7@group-7855C2F36E53: changes role from  FOLLOWER to FOLLOWER at term 387 for recognizeCandidate:e3fb79a3-1f86-42af-a80c-c46d1acdbc29
2019-11-04 16:02:49,329 [grpc-default-executor-1] INFO  impl.RoleInfo (RoleInfo.java:shutdownFollowerState(121)) - a9143d84-6d7f-497d-b770-eb75585db3c7: shutdown FollowerState
2019-11-04 16:02:49,329 [grpc-default-executor-5] INFO  impl.RoleInfo (RoleInfo.java:shutdownFollowerState(121)) - 81ff859e-e76f-43f5-951a-4a38422068cb: shutdown FollowerState
2019-11-04 16:02:49,330 [Thread-2576] INFO  impl.FollowerState (FollowerState.java:run(117)) - a9143d84-6d7f-497d-b770-eb75585db3c7@group-7855C2F36E53-FollowerState was interrupted: java.lang.InterruptedException: sleep interrupted
2019-11-04 16:02:49,330 [Thread-2575] INFO  impl.FollowerState (FollowerState.java:run(117)) - 81ff859e-e76f-43f5-951a-4a38422068cb@group-7855C2F36E53-FollowerState was interrupted: java.lang.InterruptedException: sleep interrupted
2019-11-04 16:02:49,330 [grpc-default-executor-1] INFO  impl.RoleInfo (RoleInfo.java:updateAndGet(143)) - a9143d84-6d7f-497d-b770-eb75585db3c7: start FollowerState
2019-11-04 16:02:49,330 [grpc-default-executor-5] INFO  impl.RoleInfo (RoleInfo.java:updateAndGet(143)) - 81ff859e-e76f-43f5-951a-4a38422068cb: start FollowerState
2019-11-04 16:02:49,359 [e3fb79a3-1f86-42af-a80c-c46d1acdbc29@group-7855C2F36E53-LeaderElection353] INFO  impl.LeaderElection (LeaderElection.java:logAndReturn(56)) - e3fb79a3-1f86-42af-a80c-c46d1acdbc29@group-7855C2F36E53-LeaderElection353: Election REJECTED; received 2 response(s) [e3fb79a3-1f86-42af-a80c-c46d1acdbc29<-81ff859e-e76f-43f5-951a-4a38422068cb#0:FAIL-t387, e3fb79a3-1f86-42af-a80c-c46d1acdbc29<-a9143d84-6d7f-497d-b770-eb75585db3c7#0:FAIL-t387] and 0 exception(s); e3fb79a3-1f86-42af-a80c-c46d1acdbc29@group-7855C2F36E53:t387, leader=null, voted=e3fb79a3-1f86-42af-a80c-c46d1acdbc29, raftlog=e3fb79a3-1f86-42af-a80c-c46d1acdbc29@group-7855C2F36E53-SegmentedRaftLog:OPENED:c-1,f-1,i0, conf=-1: [e3fb79a3-1f86-42af-a80c-c46d1acdbc29:192.168.157.194:44142, 81ff859e-e76f-43f5-951a-4a38422068cb:192.168.157.194:46532, a9143d84-6d7f-497d-b770-eb75585db3c7:192.168.157.194:42126], old=null
2019-11-04 16:02:49,359 [e3fb79a3-1f86-42af-a80c-c46d1acdbc29@group-7855C2F36E53-LeaderElection353] INFO  impl.RaftServerImpl (RaftServerImpl.java:setRole(184)) - e3fb79a3-1f86-42af-a80c-c46d1acdbc29@group-7855C2F36E53: changes role from CANDIDATE to FOLLOWER at term 387 for DISCOVERED_A_NEW_TERM
2019-11-04 16:02:49,359 [e3fb79a3-1f86-42af-a80c-c46d1acdbc29@group-7855C2F36E53-LeaderElection353] INFO  impl.RoleInfo (RoleInfo.java:shutdownLeaderElection(134)) - e3fb79a3-1f86-42af-a80c-c46d1acdbc29: shutdown LeaderElection
2019-11-04 16:02:49,359 [e3fb79a3-1f86-42af-a80c-c46d1acdbc29@group-7855C2F36E53-LeaderElection353] INFO  impl.RoleInfo (RoleInfo.java:updateAndGet(143)) - e3fb79a3-1f86-42af-a80c-c46d1acdbc29: start FollowerState
2019-11-04 16:02:49,429 [Thread-2583] INFO  impl.FollowerState (FollowerState.java:run(108)) - e3fb79a3-1f86-42af-a80c-c46d1acdbc29@group-7855C2F36E53-FollowerState: change to CANDIDATE, lastRpcTime:70ms, electionTimeout:70ms
2019-11-04 16:02:49,430 [Thread-2583] INFO  impl.RoleInfo (RoleInfo.java:shutdownFollowerState(121)) - e3fb79a3-1f86-42af-a80c-c46d1acdbc29: shutdown FollowerState
2019-11-04 16:02:49,430 [Thread-2583] INFO  impl.RaftServerImpl (RaftServerImpl.java:setRole(184)) - e3fb79a3-1f86-42af-a80c-c46d1acdbc29@group-7855C2F36E53: changes role from  FOLLOWER to CANDIDATE at term 387 for changeToCandidate
2019-11-04 16:02:49,430 [Thread-2583] INFO  impl.RoleInfo (RoleInfo.java:updateAndGet(143)) - e3fb79a3-1f86-42af-a80c-c46d1acdbc29: start LeaderElection
2019-11-04 16:02:49,444 [e3fb79a3-1f86-42af-a80c-c46d1acdbc29@group-7855C2F36E53-LeaderElection354] INFO  impl.LeaderElection (LeaderElection.java:askForVotes(178)) - e3fb79a3-1f86-42af-a80c-c46d1acdbc29@group-7855C2F36E53-LeaderElection354: begin an election at term 388 for -1: [e3fb79a3-1f86-42af-a80c-c46d1acdbc29:192.168.157.194:44142, 81ff859e-e76f-43f5-951a-4a38422068cb:192.168.157.194:46532, a9143d84-6d7f-497d-b770-eb75585db3c7:192.168.157.194:42126], old=null
2019-11-04 16:02:49,446 [grpc-default-executor-5] INFO  impl.RaftServerImpl (RaftServerImpl.java:setRole(184)) - 81ff859e-e76f-43f5-951a-4a38422068cb@group-7855C2F36E53: changes role from  FOLLOWER to FOLLOWER at term 388 for recognizeCandidate:e3fb79a3-1f86-42af-a80c-c46d1acdbc29
2019-11-04 16:02:49,446 [grpc-default-executor-1] INFO  impl.RaftServerImpl (RaftServerImpl.java:setRole(184)) - a9143d84-6d7f-497d-b770-eb75585db3c7@group-7855C2F36E53: changes role from  FOLLOWER to FOLLOWER at term 388 for recognizeCandidate:e3fb79a3-1f86-42af-a80c-c46d1acdbc29
2019-11-04 16:02:49,446 [grpc-default-executor-5] INFO  impl.RoleInfo (RoleInfo.java:shutdownFollowerState(121)) - 81ff859e-e76f-43f5-951a-4a38422068cb: shutdown FollowerState
2019-11-04 16:02:49,446 [grpc-default-executor-1] INFO  impl.RoleInfo (RoleInfo.java:shutdownFollowerState(121)) - a9143d84-6d7f-497d-b770-eb75585db3c7: shutdown FollowerState
2019-11-04 16:02:49,446 [Thread-2582] INFO  impl.FollowerState (FollowerState.java:run(117)) - 81ff859e-e76f-43f5-951a-4a38422068cb@group-7855C2F36E53-FollowerState was interrupted: java.lang.InterruptedException: sleep interrupted
2019-11-04 16:02:49,446 [grpc-default-executor-5] INFO  impl.RoleInfo (RoleInfo.java:updateAndGet(143)) - 81ff859e-e76f-43f5-951a-4a38422068cb: start FollowerState
2019-11-04 16:02:49,447 [Thread-2581] INFO  impl.FollowerState (FollowerState.java:run(117)) - a9143d84-6d7f-497d-b770-eb75585db3c7@group-7855C2F36E53-FollowerState was interrupted: java.lang.InterruptedException: sleep interrupted
2019-11-04 16:02:49,447 [e3fb79a3-1f86-42af-a80c-c46d1acdbc29@group-7855C2F36E53-LeaderElection354] INFO  impl.LeaderElection (LeaderElection.java:logAndReturn(56)) - e3fb79a3-1f86-42af-a80c-c46d1acdbc29@group-7855C2F36E53-LeaderElection354: Election TIMEOUT; received 0 response(s) [] and 0 exception(s); e3fb79a3-1f86-42af-a80c-c46d1acdbc29@group-7855C2F36E53:t388, leader=null, voted=e3fb79a3-1f86-42af-a80c-c46d1acdbc29, raftlog=e3fb79a3-1f86-42af-a80c-c46d1acdbc29@group-7855C2F36E53-SegmentedRaftLog:OPENED:c-1,f-1,i0, conf=-1: [e3fb79a3-1f86-42af-a80c-c46d1acdbc29:192.168.157.194:44142, 81ff859e-e76f-43f5-951a-4a38422068cb:192.168.157.194:46532, a9143d84-6d7f-497d-b770-eb75585db3c7:192.168.157.194:42126], old=null
2019-11-04 16:02:49,447 [grpc-default-executor-1] INFO  impl.RoleInfo (RoleInfo.java:updateAndGet(143)) - a9143d84-6d7f-497d-b770-eb75585db3c7: start FollowerState
2019-11-04 16:02:49,462 [e3fb79a3-1f86-42af-a80c-c46d1acdbc29@group-7855C2F36E53-LeaderElection354] INFO  impl.LeaderElection (LeaderElection.java:askForVotes(178)) - e3fb79a3-1f86-42af-a80c-c46d1acdbc29@group-7855C2F36E53-LeaderElection354: begin an election at term 389 for -1: [e3fb79a3-1f86-42af-a80c-c46d1acdbc29:192.168.157.194:44142, 81ff859e-e76f-43f5-951a-4a38422068cb:192.168.157.194:46532, a9143d84-6d7f-497d-b770-eb75585db3c7:192.168.157.194:42126], old=null
2019-11-04 16:02:49,463 [grpc-default-executor-5] INFO  impl.RaftServerImpl (RaftServerImpl.java:setRole(184)) - a9143d84-6d7f-497d-b770-eb75585db3c7@group-7855C2F36E53: changes role from  FOLLOWER to FOLLOWER at term 389 for recognizeCandidate:e3fb79a3-1f86-42af-a80c-c46d1acdbc29
2019-11-04 16:02:49,463 [grpc-default-executor-1] INFO  impl.RaftServerImpl (RaftServerImpl.java:setRole(184)) - 81ff859e-e76f-43f5-951a-4a38422068cb@group-7855C2F36E53: changes role from  FOLLOWER to FOLLOWER at term 389 for recognizeCandidate:e3fb79a3-1f86-42af-a80c-c46d1acdbc29
2019-11-04 16:02:49,463 [grpc-default-executor-1] INFO  impl.RoleInfo (RoleInfo.java:shutdownFollowerState(121)) - 81ff859e-e76f-43f5-951a-4a38422068cb: shutdown FollowerState
2019-11-04 16:02:49,463 [grpc-default-executor-5] INFO  impl.RoleInfo (RoleInfo.java:shutdownFollowerState(121)) - a9143d84-6d7f-497d-b770-eb75585db3c7: shutdown FollowerState
2019-11-04 16:02:49,463 [Thread-2587] INFO  impl.FollowerState (FollowerState.java:run(117)) - 81ff859e-e76f-43f5-951a-4a38422068cb@group-7855C2F36E53-FollowerState was interrupted: java.lang.InterruptedException: sleep interrupted
2019-11-04 16:02:49,463 [grpc-default-executor-1] INFO  impl.RoleInfo (RoleInfo.java:updateAndGet(143)) - 81ff859e-e76f-43f5-951a-4a38422068cb: start FollowerState
2019-11-04 16:02:49,464 [Thread-2588] INFO  impl.FollowerState (FollowerState.java:run(117)) - a9143d84-6d7f-497d-b770-eb75585db3c7@group-7855C2F36E53-FollowerState was interrupted: java.lang.InterruptedException: sleep interrupted
2019-11-04 16:02:49,464 [grpc-default-executor-5] INFO  impl.RoleInfo (RoleInfo.java:updateAndGet(143)) - a9143d84-6d7f-497d-b770-eb75585db3c7: start FollowerState
2019-11-04 16:02:49,479 [e3fb79a3-1f86-42af-a80c-c46d1acdbc29@group-7855C2F36E53-LeaderElection354] INFO  impl.LeaderElection (LeaderElection.java:logAndReturn(56)) - e3fb79a3-1f86-42af-a80c-c46d1acdbc29@group-7855C2F36E53-LeaderElection354: Election REJECTED; received 2 response(s) [e3fb79a3-1f86-42af-a80c-c46d1acdbc29<-81ff859e-e76f-43f5-951a-4a38422068cb#0:FAIL-t389, e3fb79a3-1f86-42af-a80c-c46d1acdbc29<-a9143d84-6d7f-497d-b770-eb75585db3c7#0:FAIL-t389] and 0 exception(s); e3fb79a3-1f86-42af-a80c-c46d1acdbc29@group-7855C2F36E53:t389, leader=null, voted=e3fb79a3-1f86-42af-a80c-c46d1acdbc29, raftlog=e3fb79a3-1f86-42af-a80c-c46d1acdbc29@group-7855C2F36E53-SegmentedRaftLog:OPENED:c-1,f-1,i0, conf=-1: [e3fb79a3-1f86-42af-a80c-c46d1acdbc29:192.168.157.194:44142, 81ff859e-e76f-43f5-951a-4a38422068cb:192.168.157.194:46532, a9143d84-6d7f-497d-b770-eb75585db3c7:192.168.157.194:42126], old=null
2019-11-04 16:02:49,480 [e3fb79a3-1f86-42af-a80c-c46d1acdbc29@group-7855C2F36E53-LeaderElection354] INFO  impl.RaftServerImpl (RaftServerImpl.java:setRole(184)) - e3fb79a3-1f86-42af-a80c-c46d1acdbc29@group-7855C2F36E53: changes role from CANDIDATE to FOLLOWER at term 389 for DISCOVERED_A_NEW_TERM
2019-11-04 16:02:49,480 [e3fb79a3-1f86-42af-a80c-c46d1acdbc29@group-7855C2F36E53-LeaderElection354] INFO  impl.RoleInfo (RoleInfo.java:shutdownLeaderElection(134)) - e3fb79a3-1f86-42af-a80c-c46d1acdbc29: shutdown LeaderElection
2019-11-04 16:02:49,480 [e3fb79a3-1f86-42af-a80c-c46d1acdbc29@group-7855C2F36E53-LeaderElection354] INFO  impl.RoleInfo (RoleInfo.java:updateAndGet(143)) - e3fb79a3-1f86-42af-a80c-c46d1acdbc29: start FollowerState
2019-11-04 16:02:49,591 [Thread-2595] INFO  impl.FollowerState (FollowerState.java:run(108)) - e3fb79a3-1f86-42af-a80c-c46d1acdbc29@group-7855C2F36E53-FollowerState: change to CANDIDATE, lastRpcTime:111ms, electionTimeout:111ms
2019-11-04 16:02:49,591 [Thread-2595] INFO  impl.RoleInfo (RoleInfo.java:shutdownFollowerState(121)) - e3fb79a3-1f86-42af-a80c-c46d1acdbc29: shutdown FollowerState
2019-11-04 16:02:49,591 [Thread-2595] INFO  impl.RaftServerImpl (RaftServerImpl.java:setRole(184)) - e3fb79a3-1f86-42af-a80c-c46d1acdbc29@group-7855C2F36E53: changes role from  FOLLOWER to CANDIDATE at term 389 for changeToCandidate
2019-11-04 16:02:49,591 [Thread-2595] INFO  impl.RoleInfo (RoleInfo.java:updateAndGet(143)) - e3fb79a3-1f86-42af-a80c-c46d1acdbc29: start LeaderElection
2019-11-04 16:02:49,606 [e3fb79a3-1f86-42af-a80c-c46d1acdbc29@group-7855C2F36E53-LeaderElection355] INFO  impl.LeaderElection (LeaderElection.java:askForVotes(178)) - e3fb79a3-1f86-42af-a80c-c46d1acdbc29@group-7855C2F36E53-LeaderElection355: begin an election at term 390 for -1: [e3fb79a3-1f86-42af-a80c-c46d1acdbc29:192.168.157.194:44142, 81ff859e-e76f-43f5-951a-4a38422068cb:192.168.157.194:46532, a9143d84-6d7f-497d-b770-eb75585db3c7:192.168.157.194:42126], old=null
2019-11-04 16:02:49,608 [grpc-default-executor-5] INFO  impl.RaftServerImpl (RaftServerImpl.java:setRole(184)) - 81ff859e-e76f-43f5-951a-4a38422068cb@group-7855C2F36E53: changes role from  FOLLOWER to FOLLOWER at term 390 for recognizeCandidate:e3fb79a3-1f86-42af-a80c-c46d1acdbc29
2019-11-04 16:02:49,608 [grpc-default-executor-1] INFO  impl.RaftServerImpl (RaftServerImpl.java:setRole(184)) - a9143d84-6d7f-497d-b770-eb75585db3c7@group-7855C2F36E53: changes role from  FOLLOWER to FOLLOWER at term 390 for recognizeCandidate:e3fb79a3-1f86-42af-a80c-c46d1acdbc29
2019-11-04 16:02:49,608 [grpc-default-executor-5] INFO  impl.RoleInfo (RoleInfo.java:shutdownFollowerState(121)) - 81ff859e-e76f-43f5-951a-4a38422068cb: shutdown FollowerState
2019-11-04 16:02:49,608 [grpc-default-executor-1] INFO  impl.RoleInfo (RoleInfo.java:shutdownFollowerState(121)) - a9143d84-6d7f-497d-b770-eb75585db3c7: shutdown FollowerState
2019-11-04 16:02:49,608 [Thread-2593] INFO  impl.FollowerState (FollowerState.java:run(117)) - 81ff859e-e76f-43f5-951a-4a38422068cb@group-7855C2F36E53-FollowerState was interrupted: java.lang.InterruptedException: sleep interrupted
2019-11-04 16:02:49,608 [Thread-2594] INFO  impl.FollowerState (FollowerState.java:run(117)) - a9143d84-6d7f-497d-b770-eb75585db3c7@group-7855C2F36E53-FollowerState was interrupted: java.lang.InterruptedException: sleep interrupted
2019-11-04 16:02:49,608 [grpc-default-executor-5] INFO  impl.RoleInfo (RoleInfo.java:updateAndGet(143)) - 81ff859e-e76f-43f5-951a-4a38422068cb: start FollowerState
2019-11-04 16:02:49,608 [grpc-default-executor-1] INFO  impl.RoleInfo (RoleInfo.java:updateAndGet(143)) - a9143d84-6d7f-497d-b770-eb75585db3c7: start FollowerState
2019-11-04 16:02:49,635 [e3fb79a3-1f86-42af-a80c-c46d1acdbc29@group-7855C2F36E53-LeaderElection355] INFO  impl.LeaderElection (LeaderElection.java:logAndReturn(56)) - e3fb79a3-1f86-42af-a80c-c46d1acdbc29@group-7855C2F36E53-LeaderElection355: Election REJECTED; received 2 response(s) [e3fb79a3-1f86-42af-a80c-c46d1acdbc29<-81ff859e-e76f-43f5-951a-4a38422068cb#0:FAIL-t390, e3fb79a3-1f86-42af-a80c-c46d1acdbc29<-a9143d84-6d7f-497d-b770-eb75585db3c7#0:FAIL-t390] and 0 exception(s); e3fb79a3-1f86-42af-a80c-c46d1acdbc29@group-7855C2F36E53:t390, leader=null, voted=e3fb79a3-1f86-42af-a80c-c46d1acdbc29, raftlog=e3fb79a3-1f86-42af-a80c-c46d1acdbc29@group-7855C2F36E53-SegmentedRaftLog:OPENED:c-1,f-1,i0, conf=-1: [e3fb79a3-1f86-42af-a80c-c46d1acdbc29:192.168.157.194:44142, 81ff859e-e76f-43f5-951a-4a38422068cb:192.168.157.194:46532, a9143d84-6d7f-497d-b770-eb75585db3c7:192.168.157.194:42126], old=null
2019-11-04 16:02:49,635 [e3fb79a3-1f86-42af-a80c-c46d1acdbc29@group-7855C2F36E53-LeaderElection355] INFO  impl.RaftServerImpl (RaftServerImpl.java:setRole(184)) - e3fb79a3-1f86-42af-a80c-c46d1acdbc29@group-7855C2F36E53: changes role from CANDIDATE to FOLLOWER at term 390 for DISCOVERED_A_NEW_TERM
2019-11-04 16:02:49,635 [e3fb79a3-1f86-42af-a80c-c46d1acdbc29@group-7855C2F36E53-LeaderElection355] INFO  impl.RoleInfo (RoleInfo.java:shutdownLeaderElection(134)) - e3fb79a3-1f86-42af-a80c-c46d1acdbc29: shutdown LeaderElection
2019-11-04 16:02:49,636 [e3fb79a3-1f86-42af-a80c-c46d1acdbc29@group-7855C2F36E53-LeaderElection355] INFO  impl.RoleInfo (RoleInfo.java:updateAndGet(143)) - e3fb79a3-1f86-42af-a80c-c46d1acdbc29: start FollowerState
2019-11-04 16:02:49,758 [Thread-2601] INFO  impl.FollowerState (FollowerState.java:run(108)) - e3fb79a3-1f86-42af-a80c-c46d1acdbc29@group-7855C2F36E53-FollowerState: change to CANDIDATE, lastRpcTime:122ms, electionTimeout:122ms
2019-11-04 16:02:49,758 [Thread-2601] INFO  impl.RoleInfo (RoleInfo.java:shutdownFollowerState(121)) - e3fb79a3-1f86-42af-a80c-c46d1acdbc29: shutdown FollowerState
2019-11-04 16:02:49,758 [Thread-2601] INFO  impl.RaftServerImpl (RaftServerImpl.java:setRole(184)) - e3fb79a3-1f86-42af-a80c-c46d1acdbc29@group-7855C2F36E53: changes role from  FOLLOWER to CANDIDATE at term 390 for changeToCandidate
2019-11-04 16:02:49,759 [Thread-2601] INFO  impl.RoleInfo (RoleInfo.java:updateAndGet(143)) - e3fb79a3-1f86-42af-a80c-c46d1acdbc29: start LeaderElection
2019-11-04 16:02:49,773 [e3fb79a3-1f86-42af-a80c-c46d1acdbc29@group-7855C2F36E53-LeaderElection356] INFO  impl.LeaderElection (LeaderElection.java:askForVotes(178)) - e3fb79a3-1f86-42af-a80c-c46d1acdbc29@group-7855C2F36E53-LeaderElection356: begin an election at term 391 for -1: [e3fb79a3-1f86-42af-a80c-c46d1acdbc29:192.168.157.194:44142, 81ff859e-e76f-43f5-951a-4a38422068cb:192.168.157.194:46532, a9143d84-6d7f-497d-b770-eb75585db3c7:192.168.157.194:42126], old=null
2019-11-04 16:02:49,774 [grpc-default-executor-1] INFO  impl.RaftServerImpl (RaftServerImpl.java:setRole(184)) - a9143d84-6d7f-497d-b770-eb75585db3c7@group-7855C2F36E53: changes role from  FOLLOWER to FOLLOWER at term 391 for recognizeCandidate:e3fb79a3-1f86-42af-a80c-c46d1acdbc29
2019-11-04 16:02:49,774 [grpc-default-executor-5] INFO  impl.RaftServerImpl (RaftServerImpl.java:setRole(184)) - 81ff859e-e76f-43f5-951a-4a38422068cb@group-7855C2F36E53: changes role from  FOLLOWER to FOLLOWER at term 391 for recognizeCandidate:e3fb79a3-1f86-42af-a80c-c46d1acdbc29
2019-11-04 16:02:49,774 [grpc-default-executor-1] INFO  impl.RoleInfo (RoleInfo.java:shutdownFollowerState(121)) - a9143d84-6d7f-497d-b770-eb75585db3c7: shutdown FollowerState
2019-11-04 16:02:49,774 [grpc-default-executor-5] INFO  impl.RoleInfo (RoleInfo.java:shutdownFollowerState(121)) - 81ff859e-e76f-43f5-951a-4a38422068cb: shutdown FollowerState
2019-11-04 16:02:49,775 [Thread-2600] INFO  impl.FollowerState (FollowerState.java:run(117)) - a9143d84-6d7f-497d-b770-eb75585db3c7@group-7855C2F36E53-FollowerState was interrupted: java.lang.InterruptedException: sleep interrupted
2019-11-04 16:02:49,775 [grpc-default-executor-1] INFO  impl.RoleInfo (RoleInfo.java:updateAndGet(143)) - a9143d84-6d7f-497d-b770-eb75585db3c7: start FollowerState
2019-11-04 16:02:49,775 [Thread-2599] INFO  impl.FollowerState (FollowerState.java:run(117)) - 81ff859e-e76f-43f5-951a-4a38422068cb@group-7855C2F36E53-FollowerState was interrupted: java.lang.InterruptedException: sleep interrupted
2019-11-04 16:02:49,775 [grpc-default-executor-5] INFO  impl.RoleInfo (RoleInfo.java:updateAndGet(143)) - 81ff859e-e76f-43f5-951a-4a38422068cb: start FollowerState
2019-11-04 16:02:49,800 [e3fb79a3-1f86-42af-a80c-c46d1acdbc29@group-7855C2F36E53-LeaderElection356] INFO  impl.LeaderElection (LeaderElection.java:logAndReturn(56)) - e3fb79a3-1f86-42af-a80c-c46d1acdbc29@group-7855C2F36E53-LeaderElection356: Election REJECTED; received 2 response(s) [e3fb79a3-1f86-42af-a80c-c46d1acdbc29<-81ff859e-e76f-43f5-951a-4a38422068cb#0:FAIL-t391, e3fb79a3-1f86-42af-a80c-c46d1acdbc29<-a9143d84-6d7f-497d-b770-eb75585db3c7#0:FAIL-t391] and 0 exception(s); e3fb79a3-1f86-42af-a80c-c46d1acdbc29@group-7855C2F36E53:t391, leader=null, voted=e3fb79a3-1f86-42af-a80c-c46d1acdbc29, raftlog=e3fb79a3-1f86-42af-a80c-c46d1acdbc29@group-7855C2F36E53-SegmentedRaftLog:OPENED:c-1,f-1,i0, conf=-1: [e3fb79a3-1f86-42af-a80c-c46d1acdbc29:192.168.157.194:44142, 81ff859e-e76f-43f5-951a-4a38422068cb:192.168.157.194:46532, a9143d84-6d7f-497d-b770-eb75585db3c7:192.168.157.194:42126], old=null
2019-11-04 16:02:49,801 [e3fb79a3-1f86-42af-a80c-c46d1acdbc29@group-7855C2F36E53-LeaderElection356] INFO  impl.RaftServerImpl (RaftServerImpl.java:setRole(184)) - e3fb79a3-1f86-42af-a80c-c46d1acdbc29@group-7855C2F36E53: changes role from CANDIDATE to FOLLOWER at term 391 for DISCOVERED_A_NEW_TERM
2019-11-04 16:02:49,801 [e3fb79a3-1f86-42af-a80c-c46d1acdbc29@group-7855C2F36E53-LeaderElection356] INFO  impl.RoleInfo (RoleInfo.java:shutdownLeaderElection(134)) - e3fb79a3-1f86-42af-a80c-c46d1acdbc29: shutdown LeaderElection
2019-11-04 16:02:49,801 [e3fb79a3-1f86-42af-a80c-c46d1acdbc29@group-7855C2F36E53-LeaderElection356] INFO  impl.RoleInfo (RoleInfo.java:updateAndGet(143)) - e3fb79a3-1f86-42af-a80c-c46d1acdbc29: start FollowerState
2019-11-04 16:02:49,911 [Thread-2607] INFO  impl.FollowerState (FollowerState.java:run(108)) - e3fb79a3-1f86-42af-a80c-c46d1acdbc29@group-7855C2F36E53-FollowerState: change to CANDIDATE, lastRpcTime:110ms, electionTimeout:110ms
2019-11-04 16:02:49,911 [Thread-2607] INFO  impl.RoleInfo (RoleInfo.java:shutdownFollowerState(121)) - e3fb79a3-1f86-42af-a80c-c46d1acdbc29: shutdown FollowerState
2019-11-04 16:02:49,911 [Thread-2607] INFO  impl.RaftServerImpl (RaftServerImpl.java:setRole(184)) - e3fb79a3-1f86-42af-a80c-c46d1acdbc29@group-7855C2F36E53: changes role from  FOLLOWER to CANDIDATE at term 391 for changeToCandidate
2019-11-04 16:02:49,912 [Thread-2607] INFO  impl.RoleInfo (RoleInfo.java:updateAndGet(143)) - e3fb79a3-1f86-42af-a80c-c46d1acdbc29: start LeaderElection
2019-11-04 16:02:49,925 [e3fb79a3-1f86-42af-a80c-c46d1acdbc29@group-7855C2F36E53-LeaderElection357] INFO  impl.LeaderElection (LeaderElection.java:askForVotes(178)) - e3fb79a3-1f86-42af-a80c-c46d1acdbc29@group-7855C2F36E53-LeaderElection357: begin an election at term 392 for -1: [e3fb79a3-1f86-42af-a80c-c46d1acdbc29:192.168.157.194:44142, 81ff859e-e76f-43f5-951a-4a38422068cb:192.168.157.194:46532, a9143d84-6d7f-497d-b770-eb75585db3c7:192.168.157.194:42126], old=null
2019-11-04 16:02:49,926 [grpc-default-executor-5] INFO  impl.RaftServerImpl (RaftServerImpl.java:setRole(184)) - 81ff859e-e76f-43f5-951a-4a38422068cb@group-7855C2F36E53: changes role from  FOLLOWER to FOLLOWER at term 392 for recognizeCandidate:e3fb79a3-1f86-42af-a80c-c46d1acdbc29
2019-11-04 16:02:49,926 [grpc-default-executor-1] INFO  impl.RaftServerImpl (RaftServerImpl.java:setRole(184)) - a9143d84-6d7f-497d-b770-eb75585db3c7@group-7855C2F36E53: changes role from  FOLLOWER to FOLLOWER at term 392 for recognizeCandidate:e3fb79a3-1f86-42af-a80c-c46d1acdbc29
2019-11-04 16:02:49,926 [grpc-default-executor-5] INFO  impl.RoleInfo (RoleInfo.java:shutdownFollowerState(121)) - 81ff859e-e76f-43f5-951a-4a38422068cb: shutdown FollowerState
2019-11-04 16:02:49,926 [grpc-default-executor-1] INFO  impl.RoleInfo (RoleInfo.java:shutdownFollowerState(121)) - a9143d84-6d7f-497d-b770-eb75585db3c7: shutdown FollowerState
2019-11-04 16:02:49,927 [grpc-default-executor-5] INFO  impl.RoleInfo (RoleInfo.java:updateAndGet(143)) - 81ff859e-e76f-43f5-951a-4a38422068cb: start FollowerState
2019-11-04 16:02:49,927 [Thread-2605] INFO  impl.FollowerState (FollowerState.java:run(117)) - a9143d84-6d7f-497d-b770-eb75585db3c7@group-7855C2F36E53-FollowerState was interrupted: java.lang.InterruptedException: sleep interrupted
2019-11-04 16:02:49,927 [grpc-default-executor-1] INFO  impl.RoleInfo (RoleInfo.java:updateAndGet(143)) - a9143d84-6d7f-497d-b770-eb75585db3c7: start FollowerState
2019-11-04 16:02:49,927 [Thread-2606] INFO  impl.FollowerState (FollowerState.java:run(117)) - 81ff859e-e76f-43f5-951a-4a38422068cb@group-7855C2F36E53-FollowerState was interrupted: java.lang.InterruptedException: sleep interrupted
2019-11-04 16:02:49,953 [e3fb79a3-1f86-42af-a80c-c46d1acdbc29@group-7855C2F36E53-LeaderElection357] INFO  impl.LeaderElection (LeaderElection.java:logAndReturn(56)) - e3fb79a3-1f86-42af-a80c-c46d1acdbc29@group-7855C2F36E53-LeaderElection357: Election REJECTED; received 2 response(s) [e3fb79a3-1f86-42af-a80c-c46d1acdbc29<-81ff859e-e76f-43f5-951a-4a38422068cb#0:FAIL-t392, e3fb79a3-1f86-42af-a80c-c46d1acdbc29<-a9143d84-6d7f-497d-b770-eb75585db3c7#0:FAIL-t392] and 0 exception(s); e3fb79a3-1f86-42af-a80c-c46d1acdbc29@group-7855C2F36E53:t392, leader=null, voted=e3fb79a3-1f86-42af-a80c-c46d1acdbc29, raftlog=e3fb79a3-1f86-42af-a80c-c46d1acdbc29@group-7855C2F36E53-SegmentedRaftLog:OPENED:c-1,f-1,i0, conf=-1: [e3fb79a3-1f86-42af-a80c-c46d1acdbc29:192.168.157.194:44142, 81ff859e-e76f-43f5-951a-4a38422068cb:192.168.157.194:46532, a9143d84-6d7f-497d-b770-eb75585db3c7:192.168.157.194:42126], old=null
2019-11-04 16:02:49,953 [e3fb79a3-1f86-42af-a80c-c46d1acdbc29@group-7855C2F36E53-LeaderElection357] INFO  impl.RaftServerImpl (RaftServerImpl.java:setRole(184)) - e3fb79a3-1f86-42af-a80c-c46d1acdbc29@group-7855C2F36E53: changes role from CANDIDATE to FOLLOWER at term 392 for DISCOVERED_A_NEW_TERM
2019-11-04 16:02:49,953 [e3fb79a3-1f86-42af-a80c-c46d1acdbc29@group-7855C2F36E53-LeaderElection357] INFO  impl.RoleInfo (RoleInfo.java:shutdownLeaderElection(134)) - e3fb79a3-1f86-42af-a80c-c46d1acdbc29: shutdown LeaderElection
2019-11-04 16:02:49,953 [e3fb79a3-1f86-42af-a80c-c46d1acdbc29@group-7855C2F36E53-LeaderElection357] INFO  impl.RoleInfo (RoleInfo.java:updateAndGet(143)) - e3fb79a3-1f86-42af-a80c-c46d1acdbc29: start FollowerState
2019-11-04 16:02:50,031 [Thread-2613] INFO  impl.FollowerState (FollowerState.java:run(108)) - e3fb79a3-1f86-42af-a80c-c46d1acdbc29@group-7855C2F36E53-FollowerState: change to CANDIDATE, lastRpcTime:78ms, electionTimeout:78ms
2019-11-04 16:02:50,031 [Thread-2613] INFO  impl.RoleInfo (RoleInfo.java:shutdownFollowerState(121)) - e3fb79a3-1f86-42af-a80c-c46d1acdbc29: shutdown FollowerState
2019-11-04 16:02:50,031 [Thread-2613] INFO  impl.RaftServerImpl (RaftServerImpl.java:setRole(184)) - e3fb79a3-1f86-42af-a80c-c46d1acdbc29@group-7855C2F36E53: changes role from  FOLLOWER to CANDIDATE at term 392 for changeToCandidate
2019-11-04 16:02:50,031 [Thread-2613] INFO  impl.RoleInfo (RoleInfo.java:updateAndGet(143)) - e3fb79a3-1f86-42af-a80c-c46d1acdbc29: start LeaderElection
2019-11-04 16:02:50,045 [e3fb79a3-1f86-42af-a80c-c46d1acdbc29@group-7855C2F36E53-LeaderElection358] INFO  impl.LeaderElection (LeaderElection.java:askForVotes(178)) - e3fb79a3-1f86-42af-a80c-c46d1acdbc29@group-7855C2F36E53-LeaderElection358: begin an election at term 393 for -1: [e3fb79a3-1f86-42af-a80c-c46d1acdbc29:192.168.157.194:44142, 81ff859e-e76f-43f5-951a-4a38422068cb:192.168.157.194:46532, a9143d84-6d7f-497d-b770-eb75585db3c7:192.168.157.194:42126], old=null
2019-11-04 16:02:50,046 [grpc-default-executor-1] INFO  impl.RaftServerImpl (RaftServerImpl.java:setRole(184)) - 81ff859e-e76f-43f5-951a-4a38422068cb@group-7855C2F36E53: changes role from  FOLLOWER to FOLLOWER at term 393 for recognizeCandidate:e3fb79a3-1f86-42af-a80c-c46d1acdbc29
2019-11-04 16:02:50,047 [grpc-default-executor-5] INFO  impl.RaftServerImpl (RaftServerImpl.java:setRole(184)) - a9143d84-6d7f-497d-b770-eb75585db3c7@group-7855C2F36E53: changes role from  FOLLOWER to FOLLOWER at term 393 for recognizeCandidate:e3fb79a3-1f86-42af-a80c-c46d1acdbc29
2019-11-04 16:02:50,047 [grpc-default-executor-1] INFO  impl.RoleInfo (RoleInfo.java:shutdownFollowerState(121)) - 81ff859e-e76f-43f5-951a-4a38422068cb: shutdown FollowerState
2019-11-04 16:02:50,047 [grpc-default-executor-5] INFO  impl.RoleInfo (RoleInfo.java:shutdownFollowerState(121)) - a9143d84-6d7f-497d-b770-eb75585db3c7: shutdown FollowerState
2019-11-04 16:02:50,047 [Thread-2611] INFO  impl.FollowerState (FollowerState.java:run(117)) - 81ff859e-e76f-43f5-951a-4a38422068cb@group-7855C2F36E53-FollowerState was interrupted: java.lang.InterruptedException: sleep interrupted
2019-11-04 16:02:50,047 [grpc-default-executor-1] INFO  impl.RoleInfo (RoleInfo.java:updateAndGet(143)) - 81ff859e-e76f-43f5-951a-4a38422068cb: start FollowerState
2019-11-04 16:02:50,047 [grpc-default-executor-5] INFO  impl.RoleInfo (RoleInfo.java:updateAndGet(143)) - a9143d84-6d7f-497d-b770-eb75585db3c7: start FollowerState
2019-11-04 16:02:50,047 [Thread-2612] INFO  impl.FollowerState (FollowerState.java:run(117)) - a9143d84-6d7f-497d-b770-eb75585db3c7@group-7855C2F36E53-FollowerState was interrupted: java.lang.InterruptedException: sleep interrupted
2019-11-04 16:02:50,062 [e3fb79a3-1f86-42af-a80c-c46d1acdbc29@group-7855C2F36E53-LeaderElection358] INFO  impl.LeaderElection (LeaderElection.java:logAndReturn(56)) - e3fb79a3-1f86-42af-a80c-c46d1acdbc29@group-7855C2F36E53-LeaderElection358: Election TIMEOUT; received 0 response(s) [] and 0 exception(s); e3fb79a3-1f86-42af-a80c-c46d1acdbc29@group-7855C2F36E53:t393, leader=null, voted=e3fb79a3-1f86-42af-a80c-c46d1acdbc29, raftlog=e3fb79a3-1f86-42af-a80c-c46d1acdbc29@group-7855C2F36E53-SegmentedRaftLog:OPENED:c-1,f-1,i0, conf=-1: [e3fb79a3-1f86-42af-a80c-c46d1acdbc29:192.168.157.194:44142, 81ff859e-e76f-43f5-951a-4a38422068cb:192.168.157.194:46532, a9143d84-6d7f-497d-b770-eb75585db3c7:192.168.157.194:42126], old=null
2019-11-04 16:02:50,075 [e3fb79a3-1f86-42af-a80c-c46d1acdbc29@group-7855C2F36E53-LeaderElection358] INFO  impl.LeaderElection (LeaderElection.java:askForVotes(178)) - e3fb79a3-1f86-42af-a80c-c46d1acdbc29@group-7855C2F36E53-LeaderElection358: begin an election at term 394 for -1: [e3fb79a3-1f86-42af-a80c-c46d1acdbc29:192.168.157.194:44142, 81ff859e-e76f-43f5-951a-4a38422068cb:192.168.157.194:46532, a9143d84-6d7f-497d-b770-eb75585db3c7:192.168.157.194:42126], old=null
2019-11-04 16:02:50,076 [grpc-default-executor-1] INFO  impl.RaftServerImpl (RaftServerImpl.java:setRole(184)) - 81ff859e-e76f-43f5-951a-4a38422068cb@group-7855C2F36E53: changes role from  FOLLOWER to FOLLOWER at term 394 for recognizeCandidate:e3fb79a3-1f86-42af-a80c-c46d1acdbc29
2019-11-04 16:02:50,076 [grpc-default-executor-1] INFO  impl.RoleInfo (RoleInfo.java:shutdownFollowerState(121)) - 81ff859e-e76f-43f5-951a-4a38422068cb: shutdown FollowerState
2019-11-04 16:02:50,076 [grpc-default-executor-5] INFO  impl.RaftServerImpl (RaftServerImpl.java:setRole(184)) - a9143d84-6d7f-497d-b770-eb75585db3c7@group-7855C2F36E53: changes role from  FOLLOWER to FOLLOWER at term 394 for recognizeCandidate:e3fb79a3-1f86-42af-a80c-c46d1acdbc29
2019-11-04 16:02:50,076 [Thread-2617] INFO  impl.FollowerState (FollowerState.java:run(117)) - 81ff859e-e76f-43f5-951a-4a38422068cb@group-7855C2F36E53-FollowerState was interrupted: java.lang.InterruptedException: sleep interrupted
2019-11-04 16:02:50,076 [grpc-default-executor-1] INFO  impl.RoleInfo (RoleInfo.java:updateAndGet(143)) - 81ff859e-e76f-43f5-951a-4a38422068cb: start FollowerState
2019-11-04 16:02:50,076 [grpc-default-executor-5] INFO  impl.RoleInfo (RoleInfo.java:shutdownFollowerState(121)) - a9143d84-6d7f-497d-b770-eb75585db3c7: shutdown FollowerState
2019-11-04 16:02:50,077 [grpc-default-executor-5] INFO  impl.RoleInfo (RoleInfo.java:updateAndGet(143)) - a9143d84-6d7f-497d-b770-eb75585db3c7: start FollowerState
2019-11-04 16:02:50,077 [Thread-2618] INFO  impl.FollowerState (FollowerState.java:run(117)) - a9143d84-6d7f-497d-b770-eb75585db3c7@group-7855C2F36E53-FollowerState was interrupted: java.lang.InterruptedException: sleep interrupted
2019-11-04 16:02:50,103 [e3fb79a3-1f86-42af-a80c-c46d1acdbc29@group-7855C2F36E53-LeaderElection358] INFO  impl.LeaderElection (LeaderElection.java:logAndReturn(56)) - e3fb79a3-1f86-42af-a80c-c46d1acdbc29@group-7855C2F36E53-LeaderElection358: Election REJECTED; received 2 response(s) [e3fb79a3-1f86-42af-a80c-c46d1acdbc29<-81ff859e-e76f-43f5-951a-4a38422068cb#0:FAIL-t394, e3fb79a3-1f86-42af-a80c-c46d1acdbc29<-a9143d84-6d7f-497d-b770-eb75585db3c7#0:FAIL-t394] and 0 exception(s); e3fb79a3-1f86-42af-a80c-c46d1acdbc29@group-7855C2F36E53:t394, leader=null, voted=e3fb79a3-1f86-42af-a80c-c46d1acdbc29, raftlog=e3fb79a3-1f86-42af-a80c-c46d1acdbc29@group-7855C2F36E53-SegmentedRaftLog:OPENED:c-1,f-1,i0, conf=-1: [e3fb79a3-1f86-42af-a80c-c46d1acdbc29:192.168.157.194:44142, 81ff859e-e76f-43f5-951a-4a38422068cb:192.168.157.194:46532, a9143d84-6d7f-497d-b770-eb75585db3c7:192.168.157.194:42126], old=null
2019-11-04 16:02:50,103 [e3fb79a3-1f86-42af-a80c-c46d1acdbc29@group-7855C2F36E53-LeaderElection358] INFO  impl.RaftServerImpl (RaftServerImpl.java:setRole(184)) - e3fb79a3-1f86-42af-a80c-c46d1acdbc29@group-7855C2F36E53: changes role from CANDIDATE to FOLLOWER at term 394 for DISCOVERED_A_NEW_TERM
2019-11-04 16:02:50,103 [e3fb79a3-1f86-42af-a80c-c46d1acdbc29@group-7855C2F36E53-LeaderElection358] INFO  impl.RoleInfo (RoleInfo.java:shutdownLeaderElection(134)) - e3fb79a3-1f86-42af-a80c-c46d1acdbc29: shutdown LeaderElection
2019-11-04 16:02:50,103 [e3fb79a3-1f86-42af-a80c-c46d1acdbc29@group-7855C2F36E53-LeaderElection358] INFO  impl.RoleInfo (RoleInfo.java:updateAndGet(143)) - e3fb79a3-1f86-42af-a80c-c46d1acdbc29: start FollowerState
2019-11-04 16:02:50,134 [Thread-2623] INFO  impl.FollowerState (FollowerState.java:run(108)) - e3fb79a3-1f86-42af-a80c-c46d1acdbc29@group-7855C2F36E53-FollowerState: change to CANDIDATE, lastRpcTime:30ms, electionTimeout:30ms
2019-11-04 16:02:50,134 [Thread-2623] INFO  impl.RoleInfo (RoleInfo.java:shutdownFollowerState(121)) - e3fb79a3-1f86-42af-a80c-c46d1acdbc29: shutdown FollowerState
2019-11-04 16:02:50,134 [Thread-2623] INFO  impl.RaftServerImpl (RaftServerImpl.java:setRole(184)) - e3fb79a3-1f86-42af-a80c-c46d1acdbc29@group-7855C2F36E53: changes role from  FOLLOWER to CANDIDATE at term 394 for changeToCandidate
2019-11-04 16:02:50,134 [Thread-2623] INFO  impl.RoleInfo (RoleInfo.java:updateAndGet(143)) - e3fb79a3-1f86-42af-a80c-c46d1acdbc29: start LeaderElection
2019-11-04 16:02:50,147 [e3fb79a3-1f86-42af-a80c-c46d1acdbc29@group-7855C2F36E53-LeaderElection359] INFO  impl.LeaderElection (LeaderElection.java:askForVotes(178)) - e3fb79a3-1f86-42af-a80c-c46d1acdbc29@group-7855C2F36E53-LeaderElection359: begin an election at term 395 for -1: [e3fb79a3-1f86-42af-a80c-c46d1acdbc29:192.168.157.194:44142, 81ff859e-e76f-43f5-951a-4a38422068cb:192.168.157.194:46532, a9143d84-6d7f-497d-b770-eb75585db3c7:192.168.157.194:42126], old=null
2019-11-04 16:02:50,149 [grpc-default-executor-5] INFO  impl.RaftServerImpl (RaftServerImpl.java:setRole(184)) - 81ff859e-e76f-43f5-951a-4a38422068cb@group-7855C2F36E53: changes role from  FOLLOWER to FOLLOWER at term 395 for recognizeCandidate:e3fb79a3-1f86-42af-a80c-c46d1acdbc29
2019-11-04 16:02:50,149 [grpc-default-executor-5] INFO  impl.RoleInfo (RoleInfo.java:shutdownFollowerState(121)) - 81ff859e-e76f-43f5-951a-4a38422068cb: shutdown FollowerState
2019-11-04 16:02:50,149 [grpc-default-executor-1] INFO  impl.RaftServerImpl (RaftServerImpl.java:setRole(184)) - a9143d84-6d7f-497d-b770-eb75585db3c7@group-7855C2F36E53: changes role from  FOLLOWER to FOLLOWER at term 395 for recognizeCandidate:e3fb79a3-1f86-42af-a80c-c46d1acdbc29
2019-11-04 16:02:50,149 [Thread-2621] INFO  impl.FollowerState (FollowerState.java:run(117)) - 81ff859e-e76f-43f5-951a-4a38422068cb@group-7855C2F36E53-FollowerState was interrupted: java.lang.InterruptedException: sleep interrupted
2019-11-04 16:02:50,149 [grpc-default-executor-5] INFO  impl.RoleInfo (RoleInfo.java:updateAndGet(143)) - 81ff859e-e76f-43f5-951a-4a38422068cb: start FollowerState
2019-11-04 16:02:50,149 [grpc-default-executor-1] INFO  impl.RoleInfo (RoleInfo.java:shutdownFollowerState(121)) - a9143d84-6d7f-497d-b770-eb75585db3c7: shutdown FollowerState
2019-11-04 16:02:50,150 [grpc-default-executor-1] INFO  impl.RoleInfo (RoleInfo.java:updateAndGet(143)) - a9143d84-6d7f-497d-b770-eb75585db3c7: start FollowerState
2019-11-04 16:02:50,150 [Thread-2622] INFO  impl.FollowerState (FollowerState.java:run(117)) - a9143d84-6d7f-497d-b770-eb75585db3c7@group-7855C2F36E53-FollowerState was interrupted: java.lang.InterruptedException: sleep interrupted
2019-11-04 16:02:50,168 [e3fb79a3-1f86-42af-a80c-c46d1acdbc29@group-7855C2F36E53-LeaderElection359] INFO  impl.LeaderElection (LeaderElection.java:logAndReturn(56)) - e3fb79a3-1f86-42af-a80c-c46d1acdbc29@group-7855C2F36E53-LeaderElection359: Election REJECTED; received 2 response(s) [e3fb79a3-1f86-42af-a80c-c46d1acdbc29<-81ff859e-e76f-43f5-951a-4a38422068cb#0:FAIL-t395, e3fb79a3-1f86-42af-a80c-c46d1acdbc29<-a9143d84-6d7f-497d-b770-eb75585db3c7#0:FAIL-t395] and 0 exception(s); e3fb79a3-1f86-42af-a80c-c46d1acdbc29@group-7855C2F36E53:t395, leader=null, voted=e3fb79a3-1f86-42af-a80c-c46d1acdbc29, raftlog=e3fb79a3-1f86-42af-a80c-c46d1acdbc29@group-7855C2F36E53-SegmentedRaftLog:OPENED:c-1,f-1,i0, conf=-1: [e3fb79a3-1f86-42af-a80c-c46d1acdbc29:192.168.157.194:44142, 81ff859e-e76f-43f5-951a-4a38422068cb:192.168.157.194:46532, a9143d84-6d7f-497d-b770-eb75585db3c7:192.168.157.194:42126], old=null
2019-11-04 16:02:50,168 [e3fb79a3-1f86-42af-a80c-c46d1acdbc29@group-7855C2F36E53-LeaderElection359] INFO  impl.RaftServerImpl (RaftServerImpl.java:setRole(184)) - e3fb79a3-1f86-42af-a80c-c46d1acdbc29@group-7855C2F36E53: changes role from CANDIDATE to FOLLOWER at term 395 for DISCOVERED_A_NEW_TERM
2019-11-04 16:02:50,168 [e3fb79a3-1f86-42af-a80c-c46d1acdbc29@group-7855C2F36E53-LeaderElection359] INFO  impl.RoleInfo (RoleInfo.java:shutdownLeaderElection(134)) - e3fb79a3-1f86-42af-a80c-c46d1acdbc29: shutdown LeaderElection
2019-11-04 16:02:50,168 [e3fb79a3-1f86-42af-a80c-c46d1acdbc29@group-7855C2F36E53-LeaderElection359] INFO  impl.RoleInfo (RoleInfo.java:updateAndGet(143)) - e3fb79a3-1f86-42af-a80c-c46d1acdbc29: start FollowerState
2019-11-04 16:02:50,224 [Thread-2629] INFO  impl.FollowerState (FollowerState.java:run(108)) - e3fb79a3-1f86-42af-a80c-c46d1acdbc29@group-7855C2F36E53-FollowerState: change to CANDIDATE, lastRpcTime:55ms, electionTimeout:55ms
2019-11-04 16:02:50,224 [Thread-2629] INFO  impl.RoleInfo (RoleInfo.java:shutdownFollowerState(121)) - e3fb79a3-1f86-42af-a80c-c46d1acdbc29: shutdown FollowerState
2019-11-04 16:02:50,224 [Thread-2629] INFO  impl.RaftServerImpl (RaftServerImpl.java:setRole(184)) - e3fb79a3-1f86-42af-a80c-c46d1acdbc29@group-7855C2F36E53: changes role from  FOLLOWER to CANDIDATE at term 395 for changeToCandidate
2019-11-04 16:02:50,224 [Thread-2629] INFO  impl.RoleInfo (RoleInfo.java:updateAndGet(143)) - e3fb79a3-1f86-42af-a80c-c46d1acdbc29: start LeaderElection
2019-11-04 16:02:50,238 [e3fb79a3-1f86-42af-a80c-c46d1acdbc29@group-7855C2F36E53-LeaderElection360] INFO  impl.LeaderElection (LeaderElection.java:askForVotes(178)) - e3fb79a3-1f86-42af-a80c-c46d1acdbc29@group-7855C2F36E53-LeaderElection360: begin an election at term 396 for -1: [e3fb79a3-1f86-42af-a80c-c46d1acdbc29:192.168.157.194:44142, 81ff859e-e76f-43f5-951a-4a38422068cb:192.168.157.194:46532, a9143d84-6d7f-497d-b770-eb75585db3c7:192.168.157.194:42126], old=null
2019-11-04 16:02:50,240 [grpc-default-executor-1] INFO  impl.RaftServerImpl (RaftServerImpl.java:setRole(184)) - 81ff859e-e76f-43f5-951a-4a38422068cb@group-7855C2F36E53: changes role from  FOLLOWER to FOLLOWER at term 396 for recognizeCandidate:e3fb79a3-1f86-42af-a80c-c46d1acdbc29
2019-11-04 16:02:50,240 [grpc-default-executor-1] INFO  impl.RoleInfo (RoleInfo.java:shutdownFollowerState(121)) - 81ff859e-e76f-43f5-951a-4a38422068cb: shutdown FollowerState
2019-11-04 16:02:50,240 [grpc-default-executor-5] INFO  impl.RaftServerImpl (RaftServerImpl.java:setRole(184)) - a9143d84-6d7f-497d-b770-eb75585db3c7@group-7855C2F36E53: changes role from  FOLLOWER to FOLLOWER at term 396 for recognizeCandidate:e3fb79a3-1f86-42af-a80c-c46d1acdbc29
2019-11-04 16:02:50,240 [grpc-default-executor-5] INFO  impl.RoleInfo (RoleInfo.java:shutdownFollowerState(121)) - a9143d84-6d7f-497d-b770-eb75585db3c7: shutdown FollowerState
2019-11-04 16:02:50,240 [Thread-2627] INFO  impl.FollowerState (FollowerState.java:run(117)) - 81ff859e-e76f-43f5-951a-4a38422068cb@group-7855C2F36E53-FollowerState was interrupted: java.lang.InterruptedException: sleep interrupted
2019-11-04 16:02:50,240 [grpc-default-executor-1] INFO  impl.RoleInfo (RoleInfo.java:updateAndGet(143)) - 81ff859e-e76f-43f5-951a-4a38422068cb: start FollowerState
2019-11-04 16:02:50,240 [Thread-2628] INFO  impl.FollowerState (FollowerState.java:run(117)) - a9143d84-6d7f-497d-b770-eb75585db3c7@group-7855C2F36E53-FollowerState was interrupted: java.lang.InterruptedException: sleep interrupted
2019-11-04 16:02:50,240 [grpc-default-executor-5] INFO  impl.RoleInfo (RoleInfo.java:updateAndGet(143)) - a9143d84-6d7f-497d-b770-eb75585db3c7: start FollowerState
2019-11-04 16:02:50,266 [e3fb79a3-1f86-42af-a80c-c46d1acdbc29@group-7855C2F36E53-LeaderElection360] INFO  impl.LeaderElection (LeaderElection.java:logAndReturn(56)) - e3fb79a3-1f86-42af-a80c-c46d1acdbc29@group-7855C2F36E53-LeaderElection360: Election REJECTED; received 2 response(s) [e3fb79a3-1f86-42af-a80c-c46d1acdbc29<-81ff859e-e76f-43f5-951a-4a38422068cb#0:FAIL-t396, e3fb79a3-1f86-42af-a80c-c46d1acdbc29<-a9143d84-6d7f-497d-b770-eb75585db3c7#0:FAIL-t396] and 0 exception(s); e3fb79a3-1f86-42af-a80c-c46d1acdbc29@group-7855C2F36E53:t396, leader=null, voted=e3fb79a3-1f86-42af-a80c-c46d1acdbc29, raftlog=e3fb79a3-1f86-42af-a80c-c46d1acdbc29@group-7855C2F36E53-SegmentedRaftLog:OPENED:c-1,f-1,i0, conf=-1: [e3fb79a3-1f86-42af-a80c-c46d1acdbc29:192.168.157.194:44142, 81ff859e-e76f-43f5-951a-4a38422068cb:192.168.157.194:46532, a9143d84-6d7f-497d-b770-eb75585db3c7:192.168.157.194:42126], old=null
2019-11-04 16:02:50,267 [e3fb79a3-1f86-42af-a80c-c46d1acdbc29@group-7855C2F36E53-LeaderElection360] INFO  impl.RaftServerImpl (RaftServerImpl.java:setRole(184)) - e3fb79a3-1f86-42af-a80c-c46d1acdbc29@group-7855C2F36E53: changes role from CANDIDATE to FOLLOWER at term 396 for DISCOVERED_A_NEW_TERM
2019-11-04 16:02:50,267 [e3fb79a3-1f86-42af-a80c-c46d1acdbc29@group-7855C2F36E53-LeaderElection360] INFO  impl.RoleInfo (RoleInfo.java:shutdownLeaderElection(134)) - e3fb79a3-1f86-42af-a80c-c46d1acdbc29: shutdown LeaderElection
2019-11-04 16:02:50,267 [e3fb79a3-1f86-42af-a80c-c46d1acdbc29@group-7855C2F36E53-LeaderElection360] INFO  impl.RoleInfo (RoleInfo.java:updateAndGet(143)) - e3fb79a3-1f86-42af-a80c-c46d1acdbc29: start FollowerState
2019-11-04 16:02:50,368 [Thread-2635] INFO  impl.FollowerState (FollowerState.java:run(108)) - e3fb79a3-1f86-42af-a80c-c46d1acdbc29@group-7855C2F36E53-FollowerState: change to CANDIDATE, lastRpcTime:101ms, electionTimeout:101ms
2019-11-04 16:02:50,368 [Thread-2635] INFO  impl.RoleInfo (RoleInfo.java:shutdownFollowerState(121)) - e3fb79a3-1f86-42af-a80c-c46d1acdbc29: shutdown FollowerState
2019-11-04 16:02:50,369 [Thread-2635] INFO  impl.RaftServerImpl (RaftServerImpl.java:setRole(184)) - e3fb79a3-1f86-42af-a80c-c46d1acdbc29@group-7855C2F36E53: changes role from  FOLLOWER to CANDIDATE at term 396 for changeToCandidate
2019-11-04 16:02:50,369 [Thread-2635] INFO  impl.RoleInfo (RoleInfo.java:updateAndGet(143)) - e3fb79a3-1f86-42af-a80c-c46d1acdbc29: start LeaderElection
2019-11-04 16:02:50,382 [e3fb79a3-1f86-42af-a80c-c46d1acdbc29@group-7855C2F36E53-LeaderElection361] INFO  impl.LeaderElection (LeaderElection.java:askForVotes(178)) - e3fb79a3-1f86-42af-a80c-c46d1acdbc29@group-7855C2F36E53-LeaderElection361: begin an election at term 397 for -1: [e3fb79a3-1f86-42af-a80c-c46d1acdbc29:192.168.157.194:44142, 81ff859e-e76f-43f5-951a-4a38422068cb:192.168.157.194:46532, a9143d84-6d7f-497d-b770-eb75585db3c7:192.168.157.194:42126], old=null
2019-11-04 16:02:50,383 [grpc-default-executor-1] INFO  impl.RaftServerImpl (RaftServerImpl.java:setRole(184)) - 81ff859e-e76f-43f5-951a-4a38422068cb@group-7855C2F36E53: changes role from  FOLLOWER to FOLLOWER at term 397 for recognizeCandidate:e3fb79a3-1f86-42af-a80c-c46d1acdbc29
2019-11-04 16:02:50,383 [grpc-default-executor-5] INFO  impl.RaftServerImpl (RaftServerImpl.java:setRole(184)) - a9143d84-6d7f-497d-b770-eb75585db3c7@group-7855C2F36E53: changes role from  FOLLOWER to FOLLOWER at term 397 for recognizeCandidate:e3fb79a3-1f86-42af-a80c-c46d1acdbc29
2019-11-04 16:02:50,384 [grpc-default-executor-5] INFO  impl.RoleInfo (RoleInfo.java:shutdownFollowerState(121)) - a9143d84-6d7f-497d-b770-eb75585db3c7: shutdown FollowerState
2019-11-04 16:02:50,384 [grpc-default-executor-1] INFO  impl.RoleInfo (RoleInfo.java:shutdownFollowerState(121)) - 81ff859e-e76f-43f5-951a-4a38422068cb: shutdown FollowerState
2019-11-04 16:02:50,384 [grpc-default-executor-5] INFO  impl.RoleInfo (RoleInfo.java:updateAndGet(143)) - a9143d84-6d7f-497d-b770-eb75585db3c7: start FollowerState
2019-11-04 16:02:50,384 [Thread-2634] INFO  impl.FollowerState (FollowerState.java:run(117)) - a9143d84-6d7f-497d-b770-eb75585db3c7@group-7855C2F36E53-FollowerState was interrupted: java.lang.InterruptedException: sleep interrupted
2019-11-04 16:02:50,384 [Thread-2633] INFO  impl.FollowerState (FollowerState.java:run(117)) - 81ff859e-e76f-43f5-951a-4a38422068cb@group-7855C2F36E53-FollowerState was interrupted: java.lang.InterruptedException: sleep interrupted
2019-11-04 16:02:50,384 [grpc-default-executor-1] INFO  impl.RoleInfo (RoleInfo.java:updateAndGet(143)) - 81ff859e-e76f-43f5-951a-4a38422068cb: start FollowerState
2019-11-04 16:02:50,410 [e3fb79a3-1f86-42af-a80c-c46d1acdbc29@group-7855C2F36E53-LeaderElection361] INFO  impl.LeaderElection (LeaderElection.java:logAndReturn(56)) - e3fb79a3-1f86-42af-a80c-c46d1acdbc29@group-7855C2F36E53-LeaderElection361: Election REJECTED; received 2 response(s) [e3fb79a3-1f86-42af-a80c-c46d1acdbc29<-81ff859e-e76f-43f5-951a-4a38422068cb#0:FAIL-t397, e3fb79a3-1f86-42af-a80c-c46d1acdbc29<-a9143d84-6d7f-497d-b770-eb75585db3c7#0:FAIL-t397] and 0 exception(s); e3fb79a3-1f86-42af-a80c-c46d1acdbc29@group-7855C2F36E53:t397, leader=null, voted=e3fb79a3-1f86-42af-a80c-c46d1acdbc29, raftlog=e3fb79a3-1f86-42af-a80c-c46d1acdbc29@group-7855C2F36E53-SegmentedRaftLog:OPENED:c-1,f-1,i0, conf=-1: [e3fb79a3-1f86-42af-a80c-c46d1acdbc29:192.168.157.194:44142, 81ff859e-e76f-43f5-951a-4a38422068cb:192.168.157.194:46532, a9143d84-6d7f-497d-b770-eb75585db3c7:192.168.157.194:42126], old=null
2019-11-04 16:02:50,410 [e3fb79a3-1f86-42af-a80c-c46d1acdbc29@group-7855C2F36E53-LeaderElection361] INFO  impl.RaftServerImpl (RaftServerImpl.java:setRole(184)) - e3fb79a3-1f86-42af-a80c-c46d1acdbc29@group-7855C2F36E53: changes role from CANDIDATE to FOLLOWER at term 397 for DISCOVERED_A_NEW_TERM
2019-11-04 16:02:50,411 [e3fb79a3-1f86-42af-a80c-c46d1acdbc29@group-7855C2F36E53-LeaderElection361] INFO  impl.RoleInfo (RoleInfo.java:shutdownLeaderElection(134)) - e3fb79a3-1f86-42af-a80c-c46d1acdbc29: shutdown LeaderElection
2019-11-04 16:02:50,411 [e3fb79a3-1f86-42af-a80c-c46d1acdbc29@group-7855C2F36E53-LeaderElection361] INFO  impl.RoleInfo (RoleInfo.java:updateAndGet(143)) - e3fb79a3-1f86-42af-a80c-c46d1acdbc29: start FollowerState
2019-11-04 16:02:50,430 [Thread-2641] INFO  impl.FollowerState (FollowerState.java:run(108)) - e3fb79a3-1f86-42af-a80c-c46d1acdbc29@group-7855C2F36E53-FollowerState: change to CANDIDATE, lastRpcTime:19ms, electionTimeout:19ms
2019-11-04 16:02:50,430 [Thread-2641] INFO  impl.RoleInfo (RoleInfo.java:shutdownFollowerState(121)) - e3fb79a3-1f86-42af-a80c-c46d1acdbc29: shutdown FollowerState
2019-11-04 16:02:50,430 [Thread-2641] INFO  impl.RaftServerImpl (RaftServerImpl.java:setRole(184)) - e3fb79a3-1f86-42af-a80c-c46d1acdbc29@group-7855C2F36E53: changes role from  FOLLOWER to CANDIDATE at term 397 for changeToCandidate
2019-11-04 16:02:50,430 [Thread-2641] INFO  impl.RoleInfo (RoleInfo.java:updateAndGet(143)) - e3fb79a3-1f86-42af-a80c-c46d1acdbc29: start LeaderElection
2019-11-04 16:02:50,464 [e3fb79a3-1f86-42af-a80c-c46d1acdbc29@group-7855C2F36E53-LeaderElection362] INFO  impl.LeaderElection (LeaderElection.java:askForVotes(178)) - e3fb79a3-1f86-42af-a80c-c46d1acdbc29@group-7855C2F36E53-LeaderElection362: begin an election at term 398 for -1: [e3fb79a3-1f86-42af-a80c-c46d1acdbc29:192.168.157.194:44142, 81ff859e-e76f-43f5-951a-4a38422068cb:192.168.157.194:46532, a9143d84-6d7f-497d-b770-eb75585db3c7:192.168.157.194:42126], old=null
2019-11-04 16:02:50,465 [grpc-default-executor-1] INFO  impl.RaftServerImpl (RaftServerImpl.java:setRole(184)) - 81ff859e-e76f-43f5-951a-4a38422068cb@group-7855C2F36E53: changes role from  FOLLOWER to FOLLOWER at term 398 for recognizeCandidate:e3fb79a3-1f86-42af-a80c-c46d1acdbc29
2019-11-04 16:02:50,466 [grpc-default-executor-1] INFO  impl.RoleInfo (RoleInfo.java:shutdownFollowerState(121)) - 81ff859e-e76f-43f5-951a-4a38422068cb: shutdown FollowerState
2019-11-04 16:02:50,466 [grpc-default-executor-1] INFO  impl.RoleInfo (RoleInfo.java:updateAndGet(143)) - 81ff859e-e76f-43f5-951a-4a38422068cb: start FollowerState
2019-11-04 16:02:50,466 [grpc-default-executor-5] INFO  impl.RaftServerImpl (RaftServerImpl.java:setRole(184)) - a9143d84-6d7f-497d-b770-eb75585db3c7@group-7855C2F36E53: changes role from  FOLLOWER to FOLLOWER at term 398 for recognizeCandidate:e3fb79a3-1f86-42af-a80c-c46d1acdbc29
2019-11-04 16:02:50,466 [Thread-2640] INFO  impl.FollowerState (FollowerState.java:run(117)) - 81ff859e-e76f-43f5-951a-4a38422068cb@group-7855C2F36E53-FollowerState was interrupted: java.lang.InterruptedException: sleep interrupted
2019-11-04 16:02:50,466 [grpc-default-executor-5] INFO  impl.RoleInfo (RoleInfo.java:shutdownFollowerState(121)) - a9143d84-6d7f-497d-b770-eb75585db3c7: shutdown FollowerState
2019-11-04 16:02:50,466 [grpc-default-executor-5] INFO  impl.RoleInfo (RoleInfo.java:updateAndGet(143)) - a9143d84-6d7f-497d-b770-eb75585db3c7: start FollowerState
2019-11-04 16:02:50,466 [Thread-2639] INFO  impl.FollowerState (FollowerState.java:run(117)) - a9143d84-6d7f-497d-b770-eb75585db3c7@group-7855C2F36E53-FollowerState was interrupted: java.lang.InterruptedException: sleep interrupted
2019-11-04 16:02:50,492 [e3fb79a3-1f86-42af-a80c-c46d1acdbc29@group-7855C2F36E53-LeaderElection362] INFO  impl.LeaderElection (LeaderElection.java:logAndReturn(56)) - e3fb79a3-1f86-42af-a80c-c46d1acdbc29@group-7855C2F36E53-LeaderElection362: Election REJECTED; received 2 response(s) [e3fb79a3-1f86-42af-a80c-c46d1acdbc29<-81ff859e-e76f-43f5-951a-4a38422068cb#0:FAIL-t398, e3fb79a3-1f86-42af-a80c-c46d1acdbc29<-a9143d84-6d7f-497d-b770-eb75585db3c7#0:FAIL-t398] and 0 exception(s); e3fb79a3-1f86-42af-a80c-c46d1acdbc29@group-7855C2F36E53:t398, leader=null, voted=e3fb79a3-1f86-42af-a80c-c46d1acdbc29, raftlog=e3fb79a3-1f86-42af-a80c-c46d1acdbc29@group-7855C2F36E53-SegmentedRaftLog:OPENED:c-1,f-1,i0, conf=-1: [e3fb79a3-1f86-42af-a80c-c46d1acdbc29:192.168.157.194:44142, 81ff859e-e76f-43f5-951a-4a38422068cb:192.168.157.194:46532, a9143d84-6d7f-497d-b770-eb75585db3c7:192.168.157.194:42126], old=null
2019-11-04 16:02:50,493 [e3fb79a3-1f86-42af-a80c-c46d1acdbc29@group-7855C2F36E53-LeaderElection362] INFO  impl.RaftServerImpl (RaftServerImpl.java:setRole(184)) - e3fb79a3-1f86-42af-a80c-c46d1acdbc29@group-7855C2F36E53: changes role from CANDIDATE to FOLLOWER at term 398 for DISCOVERED_A_NEW_TERM
2019-11-04 16:02:50,493 [e3fb79a3-1f86-42af-a80c-c46d1acdbc29@group-7855C2F36E53-LeaderElection362] INFO  impl.RoleInfo (RoleInfo.java:shutdownLeaderElection(134)) - e3fb79a3-1f86-42af-a80c-c46d1acdbc29: shutdown LeaderElection
2019-11-04 16:02:50,493 [e3fb79a3-1f86-42af-a80c-c46d1acdbc29@group-7855C2F36E53-LeaderElection362] INFO  impl.RoleInfo (RoleInfo.java:updateAndGet(143)) - e3fb79a3-1f86-42af-a80c-c46d1acdbc29: start FollowerState
2019-11-04 16:02:50,546 [Thread-2649] INFO  impl.FollowerState (FollowerState.java:run(108)) - e3fb79a3-1f86-42af-a80c-c46d1acdbc29@group-7855C2F36E53-FollowerState: change to CANDIDATE, lastRpcTime:53ms, electionTimeout:53ms
2019-11-04 16:02:50,546 [Thread-2649] INFO  impl.RoleInfo (RoleInfo.java:shutdownFollowerState(121)) - e3fb79a3-1f86-42af-a80c-c46d1acdbc29: shutdown FollowerState
2019-11-04 16:02:50,547 [Thread-2649] INFO  impl.RaftServerImpl (RaftServerImpl.java:setRole(184)) - e3fb79a3-1f86-42af-a80c-c46d1acdbc29@group-7855C2F36E53: changes role from  FOLLOWER to CANDIDATE at term 398 for changeToCandidate
2019-11-04 16:02:50,547 [Thread-2649] INFO  impl.RoleInfo (RoleInfo.java:updateAndGet(143)) - e3fb79a3-1f86-42af-a80c-c46d1acdbc29: start LeaderElection
2019-11-04 16:02:50,562 [e3fb79a3-1f86-42af-a80c-c46d1acdbc29@group-7855C2F36E53-LeaderElection363] INFO  impl.LeaderElection (LeaderElection.java:askForVotes(178)) - e3fb79a3-1f86-42af-a80c-c46d1acdbc29@group-7855C2F36E53-LeaderElection363: begin an election at term 399 for -1: [e3fb79a3-1f86-42af-a80c-c46d1acdbc29:192.168.157.194:44142, 81ff859e-e76f-43f5-951a-4a38422068cb:192.168.157.194:46532, a9143d84-6d7f-497d-b770-eb75585db3c7:192.168.157.194:42126], old=null
2019-11-04 16:02:50,563 [grpc-default-executor-5] INFO  impl.RaftServerImpl (RaftServerImpl.java:setRole(184)) - 81ff859e-e76f-43f5-951a-4a38422068cb@group-7855C2F36E53: changes role from  FOLLOWER to FOLLOWER at term 399 for recognizeCandidate:e3fb79a3-1f86-42af-a80c-c46d1acdbc29
2019-11-04 16:02:50,563 [grpc-default-executor-5] INFO  impl.RoleInfo (RoleInfo.java:shutdownFollowerState(121)) - 81ff859e-e76f-43f5-951a-4a38422068cb: shutdown FollowerState
2019-11-04 16:02:50,563 [grpc-default-executor-1] INFO  impl.RaftServerImpl (RaftServerImpl.java:setRole(184)) - a9143d84-6d7f-497d-b770-eb75585db3c7@group-7855C2F36E53: changes role from  FOLLOWER to FOLLOWER at term 399 for recognizeCandidate:e3fb79a3-1f86-42af-a80c-c46d1acdbc29
2019-11-04 16:02:50,564 [grpc-default-executor-1] INFO  impl.RoleInfo (RoleInfo.java:shutdownFollowerState(121)) - a9143d84-6d7f-497d-b770-eb75585db3c7: shutdown FollowerState
2019-11-04 16:02:50,564 [Thread-2647] INFO  impl.FollowerState (FollowerState.java:run(117)) - 81ff859e-e76f-43f5-951a-4a38422068cb@group-7855C2F36E53-FollowerState was interrupted: java.lang.InterruptedException: sleep interrupted
2019-11-04 16:02:50,564 [grpc-default-executor-5] INFO  impl.RoleInfo (RoleInfo.java:updateAndGet(143)) - 81ff859e-e76f-43f5-951a-4a38422068cb: start FollowerState
2019-11-04 16:02:50,564 [Thread-2648] INFO  impl.FollowerState (FollowerState.java:run(117)) - a9143d84-6d7f-497d-b770-eb75585db3c7@group-7855C2F36E53-FollowerState was interrupted: java.lang.InterruptedException: sleep interrupted
2019-11-04 16:02:50,564 [grpc-default-executor-1] INFO  impl.RoleInfo (RoleInfo.java:updateAndGet(143)) - a9143d84-6d7f-497d-b770-eb75585db3c7: start FollowerState
2019-11-04 16:02:50,590 [e3fb79a3-1f86-42af-a80c-c46d1acdbc29@group-7855C2F36E53-LeaderElection363] INFO  impl.LeaderElection (LeaderElection.java:logAndReturn(56)) - e3fb79a3-1f86-42af-a80c-c46d1acdbc29@group-7855C2F36E53-LeaderElection363: Election REJECTED; received 2 response(s) [e3fb79a3-1f86-42af-a80c-c46d1acdbc29<-81ff859e-e76f-43f5-951a-4a38422068cb#0:FAIL-t399, e3fb79a3-1f86-42af-a80c-c46d1acdbc29<-a9143d84-6d7f-497d-b770-eb75585db3c7#0:FAIL-t399] and 0 exception(s); e3fb79a3-1f86-42af-a80c-c46d1acdbc29@group-7855C2F36E53:t399, leader=null, voted=e3fb79a3-1f86-42af-a80c-c46d1acdbc29, raftlog=e3fb79a3-1f86-42af-a80c-c46d1acdbc29@group-7855C2F36E53-SegmentedRaftLog:OPENED:c-1,f-1,i0, conf=-1: [e3fb79a3-1f86-42af-a80c-c46d1acdbc29:192.168.157.194:44142, 81ff859e-e76f-43f5-951a-4a38422068cb:192.168.157.194:46532, a9143d84-6d7f-497d-b770-eb75585db3c7:192.168.157.194:42126], old=null
2019-11-04 16:02:50,591 [e3fb79a3-1f86-42af-a80c-c46d1acdbc29@group-7855C2F36E53-LeaderElection363] INFO  impl.RaftServerImpl (RaftServerImpl.java:setRole(184)) - e3fb79a3-1f86-42af-a80c-c46d1acdbc29@group-7855C2F36E53: changes role from CANDIDATE to FOLLOWER at term 399 for DISCOVERED_A_NEW_TERM
2019-11-04 16:02:50,591 [e3fb79a3-1f86-42af-a80c-c46d1acdbc29@group-7855C2F36E53-LeaderElection363] INFO  impl.RoleInfo (RoleInfo.java:shutdownLeaderElection(134)) - e3fb79a3-1f86-42af-a80c-c46d1acdbc29: shutdown LeaderElection
2019-11-04 16:02:50,591 [e3fb79a3-1f86-42af-a80c-c46d1acdbc29@group-7855C2F36E53-LeaderElection363] INFO  impl.RoleInfo (RoleInfo.java:updateAndGet(143)) - e3fb79a3-1f86-42af-a80c-c46d1acdbc29: start FollowerState
2019-11-04 16:02:50,779 [Thread-2655] INFO  impl.FollowerState (FollowerState.java:run(108)) - e3fb79a3-1f86-42af-a80c-c46d1acdbc29@group-7855C2F36E53-FollowerState: change to CANDIDATE, lastRpcTime:188ms, electionTimeout:188ms
2019-11-04 16:02:50,779 [Thread-2655] INFO  impl.RoleInfo (RoleInfo.java:shutdownFollowerState(121)) - e3fb79a3-1f86-42af-a80c-c46d1acdbc29: shutdown FollowerState
2019-11-04 16:02:50,780 [Thread-2655] INFO  impl.RaftServerImpl (RaftServerImpl.java:setRole(184)) - e3fb79a3-1f86-42af-a80c-c46d1acdbc29@group-7855C2F36E53: changes role from  FOLLOWER to CANDIDATE at term 399 for changeToCandidate
2019-11-04 16:02:50,780 [Thread-2655] INFO  impl.RoleInfo (RoleInfo.java:updateAndGet(143)) - e3fb79a3-1f86-42af-a80c-c46d1acdbc29: start LeaderElection
2019-11-04 16:02:50,806 [e3fb79a3-1f86-42af-a80c-c46d1acdbc29@group-7855C2F36E53-LeaderElection364] INFO  impl.LeaderElection (LeaderElection.java:askForVotes(178)) - e3fb79a3-1f86-42af-a80c-c46d1acdbc29@group-7855C2F36E53-LeaderElection364: begin an election at term 400 for -1: [e3fb79a3-1f86-42af-a80c-c46d1acdbc29:192.168.157.194:44142, 81ff859e-e76f-43f5-951a-4a38422068cb:192.168.157.194:46532, a9143d84-6d7f-497d-b770-eb75585db3c7:192.168.157.194:42126], old=null
2019-11-04 16:02:50,807 [grpc-default-executor-5] INFO  impl.RaftServerImpl (RaftServerImpl.java:setRole(184)) - 81ff859e-e76f-43f5-951a-4a38422068cb@group-7855C2F36E53: changes role from  FOLLOWER to FOLLOWER at term 400 for recognizeCandidate:e3fb79a3-1f86-42af-a80c-c46d1acdbc29
2019-11-04 16:02:50,807 [grpc-default-executor-5] INFO  impl.RoleInfo (RoleInfo.java:shutdownFollowerState(121)) - 81ff859e-e76f-43f5-951a-4a38422068cb: shutdown FollowerState
2019-11-04 16:02:50,807 [grpc-default-executor-1] INFO  impl.RaftServerImpl (RaftServerImpl.java:setRole(184)) - a9143d84-6d7f-497d-b770-eb75585db3c7@group-7855C2F36E53: changes role from  FOLLOWER to FOLLOWER at term 400 for recognizeCandidate:e3fb79a3-1f86-42af-a80c-c46d1acdbc29
2019-11-04 16:02:50,808 [grpc-default-executor-1] INFO  impl.RoleInfo (RoleInfo.java:shutdownFollowerState(121)) - a9143d84-6d7f-497d-b770-eb75585db3c7: shutdown FollowerState
2019-11-04 16:02:50,808 [Thread-2653] INFO  impl.FollowerState (FollowerState.java:run(117)) - 81ff859e-e76f-43f5-951a-4a38422068cb@group-7855C2F36E53-FollowerState was interrupted: java.lang.InterruptedException: sleep interrupted
2019-11-04 16:02:50,808 [grpc-default-executor-5] INFO  impl.RoleInfo (RoleInfo.java:updateAndGet(143)) - 81ff859e-e76f-43f5-951a-4a38422068cb: start FollowerState
2019-11-04 16:02:50,808 [Thread-2654] INFO  impl.FollowerState (FollowerState.java:run(117)) - a9143d84-6d7f-497d-b770-eb75585db3c7@group-7855C2F36E53-FollowerState was interrupted: java.lang.InterruptedException: sleep interrupted
2019-11-04 16:02:50,808 [grpc-default-executor-1] INFO  impl.RoleInfo (RoleInfo.java:updateAndGet(143)) - a9143d84-6d7f-497d-b770-eb75585db3c7: start FollowerState
2019-11-04 16:02:50,834 [e3fb79a3-1f86-42af-a80c-c46d1acdbc29@group-7855C2F36E53-LeaderElection364] INFO  impl.LeaderElection (LeaderElection.java:logAndReturn(56)) - e3fb79a3-1f86-42af-a80c-c46d1acdbc29@group-7855C2F36E53-LeaderElection364: Election REJECTED; received 2 response(s) [e3fb79a3-1f86-42af-a80c-c46d1acdbc29<-81ff859e-e76f-43f5-951a-4a38422068cb#0:FAIL-t400, e3fb79a3-1f86-42af-a80c-c46d1acdbc29<-a9143d84-6d7f-497d-b770-eb75585db3c7#0:FAIL-t400] and 0 exception(s); e3fb79a3-1f86-42af-a80c-c46d1acdbc29@group-7855C2F36E53:t400, leader=null, voted=e3fb79a3-1f86-42af-a80c-c46d1acdbc29, raftlog=e3fb79a3-1f86-42af-a80c-c46d1acdbc29@group-7855C2F36E53-SegmentedRaftLog:OPENED:c-1,f-1,i0, conf=-1: [e3fb79a3-1f86-42af-a80c-c46d1acdbc29:192.168.157.194:44142, 81ff859e-e76f-43f5-951a-4a38422068cb:192.168.157.194:46532, a9143d84-6d7f-497d-b770-eb75585db3c7:192.168.157.194:42126], old=null
2019-11-04 16:02:50,834 [e3fb79a3-1f86-42af-a80c-c46d1acdbc29@group-7855C2F36E53-LeaderElection364] INFO  impl.RaftServerImpl (RaftServerImpl.java:setRole(184)) - e3fb79a3-1f86-42af-a80c-c46d1acdbc29@group-7855C2F36E53: changes role from CANDIDATE to FOLLOWER at term 400 for DISCOVERED_A_NEW_TERM
2019-11-04 16:02:50,834 [e3fb79a3-1f86-42af-a80c-c46d1acdbc29@group-7855C2F36E53-LeaderElection364] INFO  impl.RoleInfo (RoleInfo.java:shutdownLeaderElection(134)) - e3fb79a3-1f86-42af-a80c-c46d1acdbc29: shutdown LeaderElection
2019-11-04 16:02:50,834 [e3fb79a3-1f86-42af-a80c-c46d1acdbc29@group-7855C2F36E53-LeaderElection364] INFO  impl.RoleInfo (RoleInfo.java:updateAndGet(143)) - e3fb79a3-1f86-42af-a80c-c46d1acdbc29: start FollowerState
2019-11-04 16:02:50,842 [Thread-2661] INFO  impl.FollowerState (FollowerState.java:run(108)) - e3fb79a3-1f86-42af-a80c-c46d1acdbc29@group-7855C2F36E53-FollowerState: change to CANDIDATE, lastRpcTime:7ms, electionTimeout:7ms
2019-11-04 16:02:50,842 [Thread-2661] INFO  impl.RoleInfo (RoleInfo.java:shutdownFollowerState(121)) - e3fb79a3-1f86-42af-a80c-c46d1acdbc29: shutdown FollowerState
2019-11-04 16:02:50,842 [Thread-2661] INFO  impl.RaftServerImpl (RaftServerImpl.java:setRole(184)) - e3fb79a3-1f86-42af-a80c-c46d1acdbc29@group-7855C2F36E53: changes role from  FOLLOWER to CANDIDATE at term 400 for changeToCandidate
2019-11-04 16:02:50,842 [Thread-2661] INFO  impl.RoleInfo (RoleInfo.java:updateAndGet(143)) - e3fb79a3-1f86-42af-a80c-c46d1acdbc29: start LeaderElection
2019-11-04 16:02:50,856 [e3fb79a3-1f86-42af-a80c-c46d1acdbc29@group-7855C2F36E53-LeaderElection365] INFO  impl.LeaderElection (LeaderElection.java:askForVotes(178)) - e3fb79a3-1f86-42af-a80c-c46d1acdbc29@group-7855C2F36E53-LeaderElection365: begin an election at term 401 for -1: [e3fb79a3-1f86-42af-a80c-c46d1acdbc29:192.168.157.194:44142, 81ff859e-e76f-43f5-951a-4a38422068cb:192.168.157.194:46532, a9143d84-6d7f-497d-b770-eb75585db3c7:192.168.157.194:42126], old=null
2019-11-04 16:02:50,857 [grpc-default-executor-1] INFO  impl.RaftServerImpl (RaftServerImpl.java:setRole(184)) - 81ff859e-e76f-43f5-951a-4a38422068cb@group-7855C2F36E53: changes role from  FOLLOWER to FOLLOWER at term 401 for recognizeCandidate:e3fb79a3-1f86-42af-a80c-c46d1acdbc29
2019-11-04 16:02:50,857 [grpc-default-executor-1] INFO  impl.RoleInfo (RoleInfo.java:shutdownFollowerState(121)) - 81ff859e-e76f-43f5-951a-4a38422068cb: shutdown FollowerState
2019-11-04 16:02:50,857 [grpc-default-executor-5] INFO  impl.RaftServerImpl (RaftServerImpl.java:setRole(184)) - a9143d84-6d7f-497d-b770-eb75585db3c7@group-7855C2F36E53: changes role from  FOLLOWER to FOLLOWER at term 401 for recognizeCandidate:e3fb79a3-1f86-42af-a80c-c46d1acdbc29
2019-11-04 16:02:50,857 [grpc-default-executor-5] INFO  impl.RoleInfo (RoleInfo.java:shutdownFollowerState(121)) - a9143d84-6d7f-497d-b770-eb75585db3c7: shutdown FollowerState
2019-11-04 16:02:50,857 [Thread-2659] INFO  impl.FollowerState (FollowerState.java:run(117)) - 81ff859e-e76f-43f5-951a-4a38422068cb@group-7855C2F36E53-FollowerState was interrupted: java.lang.InterruptedException: sleep interrupted
2019-11-04 16:02:50,857 [grpc-default-executor-1] INFO  impl.RoleInfo (RoleInfo.java:updateAndGet(143)) - 81ff859e-e76f-43f5-951a-4a38422068cb: start FollowerState
2019-11-04 16:02:50,858 [Thread-2660] INFO  impl.FollowerState (FollowerState.java:run(117)) - a9143d84-6d7f-497d-b770-eb75585db3c7@group-7855C2F36E53-FollowerState was interrupted: java.lang.InterruptedException: sleep interrupted
2019-11-04 16:02:50,858 [grpc-default-executor-5] INFO  impl.RoleInfo (RoleInfo.java:updateAndGet(143)) - a9143d84-6d7f-497d-b770-eb75585db3c7: start FollowerState
2019-11-04 16:02:50,860 [e3fb79a3-1f86-42af-a80c-c46d1acdbc29@group-7855C2F36E53-LeaderElection365] INFO  impl.LeaderElection (LeaderElection.java:logAndReturn(56)) - e3fb79a3-1f86-42af-a80c-c46d1acdbc29@group-7855C2F36E53-LeaderElection365: Election TIMEOUT; received 0 response(s) [] and 0 exception(s); e3fb79a3-1f86-42af-a80c-c46d1acdbc29@group-7855C2F36E53:t401, leader=null, voted=e3fb79a3-1f86-42af-a80c-c46d1acdbc29, raftlog=e3fb79a3-1f86-42af-a80c-c46d1acdbc29@group-7855C2F36E53-SegmentedRaftLog:OPENED:c-1,f-1,i0, conf=-1: [e3fb79a3-1f86-42af-a80c-c46d1acdbc29:192.168.157.194:44142, 81ff859e-e76f-43f5-951a-4a38422068cb:192.168.157.194:46532, a9143d84-6d7f-497d-b770-eb75585db3c7:192.168.157.194:42126], old=null
2019-11-04 16:02:50,884 [e3fb79a3-1f86-42af-a80c-c46d1acdbc29@group-7855C2F36E53-LeaderElection365] INFO  impl.LeaderElection (LeaderElection.java:askForVotes(178)) - e3fb79a3-1f86-42af-a80c-c46d1acdbc29@group-7855C2F36E53-LeaderElection365: begin an election at term 402 for -1: [e3fb79a3-1f86-42af-a80c-c46d1acdbc29:192.168.157.194:44142, 81ff859e-e76f-43f5-951a-4a38422068cb:192.168.157.194:46532, a9143d84-6d7f-497d-b770-eb75585db3c7:192.168.157.194:42126], old=null
2019-11-04 16:02:50,885 [grpc-default-executor-1] INFO  impl.RaftServerImpl (RaftServerImpl.java:setRole(184)) - 81ff859e-e76f-43f5-951a-4a38422068cb@group-7855C2F36E53: changes role from  FOLLOWER to FOLLOWER at term 402 for recognizeCandidate:e3fb79a3-1f86-42af-a80c-c46d1acdbc29
2019-11-04 16:02:50,885 [grpc-default-executor-1] INFO  impl.RoleInfo (RoleInfo.java:shutdownFollowerState(121)) - 81ff859e-e76f-43f5-951a-4a38422068cb: shutdown FollowerState
2019-11-04 16:02:50,886 [grpc-default-executor-1] INFO  impl.RoleInfo (RoleInfo.java:updateAndGet(143)) - 81ff859e-e76f-43f5-951a-4a38422068cb: start FollowerState
2019-11-04 16:02:50,886 [Thread-2665] INFO  impl.FollowerState (FollowerState.java:run(117)) - 81ff859e-e76f-43f5-951a-4a38422068cb@group-7855C2F36E53-FollowerState was interrupted: java.lang.InterruptedException: sleep interrupted
2019-11-04 16:02:50,886 [grpc-default-executor-5] INFO  impl.RaftServerImpl (RaftServerImpl.java:setRole(184)) - a9143d84-6d7f-497d-b770-eb75585db3c7@group-7855C2F36E53: changes role from  FOLLOWER to FOLLOWER at term 402 for recognizeCandidate:e3fb79a3-1f86-42af-a80c-c46d1acdbc29
2019-11-04 16:02:50,886 [grpc-default-executor-5] INFO  impl.RoleInfo (RoleInfo.java:shutdownFollowerState(121)) - a9143d84-6d7f-497d-b770-eb75585db3c7: shutdown FollowerState
2019-11-04 16:02:50,886 [grpc-default-executor-5] INFO  impl.RoleInfo (RoleInfo.java:updateAndGet(143)) - a9143d84-6d7f-497d-b770-eb75585db3c7: start FollowerState
2019-11-04 16:02:50,886 [Thread-2666] INFO  impl.FollowerState (FollowerState.java:run(117)) - a9143d84-6d7f-497d-b770-eb75585db3c7@group-7855C2F36E53-FollowerState was interrupted: java.lang.InterruptedException: sleep interrupted
2019-11-04 16:02:50,912 [e3fb79a3-1f86-42af-a80c-c46d1acdbc29@group-7855C2F36E53-LeaderElection365] INFO  impl.LeaderElection (LeaderElection.java:logAndReturn(56)) - e3fb79a3-1f86-42af-a80c-c46d1acdbc29@group-7855C2F36E53-LeaderElection365: Election REJECTED; received 2 response(s) [e3fb79a3-1f86-42af-a80c-c46d1acdbc29<-81ff859e-e76f-43f5-951a-4a38422068cb#0:FAIL-t402, e3fb79a3-1f86-42af-a80c-c46d1acdbc29<-a9143d84-6d7f-497d-b770-eb75585db3c7#0:FAIL-t402] and 0 exception(s); e3fb79a3-1f86-42af-a80c-c46d1acdbc29@group-7855C2F36E53:t402, leader=null, voted=e3fb79a3-1f86-42af-a80c-c46d1acdbc29, raftlog=e3fb79a3-1f86-42af-a80c-c46d1acdbc29@group-7855C2F36E53-SegmentedRaftLog:OPENED:c-1,f-1,i0, conf=-1: [e3fb79a3-1f86-42af-a80c-c46d1acdbc29:192.168.157.194:44142, 81ff859e-e76f-43f5-951a-4a38422068cb:192.168.157.194:46532, a9143d84-6d7f-497d-b770-eb75585db3c7:192.168.157.194:42126], old=null
2019-11-04 16:02:50,912 [e3fb79a3-1f86-42af-a80c-c46d1acdbc29@group-7855C2F36E53-LeaderElection365] INFO  impl.RaftServerImpl (RaftServerImpl.java:setRole(184)) - e3fb79a3-1f86-42af-a80c-c46d1acdbc29@group-7855C2F36E53: changes role from CANDIDATE to FOLLOWER at term 402 for DISCOVERED_A_NEW_TERM
2019-11-04 16:02:50,912 [e3fb79a3-1f86-42af-a80c-c46d1acdbc29@group-7855C2F36E53-LeaderElection365] INFO  impl.RoleInfo (RoleInfo.java:shutdownLeaderElection(134)) - e3fb79a3-1f86-42af-a80c-c46d1acdbc29: shutdown LeaderElection
2019-11-04 16:02:50,913 [e3fb79a3-1f86-42af-a80c-c46d1acdbc29@group-7855C2F36E53-LeaderElection365] INFO  impl.RoleInfo (RoleInfo.java:updateAndGet(143)) - e3fb79a3-1f86-42af-a80c-c46d1acdbc29: start FollowerState
2019-11-04 16:02:50,993 [Thread-2671] INFO  impl.FollowerState (FollowerState.java:run(108)) - e3fb79a3-1f86-42af-a80c-c46d1acdbc29@group-7855C2F36E53-FollowerState: change to CANDIDATE, lastRpcTime:80ms, electionTimeout:80ms
2019-11-04 16:02:50,993 [Thread-2671] INFO  impl.RoleInfo (RoleInfo.java:shutdownFollowerState(121)) - e3fb79a3-1f86-42af-a80c-c46d1acdbc29: shutdown FollowerState
2019-11-04 16:02:50,993 [Thread-2671] INFO  impl.RaftServerImpl (RaftServerImpl.java:setRole(184)) - e3fb79a3-1f86-42af-a80c-c46d1acdbc29@group-7855C2F36E53: changes role from  FOLLOWER to CANDIDATE at term 402 for changeToCandidate
2019-11-04 16:02:50,997 [Thread-2671] INFO  impl.RoleInfo (RoleInfo.java:updateAndGet(143)) - e3fb79a3-1f86-42af-a80c-c46d1acdbc29: start LeaderElection
2019-11-04 16:02:51,023 [e3fb79a3-1f86-42af-a80c-c46d1acdbc29@group-7855C2F36E53-LeaderElection366] INFO  impl.LeaderElection (LeaderElection.java:askForVotes(178)) - e3fb79a3-1f86-42af-a80c-c46d1acdbc29@group-7855C2F36E53-LeaderElection366: begin an election at term 403 for -1: [e3fb79a3-1f86-42af-a80c-c46d1acdbc29:192.168.157.194:44142, 81ff859e-e76f-43f5-951a-4a38422068cb:192.168.157.194:46532, a9143d84-6d7f-497d-b770-eb75585db3c7:192.168.157.194:42126], old=null
2019-11-04 16:02:51,025 [grpc-default-executor-5] INFO  impl.RaftServerImpl (RaftServerImpl.java:setRole(184)) - 81ff859e-e76f-43f5-951a-4a38422068cb@group-7855C2F36E53: changes role from  FOLLOWER to FOLLOWER at term 403 for recognizeCandidate:e3fb79a3-1f86-42af-a80c-c46d1acdbc29
2019-11-04 16:02:51,025 [grpc-default-executor-1] INFO  impl.RaftServerImpl (RaftServerImpl.java:setRole(184)) - a9143d84-6d7f-497d-b770-eb75585db3c7@group-7855C2F36E53: changes role from  FOLLOWER to FOLLOWER at term 403 for recognizeCandidate:e3fb79a3-1f86-42af-a80c-c46d1acdbc29
2019-11-04 16:02:51,025 [grpc-default-executor-5] INFO  impl.RoleInfo (RoleInfo.java:shutdownFollowerState(121)) - 81ff859e-e76f-43f5-951a-4a38422068cb: shutdown FollowerState
2019-11-04 16:02:51,025 [grpc-default-executor-1] INFO  impl.RoleInfo (RoleInfo.java:shutdownFollowerState(121)) - a9143d84-6d7f-497d-b770-eb75585db3c7: shutdown FollowerState
2019-11-04 16:02:51,025 [Thread-2669] INFO  impl.FollowerState (FollowerState.java:run(117)) - 81ff859e-e76f-43f5-951a-4a38422068cb@group-7855C2F36E53-FollowerState was interrupted: java.lang.InterruptedException: sleep interrupted
2019-11-04 16:02:51,025 [Thread-2670] INFO  impl.FollowerState (FollowerState.java:run(117)) - a9143d84-6d7f-497d-b770-eb75585db3c7@group-7855C2F36E53-FollowerState was interrupted: java.lang.InterruptedException: sleep interrupted
2019-11-04 16:02:51,025 [grpc-default-executor-5] INFO  impl.RoleInfo (RoleInfo.java:updateAndGet(143)) - 81ff859e-e76f-43f5-951a-4a38422068cb: start FollowerState
2019-11-04 16:02:51,025 [grpc-default-executor-1] INFO  impl.RoleInfo (RoleInfo.java:updateAndGet(143)) - a9143d84-6d7f-497d-b770-eb75585db3c7: start FollowerState
2019-11-04 16:02:51,039 [e3fb79a3-1f86-42af-a80c-c46d1acdbc29@group-7855C2F36E53-LeaderElection366] INFO  impl.LeaderElection (LeaderElection.java:logAndReturn(56)) - e3fb79a3-1f86-42af-a80c-c46d1acdbc29@group-7855C2F36E53-LeaderElection366: Election REJECTED; received 2 response(s) [e3fb79a3-1f86-42af-a80c-c46d1acdbc29<-81ff859e-e76f-43f5-951a-4a38422068cb#0:FAIL-t403, e3fb79a3-1f86-42af-a80c-c46d1acdbc29<-a9143d84-6d7f-497d-b770-eb75585db3c7#0:FAIL-t403] and 0 exception(s); e3fb79a3-1f86-42af-a80c-c46d1acdbc29@group-7855C2F36E53:t403, leader=null, voted=e3fb79a3-1f86-42af-a80c-c46d1acdbc29, raftlog=e3fb79a3-1f86-42af-a80c-c46d1acdbc29@group-7855C2F36E53-SegmentedRaftLog:OPENED:c-1,f-1,i0, conf=-1: [e3fb79a3-1f86-42af-a80c-c46d1acdbc29:192.168.157.194:44142, 81ff859e-e76f-43f5-951a-4a38422068cb:192.168.157.194:46532, a9143d84-6d7f-497d-b770-eb75585db3c7:192.168.157.194:42126], old=null
2019-11-04 16:02:51,040 [e3fb79a3-1f86-42af-a80c-c46d1acdbc29@group-7855C2F36E53-LeaderElection366] INFO  impl.RaftServerImpl (RaftServerImpl.java:setRole(184)) - e3fb79a3-1f86-42af-a80c-c46d1acdbc29@group-7855C2F36E53: changes role from CANDIDATE to FOLLOWER at term 403 for DISCOVERED_A_NEW_TERM
2019-11-04 16:02:51,040 [e3fb79a3-1f86-42af-a80c-c46d1acdbc29@group-7855C2F36E53-LeaderElection366] INFO  impl.RoleInfo (RoleInfo.java:shutdownLeaderElection(134)) - e3fb79a3-1f86-42af-a80c-c46d1acdbc29: shutdown LeaderElection
2019-11-04 16:02:51,040 [e3fb79a3-1f86-42af-a80c-c46d1acdbc29@group-7855C2F36E53-LeaderElection366] INFO  impl.RoleInfo (RoleInfo.java:updateAndGet(143)) - e3fb79a3-1f86-42af-a80c-c46d1acdbc29: start FollowerState
2019-11-04 16:02:51,095 [Thread-2677] INFO  impl.FollowerState (FollowerState.java:run(108)) - e3fb79a3-1f86-42af-a80c-c46d1acdbc29@group-7855C2F36E53-FollowerState: change to CANDIDATE, lastRpcTime:55ms, electionTimeout:55ms
2019-11-04 16:02:51,095 [Thread-2677] INFO  impl.RoleInfo (RoleInfo.java:shutdownFollowerState(121)) - e3fb79a3-1f86-42af-a80c-c46d1acdbc29: shutdown FollowerState
2019-11-04 16:02:51,096 [Thread-2677] INFO  impl.RaftServerImpl (RaftServerImpl.java:setRole(184)) - e3fb79a3-1f86-42af-a80c-c46d1acdbc29@group-7855C2F36E53: changes role from  FOLLOWER to CANDIDATE at term 403 for changeToCandidate
2019-11-04 16:02:51,096 [Thread-2677] INFO  impl.RoleInfo (RoleInfo.java:updateAndGet(143)) - e3fb79a3-1f86-42af-a80c-c46d1acdbc29: start LeaderElection
2019-11-04 16:02:51,109 [e3fb79a3-1f86-42af-a80c-c46d1acdbc29@group-7855C2F36E53-LeaderElection367] INFO  impl.LeaderElection (LeaderElection.java:askForVotes(178)) - e3fb79a3-1f86-42af-a80c-c46d1acdbc29@group-7855C2F36E53-LeaderElection367: begin an election at term 404 for -1: [e3fb79a3-1f86-42af-a80c-c46d1acdbc29:192.168.157.194:44142, 81ff859e-e76f-43f5-951a-4a38422068cb:192.168.157.194:46532, a9143d84-6d7f-497d-b770-eb75585db3c7:192.168.157.194:42126], old=null
2019-11-04 16:02:51,111 [grpc-default-executor-5] INFO  impl.RaftServerImpl (RaftServerImpl.java:setRole(184)) - 81ff859e-e76f-43f5-951a-4a38422068cb@group-7855C2F36E53: changes role from  FOLLOWER to FOLLOWER at term 404 for recognizeCandidate:e3fb79a3-1f86-42af-a80c-c46d1acdbc29
2019-11-04 16:02:51,111 [grpc-default-executor-1] INFO  impl.RaftServerImpl (RaftServerImpl.java:setRole(184)) - a9143d84-6d7f-497d-b770-eb75585db3c7@group-7855C2F36E53: changes role from  FOLLOWER to FOLLOWER at term 404 for recognizeCandidate:e3fb79a3-1f86-42af-a80c-c46d1acdbc29
2019-11-04 16:02:51,112 [grpc-default-executor-1] INFO  impl.RoleInfo (RoleInfo.java:shutdownFollowerState(121)) - a9143d84-6d7f-497d-b770-eb75585db3c7: shutdown FollowerState
2019-11-04 16:02:51,111 [grpc-default-executor-5] INFO  impl.RoleInfo (RoleInfo.java:shutdownFollowerState(121)) - 81ff859e-e76f-43f5-951a-4a38422068cb: shutdown FollowerState
2019-11-04 16:02:51,112 [Thread-2676] INFO  impl.FollowerState (FollowerState.java:run(117)) - a9143d84-6d7f-497d-b770-eb75585db3c7@group-7855C2F36E53-FollowerState was interrupted: java.lang.InterruptedException: sleep interrupted
2019-11-04 16:02:51,112 [grpc-default-executor-1] INFO  impl.RoleInfo (RoleInfo.java:updateAndGet(143)) - a9143d84-6d7f-497d-b770-eb75585db3c7: start FollowerState
2019-11-04 16:02:51,112 [Thread-2675] INFO  impl.FollowerState (FollowerState.java:run(117)) - 81ff859e-e76f-43f5-951a-4a38422068cb@group-7855C2F36E53-FollowerState was interrupted: java.lang.InterruptedException: sleep interrupted
2019-11-04 16:02:51,112 [grpc-default-executor-5] INFO  impl.RoleInfo (RoleInfo.java:updateAndGet(143)) - 81ff859e-e76f-43f5-951a-4a38422068cb: start FollowerState
2019-11-04 16:02:51,138 [e3fb79a3-1f86-42af-a80c-c46d1acdbc29@group-7855C2F36E53-LeaderElection367] INFO  impl.LeaderElection (LeaderElection.java:logAndReturn(56)) - e3fb79a3-1f86-42af-a80c-c46d1acdbc29@group-7855C2F36E53-LeaderElection367: Election REJECTED; received 2 response(s) [e3fb79a3-1f86-42af-a80c-c46d1acdbc29<-81ff859e-e76f-43f5-951a-4a38422068cb#0:FAIL-t404, e3fb79a3-1f86-42af-a80c-c46d1acdbc29<-a9143d84-6d7f-497d-b770-eb75585db3c7#0:FAIL-t404] and 0 exception(s); e3fb79a3-1f86-42af-a80c-c46d1acdbc29@group-7855C2F36E53:t404, leader=null, voted=e3fb79a3-1f86-42af-a80c-c46d1acdbc29, raftlog=e3fb79a3-1f86-42af-a80c-c46d1acdbc29@group-7855C2F36E53-SegmentedRaftLog:OPENED:c-1,f-1,i0, conf=-1: [e3fb79a3-1f86-42af-a80c-c46d1acdbc29:192.168.157.194:44142, 81ff859e-e76f-43f5-951a-4a38422068cb:192.168.157.194:46532, a9143d84-6d7f-497d-b770-eb75585db3c7:192.168.157.194:42126], old=null
2019-11-04 16:02:51,138 [e3fb79a3-1f86-42af-a80c-c46d1acdbc29@group-7855C2F36E53-LeaderElection367] INFO  impl.RaftServerImpl (RaftServerImpl.java:setRole(184)) - e3fb79a3-1f86-42af-a80c-c46d1acdbc29@group-7855C2F36E53: changes role from CANDIDATE to FOLLOWER at term 404 for DISCOVERED_A_NEW_TERM
2019-11-04 16:02:51,139 [e3fb79a3-1f86-42af-a80c-c46d1acdbc29@group-7855C2F36E53-LeaderElection367] INFO  impl.RoleInfo (RoleInfo.java:shutdownLeaderElection(134)) - e3fb79a3-1f86-42af-a80c-c46d1acdbc29: shutdown LeaderElection
2019-11-04 16:02:51,139 [e3fb79a3-1f86-42af-a80c-c46d1acdbc29@group-7855C2F36E53-LeaderElection367] INFO  impl.RoleInfo (RoleInfo.java:updateAndGet(143)) - e3fb79a3-1f86-42af-a80c-c46d1acdbc29: start FollowerState
2019-11-04 16:02:51,300 [Thread-2683] INFO  impl.FollowerState (FollowerState.java:run(108)) - e3fb79a3-1f86-42af-a80c-c46d1acdbc29@group-7855C2F36E53-FollowerState: change to CANDIDATE, lastRpcTime:161ms, electionTimeout:161ms
2019-11-04 16:02:51,300 [Thread-2683] INFO  impl.RoleInfo (RoleInfo.java:shutdownFollowerState(121)) - e3fb79a3-1f86-42af-a80c-c46d1acdbc29: shutdown FollowerState
2019-11-04 16:02:51,300 [Thread-2683] INFO  impl.RaftServerImpl (RaftServerImpl.java:setRole(184)) - e3fb79a3-1f86-42af-a80c-c46d1acdbc29@group-7855C2F36E53: changes role from  FOLLOWER to CANDIDATE at term 404 for changeToCandidate
2019-11-04 16:02:51,301 [Thread-2683] INFO  impl.RoleInfo (RoleInfo.java:updateAndGet(143)) - e3fb79a3-1f86-42af-a80c-c46d1acdbc29: start LeaderElection
2019-11-04 16:02:51,315 [e3fb79a3-1f86-42af-a80c-c46d1acdbc29@group-7855C2F36E53-LeaderElection368] INFO  impl.LeaderElection (LeaderElection.java:askForVotes(178)) - e3fb79a3-1f86-42af-a80c-c46d1acdbc29@group-7855C2F36E53-LeaderElection368: begin an election at term 405 for -1: [e3fb79a3-1f86-42af-a80c-c46d1acdbc29:192.168.157.194:44142, 81ff859e-e76f-43f5-951a-4a38422068cb:192.168.157.194:46532, a9143d84-6d7f-497d-b770-eb75585db3c7:192.168.157.194:42126], old=null
2019-11-04 16:02:51,317 [grpc-default-executor-5] INFO  impl.RaftServerImpl (RaftServerImpl.java:setRole(184)) - 81ff859e-e76f-43f5-951a-4a38422068cb@group-7855C2F36E53: changes role from  FOLLOWER to FOLLOWER at term 405 for recognizeCandidate:e3fb79a3-1f86-42af-a80c-c46d1acdbc29
2019-11-04 16:02:51,317 [grpc-default-executor-1] INFO  impl.RaftServerImpl (RaftServerImpl.java:setRole(184)) - a9143d84-6d7f-497d-b770-eb75585db3c7@group-7855C2F36E53: changes role from  FOLLOWER to FOLLOWER at term 405 for recognizeCandidate:e3fb79a3-1f86-42af-a80c-c46d1acdbc29
2019-11-04 16:02:51,317 [grpc-default-executor-1] INFO  impl.RoleInfo (RoleInfo.java:shutdownFollowerState(121)) - a9143d84-6d7f-497d-b770-eb75585db3c7: shutdown FollowerState
2019-11-04 16:02:51,317 [grpc-default-executor-5] INFO  impl.RoleInfo (RoleInfo.java:shutdownFollowerState(121)) - 81ff859e-e76f-43f5-951a-4a38422068cb: shutdown FollowerState
2019-11-04 16:02:51,317 [Thread-2681] INFO  impl.FollowerState (FollowerState.java:run(117)) - a9143d84-6d7f-497d-b770-eb75585db3c7@group-7855C2F36E53-FollowerState was interrupted: java.lang.InterruptedException: sleep interrupted
2019-11-04 16:02:51,317 [Thread-2682] INFO  impl.FollowerState (FollowerState.java:run(117)) - 81ff859e-e76f-43f5-951a-4a38422068cb@group-7855C2F36E53-FollowerState was interrupted: java.lang.InterruptedException: sleep interrupted
2019-11-04 16:02:51,317 [grpc-default-executor-1] INFO  impl.RoleInfo (RoleInfo.java:updateAndGet(143)) - a9143d84-6d7f-497d-b770-eb75585db3c7: start FollowerState
2019-11-04 16:02:51,317 [grpc-default-executor-5] INFO  impl.RoleInfo (RoleInfo.java:updateAndGet(143)) - 81ff859e-e76f-43f5-951a-4a38422068cb: start FollowerState
2019-11-04 16:02:51,343 [e3fb79a3-1f86-42af-a80c-c46d1acdbc29@group-7855C2F36E53-LeaderElection368] INFO  impl.LeaderElection (LeaderElection.java:logAndReturn(56)) - e3fb79a3-1f86-42af-a80c-c46d1acdbc29@group-7855C2F36E53-LeaderElection368: Election REJECTED; received 2 response(s) [e3fb79a3-1f86-42af-a80c-c46d1acdbc29<-81ff859e-e76f-43f5-951a-4a38422068cb#0:FAIL-t405, e3fb79a3-1f86-42af-a80c-c46d1acdbc29<-a9143d84-6d7f-497d-b770-eb75585db3c7#0:FAIL-t405] and 0 exception(s); e3fb79a3-1f86-42af-a80c-c46d1acdbc29@group-7855C2F36E53:t405, leader=null, voted=e3fb79a3-1f86-42af-a80c-c46d1acdbc29, raftlog=e3fb79a3-1f86-42af-a80c-c46d1acdbc29@group-7855C2F36E53-SegmentedRaftLog:OPENED:c-1,f-1,i0, conf=-1: [e3fb79a3-1f86-42af-a80c-c46d1acdbc29:192.168.157.194:44142, 81ff859e-e76f-43f5-951a-4a38422068cb:192.168.157.194:46532, a9143d84-6d7f-497d-b770-eb75585db3c7:192.168.157.194:42126], old=null
2019-11-04 16:02:51,343 [e3fb79a3-1f86-42af-a80c-c46d1acdbc29@group-7855C2F36E53-LeaderElection368] INFO  impl.RaftServerImpl (RaftServerImpl.java:setRole(184)) - e3fb79a3-1f86-42af-a80c-c46d1acdbc29@group-7855C2F36E53: changes role from CANDIDATE to FOLLOWER at term 405 for DISCOVERED_A_NEW_TERM
2019-11-04 16:02:51,343 [e3fb79a3-1f86-42af-a80c-c46d1acdbc29@group-7855C2F36E53-LeaderElection368] INFO  impl.RoleInfo (RoleInfo.java:shutdownLeaderElection(134)) - e3fb79a3-1f86-42af-a80c-c46d1acdbc29: shutdown LeaderElection
2019-11-04 16:02:51,344 [e3fb79a3-1f86-42af-a80c-c46d1acdbc29@group-7855C2F36E53-LeaderElection368] INFO  impl.RoleInfo (RoleInfo.java:updateAndGet(143)) - e3fb79a3-1f86-42af-a80c-c46d1acdbc29: start FollowerState
2019-11-04 16:02:51,441 [Thread-2689] INFO  impl.FollowerState (FollowerState.java:run(108)) - e3fb79a3-1f86-42af-a80c-c46d1acdbc29@group-7855C2F36E53-FollowerState: change to CANDIDATE, lastRpcTime:97ms, electionTimeout:97ms
2019-11-04 16:02:51,441 [Thread-2689] INFO  impl.RoleInfo (RoleInfo.java:shutdownFollowerState(121)) - e3fb79a3-1f86-42af-a80c-c46d1acdbc29: shutdown FollowerState
2019-11-04 16:02:51,442 [Thread-2689] INFO  impl.RaftServerImpl (RaftServerImpl.java:setRole(184)) - e3fb79a3-1f86-42af-a80c-c46d1acdbc29@group-7855C2F36E53: changes role from  FOLLOWER to CANDIDATE at term 405 for changeToCandidate
2019-11-04 16:02:51,442 [Thread-2689] INFO  impl.RoleInfo (RoleInfo.java:updateAndGet(143)) - e3fb79a3-1f86-42af-a80c-c46d1acdbc29: start LeaderElection
2019-11-04 16:02:51,457 [e3fb79a3-1f86-42af-a80c-c46d1acdbc29@group-7855C2F36E53-LeaderElection369] INFO  impl.LeaderElection (LeaderElection.java:askForVotes(178)) - e3fb79a3-1f86-42af-a80c-c46d1acdbc29@group-7855C2F36E53-LeaderElection369: begin an election at term 406 for -1: [e3fb79a3-1f86-42af-a80c-c46d1acdbc29:192.168.157.194:44142, 81ff859e-e76f-43f5-951a-4a38422068cb:192.168.157.194:46532, a9143d84-6d7f-497d-b770-eb75585db3c7:192.168.157.194:42126], old=null
2019-11-04 16:02:51,460 [grpc-default-executor-5] INFO  impl.RaftServerImpl (RaftServerImpl.java:setRole(184)) - a9143d84-6d7f-497d-b770-eb75585db3c7@group-7855C2F36E53: changes role from  FOLLOWER to FOLLOWER at term 406 for recognizeCandidate:e3fb79a3-1f86-42af-a80c-c46d1acdbc29
2019-11-04 16:02:51,460 [grpc-default-executor-1] INFO  impl.RaftServerImpl (RaftServerImpl.java:setRole(184)) - 81ff859e-e76f-43f5-951a-4a38422068cb@group-7855C2F36E53: changes role from  FOLLOWER to FOLLOWER at term 406 for recognizeCandidate:e3fb79a3-1f86-42af-a80c-c46d1acdbc29
2019-11-04 16:02:51,460 [grpc-default-executor-1] INFO  impl.RoleInfo (RoleInfo.java:shutdownFollowerState(121)) - 81ff859e-e76f-43f5-951a-4a38422068cb: shutdown FollowerState
2019-11-04 16:02:51,460 [grpc-default-executor-5] INFO  impl.RoleInfo (RoleInfo.java:shutdownFollowerState(121)) - a9143d84-6d7f-497d-b770-eb75585db3c7: shutdown FollowerState
2019-11-04 16:02:51,460 [grpc-default-executor-1] INFO  impl.RoleInfo (RoleInfo.java:updateAndGet(143)) - 81ff859e-e76f-43f5-951a-4a38422068cb: start FollowerState
2019-11-04 16:02:51,460 [Thread-2687] INFO  impl.FollowerState (FollowerState.java:run(117)) - a9143d84-6d7f-497d-b770-eb75585db3c7@group-7855C2F36E53-FollowerState was interrupted: java.lang.InterruptedException: sleep interrupted
2019-11-04 16:02:51,460 [Thread-2688] INFO  impl.FollowerState (FollowerState.java:run(117)) - 81ff859e-e76f-43f5-951a-4a38422068cb@group-7855C2F36E53-FollowerState was interrupted: java.lang.InterruptedException: sleep interrupted
2019-11-04 16:02:51,460 [grpc-default-executor-5] INFO  impl.RoleInfo (RoleInfo.java:updateAndGet(143)) - a9143d84-6d7f-497d-b770-eb75585db3c7: start FollowerState
2019-11-04 16:02:51,476 [e3fb79a3-1f86-42af-a80c-c46d1acdbc29@group-7855C2F36E53-LeaderElection369] INFO  impl.LeaderElection (LeaderElection.java:logAndReturn(56)) - e3fb79a3-1f86-42af-a80c-c46d1acdbc29@group-7855C2F36E53-LeaderElection369: Election REJECTED; received 2 response(s) [e3fb79a3-1f86-42af-a80c-c46d1acdbc29<-81ff859e-e76f-43f5-951a-4a38422068cb#0:FAIL-t406, e3fb79a3-1f86-42af-a80c-c46d1acdbc29<-a9143d84-6d7f-497d-b770-eb75585db3c7#0:FAIL-t406] and 0 exception(s); e3fb79a3-1f86-42af-a80c-c46d1acdbc29@group-7855C2F36E53:t406, leader=null, voted=e3fb79a3-1f86-42af-a80c-c46d1acdbc29, raftlog=e3fb79a3-1f86-42af-a80c-c46d1acdbc29@group-7855C2F36E53-SegmentedRaftLog:OPENED:c-1,f-1,i0, conf=-1: [e3fb79a3-1f86-42af-a80c-c46d1acdbc29:192.168.157.194:44142, 81ff859e-e76f-43f5-951a-4a38422068cb:192.168.157.194:46532, a9143d84-6d7f-497d-b770-eb75585db3c7:192.168.157.194:42126], old=null
2019-11-04 16:02:51,476 [e3fb79a3-1f86-42af-a80c-c46d1acdbc29@group-7855C2F36E53-LeaderElection369] INFO  impl.RaftServerImpl (RaftServerImpl.java:setRole(184)) - e3fb79a3-1f86-42af-a80c-c46d1acdbc29@group-7855C2F36E53: changes role from CANDIDATE to FOLLOWER at term 406 for DISCOVERED_A_NEW_TERM
2019-11-04 16:02:51,476 [e3fb79a3-1f86-42af-a80c-c46d1acdbc29@group-7855C2F36E53-LeaderElection369] INFO  impl.RoleInfo (RoleInfo.java:shutdownLeaderElection(134)) - e3fb79a3-1f86-42af-a80c-c46d1acdbc29: shutdown LeaderElection
2019-11-04 16:02:51,476 [e3fb79a3-1f86-42af-a80c-c46d1acdbc29@group-7855C2F36E53-LeaderElection369] INFO  impl.RoleInfo (RoleInfo.java:updateAndGet(143)) - e3fb79a3-1f86-42af-a80c-c46d1acdbc29: start FollowerState
2019-11-04 16:02:51,526 [Thread-2697] INFO  impl.FollowerState (FollowerState.java:run(108)) - e3fb79a3-1f86-42af-a80c-c46d1acdbc29@group-7855C2F36E53-FollowerState: change to CANDIDATE, lastRpcTime:50ms, electionTimeout:50ms
2019-11-04 16:02:51,526 [Thread-2697] INFO  impl.RoleInfo (RoleInfo.java:shutdownFollowerState(121)) - e3fb79a3-1f86-42af-a80c-c46d1acdbc29: shutdown FollowerState
2019-11-04 16:02:51,526 [Thread-2697] INFO  impl.RaftServerImpl (RaftServerImpl.java:setRole(184)) - e3fb79a3-1f86-42af-a80c-c46d1acdbc29@group-7855C2F36E53: changes role from  FOLLOWER to CANDIDATE at term 406 for changeToCandidate
2019-11-04 16:02:51,527 [Thread-2697] INFO  impl.RoleInfo (RoleInfo.java:updateAndGet(143)) - e3fb79a3-1f86-42af-a80c-c46d1acdbc29: start LeaderElection
2019-11-04 16:02:51,541 [e3fb79a3-1f86-42af-a80c-c46d1acdbc29@group-7855C2F36E53-LeaderElection370] INFO  impl.LeaderElection (LeaderElection.java:askForVotes(178)) - e3fb79a3-1f86-42af-a80c-c46d1acdbc29@group-7855C2F36E53-LeaderElection370: begin an election at term 407 for -1: [e3fb79a3-1f86-42af-a80c-c46d1acdbc29:192.168.157.194:44142, 81ff859e-e76f-43f5-951a-4a38422068cb:192.168.157.194:46532, a9143d84-6d7f-497d-b770-eb75585db3c7:192.168.157.194:42126], old=null
2019-11-04 16:02:51,543 [grpc-default-executor-5] INFO  impl.RaftServerImpl (RaftServerImpl.java:setRole(184)) - 81ff859e-e76f-43f5-951a-4a38422068cb@group-7855C2F36E53: changes role from  FOLLOWER to FOLLOWER at term 407 for recognizeCandidate:e3fb79a3-1f86-42af-a80c-c46d1acdbc29
2019-11-04 16:02:51,543 [grpc-default-executor-1] INFO  impl.RaftServerImpl (RaftServerImpl.java:setRole(184)) - a9143d84-6d7f-497d-b770-eb75585db3c7@group-7855C2F36E53: changes role from  FOLLOWER to FOLLOWER at term 407 for recognizeCandidate:e3fb79a3-1f86-42af-a80c-c46d1acdbc29
2019-11-04 16:02:51,543 [grpc-default-executor-1] INFO  impl.RoleInfo (RoleInfo.java:shutdownFollowerState(121)) - a9143d84-6d7f-497d-b770-eb75585db3c7: shutdown FollowerState
2019-11-04 16:02:51,543 [grpc-default-executor-5] INFO  impl.RoleInfo (RoleInfo.java:shutdownFollowerState(121)) - 81ff859e-e76f-43f5-951a-4a38422068cb: shutdown FollowerState
2019-11-04 16:02:51,543 [Thread-2694] INFO  impl.FollowerState (FollowerState.java:run(117)) - a9143d84-6d7f-497d-b770-eb75585db3c7@group-7855C2F36E53-FollowerState was interrupted: java.lang.InterruptedException: sleep interrupted
2019-11-04 16:02:51,543 [grpc-default-executor-1] INFO  impl.RoleInfo (RoleInfo.java:updateAndGet(143)) - a9143d84-6d7f-497d-b770-eb75585db3c7: start FollowerState
2019-11-04 16:02:51,543 [Thread-2693] INFO  impl.FollowerState (FollowerState.java:run(117)) - 81ff859e-e76f-43f5-951a-4a38422068cb@group-7855C2F36E53-FollowerState was interrupted: java.lang.InterruptedException: sleep interrupted
2019-11-04 16:02:51,543 [grpc-default-executor-5] INFO  impl.RoleInfo (RoleInfo.java:updateAndGet(143)) - 81ff859e-e76f-43f5-951a-4a38422068cb: start FollowerState
2019-11-04 16:02:51,561 [e3fb79a3-1f86-42af-a80c-c46d1acdbc29@group-7855C2F36E53-LeaderElection370] INFO  impl.LeaderElection (LeaderElection.java:logAndReturn(56)) - e3fb79a3-1f86-42af-a80c-c46d1acdbc29@group-7855C2F36E53-LeaderElection370: Election REJECTED; received 2 response(s) [e3fb79a3-1f86-42af-a80c-c46d1acdbc29<-81ff859e-e76f-43f5-951a-4a38422068cb#0:FAIL-t407, e3fb79a3-1f86-42af-a80c-c46d1acdbc29<-a9143d84-6d7f-497d-b770-eb75585db3c7#0:FAIL-t407] and 0 exception(s); e3fb79a3-1f86-42af-a80c-c46d1acdbc29@group-7855C2F36E53:t407, leader=null, voted=e3fb79a3-1f86-42af-a80c-c46d1acdbc29, raftlog=e3fb79a3-1f86-42af-a80c-c46d1acdbc29@group-7855C2F36E53-SegmentedRaftLog:OPENED:c-1,f-1,i0, conf=-1: [e3fb79a3-1f86-42af-a80c-c46d1acdbc29:192.168.157.194:44142, 81ff859e-e76f-43f5-951a-4a38422068cb:192.168.157.194:46532, a9143d84-6d7f-497d-b770-eb75585db3c7:192.168.157.194:42126], old=null
2019-11-04 16:02:51,561 [e3fb79a3-1f86-42af-a80c-c46d1acdbc29@group-7855C2F36E53-LeaderElection370] INFO  impl.RaftServerImpl (RaftServerImpl.java:setRole(184)) - e3fb79a3-1f86-42af-a80c-c46d1acdbc29@group-7855C2F36E53: changes role from CANDIDATE to FOLLOWER at term 407 for DISCOVERED_A_NEW_TERM
2019-11-04 16:02:51,561 [e3fb79a3-1f86-42af-a80c-c46d1acdbc29@group-7855C2F36E53-LeaderElection370] INFO  impl.RoleInfo (RoleInfo.java:shutdownLeaderElection(134)) - e3fb79a3-1f86-42af-a80c-c46d1acdbc29: shutdown LeaderElection
2019-11-04 16:02:51,561 [e3fb79a3-1f86-42af-a80c-c46d1acdbc29@group-7855C2F36E53-LeaderElection370] INFO  impl.RoleInfo (RoleInfo.java:updateAndGet(143)) - e3fb79a3-1f86-42af-a80c-c46d1acdbc29: start FollowerState
2019-11-04 16:02:51,723 [Thread-2703] INFO  impl.FollowerState (FollowerState.java:run(108)) - e3fb79a3-1f86-42af-a80c-c46d1acdbc29@group-7855C2F36E53-FollowerState: change to CANDIDATE, lastRpcTime:162ms, electionTimeout:162ms
2019-11-04 16:02:51,724 [Thread-2703] INFO  impl.RoleInfo (RoleInfo.java:shutdownFollowerState(121)) - e3fb79a3-1f86-42af-a80c-c46d1acdbc29: shutdown FollowerState
2019-11-04 16:02:51,724 [Thread-2703] INFO  impl.RaftServerImpl (RaftServerImpl.java:setRole(184)) - e3fb79a3-1f86-42af-a80c-c46d1acdbc29@group-7855C2F36E53: changes role from  FOLLOWER to CANDIDATE at term 407 for changeToCandidate
2019-11-04 16:02:51,724 [Thread-2703] INFO  impl.RoleInfo (RoleInfo.java:updateAndGet(143)) - e3fb79a3-1f86-42af-a80c-c46d1acdbc29: start LeaderElection
2019-11-04 16:02:51,751 [e3fb79a3-1f86-42af-a80c-c46d1acdbc29@group-7855C2F36E53-LeaderElection371] INFO  impl.LeaderElection (LeaderElection.java:askForVotes(178)) - e3fb79a3-1f86-42af-a80c-c46d1acdbc29@group-7855C2F36E53-LeaderElection371: begin an election at term 408 for -1: [e3fb79a3-1f86-42af-a80c-c46d1acdbc29:192.168.157.194:44142, 81ff859e-e76f-43f5-951a-4a38422068cb:192.168.157.194:46532, a9143d84-6d7f-497d-b770-eb75585db3c7:192.168.157.194:42126], old=null
2019-11-04 16:02:51,753 [grpc-default-executor-5] INFO  impl.RaftServerImpl (RaftServerImpl.java:setRole(184)) - 81ff859e-e76f-43f5-951a-4a38422068cb@group-7855C2F36E53: changes role from  FOLLOWER to FOLLOWER at term 408 for recognizeCandidate:e3fb79a3-1f86-42af-a80c-c46d1acdbc29
2019-11-04 16:02:51,753 [grpc-default-executor-5] INFO  impl.RoleInfo (RoleInfo.java:shutdownFollowerState(121)) - 81ff859e-e76f-43f5-951a-4a38422068cb: shutdown FollowerState
2019-11-04 16:02:51,753 [grpc-default-executor-5] INFO  impl.RoleInfo (RoleInfo.java:updateAndGet(143)) - 81ff859e-e76f-43f5-951a-4a38422068cb: start FollowerState
2019-11-04 16:02:51,753 [Thread-2702] INFO  impl.FollowerState (FollowerState.java:run(117)) - 81ff859e-e76f-43f5-951a-4a38422068cb@group-7855C2F36E53-FollowerState was interrupted: java.lang.InterruptedException: sleep interrupted
2019-11-04 16:02:51,753 [grpc-default-executor-4] INFO  impl.RaftServerImpl (RaftServerImpl.java:setRole(184)) - a9143d84-6d7f-497d-b770-eb75585db3c7@group-7855C2F36E53: changes role from  FOLLOWER to FOLLOWER at term 408 for recognizeCandidate:e3fb79a3-1f86-42af-a80c-c46d1acdbc29
2019-11-04 16:02:51,753 [grpc-default-executor-4] INFO  impl.RoleInfo (RoleInfo.java:shutdownFollowerState(121)) - a9143d84-6d7f-497d-b770-eb75585db3c7: shutdown FollowerState
2019-11-04 16:02:51,753 [grpc-default-executor-4] INFO  impl.RoleInfo (RoleInfo.java:updateAndGet(143)) - a9143d84-6d7f-497d-b770-eb75585db3c7: start FollowerState
2019-11-04 16:02:51,754 [Thread-2701] INFO  impl.FollowerState (FollowerState.java:run(117)) - a9143d84-6d7f-497d-b770-eb75585db3c7@group-7855C2F36E53-FollowerState was interrupted: java.lang.InterruptedException: sleep interrupted
2019-11-04 16:02:51,767 [e3fb79a3-1f86-42af-a80c-c46d1acdbc29@group-7855C2F36E53-LeaderElection371] INFO  impl.LeaderElection (LeaderElection.java:logAndReturn(56)) - e3fb79a3-1f86-42af-a80c-c46d1acdbc29@group-7855C2F36E53-LeaderElection371: Election REJECTED; received 2 response(s) [e3fb79a3-1f86-42af-a80c-c46d1acdbc29<-81ff859e-e76f-43f5-951a-4a38422068cb#0:FAIL-t408, e3fb79a3-1f86-42af-a80c-c46d1acdbc29<-a9143d84-6d7f-497d-b770-eb75585db3c7#0:FAIL-t408] and 0 exception(s); e3fb79a3-1f86-42af-a80c-c46d1acdbc29@group-7855C2F36E53:t408, leader=null, voted=e3fb79a3-1f86-42af-a80c-c46d1acdbc29, raftlog=e3fb79a3-1f86-42af-a80c-c46d1acdbc29@group-7855C2F36E53-SegmentedRaftLog:OPENED:c-1,f-1,i0, conf=-1: [e3fb79a3-1f86-42af-a80c-c46d1acdbc29:192.168.157.194:44142, 81ff859e-e76f-43f5-951a-4a38422068cb:192.168.157.194:46532, a9143d84-6d7f-497d-b770-eb75585db3c7:192.168.157.194:42126], old=null
2019-11-04 16:02:51,767 [e3fb79a3-1f86-42af-a80c-c46d1acdbc29@group-7855C2F36E53-LeaderElection371] INFO  impl.RaftServerImpl (RaftServerImpl.java:setRole(184)) - e3fb79a3-1f86-42af-a80c-c46d1acdbc29@group-7855C2F36E53: changes role from CANDIDATE to FOLLOWER at term 408 for DISCOVERED_A_NEW_TERM
2019-11-04 16:02:51,767 [e3fb79a3-1f86-42af-a80c-c46d1acdbc29@group-7855C2F36E53-LeaderElection371] INFO  impl.RoleInfo (RoleInfo.java:shutdownLeaderElection(134)) - e3fb79a3-1f86-42af-a80c-c46d1acdbc29: shutdown LeaderElection
2019-11-04 16:02:51,767 [e3fb79a3-1f86-42af-a80c-c46d1acdbc29@group-7855C2F36E53-LeaderElection371] INFO  impl.RoleInfo (RoleInfo.java:updateAndGet(143)) - e3fb79a3-1f86-42af-a80c-c46d1acdbc29: start FollowerState
2019-11-04 16:02:51,801 [Thread-2709] INFO  impl.FollowerState (FollowerState.java:run(108)) - e3fb79a3-1f86-42af-a80c-c46d1acdbc29@group-7855C2F36E53-FollowerState: change to CANDIDATE, lastRpcTime:33ms, electionTimeout:33ms
2019-11-04 16:02:51,801 [Thread-2709] INFO  impl.RoleInfo (RoleInfo.java:shutdownFollowerState(121)) - e3fb79a3-1f86-42af-a80c-c46d1acdbc29: shutdown FollowerState
2019-11-04 16:02:51,801 [Thread-2709] INFO  impl.RaftServerImpl (RaftServerImpl.java:setRole(184)) - e3fb79a3-1f86-42af-a80c-c46d1acdbc29@group-7855C2F36E53: changes role from  FOLLOWER to CANDIDATE at term 408 for changeToCandidate
2019-11-04 16:02:51,801 [Thread-2709] INFO  impl.RoleInfo (RoleInfo.java:updateAndGet(143)) - e3fb79a3-1f86-42af-a80c-c46d1acdbc29: start LeaderElection
2019-11-04 16:02:51,815 [e3fb79a3-1f86-42af-a80c-c46d1acdbc29@group-7855C2F36E53-LeaderElection372] INFO  impl.LeaderElection (LeaderElection.java:askForVotes(178)) - e3fb79a3-1f86-42af-a80c-c46d1acdbc29@group-7855C2F36E53-LeaderElection372: begin an election at term 409 for -1: [e3fb79a3-1f86-42af-a80c-c46d1acdbc29:192.168.157.194:44142, 81ff859e-e76f-43f5-951a-4a38422068cb:192.168.157.194:46532, a9143d84-6d7f-497d-b770-eb75585db3c7:192.168.157.194:42126], old=null
2019-11-04 16:02:51,816 [grpc-default-executor-4] INFO  impl.RaftServerImpl (RaftServerImpl.java:setRole(184)) - 81ff859e-e76f-43f5-951a-4a38422068cb@group-7855C2F36E53: changes role from  FOLLOWER to FOLLOWER at term 409 for recognizeCandidate:e3fb79a3-1f86-42af-a80c-c46d1acdbc29
2019-11-04 16:02:51,816 [grpc-default-executor-4] INFO  impl.RoleInfo (RoleInfo.java:shutdownFollowerState(121)) - 81ff859e-e76f-43f5-951a-4a38422068cb: shutdown FollowerState
2019-11-04 16:02:51,816 [grpc-default-executor-4] INFO  impl.RoleInfo (RoleInfo.java:updateAndGet(143)) - 81ff859e-e76f-43f5-951a-4a38422068cb: start FollowerState
2019-11-04 16:02:51,816 [Thread-2707] INFO  impl.FollowerState (FollowerState.java:run(117)) - 81ff859e-e76f-43f5-951a-4a38422068cb@group-7855C2F36E53-FollowerState was interrupted: java.lang.InterruptedException: sleep interrupted
2019-11-04 16:02:51,816 [grpc-default-executor-5] INFO  impl.RaftServerImpl (RaftServerImpl.java:setRole(184)) - a9143d84-6d7f-497d-b770-eb75585db3c7@group-7855C2F36E53: changes role from  FOLLOWER to FOLLOWER at term 409 for recognizeCandidate:e3fb79a3-1f86-42af-a80c-c46d1acdbc29
2019-11-04 16:02:51,817 [grpc-default-executor-5] INFO  impl.RoleInfo (RoleInfo.java:shutdownFollowerState(121)) - a9143d84-6d7f-497d-b770-eb75585db3c7: shutdown FollowerState
2019-11-04 16:02:51,817 [grpc-default-executor-5] INFO  impl.RoleInfo (RoleInfo.java:updateAndGet(143)) - a9143d84-6d7f-497d-b770-eb75585db3c7: start FollowerState
2019-11-04 16:02:51,817 [Thread-2708] INFO  impl.FollowerState (FollowerState.java:run(117)) - a9143d84-6d7f-497d-b770-eb75585db3c7@group-7855C2F36E53-FollowerState was interrupted: java.lang.InterruptedException: sleep interrupted
2019-11-04 16:02:51,833 [e3fb79a3-1f86-42af-a80c-c46d1acdbc29@group-7855C2F36E53-LeaderElection372] INFO  impl.LeaderElection (LeaderElection.java:logAndReturn(56)) - e3fb79a3-1f86-42af-a80c-c46d1acdbc29@group-7855C2F36E53-LeaderElection372: Election REJECTED; received 2 response(s) [e3fb79a3-1f86-42af-a80c-c46d1acdbc29<-81ff859e-e76f-43f5-951a-4a38422068cb#0:FAIL-t409, e3fb79a3-1f86-42af-a80c-c46d1acdbc29<-a9143d84-6d7f-497d-b770-eb75585db3c7#0:FAIL-t409] and 0 exception(s); e3fb79a3-1f86-42af-a80c-c46d1acdbc29@group-7855C2F36E53:t409, leader=null, voted=e3fb79a3-1f86-42af-a80c-c46d1acdbc29, raftlog=e3fb79a3-1f86-42af-a80c-c46d1acdbc29@group-7855C2F36E53-SegmentedRaftLog:OPENED:c-1,f-1,i0, conf=-1: [e3fb79a3-1f86-42af-a80c-c46d1acdbc29:192.168.157.194:44142, 81ff859e-e76f-43f5-951a-4a38422068cb:192.168.157.194:46532, a9143d84-6d7f-497d-b770-eb75585db3c7:192.168.157.194:42126], old=null
2019-11-04 16:02:51,833 [e3fb79a3-1f86-42af-a80c-c46d1acdbc29@group-7855C2F36E53-LeaderElection372] INFO  impl.RaftServerImpl (RaftServerImpl.java:setRole(184)) - e3fb79a3-1f86-42af-a80c-c46d1acdbc29@group-7855C2F36E53: changes role from CANDIDATE to FOLLOWER at term 409 for DISCOVERED_A_NEW_TERM
2019-11-04 16:02:51,833 [e3fb79a3-1f86-42af-a80c-c46d1acdbc29@group-7855C2F36E53-LeaderElection372] INFO  impl.RoleInfo (RoleInfo.java:shutdownLeaderElection(134)) - e3fb79a3-1f86-42af-a80c-c46d1acdbc29: shutdown LeaderElection
2019-11-04 16:02:51,834 [e3fb79a3-1f86-42af-a80c-c46d1acdbc29@group-7855C2F36E53-LeaderElection372] INFO  impl.RoleInfo (RoleInfo.java:updateAndGet(143)) - e3fb79a3-1f86-42af-a80c-c46d1acdbc29: start FollowerState
2019-11-04 16:02:52,017 [Thread-2715] INFO  impl.FollowerState (FollowerState.java:run(108)) - e3fb79a3-1f86-42af-a80c-c46d1acdbc29@group-7855C2F36E53-FollowerState: change to CANDIDATE, lastRpcTime:183ms, electionTimeout:183ms
2019-11-04 16:02:52,017 [Thread-2715] INFO  impl.RoleInfo (RoleInfo.java:shutdownFollowerState(121)) - e3fb79a3-1f86-42af-a80c-c46d1acdbc29: shutdown FollowerState
2019-11-04 16:02:52,017 [Thread-2715] INFO  impl.RaftServerImpl (RaftServerImpl.java:setRole(184)) - e3fb79a3-1f86-42af-a80c-c46d1acdbc29@group-7855C2F36E53: changes role from  FOLLOWER to CANDIDATE at term 409 for changeToCandidate
2019-11-04 16:02:52,018 [Thread-2715] INFO  impl.RoleInfo (RoleInfo.java:updateAndGet(143)) - e3fb79a3-1f86-42af-a80c-c46d1acdbc29: start LeaderElection
2019-11-04 16:02:52,043 [e3fb79a3-1f86-42af-a80c-c46d1acdbc29@group-7855C2F36E53-LeaderElection373] INFO  impl.LeaderElection (LeaderElection.java:askForVotes(178)) - e3fb79a3-1f86-42af-a80c-c46d1acdbc29@group-7855C2F36E53-LeaderElection373: begin an election at term 410 for -1: [e3fb79a3-1f86-42af-a80c-c46d1acdbc29:192.168.157.194:44142, 81ff859e-e76f-43f5-951a-4a38422068cb:192.168.157.194:46532, a9143d84-6d7f-497d-b770-eb75585db3c7:192.168.157.194:42126], old=null
2019-11-04 16:02:52,045 [grpc-default-executor-5] INFO  impl.RaftServerImpl (RaftServerImpl.java:setRole(184)) - 81ff859e-e76f-43f5-951a-4a38422068cb@group-7855C2F36E53: changes role from  FOLLOWER to FOLLOWER at term 410 for recognizeCandidate:e3fb79a3-1f86-42af-a80c-c46d1acdbc29
2019-11-04 16:02:52,045 [grpc-default-executor-4] INFO  impl.RaftServerImpl (RaftServerImpl.java:setRole(184)) - a9143d84-6d7f-497d-b770-eb75585db3c7@group-7855C2F36E53: changes role from  FOLLOWER to FOLLOWER at term 410 for recognizeCandidate:e3fb79a3-1f86-42af-a80c-c46d1acdbc29
2019-11-04 16:02:52,045 [grpc-default-executor-5] INFO  impl.RoleInfo (RoleInfo.java:shutdownFollowerState(121)) - 81ff859e-e76f-43f5-951a-4a38422068cb: shutdown FollowerState
2019-11-04 16:02:52,045 [grpc-default-executor-4] INFO  impl.RoleInfo (RoleInfo.java:shutdownFollowerState(121)) - a9143d84-6d7f-497d-b770-eb75585db3c7: shutdown FollowerState
2019-11-04 16:02:52,046 [Thread-2713] INFO  impl.FollowerState (FollowerState.java:run(117)) - 81ff859e-e76f-43f5-951a-4a38422068cb@group-7855C2F36E53-FollowerState was interrupted: java.lang.InterruptedException: sleep interrupted
2019-11-04 16:02:52,046 [grpc-default-executor-5] INFO  impl.RoleInfo (RoleInfo.java:updateAndGet(143)) - 81ff859e-e76f-43f5-951a-4a38422068cb: start FollowerState
2019-11-04 16:02:52,046 [grpc-default-executor-4] INFO  impl.RoleInfo (RoleInfo.java:updateAndGet(143)) - a9143d84-6d7f-497d-b770-eb75585db3c7: start FollowerState
2019-11-04 16:02:52,046 [Thread-2714] INFO  impl.FollowerState (FollowerState.java:run(117)) - a9143d84-6d7f-497d-b770-eb75585db3c7@group-7855C2F36E53-FollowerState was interrupted: java.lang.InterruptedException: sleep interrupted
2019-11-04 16:02:52,061 [e3fb79a3-1f86-42af-a80c-c46d1acdbc29@group-7855C2F36E53-LeaderElection373] INFO  impl.LeaderElection (LeaderElection.java:logAndReturn(56)) - e3fb79a3-1f86-42af-a80c-c46d1acdbc29@group-7855C2F36E53-LeaderElection373: Election REJECTED; received 2 response(s) [e3fb79a3-1f86-42af-a80c-c46d1acdbc29<-81ff859e-e76f-43f5-951a-4a38422068cb#0:FAIL-t410, e3fb79a3-1f86-42af-a80c-c46d1acdbc29<-a9143d84-6d7f-497d-b770-eb75585db3c7#0:FAIL-t410] and 0 exception(s); e3fb79a3-1f86-42af-a80c-c46d1acdbc29@group-7855C2F36E53:t410, leader=null, voted=e3fb79a3-1f86-42af-a80c-c46d1acdbc29, raftlog=e3fb79a3-1f86-42af-a80c-c46d1acdbc29@group-7855C2F36E53-SegmentedRaftLog:OPENED:c-1,f-1,i0, conf=-1: [e3fb79a3-1f86-42af-a80c-c46d1acdbc29:192.168.157.194:44142, 81ff859e-e76f-43f5-951a-4a38422068cb:192.168.157.194:46532, a9143d84-6d7f-497d-b770-eb75585db3c7:192.168.157.194:42126], old=null
2019-11-04 16:02:52,061 [e3fb79a3-1f86-42af-a80c-c46d1acdbc29@group-7855C2F36E53-LeaderElection373] INFO  impl.RaftServerImpl (RaftServerImpl.java:setRole(184)) - e3fb79a3-1f86-42af-a80c-c46d1acdbc29@group-7855C2F36E53: changes role from CANDIDATE to FOLLOWER at term 410 for DISCOVERED_A_NEW_TERM
2019-11-04 16:02:52,061 [e3fb79a3-1f86-42af-a80c-c46d1acdbc29@group-7855C2F36E53-LeaderElection373] INFO  impl.RoleInfo (RoleInfo.java:shutdownLeaderElection(134)) - e3fb79a3-1f86-42af-a80c-c46d1acdbc29: shutdown LeaderElection
2019-11-04 16:02:52,061 [e3fb79a3-1f86-42af-a80c-c46d1acdbc29@group-7855C2F36E53-LeaderElection373] INFO  impl.RoleInfo (RoleInfo.java:updateAndGet(143)) - e3fb79a3-1f86-42af-a80c-c46d1acdbc29: start FollowerState
2019-11-04 16:02:52,262 [Thread-2721] INFO  impl.FollowerState (FollowerState.java:run(108)) - e3fb79a3-1f86-42af-a80c-c46d1acdbc29@group-7855C2F36E53-FollowerState: change to CANDIDATE, lastRpcTime:200ms, electionTimeout:200ms
2019-11-04 16:02:52,262 [Thread-2721] INFO  impl.RoleInfo (RoleInfo.java:shutdownFollowerState(121)) - e3fb79a3-1f86-42af-a80c-c46d1acdbc29: shutdown FollowerState
2019-11-04 16:02:52,262 [Thread-2721] INFO  impl.RaftServerImpl (RaftServerImpl.java:setRole(184)) - e3fb79a3-1f86-42af-a80c-c46d1acdbc29@group-7855C2F36E53: changes role from  FOLLOWER to CANDIDATE at term 410 for changeToCandidate
2019-11-04 16:02:52,262 [Thread-2721] INFO  impl.RoleInfo (RoleInfo.java:updateAndGet(143)) - e3fb79a3-1f86-42af-a80c-c46d1acdbc29: start LeaderElection
2019-11-04 16:02:52,276 [e3fb79a3-1f86-42af-a80c-c46d1acdbc29@group-7855C2F36E53-LeaderElection374] INFO  impl.LeaderElection (LeaderElection.java:askForVotes(178)) - e3fb79a3-1f86-42af-a80c-c46d1acdbc29@group-7855C2F36E53-LeaderElection374: begin an election at term 411 for -1: [e3fb79a3-1f86-42af-a80c-c46d1acdbc29:192.168.157.194:44142, 81ff859e-e76f-43f5-951a-4a38422068cb:192.168.157.194:46532, a9143d84-6d7f-497d-b770-eb75585db3c7:192.168.157.194:42126], old=null
2019-11-04 16:02:52,282 [grpc-default-executor-5] INFO  impl.RaftServerImpl (RaftServerImpl.java:setRole(184)) - 81ff859e-e76f-43f5-951a-4a38422068cb@group-7855C2F36E53: changes role from  FOLLOWER to FOLLOWER at term 411 for recognizeCandidate:e3fb79a3-1f86-42af-a80c-c46d1acdbc29
2019-11-04 16:02:52,282 [grpc-default-executor-5] INFO  impl.RoleInfo (RoleInfo.java:shutdownFollowerState(121)) - 81ff859e-e76f-43f5-951a-4a38422068cb: shutdown FollowerState
2019-11-04 16:02:52,282 [grpc-default-executor-4] INFO  impl.RaftServerImpl (RaftServerImpl.java:setRole(184)) - a9143d84-6d7f-497d-b770-eb75585db3c7@group-7855C2F36E53: changes role from  FOLLOWER to FOLLOWER at term 411 for recognizeCandidate:e3fb79a3-1f86-42af-a80c-c46d1acdbc29
2019-11-04 16:02:52,282 [grpc-default-executor-4] INFO  impl.RoleInfo (RoleInfo.java:shutdownFollowerState(121)) - a9143d84-6d7f-497d-b770-eb75585db3c7: shutdown FollowerState
2019-11-04 16:02:52,282 [grpc-default-executor-4] INFO  impl.RoleInfo (RoleInfo.java:updateAndGet(143)) - a9143d84-6d7f-497d-b770-eb75585db3c7: start FollowerState
2019-11-04 16:02:52,282 [Thread-2719] INFO  impl.FollowerState (FollowerState.java:run(117)) - 81ff859e-e76f-43f5-951a-4a38422068cb@group-7855C2F36E53-FollowerState was interrupted: java.lang.InterruptedException: sleep interrupted
2019-11-04 16:02:52,282 [grpc-default-executor-5] INFO  impl.RoleInfo (RoleInfo.java:updateAndGet(143)) - 81ff859e-e76f-43f5-951a-4a38422068cb: start FollowerState
2019-11-04 16:02:52,282 [Thread-2720] INFO  impl.FollowerState (FollowerState.java:run(117)) - a9143d84-6d7f-497d-b770-eb75585db3c7@group-7855C2F36E53-FollowerState was interrupted: java.lang.InterruptedException: sleep interrupted
2019-11-04 16:02:52,310 [e3fb79a3-1f86-42af-a80c-c46d1acdbc29@group-7855C2F36E53-LeaderElection374] INFO  impl.LeaderElection (LeaderElection.java:logAndReturn(56)) - e3fb79a3-1f86-42af-a80c-c46d1acdbc29@group-7855C2F36E53-LeaderElection374: Election REJECTED; received 2 response(s) [e3fb79a3-1f86-42af-a80c-c46d1acdbc29<-81ff859e-e76f-43f5-951a-4a38422068cb#0:FAIL-t411, e3fb79a3-1f86-42af-a80c-c46d1acdbc29<-a9143d84-6d7f-497d-b770-eb75585db3c7#0:FAIL-t411] and 0 exception(s); e3fb79a3-1f86-42af-a80c-c46d1acdbc29@group-7855C2F36E53:t411, leader=null, voted=e3fb79a3-1f86-42af-a80c-c46d1acdbc29, raftlog=e3fb79a3-1f86-42af-a80c-c46d1acdbc29@group-7855C2F36E53-SegmentedRaftLog:OPENED:c-1,f-1,i0, conf=-1: [e3fb79a3-1f86-42af-a80c-c46d1acdbc29:192.168.157.194:44142, 81ff859e-e76f-43f5-951a-4a38422068cb:192.168.157.194:46532, a9143d84-6d7f-497d-b770-eb75585db3c7:192.168.157.194:42126], old=null
2019-11-04 16:02:52,310 [e3fb79a3-1f86-42af-a80c-c46d1acdbc29@group-7855C2F36E53-LeaderElection374] INFO  impl.RaftServerImpl (RaftServerImpl.java:setRole(184)) - e3fb79a3-1f86-42af-a80c-c46d1acdbc29@group-7855C2F36E53: changes role from CANDIDATE to FOLLOWER at term 411 for DISCOVERED_A_NEW_TERM
2019-11-04 16:02:52,310 [e3fb79a3-1f86-42af-a80c-c46d1acdbc29@group-7855C2F36E53-LeaderElection374] INFO  impl.RoleInfo (RoleInfo.java:shutdownLeaderElection(134)) - e3fb79a3-1f86-42af-a80c-c46d1acdbc29: shutdown LeaderElection
2019-11-04 16:02:52,310 [e3fb79a3-1f86-42af-a80c-c46d1acdbc29@group-7855C2F36E53-LeaderElection374] INFO  impl.RoleInfo (RoleInfo.java:updateAndGet(143)) - e3fb79a3-1f86-42af-a80c-c46d1acdbc29: start FollowerState
2019-11-04 16:02:52,434 [Thread-2727] INFO  impl.FollowerState (FollowerState.java:run(108)) - e3fb79a3-1f86-42af-a80c-c46d1acdbc29@group-7855C2F36E53-FollowerState: change to CANDIDATE, lastRpcTime:124ms, electionTimeout:124ms
2019-11-04 16:02:52,435 [Thread-2727] INFO  impl.RoleInfo (RoleInfo.java:shutdownFollowerState(121)) - e3fb79a3-1f86-42af-a80c-c46d1acdbc29: shutdown FollowerState
2019-11-04 16:02:52,435 [Thread-2727] INFO  impl.RaftServerImpl (RaftServerImpl.java:setRole(184)) - e3fb79a3-1f86-42af-a80c-c46d1acdbc29@group-7855C2F36E53: changes role from  FOLLOWER to CANDIDATE at term 411 for changeToCandidate
2019-11-04 16:02:52,435 [Thread-2727] INFO  impl.RoleInfo (RoleInfo.java:updateAndGet(143)) - e3fb79a3-1f86-42af-a80c-c46d1acdbc29: start LeaderElection
2019-11-04 16:02:52,460 [e3fb79a3-1f86-42af-a80c-c46d1acdbc29@group-7855C2F36E53-LeaderElection375] INFO  impl.LeaderElection (LeaderElection.java:askForVotes(178)) - e3fb79a3-1f86-42af-a80c-c46d1acdbc29@group-7855C2F36E53-LeaderElection375: begin an election at term 412 for -1: [e3fb79a3-1f86-42af-a80c-c46d1acdbc29:192.168.157.194:44142, 81ff859e-e76f-43f5-951a-4a38422068cb:192.168.157.194:46532, a9143d84-6d7f-497d-b770-eb75585db3c7:192.168.157.194:42126], old=null
2019-11-04 16:02:52,462 [grpc-default-executor-4] INFO  impl.RaftServerImpl (RaftServerImpl.java:setRole(184)) - 81ff859e-e76f-43f5-951a-4a38422068cb@group-7855C2F36E53: changes role from  FOLLOWER to FOLLOWER at term 412 for recognizeCandidate:e3fb79a3-1f86-42af-a80c-c46d1acdbc29
2019-11-04 16:02:52,462 [grpc-default-executor-5] INFO  impl.RaftServerImpl (RaftServerImpl.java:setRole(184)) - a9143d84-6d7f-497d-b770-eb75585db3c7@group-7855C2F36E53: changes role from  FOLLOWER to FOLLOWER at term 412 for recognizeCandidate:e3fb79a3-1f86-42af-a80c-c46d1acdbc29
2019-11-04 16:02:52,462 [grpc-default-executor-5] INFO  impl.RoleInfo (RoleInfo.java:shutdownFollowerState(121)) - a9143d84-6d7f-497d-b770-eb75585db3c7: shutdown FollowerState
2019-11-04 16:02:52,462 [grpc-default-executor-4] INFO  impl.RoleInfo (RoleInfo.java:shutdownFollowerState(121)) - 81ff859e-e76f-43f5-951a-4a38422068cb: shutdown FollowerState
2019-11-04 16:02:52,462 [grpc-default-executor-5] INFO  impl.RoleInfo (RoleInfo.java:updateAndGet(143)) - a9143d84-6d7f-497d-b770-eb75585db3c7: start FollowerState
2019-11-04 16:02:52,463 [Thread-2726] INFO  impl.FollowerState (FollowerState.java:run(117)) - a9143d84-6d7f-497d-b770-eb75585db3c7@group-7855C2F36E53-FollowerState was interrupted: java.lang.InterruptedException: sleep interrupted
2019-11-04 16:02:52,463 [Thread-2725] INFO  impl.FollowerState (FollowerState.java:run(117)) - 81ff859e-e76f-43f5-951a-4a38422068cb@group-7855C2F36E53-FollowerState was interrupted: java.lang.InterruptedException: sleep interrupted
2019-11-04 16:02:52,463 [grpc-default-executor-4] INFO  impl.RoleInfo (RoleInfo.java:updateAndGet(143)) - 81ff859e-e76f-43f5-951a-4a38422068cb: start FollowerState
2019-11-04 16:02:52,478 [e3fb79a3-1f86-42af-a80c-c46d1acdbc29@group-7855C2F36E53-LeaderElection375] INFO  impl.LeaderElection (LeaderElection.java:logAndReturn(56)) - e3fb79a3-1f86-42af-a80c-c46d1acdbc29@group-7855C2F36E53-LeaderElection375: Election REJECTED; received 2 response(s) [e3fb79a3-1f86-42af-a80c-c46d1acdbc29<-81ff859e-e76f-43f5-951a-4a38422068cb#0:FAIL-t412, e3fb79a3-1f86-42af-a80c-c46d1acdbc29<-a9143d84-6d7f-497d-b770-eb75585db3c7#0:FAIL-t412] and 0 exception(s); e3fb79a3-1f86-42af-a80c-c46d1acdbc29@group-7855C2F36E53:t412, leader=null, voted=e3fb79a3-1f86-42af-a80c-c46d1acdbc29, raftlog=e3fb79a3-1f86-42af-a80c-c46d1acdbc29@group-7855C2F36E53-SegmentedRaftLog:OPENED:c-1,f-1,i0, conf=-1: [e3fb79a3-1f86-42af-a80c-c46d1acdbc29:192.168.157.194:44142, 81ff859e-e76f-43f5-951a-4a38422068cb:192.168.157.194:46532, a9143d84-6d7f-497d-b770-eb75585db3c7:192.168.157.194:42126], old=null
2019-11-04 16:02:52,478 [e3fb79a3-1f86-42af-a80c-c46d1acdbc29@group-7855C2F36E53-LeaderElection375] INFO  impl.RaftServerImpl (RaftServerImpl.java:setRole(184)) - e3fb79a3-1f86-42af-a80c-c46d1acdbc29@group-7855C2F36E53: changes role from CANDIDATE to FOLLOWER at term 412 for DISCOVERED_A_NEW_TERM
2019-11-04 16:02:52,479 [e3fb79a3-1f86-42af-a80c-c46d1acdbc29@group-7855C2F36E53-LeaderElection375] INFO  impl.RoleInfo (RoleInfo.java:shutdownLeaderElection(134)) - e3fb79a3-1f86-42af-a80c-c46d1acdbc29: shutdown LeaderElection
2019-11-04 16:02:52,479 [e3fb79a3-1f86-42af-a80c-c46d1acdbc29@group-7855C2F36E53-LeaderElection375] INFO  impl.RoleInfo (RoleInfo.java:updateAndGet(143)) - e3fb79a3-1f86-42af-a80c-c46d1acdbc29: start FollowerState
2019-11-04 16:02:52,631 [Thread-2735] INFO  impl.FollowerState (FollowerState.java:run(108)) - e3fb79a3-1f86-42af-a80c-c46d1acdbc29@group-7855C2F36E53-FollowerState: change to CANDIDATE, lastRpcTime:152ms, electionTimeout:152ms
2019-11-04 16:02:52,631 [Thread-2735] INFO  impl.RoleInfo (RoleInfo.java:shutdownFollowerState(121)) - e3fb79a3-1f86-42af-a80c-c46d1acdbc29: shutdown FollowerState
2019-11-04 16:02:52,631 [Thread-2735] INFO  impl.RaftServerImpl (RaftServerImpl.java:setRole(184)) - e3fb79a3-1f86-42af-a80c-c46d1acdbc29@group-7855C2F36E53: changes role from  FOLLOWER to CANDIDATE at term 412 for changeToCandidate
2019-11-04 16:02:52,632 [Thread-2735] INFO  impl.RoleInfo (RoleInfo.java:updateAndGet(143)) - e3fb79a3-1f86-42af-a80c-c46d1acdbc29: start LeaderElection
2019-11-04 16:02:52,646 [e3fb79a3-1f86-42af-a80c-c46d1acdbc29@group-7855C2F36E53-LeaderElection376] INFO  impl.LeaderElection (LeaderElection.java:askForVotes(178)) - e3fb79a3-1f86-42af-a80c-c46d1acdbc29@group-7855C2F36E53-LeaderElection376: begin an election at term 413 for -1: [e3fb79a3-1f86-42af-a80c-c46d1acdbc29:192.168.157.194:44142, 81ff859e-e76f-43f5-951a-4a38422068cb:192.168.157.194:46532, a9143d84-6d7f-497d-b770-eb75585db3c7:192.168.157.194:42126], old=null
2019-11-04 16:02:52,648 [grpc-default-executor-5] INFO  impl.RaftServerImpl (RaftServerImpl.java:setRole(184)) - 81ff859e-e76f-43f5-951a-4a38422068cb@group-7855C2F36E53: changes role from  FOLLOWER to FOLLOWER at term 413 for recognizeCandidate:e3fb79a3-1f86-42af-a80c-c46d1acdbc29
2019-11-04 16:02:52,648 [grpc-default-executor-4] INFO  impl.RaftServerImpl (RaftServerImpl.java:setRole(184)) - a9143d84-6d7f-497d-b770-eb75585db3c7@group-7855C2F36E53: changes role from  FOLLOWER to FOLLOWER at term 413 for recognizeCandidate:e3fb79a3-1f86-42af-a80c-c46d1acdbc29
2019-11-04 16:02:52,648 [grpc-default-executor-5] INFO  impl.RoleInfo (RoleInfo.java:shutdownFollowerState(121)) - 81ff859e-e76f-43f5-951a-4a38422068cb: shutdown FollowerState
2019-11-04 16:02:52,648 [grpc-default-executor-4] INFO  impl.RoleInfo (RoleInfo.java:shutdownFollowerState(121)) - a9143d84-6d7f-497d-b770-eb75585db3c7: shutdown FollowerState
2019-11-04 16:02:52,648 [Thread-2732] INFO  impl.FollowerState (FollowerState.java:run(117)) - 81ff859e-e76f-43f5-951a-4a38422068cb@group-7855C2F36E53-FollowerState was interrupted: java.lang.InterruptedException: sleep interrupted
2019-11-04 16:02:52,648 [Thread-2731] INFO  impl.FollowerState (FollowerState.java:run(117)) - a9143d84-6d7f-497d-b770-eb75585db3c7@group-7855C2F36E53-FollowerState was interrupted: java.lang.InterruptedException: sleep interrupted
2019-11-04 16:02:52,648 [grpc-default-executor-5] INFO  impl.RoleInfo (RoleInfo.java:updateAndGet(143)) - 81ff859e-e76f-43f5-951a-4a38422068cb: start FollowerState
2019-11-04 16:02:52,648 [grpc-default-executor-4] INFO  impl.RoleInfo (RoleInfo.java:updateAndGet(143)) - a9143d84-6d7f-497d-b770-eb75585db3c7: start FollowerState
2019-11-04 16:02:52,671 [e3fb79a3-1f86-42af-a80c-c46d1acdbc29@group-7855C2F36E53-LeaderElection376] INFO  impl.LeaderElection (LeaderElection.java:logAndReturn(56)) - e3fb79a3-1f86-42af-a80c-c46d1acdbc29@group-7855C2F36E53-LeaderElection376: Election REJECTED; received 2 response(s) [e3fb79a3-1f86-42af-a80c-c46d1acdbc29<-81ff859e-e76f-43f5-951a-4a38422068cb#0:FAIL-t413, e3fb79a3-1f86-42af-a80c-c46d1acdbc29<-a9143d84-6d7f-497d-b770-eb75585db3c7#0:FAIL-t413] and 0 exception(s); e3fb79a3-1f86-42af-a80c-c46d1acdbc29@group-7855C2F36E53:t413, leader=null, voted=e3fb79a3-1f86-42af-a80c-c46d1acdbc29, raftlog=e3fb79a3-1f86-42af-a80c-c46d1acdbc29@group-7855C2F36E53-SegmentedRaftLog:OPENED:c-1,f-1,i0, conf=-1: [e3fb79a3-1f86-42af-a80c-c46d1acdbc29:192.168.157.194:44142, 81ff859e-e76f-43f5-951a-4a38422068cb:192.168.157.194:46532, a9143d84-6d7f-497d-b770-eb75585db3c7:192.168.157.194:42126], old=null
2019-11-04 16:02:52,671 [e3fb79a3-1f86-42af-a80c-c46d1acdbc29@group-7855C2F36E53-LeaderElection376] INFO  impl.RaftServerImpl (RaftServerImpl.java:setRole(184)) - e3fb79a3-1f86-42af-a80c-c46d1acdbc29@group-7855C2F36E53: changes role from CANDIDATE to FOLLOWER at term 413 for DISCOVERED_A_NEW_TERM
2019-11-04 16:02:52,671 [e3fb79a3-1f86-42af-a80c-c46d1acdbc29@group-7855C2F36E53-LeaderElection376] INFO  impl.RoleInfo (RoleInfo.java:shutdownLeaderElection(134)) - e3fb79a3-1f86-42af-a80c-c46d1acdbc29: shutdown LeaderElection
2019-11-04 16:02:52,671 [e3fb79a3-1f86-42af-a80c-c46d1acdbc29@group-7855C2F36E53-LeaderElection376] INFO  impl.RoleInfo (RoleInfo.java:updateAndGet(143)) - e3fb79a3-1f86-42af-a80c-c46d1acdbc29: start FollowerState
2019-11-04 16:02:52,770 [Thread-2741] INFO  impl.FollowerState (FollowerState.java:run(108)) - e3fb79a3-1f86-42af-a80c-c46d1acdbc29@group-7855C2F36E53-FollowerState: change to CANDIDATE, lastRpcTime:98ms, electionTimeout:98ms
2019-11-04 16:02:52,770 [Thread-2741] INFO  impl.RoleInfo (RoleInfo.java:shutdownFollowerState(121)) - e3fb79a3-1f86-42af-a80c-c46d1acdbc29: shutdown FollowerState
2019-11-04 16:02:52,770 [Thread-2741] INFO  impl.RaftServerImpl (RaftServerImpl.java:setRole(184)) - e3fb79a3-1f86-42af-a80c-c46d1acdbc29@group-7855C2F36E53: changes role from  FOLLOWER to CANDIDATE at term 413 for changeToCandidate
2019-11-04 16:02:52,770 [Thread-2741] INFO  impl.RoleInfo (RoleInfo.java:updateAndGet(143)) - e3fb79a3-1f86-42af-a80c-c46d1acdbc29: start LeaderElection
2019-11-04 16:02:52,795 [e3fb79a3-1f86-42af-a80c-c46d1acdbc29@group-7855C2F36E53-LeaderElection377] INFO  impl.LeaderElection (LeaderElection.java:askForVotes(178)) - e3fb79a3-1f86-42af-a80c-c46d1acdbc29@group-7855C2F36E53-LeaderElection377: begin an election at term 414 for -1: [e3fb79a3-1f86-42af-a80c-c46d1acdbc29:192.168.157.194:44142, 81ff859e-e76f-43f5-951a-4a38422068cb:192.168.157.194:46532, a9143d84-6d7f-497d-b770-eb75585db3c7:192.168.157.194:42126], old=null
2019-11-04 16:02:52,796 [grpc-default-executor-4] INFO  impl.RaftServerImpl (RaftServerImpl.java:setRole(184)) - 81ff859e-e76f-43f5-951a-4a38422068cb@group-7855C2F36E53: changes role from  FOLLOWER to FOLLOWER at term 414 for recognizeCandidate:e3fb79a3-1f86-42af-a80c-c46d1acdbc29
2019-11-04 16:02:52,797 [grpc-default-executor-5] INFO  impl.RaftServerImpl (RaftServerImpl.java:setRole(184)) - a9143d84-6d7f-497d-b770-eb75585db3c7@group-7855C2F36E53: changes role from  FOLLOWER to FOLLOWER at term 414 for recognizeCandidate:e3fb79a3-1f86-42af-a80c-c46d1acdbc29
2019-11-04 16:02:52,797 [grpc-default-executor-4] INFO  impl.RoleInfo (RoleInfo.java:shutdownFollowerState(121)) - 81ff859e-e76f-43f5-951a-4a38422068cb: shutdown FollowerState
2019-11-04 16:02:52,797 [grpc-default-executor-5] INFO  impl.RoleInfo (RoleInfo.java:shutdownFollowerState(121)) - a9143d84-6d7f-497d-b770-eb75585db3c7: shutdown FollowerState
2019-11-04 16:02:52,797 [Thread-2739] INFO  impl.FollowerState (FollowerState.java:run(117)) - 81ff859e-e76f-43f5-951a-4a38422068cb@group-7855C2F36E53-FollowerState was interrupted: java.lang.InterruptedException: sleep interrupted
2019-11-04 16:02:52,797 [grpc-default-executor-4] INFO  impl.RoleInfo (RoleInfo.java:updateAndGet(143)) - 81ff859e-e76f-43f5-951a-4a38422068cb: start FollowerState
2019-11-04 16:02:52,797 [Thread-2740] INFO  impl.FollowerState (FollowerState.java:run(117)) - a9143d84-6d7f-497d-b770-eb75585db3c7@group-7855C2F36E53-FollowerState was interrupted: java.lang.InterruptedException: sleep interrupted
2019-11-04 16:02:52,797 [grpc-default-executor-5] INFO  impl.RoleInfo (RoleInfo.java:updateAndGet(143)) - a9143d84-6d7f-497d-b770-eb75585db3c7: start FollowerState
2019-11-04 16:02:52,802 [e3fb79a3-1f86-42af-a80c-c46d1acdbc29@group-7855C2F36E53-LeaderElection377] INFO  impl.LeaderElection (LeaderElection.java:logAndReturn(56)) - e3fb79a3-1f86-42af-a80c-c46d1acdbc29@group-7855C2F36E53-LeaderElection377: Election TIMEOUT; received 0 response(s) [] and 0 exception(s); e3fb79a3-1f86-42af-a80c-c46d1acdbc29@group-7855C2F36E53:t414, leader=null, voted=e3fb79a3-1f86-42af-a80c-c46d1acdbc29, raftlog=e3fb79a3-1f86-42af-a80c-c46d1acdbc29@group-7855C2F36E53-SegmentedRaftLog:OPENED:c-1,f-1,i0, conf=-1: [e3fb79a3-1f86-42af-a80c-c46d1acdbc29:192.168.157.194:44142, 81ff859e-e76f-43f5-951a-4a38422068cb:192.168.157.194:46532, a9143d84-6d7f-497d-b770-eb75585db3c7:192.168.157.194:42126], old=null
2019-11-04 16:02:52,823 [e3fb79a3-1f86-42af-a80c-c46d1acdbc29@group-7855C2F36E53-LeaderElection377] INFO  impl.LeaderElection (LeaderElection.java:askForVotes(178)) - e3fb79a3-1f86-42af-a80c-c46d1acdbc29@group-7855C2F36E53-LeaderElection377: begin an election at term 415 for -1: [e3fb79a3-1f86-42af-a80c-c46d1acdbc29:192.168.157.194:44142, 81ff859e-e76f-43f5-951a-4a38422068cb:192.168.157.194:46532, a9143d84-6d7f-497d-b770-eb75585db3c7:192.168.157.194:42126], old=null
2019-11-04 16:02:52,824 [grpc-default-executor-4] INFO  impl.RaftServerImpl (RaftServerImpl.java:setRole(184)) - 81ff859e-e76f-43f5-951a-4a38422068cb@group-7855C2F36E53: changes role from  FOLLOWER to FOLLOWER at term 415 for recognizeCandidate:e3fb79a3-1f86-42af-a80c-c46d1acdbc29
2019-11-04 16:02:52,824 [grpc-default-executor-4] INFO  impl.RoleInfo (RoleInfo.java:shutdownFollowerState(121)) - 81ff859e-e76f-43f5-951a-4a38422068cb: shutdown FollowerState
2019-11-04 16:02:52,825 [grpc-default-executor-4] INFO  impl.RoleInfo (RoleInfo.java:updateAndGet(143)) - 81ff859e-e76f-43f5-951a-4a38422068cb: start FollowerState
2019-11-04 16:02:52,825 [grpc-default-executor-5] INFO  impl.RaftServerImpl (RaftServerImpl.java:setRole(184)) - a9143d84-6d7f-497d-b770-eb75585db3c7@group-7855C2F36E53: changes role from  FOLLOWER to FOLLOWER at term 415 for recognizeCandidate:e3fb79a3-1f86-42af-a80c-c46d1acdbc29
2019-11-04 16:02:52,825 [grpc-default-executor-5] INFO  impl.RoleInfo (RoleInfo.java:shutdownFollowerState(121)) - a9143d84-6d7f-497d-b770-eb75585db3c7: shutdown FollowerState
2019-11-04 16:02:52,825 [Thread-2745] INFO  impl.FollowerState (FollowerState.java:run(117)) - 81ff859e-e76f-43f5-951a-4a38422068cb@group-7855C2F36E53-FollowerState was interrupted: java.lang.InterruptedException: sleep interrupted
2019-11-04 16:02:52,825 [Thread-2746] INFO  impl.FollowerState (FollowerState.java:run(117)) - a9143d84-6d7f-497d-b770-eb75585db3c7@group-7855C2F36E53-FollowerState was interrupted: java.lang.InterruptedException: sleep interrupted
2019-11-04 16:02:52,825 [grpc-default-executor-5] INFO  impl.RoleInfo (RoleInfo.java:updateAndGet(143)) - a9143d84-6d7f-497d-b770-eb75585db3c7: start FollowerState
2019-11-04 16:02:52,838 [e3fb79a3-1f86-42af-a80c-c46d1acdbc29@group-7855C2F36E53-LeaderElection377] INFO  impl.LeaderElection (LeaderElection.java:logAndReturn(56)) - e3fb79a3-1f86-42af-a80c-c46d1acdbc29@group-7855C2F36E53-LeaderElection377: Election REJECTED; received 2 response(s) [e3fb79a3-1f86-42af-a80c-c46d1acdbc29<-81ff859e-e76f-43f5-951a-4a38422068cb#0:FAIL-t415, e3fb79a3-1f86-42af-a80c-c46d1acdbc29<-a9143d84-6d7f-497d-b770-eb75585db3c7#0:FAIL-t415] and 0 exception(s); e3fb79a3-1f86-42af-a80c-c46d1acdbc29@group-7855C2F36E53:t415, leader=null, voted=e3fb79a3-1f86-42af-a80c-c46d1acdbc29, raftlog=e3fb79a3-1f86-42af-a80c-c46d1acdbc29@group-7855C2F36E53-SegmentedRaftLog:OPENED:c-1,f-1,i0, conf=-1: [e3fb79a3-1f86-42af-a80c-c46d1acdbc29:192.168.157.194:44142, 81ff859e-e76f-43f5-951a-4a38422068cb:192.168.157.194:46532, a9143d84-6d7f-497d-b770-eb75585db3c7:192.168.157.194:42126], old=null
2019-11-04 16:02:52,839 [e3fb79a3-1f86-42af-a80c-c46d1acdbc29@group-7855C2F36E53-LeaderElection377] INFO  impl.RaftServerImpl (RaftServerImpl.java:setRole(184)) - e3fb79a3-1f86-42af-a80c-c46d1acdbc29@group-7855C2F36E53: changes role from CANDIDATE to FOLLOWER at term 415 for DISCOVERED_A_NEW_TERM
2019-11-04 16:02:52,839 [e3fb79a3-1f86-42af-a80c-c46d1acdbc29@group-7855C2F36E53-LeaderElection377] INFO  impl.RoleInfo (RoleInfo.java:shutdownLeaderElection(134)) - e3fb79a3-1f86-42af-a80c-c46d1acdbc29: shutdown LeaderElection
2019-11-04 16:02:52,839 [e3fb79a3-1f86-42af-a80c-c46d1acdbc29@group-7855C2F36E53-LeaderElection377] INFO  impl.RoleInfo (RoleInfo.java:updateAndGet(143)) - e3fb79a3-1f86-42af-a80c-c46d1acdbc29: start FollowerState
2019-11-04 16:02:52,941 [Thread-2751] INFO  impl.FollowerState (FollowerState.java:run(108)) - e3fb79a3-1f86-42af-a80c-c46d1acdbc29@group-7855C2F36E53-FollowerState: change to CANDIDATE, lastRpcTime:102ms, electionTimeout:102ms
2019-11-04 16:02:52,941 [Thread-2751] INFO  impl.RoleInfo (RoleInfo.java:shutdownFollowerState(121)) - e3fb79a3-1f86-42af-a80c-c46d1acdbc29: shutdown FollowerState
2019-11-04 16:02:52,942 [Thread-2751] INFO  impl.RaftServerImpl (RaftServerImpl.java:setRole(184)) - e3fb79a3-1f86-42af-a80c-c46d1acdbc29@group-7855C2F36E53: changes role from  FOLLOWER to CANDIDATE at term 415 for changeToCandidate
2019-11-04 16:02:52,942 [Thread-2751] INFO  impl.RoleInfo (RoleInfo.java:updateAndGet(143)) - e3fb79a3-1f86-42af-a80c-c46d1acdbc29: start LeaderElection
2019-11-04 16:02:52,968 [e3fb79a3-1f86-42af-a80c-c46d1acdbc29@group-7855C2F36E53-LeaderElection378] INFO  impl.LeaderElection (LeaderElection.java:askForVotes(178)) - e3fb79a3-1f86-42af-a80c-c46d1acdbc29@group-7855C2F36E53-LeaderElection378: begin an election at term 416 for -1: [e3fb79a3-1f86-42af-a80c-c46d1acdbc29:192.168.157.194:44142, 81ff859e-e76f-43f5-951a-4a38422068cb:192.168.157.194:46532, a9143d84-6d7f-497d-b770-eb75585db3c7:192.168.157.194:42126], old=null
2019-11-04 16:02:52,969 [grpc-default-executor-4] INFO  impl.RaftServerImpl (RaftServerImpl.java:setRole(184)) - a9143d84-6d7f-497d-b770-eb75585db3c7@group-7855C2F36E53: changes role from  FOLLOWER to FOLLOWER at term 416 for recognizeCandidate:e3fb79a3-1f86-42af-a80c-c46d1acdbc29
2019-11-04 16:02:52,969 [grpc-default-executor-5] INFO  impl.RaftServerImpl (RaftServerImpl.java:setRole(184)) - 81ff859e-e76f-43f5-951a-4a38422068cb@group-7855C2F36E53: changes role from  FOLLOWER to FOLLOWER at term 416 for recognizeCandidate:e3fb79a3-1f86-42af-a80c-c46d1acdbc29
2019-11-04 16:02:52,970 [grpc-default-executor-5] INFO  impl.RoleInfo (RoleInfo.java:shutdownFollowerState(121)) - 81ff859e-e76f-43f5-951a-4a38422068cb: shutdown FollowerState
2019-11-04 16:02:52,970 [grpc-default-executor-4] INFO  impl.RoleInfo (RoleInfo.java:shutdownFollowerState(121)) - a9143d84-6d7f-497d-b770-eb75585db3c7: shutdown FollowerState
2019-11-04 16:02:52,970 [grpc-default-executor-5] INFO  impl.RoleInfo (RoleInfo.java:updateAndGet(143)) - 81ff859e-e76f-43f5-951a-4a38422068cb: start FollowerState
2019-11-04 16:02:52,970 [Thread-2749] INFO  impl.FollowerState (FollowerState.java:run(117)) - 81ff859e-e76f-43f5-951a-4a38422068cb@group-7855C2F36E53-FollowerState was interrupted: java.lang.InterruptedException: sleep interrupted
2019-11-04 16:02:52,970 [Thread-2750] INFO  impl.FollowerState (FollowerState.java:run(117)) - a9143d84-6d7f-497d-b770-eb75585db3c7@group-7855C2F36E53-FollowerState was interrupted: java.lang.InterruptedException: sleep interrupted
2019-11-04 16:02:52,970 [grpc-default-executor-4] INFO  impl.RoleInfo (RoleInfo.java:updateAndGet(143)) - a9143d84-6d7f-497d-b770-eb75585db3c7: start FollowerState
2019-11-04 16:02:52,993 [e3fb79a3-1f86-42af-a80c-c46d1acdbc29@group-7855C2F36E53-LeaderElection378] INFO  impl.LeaderElection (LeaderElection.java:logAndReturn(56)) - e3fb79a3-1f86-42af-a80c-c46d1acdbc29@group-7855C2F36E53-LeaderElection378: Election REJECTED; received 2 response(s) [e3fb79a3-1f86-42af-a80c-c46d1acdbc29<-81ff859e-e76f-43f5-951a-4a38422068cb#0:FAIL-t416, e3fb79a3-1f86-42af-a80c-c46d1acdbc29<-a9143d84-6d7f-497d-b770-eb75585db3c7#0:FAIL-t416] and 0 exception(s); e3fb79a3-1f86-42af-a80c-c46d1acdbc29@group-7855C2F36E53:t416, leader=null, voted=e3fb79a3-1f86-42af-a80c-c46d1acdbc29, raftlog=e3fb79a3-1f86-42af-a80c-c46d1acdbc29@group-7855C2F36E53-SegmentedRaftLog:OPENED:c-1,f-1,i0, conf=-1: [e3fb79a3-1f86-42af-a80c-c46d1acdbc29:192.168.157.194:44142, 81ff859e-e76f-43f5-951a-4a38422068cb:192.168.157.194:46532, a9143d84-6d7f-497d-b770-eb75585db3c7:192.168.157.194:42126], old=null
2019-11-04 16:02:52,994 [e3fb79a3-1f86-42af-a80c-c46d1acdbc29@group-7855C2F36E53-LeaderElection378] INFO  impl.RaftServerImpl (RaftServerImpl.java:setRole(184)) - e3fb79a3-1f86-42af-a80c-c46d1acdbc29@group-7855C2F36E53: changes role from CANDIDATE to FOLLOWER at term 416 for DISCOVERED_A_NEW_TERM
2019-11-04 16:02:52,994 [e3fb79a3-1f86-42af-a80c-c46d1acdbc29@group-7855C2F36E53-LeaderElection378] INFO  impl.RoleInfo (RoleInfo.java:shutdownLeaderElection(134)) - e3fb79a3-1f86-42af-a80c-c46d1acdbc29: shutdown LeaderElection
2019-11-04 16:02:52,994 [e3fb79a3-1f86-42af-a80c-c46d1acdbc29@group-7855C2F36E53-LeaderElection378] INFO  impl.RoleInfo (RoleInfo.java:updateAndGet(143)) - e3fb79a3-1f86-42af-a80c-c46d1acdbc29: start FollowerState
2019-11-04 16:02:53,150 [Thread-2757] INFO  impl.FollowerState (FollowerState.java:run(108)) - e3fb79a3-1f86-42af-a80c-c46d1acdbc29@group-7855C2F36E53-FollowerState: change to CANDIDATE, lastRpcTime:156ms, electionTimeout:156ms
2019-11-04 16:02:53,151 [Thread-2757] INFO  impl.RoleInfo (RoleInfo.java:shutdownFollowerState(121)) - e3fb79a3-1f86-42af-a80c-c46d1acdbc29: shutdown FollowerState
2019-11-04 16:02:53,151 [Thread-2757] INFO  impl.RaftServerImpl (RaftServerImpl.java:setRole(184)) - e3fb79a3-1f86-42af-a80c-c46d1acdbc29@group-7855C2F36E53: changes role from  FOLLOWER to CANDIDATE at term 416 for changeToCandidate
2019-11-04 16:02:53,151 [Thread-2757] INFO  impl.RoleInfo (RoleInfo.java:updateAndGet(143)) - e3fb79a3-1f86-42af-a80c-c46d1acdbc29: start LeaderElection
2019-11-04 16:02:53,166 [e3fb79a3-1f86-42af-a80c-c46d1acdbc29@group-7855C2F36E53-LeaderElection379] INFO  impl.LeaderElection (LeaderElection.java:askForVotes(178)) - e3fb79a3-1f86-42af-a80c-c46d1acdbc29@group-7855C2F36E53-LeaderElection379: begin an election at term 417 for -1: [e3fb79a3-1f86-42af-a80c-c46d1acdbc29:192.168.157.194:44142, 81ff859e-e76f-43f5-951a-4a38422068cb:192.168.157.194:46532, a9143d84-6d7f-497d-b770-eb75585db3c7:192.168.157.194:42126], old=null
2019-11-04 16:02:53,168 [grpc-default-executor-4] INFO  impl.RaftServerImpl (RaftServerImpl.java:setRole(184)) - 81ff859e-e76f-43f5-951a-4a38422068cb@group-7855C2F36E53: changes role from  FOLLOWER to FOLLOWER at term 417 for recognizeCandidate:e3fb79a3-1f86-42af-a80c-c46d1acdbc29
2019-11-04 16:02:53,168 [grpc-default-executor-4] INFO  impl.RoleInfo (RoleInfo.java:shutdownFollowerState(121)) - 81ff859e-e76f-43f5-951a-4a38422068cb: shutdown FollowerState
2019-11-04 16:02:53,168 [grpc-default-executor-1] INFO  impl.RaftServerImpl (RaftServerImpl.java:setRole(184)) - a9143d84-6d7f-497d-b770-eb75585db3c7@group-7855C2F36E53: changes role from  FOLLOWER to FOLLOWER at term 417 for recognizeCandidate:e3fb79a3-1f86-42af-a80c-c46d1acdbc29
2019-11-04 16:02:53,168 [grpc-default-executor-1] INFO  impl.RoleInfo (RoleInfo.java:shutdownFollowerState(121)) - a9143d84-6d7f-497d-b770-eb75585db3c7: shutdown FollowerState
2019-11-04 16:02:53,168 [Thread-2755] INFO  impl.FollowerState (FollowerState.java:run(117)) - 81ff859e-e76f-43f5-951a-4a38422068cb@group-7855C2F36E53-FollowerState was interrupted: java.lang.InterruptedException: sleep interrupted
2019-11-04 16:02:53,168 [grpc-default-executor-4] INFO  impl.RoleInfo (RoleInfo.java:updateAndGet(143)) - 81ff859e-e76f-43f5-951a-4a38422068cb: start FollowerState
2019-11-04 16:02:53,169 [Thread-2756] INFO  impl.FollowerState (FollowerState.java:run(117)) - a9143d84-6d7f-497d-b770-eb75585db3c7@group-7855C2F36E53-FollowerState was interrupted: java.lang.InterruptedException: sleep interrupted
2019-11-04 16:02:53,169 [grpc-default-executor-1] INFO  impl.RoleInfo (RoleInfo.java:updateAndGet(143)) - a9143d84-6d7f-497d-b770-eb75585db3c7: start FollowerState
2019-11-04 16:02:53,185 [e3fb79a3-1f86-42af-a80c-c46d1acdbc29@group-7855C2F36E53-LeaderElection379] INFO  impl.LeaderElection (LeaderElection.java:logAndReturn(56)) - e3fb79a3-1f86-42af-a80c-c46d1acdbc29@group-7855C2F36E53-LeaderElection379: Election REJECTED; received 2 response(s) [e3fb79a3-1f86-42af-a80c-c46d1acdbc29<-81ff859e-e76f-43f5-951a-4a38422068cb#0:FAIL-t417, e3fb79a3-1f86-42af-a80c-c46d1acdbc29<-a9143d84-6d7f-497d-b770-eb75585db3c7#0:FAIL-t417] and 0 exception(s); e3fb79a3-1f86-42af-a80c-c46d1acdbc29@group-7855C2F36E53:t417, leader=null, voted=e3fb79a3-1f86-42af-a80c-c46d1acdbc29, raftlog=e3fb79a3-1f86-42af-a80c-c46d1acdbc29@group-7855C2F36E53-SegmentedRaftLog:OPENED:c-1,f-1,i0, conf=-1: [e3fb79a3-1f86-42af-a80c-c46d1acdbc29:192.168.157.194:44142, 81ff859e-e76f-43f5-951a-4a38422068cb:192.168.157.194:46532, a9143d84-6d7f-497d-b770-eb75585db3c7:192.168.157.194:42126], old=null
2019-11-04 16:02:53,185 [e3fb79a3-1f86-42af-a80c-c46d1acdbc29@group-7855C2F36E53-LeaderElection379] INFO  impl.RaftServerImpl (RaftServerImpl.java:setRole(184)) - e3fb79a3-1f86-42af-a80c-c46d1acdbc29@group-7855C2F36E53: changes role from CANDIDATE to FOLLOWER at term 417 for DISCOVERED_A_NEW_TERM
2019-11-04 16:02:53,186 [e3fb79a3-1f86-42af-a80c-c46d1acdbc29@group-7855C2F36E53-LeaderElection379] INFO  impl.RoleInfo (RoleInfo.java:shutdownLeaderElection(134)) - e3fb79a3-1f86-42af-a80c-c46d1acdbc29: shutdown LeaderElection
2019-11-04 16:02:53,186 [e3fb79a3-1f86-42af-a80c-c46d1acdbc29@group-7855C2F36E53-LeaderElection379] INFO  impl.RoleInfo (RoleInfo.java:updateAndGet(143)) - e3fb79a3-1f86-42af-a80c-c46d1acdbc29: start FollowerState
2019-11-04 16:02:53,383 [Thread-2763] INFO  impl.FollowerState (FollowerState.java:run(108)) - e3fb79a3-1f86-42af-a80c-c46d1acdbc29@group-7855C2F36E53-FollowerState: change to CANDIDATE, lastRpcTime:197ms, electionTimeout:197ms
2019-11-04 16:02:53,383 [Thread-2763] INFO  impl.RoleInfo (RoleInfo.java:shutdownFollowerState(121)) - e3fb79a3-1f86-42af-a80c-c46d1acdbc29: shutdown FollowerState
2019-11-04 16:02:53,383 [Thread-2763] INFO  impl.RaftServerImpl (RaftServerImpl.java:setRole(184)) - e3fb79a3-1f86-42af-a80c-c46d1acdbc29@group-7855C2F36E53: changes role from  FOLLOWER to CANDIDATE at term 417 for changeToCandidate
2019-11-04 16:02:53,384 [Thread-2763] INFO  impl.RoleInfo (RoleInfo.java:updateAndGet(143)) - e3fb79a3-1f86-42af-a80c-c46d1acdbc29: start LeaderElection
2019-11-04 16:02:53,398 [e3fb79a3-1f86-42af-a80c-c46d1acdbc29@group-7855C2F36E53-LeaderElection380] INFO  impl.LeaderElection (LeaderElection.java:askForVotes(178)) - e3fb79a3-1f86-42af-a80c-c46d1acdbc29@group-7855C2F36E53-LeaderElection380: begin an election at term 418 for -1: [e3fb79a3-1f86-42af-a80c-c46d1acdbc29:192.168.157.194:44142, 81ff859e-e76f-43f5-951a-4a38422068cb:192.168.157.194:46532, a9143d84-6d7f-497d-b770-eb75585db3c7:192.168.157.194:42126], old=null
2019-11-04 16:02:53,400 [grpc-default-executor-4] INFO  impl.RaftServerImpl (RaftServerImpl.java:setRole(184)) - 81ff859e-e76f-43f5-951a-4a38422068cb@group-7855C2F36E53: changes role from  FOLLOWER to FOLLOWER at term 418 for recognizeCandidate:e3fb79a3-1f86-42af-a80c-c46d1acdbc29
2019-11-04 16:02:53,400 [grpc-default-executor-4] INFO  impl.RoleInfo (RoleInfo.java:shutdownFollowerState(121)) - 81ff859e-e76f-43f5-951a-4a38422068cb: shutdown FollowerState
2019-11-04 16:02:53,400 [grpc-default-executor-4] INFO  impl.RoleInfo (RoleInfo.java:updateAndGet(143)) - 81ff859e-e76f-43f5-951a-4a38422068cb: start FollowerState
2019-11-04 16:02:53,401 [grpc-default-executor-1] INFO  impl.RaftServerImpl (RaftServerImpl.java:setRole(184)) - a9143d84-6d7f-497d-b770-eb75585db3c7@group-7855C2F36E53: changes role from  FOLLOWER to FOLLOWER at term 418 for recognizeCandidate:e3fb79a3-1f86-42af-a80c-c46d1acdbc29
2019-11-04 16:02:53,401 [Thread-2761] INFO  impl.FollowerState (FollowerState.java:run(117)) - 81ff859e-e76f-43f5-951a-4a38422068cb@group-7855C2F36E53-FollowerState was interrupted: java.lang.InterruptedException: sleep interrupted
2019-11-04 16:02:53,401 [grpc-default-executor-1] INFO  impl.RoleInfo (RoleInfo.java:shutdownFollowerState(121)) - a9143d84-6d7f-497d-b770-eb75585db3c7: shutdown FollowerState
2019-11-04 16:02:53,401 [grpc-default-executor-1] INFO  impl.RoleInfo (RoleInfo.java:updateAndGet(143)) - a9143d84-6d7f-497d-b770-eb75585db3c7: start FollowerState
2019-11-04 16:02:53,401 [Thread-2762] INFO  impl.FollowerState (FollowerState.java:run(117)) - a9143d84-6d7f-497d-b770-eb75585db3c7@group-7855C2F36E53-FollowerState was interrupted: java.lang.InterruptedException: sleep interrupted
2019-11-04 16:02:53,415 [e3fb79a3-1f86-42af-a80c-c46d1acdbc29@group-7855C2F36E53-LeaderElection380] INFO  impl.LeaderElection (LeaderElection.java:logAndReturn(56)) - e3fb79a3-1f86-42af-a80c-c46d1acdbc29@group-7855C2F36E53-LeaderElection380: Election TIMEOUT; received 0 response(s) [] and 0 exception(s); e3fb79a3-1f86-42af-a80c-c46d1acdbc29@group-7855C2F36E53:t418, leader=null, voted=e3fb79a3-1f86-42af-a80c-c46d1acdbc29, raftlog=e3fb79a3-1f86-42af-a80c-c46d1acdbc29@group-7855C2F36E53-SegmentedRaftLog:OPENED:c-1,f-1,i0, conf=-1: [e3fb79a3-1f86-42af-a80c-c46d1acdbc29:192.168.157.194:44142, 81ff859e-e76f-43f5-951a-4a38422068cb:192.168.157.194:46532, a9143d84-6d7f-497d-b770-eb75585db3c7:192.168.157.194:42126], old=null
2019-11-04 16:02:53,429 [e3fb79a3-1f86-42af-a80c-c46d1acdbc29@group-7855C2F36E53-LeaderElection380] INFO  impl.LeaderElection (LeaderElection.java:askForVotes(178)) - e3fb79a3-1f86-42af-a80c-c46d1acdbc29@group-7855C2F36E53-LeaderElection380: begin an election at term 419 for -1: [e3fb79a3-1f86-42af-a80c-c46d1acdbc29:192.168.157.194:44142, 81ff859e-e76f-43f5-951a-4a38422068cb:192.168.157.194:46532, a9143d84-6d7f-497d-b770-eb75585db3c7:192.168.157.194:42126], old=null
2019-11-04 16:02:53,430 [grpc-default-executor-4] INFO  impl.RaftServerImpl (RaftServerImpl.java:setRole(184)) - 81ff859e-e76f-43f5-951a-4a38422068cb@group-7855C2F36E53: changes role from  FOLLOWER to FOLLOWER at term 419 for recognizeCandidate:e3fb79a3-1f86-42af-a80c-c46d1acdbc29
2019-11-04 16:02:53,430 [grpc-default-executor-4] INFO  impl.RoleInfo (RoleInfo.java:shutdownFollowerState(121)) - 81ff859e-e76f-43f5-951a-4a38422068cb: shutdown FollowerState
2019-11-04 16:02:53,430 [grpc-default-executor-1] INFO  impl.RaftServerImpl (RaftServerImpl.java:setRole(184)) - a9143d84-6d7f-497d-b770-eb75585db3c7@group-7855C2F36E53: changes role from  FOLLOWER to FOLLOWER at term 419 for recognizeCandidate:e3fb79a3-1f86-42af-a80c-c46d1acdbc29
2019-11-04 16:02:53,431 [grpc-default-executor-1] INFO  impl.RoleInfo (RoleInfo.java:shutdownFollowerState(121)) - a9143d84-6d7f-497d-b770-eb75585db3c7: shutdown FollowerState
2019-11-04 16:02:53,431 [Thread-2767] INFO  impl.FollowerState (FollowerState.java:run(117)) - 81ff859e-e76f-43f5-951a-4a38422068cb@group-7855C2F36E53-FollowerState was interrupted: java.lang.InterruptedException: sleep interrupted
2019-11-04 16:02:53,431 [grpc-default-executor-4] INFO  impl.RoleInfo (RoleInfo.java:updateAndGet(143)) - 81ff859e-e76f-43f5-951a-4a38422068cb: start FollowerState
2019-11-04 16:02:53,431 [Thread-2768] INFO  impl.FollowerState (FollowerState.java:run(117)) - a9143d84-6d7f-497d-b770-eb75585db3c7@group-7855C2F36E53-FollowerState was interrupted: java.lang.InterruptedException: sleep interrupted
2019-11-04 16:02:53,431 [grpc-default-executor-1] INFO  impl.RoleInfo (RoleInfo.java:updateAndGet(143)) - a9143d84-6d7f-497d-b770-eb75585db3c7: start FollowerState
2019-11-04 16:02:53,461 [e3fb79a3-1f86-42af-a80c-c46d1acdbc29@group-7855C2F36E53-LeaderElection380] INFO  impl.LeaderElection (LeaderElection.java:logAndReturn(56)) - e3fb79a3-1f86-42af-a80c-c46d1acdbc29@group-7855C2F36E53-LeaderElection380: Election TIMEOUT; received 0 response(s) [] and 0 exception(s); e3fb79a3-1f86-42af-a80c-c46d1acdbc29@group-7855C2F36E53:t419, leader=null, voted=e3fb79a3-1f86-42af-a80c-c46d1acdbc29, raftlog=e3fb79a3-1f86-42af-a80c-c46d1acdbc29@group-7855C2F36E53-SegmentedRaftLog:OPENED:c-1,f-1,i0, conf=-1: [e3fb79a3-1f86-42af-a80c-c46d1acdbc29:192.168.157.194:44142, 81ff859e-e76f-43f5-951a-4a38422068cb:192.168.157.194:46532, a9143d84-6d7f-497d-b770-eb75585db3c7:192.168.157.194:42126], old=null
2019-11-04 16:02:53,470 [e3fb79a3-1f86-42af-a80c-c46d1acdbc29@group-7855C2F36E53-LeaderElection380] INFO  impl.LeaderElection (LeaderElection.java:askForVotes(178)) - e3fb79a3-1f86-42af-a80c-c46d1acdbc29@group-7855C2F36E53-LeaderElection380: begin an election at term 420 for -1: [e3fb79a3-1f86-42af-a80c-c46d1acdbc29:192.168.157.194:44142, 81ff859e-e76f-43f5-951a-4a38422068cb:192.168.157.194:46532, a9143d84-6d7f-497d-b770-eb75585db3c7:192.168.157.194:42126], old=null
2019-11-04 16:02:53,471 [grpc-default-executor-4] INFO  impl.RaftServerImpl (RaftServerImpl.java:setRole(184)) - 81ff859e-e76f-43f5-951a-4a38422068cb@group-7855C2F36E53: changes role from  FOLLOWER to FOLLOWER at term 420 for recognizeCandidate:e3fb79a3-1f86-42af-a80c-c46d1acdbc29
2019-11-04 16:02:53,472 [grpc-default-executor-1] INFO  impl.RaftServerImpl (RaftServerImpl.java:setRole(184)) - a9143d84-6d7f-497d-b770-eb75585db3c7@group-7855C2F36E53: changes role from  FOLLOWER to FOLLOWER at term 420 for recognizeCandidate:e3fb79a3-1f86-42af-a80c-c46d1acdbc29
2019-11-04 16:02:53,472 [grpc-default-executor-4] INFO  impl.RoleInfo (RoleInfo.java:shutdownFollowerState(121)) - 81ff859e-e76f-43f5-951a-4a38422068cb: shutdown FollowerState
2019-11-04 16:02:53,472 [grpc-default-executor-1] INFO  impl.RoleInfo (RoleInfo.java:shutdownFollowerState(121)) - a9143d84-6d7f-497d-b770-eb75585db3c7: shutdown FollowerState
2019-11-04 16:02:53,472 [Thread-2771] INFO  impl.FollowerState (FollowerState.java:run(117)) - 81ff859e-e76f-43f5-951a-4a38422068cb@group-7855C2F36E53-FollowerState was interrupted: java.lang.InterruptedException: sleep interrupted
2019-11-04 16:02:53,472 [grpc-default-executor-4] INFO  impl.RoleInfo (RoleInfo.java:updateAndGet(143)) - 81ff859e-e76f-43f5-951a-4a38422068cb: start FollowerState
2019-11-04 16:02:53,472 [Thread-2772] INFO  impl.FollowerState (FollowerState.java:run(117)) - a9143d84-6d7f-497d-b770-eb75585db3c7@group-7855C2F36E53-FollowerState was interrupted: java.lang.InterruptedException: sleep interrupted
2019-11-04 16:02:53,472 [grpc-default-executor-1] INFO  impl.RoleInfo (RoleInfo.java:updateAndGet(143)) - a9143d84-6d7f-497d-b770-eb75585db3c7: start FollowerState
2019-11-04 16:02:53,497 [e3fb79a3-1f86-42af-a80c-c46d1acdbc29@group-7855C2F36E53-LeaderElection380] INFO  impl.LeaderElection (LeaderElection.java:logAndReturn(56)) - e3fb79a3-1f86-42af-a80c-c46d1acdbc29@group-7855C2F36E53-LeaderElection380: Election REJECTED; received 2 response(s) [e3fb79a3-1f86-42af-a80c-c46d1acdbc29<-81ff859e-e76f-43f5-951a-4a38422068cb#0:FAIL-t420, e3fb79a3-1f86-42af-a80c-c46d1acdbc29<-a9143d84-6d7f-497d-b770-eb75585db3c7#0:FAIL-t420] and 0 exception(s); e3fb79a3-1f86-42af-a80c-c46d1acdbc29@group-7855C2F36E53:t420, leader=null, voted=e3fb79a3-1f86-42af-a80c-c46d1acdbc29, raftlog=e3fb79a3-1f86-42af-a80c-c46d1acdbc29@group-7855C2F36E53-SegmentedRaftLog:OPENED:c-1,f-1,i0, conf=-1: [e3fb79a3-1f86-42af-a80c-c46d1acdbc29:192.168.157.194:44142, 81ff859e-e76f-43f5-951a-4a38422068cb:192.168.157.194:46532, a9143d84-6d7f-497d-b770-eb75585db3c7:192.168.157.194:42126], old=null
2019-11-04 16:02:53,498 [e3fb79a3-1f86-42af-a80c-c46d1acdbc29@group-7855C2F36E53-LeaderElection380] INFO  impl.RaftServerImpl (RaftServerImpl.java:setRole(184)) - e3fb79a3-1f86-42af-a80c-c46d1acdbc29@group-7855C2F36E53: changes role from CANDIDATE to FOLLOWER at term 420 for DISCOVERED_A_NEW_TERM
2019-11-04 16:02:53,498 [e3fb79a3-1f86-42af-a80c-c46d1acdbc29@group-7855C2F36E53-LeaderElection380] INFO  impl.RoleInfo (RoleInfo.java:shutdownLeaderElection(134)) - e3fb79a3-1f86-42af-a80c-c46d1acdbc29: shutdown LeaderElection
2019-11-04 16:02:53,498 [e3fb79a3-1f86-42af-a80c-c46d1acdbc29@group-7855C2F36E53-LeaderElection380] INFO  impl.RoleInfo (RoleInfo.java:updateAndGet(143)) - e3fb79a3-1f86-42af-a80c-c46d1acdbc29: start FollowerState
2019-11-04 16:02:53,616 [Thread-2779] INFO  impl.FollowerState (FollowerState.java:run(108)) - e3fb79a3-1f86-42af-a80c-c46d1acdbc29@group-7855C2F36E53-FollowerState: change to CANDIDATE, lastRpcTime:117ms, electionTimeout:117ms
2019-11-04 16:02:53,616 [Thread-2779] INFO  impl.RoleInfo (RoleInfo.java:shutdownFollowerState(121)) - e3fb79a3-1f86-42af-a80c-c46d1acdbc29: shutdown FollowerState
2019-11-04 16:02:53,616 [Thread-2779] INFO  impl.RaftServerImpl (RaftServerImpl.java:setRole(184)) - e3fb79a3-1f86-42af-a80c-c46d1acdbc29@group-7855C2F36E53: changes role from  FOLLOWER to CANDIDATE at term 420 for changeToCandidate
2019-11-04 16:02:53,616 [Thread-2779] INFO  impl.RoleInfo (RoleInfo.java:updateAndGet(143)) - e3fb79a3-1f86-42af-a80c-c46d1acdbc29: start LeaderElection
2019-11-04 16:02:53,634 [e3fb79a3-1f86-42af-a80c-c46d1acdbc29@group-7855C2F36E53-LeaderElection381] INFO  impl.LeaderElection (LeaderElection.java:askForVotes(178)) - e3fb79a3-1f86-42af-a80c-c46d1acdbc29@group-7855C2F36E53-LeaderElection381: begin an election at term 421 for -1: [e3fb79a3-1f86-42af-a80c-c46d1acdbc29:192.168.157.194:44142, 81ff859e-e76f-43f5-951a-4a38422068cb:192.168.157.194:46532, a9143d84-6d7f-497d-b770-eb75585db3c7:192.168.157.194:42126], old=null
2019-11-04 16:02:53,637 [grpc-default-executor-1] INFO  impl.RaftServerImpl (RaftServerImpl.java:setRole(184)) - 81ff859e-e76f-43f5-951a-4a38422068cb@group-7855C2F36E53: changes role from  FOLLOWER to FOLLOWER at term 421 for recognizeCandidate:e3fb79a3-1f86-42af-a80c-c46d1acdbc29
2019-11-04 16:02:53,637 [grpc-default-executor-4] INFO  impl.RaftServerImpl (RaftServerImpl.java:setRole(184)) - a9143d84-6d7f-497d-b770-eb75585db3c7@group-7855C2F36E53: changes role from  FOLLOWER to FOLLOWER at term 421 for recognizeCandidate:e3fb79a3-1f86-42af-a80c-c46d1acdbc29
2019-11-04 16:02:53,637 [grpc-default-executor-1] INFO  impl.RoleInfo (RoleInfo.java:shutdownFollowerState(121)) - 81ff859e-e76f-43f5-951a-4a38422068cb: shutdown FollowerState
2019-11-04 16:02:53,638 [grpc-default-executor-4] INFO  impl.RoleInfo (RoleInfo.java:shutdownFollowerState(121)) - a9143d84-6d7f-497d-b770-eb75585db3c7: shutdown FollowerState
2019-11-04 16:02:53,638 [Thread-2775] INFO  impl.FollowerState (FollowerState.java:run(117)) - 81ff859e-e76f-43f5-951a-4a38422068cb@group-7855C2F36E53-FollowerState was interrupted: java.lang.InterruptedException: sleep interrupted
2019-11-04 16:02:53,638 [grpc-default-executor-1] INFO  impl.RoleInfo (RoleInfo.java:updateAndGet(143)) - 81ff859e-e76f-43f5-951a-4a38422068cb: start FollowerState
2019-11-04 16:02:53,638 [Thread-2776] INFO  impl.FollowerState (FollowerState.java:run(117)) - a9143d84-6d7f-497d-b770-eb75585db3c7@group-7855C2F36E53-FollowerState was interrupted: java.lang.InterruptedException: sleep interrupted
2019-11-04 16:02:53,638 [grpc-default-executor-4] INFO  impl.RoleInfo (RoleInfo.java:updateAndGet(143)) - a9143d84-6d7f-497d-b770-eb75585db3c7: start FollowerState
2019-11-04 16:02:53,664 [e3fb79a3-1f86-42af-a80c-c46d1acdbc29@group-7855C2F36E53-LeaderElection381] INFO  impl.LeaderElection (LeaderElection.java:logAndReturn(56)) - e3fb79a3-1f86-42af-a80c-c46d1acdbc29@group-7855C2F36E53-LeaderElection381: Election REJECTED; received 2 response(s) [e3fb79a3-1f86-42af-a80c-c46d1acdbc29<-81ff859e-e76f-43f5-951a-4a38422068cb#0:FAIL-t421, e3fb79a3-1f86-42af-a80c-c46d1acdbc29<-a9143d84-6d7f-497d-b770-eb75585db3c7#0:FAIL-t421] and 0 exception(s); e3fb79a3-1f86-42af-a80c-c46d1acdbc29@group-7855C2F36E53:t421, leader=null, voted=e3fb79a3-1f86-42af-a80c-c46d1acdbc29, raftlog=e3fb79a3-1f86-42af-a80c-c46d1acdbc29@group-7855C2F36E53-SegmentedRaftLog:OPENED:c-1,f-1,i0, conf=-1: [e3fb79a3-1f86-42af-a80c-c46d1acdbc29:192.168.157.194:44142, 81ff859e-e76f-43f5-951a-4a38422068cb:192.168.157.194:46532, a9143d84-6d7f-497d-b770-eb75585db3c7:192.168.157.194:42126], old=null
2019-11-04 16:02:53,665 [e3fb79a3-1f86-42af-a80c-c46d1acdbc29@group-7855C2F36E53-LeaderElection381] INFO  impl.RaftServerImpl (RaftServerImpl.java:setRole(184)) - e3fb79a3-1f86-42af-a80c-c46d1acdbc29@group-7855C2F36E53: changes role from CANDIDATE to FOLLOWER at term 421 for DISCOVERED_A_NEW_TERM
2019-11-04 16:02:53,665 [e3fb79a3-1f86-42af-a80c-c46d1acdbc29@group-7855C2F36E53-LeaderElection381] INFO  impl.RoleInfo (RoleInfo.java:shutdownLeaderElection(134)) - e3fb79a3-1f86-42af-a80c-c46d1acdbc29: shutdown LeaderElection
2019-11-04 16:02:53,665 [e3fb79a3-1f86-42af-a80c-c46d1acdbc29@group-7855C2F36E53-LeaderElection381] INFO  impl.RoleInfo (RoleInfo.java:updateAndGet(143)) - e3fb79a3-1f86-42af-a80c-c46d1acdbc29: start FollowerState
2019-11-04 16:02:53,695 [Thread-2785] INFO  impl.FollowerState (FollowerState.java:run(108)) - e3fb79a3-1f86-42af-a80c-c46d1acdbc29@group-7855C2F36E53-FollowerState: change to CANDIDATE, lastRpcTime:30ms, electionTimeout:30ms
2019-11-04 16:02:53,696 [Thread-2785] INFO  impl.RoleInfo (RoleInfo.java:shutdownFollowerState(121)) - e3fb79a3-1f86-42af-a80c-c46d1acdbc29: shutdown FollowerState
2019-11-04 16:02:53,696 [Thread-2785] INFO  impl.RaftServerImpl (RaftServerImpl.java:setRole(184)) - e3fb79a3-1f86-42af-a80c-c46d1acdbc29@group-7855C2F36E53: changes role from  FOLLOWER to CANDIDATE at term 421 for changeToCandidate
2019-11-04 16:02:53,696 [Thread-2785] INFO  impl.RoleInfo (RoleInfo.java:updateAndGet(143)) - e3fb79a3-1f86-42af-a80c-c46d1acdbc29: start LeaderElection
2019-11-04 16:02:53,728 [e3fb79a3-1f86-42af-a80c-c46d1acdbc29@group-7855C2F36E53-LeaderElection382] INFO  impl.LeaderElection (LeaderElection.java:askForVotes(178)) - e3fb79a3-1f86-42af-a80c-c46d1acdbc29@group-7855C2F36E53-LeaderElection382: begin an election at term 422 for -1: [e3fb79a3-1f86-42af-a80c-c46d1acdbc29:192.168.157.194:44142, 81ff859e-e76f-43f5-951a-4a38422068cb:192.168.157.194:46532, a9143d84-6d7f-497d-b770-eb75585db3c7:192.168.157.194:42126], old=null
2019-11-04 16:02:53,730 [grpc-default-executor-4] INFO  impl.RaftServerImpl (RaftServerImpl.java:setRole(184)) - 81ff859e-e76f-43f5-951a-4a38422068cb@group-7855C2F36E53: changes role from  FOLLOWER to FOLLOWER at term 422 for recognizeCandidate:e3fb79a3-1f86-42af-a80c-c46d1acdbc29
2019-11-04 16:02:53,730 [grpc-default-executor-1] INFO  impl.RaftServerImpl (RaftServerImpl.java:setRole(184)) - a9143d84-6d7f-497d-b770-eb75585db3c7@group-7855C2F36E53: changes role from  FOLLOWER to FOLLOWER at term 422 for recognizeCandidate:e3fb79a3-1f86-42af-a80c-c46d1acdbc29
2019-11-04 16:02:53,730 [grpc-default-executor-4] INFO  impl.RoleInfo (RoleInfo.java:shutdownFollowerState(121)) - 81ff859e-e76f-43f5-951a-4a38422068cb: shutdown FollowerState
2019-11-04 16:02:53,730 [grpc-default-executor-1] INFO  impl.RoleInfo (RoleInfo.java:shutdownFollowerState(121)) - a9143d84-6d7f-497d-b770-eb75585db3c7: shutdown FollowerState
2019-11-04 16:02:53,730 [Thread-2783] INFO  impl.FollowerState (FollowerState.java:run(117)) - 81ff859e-e76f-43f5-951a-4a38422068cb@group-7855C2F36E53-FollowerState was interrupted: java.lang.InterruptedException: sleep interrupted
2019-11-04 16:02:53,730 [grpc-default-executor-4] INFO  impl.RoleInfo (RoleInfo.java:updateAndGet(143)) - 81ff859e-e76f-43f5-951a-4a38422068cb: start FollowerState
2019-11-04 16:02:53,731 [Thread-2784] INFO  impl.FollowerState (FollowerState.java:run(117)) - a9143d84-6d7f-497d-b770-eb75585db3c7@group-7855C2F36E53-FollowerState was interrupted: java.lang.InterruptedException: sleep interrupted
2019-11-04 16:02:53,730 [grpc-default-executor-1] INFO  impl.RoleInfo (RoleInfo.java:updateAndGet(143)) - a9143d84-6d7f-497d-b770-eb75585db3c7: start FollowerState
2019-11-04 16:02:53,743 [e3fb79a3-1f86-42af-a80c-c46d1acdbc29@group-7855C2F36E53-LeaderElection382] INFO  impl.LeaderElection (LeaderElection.java:logAndReturn(56)) - e3fb79a3-1f86-42af-a80c-c46d1acdbc29@group-7855C2F36E53-LeaderElection382: Election REJECTED; received 2 response(s) [e3fb79a3-1f86-42af-a80c-c46d1acdbc29<-81ff859e-e76f-43f5-951a-4a38422068cb#0:FAIL-t422, e3fb79a3-1f86-42af-a80c-c46d1acdbc29<-a9143d84-6d7f-497d-b770-eb75585db3c7#0:FAIL-t422] and 0 exception(s); e3fb79a3-1f86-42af-a80c-c46d1acdbc29@group-7855C2F36E53:t422, leader=null, voted=e3fb79a3-1f86-42af-a80c-c46d1acdbc29, raftlog=e3fb79a3-1f86-42af-a80c-c46d1acdbc29@group-7855C2F36E53-SegmentedRaftLog:OPENED:c-1,f-1,i0, conf=-1: [e3fb79a3-1f86-42af-a80c-c46d1acdbc29:192.168.157.194:44142, 81ff859e-e76f-43f5-951a-4a38422068cb:192.168.157.194:46532, a9143d84-6d7f-497d-b770-eb75585db3c7:192.168.157.194:42126], old=null
2019-11-04 16:02:53,744 [e3fb79a3-1f86-42af-a80c-c46d1acdbc29@group-7855C2F36E53-LeaderElection382] INFO  impl.RaftServerImpl (RaftServerImpl.java:setRole(184)) - e3fb79a3-1f86-42af-a80c-c46d1acdbc29@group-7855C2F36E53: changes role from CANDIDATE to FOLLOWER at term 422 for DISCOVERED_A_NEW_TERM
2019-11-04 16:02:53,744 [e3fb79a3-1f86-42af-a80c-c46d1acdbc29@group-7855C2F36E53-LeaderElection382] INFO  impl.RoleInfo (RoleInfo.java:shutdownLeaderElection(134)) - e3fb79a3-1f86-42af-a80c-c46d1acdbc29: shutdown LeaderElection
2019-11-04 16:02:53,744 [e3fb79a3-1f86-42af-a80c-c46d1acdbc29@group-7855C2F36E53-LeaderElection382] INFO  impl.RoleInfo (RoleInfo.java:updateAndGet(143)) - e3fb79a3-1f86-42af-a80c-c46d1acdbc29: start FollowerState
2019-11-04 16:02:53,765 [Thread-2791] INFO  impl.FollowerState (FollowerState.java:run(108)) - e3fb79a3-1f86-42af-a80c-c46d1acdbc29@group-7855C2F36E53-FollowerState: change to CANDIDATE, lastRpcTime:21ms, electionTimeout:21ms
2019-11-04 16:02:53,765 [Thread-2791] INFO  impl.RoleInfo (RoleInfo.java:shutdownFollowerState(121)) - e3fb79a3-1f86-42af-a80c-c46d1acdbc29: shutdown FollowerState
2019-11-04 16:02:53,765 [Thread-2791] INFO  impl.RaftServerImpl (RaftServerImpl.java:setRole(184)) - e3fb79a3-1f86-42af-a80c-c46d1acdbc29@group-7855C2F36E53: changes role from  FOLLOWER to CANDIDATE at term 422 for changeToCandidate
2019-11-04 16:02:53,766 [Thread-2791] INFO  impl.RoleInfo (RoleInfo.java:updateAndGet(143)) - e3fb79a3-1f86-42af-a80c-c46d1acdbc29: start LeaderElection
2019-11-04 16:02:53,773 [e3fb79a3-1f86-42af-a80c-c46d1acdbc29@group-7855C2F36E53-LeaderElection383] INFO  impl.LeaderElection (LeaderElection.java:askForVotes(178)) - e3fb79a3-1f86-42af-a80c-c46d1acdbc29@group-7855C2F36E53-LeaderElection383: begin an election at term 423 for -1: [e3fb79a3-1f86-42af-a80c-c46d1acdbc29:192.168.157.194:44142, 81ff859e-e76f-43f5-951a-4a38422068cb:192.168.157.194:46532, a9143d84-6d7f-497d-b770-eb75585db3c7:192.168.157.194:42126], old=null
2019-11-04 16:02:53,774 [grpc-default-executor-4] INFO  impl.RaftServerImpl (RaftServerImpl.java:setRole(184)) - 81ff859e-e76f-43f5-951a-4a38422068cb@group-7855C2F36E53: changes role from  FOLLOWER to FOLLOWER at term 423 for recognizeCandidate:e3fb79a3-1f86-42af-a80c-c46d1acdbc29
2019-11-04 16:02:53,774 [grpc-default-executor-4] INFO  impl.RoleInfo (RoleInfo.java:shutdownFollowerState(121)) - 81ff859e-e76f-43f5-951a-4a38422068cb: shutdown FollowerState
2019-11-04 16:02:53,774 [grpc-default-executor-4] INFO  impl.RoleInfo (RoleInfo.java:updateAndGet(143)) - 81ff859e-e76f-43f5-951a-4a38422068cb: start FollowerState
2019-11-04 16:02:53,774 [grpc-default-executor-1] INFO  impl.RaftServerImpl (RaftServerImpl.java:setRole(184)) - a9143d84-6d7f-497d-b770-eb75585db3c7@group-7855C2F36E53: changes role from  FOLLOWER to FOLLOWER at term 423 for recognizeCandidate:e3fb79a3-1f86-42af-a80c-c46d1acdbc29
2019-11-04 16:02:53,775 [grpc-default-executor-1] INFO  impl.RoleInfo (RoleInfo.java:shutdownFollowerState(121)) - a9143d84-6d7f-497d-b770-eb75585db3c7: shutdown FollowerState
2019-11-04 16:02:53,774 [Thread-2789] INFO  impl.FollowerState (FollowerState.java:run(117)) - 81ff859e-e76f-43f5-951a-4a38422068cb@group-7855C2F36E53-FollowerState was interrupted: java.lang.InterruptedException: sleep interrupted
2019-11-04 16:02:53,775 [grpc-default-executor-1] INFO  impl.RoleInfo (RoleInfo.java:updateAndGet(143)) - a9143d84-6d7f-497d-b770-eb75585db3c7: start FollowerState
2019-11-04 16:02:53,775 [Thread-2790] INFO  impl.FollowerState (FollowerState.java:run(117)) - a9143d84-6d7f-497d-b770-eb75585db3c7@group-7855C2F36E53-FollowerState was interrupted: java.lang.InterruptedException: sleep interrupted
2019-11-04 16:02:53,800 [e3fb79a3-1f86-42af-a80c-c46d1acdbc29@group-7855C2F36E53-LeaderElection383] INFO  impl.LeaderElection (LeaderElection.java:logAndReturn(56)) - e3fb79a3-1f86-42af-a80c-c46d1acdbc29@group-7855C2F36E53-LeaderElection383: Election TIMEOUT; received 0 response(s) [] and 0 exception(s); e3fb79a3-1f86-42af-a80c-c46d1acdbc29@group-7855C2F36E53:t423, leader=null, voted=e3fb79a3-1f86-42af-a80c-c46d1acdbc29, raftlog=e3fb79a3-1f86-42af-a80c-c46d1acdbc29@group-7855C2F36E53-SegmentedRaftLog:OPENED:c-1,f-1,i0, conf=-1: [e3fb79a3-1f86-42af-a80c-c46d1acdbc29:192.168.157.194:44142, 81ff859e-e76f-43f5-951a-4a38422068cb:192.168.157.194:46532, a9143d84-6d7f-497d-b770-eb75585db3c7:192.168.157.194:42126], old=null
2019-11-04 16:02:53,814 [e3fb79a3-1f86-42af-a80c-c46d1acdbc29@group-7855C2F36E53-LeaderElection383] INFO  impl.LeaderElection (LeaderElection.java:askForVotes(178)) - e3fb79a3-1f86-42af-a80c-c46d1acdbc29@group-7855C2F36E53-LeaderElection383: begin an election at term 424 for -1: [e3fb79a3-1f86-42af-a80c-c46d1acdbc29:192.168.157.194:44142, 81ff859e-e76f-43f5-951a-4a38422068cb:192.168.157.194:46532, a9143d84-6d7f-497d-b770-eb75585db3c7:192.168.157.194:42126], old=null
2019-11-04 16:02:53,816 [grpc-default-executor-4] INFO  impl.RaftServerImpl (RaftServerImpl.java:setRole(184)) - 81ff859e-e76f-43f5-951a-4a38422068cb@group-7855C2F36E53: changes role from  FOLLOWER to FOLLOWER at term 424 for recognizeCandidate:e3fb79a3-1f86-42af-a80c-c46d1acdbc29
2019-11-04 16:02:53,816 [grpc-default-executor-4] INFO  impl.RoleInfo (RoleInfo.java:shutdownFollowerState(121)) - 81ff859e-e76f-43f5-951a-4a38422068cb: shutdown FollowerState
2019-11-04 16:02:53,816 [grpc-default-executor-1] INFO  impl.RaftServerImpl (RaftServerImpl.java:setRole(184)) - a9143d84-6d7f-497d-b770-eb75585db3c7@group-7855C2F36E53: changes role from  FOLLOWER to FOLLOWER at term 424 for recognizeCandidate:e3fb79a3-1f86-42af-a80c-c46d1acdbc29
2019-11-04 16:02:53,816 [grpc-default-executor-4] INFO  impl.RoleInfo (RoleInfo.java:updateAndGet(143)) - 81ff859e-e76f-43f5-951a-4a38422068cb: start FollowerState
2019-11-04 16:02:53,816 [Thread-2795] INFO  impl.FollowerState (FollowerState.java:run(117)) - 81ff859e-e76f-43f5-951a-4a38422068cb@group-7855C2F36E53-FollowerState was interrupted: java.lang.InterruptedException: sleep interrupted
2019-11-04 16:02:53,816 [grpc-default-executor-1] INFO  impl.RoleInfo (RoleInfo.java:shutdownFollowerState(121)) - a9143d84-6d7f-497d-b770-eb75585db3c7: shutdown FollowerState
2019-11-04 16:02:53,817 [grpc-default-executor-1] INFO  impl.RoleInfo (RoleInfo.java:updateAndGet(143)) - a9143d84-6d7f-497d-b770-eb75585db3c7: start FollowerState
2019-11-04 16:02:53,817 [Thread-2796] INFO  impl.FollowerState (FollowerState.java:run(117)) - a9143d84-6d7f-497d-b770-eb75585db3c7@group-7855C2F36E53-FollowerState was interrupted: java.lang.InterruptedException: sleep interrupted
2019-11-04 16:02:53,841 [e3fb79a3-1f86-42af-a80c-c46d1acdbc29@group-7855C2F36E53-LeaderElection383] INFO  impl.LeaderElection (LeaderElection.java:logAndReturn(56)) - e3fb79a3-1f86-42af-a80c-c46d1acdbc29@group-7855C2F36E53-LeaderElection383: Election REJECTED; received 2 response(s) [e3fb79a3-1f86-42af-a80c-c46d1acdbc29<-81ff859e-e76f-43f5-951a-4a38422068cb#0:FAIL-t424, e3fb79a3-1f86-42af-a80c-c46d1acdbc29<-a9143d84-6d7f-497d-b770-eb75585db3c7#0:FAIL-t424] and 0 exception(s); e3fb79a3-1f86-42af-a80c-c46d1acdbc29@group-7855C2F36E53:t424, leader=null, voted=e3fb79a3-1f86-42af-a80c-c46d1acdbc29, raftlog=e3fb79a3-1f86-42af-a80c-c46d1acdbc29@group-7855C2F36E53-SegmentedRaftLog:OPENED:c-1,f-1,i0, conf=-1: [e3fb79a3-1f86-42af-a80c-c46d1acdbc29:192.168.157.194:44142, 81ff859e-e76f-43f5-951a-4a38422068cb:192.168.157.194:46532, a9143d84-6d7f-497d-b770-eb75585db3c7:192.168.157.194:42126], old=null
2019-11-04 16:02:53,841 [e3fb79a3-1f86-42af-a80c-c46d1acdbc29@group-7855C2F36E53-LeaderElection383] INFO  impl.RaftServerImpl (RaftServerImpl.java:setRole(184)) - e3fb79a3-1f86-42af-a80c-c46d1acdbc29@group-7855C2F36E53: changes role from CANDIDATE to FOLLOWER at term 424 for DISCOVERED_A_NEW_TERM
2019-11-04 16:02:53,841 [e3fb79a3-1f86-42af-a80c-c46d1acdbc29@group-7855C2F36E53-LeaderElection383] INFO  impl.RoleInfo (RoleInfo.java:shutdownLeaderElection(134)) - e3fb79a3-1f86-42af-a80c-c46d1acdbc29: shutdown LeaderElection
2019-11-04 16:02:53,841 [e3fb79a3-1f86-42af-a80c-c46d1acdbc29@group-7855C2F36E53-LeaderElection383] INFO  impl.RoleInfo (RoleInfo.java:updateAndGet(143)) - e3fb79a3-1f86-42af-a80c-c46d1acdbc29: start FollowerState
2019-11-04 16:02:53,851 [Thread-2801] INFO  impl.FollowerState (FollowerState.java:run(108)) - e3fb79a3-1f86-42af-a80c-c46d1acdbc29@group-7855C2F36E53-FollowerState: change to CANDIDATE, lastRpcTime:9ms, electionTimeout:9ms
2019-11-04 16:02:53,851 [Thread-2801] INFO  impl.RoleInfo (RoleInfo.java:shutdownFollowerState(121)) - e3fb79a3-1f86-42af-a80c-c46d1acdbc29: shutdown FollowerState
2019-11-04 16:02:53,851 [Thread-2801] INFO  impl.RaftServerImpl (RaftServerImpl.java:setRole(184)) - e3fb79a3-1f86-42af-a80c-c46d1acdbc29@group-7855C2F36E53: changes role from  FOLLOWER to CANDIDATE at term 424 for changeToCandidate
2019-11-04 16:02:53,851 [Thread-2801] INFO  impl.RoleInfo (RoleInfo.java:updateAndGet(143)) - e3fb79a3-1f86-42af-a80c-c46d1acdbc29: start LeaderElection
2019-11-04 16:02:53,856 [e3fb79a3-1f86-42af-a80c-c46d1acdbc29@group-7855C2F36E53-LeaderElection384] INFO  impl.LeaderElection (LeaderElection.java:askForVotes(178)) - e3fb79a3-1f86-42af-a80c-c46d1acdbc29@group-7855C2F36E53-LeaderElection384: begin an election at term 425 for -1: [e3fb79a3-1f86-42af-a80c-c46d1acdbc29:192.168.157.194:44142, 81ff859e-e76f-43f5-951a-4a38422068cb:192.168.157.194:46532, a9143d84-6d7f-497d-b770-eb75585db3c7:192.168.157.194:42126], old=null
2019-11-04 16:02:53,858 [grpc-default-executor-4] INFO  impl.RaftServerImpl (RaftServerImpl.java:setRole(184)) - 81ff859e-e76f-43f5-951a-4a38422068cb@group-7855C2F36E53: changes role from  FOLLOWER to FOLLOWER at term 425 for recognizeCandidate:e3fb79a3-1f86-42af-a80c-c46d1acdbc29
2019-11-04 16:02:53,858 [grpc-default-executor-4] INFO  impl.RoleInfo (RoleInfo.java:shutdownFollowerState(121)) - 81ff859e-e76f-43f5-951a-4a38422068cb: shutdown FollowerState
2019-11-04 16:02:53,858 [grpc-default-executor-4] INFO  impl.RoleInfo (RoleInfo.java:updateAndGet(143)) - 81ff859e-e76f-43f5-951a-4a38422068cb: start FollowerState
2019-11-04 16:02:53,858 [Thread-2799] INFO  impl.FollowerState (FollowerState.java:run(117)) - 81ff859e-e76f-43f5-951a-4a38422068cb@group-7855C2F36E53-FollowerState was interrupted: java.lang.InterruptedException: sleep interrupted
2019-11-04 16:02:53,858 [grpc-default-executor-1] INFO  impl.RaftServerImpl (RaftServerImpl.java:setRole(184)) - a9143d84-6d7f-497d-b770-eb75585db3c7@group-7855C2F36E53: changes role from  FOLLOWER to FOLLOWER at term 425 for recognizeCandidate:e3fb79a3-1f86-42af-a80c-c46d1acdbc29
2019-11-04 16:02:53,859 [grpc-default-executor-1] INFO  impl.RoleInfo (RoleInfo.java:shutdownFollowerState(121)) - a9143d84-6d7f-497d-b770-eb75585db3c7: shutdown FollowerState
2019-11-04 16:02:53,859 [grpc-default-executor-1] INFO  impl.RoleInfo (RoleInfo.java:updateAndGet(143)) - a9143d84-6d7f-497d-b770-eb75585db3c7: start FollowerState
2019-11-04 16:02:53,859 [Thread-2800] INFO  impl.FollowerState (FollowerState.java:run(117)) - a9143d84-6d7f-497d-b770-eb75585db3c7@group-7855C2F36E53-FollowerState was interrupted: java.lang.InterruptedException: sleep interrupted
2019-11-04 16:02:53,876 [e3fb79a3-1f86-42af-a80c-c46d1acdbc29@group-7855C2F36E53-LeaderElection384] INFO  impl.LeaderElection (LeaderElection.java:logAndReturn(56)) - e3fb79a3-1f86-42af-a80c-c46d1acdbc29@group-7855C2F36E53-LeaderElection384: Election TIMEOUT; received 0 response(s) [] and 0 exception(s); e3fb79a3-1f86-42af-a80c-c46d1acdbc29@group-7855C2F36E53:t425, leader=null, voted=e3fb79a3-1f86-42af-a80c-c46d1acdbc29, raftlog=e3fb79a3-1f86-42af-a80c-c46d1acdbc29@group-7855C2F36E53-SegmentedRaftLog:OPENED:c-1,f-1,i0, conf=-1: [e3fb79a3-1f86-42af-a80c-c46d1acdbc29:192.168.157.194:44142, 81ff859e-e76f-43f5-951a-4a38422068cb:192.168.157.194:46532, a9143d84-6d7f-497d-b770-eb75585db3c7:192.168.157.194:42126], old=null
2019-11-04 16:02:53,888 [e3fb79a3-1f86-42af-a80c-c46d1acdbc29@group-7855C2F36E53-LeaderElection384] INFO  impl.LeaderElection (LeaderElection.java:askForVotes(178)) - e3fb79a3-1f86-42af-a80c-c46d1acdbc29@group-7855C2F36E53-LeaderElection384: begin an election at term 426 for -1: [e3fb79a3-1f86-42af-a80c-c46d1acdbc29:192.168.157.194:44142, 81ff859e-e76f-43f5-951a-4a38422068cb:192.168.157.194:46532, a9143d84-6d7f-497d-b770-eb75585db3c7:192.168.157.194:42126], old=null
2019-11-04 16:02:53,890 [grpc-default-executor-1] INFO  impl.RaftServerImpl (RaftServerImpl.java:setRole(184)) - 81ff859e-e76f-43f5-951a-4a38422068cb@group-7855C2F36E53: changes role from  FOLLOWER to FOLLOWER at term 426 for recognizeCandidate:e3fb79a3-1f86-42af-a80c-c46d1acdbc29
2019-11-04 16:02:53,890 [grpc-default-executor-4] INFO  impl.RaftServerImpl (RaftServerImpl.java:setRole(184)) - a9143d84-6d7f-497d-b770-eb75585db3c7@group-7855C2F36E53: changes role from  FOLLOWER to FOLLOWER at term 426 for recognizeCandidate:e3fb79a3-1f86-42af-a80c-c46d1acdbc29
2019-11-04 16:02:53,890 [grpc-default-executor-1] INFO  impl.RoleInfo (RoleInfo.java:shutdownFollowerState(121)) - 81ff859e-e76f-43f5-951a-4a38422068cb: shutdown FollowerState
2019-11-04 16:02:53,890 [grpc-default-executor-4] INFO  impl.RoleInfo (RoleInfo.java:shutdownFollowerState(121)) - a9143d84-6d7f-497d-b770-eb75585db3c7: shutdown FollowerState
2019-11-04 16:02:53,890 [Thread-2805] INFO  impl.FollowerState (FollowerState.java:run(117)) - 81ff859e-e76f-43f5-951a-4a38422068cb@group-7855C2F36E53-FollowerState was interrupted: java.lang.InterruptedException: sleep interrupted
2019-11-04 16:02:53,890 [grpc-default-executor-1] INFO  impl.RoleInfo (RoleInfo.java:updateAndGet(143)) - 81ff859e-e76f-43f5-951a-4a38422068cb: start FollowerState
2019-11-04 16:02:53,890 [Thread-2806] INFO  impl.FollowerState (FollowerState.java:run(117)) - a9143d84-6d7f-497d-b770-eb75585db3c7@group-7855C2F36E53-FollowerState was interrupted: java.lang.InterruptedException: sleep interrupted
2019-11-04 16:02:53,890 [grpc-default-executor-4] INFO  impl.RoleInfo (RoleInfo.java:updateAndGet(143)) - a9143d84-6d7f-497d-b770-eb75585db3c7: start FollowerState
2019-11-04 16:02:53,897 [e3fb79a3-1f86-42af-a80c-c46d1acdbc29@group-7855C2F36E53-LeaderElection384] INFO  impl.LeaderElection (LeaderElection.java:logAndReturn(56)) - e3fb79a3-1f86-42af-a80c-c46d1acdbc29@group-7855C2F36E53-LeaderElection384: Election REJECTED; received 2 response(s) [e3fb79a3-1f86-42af-a80c-c46d1acdbc29<-81ff859e-e76f-43f5-951a-4a38422068cb#0:FAIL-t426, e3fb79a3-1f86-42af-a80c-c46d1acdbc29<-a9143d84-6d7f-497d-b770-eb75585db3c7#0:FAIL-t426] and 0 exception(s); e3fb79a3-1f86-42af-a80c-c46d1acdbc29@group-7855C2F36E53:t426, leader=null, voted=e3fb79a3-1f86-42af-a80c-c46d1acdbc29, raftlog=e3fb79a3-1f86-42af-a80c-c46d1acdbc29@group-7855C2F36E53-SegmentedRaftLog:OPENED:c-1,f-1,i0, conf=-1: [e3fb79a3-1f86-42af-a80c-c46d1acdbc29:192.168.157.194:44142, 81ff859e-e76f-43f5-951a-4a38422068cb:192.168.157.194:46532, a9143d84-6d7f-497d-b770-eb75585db3c7:192.168.157.194:42126], old=null
2019-11-04 16:02:53,897 [e3fb79a3-1f86-42af-a80c-c46d1acdbc29@group-7855C2F36E53-LeaderElection384] INFO  impl.RaftServerImpl (RaftServerImpl.java:setRole(184)) - e3fb79a3-1f86-42af-a80c-c46d1acdbc29@group-7855C2F36E53: changes role from CANDIDATE to FOLLOWER at term 426 for DISCOVERED_A_NEW_TERM
2019-11-04 16:02:53,897 [e3fb79a3-1f86-42af-a80c-c46d1acdbc29@group-7855C2F36E53-LeaderElection384] INFO  impl.RoleInfo (RoleInfo.java:shutdownLeaderElection(134)) - e3fb79a3-1f86-42af-a80c-c46d1acdbc29: shutdown LeaderElection
2019-11-04 16:02:53,898 [e3fb79a3-1f86-42af-a80c-c46d1acdbc29@group-7855C2F36E53-LeaderElection384] INFO  impl.RoleInfo (RoleInfo.java:updateAndGet(143)) - e3fb79a3-1f86-42af-a80c-c46d1acdbc29: start FollowerState
2019-11-04 16:02:54,074 [Thread-2811] INFO  impl.FollowerState (FollowerState.java:run(108)) - e3fb79a3-1f86-42af-a80c-c46d1acdbc29@group-7855C2F36E53-FollowerState: change to CANDIDATE, lastRpcTime:176ms, electionTimeout:176ms
2019-11-04 16:02:54,074 [Thread-2811] INFO  impl.RoleInfo (RoleInfo.java:shutdownFollowerState(121)) - e3fb79a3-1f86-42af-a80c-c46d1acdbc29: shutdown FollowerState
2019-11-04 16:02:54,074 [Thread-2811] INFO  impl.RaftServerImpl (RaftServerImpl.java:setRole(184)) - e3fb79a3-1f86-42af-a80c-c46d1acdbc29@group-7855C2F36E53: changes role from  FOLLOWER to CANDIDATE at term 426 for changeToCandidate
2019-11-04 16:02:54,075 [Thread-2811] INFO  impl.RoleInfo (RoleInfo.java:updateAndGet(143)) - e3fb79a3-1f86-42af-a80c-c46d1acdbc29: start LeaderElection
2019-11-04 16:02:54,101 [e3fb79a3-1f86-42af-a80c-c46d1acdbc29@group-7855C2F36E53-LeaderElection385] INFO  impl.LeaderElection (LeaderElection.java:askForVotes(178)) - e3fb79a3-1f86-42af-a80c-c46d1acdbc29@group-7855C2F36E53-LeaderElection385: begin an election at term 427 for -1: [e3fb79a3-1f86-42af-a80c-c46d1acdbc29:192.168.157.194:44142, 81ff859e-e76f-43f5-951a-4a38422068cb:192.168.157.194:46532, a9143d84-6d7f-497d-b770-eb75585db3c7:192.168.157.194:42126], old=null
2019-11-04 16:02:54,103 [grpc-default-executor-1] INFO  impl.RaftServerImpl (RaftServerImpl.java:setRole(184)) - 81ff859e-e76f-43f5-951a-4a38422068cb@group-7855C2F36E53: changes role from  FOLLOWER to FOLLOWER at term 427 for recognizeCandidate:e3fb79a3-1f86-42af-a80c-c46d1acdbc29
2019-11-04 16:02:54,103 [grpc-default-executor-1] INFO  impl.RoleInfo (RoleInfo.java:shutdownFollowerState(121)) - 81ff859e-e76f-43f5-951a-4a38422068cb: shutdown FollowerState
2019-11-04 16:02:54,103 [grpc-default-executor-4] INFO  impl.RaftServerImpl (RaftServerImpl.java:setRole(184)) - a9143d84-6d7f-497d-b770-eb75585db3c7@group-7855C2F36E53: changes role from  FOLLOWER to FOLLOWER at term 427 for recognizeCandidate:e3fb79a3-1f86-42af-a80c-c46d1acdbc29
2019-11-04 16:02:54,103 [grpc-default-executor-4] INFO  impl.RoleInfo (RoleInfo.java:shutdownFollowerState(121)) - a9143d84-6d7f-497d-b770-eb75585db3c7: shutdown FollowerState
2019-11-04 16:02:54,103 [Thread-2809] INFO  impl.FollowerState (FollowerState.java:run(117)) - 81ff859e-e76f-43f5-951a-4a38422068cb@group-7855C2F36E53-FollowerState was interrupted: java.lang.InterruptedException: sleep interrupted
2019-11-04 16:02:54,103 [grpc-default-executor-1] INFO  impl.RoleInfo (RoleInfo.java:updateAndGet(143)) - 81ff859e-e76f-43f5-951a-4a38422068cb: start FollowerState
2019-11-04 16:02:54,103 [Thread-2810] INFO  impl.FollowerState (FollowerState.java:run(117)) - a9143d84-6d7f-497d-b770-eb75585db3c7@group-7855C2F36E53-FollowerState was interrupted: java.lang.InterruptedException: sleep interrupted
2019-11-04 16:02:54,103 [grpc-default-executor-4] INFO  impl.RoleInfo (RoleInfo.java:updateAndGet(143)) - a9143d84-6d7f-497d-b770-eb75585db3c7: start FollowerState
2019-11-04 16:02:54,130 [e3fb79a3-1f86-42af-a80c-c46d1acdbc29@group-7855C2F36E53-LeaderElection385] INFO  impl.LeaderElection (LeaderElection.java:logAndReturn(56)) - e3fb79a3-1f86-42af-a80c-c46d1acdbc29@group-7855C2F36E53-LeaderElection385: Election REJECTED; received 2 response(s) [e3fb79a3-1f86-42af-a80c-c46d1acdbc29<-81ff859e-e76f-43f5-951a-4a38422068cb#0:FAIL-t427, e3fb79a3-1f86-42af-a80c-c46d1acdbc29<-a9143d84-6d7f-497d-b770-eb75585db3c7#0:FAIL-t427] and 0 exception(s); e3fb79a3-1f86-42af-a80c-c46d1acdbc29@group-7855C2F36E53:t427, leader=null, voted=e3fb79a3-1f86-42af-a80c-c46d1acdbc29, raftlog=e3fb79a3-1f86-42af-a80c-c46d1acdbc29@group-7855C2F36E53-SegmentedRaftLog:OPENED:c-1,f-1,i0, conf=-1: [e3fb79a3-1f86-42af-a80c-c46d1acdbc29:192.168.157.194:44142, 81ff859e-e76f-43f5-951a-4a38422068cb:192.168.157.194:46532, a9143d84-6d7f-497d-b770-eb75585db3c7:192.168.157.194:42126], old=null
2019-11-04 16:02:54,130 [e3fb79a3-1f86-42af-a80c-c46d1acdbc29@group-7855C2F36E53-LeaderElection385] INFO  impl.RaftServerImpl (RaftServerImpl.java:setRole(184)) - e3fb79a3-1f86-42af-a80c-c46d1acdbc29@group-7855C2F36E53: changes role from CANDIDATE to FOLLOWER at term 427 for DISCOVERED_A_NEW_TERM
2019-11-04 16:02:54,130 [e3fb79a3-1f86-42af-a80c-c46d1acdbc29@group-7855C2F36E53-LeaderElection385] INFO  impl.RoleInfo (RoleInfo.java:shutdownLeaderElection(134)) - e3fb79a3-1f86-42af-a80c-c46d1acdbc29: shutdown LeaderElection
2019-11-04 16:02:54,130 [e3fb79a3-1f86-42af-a80c-c46d1acdbc29@group-7855C2F36E53-LeaderElection385] INFO  impl.RoleInfo (RoleInfo.java:updateAndGet(143)) - e3fb79a3-1f86-42af-a80c-c46d1acdbc29: start FollowerState
2019-11-04 16:02:54,268 [Thread-2817] INFO  impl.FollowerState (FollowerState.java:run(108)) - e3fb79a3-1f86-42af-a80c-c46d1acdbc29@group-7855C2F36E53-FollowerState: change to CANDIDATE, lastRpcTime:137ms, electionTimeout:137ms
2019-11-04 16:02:54,268 [Thread-2817] INFO  impl.RoleInfo (RoleInfo.java:shutdownFollowerState(121)) - e3fb79a3-1f86-42af-a80c-c46d1acdbc29: shutdown FollowerState
2019-11-04 16:02:54,268 [Thread-2817] INFO  impl.RaftServerImpl (RaftServerImpl.java:setRole(184)) - e3fb79a3-1f86-42af-a80c-c46d1acdbc29@group-7855C2F36E53: changes role from  FOLLOWER to CANDIDATE at term 427 for changeToCandidate
2019-11-04 16:02:54,268 [Thread-2817] INFO  impl.RoleInfo (RoleInfo.java:updateAndGet(143)) - e3fb79a3-1f86-42af-a80c-c46d1acdbc29: start LeaderElection
2019-11-04 16:02:54,282 [e3fb79a3-1f86-42af-a80c-c46d1acdbc29@group-7855C2F36E53-LeaderElection386] INFO  impl.LeaderElection (LeaderElection.java:askForVotes(178)) - e3fb79a3-1f86-42af-a80c-c46d1acdbc29@group-7855C2F36E53-LeaderElection386: begin an election at term 428 for -1: [e3fb79a3-1f86-42af-a80c-c46d1acdbc29:192.168.157.194:44142, 81ff859e-e76f-43f5-951a-4a38422068cb:192.168.157.194:46532, a9143d84-6d7f-497d-b770-eb75585db3c7:192.168.157.194:42126], old=null
2019-11-04 16:02:54,284 [grpc-default-executor-1] INFO  impl.RaftServerImpl (RaftServerImpl.java:setRole(184)) - 81ff859e-e76f-43f5-951a-4a38422068cb@group-7855C2F36E53: changes role from  FOLLOWER to FOLLOWER at term 428 for recognizeCandidate:e3fb79a3-1f86-42af-a80c-c46d1acdbc29
2019-11-04 16:02:54,284 [grpc-default-executor-4] INFO  impl.RaftServerImpl (RaftServerImpl.java:setRole(184)) - a9143d84-6d7f-497d-b770-eb75585db3c7@group-7855C2F36E53: changes role from  FOLLOWER to FOLLOWER at term 428 for recognizeCandidate:e3fb79a3-1f86-42af-a80c-c46d1acdbc29
2019-11-04 16:02:54,284 [grpc-default-executor-1] INFO  impl.RoleInfo (RoleInfo.java:shutdownFollowerState(121)) - 81ff859e-e76f-43f5-951a-4a38422068cb: shutdown FollowerState
2019-11-04 16:02:54,284 [grpc-default-executor-4] INFO  impl.RoleInfo (RoleInfo.java:shutdownFollowerState(121)) - a9143d84-6d7f-497d-b770-eb75585db3c7: shutdown FollowerState
2019-11-04 16:02:54,285 [Thread-2815] INFO  impl.FollowerState (FollowerState.java:run(117)) - 81ff859e-e76f-43f5-951a-4a38422068cb@group-7855C2F36E53-FollowerState was interrupted: java.lang.InterruptedException: sleep interrupted
2019-11-04 16:02:54,285 [grpc-default-executor-1] INFO  impl.RoleInfo (RoleInfo.java:updateAndGet(143)) - 81ff859e-e76f-43f5-951a-4a38422068cb: start FollowerState
2019-11-04 16:02:54,285 [Thread-2816] INFO  impl.FollowerState (FollowerState.java:run(117)) - a9143d84-6d7f-497d-b770-eb75585db3c7@group-7855C2F36E53-FollowerState was interrupted: java.lang.InterruptedException: sleep interrupted
2019-11-04 16:02:54,285 [grpc-default-executor-4] INFO  impl.RoleInfo (RoleInfo.java:updateAndGet(143)) - a9143d84-6d7f-497d-b770-eb75585db3c7: start FollowerState
2019-11-04 16:02:54,300 [e3fb79a3-1f86-42af-a80c-c46d1acdbc29@group-7855C2F36E53-LeaderElection386] INFO  impl.LeaderElection (LeaderElection.java:logAndReturn(56)) - e3fb79a3-1f86-42af-a80c-c46d1acdbc29@group-7855C2F36E53-LeaderElection386: Election REJECTED; received 2 response(s) [e3fb79a3-1f86-42af-a80c-c46d1acdbc29<-81ff859e-e76f-43f5-951a-4a38422068cb#0:FAIL-t428, e3fb79a3-1f86-42af-a80c-c46d1acdbc29<-a9143d84-6d7f-497d-b770-eb75585db3c7#0:FAIL-t428] and 0 exception(s); e3fb79a3-1f86-42af-a80c-c46d1acdbc29@group-7855C2F36E53:t428, leader=null, voted=e3fb79a3-1f86-42af-a80c-c46d1acdbc29, raftlog=e3fb79a3-1f86-42af-a80c-c46d1acdbc29@group-7855C2F36E53-SegmentedRaftLog:OPENED:c-1,f-1,i0, conf=-1: [e3fb79a3-1f86-42af-a80c-c46d1acdbc29:192.168.157.194:44142, 81ff859e-e76f-43f5-951a-4a38422068cb:192.168.157.194:46532, a9143d84-6d7f-497d-b770-eb75585db3c7:192.168.157.194:42126], old=null
2019-11-04 16:02:54,300 [e3fb79a3-1f86-42af-a80c-c46d1acdbc29@group-7855C2F36E53-LeaderElection386] INFO  impl.RaftServerImpl (RaftServerImpl.java:setRole(184)) - e3fb79a3-1f86-42af-a80c-c46d1acdbc29@group-7855C2F36E53: changes role from CANDIDATE to FOLLOWER at term 428 for DISCOVERED_A_NEW_TERM
2019-11-04 16:02:54,300 [e3fb79a3-1f86-42af-a80c-c46d1acdbc29@group-7855C2F36E53-LeaderElection386] INFO  impl.RoleInfo (RoleInfo.java:shutdownLeaderElection(134)) - e3fb79a3-1f86-42af-a80c-c46d1acdbc29: shutdown LeaderElection
2019-11-04 16:02:54,300 [e3fb79a3-1f86-42af-a80c-c46d1acdbc29@group-7855C2F36E53-LeaderElection386] INFO  impl.RoleInfo (RoleInfo.java:updateAndGet(143)) - e3fb79a3-1f86-42af-a80c-c46d1acdbc29: start FollowerState
2019-11-04 16:02:54,478 [Thread-2824] INFO  impl.FollowerState (FollowerState.java:run(108)) - e3fb79a3-1f86-42af-a80c-c46d1acdbc29@group-7855C2F36E53-FollowerState: change to CANDIDATE, lastRpcTime:178ms, electionTimeout:178ms
2019-11-04 16:02:54,479 [Thread-2824] INFO  impl.RoleInfo (RoleInfo.java:shutdownFollowerState(121)) - e3fb79a3-1f86-42af-a80c-c46d1acdbc29: shutdown FollowerState
2019-11-04 16:02:54,479 [Thread-2824] INFO  impl.RaftServerImpl (RaftServerImpl.java:setRole(184)) - e3fb79a3-1f86-42af-a80c-c46d1acdbc29@group-7855C2F36E53: changes role from  FOLLOWER to CANDIDATE at term 428 for changeToCandidate
2019-11-04 16:02:54,479 [Thread-2824] INFO  impl.RoleInfo (RoleInfo.java:updateAndGet(143)) - e3fb79a3-1f86-42af-a80c-c46d1acdbc29: start LeaderElection
2019-11-04 16:02:54,493 [e3fb79a3-1f86-42af-a80c-c46d1acdbc29@group-7855C2F36E53-LeaderElection387] INFO  impl.LeaderElection (LeaderElection.java:askForVotes(178)) - e3fb79a3-1f86-42af-a80c-c46d1acdbc29@group-7855C2F36E53-LeaderElection387: begin an election at term 429 for -1: [e3fb79a3-1f86-42af-a80c-c46d1acdbc29:192.168.157.194:44142, 81ff859e-e76f-43f5-951a-4a38422068cb:192.168.157.194:46532, a9143d84-6d7f-497d-b770-eb75585db3c7:192.168.157.194:42126], old=null
2019-11-04 16:02:54,494 [grpc-default-executor-4] INFO  impl.RaftServerImpl (RaftServerImpl.java:setRole(184)) - 81ff859e-e76f-43f5-951a-4a38422068cb@group-7855C2F36E53: changes role from  FOLLOWER to FOLLOWER at term 429 for recognizeCandidate:e3fb79a3-1f86-42af-a80c-c46d1acdbc29
2019-11-04 16:02:54,494 [grpc-default-executor-1] INFO  impl.RaftServerImpl (RaftServerImpl.java:setRole(184)) - a9143d84-6d7f-497d-b770-eb75585db3c7@group-7855C2F36E53: changes role from  FOLLOWER to FOLLOWER at term 429 for recognizeCandidate:e3fb79a3-1f86-42af-a80c-c46d1acdbc29
2019-11-04 16:02:54,494 [grpc-default-executor-4] INFO  impl.RoleInfo (RoleInfo.java:shutdownFollowerState(121)) - 81ff859e-e76f-43f5-951a-4a38422068cb: shutdown FollowerState
2019-11-04 16:02:54,495 [grpc-default-executor-1] INFO  impl.RoleInfo (RoleInfo.java:shutdownFollowerState(121)) - a9143d84-6d7f-497d-b770-eb75585db3c7: shutdown FollowerState
2019-11-04 16:02:54,495 [Thread-2822] INFO  impl.FollowerState (FollowerState.java:run(117)) - 81ff859e-e76f-43f5-951a-4a38422068cb@group-7855C2F36E53-FollowerState was interrupted: java.lang.InterruptedException: sleep interrupted
2019-11-04 16:02:54,495 [grpc-default-executor-4] INFO  impl.RoleInfo (RoleInfo.java:updateAndGet(143)) - 81ff859e-e76f-43f5-951a-4a38422068cb: start FollowerState
2019-11-04 16:02:54,495 [Thread-2823] INFO  impl.FollowerState (FollowerState.java:run(117)) - a9143d84-6d7f-497d-b770-eb75585db3c7@group-7855C2F36E53-FollowerState was interrupted: java.lang.InterruptedException: sleep interrupted
2019-11-04 16:02:54,495 [grpc-default-executor-1] INFO  impl.RoleInfo (RoleInfo.java:updateAndGet(143)) - a9143d84-6d7f-497d-b770-eb75585db3c7: start FollowerState
2019-11-04 16:02:54,507 [e3fb79a3-1f86-42af-a80c-c46d1acdbc29@group-7855C2F36E53-LeaderElection387] INFO  impl.LeaderElection (LeaderElection.java:logAndReturn(56)) - e3fb79a3-1f86-42af-a80c-c46d1acdbc29@group-7855C2F36E53-LeaderElection387: Election REJECTED; received 2 response(s) [e3fb79a3-1f86-42af-a80c-c46d1acdbc29<-81ff859e-e76f-43f5-951a-4a38422068cb#0:FAIL-t429, e3fb79a3-1f86-42af-a80c-c46d1acdbc29<-a9143d84-6d7f-497d-b770-eb75585db3c7#0:FAIL-t429] and 0 exception(s); e3fb79a3-1f86-42af-a80c-c46d1acdbc29@group-7855C2F36E53:t429, leader=null, voted=e3fb79a3-1f86-42af-a80c-c46d1acdbc29, raftlog=e3fb79a3-1f86-42af-a80c-c46d1acdbc29@group-7855C2F36E53-SegmentedRaftLog:OPENED:c-1,f-1,i0, conf=-1: [e3fb79a3-1f86-42af-a80c-c46d1acdbc29:192.168.157.194:44142, 81ff859e-e76f-43f5-951a-4a38422068cb:192.168.157.194:46532, a9143d84-6d7f-497d-b770-eb75585db3c7:192.168.157.194:42126], old=null
2019-11-04 16:02:54,507 [e3fb79a3-1f86-42af-a80c-c46d1acdbc29@group-7855C2F36E53-LeaderElection387] INFO  impl.RaftServerImpl (RaftServerImpl.java:setRole(184)) - e3fb79a3-1f86-42af-a80c-c46d1acdbc29@group-7855C2F36E53: changes role from CANDIDATE to FOLLOWER at term 429 for DISCOVERED_A_NEW_TERM
2019-11-04 16:02:54,507 [e3fb79a3-1f86-42af-a80c-c46d1acdbc29@group-7855C2F36E53-LeaderElection387] INFO  impl.RoleInfo (RoleInfo.java:shutdownLeaderElection(134)) - e3fb79a3-1f86-42af-a80c-c46d1acdbc29: shutdown LeaderElection
2019-11-04 16:02:54,507 [e3fb79a3-1f86-42af-a80c-c46d1acdbc29@group-7855C2F36E53-LeaderElection387] INFO  impl.RoleInfo (RoleInfo.java:updateAndGet(143)) - e3fb79a3-1f86-42af-a80c-c46d1acdbc29: start FollowerState
2019-11-04 16:02:54,596 [Thread-2833] INFO  impl.FollowerState (FollowerState.java:run(108)) - e3fb79a3-1f86-42af-a80c-c46d1acdbc29@group-7855C2F36E53-FollowerState: change to CANDIDATE, lastRpcTime:88ms, electionTimeout:88ms
2019-11-04 16:02:54,596 [Thread-2833] INFO  impl.RoleInfo (RoleInfo.java:shutdownFollowerState(121)) - e3fb79a3-1f86-42af-a80c-c46d1acdbc29: shutdown FollowerState
2019-11-04 16:02:54,596 [Thread-2833] INFO  impl.RaftServerImpl (RaftServerImpl.java:setRole(184)) - e3fb79a3-1f86-42af-a80c-c46d1acdbc29@group-7855C2F36E53: changes role from  FOLLOWER to CANDIDATE at term 429 for changeToCandidate
2019-11-04 16:02:54,596 [Thread-2833] INFO  impl.RoleInfo (RoleInfo.java:updateAndGet(143)) - e3fb79a3-1f86-42af-a80c-c46d1acdbc29: start LeaderElection
2019-11-04 16:02:54,603 [e3fb79a3-1f86-42af-a80c-c46d1acdbc29@group-7855C2F36E53-LeaderElection388] INFO  impl.LeaderElection (LeaderElection.java:askForVotes(178)) - e3fb79a3-1f86-42af-a80c-c46d1acdbc29@group-7855C2F36E53-LeaderElection388: begin an election at term 430 for -1: [e3fb79a3-1f86-42af-a80c-c46d1acdbc29:192.168.157.194:44142, 81ff859e-e76f-43f5-951a-4a38422068cb:192.168.157.194:46532, a9143d84-6d7f-497d-b770-eb75585db3c7:192.168.157.194:42126], old=null
2019-11-04 16:02:54,605 [grpc-default-executor-4] INFO  impl.RaftServerImpl (RaftServerImpl.java:setRole(184)) - 81ff859e-e76f-43f5-951a-4a38422068cb@group-7855C2F36E53: changes role from  FOLLOWER to FOLLOWER at term 430 for recognizeCandidate:e3fb79a3-1f86-42af-a80c-c46d1acdbc29
2019-11-04 16:02:54,606 [grpc-default-executor-4] INFO  impl.RoleInfo (RoleInfo.java:shutdownFollowerState(121)) - 81ff859e-e76f-43f5-951a-4a38422068cb: shutdown FollowerState
2019-11-04 16:02:54,605 [grpc-default-executor-1] INFO  impl.RaftServerImpl (RaftServerImpl.java:setRole(184)) - a9143d84-6d7f-497d-b770-eb75585db3c7@group-7855C2F36E53: changes role from  FOLLOWER to FOLLOWER at term 430 for recognizeCandidate:e3fb79a3-1f86-42af-a80c-c46d1acdbc29
2019-11-04 16:02:54,606 [Thread-2831] INFO  impl.FollowerState (FollowerState.java:run(117)) - 81ff859e-e76f-43f5-951a-4a38422068cb@group-7855C2F36E53-FollowerState was interrupted: java.lang.InterruptedException: sleep interrupted
2019-11-04 16:02:54,606 [grpc-default-executor-4] INFO  impl.RoleInfo (RoleInfo.java:updateAndGet(143)) - 81ff859e-e76f-43f5-951a-4a38422068cb: start FollowerState
2019-11-04 16:02:54,606 [grpc-default-executor-1] INFO  impl.RoleInfo (RoleInfo.java:shutdownFollowerState(121)) - a9143d84-6d7f-497d-b770-eb75585db3c7: shutdown FollowerState
2019-11-04 16:02:54,606 [grpc-default-executor-1] INFO  impl.RoleInfo (RoleInfo.java:updateAndGet(143)) - a9143d84-6d7f-497d-b770-eb75585db3c7: start FollowerState
2019-11-04 16:02:54,606 [Thread-2832] INFO  impl.FollowerState (FollowerState.java:run(117)) - a9143d84-6d7f-497d-b770-eb75585db3c7@group-7855C2F36E53-FollowerState was interrupted: java.lang.InterruptedException: sleep interrupted
2019-11-04 16:02:54,620 [e3fb79a3-1f86-42af-a80c-c46d1acdbc29@group-7855C2F36E53-LeaderElection388] INFO  impl.LeaderElection (LeaderElection.java:logAndReturn(56)) - e3fb79a3-1f86-42af-a80c-c46d1acdbc29@group-7855C2F36E53-LeaderElection388: Election REJECTED; received 2 response(s) [e3fb79a3-1f86-42af-a80c-c46d1acdbc29<-81ff859e-e76f-43f5-951a-4a38422068cb#0:FAIL-t430, e3fb79a3-1f86-42af-a80c-c46d1acdbc29<-a9143d84-6d7f-497d-b770-eb75585db3c7#0:FAIL-t430] and 0 exception(s); e3fb79a3-1f86-42af-a80c-c46d1acdbc29@group-7855C2F36E53:t430, leader=null, voted=e3fb79a3-1f86-42af-a80c-c46d1acdbc29, raftlog=e3fb79a3-1f86-42af-a80c-c46d1acdbc29@group-7855C2F36E53-SegmentedRaftLog:OPENED:c-1,f-1,i0, conf=-1: [e3fb79a3-1f86-42af-a80c-c46d1acdbc29:192.168.157.194:44142, 81ff859e-e76f-43f5-951a-4a38422068cb:192.168.157.194:46532, a9143d84-6d7f-497d-b770-eb75585db3c7:192.168.157.194:42126], old=null
2019-11-04 16:02:54,620 [e3fb79a3-1f86-42af-a80c-c46d1acdbc29@group-7855C2F36E53-LeaderElection388] INFO  impl.RaftServerImpl (RaftServerImpl.java:setRole(184)) - e3fb79a3-1f86-42af-a80c-c46d1acdbc29@group-7855C2F36E53: changes role from CANDIDATE to FOLLOWER at term 430 for DISCOVERED_A_NEW_TERM
2019-11-04 16:02:54,621 [e3fb79a3-1f86-42af-a80c-c46d1acdbc29@group-7855C2F36E53-LeaderElection388] INFO  impl.RoleInfo (RoleInfo.java:shutdownLeaderElection(134)) - e3fb79a3-1f86-42af-a80c-c46d1acdbc29: shutdown LeaderElection
2019-11-04 16:02:54,621 [e3fb79a3-1f86-42af-a80c-c46d1acdbc29@group-7855C2F36E53-LeaderElection388] INFO  impl.RoleInfo (RoleInfo.java:updateAndGet(143)) - e3fb79a3-1f86-42af-a80c-c46d1acdbc29: start FollowerState
2019-11-04 16:02:54,650 [Thread-2839] INFO  impl.FollowerState (FollowerState.java:run(108)) - e3fb79a3-1f86-42af-a80c-c46d1acdbc29@group-7855C2F36E53-FollowerState: change to CANDIDATE, lastRpcTime:29ms, electionTimeout:29ms
2019-11-04 16:02:54,650 [Thread-2839] INFO  impl.RoleInfo (RoleInfo.java:shutdownFollowerState(121)) - e3fb79a3-1f86-42af-a80c-c46d1acdbc29: shutdown FollowerState
2019-11-04 16:02:54,650 [Thread-2839] INFO  impl.RaftServerImpl (RaftServerImpl.java:setRole(184)) - e3fb79a3-1f86-42af-a80c-c46d1acdbc29@group-7855C2F36E53: changes role from  FOLLOWER to CANDIDATE at term 430 for changeToCandidate
2019-11-04 16:02:54,650 [Thread-2839] INFO  impl.RoleInfo (RoleInfo.java:updateAndGet(143)) - e3fb79a3-1f86-42af-a80c-c46d1acdbc29: start LeaderElection
2019-11-04 16:02:54,657 [e3fb79a3-1f86-42af-a80c-c46d1acdbc29@group-7855C2F36E53-LeaderElection389] INFO  impl.LeaderElection (LeaderElection.java:askForVotes(178)) - e3fb79a3-1f86-42af-a80c-c46d1acdbc29@group-7855C2F36E53-LeaderElection389: begin an election at term 431 for -1: [e3fb79a3-1f86-42af-a80c-c46d1acdbc29:192.168.157.194:44142, 81ff859e-e76f-43f5-951a-4a38422068cb:192.168.157.194:46532, a9143d84-6d7f-497d-b770-eb75585db3c7:192.168.157.194:42126], old=null
2019-11-04 16:02:54,658 [grpc-default-executor-1] INFO  impl.RaftServerImpl (RaftServerImpl.java:setRole(184)) - 81ff859e-e76f-43f5-951a-4a38422068cb@group-7855C2F36E53: changes role from  FOLLOWER to FOLLOWER at term 431 for recognizeCandidate:e3fb79a3-1f86-42af-a80c-c46d1acdbc29
2019-11-04 16:02:54,658 [grpc-default-executor-1] INFO  impl.RoleInfo (RoleInfo.java:shutdownFollowerState(121)) - 81ff859e-e76f-43f5-951a-4a38422068cb: shutdown FollowerState
2019-11-04 16:02:54,659 [grpc-default-executor-1] INFO  impl.RoleInfo (RoleInfo.java:updateAndGet(143)) - 81ff859e-e76f-43f5-951a-4a38422068cb: start FollowerState
2019-11-04 16:02:54,659 [Thread-2837] INFO  impl.FollowerState (FollowerState.java:run(117)) - 81ff859e-e76f-43f5-951a-4a38422068cb@group-7855C2F36E53-FollowerState was interrupted: java.lang.InterruptedException: sleep interrupted
2019-11-04 16:02:54,659 [grpc-default-executor-4] INFO  impl.RaftServerImpl (RaftServerImpl.java:setRole(184)) - a9143d84-6d7f-497d-b770-eb75585db3c7@group-7855C2F36E53: changes role from  FOLLOWER to FOLLOWER at term 431 for recognizeCandidate:e3fb79a3-1f86-42af-a80c-c46d1acdbc29
2019-11-04 16:02:54,659 [grpc-default-executor-4] INFO  impl.RoleInfo (RoleInfo.java:shutdownFollowerState(121)) - a9143d84-6d7f-497d-b770-eb75585db3c7: shutdown FollowerState
2019-11-04 16:02:54,659 [grpc-default-executor-4] INFO  impl.RoleInfo (RoleInfo.java:updateAndGet(143)) - a9143d84-6d7f-497d-b770-eb75585db3c7: start FollowerState
2019-11-04 16:02:54,659 [Thread-2838] INFO  impl.FollowerState (FollowerState.java:run(117)) - a9143d84-6d7f-497d-b770-eb75585db3c7@group-7855C2F36E53-FollowerState was interrupted: java.lang.InterruptedException: sleep interrupted
2019-11-04 16:02:54,677 [e3fb79a3-1f86-42af-a80c-c46d1acdbc29@group-7855C2F36E53-LeaderElection389] INFO  impl.LeaderElection (LeaderElection.java:logAndReturn(56)) - e3fb79a3-1f86-42af-a80c-c46d1acdbc29@group-7855C2F36E53-LeaderElection389: Election REJECTED; received 2 response(s) [e3fb79a3-1f86-42af-a80c-c46d1acdbc29<-81ff859e-e76f-43f5-951a-4a38422068cb#0:FAIL-t431, e3fb79a3-1f86-42af-a80c-c46d1acdbc29<-a9143d84-6d7f-497d-b770-eb75585db3c7#0:FAIL-t431] and 0 exception(s); e3fb79a3-1f86-42af-a80c-c46d1acdbc29@group-7855C2F36E53:t431, leader=null, voted=e3fb79a3-1f86-42af-a80c-c46d1acdbc29, raftlog=e3fb79a3-1f86-42af-a80c-c46d1acdbc29@group-7855C2F36E53-SegmentedRaftLog:OPENED:c-1,f-1,i0, conf=-1: [e3fb79a3-1f86-42af-a80c-c46d1acdbc29:192.168.157.194:44142, 81ff859e-e76f-43f5-951a-4a38422068cb:192.168.157.194:46532, a9143d84-6d7f-497d-b770-eb75585db3c7:192.168.157.194:42126], old=null
2019-11-04 16:02:54,678 [e3fb79a3-1f86-42af-a80c-c46d1acdbc29@group-7855C2F36E53-LeaderElection389] INFO  impl.RaftServerImpl (RaftServerImpl.java:setRole(184)) - e3fb79a3-1f86-42af-a80c-c46d1acdbc29@group-7855C2F36E53: changes role from CANDIDATE to FOLLOWER at term 431 for DISCOVERED_A_NEW_TERM
2019-11-04 16:02:54,678 [e3fb79a3-1f86-42af-a80c-c46d1acdbc29@group-7855C2F36E53-LeaderElection389] INFO  impl.RoleInfo (RoleInfo.java:shutdownLeaderElection(134)) - e3fb79a3-1f86-42af-a80c-c46d1acdbc29: shutdown LeaderElection
2019-11-04 16:02:54,678 [e3fb79a3-1f86-42af-a80c-c46d1acdbc29@group-7855C2F36E53-LeaderElection389] INFO  impl.RoleInfo (RoleInfo.java:updateAndGet(143)) - e3fb79a3-1f86-42af-a80c-c46d1acdbc29: start FollowerState
2019-11-04 16:02:54,833 [Thread-2845] INFO  impl.FollowerState (FollowerState.java:run(108)) - e3fb79a3-1f86-42af-a80c-c46d1acdbc29@group-7855C2F36E53-FollowerState: change to CANDIDATE, lastRpcTime:155ms, electionTimeout:155ms
2019-11-04 16:02:54,834 [Thread-2845] INFO  impl.RoleInfo (RoleInfo.java:shutdownFollowerState(121)) - e3fb79a3-1f86-42af-a80c-c46d1acdbc29: shutdown FollowerState
2019-11-04 16:02:54,834 [Thread-2845] INFO  impl.RaftServerImpl (RaftServerImpl.java:setRole(184)) - e3fb79a3-1f86-42af-a80c-c46d1acdbc29@group-7855C2F36E53: changes role from  FOLLOWER to CANDIDATE at term 431 for changeToCandidate
2019-11-04 16:02:54,834 [Thread-2845] INFO  impl.RoleInfo (RoleInfo.java:updateAndGet(143)) - e3fb79a3-1f86-42af-a80c-c46d1acdbc29: start LeaderElection
2019-11-04 16:02:54,855 [e3fb79a3-1f86-42af-a80c-c46d1acdbc29@group-7855C2F36E53-LeaderElection390] INFO  impl.LeaderElection (LeaderElection.java:askForVotes(178)) - e3fb79a3-1f86-42af-a80c-c46d1acdbc29@group-7855C2F36E53-LeaderElection390: begin an election at term 432 for -1: [e3fb79a3-1f86-42af-a80c-c46d1acdbc29:192.168.157.194:44142, 81ff859e-e76f-43f5-951a-4a38422068cb:192.168.157.194:46532, a9143d84-6d7f-497d-b770-eb75585db3c7:192.168.157.194:42126], old=null
2019-11-04 16:02:54,857 [grpc-default-executor-1] INFO  impl.RaftServerImpl (RaftServerImpl.java:setRole(184)) - 81ff859e-e76f-43f5-951a-4a38422068cb@group-7855C2F36E53: changes role from  FOLLOWER to FOLLOWER at term 432 for recognizeCandidate:e3fb79a3-1f86-42af-a80c-c46d1acdbc29
2019-11-04 16:02:54,857 [grpc-default-executor-4] INFO  impl.RaftServerImpl (RaftServerImpl.java:setRole(184)) - a9143d84-6d7f-497d-b770-eb75585db3c7@group-7855C2F36E53: changes role from  FOLLOWER to FOLLOWER at term 432 for recognizeCandidate:e3fb79a3-1f86-42af-a80c-c46d1acdbc29
2019-11-04 16:02:54,857 [grpc-default-executor-1] INFO  impl.RoleInfo (RoleInfo.java:shutdownFollowerState(121)) - 81ff859e-e76f-43f5-951a-4a38422068cb: shutdown FollowerState
2019-11-04 16:02:54,857 [grpc-default-executor-4] INFO  impl.RoleInfo (RoleInfo.java:shutdownFollowerState(121)) - a9143d84-6d7f-497d-b770-eb75585db3c7: shutdown FollowerState
2019-11-04 16:02:54,857 [Thread-2843] INFO  impl.FollowerState (FollowerState.java:run(117)) - 81ff859e-e76f-43f5-951a-4a38422068cb@group-7855C2F36E53-FollowerState was interrupted: java.lang.InterruptedException: sleep interrupted
2019-11-04 16:02:54,857 [grpc-default-executor-1] INFO  impl.RoleInfo (RoleInfo.java:updateAndGet(143)) - 81ff859e-e76f-43f5-951a-4a38422068cb: start FollowerState
2019-11-04 16:02:54,857 [Thread-2844] INFO  impl.FollowerState (FollowerState.java:run(117)) - a9143d84-6d7f-497d-b770-eb75585db3c7@group-7855C2F36E53-FollowerState was interrupted: java.lang.InterruptedException: sleep interrupted
2019-11-04 16:02:54,857 [grpc-default-executor-4] INFO  impl.RoleInfo (RoleInfo.java:updateAndGet(143)) - a9143d84-6d7f-497d-b770-eb75585db3c7: start FollowerState
2019-11-04 16:02:54,884 [e3fb79a3-1f86-42af-a80c-c46d1acdbc29@group-7855C2F36E53-LeaderElection390] INFO  impl.LeaderElection (LeaderElection.java:logAndReturn(56)) - e3fb79a3-1f86-42af-a80c-c46d1acdbc29@group-7855C2F36E53-LeaderElection390: Election REJECTED; received 2 response(s) [e3fb79a3-1f86-42af-a80c-c46d1acdbc29<-81ff859e-e76f-43f5-951a-4a38422068cb#0:FAIL-t432, e3fb79a3-1f86-42af-a80c-c46d1acdbc29<-a9143d84-6d7f-497d-b770-eb75585db3c7#0:FAIL-t432] and 0 exception(s); e3fb79a3-1f86-42af-a80c-c46d1acdbc29@group-7855C2F36E53:t432, leader=null, voted=e3fb79a3-1f86-42af-a80c-c46d1acdbc29, raftlog=e3fb79a3-1f86-42af-a80c-c46d1acdbc29@group-7855C2F36E53-SegmentedRaftLog:OPENED:c-1,f-1,i0, conf=-1: [e3fb79a3-1f86-42af-a80c-c46d1acdbc29:192.168.157.194:44142, 81ff859e-e76f-43f5-951a-4a38422068cb:192.168.157.194:46532, a9143d84-6d7f-497d-b770-eb75585db3c7:192.168.157.194:42126], old=null
2019-11-04 16:02:54,884 [e3fb79a3-1f86-42af-a80c-c46d1acdbc29@group-7855C2F36E53-LeaderElection390] INFO  impl.RaftServerImpl (RaftServerImpl.java:setRole(184)) - e3fb79a3-1f86-42af-a80c-c46d1acdbc29@group-7855C2F36E53: changes role from CANDIDATE to FOLLOWER at term 432 for DISCOVERED_A_NEW_TERM
2019-11-04 16:02:54,884 [e3fb79a3-1f86-42af-a80c-c46d1acdbc29@group-7855C2F36E53-LeaderElection390] INFO  impl.RoleInfo (RoleInfo.java:shutdownLeaderElection(134)) - e3fb79a3-1f86-42af-a80c-c46d1acdbc29: shutdown LeaderElection
2019-11-04 16:02:54,884 [e3fb79a3-1f86-42af-a80c-c46d1acdbc29@group-7855C2F36E53-LeaderElection390] INFO  impl.RoleInfo (RoleInfo.java:updateAndGet(143)) - e3fb79a3-1f86-42af-a80c-c46d1acdbc29: start FollowerState
2019-11-04 16:02:55,006 [Thread-2851] INFO  impl.FollowerState (FollowerState.java:run(108)) - e3fb79a3-1f86-42af-a80c-c46d1acdbc29@group-7855C2F36E53-FollowerState: change to CANDIDATE, lastRpcTime:122ms, electionTimeout:122ms
2019-11-04 16:02:55,007 [Thread-2851] INFO  impl.RoleInfo (RoleInfo.java:shutdownFollowerState(121)) - e3fb79a3-1f86-42af-a80c-c46d1acdbc29: shutdown FollowerState
2019-11-04 16:02:55,007 [Thread-2851] INFO  impl.RaftServerImpl (RaftServerImpl.java:setRole(184)) - e3fb79a3-1f86-42af-a80c-c46d1acdbc29@group-7855C2F36E53: changes role from  FOLLOWER to CANDIDATE at term 432 for changeToCandidate
2019-11-04 16:02:55,007 [Thread-2851] INFO  impl.RoleInfo (RoleInfo.java:updateAndGet(143)) - e3fb79a3-1f86-42af-a80c-c46d1acdbc29: start LeaderElection
2019-11-04 16:02:55,024 [e3fb79a3-1f86-42af-a80c-c46d1acdbc29@group-7855C2F36E53-LeaderElection391] INFO  impl.LeaderElection (LeaderElection.java:askForVotes(178)) - e3fb79a3-1f86-42af-a80c-c46d1acdbc29@group-7855C2F36E53-LeaderElection391: begin an election at term 433 for -1: [e3fb79a3-1f86-42af-a80c-c46d1acdbc29:192.168.157.194:44142, 81ff859e-e76f-43f5-951a-4a38422068cb:192.168.157.194:46532, a9143d84-6d7f-497d-b770-eb75585db3c7:192.168.157.194:42126], old=null
2019-11-04 16:02:55,026 [grpc-default-executor-1] INFO  impl.RaftServerImpl (RaftServerImpl.java:setRole(184)) - 81ff859e-e76f-43f5-951a-4a38422068cb@group-7855C2F36E53: changes role from  FOLLOWER to FOLLOWER at term 433 for recognizeCandidate:e3fb79a3-1f86-42af-a80c-c46d1acdbc29
2019-11-04 16:02:55,026 [grpc-default-executor-4] INFO  impl.RaftServerImpl (RaftServerImpl.java:setRole(184)) - a9143d84-6d7f-497d-b770-eb75585db3c7@group-7855C2F36E53: changes role from  FOLLOWER to FOLLOWER at term 433 for recognizeCandidate:e3fb79a3-1f86-42af-a80c-c46d1acdbc29
2019-11-04 16:02:55,026 [grpc-default-executor-1] INFO  impl.RoleInfo (RoleInfo.java:shutdownFollowerState(121)) - 81ff859e-e76f-43f5-951a-4a38422068cb: shutdown FollowerState
2019-11-04 16:02:55,026 [grpc-default-executor-4] INFO  impl.RoleInfo (RoleInfo.java:shutdownFollowerState(121)) - a9143d84-6d7f-497d-b770-eb75585db3c7: shutdown FollowerState
2019-11-04 16:02:55,026 [grpc-default-executor-1] INFO  impl.RoleInfo (RoleInfo.java:updateAndGet(143)) - 81ff859e-e76f-43f5-951a-4a38422068cb: start FollowerState
2019-11-04 16:02:55,026 [Thread-2850] INFO  impl.FollowerState (FollowerState.java:run(117)) - a9143d84-6d7f-497d-b770-eb75585db3c7@group-7855C2F36E53-FollowerState was interrupted: java.lang.InterruptedException: sleep interrupted
2019-11-04 16:02:55,026 [Thread-2849] INFO  impl.FollowerState (FollowerState.java:run(117)) - 81ff859e-e76f-43f5-951a-4a38422068cb@group-7855C2F36E53-FollowerState was interrupted: java.lang.InterruptedException: sleep interrupted
2019-11-04 16:02:55,026 [grpc-default-executor-4] INFO  impl.RoleInfo (RoleInfo.java:updateAndGet(143)) - a9143d84-6d7f-497d-b770-eb75585db3c7: start FollowerState
2019-11-04 16:02:55,027 [e3fb79a3-1f86-42af-a80c-c46d1acdbc29@group-7855C2F36E53-LeaderElection391] INFO  impl.LeaderElection (LeaderElection.java:logAndReturn(56)) - e3fb79a3-1f86-42af-a80c-c46d1acdbc29@group-7855C2F36E53-LeaderElection391: Election TIMEOUT; received 0 response(s) [] and 0 exception(s); e3fb79a3-1f86-42af-a80c-c46d1acdbc29@group-7855C2F36E53:t433, leader=null, voted=e3fb79a3-1f86-42af-a80c-c46d1acdbc29, raftlog=e3fb79a3-1f86-42af-a80c-c46d1acdbc29@group-7855C2F36E53-SegmentedRaftLog:OPENED:c-1,f-1,i0, conf=-1: [e3fb79a3-1f86-42af-a80c-c46d1acdbc29:192.168.157.194:44142, 81ff859e-e76f-43f5-951a-4a38422068cb:192.168.157.194:46532, a9143d84-6d7f-497d-b770-eb75585db3c7:192.168.157.194:42126], old=null
2019-11-04 16:02:55,059 [e3fb79a3-1f86-42af-a80c-c46d1acdbc29@group-7855C2F36E53-LeaderElection391] INFO  impl.LeaderElection (LeaderElection.java:askForVotes(178)) - e3fb79a3-1f86-42af-a80c-c46d1acdbc29@group-7855C2F36E53-LeaderElection391: begin an election at term 434 for -1: [e3fb79a3-1f86-42af-a80c-c46d1acdbc29:192.168.157.194:44142, 81ff859e-e76f-43f5-951a-4a38422068cb:192.168.157.194:46532, a9143d84-6d7f-497d-b770-eb75585db3c7:192.168.157.194:42126], old=null
2019-11-04 16:02:55,061 [grpc-default-executor-4] INFO  impl.RaftServerImpl (RaftServerImpl.java:setRole(184)) - a9143d84-6d7f-497d-b770-eb75585db3c7@group-7855C2F36E53: changes role from  FOLLOWER to FOLLOWER at term 434 for recognizeCandidate:e3fb79a3-1f86-42af-a80c-c46d1acdbc29
2019-11-04 16:02:55,061 [grpc-default-executor-4] INFO  impl.RoleInfo (RoleInfo.java:shutdownFollowerState(121)) - a9143d84-6d7f-497d-b770-eb75585db3c7: shutdown FollowerState
2019-11-04 16:02:55,061 [grpc-default-executor-1] INFO  impl.RaftServerImpl (RaftServerImpl.java:setRole(184)) - 81ff859e-e76f-43f5-951a-4a38422068cb@group-7855C2F36E53: changes role from  FOLLOWER to FOLLOWER at term 434 for recognizeCandidate:e3fb79a3-1f86-42af-a80c-c46d1acdbc29
2019-11-04 16:02:55,061 [Thread-2856] INFO  impl.FollowerState (FollowerState.java:run(117)) - a9143d84-6d7f-497d-b770-eb75585db3c7@group-7855C2F36E53-FollowerState was interrupted: java.lang.InterruptedException: sleep interrupted
2019-11-04 16:02:55,061 [grpc-default-executor-4] INFO  impl.RoleInfo (RoleInfo.java:updateAndGet(143)) - a9143d84-6d7f-497d-b770-eb75585db3c7: start FollowerState
2019-11-04 16:02:55,061 [grpc-default-executor-1] INFO  impl.RoleInfo (RoleInfo.java:shutdownFollowerState(121)) - 81ff859e-e76f-43f5-951a-4a38422068cb: shutdown FollowerState
2019-11-04 16:02:55,062 [grpc-default-executor-1] INFO  impl.RoleInfo (RoleInfo.java:updateAndGet(143)) - 81ff859e-e76f-43f5-951a-4a38422068cb: start FollowerState
2019-11-04 16:02:55,062 [Thread-2855] INFO  impl.FollowerState (FollowerState.java:run(117)) - 81ff859e-e76f-43f5-951a-4a38422068cb@group-7855C2F36E53-FollowerState was interrupted: java.lang.InterruptedException: sleep interrupted
2019-11-04 16:02:55,075 [e3fb79a3-1f86-42af-a80c-c46d1acdbc29@group-7855C2F36E53-LeaderElection391] INFO  impl.LeaderElection (LeaderElection.java:logAndReturn(56)) - e3fb79a3-1f86-42af-a80c-c46d1acdbc29@group-7855C2F36E53-LeaderElection391: Election REJECTED; received 2 response(s) [e3fb79a3-1f86-42af-a80c-c46d1acdbc29<-81ff859e-e76f-43f5-951a-4a38422068cb#0:FAIL-t434, e3fb79a3-1f86-42af-a80c-c46d1acdbc29<-a9143d84-6d7f-497d-b770-eb75585db3c7#0:FAIL-t434] and 0 exception(s); e3fb79a3-1f86-42af-a80c-c46d1acdbc29@group-7855C2F36E53:t434, leader=null, voted=e3fb79a3-1f86-42af-a80c-c46d1acdbc29, raftlog=e3fb79a3-1f86-42af-a80c-c46d1acdbc29@group-7855C2F36E53-SegmentedRaftLog:OPENED:c-1,f-1,i0, conf=-1: [e3fb79a3-1f86-42af-a80c-c46d1acdbc29:192.168.157.194:44142, 81ff859e-e76f-43f5-951a-4a38422068cb:192.168.157.194:46532, a9143d84-6d7f-497d-b770-eb75585db3c7:192.168.157.194:42126], old=null
2019-11-04 16:02:55,075 [e3fb79a3-1f86-42af-a80c-c46d1acdbc29@group-7855C2F36E53-LeaderElection391] INFO  impl.RaftServerImpl (RaftServerImpl.java:setRole(184)) - e3fb79a3-1f86-42af-a80c-c46d1acdbc29@group-7855C2F36E53: changes role from CANDIDATE to FOLLOWER at term 434 for DISCOVERED_A_NEW_TERM
2019-11-04 16:02:55,075 [e3fb79a3-1f86-42af-a80c-c46d1acdbc29@group-7855C2F36E53-LeaderElection391] INFO  impl.RoleInfo (RoleInfo.java:shutdownLeaderElection(134)) - e3fb79a3-1f86-42af-a80c-c46d1acdbc29: shutdown LeaderElection
2019-11-04 16:02:55,075 [e3fb79a3-1f86-42af-a80c-c46d1acdbc29@group-7855C2F36E53-LeaderElection391] INFO  impl.RoleInfo (RoleInfo.java:updateAndGet(143)) - e3fb79a3-1f86-42af-a80c-c46d1acdbc29: start FollowerState
2019-11-04 16:02:55,176 [Thread-2861] INFO  impl.FollowerState (FollowerState.java:run(108)) - e3fb79a3-1f86-42af-a80c-c46d1acdbc29@group-7855C2F36E53-FollowerState: change to CANDIDATE, lastRpcTime:101ms, electionTimeout:101ms
2019-11-04 16:02:55,177 [Thread-2861] INFO  impl.RoleInfo (RoleInfo.java:shutdownFollowerState(121)) - e3fb79a3-1f86-42af-a80c-c46d1acdbc29: shutdown FollowerState
2019-11-04 16:02:55,177 [Thread-2861] INFO  impl.RaftServerImpl (RaftServerImpl.java:setRole(184)) - e3fb79a3-1f86-42af-a80c-c46d1acdbc29@group-7855C2F36E53: changes role from  FOLLOWER to CANDIDATE at term 434 for changeToCandidate
2019-11-04 16:02:55,177 [Thread-2861] INFO  impl.RoleInfo (RoleInfo.java:updateAndGet(143)) - e3fb79a3-1f86-42af-a80c-c46d1acdbc29: start LeaderElection
2019-11-04 16:02:55,197 [e3fb79a3-1f86-42af-a80c-c46d1acdbc29@group-7855C2F36E53-LeaderElection392] INFO  impl.LeaderElection (LeaderElection.java:askForVotes(178)) - e3fb79a3-1f86-42af-a80c-c46d1acdbc29@group-7855C2F36E53-LeaderElection392: begin an election at term 435 for -1: [e3fb79a3-1f86-42af-a80c-c46d1acdbc29:192.168.157.194:44142, 81ff859e-e76f-43f5-951a-4a38422068cb:192.168.157.194:46532, a9143d84-6d7f-497d-b770-eb75585db3c7:192.168.157.194:42126], old=null
2019-11-04 16:02:55,199 [grpc-default-executor-1] INFO  impl.RaftServerImpl (RaftServerImpl.java:setRole(184)) - 81ff859e-e76f-43f5-951a-4a38422068cb@group-7855C2F36E53: changes role from  FOLLOWER to FOLLOWER at term 435 for recognizeCandidate:e3fb79a3-1f86-42af-a80c-c46d1acdbc29
2019-11-04 16:02:55,199 [grpc-default-executor-1] INFO  impl.RoleInfo (RoleInfo.java:shutdownFollowerState(121)) - 81ff859e-e76f-43f5-951a-4a38422068cb: shutdown FollowerState
2019-11-04 16:02:55,199 [grpc-default-executor-4] INFO  impl.RaftServerImpl (RaftServerImpl.java:setRole(184)) - a9143d84-6d7f-497d-b770-eb75585db3c7@group-7855C2F36E53: changes role from  FOLLOWER to FOLLOWER at term 435 for recognizeCandidate:e3fb79a3-1f86-42af-a80c-c46d1acdbc29
2019-11-04 16:02:55,199 [Thread-2860] INFO  impl.FollowerState (FollowerState.java:run(117)) - 81ff859e-e76f-43f5-951a-4a38422068cb@group-7855C2F36E53-FollowerState was interrupted: java.lang.InterruptedException: sleep interrupted
2019-11-04 16:02:55,199 [grpc-default-executor-1] INFO  impl.RoleInfo (RoleInfo.java:updateAndGet(143)) - 81ff859e-e76f-43f5-951a-4a38422068cb: start FollowerState
2019-11-04 16:02:55,199 [grpc-default-executor-4] INFO  impl.RoleInfo (RoleInfo.java:shutdownFollowerState(121)) - a9143d84-6d7f-497d-b770-eb75585db3c7: shutdown FollowerState
2019-11-04 16:02:55,200 [Thread-2859] INFO  impl.FollowerState (FollowerState.java:run(117)) - a9143d84-6d7f-497d-b770-eb75585db3c7@group-7855C2F36E53-FollowerState was interrupted: java.lang.InterruptedException: sleep interrupted
2019-11-04 16:02:55,200 [grpc-default-executor-4] INFO  impl.RoleInfo (RoleInfo.java:updateAndGet(143)) - a9143d84-6d7f-497d-b770-eb75585db3c7: start FollowerState
2019-11-04 16:02:55,213 [e3fb79a3-1f86-42af-a80c-c46d1acdbc29@group-7855C2F36E53-LeaderElection392] INFO  impl.LeaderElection (LeaderElection.java:logAndReturn(56)) - e3fb79a3-1f86-42af-a80c-c46d1acdbc29@group-7855C2F36E53-LeaderElection392: Election REJECTED; received 2 response(s) [e3fb79a3-1f86-42af-a80c-c46d1acdbc29<-81ff859e-e76f-43f5-951a-4a38422068cb#0:FAIL-t435, e3fb79a3-1f86-42af-a80c-c46d1acdbc29<-a9143d84-6d7f-497d-b770-eb75585db3c7#0:FAIL-t435] and 0 exception(s); e3fb79a3-1f86-42af-a80c-c46d1acdbc29@group-7855C2F36E53:t435, leader=null, voted=e3fb79a3-1f86-42af-a80c-c46d1acdbc29, raftlog=e3fb79a3-1f86-42af-a80c-c46d1acdbc29@group-7855C2F36E53-SegmentedRaftLog:OPENED:c-1,f-1,i0, conf=-1: [e3fb79a3-1f86-42af-a80c-c46d1acdbc29:192.168.157.194:44142, 81ff859e-e76f-43f5-951a-4a38422068cb:192.168.157.194:46532, a9143d84-6d7f-497d-b770-eb75585db3c7:192.168.157.194:42126], old=null
2019-11-04 16:02:55,214 [e3fb79a3-1f86-42af-a80c-c46d1acdbc29@group-7855C2F36E53-LeaderElection392] INFO  impl.RaftServerImpl (RaftServerImpl.java:setRole(184)) - e3fb79a3-1f86-42af-a80c-c46d1acdbc29@group-7855C2F36E53: changes role from CANDIDATE to FOLLOWER at term 435 for DISCOVERED_A_NEW_TERM
2019-11-04 16:02:55,214 [e3fb79a3-1f86-42af-a80c-c46d1acdbc29@group-7855C2F36E53-LeaderElection392] INFO  impl.RoleInfo (RoleInfo.java:shutdownLeaderElection(134)) - e3fb79a3-1f86-42af-a80c-c46d1acdbc29: shutdown LeaderElection
2019-11-04 16:02:55,214 [e3fb79a3-1f86-42af-a80c-c46d1acdbc29@group-7855C2F36E53-LeaderElection392] INFO  impl.RoleInfo (RoleInfo.java:updateAndGet(143)) - e3fb79a3-1f86-42af-a80c-c46d1acdbc29: start FollowerState
2019-11-04 16:02:55,307 [Thread-2867] INFO  impl.FollowerState (FollowerState.java:run(108)) - e3fb79a3-1f86-42af-a80c-c46d1acdbc29@group-7855C2F36E53-FollowerState: change to CANDIDATE, lastRpcTime:93ms, electionTimeout:93ms
2019-11-04 16:02:55,307 [Thread-2867] INFO  impl.RoleInfo (RoleInfo.java:shutdownFollowerState(121)) - e3fb79a3-1f86-42af-a80c-c46d1acdbc29: shutdown FollowerState
2019-11-04 16:02:55,308 [Thread-2867] INFO  impl.RaftServerImpl (RaftServerImpl.java:setRole(184)) - e3fb79a3-1f86-42af-a80c-c46d1acdbc29@group-7855C2F36E53: changes role from  FOLLOWER to CANDIDATE at term 435 for changeToCandidate
2019-11-04 16:02:55,308 [Thread-2867] INFO  impl.RoleInfo (RoleInfo.java:updateAndGet(143)) - e3fb79a3-1f86-42af-a80c-c46d1acdbc29: start LeaderElection
2019-11-04 16:02:55,324 [e3fb79a3-1f86-42af-a80c-c46d1acdbc29@group-7855C2F36E53-LeaderElection393] INFO  impl.LeaderElection (LeaderElection.java:askForVotes(178)) - e3fb79a3-1f86-42af-a80c-c46d1acdbc29@group-7855C2F36E53-LeaderElection393: begin an election at term 436 for -1: [e3fb79a3-1f86-42af-a80c-c46d1acdbc29:192.168.157.194:44142, 81ff859e-e76f-43f5-951a-4a38422068cb:192.168.157.194:46532, a9143d84-6d7f-497d-b770-eb75585db3c7:192.168.157.194:42126], old=null
2019-11-04 16:02:55,325 [grpc-default-executor-4] INFO  impl.RaftServerImpl (RaftServerImpl.java:setRole(184)) - 81ff859e-e76f-43f5-951a-4a38422068cb@group-7855C2F36E53: changes role from  FOLLOWER to FOLLOWER at term 436 for recognizeCandidate:e3fb79a3-1f86-42af-a80c-c46d1acdbc29
2019-11-04 16:02:55,326 [grpc-default-executor-1] INFO  impl.RaftServerImpl (RaftServerImpl.java:setRole(184)) - a9143d84-6d7f-497d-b770-eb75585db3c7@group-7855C2F36E53: changes role from  FOLLOWER to FOLLOWER at term 436 for recognizeCandidate:e3fb79a3-1f86-42af-a80c-c46d1acdbc29
2019-11-04 16:02:55,326 [grpc-default-executor-1] INFO  impl.RoleInfo (RoleInfo.java:shutdownFollowerState(121)) - a9143d84-6d7f-497d-b770-eb75585db3c7: shutdown FollowerState
2019-11-04 16:02:55,326 [grpc-default-executor-4] INFO  impl.RoleInfo (RoleInfo.java:shutdownFollowerState(121)) - 81ff859e-e76f-43f5-951a-4a38422068cb: shutdown FollowerState
2019-11-04 16:02:55,326 [Thread-2866] INFO  impl.FollowerState (FollowerState.java:run(117)) - a9143d84-6d7f-497d-b770-eb75585db3c7@group-7855C2F36E53-FollowerState was interrupted: java.lang.InterruptedException: sleep interrupted
2019-11-04 16:02:55,326 [grpc-default-executor-1] INFO  impl.RoleInfo (RoleInfo.java:updateAndGet(143)) - a9143d84-6d7f-497d-b770-eb75585db3c7: start FollowerState
2019-11-04 16:02:55,326 [Thread-2865] INFO  impl.FollowerState (FollowerState.java:run(117)) - 81ff859e-e76f-43f5-951a-4a38422068cb@group-7855C2F36E53-FollowerState was interrupted: java.lang.InterruptedException: sleep interrupted
2019-11-04 16:02:55,326 [grpc-default-executor-4] INFO  impl.RoleInfo (RoleInfo.java:updateAndGet(143)) - 81ff859e-e76f-43f5-951a-4a38422068cb: start FollowerState
2019-11-04 16:02:55,353 [e3fb79a3-1f86-42af-a80c-c46d1acdbc29@group-7855C2F36E53-LeaderElection393] INFO  impl.LeaderElection (LeaderElection.java:logAndReturn(56)) - e3fb79a3-1f86-42af-a80c-c46d1acdbc29@group-7855C2F36E53-LeaderElection393: Election REJECTED; received 2 response(s) [e3fb79a3-1f86-42af-a80c-c46d1acdbc29<-81ff859e-e76f-43f5-951a-4a38422068cb#0:FAIL-t436, e3fb79a3-1f86-42af-a80c-c46d1acdbc29<-a9143d84-6d7f-497d-b770-eb75585db3c7#0:FAIL-t436] and 0 exception(s); e3fb79a3-1f86-42af-a80c-c46d1acdbc29@group-7855C2F36E53:t436, leader=null, voted=e3fb79a3-1f86-42af-a80c-c46d1acdbc29, raftlog=e3fb79a3-1f86-42af-a80c-c46d1acdbc29@group-7855C2F36E53-SegmentedRaftLog:OPENED:c-1,f-1,i0, conf=-1: [e3fb79a3-1f86-42af-a80c-c46d1acdbc29:192.168.157.194:44142, 81ff859e-e76f-43f5-951a-4a38422068cb:192.168.157.194:46532, a9143d84-6d7f-497d-b770-eb75585db3c7:192.168.157.194:42126], old=null
2019-11-04 16:02:55,353 [e3fb79a3-1f86-42af-a80c-c46d1acdbc29@group-7855C2F36E53-LeaderElection393] INFO  impl.RaftServerImpl (RaftServerImpl.java:setRole(184)) - e3fb79a3-1f86-42af-a80c-c46d1acdbc29@group-7855C2F36E53: changes role from CANDIDATE to FOLLOWER at term 436 for DISCOVERED_A_NEW_TERM
2019-11-04 16:02:55,353 [e3fb79a3-1f86-42af-a80c-c46d1acdbc29@group-7855C2F36E53-LeaderElection393] INFO  impl.RoleInfo (RoleInfo.java:shutdownLeaderElection(134)) - e3fb79a3-1f86-42af-a80c-c46d1acdbc29: shutdown LeaderElection
2019-11-04 16:02:55,354 [e3fb79a3-1f86-42af-a80c-c46d1acdbc29@group-7855C2F36E53-LeaderElection393] INFO  impl.RoleInfo (RoleInfo.java:updateAndGet(143)) - e3fb79a3-1f86-42af-a80c-c46d1acdbc29: start FollowerState
2019-11-04 16:02:55,435 [Thread-2873] INFO  impl.FollowerState (FollowerState.java:run(108)) - e3fb79a3-1f86-42af-a80c-c46d1acdbc29@group-7855C2F36E53-FollowerState: change to CANDIDATE, lastRpcTime:81ms, electionTimeout:81ms
2019-11-04 16:02:55,435 [Thread-2873] INFO  impl.RoleInfo (RoleInfo.java:shutdownFollowerState(121)) - e3fb79a3-1f86-42af-a80c-c46d1acdbc29: shutdown FollowerState
2019-11-04 16:02:55,435 [Thread-2873] INFO  impl.RaftServerImpl (RaftServerImpl.java:setRole(184)) - e3fb79a3-1f86-42af-a80c-c46d1acdbc29@group-7855C2F36E53: changes role from  FOLLOWER to CANDIDATE at term 436 for changeToCandidate
2019-11-04 16:02:55,435 [Thread-2873] INFO  impl.RoleInfo (RoleInfo.java:updateAndGet(143)) - e3fb79a3-1f86-42af-a80c-c46d1acdbc29: start LeaderElection
2019-11-04 16:02:55,457 [e3fb79a3-1f86-42af-a80c-c46d1acdbc29@group-7855C2F36E53-LeaderElection394] INFO  impl.LeaderElection (LeaderElection.java:askForVotes(178)) - e3fb79a3-1f86-42af-a80c-c46d1acdbc29@group-7855C2F36E53-LeaderElection394: begin an election at term 437 for -1: [e3fb79a3-1f86-42af-a80c-c46d1acdbc29:192.168.157.194:44142, 81ff859e-e76f-43f5-951a-4a38422068cb:192.168.157.194:46532, a9143d84-6d7f-497d-b770-eb75585db3c7:192.168.157.194:42126], old=null
2019-11-04 16:02:55,459 [grpc-default-executor-1] INFO  impl.RaftServerImpl (RaftServerImpl.java:setRole(184)) - a9143d84-6d7f-497d-b770-eb75585db3c7@group-7855C2F36E53: changes role from  FOLLOWER to FOLLOWER at term 437 for recognizeCandidate:e3fb79a3-1f86-42af-a80c-c46d1acdbc29
2019-11-04 16:02:55,459 [grpc-default-executor-1] INFO  impl.RoleInfo (RoleInfo.java:shutdownFollowerState(121)) - a9143d84-6d7f-497d-b770-eb75585db3c7: shutdown FollowerState
2019-11-04 16:02:55,459 [grpc-default-executor-4] INFO  impl.RaftServerImpl (RaftServerImpl.java:setRole(184)) - 81ff859e-e76f-43f5-951a-4a38422068cb@group-7855C2F36E53: changes role from  FOLLOWER to FOLLOWER at term 437 for recognizeCandidate:e3fb79a3-1f86-42af-a80c-c46d1acdbc29
2019-11-04 16:02:55,460 [Thread-2871] INFO  impl.FollowerState (FollowerState.java:run(117)) - a9143d84-6d7f-497d-b770-eb75585db3c7@group-7855C2F36E53-FollowerState was interrupted: java.lang.InterruptedException: sleep interrupted
2019-11-04 16:02:55,460 [grpc-default-executor-4] INFO  impl.RoleInfo (RoleInfo.java:shutdownFollowerState(121)) - 81ff859e-e76f-43f5-951a-4a38422068cb: shutdown FollowerState
2019-11-04 16:02:55,459 [grpc-default-executor-1] INFO  impl.RoleInfo (RoleInfo.java:updateAndGet(143)) - a9143d84-6d7f-497d-b770-eb75585db3c7: start FollowerState
2019-11-04 16:02:55,460 [Thread-2872] INFO  impl.FollowerState (FollowerState.java:run(117)) - 81ff859e-e76f-43f5-951a-4a38422068cb@group-7855C2F36E53-FollowerState was interrupted: java.lang.InterruptedException: sleep interrupted
2019-11-04 16:02:55,460 [grpc-default-executor-4] INFO  impl.RoleInfo (RoleInfo.java:updateAndGet(143)) - 81ff859e-e76f-43f5-951a-4a38422068cb: start FollowerState
2019-11-04 16:02:55,486 [e3fb79a3-1f86-42af-a80c-c46d1acdbc29@group-7855C2F36E53-LeaderElection394] INFO  impl.LeaderElection (LeaderElection.java:logAndReturn(56)) - e3fb79a3-1f86-42af-a80c-c46d1acdbc29@group-7855C2F36E53-LeaderElection394: Election REJECTED; received 2 response(s) [e3fb79a3-1f86-42af-a80c-c46d1acdbc29<-81ff859e-e76f-43f5-951a-4a38422068cb#0:FAIL-t437, e3fb79a3-1f86-42af-a80c-c46d1acdbc29<-a9143d84-6d7f-497d-b770-eb75585db3c7#0:FAIL-t437] and 0 exception(s); e3fb79a3-1f86-42af-a80c-c46d1acdbc29@group-7855C2F36E53:t437, leader=null, voted=e3fb79a3-1f86-42af-a80c-c46d1acdbc29, raftlog=e3fb79a3-1f86-42af-a80c-c46d1acdbc29@group-7855C2F36E53-SegmentedRaftLog:OPENED:c-1,f-1,i0, conf=-1: [e3fb79a3-1f86-42af-a80c-c46d1acdbc29:192.168.157.194:44142, 81ff859e-e76f-43f5-951a-4a38422068cb:192.168.157.194:46532, a9143d84-6d7f-497d-b770-eb75585db3c7:192.168.157.194:42126], old=null
2019-11-04 16:02:55,486 [e3fb79a3-1f86-42af-a80c-c46d1acdbc29@group-7855C2F36E53-LeaderElection394] INFO  impl.RaftServerImpl (RaftServerImpl.java:setRole(184)) - e3fb79a3-1f86-42af-a80c-c46d1acdbc29@group-7855C2F36E53: changes role from CANDIDATE to FOLLOWER at term 437 for DISCOVERED_A_NEW_TERM
2019-11-04 16:02:55,486 [e3fb79a3-1f86-42af-a80c-c46d1acdbc29@group-7855C2F36E53-LeaderElection394] INFO  impl.RoleInfo (RoleInfo.java:shutdownLeaderElection(134)) - e3fb79a3-1f86-42af-a80c-c46d1acdbc29: shutdown LeaderElection
2019-11-04 16:02:55,486 [e3fb79a3-1f86-42af-a80c-c46d1acdbc29@group-7855C2F36E53-LeaderElection394] INFO  impl.RoleInfo (RoleInfo.java:updateAndGet(143)) - e3fb79a3-1f86-42af-a80c-c46d1acdbc29: start FollowerState
2019-11-04 16:02:55,567 [Thread-2879] INFO  impl.FollowerState (FollowerState.java:run(108)) - e3fb79a3-1f86-42af-a80c-c46d1acdbc29@group-7855C2F36E53-FollowerState: change to CANDIDATE, lastRpcTime:80ms, electionTimeout:80ms
2019-11-04 16:02:55,567 [Thread-2879] INFO  impl.RoleInfo (RoleInfo.java:shutdownFollowerState(121)) - e3fb79a3-1f86-42af-a80c-c46d1acdbc29: shutdown FollowerState
2019-11-04 16:02:55,567 [Thread-2879] INFO  impl.RaftServerImpl (RaftServerImpl.java:setRole(184)) - e3fb79a3-1f86-42af-a80c-c46d1acdbc29@group-7855C2F36E53: changes role from  FOLLOWER to CANDIDATE at term 437 for changeToCandidate
2019-11-04 16:02:55,567 [Thread-2879] INFO  impl.RoleInfo (RoleInfo.java:updateAndGet(143)) - e3fb79a3-1f86-42af-a80c-c46d1acdbc29: start LeaderElection
2019-11-04 16:02:55,573 [e3fb79a3-1f86-42af-a80c-c46d1acdbc29@group-7855C2F36E53-LeaderElection395] INFO  impl.LeaderElection (LeaderElection.java:askForVotes(178)) - e3fb79a3-1f86-42af-a80c-c46d1acdbc29@group-7855C2F36E53-LeaderElection395: begin an election at term 438 for -1: [e3fb79a3-1f86-42af-a80c-c46d1acdbc29:192.168.157.194:44142, 81ff859e-e76f-43f5-951a-4a38422068cb:192.168.157.194:46532, a9143d84-6d7f-497d-b770-eb75585db3c7:192.168.157.194:42126], old=null
2019-11-04 16:02:55,574 [grpc-default-executor-1] INFO  impl.RaftServerImpl (RaftServerImpl.java:setRole(184)) - 81ff859e-e76f-43f5-951a-4a38422068cb@group-7855C2F36E53: changes role from  FOLLOWER to FOLLOWER at term 438 for recognizeCandidate:e3fb79a3-1f86-42af-a80c-c46d1acdbc29
2019-11-04 16:02:55,575 [grpc-default-executor-1] INFO  impl.RoleInfo (RoleInfo.java:shutdownFollowerState(121)) - 81ff859e-e76f-43f5-951a-4a38422068cb: shutdown FollowerState
2019-11-04 16:02:55,575 [grpc-default-executor-4] INFO  impl.RaftServerImpl (RaftServerImpl.java:setRole(184)) - a9143d84-6d7f-497d-b770-eb75585db3c7@group-7855C2F36E53: changes role from  FOLLOWER to FOLLOWER at term 438 for recognizeCandidate:e3fb79a3-1f86-42af-a80c-c46d1acdbc29
2019-11-04 16:02:55,575 [Thread-2878] INFO  impl.FollowerState (FollowerState.java:run(117)) - 81ff859e-e76f-43f5-951a-4a38422068cb@group-7855C2F36E53-FollowerState was interrupted: java.lang.InterruptedException: sleep interrupted
2019-11-04 16:02:55,575 [grpc-default-executor-1] INFO  impl.RoleInfo (RoleInfo.java:updateAndGet(143)) - 81ff859e-e76f-43f5-951a-4a38422068cb: start FollowerState
2019-11-04 16:02:55,575 [grpc-default-executor-4] INFO  impl.RoleInfo (RoleInfo.java:shutdownFollowerState(121)) - a9143d84-6d7f-497d-b770-eb75585db3c7: shutdown FollowerState
2019-11-04 16:02:55,575 [grpc-default-executor-4] INFO  impl.RoleInfo (RoleInfo.java:updateAndGet(143)) - a9143d84-6d7f-497d-b770-eb75585db3c7: start FollowerState
2019-11-04 16:02:55,575 [Thread-2877] INFO  impl.FollowerState (FollowerState.java:run(117)) - a9143d84-6d7f-497d-b770-eb75585db3c7@group-7855C2F36E53-FollowerState was interrupted: java.lang.InterruptedException: sleep interrupted
2019-11-04 16:02:55,581 [e3fb79a3-1f86-42af-a80c-c46d1acdbc29@group-7855C2F36E53-LeaderElection395] INFO  impl.LeaderElection (LeaderElection.java:logAndReturn(56)) - e3fb79a3-1f86-42af-a80c-c46d1acdbc29@group-7855C2F36E53-LeaderElection395: Election REJECTED; received 2 response(s) [e3fb79a3-1f86-42af-a80c-c46d1acdbc29<-81ff859e-e76f-43f5-951a-4a38422068cb#0:FAIL-t438, e3fb79a3-1f86-42af-a80c-c46d1acdbc29<-a9143d84-6d7f-497d-b770-eb75585db3c7#0:FAIL-t438] and 0 exception(s); e3fb79a3-1f86-42af-a80c-c46d1acdbc29@group-7855C2F36E53:t438, leader=null, voted=e3fb79a3-1f86-42af-a80c-c46d1acdbc29, raftlog=e3fb79a3-1f86-42af-a80c-c46d1acdbc29@group-7855C2F36E53-SegmentedRaftLog:OPENED:c-1,f-1,i0, conf=-1: [e3fb79a3-1f86-42af-a80c-c46d1acdbc29:192.168.157.194:44142, 81ff859e-e76f-43f5-951a-4a38422068cb:192.168.157.194:46532, a9143d84-6d7f-497d-b770-eb75585db3c7:192.168.157.194:42126], old=null
2019-11-04 16:02:55,581 [e3fb79a3-1f86-42af-a80c-c46d1acdbc29@group-7855C2F36E53-LeaderElection395] INFO  impl.RaftServerImpl (RaftServerImpl.java:setRole(184)) - e3fb79a3-1f86-42af-a80c-c46d1acdbc29@group-7855C2F36E53: changes role from CANDIDATE to FOLLOWER at term 438 for DISCOVERED_A_NEW_TERM
2019-11-04 16:02:55,581 [e3fb79a3-1f86-42af-a80c-c46d1acdbc29@group-7855C2F36E53-LeaderElection395] INFO  impl.RoleInfo (RoleInfo.java:shutdownLeaderElection(134)) - e3fb79a3-1f86-42af-a80c-c46d1acdbc29: shutdown LeaderElection
2019-11-04 16:02:55,582 [e3fb79a3-1f86-42af-a80c-c46d1acdbc29@group-7855C2F36E53-LeaderElection395] INFO  impl.RoleInfo (RoleInfo.java:updateAndGet(143)) - e3fb79a3-1f86-42af-a80c-c46d1acdbc29: start FollowerState
2019-11-04 16:02:55,762 [Thread-2887] INFO  impl.FollowerState (FollowerState.java:run(108)) - e3fb79a3-1f86-42af-a80c-c46d1acdbc29@group-7855C2F36E53-FollowerState: change to CANDIDATE, lastRpcTime:180ms, electionTimeout:180ms
2019-11-04 16:02:55,762 [Thread-2887] INFO  impl.RoleInfo (RoleInfo.java:shutdownFollowerState(121)) - e3fb79a3-1f86-42af-a80c-c46d1acdbc29: shutdown FollowerState
2019-11-04 16:02:55,762 [Thread-2887] INFO  impl.RaftServerImpl (RaftServerImpl.java:setRole(184)) - e3fb79a3-1f86-42af-a80c-c46d1acdbc29@group-7855C2F36E53: changes role from  FOLLOWER to CANDIDATE at term 438 for changeToCandidate
2019-11-04 16:02:55,762 [Thread-2887] INFO  impl.RoleInfo (RoleInfo.java:updateAndGet(143)) - e3fb79a3-1f86-42af-a80c-c46d1acdbc29: start LeaderElection
2019-11-04 16:02:55,771 [e3fb79a3-1f86-42af-a80c-c46d1acdbc29@group-7855C2F36E53-LeaderElection396] INFO  impl.LeaderElection (LeaderElection.java:askForVotes(178)) - e3fb79a3-1f86-42af-a80c-c46d1acdbc29@group-7855C2F36E53-LeaderElection396: begin an election at term 439 for -1: [e3fb79a3-1f86-42af-a80c-c46d1acdbc29:192.168.157.194:44142, 81ff859e-e76f-43f5-951a-4a38422068cb:192.168.157.194:46532, a9143d84-6d7f-497d-b770-eb75585db3c7:192.168.157.194:42126], old=null
2019-11-04 16:02:55,772 [grpc-default-executor-1] INFO  impl.RaftServerImpl (RaftServerImpl.java:setRole(184)) - 81ff859e-e76f-43f5-951a-4a38422068cb@group-7855C2F36E53: changes role from  FOLLOWER to FOLLOWER at term 439 for recognizeCandidate:e3fb79a3-1f86-42af-a80c-c46d1acdbc29
2019-11-04 16:02:55,773 [grpc-default-executor-1] INFO  impl.RoleInfo (RoleInfo.java:shutdownFollowerState(121)) - 81ff859e-e76f-43f5-951a-4a38422068cb: shutdown FollowerState
2019-11-04 16:02:55,773 [grpc-default-executor-4] INFO  impl.RaftServerImpl (RaftServerImpl.java:setRole(184)) - a9143d84-6d7f-497d-b770-eb75585db3c7@group-7855C2F36E53: changes role from  FOLLOWER to FOLLOWER at term 439 for recognizeCandidate:e3fb79a3-1f86-42af-a80c-c46d1acdbc29
2019-11-04 16:02:55,773 [grpc-default-executor-4] INFO  impl.RoleInfo (RoleInfo.java:shutdownFollowerState(121)) - a9143d84-6d7f-497d-b770-eb75585db3c7: shutdown FollowerState
2019-11-04 16:02:55,773 [grpc-default-executor-1] INFO  impl.RoleInfo (RoleInfo.java:updateAndGet(143)) - 81ff859e-e76f-43f5-951a-4a38422068cb: start FollowerState
2019-11-04 16:02:55,773 [Thread-2885] INFO  impl.FollowerState (FollowerState.java:run(117)) - 81ff859e-e76f-43f5-951a-4a38422068cb@group-7855C2F36E53-FollowerState was interrupted: java.lang.InterruptedException: sleep interrupted
2019-11-04 16:02:55,773 [Thread-2886] INFO  impl.FollowerState (FollowerState.java:run(117)) - a9143d84-6d7f-497d-b770-eb75585db3c7@group-7855C2F36E53-FollowerState was interrupted: java.lang.InterruptedException: sleep interrupted
2019-11-04 16:02:55,773 [grpc-default-executor-4] INFO  impl.RoleInfo (RoleInfo.java:updateAndGet(143)) - a9143d84-6d7f-497d-b770-eb75585db3c7: start FollowerState
2019-11-04 16:02:55,775 [e3fb79a3-1f86-42af-a80c-c46d1acdbc29@group-7855C2F36E53-LeaderElection396] INFO  impl.LeaderElection (LeaderElection.java:logAndReturn(56)) - e3fb79a3-1f86-42af-a80c-c46d1acdbc29@group-7855C2F36E53-LeaderElection396: Election TIMEOUT; received 0 response(s) [] and 0 exception(s); e3fb79a3-1f86-42af-a80c-c46d1acdbc29@group-7855C2F36E53:t439, leader=null, voted=e3fb79a3-1f86-42af-a80c-c46d1acdbc29, raftlog=e3fb79a3-1f86-42af-a80c-c46d1acdbc29@group-7855C2F36E53-SegmentedRaftLog:OPENED:c-1,f-1,i0, conf=-1: [e3fb79a3-1f86-42af-a80c-c46d1acdbc29:192.168.157.194:44142, 81ff859e-e76f-43f5-951a-4a38422068cb:192.168.157.194:46532, a9143d84-6d7f-497d-b770-eb75585db3c7:192.168.157.194:42126], old=null
2019-11-04 16:02:55,801 [e3fb79a3-1f86-42af-a80c-c46d1acdbc29@group-7855C2F36E53-LeaderElection396] INFO  impl.LeaderElection (LeaderElection.java:askForVotes(178)) - e3fb79a3-1f86-42af-a80c-c46d1acdbc29@group-7855C2F36E53-LeaderElection396: begin an election at term 440 for -1: [e3fb79a3-1f86-42af-a80c-c46d1acdbc29:192.168.157.194:44142, 81ff859e-e76f-43f5-951a-4a38422068cb:192.168.157.194:46532, a9143d84-6d7f-497d-b770-eb75585db3c7:192.168.157.194:42126], old=null
2019-11-04 16:02:55,803 [grpc-default-executor-4] INFO  impl.RaftServerImpl (RaftServerImpl.java:setRole(184)) - 81ff859e-e76f-43f5-951a-4a38422068cb@group-7855C2F36E53: changes role from  FOLLOWER to FOLLOWER at term 440 for recognizeCandidate:e3fb79a3-1f86-42af-a80c-c46d1acdbc29
2019-11-04 16:02:55,803 [grpc-default-executor-4] INFO  impl.RoleInfo (RoleInfo.java:shutdownFollowerState(121)) - 81ff859e-e76f-43f5-951a-4a38422068cb: shutdown FollowerState
2019-11-04 16:02:55,804 [grpc-default-executor-4] INFO  impl.RoleInfo (RoleInfo.java:updateAndGet(143)) - 81ff859e-e76f-43f5-951a-4a38422068cb: start FollowerState
2019-11-04 16:02:55,804 [Thread-2891] INFO  impl.FollowerState (FollowerState.java:run(117)) - 81ff859e-e76f-43f5-951a-4a38422068cb@group-7855C2F36E53-FollowerState was interrupted: java.lang.InterruptedException: sleep interrupted
2019-11-04 16:02:55,804 [grpc-default-executor-1] INFO  impl.RaftServerImpl (RaftServerImpl.java:setRole(184)) - a9143d84-6d7f-497d-b770-eb75585db3c7@group-7855C2F36E53: changes role from  FOLLOWER to FOLLOWER at term 440 for recognizeCandidate:e3fb79a3-1f86-42af-a80c-c46d1acdbc29
2019-11-04 16:02:55,804 [grpc-default-executor-1] INFO  impl.RoleInfo (RoleInfo.java:shutdownFollowerState(121)) - a9143d84-6d7f-497d-b770-eb75585db3c7: shutdown FollowerState
2019-11-04 16:02:55,804 [grpc-default-executor-1] INFO  impl.RoleInfo (RoleInfo.java:updateAndGet(143)) - a9143d84-6d7f-497d-b770-eb75585db3c7: start FollowerState
2019-11-04 16:02:55,804 [Thread-2892] INFO  impl.FollowerState (FollowerState.java:run(117)) - a9143d84-6d7f-497d-b770-eb75585db3c7@group-7855C2F36E53-FollowerState was interrupted: java.lang.InterruptedException: sleep interrupted
2019-11-04 16:02:55,828 [e3fb79a3-1f86-42af-a80c-c46d1acdbc29@group-7855C2F36E53-LeaderElection396] INFO  impl.LeaderElection (LeaderElection.java:logAndReturn(56)) - e3fb79a3-1f86-42af-a80c-c46d1acdbc29@group-7855C2F36E53-LeaderElection396: Election REJECTED; received 2 response(s) [e3fb79a3-1f86-42af-a80c-c46d1acdbc29<-81ff859e-e76f-43f5-951a-4a38422068cb#0:FAIL-t440, e3fb79a3-1f86-42af-a80c-c46d1acdbc29<-a9143d84-6d7f-497d-b770-eb75585db3c7#0:FAIL-t440] and 0 exception(s); e3fb79a3-1f86-42af-a80c-c46d1acdbc29@group-7855C2F36E53:t440, leader=null, voted=e3fb79a3-1f86-42af-a80c-c46d1acdbc29, raftlog=e3fb79a3-1f86-42af-a80c-c46d1acdbc29@group-7855C2F36E53-SegmentedRaftLog:OPENED:c-1,f-1,i0, conf=-1: [e3fb79a3-1f86-42af-a80c-c46d1acdbc29:192.168.157.194:44142, 81ff859e-e76f-43f5-951a-4a38422068cb:192.168.157.194:46532, a9143d84-6d7f-497d-b770-eb75585db3c7:192.168.157.194:42126], old=null
2019-11-04 16:02:55,829 [e3fb79a3-1f86-42af-a80c-c46d1acdbc29@group-7855C2F36E53-LeaderElection396] INFO  impl.RaftServerImpl (RaftServerImpl.java:setRole(184)) - e3fb79a3-1f86-42af-a80c-c46d1acdbc29@group-7855C2F36E53: changes role from CANDIDATE to FOLLOWER at term 440 for DISCOVERED_A_NEW_TERM
2019-11-04 16:02:55,829 [e3fb79a3-1f86-42af-a80c-c46d1acdbc29@group-7855C2F36E53-LeaderElection396] INFO  impl.RoleInfo (RoleInfo.java:shutdownLeaderElection(134)) - e3fb79a3-1f86-42af-a80c-c46d1acdbc29: shutdown LeaderElection
2019-11-04 16:02:55,829 [e3fb79a3-1f86-42af-a80c-c46d1acdbc29@group-7855C2F36E53-LeaderElection396] INFO  impl.RoleInfo (RoleInfo.java:updateAndGet(143)) - e3fb79a3-1f86-42af-a80c-c46d1acdbc29: start FollowerState
2019-11-04 16:02:55,965 [Thread-2897] INFO  impl.FollowerState (FollowerState.java:run(108)) - e3fb79a3-1f86-42af-a80c-c46d1acdbc29@group-7855C2F36E53-FollowerState: change to CANDIDATE, lastRpcTime:136ms, electionTimeout:136ms
2019-11-04 16:02:55,966 [Thread-2897] INFO  impl.RoleInfo (RoleInfo.java:shutdownFollowerState(121)) - e3fb79a3-1f86-42af-a80c-c46d1acdbc29: shutdown FollowerState
2019-11-04 16:02:55,966 [Thread-2897] INFO  impl.RaftServerImpl (RaftServerImpl.java:setRole(184)) - e3fb79a3-1f86-42af-a80c-c46d1acdbc29@group-7855C2F36E53: changes role from  FOLLOWER to CANDIDATE at term 440 for changeToCandidate
2019-11-04 16:02:55,966 [Thread-2897] INFO  impl.RoleInfo (RoleInfo.java:updateAndGet(143)) - e3fb79a3-1f86-42af-a80c-c46d1acdbc29: start LeaderElection
2019-11-04 16:02:55,989 [e3fb79a3-1f86-42af-a80c-c46d1acdbc29@group-7855C2F36E53-LeaderElection397] INFO  impl.LeaderElection (LeaderElection.java:askForVotes(178)) - e3fb79a3-1f86-42af-a80c-c46d1acdbc29@group-7855C2F36E53-LeaderElection397: begin an election at term 441 for -1: [e3fb79a3-1f86-42af-a80c-c46d1acdbc29:192.168.157.194:44142, 81ff859e-e76f-43f5-951a-4a38422068cb:192.168.157.194:46532, a9143d84-6d7f-497d-b770-eb75585db3c7:192.168.157.194:42126], old=null
2019-11-04 16:02:55,991 [grpc-default-executor-4] INFO  impl.RaftServerImpl (RaftServerImpl.java:setRole(184)) - 81ff859e-e76f-43f5-951a-4a38422068cb@group-7855C2F36E53: changes role from  FOLLOWER to FOLLOWER at term 441 for recognizeCandidate:e3fb79a3-1f86-42af-a80c-c46d1acdbc29
2019-11-04 16:02:55,991 [grpc-default-executor-4] INFO  impl.RoleInfo (RoleInfo.java:shutdownFollowerState(121)) - 81ff859e-e76f-43f5-951a-4a38422068cb: shutdown FollowerState
2019-11-04 16:02:55,991 [grpc-default-executor-4] INFO  impl.RoleInfo (RoleInfo.java:updateAndGet(143)) - 81ff859e-e76f-43f5-951a-4a38422068cb: start FollowerState
2019-11-04 16:02:55,991 [grpc-default-executor-1] INFO  impl.RaftServerImpl (RaftServerImpl.java:setRole(184)) - a9143d84-6d7f-497d-b770-eb75585db3c7@group-7855C2F36E53: changes role from  FOLLOWER to FOLLOWER at term 441 for recognizeCandidate:e3fb79a3-1f86-42af-a80c-c46d1acdbc29
2019-11-04 16:02:55,991 [Thread-2895] INFO  impl.FollowerState (FollowerState.java:run(117)) - 81ff859e-e76f-43f5-951a-4a38422068cb@group-7855C2F36E53-FollowerState was interrupted: java.lang.InterruptedException: sleep interrupted
2019-11-04 16:02:55,992 [grpc-default-executor-1] INFO  impl.RoleInfo (RoleInfo.java:shutdownFollowerState(121)) - a9143d84-6d7f-497d-b770-eb75585db3c7: shutdown FollowerState
2019-11-04 16:02:55,992 [grpc-default-executor-1] INFO  impl.RoleInfo (RoleInfo.java:updateAndGet(143)) - a9143d84-6d7f-497d-b770-eb75585db3c7: start FollowerState
2019-11-04 16:02:55,992 [Thread-2896] INFO  impl.FollowerState (FollowerState.java:run(117)) - a9143d84-6d7f-497d-b770-eb75585db3c7@group-7855C2F36E53-FollowerState was interrupted: java.lang.InterruptedException: sleep interrupted
2019-11-04 16:02:55,994 [e3fb79a3-1f86-42af-a80c-c46d1acdbc29@group-7855C2F36E53-LeaderElection397] INFO  impl.LeaderElection (LeaderElection.java:logAndReturn(56)) - e3fb79a3-1f86-42af-a80c-c46d1acdbc29@group-7855C2F36E53-LeaderElection397: Election TIMEOUT; received 0 response(s) [] and 0 exception(s); e3fb79a3-1f86-42af-a80c-c46d1acdbc29@group-7855C2F36E53:t441, leader=null, voted=e3fb79a3-1f86-42af-a80c-c46d1acdbc29, raftlog=e3fb79a3-1f86-42af-a80c-c46d1acdbc29@group-7855C2F36E53-SegmentedRaftLog:OPENED:c-1,f-1,i0, conf=-1: [e3fb79a3-1f86-42af-a80c-c46d1acdbc29:192.168.157.194:44142, 81ff859e-e76f-43f5-951a-4a38422068cb:192.168.157.194:46532, a9143d84-6d7f-497d-b770-eb75585db3c7:192.168.157.194:42126], old=null
2019-11-04 16:02:56,005 [e3fb79a3-1f86-42af-a80c-c46d1acdbc29@group-7855C2F36E53-LeaderElection397] INFO  impl.LeaderElection (LeaderElection.java:askForVotes(178)) - e3fb79a3-1f86-42af-a80c-c46d1acdbc29@group-7855C2F36E53-LeaderElection397: begin an election at term 442 for -1: [e3fb79a3-1f86-42af-a80c-c46d1acdbc29:192.168.157.194:44142, 81ff859e-e76f-43f5-951a-4a38422068cb:192.168.157.194:46532, a9143d84-6d7f-497d-b770-eb75585db3c7:192.168.157.194:42126], old=null
2019-11-04 16:02:56,007 [grpc-default-executor-4] INFO  impl.RaftServerImpl (RaftServerImpl.java:setRole(184)) - 81ff859e-e76f-43f5-951a-4a38422068cb@group-7855C2F36E53: changes role from  FOLLOWER to FOLLOWER at term 442 for recognizeCandidate:e3fb79a3-1f86-42af-a80c-c46d1acdbc29
2019-11-04 16:02:56,007 [grpc-default-executor-4] INFO  impl.RoleInfo (RoleInfo.java:shutdownFollowerState(121)) - 81ff859e-e76f-43f5-951a-4a38422068cb: shutdown FollowerState
2019-11-04 16:02:56,008 [grpc-default-executor-1] INFO  impl.RaftServerImpl (RaftServerImpl.java:setRole(184)) - a9143d84-6d7f-497d-b770-eb75585db3c7@group-7855C2F36E53: changes role from  FOLLOWER to FOLLOWER at term 442 for recognizeCandidate:e3fb79a3-1f86-42af-a80c-c46d1acdbc29
2019-11-04 16:02:56,008 [grpc-default-executor-1] INFO  impl.RoleInfo (RoleInfo.java:shutdownFollowerState(121)) - a9143d84-6d7f-497d-b770-eb75585db3c7: shutdown FollowerState
2019-11-04 16:02:56,008 [Thread-2901] INFO  impl.FollowerState (FollowerState.java:run(117)) - 81ff859e-e76f-43f5-951a-4a38422068cb@group-7855C2F36E53-FollowerState was interrupted: java.lang.InterruptedException: sleep interrupted
2019-11-04 16:02:56,008 [grpc-default-executor-4] INFO  impl.RoleInfo (RoleInfo.java:updateAndGet(143)) - 81ff859e-e76f-43f5-951a-4a38422068cb: start FollowerState
2019-11-04 16:02:56,008 [Thread-2902] INFO  impl.FollowerState (FollowerState.java:run(117)) - a9143d84-6d7f-497d-b770-eb75585db3c7@group-7855C2F36E53-FollowerState was interrupted: java.lang.InterruptedException: sleep interrupted
2019-11-04 16:02:56,008 [grpc-default-executor-1] INFO  impl.RoleInfo (RoleInfo.java:updateAndGet(143)) - a9143d84-6d7f-497d-b770-eb75585db3c7: start FollowerState
2019-11-04 16:02:56,025 [e3fb79a3-1f86-42af-a80c-c46d1acdbc29@group-7855C2F36E53-LeaderElection397] INFO  impl.LeaderElection (LeaderElection.java:logAndReturn(56)) - e3fb79a3-1f86-42af-a80c-c46d1acdbc29@group-7855C2F36E53-LeaderElection397: Election REJECTED; received 2 response(s) [e3fb79a3-1f86-42af-a80c-c46d1acdbc29<-81ff859e-e76f-43f5-951a-4a38422068cb#0:FAIL-t442, e3fb79a3-1f86-42af-a80c-c46d1acdbc29<-a9143d84-6d7f-497d-b770-eb75585db3c7#0:FAIL-t442] and 0 exception(s); e3fb79a3-1f86-42af-a80c-c46d1acdbc29@group-7855C2F36E53:t442, leader=null, voted=e3fb79a3-1f86-42af-a80c-c46d1acdbc29, raftlog=e3fb79a3-1f86-42af-a80c-c46d1acdbc29@group-7855C2F36E53-SegmentedRaftLog:OPENED:c-1,f-1,i0, conf=-1: [e3fb79a3-1f86-42af-a80c-c46d1acdbc29:192.168.157.194:44142, 81ff859e-e76f-43f5-951a-4a38422068cb:192.168.157.194:46532, a9143d84-6d7f-497d-b770-eb75585db3c7:192.168.157.194:42126], old=null
2019-11-04 16:02:56,025 [e3fb79a3-1f86-42af-a80c-c46d1acdbc29@group-7855C2F36E53-LeaderElection397] INFO  impl.RaftServerImpl (RaftServerImpl.java:setRole(184)) - e3fb79a3-1f86-42af-a80c-c46d1acdbc29@group-7855C2F36E53: changes role from CANDIDATE to FOLLOWER at term 442 for DISCOVERED_A_NEW_TERM
2019-11-04 16:02:56,026 [e3fb79a3-1f86-42af-a80c-c46d1acdbc29@group-7855C2F36E53-LeaderElection397] INFO  impl.RoleInfo (RoleInfo.java:shutdownLeaderElection(134)) - e3fb79a3-1f86-42af-a80c-c46d1acdbc29: shutdown LeaderElection
2019-11-04 16:02:56,026 [e3fb79a3-1f86-42af-a80c-c46d1acdbc29@group-7855C2F36E53-LeaderElection397] INFO  impl.RoleInfo (RoleInfo.java:updateAndGet(143)) - e3fb79a3-1f86-42af-a80c-c46d1acdbc29: start FollowerState
2019-11-04 16:02:56,031 [Thread-2907] INFO  impl.FollowerState (FollowerState.java:run(108)) - e3fb79a3-1f86-42af-a80c-c46d1acdbc29@group-7855C2F36E53-FollowerState: change to CANDIDATE, lastRpcTime:5ms, electionTimeout:5ms
2019-11-04 16:02:56,031 [Thread-2907] INFO  impl.RoleInfo (RoleInfo.java:shutdownFollowerState(121)) - e3fb79a3-1f86-42af-a80c-c46d1acdbc29: shutdown FollowerState
2019-11-04 16:02:56,031 [Thread-2907] INFO  impl.RaftServerImpl (RaftServerImpl.java:setRole(184)) - e3fb79a3-1f86-42af-a80c-c46d1acdbc29@group-7855C2F36E53: changes role from  FOLLOWER to CANDIDATE at term 442 for changeToCandidate
2019-11-04 16:02:56,031 [Thread-2907] INFO  impl.RoleInfo (RoleInfo.java:updateAndGet(143)) - e3fb79a3-1f86-42af-a80c-c46d1acdbc29: start LeaderElection
2019-11-04 16:02:56,042 [e3fb79a3-1f86-42af-a80c-c46d1acdbc29@group-7855C2F36E53-LeaderElection398] INFO  impl.LeaderElection (LeaderElection.java:askForVotes(178)) - e3fb79a3-1f86-42af-a80c-c46d1acdbc29@group-7855C2F36E53-LeaderElection398: begin an election at term 443 for -1: [e3fb79a3-1f86-42af-a80c-c46d1acdbc29:192.168.157.194:44142, 81ff859e-e76f-43f5-951a-4a38422068cb:192.168.157.194:46532, a9143d84-6d7f-497d-b770-eb75585db3c7:192.168.157.194:42126], old=null
2019-11-04 16:02:56,044 [grpc-default-executor-4] INFO  impl.RaftServerImpl (RaftServerImpl.java:setRole(184)) - 81ff859e-e76f-43f5-951a-4a38422068cb@group-7855C2F36E53: changes role from  FOLLOWER to FOLLOWER at term 443 for recognizeCandidate:e3fb79a3-1f86-42af-a80c-c46d1acdbc29
2019-11-04 16:02:56,044 [grpc-default-executor-4] INFO  impl.RoleInfo (RoleInfo.java:shutdownFollowerState(121)) - 81ff859e-e76f-43f5-951a-4a38422068cb: shutdown FollowerState
2019-11-04 16:02:56,044 [grpc-default-executor-1] INFO  impl.RaftServerImpl (RaftServerImpl.java:setRole(184)) - a9143d84-6d7f-497d-b770-eb75585db3c7@group-7855C2F36E53: changes role from  FOLLOWER to FOLLOWER at term 443 for recognizeCandidate:e3fb79a3-1f86-42af-a80c-c46d1acdbc29
2019-11-04 16:02:56,044 [grpc-default-executor-1] INFO  impl.RoleInfo (RoleInfo.java:shutdownFollowerState(121)) - a9143d84-6d7f-497d-b770-eb75585db3c7: shutdown FollowerState
2019-11-04 16:02:56,044 [Thread-2905] INFO  impl.FollowerState (FollowerState.java:run(117)) - 81ff859e-e76f-43f5-951a-4a38422068cb@group-7855C2F36E53-FollowerState was interrupted: java.lang.InterruptedException: sleep interrupted
2019-11-04 16:02:56,044 [grpc-default-executor-4] INFO  impl.RoleInfo (RoleInfo.java:updateAndGet(143)) - 81ff859e-e76f-43f5-951a-4a38422068cb: start FollowerState
2019-11-04 16:02:56,045 [Thread-2906] INFO  impl.FollowerState (FollowerState.java:run(117)) - a9143d84-6d7f-497d-b770-eb75585db3c7@group-7855C2F36E53-FollowerState was interrupted: java.lang.InterruptedException: sleep interrupted
2019-11-04 16:02:56,045 [grpc-default-executor-1] INFO  impl.RoleInfo (RoleInfo.java:updateAndGet(143)) - a9143d84-6d7f-497d-b770-eb75585db3c7: start FollowerState
2019-11-04 16:02:56,087 [e3fb79a3-1f86-42af-a80c-c46d1acdbc29@group-7855C2F36E53-LeaderElection398] INFO  impl.LeaderElection (LeaderElection.java:logAndReturn(56)) - e3fb79a3-1f86-42af-a80c-c46d1acdbc29@group-7855C2F36E53-LeaderElection398: Election REJECTED; received 2 response(s) [e3fb79a3-1f86-42af-a80c-c46d1acdbc29<-81ff859e-e76f-43f5-951a-4a38422068cb#0:FAIL-t443, e3fb79a3-1f86-42af-a80c-c46d1acdbc29<-a9143d84-6d7f-497d-b770-eb75585db3c7#0:FAIL-t443] and 0 exception(s); e3fb79a3-1f86-42af-a80c-c46d1acdbc29@group-7855C2F36E53:t443, leader=null, voted=e3fb79a3-1f86-42af-a80c-c46d1acdbc29, raftlog=e3fb79a3-1f86-42af-a80c-c46d1acdbc29@group-7855C2F36E53-SegmentedRaftLog:OPENED:c-1,f-1,i0, conf=-1: [e3fb79a3-1f86-42af-a80c-c46d1acdbc29:192.168.157.194:44142, 81ff859e-e76f-43f5-951a-4a38422068cb:192.168.157.194:46532, a9143d84-6d7f-497d-b770-eb75585db3c7:192.168.157.194:42126], old=null
2019-11-04 16:02:56,087 [e3fb79a3-1f86-42af-a80c-c46d1acdbc29@group-7855C2F36E53-LeaderElection398] INFO  impl.RaftServerImpl (RaftServerImpl.java:setRole(184)) - e3fb79a3-1f86-42af-a80c-c46d1acdbc29@group-7855C2F36E53: changes role from CANDIDATE to FOLLOWER at term 443 for DISCOVERED_A_NEW_TERM
2019-11-04 16:02:56,087 [e3fb79a3-1f86-42af-a80c-c46d1acdbc29@group-7855C2F36E53-LeaderElection398] INFO  impl.RoleInfo (RoleInfo.java:shutdownLeaderElection(134)) - e3fb79a3-1f86-42af-a80c-c46d1acdbc29: shutdown LeaderElection
2019-11-04 16:02:56,088 [e3fb79a3-1f86-42af-a80c-c46d1acdbc29@group-7855C2F36E53-LeaderElection398] INFO  impl.RoleInfo (RoleInfo.java:updateAndGet(143)) - e3fb79a3-1f86-42af-a80c-c46d1acdbc29: start FollowerState
2019-11-04 16:02:56,280 [Thread-2913] INFO  impl.FollowerState (FollowerState.java:run(108)) - e3fb79a3-1f86-42af-a80c-c46d1acdbc29@group-7855C2F36E53-FollowerState: change to CANDIDATE, lastRpcTime:192ms, electionTimeout:192ms
2019-11-04 16:02:56,280 [Thread-2913] INFO  impl.RoleInfo (RoleInfo.java:shutdownFollowerState(121)) - e3fb79a3-1f86-42af-a80c-c46d1acdbc29: shutdown FollowerState
2019-11-04 16:02:56,280 [Thread-2913] INFO  impl.RaftServerImpl (RaftServerImpl.java:setRole(184)) - e3fb79a3-1f86-42af-a80c-c46d1acdbc29@group-7855C2F36E53: changes role from  FOLLOWER to CANDIDATE at term 443 for changeToCandidate
2019-11-04 16:02:56,280 [Thread-2913] INFO  impl.RoleInfo (RoleInfo.java:updateAndGet(143)) - e3fb79a3-1f86-42af-a80c-c46d1acdbc29: start LeaderElection
2019-11-04 16:02:56,307 [e3fb79a3-1f86-42af-a80c-c46d1acdbc29@group-7855C2F36E53-LeaderElection399] INFO  impl.LeaderElection (LeaderElection.java:askForVotes(178)) - e3fb79a3-1f86-42af-a80c-c46d1acdbc29@group-7855C2F36E53-LeaderElection399: begin an election at term 444 for -1: [e3fb79a3-1f86-42af-a80c-c46d1acdbc29:192.168.157.194:44142, 81ff859e-e76f-43f5-951a-4a38422068cb:192.168.157.194:46532, a9143d84-6d7f-497d-b770-eb75585db3c7:192.168.157.194:42126], old=null
2019-11-04 16:02:56,308 [grpc-default-executor-4] INFO  impl.RaftServerImpl (RaftServerImpl.java:setRole(184)) - 81ff859e-e76f-43f5-951a-4a38422068cb@group-7855C2F36E53: changes role from  FOLLOWER to FOLLOWER at term 444 for recognizeCandidate:e3fb79a3-1f86-42af-a80c-c46d1acdbc29
2019-11-04 16:02:56,308 [grpc-default-executor-1] INFO  impl.RaftServerImpl (RaftServerImpl.java:setRole(184)) - a9143d84-6d7f-497d-b770-eb75585db3c7@group-7855C2F36E53: changes role from  FOLLOWER to FOLLOWER at term 444 for recognizeCandidate:e3fb79a3-1f86-42af-a80c-c46d1acdbc29
2019-11-04 16:02:56,308 [grpc-default-executor-4] INFO  impl.RoleInfo (RoleInfo.java:shutdownFollowerState(121)) - 81ff859e-e76f-43f5-951a-4a38422068cb: shutdown FollowerState
2019-11-04 16:02:56,309 [grpc-default-executor-1] INFO  impl.RoleInfo (RoleInfo.java:shutdownFollowerState(121)) - a9143d84-6d7f-497d-b770-eb75585db3c7: shutdown FollowerState
2019-11-04 16:02:56,309 [Thread-2911] INFO  impl.FollowerState (FollowerState.java:run(117)) - 81ff859e-e76f-43f5-951a-4a38422068cb@group-7855C2F36E53-FollowerState was interrupted: java.lang.InterruptedException: sleep interrupted
2019-11-04 16:02:56,309 [grpc-default-executor-4] INFO  impl.RoleInfo (RoleInfo.java:updateAndGet(143)) - 81ff859e-e76f-43f5-951a-4a38422068cb: start FollowerState
2019-11-04 16:02:56,309 [Thread-2912] INFO  impl.FollowerState (FollowerState.java:run(117)) - a9143d84-6d7f-497d-b770-eb75585db3c7@group-7855C2F36E53-FollowerState was interrupted: java.lang.InterruptedException: sleep interrupted
2019-11-04 16:02:56,309 [grpc-default-executor-1] INFO  impl.RoleInfo (RoleInfo.java:updateAndGet(143)) - a9143d84-6d7f-497d-b770-eb75585db3c7: start FollowerState
2019-11-04 16:02:56,320 [e3fb79a3-1f86-42af-a80c-c46d1acdbc29@group-7855C2F36E53-LeaderElection399] INFO  impl.LeaderElection (LeaderElection.java:logAndReturn(56)) - e3fb79a3-1f86-42af-a80c-c46d1acdbc29@group-7855C2F36E53-LeaderElection399: Election REJECTED; received 2 response(s) [e3fb79a3-1f86-42af-a80c-c46d1acdbc29<-81ff859e-e76f-43f5-951a-4a38422068cb#0:FAIL-t444, e3fb79a3-1f86-42af-a80c-c46d1acdbc29<-a9143d84-6d7f-497d-b770-eb75585db3c7#0:FAIL-t444] and 0 exception(s); e3fb79a3-1f86-42af-a80c-c46d1acdbc29@group-7855C2F36E53:t444, leader=null, voted=e3fb79a3-1f86-42af-a80c-c46d1acdbc29, raftlog=e3fb79a3-1f86-42af-a80c-c46d1acdbc29@group-7855C2F36E53-SegmentedRaftLog:OPENED:c-1,f-1,i0, conf=-1: [e3fb79a3-1f86-42af-a80c-c46d1acdbc29:192.168.157.194:44142, 81ff859e-e76f-43f5-951a-4a38422068cb:192.168.157.194:46532, a9143d84-6d7f-497d-b770-eb75585db3c7:192.168.157.194:42126], old=null
2019-11-04 16:02:56,321 [e3fb79a3-1f86-42af-a80c-c46d1acdbc29@group-7855C2F36E53-LeaderElection399] INFO  impl.RaftServerImpl (RaftServerImpl.java:setRole(184)) - e3fb79a3-1f86-42af-a80c-c46d1acdbc29@group-7855C2F36E53: changes role from CANDIDATE to FOLLOWER at term 444 for DISCOVERED_A_NEW_TERM
2019-11-04 16:02:56,321 [e3fb79a3-1f86-42af-a80c-c46d1acdbc29@group-7855C2F36E53-LeaderElection399] INFO  impl.RoleInfo (RoleInfo.java:shutdownLeaderElection(134)) - e3fb79a3-1f86-42af-a80c-c46d1acdbc29: shutdown LeaderElection
2019-11-04 16:02:56,321 [e3fb79a3-1f86-42af-a80c-c46d1acdbc29@group-7855C2F36E53-LeaderElection399] INFO  impl.RoleInfo (RoleInfo.java:updateAndGet(143)) - e3fb79a3-1f86-42af-a80c-c46d1acdbc29: start FollowerState
2019-11-04 16:02:56,437 [Thread-2922] INFO  impl.FollowerState (FollowerState.java:run(108)) - e3fb79a3-1f86-42af-a80c-c46d1acdbc29@group-7855C2F36E53-FollowerState: change to CANDIDATE, lastRpcTime:116ms, electionTimeout:116ms
2019-11-04 16:02:56,437 [Thread-2922] INFO  impl.RoleInfo (RoleInfo.java:shutdownFollowerState(121)) - e3fb79a3-1f86-42af-a80c-c46d1acdbc29: shutdown FollowerState
2019-11-04 16:02:56,438 [Thread-2922] INFO  impl.RaftServerImpl (RaftServerImpl.java:setRole(184)) - e3fb79a3-1f86-42af-a80c-c46d1acdbc29@group-7855C2F36E53: changes role from  FOLLOWER to CANDIDATE at term 444 for changeToCandidate
2019-11-04 16:02:56,438 [Thread-2922] INFO  impl.RoleInfo (RoleInfo.java:updateAndGet(143)) - e3fb79a3-1f86-42af-a80c-c46d1acdbc29: start LeaderElection
2019-11-04 16:02:56,448 [e3fb79a3-1f86-42af-a80c-c46d1acdbc29@group-7855C2F36E53-LeaderElection400] INFO  impl.LeaderElection (LeaderElection.java:askForVotes(178)) - e3fb79a3-1f86-42af-a80c-c46d1acdbc29@group-7855C2F36E53-LeaderElection400: begin an election at term 445 for -1: [e3fb79a3-1f86-42af-a80c-c46d1acdbc29:192.168.157.194:44142, 81ff859e-e76f-43f5-951a-4a38422068cb:192.168.157.194:46532, a9143d84-6d7f-497d-b770-eb75585db3c7:192.168.157.194:42126], old=null
2019-11-04 16:02:56,450 [grpc-default-executor-4] INFO  impl.RaftServerImpl (RaftServerImpl.java:setRole(184)) - 81ff859e-e76f-43f5-951a-4a38422068cb@group-7855C2F36E53: changes role from  FOLLOWER to FOLLOWER at term 445 for recognizeCandidate:e3fb79a3-1f86-42af-a80c-c46d1acdbc29
2019-11-04 16:02:56,450 [grpc-default-executor-1] INFO  impl.RaftServerImpl (RaftServerImpl.java:setRole(184)) - a9143d84-6d7f-497d-b770-eb75585db3c7@group-7855C2F36E53: changes role from  FOLLOWER to FOLLOWER at term 445 for recognizeCandidate:e3fb79a3-1f86-42af-a80c-c46d1acdbc29
2019-11-04 16:02:56,450 [grpc-default-executor-4] INFO  impl.RoleInfo (RoleInfo.java:shutdownFollowerState(121)) - 81ff859e-e76f-43f5-951a-4a38422068cb: shutdown FollowerState
2019-11-04 16:02:56,450 [grpc-default-executor-1] INFO  impl.RoleInfo (RoleInfo.java:shutdownFollowerState(121)) - a9143d84-6d7f-497d-b770-eb75585db3c7: shutdown FollowerState
2019-11-04 16:02:56,451 [Thread-2920] INFO  impl.FollowerState (FollowerState.java:run(117)) - 81ff859e-e76f-43f5-951a-4a38422068cb@group-7855C2F36E53-FollowerState was interrupted: java.lang.InterruptedException: sleep interrupted
2019-11-04 16:02:56,451 [Thread-2921] INFO  impl.FollowerState (FollowerState.java:run(117)) - a9143d84-6d7f-497d-b770-eb75585db3c7@group-7855C2F36E53-FollowerState was interrupted: java.lang.InterruptedException: sleep interrupted
2019-11-04 16:02:56,451 [grpc-default-executor-4] INFO  impl.RoleInfo (RoleInfo.java:updateAndGet(143)) - 81ff859e-e76f-43f5-951a-4a38422068cb: start FollowerState
2019-11-04 16:02:56,451 [grpc-default-executor-1] INFO  impl.RoleInfo (RoleInfo.java:updateAndGet(143)) - a9143d84-6d7f-497d-b770-eb75585db3c7: start FollowerState
2019-11-04 16:02:56,465 [e3fb79a3-1f86-42af-a80c-c46d1acdbc29@group-7855C2F36E53-LeaderElection400] INFO  impl.LeaderElection (LeaderElection.java:logAndReturn(56)) - e3fb79a3-1f86-42af-a80c-c46d1acdbc29@group-7855C2F36E53-LeaderElection400: Election REJECTED; received 2 response(s) [e3fb79a3-1f86-42af-a80c-c46d1acdbc29<-81ff859e-e76f-43f5-951a-4a38422068cb#0:FAIL-t445, e3fb79a3-1f86-42af-a80c-c46d1acdbc29<-a9143d84-6d7f-497d-b770-eb75585db3c7#0:FAIL-t445] and 0 exception(s); e3fb79a3-1f86-42af-a80c-c46d1acdbc29@group-7855C2F36E53:t445, leader=null, voted=e3fb79a3-1f86-42af-a80c-c46d1acdbc29, raftlog=e3fb79a3-1f86-42af-a80c-c46d1acdbc29@group-7855C2F36E53-SegmentedRaftLog:OPENED:c-1,f-1,i0, conf=-1: [e3fb79a3-1f86-42af-a80c-c46d1acdbc29:192.168.157.194:44142, 81ff859e-e76f-43f5-951a-4a38422068cb:192.168.157.194:46532, a9143d84-6d7f-497d-b770-eb75585db3c7:192.168.157.194:42126], old=null
2019-11-04 16:02:56,466 [e3fb79a3-1f86-42af-a80c-c46d1acdbc29@group-7855C2F36E53-LeaderElection400] INFO  impl.RaftServerImpl (RaftServerImpl.java:setRole(184)) - e3fb79a3-1f86-42af-a80c-c46d1acdbc29@group-7855C2F36E53: changes role from CANDIDATE to FOLLOWER at term 445 for DISCOVERED_A_NEW_TERM
2019-11-04 16:02:56,466 [e3fb79a3-1f86-42af-a80c-c46d1acdbc29@group-7855C2F36E53-LeaderElection400] INFO  impl.RoleInfo (RoleInfo.java:shutdownLeaderElection(134)) - e3fb79a3-1f86-42af-a80c-c46d1acdbc29: shutdown LeaderElection
2019-11-04 16:02:56,466 [e3fb79a3-1f86-42af-a80c-c46d1acdbc29@group-7855C2F36E53-LeaderElection400] INFO  impl.RoleInfo (RoleInfo.java:updateAndGet(143)) - e3fb79a3-1f86-42af-a80c-c46d1acdbc29: start FollowerState
2019-11-04 16:02:56,540 [Thread-2929] INFO  impl.FollowerState (FollowerState.java:run(108)) - e3fb79a3-1f86-42af-a80c-c46d1acdbc29@group-7855C2F36E53-FollowerState: change to CANDIDATE, lastRpcTime:74ms, electionTimeout:74ms
2019-11-04 16:02:56,540 [Thread-2929] INFO  impl.RoleInfo (RoleInfo.java:shutdownFollowerState(121)) - e3fb79a3-1f86-42af-a80c-c46d1acdbc29: shutdown FollowerState
2019-11-04 16:02:56,540 [Thread-2929] INFO  impl.RaftServerImpl (RaftServerImpl.java:setRole(184)) - e3fb79a3-1f86-42af-a80c-c46d1acdbc29@group-7855C2F36E53: changes role from  FOLLOWER to CANDIDATE at term 445 for changeToCandidate
2019-11-04 16:02:56,541 [Thread-2929] INFO  impl.RoleInfo (RoleInfo.java:updateAndGet(143)) - e3fb79a3-1f86-42af-a80c-c46d1acdbc29: start LeaderElection
2019-11-04 16:02:56,569 [e3fb79a3-1f86-42af-a80c-c46d1acdbc29@group-7855C2F36E53-LeaderElection401] INFO  impl.LeaderElection (LeaderElection.java:askForVotes(178)) - e3fb79a3-1f86-42af-a80c-c46d1acdbc29@group-7855C2F36E53-LeaderElection401: begin an election at term 446 for -1: [e3fb79a3-1f86-42af-a80c-c46d1acdbc29:192.168.157.194:44142, 81ff859e-e76f-43f5-951a-4a38422068cb:192.168.157.194:46532, a9143d84-6d7f-497d-b770-eb75585db3c7:192.168.157.194:42126], old=null
2019-11-04 16:02:56,571 [grpc-default-executor-4] INFO  impl.RaftServerImpl (RaftServerImpl.java:setRole(184)) - 81ff859e-e76f-43f5-951a-4a38422068cb@group-7855C2F36E53: changes role from  FOLLOWER to FOLLOWER at term 446 for recognizeCandidate:e3fb79a3-1f86-42af-a80c-c46d1acdbc29
2019-11-04 16:02:56,571 [grpc-default-executor-4] INFO  impl.RoleInfo (RoleInfo.java:shutdownFollowerState(121)) - 81ff859e-e76f-43f5-951a-4a38422068cb: shutdown FollowerState
2019-11-04 16:02:56,571 [grpc-default-executor-1] INFO  impl.RaftServerImpl (RaftServerImpl.java:setRole(184)) - a9143d84-6d7f-497d-b770-eb75585db3c7@group-7855C2F36E53: changes role from  FOLLOWER to FOLLOWER at term 446 for recognizeCandidate:e3fb79a3-1f86-42af-a80c-c46d1acdbc29
2019-11-04 16:02:56,572 [Thread-2927] INFO  impl.FollowerState (FollowerState.java:run(117)) - 81ff859e-e76f-43f5-951a-4a38422068cb@group-7855C2F36E53-FollowerState was interrupted: java.lang.InterruptedException: sleep interrupted
2019-11-04 16:02:56,572 [grpc-default-executor-4] INFO  impl.RoleInfo (RoleInfo.java:updateAndGet(143)) - 81ff859e-e76f-43f5-951a-4a38422068cb: start FollowerState
2019-11-04 16:02:56,572 [grpc-default-executor-1] INFO  impl.RoleInfo (RoleInfo.java:shutdownFollowerState(121)) - a9143d84-6d7f-497d-b770-eb75585db3c7: shutdown FollowerState
2019-11-04 16:02:56,572 [grpc-default-executor-1] INFO  impl.RoleInfo (RoleInfo.java:updateAndGet(143)) - a9143d84-6d7f-497d-b770-eb75585db3c7: start FollowerState
2019-11-04 16:02:56,572 [Thread-2928] INFO  impl.FollowerState (FollowerState.java:run(117)) - a9143d84-6d7f-497d-b770-eb75585db3c7@group-7855C2F36E53-FollowerState was interrupted: java.lang.InterruptedException: sleep interrupted
2019-11-04 16:02:56,598 [e3fb79a3-1f86-42af-a80c-c46d1acdbc29@group-7855C2F36E53-LeaderElection401] INFO  impl.LeaderElection (LeaderElection.java:logAndReturn(56)) - e3fb79a3-1f86-42af-a80c-c46d1acdbc29@group-7855C2F36E53-LeaderElection401: Election TIMEOUT; received 0 response(s) [] and 0 exception(s); e3fb79a3-1f86-42af-a80c-c46d1acdbc29@group-7855C2F36E53:t446, leader=null, voted=e3fb79a3-1f86-42af-a80c-c46d1acdbc29, raftlog=e3fb79a3-1f86-42af-a80c-c46d1acdbc29@group-7855C2F36E53-SegmentedRaftLog:OPENED:c-1,f-1,i0, conf=-1: [e3fb79a3-1f86-42af-a80c-c46d1acdbc29:192.168.157.194:44142, 81ff859e-e76f-43f5-951a-4a38422068cb:192.168.157.194:46532, a9143d84-6d7f-497d-b770-eb75585db3c7:192.168.157.194:42126], old=null
2019-11-04 16:02:56,624 [e3fb79a3-1f86-42af-a80c-c46d1acdbc29@group-7855C2F36E53-LeaderElection401] INFO  impl.LeaderElection (LeaderElection.java:askForVotes(178)) - e3fb79a3-1f86-42af-a80c-c46d1acdbc29@group-7855C2F36E53-LeaderElection401: begin an election at term 447 for -1: [e3fb79a3-1f86-42af-a80c-c46d1acdbc29:192.168.157.194:44142, 81ff859e-e76f-43f5-951a-4a38422068cb:192.168.157.194:46532, a9143d84-6d7f-497d-b770-eb75585db3c7:192.168.157.194:42126], old=null
2019-11-04 16:02:56,625 [grpc-default-executor-1] INFO  impl.RaftServerImpl (RaftServerImpl.java:setRole(184)) - 81ff859e-e76f-43f5-951a-4a38422068cb@group-7855C2F36E53: changes role from  FOLLOWER to FOLLOWER at term 447 for recognizeCandidate:e3fb79a3-1f86-42af-a80c-c46d1acdbc29
2019-11-04 16:02:56,625 [grpc-default-executor-1] INFO  impl.RoleInfo (RoleInfo.java:shutdownFollowerState(121)) - 81ff859e-e76f-43f5-951a-4a38422068cb: shutdown FollowerState
2019-11-04 16:02:56,625 [grpc-default-executor-4] INFO  impl.RaftServerImpl (RaftServerImpl.java:setRole(184)) - a9143d84-6d7f-497d-b770-eb75585db3c7@group-7855C2F36E53: changes role from  FOLLOWER to FOLLOWER at term 447 for recognizeCandidate:e3fb79a3-1f86-42af-a80c-c46d1acdbc29
2019-11-04 16:02:56,626 [grpc-default-executor-4] INFO  impl.RoleInfo (RoleInfo.java:shutdownFollowerState(121)) - a9143d84-6d7f-497d-b770-eb75585db3c7: shutdown FollowerState
2019-11-04 16:02:56,626 [Thread-2935] INFO  impl.FollowerState (FollowerState.java:run(117)) - 81ff859e-e76f-43f5-951a-4a38422068cb@group-7855C2F36E53-FollowerState was interrupted: java.lang.InterruptedException: sleep interrupted
2019-11-04 16:02:56,626 [Thread-2936] INFO  impl.FollowerState (FollowerState.java:run(117)) - a9143d84-6d7f-497d-b770-eb75585db3c7@group-7855C2F36E53-FollowerState was interrupted: java.lang.InterruptedException: sleep interrupted
2019-11-04 16:02:56,626 [grpc-default-executor-1] INFO  impl.RoleInfo (RoleInfo.java:updateAndGet(143)) - 81ff859e-e76f-43f5-951a-4a38422068cb: start FollowerState
2019-11-04 16:02:56,626 [grpc-default-executor-4] INFO  impl.RoleInfo (RoleInfo.java:updateAndGet(143)) - a9143d84-6d7f-497d-b770-eb75585db3c7: start FollowerState
2019-11-04 16:02:56,638 [e3fb79a3-1f86-42af-a80c-c46d1acdbc29@group-7855C2F36E53-LeaderElection401] INFO  impl.LeaderElection (LeaderElection.java:logAndReturn(56)) - e3fb79a3-1f86-42af-a80c-c46d1acdbc29@group-7855C2F36E53-LeaderElection401: Election REJECTED; received 2 response(s) [e3fb79a3-1f86-42af-a80c-c46d1acdbc29<-81ff859e-e76f-43f5-951a-4a38422068cb#0:FAIL-t447, e3fb79a3-1f86-42af-a80c-c46d1acdbc29<-a9143d84-6d7f-497d-b770-eb75585db3c7#0:FAIL-t447] and 0 exception(s); e3fb79a3-1f86-42af-a80c-c46d1acdbc29@group-7855C2F36E53:t447, leader=null, voted=e3fb79a3-1f86-42af-a80c-c46d1acdbc29, raftlog=e3fb79a3-1f86-42af-a80c-c46d1acdbc29@group-7855C2F36E53-SegmentedRaftLog:OPENED:c-1,f-1,i0, conf=-1: [e3fb79a3-1f86-42af-a80c-c46d1acdbc29:192.168.157.194:44142, 81ff859e-e76f-43f5-951a-4a38422068cb:192.168.157.194:46532, a9143d84-6d7f-497d-b770-eb75585db3c7:192.168.157.194:42126], old=null
2019-11-04 16:02:56,638 [e3fb79a3-1f86-42af-a80c-c46d1acdbc29@group-7855C2F36E53-LeaderElection401] INFO  impl.RaftServerImpl (RaftServerImpl.java:setRole(184)) - e3fb79a3-1f86-42af-a80c-c46d1acdbc29@group-7855C2F36E53: changes role from CANDIDATE to FOLLOWER at term 447 for DISCOVERED_A_NEW_TERM
2019-11-04 16:02:56,638 [e3fb79a3-1f86-42af-a80c-c46d1acdbc29@group-7855C2F36E53-LeaderElection401] INFO  impl.RoleInfo (RoleInfo.java:shutdownLeaderElection(134)) - e3fb79a3-1f86-42af-a80c-c46d1acdbc29: shutdown LeaderElection
2019-11-04 16:02:56,638 [e3fb79a3-1f86-42af-a80c-c46d1acdbc29@group-7855C2F36E53-LeaderElection401] INFO  impl.RoleInfo (RoleInfo.java:updateAndGet(143)) - e3fb79a3-1f86-42af-a80c-c46d1acdbc29: start FollowerState
2019-11-04 16:02:56,745 [Thread-2941] INFO  impl.FollowerState (FollowerState.java:run(108)) - e3fb79a3-1f86-42af-a80c-c46d1acdbc29@group-7855C2F36E53-FollowerState: change to CANDIDATE, lastRpcTime:106ms, electionTimeout:106ms
2019-11-04 16:02:56,745 [Thread-2941] INFO  impl.RoleInfo (RoleInfo.java:shutdownFollowerState(121)) - e3fb79a3-1f86-42af-a80c-c46d1acdbc29: shutdown FollowerState
2019-11-04 16:02:56,745 [Thread-2941] INFO  impl.RaftServerImpl (RaftServerImpl.java:setRole(184)) - e3fb79a3-1f86-42af-a80c-c46d1acdbc29@group-7855C2F36E53: changes role from  FOLLOWER to CANDIDATE at term 447 for changeToCandidate
2019-11-04 16:02:56,745 [Thread-2941] INFO  impl.RoleInfo (RoleInfo.java:updateAndGet(143)) - e3fb79a3-1f86-42af-a80c-c46d1acdbc29: start LeaderElection
2019-11-04 16:02:56,761 [e3fb79a3-1f86-42af-a80c-c46d1acdbc29@group-7855C2F36E53-LeaderElection402] INFO  impl.LeaderElection (LeaderElection.java:askForVotes(178)) - e3fb79a3-1f86-42af-a80c-c46d1acdbc29@group-7855C2F36E53-LeaderElection402: begin an election at term 448 for -1: [e3fb79a3-1f86-42af-a80c-c46d1acdbc29:192.168.157.194:44142, 81ff859e-e76f-43f5-951a-4a38422068cb:192.168.157.194:46532, a9143d84-6d7f-497d-b770-eb75585db3c7:192.168.157.194:42126], old=null
2019-11-04 16:02:56,763 [grpc-default-executor-1] INFO  impl.RaftServerImpl (RaftServerImpl.java:setRole(184)) - 81ff859e-e76f-43f5-951a-4a38422068cb@group-7855C2F36E53: changes role from  FOLLOWER to FOLLOWER at term 448 for recognizeCandidate:e3fb79a3-1f86-42af-a80c-c46d1acdbc29
2019-11-04 16:02:56,763 [grpc-default-executor-4] INFO  impl.RaftServerImpl (RaftServerImpl.java:setRole(184)) - a9143d84-6d7f-497d-b770-eb75585db3c7@group-7855C2F36E53: changes role from  FOLLOWER to FOLLOWER at term 448 for recognizeCandidate:e3fb79a3-1f86-42af-a80c-c46d1acdbc29
2019-11-04 16:02:56,763 [grpc-default-executor-1] INFO  impl.RoleInfo (RoleInfo.java:shutdownFollowerState(121)) - 81ff859e-e76f-43f5-951a-4a38422068cb: shutdown FollowerState
2019-11-04 16:02:56,763 [grpc-default-executor-4] INFO  impl.RoleInfo (RoleInfo.java:shutdownFollowerState(121)) - a9143d84-6d7f-497d-b770-eb75585db3c7: shutdown FollowerState
2019-11-04 16:02:56,763 [Thread-2939] INFO  impl.FollowerState (FollowerState.java:run(117)) - 81ff859e-e76f-43f5-951a-4a38422068cb@group-7855C2F36E53-FollowerState was interrupted: java.lang.InterruptedException: sleep interrupted
2019-11-04 16:02:56,763 [grpc-default-executor-1] INFO  impl.RoleInfo (RoleInfo.java:updateAndGet(143)) - 81ff859e-e76f-43f5-951a-4a38422068cb: start FollowerState
2019-11-04 16:02:56,763 [grpc-default-executor-4] INFO  impl.RoleInfo (RoleInfo.java:updateAndGet(143)) - a9143d84-6d7f-497d-b770-eb75585db3c7: start FollowerState
2019-11-04 16:02:56,763 [Thread-2940] INFO  impl.FollowerState (FollowerState.java:run(117)) - a9143d84-6d7f-497d-b770-eb75585db3c7@group-7855C2F36E53-FollowerState was interrupted: java.lang.InterruptedException: sleep interrupted
2019-11-04 16:02:56,790 [e3fb79a3-1f86-42af-a80c-c46d1acdbc29@group-7855C2F36E53-LeaderElection402] INFO  impl.LeaderElection (LeaderElection.java:logAndReturn(56)) - e3fb79a3-1f86-42af-a80c-c46d1acdbc29@group-7855C2F36E53-LeaderElection402: Election REJECTED; received 2 response(s) [e3fb79a3-1f86-42af-a80c-c46d1acdbc29<-81ff859e-e76f-43f5-951a-4a38422068cb#0:FAIL-t448, e3fb79a3-1f86-42af-a80c-c46d1acdbc29<-a9143d84-6d7f-497d-b770-eb75585db3c7#0:FAIL-t448] and 0 exception(s); e3fb79a3-1f86-42af-a80c-c46d1acdbc29@group-7855C2F36E53:t448, leader=null, voted=e3fb79a3-1f86-42af-a80c-c46d1acdbc29, raftlog=e3fb79a3-1f86-42af-a80c-c46d1acdbc29@group-7855C2F36E53-SegmentedRaftLog:OPENED:c-1,f-1,i0, conf=-1: [e3fb79a3-1f86-42af-a80c-c46d1acdbc29:192.168.157.194:44142, 81ff859e-e76f-43f5-951a-4a38422068cb:192.168.157.194:46532, a9143d84-6d7f-497d-b770-eb75585db3c7:192.168.157.194:42126], old=null
2019-11-04 16:02:56,790 [e3fb79a3-1f86-42af-a80c-c46d1acdbc29@group-7855C2F36E53-LeaderElection402] INFO  impl.RaftServerImpl (RaftServerImpl.java:setRole(184)) - e3fb79a3-1f86-42af-a80c-c46d1acdbc29@group-7855C2F36E53: changes role from CANDIDATE to FOLLOWER at term 448 for DISCOVERED_A_NEW_TERM
2019-11-04 16:02:56,790 [e3fb79a3-1f86-42af-a80c-c46d1acdbc29@group-7855C2F36E53-LeaderElection402] INFO  impl.RoleInfo (RoleInfo.java:shutdownLeaderElection(134)) - e3fb79a3-1f86-42af-a80c-c46d1acdbc29: shutdown LeaderElection
2019-11-04 16:02:56,790 [e3fb79a3-1f86-42af-a80c-c46d1acdbc29@group-7855C2F36E53-LeaderElection402] INFO  impl.RoleInfo (RoleInfo.java:updateAndGet(143)) - e3fb79a3-1f86-42af-a80c-c46d1acdbc29: start FollowerState
2019-11-04 16:02:56,802 [Thread-2947] INFO  impl.FollowerState (FollowerState.java:run(108)) - e3fb79a3-1f86-42af-a80c-c46d1acdbc29@group-7855C2F36E53-FollowerState: change to CANDIDATE, lastRpcTime:12ms, electionTimeout:12ms
2019-11-04 16:02:56,803 [Thread-2947] INFO  impl.RoleInfo (RoleInfo.java:shutdownFollowerState(121)) - e3fb79a3-1f86-42af-a80c-c46d1acdbc29: shutdown FollowerState
2019-11-04 16:02:56,803 [Thread-2947] INFO  impl.RaftServerImpl (RaftServerImpl.java:setRole(184)) - e3fb79a3-1f86-42af-a80c-c46d1acdbc29@group-7855C2F36E53: changes role from  FOLLOWER to CANDIDATE at term 448 for changeToCandidate
2019-11-04 16:02:56,803 [Thread-2947] INFO  impl.RoleInfo (RoleInfo.java:updateAndGet(143)) - e3fb79a3-1f86-42af-a80c-c46d1acdbc29: start LeaderElection
2019-11-04 16:02:56,820 [e3fb79a3-1f86-42af-a80c-c46d1acdbc29@group-7855C2F36E53-LeaderElection403] INFO  impl.LeaderElection (LeaderElection.java:askForVotes(178)) - e3fb79a3-1f86-42af-a80c-c46d1acdbc29@group-7855C2F36E53-LeaderElection403: begin an election at term 449 for -1: [e3fb79a3-1f86-42af-a80c-c46d1acdbc29:192.168.157.194:44142, 81ff859e-e76f-43f5-951a-4a38422068cb:192.168.157.194:46532, a9143d84-6d7f-497d-b770-eb75585db3c7:192.168.157.194:42126], old=null
2019-11-04 16:02:56,822 [grpc-default-executor-1] INFO  impl.RaftServerImpl (RaftServerImpl.java:setRole(184)) - 81ff859e-e76f-43f5-951a-4a38422068cb@group-7855C2F36E53: changes role from  FOLLOWER to FOLLOWER at term 449 for recognizeCandidate:e3fb79a3-1f86-42af-a80c-c46d1acdbc29
2019-11-04 16:02:56,822 [grpc-default-executor-1] INFO  impl.RoleInfo (RoleInfo.java:shutdownFollowerState(121)) - 81ff859e-e76f-43f5-951a-4a38422068cb: shutdown FollowerState
2019-11-04 16:02:56,822 [grpc-default-executor-1] INFO  impl.RoleInfo (RoleInfo.java:updateAndGet(143)) - 81ff859e-e76f-43f5-951a-4a38422068cb: start FollowerState
2019-11-04 16:02:56,822 [grpc-default-executor-4] INFO  impl.RaftServerImpl (RaftServerImpl.java:setRole(184)) - a9143d84-6d7f-497d-b770-eb75585db3c7@group-7855C2F36E53: changes role from  FOLLOWER to FOLLOWER at term 449 for recognizeCandidate:e3fb79a3-1f86-42af-a80c-c46d1acdbc29
2019-11-04 16:02:56,822 [Thread-2945] INFO  impl.FollowerState (FollowerState.java:run(117)) - 81ff859e-e76f-43f5-951a-4a38422068cb@group-7855C2F36E53-FollowerState was interrupted: java.lang.InterruptedException: sleep interrupted
2019-11-04 16:02:56,823 [grpc-default-executor-4] INFO  impl.RoleInfo (RoleInfo.java:shutdownFollowerState(121)) - a9143d84-6d7f-497d-b770-eb75585db3c7: shutdown FollowerState
2019-11-04 16:02:56,823 [Thread-2946] INFO  impl.FollowerState (FollowerState.java:run(117)) - a9143d84-6d7f-497d-b770-eb75585db3c7@group-7855C2F36E53-FollowerState was interrupted: java.lang.InterruptedException: sleep interrupted
2019-11-04 16:02:56,823 [grpc-default-executor-4] INFO  impl.RoleInfo (RoleInfo.java:updateAndGet(143)) - a9143d84-6d7f-497d-b770-eb75585db3c7: start FollowerState
2019-11-04 16:02:56,837 [e3fb79a3-1f86-42af-a80c-c46d1acdbc29@group-7855C2F36E53-LeaderElection403] INFO  impl.LeaderElection (LeaderElection.java:logAndReturn(56)) - e3fb79a3-1f86-42af-a80c-c46d1acdbc29@group-7855C2F36E53-LeaderElection403: Election REJECTED; received 2 response(s) [e3fb79a3-1f86-42af-a80c-c46d1acdbc29<-81ff859e-e76f-43f5-951a-4a38422068cb#0:FAIL-t449, e3fb79a3-1f86-42af-a80c-c46d1acdbc29<-a9143d84-6d7f-497d-b770-eb75585db3c7#0:FAIL-t449] and 0 exception(s); e3fb79a3-1f86-42af-a80c-c46d1acdbc29@group-7855C2F36E53:t449, leader=null, voted=e3fb79a3-1f86-42af-a80c-c46d1acdbc29, raftlog=e3fb79a3-1f86-42af-a80c-c46d1acdbc29@group-7855C2F36E53-SegmentedRaftLog:OPENED:c-1,f-1,i0, conf=-1: [e3fb79a3-1f86-42af-a80c-c46d1acdbc29:192.168.157.194:44142, 81ff859e-e76f-43f5-951a-4a38422068cb:192.168.157.194:46532, a9143d84-6d7f-497d-b770-eb75585db3c7:192.168.157.194:42126], old=null
2019-11-04 16:02:56,837 [e3fb79a3-1f86-42af-a80c-c46d1acdbc29@group-7855C2F36E53-LeaderElection403] INFO  impl.RaftServerImpl (RaftServerImpl.java:setRole(184)) - e3fb79a3-1f86-42af-a80c-c46d1acdbc29@group-7855C2F36E53: changes role from CANDIDATE to FOLLOWER at term 449 for DISCOVERED_A_NEW_TERM
2019-11-04 16:02:56,837 [e3fb79a3-1f86-42af-a80c-c46d1acdbc29@group-7855C2F36E53-LeaderElection403] INFO  impl.RoleInfo (RoleInfo.java:shutdownLeaderElection(134)) - e3fb79a3-1f86-42af-a80c-c46d1acdbc29: shutdown LeaderElection
2019-11-04 16:02:56,837 [e3fb79a3-1f86-42af-a80c-c46d1acdbc29@group-7855C2F36E53-LeaderElection403] INFO  impl.RoleInfo (RoleInfo.java:updateAndGet(143)) - e3fb79a3-1f86-42af-a80c-c46d1acdbc29: start FollowerState
2019-11-04 16:02:56,948 [Thread-2953] INFO  impl.FollowerState (FollowerState.java:run(108)) - e3fb79a3-1f86-42af-a80c-c46d1acdbc29@group-7855C2F36E53-FollowerState: change to CANDIDATE, lastRpcTime:110ms, electionTimeout:110ms
2019-11-04 16:02:56,948 [Thread-2953] INFO  impl.RoleInfo (RoleInfo.java:shutdownFollowerState(121)) - e3fb79a3-1f86-42af-a80c-c46d1acdbc29: shutdown FollowerState
2019-11-04 16:02:56,948 [Thread-2953] INFO  impl.RaftServerImpl (RaftServerImpl.java:setRole(184)) - e3fb79a3-1f86-42af-a80c-c46d1acdbc29@group-7855C2F36E53: changes role from  FOLLOWER to CANDIDATE at term 449 for changeToCandidate
2019-11-04 16:02:56,948 [Thread-2953] INFO  impl.RoleInfo (RoleInfo.java:updateAndGet(143)) - e3fb79a3-1f86-42af-a80c-c46d1acdbc29: start LeaderElection
2019-11-04 16:02:56,962 [e3fb79a3-1f86-42af-a80c-c46d1acdbc29@group-7855C2F36E53-LeaderElection404] INFO  impl.LeaderElection (LeaderElection.java:askForVotes(178)) - e3fb79a3-1f86-42af-a80c-c46d1acdbc29@group-7855C2F36E53-LeaderElection404: begin an election at term 450 for -1: [e3fb79a3-1f86-42af-a80c-c46d1acdbc29:192.168.157.194:44142, 81ff859e-e76f-43f5-951a-4a38422068cb:192.168.157.194:46532, a9143d84-6d7f-497d-b770-eb75585db3c7:192.168.157.194:42126], old=null
2019-11-04 16:02:56,963 [grpc-default-executor-1] INFO  impl.RaftServerImpl (RaftServerImpl.java:setRole(184)) - 81ff859e-e76f-43f5-951a-4a38422068cb@group-7855C2F36E53: changes role from  FOLLOWER to FOLLOWER at term 450 for recognizeCandidate:e3fb79a3-1f86-42af-a80c-c46d1acdbc29
2019-11-04 16:02:56,963 [grpc-default-executor-4] INFO  impl.RaftServerImpl (RaftServerImpl.java:setRole(184)) - a9143d84-6d7f-497d-b770-eb75585db3c7@group-7855C2F36E53: changes role from  FOLLOWER to FOLLOWER at term 450 for recognizeCandidate:e3fb79a3-1f86-42af-a80c-c46d1acdbc29
2019-11-04 16:02:56,963 [grpc-default-executor-1] INFO  impl.RoleInfo (RoleInfo.java:shutdownFollowerState(121)) - 81ff859e-e76f-43f5-951a-4a38422068cb: shutdown FollowerState
2019-11-04 16:02:56,964 [grpc-default-executor-4] INFO  impl.RoleInfo (RoleInfo.java:shutdownFollowerState(121)) - a9143d84-6d7f-497d-b770-eb75585db3c7: shutdown FollowerState
2019-11-04 16:02:56,964 [Thread-2951] INFO  impl.FollowerState (FollowerState.java:run(117)) - 81ff859e-e76f-43f5-951a-4a38422068cb@group-7855C2F36E53-FollowerState was interrupted: java.lang.InterruptedException: sleep interrupted
2019-11-04 16:02:56,964 [grpc-default-executor-1] INFO  impl.RoleInfo (RoleInfo.java:updateAndGet(143)) - 81ff859e-e76f-43f5-951a-4a38422068cb: start FollowerState
2019-11-04 16:02:56,964 [Thread-2952] INFO  impl.FollowerState (FollowerState.java:run(117)) - a9143d84-6d7f-497d-b770-eb75585db3c7@group-7855C2F36E53-FollowerState was interrupted: java.lang.InterruptedException: sleep interrupted
2019-11-04 16:02:56,964 [grpc-default-executor-4] INFO  impl.RoleInfo (RoleInfo.java:updateAndGet(143)) - a9143d84-6d7f-497d-b770-eb75585db3c7: start FollowerState
2019-11-04 16:02:56,990 [e3fb79a3-1f86-42af-a80c-c46d1acdbc29@group-7855C2F36E53-LeaderElection404] INFO  impl.LeaderElection (LeaderElection.java:logAndReturn(56)) - e3fb79a3-1f86-42af-a80c-c46d1acdbc29@group-7855C2F36E53-LeaderElection404: Election REJECTED; received 2 response(s) [e3fb79a3-1f86-42af-a80c-c46d1acdbc29<-81ff859e-e76f-43f5-951a-4a38422068cb#0:FAIL-t450, e3fb79a3-1f86-42af-a80c-c46d1acdbc29<-a9143d84-6d7f-497d-b770-eb75585db3c7#0:FAIL-t450] and 0 exception(s); e3fb79a3-1f86-42af-a80c-c46d1acdbc29@group-7855C2F36E53:t450, leader=null, voted=e3fb79a3-1f86-42af-a80c-c46d1acdbc29, raftlog=e3fb79a3-1f86-42af-a80c-c46d1acdbc29@group-7855C2F36E53-SegmentedRaftLog:OPENED:c-1,f-1,i0, conf=-1: [e3fb79a3-1f86-42af-a80c-c46d1acdbc29:192.168.157.194:44142, 81ff859e-e76f-43f5-951a-4a38422068cb:192.168.157.194:46532, a9143d84-6d7f-497d-b770-eb75585db3c7:192.168.157.194:42126], old=null
2019-11-04 16:02:56,991 [e3fb79a3-1f86-42af-a80c-c46d1acdbc29@group-7855C2F36E53-LeaderElection404] INFO  impl.RaftServerImpl (RaftServerImpl.java:setRole(184)) - e3fb79a3-1f86-42af-a80c-c46d1acdbc29@group-7855C2F36E53: changes role from CANDIDATE to FOLLOWER at term 450 for DISCOVERED_A_NEW_TERM
2019-11-04 16:02:56,991 [e3fb79a3-1f86-42af-a80c-c46d1acdbc29@group-7855C2F36E53-LeaderElection404] INFO  impl.RoleInfo (RoleInfo.java:shutdownLeaderElection(134)) - e3fb79a3-1f86-42af-a80c-c46d1acdbc29: shutdown LeaderElection
2019-11-04 16:02:56,991 [e3fb79a3-1f86-42af-a80c-c46d1acdbc29@group-7855C2F36E53-LeaderElection404] INFO  impl.RoleInfo (RoleInfo.java:updateAndGet(143)) - e3fb79a3-1f86-42af-a80c-c46d1acdbc29: start FollowerState
2019-11-04 16:02:57,056 [Thread-2959] INFO  impl.FollowerState (FollowerState.java:run(108)) - e3fb79a3-1f86-42af-a80c-c46d1acdbc29@group-7855C2F36E53-FollowerState: change to CANDIDATE, lastRpcTime:64ms, electionTimeout:64ms
2019-11-04 16:02:57,056 [Thread-2959] INFO  impl.RoleInfo (RoleInfo.java:shutdownFollowerState(121)) - e3fb79a3-1f86-42af-a80c-c46d1acdbc29: shutdown FollowerState
2019-11-04 16:02:57,056 [Thread-2959] INFO  impl.RaftServerImpl (RaftServerImpl.java:setRole(184)) - e3fb79a3-1f86-42af-a80c-c46d1acdbc29@group-7855C2F36E53: changes role from  FOLLOWER to CANDIDATE at term 450 for changeToCandidate
2019-11-04 16:02:57,056 [Thread-2959] INFO  impl.RoleInfo (RoleInfo.java:updateAndGet(143)) - e3fb79a3-1f86-42af-a80c-c46d1acdbc29: start LeaderElection
2019-11-04 16:02:57,070 [e3fb79a3-1f86-42af-a80c-c46d1acdbc29@group-7855C2F36E53-LeaderElection405] INFO  impl.LeaderElection (LeaderElection.java:askForVotes(178)) - e3fb79a3-1f86-42af-a80c-c46d1acdbc29@group-7855C2F36E53-LeaderElection405: begin an election at term 451 for -1: [e3fb79a3-1f86-42af-a80c-c46d1acdbc29:192.168.157.194:44142, 81ff859e-e76f-43f5-951a-4a38422068cb:192.168.157.194:46532, a9143d84-6d7f-497d-b770-eb75585db3c7:192.168.157.194:42126], old=null
2019-11-04 16:02:57,072 [grpc-default-executor-1] INFO  impl.RaftServerImpl (RaftServerImpl.java:setRole(184)) - 81ff859e-e76f-43f5-951a-4a38422068cb@group-7855C2F36E53: changes role from  FOLLOWER to FOLLOWER at term 451 for recognizeCandidate:e3fb79a3-1f86-42af-a80c-c46d1acdbc29
2019-11-04 16:02:57,072 [grpc-default-executor-4] INFO  impl.RaftServerImpl (RaftServerImpl.java:setRole(184)) - a9143d84-6d7f-497d-b770-eb75585db3c7@group-7855C2F36E53: changes role from  FOLLOWER to FOLLOWER at term 451 for recognizeCandidate:e3fb79a3-1f86-42af-a80c-c46d1acdbc29
2019-11-04 16:02:57,072 [grpc-default-executor-1] INFO  impl.RoleInfo (RoleInfo.java:shutdownFollowerState(121)) - 81ff859e-e76f-43f5-951a-4a38422068cb: shutdown FollowerState
2019-11-04 16:02:57,072 [grpc-default-executor-4] INFO  impl.RoleInfo (RoleInfo.java:shutdownFollowerState(121)) - a9143d84-6d7f-497d-b770-eb75585db3c7: shutdown FollowerState
2019-11-04 16:02:57,072 [Thread-2957] INFO  impl.FollowerState (FollowerState.java:run(117)) - 81ff859e-e76f-43f5-951a-4a38422068cb@group-7855C2F36E53-FollowerState was interrupted: java.lang.InterruptedException: sleep interrupted
2019-11-04 16:02:57,072 [Thread-2958] INFO  impl.FollowerState (FollowerState.java:run(117)) - a9143d84-6d7f-497d-b770-eb75585db3c7@group-7855C2F36E53-FollowerState was interrupted: java.lang.InterruptedException: sleep interrupted
2019-11-04 16:02:57,072 [grpc-default-executor-4] INFO  impl.RoleInfo (RoleInfo.java:updateAndGet(143)) - a9143d84-6d7f-497d-b770-eb75585db3c7: start FollowerState
2019-11-04 16:02:57,072 [grpc-default-executor-1] INFO  impl.RoleInfo (RoleInfo.java:updateAndGet(143)) - 81ff859e-e76f-43f5-951a-4a38422068cb: start FollowerState
2019-11-04 16:02:57,091 [e3fb79a3-1f86-42af-a80c-c46d1acdbc29@group-7855C2F36E53-LeaderElection405] INFO  impl.LeaderElection (LeaderElection.java:logAndReturn(56)) - e3fb79a3-1f86-42af-a80c-c46d1acdbc29@group-7855C2F36E53-LeaderElection405: Election REJECTED; received 2 response(s) [e3fb79a3-1f86-42af-a80c-c46d1acdbc29<-81ff859e-e76f-43f5-951a-4a38422068cb#0:FAIL-t451, e3fb79a3-1f86-42af-a80c-c46d1acdbc29<-a9143d84-6d7f-497d-b770-eb75585db3c7#0:FAIL-t451] and 0 exception(s); e3fb79a3-1f86-42af-a80c-c46d1acdbc29@group-7855C2F36E53:t451, leader=null, voted=e3fb79a3-1f86-42af-a80c-c46d1acdbc29, raftlog=e3fb79a3-1f86-42af-a80c-c46d1acdbc29@group-7855C2F36E53-SegmentedRaftLog:OPENED:c-1,f-1,i0, conf=-1: [e3fb79a3-1f86-42af-a80c-c46d1acdbc29:192.168.157.194:44142, 81ff859e-e76f-43f5-951a-4a38422068cb:192.168.157.194:46532, a9143d84-6d7f-497d-b770-eb75585db3c7:192.168.157.194:42126], old=null
2019-11-04 16:02:57,091 [e3fb79a3-1f86-42af-a80c-c46d1acdbc29@group-7855C2F36E53-LeaderElection405] INFO  impl.RaftServerImpl (RaftServerImpl.java:setRole(184)) - e3fb79a3-1f86-42af-a80c-c46d1acdbc29@group-7855C2F36E53: changes role from CANDIDATE to FOLLOWER at term 451 for DISCOVERED_A_NEW_TERM
2019-11-04 16:02:57,092 [e3fb79a3-1f86-42af-a80c-c46d1acdbc29@group-7855C2F36E53-LeaderElection405] INFO  impl.RoleInfo (RoleInfo.java:shutdownLeaderElection(134)) - e3fb79a3-1f86-42af-a80c-c46d1acdbc29: shutdown LeaderElection
2019-11-04 16:02:57,092 [e3fb79a3-1f86-42af-a80c-c46d1acdbc29@group-7855C2F36E53-LeaderElection405] INFO  impl.RoleInfo (RoleInfo.java:updateAndGet(143)) - e3fb79a3-1f86-42af-a80c-c46d1acdbc29: start FollowerState
2019-11-04 16:02:57,113 [Thread-2965] INFO  impl.FollowerState (FollowerState.java:run(108)) - e3fb79a3-1f86-42af-a80c-c46d1acdbc29@group-7855C2F36E53-FollowerState: change to CANDIDATE, lastRpcTime:21ms, electionTimeout:21ms
2019-11-04 16:02:57,113 [Thread-2965] INFO  impl.RoleInfo (RoleInfo.java:shutdownFollowerState(121)) - e3fb79a3-1f86-42af-a80c-c46d1acdbc29: shutdown FollowerState
2019-11-04 16:02:57,114 [Thread-2965] INFO  impl.RaftServerImpl (RaftServerImpl.java:setRole(184)) - e3fb79a3-1f86-42af-a80c-c46d1acdbc29@group-7855C2F36E53: changes role from  FOLLOWER to CANDIDATE at term 451 for changeToCandidate
2019-11-04 16:02:57,114 [Thread-2965] INFO  impl.RoleInfo (RoleInfo.java:updateAndGet(143)) - e3fb79a3-1f86-42af-a80c-c46d1acdbc29: start LeaderElection
2019-11-04 16:02:57,135 [e3fb79a3-1f86-42af-a80c-c46d1acdbc29@group-7855C2F36E53-LeaderElection406] INFO  impl.LeaderElection (LeaderElection.java:askForVotes(178)) - e3fb79a3-1f86-42af-a80c-c46d1acdbc29@group-7855C2F36E53-LeaderElection406: begin an election at term 452 for -1: [e3fb79a3-1f86-42af-a80c-c46d1acdbc29:192.168.157.194:44142, 81ff859e-e76f-43f5-951a-4a38422068cb:192.168.157.194:46532, a9143d84-6d7f-497d-b770-eb75585db3c7:192.168.157.194:42126], old=null
2019-11-04 16:02:57,138 [grpc-default-executor-1] INFO  impl.RaftServerImpl (RaftServerImpl.java:setRole(184)) - 81ff859e-e76f-43f5-951a-4a38422068cb@group-7855C2F36E53: changes role from  FOLLOWER to FOLLOWER at term 452 for recognizeCandidate:e3fb79a3-1f86-42af-a80c-c46d1acdbc29
2019-11-04 16:02:57,138 [grpc-default-executor-1] INFO  impl.RoleInfo (RoleInfo.java:shutdownFollowerState(121)) - 81ff859e-e76f-43f5-951a-4a38422068cb: shutdown FollowerState
2019-11-04 16:02:57,138 [grpc-default-executor-4] INFO  impl.RaftServerImpl (RaftServerImpl.java:setRole(184)) - a9143d84-6d7f-497d-b770-eb75585db3c7@group-7855C2F36E53: changes role from  FOLLOWER to FOLLOWER at term 452 for recognizeCandidate:e3fb79a3-1f86-42af-a80c-c46d1acdbc29
2019-11-04 16:02:57,138 [grpc-default-executor-4] INFO  impl.RoleInfo (RoleInfo.java:shutdownFollowerState(121)) - a9143d84-6d7f-497d-b770-eb75585db3c7: shutdown FollowerState
2019-11-04 16:02:57,138 [Thread-2963] INFO  impl.FollowerState (FollowerState.java:run(117)) - 81ff859e-e76f-43f5-951a-4a38422068cb@group-7855C2F36E53-FollowerState was interrupted: java.lang.InterruptedException: sleep interrupted
2019-11-04 16:02:57,138 [grpc-default-executor-1] INFO  impl.RoleInfo (RoleInfo.java:updateAndGet(143)) - 81ff859e-e76f-43f5-951a-4a38422068cb: start FollowerState
2019-11-04 16:02:57,138 [grpc-default-executor-4] INFO  impl.RoleInfo (RoleInfo.java:updateAndGet(143)) - a9143d84-6d7f-497d-b770-eb75585db3c7: start FollowerState
2019-11-04 16:02:57,139 [Thread-2964] INFO  impl.FollowerState (FollowerState.java:run(117)) - a9143d84-6d7f-497d-b770-eb75585db3c7@group-7855C2F36E53-FollowerState was interrupted: java.lang.InterruptedException: sleep interrupted
2019-11-04 16:02:57,155 [e3fb79a3-1f86-42af-a80c-c46d1acdbc29@group-7855C2F36E53-LeaderElection406] INFO  impl.LeaderElection (LeaderElection.java:logAndReturn(56)) - e3fb79a3-1f86-42af-a80c-c46d1acdbc29@group-7855C2F36E53-LeaderElection406: Election REJECTED; received 2 response(s) [e3fb79a3-1f86-42af-a80c-c46d1acdbc29<-81ff859e-e76f-43f5-951a-4a38422068cb#0:FAIL-t452, e3fb79a3-1f86-42af-a80c-c46d1acdbc29<-a9143d84-6d7f-497d-b770-eb75585db3c7#0:FAIL-t452] and 0 exception(s); e3fb79a3-1f86-42af-a80c-c46d1acdbc29@group-7855C2F36E53:t452, leader=null, voted=e3fb79a3-1f86-42af-a80c-c46d1acdbc29, raftlog=e3fb79a3-1f86-42af-a80c-c46d1acdbc29@group-7855C2F36E53-SegmentedRaftLog:OPENED:c-1,f-1,i0, conf=-1: [e3fb79a3-1f86-42af-a80c-c46d1acdbc29:192.168.157.194:44142, 81ff859e-e76f-43f5-951a-4a38422068cb:192.168.157.194:46532, a9143d84-6d7f-497d-b770-eb75585db3c7:192.168.157.194:42126], old=null
2019-11-04 16:02:57,156 [e3fb79a3-1f86-42af-a80c-c46d1acdbc29@group-7855C2F36E53-LeaderElection406] INFO  impl.RaftServerImpl (RaftServerImpl.java:setRole(184)) - e3fb79a3-1f86-42af-a80c-c46d1acdbc29@group-7855C2F36E53: changes role from CANDIDATE to FOLLOWER at term 452 for DISCOVERED_A_NEW_TERM
2019-11-04 16:02:57,156 [e3fb79a3-1f86-42af-a80c-c46d1acdbc29@group-7855C2F36E53-LeaderElection406] INFO  impl.RoleInfo (RoleInfo.java:shutdownLeaderElection(134)) - e3fb79a3-1f86-42af-a80c-c46d1acdbc29: shutdown LeaderElection
2019-11-04 16:02:57,156 [e3fb79a3-1f86-42af-a80c-c46d1acdbc29@group-7855C2F36E53-LeaderElection406] INFO  impl.RoleInfo (RoleInfo.java:updateAndGet(143)) - e3fb79a3-1f86-42af-a80c-c46d1acdbc29: start FollowerState
2019-11-04 16:02:57,253 [Thread-2971] INFO  impl.FollowerState (FollowerState.java:run(108)) - e3fb79a3-1f86-42af-a80c-c46d1acdbc29@group-7855C2F36E53-FollowerState: change to CANDIDATE, lastRpcTime:96ms, electionTimeout:96ms
2019-11-04 16:02:57,253 [Thread-2971] INFO  impl.RoleInfo (RoleInfo.java:shutdownFollowerState(121)) - e3fb79a3-1f86-42af-a80c-c46d1acdbc29: shutdown FollowerState
2019-11-04 16:02:57,253 [Thread-2971] INFO  impl.RaftServerImpl (RaftServerImpl.java:setRole(184)) - e3fb79a3-1f86-42af-a80c-c46d1acdbc29@group-7855C2F36E53: changes role from  FOLLOWER to CANDIDATE at term 452 for changeToCandidate
2019-11-04 16:02:57,253 [Thread-2971] INFO  impl.RoleInfo (RoleInfo.java:updateAndGet(143)) - e3fb79a3-1f86-42af-a80c-c46d1acdbc29: start LeaderElection
2019-11-04 16:02:57,267 [e3fb79a3-1f86-42af-a80c-c46d1acdbc29@group-7855C2F36E53-LeaderElection407] INFO  impl.LeaderElection (LeaderElection.java:askForVotes(178)) - e3fb79a3-1f86-42af-a80c-c46d1acdbc29@group-7855C2F36E53-LeaderElection407: begin an election at term 453 for -1: [e3fb79a3-1f86-42af-a80c-c46d1acdbc29:192.168.157.194:44142, 81ff859e-e76f-43f5-951a-4a38422068cb:192.168.157.194:46532, a9143d84-6d7f-497d-b770-eb75585db3c7:192.168.157.194:42126], old=null
2019-11-04 16:02:57,268 [grpc-default-executor-1] INFO  impl.RaftServerImpl (RaftServerImpl.java:setRole(184)) - a9143d84-6d7f-497d-b770-eb75585db3c7@group-7855C2F36E53: changes role from  FOLLOWER to FOLLOWER at term 453 for recognizeCandidate:e3fb79a3-1f86-42af-a80c-c46d1acdbc29
2019-11-04 16:02:57,268 [grpc-default-executor-4] INFO  impl.RaftServerImpl (RaftServerImpl.java:setRole(184)) - 81ff859e-e76f-43f5-951a-4a38422068cb@group-7855C2F36E53: changes role from  FOLLOWER to FOLLOWER at term 453 for recognizeCandidate:e3fb79a3-1f86-42af-a80c-c46d1acdbc29
2019-11-04 16:02:57,269 [grpc-default-executor-1] INFO  impl.RoleInfo (RoleInfo.java:shutdownFollowerState(121)) - a9143d84-6d7f-497d-b770-eb75585db3c7: shutdown FollowerState
2019-11-04 16:02:57,269 [grpc-default-executor-4] INFO  impl.RoleInfo (RoleInfo.java:shutdownFollowerState(121)) - 81ff859e-e76f-43f5-951a-4a38422068cb: shutdown FollowerState
2019-11-04 16:02:57,269 [Thread-2970] INFO  impl.FollowerState (FollowerState.java:run(117)) - a9143d84-6d7f-497d-b770-eb75585db3c7@group-7855C2F36E53-FollowerState was interrupted: java.lang.InterruptedException: sleep interrupted
2019-11-04 16:02:57,269 [grpc-default-executor-1] INFO  impl.RoleInfo (RoleInfo.java:updateAndGet(143)) - a9143d84-6d7f-497d-b770-eb75585db3c7: start FollowerState
2019-11-04 16:02:57,269 [Thread-2969] INFO  impl.FollowerState (FollowerState.java:run(117)) - 81ff859e-e76f-43f5-951a-4a38422068cb@group-7855C2F36E53-FollowerState was interrupted: java.lang.InterruptedException: sleep interrupted
2019-11-04 16:02:57,269 [grpc-default-executor-4] INFO  impl.RoleInfo (RoleInfo.java:updateAndGet(143)) - 81ff859e-e76f-43f5-951a-4a38422068cb: start FollowerState
2019-11-04 16:02:57,295 [e3fb79a3-1f86-42af-a80c-c46d1acdbc29@group-7855C2F36E53-LeaderElection407] INFO  impl.LeaderElection (LeaderElection.java:logAndReturn(56)) - e3fb79a3-1f86-42af-a80c-c46d1acdbc29@group-7855C2F36E53-LeaderElection407: Election REJECTED; received 2 response(s) [e3fb79a3-1f86-42af-a80c-c46d1acdbc29<-81ff859e-e76f-43f5-951a-4a38422068cb#0:FAIL-t453, e3fb79a3-1f86-42af-a80c-c46d1acdbc29<-a9143d84-6d7f-497d-b770-eb75585db3c7#0:FAIL-t453] and 0 exception(s); e3fb79a3-1f86-42af-a80c-c46d1acdbc29@group-7855C2F36E53:t453, leader=null, voted=e3fb79a3-1f86-42af-a80c-c46d1acdbc29, raftlog=e3fb79a3-1f86-42af-a80c-c46d1acdbc29@group-7855C2F36E53-SegmentedRaftLog:OPENED:c-1,f-1,i0, conf=-1: [e3fb79a3-1f86-42af-a80c-c46d1acdbc29:192.168.157.194:44142, 81ff859e-e76f-43f5-951a-4a38422068cb:192.168.157.194:46532, a9143d84-6d7f-497d-b770-eb75585db3c7:192.168.157.194:42126], old=null
2019-11-04 16:02:57,296 [e3fb79a3-1f86-42af-a80c-c46d1acdbc29@group-7855C2F36E53-LeaderElection407] INFO  impl.RaftServerImpl (RaftServerImpl.java:setRole(184)) - e3fb79a3-1f86-42af-a80c-c46d1acdbc29@group-7855C2F36E53: changes role from CANDIDATE to FOLLOWER at term 453 for DISCOVERED_A_NEW_TERM
2019-11-04 16:02:57,296 [e3fb79a3-1f86-42af-a80c-c46d1acdbc29@group-7855C2F36E53-LeaderElection407] INFO  impl.RoleInfo (RoleInfo.java:shutdownLeaderElection(134)) - e3fb79a3-1f86-42af-a80c-c46d1acdbc29: shutdown LeaderElection
2019-11-04 16:02:57,296 [e3fb79a3-1f86-42af-a80c-c46d1acdbc29@group-7855C2F36E53-LeaderElection407] INFO  impl.RoleInfo (RoleInfo.java:updateAndGet(143)) - e3fb79a3-1f86-42af-a80c-c46d1acdbc29: start FollowerState
2019-11-04 16:02:57,362 [Thread-2977] INFO  impl.FollowerState (FollowerState.java:run(108)) - e3fb79a3-1f86-42af-a80c-c46d1acdbc29@group-7855C2F36E53-FollowerState: change to CANDIDATE, lastRpcTime:66ms, electionTimeout:66ms
2019-11-04 16:02:57,362 [Thread-2977] INFO  impl.RoleInfo (RoleInfo.java:shutdownFollowerState(121)) - e3fb79a3-1f86-42af-a80c-c46d1acdbc29: shutdown FollowerState
2019-11-04 16:02:57,363 [Thread-2977] INFO  impl.RaftServerImpl (RaftServerImpl.java:setRole(184)) - e3fb79a3-1f86-42af-a80c-c46d1acdbc29@group-7855C2F36E53: changes role from  FOLLOWER to CANDIDATE at term 453 for changeToCandidate
2019-11-04 16:02:57,363 [Thread-2977] INFO  impl.RoleInfo (RoleInfo.java:updateAndGet(143)) - e3fb79a3-1f86-42af-a80c-c46d1acdbc29: start LeaderElection
2019-11-04 16:02:57,377 [e3fb79a3-1f86-42af-a80c-c46d1acdbc29@group-7855C2F36E53-LeaderElection408] INFO  impl.LeaderElection (LeaderElection.java:askForVotes(178)) - e3fb79a3-1f86-42af-a80c-c46d1acdbc29@group-7855C2F36E53-LeaderElection408: begin an election at term 454 for -1: [e3fb79a3-1f86-42af-a80c-c46d1acdbc29:192.168.157.194:44142, 81ff859e-e76f-43f5-951a-4a38422068cb:192.168.157.194:46532, a9143d84-6d7f-497d-b770-eb75585db3c7:192.168.157.194:42126], old=null
2019-11-04 16:02:57,378 [grpc-default-executor-4] INFO  impl.RaftServerImpl (RaftServerImpl.java:setRole(184)) - 81ff859e-e76f-43f5-951a-4a38422068cb@group-7855C2F36E53: changes role from  FOLLOWER to FOLLOWER at term 454 for recognizeCandidate:e3fb79a3-1f86-42af-a80c-c46d1acdbc29
2019-11-04 16:02:57,378 [grpc-default-executor-4] INFO  impl.RoleInfo (RoleInfo.java:shutdownFollowerState(121)) - 81ff859e-e76f-43f5-951a-4a38422068cb: shutdown FollowerState
2019-11-04 16:02:57,378 [grpc-default-executor-1] INFO  impl.RaftServerImpl (RaftServerImpl.java:setRole(184)) - a9143d84-6d7f-497d-b770-eb75585db3c7@group-7855C2F36E53: changes role from  FOLLOWER to FOLLOWER at term 454 for recognizeCandidate:e3fb79a3-1f86-42af-a80c-c46d1acdbc29
2019-11-04 16:02:57,378 [grpc-default-executor-1] INFO  impl.RoleInfo (RoleInfo.java:shutdownFollowerState(121)) - a9143d84-6d7f-497d-b770-eb75585db3c7: shutdown FollowerState
2019-11-04 16:02:57,378 [Thread-2976] INFO  impl.FollowerState (FollowerState.java:run(117)) - 81ff859e-e76f-43f5-951a-4a38422068cb@group-7855C2F36E53-FollowerState was interrupted: java.lang.InterruptedException: sleep interrupted
2019-11-04 16:02:57,378 [grpc-default-executor-4] INFO  impl.RoleInfo (RoleInfo.java:updateAndGet(143)) - 81ff859e-e76f-43f5-951a-4a38422068cb: start FollowerState
2019-11-04 16:02:57,379 [grpc-default-executor-1] INFO  impl.RoleInfo (RoleInfo.java:updateAndGet(143)) - a9143d84-6d7f-497d-b770-eb75585db3c7: start FollowerState
2019-11-04 16:02:57,379 [Thread-2975] INFO  impl.FollowerState (FollowerState.java:run(117)) - a9143d84-6d7f-497d-b770-eb75585db3c7@group-7855C2F36E53-FollowerState was interrupted: java.lang.InterruptedException: sleep interrupted
2019-11-04 16:02:57,393 [e3fb79a3-1f86-42af-a80c-c46d1acdbc29@group-7855C2F36E53-LeaderElection408] INFO  impl.LeaderElection (LeaderElection.java:logAndReturn(56)) - e3fb79a3-1f86-42af-a80c-c46d1acdbc29@group-7855C2F36E53-LeaderElection408: Election REJECTED; received 2 response(s) [e3fb79a3-1f86-42af-a80c-c46d1acdbc29<-81ff859e-e76f-43f5-951a-4a38422068cb#0:FAIL-t454, e3fb79a3-1f86-42af-a80c-c46d1acdbc29<-a9143d84-6d7f-497d-b770-eb75585db3c7#0:FAIL-t454] and 0 exception(s); e3fb79a3-1f86-42af-a80c-c46d1acdbc29@group-7855C2F36E53:t454, leader=null, voted=e3fb79a3-1f86-42af-a80c-c46d1acdbc29, raftlog=e3fb79a3-1f86-42af-a80c-c46d1acdbc29@group-7855C2F36E53-SegmentedRaftLog:OPENED:c-1,f-1,i0, conf=-1: [e3fb79a3-1f86-42af-a80c-c46d1acdbc29:192.168.157.194:44142, 81ff859e-e76f-43f5-951a-4a38422068cb:192.168.157.194:46532, a9143d84-6d7f-497d-b770-eb75585db3c7:192.168.157.194:42126], old=null
2019-11-04 16:02:57,393 [e3fb79a3-1f86-42af-a80c-c46d1acdbc29@group-7855C2F36E53-LeaderElection408] INFO  impl.RaftServerImpl (RaftServerImpl.java:setRole(184)) - e3fb79a3-1f86-42af-a80c-c46d1acdbc29@group-7855C2F36E53: changes role from CANDIDATE to FOLLOWER at term 454 for DISCOVERED_A_NEW_TERM
2019-11-04 16:02:57,393 [e3fb79a3-1f86-42af-a80c-c46d1acdbc29@group-7855C2F36E53-LeaderElection408] INFO  impl.RoleInfo (RoleInfo.java:shutdownLeaderElection(134)) - e3fb79a3-1f86-42af-a80c-c46d1acdbc29: shutdown LeaderElection
2019-11-04 16:02:57,394 [e3fb79a3-1f86-42af-a80c-c46d1acdbc29@group-7855C2F36E53-LeaderElection408] INFO  impl.RoleInfo (RoleInfo.java:updateAndGet(143)) - e3fb79a3-1f86-42af-a80c-c46d1acdbc29: start FollowerState
2019-11-04 16:02:57,581 [Thread-2983] INFO  impl.FollowerState (FollowerState.java:run(108)) - e3fb79a3-1f86-42af-a80c-c46d1acdbc29@group-7855C2F36E53-FollowerState: change to CANDIDATE, lastRpcTime:187ms, electionTimeout:187ms
2019-11-04 16:02:57,581 [Thread-2983] INFO  impl.RoleInfo (RoleInfo.java:shutdownFollowerState(121)) - e3fb79a3-1f86-42af-a80c-c46d1acdbc29: shutdown FollowerState
2019-11-04 16:02:57,581 [Thread-2983] INFO  impl.RaftServerImpl (RaftServerImpl.java:setRole(184)) - e3fb79a3-1f86-42af-a80c-c46d1acdbc29@group-7855C2F36E53: changes role from  FOLLOWER to CANDIDATE at term 454 for changeToCandidate
2019-11-04 16:02:57,581 [Thread-2983] INFO  impl.RoleInfo (RoleInfo.java:updateAndGet(143)) - e3fb79a3-1f86-42af-a80c-c46d1acdbc29: start LeaderElection
2019-11-04 16:02:57,607 [e3fb79a3-1f86-42af-a80c-c46d1acdbc29@group-7855C2F36E53-LeaderElection409] INFO  impl.LeaderElection (LeaderElection.java:askForVotes(178)) - e3fb79a3-1f86-42af-a80c-c46d1acdbc29@group-7855C2F36E53-LeaderElection409: begin an election at term 455 for -1: [e3fb79a3-1f86-42af-a80c-c46d1acdbc29:192.168.157.194:44142, 81ff859e-e76f-43f5-951a-4a38422068cb:192.168.157.194:46532, a9143d84-6d7f-497d-b770-eb75585db3c7:192.168.157.194:42126], old=null
2019-11-04 16:02:57,609 [grpc-default-executor-4] INFO  impl.RaftServerImpl (RaftServerImpl.java:setRole(184)) - 81ff859e-e76f-43f5-951a-4a38422068cb@group-7855C2F36E53: changes role from  FOLLOWER to FOLLOWER at term 455 for recognizeCandidate:e3fb79a3-1f86-42af-a80c-c46d1acdbc29
2019-11-04 16:02:57,609 [grpc-default-executor-1] INFO  impl.RaftServerImpl (RaftServerImpl.java:setRole(184)) - a9143d84-6d7f-497d-b770-eb75585db3c7@group-7855C2F36E53: changes role from  FOLLOWER to FOLLOWER at term 455 for recognizeCandidate:e3fb79a3-1f86-42af-a80c-c46d1acdbc29
2019-11-04 16:02:57,609 [grpc-default-executor-4] INFO  impl.RoleInfo (RoleInfo.java:shutdownFollowerState(121)) - 81ff859e-e76f-43f5-951a-4a38422068cb: shutdown FollowerState
2019-11-04 16:02:57,609 [grpc-default-executor-1] INFO  impl.RoleInfo (RoleInfo.java:shutdownFollowerState(121)) - a9143d84-6d7f-497d-b770-eb75585db3c7: shutdown FollowerState
2019-11-04 16:02:57,609 [Thread-2981] INFO  impl.FollowerState (FollowerState.java:run(117)) - 81ff859e-e76f-43f5-951a-4a38422068cb@group-7855C2F36E53-FollowerState was interrupted: java.lang.InterruptedException: sleep interrupted
2019-11-04 16:02:57,609 [grpc-default-executor-4] INFO  impl.RoleInfo (RoleInfo.java:updateAndGet(143)) - 81ff859e-e76f-43f5-951a-4a38422068cb: start FollowerState
2019-11-04 16:02:57,609 [grpc-default-executor-1] INFO  impl.RoleInfo (RoleInfo.java:updateAndGet(143)) - a9143d84-6d7f-497d-b770-eb75585db3c7: start FollowerState
2019-11-04 16:02:57,609 [Thread-2982] INFO  impl.FollowerState (FollowerState.java:run(117)) - a9143d84-6d7f-497d-b770-eb75585db3c7@group-7855C2F36E53-FollowerState was interrupted: java.lang.InterruptedException: sleep interrupted
2019-11-04 16:02:57,635 [e3fb79a3-1f86-42af-a80c-c46d1acdbc29@group-7855C2F36E53-LeaderElection409] INFO  impl.LeaderElection (LeaderElection.java:logAndReturn(56)) - e3fb79a3-1f86-42af-a80c-c46d1acdbc29@group-7855C2F36E53-LeaderElection409: Election REJECTED; received 2 response(s) [e3fb79a3-1f86-42af-a80c-c46d1acdbc29<-81ff859e-e76f-43f5-951a-4a38422068cb#0:FAIL-t455, e3fb79a3-1f86-42af-a80c-c46d1acdbc29<-a9143d84-6d7f-497d-b770-eb75585db3c7#0:FAIL-t455] and 0 exception(s); e3fb79a3-1f86-42af-a80c-c46d1acdbc29@group-7855C2F36E53:t455, leader=null, voted=e3fb79a3-1f86-42af-a80c-c46d1acdbc29, raftlog=e3fb79a3-1f86-42af-a80c-c46d1acdbc29@group-7855C2F36E53-SegmentedRaftLog:OPENED:c-1,f-1,i0, conf=-1: [e3fb79a3-1f86-42af-a80c-c46d1acdbc29:192.168.157.194:44142, 81ff859e-e76f-43f5-951a-4a38422068cb:192.168.157.194:46532, a9143d84-6d7f-497d-b770-eb75585db3c7:192.168.157.194:42126], old=null
2019-11-04 16:02:57,636 [e3fb79a3-1f86-42af-a80c-c46d1acdbc29@group-7855C2F36E53-LeaderElection409] INFO  impl.RaftServerImpl (RaftServerImpl.java:setRole(184)) - e3fb79a3-1f86-42af-a80c-c46d1acdbc29@group-7855C2F36E53: changes role from CANDIDATE to FOLLOWER at term 455 for DISCOVERED_A_NEW_TERM
2019-11-04 16:02:57,636 [e3fb79a3-1f86-42af-a80c-c46d1acdbc29@group-7855C2F36E53-LeaderElection409] INFO  impl.RoleInfo (RoleInfo.java:shutdownLeaderElection(134)) - e3fb79a3-1f86-42af-a80c-c46d1acdbc29: shutdown LeaderElection
2019-11-04 16:02:57,636 [e3fb79a3-1f86-42af-a80c-c46d1acdbc29@group-7855C2F36E53-LeaderElection409] INFO  impl.RoleInfo (RoleInfo.java:updateAndGet(143)) - e3fb79a3-1f86-42af-a80c-c46d1acdbc29: start FollowerState
2019-11-04 16:02:57,759 [Thread-2991] INFO  impl.FollowerState (FollowerState.java:run(108)) - e3fb79a3-1f86-42af-a80c-c46d1acdbc29@group-7855C2F36E53-FollowerState: change to CANDIDATE, lastRpcTime:123ms, electionTimeout:123ms
2019-11-04 16:02:57,759 [Thread-2991] INFO  impl.RoleInfo (RoleInfo.java:shutdownFollowerState(121)) - e3fb79a3-1f86-42af-a80c-c46d1acdbc29: shutdown FollowerState
2019-11-04 16:02:57,760 [Thread-2991] INFO  impl.RaftServerImpl (RaftServerImpl.java:setRole(184)) - e3fb79a3-1f86-42af-a80c-c46d1acdbc29@group-7855C2F36E53: changes role from  FOLLOWER to CANDIDATE at term 455 for changeToCandidate
2019-11-04 16:02:57,760 [Thread-2991] INFO  impl.RoleInfo (RoleInfo.java:updateAndGet(143)) - e3fb79a3-1f86-42af-a80c-c46d1acdbc29: start LeaderElection
2019-11-04 16:02:57,775 [e3fb79a3-1f86-42af-a80c-c46d1acdbc29@group-7855C2F36E53-LeaderElection410] INFO  impl.LeaderElection (LeaderElection.java:askForVotes(178)) - e3fb79a3-1f86-42af-a80c-c46d1acdbc29@group-7855C2F36E53-LeaderElection410: begin an election at term 456 for -1: [e3fb79a3-1f86-42af-a80c-c46d1acdbc29:192.168.157.194:44142, 81ff859e-e76f-43f5-951a-4a38422068cb:192.168.157.194:46532, a9143d84-6d7f-497d-b770-eb75585db3c7:192.168.157.194:42126], old=null
2019-11-04 16:02:57,776 [grpc-default-executor-4] INFO  impl.RaftServerImpl (RaftServerImpl.java:setRole(184)) - 81ff859e-e76f-43f5-951a-4a38422068cb@group-7855C2F36E53: changes role from  FOLLOWER to FOLLOWER at term 456 for recognizeCandidate:e3fb79a3-1f86-42af-a80c-c46d1acdbc29
2019-11-04 16:02:57,776 [grpc-default-executor-1] INFO  impl.RaftServerImpl (RaftServerImpl.java:setRole(184)) - a9143d84-6d7f-497d-b770-eb75585db3c7@group-7855C2F36E53: changes role from  FOLLOWER to FOLLOWER at term 456 for recognizeCandidate:e3fb79a3-1f86-42af-a80c-c46d1acdbc29
2019-11-04 16:02:57,777 [grpc-default-executor-4] INFO  impl.RoleInfo (RoleInfo.java:shutdownFollowerState(121)) - 81ff859e-e76f-43f5-951a-4a38422068cb: shutdown FollowerState
2019-11-04 16:02:57,777 [grpc-default-executor-1] INFO  impl.RoleInfo (RoleInfo.java:shutdownFollowerState(121)) - a9143d84-6d7f-497d-b770-eb75585db3c7: shutdown FollowerState
2019-11-04 16:02:57,777 [Thread-2989] INFO  impl.FollowerState (FollowerState.java:run(117)) - 81ff859e-e76f-43f5-951a-4a38422068cb@group-7855C2F36E53-FollowerState was interrupted: java.lang.InterruptedException: sleep interrupted
2019-11-04 16:02:57,777 [grpc-default-executor-4] INFO  impl.RoleInfo (RoleInfo.java:updateAndGet(143)) - 81ff859e-e76f-43f5-951a-4a38422068cb: start FollowerState
2019-11-04 16:02:57,777 [Thread-2990] INFO  impl.FollowerState (FollowerState.java:run(117)) - a9143d84-6d7f-497d-b770-eb75585db3c7@group-7855C2F36E53-FollowerState was interrupted: java.lang.InterruptedException: sleep interrupted
2019-11-04 16:02:57,777 [grpc-default-executor-1] INFO  impl.RoleInfo (RoleInfo.java:updateAndGet(143)) - a9143d84-6d7f-497d-b770-eb75585db3c7: start FollowerState
2019-11-04 16:02:57,803 [e3fb79a3-1f86-42af-a80c-c46d1acdbc29@group-7855C2F36E53-LeaderElection410] INFO  impl.LeaderElection (LeaderElection.java:logAndReturn(56)) - e3fb79a3-1f86-42af-a80c-c46d1acdbc29@group-7855C2F36E53-LeaderElection410: Election REJECTED; received 2 response(s) [e3fb79a3-1f86-42af-a80c-c46d1acdbc29<-81ff859e-e76f-43f5-951a-4a38422068cb#0:FAIL-t456, e3fb79a3-1f86-42af-a80c-c46d1acdbc29<-a9143d84-6d7f-497d-b770-eb75585db3c7#0:FAIL-t456] and 0 exception(s); e3fb79a3-1f86-42af-a80c-c46d1acdbc29@group-7855C2F36E53:t456, leader=null, voted=e3fb79a3-1f86-42af-a80c-c46d1acdbc29, raftlog=e3fb79a3-1f86-42af-a80c-c46d1acdbc29@group-7855C2F36E53-SegmentedRaftLog:OPENED:c-1,f-1,i0, conf=-1: [e3fb79a3-1f86-42af-a80c-c46d1acdbc29:192.168.157.194:44142, 81ff859e-e76f-43f5-951a-4a38422068cb:192.168.157.194:46532, a9143d84-6d7f-497d-b770-eb75585db3c7:192.168.157.194:42126], old=null
2019-11-04 16:02:57,803 [e3fb79a3-1f86-42af-a80c-c46d1acdbc29@group-7855C2F36E53-LeaderElection410] INFO  impl.RaftServerImpl (RaftServerImpl.java:setRole(184)) - e3fb79a3-1f86-42af-a80c-c46d1acdbc29@group-7855C2F36E53: changes role from CANDIDATE to FOLLOWER at term 456 for DISCOVERED_A_NEW_TERM
2019-11-04 16:02:57,803 [e3fb79a3-1f86-42af-a80c-c46d1acdbc29@group-7855C2F36E53-LeaderElection410] INFO  impl.RoleInfo (RoleInfo.java:shutdownLeaderElection(134)) - e3fb79a3-1f86-42af-a80c-c46d1acdbc29: shutdown LeaderElection
2019-11-04 16:02:57,803 [e3fb79a3-1f86-42af-a80c-c46d1acdbc29@group-7855C2F36E53-LeaderElection410] INFO  impl.RoleInfo (RoleInfo.java:updateAndGet(143)) - e3fb79a3-1f86-42af-a80c-c46d1acdbc29: start FollowerState
2019-11-04 16:02:58,002 [Thread-2997] INFO  impl.FollowerState (FollowerState.java:run(108)) - e3fb79a3-1f86-42af-a80c-c46d1acdbc29@group-7855C2F36E53-FollowerState: change to CANDIDATE, lastRpcTime:199ms, electionTimeout:199ms
2019-11-04 16:02:58,003 [Thread-2997] INFO  impl.RoleInfo (RoleInfo.java:shutdownFollowerState(121)) - e3fb79a3-1f86-42af-a80c-c46d1acdbc29: shutdown FollowerState
2019-11-04 16:02:58,003 [Thread-2997] INFO  impl.RaftServerImpl (RaftServerImpl.java:setRole(184)) - e3fb79a3-1f86-42af-a80c-c46d1acdbc29@group-7855C2F36E53: changes role from  FOLLOWER to CANDIDATE at term 456 for changeToCandidate
2019-11-04 16:02:58,003 [Thread-2997] INFO  impl.RoleInfo (RoleInfo.java:updateAndGet(143)) - e3fb79a3-1f86-42af-a80c-c46d1acdbc29: start LeaderElection
2019-11-04 16:02:58,016 [e3fb79a3-1f86-42af-a80c-c46d1acdbc29@group-7855C2F36E53-LeaderElection411] INFO  impl.LeaderElection (LeaderElection.java:askForVotes(178)) - e3fb79a3-1f86-42af-a80c-c46d1acdbc29@group-7855C2F36E53-LeaderElection411: begin an election at term 457 for -1: [e3fb79a3-1f86-42af-a80c-c46d1acdbc29:192.168.157.194:44142, 81ff859e-e76f-43f5-951a-4a38422068cb:192.168.157.194:46532, a9143d84-6d7f-497d-b770-eb75585db3c7:192.168.157.194:42126], old=null
2019-11-04 16:02:58,018 [grpc-default-executor-4] INFO  impl.RaftServerImpl (RaftServerImpl.java:setRole(184)) - 81ff859e-e76f-43f5-951a-4a38422068cb@group-7855C2F36E53: changes role from  FOLLOWER to FOLLOWER at term 457 for recognizeCandidate:e3fb79a3-1f86-42af-a80c-c46d1acdbc29
2019-11-04 16:02:58,018 [grpc-default-executor-4] INFO  impl.RoleInfo (RoleInfo.java:shutdownFollowerState(121)) - 81ff859e-e76f-43f5-951a-4a38422068cb: shutdown FollowerState
2019-11-04 16:02:58,018 [grpc-default-executor-1] INFO  impl.RaftServerImpl (RaftServerImpl.java:setRole(184)) - a9143d84-6d7f-497d-b770-eb75585db3c7@group-7855C2F36E53: changes role from  FOLLOWER to FOLLOWER at term 457 for recognizeCandidate:e3fb79a3-1f86-42af-a80c-c46d1acdbc29
2019-11-04 16:02:58,018 [grpc-default-executor-1] INFO  impl.RoleInfo (RoleInfo.java:shutdownFollowerState(121)) - a9143d84-6d7f-497d-b770-eb75585db3c7: shutdown FollowerState
2019-11-04 16:02:58,018 [Thread-2995] INFO  impl.FollowerState (FollowerState.java:run(117)) - 81ff859e-e76f-43f5-951a-4a38422068cb@group-7855C2F36E53-FollowerState was interrupted: java.lang.InterruptedException: sleep interrupted
2019-11-04 16:02:58,018 [Thread-2996] INFO  impl.FollowerState (FollowerState.java:run(117)) - a9143d84-6d7f-497d-b770-eb75585db3c7@group-7855C2F36E53-FollowerState was interrupted: java.lang.InterruptedException: sleep interrupted
2019-11-04 16:02:58,018 [grpc-default-executor-4] INFO  impl.RoleInfo (RoleInfo.java:updateAndGet(143)) - 81ff859e-e76f-43f5-951a-4a38422068cb: start FollowerState
2019-11-04 16:02:58,018 [grpc-default-executor-1] INFO  impl.RoleInfo (RoleInfo.java:updateAndGet(143)) - a9143d84-6d7f-497d-b770-eb75585db3c7: start FollowerState
2019-11-04 16:02:58,033 [e3fb79a3-1f86-42af-a80c-c46d1acdbc29@group-7855C2F36E53-LeaderElection411] INFO  impl.LeaderElection (LeaderElection.java:logAndReturn(56)) - e3fb79a3-1f86-42af-a80c-c46d1acdbc29@group-7855C2F36E53-LeaderElection411: Election REJECTED; received 2 response(s) [e3fb79a3-1f86-42af-a80c-c46d1acdbc29<-81ff859e-e76f-43f5-951a-4a38422068cb#0:FAIL-t457, e3fb79a3-1f86-42af-a80c-c46d1acdbc29<-a9143d84-6d7f-497d-b770-eb75585db3c7#0:FAIL-t457] and 0 exception(s); e3fb79a3-1f86-42af-a80c-c46d1acdbc29@group-7855C2F36E53:t457, leader=null, voted=e3fb79a3-1f86-42af-a80c-c46d1acdbc29, raftlog=e3fb79a3-1f86-42af-a80c-c46d1acdbc29@group-7855C2F36E53-SegmentedRaftLog:OPENED:c-1,f-1,i0, conf=-1: [e3fb79a3-1f86-42af-a80c-c46d1acdbc29:192.168.157.194:44142, 81ff859e-e76f-43f5-951a-4a38422068cb:192.168.157.194:46532, a9143d84-6d7f-497d-b770-eb75585db3c7:192.168.157.194:42126], old=null
2019-11-04 16:02:58,033 [e3fb79a3-1f86-42af-a80c-c46d1acdbc29@group-7855C2F36E53-LeaderElection411] INFO  impl.RaftServerImpl (RaftServerImpl.java:setRole(184)) - e3fb79a3-1f86-42af-a80c-c46d1acdbc29@group-7855C2F36E53: changes role from CANDIDATE to FOLLOWER at term 457 for DISCOVERED_A_NEW_TERM
2019-11-04 16:02:58,033 [e3fb79a3-1f86-42af-a80c-c46d1acdbc29@group-7855C2F36E53-LeaderElection411] INFO  impl.RoleInfo (RoleInfo.java:shutdownLeaderElection(134)) - e3fb79a3-1f86-42af-a80c-c46d1acdbc29: shutdown LeaderElection
2019-11-04 16:02:58,033 [e3fb79a3-1f86-42af-a80c-c46d1acdbc29@group-7855C2F36E53-LeaderElection411] INFO  impl.RoleInfo (RoleInfo.java:updateAndGet(143)) - e3fb79a3-1f86-42af-a80c-c46d1acdbc29: start FollowerState
2019-11-04 16:02:58,204 [Thread-3003] INFO  impl.FollowerState (FollowerState.java:run(108)) - e3fb79a3-1f86-42af-a80c-c46d1acdbc29@group-7855C2F36E53-FollowerState: change to CANDIDATE, lastRpcTime:171ms, electionTimeout:171ms
2019-11-04 16:02:58,205 [Thread-3003] INFO  impl.RoleInfo (RoleInfo.java:shutdownFollowerState(121)) - e3fb79a3-1f86-42af-a80c-c46d1acdbc29: shutdown FollowerState
2019-11-04 16:02:58,205 [Thread-3003] INFO  impl.RaftServerImpl (RaftServerImpl.java:setRole(184)) - e3fb79a3-1f86-42af-a80c-c46d1acdbc29@group-7855C2F36E53: changes role from  FOLLOWER to CANDIDATE at term 457 for changeToCandidate
2019-11-04 16:02:58,205 [Thread-3003] INFO  impl.RoleInfo (RoleInfo.java:updateAndGet(143)) - e3fb79a3-1f86-42af-a80c-c46d1acdbc29: start LeaderElection
2019-11-04 16:02:58,220 [e3fb79a3-1f86-42af-a80c-c46d1acdbc29@group-7855C2F36E53-LeaderElection412] INFO  impl.LeaderElection (LeaderElection.java:askForVotes(178)) - e3fb79a3-1f86-42af-a80c-c46d1acdbc29@group-7855C2F36E53-LeaderElection412: begin an election at term 458 for -1: [e3fb79a3-1f86-42af-a80c-c46d1acdbc29:192.168.157.194:44142, 81ff859e-e76f-43f5-951a-4a38422068cb:192.168.157.194:46532, a9143d84-6d7f-497d-b770-eb75585db3c7:192.168.157.194:42126], old=null
2019-11-04 16:02:58,221 [grpc-default-executor-1] INFO  impl.RaftServerImpl (RaftServerImpl.java:setRole(184)) - 81ff859e-e76f-43f5-951a-4a38422068cb@group-7855C2F36E53: changes role from  FOLLOWER to FOLLOWER at term 458 for recognizeCandidate:e3fb79a3-1f86-42af-a80c-c46d1acdbc29
2019-11-04 16:02:58,221 [grpc-default-executor-1] INFO  impl.RoleInfo (RoleInfo.java:shutdownFollowerState(121)) - 81ff859e-e76f-43f5-951a-4a38422068cb: shutdown FollowerState
2019-11-04 16:02:58,222 [grpc-default-executor-4] INFO  impl.RaftServerImpl (RaftServerImpl.java:setRole(184)) - a9143d84-6d7f-497d-b770-eb75585db3c7@group-7855C2F36E53: changes role from  FOLLOWER to FOLLOWER at term 458 for recognizeCandidate:e3fb79a3-1f86-42af-a80c-c46d1acdbc29
2019-11-04 16:02:58,222 [grpc-default-executor-4] INFO  impl.RoleInfo (RoleInfo.java:shutdownFollowerState(121)) - a9143d84-6d7f-497d-b770-eb75585db3c7: shutdown FollowerState
2019-11-04 16:02:58,222 [Thread-3001] INFO  impl.FollowerState (FollowerState.java:run(117)) - 81ff859e-e76f-43f5-951a-4a38422068cb@group-7855C2F36E53-FollowerState was interrupted: java.lang.InterruptedException: sleep interrupted
2019-11-04 16:02:58,222 [Thread-3002] INFO  impl.FollowerState (FollowerState.java:run(117)) - a9143d84-6d7f-497d-b770-eb75585db3c7@group-7855C2F36E53-FollowerState was interrupted: java.lang.InterruptedException: sleep interrupted
2019-11-04 16:02:58,222 [grpc-default-executor-1] INFO  impl.RoleInfo (RoleInfo.java:updateAndGet(143)) - 81ff859e-e76f-43f5-951a-4a38422068cb: start FollowerState
2019-11-04 16:02:58,222 [grpc-default-executor-4] INFO  impl.RoleInfo (RoleInfo.java:updateAndGet(143)) - a9143d84-6d7f-497d-b770-eb75585db3c7: start FollowerState
2019-11-04 16:02:58,237 [e3fb79a3-1f86-42af-a80c-c46d1acdbc29@group-7855C2F36E53-LeaderElection412] INFO  impl.LeaderElection (LeaderElection.java:logAndReturn(56)) - e3fb79a3-1f86-42af-a80c-c46d1acdbc29@group-7855C2F36E53-LeaderElection412: Election REJECTED; received 2 response(s) [e3fb79a3-1f86-42af-a80c-c46d1acdbc29<-81ff859e-e76f-43f5-951a-4a38422068cb#0:FAIL-t458, e3fb79a3-1f86-42af-a80c-c46d1acdbc29<-a9143d84-6d7f-497d-b770-eb75585db3c7#0:FAIL-t458] and 0 exception(s); e3fb79a3-1f86-42af-a80c-c46d1acdbc29@group-7855C2F36E53:t458, leader=null, voted=e3fb79a3-1f86-42af-a80c-c46d1acdbc29, raftlog=e3fb79a3-1f86-42af-a80c-c46d1acdbc29@group-7855C2F36E53-SegmentedRaftLog:OPENED:c-1,f-1,i0, conf=-1: [e3fb79a3-1f86-42af-a80c-c46d1acdbc29:192.168.157.194:44142, 81ff859e-e76f-43f5-951a-4a38422068cb:192.168.157.194:46532, a9143d84-6d7f-497d-b770-eb75585db3c7:192.168.157.194:42126], old=null
2019-11-04 16:02:58,237 [e3fb79a3-1f86-42af-a80c-c46d1acdbc29@group-7855C2F36E53-LeaderElection412] INFO  impl.RaftServerImpl (RaftServerImpl.java:setRole(184)) - e3fb79a3-1f86-42af-a80c-c46d1acdbc29@group-7855C2F36E53: changes role from CANDIDATE to FOLLOWER at term 458 for DISCOVERED_A_NEW_TERM
2019-11-04 16:02:58,237 [e3fb79a3-1f86-42af-a80c-c46d1acdbc29@group-7855C2F36E53-LeaderElection412] INFO  impl.RoleInfo (RoleInfo.java:shutdownLeaderElection(134)) - e3fb79a3-1f86-42af-a80c-c46d1acdbc29: shutdown LeaderElection
2019-11-04 16:02:58,237 [e3fb79a3-1f86-42af-a80c-c46d1acdbc29@group-7855C2F36E53-LeaderElection412] INFO  impl.RoleInfo (RoleInfo.java:updateAndGet(143)) - e3fb79a3-1f86-42af-a80c-c46d1acdbc29: start FollowerState
2019-11-04 16:02:58,359 [Thread-3009] INFO  impl.FollowerState (FollowerState.java:run(108)) - e3fb79a3-1f86-42af-a80c-c46d1acdbc29@group-7855C2F36E53-FollowerState: change to CANDIDATE, lastRpcTime:122ms, electionTimeout:122ms
2019-11-04 16:02:58,360 [Thread-3009] INFO  impl.RoleInfo (RoleInfo.java:shutdownFollowerState(121)) - e3fb79a3-1f86-42af-a80c-c46d1acdbc29: shutdown FollowerState
2019-11-04 16:02:58,360 [Thread-3009] INFO  impl.RaftServerImpl (RaftServerImpl.java:setRole(184)) - e3fb79a3-1f86-42af-a80c-c46d1acdbc29@group-7855C2F36E53: changes role from  FOLLOWER to CANDIDATE at term 458 for changeToCandidate
2019-11-04 16:02:58,360 [Thread-3009] INFO  impl.RoleInfo (RoleInfo.java:updateAndGet(143)) - e3fb79a3-1f86-42af-a80c-c46d1acdbc29: start LeaderElection
2019-11-04 16:02:58,375 [e3fb79a3-1f86-42af-a80c-c46d1acdbc29@group-7855C2F36E53-LeaderElection413] INFO  impl.LeaderElection (LeaderElection.java:askForVotes(178)) - e3fb79a3-1f86-42af-a80c-c46d1acdbc29@group-7855C2F36E53-LeaderElection413: begin an election at term 459 for -1: [e3fb79a3-1f86-42af-a80c-c46d1acdbc29:192.168.157.194:44142, 81ff859e-e76f-43f5-951a-4a38422068cb:192.168.157.194:46532, a9143d84-6d7f-497d-b770-eb75585db3c7:192.168.157.194:42126], old=null
2019-11-04 16:02:58,376 [grpc-default-executor-1] INFO  impl.RaftServerImpl (RaftServerImpl.java:setRole(184)) - 81ff859e-e76f-43f5-951a-4a38422068cb@group-7855C2F36E53: changes role from  FOLLOWER to FOLLOWER at term 459 for recognizeCandidate:e3fb79a3-1f86-42af-a80c-c46d1acdbc29
2019-11-04 16:02:58,377 [grpc-default-executor-1] INFO  impl.RoleInfo (RoleInfo.java:shutdownFollowerState(121)) - 81ff859e-e76f-43f5-951a-4a38422068cb: shutdown FollowerState
2019-11-04 16:02:58,377 [grpc-default-executor-4] INFO  impl.RaftServerImpl (RaftServerImpl.java:setRole(184)) - a9143d84-6d7f-497d-b770-eb75585db3c7@group-7855C2F36E53: changes role from  FOLLOWER to FOLLOWER at term 459 for recognizeCandidate:e3fb79a3-1f86-42af-a80c-c46d1acdbc29
2019-11-04 16:02:58,377 [grpc-default-executor-4] INFO  impl.RoleInfo (RoleInfo.java:shutdownFollowerState(121)) - a9143d84-6d7f-497d-b770-eb75585db3c7: shutdown FollowerState
2019-11-04 16:02:58,377 [Thread-3007] INFO  impl.FollowerState (FollowerState.java:run(117)) - 81ff859e-e76f-43f5-951a-4a38422068cb@group-7855C2F36E53-FollowerState was interrupted: java.lang.InterruptedException: sleep interrupted
2019-11-04 16:02:58,377 [grpc-default-executor-1] INFO  impl.RoleInfo (RoleInfo.java:updateAndGet(143)) - 81ff859e-e76f-43f5-951a-4a38422068cb: start FollowerState
2019-11-04 16:02:58,377 [Thread-3008] INFO  impl.FollowerState (FollowerState.java:run(117)) - a9143d84-6d7f-497d-b770-eb75585db3c7@group-7855C2F36E53-FollowerState was interrupted: java.lang.InterruptedException: sleep interrupted
2019-11-04 16:02:58,377 [grpc-default-executor-4] INFO  impl.RoleInfo (RoleInfo.java:updateAndGet(143)) - a9143d84-6d7f-497d-b770-eb75585db3c7: start FollowerState
2019-11-04 16:02:58,393 [e3fb79a3-1f86-42af-a80c-c46d1acdbc29@group-7855C2F36E53-LeaderElection413] INFO  impl.LeaderElection (LeaderElection.java:logAndReturn(56)) - e3fb79a3-1f86-42af-a80c-c46d1acdbc29@group-7855C2F36E53-LeaderElection413: Election REJECTED; received 2 response(s) [e3fb79a3-1f86-42af-a80c-c46d1acdbc29<-81ff859e-e76f-43f5-951a-4a38422068cb#0:FAIL-t459, e3fb79a3-1f86-42af-a80c-c46d1acdbc29<-a9143d84-6d7f-497d-b770-eb75585db3c7#0:FAIL-t459] and 0 exception(s); e3fb79a3-1f86-42af-a80c-c46d1acdbc29@group-7855C2F36E53:t459, leader=null, voted=e3fb79a3-1f86-42af-a80c-c46d1acdbc29, raftlog=e3fb79a3-1f86-42af-a80c-c46d1acdbc29@group-7855C2F36E53-SegmentedRaftLog:OPENED:c-1,f-1,i0, conf=-1: [e3fb79a3-1f86-42af-a80c-c46d1acdbc29:192.168.157.194:44142, 81ff859e-e76f-43f5-951a-4a38422068cb:192.168.157.194:46532, a9143d84-6d7f-497d-b770-eb75585db3c7:192.168.157.194:42126], old=null
2019-11-04 16:02:58,393 [e3fb79a3-1f86-42af-a80c-c46d1acdbc29@group-7855C2F36E53-LeaderElection413] INFO  impl.RaftServerImpl (RaftServerImpl.java:setRole(184)) - e3fb79a3-1f86-42af-a80c-c46d1acdbc29@group-7855C2F36E53: changes role from CANDIDATE to FOLLOWER at term 459 for DISCOVERED_A_NEW_TERM
2019-11-04 16:02:58,393 [e3fb79a3-1f86-42af-a80c-c46d1acdbc29@group-7855C2F36E53-LeaderElection413] INFO  impl.RoleInfo (RoleInfo.java:shutdownLeaderElection(134)) - e3fb79a3-1f86-42af-a80c-c46d1acdbc29: shutdown LeaderElection
2019-11-04 16:02:58,393 [e3fb79a3-1f86-42af-a80c-c46d1acdbc29@group-7855C2F36E53-LeaderElection413] INFO  impl.RoleInfo (RoleInfo.java:updateAndGet(143)) - e3fb79a3-1f86-42af-a80c-c46d1acdbc29: start FollowerState
2019-11-04 16:02:58,393 [Thread-3015] INFO  impl.FollowerState (FollowerState.java:run(108)) - e3fb79a3-1f86-42af-a80c-c46d1acdbc29@group-7855C2F36E53-FollowerState: change to CANDIDATE, lastRpcTime:0ms, electionTimeout:0ms
2019-11-04 16:02:58,394 [Thread-3015] INFO  impl.RoleInfo (RoleInfo.java:shutdownFollowerState(121)) - e3fb79a3-1f86-42af-a80c-c46d1acdbc29: shutdown FollowerState
2019-11-04 16:02:58,394 [Thread-3015] INFO  impl.RaftServerImpl (RaftServerImpl.java:setRole(184)) - e3fb79a3-1f86-42af-a80c-c46d1acdbc29@group-7855C2F36E53: changes role from  FOLLOWER to CANDIDATE at term 459 for changeToCandidate
2019-11-04 16:02:58,394 [Thread-3015] INFO  impl.RoleInfo (RoleInfo.java:updateAndGet(143)) - e3fb79a3-1f86-42af-a80c-c46d1acdbc29: start LeaderElection
2019-11-04 16:02:58,407 [e3fb79a3-1f86-42af-a80c-c46d1acdbc29@group-7855C2F36E53-LeaderElection414] INFO  impl.LeaderElection (LeaderElection.java:askForVotes(178)) - e3fb79a3-1f86-42af-a80c-c46d1acdbc29@group-7855C2F36E53-LeaderElection414: begin an election at term 460 for -1: [e3fb79a3-1f86-42af-a80c-c46d1acdbc29:192.168.157.194:44142, 81ff859e-e76f-43f5-951a-4a38422068cb:192.168.157.194:46532, a9143d84-6d7f-497d-b770-eb75585db3c7:192.168.157.194:42126], old=null
2019-11-04 16:02:58,408 [grpc-default-executor-4] INFO  impl.RaftServerImpl (RaftServerImpl.java:setRole(184)) - 81ff859e-e76f-43f5-951a-4a38422068cb@group-7855C2F36E53: changes role from  FOLLOWER to FOLLOWER at term 460 for recognizeCandidate:e3fb79a3-1f86-42af-a80c-c46d1acdbc29
2019-11-04 16:02:58,408 [grpc-default-executor-1] INFO  impl.RaftServerImpl (RaftServerImpl.java:setRole(184)) - a9143d84-6d7f-497d-b770-eb75585db3c7@group-7855C2F36E53: changes role from  FOLLOWER to FOLLOWER at term 460 for recognizeCandidate:e3fb79a3-1f86-42af-a80c-c46d1acdbc29
2019-11-04 16:02:58,409 [grpc-default-executor-1] INFO  impl.RoleInfo (RoleInfo.java:shutdownFollowerState(121)) - a9143d84-6d7f-497d-b770-eb75585db3c7: shutdown FollowerState
2019-11-04 16:02:58,408 [grpc-default-executor-4] INFO  impl.RoleInfo (RoleInfo.java:shutdownFollowerState(121)) - 81ff859e-e76f-43f5-951a-4a38422068cb: shutdown FollowerState
2019-11-04 16:02:58,409 [Thread-3014] INFO  impl.FollowerState (FollowerState.java:run(117)) - a9143d84-6d7f-497d-b770-eb75585db3c7@group-7855C2F36E53-FollowerState was interrupted: java.lang.InterruptedException: sleep interrupted
2019-11-04 16:02:58,409 [Thread-3013] INFO  impl.FollowerState (FollowerState.java:run(117)) - 81ff859e-e76f-43f5-951a-4a38422068cb@group-7855C2F36E53-FollowerState was interrupted: java.lang.InterruptedException: sleep interrupted
2019-11-04 16:02:58,409 [grpc-default-executor-1] INFO  impl.RoleInfo (RoleInfo.java:updateAndGet(143)) - a9143d84-6d7f-497d-b770-eb75585db3c7: start FollowerState
2019-11-04 16:02:58,409 [grpc-default-executor-4] INFO  impl.RoleInfo (RoleInfo.java:updateAndGet(143)) - 81ff859e-e76f-43f5-951a-4a38422068cb: start FollowerState
2019-11-04 16:02:58,415 [e3fb79a3-1f86-42af-a80c-c46d1acdbc29@group-7855C2F36E53-LeaderElection414] INFO  impl.LeaderElection (LeaderElection.java:logAndReturn(56)) - e3fb79a3-1f86-42af-a80c-c46d1acdbc29@group-7855C2F36E53-LeaderElection414: Election TIMEOUT; received 0 response(s) [] and 0 exception(s); e3fb79a3-1f86-42af-a80c-c46d1acdbc29@group-7855C2F36E53:t460, leader=null, voted=e3fb79a3-1f86-42af-a80c-c46d1acdbc29, raftlog=e3fb79a3-1f86-42af-a80c-c46d1acdbc29@group-7855C2F36E53-SegmentedRaftLog:OPENED:c-1,f-1,i0, conf=-1: [e3fb79a3-1f86-42af-a80c-c46d1acdbc29:192.168.157.194:44142, 81ff859e-e76f-43f5-951a-4a38422068cb:192.168.157.194:46532, a9143d84-6d7f-497d-b770-eb75585db3c7:192.168.157.194:42126], old=null
2019-11-04 16:02:58,434 [e3fb79a3-1f86-42af-a80c-c46d1acdbc29@group-7855C2F36E53-LeaderElection414] INFO  impl.LeaderElection (LeaderElection.java:askForVotes(178)) - e3fb79a3-1f86-42af-a80c-c46d1acdbc29@group-7855C2F36E53-LeaderElection414: begin an election at term 461 for -1: [e3fb79a3-1f86-42af-a80c-c46d1acdbc29:192.168.157.194:44142, 81ff859e-e76f-43f5-951a-4a38422068cb:192.168.157.194:46532, a9143d84-6d7f-497d-b770-eb75585db3c7:192.168.157.194:42126], old=null
2019-11-04 16:02:58,436 [grpc-default-executor-4] INFO  impl.RaftServerImpl (RaftServerImpl.java:setRole(184)) - 81ff859e-e76f-43f5-951a-4a38422068cb@group-7855C2F36E53: changes role from  FOLLOWER to FOLLOWER at term 461 for recognizeCandidate:e3fb79a3-1f86-42af-a80c-c46d1acdbc29
2019-11-04 16:02:58,436 [grpc-default-executor-4] INFO  impl.RoleInfo (RoleInfo.java:shutdownFollowerState(121)) - 81ff859e-e76f-43f5-951a-4a38422068cb: shutdown FollowerState
2019-11-04 16:02:58,436 [grpc-default-executor-4] INFO  impl.RoleInfo (RoleInfo.java:updateAndGet(143)) - 81ff859e-e76f-43f5-951a-4a38422068cb: start FollowerState
2019-11-04 16:02:58,437 [grpc-default-executor-1] INFO  impl.RaftServerImpl (RaftServerImpl.java:setRole(184)) - a9143d84-6d7f-497d-b770-eb75585db3c7@group-7855C2F36E53: changes role from  FOLLOWER to FOLLOWER at term 461 for recognizeCandidate:e3fb79a3-1f86-42af-a80c-c46d1acdbc29
2019-11-04 16:02:58,436 [Thread-3020] INFO  impl.FollowerState (FollowerState.java:run(117)) - 81ff859e-e76f-43f5-951a-4a38422068cb@group-7855C2F36E53-FollowerState was interrupted: java.lang.InterruptedException: sleep interrupted
2019-11-04 16:02:58,437 [grpc-default-executor-1] INFO  impl.RoleInfo (RoleInfo.java:shutdownFollowerState(121)) - a9143d84-6d7f-497d-b770-eb75585db3c7: shutdown FollowerState
2019-11-04 16:02:58,437 [grpc-default-executor-1] INFO  impl.RoleInfo (RoleInfo.java:updateAndGet(143)) - a9143d84-6d7f-497d-b770-eb75585db3c7: start FollowerState
2019-11-04 16:02:58,437 [Thread-3019] INFO  impl.FollowerState (FollowerState.java:run(117)) - a9143d84-6d7f-497d-b770-eb75585db3c7@group-7855C2F36E53-FollowerState was interrupted: java.lang.InterruptedException: sleep interrupted
2019-11-04 16:02:58,455 [e3fb79a3-1f86-42af-a80c-c46d1acdbc29@group-7855C2F36E53-LeaderElection414] INFO  impl.LeaderElection (LeaderElection.java:logAndReturn(56)) - e3fb79a3-1f86-42af-a80c-c46d1acdbc29@group-7855C2F36E53-LeaderElection414: Election REJECTED; received 2 response(s) [e3fb79a3-1f86-42af-a80c-c46d1acdbc29<-81ff859e-e76f-43f5-951a-4a38422068cb#0:FAIL-t461, e3fb79a3-1f86-42af-a80c-c46d1acdbc29<-a9143d84-6d7f-497d-b770-eb75585db3c7#0:FAIL-t461] and 0 exception(s); e3fb79a3-1f86-42af-a80c-c46d1acdbc29@group-7855C2F36E53:t461, leader=null, voted=e3fb79a3-1f86-42af-a80c-c46d1acdbc29, raftlog=e3fb79a3-1f86-42af-a80c-c46d1acdbc29@group-7855C2F36E53-SegmentedRaftLog:OPENED:c-1,f-1,i0, conf=-1: [e3fb79a3-1f86-42af-a80c-c46d1acdbc29:192.168.157.194:44142, 81ff859e-e76f-43f5-951a-4a38422068cb:192.168.157.194:46532, a9143d84-6d7f-497d-b770-eb75585db3c7:192.168.157.194:42126], old=null
2019-11-04 16:02:58,456 [e3fb79a3-1f86-42af-a80c-c46d1acdbc29@group-7855C2F36E53-LeaderElection414] INFO  impl.RaftServerImpl (RaftServerImpl.java:setRole(184)) - e3fb79a3-1f86-42af-a80c-c46d1acdbc29@group-7855C2F36E53: changes role from CANDIDATE to FOLLOWER at term 461 for DISCOVERED_A_NEW_TERM
2019-11-04 16:02:58,456 [e3fb79a3-1f86-42af-a80c-c46d1acdbc29@group-7855C2F36E53-LeaderElection414] INFO  impl.RoleInfo (RoleInfo.java:shutdownLeaderElection(134)) - e3fb79a3-1f86-42af-a80c-c46d1acdbc29: shutdown LeaderElection
2019-11-04 16:02:58,456 [e3fb79a3-1f86-42af-a80c-c46d1acdbc29@group-7855C2F36E53-LeaderElection414] INFO  impl.RoleInfo (RoleInfo.java:updateAndGet(143)) - e3fb79a3-1f86-42af-a80c-c46d1acdbc29: start FollowerState
2019-11-04 16:02:58,524 [Thread-3025] INFO  impl.FollowerState (FollowerState.java:run(108)) - e3fb79a3-1f86-42af-a80c-c46d1acdbc29@group-7855C2F36E53-FollowerState: change to CANDIDATE, lastRpcTime:68ms, electionTimeout:68ms
2019-11-04 16:02:58,525 [Thread-3025] INFO  impl.RoleInfo (RoleInfo.java:shutdownFollowerState(121)) - e3fb79a3-1f86-42af-a80c-c46d1acdbc29: shutdown FollowerState
2019-11-04 16:02:58,525 [Thread-3025] INFO  impl.RaftServerImpl (RaftServerImpl.java:setRole(184)) - e3fb79a3-1f86-42af-a80c-c46d1acdbc29@group-7855C2F36E53: changes role from  FOLLOWER to CANDIDATE at term 461 for changeToCandidate
2019-11-04 16:02:58,525 [Thread-3025] INFO  impl.RoleInfo (RoleInfo.java:updateAndGet(143)) - e3fb79a3-1f86-42af-a80c-c46d1acdbc29: start LeaderElection
2019-11-04 16:02:58,546 [e3fb79a3-1f86-42af-a80c-c46d1acdbc29@group-7855C2F36E53-LeaderElection415] INFO  impl.LeaderElection (LeaderElection.java:askForVotes(178)) - e3fb79a3-1f86-42af-a80c-c46d1acdbc29@group-7855C2F36E53-LeaderElection415: begin an election at term 462 for -1: [e3fb79a3-1f86-42af-a80c-c46d1acdbc29:192.168.157.194:44142, 81ff859e-e76f-43f5-951a-4a38422068cb:192.168.157.194:46532, a9143d84-6d7f-497d-b770-eb75585db3c7:192.168.157.194:42126], old=null
2019-11-04 16:02:58,548 [grpc-default-executor-4] INFO  impl.RaftServerImpl (RaftServerImpl.java:setRole(184)) - 81ff859e-e76f-43f5-951a-4a38422068cb@group-7855C2F36E53: changes role from  FOLLOWER to FOLLOWER at term 462 for recognizeCandidate:e3fb79a3-1f86-42af-a80c-c46d1acdbc29
2019-11-04 16:02:58,548 [grpc-default-executor-4] INFO  impl.RoleInfo (RoleInfo.java:shutdownFollowerState(121)) - 81ff859e-e76f-43f5-951a-4a38422068cb: shutdown FollowerState
2019-11-04 16:02:58,548 [grpc-default-executor-1] INFO  impl.RaftServerImpl (RaftServerImpl.java:setRole(184)) - a9143d84-6d7f-497d-b770-eb75585db3c7@group-7855C2F36E53: changes role from  FOLLOWER to FOLLOWER at term 462 for recognizeCandidate:e3fb79a3-1f86-42af-a80c-c46d1acdbc29
2019-11-04 16:02:58,548 [grpc-default-executor-1] INFO  impl.RoleInfo (RoleInfo.java:shutdownFollowerState(121)) - a9143d84-6d7f-497d-b770-eb75585db3c7: shutdown FollowerState
2019-11-04 16:02:58,548 [Thread-3023] INFO  impl.FollowerState (FollowerState.java:run(117)) - 81ff859e-e76f-43f5-951a-4a38422068cb@group-7855C2F36E53-FollowerState was interrupted: java.lang.InterruptedException: sleep interrupted
2019-11-04 16:02:58,548 [Thread-3024] INFO  impl.FollowerState (FollowerState.java:run(117)) - a9143d84-6d7f-497d-b770-eb75585db3c7@group-7855C2F36E53-FollowerState was interrupted: java.lang.InterruptedException: sleep interrupted
2019-11-04 16:02:58,548 [grpc-default-executor-4] INFO  impl.RoleInfo (RoleInfo.java:updateAndGet(143)) - 81ff859e-e76f-43f5-951a-4a38422068cb: start FollowerState
2019-11-04 16:02:58,548 [grpc-default-executor-1] INFO  impl.RoleInfo (RoleInfo.java:updateAndGet(143)) - a9143d84-6d7f-497d-b770-eb75585db3c7: start FollowerState
2019-11-04 16:02:58,575 [e3fb79a3-1f86-42af-a80c-c46d1acdbc29@group-7855C2F36E53-LeaderElection415] INFO  impl.LeaderElection (LeaderElection.java:logAndReturn(56)) - e3fb79a3-1f86-42af-a80c-c46d1acdbc29@group-7855C2F36E53-LeaderElection415: Election REJECTED; received 2 response(s) [e3fb79a3-1f86-42af-a80c-c46d1acdbc29<-81ff859e-e76f-43f5-951a-4a38422068cb#0:FAIL-t462, e3fb79a3-1f86-42af-a80c-c46d1acdbc29<-a9143d84-6d7f-497d-b770-eb75585db3c7#0:FAIL-t462] and 0 exception(s); e3fb79a3-1f86-42af-a80c-c46d1acdbc29@group-7855C2F36E53:t462, leader=null, voted=e3fb79a3-1f86-42af-a80c-c46d1acdbc29, raftlog=e3fb79a3-1f86-42af-a80c-c46d1acdbc29@group-7855C2F36E53-SegmentedRaftLog:OPENED:c-1,f-1,i0, conf=-1: [e3fb79a3-1f86-42af-a80c-c46d1acdbc29:192.168.157.194:44142, 81ff859e-e76f-43f5-951a-4a38422068cb:192.168.157.194:46532, a9143d84-6d7f-497d-b770-eb75585db3c7:192.168.157.194:42126], old=null
2019-11-04 16:02:58,575 [e3fb79a3-1f86-42af-a80c-c46d1acdbc29@group-7855C2F36E53-LeaderElection415] INFO  impl.RaftServerImpl (RaftServerImpl.java:setRole(184)) - e3fb79a3-1f86-42af-a80c-c46d1acdbc29@group-7855C2F36E53: changes role from CANDIDATE to FOLLOWER at term 462 for DISCOVERED_A_NEW_TERM
2019-11-04 16:02:58,575 [e3fb79a3-1f86-42af-a80c-c46d1acdbc29@group-7855C2F36E53-LeaderElection415] INFO  impl.RoleInfo (RoleInfo.java:shutdownLeaderElection(134)) - e3fb79a3-1f86-42af-a80c-c46d1acdbc29: shutdown LeaderElection
2019-11-04 16:02:58,575 [e3fb79a3-1f86-42af-a80c-c46d1acdbc29@group-7855C2F36E53-LeaderElection415] INFO  impl.RoleInfo (RoleInfo.java:updateAndGet(143)) - e3fb79a3-1f86-42af-a80c-c46d1acdbc29: start FollowerState
2019-11-04 16:02:58,713 [Thread-3033] INFO  impl.FollowerState (FollowerState.java:run(108)) - e3fb79a3-1f86-42af-a80c-c46d1acdbc29@group-7855C2F36E53-FollowerState: change to CANDIDATE, lastRpcTime:137ms, electionTimeout:137ms
2019-11-04 16:02:58,713 [Thread-3033] INFO  impl.RoleInfo (RoleInfo.java:shutdownFollowerState(121)) - e3fb79a3-1f86-42af-a80c-c46d1acdbc29: shutdown FollowerState
2019-11-04 16:02:58,713 [Thread-3033] INFO  impl.RaftServerImpl (RaftServerImpl.java:setRole(184)) - e3fb79a3-1f86-42af-a80c-c46d1acdbc29@group-7855C2F36E53: changes role from  FOLLOWER to CANDIDATE at term 462 for changeToCandidate
2019-11-04 16:02:58,713 [Thread-3033] INFO  impl.RoleInfo (RoleInfo.java:updateAndGet(143)) - e3fb79a3-1f86-42af-a80c-c46d1acdbc29: start LeaderElection
2019-11-04 16:02:58,739 [e3fb79a3-1f86-42af-a80c-c46d1acdbc29@group-7855C2F36E53-LeaderElection416] INFO  impl.LeaderElection (LeaderElection.java:askForVotes(178)) - e3fb79a3-1f86-42af-a80c-c46d1acdbc29@group-7855C2F36E53-LeaderElection416: begin an election at term 463 for -1: [e3fb79a3-1f86-42af-a80c-c46d1acdbc29:192.168.157.194:44142, 81ff859e-e76f-43f5-951a-4a38422068cb:192.168.157.194:46532, a9143d84-6d7f-497d-b770-eb75585db3c7:192.168.157.194:42126], old=null
2019-11-04 16:02:58,741 [grpc-default-executor-4] INFO  impl.RaftServerImpl (RaftServerImpl.java:setRole(184)) - 81ff859e-e76f-43f5-951a-4a38422068cb@group-7855C2F36E53: changes role from  FOLLOWER to FOLLOWER at term 463 for recognizeCandidate:e3fb79a3-1f86-42af-a80c-c46d1acdbc29
2019-11-04 16:02:58,741 [grpc-default-executor-4] INFO  impl.RoleInfo (RoleInfo.java:shutdownFollowerState(121)) - 81ff859e-e76f-43f5-951a-4a38422068cb: shutdown FollowerState
2019-11-04 16:02:58,741 [grpc-default-executor-1] INFO  impl.RaftServerImpl (RaftServerImpl.java:setRole(184)) - a9143d84-6d7f-497d-b770-eb75585db3c7@group-7855C2F36E53: changes role from  FOLLOWER to FOLLOWER at term 463 for recognizeCandidate:e3fb79a3-1f86-42af-a80c-c46d1acdbc29
2019-11-04 16:02:58,741 [grpc-default-executor-1] INFO  impl.RoleInfo (RoleInfo.java:shutdownFollowerState(121)) - a9143d84-6d7f-497d-b770-eb75585db3c7: shutdown FollowerState
2019-11-04 16:02:58,741 [Thread-3031] INFO  impl.FollowerState (FollowerState.java:run(117)) - 81ff859e-e76f-43f5-951a-4a38422068cb@group-7855C2F36E53-FollowerState was interrupted: java.lang.InterruptedException: sleep interrupted
2019-11-04 16:02:58,741 [grpc-default-executor-4] INFO  impl.RoleInfo (RoleInfo.java:updateAndGet(143)) - 81ff859e-e76f-43f5-951a-4a38422068cb: start FollowerState
2019-11-04 16:02:58,741 [Thread-3032] INFO  impl.FollowerState (FollowerState.java:run(117)) - a9143d84-6d7f-497d-b770-eb75585db3c7@group-7855C2F36E53-FollowerState was interrupted: java.lang.InterruptedException: sleep interrupted
2019-11-04 16:02:58,741 [grpc-default-executor-1] INFO  impl.RoleInfo (RoleInfo.java:updateAndGet(143)) - a9143d84-6d7f-497d-b770-eb75585db3c7: start FollowerState
2019-11-04 16:02:58,756 [e3fb79a3-1f86-42af-a80c-c46d1acdbc29@group-7855C2F36E53-LeaderElection416] INFO  impl.LeaderElection (LeaderElection.java:logAndReturn(56)) - e3fb79a3-1f86-42af-a80c-c46d1acdbc29@group-7855C2F36E53-LeaderElection416: Election REJECTED; received 2 response(s) [e3fb79a3-1f86-42af-a80c-c46d1acdbc29<-81ff859e-e76f-43f5-951a-4a38422068cb#0:FAIL-t463, e3fb79a3-1f86-42af-a80c-c46d1acdbc29<-a9143d84-6d7f-497d-b770-eb75585db3c7#0:FAIL-t463] and 0 exception(s); e3fb79a3-1f86-42af-a80c-c46d1acdbc29@group-7855C2F36E53:t463, leader=null, voted=e3fb79a3-1f86-42af-a80c-c46d1acdbc29, raftlog=e3fb79a3-1f86-42af-a80c-c46d1acdbc29@group-7855C2F36E53-SegmentedRaftLog:OPENED:c-1,f-1,i0, conf=-1: [e3fb79a3-1f86-42af-a80c-c46d1acdbc29:192.168.157.194:44142, 81ff859e-e76f-43f5-951a-4a38422068cb:192.168.157.194:46532, a9143d84-6d7f-497d-b770-eb75585db3c7:192.168.157.194:42126], old=null
2019-11-04 16:02:58,756 [e3fb79a3-1f86-42af-a80c-c46d1acdbc29@group-7855C2F36E53-LeaderElection416] INFO  impl.RaftServerImpl (RaftServerImpl.java:setRole(184)) - e3fb79a3-1f86-42af-a80c-c46d1acdbc29@group-7855C2F36E53: changes role from CANDIDATE to FOLLOWER at term 463 for DISCOVERED_A_NEW_TERM
2019-11-04 16:02:58,756 [e3fb79a3-1f86-42af-a80c-c46d1acdbc29@group-7855C2F36E53-LeaderElection416] INFO  impl.RoleInfo (RoleInfo.java:shutdownLeaderElection(134)) - e3fb79a3-1f86-42af-a80c-c46d1acdbc29: shutdown LeaderElection
2019-11-04 16:02:58,756 [e3fb79a3-1f86-42af-a80c-c46d1acdbc29@group-7855C2F36E53-LeaderElection416] INFO  impl.RoleInfo (RoleInfo.java:updateAndGet(143)) - e3fb79a3-1f86-42af-a80c-c46d1acdbc29: start FollowerState
2019-11-04 16:02:58,770 [Thread-3039] INFO  impl.FollowerState (FollowerState.java:run(108)) - e3fb79a3-1f86-42af-a80c-c46d1acdbc29@group-7855C2F36E53-FollowerState: change to CANDIDATE, lastRpcTime:13ms, electionTimeout:13ms
2019-11-04 16:02:58,770 [Thread-3039] INFO  impl.RoleInfo (RoleInfo.java:shutdownFollowerState(121)) - e3fb79a3-1f86-42af-a80c-c46d1acdbc29: shutdown FollowerState
2019-11-04 16:02:58,770 [Thread-3039] INFO  impl.RaftServerImpl (RaftServerImpl.java:setRole(184)) - e3fb79a3-1f86-42af-a80c-c46d1acdbc29@group-7855C2F36E53: changes role from  FOLLOWER to CANDIDATE at term 463 for changeToCandidate
2019-11-04 16:02:58,770 [Thread-3039] INFO  impl.RoleInfo (RoleInfo.java:updateAndGet(143)) - e3fb79a3-1f86-42af-a80c-c46d1acdbc29: start LeaderElection
2019-11-04 16:02:58,784 [e3fb79a3-1f86-42af-a80c-c46d1acdbc29@group-7855C2F36E53-LeaderElection417] INFO  impl.LeaderElection (LeaderElection.java:askForVotes(178)) - e3fb79a3-1f86-42af-a80c-c46d1acdbc29@group-7855C2F36E53-LeaderElection417: begin an election at term 464 for -1: [e3fb79a3-1f86-42af-a80c-c46d1acdbc29:192.168.157.194:44142, 81ff859e-e76f-43f5-951a-4a38422068cb:192.168.157.194:46532, a9143d84-6d7f-497d-b770-eb75585db3c7:192.168.157.194:42126], old=null
2019-11-04 16:02:58,785 [grpc-default-executor-4] INFO  impl.RaftServerImpl (RaftServerImpl.java:setRole(184)) - 81ff859e-e76f-43f5-951a-4a38422068cb@group-7855C2F36E53: changes role from  FOLLOWER to FOLLOWER at term 464 for recognizeCandidate:e3fb79a3-1f86-42af-a80c-c46d1acdbc29
2019-11-04 16:02:58,786 [grpc-default-executor-4] INFO  impl.RoleInfo (RoleInfo.java:shutdownFollowerState(121)) - 81ff859e-e76f-43f5-951a-4a38422068cb: shutdown FollowerState
2019-11-04 16:02:58,786 [grpc-default-executor-1] INFO  impl.RaftServerImpl (RaftServerImpl.java:setRole(184)) - a9143d84-6d7f-497d-b770-eb75585db3c7@group-7855C2F36E53: changes role from  FOLLOWER to FOLLOWER at term 464 for recognizeCandidate:e3fb79a3-1f86-42af-a80c-c46d1acdbc29
2019-11-04 16:02:58,786 [Thread-3037] INFO  impl.FollowerState (FollowerState.java:run(117)) - 81ff859e-e76f-43f5-951a-4a38422068cb@group-7855C2F36E53-FollowerState was interrupted: java.lang.InterruptedException: sleep interrupted
2019-11-04 16:02:58,786 [grpc-default-executor-4] INFO  impl.RoleInfo (RoleInfo.java:updateAndGet(143)) - 81ff859e-e76f-43f5-951a-4a38422068cb: start FollowerState
2019-11-04 16:02:58,786 [grpc-default-executor-1] INFO  impl.RoleInfo (RoleInfo.java:shutdownFollowerState(121)) - a9143d84-6d7f-497d-b770-eb75585db3c7: shutdown FollowerState
2019-11-04 16:02:58,786 [grpc-default-executor-1] INFO  impl.RoleInfo (RoleInfo.java:updateAndGet(143)) - a9143d84-6d7f-497d-b770-eb75585db3c7: start FollowerState
2019-11-04 16:02:58,786 [Thread-3038] INFO  impl.FollowerState (FollowerState.java:run(117)) - a9143d84-6d7f-497d-b770-eb75585db3c7@group-7855C2F36E53-FollowerState was interrupted: java.lang.InterruptedException: sleep interrupted
2019-11-04 16:02:58,798 [e3fb79a3-1f86-42af-a80c-c46d1acdbc29@group-7855C2F36E53-LeaderElection417] INFO  impl.LeaderElection (LeaderElection.java:logAndReturn(56)) - e3fb79a3-1f86-42af-a80c-c46d1acdbc29@group-7855C2F36E53-LeaderElection417: Election REJECTED; received 2 response(s) [e3fb79a3-1f86-42af-a80c-c46d1acdbc29<-81ff859e-e76f-43f5-951a-4a38422068cb#0:FAIL-t464, e3fb79a3-1f86-42af-a80c-c46d1acdbc29<-a9143d84-6d7f-497d-b770-eb75585db3c7#0:FAIL-t464] and 0 exception(s); e3fb79a3-1f86-42af-a80c-c46d1acdbc29@group-7855C2F36E53:t464, leader=null, voted=e3fb79a3-1f86-42af-a80c-c46d1acdbc29, raftlog=e3fb79a3-1f86-42af-a80c-c46d1acdbc29@group-7855C2F36E53-SegmentedRaftLog:OPENED:c-1,f-1,i0, conf=-1: [e3fb79a3-1f86-42af-a80c-c46d1acdbc29:192.168.157.194:44142, 81ff859e-e76f-43f5-951a-4a38422068cb:192.168.157.194:46532, a9143d84-6d7f-497d-b770-eb75585db3c7:192.168.157.194:42126], old=null
2019-11-04 16:02:58,798 [e3fb79a3-1f86-42af-a80c-c46d1acdbc29@group-7855C2F36E53-LeaderElection417] INFO  impl.RaftServerImpl (RaftServerImpl.java:setRole(184)) - e3fb79a3-1f86-42af-a80c-c46d1acdbc29@group-7855C2F36E53: changes role from CANDIDATE to FOLLOWER at term 464 for DISCOVERED_A_NEW_TERM
2019-11-04 16:02:58,798 [e3fb79a3-1f86-42af-a80c-c46d1acdbc29@group-7855C2F36E53-LeaderElection417] INFO  impl.RoleInfo (RoleInfo.java:shutdownLeaderElection(134)) - e3fb79a3-1f86-42af-a80c-c46d1acdbc29: shutdown LeaderElection
2019-11-04 16:02:58,798 [e3fb79a3-1f86-42af-a80c-c46d1acdbc29@group-7855C2F36E53-LeaderElection417] INFO  impl.RoleInfo (RoleInfo.java:updateAndGet(143)) - e3fb79a3-1f86-42af-a80c-c46d1acdbc29: start FollowerState
2019-11-04 16:02:58,936 [Thread-3045] INFO  impl.FollowerState (FollowerState.java:run(108)) - e3fb79a3-1f86-42af-a80c-c46d1acdbc29@group-7855C2F36E53-FollowerState: change to CANDIDATE, lastRpcTime:137ms, electionTimeout:137ms
2019-11-04 16:02:58,936 [Thread-3045] INFO  impl.RoleInfo (RoleInfo.java:shutdownFollowerState(121)) - e3fb79a3-1f86-42af-a80c-c46d1acdbc29: shutdown FollowerState
2019-11-04 16:02:58,936 [Thread-3045] INFO  impl.RaftServerImpl (RaftServerImpl.java:setRole(184)) - e3fb79a3-1f86-42af-a80c-c46d1acdbc29@group-7855C2F36E53: changes role from  FOLLOWER to CANDIDATE at term 464 for changeToCandidate
2019-11-04 16:02:58,936 [Thread-3045] INFO  impl.RoleInfo (RoleInfo.java:updateAndGet(143)) - e3fb79a3-1f86-42af-a80c-c46d1acdbc29: start LeaderElection
2019-11-04 16:02:58,958 [e3fb79a3-1f86-42af-a80c-c46d1acdbc29@group-7855C2F36E53-LeaderElection418] INFO  impl.LeaderElection (LeaderElection.java:askForVotes(178)) - e3fb79a3-1f86-42af-a80c-c46d1acdbc29@group-7855C2F36E53-LeaderElection418: begin an election at term 465 for -1: [e3fb79a3-1f86-42af-a80c-c46d1acdbc29:192.168.157.194:44142, 81ff859e-e76f-43f5-951a-4a38422068cb:192.168.157.194:46532, a9143d84-6d7f-497d-b770-eb75585db3c7:192.168.157.194:42126], old=null
2019-11-04 16:02:58,959 [grpc-default-executor-4] INFO  impl.RaftServerImpl (RaftServerImpl.java:setRole(184)) - 81ff859e-e76f-43f5-951a-4a38422068cb@group-7855C2F36E53: changes role from  FOLLOWER to FOLLOWER at term 465 for recognizeCandidate:e3fb79a3-1f86-42af-a80c-c46d1acdbc29
2019-11-04 16:02:58,959 [grpc-default-executor-1] INFO  impl.RaftServerImpl (RaftServerImpl.java:setRole(184)) - a9143d84-6d7f-497d-b770-eb75585db3c7@group-7855C2F36E53: changes role from  FOLLOWER to FOLLOWER at term 465 for recognizeCandidate:e3fb79a3-1f86-42af-a80c-c46d1acdbc29
2019-11-04 16:02:58,960 [grpc-default-executor-4] INFO  impl.RoleInfo (RoleInfo.java:shutdownFollowerState(121)) - 81ff859e-e76f-43f5-951a-4a38422068cb: shutdown FollowerState
2019-11-04 16:02:58,960 [grpc-default-executor-1] INFO  impl.RoleInfo (RoleInfo.java:shutdownFollowerState(121)) - a9143d84-6d7f-497d-b770-eb75585db3c7: shutdown FollowerState
2019-11-04 16:02:58,960 [grpc-default-executor-1] INFO  impl.RoleInfo (RoleInfo.java:updateAndGet(143)) - a9143d84-6d7f-497d-b770-eb75585db3c7: start FollowerState
2019-11-04 16:02:58,960 [Thread-3043] INFO  impl.FollowerState (FollowerState.java:run(117)) - 81ff859e-e76f-43f5-951a-4a38422068cb@group-7855C2F36E53-FollowerState was interrupted: java.lang.InterruptedException: sleep interrupted
2019-11-04 16:02:58,960 [grpc-default-executor-4] INFO  impl.RoleInfo (RoleInfo.java:updateAndGet(143)) - 81ff859e-e76f-43f5-951a-4a38422068cb: start FollowerState
2019-11-04 16:02:58,960 [Thread-3044] INFO  impl.FollowerState (FollowerState.java:run(117)) - a9143d84-6d7f-497d-b770-eb75585db3c7@group-7855C2F36E53-FollowerState was interrupted: java.lang.InterruptedException: sleep interrupted
2019-11-04 16:02:58,987 [e3fb79a3-1f86-42af-a80c-c46d1acdbc29@group-7855C2F36E53-LeaderElection418] INFO  impl.LeaderElection (LeaderElection.java:logAndReturn(56)) - e3fb79a3-1f86-42af-a80c-c46d1acdbc29@group-7855C2F36E53-LeaderElection418: Election REJECTED; received 2 response(s) [e3fb79a3-1f86-42af-a80c-c46d1acdbc29<-81ff859e-e76f-43f5-951a-4a38422068cb#0:FAIL-t465, e3fb79a3-1f86-42af-a80c-c46d1acdbc29<-a9143d84-6d7f-497d-b770-eb75585db3c7#0:FAIL-t465] and 0 exception(s); e3fb79a3-1f86-42af-a80c-c46d1acdbc29@group-7855C2F36E53:t465, leader=null, voted=e3fb79a3-1f86-42af-a80c-c46d1acdbc29, raftlog=e3fb79a3-1f86-42af-a80c-c46d1acdbc29@group-7855C2F36E53-SegmentedRaftLog:OPENED:c-1,f-1,i0, conf=-1: [e3fb79a3-1f86-42af-a80c-c46d1acdbc29:192.168.157.194:44142, 81ff859e-e76f-43f5-951a-4a38422068cb:192.168.157.194:46532, a9143d84-6d7f-497d-b770-eb75585db3c7:192.168.157.194:42126], old=null
2019-11-04 16:02:58,987 [e3fb79a3-1f86-42af-a80c-c46d1acdbc29@group-7855C2F36E53-LeaderElection418] INFO  impl.RaftServerImpl (RaftServerImpl.java:setRole(184)) - e3fb79a3-1f86-42af-a80c-c46d1acdbc29@group-7855C2F36E53: changes role from CANDIDATE to FOLLOWER at term 465 for DISCOVERED_A_NEW_TERM
2019-11-04 16:02:58,987 [e3fb79a3-1f86-42af-a80c-c46d1acdbc29@group-7855C2F36E53-LeaderElection418] INFO  impl.RoleInfo (RoleInfo.java:shutdownLeaderElection(134)) - e3fb79a3-1f86-42af-a80c-c46d1acdbc29: shutdown LeaderElection
2019-11-04 16:02:58,987 [e3fb79a3-1f86-42af-a80c-c46d1acdbc29@group-7855C2F36E53-LeaderElection418] INFO  impl.RoleInfo (RoleInfo.java:updateAndGet(143)) - e3fb79a3-1f86-42af-a80c-c46d1acdbc29: start FollowerState
2019-11-04 16:02:59,175 [Thread-3051] INFO  impl.FollowerState (FollowerState.java:run(108)) - e3fb79a3-1f86-42af-a80c-c46d1acdbc29@group-7855C2F36E53-FollowerState: change to CANDIDATE, lastRpcTime:188ms, electionTimeout:188ms
2019-11-04 16:02:59,176 [Thread-3051] INFO  impl.RoleInfo (RoleInfo.java:shutdownFollowerState(121)) - e3fb79a3-1f86-42af-a80c-c46d1acdbc29: shutdown FollowerState
2019-11-04 16:02:59,176 [Thread-3051] INFO  impl.RaftServerImpl (RaftServerImpl.java:setRole(184)) - e3fb79a3-1f86-42af-a80c-c46d1acdbc29@group-7855C2F36E53: changes role from  FOLLOWER to CANDIDATE at term 465 for changeToCandidate
2019-11-04 16:02:59,176 [Thread-3051] INFO  impl.RoleInfo (RoleInfo.java:updateAndGet(143)) - e3fb79a3-1f86-42af-a80c-c46d1acdbc29: start LeaderElection
2019-11-04 16:02:59,191 [e3fb79a3-1f86-42af-a80c-c46d1acdbc29@group-7855C2F36E53-LeaderElection419] INFO  impl.LeaderElection (LeaderElection.java:askForVotes(178)) - e3fb79a3-1f86-42af-a80c-c46d1acdbc29@group-7855C2F36E53-LeaderElection419: begin an election at term 466 for -1: [e3fb79a3-1f86-42af-a80c-c46d1acdbc29:192.168.157.194:44142, 81ff859e-e76f-43f5-951a-4a38422068cb:192.168.157.194:46532, a9143d84-6d7f-497d-b770-eb75585db3c7:192.168.157.194:42126], old=null
2019-11-04 16:02:59,193 [grpc-default-executor-1] INFO  impl.RaftServerImpl (RaftServerImpl.java:setRole(184)) - a9143d84-6d7f-497d-b770-eb75585db3c7@group-7855C2F36E53: changes role from  FOLLOWER to FOLLOWER at term 466 for recognizeCandidate:e3fb79a3-1f86-42af-a80c-c46d1acdbc29
2019-11-04 16:02:59,193 [grpc-default-executor-4] INFO  impl.RaftServerImpl (RaftServerImpl.java:setRole(184)) - 81ff859e-e76f-43f5-951a-4a38422068cb@group-7855C2F36E53: changes role from  FOLLOWER to FOLLOWER at term 466 for recognizeCandidate:e3fb79a3-1f86-42af-a80c-c46d1acdbc29
2019-11-04 16:02:59,193 [grpc-default-executor-4] INFO  impl.RoleInfo (RoleInfo.java:shutdownFollowerState(121)) - 81ff859e-e76f-43f5-951a-4a38422068cb: shutdown FollowerState
2019-11-04 16:02:59,193 [grpc-default-executor-1] INFO  impl.RoleInfo (RoleInfo.java:shutdownFollowerState(121)) - a9143d84-6d7f-497d-b770-eb75585db3c7: shutdown FollowerState
2019-11-04 16:02:59,193 [Thread-3049] INFO  impl.FollowerState (FollowerState.java:run(117)) - 81ff859e-e76f-43f5-951a-4a38422068cb@group-7855C2F36E53-FollowerState was interrupted: java.lang.InterruptedException: sleep interrupted
2019-11-04 16:02:59,193 [grpc-default-executor-4] INFO  impl.RoleInfo (RoleInfo.java:updateAndGet(143)) - 81ff859e-e76f-43f5-951a-4a38422068cb: start FollowerState
2019-11-04 16:02:59,193 [Thread-3050] INFO  impl.FollowerState (FollowerState.java:run(117)) - a9143d84-6d7f-497d-b770-eb75585db3c7@group-7855C2F36E53-FollowerState was interrupted: java.lang.InterruptedException: sleep interrupted
2019-11-04 16:02:59,193 [grpc-default-executor-1] INFO  impl.RoleInfo (RoleInfo.java:updateAndGet(143)) - a9143d84-6d7f-497d-b770-eb75585db3c7: start FollowerState
2019-11-04 16:02:59,220 [e3fb79a3-1f86-42af-a80c-c46d1acdbc29@group-7855C2F36E53-LeaderElection419] INFO  impl.LeaderElection (LeaderElection.java:logAndReturn(56)) - e3fb79a3-1f86-42af-a80c-c46d1acdbc29@group-7855C2F36E53-LeaderElection419: Election REJECTED; received 2 response(s) [e3fb79a3-1f86-42af-a80c-c46d1acdbc29<-81ff859e-e76f-43f5-951a-4a38422068cb#0:FAIL-t466, e3fb79a3-1f86-42af-a80c-c46d1acdbc29<-a9143d84-6d7f-497d-b770-eb75585db3c7#0:FAIL-t466] and 0 exception(s); e3fb79a3-1f86-42af-a80c-c46d1acdbc29@group-7855C2F36E53:t466, leader=null, voted=e3fb79a3-1f86-42af-a80c-c46d1acdbc29, raftlog=e3fb79a3-1f86-42af-a80c-c46d1acdbc29@group-7855C2F36E53-SegmentedRaftLog:OPENED:c-1,f-1,i0, conf=-1: [e3fb79a3-1f86-42af-a80c-c46d1acdbc29:192.168.157.194:44142, 81ff859e-e76f-43f5-951a-4a38422068cb:192.168.157.194:46532, a9143d84-6d7f-497d-b770-eb75585db3c7:192.168.157.194:42126], old=null
2019-11-04 16:02:59,220 [e3fb79a3-1f86-42af-a80c-c46d1acdbc29@group-7855C2F36E53-LeaderElection419] INFO  impl.RaftServerImpl (RaftServerImpl.java:setRole(184)) - e3fb79a3-1f86-42af-a80c-c46d1acdbc29@group-7855C2F36E53: changes role from CANDIDATE to FOLLOWER at term 466 for DISCOVERED_A_NEW_TERM
2019-11-04 16:02:59,220 [e3fb79a3-1f86-42af-a80c-c46d1acdbc29@group-7855C2F36E53-LeaderElection419] INFO  impl.RoleInfo (RoleInfo.java:shutdownLeaderElection(134)) - e3fb79a3-1f86-42af-a80c-c46d1acdbc29: shutdown LeaderElection
2019-11-04 16:02:59,220 [e3fb79a3-1f86-42af-a80c-c46d1acdbc29@group-7855C2F36E53-LeaderElection419] INFO  impl.RoleInfo (RoleInfo.java:updateAndGet(143)) - e3fb79a3-1f86-42af-a80c-c46d1acdbc29: start FollowerState
2019-11-04 16:02:59,356 [Thread-3057] INFO  impl.FollowerState (FollowerState.java:run(108)) - e3fb79a3-1f86-42af-a80c-c46d1acdbc29@group-7855C2F36E53-FollowerState: change to CANDIDATE, lastRpcTime:135ms, electionTimeout:135ms
2019-11-04 16:02:59,356 [Thread-3057] INFO  impl.RoleInfo (RoleInfo.java:shutdownFollowerState(121)) - e3fb79a3-1f86-42af-a80c-c46d1acdbc29: shutdown FollowerState
2019-11-04 16:02:59,356 [Thread-3057] INFO  impl.RaftServerImpl (RaftServerImpl.java:setRole(184)) - e3fb79a3-1f86-42af-a80c-c46d1acdbc29@group-7855C2F36E53: changes role from  FOLLOWER to CANDIDATE at term 466 for changeToCandidate
2019-11-04 16:02:59,356 [Thread-3057] INFO  impl.RoleInfo (RoleInfo.java:updateAndGet(143)) - e3fb79a3-1f86-42af-a80c-c46d1acdbc29: start LeaderElection
2019-11-04 16:02:59,382 [e3fb79a3-1f86-42af-a80c-c46d1acdbc29@group-7855C2F36E53-LeaderElection420] INFO  impl.LeaderElection (LeaderElection.java:askForVotes(178)) - e3fb79a3-1f86-42af-a80c-c46d1acdbc29@group-7855C2F36E53-LeaderElection420: begin an election at term 467 for -1: [e3fb79a3-1f86-42af-a80c-c46d1acdbc29:192.168.157.194:44142, 81ff859e-e76f-43f5-951a-4a38422068cb:192.168.157.194:46532, a9143d84-6d7f-497d-b770-eb75585db3c7:192.168.157.194:42126], old=null
2019-11-04 16:02:59,384 [grpc-default-executor-1] INFO  impl.RaftServerImpl (RaftServerImpl.java:setRole(184)) - a9143d84-6d7f-497d-b770-eb75585db3c7@group-7855C2F36E53: changes role from  FOLLOWER to FOLLOWER at term 467 for recognizeCandidate:e3fb79a3-1f86-42af-a80c-c46d1acdbc29
2019-11-04 16:02:59,385 [grpc-default-executor-1] INFO  impl.RoleInfo (RoleInfo.java:shutdownFollowerState(121)) - a9143d84-6d7f-497d-b770-eb75585db3c7: shutdown FollowerState
2019-11-04 16:02:59,385 [grpc-default-executor-4] INFO  impl.RaftServerImpl (RaftServerImpl.java:setRole(184)) - 81ff859e-e76f-43f5-951a-4a38422068cb@group-7855C2F36E53: changes role from  FOLLOWER to FOLLOWER at term 467 for recognizeCandidate:e3fb79a3-1f86-42af-a80c-c46d1acdbc29
2019-11-04 16:02:59,385 [grpc-default-executor-4] INFO  impl.RoleInfo (RoleInfo.java:shutdownFollowerState(121)) - 81ff859e-e76f-43f5-951a-4a38422068cb: shutdown FollowerState
2019-11-04 16:02:59,385 [grpc-default-executor-4] INFO  impl.RoleInfo (RoleInfo.java:updateAndGet(143)) - 81ff859e-e76f-43f5-951a-4a38422068cb: start FollowerState
2019-11-04 16:02:59,385 [Thread-3056] INFO  impl.FollowerState (FollowerState.java:run(117)) - a9143d84-6d7f-497d-b770-eb75585db3c7@group-7855C2F36E53-FollowerState was interrupted: java.lang.InterruptedException: sleep interrupted
2019-11-04 16:02:59,385 [grpc-default-executor-1] INFO  impl.RoleInfo (RoleInfo.java:updateAndGet(143)) - a9143d84-6d7f-497d-b770-eb75585db3c7: start FollowerState
2019-11-04 16:02:59,385 [Thread-3055] INFO  impl.FollowerState (FollowerState.java:run(117)) - 81ff859e-e76f-43f5-951a-4a38422068cb@group-7855C2F36E53-FollowerState was interrupted: java.lang.InterruptedException: sleep interrupted
2019-11-04 16:02:59,393 [e3fb79a3-1f86-42af-a80c-c46d1acdbc29@group-7855C2F36E53-LeaderElection420] INFO  impl.LeaderElection (LeaderElection.java:logAndReturn(56)) - e3fb79a3-1f86-42af-a80c-c46d1acdbc29@group-7855C2F36E53-LeaderElection420: Election TIMEOUT; received 0 response(s) [] and 0 exception(s); e3fb79a3-1f86-42af-a80c-c46d1acdbc29@group-7855C2F36E53:t467, leader=null, voted=e3fb79a3-1f86-42af-a80c-c46d1acdbc29, raftlog=e3fb79a3-1f86-42af-a80c-c46d1acdbc29@group-7855C2F36E53-SegmentedRaftLog:OPENED:c-1,f-1,i0, conf=-1: [e3fb79a3-1f86-42af-a80c-c46d1acdbc29:192.168.157.194:44142, 81ff859e-e76f-43f5-951a-4a38422068cb:192.168.157.194:46532, a9143d84-6d7f-497d-b770-eb75585db3c7:192.168.157.194:42126], old=null
2019-11-04 16:02:59,412 [e3fb79a3-1f86-42af-a80c-c46d1acdbc29@group-7855C2F36E53-LeaderElection420] INFO  impl.LeaderElection (LeaderElection.java:askForVotes(178)) - e3fb79a3-1f86-42af-a80c-c46d1acdbc29@group-7855C2F36E53-LeaderElection420: begin an election at term 468 for -1: [e3fb79a3-1f86-42af-a80c-c46d1acdbc29:192.168.157.194:44142, 81ff859e-e76f-43f5-951a-4a38422068cb:192.168.157.194:46532, a9143d84-6d7f-497d-b770-eb75585db3c7:192.168.157.194:42126], old=null
2019-11-04 16:02:59,413 [grpc-default-executor-4] INFO  impl.RaftServerImpl (RaftServerImpl.java:setRole(184)) - a9143d84-6d7f-497d-b770-eb75585db3c7@group-7855C2F36E53: changes role from  FOLLOWER to FOLLOWER at term 468 for recognizeCandidate:e3fb79a3-1f86-42af-a80c-c46d1acdbc29
2019-11-04 16:02:59,413 [grpc-default-executor-4] INFO  impl.RoleInfo (RoleInfo.java:shutdownFollowerState(121)) - a9143d84-6d7f-497d-b770-eb75585db3c7: shutdown FollowerState
2019-11-04 16:02:59,413 [grpc-default-executor-4] INFO  impl.RoleInfo (RoleInfo.java:updateAndGet(143)) - a9143d84-6d7f-497d-b770-eb75585db3c7: start FollowerState
2019-11-04 16:02:59,413 [grpc-default-executor-1] INFO  impl.RaftServerImpl (RaftServerImpl.java:setRole(184)) - 81ff859e-e76f-43f5-951a-4a38422068cb@group-7855C2F36E53: changes role from  FOLLOWER to FOLLOWER at term 468 for recognizeCandidate:e3fb79a3-1f86-42af-a80c-c46d1acdbc29
2019-11-04 16:02:59,413 [Thread-3061] INFO  impl.FollowerState (FollowerState.java:run(117)) - a9143d84-6d7f-497d-b770-eb75585db3c7@group-7855C2F36E53-FollowerState was interrupted: java.lang.InterruptedException: sleep interrupted
2019-11-04 16:02:59,414 [grpc-default-executor-1] INFO  impl.RoleInfo (RoleInfo.java:shutdownFollowerState(121)) - 81ff859e-e76f-43f5-951a-4a38422068cb: shutdown FollowerState
2019-11-04 16:02:59,414 [grpc-default-executor-1] INFO  impl.RoleInfo (RoleInfo.java:updateAndGet(143)) - 81ff859e-e76f-43f5-951a-4a38422068cb: start FollowerState
2019-11-04 16:02:59,414 [Thread-3062] INFO  impl.FollowerState (FollowerState.java:run(117)) - 81ff859e-e76f-43f5-951a-4a38422068cb@group-7855C2F36E53-FollowerState was interrupted: java.lang.InterruptedException: sleep interrupted
2019-11-04 16:02:59,439 [e3fb79a3-1f86-42af-a80c-c46d1acdbc29@group-7855C2F36E53-LeaderElection420] INFO  impl.LeaderElection (LeaderElection.java:logAndReturn(56)) - e3fb79a3-1f86-42af-a80c-c46d1acdbc29@group-7855C2F36E53-LeaderElection420: Election REJECTED; received 2 response(s) [e3fb79a3-1f86-42af-a80c-c46d1acdbc29<-81ff859e-e76f-43f5-951a-4a38422068cb#0:FAIL-t468, e3fb79a3-1f86-42af-a80c-c46d1acdbc29<-a9143d84-6d7f-497d-b770-eb75585db3c7#0:FAIL-t468] and 0 exception(s); e3fb79a3-1f86-42af-a80c-c46d1acdbc29@group-7855C2F36E53:t468, leader=null, voted=e3fb79a3-1f86-42af-a80c-c46d1acdbc29, raftlog=e3fb79a3-1f86-42af-a80c-c46d1acdbc29@group-7855C2F36E53-SegmentedRaftLog:OPENED:c-1,f-1,i0, conf=-1: [e3fb79a3-1f86-42af-a80c-c46d1acdbc29:192.168.157.194:44142, 81ff859e-e76f-43f5-951a-4a38422068cb:192.168.157.194:46532, a9143d84-6d7f-497d-b770-eb75585db3c7:192.168.157.194:42126], old=null
2019-11-04 16:02:59,439 [e3fb79a3-1f86-42af-a80c-c46d1acdbc29@group-7855C2F36E53-LeaderElection420] INFO  impl.RaftServerImpl (RaftServerImpl.java:setRole(184)) - e3fb79a3-1f86-42af-a80c-c46d1acdbc29@group-7855C2F36E53: changes role from CANDIDATE to FOLLOWER at term 468 for DISCOVERED_A_NEW_TERM
2019-11-04 16:02:59,439 [e3fb79a3-1f86-42af-a80c-c46d1acdbc29@group-7855C2F36E53-LeaderElection420] INFO  impl.RoleInfo (RoleInfo.java:shutdownLeaderElection(134)) - e3fb79a3-1f86-42af-a80c-c46d1acdbc29: shutdown LeaderElection
2019-11-04 16:02:59,439 [e3fb79a3-1f86-42af-a80c-c46d1acdbc29@group-7855C2F36E53-LeaderElection420] INFO  impl.RoleInfo (RoleInfo.java:updateAndGet(143)) - e3fb79a3-1f86-42af-a80c-c46d1acdbc29: start FollowerState
2019-11-04 16:02:59,557 [Thread-3067] INFO  impl.FollowerState (FollowerState.java:run(108)) - e3fb79a3-1f86-42af-a80c-c46d1acdbc29@group-7855C2F36E53-FollowerState: change to CANDIDATE, lastRpcTime:117ms, electionTimeout:117ms
2019-11-04 16:02:59,557 [Thread-3067] INFO  impl.RoleInfo (RoleInfo.java:shutdownFollowerState(121)) - e3fb79a3-1f86-42af-a80c-c46d1acdbc29: shutdown FollowerState
2019-11-04 16:02:59,557 [Thread-3067] INFO  impl.RaftServerImpl (RaftServerImpl.java:setRole(184)) - e3fb79a3-1f86-42af-a80c-c46d1acdbc29@group-7855C2F36E53: changes role from  FOLLOWER to CANDIDATE at term 468 for changeToCandidate
2019-11-04 16:02:59,557 [Thread-3067] INFO  impl.RoleInfo (RoleInfo.java:updateAndGet(143)) - e3fb79a3-1f86-42af-a80c-c46d1acdbc29: start LeaderElection
2019-11-04 16:02:59,616 [e3fb79a3-1f86-42af-a80c-c46d1acdbc29@group-7855C2F36E53-LeaderElection421] INFO  impl.LeaderElection (LeaderElection.java:askForVotes(178)) - e3fb79a3-1f86-42af-a80c-c46d1acdbc29@group-7855C2F36E53-LeaderElection421: begin an election at term 469 for -1: [e3fb79a3-1f86-42af-a80c-c46d1acdbc29:192.168.157.194:44142, 81ff859e-e76f-43f5-951a-4a38422068cb:192.168.157.194:46532, a9143d84-6d7f-497d-b770-eb75585db3c7:192.168.157.194:42126], old=null
2019-11-04 16:02:59,618 [grpc-default-executor-1] INFO  impl.RaftServerImpl (RaftServerImpl.java:setRole(184)) - 81ff859e-e76f-43f5-951a-4a38422068cb@group-7855C2F36E53: changes role from  FOLLOWER to FOLLOWER at term 469 for recognizeCandidate:e3fb79a3-1f86-42af-a80c-c46d1acdbc29
2019-11-04 16:02:59,618 [grpc-default-executor-1] INFO  impl.RoleInfo (RoleInfo.java:shutdownFollowerState(121)) - 81ff859e-e76f-43f5-951a-4a38422068cb: shutdown FollowerState
2019-11-04 16:02:59,618 [grpc-default-executor-4] INFO  impl.RaftServerImpl (RaftServerImpl.java:setRole(184)) - a9143d84-6d7f-497d-b770-eb75585db3c7@group-7855C2F36E53: changes role from  FOLLOWER to FOLLOWER at term 469 for recognizeCandidate:e3fb79a3-1f86-42af-a80c-c46d1acdbc29
2019-11-04 16:02:59,618 [grpc-default-executor-4] INFO  impl.RoleInfo (RoleInfo.java:shutdownFollowerState(121)) - a9143d84-6d7f-497d-b770-eb75585db3c7: shutdown FollowerState
2019-11-04 16:02:59,618 [grpc-default-executor-1] INFO  impl.RoleInfo (RoleInfo.java:updateAndGet(143)) - 81ff859e-e76f-43f5-951a-4a38422068cb: start FollowerState
2019-11-04 16:02:59,618 [Thread-3065] INFO  impl.FollowerState (FollowerState.java:run(117)) - a9143d84-6d7f-497d-b770-eb75585db3c7@group-7855C2F36E53-FollowerState was interrupted: java.lang.InterruptedException: sleep interrupted
2019-11-04 16:02:59,618 [grpc-default-executor-4] INFO  impl.RoleInfo (RoleInfo.java:updateAndGet(143)) - a9143d84-6d7f-497d-b770-eb75585db3c7: start FollowerState
2019-11-04 16:02:59,618 [Thread-3066] INFO  impl.FollowerState (FollowerState.java:run(117)) - 81ff859e-e76f-43f5-951a-4a38422068cb@group-7855C2F36E53-FollowerState was interrupted: java.lang.InterruptedException: sleep interrupted
2019-11-04 16:02:59,651 [e3fb79a3-1f86-42af-a80c-c46d1acdbc29@group-7855C2F36E53-LeaderElection421] INFO  impl.LeaderElection (LeaderElection.java:logAndReturn(56)) - e3fb79a3-1f86-42af-a80c-c46d1acdbc29@group-7855C2F36E53-LeaderElection421: Election REJECTED; received 2 response(s) [e3fb79a3-1f86-42af-a80c-c46d1acdbc29<-81ff859e-e76f-43f5-951a-4a38422068cb#0:FAIL-t469, e3fb79a3-1f86-42af-a80c-c46d1acdbc29<-a9143d84-6d7f-497d-b770-eb75585db3c7#0:FAIL-t469] and 0 exception(s); e3fb79a3-1f86-42af-a80c-c46d1acdbc29@group-7855C2F36E53:t469, leader=null, voted=e3fb79a3-1f86-42af-a80c-c46d1acdbc29, raftlog=e3fb79a3-1f86-42af-a80c-c46d1acdbc29@group-7855C2F36E53-SegmentedRaftLog:OPENED:c-1,f-1,i0, conf=-1: [e3fb79a3-1f86-42af-a80c-c46d1acdbc29:192.168.157.194:44142, 81ff859e-e76f-43f5-951a-4a38422068cb:192.168.157.194:46532, a9143d84-6d7f-497d-b770-eb75585db3c7:192.168.157.194:42126], old=null
2019-11-04 16:02:59,651 [e3fb79a3-1f86-42af-a80c-c46d1acdbc29@group-7855C2F36E53-LeaderElection421] INFO  impl.RaftServerImpl (RaftServerImpl.java:setRole(184)) - e3fb79a3-1f86-42af-a80c-c46d1acdbc29@group-7855C2F36E53: changes role from CANDIDATE to FOLLOWER at term 469 for DISCOVERED_A_NEW_TERM
2019-11-04 16:02:59,651 [e3fb79a3-1f86-42af-a80c-c46d1acdbc29@group-7855C2F36E53-LeaderElection421] INFO  impl.RoleInfo (RoleInfo.java:shutdownLeaderElection(134)) - e3fb79a3-1f86-42af-a80c-c46d1acdbc29: shutdown LeaderElection
2019-11-04 16:02:59,651 [e3fb79a3-1f86-42af-a80c-c46d1acdbc29@group-7855C2F36E53-LeaderElection421] INFO  impl.RoleInfo (RoleInfo.java:updateAndGet(143)) - e3fb79a3-1f86-42af-a80c-c46d1acdbc29: start FollowerState
2019-11-04 16:02:59,764 [Thread-3075] INFO  impl.FollowerState (FollowerState.java:run(108)) - e3fb79a3-1f86-42af-a80c-c46d1acdbc29@group-7855C2F36E53-FollowerState: change to CANDIDATE, lastRpcTime:112ms, electionTimeout:112ms
2019-11-04 16:02:59,764 [Thread-3075] INFO  impl.RoleInfo (RoleInfo.java:shutdownFollowerState(121)) - e3fb79a3-1f86-42af-a80c-c46d1acdbc29: shutdown FollowerState
2019-11-04 16:02:59,764 [Thread-3075] INFO  impl.RaftServerImpl (RaftServerImpl.java:setRole(184)) - e3fb79a3-1f86-42af-a80c-c46d1acdbc29@group-7855C2F36E53: changes role from  FOLLOWER to CANDIDATE at term 469 for changeToCandidate
2019-11-04 16:02:59,764 [Thread-3075] INFO  impl.RoleInfo (RoleInfo.java:updateAndGet(143)) - e3fb79a3-1f86-42af-a80c-c46d1acdbc29: start LeaderElection
2019-11-04 16:02:59,771 [e3fb79a3-1f86-42af-a80c-c46d1acdbc29@group-7855C2F36E53-LeaderElection422] INFO  impl.LeaderElection (LeaderElection.java:askForVotes(178)) - e3fb79a3-1f86-42af-a80c-c46d1acdbc29@group-7855C2F36E53-LeaderElection422: begin an election at term 470 for -1: [e3fb79a3-1f86-42af-a80c-c46d1acdbc29:192.168.157.194:44142, 81ff859e-e76f-43f5-951a-4a38422068cb:192.168.157.194:46532, a9143d84-6d7f-497d-b770-eb75585db3c7:192.168.157.194:42126], old=null
2019-11-04 16:02:59,772 [grpc-default-executor-1] INFO  impl.RaftServerImpl (RaftServerImpl.java:setRole(184)) - 81ff859e-e76f-43f5-951a-4a38422068cb@group-7855C2F36E53: changes role from  FOLLOWER to FOLLOWER at term 470 for recognizeCandidate:e3fb79a3-1f86-42af-a80c-c46d1acdbc29
2019-11-04 16:02:59,772 [grpc-default-executor-4] INFO  impl.RaftServerImpl (RaftServerImpl.java:setRole(184)) - a9143d84-6d7f-497d-b770-eb75585db3c7@group-7855C2F36E53: changes role from  FOLLOWER to FOLLOWER at term 470 for recognizeCandidate:e3fb79a3-1f86-42af-a80c-c46d1acdbc29
2019-11-04 16:02:59,772 [grpc-default-executor-1] INFO  impl.RoleInfo (RoleInfo.java:shutdownFollowerState(121)) - 81ff859e-e76f-43f5-951a-4a38422068cb: shutdown FollowerState
2019-11-04 16:02:59,772 [grpc-default-executor-4] INFO  impl.RoleInfo (RoleInfo.java:shutdownFollowerState(121)) - a9143d84-6d7f-497d-b770-eb75585db3c7: shutdown FollowerState
2019-11-04 16:02:59,773 [Thread-3073] INFO  impl.FollowerState (FollowerState.java:run(117)) - 81ff859e-e76f-43f5-951a-4a38422068cb@group-7855C2F36E53-FollowerState was interrupted: java.lang.InterruptedException: sleep interrupted
2019-11-04 16:02:59,773 [Thread-3074] INFO  impl.FollowerState (FollowerState.java:run(117)) - a9143d84-6d7f-497d-b770-eb75585db3c7@group-7855C2F36E53-FollowerState was interrupted: java.lang.InterruptedException: sleep interrupted
2019-11-04 16:02:59,773 [grpc-default-executor-1] INFO  impl.RoleInfo (RoleInfo.java:updateAndGet(143)) - 81ff859e-e76f-43f5-951a-4a38422068cb: start FollowerState
2019-11-04 16:02:59,773 [grpc-default-executor-4] INFO  impl.RoleInfo (RoleInfo.java:updateAndGet(143)) - a9143d84-6d7f-497d-b770-eb75585db3c7: start FollowerState
2019-11-04 16:02:59,780 [e3fb79a3-1f86-42af-a80c-c46d1acdbc29@group-7855C2F36E53-LeaderElection422] INFO  impl.LeaderElection (LeaderElection.java:logAndReturn(56)) - e3fb79a3-1f86-42af-a80c-c46d1acdbc29@group-7855C2F36E53-LeaderElection422: Election REJECTED; received 2 response(s) [e3fb79a3-1f86-42af-a80c-c46d1acdbc29<-81ff859e-e76f-43f5-951a-4a38422068cb#0:FAIL-t470, e3fb79a3-1f86-42af-a80c-c46d1acdbc29<-a9143d84-6d7f-497d-b770-eb75585db3c7#0:FAIL-t470] and 0 exception(s); e3fb79a3-1f86-42af-a80c-c46d1acdbc29@group-7855C2F36E53:t470, leader=null, voted=e3fb79a3-1f86-42af-a80c-c46d1acdbc29, raftlog=e3fb79a3-1f86-42af-a80c-c46d1acdbc29@group-7855C2F36E53-SegmentedRaftLog:OPENED:c-1,f-1,i0, conf=-1: [e3fb79a3-1f86-42af-a80c-c46d1acdbc29:192.168.157.194:44142, 81ff859e-e76f-43f5-951a-4a38422068cb:192.168.157.194:46532, a9143d84-6d7f-497d-b770-eb75585db3c7:192.168.157.194:42126], old=null
2019-11-04 16:02:59,780 [e3fb79a3-1f86-42af-a80c-c46d1acdbc29@group-7855C2F36E53-LeaderElection422] INFO  impl.RaftServerImpl (RaftServerImpl.java:setRole(184)) - e3fb79a3-1f86-42af-a80c-c46d1acdbc29@group-7855C2F36E53: changes role from CANDIDATE to FOLLOWER at term 470 for DISCOVERED_A_NEW_TERM
2019-11-04 16:02:59,781 [e3fb79a3-1f86-42af-a80c-c46d1acdbc29@group-7855C2F36E53-LeaderElection422] INFO  impl.RoleInfo (RoleInfo.java:shutdownLeaderElection(134)) - e3fb79a3-1f86-42af-a80c-c46d1acdbc29: shutdown LeaderElection
2019-11-04 16:02:59,781 [e3fb79a3-1f86-42af-a80c-c46d1acdbc29@group-7855C2F36E53-LeaderElection422] INFO  impl.RoleInfo (RoleInfo.java:updateAndGet(143)) - e3fb79a3-1f86-42af-a80c-c46d1acdbc29: start FollowerState
2019-11-04 16:02:59,815 [Thread-3081] INFO  impl.FollowerState (FollowerState.java:run(108)) - e3fb79a3-1f86-42af-a80c-c46d1acdbc29@group-7855C2F36E53-FollowerState: change to CANDIDATE, lastRpcTime:34ms, electionTimeout:34ms
2019-11-04 16:02:59,815 [Thread-3081] INFO  impl.RoleInfo (RoleInfo.java:shutdownFollowerState(121)) - e3fb79a3-1f86-42af-a80c-c46d1acdbc29: shutdown FollowerState
2019-11-04 16:02:59,815 [Thread-3081] INFO  impl.RaftServerImpl (RaftServerImpl.java:setRole(184)) - e3fb79a3-1f86-42af-a80c-c46d1acdbc29@group-7855C2F36E53: changes role from  FOLLOWER to CANDIDATE at term 470 for changeToCandidate
2019-11-04 16:02:59,815 [Thread-3081] INFO  impl.RoleInfo (RoleInfo.java:updateAndGet(143)) - e3fb79a3-1f86-42af-a80c-c46d1acdbc29: start LeaderElection
2019-11-04 16:02:59,823 [e3fb79a3-1f86-42af-a80c-c46d1acdbc29@group-7855C2F36E53-LeaderElection423] INFO  impl.LeaderElection (LeaderElection.java:askForVotes(178)) - e3fb79a3-1f86-42af-a80c-c46d1acdbc29@group-7855C2F36E53-LeaderElection423: begin an election at term 471 for -1: [e3fb79a3-1f86-42af-a80c-c46d1acdbc29:192.168.157.194:44142, 81ff859e-e76f-43f5-951a-4a38422068cb:192.168.157.194:46532, a9143d84-6d7f-497d-b770-eb75585db3c7:192.168.157.194:42126], old=null
2019-11-04 16:02:59,825 [grpc-default-executor-1] INFO  impl.RaftServerImpl (RaftServerImpl.java:setRole(184)) - 81ff859e-e76f-43f5-951a-4a38422068cb@group-7855C2F36E53: changes role from  FOLLOWER to FOLLOWER at term 471 for recognizeCandidate:e3fb79a3-1f86-42af-a80c-c46d1acdbc29
2019-11-04 16:02:59,825 [grpc-default-executor-4] INFO  impl.RaftServerImpl (RaftServerImpl.java:setRole(184)) - a9143d84-6d7f-497d-b770-eb75585db3c7@group-7855C2F36E53: changes role from  FOLLOWER to FOLLOWER at term 471 for recognizeCandidate:e3fb79a3-1f86-42af-a80c-c46d1acdbc29
2019-11-04 16:02:59,825 [grpc-default-executor-4] INFO  impl.RoleInfo (RoleInfo.java:shutdownFollowerState(121)) - a9143d84-6d7f-497d-b770-eb75585db3c7: shutdown FollowerState
2019-11-04 16:02:59,825 [grpc-default-executor-1] INFO  impl.RoleInfo (RoleInfo.java:shutdownFollowerState(121)) - 81ff859e-e76f-43f5-951a-4a38422068cb: shutdown FollowerState
2019-11-04 16:02:59,826 [Thread-3080] INFO  impl.FollowerState (FollowerState.java:run(117)) - a9143d84-6d7f-497d-b770-eb75585db3c7@group-7855C2F36E53-FollowerState was interrupted: java.lang.InterruptedException: sleep interrupted
2019-11-04 16:02:59,826 [Thread-3079] INFO  impl.FollowerState (FollowerState.java:run(117)) - 81ff859e-e76f-43f5-951a-4a38422068cb@group-7855C2F36E53-FollowerState was interrupted: java.lang.InterruptedException: sleep interrupted
2019-11-04 16:02:59,826 [grpc-default-executor-4] INFO  impl.RoleInfo (RoleInfo.java:updateAndGet(143)) - a9143d84-6d7f-497d-b770-eb75585db3c7: start FollowerState
2019-11-04 16:02:59,826 [grpc-default-executor-1] INFO  impl.RoleInfo (RoleInfo.java:updateAndGet(143)) - 81ff859e-e76f-43f5-951a-4a38422068cb: start FollowerState
2019-11-04 16:02:59,845 [e3fb79a3-1f86-42af-a80c-c46d1acdbc29@group-7855C2F36E53-LeaderElection423] INFO  impl.LeaderElection (LeaderElection.java:logAndReturn(56)) - e3fb79a3-1f86-42af-a80c-c46d1acdbc29@group-7855C2F36E53-LeaderElection423: Election REJECTED; received 2 response(s) [e3fb79a3-1f86-42af-a80c-c46d1acdbc29<-81ff859e-e76f-43f5-951a-4a38422068cb#0:FAIL-t471, e3fb79a3-1f86-42af-a80c-c46d1acdbc29<-a9143d84-6d7f-497d-b770-eb75585db3c7#0:FAIL-t471] and 0 exception(s); e3fb79a3-1f86-42af-a80c-c46d1acdbc29@group-7855C2F36E53:t471, leader=null, voted=e3fb79a3-1f86-42af-a80c-c46d1acdbc29, raftlog=e3fb79a3-1f86-42af-a80c-c46d1acdbc29@group-7855C2F36E53-SegmentedRaftLog:OPENED:c-1,f-1,i0, conf=-1: [e3fb79a3-1f86-42af-a80c-c46d1acdbc29:192.168.157.194:44142, 81ff859e-e76f-43f5-951a-4a38422068cb:192.168.157.194:46532, a9143d84-6d7f-497d-b770-eb75585db3c7:192.168.157.194:42126], old=null
2019-11-04 16:02:59,845 [e3fb79a3-1f86-42af-a80c-c46d1acdbc29@group-7855C2F36E53-LeaderElection423] INFO  impl.RaftServerImpl (RaftServerImpl.java:setRole(184)) - e3fb79a3-1f86-42af-a80c-c46d1acdbc29@group-7855C2F36E53: changes role from CANDIDATE to FOLLOWER at term 471 for DISCOVERED_A_NEW_TERM
2019-11-04 16:02:59,845 [e3fb79a3-1f86-42af-a80c-c46d1acdbc29@group-7855C2F36E53-LeaderElection423] INFO  impl.RoleInfo (RoleInfo.java:shutdownLeaderElection(134)) - e3fb79a3-1f86-42af-a80c-c46d1acdbc29: shutdown LeaderElection
2019-11-04 16:02:59,845 [e3fb79a3-1f86-42af-a80c-c46d1acdbc29@group-7855C2F36E53-LeaderElection423] INFO  impl.RoleInfo (RoleInfo.java:updateAndGet(143)) - e3fb79a3-1f86-42af-a80c-c46d1acdbc29: start FollowerState
2019-11-04 16:03:00,032 [Thread-3087] INFO  impl.FollowerState (FollowerState.java:run(108)) - e3fb79a3-1f86-42af-a80c-c46d1acdbc29@group-7855C2F36E53-FollowerState: change to CANDIDATE, lastRpcTime:187ms, electionTimeout:187ms
2019-11-04 16:03:00,033 [Thread-3087] INFO  impl.RoleInfo (RoleInfo.java:shutdownFollowerState(121)) - e3fb79a3-1f86-42af-a80c-c46d1acdbc29: shutdown FollowerState
2019-11-04 16:03:00,033 [Thread-3087] INFO  impl.RaftServerImpl (RaftServerImpl.java:setRole(184)) - e3fb79a3-1f86-42af-a80c-c46d1acdbc29@group-7855C2F36E53: changes role from  FOLLOWER to CANDIDATE at term 471 for changeToCandidate
2019-11-04 16:03:00,033 [Thread-3087] INFO  impl.RoleInfo (RoleInfo.java:updateAndGet(143)) - e3fb79a3-1f86-42af-a80c-c46d1acdbc29: start LeaderElection
2019-11-04 16:03:00,047 [e3fb79a3-1f86-42af-a80c-c46d1acdbc29@group-7855C2F36E53-LeaderElection424] INFO  impl.LeaderElection (LeaderElection.java:askForVotes(178)) - e3fb79a3-1f86-42af-a80c-c46d1acdbc29@group-7855C2F36E53-LeaderElection424: begin an election at term 472 for -1: [e3fb79a3-1f86-42af-a80c-c46d1acdbc29:192.168.157.194:44142, 81ff859e-e76f-43f5-951a-4a38422068cb:192.168.157.194:46532, a9143d84-6d7f-497d-b770-eb75585db3c7:192.168.157.194:42126], old=null
2019-11-04 16:03:00,049 [grpc-default-executor-4] INFO  impl.RaftServerImpl (RaftServerImpl.java:setRole(184)) - a9143d84-6d7f-497d-b770-eb75585db3c7@group-7855C2F36E53: changes role from  FOLLOWER to FOLLOWER at term 472 for recognizeCandidate:e3fb79a3-1f86-42af-a80c-c46d1acdbc29
2019-11-04 16:03:00,049 [grpc-default-executor-1] INFO  impl.RaftServerImpl (RaftServerImpl.java:setRole(184)) - 81ff859e-e76f-43f5-951a-4a38422068cb@group-7855C2F36E53: changes role from  FOLLOWER to FOLLOWER at term 472 for recognizeCandidate:e3fb79a3-1f86-42af-a80c-c46d1acdbc29
2019-11-04 16:03:00,049 [grpc-default-executor-4] INFO  impl.RoleInfo (RoleInfo.java:shutdownFollowerState(121)) - a9143d84-6d7f-497d-b770-eb75585db3c7: shutdown FollowerState
2019-11-04 16:03:00,049 [grpc-default-executor-1] INFO  impl.RoleInfo (RoleInfo.java:shutdownFollowerState(121)) - 81ff859e-e76f-43f5-951a-4a38422068cb: shutdown FollowerState
2019-11-04 16:03:00,050 [Thread-3085] INFO  impl.FollowerState (FollowerState.java:run(117)) - a9143d84-6d7f-497d-b770-eb75585db3c7@group-7855C2F36E53-FollowerState was interrupted: java.lang.InterruptedException: sleep interrupted
2019-11-04 16:03:00,050 [grpc-default-executor-4] INFO  impl.RoleInfo (RoleInfo.java:updateAndGet(143)) - a9143d84-6d7f-497d-b770-eb75585db3c7: start FollowerState
2019-11-04 16:03:00,050 [Thread-3086] INFO  impl.FollowerState (FollowerState.java:run(117)) - 81ff859e-e76f-43f5-951a-4a38422068cb@group-7855C2F36E53-FollowerState was interrupted: java.lang.InterruptedException: sleep interrupted
2019-11-04 16:03:00,050 [grpc-default-executor-1] INFO  impl.RoleInfo (RoleInfo.java:updateAndGet(143)) - 81ff859e-e76f-43f5-951a-4a38422068cb: start FollowerState
2019-11-04 16:03:00,059 [e3fb79a3-1f86-42af-a80c-c46d1acdbc29@group-7855C2F36E53-LeaderElection424] INFO  impl.LeaderElection (LeaderElection.java:logAndReturn(56)) - e3fb79a3-1f86-42af-a80c-c46d1acdbc29@group-7855C2F36E53-LeaderElection424: Election TIMEOUT; received 0 response(s) [] and 0 exception(s); e3fb79a3-1f86-42af-a80c-c46d1acdbc29@group-7855C2F36E53:t472, leader=null, voted=e3fb79a3-1f86-42af-a80c-c46d1acdbc29, raftlog=e3fb79a3-1f86-42af-a80c-c46d1acdbc29@group-7855C2F36E53-SegmentedRaftLog:OPENED:c-1,f-1,i0, conf=-1: [e3fb79a3-1f86-42af-a80c-c46d1acdbc29:192.168.157.194:44142, 81ff859e-e76f-43f5-951a-4a38422068cb:192.168.157.194:46532, a9143d84-6d7f-497d-b770-eb75585db3c7:192.168.157.194:42126], old=null
2019-11-04 16:03:00,075 [e3fb79a3-1f86-42af-a80c-c46d1acdbc29@group-7855C2F36E53-LeaderElection424] INFO  impl.LeaderElection (LeaderElection.java:askForVotes(178)) - e3fb79a3-1f86-42af-a80c-c46d1acdbc29@group-7855C2F36E53-LeaderElection424: begin an election at term 473 for -1: [e3fb79a3-1f86-42af-a80c-c46d1acdbc29:192.168.157.194:44142, 81ff859e-e76f-43f5-951a-4a38422068cb:192.168.157.194:46532, a9143d84-6d7f-497d-b770-eb75585db3c7:192.168.157.194:42126], old=null
2019-11-04 16:03:00,077 [grpc-default-executor-1] INFO  impl.RaftServerImpl (RaftServerImpl.java:setRole(184)) - a9143d84-6d7f-497d-b770-eb75585db3c7@group-7855C2F36E53: changes role from  FOLLOWER to FOLLOWER at term 473 for recognizeCandidate:e3fb79a3-1f86-42af-a80c-c46d1acdbc29
2019-11-04 16:03:00,077 [grpc-default-executor-1] INFO  impl.RoleInfo (RoleInfo.java:shutdownFollowerState(121)) - a9143d84-6d7f-497d-b770-eb75585db3c7: shutdown FollowerState
2019-11-04 16:03:00,077 [grpc-default-executor-4] INFO  impl.RaftServerImpl (RaftServerImpl.java:setRole(184)) - 81ff859e-e76f-43f5-951a-4a38422068cb@group-7855C2F36E53: changes role from  FOLLOWER to FOLLOWER at term 473 for recognizeCandidate:e3fb79a3-1f86-42af-a80c-c46d1acdbc29
2019-11-04 16:03:00,077 [Thread-3091] INFO  impl.FollowerState (FollowerState.java:run(117)) - a9143d84-6d7f-497d-b770-eb75585db3c7@group-7855C2F36E53-FollowerState was interrupted: java.lang.InterruptedException: sleep interrupted
2019-11-04 16:03:00,077 [grpc-default-executor-1] INFO  impl.RoleInfo (RoleInfo.java:updateAndGet(143)) - a9143d84-6d7f-497d-b770-eb75585db3c7: start FollowerState
2019-11-04 16:03:00,077 [grpc-default-executor-4] INFO  impl.RoleInfo (RoleInfo.java:shutdownFollowerState(121)) - 81ff859e-e76f-43f5-951a-4a38422068cb: shutdown FollowerState
2019-11-04 16:03:00,078 [grpc-default-executor-4] INFO  impl.RoleInfo (RoleInfo.java:updateAndGet(143)) - 81ff859e-e76f-43f5-951a-4a38422068cb: start FollowerState
2019-11-04 16:03:00,078 [Thread-3092] INFO  impl.FollowerState (FollowerState.java:run(117)) - 81ff859e-e76f-43f5-951a-4a38422068cb@group-7855C2F36E53-FollowerState was interrupted: java.lang.InterruptedException: sleep interrupted
2019-11-04 16:03:00,092 [e3fb79a3-1f86-42af-a80c-c46d1acdbc29@group-7855C2F36E53-LeaderElection424] INFO  impl.LeaderElection (LeaderElection.java:logAndReturn(56)) - e3fb79a3-1f86-42af-a80c-c46d1acdbc29@group-7855C2F36E53-LeaderElection424: Election REJECTED; received 2 response(s) [e3fb79a3-1f86-42af-a80c-c46d1acdbc29<-81ff859e-e76f-43f5-951a-4a38422068cb#0:FAIL-t473, e3fb79a3-1f86-42af-a80c-c46d1acdbc29<-a9143d84-6d7f-497d-b770-eb75585db3c7#0:FAIL-t473] and 0 exception(s); e3fb79a3-1f86-42af-a80c-c46d1acdbc29@group-7855C2F36E53:t473, leader=null, voted=e3fb79a3-1f86-42af-a80c-c46d1acdbc29, raftlog=e3fb79a3-1f86-42af-a80c-c46d1acdbc29@group-7855C2F36E53-SegmentedRaftLog:OPENED:c-1,f-1,i0, conf=-1: [e3fb79a3-1f86-42af-a80c-c46d1acdbc29:192.168.157.194:44142, 81ff859e-e76f-43f5-951a-4a38422068cb:192.168.157.194:46532, a9143d84-6d7f-497d-b770-eb75585db3c7:192.168.157.194:42126], old=null
2019-11-04 16:03:00,092 [e3fb79a3-1f86-42af-a80c-c46d1acdbc29@group-7855C2F36E53-LeaderElection424] INFO  impl.RaftServerImpl (RaftServerImpl.java:setRole(184)) - e3fb79a3-1f86-42af-a80c-c46d1acdbc29@group-7855C2F36E53: changes role from CANDIDATE to FOLLOWER at term 473 for DISCOVERED_A_NEW_TERM
2019-11-04 16:03:00,092 [e3fb79a3-1f86-42af-a80c-c46d1acdbc29@group-7855C2F36E53-LeaderElection424] INFO  impl.RoleInfo (RoleInfo.java:shutdownLeaderElection(134)) - e3fb79a3-1f86-42af-a80c-c46d1acdbc29: shutdown LeaderElection
2019-11-04 16:03:00,092 [e3fb79a3-1f86-42af-a80c-c46d1acdbc29@group-7855C2F36E53-LeaderElection424] INFO  impl.RoleInfo (RoleInfo.java:updateAndGet(143)) - e3fb79a3-1f86-42af-a80c-c46d1acdbc29: start FollowerState
2019-11-04 16:03:00,236 [Thread-3097] INFO  impl.FollowerState (FollowerState.java:run(108)) - e3fb79a3-1f86-42af-a80c-c46d1acdbc29@group-7855C2F36E53-FollowerState: change to CANDIDATE, lastRpcTime:144ms, electionTimeout:144ms
2019-11-04 16:03:00,237 [Thread-3097] INFO  impl.RoleInfo (RoleInfo.java:shutdownFollowerState(121)) - e3fb79a3-1f86-42af-a80c-c46d1acdbc29: shutdown FollowerState
2019-11-04 16:03:00,237 [Thread-3097] INFO  impl.RaftServerImpl (RaftServerImpl.java:setRole(184)) - e3fb79a3-1f86-42af-a80c-c46d1acdbc29@group-7855C2F36E53: changes role from  FOLLOWER to CANDIDATE at term 473 for changeToCandidate
2019-11-04 16:03:00,237 [Thread-3097] INFO  impl.RoleInfo (RoleInfo.java:updateAndGet(143)) - e3fb79a3-1f86-42af-a80c-c46d1acdbc29: start LeaderElection
2019-11-04 16:03:00,263 [e3fb79a3-1f86-42af-a80c-c46d1acdbc29@group-7855C2F36E53-LeaderElection425] INFO  impl.LeaderElection (LeaderElection.java:askForVotes(178)) - e3fb79a3-1f86-42af-a80c-c46d1acdbc29@group-7855C2F36E53-LeaderElection425: begin an election at term 474 for -1: [e3fb79a3-1f86-42af-a80c-c46d1acdbc29:192.168.157.194:44142, 81ff859e-e76f-43f5-951a-4a38422068cb:192.168.157.194:46532, a9143d84-6d7f-497d-b770-eb75585db3c7:192.168.157.194:42126], old=null
2019-11-04 16:03:00,264 [grpc-default-executor-1] INFO  impl.RaftServerImpl (RaftServerImpl.java:setRole(184)) - 81ff859e-e76f-43f5-951a-4a38422068cb@group-7855C2F36E53: changes role from  FOLLOWER to FOLLOWER at term 474 for recognizeCandidate:e3fb79a3-1f86-42af-a80c-c46d1acdbc29
2019-11-04 16:03:00,265 [grpc-default-executor-1] INFO  impl.RoleInfo (RoleInfo.java:shutdownFollowerState(121)) - 81ff859e-e76f-43f5-951a-4a38422068cb: shutdown FollowerState
2019-11-04 16:03:00,265 [grpc-default-executor-4] INFO  impl.RaftServerImpl (RaftServerImpl.java:setRole(184)) - a9143d84-6d7f-497d-b770-eb75585db3c7@group-7855C2F36E53: changes role from  FOLLOWER to FOLLOWER at term 474 for recognizeCandidate:e3fb79a3-1f86-42af-a80c-c46d1acdbc29
2019-11-04 16:03:00,265 [grpc-default-executor-4] INFO  impl.RoleInfo (RoleInfo.java:shutdownFollowerState(121)) - a9143d84-6d7f-497d-b770-eb75585db3c7: shutdown FollowerState
2019-11-04 16:03:00,265 [Thread-3096] INFO  impl.FollowerState (FollowerState.java:run(117)) - 81ff859e-e76f-43f5-951a-4a38422068cb@group-7855C2F36E53-FollowerState was interrupted: java.lang.InterruptedException: sleep interrupted
2019-11-04 16:03:00,265 [grpc-default-executor-1] INFO  impl.RoleInfo (RoleInfo.java:updateAndGet(143)) - 81ff859e-e76f-43f5-951a-4a38422068cb: start FollowerState
2019-11-04 16:03:00,265 [Thread-3095] INFO  impl.FollowerState (FollowerState.java:run(117)) - a9143d84-6d7f-497d-b770-eb75585db3c7@group-7855C2F36E53-FollowerState was interrupted: java.lang.InterruptedException: sleep interrupted
2019-11-04 16:03:00,265 [grpc-default-executor-4] INFO  impl.RoleInfo (RoleInfo.java:updateAndGet(143)) - a9143d84-6d7f-497d-b770-eb75585db3c7: start FollowerState
2019-11-04 16:03:00,280 [e3fb79a3-1f86-42af-a80c-c46d1acdbc29@group-7855C2F36E53-LeaderElection425] INFO  impl.LeaderElection (LeaderElection.java:logAndReturn(56)) - e3fb79a3-1f86-42af-a80c-c46d1acdbc29@group-7855C2F36E53-LeaderElection425: Election REJECTED; received 2 response(s) [e3fb79a3-1f86-42af-a80c-c46d1acdbc29<-81ff859e-e76f-43f5-951a-4a38422068cb#0:FAIL-t474, e3fb79a3-1f86-42af-a80c-c46d1acdbc29<-a9143d84-6d7f-497d-b770-eb75585db3c7#0:FAIL-t474] and 0 exception(s); e3fb79a3-1f86-42af-a80c-c46d1acdbc29@group-7855C2F36E53:t474, leader=null, voted=e3fb79a3-1f86-42af-a80c-c46d1acdbc29, raftlog=e3fb79a3-1f86-42af-a80c-c46d1acdbc29@group-7855C2F36E53-SegmentedRaftLog:OPENED:c-1,f-1,i0, conf=-1: [e3fb79a3-1f86-42af-a80c-c46d1acdbc29:192.168.157.194:44142, 81ff859e-e76f-43f5-951a-4a38422068cb:192.168.157.194:46532, a9143d84-6d7f-497d-b770-eb75585db3c7:192.168.157.194:42126], old=null
2019-11-04 16:03:00,280 [e3fb79a3-1f86-42af-a80c-c46d1acdbc29@group-7855C2F36E53-LeaderElection425] INFO  impl.RaftServerImpl (RaftServerImpl.java:setRole(184)) - e3fb79a3-1f86-42af-a80c-c46d1acdbc29@group-7855C2F36E53: changes role from CANDIDATE to FOLLOWER at term 474 for DISCOVERED_A_NEW_TERM
2019-11-04 16:03:00,280 [e3fb79a3-1f86-42af-a80c-c46d1acdbc29@group-7855C2F36E53-LeaderElection425] INFO  impl.RoleInfo (RoleInfo.java:shutdownLeaderElection(134)) - e3fb79a3-1f86-42af-a80c-c46d1acdbc29: shutdown LeaderElection
2019-11-04 16:03:00,280 [e3fb79a3-1f86-42af-a80c-c46d1acdbc29@group-7855C2F36E53-LeaderElection425] INFO  impl.RoleInfo (RoleInfo.java:updateAndGet(143)) - e3fb79a3-1f86-42af-a80c-c46d1acdbc29: start FollowerState
2019-11-04 16:03:00,285 [Thread-3103] INFO  impl.FollowerState (FollowerState.java:run(108)) - e3fb79a3-1f86-42af-a80c-c46d1acdbc29@group-7855C2F36E53-FollowerState: change to CANDIDATE, lastRpcTime:5ms, electionTimeout:5ms
2019-11-04 16:03:00,286 [Thread-3103] INFO  impl.RoleInfo (RoleInfo.java:shutdownFollowerState(121)) - e3fb79a3-1f86-42af-a80c-c46d1acdbc29: shutdown FollowerState
2019-11-04 16:03:00,286 [Thread-3103] INFO  impl.RaftServerImpl (RaftServerImpl.java:setRole(184)) - e3fb79a3-1f86-42af-a80c-c46d1acdbc29@group-7855C2F36E53: changes role from  FOLLOWER to CANDIDATE at term 474 for changeToCandidate
2019-11-04 16:03:00,286 [Thread-3103] INFO  impl.RoleInfo (RoleInfo.java:updateAndGet(143)) - e3fb79a3-1f86-42af-a80c-c46d1acdbc29: start LeaderElection
2019-11-04 16:03:00,308 [e3fb79a3-1f86-42af-a80c-c46d1acdbc29@group-7855C2F36E53-LeaderElection426] INFO  impl.LeaderElection (LeaderElection.java:askForVotes(178)) - e3fb79a3-1f86-42af-a80c-c46d1acdbc29@group-7855C2F36E53-LeaderElection426: begin an election at term 475 for -1: [e3fb79a3-1f86-42af-a80c-c46d1acdbc29:192.168.157.194:44142, 81ff859e-e76f-43f5-951a-4a38422068cb:192.168.157.194:46532, a9143d84-6d7f-497d-b770-eb75585db3c7:192.168.157.194:42126], old=null
2019-11-04 16:03:00,309 [grpc-default-executor-4] INFO  impl.RaftServerImpl (RaftServerImpl.java:setRole(184)) - 81ff859e-e76f-43f5-951a-4a38422068cb@group-7855C2F36E53: changes role from  FOLLOWER to FOLLOWER at term 475 for recognizeCandidate:e3fb79a3-1f86-42af-a80c-c46d1acdbc29
2019-11-04 16:03:00,309 [grpc-default-executor-4] INFO  impl.RoleInfo (RoleInfo.java:shutdownFollowerState(121)) - 81ff859e-e76f-43f5-951a-4a38422068cb: shutdown FollowerState
2019-11-04 16:03:00,310 [grpc-default-executor-4] INFO  impl.RoleInfo (RoleInfo.java:updateAndGet(143)) - 81ff859e-e76f-43f5-951a-4a38422068cb: start FollowerState
2019-11-04 16:03:00,310 [Thread-3101] INFO  impl.FollowerState (FollowerState.java:run(117)) - 81ff859e-e76f-43f5-951a-4a38422068cb@group-7855C2F36E53-FollowerState was interrupted: java.lang.InterruptedException: sleep interrupted
2019-11-04 16:03:00,310 [grpc-default-executor-1] INFO  impl.RaftServerImpl (RaftServerImpl.java:setRole(184)) - a9143d84-6d7f-497d-b770-eb75585db3c7@group-7855C2F36E53: changes role from  FOLLOWER to FOLLOWER at term 475 for recognizeCandidate:e3fb79a3-1f86-42af-a80c-c46d1acdbc29
2019-11-04 16:03:00,310 [grpc-default-executor-1] INFO  impl.RoleInfo (RoleInfo.java:shutdownFollowerState(121)) - a9143d84-6d7f-497d-b770-eb75585db3c7: shutdown FollowerState
2019-11-04 16:03:00,310 [grpc-default-executor-1] INFO  impl.RoleInfo (RoleInfo.java:updateAndGet(143)) - a9143d84-6d7f-497d-b770-eb75585db3c7: start FollowerState
2019-11-04 16:03:00,310 [Thread-3102] INFO  impl.FollowerState (FollowerState.java:run(117)) - a9143d84-6d7f-497d-b770-eb75585db3c7@group-7855C2F36E53-FollowerState was interrupted: java.lang.InterruptedException: sleep interrupted
2019-11-04 16:03:00,320 [e3fb79a3-1f86-42af-a80c-c46d1acdbc29@group-7855C2F36E53-LeaderElection426] INFO  impl.LeaderElection (LeaderElection.java:logAndReturn(56)) - e3fb79a3-1f86-42af-a80c-c46d1acdbc29@group-7855C2F36E53-LeaderElection426: Election REJECTED; received 2 response(s) [e3fb79a3-1f86-42af-a80c-c46d1acdbc29<-81ff859e-e76f-43f5-951a-4a38422068cb#0:FAIL-t475, e3fb79a3-1f86-42af-a80c-c46d1acdbc29<-a9143d84-6d7f-497d-b770-eb75585db3c7#0:FAIL-t475] and 0 exception(s); e3fb79a3-1f86-42af-a80c-c46d1acdbc29@group-7855C2F36E53:t475, leader=null, voted=e3fb79a3-1f86-42af-a80c-c46d1acdbc29, raftlog=e3fb79a3-1f86-42af-a80c-c46d1acdbc29@group-7855C2F36E53-SegmentedRaftLog:OPENED:c-1,f-1,i0, conf=-1: [e3fb79a3-1f86-42af-a80c-c46d1acdbc29:192.168.157.194:44142, 81ff859e-e76f-43f5-951a-4a38422068cb:192.168.157.194:46532, a9143d84-6d7f-497d-b770-eb75585db3c7:192.168.157.194:42126], old=null
2019-11-04 16:03:00,320 [e3fb79a3-1f86-42af-a80c-c46d1acdbc29@group-7855C2F36E53-LeaderElection426] INFO  impl.RaftServerImpl (RaftServerImpl.java:setRole(184)) - e3fb79a3-1f86-42af-a80c-c46d1acdbc29@group-7855C2F36E53: changes role from CANDIDATE to FOLLOWER at term 475 for DISCOVERED_A_NEW_TERM
2019-11-04 16:03:00,320 [e3fb79a3-1f86-42af-a80c-c46d1acdbc29@group-7855C2F36E53-LeaderElection426] INFO  impl.RoleInfo (RoleInfo.java:shutdownLeaderElection(134)) - e3fb79a3-1f86-42af-a80c-c46d1acdbc29: shutdown LeaderElection
2019-11-04 16:03:00,320 [e3fb79a3-1f86-42af-a80c-c46d1acdbc29@group-7855C2F36E53-LeaderElection426] INFO  impl.RoleInfo (RoleInfo.java:updateAndGet(143)) - e3fb79a3-1f86-42af-a80c-c46d1acdbc29: start FollowerState
2019-11-04 16:03:00,325 [main] INFO  ozone.MiniOzoneClusterImpl (MiniOzoneClusterImpl.java:shutdown(314)) - Shutting down the Mini Ozone Cluster
2019-11-04 16:03:00,325 [main] INFO  ozone.MiniOzoneClusterImpl (MiniOzoneClusterImpl.java:stop(330)) - Stopping the Mini Ozone Cluster
2019-11-04 16:03:00,325 [main] INFO  ozone.MiniOzoneClusterImpl (MiniOzoneClusterImpl.java:stopOM(400)) - Stopping the OzoneManager
2019-11-04 16:03:00,325 [main] INFO  ipc.Server (Server.java:stop(3082)) - Stopping server on 38129
2019-11-04 16:03:00,328 [IPC Server listener on 38129] INFO  ipc.Server (Server.java:run(1185)) - Stopping IPC Server listener on 38129
2019-11-04 16:03:00,328 [IPC Server Responder] INFO  ipc.Server (Server.java:run(1319)) - Stopping IPC Server Responder
2019-11-04 16:03:00,333 [main] INFO  impl.RaftServerProxy (RaftServerProxy.java:lambda$close$4(314)) - d834a997-d9cc-41f7-ab21-967e1a85444a: close
2019-11-04 16:03:00,348 [main] INFO  impl.RaftServerImpl (RaftServerImpl.java:lambda$shutdown$3(261)) - d834a997-d9cc-41f7-ab21-967e1a85444a@group-C5BA1605619E: shutdown
2019-11-04 16:03:00,355 [main] INFO  util.JmxRegister (JmxRegister.java:unregister(73)) - Successfully un-registered JMX Bean with object name Ratis:service=RaftServer,group=group-C5BA1605619E,id=d834a997-d9cc-41f7-ab21-967e1a85444a
2019-11-04 16:03:00,356 [main] INFO  impl.RoleInfo (RoleInfo.java:shutdownLeaderState(104)) - d834a997-d9cc-41f7-ab21-967e1a85444a: shutdown LeaderState
2019-11-04 16:03:00,356 [main] INFO  impl.PendingRequests (PendingRequests.java:sendNotLeaderResponses(202)) - d834a997-d9cc-41f7-ab21-967e1a85444a@group-C5BA1605619E-PendingRequests: sendNotLeaderResponses
2019-11-04 16:03:00,356 [Thread-301] WARN  io.KeyOutputStream (KeyOutputStream.java:handleException(274)) - Encountered exception java.io.IOException: Unexpected Storage Container Exception: java.lang.InterruptedException on the pipeline Pipeline[ Id: e9b3cb73-12b6-46e0-af17-7855c2f36e53, Nodes: 81ff859e-e76f-43f5-951a-4a38422068cb{ip: 192.168.157.194, host: pr-hdds-1643-sn7dj-2043761873, networkLocation: /rack1, certSerialId: null}e3fb79a3-1f86-42af-a80c-c46d1acdbc29{ip: 192.168.157.194, host: pr-hdds-1643-sn7dj-2043761873, networkLocation: /rack1, certSerialId: null}a9143d84-6d7f-497d-b770-eb75585db3c7{ip: 192.168.157.194, host: pr-hdds-1643-sn7dj-2043761873, networkLocation: /rack1, certSerialId: null}, Type:RATIS, Factor:THREE, State:OPEN]. The last committed block length is 0, uncommitted data length is 12 retry count 0
2019-11-04 16:03:00,360 [main] INFO  impl.StateMachineUpdater (StateMachineUpdater.java:stopAndJoin(136)) - d834a997-d9cc-41f7-ab21-967e1a85444a@group-C5BA1605619E-StateMachineUpdater: set stopIndex = 6
2019-11-04 16:03:00,361 [d834a997-d9cc-41f7-ab21-967e1a85444a@group-C5BA1605619E-StateMachineUpdater] INFO  ratis.OzoneManagerStateMachine (OzoneManagerStateMachine.java:takeSnapshot(254)) - Saving Ratis snapshot on the OM.
2019-11-04 16:03:00,362 [Thread-301] INFO  io.BlockOutputStreamEntryPool (BlockOutputStreamEntryPool.java:allocateNewBlock(257)) - Allocating block with ExcludeList {datanodes = [], containerIds = [], pipelineIds = [PipelineID=e9b3cb73-12b6-46e0-af17-7855c2f36e53]}
2019-11-04 16:03:00,371 [d834a997-d9cc-41f7-ab21-967e1a85444a@group-C5BA1605619E-StateMachineUpdater] INFO  ratis.OMRatisSnapshotInfo (OMRatisSnapshotInfo.java:saveRatisSnapshotToDisk(107)) - Saved Ratis Snapshot on the OM with snapshotIndex 5
2019-11-04 16:03:00,374 [d834a997-d9cc-41f7-ab21-967e1a85444a@group-C5BA1605619E-StateMachineUpdater] INFO  impl.StateMachineUpdater (StateMachineUpdater.java:takeSnapshot(269)) - d834a997-d9cc-41f7-ab21-967e1a85444a@group-C5BA1605619E-StateMachineUpdater: Took a snapshot at index 5
2019-11-04 16:03:00,375 [d834a997-d9cc-41f7-ab21-967e1a85444a@group-C5BA1605619E-StateMachineUpdater] INFO  impl.StateMachineUpdater (StateMachineUpdater.java:lambda$new$0(84)) - d834a997-d9cc-41f7-ab21-967e1a85444a@group-C5BA1605619E-StateMachineUpdater: snapshotIndex: updateIncreasingly -1 -> 5
2019-11-04 16:03:00,379 [d834a997-d9cc-41f7-ab21-967e1a85444a@group-C5BA1605619E-StateMachineUpdater] INFO  ratis.OzoneManagerStateMachine (OzoneManagerStateMachine.java:takeSnapshot(254)) - Saving Ratis snapshot on the OM.
2019-11-04 16:03:00,380 [d834a997-d9cc-41f7-ab21-967e1a85444a@group-C5BA1605619E-StateMachineUpdater] INFO  ratis.OMRatisSnapshotInfo (OMRatisSnapshotInfo.java:saveRatisSnapshotToDisk(107)) - Saved Ratis Snapshot on the OM with snapshotIndex 5
2019-11-04 16:03:00,380 [d834a997-d9cc-41f7-ab21-967e1a85444a@group-C5BA1605619E-StateMachineUpdater] INFO  impl.StateMachineUpdater (StateMachineUpdater.java:takeSnapshot(269)) - d834a997-d9cc-41f7-ab21-967e1a85444a@group-C5BA1605619E-StateMachineUpdater: Took a snapshot at index 5
2019-11-04 16:03:00,380 [d834a997-d9cc-41f7-ab21-967e1a85444a@group-C5BA1605619E-StateMachineUpdater] INFO  impl.StateMachineUpdater (StateMachineUpdater.java:lambda$new$0(84)) - d834a997-d9cc-41f7-ab21-967e1a85444a@group-C5BA1605619E-StateMachineUpdater: snapshotIndex: updateIncreasingly 5 -> 5
2019-11-04 16:03:00,380 [main] INFO  impl.RaftServerImpl (ServerState.java:close(388)) - d834a997-d9cc-41f7-ab21-967e1a85444a@group-C5BA1605619E: closes. applyIndex: 6
2019-11-04 16:03:00,382 [d834a997-d9cc-41f7-ab21-967e1a85444a@group-C5BA1605619E-SegmentedRaftLogWorker] INFO  segmented.SegmentedRaftLogWorker (SegmentedRaftLogWorker.java:run(316)) - d834a997-d9cc-41f7-ab21-967e1a85444a@group-C5BA1605619E-SegmentedRaftLogWorker was interrupted, exiting. There are 0 tasks remaining in the queue.
2019-11-04 16:03:00,383 [main] INFO  segmented.SegmentedRaftLogWorker (SegmentedRaftLogWorker.java:close(224)) - d834a997-d9cc-41f7-ab21-967e1a85444a@group-C5BA1605619E-SegmentedRaftLogWorker close()
2019-11-04 16:03:00,386 [main] INFO  server.GrpcService (GrpcService.java:closeImpl(164)) - d834a997-d9cc-41f7-ab21-967e1a85444a: shutdown server with port 9872 now
2019-11-04 16:03:00,387 [main] INFO  server.GrpcService (GrpcService.java:closeImpl(172)) - d834a997-d9cc-41f7-ab21-967e1a85444a: shutdown server with port 9872 successfully
2019-11-04 16:03:00,387 [main] INFO  ratis.OzoneManagerDoubleBuffer (OzoneManagerDoubleBuffer.java:stop(250)) - Stopping OMDoubleBuffer flush thread
2019-11-04 16:03:00,388 [OMDoubleBufferFlushThread] INFO  ratis.OzoneManagerDoubleBuffer (OzoneManagerDoubleBuffer.java:flushTransactions(193)) - OMDoubleBuffer flush thread OMDoubleBufferFlushThread is interrupted and will exit. OMDoubleBufferFlushThread
2019-11-04 16:03:00,388 [main] INFO  utils.BackgroundService (BackgroundService.java:shutdown(151)) - Shutting down service KeyDeletingService
2019-11-04 16:03:00,392 [main] INFO  handler.ContextHandler (ContextHandler.java:doStop(910)) - Stopped o.e.j.w.WebAppContext@316a598d{/,null,UNAVAILABLE}{/ozoneManager}
2019-11-04 16:03:00,397 [main] INFO  server.AbstractConnector (AbstractConnector.java:doStop(318)) - Stopped ServerConnector@216914{HTTP/1.1,[http/1.1]}{0.0.0.0:0}
2019-11-04 16:03:00,397 [main] INFO  handler.ContextHandler (ContextHandler.java:doStop(910)) - Stopped o.e.j.s.ServletContextHandler@4867ab9f{/static,file:///workdir/hadoop-ozone/integration-test/target/test-classes/webapps/static,UNAVAILABLE}
2019-11-04 16:03:00,397 [main] INFO  handler.ContextHandler (ContextHandler.java:doStop(910)) - Stopped o.e.j.s.ServletContextHandler@3531f3ca{/logs,file:///workdir/hadoop-ozone/integration-test/target/log,UNAVAILABLE}
2019-11-04 16:03:00,401 [main] INFO  ozone.MiniOzoneClusterImpl (MiniOzoneClusterImpl.java:stopDatanodes(377)) - Stopping the HddsDatanodes
2019-11-04 16:03:00,411 [Datanode State Machine Thread - 0] INFO  statemachine.DatanodeStateMachine (DatanodeStateMachine.java:lambda$startDaemon$0(350)) - Ozone container server started.
2019-11-04 16:03:00,412 [Datanode State Machine Thread - 0] INFO  statemachine.DatanodeStateMachine (DatanodeStateMachine.java:lambda$startDaemon$0(350)) - Ozone container server started.
2019-11-04 16:03:00,461 [Thread-3109] INFO  impl.FollowerState (FollowerState.java:run(108)) - e3fb79a3-1f86-42af-a80c-c46d1acdbc29@group-7855C2F36E53-FollowerState: change to CANDIDATE, lastRpcTime:140ms, electionTimeout:140ms
2019-11-04 16:03:00,461 [Thread-3109] INFO  impl.RoleInfo (RoleInfo.java:shutdownFollowerState(121)) - e3fb79a3-1f86-42af-a80c-c46d1acdbc29: shutdown FollowerState
2019-11-04 16:03:00,461 [Thread-3109] INFO  impl.RaftServerImpl (RaftServerImpl.java:setRole(184)) - e3fb79a3-1f86-42af-a80c-c46d1acdbc29@group-7855C2F36E53: changes role from  FOLLOWER to CANDIDATE at term 475 for changeToCandidate
2019-11-04 16:03:00,461 [Thread-3109] INFO  impl.RoleInfo (RoleInfo.java:updateAndGet(143)) - e3fb79a3-1f86-42af-a80c-c46d1acdbc29: start LeaderElection
2019-11-04 16:03:00,488 [e3fb79a3-1f86-42af-a80c-c46d1acdbc29@group-7855C2F36E53-LeaderElection427] INFO  impl.LeaderElection (LeaderElection.java:askForVotes(178)) - e3fb79a3-1f86-42af-a80c-c46d1acdbc29@group-7855C2F36E53-LeaderElection427: begin an election at term 476 for -1: [e3fb79a3-1f86-42af-a80c-c46d1acdbc29:192.168.157.194:44142, 81ff859e-e76f-43f5-951a-4a38422068cb:192.168.157.194:46532, a9143d84-6d7f-497d-b770-eb75585db3c7:192.168.157.194:42126], old=null
2019-11-04 16:03:00,490 [grpc-default-executor-1] INFO  impl.RaftServerImpl (RaftServerImpl.java:setRole(184)) - 81ff859e-e76f-43f5-951a-4a38422068cb@group-7855C2F36E53: changes role from  FOLLOWER to FOLLOWER at term 476 for recognizeCandidate:e3fb79a3-1f86-42af-a80c-c46d1acdbc29
2019-11-04 16:03:00,490 [grpc-default-executor-1] INFO  impl.RoleInfo (RoleInfo.java:shutdownFollowerState(121)) - 81ff859e-e76f-43f5-951a-4a38422068cb: shutdown FollowerState
2019-11-04 16:03:00,490 [grpc-default-executor-1] INFO  impl.RoleInfo (RoleInfo.java:updateAndGet(143)) - 81ff859e-e76f-43f5-951a-4a38422068cb: start FollowerState
2019-11-04 16:03:00,490 [Thread-3107] INFO  impl.FollowerState (FollowerState.java:run(117)) - 81ff859e-e76f-43f5-951a-4a38422068cb@group-7855C2F36E53-FollowerState was interrupted: java.lang.InterruptedException: sleep interrupted
2019-11-04 16:03:00,490 [grpc-default-executor-4] INFO  impl.RaftServerImpl (RaftServerImpl.java:setRole(184)) - a9143d84-6d7f-497d-b770-eb75585db3c7@group-7855C2F36E53: changes role from  FOLLOWER to FOLLOWER at term 476 for recognizeCandidate:e3fb79a3-1f86-42af-a80c-c46d1acdbc29
2019-11-04 16:03:00,490 [grpc-default-executor-4] INFO  impl.RoleInfo (RoleInfo.java:shutdownFollowerState(121)) - a9143d84-6d7f-497d-b770-eb75585db3c7: shutdown FollowerState
2019-11-04 16:03:00,491 [grpc-default-executor-4] INFO  impl.RoleInfo (RoleInfo.java:updateAndGet(143)) - a9143d84-6d7f-497d-b770-eb75585db3c7: start FollowerState
2019-11-04 16:03:00,491 [Thread-3108] INFO  impl.FollowerState (FollowerState.java:run(117)) - a9143d84-6d7f-497d-b770-eb75585db3c7@group-7855C2F36E53-FollowerState was interrupted: java.lang.InterruptedException: sleep interrupted
2019-11-04 16:03:00,508 [e3fb79a3-1f86-42af-a80c-c46d1acdbc29@group-7855C2F36E53-LeaderElection427] INFO  impl.LeaderElection (LeaderElection.java:logAndReturn(56)) - e3fb79a3-1f86-42af-a80c-c46d1acdbc29@group-7855C2F36E53-LeaderElection427: Election REJECTED; received 2 response(s) [e3fb79a3-1f86-42af-a80c-c46d1acdbc29<-81ff859e-e76f-43f5-951a-4a38422068cb#0:FAIL-t476, e3fb79a3-1f86-42af-a80c-c46d1acdbc29<-a9143d84-6d7f-497d-b770-eb75585db3c7#0:FAIL-t476] and 0 exception(s); e3fb79a3-1f86-42af-a80c-c46d1acdbc29@group-7855C2F36E53:t476, leader=null, voted=e3fb79a3-1f86-42af-a80c-c46d1acdbc29, raftlog=e3fb79a3-1f86-42af-a80c-c46d1acdbc29@group-7855C2F36E53-SegmentedRaftLog:OPENED:c-1,f-1,i0, conf=-1: [e3fb79a3-1f86-42af-a80c-c46d1acdbc29:192.168.157.194:44142, 81ff859e-e76f-43f5-951a-4a38422068cb:192.168.157.194:46532, a9143d84-6d7f-497d-b770-eb75585db3c7:192.168.157.194:42126], old=null
2019-11-04 16:03:00,508 [e3fb79a3-1f86-42af-a80c-c46d1acdbc29@group-7855C2F36E53-LeaderElection427] INFO  impl.RaftServerImpl (RaftServerImpl.java:setRole(184)) - e3fb79a3-1f86-42af-a80c-c46d1acdbc29@group-7855C2F36E53: changes role from CANDIDATE to FOLLOWER at term 476 for DISCOVERED_A_NEW_TERM
2019-11-04 16:03:00,508 [e3fb79a3-1f86-42af-a80c-c46d1acdbc29@group-7855C2F36E53-LeaderElection427] INFO  impl.RoleInfo (RoleInfo.java:shutdownLeaderElection(134)) - e3fb79a3-1f86-42af-a80c-c46d1acdbc29: shutdown LeaderElection
2019-11-04 16:03:00,508 [e3fb79a3-1f86-42af-a80c-c46d1acdbc29@group-7855C2F36E53-LeaderElection427] INFO  impl.RoleInfo (RoleInfo.java:updateAndGet(143)) - e3fb79a3-1f86-42af-a80c-c46d1acdbc29: start FollowerState
2019-11-04 16:03:00,683 [Thread-3117] INFO  impl.FollowerState (FollowerState.java:run(108)) - e3fb79a3-1f86-42af-a80c-c46d1acdbc29@group-7855C2F36E53-FollowerState: change to CANDIDATE, lastRpcTime:175ms, electionTimeout:175ms
2019-11-04 16:03:00,683 [Thread-3117] INFO  impl.RoleInfo (RoleInfo.java:shutdownFollowerState(121)) - e3fb79a3-1f86-42af-a80c-c46d1acdbc29: shutdown FollowerState
2019-11-04 16:03:00,684 [Thread-3117] INFO  impl.RaftServerImpl (RaftServerImpl.java:setRole(184)) - e3fb79a3-1f86-42af-a80c-c46d1acdbc29@group-7855C2F36E53: changes role from  FOLLOWER to CANDIDATE at term 476 for changeToCandidate
2019-11-04 16:03:00,684 [Thread-3117] INFO  impl.RoleInfo (RoleInfo.java:updateAndGet(143)) - e3fb79a3-1f86-42af-a80c-c46d1acdbc29: start LeaderElection
2019-11-04 16:03:00,697 [e3fb79a3-1f86-42af-a80c-c46d1acdbc29@group-7855C2F36E53-LeaderElection428] INFO  impl.LeaderElection (LeaderElection.java:askForVotes(178)) - e3fb79a3-1f86-42af-a80c-c46d1acdbc29@group-7855C2F36E53-LeaderElection428: begin an election at term 477 for -1: [e3fb79a3-1f86-42af-a80c-c46d1acdbc29:192.168.157.194:44142, 81ff859e-e76f-43f5-951a-4a38422068cb:192.168.157.194:46532, a9143d84-6d7f-497d-b770-eb75585db3c7:192.168.157.194:42126], old=null
2019-11-04 16:03:00,699 [grpc-default-executor-1] INFO  impl.RaftServerImpl (RaftServerImpl.java:setRole(184)) - 81ff859e-e76f-43f5-951a-4a38422068cb@group-7855C2F36E53: changes role from  FOLLOWER to FOLLOWER at term 477 for recognizeCandidate:e3fb79a3-1f86-42af-a80c-c46d1acdbc29
2019-11-04 16:03:00,699 [grpc-default-executor-1] INFO  impl.RoleInfo (RoleInfo.java:shutdownFollowerState(121)) - 81ff859e-e76f-43f5-951a-4a38422068cb: shutdown FollowerState
2019-11-04 16:03:00,699 [grpc-default-executor-1] INFO  impl.RoleInfo (RoleInfo.java:updateAndGet(143)) - 81ff859e-e76f-43f5-951a-4a38422068cb: start FollowerState
2019-11-04 16:03:00,700 [Thread-3115] INFO  impl.FollowerState (FollowerState.java:run(117)) - 81ff859e-e76f-43f5-951a-4a38422068cb@group-7855C2F36E53-FollowerState was interrupted: java.lang.InterruptedException: sleep interrupted
2019-11-04 16:03:00,700 [grpc-default-executor-4] INFO  impl.RaftServerImpl (RaftServerImpl.java:setRole(184)) - a9143d84-6d7f-497d-b770-eb75585db3c7@group-7855C2F36E53: changes role from  FOLLOWER to FOLLOWER at term 477 for recognizeCandidate:e3fb79a3-1f86-42af-a80c-c46d1acdbc29
2019-11-04 16:03:00,700 [grpc-default-executor-4] INFO  impl.RoleInfo (RoleInfo.java:shutdownFollowerState(121)) - a9143d84-6d7f-497d-b770-eb75585db3c7: shutdown FollowerState
2019-11-04 16:03:00,700 [grpc-default-executor-4] INFO  impl.RoleInfo (RoleInfo.java:updateAndGet(143)) - a9143d84-6d7f-497d-b770-eb75585db3c7: start FollowerState
2019-11-04 16:03:00,700 [Thread-3116] INFO  impl.FollowerState (FollowerState.java:run(117)) - a9143d84-6d7f-497d-b770-eb75585db3c7@group-7855C2F36E53-FollowerState was interrupted: java.lang.InterruptedException: sleep interrupted
2019-11-04 16:03:00,722 [e3fb79a3-1f86-42af-a80c-c46d1acdbc29@group-7855C2F36E53-LeaderElection428] INFO  impl.LeaderElection (LeaderElection.java:logAndReturn(56)) - e3fb79a3-1f86-42af-a80c-c46d1acdbc29@group-7855C2F36E53-LeaderElection428: Election REJECTED; received 2 response(s) [e3fb79a3-1f86-42af-a80c-c46d1acdbc29<-81ff859e-e76f-43f5-951a-4a38422068cb#0:FAIL-t477, e3fb79a3-1f86-42af-a80c-c46d1acdbc29<-a9143d84-6d7f-497d-b770-eb75585db3c7#0:FAIL-t477] and 0 exception(s); e3fb79a3-1f86-42af-a80c-c46d1acdbc29@group-7855C2F36E53:t477, leader=null, voted=e3fb79a3-1f86-42af-a80c-c46d1acdbc29, raftlog=e3fb79a3-1f86-42af-a80c-c46d1acdbc29@group-7855C2F36E53-SegmentedRaftLog:OPENED:c-1,f-1,i0, conf=-1: [e3fb79a3-1f86-42af-a80c-c46d1acdbc29:192.168.157.194:44142, 81ff859e-e76f-43f5-951a-4a38422068cb:192.168.157.194:46532, a9143d84-6d7f-497d-b770-eb75585db3c7:192.168.157.194:42126], old=null
2019-11-04 16:03:00,722 [e3fb79a3-1f86-42af-a80c-c46d1acdbc29@group-7855C2F36E53-LeaderElection428] INFO  impl.RaftServerImpl (RaftServerImpl.java:setRole(184)) - e3fb79a3-1f86-42af-a80c-c46d1acdbc29@group-7855C2F36E53: changes role from CANDIDATE to FOLLOWER at term 477 for DISCOVERED_A_NEW_TERM
2019-11-04 16:03:00,722 [e3fb79a3-1f86-42af-a80c-c46d1acdbc29@group-7855C2F36E53-LeaderElection428] INFO  impl.RoleInfo (RoleInfo.java:shutdownLeaderElection(134)) - e3fb79a3-1f86-42af-a80c-c46d1acdbc29: shutdown LeaderElection
2019-11-04 16:03:00,722 [e3fb79a3-1f86-42af-a80c-c46d1acdbc29@group-7855C2F36E53-LeaderElection428] INFO  impl.RoleInfo (RoleInfo.java:updateAndGet(143)) - e3fb79a3-1f86-42af-a80c-c46d1acdbc29: start FollowerState
2019-11-04 16:03:00,736 [Thread-3125] INFO  impl.FollowerState (FollowerState.java:run(108)) - e3fb79a3-1f86-42af-a80c-c46d1acdbc29@group-7855C2F36E53-FollowerState: change to CANDIDATE, lastRpcTime:14ms, electionTimeout:14ms
2019-11-04 16:03:00,737 [Thread-3125] INFO  impl.RoleInfo (RoleInfo.java:shutdownFollowerState(121)) - e3fb79a3-1f86-42af-a80c-c46d1acdbc29: shutdown FollowerState
2019-11-04 16:03:00,737 [Thread-3125] INFO  impl.RaftServerImpl (RaftServerImpl.java:setRole(184)) - e3fb79a3-1f86-42af-a80c-c46d1acdbc29@group-7855C2F36E53: changes role from  FOLLOWER to CANDIDATE at term 477 for changeToCandidate
2019-11-04 16:03:00,737 [Thread-3125] INFO  impl.RoleInfo (RoleInfo.java:updateAndGet(143)) - e3fb79a3-1f86-42af-a80c-c46d1acdbc29: start LeaderElection
2019-11-04 16:03:00,763 [e3fb79a3-1f86-42af-a80c-c46d1acdbc29@group-7855C2F36E53-LeaderElection429] INFO  impl.LeaderElection (LeaderElection.java:askForVotes(178)) - e3fb79a3-1f86-42af-a80c-c46d1acdbc29@group-7855C2F36E53-LeaderElection429: begin an election at term 478 for -1: [e3fb79a3-1f86-42af-a80c-c46d1acdbc29:192.168.157.194:44142, 81ff859e-e76f-43f5-951a-4a38422068cb:192.168.157.194:46532, a9143d84-6d7f-497d-b770-eb75585db3c7:192.168.157.194:42126], old=null
2019-11-04 16:03:00,764 [grpc-default-executor-4] INFO  impl.RaftServerImpl (RaftServerImpl.java:setRole(184)) - 81ff859e-e76f-43f5-951a-4a38422068cb@group-7855C2F36E53: changes role from  FOLLOWER to FOLLOWER at term 478 for recognizeCandidate:e3fb79a3-1f86-42af-a80c-c46d1acdbc29
2019-11-04 16:03:00,764 [grpc-default-executor-4] INFO  impl.RoleInfo (RoleInfo.java:shutdownFollowerState(121)) - 81ff859e-e76f-43f5-951a-4a38422068cb: shutdown FollowerState
2019-11-04 16:03:00,765 [grpc-default-executor-4] INFO  impl.RoleInfo (RoleInfo.java:updateAndGet(143)) - 81ff859e-e76f-43f5-951a-4a38422068cb: start FollowerState
2019-11-04 16:03:00,765 [Thread-3123] INFO  impl.FollowerState (FollowerState.java:run(117)) - 81ff859e-e76f-43f5-951a-4a38422068cb@group-7855C2F36E53-FollowerState was interrupted: java.lang.InterruptedException: sleep interrupted
2019-11-04 16:03:00,765 [grpc-default-executor-1] INFO  impl.RaftServerImpl (RaftServerImpl.java:setRole(184)) - a9143d84-6d7f-497d-b770-eb75585db3c7@group-7855C2F36E53: changes role from  FOLLOWER to FOLLOWER at term 478 for recognizeCandidate:e3fb79a3-1f86-42af-a80c-c46d1acdbc29
2019-11-04 16:03:00,765 [grpc-default-executor-1] INFO  impl.RoleInfo (RoleInfo.java:shutdownFollowerState(121)) - a9143d84-6d7f-497d-b770-eb75585db3c7: shutdown FollowerState
2019-11-04 16:03:00,765 [grpc-default-executor-1] INFO  impl.RoleInfo (RoleInfo.java:updateAndGet(143)) - a9143d84-6d7f-497d-b770-eb75585db3c7: start FollowerState
2019-11-04 16:03:00,765 [Thread-3124] INFO  impl.FollowerState (FollowerState.java:run(117)) - a9143d84-6d7f-497d-b770-eb75585db3c7@group-7855C2F36E53-FollowerState was interrupted: java.lang.InterruptedException: sleep interrupted
2019-11-04 16:03:00,787 [e3fb79a3-1f86-42af-a80c-c46d1acdbc29@group-7855C2F36E53-LeaderElection429] INFO  impl.LeaderElection (LeaderElection.java:logAndReturn(56)) - e3fb79a3-1f86-42af-a80c-c46d1acdbc29@group-7855C2F36E53-LeaderElection429: Election REJECTED; received 2 response(s) [e3fb79a3-1f86-42af-a80c-c46d1acdbc29<-81ff859e-e76f-43f5-951a-4a38422068cb#0:FAIL-t478, e3fb79a3-1f86-42af-a80c-c46d1acdbc29<-a9143d84-6d7f-497d-b770-eb75585db3c7#0:FAIL-t478] and 0 exception(s); e3fb79a3-1f86-42af-a80c-c46d1acdbc29@group-7855C2F36E53:t478, leader=null, voted=e3fb79a3-1f86-42af-a80c-c46d1acdbc29, raftlog=e3fb79a3-1f86-42af-a80c-c46d1acdbc29@group-7855C2F36E53-SegmentedRaftLog:OPENED:c-1,f-1,i0, conf=-1: [e3fb79a3-1f86-42af-a80c-c46d1acdbc29:192.168.157.194:44142, 81ff859e-e76f-43f5-951a-4a38422068cb:192.168.157.194:46532, a9143d84-6d7f-497d-b770-eb75585db3c7:192.168.157.194:42126], old=null
2019-11-04 16:03:00,787 [e3fb79a3-1f86-42af-a80c-c46d1acdbc29@group-7855C2F36E53-LeaderElection429] INFO  impl.RaftServerImpl (RaftServerImpl.java:setRole(184)) - e3fb79a3-1f86-42af-a80c-c46d1acdbc29@group-7855C2F36E53: changes role from CANDIDATE to FOLLOWER at term 478 for DISCOVERED_A_NEW_TERM
2019-11-04 16:03:00,787 [e3fb79a3-1f86-42af-a80c-c46d1acdbc29@group-7855C2F36E53-LeaderElection429] INFO  impl.RoleInfo (RoleInfo.java:shutdownLeaderElection(134)) - e3fb79a3-1f86-42af-a80c-c46d1acdbc29: shutdown LeaderElection
2019-11-04 16:03:00,788 [e3fb79a3-1f86-42af-a80c-c46d1acdbc29@group-7855C2F36E53-LeaderElection429] INFO  impl.RoleInfo (RoleInfo.java:updateAndGet(143)) - e3fb79a3-1f86-42af-a80c-c46d1acdbc29: start FollowerState
2019-11-04 16:03:00,809 [Thread-3131] INFO  impl.FollowerState (FollowerState.java:run(108)) - e3fb79a3-1f86-42af-a80c-c46d1acdbc29@group-7855C2F36E53-FollowerState: change to CANDIDATE, lastRpcTime:21ms, electionTimeout:21ms
2019-11-04 16:03:00,809 [Thread-3131] INFO  impl.RoleInfo (RoleInfo.java:shutdownFollowerState(121)) - e3fb79a3-1f86-42af-a80c-c46d1acdbc29: shutdown FollowerState
2019-11-04 16:03:00,809 [Thread-3131] INFO  impl.RaftServerImpl (RaftServerImpl.java:setRole(184)) - e3fb79a3-1f86-42af-a80c-c46d1acdbc29@group-7855C2F36E53: changes role from  FOLLOWER to CANDIDATE at term 478 for changeToCandidate
2019-11-04 16:03:00,809 [Thread-3131] INFO  impl.RoleInfo (RoleInfo.java:updateAndGet(143)) - e3fb79a3-1f86-42af-a80c-c46d1acdbc29: start LeaderElection
2019-11-04 16:03:00,823 [e3fb79a3-1f86-42af-a80c-c46d1acdbc29@group-7855C2F36E53-LeaderElection430] INFO  impl.LeaderElection (LeaderElection.java:askForVotes(178)) - e3fb79a3-1f86-42af-a80c-c46d1acdbc29@group-7855C2F36E53-LeaderElection430: begin an election at term 479 for -1: [e3fb79a3-1f86-42af-a80c-c46d1acdbc29:192.168.157.194:44142, 81ff859e-e76f-43f5-951a-4a38422068cb:192.168.157.194:46532, a9143d84-6d7f-497d-b770-eb75585db3c7:192.168.157.194:42126], old=null
2019-11-04 16:03:00,825 [grpc-default-executor-4] INFO  impl.RaftServerImpl (RaftServerImpl.java:setRole(184)) - 81ff859e-e76f-43f5-951a-4a38422068cb@group-7855C2F36E53: changes role from  FOLLOWER to FOLLOWER at term 479 for recognizeCandidate:e3fb79a3-1f86-42af-a80c-c46d1acdbc29
2019-11-04 16:03:00,825 [grpc-default-executor-4] INFO  impl.RoleInfo (RoleInfo.java:shutdownFollowerState(121)) - 81ff859e-e76f-43f5-951a-4a38422068cb: shutdown FollowerState
2019-11-04 16:03:00,825 [grpc-default-executor-4] INFO  impl.RoleInfo (RoleInfo.java:updateAndGet(143)) - 81ff859e-e76f-43f5-951a-4a38422068cb: start FollowerState
2019-11-04 16:03:00,825 [Thread-3129] INFO  impl.FollowerState (FollowerState.java:run(117)) - 81ff859e-e76f-43f5-951a-4a38422068cb@group-7855C2F36E53-FollowerState was interrupted: java.lang.InterruptedException: sleep interrupted
2019-11-04 16:03:00,826 [grpc-default-executor-1] INFO  impl.RaftServerImpl (RaftServerImpl.java:setRole(184)) - a9143d84-6d7f-497d-b770-eb75585db3c7@group-7855C2F36E53: changes role from  FOLLOWER to FOLLOWER at term 479 for recognizeCandidate:e3fb79a3-1f86-42af-a80c-c46d1acdbc29
2019-11-04 16:03:00,826 [grpc-default-executor-1] INFO  impl.RoleInfo (RoleInfo.java:shutdownFollowerState(121)) - a9143d84-6d7f-497d-b770-eb75585db3c7: shutdown FollowerState
2019-11-04 16:03:00,826 [grpc-default-executor-1] INFO  impl.RoleInfo (RoleInfo.java:updateAndGet(143)) - a9143d84-6d7f-497d-b770-eb75585db3c7: start FollowerState
2019-11-04 16:03:00,826 [Thread-3130] INFO  impl.FollowerState (FollowerState.java:run(117)) - a9143d84-6d7f-497d-b770-eb75585db3c7@group-7855C2F36E53-FollowerState was interrupted: java.lang.InterruptedException: sleep interrupted
2019-11-04 16:03:00,840 [e3fb79a3-1f86-42af-a80c-c46d1acdbc29@group-7855C2F36E53-LeaderElection430] INFO  impl.LeaderElection (LeaderElection.java:logAndReturn(56)) - e3fb79a3-1f86-42af-a80c-c46d1acdbc29@group-7855C2F36E53-LeaderElection430: Election REJECTED; received 2 response(s) [e3fb79a3-1f86-42af-a80c-c46d1acdbc29<-81ff859e-e76f-43f5-951a-4a38422068cb#0:FAIL-t479, e3fb79a3-1f86-42af-a80c-c46d1acdbc29<-a9143d84-6d7f-497d-b770-eb75585db3c7#0:FAIL-t479] and 0 exception(s); e3fb79a3-1f86-42af-a80c-c46d1acdbc29@group-7855C2F36E53:t479, leader=null, voted=e3fb79a3-1f86-42af-a80c-c46d1acdbc29, raftlog=e3fb79a3-1f86-42af-a80c-c46d1acdbc29@group-7855C2F36E53-SegmentedRaftLog:OPENED:c-1,f-1,i0, conf=-1: [e3fb79a3-1f86-42af-a80c-c46d1acdbc29:192.168.157.194:44142, 81ff859e-e76f-43f5-951a-4a38422068cb:192.168.157.194:46532, a9143d84-6d7f-497d-b770-eb75585db3c7:192.168.157.194:42126], old=null
2019-11-04 16:03:00,840 [e3fb79a3-1f86-42af-a80c-c46d1acdbc29@group-7855C2F36E53-LeaderElection430] INFO  impl.RaftServerImpl (RaftServerImpl.java:setRole(184)) - e3fb79a3-1f86-42af-a80c-c46d1acdbc29@group-7855C2F36E53: changes role from CANDIDATE to FOLLOWER at term 479 for DISCOVERED_A_NEW_TERM
2019-11-04 16:03:00,840 [e3fb79a3-1f86-42af-a80c-c46d1acdbc29@group-7855C2F36E53-LeaderElection430] INFO  impl.RoleInfo (RoleInfo.java:shutdownLeaderElection(134)) - e3fb79a3-1f86-42af-a80c-c46d1acdbc29: shutdown LeaderElection
2019-11-04 16:03:00,840 [e3fb79a3-1f86-42af-a80c-c46d1acdbc29@group-7855C2F36E53-LeaderElection430] INFO  impl.RoleInfo (RoleInfo.java:updateAndGet(143)) - e3fb79a3-1f86-42af-a80c-c46d1acdbc29: start FollowerState
2019-11-04 16:03:00,865 [Thread-3137] INFO  impl.FollowerState (FollowerState.java:run(108)) - e3fb79a3-1f86-42af-a80c-c46d1acdbc29@group-7855C2F36E53-FollowerState: change to CANDIDATE, lastRpcTime:24ms, electionTimeout:24ms
2019-11-04 16:03:00,865 [Thread-3137] INFO  impl.RoleInfo (RoleInfo.java:shutdownFollowerState(121)) - e3fb79a3-1f86-42af-a80c-c46d1acdbc29: shutdown FollowerState
2019-11-04 16:03:00,865 [Thread-3137] INFO  impl.RaftServerImpl (RaftServerImpl.java:setRole(184)) - e3fb79a3-1f86-42af-a80c-c46d1acdbc29@group-7855C2F36E53: changes role from  FOLLOWER to CANDIDATE at term 479 for changeToCandidate
2019-11-04 16:03:00,865 [Thread-3137] INFO  impl.RoleInfo (RoleInfo.java:updateAndGet(143)) - e3fb79a3-1f86-42af-a80c-c46d1acdbc29: start LeaderElection
2019-11-04 16:03:00,878 [e3fb79a3-1f86-42af-a80c-c46d1acdbc29@group-7855C2F36E53-LeaderElection431] INFO  impl.LeaderElection (LeaderElection.java:askForVotes(178)) - e3fb79a3-1f86-42af-a80c-c46d1acdbc29@group-7855C2F36E53-LeaderElection431: begin an election at term 480 for -1: [e3fb79a3-1f86-42af-a80c-c46d1acdbc29:192.168.157.194:44142, 81ff859e-e76f-43f5-951a-4a38422068cb:192.168.157.194:46532, a9143d84-6d7f-497d-b770-eb75585db3c7:192.168.157.194:42126], old=null
2019-11-04 16:03:00,880 [grpc-default-executor-1] INFO  impl.RaftServerImpl (RaftServerImpl.java:setRole(184)) - 81ff859e-e76f-43f5-951a-4a38422068cb@group-7855C2F36E53: changes role from  FOLLOWER to FOLLOWER at term 480 for recognizeCandidate:e3fb79a3-1f86-42af-a80c-c46d1acdbc29
2019-11-04 16:03:00,881 [grpc-default-executor-1] INFO  impl.RoleInfo (RoleInfo.java:shutdownFollowerState(121)) - 81ff859e-e76f-43f5-951a-4a38422068cb: shutdown FollowerState
2019-11-04 16:03:00,881 [grpc-default-executor-1] INFO  impl.RoleInfo (RoleInfo.java:updateAndGet(143)) - 81ff859e-e76f-43f5-951a-4a38422068cb: start FollowerState
2019-11-04 16:03:00,881 [Thread-3135] INFO  impl.FollowerState (FollowerState.java:run(117)) - 81ff859e-e76f-43f5-951a-4a38422068cb@group-7855C2F36E53-FollowerState was interrupted: java.lang.InterruptedException: sleep interrupted
2019-11-04 16:03:00,881 [grpc-default-executor-4] INFO  impl.RaftServerImpl (RaftServerImpl.java:setRole(184)) - a9143d84-6d7f-497d-b770-eb75585db3c7@group-7855C2F36E53: changes role from  FOLLOWER to FOLLOWER at term 480 for recognizeCandidate:e3fb79a3-1f86-42af-a80c-c46d1acdbc29
2019-11-04 16:03:00,881 [grpc-default-executor-4] INFO  impl.RoleInfo (RoleInfo.java:shutdownFollowerState(121)) - a9143d84-6d7f-497d-b770-eb75585db3c7: shutdown FollowerState
2019-11-04 16:03:00,881 [grpc-default-executor-4] INFO  impl.RoleInfo (RoleInfo.java:updateAndGet(143)) - a9143d84-6d7f-497d-b770-eb75585db3c7: start FollowerState
2019-11-04 16:03:00,881 [Thread-3136] INFO  impl.FollowerState (FollowerState.java:run(117)) - a9143d84-6d7f-497d-b770-eb75585db3c7@group-7855C2F36E53-FollowerState was interrupted: java.lang.InterruptedException: sleep interrupted
2019-11-04 16:03:00,906 [e3fb79a3-1f86-42af-a80c-c46d1acdbc29@group-7855C2F36E53-LeaderElection431] INFO  impl.LeaderElection (LeaderElection.java:logAndReturn(56)) - e3fb79a3-1f86-42af-a80c-c46d1acdbc29@group-7855C2F36E53-LeaderElection431: Election REJECTED; received 2 response(s) [e3fb79a3-1f86-42af-a80c-c46d1acdbc29<-81ff859e-e76f-43f5-951a-4a38422068cb#0:FAIL-t480, e3fb79a3-1f86-42af-a80c-c46d1acdbc29<-a9143d84-6d7f-497d-b770-eb75585db3c7#0:FAIL-t480] and 0 exception(s); e3fb79a3-1f86-42af-a80c-c46d1acdbc29@group-7855C2F36E53:t480, leader=null, voted=e3fb79a3-1f86-42af-a80c-c46d1acdbc29, raftlog=e3fb79a3-1f86-42af-a80c-c46d1acdbc29@group-7855C2F36E53-SegmentedRaftLog:OPENED:c-1,f-1,i0, conf=-1: [e3fb79a3-1f86-42af-a80c-c46d1acdbc29:192.168.157.194:44142, 81ff859e-e76f-43f5-951a-4a38422068cb:192.168.157.194:46532, a9143d84-6d7f-497d-b770-eb75585db3c7:192.168.157.194:42126], old=null
2019-11-04 16:03:00,907 [e3fb79a3-1f86-42af-a80c-c46d1acdbc29@group-7855C2F36E53-LeaderElection431] INFO  impl.RaftServerImpl (RaftServerImpl.java:setRole(184)) - e3fb79a3-1f86-42af-a80c-c46d1acdbc29@group-7855C2F36E53: changes role from CANDIDATE to FOLLOWER at term 480 for DISCOVERED_A_NEW_TERM
2019-11-04 16:03:00,907 [e3fb79a3-1f86-42af-a80c-c46d1acdbc29@group-7855C2F36E53-LeaderElection431] INFO  impl.RoleInfo (RoleInfo.java:shutdownLeaderElection(134)) - e3fb79a3-1f86-42af-a80c-c46d1acdbc29: shutdown LeaderElection
2019-11-04 16:03:00,907 [e3fb79a3-1f86-42af-a80c-c46d1acdbc29@group-7855C2F36E53-LeaderElection431] INFO  impl.RoleInfo (RoleInfo.java:updateAndGet(143)) - e3fb79a3-1f86-42af-a80c-c46d1acdbc29: start FollowerState
2019-11-04 16:03:00,956 [Thread-3143] INFO  impl.FollowerState (FollowerState.java:run(108)) - e3fb79a3-1f86-42af-a80c-c46d1acdbc29@group-7855C2F36E53-FollowerState: change to CANDIDATE, lastRpcTime:49ms, electionTimeout:49ms
2019-11-04 16:03:00,956 [Thread-3143] INFO  impl.RoleInfo (RoleInfo.java:shutdownFollowerState(121)) - e3fb79a3-1f86-42af-a80c-c46d1acdbc29: shutdown FollowerState
2019-11-04 16:03:00,957 [Thread-3143] INFO  impl.RaftServerImpl (RaftServerImpl.java:setRole(184)) - e3fb79a3-1f86-42af-a80c-c46d1acdbc29@group-7855C2F36E53: changes role from  FOLLOWER to CANDIDATE at term 480 for changeToCandidate
2019-11-04 16:03:00,957 [Thread-3143] INFO  impl.RoleInfo (RoleInfo.java:updateAndGet(143)) - e3fb79a3-1f86-42af-a80c-c46d1acdbc29: start LeaderElection
2019-11-04 16:03:00,972 [e3fb79a3-1f86-42af-a80c-c46d1acdbc29@group-7855C2F36E53-LeaderElection432] INFO  impl.LeaderElection (LeaderElection.java:askForVotes(178)) - e3fb79a3-1f86-42af-a80c-c46d1acdbc29@group-7855C2F36E53-LeaderElection432: begin an election at term 481 for -1: [e3fb79a3-1f86-42af-a80c-c46d1acdbc29:192.168.157.194:44142, 81ff859e-e76f-43f5-951a-4a38422068cb:192.168.157.194:46532, a9143d84-6d7f-497d-b770-eb75585db3c7:192.168.157.194:42126], old=null
2019-11-04 16:03:00,979 [grpc-default-executor-1] INFO  impl.RaftServerImpl (RaftServerImpl.java:setRole(184)) - 81ff859e-e76f-43f5-951a-4a38422068cb@group-7855C2F36E53: changes role from  FOLLOWER to FOLLOWER at term 481 for recognizeCandidate:e3fb79a3-1f86-42af-a80c-c46d1acdbc29
2019-11-04 16:03:00,979 [grpc-default-executor-1] INFO  impl.RoleInfo (RoleInfo.java:shutdownFollowerState(121)) - 81ff859e-e76f-43f5-951a-4a38422068cb: shutdown FollowerState
2019-11-04 16:03:00,979 [grpc-default-executor-1] INFO  impl.RoleInfo (RoleInfo.java:updateAndGet(143)) - 81ff859e-e76f-43f5-951a-4a38422068cb: start FollowerState
2019-11-04 16:03:00,979 [grpc-default-executor-4] INFO  impl.RaftServerImpl (RaftServerImpl.java:setRole(184)) - a9143d84-6d7f-497d-b770-eb75585db3c7@group-7855C2F36E53: changes role from  FOLLOWER to FOLLOWER at term 481 for recognizeCandidate:e3fb79a3-1f86-42af-a80c-c46d1acdbc29
2019-11-04 16:03:00,979 [grpc-default-executor-4] INFO  impl.RoleInfo (RoleInfo.java:shutdownFollowerState(121)) - a9143d84-6d7f-497d-b770-eb75585db3c7: shutdown FollowerState
2019-11-04 16:03:00,979 [Thread-3141] INFO  impl.FollowerState (FollowerState.java:run(117)) - 81ff859e-e76f-43f5-951a-4a38422068cb@group-7855C2F36E53-FollowerState was interrupted: java.lang.InterruptedException: sleep interrupted
2019-11-04 16:03:00,979 [grpc-default-executor-4] INFO  impl.RoleInfo (RoleInfo.java:updateAndGet(143)) - a9143d84-6d7f-497d-b770-eb75585db3c7: start FollowerState
2019-11-04 16:03:00,979 [Thread-3142] INFO  impl.FollowerState (FollowerState.java:run(117)) - a9143d84-6d7f-497d-b770-eb75585db3c7@group-7855C2F36E53-FollowerState was interrupted: java.lang.InterruptedException: sleep interrupted
2019-11-04 16:03:00,987 [e3fb79a3-1f86-42af-a80c-c46d1acdbc29@group-7855C2F36E53-LeaderElection432] INFO  impl.LeaderElection (LeaderElection.java:logAndReturn(56)) - e3fb79a3-1f86-42af-a80c-c46d1acdbc29@group-7855C2F36E53-LeaderElection432: Election TIMEOUT; received 0 response(s) [] and 0 exception(s); e3fb79a3-1f86-42af-a80c-c46d1acdbc29@group-7855C2F36E53:t481, leader=null, voted=e3fb79a3-1f86-42af-a80c-c46d1acdbc29, raftlog=e3fb79a3-1f86-42af-a80c-c46d1acdbc29@group-7855C2F36E53-SegmentedRaftLog:OPENED:c-1,f-1,i0, conf=-1: [e3fb79a3-1f86-42af-a80c-c46d1acdbc29:192.168.157.194:44142, 81ff859e-e76f-43f5-951a-4a38422068cb:192.168.157.194:46532, a9143d84-6d7f-497d-b770-eb75585db3c7:192.168.157.194:42126], old=null
2019-11-04 16:03:01,008 [e3fb79a3-1f86-42af-a80c-c46d1acdbc29@group-7855C2F36E53-LeaderElection432] INFO  impl.LeaderElection (LeaderElection.java:askForVotes(178)) - e3fb79a3-1f86-42af-a80c-c46d1acdbc29@group-7855C2F36E53-LeaderElection432: begin an election at term 482 for -1: [e3fb79a3-1f86-42af-a80c-c46d1acdbc29:192.168.157.194:44142, 81ff859e-e76f-43f5-951a-4a38422068cb:192.168.157.194:46532, a9143d84-6d7f-497d-b770-eb75585db3c7:192.168.157.194:42126], old=null
2019-11-04 16:03:01,010 [grpc-default-executor-4] INFO  impl.RaftServerImpl (RaftServerImpl.java:setRole(184)) - 81ff859e-e76f-43f5-951a-4a38422068cb@group-7855C2F36E53: changes role from  FOLLOWER to FOLLOWER at term 482 for recognizeCandidate:e3fb79a3-1f86-42af-a80c-c46d1acdbc29
2019-11-04 16:03:01,010 [grpc-default-executor-4] INFO  impl.RoleInfo (RoleInfo.java:shutdownFollowerState(121)) - 81ff859e-e76f-43f5-951a-4a38422068cb: shutdown FollowerState
2019-11-04 16:03:01,010 [grpc-default-executor-4] INFO  impl.RoleInfo (RoleInfo.java:updateAndGet(143)) - 81ff859e-e76f-43f5-951a-4a38422068cb: start FollowerState
2019-11-04 16:03:01,010 [Thread-3147] INFO  impl.FollowerState (FollowerState.java:run(117)) - 81ff859e-e76f-43f5-951a-4a38422068cb@group-7855C2F36E53-FollowerState was interrupted: java.lang.InterruptedException: sleep interrupted
2019-11-04 16:03:01,011 [grpc-default-executor-1] INFO  impl.RaftServerImpl (RaftServerImpl.java:setRole(184)) - a9143d84-6d7f-497d-b770-eb75585db3c7@group-7855C2F36E53: changes role from  FOLLOWER to FOLLOWER at term 482 for recognizeCandidate:e3fb79a3-1f86-42af-a80c-c46d1acdbc29
2019-11-04 16:03:01,011 [grpc-default-executor-1] INFO  impl.RoleInfo (RoleInfo.java:shutdownFollowerState(121)) - a9143d84-6d7f-497d-b770-eb75585db3c7: shutdown FollowerState
2019-11-04 16:03:01,011 [grpc-default-executor-1] INFO  impl.RoleInfo (RoleInfo.java:updateAndGet(143)) - a9143d84-6d7f-497d-b770-eb75585db3c7: start FollowerState
2019-11-04 16:03:01,011 [Thread-3148] INFO  impl.FollowerState (FollowerState.java:run(117)) - a9143d84-6d7f-497d-b770-eb75585db3c7@group-7855C2F36E53-FollowerState was interrupted: java.lang.InterruptedException: sleep interrupted
2019-11-04 16:03:01,025 [e3fb79a3-1f86-42af-a80c-c46d1acdbc29@group-7855C2F36E53-LeaderElection432] INFO  impl.LeaderElection (LeaderElection.java:logAndReturn(56)) - e3fb79a3-1f86-42af-a80c-c46d1acdbc29@group-7855C2F36E53-LeaderElection432: Election REJECTED; received 2 response(s) [e3fb79a3-1f86-42af-a80c-c46d1acdbc29<-81ff859e-e76f-43f5-951a-4a38422068cb#0:FAIL-t482, e3fb79a3-1f86-42af-a80c-c46d1acdbc29<-a9143d84-6d7f-497d-b770-eb75585db3c7#0:FAIL-t482] and 0 exception(s); e3fb79a3-1f86-42af-a80c-c46d1acdbc29@group-7855C2F36E53:t482, leader=null, voted=e3fb79a3-1f86-42af-a80c-c46d1acdbc29, raftlog=e3fb79a3-1f86-42af-a80c-c46d1acdbc29@group-7855C2F36E53-SegmentedRaftLog:OPENED:c-1,f-1,i0, conf=-1: [e3fb79a3-1f86-42af-a80c-c46d1acdbc29:192.168.157.194:44142, 81ff859e-e76f-43f5-951a-4a38422068cb:192.168.157.194:46532, a9143d84-6d7f-497d-b770-eb75585db3c7:192.168.157.194:42126], old=null
2019-11-04 16:03:01,026 [e3fb79a3-1f86-42af-a80c-c46d1acdbc29@group-7855C2F36E53-LeaderElection432] INFO  impl.RaftServerImpl (RaftServerImpl.java:setRole(184)) - e3fb79a3-1f86-42af-a80c-c46d1acdbc29@group-7855C2F36E53: changes role from CANDIDATE to FOLLOWER at term 482 for DISCOVERED_A_NEW_TERM
2019-11-04 16:03:01,026 [e3fb79a3-1f86-42af-a80c-c46d1acdbc29@group-7855C2F36E53-LeaderElection432] INFO  impl.RoleInfo (RoleInfo.java:shutdownLeaderElection(134)) - e3fb79a3-1f86-42af-a80c-c46d1acdbc29: shutdown LeaderElection
2019-11-04 16:03:01,026 [e3fb79a3-1f86-42af-a80c-c46d1acdbc29@group-7855C2F36E53-LeaderElection432] INFO  impl.RoleInfo (RoleInfo.java:updateAndGet(143)) - e3fb79a3-1f86-42af-a80c-c46d1acdbc29: start FollowerState
2019-11-04 16:03:01,037 [Thread-3153] INFO  impl.FollowerState (FollowerState.java:run(108)) - e3fb79a3-1f86-42af-a80c-c46d1acdbc29@group-7855C2F36E53-FollowerState: change to CANDIDATE, lastRpcTime:11ms, electionTimeout:11ms
2019-11-04 16:03:01,037 [Thread-3153] INFO  impl.RoleInfo (RoleInfo.java:shutdownFollowerState(121)) - e3fb79a3-1f86-42af-a80c-c46d1acdbc29: shutdown FollowerState
2019-11-04 16:03:01,038 [Thread-3153] INFO  impl.RaftServerImpl (RaftServerImpl.java:setRole(184)) - e3fb79a3-1f86-42af-a80c-c46d1acdbc29@group-7855C2F36E53: changes role from  FOLLOWER to CANDIDATE at term 482 for changeToCandidate
2019-11-04 16:03:01,038 [Thread-3153] INFO  impl.RoleInfo (RoleInfo.java:updateAndGet(143)) - e3fb79a3-1f86-42af-a80c-c46d1acdbc29: start LeaderElection
2019-11-04 16:03:01,059 [e3fb79a3-1f86-42af-a80c-c46d1acdbc29@group-7855C2F36E53-LeaderElection433] INFO  impl.LeaderElection (LeaderElection.java:askForVotes(178)) - e3fb79a3-1f86-42af-a80c-c46d1acdbc29@group-7855C2F36E53-LeaderElection433: begin an election at term 483 for -1: [e3fb79a3-1f86-42af-a80c-c46d1acdbc29:192.168.157.194:44142, 81ff859e-e76f-43f5-951a-4a38422068cb:192.168.157.194:46532, a9143d84-6d7f-497d-b770-eb75585db3c7:192.168.157.194:42126], old=null
2019-11-04 16:03:01,061 [grpc-default-executor-4] INFO  impl.RaftServerImpl (RaftServerImpl.java:setRole(184)) - 81ff859e-e76f-43f5-951a-4a38422068cb@group-7855C2F36E53: changes role from  FOLLOWER to FOLLOWER at term 483 for recognizeCandidate:e3fb79a3-1f86-42af-a80c-c46d1acdbc29
2019-11-04 16:03:01,061 [grpc-default-executor-1] INFO  impl.RaftServerImpl (RaftServerImpl.java:setRole(184)) - a9143d84-6d7f-497d-b770-eb75585db3c7@group-7855C2F36E53: changes role from  FOLLOWER to FOLLOWER at term 483 for recognizeCandidate:e3fb79a3-1f86-42af-a80c-c46d1acdbc29
2019-11-04 16:03:01,061 [grpc-default-executor-4] INFO  impl.RoleInfo (RoleInfo.java:shutdownFollowerState(121)) - 81ff859e-e76f-43f5-951a-4a38422068cb: shutdown FollowerState
2019-11-04 16:03:01,062 [grpc-default-executor-1] INFO  impl.RoleInfo (RoleInfo.java:shutdownFollowerState(121)) - a9143d84-6d7f-497d-b770-eb75585db3c7: shutdown FollowerState
2019-11-04 16:03:01,062 [Thread-3151] INFO  impl.FollowerState (FollowerState.java:run(117)) - 81ff859e-e76f-43f5-951a-4a38422068cb@group-7855C2F36E53-FollowerState was interrupted: java.lang.InterruptedException: sleep interrupted
2019-11-04 16:03:01,062 [grpc-default-executor-4] INFO  impl.RoleInfo (RoleInfo.java:updateAndGet(143)) - 81ff859e-e76f-43f5-951a-4a38422068cb: start FollowerState
2019-11-04 16:03:01,062 [grpc-default-executor-1] INFO  impl.RoleInfo (RoleInfo.java:updateAndGet(143)) - a9143d84-6d7f-497d-b770-eb75585db3c7: start FollowerState
2019-11-04 16:03:01,062 [Thread-3152] INFO  impl.FollowerState (FollowerState.java:run(117)) - a9143d84-6d7f-497d-b770-eb75585db3c7@group-7855C2F36E53-FollowerState was interrupted: java.lang.InterruptedException: sleep interrupted
2019-11-04 16:03:01,088 [e3fb79a3-1f86-42af-a80c-c46d1acdbc29@group-7855C2F36E53-LeaderElection433] INFO  impl.LeaderElection (LeaderElection.java:logAndReturn(56)) - e3fb79a3-1f86-42af-a80c-c46d1acdbc29@group-7855C2F36E53-LeaderElection433: Election REJECTED; received 2 response(s) [e3fb79a3-1f86-42af-a80c-c46d1acdbc29<-81ff859e-e76f-43f5-951a-4a38422068cb#0:FAIL-t483, e3fb79a3-1f86-42af-a80c-c46d1acdbc29<-a9143d84-6d7f-497d-b770-eb75585db3c7#0:FAIL-t483] and 0 exception(s); e3fb79a3-1f86-42af-a80c-c46d1acdbc29@group-7855C2F36E53:t483, leader=null, voted=e3fb79a3-1f86-42af-a80c-c46d1acdbc29, raftlog=e3fb79a3-1f86-42af-a80c-c46d1acdbc29@group-7855C2F36E53-SegmentedRaftLog:OPENED:c-1,f-1,i0, conf=-1: [e3fb79a3-1f86-42af-a80c-c46d1acdbc29:192.168.157.194:44142, 81ff859e-e76f-43f5-951a-4a38422068cb:192.168.157.194:46532, a9143d84-6d7f-497d-b770-eb75585db3c7:192.168.157.194:42126], old=null
2019-11-04 16:03:01,088 [e3fb79a3-1f86-42af-a80c-c46d1acdbc29@group-7855C2F36E53-LeaderElection433] INFO  impl.RaftServerImpl (RaftServerImpl.java:setRole(184)) - e3fb79a3-1f86-42af-a80c-c46d1acdbc29@group-7855C2F36E53: changes role from CANDIDATE to FOLLOWER at term 483 for DISCOVERED_A_NEW_TERM
2019-11-04 16:03:01,088 [e3fb79a3-1f86-42af-a80c-c46d1acdbc29@group-7855C2F36E53-LeaderElection433] INFO  impl.RoleInfo (RoleInfo.java:shutdownLeaderElection(134)) - e3fb79a3-1f86-42af-a80c-c46d1acdbc29: shutdown LeaderElection
2019-11-04 16:03:01,088 [e3fb79a3-1f86-42af-a80c-c46d1acdbc29@group-7855C2F36E53-LeaderElection433] INFO  impl.RoleInfo (RoleInfo.java:updateAndGet(143)) - e3fb79a3-1f86-42af-a80c-c46d1acdbc29: start FollowerState
2019-11-04 16:03:01,180 [Thread-3159] INFO  impl.FollowerState (FollowerState.java:run(108)) - e3fb79a3-1f86-42af-a80c-c46d1acdbc29@group-7855C2F36E53-FollowerState: change to CANDIDATE, lastRpcTime:91ms, electionTimeout:91ms
2019-11-04 16:03:01,180 [Thread-3159] INFO  impl.RoleInfo (RoleInfo.java:shutdownFollowerState(121)) - e3fb79a3-1f86-42af-a80c-c46d1acdbc29: shutdown FollowerState
2019-11-04 16:03:01,180 [Thread-3159] INFO  impl.RaftServerImpl (RaftServerImpl.java:setRole(184)) - e3fb79a3-1f86-42af-a80c-c46d1acdbc29@group-7855C2F36E53: changes role from  FOLLOWER to CANDIDATE at term 483 for changeToCandidate
2019-11-04 16:03:01,180 [Thread-3159] INFO  impl.RoleInfo (RoleInfo.java:updateAndGet(143)) - e3fb79a3-1f86-42af-a80c-c46d1acdbc29: start LeaderElection
2019-11-04 16:03:01,196 [e3fb79a3-1f86-42af-a80c-c46d1acdbc29@group-7855C2F36E53-LeaderElection434] INFO  impl.LeaderElection (LeaderElection.java:askForVotes(178)) - e3fb79a3-1f86-42af-a80c-c46d1acdbc29@group-7855C2F36E53-LeaderElection434: begin an election at term 484 for -1: [e3fb79a3-1f86-42af-a80c-c46d1acdbc29:192.168.157.194:44142, 81ff859e-e76f-43f5-951a-4a38422068cb:192.168.157.194:46532, a9143d84-6d7f-497d-b770-eb75585db3c7:192.168.157.194:42126], old=null
2019-11-04 16:03:01,197 [grpc-default-executor-4] INFO  impl.RaftServerImpl (RaftServerImpl.java:setRole(184)) - a9143d84-6d7f-497d-b770-eb75585db3c7@group-7855C2F36E53: changes role from  FOLLOWER to FOLLOWER at term 484 for recognizeCandidate:e3fb79a3-1f86-42af-a80c-c46d1acdbc29
2019-11-04 16:03:01,197 [grpc-default-executor-1] INFO  impl.RaftServerImpl (RaftServerImpl.java:setRole(184)) - 81ff859e-e76f-43f5-951a-4a38422068cb@group-7855C2F36E53: changes role from  FOLLOWER to FOLLOWER at term 484 for recognizeCandidate:e3fb79a3-1f86-42af-a80c-c46d1acdbc29
2019-11-04 16:03:01,197 [grpc-default-executor-4] INFO  impl.RoleInfo (RoleInfo.java:shutdownFollowerState(121)) - a9143d84-6d7f-497d-b770-eb75585db3c7: shutdown FollowerState
2019-11-04 16:03:01,198 [grpc-default-executor-1] INFO  impl.RoleInfo (RoleInfo.java:shutdownFollowerState(121)) - 81ff859e-e76f-43f5-951a-4a38422068cb: shutdown FollowerState
2019-11-04 16:03:01,198 [Thread-3158] INFO  impl.FollowerState (FollowerState.java:run(117)) - a9143d84-6d7f-497d-b770-eb75585db3c7@group-7855C2F36E53-FollowerState was interrupted: java.lang.InterruptedException: sleep interrupted
2019-11-04 16:03:01,198 [grpc-default-executor-4] INFO  impl.RoleInfo (RoleInfo.java:updateAndGet(143)) - a9143d84-6d7f-497d-b770-eb75585db3c7: start FollowerState
2019-11-04 16:03:01,198 [Thread-3157] INFO  impl.FollowerState (FollowerState.java:run(117)) - 81ff859e-e76f-43f5-951a-4a38422068cb@group-7855C2F36E53-FollowerState was interrupted: java.lang.InterruptedException: sleep interrupted
2019-11-04 16:03:01,198 [grpc-default-executor-1] INFO  impl.RoleInfo (RoleInfo.java:updateAndGet(143)) - 81ff859e-e76f-43f5-951a-4a38422068cb: start FollowerState
2019-11-04 16:03:01,215 [e3fb79a3-1f86-42af-a80c-c46d1acdbc29@group-7855C2F36E53-LeaderElection434] INFO  impl.LeaderElection (LeaderElection.java:logAndReturn(56)) - e3fb79a3-1f86-42af-a80c-c46d1acdbc29@group-7855C2F36E53-LeaderElection434: Election REJECTED; received 2 response(s) [e3fb79a3-1f86-42af-a80c-c46d1acdbc29<-81ff859e-e76f-43f5-951a-4a38422068cb#0:FAIL-t484, e3fb79a3-1f86-42af-a80c-c46d1acdbc29<-a9143d84-6d7f-497d-b770-eb75585db3c7#0:FAIL-t484] and 0 exception(s); e3fb79a3-1f86-42af-a80c-c46d1acdbc29@group-7855C2F36E53:t484, leader=null, voted=e3fb79a3-1f86-42af-a80c-c46d1acdbc29, raftlog=e3fb79a3-1f86-42af-a80c-c46d1acdbc29@group-7855C2F36E53-SegmentedRaftLog:OPENED:c-1,f-1,i0, conf=-1: [e3fb79a3-1f86-42af-a80c-c46d1acdbc29:192.168.157.194:44142, 81ff859e-e76f-43f5-951a-4a38422068cb:192.168.157.194:46532, a9143d84-6d7f-497d-b770-eb75585db3c7:192.168.157.194:42126], old=null
2019-11-04 16:03:01,215 [e3fb79a3-1f86-42af-a80c-c46d1acdbc29@group-7855C2F36E53-LeaderElection434] INFO  impl.RaftServerImpl (RaftServerImpl.java:setRole(184)) - e3fb79a3-1f86-42af-a80c-c46d1acdbc29@group-7855C2F36E53: changes role from CANDIDATE to FOLLOWER at term 484 for DISCOVERED_A_NEW_TERM
2019-11-04 16:03:01,216 [e3fb79a3-1f86-42af-a80c-c46d1acdbc29@group-7855C2F36E53-LeaderElection434] INFO  impl.RoleInfo (RoleInfo.java:shutdownLeaderElection(134)) - e3fb79a3-1f86-42af-a80c-c46d1acdbc29: shutdown LeaderElection
2019-11-04 16:03:01,216 [e3fb79a3-1f86-42af-a80c-c46d1acdbc29@group-7855C2F36E53-LeaderElection434] INFO  impl.RoleInfo (RoleInfo.java:updateAndGet(143)) - e3fb79a3-1f86-42af-a80c-c46d1acdbc29: start FollowerState
2019-11-04 16:03:01,317 [Thread-3165] INFO  impl.FollowerState (FollowerState.java:run(108)) - e3fb79a3-1f86-42af-a80c-c46d1acdbc29@group-7855C2F36E53-FollowerState: change to CANDIDATE, lastRpcTime:101ms, electionTimeout:101ms
2019-11-04 16:03:01,317 [Thread-3165] INFO  impl.RoleInfo (RoleInfo.java:shutdownFollowerState(121)) - e3fb79a3-1f86-42af-a80c-c46d1acdbc29: shutdown FollowerState
2019-11-04 16:03:01,317 [Thread-3165] INFO  impl.RaftServerImpl (RaftServerImpl.java:setRole(184)) - e3fb79a3-1f86-42af-a80c-c46d1acdbc29@group-7855C2F36E53: changes role from  FOLLOWER to CANDIDATE at term 484 for changeToCandidate
2019-11-04 16:03:01,317 [Thread-3165] INFO  impl.RoleInfo (RoleInfo.java:updateAndGet(143)) - e3fb79a3-1f86-42af-a80c-c46d1acdbc29: start LeaderElection
2019-11-04 16:03:01,343 [e3fb79a3-1f86-42af-a80c-c46d1acdbc29@group-7855C2F36E53-LeaderElection435] INFO  impl.LeaderElection (LeaderElection.java:askForVotes(178)) - e3fb79a3-1f86-42af-a80c-c46d1acdbc29@group-7855C2F36E53-LeaderElection435: begin an election at term 485 for -1: [e3fb79a3-1f86-42af-a80c-c46d1acdbc29:192.168.157.194:44142, 81ff859e-e76f-43f5-951a-4a38422068cb:192.168.157.194:46532, a9143d84-6d7f-497d-b770-eb75585db3c7:192.168.157.194:42126], old=null
2019-11-04 16:03:01,345 [grpc-default-executor-4] INFO  impl.RaftServerImpl (RaftServerImpl.java:setRole(184)) - 81ff859e-e76f-43f5-951a-4a38422068cb@group-7855C2F36E53: changes role from  FOLLOWER to FOLLOWER at term 485 for recognizeCandidate:e3fb79a3-1f86-42af-a80c-c46d1acdbc29
2019-11-04 16:03:01,345 [grpc-default-executor-1] INFO  impl.RaftServerImpl (RaftServerImpl.java:setRole(184)) - a9143d84-6d7f-497d-b770-eb75585db3c7@group-7855C2F36E53: changes role from  FOLLOWER to FOLLOWER at term 485 for recognizeCandidate:e3fb79a3-1f86-42af-a80c-c46d1acdbc29
2019-11-04 16:03:01,345 [grpc-default-executor-4] INFO  impl.RoleInfo (RoleInfo.java:shutdownFollowerState(121)) - 81ff859e-e76f-43f5-951a-4a38422068cb: shutdown FollowerState
2019-11-04 16:03:01,345 [grpc-default-executor-1] INFO  impl.RoleInfo (RoleInfo.java:shutdownFollowerState(121)) - a9143d84-6d7f-497d-b770-eb75585db3c7: shutdown FollowerState
2019-11-04 16:03:01,345 [Thread-3164] INFO  impl.FollowerState (FollowerState.java:run(117)) - 81ff859e-e76f-43f5-951a-4a38422068cb@group-7855C2F36E53-FollowerState was interrupted: java.lang.InterruptedException: sleep interrupted
2019-11-04 16:03:01,345 [grpc-default-executor-4] INFO  impl.RoleInfo (RoleInfo.java:updateAndGet(143)) - 81ff859e-e76f-43f5-951a-4a38422068cb: start FollowerState
2019-11-04 16:03:01,345 [Thread-3163] INFO  impl.FollowerState (FollowerState.java:run(117)) - a9143d84-6d7f-497d-b770-eb75585db3c7@group-7855C2F36E53-FollowerState was interrupted: java.lang.InterruptedException: sleep interrupted
2019-11-04 16:03:01,345 [grpc-default-executor-1] INFO  impl.RoleInfo (RoleInfo.java:updateAndGet(143)) - a9143d84-6d7f-497d-b770-eb75585db3c7: start FollowerState
2019-11-04 16:03:01,361 [e3fb79a3-1f86-42af-a80c-c46d1acdbc29@group-7855C2F36E53-LeaderElection435] INFO  impl.LeaderElection (LeaderElection.java:logAndReturn(56)) - e3fb79a3-1f86-42af-a80c-c46d1acdbc29@group-7855C2F36E53-LeaderElection435: Election REJECTED; received 2 response(s) [e3fb79a3-1f86-42af-a80c-c46d1acdbc29<-81ff859e-e76f-43f5-951a-4a38422068cb#0:FAIL-t485, e3fb79a3-1f86-42af-a80c-c46d1acdbc29<-a9143d84-6d7f-497d-b770-eb75585db3c7#0:FAIL-t485] and 0 exception(s); e3fb79a3-1f86-42af-a80c-c46d1acdbc29@group-7855C2F36E53:t485, leader=null, voted=e3fb79a3-1f86-42af-a80c-c46d1acdbc29, raftlog=e3fb79a3-1f86-42af-a80c-c46d1acdbc29@group-7855C2F36E53-SegmentedRaftLog:OPENED:c-1,f-1,i0, conf=-1: [e3fb79a3-1f86-42af-a80c-c46d1acdbc29:192.168.157.194:44142, 81ff859e-e76f-43f5-951a-4a38422068cb:192.168.157.194:46532, a9143d84-6d7f-497d-b770-eb75585db3c7:192.168.157.194:42126], old=null
2019-11-04 16:03:01,361 [e3fb79a3-1f86-42af-a80c-c46d1acdbc29@group-7855C2F36E53-LeaderElection435] INFO  impl.RaftServerImpl (RaftServerImpl.java:setRole(184)) - e3fb79a3-1f86-42af-a80c-c46d1acdbc29@group-7855C2F36E53: changes role from CANDIDATE to FOLLOWER at term 485 for DISCOVERED_A_NEW_TERM
2019-11-04 16:03:01,361 [e3fb79a3-1f86-42af-a80c-c46d1acdbc29@group-7855C2F36E53-LeaderElection435] INFO  impl.RoleInfo (RoleInfo.java:shutdownLeaderElection(134)) - e3fb79a3-1f86-42af-a80c-c46d1acdbc29: shutdown LeaderElection
2019-11-04 16:03:01,361 [e3fb79a3-1f86-42af-a80c-c46d1acdbc29@group-7855C2F36E53-LeaderElection435] INFO  impl.RoleInfo (RoleInfo.java:updateAndGet(143)) - e3fb79a3-1f86-42af-a80c-c46d1acdbc29: start FollowerState
2019-11-04 16:03:01,367 [Thread-301] INFO  ipc.Client (Client.java:handleConnectionFailure(948)) - Retrying connect to server: localhost/127.0.0.1:38129. Already tried 0 time(s); retry policy is RetryUpToMaximumCountWithFixedSleep(maxRetries=10, sleepTime=1000 MILLISECONDS)
2019-11-04 16:03:01,370 [Thread-3171] INFO  impl.FollowerState (FollowerState.java:run(108)) - e3fb79a3-1f86-42af-a80c-c46d1acdbc29@group-7855C2F36E53-FollowerState: change to CANDIDATE, lastRpcTime:8ms, electionTimeout:8ms
2019-11-04 16:03:01,370 [Thread-3171] INFO  impl.RoleInfo (RoleInfo.java:shutdownFollowerState(121)) - e3fb79a3-1f86-42af-a80c-c46d1acdbc29: shutdown FollowerState
2019-11-04 16:03:01,370 [Thread-3171] INFO  impl.RaftServerImpl (RaftServerImpl.java:setRole(184)) - e3fb79a3-1f86-42af-a80c-c46d1acdbc29@group-7855C2F36E53: changes role from  FOLLOWER to CANDIDATE at term 485 for changeToCandidate
2019-11-04 16:03:01,370 [Thread-3171] INFO  impl.RoleInfo (RoleInfo.java:updateAndGet(143)) - e3fb79a3-1f86-42af-a80c-c46d1acdbc29: start LeaderElection
2019-11-04 16:03:01,396 [e3fb79a3-1f86-42af-a80c-c46d1acdbc29@group-7855C2F36E53-LeaderElection436] INFO  impl.LeaderElection (LeaderElection.java:askForVotes(178)) - e3fb79a3-1f86-42af-a80c-c46d1acdbc29@group-7855C2F36E53-LeaderElection436: begin an election at term 486 for -1: [e3fb79a3-1f86-42af-a80c-c46d1acdbc29:192.168.157.194:44142, 81ff859e-e76f-43f5-951a-4a38422068cb:192.168.157.194:46532, a9143d84-6d7f-497d-b770-eb75585db3c7:192.168.157.194:42126], old=null
2019-11-04 16:03:01,398 [grpc-default-executor-1] INFO  impl.RaftServerImpl (RaftServerImpl.java:setRole(184)) - 81ff859e-e76f-43f5-951a-4a38422068cb@group-7855C2F36E53: changes role from  FOLLOWER to FOLLOWER at term 486 for recognizeCandidate:e3fb79a3-1f86-42af-a80c-c46d1acdbc29
2019-11-04 16:03:01,398 [grpc-default-executor-4] INFO  impl.RaftServerImpl (RaftServerImpl.java:setRole(184)) - a9143d84-6d7f-497d-b770-eb75585db3c7@group-7855C2F36E53: changes role from  FOLLOWER to FOLLOWER at term 486 for recognizeCandidate:e3fb79a3-1f86-42af-a80c-c46d1acdbc29
2019-11-04 16:03:01,398 [grpc-default-executor-1] INFO  impl.RoleInfo (RoleInfo.java:shutdownFollowerState(121)) - 81ff859e-e76f-43f5-951a-4a38422068cb: shutdown FollowerState
2019-11-04 16:03:01,399 [grpc-default-executor-4] INFO  impl.RoleInfo (RoleInfo.java:shutdownFollowerState(121)) - a9143d84-6d7f-497d-b770-eb75585db3c7: shutdown FollowerState
2019-11-04 16:03:01,399 [Thread-3169] INFO  impl.FollowerState (FollowerState.java:run(117)) - 81ff859e-e76f-43f5-951a-4a38422068cb@group-7855C2F36E53-FollowerState was interrupted: java.lang.InterruptedException: sleep interrupted
2019-11-04 16:03:01,399 [grpc-default-executor-4] INFO  impl.RoleInfo (RoleInfo.java:updateAndGet(143)) - a9143d84-6d7f-497d-b770-eb75585db3c7: start FollowerState
2019-11-04 16:03:01,399 [grpc-default-executor-1] INFO  impl.RoleInfo (RoleInfo.java:updateAndGet(143)) - 81ff859e-e76f-43f5-951a-4a38422068cb: start FollowerState
2019-11-04 16:03:01,399 [Thread-3170] INFO  impl.FollowerState (FollowerState.java:run(117)) - a9143d84-6d7f-497d-b770-eb75585db3c7@group-7855C2F36E53-FollowerState was interrupted: java.lang.InterruptedException: sleep interrupted
2019-11-04 16:03:01,415 [e3fb79a3-1f86-42af-a80c-c46d1acdbc29@group-7855C2F36E53-LeaderElection436] INFO  impl.LeaderElection (LeaderElection.java:logAndReturn(56)) - e3fb79a3-1f86-42af-a80c-c46d1acdbc29@group-7855C2F36E53-LeaderElection436: Election REJECTED; received 2 response(s) [e3fb79a3-1f86-42af-a80c-c46d1acdbc29<-81ff859e-e76f-43f5-951a-4a38422068cb#0:FAIL-t486, e3fb79a3-1f86-42af-a80c-c46d1acdbc29<-a9143d84-6d7f-497d-b770-eb75585db3c7#0:FAIL-t486] and 0 exception(s); e3fb79a3-1f86-42af-a80c-c46d1acdbc29@group-7855C2F36E53:t486, leader=null, voted=e3fb79a3-1f86-42af-a80c-c46d1acdbc29, raftlog=e3fb79a3-1f86-42af-a80c-c46d1acdbc29@group-7855C2F36E53-SegmentedRaftLog:OPENED:c-1,f-1,i0, conf=-1: [e3fb79a3-1f86-42af-a80c-c46d1acdbc29:192.168.157.194:44142, 81ff859e-e76f-43f5-951a-4a38422068cb:192.168.157.194:46532, a9143d84-6d7f-497d-b770-eb75585db3c7:192.168.157.194:42126], old=null
2019-11-04 16:03:01,415 [e3fb79a3-1f86-42af-a80c-c46d1acdbc29@group-7855C2F36E53-LeaderElection436] INFO  impl.RaftServerImpl (RaftServerImpl.java:setRole(184)) - e3fb79a3-1f86-42af-a80c-c46d1acdbc29@group-7855C2F36E53: changes role from CANDIDATE to FOLLOWER at term 486 for DISCOVERED_A_NEW_TERM
2019-11-04 16:03:01,415 [e3fb79a3-1f86-42af-a80c-c46d1acdbc29@group-7855C2F36E53-LeaderElection436] INFO  impl.RoleInfo (RoleInfo.java:shutdownLeaderElection(134)) - e3fb79a3-1f86-42af-a80c-c46d1acdbc29: shutdown LeaderElection
2019-11-04 16:03:01,416 [e3fb79a3-1f86-42af-a80c-c46d1acdbc29@group-7855C2F36E53-LeaderElection436] INFO  impl.RoleInfo (RoleInfo.java:updateAndGet(143)) - e3fb79a3-1f86-42af-a80c-c46d1acdbc29: start FollowerState
2019-11-04 16:03:01,504 [Thread-3177] INFO  impl.FollowerState (FollowerState.java:run(108)) - e3fb79a3-1f86-42af-a80c-c46d1acdbc29@group-7855C2F36E53-FollowerState: change to CANDIDATE, lastRpcTime:88ms, electionTimeout:88ms
2019-11-04 16:03:01,504 [Thread-3177] INFO  impl.RoleInfo (RoleInfo.java:shutdownFollowerState(121)) - e3fb79a3-1f86-42af-a80c-c46d1acdbc29: shutdown FollowerState
2019-11-04 16:03:01,504 [Thread-3177] INFO  impl.RaftServerImpl (RaftServerImpl.java:setRole(184)) - e3fb79a3-1f86-42af-a80c-c46d1acdbc29@group-7855C2F36E53: changes role from  FOLLOWER to CANDIDATE at term 486 for changeToCandidate
2019-11-04 16:03:01,504 [Thread-3177] INFO  impl.RoleInfo (RoleInfo.java:updateAndGet(143)) - e3fb79a3-1f86-42af-a80c-c46d1acdbc29: start LeaderElection
2019-11-04 16:03:01,530 [e3fb79a3-1f86-42af-a80c-c46d1acdbc29@group-7855C2F36E53-LeaderElection437] INFO  impl.LeaderElection (LeaderElection.java:askForVotes(178)) - e3fb79a3-1f86-42af-a80c-c46d1acdbc29@group-7855C2F36E53-LeaderElection437: begin an election at term 487 for -1: [e3fb79a3-1f86-42af-a80c-c46d1acdbc29:192.168.157.194:44142, 81ff859e-e76f-43f5-951a-4a38422068cb:192.168.157.194:46532, a9143d84-6d7f-497d-b770-eb75585db3c7:192.168.157.194:42126], old=null
2019-11-04 16:03:01,531 [grpc-default-executor-1] INFO  impl.RaftServerImpl (RaftServerImpl.java:setRole(184)) - 81ff859e-e76f-43f5-951a-4a38422068cb@group-7855C2F36E53: changes role from  FOLLOWER to FOLLOWER at term 487 for recognizeCandidate:e3fb79a3-1f86-42af-a80c-c46d1acdbc29
2019-11-04 16:03:01,532 [grpc-default-executor-1] INFO  impl.RoleInfo (RoleInfo.java:shutdownFollowerState(121)) - 81ff859e-e76f-43f5-951a-4a38422068cb: shutdown FollowerState
2019-11-04 16:03:01,532 [grpc-default-executor-1] INFO  impl.RoleInfo (RoleInfo.java:updateAndGet(143)) - 81ff859e-e76f-43f5-951a-4a38422068cb: start FollowerState
2019-11-04 16:03:01,532 [Thread-3175] INFO  impl.FollowerState (FollowerState.java:run(117)) - 81ff859e-e76f-43f5-951a-4a38422068cb@group-7855C2F36E53-FollowerState was interrupted: java.lang.InterruptedException: sleep interrupted
2019-11-04 16:03:01,532 [grpc-default-executor-4] INFO  impl.RaftServerImpl (RaftServerImpl.java:setRole(184)) - a9143d84-6d7f-497d-b770-eb75585db3c7@group-7855C2F36E53: changes role from  FOLLOWER to FOLLOWER at term 487 for recognizeCandidate:e3fb79a3-1f86-42af-a80c-c46d1acdbc29
2019-11-04 16:03:01,532 [grpc-default-executor-4] INFO  impl.RoleInfo (RoleInfo.java:shutdownFollowerState(121)) - a9143d84-6d7f-497d-b770-eb75585db3c7: shutdown FollowerState
2019-11-04 16:03:01,533 [grpc-default-executor-4] INFO  impl.RoleInfo (RoleInfo.java:updateAndGet(143)) - a9143d84-6d7f-497d-b770-eb75585db3c7: start FollowerState
2019-11-04 16:03:01,533 [Thread-3176] INFO  impl.FollowerState (FollowerState.java:run(117)) - a9143d84-6d7f-497d-b770-eb75585db3c7@group-7855C2F36E53-FollowerState was interrupted: java.lang.InterruptedException: sleep interrupted
2019-11-04 16:03:01,546 [e3fb79a3-1f86-42af-a80c-c46d1acdbc29@group-7855C2F36E53-LeaderElection437] INFO  impl.LeaderElection (LeaderElection.java:logAndReturn(56)) - e3fb79a3-1f86-42af-a80c-c46d1acdbc29@group-7855C2F36E53-LeaderElection437: Election REJECTED; received 2 response(s) [e3fb79a3-1f86-42af-a80c-c46d1acdbc29<-81ff859e-e76f-43f5-951a-4a38422068cb#0:FAIL-t487, e3fb79a3-1f86-42af-a80c-c46d1acdbc29<-a9143d84-6d7f-497d-b770-eb75585db3c7#0:FAIL-t487] and 0 exception(s); e3fb79a3-1f86-42af-a80c-c46d1acdbc29@group-7855C2F36E53:t487, leader=null, voted=e3fb79a3-1f86-42af-a80c-c46d1acdbc29, raftlog=e3fb79a3-1f86-42af-a80c-c46d1acdbc29@group-7855C2F36E53-SegmentedRaftLog:OPENED:c-1,f-1,i0, conf=-1: [e3fb79a3-1f86-42af-a80c-c46d1acdbc29:192.168.157.194:44142, 81ff859e-e76f-43f5-951a-4a38422068cb:192.168.157.194:46532, a9143d84-6d7f-497d-b770-eb75585db3c7:192.168.157.194:42126], old=null
2019-11-04 16:03:01,546 [e3fb79a3-1f86-42af-a80c-c46d1acdbc29@group-7855C2F36E53-LeaderElection437] INFO  impl.RaftServerImpl (RaftServerImpl.java:setRole(184)) - e3fb79a3-1f86-42af-a80c-c46d1acdbc29@group-7855C2F36E53: changes role from CANDIDATE to FOLLOWER at term 487 for DISCOVERED_A_NEW_TERM
2019-11-04 16:03:01,546 [e3fb79a3-1f86-42af-a80c-c46d1acdbc29@group-7855C2F36E53-LeaderElection437] INFO  impl.RoleInfo (RoleInfo.java:shutdownLeaderElection(134)) - e3fb79a3-1f86-42af-a80c-c46d1acdbc29: shutdown LeaderElection
2019-11-04 16:03:01,547 [e3fb79a3-1f86-42af-a80c-c46d1acdbc29@group-7855C2F36E53-LeaderElection437] INFO  impl.RoleInfo (RoleInfo.java:updateAndGet(143)) - e3fb79a3-1f86-42af-a80c-c46d1acdbc29: start FollowerState
2019-11-04 16:03:01,574 [Thread-3185] INFO  impl.FollowerState (FollowerState.java:run(108)) - e3fb79a3-1f86-42af-a80c-c46d1acdbc29@group-7855C2F36E53-FollowerState: change to CANDIDATE, lastRpcTime:27ms, electionTimeout:27ms
2019-11-04 16:03:01,574 [Thread-3185] INFO  impl.RoleInfo (RoleInfo.java:shutdownFollowerState(121)) - e3fb79a3-1f86-42af-a80c-c46d1acdbc29: shutdown FollowerState
2019-11-04 16:03:01,574 [Thread-3185] INFO  impl.RaftServerImpl (RaftServerImpl.java:setRole(184)) - e3fb79a3-1f86-42af-a80c-c46d1acdbc29@group-7855C2F36E53: changes role from  FOLLOWER to CANDIDATE at term 487 for changeToCandidate
2019-11-04 16:03:01,574 [Thread-3185] INFO  impl.RoleInfo (RoleInfo.java:updateAndGet(143)) - e3fb79a3-1f86-42af-a80c-c46d1acdbc29: start LeaderElection
2019-11-04 16:03:01,590 [e3fb79a3-1f86-42af-a80c-c46d1acdbc29@group-7855C2F36E53-LeaderElection438] INFO  impl.LeaderElection (LeaderElection.java:askForVotes(178)) - e3fb79a3-1f86-42af-a80c-c46d1acdbc29@group-7855C2F36E53-LeaderElection438: begin an election at term 488 for -1: [e3fb79a3-1f86-42af-a80c-c46d1acdbc29:192.168.157.194:44142, 81ff859e-e76f-43f5-951a-4a38422068cb:192.168.157.194:46532, a9143d84-6d7f-497d-b770-eb75585db3c7:192.168.157.194:42126], old=null
2019-11-04 16:03:01,592 [grpc-default-executor-4] INFO  impl.RaftServerImpl (RaftServerImpl.java:setRole(184)) - 81ff859e-e76f-43f5-951a-4a38422068cb@group-7855C2F36E53: changes role from  FOLLOWER to FOLLOWER at term 488 for recognizeCandidate:e3fb79a3-1f86-42af-a80c-c46d1acdbc29
2019-11-04 16:03:01,592 [grpc-default-executor-4] INFO  impl.RoleInfo (RoleInfo.java:shutdownFollowerState(121)) - 81ff859e-e76f-43f5-951a-4a38422068cb: shutdown FollowerState
2019-11-04 16:03:01,592 [grpc-default-executor-1] INFO  impl.RaftServerImpl (RaftServerImpl.java:setRole(184)) - a9143d84-6d7f-497d-b770-eb75585db3c7@group-7855C2F36E53: changes role from  FOLLOWER to FOLLOWER at term 488 for recognizeCandidate:e3fb79a3-1f86-42af-a80c-c46d1acdbc29
2019-11-04 16:03:01,592 [Thread-3183] INFO  impl.FollowerState (FollowerState.java:run(117)) - 81ff859e-e76f-43f5-951a-4a38422068cb@group-7855C2F36E53-FollowerState was interrupted: java.lang.InterruptedException: sleep interrupted
2019-11-04 16:03:01,592 [grpc-default-executor-4] INFO  impl.RoleInfo (RoleInfo.java:updateAndGet(143)) - 81ff859e-e76f-43f5-951a-4a38422068cb: start FollowerState
2019-11-04 16:03:01,592 [grpc-default-executor-1] INFO  impl.RoleInfo (RoleInfo.java:shutdownFollowerState(121)) - a9143d84-6d7f-497d-b770-eb75585db3c7: shutdown FollowerState
2019-11-04 16:03:01,593 [Thread-3184] INFO  impl.FollowerState (FollowerState.java:run(117)) - a9143d84-6d7f-497d-b770-eb75585db3c7@group-7855C2F36E53-FollowerState was interrupted: java.lang.InterruptedException: sleep interrupted
2019-11-04 16:03:01,593 [grpc-default-executor-1] INFO  impl.RoleInfo (RoleInfo.java:updateAndGet(143)) - a9143d84-6d7f-497d-b770-eb75585db3c7: start FollowerState
2019-11-04 16:03:01,619 [e3fb79a3-1f86-42af-a80c-c46d1acdbc29@group-7855C2F36E53-LeaderElection438] INFO  impl.LeaderElection (LeaderElection.java:logAndReturn(56)) - e3fb79a3-1f86-42af-a80c-c46d1acdbc29@group-7855C2F36E53-LeaderElection438: Election REJECTED; received 2 response(s) [e3fb79a3-1f86-42af-a80c-c46d1acdbc29<-81ff859e-e76f-43f5-951a-4a38422068cb#0:FAIL-t488, e3fb79a3-1f86-42af-a80c-c46d1acdbc29<-a9143d84-6d7f-497d-b770-eb75585db3c7#0:FAIL-t488] and 0 exception(s); e3fb79a3-1f86-42af-a80c-c46d1acdbc29@group-7855C2F36E53:t488, leader=null, voted=e3fb79a3-1f86-42af-a80c-c46d1acdbc29, raftlog=e3fb79a3-1f86-42af-a80c-c46d1acdbc29@group-7855C2F36E53-SegmentedRaftLog:OPENED:c-1,f-1,i0, conf=-1: [e3fb79a3-1f86-42af-a80c-c46d1acdbc29:192.168.157.194:44142, 81ff859e-e76f-43f5-951a-4a38422068cb:192.168.157.194:46532, a9143d84-6d7f-497d-b770-eb75585db3c7:192.168.157.194:42126], old=null
2019-11-04 16:03:01,619 [e3fb79a3-1f86-42af-a80c-c46d1acdbc29@group-7855C2F36E53-LeaderElection438] INFO  impl.RaftServerImpl (RaftServerImpl.java:setRole(184)) - e3fb79a3-1f86-42af-a80c-c46d1acdbc29@group-7855C2F36E53: changes role from CANDIDATE to FOLLOWER at term 488 for DISCOVERED_A_NEW_TERM
2019-11-04 16:03:01,619 [e3fb79a3-1f86-42af-a80c-c46d1acdbc29@group-7855C2F36E53-LeaderElection438] INFO  impl.RoleInfo (RoleInfo.java:shutdownLeaderElection(134)) - e3fb79a3-1f86-42af-a80c-c46d1acdbc29: shutdown LeaderElection
2019-11-04 16:03:01,619 [e3fb79a3-1f86-42af-a80c-c46d1acdbc29@group-7855C2F36E53-LeaderElection438] INFO  impl.RoleInfo (RoleInfo.java:updateAndGet(143)) - e3fb79a3-1f86-42af-a80c-c46d1acdbc29: start FollowerState
2019-11-04 16:03:01,624 [Thread-3191] INFO  impl.FollowerState (FollowerState.java:run(108)) - e3fb79a3-1f86-42af-a80c-c46d1acdbc29@group-7855C2F36E53-FollowerState: change to CANDIDATE, lastRpcTime:4ms, electionTimeout:4ms
2019-11-04 16:03:01,624 [Thread-3191] INFO  impl.RoleInfo (RoleInfo.java:shutdownFollowerState(121)) - e3fb79a3-1f86-42af-a80c-c46d1acdbc29: shutdown FollowerState
2019-11-04 16:03:01,624 [Thread-3191] INFO  impl.RaftServerImpl (RaftServerImpl.java:setRole(184)) - e3fb79a3-1f86-42af-a80c-c46d1acdbc29@group-7855C2F36E53: changes role from  FOLLOWER to CANDIDATE at term 488 for changeToCandidate
2019-11-04 16:03:01,624 [Thread-3191] INFO  impl.RoleInfo (RoleInfo.java:updateAndGet(143)) - e3fb79a3-1f86-42af-a80c-c46d1acdbc29: start LeaderElection
2019-11-04 16:03:01,637 [e3fb79a3-1f86-42af-a80c-c46d1acdbc29@group-7855C2F36E53-LeaderElection439] INFO  impl.LeaderElection (LeaderElection.java:askForVotes(178)) - e3fb79a3-1f86-42af-a80c-c46d1acdbc29@group-7855C2F36E53-LeaderElection439: begin an election at term 489 for -1: [e3fb79a3-1f86-42af-a80c-c46d1acdbc29:192.168.157.194:44142, 81ff859e-e76f-43f5-951a-4a38422068cb:192.168.157.194:46532, a9143d84-6d7f-497d-b770-eb75585db3c7:192.168.157.194:42126], old=null
2019-11-04 16:03:01,639 [grpc-default-executor-1] INFO  impl.RaftServerImpl (RaftServerImpl.java:setRole(184)) - 81ff859e-e76f-43f5-951a-4a38422068cb@group-7855C2F36E53: changes role from  FOLLOWER to FOLLOWER at term 489 for recognizeCandidate:e3fb79a3-1f86-42af-a80c-c46d1acdbc29
2019-11-04 16:03:01,639 [grpc-default-executor-1] INFO  impl.RoleInfo (RoleInfo.java:shutdownFollowerState(121)) - 81ff859e-e76f-43f5-951a-4a38422068cb: shutdown FollowerState
2019-11-04 16:03:01,639 [grpc-default-executor-1] INFO  impl.RoleInfo (RoleInfo.java:updateAndGet(143)) - 81ff859e-e76f-43f5-951a-4a38422068cb: start FollowerState
2019-11-04 16:03:01,639 [Thread-3189] INFO  impl.FollowerState (FollowerState.java:run(117)) - 81ff859e-e76f-43f5-951a-4a38422068cb@group-7855C2F36E53-FollowerState was interrupted: java.lang.InterruptedException: sleep interrupted
2019-11-04 16:03:01,639 [grpc-default-executor-4] INFO  impl.RaftServerImpl (RaftServerImpl.java:setRole(184)) - a9143d84-6d7f-497d-b770-eb75585db3c7@group-7855C2F36E53: changes role from  FOLLOWER to FOLLOWER at term 489 for recognizeCandidate:e3fb79a3-1f86-42af-a80c-c46d1acdbc29
2019-11-04 16:03:01,639 [grpc-default-executor-4] INFO  impl.RoleInfo (RoleInfo.java:shutdownFollowerState(121)) - a9143d84-6d7f-497d-b770-eb75585db3c7: shutdown FollowerState
2019-11-04 16:03:01,640 [grpc-default-executor-4] INFO  impl.RoleInfo (RoleInfo.java:updateAndGet(143)) - a9143d84-6d7f-497d-b770-eb75585db3c7: start FollowerState
2019-11-04 16:03:01,640 [Thread-3190] INFO  impl.FollowerState (FollowerState.java:run(117)) - a9143d84-6d7f-497d-b770-eb75585db3c7@group-7855C2F36E53-FollowerState was interrupted: java.lang.InterruptedException: sleep interrupted
2019-11-04 16:03:01,665 [e3fb79a3-1f86-42af-a80c-c46d1acdbc29@group-7855C2F36E53-LeaderElection439] INFO  impl.LeaderElection (LeaderElection.java:logAndReturn(56)) - e3fb79a3-1f86-42af-a80c-c46d1acdbc29@group-7855C2F36E53-LeaderElection439: Election REJECTED; received 2 response(s) [e3fb79a3-1f86-42af-a80c-c46d1acdbc29<-81ff859e-e76f-43f5-951a-4a38422068cb#0:FAIL-t489, e3fb79a3-1f86-42af-a80c-c46d1acdbc29<-a9143d84-6d7f-497d-b770-eb75585db3c7#0:FAIL-t489] and 0 exception(s); e3fb79a3-1f86-42af-a80c-c46d1acdbc29@group-7855C2F36E53:t489, leader=null, voted=e3fb79a3-1f86-42af-a80c-c46d1acdbc29, raftlog=e3fb79a3-1f86-42af-a80c-c46d1acdbc29@group-7855C2F36E53-SegmentedRaftLog:OPENED:c-1,f-1,i0, conf=-1: [e3fb79a3-1f86-42af-a80c-c46d1acdbc29:192.168.157.194:44142, 81ff859e-e76f-43f5-951a-4a38422068cb:192.168.157.194:46532, a9143d84-6d7f-497d-b770-eb75585db3c7:192.168.157.194:42126], old=null
2019-11-04 16:03:01,665 [e3fb79a3-1f86-42af-a80c-c46d1acdbc29@group-7855C2F36E53-LeaderElection439] INFO  impl.RaftServerImpl (RaftServerImpl.java:setRole(184)) - e3fb79a3-1f86-42af-a80c-c46d1acdbc29@group-7855C2F36E53: changes role from CANDIDATE to FOLLOWER at term 489 for DISCOVERED_A_NEW_TERM
2019-11-04 16:03:01,665 [e3fb79a3-1f86-42af-a80c-c46d1acdbc29@group-7855C2F36E53-LeaderElection439] INFO  impl.RoleInfo (RoleInfo.java:shutdownLeaderElection(134)) - e3fb79a3-1f86-42af-a80c-c46d1acdbc29: shutdown LeaderElection
2019-11-04 16:03:01,665 [e3fb79a3-1f86-42af-a80c-c46d1acdbc29@group-7855C2F36E53-LeaderElection439] INFO  impl.RoleInfo (RoleInfo.java:updateAndGet(143)) - e3fb79a3-1f86-42af-a80c-c46d1acdbc29: start FollowerState
2019-11-04 16:03:01,754 [Thread-3197] INFO  impl.FollowerState (FollowerState.java:run(108)) - e3fb79a3-1f86-42af-a80c-c46d1acdbc29@group-7855C2F36E53-FollowerState: change to CANDIDATE, lastRpcTime:88ms, electionTimeout:88ms
2019-11-04 16:03:01,754 [Thread-3197] INFO  impl.RoleInfo (RoleInfo.java:shutdownFollowerState(121)) - e3fb79a3-1f86-42af-a80c-c46d1acdbc29: shutdown FollowerState
2019-11-04 16:03:01,754 [Thread-3197] INFO  impl.RaftServerImpl (RaftServerImpl.java:setRole(184)) - e3fb79a3-1f86-42af-a80c-c46d1acdbc29@group-7855C2F36E53: changes role from  FOLLOWER to CANDIDATE at term 489 for changeToCandidate
2019-11-04 16:03:01,754 [Thread-3197] INFO  impl.RoleInfo (RoleInfo.java:updateAndGet(143)) - e3fb79a3-1f86-42af-a80c-c46d1acdbc29: start LeaderElection
2019-11-04 16:03:01,768 [e3fb79a3-1f86-42af-a80c-c46d1acdbc29@group-7855C2F36E53-LeaderElection440] INFO  impl.LeaderElection (LeaderElection.java:askForVotes(178)) - e3fb79a3-1f86-42af-a80c-c46d1acdbc29@group-7855C2F36E53-LeaderElection440: begin an election at term 490 for -1: [e3fb79a3-1f86-42af-a80c-c46d1acdbc29:192.168.157.194:44142, 81ff859e-e76f-43f5-951a-4a38422068cb:192.168.157.194:46532, a9143d84-6d7f-497d-b770-eb75585db3c7:192.168.157.194:42126], old=null
2019-11-04 16:03:01,769 [grpc-default-executor-4] INFO  impl.RaftServerImpl (RaftServerImpl.java:setRole(184)) - 81ff859e-e76f-43f5-951a-4a38422068cb@group-7855C2F36E53: changes role from  FOLLOWER to FOLLOWER at term 490 for recognizeCandidate:e3fb79a3-1f86-42af-a80c-c46d1acdbc29
2019-11-04 16:03:01,769 [grpc-default-executor-4] INFO  impl.RoleInfo (RoleInfo.java:shutdownFollowerState(121)) - 81ff859e-e76f-43f5-951a-4a38422068cb: shutdown FollowerState
2019-11-04 16:03:01,769 [grpc-default-executor-1] INFO  impl.RaftServerImpl (RaftServerImpl.java:setRole(184)) - a9143d84-6d7f-497d-b770-eb75585db3c7@group-7855C2F36E53: changes role from  FOLLOWER to FOLLOWER at term 490 for recognizeCandidate:e3fb79a3-1f86-42af-a80c-c46d1acdbc29
2019-11-04 16:03:01,770 [grpc-default-executor-1] INFO  impl.RoleInfo (RoleInfo.java:shutdownFollowerState(121)) - a9143d84-6d7f-497d-b770-eb75585db3c7: shutdown FollowerState
2019-11-04 16:03:01,770 [Thread-3195] INFO  impl.FollowerState (FollowerState.java:run(117)) - 81ff859e-e76f-43f5-951a-4a38422068cb@group-7855C2F36E53-FollowerState was interrupted: java.lang.InterruptedException: sleep interrupted
2019-11-04 16:03:01,770 [grpc-default-executor-4] INFO  impl.RoleInfo (RoleInfo.java:updateAndGet(143)) - 81ff859e-e76f-43f5-951a-4a38422068cb: start FollowerState
2019-11-04 16:03:01,770 [Thread-3196] INFO  impl.FollowerState (FollowerState.java:run(117)) - a9143d84-6d7f-497d-b770-eb75585db3c7@group-7855C2F36E53-FollowerState was interrupted: java.lang.InterruptedException: sleep interrupted
2019-11-04 16:03:01,770 [grpc-default-executor-1] INFO  impl.RoleInfo (RoleInfo.java:updateAndGet(143)) - a9143d84-6d7f-497d-b770-eb75585db3c7: start FollowerState
2019-11-04 16:03:01,788 [e3fb79a3-1f86-42af-a80c-c46d1acdbc29@group-7855C2F36E53-LeaderElection440] INFO  impl.LeaderElection (LeaderElection.java:logAndReturn(56)) - e3fb79a3-1f86-42af-a80c-c46d1acdbc29@group-7855C2F36E53-LeaderElection440: Election REJECTED; received 2 response(s) [e3fb79a3-1f86-42af-a80c-c46d1acdbc29<-81ff859e-e76f-43f5-951a-4a38422068cb#0:FAIL-t490, e3fb79a3-1f86-42af-a80c-c46d1acdbc29<-a9143d84-6d7f-497d-b770-eb75585db3c7#0:FAIL-t490] and 0 exception(s); e3fb79a3-1f86-42af-a80c-c46d1acdbc29@group-7855C2F36E53:t490, leader=null, voted=e3fb79a3-1f86-42af-a80c-c46d1acdbc29, raftlog=e3fb79a3-1f86-42af-a80c-c46d1acdbc29@group-7855C2F36E53-SegmentedRaftLog:OPENED:c-1,f-1,i0, conf=-1: [e3fb79a3-1f86-42af-a80c-c46d1acdbc29:192.168.157.194:44142, 81ff859e-e76f-43f5-951a-4a38422068cb:192.168.157.194:46532, a9143d84-6d7f-497d-b770-eb75585db3c7:192.168.157.194:42126], old=null
2019-11-04 16:03:01,788 [e3fb79a3-1f86-42af-a80c-c46d1acdbc29@group-7855C2F36E53-LeaderElection440] INFO  impl.RaftServerImpl (RaftServerImpl.java:setRole(184)) - e3fb79a3-1f86-42af-a80c-c46d1acdbc29@group-7855C2F36E53: changes role from CANDIDATE to FOLLOWER at term 490 for DISCOVERED_A_NEW_TERM
2019-11-04 16:03:01,788 [e3fb79a3-1f86-42af-a80c-c46d1acdbc29@group-7855C2F36E53-LeaderElection440] INFO  impl.RoleInfo (RoleInfo.java:shutdownLeaderElection(134)) - e3fb79a3-1f86-42af-a80c-c46d1acdbc29: shutdown LeaderElection
2019-11-04 16:03:01,788 [e3fb79a3-1f86-42af-a80c-c46d1acdbc29@group-7855C2F36E53-LeaderElection440] INFO  impl.RoleInfo (RoleInfo.java:updateAndGet(143)) - e3fb79a3-1f86-42af-a80c-c46d1acdbc29: start FollowerState
2019-11-04 16:03:01,937 [Thread-3203] INFO  impl.FollowerState (FollowerState.java:run(108)) - e3fb79a3-1f86-42af-a80c-c46d1acdbc29@group-7855C2F36E53-FollowerState: change to CANDIDATE, lastRpcTime:148ms, electionTimeout:148ms
2019-11-04 16:03:01,937 [Thread-3203] INFO  impl.RoleInfo (RoleInfo.java:shutdownFollowerState(121)) - e3fb79a3-1f86-42af-a80c-c46d1acdbc29: shutdown FollowerState
2019-11-04 16:03:01,937 [Thread-3203] INFO  impl.RaftServerImpl (RaftServerImpl.java:setRole(184)) - e3fb79a3-1f86-42af-a80c-c46d1acdbc29@group-7855C2F36E53: changes role from  FOLLOWER to CANDIDATE at term 490 for changeToCandidate
2019-11-04 16:03:01,937 [Thread-3203] INFO  impl.RoleInfo (RoleInfo.java:updateAndGet(143)) - e3fb79a3-1f86-42af-a80c-c46d1acdbc29: start LeaderElection
2019-11-04 16:03:01,963 [e3fb79a3-1f86-42af-a80c-c46d1acdbc29@group-7855C2F36E53-LeaderElection441] INFO  impl.LeaderElection (LeaderElection.java:askForVotes(178)) - e3fb79a3-1f86-42af-a80c-c46d1acdbc29@group-7855C2F36E53-LeaderElection441: begin an election at term 491 for -1: [e3fb79a3-1f86-42af-a80c-c46d1acdbc29:192.168.157.194:44142, 81ff859e-e76f-43f5-951a-4a38422068cb:192.168.157.194:46532, a9143d84-6d7f-497d-b770-eb75585db3c7:192.168.157.194:42126], old=null
2019-11-04 16:03:01,965 [grpc-default-executor-4] INFO  impl.RaftServerImpl (RaftServerImpl.java:setRole(184)) - 81ff859e-e76f-43f5-951a-4a38422068cb@group-7855C2F36E53: changes role from  FOLLOWER to FOLLOWER at term 491 for recognizeCandidate:e3fb79a3-1f86-42af-a80c-c46d1acdbc29
2019-11-04 16:03:01,965 [grpc-default-executor-4] INFO  impl.RoleInfo (RoleInfo.java:shutdownFollowerState(121)) - 81ff859e-e76f-43f5-951a-4a38422068cb: shutdown FollowerState
2019-11-04 16:03:01,965 [grpc-default-executor-1] INFO  impl.RaftServerImpl (RaftServerImpl.java:setRole(184)) - a9143d84-6d7f-497d-b770-eb75585db3c7@group-7855C2F36E53: changes role from  FOLLOWER to FOLLOWER at term 491 for recognizeCandidate:e3fb79a3-1f86-42af-a80c-c46d1acdbc29
2019-11-04 16:03:01,965 [grpc-default-executor-1] INFO  impl.RoleInfo (RoleInfo.java:shutdownFollowerState(121)) - a9143d84-6d7f-497d-b770-eb75585db3c7: shutdown FollowerState
2019-11-04 16:03:01,965 [Thread-3201] INFO  impl.FollowerState (FollowerState.java:run(117)) - 81ff859e-e76f-43f5-951a-4a38422068cb@group-7855C2F36E53-FollowerState was interrupted: java.lang.InterruptedException: sleep interrupted
2019-11-04 16:03:01,965 [grpc-default-executor-4] INFO  impl.RoleInfo (RoleInfo.java:updateAndGet(143)) - 81ff859e-e76f-43f5-951a-4a38422068cb: start FollowerState
2019-11-04 16:03:01,966 [Thread-3202] INFO  impl.FollowerState (FollowerState.java:run(117)) - a9143d84-6d7f-497d-b770-eb75585db3c7@group-7855C2F36E53-FollowerState was interrupted: java.lang.InterruptedException: sleep interrupted
2019-11-04 16:03:01,966 [grpc-default-executor-1] INFO  impl.RoleInfo (RoleInfo.java:updateAndGet(143)) - a9143d84-6d7f-497d-b770-eb75585db3c7: start FollowerState
2019-11-04 16:03:01,991 [e3fb79a3-1f86-42af-a80c-c46d1acdbc29@group-7855C2F36E53-LeaderElection441] INFO  impl.LeaderElection (LeaderElection.java:logAndReturn(56)) - e3fb79a3-1f86-42af-a80c-c46d1acdbc29@group-7855C2F36E53-LeaderElection441: Election REJECTED; received 2 response(s) [e3fb79a3-1f86-42af-a80c-c46d1acdbc29<-81ff859e-e76f-43f5-951a-4a38422068cb#0:FAIL-t491, e3fb79a3-1f86-42af-a80c-c46d1acdbc29<-a9143d84-6d7f-497d-b770-eb75585db3c7#0:FAIL-t491] and 0 exception(s); e3fb79a3-1f86-42af-a80c-c46d1acdbc29@group-7855C2F36E53:t491, leader=null, voted=e3fb79a3-1f86-42af-a80c-c46d1acdbc29, raftlog=e3fb79a3-1f86-42af-a80c-c46d1acdbc29@group-7855C2F36E53-SegmentedRaftLog:OPENED:c-1,f-1,i0, conf=-1: [e3fb79a3-1f86-42af-a80c-c46d1acdbc29:192.168.157.194:44142, 81ff859e-e76f-43f5-951a-4a38422068cb:192.168.157.194:46532, a9143d84-6d7f-497d-b770-eb75585db3c7:192.168.157.194:42126], old=null
2019-11-04 16:03:01,992 [e3fb79a3-1f86-42af-a80c-c46d1acdbc29@group-7855C2F36E53-LeaderElection441] INFO  impl.RaftServerImpl (RaftServerImpl.java:setRole(184)) - e3fb79a3-1f86-42af-a80c-c46d1acdbc29@group-7855C2F36E53: changes role from CANDIDATE to FOLLOWER at term 491 for DISCOVERED_A_NEW_TERM
2019-11-04 16:03:01,992 [e3fb79a3-1f86-42af-a80c-c46d1acdbc29@group-7855C2F36E53-LeaderElection441] INFO  impl.RoleInfo (RoleInfo.java:shutdownLeaderElection(134)) - e3fb79a3-1f86-42af-a80c-c46d1acdbc29: shutdown LeaderElection
2019-11-04 16:03:01,992 [e3fb79a3-1f86-42af-a80c-c46d1acdbc29@group-7855C2F36E53-LeaderElection441] INFO  impl.RoleInfo (RoleInfo.java:updateAndGet(143)) - e3fb79a3-1f86-42af-a80c-c46d1acdbc29: start FollowerState
2019-11-04 16:03:01,992 [Thread-3209] INFO  impl.FollowerState (FollowerState.java:run(108)) - e3fb79a3-1f86-42af-a80c-c46d1acdbc29@group-7855C2F36E53-FollowerState: change to CANDIDATE, lastRpcTime:0ms, electionTimeout:0ms
2019-11-04 16:03:01,992 [Thread-3209] INFO  impl.RoleInfo (RoleInfo.java:shutdownFollowerState(121)) - e3fb79a3-1f86-42af-a80c-c46d1acdbc29: shutdown FollowerState
2019-11-04 16:03:01,992 [Thread-3209] INFO  impl.RaftServerImpl (RaftServerImpl.java:setRole(184)) - e3fb79a3-1f86-42af-a80c-c46d1acdbc29@group-7855C2F36E53: changes role from  FOLLOWER to CANDIDATE at term 491 for changeToCandidate
2019-11-04 16:03:01,993 [Thread-3209] INFO  impl.RoleInfo (RoleInfo.java:updateAndGet(143)) - e3fb79a3-1f86-42af-a80c-c46d1acdbc29: start LeaderElection
2019-11-04 16:03:02,006 [e3fb79a3-1f86-42af-a80c-c46d1acdbc29@group-7855C2F36E53-LeaderElection442] INFO  impl.LeaderElection (LeaderElection.java:askForVotes(178)) - e3fb79a3-1f86-42af-a80c-c46d1acdbc29@group-7855C2F36E53-LeaderElection442: begin an election at term 492 for -1: [e3fb79a3-1f86-42af-a80c-c46d1acdbc29:192.168.157.194:44142, 81ff859e-e76f-43f5-951a-4a38422068cb:192.168.157.194:46532, a9143d84-6d7f-497d-b770-eb75585db3c7:192.168.157.194:42126], old=null
2019-11-04 16:03:02,008 [grpc-default-executor-1] INFO  impl.RaftServerImpl (RaftServerImpl.java:setRole(184)) - 81ff859e-e76f-43f5-951a-4a38422068cb@group-7855C2F36E53: changes role from  FOLLOWER to FOLLOWER at term 492 for recognizeCandidate:e3fb79a3-1f86-42af-a80c-c46d1acdbc29
2019-11-04 16:03:02,008 [grpc-default-executor-1] INFO  impl.RoleInfo (RoleInfo.java:shutdownFollowerState(121)) - 81ff859e-e76f-43f5-951a-4a38422068cb: shutdown FollowerState
2019-11-04 16:03:02,008 [grpc-default-executor-4] INFO  impl.RaftServerImpl (RaftServerImpl.java:setRole(184)) - a9143d84-6d7f-497d-b770-eb75585db3c7@group-7855C2F36E53: changes role from  FOLLOWER to FOLLOWER at term 492 for recognizeCandidate:e3fb79a3-1f86-42af-a80c-c46d1acdbc29
2019-11-04 16:03:02,008 [grpc-default-executor-4] INFO  impl.RoleInfo (RoleInfo.java:shutdownFollowerState(121)) - a9143d84-6d7f-497d-b770-eb75585db3c7: shutdown FollowerState
2019-11-04 16:03:02,008 [Thread-3207] INFO  impl.FollowerState (FollowerState.java:run(117)) - 81ff859e-e76f-43f5-951a-4a38422068cb@group-7855C2F36E53-FollowerState was interrupted: java.lang.InterruptedException: sleep interrupted
2019-11-04 16:03:02,008 [Thread-3208] INFO  impl.FollowerState (FollowerState.java:run(117)) - a9143d84-6d7f-497d-b770-eb75585db3c7@group-7855C2F36E53-FollowerState was interrupted: java.lang.InterruptedException: sleep interrupted
2019-11-04 16:03:02,008 [grpc-default-executor-1] INFO  impl.RoleInfo (RoleInfo.java:updateAndGet(143)) - 81ff859e-e76f-43f5-951a-4a38422068cb: start FollowerState
2019-11-04 16:03:02,008 [grpc-default-executor-4] INFO  impl.RoleInfo (RoleInfo.java:updateAndGet(143)) - a9143d84-6d7f-497d-b770-eb75585db3c7: start FollowerState
2019-11-04 16:03:02,030 [e3fb79a3-1f86-42af-a80c-c46d1acdbc29@group-7855C2F36E53-LeaderElection442] INFO  impl.LeaderElection (LeaderElection.java:logAndReturn(56)) - e3fb79a3-1f86-42af-a80c-c46d1acdbc29@group-7855C2F36E53-LeaderElection442: Election TIMEOUT; received 0 response(s) [] and 0 exception(s); e3fb79a3-1f86-42af-a80c-c46d1acdbc29@group-7855C2F36E53:t492, leader=null, voted=e3fb79a3-1f86-42af-a80c-c46d1acdbc29, raftlog=e3fb79a3-1f86-42af-a80c-c46d1acdbc29@group-7855C2F36E53-SegmentedRaftLog:OPENED:c-1,f-1,i0, conf=-1: [e3fb79a3-1f86-42af-a80c-c46d1acdbc29:192.168.157.194:44142, 81ff859e-e76f-43f5-951a-4a38422068cb:192.168.157.194:46532, a9143d84-6d7f-497d-b770-eb75585db3c7:192.168.157.194:42126], old=null
2019-11-04 16:03:02,038 [e3fb79a3-1f86-42af-a80c-c46d1acdbc29@group-7855C2F36E53-LeaderElection442] INFO  impl.LeaderElection (LeaderElection.java:askForVotes(178)) - e3fb79a3-1f86-42af-a80c-c46d1acdbc29@group-7855C2F36E53-LeaderElection442: begin an election at term 493 for -1: [e3fb79a3-1f86-42af-a80c-c46d1acdbc29:192.168.157.194:44142, 81ff859e-e76f-43f5-951a-4a38422068cb:192.168.157.194:46532, a9143d84-6d7f-497d-b770-eb75585db3c7:192.168.157.194:42126], old=null
2019-11-04 16:03:02,039 [grpc-default-executor-4] INFO  impl.RaftServerImpl (RaftServerImpl.java:setRole(184)) - 81ff859e-e76f-43f5-951a-4a38422068cb@group-7855C2F36E53: changes role from  FOLLOWER to FOLLOWER at term 493 for recognizeCandidate:e3fb79a3-1f86-42af-a80c-c46d1acdbc29
2019-11-04 16:03:02,039 [grpc-default-executor-4] INFO  impl.RoleInfo (RoleInfo.java:shutdownFollowerState(121)) - 81ff859e-e76f-43f5-951a-4a38422068cb: shutdown FollowerState
2019-11-04 16:03:02,039 [grpc-default-executor-1] INFO  impl.RaftServerImpl (RaftServerImpl.java:setRole(184)) - a9143d84-6d7f-497d-b770-eb75585db3c7@group-7855C2F36E53: changes role from  FOLLOWER to FOLLOWER at term 493 for recognizeCandidate:e3fb79a3-1f86-42af-a80c-c46d1acdbc29
2019-11-04 16:03:02,039 [grpc-default-executor-1] INFO  impl.RoleInfo (RoleInfo.java:shutdownFollowerState(121)) - a9143d84-6d7f-497d-b770-eb75585db3c7: shutdown FollowerState
2019-11-04 16:03:02,039 [Thread-3213] INFO  impl.FollowerState (FollowerState.java:run(117)) - 81ff859e-e76f-43f5-951a-4a38422068cb@group-7855C2F36E53-FollowerState was interrupted: java.lang.InterruptedException: sleep interrupted
2019-11-04 16:03:02,039 [grpc-default-executor-4] INFO  impl.RoleInfo (RoleInfo.java:updateAndGet(143)) - 81ff859e-e76f-43f5-951a-4a38422068cb: start FollowerState
2019-11-04 16:03:02,040 [Thread-3214] INFO  impl.FollowerState (FollowerState.java:run(117)) - a9143d84-6d7f-497d-b770-eb75585db3c7@group-7855C2F36E53-FollowerState was interrupted: java.lang.InterruptedException: sleep interrupted
2019-11-04 16:03:02,040 [grpc-default-executor-1] INFO  impl.RoleInfo (RoleInfo.java:updateAndGet(143)) - a9143d84-6d7f-497d-b770-eb75585db3c7: start FollowerState
2019-11-04 16:03:02,052 [e3fb79a3-1f86-42af-a80c-c46d1acdbc29@group-7855C2F36E53-LeaderElection442] INFO  impl.LeaderElection (LeaderElection.java:logAndReturn(56)) - e3fb79a3-1f86-42af-a80c-c46d1acdbc29@group-7855C2F36E53-LeaderElection442: Election REJECTED; received 2 response(s) [e3fb79a3-1f86-42af-a80c-c46d1acdbc29<-81ff859e-e76f-43f5-951a-4a38422068cb#0:FAIL-t493, e3fb79a3-1f86-42af-a80c-c46d1acdbc29<-a9143d84-6d7f-497d-b770-eb75585db3c7#0:FAIL-t493] and 0 exception(s); e3fb79a3-1f86-42af-a80c-c46d1acdbc29@group-7855C2F36E53:t493, leader=null, voted=e3fb79a3-1f86-42af-a80c-c46d1acdbc29, raftlog=e3fb79a3-1f86-42af-a80c-c46d1acdbc29@group-7855C2F36E53-SegmentedRaftLog:OPENED:c-1,f-1,i0, conf=-1: [e3fb79a3-1f86-42af-a80c-c46d1acdbc29:192.168.157.194:44142, 81ff859e-e76f-43f5-951a-4a38422068cb:192.168.157.194:46532, a9143d84-6d7f-497d-b770-eb75585db3c7:192.168.157.194:42126], old=null
2019-11-04 16:03:02,052 [e3fb79a3-1f86-42af-a80c-c46d1acdbc29@group-7855C2F36E53-LeaderElection442] INFO  impl.RaftServerImpl (RaftServerImpl.java:setRole(184)) - e3fb79a3-1f86-42af-a80c-c46d1acdbc29@group-7855C2F36E53: changes role from CANDIDATE to FOLLOWER at term 493 for DISCOVERED_A_NEW_TERM
2019-11-04 16:03:02,052 [e3fb79a3-1f86-42af-a80c-c46d1acdbc29@group-7855C2F36E53-LeaderElection442] INFO  impl.RoleInfo (RoleInfo.java:shutdownLeaderElection(134)) - e3fb79a3-1f86-42af-a80c-c46d1acdbc29: shutdown LeaderElection
2019-11-04 16:03:02,052 [e3fb79a3-1f86-42af-a80c-c46d1acdbc29@group-7855C2F36E53-LeaderElection442] INFO  impl.RoleInfo (RoleInfo.java:updateAndGet(143)) - e3fb79a3-1f86-42af-a80c-c46d1acdbc29: start FollowerState
2019-11-04 16:03:02,162 [Thread-3219] INFO  impl.FollowerState (FollowerState.java:run(108)) - e3fb79a3-1f86-42af-a80c-c46d1acdbc29@group-7855C2F36E53-FollowerState: change to CANDIDATE, lastRpcTime:109ms, electionTimeout:109ms
2019-11-04 16:03:02,162 [Thread-3219] INFO  impl.RoleInfo (RoleInfo.java:shutdownFollowerState(121)) - e3fb79a3-1f86-42af-a80c-c46d1acdbc29: shutdown FollowerState
2019-11-04 16:03:02,162 [Thread-3219] INFO  impl.RaftServerImpl (RaftServerImpl.java:setRole(184)) - e3fb79a3-1f86-42af-a80c-c46d1acdbc29@group-7855C2F36E53: changes role from  FOLLOWER to CANDIDATE at term 493 for changeToCandidate
2019-11-04 16:03:02,162 [Thread-3219] INFO  impl.RoleInfo (RoleInfo.java:updateAndGet(143)) - e3fb79a3-1f86-42af-a80c-c46d1acdbc29: start LeaderElection
2019-11-04 16:03:02,185 [e3fb79a3-1f86-42af-a80c-c46d1acdbc29@group-7855C2F36E53-LeaderElection443] INFO  impl.LeaderElection (LeaderElection.java:askForVotes(178)) - e3fb79a3-1f86-42af-a80c-c46d1acdbc29@group-7855C2F36E53-LeaderElection443: begin an election at term 494 for -1: [e3fb79a3-1f86-42af-a80c-c46d1acdbc29:192.168.157.194:44142, 81ff859e-e76f-43f5-951a-4a38422068cb:192.168.157.194:46532, a9143d84-6d7f-497d-b770-eb75585db3c7:192.168.157.194:42126], old=null
2019-11-04 16:03:02,187 [grpc-default-executor-1] INFO  impl.RaftServerImpl (RaftServerImpl.java:setRole(184)) - 81ff859e-e76f-43f5-951a-4a38422068cb@group-7855C2F36E53: changes role from  FOLLOWER to FOLLOWER at term 494 for recognizeCandidate:e3fb79a3-1f86-42af-a80c-c46d1acdbc29
2019-11-04 16:03:02,187 [grpc-default-executor-1] INFO  impl.RoleInfo (RoleInfo.java:shutdownFollowerState(121)) - 81ff859e-e76f-43f5-951a-4a38422068cb: shutdown FollowerState
2019-11-04 16:03:02,187 [grpc-default-executor-4] INFO  impl.RaftServerImpl (RaftServerImpl.java:setRole(184)) - a9143d84-6d7f-497d-b770-eb75585db3c7@group-7855C2F36E53: changes role from  FOLLOWER to FOLLOWER at term 494 for recognizeCandidate:e3fb79a3-1f86-42af-a80c-c46d1acdbc29
2019-11-04 16:03:02,187 [grpc-default-executor-4] INFO  impl.RoleInfo (RoleInfo.java:shutdownFollowerState(121)) - a9143d84-6d7f-497d-b770-eb75585db3c7: shutdown FollowerState
2019-11-04 16:03:02,187 [Thread-3217] INFO  impl.FollowerState (FollowerState.java:run(117)) - 81ff859e-e76f-43f5-951a-4a38422068cb@group-7855C2F36E53-FollowerState was interrupted: java.lang.InterruptedException: sleep interrupted
2019-11-04 16:03:02,187 [grpc-default-executor-1] INFO  impl.RoleInfo (RoleInfo.java:updateAndGet(143)) - 81ff859e-e76f-43f5-951a-4a38422068cb: start FollowerState
2019-11-04 16:03:02,188 [grpc-default-executor-4] INFO  impl.RoleInfo (RoleInfo.java:updateAndGet(143)) - a9143d84-6d7f-497d-b770-eb75585db3c7: start FollowerState
2019-11-04 16:03:02,188 [Thread-3218] INFO  impl.FollowerState (FollowerState.java:run(117)) - a9143d84-6d7f-497d-b770-eb75585db3c7@group-7855C2F36E53-FollowerState was interrupted: java.lang.InterruptedException: sleep interrupted
2019-11-04 16:03:02,213 [e3fb79a3-1f86-42af-a80c-c46d1acdbc29@group-7855C2F36E53-LeaderElection443] INFO  impl.LeaderElection (LeaderElection.java:logAndReturn(56)) - e3fb79a3-1f86-42af-a80c-c46d1acdbc29@group-7855C2F36E53-LeaderElection443: Election REJECTED; received 2 response(s) [e3fb79a3-1f86-42af-a80c-c46d1acdbc29<-81ff859e-e76f-43f5-951a-4a38422068cb#0:FAIL-t494, e3fb79a3-1f86-42af-a80c-c46d1acdbc29<-a9143d84-6d7f-497d-b770-eb75585db3c7#0:FAIL-t494] and 0 exception(s); e3fb79a3-1f86-42af-a80c-c46d1acdbc29@group-7855C2F36E53:t494, leader=null, voted=e3fb79a3-1f86-42af-a80c-c46d1acdbc29, raftlog=e3fb79a3-1f86-42af-a80c-c46d1acdbc29@group-7855C2F36E53-SegmentedRaftLog:OPENED:c-1,f-1,i0, conf=-1: [e3fb79a3-1f86-42af-a80c-c46d1acdbc29:192.168.157.194:44142, 81ff859e-e76f-43f5-951a-4a38422068cb:192.168.157.194:46532, a9143d84-6d7f-497d-b770-eb75585db3c7:192.168.157.194:42126], old=null
2019-11-04 16:03:02,214 [e3fb79a3-1f86-42af-a80c-c46d1acdbc29@group-7855C2F36E53-LeaderElection443] INFO  impl.RaftServerImpl (RaftServerImpl.java:setRole(184)) - e3fb79a3-1f86-42af-a80c-c46d1acdbc29@group-7855C2F36E53: changes role from CANDIDATE to FOLLOWER at term 494 for DISCOVERED_A_NEW_TERM
2019-11-04 16:03:02,214 [e3fb79a3-1f86-42af-a80c-c46d1acdbc29@group-7855C2F36E53-LeaderElection443] INFO  impl.RoleInfo (RoleInfo.java:shutdownLeaderElection(134)) - e3fb79a3-1f86-42af-a80c-c46d1acdbc29: shutdown LeaderElection
2019-11-04 16:03:02,214 [e3fb79a3-1f86-42af-a80c-c46d1acdbc29@group-7855C2F36E53-LeaderElection443] INFO  impl.RoleInfo (RoleInfo.java:updateAndGet(143)) - e3fb79a3-1f86-42af-a80c-c46d1acdbc29: start FollowerState
2019-11-04 16:03:02,368 [Thread-301] INFO  ipc.Client (Client.java:handleConnectionFailure(948)) - Retrying connect to server: localhost/127.0.0.1:38129. Already tried 1 time(s); retry policy is RetryUpToMaximumCountWithFixedSleep(maxRetries=10, sleepTime=1000 MILLISECONDS)
2019-11-04 16:03:02,395 [Thread-3225] INFO  impl.FollowerState (FollowerState.java:run(108)) - e3fb79a3-1f86-42af-a80c-c46d1acdbc29@group-7855C2F36E53-FollowerState: change to CANDIDATE, lastRpcTime:181ms, electionTimeout:181ms
2019-11-04 16:03:02,395 [Thread-3225] INFO  impl.RoleInfo (RoleInfo.java:shutdownFollowerState(121)) - e3fb79a3-1f86-42af-a80c-c46d1acdbc29: shutdown FollowerState
2019-11-04 16:03:02,396 [Thread-3225] INFO  impl.RaftServerImpl (RaftServerImpl.java:setRole(184)) - e3fb79a3-1f86-42af-a80c-c46d1acdbc29@group-7855C2F36E53: changes role from  FOLLOWER to CANDIDATE at term 494 for changeToCandidate
2019-11-04 16:03:02,396 [Thread-3225] INFO  impl.RoleInfo (RoleInfo.java:updateAndGet(143)) - e3fb79a3-1f86-42af-a80c-c46d1acdbc29: start LeaderElection
2019-11-04 16:03:02,422 [e3fb79a3-1f86-42af-a80c-c46d1acdbc29@group-7855C2F36E53-LeaderElection444] INFO  impl.LeaderElection (LeaderElection.java:askForVotes(178)) - e3fb79a3-1f86-42af-a80c-c46d1acdbc29@group-7855C2F36E53-LeaderElection444: begin an election at term 495 for -1: [e3fb79a3-1f86-42af-a80c-c46d1acdbc29:192.168.157.194:44142, 81ff859e-e76f-43f5-951a-4a38422068cb:192.168.157.194:46532, a9143d84-6d7f-497d-b770-eb75585db3c7:192.168.157.194:42126], old=null
2019-11-04 16:03:02,423 [grpc-default-executor-4] INFO  impl.RaftServerImpl (RaftServerImpl.java:setRole(184)) - 81ff859e-e76f-43f5-951a-4a38422068cb@group-7855C2F36E53: changes role from  FOLLOWER to FOLLOWER at term 495 for recognizeCandidate:e3fb79a3-1f86-42af-a80c-c46d1acdbc29
2019-11-04 16:03:02,424 [grpc-default-executor-4] INFO  impl.RoleInfo (RoleInfo.java:shutdownFollowerState(121)) - 81ff859e-e76f-43f5-951a-4a38422068cb: shutdown FollowerState
2019-11-04 16:03:02,424 [grpc-default-executor-5] INFO  impl.RaftServerImpl (RaftServerImpl.java:setRole(184)) - a9143d84-6d7f-497d-b770-eb75585db3c7@group-7855C2F36E53: changes role from  FOLLOWER to FOLLOWER at term 495 for recognizeCandidate:e3fb79a3-1f86-42af-a80c-c46d1acdbc29
2019-11-04 16:03:02,424 [Thread-3223] INFO  impl.FollowerState (FollowerState.java:run(117)) - 81ff859e-e76f-43f5-951a-4a38422068cb@group-7855C2F36E53-FollowerState was interrupted: java.lang.InterruptedException: sleep interrupted
2019-11-04 16:03:02,424 [grpc-default-executor-4] INFO  impl.RoleInfo (RoleInfo.java:updateAndGet(143)) - 81ff859e-e76f-43f5-951a-4a38422068cb: start FollowerState
2019-11-04 16:03:02,424 [grpc-default-executor-5] INFO  impl.RoleInfo (RoleInfo.java:shutdownFollowerState(121)) - a9143d84-6d7f-497d-b770-eb75585db3c7: shutdown FollowerState
2019-11-04 16:03:02,425 [grpc-default-executor-5] INFO  impl.RoleInfo (RoleInfo.java:updateAndGet(143)) - a9143d84-6d7f-497d-b770-eb75585db3c7: start FollowerState
2019-11-04 16:03:02,425 [Thread-3224] INFO  impl.FollowerState (FollowerState.java:run(117)) - a9143d84-6d7f-497d-b770-eb75585db3c7@group-7855C2F36E53-FollowerState was interrupted: java.lang.InterruptedException: sleep interrupted
2019-11-04 16:03:02,440 [e3fb79a3-1f86-42af-a80c-c46d1acdbc29@group-7855C2F36E53-LeaderElection444] INFO  impl.LeaderElection (LeaderElection.java:logAndReturn(56)) - e3fb79a3-1f86-42af-a80c-c46d1acdbc29@group-7855C2F36E53-LeaderElection444: Election REJECTED; received 2 response(s) [e3fb79a3-1f86-42af-a80c-c46d1acdbc29<-81ff859e-e76f-43f5-951a-4a38422068cb#0:FAIL-t495, e3fb79a3-1f86-42af-a80c-c46d1acdbc29<-a9143d84-6d7f-497d-b770-eb75585db3c7#0:FAIL-t495] and 0 exception(s); e3fb79a3-1f86-42af-a80c-c46d1acdbc29@group-7855C2F36E53:t495, leader=null, voted=e3fb79a3-1f86-42af-a80c-c46d1acdbc29, raftlog=e3fb79a3-1f86-42af-a80c-c46d1acdbc29@group-7855C2F36E53-SegmentedRaftLog:OPENED:c-1,f-1,i0, conf=-1: [e3fb79a3-1f86-42af-a80c-c46d1acdbc29:192.168.157.194:44142, 81ff859e-e76f-43f5-951a-4a38422068cb:192.168.157.194:46532, a9143d84-6d7f-497d-b770-eb75585db3c7:192.168.157.194:42126], old=null
2019-11-04 16:03:02,440 [e3fb79a3-1f86-42af-a80c-c46d1acdbc29@group-7855C2F36E53-LeaderElection444] INFO  impl.RaftServerImpl (RaftServerImpl.java:setRole(184)) - e3fb79a3-1f86-42af-a80c-c46d1acdbc29@group-7855C2F36E53: changes role from CANDIDATE to FOLLOWER at term 495 for DISCOVERED_A_NEW_TERM
2019-11-04 16:03:02,440 [e3fb79a3-1f86-42af-a80c-c46d1acdbc29@group-7855C2F36E53-LeaderElection444] INFO  impl.RoleInfo (RoleInfo.java:shutdownLeaderElection(134)) - e3fb79a3-1f86-42af-a80c-c46d1acdbc29: shutdown LeaderElection
2019-11-04 16:03:02,441 [e3fb79a3-1f86-42af-a80c-c46d1acdbc29@group-7855C2F36E53-LeaderElection444] INFO  impl.RoleInfo (RoleInfo.java:updateAndGet(143)) - e3fb79a3-1f86-42af-a80c-c46d1acdbc29: start FollowerState
2019-11-04 16:03:02,507 [Thread-3231] INFO  impl.FollowerState (FollowerState.java:run(108)) - e3fb79a3-1f86-42af-a80c-c46d1acdbc29@group-7855C2F36E53-FollowerState: change to CANDIDATE, lastRpcTime:66ms, electionTimeout:66ms
2019-11-04 16:03:02,507 [Thread-3231] INFO  impl.RoleInfo (RoleInfo.java:shutdownFollowerState(121)) - e3fb79a3-1f86-42af-a80c-c46d1acdbc29: shutdown FollowerState
2019-11-04 16:03:02,507 [Thread-3231] INFO  impl.RaftServerImpl (RaftServerImpl.java:setRole(184)) - e3fb79a3-1f86-42af-a80c-c46d1acdbc29@group-7855C2F36E53: changes role from  FOLLOWER to CANDIDATE at term 495 for changeToCandidate
2019-11-04 16:03:02,507 [Thread-3231] INFO  impl.RoleInfo (RoleInfo.java:updateAndGet(143)) - e3fb79a3-1f86-42af-a80c-c46d1acdbc29: start LeaderElection
2019-11-04 16:03:02,521 [e3fb79a3-1f86-42af-a80c-c46d1acdbc29@group-7855C2F36E53-LeaderElection445] INFO  impl.LeaderElection (LeaderElection.java:askForVotes(178)) - e3fb79a3-1f86-42af-a80c-c46d1acdbc29@group-7855C2F36E53-LeaderElection445: begin an election at term 496 for -1: [e3fb79a3-1f86-42af-a80c-c46d1acdbc29:192.168.157.194:44142, 81ff859e-e76f-43f5-951a-4a38422068cb:192.168.157.194:46532, a9143d84-6d7f-497d-b770-eb75585db3c7:192.168.157.194:42126], old=null
2019-11-04 16:03:02,522 [grpc-default-executor-4] INFO  impl.RaftServerImpl (RaftServerImpl.java:setRole(184)) - 81ff859e-e76f-43f5-951a-4a38422068cb@group-7855C2F36E53: changes role from  FOLLOWER to FOLLOWER at term 496 for recognizeCandidate:e3fb79a3-1f86-42af-a80c-c46d1acdbc29
2019-11-04 16:03:02,522 [grpc-default-executor-4] INFO  impl.RoleInfo (RoleInfo.java:shutdownFollowerState(121)) - 81ff859e-e76f-43f5-951a-4a38422068cb: shutdown FollowerState
2019-11-04 16:03:02,522 [grpc-default-executor-4] INFO  impl.RoleInfo (RoleInfo.java:updateAndGet(143)) - 81ff859e-e76f-43f5-951a-4a38422068cb: start FollowerState
2019-11-04 16:03:02,523 [Thread-3229] INFO  impl.FollowerState (FollowerState.java:run(117)) - 81ff859e-e76f-43f5-951a-4a38422068cb@group-7855C2F36E53-FollowerState was interrupted: java.lang.InterruptedException: sleep interrupted
2019-11-04 16:03:02,523 [grpc-default-executor-5] INFO  impl.RaftServerImpl (RaftServerImpl.java:setRole(184)) - a9143d84-6d7f-497d-b770-eb75585db3c7@group-7855C2F36E53: changes role from  FOLLOWER to FOLLOWER at term 496 for recognizeCandidate:e3fb79a3-1f86-42af-a80c-c46d1acdbc29
2019-11-04 16:03:02,523 [grpc-default-executor-5] INFO  impl.RoleInfo (RoleInfo.java:shutdownFollowerState(121)) - a9143d84-6d7f-497d-b770-eb75585db3c7: shutdown FollowerState
2019-11-04 16:03:02,523 [Thread-3230] INFO  impl.FollowerState (FollowerState.java:run(117)) - a9143d84-6d7f-497d-b770-eb75585db3c7@group-7855C2F36E53-FollowerState was interrupted: java.lang.InterruptedException: sleep interrupted
2019-11-04 16:03:02,523 [grpc-default-executor-5] INFO  impl.RoleInfo (RoleInfo.java:updateAndGet(143)) - a9143d84-6d7f-497d-b770-eb75585db3c7: start FollowerState
2019-11-04 16:03:02,541 [e3fb79a3-1f86-42af-a80c-c46d1acdbc29@group-7855C2F36E53-LeaderElection445] INFO  impl.LeaderElection (LeaderElection.java:logAndReturn(56)) - e3fb79a3-1f86-42af-a80c-c46d1acdbc29@group-7855C2F36E53-LeaderElection445: Election REJECTED; received 2 response(s) [e3fb79a3-1f86-42af-a80c-c46d1acdbc29<-81ff859e-e76f-43f5-951a-4a38422068cb#0:FAIL-t496, e3fb79a3-1f86-42af-a80c-c46d1acdbc29<-a9143d84-6d7f-497d-b770-eb75585db3c7#0:FAIL-t496] and 0 exception(s); e3fb79a3-1f86-42af-a80c-c46d1acdbc29@group-7855C2F36E53:t496, leader=null, voted=e3fb79a3-1f86-42af-a80c-c46d1acdbc29, raftlog=e3fb79a3-1f86-42af-a80c-c46d1acdbc29@group-7855C2F36E53-SegmentedRaftLog:OPENED:c-1,f-1,i0, conf=-1: [e3fb79a3-1f86-42af-a80c-c46d1acdbc29:192.168.157.194:44142, 81ff859e-e76f-43f5-951a-4a38422068cb:192.168.157.194:46532, a9143d84-6d7f-497d-b770-eb75585db3c7:192.168.157.194:42126], old=null
2019-11-04 16:03:02,541 [e3fb79a3-1f86-42af-a80c-c46d1acdbc29@group-7855C2F36E53-LeaderElection445] INFO  impl.RaftServerImpl (RaftServerImpl.java:setRole(184)) - e3fb79a3-1f86-42af-a80c-c46d1acdbc29@group-7855C2F36E53: changes role from CANDIDATE to FOLLOWER at term 496 for DISCOVERED_A_NEW_TERM
2019-11-04 16:03:02,541 [e3fb79a3-1f86-42af-a80c-c46d1acdbc29@group-7855C2F36E53-LeaderElection445] INFO  impl.RoleInfo (RoleInfo.java:shutdownLeaderElection(134)) - e3fb79a3-1f86-42af-a80c-c46d1acdbc29: shutdown LeaderElection
2019-11-04 16:03:02,541 [e3fb79a3-1f86-42af-a80c-c46d1acdbc29@group-7855C2F36E53-LeaderElection445] INFO  impl.RoleInfo (RoleInfo.java:updateAndGet(143)) - e3fb79a3-1f86-42af-a80c-c46d1acdbc29: start FollowerState
2019-11-04 16:03:02,545 [Thread-3239] INFO  impl.FollowerState (FollowerState.java:run(108)) - e3fb79a3-1f86-42af-a80c-c46d1acdbc29@group-7855C2F36E53-FollowerState: change to CANDIDATE, lastRpcTime:4ms, electionTimeout:4ms
2019-11-04 16:03:02,545 [Thread-3239] INFO  impl.RoleInfo (RoleInfo.java:shutdownFollowerState(121)) - e3fb79a3-1f86-42af-a80c-c46d1acdbc29: shutdown FollowerState
2019-11-04 16:03:02,545 [Thread-3239] INFO  impl.RaftServerImpl (RaftServerImpl.java:setRole(184)) - e3fb79a3-1f86-42af-a80c-c46d1acdbc29@group-7855C2F36E53: changes role from  FOLLOWER to CANDIDATE at term 496 for changeToCandidate
2019-11-04 16:03:02,546 [Thread-3239] INFO  impl.RoleInfo (RoleInfo.java:updateAndGet(143)) - e3fb79a3-1f86-42af-a80c-c46d1acdbc29: start LeaderElection
2019-11-04 16:03:02,565 [e3fb79a3-1f86-42af-a80c-c46d1acdbc29@group-7855C2F36E53-LeaderElection446] INFO  impl.LeaderElection (LeaderElection.java:askForVotes(178)) - e3fb79a3-1f86-42af-a80c-c46d1acdbc29@group-7855C2F36E53-LeaderElection446: begin an election at term 497 for -1: [e3fb79a3-1f86-42af-a80c-c46d1acdbc29:192.168.157.194:44142, 81ff859e-e76f-43f5-951a-4a38422068cb:192.168.157.194:46532, a9143d84-6d7f-497d-b770-eb75585db3c7:192.168.157.194:42126], old=null
2019-11-04 16:03:02,566 [grpc-default-executor-4] INFO  impl.RaftServerImpl (RaftServerImpl.java:setRole(184)) - 81ff859e-e76f-43f5-951a-4a38422068cb@group-7855C2F36E53: changes role from  FOLLOWER to FOLLOWER at term 497 for recognizeCandidate:e3fb79a3-1f86-42af-a80c-c46d1acdbc29
2019-11-04 16:03:02,566 [grpc-default-executor-4] INFO  impl.RoleInfo (RoleInfo.java:shutdownFollowerState(121)) - 81ff859e-e76f-43f5-951a-4a38422068cb: shutdown FollowerState
2019-11-04 16:03:02,566 [grpc-default-executor-5] INFO  impl.RaftServerImpl (RaftServerImpl.java:setRole(184)) - a9143d84-6d7f-497d-b770-eb75585db3c7@group-7855C2F36E53: changes role from  FOLLOWER to FOLLOWER at term 497 for recognizeCandidate:e3fb79a3-1f86-42af-a80c-c46d1acdbc29
2019-11-04 16:03:02,566 [grpc-default-executor-5] INFO  impl.RoleInfo (RoleInfo.java:shutdownFollowerState(121)) - a9143d84-6d7f-497d-b770-eb75585db3c7: shutdown FollowerState
2019-11-04 16:03:02,566 [Thread-3235] INFO  impl.FollowerState (FollowerState.java:run(117)) - 81ff859e-e76f-43f5-951a-4a38422068cb@group-7855C2F36E53-FollowerState was interrupted: java.lang.InterruptedException: sleep interrupted
2019-11-04 16:03:02,567 [Thread-3236] INFO  impl.FollowerState (FollowerState.java:run(117)) - a9143d84-6d7f-497d-b770-eb75585db3c7@group-7855C2F36E53-FollowerState was interrupted: java.lang.InterruptedException: sleep interrupted
2019-11-04 16:03:02,566 [grpc-default-executor-4] INFO  impl.RoleInfo (RoleInfo.java:updateAndGet(143)) - 81ff859e-e76f-43f5-951a-4a38422068cb: start FollowerState
2019-11-04 16:03:02,567 [grpc-default-executor-5] INFO  impl.RoleInfo (RoleInfo.java:updateAndGet(143)) - a9143d84-6d7f-497d-b770-eb75585db3c7: start FollowerState
2019-11-04 16:03:02,593 [e3fb79a3-1f86-42af-a80c-c46d1acdbc29@group-7855C2F36E53-LeaderElection446] INFO  impl.LeaderElection (LeaderElection.java:logAndReturn(56)) - e3fb79a3-1f86-42af-a80c-c46d1acdbc29@group-7855C2F36E53-LeaderElection446: Election REJECTED; received 2 response(s) [e3fb79a3-1f86-42af-a80c-c46d1acdbc29<-81ff859e-e76f-43f5-951a-4a38422068cb#0:FAIL-t497, e3fb79a3-1f86-42af-a80c-c46d1acdbc29<-a9143d84-6d7f-497d-b770-eb75585db3c7#0:FAIL-t497] and 0 exception(s); e3fb79a3-1f86-42af-a80c-c46d1acdbc29@group-7855C2F36E53:t497, leader=null, voted=e3fb79a3-1f86-42af-a80c-c46d1acdbc29, raftlog=e3fb79a3-1f86-42af-a80c-c46d1acdbc29@group-7855C2F36E53-SegmentedRaftLog:OPENED:c-1,f-1,i0, conf=-1: [e3fb79a3-1f86-42af-a80c-c46d1acdbc29:192.168.157.194:44142, 81ff859e-e76f-43f5-951a-4a38422068cb:192.168.157.194:46532, a9143d84-6d7f-497d-b770-eb75585db3c7:192.168.157.194:42126], old=null
2019-11-04 16:03:02,593 [e3fb79a3-1f86-42af-a80c-c46d1acdbc29@group-7855C2F36E53-LeaderElection446] INFO  impl.RaftServerImpl (RaftServerImpl.java:setRole(184)) - e3fb79a3-1f86-42af-a80c-c46d1acdbc29@group-7855C2F36E53: changes role from CANDIDATE to FOLLOWER at term 497 for DISCOVERED_A_NEW_TERM
2019-11-04 16:03:02,593 [e3fb79a3-1f86-42af-a80c-c46d1acdbc29@group-7855C2F36E53-LeaderElection446] INFO  impl.RoleInfo (RoleInfo.java:shutdownLeaderElection(134)) - e3fb79a3-1f86-42af-a80c-c46d1acdbc29: shutdown LeaderElection
2019-11-04 16:03:02,594 [e3fb79a3-1f86-42af-a80c-c46d1acdbc29@group-7855C2F36E53-LeaderElection446] INFO  impl.RoleInfo (RoleInfo.java:updateAndGet(143)) - e3fb79a3-1f86-42af-a80c-c46d1acdbc29: start FollowerState
2019-11-04 16:03:02,767 [Thread-3245] INFO  impl.FollowerState (FollowerState.java:run(108)) - e3fb79a3-1f86-42af-a80c-c46d1acdbc29@group-7855C2F36E53-FollowerState: change to CANDIDATE, lastRpcTime:173ms, electionTimeout:173ms
2019-11-04 16:03:02,767 [Thread-3245] INFO  impl.RoleInfo (RoleInfo.java:shutdownFollowerState(121)) - e3fb79a3-1f86-42af-a80c-c46d1acdbc29: shutdown FollowerState
2019-11-04 16:03:02,767 [Thread-3245] INFO  impl.RaftServerImpl (RaftServerImpl.java:setRole(184)) - e3fb79a3-1f86-42af-a80c-c46d1acdbc29@group-7855C2F36E53: changes role from  FOLLOWER to CANDIDATE at term 497 for changeToCandidate
2019-11-04 16:03:02,767 [Thread-3245] INFO  impl.RoleInfo (RoleInfo.java:updateAndGet(143)) - e3fb79a3-1f86-42af-a80c-c46d1acdbc29: start LeaderElection
2019-11-04 16:03:02,781 [e3fb79a3-1f86-42af-a80c-c46d1acdbc29@group-7855C2F36E53-LeaderElection447] INFO  impl.LeaderElection (LeaderElection.java:askForVotes(178)) - e3fb79a3-1f86-42af-a80c-c46d1acdbc29@group-7855C2F36E53-LeaderElection447: begin an election at term 498 for -1: [e3fb79a3-1f86-42af-a80c-c46d1acdbc29:192.168.157.194:44142, 81ff859e-e76f-43f5-951a-4a38422068cb:192.168.157.194:46532, a9143d84-6d7f-497d-b770-eb75585db3c7:192.168.157.194:42126], old=null
2019-11-04 16:03:02,782 [grpc-default-executor-5] INFO  impl.RaftServerImpl (RaftServerImpl.java:setRole(184)) - 81ff859e-e76f-43f5-951a-4a38422068cb@group-7855C2F36E53: changes role from  FOLLOWER to FOLLOWER at term 498 for recognizeCandidate:e3fb79a3-1f86-42af-a80c-c46d1acdbc29
2019-11-04 16:03:02,782 [grpc-default-executor-5] INFO  impl.RoleInfo (RoleInfo.java:shutdownFollowerState(121)) - 81ff859e-e76f-43f5-951a-4a38422068cb: shutdown FollowerState
2019-11-04 16:03:02,782 [grpc-default-executor-4] INFO  impl.RaftServerImpl (RaftServerImpl.java:setRole(184)) - a9143d84-6d7f-497d-b770-eb75585db3c7@group-7855C2F36E53: changes role from  FOLLOWER to FOLLOWER at term 498 for recognizeCandidate:e3fb79a3-1f86-42af-a80c-c46d1acdbc29
2019-11-04 16:03:02,783 [grpc-default-executor-4] INFO  impl.RoleInfo (RoleInfo.java:shutdownFollowerState(121)) - a9143d84-6d7f-497d-b770-eb75585db3c7: shutdown FollowerState
2019-11-04 16:03:02,782 [e3fb79a3-1f86-42af-a80c-c46d1acdbc29@group-7855C2F36E53-LeaderElection447] INFO  impl.LeaderElection (LeaderElection.java:logAndReturn(56)) - e3fb79a3-1f86-42af-a80c-c46d1acdbc29@group-7855C2F36E53-LeaderElection447: Election TIMEOUT; received 0 response(s) [] and 0 exception(s); e3fb79a3-1f86-42af-a80c-c46d1acdbc29@group-7855C2F36E53:t498, leader=null, voted=e3fb79a3-1f86-42af-a80c-c46d1acdbc29, raftlog=e3fb79a3-1f86-42af-a80c-c46d1acdbc29@group-7855C2F36E53-SegmentedRaftLog:OPENED:c-1,f-1,i0, conf=-1: [e3fb79a3-1f86-42af-a80c-c46d1acdbc29:192.168.157.194:44142, 81ff859e-e76f-43f5-951a-4a38422068cb:192.168.157.194:46532, a9143d84-6d7f-497d-b770-eb75585db3c7:192.168.157.194:42126], old=null
2019-11-04 16:03:02,783 [grpc-default-executor-4] INFO  impl.RoleInfo (RoleInfo.java:updateAndGet(143)) - a9143d84-6d7f-497d-b770-eb75585db3c7: start FollowerState
2019-11-04 16:03:02,783 [Thread-3244] INFO  impl.FollowerState (FollowerState.java:run(117)) - a9143d84-6d7f-497d-b770-eb75585db3c7@group-7855C2F36E53-FollowerState was interrupted: java.lang.InterruptedException: sleep interrupted
2019-11-04 16:03:02,783 [grpc-default-executor-5] INFO  impl.RoleInfo (RoleInfo.java:updateAndGet(143)) - 81ff859e-e76f-43f5-951a-4a38422068cb: start FollowerState
2019-11-04 16:03:02,783 [Thread-3243] INFO  impl.FollowerState (FollowerState.java:run(117)) - 81ff859e-e76f-43f5-951a-4a38422068cb@group-7855C2F36E53-FollowerState was interrupted: java.lang.InterruptedException: sleep interrupted
2019-11-04 16:03:02,800 [e3fb79a3-1f86-42af-a80c-c46d1acdbc29@group-7855C2F36E53-LeaderElection447] INFO  impl.LeaderElection (LeaderElection.java:askForVotes(178)) - e3fb79a3-1f86-42af-a80c-c46d1acdbc29@group-7855C2F36E53-LeaderElection447: begin an election at term 499 for -1: [e3fb79a3-1f86-42af-a80c-c46d1acdbc29:192.168.157.194:44142, 81ff859e-e76f-43f5-951a-4a38422068cb:192.168.157.194:46532, a9143d84-6d7f-497d-b770-eb75585db3c7:192.168.157.194:42126], old=null
2019-11-04 16:03:02,801 [grpc-default-executor-4] INFO  impl.RaftServerImpl (RaftServerImpl.java:setRole(184)) - 81ff859e-e76f-43f5-951a-4a38422068cb@group-7855C2F36E53: changes role from  FOLLOWER to FOLLOWER at term 499 for recognizeCandidate:e3fb79a3-1f86-42af-a80c-c46d1acdbc29
2019-11-04 16:03:02,801 [grpc-default-executor-4] INFO  impl.RoleInfo (RoleInfo.java:shutdownFollowerState(121)) - 81ff859e-e76f-43f5-951a-4a38422068cb: shutdown FollowerState
2019-11-04 16:03:02,801 [grpc-default-executor-4] INFO  impl.RoleInfo (RoleInfo.java:updateAndGet(143)) - 81ff859e-e76f-43f5-951a-4a38422068cb: start FollowerState
2019-11-04 16:03:02,801 [Thread-3249] INFO  impl.FollowerState (FollowerState.java:run(117)) - 81ff859e-e76f-43f5-951a-4a38422068cb@group-7855C2F36E53-FollowerState was interrupted: java.lang.InterruptedException: sleep interrupted
2019-11-04 16:03:02,801 [grpc-default-executor-5] INFO  impl.RaftServerImpl (RaftServerImpl.java:setRole(184)) - a9143d84-6d7f-497d-b770-eb75585db3c7@group-7855C2F36E53: changes role from  FOLLOWER to FOLLOWER at term 499 for recognizeCandidate:e3fb79a3-1f86-42af-a80c-c46d1acdbc29
2019-11-04 16:03:02,802 [grpc-default-executor-5] INFO  impl.RoleInfo (RoleInfo.java:shutdownFollowerState(121)) - a9143d84-6d7f-497d-b770-eb75585db3c7: shutdown FollowerState
2019-11-04 16:03:02,802 [grpc-default-executor-5] INFO  impl.RoleInfo (RoleInfo.java:updateAndGet(143)) - a9143d84-6d7f-497d-b770-eb75585db3c7: start FollowerState
2019-11-04 16:03:02,802 [Thread-3250] INFO  impl.FollowerState (FollowerState.java:run(117)) - a9143d84-6d7f-497d-b770-eb75585db3c7@group-7855C2F36E53-FollowerState was interrupted: java.lang.InterruptedException: sleep interrupted
2019-11-04 16:03:02,835 [e3fb79a3-1f86-42af-a80c-c46d1acdbc29@group-7855C2F36E53-LeaderElection447] INFO  impl.LeaderElection (LeaderElection.java:logAndReturn(56)) - e3fb79a3-1f86-42af-a80c-c46d1acdbc29@group-7855C2F36E53-LeaderElection447: Election REJECTED; received 2 response(s) [e3fb79a3-1f86-42af-a80c-c46d1acdbc29<-81ff859e-e76f-43f5-951a-4a38422068cb#0:FAIL-t499, e3fb79a3-1f86-42af-a80c-c46d1acdbc29<-a9143d84-6d7f-497d-b770-eb75585db3c7#0:FAIL-t499] and 0 exception(s); e3fb79a3-1f86-42af-a80c-c46d1acdbc29@group-7855C2F36E53:t499, leader=null, voted=e3fb79a3-1f86-42af-a80c-c46d1acdbc29, raftlog=e3fb79a3-1f86-42af-a80c-c46d1acdbc29@group-7855C2F36E53-SegmentedRaftLog:OPENED:c-1,f-1,i0, conf=-1: [e3fb79a3-1f86-42af-a80c-c46d1acdbc29:192.168.157.194:44142, 81ff859e-e76f-43f5-951a-4a38422068cb:192.168.157.194:46532, a9143d84-6d7f-497d-b770-eb75585db3c7:192.168.157.194:42126], old=null
2019-11-04 16:03:02,835 [e3fb79a3-1f86-42af-a80c-c46d1acdbc29@group-7855C2F36E53-LeaderElection447] INFO  impl.RaftServerImpl (RaftServerImpl.java:setRole(184)) - e3fb79a3-1f86-42af-a80c-c46d1acdbc29@group-7855C2F36E53: changes role from CANDIDATE to FOLLOWER at term 499 for DISCOVERED_A_NEW_TERM
2019-11-04 16:03:02,835 [e3fb79a3-1f86-42af-a80c-c46d1acdbc29@group-7855C2F36E53-LeaderElection447] INFO  impl.RoleInfo (RoleInfo.java:shutdownLeaderElection(134)) - e3fb79a3-1f86-42af-a80c-c46d1acdbc29: shutdown LeaderElection
2019-11-04 16:03:02,835 [e3fb79a3-1f86-42af-a80c-c46d1acdbc29@group-7855C2F36E53-LeaderElection447] INFO  impl.RoleInfo (RoleInfo.java:updateAndGet(143)) - e3fb79a3-1f86-42af-a80c-c46d1acdbc29: start FollowerState
2019-11-04 16:03:02,852 [Thread-3255] INFO  impl.FollowerState (FollowerState.java:run(108)) - e3fb79a3-1f86-42af-a80c-c46d1acdbc29@group-7855C2F36E53-FollowerState: change to CANDIDATE, lastRpcTime:17ms, electionTimeout:17ms
2019-11-04 16:03:02,852 [Thread-3255] INFO  impl.RoleInfo (RoleInfo.java:shutdownFollowerState(121)) - e3fb79a3-1f86-42af-a80c-c46d1acdbc29: shutdown FollowerState
2019-11-04 16:03:02,853 [Thread-3255] INFO  impl.RaftServerImpl (RaftServerImpl.java:setRole(184)) - e3fb79a3-1f86-42af-a80c-c46d1acdbc29@group-7855C2F36E53: changes role from  FOLLOWER to CANDIDATE at term 499 for changeToCandidate
2019-11-04 16:03:02,853 [Thread-3255] INFO  impl.RoleInfo (RoleInfo.java:updateAndGet(143)) - e3fb79a3-1f86-42af-a80c-c46d1acdbc29: start LeaderElection
2019-11-04 16:03:02,867 [e3fb79a3-1f86-42af-a80c-c46d1acdbc29@group-7855C2F36E53-LeaderElection448] INFO  impl.LeaderElection (LeaderElection.java:askForVotes(178)) - e3fb79a3-1f86-42af-a80c-c46d1acdbc29@group-7855C2F36E53-LeaderElection448: begin an election at term 500 for -1: [e3fb79a3-1f86-42af-a80c-c46d1acdbc29:192.168.157.194:44142, 81ff859e-e76f-43f5-951a-4a38422068cb:192.168.157.194:46532, a9143d84-6d7f-497d-b770-eb75585db3c7:192.168.157.194:42126], old=null
2019-11-04 16:03:02,868 [grpc-default-executor-4] INFO  impl.RaftServerImpl (RaftServerImpl.java:setRole(184)) - 81ff859e-e76f-43f5-951a-4a38422068cb@group-7855C2F36E53: changes role from  FOLLOWER to FOLLOWER at term 500 for recognizeCandidate:e3fb79a3-1f86-42af-a80c-c46d1acdbc29
2019-11-04 16:03:02,868 [grpc-default-executor-4] INFO  impl.RoleInfo (RoleInfo.java:shutdownFollowerState(121)) - 81ff859e-e76f-43f5-951a-4a38422068cb: shutdown FollowerState
2019-11-04 16:03:02,868 [grpc-default-executor-4] INFO  impl.RoleInfo (RoleInfo.java:updateAndGet(143)) - 81ff859e-e76f-43f5-951a-4a38422068cb: start FollowerState
2019-11-04 16:03:02,868 [Thread-3253] INFO  impl.FollowerState (FollowerState.java:run(117)) - 81ff859e-e76f-43f5-951a-4a38422068cb@group-7855C2F36E53-FollowerState was interrupted: java.lang.InterruptedException: sleep interrupted
2019-11-04 16:03:02,868 [grpc-default-executor-5] INFO  impl.RaftServerImpl (RaftServerImpl.java:setRole(184)) - a9143d84-6d7f-497d-b770-eb75585db3c7@group-7855C2F36E53: changes role from  FOLLOWER to FOLLOWER at term 500 for recognizeCandidate:e3fb79a3-1f86-42af-a80c-c46d1acdbc29
2019-11-04 16:03:02,869 [grpc-default-executor-5] INFO  impl.RoleInfo (RoleInfo.java:shutdownFollowerState(121)) - a9143d84-6d7f-497d-b770-eb75585db3c7: shutdown FollowerState
2019-11-04 16:03:02,869 [Thread-3254] INFO  impl.FollowerState (FollowerState.java:run(117)) - a9143d84-6d7f-497d-b770-eb75585db3c7@group-7855C2F36E53-FollowerState was interrupted: java.lang.InterruptedException: sleep interrupted
2019-11-04 16:03:02,869 [grpc-default-executor-5] INFO  impl.RoleInfo (RoleInfo.java:updateAndGet(143)) - a9143d84-6d7f-497d-b770-eb75585db3c7: start FollowerState
2019-11-04 16:03:02,875 [e3fb79a3-1f86-42af-a80c-c46d1acdbc29@group-7855C2F36E53-LeaderElection448] INFO  impl.LeaderElection (LeaderElection.java:logAndReturn(56)) - e3fb79a3-1f86-42af-a80c-c46d1acdbc29@group-7855C2F36E53-LeaderElection448: Election TIMEOUT; received 0 response(s) [] and 0 exception(s); e3fb79a3-1f86-42af-a80c-c46d1acdbc29@group-7855C2F36E53:t500, leader=null, voted=e3fb79a3-1f86-42af-a80c-c46d1acdbc29, raftlog=e3fb79a3-1f86-42af-a80c-c46d1acdbc29@group-7855C2F36E53-SegmentedRaftLog:OPENED:c-1,f-1,i0, conf=-1: [e3fb79a3-1f86-42af-a80c-c46d1acdbc29:192.168.157.194:44142, 81ff859e-e76f-43f5-951a-4a38422068cb:192.168.157.194:46532, a9143d84-6d7f-497d-b770-eb75585db3c7:192.168.157.194:42126], old=null
2019-11-04 16:03:02,884 [e3fb79a3-1f86-42af-a80c-c46d1acdbc29@group-7855C2F36E53-LeaderElection448] INFO  impl.LeaderElection (LeaderElection.java:askForVotes(178)) - e3fb79a3-1f86-42af-a80c-c46d1acdbc29@group-7855C2F36E53-LeaderElection448: begin an election at term 501 for -1: [e3fb79a3-1f86-42af-a80c-c46d1acdbc29:192.168.157.194:44142, 81ff859e-e76f-43f5-951a-4a38422068cb:192.168.157.194:46532, a9143d84-6d7f-497d-b770-eb75585db3c7:192.168.157.194:42126], old=null
2019-11-04 16:03:02,885 [grpc-default-executor-5] INFO  impl.RaftServerImpl (RaftServerImpl.java:setRole(184)) - 81ff859e-e76f-43f5-951a-4a38422068cb@group-7855C2F36E53: changes role from  FOLLOWER to FOLLOWER at term 501 for recognizeCandidate:e3fb79a3-1f86-42af-a80c-c46d1acdbc29
2019-11-04 16:03:02,886 [grpc-default-executor-5] INFO  impl.RoleInfo (RoleInfo.java:shutdownFollowerState(121)) - 81ff859e-e76f-43f5-951a-4a38422068cb: shutdown FollowerState
2019-11-04 16:03:02,886 [grpc-default-executor-4] INFO  impl.RaftServerImpl (RaftServerImpl.java:setRole(184)) - a9143d84-6d7f-497d-b770-eb75585db3c7@group-7855C2F36E53: changes role from  FOLLOWER to FOLLOWER at term 501 for recognizeCandidate:e3fb79a3-1f86-42af-a80c-c46d1acdbc29
2019-11-04 16:03:02,886 [Thread-3259] INFO  impl.FollowerState (FollowerState.java:run(117)) - 81ff859e-e76f-43f5-951a-4a38422068cb@group-7855C2F36E53-FollowerState was interrupted: java.lang.InterruptedException: sleep interrupted
2019-11-04 16:03:02,886 [grpc-default-executor-5] INFO  impl.RoleInfo (RoleInfo.java:updateAndGet(143)) - 81ff859e-e76f-43f5-951a-4a38422068cb: start FollowerState
2019-11-04 16:03:02,886 [grpc-default-executor-4] INFO  impl.RoleInfo (RoleInfo.java:shutdownFollowerState(121)) - a9143d84-6d7f-497d-b770-eb75585db3c7: shutdown FollowerState
2019-11-04 16:03:02,886 [grpc-default-executor-4] INFO  impl.RoleInfo (RoleInfo.java:updateAndGet(143)) - a9143d84-6d7f-497d-b770-eb75585db3c7: start FollowerState
2019-11-04 16:03:02,886 [Thread-3260] INFO  impl.FollowerState (FollowerState.java:run(117)) - a9143d84-6d7f-497d-b770-eb75585db3c7@group-7855C2F36E53-FollowerState was interrupted: java.lang.InterruptedException: sleep interrupted
2019-11-04 16:03:02,912 [e3fb79a3-1f86-42af-a80c-c46d1acdbc29@group-7855C2F36E53-LeaderElection448] INFO  impl.LeaderElection (LeaderElection.java:logAndReturn(56)) - e3fb79a3-1f86-42af-a80c-c46d1acdbc29@group-7855C2F36E53-LeaderElection448: Election REJECTED; received 2 response(s) [e3fb79a3-1f86-42af-a80c-c46d1acdbc29<-81ff859e-e76f-43f5-951a-4a38422068cb#0:FAIL-t501, e3fb79a3-1f86-42af-a80c-c46d1acdbc29<-a9143d84-6d7f-497d-b770-eb75585db3c7#0:FAIL-t501] and 0 exception(s); e3fb79a3-1f86-42af-a80c-c46d1acdbc29@group-7855C2F36E53:t501, leader=null, voted=e3fb79a3-1f86-42af-a80c-c46d1acdbc29, raftlog=e3fb79a3-1f86-42af-a80c-c46d1acdbc29@group-7855C2F36E53-SegmentedRaftLog:OPENED:c-1,f-1,i0, conf=-1: [e3fb79a3-1f86-42af-a80c-c46d1acdbc29:192.168.157.194:44142, 81ff859e-e76f-43f5-951a-4a38422068cb:192.168.157.194:46532, a9143d84-6d7f-497d-b770-eb75585db3c7:192.168.157.194:42126], old=null
2019-11-04 16:03:02,912 [e3fb79a3-1f86-42af-a80c-c46d1acdbc29@group-7855C2F36E53-LeaderElection448] INFO  impl.RaftServerImpl (RaftServerImpl.java:setRole(184)) - e3fb79a3-1f86-42af-a80c-c46d1acdbc29@group-7855C2F36E53: changes role from CANDIDATE to FOLLOWER at term 501 for DISCOVERED_A_NEW_TERM
2019-11-04 16:03:02,912 [e3fb79a3-1f86-42af-a80c-c46d1acdbc29@group-7855C2F36E53-LeaderElection448] INFO  impl.RoleInfo (RoleInfo.java:shutdownLeaderElection(134)) - e3fb79a3-1f86-42af-a80c-c46d1acdbc29: shutdown LeaderElection
2019-11-04 16:03:02,912 [e3fb79a3-1f86-42af-a80c-c46d1acdbc29@group-7855C2F36E53-LeaderElection448] INFO  impl.RoleInfo (RoleInfo.java:updateAndGet(143)) - e3fb79a3-1f86-42af-a80c-c46d1acdbc29: start FollowerState
2019-11-04 16:03:03,072 [Thread-3265] INFO  impl.FollowerState (FollowerState.java:run(108)) - e3fb79a3-1f86-42af-a80c-c46d1acdbc29@group-7855C2F36E53-FollowerState: change to CANDIDATE, lastRpcTime:159ms, electionTimeout:159ms
2019-11-04 16:03:03,072 [Thread-3265] INFO  impl.RoleInfo (RoleInfo.java:shutdownFollowerState(121)) - e3fb79a3-1f86-42af-a80c-c46d1acdbc29: shutdown FollowerState
2019-11-04 16:03:03,072 [Thread-3265] INFO  impl.RaftServerImpl (RaftServerImpl.java:setRole(184)) - e3fb79a3-1f86-42af-a80c-c46d1acdbc29@group-7855C2F36E53: changes role from  FOLLOWER to CANDIDATE at term 501 for changeToCandidate
2019-11-04 16:03:03,072 [Thread-3265] INFO  impl.RoleInfo (RoleInfo.java:updateAndGet(143)) - e3fb79a3-1f86-42af-a80c-c46d1acdbc29: start LeaderElection
2019-11-04 16:03:03,089 [e3fb79a3-1f86-42af-a80c-c46d1acdbc29@group-7855C2F36E53-LeaderElection449] INFO  impl.LeaderElection (LeaderElection.java:askForVotes(178)) - e3fb79a3-1f86-42af-a80c-c46d1acdbc29@group-7855C2F36E53-LeaderElection449: begin an election at term 502 for -1: [e3fb79a3-1f86-42af-a80c-c46d1acdbc29:192.168.157.194:44142, 81ff859e-e76f-43f5-951a-4a38422068cb:192.168.157.194:46532, a9143d84-6d7f-497d-b770-eb75585db3c7:192.168.157.194:42126], old=null
2019-11-04 16:03:03,090 [grpc-default-executor-5] INFO  impl.RaftServerImpl (RaftServerImpl.java:setRole(184)) - 81ff859e-e76f-43f5-951a-4a38422068cb@group-7855C2F36E53: changes role from  FOLLOWER to FOLLOWER at term 502 for recognizeCandidate:e3fb79a3-1f86-42af-a80c-c46d1acdbc29
2019-11-04 16:03:03,090 [grpc-default-executor-4] INFO  impl.RaftServerImpl (RaftServerImpl.java:setRole(184)) - a9143d84-6d7f-497d-b770-eb75585db3c7@group-7855C2F36E53: changes role from  FOLLOWER to FOLLOWER at term 502 for recognizeCandidate:e3fb79a3-1f86-42af-a80c-c46d1acdbc29
2019-11-04 16:03:03,091 [grpc-default-executor-5] INFO  impl.RoleInfo (RoleInfo.java:shutdownFollowerState(121)) - 81ff859e-e76f-43f5-951a-4a38422068cb: shutdown FollowerState
2019-11-04 16:03:03,091 [grpc-default-executor-4] INFO  impl.RoleInfo (RoleInfo.java:shutdownFollowerState(121)) - a9143d84-6d7f-497d-b770-eb75585db3c7: shutdown FollowerState
2019-11-04 16:03:03,091 [grpc-default-executor-5] INFO  impl.RoleInfo (RoleInfo.java:updateAndGet(143)) - 81ff859e-e76f-43f5-951a-4a38422068cb: start FollowerState
2019-11-04 16:03:03,091 [Thread-3263] INFO  impl.FollowerState (FollowerState.java:run(117)) - 81ff859e-e76f-43f5-951a-4a38422068cb@group-7855C2F36E53-FollowerState was interrupted: java.lang.InterruptedException: sleep interrupted
2019-11-04 16:03:03,091 [grpc-default-executor-4] INFO  impl.RoleInfo (RoleInfo.java:updateAndGet(143)) - a9143d84-6d7f-497d-b770-eb75585db3c7: start FollowerState
2019-11-04 16:03:03,091 [Thread-3264] INFO  impl.FollowerState (FollowerState.java:run(117)) - a9143d84-6d7f-497d-b770-eb75585db3c7@group-7855C2F36E53-FollowerState was interrupted: java.lang.InterruptedException: sleep interrupted
2019-11-04 16:03:03,106 [e3fb79a3-1f86-42af-a80c-c46d1acdbc29@group-7855C2F36E53-LeaderElection449] INFO  impl.LeaderElection (LeaderElection.java:logAndReturn(56)) - e3fb79a3-1f86-42af-a80c-c46d1acdbc29@group-7855C2F36E53-LeaderElection449: Election REJECTED; received 2 response(s) [e3fb79a3-1f86-42af-a80c-c46d1acdbc29<-81ff859e-e76f-43f5-951a-4a38422068cb#0:FAIL-t502, e3fb79a3-1f86-42af-a80c-c46d1acdbc29<-a9143d84-6d7f-497d-b770-eb75585db3c7#0:FAIL-t502] and 0 exception(s); e3fb79a3-1f86-42af-a80c-c46d1acdbc29@group-7855C2F36E53:t502, leader=null, voted=e3fb79a3-1f86-42af-a80c-c46d1acdbc29, raftlog=e3fb79a3-1f86-42af-a80c-c46d1acdbc29@group-7855C2F36E53-SegmentedRaftLog:OPENED:c-1,f-1,i0, conf=-1: [e3fb79a3-1f86-42af-a80c-c46d1acdbc29:192.168.157.194:44142, 81ff859e-e76f-43f5-951a-4a38422068cb:192.168.157.194:46532, a9143d84-6d7f-497d-b770-eb75585db3c7:192.168.157.194:42126], old=null
2019-11-04 16:03:03,106 [e3fb79a3-1f86-42af-a80c-c46d1acdbc29@group-7855C2F36E53-LeaderElection449] INFO  impl.RaftServerImpl (RaftServerImpl.java:setRole(184)) - e3fb79a3-1f86-42af-a80c-c46d1acdbc29@group-7855C2F36E53: changes role from CANDIDATE to FOLLOWER at term 502 for DISCOVERED_A_NEW_TERM
2019-11-04 16:03:03,106 [e3fb79a3-1f86-42af-a80c-c46d1acdbc29@group-7855C2F36E53-LeaderElection449] INFO  impl.RoleInfo (RoleInfo.java:shutdownLeaderElection(134)) - e3fb79a3-1f86-42af-a80c-c46d1acdbc29: shutdown LeaderElection
2019-11-04 16:03:03,106 [e3fb79a3-1f86-42af-a80c-c46d1acdbc29@group-7855C2F36E53-LeaderElection449] INFO  impl.RoleInfo (RoleInfo.java:updateAndGet(143)) - e3fb79a3-1f86-42af-a80c-c46d1acdbc29: start FollowerState
2019-11-04 16:03:03,252 [Thread-3271] INFO  impl.FollowerState (FollowerState.java:run(108)) - e3fb79a3-1f86-42af-a80c-c46d1acdbc29@group-7855C2F36E53-FollowerState: change to CANDIDATE, lastRpcTime:146ms, electionTimeout:146ms
2019-11-04 16:03:03,252 [Thread-3271] INFO  impl.RoleInfo (RoleInfo.java:shutdownFollowerState(121)) - e3fb79a3-1f86-42af-a80c-c46d1acdbc29: shutdown FollowerState
2019-11-04 16:03:03,252 [Thread-3271] INFO  impl.RaftServerImpl (RaftServerImpl.java:setRole(184)) - e3fb79a3-1f86-42af-a80c-c46d1acdbc29@group-7855C2F36E53: changes role from  FOLLOWER to CANDIDATE at term 502 for changeToCandidate
2019-11-04 16:03:03,253 [Thread-3271] INFO  impl.RoleInfo (RoleInfo.java:updateAndGet(143)) - e3fb79a3-1f86-42af-a80c-c46d1acdbc29: start LeaderElection
2019-11-04 16:03:03,266 [e3fb79a3-1f86-42af-a80c-c46d1acdbc29@group-7855C2F36E53-LeaderElection450] INFO  impl.LeaderElection (LeaderElection.java:askForVotes(178)) - e3fb79a3-1f86-42af-a80c-c46d1acdbc29@group-7855C2F36E53-LeaderElection450: begin an election at term 503 for -1: [e3fb79a3-1f86-42af-a80c-c46d1acdbc29:192.168.157.194:44142, 81ff859e-e76f-43f5-951a-4a38422068cb:192.168.157.194:46532, a9143d84-6d7f-497d-b770-eb75585db3c7:192.168.157.194:42126], old=null
2019-11-04 16:03:03,268 [grpc-default-executor-5] INFO  impl.RaftServerImpl (RaftServerImpl.java:setRole(184)) - 81ff859e-e76f-43f5-951a-4a38422068cb@group-7855C2F36E53: changes role from  FOLLOWER to FOLLOWER at term 503 for recognizeCandidate:e3fb79a3-1f86-42af-a80c-c46d1acdbc29
2019-11-04 16:03:03,268 [grpc-default-executor-5] INFO  impl.RoleInfo (RoleInfo.java:shutdownFollowerState(121)) - 81ff859e-e76f-43f5-951a-4a38422068cb: shutdown FollowerState
2019-11-04 16:03:03,268 [grpc-default-executor-5] INFO  impl.RoleInfo (RoleInfo.java:updateAndGet(143)) - 81ff859e-e76f-43f5-951a-4a38422068cb: start FollowerState
2019-11-04 16:03:03,268 [grpc-default-executor-1] INFO  impl.RaftServerImpl (RaftServerImpl.java:setRole(184)) - a9143d84-6d7f-497d-b770-eb75585db3c7@group-7855C2F36E53: changes role from  FOLLOWER to FOLLOWER at term 503 for recognizeCandidate:e3fb79a3-1f86-42af-a80c-c46d1acdbc29
2019-11-04 16:03:03,268 [Thread-3269] INFO  impl.FollowerState (FollowerState.java:run(117)) - 81ff859e-e76f-43f5-951a-4a38422068cb@group-7855C2F36E53-FollowerState was interrupted: java.lang.InterruptedException: sleep interrupted
2019-11-04 16:03:03,268 [grpc-default-executor-1] INFO  impl.RoleInfo (RoleInfo.java:shutdownFollowerState(121)) - a9143d84-6d7f-497d-b770-eb75585db3c7: shutdown FollowerState
2019-11-04 16:03:03,269 [grpc-default-executor-1] INFO  impl.RoleInfo (RoleInfo.java:updateAndGet(143)) - a9143d84-6d7f-497d-b770-eb75585db3c7: start FollowerState
2019-11-04 16:03:03,269 [Thread-3270] INFO  impl.FollowerState (FollowerState.java:run(117)) - a9143d84-6d7f-497d-b770-eb75585db3c7@group-7855C2F36E53-FollowerState was interrupted: java.lang.InterruptedException: sleep interrupted
2019-11-04 16:03:03,294 [e3fb79a3-1f86-42af-a80c-c46d1acdbc29@group-7855C2F36E53-LeaderElection450] INFO  impl.LeaderElection (LeaderElection.java:logAndReturn(56)) - e3fb79a3-1f86-42af-a80c-c46d1acdbc29@group-7855C2F36E53-LeaderElection450: Election REJECTED; received 2 response(s) [e3fb79a3-1f86-42af-a80c-c46d1acdbc29<-81ff859e-e76f-43f5-951a-4a38422068cb#0:FAIL-t503, e3fb79a3-1f86-42af-a80c-c46d1acdbc29<-a9143d84-6d7f-497d-b770-eb75585db3c7#0:FAIL-t503] and 0 exception(s); e3fb79a3-1f86-42af-a80c-c46d1acdbc29@group-7855C2F36E53:t503, leader=null, voted=e3fb79a3-1f86-42af-a80c-c46d1acdbc29, raftlog=e3fb79a3-1f86-42af-a80c-c46d1acdbc29@group-7855C2F36E53-SegmentedRaftLog:OPENED:c-1,f-1,i0, conf=-1: [e3fb79a3-1f86-42af-a80c-c46d1acdbc29:192.168.157.194:44142, 81ff859e-e76f-43f5-951a-4a38422068cb:192.168.157.194:46532, a9143d84-6d7f-497d-b770-eb75585db3c7:192.168.157.194:42126], old=null
2019-11-04 16:03:03,294 [e3fb79a3-1f86-42af-a80c-c46d1acdbc29@group-7855C2F36E53-LeaderElection450] INFO  impl.RaftServerImpl (RaftServerImpl.java:setRole(184)) - e3fb79a3-1f86-42af-a80c-c46d1acdbc29@group-7855C2F36E53: changes role from CANDIDATE to FOLLOWER at term 503 for DISCOVERED_A_NEW_TERM
2019-11-04 16:03:03,295 [e3fb79a3-1f86-42af-a80c-c46d1acdbc29@group-7855C2F36E53-LeaderElection450] INFO  impl.RoleInfo (RoleInfo.java:shutdownLeaderElection(134)) - e3fb79a3-1f86-42af-a80c-c46d1acdbc29: shutdown LeaderElection
2019-11-04 16:03:03,295 [e3fb79a3-1f86-42af-a80c-c46d1acdbc29@group-7855C2F36E53-LeaderElection450] INFO  impl.RoleInfo (RoleInfo.java:updateAndGet(143)) - e3fb79a3-1f86-42af-a80c-c46d1acdbc29: start FollowerState
2019-11-04 16:03:03,369 [Thread-301] INFO  ipc.Client (Client.java:handleConnectionFailure(948)) - Retrying connect to server: localhost/127.0.0.1:38129. Already tried 2 time(s); retry policy is RetryUpToMaximumCountWithFixedSleep(maxRetries=10, sleepTime=1000 MILLISECONDS)
2019-11-04 16:03:03,381 [Thread-3277] INFO  impl.FollowerState (FollowerState.java:run(108)) - e3fb79a3-1f86-42af-a80c-c46d1acdbc29@group-7855C2F36E53-FollowerState: change to CANDIDATE, lastRpcTime:86ms, electionTimeout:86ms
2019-11-04 16:03:03,381 [Thread-3277] INFO  impl.RoleInfo (RoleInfo.java:shutdownFollowerState(121)) - e3fb79a3-1f86-42af-a80c-c46d1acdbc29: shutdown FollowerState
2019-11-04 16:03:03,381 [Thread-3277] INFO  impl.RaftServerImpl (RaftServerImpl.java:setRole(184)) - e3fb79a3-1f86-42af-a80c-c46d1acdbc29@group-7855C2F36E53: changes role from  FOLLOWER to CANDIDATE at term 503 for changeToCandidate
2019-11-04 16:03:03,381 [Thread-3277] INFO  impl.RoleInfo (RoleInfo.java:updateAndGet(143)) - e3fb79a3-1f86-42af-a80c-c46d1acdbc29: start LeaderElection
2019-11-04 16:03:03,387 [e3fb79a3-1f86-42af-a80c-c46d1acdbc29@group-7855C2F36E53-LeaderElection451] INFO  impl.LeaderElection (LeaderElection.java:askForVotes(178)) - e3fb79a3-1f86-42af-a80c-c46d1acdbc29@group-7855C2F36E53-LeaderElection451: begin an election at term 504 for -1: [e3fb79a3-1f86-42af-a80c-c46d1acdbc29:192.168.157.194:44142, 81ff859e-e76f-43f5-951a-4a38422068cb:192.168.157.194:46532, a9143d84-6d7f-497d-b770-eb75585db3c7:192.168.157.194:42126], old=null
2019-11-04 16:03:03,389 [grpc-default-executor-5] INFO  impl.RaftServerImpl (RaftServerImpl.java:setRole(184)) - 81ff859e-e76f-43f5-951a-4a38422068cb@group-7855C2F36E53: changes role from  FOLLOWER to FOLLOWER at term 504 for recognizeCandidate:e3fb79a3-1f86-42af-a80c-c46d1acdbc29
2019-11-04 16:03:03,389 [grpc-default-executor-5] INFO  impl.RoleInfo (RoleInfo.java:shutdownFollowerState(121)) - 81ff859e-e76f-43f5-951a-4a38422068cb: shutdown FollowerState
2019-11-04 16:03:03,389 [grpc-default-executor-1] INFO  impl.RaftServerImpl (RaftServerImpl.java:setRole(184)) - a9143d84-6d7f-497d-b770-eb75585db3c7@group-7855C2F36E53: changes role from  FOLLOWER to FOLLOWER at term 504 for recognizeCandidate:e3fb79a3-1f86-42af-a80c-c46d1acdbc29
2019-11-04 16:03:03,389 [grpc-default-executor-1] INFO  impl.RoleInfo (RoleInfo.java:shutdownFollowerState(121)) - a9143d84-6d7f-497d-b770-eb75585db3c7: shutdown FollowerState
2019-11-04 16:03:03,389 [Thread-3275] INFO  impl.FollowerState (FollowerState.java:run(117)) - 81ff859e-e76f-43f5-951a-4a38422068cb@group-7855C2F36E53-FollowerState was interrupted: java.lang.InterruptedException: sleep interrupted
2019-11-04 16:03:03,390 [Thread-3276] INFO  impl.FollowerState (FollowerState.java:run(117)) - a9143d84-6d7f-497d-b770-eb75585db3c7@group-7855C2F36E53-FollowerState was interrupted: java.lang.InterruptedException: sleep interrupted
2019-11-04 16:03:03,389 [grpc-default-executor-5] INFO  impl.RoleInfo (RoleInfo.java:updateAndGet(143)) - 81ff859e-e76f-43f5-951a-4a38422068cb: start FollowerState
2019-11-04 16:03:03,390 [grpc-default-executor-1] INFO  impl.RoleInfo (RoleInfo.java:updateAndGet(143)) - a9143d84-6d7f-497d-b770-eb75585db3c7: start FollowerState
2019-11-04 16:03:03,404 [e3fb79a3-1f86-42af-a80c-c46d1acdbc29@group-7855C2F36E53-LeaderElection451] INFO  impl.LeaderElection (LeaderElection.java:logAndReturn(56)) - e3fb79a3-1f86-42af-a80c-c46d1acdbc29@group-7855C2F36E53-LeaderElection451: Election REJECTED; received 2 response(s) [e3fb79a3-1f86-42af-a80c-c46d1acdbc29<-81ff859e-e76f-43f5-951a-4a38422068cb#0:FAIL-t504, e3fb79a3-1f86-42af-a80c-c46d1acdbc29<-a9143d84-6d7f-497d-b770-eb75585db3c7#0:FAIL-t504] and 0 exception(s); e3fb79a3-1f86-42af-a80c-c46d1acdbc29@group-7855C2F36E53:t504, leader=null, voted=e3fb79a3-1f86-42af-a80c-c46d1acdbc29, raftlog=e3fb79a3-1f86-42af-a80c-c46d1acdbc29@group-7855C2F36E53-SegmentedRaftLog:OPENED:c-1,f-1,i0, conf=-1: [e3fb79a3-1f86-42af-a80c-c46d1acdbc29:192.168.157.194:44142, 81ff859e-e76f-43f5-951a-4a38422068cb:192.168.157.194:46532, a9143d84-6d7f-497d-b770-eb75585db3c7:192.168.157.194:42126], old=null
2019-11-04 16:03:03,405 [e3fb79a3-1f86-42af-a80c-c46d1acdbc29@group-7855C2F36E53-LeaderElection451] INFO  impl.RaftServerImpl (RaftServerImpl.java:setRole(184)) - e3fb79a3-1f86-42af-a80c-c46d1acdbc29@group-7855C2F36E53: changes role from CANDIDATE to FOLLOWER at term 504 for DISCOVERED_A_NEW_TERM
2019-11-04 16:03:03,405 [e3fb79a3-1f86-42af-a80c-c46d1acdbc29@group-7855C2F36E53-LeaderElection451] INFO  impl.RoleInfo (RoleInfo.java:shutdownLeaderElection(134)) - e3fb79a3-1f86-42af-a80c-c46d1acdbc29: shutdown LeaderElection
2019-11-04 16:03:03,405 [e3fb79a3-1f86-42af-a80c-c46d1acdbc29@group-7855C2F36E53-LeaderElection451] INFO  impl.RoleInfo (RoleInfo.java:updateAndGet(143)) - e3fb79a3-1f86-42af-a80c-c46d1acdbc29: start FollowerState
2019-11-04 16:03:03,604 [Thread-3283] INFO  impl.FollowerState (FollowerState.java:run(108)) - e3fb79a3-1f86-42af-a80c-c46d1acdbc29@group-7855C2F36E53-FollowerState: change to CANDIDATE, lastRpcTime:199ms, electionTimeout:199ms
2019-11-04 16:03:03,604 [Thread-3283] INFO  impl.RoleInfo (RoleInfo.java:shutdownFollowerState(121)) - e3fb79a3-1f86-42af-a80c-c46d1acdbc29: shutdown FollowerState
2019-11-04 16:03:03,604 [Thread-3283] INFO  impl.RaftServerImpl (RaftServerImpl.java:setRole(184)) - e3fb79a3-1f86-42af-a80c-c46d1acdbc29@group-7855C2F36E53: changes role from  FOLLOWER to CANDIDATE at term 504 for changeToCandidate
2019-11-04 16:03:03,605 [Thread-3283] INFO  impl.RoleInfo (RoleInfo.java:updateAndGet(143)) - e3fb79a3-1f86-42af-a80c-c46d1acdbc29: start LeaderElection
2019-11-04 16:03:03,630 [e3fb79a3-1f86-42af-a80c-c46d1acdbc29@group-7855C2F36E53-LeaderElection452] INFO  impl.LeaderElection (LeaderElection.java:askForVotes(178)) - e3fb79a3-1f86-42af-a80c-c46d1acdbc29@group-7855C2F36E53-LeaderElection452: begin an election at term 505 for -1: [e3fb79a3-1f86-42af-a80c-c46d1acdbc29:192.168.157.194:44142, 81ff859e-e76f-43f5-951a-4a38422068cb:192.168.157.194:46532, a9143d84-6d7f-497d-b770-eb75585db3c7:192.168.157.194:42126], old=null
2019-11-04 16:03:03,632 [grpc-default-executor-1] INFO  impl.RaftServerImpl (RaftServerImpl.java:setRole(184)) - 81ff859e-e76f-43f5-951a-4a38422068cb@group-7855C2F36E53: changes role from  FOLLOWER to FOLLOWER at term 505 for recognizeCandidate:e3fb79a3-1f86-42af-a80c-c46d1acdbc29
2019-11-04 16:03:03,632 [grpc-default-executor-5] INFO  impl.RaftServerImpl (RaftServerImpl.java:setRole(184)) - a9143d84-6d7f-497d-b770-eb75585db3c7@group-7855C2F36E53: changes role from  FOLLOWER to FOLLOWER at term 505 for recognizeCandidate:e3fb79a3-1f86-42af-a80c-c46d1acdbc29
2019-11-04 16:03:03,632 [grpc-default-executor-1] INFO  impl.RoleInfo (RoleInfo.java:shutdownFollowerState(121)) - 81ff859e-e76f-43f5-951a-4a38422068cb: shutdown FollowerState
2019-11-04 16:03:03,632 [grpc-default-executor-5] INFO  impl.RoleInfo (RoleInfo.java:shutdownFollowerState(121)) - a9143d84-6d7f-497d-b770-eb75585db3c7: shutdown FollowerState
2019-11-04 16:03:03,633 [Thread-3281] INFO  impl.FollowerState (FollowerState.java:run(117)) - 81ff859e-e76f-43f5-951a-4a38422068cb@group-7855C2F36E53-FollowerState was interrupted: java.lang.InterruptedException: sleep interrupted
2019-11-04 16:03:03,633 [grpc-default-executor-1] INFO  impl.RoleInfo (RoleInfo.java:updateAndGet(143)) - 81ff859e-e76f-43f5-951a-4a38422068cb: start FollowerState
2019-11-04 16:03:03,633 [Thread-3282] INFO  impl.FollowerState (FollowerState.java:run(117)) - a9143d84-6d7f-497d-b770-eb75585db3c7@group-7855C2F36E53-FollowerState was interrupted: java.lang.InterruptedException: sleep interrupted
2019-11-04 16:03:03,633 [grpc-default-executor-5] INFO  impl.RoleInfo (RoleInfo.java:updateAndGet(143)) - a9143d84-6d7f-497d-b770-eb75585db3c7: start FollowerState
2019-11-04 16:03:03,660 [e3fb79a3-1f86-42af-a80c-c46d1acdbc29@group-7855C2F36E53-LeaderElection452] INFO  impl.LeaderElection (LeaderElection.java:logAndReturn(56)) - e3fb79a3-1f86-42af-a80c-c46d1acdbc29@group-7855C2F36E53-LeaderElection452: Election REJECTED; received 2 response(s) [e3fb79a3-1f86-42af-a80c-c46d1acdbc29<-81ff859e-e76f-43f5-951a-4a38422068cb#0:FAIL-t505, e3fb79a3-1f86-42af-a80c-c46d1acdbc29<-a9143d84-6d7f-497d-b770-eb75585db3c7#0:FAIL-t505] and 0 exception(s); e3fb79a3-1f86-42af-a80c-c46d1acdbc29@group-7855C2F36E53:t505, leader=null, voted=e3fb79a3-1f86-42af-a80c-c46d1acdbc29, raftlog=e3fb79a3-1f86-42af-a80c-c46d1acdbc29@group-7855C2F36E53-SegmentedRaftLog:OPENED:c-1,f-1,i0, conf=-1: [e3fb79a3-1f86-42af-a80c-c46d1acdbc29:192.168.157.194:44142, 81ff859e-e76f-43f5-951a-4a38422068cb:192.168.157.194:46532, a9143d84-6d7f-497d-b770-eb75585db3c7:192.168.157.194:42126], old=null
2019-11-04 16:03:03,660 [e3fb79a3-1f86-42af-a80c-c46d1acdbc29@group-7855C2F36E53-LeaderElection452] INFO  impl.RaftServerImpl (RaftServerImpl.java:setRole(184)) - e3fb79a3-1f86-42af-a80c-c46d1acdbc29@group-7855C2F36E53: changes role from CANDIDATE to FOLLOWER at term 505 for DISCOVERED_A_NEW_TERM
2019-11-04 16:03:03,660 [e3fb79a3-1f86-42af-a80c-c46d1acdbc29@group-7855C2F36E53-LeaderElection452] INFO  impl.RoleInfo (RoleInfo.java:shutdownLeaderElection(134)) - e3fb79a3-1f86-42af-a80c-c46d1acdbc29: shutdown LeaderElection
2019-11-04 16:03:03,660 [e3fb79a3-1f86-42af-a80c-c46d1acdbc29@group-7855C2F36E53-LeaderElection452] INFO  impl.RoleInfo (RoleInfo.java:updateAndGet(143)) - e3fb79a3-1f86-42af-a80c-c46d1acdbc29: start FollowerState
2019-11-04 16:03:03,723 [Thread-3291] INFO  impl.FollowerState (FollowerState.java:run(108)) - e3fb79a3-1f86-42af-a80c-c46d1acdbc29@group-7855C2F36E53-FollowerState: change to CANDIDATE, lastRpcTime:63ms, electionTimeout:63ms
2019-11-04 16:03:03,724 [Thread-3291] INFO  impl.RoleInfo (RoleInfo.java:shutdownFollowerState(121)) - e3fb79a3-1f86-42af-a80c-c46d1acdbc29: shutdown FollowerState
2019-11-04 16:03:03,724 [Thread-3291] INFO  impl.RaftServerImpl (RaftServerImpl.java:setRole(184)) - e3fb79a3-1f86-42af-a80c-c46d1acdbc29@group-7855C2F36E53: changes role from  FOLLOWER to CANDIDATE at term 505 for changeToCandidate
2019-11-04 16:03:03,724 [Thread-3291] INFO  impl.RoleInfo (RoleInfo.java:updateAndGet(143)) - e3fb79a3-1f86-42af-a80c-c46d1acdbc29: start LeaderElection
2019-11-04 16:03:03,738 [e3fb79a3-1f86-42af-a80c-c46d1acdbc29@group-7855C2F36E53-LeaderElection453] INFO  impl.LeaderElection (LeaderElection.java:askForVotes(178)) - e3fb79a3-1f86-42af-a80c-c46d1acdbc29@group-7855C2F36E53-LeaderElection453: begin an election at term 506 for -1: [e3fb79a3-1f86-42af-a80c-c46d1acdbc29:192.168.157.194:44142, 81ff859e-e76f-43f5-951a-4a38422068cb:192.168.157.194:46532, a9143d84-6d7f-497d-b770-eb75585db3c7:192.168.157.194:42126], old=null
2019-11-04 16:03:03,739 [grpc-default-executor-1] INFO  impl.RaftServerImpl (RaftServerImpl.java:setRole(184)) - 81ff859e-e76f-43f5-951a-4a38422068cb@group-7855C2F36E53: changes role from  FOLLOWER to FOLLOWER at term 506 for recognizeCandidate:e3fb79a3-1f86-42af-a80c-c46d1acdbc29
2019-11-04 16:03:03,739 [grpc-default-executor-1] INFO  impl.RoleInfo (RoleInfo.java:shutdownFollowerState(121)) - 81ff859e-e76f-43f5-951a-4a38422068cb: shutdown FollowerState
2019-11-04 16:03:03,739 [grpc-default-executor-5] INFO  impl.RaftServerImpl (RaftServerImpl.java:setRole(184)) - a9143d84-6d7f-497d-b770-eb75585db3c7@group-7855C2F36E53: changes role from  FOLLOWER to FOLLOWER at term 506 for recognizeCandidate:e3fb79a3-1f86-42af-a80c-c46d1acdbc29
2019-11-04 16:03:03,740 [grpc-default-executor-1] INFO  impl.RoleInfo (RoleInfo.java:updateAndGet(143)) - 81ff859e-e76f-43f5-951a-4a38422068cb: start FollowerState
2019-11-04 16:03:03,740 [Thread-3289] INFO  impl.FollowerState (FollowerState.java:run(117)) - 81ff859e-e76f-43f5-951a-4a38422068cb@group-7855C2F36E53-FollowerState was interrupted: java.lang.InterruptedException: sleep interrupted
2019-11-04 16:03:03,740 [grpc-default-executor-5] INFO  impl.RoleInfo (RoleInfo.java:shutdownFollowerState(121)) - a9143d84-6d7f-497d-b770-eb75585db3c7: shutdown FollowerState
2019-11-04 16:03:03,740 [grpc-default-executor-5] INFO  impl.RoleInfo (RoleInfo.java:updateAndGet(143)) - a9143d84-6d7f-497d-b770-eb75585db3c7: start FollowerState
2019-11-04 16:03:03,740 [Thread-3290] INFO  impl.FollowerState (FollowerState.java:run(117)) - a9143d84-6d7f-497d-b770-eb75585db3c7@group-7855C2F36E53-FollowerState was interrupted: java.lang.InterruptedException: sleep interrupted
2019-11-04 16:03:03,754 [e3fb79a3-1f86-42af-a80c-c46d1acdbc29@group-7855C2F36E53-LeaderElection453] INFO  impl.LeaderElection (LeaderElection.java:logAndReturn(56)) - e3fb79a3-1f86-42af-a80c-c46d1acdbc29@group-7855C2F36E53-LeaderElection453: Election REJECTED; received 2 response(s) [e3fb79a3-1f86-42af-a80c-c46d1acdbc29<-81ff859e-e76f-43f5-951a-4a38422068cb#0:FAIL-t506, e3fb79a3-1f86-42af-a80c-c46d1acdbc29<-a9143d84-6d7f-497d-b770-eb75585db3c7#0:FAIL-t506] and 0 exception(s); e3fb79a3-1f86-42af-a80c-c46d1acdbc29@group-7855C2F36E53:t506, leader=null, voted=e3fb79a3-1f86-42af-a80c-c46d1acdbc29, raftlog=e3fb79a3-1f86-42af-a80c-c46d1acdbc29@group-7855C2F36E53-SegmentedRaftLog:OPENED:c-1,f-1,i0, conf=-1: [e3fb79a3-1f86-42af-a80c-c46d1acdbc29:192.168.157.194:44142, 81ff859e-e76f-43f5-951a-4a38422068cb:192.168.157.194:46532, a9143d84-6d7f-497d-b770-eb75585db3c7:192.168.157.194:42126], old=null
2019-11-04 16:03:03,754 [e3fb79a3-1f86-42af-a80c-c46d1acdbc29@group-7855C2F36E53-LeaderElection453] INFO  impl.RaftServerImpl (RaftServerImpl.java:setRole(184)) - e3fb79a3-1f86-42af-a80c-c46d1acdbc29@group-7855C2F36E53: changes role from CANDIDATE to FOLLOWER at term 506 for DISCOVERED_A_NEW_TERM
2019-11-04 16:03:03,754 [e3fb79a3-1f86-42af-a80c-c46d1acdbc29@group-7855C2F36E53-LeaderElection453] INFO  impl.RoleInfo (RoleInfo.java:shutdownLeaderElection(134)) - e3fb79a3-1f86-42af-a80c-c46d1acdbc29: shutdown LeaderElection
2019-11-04 16:03:03,754 [e3fb79a3-1f86-42af-a80c-c46d1acdbc29@group-7855C2F36E53-LeaderElection453] INFO  impl.RoleInfo (RoleInfo.java:updateAndGet(143)) - e3fb79a3-1f86-42af-a80c-c46d1acdbc29: start FollowerState
2019-11-04 16:03:03,903 [Thread-3297] INFO  impl.FollowerState (FollowerState.java:run(108)) - e3fb79a3-1f86-42af-a80c-c46d1acdbc29@group-7855C2F36E53-FollowerState: change to CANDIDATE, lastRpcTime:148ms, electionTimeout:148ms
2019-11-04 16:03:03,903 [Thread-3297] INFO  impl.RoleInfo (RoleInfo.java:shutdownFollowerState(121)) - e3fb79a3-1f86-42af-a80c-c46d1acdbc29: shutdown FollowerState
2019-11-04 16:03:03,903 [Thread-3297] INFO  impl.RaftServerImpl (RaftServerImpl.java:setRole(184)) - e3fb79a3-1f86-42af-a80c-c46d1acdbc29@group-7855C2F36E53: changes role from  FOLLOWER to CANDIDATE at term 506 for changeToCandidate
2019-11-04 16:03:03,903 [Thread-3297] INFO  impl.RoleInfo (RoleInfo.java:updateAndGet(143)) - e3fb79a3-1f86-42af-a80c-c46d1acdbc29: start LeaderElection
2019-11-04 16:03:03,917 [e3fb79a3-1f86-42af-a80c-c46d1acdbc29@group-7855C2F36E53-LeaderElection454] INFO  impl.LeaderElection (LeaderElection.java:askForVotes(178)) - e3fb79a3-1f86-42af-a80c-c46d1acdbc29@group-7855C2F36E53-LeaderElection454: begin an election at term 507 for -1: [e3fb79a3-1f86-42af-a80c-c46d1acdbc29:192.168.157.194:44142, 81ff859e-e76f-43f5-951a-4a38422068cb:192.168.157.194:46532, a9143d84-6d7f-497d-b770-eb75585db3c7:192.168.157.194:42126], old=null
2019-11-04 16:03:03,919 [grpc-default-executor-5] INFO  impl.RaftServerImpl (RaftServerImpl.java:setRole(184)) - 81ff859e-e76f-43f5-951a-4a38422068cb@group-7855C2F36E53: changes role from  FOLLOWER to FOLLOWER at term 507 for recognizeCandidate:e3fb79a3-1f86-42af-a80c-c46d1acdbc29
2019-11-04 16:03:03,919 [grpc-default-executor-5] INFO  impl.RoleInfo (RoleInfo.java:shutdownFollowerState(121)) - 81ff859e-e76f-43f5-951a-4a38422068cb: shutdown FollowerState
2019-11-04 16:03:03,919 [grpc-default-executor-1] INFO  impl.RaftServerImpl (RaftServerImpl.java:setRole(184)) - a9143d84-6d7f-497d-b770-eb75585db3c7@group-7855C2F36E53: changes role from  FOLLOWER to FOLLOWER at term 507 for recognizeCandidate:e3fb79a3-1f86-42af-a80c-c46d1acdbc29
2019-11-04 16:03:03,919 [grpc-default-executor-5] INFO  impl.RoleInfo (RoleInfo.java:updateAndGet(143)) - 81ff859e-e76f-43f5-951a-4a38422068cb: start FollowerState
2019-11-04 16:03:03,919 [Thread-3295] INFO  impl.FollowerState (FollowerState.java:run(117)) - 81ff859e-e76f-43f5-951a-4a38422068cb@group-7855C2F36E53-FollowerState was interrupted: java.lang.InterruptedException: sleep interrupted
2019-11-04 16:03:03,919 [grpc-default-executor-1] INFO  impl.RoleInfo (RoleInfo.java:shutdownFollowerState(121)) - a9143d84-6d7f-497d-b770-eb75585db3c7: shutdown FollowerState
2019-11-04 16:03:03,920 [grpc-default-executor-1] INFO  impl.RoleInfo (RoleInfo.java:updateAndGet(143)) - a9143d84-6d7f-497d-b770-eb75585db3c7: start FollowerState
2019-11-04 16:03:03,920 [Thread-3296] INFO  impl.FollowerState (FollowerState.java:run(117)) - a9143d84-6d7f-497d-b770-eb75585db3c7@group-7855C2F36E53-FollowerState was interrupted: java.lang.InterruptedException: sleep interrupted
2019-11-04 16:03:03,934 [e3fb79a3-1f86-42af-a80c-c46d1acdbc29@group-7855C2F36E53-LeaderElection454] INFO  impl.LeaderElection (LeaderElection.java:logAndReturn(56)) - e3fb79a3-1f86-42af-a80c-c46d1acdbc29@group-7855C2F36E53-LeaderElection454: Election REJECTED; received 2 response(s) [e3fb79a3-1f86-42af-a80c-c46d1acdbc29<-81ff859e-e76f-43f5-951a-4a38422068cb#0:FAIL-t507, e3fb79a3-1f86-42af-a80c-c46d1acdbc29<-a9143d84-6d7f-497d-b770-eb75585db3c7#0:FAIL-t507] and 0 exception(s); e3fb79a3-1f86-42af-a80c-c46d1acdbc29@group-7855C2F36E53:t507, leader=null, voted=e3fb79a3-1f86-42af-a80c-c46d1acdbc29, raftlog=e3fb79a3-1f86-42af-a80c-c46d1acdbc29@group-7855C2F36E53-SegmentedRaftLog:OPENED:c-1,f-1,i0, conf=-1: [e3fb79a3-1f86-42af-a80c-c46d1acdbc29:192.168.157.194:44142, 81ff859e-e76f-43f5-951a-4a38422068cb:192.168.157.194:46532, a9143d84-6d7f-497d-b770-eb75585db3c7:192.168.157.194:42126], old=null
2019-11-04 16:03:03,935 [e3fb79a3-1f86-42af-a80c-c46d1acdbc29@group-7855C2F36E53-LeaderElection454] INFO  impl.RaftServerImpl (RaftServerImpl.java:setRole(184)) - e3fb79a3-1f86-42af-a80c-c46d1acdbc29@group-7855C2F36E53: changes role from CANDIDATE to FOLLOWER at term 507 for DISCOVERED_A_NEW_TERM
2019-11-04 16:03:03,935 [e3fb79a3-1f86-42af-a80c-c46d1acdbc29@group-7855C2F36E53-LeaderElection454] INFO  impl.RoleInfo (RoleInfo.java:shutdownLeaderElection(134)) - e3fb79a3-1f86-42af-a80c-c46d1acdbc29: shutdown LeaderElection
2019-11-04 16:03:03,935 [e3fb79a3-1f86-42af-a80c-c46d1acdbc29@group-7855C2F36E53-LeaderElection454] INFO  impl.RoleInfo (RoleInfo.java:updateAndGet(143)) - e3fb79a3-1f86-42af-a80c-c46d1acdbc29: start FollowerState
2019-11-04 16:03:04,020 [Thread-3303] INFO  impl.FollowerState (FollowerState.java:run(108)) - e3fb79a3-1f86-42af-a80c-c46d1acdbc29@group-7855C2F36E53-FollowerState: change to CANDIDATE, lastRpcTime:85ms, electionTimeout:85ms
2019-11-04 16:03:04,020 [Thread-3303] INFO  impl.RoleInfo (RoleInfo.java:shutdownFollowerState(121)) - e3fb79a3-1f86-42af-a80c-c46d1acdbc29: shutdown FollowerState
2019-11-04 16:03:04,021 [Thread-3303] INFO  impl.RaftServerImpl (RaftServerImpl.java:setRole(184)) - e3fb79a3-1f86-42af-a80c-c46d1acdbc29@group-7855C2F36E53: changes role from  FOLLOWER to CANDIDATE at term 507 for changeToCandidate
2019-11-04 16:03:04,021 [Thread-3303] INFO  impl.RoleInfo (RoleInfo.java:updateAndGet(143)) - e3fb79a3-1f86-42af-a80c-c46d1acdbc29: start LeaderElection
2019-11-04 16:03:04,034 [e3fb79a3-1f86-42af-a80c-c46d1acdbc29@group-7855C2F36E53-LeaderElection455] INFO  impl.LeaderElection (LeaderElection.java:askForVotes(178)) - e3fb79a3-1f86-42af-a80c-c46d1acdbc29@group-7855C2F36E53-LeaderElection455: begin an election at term 508 for -1: [e3fb79a3-1f86-42af-a80c-c46d1acdbc29:192.168.157.194:44142, 81ff859e-e76f-43f5-951a-4a38422068cb:192.168.157.194:46532, a9143d84-6d7f-497d-b770-eb75585db3c7:192.168.157.194:42126], old=null
2019-11-04 16:03:04,036 [grpc-default-executor-5] INFO  impl.RaftServerImpl (RaftServerImpl.java:setRole(184)) - a9143d84-6d7f-497d-b770-eb75585db3c7@group-7855C2F36E53: changes role from  FOLLOWER to FOLLOWER at term 508 for recognizeCandidate:e3fb79a3-1f86-42af-a80c-c46d1acdbc29
2019-11-04 16:03:04,036 [grpc-default-executor-1] INFO  impl.RaftServerImpl (RaftServerImpl.java:setRole(184)) - 81ff859e-e76f-43f5-951a-4a38422068cb@group-7855C2F36E53: changes role from  FOLLOWER to FOLLOWER at term 508 for recognizeCandidate:e3fb79a3-1f86-42af-a80c-c46d1acdbc29
2019-11-04 16:03:04,036 [grpc-default-executor-1] INFO  impl.RoleInfo (RoleInfo.java:shutdownFollowerState(121)) - 81ff859e-e76f-43f5-951a-4a38422068cb: shutdown FollowerState
2019-11-04 16:03:04,036 [grpc-default-executor-5] INFO  impl.RoleInfo (RoleInfo.java:shutdownFollowerState(121)) - a9143d84-6d7f-497d-b770-eb75585db3c7: shutdown FollowerState
2019-11-04 16:03:04,037 [Thread-3301] INFO  impl.FollowerState (FollowerState.java:run(117)) - 81ff859e-e76f-43f5-951a-4a38422068cb@group-7855C2F36E53-FollowerState was interrupted: java.lang.InterruptedException: sleep interrupted
2019-11-04 16:03:04,037 [grpc-default-executor-1] INFO  impl.RoleInfo (RoleInfo.java:updateAndGet(143)) - 81ff859e-e76f-43f5-951a-4a38422068cb: start FollowerState
2019-11-04 16:03:04,037 [Thread-3302] INFO  impl.FollowerState (FollowerState.java:run(117)) - a9143d84-6d7f-497d-b770-eb75585db3c7@group-7855C2F36E53-FollowerState was interrupted: java.lang.InterruptedException: sleep interrupted
2019-11-04 16:03:04,037 [grpc-default-executor-5] INFO  impl.RoleInfo (RoleInfo.java:updateAndGet(143)) - a9143d84-6d7f-497d-b770-eb75585db3c7: start FollowerState
2019-11-04 16:03:04,054 [e3fb79a3-1f86-42af-a80c-c46d1acdbc29@group-7855C2F36E53-LeaderElection455] INFO  impl.LeaderElection (LeaderElection.java:logAndReturn(56)) - e3fb79a3-1f86-42af-a80c-c46d1acdbc29@group-7855C2F36E53-LeaderElection455: Election REJECTED; received 2 response(s) [e3fb79a3-1f86-42af-a80c-c46d1acdbc29<-81ff859e-e76f-43f5-951a-4a38422068cb#0:FAIL-t508, e3fb79a3-1f86-42af-a80c-c46d1acdbc29<-a9143d84-6d7f-497d-b770-eb75585db3c7#0:FAIL-t508] and 0 exception(s); e3fb79a3-1f86-42af-a80c-c46d1acdbc29@group-7855C2F36E53:t508, leader=null, voted=e3fb79a3-1f86-42af-a80c-c46d1acdbc29, raftlog=e3fb79a3-1f86-42af-a80c-c46d1acdbc29@group-7855C2F36E53-SegmentedRaftLog:OPENED:c-1,f-1,i0, conf=-1: [e3fb79a3-1f86-42af-a80c-c46d1acdbc29:192.168.157.194:44142, 81ff859e-e76f-43f5-951a-4a38422068cb:192.168.157.194:46532, a9143d84-6d7f-497d-b770-eb75585db3c7:192.168.157.194:42126], old=null
2019-11-04 16:03:04,055 [e3fb79a3-1f86-42af-a80c-c46d1acdbc29@group-7855C2F36E53-LeaderElection455] INFO  impl.RaftServerImpl (RaftServerImpl.java:setRole(184)) - e3fb79a3-1f86-42af-a80c-c46d1acdbc29@group-7855C2F36E53: changes role from CANDIDATE to FOLLOWER at term 508 for DISCOVERED_A_NEW_TERM
2019-11-04 16:03:04,055 [e3fb79a3-1f86-42af-a80c-c46d1acdbc29@group-7855C2F36E53-LeaderElection455] INFO  impl.RoleInfo (RoleInfo.java:shutdownLeaderElection(134)) - e3fb79a3-1f86-42af-a80c-c46d1acdbc29: shutdown LeaderElection
2019-11-04 16:03:04,055 [e3fb79a3-1f86-42af-a80c-c46d1acdbc29@group-7855C2F36E53-LeaderElection455] INFO  impl.RoleInfo (RoleInfo.java:updateAndGet(143)) - e3fb79a3-1f86-42af-a80c-c46d1acdbc29: start FollowerState
2019-11-04 16:03:04,170 [Thread-3309] INFO  impl.FollowerState (FollowerState.java:run(108)) - e3fb79a3-1f86-42af-a80c-c46d1acdbc29@group-7855C2F36E53-FollowerState: change to CANDIDATE, lastRpcTime:114ms, electionTimeout:114ms
2019-11-04 16:03:04,170 [Thread-3309] INFO  impl.RoleInfo (RoleInfo.java:shutdownFollowerState(121)) - e3fb79a3-1f86-42af-a80c-c46d1acdbc29: shutdown FollowerState
2019-11-04 16:03:04,170 [Thread-3309] INFO  impl.RaftServerImpl (RaftServerImpl.java:setRole(184)) - e3fb79a3-1f86-42af-a80c-c46d1acdbc29@group-7855C2F36E53: changes role from  FOLLOWER to CANDIDATE at term 508 for changeToCandidate
2019-11-04 16:03:04,170 [Thread-3309] INFO  impl.RoleInfo (RoleInfo.java:updateAndGet(143)) - e3fb79a3-1f86-42af-a80c-c46d1acdbc29: start LeaderElection
2019-11-04 16:03:04,198 [e3fb79a3-1f86-42af-a80c-c46d1acdbc29@group-7855C2F36E53-LeaderElection456] INFO  impl.LeaderElection (LeaderElection.java:askForVotes(178)) - e3fb79a3-1f86-42af-a80c-c46d1acdbc29@group-7855C2F36E53-LeaderElection456: begin an election at term 509 for -1: [e3fb79a3-1f86-42af-a80c-c46d1acdbc29:192.168.157.194:44142, 81ff859e-e76f-43f5-951a-4a38422068cb:192.168.157.194:46532, a9143d84-6d7f-497d-b770-eb75585db3c7:192.168.157.194:42126], old=null
2019-11-04 16:03:04,199 [grpc-default-executor-1] INFO  impl.RaftServerImpl (RaftServerImpl.java:setRole(184)) - 81ff859e-e76f-43f5-951a-4a38422068cb@group-7855C2F36E53: changes role from  FOLLOWER to FOLLOWER at term 509 for recognizeCandidate:e3fb79a3-1f86-42af-a80c-c46d1acdbc29
2019-11-04 16:03:04,199 [grpc-default-executor-1] INFO  impl.RoleInfo (RoleInfo.java:shutdownFollowerState(121)) - 81ff859e-e76f-43f5-951a-4a38422068cb: shutdown FollowerState
2019-11-04 16:03:04,200 [grpc-default-executor-1] INFO  impl.RoleInfo (RoleInfo.java:updateAndGet(143)) - 81ff859e-e76f-43f5-951a-4a38422068cb: start FollowerState
2019-11-04 16:03:04,200 [Thread-3307] INFO  impl.FollowerState (FollowerState.java:run(117)) - 81ff859e-e76f-43f5-951a-4a38422068cb@group-7855C2F36E53-FollowerState was interrupted: java.lang.InterruptedException: sleep interrupted
2019-11-04 16:03:04,200 [grpc-default-executor-5] INFO  impl.RaftServerImpl (RaftServerImpl.java:setRole(184)) - a9143d84-6d7f-497d-b770-eb75585db3c7@group-7855C2F36E53: changes role from  FOLLOWER to FOLLOWER at term 509 for recognizeCandidate:e3fb79a3-1f86-42af-a80c-c46d1acdbc29
2019-11-04 16:03:04,200 [grpc-default-executor-5] INFO  impl.RoleInfo (RoleInfo.java:shutdownFollowerState(121)) - a9143d84-6d7f-497d-b770-eb75585db3c7: shutdown FollowerState
2019-11-04 16:03:04,200 [grpc-default-executor-5] INFO  impl.RoleInfo (RoleInfo.java:updateAndGet(143)) - a9143d84-6d7f-497d-b770-eb75585db3c7: start FollowerState
2019-11-04 16:03:04,200 [Thread-3308] INFO  impl.FollowerState (FollowerState.java:run(117)) - a9143d84-6d7f-497d-b770-eb75585db3c7@group-7855C2F36E53-FollowerState was interrupted: java.lang.InterruptedException: sleep interrupted
2019-11-04 16:03:04,216 [e3fb79a3-1f86-42af-a80c-c46d1acdbc29@group-7855C2F36E53-LeaderElection456] INFO  impl.LeaderElection (LeaderElection.java:logAndReturn(56)) - e3fb79a3-1f86-42af-a80c-c46d1acdbc29@group-7855C2F36E53-LeaderElection456: Election REJECTED; received 2 response(s) [e3fb79a3-1f86-42af-a80c-c46d1acdbc29<-81ff859e-e76f-43f5-951a-4a38422068cb#0:FAIL-t509, e3fb79a3-1f86-42af-a80c-c46d1acdbc29<-a9143d84-6d7f-497d-b770-eb75585db3c7#0:FAIL-t509] and 0 exception(s); e3fb79a3-1f86-42af-a80c-c46d1acdbc29@group-7855C2F36E53:t509, leader=null, voted=e3fb79a3-1f86-42af-a80c-c46d1acdbc29, raftlog=e3fb79a3-1f86-42af-a80c-c46d1acdbc29@group-7855C2F36E53-SegmentedRaftLog:OPENED:c-1,f-1,i0, conf=-1: [e3fb79a3-1f86-42af-a80c-c46d1acdbc29:192.168.157.194:44142, 81ff859e-e76f-43f5-951a-4a38422068cb:192.168.157.194:46532, a9143d84-6d7f-497d-b770-eb75585db3c7:192.168.157.194:42126], old=null
2019-11-04 16:03:04,216 [e3fb79a3-1f86-42af-a80c-c46d1acdbc29@group-7855C2F36E53-LeaderElection456] INFO  impl.RaftServerImpl (RaftServerImpl.java:setRole(184)) - e3fb79a3-1f86-42af-a80c-c46d1acdbc29@group-7855C2F36E53: changes role from CANDIDATE to FOLLOWER at term 509 for DISCOVERED_A_NEW_TERM
2019-11-04 16:03:04,216 [e3fb79a3-1f86-42af-a80c-c46d1acdbc29@group-7855C2F36E53-LeaderElection456] INFO  impl.RoleInfo (RoleInfo.java:shutdownLeaderElection(134)) - e3fb79a3-1f86-42af-a80c-c46d1acdbc29: shutdown LeaderElection
2019-11-04 16:03:04,216 [e3fb79a3-1f86-42af-a80c-c46d1acdbc29@group-7855C2F36E53-LeaderElection456] INFO  impl.RoleInfo (RoleInfo.java:updateAndGet(143)) - e3fb79a3-1f86-42af-a80c-c46d1acdbc29: start FollowerState
2019-11-04 16:03:04,328 [Thread-3315] INFO  impl.FollowerState (FollowerState.java:run(108)) - e3fb79a3-1f86-42af-a80c-c46d1acdbc29@group-7855C2F36E53-FollowerState: change to CANDIDATE, lastRpcTime:111ms, electionTimeout:111ms
2019-11-04 16:03:04,328 [Thread-3315] INFO  impl.RoleInfo (RoleInfo.java:shutdownFollowerState(121)) - e3fb79a3-1f86-42af-a80c-c46d1acdbc29: shutdown FollowerState
2019-11-04 16:03:04,328 [Thread-3315] INFO  impl.RaftServerImpl (RaftServerImpl.java:setRole(184)) - e3fb79a3-1f86-42af-a80c-c46d1acdbc29@group-7855C2F36E53: changes role from  FOLLOWER to CANDIDATE at term 509 for changeToCandidate
2019-11-04 16:03:04,328 [Thread-3315] INFO  impl.RoleInfo (RoleInfo.java:updateAndGet(143)) - e3fb79a3-1f86-42af-a80c-c46d1acdbc29: start LeaderElection
2019-11-04 16:03:04,343 [e3fb79a3-1f86-42af-a80c-c46d1acdbc29@group-7855C2F36E53-LeaderElection457] INFO  impl.LeaderElection (LeaderElection.java:askForVotes(178)) - e3fb79a3-1f86-42af-a80c-c46d1acdbc29@group-7855C2F36E53-LeaderElection457: begin an election at term 510 for -1: [e3fb79a3-1f86-42af-a80c-c46d1acdbc29:192.168.157.194:44142, 81ff859e-e76f-43f5-951a-4a38422068cb:192.168.157.194:46532, a9143d84-6d7f-497d-b770-eb75585db3c7:192.168.157.194:42126], old=null
2019-11-04 16:03:04,345 [grpc-default-executor-1] INFO  impl.RaftServerImpl (RaftServerImpl.java:setRole(184)) - 81ff859e-e76f-43f5-951a-4a38422068cb@group-7855C2F36E53: changes role from  FOLLOWER to FOLLOWER at term 510 for recognizeCandidate:e3fb79a3-1f86-42af-a80c-c46d1acdbc29
2019-11-04 16:03:04,345 [grpc-default-executor-1] INFO  impl.RoleInfo (RoleInfo.java:shutdownFollowerState(121)) - 81ff859e-e76f-43f5-951a-4a38422068cb: shutdown FollowerState
2019-11-04 16:03:04,345 [grpc-default-executor-5] INFO  impl.RaftServerImpl (RaftServerImpl.java:setRole(184)) - a9143d84-6d7f-497d-b770-eb75585db3c7@group-7855C2F36E53: changes role from  FOLLOWER to FOLLOWER at term 510 for recognizeCandidate:e3fb79a3-1f86-42af-a80c-c46d1acdbc29
2019-11-04 16:03:04,345 [grpc-default-executor-5] INFO  impl.RoleInfo (RoleInfo.java:shutdownFollowerState(121)) - a9143d84-6d7f-497d-b770-eb75585db3c7: shutdown FollowerState
2019-11-04 16:03:04,345 [Thread-3313] INFO  impl.FollowerState (FollowerState.java:run(117)) - 81ff859e-e76f-43f5-951a-4a38422068cb@group-7855C2F36E53-FollowerState was interrupted: java.lang.InterruptedException: sleep interrupted
2019-11-04 16:03:04,345 [grpc-default-executor-1] INFO  impl.RoleInfo (RoleInfo.java:updateAndGet(143)) - 81ff859e-e76f-43f5-951a-4a38422068cb: start FollowerState
2019-11-04 16:03:04,345 [Thread-3314] INFO  impl.FollowerState (FollowerState.java:run(117)) - a9143d84-6d7f-497d-b770-eb75585db3c7@group-7855C2F36E53-FollowerState was interrupted: java.lang.InterruptedException: sleep interrupted
2019-11-04 16:03:04,345 [grpc-default-executor-5] INFO  impl.RoleInfo (RoleInfo.java:updateAndGet(143)) - a9143d84-6d7f-497d-b770-eb75585db3c7: start FollowerState
2019-11-04 16:03:04,361 [e3fb79a3-1f86-42af-a80c-c46d1acdbc29@group-7855C2F36E53-LeaderElection457] INFO  impl.LeaderElection (LeaderElection.java:logAndReturn(56)) - e3fb79a3-1f86-42af-a80c-c46d1acdbc29@group-7855C2F36E53-LeaderElection457: Election REJECTED; received 2 response(s) [e3fb79a3-1f86-42af-a80c-c46d1acdbc29<-81ff859e-e76f-43f5-951a-4a38422068cb#0:FAIL-t510, e3fb79a3-1f86-42af-a80c-c46d1acdbc29<-a9143d84-6d7f-497d-b770-eb75585db3c7#0:FAIL-t510] and 0 exception(s); e3fb79a3-1f86-42af-a80c-c46d1acdbc29@group-7855C2F36E53:t510, leader=null, voted=e3fb79a3-1f86-42af-a80c-c46d1acdbc29, raftlog=e3fb79a3-1f86-42af-a80c-c46d1acdbc29@group-7855C2F36E53-SegmentedRaftLog:OPENED:c-1,f-1,i0, conf=-1: [e3fb79a3-1f86-42af-a80c-c46d1acdbc29:192.168.157.194:44142, 81ff859e-e76f-43f5-951a-4a38422068cb:192.168.157.194:46532, a9143d84-6d7f-497d-b770-eb75585db3c7:192.168.157.194:42126], old=null
2019-11-04 16:03:04,362 [e3fb79a3-1f86-42af-a80c-c46d1acdbc29@group-7855C2F36E53-LeaderElection457] INFO  impl.RaftServerImpl (RaftServerImpl.java:setRole(184)) - e3fb79a3-1f86-42af-a80c-c46d1acdbc29@group-7855C2F36E53: changes role from CANDIDATE to FOLLOWER at term 510 for DISCOVERED_A_NEW_TERM
2019-11-04 16:03:04,362 [e3fb79a3-1f86-42af-a80c-c46d1acdbc29@group-7855C2F36E53-LeaderElection457] INFO  impl.RoleInfo (RoleInfo.java:shutdownLeaderElection(134)) - e3fb79a3-1f86-42af-a80c-c46d1acdbc29: shutdown LeaderElection
2019-11-04 16:03:04,362 [e3fb79a3-1f86-42af-a80c-c46d1acdbc29@group-7855C2F36E53-LeaderElection457] INFO  impl.RoleInfo (RoleInfo.java:updateAndGet(143)) - e3fb79a3-1f86-42af-a80c-c46d1acdbc29: start FollowerState
2019-11-04 16:03:04,370 [Thread-301] INFO  ipc.Client (Client.java:handleConnectionFailure(948)) - Retrying connect to server: localhost/127.0.0.1:38129. Already tried 3 time(s); retry policy is RetryUpToMaximumCountWithFixedSleep(maxRetries=10, sleepTime=1000 MILLISECONDS)
2019-11-04 16:03:04,427 [Thread-3321] INFO  impl.FollowerState (FollowerState.java:run(108)) - e3fb79a3-1f86-42af-a80c-c46d1acdbc29@group-7855C2F36E53-FollowerState: change to CANDIDATE, lastRpcTime:65ms, electionTimeout:65ms
2019-11-04 16:03:04,427 [Thread-3321] INFO  impl.RoleInfo (RoleInfo.java:shutdownFollowerState(121)) - e3fb79a3-1f86-42af-a80c-c46d1acdbc29: shutdown FollowerState
2019-11-04 16:03:04,427 [Thread-3321] INFO  impl.RaftServerImpl (RaftServerImpl.java:setRole(184)) - e3fb79a3-1f86-42af-a80c-c46d1acdbc29@group-7855C2F36E53: changes role from  FOLLOWER to CANDIDATE at term 510 for changeToCandidate
2019-11-04 16:03:04,428 [Thread-3321] INFO  impl.RoleInfo (RoleInfo.java:updateAndGet(143)) - e3fb79a3-1f86-42af-a80c-c46d1acdbc29: start LeaderElection
2019-11-04 16:03:04,441 [e3fb79a3-1f86-42af-a80c-c46d1acdbc29@group-7855C2F36E53-LeaderElection458] INFO  impl.LeaderElection (LeaderElection.java:askForVotes(178)) - e3fb79a3-1f86-42af-a80c-c46d1acdbc29@group-7855C2F36E53-LeaderElection458: begin an election at term 511 for -1: [e3fb79a3-1f86-42af-a80c-c46d1acdbc29:192.168.157.194:44142, 81ff859e-e76f-43f5-951a-4a38422068cb:192.168.157.194:46532, a9143d84-6d7f-497d-b770-eb75585db3c7:192.168.157.194:42126], old=null
2019-11-04 16:03:04,442 [grpc-default-executor-1] INFO  impl.RaftServerImpl (RaftServerImpl.java:setRole(184)) - 81ff859e-e76f-43f5-951a-4a38422068cb@group-7855C2F36E53: changes role from  FOLLOWER to FOLLOWER at term 511 for recognizeCandidate:e3fb79a3-1f86-42af-a80c-c46d1acdbc29
2019-11-04 16:03:04,443 [grpc-default-executor-1] INFO  impl.RoleInfo (RoleInfo.java:shutdownFollowerState(121)) - 81ff859e-e76f-43f5-951a-4a38422068cb: shutdown FollowerState
2019-11-04 16:03:04,443 [grpc-default-executor-1] INFO  impl.RoleInfo (RoleInfo.java:updateAndGet(143)) - 81ff859e-e76f-43f5-951a-4a38422068cb: start FollowerState
2019-11-04 16:03:04,443 [Thread-3319] INFO  impl.FollowerState (FollowerState.java:run(117)) - 81ff859e-e76f-43f5-951a-4a38422068cb@group-7855C2F36E53-FollowerState was interrupted: java.lang.InterruptedException: sleep interrupted
2019-11-04 16:03:04,443 [grpc-default-executor-5] INFO  impl.RaftServerImpl (RaftServerImpl.java:setRole(184)) - a9143d84-6d7f-497d-b770-eb75585db3c7@group-7855C2F36E53: changes role from  FOLLOWER to FOLLOWER at term 511 for recognizeCandidate:e3fb79a3-1f86-42af-a80c-c46d1acdbc29
2019-11-04 16:03:04,443 [grpc-default-executor-5] INFO  impl.RoleInfo (RoleInfo.java:shutdownFollowerState(121)) - a9143d84-6d7f-497d-b770-eb75585db3c7: shutdown FollowerState
2019-11-04 16:03:04,443 [grpc-default-executor-5] INFO  impl.RoleInfo (RoleInfo.java:updateAndGet(143)) - a9143d84-6d7f-497d-b770-eb75585db3c7: start FollowerState
2019-11-04 16:03:04,443 [Thread-3320] INFO  impl.FollowerState (FollowerState.java:run(117)) - a9143d84-6d7f-497d-b770-eb75585db3c7@group-7855C2F36E53-FollowerState was interrupted: java.lang.InterruptedException: sleep interrupted
2019-11-04 16:03:04,469 [e3fb79a3-1f86-42af-a80c-c46d1acdbc29@group-7855C2F36E53-LeaderElection458] INFO  impl.LeaderElection (LeaderElection.java:logAndReturn(56)) - e3fb79a3-1f86-42af-a80c-c46d1acdbc29@group-7855C2F36E53-LeaderElection458: Election REJECTED; received 2 response(s) [e3fb79a3-1f86-42af-a80c-c46d1acdbc29<-81ff859e-e76f-43f5-951a-4a38422068cb#0:FAIL-t511, e3fb79a3-1f86-42af-a80c-c46d1acdbc29<-a9143d84-6d7f-497d-b770-eb75585db3c7#0:FAIL-t511] and 0 exception(s); e3fb79a3-1f86-42af-a80c-c46d1acdbc29@group-7855C2F36E53:t511, leader=null, voted=e3fb79a3-1f86-42af-a80c-c46d1acdbc29, raftlog=e3fb79a3-1f86-42af-a80c-c46d1acdbc29@group-7855C2F36E53-SegmentedRaftLog:OPENED:c-1,f-1,i0, conf=-1: [e3fb79a3-1f86-42af-a80c-c46d1acdbc29:192.168.157.194:44142, 81ff859e-e76f-43f5-951a-4a38422068cb:192.168.157.194:46532, a9143d84-6d7f-497d-b770-eb75585db3c7:192.168.157.194:42126], old=null
2019-11-04 16:03:04,470 [e3fb79a3-1f86-42af-a80c-c46d1acdbc29@group-7855C2F36E53-LeaderElection458] INFO  impl.RaftServerImpl (RaftServerImpl.java:setRole(184)) - e3fb79a3-1f86-42af-a80c-c46d1acdbc29@group-7855C2F36E53: changes role from CANDIDATE to FOLLOWER at term 511 for DISCOVERED_A_NEW_TERM
2019-11-04 16:03:04,470 [e3fb79a3-1f86-42af-a80c-c46d1acdbc29@group-7855C2F36E53-LeaderElection458] INFO  impl.RoleInfo (RoleInfo.java:shutdownLeaderElection(134)) - e3fb79a3-1f86-42af-a80c-c46d1acdbc29: shutdown LeaderElection
2019-11-04 16:03:04,470 [e3fb79a3-1f86-42af-a80c-c46d1acdbc29@group-7855C2F36E53-LeaderElection458] INFO  impl.RoleInfo (RoleInfo.java:updateAndGet(143)) - e3fb79a3-1f86-42af-a80c-c46d1acdbc29: start FollowerState
2019-11-04 16:03:04,531 [Thread-3327] INFO  impl.FollowerState (FollowerState.java:run(108)) - e3fb79a3-1f86-42af-a80c-c46d1acdbc29@group-7855C2F36E53-FollowerState: change to CANDIDATE, lastRpcTime:61ms, electionTimeout:61ms
2019-11-04 16:03:04,531 [Thread-3327] INFO  impl.RoleInfo (RoleInfo.java:shutdownFollowerState(121)) - e3fb79a3-1f86-42af-a80c-c46d1acdbc29: shutdown FollowerState
2019-11-04 16:03:04,532 [Thread-3327] INFO  impl.RaftServerImpl (RaftServerImpl.java:setRole(184)) - e3fb79a3-1f86-42af-a80c-c46d1acdbc29@group-7855C2F36E53: changes role from  FOLLOWER to CANDIDATE at term 511 for changeToCandidate
2019-11-04 16:03:04,532 [Thread-3327] INFO  impl.RoleInfo (RoleInfo.java:updateAndGet(143)) - e3fb79a3-1f86-42af-a80c-c46d1acdbc29: start LeaderElection
2019-11-04 16:03:04,545 [e3fb79a3-1f86-42af-a80c-c46d1acdbc29@group-7855C2F36E53-LeaderElection459] INFO  impl.LeaderElection (LeaderElection.java:askForVotes(178)) - e3fb79a3-1f86-42af-a80c-c46d1acdbc29@group-7855C2F36E53-LeaderElection459: begin an election at term 512 for -1: [e3fb79a3-1f86-42af-a80c-c46d1acdbc29:192.168.157.194:44142, 81ff859e-e76f-43f5-951a-4a38422068cb:192.168.157.194:46532, a9143d84-6d7f-497d-b770-eb75585db3c7:192.168.157.194:42126], old=null
2019-11-04 16:03:04,547 [grpc-default-executor-5] INFO  impl.RaftServerImpl (RaftServerImpl.java:setRole(184)) - 81ff859e-e76f-43f5-951a-4a38422068cb@group-7855C2F36E53: changes role from  FOLLOWER to FOLLOWER at term 512 for recognizeCandidate:e3fb79a3-1f86-42af-a80c-c46d1acdbc29
2019-11-04 16:03:04,547 [grpc-default-executor-5] INFO  impl.RoleInfo (RoleInfo.java:shutdownFollowerState(121)) - 81ff859e-e76f-43f5-951a-4a38422068cb: shutdown FollowerState
2019-11-04 16:03:04,547 [grpc-default-executor-4] INFO  impl.RaftServerImpl (RaftServerImpl.java:setRole(184)) - a9143d84-6d7f-497d-b770-eb75585db3c7@group-7855C2F36E53: changes role from  FOLLOWER to FOLLOWER at term 512 for recognizeCandidate:e3fb79a3-1f86-42af-a80c-c46d1acdbc29
2019-11-04 16:03:04,548 [grpc-default-executor-4] INFO  impl.RoleInfo (RoleInfo.java:shutdownFollowerState(121)) - a9143d84-6d7f-497d-b770-eb75585db3c7: shutdown FollowerState
2019-11-04 16:03:04,547 [Thread-3325] INFO  impl.FollowerState (FollowerState.java:run(117)) - 81ff859e-e76f-43f5-951a-4a38422068cb@group-7855C2F36E53-FollowerState was interrupted: java.lang.InterruptedException: sleep interrupted
2019-11-04 16:03:04,547 [grpc-default-executor-5] INFO  impl.RoleInfo (RoleInfo.java:updateAndGet(143)) - 81ff859e-e76f-43f5-951a-4a38422068cb: start FollowerState
2019-11-04 16:03:04,548 [Thread-3326] INFO  impl.FollowerState (FollowerState.java:run(117)) - a9143d84-6d7f-497d-b770-eb75585db3c7@group-7855C2F36E53-FollowerState was interrupted: java.lang.InterruptedException: sleep interrupted
2019-11-04 16:03:04,548 [grpc-default-executor-4] INFO  impl.RoleInfo (RoleInfo.java:updateAndGet(143)) - a9143d84-6d7f-497d-b770-eb75585db3c7: start FollowerState
2019-11-04 16:03:04,574 [e3fb79a3-1f86-42af-a80c-c46d1acdbc29@group-7855C2F36E53-LeaderElection459] INFO  impl.LeaderElection (LeaderElection.java:logAndReturn(56)) - e3fb79a3-1f86-42af-a80c-c46d1acdbc29@group-7855C2F36E53-LeaderElection459: Election REJECTED; received 2 response(s) [e3fb79a3-1f86-42af-a80c-c46d1acdbc29<-81ff859e-e76f-43f5-951a-4a38422068cb#0:FAIL-t512, e3fb79a3-1f86-42af-a80c-c46d1acdbc29<-a9143d84-6d7f-497d-b770-eb75585db3c7#0:FAIL-t512] and 0 exception(s); e3fb79a3-1f86-42af-a80c-c46d1acdbc29@group-7855C2F36E53:t512, leader=null, voted=e3fb79a3-1f86-42af-a80c-c46d1acdbc29, raftlog=e3fb79a3-1f86-42af-a80c-c46d1acdbc29@group-7855C2F36E53-SegmentedRaftLog:OPENED:c-1,f-1,i0, conf=-1: [e3fb79a3-1f86-42af-a80c-c46d1acdbc29:192.168.157.194:44142, 81ff859e-e76f-43f5-951a-4a38422068cb:192.168.157.194:46532, a9143d84-6d7f-497d-b770-eb75585db3c7:192.168.157.194:42126], old=null
2019-11-04 16:03:04,574 [e3fb79a3-1f86-42af-a80c-c46d1acdbc29@group-7855C2F36E53-LeaderElection459] INFO  impl.RaftServerImpl (RaftServerImpl.java:setRole(184)) - e3fb79a3-1f86-42af-a80c-c46d1acdbc29@group-7855C2F36E53: changes role from CANDIDATE to FOLLOWER at term 512 for DISCOVERED_A_NEW_TERM
2019-11-04 16:03:04,575 [e3fb79a3-1f86-42af-a80c-c46d1acdbc29@group-7855C2F36E53-LeaderElection459] INFO  impl.RoleInfo (RoleInfo.java:shutdownLeaderElection(134)) - e3fb79a3-1f86-42af-a80c-c46d1acdbc29: shutdown LeaderElection
2019-11-04 16:03:04,575 [e3fb79a3-1f86-42af-a80c-c46d1acdbc29@group-7855C2F36E53-LeaderElection459] INFO  impl.RoleInfo (RoleInfo.java:updateAndGet(143)) - e3fb79a3-1f86-42af-a80c-c46d1acdbc29: start FollowerState
2019-11-04 16:03:04,639 [Thread-3335] INFO  impl.FollowerState (FollowerState.java:run(108)) - e3fb79a3-1f86-42af-a80c-c46d1acdbc29@group-7855C2F36E53-FollowerState: change to CANDIDATE, lastRpcTime:64ms, electionTimeout:64ms
2019-11-04 16:03:04,639 [Thread-3335] INFO  impl.RoleInfo (RoleInfo.java:shutdownFollowerState(121)) - e3fb79a3-1f86-42af-a80c-c46d1acdbc29: shutdown FollowerState
2019-11-04 16:03:04,640 [Thread-3335] INFO  impl.RaftServerImpl (RaftServerImpl.java:setRole(184)) - e3fb79a3-1f86-42af-a80c-c46d1acdbc29@group-7855C2F36E53: changes role from  FOLLOWER to CANDIDATE at term 512 for changeToCandidate
2019-11-04 16:03:04,640 [Thread-3335] INFO  impl.RoleInfo (RoleInfo.java:updateAndGet(143)) - e3fb79a3-1f86-42af-a80c-c46d1acdbc29: start LeaderElection
2019-11-04 16:03:04,653 [e3fb79a3-1f86-42af-a80c-c46d1acdbc29@group-7855C2F36E53-LeaderElection460] INFO  impl.LeaderElection (LeaderElection.java:askForVotes(178)) - e3fb79a3-1f86-42af-a80c-c46d1acdbc29@group-7855C2F36E53-LeaderElection460: begin an election at term 513 for -1: [e3fb79a3-1f86-42af-a80c-c46d1acdbc29:192.168.157.194:44142, 81ff859e-e76f-43f5-951a-4a38422068cb:192.168.157.194:46532, a9143d84-6d7f-497d-b770-eb75585db3c7:192.168.157.194:42126], old=null
2019-11-04 16:03:04,654 [grpc-default-executor-5] INFO  impl.RaftServerImpl (RaftServerImpl.java:setRole(184)) - a9143d84-6d7f-497d-b770-eb75585db3c7@group-7855C2F36E53: changes role from  FOLLOWER to FOLLOWER at term 513 for recognizeCandidate:e3fb79a3-1f86-42af-a80c-c46d1acdbc29
2019-11-04 16:03:04,655 [grpc-default-executor-5] INFO  impl.RoleInfo (RoleInfo.java:shutdownFollowerState(121)) - a9143d84-6d7f-497d-b770-eb75585db3c7: shutdown FollowerState
2019-11-04 16:03:04,654 [grpc-default-executor-4] INFO  impl.RaftServerImpl (RaftServerImpl.java:setRole(184)) - 81ff859e-e76f-43f5-951a-4a38422068cb@group-7855C2F36E53: changes role from  FOLLOWER to FOLLOWER at term 513 for recognizeCandidate:e3fb79a3-1f86-42af-a80c-c46d1acdbc29
2019-11-04 16:03:04,655 [Thread-3333] INFO  impl.FollowerState (FollowerState.java:run(117)) - a9143d84-6d7f-497d-b770-eb75585db3c7@group-7855C2F36E53-FollowerState was interrupted: java.lang.InterruptedException: sleep interrupted
2019-11-04 16:03:04,655 [grpc-default-executor-5] INFO  impl.RoleInfo (RoleInfo.java:updateAndGet(143)) - a9143d84-6d7f-497d-b770-eb75585db3c7: start FollowerState
2019-11-04 16:03:04,655 [grpc-default-executor-4] INFO  impl.RoleInfo (RoleInfo.java:shutdownFollowerState(121)) - 81ff859e-e76f-43f5-951a-4a38422068cb: shutdown FollowerState
2019-11-04 16:03:04,655 [grpc-default-executor-4] INFO  impl.RoleInfo (RoleInfo.java:updateAndGet(143)) - 81ff859e-e76f-43f5-951a-4a38422068cb: start FollowerState
2019-11-04 16:03:04,655 [Thread-3332] INFO  impl.FollowerState (FollowerState.java:run(117)) - 81ff859e-e76f-43f5-951a-4a38422068cb@group-7855C2F36E53-FollowerState was interrupted: java.lang.InterruptedException: sleep interrupted
2019-11-04 16:03:04,681 [e3fb79a3-1f86-42af-a80c-c46d1acdbc29@group-7855C2F36E53-LeaderElection460] INFO  impl.LeaderElection (LeaderElection.java:logAndReturn(56)) - e3fb79a3-1f86-42af-a80c-c46d1acdbc29@group-7855C2F36E53-LeaderElection460: Election REJECTED; received 2 response(s) [e3fb79a3-1f86-42af-a80c-c46d1acdbc29<-81ff859e-e76f-43f5-951a-4a38422068cb#0:FAIL-t513, e3fb79a3-1f86-42af-a80c-c46d1acdbc29<-a9143d84-6d7f-497d-b770-eb75585db3c7#0:FAIL-t513] and 0 exception(s); e3fb79a3-1f86-42af-a80c-c46d1acdbc29@group-7855C2F36E53:t513, leader=null, voted=e3fb79a3-1f86-42af-a80c-c46d1acdbc29, raftlog=e3fb79a3-1f86-42af-a80c-c46d1acdbc29@group-7855C2F36E53-SegmentedRaftLog:OPENED:c-1,f-1,i0, conf=-1: [e3fb79a3-1f86-42af-a80c-c46d1acdbc29:192.168.157.194:44142, 81ff859e-e76f-43f5-951a-4a38422068cb:192.168.157.194:46532, a9143d84-6d7f-497d-b770-eb75585db3c7:192.168.157.194:42126], old=null
2019-11-04 16:03:04,681 [e3fb79a3-1f86-42af-a80c-c46d1acdbc29@group-7855C2F36E53-LeaderElection460] INFO  impl.RaftServerImpl (RaftServerImpl.java:setRole(184)) - e3fb79a3-1f86-42af-a80c-c46d1acdbc29@group-7855C2F36E53: changes role from CANDIDATE to FOLLOWER at term 513 for DISCOVERED_A_NEW_TERM
2019-11-04 16:03:04,681 [e3fb79a3-1f86-42af-a80c-c46d1acdbc29@group-7855C2F36E53-LeaderElection460] INFO  impl.RoleInfo (RoleInfo.java:shutdownLeaderElection(134)) - e3fb79a3-1f86-42af-a80c-c46d1acdbc29: shutdown LeaderElection
2019-11-04 16:03:04,681 [e3fb79a3-1f86-42af-a80c-c46d1acdbc29@group-7855C2F36E53-LeaderElection460] INFO  impl.RoleInfo (RoleInfo.java:updateAndGet(143)) - e3fb79a3-1f86-42af-a80c-c46d1acdbc29: start FollowerState
2019-11-04 16:03:04,697 [Thread-3341] INFO  impl.FollowerState (FollowerState.java:run(108)) - e3fb79a3-1f86-42af-a80c-c46d1acdbc29@group-7855C2F36E53-FollowerState: change to CANDIDATE, lastRpcTime:15ms, electionTimeout:15ms
2019-11-04 16:03:04,697 [Thread-3341] INFO  impl.RoleInfo (RoleInfo.java:shutdownFollowerState(121)) - e3fb79a3-1f86-42af-a80c-c46d1acdbc29: shutdown FollowerState
2019-11-04 16:03:04,697 [Thread-3341] INFO  impl.RaftServerImpl (RaftServerImpl.java:setRole(184)) - e3fb79a3-1f86-42af-a80c-c46d1acdbc29@group-7855C2F36E53: changes role from  FOLLOWER to CANDIDATE at term 513 for changeToCandidate
2019-11-04 16:03:04,697 [Thread-3341] INFO  impl.RoleInfo (RoleInfo.java:updateAndGet(143)) - e3fb79a3-1f86-42af-a80c-c46d1acdbc29: start LeaderElection
2019-11-04 16:03:04,717 [e3fb79a3-1f86-42af-a80c-c46d1acdbc29@group-7855C2F36E53-LeaderElection461] INFO  impl.LeaderElection (LeaderElection.java:askForVotes(178)) - e3fb79a3-1f86-42af-a80c-c46d1acdbc29@group-7855C2F36E53-LeaderElection461: begin an election at term 514 for -1: [e3fb79a3-1f86-42af-a80c-c46d1acdbc29:192.168.157.194:44142, 81ff859e-e76f-43f5-951a-4a38422068cb:192.168.157.194:46532, a9143d84-6d7f-497d-b770-eb75585db3c7:192.168.157.194:42126], old=null
2019-11-04 16:03:04,719 [grpc-default-executor-5] INFO  impl.RaftServerImpl (RaftServerImpl.java:setRole(184)) - 81ff859e-e76f-43f5-951a-4a38422068cb@group-7855C2F36E53: changes role from  FOLLOWER to FOLLOWER at term 514 for recognizeCandidate:e3fb79a3-1f86-42af-a80c-c46d1acdbc29
2019-11-04 16:03:04,719 [grpc-default-executor-4] INFO  impl.RaftServerImpl (RaftServerImpl.java:setRole(184)) - a9143d84-6d7f-497d-b770-eb75585db3c7@group-7855C2F36E53: changes role from  FOLLOWER to FOLLOWER at term 514 for recognizeCandidate:e3fb79a3-1f86-42af-a80c-c46d1acdbc29
2019-11-04 16:03:04,719 [grpc-default-executor-5] INFO  impl.RoleInfo (RoleInfo.java:shutdownFollowerState(121)) - 81ff859e-e76f-43f5-951a-4a38422068cb: shutdown FollowerState
2019-11-04 16:03:04,719 [grpc-default-executor-4] INFO  impl.RoleInfo (RoleInfo.java:shutdownFollowerState(121)) - a9143d84-6d7f-497d-b770-eb75585db3c7: shutdown FollowerState
2019-11-04 16:03:04,720 [grpc-default-executor-5] INFO  impl.RoleInfo (RoleInfo.java:updateAndGet(143)) - 81ff859e-e76f-43f5-951a-4a38422068cb: start FollowerState
2019-11-04 16:03:04,720 [Thread-3340] INFO  impl.FollowerState (FollowerState.java:run(117)) - 81ff859e-e76f-43f5-951a-4a38422068cb@group-7855C2F36E53-FollowerState was interrupted: java.lang.InterruptedException: sleep interrupted
2019-11-04 16:03:04,720 [grpc-default-executor-4] INFO  impl.RoleInfo (RoleInfo.java:updateAndGet(143)) - a9143d84-6d7f-497d-b770-eb75585db3c7: start FollowerState
2019-11-04 16:03:04,720 [Thread-3339] INFO  impl.FollowerState (FollowerState.java:run(117)) - a9143d84-6d7f-497d-b770-eb75585db3c7@group-7855C2F36E53-FollowerState was interrupted: java.lang.InterruptedException: sleep interrupted
2019-11-04 16:03:04,730 [e3fb79a3-1f86-42af-a80c-c46d1acdbc29@group-7855C2F36E53-LeaderElection461] INFO  impl.LeaderElection (LeaderElection.java:logAndReturn(56)) - e3fb79a3-1f86-42af-a80c-c46d1acdbc29@group-7855C2F36E53-LeaderElection461: Election REJECTED; received 2 response(s) [e3fb79a3-1f86-42af-a80c-c46d1acdbc29<-81ff859e-e76f-43f5-951a-4a38422068cb#0:FAIL-t514, e3fb79a3-1f86-42af-a80c-c46d1acdbc29<-a9143d84-6d7f-497d-b770-eb75585db3c7#0:FAIL-t514] and 0 exception(s); e3fb79a3-1f86-42af-a80c-c46d1acdbc29@group-7855C2F36E53:t514, leader=null, voted=e3fb79a3-1f86-42af-a80c-c46d1acdbc29, raftlog=e3fb79a3-1f86-42af-a80c-c46d1acdbc29@group-7855C2F36E53-SegmentedRaftLog:OPENED:c-1,f-1,i0, conf=-1: [e3fb79a3-1f86-42af-a80c-c46d1acdbc29:192.168.157.194:44142, 81ff859e-e76f-43f5-951a-4a38422068cb:192.168.157.194:46532, a9143d84-6d7f-497d-b770-eb75585db3c7:192.168.157.194:42126], old=null
2019-11-04 16:03:04,730 [e3fb79a3-1f86-42af-a80c-c46d1acdbc29@group-7855C2F36E53-LeaderElection461] INFO  impl.RaftServerImpl (RaftServerImpl.java:setRole(184)) - e3fb79a3-1f86-42af-a80c-c46d1acdbc29@group-7855C2F36E53: changes role from CANDIDATE to FOLLOWER at term 514 for DISCOVERED_A_NEW_TERM
2019-11-04 16:03:04,730 [e3fb79a3-1f86-42af-a80c-c46d1acdbc29@group-7855C2F36E53-LeaderElection461] INFO  impl.RoleInfo (RoleInfo.java:shutdownLeaderElection(134)) - e3fb79a3-1f86-42af-a80c-c46d1acdbc29: shutdown LeaderElection
2019-11-04 16:03:04,731 [e3fb79a3-1f86-42af-a80c-c46d1acdbc29@group-7855C2F36E53-LeaderElection461] INFO  impl.RoleInfo (RoleInfo.java:updateAndGet(143)) - e3fb79a3-1f86-42af-a80c-c46d1acdbc29: start FollowerState
2019-11-04 16:03:04,876 [Thread-3347] INFO  impl.FollowerState (FollowerState.java:run(108)) - e3fb79a3-1f86-42af-a80c-c46d1acdbc29@group-7855C2F36E53-FollowerState: change to CANDIDATE, lastRpcTime:145ms, electionTimeout:145ms
2019-11-04 16:03:04,876 [Thread-3347] INFO  impl.RoleInfo (RoleInfo.java:shutdownFollowerState(121)) - e3fb79a3-1f86-42af-a80c-c46d1acdbc29: shutdown FollowerState
2019-11-04 16:03:04,876 [Thread-3347] INFO  impl.RaftServerImpl (RaftServerImpl.java:setRole(184)) - e3fb79a3-1f86-42af-a80c-c46d1acdbc29@group-7855C2F36E53: changes role from  FOLLOWER to CANDIDATE at term 514 for changeToCandidate
2019-11-04 16:03:04,876 [Thread-3347] INFO  impl.RoleInfo (RoleInfo.java:updateAndGet(143)) - e3fb79a3-1f86-42af-a80c-c46d1acdbc29: start LeaderElection
2019-11-04 16:03:04,902 [e3fb79a3-1f86-42af-a80c-c46d1acdbc29@group-7855C2F36E53-LeaderElection462] INFO  impl.LeaderElection (LeaderElection.java:askForVotes(178)) - e3fb79a3-1f86-42af-a80c-c46d1acdbc29@group-7855C2F36E53-LeaderElection462: begin an election at term 515 for -1: [e3fb79a3-1f86-42af-a80c-c46d1acdbc29:192.168.157.194:44142, 81ff859e-e76f-43f5-951a-4a38422068cb:192.168.157.194:46532, a9143d84-6d7f-497d-b770-eb75585db3c7:192.168.157.194:42126], old=null
2019-11-04 16:03:04,903 [grpc-default-executor-5] INFO  impl.RaftServerImpl (RaftServerImpl.java:setRole(184)) - a9143d84-6d7f-497d-b770-eb75585db3c7@group-7855C2F36E53: changes role from  FOLLOWER to FOLLOWER at term 515 for recognizeCandidate:e3fb79a3-1f86-42af-a80c-c46d1acdbc29
2019-11-04 16:03:04,904 [grpc-default-executor-5] INFO  impl.RoleInfo (RoleInfo.java:shutdownFollowerState(121)) - a9143d84-6d7f-497d-b770-eb75585db3c7: shutdown FollowerState
2019-11-04 16:03:04,904 [grpc-default-executor-4] INFO  impl.RaftServerImpl (RaftServerImpl.java:setRole(184)) - 81ff859e-e76f-43f5-951a-4a38422068cb@group-7855C2F36E53: changes role from  FOLLOWER to FOLLOWER at term 515 for recognizeCandidate:e3fb79a3-1f86-42af-a80c-c46d1acdbc29
2019-11-04 16:03:04,904 [grpc-default-executor-4] INFO  impl.RoleInfo (RoleInfo.java:shutdownFollowerState(121)) - 81ff859e-e76f-43f5-951a-4a38422068cb: shutdown FollowerState
2019-11-04 16:03:04,904 [grpc-default-executor-4] INFO  impl.RoleInfo (RoleInfo.java:updateAndGet(143)) - 81ff859e-e76f-43f5-951a-4a38422068cb: start FollowerState
2019-11-04 16:03:04,904 [Thread-3346] INFO  impl.FollowerState (FollowerState.java:run(117)) - a9143d84-6d7f-497d-b770-eb75585db3c7@group-7855C2F36E53-FollowerState was interrupted: java.lang.InterruptedException: sleep interrupted
2019-11-04 16:03:04,904 [grpc-default-executor-5] INFO  impl.RoleInfo (RoleInfo.java:updateAndGet(143)) - a9143d84-6d7f-497d-b770-eb75585db3c7: start FollowerState
2019-11-04 16:03:04,904 [Thread-3345] INFO  impl.FollowerState (FollowerState.java:run(117)) - 81ff859e-e76f-43f5-951a-4a38422068cb@group-7855C2F36E53-FollowerState was interrupted: java.lang.InterruptedException: sleep interrupted
2019-11-04 16:03:04,930 [e3fb79a3-1f86-42af-a80c-c46d1acdbc29@group-7855C2F36E53-LeaderElection462] INFO  impl.LeaderElection (LeaderElection.java:logAndReturn(56)) - e3fb79a3-1f86-42af-a80c-c46d1acdbc29@group-7855C2F36E53-LeaderElection462: Election REJECTED; received 2 response(s) [e3fb79a3-1f86-42af-a80c-c46d1acdbc29<-81ff859e-e76f-43f5-951a-4a38422068cb#0:FAIL-t515, e3fb79a3-1f86-42af-a80c-c46d1acdbc29<-a9143d84-6d7f-497d-b770-eb75585db3c7#0:FAIL-t515] and 0 exception(s); e3fb79a3-1f86-42af-a80c-c46d1acdbc29@group-7855C2F36E53:t515, leader=null, voted=e3fb79a3-1f86-42af-a80c-c46d1acdbc29, raftlog=e3fb79a3-1f86-42af-a80c-c46d1acdbc29@group-7855C2F36E53-SegmentedRaftLog:OPENED:c-1,f-1,i0, conf=-1: [e3fb79a3-1f86-42af-a80c-c46d1acdbc29:192.168.157.194:44142, 81ff859e-e76f-43f5-951a-4a38422068cb:192.168.157.194:46532, a9143d84-6d7f-497d-b770-eb75585db3c7:192.168.157.194:42126], old=null
2019-11-04 16:03:04,930 [e3fb79a3-1f86-42af-a80c-c46d1acdbc29@group-7855C2F36E53-LeaderElection462] INFO  impl.RaftServerImpl (RaftServerImpl.java:setRole(184)) - e3fb79a3-1f86-42af-a80c-c46d1acdbc29@group-7855C2F36E53: changes role from CANDIDATE to FOLLOWER at term 515 for DISCOVERED_A_NEW_TERM
2019-11-04 16:03:04,930 [e3fb79a3-1f86-42af-a80c-c46d1acdbc29@group-7855C2F36E53-LeaderElection462] INFO  impl.RoleInfo (RoleInfo.java:shutdownLeaderElection(134)) - e3fb79a3-1f86-42af-a80c-c46d1acdbc29: shutdown LeaderElection
2019-11-04 16:03:04,930 [e3fb79a3-1f86-42af-a80c-c46d1acdbc29@group-7855C2F36E53-LeaderElection462] INFO  impl.RoleInfo (RoleInfo.java:updateAndGet(143)) - e3fb79a3-1f86-42af-a80c-c46d1acdbc29: start FollowerState
2019-11-04 16:03:05,028 [Thread-3353] INFO  impl.FollowerState (FollowerState.java:run(108)) - e3fb79a3-1f86-42af-a80c-c46d1acdbc29@group-7855C2F36E53-FollowerState: change to CANDIDATE, lastRpcTime:97ms, electionTimeout:97ms
2019-11-04 16:03:05,028 [Thread-3353] INFO  impl.RoleInfo (RoleInfo.java:shutdownFollowerState(121)) - e3fb79a3-1f86-42af-a80c-c46d1acdbc29: shutdown FollowerState
2019-11-04 16:03:05,028 [Thread-3353] INFO  impl.RaftServerImpl (RaftServerImpl.java:setRole(184)) - e3fb79a3-1f86-42af-a80c-c46d1acdbc29@group-7855C2F36E53: changes role from  FOLLOWER to CANDIDATE at term 515 for changeToCandidate
2019-11-04 16:03:05,028 [Thread-3353] INFO  impl.RoleInfo (RoleInfo.java:updateAndGet(143)) - e3fb79a3-1f86-42af-a80c-c46d1acdbc29: start LeaderElection
2019-11-04 16:03:05,042 [e3fb79a3-1f86-42af-a80c-c46d1acdbc29@group-7855C2F36E53-LeaderElection463] INFO  impl.LeaderElection (LeaderElection.java:askForVotes(178)) - e3fb79a3-1f86-42af-a80c-c46d1acdbc29@group-7855C2F36E53-LeaderElection463: begin an election at term 516 for -1: [e3fb79a3-1f86-42af-a80c-c46d1acdbc29:192.168.157.194:44142, 81ff859e-e76f-43f5-951a-4a38422068cb:192.168.157.194:46532, a9143d84-6d7f-497d-b770-eb75585db3c7:192.168.157.194:42126], old=null
2019-11-04 16:03:05,044 [grpc-default-executor-4] INFO  impl.RaftServerImpl (RaftServerImpl.java:setRole(184)) - 81ff859e-e76f-43f5-951a-4a38422068cb@group-7855C2F36E53: changes role from  FOLLOWER to FOLLOWER at term 516 for recognizeCandidate:e3fb79a3-1f86-42af-a80c-c46d1acdbc29
2019-11-04 16:03:05,044 [grpc-default-executor-5] INFO  impl.RaftServerImpl (RaftServerImpl.java:setRole(184)) - a9143d84-6d7f-497d-b770-eb75585db3c7@group-7855C2F36E53: changes role from  FOLLOWER to FOLLOWER at term 516 for recognizeCandidate:e3fb79a3-1f86-42af-a80c-c46d1acdbc29
2019-11-04 16:03:05,044 [grpc-default-executor-4] INFO  impl.RoleInfo (RoleInfo.java:shutdownFollowerState(121)) - 81ff859e-e76f-43f5-951a-4a38422068cb: shutdown FollowerState
2019-11-04 16:03:05,044 [grpc-default-executor-5] INFO  impl.RoleInfo (RoleInfo.java:shutdownFollowerState(121)) - a9143d84-6d7f-497d-b770-eb75585db3c7: shutdown FollowerState
2019-11-04 16:03:05,045 [Thread-3352] INFO  impl.FollowerState (FollowerState.java:run(117)) - 81ff859e-e76f-43f5-951a-4a38422068cb@group-7855C2F36E53-FollowerState was interrupted: java.lang.InterruptedException: sleep interrupted
2019-11-04 16:03:05,045 [grpc-default-executor-4] INFO  impl.RoleInfo (RoleInfo.java:updateAndGet(143)) - 81ff859e-e76f-43f5-951a-4a38422068cb: start FollowerState
2019-11-04 16:03:05,045 [Thread-3351] INFO  impl.FollowerState (FollowerState.java:run(117)) - a9143d84-6d7f-497d-b770-eb75585db3c7@group-7855C2F36E53-FollowerState was interrupted: java.lang.InterruptedException: sleep interrupted
2019-11-04 16:03:05,045 [grpc-default-executor-5] INFO  impl.RoleInfo (RoleInfo.java:updateAndGet(143)) - a9143d84-6d7f-497d-b770-eb75585db3c7: start FollowerState
2019-11-04 16:03:05,060 [e3fb79a3-1f86-42af-a80c-c46d1acdbc29@group-7855C2F36E53-LeaderElection463] INFO  impl.LeaderElection (LeaderElection.java:logAndReturn(56)) - e3fb79a3-1f86-42af-a80c-c46d1acdbc29@group-7855C2F36E53-LeaderElection463: Election REJECTED; received 2 response(s) [e3fb79a3-1f86-42af-a80c-c46d1acdbc29<-81ff859e-e76f-43f5-951a-4a38422068cb#0:FAIL-t516, e3fb79a3-1f86-42af-a80c-c46d1acdbc29<-a9143d84-6d7f-497d-b770-eb75585db3c7#0:FAIL-t516] and 0 exception(s); e3fb79a3-1f86-42af-a80c-c46d1acdbc29@group-7855C2F36E53:t516, leader=null, voted=e3fb79a3-1f86-42af-a80c-c46d1acdbc29, raftlog=e3fb79a3-1f86-42af-a80c-c46d1acdbc29@group-7855C2F36E53-SegmentedRaftLog:OPENED:c-1,f-1,i0, conf=-1: [e3fb79a3-1f86-42af-a80c-c46d1acdbc29:192.168.157.194:44142, 81ff859e-e76f-43f5-951a-4a38422068cb:192.168.157.194:46532, a9143d84-6d7f-497d-b770-eb75585db3c7:192.168.157.194:42126], old=null
2019-11-04 16:03:05,060 [e3fb79a3-1f86-42af-a80c-c46d1acdbc29@group-7855C2F36E53-LeaderElection463] INFO  impl.RaftServerImpl (RaftServerImpl.java:setRole(184)) - e3fb79a3-1f86-42af-a80c-c46d1acdbc29@group-7855C2F36E53: changes role from CANDIDATE to FOLLOWER at term 516 for DISCOVERED_A_NEW_TERM
2019-11-04 16:03:05,060 [e3fb79a3-1f86-42af-a80c-c46d1acdbc29@group-7855C2F36E53-LeaderElection463] INFO  impl.RoleInfo (RoleInfo.java:shutdownLeaderElection(134)) - e3fb79a3-1f86-42af-a80c-c46d1acdbc29: shutdown LeaderElection
2019-11-04 16:03:05,060 [e3fb79a3-1f86-42af-a80c-c46d1acdbc29@group-7855C2F36E53-LeaderElection463] INFO  impl.RoleInfo (RoleInfo.java:updateAndGet(143)) - e3fb79a3-1f86-42af-a80c-c46d1acdbc29: start FollowerState
2019-11-04 16:03:05,131 [Thread-3359] INFO  impl.FollowerState (FollowerState.java:run(108)) - e3fb79a3-1f86-42af-a80c-c46d1acdbc29@group-7855C2F36E53-FollowerState: change to CANDIDATE, lastRpcTime:70ms, electionTimeout:70ms
2019-11-04 16:03:05,131 [Thread-3359] INFO  impl.RoleInfo (RoleInfo.java:shutdownFollowerState(121)) - e3fb79a3-1f86-42af-a80c-c46d1acdbc29: shutdown FollowerState
2019-11-04 16:03:05,131 [Thread-3359] INFO  impl.RaftServerImpl (RaftServerImpl.java:setRole(184)) - e3fb79a3-1f86-42af-a80c-c46d1acdbc29@group-7855C2F36E53: changes role from  FOLLOWER to CANDIDATE at term 516 for changeToCandidate
2019-11-04 16:03:05,131 [Thread-3359] INFO  impl.RoleInfo (RoleInfo.java:updateAndGet(143)) - e3fb79a3-1f86-42af-a80c-c46d1acdbc29: start LeaderElection
2019-11-04 16:03:05,145 [e3fb79a3-1f86-42af-a80c-c46d1acdbc29@group-7855C2F36E53-LeaderElection464] INFO  impl.LeaderElection (LeaderElection.java:askForVotes(178)) - e3fb79a3-1f86-42af-a80c-c46d1acdbc29@group-7855C2F36E53-LeaderElection464: begin an election at term 517 for -1: [e3fb79a3-1f86-42af-a80c-c46d1acdbc29:192.168.157.194:44142, 81ff859e-e76f-43f5-951a-4a38422068cb:192.168.157.194:46532, a9143d84-6d7f-497d-b770-eb75585db3c7:192.168.157.194:42126], old=null
2019-11-04 16:03:05,147 [grpc-default-executor-4] INFO  impl.RaftServerImpl (RaftServerImpl.java:setRole(184)) - 81ff859e-e76f-43f5-951a-4a38422068cb@group-7855C2F36E53: changes role from  FOLLOWER to FOLLOWER at term 517 for recognizeCandidate:e3fb79a3-1f86-42af-a80c-c46d1acdbc29
2019-11-04 16:03:05,147 [grpc-default-executor-4] INFO  impl.RoleInfo (RoleInfo.java:shutdownFollowerState(121)) - 81ff859e-e76f-43f5-951a-4a38422068cb: shutdown FollowerState
2019-11-04 16:03:05,147 [grpc-default-executor-5] INFO  impl.RaftServerImpl (RaftServerImpl.java:setRole(184)) - a9143d84-6d7f-497d-b770-eb75585db3c7@group-7855C2F36E53: changes role from  FOLLOWER to FOLLOWER at term 517 for recognizeCandidate:e3fb79a3-1f86-42af-a80c-c46d1acdbc29
2019-11-04 16:03:05,147 [Thread-3357] INFO  impl.FollowerState (FollowerState.java:run(117)) - 81ff859e-e76f-43f5-951a-4a38422068cb@group-7855C2F36E53-FollowerState was interrupted: java.lang.InterruptedException: sleep interrupted
2019-11-04 16:03:05,147 [grpc-default-executor-4] INFO  impl.RoleInfo (RoleInfo.java:updateAndGet(143)) - 81ff859e-e76f-43f5-951a-4a38422068cb: start FollowerState
2019-11-04 16:03:05,147 [grpc-default-executor-5] INFO  impl.RoleInfo (RoleInfo.java:shutdownFollowerState(121)) - a9143d84-6d7f-497d-b770-eb75585db3c7: shutdown FollowerState
2019-11-04 16:03:05,148 [Thread-3358] INFO  impl.FollowerState (FollowerState.java:run(117)) - a9143d84-6d7f-497d-b770-eb75585db3c7@group-7855C2F36E53-FollowerState was interrupted: java.lang.InterruptedException: sleep interrupted
2019-11-04 16:03:05,148 [grpc-default-executor-5] INFO  impl.RoleInfo (RoleInfo.java:updateAndGet(143)) - a9143d84-6d7f-497d-b770-eb75585db3c7: start FollowerState
2019-11-04 16:03:05,163 [e3fb79a3-1f86-42af-a80c-c46d1acdbc29@group-7855C2F36E53-LeaderElection464] INFO  impl.LeaderElection (LeaderElection.java:logAndReturn(56)) - e3fb79a3-1f86-42af-a80c-c46d1acdbc29@group-7855C2F36E53-LeaderElection464: Election REJECTED; received 2 response(s) [e3fb79a3-1f86-42af-a80c-c46d1acdbc29<-81ff859e-e76f-43f5-951a-4a38422068cb#0:FAIL-t517, e3fb79a3-1f86-42af-a80c-c46d1acdbc29<-a9143d84-6d7f-497d-b770-eb75585db3c7#0:FAIL-t517] and 0 exception(s); e3fb79a3-1f86-42af-a80c-c46d1acdbc29@group-7855C2F36E53:t517, leader=null, voted=e3fb79a3-1f86-42af-a80c-c46d1acdbc29, raftlog=e3fb79a3-1f86-42af-a80c-c46d1acdbc29@group-7855C2F36E53-SegmentedRaftLog:OPENED:c-1,f-1,i0, conf=-1: [e3fb79a3-1f86-42af-a80c-c46d1acdbc29:192.168.157.194:44142, 81ff859e-e76f-43f5-951a-4a38422068cb:192.168.157.194:46532, a9143d84-6d7f-497d-b770-eb75585db3c7:192.168.157.194:42126], old=null
2019-11-04 16:03:05,163 [e3fb79a3-1f86-42af-a80c-c46d1acdbc29@group-7855C2F36E53-LeaderElection464] INFO  impl.RaftServerImpl (RaftServerImpl.java:setRole(184)) - e3fb79a3-1f86-42af-a80c-c46d1acdbc29@group-7855C2F36E53: changes role from CANDIDATE to FOLLOWER at term 517 for DISCOVERED_A_NEW_TERM
2019-11-04 16:03:05,163 [e3fb79a3-1f86-42af-a80c-c46d1acdbc29@group-7855C2F36E53-LeaderElection464] INFO  impl.RoleInfo (RoleInfo.java:shutdownLeaderElection(134)) - e3fb79a3-1f86-42af-a80c-c46d1acdbc29: shutdown LeaderElection
2019-11-04 16:03:05,163 [e3fb79a3-1f86-42af-a80c-c46d1acdbc29@group-7855C2F36E53-LeaderElection464] INFO  impl.RoleInfo (RoleInfo.java:updateAndGet(143)) - e3fb79a3-1f86-42af-a80c-c46d1acdbc29: start FollowerState
2019-11-04 16:03:05,250 [Thread-3365] INFO  impl.FollowerState (FollowerState.java:run(108)) - e3fb79a3-1f86-42af-a80c-c46d1acdbc29@group-7855C2F36E53-FollowerState: change to CANDIDATE, lastRpcTime:86ms, electionTimeout:86ms
2019-11-04 16:03:05,250 [Thread-3365] INFO  impl.RoleInfo (RoleInfo.java:shutdownFollowerState(121)) - e3fb79a3-1f86-42af-a80c-c46d1acdbc29: shutdown FollowerState
2019-11-04 16:03:05,250 [Thread-3365] INFO  impl.RaftServerImpl (RaftServerImpl.java:setRole(184)) - e3fb79a3-1f86-42af-a80c-c46d1acdbc29@group-7855C2F36E53: changes role from  FOLLOWER to CANDIDATE at term 517 for changeToCandidate
2019-11-04 16:03:05,250 [Thread-3365] INFO  impl.RoleInfo (RoleInfo.java:updateAndGet(143)) - e3fb79a3-1f86-42af-a80c-c46d1acdbc29: start LeaderElection
2019-11-04 16:03:05,265 [e3fb79a3-1f86-42af-a80c-c46d1acdbc29@group-7855C2F36E53-LeaderElection465] INFO  impl.LeaderElection (LeaderElection.java:askForVotes(178)) - e3fb79a3-1f86-42af-a80c-c46d1acdbc29@group-7855C2F36E53-LeaderElection465: begin an election at term 518 for -1: [e3fb79a3-1f86-42af-a80c-c46d1acdbc29:192.168.157.194:44142, 81ff859e-e76f-43f5-951a-4a38422068cb:192.168.157.194:46532, a9143d84-6d7f-497d-b770-eb75585db3c7:192.168.157.194:42126], old=null
2019-11-04 16:03:05,266 [grpc-default-executor-4] INFO  impl.RaftServerImpl (RaftServerImpl.java:setRole(184)) - 81ff859e-e76f-43f5-951a-4a38422068cb@group-7855C2F36E53: changes role from  FOLLOWER to FOLLOWER at term 518 for recognizeCandidate:e3fb79a3-1f86-42af-a80c-c46d1acdbc29
2019-11-04 16:03:05,266 [grpc-default-executor-5] INFO  impl.RaftServerImpl (RaftServerImpl.java:setRole(184)) - a9143d84-6d7f-497d-b770-eb75585db3c7@group-7855C2F36E53: changes role from  FOLLOWER to FOLLOWER at term 518 for recognizeCandidate:e3fb79a3-1f86-42af-a80c-c46d1acdbc29
2019-11-04 16:03:05,267 [grpc-default-executor-4] INFO  impl.RoleInfo (RoleInfo.java:shutdownFollowerState(121)) - 81ff859e-e76f-43f5-951a-4a38422068cb: shutdown FollowerState
2019-11-04 16:03:05,267 [grpc-default-executor-5] INFO  impl.RoleInfo (RoleInfo.java:shutdownFollowerState(121)) - a9143d84-6d7f-497d-b770-eb75585db3c7: shutdown FollowerState
2019-11-04 16:03:05,267 [Thread-3363] INFO  impl.FollowerState (FollowerState.java:run(117)) - 81ff859e-e76f-43f5-951a-4a38422068cb@group-7855C2F36E53-FollowerState was interrupted: java.lang.InterruptedException: sleep interrupted
2019-11-04 16:03:05,267 [grpc-default-executor-4] INFO  impl.RoleInfo (RoleInfo.java:updateAndGet(143)) - 81ff859e-e76f-43f5-951a-4a38422068cb: start FollowerState
2019-11-04 16:03:05,267 [Thread-3364] INFO  impl.FollowerState (FollowerState.java:run(117)) - a9143d84-6d7f-497d-b770-eb75585db3c7@group-7855C2F36E53-FollowerState was interrupted: java.lang.InterruptedException: sleep interrupted
2019-11-04 16:03:05,267 [grpc-default-executor-5] INFO  impl.RoleInfo (RoleInfo.java:updateAndGet(143)) - a9143d84-6d7f-497d-b770-eb75585db3c7: start FollowerState
2019-11-04 16:03:05,298 [e3fb79a3-1f86-42af-a80c-c46d1acdbc29@group-7855C2F36E53-LeaderElection465] INFO  impl.LeaderElection (LeaderElection.java:logAndReturn(56)) - e3fb79a3-1f86-42af-a80c-c46d1acdbc29@group-7855C2F36E53-LeaderElection465: Election REJECTED; received 2 response(s) [e3fb79a3-1f86-42af-a80c-c46d1acdbc29<-81ff859e-e76f-43f5-951a-4a38422068cb#0:FAIL-t518, e3fb79a3-1f86-42af-a80c-c46d1acdbc29<-a9143d84-6d7f-497d-b770-eb75585db3c7#0:FAIL-t518] and 0 exception(s); e3fb79a3-1f86-42af-a80c-c46d1acdbc29@group-7855C2F36E53:t518, leader=null, voted=e3fb79a3-1f86-42af-a80c-c46d1acdbc29, raftlog=e3fb79a3-1f86-42af-a80c-c46d1acdbc29@group-7855C2F36E53-SegmentedRaftLog:OPENED:c-1,f-1,i0, conf=-1: [e3fb79a3-1f86-42af-a80c-c46d1acdbc29:192.168.157.194:44142, 81ff859e-e76f-43f5-951a-4a38422068cb:192.168.157.194:46532, a9143d84-6d7f-497d-b770-eb75585db3c7:192.168.157.194:42126], old=null
2019-11-04 16:03:05,298 [e3fb79a3-1f86-42af-a80c-c46d1acdbc29@group-7855C2F36E53-LeaderElection465] INFO  impl.RaftServerImpl (RaftServerImpl.java:setRole(184)) - e3fb79a3-1f86-42af-a80c-c46d1acdbc29@group-7855C2F36E53: changes role from CANDIDATE to FOLLOWER at term 518 for DISCOVERED_A_NEW_TERM
2019-11-04 16:03:05,298 [e3fb79a3-1f86-42af-a80c-c46d1acdbc29@group-7855C2F36E53-LeaderElection465] INFO  impl.RoleInfo (RoleInfo.java:shutdownLeaderElection(134)) - e3fb79a3-1f86-42af-a80c-c46d1acdbc29: shutdown LeaderElection
2019-11-04 16:03:05,298 [e3fb79a3-1f86-42af-a80c-c46d1acdbc29@group-7855C2F36E53-LeaderElection465] INFO  impl.RoleInfo (RoleInfo.java:updateAndGet(143)) - e3fb79a3-1f86-42af-a80c-c46d1acdbc29: start FollowerState
2019-11-04 16:03:05,372 [Thread-301] INFO  ipc.Client (Client.java:handleConnectionFailure(948)) - Retrying connect to server: localhost/127.0.0.1:38129. Already tried 4 time(s); retry policy is RetryUpToMaximumCountWithFixedSleep(maxRetries=10, sleepTime=1000 MILLISECONDS)
2019-11-04 16:03:05,404 [main] INFO  ozoneimpl.OzoneContainer (OzoneContainer.java:stop(227)) - Attempting to stop container services.
2019-11-04 16:03:05,404 [ForkJoinPool.commonPool-worker-0] INFO  ozoneimpl.OzoneContainer (OzoneContainer.java:stop(227)) - Attempting to stop container services.
2019-11-04 16:03:05,405 [main] INFO  impl.RaftServerProxy (RaftServerProxy.java:lambda$close$4(314)) - 81ff859e-e76f-43f5-951a-4a38422068cb: close
2019-11-04 16:03:05,406 [main] INFO  impl.RaftServerImpl (RaftServerImpl.java:lambda$shutdown$3(261)) - 81ff859e-e76f-43f5-951a-4a38422068cb@group-7855C2F36E53: shutdown
2019-11-04 16:03:05,406 [ForkJoinPool.commonPool-worker-0] INFO  impl.RaftServerProxy (RaftServerProxy.java:lambda$close$4(314)) - a9143d84-6d7f-497d-b770-eb75585db3c7: close
2019-11-04 16:03:05,406 [main] INFO  util.JmxRegister (JmxRegister.java:unregister(73)) - Successfully un-registered JMX Bean with object name Ratis:service=RaftServer,group=group-7855C2F36E53,id=81ff859e-e76f-43f5-951a-4a38422068cb
2019-11-04 16:03:05,406 [ForkJoinPool.commonPool-worker-0] INFO  impl.RaftServerImpl (RaftServerImpl.java:lambda$shutdown$3(261)) - a9143d84-6d7f-497d-b770-eb75585db3c7@group-E59958DAA06C: shutdown
2019-11-04 16:03:05,407 [main] INFO  impl.RoleInfo (RoleInfo.java:shutdownFollowerState(121)) - 81ff859e-e76f-43f5-951a-4a38422068cb: shutdown FollowerState
2019-11-04 16:03:05,407 [ForkJoinPool.commonPool-worker-0] INFO  util.JmxRegister (JmxRegister.java:unregister(73)) - Successfully un-registered JMX Bean with object name Ratis:service=RaftServer,group=group-E59958DAA06C,id=a9143d84-6d7f-497d-b770-eb75585db3c7
2019-11-04 16:03:05,407 [Thread-3369] INFO  impl.FollowerState (FollowerState.java:run(117)) - 81ff859e-e76f-43f5-951a-4a38422068cb@group-7855C2F36E53-FollowerState was interrupted: java.lang.InterruptedException: sleep interrupted
2019-11-04 16:03:05,407 [main] INFO  impl.StateMachineUpdater (StateMachineUpdater.java:stopAndJoin(136)) - 81ff859e-e76f-43f5-951a-4a38422068cb@group-7855C2F36E53-StateMachineUpdater: set stopIndex = -1
2019-11-04 16:03:05,408 [main] INFO  impl.RaftServerImpl (ServerState.java:close(388)) - 81ff859e-e76f-43f5-951a-4a38422068cb@group-7855C2F36E53: closes. applyIndex: -1
2019-11-04 16:03:05,407 [ForkJoinPool.commonPool-worker-0] INFO  impl.RoleInfo (RoleInfo.java:shutdownLeaderState(104)) - a9143d84-6d7f-497d-b770-eb75585db3c7: shutdown LeaderState
2019-11-04 16:03:05,408 [81ff859e-e76f-43f5-951a-4a38422068cb@group-7855C2F36E53-SegmentedRaftLogWorker] INFO  segmented.SegmentedRaftLogWorker (SegmentedRaftLogWorker.java:run(316)) - 81ff859e-e76f-43f5-951a-4a38422068cb@group-7855C2F36E53-SegmentedRaftLogWorker was interrupted, exiting. There are 0 tasks remaining in the queue.
2019-11-04 16:03:05,410 [ForkJoinPool.commonPool-worker-0] INFO  impl.PendingRequests (PendingRequests.java:sendNotLeaderResponses(202)) - a9143d84-6d7f-497d-b770-eb75585db3c7@group-E59958DAA06C-PendingRequests: sendNotLeaderResponses
2019-11-04 16:03:05,410 [main] INFO  segmented.SegmentedRaftLogWorker (SegmentedRaftLogWorker.java:close(224)) - 81ff859e-e76f-43f5-951a-4a38422068cb@group-7855C2F36E53-SegmentedRaftLogWorker close()
2019-11-04 16:03:05,411 [ForkJoinPool.commonPool-worker-0] INFO  impl.StateMachineUpdater (StateMachineUpdater.java:stopAndJoin(136)) - a9143d84-6d7f-497d-b770-eb75585db3c7@group-E59958DAA06C-StateMachineUpdater: set stopIndex = 0
2019-11-04 16:03:05,412 [main] INFO  impl.RaftServerImpl (RaftServerImpl.java:lambda$shutdown$3(261)) - 81ff859e-e76f-43f5-951a-4a38422068cb@group-1DBD9A727BD2: shutdown
2019-11-04 16:03:05,413 [ForkJoinPool.commonPool-worker-0] INFO  impl.RaftServerImpl (ServerState.java:close(388)) - a9143d84-6d7f-497d-b770-eb75585db3c7@group-E59958DAA06C: closes. applyIndex: 0
2019-11-04 16:03:05,413 [main] INFO  util.JmxRegister (JmxRegister.java:unregister(73)) - Successfully un-registered JMX Bean with object name Ratis:service=RaftServer,group=group-1DBD9A727BD2,id=81ff859e-e76f-43f5-951a-4a38422068cb
2019-11-04 16:03:05,413 [a9143d84-6d7f-497d-b770-eb75585db3c7@group-E59958DAA06C-SegmentedRaftLogWorker] INFO  segmented.SegmentedRaftLogWorker (SegmentedRaftLogWorker.java:run(316)) - a9143d84-6d7f-497d-b770-eb75585db3c7@group-E59958DAA06C-SegmentedRaftLogWorker was interrupted, exiting. There are 0 tasks remaining in the queue.
2019-11-04 16:03:05,413 [main] INFO  impl.RoleInfo (RoleInfo.java:shutdownLeaderState(104)) - 81ff859e-e76f-43f5-951a-4a38422068cb: shutdown LeaderState
2019-11-04 16:03:05,414 [ForkJoinPool.commonPool-worker-0] INFO  segmented.SegmentedRaftLogWorker (SegmentedRaftLogWorker.java:close(224)) - a9143d84-6d7f-497d-b770-eb75585db3c7@group-E59958DAA06C-SegmentedRaftLogWorker close()
2019-11-04 16:03:05,415 [main] INFO  impl.PendingRequests (PendingRequests.java:sendNotLeaderResponses(202)) - 81ff859e-e76f-43f5-951a-4a38422068cb@group-1DBD9A727BD2-PendingRequests: sendNotLeaderResponses
2019-11-04 16:03:05,416 [ForkJoinPool.commonPool-worker-0] INFO  impl.RaftServerImpl (RaftServerImpl.java:lambda$shutdown$3(261)) - a9143d84-6d7f-497d-b770-eb75585db3c7@group-7855C2F36E53: shutdown
2019-11-04 16:03:05,417 [main] INFO  impl.StateMachineUpdater (StateMachineUpdater.java:stopAndJoin(136)) - 81ff859e-e76f-43f5-951a-4a38422068cb@group-1DBD9A727BD2-StateMachineUpdater: set stopIndex = 0
2019-11-04 16:03:05,417 [ForkJoinPool.commonPool-worker-0] INFO  util.JmxRegister (JmxRegister.java:unregister(73)) - Successfully un-registered JMX Bean with object name Ratis:service=RaftServer,group=group-7855C2F36E53,id=a9143d84-6d7f-497d-b770-eb75585db3c7
2019-11-04 16:03:05,417 [main] INFO  impl.RaftServerImpl (ServerState.java:close(388)) - 81ff859e-e76f-43f5-951a-4a38422068cb@group-1DBD9A727BD2: closes. applyIndex: 0
2019-11-04 16:03:05,417 [ForkJoinPool.commonPool-worker-0] INFO  impl.RoleInfo (RoleInfo.java:shutdownFollowerState(121)) - a9143d84-6d7f-497d-b770-eb75585db3c7: shutdown FollowerState
2019-11-04 16:03:05,418 [81ff859e-e76f-43f5-951a-4a38422068cb@group-1DBD9A727BD2-SegmentedRaftLogWorker] INFO  segmented.SegmentedRaftLogWorker (SegmentedRaftLogWorker.java:run(316)) - 81ff859e-e76f-43f5-951a-4a38422068cb@group-1DBD9A727BD2-SegmentedRaftLogWorker was interrupted, exiting. There are 0 tasks remaining in the queue.
2019-11-04 16:03:05,418 [Thread-3370] INFO  impl.FollowerState (FollowerState.java:run(117)) - a9143d84-6d7f-497d-b770-eb75585db3c7@group-7855C2F36E53-FollowerState was interrupted: java.lang.InterruptedException: sleep interrupted
2019-11-04 16:03:05,418 [ForkJoinPool.commonPool-worker-0] INFO  impl.StateMachineUpdater (StateMachineUpdater.java:stopAndJoin(136)) - a9143d84-6d7f-497d-b770-eb75585db3c7@group-7855C2F36E53-StateMachineUpdater: set stopIndex = -1
2019-11-04 16:03:05,419 [main] INFO  segmented.SegmentedRaftLogWorker (SegmentedRaftLogWorker.java:close(224)) - 81ff859e-e76f-43f5-951a-4a38422068cb@group-1DBD9A727BD2-SegmentedRaftLogWorker close()
2019-11-04 16:03:05,419 [ForkJoinPool.commonPool-worker-0] INFO  impl.RaftServerImpl (ServerState.java:close(388)) - a9143d84-6d7f-497d-b770-eb75585db3c7@group-7855C2F36E53: closes. applyIndex: -1
2019-11-04 16:03:05,422 [main] INFO  server.GrpcService (GrpcService.java:closeImpl(164)) - 81ff859e-e76f-43f5-951a-4a38422068cb: shutdown server with port 46532 now
2019-11-04 16:03:05,422 [a9143d84-6d7f-497d-b770-eb75585db3c7@group-7855C2F36E53-SegmentedRaftLogWorker] INFO  segmented.SegmentedRaftLogWorker (SegmentedRaftLogWorker.java:run(316)) - a9143d84-6d7f-497d-b770-eb75585db3c7@group-7855C2F36E53-SegmentedRaftLogWorker was interrupted, exiting. There are 0 tasks remaining in the queue.
2019-11-04 16:03:05,423 [ForkJoinPool.commonPool-worker-0] INFO  segmented.SegmentedRaftLogWorker (SegmentedRaftLogWorker.java:close(224)) - a9143d84-6d7f-497d-b770-eb75585db3c7@group-7855C2F36E53-SegmentedRaftLogWorker close()
2019-11-04 16:03:05,425 [ForkJoinPool.commonPool-worker-0] INFO  server.GrpcService (GrpcService.java:closeImpl(164)) - a9143d84-6d7f-497d-b770-eb75585db3c7: shutdown server with port 42126 now
2019-11-04 16:03:05,426 [ForkJoinPool.commonPool-worker-0] INFO  server.GrpcService (GrpcService.java:closeImpl(172)) - a9143d84-6d7f-497d-b770-eb75585db3c7: shutdown server with port 42126 successfully
2019-11-04 16:03:05,426 [main] INFO  server.GrpcService (GrpcService.java:closeImpl(172)) - 81ff859e-e76f-43f5-951a-4a38422068cb: shutdown server with port 46532 successfully
2019-11-04 16:03:05,432 [refreshUsed-/workdir/hadoop-ozone/integration-test/target/test-dir/MiniOzoneClusterImpl-cc4d3969-f36c-44f3-bda2-80f758632240/datanode-1/data/containers] WARN  fs.CachingGetSpaceUsed (CachingGetSpaceUsed.java:run(183)) - Thread Interrupted waiting to refresh disk information: sleep interrupted
2019-11-04 16:03:05,433 [refreshUsed-/workdir/hadoop-ozone/integration-test/target/test-dir/MiniOzoneClusterImpl-cc4d3969-f36c-44f3-bda2-80f758632240/datanode-2/data/containers] WARN  fs.CachingGetSpaceUsed (CachingGetSpaceUsed.java:run(183)) - Thread Interrupted waiting to refresh disk information: sleep interrupted
2019-11-04 16:03:05,439 [Thread-3371] INFO  impl.FollowerState (FollowerState.java:run(108)) - e3fb79a3-1f86-42af-a80c-c46d1acdbc29@group-7855C2F36E53-FollowerState: change to CANDIDATE, lastRpcTime:140ms, electionTimeout:140ms
2019-11-04 16:03:05,439 [Thread-3371] INFO  impl.RoleInfo (RoleInfo.java:shutdownFollowerState(121)) - e3fb79a3-1f86-42af-a80c-c46d1acdbc29: shutdown FollowerState
2019-11-04 16:03:05,439 [Thread-3371] INFO  impl.RaftServerImpl (RaftServerImpl.java:setRole(184)) - e3fb79a3-1f86-42af-a80c-c46d1acdbc29@group-7855C2F36E53: changes role from  FOLLOWER to CANDIDATE at term 518 for changeToCandidate
2019-11-04 16:03:05,439 [Thread-3371] INFO  impl.RoleInfo (RoleInfo.java:updateAndGet(143)) - e3fb79a3-1f86-42af-a80c-c46d1acdbc29: start LeaderElection
2019-11-04 16:03:05,460 [main] INFO  utils.BackgroundService (BackgroundService.java:shutdown(151)) - Shutting down service BlockDeletingService
2019-11-04 16:03:05,461 [ForkJoinPool.commonPool-worker-0] INFO  utils.BackgroundService (BackgroundService.java:shutdown(151)) - Shutting down service BlockDeletingService
2019-11-04 16:03:05,463 [main] INFO  statemachine.DatanodeStateMachine (DatanodeStateMachine.java:stopDaemon(395)) - Ozone container server stopped.
2019-11-04 16:03:05,464 [ForkJoinPool.commonPool-worker-0] INFO  statemachine.DatanodeStateMachine (DatanodeStateMachine.java:stopDaemon(395)) - Ozone container server stopped.
2019-11-04 16:03:05,466 [e3fb79a3-1f86-42af-a80c-c46d1acdbc29@group-7855C2F36E53-LeaderElection466] INFO  impl.LeaderElection (LeaderElection.java:askForVotes(178)) - e3fb79a3-1f86-42af-a80c-c46d1acdbc29@group-7855C2F36E53-LeaderElection466: begin an election at term 519 for -1: [e3fb79a3-1f86-42af-a80c-c46d1acdbc29:192.168.157.194:44142, 81ff859e-e76f-43f5-951a-4a38422068cb:192.168.157.194:46532, a9143d84-6d7f-497d-b770-eb75585db3c7:192.168.157.194:42126], old=null
2019-11-04 16:03:05,467 [ForkJoinPool.commonPool-worker-0] INFO  handler.ContextHandler (ContextHandler.java:doStop(910)) - Stopped o.e.j.w.WebAppContext@70e94ecb{/,null,UNAVAILABLE}{/hddsDatanode}
2019-11-04 16:03:05,467 [main] INFO  handler.ContextHandler (ContextHandler.java:doStop(910)) - Stopped o.e.j.w.WebAppContext@7601bc96{/,null,UNAVAILABLE}{/hddsDatanode}
2019-11-04 16:03:05,468 [ForkJoinPool.commonPool-worker-0] INFO  server.AbstractConnector (AbstractConnector.java:doStop(318)) - Stopped ServerConnector@56cfe111{HTTP/1.1,[http/1.1]}{0.0.0.0:0}
2019-11-04 16:03:05,469 [ForkJoinPool.commonPool-worker-0] INFO  handler.ContextHandler (ContextHandler.java:doStop(910)) - Stopped o.e.j.s.ServletContextHandler@29a98d9f{/static,jar:file:/home/user/.m2/repository/org/apache/hadoop/hadoop-hdds-container-service/0.5.0-SNAPSHOT/hadoop-hdds-container-service-0.5.0-SNAPSHOT.jar!/webapps/static,UNAVAILABLE}
2019-11-04 16:03:05,469 [main] INFO  server.AbstractConnector (AbstractConnector.java:doStop(318)) - Stopped ServerConnector@48a0c8aa{HTTP/1.1,[http/1.1]}{0.0.0.0:0}
2019-11-04 16:03:05,470 [ForkJoinPool.commonPool-worker-0] INFO  handler.ContextHandler (ContextHandler.java:doStop(910)) - Stopped o.e.j.s.ServletContextHandler@55d58825{/logs,file:///workdir/hadoop-ozone/integration-test/target/log,UNAVAILABLE}
2019-11-04 16:03:05,470 [main] INFO  handler.ContextHandler (ContextHandler.java:doStop(910)) - Stopped o.e.j.s.ServletContextHandler@37468787{/static,jar:file:/home/user/.m2/repository/org/apache/hadoop/hadoop-hdds-container-service/0.5.0-SNAPSHOT/hadoop-hdds-container-service-0.5.0-SNAPSHOT.jar!/webapps/static,UNAVAILABLE}
2019-11-04 16:03:05,471 [main] INFO  handler.ContextHandler (ContextHandler.java:doStop(910)) - Stopped o.e.j.s.ServletContextHandler@c2584d3{/logs,file:///workdir/hadoop-ozone/integration-test/target/log,UNAVAILABLE}
2019-11-04 16:03:05,481 [e3fb79a3-1f86-42af-a80c-c46d1acdbc29@group-7855C2F36E53-LeaderElection466] INFO  impl.LeaderElection (LogUtils.java:infoOrTrace(149)) - e3fb79a3-1f86-42af-a80c-c46d1acdbc29@group-7855C2F36E53-LeaderElection466 got exception when requesting votes: {}
java.util.concurrent.ExecutionException: org.apache.ratis.thirdparty.io.grpc.StatusRuntimeException: UNAVAILABLE: io exception
	at java.util.concurrent.FutureTask.report(FutureTask.java:122)
	at java.util.concurrent.FutureTask.get(FutureTask.java:192)
	at org.apache.ratis.server.impl.LeaderElection.waitForResults(LeaderElection.java:259)
	at org.apache.ratis.server.impl.LeaderElection.askForVotes(LeaderElection.java:197)
	at org.apache.ratis.server.impl.LeaderElection.run(LeaderElection.java:133)
	at java.lang.Thread.run(Thread.java:748)
Caused by: org.apache.ratis.thirdparty.io.grpc.StatusRuntimeException: UNAVAILABLE: io exception
	at org.apache.ratis.thirdparty.io.grpc.stub.ClientCalls.toStatusRuntimeException(ClientCalls.java:233)
	at org.apache.ratis.thirdparty.io.grpc.stub.ClientCalls.getUnchecked(ClientCalls.java:214)
	at org.apache.ratis.thirdparty.io.grpc.stub.ClientCalls.blockingUnaryCall(ClientCalls.java:139)
	at org.apache.ratis.proto.grpc.RaftServerProtocolServiceGrpc$RaftServerProtocolServiceBlockingStub.requestVote(RaftServerProtocolServiceGrpc.java:265)
	at org.apache.ratis.grpc.server.GrpcServerProtocolClient.requestVote(GrpcServerProtocolClient.java:99)
	at org.apache.ratis.grpc.server.GrpcService.requestVote(GrpcService.java:204)
	at org.apache.ratis.server.impl.LeaderElection.lambda$submitRequests$1(LeaderElection.java:234)
	at java.util.concurrent.FutureTask.run(FutureTask.java:266)
	at java.util.concurrent.Executors$RunnableAdapter.call(Executors.java:511)
	at java.util.concurrent.FutureTask.run(FutureTask.java:266)
	at java.util.concurrent.ThreadPoolExecutor.runWorker(ThreadPoolExecutor.java:1149)
	at java.util.concurrent.ThreadPoolExecutor$Worker.run(ThreadPoolExecutor.java:624)
	... 1 more
Caused by: org.apache.ratis.thirdparty.io.netty.channel.AbstractChannel$AnnotatedConnectException: Connection refused: /192.168.157.194:46532
	at sun.nio.ch.SocketChannelImpl.checkConnect(Native Method)
	at sun.nio.ch.SocketChannelImpl.finishConnect(SocketChannelImpl.java:717)
	at org.apache.ratis.thirdparty.io.netty.channel.socket.nio.NioSocketChannel.doFinishConnect(NioSocketChannel.java:327)
	at org.apache.ratis.thirdparty.io.netty.channel.nio.AbstractNioChannel$AbstractNioUnsafe.finishConnect(AbstractNioChannel.java:340)
	at org.apache.ratis.thirdparty.io.netty.channel.nio.NioEventLoop.processSelectedKey(NioEventLoop.java:632)
	at org.apache.ratis.thirdparty.io.netty.channel.nio.NioEventLoop.processSelectedKeysOptimized(NioEventLoop.java:579)
	at org.apache.ratis.thirdparty.io.netty.channel.nio.NioEventLoop.processSelectedKeys(NioEventLoop.java:496)
	at org.apache.ratis.thirdparty.io.netty.channel.nio.NioEventLoop.run(NioEventLoop.java:458)
	at org.apache.ratis.thirdparty.io.netty.util.concurrent.SingleThreadEventExecutor$5.run(SingleThreadEventExecutor.java:897)
	at org.apache.ratis.thirdparty.io.netty.util.concurrent.FastThreadLocalRunnable.run(FastThreadLocalRunnable.java:30)
	... 1 more
Caused by: java.net.ConnectException: Connection refused
	... 11 more
2019-11-04 16:03:05,484 [e3fb79a3-1f86-42af-a80c-c46d1acdbc29@group-7855C2F36E53-LeaderElection466] INFO  impl.LeaderElection (LeaderElection.java:logAndReturn(56)) - e3fb79a3-1f86-42af-a80c-c46d1acdbc29@group-7855C2F36E53-LeaderElection466: Election TIMEOUT; received 0 response(s) [] and 1 exception(s); e3fb79a3-1f86-42af-a80c-c46d1acdbc29@group-7855C2F36E53:t519, leader=null, voted=e3fb79a3-1f86-42af-a80c-c46d1acdbc29, raftlog=e3fb79a3-1f86-42af-a80c-c46d1acdbc29@group-7855C2F36E53-SegmentedRaftLog:OPENED:c-1,f-1,i0, conf=-1: [e3fb79a3-1f86-42af-a80c-c46d1acdbc29:192.168.157.194:44142, 81ff859e-e76f-43f5-951a-4a38422068cb:192.168.157.194:46532, a9143d84-6d7f-497d-b770-eb75585db3c7:192.168.157.194:42126], old=null
2019-11-04 16:03:05,484 [e3fb79a3-1f86-42af-a80c-c46d1acdbc29@group-7855C2F36E53-LeaderElection466] INFO  impl.LeaderElection (LogUtils.java:infoOrTrace(149)) -   Exception 0: {}
java.util.concurrent.ExecutionException: org.apache.ratis.thirdparty.io.grpc.StatusRuntimeException: UNAVAILABLE: io exception
	at java.util.concurrent.FutureTask.report(FutureTask.java:122)
	at java.util.concurrent.FutureTask.get(FutureTask.java:192)
	at org.apache.ratis.server.impl.LeaderElection.waitForResults(LeaderElection.java:259)
	at org.apache.ratis.server.impl.LeaderElection.askForVotes(LeaderElection.java:197)
	at org.apache.ratis.server.impl.LeaderElection.run(LeaderElection.java:133)
	at java.lang.Thread.run(Thread.java:748)
Caused by: org.apache.ratis.thirdparty.io.grpc.StatusRuntimeException: UNAVAILABLE: io exception
	at org.apache.ratis.thirdparty.io.grpc.stub.ClientCalls.toStatusRuntimeException(ClientCalls.java:233)
	at org.apache.ratis.thirdparty.io.grpc.stub.ClientCalls.getUnchecked(ClientCalls.java:214)
	at org.apache.ratis.thirdparty.io.grpc.stub.ClientCalls.blockingUnaryCall(ClientCalls.java:139)
	at org.apache.ratis.proto.grpc.RaftServerProtocolServiceGrpc$RaftServerProtocolServiceBlockingStub.requestVote(RaftServerProtocolServiceGrpc.java:265)
	at org.apache.ratis.grpc.server.GrpcServerProtocolClient.requestVote(GrpcServerProtocolClient.java:99)
	at org.apache.ratis.grpc.server.GrpcService.requestVote(GrpcService.java:204)
	at org.apache.ratis.server.impl.LeaderElection.lambda$submitRequests$1(LeaderElection.java:234)
	at java.util.concurrent.FutureTask.run(FutureTask.java:266)
	at java.util.concurrent.Executors$RunnableAdapter.call(Executors.java:511)
	at java.util.concurrent.FutureTask.run(FutureTask.java:266)
	at java.util.concurrent.ThreadPoolExecutor.runWorker(ThreadPoolExecutor.java:1149)
	at java.util.concurrent.ThreadPoolExecutor$Worker.run(ThreadPoolExecutor.java:624)
	... 1 more
Caused by: org.apache.ratis.thirdparty.io.netty.channel.AbstractChannel$AnnotatedConnectException: Connection refused: /192.168.157.194:46532
	at sun.nio.ch.SocketChannelImpl.checkConnect(Native Method)
	at sun.nio.ch.SocketChannelImpl.finishConnect(SocketChannelImpl.java:717)
	at org.apache.ratis.thirdparty.io.netty.channel.socket.nio.NioSocketChannel.doFinishConnect(NioSocketChannel.java:327)
	at org.apache.ratis.thirdparty.io.netty.channel.nio.AbstractNioChannel$AbstractNioUnsafe.finishConnect(AbstractNioChannel.java:340)
	at org.apache.ratis.thirdparty.io.netty.channel.nio.NioEventLoop.processSelectedKey(NioEventLoop.java:632)
	at org.apache.ratis.thirdparty.io.netty.channel.nio.NioEventLoop.processSelectedKeysOptimized(NioEventLoop.java:579)
	at org.apache.ratis.thirdparty.io.netty.channel.nio.NioEventLoop.processSelectedKeys(NioEventLoop.java:496)
	at org.apache.ratis.thirdparty.io.netty.channel.nio.NioEventLoop.run(NioEventLoop.java:458)
	at org.apache.ratis.thirdparty.io.netty.util.concurrent.SingleThreadEventExecutor$5.run(SingleThreadEventExecutor.java:897)
	at org.apache.ratis.thirdparty.io.netty.util.concurrent.FastThreadLocalRunnable.run(FastThreadLocalRunnable.java:30)
	... 1 more
Caused by: java.net.ConnectException: Connection refused
	... 11 more
2019-11-04 16:03:05,497 [e3fb79a3-1f86-42af-a80c-c46d1acdbc29@group-7855C2F36E53-LeaderElection466] INFO  impl.LeaderElection (LeaderElection.java:askForVotes(178)) - e3fb79a3-1f86-42af-a80c-c46d1acdbc29@group-7855C2F36E53-LeaderElection466: begin an election at term 520 for -1: [e3fb79a3-1f86-42af-a80c-c46d1acdbc29:192.168.157.194:44142, 81ff859e-e76f-43f5-951a-4a38422068cb:192.168.157.194:46532, a9143d84-6d7f-497d-b770-eb75585db3c7:192.168.157.194:42126], old=null
2019-11-04 16:03:05,498 [e3fb79a3-1f86-42af-a80c-c46d1acdbc29@group-7855C2F36E53-LeaderElection466] INFO  impl.LeaderElection (LogUtils.java:infoOrTrace(149)) - e3fb79a3-1f86-42af-a80c-c46d1acdbc29@group-7855C2F36E53-LeaderElection466 got exception when requesting votes: {}
java.util.concurrent.ExecutionException: org.apache.ratis.thirdparty.io.grpc.StatusRuntimeException: UNAVAILABLE: io exception
	at java.util.concurrent.FutureTask.report(FutureTask.java:122)
	at java.util.concurrent.FutureTask.get(FutureTask.java:192)
	at org.apache.ratis.server.impl.LeaderElection.waitForResults(LeaderElection.java:259)
	at org.apache.ratis.server.impl.LeaderElection.askForVotes(LeaderElection.java:197)
	at org.apache.ratis.server.impl.LeaderElection.run(LeaderElection.java:133)
	at java.lang.Thread.run(Thread.java:748)
Caused by: org.apache.ratis.thirdparty.io.grpc.StatusRuntimeException: UNAVAILABLE: io exception
	at org.apache.ratis.thirdparty.io.grpc.stub.ClientCalls.toStatusRuntimeException(ClientCalls.java:233)
	at org.apache.ratis.thirdparty.io.grpc.stub.ClientCalls.getUnchecked(ClientCalls.java:214)
	at org.apache.ratis.thirdparty.io.grpc.stub.ClientCalls.blockingUnaryCall(ClientCalls.java:139)
	at org.apache.ratis.proto.grpc.RaftServerProtocolServiceGrpc$RaftServerProtocolServiceBlockingStub.requestVote(RaftServerProtocolServiceGrpc.java:265)
	at org.apache.ratis.grpc.server.GrpcServerProtocolClient.requestVote(GrpcServerProtocolClient.java:99)
	at org.apache.ratis.grpc.server.GrpcService.requestVote(GrpcService.java:204)
	at org.apache.ratis.server.impl.LeaderElection.lambda$submitRequests$1(LeaderElection.java:234)
	at java.util.concurrent.FutureTask.run(FutureTask.java:266)
	at java.util.concurrent.Executors$RunnableAdapter.call(Executors.java:511)
	at java.util.concurrent.FutureTask.run(FutureTask.java:266)
	at java.util.concurrent.ThreadPoolExecutor.runWorker(ThreadPoolExecutor.java:1149)
	at java.util.concurrent.ThreadPoolExecutor$Worker.run(ThreadPoolExecutor.java:624)
	... 1 more
Caused by: org.apache.ratis.thirdparty.io.netty.channel.AbstractChannel$AnnotatedConnectException: Connection refused: /192.168.157.194:46532
	at sun.nio.ch.SocketChannelImpl.checkConnect(Native Method)
	at sun.nio.ch.SocketChannelImpl.finishConnect(SocketChannelImpl.java:717)
	at org.apache.ratis.thirdparty.io.netty.channel.socket.nio.NioSocketChannel.doFinishConnect(NioSocketChannel.java:327)
	at org.apache.ratis.thirdparty.io.netty.channel.nio.AbstractNioChannel$AbstractNioUnsafe.finishConnect(AbstractNioChannel.java:340)
	at org.apache.ratis.thirdparty.io.netty.channel.nio.NioEventLoop.processSelectedKey(NioEventLoop.java:632)
	at org.apache.ratis.thirdparty.io.netty.channel.nio.NioEventLoop.processSelectedKeysOptimized(NioEventLoop.java:579)
	at org.apache.ratis.thirdparty.io.netty.channel.nio.NioEventLoop.processSelectedKeys(NioEventLoop.java:496)
	at org.apache.ratis.thirdparty.io.netty.channel.nio.NioEventLoop.run(NioEventLoop.java:458)
	at org.apache.ratis.thirdparty.io.netty.util.concurrent.SingleThreadEventExecutor$5.run(SingleThreadEventExecutor.java:897)
	at org.apache.ratis.thirdparty.io.netty.util.concurrent.FastThreadLocalRunnable.run(FastThreadLocalRunnable.java:30)
	... 1 more
Caused by: java.net.ConnectException: Connection refused
	... 11 more
2019-11-04 16:03:05,499 [e3fb79a3-1f86-42af-a80c-c46d1acdbc29@group-7855C2F36E53-LeaderElection466] INFO  impl.LeaderElection (LogUtils.java:infoOrTrace(149)) - e3fb79a3-1f86-42af-a80c-c46d1acdbc29@group-7855C2F36E53-LeaderElection466 got exception when requesting votes: {}
java.util.concurrent.ExecutionException: org.apache.ratis.thirdparty.io.grpc.StatusRuntimeException: UNAVAILABLE: io exception
	at java.util.concurrent.FutureTask.report(FutureTask.java:122)
	at java.util.concurrent.FutureTask.get(FutureTask.java:192)
	at org.apache.ratis.server.impl.LeaderElection.waitForResults(LeaderElection.java:259)
	at org.apache.ratis.server.impl.LeaderElection.askForVotes(LeaderElection.java:197)
	at org.apache.ratis.server.impl.LeaderElection.run(LeaderElection.java:133)
	at java.lang.Thread.run(Thread.java:748)
Caused by: org.apache.ratis.thirdparty.io.grpc.StatusRuntimeException: UNAVAILABLE: io exception
	at org.apache.ratis.thirdparty.io.grpc.stub.ClientCalls.toStatusRuntimeException(ClientCalls.java:233)
	at org.apache.ratis.thirdparty.io.grpc.stub.ClientCalls.getUnchecked(ClientCalls.java:214)
	at org.apache.ratis.thirdparty.io.grpc.stub.ClientCalls.blockingUnaryCall(ClientCalls.java:139)
	at org.apache.ratis.proto.grpc.RaftServerProtocolServiceGrpc$RaftServerProtocolServiceBlockingStub.requestVote(RaftServerProtocolServiceGrpc.java:265)
	at org.apache.ratis.grpc.server.GrpcServerProtocolClient.requestVote(GrpcServerProtocolClient.java:99)
	at org.apache.ratis.grpc.server.GrpcService.requestVote(GrpcService.java:204)
	at org.apache.ratis.server.impl.LeaderElection.lambda$submitRequests$1(LeaderElection.java:234)
	at java.util.concurrent.FutureTask.run(FutureTask.java:266)
	at java.util.concurrent.Executors$RunnableAdapter.call(Executors.java:511)
	at java.util.concurrent.FutureTask.run(FutureTask.java:266)
	at java.util.concurrent.ThreadPoolExecutor.runWorker(ThreadPoolExecutor.java:1149)
	at java.util.concurrent.ThreadPoolExecutor$Worker.run(ThreadPoolExecutor.java:624)
	... 1 more
Caused by: org.apache.ratis.thirdparty.io.netty.channel.AbstractChannel$AnnotatedConnectException: Connection refused: /192.168.157.194:42126
	at sun.nio.ch.SocketChannelImpl.checkConnect(Native Method)
	at sun.nio.ch.SocketChannelImpl.finishConnect(SocketChannelImpl.java:717)
	at org.apache.ratis.thirdparty.io.netty.channel.socket.nio.NioSocketChannel.doFinishConnect(NioSocketChannel.java:327)
	at org.apache.ratis.thirdparty.io.netty.channel.nio.AbstractNioChannel$AbstractNioUnsafe.finishConnect(AbstractNioChannel.java:340)
	at org.apache.ratis.thirdparty.io.netty.channel.nio.NioEventLoop.processSelectedKey(NioEventLoop.java:632)
	at org.apache.ratis.thirdparty.io.netty.channel.nio.NioEventLoop.processSelectedKeysOptimized(NioEventLoop.java:579)
	at org.apache.ratis.thirdparty.io.netty.channel.nio.NioEventLoop.processSelectedKeys(NioEventLoop.java:496)
	at org.apache.ratis.thirdparty.io.netty.channel.nio.NioEventLoop.run(NioEventLoop.java:458)
	at org.apache.ratis.thirdparty.io.netty.util.concurrent.SingleThreadEventExecutor$5.run(SingleThreadEventExecutor.java:897)
	at org.apache.ratis.thirdparty.io.netty.util.concurrent.FastThreadLocalRunnable.run(FastThreadLocalRunnable.java:30)
	... 1 more
Caused by: java.net.ConnectException: Connection refused
	... 11 more
2019-11-04 16:03:05,500 [e3fb79a3-1f86-42af-a80c-c46d1acdbc29@group-7855C2F36E53-LeaderElection466] INFO  impl.LeaderElection (LeaderElection.java:logAndReturn(56)) - e3fb79a3-1f86-42af-a80c-c46d1acdbc29@group-7855C2F36E53-LeaderElection466: Election REJECTED; received 0 response(s) [] and 2 exception(s); e3fb79a3-1f86-42af-a80c-c46d1acdbc29@group-7855C2F36E53:t520, leader=null, voted=e3fb79a3-1f86-42af-a80c-c46d1acdbc29, raftlog=e3fb79a3-1f86-42af-a80c-c46d1acdbc29@group-7855C2F36E53-SegmentedRaftLog:OPENED:c-1,f-1,i0, conf=-1: [e3fb79a3-1f86-42af-a80c-c46d1acdbc29:192.168.157.194:44142, 81ff859e-e76f-43f5-951a-4a38422068cb:192.168.157.194:46532, a9143d84-6d7f-497d-b770-eb75585db3c7:192.168.157.194:42126], old=null
2019-11-04 16:03:05,500 [e3fb79a3-1f86-42af-a80c-c46d1acdbc29@group-7855C2F36E53-LeaderElection466] INFO  impl.LeaderElection (LogUtils.java:infoOrTrace(149)) -   Exception 0: {}
java.util.concurrent.ExecutionException: org.apache.ratis.thirdparty.io.grpc.StatusRuntimeException: UNAVAILABLE: io exception
	at java.util.concurrent.FutureTask.report(FutureTask.java:122)
	at java.util.concurrent.FutureTask.get(FutureTask.java:192)
	at org.apache.ratis.server.impl.LeaderElection.waitForResults(LeaderElection.java:259)
	at org.apache.ratis.server.impl.LeaderElection.askForVotes(LeaderElection.java:197)
	at org.apache.ratis.server.impl.LeaderElection.run(LeaderElection.java:133)
	at java.lang.Thread.run(Thread.java:748)
Caused by: org.apache.ratis.thirdparty.io.grpc.StatusRuntimeException: UNAVAILABLE: io exception
	at org.apache.ratis.thirdparty.io.grpc.stub.ClientCalls.toStatusRuntimeException(ClientCalls.java:233)
	at org.apache.ratis.thirdparty.io.grpc.stub.ClientCalls.getUnchecked(ClientCalls.java:214)
	at org.apache.ratis.thirdparty.io.grpc.stub.ClientCalls.blockingUnaryCall(ClientCalls.java:139)
	at org.apache.ratis.proto.grpc.RaftServerProtocolServiceGrpc$RaftServerProtocolServiceBlockingStub.requestVote(RaftServerProtocolServiceGrpc.java:265)
	at org.apache.ratis.grpc.server.GrpcServerProtocolClient.requestVote(GrpcServerProtocolClient.java:99)
	at org.apache.ratis.grpc.server.GrpcService.requestVote(GrpcService.java:204)
	at org.apache.ratis.server.impl.LeaderElection.lambda$submitRequests$1(LeaderElection.java:234)
	at java.util.concurrent.FutureTask.run(FutureTask.java:266)
	at java.util.concurrent.Executors$RunnableAdapter.call(Executors.java:511)
	at java.util.concurrent.FutureTask.run(FutureTask.java:266)
	at java.util.concurrent.ThreadPoolExecutor.runWorker(ThreadPoolExecutor.java:1149)
	at java.util.concurrent.ThreadPoolExecutor$Worker.run(ThreadPoolExecutor.java:624)
	... 1 more
Caused by: org.apache.ratis.thirdparty.io.netty.channel.AbstractChannel$AnnotatedConnectException: Connection refused: /192.168.157.194:46532
	at sun.nio.ch.SocketChannelImpl.checkConnect(Native Method)
	at sun.nio.ch.SocketChannelImpl.finishConnect(SocketChannelImpl.java:717)
	at org.apache.ratis.thirdparty.io.netty.channel.socket.nio.NioSocketChannel.doFinishConnect(NioSocketChannel.java:327)
	at org.apache.ratis.thirdparty.io.netty.channel.nio.AbstractNioChannel$AbstractNioUnsafe.finishConnect(AbstractNioChannel.java:340)
	at org.apache.ratis.thirdparty.io.netty.channel.nio.NioEventLoop.processSelectedKey(NioEventLoop.java:632)
	at org.apache.ratis.thirdparty.io.netty.channel.nio.NioEventLoop.processSelectedKeysOptimized(NioEventLoop.java:579)
	at org.apache.ratis.thirdparty.io.netty.channel.nio.NioEventLoop.processSelectedKeys(NioEventLoop.java:496)
	at org.apache.ratis.thirdparty.io.netty.channel.nio.NioEventLoop.run(NioEventLoop.java:458)
	at org.apache.ratis.thirdparty.io.netty.util.concurrent.SingleThreadEventExecutor$5.run(SingleThreadEventExecutor.java:897)
	at org.apache.ratis.thirdparty.io.netty.util.concurrent.FastThreadLocalRunnable.run(FastThreadLocalRunnable.java:30)
	... 1 more
Caused by: java.net.ConnectException: Connection refused
	... 11 more
2019-11-04 16:03:05,500 [e3fb79a3-1f86-42af-a80c-c46d1acdbc29@group-7855C2F36E53-LeaderElection466] INFO  impl.LeaderElection (LogUtils.java:infoOrTrace(149)) -   Exception 1: {}
java.util.concurrent.ExecutionException: org.apache.ratis.thirdparty.io.grpc.StatusRuntimeException: UNAVAILABLE: io exception
	at java.util.concurrent.FutureTask.report(FutureTask.java:122)
	at java.util.concurrent.FutureTask.get(FutureTask.java:192)
	at org.apache.ratis.server.impl.LeaderElection.waitForResults(LeaderElection.java:259)
	at org.apache.ratis.server.impl.LeaderElection.askForVotes(LeaderElection.java:197)
	at org.apache.ratis.server.impl.LeaderElection.run(LeaderElection.java:133)
	at java.lang.Thread.run(Thread.java:748)
Caused by: org.apache.ratis.thirdparty.io.grpc.StatusRuntimeException: UNAVAILABLE: io exception
	at org.apache.ratis.thirdparty.io.grpc.stub.ClientCalls.toStatusRuntimeException(ClientCalls.java:233)
	at org.apache.ratis.thirdparty.io.grpc.stub.ClientCalls.getUnchecked(ClientCalls.java:214)
	at org.apache.ratis.thirdparty.io.grpc.stub.ClientCalls.blockingUnaryCall(ClientCalls.java:139)
	at org.apache.ratis.proto.grpc.RaftServerProtocolServiceGrpc$RaftServerProtocolServiceBlockingStub.requestVote(RaftServerProtocolServiceGrpc.java:265)
	at org.apache.ratis.grpc.server.GrpcServerProtocolClient.requestVote(GrpcServerProtocolClient.java:99)
	at org.apache.ratis.grpc.server.GrpcService.requestVote(GrpcService.java:204)
	at org.apache.ratis.server.impl.LeaderElection.lambda$submitRequests$1(LeaderElection.java:234)
	at java.util.concurrent.FutureTask.run(FutureTask.java:266)
	at java.util.concurrent.Executors$RunnableAdapter.call(Executors.java:511)
	at java.util.concurrent.FutureTask.run(FutureTask.java:266)
	at java.util.concurrent.ThreadPoolExecutor.runWorker(ThreadPoolExecutor.java:1149)
	at java.util.concurrent.ThreadPoolExecutor$Worker.run(ThreadPoolExecutor.java:624)
	... 1 more
Caused by: org.apache.ratis.thirdparty.io.netty.channel.AbstractChannel$AnnotatedConnectException: Connection refused: /192.168.157.194:42126
	at sun.nio.ch.SocketChannelImpl.checkConnect(Native Method)
	at sun.nio.ch.SocketChannelImpl.finishConnect(SocketChannelImpl.java:717)
	at org.apache.ratis.thirdparty.io.netty.channel.socket.nio.NioSocketChannel.doFinishConnect(NioSocketChannel.java:327)
	at org.apache.ratis.thirdparty.io.netty.channel.nio.AbstractNioChannel$AbstractNioUnsafe.finishConnect(AbstractNioChannel.java:340)
	at org.apache.ratis.thirdparty.io.netty.channel.nio.NioEventLoop.processSelectedKey(NioEventLoop.java:632)
	at org.apache.ratis.thirdparty.io.netty.channel.nio.NioEventLoop.processSelectedKeysOptimized(NioEventLoop.java:579)
	at org.apache.ratis.thirdparty.io.netty.channel.nio.NioEventLoop.processSelectedKeys(NioEventLoop.java:496)
	at org.apache.ratis.thirdparty.io.netty.channel.nio.NioEventLoop.run(NioEventLoop.java:458)
	at org.apache.ratis.thirdparty.io.netty.util.concurrent.SingleThreadEventExecutor$5.run(SingleThreadEventExecutor.java:897)
	at org.apache.ratis.thirdparty.io.netty.util.concurrent.FastThreadLocalRunnable.run(FastThreadLocalRunnable.java:30)
	... 1 more
Caused by: java.net.ConnectException: Connection refused
	... 11 more
2019-11-04 16:03:05,501 [e3fb79a3-1f86-42af-a80c-c46d1acdbc29@group-7855C2F36E53-LeaderElection466] INFO  impl.RaftServerImpl (RaftServerImpl.java:setRole(184)) - e3fb79a3-1f86-42af-a80c-c46d1acdbc29@group-7855C2F36E53: changes role from CANDIDATE to FOLLOWER at term 520 for DISCOVERED_A_NEW_TERM
2019-11-04 16:03:05,501 [e3fb79a3-1f86-42af-a80c-c46d1acdbc29@group-7855C2F36E53-LeaderElection466] INFO  impl.RoleInfo (RoleInfo.java:shutdownLeaderElection(134)) - e3fb79a3-1f86-42af-a80c-c46d1acdbc29: shutdown LeaderElection
2019-11-04 16:03:05,501 [e3fb79a3-1f86-42af-a80c-c46d1acdbc29@group-7855C2F36E53-LeaderElection466] INFO  impl.RoleInfo (RoleInfo.java:updateAndGet(143)) - e3fb79a3-1f86-42af-a80c-c46d1acdbc29: start FollowerState
2019-11-04 16:03:05,509 [Thread-3377] INFO  impl.FollowerState (FollowerState.java:run(108)) - e3fb79a3-1f86-42af-a80c-c46d1acdbc29@group-7855C2F36E53-FollowerState: change to CANDIDATE, lastRpcTime:8ms, electionTimeout:8ms
2019-11-04 16:03:05,510 [Thread-3377] INFO  impl.RoleInfo (RoleInfo.java:shutdownFollowerState(121)) - e3fb79a3-1f86-42af-a80c-c46d1acdbc29: shutdown FollowerState
2019-11-04 16:03:05,510 [Thread-3377] INFO  impl.RaftServerImpl (RaftServerImpl.java:setRole(184)) - e3fb79a3-1f86-42af-a80c-c46d1acdbc29@group-7855C2F36E53: changes role from  FOLLOWER to CANDIDATE at term 520 for changeToCandidate
2019-11-04 16:03:05,510 [Thread-3377] INFO  impl.RoleInfo (RoleInfo.java:updateAndGet(143)) - e3fb79a3-1f86-42af-a80c-c46d1acdbc29: start LeaderElection
2019-11-04 16:03:05,523 [e3fb79a3-1f86-42af-a80c-c46d1acdbc29@group-7855C2F36E53-LeaderElection467] INFO  impl.LeaderElection (LeaderElection.java:askForVotes(178)) - e3fb79a3-1f86-42af-a80c-c46d1acdbc29@group-7855C2F36E53-LeaderElection467: begin an election at term 521 for -1: [e3fb79a3-1f86-42af-a80c-c46d1acdbc29:192.168.157.194:44142, 81ff859e-e76f-43f5-951a-4a38422068cb:192.168.157.194:46532, a9143d84-6d7f-497d-b770-eb75585db3c7:192.168.157.194:42126], old=null
2019-11-04 16:03:05,523 [e3fb79a3-1f86-42af-a80c-c46d1acdbc29@group-7855C2F36E53-LeaderElection467] INFO  impl.LeaderElection (LogUtils.java:infoOrTrace(149)) - e3fb79a3-1f86-42af-a80c-c46d1acdbc29@group-7855C2F36E53-LeaderElection467 got exception when requesting votes: {}
java.util.concurrent.ExecutionException: org.apache.ratis.thirdparty.io.grpc.StatusRuntimeException: UNAVAILABLE: io exception
	at java.util.concurrent.FutureTask.report(FutureTask.java:122)
	at java.util.concurrent.FutureTask.get(FutureTask.java:192)
	at org.apache.ratis.server.impl.LeaderElection.waitForResults(LeaderElection.java:259)
	at org.apache.ratis.server.impl.LeaderElection.askForVotes(LeaderElection.java:197)
	at org.apache.ratis.server.impl.LeaderElection.run(LeaderElection.java:133)
	at java.lang.Thread.run(Thread.java:748)
Caused by: org.apache.ratis.thirdparty.io.grpc.StatusRuntimeException: UNAVAILABLE: io exception
	at org.apache.ratis.thirdparty.io.grpc.stub.ClientCalls.toStatusRuntimeException(ClientCalls.java:233)
	at org.apache.ratis.thirdparty.io.grpc.stub.ClientCalls.getUnchecked(ClientCalls.java:214)
	at org.apache.ratis.thirdparty.io.grpc.stub.ClientCalls.blockingUnaryCall(ClientCalls.java:139)
	at org.apache.ratis.proto.grpc.RaftServerProtocolServiceGrpc$RaftServerProtocolServiceBlockingStub.requestVote(RaftServerProtocolServiceGrpc.java:265)
	at org.apache.ratis.grpc.server.GrpcServerProtocolClient.requestVote(GrpcServerProtocolClient.java:99)
	at org.apache.ratis.grpc.server.GrpcService.requestVote(GrpcService.java:204)
	at org.apache.ratis.server.impl.LeaderElection.lambda$submitRequests$1(LeaderElection.java:234)
	at java.util.concurrent.FutureTask.run(FutureTask.java:266)
	at java.util.concurrent.Executors$RunnableAdapter.call(Executors.java:511)
	at java.util.concurrent.FutureTask.run(FutureTask.java:266)
	at java.util.concurrent.ThreadPoolExecutor.runWorker(ThreadPoolExecutor.java:1149)
	at java.util.concurrent.ThreadPoolExecutor$Worker.run(ThreadPoolExecutor.java:624)
	... 1 more
Caused by: org.apache.ratis.thirdparty.io.netty.channel.AbstractChannel$AnnotatedConnectException: Connection refused: /192.168.157.194:46532
	at sun.nio.ch.SocketChannelImpl.checkConnect(Native Method)
	at sun.nio.ch.SocketChannelImpl.finishConnect(SocketChannelImpl.java:717)
	at org.apache.ratis.thirdparty.io.netty.channel.socket.nio.NioSocketChannel.doFinishConnect(NioSocketChannel.java:327)
	at org.apache.ratis.thirdparty.io.netty.channel.nio.AbstractNioChannel$AbstractNioUnsafe.finishConnect(AbstractNioChannel.java:340)
	at org.apache.ratis.thirdparty.io.netty.channel.nio.NioEventLoop.processSelectedKey(NioEventLoop.java:632)
	at org.apache.ratis.thirdparty.io.netty.channel.nio.NioEventLoop.processSelectedKeysOptimized(NioEventLoop.java:579)
	at org.apache.ratis.thirdparty.io.netty.channel.nio.NioEventLoop.processSelectedKeys(NioEventLoop.java:496)
	at org.apache.ratis.thirdparty.io.netty.channel.nio.NioEventLoop.run(NioEventLoop.java:458)
	at org.apache.ratis.thirdparty.io.netty.util.concurrent.SingleThreadEventExecutor$5.run(SingleThreadEventExecutor.java:897)
	at org.apache.ratis.thirdparty.io.netty.util.concurrent.FastThreadLocalRunnable.run(FastThreadLocalRunnable.java:30)
	... 1 more
Caused by: java.net.ConnectException: Connection refused
	... 11 more
2019-11-04 16:03:05,525 [e3fb79a3-1f86-42af-a80c-c46d1acdbc29@group-7855C2F36E53-LeaderElection467] INFO  impl.LeaderElection (LogUtils.java:infoOrTrace(149)) - e3fb79a3-1f86-42af-a80c-c46d1acdbc29@group-7855C2F36E53-LeaderElection467 got exception when requesting votes: {}
java.util.concurrent.ExecutionException: org.apache.ratis.thirdparty.io.grpc.StatusRuntimeException: UNAVAILABLE: io exception
	at java.util.concurrent.FutureTask.report(FutureTask.java:122)
	at java.util.concurrent.FutureTask.get(FutureTask.java:192)
	at org.apache.ratis.server.impl.LeaderElection.waitForResults(LeaderElection.java:259)
	at org.apache.ratis.server.impl.LeaderElection.askForVotes(LeaderElection.java:197)
	at org.apache.ratis.server.impl.LeaderElection.run(LeaderElection.java:133)
	at java.lang.Thread.run(Thread.java:748)
Caused by: org.apache.ratis.thirdparty.io.grpc.StatusRuntimeException: UNAVAILABLE: io exception
	at org.apache.ratis.thirdparty.io.grpc.stub.ClientCalls.toStatusRuntimeException(ClientCalls.java:233)
	at org.apache.ratis.thirdparty.io.grpc.stub.ClientCalls.getUnchecked(ClientCalls.java:214)
	at org.apache.ratis.thirdparty.io.grpc.stub.ClientCalls.blockingUnaryCall(ClientCalls.java:139)
	at org.apache.ratis.proto.grpc.RaftServerProtocolServiceGrpc$RaftServerProtocolServiceBlockingStub.requestVote(RaftServerProtocolServiceGrpc.java:265)
	at org.apache.ratis.grpc.server.GrpcServerProtocolClient.requestVote(GrpcServerProtocolClient.java:99)
	at org.apache.ratis.grpc.server.GrpcService.requestVote(GrpcService.java:204)
	at org.apache.ratis.server.impl.LeaderElection.lambda$submitRequests$1(LeaderElection.java:234)
	at java.util.concurrent.FutureTask.run(FutureTask.java:266)
	at java.util.concurrent.Executors$RunnableAdapter.call(Executors.java:511)
	at java.util.concurrent.FutureTask.run(FutureTask.java:266)
	at java.util.concurrent.ThreadPoolExecutor.runWorker(ThreadPoolExecutor.java:1149)
	at java.util.concurrent.ThreadPoolExecutor$Worker.run(ThreadPoolExecutor.java:624)
	... 1 more
Caused by: org.apache.ratis.thirdparty.io.netty.channel.AbstractChannel$AnnotatedConnectException: Connection refused: /192.168.157.194:42126
	at sun.nio.ch.SocketChannelImpl.checkConnect(Native Method)
	at sun.nio.ch.SocketChannelImpl.finishConnect(SocketChannelImpl.java:717)
	at org.apache.ratis.thirdparty.io.netty.channel.socket.nio.NioSocketChannel.doFinishConnect(NioSocketChannel.java:327)
	at org.apache.ratis.thirdparty.io.netty.channel.nio.AbstractNioChannel$AbstractNioUnsafe.finishConnect(AbstractNioChannel.java:340)
	at org.apache.ratis.thirdparty.io.netty.channel.nio.NioEventLoop.processSelectedKey(NioEventLoop.java:632)
	at org.apache.ratis.thirdparty.io.netty.channel.nio.NioEventLoop.processSelectedKeysOptimized(NioEventLoop.java:579)
	at org.apache.ratis.thirdparty.io.netty.channel.nio.NioEventLoop.processSelectedKeys(NioEventLoop.java:496)
	at org.apache.ratis.thirdparty.io.netty.channel.nio.NioEventLoop.run(NioEventLoop.java:458)
	at org.apache.ratis.thirdparty.io.netty.util.concurrent.SingleThreadEventExecutor$5.run(SingleThreadEventExecutor.java:897)
	at org.apache.ratis.thirdparty.io.netty.util.concurrent.FastThreadLocalRunnable.run(FastThreadLocalRunnable.java:30)
	... 1 more
Caused by: java.net.ConnectException: Connection refused
	... 11 more
2019-11-04 16:03:05,526 [e3fb79a3-1f86-42af-a80c-c46d1acdbc29@group-7855C2F36E53-LeaderElection467] INFO  impl.LeaderElection (LeaderElection.java:logAndReturn(56)) - e3fb79a3-1f86-42af-a80c-c46d1acdbc29@group-7855C2F36E53-LeaderElection467: Election REJECTED; received 0 response(s) [] and 2 exception(s); e3fb79a3-1f86-42af-a80c-c46d1acdbc29@group-7855C2F36E53:t521, leader=null, voted=e3fb79a3-1f86-42af-a80c-c46d1acdbc29, raftlog=e3fb79a3-1f86-42af-a80c-c46d1acdbc29@group-7855C2F36E53-SegmentedRaftLog:OPENED:c-1,f-1,i0, conf=-1: [e3fb79a3-1f86-42af-a80c-c46d1acdbc29:192.168.157.194:44142, 81ff859e-e76f-43f5-951a-4a38422068cb:192.168.157.194:46532, a9143d84-6d7f-497d-b770-eb75585db3c7:192.168.157.194:42126], old=null
2019-11-04 16:03:05,526 [e3fb79a3-1f86-42af-a80c-c46d1acdbc29@group-7855C2F36E53-LeaderElection467] INFO  impl.LeaderElection (LogUtils.java:infoOrTrace(149)) -   Exception 0: {}
java.util.concurrent.ExecutionException: org.apache.ratis.thirdparty.io.grpc.StatusRuntimeException: UNAVAILABLE: io exception
	at java.util.concurrent.FutureTask.report(FutureTask.java:122)
	at java.util.concurrent.FutureTask.get(FutureTask.java:192)
	at org.apache.ratis.server.impl.LeaderElection.waitForResults(LeaderElection.java:259)
	at org.apache.ratis.server.impl.LeaderElection.askForVotes(LeaderElection.java:197)
	at org.apache.ratis.server.impl.LeaderElection.run(LeaderElection.java:133)
	at java.lang.Thread.run(Thread.java:748)
Caused by: org.apache.ratis.thirdparty.io.grpc.StatusRuntimeException: UNAVAILABLE: io exception
	at org.apache.ratis.thirdparty.io.grpc.stub.ClientCalls.toStatusRuntimeException(ClientCalls.java:233)
	at org.apache.ratis.thirdparty.io.grpc.stub.ClientCalls.getUnchecked(ClientCalls.java:214)
	at org.apache.ratis.thirdparty.io.grpc.stub.ClientCalls.blockingUnaryCall(ClientCalls.java:139)
	at org.apache.ratis.proto.grpc.RaftServerProtocolServiceGrpc$RaftServerProtocolServiceBlockingStub.requestVote(RaftServerProtocolServiceGrpc.java:265)
	at org.apache.ratis.grpc.server.GrpcServerProtocolClient.requestVote(GrpcServerProtocolClient.java:99)
	at org.apache.ratis.grpc.server.GrpcService.requestVote(GrpcService.java:204)
	at org.apache.ratis.server.impl.LeaderElection.lambda$submitRequests$1(LeaderElection.java:234)
	at java.util.concurrent.FutureTask.run(FutureTask.java:266)
	at java.util.concurrent.Executors$RunnableAdapter.call(Executors.java:511)
	at java.util.concurrent.FutureTask.run(FutureTask.java:266)
	at java.util.concurrent.ThreadPoolExecutor.runWorker(ThreadPoolExecutor.java:1149)
	at java.util.concurrent.ThreadPoolExecutor$Worker.run(ThreadPoolExecutor.java:624)
	... 1 more
Caused by: org.apache.ratis.thirdparty.io.netty.channel.AbstractChannel$AnnotatedConnectException: Connection refused: /192.168.157.194:46532
	at sun.nio.ch.SocketChannelImpl.checkConnect(Native Method)
	at sun.nio.ch.SocketChannelImpl.finishConnect(SocketChannelImpl.java:717)
	at org.apache.ratis.thirdparty.io.netty.channel.socket.nio.NioSocketChannel.doFinishConnect(NioSocketChannel.java:327)
	at org.apache.ratis.thirdparty.io.netty.channel.nio.AbstractNioChannel$AbstractNioUnsafe.finishConnect(AbstractNioChannel.java:340)
	at org.apache.ratis.thirdparty.io.netty.channel.nio.NioEventLoop.processSelectedKey(NioEventLoop.java:632)
	at org.apache.ratis.thirdparty.io.netty.channel.nio.NioEventLoop.processSelectedKeysOptimized(NioEventLoop.java:579)
	at org.apache.ratis.thirdparty.io.netty.channel.nio.NioEventLoop.processSelectedKeys(NioEventLoop.java:496)
	at org.apache.ratis.thirdparty.io.netty.channel.nio.NioEventLoop.run(NioEventLoop.java:458)
	at org.apache.ratis.thirdparty.io.netty.util.concurrent.SingleThreadEventExecutor$5.run(SingleThreadEventExecutor.java:897)
	at org.apache.ratis.thirdparty.io.netty.util.concurrent.FastThreadLocalRunnable.run(FastThreadLocalRunnable.java:30)
	... 1 more
Caused by: java.net.ConnectException: Connection refused
	... 11 more
2019-11-04 16:03:05,527 [e3fb79a3-1f86-42af-a80c-c46d1acdbc29@group-7855C2F36E53-LeaderElection467] INFO  impl.LeaderElection (LogUtils.java:infoOrTrace(149)) -   Exception 1: {}
java.util.concurrent.ExecutionException: org.apache.ratis.thirdparty.io.grpc.StatusRuntimeException: UNAVAILABLE: io exception
	at java.util.concurrent.FutureTask.report(FutureTask.java:122)
	at java.util.concurrent.FutureTask.get(FutureTask.java:192)
	at org.apache.ratis.server.impl.LeaderElection.waitForResults(LeaderElection.java:259)
	at org.apache.ratis.server.impl.LeaderElection.askForVotes(LeaderElection.java:197)
	at org.apache.ratis.server.impl.LeaderElection.run(LeaderElection.java:133)
	at java.lang.Thread.run(Thread.java:748)
Caused by: org.apache.ratis.thirdparty.io.grpc.StatusRuntimeException: UNAVAILABLE: io exception
	at org.apache.ratis.thirdparty.io.grpc.stub.ClientCalls.toStatusRuntimeException(ClientCalls.java:233)
	at org.apache.ratis.thirdparty.io.grpc.stub.ClientCalls.getUnchecked(ClientCalls.java:214)
	at org.apache.ratis.thirdparty.io.grpc.stub.ClientCalls.blockingUnaryCall(ClientCalls.java:139)
	at org.apache.ratis.proto.grpc.RaftServerProtocolServiceGrpc$RaftServerProtocolServiceBlockingStub.requestVote(RaftServerProtocolServiceGrpc.java:265)
	at org.apache.ratis.grpc.server.GrpcServerProtocolClient.requestVote(GrpcServerProtocolClient.java:99)
	at org.apache.ratis.grpc.server.GrpcService.requestVote(GrpcService.java:204)
	at org.apache.ratis.server.impl.LeaderElection.lambda$submitRequests$1(LeaderElection.java:234)
	at java.util.concurrent.FutureTask.run(FutureTask.java:266)
	at java.util.concurrent.Executors$RunnableAdapter.call(Executors.java:511)
	at java.util.concurrent.FutureTask.run(FutureTask.java:266)
	at java.util.concurrent.ThreadPoolExecutor.runWorker(ThreadPoolExecutor.java:1149)
	at java.util.concurrent.ThreadPoolExecutor$Worker.run(ThreadPoolExecutor.java:624)
	... 1 more
Caused by: org.apache.ratis.thirdparty.io.netty.channel.AbstractChannel$AnnotatedConnectException: Connection refused: /192.168.157.194:42126
	at sun.nio.ch.SocketChannelImpl.checkConnect(Native Method)
	at sun.nio.ch.SocketChannelImpl.finishConnect(SocketChannelImpl.java:717)
	at org.apache.ratis.thirdparty.io.netty.channel.socket.nio.NioSocketChannel.doFinishConnect(NioSocketChannel.java:327)
	at org.apache.ratis.thirdparty.io.netty.channel.nio.AbstractNioChannel$AbstractNioUnsafe.finishConnect(AbstractNioChannel.java:340)
	at org.apache.ratis.thirdparty.io.netty.channel.nio.NioEventLoop.processSelectedKey(NioEventLoop.java:632)
	at org.apache.ratis.thirdparty.io.netty.channel.nio.NioEventLoop.processSelectedKeysOptimized(NioEventLoop.java:579)
	at org.apache.ratis.thirdparty.io.netty.channel.nio.NioEventLoop.processSelectedKeys(NioEventLoop.java:496)
	at org.apache.ratis.thirdparty.io.netty.channel.nio.NioEventLoop.run(NioEventLoop.java:458)
	at org.apache.ratis.thirdparty.io.netty.util.concurrent.SingleThreadEventExecutor$5.run(SingleThreadEventExecutor.java:897)
	at org.apache.ratis.thirdparty.io.netty.util.concurrent.FastThreadLocalRunnable.run(FastThreadLocalRunnable.java:30)
	... 1 more
Caused by: java.net.ConnectException: Connection refused
	... 11 more
2019-11-04 16:03:05,528 [e3fb79a3-1f86-42af-a80c-c46d1acdbc29@group-7855C2F36E53-LeaderElection467] INFO  impl.RaftServerImpl (RaftServerImpl.java:setRole(184)) - e3fb79a3-1f86-42af-a80c-c46d1acdbc29@group-7855C2F36E53: changes role from CANDIDATE to FOLLOWER at term 521 for DISCOVERED_A_NEW_TERM
2019-11-04 16:03:05,528 [e3fb79a3-1f86-42af-a80c-c46d1acdbc29@group-7855C2F36E53-LeaderElection467] INFO  impl.RoleInfo (RoleInfo.java:shutdownLeaderElection(134)) - e3fb79a3-1f86-42af-a80c-c46d1acdbc29: shutdown LeaderElection
2019-11-04 16:03:05,528 [e3fb79a3-1f86-42af-a80c-c46d1acdbc29@group-7855C2F36E53-LeaderElection467] INFO  impl.RoleInfo (RoleInfo.java:updateAndGet(143)) - e3fb79a3-1f86-42af-a80c-c46d1acdbc29: start FollowerState
2019-11-04 16:03:05,581 [Thread-3381] INFO  impl.FollowerState (FollowerState.java:run(108)) - e3fb79a3-1f86-42af-a80c-c46d1acdbc29@group-7855C2F36E53-FollowerState: change to CANDIDATE, lastRpcTime:52ms, electionTimeout:52ms
2019-11-04 16:03:05,581 [Thread-3381] INFO  impl.RoleInfo (RoleInfo.java:shutdownFollowerState(121)) - e3fb79a3-1f86-42af-a80c-c46d1acdbc29: shutdown FollowerState
2019-11-04 16:03:05,581 [Thread-3381] INFO  impl.RaftServerImpl (RaftServerImpl.java:setRole(184)) - e3fb79a3-1f86-42af-a80c-c46d1acdbc29@group-7855C2F36E53: changes role from  FOLLOWER to CANDIDATE at term 521 for changeToCandidate
2019-11-04 16:03:05,581 [Thread-3381] INFO  impl.RoleInfo (RoleInfo.java:updateAndGet(143)) - e3fb79a3-1f86-42af-a80c-c46d1acdbc29: start LeaderElection
2019-11-04 16:03:05,606 [e3fb79a3-1f86-42af-a80c-c46d1acdbc29@group-7855C2F36E53-LeaderElection468] INFO  impl.LeaderElection (LeaderElection.java:askForVotes(178)) - e3fb79a3-1f86-42af-a80c-c46d1acdbc29@group-7855C2F36E53-LeaderElection468: begin an election at term 522 for -1: [e3fb79a3-1f86-42af-a80c-c46d1acdbc29:192.168.157.194:44142, 81ff859e-e76f-43f5-951a-4a38422068cb:192.168.157.194:46532, a9143d84-6d7f-497d-b770-eb75585db3c7:192.168.157.194:42126], old=null
2019-11-04 16:03:05,607 [e3fb79a3-1f86-42af-a80c-c46d1acdbc29@group-7855C2F36E53-LeaderElection468] INFO  impl.LeaderElection (LogUtils.java:infoOrTrace(149)) - e3fb79a3-1f86-42af-a80c-c46d1acdbc29@group-7855C2F36E53-LeaderElection468 got exception when requesting votes: {}
java.util.concurrent.ExecutionException: org.apache.ratis.thirdparty.io.grpc.StatusRuntimeException: UNAVAILABLE: io exception
	at java.util.concurrent.FutureTask.report(FutureTask.java:122)
	at java.util.concurrent.FutureTask.get(FutureTask.java:192)
	at org.apache.ratis.server.impl.LeaderElection.waitForResults(LeaderElection.java:259)
	at org.apache.ratis.server.impl.LeaderElection.askForVotes(LeaderElection.java:197)
	at org.apache.ratis.server.impl.LeaderElection.run(LeaderElection.java:133)
	at java.lang.Thread.run(Thread.java:748)
Caused by: org.apache.ratis.thirdparty.io.grpc.StatusRuntimeException: UNAVAILABLE: io exception
	at org.apache.ratis.thirdparty.io.grpc.stub.ClientCalls.toStatusRuntimeException(ClientCalls.java:233)
	at org.apache.ratis.thirdparty.io.grpc.stub.ClientCalls.getUnchecked(ClientCalls.java:214)
	at org.apache.ratis.thirdparty.io.grpc.stub.ClientCalls.blockingUnaryCall(ClientCalls.java:139)
	at org.apache.ratis.proto.grpc.RaftServerProtocolServiceGrpc$RaftServerProtocolServiceBlockingStub.requestVote(RaftServerProtocolServiceGrpc.java:265)
	at org.apache.ratis.grpc.server.GrpcServerProtocolClient.requestVote(GrpcServerProtocolClient.java:99)
	at org.apache.ratis.grpc.server.GrpcService.requestVote(GrpcService.java:204)
	at org.apache.ratis.server.impl.LeaderElection.lambda$submitRequests$1(LeaderElection.java:234)
	at java.util.concurrent.FutureTask.run(FutureTask.java:266)
	at java.util.concurrent.Executors$RunnableAdapter.call(Executors.java:511)
	at java.util.concurrent.FutureTask.run(FutureTask.java:266)
	at java.util.concurrent.ThreadPoolExecutor.runWorker(ThreadPoolExecutor.java:1149)
	at java.util.concurrent.ThreadPoolExecutor$Worker.run(ThreadPoolExecutor.java:624)
	... 1 more
Caused by: org.apache.ratis.thirdparty.io.netty.channel.AbstractChannel$AnnotatedConnectException: Connection refused: /192.168.157.194:46532
	at sun.nio.ch.SocketChannelImpl.checkConnect(Native Method)
	at sun.nio.ch.SocketChannelImpl.finishConnect(SocketChannelImpl.java:717)
	at org.apache.ratis.thirdparty.io.netty.channel.socket.nio.NioSocketChannel.doFinishConnect(NioSocketChannel.java:327)
	at org.apache.ratis.thirdparty.io.netty.channel.nio.AbstractNioChannel$AbstractNioUnsafe.finishConnect(AbstractNioChannel.java:340)
	at org.apache.ratis.thirdparty.io.netty.channel.nio.NioEventLoop.processSelectedKey(NioEventLoop.java:632)
	at org.apache.ratis.thirdparty.io.netty.channel.nio.NioEventLoop.processSelectedKeysOptimized(NioEventLoop.java:579)
	at org.apache.ratis.thirdparty.io.netty.channel.nio.NioEventLoop.processSelectedKeys(NioEventLoop.java:496)
	at org.apache.ratis.thirdparty.io.netty.channel.nio.NioEventLoop.run(NioEventLoop.java:458)
	at org.apache.ratis.thirdparty.io.netty.util.concurrent.SingleThreadEventExecutor$5.run(SingleThreadEventExecutor.java:897)
	at org.apache.ratis.thirdparty.io.netty.util.concurrent.FastThreadLocalRunnable.run(FastThreadLocalRunnable.java:30)
	... 1 more
Caused by: java.net.ConnectException: Connection refused
	... 11 more
2019-11-04 16:03:05,608 [e3fb79a3-1f86-42af-a80c-c46d1acdbc29@group-7855C2F36E53-LeaderElection468] INFO  impl.LeaderElection (LogUtils.java:infoOrTrace(149)) - e3fb79a3-1f86-42af-a80c-c46d1acdbc29@group-7855C2F36E53-LeaderElection468 got exception when requesting votes: {}
java.util.concurrent.ExecutionException: org.apache.ratis.thirdparty.io.grpc.StatusRuntimeException: UNAVAILABLE: io exception
	at java.util.concurrent.FutureTask.report(FutureTask.java:122)
	at java.util.concurrent.FutureTask.get(FutureTask.java:192)
	at org.apache.ratis.server.impl.LeaderElection.waitForResults(LeaderElection.java:259)
	at org.apache.ratis.server.impl.LeaderElection.askForVotes(LeaderElection.java:197)
	at org.apache.ratis.server.impl.LeaderElection.run(LeaderElection.java:133)
	at java.lang.Thread.run(Thread.java:748)
Caused by: org.apache.ratis.thirdparty.io.grpc.StatusRuntimeException: UNAVAILABLE: io exception
	at org.apache.ratis.thirdparty.io.grpc.stub.ClientCalls.toStatusRuntimeException(ClientCalls.java:233)
	at org.apache.ratis.thirdparty.io.grpc.stub.ClientCalls.getUnchecked(ClientCalls.java:214)
	at org.apache.ratis.thirdparty.io.grpc.stub.ClientCalls.blockingUnaryCall(ClientCalls.java:139)
	at org.apache.ratis.proto.grpc.RaftServerProtocolServiceGrpc$RaftServerProtocolServiceBlockingStub.requestVote(RaftServerProtocolServiceGrpc.java:265)
	at org.apache.ratis.grpc.server.GrpcServerProtocolClient.requestVote(GrpcServerProtocolClient.java:99)
	at org.apache.ratis.grpc.server.GrpcService.requestVote(GrpcService.java:204)
	at org.apache.ratis.server.impl.LeaderElection.lambda$submitRequests$1(LeaderElection.java:234)
	at java.util.concurrent.FutureTask.run(FutureTask.java:266)
	at java.util.concurrent.Executors$RunnableAdapter.call(Executors.java:511)
	at java.util.concurrent.FutureTask.run(FutureTask.java:266)
	at java.util.concurrent.ThreadPoolExecutor.runWorker(ThreadPoolExecutor.java:1149)
	at java.util.concurrent.ThreadPoolExecutor$Worker.run(ThreadPoolExecutor.java:624)
	... 1 more
Caused by: org.apache.ratis.thirdparty.io.netty.channel.AbstractChannel$AnnotatedConnectException: Connection refused: /192.168.157.194:42126
	at sun.nio.ch.SocketChannelImpl.checkConnect(Native Method)
	at sun.nio.ch.SocketChannelImpl.finishConnect(SocketChannelImpl.java:717)
	at org.apache.ratis.thirdparty.io.netty.channel.socket.nio.NioSocketChannel.doFinishConnect(NioSocketChannel.java:327)
	at org.apache.ratis.thirdparty.io.netty.channel.nio.AbstractNioChannel$AbstractNioUnsafe.finishConnect(AbstractNioChannel.java:340)
	at org.apache.ratis.thirdparty.io.netty.channel.nio.NioEventLoop.processSelectedKey(NioEventLoop.java:632)
	at org.apache.ratis.thirdparty.io.netty.channel.nio.NioEventLoop.processSelectedKeysOptimized(NioEventLoop.java:579)
	at org.apache.ratis.thirdparty.io.netty.channel.nio.NioEventLoop.processSelectedKeys(NioEventLoop.java:496)
	at org.apache.ratis.thirdparty.io.netty.channel.nio.NioEventLoop.run(NioEventLoop.java:458)
	at org.apache.ratis.thirdparty.io.netty.util.concurrent.SingleThreadEventExecutor$5.run(SingleThreadEventExecutor.java:897)
	at org.apache.ratis.thirdparty.io.netty.util.concurrent.FastThreadLocalRunnable.run(FastThreadLocalRunnable.java:30)
	... 1 more
Caused by: java.net.ConnectException: Connection refused
	... 11 more
2019-11-04 16:03:05,610 [e3fb79a3-1f86-42af-a80c-c46d1acdbc29@group-7855C2F36E53-LeaderElection468] INFO  impl.LeaderElection (LeaderElection.java:logAndReturn(56)) - e3fb79a3-1f86-42af-a80c-c46d1acdbc29@group-7855C2F36E53-LeaderElection468: Election REJECTED; received 0 response(s) [] and 2 exception(s); e3fb79a3-1f86-42af-a80c-c46d1acdbc29@group-7855C2F36E53:t522, leader=null, voted=e3fb79a3-1f86-42af-a80c-c46d1acdbc29, raftlog=e3fb79a3-1f86-42af-a80c-c46d1acdbc29@group-7855C2F36E53-SegmentedRaftLog:OPENED:c-1,f-1,i0, conf=-1: [e3fb79a3-1f86-42af-a80c-c46d1acdbc29:192.168.157.194:44142, 81ff859e-e76f-43f5-951a-4a38422068cb:192.168.157.194:46532, a9143d84-6d7f-497d-b770-eb75585db3c7:192.168.157.194:42126], old=null
2019-11-04 16:03:05,610 [e3fb79a3-1f86-42af-a80c-c46d1acdbc29@group-7855C2F36E53-LeaderElection468] INFO  impl.LeaderElection (LogUtils.java:infoOrTrace(149)) -   Exception 0: {}
java.util.concurrent.ExecutionException: org.apache.ratis.thirdparty.io.grpc.StatusRuntimeException: UNAVAILABLE: io exception
	at java.util.concurrent.FutureTask.report(FutureTask.java:122)
	at java.util.concurrent.FutureTask.get(FutureTask.java:192)
	at org.apache.ratis.server.impl.LeaderElection.waitForResults(LeaderElection.java:259)
	at org.apache.ratis.server.impl.LeaderElection.askForVotes(LeaderElection.java:197)
	at org.apache.ratis.server.impl.LeaderElection.run(LeaderElection.java:133)
	at java.lang.Thread.run(Thread.java:748)
Caused by: org.apache.ratis.thirdparty.io.grpc.StatusRuntimeException: UNAVAILABLE: io exception
	at org.apache.ratis.thirdparty.io.grpc.stub.ClientCalls.toStatusRuntimeException(ClientCalls.java:233)
	at org.apache.ratis.thirdparty.io.grpc.stub.ClientCalls.getUnchecked(ClientCalls.java:214)
	at org.apache.ratis.thirdparty.io.grpc.stub.ClientCalls.blockingUnaryCall(ClientCalls.java:139)
	at org.apache.ratis.proto.grpc.RaftServerProtocolServiceGrpc$RaftServerProtocolServiceBlockingStub.requestVote(RaftServerProtocolServiceGrpc.java:265)
	at org.apache.ratis.grpc.server.GrpcServerProtocolClient.requestVote(GrpcServerProtocolClient.java:99)
	at org.apache.ratis.grpc.server.GrpcService.requestVote(GrpcService.java:204)
	at org.apache.ratis.server.impl.LeaderElection.lambda$submitRequests$1(LeaderElection.java:234)
	at java.util.concurrent.FutureTask.run(FutureTask.java:266)
	at java.util.concurrent.Executors$RunnableAdapter.call(Executors.java:511)
	at java.util.concurrent.FutureTask.run(FutureTask.java:266)
	at java.util.concurrent.ThreadPoolExecutor.runWorker(ThreadPoolExecutor.java:1149)
	at java.util.concurrent.ThreadPoolExecutor$Worker.run(ThreadPoolExecutor.java:624)
	... 1 more
Caused by: org.apache.ratis.thirdparty.io.netty.channel.AbstractChannel$AnnotatedConnectException: Connection refused: /192.168.157.194:46532
	at sun.nio.ch.SocketChannelImpl.checkConnect(Native Method)
	at sun.nio.ch.SocketChannelImpl.finishConnect(SocketChannelImpl.java:717)
	at org.apache.ratis.thirdparty.io.netty.channel.socket.nio.NioSocketChannel.doFinishConnect(NioSocketChannel.java:327)
	at org.apache.ratis.thirdparty.io.netty.channel.nio.AbstractNioChannel$AbstractNioUnsafe.finishConnect(AbstractNioChannel.java:340)
	at org.apache.ratis.thirdparty.io.netty.channel.nio.NioEventLoop.processSelectedKey(NioEventLoop.java:632)
	at org.apache.ratis.thirdparty.io.netty.channel.nio.NioEventLoop.processSelectedKeysOptimized(NioEventLoop.java:579)
	at org.apache.ratis.thirdparty.io.netty.channel.nio.NioEventLoop.processSelectedKeys(NioEventLoop.java:496)
	at org.apache.ratis.thirdparty.io.netty.channel.nio.NioEventLoop.run(NioEventLoop.java:458)
	at org.apache.ratis.thirdparty.io.netty.util.concurrent.SingleThreadEventExecutor$5.run(SingleThreadEventExecutor.java:897)
	at org.apache.ratis.thirdparty.io.netty.util.concurrent.FastThreadLocalRunnable.run(FastThreadLocalRunnable.java:30)
	... 1 more
Caused by: java.net.ConnectException: Connection refused
	... 11 more
2019-11-04 16:03:05,611 [e3fb79a3-1f86-42af-a80c-c46d1acdbc29@group-7855C2F36E53-LeaderElection468] INFO  impl.LeaderElection (LogUtils.java:infoOrTrace(149)) -   Exception 1: {}
java.util.concurrent.ExecutionException: org.apache.ratis.thirdparty.io.grpc.StatusRuntimeException: UNAVAILABLE: io exception
	at java.util.concurrent.FutureTask.report(FutureTask.java:122)
	at java.util.concurrent.FutureTask.get(FutureTask.java:192)
	at org.apache.ratis.server.impl.LeaderElection.waitForResults(LeaderElection.java:259)
	at org.apache.ratis.server.impl.LeaderElection.askForVotes(LeaderElection.java:197)
	at org.apache.ratis.server.impl.LeaderElection.run(LeaderElection.java:133)
	at java.lang.Thread.run(Thread.java:748)
Caused by: org.apache.ratis.thirdparty.io.grpc.StatusRuntimeException: UNAVAILABLE: io exception
	at org.apache.ratis.thirdparty.io.grpc.stub.ClientCalls.toStatusRuntimeException(ClientCalls.java:233)
	at org.apache.ratis.thirdparty.io.grpc.stub.ClientCalls.getUnchecked(ClientCalls.java:214)
	at org.apache.ratis.thirdparty.io.grpc.stub.ClientCalls.blockingUnaryCall(ClientCalls.java:139)
	at org.apache.ratis.proto.grpc.RaftServerProtocolServiceGrpc$RaftServerProtocolServiceBlockingStub.requestVote(RaftServerProtocolServiceGrpc.java:265)
	at org.apache.ratis.grpc.server.GrpcServerProtocolClient.requestVote(GrpcServerProtocolClient.java:99)
	at org.apache.ratis.grpc.server.GrpcService.requestVote(GrpcService.java:204)
	at org.apache.ratis.server.impl.LeaderElection.lambda$submitRequests$1(LeaderElection.java:234)
	at java.util.concurrent.FutureTask.run(FutureTask.java:266)
	at java.util.concurrent.Executors$RunnableAdapter.call(Executors.java:511)
	at java.util.concurrent.FutureTask.run(FutureTask.java:266)
	at java.util.concurrent.ThreadPoolExecutor.runWorker(ThreadPoolExecutor.java:1149)
	at java.util.concurrent.ThreadPoolExecutor$Worker.run(ThreadPoolExecutor.java:624)
	... 1 more
Caused by: org.apache.ratis.thirdparty.io.netty.channel.AbstractChannel$AnnotatedConnectException: Connection refused: /192.168.157.194:42126
	at sun.nio.ch.SocketChannelImpl.checkConnect(Native Method)
	at sun.nio.ch.SocketChannelImpl.finishConnect(SocketChannelImpl.java:717)
	at org.apache.ratis.thirdparty.io.netty.channel.socket.nio.NioSocketChannel.doFinishConnect(NioSocketChannel.java:327)
	at org.apache.ratis.thirdparty.io.netty.channel.nio.AbstractNioChannel$AbstractNioUnsafe.finishConnect(AbstractNioChannel.java:340)
	at org.apache.ratis.thirdparty.io.netty.channel.nio.NioEventLoop.processSelectedKey(NioEventLoop.java:632)
	at org.apache.ratis.thirdparty.io.netty.channel.nio.NioEventLoop.processSelectedKeysOptimized(NioEventLoop.java:579)
	at org.apache.ratis.thirdparty.io.netty.channel.nio.NioEventLoop.processSelectedKeys(NioEventLoop.java:496)
	at org.apache.ratis.thirdparty.io.netty.channel.nio.NioEventLoop.run(NioEventLoop.java:458)
	at org.apache.ratis.thirdparty.io.netty.util.concurrent.SingleThreadEventExecutor$5.run(SingleThreadEventExecutor.java:897)
	at org.apache.ratis.thirdparty.io.netty.util.concurrent.FastThreadLocalRunnable.run(FastThreadLocalRunnable.java:30)
	... 1 more
Caused by: java.net.ConnectException: Connection refused
	... 11 more
2019-11-04 16:03:05,611 [e3fb79a3-1f86-42af-a80c-c46d1acdbc29@group-7855C2F36E53-LeaderElection468] INFO  impl.RaftServerImpl (RaftServerImpl.java:setRole(184)) - e3fb79a3-1f86-42af-a80c-c46d1acdbc29@group-7855C2F36E53: changes role from CANDIDATE to FOLLOWER at term 522 for DISCOVERED_A_NEW_TERM
2019-11-04 16:03:05,611 [e3fb79a3-1f86-42af-a80c-c46d1acdbc29@group-7855C2F36E53-LeaderElection468] INFO  impl.RoleInfo (RoleInfo.java:shutdownLeaderElection(134)) - e3fb79a3-1f86-42af-a80c-c46d1acdbc29: shutdown LeaderElection
2019-11-04 16:03:05,612 [e3fb79a3-1f86-42af-a80c-c46d1acdbc29@group-7855C2F36E53-LeaderElection468] INFO  impl.RoleInfo (RoleInfo.java:updateAndGet(143)) - e3fb79a3-1f86-42af-a80c-c46d1acdbc29: start FollowerState
2019-11-04 16:03:05,616 [Thread-3386] INFO  impl.FollowerState (FollowerState.java:run(108)) - e3fb79a3-1f86-42af-a80c-c46d1acdbc29@group-7855C2F36E53-FollowerState: change to CANDIDATE, lastRpcTime:4ms, electionTimeout:4ms
2019-11-04 16:03:05,616 [Thread-3386] INFO  impl.RoleInfo (RoleInfo.java:shutdownFollowerState(121)) - e3fb79a3-1f86-42af-a80c-c46d1acdbc29: shutdown FollowerState
2019-11-04 16:03:05,616 [Thread-3386] INFO  impl.RaftServerImpl (RaftServerImpl.java:setRole(184)) - e3fb79a3-1f86-42af-a80c-c46d1acdbc29@group-7855C2F36E53: changes role from  FOLLOWER to CANDIDATE at term 522 for changeToCandidate
2019-11-04 16:03:05,616 [Thread-3386] INFO  impl.RoleInfo (RoleInfo.java:updateAndGet(143)) - e3fb79a3-1f86-42af-a80c-c46d1acdbc29: start LeaderElection
2019-11-04 16:03:05,629 [e3fb79a3-1f86-42af-a80c-c46d1acdbc29@group-7855C2F36E53-LeaderElection469] INFO  impl.LeaderElection (LeaderElection.java:askForVotes(178)) - e3fb79a3-1f86-42af-a80c-c46d1acdbc29@group-7855C2F36E53-LeaderElection469: begin an election at term 523 for -1: [e3fb79a3-1f86-42af-a80c-c46d1acdbc29:192.168.157.194:44142, 81ff859e-e76f-43f5-951a-4a38422068cb:192.168.157.194:46532, a9143d84-6d7f-497d-b770-eb75585db3c7:192.168.157.194:42126], old=null
2019-11-04 16:03:05,630 [e3fb79a3-1f86-42af-a80c-c46d1acdbc29@group-7855C2F36E53-LeaderElection469] INFO  impl.LeaderElection (LogUtils.java:infoOrTrace(149)) - e3fb79a3-1f86-42af-a80c-c46d1acdbc29@group-7855C2F36E53-LeaderElection469 got exception when requesting votes: {}
java.util.concurrent.ExecutionException: org.apache.ratis.thirdparty.io.grpc.StatusRuntimeException: UNAVAILABLE: io exception
	at java.util.concurrent.FutureTask.report(FutureTask.java:122)
	at java.util.concurrent.FutureTask.get(FutureTask.java:192)
	at org.apache.ratis.server.impl.LeaderElection.waitForResults(LeaderElection.java:259)
	at org.apache.ratis.server.impl.LeaderElection.askForVotes(LeaderElection.java:197)
	at org.apache.ratis.server.impl.LeaderElection.run(LeaderElection.java:133)
	at java.lang.Thread.run(Thread.java:748)
Caused by: org.apache.ratis.thirdparty.io.grpc.StatusRuntimeException: UNAVAILABLE: io exception
	at org.apache.ratis.thirdparty.io.grpc.stub.ClientCalls.toStatusRuntimeException(ClientCalls.java:233)
	at org.apache.ratis.thirdparty.io.grpc.stub.ClientCalls.getUnchecked(ClientCalls.java:214)
	at org.apache.ratis.thirdparty.io.grpc.stub.ClientCalls.blockingUnaryCall(ClientCalls.java:139)
	at org.apache.ratis.proto.grpc.RaftServerProtocolServiceGrpc$RaftServerProtocolServiceBlockingStub.requestVote(RaftServerProtocolServiceGrpc.java:265)
	at org.apache.ratis.grpc.server.GrpcServerProtocolClient.requestVote(GrpcServerProtocolClient.java:99)
	at org.apache.ratis.grpc.server.GrpcService.requestVote(GrpcService.java:204)
	at org.apache.ratis.server.impl.LeaderElection.lambda$submitRequests$1(LeaderElection.java:234)
	at java.util.concurrent.FutureTask.run(FutureTask.java:266)
	at java.util.concurrent.Executors$RunnableAdapter.call(Executors.java:511)
	at java.util.concurrent.FutureTask.run(FutureTask.java:266)
	at java.util.concurrent.ThreadPoolExecutor.runWorker(ThreadPoolExecutor.java:1149)
	at java.util.concurrent.ThreadPoolExecutor$Worker.run(ThreadPoolExecutor.java:624)
	... 1 more
Caused by: org.apache.ratis.thirdparty.io.netty.channel.AbstractChannel$AnnotatedConnectException: Connection refused: /192.168.157.194:46532
	at sun.nio.ch.SocketChannelImpl.checkConnect(Native Method)
	at sun.nio.ch.SocketChannelImpl.finishConnect(SocketChannelImpl.java:717)
	at org.apache.ratis.thirdparty.io.netty.channel.socket.nio.NioSocketChannel.doFinishConnect(NioSocketChannel.java:327)
	at org.apache.ratis.thirdparty.io.netty.channel.nio.AbstractNioChannel$AbstractNioUnsafe.finishConnect(AbstractNioChannel.java:340)
	at org.apache.ratis.thirdparty.io.netty.channel.nio.NioEventLoop.processSelectedKey(NioEventLoop.java:632)
	at org.apache.ratis.thirdparty.io.netty.channel.nio.NioEventLoop.processSelectedKeysOptimized(NioEventLoop.java:579)
	at org.apache.ratis.thirdparty.io.netty.channel.nio.NioEventLoop.processSelectedKeys(NioEventLoop.java:496)
	at org.apache.ratis.thirdparty.io.netty.channel.nio.NioEventLoop.run(NioEventLoop.java:458)
	at org.apache.ratis.thirdparty.io.netty.util.concurrent.SingleThreadEventExecutor$5.run(SingleThreadEventExecutor.java:897)
	at org.apache.ratis.thirdparty.io.netty.util.concurrent.FastThreadLocalRunnable.run(FastThreadLocalRunnable.java:30)
	... 1 more
Caused by: java.net.ConnectException: Connection refused
	... 11 more
2019-11-04 16:03:05,631 [e3fb79a3-1f86-42af-a80c-c46d1acdbc29@group-7855C2F36E53-LeaderElection469] INFO  impl.LeaderElection (LogUtils.java:infoOrTrace(149)) - e3fb79a3-1f86-42af-a80c-c46d1acdbc29@group-7855C2F36E53-LeaderElection469 got exception when requesting votes: {}
java.util.concurrent.ExecutionException: org.apache.ratis.thirdparty.io.grpc.StatusRuntimeException: UNAVAILABLE: io exception
	at java.util.concurrent.FutureTask.report(FutureTask.java:122)
	at java.util.concurrent.FutureTask.get(FutureTask.java:192)
	at org.apache.ratis.server.impl.LeaderElection.waitForResults(LeaderElection.java:259)
	at org.apache.ratis.server.impl.LeaderElection.askForVotes(LeaderElection.java:197)
	at org.apache.ratis.server.impl.LeaderElection.run(LeaderElection.java:133)
	at java.lang.Thread.run(Thread.java:748)
Caused by: org.apache.ratis.thirdparty.io.grpc.StatusRuntimeException: UNAVAILABLE: io exception
	at org.apache.ratis.thirdparty.io.grpc.stub.ClientCalls.toStatusRuntimeException(ClientCalls.java:233)
	at org.apache.ratis.thirdparty.io.grpc.stub.ClientCalls.getUnchecked(ClientCalls.java:214)
	at org.apache.ratis.thirdparty.io.grpc.stub.ClientCalls.blockingUnaryCall(ClientCalls.java:139)
	at org.apache.ratis.proto.grpc.RaftServerProtocolServiceGrpc$RaftServerProtocolServiceBlockingStub.requestVote(RaftServerProtocolServiceGrpc.java:265)
	at org.apache.ratis.grpc.server.GrpcServerProtocolClient.requestVote(GrpcServerProtocolClient.java:99)
	at org.apache.ratis.grpc.server.GrpcService.requestVote(GrpcService.java:204)
	at org.apache.ratis.server.impl.LeaderElection.lambda$submitRequests$1(LeaderElection.java:234)
	at java.util.concurrent.FutureTask.run(FutureTask.java:266)
	at java.util.concurrent.Executors$RunnableAdapter.call(Executors.java:511)
	at java.util.concurrent.FutureTask.run(FutureTask.java:266)
	at java.util.concurrent.ThreadPoolExecutor.runWorker(ThreadPoolExecutor.java:1149)
	at java.util.concurrent.ThreadPoolExecutor$Worker.run(ThreadPoolExecutor.java:624)
	... 1 more
Caused by: org.apache.ratis.thirdparty.io.netty.channel.AbstractChannel$AnnotatedConnectException: Connection refused: /192.168.157.194:42126
	at sun.nio.ch.SocketChannelImpl.checkConnect(Native Method)
	at sun.nio.ch.SocketChannelImpl.finishConnect(SocketChannelImpl.java:717)
	at org.apache.ratis.thirdparty.io.netty.channel.socket.nio.NioSocketChannel.doFinishConnect(NioSocketChannel.java:327)
	at org.apache.ratis.thirdparty.io.netty.channel.nio.AbstractNioChannel$AbstractNioUnsafe.finishConnect(AbstractNioChannel.java:340)
	at org.apache.ratis.thirdparty.io.netty.channel.nio.NioEventLoop.processSelectedKey(NioEventLoop.java:632)
	at org.apache.ratis.thirdparty.io.netty.channel.nio.NioEventLoop.processSelectedKeysOptimized(NioEventLoop.java:579)
	at org.apache.ratis.thirdparty.io.netty.channel.nio.NioEventLoop.processSelectedKeys(NioEventLoop.java:496)
	at org.apache.ratis.thirdparty.io.netty.channel.nio.NioEventLoop.run(NioEventLoop.java:458)
	at org.apache.ratis.thirdparty.io.netty.util.concurrent.SingleThreadEventExecutor$5.run(SingleThreadEventExecutor.java:897)
	at org.apache.ratis.thirdparty.io.netty.util.concurrent.FastThreadLocalRunnable.run(FastThreadLocalRunnable.java:30)
	... 1 more
Caused by: java.net.ConnectException: Connection refused
	... 11 more
2019-11-04 16:03:05,632 [e3fb79a3-1f86-42af-a80c-c46d1acdbc29@group-7855C2F36E53-LeaderElection469] INFO  impl.LeaderElection (LeaderElection.java:logAndReturn(56)) - e3fb79a3-1f86-42af-a80c-c46d1acdbc29@group-7855C2F36E53-LeaderElection469: Election REJECTED; received 0 response(s) [] and 2 exception(s); e3fb79a3-1f86-42af-a80c-c46d1acdbc29@group-7855C2F36E53:t523, leader=null, voted=e3fb79a3-1f86-42af-a80c-c46d1acdbc29, raftlog=e3fb79a3-1f86-42af-a80c-c46d1acdbc29@group-7855C2F36E53-SegmentedRaftLog:OPENED:c-1,f-1,i0, conf=-1: [e3fb79a3-1f86-42af-a80c-c46d1acdbc29:192.168.157.194:44142, 81ff859e-e76f-43f5-951a-4a38422068cb:192.168.157.194:46532, a9143d84-6d7f-497d-b770-eb75585db3c7:192.168.157.194:42126], old=null
2019-11-04 16:03:05,632 [e3fb79a3-1f86-42af-a80c-c46d1acdbc29@group-7855C2F36E53-LeaderElection469] INFO  impl.LeaderElection (LogUtils.java:infoOrTrace(149)) -   Exception 0: {}
java.util.concurrent.ExecutionException: org.apache.ratis.thirdparty.io.grpc.StatusRuntimeException: UNAVAILABLE: io exception
	at java.util.concurrent.FutureTask.report(FutureTask.java:122)
	at java.util.concurrent.FutureTask.get(FutureTask.java:192)
	at org.apache.ratis.server.impl.LeaderElection.waitForResults(LeaderElection.java:259)
	at org.apache.ratis.server.impl.LeaderElection.askForVotes(LeaderElection.java:197)
	at org.apache.ratis.server.impl.LeaderElection.run(LeaderElection.java:133)
	at java.lang.Thread.run(Thread.java:748)
Caused by: org.apache.ratis.thirdparty.io.grpc.StatusRuntimeException: UNAVAILABLE: io exception
	at org.apache.ratis.thirdparty.io.grpc.stub.ClientCalls.toStatusRuntimeException(ClientCalls.java:233)
	at org.apache.ratis.thirdparty.io.grpc.stub.ClientCalls.getUnchecked(ClientCalls.java:214)
	at org.apache.ratis.thirdparty.io.grpc.stub.ClientCalls.blockingUnaryCall(ClientCalls.java:139)
	at org.apache.ratis.proto.grpc.RaftServerProtocolServiceGrpc$RaftServerProtocolServiceBlockingStub.requestVote(RaftServerProtocolServiceGrpc.java:265)
	at org.apache.ratis.grpc.server.GrpcServerProtocolClient.requestVote(GrpcServerProtocolClient.java:99)
	at org.apache.ratis.grpc.server.GrpcService.requestVote(GrpcService.java:204)
	at org.apache.ratis.server.impl.LeaderElection.lambda$submitRequests$1(LeaderElection.java:234)
	at java.util.concurrent.FutureTask.run(FutureTask.java:266)
	at java.util.concurrent.Executors$RunnableAdapter.call(Executors.java:511)
	at java.util.concurrent.FutureTask.run(FutureTask.java:266)
	at java.util.concurrent.ThreadPoolExecutor.runWorker(ThreadPoolExecutor.java:1149)
	at java.util.concurrent.ThreadPoolExecutor$Worker.run(ThreadPoolExecutor.java:624)
	... 1 more
Caused by: org.apache.ratis.thirdparty.io.netty.channel.AbstractChannel$AnnotatedConnectException: Connection refused: /192.168.157.194:46532
	at sun.nio.ch.SocketChannelImpl.checkConnect(Native Method)
	at sun.nio.ch.SocketChannelImpl.finishConnect(SocketChannelImpl.java:717)
	at org.apache.ratis.thirdparty.io.netty.channel.socket.nio.NioSocketChannel.doFinishConnect(NioSocketChannel.java:327)
	at org.apache.ratis.thirdparty.io.netty.channel.nio.AbstractNioChannel$AbstractNioUnsafe.finishConnect(AbstractNioChannel.java:340)
	at org.apache.ratis.thirdparty.io.netty.channel.nio.NioEventLoop.processSelectedKey(NioEventLoop.java:632)
	at org.apache.ratis.thirdparty.io.netty.channel.nio.NioEventLoop.processSelectedKeysOptimized(NioEventLoop.java:579)
	at org.apache.ratis.thirdparty.io.netty.channel.nio.NioEventLoop.processSelectedKeys(NioEventLoop.java:496)
	at org.apache.ratis.thirdparty.io.netty.channel.nio.NioEventLoop.run(NioEventLoop.java:458)
	at org.apache.ratis.thirdparty.io.netty.util.concurrent.SingleThreadEventExecutor$5.run(SingleThreadEventExecutor.java:897)
	at org.apache.ratis.thirdparty.io.netty.util.concurrent.FastThreadLocalRunnable.run(FastThreadLocalRunnable.java:30)
	... 1 more
Caused by: java.net.ConnectException: Connection refused
	... 11 more
2019-11-04 16:03:05,633 [e3fb79a3-1f86-42af-a80c-c46d1acdbc29@group-7855C2F36E53-LeaderElection469] INFO  impl.LeaderElection (LogUtils.java:infoOrTrace(149)) -   Exception 1: {}
java.util.concurrent.ExecutionException: org.apache.ratis.thirdparty.io.grpc.StatusRuntimeException: UNAVAILABLE: io exception
	at java.util.concurrent.FutureTask.report(FutureTask.java:122)
	at java.util.concurrent.FutureTask.get(FutureTask.java:192)
	at org.apache.ratis.server.impl.LeaderElection.waitForResults(LeaderElection.java:259)
	at org.apache.ratis.server.impl.LeaderElection.askForVotes(LeaderElection.java:197)
	at org.apache.ratis.server.impl.LeaderElection.run(LeaderElection.java:133)
	at java.lang.Thread.run(Thread.java:748)
Caused by: org.apache.ratis.thirdparty.io.grpc.StatusRuntimeException: UNAVAILABLE: io exception
	at org.apache.ratis.thirdparty.io.grpc.stub.ClientCalls.toStatusRuntimeException(ClientCalls.java:233)
	at org.apache.ratis.thirdparty.io.grpc.stub.ClientCalls.getUnchecked(ClientCalls.java:214)
	at org.apache.ratis.thirdparty.io.grpc.stub.ClientCalls.blockingUnaryCall(ClientCalls.java:139)
	at org.apache.ratis.proto.grpc.RaftServerProtocolServiceGrpc$RaftServerProtocolServiceBlockingStub.requestVote(RaftServerProtocolServiceGrpc.java:265)
	at org.apache.ratis.grpc.server.GrpcServerProtocolClient.requestVote(GrpcServerProtocolClient.java:99)
	at org.apache.ratis.grpc.server.GrpcService.requestVote(GrpcService.java:204)
	at org.apache.ratis.server.impl.LeaderElection.lambda$submitRequests$1(LeaderElection.java:234)
	at java.util.concurrent.FutureTask.run(FutureTask.java:266)
	at java.util.concurrent.Executors$RunnableAdapter.call(Executors.java:511)
	at java.util.concurrent.FutureTask.run(FutureTask.java:266)
	at java.util.concurrent.ThreadPoolExecutor.runWorker(ThreadPoolExecutor.java:1149)
	at java.util.concurrent.ThreadPoolExecutor$Worker.run(ThreadPoolExecutor.java:624)
	... 1 more
Caused by: org.apache.ratis.thirdparty.io.netty.channel.AbstractChannel$AnnotatedConnectException: Connection refused: /192.168.157.194:42126
	at sun.nio.ch.SocketChannelImpl.checkConnect(Native Method)
	at sun.nio.ch.SocketChannelImpl.finishConnect(SocketChannelImpl.java:717)
	at org.apache.ratis.thirdparty.io.netty.channel.socket.nio.NioSocketChannel.doFinishConnect(NioSocketChannel.java:327)
	at org.apache.ratis.thirdparty.io.netty.channel.nio.AbstractNioChannel$AbstractNioUnsafe.finishConnect(AbstractNioChannel.java:340)
	at org.apache.ratis.thirdparty.io.netty.channel.nio.NioEventLoop.processSelectedKey(NioEventLoop.java:632)
	at org.apache.ratis.thirdparty.io.netty.channel.nio.NioEventLoop.processSelectedKeysOptimized(NioEventLoop.java:579)
	at org.apache.ratis.thirdparty.io.netty.channel.nio.NioEventLoop.processSelectedKeys(NioEventLoop.java:496)
	at org.apache.ratis.thirdparty.io.netty.channel.nio.NioEventLoop.run(NioEventLoop.java:458)
	at org.apache.ratis.thirdparty.io.netty.util.concurrent.SingleThreadEventExecutor$5.run(SingleThreadEventExecutor.java:897)
	at org.apache.ratis.thirdparty.io.netty.util.concurrent.FastThreadLocalRunnable.run(FastThreadLocalRunnable.java:30)
	... 1 more
Caused by: java.net.ConnectException: Connection refused
	... 11 more
2019-11-04 16:03:05,633 [e3fb79a3-1f86-42af-a80c-c46d1acdbc29@group-7855C2F36E53-LeaderElection469] INFO  impl.RaftServerImpl (RaftServerImpl.java:setRole(184)) - e3fb79a3-1f86-42af-a80c-c46d1acdbc29@group-7855C2F36E53: changes role from CANDIDATE to FOLLOWER at term 523 for DISCOVERED_A_NEW_TERM
2019-11-04 16:03:05,633 [e3fb79a3-1f86-42af-a80c-c46d1acdbc29@group-7855C2F36E53-LeaderElection469] INFO  impl.RoleInfo (RoleInfo.java:shutdownLeaderElection(134)) - e3fb79a3-1f86-42af-a80c-c46d1acdbc29: shutdown LeaderElection
2019-11-04 16:03:05,634 [e3fb79a3-1f86-42af-a80c-c46d1acdbc29@group-7855C2F36E53-LeaderElection469] INFO  impl.RoleInfo (RoleInfo.java:updateAndGet(143)) - e3fb79a3-1f86-42af-a80c-c46d1acdbc29: start FollowerState
2019-11-04 16:03:05,650 [Thread-3390] INFO  impl.FollowerState (FollowerState.java:run(108)) - e3fb79a3-1f86-42af-a80c-c46d1acdbc29@group-7855C2F36E53-FollowerState: change to CANDIDATE, lastRpcTime:16ms, electionTimeout:16ms
2019-11-04 16:03:05,650 [Thread-3390] INFO  impl.RoleInfo (RoleInfo.java:shutdownFollowerState(121)) - e3fb79a3-1f86-42af-a80c-c46d1acdbc29: shutdown FollowerState
2019-11-04 16:03:05,650 [Thread-3390] INFO  impl.RaftServerImpl (RaftServerImpl.java:setRole(184)) - e3fb79a3-1f86-42af-a80c-c46d1acdbc29@group-7855C2F36E53: changes role from  FOLLOWER to CANDIDATE at term 523 for changeToCandidate
2019-11-04 16:03:05,651 [Thread-3390] INFO  impl.RoleInfo (RoleInfo.java:updateAndGet(143)) - e3fb79a3-1f86-42af-a80c-c46d1acdbc29: start LeaderElection
2019-11-04 16:03:05,663 [e3fb79a3-1f86-42af-a80c-c46d1acdbc29@group-7855C2F36E53-LeaderElection470] INFO  impl.LeaderElection (LeaderElection.java:askForVotes(178)) - e3fb79a3-1f86-42af-a80c-c46d1acdbc29@group-7855C2F36E53-LeaderElection470: begin an election at term 524 for -1: [e3fb79a3-1f86-42af-a80c-c46d1acdbc29:192.168.157.194:44142, 81ff859e-e76f-43f5-951a-4a38422068cb:192.168.157.194:46532, a9143d84-6d7f-497d-b770-eb75585db3c7:192.168.157.194:42126], old=null
2019-11-04 16:03:05,664 [e3fb79a3-1f86-42af-a80c-c46d1acdbc29@group-7855C2F36E53-LeaderElection470] INFO  impl.LeaderElection (LogUtils.java:infoOrTrace(149)) - e3fb79a3-1f86-42af-a80c-c46d1acdbc29@group-7855C2F36E53-LeaderElection470 got exception when requesting votes: {}
java.util.concurrent.ExecutionException: org.apache.ratis.thirdparty.io.grpc.StatusRuntimeException: UNAVAILABLE: io exception
	at java.util.concurrent.FutureTask.report(FutureTask.java:122)
	at java.util.concurrent.FutureTask.get(FutureTask.java:192)
	at org.apache.ratis.server.impl.LeaderElection.waitForResults(LeaderElection.java:259)
	at org.apache.ratis.server.impl.LeaderElection.askForVotes(LeaderElection.java:197)
	at org.apache.ratis.server.impl.LeaderElection.run(LeaderElection.java:133)
	at java.lang.Thread.run(Thread.java:748)
Caused by: org.apache.ratis.thirdparty.io.grpc.StatusRuntimeException: UNAVAILABLE: io exception
	at org.apache.ratis.thirdparty.io.grpc.stub.ClientCalls.toStatusRuntimeException(ClientCalls.java:233)
	at org.apache.ratis.thirdparty.io.grpc.stub.ClientCalls.getUnchecked(ClientCalls.java:214)
	at org.apache.ratis.thirdparty.io.grpc.stub.ClientCalls.blockingUnaryCall(ClientCalls.java:139)
	at org.apache.ratis.proto.grpc.RaftServerProtocolServiceGrpc$RaftServerProtocolServiceBlockingStub.requestVote(RaftServerProtocolServiceGrpc.java:265)
	at org.apache.ratis.grpc.server.GrpcServerProtocolClient.requestVote(GrpcServerProtocolClient.java:99)
	at org.apache.ratis.grpc.server.GrpcService.requestVote(GrpcService.java:204)
	at org.apache.ratis.server.impl.LeaderElection.lambda$submitRequests$1(LeaderElection.java:234)
	at java.util.concurrent.FutureTask.run(FutureTask.java:266)
	at java.util.concurrent.Executors$RunnableAdapter.call(Executors.java:511)
	at java.util.concurrent.FutureTask.run(FutureTask.java:266)
	at java.util.concurrent.ThreadPoolExecutor.runWorker(ThreadPoolExecutor.java:1149)
	at java.util.concurrent.ThreadPoolExecutor$Worker.run(ThreadPoolExecutor.java:624)
	... 1 more
Caused by: org.apache.ratis.thirdparty.io.netty.channel.AbstractChannel$AnnotatedConnectException: Connection refused: /192.168.157.194:46532
	at sun.nio.ch.SocketChannelImpl.checkConnect(Native Method)
	at sun.nio.ch.SocketChannelImpl.finishConnect(SocketChannelImpl.java:717)
	at org.apache.ratis.thirdparty.io.netty.channel.socket.nio.NioSocketChannel.doFinishConnect(NioSocketChannel.java:327)
	at org.apache.ratis.thirdparty.io.netty.channel.nio.AbstractNioChannel$AbstractNioUnsafe.finishConnect(AbstractNioChannel.java:340)
	at org.apache.ratis.thirdparty.io.netty.channel.nio.NioEventLoop.processSelectedKey(NioEventLoop.java:632)
	at org.apache.ratis.thirdparty.io.netty.channel.nio.NioEventLoop.processSelectedKeysOptimized(NioEventLoop.java:579)
	at org.apache.ratis.thirdparty.io.netty.channel.nio.NioEventLoop.processSelectedKeys(NioEventLoop.java:496)
	at org.apache.ratis.thirdparty.io.netty.channel.nio.NioEventLoop.run(NioEventLoop.java:458)
	at org.apache.ratis.thirdparty.io.netty.util.concurrent.SingleThreadEventExecutor$5.run(SingleThreadEventExecutor.java:897)
	at org.apache.ratis.thirdparty.io.netty.util.concurrent.FastThreadLocalRunnable.run(FastThreadLocalRunnable.java:30)
	... 1 more
Caused by: java.net.ConnectException: Connection refused
	... 11 more
2019-11-04 16:03:05,666 [e3fb79a3-1f86-42af-a80c-c46d1acdbc29@group-7855C2F36E53-LeaderElection470] INFO  impl.LeaderElection (LogUtils.java:infoOrTrace(149)) - e3fb79a3-1f86-42af-a80c-c46d1acdbc29@group-7855C2F36E53-LeaderElection470 got exception when requesting votes: {}
java.util.concurrent.ExecutionException: org.apache.ratis.thirdparty.io.grpc.StatusRuntimeException: UNAVAILABLE: io exception
	at java.util.concurrent.FutureTask.report(FutureTask.java:122)
	at java.util.concurrent.FutureTask.get(FutureTask.java:192)
	at org.apache.ratis.server.impl.LeaderElection.waitForResults(LeaderElection.java:259)
	at org.apache.ratis.server.impl.LeaderElection.askForVotes(LeaderElection.java:197)
	at org.apache.ratis.server.impl.LeaderElection.run(LeaderElection.java:133)
	at java.lang.Thread.run(Thread.java:748)
Caused by: org.apache.ratis.thirdparty.io.grpc.StatusRuntimeException: UNAVAILABLE: io exception
	at org.apache.ratis.thirdparty.io.grpc.stub.ClientCalls.toStatusRuntimeException(ClientCalls.java:233)
	at org.apache.ratis.thirdparty.io.grpc.stub.ClientCalls.getUnchecked(ClientCalls.java:214)
	at org.apache.ratis.thirdparty.io.grpc.stub.ClientCalls.blockingUnaryCall(ClientCalls.java:139)
	at org.apache.ratis.proto.grpc.RaftServerProtocolServiceGrpc$RaftServerProtocolServiceBlockingStub.requestVote(RaftServerProtocolServiceGrpc.java:265)
	at org.apache.ratis.grpc.server.GrpcServerProtocolClient.requestVote(GrpcServerProtocolClient.java:99)
	at org.apache.ratis.grpc.server.GrpcService.requestVote(GrpcService.java:204)
	at org.apache.ratis.server.impl.LeaderElection.lambda$submitRequests$1(LeaderElection.java:234)
	at java.util.concurrent.FutureTask.run(FutureTask.java:266)
	at java.util.concurrent.Executors$RunnableAdapter.call(Executors.java:511)
	at java.util.concurrent.FutureTask.run(FutureTask.java:266)
	at java.util.concurrent.ThreadPoolExecutor.runWorker(ThreadPoolExecutor.java:1149)
	at java.util.concurrent.ThreadPoolExecutor$Worker.run(ThreadPoolExecutor.java:624)
	... 1 more
Caused by: org.apache.ratis.thirdparty.io.netty.channel.AbstractChannel$AnnotatedConnectException: Connection refused: /192.168.157.194:42126
	at sun.nio.ch.SocketChannelImpl.checkConnect(Native Method)
	at sun.nio.ch.SocketChannelImpl.finishConnect(SocketChannelImpl.java:717)
	at org.apache.ratis.thirdparty.io.netty.channel.socket.nio.NioSocketChannel.doFinishConnect(NioSocketChannel.java:327)
	at org.apache.ratis.thirdparty.io.netty.channel.nio.AbstractNioChannel$AbstractNioUnsafe.finishConnect(AbstractNioChannel.java:340)
	at org.apache.ratis.thirdparty.io.netty.channel.nio.NioEventLoop.processSelectedKey(NioEventLoop.java:632)
	at org.apache.ratis.thirdparty.io.netty.channel.nio.NioEventLoop.processSelectedKeysOptimized(NioEventLoop.java:579)
	at org.apache.ratis.thirdparty.io.netty.channel.nio.NioEventLoop.processSelectedKeys(NioEventLoop.java:496)
	at org.apache.ratis.thirdparty.io.netty.channel.nio.NioEventLoop.run(NioEventLoop.java:458)
	at org.apache.ratis.thirdparty.io.netty.util.concurrent.SingleThreadEventExecutor$5.run(SingleThreadEventExecutor.java:897)
	at org.apache.ratis.thirdparty.io.netty.util.concurrent.FastThreadLocalRunnable.run(FastThreadLocalRunnable.java:30)
	... 1 more
Caused by: java.net.ConnectException: Connection refused
	... 11 more
2019-11-04 16:03:05,667 [e3fb79a3-1f86-42af-a80c-c46d1acdbc29@group-7855C2F36E53-LeaderElection470] INFO  impl.LeaderElection (LeaderElection.java:logAndReturn(56)) - e3fb79a3-1f86-42af-a80c-c46d1acdbc29@group-7855C2F36E53-LeaderElection470: Election REJECTED; received 0 response(s) [] and 2 exception(s); e3fb79a3-1f86-42af-a80c-c46d1acdbc29@group-7855C2F36E53:t524, leader=null, voted=e3fb79a3-1f86-42af-a80c-c46d1acdbc29, raftlog=e3fb79a3-1f86-42af-a80c-c46d1acdbc29@group-7855C2F36E53-SegmentedRaftLog:OPENED:c-1,f-1,i0, conf=-1: [e3fb79a3-1f86-42af-a80c-c46d1acdbc29:192.168.157.194:44142, 81ff859e-e76f-43f5-951a-4a38422068cb:192.168.157.194:46532, a9143d84-6d7f-497d-b770-eb75585db3c7:192.168.157.194:42126], old=null
2019-11-04 16:03:05,667 [e3fb79a3-1f86-42af-a80c-c46d1acdbc29@group-7855C2F36E53-LeaderElection470] INFO  impl.LeaderElection (LogUtils.java:infoOrTrace(149)) -   Exception 0: {}
java.util.concurrent.ExecutionException: org.apache.ratis.thirdparty.io.grpc.StatusRuntimeException: UNAVAILABLE: io exception
	at java.util.concurrent.FutureTask.report(FutureTask.java:122)
	at java.util.concurrent.FutureTask.get(FutureTask.java:192)
	at org.apache.ratis.server.impl.LeaderElection.waitForResults(LeaderElection.java:259)
	at org.apache.ratis.server.impl.LeaderElection.askForVotes(LeaderElection.java:197)
	at org.apache.ratis.server.impl.LeaderElection.run(LeaderElection.java:133)
	at java.lang.Thread.run(Thread.java:748)
Caused by: org.apache.ratis.thirdparty.io.grpc.StatusRuntimeException: UNAVAILABLE: io exception
	at org.apache.ratis.thirdparty.io.grpc.stub.ClientCalls.toStatusRuntimeException(ClientCalls.java:233)
	at org.apache.ratis.thirdparty.io.grpc.stub.ClientCalls.getUnchecked(ClientCalls.java:214)
	at org.apache.ratis.thirdparty.io.grpc.stub.ClientCalls.blockingUnaryCall(ClientCalls.java:139)
	at org.apache.ratis.proto.grpc.RaftServerProtocolServiceGrpc$RaftServerProtocolServiceBlockingStub.requestVote(RaftServerProtocolServiceGrpc.java:265)
	at org.apache.ratis.grpc.server.GrpcServerProtocolClient.requestVote(GrpcServerProtocolClient.java:99)
	at org.apache.ratis.grpc.server.GrpcService.requestVote(GrpcService.java:204)
	at org.apache.ratis.server.impl.LeaderElection.lambda$submitRequests$1(LeaderElection.java:234)
	at java.util.concurrent.FutureTask.run(FutureTask.java:266)
	at java.util.concurrent.Executors$RunnableAdapter.call(Executors.java:511)
	at java.util.concurrent.FutureTask.run(FutureTask.java:266)
	at java.util.concurrent.ThreadPoolExecutor.runWorker(ThreadPoolExecutor.java:1149)
	at java.util.concurrent.ThreadPoolExecutor$Worker.run(ThreadPoolExecutor.java:624)
	... 1 more
Caused by: org.apache.ratis.thirdparty.io.netty.channel.AbstractChannel$AnnotatedConnectException: Connection refused: /192.168.157.194:46532
	at sun.nio.ch.SocketChannelImpl.checkConnect(Native Method)
	at sun.nio.ch.SocketChannelImpl.finishConnect(SocketChannelImpl.java:717)
	at org.apache.ratis.thirdparty.io.netty.channel.socket.nio.NioSocketChannel.doFinishConnect(NioSocketChannel.java:327)
	at org.apache.ratis.thirdparty.io.netty.channel.nio.AbstractNioChannel$AbstractNioUnsafe.finishConnect(AbstractNioChannel.java:340)
	at org.apache.ratis.thirdparty.io.netty.channel.nio.NioEventLoop.processSelectedKey(NioEventLoop.java:632)
	at org.apache.ratis.thirdparty.io.netty.channel.nio.NioEventLoop.processSelectedKeysOptimized(NioEventLoop.java:579)
	at org.apache.ratis.thirdparty.io.netty.channel.nio.NioEventLoop.processSelectedKeys(NioEventLoop.java:496)
	at org.apache.ratis.thirdparty.io.netty.channel.nio.NioEventLoop.run(NioEventLoop.java:458)
	at org.apache.ratis.thirdparty.io.netty.util.concurrent.SingleThreadEventExecutor$5.run(SingleThreadEventExecutor.java:897)
	at org.apache.ratis.thirdparty.io.netty.util.concurrent.FastThreadLocalRunnable.run(FastThreadLocalRunnable.java:30)
	... 1 more
Caused by: java.net.ConnectException: Connection refused
	... 11 more
2019-11-04 16:03:05,667 [e3fb79a3-1f86-42af-a80c-c46d1acdbc29@group-7855C2F36E53-LeaderElection470] INFO  impl.LeaderElection (LogUtils.java:infoOrTrace(149)) -   Exception 1: {}
java.util.concurrent.ExecutionException: org.apache.ratis.thirdparty.io.grpc.StatusRuntimeException: UNAVAILABLE: io exception
	at java.util.concurrent.FutureTask.report(FutureTask.java:122)
	at java.util.concurrent.FutureTask.get(FutureTask.java:192)
	at org.apache.ratis.server.impl.LeaderElection.waitForResults(LeaderElection.java:259)
	at org.apache.ratis.server.impl.LeaderElection.askForVotes(LeaderElection.java:197)
	at org.apache.ratis.server.impl.LeaderElection.run(LeaderElection.java:133)
	at java.lang.Thread.run(Thread.java:748)
Caused by: org.apache.ratis.thirdparty.io.grpc.StatusRuntimeException: UNAVAILABLE: io exception
	at org.apache.ratis.thirdparty.io.grpc.stub.ClientCalls.toStatusRuntimeException(ClientCalls.java:233)
	at org.apache.ratis.thirdparty.io.grpc.stub.ClientCalls.getUnchecked(ClientCalls.java:214)
	at org.apache.ratis.thirdparty.io.grpc.stub.ClientCalls.blockingUnaryCall(ClientCalls.java:139)
	at org.apache.ratis.proto.grpc.RaftServerProtocolServiceGrpc$RaftServerProtocolServiceBlockingStub.requestVote(RaftServerProtocolServiceGrpc.java:265)
	at org.apache.ratis.grpc.server.GrpcServerProtocolClient.requestVote(GrpcServerProtocolClient.java:99)
	at org.apache.ratis.grpc.server.GrpcService.requestVote(GrpcService.java:204)
	at org.apache.ratis.server.impl.LeaderElection.lambda$submitRequests$1(LeaderElection.java:234)
	at java.util.concurrent.FutureTask.run(FutureTask.java:266)
	at java.util.concurrent.Executors$RunnableAdapter.call(Executors.java:511)
	at java.util.concurrent.FutureTask.run(FutureTask.java:266)
	at java.util.concurrent.ThreadPoolExecutor.runWorker(ThreadPoolExecutor.java:1149)
	at java.util.concurrent.ThreadPoolExecutor$Worker.run(ThreadPoolExecutor.java:624)
	... 1 more
Caused by: org.apache.ratis.thirdparty.io.netty.channel.AbstractChannel$AnnotatedConnectException: Connection refused: /192.168.157.194:42126
	at sun.nio.ch.SocketChannelImpl.checkConnect(Native Method)
	at sun.nio.ch.SocketChannelImpl.finishConnect(SocketChannelImpl.java:717)
	at org.apache.ratis.thirdparty.io.netty.channel.socket.nio.NioSocketChannel.doFinishConnect(NioSocketChannel.java:327)
	at org.apache.ratis.thirdparty.io.netty.channel.nio.AbstractNioChannel$AbstractNioUnsafe.finishConnect(AbstractNioChannel.java:340)
	at org.apache.ratis.thirdparty.io.netty.channel.nio.NioEventLoop.processSelectedKey(NioEventLoop.java:632)
	at org.apache.ratis.thirdparty.io.netty.channel.nio.NioEventLoop.processSelectedKeysOptimized(NioEventLoop.java:579)
	at org.apache.ratis.thirdparty.io.netty.channel.nio.NioEventLoop.processSelectedKeys(NioEventLoop.java:496)
	at org.apache.ratis.thirdparty.io.netty.channel.nio.NioEventLoop.run(NioEventLoop.java:458)
	at org.apache.ratis.thirdparty.io.netty.util.concurrent.SingleThreadEventExecutor$5.run(SingleThreadEventExecutor.java:897)
	at org.apache.ratis.thirdparty.io.netty.util.concurrent.FastThreadLocalRunnable.run(FastThreadLocalRunnable.java:30)
	... 1 more
Caused by: java.net.ConnectException: Connection refused
	... 11 more
2019-11-04 16:03:05,668 [e3fb79a3-1f86-42af-a80c-c46d1acdbc29@group-7855C2F36E53-LeaderElection470] INFO  impl.RaftServerImpl (RaftServerImpl.java:setRole(184)) - e3fb79a3-1f86-42af-a80c-c46d1acdbc29@group-7855C2F36E53: changes role from CANDIDATE to FOLLOWER at term 524 for DISCOVERED_A_NEW_TERM
2019-11-04 16:03:05,668 [e3fb79a3-1f86-42af-a80c-c46d1acdbc29@group-7855C2F36E53-LeaderElection470] INFO  impl.RoleInfo (RoleInfo.java:shutdownLeaderElection(134)) - e3fb79a3-1f86-42af-a80c-c46d1acdbc29: shutdown LeaderElection
2019-11-04 16:03:05,668 [e3fb79a3-1f86-42af-a80c-c46d1acdbc29@group-7855C2F36E53-LeaderElection470] INFO  impl.RoleInfo (RoleInfo.java:updateAndGet(143)) - e3fb79a3-1f86-42af-a80c-c46d1acdbc29: start FollowerState
2019-11-04 16:03:05,823 [Thread-3394] INFO  impl.FollowerState (FollowerState.java:run(108)) - e3fb79a3-1f86-42af-a80c-c46d1acdbc29@group-7855C2F36E53-FollowerState: change to CANDIDATE, lastRpcTime:154ms, electionTimeout:154ms
2019-11-04 16:03:05,823 [Thread-3394] INFO  impl.RoleInfo (RoleInfo.java:shutdownFollowerState(121)) - e3fb79a3-1f86-42af-a80c-c46d1acdbc29: shutdown FollowerState
2019-11-04 16:03:05,823 [Thread-3394] INFO  impl.RaftServerImpl (RaftServerImpl.java:setRole(184)) - e3fb79a3-1f86-42af-a80c-c46d1acdbc29@group-7855C2F36E53: changes role from  FOLLOWER to CANDIDATE at term 524 for changeToCandidate
2019-11-04 16:03:05,823 [Thread-3394] INFO  impl.RoleInfo (RoleInfo.java:updateAndGet(143)) - e3fb79a3-1f86-42af-a80c-c46d1acdbc29: start LeaderElection
2019-11-04 16:03:05,837 [e3fb79a3-1f86-42af-a80c-c46d1acdbc29@group-7855C2F36E53-LeaderElection471] INFO  impl.LeaderElection (LeaderElection.java:askForVotes(178)) - e3fb79a3-1f86-42af-a80c-c46d1acdbc29@group-7855C2F36E53-LeaderElection471: begin an election at term 525 for -1: [e3fb79a3-1f86-42af-a80c-c46d1acdbc29:192.168.157.194:44142, 81ff859e-e76f-43f5-951a-4a38422068cb:192.168.157.194:46532, a9143d84-6d7f-497d-b770-eb75585db3c7:192.168.157.194:42126], old=null
2019-11-04 16:03:05,837 [e3fb79a3-1f86-42af-a80c-c46d1acdbc29@group-7855C2F36E53-LeaderElection471] INFO  impl.LeaderElection (LogUtils.java:infoOrTrace(149)) - e3fb79a3-1f86-42af-a80c-c46d1acdbc29@group-7855C2F36E53-LeaderElection471 got exception when requesting votes: {}
java.util.concurrent.ExecutionException: org.apache.ratis.thirdparty.io.grpc.StatusRuntimeException: UNAVAILABLE: io exception
	at java.util.concurrent.FutureTask.report(FutureTask.java:122)
	at java.util.concurrent.FutureTask.get(FutureTask.java:192)
	at org.apache.ratis.server.impl.LeaderElection.waitForResults(LeaderElection.java:259)
	at org.apache.ratis.server.impl.LeaderElection.askForVotes(LeaderElection.java:197)
	at org.apache.ratis.server.impl.LeaderElection.run(LeaderElection.java:133)
	at java.lang.Thread.run(Thread.java:748)
Caused by: org.apache.ratis.thirdparty.io.grpc.StatusRuntimeException: UNAVAILABLE: io exception
	at org.apache.ratis.thirdparty.io.grpc.stub.ClientCalls.toStatusRuntimeException(ClientCalls.java:233)
	at org.apache.ratis.thirdparty.io.grpc.stub.ClientCalls.getUnchecked(ClientCalls.java:214)
	at org.apache.ratis.thirdparty.io.grpc.stub.ClientCalls.blockingUnaryCall(ClientCalls.java:139)
	at org.apache.ratis.proto.grpc.RaftServerProtocolServiceGrpc$RaftServerProtocolServiceBlockingStub.requestVote(RaftServerProtocolServiceGrpc.java:265)
	at org.apache.ratis.grpc.server.GrpcServerProtocolClient.requestVote(GrpcServerProtocolClient.java:99)
	at org.apache.ratis.grpc.server.GrpcService.requestVote(GrpcService.java:204)
	at org.apache.ratis.server.impl.LeaderElection.lambda$submitRequests$1(LeaderElection.java:234)
	at java.util.concurrent.FutureTask.run(FutureTask.java:266)
	at java.util.concurrent.Executors$RunnableAdapter.call(Executors.java:511)
	at java.util.concurrent.FutureTask.run(FutureTask.java:266)
	at java.util.concurrent.ThreadPoolExecutor.runWorker(ThreadPoolExecutor.java:1149)
	at java.util.concurrent.ThreadPoolExecutor$Worker.run(ThreadPoolExecutor.java:624)
	... 1 more
Caused by: org.apache.ratis.thirdparty.io.netty.channel.AbstractChannel$AnnotatedConnectException: Connection refused: /192.168.157.194:46532
	at sun.nio.ch.SocketChannelImpl.checkConnect(Native Method)
	at sun.nio.ch.SocketChannelImpl.finishConnect(SocketChannelImpl.java:717)
	at org.apache.ratis.thirdparty.io.netty.channel.socket.nio.NioSocketChannel.doFinishConnect(NioSocketChannel.java:327)
	at org.apache.ratis.thirdparty.io.netty.channel.nio.AbstractNioChannel$AbstractNioUnsafe.finishConnect(AbstractNioChannel.java:340)
	at org.apache.ratis.thirdparty.io.netty.channel.nio.NioEventLoop.processSelectedKey(NioEventLoop.java:632)
	at org.apache.ratis.thirdparty.io.netty.channel.nio.NioEventLoop.processSelectedKeysOptimized(NioEventLoop.java:579)
	at org.apache.ratis.thirdparty.io.netty.channel.nio.NioEventLoop.processSelectedKeys(NioEventLoop.java:496)
	at org.apache.ratis.thirdparty.io.netty.channel.nio.NioEventLoop.run(NioEventLoop.java:458)
	at org.apache.ratis.thirdparty.io.netty.util.concurrent.SingleThreadEventExecutor$5.run(SingleThreadEventExecutor.java:897)
	at org.apache.ratis.thirdparty.io.netty.util.concurrent.FastThreadLocalRunnable.run(FastThreadLocalRunnable.java:30)
	... 1 more
Caused by: java.net.ConnectException: Connection refused
	... 11 more
2019-11-04 16:03:05,839 [e3fb79a3-1f86-42af-a80c-c46d1acdbc29@group-7855C2F36E53-LeaderElection471] INFO  impl.LeaderElection (LogUtils.java:infoOrTrace(149)) - e3fb79a3-1f86-42af-a80c-c46d1acdbc29@group-7855C2F36E53-LeaderElection471 got exception when requesting votes: {}
java.util.concurrent.ExecutionException: org.apache.ratis.thirdparty.io.grpc.StatusRuntimeException: UNAVAILABLE: io exception
	at java.util.concurrent.FutureTask.report(FutureTask.java:122)
	at java.util.concurrent.FutureTask.get(FutureTask.java:192)
	at org.apache.ratis.server.impl.LeaderElection.waitForResults(LeaderElection.java:259)
	at org.apache.ratis.server.impl.LeaderElection.askForVotes(LeaderElection.java:197)
	at org.apache.ratis.server.impl.LeaderElection.run(LeaderElection.java:133)
	at java.lang.Thread.run(Thread.java:748)
Caused by: org.apache.ratis.thirdparty.io.grpc.StatusRuntimeException: UNAVAILABLE: io exception
	at org.apache.ratis.thirdparty.io.grpc.stub.ClientCalls.toStatusRuntimeException(ClientCalls.java:233)
	at org.apache.ratis.thirdparty.io.grpc.stub.ClientCalls.getUnchecked(ClientCalls.java:214)
	at org.apache.ratis.thirdparty.io.grpc.stub.ClientCalls.blockingUnaryCall(ClientCalls.java:139)
	at org.apache.ratis.proto.grpc.RaftServerProtocolServiceGrpc$RaftServerProtocolServiceBlockingStub.requestVote(RaftServerProtocolServiceGrpc.java:265)
	at org.apache.ratis.grpc.server.GrpcServerProtocolClient.requestVote(GrpcServerProtocolClient.java:99)
	at org.apache.ratis.grpc.server.GrpcService.requestVote(GrpcService.java:204)
	at org.apache.ratis.server.impl.LeaderElection.lambda$submitRequests$1(LeaderElection.java:234)
	at java.util.concurrent.FutureTask.run(FutureTask.java:266)
	at java.util.concurrent.Executors$RunnableAdapter.call(Executors.java:511)
	at java.util.concurrent.FutureTask.run(FutureTask.java:266)
	at java.util.concurrent.ThreadPoolExecutor.runWorker(ThreadPoolExecutor.java:1149)
	at java.util.concurrent.ThreadPoolExecutor$Worker.run(ThreadPoolExecutor.java:624)
	... 1 more
Caused by: org.apache.ratis.thirdparty.io.netty.channel.AbstractChannel$AnnotatedConnectException: Connection refused: /192.168.157.194:42126
	at sun.nio.ch.SocketChannelImpl.checkConnect(Native Method)
	at sun.nio.ch.SocketChannelImpl.finishConnect(SocketChannelImpl.java:717)
	at org.apache.ratis.thirdparty.io.netty.channel.socket.nio.NioSocketChannel.doFinishConnect(NioSocketChannel.java:327)
	at org.apache.ratis.thirdparty.io.netty.channel.nio.AbstractNioChannel$AbstractNioUnsafe.finishConnect(AbstractNioChannel.java:340)
	at org.apache.ratis.thirdparty.io.netty.channel.nio.NioEventLoop.processSelectedKey(NioEventLoop.java:632)
	at org.apache.ratis.thirdparty.io.netty.channel.nio.NioEventLoop.processSelectedKeysOptimized(NioEventLoop.java:579)
	at org.apache.ratis.thirdparty.io.netty.channel.nio.NioEventLoop.processSelectedKeys(NioEventLoop.java:496)
	at org.apache.ratis.thirdparty.io.netty.channel.nio.NioEventLoop.run(NioEventLoop.java:458)
	at org.apache.ratis.thirdparty.io.netty.util.concurrent.SingleThreadEventExecutor$5.run(SingleThreadEventExecutor.java:897)
	at org.apache.ratis.thirdparty.io.netty.util.concurrent.FastThreadLocalRunnable.run(FastThreadLocalRunnable.java:30)
	... 1 more
Caused by: java.net.ConnectException: Connection refused
	... 11 more
2019-11-04 16:03:05,840 [e3fb79a3-1f86-42af-a80c-c46d1acdbc29@group-7855C2F36E53-LeaderElection471] INFO  impl.LeaderElection (LeaderElection.java:logAndReturn(56)) - e3fb79a3-1f86-42af-a80c-c46d1acdbc29@group-7855C2F36E53-LeaderElection471: Election REJECTED; received 0 response(s) [] and 2 exception(s); e3fb79a3-1f86-42af-a80c-c46d1acdbc29@group-7855C2F36E53:t525, leader=null, voted=e3fb79a3-1f86-42af-a80c-c46d1acdbc29, raftlog=e3fb79a3-1f86-42af-a80c-c46d1acdbc29@group-7855C2F36E53-SegmentedRaftLog:OPENED:c-1,f-1,i0, conf=-1: [e3fb79a3-1f86-42af-a80c-c46d1acdbc29:192.168.157.194:44142, 81ff859e-e76f-43f5-951a-4a38422068cb:192.168.157.194:46532, a9143d84-6d7f-497d-b770-eb75585db3c7:192.168.157.194:42126], old=null
2019-11-04 16:03:05,840 [e3fb79a3-1f86-42af-a80c-c46d1acdbc29@group-7855C2F36E53-LeaderElection471] INFO  impl.LeaderElection (LogUtils.java:infoOrTrace(149)) -   Exception 0: {}
java.util.concurrent.ExecutionException: org.apache.ratis.thirdparty.io.grpc.StatusRuntimeException: UNAVAILABLE: io exception
	at java.util.concurrent.FutureTask.report(FutureTask.java:122)
	at java.util.concurrent.FutureTask.get(FutureTask.java:192)
	at org.apache.ratis.server.impl.LeaderElection.waitForResults(LeaderElection.java:259)
	at org.apache.ratis.server.impl.LeaderElection.askForVotes(LeaderElection.java:197)
	at org.apache.ratis.server.impl.LeaderElection.run(LeaderElection.java:133)
	at java.lang.Thread.run(Thread.java:748)
Caused by: org.apache.ratis.thirdparty.io.grpc.StatusRuntimeException: UNAVAILABLE: io exception
	at org.apache.ratis.thirdparty.io.grpc.stub.ClientCalls.toStatusRuntimeException(ClientCalls.java:233)
	at org.apache.ratis.thirdparty.io.grpc.stub.ClientCalls.getUnchecked(ClientCalls.java:214)
	at org.apache.ratis.thirdparty.io.grpc.stub.ClientCalls.blockingUnaryCall(ClientCalls.java:139)
	at org.apache.ratis.proto.grpc.RaftServerProtocolServiceGrpc$RaftServerProtocolServiceBlockingStub.requestVote(RaftServerProtocolServiceGrpc.java:265)
	at org.apache.ratis.grpc.server.GrpcServerProtocolClient.requestVote(GrpcServerProtocolClient.java:99)
	at org.apache.ratis.grpc.server.GrpcService.requestVote(GrpcService.java:204)
	at org.apache.ratis.server.impl.LeaderElection.lambda$submitRequests$1(LeaderElection.java:234)
	at java.util.concurrent.FutureTask.run(FutureTask.java:266)
	at java.util.concurrent.Executors$RunnableAdapter.call(Executors.java:511)
	at java.util.concurrent.FutureTask.run(FutureTask.java:266)
	at java.util.concurrent.ThreadPoolExecutor.runWorker(ThreadPoolExecutor.java:1149)
	at java.util.concurrent.ThreadPoolExecutor$Worker.run(ThreadPoolExecutor.java:624)
	... 1 more
Caused by: org.apache.ratis.thirdparty.io.netty.channel.AbstractChannel$AnnotatedConnectException: Connection refused: /192.168.157.194:46532
	at sun.nio.ch.SocketChannelImpl.checkConnect(Native Method)
	at sun.nio.ch.SocketChannelImpl.finishConnect(SocketChannelImpl.java:717)
	at org.apache.ratis.thirdparty.io.netty.channel.socket.nio.NioSocketChannel.doFinishConnect(NioSocketChannel.java:327)
	at org.apache.ratis.thirdparty.io.netty.channel.nio.AbstractNioChannel$AbstractNioUnsafe.finishConnect(AbstractNioChannel.java:340)
	at org.apache.ratis.thirdparty.io.netty.channel.nio.NioEventLoop.processSelectedKey(NioEventLoop.java:632)
	at org.apache.ratis.thirdparty.io.netty.channel.nio.NioEventLoop.processSelectedKeysOptimized(NioEventLoop.java:579)
	at org.apache.ratis.thirdparty.io.netty.channel.nio.NioEventLoop.processSelectedKeys(NioEventLoop.java:496)
	at org.apache.ratis.thirdparty.io.netty.channel.nio.NioEventLoop.run(NioEventLoop.java:458)
	at org.apache.ratis.thirdparty.io.netty.util.concurrent.SingleThreadEventExecutor$5.run(SingleThreadEventExecutor.java:897)
	at org.apache.ratis.thirdparty.io.netty.util.concurrent.FastThreadLocalRunnable.run(FastThreadLocalRunnable.java:30)
	... 1 more
Caused by: java.net.ConnectException: Connection refused
	... 11 more
2019-11-04 16:03:05,840 [e3fb79a3-1f86-42af-a80c-c46d1acdbc29@group-7855C2F36E53-LeaderElection471] INFO  impl.LeaderElection (LogUtils.java:infoOrTrace(149)) -   Exception 1: {}
java.util.concurrent.ExecutionException: org.apache.ratis.thirdparty.io.grpc.StatusRuntimeException: UNAVAILABLE: io exception
	at java.util.concurrent.FutureTask.report(FutureTask.java:122)
	at java.util.concurrent.FutureTask.get(FutureTask.java:192)
	at org.apache.ratis.server.impl.LeaderElection.waitForResults(LeaderElection.java:259)
	at org.apache.ratis.server.impl.LeaderElection.askForVotes(LeaderElection.java:197)
	at org.apache.ratis.server.impl.LeaderElection.run(LeaderElection.java:133)
	at java.lang.Thread.run(Thread.java:748)
Caused by: org.apache.ratis.thirdparty.io.grpc.StatusRuntimeException: UNAVAILABLE: io exception
	at org.apache.ratis.thirdparty.io.grpc.stub.ClientCalls.toStatusRuntimeException(ClientCalls.java:233)
	at org.apache.ratis.thirdparty.io.grpc.stub.ClientCalls.getUnchecked(ClientCalls.java:214)
	at org.apache.ratis.thirdparty.io.grpc.stub.ClientCalls.blockingUnaryCall(ClientCalls.java:139)
	at org.apache.ratis.proto.grpc.RaftServerProtocolServiceGrpc$RaftServerProtocolServiceBlockingStub.requestVote(RaftServerProtocolServiceGrpc.java:265)
	at org.apache.ratis.grpc.server.GrpcServerProtocolClient.requestVote(GrpcServerProtocolClient.java:99)
	at org.apache.ratis.grpc.server.GrpcService.requestVote(GrpcService.java:204)
	at org.apache.ratis.server.impl.LeaderElection.lambda$submitRequests$1(LeaderElection.java:234)
	at java.util.concurrent.FutureTask.run(FutureTask.java:266)
	at java.util.concurrent.Executors$RunnableAdapter.call(Executors.java:511)
	at java.util.concurrent.FutureTask.run(FutureTask.java:266)
	at java.util.concurrent.ThreadPoolExecutor.runWorker(ThreadPoolExecutor.java:1149)
	at java.util.concurrent.ThreadPoolExecutor$Worker.run(ThreadPoolExecutor.java:624)
	... 1 more
Caused by: org.apache.ratis.thirdparty.io.netty.channel.AbstractChannel$AnnotatedConnectException: Connection refused: /192.168.157.194:42126
	at sun.nio.ch.SocketChannelImpl.checkConnect(Native Method)
	at sun.nio.ch.SocketChannelImpl.finishConnect(SocketChannelImpl.java:717)
	at org.apache.ratis.thirdparty.io.netty.channel.socket.nio.NioSocketChannel.doFinishConnect(NioSocketChannel.java:327)
	at org.apache.ratis.thirdparty.io.netty.channel.nio.AbstractNioChannel$AbstractNioUnsafe.finishConnect(AbstractNioChannel.java:340)
	at org.apache.ratis.thirdparty.io.netty.channel.nio.NioEventLoop.processSelectedKey(NioEventLoop.java:632)
	at org.apache.ratis.thirdparty.io.netty.channel.nio.NioEventLoop.processSelectedKeysOptimized(NioEventLoop.java:579)
	at org.apache.ratis.thirdparty.io.netty.channel.nio.NioEventLoop.processSelectedKeys(NioEventLoop.java:496)
	at org.apache.ratis.thirdparty.io.netty.channel.nio.NioEventLoop.run(NioEventLoop.java:458)
	at org.apache.ratis.thirdparty.io.netty.util.concurrent.SingleThreadEventExecutor$5.run(SingleThreadEventExecutor.java:897)
	at org.apache.ratis.thirdparty.io.netty.util.concurrent.FastThreadLocalRunnable.run(FastThreadLocalRunnable.java:30)
	... 1 more
Caused by: java.net.ConnectException: Connection refused
	... 11 more
2019-11-04 16:03:05,841 [e3fb79a3-1f86-42af-a80c-c46d1acdbc29@group-7855C2F36E53-LeaderElection471] INFO  impl.RaftServerImpl (RaftServerImpl.java:setRole(184)) - e3fb79a3-1f86-42af-a80c-c46d1acdbc29@group-7855C2F36E53: changes role from CANDIDATE to FOLLOWER at term 525 for DISCOVERED_A_NEW_TERM
2019-11-04 16:03:05,841 [e3fb79a3-1f86-42af-a80c-c46d1acdbc29@group-7855C2F36E53-LeaderElection471] INFO  impl.RoleInfo (RoleInfo.java:shutdownLeaderElection(134)) - e3fb79a3-1f86-42af-a80c-c46d1acdbc29: shutdown LeaderElection
2019-11-04 16:03:05,841 [e3fb79a3-1f86-42af-a80c-c46d1acdbc29@group-7855C2F36E53-LeaderElection471] INFO  impl.RoleInfo (RoleInfo.java:updateAndGet(143)) - e3fb79a3-1f86-42af-a80c-c46d1acdbc29: start FollowerState
2019-11-04 16:03:05,850 [Thread-3398] INFO  impl.FollowerState (FollowerState.java:run(108)) - e3fb79a3-1f86-42af-a80c-c46d1acdbc29@group-7855C2F36E53-FollowerState: change to CANDIDATE, lastRpcTime:8ms, electionTimeout:8ms
2019-11-04 16:03:05,850 [Thread-3398] INFO  impl.RoleInfo (RoleInfo.java:shutdownFollowerState(121)) - e3fb79a3-1f86-42af-a80c-c46d1acdbc29: shutdown FollowerState
2019-11-04 16:03:05,850 [Thread-3398] INFO  impl.RaftServerImpl (RaftServerImpl.java:setRole(184)) - e3fb79a3-1f86-42af-a80c-c46d1acdbc29@group-7855C2F36E53: changes role from  FOLLOWER to CANDIDATE at term 525 for changeToCandidate
2019-11-04 16:03:05,850 [Thread-3398] INFO  impl.RoleInfo (RoleInfo.java:updateAndGet(143)) - e3fb79a3-1f86-42af-a80c-c46d1acdbc29: start LeaderElection
2019-11-04 16:03:05,866 [e3fb79a3-1f86-42af-a80c-c46d1acdbc29@group-7855C2F36E53-LeaderElection472] INFO  impl.LeaderElection (LeaderElection.java:askForVotes(178)) - e3fb79a3-1f86-42af-a80c-c46d1acdbc29@group-7855C2F36E53-LeaderElection472: begin an election at term 526 for -1: [e3fb79a3-1f86-42af-a80c-c46d1acdbc29:192.168.157.194:44142, 81ff859e-e76f-43f5-951a-4a38422068cb:192.168.157.194:46532, a9143d84-6d7f-497d-b770-eb75585db3c7:192.168.157.194:42126], old=null
2019-11-04 16:03:05,866 [e3fb79a3-1f86-42af-a80c-c46d1acdbc29@group-7855C2F36E53-LeaderElection472] INFO  impl.LeaderElection (LogUtils.java:infoOrTrace(149)) - e3fb79a3-1f86-42af-a80c-c46d1acdbc29@group-7855C2F36E53-LeaderElection472 got exception when requesting votes: {}
java.util.concurrent.ExecutionException: org.apache.ratis.thirdparty.io.grpc.StatusRuntimeException: UNAVAILABLE: io exception
	at java.util.concurrent.FutureTask.report(FutureTask.java:122)
	at java.util.concurrent.FutureTask.get(FutureTask.java:192)
	at org.apache.ratis.server.impl.LeaderElection.waitForResults(LeaderElection.java:259)
	at org.apache.ratis.server.impl.LeaderElection.askForVotes(LeaderElection.java:197)
	at org.apache.ratis.server.impl.LeaderElection.run(LeaderElection.java:133)
	at java.lang.Thread.run(Thread.java:748)
Caused by: org.apache.ratis.thirdparty.io.grpc.StatusRuntimeException: UNAVAILABLE: io exception
	at org.apache.ratis.thirdparty.io.grpc.stub.ClientCalls.toStatusRuntimeException(ClientCalls.java:233)
	at org.apache.ratis.thirdparty.io.grpc.stub.ClientCalls.getUnchecked(ClientCalls.java:214)
	at org.apache.ratis.thirdparty.io.grpc.stub.ClientCalls.blockingUnaryCall(ClientCalls.java:139)
	at org.apache.ratis.proto.grpc.RaftServerProtocolServiceGrpc$RaftServerProtocolServiceBlockingStub.requestVote(RaftServerProtocolServiceGrpc.java:265)
	at org.apache.ratis.grpc.server.GrpcServerProtocolClient.requestVote(GrpcServerProtocolClient.java:99)
	at org.apache.ratis.grpc.server.GrpcService.requestVote(GrpcService.java:204)
	at org.apache.ratis.server.impl.LeaderElection.lambda$submitRequests$1(LeaderElection.java:234)
	at java.util.concurrent.FutureTask.run(FutureTask.java:266)
	at java.util.concurrent.Executors$RunnableAdapter.call(Executors.java:511)
	at java.util.concurrent.FutureTask.run(FutureTask.java:266)
	at java.util.concurrent.ThreadPoolExecutor.runWorker(ThreadPoolExecutor.java:1149)
	at java.util.concurrent.ThreadPoolExecutor$Worker.run(ThreadPoolExecutor.java:624)
	... 1 more
Caused by: org.apache.ratis.thirdparty.io.netty.channel.AbstractChannel$AnnotatedConnectException: Connection refused: /192.168.157.194:46532
	at sun.nio.ch.SocketChannelImpl.checkConnect(Native Method)
	at sun.nio.ch.SocketChannelImpl.finishConnect(SocketChannelImpl.java:717)
	at org.apache.ratis.thirdparty.io.netty.channel.socket.nio.NioSocketChannel.doFinishConnect(NioSocketChannel.java:327)
	at org.apache.ratis.thirdparty.io.netty.channel.nio.AbstractNioChannel$AbstractNioUnsafe.finishConnect(AbstractNioChannel.java:340)
	at org.apache.ratis.thirdparty.io.netty.channel.nio.NioEventLoop.processSelectedKey(NioEventLoop.java:632)
	at org.apache.ratis.thirdparty.io.netty.channel.nio.NioEventLoop.processSelectedKeysOptimized(NioEventLoop.java:579)
	at org.apache.ratis.thirdparty.io.netty.channel.nio.NioEventLoop.processSelectedKeys(NioEventLoop.java:496)
	at org.apache.ratis.thirdparty.io.netty.channel.nio.NioEventLoop.run(NioEventLoop.java:458)
	at org.apache.ratis.thirdparty.io.netty.util.concurrent.SingleThreadEventExecutor$5.run(SingleThreadEventExecutor.java:897)
	at org.apache.ratis.thirdparty.io.netty.util.concurrent.FastThreadLocalRunnable.run(FastThreadLocalRunnable.java:30)
	... 1 more
Caused by: java.net.ConnectException: Connection refused
	... 11 more
2019-11-04 16:03:05,867 [e3fb79a3-1f86-42af-a80c-c46d1acdbc29@group-7855C2F36E53-LeaderElection472] INFO  impl.LeaderElection (LogUtils.java:infoOrTrace(149)) - e3fb79a3-1f86-42af-a80c-c46d1acdbc29@group-7855C2F36E53-LeaderElection472 got exception when requesting votes: {}
java.util.concurrent.ExecutionException: org.apache.ratis.thirdparty.io.grpc.StatusRuntimeException: UNAVAILABLE: io exception
	at java.util.concurrent.FutureTask.report(FutureTask.java:122)
	at java.util.concurrent.FutureTask.get(FutureTask.java:192)
	at org.apache.ratis.server.impl.LeaderElection.waitForResults(LeaderElection.java:259)
	at org.apache.ratis.server.impl.LeaderElection.askForVotes(LeaderElection.java:197)
	at org.apache.ratis.server.impl.LeaderElection.run(LeaderElection.java:133)
	at java.lang.Thread.run(Thread.java:748)
Caused by: org.apache.ratis.thirdparty.io.grpc.StatusRuntimeException: UNAVAILABLE: io exception
	at org.apache.ratis.thirdparty.io.grpc.stub.ClientCalls.toStatusRuntimeException(ClientCalls.java:233)
	at org.apache.ratis.thirdparty.io.grpc.stub.ClientCalls.getUnchecked(ClientCalls.java:214)
	at org.apache.ratis.thirdparty.io.grpc.stub.ClientCalls.blockingUnaryCall(ClientCalls.java:139)
	at org.apache.ratis.proto.grpc.RaftServerProtocolServiceGrpc$RaftServerProtocolServiceBlockingStub.requestVote(RaftServerProtocolServiceGrpc.java:265)
	at org.apache.ratis.grpc.server.GrpcServerProtocolClient.requestVote(GrpcServerProtocolClient.java:99)
	at org.apache.ratis.grpc.server.GrpcService.requestVote(GrpcService.java:204)
	at org.apache.ratis.server.impl.LeaderElection.lambda$submitRequests$1(LeaderElection.java:234)
	at java.util.concurrent.FutureTask.run(FutureTask.java:266)
	at java.util.concurrent.Executors$RunnableAdapter.call(Executors.java:511)
	at java.util.concurrent.FutureTask.run(FutureTask.java:266)
	at java.util.concurrent.ThreadPoolExecutor.runWorker(ThreadPoolExecutor.java:1149)
	at java.util.concurrent.ThreadPoolExecutor$Worker.run(ThreadPoolExecutor.java:624)
	... 1 more
Caused by: org.apache.ratis.thirdparty.io.netty.channel.AbstractChannel$AnnotatedConnectException: Connection refused: /192.168.157.194:42126
	at sun.nio.ch.SocketChannelImpl.checkConnect(Native Method)
	at sun.nio.ch.SocketChannelImpl.finishConnect(SocketChannelImpl.java:717)
	at org.apache.ratis.thirdparty.io.netty.channel.socket.nio.NioSocketChannel.doFinishConnect(NioSocketChannel.java:327)
	at org.apache.ratis.thirdparty.io.netty.channel.nio.AbstractNioChannel$AbstractNioUnsafe.finishConnect(AbstractNioChannel.java:340)
	at org.apache.ratis.thirdparty.io.netty.channel.nio.NioEventLoop.processSelectedKey(NioEventLoop.java:632)
	at org.apache.ratis.thirdparty.io.netty.channel.nio.NioEventLoop.processSelectedKeysOptimized(NioEventLoop.java:579)
	at org.apache.ratis.thirdparty.io.netty.channel.nio.NioEventLoop.processSelectedKeys(NioEventLoop.java:496)
	at org.apache.ratis.thirdparty.io.netty.channel.nio.NioEventLoop.run(NioEventLoop.java:458)
	at org.apache.ratis.thirdparty.io.netty.util.concurrent.SingleThreadEventExecutor$5.run(SingleThreadEventExecutor.java:897)
	at org.apache.ratis.thirdparty.io.netty.util.concurrent.FastThreadLocalRunnable.run(FastThreadLocalRunnable.java:30)
	... 1 more
Caused by: java.net.ConnectException: Connection refused
	... 11 more
2019-11-04 16:03:05,868 [e3fb79a3-1f86-42af-a80c-c46d1acdbc29@group-7855C2F36E53-LeaderElection472] INFO  impl.LeaderElection (LeaderElection.java:logAndReturn(56)) - e3fb79a3-1f86-42af-a80c-c46d1acdbc29@group-7855C2F36E53-LeaderElection472: Election REJECTED; received 0 response(s) [] and 2 exception(s); e3fb79a3-1f86-42af-a80c-c46d1acdbc29@group-7855C2F36E53:t526, leader=null, voted=e3fb79a3-1f86-42af-a80c-c46d1acdbc29, raftlog=e3fb79a3-1f86-42af-a80c-c46d1acdbc29@group-7855C2F36E53-SegmentedRaftLog:OPENED:c-1,f-1,i0, conf=-1: [e3fb79a3-1f86-42af-a80c-c46d1acdbc29:192.168.157.194:44142, 81ff859e-e76f-43f5-951a-4a38422068cb:192.168.157.194:46532, a9143d84-6d7f-497d-b770-eb75585db3c7:192.168.157.194:42126], old=null
2019-11-04 16:03:05,869 [e3fb79a3-1f86-42af-a80c-c46d1acdbc29@group-7855C2F36E53-LeaderElection472] INFO  impl.LeaderElection (LogUtils.java:infoOrTrace(149)) -   Exception 0: {}
java.util.concurrent.ExecutionException: org.apache.ratis.thirdparty.io.grpc.StatusRuntimeException: UNAVAILABLE: io exception
	at java.util.concurrent.FutureTask.report(FutureTask.java:122)
	at java.util.concurrent.FutureTask.get(FutureTask.java:192)
	at org.apache.ratis.server.impl.LeaderElection.waitForResults(LeaderElection.java:259)
	at org.apache.ratis.server.impl.LeaderElection.askForVotes(LeaderElection.java:197)
	at org.apache.ratis.server.impl.LeaderElection.run(LeaderElection.java:133)
	at java.lang.Thread.run(Thread.java:748)
Caused by: org.apache.ratis.thirdparty.io.grpc.StatusRuntimeException: UNAVAILABLE: io exception
	at org.apache.ratis.thirdparty.io.grpc.stub.ClientCalls.toStatusRuntimeException(ClientCalls.java:233)
	at org.apache.ratis.thirdparty.io.grpc.stub.ClientCalls.getUnchecked(ClientCalls.java:214)
	at org.apache.ratis.thirdparty.io.grpc.stub.ClientCalls.blockingUnaryCall(ClientCalls.java:139)
	at org.apache.ratis.proto.grpc.RaftServerProtocolServiceGrpc$RaftServerProtocolServiceBlockingStub.requestVote(RaftServerProtocolServiceGrpc.java:265)
	at org.apache.ratis.grpc.server.GrpcServerProtocolClient.requestVote(GrpcServerProtocolClient.java:99)
	at org.apache.ratis.grpc.server.GrpcService.requestVote(GrpcService.java:204)
	at org.apache.ratis.server.impl.LeaderElection.lambda$submitRequests$1(LeaderElection.java:234)
	at java.util.concurrent.FutureTask.run(FutureTask.java:266)
	at java.util.concurrent.Executors$RunnableAdapter.call(Executors.java:511)
	at java.util.concurrent.FutureTask.run(FutureTask.java:266)
	at java.util.concurrent.ThreadPoolExecutor.runWorker(ThreadPoolExecutor.java:1149)
	at java.util.concurrent.ThreadPoolExecutor$Worker.run(ThreadPoolExecutor.java:624)
	... 1 more
Caused by: org.apache.ratis.thirdparty.io.netty.channel.AbstractChannel$AnnotatedConnectException: Connection refused: /192.168.157.194:46532
	at sun.nio.ch.SocketChannelImpl.checkConnect(Native Method)
	at sun.nio.ch.SocketChannelImpl.finishConnect(SocketChannelImpl.java:717)
	at org.apache.ratis.thirdparty.io.netty.channel.socket.nio.NioSocketChannel.doFinishConnect(NioSocketChannel.java:327)
	at org.apache.ratis.thirdparty.io.netty.channel.nio.AbstractNioChannel$AbstractNioUnsafe.finishConnect(AbstractNioChannel.java:340)
	at org.apache.ratis.thirdparty.io.netty.channel.nio.NioEventLoop.processSelectedKey(NioEventLoop.java:632)
	at org.apache.ratis.thirdparty.io.netty.channel.nio.NioEventLoop.processSelectedKeysOptimized(NioEventLoop.java:579)
	at org.apache.ratis.thirdparty.io.netty.channel.nio.NioEventLoop.processSelectedKeys(NioEventLoop.java:496)
	at org.apache.ratis.thirdparty.io.netty.channel.nio.NioEventLoop.run(NioEventLoop.java:458)
	at org.apache.ratis.thirdparty.io.netty.util.concurrent.SingleThreadEventExecutor$5.run(SingleThreadEventExecutor.java:897)
	at org.apache.ratis.thirdparty.io.netty.util.concurrent.FastThreadLocalRunnable.run(FastThreadLocalRunnable.java:30)
	... 1 more
Caused by: java.net.ConnectException: Connection refused
	... 11 more
2019-11-04 16:03:05,869 [e3fb79a3-1f86-42af-a80c-c46d1acdbc29@group-7855C2F36E53-LeaderElection472] INFO  impl.LeaderElection (LogUtils.java:infoOrTrace(149)) -   Exception 1: {}
java.util.concurrent.ExecutionException: org.apache.ratis.thirdparty.io.grpc.StatusRuntimeException: UNAVAILABLE: io exception
	at java.util.concurrent.FutureTask.report(FutureTask.java:122)
	at java.util.concurrent.FutureTask.get(FutureTask.java:192)
	at org.apache.ratis.server.impl.LeaderElection.waitForResults(LeaderElection.java:259)
	at org.apache.ratis.server.impl.LeaderElection.askForVotes(LeaderElection.java:197)
	at org.apache.ratis.server.impl.LeaderElection.run(LeaderElection.java:133)
	at java.lang.Thread.run(Thread.java:748)
Caused by: org.apache.ratis.thirdparty.io.grpc.StatusRuntimeException: UNAVAILABLE: io exception
	at org.apache.ratis.thirdparty.io.grpc.stub.ClientCalls.toStatusRuntimeException(ClientCalls.java:233)
	at org.apache.ratis.thirdparty.io.grpc.stub.ClientCalls.getUnchecked(ClientCalls.java:214)
	at org.apache.ratis.thirdparty.io.grpc.stub.ClientCalls.blockingUnaryCall(ClientCalls.java:139)
	at org.apache.ratis.proto.grpc.RaftServerProtocolServiceGrpc$RaftServerProtocolServiceBlockingStub.requestVote(RaftServerProtocolServiceGrpc.java:265)
	at org.apache.ratis.grpc.server.GrpcServerProtocolClient.requestVote(GrpcServerProtocolClient.java:99)
	at org.apache.ratis.grpc.server.GrpcService.requestVote(GrpcService.java:204)
	at org.apache.ratis.server.impl.LeaderElection.lambda$submitRequests$1(LeaderElection.java:234)
	at java.util.concurrent.FutureTask.run(FutureTask.java:266)
	at java.util.concurrent.Executors$RunnableAdapter.call(Executors.java:511)
	at java.util.concurrent.FutureTask.run(FutureTask.java:266)
	at java.util.concurrent.ThreadPoolExecutor.runWorker(ThreadPoolExecutor.java:1149)
	at java.util.concurrent.ThreadPoolExecutor$Worker.run(ThreadPoolExecutor.java:624)
	... 1 more
Caused by: org.apache.ratis.thirdparty.io.netty.channel.AbstractChannel$AnnotatedConnectException: Connection refused: /192.168.157.194:42126
	at sun.nio.ch.SocketChannelImpl.checkConnect(Native Method)
	at sun.nio.ch.SocketChannelImpl.finishConnect(SocketChannelImpl.java:717)
	at org.apache.ratis.thirdparty.io.netty.channel.socket.nio.NioSocketChannel.doFinishConnect(NioSocketChannel.java:327)
	at org.apache.ratis.thirdparty.io.netty.channel.nio.AbstractNioChannel$AbstractNioUnsafe.finishConnect(AbstractNioChannel.java:340)
	at org.apache.ratis.thirdparty.io.netty.channel.nio.NioEventLoop.processSelectedKey(NioEventLoop.java:632)
	at org.apache.ratis.thirdparty.io.netty.channel.nio.NioEventLoop.processSelectedKeysOptimized(NioEventLoop.java:579)
	at org.apache.ratis.thirdparty.io.netty.channel.nio.NioEventLoop.processSelectedKeys(NioEventLoop.java:496)
	at org.apache.ratis.thirdparty.io.netty.channel.nio.NioEventLoop.run(NioEventLoop.java:458)
	at org.apache.ratis.thirdparty.io.netty.util.concurrent.SingleThreadEventExecutor$5.run(SingleThreadEventExecutor.java:897)
	at org.apache.ratis.thirdparty.io.netty.util.concurrent.FastThreadLocalRunnable.run(FastThreadLocalRunnable.java:30)
	... 1 more
Caused by: java.net.ConnectException: Connection refused
	... 11 more
2019-11-04 16:03:05,869 [e3fb79a3-1f86-42af-a80c-c46d1acdbc29@group-7855C2F36E53-LeaderElection472] INFO  impl.RaftServerImpl (RaftServerImpl.java:setRole(184)) - e3fb79a3-1f86-42af-a80c-c46d1acdbc29@group-7855C2F36E53: changes role from CANDIDATE to FOLLOWER at term 526 for DISCOVERED_A_NEW_TERM
2019-11-04 16:03:05,870 [e3fb79a3-1f86-42af-a80c-c46d1acdbc29@group-7855C2F36E53-LeaderElection472] INFO  impl.RoleInfo (RoleInfo.java:shutdownLeaderElection(134)) - e3fb79a3-1f86-42af-a80c-c46d1acdbc29: shutdown LeaderElection
2019-11-04 16:03:05,870 [e3fb79a3-1f86-42af-a80c-c46d1acdbc29@group-7855C2F36E53-LeaderElection472] INFO  impl.RoleInfo (RoleInfo.java:updateAndGet(143)) - e3fb79a3-1f86-42af-a80c-c46d1acdbc29: start FollowerState
2019-11-04 16:03:06,030 [Thread-3402] INFO  impl.FollowerState (FollowerState.java:run(108)) - e3fb79a3-1f86-42af-a80c-c46d1acdbc29@group-7855C2F36E53-FollowerState: change to CANDIDATE, lastRpcTime:160ms, electionTimeout:160ms
2019-11-04 16:03:06,030 [Thread-3402] INFO  impl.RoleInfo (RoleInfo.java:shutdownFollowerState(121)) - e3fb79a3-1f86-42af-a80c-c46d1acdbc29: shutdown FollowerState
2019-11-04 16:03:06,031 [Thread-3402] INFO  impl.RaftServerImpl (RaftServerImpl.java:setRole(184)) - e3fb79a3-1f86-42af-a80c-c46d1acdbc29@group-7855C2F36E53: changes role from  FOLLOWER to CANDIDATE at term 526 for changeToCandidate
2019-11-04 16:03:06,031 [Thread-3402] INFO  impl.RoleInfo (RoleInfo.java:updateAndGet(143)) - e3fb79a3-1f86-42af-a80c-c46d1acdbc29: start LeaderElection
2019-11-04 16:03:06,057 [e3fb79a3-1f86-42af-a80c-c46d1acdbc29@group-7855C2F36E53-LeaderElection473] INFO  impl.LeaderElection (LeaderElection.java:askForVotes(178)) - e3fb79a3-1f86-42af-a80c-c46d1acdbc29@group-7855C2F36E53-LeaderElection473: begin an election at term 527 for -1: [e3fb79a3-1f86-42af-a80c-c46d1acdbc29:192.168.157.194:44142, 81ff859e-e76f-43f5-951a-4a38422068cb:192.168.157.194:46532, a9143d84-6d7f-497d-b770-eb75585db3c7:192.168.157.194:42126], old=null
2019-11-04 16:03:06,058 [e3fb79a3-1f86-42af-a80c-c46d1acdbc29@group-7855C2F36E53-LeaderElection473] INFO  impl.LeaderElection (LogUtils.java:infoOrTrace(149)) - e3fb79a3-1f86-42af-a80c-c46d1acdbc29@group-7855C2F36E53-LeaderElection473 got exception when requesting votes: {}
java.util.concurrent.ExecutionException: org.apache.ratis.thirdparty.io.grpc.StatusRuntimeException: UNAVAILABLE: io exception
	at java.util.concurrent.FutureTask.report(FutureTask.java:122)
	at java.util.concurrent.FutureTask.get(FutureTask.java:192)
	at org.apache.ratis.server.impl.LeaderElection.waitForResults(LeaderElection.java:259)
	at org.apache.ratis.server.impl.LeaderElection.askForVotes(LeaderElection.java:197)
	at org.apache.ratis.server.impl.LeaderElection.run(LeaderElection.java:133)
	at java.lang.Thread.run(Thread.java:748)
Caused by: org.apache.ratis.thirdparty.io.grpc.StatusRuntimeException: UNAVAILABLE: io exception
	at org.apache.ratis.thirdparty.io.grpc.stub.ClientCalls.toStatusRuntimeException(ClientCalls.java:233)
	at org.apache.ratis.thirdparty.io.grpc.stub.ClientCalls.getUnchecked(ClientCalls.java:214)
	at org.apache.ratis.thirdparty.io.grpc.stub.ClientCalls.blockingUnaryCall(ClientCalls.java:139)
	at org.apache.ratis.proto.grpc.RaftServerProtocolServiceGrpc$RaftServerProtocolServiceBlockingStub.requestVote(RaftServerProtocolServiceGrpc.java:265)
	at org.apache.ratis.grpc.server.GrpcServerProtocolClient.requestVote(GrpcServerProtocolClient.java:99)
	at org.apache.ratis.grpc.server.GrpcService.requestVote(GrpcService.java:204)
	at org.apache.ratis.server.impl.LeaderElection.lambda$submitRequests$1(LeaderElection.java:234)
	at java.util.concurrent.FutureTask.run(FutureTask.java:266)
	at java.util.concurrent.Executors$RunnableAdapter.call(Executors.java:511)
	at java.util.concurrent.FutureTask.run(FutureTask.java:266)
	at java.util.concurrent.ThreadPoolExecutor.runWorker(ThreadPoolExecutor.java:1149)
	at java.util.concurrent.ThreadPoolExecutor$Worker.run(ThreadPoolExecutor.java:624)
	... 1 more
Caused by: org.apache.ratis.thirdparty.io.netty.channel.AbstractChannel$AnnotatedConnectException: Connection refused: /192.168.157.194:46532
	at sun.nio.ch.SocketChannelImpl.checkConnect(Native Method)
	at sun.nio.ch.SocketChannelImpl.finishConnect(SocketChannelImpl.java:717)
	at org.apache.ratis.thirdparty.io.netty.channel.socket.nio.NioSocketChannel.doFinishConnect(NioSocketChannel.java:327)
	at org.apache.ratis.thirdparty.io.netty.channel.nio.AbstractNioChannel$AbstractNioUnsafe.finishConnect(AbstractNioChannel.java:340)
	at org.apache.ratis.thirdparty.io.netty.channel.nio.NioEventLoop.processSelectedKey(NioEventLoop.java:632)
	at org.apache.ratis.thirdparty.io.netty.channel.nio.NioEventLoop.processSelectedKeysOptimized(NioEventLoop.java:579)
	at org.apache.ratis.thirdparty.io.netty.channel.nio.NioEventLoop.processSelectedKeys(NioEventLoop.java:496)
	at org.apache.ratis.thirdparty.io.netty.channel.nio.NioEventLoop.run(NioEventLoop.java:458)
	at org.apache.ratis.thirdparty.io.netty.util.concurrent.SingleThreadEventExecutor$5.run(SingleThreadEventExecutor.java:897)
	at org.apache.ratis.thirdparty.io.netty.util.concurrent.FastThreadLocalRunnable.run(FastThreadLocalRunnable.java:30)
	... 1 more
Caused by: java.net.ConnectException: Connection refused
	... 11 more
2019-11-04 16:03:06,060 [e3fb79a3-1f86-42af-a80c-c46d1acdbc29@group-7855C2F36E53-LeaderElection473] INFO  impl.LeaderElection (LogUtils.java:infoOrTrace(149)) - e3fb79a3-1f86-42af-a80c-c46d1acdbc29@group-7855C2F36E53-LeaderElection473 got exception when requesting votes: {}
java.util.concurrent.ExecutionException: org.apache.ratis.thirdparty.io.grpc.StatusRuntimeException: UNAVAILABLE: io exception
	at java.util.concurrent.FutureTask.report(FutureTask.java:122)
	at java.util.concurrent.FutureTask.get(FutureTask.java:192)
	at org.apache.ratis.server.impl.LeaderElection.waitForResults(LeaderElection.java:259)
	at org.apache.ratis.server.impl.LeaderElection.askForVotes(LeaderElection.java:197)
	at org.apache.ratis.server.impl.LeaderElection.run(LeaderElection.java:133)
	at java.lang.Thread.run(Thread.java:748)
Caused by: org.apache.ratis.thirdparty.io.grpc.StatusRuntimeException: UNAVAILABLE: io exception
	at org.apache.ratis.thirdparty.io.grpc.stub.ClientCalls.toStatusRuntimeException(ClientCalls.java:233)
	at org.apache.ratis.thirdparty.io.grpc.stub.ClientCalls.getUnchecked(ClientCalls.java:214)
	at org.apache.ratis.thirdparty.io.grpc.stub.ClientCalls.blockingUnaryCall(ClientCalls.java:139)
	at org.apache.ratis.proto.grpc.RaftServerProtocolServiceGrpc$RaftServerProtocolServiceBlockingStub.requestVote(RaftServerProtocolServiceGrpc.java:265)
	at org.apache.ratis.grpc.server.GrpcServerProtocolClient.requestVote(GrpcServerProtocolClient.java:99)
	at org.apache.ratis.grpc.server.GrpcService.requestVote(GrpcService.java:204)
	at org.apache.ratis.server.impl.LeaderElection.lambda$submitRequests$1(LeaderElection.java:234)
	at java.util.concurrent.FutureTask.run(FutureTask.java:266)
	at java.util.concurrent.Executors$RunnableAdapter.call(Executors.java:511)
	at java.util.concurrent.FutureTask.run(FutureTask.java:266)
	at java.util.concurrent.ThreadPoolExecutor.runWorker(ThreadPoolExecutor.java:1149)
	at java.util.concurrent.ThreadPoolExecutor$Worker.run(ThreadPoolExecutor.java:624)
	... 1 more
Caused by: org.apache.ratis.thirdparty.io.netty.channel.AbstractChannel$AnnotatedConnectException: Connection refused: /192.168.157.194:42126
	at sun.nio.ch.SocketChannelImpl.checkConnect(Native Method)
	at sun.nio.ch.SocketChannelImpl.finishConnect(SocketChannelImpl.java:717)
	at org.apache.ratis.thirdparty.io.netty.channel.socket.nio.NioSocketChannel.doFinishConnect(NioSocketChannel.java:327)
	at org.apache.ratis.thirdparty.io.netty.channel.nio.AbstractNioChannel$AbstractNioUnsafe.finishConnect(AbstractNioChannel.java:340)
	at org.apache.ratis.thirdparty.io.netty.channel.nio.NioEventLoop.processSelectedKey(NioEventLoop.java:632)
	at org.apache.ratis.thirdparty.io.netty.channel.nio.NioEventLoop.processSelectedKeysOptimized(NioEventLoop.java:579)
	at org.apache.ratis.thirdparty.io.netty.channel.nio.NioEventLoop.processSelectedKeys(NioEventLoop.java:496)
	at org.apache.ratis.thirdparty.io.netty.channel.nio.NioEventLoop.run(NioEventLoop.java:458)
	at org.apache.ratis.thirdparty.io.netty.util.concurrent.SingleThreadEventExecutor$5.run(SingleThreadEventExecutor.java:897)
	at org.apache.ratis.thirdparty.io.netty.util.concurrent.FastThreadLocalRunnable.run(FastThreadLocalRunnable.java:30)
	... 1 more
Caused by: java.net.ConnectException: Connection refused
	... 11 more
2019-11-04 16:03:06,061 [e3fb79a3-1f86-42af-a80c-c46d1acdbc29@group-7855C2F36E53-LeaderElection473] INFO  impl.LeaderElection (LeaderElection.java:logAndReturn(56)) - e3fb79a3-1f86-42af-a80c-c46d1acdbc29@group-7855C2F36E53-LeaderElection473: Election REJECTED; received 0 response(s) [] and 2 exception(s); e3fb79a3-1f86-42af-a80c-c46d1acdbc29@group-7855C2F36E53:t527, leader=null, voted=e3fb79a3-1f86-42af-a80c-c46d1acdbc29, raftlog=e3fb79a3-1f86-42af-a80c-c46d1acdbc29@group-7855C2F36E53-SegmentedRaftLog:OPENED:c-1,f-1,i0, conf=-1: [e3fb79a3-1f86-42af-a80c-c46d1acdbc29:192.168.157.194:44142, 81ff859e-e76f-43f5-951a-4a38422068cb:192.168.157.194:46532, a9143d84-6d7f-497d-b770-eb75585db3c7:192.168.157.194:42126], old=null
2019-11-04 16:03:06,062 [e3fb79a3-1f86-42af-a80c-c46d1acdbc29@group-7855C2F36E53-LeaderElection473] INFO  impl.LeaderElection (LogUtils.java:infoOrTrace(149)) -   Exception 0: {}
java.util.concurrent.ExecutionException: org.apache.ratis.thirdparty.io.grpc.StatusRuntimeException: UNAVAILABLE: io exception
	at java.util.concurrent.FutureTask.report(FutureTask.java:122)
	at java.util.concurrent.FutureTask.get(FutureTask.java:192)
	at org.apache.ratis.server.impl.LeaderElection.waitForResults(LeaderElection.java:259)
	at org.apache.ratis.server.impl.LeaderElection.askForVotes(LeaderElection.java:197)
	at org.apache.ratis.server.impl.LeaderElection.run(LeaderElection.java:133)
	at java.lang.Thread.run(Thread.java:748)
Caused by: org.apache.ratis.thirdparty.io.grpc.StatusRuntimeException: UNAVAILABLE: io exception
	at org.apache.ratis.thirdparty.io.grpc.stub.ClientCalls.toStatusRuntimeException(ClientCalls.java:233)
	at org.apache.ratis.thirdparty.io.grpc.stub.ClientCalls.getUnchecked(ClientCalls.java:214)
	at org.apache.ratis.thirdparty.io.grpc.stub.ClientCalls.blockingUnaryCall(ClientCalls.java:139)
	at org.apache.ratis.proto.grpc.RaftServerProtocolServiceGrpc$RaftServerProtocolServiceBlockingStub.requestVote(RaftServerProtocolServiceGrpc.java:265)
	at org.apache.ratis.grpc.server.GrpcServerProtocolClient.requestVote(GrpcServerProtocolClient.java:99)
	at org.apache.ratis.grpc.server.GrpcService.requestVote(GrpcService.java:204)
	at org.apache.ratis.server.impl.LeaderElection.lambda$submitRequests$1(LeaderElection.java:234)
	at java.util.concurrent.FutureTask.run(FutureTask.java:266)
	at java.util.concurrent.Executors$RunnableAdapter.call(Executors.java:511)
	at java.util.concurrent.FutureTask.run(FutureTask.java:266)
	at java.util.concurrent.ThreadPoolExecutor.runWorker(ThreadPoolExecutor.java:1149)
	at java.util.concurrent.ThreadPoolExecutor$Worker.run(ThreadPoolExecutor.java:624)
	... 1 more
Caused by: org.apache.ratis.thirdparty.io.netty.channel.AbstractChannel$AnnotatedConnectException: Connection refused: /192.168.157.194:46532
	at sun.nio.ch.SocketChannelImpl.checkConnect(Native Method)
	at sun.nio.ch.SocketChannelImpl.finishConnect(SocketChannelImpl.java:717)
	at org.apache.ratis.thirdparty.io.netty.channel.socket.nio.NioSocketChannel.doFinishConnect(NioSocketChannel.java:327)
	at org.apache.ratis.thirdparty.io.netty.channel.nio.AbstractNioChannel$AbstractNioUnsafe.finishConnect(AbstractNioChannel.java:340)
	at org.apache.ratis.thirdparty.io.netty.channel.nio.NioEventLoop.processSelectedKey(NioEventLoop.java:632)
	at org.apache.ratis.thirdparty.io.netty.channel.nio.NioEventLoop.processSelectedKeysOptimized(NioEventLoop.java:579)
	at org.apache.ratis.thirdparty.io.netty.channel.nio.NioEventLoop.processSelectedKeys(NioEventLoop.java:496)
	at org.apache.ratis.thirdparty.io.netty.channel.nio.NioEventLoop.run(NioEventLoop.java:458)
	at org.apache.ratis.thirdparty.io.netty.util.concurrent.SingleThreadEventExecutor$5.run(SingleThreadEventExecutor.java:897)
	at org.apache.ratis.thirdparty.io.netty.util.concurrent.FastThreadLocalRunnable.run(FastThreadLocalRunnable.java:30)
	... 1 more
Caused by: java.net.ConnectException: Connection refused
	... 11 more
2019-11-04 16:03:06,062 [e3fb79a3-1f86-42af-a80c-c46d1acdbc29@group-7855C2F36E53-LeaderElection473] INFO  impl.LeaderElection (LogUtils.java:infoOrTrace(149)) -   Exception 1: {}
java.util.concurrent.ExecutionException: org.apache.ratis.thirdparty.io.grpc.StatusRuntimeException: UNAVAILABLE: io exception
	at java.util.concurrent.FutureTask.report(FutureTask.java:122)
	at java.util.concurrent.FutureTask.get(FutureTask.java:192)
	at org.apache.ratis.server.impl.LeaderElection.waitForResults(LeaderElection.java:259)
	at org.apache.ratis.server.impl.LeaderElection.askForVotes(LeaderElection.java:197)
	at org.apache.ratis.server.impl.LeaderElection.run(LeaderElection.java:133)
	at java.lang.Thread.run(Thread.java:748)
Caused by: org.apache.ratis.thirdparty.io.grpc.StatusRuntimeException: UNAVAILABLE: io exception
	at org.apache.ratis.thirdparty.io.grpc.stub.ClientCalls.toStatusRuntimeException(ClientCalls.java:233)
	at org.apache.ratis.thirdparty.io.grpc.stub.ClientCalls.getUnchecked(ClientCalls.java:214)
	at org.apache.ratis.thirdparty.io.grpc.stub.ClientCalls.blockingUnaryCall(ClientCalls.java:139)
	at org.apache.ratis.proto.grpc.RaftServerProtocolServiceGrpc$RaftServerProtocolServiceBlockingStub.requestVote(RaftServerProtocolServiceGrpc.java:265)
	at org.apache.ratis.grpc.server.GrpcServerProtocolClient.requestVote(GrpcServerProtocolClient.java:99)
	at org.apache.ratis.grpc.server.GrpcService.requestVote(GrpcService.java:204)
	at org.apache.ratis.server.impl.LeaderElection.lambda$submitRequests$1(LeaderElection.java:234)
	at java.util.concurrent.FutureTask.run(FutureTask.java:266)
	at java.util.concurrent.Executors$RunnableAdapter.call(Executors.java:511)
	at java.util.concurrent.FutureTask.run(FutureTask.java:266)
	at java.util.concurrent.ThreadPoolExecutor.runWorker(ThreadPoolExecutor.java:1149)
	at java.util.concurrent.ThreadPoolExecutor$Worker.run(ThreadPoolExecutor.java:624)
	... 1 more
Caused by: org.apache.ratis.thirdparty.io.netty.channel.AbstractChannel$AnnotatedConnectException: Connection refused: /192.168.157.194:42126
	at sun.nio.ch.SocketChannelImpl.checkConnect(Native Method)
	at sun.nio.ch.SocketChannelImpl.finishConnect(SocketChannelImpl.java:717)
	at org.apache.ratis.thirdparty.io.netty.channel.socket.nio.NioSocketChannel.doFinishConnect(NioSocketChannel.java:327)
	at org.apache.ratis.thirdparty.io.netty.channel.nio.AbstractNioChannel$AbstractNioUnsafe.finishConnect(AbstractNioChannel.java:340)
	at org.apache.ratis.thirdparty.io.netty.channel.nio.NioEventLoop.processSelectedKey(NioEventLoop.java:632)
	at org.apache.ratis.thirdparty.io.netty.channel.nio.NioEventLoop.processSelectedKeysOptimized(NioEventLoop.java:579)
	at org.apache.ratis.thirdparty.io.netty.channel.nio.NioEventLoop.processSelectedKeys(NioEventLoop.java:496)
	at org.apache.ratis.thirdparty.io.netty.channel.nio.NioEventLoop.run(NioEventLoop.java:458)
	at org.apache.ratis.thirdparty.io.netty.util.concurrent.SingleThreadEventExecutor$5.run(SingleThreadEventExecutor.java:897)
	at org.apache.ratis.thirdparty.io.netty.util.concurrent.FastThreadLocalRunnable.run(FastThreadLocalRunnable.java:30)
	... 1 more
Caused by: java.net.ConnectException: Connection refused
	... 11 more
2019-11-04 16:03:06,063 [e3fb79a3-1f86-42af-a80c-c46d1acdbc29@group-7855C2F36E53-LeaderElection473] INFO  impl.RaftServerImpl (RaftServerImpl.java:setRole(184)) - e3fb79a3-1f86-42af-a80c-c46d1acdbc29@group-7855C2F36E53: changes role from CANDIDATE to FOLLOWER at term 527 for DISCOVERED_A_NEW_TERM
2019-11-04 16:03:06,063 [e3fb79a3-1f86-42af-a80c-c46d1acdbc29@group-7855C2F36E53-LeaderElection473] INFO  impl.RoleInfo (RoleInfo.java:shutdownLeaderElection(134)) - e3fb79a3-1f86-42af-a80c-c46d1acdbc29: shutdown LeaderElection
2019-11-04 16:03:06,063 [e3fb79a3-1f86-42af-a80c-c46d1acdbc29@group-7855C2F36E53-LeaderElection473] INFO  impl.RoleInfo (RoleInfo.java:updateAndGet(143)) - e3fb79a3-1f86-42af-a80c-c46d1acdbc29: start FollowerState
2019-11-04 16:03:06,211 [Thread-3406] INFO  impl.FollowerState (FollowerState.java:run(108)) - e3fb79a3-1f86-42af-a80c-c46d1acdbc29@group-7855C2F36E53-FollowerState: change to CANDIDATE, lastRpcTime:147ms, electionTimeout:147ms
2019-11-04 16:03:06,211 [Thread-3406] INFO  impl.RoleInfo (RoleInfo.java:shutdownFollowerState(121)) - e3fb79a3-1f86-42af-a80c-c46d1acdbc29: shutdown FollowerState
2019-11-04 16:03:06,211 [Thread-3406] INFO  impl.RaftServerImpl (RaftServerImpl.java:setRole(184)) - e3fb79a3-1f86-42af-a80c-c46d1acdbc29@group-7855C2F36E53: changes role from  FOLLOWER to CANDIDATE at term 527 for changeToCandidate
2019-11-04 16:03:06,211 [Thread-3406] INFO  impl.RoleInfo (RoleInfo.java:updateAndGet(143)) - e3fb79a3-1f86-42af-a80c-c46d1acdbc29: start LeaderElection
2019-11-04 16:03:06,235 [e3fb79a3-1f86-42af-a80c-c46d1acdbc29@group-7855C2F36E53-LeaderElection474] INFO  impl.LeaderElection (LeaderElection.java:askForVotes(178)) - e3fb79a3-1f86-42af-a80c-c46d1acdbc29@group-7855C2F36E53-LeaderElection474: begin an election at term 528 for -1: [e3fb79a3-1f86-42af-a80c-c46d1acdbc29:192.168.157.194:44142, 81ff859e-e76f-43f5-951a-4a38422068cb:192.168.157.194:46532, a9143d84-6d7f-497d-b770-eb75585db3c7:192.168.157.194:42126], old=null
2019-11-04 16:03:06,236 [e3fb79a3-1f86-42af-a80c-c46d1acdbc29@group-7855C2F36E53-LeaderElection474] INFO  impl.LeaderElection (LogUtils.java:infoOrTrace(149)) - e3fb79a3-1f86-42af-a80c-c46d1acdbc29@group-7855C2F36E53-LeaderElection474 got exception when requesting votes: {}
java.util.concurrent.ExecutionException: org.apache.ratis.thirdparty.io.grpc.StatusRuntimeException: UNAVAILABLE: io exception
	at java.util.concurrent.FutureTask.report(FutureTask.java:122)
	at java.util.concurrent.FutureTask.get(FutureTask.java:192)
	at org.apache.ratis.server.impl.LeaderElection.waitForResults(LeaderElection.java:259)
	at org.apache.ratis.server.impl.LeaderElection.askForVotes(LeaderElection.java:197)
	at org.apache.ratis.server.impl.LeaderElection.run(LeaderElection.java:133)
	at java.lang.Thread.run(Thread.java:748)
Caused by: org.apache.ratis.thirdparty.io.grpc.StatusRuntimeException: UNAVAILABLE: io exception
	at org.apache.ratis.thirdparty.io.grpc.stub.ClientCalls.toStatusRuntimeException(ClientCalls.java:233)
	at org.apache.ratis.thirdparty.io.grpc.stub.ClientCalls.getUnchecked(ClientCalls.java:214)
	at org.apache.ratis.thirdparty.io.grpc.stub.ClientCalls.blockingUnaryCall(ClientCalls.java:139)
	at org.apache.ratis.proto.grpc.RaftServerProtocolServiceGrpc$RaftServerProtocolServiceBlockingStub.requestVote(RaftServerProtocolServiceGrpc.java:265)
	at org.apache.ratis.grpc.server.GrpcServerProtocolClient.requestVote(GrpcServerProtocolClient.java:99)
	at org.apache.ratis.grpc.server.GrpcService.requestVote(GrpcService.java:204)
	at org.apache.ratis.server.impl.LeaderElection.lambda$submitRequests$1(LeaderElection.java:234)
	at java.util.concurrent.FutureTask.run(FutureTask.java:266)
	at java.util.concurrent.Executors$RunnableAdapter.call(Executors.java:511)
	at java.util.concurrent.FutureTask.run(FutureTask.java:266)
	at java.util.concurrent.ThreadPoolExecutor.runWorker(ThreadPoolExecutor.java:1149)
	at java.util.concurrent.ThreadPoolExecutor$Worker.run(ThreadPoolExecutor.java:624)
	... 1 more
Caused by: org.apache.ratis.thirdparty.io.netty.channel.AbstractChannel$AnnotatedConnectException: Connection refused: /192.168.157.194:46532
	at sun.nio.ch.SocketChannelImpl.checkConnect(Native Method)
	at sun.nio.ch.SocketChannelImpl.finishConnect(SocketChannelImpl.java:717)
	at org.apache.ratis.thirdparty.io.netty.channel.socket.nio.NioSocketChannel.doFinishConnect(NioSocketChannel.java:327)
	at org.apache.ratis.thirdparty.io.netty.channel.nio.AbstractNioChannel$AbstractNioUnsafe.finishConnect(AbstractNioChannel.java:340)
	at org.apache.ratis.thirdparty.io.netty.channel.nio.NioEventLoop.processSelectedKey(NioEventLoop.java:632)
	at org.apache.ratis.thirdparty.io.netty.channel.nio.NioEventLoop.processSelectedKeysOptimized(NioEventLoop.java:579)
	at org.apache.ratis.thirdparty.io.netty.channel.nio.NioEventLoop.processSelectedKeys(NioEventLoop.java:496)
	at org.apache.ratis.thirdparty.io.netty.channel.nio.NioEventLoop.run(NioEventLoop.java:458)
	at org.apache.ratis.thirdparty.io.netty.util.concurrent.SingleThreadEventExecutor$5.run(SingleThreadEventExecutor.java:897)
	at org.apache.ratis.thirdparty.io.netty.util.concurrent.FastThreadLocalRunnable.run(FastThreadLocalRunnable.java:30)
	... 1 more
Caused by: java.net.ConnectException: Connection refused
	... 11 more
2019-11-04 16:03:06,238 [e3fb79a3-1f86-42af-a80c-c46d1acdbc29@group-7855C2F36E53-LeaderElection474] INFO  impl.LeaderElection (LogUtils.java:infoOrTrace(149)) - e3fb79a3-1f86-42af-a80c-c46d1acdbc29@group-7855C2F36E53-LeaderElection474 got exception when requesting votes: {}
java.util.concurrent.ExecutionException: org.apache.ratis.thirdparty.io.grpc.StatusRuntimeException: UNAVAILABLE: io exception
	at java.util.concurrent.FutureTask.report(FutureTask.java:122)
	at java.util.concurrent.FutureTask.get(FutureTask.java:192)
	at org.apache.ratis.server.impl.LeaderElection.waitForResults(LeaderElection.java:259)
	at org.apache.ratis.server.impl.LeaderElection.askForVotes(LeaderElection.java:197)
	at org.apache.ratis.server.impl.LeaderElection.run(LeaderElection.java:133)
	at java.lang.Thread.run(Thread.java:748)
Caused by: org.apache.ratis.thirdparty.io.grpc.StatusRuntimeException: UNAVAILABLE: io exception
	at org.apache.ratis.thirdparty.io.grpc.stub.ClientCalls.toStatusRuntimeException(ClientCalls.java:233)
	at org.apache.ratis.thirdparty.io.grpc.stub.ClientCalls.getUnchecked(ClientCalls.java:214)
	at org.apache.ratis.thirdparty.io.grpc.stub.ClientCalls.blockingUnaryCall(ClientCalls.java:139)
	at org.apache.ratis.proto.grpc.RaftServerProtocolServiceGrpc$RaftServerProtocolServiceBlockingStub.requestVote(RaftServerProtocolServiceGrpc.java:265)
	at org.apache.ratis.grpc.server.GrpcServerProtocolClient.requestVote(GrpcServerProtocolClient.java:99)
	at org.apache.ratis.grpc.server.GrpcService.requestVote(GrpcService.java:204)
	at org.apache.ratis.server.impl.LeaderElection.lambda$submitRequests$1(LeaderElection.java:234)
	at java.util.concurrent.FutureTask.run(FutureTask.java:266)
	at java.util.concurrent.Executors$RunnableAdapter.call(Executors.java:511)
	at java.util.concurrent.FutureTask.run(FutureTask.java:266)
	at java.util.concurrent.ThreadPoolExecutor.runWorker(ThreadPoolExecutor.java:1149)
	at java.util.concurrent.ThreadPoolExecutor$Worker.run(ThreadPoolExecutor.java:624)
	... 1 more
Caused by: org.apache.ratis.thirdparty.io.netty.channel.AbstractChannel$AnnotatedConnectException: Connection refused: /192.168.157.194:42126
	at sun.nio.ch.SocketChannelImpl.checkConnect(Native Method)
	at sun.nio.ch.SocketChannelImpl.finishConnect(SocketChannelImpl.java:717)
	at org.apache.ratis.thirdparty.io.netty.channel.socket.nio.NioSocketChannel.doFinishConnect(NioSocketChannel.java:327)
	at org.apache.ratis.thirdparty.io.netty.channel.nio.AbstractNioChannel$AbstractNioUnsafe.finishConnect(AbstractNioChannel.java:340)
	at org.apache.ratis.thirdparty.io.netty.channel.nio.NioEventLoop.processSelectedKey(NioEventLoop.java:632)
	at org.apache.ratis.thirdparty.io.netty.channel.nio.NioEventLoop.processSelectedKeysOptimized(NioEventLoop.java:579)
	at org.apache.ratis.thirdparty.io.netty.channel.nio.NioEventLoop.processSelectedKeys(NioEventLoop.java:496)
	at org.apache.ratis.thirdparty.io.netty.channel.nio.NioEventLoop.run(NioEventLoop.java:458)
	at org.apache.ratis.thirdparty.io.netty.util.concurrent.SingleThreadEventExecutor$5.run(SingleThreadEventExecutor.java:897)
	at org.apache.ratis.thirdparty.io.netty.util.concurrent.FastThreadLocalRunnable.run(FastThreadLocalRunnable.java:30)
	... 1 more
Caused by: java.net.ConnectException: Connection refused
	... 11 more
2019-11-04 16:03:06,239 [e3fb79a3-1f86-42af-a80c-c46d1acdbc29@group-7855C2F36E53-LeaderElection474] INFO  impl.LeaderElection (LeaderElection.java:logAndReturn(56)) - e3fb79a3-1f86-42af-a80c-c46d1acdbc29@group-7855C2F36E53-LeaderElection474: Election REJECTED; received 0 response(s) [] and 2 exception(s); e3fb79a3-1f86-42af-a80c-c46d1acdbc29@group-7855C2F36E53:t528, leader=null, voted=e3fb79a3-1f86-42af-a80c-c46d1acdbc29, raftlog=e3fb79a3-1f86-42af-a80c-c46d1acdbc29@group-7855C2F36E53-SegmentedRaftLog:OPENED:c-1,f-1,i0, conf=-1: [e3fb79a3-1f86-42af-a80c-c46d1acdbc29:192.168.157.194:44142, 81ff859e-e76f-43f5-951a-4a38422068cb:192.168.157.194:46532, a9143d84-6d7f-497d-b770-eb75585db3c7:192.168.157.194:42126], old=null
2019-11-04 16:03:06,239 [e3fb79a3-1f86-42af-a80c-c46d1acdbc29@group-7855C2F36E53-LeaderElection474] INFO  impl.LeaderElection (LogUtils.java:infoOrTrace(149)) -   Exception 0: {}
java.util.concurrent.ExecutionException: org.apache.ratis.thirdparty.io.grpc.StatusRuntimeException: UNAVAILABLE: io exception
	at java.util.concurrent.FutureTask.report(FutureTask.java:122)
	at java.util.concurrent.FutureTask.get(FutureTask.java:192)
	at org.apache.ratis.server.impl.LeaderElection.waitForResults(LeaderElection.java:259)
	at org.apache.ratis.server.impl.LeaderElection.askForVotes(LeaderElection.java:197)
	at org.apache.ratis.server.impl.LeaderElection.run(LeaderElection.java:133)
	at java.lang.Thread.run(Thread.java:748)
Caused by: org.apache.ratis.thirdparty.io.grpc.StatusRuntimeException: UNAVAILABLE: io exception
	at org.apache.ratis.thirdparty.io.grpc.stub.ClientCalls.toStatusRuntimeException(ClientCalls.java:233)
	at org.apache.ratis.thirdparty.io.grpc.stub.ClientCalls.getUnchecked(ClientCalls.java:214)
	at org.apache.ratis.thirdparty.io.grpc.stub.ClientCalls.blockingUnaryCall(ClientCalls.java:139)
	at org.apache.ratis.proto.grpc.RaftServerProtocolServiceGrpc$RaftServerProtocolServiceBlockingStub.requestVote(RaftServerProtocolServiceGrpc.java:265)
	at org.apache.ratis.grpc.server.GrpcServerProtocolClient.requestVote(GrpcServerProtocolClient.java:99)
	at org.apache.ratis.grpc.server.GrpcService.requestVote(GrpcService.java:204)
	at org.apache.ratis.server.impl.LeaderElection.lambda$submitRequests$1(LeaderElection.java:234)
	at java.util.concurrent.FutureTask.run(FutureTask.java:266)
	at java.util.concurrent.Executors$RunnableAdapter.call(Executors.java:511)
	at java.util.concurrent.FutureTask.run(FutureTask.java:266)
	at java.util.concurrent.ThreadPoolExecutor.runWorker(ThreadPoolExecutor.java:1149)
	at java.util.concurrent.ThreadPoolExecutor$Worker.run(ThreadPoolExecutor.java:624)
	... 1 more
Caused by: org.apache.ratis.thirdparty.io.netty.channel.AbstractChannel$AnnotatedConnectException: Connection refused: /192.168.157.194:46532
	at sun.nio.ch.SocketChannelImpl.checkConnect(Native Method)
	at sun.nio.ch.SocketChannelImpl.finishConnect(SocketChannelImpl.java:717)
	at org.apache.ratis.thirdparty.io.netty.channel.socket.nio.NioSocketChannel.doFinishConnect(NioSocketChannel.java:327)
	at org.apache.ratis.thirdparty.io.netty.channel.nio.AbstractNioChannel$AbstractNioUnsafe.finishConnect(AbstractNioChannel.java:340)
	at org.apache.ratis.thirdparty.io.netty.channel.nio.NioEventLoop.processSelectedKey(NioEventLoop.java:632)
	at org.apache.ratis.thirdparty.io.netty.channel.nio.NioEventLoop.processSelectedKeysOptimized(NioEventLoop.java:579)
	at org.apache.ratis.thirdparty.io.netty.channel.nio.NioEventLoop.processSelectedKeys(NioEventLoop.java:496)
	at org.apache.ratis.thirdparty.io.netty.channel.nio.NioEventLoop.run(NioEventLoop.java:458)
	at org.apache.ratis.thirdparty.io.netty.util.concurrent.SingleThreadEventExecutor$5.run(SingleThreadEventExecutor.java:897)
	at org.apache.ratis.thirdparty.io.netty.util.concurrent.FastThreadLocalRunnable.run(FastThreadLocalRunnable.java:30)
	... 1 more
Caused by: java.net.ConnectException: Connection refused
	... 11 more
2019-11-04 16:03:06,240 [e3fb79a3-1f86-42af-a80c-c46d1acdbc29@group-7855C2F36E53-LeaderElection474] INFO  impl.LeaderElection (LogUtils.java:infoOrTrace(149)) -   Exception 1: {}
java.util.concurrent.ExecutionException: org.apache.ratis.thirdparty.io.grpc.StatusRuntimeException: UNAVAILABLE: io exception
	at java.util.concurrent.FutureTask.report(FutureTask.java:122)
	at java.util.concurrent.FutureTask.get(FutureTask.java:192)
	at org.apache.ratis.server.impl.LeaderElection.waitForResults(LeaderElection.java:259)
	at org.apache.ratis.server.impl.LeaderElection.askForVotes(LeaderElection.java:197)
	at org.apache.ratis.server.impl.LeaderElection.run(LeaderElection.java:133)
	at java.lang.Thread.run(Thread.java:748)
Caused by: org.apache.ratis.thirdparty.io.grpc.StatusRuntimeException: UNAVAILABLE: io exception
	at org.apache.ratis.thirdparty.io.grpc.stub.ClientCalls.toStatusRuntimeException(ClientCalls.java:233)
	at org.apache.ratis.thirdparty.io.grpc.stub.ClientCalls.getUnchecked(ClientCalls.java:214)
	at org.apache.ratis.thirdparty.io.grpc.stub.ClientCalls.blockingUnaryCall(ClientCalls.java:139)
	at org.apache.ratis.proto.grpc.RaftServerProtocolServiceGrpc$RaftServerProtocolServiceBlockingStub.requestVote(RaftServerProtocolServiceGrpc.java:265)
	at org.apache.ratis.grpc.server.GrpcServerProtocolClient.requestVote(GrpcServerProtocolClient.java:99)
	at org.apache.ratis.grpc.server.GrpcService.requestVote(GrpcService.java:204)
	at org.apache.ratis.server.impl.LeaderElection.lambda$submitRequests$1(LeaderElection.java:234)
	at java.util.concurrent.FutureTask.run(FutureTask.java:266)
	at java.util.concurrent.Executors$RunnableAdapter.call(Executors.java:511)
	at java.util.concurrent.FutureTask.run(FutureTask.java:266)
	at java.util.concurrent.ThreadPoolExecutor.runWorker(ThreadPoolExecutor.java:1149)
	at java.util.concurrent.ThreadPoolExecutor$Worker.run(ThreadPoolExecutor.java:624)
	... 1 more
Caused by: org.apache.ratis.thirdparty.io.netty.channel.AbstractChannel$AnnotatedConnectException: Connection refused: /192.168.157.194:42126
	at sun.nio.ch.SocketChannelImpl.checkConnect(Native Method)
	at sun.nio.ch.SocketChannelImpl.finishConnect(SocketChannelImpl.java:717)
	at org.apache.ratis.thirdparty.io.netty.channel.socket.nio.NioSocketChannel.doFinishConnect(NioSocketChannel.java:327)
	at org.apache.ratis.thirdparty.io.netty.channel.nio.AbstractNioChannel$AbstractNioUnsafe.finishConnect(AbstractNioChannel.java:340)
	at org.apache.ratis.thirdparty.io.netty.channel.nio.NioEventLoop.processSelectedKey(NioEventLoop.java:632)
	at org.apache.ratis.thirdparty.io.netty.channel.nio.NioEventLoop.processSelectedKeysOptimized(NioEventLoop.java:579)
	at org.apache.ratis.thirdparty.io.netty.channel.nio.NioEventLoop.processSelectedKeys(NioEventLoop.java:496)
	at org.apache.ratis.thirdparty.io.netty.channel.nio.NioEventLoop.run(NioEventLoop.java:458)
	at org.apache.ratis.thirdparty.io.netty.util.concurrent.SingleThreadEventExecutor$5.run(SingleThreadEventExecutor.java:897)
	at org.apache.ratis.thirdparty.io.netty.util.concurrent.FastThreadLocalRunnable.run(FastThreadLocalRunnable.java:30)
	... 1 more
Caused by: java.net.ConnectException: Connection refused
	... 11 more
2019-11-04 16:03:06,241 [e3fb79a3-1f86-42af-a80c-c46d1acdbc29@group-7855C2F36E53-LeaderElection474] INFO  impl.RaftServerImpl (RaftServerImpl.java:setRole(184)) - e3fb79a3-1f86-42af-a80c-c46d1acdbc29@group-7855C2F36E53: changes role from CANDIDATE to FOLLOWER at term 528 for DISCOVERED_A_NEW_TERM
2019-11-04 16:03:06,241 [e3fb79a3-1f86-42af-a80c-c46d1acdbc29@group-7855C2F36E53-LeaderElection474] INFO  impl.RoleInfo (RoleInfo.java:shutdownLeaderElection(134)) - e3fb79a3-1f86-42af-a80c-c46d1acdbc29: shutdown LeaderElection
2019-11-04 16:03:06,241 [e3fb79a3-1f86-42af-a80c-c46d1acdbc29@group-7855C2F36E53-LeaderElection474] INFO  impl.RoleInfo (RoleInfo.java:updateAndGet(143)) - e3fb79a3-1f86-42af-a80c-c46d1acdbc29: start FollowerState
2019-11-04 16:03:06,373 [Thread-301] INFO  ipc.Client (Client.java:handleConnectionFailure(948)) - Retrying connect to server: localhost/127.0.0.1:38129. Already tried 5 time(s); retry policy is RetryUpToMaximumCountWithFixedSleep(maxRetries=10, sleepTime=1000 MILLISECONDS)
2019-11-04 16:03:06,415 [Datanode State Machine Thread - 0] INFO  statemachine.DatanodeStateMachine (DatanodeStateMachine.java:lambda$startDaemon$0(350)) - Ozone container server started.
2019-11-04 16:03:06,418 [Thread-3410] INFO  impl.FollowerState (FollowerState.java:run(108)) - e3fb79a3-1f86-42af-a80c-c46d1acdbc29@group-7855C2F36E53-FollowerState: change to CANDIDATE, lastRpcTime:176ms, electionTimeout:176ms
2019-11-04 16:03:06,418 [Thread-3410] INFO  impl.RoleInfo (RoleInfo.java:shutdownFollowerState(121)) - e3fb79a3-1f86-42af-a80c-c46d1acdbc29: shutdown FollowerState
2019-11-04 16:03:06,418 [Thread-3410] INFO  impl.RaftServerImpl (RaftServerImpl.java:setRole(184)) - e3fb79a3-1f86-42af-a80c-c46d1acdbc29@group-7855C2F36E53: changes role from  FOLLOWER to CANDIDATE at term 528 for changeToCandidate
2019-11-04 16:03:06,418 [Thread-3410] INFO  impl.RoleInfo (RoleInfo.java:updateAndGet(143)) - e3fb79a3-1f86-42af-a80c-c46d1acdbc29: start LeaderElection
2019-11-04 16:03:06,425 [Datanode State Machine Thread - 0] INFO  statemachine.DatanodeStateMachine (DatanodeStateMachine.java:lambda$startDaemon$0(350)) - Ozone container server started.
2019-11-04 16:03:06,434 [e3fb79a3-1f86-42af-a80c-c46d1acdbc29@group-7855C2F36E53-LeaderElection475] INFO  impl.LeaderElection (LeaderElection.java:askForVotes(178)) - e3fb79a3-1f86-42af-a80c-c46d1acdbc29@group-7855C2F36E53-LeaderElection475: begin an election at term 529 for -1: [e3fb79a3-1f86-42af-a80c-c46d1acdbc29:192.168.157.194:44142, 81ff859e-e76f-43f5-951a-4a38422068cb:192.168.157.194:46532, a9143d84-6d7f-497d-b770-eb75585db3c7:192.168.157.194:42126], old=null
2019-11-04 16:03:06,435 [e3fb79a3-1f86-42af-a80c-c46d1acdbc29@group-7855C2F36E53-LeaderElection475] INFO  impl.LeaderElection (LogUtils.java:infoOrTrace(149)) - e3fb79a3-1f86-42af-a80c-c46d1acdbc29@group-7855C2F36E53-LeaderElection475 got exception when requesting votes: {}
java.util.concurrent.ExecutionException: org.apache.ratis.thirdparty.io.grpc.StatusRuntimeException: UNAVAILABLE: io exception
	at java.util.concurrent.FutureTask.report(FutureTask.java:122)
	at java.util.concurrent.FutureTask.get(FutureTask.java:192)
	at org.apache.ratis.server.impl.LeaderElection.waitForResults(LeaderElection.java:259)
	at org.apache.ratis.server.impl.LeaderElection.askForVotes(LeaderElection.java:197)
	at org.apache.ratis.server.impl.LeaderElection.run(LeaderElection.java:133)
	at java.lang.Thread.run(Thread.java:748)
Caused by: org.apache.ratis.thirdparty.io.grpc.StatusRuntimeException: UNAVAILABLE: io exception
	at org.apache.ratis.thirdparty.io.grpc.stub.ClientCalls.toStatusRuntimeException(ClientCalls.java:233)
	at org.apache.ratis.thirdparty.io.grpc.stub.ClientCalls.getUnchecked(ClientCalls.java:214)
	at org.apache.ratis.thirdparty.io.grpc.stub.ClientCalls.blockingUnaryCall(ClientCalls.java:139)
	at org.apache.ratis.proto.grpc.RaftServerProtocolServiceGrpc$RaftServerProtocolServiceBlockingStub.requestVote(RaftServerProtocolServiceGrpc.java:265)
	at org.apache.ratis.grpc.server.GrpcServerProtocolClient.requestVote(GrpcServerProtocolClient.java:99)
	at org.apache.ratis.grpc.server.GrpcService.requestVote(GrpcService.java:204)
	at org.apache.ratis.server.impl.LeaderElection.lambda$submitRequests$1(LeaderElection.java:234)
	at java.util.concurrent.FutureTask.run(FutureTask.java:266)
	at java.util.concurrent.Executors$RunnableAdapter.call(Executors.java:511)
	at java.util.concurrent.FutureTask.run(FutureTask.java:266)
	at java.util.concurrent.ThreadPoolExecutor.runWorker(ThreadPoolExecutor.java:1149)
	at java.util.concurrent.ThreadPoolExecutor$Worker.run(ThreadPoolExecutor.java:624)
	... 1 more
Caused by: org.apache.ratis.thirdparty.io.netty.channel.AbstractChannel$AnnotatedConnectException: Connection refused: /192.168.157.194:46532
	at sun.nio.ch.SocketChannelImpl.checkConnect(Native Method)
	at sun.nio.ch.SocketChannelImpl.finishConnect(SocketChannelImpl.java:717)
	at org.apache.ratis.thirdparty.io.netty.channel.socket.nio.NioSocketChannel.doFinishConnect(NioSocketChannel.java:327)
	at org.apache.ratis.thirdparty.io.netty.channel.nio.AbstractNioChannel$AbstractNioUnsafe.finishConnect(AbstractNioChannel.java:340)
	at org.apache.ratis.thirdparty.io.netty.channel.nio.NioEventLoop.processSelectedKey(NioEventLoop.java:632)
	at org.apache.ratis.thirdparty.io.netty.channel.nio.NioEventLoop.processSelectedKeysOptimized(NioEventLoop.java:579)
	at org.apache.ratis.thirdparty.io.netty.channel.nio.NioEventLoop.processSelectedKeys(NioEventLoop.java:496)
	at org.apache.ratis.thirdparty.io.netty.channel.nio.NioEventLoop.run(NioEventLoop.java:458)
	at org.apache.ratis.thirdparty.io.netty.util.concurrent.SingleThreadEventExecutor$5.run(SingleThreadEventExecutor.java:897)
	at org.apache.ratis.thirdparty.io.netty.util.concurrent.FastThreadLocalRunnable.run(FastThreadLocalRunnable.java:30)
	... 1 more
Caused by: java.net.ConnectException: Connection refused
	... 11 more
2019-11-04 16:03:06,441 [e3fb79a3-1f86-42af-a80c-c46d1acdbc29@group-7855C2F36E53-LeaderElection475] INFO  impl.LeaderElection (LogUtils.java:infoOrTrace(149)) - e3fb79a3-1f86-42af-a80c-c46d1acdbc29@group-7855C2F36E53-LeaderElection475 got exception when requesting votes: {}
java.util.concurrent.ExecutionException: org.apache.ratis.thirdparty.io.grpc.StatusRuntimeException: UNAVAILABLE: io exception
	at java.util.concurrent.FutureTask.report(FutureTask.java:122)
	at java.util.concurrent.FutureTask.get(FutureTask.java:192)
	at org.apache.ratis.server.impl.LeaderElection.waitForResults(LeaderElection.java:259)
	at org.apache.ratis.server.impl.LeaderElection.askForVotes(LeaderElection.java:197)
	at org.apache.ratis.server.impl.LeaderElection.run(LeaderElection.java:133)
	at java.lang.Thread.run(Thread.java:748)
Caused by: org.apache.ratis.thirdparty.io.grpc.StatusRuntimeException: UNAVAILABLE: io exception
	at org.apache.ratis.thirdparty.io.grpc.stub.ClientCalls.toStatusRuntimeException(ClientCalls.java:233)
	at org.apache.ratis.thirdparty.io.grpc.stub.ClientCalls.getUnchecked(ClientCalls.java:214)
	at org.apache.ratis.thirdparty.io.grpc.stub.ClientCalls.blockingUnaryCall(ClientCalls.java:139)
	at org.apache.ratis.proto.grpc.RaftServerProtocolServiceGrpc$RaftServerProtocolServiceBlockingStub.requestVote(RaftServerProtocolServiceGrpc.java:265)
	at org.apache.ratis.grpc.server.GrpcServerProtocolClient.requestVote(GrpcServerProtocolClient.java:99)
	at org.apache.ratis.grpc.server.GrpcService.requestVote(GrpcService.java:204)
	at org.apache.ratis.server.impl.LeaderElection.lambda$submitRequests$1(LeaderElection.java:234)
	at java.util.concurrent.FutureTask.run(FutureTask.java:266)
	at java.util.concurrent.Executors$RunnableAdapter.call(Executors.java:511)
	at java.util.concurrent.FutureTask.run(FutureTask.java:266)
	at java.util.concurrent.ThreadPoolExecutor.runWorker(ThreadPoolExecutor.java:1149)
	at java.util.concurrent.ThreadPoolExecutor$Worker.run(ThreadPoolExecutor.java:624)
	... 1 more
Caused by: org.apache.ratis.thirdparty.io.netty.channel.AbstractChannel$AnnotatedConnectException: Connection refused: /192.168.157.194:42126
	at sun.nio.ch.SocketChannelImpl.checkConnect(Native Method)
	at sun.nio.ch.SocketChannelImpl.finishConnect(SocketChannelImpl.java:717)
	at org.apache.ratis.thirdparty.io.netty.channel.socket.nio.NioSocketChannel.doFinishConnect(NioSocketChannel.java:327)
	at org.apache.ratis.thirdparty.io.netty.channel.nio.AbstractNioChannel$AbstractNioUnsafe.finishConnect(AbstractNioChannel.java:340)
	at org.apache.ratis.thirdparty.io.netty.channel.nio.NioEventLoop.processSelectedKey(NioEventLoop.java:632)
	at org.apache.ratis.thirdparty.io.netty.channel.nio.NioEventLoop.processSelectedKeysOptimized(NioEventLoop.java:579)
	at org.apache.ratis.thirdparty.io.netty.channel.nio.NioEventLoop.processSelectedKeys(NioEventLoop.java:496)
	at org.apache.ratis.thirdparty.io.netty.channel.nio.NioEventLoop.run(NioEventLoop.java:458)
	at org.apache.ratis.thirdparty.io.netty.util.concurrent.SingleThreadEventExecutor$5.run(SingleThreadEventExecutor.java:897)
	at org.apache.ratis.thirdparty.io.netty.util.concurrent.FastThreadLocalRunnable.run(FastThreadLocalRunnable.java:30)
	... 1 more
Caused by: java.net.ConnectException: Connection refused
	... 11 more
2019-11-04 16:03:06,442 [e3fb79a3-1f86-42af-a80c-c46d1acdbc29@group-7855C2F36E53-LeaderElection475] INFO  impl.LeaderElection (LeaderElection.java:logAndReturn(56)) - e3fb79a3-1f86-42af-a80c-c46d1acdbc29@group-7855C2F36E53-LeaderElection475: Election REJECTED; received 0 response(s) [] and 2 exception(s); e3fb79a3-1f86-42af-a80c-c46d1acdbc29@group-7855C2F36E53:t529, leader=null, voted=e3fb79a3-1f86-42af-a80c-c46d1acdbc29, raftlog=e3fb79a3-1f86-42af-a80c-c46d1acdbc29@group-7855C2F36E53-SegmentedRaftLog:OPENED:c-1,f-1,i0, conf=-1: [e3fb79a3-1f86-42af-a80c-c46d1acdbc29:192.168.157.194:44142, 81ff859e-e76f-43f5-951a-4a38422068cb:192.168.157.194:46532, a9143d84-6d7f-497d-b770-eb75585db3c7:192.168.157.194:42126], old=null
2019-11-04 16:03:06,442 [e3fb79a3-1f86-42af-a80c-c46d1acdbc29@group-7855C2F36E53-LeaderElection475] INFO  impl.LeaderElection (LogUtils.java:infoOrTrace(149)) -   Exception 0: {}
java.util.concurrent.ExecutionException: org.apache.ratis.thirdparty.io.grpc.StatusRuntimeException: UNAVAILABLE: io exception
	at java.util.concurrent.FutureTask.report(FutureTask.java:122)
	at java.util.concurrent.FutureTask.get(FutureTask.java:192)
	at org.apache.ratis.server.impl.LeaderElection.waitForResults(LeaderElection.java:259)
	at org.apache.ratis.server.impl.LeaderElection.askForVotes(LeaderElection.java:197)
	at org.apache.ratis.server.impl.LeaderElection.run(LeaderElection.java:133)
	at java.lang.Thread.run(Thread.java:748)
Caused by: org.apache.ratis.thirdparty.io.grpc.StatusRuntimeException: UNAVAILABLE: io exception
	at org.apache.ratis.thirdparty.io.grpc.stub.ClientCalls.toStatusRuntimeException(ClientCalls.java:233)
	at org.apache.ratis.thirdparty.io.grpc.stub.ClientCalls.getUnchecked(ClientCalls.java:214)
	at org.apache.ratis.thirdparty.io.grpc.stub.ClientCalls.blockingUnaryCall(ClientCalls.java:139)
	at org.apache.ratis.proto.grpc.RaftServerProtocolServiceGrpc$RaftServerProtocolServiceBlockingStub.requestVote(RaftServerProtocolServiceGrpc.java:265)
	at org.apache.ratis.grpc.server.GrpcServerProtocolClient.requestVote(GrpcServerProtocolClient.java:99)
	at org.apache.ratis.grpc.server.GrpcService.requestVote(GrpcService.java:204)
	at org.apache.ratis.server.impl.LeaderElection.lambda$submitRequests$1(LeaderElection.java:234)
	at java.util.concurrent.FutureTask.run(FutureTask.java:266)
	at java.util.concurrent.Executors$RunnableAdapter.call(Executors.java:511)
	at java.util.concurrent.FutureTask.run(FutureTask.java:266)
	at java.util.concurrent.ThreadPoolExecutor.runWorker(ThreadPoolExecutor.java:1149)
	at java.util.concurrent.ThreadPoolExecutor$Worker.run(ThreadPoolExecutor.java:624)
	... 1 more
Caused by: org.apache.ratis.thirdparty.io.netty.channel.AbstractChannel$AnnotatedConnectException: Connection refused: /192.168.157.194:46532
	at sun.nio.ch.SocketChannelImpl.checkConnect(Native Method)
	at sun.nio.ch.SocketChannelImpl.finishConnect(SocketChannelImpl.java:717)
	at org.apache.ratis.thirdparty.io.netty.channel.socket.nio.NioSocketChannel.doFinishConnect(NioSocketChannel.java:327)
	at org.apache.ratis.thirdparty.io.netty.channel.nio.AbstractNioChannel$AbstractNioUnsafe.finishConnect(AbstractNioChannel.java:340)
	at org.apache.ratis.thirdparty.io.netty.channel.nio.NioEventLoop.processSelectedKey(NioEventLoop.java:632)
	at org.apache.ratis.thirdparty.io.netty.channel.nio.NioEventLoop.processSelectedKeysOptimized(NioEventLoop.java:579)
	at org.apache.ratis.thirdparty.io.netty.channel.nio.NioEventLoop.processSelectedKeys(NioEventLoop.java:496)
	at org.apache.ratis.thirdparty.io.netty.channel.nio.NioEventLoop.run(NioEventLoop.java:458)
	at org.apache.ratis.thirdparty.io.netty.util.concurrent.SingleThreadEventExecutor$5.run(SingleThreadEventExecutor.java:897)
	at org.apache.ratis.thirdparty.io.netty.util.concurrent.FastThreadLocalRunnable.run(FastThreadLocalRunnable.java:30)
	... 1 more
Caused by: java.net.ConnectException: Connection refused
	... 11 more
2019-11-04 16:03:06,443 [e3fb79a3-1f86-42af-a80c-c46d1acdbc29@group-7855C2F36E53-LeaderElection475] INFO  impl.LeaderElection (LogUtils.java:infoOrTrace(149)) -   Exception 1: {}
java.util.concurrent.ExecutionException: org.apache.ratis.thirdparty.io.grpc.StatusRuntimeException: UNAVAILABLE: io exception
	at java.util.concurrent.FutureTask.report(FutureTask.java:122)
	at java.util.concurrent.FutureTask.get(FutureTask.java:192)
	at org.apache.ratis.server.impl.LeaderElection.waitForResults(LeaderElection.java:259)
	at org.apache.ratis.server.impl.LeaderElection.askForVotes(LeaderElection.java:197)
	at org.apache.ratis.server.impl.LeaderElection.run(LeaderElection.java:133)
	at java.lang.Thread.run(Thread.java:748)
Caused by: org.apache.ratis.thirdparty.io.grpc.StatusRuntimeException: UNAVAILABLE: io exception
	at org.apache.ratis.thirdparty.io.grpc.stub.ClientCalls.toStatusRuntimeException(ClientCalls.java:233)
	at org.apache.ratis.thirdparty.io.grpc.stub.ClientCalls.getUnchecked(ClientCalls.java:214)
	at org.apache.ratis.thirdparty.io.grpc.stub.ClientCalls.blockingUnaryCall(ClientCalls.java:139)
	at org.apache.ratis.proto.grpc.RaftServerProtocolServiceGrpc$RaftServerProtocolServiceBlockingStub.requestVote(RaftServerProtocolServiceGrpc.java:265)
	at org.apache.ratis.grpc.server.GrpcServerProtocolClient.requestVote(GrpcServerProtocolClient.java:99)
	at org.apache.ratis.grpc.server.GrpcService.requestVote(GrpcService.java:204)
	at org.apache.ratis.server.impl.LeaderElection.lambda$submitRequests$1(LeaderElection.java:234)
	at java.util.concurrent.FutureTask.run(FutureTask.java:266)
	at java.util.concurrent.Executors$RunnableAdapter.call(Executors.java:511)
	at java.util.concurrent.FutureTask.run(FutureTask.java:266)
	at java.util.concurrent.ThreadPoolExecutor.runWorker(ThreadPoolExecutor.java:1149)
	at java.util.concurrent.ThreadPoolExecutor$Worker.run(ThreadPoolExecutor.java:624)
	... 1 more
Caused by: org.apache.ratis.thirdparty.io.netty.channel.AbstractChannel$AnnotatedConnectException: Connection refused: /192.168.157.194:42126
	at sun.nio.ch.SocketChannelImpl.checkConnect(Native Method)
	at sun.nio.ch.SocketChannelImpl.finishConnect(SocketChannelImpl.java:717)
	at org.apache.ratis.thirdparty.io.netty.channel.socket.nio.NioSocketChannel.doFinishConnect(NioSocketChannel.java:327)
	at org.apache.ratis.thirdparty.io.netty.channel.nio.AbstractNioChannel$AbstractNioUnsafe.finishConnect(AbstractNioChannel.java:340)
	at org.apache.ratis.thirdparty.io.netty.channel.nio.NioEventLoop.processSelectedKey(NioEventLoop.java:632)
	at org.apache.ratis.thirdparty.io.netty.channel.nio.NioEventLoop.processSelectedKeysOptimized(NioEventLoop.java:579)
	at org.apache.ratis.thirdparty.io.netty.channel.nio.NioEventLoop.processSelectedKeys(NioEventLoop.java:496)
	at org.apache.ratis.thirdparty.io.netty.channel.nio.NioEventLoop.run(NioEventLoop.java:458)
	at org.apache.ratis.thirdparty.io.netty.util.concurrent.SingleThreadEventExecutor$5.run(SingleThreadEventExecutor.java:897)
	at org.apache.ratis.thirdparty.io.netty.util.concurrent.FastThreadLocalRunnable.run(FastThreadLocalRunnable.java:30)
	... 1 more
Caused by: java.net.ConnectException: Connection refused
	... 11 more
2019-11-04 16:03:06,444 [e3fb79a3-1f86-42af-a80c-c46d1acdbc29@group-7855C2F36E53-LeaderElection475] INFO  impl.RaftServerImpl (RaftServerImpl.java:setRole(184)) - e3fb79a3-1f86-42af-a80c-c46d1acdbc29@group-7855C2F36E53: changes role from CANDIDATE to FOLLOWER at term 529 for DISCOVERED_A_NEW_TERM
2019-11-04 16:03:06,444 [e3fb79a3-1f86-42af-a80c-c46d1acdbc29@group-7855C2F36E53-LeaderElection475] INFO  impl.RoleInfo (RoleInfo.java:shutdownLeaderElection(134)) - e3fb79a3-1f86-42af-a80c-c46d1acdbc29: shutdown LeaderElection
2019-11-04 16:03:06,444 [e3fb79a3-1f86-42af-a80c-c46d1acdbc29@group-7855C2F36E53-LeaderElection475] INFO  impl.RoleInfo (RoleInfo.java:updateAndGet(143)) - e3fb79a3-1f86-42af-a80c-c46d1acdbc29: start FollowerState
2019-11-04 16:03:06,565 [Thread-3414] INFO  impl.FollowerState (FollowerState.java:run(108)) - e3fb79a3-1f86-42af-a80c-c46d1acdbc29@group-7855C2F36E53-FollowerState: change to CANDIDATE, lastRpcTime:121ms, electionTimeout:121ms
2019-11-04 16:03:06,566 [Thread-3414] INFO  impl.RoleInfo (RoleInfo.java:shutdownFollowerState(121)) - e3fb79a3-1f86-42af-a80c-c46d1acdbc29: shutdown FollowerState
2019-11-04 16:03:06,566 [Thread-3414] INFO  impl.RaftServerImpl (RaftServerImpl.java:setRole(184)) - e3fb79a3-1f86-42af-a80c-c46d1acdbc29@group-7855C2F36E53: changes role from  FOLLOWER to CANDIDATE at term 529 for changeToCandidate
2019-11-04 16:03:06,566 [Thread-3414] INFO  impl.RoleInfo (RoleInfo.java:updateAndGet(143)) - e3fb79a3-1f86-42af-a80c-c46d1acdbc29: start LeaderElection
2019-11-04 16:03:06,581 [e3fb79a3-1f86-42af-a80c-c46d1acdbc29@group-7855C2F36E53-LeaderElection476] INFO  impl.LeaderElection (LeaderElection.java:askForVotes(178)) - e3fb79a3-1f86-42af-a80c-c46d1acdbc29@group-7855C2F36E53-LeaderElection476: begin an election at term 530 for -1: [e3fb79a3-1f86-42af-a80c-c46d1acdbc29:192.168.157.194:44142, 81ff859e-e76f-43f5-951a-4a38422068cb:192.168.157.194:46532, a9143d84-6d7f-497d-b770-eb75585db3c7:192.168.157.194:42126], old=null
2019-11-04 16:03:06,582 [e3fb79a3-1f86-42af-a80c-c46d1acdbc29@group-7855C2F36E53-LeaderElection476] INFO  impl.LeaderElection (LogUtils.java:infoOrTrace(149)) - e3fb79a3-1f86-42af-a80c-c46d1acdbc29@group-7855C2F36E53-LeaderElection476 got exception when requesting votes: {}
java.util.concurrent.ExecutionException: org.apache.ratis.thirdparty.io.grpc.StatusRuntimeException: UNAVAILABLE: io exception
	at java.util.concurrent.FutureTask.report(FutureTask.java:122)
	at java.util.concurrent.FutureTask.get(FutureTask.java:192)
	at org.apache.ratis.server.impl.LeaderElection.waitForResults(LeaderElection.java:259)
	at org.apache.ratis.server.impl.LeaderElection.askForVotes(LeaderElection.java:197)
	at org.apache.ratis.server.impl.LeaderElection.run(LeaderElection.java:133)
	at java.lang.Thread.run(Thread.java:748)
Caused by: org.apache.ratis.thirdparty.io.grpc.StatusRuntimeException: UNAVAILABLE: io exception
	at org.apache.ratis.thirdparty.io.grpc.stub.ClientCalls.toStatusRuntimeException(ClientCalls.java:233)
	at org.apache.ratis.thirdparty.io.grpc.stub.ClientCalls.getUnchecked(ClientCalls.java:214)
	at org.apache.ratis.thirdparty.io.grpc.stub.ClientCalls.blockingUnaryCall(ClientCalls.java:139)
	at org.apache.ratis.proto.grpc.RaftServerProtocolServiceGrpc$RaftServerProtocolServiceBlockingStub.requestVote(RaftServerProtocolServiceGrpc.java:265)
	at org.apache.ratis.grpc.server.GrpcServerProtocolClient.requestVote(GrpcServerProtocolClient.java:99)
	at org.apache.ratis.grpc.server.GrpcService.requestVote(GrpcService.java:204)
	at org.apache.ratis.server.impl.LeaderElection.lambda$submitRequests$1(LeaderElection.java:234)
	at java.util.concurrent.FutureTask.run(FutureTask.java:266)
	at java.util.concurrent.Executors$RunnableAdapter.call(Executors.java:511)
	at java.util.concurrent.FutureTask.run(FutureTask.java:266)
	at java.util.concurrent.ThreadPoolExecutor.runWorker(ThreadPoolExecutor.java:1149)
	at java.util.concurrent.ThreadPoolExecutor$Worker.run(ThreadPoolExecutor.java:624)
	... 1 more
Caused by: org.apache.ratis.thirdparty.io.netty.channel.AbstractChannel$AnnotatedConnectException: Connection refused: /192.168.157.194:42126
	at sun.nio.ch.SocketChannelImpl.checkConnect(Native Method)
	at sun.nio.ch.SocketChannelImpl.finishConnect(SocketChannelImpl.java:717)
	at org.apache.ratis.thirdparty.io.netty.channel.socket.nio.NioSocketChannel.doFinishConnect(NioSocketChannel.java:327)
	at org.apache.ratis.thirdparty.io.netty.channel.nio.AbstractNioChannel$AbstractNioUnsafe.finishConnect(AbstractNioChannel.java:340)
	at org.apache.ratis.thirdparty.io.netty.channel.nio.NioEventLoop.processSelectedKey(NioEventLoop.java:632)
	at org.apache.ratis.thirdparty.io.netty.channel.nio.NioEventLoop.processSelectedKeysOptimized(NioEventLoop.java:579)
	at org.apache.ratis.thirdparty.io.netty.channel.nio.NioEventLoop.processSelectedKeys(NioEventLoop.java:496)
	at org.apache.ratis.thirdparty.io.netty.channel.nio.NioEventLoop.run(NioEventLoop.java:458)
	at org.apache.ratis.thirdparty.io.netty.util.concurrent.SingleThreadEventExecutor$5.run(SingleThreadEventExecutor.java:897)
	at org.apache.ratis.thirdparty.io.netty.util.concurrent.FastThreadLocalRunnable.run(FastThreadLocalRunnable.java:30)
	... 1 more
Caused by: java.net.ConnectException: Connection refused
	... 11 more
2019-11-04 16:03:06,584 [e3fb79a3-1f86-42af-a80c-c46d1acdbc29@group-7855C2F36E53-LeaderElection476] INFO  impl.LeaderElection (LogUtils.java:infoOrTrace(149)) - e3fb79a3-1f86-42af-a80c-c46d1acdbc29@group-7855C2F36E53-LeaderElection476 got exception when requesting votes: {}
java.util.concurrent.ExecutionException: org.apache.ratis.thirdparty.io.grpc.StatusRuntimeException: UNAVAILABLE: io exception
	at java.util.concurrent.FutureTask.report(FutureTask.java:122)
	at java.util.concurrent.FutureTask.get(FutureTask.java:192)
	at org.apache.ratis.server.impl.LeaderElection.waitForResults(LeaderElection.java:259)
	at org.apache.ratis.server.impl.LeaderElection.askForVotes(LeaderElection.java:197)
	at org.apache.ratis.server.impl.LeaderElection.run(LeaderElection.java:133)
	at java.lang.Thread.run(Thread.java:748)
Caused by: org.apache.ratis.thirdparty.io.grpc.StatusRuntimeException: UNAVAILABLE: io exception
	at org.apache.ratis.thirdparty.io.grpc.stub.ClientCalls.toStatusRuntimeException(ClientCalls.java:233)
	at org.apache.ratis.thirdparty.io.grpc.stub.ClientCalls.getUnchecked(ClientCalls.java:214)
	at org.apache.ratis.thirdparty.io.grpc.stub.ClientCalls.blockingUnaryCall(ClientCalls.java:139)
	at org.apache.ratis.proto.grpc.RaftServerProtocolServiceGrpc$RaftServerProtocolServiceBlockingStub.requestVote(RaftServerProtocolServiceGrpc.java:265)
	at org.apache.ratis.grpc.server.GrpcServerProtocolClient.requestVote(GrpcServerProtocolClient.java:99)
	at org.apache.ratis.grpc.server.GrpcService.requestVote(GrpcService.java:204)
	at org.apache.ratis.server.impl.LeaderElection.lambda$submitRequests$1(LeaderElection.java:234)
	at java.util.concurrent.FutureTask.run(FutureTask.java:266)
	at java.util.concurrent.Executors$RunnableAdapter.call(Executors.java:511)
	at java.util.concurrent.FutureTask.run(FutureTask.java:266)
	at java.util.concurrent.ThreadPoolExecutor.runWorker(ThreadPoolExecutor.java:1149)
	at java.util.concurrent.ThreadPoolExecutor$Worker.run(ThreadPoolExecutor.java:624)
	... 1 more
Caused by: org.apache.ratis.thirdparty.io.netty.channel.AbstractChannel$AnnotatedConnectException: Connection refused: /192.168.157.194:46532
	at sun.nio.ch.SocketChannelImpl.checkConnect(Native Method)
	at sun.nio.ch.SocketChannelImpl.finishConnect(SocketChannelImpl.java:717)
	at org.apache.ratis.thirdparty.io.netty.channel.socket.nio.NioSocketChannel.doFinishConnect(NioSocketChannel.java:327)
	at org.apache.ratis.thirdparty.io.netty.channel.nio.AbstractNioChannel$AbstractNioUnsafe.finishConnect(AbstractNioChannel.java:340)
	at org.apache.ratis.thirdparty.io.netty.channel.nio.NioEventLoop.processSelectedKey(NioEventLoop.java:632)
	at org.apache.ratis.thirdparty.io.netty.channel.nio.NioEventLoop.processSelectedKeysOptimized(NioEventLoop.java:579)
	at org.apache.ratis.thirdparty.io.netty.channel.nio.NioEventLoop.processSelectedKeys(NioEventLoop.java:496)
	at org.apache.ratis.thirdparty.io.netty.channel.nio.NioEventLoop.run(NioEventLoop.java:458)
	at org.apache.ratis.thirdparty.io.netty.util.concurrent.SingleThreadEventExecutor$5.run(SingleThreadEventExecutor.java:897)
	at org.apache.ratis.thirdparty.io.netty.util.concurrent.FastThreadLocalRunnable.run(FastThreadLocalRunnable.java:30)
	... 1 more
Caused by: java.net.ConnectException: Connection refused
	... 11 more
2019-11-04 16:03:06,585 [e3fb79a3-1f86-42af-a80c-c46d1acdbc29@group-7855C2F36E53-LeaderElection476] INFO  impl.LeaderElection (LeaderElection.java:logAndReturn(56)) - e3fb79a3-1f86-42af-a80c-c46d1acdbc29@group-7855C2F36E53-LeaderElection476: Election REJECTED; received 0 response(s) [] and 2 exception(s); e3fb79a3-1f86-42af-a80c-c46d1acdbc29@group-7855C2F36E53:t530, leader=null, voted=e3fb79a3-1f86-42af-a80c-c46d1acdbc29, raftlog=e3fb79a3-1f86-42af-a80c-c46d1acdbc29@group-7855C2F36E53-SegmentedRaftLog:OPENED:c-1,f-1,i0, conf=-1: [e3fb79a3-1f86-42af-a80c-c46d1acdbc29:192.168.157.194:44142, 81ff859e-e76f-43f5-951a-4a38422068cb:192.168.157.194:46532, a9143d84-6d7f-497d-b770-eb75585db3c7:192.168.157.194:42126], old=null
2019-11-04 16:03:06,586 [e3fb79a3-1f86-42af-a80c-c46d1acdbc29@group-7855C2F36E53-LeaderElection476] INFO  impl.LeaderElection (LogUtils.java:infoOrTrace(149)) -   Exception 0: {}
java.util.concurrent.ExecutionException: org.apache.ratis.thirdparty.io.grpc.StatusRuntimeException: UNAVAILABLE: io exception
	at java.util.concurrent.FutureTask.report(FutureTask.java:122)
	at java.util.concurrent.FutureTask.get(FutureTask.java:192)
	at org.apache.ratis.server.impl.LeaderElection.waitForResults(LeaderElection.java:259)
	at org.apache.ratis.server.impl.LeaderElection.askForVotes(LeaderElection.java:197)
	at org.apache.ratis.server.impl.LeaderElection.run(LeaderElection.java:133)
	at java.lang.Thread.run(Thread.java:748)
Caused by: org.apache.ratis.thirdparty.io.grpc.StatusRuntimeException: UNAVAILABLE: io exception
	at org.apache.ratis.thirdparty.io.grpc.stub.ClientCalls.toStatusRuntimeException(ClientCalls.java:233)
	at org.apache.ratis.thirdparty.io.grpc.stub.ClientCalls.getUnchecked(ClientCalls.java:214)
	at org.apache.ratis.thirdparty.io.grpc.stub.ClientCalls.blockingUnaryCall(ClientCalls.java:139)
	at org.apache.ratis.proto.grpc.RaftServerProtocolServiceGrpc$RaftServerProtocolServiceBlockingStub.requestVote(RaftServerProtocolServiceGrpc.java:265)
	at org.apache.ratis.grpc.server.GrpcServerProtocolClient.requestVote(GrpcServerProtocolClient.java:99)
	at org.apache.ratis.grpc.server.GrpcService.requestVote(GrpcService.java:204)
	at org.apache.ratis.server.impl.LeaderElection.lambda$submitRequests$1(LeaderElection.java:234)
	at java.util.concurrent.FutureTask.run(FutureTask.java:266)
	at java.util.concurrent.Executors$RunnableAdapter.call(Executors.java:511)
	at java.util.concurrent.FutureTask.run(FutureTask.java:266)
	at java.util.concurrent.ThreadPoolExecutor.runWorker(ThreadPoolExecutor.java:1149)
	at java.util.concurrent.ThreadPoolExecutor$Worker.run(ThreadPoolExecutor.java:624)
	... 1 more
Caused by: org.apache.ratis.thirdparty.io.netty.channel.AbstractChannel$AnnotatedConnectException: Connection refused: /192.168.157.194:42126
	at sun.nio.ch.SocketChannelImpl.checkConnect(Native Method)
	at sun.nio.ch.SocketChannelImpl.finishConnect(SocketChannelImpl.java:717)
	at org.apache.ratis.thirdparty.io.netty.channel.socket.nio.NioSocketChannel.doFinishConnect(NioSocketChannel.java:327)
	at org.apache.ratis.thirdparty.io.netty.channel.nio.AbstractNioChannel$AbstractNioUnsafe.finishConnect(AbstractNioChannel.java:340)
	at org.apache.ratis.thirdparty.io.netty.channel.nio.NioEventLoop.processSelectedKey(NioEventLoop.java:632)
	at org.apache.ratis.thirdparty.io.netty.channel.nio.NioEventLoop.processSelectedKeysOptimized(NioEventLoop.java:579)
	at org.apache.ratis.thirdparty.io.netty.channel.nio.NioEventLoop.processSelectedKeys(NioEventLoop.java:496)
	at org.apache.ratis.thirdparty.io.netty.channel.nio.NioEventLoop.run(NioEventLoop.java:458)
	at org.apache.ratis.thirdparty.io.netty.util.concurrent.SingleThreadEventExecutor$5.run(SingleThreadEventExecutor.java:897)
	at org.apache.ratis.thirdparty.io.netty.util.concurrent.FastThreadLocalRunnable.run(FastThreadLocalRunnable.java:30)
	... 1 more
Caused by: java.net.ConnectException: Connection refused
	... 11 more
2019-11-04 16:03:06,586 [e3fb79a3-1f86-42af-a80c-c46d1acdbc29@group-7855C2F36E53-LeaderElection476] INFO  impl.LeaderElection (LogUtils.java:infoOrTrace(149)) -   Exception 1: {}
java.util.concurrent.ExecutionException: org.apache.ratis.thirdparty.io.grpc.StatusRuntimeException: UNAVAILABLE: io exception
	at java.util.concurrent.FutureTask.report(FutureTask.java:122)
	at java.util.concurrent.FutureTask.get(FutureTask.java:192)
	at org.apache.ratis.server.impl.LeaderElection.waitForResults(LeaderElection.java:259)
	at org.apache.ratis.server.impl.LeaderElection.askForVotes(LeaderElection.java:197)
	at org.apache.ratis.server.impl.LeaderElection.run(LeaderElection.java:133)
	at java.lang.Thread.run(Thread.java:748)
Caused by: org.apache.ratis.thirdparty.io.grpc.StatusRuntimeException: UNAVAILABLE: io exception
	at org.apache.ratis.thirdparty.io.grpc.stub.ClientCalls.toStatusRuntimeException(ClientCalls.java:233)
	at org.apache.ratis.thirdparty.io.grpc.stub.ClientCalls.getUnchecked(ClientCalls.java:214)
	at org.apache.ratis.thirdparty.io.grpc.stub.ClientCalls.blockingUnaryCall(ClientCalls.java:139)
	at org.apache.ratis.proto.grpc.RaftServerProtocolServiceGrpc$RaftServerProtocolServiceBlockingStub.requestVote(RaftServerProtocolServiceGrpc.java:265)
	at org.apache.ratis.grpc.server.GrpcServerProtocolClient.requestVote(GrpcServerProtocolClient.java:99)
	at org.apache.ratis.grpc.server.GrpcService.requestVote(GrpcService.java:204)
	at org.apache.ratis.server.impl.LeaderElection.lambda$submitRequests$1(LeaderElection.java:234)
	at java.util.concurrent.FutureTask.run(FutureTask.java:266)
	at java.util.concurrent.Executors$RunnableAdapter.call(Executors.java:511)
	at java.util.concurrent.FutureTask.run(FutureTask.java:266)
	at java.util.concurrent.ThreadPoolExecutor.runWorker(ThreadPoolExecutor.java:1149)
	at java.util.concurrent.ThreadPoolExecutor$Worker.run(ThreadPoolExecutor.java:624)
	... 1 more
Caused by: org.apache.ratis.thirdparty.io.netty.channel.AbstractChannel$AnnotatedConnectException: Connection refused: /192.168.157.194:46532
	at sun.nio.ch.SocketChannelImpl.checkConnect(Native Method)
	at sun.nio.ch.SocketChannelImpl.finishConnect(SocketChannelImpl.java:717)
	at org.apache.ratis.thirdparty.io.netty.channel.socket.nio.NioSocketChannel.doFinishConnect(NioSocketChannel.java:327)
	at org.apache.ratis.thirdparty.io.netty.channel.nio.AbstractNioChannel$AbstractNioUnsafe.finishConnect(AbstractNioChannel.java:340)
	at org.apache.ratis.thirdparty.io.netty.channel.nio.NioEventLoop.processSelectedKey(NioEventLoop.java:632)
	at org.apache.ratis.thirdparty.io.netty.channel.nio.NioEventLoop.processSelectedKeysOptimized(NioEventLoop.java:579)
	at org.apache.ratis.thirdparty.io.netty.channel.nio.NioEventLoop.processSelectedKeys(NioEventLoop.java:496)
	at org.apache.ratis.thirdparty.io.netty.channel.nio.NioEventLoop.run(NioEventLoop.java:458)
	at org.apache.ratis.thirdparty.io.netty.util.concurrent.SingleThreadEventExecutor$5.run(SingleThreadEventExecutor.java:897)
	at org.apache.ratis.thirdparty.io.netty.util.concurrent.FastThreadLocalRunnable.run(FastThreadLocalRunnable.java:30)
	... 1 more
Caused by: java.net.ConnectException: Connection refused
	... 11 more
2019-11-04 16:03:06,587 [e3fb79a3-1f86-42af-a80c-c46d1acdbc29@group-7855C2F36E53-LeaderElection476] INFO  impl.RaftServerImpl (RaftServerImpl.java:setRole(184)) - e3fb79a3-1f86-42af-a80c-c46d1acdbc29@group-7855C2F36E53: changes role from CANDIDATE to FOLLOWER at term 530 for DISCOVERED_A_NEW_TERM
2019-11-04 16:03:06,587 [e3fb79a3-1f86-42af-a80c-c46d1acdbc29@group-7855C2F36E53-LeaderElection476] INFO  impl.RoleInfo (RoleInfo.java:shutdownLeaderElection(134)) - e3fb79a3-1f86-42af-a80c-c46d1acdbc29: shutdown LeaderElection
2019-11-04 16:03:06,587 [e3fb79a3-1f86-42af-a80c-c46d1acdbc29@group-7855C2F36E53-LeaderElection476] INFO  impl.RoleInfo (RoleInfo.java:updateAndGet(143)) - e3fb79a3-1f86-42af-a80c-c46d1acdbc29: start FollowerState
2019-11-04 16:03:06,753 [Thread-3420] INFO  impl.FollowerState (FollowerState.java:run(108)) - e3fb79a3-1f86-42af-a80c-c46d1acdbc29@group-7855C2F36E53-FollowerState: change to CANDIDATE, lastRpcTime:165ms, electionTimeout:165ms
2019-11-04 16:03:06,753 [Thread-3420] INFO  impl.RoleInfo (RoleInfo.java:shutdownFollowerState(121)) - e3fb79a3-1f86-42af-a80c-c46d1acdbc29: shutdown FollowerState
2019-11-04 16:03:06,753 [Thread-3420] INFO  impl.RaftServerImpl (RaftServerImpl.java:setRole(184)) - e3fb79a3-1f86-42af-a80c-c46d1acdbc29@group-7855C2F36E53: changes role from  FOLLOWER to CANDIDATE at term 530 for changeToCandidate
2019-11-04 16:03:06,753 [Thread-3420] INFO  impl.RoleInfo (RoleInfo.java:updateAndGet(143)) - e3fb79a3-1f86-42af-a80c-c46d1acdbc29: start LeaderElection
2019-11-04 16:03:06,774 [e3fb79a3-1f86-42af-a80c-c46d1acdbc29@group-7855C2F36E53-LeaderElection477] INFO  impl.LeaderElection (LeaderElection.java:askForVotes(178)) - e3fb79a3-1f86-42af-a80c-c46d1acdbc29@group-7855C2F36E53-LeaderElection477: begin an election at term 531 for -1: [e3fb79a3-1f86-42af-a80c-c46d1acdbc29:192.168.157.194:44142, 81ff859e-e76f-43f5-951a-4a38422068cb:192.168.157.194:46532, a9143d84-6d7f-497d-b770-eb75585db3c7:192.168.157.194:42126], old=null
2019-11-04 16:03:06,776 [e3fb79a3-1f86-42af-a80c-c46d1acdbc29@group-7855C2F36E53-LeaderElection477] INFO  impl.LeaderElection (LogUtils.java:infoOrTrace(149)) - e3fb79a3-1f86-42af-a80c-c46d1acdbc29@group-7855C2F36E53-LeaderElection477 got exception when requesting votes: {}
java.util.concurrent.ExecutionException: org.apache.ratis.thirdparty.io.grpc.StatusRuntimeException: UNAVAILABLE: io exception
	at java.util.concurrent.FutureTask.report(FutureTask.java:122)
	at java.util.concurrent.FutureTask.get(FutureTask.java:192)
	at org.apache.ratis.server.impl.LeaderElection.waitForResults(LeaderElection.java:259)
	at org.apache.ratis.server.impl.LeaderElection.askForVotes(LeaderElection.java:197)
	at org.apache.ratis.server.impl.LeaderElection.run(LeaderElection.java:133)
	at java.lang.Thread.run(Thread.java:748)
Caused by: org.apache.ratis.thirdparty.io.grpc.StatusRuntimeException: UNAVAILABLE: io exception
	at org.apache.ratis.thirdparty.io.grpc.stub.ClientCalls.toStatusRuntimeException(ClientCalls.java:233)
	at org.apache.ratis.thirdparty.io.grpc.stub.ClientCalls.getUnchecked(ClientCalls.java:214)
	at org.apache.ratis.thirdparty.io.grpc.stub.ClientCalls.blockingUnaryCall(ClientCalls.java:139)
	at org.apache.ratis.proto.grpc.RaftServerProtocolServiceGrpc$RaftServerProtocolServiceBlockingStub.requestVote(RaftServerProtocolServiceGrpc.java:265)
	at org.apache.ratis.grpc.server.GrpcServerProtocolClient.requestVote(GrpcServerProtocolClient.java:99)
	at org.apache.ratis.grpc.server.GrpcService.requestVote(GrpcService.java:204)
	at org.apache.ratis.server.impl.LeaderElection.lambda$submitRequests$1(LeaderElection.java:234)
	at java.util.concurrent.FutureTask.run(FutureTask.java:266)
	at java.util.concurrent.Executors$RunnableAdapter.call(Executors.java:511)
	at java.util.concurrent.FutureTask.run(FutureTask.java:266)
	at java.util.concurrent.ThreadPoolExecutor.runWorker(ThreadPoolExecutor.java:1149)
	at java.util.concurrent.ThreadPoolExecutor$Worker.run(ThreadPoolExecutor.java:624)
	... 1 more
Caused by: org.apache.ratis.thirdparty.io.netty.channel.AbstractChannel$AnnotatedConnectException: Connection refused: /192.168.157.194:46532
	at sun.nio.ch.SocketChannelImpl.checkConnect(Native Method)
	at sun.nio.ch.SocketChannelImpl.finishConnect(SocketChannelImpl.java:717)
	at org.apache.ratis.thirdparty.io.netty.channel.socket.nio.NioSocketChannel.doFinishConnect(NioSocketChannel.java:327)
	at org.apache.ratis.thirdparty.io.netty.channel.nio.AbstractNioChannel$AbstractNioUnsafe.finishConnect(AbstractNioChannel.java:340)
	at org.apache.ratis.thirdparty.io.netty.channel.nio.NioEventLoop.processSelectedKey(NioEventLoop.java:632)
	at org.apache.ratis.thirdparty.io.netty.channel.nio.NioEventLoop.processSelectedKeysOptimized(NioEventLoop.java:579)
	at org.apache.ratis.thirdparty.io.netty.channel.nio.NioEventLoop.processSelectedKeys(NioEventLoop.java:496)
	at org.apache.ratis.thirdparty.io.netty.channel.nio.NioEventLoop.run(NioEventLoop.java:458)
	at org.apache.ratis.thirdparty.io.netty.util.concurrent.SingleThreadEventExecutor$5.run(SingleThreadEventExecutor.java:897)
	at org.apache.ratis.thirdparty.io.netty.util.concurrent.FastThreadLocalRunnable.run(FastThreadLocalRunnable.java:30)
	... 1 more
Caused by: java.net.ConnectException: Connection refused
	... 11 more
2019-11-04 16:03:06,777 [e3fb79a3-1f86-42af-a80c-c46d1acdbc29@group-7855C2F36E53-LeaderElection477] INFO  impl.LeaderElection (LogUtils.java:infoOrTrace(149)) - e3fb79a3-1f86-42af-a80c-c46d1acdbc29@group-7855C2F36E53-LeaderElection477 got exception when requesting votes: {}
java.util.concurrent.ExecutionException: org.apache.ratis.thirdparty.io.grpc.StatusRuntimeException: UNAVAILABLE: io exception
	at java.util.concurrent.FutureTask.report(FutureTask.java:122)
	at java.util.concurrent.FutureTask.get(FutureTask.java:192)
	at org.apache.ratis.server.impl.LeaderElection.waitForResults(LeaderElection.java:259)
	at org.apache.ratis.server.impl.LeaderElection.askForVotes(LeaderElection.java:197)
	at org.apache.ratis.server.impl.LeaderElection.run(LeaderElection.java:133)
	at java.lang.Thread.run(Thread.java:748)
Caused by: org.apache.ratis.thirdparty.io.grpc.StatusRuntimeException: UNAVAILABLE: io exception
	at org.apache.ratis.thirdparty.io.grpc.stub.ClientCalls.toStatusRuntimeException(ClientCalls.java:233)
	at org.apache.ratis.thirdparty.io.grpc.stub.ClientCalls.getUnchecked(ClientCalls.java:214)
	at org.apache.ratis.thirdparty.io.grpc.stub.ClientCalls.blockingUnaryCall(ClientCalls.java:139)
	at org.apache.ratis.proto.grpc.RaftServerProtocolServiceGrpc$RaftServerProtocolServiceBlockingStub.requestVote(RaftServerProtocolServiceGrpc.java:265)
	at org.apache.ratis.grpc.server.GrpcServerProtocolClient.requestVote(GrpcServerProtocolClient.java:99)
	at org.apache.ratis.grpc.server.GrpcService.requestVote(GrpcService.java:204)
	at org.apache.ratis.server.impl.LeaderElection.lambda$submitRequests$1(LeaderElection.java:234)
	at java.util.concurrent.FutureTask.run(FutureTask.java:266)
	at java.util.concurrent.Executors$RunnableAdapter.call(Executors.java:511)
	at java.util.concurrent.FutureTask.run(FutureTask.java:266)
	at java.util.concurrent.ThreadPoolExecutor.runWorker(ThreadPoolExecutor.java:1149)
	at java.util.concurrent.ThreadPoolExecutor$Worker.run(ThreadPoolExecutor.java:624)
	... 1 more
Caused by: org.apache.ratis.thirdparty.io.netty.channel.AbstractChannel$AnnotatedConnectException: Connection refused: /192.168.157.194:42126
	at sun.nio.ch.SocketChannelImpl.checkConnect(Native Method)
	at sun.nio.ch.SocketChannelImpl.finishConnect(SocketChannelImpl.java:717)
	at org.apache.ratis.thirdparty.io.netty.channel.socket.nio.NioSocketChannel.doFinishConnect(NioSocketChannel.java:327)
	at org.apache.ratis.thirdparty.io.netty.channel.nio.AbstractNioChannel$AbstractNioUnsafe.finishConnect(AbstractNioChannel.java:340)
	at org.apache.ratis.thirdparty.io.netty.channel.nio.NioEventLoop.processSelectedKey(NioEventLoop.java:632)
	at org.apache.ratis.thirdparty.io.netty.channel.nio.NioEventLoop.processSelectedKeysOptimized(NioEventLoop.java:579)
	at org.apache.ratis.thirdparty.io.netty.channel.nio.NioEventLoop.processSelectedKeys(NioEventLoop.java:496)
	at org.apache.ratis.thirdparty.io.netty.channel.nio.NioEventLoop.run(NioEventLoop.java:458)
	at org.apache.ratis.thirdparty.io.netty.util.concurrent.SingleThreadEventExecutor$5.run(SingleThreadEventExecutor.java:897)
	at org.apache.ratis.thirdparty.io.netty.util.concurrent.FastThreadLocalRunnable.run(FastThreadLocalRunnable.java:30)
	... 1 more
Caused by: java.net.ConnectException: Connection refused
	... 11 more
2019-11-04 16:03:06,779 [e3fb79a3-1f86-42af-a80c-c46d1acdbc29@group-7855C2F36E53-LeaderElection477] INFO  impl.LeaderElection (LeaderElection.java:logAndReturn(56)) - e3fb79a3-1f86-42af-a80c-c46d1acdbc29@group-7855C2F36E53-LeaderElection477: Election REJECTED; received 0 response(s) [] and 2 exception(s); e3fb79a3-1f86-42af-a80c-c46d1acdbc29@group-7855C2F36E53:t531, leader=null, voted=e3fb79a3-1f86-42af-a80c-c46d1acdbc29, raftlog=e3fb79a3-1f86-42af-a80c-c46d1acdbc29@group-7855C2F36E53-SegmentedRaftLog:OPENED:c-1,f-1,i0, conf=-1: [e3fb79a3-1f86-42af-a80c-c46d1acdbc29:192.168.157.194:44142, 81ff859e-e76f-43f5-951a-4a38422068cb:192.168.157.194:46532, a9143d84-6d7f-497d-b770-eb75585db3c7:192.168.157.194:42126], old=null
2019-11-04 16:03:06,779 [e3fb79a3-1f86-42af-a80c-c46d1acdbc29@group-7855C2F36E53-LeaderElection477] INFO  impl.LeaderElection (LogUtils.java:infoOrTrace(149)) -   Exception 0: {}
java.util.concurrent.ExecutionException: org.apache.ratis.thirdparty.io.grpc.StatusRuntimeException: UNAVAILABLE: io exception
	at java.util.concurrent.FutureTask.report(FutureTask.java:122)
	at java.util.concurrent.FutureTask.get(FutureTask.java:192)
	at org.apache.ratis.server.impl.LeaderElection.waitForResults(LeaderElection.java:259)
	at org.apache.ratis.server.impl.LeaderElection.askForVotes(LeaderElection.java:197)
	at org.apache.ratis.server.impl.LeaderElection.run(LeaderElection.java:133)
	at java.lang.Thread.run(Thread.java:748)
Caused by: org.apache.ratis.thirdparty.io.grpc.StatusRuntimeException: UNAVAILABLE: io exception
	at org.apache.ratis.thirdparty.io.grpc.stub.ClientCalls.toStatusRuntimeException(ClientCalls.java:233)
	at org.apache.ratis.thirdparty.io.grpc.stub.ClientCalls.getUnchecked(ClientCalls.java:214)
	at org.apache.ratis.thirdparty.io.grpc.stub.ClientCalls.blockingUnaryCall(ClientCalls.java:139)
	at org.apache.ratis.proto.grpc.RaftServerProtocolServiceGrpc$RaftServerProtocolServiceBlockingStub.requestVote(RaftServerProtocolServiceGrpc.java:265)
	at org.apache.ratis.grpc.server.GrpcServerProtocolClient.requestVote(GrpcServerProtocolClient.java:99)
	at org.apache.ratis.grpc.server.GrpcService.requestVote(GrpcService.java:204)
	at org.apache.ratis.server.impl.LeaderElection.lambda$submitRequests$1(LeaderElection.java:234)
	at java.util.concurrent.FutureTask.run(FutureTask.java:266)
	at java.util.concurrent.Executors$RunnableAdapter.call(Executors.java:511)
	at java.util.concurrent.FutureTask.run(FutureTask.java:266)
	at java.util.concurrent.ThreadPoolExecutor.runWorker(ThreadPoolExecutor.java:1149)
	at java.util.concurrent.ThreadPoolExecutor$Worker.run(ThreadPoolExecutor.java:624)
	... 1 more
Caused by: org.apache.ratis.thirdparty.io.netty.channel.AbstractChannel$AnnotatedConnectException: Connection refused: /192.168.157.194:46532
	at sun.nio.ch.SocketChannelImpl.checkConnect(Native Method)
	at sun.nio.ch.SocketChannelImpl.finishConnect(SocketChannelImpl.java:717)
	at org.apache.ratis.thirdparty.io.netty.channel.socket.nio.NioSocketChannel.doFinishConnect(NioSocketChannel.java:327)
	at org.apache.ratis.thirdparty.io.netty.channel.nio.AbstractNioChannel$AbstractNioUnsafe.finishConnect(AbstractNioChannel.java:340)
	at org.apache.ratis.thirdparty.io.netty.channel.nio.NioEventLoop.processSelectedKey(NioEventLoop.java:632)
	at org.apache.ratis.thirdparty.io.netty.channel.nio.NioEventLoop.processSelectedKeysOptimized(NioEventLoop.java:579)
	at org.apache.ratis.thirdparty.io.netty.channel.nio.NioEventLoop.processSelectedKeys(NioEventLoop.java:496)
	at org.apache.ratis.thirdparty.io.netty.channel.nio.NioEventLoop.run(NioEventLoop.java:458)
	at org.apache.ratis.thirdparty.io.netty.util.concurrent.SingleThreadEventExecutor$5.run(SingleThreadEventExecutor.java:897)
	at org.apache.ratis.thirdparty.io.netty.util.concurrent.FastThreadLocalRunnable.run(FastThreadLocalRunnable.java:30)
	... 1 more
Caused by: java.net.ConnectException: Connection refused
	... 11 more
2019-11-04 16:03:06,779 [e3fb79a3-1f86-42af-a80c-c46d1acdbc29@group-7855C2F36E53-LeaderElection477] INFO  impl.LeaderElection (LogUtils.java:infoOrTrace(149)) -   Exception 1: {}
java.util.concurrent.ExecutionException: org.apache.ratis.thirdparty.io.grpc.StatusRuntimeException: UNAVAILABLE: io exception
	at java.util.concurrent.FutureTask.report(FutureTask.java:122)
	at java.util.concurrent.FutureTask.get(FutureTask.java:192)
	at org.apache.ratis.server.impl.LeaderElection.waitForResults(LeaderElection.java:259)
	at org.apache.ratis.server.impl.LeaderElection.askForVotes(LeaderElection.java:197)
	at org.apache.ratis.server.impl.LeaderElection.run(LeaderElection.java:133)
	at java.lang.Thread.run(Thread.java:748)
Caused by: org.apache.ratis.thirdparty.io.grpc.StatusRuntimeException: UNAVAILABLE: io exception
	at org.apache.ratis.thirdparty.io.grpc.stub.ClientCalls.toStatusRuntimeException(ClientCalls.java:233)
	at org.apache.ratis.thirdparty.io.grpc.stub.ClientCalls.getUnchecked(ClientCalls.java:214)
	at org.apache.ratis.thirdparty.io.grpc.stub.ClientCalls.blockingUnaryCall(ClientCalls.java:139)
	at org.apache.ratis.proto.grpc.RaftServerProtocolServiceGrpc$RaftServerProtocolServiceBlockingStub.requestVote(RaftServerProtocolServiceGrpc.java:265)
	at org.apache.ratis.grpc.server.GrpcServerProtocolClient.requestVote(GrpcServerProtocolClient.java:99)
	at org.apache.ratis.grpc.server.GrpcService.requestVote(GrpcService.java:204)
	at org.apache.ratis.server.impl.LeaderElection.lambda$submitRequests$1(LeaderElection.java:234)
	at java.util.concurrent.FutureTask.run(FutureTask.java:266)
	at java.util.concurrent.Executors$RunnableAdapter.call(Executors.java:511)
	at java.util.concurrent.FutureTask.run(FutureTask.java:266)
	at java.util.concurrent.ThreadPoolExecutor.runWorker(ThreadPoolExecutor.java:1149)
	at java.util.concurrent.ThreadPoolExecutor$Worker.run(ThreadPoolExecutor.java:624)
	... 1 more
Caused by: org.apache.ratis.thirdparty.io.netty.channel.AbstractChannel$AnnotatedConnectException: Connection refused: /192.168.157.194:42126
	at sun.nio.ch.SocketChannelImpl.checkConnect(Native Method)
	at sun.nio.ch.SocketChannelImpl.finishConnect(SocketChannelImpl.java:717)
	at org.apache.ratis.thirdparty.io.netty.channel.socket.nio.NioSocketChannel.doFinishConnect(NioSocketChannel.java:327)
	at org.apache.ratis.thirdparty.io.netty.channel.nio.AbstractNioChannel$AbstractNioUnsafe.finishConnect(AbstractNioChannel.java:340)
	at org.apache.ratis.thirdparty.io.netty.channel.nio.NioEventLoop.processSelectedKey(NioEventLoop.java:632)
	at org.apache.ratis.thirdparty.io.netty.channel.nio.NioEventLoop.processSelectedKeysOptimized(NioEventLoop.java:579)
	at org.apache.ratis.thirdparty.io.netty.channel.nio.NioEventLoop.processSelectedKeys(NioEventLoop.java:496)
	at org.apache.ratis.thirdparty.io.netty.channel.nio.NioEventLoop.run(NioEventLoop.java:458)
	at org.apache.ratis.thirdparty.io.netty.util.concurrent.SingleThreadEventExecutor$5.run(SingleThreadEventExecutor.java:897)
	at org.apache.ratis.thirdparty.io.netty.util.concurrent.FastThreadLocalRunnable.run(FastThreadLocalRunnable.java:30)
	... 1 more
Caused by: java.net.ConnectException: Connection refused
	... 11 more
2019-11-04 16:03:06,780 [e3fb79a3-1f86-42af-a80c-c46d1acdbc29@group-7855C2F36E53-LeaderElection477] INFO  impl.RaftServerImpl (RaftServerImpl.java:setRole(184)) - e3fb79a3-1f86-42af-a80c-c46d1acdbc29@group-7855C2F36E53: changes role from CANDIDATE to FOLLOWER at term 531 for DISCOVERED_A_NEW_TERM
2019-11-04 16:03:06,780 [e3fb79a3-1f86-42af-a80c-c46d1acdbc29@group-7855C2F36E53-LeaderElection477] INFO  impl.RoleInfo (RoleInfo.java:shutdownLeaderElection(134)) - e3fb79a3-1f86-42af-a80c-c46d1acdbc29: shutdown LeaderElection
2019-11-04 16:03:06,780 [e3fb79a3-1f86-42af-a80c-c46d1acdbc29@group-7855C2F36E53-LeaderElection477] INFO  impl.RoleInfo (RoleInfo.java:updateAndGet(143)) - e3fb79a3-1f86-42af-a80c-c46d1acdbc29: start FollowerState
2019-11-04 16:03:06,872 [Thread-3424] INFO  impl.FollowerState (FollowerState.java:run(108)) - e3fb79a3-1f86-42af-a80c-c46d1acdbc29@group-7855C2F36E53-FollowerState: change to CANDIDATE, lastRpcTime:91ms, electionTimeout:91ms
2019-11-04 16:03:06,872 [Thread-3424] INFO  impl.RoleInfo (RoleInfo.java:shutdownFollowerState(121)) - e3fb79a3-1f86-42af-a80c-c46d1acdbc29: shutdown FollowerState
2019-11-04 16:03:06,872 [Thread-3424] INFO  impl.RaftServerImpl (RaftServerImpl.java:setRole(184)) - e3fb79a3-1f86-42af-a80c-c46d1acdbc29@group-7855C2F36E53: changes role from  FOLLOWER to CANDIDATE at term 531 for changeToCandidate
2019-11-04 16:03:06,872 [Thread-3424] INFO  impl.RoleInfo (RoleInfo.java:updateAndGet(143)) - e3fb79a3-1f86-42af-a80c-c46d1acdbc29: start LeaderElection
2019-11-04 16:03:06,890 [e3fb79a3-1f86-42af-a80c-c46d1acdbc29@group-7855C2F36E53-LeaderElection478] INFO  impl.LeaderElection (LeaderElection.java:askForVotes(178)) - e3fb79a3-1f86-42af-a80c-c46d1acdbc29@group-7855C2F36E53-LeaderElection478: begin an election at term 532 for -1: [e3fb79a3-1f86-42af-a80c-c46d1acdbc29:192.168.157.194:44142, 81ff859e-e76f-43f5-951a-4a38422068cb:192.168.157.194:46532, a9143d84-6d7f-497d-b770-eb75585db3c7:192.168.157.194:42126], old=null
2019-11-04 16:03:06,891 [e3fb79a3-1f86-42af-a80c-c46d1acdbc29@group-7855C2F36E53-LeaderElection478] INFO  impl.LeaderElection (LogUtils.java:infoOrTrace(149)) - e3fb79a3-1f86-42af-a80c-c46d1acdbc29@group-7855C2F36E53-LeaderElection478 got exception when requesting votes: {}
java.util.concurrent.ExecutionException: org.apache.ratis.thirdparty.io.grpc.StatusRuntimeException: UNAVAILABLE: io exception
	at java.util.concurrent.FutureTask.report(FutureTask.java:122)
	at java.util.concurrent.FutureTask.get(FutureTask.java:192)
	at org.apache.ratis.server.impl.LeaderElection.waitForResults(LeaderElection.java:259)
	at org.apache.ratis.server.impl.LeaderElection.askForVotes(LeaderElection.java:197)
	at org.apache.ratis.server.impl.LeaderElection.run(LeaderElection.java:133)
	at java.lang.Thread.run(Thread.java:748)
Caused by: org.apache.ratis.thirdparty.io.grpc.StatusRuntimeException: UNAVAILABLE: io exception
	at org.apache.ratis.thirdparty.io.grpc.stub.ClientCalls.toStatusRuntimeException(ClientCalls.java:233)
	at org.apache.ratis.thirdparty.io.grpc.stub.ClientCalls.getUnchecked(ClientCalls.java:214)
	at org.apache.ratis.thirdparty.io.grpc.stub.ClientCalls.blockingUnaryCall(ClientCalls.java:139)
	at org.apache.ratis.proto.grpc.RaftServerProtocolServiceGrpc$RaftServerProtocolServiceBlockingStub.requestVote(RaftServerProtocolServiceGrpc.java:265)
	at org.apache.ratis.grpc.server.GrpcServerProtocolClient.requestVote(GrpcServerProtocolClient.java:99)
	at org.apache.ratis.grpc.server.GrpcService.requestVote(GrpcService.java:204)
	at org.apache.ratis.server.impl.LeaderElection.lambda$submitRequests$1(LeaderElection.java:234)
	at java.util.concurrent.FutureTask.run(FutureTask.java:266)
	at java.util.concurrent.Executors$RunnableAdapter.call(Executors.java:511)
	at java.util.concurrent.FutureTask.run(FutureTask.java:266)
	at java.util.concurrent.ThreadPoolExecutor.runWorker(ThreadPoolExecutor.java:1149)
	at java.util.concurrent.ThreadPoolExecutor$Worker.run(ThreadPoolExecutor.java:624)
	... 1 more
Caused by: org.apache.ratis.thirdparty.io.netty.channel.AbstractChannel$AnnotatedConnectException: Connection refused: /192.168.157.194:46532
	at sun.nio.ch.SocketChannelImpl.checkConnect(Native Method)
	at sun.nio.ch.SocketChannelImpl.finishConnect(SocketChannelImpl.java:717)
	at org.apache.ratis.thirdparty.io.netty.channel.socket.nio.NioSocketChannel.doFinishConnect(NioSocketChannel.java:327)
	at org.apache.ratis.thirdparty.io.netty.channel.nio.AbstractNioChannel$AbstractNioUnsafe.finishConnect(AbstractNioChannel.java:340)
	at org.apache.ratis.thirdparty.io.netty.channel.nio.NioEventLoop.processSelectedKey(NioEventLoop.java:632)
	at org.apache.ratis.thirdparty.io.netty.channel.nio.NioEventLoop.processSelectedKeysOptimized(NioEventLoop.java:579)
	at org.apache.ratis.thirdparty.io.netty.channel.nio.NioEventLoop.processSelectedKeys(NioEventLoop.java:496)
	at org.apache.ratis.thirdparty.io.netty.channel.nio.NioEventLoop.run(NioEventLoop.java:458)
	at org.apache.ratis.thirdparty.io.netty.util.concurrent.SingleThreadEventExecutor$5.run(SingleThreadEventExecutor.java:897)
	at org.apache.ratis.thirdparty.io.netty.util.concurrent.FastThreadLocalRunnable.run(FastThreadLocalRunnable.java:30)
	... 1 more
Caused by: java.net.ConnectException: Connection refused
	... 11 more
2019-11-04 16:03:06,893 [e3fb79a3-1f86-42af-a80c-c46d1acdbc29@group-7855C2F36E53-LeaderElection478] INFO  impl.LeaderElection (LogUtils.java:infoOrTrace(149)) - e3fb79a3-1f86-42af-a80c-c46d1acdbc29@group-7855C2F36E53-LeaderElection478 got exception when requesting votes: {}
java.util.concurrent.ExecutionException: org.apache.ratis.thirdparty.io.grpc.StatusRuntimeException: UNAVAILABLE: io exception
	at java.util.concurrent.FutureTask.report(FutureTask.java:122)
	at java.util.concurrent.FutureTask.get(FutureTask.java:192)
	at org.apache.ratis.server.impl.LeaderElection.waitForResults(LeaderElection.java:259)
	at org.apache.ratis.server.impl.LeaderElection.askForVotes(LeaderElection.java:197)
	at org.apache.ratis.server.impl.LeaderElection.run(LeaderElection.java:133)
	at java.lang.Thread.run(Thread.java:748)
Caused by: org.apache.ratis.thirdparty.io.grpc.StatusRuntimeException: UNAVAILABLE: io exception
	at org.apache.ratis.thirdparty.io.grpc.stub.ClientCalls.toStatusRuntimeException(ClientCalls.java:233)
	at org.apache.ratis.thirdparty.io.grpc.stub.ClientCalls.getUnchecked(ClientCalls.java:214)
	at org.apache.ratis.thirdparty.io.grpc.stub.ClientCalls.blockingUnaryCall(ClientCalls.java:139)
	at org.apache.ratis.proto.grpc.RaftServerProtocolServiceGrpc$RaftServerProtocolServiceBlockingStub.requestVote(RaftServerProtocolServiceGrpc.java:265)
	at org.apache.ratis.grpc.server.GrpcServerProtocolClient.requestVote(GrpcServerProtocolClient.java:99)
	at org.apache.ratis.grpc.server.GrpcService.requestVote(GrpcService.java:204)
	at org.apache.ratis.server.impl.LeaderElection.lambda$submitRequests$1(LeaderElection.java:234)
	at java.util.concurrent.FutureTask.run(FutureTask.java:266)
	at java.util.concurrent.Executors$RunnableAdapter.call(Executors.java:511)
	at java.util.concurrent.FutureTask.run(FutureTask.java:266)
	at java.util.concurrent.ThreadPoolExecutor.runWorker(ThreadPoolExecutor.java:1149)
	at java.util.concurrent.ThreadPoolExecutor$Worker.run(ThreadPoolExecutor.java:624)
	... 1 more
Caused by: org.apache.ratis.thirdparty.io.netty.channel.AbstractChannel$AnnotatedConnectException: Connection refused: /192.168.157.194:42126
	at sun.nio.ch.SocketChannelImpl.checkConnect(Native Method)
	at sun.nio.ch.SocketChannelImpl.finishConnect(SocketChannelImpl.java:717)
	at org.apache.ratis.thirdparty.io.netty.channel.socket.nio.NioSocketChannel.doFinishConnect(NioSocketChannel.java:327)
	at org.apache.ratis.thirdparty.io.netty.channel.nio.AbstractNioChannel$AbstractNioUnsafe.finishConnect(AbstractNioChannel.java:340)
	at org.apache.ratis.thirdparty.io.netty.channel.nio.NioEventLoop.processSelectedKey(NioEventLoop.java:632)
	at org.apache.ratis.thirdparty.io.netty.channel.nio.NioEventLoop.processSelectedKeysOptimized(NioEventLoop.java:579)
	at org.apache.ratis.thirdparty.io.netty.channel.nio.NioEventLoop.processSelectedKeys(NioEventLoop.java:496)
	at org.apache.ratis.thirdparty.io.netty.channel.nio.NioEventLoop.run(NioEventLoop.java:458)
	at org.apache.ratis.thirdparty.io.netty.util.concurrent.SingleThreadEventExecutor$5.run(SingleThreadEventExecutor.java:897)
	at org.apache.ratis.thirdparty.io.netty.util.concurrent.FastThreadLocalRunnable.run(FastThreadLocalRunnable.java:30)
	... 1 more
Caused by: java.net.ConnectException: Connection refused
	... 11 more
2019-11-04 16:03:06,894 [e3fb79a3-1f86-42af-a80c-c46d1acdbc29@group-7855C2F36E53-LeaderElection478] INFO  impl.LeaderElection (LeaderElection.java:logAndReturn(56)) - e3fb79a3-1f86-42af-a80c-c46d1acdbc29@group-7855C2F36E53-LeaderElection478: Election REJECTED; received 0 response(s) [] and 2 exception(s); e3fb79a3-1f86-42af-a80c-c46d1acdbc29@group-7855C2F36E53:t532, leader=null, voted=e3fb79a3-1f86-42af-a80c-c46d1acdbc29, raftlog=e3fb79a3-1f86-42af-a80c-c46d1acdbc29@group-7855C2F36E53-SegmentedRaftLog:OPENED:c-1,f-1,i0, conf=-1: [e3fb79a3-1f86-42af-a80c-c46d1acdbc29:192.168.157.194:44142, 81ff859e-e76f-43f5-951a-4a38422068cb:192.168.157.194:46532, a9143d84-6d7f-497d-b770-eb75585db3c7:192.168.157.194:42126], old=null
2019-11-04 16:03:06,894 [e3fb79a3-1f86-42af-a80c-c46d1acdbc29@group-7855C2F36E53-LeaderElection478] INFO  impl.LeaderElection (LogUtils.java:infoOrTrace(149)) -   Exception 0: {}
java.util.concurrent.ExecutionException: org.apache.ratis.thirdparty.io.grpc.StatusRuntimeException: UNAVAILABLE: io exception
	at java.util.concurrent.FutureTask.report(FutureTask.java:122)
	at java.util.concurrent.FutureTask.get(FutureTask.java:192)
	at org.apache.ratis.server.impl.LeaderElection.waitForResults(LeaderElection.java:259)
	at org.apache.ratis.server.impl.LeaderElection.askForVotes(LeaderElection.java:197)
	at org.apache.ratis.server.impl.LeaderElection.run(LeaderElection.java:133)
	at java.lang.Thread.run(Thread.java:748)
Caused by: org.apache.ratis.thirdparty.io.grpc.StatusRuntimeException: UNAVAILABLE: io exception
	at org.apache.ratis.thirdparty.io.grpc.stub.ClientCalls.toStatusRuntimeException(ClientCalls.java:233)
	at org.apache.ratis.thirdparty.io.grpc.stub.ClientCalls.getUnchecked(ClientCalls.java:214)
	at org.apache.ratis.thirdparty.io.grpc.stub.ClientCalls.blockingUnaryCall(ClientCalls.java:139)
	at org.apache.ratis.proto.grpc.RaftServerProtocolServiceGrpc$RaftServerProtocolServiceBlockingStub.requestVote(RaftServerProtocolServiceGrpc.java:265)
	at org.apache.ratis.grpc.server.GrpcServerProtocolClient.requestVote(GrpcServerProtocolClient.java:99)
	at org.apache.ratis.grpc.server.GrpcService.requestVote(GrpcService.java:204)
	at org.apache.ratis.server.impl.LeaderElection.lambda$submitRequests$1(LeaderElection.java:234)
	at java.util.concurrent.FutureTask.run(FutureTask.java:266)
	at java.util.concurrent.Executors$RunnableAdapter.call(Executors.java:511)
	at java.util.concurrent.FutureTask.run(FutureTask.java:266)
	at java.util.concurrent.ThreadPoolExecutor.runWorker(ThreadPoolExecutor.java:1149)
	at java.util.concurrent.ThreadPoolExecutor$Worker.run(ThreadPoolExecutor.java:624)
	... 1 more
Caused by: org.apache.ratis.thirdparty.io.netty.channel.AbstractChannel$AnnotatedConnectException: Connection refused: /192.168.157.194:46532
	at sun.nio.ch.SocketChannelImpl.checkConnect(Native Method)
	at sun.nio.ch.SocketChannelImpl.finishConnect(SocketChannelImpl.java:717)
	at org.apache.ratis.thirdparty.io.netty.channel.socket.nio.NioSocketChannel.doFinishConnect(NioSocketChannel.java:327)
	at org.apache.ratis.thirdparty.io.netty.channel.nio.AbstractNioChannel$AbstractNioUnsafe.finishConnect(AbstractNioChannel.java:340)
	at org.apache.ratis.thirdparty.io.netty.channel.nio.NioEventLoop.processSelectedKey(NioEventLoop.java:632)
	at org.apache.ratis.thirdparty.io.netty.channel.nio.NioEventLoop.processSelectedKeysOptimized(NioEventLoop.java:579)
	at org.apache.ratis.thirdparty.io.netty.channel.nio.NioEventLoop.processSelectedKeys(NioEventLoop.java:496)
	at org.apache.ratis.thirdparty.io.netty.channel.nio.NioEventLoop.run(NioEventLoop.java:458)
	at org.apache.ratis.thirdparty.io.netty.util.concurrent.SingleThreadEventExecutor$5.run(SingleThreadEventExecutor.java:897)
	at org.apache.ratis.thirdparty.io.netty.util.concurrent.FastThreadLocalRunnable.run(FastThreadLocalRunnable.java:30)
	... 1 more
Caused by: java.net.ConnectException: Connection refused
	... 11 more
2019-11-04 16:03:06,894 [e3fb79a3-1f86-42af-a80c-c46d1acdbc29@group-7855C2F36E53-LeaderElection478] INFO  impl.LeaderElection (LogUtils.java:infoOrTrace(149)) -   Exception 1: {}
java.util.concurrent.ExecutionException: org.apache.ratis.thirdparty.io.grpc.StatusRuntimeException: UNAVAILABLE: io exception
	at java.util.concurrent.FutureTask.report(FutureTask.java:122)
	at java.util.concurrent.FutureTask.get(FutureTask.java:192)
	at org.apache.ratis.server.impl.LeaderElection.waitForResults(LeaderElection.java:259)
	at org.apache.ratis.server.impl.LeaderElection.askForVotes(LeaderElection.java:197)
	at org.apache.ratis.server.impl.LeaderElection.run(LeaderElection.java:133)
	at java.lang.Thread.run(Thread.java:748)
Caused by: org.apache.ratis.thirdparty.io.grpc.StatusRuntimeException: UNAVAILABLE: io exception
	at org.apache.ratis.thirdparty.io.grpc.stub.ClientCalls.toStatusRuntimeException(ClientCalls.java:233)
	at org.apache.ratis.thirdparty.io.grpc.stub.ClientCalls.getUnchecked(ClientCalls.java:214)
	at org.apache.ratis.thirdparty.io.grpc.stub.ClientCalls.blockingUnaryCall(ClientCalls.java:139)
	at org.apache.ratis.proto.grpc.RaftServerProtocolServiceGrpc$RaftServerProtocolServiceBlockingStub.requestVote(RaftServerProtocolServiceGrpc.java:265)
	at org.apache.ratis.grpc.server.GrpcServerProtocolClient.requestVote(GrpcServerProtocolClient.java:99)
	at org.apache.ratis.grpc.server.GrpcService.requestVote(GrpcService.java:204)
	at org.apache.ratis.server.impl.LeaderElection.lambda$submitRequests$1(LeaderElection.java:234)
	at java.util.concurrent.FutureTask.run(FutureTask.java:266)
	at java.util.concurrent.Executors$RunnableAdapter.call(Executors.java:511)
	at java.util.concurrent.FutureTask.run(FutureTask.java:266)
	at java.util.concurrent.ThreadPoolExecutor.runWorker(ThreadPoolExecutor.java:1149)
	at java.util.concurrent.ThreadPoolExecutor$Worker.run(ThreadPoolExecutor.java:624)
	... 1 more
Caused by: org.apache.ratis.thirdparty.io.netty.channel.AbstractChannel$AnnotatedConnectException: Connection refused: /192.168.157.194:42126
	at sun.nio.ch.SocketChannelImpl.checkConnect(Native Method)
	at sun.nio.ch.SocketChannelImpl.finishConnect(SocketChannelImpl.java:717)
	at org.apache.ratis.thirdparty.io.netty.channel.socket.nio.NioSocketChannel.doFinishConnect(NioSocketChannel.java:327)
	at org.apache.ratis.thirdparty.io.netty.channel.nio.AbstractNioChannel$AbstractNioUnsafe.finishConnect(AbstractNioChannel.java:340)
	at org.apache.ratis.thirdparty.io.netty.channel.nio.NioEventLoop.processSelectedKey(NioEventLoop.java:632)
	at org.apache.ratis.thirdparty.io.netty.channel.nio.NioEventLoop.processSelectedKeysOptimized(NioEventLoop.java:579)
	at org.apache.ratis.thirdparty.io.netty.channel.nio.NioEventLoop.processSelectedKeys(NioEventLoop.java:496)
	at org.apache.ratis.thirdparty.io.netty.channel.nio.NioEventLoop.run(NioEventLoop.java:458)
	at org.apache.ratis.thirdparty.io.netty.util.concurrent.SingleThreadEventExecutor$5.run(SingleThreadEventExecutor.java:897)
	at org.apache.ratis.thirdparty.io.netty.util.concurrent.FastThreadLocalRunnable.run(FastThreadLocalRunnable.java:30)
	... 1 more
Caused by: java.net.ConnectException: Connection refused
	... 11 more
2019-11-04 16:03:06,894 [e3fb79a3-1f86-42af-a80c-c46d1acdbc29@group-7855C2F36E53-LeaderElection478] INFO  impl.RaftServerImpl (RaftServerImpl.java:setRole(184)) - e3fb79a3-1f86-42af-a80c-c46d1acdbc29@group-7855C2F36E53: changes role from CANDIDATE to FOLLOWER at term 532 for DISCOVERED_A_NEW_TERM
2019-11-04 16:03:06,894 [e3fb79a3-1f86-42af-a80c-c46d1acdbc29@group-7855C2F36E53-LeaderElection478] INFO  impl.RoleInfo (RoleInfo.java:shutdownLeaderElection(134)) - e3fb79a3-1f86-42af-a80c-c46d1acdbc29: shutdown LeaderElection
2019-11-04 16:03:06,894 [e3fb79a3-1f86-42af-a80c-c46d1acdbc29@group-7855C2F36E53-LeaderElection478] INFO  impl.RoleInfo (RoleInfo.java:updateAndGet(143)) - e3fb79a3-1f86-42af-a80c-c46d1acdbc29: start FollowerState
2019-11-04 16:03:06,928 [Thread-3428] INFO  impl.FollowerState (FollowerState.java:run(108)) - e3fb79a3-1f86-42af-a80c-c46d1acdbc29@group-7855C2F36E53-FollowerState: change to CANDIDATE, lastRpcTime:33ms, electionTimeout:33ms
2019-11-04 16:03:06,928 [Thread-3428] INFO  impl.RoleInfo (RoleInfo.java:shutdownFollowerState(121)) - e3fb79a3-1f86-42af-a80c-c46d1acdbc29: shutdown FollowerState
2019-11-04 16:03:06,928 [Thread-3428] INFO  impl.RaftServerImpl (RaftServerImpl.java:setRole(184)) - e3fb79a3-1f86-42af-a80c-c46d1acdbc29@group-7855C2F36E53: changes role from  FOLLOWER to CANDIDATE at term 532 for changeToCandidate
2019-11-04 16:03:06,928 [Thread-3428] INFO  impl.RoleInfo (RoleInfo.java:updateAndGet(143)) - e3fb79a3-1f86-42af-a80c-c46d1acdbc29: start LeaderElection
2019-11-04 16:03:06,954 [e3fb79a3-1f86-42af-a80c-c46d1acdbc29@group-7855C2F36E53-LeaderElection479] INFO  impl.LeaderElection (LeaderElection.java:askForVotes(178)) - e3fb79a3-1f86-42af-a80c-c46d1acdbc29@group-7855C2F36E53-LeaderElection479: begin an election at term 533 for -1: [e3fb79a3-1f86-42af-a80c-c46d1acdbc29:192.168.157.194:44142, 81ff859e-e76f-43f5-951a-4a38422068cb:192.168.157.194:46532, a9143d84-6d7f-497d-b770-eb75585db3c7:192.168.157.194:42126], old=null
2019-11-04 16:03:06,955 [e3fb79a3-1f86-42af-a80c-c46d1acdbc29@group-7855C2F36E53-LeaderElection479] INFO  impl.LeaderElection (LogUtils.java:infoOrTrace(149)) - e3fb79a3-1f86-42af-a80c-c46d1acdbc29@group-7855C2F36E53-LeaderElection479 got exception when requesting votes: {}
java.util.concurrent.ExecutionException: org.apache.ratis.thirdparty.io.grpc.StatusRuntimeException: UNAVAILABLE: io exception
	at java.util.concurrent.FutureTask.report(FutureTask.java:122)
	at java.util.concurrent.FutureTask.get(FutureTask.java:192)
	at org.apache.ratis.server.impl.LeaderElection.waitForResults(LeaderElection.java:259)
	at org.apache.ratis.server.impl.LeaderElection.askForVotes(LeaderElection.java:197)
	at org.apache.ratis.server.impl.LeaderElection.run(LeaderElection.java:133)
	at java.lang.Thread.run(Thread.java:748)
Caused by: org.apache.ratis.thirdparty.io.grpc.StatusRuntimeException: UNAVAILABLE: io exception
	at org.apache.ratis.thirdparty.io.grpc.stub.ClientCalls.toStatusRuntimeException(ClientCalls.java:233)
	at org.apache.ratis.thirdparty.io.grpc.stub.ClientCalls.getUnchecked(ClientCalls.java:214)
	at org.apache.ratis.thirdparty.io.grpc.stub.ClientCalls.blockingUnaryCall(ClientCalls.java:139)
	at org.apache.ratis.proto.grpc.RaftServerProtocolServiceGrpc$RaftServerProtocolServiceBlockingStub.requestVote(RaftServerProtocolServiceGrpc.java:265)
	at org.apache.ratis.grpc.server.GrpcServerProtocolClient.requestVote(GrpcServerProtocolClient.java:99)
	at org.apache.ratis.grpc.server.GrpcService.requestVote(GrpcService.java:204)
	at org.apache.ratis.server.impl.LeaderElection.lambda$submitRequests$1(LeaderElection.java:234)
	at java.util.concurrent.FutureTask.run(FutureTask.java:266)
	at java.util.concurrent.Executors$RunnableAdapter.call(Executors.java:511)
	at java.util.concurrent.FutureTask.run(FutureTask.java:266)
	at java.util.concurrent.ThreadPoolExecutor.runWorker(ThreadPoolExecutor.java:1149)
	at java.util.concurrent.ThreadPoolExecutor$Worker.run(ThreadPoolExecutor.java:624)
	... 1 more
Caused by: org.apache.ratis.thirdparty.io.netty.channel.AbstractChannel$AnnotatedConnectException: Connection refused: /192.168.157.194:42126
	at sun.nio.ch.SocketChannelImpl.checkConnect(Native Method)
	at sun.nio.ch.SocketChannelImpl.finishConnect(SocketChannelImpl.java:717)
	at org.apache.ratis.thirdparty.io.netty.channel.socket.nio.NioSocketChannel.doFinishConnect(NioSocketChannel.java:327)
	at org.apache.ratis.thirdparty.io.netty.channel.nio.AbstractNioChannel$AbstractNioUnsafe.finishConnect(AbstractNioChannel.java:340)
	at org.apache.ratis.thirdparty.io.netty.channel.nio.NioEventLoop.processSelectedKey(NioEventLoop.java:632)
	at org.apache.ratis.thirdparty.io.netty.channel.nio.NioEventLoop.processSelectedKeysOptimized(NioEventLoop.java:579)
	at org.apache.ratis.thirdparty.io.netty.channel.nio.NioEventLoop.processSelectedKeys(NioEventLoop.java:496)
	at org.apache.ratis.thirdparty.io.netty.channel.nio.NioEventLoop.run(NioEventLoop.java:458)
	at org.apache.ratis.thirdparty.io.netty.util.concurrent.SingleThreadEventExecutor$5.run(SingleThreadEventExecutor.java:897)
	at org.apache.ratis.thirdparty.io.netty.util.concurrent.FastThreadLocalRunnable.run(FastThreadLocalRunnable.java:30)
	... 1 more
Caused by: java.net.ConnectException: Connection refused
	... 11 more
2019-11-04 16:03:06,957 [e3fb79a3-1f86-42af-a80c-c46d1acdbc29@group-7855C2F36E53-LeaderElection479] INFO  impl.LeaderElection (LogUtils.java:infoOrTrace(149)) - e3fb79a3-1f86-42af-a80c-c46d1acdbc29@group-7855C2F36E53-LeaderElection479 got exception when requesting votes: {}
java.util.concurrent.ExecutionException: org.apache.ratis.thirdparty.io.grpc.StatusRuntimeException: UNAVAILABLE: io exception
	at java.util.concurrent.FutureTask.report(FutureTask.java:122)
	at java.util.concurrent.FutureTask.get(FutureTask.java:192)
	at org.apache.ratis.server.impl.LeaderElection.waitForResults(LeaderElection.java:259)
	at org.apache.ratis.server.impl.LeaderElection.askForVotes(LeaderElection.java:197)
	at org.apache.ratis.server.impl.LeaderElection.run(LeaderElection.java:133)
	at java.lang.Thread.run(Thread.java:748)
Caused by: org.apache.ratis.thirdparty.io.grpc.StatusRuntimeException: UNAVAILABLE: io exception
	at org.apache.ratis.thirdparty.io.grpc.stub.ClientCalls.toStatusRuntimeException(ClientCalls.java:233)
	at org.apache.ratis.thirdparty.io.grpc.stub.ClientCalls.getUnchecked(ClientCalls.java:214)
	at org.apache.ratis.thirdparty.io.grpc.stub.ClientCalls.blockingUnaryCall(ClientCalls.java:139)
	at org.apache.ratis.proto.grpc.RaftServerProtocolServiceGrpc$RaftServerProtocolServiceBlockingStub.requestVote(RaftServerProtocolServiceGrpc.java:265)
	at org.apache.ratis.grpc.server.GrpcServerProtocolClient.requestVote(GrpcServerProtocolClient.java:99)
	at org.apache.ratis.grpc.server.GrpcService.requestVote(GrpcService.java:204)
	at org.apache.ratis.server.impl.LeaderElection.lambda$submitRequests$1(LeaderElection.java:234)
	at java.util.concurrent.FutureTask.run(FutureTask.java:266)
	at java.util.concurrent.Executors$RunnableAdapter.call(Executors.java:511)
	at java.util.concurrent.FutureTask.run(FutureTask.java:266)
	at java.util.concurrent.ThreadPoolExecutor.runWorker(ThreadPoolExecutor.java:1149)
	at java.util.concurrent.ThreadPoolExecutor$Worker.run(ThreadPoolExecutor.java:624)
	... 1 more
Caused by: org.apache.ratis.thirdparty.io.netty.channel.AbstractChannel$AnnotatedConnectException: Connection refused: /192.168.157.194:46532
	at sun.nio.ch.SocketChannelImpl.checkConnect(Native Method)
	at sun.nio.ch.SocketChannelImpl.finishConnect(SocketChannelImpl.java:717)
	at org.apache.ratis.thirdparty.io.netty.channel.socket.nio.NioSocketChannel.doFinishConnect(NioSocketChannel.java:327)
	at org.apache.ratis.thirdparty.io.netty.channel.nio.AbstractNioChannel$AbstractNioUnsafe.finishConnect(AbstractNioChannel.java:340)
	at org.apache.ratis.thirdparty.io.netty.channel.nio.NioEventLoop.processSelectedKey(NioEventLoop.java:632)
	at org.apache.ratis.thirdparty.io.netty.channel.nio.NioEventLoop.processSelectedKeysOptimized(NioEventLoop.java:579)
	at org.apache.ratis.thirdparty.io.netty.channel.nio.NioEventLoop.processSelectedKeys(NioEventLoop.java:496)
	at org.apache.ratis.thirdparty.io.netty.channel.nio.NioEventLoop.run(NioEventLoop.java:458)
	at org.apache.ratis.thirdparty.io.netty.util.concurrent.SingleThreadEventExecutor$5.run(SingleThreadEventExecutor.java:897)
	at org.apache.ratis.thirdparty.io.netty.util.concurrent.FastThreadLocalRunnable.run(FastThreadLocalRunnable.java:30)
	... 1 more
Caused by: java.net.ConnectException: Connection refused
	... 11 more
2019-11-04 16:03:06,958 [e3fb79a3-1f86-42af-a80c-c46d1acdbc29@group-7855C2F36E53-LeaderElection479] INFO  impl.LeaderElection (LeaderElection.java:logAndReturn(56)) - e3fb79a3-1f86-42af-a80c-c46d1acdbc29@group-7855C2F36E53-LeaderElection479: Election REJECTED; received 0 response(s) [] and 2 exception(s); e3fb79a3-1f86-42af-a80c-c46d1acdbc29@group-7855C2F36E53:t533, leader=null, voted=e3fb79a3-1f86-42af-a80c-c46d1acdbc29, raftlog=e3fb79a3-1f86-42af-a80c-c46d1acdbc29@group-7855C2F36E53-SegmentedRaftLog:OPENED:c-1,f-1,i0, conf=-1: [e3fb79a3-1f86-42af-a80c-c46d1acdbc29:192.168.157.194:44142, 81ff859e-e76f-43f5-951a-4a38422068cb:192.168.157.194:46532, a9143d84-6d7f-497d-b770-eb75585db3c7:192.168.157.194:42126], old=null
2019-11-04 16:03:06,958 [e3fb79a3-1f86-42af-a80c-c46d1acdbc29@group-7855C2F36E53-LeaderElection479] INFO  impl.LeaderElection (LogUtils.java:infoOrTrace(149)) -   Exception 0: {}
java.util.concurrent.ExecutionException: org.apache.ratis.thirdparty.io.grpc.StatusRuntimeException: UNAVAILABLE: io exception
	at java.util.concurrent.FutureTask.report(FutureTask.java:122)
	at java.util.concurrent.FutureTask.get(FutureTask.java:192)
	at org.apache.ratis.server.impl.LeaderElection.waitForResults(LeaderElection.java:259)
	at org.apache.ratis.server.impl.LeaderElection.askForVotes(LeaderElection.java:197)
	at org.apache.ratis.server.impl.LeaderElection.run(LeaderElection.java:133)
	at java.lang.Thread.run(Thread.java:748)
Caused by: org.apache.ratis.thirdparty.io.grpc.StatusRuntimeException: UNAVAILABLE: io exception
	at org.apache.ratis.thirdparty.io.grpc.stub.ClientCalls.toStatusRuntimeException(ClientCalls.java:233)
	at org.apache.ratis.thirdparty.io.grpc.stub.ClientCalls.getUnchecked(ClientCalls.java:214)
	at org.apache.ratis.thirdparty.io.grpc.stub.ClientCalls.blockingUnaryCall(ClientCalls.java:139)
	at org.apache.ratis.proto.grpc.RaftServerProtocolServiceGrpc$RaftServerProtocolServiceBlockingStub.requestVote(RaftServerProtocolServiceGrpc.java:265)
	at org.apache.ratis.grpc.server.GrpcServerProtocolClient.requestVote(GrpcServerProtocolClient.java:99)
	at org.apache.ratis.grpc.server.GrpcService.requestVote(GrpcService.java:204)
	at org.apache.ratis.server.impl.LeaderElection.lambda$submitRequests$1(LeaderElection.java:234)
	at java.util.concurrent.FutureTask.run(FutureTask.java:266)
	at java.util.concurrent.Executors$RunnableAdapter.call(Executors.java:511)
	at java.util.concurrent.FutureTask.run(FutureTask.java:266)
	at java.util.concurrent.ThreadPoolExecutor.runWorker(ThreadPoolExecutor.java:1149)
	at java.util.concurrent.ThreadPoolExecutor$Worker.run(ThreadPoolExecutor.java:624)
	... 1 more
Caused by: org.apache.ratis.thirdparty.io.netty.channel.AbstractChannel$AnnotatedConnectException: Connection refused: /192.168.157.194:42126
	at sun.nio.ch.SocketChannelImpl.checkConnect(Native Method)
	at sun.nio.ch.SocketChannelImpl.finishConnect(SocketChannelImpl.java:717)
	at org.apache.ratis.thirdparty.io.netty.channel.socket.nio.NioSocketChannel.doFinishConnect(NioSocketChannel.java:327)
	at org.apache.ratis.thirdparty.io.netty.channel.nio.AbstractNioChannel$AbstractNioUnsafe.finishConnect(AbstractNioChannel.java:340)
	at org.apache.ratis.thirdparty.io.netty.channel.nio.NioEventLoop.processSelectedKey(NioEventLoop.java:632)
	at org.apache.ratis.thirdparty.io.netty.channel.nio.NioEventLoop.processSelectedKeysOptimized(NioEventLoop.java:579)
	at org.apache.ratis.thirdparty.io.netty.channel.nio.NioEventLoop.processSelectedKeys(NioEventLoop.java:496)
	at org.apache.ratis.thirdparty.io.netty.channel.nio.NioEventLoop.run(NioEventLoop.java:458)
	at org.apache.ratis.thirdparty.io.netty.util.concurrent.SingleThreadEventExecutor$5.run(SingleThreadEventExecutor.java:897)
	at org.apache.ratis.thirdparty.io.netty.util.concurrent.FastThreadLocalRunnable.run(FastThreadLocalRunnable.java:30)
	... 1 more
Caused by: java.net.ConnectException: Connection refused
	... 11 more
2019-11-04 16:03:06,958 [e3fb79a3-1f86-42af-a80c-c46d1acdbc29@group-7855C2F36E53-LeaderElection479] INFO  impl.LeaderElection (LogUtils.java:infoOrTrace(149)) -   Exception 1: {}
java.util.concurrent.ExecutionException: org.apache.ratis.thirdparty.io.grpc.StatusRuntimeException: UNAVAILABLE: io exception
	at java.util.concurrent.FutureTask.report(FutureTask.java:122)
	at java.util.concurrent.FutureTask.get(FutureTask.java:192)
	at org.apache.ratis.server.impl.LeaderElection.waitForResults(LeaderElection.java:259)
	at org.apache.ratis.server.impl.LeaderElection.askForVotes(LeaderElection.java:197)
	at org.apache.ratis.server.impl.LeaderElection.run(LeaderElection.java:133)
	at java.lang.Thread.run(Thread.java:748)
Caused by: org.apache.ratis.thirdparty.io.grpc.StatusRuntimeException: UNAVAILABLE: io exception
	at org.apache.ratis.thirdparty.io.grpc.stub.ClientCalls.toStatusRuntimeException(ClientCalls.java:233)
	at org.apache.ratis.thirdparty.io.grpc.stub.ClientCalls.getUnchecked(ClientCalls.java:214)
	at org.apache.ratis.thirdparty.io.grpc.stub.ClientCalls.blockingUnaryCall(ClientCalls.java:139)
	at org.apache.ratis.proto.grpc.RaftServerProtocolServiceGrpc$RaftServerProtocolServiceBlockingStub.requestVote(RaftServerProtocolServiceGrpc.java:265)
	at org.apache.ratis.grpc.server.GrpcServerProtocolClient.requestVote(GrpcServerProtocolClient.java:99)
	at org.apache.ratis.grpc.server.GrpcService.requestVote(GrpcService.java:204)
	at org.apache.ratis.server.impl.LeaderElection.lambda$submitRequests$1(LeaderElection.java:234)
	at java.util.concurrent.FutureTask.run(FutureTask.java:266)
	at java.util.concurrent.Executors$RunnableAdapter.call(Executors.java:511)
	at java.util.concurrent.FutureTask.run(FutureTask.java:266)
	at java.util.concurrent.ThreadPoolExecutor.runWorker(ThreadPoolExecutor.java:1149)
	at java.util.concurrent.ThreadPoolExecutor$Worker.run(ThreadPoolExecutor.java:624)
	... 1 more
Caused by: org.apache.ratis.thirdparty.io.netty.channel.AbstractChannel$AnnotatedConnectException: Connection refused: /192.168.157.194:46532
	at sun.nio.ch.SocketChannelImpl.checkConnect(Native Method)
	at sun.nio.ch.SocketChannelImpl.finishConnect(SocketChannelImpl.java:717)
	at org.apache.ratis.thirdparty.io.netty.channel.socket.nio.NioSocketChannel.doFinishConnect(NioSocketChannel.java:327)
	at org.apache.ratis.thirdparty.io.netty.channel.nio.AbstractNioChannel$AbstractNioUnsafe.finishConnect(AbstractNioChannel.java:340)
	at org.apache.ratis.thirdparty.io.netty.channel.nio.NioEventLoop.processSelectedKey(NioEventLoop.java:632)
	at org.apache.ratis.thirdparty.io.netty.channel.nio.NioEventLoop.processSelectedKeysOptimized(NioEventLoop.java:579)
	at org.apache.ratis.thirdparty.io.netty.channel.nio.NioEventLoop.processSelectedKeys(NioEventLoop.java:496)
	at org.apache.ratis.thirdparty.io.netty.channel.nio.NioEventLoop.run(NioEventLoop.java:458)
	at org.apache.ratis.thirdparty.io.netty.util.concurrent.SingleThreadEventExecutor$5.run(SingleThreadEventExecutor.java:897)
	at org.apache.ratis.thirdparty.io.netty.util.concurrent.FastThreadLocalRunnable.run(FastThreadLocalRunnable.java:30)
	... 1 more
Caused by: java.net.ConnectException: Connection refused
	... 11 more
2019-11-04 16:03:06,959 [e3fb79a3-1f86-42af-a80c-c46d1acdbc29@group-7855C2F36E53-LeaderElection479] INFO  impl.RaftServerImpl (RaftServerImpl.java:setRole(184)) - e3fb79a3-1f86-42af-a80c-c46d1acdbc29@group-7855C2F36E53: changes role from CANDIDATE to FOLLOWER at term 533 for DISCOVERED_A_NEW_TERM
2019-11-04 16:03:06,959 [e3fb79a3-1f86-42af-a80c-c46d1acdbc29@group-7855C2F36E53-LeaderElection479] INFO  impl.RoleInfo (RoleInfo.java:shutdownLeaderElection(134)) - e3fb79a3-1f86-42af-a80c-c46d1acdbc29: shutdown LeaderElection
2019-11-04 16:03:06,959 [e3fb79a3-1f86-42af-a80c-c46d1acdbc29@group-7855C2F36E53-LeaderElection479] INFO  impl.RoleInfo (RoleInfo.java:updateAndGet(143)) - e3fb79a3-1f86-42af-a80c-c46d1acdbc29: start FollowerState
2019-11-04 16:03:07,026 [Thread-3432] INFO  impl.FollowerState (FollowerState.java:run(108)) - e3fb79a3-1f86-42af-a80c-c46d1acdbc29@group-7855C2F36E53-FollowerState: change to CANDIDATE, lastRpcTime:66ms, electionTimeout:66ms
2019-11-04 16:03:07,026 [Thread-3432] INFO  impl.RoleInfo (RoleInfo.java:shutdownFollowerState(121)) - e3fb79a3-1f86-42af-a80c-c46d1acdbc29: shutdown FollowerState
2019-11-04 16:03:07,026 [Thread-3432] INFO  impl.RaftServerImpl (RaftServerImpl.java:setRole(184)) - e3fb79a3-1f86-42af-a80c-c46d1acdbc29@group-7855C2F36E53: changes role from  FOLLOWER to CANDIDATE at term 533 for changeToCandidate
2019-11-04 16:03:07,026 [Thread-3432] INFO  impl.RoleInfo (RoleInfo.java:updateAndGet(143)) - e3fb79a3-1f86-42af-a80c-c46d1acdbc29: start LeaderElection
2019-11-04 16:03:07,052 [e3fb79a3-1f86-42af-a80c-c46d1acdbc29@group-7855C2F36E53-LeaderElection480] INFO  impl.LeaderElection (LeaderElection.java:askForVotes(178)) - e3fb79a3-1f86-42af-a80c-c46d1acdbc29@group-7855C2F36E53-LeaderElection480: begin an election at term 534 for -1: [e3fb79a3-1f86-42af-a80c-c46d1acdbc29:192.168.157.194:44142, 81ff859e-e76f-43f5-951a-4a38422068cb:192.168.157.194:46532, a9143d84-6d7f-497d-b770-eb75585db3c7:192.168.157.194:42126], old=null
2019-11-04 16:03:07,053 [e3fb79a3-1f86-42af-a80c-c46d1acdbc29@group-7855C2F36E53-LeaderElection480] INFO  impl.LeaderElection (LogUtils.java:infoOrTrace(149)) - e3fb79a3-1f86-42af-a80c-c46d1acdbc29@group-7855C2F36E53-LeaderElection480 got exception when requesting votes: {}
java.util.concurrent.ExecutionException: org.apache.ratis.thirdparty.io.grpc.StatusRuntimeException: UNAVAILABLE: io exception
	at java.util.concurrent.FutureTask.report(FutureTask.java:122)
	at java.util.concurrent.FutureTask.get(FutureTask.java:192)
	at org.apache.ratis.server.impl.LeaderElection.waitForResults(LeaderElection.java:259)
	at org.apache.ratis.server.impl.LeaderElection.askForVotes(LeaderElection.java:197)
	at org.apache.ratis.server.impl.LeaderElection.run(LeaderElection.java:133)
	at java.lang.Thread.run(Thread.java:748)
Caused by: org.apache.ratis.thirdparty.io.grpc.StatusRuntimeException: UNAVAILABLE: io exception
	at org.apache.ratis.thirdparty.io.grpc.stub.ClientCalls.toStatusRuntimeException(ClientCalls.java:233)
	at org.apache.ratis.thirdparty.io.grpc.stub.ClientCalls.getUnchecked(ClientCalls.java:214)
	at org.apache.ratis.thirdparty.io.grpc.stub.ClientCalls.blockingUnaryCall(ClientCalls.java:139)
	at org.apache.ratis.proto.grpc.RaftServerProtocolServiceGrpc$RaftServerProtocolServiceBlockingStub.requestVote(RaftServerProtocolServiceGrpc.java:265)
	at org.apache.ratis.grpc.server.GrpcServerProtocolClient.requestVote(GrpcServerProtocolClient.java:99)
	at org.apache.ratis.grpc.server.GrpcService.requestVote(GrpcService.java:204)
	at org.apache.ratis.server.impl.LeaderElection.lambda$submitRequests$1(LeaderElection.java:234)
	at java.util.concurrent.FutureTask.run(FutureTask.java:266)
	at java.util.concurrent.Executors$RunnableAdapter.call(Executors.java:511)
	at java.util.concurrent.FutureTask.run(FutureTask.java:266)
	at java.util.concurrent.ThreadPoolExecutor.runWorker(ThreadPoolExecutor.java:1149)
	at java.util.concurrent.ThreadPoolExecutor$Worker.run(ThreadPoolExecutor.java:624)
	... 1 more
Caused by: org.apache.ratis.thirdparty.io.netty.channel.AbstractChannel$AnnotatedConnectException: Connection refused: /192.168.157.194:46532
	at sun.nio.ch.SocketChannelImpl.checkConnect(Native Method)
	at sun.nio.ch.SocketChannelImpl.finishConnect(SocketChannelImpl.java:717)
	at org.apache.ratis.thirdparty.io.netty.channel.socket.nio.NioSocketChannel.doFinishConnect(NioSocketChannel.java:327)
	at org.apache.ratis.thirdparty.io.netty.channel.nio.AbstractNioChannel$AbstractNioUnsafe.finishConnect(AbstractNioChannel.java:340)
	at org.apache.ratis.thirdparty.io.netty.channel.nio.NioEventLoop.processSelectedKey(NioEventLoop.java:632)
	at org.apache.ratis.thirdparty.io.netty.channel.nio.NioEventLoop.processSelectedKeysOptimized(NioEventLoop.java:579)
	at org.apache.ratis.thirdparty.io.netty.channel.nio.NioEventLoop.processSelectedKeys(NioEventLoop.java:496)
	at org.apache.ratis.thirdparty.io.netty.channel.nio.NioEventLoop.run(NioEventLoop.java:458)
	at org.apache.ratis.thirdparty.io.netty.util.concurrent.SingleThreadEventExecutor$5.run(SingleThreadEventExecutor.java:897)
	at org.apache.ratis.thirdparty.io.netty.util.concurrent.FastThreadLocalRunnable.run(FastThreadLocalRunnable.java:30)
	... 1 more
Caused by: java.net.ConnectException: Connection refused
	... 11 more
2019-11-04 16:03:07,055 [e3fb79a3-1f86-42af-a80c-c46d1acdbc29@group-7855C2F36E53-LeaderElection480] INFO  impl.LeaderElection (LogUtils.java:infoOrTrace(149)) - e3fb79a3-1f86-42af-a80c-c46d1acdbc29@group-7855C2F36E53-LeaderElection480 got exception when requesting votes: {}
java.util.concurrent.ExecutionException: org.apache.ratis.thirdparty.io.grpc.StatusRuntimeException: UNAVAILABLE: io exception
	at java.util.concurrent.FutureTask.report(FutureTask.java:122)
	at java.util.concurrent.FutureTask.get(FutureTask.java:192)
	at org.apache.ratis.server.impl.LeaderElection.waitForResults(LeaderElection.java:259)
	at org.apache.ratis.server.impl.LeaderElection.askForVotes(LeaderElection.java:197)
	at org.apache.ratis.server.impl.LeaderElection.run(LeaderElection.java:133)
	at java.lang.Thread.run(Thread.java:748)
Caused by: org.apache.ratis.thirdparty.io.grpc.StatusRuntimeException: UNAVAILABLE: io exception
	at org.apache.ratis.thirdparty.io.grpc.stub.ClientCalls.toStatusRuntimeException(ClientCalls.java:233)
	at org.apache.ratis.thirdparty.io.grpc.stub.ClientCalls.getUnchecked(ClientCalls.java:214)
	at org.apache.ratis.thirdparty.io.grpc.stub.ClientCalls.blockingUnaryCall(ClientCalls.java:139)
	at org.apache.ratis.proto.grpc.RaftServerProtocolServiceGrpc$RaftServerProtocolServiceBlockingStub.requestVote(RaftServerProtocolServiceGrpc.java:265)
	at org.apache.ratis.grpc.server.GrpcServerProtocolClient.requestVote(GrpcServerProtocolClient.java:99)
	at org.apache.ratis.grpc.server.GrpcService.requestVote(GrpcService.java:204)
	at org.apache.ratis.server.impl.LeaderElection.lambda$submitRequests$1(LeaderElection.java:234)
	at java.util.concurrent.FutureTask.run(FutureTask.java:266)
	at java.util.concurrent.Executors$RunnableAdapter.call(Executors.java:511)
	at java.util.concurrent.FutureTask.run(FutureTask.java:266)
	at java.util.concurrent.ThreadPoolExecutor.runWorker(ThreadPoolExecutor.java:1149)
	at java.util.concurrent.ThreadPoolExecutor$Worker.run(ThreadPoolExecutor.java:624)
	... 1 more
Caused by: org.apache.ratis.thirdparty.io.netty.channel.AbstractChannel$AnnotatedConnectException: Connection refused: /192.168.157.194:42126
	at sun.nio.ch.SocketChannelImpl.checkConnect(Native Method)
	at sun.nio.ch.SocketChannelImpl.finishConnect(SocketChannelImpl.java:717)
	at org.apache.ratis.thirdparty.io.netty.channel.socket.nio.NioSocketChannel.doFinishConnect(NioSocketChannel.java:327)
	at org.apache.ratis.thirdparty.io.netty.channel.nio.AbstractNioChannel$AbstractNioUnsafe.finishConnect(AbstractNioChannel.java:340)
	at org.apache.ratis.thirdparty.io.netty.channel.nio.NioEventLoop.processSelectedKey(NioEventLoop.java:632)
	at org.apache.ratis.thirdparty.io.netty.channel.nio.NioEventLoop.processSelectedKeysOptimized(NioEventLoop.java:579)
	at org.apache.ratis.thirdparty.io.netty.channel.nio.NioEventLoop.processSelectedKeys(NioEventLoop.java:496)
	at org.apache.ratis.thirdparty.io.netty.channel.nio.NioEventLoop.run(NioEventLoop.java:458)
	at org.apache.ratis.thirdparty.io.netty.util.concurrent.SingleThreadEventExecutor$5.run(SingleThreadEventExecutor.java:897)
	at org.apache.ratis.thirdparty.io.netty.util.concurrent.FastThreadLocalRunnable.run(FastThreadLocalRunnable.java:30)
	... 1 more
Caused by: java.net.ConnectException: Connection refused
	... 11 more
2019-11-04 16:03:07,056 [e3fb79a3-1f86-42af-a80c-c46d1acdbc29@group-7855C2F36E53-LeaderElection480] INFO  impl.LeaderElection (LeaderElection.java:logAndReturn(56)) - e3fb79a3-1f86-42af-a80c-c46d1acdbc29@group-7855C2F36E53-LeaderElection480: Election REJECTED; received 0 response(s) [] and 2 exception(s); e3fb79a3-1f86-42af-a80c-c46d1acdbc29@group-7855C2F36E53:t534, leader=null, voted=e3fb79a3-1f86-42af-a80c-c46d1acdbc29, raftlog=e3fb79a3-1f86-42af-a80c-c46d1acdbc29@group-7855C2F36E53-SegmentedRaftLog:OPENED:c-1,f-1,i0, conf=-1: [e3fb79a3-1f86-42af-a80c-c46d1acdbc29:192.168.157.194:44142, 81ff859e-e76f-43f5-951a-4a38422068cb:192.168.157.194:46532, a9143d84-6d7f-497d-b770-eb75585db3c7:192.168.157.194:42126], old=null
2019-11-04 16:03:07,056 [e3fb79a3-1f86-42af-a80c-c46d1acdbc29@group-7855C2F36E53-LeaderElection480] INFO  impl.LeaderElection (LogUtils.java:infoOrTrace(149)) -   Exception 0: {}
java.util.concurrent.ExecutionException: org.apache.ratis.thirdparty.io.grpc.StatusRuntimeException: UNAVAILABLE: io exception
	at java.util.concurrent.FutureTask.report(FutureTask.java:122)
	at java.util.concurrent.FutureTask.get(FutureTask.java:192)
	at org.apache.ratis.server.impl.LeaderElection.waitForResults(LeaderElection.java:259)
	at org.apache.ratis.server.impl.LeaderElection.askForVotes(LeaderElection.java:197)
	at org.apache.ratis.server.impl.LeaderElection.run(LeaderElection.java:133)
	at java.lang.Thread.run(Thread.java:748)
Caused by: org.apache.ratis.thirdparty.io.grpc.StatusRuntimeException: UNAVAILABLE: io exception
	at org.apache.ratis.thirdparty.io.grpc.stub.ClientCalls.toStatusRuntimeException(ClientCalls.java:233)
	at org.apache.ratis.thirdparty.io.grpc.stub.ClientCalls.getUnchecked(ClientCalls.java:214)
	at org.apache.ratis.thirdparty.io.grpc.stub.ClientCalls.blockingUnaryCall(ClientCalls.java:139)
	at org.apache.ratis.proto.grpc.RaftServerProtocolServiceGrpc$RaftServerProtocolServiceBlockingStub.requestVote(RaftServerProtocolServiceGrpc.java:265)
	at org.apache.ratis.grpc.server.GrpcServerProtocolClient.requestVote(GrpcServerProtocolClient.java:99)
	at org.apache.ratis.grpc.server.GrpcService.requestVote(GrpcService.java:204)
	at org.apache.ratis.server.impl.LeaderElection.lambda$submitRequests$1(LeaderElection.java:234)
	at java.util.concurrent.FutureTask.run(FutureTask.java:266)
	at java.util.concurrent.Executors$RunnableAdapter.call(Executors.java:511)
	at java.util.concurrent.FutureTask.run(FutureTask.java:266)
	at java.util.concurrent.ThreadPoolExecutor.runWorker(ThreadPoolExecutor.java:1149)
	at java.util.concurrent.ThreadPoolExecutor$Worker.run(ThreadPoolExecutor.java:624)
	... 1 more
Caused by: org.apache.ratis.thirdparty.io.netty.channel.AbstractChannel$AnnotatedConnectException: Connection refused: /192.168.157.194:46532
	at sun.nio.ch.SocketChannelImpl.checkConnect(Native Method)
	at sun.nio.ch.SocketChannelImpl.finishConnect(SocketChannelImpl.java:717)
	at org.apache.ratis.thirdparty.io.netty.channel.socket.nio.NioSocketChannel.doFinishConnect(NioSocketChannel.java:327)
	at org.apache.ratis.thirdparty.io.netty.channel.nio.AbstractNioChannel$AbstractNioUnsafe.finishConnect(AbstractNioChannel.java:340)
	at org.apache.ratis.thirdparty.io.netty.channel.nio.NioEventLoop.processSelectedKey(NioEventLoop.java:632)
	at org.apache.ratis.thirdparty.io.netty.channel.nio.NioEventLoop.processSelectedKeysOptimized(NioEventLoop.java:579)
	at org.apache.ratis.thirdparty.io.netty.channel.nio.NioEventLoop.processSelectedKeys(NioEventLoop.java:496)
	at org.apache.ratis.thirdparty.io.netty.channel.nio.NioEventLoop.run(NioEventLoop.java:458)
	at org.apache.ratis.thirdparty.io.netty.util.concurrent.SingleThreadEventExecutor$5.run(SingleThreadEventExecutor.java:897)
	at org.apache.ratis.thirdparty.io.netty.util.concurrent.FastThreadLocalRunnable.run(FastThreadLocalRunnable.java:30)
	... 1 more
Caused by: java.net.ConnectException: Connection refused
	... 11 more
2019-11-04 16:03:07,056 [e3fb79a3-1f86-42af-a80c-c46d1acdbc29@group-7855C2F36E53-LeaderElection480] INFO  impl.LeaderElection (LogUtils.java:infoOrTrace(149)) -   Exception 1: {}
java.util.concurrent.ExecutionException: org.apache.ratis.thirdparty.io.grpc.StatusRuntimeException: UNAVAILABLE: io exception
	at java.util.concurrent.FutureTask.report(FutureTask.java:122)
	at java.util.concurrent.FutureTask.get(FutureTask.java:192)
	at org.apache.ratis.server.impl.LeaderElection.waitForResults(LeaderElection.java:259)
	at org.apache.ratis.server.impl.LeaderElection.askForVotes(LeaderElection.java:197)
	at org.apache.ratis.server.impl.LeaderElection.run(LeaderElection.java:133)
	at java.lang.Thread.run(Thread.java:748)
Caused by: org.apache.ratis.thirdparty.io.grpc.StatusRuntimeException: UNAVAILABLE: io exception
	at org.apache.ratis.thirdparty.io.grpc.stub.ClientCalls.toStatusRuntimeException(ClientCalls.java:233)
	at org.apache.ratis.thirdparty.io.grpc.stub.ClientCalls.getUnchecked(ClientCalls.java:214)
	at org.apache.ratis.thirdparty.io.grpc.stub.ClientCalls.blockingUnaryCall(ClientCalls.java:139)
	at org.apache.ratis.proto.grpc.RaftServerProtocolServiceGrpc$RaftServerProtocolServiceBlockingStub.requestVote(RaftServerProtocolServiceGrpc.java:265)
	at org.apache.ratis.grpc.server.GrpcServerProtocolClient.requestVote(GrpcServerProtocolClient.java:99)
	at org.apache.ratis.grpc.server.GrpcService.requestVote(GrpcService.java:204)
	at org.apache.ratis.server.impl.LeaderElection.lambda$submitRequests$1(LeaderElection.java:234)
	at java.util.concurrent.FutureTask.run(FutureTask.java:266)
	at java.util.concurrent.Executors$RunnableAdapter.call(Executors.java:511)
	at java.util.concurrent.FutureTask.run(FutureTask.java:266)
	at java.util.concurrent.ThreadPoolExecutor.runWorker(ThreadPoolExecutor.java:1149)
	at java.util.concurrent.ThreadPoolExecutor$Worker.run(ThreadPoolExecutor.java:624)
	... 1 more
Caused by: org.apache.ratis.thirdparty.io.netty.channel.AbstractChannel$AnnotatedConnectException: Connection refused: /192.168.157.194:42126
	at sun.nio.ch.SocketChannelImpl.checkConnect(Native Method)
	at sun.nio.ch.SocketChannelImpl.finishConnect(SocketChannelImpl.java:717)
	at org.apache.ratis.thirdparty.io.netty.channel.socket.nio.NioSocketChannel.doFinishConnect(NioSocketChannel.java:327)
	at org.apache.ratis.thirdparty.io.netty.channel.nio.AbstractNioChannel$AbstractNioUnsafe.finishConnect(AbstractNioChannel.java:340)
	at org.apache.ratis.thirdparty.io.netty.channel.nio.NioEventLoop.processSelectedKey(NioEventLoop.java:632)
	at org.apache.ratis.thirdparty.io.netty.channel.nio.NioEventLoop.processSelectedKeysOptimized(NioEventLoop.java:579)
	at org.apache.ratis.thirdparty.io.netty.channel.nio.NioEventLoop.processSelectedKeys(NioEventLoop.java:496)
	at org.apache.ratis.thirdparty.io.netty.channel.nio.NioEventLoop.run(NioEventLoop.java:458)
	at org.apache.ratis.thirdparty.io.netty.util.concurrent.SingleThreadEventExecutor$5.run(SingleThreadEventExecutor.java:897)
	at org.apache.ratis.thirdparty.io.netty.util.concurrent.FastThreadLocalRunnable.run(FastThreadLocalRunnable.java:30)
	... 1 more
Caused by: java.net.ConnectException: Connection refused
	... 11 more
2019-11-04 16:03:07,057 [e3fb79a3-1f86-42af-a80c-c46d1acdbc29@group-7855C2F36E53-LeaderElection480] INFO  impl.RaftServerImpl (RaftServerImpl.java:setRole(184)) - e3fb79a3-1f86-42af-a80c-c46d1acdbc29@group-7855C2F36E53: changes role from CANDIDATE to FOLLOWER at term 534 for DISCOVERED_A_NEW_TERM
2019-11-04 16:03:07,057 [e3fb79a3-1f86-42af-a80c-c46d1acdbc29@group-7855C2F36E53-LeaderElection480] INFO  impl.RoleInfo (RoleInfo.java:shutdownLeaderElection(134)) - e3fb79a3-1f86-42af-a80c-c46d1acdbc29: shutdown LeaderElection
2019-11-04 16:03:07,057 [e3fb79a3-1f86-42af-a80c-c46d1acdbc29@group-7855C2F36E53-LeaderElection480] INFO  impl.RoleInfo (RoleInfo.java:updateAndGet(143)) - e3fb79a3-1f86-42af-a80c-c46d1acdbc29: start FollowerState
2019-11-04 16:03:07,075 [Thread-3436] INFO  impl.FollowerState (FollowerState.java:run(108)) - e3fb79a3-1f86-42af-a80c-c46d1acdbc29@group-7855C2F36E53-FollowerState: change to CANDIDATE, lastRpcTime:18ms, electionTimeout:18ms
2019-11-04 16:03:07,076 [Thread-3436] INFO  impl.RoleInfo (RoleInfo.java:shutdownFollowerState(121)) - e3fb79a3-1f86-42af-a80c-c46d1acdbc29: shutdown FollowerState
2019-11-04 16:03:07,076 [Thread-3436] INFO  impl.RaftServerImpl (RaftServerImpl.java:setRole(184)) - e3fb79a3-1f86-42af-a80c-c46d1acdbc29@group-7855C2F36E53: changes role from  FOLLOWER to CANDIDATE at term 534 for changeToCandidate
2019-11-04 16:03:07,076 [Thread-3436] INFO  impl.RoleInfo (RoleInfo.java:updateAndGet(143)) - e3fb79a3-1f86-42af-a80c-c46d1acdbc29: start LeaderElection
2019-11-04 16:03:07,089 [e3fb79a3-1f86-42af-a80c-c46d1acdbc29@group-7855C2F36E53-LeaderElection481] INFO  impl.LeaderElection (LeaderElection.java:askForVotes(178)) - e3fb79a3-1f86-42af-a80c-c46d1acdbc29@group-7855C2F36E53-LeaderElection481: begin an election at term 535 for -1: [e3fb79a3-1f86-42af-a80c-c46d1acdbc29:192.168.157.194:44142, 81ff859e-e76f-43f5-951a-4a38422068cb:192.168.157.194:46532, a9143d84-6d7f-497d-b770-eb75585db3c7:192.168.157.194:42126], old=null
2019-11-04 16:03:07,090 [e3fb79a3-1f86-42af-a80c-c46d1acdbc29@group-7855C2F36E53-LeaderElection481] INFO  impl.LeaderElection (LogUtils.java:infoOrTrace(149)) - e3fb79a3-1f86-42af-a80c-c46d1acdbc29@group-7855C2F36E53-LeaderElection481 got exception when requesting votes: {}
java.util.concurrent.ExecutionException: org.apache.ratis.thirdparty.io.grpc.StatusRuntimeException: UNAVAILABLE: io exception
	at java.util.concurrent.FutureTask.report(FutureTask.java:122)
	at java.util.concurrent.FutureTask.get(FutureTask.java:192)
	at org.apache.ratis.server.impl.LeaderElection.waitForResults(LeaderElection.java:259)
	at org.apache.ratis.server.impl.LeaderElection.askForVotes(LeaderElection.java:197)
	at org.apache.ratis.server.impl.LeaderElection.run(LeaderElection.java:133)
	at java.lang.Thread.run(Thread.java:748)
Caused by: org.apache.ratis.thirdparty.io.grpc.StatusRuntimeException: UNAVAILABLE: io exception
	at org.apache.ratis.thirdparty.io.grpc.stub.ClientCalls.toStatusRuntimeException(ClientCalls.java:233)
	at org.apache.ratis.thirdparty.io.grpc.stub.ClientCalls.getUnchecked(ClientCalls.java:214)
	at org.apache.ratis.thirdparty.io.grpc.stub.ClientCalls.blockingUnaryCall(ClientCalls.java:139)
	at org.apache.ratis.proto.grpc.RaftServerProtocolServiceGrpc$RaftServerProtocolServiceBlockingStub.requestVote(RaftServerProtocolServiceGrpc.java:265)
	at org.apache.ratis.grpc.server.GrpcServerProtocolClient.requestVote(GrpcServerProtocolClient.java:99)
	at org.apache.ratis.grpc.server.GrpcService.requestVote(GrpcService.java:204)
	at org.apache.ratis.server.impl.LeaderElection.lambda$submitRequests$1(LeaderElection.java:234)
	at java.util.concurrent.FutureTask.run(FutureTask.java:266)
	at java.util.concurrent.Executors$RunnableAdapter.call(Executors.java:511)
	at java.util.concurrent.FutureTask.run(FutureTask.java:266)
	at java.util.concurrent.ThreadPoolExecutor.runWorker(ThreadPoolExecutor.java:1149)
	at java.util.concurrent.ThreadPoolExecutor$Worker.run(ThreadPoolExecutor.java:624)
	... 1 more
Caused by: org.apache.ratis.thirdparty.io.netty.channel.AbstractChannel$AnnotatedConnectException: Connection refused: /192.168.157.194:46532
	at sun.nio.ch.SocketChannelImpl.checkConnect(Native Method)
	at sun.nio.ch.SocketChannelImpl.finishConnect(SocketChannelImpl.java:717)
	at org.apache.ratis.thirdparty.io.netty.channel.socket.nio.NioSocketChannel.doFinishConnect(NioSocketChannel.java:327)
	at org.apache.ratis.thirdparty.io.netty.channel.nio.AbstractNioChannel$AbstractNioUnsafe.finishConnect(AbstractNioChannel.java:340)
	at org.apache.ratis.thirdparty.io.netty.channel.nio.NioEventLoop.processSelectedKey(NioEventLoop.java:632)
	at org.apache.ratis.thirdparty.io.netty.channel.nio.NioEventLoop.processSelectedKeysOptimized(NioEventLoop.java:579)
	at org.apache.ratis.thirdparty.io.netty.channel.nio.NioEventLoop.processSelectedKeys(NioEventLoop.java:496)
	at org.apache.ratis.thirdparty.io.netty.channel.nio.NioEventLoop.run(NioEventLoop.java:458)
	at org.apache.ratis.thirdparty.io.netty.util.concurrent.SingleThreadEventExecutor$5.run(SingleThreadEventExecutor.java:897)
	at org.apache.ratis.thirdparty.io.netty.util.concurrent.FastThreadLocalRunnable.run(FastThreadLocalRunnable.java:30)
	... 1 more
Caused by: java.net.ConnectException: Connection refused
	... 11 more
2019-11-04 16:03:07,092 [e3fb79a3-1f86-42af-a80c-c46d1acdbc29@group-7855C2F36E53-LeaderElection481] INFO  impl.LeaderElection (LogUtils.java:infoOrTrace(149)) - e3fb79a3-1f86-42af-a80c-c46d1acdbc29@group-7855C2F36E53-LeaderElection481 got exception when requesting votes: {}
java.util.concurrent.ExecutionException: org.apache.ratis.thirdparty.io.grpc.StatusRuntimeException: UNAVAILABLE: io exception
	at java.util.concurrent.FutureTask.report(FutureTask.java:122)
	at java.util.concurrent.FutureTask.get(FutureTask.java:192)
	at org.apache.ratis.server.impl.LeaderElection.waitForResults(LeaderElection.java:259)
	at org.apache.ratis.server.impl.LeaderElection.askForVotes(LeaderElection.java:197)
	at org.apache.ratis.server.impl.LeaderElection.run(LeaderElection.java:133)
	at java.lang.Thread.run(Thread.java:748)
Caused by: org.apache.ratis.thirdparty.io.grpc.StatusRuntimeException: UNAVAILABLE: io exception
	at org.apache.ratis.thirdparty.io.grpc.stub.ClientCalls.toStatusRuntimeException(ClientCalls.java:233)
	at org.apache.ratis.thirdparty.io.grpc.stub.ClientCalls.getUnchecked(ClientCalls.java:214)
	at org.apache.ratis.thirdparty.io.grpc.stub.ClientCalls.blockingUnaryCall(ClientCalls.java:139)
	at org.apache.ratis.proto.grpc.RaftServerProtocolServiceGrpc$RaftServerProtocolServiceBlockingStub.requestVote(RaftServerProtocolServiceGrpc.java:265)
	at org.apache.ratis.grpc.server.GrpcServerProtocolClient.requestVote(GrpcServerProtocolClient.java:99)
	at org.apache.ratis.grpc.server.GrpcService.requestVote(GrpcService.java:204)
	at org.apache.ratis.server.impl.LeaderElection.lambda$submitRequests$1(LeaderElection.java:234)
	at java.util.concurrent.FutureTask.run(FutureTask.java:266)
	at java.util.concurrent.Executors$RunnableAdapter.call(Executors.java:511)
	at java.util.concurrent.FutureTask.run(FutureTask.java:266)
	at java.util.concurrent.ThreadPoolExecutor.runWorker(ThreadPoolExecutor.java:1149)
	at java.util.concurrent.ThreadPoolExecutor$Worker.run(ThreadPoolExecutor.java:624)
	... 1 more
Caused by: org.apache.ratis.thirdparty.io.netty.channel.AbstractChannel$AnnotatedConnectException: Connection refused: /192.168.157.194:42126
	at sun.nio.ch.SocketChannelImpl.checkConnect(Native Method)
	at sun.nio.ch.SocketChannelImpl.finishConnect(SocketChannelImpl.java:717)
	at org.apache.ratis.thirdparty.io.netty.channel.socket.nio.NioSocketChannel.doFinishConnect(NioSocketChannel.java:327)
	at org.apache.ratis.thirdparty.io.netty.channel.nio.AbstractNioChannel$AbstractNioUnsafe.finishConnect(AbstractNioChannel.java:340)
	at org.apache.ratis.thirdparty.io.netty.channel.nio.NioEventLoop.processSelectedKey(NioEventLoop.java:632)
	at org.apache.ratis.thirdparty.io.netty.channel.nio.NioEventLoop.processSelectedKeysOptimized(NioEventLoop.java:579)
	at org.apache.ratis.thirdparty.io.netty.channel.nio.NioEventLoop.processSelectedKeys(NioEventLoop.java:496)
	at org.apache.ratis.thirdparty.io.netty.channel.nio.NioEventLoop.run(NioEventLoop.java:458)
	at org.apache.ratis.thirdparty.io.netty.util.concurrent.SingleThreadEventExecutor$5.run(SingleThreadEventExecutor.java:897)
	at org.apache.ratis.thirdparty.io.netty.util.concurrent.FastThreadLocalRunnable.run(FastThreadLocalRunnable.java:30)
	... 1 more
Caused by: java.net.ConnectException: Connection refused
	... 11 more
2019-11-04 16:03:07,093 [e3fb79a3-1f86-42af-a80c-c46d1acdbc29@group-7855C2F36E53-LeaderElection481] INFO  impl.LeaderElection (LeaderElection.java:logAndReturn(56)) - e3fb79a3-1f86-42af-a80c-c46d1acdbc29@group-7855C2F36E53-LeaderElection481: Election REJECTED; received 0 response(s) [] and 2 exception(s); e3fb79a3-1f86-42af-a80c-c46d1acdbc29@group-7855C2F36E53:t535, leader=null, voted=e3fb79a3-1f86-42af-a80c-c46d1acdbc29, raftlog=e3fb79a3-1f86-42af-a80c-c46d1acdbc29@group-7855C2F36E53-SegmentedRaftLog:OPENED:c-1,f-1,i0, conf=-1: [e3fb79a3-1f86-42af-a80c-c46d1acdbc29:192.168.157.194:44142, 81ff859e-e76f-43f5-951a-4a38422068cb:192.168.157.194:46532, a9143d84-6d7f-497d-b770-eb75585db3c7:192.168.157.194:42126], old=null
2019-11-04 16:03:07,093 [e3fb79a3-1f86-42af-a80c-c46d1acdbc29@group-7855C2F36E53-LeaderElection481] INFO  impl.LeaderElection (LogUtils.java:infoOrTrace(149)) -   Exception 0: {}
java.util.concurrent.ExecutionException: org.apache.ratis.thirdparty.io.grpc.StatusRuntimeException: UNAVAILABLE: io exception
	at java.util.concurrent.FutureTask.report(FutureTask.java:122)
	at java.util.concurrent.FutureTask.get(FutureTask.java:192)
	at org.apache.ratis.server.impl.LeaderElection.waitForResults(LeaderElection.java:259)
	at org.apache.ratis.server.impl.LeaderElection.askForVotes(LeaderElection.java:197)
	at org.apache.ratis.server.impl.LeaderElection.run(LeaderElection.java:133)
	at java.lang.Thread.run(Thread.java:748)
Caused by: org.apache.ratis.thirdparty.io.grpc.StatusRuntimeException: UNAVAILABLE: io exception
	at org.apache.ratis.thirdparty.io.grpc.stub.ClientCalls.toStatusRuntimeException(ClientCalls.java:233)
	at org.apache.ratis.thirdparty.io.grpc.stub.ClientCalls.getUnchecked(ClientCalls.java:214)
	at org.apache.ratis.thirdparty.io.grpc.stub.ClientCalls.blockingUnaryCall(ClientCalls.java:139)
	at org.apache.ratis.proto.grpc.RaftServerProtocolServiceGrpc$RaftServerProtocolServiceBlockingStub.requestVote(RaftServerProtocolServiceGrpc.java:265)
	at org.apache.ratis.grpc.server.GrpcServerProtocolClient.requestVote(GrpcServerProtocolClient.java:99)
	at org.apache.ratis.grpc.server.GrpcService.requestVote(GrpcService.java:204)
	at org.apache.ratis.server.impl.LeaderElection.lambda$submitRequests$1(LeaderElection.java:234)
	at java.util.concurrent.FutureTask.run(FutureTask.java:266)
	at java.util.concurrent.Executors$RunnableAdapter.call(Executors.java:511)
	at java.util.concurrent.FutureTask.run(FutureTask.java:266)
	at java.util.concurrent.ThreadPoolExecutor.runWorker(ThreadPoolExecutor.java:1149)
	at java.util.concurrent.ThreadPoolExecutor$Worker.run(ThreadPoolExecutor.java:624)
	... 1 more
Caused by: org.apache.ratis.thirdparty.io.netty.channel.AbstractChannel$AnnotatedConnectException: Connection refused: /192.168.157.194:46532
	at sun.nio.ch.SocketChannelImpl.checkConnect(Native Method)
	at sun.nio.ch.SocketChannelImpl.finishConnect(SocketChannelImpl.java:717)
	at org.apache.ratis.thirdparty.io.netty.channel.socket.nio.NioSocketChannel.doFinishConnect(NioSocketChannel.java:327)
	at org.apache.ratis.thirdparty.io.netty.channel.nio.AbstractNioChannel$AbstractNioUnsafe.finishConnect(AbstractNioChannel.java:340)
	at org.apache.ratis.thirdparty.io.netty.channel.nio.NioEventLoop.processSelectedKey(NioEventLoop.java:632)
	at org.apache.ratis.thirdparty.io.netty.channel.nio.NioEventLoop.processSelectedKeysOptimized(NioEventLoop.java:579)
	at org.apache.ratis.thirdparty.io.netty.channel.nio.NioEventLoop.processSelectedKeys(NioEventLoop.java:496)
	at org.apache.ratis.thirdparty.io.netty.channel.nio.NioEventLoop.run(NioEventLoop.java:458)
	at org.apache.ratis.thirdparty.io.netty.util.concurrent.SingleThreadEventExecutor$5.run(SingleThreadEventExecutor.java:897)
	at org.apache.ratis.thirdparty.io.netty.util.concurrent.FastThreadLocalRunnable.run(FastThreadLocalRunnable.java:30)
	... 1 more
Caused by: java.net.ConnectException: Connection refused
	... 11 more
2019-11-04 16:03:07,094 [e3fb79a3-1f86-42af-a80c-c46d1acdbc29@group-7855C2F36E53-LeaderElection481] INFO  impl.LeaderElection (LogUtils.java:infoOrTrace(149)) -   Exception 1: {}
java.util.concurrent.ExecutionException: org.apache.ratis.thirdparty.io.grpc.StatusRuntimeException: UNAVAILABLE: io exception
	at java.util.concurrent.FutureTask.report(FutureTask.java:122)
	at java.util.concurrent.FutureTask.get(FutureTask.java:192)
	at org.apache.ratis.server.impl.LeaderElection.waitForResults(LeaderElection.java:259)
	at org.apache.ratis.server.impl.LeaderElection.askForVotes(LeaderElection.java:197)
	at org.apache.ratis.server.impl.LeaderElection.run(LeaderElection.java:133)
	at java.lang.Thread.run(Thread.java:748)
Caused by: org.apache.ratis.thirdparty.io.grpc.StatusRuntimeException: UNAVAILABLE: io exception
	at org.apache.ratis.thirdparty.io.grpc.stub.ClientCalls.toStatusRuntimeException(ClientCalls.java:233)
	at org.apache.ratis.thirdparty.io.grpc.stub.ClientCalls.getUnchecked(ClientCalls.java:214)
	at org.apache.ratis.thirdparty.io.grpc.stub.ClientCalls.blockingUnaryCall(ClientCalls.java:139)
	at org.apache.ratis.proto.grpc.RaftServerProtocolServiceGrpc$RaftServerProtocolServiceBlockingStub.requestVote(RaftServerProtocolServiceGrpc.java:265)
	at org.apache.ratis.grpc.server.GrpcServerProtocolClient.requestVote(GrpcServerProtocolClient.java:99)
	at org.apache.ratis.grpc.server.GrpcService.requestVote(GrpcService.java:204)
	at org.apache.ratis.server.impl.LeaderElection.lambda$submitRequests$1(LeaderElection.java:234)
	at java.util.concurrent.FutureTask.run(FutureTask.java:266)
	at java.util.concurrent.Executors$RunnableAdapter.call(Executors.java:511)
	at java.util.concurrent.FutureTask.run(FutureTask.java:266)
	at java.util.concurrent.ThreadPoolExecutor.runWorker(ThreadPoolExecutor.java:1149)
	at java.util.concurrent.ThreadPoolExecutor$Worker.run(ThreadPoolExecutor.java:624)
	... 1 more
Caused by: org.apache.ratis.thirdparty.io.netty.channel.AbstractChannel$AnnotatedConnectException: Connection refused: /192.168.157.194:42126
	at sun.nio.ch.SocketChannelImpl.checkConnect(Native Method)
	at sun.nio.ch.SocketChannelImpl.finishConnect(SocketChannelImpl.java:717)
	at org.apache.ratis.thirdparty.io.netty.channel.socket.nio.NioSocketChannel.doFinishConnect(NioSocketChannel.java:327)
	at org.apache.ratis.thirdparty.io.netty.channel.nio.AbstractNioChannel$AbstractNioUnsafe.finishConnect(AbstractNioChannel.java:340)
	at org.apache.ratis.thirdparty.io.netty.channel.nio.NioEventLoop.processSelectedKey(NioEventLoop.java:632)
	at org.apache.ratis.thirdparty.io.netty.channel.nio.NioEventLoop.processSelectedKeysOptimized(NioEventLoop.java:579)
	at org.apache.ratis.thirdparty.io.netty.channel.nio.NioEventLoop.processSelectedKeys(NioEventLoop.java:496)
	at org.apache.ratis.thirdparty.io.netty.channel.nio.NioEventLoop.run(NioEventLoop.java:458)
	at org.apache.ratis.thirdparty.io.netty.util.concurrent.SingleThreadEventExecutor$5.run(SingleThreadEventExecutor.java:897)
	at org.apache.ratis.thirdparty.io.netty.util.concurrent.FastThreadLocalRunnable.run(FastThreadLocalRunnable.java:30)
	... 1 more
Caused by: java.net.ConnectException: Connection refused
	... 11 more
2019-11-04 16:03:07,094 [e3fb79a3-1f86-42af-a80c-c46d1acdbc29@group-7855C2F36E53-LeaderElection481] INFO  impl.RaftServerImpl (RaftServerImpl.java:setRole(184)) - e3fb79a3-1f86-42af-a80c-c46d1acdbc29@group-7855C2F36E53: changes role from CANDIDATE to FOLLOWER at term 535 for DISCOVERED_A_NEW_TERM
2019-11-04 16:03:07,094 [e3fb79a3-1f86-42af-a80c-c46d1acdbc29@group-7855C2F36E53-LeaderElection481] INFO  impl.RoleInfo (RoleInfo.java:shutdownLeaderElection(134)) - e3fb79a3-1f86-42af-a80c-c46d1acdbc29: shutdown LeaderElection
2019-11-04 16:03:07,094 [e3fb79a3-1f86-42af-a80c-c46d1acdbc29@group-7855C2F36E53-LeaderElection481] INFO  impl.RoleInfo (RoleInfo.java:updateAndGet(143)) - e3fb79a3-1f86-42af-a80c-c46d1acdbc29: start FollowerState
2019-11-04 16:03:07,126 [Thread-3440] INFO  impl.FollowerState (FollowerState.java:run(108)) - e3fb79a3-1f86-42af-a80c-c46d1acdbc29@group-7855C2F36E53-FollowerState: change to CANDIDATE, lastRpcTime:31ms, electionTimeout:31ms
2019-11-04 16:03:07,126 [Thread-3440] INFO  impl.RoleInfo (RoleInfo.java:shutdownFollowerState(121)) - e3fb79a3-1f86-42af-a80c-c46d1acdbc29: shutdown FollowerState
2019-11-04 16:03:07,126 [Thread-3440] INFO  impl.RaftServerImpl (RaftServerImpl.java:setRole(184)) - e3fb79a3-1f86-42af-a80c-c46d1acdbc29@group-7855C2F36E53: changes role from  FOLLOWER to CANDIDATE at term 535 for changeToCandidate
2019-11-04 16:03:07,126 [Thread-3440] INFO  impl.RoleInfo (RoleInfo.java:updateAndGet(143)) - e3fb79a3-1f86-42af-a80c-c46d1acdbc29: start LeaderElection
2019-11-04 16:03:07,149 [e3fb79a3-1f86-42af-a80c-c46d1acdbc29@group-7855C2F36E53-LeaderElection482] INFO  impl.LeaderElection (LeaderElection.java:askForVotes(178)) - e3fb79a3-1f86-42af-a80c-c46d1acdbc29@group-7855C2F36E53-LeaderElection482: begin an election at term 536 for -1: [e3fb79a3-1f86-42af-a80c-c46d1acdbc29:192.168.157.194:44142, 81ff859e-e76f-43f5-951a-4a38422068cb:192.168.157.194:46532, a9143d84-6d7f-497d-b770-eb75585db3c7:192.168.157.194:42126], old=null
2019-11-04 16:03:07,150 [e3fb79a3-1f86-42af-a80c-c46d1acdbc29@group-7855C2F36E53-LeaderElection482] INFO  impl.LeaderElection (LogUtils.java:infoOrTrace(149)) - e3fb79a3-1f86-42af-a80c-c46d1acdbc29@group-7855C2F36E53-LeaderElection482 got exception when requesting votes: {}
java.util.concurrent.ExecutionException: org.apache.ratis.thirdparty.io.grpc.StatusRuntimeException: UNAVAILABLE: io exception
	at java.util.concurrent.FutureTask.report(FutureTask.java:122)
	at java.util.concurrent.FutureTask.get(FutureTask.java:192)
	at org.apache.ratis.server.impl.LeaderElection.waitForResults(LeaderElection.java:259)
	at org.apache.ratis.server.impl.LeaderElection.askForVotes(LeaderElection.java:197)
	at org.apache.ratis.server.impl.LeaderElection.run(LeaderElection.java:133)
	at java.lang.Thread.run(Thread.java:748)
Caused by: org.apache.ratis.thirdparty.io.grpc.StatusRuntimeException: UNAVAILABLE: io exception
	at org.apache.ratis.thirdparty.io.grpc.stub.ClientCalls.toStatusRuntimeException(ClientCalls.java:233)
	at org.apache.ratis.thirdparty.io.grpc.stub.ClientCalls.getUnchecked(ClientCalls.java:214)
	at org.apache.ratis.thirdparty.io.grpc.stub.ClientCalls.blockingUnaryCall(ClientCalls.java:139)
	at org.apache.ratis.proto.grpc.RaftServerProtocolServiceGrpc$RaftServerProtocolServiceBlockingStub.requestVote(RaftServerProtocolServiceGrpc.java:265)
	at org.apache.ratis.grpc.server.GrpcServerProtocolClient.requestVote(GrpcServerProtocolClient.java:99)
	at org.apache.ratis.grpc.server.GrpcService.requestVote(GrpcService.java:204)
	at org.apache.ratis.server.impl.LeaderElection.lambda$submitRequests$1(LeaderElection.java:234)
	at java.util.concurrent.FutureTask.run(FutureTask.java:266)
	at java.util.concurrent.Executors$RunnableAdapter.call(Executors.java:511)
	at java.util.concurrent.FutureTask.run(FutureTask.java:266)
	at java.util.concurrent.ThreadPoolExecutor.runWorker(ThreadPoolExecutor.java:1149)
	at java.util.concurrent.ThreadPoolExecutor$Worker.run(ThreadPoolExecutor.java:624)
	... 1 more
Caused by: org.apache.ratis.thirdparty.io.netty.channel.AbstractChannel$AnnotatedConnectException: Connection refused: /192.168.157.194:42126
	at sun.nio.ch.SocketChannelImpl.checkConnect(Native Method)
	at sun.nio.ch.SocketChannelImpl.finishConnect(SocketChannelImpl.java:717)
	at org.apache.ratis.thirdparty.io.netty.channel.socket.nio.NioSocketChannel.doFinishConnect(NioSocketChannel.java:327)
	at org.apache.ratis.thirdparty.io.netty.channel.nio.AbstractNioChannel$AbstractNioUnsafe.finishConnect(AbstractNioChannel.java:340)
	at org.apache.ratis.thirdparty.io.netty.channel.nio.NioEventLoop.processSelectedKey(NioEventLoop.java:632)
	at org.apache.ratis.thirdparty.io.netty.channel.nio.NioEventLoop.processSelectedKeysOptimized(NioEventLoop.java:579)
	at org.apache.ratis.thirdparty.io.netty.channel.nio.NioEventLoop.processSelectedKeys(NioEventLoop.java:496)
	at org.apache.ratis.thirdparty.io.netty.channel.nio.NioEventLoop.run(NioEventLoop.java:458)
	at org.apache.ratis.thirdparty.io.netty.util.concurrent.SingleThreadEventExecutor$5.run(SingleThreadEventExecutor.java:897)
	at org.apache.ratis.thirdparty.io.netty.util.concurrent.FastThreadLocalRunnable.run(FastThreadLocalRunnable.java:30)
	... 1 more
Caused by: java.net.ConnectException: Connection refused
	... 11 more
2019-11-04 16:03:07,151 [e3fb79a3-1f86-42af-a80c-c46d1acdbc29@group-7855C2F36E53-LeaderElection482] INFO  impl.LeaderElection (LogUtils.java:infoOrTrace(149)) - e3fb79a3-1f86-42af-a80c-c46d1acdbc29@group-7855C2F36E53-LeaderElection482 got exception when requesting votes: {}
java.util.concurrent.ExecutionException: org.apache.ratis.thirdparty.io.grpc.StatusRuntimeException: UNAVAILABLE: io exception
	at java.util.concurrent.FutureTask.report(FutureTask.java:122)
	at java.util.concurrent.FutureTask.get(FutureTask.java:192)
	at org.apache.ratis.server.impl.LeaderElection.waitForResults(LeaderElection.java:259)
	at org.apache.ratis.server.impl.LeaderElection.askForVotes(LeaderElection.java:197)
	at org.apache.ratis.server.impl.LeaderElection.run(LeaderElection.java:133)
	at java.lang.Thread.run(Thread.java:748)
Caused by: org.apache.ratis.thirdparty.io.grpc.StatusRuntimeException: UNAVAILABLE: io exception
	at org.apache.ratis.thirdparty.io.grpc.stub.ClientCalls.toStatusRuntimeException(ClientCalls.java:233)
	at org.apache.ratis.thirdparty.io.grpc.stub.ClientCalls.getUnchecked(ClientCalls.java:214)
	at org.apache.ratis.thirdparty.io.grpc.stub.ClientCalls.blockingUnaryCall(ClientCalls.java:139)
	at org.apache.ratis.proto.grpc.RaftServerProtocolServiceGrpc$RaftServerProtocolServiceBlockingStub.requestVote(RaftServerProtocolServiceGrpc.java:265)
	at org.apache.ratis.grpc.server.GrpcServerProtocolClient.requestVote(GrpcServerProtocolClient.java:99)
	at org.apache.ratis.grpc.server.GrpcService.requestVote(GrpcService.java:204)
	at org.apache.ratis.server.impl.LeaderElection.lambda$submitRequests$1(LeaderElection.java:234)
	at java.util.concurrent.FutureTask.run(FutureTask.java:266)
	at java.util.concurrent.Executors$RunnableAdapter.call(Executors.java:511)
	at java.util.concurrent.FutureTask.run(FutureTask.java:266)
	at java.util.concurrent.ThreadPoolExecutor.runWorker(ThreadPoolExecutor.java:1149)
	at java.util.concurrent.ThreadPoolExecutor$Worker.run(ThreadPoolExecutor.java:624)
	... 1 more
Caused by: org.apache.ratis.thirdparty.io.netty.channel.AbstractChannel$AnnotatedConnectException: Connection refused: /192.168.157.194:46532
	at sun.nio.ch.SocketChannelImpl.checkConnect(Native Method)
	at sun.nio.ch.SocketChannelImpl.finishConnect(SocketChannelImpl.java:717)
	at org.apache.ratis.thirdparty.io.netty.channel.socket.nio.NioSocketChannel.doFinishConnect(NioSocketChannel.java:327)
	at org.apache.ratis.thirdparty.io.netty.channel.nio.AbstractNioChannel$AbstractNioUnsafe.finishConnect(AbstractNioChannel.java:340)
	at org.apache.ratis.thirdparty.io.netty.channel.nio.NioEventLoop.processSelectedKey(NioEventLoop.java:632)
	at org.apache.ratis.thirdparty.io.netty.channel.nio.NioEventLoop.processSelectedKeysOptimized(NioEventLoop.java:579)
	at org.apache.ratis.thirdparty.io.netty.channel.nio.NioEventLoop.processSelectedKeys(NioEventLoop.java:496)
	at org.apache.ratis.thirdparty.io.netty.channel.nio.NioEventLoop.run(NioEventLoop.java:458)
	at org.apache.ratis.thirdparty.io.netty.util.concurrent.SingleThreadEventExecutor$5.run(SingleThreadEventExecutor.java:897)
	at org.apache.ratis.thirdparty.io.netty.util.concurrent.FastThreadLocalRunnable.run(FastThreadLocalRunnable.java:30)
	... 1 more
Caused by: java.net.ConnectException: Connection refused
	... 11 more
2019-11-04 16:03:07,153 [e3fb79a3-1f86-42af-a80c-c46d1acdbc29@group-7855C2F36E53-LeaderElection482] INFO  impl.LeaderElection (LeaderElection.java:logAndReturn(56)) - e3fb79a3-1f86-42af-a80c-c46d1acdbc29@group-7855C2F36E53-LeaderElection482: Election REJECTED; received 0 response(s) [] and 2 exception(s); e3fb79a3-1f86-42af-a80c-c46d1acdbc29@group-7855C2F36E53:t536, leader=null, voted=e3fb79a3-1f86-42af-a80c-c46d1acdbc29, raftlog=e3fb79a3-1f86-42af-a80c-c46d1acdbc29@group-7855C2F36E53-SegmentedRaftLog:OPENED:c-1,f-1,i0, conf=-1: [e3fb79a3-1f86-42af-a80c-c46d1acdbc29:192.168.157.194:44142, 81ff859e-e76f-43f5-951a-4a38422068cb:192.168.157.194:46532, a9143d84-6d7f-497d-b770-eb75585db3c7:192.168.157.194:42126], old=null
2019-11-04 16:03:07,153 [e3fb79a3-1f86-42af-a80c-c46d1acdbc29@group-7855C2F36E53-LeaderElection482] INFO  impl.LeaderElection (LogUtils.java:infoOrTrace(149)) -   Exception 0: {}
java.util.concurrent.ExecutionException: org.apache.ratis.thirdparty.io.grpc.StatusRuntimeException: UNAVAILABLE: io exception
	at java.util.concurrent.FutureTask.report(FutureTask.java:122)
	at java.util.concurrent.FutureTask.get(FutureTask.java:192)
	at org.apache.ratis.server.impl.LeaderElection.waitForResults(LeaderElection.java:259)
	at org.apache.ratis.server.impl.LeaderElection.askForVotes(LeaderElection.java:197)
	at org.apache.ratis.server.impl.LeaderElection.run(LeaderElection.java:133)
	at java.lang.Thread.run(Thread.java:748)
Caused by: org.apache.ratis.thirdparty.io.grpc.StatusRuntimeException: UNAVAILABLE: io exception
	at org.apache.ratis.thirdparty.io.grpc.stub.ClientCalls.toStatusRuntimeException(ClientCalls.java:233)
	at org.apache.ratis.thirdparty.io.grpc.stub.ClientCalls.getUnchecked(ClientCalls.java:214)
	at org.apache.ratis.thirdparty.io.grpc.stub.ClientCalls.blockingUnaryCall(ClientCalls.java:139)
	at org.apache.ratis.proto.grpc.RaftServerProtocolServiceGrpc$RaftServerProtocolServiceBlockingStub.requestVote(RaftServerProtocolServiceGrpc.java:265)
	at org.apache.ratis.grpc.server.GrpcServerProtocolClient.requestVote(GrpcServerProtocolClient.java:99)
	at org.apache.ratis.grpc.server.GrpcService.requestVote(GrpcService.java:204)
	at org.apache.ratis.server.impl.LeaderElection.lambda$submitRequests$1(LeaderElection.java:234)
	at java.util.concurrent.FutureTask.run(FutureTask.java:266)
	at java.util.concurrent.Executors$RunnableAdapter.call(Executors.java:511)
	at java.util.concurrent.FutureTask.run(FutureTask.java:266)
	at java.util.concurrent.ThreadPoolExecutor.runWorker(ThreadPoolExecutor.java:1149)
	at java.util.concurrent.ThreadPoolExecutor$Worker.run(ThreadPoolExecutor.java:624)
	... 1 more
Caused by: org.apache.ratis.thirdparty.io.netty.channel.AbstractChannel$AnnotatedConnectException: Connection refused: /192.168.157.194:42126
	at sun.nio.ch.SocketChannelImpl.checkConnect(Native Method)
	at sun.nio.ch.SocketChannelImpl.finishConnect(SocketChannelImpl.java:717)
	at org.apache.ratis.thirdparty.io.netty.channel.socket.nio.NioSocketChannel.doFinishConnect(NioSocketChannel.java:327)
	at org.apache.ratis.thirdparty.io.netty.channel.nio.AbstractNioChannel$AbstractNioUnsafe.finishConnect(AbstractNioChannel.java:340)
	at org.apache.ratis.thirdparty.io.netty.channel.nio.NioEventLoop.processSelectedKey(NioEventLoop.java:632)
	at org.apache.ratis.thirdparty.io.netty.channel.nio.NioEventLoop.processSelectedKeysOptimized(NioEventLoop.java:579)
	at org.apache.ratis.thirdparty.io.netty.channel.nio.NioEventLoop.processSelectedKeys(NioEventLoop.java:496)
	at org.apache.ratis.thirdparty.io.netty.channel.nio.NioEventLoop.run(NioEventLoop.java:458)
	at org.apache.ratis.thirdparty.io.netty.util.concurrent.SingleThreadEventExecutor$5.run(SingleThreadEventExecutor.java:897)
	at org.apache.ratis.thirdparty.io.netty.util.concurrent.FastThreadLocalRunnable.run(FastThreadLocalRunnable.java:30)
	... 1 more
Caused by: java.net.ConnectException: Connection refused
	... 11 more
2019-11-04 16:03:07,153 [e3fb79a3-1f86-42af-a80c-c46d1acdbc29@group-7855C2F36E53-LeaderElection482] INFO  impl.LeaderElection (LogUtils.java:infoOrTrace(149)) -   Exception 1: {}
java.util.concurrent.ExecutionException: org.apache.ratis.thirdparty.io.grpc.StatusRuntimeException: UNAVAILABLE: io exception
	at java.util.concurrent.FutureTask.report(FutureTask.java:122)
	at java.util.concurrent.FutureTask.get(FutureTask.java:192)
	at org.apache.ratis.server.impl.LeaderElection.waitForResults(LeaderElection.java:259)
	at org.apache.ratis.server.impl.LeaderElection.askForVotes(LeaderElection.java:197)
	at org.apache.ratis.server.impl.LeaderElection.run(LeaderElection.java:133)
	at java.lang.Thread.run(Thread.java:748)
Caused by: org.apache.ratis.thirdparty.io.grpc.StatusRuntimeException: UNAVAILABLE: io exception
	at org.apache.ratis.thirdparty.io.grpc.stub.ClientCalls.toStatusRuntimeException(ClientCalls.java:233)
	at org.apache.ratis.thirdparty.io.grpc.stub.ClientCalls.getUnchecked(ClientCalls.java:214)
	at org.apache.ratis.thirdparty.io.grpc.stub.ClientCalls.blockingUnaryCall(ClientCalls.java:139)
	at org.apache.ratis.proto.grpc.RaftServerProtocolServiceGrpc$RaftServerProtocolServiceBlockingStub.requestVote(RaftServerProtocolServiceGrpc.java:265)
	at org.apache.ratis.grpc.server.GrpcServerProtocolClient.requestVote(GrpcServerProtocolClient.java:99)
	at org.apache.ratis.grpc.server.GrpcService.requestVote(GrpcService.java:204)
	at org.apache.ratis.server.impl.LeaderElection.lambda$submitRequests$1(LeaderElection.java:234)
	at java.util.concurrent.FutureTask.run(FutureTask.java:266)
	at java.util.concurrent.Executors$RunnableAdapter.call(Executors.java:511)
	at java.util.concurrent.FutureTask.run(FutureTask.java:266)
	at java.util.concurrent.ThreadPoolExecutor.runWorker(ThreadPoolExecutor.java:1149)
	at java.util.concurrent.ThreadPoolExecutor$Worker.run(ThreadPoolExecutor.java:624)
	... 1 more
Caused by: org.apache.ratis.thirdparty.io.netty.channel.AbstractChannel$AnnotatedConnectException: Connection refused: /192.168.157.194:46532
	at sun.nio.ch.SocketChannelImpl.checkConnect(Native Method)
	at sun.nio.ch.SocketChannelImpl.finishConnect(SocketChannelImpl.java:717)
	at org.apache.ratis.thirdparty.io.netty.channel.socket.nio.NioSocketChannel.doFinishConnect(NioSocketChannel.java:327)
	at org.apache.ratis.thirdparty.io.netty.channel.nio.AbstractNioChannel$AbstractNioUnsafe.finishConnect(AbstractNioChannel.java:340)
	at org.apache.ratis.thirdparty.io.netty.channel.nio.NioEventLoop.processSelectedKey(NioEventLoop.java:632)
	at org.apache.ratis.thirdparty.io.netty.channel.nio.NioEventLoop.processSelectedKeysOptimized(NioEventLoop.java:579)
	at org.apache.ratis.thirdparty.io.netty.channel.nio.NioEventLoop.processSelectedKeys(NioEventLoop.java:496)
	at org.apache.ratis.thirdparty.io.netty.channel.nio.NioEventLoop.run(NioEventLoop.java:458)
	at org.apache.ratis.thirdparty.io.netty.util.concurrent.SingleThreadEventExecutor$5.run(SingleThreadEventExecutor.java:897)
	at org.apache.ratis.thirdparty.io.netty.util.concurrent.FastThreadLocalRunnable.run(FastThreadLocalRunnable.java:30)
	... 1 more
Caused by: java.net.ConnectException: Connection refused
	... 11 more
2019-11-04 16:03:07,153 [e3fb79a3-1f86-42af-a80c-c46d1acdbc29@group-7855C2F36E53-LeaderElection482] INFO  impl.RaftServerImpl (RaftServerImpl.java:setRole(184)) - e3fb79a3-1f86-42af-a80c-c46d1acdbc29@group-7855C2F36E53: changes role from CANDIDATE to FOLLOWER at term 536 for DISCOVERED_A_NEW_TERM
2019-11-04 16:03:07,153 [e3fb79a3-1f86-42af-a80c-c46d1acdbc29@group-7855C2F36E53-LeaderElection482] INFO  impl.RoleInfo (RoleInfo.java:shutdownLeaderElection(134)) - e3fb79a3-1f86-42af-a80c-c46d1acdbc29: shutdown LeaderElection
2019-11-04 16:03:07,154 [e3fb79a3-1f86-42af-a80c-c46d1acdbc29@group-7855C2F36E53-LeaderElection482] INFO  impl.RoleInfo (RoleInfo.java:updateAndGet(143)) - e3fb79a3-1f86-42af-a80c-c46d1acdbc29: start FollowerState
2019-11-04 16:03:07,239 [Thread-3444] INFO  impl.FollowerState (FollowerState.java:run(108)) - e3fb79a3-1f86-42af-a80c-c46d1acdbc29@group-7855C2F36E53-FollowerState: change to CANDIDATE, lastRpcTime:85ms, electionTimeout:85ms
2019-11-04 16:03:07,239 [Thread-3444] INFO  impl.RoleInfo (RoleInfo.java:shutdownFollowerState(121)) - e3fb79a3-1f86-42af-a80c-c46d1acdbc29: shutdown FollowerState
2019-11-04 16:03:07,239 [Thread-3444] INFO  impl.RaftServerImpl (RaftServerImpl.java:setRole(184)) - e3fb79a3-1f86-42af-a80c-c46d1acdbc29@group-7855C2F36E53: changes role from  FOLLOWER to CANDIDATE at term 536 for changeToCandidate
2019-11-04 16:03:07,239 [Thread-3444] INFO  impl.RoleInfo (RoleInfo.java:updateAndGet(143)) - e3fb79a3-1f86-42af-a80c-c46d1acdbc29: start LeaderElection
2019-11-04 16:03:07,254 [e3fb79a3-1f86-42af-a80c-c46d1acdbc29@group-7855C2F36E53-LeaderElection483] INFO  impl.LeaderElection (LeaderElection.java:askForVotes(178)) - e3fb79a3-1f86-42af-a80c-c46d1acdbc29@group-7855C2F36E53-LeaderElection483: begin an election at term 537 for -1: [e3fb79a3-1f86-42af-a80c-c46d1acdbc29:192.168.157.194:44142, 81ff859e-e76f-43f5-951a-4a38422068cb:192.168.157.194:46532, a9143d84-6d7f-497d-b770-eb75585db3c7:192.168.157.194:42126], old=null
2019-11-04 16:03:07,255 [e3fb79a3-1f86-42af-a80c-c46d1acdbc29@group-7855C2F36E53-LeaderElection483] INFO  impl.LeaderElection (LogUtils.java:infoOrTrace(149)) - e3fb79a3-1f86-42af-a80c-c46d1acdbc29@group-7855C2F36E53-LeaderElection483 got exception when requesting votes: {}
java.util.concurrent.ExecutionException: org.apache.ratis.thirdparty.io.grpc.StatusRuntimeException: UNAVAILABLE: io exception
	at java.util.concurrent.FutureTask.report(FutureTask.java:122)
	at java.util.concurrent.FutureTask.get(FutureTask.java:192)
	at org.apache.ratis.server.impl.LeaderElection.waitForResults(LeaderElection.java:259)
	at org.apache.ratis.server.impl.LeaderElection.askForVotes(LeaderElection.java:197)
	at org.apache.ratis.server.impl.LeaderElection.run(LeaderElection.java:133)
	at java.lang.Thread.run(Thread.java:748)
Caused by: org.apache.ratis.thirdparty.io.grpc.StatusRuntimeException: UNAVAILABLE: io exception
	at org.apache.ratis.thirdparty.io.grpc.stub.ClientCalls.toStatusRuntimeException(ClientCalls.java:233)
	at org.apache.ratis.thirdparty.io.grpc.stub.ClientCalls.getUnchecked(ClientCalls.java:214)
	at org.apache.ratis.thirdparty.io.grpc.stub.ClientCalls.blockingUnaryCall(ClientCalls.java:139)
	at org.apache.ratis.proto.grpc.RaftServerProtocolServiceGrpc$RaftServerProtocolServiceBlockingStub.requestVote(RaftServerProtocolServiceGrpc.java:265)
	at org.apache.ratis.grpc.server.GrpcServerProtocolClient.requestVote(GrpcServerProtocolClient.java:99)
	at org.apache.ratis.grpc.server.GrpcService.requestVote(GrpcService.java:204)
	at org.apache.ratis.server.impl.LeaderElection.lambda$submitRequests$1(LeaderElection.java:234)
	at java.util.concurrent.FutureTask.run(FutureTask.java:266)
	at java.util.concurrent.Executors$RunnableAdapter.call(Executors.java:511)
	at java.util.concurrent.FutureTask.run(FutureTask.java:266)
	at java.util.concurrent.ThreadPoolExecutor.runWorker(ThreadPoolExecutor.java:1149)
	at java.util.concurrent.ThreadPoolExecutor$Worker.run(ThreadPoolExecutor.java:624)
	... 1 more
Caused by: org.apache.ratis.thirdparty.io.netty.channel.AbstractChannel$AnnotatedConnectException: Connection refused: /192.168.157.194:46532
	at sun.nio.ch.SocketChannelImpl.checkConnect(Native Method)
	at sun.nio.ch.SocketChannelImpl.finishConnect(SocketChannelImpl.java:717)
	at org.apache.ratis.thirdparty.io.netty.channel.socket.nio.NioSocketChannel.doFinishConnect(NioSocketChannel.java:327)
	at org.apache.ratis.thirdparty.io.netty.channel.nio.AbstractNioChannel$AbstractNioUnsafe.finishConnect(AbstractNioChannel.java:340)
	at org.apache.ratis.thirdparty.io.netty.channel.nio.NioEventLoop.processSelectedKey(NioEventLoop.java:632)
	at org.apache.ratis.thirdparty.io.netty.channel.nio.NioEventLoop.processSelectedKeysOptimized(NioEventLoop.java:579)
	at org.apache.ratis.thirdparty.io.netty.channel.nio.NioEventLoop.processSelectedKeys(NioEventLoop.java:496)
	at org.apache.ratis.thirdparty.io.netty.channel.nio.NioEventLoop.run(NioEventLoop.java:458)
	at org.apache.ratis.thirdparty.io.netty.util.concurrent.SingleThreadEventExecutor$5.run(SingleThreadEventExecutor.java:897)
	at org.apache.ratis.thirdparty.io.netty.util.concurrent.FastThreadLocalRunnable.run(FastThreadLocalRunnable.java:30)
	... 1 more
Caused by: java.net.ConnectException: Connection refused
	... 11 more
2019-11-04 16:03:07,257 [e3fb79a3-1f86-42af-a80c-c46d1acdbc29@group-7855C2F36E53-LeaderElection483] INFO  impl.LeaderElection (LogUtils.java:infoOrTrace(149)) - e3fb79a3-1f86-42af-a80c-c46d1acdbc29@group-7855C2F36E53-LeaderElection483 got exception when requesting votes: {}
java.util.concurrent.ExecutionException: org.apache.ratis.thirdparty.io.grpc.StatusRuntimeException: UNAVAILABLE: io exception
	at java.util.concurrent.FutureTask.report(FutureTask.java:122)
	at java.util.concurrent.FutureTask.get(FutureTask.java:192)
	at org.apache.ratis.server.impl.LeaderElection.waitForResults(LeaderElection.java:259)
	at org.apache.ratis.server.impl.LeaderElection.askForVotes(LeaderElection.java:197)
	at org.apache.ratis.server.impl.LeaderElection.run(LeaderElection.java:133)
	at java.lang.Thread.run(Thread.java:748)
Caused by: org.apache.ratis.thirdparty.io.grpc.StatusRuntimeException: UNAVAILABLE: io exception
	at org.apache.ratis.thirdparty.io.grpc.stub.ClientCalls.toStatusRuntimeException(ClientCalls.java:233)
	at org.apache.ratis.thirdparty.io.grpc.stub.ClientCalls.getUnchecked(ClientCalls.java:214)
	at org.apache.ratis.thirdparty.io.grpc.stub.ClientCalls.blockingUnaryCall(ClientCalls.java:139)
	at org.apache.ratis.proto.grpc.RaftServerProtocolServiceGrpc$RaftServerProtocolServiceBlockingStub.requestVote(RaftServerProtocolServiceGrpc.java:265)
	at org.apache.ratis.grpc.server.GrpcServerProtocolClient.requestVote(GrpcServerProtocolClient.java:99)
	at org.apache.ratis.grpc.server.GrpcService.requestVote(GrpcService.java:204)
	at org.apache.ratis.server.impl.LeaderElection.lambda$submitRequests$1(LeaderElection.java:234)
	at java.util.concurrent.FutureTask.run(FutureTask.java:266)
	at java.util.concurrent.Executors$RunnableAdapter.call(Executors.java:511)
	at java.util.concurrent.FutureTask.run(FutureTask.java:266)
	at java.util.concurrent.ThreadPoolExecutor.runWorker(ThreadPoolExecutor.java:1149)
	at java.util.concurrent.ThreadPoolExecutor$Worker.run(ThreadPoolExecutor.java:624)
	... 1 more
Caused by: org.apache.ratis.thirdparty.io.netty.channel.AbstractChannel$AnnotatedConnectException: Connection refused: /192.168.157.194:42126
	at sun.nio.ch.SocketChannelImpl.checkConnect(Native Method)
	at sun.nio.ch.SocketChannelImpl.finishConnect(SocketChannelImpl.java:717)
	at org.apache.ratis.thirdparty.io.netty.channel.socket.nio.NioSocketChannel.doFinishConnect(NioSocketChannel.java:327)
	at org.apache.ratis.thirdparty.io.netty.channel.nio.AbstractNioChannel$AbstractNioUnsafe.finishConnect(AbstractNioChannel.java:340)
	at org.apache.ratis.thirdparty.io.netty.channel.nio.NioEventLoop.processSelectedKey(NioEventLoop.java:632)
	at org.apache.ratis.thirdparty.io.netty.channel.nio.NioEventLoop.processSelectedKeysOptimized(NioEventLoop.java:579)
	at org.apache.ratis.thirdparty.io.netty.channel.nio.NioEventLoop.processSelectedKeys(NioEventLoop.java:496)
	at org.apache.ratis.thirdparty.io.netty.channel.nio.NioEventLoop.run(NioEventLoop.java:458)
	at org.apache.ratis.thirdparty.io.netty.util.concurrent.SingleThreadEventExecutor$5.run(SingleThreadEventExecutor.java:897)
	at org.apache.ratis.thirdparty.io.netty.util.concurrent.FastThreadLocalRunnable.run(FastThreadLocalRunnable.java:30)
	... 1 more
Caused by: java.net.ConnectException: Connection refused
	... 11 more
2019-11-04 16:03:07,258 [e3fb79a3-1f86-42af-a80c-c46d1acdbc29@group-7855C2F36E53-LeaderElection483] INFO  impl.LeaderElection (LeaderElection.java:logAndReturn(56)) - e3fb79a3-1f86-42af-a80c-c46d1acdbc29@group-7855C2F36E53-LeaderElection483: Election REJECTED; received 0 response(s) [] and 2 exception(s); e3fb79a3-1f86-42af-a80c-c46d1acdbc29@group-7855C2F36E53:t537, leader=null, voted=e3fb79a3-1f86-42af-a80c-c46d1acdbc29, raftlog=e3fb79a3-1f86-42af-a80c-c46d1acdbc29@group-7855C2F36E53-SegmentedRaftLog:OPENED:c-1,f-1,i0, conf=-1: [e3fb79a3-1f86-42af-a80c-c46d1acdbc29:192.168.157.194:44142, 81ff859e-e76f-43f5-951a-4a38422068cb:192.168.157.194:46532, a9143d84-6d7f-497d-b770-eb75585db3c7:192.168.157.194:42126], old=null
2019-11-04 16:03:07,258 [e3fb79a3-1f86-42af-a80c-c46d1acdbc29@group-7855C2F36E53-LeaderElection483] INFO  impl.LeaderElection (LogUtils.java:infoOrTrace(149)) -   Exception 0: {}
java.util.concurrent.ExecutionException: org.apache.ratis.thirdparty.io.grpc.StatusRuntimeException: UNAVAILABLE: io exception
	at java.util.concurrent.FutureTask.report(FutureTask.java:122)
	at java.util.concurrent.FutureTask.get(FutureTask.java:192)
	at org.apache.ratis.server.impl.LeaderElection.waitForResults(LeaderElection.java:259)
	at org.apache.ratis.server.impl.LeaderElection.askForVotes(LeaderElection.java:197)
	at org.apache.ratis.server.impl.LeaderElection.run(LeaderElection.java:133)
	at java.lang.Thread.run(Thread.java:748)
Caused by: org.apache.ratis.thirdparty.io.grpc.StatusRuntimeException: UNAVAILABLE: io exception
	at org.apache.ratis.thirdparty.io.grpc.stub.ClientCalls.toStatusRuntimeException(ClientCalls.java:233)
	at org.apache.ratis.thirdparty.io.grpc.stub.ClientCalls.getUnchecked(ClientCalls.java:214)
	at org.apache.ratis.thirdparty.io.grpc.stub.ClientCalls.blockingUnaryCall(ClientCalls.java:139)
	at org.apache.ratis.proto.grpc.RaftServerProtocolServiceGrpc$RaftServerProtocolServiceBlockingStub.requestVote(RaftServerProtocolServiceGrpc.java:265)
	at org.apache.ratis.grpc.server.GrpcServerProtocolClient.requestVote(GrpcServerProtocolClient.java:99)
	at org.apache.ratis.grpc.server.GrpcService.requestVote(GrpcService.java:204)
	at org.apache.ratis.server.impl.LeaderElection.lambda$submitRequests$1(LeaderElection.java:234)
	at java.util.concurrent.FutureTask.run(FutureTask.java:266)
	at java.util.concurrent.Executors$RunnableAdapter.call(Executors.java:511)
	at java.util.concurrent.FutureTask.run(FutureTask.java:266)
	at java.util.concurrent.ThreadPoolExecutor.runWorker(ThreadPoolExecutor.java:1149)
	at java.util.concurrent.ThreadPoolExecutor$Worker.run(ThreadPoolExecutor.java:624)
	... 1 more
Caused by: org.apache.ratis.thirdparty.io.netty.channel.AbstractChannel$AnnotatedConnectException: Connection refused: /192.168.157.194:46532
	at sun.nio.ch.SocketChannelImpl.checkConnect(Native Method)
	at sun.nio.ch.SocketChannelImpl.finishConnect(SocketChannelImpl.java:717)
	at org.apache.ratis.thirdparty.io.netty.channel.socket.nio.NioSocketChannel.doFinishConnect(NioSocketChannel.java:327)
	at org.apache.ratis.thirdparty.io.netty.channel.nio.AbstractNioChannel$AbstractNioUnsafe.finishConnect(AbstractNioChannel.java:340)
	at org.apache.ratis.thirdparty.io.netty.channel.nio.NioEventLoop.processSelectedKey(NioEventLoop.java:632)
	at org.apache.ratis.thirdparty.io.netty.channel.nio.NioEventLoop.processSelectedKeysOptimized(NioEventLoop.java:579)
	at org.apache.ratis.thirdparty.io.netty.channel.nio.NioEventLoop.processSelectedKeys(NioEventLoop.java:496)
	at org.apache.ratis.thirdparty.io.netty.channel.nio.NioEventLoop.run(NioEventLoop.java:458)
	at org.apache.ratis.thirdparty.io.netty.util.concurrent.SingleThreadEventExecutor$5.run(SingleThreadEventExecutor.java:897)
	at org.apache.ratis.thirdparty.io.netty.util.concurrent.FastThreadLocalRunnable.run(FastThreadLocalRunnable.java:30)
	... 1 more
Caused by: java.net.ConnectException: Connection refused
	... 11 more
2019-11-04 16:03:07,258 [e3fb79a3-1f86-42af-a80c-c46d1acdbc29@group-7855C2F36E53-LeaderElection483] INFO  impl.LeaderElection (LogUtils.java:infoOrTrace(149)) -   Exception 1: {}
java.util.concurrent.ExecutionException: org.apache.ratis.thirdparty.io.grpc.StatusRuntimeException: UNAVAILABLE: io exception
	at java.util.concurrent.FutureTask.report(FutureTask.java:122)
	at java.util.concurrent.FutureTask.get(FutureTask.java:192)
	at org.apache.ratis.server.impl.LeaderElection.waitForResults(LeaderElection.java:259)
	at org.apache.ratis.server.impl.LeaderElection.askForVotes(LeaderElection.java:197)
	at org.apache.ratis.server.impl.LeaderElection.run(LeaderElection.java:133)
	at java.lang.Thread.run(Thread.java:748)
Caused by: org.apache.ratis.thirdparty.io.grpc.StatusRuntimeException: UNAVAILABLE: io exception
	at org.apache.ratis.thirdparty.io.grpc.stub.ClientCalls.toStatusRuntimeException(ClientCalls.java:233)
	at org.apache.ratis.thirdparty.io.grpc.stub.ClientCalls.getUnchecked(ClientCalls.java:214)
	at org.apache.ratis.thirdparty.io.grpc.stub.ClientCalls.blockingUnaryCall(ClientCalls.java:139)
	at org.apache.ratis.proto.grpc.RaftServerProtocolServiceGrpc$RaftServerProtocolServiceBlockingStub.requestVote(RaftServerProtocolServiceGrpc.java:265)
	at org.apache.ratis.grpc.server.GrpcServerProtocolClient.requestVote(GrpcServerProtocolClient.java:99)
	at org.apache.ratis.grpc.server.GrpcService.requestVote(GrpcService.java:204)
	at org.apache.ratis.server.impl.LeaderElection.lambda$submitRequests$1(LeaderElection.java:234)
	at java.util.concurrent.FutureTask.run(FutureTask.java:266)
	at java.util.concurrent.Executors$RunnableAdapter.call(Executors.java:511)
	at java.util.concurrent.FutureTask.run(FutureTask.java:266)
	at java.util.concurrent.ThreadPoolExecutor.runWorker(ThreadPoolExecutor.java:1149)
	at java.util.concurrent.ThreadPoolExecutor$Worker.run(ThreadPoolExecutor.java:624)
	... 1 more
Caused by: org.apache.ratis.thirdparty.io.netty.channel.AbstractChannel$AnnotatedConnectException: Connection refused: /192.168.157.194:42126
	at sun.nio.ch.SocketChannelImpl.checkConnect(Native Method)
	at sun.nio.ch.SocketChannelImpl.finishConnect(SocketChannelImpl.java:717)
	at org.apache.ratis.thirdparty.io.netty.channel.socket.nio.NioSocketChannel.doFinishConnect(NioSocketChannel.java:327)
	at org.apache.ratis.thirdparty.io.netty.channel.nio.AbstractNioChannel$AbstractNioUnsafe.finishConnect(AbstractNioChannel.java:340)
	at org.apache.ratis.thirdparty.io.netty.channel.nio.NioEventLoop.processSelectedKey(NioEventLoop.java:632)
	at org.apache.ratis.thirdparty.io.netty.channel.nio.NioEventLoop.processSelectedKeysOptimized(NioEventLoop.java:579)
	at org.apache.ratis.thirdparty.io.netty.channel.nio.NioEventLoop.processSelectedKeys(NioEventLoop.java:496)
	at org.apache.ratis.thirdparty.io.netty.channel.nio.NioEventLoop.run(NioEventLoop.java:458)
	at org.apache.ratis.thirdparty.io.netty.util.concurrent.SingleThreadEventExecutor$5.run(SingleThreadEventExecutor.java:897)
	at org.apache.ratis.thirdparty.io.netty.util.concurrent.FastThreadLocalRunnable.run(FastThreadLocalRunnable.java:30)
	... 1 more
Caused by: java.net.ConnectException: Connection refused
	... 11 more
2019-11-04 16:03:07,258 [e3fb79a3-1f86-42af-a80c-c46d1acdbc29@group-7855C2F36E53-LeaderElection483] INFO  impl.RaftServerImpl (RaftServerImpl.java:setRole(184)) - e3fb79a3-1f86-42af-a80c-c46d1acdbc29@group-7855C2F36E53: changes role from CANDIDATE to FOLLOWER at term 537 for DISCOVERED_A_NEW_TERM
2019-11-04 16:03:07,258 [e3fb79a3-1f86-42af-a80c-c46d1acdbc29@group-7855C2F36E53-LeaderElection483] INFO  impl.RoleInfo (RoleInfo.java:shutdownLeaderElection(134)) - e3fb79a3-1f86-42af-a80c-c46d1acdbc29: shutdown LeaderElection
2019-11-04 16:03:07,259 [e3fb79a3-1f86-42af-a80c-c46d1acdbc29@group-7855C2F36E53-LeaderElection483] INFO  impl.RoleInfo (RoleInfo.java:updateAndGet(143)) - e3fb79a3-1f86-42af-a80c-c46d1acdbc29: start FollowerState
2019-11-04 16:03:07,330 [Thread-3448] INFO  impl.FollowerState (FollowerState.java:run(108)) - e3fb79a3-1f86-42af-a80c-c46d1acdbc29@group-7855C2F36E53-FollowerState: change to CANDIDATE, lastRpcTime:71ms, electionTimeout:71ms
2019-11-04 16:03:07,330 [Thread-3448] INFO  impl.RoleInfo (RoleInfo.java:shutdownFollowerState(121)) - e3fb79a3-1f86-42af-a80c-c46d1acdbc29: shutdown FollowerState
2019-11-04 16:03:07,330 [Thread-3448] INFO  impl.RaftServerImpl (RaftServerImpl.java:setRole(184)) - e3fb79a3-1f86-42af-a80c-c46d1acdbc29@group-7855C2F36E53: changes role from  FOLLOWER to CANDIDATE at term 537 for changeToCandidate
2019-11-04 16:03:07,330 [Thread-3448] INFO  impl.RoleInfo (RoleInfo.java:updateAndGet(143)) - e3fb79a3-1f86-42af-a80c-c46d1acdbc29: start LeaderElection
2019-11-04 16:03:07,344 [e3fb79a3-1f86-42af-a80c-c46d1acdbc29@group-7855C2F36E53-LeaderElection484] INFO  impl.LeaderElection (LeaderElection.java:askForVotes(178)) - e3fb79a3-1f86-42af-a80c-c46d1acdbc29@group-7855C2F36E53-LeaderElection484: begin an election at term 538 for -1: [e3fb79a3-1f86-42af-a80c-c46d1acdbc29:192.168.157.194:44142, 81ff859e-e76f-43f5-951a-4a38422068cb:192.168.157.194:46532, a9143d84-6d7f-497d-b770-eb75585db3c7:192.168.157.194:42126], old=null
2019-11-04 16:03:07,345 [e3fb79a3-1f86-42af-a80c-c46d1acdbc29@group-7855C2F36E53-LeaderElection484] INFO  impl.LeaderElection (LogUtils.java:infoOrTrace(149)) - e3fb79a3-1f86-42af-a80c-c46d1acdbc29@group-7855C2F36E53-LeaderElection484 got exception when requesting votes: {}
java.util.concurrent.ExecutionException: org.apache.ratis.thirdparty.io.grpc.StatusRuntimeException: UNAVAILABLE: io exception
	at java.util.concurrent.FutureTask.report(FutureTask.java:122)
	at java.util.concurrent.FutureTask.get(FutureTask.java:192)
	at org.apache.ratis.server.impl.LeaderElection.waitForResults(LeaderElection.java:259)
	at org.apache.ratis.server.impl.LeaderElection.askForVotes(LeaderElection.java:197)
	at org.apache.ratis.server.impl.LeaderElection.run(LeaderElection.java:133)
	at java.lang.Thread.run(Thread.java:748)
Caused by: org.apache.ratis.thirdparty.io.grpc.StatusRuntimeException: UNAVAILABLE: io exception
	at org.apache.ratis.thirdparty.io.grpc.stub.ClientCalls.toStatusRuntimeException(ClientCalls.java:233)
	at org.apache.ratis.thirdparty.io.grpc.stub.ClientCalls.getUnchecked(ClientCalls.java:214)
	at org.apache.ratis.thirdparty.io.grpc.stub.ClientCalls.blockingUnaryCall(ClientCalls.java:139)
	at org.apache.ratis.proto.grpc.RaftServerProtocolServiceGrpc$RaftServerProtocolServiceBlockingStub.requestVote(RaftServerProtocolServiceGrpc.java:265)
	at org.apache.ratis.grpc.server.GrpcServerProtocolClient.requestVote(GrpcServerProtocolClient.java:99)
	at org.apache.ratis.grpc.server.GrpcService.requestVote(GrpcService.java:204)
	at org.apache.ratis.server.impl.LeaderElection.lambda$submitRequests$1(LeaderElection.java:234)
	at java.util.concurrent.FutureTask.run(FutureTask.java:266)
	at java.util.concurrent.Executors$RunnableAdapter.call(Executors.java:511)
	at java.util.concurrent.FutureTask.run(FutureTask.java:266)
	at java.util.concurrent.ThreadPoolExecutor.runWorker(ThreadPoolExecutor.java:1149)
	at java.util.concurrent.ThreadPoolExecutor$Worker.run(ThreadPoolExecutor.java:624)
	... 1 more
Caused by: org.apache.ratis.thirdparty.io.netty.channel.AbstractChannel$AnnotatedConnectException: Connection refused: /192.168.157.194:46532
	at sun.nio.ch.SocketChannelImpl.checkConnect(Native Method)
	at sun.nio.ch.SocketChannelImpl.finishConnect(SocketChannelImpl.java:717)
	at org.apache.ratis.thirdparty.io.netty.channel.socket.nio.NioSocketChannel.doFinishConnect(NioSocketChannel.java:327)
	at org.apache.ratis.thirdparty.io.netty.channel.nio.AbstractNioChannel$AbstractNioUnsafe.finishConnect(AbstractNioChannel.java:340)
	at org.apache.ratis.thirdparty.io.netty.channel.nio.NioEventLoop.processSelectedKey(NioEventLoop.java:632)
	at org.apache.ratis.thirdparty.io.netty.channel.nio.NioEventLoop.processSelectedKeysOptimized(NioEventLoop.java:579)
	at org.apache.ratis.thirdparty.io.netty.channel.nio.NioEventLoop.processSelectedKeys(NioEventLoop.java:496)
	at org.apache.ratis.thirdparty.io.netty.channel.nio.NioEventLoop.run(NioEventLoop.java:458)
	at org.apache.ratis.thirdparty.io.netty.util.concurrent.SingleThreadEventExecutor$5.run(SingleThreadEventExecutor.java:897)
	at org.apache.ratis.thirdparty.io.netty.util.concurrent.FastThreadLocalRunnable.run(FastThreadLocalRunnable.java:30)
	... 1 more
Caused by: java.net.ConnectException: Connection refused
	... 11 more
2019-11-04 16:03:07,346 [e3fb79a3-1f86-42af-a80c-c46d1acdbc29@group-7855C2F36E53-LeaderElection484] INFO  impl.LeaderElection (LogUtils.java:infoOrTrace(149)) - e3fb79a3-1f86-42af-a80c-c46d1acdbc29@group-7855C2F36E53-LeaderElection484 got exception when requesting votes: {}
java.util.concurrent.ExecutionException: org.apache.ratis.thirdparty.io.grpc.StatusRuntimeException: UNAVAILABLE: io exception
	at java.util.concurrent.FutureTask.report(FutureTask.java:122)
	at java.util.concurrent.FutureTask.get(FutureTask.java:192)
	at org.apache.ratis.server.impl.LeaderElection.waitForResults(LeaderElection.java:259)
	at org.apache.ratis.server.impl.LeaderElection.askForVotes(LeaderElection.java:197)
	at org.apache.ratis.server.impl.LeaderElection.run(LeaderElection.java:133)
	at java.lang.Thread.run(Thread.java:748)
Caused by: org.apache.ratis.thirdparty.io.grpc.StatusRuntimeException: UNAVAILABLE: io exception
	at org.apache.ratis.thirdparty.io.grpc.stub.ClientCalls.toStatusRuntimeException(ClientCalls.java:233)
	at org.apache.ratis.thirdparty.io.grpc.stub.ClientCalls.getUnchecked(ClientCalls.java:214)
	at org.apache.ratis.thirdparty.io.grpc.stub.ClientCalls.blockingUnaryCall(ClientCalls.java:139)
	at org.apache.ratis.proto.grpc.RaftServerProtocolServiceGrpc$RaftServerProtocolServiceBlockingStub.requestVote(RaftServerProtocolServiceGrpc.java:265)
	at org.apache.ratis.grpc.server.GrpcServerProtocolClient.requestVote(GrpcServerProtocolClient.java:99)
	at org.apache.ratis.grpc.server.GrpcService.requestVote(GrpcService.java:204)
	at org.apache.ratis.server.impl.LeaderElection.lambda$submitRequests$1(LeaderElection.java:234)
	at java.util.concurrent.FutureTask.run(FutureTask.java:266)
	at java.util.concurrent.Executors$RunnableAdapter.call(Executors.java:511)
	at java.util.concurrent.FutureTask.run(FutureTask.java:266)
	at java.util.concurrent.ThreadPoolExecutor.runWorker(ThreadPoolExecutor.java:1149)
	at java.util.concurrent.ThreadPoolExecutor$Worker.run(ThreadPoolExecutor.java:624)
	... 1 more
Caused by: org.apache.ratis.thirdparty.io.netty.channel.AbstractChannel$AnnotatedConnectException: Connection refused: /192.168.157.194:42126
	at sun.nio.ch.SocketChannelImpl.checkConnect(Native Method)
	at sun.nio.ch.SocketChannelImpl.finishConnect(SocketChannelImpl.java:717)
	at org.apache.ratis.thirdparty.io.netty.channel.socket.nio.NioSocketChannel.doFinishConnect(NioSocketChannel.java:327)
	at org.apache.ratis.thirdparty.io.netty.channel.nio.AbstractNioChannel$AbstractNioUnsafe.finishConnect(AbstractNioChannel.java:340)
	at org.apache.ratis.thirdparty.io.netty.channel.nio.NioEventLoop.processSelectedKey(NioEventLoop.java:632)
	at org.apache.ratis.thirdparty.io.netty.channel.nio.NioEventLoop.processSelectedKeysOptimized(NioEventLoop.java:579)
	at org.apache.ratis.thirdparty.io.netty.channel.nio.NioEventLoop.processSelectedKeys(NioEventLoop.java:496)
	at org.apache.ratis.thirdparty.io.netty.channel.nio.NioEventLoop.run(NioEventLoop.java:458)
	at org.apache.ratis.thirdparty.io.netty.util.concurrent.SingleThreadEventExecutor$5.run(SingleThreadEventExecutor.java:897)
	at org.apache.ratis.thirdparty.io.netty.util.concurrent.FastThreadLocalRunnable.run(FastThreadLocalRunnable.java:30)
	... 1 more
Caused by: java.net.ConnectException: Connection refused
	... 11 more
2019-11-04 16:03:07,347 [e3fb79a3-1f86-42af-a80c-c46d1acdbc29@group-7855C2F36E53-LeaderElection484] INFO  impl.LeaderElection (LeaderElection.java:logAndReturn(56)) - e3fb79a3-1f86-42af-a80c-c46d1acdbc29@group-7855C2F36E53-LeaderElection484: Election REJECTED; received 0 response(s) [] and 2 exception(s); e3fb79a3-1f86-42af-a80c-c46d1acdbc29@group-7855C2F36E53:t538, leader=null, voted=e3fb79a3-1f86-42af-a80c-c46d1acdbc29, raftlog=e3fb79a3-1f86-42af-a80c-c46d1acdbc29@group-7855C2F36E53-SegmentedRaftLog:OPENED:c-1,f-1,i0, conf=-1: [e3fb79a3-1f86-42af-a80c-c46d1acdbc29:192.168.157.194:44142, 81ff859e-e76f-43f5-951a-4a38422068cb:192.168.157.194:46532, a9143d84-6d7f-497d-b770-eb75585db3c7:192.168.157.194:42126], old=null
2019-11-04 16:03:07,347 [e3fb79a3-1f86-42af-a80c-c46d1acdbc29@group-7855C2F36E53-LeaderElection484] INFO  impl.LeaderElection (LogUtils.java:infoOrTrace(149)) -   Exception 0: {}
java.util.concurrent.ExecutionException: org.apache.ratis.thirdparty.io.grpc.StatusRuntimeException: UNAVAILABLE: io exception
	at java.util.concurrent.FutureTask.report(FutureTask.java:122)
	at java.util.concurrent.FutureTask.get(FutureTask.java:192)
	at org.apache.ratis.server.impl.LeaderElection.waitForResults(LeaderElection.java:259)
	at org.apache.ratis.server.impl.LeaderElection.askForVotes(LeaderElection.java:197)
	at org.apache.ratis.server.impl.LeaderElection.run(LeaderElection.java:133)
	at java.lang.Thread.run(Thread.java:748)
Caused by: org.apache.ratis.thirdparty.io.grpc.StatusRuntimeException: UNAVAILABLE: io exception
	at org.apache.ratis.thirdparty.io.grpc.stub.ClientCalls.toStatusRuntimeException(ClientCalls.java:233)
	at org.apache.ratis.thirdparty.io.grpc.stub.ClientCalls.getUnchecked(ClientCalls.java:214)
	at org.apache.ratis.thirdparty.io.grpc.stub.ClientCalls.blockingUnaryCall(ClientCalls.java:139)
	at org.apache.ratis.proto.grpc.RaftServerProtocolServiceGrpc$RaftServerProtocolServiceBlockingStub.requestVote(RaftServerProtocolServiceGrpc.java:265)
	at org.apache.ratis.grpc.server.GrpcServerProtocolClient.requestVote(GrpcServerProtocolClient.java:99)
	at org.apache.ratis.grpc.server.GrpcService.requestVote(GrpcService.java:204)
	at org.apache.ratis.server.impl.LeaderElection.lambda$submitRequests$1(LeaderElection.java:234)
	at java.util.concurrent.FutureTask.run(FutureTask.java:266)
	at java.util.concurrent.Executors$RunnableAdapter.call(Executors.java:511)
	at java.util.concurrent.FutureTask.run(FutureTask.java:266)
	at java.util.concurrent.ThreadPoolExecutor.runWorker(ThreadPoolExecutor.java:1149)
	at java.util.concurrent.ThreadPoolExecutor$Worker.run(ThreadPoolExecutor.java:624)
	... 1 more
Caused by: org.apache.ratis.thirdparty.io.netty.channel.AbstractChannel$AnnotatedConnectException: Connection refused: /192.168.157.194:46532
	at sun.nio.ch.SocketChannelImpl.checkConnect(Native Method)
	at sun.nio.ch.SocketChannelImpl.finishConnect(SocketChannelImpl.java:717)
	at org.apache.ratis.thirdparty.io.netty.channel.socket.nio.NioSocketChannel.doFinishConnect(NioSocketChannel.java:327)
	at org.apache.ratis.thirdparty.io.netty.channel.nio.AbstractNioChannel$AbstractNioUnsafe.finishConnect(AbstractNioChannel.java:340)
	at org.apache.ratis.thirdparty.io.netty.channel.nio.NioEventLoop.processSelectedKey(NioEventLoop.java:632)
	at org.apache.ratis.thirdparty.io.netty.channel.nio.NioEventLoop.processSelectedKeysOptimized(NioEventLoop.java:579)
	at org.apache.ratis.thirdparty.io.netty.channel.nio.NioEventLoop.processSelectedKeys(NioEventLoop.java:496)
	at org.apache.ratis.thirdparty.io.netty.channel.nio.NioEventLoop.run(NioEventLoop.java:458)
	at org.apache.ratis.thirdparty.io.netty.util.concurrent.SingleThreadEventExecutor$5.run(SingleThreadEventExecutor.java:897)
	at org.apache.ratis.thirdparty.io.netty.util.concurrent.FastThreadLocalRunnable.run(FastThreadLocalRunnable.java:30)
	... 1 more
Caused by: java.net.ConnectException: Connection refused
	... 11 more
2019-11-04 16:03:07,348 [e3fb79a3-1f86-42af-a80c-c46d1acdbc29@group-7855C2F36E53-LeaderElection484] INFO  impl.LeaderElection (LogUtils.java:infoOrTrace(149)) -   Exception 1: {}
java.util.concurrent.ExecutionException: org.apache.ratis.thirdparty.io.grpc.StatusRuntimeException: UNAVAILABLE: io exception
	at java.util.concurrent.FutureTask.report(FutureTask.java:122)
	at java.util.concurrent.FutureTask.get(FutureTask.java:192)
	at org.apache.ratis.server.impl.LeaderElection.waitForResults(LeaderElection.java:259)
	at org.apache.ratis.server.impl.LeaderElection.askForVotes(LeaderElection.java:197)
	at org.apache.ratis.server.impl.LeaderElection.run(LeaderElection.java:133)
	at java.lang.Thread.run(Thread.java:748)
Caused by: org.apache.ratis.thirdparty.io.grpc.StatusRuntimeException: UNAVAILABLE: io exception
	at org.apache.ratis.thirdparty.io.grpc.stub.ClientCalls.toStatusRuntimeException(ClientCalls.java:233)
	at org.apache.ratis.thirdparty.io.grpc.stub.ClientCalls.getUnchecked(ClientCalls.java:214)
	at org.apache.ratis.thirdparty.io.grpc.stub.ClientCalls.blockingUnaryCall(ClientCalls.java:139)
	at org.apache.ratis.proto.grpc.RaftServerProtocolServiceGrpc$RaftServerProtocolServiceBlockingStub.requestVote(RaftServerProtocolServiceGrpc.java:265)
	at org.apache.ratis.grpc.server.GrpcServerProtocolClient.requestVote(GrpcServerProtocolClient.java:99)
	at org.apache.ratis.grpc.server.GrpcService.requestVote(GrpcService.java:204)
	at org.apache.ratis.server.impl.LeaderElection.lambda$submitRequests$1(LeaderElection.java:234)
	at java.util.concurrent.FutureTask.run(FutureTask.java:266)
	at java.util.concurrent.Executors$RunnableAdapter.call(Executors.java:511)
	at java.util.concurrent.FutureTask.run(FutureTask.java:266)
	at java.util.concurrent.ThreadPoolExecutor.runWorker(ThreadPoolExecutor.java:1149)
	at java.util.concurrent.ThreadPoolExecutor$Worker.run(ThreadPoolExecutor.java:624)
	... 1 more
Caused by: org.apache.ratis.thirdparty.io.netty.channel.AbstractChannel$AnnotatedConnectException: Connection refused: /192.168.157.194:42126
	at sun.nio.ch.SocketChannelImpl.checkConnect(Native Method)
	at sun.nio.ch.SocketChannelImpl.finishConnect(SocketChannelImpl.java:717)
	at org.apache.ratis.thirdparty.io.netty.channel.socket.nio.NioSocketChannel.doFinishConnect(NioSocketChannel.java:327)
	at org.apache.ratis.thirdparty.io.netty.channel.nio.AbstractNioChannel$AbstractNioUnsafe.finishConnect(AbstractNioChannel.java:340)
	at org.apache.ratis.thirdparty.io.netty.channel.nio.NioEventLoop.processSelectedKey(NioEventLoop.java:632)
	at org.apache.ratis.thirdparty.io.netty.channel.nio.NioEventLoop.processSelectedKeysOptimized(NioEventLoop.java:579)
	at org.apache.ratis.thirdparty.io.netty.channel.nio.NioEventLoop.processSelectedKeys(NioEventLoop.java:496)
	at org.apache.ratis.thirdparty.io.netty.channel.nio.NioEventLoop.run(NioEventLoop.java:458)
	at org.apache.ratis.thirdparty.io.netty.util.concurrent.SingleThreadEventExecutor$5.run(SingleThreadEventExecutor.java:897)
	at org.apache.ratis.thirdparty.io.netty.util.concurrent.FastThreadLocalRunnable.run(FastThreadLocalRunnable.java:30)
	... 1 more
Caused by: java.net.ConnectException: Connection refused
	... 11 more
2019-11-04 16:03:07,349 [e3fb79a3-1f86-42af-a80c-c46d1acdbc29@group-7855C2F36E53-LeaderElection484] INFO  impl.RaftServerImpl (RaftServerImpl.java:setRole(184)) - e3fb79a3-1f86-42af-a80c-c46d1acdbc29@group-7855C2F36E53: changes role from CANDIDATE to FOLLOWER at term 538 for DISCOVERED_A_NEW_TERM
2019-11-04 16:03:07,349 [e3fb79a3-1f86-42af-a80c-c46d1acdbc29@group-7855C2F36E53-LeaderElection484] INFO  impl.RoleInfo (RoleInfo.java:shutdownLeaderElection(134)) - e3fb79a3-1f86-42af-a80c-c46d1acdbc29: shutdown LeaderElection
2019-11-04 16:03:07,349 [e3fb79a3-1f86-42af-a80c-c46d1acdbc29@group-7855C2F36E53-LeaderElection484] INFO  impl.RoleInfo (RoleInfo.java:updateAndGet(143)) - e3fb79a3-1f86-42af-a80c-c46d1acdbc29: start FollowerState
2019-11-04 16:03:07,374 [Thread-301] INFO  ipc.Client (Client.java:handleConnectionFailure(948)) - Retrying connect to server: localhost/127.0.0.1:38129. Already tried 6 time(s); retry policy is RetryUpToMaximumCountWithFixedSleep(maxRetries=10, sleepTime=1000 MILLISECONDS)
2019-11-04 16:03:07,513 [Thread-3452] INFO  impl.FollowerState (FollowerState.java:run(108)) - e3fb79a3-1f86-42af-a80c-c46d1acdbc29@group-7855C2F36E53-FollowerState: change to CANDIDATE, lastRpcTime:164ms, electionTimeout:164ms
2019-11-04 16:03:07,513 [Thread-3452] INFO  impl.RoleInfo (RoleInfo.java:shutdownFollowerState(121)) - e3fb79a3-1f86-42af-a80c-c46d1acdbc29: shutdown FollowerState
2019-11-04 16:03:07,514 [Thread-3452] INFO  impl.RaftServerImpl (RaftServerImpl.java:setRole(184)) - e3fb79a3-1f86-42af-a80c-c46d1acdbc29@group-7855C2F36E53: changes role from  FOLLOWER to CANDIDATE at term 538 for changeToCandidate
2019-11-04 16:03:07,514 [Thread-3452] INFO  impl.RoleInfo (RoleInfo.java:updateAndGet(143)) - e3fb79a3-1f86-42af-a80c-c46d1acdbc29: start LeaderElection
2019-11-04 16:03:07,528 [e3fb79a3-1f86-42af-a80c-c46d1acdbc29@group-7855C2F36E53-LeaderElection485] INFO  impl.LeaderElection (LeaderElection.java:askForVotes(178)) - e3fb79a3-1f86-42af-a80c-c46d1acdbc29@group-7855C2F36E53-LeaderElection485: begin an election at term 539 for -1: [e3fb79a3-1f86-42af-a80c-c46d1acdbc29:192.168.157.194:44142, 81ff859e-e76f-43f5-951a-4a38422068cb:192.168.157.194:46532, a9143d84-6d7f-497d-b770-eb75585db3c7:192.168.157.194:42126], old=null
2019-11-04 16:03:07,529 [e3fb79a3-1f86-42af-a80c-c46d1acdbc29@group-7855C2F36E53-LeaderElection485] INFO  impl.LeaderElection (LogUtils.java:infoOrTrace(149)) - e3fb79a3-1f86-42af-a80c-c46d1acdbc29@group-7855C2F36E53-LeaderElection485 got exception when requesting votes: {}
java.util.concurrent.ExecutionException: org.apache.ratis.thirdparty.io.grpc.StatusRuntimeException: UNAVAILABLE: io exception
	at java.util.concurrent.FutureTask.report(FutureTask.java:122)
	at java.util.concurrent.FutureTask.get(FutureTask.java:192)
	at org.apache.ratis.server.impl.LeaderElection.waitForResults(LeaderElection.java:259)
	at org.apache.ratis.server.impl.LeaderElection.askForVotes(LeaderElection.java:197)
	at org.apache.ratis.server.impl.LeaderElection.run(LeaderElection.java:133)
	at java.lang.Thread.run(Thread.java:748)
Caused by: org.apache.ratis.thirdparty.io.grpc.StatusRuntimeException: UNAVAILABLE: io exception
	at org.apache.ratis.thirdparty.io.grpc.stub.ClientCalls.toStatusRuntimeException(ClientCalls.java:233)
	at org.apache.ratis.thirdparty.io.grpc.stub.ClientCalls.getUnchecked(ClientCalls.java:214)
	at org.apache.ratis.thirdparty.io.grpc.stub.ClientCalls.blockingUnaryCall(ClientCalls.java:139)
	at org.apache.ratis.proto.grpc.RaftServerProtocolServiceGrpc$RaftServerProtocolServiceBlockingStub.requestVote(RaftServerProtocolServiceGrpc.java:265)
	at org.apache.ratis.grpc.server.GrpcServerProtocolClient.requestVote(GrpcServerProtocolClient.java:99)
	at org.apache.ratis.grpc.server.GrpcService.requestVote(GrpcService.java:204)
	at org.apache.ratis.server.impl.LeaderElection.lambda$submitRequests$1(LeaderElection.java:234)
	at java.util.concurrent.FutureTask.run(FutureTask.java:266)
	at java.util.concurrent.Executors$RunnableAdapter.call(Executors.java:511)
	at java.util.concurrent.FutureTask.run(FutureTask.java:266)
	at java.util.concurrent.ThreadPoolExecutor.runWorker(ThreadPoolExecutor.java:1149)
	at java.util.concurrent.ThreadPoolExecutor$Worker.run(ThreadPoolExecutor.java:624)
	... 1 more
Caused by: org.apache.ratis.thirdparty.io.netty.channel.AbstractChannel$AnnotatedConnectException: Connection refused: /192.168.157.194:46532
	at sun.nio.ch.SocketChannelImpl.checkConnect(Native Method)
	at sun.nio.ch.SocketChannelImpl.finishConnect(SocketChannelImpl.java:717)
	at org.apache.ratis.thirdparty.io.netty.channel.socket.nio.NioSocketChannel.doFinishConnect(NioSocketChannel.java:327)
	at org.apache.ratis.thirdparty.io.netty.channel.nio.AbstractNioChannel$AbstractNioUnsafe.finishConnect(AbstractNioChannel.java:340)
	at org.apache.ratis.thirdparty.io.netty.channel.nio.NioEventLoop.processSelectedKey(NioEventLoop.java:632)
	at org.apache.ratis.thirdparty.io.netty.channel.nio.NioEventLoop.processSelectedKeysOptimized(NioEventLoop.java:579)
	at org.apache.ratis.thirdparty.io.netty.channel.nio.NioEventLoop.processSelectedKeys(NioEventLoop.java:496)
	at org.apache.ratis.thirdparty.io.netty.channel.nio.NioEventLoop.run(NioEventLoop.java:458)
	at org.apache.ratis.thirdparty.io.netty.util.concurrent.SingleThreadEventExecutor$5.run(SingleThreadEventExecutor.java:897)
	at org.apache.ratis.thirdparty.io.netty.util.concurrent.FastThreadLocalRunnable.run(FastThreadLocalRunnable.java:30)
	... 1 more
Caused by: java.net.ConnectException: Connection refused
	... 11 more
2019-11-04 16:03:07,533 [e3fb79a3-1f86-42af-a80c-c46d1acdbc29@group-7855C2F36E53-LeaderElection485] INFO  impl.LeaderElection (LogUtils.java:infoOrTrace(149)) - e3fb79a3-1f86-42af-a80c-c46d1acdbc29@group-7855C2F36E53-LeaderElection485 got exception when requesting votes: {}
java.util.concurrent.ExecutionException: org.apache.ratis.thirdparty.io.grpc.StatusRuntimeException: UNAVAILABLE: io exception
	at java.util.concurrent.FutureTask.report(FutureTask.java:122)
	at java.util.concurrent.FutureTask.get(FutureTask.java:192)
	at org.apache.ratis.server.impl.LeaderElection.waitForResults(LeaderElection.java:259)
	at org.apache.ratis.server.impl.LeaderElection.askForVotes(LeaderElection.java:197)
	at org.apache.ratis.server.impl.LeaderElection.run(LeaderElection.java:133)
	at java.lang.Thread.run(Thread.java:748)
Caused by: org.apache.ratis.thirdparty.io.grpc.StatusRuntimeException: UNAVAILABLE: io exception
	at org.apache.ratis.thirdparty.io.grpc.stub.ClientCalls.toStatusRuntimeException(ClientCalls.java:233)
	at org.apache.ratis.thirdparty.io.grpc.stub.ClientCalls.getUnchecked(ClientCalls.java:214)
	at org.apache.ratis.thirdparty.io.grpc.stub.ClientCalls.blockingUnaryCall(ClientCalls.java:139)
	at org.apache.ratis.proto.grpc.RaftServerProtocolServiceGrpc$RaftServerProtocolServiceBlockingStub.requestVote(RaftServerProtocolServiceGrpc.java:265)
	at org.apache.ratis.grpc.server.GrpcServerProtocolClient.requestVote(GrpcServerProtocolClient.java:99)
	at org.apache.ratis.grpc.server.GrpcService.requestVote(GrpcService.java:204)
	at org.apache.ratis.server.impl.LeaderElection.lambda$submitRequests$1(LeaderElection.java:234)
	at java.util.concurrent.FutureTask.run(FutureTask.java:266)
	at java.util.concurrent.Executors$RunnableAdapter.call(Executors.java:511)
	at java.util.concurrent.FutureTask.run(FutureTask.java:266)
	at java.util.concurrent.ThreadPoolExecutor.runWorker(ThreadPoolExecutor.java:1149)
	at java.util.concurrent.ThreadPoolExecutor$Worker.run(ThreadPoolExecutor.java:624)
	... 1 more
Caused by: org.apache.ratis.thirdparty.io.netty.channel.AbstractChannel$AnnotatedConnectException: Connection refused: /192.168.157.194:42126
	at sun.nio.ch.SocketChannelImpl.checkConnect(Native Method)
	at sun.nio.ch.SocketChannelImpl.finishConnect(SocketChannelImpl.java:717)
	at org.apache.ratis.thirdparty.io.netty.channel.socket.nio.NioSocketChannel.doFinishConnect(NioSocketChannel.java:327)
	at org.apache.ratis.thirdparty.io.netty.channel.nio.AbstractNioChannel$AbstractNioUnsafe.finishConnect(AbstractNioChannel.java:340)
	at org.apache.ratis.thirdparty.io.netty.channel.nio.NioEventLoop.processSelectedKey(NioEventLoop.java:632)
	at org.apache.ratis.thirdparty.io.netty.channel.nio.NioEventLoop.processSelectedKeysOptimized(NioEventLoop.java:579)
	at org.apache.ratis.thirdparty.io.netty.channel.nio.NioEventLoop.processSelectedKeys(NioEventLoop.java:496)
	at org.apache.ratis.thirdparty.io.netty.channel.nio.NioEventLoop.run(NioEventLoop.java:458)
	at org.apache.ratis.thirdparty.io.netty.util.concurrent.SingleThreadEventExecutor$5.run(SingleThreadEventExecutor.java:897)
	at org.apache.ratis.thirdparty.io.netty.util.concurrent.FastThreadLocalRunnable.run(FastThreadLocalRunnable.java:30)
	... 1 more
Caused by: java.net.ConnectException: Connection refused
	... 11 more
2019-11-04 16:03:07,536 [e3fb79a3-1f86-42af-a80c-c46d1acdbc29@group-7855C2F36E53-LeaderElection485] INFO  impl.LeaderElection (LeaderElection.java:logAndReturn(56)) - e3fb79a3-1f86-42af-a80c-c46d1acdbc29@group-7855C2F36E53-LeaderElection485: Election REJECTED; received 0 response(s) [] and 2 exception(s); e3fb79a3-1f86-42af-a80c-c46d1acdbc29@group-7855C2F36E53:t539, leader=null, voted=e3fb79a3-1f86-42af-a80c-c46d1acdbc29, raftlog=e3fb79a3-1f86-42af-a80c-c46d1acdbc29@group-7855C2F36E53-SegmentedRaftLog:OPENED:c-1,f-1,i0, conf=-1: [e3fb79a3-1f86-42af-a80c-c46d1acdbc29:192.168.157.194:44142, 81ff859e-e76f-43f5-951a-4a38422068cb:192.168.157.194:46532, a9143d84-6d7f-497d-b770-eb75585db3c7:192.168.157.194:42126], old=null
2019-11-04 16:03:07,536 [e3fb79a3-1f86-42af-a80c-c46d1acdbc29@group-7855C2F36E53-LeaderElection485] INFO  impl.LeaderElection (LogUtils.java:infoOrTrace(149)) -   Exception 0: {}
java.util.concurrent.ExecutionException: org.apache.ratis.thirdparty.io.grpc.StatusRuntimeException: UNAVAILABLE: io exception
	at java.util.concurrent.FutureTask.report(FutureTask.java:122)
	at java.util.concurrent.FutureTask.get(FutureTask.java:192)
	at org.apache.ratis.server.impl.LeaderElection.waitForResults(LeaderElection.java:259)
	at org.apache.ratis.server.impl.LeaderElection.askForVotes(LeaderElection.java:197)
	at org.apache.ratis.server.impl.LeaderElection.run(LeaderElection.java:133)
	at java.lang.Thread.run(Thread.java:748)
Caused by: org.apache.ratis.thirdparty.io.grpc.StatusRuntimeException: UNAVAILABLE: io exception
	at org.apache.ratis.thirdparty.io.grpc.stub.ClientCalls.toStatusRuntimeException(ClientCalls.java:233)
	at org.apache.ratis.thirdparty.io.grpc.stub.ClientCalls.getUnchecked(ClientCalls.java:214)
	at org.apache.ratis.thirdparty.io.grpc.stub.ClientCalls.blockingUnaryCall(ClientCalls.java:139)
	at org.apache.ratis.proto.grpc.RaftServerProtocolServiceGrpc$RaftServerProtocolServiceBlockingStub.requestVote(RaftServerProtocolServiceGrpc.java:265)
	at org.apache.ratis.grpc.server.GrpcServerProtocolClient.requestVote(GrpcServerProtocolClient.java:99)
	at org.apache.ratis.grpc.server.GrpcService.requestVote(GrpcService.java:204)
	at org.apache.ratis.server.impl.LeaderElection.lambda$submitRequests$1(LeaderElection.java:234)
	at java.util.concurrent.FutureTask.run(FutureTask.java:266)
	at java.util.concurrent.Executors$RunnableAdapter.call(Executors.java:511)
	at java.util.concurrent.FutureTask.run(FutureTask.java:266)
	at java.util.concurrent.ThreadPoolExecutor.runWorker(ThreadPoolExecutor.java:1149)
	at java.util.concurrent.ThreadPoolExecutor$Worker.run(ThreadPoolExecutor.java:624)
	... 1 more
Caused by: org.apache.ratis.thirdparty.io.netty.channel.AbstractChannel$AnnotatedConnectException: Connection refused: /192.168.157.194:46532
	at sun.nio.ch.SocketChannelImpl.checkConnect(Native Method)
	at sun.nio.ch.SocketChannelImpl.finishConnect(SocketChannelImpl.java:717)
	at org.apache.ratis.thirdparty.io.netty.channel.socket.nio.NioSocketChannel.doFinishConnect(NioSocketChannel.java:327)
	at org.apache.ratis.thirdparty.io.netty.channel.nio.AbstractNioChannel$AbstractNioUnsafe.finishConnect(AbstractNioChannel.java:340)
	at org.apache.ratis.thirdparty.io.netty.channel.nio.NioEventLoop.processSelectedKey(NioEventLoop.java:632)
	at org.apache.ratis.thirdparty.io.netty.channel.nio.NioEventLoop.processSelectedKeysOptimized(NioEventLoop.java:579)
	at org.apache.ratis.thirdparty.io.netty.channel.nio.NioEventLoop.processSelectedKeys(NioEventLoop.java:496)
	at org.apache.ratis.thirdparty.io.netty.channel.nio.NioEventLoop.run(NioEventLoop.java:458)
	at org.apache.ratis.thirdparty.io.netty.util.concurrent.SingleThreadEventExecutor$5.run(SingleThreadEventExecutor.java:897)
	at org.apache.ratis.thirdparty.io.netty.util.concurrent.FastThreadLocalRunnable.run(FastThreadLocalRunnable.java:30)
	... 1 more
Caused by: java.net.ConnectException: Connection refused
	... 11 more
2019-11-04 16:03:07,537 [e3fb79a3-1f86-42af-a80c-c46d1acdbc29@group-7855C2F36E53-LeaderElection485] INFO  impl.LeaderElection (LogUtils.java:infoOrTrace(149)) -   Exception 1: {}
java.util.concurrent.ExecutionException: org.apache.ratis.thirdparty.io.grpc.StatusRuntimeException: UNAVAILABLE: io exception
	at java.util.concurrent.FutureTask.report(FutureTask.java:122)
	at java.util.concurrent.FutureTask.get(FutureTask.java:192)
	at org.apache.ratis.server.impl.LeaderElection.waitForResults(LeaderElection.java:259)
	at org.apache.ratis.server.impl.LeaderElection.askForVotes(LeaderElection.java:197)
	at org.apache.ratis.server.impl.LeaderElection.run(LeaderElection.java:133)
	at java.lang.Thread.run(Thread.java:748)
Caused by: org.apache.ratis.thirdparty.io.grpc.StatusRuntimeException: UNAVAILABLE: io exception
	at org.apache.ratis.thirdparty.io.grpc.stub.ClientCalls.toStatusRuntimeException(ClientCalls.java:233)
	at org.apache.ratis.thirdparty.io.grpc.stub.ClientCalls.getUnchecked(ClientCalls.java:214)
	at org.apache.ratis.thirdparty.io.grpc.stub.ClientCalls.blockingUnaryCall(ClientCalls.java:139)
	at org.apache.ratis.proto.grpc.RaftServerProtocolServiceGrpc$RaftServerProtocolServiceBlockingStub.requestVote(RaftServerProtocolServiceGrpc.java:265)
	at org.apache.ratis.grpc.server.GrpcServerProtocolClient.requestVote(GrpcServerProtocolClient.java:99)
	at org.apache.ratis.grpc.server.GrpcService.requestVote(GrpcService.java:204)
	at org.apache.ratis.server.impl.LeaderElection.lambda$submitRequests$1(LeaderElection.java:234)
	at java.util.concurrent.FutureTask.run(FutureTask.java:266)
	at java.util.concurrent.Executors$RunnableAdapter.call(Executors.java:511)
	at java.util.concurrent.FutureTask.run(FutureTask.java:266)
	at java.util.concurrent.ThreadPoolExecutor.runWorker(ThreadPoolExecutor.java:1149)
	at java.util.concurrent.ThreadPoolExecutor$Worker.run(ThreadPoolExecutor.java:624)
	... 1 more
Caused by: org.apache.ratis.thirdparty.io.netty.channel.AbstractChannel$AnnotatedConnectException: Connection refused: /192.168.157.194:42126
	at sun.nio.ch.SocketChannelImpl.checkConnect(Native Method)
	at sun.nio.ch.SocketChannelImpl.finishConnect(SocketChannelImpl.java:717)
	at org.apache.ratis.thirdparty.io.netty.channel.socket.nio.NioSocketChannel.doFinishConnect(NioSocketChannel.java:327)
	at org.apache.ratis.thirdparty.io.netty.channel.nio.AbstractNioChannel$AbstractNioUnsafe.finishConnect(AbstractNioChannel.java:340)
	at org.apache.ratis.thirdparty.io.netty.channel.nio.NioEventLoop.processSelectedKey(NioEventLoop.java:632)
	at org.apache.ratis.thirdparty.io.netty.channel.nio.NioEventLoop.processSelectedKeysOptimized(NioEventLoop.java:579)
	at org.apache.ratis.thirdparty.io.netty.channel.nio.NioEventLoop.processSelectedKeys(NioEventLoop.java:496)
	at org.apache.ratis.thirdparty.io.netty.channel.nio.NioEventLoop.run(NioEventLoop.java:458)
	at org.apache.ratis.thirdparty.io.netty.util.concurrent.SingleThreadEventExecutor$5.run(SingleThreadEventExecutor.java:897)
	at org.apache.ratis.thirdparty.io.netty.util.concurrent.FastThreadLocalRunnable.run(FastThreadLocalRunnable.java:30)
	... 1 more
Caused by: java.net.ConnectException: Connection refused
	... 11 more
2019-11-04 16:03:07,538 [e3fb79a3-1f86-42af-a80c-c46d1acdbc29@group-7855C2F36E53-LeaderElection485] INFO  impl.RaftServerImpl (RaftServerImpl.java:setRole(184)) - e3fb79a3-1f86-42af-a80c-c46d1acdbc29@group-7855C2F36E53: changes role from CANDIDATE to FOLLOWER at term 539 for DISCOVERED_A_NEW_TERM
2019-11-04 16:03:07,538 [e3fb79a3-1f86-42af-a80c-c46d1acdbc29@group-7855C2F36E53-LeaderElection485] INFO  impl.RoleInfo (RoleInfo.java:shutdownLeaderElection(134)) - e3fb79a3-1f86-42af-a80c-c46d1acdbc29: shutdown LeaderElection
2019-11-04 16:03:07,538 [e3fb79a3-1f86-42af-a80c-c46d1acdbc29@group-7855C2F36E53-LeaderElection485] INFO  impl.RoleInfo (RoleInfo.java:updateAndGet(143)) - e3fb79a3-1f86-42af-a80c-c46d1acdbc29: start FollowerState
2019-11-04 16:03:07,706 [Thread-3456] INFO  impl.FollowerState (FollowerState.java:run(108)) - e3fb79a3-1f86-42af-a80c-c46d1acdbc29@group-7855C2F36E53-FollowerState: change to CANDIDATE, lastRpcTime:168ms, electionTimeout:168ms
2019-11-04 16:03:07,706 [Thread-3456] INFO  impl.RoleInfo (RoleInfo.java:shutdownFollowerState(121)) - e3fb79a3-1f86-42af-a80c-c46d1acdbc29: shutdown FollowerState
2019-11-04 16:03:07,707 [Thread-3456] INFO  impl.RaftServerImpl (RaftServerImpl.java:setRole(184)) - e3fb79a3-1f86-42af-a80c-c46d1acdbc29@group-7855C2F36E53: changes role from  FOLLOWER to CANDIDATE at term 539 for changeToCandidate
2019-11-04 16:03:07,707 [Thread-3456] INFO  impl.RoleInfo (RoleInfo.java:updateAndGet(143)) - e3fb79a3-1f86-42af-a80c-c46d1acdbc29: start LeaderElection
2019-11-04 16:03:07,720 [e3fb79a3-1f86-42af-a80c-c46d1acdbc29@group-7855C2F36E53-LeaderElection486] INFO  impl.LeaderElection (LeaderElection.java:askForVotes(178)) - e3fb79a3-1f86-42af-a80c-c46d1acdbc29@group-7855C2F36E53-LeaderElection486: begin an election at term 540 for -1: [e3fb79a3-1f86-42af-a80c-c46d1acdbc29:192.168.157.194:44142, 81ff859e-e76f-43f5-951a-4a38422068cb:192.168.157.194:46532, a9143d84-6d7f-497d-b770-eb75585db3c7:192.168.157.194:42126], old=null
2019-11-04 16:03:07,721 [e3fb79a3-1f86-42af-a80c-c46d1acdbc29@group-7855C2F36E53-LeaderElection486] INFO  impl.LeaderElection (LogUtils.java:infoOrTrace(149)) - e3fb79a3-1f86-42af-a80c-c46d1acdbc29@group-7855C2F36E53-LeaderElection486 got exception when requesting votes: {}
java.util.concurrent.ExecutionException: org.apache.ratis.thirdparty.io.grpc.StatusRuntimeException: UNAVAILABLE: io exception
	at java.util.concurrent.FutureTask.report(FutureTask.java:122)
	at java.util.concurrent.FutureTask.get(FutureTask.java:192)
	at org.apache.ratis.server.impl.LeaderElection.waitForResults(LeaderElection.java:259)
	at org.apache.ratis.server.impl.LeaderElection.askForVotes(LeaderElection.java:197)
	at org.apache.ratis.server.impl.LeaderElection.run(LeaderElection.java:133)
	at java.lang.Thread.run(Thread.java:748)
Caused by: org.apache.ratis.thirdparty.io.grpc.StatusRuntimeException: UNAVAILABLE: io exception
	at org.apache.ratis.thirdparty.io.grpc.stub.ClientCalls.toStatusRuntimeException(ClientCalls.java:233)
	at org.apache.ratis.thirdparty.io.grpc.stub.ClientCalls.getUnchecked(ClientCalls.java:214)
	at org.apache.ratis.thirdparty.io.grpc.stub.ClientCalls.blockingUnaryCall(ClientCalls.java:139)
	at org.apache.ratis.proto.grpc.RaftServerProtocolServiceGrpc$RaftServerProtocolServiceBlockingStub.requestVote(RaftServerProtocolServiceGrpc.java:265)
	at org.apache.ratis.grpc.server.GrpcServerProtocolClient.requestVote(GrpcServerProtocolClient.java:99)
	at org.apache.ratis.grpc.server.GrpcService.requestVote(GrpcService.java:204)
	at org.apache.ratis.server.impl.LeaderElection.lambda$submitRequests$1(LeaderElection.java:234)
	at java.util.concurrent.FutureTask.run(FutureTask.java:266)
	at java.util.concurrent.Executors$RunnableAdapter.call(Executors.java:511)
	at java.util.concurrent.FutureTask.run(FutureTask.java:266)
	at java.util.concurrent.ThreadPoolExecutor.runWorker(ThreadPoolExecutor.java:1149)
	at java.util.concurrent.ThreadPoolExecutor$Worker.run(ThreadPoolExecutor.java:624)
	... 1 more
Caused by: org.apache.ratis.thirdparty.io.netty.channel.AbstractChannel$AnnotatedConnectException: Connection refused: /192.168.157.194:46532
	at sun.nio.ch.SocketChannelImpl.checkConnect(Native Method)
	at sun.nio.ch.SocketChannelImpl.finishConnect(SocketChannelImpl.java:717)
	at org.apache.ratis.thirdparty.io.netty.channel.socket.nio.NioSocketChannel.doFinishConnect(NioSocketChannel.java:327)
	at org.apache.ratis.thirdparty.io.netty.channel.nio.AbstractNioChannel$AbstractNioUnsafe.finishConnect(AbstractNioChannel.java:340)
	at org.apache.ratis.thirdparty.io.netty.channel.nio.NioEventLoop.processSelectedKey(NioEventLoop.java:632)
	at org.apache.ratis.thirdparty.io.netty.channel.nio.NioEventLoop.processSelectedKeysOptimized(NioEventLoop.java:579)
	at org.apache.ratis.thirdparty.io.netty.channel.nio.NioEventLoop.processSelectedKeys(NioEventLoop.java:496)
	at org.apache.ratis.thirdparty.io.netty.channel.nio.NioEventLoop.run(NioEventLoop.java:458)
	at org.apache.ratis.thirdparty.io.netty.util.concurrent.SingleThreadEventExecutor$5.run(SingleThreadEventExecutor.java:897)
	at org.apache.ratis.thirdparty.io.netty.util.concurrent.FastThreadLocalRunnable.run(FastThreadLocalRunnable.java:30)
	... 1 more
Caused by: java.net.ConnectException: Connection refused
	... 11 more
2019-11-04 16:03:07,722 [e3fb79a3-1f86-42af-a80c-c46d1acdbc29@group-7855C2F36E53-LeaderElection486] INFO  impl.LeaderElection (LogUtils.java:infoOrTrace(149)) - e3fb79a3-1f86-42af-a80c-c46d1acdbc29@group-7855C2F36E53-LeaderElection486 got exception when requesting votes: {}
java.util.concurrent.ExecutionException: org.apache.ratis.thirdparty.io.grpc.StatusRuntimeException: UNAVAILABLE: io exception
	at java.util.concurrent.FutureTask.report(FutureTask.java:122)
	at java.util.concurrent.FutureTask.get(FutureTask.java:192)
	at org.apache.ratis.server.impl.LeaderElection.waitForResults(LeaderElection.java:259)
	at org.apache.ratis.server.impl.LeaderElection.askForVotes(LeaderElection.java:197)
	at org.apache.ratis.server.impl.LeaderElection.run(LeaderElection.java:133)
	at java.lang.Thread.run(Thread.java:748)
Caused by: org.apache.ratis.thirdparty.io.grpc.StatusRuntimeException: UNAVAILABLE: io exception
	at org.apache.ratis.thirdparty.io.grpc.stub.ClientCalls.toStatusRuntimeException(ClientCalls.java:233)
	at org.apache.ratis.thirdparty.io.grpc.stub.ClientCalls.getUnchecked(ClientCalls.java:214)
	at org.apache.ratis.thirdparty.io.grpc.stub.ClientCalls.blockingUnaryCall(ClientCalls.java:139)
	at org.apache.ratis.proto.grpc.RaftServerProtocolServiceGrpc$RaftServerProtocolServiceBlockingStub.requestVote(RaftServerProtocolServiceGrpc.java:265)
	at org.apache.ratis.grpc.server.GrpcServerProtocolClient.requestVote(GrpcServerProtocolClient.java:99)
	at org.apache.ratis.grpc.server.GrpcService.requestVote(GrpcService.java:204)
	at org.apache.ratis.server.impl.LeaderElection.lambda$submitRequests$1(LeaderElection.java:234)
	at java.util.concurrent.FutureTask.run(FutureTask.java:266)
	at java.util.concurrent.Executors$RunnableAdapter.call(Executors.java:511)
	at java.util.concurrent.FutureTask.run(FutureTask.java:266)
	at java.util.concurrent.ThreadPoolExecutor.runWorker(ThreadPoolExecutor.java:1149)
	at java.util.concurrent.ThreadPoolExecutor$Worker.run(ThreadPoolExecutor.java:624)
	... 1 more
Caused by: org.apache.ratis.thirdparty.io.netty.channel.AbstractChannel$AnnotatedConnectException: Connection refused: /192.168.157.194:42126
	at sun.nio.ch.SocketChannelImpl.checkConnect(Native Method)
	at sun.nio.ch.SocketChannelImpl.finishConnect(SocketChannelImpl.java:717)
	at org.apache.ratis.thirdparty.io.netty.channel.socket.nio.NioSocketChannel.doFinishConnect(NioSocketChannel.java:327)
	at org.apache.ratis.thirdparty.io.netty.channel.nio.AbstractNioChannel$AbstractNioUnsafe.finishConnect(AbstractNioChannel.java:340)
	at org.apache.ratis.thirdparty.io.netty.channel.nio.NioEventLoop.processSelectedKey(NioEventLoop.java:632)
	at org.apache.ratis.thirdparty.io.netty.channel.nio.NioEventLoop.processSelectedKeysOptimized(NioEventLoop.java:579)
	at org.apache.ratis.thirdparty.io.netty.channel.nio.NioEventLoop.processSelectedKeys(NioEventLoop.java:496)
	at org.apache.ratis.thirdparty.io.netty.channel.nio.NioEventLoop.run(NioEventLoop.java:458)
	at org.apache.ratis.thirdparty.io.netty.util.concurrent.SingleThreadEventExecutor$5.run(SingleThreadEventExecutor.java:897)
	at org.apache.ratis.thirdparty.io.netty.util.concurrent.FastThreadLocalRunnable.run(FastThreadLocalRunnable.java:30)
	... 1 more
Caused by: java.net.ConnectException: Connection refused
	... 11 more
2019-11-04 16:03:07,722 [e3fb79a3-1f86-42af-a80c-c46d1acdbc29@group-7855C2F36E53-LeaderElection486] INFO  impl.LeaderElection (LeaderElection.java:logAndReturn(56)) - e3fb79a3-1f86-42af-a80c-c46d1acdbc29@group-7855C2F36E53-LeaderElection486: Election REJECTED; received 0 response(s) [] and 2 exception(s); e3fb79a3-1f86-42af-a80c-c46d1acdbc29@group-7855C2F36E53:t540, leader=null, voted=e3fb79a3-1f86-42af-a80c-c46d1acdbc29, raftlog=e3fb79a3-1f86-42af-a80c-c46d1acdbc29@group-7855C2F36E53-SegmentedRaftLog:OPENED:c-1,f-1,i0, conf=-1: [e3fb79a3-1f86-42af-a80c-c46d1acdbc29:192.168.157.194:44142, 81ff859e-e76f-43f5-951a-4a38422068cb:192.168.157.194:46532, a9143d84-6d7f-497d-b770-eb75585db3c7:192.168.157.194:42126], old=null
2019-11-04 16:03:07,723 [e3fb79a3-1f86-42af-a80c-c46d1acdbc29@group-7855C2F36E53-LeaderElection486] INFO  impl.LeaderElection (LogUtils.java:infoOrTrace(149)) -   Exception 0: {}
java.util.concurrent.ExecutionException: org.apache.ratis.thirdparty.io.grpc.StatusRuntimeException: UNAVAILABLE: io exception
	at java.util.concurrent.FutureTask.report(FutureTask.java:122)
	at java.util.concurrent.FutureTask.get(FutureTask.java:192)
	at org.apache.ratis.server.impl.LeaderElection.waitForResults(LeaderElection.java:259)
	at org.apache.ratis.server.impl.LeaderElection.askForVotes(LeaderElection.java:197)
	at org.apache.ratis.server.impl.LeaderElection.run(LeaderElection.java:133)
	at java.lang.Thread.run(Thread.java:748)
Caused by: org.apache.ratis.thirdparty.io.grpc.StatusRuntimeException: UNAVAILABLE: io exception
	at org.apache.ratis.thirdparty.io.grpc.stub.ClientCalls.toStatusRuntimeException(ClientCalls.java:233)
	at org.apache.ratis.thirdparty.io.grpc.stub.ClientCalls.getUnchecked(ClientCalls.java:214)
	at org.apache.ratis.thirdparty.io.grpc.stub.ClientCalls.blockingUnaryCall(ClientCalls.java:139)
	at org.apache.ratis.proto.grpc.RaftServerProtocolServiceGrpc$RaftServerProtocolServiceBlockingStub.requestVote(RaftServerProtocolServiceGrpc.java:265)
	at org.apache.ratis.grpc.server.GrpcServerProtocolClient.requestVote(GrpcServerProtocolClient.java:99)
	at org.apache.ratis.grpc.server.GrpcService.requestVote(GrpcService.java:204)
	at org.apache.ratis.server.impl.LeaderElection.lambda$submitRequests$1(LeaderElection.java:234)
	at java.util.concurrent.FutureTask.run(FutureTask.java:266)
	at java.util.concurrent.Executors$RunnableAdapter.call(Executors.java:511)
	at java.util.concurrent.FutureTask.run(FutureTask.java:266)
	at java.util.concurrent.ThreadPoolExecutor.runWorker(ThreadPoolExecutor.java:1149)
	at java.util.concurrent.ThreadPoolExecutor$Worker.run(ThreadPoolExecutor.java:624)
	... 1 more
Caused by: org.apache.ratis.thirdparty.io.netty.channel.AbstractChannel$AnnotatedConnectException: Connection refused: /192.168.157.194:46532
	at sun.nio.ch.SocketChannelImpl.checkConnect(Native Method)
	at sun.nio.ch.SocketChannelImpl.finishConnect(SocketChannelImpl.java:717)
	at org.apache.ratis.thirdparty.io.netty.channel.socket.nio.NioSocketChannel.doFinishConnect(NioSocketChannel.java:327)
	at org.apache.ratis.thirdparty.io.netty.channel.nio.AbstractNioChannel$AbstractNioUnsafe.finishConnect(AbstractNioChannel.java:340)
	at org.apache.ratis.thirdparty.io.netty.channel.nio.NioEventLoop.processSelectedKey(NioEventLoop.java:632)
	at org.apache.ratis.thirdparty.io.netty.channel.nio.NioEventLoop.processSelectedKeysOptimized(NioEventLoop.java:579)
	at org.apache.ratis.thirdparty.io.netty.channel.nio.NioEventLoop.processSelectedKeys(NioEventLoop.java:496)
	at org.apache.ratis.thirdparty.io.netty.channel.nio.NioEventLoop.run(NioEventLoop.java:458)
	at org.apache.ratis.thirdparty.io.netty.util.concurrent.SingleThreadEventExecutor$5.run(SingleThreadEventExecutor.java:897)
	at org.apache.ratis.thirdparty.io.netty.util.concurrent.FastThreadLocalRunnable.run(FastThreadLocalRunnable.java:30)
	... 1 more
Caused by: java.net.ConnectException: Connection refused
	... 11 more
2019-11-04 16:03:07,723 [e3fb79a3-1f86-42af-a80c-c46d1acdbc29@group-7855C2F36E53-LeaderElection486] INFO  impl.LeaderElection (LogUtils.java:infoOrTrace(149)) -   Exception 1: {}
java.util.concurrent.ExecutionException: org.apache.ratis.thirdparty.io.grpc.StatusRuntimeException: UNAVAILABLE: io exception
	at java.util.concurrent.FutureTask.report(FutureTask.java:122)
	at java.util.concurrent.FutureTask.get(FutureTask.java:192)
	at org.apache.ratis.server.impl.LeaderElection.waitForResults(LeaderElection.java:259)
	at org.apache.ratis.server.impl.LeaderElection.askForVotes(LeaderElection.java:197)
	at org.apache.ratis.server.impl.LeaderElection.run(LeaderElection.java:133)
	at java.lang.Thread.run(Thread.java:748)
Caused by: org.apache.ratis.thirdparty.io.grpc.StatusRuntimeException: UNAVAILABLE: io exception
	at org.apache.ratis.thirdparty.io.grpc.stub.ClientCalls.toStatusRuntimeException(ClientCalls.java:233)
	at org.apache.ratis.thirdparty.io.grpc.stub.ClientCalls.getUnchecked(ClientCalls.java:214)
	at org.apache.ratis.thirdparty.io.grpc.stub.ClientCalls.blockingUnaryCall(ClientCalls.java:139)
	at org.apache.ratis.proto.grpc.RaftServerProtocolServiceGrpc$RaftServerProtocolServiceBlockingStub.requestVote(RaftServerProtocolServiceGrpc.java:265)
	at org.apache.ratis.grpc.server.GrpcServerProtocolClient.requestVote(GrpcServerProtocolClient.java:99)
	at org.apache.ratis.grpc.server.GrpcService.requestVote(GrpcService.java:204)
	at org.apache.ratis.server.impl.LeaderElection.lambda$submitRequests$1(LeaderElection.java:234)
	at java.util.concurrent.FutureTask.run(FutureTask.java:266)
	at java.util.concurrent.Executors$RunnableAdapter.call(Executors.java:511)
	at java.util.concurrent.FutureTask.run(FutureTask.java:266)
	at java.util.concurrent.ThreadPoolExecutor.runWorker(ThreadPoolExecutor.java:1149)
	at java.util.concurrent.ThreadPoolExecutor$Worker.run(ThreadPoolExecutor.java:624)
	... 1 more
Caused by: org.apache.ratis.thirdparty.io.netty.channel.AbstractChannel$AnnotatedConnectException: Connection refused: /192.168.157.194:42126
	at sun.nio.ch.SocketChannelImpl.checkConnect(Native Method)
	at sun.nio.ch.SocketChannelImpl.finishConnect(SocketChannelImpl.java:717)
	at org.apache.ratis.thirdparty.io.netty.channel.socket.nio.NioSocketChannel.doFinishConnect(NioSocketChannel.java:327)
	at org.apache.ratis.thirdparty.io.netty.channel.nio.AbstractNioChannel$AbstractNioUnsafe.finishConnect(AbstractNioChannel.java:340)
	at org.apache.ratis.thirdparty.io.netty.channel.nio.NioEventLoop.processSelectedKey(NioEventLoop.java:632)
	at org.apache.ratis.thirdparty.io.netty.channel.nio.NioEventLoop.processSelectedKeysOptimized(NioEventLoop.java:579)
	at org.apache.ratis.thirdparty.io.netty.channel.nio.NioEventLoop.processSelectedKeys(NioEventLoop.java:496)
	at org.apache.ratis.thirdparty.io.netty.channel.nio.NioEventLoop.run(NioEventLoop.java:458)
	at org.apache.ratis.thirdparty.io.netty.util.concurrent.SingleThreadEventExecutor$5.run(SingleThreadEventExecutor.java:897)
	at org.apache.ratis.thirdparty.io.netty.util.concurrent.FastThreadLocalRunnable.run(FastThreadLocalRunnable.java:30)
	... 1 more
Caused by: java.net.ConnectException: Connection refused
	... 11 more
2019-11-04 16:03:07,723 [e3fb79a3-1f86-42af-a80c-c46d1acdbc29@group-7855C2F36E53-LeaderElection486] INFO  impl.RaftServerImpl (RaftServerImpl.java:setRole(184)) - e3fb79a3-1f86-42af-a80c-c46d1acdbc29@group-7855C2F36E53: changes role from CANDIDATE to FOLLOWER at term 540 for DISCOVERED_A_NEW_TERM
2019-11-04 16:03:07,723 [e3fb79a3-1f86-42af-a80c-c46d1acdbc29@group-7855C2F36E53-LeaderElection486] INFO  impl.RoleInfo (RoleInfo.java:shutdownLeaderElection(134)) - e3fb79a3-1f86-42af-a80c-c46d1acdbc29: shutdown LeaderElection
2019-11-04 16:03:07,724 [e3fb79a3-1f86-42af-a80c-c46d1acdbc29@group-7855C2F36E53-LeaderElection486] INFO  impl.RoleInfo (RoleInfo.java:updateAndGet(143)) - e3fb79a3-1f86-42af-a80c-c46d1acdbc29: start FollowerState
2019-11-04 16:03:07,754 [Thread-3461] INFO  impl.FollowerState (FollowerState.java:run(108)) - e3fb79a3-1f86-42af-a80c-c46d1acdbc29@group-7855C2F36E53-FollowerState: change to CANDIDATE, lastRpcTime:30ms, electionTimeout:30ms
2019-11-04 16:03:07,754 [Thread-3461] INFO  impl.RoleInfo (RoleInfo.java:shutdownFollowerState(121)) - e3fb79a3-1f86-42af-a80c-c46d1acdbc29: shutdown FollowerState
2019-11-04 16:03:07,754 [Thread-3461] INFO  impl.RaftServerImpl (RaftServerImpl.java:setRole(184)) - e3fb79a3-1f86-42af-a80c-c46d1acdbc29@group-7855C2F36E53: changes role from  FOLLOWER to CANDIDATE at term 540 for changeToCandidate
2019-11-04 16:03:07,754 [Thread-3461] INFO  impl.RoleInfo (RoleInfo.java:updateAndGet(143)) - e3fb79a3-1f86-42af-a80c-c46d1acdbc29: start LeaderElection
2019-11-04 16:03:07,768 [e3fb79a3-1f86-42af-a80c-c46d1acdbc29@group-7855C2F36E53-LeaderElection487] INFO  impl.LeaderElection (LeaderElection.java:askForVotes(178)) - e3fb79a3-1f86-42af-a80c-c46d1acdbc29@group-7855C2F36E53-LeaderElection487: begin an election at term 541 for -1: [e3fb79a3-1f86-42af-a80c-c46d1acdbc29:192.168.157.194:44142, 81ff859e-e76f-43f5-951a-4a38422068cb:192.168.157.194:46532, a9143d84-6d7f-497d-b770-eb75585db3c7:192.168.157.194:42126], old=null
2019-11-04 16:03:07,768 [e3fb79a3-1f86-42af-a80c-c46d1acdbc29@group-7855C2F36E53-LeaderElection487] INFO  impl.LeaderElection (LogUtils.java:infoOrTrace(149)) - e3fb79a3-1f86-42af-a80c-c46d1acdbc29@group-7855C2F36E53-LeaderElection487 got exception when requesting votes: {}
java.util.concurrent.ExecutionException: org.apache.ratis.thirdparty.io.grpc.StatusRuntimeException: UNAVAILABLE: io exception
	at java.util.concurrent.FutureTask.report(FutureTask.java:122)
	at java.util.concurrent.FutureTask.get(FutureTask.java:192)
	at org.apache.ratis.server.impl.LeaderElection.waitForResults(LeaderElection.java:259)
	at org.apache.ratis.server.impl.LeaderElection.askForVotes(LeaderElection.java:197)
	at org.apache.ratis.server.impl.LeaderElection.run(LeaderElection.java:133)
	at java.lang.Thread.run(Thread.java:748)
Caused by: org.apache.ratis.thirdparty.io.grpc.StatusRuntimeException: UNAVAILABLE: io exception
	at org.apache.ratis.thirdparty.io.grpc.stub.ClientCalls.toStatusRuntimeException(ClientCalls.java:233)
	at org.apache.ratis.thirdparty.io.grpc.stub.ClientCalls.getUnchecked(ClientCalls.java:214)
	at org.apache.ratis.thirdparty.io.grpc.stub.ClientCalls.blockingUnaryCall(ClientCalls.java:139)
	at org.apache.ratis.proto.grpc.RaftServerProtocolServiceGrpc$RaftServerProtocolServiceBlockingStub.requestVote(RaftServerProtocolServiceGrpc.java:265)
	at org.apache.ratis.grpc.server.GrpcServerProtocolClient.requestVote(GrpcServerProtocolClient.java:99)
	at org.apache.ratis.grpc.server.GrpcService.requestVote(GrpcService.java:204)
	at org.apache.ratis.server.impl.LeaderElection.lambda$submitRequests$1(LeaderElection.java:234)
	at java.util.concurrent.FutureTask.run(FutureTask.java:266)
	at java.util.concurrent.Executors$RunnableAdapter.call(Executors.java:511)
	at java.util.concurrent.FutureTask.run(FutureTask.java:266)
	at java.util.concurrent.ThreadPoolExecutor.runWorker(ThreadPoolExecutor.java:1149)
	at java.util.concurrent.ThreadPoolExecutor$Worker.run(ThreadPoolExecutor.java:624)
	... 1 more
Caused by: org.apache.ratis.thirdparty.io.netty.channel.AbstractChannel$AnnotatedConnectException: Connection refused: /192.168.157.194:46532
	at sun.nio.ch.SocketChannelImpl.checkConnect(Native Method)
	at sun.nio.ch.SocketChannelImpl.finishConnect(SocketChannelImpl.java:717)
	at org.apache.ratis.thirdparty.io.netty.channel.socket.nio.NioSocketChannel.doFinishConnect(NioSocketChannel.java:327)
	at org.apache.ratis.thirdparty.io.netty.channel.nio.AbstractNioChannel$AbstractNioUnsafe.finishConnect(AbstractNioChannel.java:340)
	at org.apache.ratis.thirdparty.io.netty.channel.nio.NioEventLoop.processSelectedKey(NioEventLoop.java:632)
	at org.apache.ratis.thirdparty.io.netty.channel.nio.NioEventLoop.processSelectedKeysOptimized(NioEventLoop.java:579)
	at org.apache.ratis.thirdparty.io.netty.channel.nio.NioEventLoop.processSelectedKeys(NioEventLoop.java:496)
	at org.apache.ratis.thirdparty.io.netty.channel.nio.NioEventLoop.run(NioEventLoop.java:458)
	at org.apache.ratis.thirdparty.io.netty.util.concurrent.SingleThreadEventExecutor$5.run(SingleThreadEventExecutor.java:897)
	at org.apache.ratis.thirdparty.io.netty.util.concurrent.FastThreadLocalRunnable.run(FastThreadLocalRunnable.java:30)
	... 1 more
Caused by: java.net.ConnectException: Connection refused
	... 11 more
2019-11-04 16:03:07,769 [e3fb79a3-1f86-42af-a80c-c46d1acdbc29@group-7855C2F36E53-LeaderElection487] INFO  impl.LeaderElection (LogUtils.java:infoOrTrace(149)) - e3fb79a3-1f86-42af-a80c-c46d1acdbc29@group-7855C2F36E53-LeaderElection487 got exception when requesting votes: {}
java.util.concurrent.ExecutionException: org.apache.ratis.thirdparty.io.grpc.StatusRuntimeException: UNAVAILABLE: io exception
	at java.util.concurrent.FutureTask.report(FutureTask.java:122)
	at java.util.concurrent.FutureTask.get(FutureTask.java:192)
	at org.apache.ratis.server.impl.LeaderElection.waitForResults(LeaderElection.java:259)
	at org.apache.ratis.server.impl.LeaderElection.askForVotes(LeaderElection.java:197)
	at org.apache.ratis.server.impl.LeaderElection.run(LeaderElection.java:133)
	at java.lang.Thread.run(Thread.java:748)
Caused by: org.apache.ratis.thirdparty.io.grpc.StatusRuntimeException: UNAVAILABLE: io exception
	at org.apache.ratis.thirdparty.io.grpc.stub.ClientCalls.toStatusRuntimeException(ClientCalls.java:233)
	at org.apache.ratis.thirdparty.io.grpc.stub.ClientCalls.getUnchecked(ClientCalls.java:214)
	at org.apache.ratis.thirdparty.io.grpc.stub.ClientCalls.blockingUnaryCall(ClientCalls.java:139)
	at org.apache.ratis.proto.grpc.RaftServerProtocolServiceGrpc$RaftServerProtocolServiceBlockingStub.requestVote(RaftServerProtocolServiceGrpc.java:265)
	at org.apache.ratis.grpc.server.GrpcServerProtocolClient.requestVote(GrpcServerProtocolClient.java:99)
	at org.apache.ratis.grpc.server.GrpcService.requestVote(GrpcService.java:204)
	at org.apache.ratis.server.impl.LeaderElection.lambda$submitRequests$1(LeaderElection.java:234)
	at java.util.concurrent.FutureTask.run(FutureTask.java:266)
	at java.util.concurrent.Executors$RunnableAdapter.call(Executors.java:511)
	at java.util.concurrent.FutureTask.run(FutureTask.java:266)
	at java.util.concurrent.ThreadPoolExecutor.runWorker(ThreadPoolExecutor.java:1149)
	at java.util.concurrent.ThreadPoolExecutor$Worker.run(ThreadPoolExecutor.java:624)
	... 1 more
Caused by: org.apache.ratis.thirdparty.io.netty.channel.AbstractChannel$AnnotatedConnectException: Connection refused: /192.168.157.194:42126
	at sun.nio.ch.SocketChannelImpl.checkConnect(Native Method)
	at sun.nio.ch.SocketChannelImpl.finishConnect(SocketChannelImpl.java:717)
	at org.apache.ratis.thirdparty.io.netty.channel.socket.nio.NioSocketChannel.doFinishConnect(NioSocketChannel.java:327)
	at org.apache.ratis.thirdparty.io.netty.channel.nio.AbstractNioChannel$AbstractNioUnsafe.finishConnect(AbstractNioChannel.java:340)
	at org.apache.ratis.thirdparty.io.netty.channel.nio.NioEventLoop.processSelectedKey(NioEventLoop.java:632)
	at org.apache.ratis.thirdparty.io.netty.channel.nio.NioEventLoop.processSelectedKeysOptimized(NioEventLoop.java:579)
	at org.apache.ratis.thirdparty.io.netty.channel.nio.NioEventLoop.processSelectedKeys(NioEventLoop.java:496)
	at org.apache.ratis.thirdparty.io.netty.channel.nio.NioEventLoop.run(NioEventLoop.java:458)
	at org.apache.ratis.thirdparty.io.netty.util.concurrent.SingleThreadEventExecutor$5.run(SingleThreadEventExecutor.java:897)
	at org.apache.ratis.thirdparty.io.netty.util.concurrent.FastThreadLocalRunnable.run(FastThreadLocalRunnable.java:30)
	... 1 more
Caused by: java.net.ConnectException: Connection refused
	... 11 more
2019-11-04 16:03:07,769 [e3fb79a3-1f86-42af-a80c-c46d1acdbc29@group-7855C2F36E53-LeaderElection487] INFO  impl.LeaderElection (LeaderElection.java:logAndReturn(56)) - e3fb79a3-1f86-42af-a80c-c46d1acdbc29@group-7855C2F36E53-LeaderElection487: Election REJECTED; received 0 response(s) [] and 2 exception(s); e3fb79a3-1f86-42af-a80c-c46d1acdbc29@group-7855C2F36E53:t541, leader=null, voted=e3fb79a3-1f86-42af-a80c-c46d1acdbc29, raftlog=e3fb79a3-1f86-42af-a80c-c46d1acdbc29@group-7855C2F36E53-SegmentedRaftLog:OPENED:c-1,f-1,i0, conf=-1: [e3fb79a3-1f86-42af-a80c-c46d1acdbc29:192.168.157.194:44142, 81ff859e-e76f-43f5-951a-4a38422068cb:192.168.157.194:46532, a9143d84-6d7f-497d-b770-eb75585db3c7:192.168.157.194:42126], old=null
2019-11-04 16:03:07,769 [e3fb79a3-1f86-42af-a80c-c46d1acdbc29@group-7855C2F36E53-LeaderElection487] INFO  impl.LeaderElection (LogUtils.java:infoOrTrace(149)) -   Exception 0: {}
java.util.concurrent.ExecutionException: org.apache.ratis.thirdparty.io.grpc.StatusRuntimeException: UNAVAILABLE: io exception
	at java.util.concurrent.FutureTask.report(FutureTask.java:122)
	at java.util.concurrent.FutureTask.get(FutureTask.java:192)
	at org.apache.ratis.server.impl.LeaderElection.waitForResults(LeaderElection.java:259)
	at org.apache.ratis.server.impl.LeaderElection.askForVotes(LeaderElection.java:197)
	at org.apache.ratis.server.impl.LeaderElection.run(LeaderElection.java:133)
	at java.lang.Thread.run(Thread.java:748)
Caused by: org.apache.ratis.thirdparty.io.grpc.StatusRuntimeException: UNAVAILABLE: io exception
	at org.apache.ratis.thirdparty.io.grpc.stub.ClientCalls.toStatusRuntimeException(ClientCalls.java:233)
	at org.apache.ratis.thirdparty.io.grpc.stub.ClientCalls.getUnchecked(ClientCalls.java:214)
	at org.apache.ratis.thirdparty.io.grpc.stub.ClientCalls.blockingUnaryCall(ClientCalls.java:139)
	at org.apache.ratis.proto.grpc.RaftServerProtocolServiceGrpc$RaftServerProtocolServiceBlockingStub.requestVote(RaftServerProtocolServiceGrpc.java:265)
	at org.apache.ratis.grpc.server.GrpcServerProtocolClient.requestVote(GrpcServerProtocolClient.java:99)
	at org.apache.ratis.grpc.server.GrpcService.requestVote(GrpcService.java:204)
	at org.apache.ratis.server.impl.LeaderElection.lambda$submitRequests$1(LeaderElection.java:234)
	at java.util.concurrent.FutureTask.run(FutureTask.java:266)
	at java.util.concurrent.Executors$RunnableAdapter.call(Executors.java:511)
	at java.util.concurrent.FutureTask.run(FutureTask.java:266)
	at java.util.concurrent.ThreadPoolExecutor.runWorker(ThreadPoolExecutor.java:1149)
	at java.util.concurrent.ThreadPoolExecutor$Worker.run(ThreadPoolExecutor.java:624)
	... 1 more
Caused by: org.apache.ratis.thirdparty.io.netty.channel.AbstractChannel$AnnotatedConnectException: Connection refused: /192.168.157.194:46532
	at sun.nio.ch.SocketChannelImpl.checkConnect(Native Method)
	at sun.nio.ch.SocketChannelImpl.finishConnect(SocketChannelImpl.java:717)
	at org.apache.ratis.thirdparty.io.netty.channel.socket.nio.NioSocketChannel.doFinishConnect(NioSocketChannel.java:327)
	at org.apache.ratis.thirdparty.io.netty.channel.nio.AbstractNioChannel$AbstractNioUnsafe.finishConnect(AbstractNioChannel.java:340)
	at org.apache.ratis.thirdparty.io.netty.channel.nio.NioEventLoop.processSelectedKey(NioEventLoop.java:632)
	at org.apache.ratis.thirdparty.io.netty.channel.nio.NioEventLoop.processSelectedKeysOptimized(NioEventLoop.java:579)
	at org.apache.ratis.thirdparty.io.netty.channel.nio.NioEventLoop.processSelectedKeys(NioEventLoop.java:496)
	at org.apache.ratis.thirdparty.io.netty.channel.nio.NioEventLoop.run(NioEventLoop.java:458)
	at org.apache.ratis.thirdparty.io.netty.util.concurrent.SingleThreadEventExecutor$5.run(SingleThreadEventExecutor.java:897)
	at org.apache.ratis.thirdparty.io.netty.util.concurrent.FastThreadLocalRunnable.run(FastThreadLocalRunnable.java:30)
	... 1 more
Caused by: java.net.ConnectException: Connection refused
	... 11 more
2019-11-04 16:03:07,770 [e3fb79a3-1f86-42af-a80c-c46d1acdbc29@group-7855C2F36E53-LeaderElection487] INFO  impl.LeaderElection (LogUtils.java:infoOrTrace(149)) -   Exception 1: {}
java.util.concurrent.ExecutionException: org.apache.ratis.thirdparty.io.grpc.StatusRuntimeException: UNAVAILABLE: io exception
	at java.util.concurrent.FutureTask.report(FutureTask.java:122)
	at java.util.concurrent.FutureTask.get(FutureTask.java:192)
	at org.apache.ratis.server.impl.LeaderElection.waitForResults(LeaderElection.java:259)
	at org.apache.ratis.server.impl.LeaderElection.askForVotes(LeaderElection.java:197)
	at org.apache.ratis.server.impl.LeaderElection.run(LeaderElection.java:133)
	at java.lang.Thread.run(Thread.java:748)
Caused by: org.apache.ratis.thirdparty.io.grpc.StatusRuntimeException: UNAVAILABLE: io exception
	at org.apache.ratis.thirdparty.io.grpc.stub.ClientCalls.toStatusRuntimeException(ClientCalls.java:233)
	at org.apache.ratis.thirdparty.io.grpc.stub.ClientCalls.getUnchecked(ClientCalls.java:214)
	at org.apache.ratis.thirdparty.io.grpc.stub.ClientCalls.blockingUnaryCall(ClientCalls.java:139)
	at org.apache.ratis.proto.grpc.RaftServerProtocolServiceGrpc$RaftServerProtocolServiceBlockingStub.requestVote(RaftServerProtocolServiceGrpc.java:265)
	at org.apache.ratis.grpc.server.GrpcServerProtocolClient.requestVote(GrpcServerProtocolClient.java:99)
	at org.apache.ratis.grpc.server.GrpcService.requestVote(GrpcService.java:204)
	at org.apache.ratis.server.impl.LeaderElection.lambda$submitRequests$1(LeaderElection.java:234)
	at java.util.concurrent.FutureTask.run(FutureTask.java:266)
	at java.util.concurrent.Executors$RunnableAdapter.call(Executors.java:511)
	at java.util.concurrent.FutureTask.run(FutureTask.java:266)
	at java.util.concurrent.ThreadPoolExecutor.runWorker(ThreadPoolExecutor.java:1149)
	at java.util.concurrent.ThreadPoolExecutor$Worker.run(ThreadPoolExecutor.java:624)
	... 1 more
Caused by: org.apache.ratis.thirdparty.io.netty.channel.AbstractChannel$AnnotatedConnectException: Connection refused: /192.168.157.194:42126
	at sun.nio.ch.SocketChannelImpl.checkConnect(Native Method)
	at sun.nio.ch.SocketChannelImpl.finishConnect(SocketChannelImpl.java:717)
	at org.apache.ratis.thirdparty.io.netty.channel.socket.nio.NioSocketChannel.doFinishConnect(NioSocketChannel.java:327)
	at org.apache.ratis.thirdparty.io.netty.channel.nio.AbstractNioChannel$AbstractNioUnsafe.finishConnect(AbstractNioChannel.java:340)
	at org.apache.ratis.thirdparty.io.netty.channel.nio.NioEventLoop.processSelectedKey(NioEventLoop.java:632)
	at org.apache.ratis.thirdparty.io.netty.channel.nio.NioEventLoop.processSelectedKeysOptimized(NioEventLoop.java:579)
	at org.apache.ratis.thirdparty.io.netty.channel.nio.NioEventLoop.processSelectedKeys(NioEventLoop.java:496)
	at org.apache.ratis.thirdparty.io.netty.channel.nio.NioEventLoop.run(NioEventLoop.java:458)
	at org.apache.ratis.thirdparty.io.netty.util.concurrent.SingleThreadEventExecutor$5.run(SingleThreadEventExecutor.java:897)
	at org.apache.ratis.thirdparty.io.netty.util.concurrent.FastThreadLocalRunnable.run(FastThreadLocalRunnable.java:30)
	... 1 more
Caused by: java.net.ConnectException: Connection refused
	... 11 more
2019-11-04 16:03:07,770 [e3fb79a3-1f86-42af-a80c-c46d1acdbc29@group-7855C2F36E53-LeaderElection487] INFO  impl.RaftServerImpl (RaftServerImpl.java:setRole(184)) - e3fb79a3-1f86-42af-a80c-c46d1acdbc29@group-7855C2F36E53: changes role from CANDIDATE to FOLLOWER at term 541 for DISCOVERED_A_NEW_TERM
2019-11-04 16:03:07,770 [e3fb79a3-1f86-42af-a80c-c46d1acdbc29@group-7855C2F36E53-LeaderElection487] INFO  impl.RoleInfo (RoleInfo.java:shutdownLeaderElection(134)) - e3fb79a3-1f86-42af-a80c-c46d1acdbc29: shutdown LeaderElection
2019-11-04 16:03:07,770 [e3fb79a3-1f86-42af-a80c-c46d1acdbc29@group-7855C2F36E53-LeaderElection487] INFO  impl.RoleInfo (RoleInfo.java:updateAndGet(143)) - e3fb79a3-1f86-42af-a80c-c46d1acdbc29: start FollowerState
2019-11-04 16:03:07,793 [Thread-3465] INFO  impl.FollowerState (FollowerState.java:run(108)) - e3fb79a3-1f86-42af-a80c-c46d1acdbc29@group-7855C2F36E53-FollowerState: change to CANDIDATE, lastRpcTime:22ms, electionTimeout:22ms
2019-11-04 16:03:07,793 [Thread-3465] INFO  impl.RoleInfo (RoleInfo.java:shutdownFollowerState(121)) - e3fb79a3-1f86-42af-a80c-c46d1acdbc29: shutdown FollowerState
2019-11-04 16:03:07,793 [Thread-3465] INFO  impl.RaftServerImpl (RaftServerImpl.java:setRole(184)) - e3fb79a3-1f86-42af-a80c-c46d1acdbc29@group-7855C2F36E53: changes role from  FOLLOWER to CANDIDATE at term 541 for changeToCandidate
2019-11-04 16:03:07,793 [Thread-3465] INFO  impl.RoleInfo (RoleInfo.java:updateAndGet(143)) - e3fb79a3-1f86-42af-a80c-c46d1acdbc29: start LeaderElection
2019-11-04 16:03:07,806 [e3fb79a3-1f86-42af-a80c-c46d1acdbc29@group-7855C2F36E53-LeaderElection488] INFO  impl.LeaderElection (LeaderElection.java:askForVotes(178)) - e3fb79a3-1f86-42af-a80c-c46d1acdbc29@group-7855C2F36E53-LeaderElection488: begin an election at term 542 for -1: [e3fb79a3-1f86-42af-a80c-c46d1acdbc29:192.168.157.194:44142, 81ff859e-e76f-43f5-951a-4a38422068cb:192.168.157.194:46532, a9143d84-6d7f-497d-b770-eb75585db3c7:192.168.157.194:42126], old=null
2019-11-04 16:03:07,807 [e3fb79a3-1f86-42af-a80c-c46d1acdbc29@group-7855C2F36E53-LeaderElection488] INFO  impl.LeaderElection (LogUtils.java:infoOrTrace(149)) - e3fb79a3-1f86-42af-a80c-c46d1acdbc29@group-7855C2F36E53-LeaderElection488 got exception when requesting votes: {}
java.util.concurrent.ExecutionException: org.apache.ratis.thirdparty.io.grpc.StatusRuntimeException: UNAVAILABLE: io exception
	at java.util.concurrent.FutureTask.report(FutureTask.java:122)
	at java.util.concurrent.FutureTask.get(FutureTask.java:192)
	at org.apache.ratis.server.impl.LeaderElection.waitForResults(LeaderElection.java:259)
	at org.apache.ratis.server.impl.LeaderElection.askForVotes(LeaderElection.java:197)
	at org.apache.ratis.server.impl.LeaderElection.run(LeaderElection.java:133)
	at java.lang.Thread.run(Thread.java:748)
Caused by: org.apache.ratis.thirdparty.io.grpc.StatusRuntimeException: UNAVAILABLE: io exception
	at org.apache.ratis.thirdparty.io.grpc.stub.ClientCalls.toStatusRuntimeException(ClientCalls.java:233)
	at org.apache.ratis.thirdparty.io.grpc.stub.ClientCalls.getUnchecked(ClientCalls.java:214)
	at org.apache.ratis.thirdparty.io.grpc.stub.ClientCalls.blockingUnaryCall(ClientCalls.java:139)
	at org.apache.ratis.proto.grpc.RaftServerProtocolServiceGrpc$RaftServerProtocolServiceBlockingStub.requestVote(RaftServerProtocolServiceGrpc.java:265)
	at org.apache.ratis.grpc.server.GrpcServerProtocolClient.requestVote(GrpcServerProtocolClient.java:99)
	at org.apache.ratis.grpc.server.GrpcService.requestVote(GrpcService.java:204)
	at org.apache.ratis.server.impl.LeaderElection.lambda$submitRequests$1(LeaderElection.java:234)
	at java.util.concurrent.FutureTask.run(FutureTask.java:266)
	at java.util.concurrent.Executors$RunnableAdapter.call(Executors.java:511)
	at java.util.concurrent.FutureTask.run(FutureTask.java:266)
	at java.util.concurrent.ThreadPoolExecutor.runWorker(ThreadPoolExecutor.java:1149)
	at java.util.concurrent.ThreadPoolExecutor$Worker.run(ThreadPoolExecutor.java:624)
	... 1 more
Caused by: org.apache.ratis.thirdparty.io.netty.channel.AbstractChannel$AnnotatedConnectException: Connection refused: /192.168.157.194:46532
	at sun.nio.ch.SocketChannelImpl.checkConnect(Native Method)
	at sun.nio.ch.SocketChannelImpl.finishConnect(SocketChannelImpl.java:717)
	at org.apache.ratis.thirdparty.io.netty.channel.socket.nio.NioSocketChannel.doFinishConnect(NioSocketChannel.java:327)
	at org.apache.ratis.thirdparty.io.netty.channel.nio.AbstractNioChannel$AbstractNioUnsafe.finishConnect(AbstractNioChannel.java:340)
	at org.apache.ratis.thirdparty.io.netty.channel.nio.NioEventLoop.processSelectedKey(NioEventLoop.java:632)
	at org.apache.ratis.thirdparty.io.netty.channel.nio.NioEventLoop.processSelectedKeysOptimized(NioEventLoop.java:579)
	at org.apache.ratis.thirdparty.io.netty.channel.nio.NioEventLoop.processSelectedKeys(NioEventLoop.java:496)
	at org.apache.ratis.thirdparty.io.netty.channel.nio.NioEventLoop.run(NioEventLoop.java:458)
	at org.apache.ratis.thirdparty.io.netty.util.concurrent.SingleThreadEventExecutor$5.run(SingleThreadEventExecutor.java:897)
	at org.apache.ratis.thirdparty.io.netty.util.concurrent.FastThreadLocalRunnable.run(FastThreadLocalRunnable.java:30)
	... 1 more
Caused by: java.net.ConnectException: Connection refused
	... 11 more
2019-11-04 16:03:07,808 [e3fb79a3-1f86-42af-a80c-c46d1acdbc29@group-7855C2F36E53-LeaderElection488] INFO  impl.LeaderElection (LogUtils.java:infoOrTrace(149)) - e3fb79a3-1f86-42af-a80c-c46d1acdbc29@group-7855C2F36E53-LeaderElection488 got exception when requesting votes: {}
java.util.concurrent.ExecutionException: org.apache.ratis.thirdparty.io.grpc.StatusRuntimeException: UNAVAILABLE: io exception
	at java.util.concurrent.FutureTask.report(FutureTask.java:122)
	at java.util.concurrent.FutureTask.get(FutureTask.java:192)
	at org.apache.ratis.server.impl.LeaderElection.waitForResults(LeaderElection.java:259)
	at org.apache.ratis.server.impl.LeaderElection.askForVotes(LeaderElection.java:197)
	at org.apache.ratis.server.impl.LeaderElection.run(LeaderElection.java:133)
	at java.lang.Thread.run(Thread.java:748)
Caused by: org.apache.ratis.thirdparty.io.grpc.StatusRuntimeException: UNAVAILABLE: io exception
	at org.apache.ratis.thirdparty.io.grpc.stub.ClientCalls.toStatusRuntimeException(ClientCalls.java:233)
	at org.apache.ratis.thirdparty.io.grpc.stub.ClientCalls.getUnchecked(ClientCalls.java:214)
	at org.apache.ratis.thirdparty.io.grpc.stub.ClientCalls.blockingUnaryCall(ClientCalls.java:139)
	at org.apache.ratis.proto.grpc.RaftServerProtocolServiceGrpc$RaftServerProtocolServiceBlockingStub.requestVote(RaftServerProtocolServiceGrpc.java:265)
	at org.apache.ratis.grpc.server.GrpcServerProtocolClient.requestVote(GrpcServerProtocolClient.java:99)
	at org.apache.ratis.grpc.server.GrpcService.requestVote(GrpcService.java:204)
	at org.apache.ratis.server.impl.LeaderElection.lambda$submitRequests$1(LeaderElection.java:234)
	at java.util.concurrent.FutureTask.run(FutureTask.java:266)
	at java.util.concurrent.Executors$RunnableAdapter.call(Executors.java:511)
	at java.util.concurrent.FutureTask.run(FutureTask.java:266)
	at java.util.concurrent.ThreadPoolExecutor.runWorker(ThreadPoolExecutor.java:1149)
	at java.util.concurrent.ThreadPoolExecutor$Worker.run(ThreadPoolExecutor.java:624)
	... 1 more
Caused by: org.apache.ratis.thirdparty.io.netty.channel.AbstractChannel$AnnotatedConnectException: Connection refused: /192.168.157.194:42126
	at sun.nio.ch.SocketChannelImpl.checkConnect(Native Method)
	at sun.nio.ch.SocketChannelImpl.finishConnect(SocketChannelImpl.java:717)
	at org.apache.ratis.thirdparty.io.netty.channel.socket.nio.NioSocketChannel.doFinishConnect(NioSocketChannel.java:327)
	at org.apache.ratis.thirdparty.io.netty.channel.nio.AbstractNioChannel$AbstractNioUnsafe.finishConnect(AbstractNioChannel.java:340)
	at org.apache.ratis.thirdparty.io.netty.channel.nio.NioEventLoop.processSelectedKey(NioEventLoop.java:632)
	at org.apache.ratis.thirdparty.io.netty.channel.nio.NioEventLoop.processSelectedKeysOptimized(NioEventLoop.java:579)
	at org.apache.ratis.thirdparty.io.netty.channel.nio.NioEventLoop.processSelectedKeys(NioEventLoop.java:496)
	at org.apache.ratis.thirdparty.io.netty.channel.nio.NioEventLoop.run(NioEventLoop.java:458)
	at org.apache.ratis.thirdparty.io.netty.util.concurrent.SingleThreadEventExecutor$5.run(SingleThreadEventExecutor.java:897)
	at org.apache.ratis.thirdparty.io.netty.util.concurrent.FastThreadLocalRunnable.run(FastThreadLocalRunnable.java:30)
	... 1 more
Caused by: java.net.ConnectException: Connection refused
	... 11 more
2019-11-04 16:03:07,808 [e3fb79a3-1f86-42af-a80c-c46d1acdbc29@group-7855C2F36E53-LeaderElection488] INFO  impl.LeaderElection (LeaderElection.java:logAndReturn(56)) - e3fb79a3-1f86-42af-a80c-c46d1acdbc29@group-7855C2F36E53-LeaderElection488: Election REJECTED; received 0 response(s) [] and 2 exception(s); e3fb79a3-1f86-42af-a80c-c46d1acdbc29@group-7855C2F36E53:t542, leader=null, voted=e3fb79a3-1f86-42af-a80c-c46d1acdbc29, raftlog=e3fb79a3-1f86-42af-a80c-c46d1acdbc29@group-7855C2F36E53-SegmentedRaftLog:OPENED:c-1,f-1,i0, conf=-1: [e3fb79a3-1f86-42af-a80c-c46d1acdbc29:192.168.157.194:44142, 81ff859e-e76f-43f5-951a-4a38422068cb:192.168.157.194:46532, a9143d84-6d7f-497d-b770-eb75585db3c7:192.168.157.194:42126], old=null
2019-11-04 16:03:07,808 [e3fb79a3-1f86-42af-a80c-c46d1acdbc29@group-7855C2F36E53-LeaderElection488] INFO  impl.LeaderElection (LogUtils.java:infoOrTrace(149)) -   Exception 0: {}
java.util.concurrent.ExecutionException: org.apache.ratis.thirdparty.io.grpc.StatusRuntimeException: UNAVAILABLE: io exception
	at java.util.concurrent.FutureTask.report(FutureTask.java:122)
	at java.util.concurrent.FutureTask.get(FutureTask.java:192)
	at org.apache.ratis.server.impl.LeaderElection.waitForResults(LeaderElection.java:259)
	at org.apache.ratis.server.impl.LeaderElection.askForVotes(LeaderElection.java:197)
	at org.apache.ratis.server.impl.LeaderElection.run(LeaderElection.java:133)
	at java.lang.Thread.run(Thread.java:748)
Caused by: org.apache.ratis.thirdparty.io.grpc.StatusRuntimeException: UNAVAILABLE: io exception
	at org.apache.ratis.thirdparty.io.grpc.stub.ClientCalls.toStatusRuntimeException(ClientCalls.java:233)
	at org.apache.ratis.thirdparty.io.grpc.stub.ClientCalls.getUnchecked(ClientCalls.java:214)
	at org.apache.ratis.thirdparty.io.grpc.stub.ClientCalls.blockingUnaryCall(ClientCalls.java:139)
	at org.apache.ratis.proto.grpc.RaftServerProtocolServiceGrpc$RaftServerProtocolServiceBlockingStub.requestVote(RaftServerProtocolServiceGrpc.java:265)
	at org.apache.ratis.grpc.server.GrpcServerProtocolClient.requestVote(GrpcServerProtocolClient.java:99)
	at org.apache.ratis.grpc.server.GrpcService.requestVote(GrpcService.java:204)
	at org.apache.ratis.server.impl.LeaderElection.lambda$submitRequests$1(LeaderElection.java:234)
	at java.util.concurrent.FutureTask.run(FutureTask.java:266)
	at java.util.concurrent.Executors$RunnableAdapter.call(Executors.java:511)
	at java.util.concurrent.FutureTask.run(FutureTask.java:266)
	at java.util.concurrent.ThreadPoolExecutor.runWorker(ThreadPoolExecutor.java:1149)
	at java.util.concurrent.ThreadPoolExecutor$Worker.run(ThreadPoolExecutor.java:624)
	... 1 more
Caused by: org.apache.ratis.thirdparty.io.netty.channel.AbstractChannel$AnnotatedConnectException: Connection refused: /192.168.157.194:46532
	at sun.nio.ch.SocketChannelImpl.checkConnect(Native Method)
	at sun.nio.ch.SocketChannelImpl.finishConnect(SocketChannelImpl.java:717)
	at org.apache.ratis.thirdparty.io.netty.channel.socket.nio.NioSocketChannel.doFinishConnect(NioSocketChannel.java:327)
	at org.apache.ratis.thirdparty.io.netty.channel.nio.AbstractNioChannel$AbstractNioUnsafe.finishConnect(AbstractNioChannel.java:340)
	at org.apache.ratis.thirdparty.io.netty.channel.nio.NioEventLoop.processSelectedKey(NioEventLoop.java:632)
	at org.apache.ratis.thirdparty.io.netty.channel.nio.NioEventLoop.processSelectedKeysOptimized(NioEventLoop.java:579)
	at org.apache.ratis.thirdparty.io.netty.channel.nio.NioEventLoop.processSelectedKeys(NioEventLoop.java:496)
	at org.apache.ratis.thirdparty.io.netty.channel.nio.NioEventLoop.run(NioEventLoop.java:458)
	at org.apache.ratis.thirdparty.io.netty.util.concurrent.SingleThreadEventExecutor$5.run(SingleThreadEventExecutor.java:897)
	at org.apache.ratis.thirdparty.io.netty.util.concurrent.FastThreadLocalRunnable.run(FastThreadLocalRunnable.java:30)
	... 1 more
Caused by: java.net.ConnectException: Connection refused
	... 11 more
2019-11-04 16:03:07,809 [e3fb79a3-1f86-42af-a80c-c46d1acdbc29@group-7855C2F36E53-LeaderElection488] INFO  impl.LeaderElection (LogUtils.java:infoOrTrace(149)) -   Exception 1: {}
java.util.concurrent.ExecutionException: org.apache.ratis.thirdparty.io.grpc.StatusRuntimeException: UNAVAILABLE: io exception
	at java.util.concurrent.FutureTask.report(FutureTask.java:122)
	at java.util.concurrent.FutureTask.get(FutureTask.java:192)
	at org.apache.ratis.server.impl.LeaderElection.waitForResults(LeaderElection.java:259)
	at org.apache.ratis.server.impl.LeaderElection.askForVotes(LeaderElection.java:197)
	at org.apache.ratis.server.impl.LeaderElection.run(LeaderElection.java:133)
	at java.lang.Thread.run(Thread.java:748)
Caused by: org.apache.ratis.thirdparty.io.grpc.StatusRuntimeException: UNAVAILABLE: io exception
	at org.apache.ratis.thirdparty.io.grpc.stub.ClientCalls.toStatusRuntimeException(ClientCalls.java:233)
	at org.apache.ratis.thirdparty.io.grpc.stub.ClientCalls.getUnchecked(ClientCalls.java:214)
	at org.apache.ratis.thirdparty.io.grpc.stub.ClientCalls.blockingUnaryCall(ClientCalls.java:139)
	at org.apache.ratis.proto.grpc.RaftServerProtocolServiceGrpc$RaftServerProtocolServiceBlockingStub.requestVote(RaftServerProtocolServiceGrpc.java:265)
	at org.apache.ratis.grpc.server.GrpcServerProtocolClient.requestVote(GrpcServerProtocolClient.java:99)
	at org.apache.ratis.grpc.server.GrpcService.requestVote(GrpcService.java:204)
	at org.apache.ratis.server.impl.LeaderElection.lambda$submitRequests$1(LeaderElection.java:234)
	at java.util.concurrent.FutureTask.run(FutureTask.java:266)
	at java.util.concurrent.Executors$RunnableAdapter.call(Executors.java:511)
	at java.util.concurrent.FutureTask.run(FutureTask.java:266)
	at java.util.concurrent.ThreadPoolExecutor.runWorker(ThreadPoolExecutor.java:1149)
	at java.util.concurrent.ThreadPoolExecutor$Worker.run(ThreadPoolExecutor.java:624)
	... 1 more
Caused by: org.apache.ratis.thirdparty.io.netty.channel.AbstractChannel$AnnotatedConnectException: Connection refused: /192.168.157.194:42126
	at sun.nio.ch.SocketChannelImpl.checkConnect(Native Method)
	at sun.nio.ch.SocketChannelImpl.finishConnect(SocketChannelImpl.java:717)
	at org.apache.ratis.thirdparty.io.netty.channel.socket.nio.NioSocketChannel.doFinishConnect(NioSocketChannel.java:327)
	at org.apache.ratis.thirdparty.io.netty.channel.nio.AbstractNioChannel$AbstractNioUnsafe.finishConnect(AbstractNioChannel.java:340)
	at org.apache.ratis.thirdparty.io.netty.channel.nio.NioEventLoop.processSelectedKey(NioEventLoop.java:632)
	at org.apache.ratis.thirdparty.io.netty.channel.nio.NioEventLoop.processSelectedKeysOptimized(NioEventLoop.java:579)
	at org.apache.ratis.thirdparty.io.netty.channel.nio.NioEventLoop.processSelectedKeys(NioEventLoop.java:496)
	at org.apache.ratis.thirdparty.io.netty.channel.nio.NioEventLoop.run(NioEventLoop.java:458)
	at org.apache.ratis.thirdparty.io.netty.util.concurrent.SingleThreadEventExecutor$5.run(SingleThreadEventExecutor.java:897)
	at org.apache.ratis.thirdparty.io.netty.util.concurrent.FastThreadLocalRunnable.run(FastThreadLocalRunnable.java:30)
	... 1 more
Caused by: java.net.ConnectException: Connection refused
	... 11 more
2019-11-04 16:03:07,809 [e3fb79a3-1f86-42af-a80c-c46d1acdbc29@group-7855C2F36E53-LeaderElection488] INFO  impl.RaftServerImpl (RaftServerImpl.java:setRole(184)) - e3fb79a3-1f86-42af-a80c-c46d1acdbc29@group-7855C2F36E53: changes role from CANDIDATE to FOLLOWER at term 542 for DISCOVERED_A_NEW_TERM
2019-11-04 16:03:07,809 [e3fb79a3-1f86-42af-a80c-c46d1acdbc29@group-7855C2F36E53-LeaderElection488] INFO  impl.RoleInfo (RoleInfo.java:shutdownLeaderElection(134)) - e3fb79a3-1f86-42af-a80c-c46d1acdbc29: shutdown LeaderElection
2019-11-04 16:03:07,809 [e3fb79a3-1f86-42af-a80c-c46d1acdbc29@group-7855C2F36E53-LeaderElection488] INFO  impl.RoleInfo (RoleInfo.java:updateAndGet(143)) - e3fb79a3-1f86-42af-a80c-c46d1acdbc29: start FollowerState
2019-11-04 16:03:07,947 [Thread-3469] INFO  impl.FollowerState (FollowerState.java:run(108)) - e3fb79a3-1f86-42af-a80c-c46d1acdbc29@group-7855C2F36E53-FollowerState: change to CANDIDATE, lastRpcTime:137ms, electionTimeout:137ms
2019-11-04 16:03:07,947 [Thread-3469] INFO  impl.RoleInfo (RoleInfo.java:shutdownFollowerState(121)) - e3fb79a3-1f86-42af-a80c-c46d1acdbc29: shutdown FollowerState
2019-11-04 16:03:07,947 [Thread-3469] INFO  impl.RaftServerImpl (RaftServerImpl.java:setRole(184)) - e3fb79a3-1f86-42af-a80c-c46d1acdbc29@group-7855C2F36E53: changes role from  FOLLOWER to CANDIDATE at term 542 for changeToCandidate
2019-11-04 16:03:07,947 [Thread-3469] INFO  impl.RoleInfo (RoleInfo.java:updateAndGet(143)) - e3fb79a3-1f86-42af-a80c-c46d1acdbc29: start LeaderElection
2019-11-04 16:03:07,963 [e3fb79a3-1f86-42af-a80c-c46d1acdbc29@group-7855C2F36E53-LeaderElection489] INFO  impl.LeaderElection (LeaderElection.java:askForVotes(178)) - e3fb79a3-1f86-42af-a80c-c46d1acdbc29@group-7855C2F36E53-LeaderElection489: begin an election at term 543 for -1: [e3fb79a3-1f86-42af-a80c-c46d1acdbc29:192.168.157.194:44142, 81ff859e-e76f-43f5-951a-4a38422068cb:192.168.157.194:46532, a9143d84-6d7f-497d-b770-eb75585db3c7:192.168.157.194:42126], old=null
2019-11-04 16:03:07,964 [e3fb79a3-1f86-42af-a80c-c46d1acdbc29@group-7855C2F36E53-LeaderElection489] INFO  impl.LeaderElection (LogUtils.java:infoOrTrace(149)) - e3fb79a3-1f86-42af-a80c-c46d1acdbc29@group-7855C2F36E53-LeaderElection489 got exception when requesting votes: {}
java.util.concurrent.ExecutionException: org.apache.ratis.thirdparty.io.grpc.StatusRuntimeException: UNAVAILABLE: io exception
	at java.util.concurrent.FutureTask.report(FutureTask.java:122)
	at java.util.concurrent.FutureTask.get(FutureTask.java:192)
	at org.apache.ratis.server.impl.LeaderElection.waitForResults(LeaderElection.java:259)
	at org.apache.ratis.server.impl.LeaderElection.askForVotes(LeaderElection.java:197)
	at org.apache.ratis.server.impl.LeaderElection.run(LeaderElection.java:133)
	at java.lang.Thread.run(Thread.java:748)
Caused by: org.apache.ratis.thirdparty.io.grpc.StatusRuntimeException: UNAVAILABLE: io exception
	at org.apache.ratis.thirdparty.io.grpc.stub.ClientCalls.toStatusRuntimeException(ClientCalls.java:233)
	at org.apache.ratis.thirdparty.io.grpc.stub.ClientCalls.getUnchecked(ClientCalls.java:214)
	at org.apache.ratis.thirdparty.io.grpc.stub.ClientCalls.blockingUnaryCall(ClientCalls.java:139)
	at org.apache.ratis.proto.grpc.RaftServerProtocolServiceGrpc$RaftServerProtocolServiceBlockingStub.requestVote(RaftServerProtocolServiceGrpc.java:265)
	at org.apache.ratis.grpc.server.GrpcServerProtocolClient.requestVote(GrpcServerProtocolClient.java:99)
	at org.apache.ratis.grpc.server.GrpcService.requestVote(GrpcService.java:204)
	at org.apache.ratis.server.impl.LeaderElection.lambda$submitRequests$1(LeaderElection.java:234)
	at java.util.concurrent.FutureTask.run(FutureTask.java:266)
	at java.util.concurrent.Executors$RunnableAdapter.call(Executors.java:511)
	at java.util.concurrent.FutureTask.run(FutureTask.java:266)
	at java.util.concurrent.ThreadPoolExecutor.runWorker(ThreadPoolExecutor.java:1149)
	at java.util.concurrent.ThreadPoolExecutor$Worker.run(ThreadPoolExecutor.java:624)
	... 1 more
Caused by: org.apache.ratis.thirdparty.io.netty.channel.AbstractChannel$AnnotatedConnectException: Connection refused: /192.168.157.194:46532
	at sun.nio.ch.SocketChannelImpl.checkConnect(Native Method)
	at sun.nio.ch.SocketChannelImpl.finishConnect(SocketChannelImpl.java:717)
	at org.apache.ratis.thirdparty.io.netty.channel.socket.nio.NioSocketChannel.doFinishConnect(NioSocketChannel.java:327)
	at org.apache.ratis.thirdparty.io.netty.channel.nio.AbstractNioChannel$AbstractNioUnsafe.finishConnect(AbstractNioChannel.java:340)
	at org.apache.ratis.thirdparty.io.netty.channel.nio.NioEventLoop.processSelectedKey(NioEventLoop.java:632)
	at org.apache.ratis.thirdparty.io.netty.channel.nio.NioEventLoop.processSelectedKeysOptimized(NioEventLoop.java:579)
	at org.apache.ratis.thirdparty.io.netty.channel.nio.NioEventLoop.processSelectedKeys(NioEventLoop.java:496)
	at org.apache.ratis.thirdparty.io.netty.channel.nio.NioEventLoop.run(NioEventLoop.java:458)
	at org.apache.ratis.thirdparty.io.netty.util.concurrent.SingleThreadEventExecutor$5.run(SingleThreadEventExecutor.java:897)
	at org.apache.ratis.thirdparty.io.netty.util.concurrent.FastThreadLocalRunnable.run(FastThreadLocalRunnable.java:30)
	... 1 more
Caused by: java.net.ConnectException: Connection refused
	... 11 more
2019-11-04 16:03:07,964 [e3fb79a3-1f86-42af-a80c-c46d1acdbc29@group-7855C2F36E53-LeaderElection489] INFO  impl.LeaderElection (LogUtils.java:infoOrTrace(149)) - e3fb79a3-1f86-42af-a80c-c46d1acdbc29@group-7855C2F36E53-LeaderElection489 got exception when requesting votes: {}
java.util.concurrent.ExecutionException: org.apache.ratis.thirdparty.io.grpc.StatusRuntimeException: UNAVAILABLE: io exception
	at java.util.concurrent.FutureTask.report(FutureTask.java:122)
	at java.util.concurrent.FutureTask.get(FutureTask.java:192)
	at org.apache.ratis.server.impl.LeaderElection.waitForResults(LeaderElection.java:259)
	at org.apache.ratis.server.impl.LeaderElection.askForVotes(LeaderElection.java:197)
	at org.apache.ratis.server.impl.LeaderElection.run(LeaderElection.java:133)
	at java.lang.Thread.run(Thread.java:748)
Caused by: org.apache.ratis.thirdparty.io.grpc.StatusRuntimeException: UNAVAILABLE: io exception
	at org.apache.ratis.thirdparty.io.grpc.stub.ClientCalls.toStatusRuntimeException(ClientCalls.java:233)
	at org.apache.ratis.thirdparty.io.grpc.stub.ClientCalls.getUnchecked(ClientCalls.java:214)
	at org.apache.ratis.thirdparty.io.grpc.stub.ClientCalls.blockingUnaryCall(ClientCalls.java:139)
	at org.apache.ratis.proto.grpc.RaftServerProtocolServiceGrpc$RaftServerProtocolServiceBlockingStub.requestVote(RaftServerProtocolServiceGrpc.java:265)
	at org.apache.ratis.grpc.server.GrpcServerProtocolClient.requestVote(GrpcServerProtocolClient.java:99)
	at org.apache.ratis.grpc.server.GrpcService.requestVote(GrpcService.java:204)
	at org.apache.ratis.server.impl.LeaderElection.lambda$submitRequests$1(LeaderElection.java:234)
	at java.util.concurrent.FutureTask.run(FutureTask.java:266)
	at java.util.concurrent.Executors$RunnableAdapter.call(Executors.java:511)
	at java.util.concurrent.FutureTask.run(FutureTask.java:266)
	at java.util.concurrent.ThreadPoolExecutor.runWorker(ThreadPoolExecutor.java:1149)
	at java.util.concurrent.ThreadPoolExecutor$Worker.run(ThreadPoolExecutor.java:624)
	... 1 more
Caused by: org.apache.ratis.thirdparty.io.netty.channel.AbstractChannel$AnnotatedConnectException: Connection refused: /192.168.157.194:42126
	at sun.nio.ch.SocketChannelImpl.checkConnect(Native Method)
	at sun.nio.ch.SocketChannelImpl.finishConnect(SocketChannelImpl.java:717)
	at org.apache.ratis.thirdparty.io.netty.channel.socket.nio.NioSocketChannel.doFinishConnect(NioSocketChannel.java:327)
	at org.apache.ratis.thirdparty.io.netty.channel.nio.AbstractNioChannel$AbstractNioUnsafe.finishConnect(AbstractNioChannel.java:340)
	at org.apache.ratis.thirdparty.io.netty.channel.nio.NioEventLoop.processSelectedKey(NioEventLoop.java:632)
	at org.apache.ratis.thirdparty.io.netty.channel.nio.NioEventLoop.processSelectedKeysOptimized(NioEventLoop.java:579)
	at org.apache.ratis.thirdparty.io.netty.channel.nio.NioEventLoop.processSelectedKeys(NioEventLoop.java:496)
	at org.apache.ratis.thirdparty.io.netty.channel.nio.NioEventLoop.run(NioEventLoop.java:458)
	at org.apache.ratis.thirdparty.io.netty.util.concurrent.SingleThreadEventExecutor$5.run(SingleThreadEventExecutor.java:897)
	at org.apache.ratis.thirdparty.io.netty.util.concurrent.FastThreadLocalRunnable.run(FastThreadLocalRunnable.java:30)
	... 1 more
Caused by: java.net.ConnectException: Connection refused
	... 11 more
2019-11-04 16:03:07,964 [e3fb79a3-1f86-42af-a80c-c46d1acdbc29@group-7855C2F36E53-LeaderElection489] INFO  impl.LeaderElection (LeaderElection.java:logAndReturn(56)) - e3fb79a3-1f86-42af-a80c-c46d1acdbc29@group-7855C2F36E53-LeaderElection489: Election REJECTED; received 0 response(s) [] and 2 exception(s); e3fb79a3-1f86-42af-a80c-c46d1acdbc29@group-7855C2F36E53:t543, leader=null, voted=e3fb79a3-1f86-42af-a80c-c46d1acdbc29, raftlog=e3fb79a3-1f86-42af-a80c-c46d1acdbc29@group-7855C2F36E53-SegmentedRaftLog:OPENED:c-1,f-1,i0, conf=-1: [e3fb79a3-1f86-42af-a80c-c46d1acdbc29:192.168.157.194:44142, 81ff859e-e76f-43f5-951a-4a38422068cb:192.168.157.194:46532, a9143d84-6d7f-497d-b770-eb75585db3c7:192.168.157.194:42126], old=null
2019-11-04 16:03:07,965 [e3fb79a3-1f86-42af-a80c-c46d1acdbc29@group-7855C2F36E53-LeaderElection489] INFO  impl.LeaderElection (LogUtils.java:infoOrTrace(149)) -   Exception 0: {}
java.util.concurrent.ExecutionException: org.apache.ratis.thirdparty.io.grpc.StatusRuntimeException: UNAVAILABLE: io exception
	at java.util.concurrent.FutureTask.report(FutureTask.java:122)
	at java.util.concurrent.FutureTask.get(FutureTask.java:192)
	at org.apache.ratis.server.impl.LeaderElection.waitForResults(LeaderElection.java:259)
	at org.apache.ratis.server.impl.LeaderElection.askForVotes(LeaderElection.java:197)
	at org.apache.ratis.server.impl.LeaderElection.run(LeaderElection.java:133)
	at java.lang.Thread.run(Thread.java:748)
Caused by: org.apache.ratis.thirdparty.io.grpc.StatusRuntimeException: UNAVAILABLE: io exception
	at org.apache.ratis.thirdparty.io.grpc.stub.ClientCalls.toStatusRuntimeException(ClientCalls.java:233)
	at org.apache.ratis.thirdparty.io.grpc.stub.ClientCalls.getUnchecked(ClientCalls.java:214)
	at org.apache.ratis.thirdparty.io.grpc.stub.ClientCalls.blockingUnaryCall(ClientCalls.java:139)
	at org.apache.ratis.proto.grpc.RaftServerProtocolServiceGrpc$RaftServerProtocolServiceBlockingStub.requestVote(RaftServerProtocolServiceGrpc.java:265)
	at org.apache.ratis.grpc.server.GrpcServerProtocolClient.requestVote(GrpcServerProtocolClient.java:99)
	at org.apache.ratis.grpc.server.GrpcService.requestVote(GrpcService.java:204)
	at org.apache.ratis.server.impl.LeaderElection.lambda$submitRequests$1(LeaderElection.java:234)
	at java.util.concurrent.FutureTask.run(FutureTask.java:266)
	at java.util.concurrent.Executors$RunnableAdapter.call(Executors.java:511)
	at java.util.concurrent.FutureTask.run(FutureTask.java:266)
	at java.util.concurrent.ThreadPoolExecutor.runWorker(ThreadPoolExecutor.java:1149)
	at java.util.concurrent.ThreadPoolExecutor$Worker.run(ThreadPoolExecutor.java:624)
	... 1 more
Caused by: org.apache.ratis.thirdparty.io.netty.channel.AbstractChannel$AnnotatedConnectException: Connection refused: /192.168.157.194:46532
	at sun.nio.ch.SocketChannelImpl.checkConnect(Native Method)
	at sun.nio.ch.SocketChannelImpl.finishConnect(SocketChannelImpl.java:717)
	at org.apache.ratis.thirdparty.io.netty.channel.socket.nio.NioSocketChannel.doFinishConnect(NioSocketChannel.java:327)
	at org.apache.ratis.thirdparty.io.netty.channel.nio.AbstractNioChannel$AbstractNioUnsafe.finishConnect(AbstractNioChannel.java:340)
	at org.apache.ratis.thirdparty.io.netty.channel.nio.NioEventLoop.processSelectedKey(NioEventLoop.java:632)
	at org.apache.ratis.thirdparty.io.netty.channel.nio.NioEventLoop.processSelectedKeysOptimized(NioEventLoop.java:579)
	at org.apache.ratis.thirdparty.io.netty.channel.nio.NioEventLoop.processSelectedKeys(NioEventLoop.java:496)
	at org.apache.ratis.thirdparty.io.netty.channel.nio.NioEventLoop.run(NioEventLoop.java:458)
	at org.apache.ratis.thirdparty.io.netty.util.concurrent.SingleThreadEventExecutor$5.run(SingleThreadEventExecutor.java:897)
	at org.apache.ratis.thirdparty.io.netty.util.concurrent.FastThreadLocalRunnable.run(FastThreadLocalRunnable.java:30)
	... 1 more
Caused by: java.net.ConnectException: Connection refused
	... 11 more
2019-11-04 16:03:07,965 [e3fb79a3-1f86-42af-a80c-c46d1acdbc29@group-7855C2F36E53-LeaderElection489] INFO  impl.LeaderElection (LogUtils.java:infoOrTrace(149)) -   Exception 1: {}
java.util.concurrent.ExecutionException: org.apache.ratis.thirdparty.io.grpc.StatusRuntimeException: UNAVAILABLE: io exception
	at java.util.concurrent.FutureTask.report(FutureTask.java:122)
	at java.util.concurrent.FutureTask.get(FutureTask.java:192)
	at org.apache.ratis.server.impl.LeaderElection.waitForResults(LeaderElection.java:259)
	at org.apache.ratis.server.impl.LeaderElection.askForVotes(LeaderElection.java:197)
	at org.apache.ratis.server.impl.LeaderElection.run(LeaderElection.java:133)
	at java.lang.Thread.run(Thread.java:748)
Caused by: org.apache.ratis.thirdparty.io.grpc.StatusRuntimeException: UNAVAILABLE: io exception
	at org.apache.ratis.thirdparty.io.grpc.stub.ClientCalls.toStatusRuntimeException(ClientCalls.java:233)
	at org.apache.ratis.thirdparty.io.grpc.stub.ClientCalls.getUnchecked(ClientCalls.java:214)
	at org.apache.ratis.thirdparty.io.grpc.stub.ClientCalls.blockingUnaryCall(ClientCalls.java:139)
	at org.apache.ratis.proto.grpc.RaftServerProtocolServiceGrpc$RaftServerProtocolServiceBlockingStub.requestVote(RaftServerProtocolServiceGrpc.java:265)
	at org.apache.ratis.grpc.server.GrpcServerProtocolClient.requestVote(GrpcServerProtocolClient.java:99)
	at org.apache.ratis.grpc.server.GrpcService.requestVote(GrpcService.java:204)
	at org.apache.ratis.server.impl.LeaderElection.lambda$submitRequests$1(LeaderElection.java:234)
	at java.util.concurrent.FutureTask.run(FutureTask.java:266)
	at java.util.concurrent.Executors$RunnableAdapter.call(Executors.java:511)
	at java.util.concurrent.FutureTask.run(FutureTask.java:266)
	at java.util.concurrent.ThreadPoolExecutor.runWorker(ThreadPoolExecutor.java:1149)
	at java.util.concurrent.ThreadPoolExecutor$Worker.run(ThreadPoolExecutor.java:624)
	... 1 more
Caused by: org.apache.ratis.thirdparty.io.netty.channel.AbstractChannel$AnnotatedConnectException: Connection refused: /192.168.157.194:42126
	at sun.nio.ch.SocketChannelImpl.checkConnect(Native Method)
	at sun.nio.ch.SocketChannelImpl.finishConnect(SocketChannelImpl.java:717)
	at org.apache.ratis.thirdparty.io.netty.channel.socket.nio.NioSocketChannel.doFinishConnect(NioSocketChannel.java:327)
	at org.apache.ratis.thirdparty.io.netty.channel.nio.AbstractNioChannel$AbstractNioUnsafe.finishConnect(AbstractNioChannel.java:340)
	at org.apache.ratis.thirdparty.io.netty.channel.nio.NioEventLoop.processSelectedKey(NioEventLoop.java:632)
	at org.apache.ratis.thirdparty.io.netty.channel.nio.NioEventLoop.processSelectedKeysOptimized(NioEventLoop.java:579)
	at org.apache.ratis.thirdparty.io.netty.channel.nio.NioEventLoop.processSelectedKeys(NioEventLoop.java:496)
	at org.apache.ratis.thirdparty.io.netty.channel.nio.NioEventLoop.run(NioEventLoop.java:458)
	at org.apache.ratis.thirdparty.io.netty.util.concurrent.SingleThreadEventExecutor$5.run(SingleThreadEventExecutor.java:897)
	at org.apache.ratis.thirdparty.io.netty.util.concurrent.FastThreadLocalRunnable.run(FastThreadLocalRunnable.java:30)
	... 1 more
Caused by: java.net.ConnectException: Connection refused
	... 11 more
2019-11-04 16:03:07,965 [e3fb79a3-1f86-42af-a80c-c46d1acdbc29@group-7855C2F36E53-LeaderElection489] INFO  impl.RaftServerImpl (RaftServerImpl.java:setRole(184)) - e3fb79a3-1f86-42af-a80c-c46d1acdbc29@group-7855C2F36E53: changes role from CANDIDATE to FOLLOWER at term 543 for DISCOVERED_A_NEW_TERM
2019-11-04 16:03:07,965 [e3fb79a3-1f86-42af-a80c-c46d1acdbc29@group-7855C2F36E53-LeaderElection489] INFO  impl.RoleInfo (RoleInfo.java:shutdownLeaderElection(134)) - e3fb79a3-1f86-42af-a80c-c46d1acdbc29: shutdown LeaderElection
2019-11-04 16:03:07,966 [e3fb79a3-1f86-42af-a80c-c46d1acdbc29@group-7855C2F36E53-LeaderElection489] INFO  impl.RoleInfo (RoleInfo.java:updateAndGet(143)) - e3fb79a3-1f86-42af-a80c-c46d1acdbc29: start FollowerState
2019-11-04 16:03:08,101 [Thread-3473] INFO  impl.FollowerState (FollowerState.java:run(108)) - e3fb79a3-1f86-42af-a80c-c46d1acdbc29@group-7855C2F36E53-FollowerState: change to CANDIDATE, lastRpcTime:135ms, electionTimeout:135ms
2019-11-04 16:03:08,101 [Thread-3473] INFO  impl.RoleInfo (RoleInfo.java:shutdownFollowerState(121)) - e3fb79a3-1f86-42af-a80c-c46d1acdbc29: shutdown FollowerState
2019-11-04 16:03:08,101 [Thread-3473] INFO  impl.RaftServerImpl (RaftServerImpl.java:setRole(184)) - e3fb79a3-1f86-42af-a80c-c46d1acdbc29@group-7855C2F36E53: changes role from  FOLLOWER to CANDIDATE at term 543 for changeToCandidate
2019-11-04 16:03:08,102 [Thread-3473] INFO  impl.RoleInfo (RoleInfo.java:updateAndGet(143)) - e3fb79a3-1f86-42af-a80c-c46d1acdbc29: start LeaderElection
2019-11-04 16:03:08,115 [e3fb79a3-1f86-42af-a80c-c46d1acdbc29@group-7855C2F36E53-LeaderElection490] INFO  impl.LeaderElection (LeaderElection.java:askForVotes(178)) - e3fb79a3-1f86-42af-a80c-c46d1acdbc29@group-7855C2F36E53-LeaderElection490: begin an election at term 544 for -1: [e3fb79a3-1f86-42af-a80c-c46d1acdbc29:192.168.157.194:44142, 81ff859e-e76f-43f5-951a-4a38422068cb:192.168.157.194:46532, a9143d84-6d7f-497d-b770-eb75585db3c7:192.168.157.194:42126], old=null
2019-11-04 16:03:08,116 [e3fb79a3-1f86-42af-a80c-c46d1acdbc29@group-7855C2F36E53-LeaderElection490] INFO  impl.LeaderElection (LogUtils.java:infoOrTrace(149)) - e3fb79a3-1f86-42af-a80c-c46d1acdbc29@group-7855C2F36E53-LeaderElection490 got exception when requesting votes: {}
java.util.concurrent.ExecutionException: org.apache.ratis.thirdparty.io.grpc.StatusRuntimeException: UNAVAILABLE: io exception
	at java.util.concurrent.FutureTask.report(FutureTask.java:122)
	at java.util.concurrent.FutureTask.get(FutureTask.java:192)
	at org.apache.ratis.server.impl.LeaderElection.waitForResults(LeaderElection.java:259)
	at org.apache.ratis.server.impl.LeaderElection.askForVotes(LeaderElection.java:197)
	at org.apache.ratis.server.impl.LeaderElection.run(LeaderElection.java:133)
	at java.lang.Thread.run(Thread.java:748)
Caused by: org.apache.ratis.thirdparty.io.grpc.StatusRuntimeException: UNAVAILABLE: io exception
	at org.apache.ratis.thirdparty.io.grpc.stub.ClientCalls.toStatusRuntimeException(ClientCalls.java:233)
	at org.apache.ratis.thirdparty.io.grpc.stub.ClientCalls.getUnchecked(ClientCalls.java:214)
	at org.apache.ratis.thirdparty.io.grpc.stub.ClientCalls.blockingUnaryCall(ClientCalls.java:139)
	at org.apache.ratis.proto.grpc.RaftServerProtocolServiceGrpc$RaftServerProtocolServiceBlockingStub.requestVote(RaftServerProtocolServiceGrpc.java:265)
	at org.apache.ratis.grpc.server.GrpcServerProtocolClient.requestVote(GrpcServerProtocolClient.java:99)
	at org.apache.ratis.grpc.server.GrpcService.requestVote(GrpcService.java:204)
	at org.apache.ratis.server.impl.LeaderElection.lambda$submitRequests$1(LeaderElection.java:234)
	at java.util.concurrent.FutureTask.run(FutureTask.java:266)
	at java.util.concurrent.Executors$RunnableAdapter.call(Executors.java:511)
	at java.util.concurrent.FutureTask.run(FutureTask.java:266)
	at java.util.concurrent.ThreadPoolExecutor.runWorker(ThreadPoolExecutor.java:1149)
	at java.util.concurrent.ThreadPoolExecutor$Worker.run(ThreadPoolExecutor.java:624)
	... 1 more
Caused by: org.apache.ratis.thirdparty.io.netty.channel.AbstractChannel$AnnotatedConnectException: Connection refused: /192.168.157.194:42126
	at sun.nio.ch.SocketChannelImpl.checkConnect(Native Method)
	at sun.nio.ch.SocketChannelImpl.finishConnect(SocketChannelImpl.java:717)
	at org.apache.ratis.thirdparty.io.netty.channel.socket.nio.NioSocketChannel.doFinishConnect(NioSocketChannel.java:327)
	at org.apache.ratis.thirdparty.io.netty.channel.nio.AbstractNioChannel$AbstractNioUnsafe.finishConnect(AbstractNioChannel.java:340)
	at org.apache.ratis.thirdparty.io.netty.channel.nio.NioEventLoop.processSelectedKey(NioEventLoop.java:632)
	at org.apache.ratis.thirdparty.io.netty.channel.nio.NioEventLoop.processSelectedKeysOptimized(NioEventLoop.java:579)
	at org.apache.ratis.thirdparty.io.netty.channel.nio.NioEventLoop.processSelectedKeys(NioEventLoop.java:496)
	at org.apache.ratis.thirdparty.io.netty.channel.nio.NioEventLoop.run(NioEventLoop.java:458)
	at org.apache.ratis.thirdparty.io.netty.util.concurrent.SingleThreadEventExecutor$5.run(SingleThreadEventExecutor.java:897)
	at org.apache.ratis.thirdparty.io.netty.util.concurrent.FastThreadLocalRunnable.run(FastThreadLocalRunnable.java:30)
	... 1 more
Caused by: java.net.ConnectException: Connection refused
	... 11 more
2019-11-04 16:03:08,117 [e3fb79a3-1f86-42af-a80c-c46d1acdbc29@group-7855C2F36E53-LeaderElection490] INFO  impl.LeaderElection (LogUtils.java:infoOrTrace(149)) - e3fb79a3-1f86-42af-a80c-c46d1acdbc29@group-7855C2F36E53-LeaderElection490 got exception when requesting votes: {}
java.util.concurrent.ExecutionException: org.apache.ratis.thirdparty.io.grpc.StatusRuntimeException: UNAVAILABLE: io exception
	at java.util.concurrent.FutureTask.report(FutureTask.java:122)
	at java.util.concurrent.FutureTask.get(FutureTask.java:192)
	at org.apache.ratis.server.impl.LeaderElection.waitForResults(LeaderElection.java:259)
	at org.apache.ratis.server.impl.LeaderElection.askForVotes(LeaderElection.java:197)
	at org.apache.ratis.server.impl.LeaderElection.run(LeaderElection.java:133)
	at java.lang.Thread.run(Thread.java:748)
Caused by: org.apache.ratis.thirdparty.io.grpc.StatusRuntimeException: UNAVAILABLE: io exception
	at org.apache.ratis.thirdparty.io.grpc.stub.ClientCalls.toStatusRuntimeException(ClientCalls.java:233)
	at org.apache.ratis.thirdparty.io.grpc.stub.ClientCalls.getUnchecked(ClientCalls.java:214)
	at org.apache.ratis.thirdparty.io.grpc.stub.ClientCalls.blockingUnaryCall(ClientCalls.java:139)
	at org.apache.ratis.proto.grpc.RaftServerProtocolServiceGrpc$RaftServerProtocolServiceBlockingStub.requestVote(RaftServerProtocolServiceGrpc.java:265)
	at org.apache.ratis.grpc.server.GrpcServerProtocolClient.requestVote(GrpcServerProtocolClient.java:99)
	at org.apache.ratis.grpc.server.GrpcService.requestVote(GrpcService.java:204)
	at org.apache.ratis.server.impl.LeaderElection.lambda$submitRequests$1(LeaderElection.java:234)
	at java.util.concurrent.FutureTask.run(FutureTask.java:266)
	at java.util.concurrent.Executors$RunnableAdapter.call(Executors.java:511)
	at java.util.concurrent.FutureTask.run(FutureTask.java:266)
	at java.util.concurrent.ThreadPoolExecutor.runWorker(ThreadPoolExecutor.java:1149)
	at java.util.concurrent.ThreadPoolExecutor$Worker.run(ThreadPoolExecutor.java:624)
	... 1 more
Caused by: org.apache.ratis.thirdparty.io.netty.channel.AbstractChannel$AnnotatedConnectException: Connection refused: /192.168.157.194:46532
	at sun.nio.ch.SocketChannelImpl.checkConnect(Native Method)
	at sun.nio.ch.SocketChannelImpl.finishConnect(SocketChannelImpl.java:717)
	at org.apache.ratis.thirdparty.io.netty.channel.socket.nio.NioSocketChannel.doFinishConnect(NioSocketChannel.java:327)
	at org.apache.ratis.thirdparty.io.netty.channel.nio.AbstractNioChannel$AbstractNioUnsafe.finishConnect(AbstractNioChannel.java:340)
	at org.apache.ratis.thirdparty.io.netty.channel.nio.NioEventLoop.processSelectedKey(NioEventLoop.java:632)
	at org.apache.ratis.thirdparty.io.netty.channel.nio.NioEventLoop.processSelectedKeysOptimized(NioEventLoop.java:579)
	at org.apache.ratis.thirdparty.io.netty.channel.nio.NioEventLoop.processSelectedKeys(NioEventLoop.java:496)
	at org.apache.ratis.thirdparty.io.netty.channel.nio.NioEventLoop.run(NioEventLoop.java:458)
	at org.apache.ratis.thirdparty.io.netty.util.concurrent.SingleThreadEventExecutor$5.run(SingleThreadEventExecutor.java:897)
	at org.apache.ratis.thirdparty.io.netty.util.concurrent.FastThreadLocalRunnable.run(FastThreadLocalRunnable.java:30)
	... 1 more
Caused by: java.net.ConnectException: Connection refused
	... 11 more
2019-11-04 16:03:08,117 [e3fb79a3-1f86-42af-a80c-c46d1acdbc29@group-7855C2F36E53-LeaderElection490] INFO  impl.LeaderElection (LeaderElection.java:logAndReturn(56)) - e3fb79a3-1f86-42af-a80c-c46d1acdbc29@group-7855C2F36E53-LeaderElection490: Election REJECTED; received 0 response(s) [] and 2 exception(s); e3fb79a3-1f86-42af-a80c-c46d1acdbc29@group-7855C2F36E53:t544, leader=null, voted=e3fb79a3-1f86-42af-a80c-c46d1acdbc29, raftlog=e3fb79a3-1f86-42af-a80c-c46d1acdbc29@group-7855C2F36E53-SegmentedRaftLog:OPENED:c-1,f-1,i0, conf=-1: [e3fb79a3-1f86-42af-a80c-c46d1acdbc29:192.168.157.194:44142, 81ff859e-e76f-43f5-951a-4a38422068cb:192.168.157.194:46532, a9143d84-6d7f-497d-b770-eb75585db3c7:192.168.157.194:42126], old=null
2019-11-04 16:03:08,117 [e3fb79a3-1f86-42af-a80c-c46d1acdbc29@group-7855C2F36E53-LeaderElection490] INFO  impl.LeaderElection (LogUtils.java:infoOrTrace(149)) -   Exception 0: {}
java.util.concurrent.ExecutionException: org.apache.ratis.thirdparty.io.grpc.StatusRuntimeException: UNAVAILABLE: io exception
	at java.util.concurrent.FutureTask.report(FutureTask.java:122)
	at java.util.concurrent.FutureTask.get(FutureTask.java:192)
	at org.apache.ratis.server.impl.LeaderElection.waitForResults(LeaderElection.java:259)
	at org.apache.ratis.server.impl.LeaderElection.askForVotes(LeaderElection.java:197)
	at org.apache.ratis.server.impl.LeaderElection.run(LeaderElection.java:133)
	at java.lang.Thread.run(Thread.java:748)
Caused by: org.apache.ratis.thirdparty.io.grpc.StatusRuntimeException: UNAVAILABLE: io exception
	at org.apache.ratis.thirdparty.io.grpc.stub.ClientCalls.toStatusRuntimeException(ClientCalls.java:233)
	at org.apache.ratis.thirdparty.io.grpc.stub.ClientCalls.getUnchecked(ClientCalls.java:214)
	at org.apache.ratis.thirdparty.io.grpc.stub.ClientCalls.blockingUnaryCall(ClientCalls.java:139)
	at org.apache.ratis.proto.grpc.RaftServerProtocolServiceGrpc$RaftServerProtocolServiceBlockingStub.requestVote(RaftServerProtocolServiceGrpc.java:265)
	at org.apache.ratis.grpc.server.GrpcServerProtocolClient.requestVote(GrpcServerProtocolClient.java:99)
	at org.apache.ratis.grpc.server.GrpcService.requestVote(GrpcService.java:204)
	at org.apache.ratis.server.impl.LeaderElection.lambda$submitRequests$1(LeaderElection.java:234)
	at java.util.concurrent.FutureTask.run(FutureTask.java:266)
	at java.util.concurrent.Executors$RunnableAdapter.call(Executors.java:511)
	at java.util.concurrent.FutureTask.run(FutureTask.java:266)
	at java.util.concurrent.ThreadPoolExecutor.runWorker(ThreadPoolExecutor.java:1149)
	at java.util.concurrent.ThreadPoolExecutor$Worker.run(ThreadPoolExecutor.java:624)
	... 1 more
Caused by: org.apache.ratis.thirdparty.io.netty.channel.AbstractChannel$AnnotatedConnectException: Connection refused: /192.168.157.194:42126
	at sun.nio.ch.SocketChannelImpl.checkConnect(Native Method)
	at sun.nio.ch.SocketChannelImpl.finishConnect(SocketChannelImpl.java:717)
	at org.apache.ratis.thirdparty.io.netty.channel.socket.nio.NioSocketChannel.doFinishConnect(NioSocketChannel.java:327)
	at org.apache.ratis.thirdparty.io.netty.channel.nio.AbstractNioChannel$AbstractNioUnsafe.finishConnect(AbstractNioChannel.java:340)
	at org.apache.ratis.thirdparty.io.netty.channel.nio.NioEventLoop.processSelectedKey(NioEventLoop.java:632)
	at org.apache.ratis.thirdparty.io.netty.channel.nio.NioEventLoop.processSelectedKeysOptimized(NioEventLoop.java:579)
	at org.apache.ratis.thirdparty.io.netty.channel.nio.NioEventLoop.processSelectedKeys(NioEventLoop.java:496)
	at org.apache.ratis.thirdparty.io.netty.channel.nio.NioEventLoop.run(NioEventLoop.java:458)
	at org.apache.ratis.thirdparty.io.netty.util.concurrent.SingleThreadEventExecutor$5.run(SingleThreadEventExecutor.java:897)
	at org.apache.ratis.thirdparty.io.netty.util.concurrent.FastThreadLocalRunnable.run(FastThreadLocalRunnable.java:30)
	... 1 more
Caused by: java.net.ConnectException: Connection refused
	... 11 more
2019-11-04 16:03:08,118 [e3fb79a3-1f86-42af-a80c-c46d1acdbc29@group-7855C2F36E53-LeaderElection490] INFO  impl.LeaderElection (LogUtils.java:infoOrTrace(149)) -   Exception 1: {}
java.util.concurrent.ExecutionException: org.apache.ratis.thirdparty.io.grpc.StatusRuntimeException: UNAVAILABLE: io exception
	at java.util.concurrent.FutureTask.report(FutureTask.java:122)
	at java.util.concurrent.FutureTask.get(FutureTask.java:192)
	at org.apache.ratis.server.impl.LeaderElection.waitForResults(LeaderElection.java:259)
	at org.apache.ratis.server.impl.LeaderElection.askForVotes(LeaderElection.java:197)
	at org.apache.ratis.server.impl.LeaderElection.run(LeaderElection.java:133)
	at java.lang.Thread.run(Thread.java:748)
Caused by: org.apache.ratis.thirdparty.io.grpc.StatusRuntimeException: UNAVAILABLE: io exception
	at org.apache.ratis.thirdparty.io.grpc.stub.ClientCalls.toStatusRuntimeException(ClientCalls.java:233)
	at org.apache.ratis.thirdparty.io.grpc.stub.ClientCalls.getUnchecked(ClientCalls.java:214)
	at org.apache.ratis.thirdparty.io.grpc.stub.ClientCalls.blockingUnaryCall(ClientCalls.java:139)
	at org.apache.ratis.proto.grpc.RaftServerProtocolServiceGrpc$RaftServerProtocolServiceBlockingStub.requestVote(RaftServerProtocolServiceGrpc.java:265)
	at org.apache.ratis.grpc.server.GrpcServerProtocolClient.requestVote(GrpcServerProtocolClient.java:99)
	at org.apache.ratis.grpc.server.GrpcService.requestVote(GrpcService.java:204)
	at org.apache.ratis.server.impl.LeaderElection.lambda$submitRequests$1(LeaderElection.java:234)
	at java.util.concurrent.FutureTask.run(FutureTask.java:266)
	at java.util.concurrent.Executors$RunnableAdapter.call(Executors.java:511)
	at java.util.concurrent.FutureTask.run(FutureTask.java:266)
	at java.util.concurrent.ThreadPoolExecutor.runWorker(ThreadPoolExecutor.java:1149)
	at java.util.concurrent.ThreadPoolExecutor$Worker.run(ThreadPoolExecutor.java:624)
	... 1 more
Caused by: org.apache.ratis.thirdparty.io.netty.channel.AbstractChannel$AnnotatedConnectException: Connection refused: /192.168.157.194:46532
	at sun.nio.ch.SocketChannelImpl.checkConnect(Native Method)
	at sun.nio.ch.SocketChannelImpl.finishConnect(SocketChannelImpl.java:717)
	at org.apache.ratis.thirdparty.io.netty.channel.socket.nio.NioSocketChannel.doFinishConnect(NioSocketChannel.java:327)
	at org.apache.ratis.thirdparty.io.netty.channel.nio.AbstractNioChannel$AbstractNioUnsafe.finishConnect(AbstractNioChannel.java:340)
	at org.apache.ratis.thirdparty.io.netty.channel.nio.NioEventLoop.processSelectedKey(NioEventLoop.java:632)
	at org.apache.ratis.thirdparty.io.netty.channel.nio.NioEventLoop.processSelectedKeysOptimized(NioEventLoop.java:579)
	at org.apache.ratis.thirdparty.io.netty.channel.nio.NioEventLoop.processSelectedKeys(NioEventLoop.java:496)
	at org.apache.ratis.thirdparty.io.netty.channel.nio.NioEventLoop.run(NioEventLoop.java:458)
	at org.apache.ratis.thirdparty.io.netty.util.concurrent.SingleThreadEventExecutor$5.run(SingleThreadEventExecutor.java:897)
	at org.apache.ratis.thirdparty.io.netty.util.concurrent.FastThreadLocalRunnable.run(FastThreadLocalRunnable.java:30)
	... 1 more
Caused by: java.net.ConnectException: Connection refused
	... 11 more
2019-11-04 16:03:08,119 [e3fb79a3-1f86-42af-a80c-c46d1acdbc29@group-7855C2F36E53-LeaderElection490] INFO  impl.RaftServerImpl (RaftServerImpl.java:setRole(184)) - e3fb79a3-1f86-42af-a80c-c46d1acdbc29@group-7855C2F36E53: changes role from CANDIDATE to FOLLOWER at term 544 for DISCOVERED_A_NEW_TERM
2019-11-04 16:03:08,119 [e3fb79a3-1f86-42af-a80c-c46d1acdbc29@group-7855C2F36E53-LeaderElection490] INFO  impl.RoleInfo (RoleInfo.java:shutdownLeaderElection(134)) - e3fb79a3-1f86-42af-a80c-c46d1acdbc29: shutdown LeaderElection
2019-11-04 16:03:08,119 [e3fb79a3-1f86-42af-a80c-c46d1acdbc29@group-7855C2F36E53-LeaderElection490] INFO  impl.RoleInfo (RoleInfo.java:updateAndGet(143)) - e3fb79a3-1f86-42af-a80c-c46d1acdbc29: start FollowerState
2019-11-04 16:03:08,191 [Thread-3477] INFO  impl.FollowerState (FollowerState.java:run(108)) - e3fb79a3-1f86-42af-a80c-c46d1acdbc29@group-7855C2F36E53-FollowerState: change to CANDIDATE, lastRpcTime:72ms, electionTimeout:72ms
2019-11-04 16:03:08,191 [Thread-3477] INFO  impl.RoleInfo (RoleInfo.java:shutdownFollowerState(121)) - e3fb79a3-1f86-42af-a80c-c46d1acdbc29: shutdown FollowerState
2019-11-04 16:03:08,192 [Thread-3477] INFO  impl.RaftServerImpl (RaftServerImpl.java:setRole(184)) - e3fb79a3-1f86-42af-a80c-c46d1acdbc29@group-7855C2F36E53: changes role from  FOLLOWER to CANDIDATE at term 544 for changeToCandidate
2019-11-04 16:03:08,192 [Thread-3477] INFO  impl.RoleInfo (RoleInfo.java:updateAndGet(143)) - e3fb79a3-1f86-42af-a80c-c46d1acdbc29: start LeaderElection
2019-11-04 16:03:08,204 [e3fb79a3-1f86-42af-a80c-c46d1acdbc29@group-7855C2F36E53-LeaderElection491] INFO  impl.LeaderElection (LeaderElection.java:askForVotes(178)) - e3fb79a3-1f86-42af-a80c-c46d1acdbc29@group-7855C2F36E53-LeaderElection491: begin an election at term 545 for -1: [e3fb79a3-1f86-42af-a80c-c46d1acdbc29:192.168.157.194:44142, 81ff859e-e76f-43f5-951a-4a38422068cb:192.168.157.194:46532, a9143d84-6d7f-497d-b770-eb75585db3c7:192.168.157.194:42126], old=null
2019-11-04 16:03:08,205 [e3fb79a3-1f86-42af-a80c-c46d1acdbc29@group-7855C2F36E53-LeaderElection491] INFO  impl.LeaderElection (LogUtils.java:infoOrTrace(149)) - e3fb79a3-1f86-42af-a80c-c46d1acdbc29@group-7855C2F36E53-LeaderElection491 got exception when requesting votes: {}
java.util.concurrent.ExecutionException: org.apache.ratis.thirdparty.io.grpc.StatusRuntimeException: UNAVAILABLE: io exception
	at java.util.concurrent.FutureTask.report(FutureTask.java:122)
	at java.util.concurrent.FutureTask.get(FutureTask.java:192)
	at org.apache.ratis.server.impl.LeaderElection.waitForResults(LeaderElection.java:259)
	at org.apache.ratis.server.impl.LeaderElection.askForVotes(LeaderElection.java:197)
	at org.apache.ratis.server.impl.LeaderElection.run(LeaderElection.java:133)
	at java.lang.Thread.run(Thread.java:748)
Caused by: org.apache.ratis.thirdparty.io.grpc.StatusRuntimeException: UNAVAILABLE: io exception
	at org.apache.ratis.thirdparty.io.grpc.stub.ClientCalls.toStatusRuntimeException(ClientCalls.java:233)
	at org.apache.ratis.thirdparty.io.grpc.stub.ClientCalls.getUnchecked(ClientCalls.java:214)
	at org.apache.ratis.thirdparty.io.grpc.stub.ClientCalls.blockingUnaryCall(ClientCalls.java:139)
	at org.apache.ratis.proto.grpc.RaftServerProtocolServiceGrpc$RaftServerProtocolServiceBlockingStub.requestVote(RaftServerProtocolServiceGrpc.java:265)
	at org.apache.ratis.grpc.server.GrpcServerProtocolClient.requestVote(GrpcServerProtocolClient.java:99)
	at org.apache.ratis.grpc.server.GrpcService.requestVote(GrpcService.java:204)
	at org.apache.ratis.server.impl.LeaderElection.lambda$submitRequests$1(LeaderElection.java:234)
	at java.util.concurrent.FutureTask.run(FutureTask.java:266)
	at java.util.concurrent.Executors$RunnableAdapter.call(Executors.java:511)
	at java.util.concurrent.FutureTask.run(FutureTask.java:266)
	at java.util.concurrent.ThreadPoolExecutor.runWorker(ThreadPoolExecutor.java:1149)
	at java.util.concurrent.ThreadPoolExecutor$Worker.run(ThreadPoolExecutor.java:624)
	... 1 more
Caused by: org.apache.ratis.thirdparty.io.netty.channel.AbstractChannel$AnnotatedConnectException: Connection refused: /192.168.157.194:42126
	at sun.nio.ch.SocketChannelImpl.checkConnect(Native Method)
	at sun.nio.ch.SocketChannelImpl.finishConnect(SocketChannelImpl.java:717)
	at org.apache.ratis.thirdparty.io.netty.channel.socket.nio.NioSocketChannel.doFinishConnect(NioSocketChannel.java:327)
	at org.apache.ratis.thirdparty.io.netty.channel.nio.AbstractNioChannel$AbstractNioUnsafe.finishConnect(AbstractNioChannel.java:340)
	at org.apache.ratis.thirdparty.io.netty.channel.nio.NioEventLoop.processSelectedKey(NioEventLoop.java:632)
	at org.apache.ratis.thirdparty.io.netty.channel.nio.NioEventLoop.processSelectedKeysOptimized(NioEventLoop.java:579)
	at org.apache.ratis.thirdparty.io.netty.channel.nio.NioEventLoop.processSelectedKeys(NioEventLoop.java:496)
	at org.apache.ratis.thirdparty.io.netty.channel.nio.NioEventLoop.run(NioEventLoop.java:458)
	at org.apache.ratis.thirdparty.io.netty.util.concurrent.SingleThreadEventExecutor$5.run(SingleThreadEventExecutor.java:897)
	at org.apache.ratis.thirdparty.io.netty.util.concurrent.FastThreadLocalRunnable.run(FastThreadLocalRunnable.java:30)
	... 1 more
Caused by: java.net.ConnectException: Connection refused
	... 11 more
2019-11-04 16:03:08,205 [e3fb79a3-1f86-42af-a80c-c46d1acdbc29@group-7855C2F36E53-LeaderElection491] INFO  impl.LeaderElection (LogUtils.java:infoOrTrace(149)) - e3fb79a3-1f86-42af-a80c-c46d1acdbc29@group-7855C2F36E53-LeaderElection491 got exception when requesting votes: {}
java.util.concurrent.ExecutionException: org.apache.ratis.thirdparty.io.grpc.StatusRuntimeException: UNAVAILABLE: io exception
	at java.util.concurrent.FutureTask.report(FutureTask.java:122)
	at java.util.concurrent.FutureTask.get(FutureTask.java:192)
	at org.apache.ratis.server.impl.LeaderElection.waitForResults(LeaderElection.java:259)
	at org.apache.ratis.server.impl.LeaderElection.askForVotes(LeaderElection.java:197)
	at org.apache.ratis.server.impl.LeaderElection.run(LeaderElection.java:133)
	at java.lang.Thread.run(Thread.java:748)
Caused by: org.apache.ratis.thirdparty.io.grpc.StatusRuntimeException: UNAVAILABLE: io exception
	at org.apache.ratis.thirdparty.io.grpc.stub.ClientCalls.toStatusRuntimeException(ClientCalls.java:233)
	at org.apache.ratis.thirdparty.io.grpc.stub.ClientCalls.getUnchecked(ClientCalls.java:214)
	at org.apache.ratis.thirdparty.io.grpc.stub.ClientCalls.blockingUnaryCall(ClientCalls.java:139)
	at org.apache.ratis.proto.grpc.RaftServerProtocolServiceGrpc$RaftServerProtocolServiceBlockingStub.requestVote(RaftServerProtocolServiceGrpc.java:265)
	at org.apache.ratis.grpc.server.GrpcServerProtocolClient.requestVote(GrpcServerProtocolClient.java:99)
	at org.apache.ratis.grpc.server.GrpcService.requestVote(GrpcService.java:204)
	at org.apache.ratis.server.impl.LeaderElection.lambda$submitRequests$1(LeaderElection.java:234)
	at java.util.concurrent.FutureTask.run(FutureTask.java:266)
	at java.util.concurrent.Executors$RunnableAdapter.call(Executors.java:511)
	at java.util.concurrent.FutureTask.run(FutureTask.java:266)
	at java.util.concurrent.ThreadPoolExecutor.runWorker(ThreadPoolExecutor.java:1149)
	at java.util.concurrent.ThreadPoolExecutor$Worker.run(ThreadPoolExecutor.java:624)
	... 1 more
Caused by: org.apache.ratis.thirdparty.io.netty.channel.AbstractChannel$AnnotatedConnectException: Connection refused: /192.168.157.194:46532
	at sun.nio.ch.SocketChannelImpl.checkConnect(Native Method)
	at sun.nio.ch.SocketChannelImpl.finishConnect(SocketChannelImpl.java:717)
	at org.apache.ratis.thirdparty.io.netty.channel.socket.nio.NioSocketChannel.doFinishConnect(NioSocketChannel.java:327)
	at org.apache.ratis.thirdparty.io.netty.channel.nio.AbstractNioChannel$AbstractNioUnsafe.finishConnect(AbstractNioChannel.java:340)
	at org.apache.ratis.thirdparty.io.netty.channel.nio.NioEventLoop.processSelectedKey(NioEventLoop.java:632)
	at org.apache.ratis.thirdparty.io.netty.channel.nio.NioEventLoop.processSelectedKeysOptimized(NioEventLoop.java:579)
	at org.apache.ratis.thirdparty.io.netty.channel.nio.NioEventLoop.processSelectedKeys(NioEventLoop.java:496)
	at org.apache.ratis.thirdparty.io.netty.channel.nio.NioEventLoop.run(NioEventLoop.java:458)
	at org.apache.ratis.thirdparty.io.netty.util.concurrent.SingleThreadEventExecutor$5.run(SingleThreadEventExecutor.java:897)
	at org.apache.ratis.thirdparty.io.netty.util.concurrent.FastThreadLocalRunnable.run(FastThreadLocalRunnable.java:30)
	... 1 more
Caused by: java.net.ConnectException: Connection refused
	... 11 more
2019-11-04 16:03:08,206 [e3fb79a3-1f86-42af-a80c-c46d1acdbc29@group-7855C2F36E53-LeaderElection491] INFO  impl.LeaderElection (LeaderElection.java:logAndReturn(56)) - e3fb79a3-1f86-42af-a80c-c46d1acdbc29@group-7855C2F36E53-LeaderElection491: Election REJECTED; received 0 response(s) [] and 2 exception(s); e3fb79a3-1f86-42af-a80c-c46d1acdbc29@group-7855C2F36E53:t545, leader=null, voted=e3fb79a3-1f86-42af-a80c-c46d1acdbc29, raftlog=e3fb79a3-1f86-42af-a80c-c46d1acdbc29@group-7855C2F36E53-SegmentedRaftLog:OPENED:c-1,f-1,i0, conf=-1: [e3fb79a3-1f86-42af-a80c-c46d1acdbc29:192.168.157.194:44142, 81ff859e-e76f-43f5-951a-4a38422068cb:192.168.157.194:46532, a9143d84-6d7f-497d-b770-eb75585db3c7:192.168.157.194:42126], old=null
2019-11-04 16:03:08,206 [e3fb79a3-1f86-42af-a80c-c46d1acdbc29@group-7855C2F36E53-LeaderElection491] INFO  impl.LeaderElection (LogUtils.java:infoOrTrace(149)) -   Exception 0: {}
java.util.concurrent.ExecutionException: org.apache.ratis.thirdparty.io.grpc.StatusRuntimeException: UNAVAILABLE: io exception
	at java.util.concurrent.FutureTask.report(FutureTask.java:122)
	at java.util.concurrent.FutureTask.get(FutureTask.java:192)
	at org.apache.ratis.server.impl.LeaderElection.waitForResults(LeaderElection.java:259)
	at org.apache.ratis.server.impl.LeaderElection.askForVotes(LeaderElection.java:197)
	at org.apache.ratis.server.impl.LeaderElection.run(LeaderElection.java:133)
	at java.lang.Thread.run(Thread.java:748)
Caused by: org.apache.ratis.thirdparty.io.grpc.StatusRuntimeException: UNAVAILABLE: io exception
	at org.apache.ratis.thirdparty.io.grpc.stub.ClientCalls.toStatusRuntimeException(ClientCalls.java:233)
	at org.apache.ratis.thirdparty.io.grpc.stub.ClientCalls.getUnchecked(ClientCalls.java:214)
	at org.apache.ratis.thirdparty.io.grpc.stub.ClientCalls.blockingUnaryCall(ClientCalls.java:139)
	at org.apache.ratis.proto.grpc.RaftServerProtocolServiceGrpc$RaftServerProtocolServiceBlockingStub.requestVote(RaftServerProtocolServiceGrpc.java:265)
	at org.apache.ratis.grpc.server.GrpcServerProtocolClient.requestVote(GrpcServerProtocolClient.java:99)
	at org.apache.ratis.grpc.server.GrpcService.requestVote(GrpcService.java:204)
	at org.apache.ratis.server.impl.LeaderElection.lambda$submitRequests$1(LeaderElection.java:234)
	at java.util.concurrent.FutureTask.run(FutureTask.java:266)
	at java.util.concurrent.Executors$RunnableAdapter.call(Executors.java:511)
	at java.util.concurrent.FutureTask.run(FutureTask.java:266)
	at java.util.concurrent.ThreadPoolExecutor.runWorker(ThreadPoolExecutor.java:1149)
	at java.util.concurrent.ThreadPoolExecutor$Worker.run(ThreadPoolExecutor.java:624)
	... 1 more
Caused by: org.apache.ratis.thirdparty.io.netty.channel.AbstractChannel$AnnotatedConnectException: Connection refused: /192.168.157.194:42126
	at sun.nio.ch.SocketChannelImpl.checkConnect(Native Method)
	at sun.nio.ch.SocketChannelImpl.finishConnect(SocketChannelImpl.java:717)
	at org.apache.ratis.thirdparty.io.netty.channel.socket.nio.NioSocketChannel.doFinishConnect(NioSocketChannel.java:327)
	at org.apache.ratis.thirdparty.io.netty.channel.nio.AbstractNioChannel$AbstractNioUnsafe.finishConnect(AbstractNioChannel.java:340)
	at org.apache.ratis.thirdparty.io.netty.channel.nio.NioEventLoop.processSelectedKey(NioEventLoop.java:632)
	at org.apache.ratis.thirdparty.io.netty.channel.nio.NioEventLoop.processSelectedKeysOptimized(NioEventLoop.java:579)
	at org.apache.ratis.thirdparty.io.netty.channel.nio.NioEventLoop.processSelectedKeys(NioEventLoop.java:496)
	at org.apache.ratis.thirdparty.io.netty.channel.nio.NioEventLoop.run(NioEventLoop.java:458)
	at org.apache.ratis.thirdparty.io.netty.util.concurrent.SingleThreadEventExecutor$5.run(SingleThreadEventExecutor.java:897)
	at org.apache.ratis.thirdparty.io.netty.util.concurrent.FastThreadLocalRunnable.run(FastThreadLocalRunnable.java:30)
	... 1 more
Caused by: java.net.ConnectException: Connection refused
	... 11 more
2019-11-04 16:03:08,206 [e3fb79a3-1f86-42af-a80c-c46d1acdbc29@group-7855C2F36E53-LeaderElection491] INFO  impl.LeaderElection (LogUtils.java:infoOrTrace(149)) -   Exception 1: {}
java.util.concurrent.ExecutionException: org.apache.ratis.thirdparty.io.grpc.StatusRuntimeException: UNAVAILABLE: io exception
	at java.util.concurrent.FutureTask.report(FutureTask.java:122)
	at java.util.concurrent.FutureTask.get(FutureTask.java:192)
	at org.apache.ratis.server.impl.LeaderElection.waitForResults(LeaderElection.java:259)
	at org.apache.ratis.server.impl.LeaderElection.askForVotes(LeaderElection.java:197)
	at org.apache.ratis.server.impl.LeaderElection.run(LeaderElection.java:133)
	at java.lang.Thread.run(Thread.java:748)
Caused by: org.apache.ratis.thirdparty.io.grpc.StatusRuntimeException: UNAVAILABLE: io exception
	at org.apache.ratis.thirdparty.io.grpc.stub.ClientCalls.toStatusRuntimeException(ClientCalls.java:233)
	at org.apache.ratis.thirdparty.io.grpc.stub.ClientCalls.getUnchecked(ClientCalls.java:214)
	at org.apache.ratis.thirdparty.io.grpc.stub.ClientCalls.blockingUnaryCall(ClientCalls.java:139)
	at org.apache.ratis.proto.grpc.RaftServerProtocolServiceGrpc$RaftServerProtocolServiceBlockingStub.requestVote(RaftServerProtocolServiceGrpc.java:265)
	at org.apache.ratis.grpc.server.GrpcServerProtocolClient.requestVote(GrpcServerProtocolClient.java:99)
	at org.apache.ratis.grpc.server.GrpcService.requestVote(GrpcService.java:204)
	at org.apache.ratis.server.impl.LeaderElection.lambda$submitRequests$1(LeaderElection.java:234)
	at java.util.concurrent.FutureTask.run(FutureTask.java:266)
	at java.util.concurrent.Executors$RunnableAdapter.call(Executors.java:511)
	at java.util.concurrent.FutureTask.run(FutureTask.java:266)
	at java.util.concurrent.ThreadPoolExecutor.runWorker(ThreadPoolExecutor.java:1149)
	at java.util.concurrent.ThreadPoolExecutor$Worker.run(ThreadPoolExecutor.java:624)
	... 1 more
Caused by: org.apache.ratis.thirdparty.io.netty.channel.AbstractChannel$AnnotatedConnectException: Connection refused: /192.168.157.194:46532
	at sun.nio.ch.SocketChannelImpl.checkConnect(Native Method)
	at sun.nio.ch.SocketChannelImpl.finishConnect(SocketChannelImpl.java:717)
	at org.apache.ratis.thirdparty.io.netty.channel.socket.nio.NioSocketChannel.doFinishConnect(NioSocketChannel.java:327)
	at org.apache.ratis.thirdparty.io.netty.channel.nio.AbstractNioChannel$AbstractNioUnsafe.finishConnect(AbstractNioChannel.java:340)
	at org.apache.ratis.thirdparty.io.netty.channel.nio.NioEventLoop.processSelectedKey(NioEventLoop.java:632)
	at org.apache.ratis.thirdparty.io.netty.channel.nio.NioEventLoop.processSelectedKeysOptimized(NioEventLoop.java:579)
	at org.apache.ratis.thirdparty.io.netty.channel.nio.NioEventLoop.processSelectedKeys(NioEventLoop.java:496)
	at org.apache.ratis.thirdparty.io.netty.channel.nio.NioEventLoop.run(NioEventLoop.java:458)
	at org.apache.ratis.thirdparty.io.netty.util.concurrent.SingleThreadEventExecutor$5.run(SingleThreadEventExecutor.java:897)
	at org.apache.ratis.thirdparty.io.netty.util.concurrent.FastThreadLocalRunnable.run(FastThreadLocalRunnable.java:30)
	... 1 more
Caused by: java.net.ConnectException: Connection refused
	... 11 more
2019-11-04 16:03:08,207 [e3fb79a3-1f86-42af-a80c-c46d1acdbc29@group-7855C2F36E53-LeaderElection491] INFO  impl.RaftServerImpl (RaftServerImpl.java:setRole(184)) - e3fb79a3-1f86-42af-a80c-c46d1acdbc29@group-7855C2F36E53: changes role from CANDIDATE to FOLLOWER at term 545 for DISCOVERED_A_NEW_TERM
2019-11-04 16:03:08,207 [e3fb79a3-1f86-42af-a80c-c46d1acdbc29@group-7855C2F36E53-LeaderElection491] INFO  impl.RoleInfo (RoleInfo.java:shutdownLeaderElection(134)) - e3fb79a3-1f86-42af-a80c-c46d1acdbc29: shutdown LeaderElection
2019-11-04 16:03:08,207 [e3fb79a3-1f86-42af-a80c-c46d1acdbc29@group-7855C2F36E53-LeaderElection491] INFO  impl.RoleInfo (RoleInfo.java:updateAndGet(143)) - e3fb79a3-1f86-42af-a80c-c46d1acdbc29: start FollowerState
2019-11-04 16:03:08,355 [Thread-3481] INFO  impl.FollowerState (FollowerState.java:run(108)) - e3fb79a3-1f86-42af-a80c-c46d1acdbc29@group-7855C2F36E53-FollowerState: change to CANDIDATE, lastRpcTime:148ms, electionTimeout:148ms
2019-11-04 16:03:08,356 [Thread-3481] INFO  impl.RoleInfo (RoleInfo.java:shutdownFollowerState(121)) - e3fb79a3-1f86-42af-a80c-c46d1acdbc29: shutdown FollowerState
2019-11-04 16:03:08,356 [Thread-3481] INFO  impl.RaftServerImpl (RaftServerImpl.java:setRole(184)) - e3fb79a3-1f86-42af-a80c-c46d1acdbc29@group-7855C2F36E53: changes role from  FOLLOWER to CANDIDATE at term 545 for changeToCandidate
2019-11-04 16:03:08,356 [Thread-3481] INFO  impl.RoleInfo (RoleInfo.java:updateAndGet(143)) - e3fb79a3-1f86-42af-a80c-c46d1acdbc29: start LeaderElection
2019-11-04 16:03:08,369 [e3fb79a3-1f86-42af-a80c-c46d1acdbc29@group-7855C2F36E53-LeaderElection492] INFO  impl.LeaderElection (LeaderElection.java:askForVotes(178)) - e3fb79a3-1f86-42af-a80c-c46d1acdbc29@group-7855C2F36E53-LeaderElection492: begin an election at term 546 for -1: [e3fb79a3-1f86-42af-a80c-c46d1acdbc29:192.168.157.194:44142, 81ff859e-e76f-43f5-951a-4a38422068cb:192.168.157.194:46532, a9143d84-6d7f-497d-b770-eb75585db3c7:192.168.157.194:42126], old=null
2019-11-04 16:03:08,370 [e3fb79a3-1f86-42af-a80c-c46d1acdbc29@group-7855C2F36E53-LeaderElection492] INFO  impl.LeaderElection (LogUtils.java:infoOrTrace(149)) - e3fb79a3-1f86-42af-a80c-c46d1acdbc29@group-7855C2F36E53-LeaderElection492 got exception when requesting votes: {}
java.util.concurrent.ExecutionException: org.apache.ratis.thirdparty.io.grpc.StatusRuntimeException: UNAVAILABLE: io exception
	at java.util.concurrent.FutureTask.report(FutureTask.java:122)
	at java.util.concurrent.FutureTask.get(FutureTask.java:192)
	at org.apache.ratis.server.impl.LeaderElection.waitForResults(LeaderElection.java:259)
	at org.apache.ratis.server.impl.LeaderElection.askForVotes(LeaderElection.java:197)
	at org.apache.ratis.server.impl.LeaderElection.run(LeaderElection.java:133)
	at java.lang.Thread.run(Thread.java:748)
Caused by: org.apache.ratis.thirdparty.io.grpc.StatusRuntimeException: UNAVAILABLE: io exception
	at org.apache.ratis.thirdparty.io.grpc.stub.ClientCalls.toStatusRuntimeException(ClientCalls.java:233)
	at org.apache.ratis.thirdparty.io.grpc.stub.ClientCalls.getUnchecked(ClientCalls.java:214)
	at org.apache.ratis.thirdparty.io.grpc.stub.ClientCalls.blockingUnaryCall(ClientCalls.java:139)
	at org.apache.ratis.proto.grpc.RaftServerProtocolServiceGrpc$RaftServerProtocolServiceBlockingStub.requestVote(RaftServerProtocolServiceGrpc.java:265)
	at org.apache.ratis.grpc.server.GrpcServerProtocolClient.requestVote(GrpcServerProtocolClient.java:99)
	at org.apache.ratis.grpc.server.GrpcService.requestVote(GrpcService.java:204)
	at org.apache.ratis.server.impl.LeaderElection.lambda$submitRequests$1(LeaderElection.java:234)
	at java.util.concurrent.FutureTask.run(FutureTask.java:266)
	at java.util.concurrent.Executors$RunnableAdapter.call(Executors.java:511)
	at java.util.concurrent.FutureTask.run(FutureTask.java:266)
	at java.util.concurrent.ThreadPoolExecutor.runWorker(ThreadPoolExecutor.java:1149)
	at java.util.concurrent.ThreadPoolExecutor$Worker.run(ThreadPoolExecutor.java:624)
	... 1 more
Caused by: org.apache.ratis.thirdparty.io.netty.channel.AbstractChannel$AnnotatedConnectException: Connection refused: /192.168.157.194:46532
	at sun.nio.ch.SocketChannelImpl.checkConnect(Native Method)
	at sun.nio.ch.SocketChannelImpl.finishConnect(SocketChannelImpl.java:717)
	at org.apache.ratis.thirdparty.io.netty.channel.socket.nio.NioSocketChannel.doFinishConnect(NioSocketChannel.java:327)
	at org.apache.ratis.thirdparty.io.netty.channel.nio.AbstractNioChannel$AbstractNioUnsafe.finishConnect(AbstractNioChannel.java:340)
	at org.apache.ratis.thirdparty.io.netty.channel.nio.NioEventLoop.processSelectedKey(NioEventLoop.java:632)
	at org.apache.ratis.thirdparty.io.netty.channel.nio.NioEventLoop.processSelectedKeysOptimized(NioEventLoop.java:579)
	at org.apache.ratis.thirdparty.io.netty.channel.nio.NioEventLoop.processSelectedKeys(NioEventLoop.java:496)
	at org.apache.ratis.thirdparty.io.netty.channel.nio.NioEventLoop.run(NioEventLoop.java:458)
	at org.apache.ratis.thirdparty.io.netty.util.concurrent.SingleThreadEventExecutor$5.run(SingleThreadEventExecutor.java:897)
	at org.apache.ratis.thirdparty.io.netty.util.concurrent.FastThreadLocalRunnable.run(FastThreadLocalRunnable.java:30)
	... 1 more
Caused by: java.net.ConnectException: Connection refused
	... 11 more
2019-11-04 16:03:08,371 [e3fb79a3-1f86-42af-a80c-c46d1acdbc29@group-7855C2F36E53-LeaderElection492] INFO  impl.LeaderElection (LogUtils.java:infoOrTrace(149)) - e3fb79a3-1f86-42af-a80c-c46d1acdbc29@group-7855C2F36E53-LeaderElection492 got exception when requesting votes: {}
java.util.concurrent.ExecutionException: org.apache.ratis.thirdparty.io.grpc.StatusRuntimeException: UNAVAILABLE: io exception
	at java.util.concurrent.FutureTask.report(FutureTask.java:122)
	at java.util.concurrent.FutureTask.get(FutureTask.java:192)
	at org.apache.ratis.server.impl.LeaderElection.waitForResults(LeaderElection.java:259)
	at org.apache.ratis.server.impl.LeaderElection.askForVotes(LeaderElection.java:197)
	at org.apache.ratis.server.impl.LeaderElection.run(LeaderElection.java:133)
	at java.lang.Thread.run(Thread.java:748)
Caused by: org.apache.ratis.thirdparty.io.grpc.StatusRuntimeException: UNAVAILABLE: io exception
	at org.apache.ratis.thirdparty.io.grpc.stub.ClientCalls.toStatusRuntimeException(ClientCalls.java:233)
	at org.apache.ratis.thirdparty.io.grpc.stub.ClientCalls.getUnchecked(ClientCalls.java:214)
	at org.apache.ratis.thirdparty.io.grpc.stub.ClientCalls.blockingUnaryCall(ClientCalls.java:139)
	at org.apache.ratis.proto.grpc.RaftServerProtocolServiceGrpc$RaftServerProtocolServiceBlockingStub.requestVote(RaftServerProtocolServiceGrpc.java:265)
	at org.apache.ratis.grpc.server.GrpcServerProtocolClient.requestVote(GrpcServerProtocolClient.java:99)
	at org.apache.ratis.grpc.server.GrpcService.requestVote(GrpcService.java:204)
	at org.apache.ratis.server.impl.LeaderElection.lambda$submitRequests$1(LeaderElection.java:234)
	at java.util.concurrent.FutureTask.run(FutureTask.java:266)
	at java.util.concurrent.Executors$RunnableAdapter.call(Executors.java:511)
	at java.util.concurrent.FutureTask.run(FutureTask.java:266)
	at java.util.concurrent.ThreadPoolExecutor.runWorker(ThreadPoolExecutor.java:1149)
	at java.util.concurrent.ThreadPoolExecutor$Worker.run(ThreadPoolExecutor.java:624)
	... 1 more
Caused by: org.apache.ratis.thirdparty.io.netty.channel.AbstractChannel$AnnotatedConnectException: Connection refused: /192.168.157.194:42126
	at sun.nio.ch.SocketChannelImpl.checkConnect(Native Method)
	at sun.nio.ch.SocketChannelImpl.finishConnect(SocketChannelImpl.java:717)
	at org.apache.ratis.thirdparty.io.netty.channel.socket.nio.NioSocketChannel.doFinishConnect(NioSocketChannel.java:327)
	at org.apache.ratis.thirdparty.io.netty.channel.nio.AbstractNioChannel$AbstractNioUnsafe.finishConnect(AbstractNioChannel.java:340)
	at org.apache.ratis.thirdparty.io.netty.channel.nio.NioEventLoop.processSelectedKey(NioEventLoop.java:632)
	at org.apache.ratis.thirdparty.io.netty.channel.nio.NioEventLoop.processSelectedKeysOptimized(NioEventLoop.java:579)
	at org.apache.ratis.thirdparty.io.netty.channel.nio.NioEventLoop.processSelectedKeys(NioEventLoop.java:496)
	at org.apache.ratis.thirdparty.io.netty.channel.nio.NioEventLoop.run(NioEventLoop.java:458)
	at org.apache.ratis.thirdparty.io.netty.util.concurrent.SingleThreadEventExecutor$5.run(SingleThreadEventExecutor.java:897)
	at org.apache.ratis.thirdparty.io.netty.util.concurrent.FastThreadLocalRunnable.run(FastThreadLocalRunnable.java:30)
	... 1 more
Caused by: java.net.ConnectException: Connection refused
	... 11 more
2019-11-04 16:03:08,371 [e3fb79a3-1f86-42af-a80c-c46d1acdbc29@group-7855C2F36E53-LeaderElection492] INFO  impl.LeaderElection (LeaderElection.java:logAndReturn(56)) - e3fb79a3-1f86-42af-a80c-c46d1acdbc29@group-7855C2F36E53-LeaderElection492: Election REJECTED; received 0 response(s) [] and 2 exception(s); e3fb79a3-1f86-42af-a80c-c46d1acdbc29@group-7855C2F36E53:t546, leader=null, voted=e3fb79a3-1f86-42af-a80c-c46d1acdbc29, raftlog=e3fb79a3-1f86-42af-a80c-c46d1acdbc29@group-7855C2F36E53-SegmentedRaftLog:OPENED:c-1,f-1,i0, conf=-1: [e3fb79a3-1f86-42af-a80c-c46d1acdbc29:192.168.157.194:44142, 81ff859e-e76f-43f5-951a-4a38422068cb:192.168.157.194:46532, a9143d84-6d7f-497d-b770-eb75585db3c7:192.168.157.194:42126], old=null
2019-11-04 16:03:08,372 [e3fb79a3-1f86-42af-a80c-c46d1acdbc29@group-7855C2F36E53-LeaderElection492] INFO  impl.LeaderElection (LogUtils.java:infoOrTrace(149)) -   Exception 0: {}
java.util.concurrent.ExecutionException: org.apache.ratis.thirdparty.io.grpc.StatusRuntimeException: UNAVAILABLE: io exception
	at java.util.concurrent.FutureTask.report(FutureTask.java:122)
	at java.util.concurrent.FutureTask.get(FutureTask.java:192)
	at org.apache.ratis.server.impl.LeaderElection.waitForResults(LeaderElection.java:259)
	at org.apache.ratis.server.impl.LeaderElection.askForVotes(LeaderElection.java:197)
	at org.apache.ratis.server.impl.LeaderElection.run(LeaderElection.java:133)
	at java.lang.Thread.run(Thread.java:748)
Caused by: org.apache.ratis.thirdparty.io.grpc.StatusRuntimeException: UNAVAILABLE: io exception
	at org.apache.ratis.thirdparty.io.grpc.stub.ClientCalls.toStatusRuntimeException(ClientCalls.java:233)
	at org.apache.ratis.thirdparty.io.grpc.stub.ClientCalls.getUnchecked(ClientCalls.java:214)
	at org.apache.ratis.thirdparty.io.grpc.stub.ClientCalls.blockingUnaryCall(ClientCalls.java:139)
	at org.apache.ratis.proto.grpc.RaftServerProtocolServiceGrpc$RaftServerProtocolServiceBlockingStub.requestVote(RaftServerProtocolServiceGrpc.java:265)
	at org.apache.ratis.grpc.server.GrpcServerProtocolClient.requestVote(GrpcServerProtocolClient.java:99)
	at org.apache.ratis.grpc.server.GrpcService.requestVote(GrpcService.java:204)
	at org.apache.ratis.server.impl.LeaderElection.lambda$submitRequests$1(LeaderElection.java:234)
	at java.util.concurrent.FutureTask.run(FutureTask.java:266)
	at java.util.concurrent.Executors$RunnableAdapter.call(Executors.java:511)
	at java.util.concurrent.FutureTask.run(FutureTask.java:266)
	at java.util.concurrent.ThreadPoolExecutor.runWorker(ThreadPoolExecutor.java:1149)
	at java.util.concurrent.ThreadPoolExecutor$Worker.run(ThreadPoolExecutor.java:624)
	... 1 more
Caused by: org.apache.ratis.thirdparty.io.netty.channel.AbstractChannel$AnnotatedConnectException: Connection refused: /192.168.157.194:46532
	at sun.nio.ch.SocketChannelImpl.checkConnect(Native Method)
	at sun.nio.ch.SocketChannelImpl.finishConnect(SocketChannelImpl.java:717)
	at org.apache.ratis.thirdparty.io.netty.channel.socket.nio.NioSocketChannel.doFinishConnect(NioSocketChannel.java:327)
	at org.apache.ratis.thirdparty.io.netty.channel.nio.AbstractNioChannel$AbstractNioUnsafe.finishConnect(AbstractNioChannel.java:340)
	at org.apache.ratis.thirdparty.io.netty.channel.nio.NioEventLoop.processSelectedKey(NioEventLoop.java:632)
	at org.apache.ratis.thirdparty.io.netty.channel.nio.NioEventLoop.processSelectedKeysOptimized(NioEventLoop.java:579)
	at org.apache.ratis.thirdparty.io.netty.channel.nio.NioEventLoop.processSelectedKeys(NioEventLoop.java:496)
	at org.apache.ratis.thirdparty.io.netty.channel.nio.NioEventLoop.run(NioEventLoop.java:458)
	at org.apache.ratis.thirdparty.io.netty.util.concurrent.SingleThreadEventExecutor$5.run(SingleThreadEventExecutor.java:897)
	at org.apache.ratis.thirdparty.io.netty.util.concurrent.FastThreadLocalRunnable.run(FastThreadLocalRunnable.java:30)
	... 1 more
Caused by: java.net.ConnectException: Connection refused
	... 11 more
2019-11-04 16:03:08,372 [e3fb79a3-1f86-42af-a80c-c46d1acdbc29@group-7855C2F36E53-LeaderElection492] INFO  impl.LeaderElection (LogUtils.java:infoOrTrace(149)) -   Exception 1: {}
java.util.concurrent.ExecutionException: org.apache.ratis.thirdparty.io.grpc.StatusRuntimeException: UNAVAILABLE: io exception
	at java.util.concurrent.FutureTask.report(FutureTask.java:122)
	at java.util.concurrent.FutureTask.get(FutureTask.java:192)
	at org.apache.ratis.server.impl.LeaderElection.waitForResults(LeaderElection.java:259)
	at org.apache.ratis.server.impl.LeaderElection.askForVotes(LeaderElection.java:197)
	at org.apache.ratis.server.impl.LeaderElection.run(LeaderElection.java:133)
	at java.lang.Thread.run(Thread.java:748)
Caused by: org.apache.ratis.thirdparty.io.grpc.StatusRuntimeException: UNAVAILABLE: io exception
	at org.apache.ratis.thirdparty.io.grpc.stub.ClientCalls.toStatusRuntimeException(ClientCalls.java:233)
	at org.apache.ratis.thirdparty.io.grpc.stub.ClientCalls.getUnchecked(ClientCalls.java:214)
	at org.apache.ratis.thirdparty.io.grpc.stub.ClientCalls.blockingUnaryCall(ClientCalls.java:139)
	at org.apache.ratis.proto.grpc.RaftServerProtocolServiceGrpc$RaftServerProtocolServiceBlockingStub.requestVote(RaftServerProtocolServiceGrpc.java:265)
	at org.apache.ratis.grpc.server.GrpcServerProtocolClient.requestVote(GrpcServerProtocolClient.java:99)
	at org.apache.ratis.grpc.server.GrpcService.requestVote(GrpcService.java:204)
	at org.apache.ratis.server.impl.LeaderElection.lambda$submitRequests$1(LeaderElection.java:234)
	at java.util.concurrent.FutureTask.run(FutureTask.java:266)
	at java.util.concurrent.Executors$RunnableAdapter.call(Executors.java:511)
	at java.util.concurrent.FutureTask.run(FutureTask.java:266)
	at java.util.concurrent.ThreadPoolExecutor.runWorker(ThreadPoolExecutor.java:1149)
	at java.util.concurrent.ThreadPoolExecutor$Worker.run(ThreadPoolExecutor.java:624)
	... 1 more
Caused by: org.apache.ratis.thirdparty.io.netty.channel.AbstractChannel$AnnotatedConnectException: Connection refused: /192.168.157.194:42126
	at sun.nio.ch.SocketChannelImpl.checkConnect(Native Method)
	at sun.nio.ch.SocketChannelImpl.finishConnect(SocketChannelImpl.java:717)
	at org.apache.ratis.thirdparty.io.netty.channel.socket.nio.NioSocketChannel.doFinishConnect(NioSocketChannel.java:327)
	at org.apache.ratis.thirdparty.io.netty.channel.nio.AbstractNioChannel$AbstractNioUnsafe.finishConnect(AbstractNioChannel.java:340)
	at org.apache.ratis.thirdparty.io.netty.channel.nio.NioEventLoop.processSelectedKey(NioEventLoop.java:632)
	at org.apache.ratis.thirdparty.io.netty.channel.nio.NioEventLoop.processSelectedKeysOptimized(NioEventLoop.java:579)
	at org.apache.ratis.thirdparty.io.netty.channel.nio.NioEventLoop.processSelectedKeys(NioEventLoop.java:496)
	at org.apache.ratis.thirdparty.io.netty.channel.nio.NioEventLoop.run(NioEventLoop.java:458)
	at org.apache.ratis.thirdparty.io.netty.util.concurrent.SingleThreadEventExecutor$5.run(SingleThreadEventExecutor.java:897)
	at org.apache.ratis.thirdparty.io.netty.util.concurrent.FastThreadLocalRunnable.run(FastThreadLocalRunnable.java:30)
	... 1 more
Caused by: java.net.ConnectException: Connection refused
	... 11 more
2019-11-04 16:03:08,372 [e3fb79a3-1f86-42af-a80c-c46d1acdbc29@group-7855C2F36E53-LeaderElection492] INFO  impl.RaftServerImpl (RaftServerImpl.java:setRole(184)) - e3fb79a3-1f86-42af-a80c-c46d1acdbc29@group-7855C2F36E53: changes role from CANDIDATE to FOLLOWER at term 546 for DISCOVERED_A_NEW_TERM
2019-11-04 16:03:08,372 [e3fb79a3-1f86-42af-a80c-c46d1acdbc29@group-7855C2F36E53-LeaderElection492] INFO  impl.RoleInfo (RoleInfo.java:shutdownLeaderElection(134)) - e3fb79a3-1f86-42af-a80c-c46d1acdbc29: shutdown LeaderElection
2019-11-04 16:03:08,372 [e3fb79a3-1f86-42af-a80c-c46d1acdbc29@group-7855C2F36E53-LeaderElection492] INFO  impl.RoleInfo (RoleInfo.java:updateAndGet(143)) - e3fb79a3-1f86-42af-a80c-c46d1acdbc29: start FollowerState
2019-11-04 16:03:08,375 [Thread-301] INFO  ipc.Client (Client.java:handleConnectionFailure(948)) - Retrying connect to server: localhost/127.0.0.1:38129. Already tried 7 time(s); retry policy is RetryUpToMaximumCountWithFixedSleep(maxRetries=10, sleepTime=1000 MILLISECONDS)
2019-11-04 16:03:08,535 [Thread-3485] INFO  impl.FollowerState (FollowerState.java:run(108)) - e3fb79a3-1f86-42af-a80c-c46d1acdbc29@group-7855C2F36E53-FollowerState: change to CANDIDATE, lastRpcTime:162ms, electionTimeout:162ms
2019-11-04 16:03:08,535 [Thread-3485] INFO  impl.RoleInfo (RoleInfo.java:shutdownFollowerState(121)) - e3fb79a3-1f86-42af-a80c-c46d1acdbc29: shutdown FollowerState
2019-11-04 16:03:08,535 [Thread-3485] INFO  impl.RaftServerImpl (RaftServerImpl.java:setRole(184)) - e3fb79a3-1f86-42af-a80c-c46d1acdbc29@group-7855C2F36E53: changes role from  FOLLOWER to CANDIDATE at term 546 for changeToCandidate
2019-11-04 16:03:08,535 [Thread-3485] INFO  impl.RoleInfo (RoleInfo.java:updateAndGet(143)) - e3fb79a3-1f86-42af-a80c-c46d1acdbc29: start LeaderElection
2019-11-04 16:03:08,550 [e3fb79a3-1f86-42af-a80c-c46d1acdbc29@group-7855C2F36E53-LeaderElection493] INFO  impl.LeaderElection (LeaderElection.java:askForVotes(178)) - e3fb79a3-1f86-42af-a80c-c46d1acdbc29@group-7855C2F36E53-LeaderElection493: begin an election at term 547 for -1: [e3fb79a3-1f86-42af-a80c-c46d1acdbc29:192.168.157.194:44142, 81ff859e-e76f-43f5-951a-4a38422068cb:192.168.157.194:46532, a9143d84-6d7f-497d-b770-eb75585db3c7:192.168.157.194:42126], old=null
2019-11-04 16:03:08,551 [e3fb79a3-1f86-42af-a80c-c46d1acdbc29@group-7855C2F36E53-LeaderElection493] INFO  impl.LeaderElection (LogUtils.java:infoOrTrace(149)) - e3fb79a3-1f86-42af-a80c-c46d1acdbc29@group-7855C2F36E53-LeaderElection493 got exception when requesting votes: {}
java.util.concurrent.ExecutionException: org.apache.ratis.thirdparty.io.grpc.StatusRuntimeException: UNAVAILABLE: io exception
	at java.util.concurrent.FutureTask.report(FutureTask.java:122)
	at java.util.concurrent.FutureTask.get(FutureTask.java:192)
	at org.apache.ratis.server.impl.LeaderElection.waitForResults(LeaderElection.java:259)
	at org.apache.ratis.server.impl.LeaderElection.askForVotes(LeaderElection.java:197)
	at org.apache.ratis.server.impl.LeaderElection.run(LeaderElection.java:133)
	at java.lang.Thread.run(Thread.java:748)
Caused by: org.apache.ratis.thirdparty.io.grpc.StatusRuntimeException: UNAVAILABLE: io exception
	at org.apache.ratis.thirdparty.io.grpc.stub.ClientCalls.toStatusRuntimeException(ClientCalls.java:233)
	at org.apache.ratis.thirdparty.io.grpc.stub.ClientCalls.getUnchecked(ClientCalls.java:214)
	at org.apache.ratis.thirdparty.io.grpc.stub.ClientCalls.blockingUnaryCall(ClientCalls.java:139)
	at org.apache.ratis.proto.grpc.RaftServerProtocolServiceGrpc$RaftServerProtocolServiceBlockingStub.requestVote(RaftServerProtocolServiceGrpc.java:265)
	at org.apache.ratis.grpc.server.GrpcServerProtocolClient.requestVote(GrpcServerProtocolClient.java:99)
	at org.apache.ratis.grpc.server.GrpcService.requestVote(GrpcService.java:204)
	at org.apache.ratis.server.impl.LeaderElection.lambda$submitRequests$1(LeaderElection.java:234)
	at java.util.concurrent.FutureTask.run(FutureTask.java:266)
	at java.util.concurrent.Executors$RunnableAdapter.call(Executors.java:511)
	at java.util.concurrent.FutureTask.run(FutureTask.java:266)
	at java.util.concurrent.ThreadPoolExecutor.runWorker(ThreadPoolExecutor.java:1149)
	at java.util.concurrent.ThreadPoolExecutor$Worker.run(ThreadPoolExecutor.java:624)
	... 1 more
Caused by: org.apache.ratis.thirdparty.io.netty.channel.AbstractChannel$AnnotatedConnectException: Connection refused: /192.168.157.194:46532
	at sun.nio.ch.SocketChannelImpl.checkConnect(Native Method)
	at sun.nio.ch.SocketChannelImpl.finishConnect(SocketChannelImpl.java:717)
	at org.apache.ratis.thirdparty.io.netty.channel.socket.nio.NioSocketChannel.doFinishConnect(NioSocketChannel.java:327)
	at org.apache.ratis.thirdparty.io.netty.channel.nio.AbstractNioChannel$AbstractNioUnsafe.finishConnect(AbstractNioChannel.java:340)
	at org.apache.ratis.thirdparty.io.netty.channel.nio.NioEventLoop.processSelectedKey(NioEventLoop.java:632)
	at org.apache.ratis.thirdparty.io.netty.channel.nio.NioEventLoop.processSelectedKeysOptimized(NioEventLoop.java:579)
	at org.apache.ratis.thirdparty.io.netty.channel.nio.NioEventLoop.processSelectedKeys(NioEventLoop.java:496)
	at org.apache.ratis.thirdparty.io.netty.channel.nio.NioEventLoop.run(NioEventLoop.java:458)
	at org.apache.ratis.thirdparty.io.netty.util.concurrent.SingleThreadEventExecutor$5.run(SingleThreadEventExecutor.java:897)
	at org.apache.ratis.thirdparty.io.netty.util.concurrent.FastThreadLocalRunnable.run(FastThreadLocalRunnable.java:30)
	... 1 more
Caused by: java.net.ConnectException: Connection refused
	... 11 more
2019-11-04 16:03:08,551 [e3fb79a3-1f86-42af-a80c-c46d1acdbc29@group-7855C2F36E53-LeaderElection493] INFO  impl.LeaderElection (LogUtils.java:infoOrTrace(149)) - e3fb79a3-1f86-42af-a80c-c46d1acdbc29@group-7855C2F36E53-LeaderElection493 got exception when requesting votes: {}
java.util.concurrent.ExecutionException: org.apache.ratis.thirdparty.io.grpc.StatusRuntimeException: UNAVAILABLE: io exception
	at java.util.concurrent.FutureTask.report(FutureTask.java:122)
	at java.util.concurrent.FutureTask.get(FutureTask.java:192)
	at org.apache.ratis.server.impl.LeaderElection.waitForResults(LeaderElection.java:259)
	at org.apache.ratis.server.impl.LeaderElection.askForVotes(LeaderElection.java:197)
	at org.apache.ratis.server.impl.LeaderElection.run(LeaderElection.java:133)
	at java.lang.Thread.run(Thread.java:748)
Caused by: org.apache.ratis.thirdparty.io.grpc.StatusRuntimeException: UNAVAILABLE: io exception
	at org.apache.ratis.thirdparty.io.grpc.stub.ClientCalls.toStatusRuntimeException(ClientCalls.java:233)
	at org.apache.ratis.thirdparty.io.grpc.stub.ClientCalls.getUnchecked(ClientCalls.java:214)
	at org.apache.ratis.thirdparty.io.grpc.stub.ClientCalls.blockingUnaryCall(ClientCalls.java:139)
	at org.apache.ratis.proto.grpc.RaftServerProtocolServiceGrpc$RaftServerProtocolServiceBlockingStub.requestVote(RaftServerProtocolServiceGrpc.java:265)
	at org.apache.ratis.grpc.server.GrpcServerProtocolClient.requestVote(GrpcServerProtocolClient.java:99)
	at org.apache.ratis.grpc.server.GrpcService.requestVote(GrpcService.java:204)
	at org.apache.ratis.server.impl.LeaderElection.lambda$submitRequests$1(LeaderElection.java:234)
	at java.util.concurrent.FutureTask.run(FutureTask.java:266)
	at java.util.concurrent.Executors$RunnableAdapter.call(Executors.java:511)
	at java.util.concurrent.FutureTask.run(FutureTask.java:266)
	at java.util.concurrent.ThreadPoolExecutor.runWorker(ThreadPoolExecutor.java:1149)
	at java.util.concurrent.ThreadPoolExecutor$Worker.run(ThreadPoolExecutor.java:624)
	... 1 more
Caused by: org.apache.ratis.thirdparty.io.netty.channel.AbstractChannel$AnnotatedConnectException: Connection refused: /192.168.157.194:42126
	at sun.nio.ch.SocketChannelImpl.checkConnect(Native Method)
	at sun.nio.ch.SocketChannelImpl.finishConnect(SocketChannelImpl.java:717)
	at org.apache.ratis.thirdparty.io.netty.channel.socket.nio.NioSocketChannel.doFinishConnect(NioSocketChannel.java:327)
	at org.apache.ratis.thirdparty.io.netty.channel.nio.AbstractNioChannel$AbstractNioUnsafe.finishConnect(AbstractNioChannel.java:340)
	at org.apache.ratis.thirdparty.io.netty.channel.nio.NioEventLoop.processSelectedKey(NioEventLoop.java:632)
	at org.apache.ratis.thirdparty.io.netty.channel.nio.NioEventLoop.processSelectedKeysOptimized(NioEventLoop.java:579)
	at org.apache.ratis.thirdparty.io.netty.channel.nio.NioEventLoop.processSelectedKeys(NioEventLoop.java:496)
	at org.apache.ratis.thirdparty.io.netty.channel.nio.NioEventLoop.run(NioEventLoop.java:458)
	at org.apache.ratis.thirdparty.io.netty.util.concurrent.SingleThreadEventExecutor$5.run(SingleThreadEventExecutor.java:897)
	at org.apache.ratis.thirdparty.io.netty.util.concurrent.FastThreadLocalRunnable.run(FastThreadLocalRunnable.java:30)
	... 1 more
Caused by: java.net.ConnectException: Connection refused
	... 11 more
2019-11-04 16:03:08,552 [e3fb79a3-1f86-42af-a80c-c46d1acdbc29@group-7855C2F36E53-LeaderElection493] INFO  impl.LeaderElection (LeaderElection.java:logAndReturn(56)) - e3fb79a3-1f86-42af-a80c-c46d1acdbc29@group-7855C2F36E53-LeaderElection493: Election REJECTED; received 0 response(s) [] and 2 exception(s); e3fb79a3-1f86-42af-a80c-c46d1acdbc29@group-7855C2F36E53:t547, leader=null, voted=e3fb79a3-1f86-42af-a80c-c46d1acdbc29, raftlog=e3fb79a3-1f86-42af-a80c-c46d1acdbc29@group-7855C2F36E53-SegmentedRaftLog:OPENED:c-1,f-1,i0, conf=-1: [e3fb79a3-1f86-42af-a80c-c46d1acdbc29:192.168.157.194:44142, 81ff859e-e76f-43f5-951a-4a38422068cb:192.168.157.194:46532, a9143d84-6d7f-497d-b770-eb75585db3c7:192.168.157.194:42126], old=null
2019-11-04 16:03:08,552 [e3fb79a3-1f86-42af-a80c-c46d1acdbc29@group-7855C2F36E53-LeaderElection493] INFO  impl.LeaderElection (LogUtils.java:infoOrTrace(149)) -   Exception 0: {}
java.util.concurrent.ExecutionException: org.apache.ratis.thirdparty.io.grpc.StatusRuntimeException: UNAVAILABLE: io exception
	at java.util.concurrent.FutureTask.report(FutureTask.java:122)
	at java.util.concurrent.FutureTask.get(FutureTask.java:192)
	at org.apache.ratis.server.impl.LeaderElection.waitForResults(LeaderElection.java:259)
	at org.apache.ratis.server.impl.LeaderElection.askForVotes(LeaderElection.java:197)
	at org.apache.ratis.server.impl.LeaderElection.run(LeaderElection.java:133)
	at java.lang.Thread.run(Thread.java:748)
Caused by: org.apache.ratis.thirdparty.io.grpc.StatusRuntimeException: UNAVAILABLE: io exception
	at org.apache.ratis.thirdparty.io.grpc.stub.ClientCalls.toStatusRuntimeException(ClientCalls.java:233)
	at org.apache.ratis.thirdparty.io.grpc.stub.ClientCalls.getUnchecked(ClientCalls.java:214)
	at org.apache.ratis.thirdparty.io.grpc.stub.ClientCalls.blockingUnaryCall(ClientCalls.java:139)
	at org.apache.ratis.proto.grpc.RaftServerProtocolServiceGrpc$RaftServerProtocolServiceBlockingStub.requestVote(RaftServerProtocolServiceGrpc.java:265)
	at org.apache.ratis.grpc.server.GrpcServerProtocolClient.requestVote(GrpcServerProtocolClient.java:99)
	at org.apache.ratis.grpc.server.GrpcService.requestVote(GrpcService.java:204)
	at org.apache.ratis.server.impl.LeaderElection.lambda$submitRequests$1(LeaderElection.java:234)
	at java.util.concurrent.FutureTask.run(FutureTask.java:266)
	at java.util.concurrent.Executors$RunnableAdapter.call(Executors.java:511)
	at java.util.concurrent.FutureTask.run(FutureTask.java:266)
	at java.util.concurrent.ThreadPoolExecutor.runWorker(ThreadPoolExecutor.java:1149)
	at java.util.concurrent.ThreadPoolExecutor$Worker.run(ThreadPoolExecutor.java:624)
	... 1 more
Caused by: org.apache.ratis.thirdparty.io.netty.channel.AbstractChannel$AnnotatedConnectException: Connection refused: /192.168.157.194:46532
	at sun.nio.ch.SocketChannelImpl.checkConnect(Native Method)
	at sun.nio.ch.SocketChannelImpl.finishConnect(SocketChannelImpl.java:717)
	at org.apache.ratis.thirdparty.io.netty.channel.socket.nio.NioSocketChannel.doFinishConnect(NioSocketChannel.java:327)
	at org.apache.ratis.thirdparty.io.netty.channel.nio.AbstractNioChannel$AbstractNioUnsafe.finishConnect(AbstractNioChannel.java:340)
	at org.apache.ratis.thirdparty.io.netty.channel.nio.NioEventLoop.processSelectedKey(NioEventLoop.java:632)
	at org.apache.ratis.thirdparty.io.netty.channel.nio.NioEventLoop.processSelectedKeysOptimized(NioEventLoop.java:579)
	at org.apache.ratis.thirdparty.io.netty.channel.nio.NioEventLoop.processSelectedKeys(NioEventLoop.java:496)
	at org.apache.ratis.thirdparty.io.netty.channel.nio.NioEventLoop.run(NioEventLoop.java:458)
	at org.apache.ratis.thirdparty.io.netty.util.concurrent.SingleThreadEventExecutor$5.run(SingleThreadEventExecutor.java:897)
	at org.apache.ratis.thirdparty.io.netty.util.concurrent.FastThreadLocalRunnable.run(FastThreadLocalRunnable.java:30)
	... 1 more
Caused by: java.net.ConnectException: Connection refused
	... 11 more
2019-11-04 16:03:08,552 [e3fb79a3-1f86-42af-a80c-c46d1acdbc29@group-7855C2F36E53-LeaderElection493] INFO  impl.LeaderElection (LogUtils.java:infoOrTrace(149)) -   Exception 1: {}
java.util.concurrent.ExecutionException: org.apache.ratis.thirdparty.io.grpc.StatusRuntimeException: UNAVAILABLE: io exception
	at java.util.concurrent.FutureTask.report(FutureTask.java:122)
	at java.util.concurrent.FutureTask.get(FutureTask.java:192)
	at org.apache.ratis.server.impl.LeaderElection.waitForResults(LeaderElection.java:259)
	at org.apache.ratis.server.impl.LeaderElection.askForVotes(LeaderElection.java:197)
	at org.apache.ratis.server.impl.LeaderElection.run(LeaderElection.java:133)
	at java.lang.Thread.run(Thread.java:748)
Caused by: org.apache.ratis.thirdparty.io.grpc.StatusRuntimeException: UNAVAILABLE: io exception
	at org.apache.ratis.thirdparty.io.grpc.stub.ClientCalls.toStatusRuntimeException(ClientCalls.java:233)
	at org.apache.ratis.thirdparty.io.grpc.stub.ClientCalls.getUnchecked(ClientCalls.java:214)
	at org.apache.ratis.thirdparty.io.grpc.stub.ClientCalls.blockingUnaryCall(ClientCalls.java:139)
	at org.apache.ratis.proto.grpc.RaftServerProtocolServiceGrpc$RaftServerProtocolServiceBlockingStub.requestVote(RaftServerProtocolServiceGrpc.java:265)
	at org.apache.ratis.grpc.server.GrpcServerProtocolClient.requestVote(GrpcServerProtocolClient.java:99)
	at org.apache.ratis.grpc.server.GrpcService.requestVote(GrpcService.java:204)
	at org.apache.ratis.server.impl.LeaderElection.lambda$submitRequests$1(LeaderElection.java:234)
	at java.util.concurrent.FutureTask.run(FutureTask.java:266)
	at java.util.concurrent.Executors$RunnableAdapter.call(Executors.java:511)
	at java.util.concurrent.FutureTask.run(FutureTask.java:266)
	at java.util.concurrent.ThreadPoolExecutor.runWorker(ThreadPoolExecutor.java:1149)
	at java.util.concurrent.ThreadPoolExecutor$Worker.run(ThreadPoolExecutor.java:624)
	... 1 more
Caused by: org.apache.ratis.thirdparty.io.netty.channel.AbstractChannel$AnnotatedConnectException: Connection refused: /192.168.157.194:42126
	at sun.nio.ch.SocketChannelImpl.checkConnect(Native Method)
	at sun.nio.ch.SocketChannelImpl.finishConnect(SocketChannelImpl.java:717)
	at org.apache.ratis.thirdparty.io.netty.channel.socket.nio.NioSocketChannel.doFinishConnect(NioSocketChannel.java:327)
	at org.apache.ratis.thirdparty.io.netty.channel.nio.AbstractNioChannel$AbstractNioUnsafe.finishConnect(AbstractNioChannel.java:340)
	at org.apache.ratis.thirdparty.io.netty.channel.nio.NioEventLoop.processSelectedKey(NioEventLoop.java:632)
	at org.apache.ratis.thirdparty.io.netty.channel.nio.NioEventLoop.processSelectedKeysOptimized(NioEventLoop.java:579)
	at org.apache.ratis.thirdparty.io.netty.channel.nio.NioEventLoop.processSelectedKeys(NioEventLoop.java:496)
	at org.apache.ratis.thirdparty.io.netty.channel.nio.NioEventLoop.run(NioEventLoop.java:458)
	at org.apache.ratis.thirdparty.io.netty.util.concurrent.SingleThreadEventExecutor$5.run(SingleThreadEventExecutor.java:897)
	at org.apache.ratis.thirdparty.io.netty.util.concurrent.FastThreadLocalRunnable.run(FastThreadLocalRunnable.java:30)
	... 1 more
Caused by: java.net.ConnectException: Connection refused
	... 11 more
2019-11-04 16:03:08,552 [e3fb79a3-1f86-42af-a80c-c46d1acdbc29@group-7855C2F36E53-LeaderElection493] INFO  impl.RaftServerImpl (RaftServerImpl.java:setRole(184)) - e3fb79a3-1f86-42af-a80c-c46d1acdbc29@group-7855C2F36E53: changes role from CANDIDATE to FOLLOWER at term 547 for DISCOVERED_A_NEW_TERM
2019-11-04 16:03:08,553 [e3fb79a3-1f86-42af-a80c-c46d1acdbc29@group-7855C2F36E53-LeaderElection493] INFO  impl.RoleInfo (RoleInfo.java:shutdownLeaderElection(134)) - e3fb79a3-1f86-42af-a80c-c46d1acdbc29: shutdown LeaderElection
2019-11-04 16:03:08,553 [e3fb79a3-1f86-42af-a80c-c46d1acdbc29@group-7855C2F36E53-LeaderElection493] INFO  impl.RoleInfo (RoleInfo.java:updateAndGet(143)) - e3fb79a3-1f86-42af-a80c-c46d1acdbc29: start FollowerState
2019-11-04 16:03:08,682 [Thread-3489] INFO  impl.FollowerState (FollowerState.java:run(108)) - e3fb79a3-1f86-42af-a80c-c46d1acdbc29@group-7855C2F36E53-FollowerState: change to CANDIDATE, lastRpcTime:129ms, electionTimeout:129ms
2019-11-04 16:03:08,682 [Thread-3489] INFO  impl.RoleInfo (RoleInfo.java:shutdownFollowerState(121)) - e3fb79a3-1f86-42af-a80c-c46d1acdbc29: shutdown FollowerState
2019-11-04 16:03:08,683 [Thread-3489] INFO  impl.RaftServerImpl (RaftServerImpl.java:setRole(184)) - e3fb79a3-1f86-42af-a80c-c46d1acdbc29@group-7855C2F36E53: changes role from  FOLLOWER to CANDIDATE at term 547 for changeToCandidate
2019-11-04 16:03:08,683 [Thread-3489] INFO  impl.RoleInfo (RoleInfo.java:updateAndGet(143)) - e3fb79a3-1f86-42af-a80c-c46d1acdbc29: start LeaderElection
2019-11-04 16:03:08,696 [e3fb79a3-1f86-42af-a80c-c46d1acdbc29@group-7855C2F36E53-LeaderElection494] INFO  impl.LeaderElection (LeaderElection.java:askForVotes(178)) - e3fb79a3-1f86-42af-a80c-c46d1acdbc29@group-7855C2F36E53-LeaderElection494: begin an election at term 548 for -1: [e3fb79a3-1f86-42af-a80c-c46d1acdbc29:192.168.157.194:44142, 81ff859e-e76f-43f5-951a-4a38422068cb:192.168.157.194:46532, a9143d84-6d7f-497d-b770-eb75585db3c7:192.168.157.194:42126], old=null
2019-11-04 16:03:08,697 [e3fb79a3-1f86-42af-a80c-c46d1acdbc29@group-7855C2F36E53-LeaderElection494] INFO  impl.LeaderElection (LogUtils.java:infoOrTrace(149)) - e3fb79a3-1f86-42af-a80c-c46d1acdbc29@group-7855C2F36E53-LeaderElection494 got exception when requesting votes: {}
java.util.concurrent.ExecutionException: org.apache.ratis.thirdparty.io.grpc.StatusRuntimeException: UNAVAILABLE: io exception
	at java.util.concurrent.FutureTask.report(FutureTask.java:122)
	at java.util.concurrent.FutureTask.get(FutureTask.java:192)
	at org.apache.ratis.server.impl.LeaderElection.waitForResults(LeaderElection.java:259)
	at org.apache.ratis.server.impl.LeaderElection.askForVotes(LeaderElection.java:197)
	at org.apache.ratis.server.impl.LeaderElection.run(LeaderElection.java:133)
	at java.lang.Thread.run(Thread.java:748)
Caused by: org.apache.ratis.thirdparty.io.grpc.StatusRuntimeException: UNAVAILABLE: io exception
	at org.apache.ratis.thirdparty.io.grpc.stub.ClientCalls.toStatusRuntimeException(ClientCalls.java:233)
	at org.apache.ratis.thirdparty.io.grpc.stub.ClientCalls.getUnchecked(ClientCalls.java:214)
	at org.apache.ratis.thirdparty.io.grpc.stub.ClientCalls.blockingUnaryCall(ClientCalls.java:139)
	at org.apache.ratis.proto.grpc.RaftServerProtocolServiceGrpc$RaftServerProtocolServiceBlockingStub.requestVote(RaftServerProtocolServiceGrpc.java:265)
	at org.apache.ratis.grpc.server.GrpcServerProtocolClient.requestVote(GrpcServerProtocolClient.java:99)
	at org.apache.ratis.grpc.server.GrpcService.requestVote(GrpcService.java:204)
	at org.apache.ratis.server.impl.LeaderElection.lambda$submitRequests$1(LeaderElection.java:234)
	at java.util.concurrent.FutureTask.run(FutureTask.java:266)
	at java.util.concurrent.Executors$RunnableAdapter.call(Executors.java:511)
	at java.util.concurrent.FutureTask.run(FutureTask.java:266)
	at java.util.concurrent.ThreadPoolExecutor.runWorker(ThreadPoolExecutor.java:1149)
	at java.util.concurrent.ThreadPoolExecutor$Worker.run(ThreadPoolExecutor.java:624)
	... 1 more
Caused by: org.apache.ratis.thirdparty.io.netty.channel.AbstractChannel$AnnotatedConnectException: Connection refused: /192.168.157.194:42126
	at sun.nio.ch.SocketChannelImpl.checkConnect(Native Method)
	at sun.nio.ch.SocketChannelImpl.finishConnect(SocketChannelImpl.java:717)
	at org.apache.ratis.thirdparty.io.netty.channel.socket.nio.NioSocketChannel.doFinishConnect(NioSocketChannel.java:327)
	at org.apache.ratis.thirdparty.io.netty.channel.nio.AbstractNioChannel$AbstractNioUnsafe.finishConnect(AbstractNioChannel.java:340)
	at org.apache.ratis.thirdparty.io.netty.channel.nio.NioEventLoop.processSelectedKey(NioEventLoop.java:632)
	at org.apache.ratis.thirdparty.io.netty.channel.nio.NioEventLoop.processSelectedKeysOptimized(NioEventLoop.java:579)
	at org.apache.ratis.thirdparty.io.netty.channel.nio.NioEventLoop.processSelectedKeys(NioEventLoop.java:496)
	at org.apache.ratis.thirdparty.io.netty.channel.nio.NioEventLoop.run(NioEventLoop.java:458)
	at org.apache.ratis.thirdparty.io.netty.util.concurrent.SingleThreadEventExecutor$5.run(SingleThreadEventExecutor.java:897)
	at org.apache.ratis.thirdparty.io.netty.util.concurrent.FastThreadLocalRunnable.run(FastThreadLocalRunnable.java:30)
	... 1 more
Caused by: java.net.ConnectException: Connection refused
	... 11 more
2019-11-04 16:03:08,697 [e3fb79a3-1f86-42af-a80c-c46d1acdbc29@group-7855C2F36E53-LeaderElection494] INFO  impl.LeaderElection (LogUtils.java:infoOrTrace(149)) - e3fb79a3-1f86-42af-a80c-c46d1acdbc29@group-7855C2F36E53-LeaderElection494 got exception when requesting votes: {}
java.util.concurrent.ExecutionException: org.apache.ratis.thirdparty.io.grpc.StatusRuntimeException: UNAVAILABLE: io exception
	at java.util.concurrent.FutureTask.report(FutureTask.java:122)
	at java.util.concurrent.FutureTask.get(FutureTask.java:192)
	at org.apache.ratis.server.impl.LeaderElection.waitForResults(LeaderElection.java:259)
	at org.apache.ratis.server.impl.LeaderElection.askForVotes(LeaderElection.java:197)
	at org.apache.ratis.server.impl.LeaderElection.run(LeaderElection.java:133)
	at java.lang.Thread.run(Thread.java:748)
Caused by: org.apache.ratis.thirdparty.io.grpc.StatusRuntimeException: UNAVAILABLE: io exception
	at org.apache.ratis.thirdparty.io.grpc.stub.ClientCalls.toStatusRuntimeException(ClientCalls.java:233)
	at org.apache.ratis.thirdparty.io.grpc.stub.ClientCalls.getUnchecked(ClientCalls.java:214)
	at org.apache.ratis.thirdparty.io.grpc.stub.ClientCalls.blockingUnaryCall(ClientCalls.java:139)
	at org.apache.ratis.proto.grpc.RaftServerProtocolServiceGrpc$RaftServerProtocolServiceBlockingStub.requestVote(RaftServerProtocolServiceGrpc.java:265)
	at org.apache.ratis.grpc.server.GrpcServerProtocolClient.requestVote(GrpcServerProtocolClient.java:99)
	at org.apache.ratis.grpc.server.GrpcService.requestVote(GrpcService.java:204)
	at org.apache.ratis.server.impl.LeaderElection.lambda$submitRequests$1(LeaderElection.java:234)
	at java.util.concurrent.FutureTask.run(FutureTask.java:266)
	at java.util.concurrent.Executors$RunnableAdapter.call(Executors.java:511)
	at java.util.concurrent.FutureTask.run(FutureTask.java:266)
	at java.util.concurrent.ThreadPoolExecutor.runWorker(ThreadPoolExecutor.java:1149)
	at java.util.concurrent.ThreadPoolExecutor$Worker.run(ThreadPoolExecutor.java:624)
	... 1 more
Caused by: org.apache.ratis.thirdparty.io.netty.channel.AbstractChannel$AnnotatedConnectException: Connection refused: /192.168.157.194:46532
	at sun.nio.ch.SocketChannelImpl.checkConnect(Native Method)
	at sun.nio.ch.SocketChannelImpl.finishConnect(SocketChannelImpl.java:717)
	at org.apache.ratis.thirdparty.io.netty.channel.socket.nio.NioSocketChannel.doFinishConnect(NioSocketChannel.java:327)
	at org.apache.ratis.thirdparty.io.netty.channel.nio.AbstractNioChannel$AbstractNioUnsafe.finishConnect(AbstractNioChannel.java:340)
	at org.apache.ratis.thirdparty.io.netty.channel.nio.NioEventLoop.processSelectedKey(NioEventLoop.java:632)
	at org.apache.ratis.thirdparty.io.netty.channel.nio.NioEventLoop.processSelectedKeysOptimized(NioEventLoop.java:579)
	at org.apache.ratis.thirdparty.io.netty.channel.nio.NioEventLoop.processSelectedKeys(NioEventLoop.java:496)
	at org.apache.ratis.thirdparty.io.netty.channel.nio.NioEventLoop.run(NioEventLoop.java:458)
	at org.apache.ratis.thirdparty.io.netty.util.concurrent.SingleThreadEventExecutor$5.run(SingleThreadEventExecutor.java:897)
	at org.apache.ratis.thirdparty.io.netty.util.concurrent.FastThreadLocalRunnable.run(FastThreadLocalRunnable.java:30)
	... 1 more
Caused by: java.net.ConnectException: Connection refused
	... 11 more
2019-11-04 16:03:08,698 [e3fb79a3-1f86-42af-a80c-c46d1acdbc29@group-7855C2F36E53-LeaderElection494] INFO  impl.LeaderElection (LeaderElection.java:logAndReturn(56)) - e3fb79a3-1f86-42af-a80c-c46d1acdbc29@group-7855C2F36E53-LeaderElection494: Election REJECTED; received 0 response(s) [] and 2 exception(s); e3fb79a3-1f86-42af-a80c-c46d1acdbc29@group-7855C2F36E53:t548, leader=null, voted=e3fb79a3-1f86-42af-a80c-c46d1acdbc29, raftlog=e3fb79a3-1f86-42af-a80c-c46d1acdbc29@group-7855C2F36E53-SegmentedRaftLog:OPENED:c-1,f-1,i0, conf=-1: [e3fb79a3-1f86-42af-a80c-c46d1acdbc29:192.168.157.194:44142, 81ff859e-e76f-43f5-951a-4a38422068cb:192.168.157.194:46532, a9143d84-6d7f-497d-b770-eb75585db3c7:192.168.157.194:42126], old=null
2019-11-04 16:03:08,698 [e3fb79a3-1f86-42af-a80c-c46d1acdbc29@group-7855C2F36E53-LeaderElection494] INFO  impl.LeaderElection (LogUtils.java:infoOrTrace(149)) -   Exception 0: {}
java.util.concurrent.ExecutionException: org.apache.ratis.thirdparty.io.grpc.StatusRuntimeException: UNAVAILABLE: io exception
	at java.util.concurrent.FutureTask.report(FutureTask.java:122)
	at java.util.concurrent.FutureTask.get(FutureTask.java:192)
	at org.apache.ratis.server.impl.LeaderElection.waitForResults(LeaderElection.java:259)
	at org.apache.ratis.server.impl.LeaderElection.askForVotes(LeaderElection.java:197)
	at org.apache.ratis.server.impl.LeaderElection.run(LeaderElection.java:133)
	at java.lang.Thread.run(Thread.java:748)
Caused by: org.apache.ratis.thirdparty.io.grpc.StatusRuntimeException: UNAVAILABLE: io exception
	at org.apache.ratis.thirdparty.io.grpc.stub.ClientCalls.toStatusRuntimeException(ClientCalls.java:233)
	at org.apache.ratis.thirdparty.io.grpc.stub.ClientCalls.getUnchecked(ClientCalls.java:214)
	at org.apache.ratis.thirdparty.io.grpc.stub.ClientCalls.blockingUnaryCall(ClientCalls.java:139)
	at org.apache.ratis.proto.grpc.RaftServerProtocolServiceGrpc$RaftServerProtocolServiceBlockingStub.requestVote(RaftServerProtocolServiceGrpc.java:265)
	at org.apache.ratis.grpc.server.GrpcServerProtocolClient.requestVote(GrpcServerProtocolClient.java:99)
	at org.apache.ratis.grpc.server.GrpcService.requestVote(GrpcService.java:204)
	at org.apache.ratis.server.impl.LeaderElection.lambda$submitRequests$1(LeaderElection.java:234)
	at java.util.concurrent.FutureTask.run(FutureTask.java:266)
	at java.util.concurrent.Executors$RunnableAdapter.call(Executors.java:511)
	at java.util.concurrent.FutureTask.run(FutureTask.java:266)
	at java.util.concurrent.ThreadPoolExecutor.runWorker(ThreadPoolExecutor.java:1149)
	at java.util.concurrent.ThreadPoolExecutor$Worker.run(ThreadPoolExecutor.java:624)
	... 1 more
Caused by: org.apache.ratis.thirdparty.io.netty.channel.AbstractChannel$AnnotatedConnectException: Connection refused: /192.168.157.194:42126
	at sun.nio.ch.SocketChannelImpl.checkConnect(Native Method)
	at sun.nio.ch.SocketChannelImpl.finishConnect(SocketChannelImpl.java:717)
	at org.apache.ratis.thirdparty.io.netty.channel.socket.nio.NioSocketChannel.doFinishConnect(NioSocketChannel.java:327)
	at org.apache.ratis.thirdparty.io.netty.channel.nio.AbstractNioChannel$AbstractNioUnsafe.finishConnect(AbstractNioChannel.java:340)
	at org.apache.ratis.thirdparty.io.netty.channel.nio.NioEventLoop.processSelectedKey(NioEventLoop.java:632)
	at org.apache.ratis.thirdparty.io.netty.channel.nio.NioEventLoop.processSelectedKeysOptimized(NioEventLoop.java:579)
	at org.apache.ratis.thirdparty.io.netty.channel.nio.NioEventLoop.processSelectedKeys(NioEventLoop.java:496)
	at org.apache.ratis.thirdparty.io.netty.channel.nio.NioEventLoop.run(NioEventLoop.java:458)
	at org.apache.ratis.thirdparty.io.netty.util.concurrent.SingleThreadEventExecutor$5.run(SingleThreadEventExecutor.java:897)
	at org.apache.ratis.thirdparty.io.netty.util.concurrent.FastThreadLocalRunnable.run(FastThreadLocalRunnable.java:30)
	... 1 more
Caused by: java.net.ConnectException: Connection refused
	... 11 more
2019-11-04 16:03:08,698 [e3fb79a3-1f86-42af-a80c-c46d1acdbc29@group-7855C2F36E53-LeaderElection494] INFO  impl.LeaderElection (LogUtils.java:infoOrTrace(149)) -   Exception 1: {}
java.util.concurrent.ExecutionException: org.apache.ratis.thirdparty.io.grpc.StatusRuntimeException: UNAVAILABLE: io exception
	at java.util.concurrent.FutureTask.report(FutureTask.java:122)
	at java.util.concurrent.FutureTask.get(FutureTask.java:192)
	at org.apache.ratis.server.impl.LeaderElection.waitForResults(LeaderElection.java:259)
	at org.apache.ratis.server.impl.LeaderElection.askForVotes(LeaderElection.java:197)
	at org.apache.ratis.server.impl.LeaderElection.run(LeaderElection.java:133)
	at java.lang.Thread.run(Thread.java:748)
Caused by: org.apache.ratis.thirdparty.io.grpc.StatusRuntimeException: UNAVAILABLE: io exception
	at org.apache.ratis.thirdparty.io.grpc.stub.ClientCalls.toStatusRuntimeException(ClientCalls.java:233)
	at org.apache.ratis.thirdparty.io.grpc.stub.ClientCalls.getUnchecked(ClientCalls.java:214)
	at org.apache.ratis.thirdparty.io.grpc.stub.ClientCalls.blockingUnaryCall(ClientCalls.java:139)
	at org.apache.ratis.proto.grpc.RaftServerProtocolServiceGrpc$RaftServerProtocolServiceBlockingStub.requestVote(RaftServerProtocolServiceGrpc.java:265)
	at org.apache.ratis.grpc.server.GrpcServerProtocolClient.requestVote(GrpcServerProtocolClient.java:99)
	at org.apache.ratis.grpc.server.GrpcService.requestVote(GrpcService.java:204)
	at org.apache.ratis.server.impl.LeaderElection.lambda$submitRequests$1(LeaderElection.java:234)
	at java.util.concurrent.FutureTask.run(FutureTask.java:266)
	at java.util.concurrent.Executors$RunnableAdapter.call(Executors.java:511)
	at java.util.concurrent.FutureTask.run(FutureTask.java:266)
	at java.util.concurrent.ThreadPoolExecutor.runWorker(ThreadPoolExecutor.java:1149)
	at java.util.concurrent.ThreadPoolExecutor$Worker.run(ThreadPoolExecutor.java:624)
	... 1 more
Caused by: org.apache.ratis.thirdparty.io.netty.channel.AbstractChannel$AnnotatedConnectException: Connection refused: /192.168.157.194:46532
	at sun.nio.ch.SocketChannelImpl.checkConnect(Native Method)
	at sun.nio.ch.SocketChannelImpl.finishConnect(SocketChannelImpl.java:717)
	at org.apache.ratis.thirdparty.io.netty.channel.socket.nio.NioSocketChannel.doFinishConnect(NioSocketChannel.java:327)
	at org.apache.ratis.thirdparty.io.netty.channel.nio.AbstractNioChannel$AbstractNioUnsafe.finishConnect(AbstractNioChannel.java:340)
	at org.apache.ratis.thirdparty.io.netty.channel.nio.NioEventLoop.processSelectedKey(NioEventLoop.java:632)
	at org.apache.ratis.thirdparty.io.netty.channel.nio.NioEventLoop.processSelectedKeysOptimized(NioEventLoop.java:579)
	at org.apache.ratis.thirdparty.io.netty.channel.nio.NioEventLoop.processSelectedKeys(NioEventLoop.java:496)
	at org.apache.ratis.thirdparty.io.netty.channel.nio.NioEventLoop.run(NioEventLoop.java:458)
	at org.apache.ratis.thirdparty.io.netty.util.concurrent.SingleThreadEventExecutor$5.run(SingleThreadEventExecutor.java:897)
	at org.apache.ratis.thirdparty.io.netty.util.concurrent.FastThreadLocalRunnable.run(FastThreadLocalRunnable.java:30)
	... 1 more
Caused by: java.net.ConnectException: Connection refused
	... 11 more
2019-11-04 16:03:08,699 [e3fb79a3-1f86-42af-a80c-c46d1acdbc29@group-7855C2F36E53-LeaderElection494] INFO  impl.RaftServerImpl (RaftServerImpl.java:setRole(184)) - e3fb79a3-1f86-42af-a80c-c46d1acdbc29@group-7855C2F36E53: changes role from CANDIDATE to FOLLOWER at term 548 for DISCOVERED_A_NEW_TERM
2019-11-04 16:03:08,699 [e3fb79a3-1f86-42af-a80c-c46d1acdbc29@group-7855C2F36E53-LeaderElection494] INFO  impl.RoleInfo (RoleInfo.java:shutdownLeaderElection(134)) - e3fb79a3-1f86-42af-a80c-c46d1acdbc29: shutdown LeaderElection
2019-11-04 16:03:08,699 [e3fb79a3-1f86-42af-a80c-c46d1acdbc29@group-7855C2F36E53-LeaderElection494] INFO  impl.RoleInfo (RoleInfo.java:updateAndGet(143)) - e3fb79a3-1f86-42af-a80c-c46d1acdbc29: start FollowerState
2019-11-04 16:03:08,774 [Thread-3494] INFO  impl.FollowerState (FollowerState.java:run(108)) - e3fb79a3-1f86-42af-a80c-c46d1acdbc29@group-7855C2F36E53-FollowerState: change to CANDIDATE, lastRpcTime:75ms, electionTimeout:75ms
2019-11-04 16:03:08,775 [Thread-3494] INFO  impl.RoleInfo (RoleInfo.java:shutdownFollowerState(121)) - e3fb79a3-1f86-42af-a80c-c46d1acdbc29: shutdown FollowerState
2019-11-04 16:03:08,775 [Thread-3494] INFO  impl.RaftServerImpl (RaftServerImpl.java:setRole(184)) - e3fb79a3-1f86-42af-a80c-c46d1acdbc29@group-7855C2F36E53: changes role from  FOLLOWER to CANDIDATE at term 548 for changeToCandidate
2019-11-04 16:03:08,775 [Thread-3494] INFO  impl.RoleInfo (RoleInfo.java:updateAndGet(143)) - e3fb79a3-1f86-42af-a80c-c46d1acdbc29: start LeaderElection
2019-11-04 16:03:08,787 [e3fb79a3-1f86-42af-a80c-c46d1acdbc29@group-7855C2F36E53-LeaderElection495] INFO  impl.LeaderElection (LeaderElection.java:askForVotes(178)) - e3fb79a3-1f86-42af-a80c-c46d1acdbc29@group-7855C2F36E53-LeaderElection495: begin an election at term 549 for -1: [e3fb79a3-1f86-42af-a80c-c46d1acdbc29:192.168.157.194:44142, 81ff859e-e76f-43f5-951a-4a38422068cb:192.168.157.194:46532, a9143d84-6d7f-497d-b770-eb75585db3c7:192.168.157.194:42126], old=null
2019-11-04 16:03:08,788 [e3fb79a3-1f86-42af-a80c-c46d1acdbc29@group-7855C2F36E53-LeaderElection495] INFO  impl.LeaderElection (LogUtils.java:infoOrTrace(149)) - e3fb79a3-1f86-42af-a80c-c46d1acdbc29@group-7855C2F36E53-LeaderElection495 got exception when requesting votes: {}
java.util.concurrent.ExecutionException: org.apache.ratis.thirdparty.io.grpc.StatusRuntimeException: UNAVAILABLE: io exception
	at java.util.concurrent.FutureTask.report(FutureTask.java:122)
	at java.util.concurrent.FutureTask.get(FutureTask.java:192)
	at org.apache.ratis.server.impl.LeaderElection.waitForResults(LeaderElection.java:259)
	at org.apache.ratis.server.impl.LeaderElection.askForVotes(LeaderElection.java:197)
	at org.apache.ratis.server.impl.LeaderElection.run(LeaderElection.java:133)
	at java.lang.Thread.run(Thread.java:748)
Caused by: org.apache.ratis.thirdparty.io.grpc.StatusRuntimeException: UNAVAILABLE: io exception
	at org.apache.ratis.thirdparty.io.grpc.stub.ClientCalls.toStatusRuntimeException(ClientCalls.java:233)
	at org.apache.ratis.thirdparty.io.grpc.stub.ClientCalls.getUnchecked(ClientCalls.java:214)
	at org.apache.ratis.thirdparty.io.grpc.stub.ClientCalls.blockingUnaryCall(ClientCalls.java:139)
	at org.apache.ratis.proto.grpc.RaftServerProtocolServiceGrpc$RaftServerProtocolServiceBlockingStub.requestVote(RaftServerProtocolServiceGrpc.java:265)
	at org.apache.ratis.grpc.server.GrpcServerProtocolClient.requestVote(GrpcServerProtocolClient.java:99)
	at org.apache.ratis.grpc.server.GrpcService.requestVote(GrpcService.java:204)
	at org.apache.ratis.server.impl.LeaderElection.lambda$submitRequests$1(LeaderElection.java:234)
	at java.util.concurrent.FutureTask.run(FutureTask.java:266)
	at java.util.concurrent.Executors$RunnableAdapter.call(Executors.java:511)
	at java.util.concurrent.FutureTask.run(FutureTask.java:266)
	at java.util.concurrent.ThreadPoolExecutor.runWorker(ThreadPoolExecutor.java:1149)
	at java.util.concurrent.ThreadPoolExecutor$Worker.run(ThreadPoolExecutor.java:624)
	... 1 more
Caused by: org.apache.ratis.thirdparty.io.netty.channel.AbstractChannel$AnnotatedConnectException: Connection refused: /192.168.157.194:46532
	at sun.nio.ch.SocketChannelImpl.checkConnect(Native Method)
	at sun.nio.ch.SocketChannelImpl.finishConnect(SocketChannelImpl.java:717)
	at org.apache.ratis.thirdparty.io.netty.channel.socket.nio.NioSocketChannel.doFinishConnect(NioSocketChannel.java:327)
	at org.apache.ratis.thirdparty.io.netty.channel.nio.AbstractNioChannel$AbstractNioUnsafe.finishConnect(AbstractNioChannel.java:340)
	at org.apache.ratis.thirdparty.io.netty.channel.nio.NioEventLoop.processSelectedKey(NioEventLoop.java:632)
	at org.apache.ratis.thirdparty.io.netty.channel.nio.NioEventLoop.processSelectedKeysOptimized(NioEventLoop.java:579)
	at org.apache.ratis.thirdparty.io.netty.channel.nio.NioEventLoop.processSelectedKeys(NioEventLoop.java:496)
	at org.apache.ratis.thirdparty.io.netty.channel.nio.NioEventLoop.run(NioEventLoop.java:458)
	at org.apache.ratis.thirdparty.io.netty.util.concurrent.SingleThreadEventExecutor$5.run(SingleThreadEventExecutor.java:897)
	at org.apache.ratis.thirdparty.io.netty.util.concurrent.FastThreadLocalRunnable.run(FastThreadLocalRunnable.java:30)
	... 1 more
Caused by: java.net.ConnectException: Connection refused
	... 11 more
2019-11-04 16:03:08,789 [e3fb79a3-1f86-42af-a80c-c46d1acdbc29@group-7855C2F36E53-LeaderElection495] INFO  impl.LeaderElection (LogUtils.java:infoOrTrace(149)) - e3fb79a3-1f86-42af-a80c-c46d1acdbc29@group-7855C2F36E53-LeaderElection495 got exception when requesting votes: {}
java.util.concurrent.ExecutionException: org.apache.ratis.thirdparty.io.grpc.StatusRuntimeException: UNAVAILABLE: io exception
	at java.util.concurrent.FutureTask.report(FutureTask.java:122)
	at java.util.concurrent.FutureTask.get(FutureTask.java:192)
	at org.apache.ratis.server.impl.LeaderElection.waitForResults(LeaderElection.java:259)
	at org.apache.ratis.server.impl.LeaderElection.askForVotes(LeaderElection.java:197)
	at org.apache.ratis.server.impl.LeaderElection.run(LeaderElection.java:133)
	at java.lang.Thread.run(Thread.java:748)
Caused by: org.apache.ratis.thirdparty.io.grpc.StatusRuntimeException: UNAVAILABLE: io exception
	at org.apache.ratis.thirdparty.io.grpc.stub.ClientCalls.toStatusRuntimeException(ClientCalls.java:233)
	at org.apache.ratis.thirdparty.io.grpc.stub.ClientCalls.getUnchecked(ClientCalls.java:214)
	at org.apache.ratis.thirdparty.io.grpc.stub.ClientCalls.blockingUnaryCall(ClientCalls.java:139)
	at org.apache.ratis.proto.grpc.RaftServerProtocolServiceGrpc$RaftServerProtocolServiceBlockingStub.requestVote(RaftServerProtocolServiceGrpc.java:265)
	at org.apache.ratis.grpc.server.GrpcServerProtocolClient.requestVote(GrpcServerProtocolClient.java:99)
	at org.apache.ratis.grpc.server.GrpcService.requestVote(GrpcService.java:204)
	at org.apache.ratis.server.impl.LeaderElection.lambda$submitRequests$1(LeaderElection.java:234)
	at java.util.concurrent.FutureTask.run(FutureTask.java:266)
	at java.util.concurrent.Executors$RunnableAdapter.call(Executors.java:511)
	at java.util.concurrent.FutureTask.run(FutureTask.java:266)
	at java.util.concurrent.ThreadPoolExecutor.runWorker(ThreadPoolExecutor.java:1149)
	at java.util.concurrent.ThreadPoolExecutor$Worker.run(ThreadPoolExecutor.java:624)
	... 1 more
Caused by: org.apache.ratis.thirdparty.io.netty.channel.AbstractChannel$AnnotatedConnectException: Connection refused: /192.168.157.194:42126
	at sun.nio.ch.SocketChannelImpl.checkConnect(Native Method)
	at sun.nio.ch.SocketChannelImpl.finishConnect(SocketChannelImpl.java:717)
	at org.apache.ratis.thirdparty.io.netty.channel.socket.nio.NioSocketChannel.doFinishConnect(NioSocketChannel.java:327)
	at org.apache.ratis.thirdparty.io.netty.channel.nio.AbstractNioChannel$AbstractNioUnsafe.finishConnect(AbstractNioChannel.java:340)
	at org.apache.ratis.thirdparty.io.netty.channel.nio.NioEventLoop.processSelectedKey(NioEventLoop.java:632)
	at org.apache.ratis.thirdparty.io.netty.channel.nio.NioEventLoop.processSelectedKeysOptimized(NioEventLoop.java:579)
	at org.apache.ratis.thirdparty.io.netty.channel.nio.NioEventLoop.processSelectedKeys(NioEventLoop.java:496)
	at org.apache.ratis.thirdparty.io.netty.channel.nio.NioEventLoop.run(NioEventLoop.java:458)
	at org.apache.ratis.thirdparty.io.netty.util.concurrent.SingleThreadEventExecutor$5.run(SingleThreadEventExecutor.java:897)
	at org.apache.ratis.thirdparty.io.netty.util.concurrent.FastThreadLocalRunnable.run(FastThreadLocalRunnable.java:30)
	... 1 more
Caused by: java.net.ConnectException: Connection refused
	... 11 more
2019-11-04 16:03:08,789 [e3fb79a3-1f86-42af-a80c-c46d1acdbc29@group-7855C2F36E53-LeaderElection495] INFO  impl.LeaderElection (LeaderElection.java:logAndReturn(56)) - e3fb79a3-1f86-42af-a80c-c46d1acdbc29@group-7855C2F36E53-LeaderElection495: Election REJECTED; received 0 response(s) [] and 2 exception(s); e3fb79a3-1f86-42af-a80c-c46d1acdbc29@group-7855C2F36E53:t549, leader=null, voted=e3fb79a3-1f86-42af-a80c-c46d1acdbc29, raftlog=e3fb79a3-1f86-42af-a80c-c46d1acdbc29@group-7855C2F36E53-SegmentedRaftLog:OPENED:c-1,f-1,i0, conf=-1: [e3fb79a3-1f86-42af-a80c-c46d1acdbc29:192.168.157.194:44142, 81ff859e-e76f-43f5-951a-4a38422068cb:192.168.157.194:46532, a9143d84-6d7f-497d-b770-eb75585db3c7:192.168.157.194:42126], old=null
2019-11-04 16:03:08,789 [e3fb79a3-1f86-42af-a80c-c46d1acdbc29@group-7855C2F36E53-LeaderElection495] INFO  impl.LeaderElection (LogUtils.java:infoOrTrace(149)) -   Exception 0: {}
java.util.concurrent.ExecutionException: org.apache.ratis.thirdparty.io.grpc.StatusRuntimeException: UNAVAILABLE: io exception
	at java.util.concurrent.FutureTask.report(FutureTask.java:122)
	at java.util.concurrent.FutureTask.get(FutureTask.java:192)
	at org.apache.ratis.server.impl.LeaderElection.waitForResults(LeaderElection.java:259)
	at org.apache.ratis.server.impl.LeaderElection.askForVotes(LeaderElection.java:197)
	at org.apache.ratis.server.impl.LeaderElection.run(LeaderElection.java:133)
	at java.lang.Thread.run(Thread.java:748)
Caused by: org.apache.ratis.thirdparty.io.grpc.StatusRuntimeException: UNAVAILABLE: io exception
	at org.apache.ratis.thirdparty.io.grpc.stub.ClientCalls.toStatusRuntimeException(ClientCalls.java:233)
	at org.apache.ratis.thirdparty.io.grpc.stub.ClientCalls.getUnchecked(ClientCalls.java:214)
	at org.apache.ratis.thirdparty.io.grpc.stub.ClientCalls.blockingUnaryCall(ClientCalls.java:139)
	at org.apache.ratis.proto.grpc.RaftServerProtocolServiceGrpc$RaftServerProtocolServiceBlockingStub.requestVote(RaftServerProtocolServiceGrpc.java:265)
	at org.apache.ratis.grpc.server.GrpcServerProtocolClient.requestVote(GrpcServerProtocolClient.java:99)
	at org.apache.ratis.grpc.server.GrpcService.requestVote(GrpcService.java:204)
	at org.apache.ratis.server.impl.LeaderElection.lambda$submitRequests$1(LeaderElection.java:234)
	at java.util.concurrent.FutureTask.run(FutureTask.java:266)
	at java.util.concurrent.Executors$RunnableAdapter.call(Executors.java:511)
	at java.util.concurrent.FutureTask.run(FutureTask.java:266)
	at java.util.concurrent.ThreadPoolExecutor.runWorker(ThreadPoolExecutor.java:1149)
	at java.util.concurrent.ThreadPoolExecutor$Worker.run(ThreadPoolExecutor.java:624)
	... 1 more
Caused by: org.apache.ratis.thirdparty.io.netty.channel.AbstractChannel$AnnotatedConnectException: Connection refused: /192.168.157.194:46532
	at sun.nio.ch.SocketChannelImpl.checkConnect(Native Method)
	at sun.nio.ch.SocketChannelImpl.finishConnect(SocketChannelImpl.java:717)
	at org.apache.ratis.thirdparty.io.netty.channel.socket.nio.NioSocketChannel.doFinishConnect(NioSocketChannel.java:327)
	at org.apache.ratis.thirdparty.io.netty.channel.nio.AbstractNioChannel$AbstractNioUnsafe.finishConnect(AbstractNioChannel.java:340)
	at org.apache.ratis.thirdparty.io.netty.channel.nio.NioEventLoop.processSelectedKey(NioEventLoop.java:632)
	at org.apache.ratis.thirdparty.io.netty.channel.nio.NioEventLoop.processSelectedKeysOptimized(NioEventLoop.java:579)
	at org.apache.ratis.thirdparty.io.netty.channel.nio.NioEventLoop.processSelectedKeys(NioEventLoop.java:496)
	at org.apache.ratis.thirdparty.io.netty.channel.nio.NioEventLoop.run(NioEventLoop.java:458)
	at org.apache.ratis.thirdparty.io.netty.util.concurrent.SingleThreadEventExecutor$5.run(SingleThreadEventExecutor.java:897)
	at org.apache.ratis.thirdparty.io.netty.util.concurrent.FastThreadLocalRunnable.run(FastThreadLocalRunnable.java:30)
	... 1 more
Caused by: java.net.ConnectException: Connection refused
	... 11 more
2019-11-04 16:03:08,790 [e3fb79a3-1f86-42af-a80c-c46d1acdbc29@group-7855C2F36E53-LeaderElection495] INFO  impl.LeaderElection (LogUtils.java:infoOrTrace(149)) -   Exception 1: {}
java.util.concurrent.ExecutionException: org.apache.ratis.thirdparty.io.grpc.StatusRuntimeException: UNAVAILABLE: io exception
	at java.util.concurrent.FutureTask.report(FutureTask.java:122)
	at java.util.concurrent.FutureTask.get(FutureTask.java:192)
	at org.apache.ratis.server.impl.LeaderElection.waitForResults(LeaderElection.java:259)
	at org.apache.ratis.server.impl.LeaderElection.askForVotes(LeaderElection.java:197)
	at org.apache.ratis.server.impl.LeaderElection.run(LeaderElection.java:133)
	at java.lang.Thread.run(Thread.java:748)
Caused by: org.apache.ratis.thirdparty.io.grpc.StatusRuntimeException: UNAVAILABLE: io exception
	at org.apache.ratis.thirdparty.io.grpc.stub.ClientCalls.toStatusRuntimeException(ClientCalls.java:233)
	at org.apache.ratis.thirdparty.io.grpc.stub.ClientCalls.getUnchecked(ClientCalls.java:214)
	at org.apache.ratis.thirdparty.io.grpc.stub.ClientCalls.blockingUnaryCall(ClientCalls.java:139)
	at org.apache.ratis.proto.grpc.RaftServerProtocolServiceGrpc$RaftServerProtocolServiceBlockingStub.requestVote(RaftServerProtocolServiceGrpc.java:265)
	at org.apache.ratis.grpc.server.GrpcServerProtocolClient.requestVote(GrpcServerProtocolClient.java:99)
	at org.apache.ratis.grpc.server.GrpcService.requestVote(GrpcService.java:204)
	at org.apache.ratis.server.impl.LeaderElection.lambda$submitRequests$1(LeaderElection.java:234)
	at java.util.concurrent.FutureTask.run(FutureTask.java:266)
	at java.util.concurrent.Executors$RunnableAdapter.call(Executors.java:511)
	at java.util.concurrent.FutureTask.run(FutureTask.java:266)
	at java.util.concurrent.ThreadPoolExecutor.runWorker(ThreadPoolExecutor.java:1149)
	at java.util.concurrent.ThreadPoolExecutor$Worker.run(ThreadPoolExecutor.java:624)
	... 1 more
Caused by: org.apache.ratis.thirdparty.io.netty.channel.AbstractChannel$AnnotatedConnectException: Connection refused: /192.168.157.194:42126
	at sun.nio.ch.SocketChannelImpl.checkConnect(Native Method)
	at sun.nio.ch.SocketChannelImpl.finishConnect(SocketChannelImpl.java:717)
	at org.apache.ratis.thirdparty.io.netty.channel.socket.nio.NioSocketChannel.doFinishConnect(NioSocketChannel.java:327)
	at org.apache.ratis.thirdparty.io.netty.channel.nio.AbstractNioChannel$AbstractNioUnsafe.finishConnect(AbstractNioChannel.java:340)
	at org.apache.ratis.thirdparty.io.netty.channel.nio.NioEventLoop.processSelectedKey(NioEventLoop.java:632)
	at org.apache.ratis.thirdparty.io.netty.channel.nio.NioEventLoop.processSelectedKeysOptimized(NioEventLoop.java:579)
	at org.apache.ratis.thirdparty.io.netty.channel.nio.NioEventLoop.processSelectedKeys(NioEventLoop.java:496)
	at org.apache.ratis.thirdparty.io.netty.channel.nio.NioEventLoop.run(NioEventLoop.java:458)
	at org.apache.ratis.thirdparty.io.netty.util.concurrent.SingleThreadEventExecutor$5.run(SingleThreadEventExecutor.java:897)
	at org.apache.ratis.thirdparty.io.netty.util.concurrent.FastThreadLocalRunnable.run(FastThreadLocalRunnable.java:30)
	... 1 more
Caused by: java.net.ConnectException: Connection refused
	... 11 more
2019-11-04 16:03:08,790 [e3fb79a3-1f86-42af-a80c-c46d1acdbc29@group-7855C2F36E53-LeaderElection495] INFO  impl.RaftServerImpl (RaftServerImpl.java:setRole(184)) - e3fb79a3-1f86-42af-a80c-c46d1acdbc29@group-7855C2F36E53: changes role from CANDIDATE to FOLLOWER at term 549 for DISCOVERED_A_NEW_TERM
2019-11-04 16:03:08,790 [e3fb79a3-1f86-42af-a80c-c46d1acdbc29@group-7855C2F36E53-LeaderElection495] INFO  impl.RoleInfo (RoleInfo.java:shutdownLeaderElection(134)) - e3fb79a3-1f86-42af-a80c-c46d1acdbc29: shutdown LeaderElection
2019-11-04 16:03:08,790 [e3fb79a3-1f86-42af-a80c-c46d1acdbc29@group-7855C2F36E53-LeaderElection495] INFO  impl.RoleInfo (RoleInfo.java:updateAndGet(143)) - e3fb79a3-1f86-42af-a80c-c46d1acdbc29: start FollowerState
2019-11-04 16:03:08,937 [Thread-3498] INFO  impl.FollowerState (FollowerState.java:run(108)) - e3fb79a3-1f86-42af-a80c-c46d1acdbc29@group-7855C2F36E53-FollowerState: change to CANDIDATE, lastRpcTime:146ms, electionTimeout:146ms
2019-11-04 16:03:08,937 [Thread-3498] INFO  impl.RoleInfo (RoleInfo.java:shutdownFollowerState(121)) - e3fb79a3-1f86-42af-a80c-c46d1acdbc29: shutdown FollowerState
2019-11-04 16:03:08,937 [Thread-3498] INFO  impl.RaftServerImpl (RaftServerImpl.java:setRole(184)) - e3fb79a3-1f86-42af-a80c-c46d1acdbc29@group-7855C2F36E53: changes role from  FOLLOWER to CANDIDATE at term 549 for changeToCandidate
2019-11-04 16:03:08,937 [Thread-3498] INFO  impl.RoleInfo (RoleInfo.java:updateAndGet(143)) - e3fb79a3-1f86-42af-a80c-c46d1acdbc29: start LeaderElection
2019-11-04 16:03:08,951 [e3fb79a3-1f86-42af-a80c-c46d1acdbc29@group-7855C2F36E53-LeaderElection496] INFO  impl.LeaderElection (LeaderElection.java:askForVotes(178)) - e3fb79a3-1f86-42af-a80c-c46d1acdbc29@group-7855C2F36E53-LeaderElection496: begin an election at term 550 for -1: [e3fb79a3-1f86-42af-a80c-c46d1acdbc29:192.168.157.194:44142, 81ff859e-e76f-43f5-951a-4a38422068cb:192.168.157.194:46532, a9143d84-6d7f-497d-b770-eb75585db3c7:192.168.157.194:42126], old=null
2019-11-04 16:03:08,952 [e3fb79a3-1f86-42af-a80c-c46d1acdbc29@group-7855C2F36E53-LeaderElection496] INFO  impl.LeaderElection (LogUtils.java:infoOrTrace(149)) - e3fb79a3-1f86-42af-a80c-c46d1acdbc29@group-7855C2F36E53-LeaderElection496 got exception when requesting votes: {}
java.util.concurrent.ExecutionException: org.apache.ratis.thirdparty.io.grpc.StatusRuntimeException: UNAVAILABLE: io exception
	at java.util.concurrent.FutureTask.report(FutureTask.java:122)
	at java.util.concurrent.FutureTask.get(FutureTask.java:192)
	at org.apache.ratis.server.impl.LeaderElection.waitForResults(LeaderElection.java:259)
	at org.apache.ratis.server.impl.LeaderElection.askForVotes(LeaderElection.java:197)
	at org.apache.ratis.server.impl.LeaderElection.run(LeaderElection.java:133)
	at java.lang.Thread.run(Thread.java:748)
Caused by: org.apache.ratis.thirdparty.io.grpc.StatusRuntimeException: UNAVAILABLE: io exception
	at org.apache.ratis.thirdparty.io.grpc.stub.ClientCalls.toStatusRuntimeException(ClientCalls.java:233)
	at org.apache.ratis.thirdparty.io.grpc.stub.ClientCalls.getUnchecked(ClientCalls.java:214)
	at org.apache.ratis.thirdparty.io.grpc.stub.ClientCalls.blockingUnaryCall(ClientCalls.java:139)
	at org.apache.ratis.proto.grpc.RaftServerProtocolServiceGrpc$RaftServerProtocolServiceBlockingStub.requestVote(RaftServerProtocolServiceGrpc.java:265)
	at org.apache.ratis.grpc.server.GrpcServerProtocolClient.requestVote(GrpcServerProtocolClient.java:99)
	at org.apache.ratis.grpc.server.GrpcService.requestVote(GrpcService.java:204)
	at org.apache.ratis.server.impl.LeaderElection.lambda$submitRequests$1(LeaderElection.java:234)
	at java.util.concurrent.FutureTask.run(FutureTask.java:266)
	at java.util.concurrent.Executors$RunnableAdapter.call(Executors.java:511)
	at java.util.concurrent.FutureTask.run(FutureTask.java:266)
	at java.util.concurrent.ThreadPoolExecutor.runWorker(ThreadPoolExecutor.java:1149)
	at java.util.concurrent.ThreadPoolExecutor$Worker.run(ThreadPoolExecutor.java:624)
	... 1 more
Caused by: org.apache.ratis.thirdparty.io.netty.channel.AbstractChannel$AnnotatedConnectException: Connection refused: /192.168.157.194:46532
	at sun.nio.ch.SocketChannelImpl.checkConnect(Native Method)
	at sun.nio.ch.SocketChannelImpl.finishConnect(SocketChannelImpl.java:717)
	at org.apache.ratis.thirdparty.io.netty.channel.socket.nio.NioSocketChannel.doFinishConnect(NioSocketChannel.java:327)
	at org.apache.ratis.thirdparty.io.netty.channel.nio.AbstractNioChannel$AbstractNioUnsafe.finishConnect(AbstractNioChannel.java:340)
	at org.apache.ratis.thirdparty.io.netty.channel.nio.NioEventLoop.processSelectedKey(NioEventLoop.java:632)
	at org.apache.ratis.thirdparty.io.netty.channel.nio.NioEventLoop.processSelectedKeysOptimized(NioEventLoop.java:579)
	at org.apache.ratis.thirdparty.io.netty.channel.nio.NioEventLoop.processSelectedKeys(NioEventLoop.java:496)
	at org.apache.ratis.thirdparty.io.netty.channel.nio.NioEventLoop.run(NioEventLoop.java:458)
	at org.apache.ratis.thirdparty.io.netty.util.concurrent.SingleThreadEventExecutor$5.run(SingleThreadEventExecutor.java:897)
	at org.apache.ratis.thirdparty.io.netty.util.concurrent.FastThreadLocalRunnable.run(FastThreadLocalRunnable.java:30)
	... 1 more
Caused by: java.net.ConnectException: Connection refused
	... 11 more
2019-11-04 16:03:08,952 [e3fb79a3-1f86-42af-a80c-c46d1acdbc29@group-7855C2F36E53-LeaderElection496] INFO  impl.LeaderElection (LogUtils.java:infoOrTrace(149)) - e3fb79a3-1f86-42af-a80c-c46d1acdbc29@group-7855C2F36E53-LeaderElection496 got exception when requesting votes: {}
java.util.concurrent.ExecutionException: org.apache.ratis.thirdparty.io.grpc.StatusRuntimeException: UNAVAILABLE: io exception
	at java.util.concurrent.FutureTask.report(FutureTask.java:122)
	at java.util.concurrent.FutureTask.get(FutureTask.java:192)
	at org.apache.ratis.server.impl.LeaderElection.waitForResults(LeaderElection.java:259)
	at org.apache.ratis.server.impl.LeaderElection.askForVotes(LeaderElection.java:197)
	at org.apache.ratis.server.impl.LeaderElection.run(LeaderElection.java:133)
	at java.lang.Thread.run(Thread.java:748)
Caused by: org.apache.ratis.thirdparty.io.grpc.StatusRuntimeException: UNAVAILABLE: io exception
	at org.apache.ratis.thirdparty.io.grpc.stub.ClientCalls.toStatusRuntimeException(ClientCalls.java:233)
	at org.apache.ratis.thirdparty.io.grpc.stub.ClientCalls.getUnchecked(ClientCalls.java:214)
	at org.apache.ratis.thirdparty.io.grpc.stub.ClientCalls.blockingUnaryCall(ClientCalls.java:139)
	at org.apache.ratis.proto.grpc.RaftServerProtocolServiceGrpc$RaftServerProtocolServiceBlockingStub.requestVote(RaftServerProtocolServiceGrpc.java:265)
	at org.apache.ratis.grpc.server.GrpcServerProtocolClient.requestVote(GrpcServerProtocolClient.java:99)
	at org.apache.ratis.grpc.server.GrpcService.requestVote(GrpcService.java:204)
	at org.apache.ratis.server.impl.LeaderElection.lambda$submitRequests$1(LeaderElection.java:234)
	at java.util.concurrent.FutureTask.run(FutureTask.java:266)
	at java.util.concurrent.Executors$RunnableAdapter.call(Executors.java:511)
	at java.util.concurrent.FutureTask.run(FutureTask.java:266)
	at java.util.concurrent.ThreadPoolExecutor.runWorker(ThreadPoolExecutor.java:1149)
	at java.util.concurrent.ThreadPoolExecutor$Worker.run(ThreadPoolExecutor.java:624)
	... 1 more
Caused by: org.apache.ratis.thirdparty.io.netty.channel.AbstractChannel$AnnotatedConnectException: Connection refused: /192.168.157.194:42126
	at sun.nio.ch.SocketChannelImpl.checkConnect(Native Method)
	at sun.nio.ch.SocketChannelImpl.finishConnect(SocketChannelImpl.java:717)
	at org.apache.ratis.thirdparty.io.netty.channel.socket.nio.NioSocketChannel.doFinishConnect(NioSocketChannel.java:327)
	at org.apache.ratis.thirdparty.io.netty.channel.nio.AbstractNioChannel$AbstractNioUnsafe.finishConnect(AbstractNioChannel.java:340)
	at org.apache.ratis.thirdparty.io.netty.channel.nio.NioEventLoop.processSelectedKey(NioEventLoop.java:632)
	at org.apache.ratis.thirdparty.io.netty.channel.nio.NioEventLoop.processSelectedKeysOptimized(NioEventLoop.java:579)
	at org.apache.ratis.thirdparty.io.netty.channel.nio.NioEventLoop.processSelectedKeys(NioEventLoop.java:496)
	at org.apache.ratis.thirdparty.io.netty.channel.nio.NioEventLoop.run(NioEventLoop.java:458)
	at org.apache.ratis.thirdparty.io.netty.util.concurrent.SingleThreadEventExecutor$5.run(SingleThreadEventExecutor.java:897)
	at org.apache.ratis.thirdparty.io.netty.util.concurrent.FastThreadLocalRunnable.run(FastThreadLocalRunnable.java:30)
	... 1 more
Caused by: java.net.ConnectException: Connection refused
	... 11 more
2019-11-04 16:03:08,952 [e3fb79a3-1f86-42af-a80c-c46d1acdbc29@group-7855C2F36E53-LeaderElection496] INFO  impl.LeaderElection (LeaderElection.java:logAndReturn(56)) - e3fb79a3-1f86-42af-a80c-c46d1acdbc29@group-7855C2F36E53-LeaderElection496: Election REJECTED; received 0 response(s) [] and 2 exception(s); e3fb79a3-1f86-42af-a80c-c46d1acdbc29@group-7855C2F36E53:t550, leader=null, voted=e3fb79a3-1f86-42af-a80c-c46d1acdbc29, raftlog=e3fb79a3-1f86-42af-a80c-c46d1acdbc29@group-7855C2F36E53-SegmentedRaftLog:OPENED:c-1,f-1,i0, conf=-1: [e3fb79a3-1f86-42af-a80c-c46d1acdbc29:192.168.157.194:44142, 81ff859e-e76f-43f5-951a-4a38422068cb:192.168.157.194:46532, a9143d84-6d7f-497d-b770-eb75585db3c7:192.168.157.194:42126], old=null
2019-11-04 16:03:08,952 [e3fb79a3-1f86-42af-a80c-c46d1acdbc29@group-7855C2F36E53-LeaderElection496] INFO  impl.LeaderElection (LogUtils.java:infoOrTrace(149)) -   Exception 0: {}
java.util.concurrent.ExecutionException: org.apache.ratis.thirdparty.io.grpc.StatusRuntimeException: UNAVAILABLE: io exception
	at java.util.concurrent.FutureTask.report(FutureTask.java:122)
	at java.util.concurrent.FutureTask.get(FutureTask.java:192)
	at org.apache.ratis.server.impl.LeaderElection.waitForResults(LeaderElection.java:259)
	at org.apache.ratis.server.impl.LeaderElection.askForVotes(LeaderElection.java:197)
	at org.apache.ratis.server.impl.LeaderElection.run(LeaderElection.java:133)
	at java.lang.Thread.run(Thread.java:748)
Caused by: org.apache.ratis.thirdparty.io.grpc.StatusRuntimeException: UNAVAILABLE: io exception
	at org.apache.ratis.thirdparty.io.grpc.stub.ClientCalls.toStatusRuntimeException(ClientCalls.java:233)
	at org.apache.ratis.thirdparty.io.grpc.stub.ClientCalls.getUnchecked(ClientCalls.java:214)
	at org.apache.ratis.thirdparty.io.grpc.stub.ClientCalls.blockingUnaryCall(ClientCalls.java:139)
	at org.apache.ratis.proto.grpc.RaftServerProtocolServiceGrpc$RaftServerProtocolServiceBlockingStub.requestVote(RaftServerProtocolServiceGrpc.java:265)
	at org.apache.ratis.grpc.server.GrpcServerProtocolClient.requestVote(GrpcServerProtocolClient.java:99)
	at org.apache.ratis.grpc.server.GrpcService.requestVote(GrpcService.java:204)
	at org.apache.ratis.server.impl.LeaderElection.lambda$submitRequests$1(LeaderElection.java:234)
	at java.util.concurrent.FutureTask.run(FutureTask.java:266)
	at java.util.concurrent.Executors$RunnableAdapter.call(Executors.java:511)
	at java.util.concurrent.FutureTask.run(FutureTask.java:266)
	at java.util.concurrent.ThreadPoolExecutor.runWorker(ThreadPoolExecutor.java:1149)
	at java.util.concurrent.ThreadPoolExecutor$Worker.run(ThreadPoolExecutor.java:624)
	... 1 more
Caused by: org.apache.ratis.thirdparty.io.netty.channel.AbstractChannel$AnnotatedConnectException: Connection refused: /192.168.157.194:46532
	at sun.nio.ch.SocketChannelImpl.checkConnect(Native Method)
	at sun.nio.ch.SocketChannelImpl.finishConnect(SocketChannelImpl.java:717)
	at org.apache.ratis.thirdparty.io.netty.channel.socket.nio.NioSocketChannel.doFinishConnect(NioSocketChannel.java:327)
	at org.apache.ratis.thirdparty.io.netty.channel.nio.AbstractNioChannel$AbstractNioUnsafe.finishConnect(AbstractNioChannel.java:340)
	at org.apache.ratis.thirdparty.io.netty.channel.nio.NioEventLoop.processSelectedKey(NioEventLoop.java:632)
	at org.apache.ratis.thirdparty.io.netty.channel.nio.NioEventLoop.processSelectedKeysOptimized(NioEventLoop.java:579)
	at org.apache.ratis.thirdparty.io.netty.channel.nio.NioEventLoop.processSelectedKeys(NioEventLoop.java:496)
	at org.apache.ratis.thirdparty.io.netty.channel.nio.NioEventLoop.run(NioEventLoop.java:458)
	at org.apache.ratis.thirdparty.io.netty.util.concurrent.SingleThreadEventExecutor$5.run(SingleThreadEventExecutor.java:897)
	at org.apache.ratis.thirdparty.io.netty.util.concurrent.FastThreadLocalRunnable.run(FastThreadLocalRunnable.java:30)
	... 1 more
Caused by: java.net.ConnectException: Connection refused
	... 11 more
2019-11-04 16:03:08,953 [e3fb79a3-1f86-42af-a80c-c46d1acdbc29@group-7855C2F36E53-LeaderElection496] INFO  impl.LeaderElection (LogUtils.java:infoOrTrace(149)) -   Exception 1: {}
java.util.concurrent.ExecutionException: org.apache.ratis.thirdparty.io.grpc.StatusRuntimeException: UNAVAILABLE: io exception
	at java.util.concurrent.FutureTask.report(FutureTask.java:122)
	at java.util.concurrent.FutureTask.get(FutureTask.java:192)
	at org.apache.ratis.server.impl.LeaderElection.waitForResults(LeaderElection.java:259)
	at org.apache.ratis.server.impl.LeaderElection.askForVotes(LeaderElection.java:197)
	at org.apache.ratis.server.impl.LeaderElection.run(LeaderElection.java:133)
	at java.lang.Thread.run(Thread.java:748)
Caused by: org.apache.ratis.thirdparty.io.grpc.StatusRuntimeException: UNAVAILABLE: io exception
	at org.apache.ratis.thirdparty.io.grpc.stub.ClientCalls.toStatusRuntimeException(ClientCalls.java:233)
	at org.apache.ratis.thirdparty.io.grpc.stub.ClientCalls.getUnchecked(ClientCalls.java:214)
	at org.apache.ratis.thirdparty.io.grpc.stub.ClientCalls.blockingUnaryCall(ClientCalls.java:139)
	at org.apache.ratis.proto.grpc.RaftServerProtocolServiceGrpc$RaftServerProtocolServiceBlockingStub.requestVote(RaftServerProtocolServiceGrpc.java:265)
	at org.apache.ratis.grpc.server.GrpcServerProtocolClient.requestVote(GrpcServerProtocolClient.java:99)
	at org.apache.ratis.grpc.server.GrpcService.requestVote(GrpcService.java:204)
	at org.apache.ratis.server.impl.LeaderElection.lambda$submitRequests$1(LeaderElection.java:234)
	at java.util.concurrent.FutureTask.run(FutureTask.java:266)
	at java.util.concurrent.Executors$RunnableAdapter.call(Executors.java:511)
	at java.util.concurrent.FutureTask.run(FutureTask.java:266)
	at java.util.concurrent.ThreadPoolExecutor.runWorker(ThreadPoolExecutor.java:1149)
	at java.util.concurrent.ThreadPoolExecutor$Worker.run(ThreadPoolExecutor.java:624)
	... 1 more
Caused by: org.apache.ratis.thirdparty.io.netty.channel.AbstractChannel$AnnotatedConnectException: Connection refused: /192.168.157.194:42126
	at sun.nio.ch.SocketChannelImpl.checkConnect(Native Method)
	at sun.nio.ch.SocketChannelImpl.finishConnect(SocketChannelImpl.java:717)
	at org.apache.ratis.thirdparty.io.netty.channel.socket.nio.NioSocketChannel.doFinishConnect(NioSocketChannel.java:327)
	at org.apache.ratis.thirdparty.io.netty.channel.nio.AbstractNioChannel$AbstractNioUnsafe.finishConnect(AbstractNioChannel.java:340)
	at org.apache.ratis.thirdparty.io.netty.channel.nio.NioEventLoop.processSelectedKey(NioEventLoop.java:632)
	at org.apache.ratis.thirdparty.io.netty.channel.nio.NioEventLoop.processSelectedKeysOptimized(NioEventLoop.java:579)
	at org.apache.ratis.thirdparty.io.netty.channel.nio.NioEventLoop.processSelectedKeys(NioEventLoop.java:496)
	at org.apache.ratis.thirdparty.io.netty.channel.nio.NioEventLoop.run(NioEventLoop.java:458)
	at org.apache.ratis.thirdparty.io.netty.util.concurrent.SingleThreadEventExecutor$5.run(SingleThreadEventExecutor.java:897)
	at org.apache.ratis.thirdparty.io.netty.util.concurrent.FastThreadLocalRunnable.run(FastThreadLocalRunnable.java:30)
	... 1 more
Caused by: java.net.ConnectException: Connection refused
	... 11 more
2019-11-04 16:03:08,953 [e3fb79a3-1f86-42af-a80c-c46d1acdbc29@group-7855C2F36E53-LeaderElection496] INFO  impl.RaftServerImpl (RaftServerImpl.java:setRole(184)) - e3fb79a3-1f86-42af-a80c-c46d1acdbc29@group-7855C2F36E53: changes role from CANDIDATE to FOLLOWER at term 550 for DISCOVERED_A_NEW_TERM
2019-11-04 16:03:08,953 [e3fb79a3-1f86-42af-a80c-c46d1acdbc29@group-7855C2F36E53-LeaderElection496] INFO  impl.RoleInfo (RoleInfo.java:shutdownLeaderElection(134)) - e3fb79a3-1f86-42af-a80c-c46d1acdbc29: shutdown LeaderElection
2019-11-04 16:03:08,953 [e3fb79a3-1f86-42af-a80c-c46d1acdbc29@group-7855C2F36E53-LeaderElection496] INFO  impl.RoleInfo (RoleInfo.java:updateAndGet(143)) - e3fb79a3-1f86-42af-a80c-c46d1acdbc29: start FollowerState
2019-11-04 16:03:09,050 [Thread-3502] INFO  impl.FollowerState (FollowerState.java:run(108)) - e3fb79a3-1f86-42af-a80c-c46d1acdbc29@group-7855C2F36E53-FollowerState: change to CANDIDATE, lastRpcTime:96ms, electionTimeout:96ms
2019-11-04 16:03:09,050 [Thread-3502] INFO  impl.RoleInfo (RoleInfo.java:shutdownFollowerState(121)) - e3fb79a3-1f86-42af-a80c-c46d1acdbc29: shutdown FollowerState
2019-11-04 16:03:09,050 [Thread-3502] INFO  impl.RaftServerImpl (RaftServerImpl.java:setRole(184)) - e3fb79a3-1f86-42af-a80c-c46d1acdbc29@group-7855C2F36E53: changes role from  FOLLOWER to CANDIDATE at term 550 for changeToCandidate
2019-11-04 16:03:09,050 [Thread-3502] INFO  impl.RoleInfo (RoleInfo.java:updateAndGet(143)) - e3fb79a3-1f86-42af-a80c-c46d1acdbc29: start LeaderElection
2019-11-04 16:03:09,064 [e3fb79a3-1f86-42af-a80c-c46d1acdbc29@group-7855C2F36E53-LeaderElection497] INFO  impl.LeaderElection (LeaderElection.java:askForVotes(178)) - e3fb79a3-1f86-42af-a80c-c46d1acdbc29@group-7855C2F36E53-LeaderElection497: begin an election at term 551 for -1: [e3fb79a3-1f86-42af-a80c-c46d1acdbc29:192.168.157.194:44142, 81ff859e-e76f-43f5-951a-4a38422068cb:192.168.157.194:46532, a9143d84-6d7f-497d-b770-eb75585db3c7:192.168.157.194:42126], old=null
2019-11-04 16:03:09,065 [e3fb79a3-1f86-42af-a80c-c46d1acdbc29@group-7855C2F36E53-LeaderElection497] INFO  impl.LeaderElection (LogUtils.java:infoOrTrace(149)) - e3fb79a3-1f86-42af-a80c-c46d1acdbc29@group-7855C2F36E53-LeaderElection497 got exception when requesting votes: {}
java.util.concurrent.ExecutionException: org.apache.ratis.thirdparty.io.grpc.StatusRuntimeException: UNAVAILABLE: io exception
	at java.util.concurrent.FutureTask.report(FutureTask.java:122)
	at java.util.concurrent.FutureTask.get(FutureTask.java:192)
	at org.apache.ratis.server.impl.LeaderElection.waitForResults(LeaderElection.java:259)
	at org.apache.ratis.server.impl.LeaderElection.askForVotes(LeaderElection.java:197)
	at org.apache.ratis.server.impl.LeaderElection.run(LeaderElection.java:133)
	at java.lang.Thread.run(Thread.java:748)
Caused by: org.apache.ratis.thirdparty.io.grpc.StatusRuntimeException: UNAVAILABLE: io exception
	at org.apache.ratis.thirdparty.io.grpc.stub.ClientCalls.toStatusRuntimeException(ClientCalls.java:233)
	at org.apache.ratis.thirdparty.io.grpc.stub.ClientCalls.getUnchecked(ClientCalls.java:214)
	at org.apache.ratis.thirdparty.io.grpc.stub.ClientCalls.blockingUnaryCall(ClientCalls.java:139)
	at org.apache.ratis.proto.grpc.RaftServerProtocolServiceGrpc$RaftServerProtocolServiceBlockingStub.requestVote(RaftServerProtocolServiceGrpc.java:265)
	at org.apache.ratis.grpc.server.GrpcServerProtocolClient.requestVote(GrpcServerProtocolClient.java:99)
	at org.apache.ratis.grpc.server.GrpcService.requestVote(GrpcService.java:204)
	at org.apache.ratis.server.impl.LeaderElection.lambda$submitRequests$1(LeaderElection.java:234)
	at java.util.concurrent.FutureTask.run(FutureTask.java:266)
	at java.util.concurrent.Executors$RunnableAdapter.call(Executors.java:511)
	at java.util.concurrent.FutureTask.run(FutureTask.java:266)
	at java.util.concurrent.ThreadPoolExecutor.runWorker(ThreadPoolExecutor.java:1149)
	at java.util.concurrent.ThreadPoolExecutor$Worker.run(ThreadPoolExecutor.java:624)
	... 1 more
Caused by: org.apache.ratis.thirdparty.io.netty.channel.AbstractChannel$AnnotatedConnectException: Connection refused: /192.168.157.194:42126
	at sun.nio.ch.SocketChannelImpl.checkConnect(Native Method)
	at sun.nio.ch.SocketChannelImpl.finishConnect(SocketChannelImpl.java:717)
	at org.apache.ratis.thirdparty.io.netty.channel.socket.nio.NioSocketChannel.doFinishConnect(NioSocketChannel.java:327)
	at org.apache.ratis.thirdparty.io.netty.channel.nio.AbstractNioChannel$AbstractNioUnsafe.finishConnect(AbstractNioChannel.java:340)
	at org.apache.ratis.thirdparty.io.netty.channel.nio.NioEventLoop.processSelectedKey(NioEventLoop.java:632)
	at org.apache.ratis.thirdparty.io.netty.channel.nio.NioEventLoop.processSelectedKeysOptimized(NioEventLoop.java:579)
	at org.apache.ratis.thirdparty.io.netty.channel.nio.NioEventLoop.processSelectedKeys(NioEventLoop.java:496)
	at org.apache.ratis.thirdparty.io.netty.channel.nio.NioEventLoop.run(NioEventLoop.java:458)
	at org.apache.ratis.thirdparty.io.netty.util.concurrent.SingleThreadEventExecutor$5.run(SingleThreadEventExecutor.java:897)
	at org.apache.ratis.thirdparty.io.netty.util.concurrent.FastThreadLocalRunnable.run(FastThreadLocalRunnable.java:30)
	... 1 more
Caused by: java.net.ConnectException: Connection refused
	... 11 more
2019-11-04 16:03:09,065 [e3fb79a3-1f86-42af-a80c-c46d1acdbc29@group-7855C2F36E53-LeaderElection497] INFO  impl.LeaderElection (LogUtils.java:infoOrTrace(149)) - e3fb79a3-1f86-42af-a80c-c46d1acdbc29@group-7855C2F36E53-LeaderElection497 got exception when requesting votes: {}
java.util.concurrent.ExecutionException: org.apache.ratis.thirdparty.io.grpc.StatusRuntimeException: UNAVAILABLE: io exception
	at java.util.concurrent.FutureTask.report(FutureTask.java:122)
	at java.util.concurrent.FutureTask.get(FutureTask.java:192)
	at org.apache.ratis.server.impl.LeaderElection.waitForResults(LeaderElection.java:259)
	at org.apache.ratis.server.impl.LeaderElection.askForVotes(LeaderElection.java:197)
	at org.apache.ratis.server.impl.LeaderElection.run(LeaderElection.java:133)
	at java.lang.Thread.run(Thread.java:748)
Caused by: org.apache.ratis.thirdparty.io.grpc.StatusRuntimeException: UNAVAILABLE: io exception
	at org.apache.ratis.thirdparty.io.grpc.stub.ClientCalls.toStatusRuntimeException(ClientCalls.java:233)
	at org.apache.ratis.thirdparty.io.grpc.stub.ClientCalls.getUnchecked(ClientCalls.java:214)
	at org.apache.ratis.thirdparty.io.grpc.stub.ClientCalls.blockingUnaryCall(ClientCalls.java:139)
	at org.apache.ratis.proto.grpc.RaftServerProtocolServiceGrpc$RaftServerProtocolServiceBlockingStub.requestVote(RaftServerProtocolServiceGrpc.java:265)
	at org.apache.ratis.grpc.server.GrpcServerProtocolClient.requestVote(GrpcServerProtocolClient.java:99)
	at org.apache.ratis.grpc.server.GrpcService.requestVote(GrpcService.java:204)
	at org.apache.ratis.server.impl.LeaderElection.lambda$submitRequests$1(LeaderElection.java:234)
	at java.util.concurrent.FutureTask.run(FutureTask.java:266)
	at java.util.concurrent.Executors$RunnableAdapter.call(Executors.java:511)
	at java.util.concurrent.FutureTask.run(FutureTask.java:266)
	at java.util.concurrent.ThreadPoolExecutor.runWorker(ThreadPoolExecutor.java:1149)
	at java.util.concurrent.ThreadPoolExecutor$Worker.run(ThreadPoolExecutor.java:624)
	... 1 more
Caused by: org.apache.ratis.thirdparty.io.netty.channel.AbstractChannel$AnnotatedConnectException: Connection refused: /192.168.157.194:46532
	at sun.nio.ch.SocketChannelImpl.checkConnect(Native Method)
	at sun.nio.ch.SocketChannelImpl.finishConnect(SocketChannelImpl.java:717)
	at org.apache.ratis.thirdparty.io.netty.channel.socket.nio.NioSocketChannel.doFinishConnect(NioSocketChannel.java:327)
	at org.apache.ratis.thirdparty.io.netty.channel.nio.AbstractNioChannel$AbstractNioUnsafe.finishConnect(AbstractNioChannel.java:340)
	at org.apache.ratis.thirdparty.io.netty.channel.nio.NioEventLoop.processSelectedKey(NioEventLoop.java:632)
	at org.apache.ratis.thirdparty.io.netty.channel.nio.NioEventLoop.processSelectedKeysOptimized(NioEventLoop.java:579)
	at org.apache.ratis.thirdparty.io.netty.channel.nio.NioEventLoop.processSelectedKeys(NioEventLoop.java:496)
	at org.apache.ratis.thirdparty.io.netty.channel.nio.NioEventLoop.run(NioEventLoop.java:458)
	at org.apache.ratis.thirdparty.io.netty.util.concurrent.SingleThreadEventExecutor$5.run(SingleThreadEventExecutor.java:897)
	at org.apache.ratis.thirdparty.io.netty.util.concurrent.FastThreadLocalRunnable.run(FastThreadLocalRunnable.java:30)
	... 1 more
Caused by: java.net.ConnectException: Connection refused
	... 11 more
2019-11-04 16:03:09,065 [e3fb79a3-1f86-42af-a80c-c46d1acdbc29@group-7855C2F36E53-LeaderElection497] INFO  impl.LeaderElection (LeaderElection.java:logAndReturn(56)) - e3fb79a3-1f86-42af-a80c-c46d1acdbc29@group-7855C2F36E53-LeaderElection497: Election REJECTED; received 0 response(s) [] and 2 exception(s); e3fb79a3-1f86-42af-a80c-c46d1acdbc29@group-7855C2F36E53:t551, leader=null, voted=e3fb79a3-1f86-42af-a80c-c46d1acdbc29, raftlog=e3fb79a3-1f86-42af-a80c-c46d1acdbc29@group-7855C2F36E53-SegmentedRaftLog:OPENED:c-1,f-1,i0, conf=-1: [e3fb79a3-1f86-42af-a80c-c46d1acdbc29:192.168.157.194:44142, 81ff859e-e76f-43f5-951a-4a38422068cb:192.168.157.194:46532, a9143d84-6d7f-497d-b770-eb75585db3c7:192.168.157.194:42126], old=null
2019-11-04 16:03:09,065 [e3fb79a3-1f86-42af-a80c-c46d1acdbc29@group-7855C2F36E53-LeaderElection497] INFO  impl.LeaderElection (LogUtils.java:infoOrTrace(149)) -   Exception 0: {}
java.util.concurrent.ExecutionException: org.apache.ratis.thirdparty.io.grpc.StatusRuntimeException: UNAVAILABLE: io exception
	at java.util.concurrent.FutureTask.report(FutureTask.java:122)
	at java.util.concurrent.FutureTask.get(FutureTask.java:192)
	at org.apache.ratis.server.impl.LeaderElection.waitForResults(LeaderElection.java:259)
	at org.apache.ratis.server.impl.LeaderElection.askForVotes(LeaderElection.java:197)
	at org.apache.ratis.server.impl.LeaderElection.run(LeaderElection.java:133)
	at java.lang.Thread.run(Thread.java:748)
Caused by: org.apache.ratis.thirdparty.io.grpc.StatusRuntimeException: UNAVAILABLE: io exception
	at org.apache.ratis.thirdparty.io.grpc.stub.ClientCalls.toStatusRuntimeException(ClientCalls.java:233)
	at org.apache.ratis.thirdparty.io.grpc.stub.ClientCalls.getUnchecked(ClientCalls.java:214)
	at org.apache.ratis.thirdparty.io.grpc.stub.ClientCalls.blockingUnaryCall(ClientCalls.java:139)
	at org.apache.ratis.proto.grpc.RaftServerProtocolServiceGrpc$RaftServerProtocolServiceBlockingStub.requestVote(RaftServerProtocolServiceGrpc.java:265)
	at org.apache.ratis.grpc.server.GrpcServerProtocolClient.requestVote(GrpcServerProtocolClient.java:99)
	at org.apache.ratis.grpc.server.GrpcService.requestVote(GrpcService.java:204)
	at org.apache.ratis.server.impl.LeaderElection.lambda$submitRequests$1(LeaderElection.java:234)
	at java.util.concurrent.FutureTask.run(FutureTask.java:266)
	at java.util.concurrent.Executors$RunnableAdapter.call(Executors.java:511)
	at java.util.concurrent.FutureTask.run(FutureTask.java:266)
	at java.util.concurrent.ThreadPoolExecutor.runWorker(ThreadPoolExecutor.java:1149)
	at java.util.concurrent.ThreadPoolExecutor$Worker.run(ThreadPoolExecutor.java:624)
	... 1 more
Caused by: org.apache.ratis.thirdparty.io.netty.channel.AbstractChannel$AnnotatedConnectException: Connection refused: /192.168.157.194:42126
	at sun.nio.ch.SocketChannelImpl.checkConnect(Native Method)
	at sun.nio.ch.SocketChannelImpl.finishConnect(SocketChannelImpl.java:717)
	at org.apache.ratis.thirdparty.io.netty.channel.socket.nio.NioSocketChannel.doFinishConnect(NioSocketChannel.java:327)
	at org.apache.ratis.thirdparty.io.netty.channel.nio.AbstractNioChannel$AbstractNioUnsafe.finishConnect(AbstractNioChannel.java:340)
	at org.apache.ratis.thirdparty.io.netty.channel.nio.NioEventLoop.processSelectedKey(NioEventLoop.java:632)
	at org.apache.ratis.thirdparty.io.netty.channel.nio.NioEventLoop.processSelectedKeysOptimized(NioEventLoop.java:579)
	at org.apache.ratis.thirdparty.io.netty.channel.nio.NioEventLoop.processSelectedKeys(NioEventLoop.java:496)
	at org.apache.ratis.thirdparty.io.netty.channel.nio.NioEventLoop.run(NioEventLoop.java:458)
	at org.apache.ratis.thirdparty.io.netty.util.concurrent.SingleThreadEventExecutor$5.run(SingleThreadEventExecutor.java:897)
	at org.apache.ratis.thirdparty.io.netty.util.concurrent.FastThreadLocalRunnable.run(FastThreadLocalRunnable.java:30)
	... 1 more
Caused by: java.net.ConnectException: Connection refused
	... 11 more
2019-11-04 16:03:09,066 [e3fb79a3-1f86-42af-a80c-c46d1acdbc29@group-7855C2F36E53-LeaderElection497] INFO  impl.LeaderElection (LogUtils.java:infoOrTrace(149)) -   Exception 1: {}
java.util.concurrent.ExecutionException: org.apache.ratis.thirdparty.io.grpc.StatusRuntimeException: UNAVAILABLE: io exception
	at java.util.concurrent.FutureTask.report(FutureTask.java:122)
	at java.util.concurrent.FutureTask.get(FutureTask.java:192)
	at org.apache.ratis.server.impl.LeaderElection.waitForResults(LeaderElection.java:259)
	at org.apache.ratis.server.impl.LeaderElection.askForVotes(LeaderElection.java:197)
	at org.apache.ratis.server.impl.LeaderElection.run(LeaderElection.java:133)
	at java.lang.Thread.run(Thread.java:748)
Caused by: org.apache.ratis.thirdparty.io.grpc.StatusRuntimeException: UNAVAILABLE: io exception
	at org.apache.ratis.thirdparty.io.grpc.stub.ClientCalls.toStatusRuntimeException(ClientCalls.java:233)
	at org.apache.ratis.thirdparty.io.grpc.stub.ClientCalls.getUnchecked(ClientCalls.java:214)
	at org.apache.ratis.thirdparty.io.grpc.stub.ClientCalls.blockingUnaryCall(ClientCalls.java:139)
	at org.apache.ratis.proto.grpc.RaftServerProtocolServiceGrpc$RaftServerProtocolServiceBlockingStub.requestVote(RaftServerProtocolServiceGrpc.java:265)
	at org.apache.ratis.grpc.server.GrpcServerProtocolClient.requestVote(GrpcServerProtocolClient.java:99)
	at org.apache.ratis.grpc.server.GrpcService.requestVote(GrpcService.java:204)
	at org.apache.ratis.server.impl.LeaderElection.lambda$submitRequests$1(LeaderElection.java:234)
	at java.util.concurrent.FutureTask.run(FutureTask.java:266)
	at java.util.concurrent.Executors$RunnableAdapter.call(Executors.java:511)
	at java.util.concurrent.FutureTask.run(FutureTask.java:266)
	at java.util.concurrent.ThreadPoolExecutor.runWorker(ThreadPoolExecutor.java:1149)
	at java.util.concurrent.ThreadPoolExecutor$Worker.run(ThreadPoolExecutor.java:624)
	... 1 more
Caused by: org.apache.ratis.thirdparty.io.netty.channel.AbstractChannel$AnnotatedConnectException: Connection refused: /192.168.157.194:46532
	at sun.nio.ch.SocketChannelImpl.checkConnect(Native Method)
	at sun.nio.ch.SocketChannelImpl.finishConnect(SocketChannelImpl.java:717)
	at org.apache.ratis.thirdparty.io.netty.channel.socket.nio.NioSocketChannel.doFinishConnect(NioSocketChannel.java:327)
	at org.apache.ratis.thirdparty.io.netty.channel.nio.AbstractNioChannel$AbstractNioUnsafe.finishConnect(AbstractNioChannel.java:340)
	at org.apache.ratis.thirdparty.io.netty.channel.nio.NioEventLoop.processSelectedKey(NioEventLoop.java:632)
	at org.apache.ratis.thirdparty.io.netty.channel.nio.NioEventLoop.processSelectedKeysOptimized(NioEventLoop.java:579)
	at org.apache.ratis.thirdparty.io.netty.channel.nio.NioEventLoop.processSelectedKeys(NioEventLoop.java:496)
	at org.apache.ratis.thirdparty.io.netty.channel.nio.NioEventLoop.run(NioEventLoop.java:458)
	at org.apache.ratis.thirdparty.io.netty.util.concurrent.SingleThreadEventExecutor$5.run(SingleThreadEventExecutor.java:897)
	at org.apache.ratis.thirdparty.io.netty.util.concurrent.FastThreadLocalRunnable.run(FastThreadLocalRunnable.java:30)
	... 1 more
Caused by: java.net.ConnectException: Connection refused
	... 11 more
2019-11-04 16:03:09,066 [e3fb79a3-1f86-42af-a80c-c46d1acdbc29@group-7855C2F36E53-LeaderElection497] INFO  impl.RaftServerImpl (RaftServerImpl.java:setRole(184)) - e3fb79a3-1f86-42af-a80c-c46d1acdbc29@group-7855C2F36E53: changes role from CANDIDATE to FOLLOWER at term 551 for DISCOVERED_A_NEW_TERM
2019-11-04 16:03:09,066 [e3fb79a3-1f86-42af-a80c-c46d1acdbc29@group-7855C2F36E53-LeaderElection497] INFO  impl.RoleInfo (RoleInfo.java:shutdownLeaderElection(134)) - e3fb79a3-1f86-42af-a80c-c46d1acdbc29: shutdown LeaderElection
2019-11-04 16:03:09,066 [e3fb79a3-1f86-42af-a80c-c46d1acdbc29@group-7855C2F36E53-LeaderElection497] INFO  impl.RoleInfo (RoleInfo.java:updateAndGet(143)) - e3fb79a3-1f86-42af-a80c-c46d1acdbc29: start FollowerState
2019-11-04 16:03:09,196 [Thread-3506] INFO  impl.FollowerState (FollowerState.java:run(108)) - e3fb79a3-1f86-42af-a80c-c46d1acdbc29@group-7855C2F36E53-FollowerState: change to CANDIDATE, lastRpcTime:130ms, electionTimeout:130ms
2019-11-04 16:03:09,197 [Thread-3506] INFO  impl.RoleInfo (RoleInfo.java:shutdownFollowerState(121)) - e3fb79a3-1f86-42af-a80c-c46d1acdbc29: shutdown FollowerState
2019-11-04 16:03:09,197 [Thread-3506] INFO  impl.RaftServerImpl (RaftServerImpl.java:setRole(184)) - e3fb79a3-1f86-42af-a80c-c46d1acdbc29@group-7855C2F36E53: changes role from  FOLLOWER to CANDIDATE at term 551 for changeToCandidate
2019-11-04 16:03:09,197 [Thread-3506] INFO  impl.RoleInfo (RoleInfo.java:updateAndGet(143)) - e3fb79a3-1f86-42af-a80c-c46d1acdbc29: start LeaderElection
2019-11-04 16:03:09,210 [e3fb79a3-1f86-42af-a80c-c46d1acdbc29@group-7855C2F36E53-LeaderElection498] INFO  impl.LeaderElection (LeaderElection.java:askForVotes(178)) - e3fb79a3-1f86-42af-a80c-c46d1acdbc29@group-7855C2F36E53-LeaderElection498: begin an election at term 552 for -1: [e3fb79a3-1f86-42af-a80c-c46d1acdbc29:192.168.157.194:44142, 81ff859e-e76f-43f5-951a-4a38422068cb:192.168.157.194:46532, a9143d84-6d7f-497d-b770-eb75585db3c7:192.168.157.194:42126], old=null
2019-11-04 16:03:09,211 [e3fb79a3-1f86-42af-a80c-c46d1acdbc29@group-7855C2F36E53-LeaderElection498] INFO  impl.LeaderElection (LogUtils.java:infoOrTrace(149)) - e3fb79a3-1f86-42af-a80c-c46d1acdbc29@group-7855C2F36E53-LeaderElection498 got exception when requesting votes: {}
java.util.concurrent.ExecutionException: org.apache.ratis.thirdparty.io.grpc.StatusRuntimeException: UNAVAILABLE: io exception
	at java.util.concurrent.FutureTask.report(FutureTask.java:122)
	at java.util.concurrent.FutureTask.get(FutureTask.java:192)
	at org.apache.ratis.server.impl.LeaderElection.waitForResults(LeaderElection.java:259)
	at org.apache.ratis.server.impl.LeaderElection.askForVotes(LeaderElection.java:197)
	at org.apache.ratis.server.impl.LeaderElection.run(LeaderElection.java:133)
	at java.lang.Thread.run(Thread.java:748)
Caused by: org.apache.ratis.thirdparty.io.grpc.StatusRuntimeException: UNAVAILABLE: io exception
	at org.apache.ratis.thirdparty.io.grpc.stub.ClientCalls.toStatusRuntimeException(ClientCalls.java:233)
	at org.apache.ratis.thirdparty.io.grpc.stub.ClientCalls.getUnchecked(ClientCalls.java:214)
	at org.apache.ratis.thirdparty.io.grpc.stub.ClientCalls.blockingUnaryCall(ClientCalls.java:139)
	at org.apache.ratis.proto.grpc.RaftServerProtocolServiceGrpc$RaftServerProtocolServiceBlockingStub.requestVote(RaftServerProtocolServiceGrpc.java:265)
	at org.apache.ratis.grpc.server.GrpcServerProtocolClient.requestVote(GrpcServerProtocolClient.java:99)
	at org.apache.ratis.grpc.server.GrpcService.requestVote(GrpcService.java:204)
	at org.apache.ratis.server.impl.LeaderElection.lambda$submitRequests$1(LeaderElection.java:234)
	at java.util.concurrent.FutureTask.run(FutureTask.java:266)
	at java.util.concurrent.Executors$RunnableAdapter.call(Executors.java:511)
	at java.util.concurrent.FutureTask.run(FutureTask.java:266)
	at java.util.concurrent.ThreadPoolExecutor.runWorker(ThreadPoolExecutor.java:1149)
	at java.util.concurrent.ThreadPoolExecutor$Worker.run(ThreadPoolExecutor.java:624)
	... 1 more
Caused by: org.apache.ratis.thirdparty.io.netty.channel.AbstractChannel$AnnotatedConnectException: Connection refused: /192.168.157.194:46532
	at sun.nio.ch.SocketChannelImpl.checkConnect(Native Method)
	at sun.nio.ch.SocketChannelImpl.finishConnect(SocketChannelImpl.java:717)
	at org.apache.ratis.thirdparty.io.netty.channel.socket.nio.NioSocketChannel.doFinishConnect(NioSocketChannel.java:327)
	at org.apache.ratis.thirdparty.io.netty.channel.nio.AbstractNioChannel$AbstractNioUnsafe.finishConnect(AbstractNioChannel.java:340)
	at org.apache.ratis.thirdparty.io.netty.channel.nio.NioEventLoop.processSelectedKey(NioEventLoop.java:632)
	at org.apache.ratis.thirdparty.io.netty.channel.nio.NioEventLoop.processSelectedKeysOptimized(NioEventLoop.java:579)
	at org.apache.ratis.thirdparty.io.netty.channel.nio.NioEventLoop.processSelectedKeys(NioEventLoop.java:496)
	at org.apache.ratis.thirdparty.io.netty.channel.nio.NioEventLoop.run(NioEventLoop.java:458)
	at org.apache.ratis.thirdparty.io.netty.util.concurrent.SingleThreadEventExecutor$5.run(SingleThreadEventExecutor.java:897)
	at org.apache.ratis.thirdparty.io.netty.util.concurrent.FastThreadLocalRunnable.run(FastThreadLocalRunnable.java:30)
	... 1 more
Caused by: java.net.ConnectException: Connection refused
	... 11 more
2019-11-04 16:03:09,211 [e3fb79a3-1f86-42af-a80c-c46d1acdbc29@group-7855C2F36E53-LeaderElection498] INFO  impl.LeaderElection (LogUtils.java:infoOrTrace(149)) - e3fb79a3-1f86-42af-a80c-c46d1acdbc29@group-7855C2F36E53-LeaderElection498 got exception when requesting votes: {}
java.util.concurrent.ExecutionException: org.apache.ratis.thirdparty.io.grpc.StatusRuntimeException: UNAVAILABLE: io exception
	at java.util.concurrent.FutureTask.report(FutureTask.java:122)
	at java.util.concurrent.FutureTask.get(FutureTask.java:192)
	at org.apache.ratis.server.impl.LeaderElection.waitForResults(LeaderElection.java:259)
	at org.apache.ratis.server.impl.LeaderElection.askForVotes(LeaderElection.java:197)
	at org.apache.ratis.server.impl.LeaderElection.run(LeaderElection.java:133)
	at java.lang.Thread.run(Thread.java:748)
Caused by: org.apache.ratis.thirdparty.io.grpc.StatusRuntimeException: UNAVAILABLE: io exception
	at org.apache.ratis.thirdparty.io.grpc.stub.ClientCalls.toStatusRuntimeException(ClientCalls.java:233)
	at org.apache.ratis.thirdparty.io.grpc.stub.ClientCalls.getUnchecked(ClientCalls.java:214)
	at org.apache.ratis.thirdparty.io.grpc.stub.ClientCalls.blockingUnaryCall(ClientCalls.java:139)
	at org.apache.ratis.proto.grpc.RaftServerProtocolServiceGrpc$RaftServerProtocolServiceBlockingStub.requestVote(RaftServerProtocolServiceGrpc.java:265)
	at org.apache.ratis.grpc.server.GrpcServerProtocolClient.requestVote(GrpcServerProtocolClient.java:99)
	at org.apache.ratis.grpc.server.GrpcService.requestVote(GrpcService.java:204)
	at org.apache.ratis.server.impl.LeaderElection.lambda$submitRequests$1(LeaderElection.java:234)
	at java.util.concurrent.FutureTask.run(FutureTask.java:266)
	at java.util.concurrent.Executors$RunnableAdapter.call(Executors.java:511)
	at java.util.concurrent.FutureTask.run(FutureTask.java:266)
	at java.util.concurrent.ThreadPoolExecutor.runWorker(ThreadPoolExecutor.java:1149)
	at java.util.concurrent.ThreadPoolExecutor$Worker.run(ThreadPoolExecutor.java:624)
	... 1 more
Caused by: org.apache.ratis.thirdparty.io.netty.channel.AbstractChannel$AnnotatedConnectException: Connection refused: /192.168.157.194:42126
	at sun.nio.ch.SocketChannelImpl.checkConnect(Native Method)
	at sun.nio.ch.SocketChannelImpl.finishConnect(SocketChannelImpl.java:717)
	at org.apache.ratis.thirdparty.io.netty.channel.socket.nio.NioSocketChannel.doFinishConnect(NioSocketChannel.java:327)
	at org.apache.ratis.thirdparty.io.netty.channel.nio.AbstractNioChannel$AbstractNioUnsafe.finishConnect(AbstractNioChannel.java:340)
	at org.apache.ratis.thirdparty.io.netty.channel.nio.NioEventLoop.processSelectedKey(NioEventLoop.java:632)
	at org.apache.ratis.thirdparty.io.netty.channel.nio.NioEventLoop.processSelectedKeysOptimized(NioEventLoop.java:579)
	at org.apache.ratis.thirdparty.io.netty.channel.nio.NioEventLoop.processSelectedKeys(NioEventLoop.java:496)
	at org.apache.ratis.thirdparty.io.netty.channel.nio.NioEventLoop.run(NioEventLoop.java:458)
	at org.apache.ratis.thirdparty.io.netty.util.concurrent.SingleThreadEventExecutor$5.run(SingleThreadEventExecutor.java:897)
	at org.apache.ratis.thirdparty.io.netty.util.concurrent.FastThreadLocalRunnable.run(FastThreadLocalRunnable.java:30)
	... 1 more
Caused by: java.net.ConnectException: Connection refused
	... 11 more
2019-11-04 16:03:09,212 [e3fb79a3-1f86-42af-a80c-c46d1acdbc29@group-7855C2F36E53-LeaderElection498] INFO  impl.LeaderElection (LeaderElection.java:logAndReturn(56)) - e3fb79a3-1f86-42af-a80c-c46d1acdbc29@group-7855C2F36E53-LeaderElection498: Election REJECTED; received 0 response(s) [] and 2 exception(s); e3fb79a3-1f86-42af-a80c-c46d1acdbc29@group-7855C2F36E53:t552, leader=null, voted=e3fb79a3-1f86-42af-a80c-c46d1acdbc29, raftlog=e3fb79a3-1f86-42af-a80c-c46d1acdbc29@group-7855C2F36E53-SegmentedRaftLog:OPENED:c-1,f-1,i0, conf=-1: [e3fb79a3-1f86-42af-a80c-c46d1acdbc29:192.168.157.194:44142, 81ff859e-e76f-43f5-951a-4a38422068cb:192.168.157.194:46532, a9143d84-6d7f-497d-b770-eb75585db3c7:192.168.157.194:42126], old=null
2019-11-04 16:03:09,212 [e3fb79a3-1f86-42af-a80c-c46d1acdbc29@group-7855C2F36E53-LeaderElection498] INFO  impl.LeaderElection (LogUtils.java:infoOrTrace(149)) -   Exception 0: {}
java.util.concurrent.ExecutionException: org.apache.ratis.thirdparty.io.grpc.StatusRuntimeException: UNAVAILABLE: io exception
	at java.util.concurrent.FutureTask.report(FutureTask.java:122)
	at java.util.concurrent.FutureTask.get(FutureTask.java:192)
	at org.apache.ratis.server.impl.LeaderElection.waitForResults(LeaderElection.java:259)
	at org.apache.ratis.server.impl.LeaderElection.askForVotes(LeaderElection.java:197)
	at org.apache.ratis.server.impl.LeaderElection.run(LeaderElection.java:133)
	at java.lang.Thread.run(Thread.java:748)
Caused by: org.apache.ratis.thirdparty.io.grpc.StatusRuntimeException: UNAVAILABLE: io exception
	at org.apache.ratis.thirdparty.io.grpc.stub.ClientCalls.toStatusRuntimeException(ClientCalls.java:233)
	at org.apache.ratis.thirdparty.io.grpc.stub.ClientCalls.getUnchecked(ClientCalls.java:214)
	at org.apache.ratis.thirdparty.io.grpc.stub.ClientCalls.blockingUnaryCall(ClientCalls.java:139)
	at org.apache.ratis.proto.grpc.RaftServerProtocolServiceGrpc$RaftServerProtocolServiceBlockingStub.requestVote(RaftServerProtocolServiceGrpc.java:265)
	at org.apache.ratis.grpc.server.GrpcServerProtocolClient.requestVote(GrpcServerProtocolClient.java:99)
	at org.apache.ratis.grpc.server.GrpcService.requestVote(GrpcService.java:204)
	at org.apache.ratis.server.impl.LeaderElection.lambda$submitRequests$1(LeaderElection.java:234)
	at java.util.concurrent.FutureTask.run(FutureTask.java:266)
	at java.util.concurrent.Executors$RunnableAdapter.call(Executors.java:511)
	at java.util.concurrent.FutureTask.run(FutureTask.java:266)
	at java.util.concurrent.ThreadPoolExecutor.runWorker(ThreadPoolExecutor.java:1149)
	at java.util.concurrent.ThreadPoolExecutor$Worker.run(ThreadPoolExecutor.java:624)
	... 1 more
Caused by: org.apache.ratis.thirdparty.io.netty.channel.AbstractChannel$AnnotatedConnectException: Connection refused: /192.168.157.194:46532
	at sun.nio.ch.SocketChannelImpl.checkConnect(Native Method)
	at sun.nio.ch.SocketChannelImpl.finishConnect(SocketChannelImpl.java:717)
	at org.apache.ratis.thirdparty.io.netty.channel.socket.nio.NioSocketChannel.doFinishConnect(NioSocketChannel.java:327)
	at org.apache.ratis.thirdparty.io.netty.channel.nio.AbstractNioChannel$AbstractNioUnsafe.finishConnect(AbstractNioChannel.java:340)
	at org.apache.ratis.thirdparty.io.netty.channel.nio.NioEventLoop.processSelectedKey(NioEventLoop.java:632)
	at org.apache.ratis.thirdparty.io.netty.channel.nio.NioEventLoop.processSelectedKeysOptimized(NioEventLoop.java:579)
	at org.apache.ratis.thirdparty.io.netty.channel.nio.NioEventLoop.processSelectedKeys(NioEventLoop.java:496)
	at org.apache.ratis.thirdparty.io.netty.channel.nio.NioEventLoop.run(NioEventLoop.java:458)
	at org.apache.ratis.thirdparty.io.netty.util.concurrent.SingleThreadEventExecutor$5.run(SingleThreadEventExecutor.java:897)
	at org.apache.ratis.thirdparty.io.netty.util.concurrent.FastThreadLocalRunnable.run(FastThreadLocalRunnable.java:30)
	... 1 more
Caused by: java.net.ConnectException: Connection refused
	... 11 more
2019-11-04 16:03:09,212 [e3fb79a3-1f86-42af-a80c-c46d1acdbc29@group-7855C2F36E53-LeaderElection498] INFO  impl.LeaderElection (LogUtils.java:infoOrTrace(149)) -   Exception 1: {}
java.util.concurrent.ExecutionException: org.apache.ratis.thirdparty.io.grpc.StatusRuntimeException: UNAVAILABLE: io exception
	at java.util.concurrent.FutureTask.report(FutureTask.java:122)
	at java.util.concurrent.FutureTask.get(FutureTask.java:192)
	at org.apache.ratis.server.impl.LeaderElection.waitForResults(LeaderElection.java:259)
	at org.apache.ratis.server.impl.LeaderElection.askForVotes(LeaderElection.java:197)
	at org.apache.ratis.server.impl.LeaderElection.run(LeaderElection.java:133)
	at java.lang.Thread.run(Thread.java:748)
Caused by: org.apache.ratis.thirdparty.io.grpc.StatusRuntimeException: UNAVAILABLE: io exception
	at org.apache.ratis.thirdparty.io.grpc.stub.ClientCalls.toStatusRuntimeException(ClientCalls.java:233)
	at org.apache.ratis.thirdparty.io.grpc.stub.ClientCalls.getUnchecked(ClientCalls.java:214)
	at org.apache.ratis.thirdparty.io.grpc.stub.ClientCalls.blockingUnaryCall(ClientCalls.java:139)
	at org.apache.ratis.proto.grpc.RaftServerProtocolServiceGrpc$RaftServerProtocolServiceBlockingStub.requestVote(RaftServerProtocolServiceGrpc.java:265)
	at org.apache.ratis.grpc.server.GrpcServerProtocolClient.requestVote(GrpcServerProtocolClient.java:99)
	at org.apache.ratis.grpc.server.GrpcService.requestVote(GrpcService.java:204)
	at org.apache.ratis.server.impl.LeaderElection.lambda$submitRequests$1(LeaderElection.java:234)
	at java.util.concurrent.FutureTask.run(FutureTask.java:266)
	at java.util.concurrent.Executors$RunnableAdapter.call(Executors.java:511)
	at java.util.concurrent.FutureTask.run(FutureTask.java:266)
	at java.util.concurrent.ThreadPoolExecutor.runWorker(ThreadPoolExecutor.java:1149)
	at java.util.concurrent.ThreadPoolExecutor$Worker.run(ThreadPoolExecutor.java:624)
	... 1 more
Caused by: org.apache.ratis.thirdparty.io.netty.channel.AbstractChannel$AnnotatedConnectException: Connection refused: /192.168.157.194:42126
	at sun.nio.ch.SocketChannelImpl.checkConnect(Native Method)
	at sun.nio.ch.SocketChannelImpl.finishConnect(SocketChannelImpl.java:717)
	at org.apache.ratis.thirdparty.io.netty.channel.socket.nio.NioSocketChannel.doFinishConnect(NioSocketChannel.java:327)
	at org.apache.ratis.thirdparty.io.netty.channel.nio.AbstractNioChannel$AbstractNioUnsafe.finishConnect(AbstractNioChannel.java:340)
	at org.apache.ratis.thirdparty.io.netty.channel.nio.NioEventLoop.processSelectedKey(NioEventLoop.java:632)
	at org.apache.ratis.thirdparty.io.netty.channel.nio.NioEventLoop.processSelectedKeysOptimized(NioEventLoop.java:579)
	at org.apache.ratis.thirdparty.io.netty.channel.nio.NioEventLoop.processSelectedKeys(NioEventLoop.java:496)
	at org.apache.ratis.thirdparty.io.netty.channel.nio.NioEventLoop.run(NioEventLoop.java:458)
	at org.apache.ratis.thirdparty.io.netty.util.concurrent.SingleThreadEventExecutor$5.run(SingleThreadEventExecutor.java:897)
	at org.apache.ratis.thirdparty.io.netty.util.concurrent.FastThreadLocalRunnable.run(FastThreadLocalRunnable.java:30)
	... 1 more
Caused by: java.net.ConnectException: Connection refused
	... 11 more
2019-11-04 16:03:09,212 [e3fb79a3-1f86-42af-a80c-c46d1acdbc29@group-7855C2F36E53-LeaderElection498] INFO  impl.RaftServerImpl (RaftServerImpl.java:setRole(184)) - e3fb79a3-1f86-42af-a80c-c46d1acdbc29@group-7855C2F36E53: changes role from CANDIDATE to FOLLOWER at term 552 for DISCOVERED_A_NEW_TERM
2019-11-04 16:03:09,212 [e3fb79a3-1f86-42af-a80c-c46d1acdbc29@group-7855C2F36E53-LeaderElection498] INFO  impl.RoleInfo (RoleInfo.java:shutdownLeaderElection(134)) - e3fb79a3-1f86-42af-a80c-c46d1acdbc29: shutdown LeaderElection
2019-11-04 16:03:09,212 [e3fb79a3-1f86-42af-a80c-c46d1acdbc29@group-7855C2F36E53-LeaderElection498] INFO  impl.RoleInfo (RoleInfo.java:updateAndGet(143)) - e3fb79a3-1f86-42af-a80c-c46d1acdbc29: start FollowerState
2019-11-04 16:03:09,289 [Thread-3511] INFO  impl.FollowerState (FollowerState.java:run(108)) - e3fb79a3-1f86-42af-a80c-c46d1acdbc29@group-7855C2F36E53-FollowerState: change to CANDIDATE, lastRpcTime:76ms, electionTimeout:76ms
2019-11-04 16:03:09,289 [Thread-3511] INFO  impl.RoleInfo (RoleInfo.java:shutdownFollowerState(121)) - e3fb79a3-1f86-42af-a80c-c46d1acdbc29: shutdown FollowerState
2019-11-04 16:03:09,289 [Thread-3511] INFO  impl.RaftServerImpl (RaftServerImpl.java:setRole(184)) - e3fb79a3-1f86-42af-a80c-c46d1acdbc29@group-7855C2F36E53: changes role from  FOLLOWER to CANDIDATE at term 552 for changeToCandidate
2019-11-04 16:03:09,290 [Thread-3511] INFO  impl.RoleInfo (RoleInfo.java:updateAndGet(143)) - e3fb79a3-1f86-42af-a80c-c46d1acdbc29: start LeaderElection
2019-11-04 16:03:09,303 [e3fb79a3-1f86-42af-a80c-c46d1acdbc29@group-7855C2F36E53-LeaderElection499] INFO  impl.LeaderElection (LeaderElection.java:askForVotes(178)) - e3fb79a3-1f86-42af-a80c-c46d1acdbc29@group-7855C2F36E53-LeaderElection499: begin an election at term 553 for -1: [e3fb79a3-1f86-42af-a80c-c46d1acdbc29:192.168.157.194:44142, 81ff859e-e76f-43f5-951a-4a38422068cb:192.168.157.194:46532, a9143d84-6d7f-497d-b770-eb75585db3c7:192.168.157.194:42126], old=null
2019-11-04 16:03:09,304 [e3fb79a3-1f86-42af-a80c-c46d1acdbc29@group-7855C2F36E53-LeaderElection499] INFO  impl.LeaderElection (LogUtils.java:infoOrTrace(149)) - e3fb79a3-1f86-42af-a80c-c46d1acdbc29@group-7855C2F36E53-LeaderElection499 got exception when requesting votes: {}
java.util.concurrent.ExecutionException: org.apache.ratis.thirdparty.io.grpc.StatusRuntimeException: UNAVAILABLE: io exception
	at java.util.concurrent.FutureTask.report(FutureTask.java:122)
	at java.util.concurrent.FutureTask.get(FutureTask.java:192)
	at org.apache.ratis.server.impl.LeaderElection.waitForResults(LeaderElection.java:259)
	at org.apache.ratis.server.impl.LeaderElection.askForVotes(LeaderElection.java:197)
	at org.apache.ratis.server.impl.LeaderElection.run(LeaderElection.java:133)
	at java.lang.Thread.run(Thread.java:748)
Caused by: org.apache.ratis.thirdparty.io.grpc.StatusRuntimeException: UNAVAILABLE: io exception
	at org.apache.ratis.thirdparty.io.grpc.stub.ClientCalls.toStatusRuntimeException(ClientCalls.java:233)
	at org.apache.ratis.thirdparty.io.grpc.stub.ClientCalls.getUnchecked(ClientCalls.java:214)
	at org.apache.ratis.thirdparty.io.grpc.stub.ClientCalls.blockingUnaryCall(ClientCalls.java:139)
	at org.apache.ratis.proto.grpc.RaftServerProtocolServiceGrpc$RaftServerProtocolServiceBlockingStub.requestVote(RaftServerProtocolServiceGrpc.java:265)
	at org.apache.ratis.grpc.server.GrpcServerProtocolClient.requestVote(GrpcServerProtocolClient.java:99)
	at org.apache.ratis.grpc.server.GrpcService.requestVote(GrpcService.java:204)
	at org.apache.ratis.server.impl.LeaderElection.lambda$submitRequests$1(LeaderElection.java:234)
	at java.util.concurrent.FutureTask.run(FutureTask.java:266)
	at java.util.concurrent.Executors$RunnableAdapter.call(Executors.java:511)
	at java.util.concurrent.FutureTask.run(FutureTask.java:266)
	at java.util.concurrent.ThreadPoolExecutor.runWorker(ThreadPoolExecutor.java:1149)
	at java.util.concurrent.ThreadPoolExecutor$Worker.run(ThreadPoolExecutor.java:624)
	... 1 more
Caused by: org.apache.ratis.thirdparty.io.netty.channel.AbstractChannel$AnnotatedConnectException: Connection refused: /192.168.157.194:46532
	at sun.nio.ch.SocketChannelImpl.checkConnect(Native Method)
	at sun.nio.ch.SocketChannelImpl.finishConnect(SocketChannelImpl.java:717)
	at org.apache.ratis.thirdparty.io.netty.channel.socket.nio.NioSocketChannel.doFinishConnect(NioSocketChannel.java:327)
	at org.apache.ratis.thirdparty.io.netty.channel.nio.AbstractNioChannel$AbstractNioUnsafe.finishConnect(AbstractNioChannel.java:340)
	at org.apache.ratis.thirdparty.io.netty.channel.nio.NioEventLoop.processSelectedKey(NioEventLoop.java:632)
	at org.apache.ratis.thirdparty.io.netty.channel.nio.NioEventLoop.processSelectedKeysOptimized(NioEventLoop.java:579)
	at org.apache.ratis.thirdparty.io.netty.channel.nio.NioEventLoop.processSelectedKeys(NioEventLoop.java:496)
	at org.apache.ratis.thirdparty.io.netty.channel.nio.NioEventLoop.run(NioEventLoop.java:458)
	at org.apache.ratis.thirdparty.io.netty.util.concurrent.SingleThreadEventExecutor$5.run(SingleThreadEventExecutor.java:897)
	at org.apache.ratis.thirdparty.io.netty.util.concurrent.FastThreadLocalRunnable.run(FastThreadLocalRunnable.java:30)
	... 1 more
Caused by: java.net.ConnectException: Connection refused
	... 11 more
2019-11-04 16:03:09,304 [e3fb79a3-1f86-42af-a80c-c46d1acdbc29@group-7855C2F36E53-LeaderElection499] INFO  impl.LeaderElection (LogUtils.java:infoOrTrace(149)) - e3fb79a3-1f86-42af-a80c-c46d1acdbc29@group-7855C2F36E53-LeaderElection499 got exception when requesting votes: {}
java.util.concurrent.ExecutionException: org.apache.ratis.thirdparty.io.grpc.StatusRuntimeException: UNAVAILABLE: io exception
	at java.util.concurrent.FutureTask.report(FutureTask.java:122)
	at java.util.concurrent.FutureTask.get(FutureTask.java:192)
	at org.apache.ratis.server.impl.LeaderElection.waitForResults(LeaderElection.java:259)
	at org.apache.ratis.server.impl.LeaderElection.askForVotes(LeaderElection.java:197)
	at org.apache.ratis.server.impl.LeaderElection.run(LeaderElection.java:133)
	at java.lang.Thread.run(Thread.java:748)
Caused by: org.apache.ratis.thirdparty.io.grpc.StatusRuntimeException: UNAVAILABLE: io exception
	at org.apache.ratis.thirdparty.io.grpc.stub.ClientCalls.toStatusRuntimeException(ClientCalls.java:233)
	at org.apache.ratis.thirdparty.io.grpc.stub.ClientCalls.getUnchecked(ClientCalls.java:214)
	at org.apache.ratis.thirdparty.io.grpc.stub.ClientCalls.blockingUnaryCall(ClientCalls.java:139)
	at org.apache.ratis.proto.grpc.RaftServerProtocolServiceGrpc$RaftServerProtocolServiceBlockingStub.requestVote(RaftServerProtocolServiceGrpc.java:265)
	at org.apache.ratis.grpc.server.GrpcServerProtocolClient.requestVote(GrpcServerProtocolClient.java:99)
	at org.apache.ratis.grpc.server.GrpcService.requestVote(GrpcService.java:204)
	at org.apache.ratis.server.impl.LeaderElection.lambda$submitRequests$1(LeaderElection.java:234)
	at java.util.concurrent.FutureTask.run(FutureTask.java:266)
	at java.util.concurrent.Executors$RunnableAdapter.call(Executors.java:511)
	at java.util.concurrent.FutureTask.run(FutureTask.java:266)
	at java.util.concurrent.ThreadPoolExecutor.runWorker(ThreadPoolExecutor.java:1149)
	at java.util.concurrent.ThreadPoolExecutor$Worker.run(ThreadPoolExecutor.java:624)
	... 1 more
Caused by: org.apache.ratis.thirdparty.io.netty.channel.AbstractChannel$AnnotatedConnectException: Connection refused: /192.168.157.194:42126
	at sun.nio.ch.SocketChannelImpl.checkConnect(Native Method)
	at sun.nio.ch.SocketChannelImpl.finishConnect(SocketChannelImpl.java:717)
	at org.apache.ratis.thirdparty.io.netty.channel.socket.nio.NioSocketChannel.doFinishConnect(NioSocketChannel.java:327)
	at org.apache.ratis.thirdparty.io.netty.channel.nio.AbstractNioChannel$AbstractNioUnsafe.finishConnect(AbstractNioChannel.java:340)
	at org.apache.ratis.thirdparty.io.netty.channel.nio.NioEventLoop.processSelectedKey(NioEventLoop.java:632)
	at org.apache.ratis.thirdparty.io.netty.channel.nio.NioEventLoop.processSelectedKeysOptimized(NioEventLoop.java:579)
	at org.apache.ratis.thirdparty.io.netty.channel.nio.NioEventLoop.processSelectedKeys(NioEventLoop.java:496)
	at org.apache.ratis.thirdparty.io.netty.channel.nio.NioEventLoop.run(NioEventLoop.java:458)
	at org.apache.ratis.thirdparty.io.netty.util.concurrent.SingleThreadEventExecutor$5.run(SingleThreadEventExecutor.java:897)
	at org.apache.ratis.thirdparty.io.netty.util.concurrent.FastThreadLocalRunnable.run(FastThreadLocalRunnable.java:30)
	... 1 more
Caused by: java.net.ConnectException: Connection refused
	... 11 more
2019-11-04 16:03:09,304 [e3fb79a3-1f86-42af-a80c-c46d1acdbc29@group-7855C2F36E53-LeaderElection499] INFO  impl.LeaderElection (LeaderElection.java:logAndReturn(56)) - e3fb79a3-1f86-42af-a80c-c46d1acdbc29@group-7855C2F36E53-LeaderElection499: Election REJECTED; received 0 response(s) [] and 2 exception(s); e3fb79a3-1f86-42af-a80c-c46d1acdbc29@group-7855C2F36E53:t553, leader=null, voted=e3fb79a3-1f86-42af-a80c-c46d1acdbc29, raftlog=e3fb79a3-1f86-42af-a80c-c46d1acdbc29@group-7855C2F36E53-SegmentedRaftLog:OPENED:c-1,f-1,i0, conf=-1: [e3fb79a3-1f86-42af-a80c-c46d1acdbc29:192.168.157.194:44142, 81ff859e-e76f-43f5-951a-4a38422068cb:192.168.157.194:46532, a9143d84-6d7f-497d-b770-eb75585db3c7:192.168.157.194:42126], old=null
2019-11-04 16:03:09,305 [e3fb79a3-1f86-42af-a80c-c46d1acdbc29@group-7855C2F36E53-LeaderElection499] INFO  impl.LeaderElection (LogUtils.java:infoOrTrace(149)) -   Exception 0: {}
java.util.concurrent.ExecutionException: org.apache.ratis.thirdparty.io.grpc.StatusRuntimeException: UNAVAILABLE: io exception
	at java.util.concurrent.FutureTask.report(FutureTask.java:122)
	at java.util.concurrent.FutureTask.get(FutureTask.java:192)
	at org.apache.ratis.server.impl.LeaderElection.waitForResults(LeaderElection.java:259)
	at org.apache.ratis.server.impl.LeaderElection.askForVotes(LeaderElection.java:197)
	at org.apache.ratis.server.impl.LeaderElection.run(LeaderElection.java:133)
	at java.lang.Thread.run(Thread.java:748)
Caused by: org.apache.ratis.thirdparty.io.grpc.StatusRuntimeException: UNAVAILABLE: io exception
	at org.apache.ratis.thirdparty.io.grpc.stub.ClientCalls.toStatusRuntimeException(ClientCalls.java:233)
	at org.apache.ratis.thirdparty.io.grpc.stub.ClientCalls.getUnchecked(ClientCalls.java:214)
	at org.apache.ratis.thirdparty.io.grpc.stub.ClientCalls.blockingUnaryCall(ClientCalls.java:139)
	at org.apache.ratis.proto.grpc.RaftServerProtocolServiceGrpc$RaftServerProtocolServiceBlockingStub.requestVote(RaftServerProtocolServiceGrpc.java:265)
	at org.apache.ratis.grpc.server.GrpcServerProtocolClient.requestVote(GrpcServerProtocolClient.java:99)
	at org.apache.ratis.grpc.server.GrpcService.requestVote(GrpcService.java:204)
	at org.apache.ratis.server.impl.LeaderElection.lambda$submitRequests$1(LeaderElection.java:234)
	at java.util.concurrent.FutureTask.run(FutureTask.java:266)
	at java.util.concurrent.Executors$RunnableAdapter.call(Executors.java:511)
	at java.util.concurrent.FutureTask.run(FutureTask.java:266)
	at java.util.concurrent.ThreadPoolExecutor.runWorker(ThreadPoolExecutor.java:1149)
	at java.util.concurrent.ThreadPoolExecutor$Worker.run(ThreadPoolExecutor.java:624)
	... 1 more
Caused by: org.apache.ratis.thirdparty.io.netty.channel.AbstractChannel$AnnotatedConnectException: Connection refused: /192.168.157.194:46532
	at sun.nio.ch.SocketChannelImpl.checkConnect(Native Method)
	at sun.nio.ch.SocketChannelImpl.finishConnect(SocketChannelImpl.java:717)
	at org.apache.ratis.thirdparty.io.netty.channel.socket.nio.NioSocketChannel.doFinishConnect(NioSocketChannel.java:327)
	at org.apache.ratis.thirdparty.io.netty.channel.nio.AbstractNioChannel$AbstractNioUnsafe.finishConnect(AbstractNioChannel.java:340)
	at org.apache.ratis.thirdparty.io.netty.channel.nio.NioEventLoop.processSelectedKey(NioEventLoop.java:632)
	at org.apache.ratis.thirdparty.io.netty.channel.nio.NioEventLoop.processSelectedKeysOptimized(NioEventLoop.java:579)
	at org.apache.ratis.thirdparty.io.netty.channel.nio.NioEventLoop.processSelectedKeys(NioEventLoop.java:496)
	at org.apache.ratis.thirdparty.io.netty.channel.nio.NioEventLoop.run(NioEventLoop.java:458)
	at org.apache.ratis.thirdparty.io.netty.util.concurrent.SingleThreadEventExecutor$5.run(SingleThreadEventExecutor.java:897)
	at org.apache.ratis.thirdparty.io.netty.util.concurrent.FastThreadLocalRunnable.run(FastThreadLocalRunnable.java:30)
	... 1 more
Caused by: java.net.ConnectException: Connection refused
	... 11 more
2019-11-04 16:03:09,305 [e3fb79a3-1f86-42af-a80c-c46d1acdbc29@group-7855C2F36E53-LeaderElection499] INFO  impl.LeaderElection (LogUtils.java:infoOrTrace(149)) -   Exception 1: {}
java.util.concurrent.ExecutionException: org.apache.ratis.thirdparty.io.grpc.StatusRuntimeException: UNAVAILABLE: io exception
	at java.util.concurrent.FutureTask.report(FutureTask.java:122)
	at java.util.concurrent.FutureTask.get(FutureTask.java:192)
	at org.apache.ratis.server.impl.LeaderElection.waitForResults(LeaderElection.java:259)
	at org.apache.ratis.server.impl.LeaderElection.askForVotes(LeaderElection.java:197)
	at org.apache.ratis.server.impl.LeaderElection.run(LeaderElection.java:133)
	at java.lang.Thread.run(Thread.java:748)
Caused by: org.apache.ratis.thirdparty.io.grpc.StatusRuntimeException: UNAVAILABLE: io exception
	at org.apache.ratis.thirdparty.io.grpc.stub.ClientCalls.toStatusRuntimeException(ClientCalls.java:233)
	at org.apache.ratis.thirdparty.io.grpc.stub.ClientCalls.getUnchecked(ClientCalls.java:214)
	at org.apache.ratis.thirdparty.io.grpc.stub.ClientCalls.blockingUnaryCall(ClientCalls.java:139)
	at org.apache.ratis.proto.grpc.RaftServerProtocolServiceGrpc$RaftServerProtocolServiceBlockingStub.requestVote(RaftServerProtocolServiceGrpc.java:265)
	at org.apache.ratis.grpc.server.GrpcServerProtocolClient.requestVote(GrpcServerProtocolClient.java:99)
	at org.apache.ratis.grpc.server.GrpcService.requestVote(GrpcService.java:204)
	at org.apache.ratis.server.impl.LeaderElection.lambda$submitRequests$1(LeaderElection.java:234)
	at java.util.concurrent.FutureTask.run(FutureTask.java:266)
	at java.util.concurrent.Executors$RunnableAdapter.call(Executors.java:511)
	at java.util.concurrent.FutureTask.run(FutureTask.java:266)
	at java.util.concurrent.ThreadPoolExecutor.runWorker(ThreadPoolExecutor.java:1149)
	at java.util.concurrent.ThreadPoolExecutor$Worker.run(ThreadPoolExecutor.java:624)
	... 1 more
Caused by: org.apache.ratis.thirdparty.io.netty.channel.AbstractChannel$AnnotatedConnectException: Connection refused: /192.168.157.194:42126
	at sun.nio.ch.SocketChannelImpl.checkConnect(Native Method)
	at sun.nio.ch.SocketChannelImpl.finishConnect(SocketChannelImpl.java:717)
	at org.apache.ratis.thirdparty.io.netty.channel.socket.nio.NioSocketChannel.doFinishConnect(NioSocketChannel.java:327)
	at org.apache.ratis.thirdparty.io.netty.channel.nio.AbstractNioChannel$AbstractNioUnsafe.finishConnect(AbstractNioChannel.java:340)
	at org.apache.ratis.thirdparty.io.netty.channel.nio.NioEventLoop.processSelectedKey(NioEventLoop.java:632)
	at org.apache.ratis.thirdparty.io.netty.channel.nio.NioEventLoop.processSelectedKeysOptimized(NioEventLoop.java:579)
	at org.apache.ratis.thirdparty.io.netty.channel.nio.NioEventLoop.processSelectedKeys(NioEventLoop.java:496)
	at org.apache.ratis.thirdparty.io.netty.channel.nio.NioEventLoop.run(NioEventLoop.java:458)
	at org.apache.ratis.thirdparty.io.netty.util.concurrent.SingleThreadEventExecutor$5.run(SingleThreadEventExecutor.java:897)
	at org.apache.ratis.thirdparty.io.netty.util.concurrent.FastThreadLocalRunnable.run(FastThreadLocalRunnable.java:30)
	... 1 more
Caused by: java.net.ConnectException: Connection refused
	... 11 more
2019-11-04 16:03:09,305 [e3fb79a3-1f86-42af-a80c-c46d1acdbc29@group-7855C2F36E53-LeaderElection499] INFO  impl.RaftServerImpl (RaftServerImpl.java:setRole(184)) - e3fb79a3-1f86-42af-a80c-c46d1acdbc29@group-7855C2F36E53: changes role from CANDIDATE to FOLLOWER at term 553 for DISCOVERED_A_NEW_TERM
2019-11-04 16:03:09,305 [e3fb79a3-1f86-42af-a80c-c46d1acdbc29@group-7855C2F36E53-LeaderElection499] INFO  impl.RoleInfo (RoleInfo.java:shutdownLeaderElection(134)) - e3fb79a3-1f86-42af-a80c-c46d1acdbc29: shutdown LeaderElection
2019-11-04 16:03:09,306 [e3fb79a3-1f86-42af-a80c-c46d1acdbc29@group-7855C2F36E53-LeaderElection499] INFO  impl.RoleInfo (RoleInfo.java:updateAndGet(143)) - e3fb79a3-1f86-42af-a80c-c46d1acdbc29: start FollowerState
2019-11-04 16:03:09,376 [Thread-301] INFO  ipc.Client (Client.java:handleConnectionFailure(948)) - Retrying connect to server: localhost/127.0.0.1:38129. Already tried 8 time(s); retry policy is RetryUpToMaximumCountWithFixedSleep(maxRetries=10, sleepTime=1000 MILLISECONDS)
2019-11-04 16:03:09,501 [Thread-3515] INFO  impl.FollowerState (FollowerState.java:run(108)) - e3fb79a3-1f86-42af-a80c-c46d1acdbc29@group-7855C2F36E53-FollowerState: change to CANDIDATE, lastRpcTime:195ms, electionTimeout:195ms
2019-11-04 16:03:09,501 [Thread-3515] INFO  impl.RoleInfo (RoleInfo.java:shutdownFollowerState(121)) - e3fb79a3-1f86-42af-a80c-c46d1acdbc29: shutdown FollowerState
2019-11-04 16:03:09,501 [Thread-3515] INFO  impl.RaftServerImpl (RaftServerImpl.java:setRole(184)) - e3fb79a3-1f86-42af-a80c-c46d1acdbc29@group-7855C2F36E53: changes role from  FOLLOWER to CANDIDATE at term 553 for changeToCandidate
2019-11-04 16:03:09,502 [Thread-3515] INFO  impl.RoleInfo (RoleInfo.java:updateAndGet(143)) - e3fb79a3-1f86-42af-a80c-c46d1acdbc29: start LeaderElection
2019-11-04 16:03:09,515 [e3fb79a3-1f86-42af-a80c-c46d1acdbc29@group-7855C2F36E53-LeaderElection500] INFO  impl.LeaderElection (LeaderElection.java:askForVotes(178)) - e3fb79a3-1f86-42af-a80c-c46d1acdbc29@group-7855C2F36E53-LeaderElection500: begin an election at term 554 for -1: [e3fb79a3-1f86-42af-a80c-c46d1acdbc29:192.168.157.194:44142, 81ff859e-e76f-43f5-951a-4a38422068cb:192.168.157.194:46532, a9143d84-6d7f-497d-b770-eb75585db3c7:192.168.157.194:42126], old=null
2019-11-04 16:03:09,516 [e3fb79a3-1f86-42af-a80c-c46d1acdbc29@group-7855C2F36E53-LeaderElection500] INFO  impl.LeaderElection (LogUtils.java:infoOrTrace(149)) - e3fb79a3-1f86-42af-a80c-c46d1acdbc29@group-7855C2F36E53-LeaderElection500 got exception when requesting votes: {}
java.util.concurrent.ExecutionException: org.apache.ratis.thirdparty.io.grpc.StatusRuntimeException: UNAVAILABLE: io exception
	at java.util.concurrent.FutureTask.report(FutureTask.java:122)
	at java.util.concurrent.FutureTask.get(FutureTask.java:192)
	at org.apache.ratis.server.impl.LeaderElection.waitForResults(LeaderElection.java:259)
	at org.apache.ratis.server.impl.LeaderElection.askForVotes(LeaderElection.java:197)
	at org.apache.ratis.server.impl.LeaderElection.run(LeaderElection.java:133)
	at java.lang.Thread.run(Thread.java:748)
Caused by: org.apache.ratis.thirdparty.io.grpc.StatusRuntimeException: UNAVAILABLE: io exception
	at org.apache.ratis.thirdparty.io.grpc.stub.ClientCalls.toStatusRuntimeException(ClientCalls.java:233)
	at org.apache.ratis.thirdparty.io.grpc.stub.ClientCalls.getUnchecked(ClientCalls.java:214)
	at org.apache.ratis.thirdparty.io.grpc.stub.ClientCalls.blockingUnaryCall(ClientCalls.java:139)
	at org.apache.ratis.proto.grpc.RaftServerProtocolServiceGrpc$RaftServerProtocolServiceBlockingStub.requestVote(RaftServerProtocolServiceGrpc.java:265)
	at org.apache.ratis.grpc.server.GrpcServerProtocolClient.requestVote(GrpcServerProtocolClient.java:99)
	at org.apache.ratis.grpc.server.GrpcService.requestVote(GrpcService.java:204)
	at org.apache.ratis.server.impl.LeaderElection.lambda$submitRequests$1(LeaderElection.java:234)
	at java.util.concurrent.FutureTask.run(FutureTask.java:266)
	at java.util.concurrent.Executors$RunnableAdapter.call(Executors.java:511)
	at java.util.concurrent.FutureTask.run(FutureTask.java:266)
	at java.util.concurrent.ThreadPoolExecutor.runWorker(ThreadPoolExecutor.java:1149)
	at java.util.concurrent.ThreadPoolExecutor$Worker.run(ThreadPoolExecutor.java:624)
	... 1 more
Caused by: org.apache.ratis.thirdparty.io.netty.channel.AbstractChannel$AnnotatedConnectException: Connection refused: /192.168.157.194:46532
	at sun.nio.ch.SocketChannelImpl.checkConnect(Native Method)
	at sun.nio.ch.SocketChannelImpl.finishConnect(SocketChannelImpl.java:717)
	at org.apache.ratis.thirdparty.io.netty.channel.socket.nio.NioSocketChannel.doFinishConnect(NioSocketChannel.java:327)
	at org.apache.ratis.thirdparty.io.netty.channel.nio.AbstractNioChannel$AbstractNioUnsafe.finishConnect(AbstractNioChannel.java:340)
	at org.apache.ratis.thirdparty.io.netty.channel.nio.NioEventLoop.processSelectedKey(NioEventLoop.java:632)
	at org.apache.ratis.thirdparty.io.netty.channel.nio.NioEventLoop.processSelectedKeysOptimized(NioEventLoop.java:579)
	at org.apache.ratis.thirdparty.io.netty.channel.nio.NioEventLoop.processSelectedKeys(NioEventLoop.java:496)
	at org.apache.ratis.thirdparty.io.netty.channel.nio.NioEventLoop.run(NioEventLoop.java:458)
	at org.apache.ratis.thirdparty.io.netty.util.concurrent.SingleThreadEventExecutor$5.run(SingleThreadEventExecutor.java:897)
	at org.apache.ratis.thirdparty.io.netty.util.concurrent.FastThreadLocalRunnable.run(FastThreadLocalRunnable.java:30)
	... 1 more
Caused by: java.net.ConnectException: Connection refused
	... 11 more
2019-11-04 16:03:09,516 [e3fb79a3-1f86-42af-a80c-c46d1acdbc29@group-7855C2F36E53-LeaderElection500] INFO  impl.LeaderElection (LogUtils.java:infoOrTrace(149)) - e3fb79a3-1f86-42af-a80c-c46d1acdbc29@group-7855C2F36E53-LeaderElection500 got exception when requesting votes: {}
java.util.concurrent.ExecutionException: org.apache.ratis.thirdparty.io.grpc.StatusRuntimeException: UNAVAILABLE: io exception
	at java.util.concurrent.FutureTask.report(FutureTask.java:122)
	at java.util.concurrent.FutureTask.get(FutureTask.java:192)
	at org.apache.ratis.server.impl.LeaderElection.waitForResults(LeaderElection.java:259)
	at org.apache.ratis.server.impl.LeaderElection.askForVotes(LeaderElection.java:197)
	at org.apache.ratis.server.impl.LeaderElection.run(LeaderElection.java:133)
	at java.lang.Thread.run(Thread.java:748)
Caused by: org.apache.ratis.thirdparty.io.grpc.StatusRuntimeException: UNAVAILABLE: io exception
	at org.apache.ratis.thirdparty.io.grpc.stub.ClientCalls.toStatusRuntimeException(ClientCalls.java:233)
	at org.apache.ratis.thirdparty.io.grpc.stub.ClientCalls.getUnchecked(ClientCalls.java:214)
	at org.apache.ratis.thirdparty.io.grpc.stub.ClientCalls.blockingUnaryCall(ClientCalls.java:139)
	at org.apache.ratis.proto.grpc.RaftServerProtocolServiceGrpc$RaftServerProtocolServiceBlockingStub.requestVote(RaftServerProtocolServiceGrpc.java:265)
	at org.apache.ratis.grpc.server.GrpcServerProtocolClient.requestVote(GrpcServerProtocolClient.java:99)
	at org.apache.ratis.grpc.server.GrpcService.requestVote(GrpcService.java:204)
	at org.apache.ratis.server.impl.LeaderElection.lambda$submitRequests$1(LeaderElection.java:234)
	at java.util.concurrent.FutureTask.run(FutureTask.java:266)
	at java.util.concurrent.Executors$RunnableAdapter.call(Executors.java:511)
	at java.util.concurrent.FutureTask.run(FutureTask.java:266)
	at java.util.concurrent.ThreadPoolExecutor.runWorker(ThreadPoolExecutor.java:1149)
	at java.util.concurrent.ThreadPoolExecutor$Worker.run(ThreadPoolExecutor.java:624)
	... 1 more
Caused by: org.apache.ratis.thirdparty.io.netty.channel.AbstractChannel$AnnotatedConnectException: Connection refused: /192.168.157.194:42126
	at sun.nio.ch.SocketChannelImpl.checkConnect(Native Method)
	at sun.nio.ch.SocketChannelImpl.finishConnect(SocketChannelImpl.java:717)
	at org.apache.ratis.thirdparty.io.netty.channel.socket.nio.NioSocketChannel.doFinishConnect(NioSocketChannel.java:327)
	at org.apache.ratis.thirdparty.io.netty.channel.nio.AbstractNioChannel$AbstractNioUnsafe.finishConnect(AbstractNioChannel.java:340)
	at org.apache.ratis.thirdparty.io.netty.channel.nio.NioEventLoop.processSelectedKey(NioEventLoop.java:632)
	at org.apache.ratis.thirdparty.io.netty.channel.nio.NioEventLoop.processSelectedKeysOptimized(NioEventLoop.java:579)
	at org.apache.ratis.thirdparty.io.netty.channel.nio.NioEventLoop.processSelectedKeys(NioEventLoop.java:496)
	at org.apache.ratis.thirdparty.io.netty.channel.nio.NioEventLoop.run(NioEventLoop.java:458)
	at org.apache.ratis.thirdparty.io.netty.util.concurrent.SingleThreadEventExecutor$5.run(SingleThreadEventExecutor.java:897)
	at org.apache.ratis.thirdparty.io.netty.util.concurrent.FastThreadLocalRunnable.run(FastThreadLocalRunnable.java:30)
	... 1 more
Caused by: java.net.ConnectException: Connection refused
	... 11 more
2019-11-04 16:03:09,516 [e3fb79a3-1f86-42af-a80c-c46d1acdbc29@group-7855C2F36E53-LeaderElection500] INFO  impl.LeaderElection (LeaderElection.java:logAndReturn(56)) - e3fb79a3-1f86-42af-a80c-c46d1acdbc29@group-7855C2F36E53-LeaderElection500: Election REJECTED; received 0 response(s) [] and 2 exception(s); e3fb79a3-1f86-42af-a80c-c46d1acdbc29@group-7855C2F36E53:t554, leader=null, voted=e3fb79a3-1f86-42af-a80c-c46d1acdbc29, raftlog=e3fb79a3-1f86-42af-a80c-c46d1acdbc29@group-7855C2F36E53-SegmentedRaftLog:OPENED:c-1,f-1,i0, conf=-1: [e3fb79a3-1f86-42af-a80c-c46d1acdbc29:192.168.157.194:44142, 81ff859e-e76f-43f5-951a-4a38422068cb:192.168.157.194:46532, a9143d84-6d7f-497d-b770-eb75585db3c7:192.168.157.194:42126], old=null
2019-11-04 16:03:09,516 [e3fb79a3-1f86-42af-a80c-c46d1acdbc29@group-7855C2F36E53-LeaderElection500] INFO  impl.LeaderElection (LogUtils.java:infoOrTrace(149)) -   Exception 0: {}
java.util.concurrent.ExecutionException: org.apache.ratis.thirdparty.io.grpc.StatusRuntimeException: UNAVAILABLE: io exception
	at java.util.concurrent.FutureTask.report(FutureTask.java:122)
	at java.util.concurrent.FutureTask.get(FutureTask.java:192)
	at org.apache.ratis.server.impl.LeaderElection.waitForResults(LeaderElection.java:259)
	at org.apache.ratis.server.impl.LeaderElection.askForVotes(LeaderElection.java:197)
	at org.apache.ratis.server.impl.LeaderElection.run(LeaderElection.java:133)
	at java.lang.Thread.run(Thread.java:748)
Caused by: org.apache.ratis.thirdparty.io.grpc.StatusRuntimeException: UNAVAILABLE: io exception
	at org.apache.ratis.thirdparty.io.grpc.stub.ClientCalls.toStatusRuntimeException(ClientCalls.java:233)
	at org.apache.ratis.thirdparty.io.grpc.stub.ClientCalls.getUnchecked(ClientCalls.java:214)
	at org.apache.ratis.thirdparty.io.grpc.stub.ClientCalls.blockingUnaryCall(ClientCalls.java:139)
	at org.apache.ratis.proto.grpc.RaftServerProtocolServiceGrpc$RaftServerProtocolServiceBlockingStub.requestVote(RaftServerProtocolServiceGrpc.java:265)
	at org.apache.ratis.grpc.server.GrpcServerProtocolClient.requestVote(GrpcServerProtocolClient.java:99)
	at org.apache.ratis.grpc.server.GrpcService.requestVote(GrpcService.java:204)
	at org.apache.ratis.server.impl.LeaderElection.lambda$submitRequests$1(LeaderElection.java:234)
	at java.util.concurrent.FutureTask.run(FutureTask.java:266)
	at java.util.concurrent.Executors$RunnableAdapter.call(Executors.java:511)
	at java.util.concurrent.FutureTask.run(FutureTask.java:266)
	at java.util.concurrent.ThreadPoolExecutor.runWorker(ThreadPoolExecutor.java:1149)
	at java.util.concurrent.ThreadPoolExecutor$Worker.run(ThreadPoolExecutor.java:624)
	... 1 more
Caused by: org.apache.ratis.thirdparty.io.netty.channel.AbstractChannel$AnnotatedConnectException: Connection refused: /192.168.157.194:46532
	at sun.nio.ch.SocketChannelImpl.checkConnect(Native Method)
	at sun.nio.ch.SocketChannelImpl.finishConnect(SocketChannelImpl.java:717)
	at org.apache.ratis.thirdparty.io.netty.channel.socket.nio.NioSocketChannel.doFinishConnect(NioSocketChannel.java:327)
	at org.apache.ratis.thirdparty.io.netty.channel.nio.AbstractNioChannel$AbstractNioUnsafe.finishConnect(AbstractNioChannel.java:340)
	at org.apache.ratis.thirdparty.io.netty.channel.nio.NioEventLoop.processSelectedKey(NioEventLoop.java:632)
	at org.apache.ratis.thirdparty.io.netty.channel.nio.NioEventLoop.processSelectedKeysOptimized(NioEventLoop.java:579)
	at org.apache.ratis.thirdparty.io.netty.channel.nio.NioEventLoop.processSelectedKeys(NioEventLoop.java:496)
	at org.apache.ratis.thirdparty.io.netty.channel.nio.NioEventLoop.run(NioEventLoop.java:458)
	at org.apache.ratis.thirdparty.io.netty.util.concurrent.SingleThreadEventExecutor$5.run(SingleThreadEventExecutor.java:897)
	at org.apache.ratis.thirdparty.io.netty.util.concurrent.FastThreadLocalRunnable.run(FastThreadLocalRunnable.java:30)
	... 1 more
Caused by: java.net.ConnectException: Connection refused
	... 11 more
2019-11-04 16:03:09,517 [e3fb79a3-1f86-42af-a80c-c46d1acdbc29@group-7855C2F36E53-LeaderElection500] INFO  impl.LeaderElection (LogUtils.java:infoOrTrace(149)) -   Exception 1: {}
java.util.concurrent.ExecutionException: org.apache.ratis.thirdparty.io.grpc.StatusRuntimeException: UNAVAILABLE: io exception
	at java.util.concurrent.FutureTask.report(FutureTask.java:122)
	at java.util.concurrent.FutureTask.get(FutureTask.java:192)
	at org.apache.ratis.server.impl.LeaderElection.waitForResults(LeaderElection.java:259)
	at org.apache.ratis.server.impl.LeaderElection.askForVotes(LeaderElection.java:197)
	at org.apache.ratis.server.impl.LeaderElection.run(LeaderElection.java:133)
	at java.lang.Thread.run(Thread.java:748)
Caused by: org.apache.ratis.thirdparty.io.grpc.StatusRuntimeException: UNAVAILABLE: io exception
	at org.apache.ratis.thirdparty.io.grpc.stub.ClientCalls.toStatusRuntimeException(ClientCalls.java:233)
	at org.apache.ratis.thirdparty.io.grpc.stub.ClientCalls.getUnchecked(ClientCalls.java:214)
	at org.apache.ratis.thirdparty.io.grpc.stub.ClientCalls.blockingUnaryCall(ClientCalls.java:139)
	at org.apache.ratis.proto.grpc.RaftServerProtocolServiceGrpc$RaftServerProtocolServiceBlockingStub.requestVote(RaftServerProtocolServiceGrpc.java:265)
	at org.apache.ratis.grpc.server.GrpcServerProtocolClient.requestVote(GrpcServerProtocolClient.java:99)
	at org.apache.ratis.grpc.server.GrpcService.requestVote(GrpcService.java:204)
	at org.apache.ratis.server.impl.LeaderElection.lambda$submitRequests$1(LeaderElection.java:234)
	at java.util.concurrent.FutureTask.run(FutureTask.java:266)
	at java.util.concurrent.Executors$RunnableAdapter.call(Executors.java:511)
	at java.util.concurrent.FutureTask.run(FutureTask.java:266)
	at java.util.concurrent.ThreadPoolExecutor.runWorker(ThreadPoolExecutor.java:1149)
	at java.util.concurrent.ThreadPoolExecutor$Worker.run(ThreadPoolExecutor.java:624)
	... 1 more
Caused by: org.apache.ratis.thirdparty.io.netty.channel.AbstractChannel$AnnotatedConnectException: Connection refused: /192.168.157.194:42126
	at sun.nio.ch.SocketChannelImpl.checkConnect(Native Method)
	at sun.nio.ch.SocketChannelImpl.finishConnect(SocketChannelImpl.java:717)
	at org.apache.ratis.thirdparty.io.netty.channel.socket.nio.NioSocketChannel.doFinishConnect(NioSocketChannel.java:327)
	at org.apache.ratis.thirdparty.io.netty.channel.nio.AbstractNioChannel$AbstractNioUnsafe.finishConnect(AbstractNioChannel.java:340)
	at org.apache.ratis.thirdparty.io.netty.channel.nio.NioEventLoop.processSelectedKey(NioEventLoop.java:632)
	at org.apache.ratis.thirdparty.io.netty.channel.nio.NioEventLoop.processSelectedKeysOptimized(NioEventLoop.java:579)
	at org.apache.ratis.thirdparty.io.netty.channel.nio.NioEventLoop.processSelectedKeys(NioEventLoop.java:496)
	at org.apache.ratis.thirdparty.io.netty.channel.nio.NioEventLoop.run(NioEventLoop.java:458)
	at org.apache.ratis.thirdparty.io.netty.util.concurrent.SingleThreadEventExecutor$5.run(SingleThreadEventExecutor.java:897)
	at org.apache.ratis.thirdparty.io.netty.util.concurrent.FastThreadLocalRunnable.run(FastThreadLocalRunnable.java:30)
	... 1 more
Caused by: java.net.ConnectException: Connection refused
	... 11 more
2019-11-04 16:03:09,517 [e3fb79a3-1f86-42af-a80c-c46d1acdbc29@group-7855C2F36E53-LeaderElection500] INFO  impl.RaftServerImpl (RaftServerImpl.java:setRole(184)) - e3fb79a3-1f86-42af-a80c-c46d1acdbc29@group-7855C2F36E53: changes role from CANDIDATE to FOLLOWER at term 554 for DISCOVERED_A_NEW_TERM
2019-11-04 16:03:09,517 [e3fb79a3-1f86-42af-a80c-c46d1acdbc29@group-7855C2F36E53-LeaderElection500] INFO  impl.RoleInfo (RoleInfo.java:shutdownLeaderElection(134)) - e3fb79a3-1f86-42af-a80c-c46d1acdbc29: shutdown LeaderElection
2019-11-04 16:03:09,517 [e3fb79a3-1f86-42af-a80c-c46d1acdbc29@group-7855C2F36E53-LeaderElection500] INFO  impl.RoleInfo (RoleInfo.java:updateAndGet(143)) - e3fb79a3-1f86-42af-a80c-c46d1acdbc29: start FollowerState
2019-11-04 16:03:09,637 [Thread-3519] INFO  impl.FollowerState (FollowerState.java:run(108)) - e3fb79a3-1f86-42af-a80c-c46d1acdbc29@group-7855C2F36E53-FollowerState: change to CANDIDATE, lastRpcTime:119ms, electionTimeout:119ms
2019-11-04 16:03:09,637 [Thread-3519] INFO  impl.RoleInfo (RoleInfo.java:shutdownFollowerState(121)) - e3fb79a3-1f86-42af-a80c-c46d1acdbc29: shutdown FollowerState
2019-11-04 16:03:09,637 [Thread-3519] INFO  impl.RaftServerImpl (RaftServerImpl.java:setRole(184)) - e3fb79a3-1f86-42af-a80c-c46d1acdbc29@group-7855C2F36E53: changes role from  FOLLOWER to CANDIDATE at term 554 for changeToCandidate
2019-11-04 16:03:09,637 [Thread-3519] INFO  impl.RoleInfo (RoleInfo.java:updateAndGet(143)) - e3fb79a3-1f86-42af-a80c-c46d1acdbc29: start LeaderElection
2019-11-04 16:03:09,662 [e3fb79a3-1f86-42af-a80c-c46d1acdbc29@group-7855C2F36E53-LeaderElection501] INFO  impl.LeaderElection (LeaderElection.java:askForVotes(178)) - e3fb79a3-1f86-42af-a80c-c46d1acdbc29@group-7855C2F36E53-LeaderElection501: begin an election at term 555 for -1: [e3fb79a3-1f86-42af-a80c-c46d1acdbc29:192.168.157.194:44142, 81ff859e-e76f-43f5-951a-4a38422068cb:192.168.157.194:46532, a9143d84-6d7f-497d-b770-eb75585db3c7:192.168.157.194:42126], old=null
2019-11-04 16:03:09,664 [e3fb79a3-1f86-42af-a80c-c46d1acdbc29@group-7855C2F36E53-LeaderElection501] INFO  impl.LeaderElection (LogUtils.java:infoOrTrace(149)) - e3fb79a3-1f86-42af-a80c-c46d1acdbc29@group-7855C2F36E53-LeaderElection501 got exception when requesting votes: {}
java.util.concurrent.ExecutionException: org.apache.ratis.thirdparty.io.grpc.StatusRuntimeException: UNAVAILABLE: io exception
	at java.util.concurrent.FutureTask.report(FutureTask.java:122)
	at java.util.concurrent.FutureTask.get(FutureTask.java:192)
	at org.apache.ratis.server.impl.LeaderElection.waitForResults(LeaderElection.java:259)
	at org.apache.ratis.server.impl.LeaderElection.askForVotes(LeaderElection.java:197)
	at org.apache.ratis.server.impl.LeaderElection.run(LeaderElection.java:133)
	at java.lang.Thread.run(Thread.java:748)
Caused by: org.apache.ratis.thirdparty.io.grpc.StatusRuntimeException: UNAVAILABLE: io exception
	at org.apache.ratis.thirdparty.io.grpc.stub.ClientCalls.toStatusRuntimeException(ClientCalls.java:233)
	at org.apache.ratis.thirdparty.io.grpc.stub.ClientCalls.getUnchecked(ClientCalls.java:214)
	at org.apache.ratis.thirdparty.io.grpc.stub.ClientCalls.blockingUnaryCall(ClientCalls.java:139)
	at org.apache.ratis.proto.grpc.RaftServerProtocolServiceGrpc$RaftServerProtocolServiceBlockingStub.requestVote(RaftServerProtocolServiceGrpc.java:265)
	at org.apache.ratis.grpc.server.GrpcServerProtocolClient.requestVote(GrpcServerProtocolClient.java:99)
	at org.apache.ratis.grpc.server.GrpcService.requestVote(GrpcService.java:204)
	at org.apache.ratis.server.impl.LeaderElection.lambda$submitRequests$1(LeaderElection.java:234)
	at java.util.concurrent.FutureTask.run(FutureTask.java:266)
	at java.util.concurrent.Executors$RunnableAdapter.call(Executors.java:511)
	at java.util.concurrent.FutureTask.run(FutureTask.java:266)
	at java.util.concurrent.ThreadPoolExecutor.runWorker(ThreadPoolExecutor.java:1149)
	at java.util.concurrent.ThreadPoolExecutor$Worker.run(ThreadPoolExecutor.java:624)
	... 1 more
Caused by: org.apache.ratis.thirdparty.io.netty.channel.AbstractChannel$AnnotatedConnectException: Connection refused: /192.168.157.194:42126
	at sun.nio.ch.SocketChannelImpl.checkConnect(Native Method)
	at sun.nio.ch.SocketChannelImpl.finishConnect(SocketChannelImpl.java:717)
	at org.apache.ratis.thirdparty.io.netty.channel.socket.nio.NioSocketChannel.doFinishConnect(NioSocketChannel.java:327)
	at org.apache.ratis.thirdparty.io.netty.channel.nio.AbstractNioChannel$AbstractNioUnsafe.finishConnect(AbstractNioChannel.java:340)
	at org.apache.ratis.thirdparty.io.netty.channel.nio.NioEventLoop.processSelectedKey(NioEventLoop.java:632)
	at org.apache.ratis.thirdparty.io.netty.channel.nio.NioEventLoop.processSelectedKeysOptimized(NioEventLoop.java:579)
	at org.apache.ratis.thirdparty.io.netty.channel.nio.NioEventLoop.processSelectedKeys(NioEventLoop.java:496)
	at org.apache.ratis.thirdparty.io.netty.channel.nio.NioEventLoop.run(NioEventLoop.java:458)
	at org.apache.ratis.thirdparty.io.netty.util.concurrent.SingleThreadEventExecutor$5.run(SingleThreadEventExecutor.java:897)
	at org.apache.ratis.thirdparty.io.netty.util.concurrent.FastThreadLocalRunnable.run(FastThreadLocalRunnable.java:30)
	... 1 more
Caused by: java.net.ConnectException: Connection refused
	... 11 more
2019-11-04 16:03:09,664 [e3fb79a3-1f86-42af-a80c-c46d1acdbc29@group-7855C2F36E53-LeaderElection501] INFO  impl.LeaderElection (LogUtils.java:infoOrTrace(149)) - e3fb79a3-1f86-42af-a80c-c46d1acdbc29@group-7855C2F36E53-LeaderElection501 got exception when requesting votes: {}
java.util.concurrent.ExecutionException: org.apache.ratis.thirdparty.io.grpc.StatusRuntimeException: UNAVAILABLE: io exception
	at java.util.concurrent.FutureTask.report(FutureTask.java:122)
	at java.util.concurrent.FutureTask.get(FutureTask.java:192)
	at org.apache.ratis.server.impl.LeaderElection.waitForResults(LeaderElection.java:259)
	at org.apache.ratis.server.impl.LeaderElection.askForVotes(LeaderElection.java:197)
	at org.apache.ratis.server.impl.LeaderElection.run(LeaderElection.java:133)
	at java.lang.Thread.run(Thread.java:748)
Caused by: org.apache.ratis.thirdparty.io.grpc.StatusRuntimeException: UNAVAILABLE: io exception
	at org.apache.ratis.thirdparty.io.grpc.stub.ClientCalls.toStatusRuntimeException(ClientCalls.java:233)
	at org.apache.ratis.thirdparty.io.grpc.stub.ClientCalls.getUnchecked(ClientCalls.java:214)
	at org.apache.ratis.thirdparty.io.grpc.stub.ClientCalls.blockingUnaryCall(ClientCalls.java:139)
	at org.apache.ratis.proto.grpc.RaftServerProtocolServiceGrpc$RaftServerProtocolServiceBlockingStub.requestVote(RaftServerProtocolServiceGrpc.java:265)
	at org.apache.ratis.grpc.server.GrpcServerProtocolClient.requestVote(GrpcServerProtocolClient.java:99)
	at org.apache.ratis.grpc.server.GrpcService.requestVote(GrpcService.java:204)
	at org.apache.ratis.server.impl.LeaderElection.lambda$submitRequests$1(LeaderElection.java:234)
	at java.util.concurrent.FutureTask.run(FutureTask.java:266)
	at java.util.concurrent.Executors$RunnableAdapter.call(Executors.java:511)
	at java.util.concurrent.FutureTask.run(FutureTask.java:266)
	at java.util.concurrent.ThreadPoolExecutor.runWorker(ThreadPoolExecutor.java:1149)
	at java.util.concurrent.ThreadPoolExecutor$Worker.run(ThreadPoolExecutor.java:624)
	... 1 more
Caused by: org.apache.ratis.thirdparty.io.netty.channel.AbstractChannel$AnnotatedConnectException: Connection refused: /192.168.157.194:46532
	at sun.nio.ch.SocketChannelImpl.checkConnect(Native Method)
	at sun.nio.ch.SocketChannelImpl.finishConnect(SocketChannelImpl.java:717)
	at org.apache.ratis.thirdparty.io.netty.channel.socket.nio.NioSocketChannel.doFinishConnect(NioSocketChannel.java:327)
	at org.apache.ratis.thirdparty.io.netty.channel.nio.AbstractNioChannel$AbstractNioUnsafe.finishConnect(AbstractNioChannel.java:340)
	at org.apache.ratis.thirdparty.io.netty.channel.nio.NioEventLoop.processSelectedKey(NioEventLoop.java:632)
	at org.apache.ratis.thirdparty.io.netty.channel.nio.NioEventLoop.processSelectedKeysOptimized(NioEventLoop.java:579)
	at org.apache.ratis.thirdparty.io.netty.channel.nio.NioEventLoop.processSelectedKeys(NioEventLoop.java:496)
	at org.apache.ratis.thirdparty.io.netty.channel.nio.NioEventLoop.run(NioEventLoop.java:458)
	at org.apache.ratis.thirdparty.io.netty.util.concurrent.SingleThreadEventExecutor$5.run(SingleThreadEventExecutor.java:897)
	at org.apache.ratis.thirdparty.io.netty.util.concurrent.FastThreadLocalRunnable.run(FastThreadLocalRunnable.java:30)
	... 1 more
Caused by: java.net.ConnectException: Connection refused
	... 11 more
2019-11-04 16:03:09,665 [e3fb79a3-1f86-42af-a80c-c46d1acdbc29@group-7855C2F36E53-LeaderElection501] INFO  impl.LeaderElection (LeaderElection.java:logAndReturn(56)) - e3fb79a3-1f86-42af-a80c-c46d1acdbc29@group-7855C2F36E53-LeaderElection501: Election REJECTED; received 0 response(s) [] and 2 exception(s); e3fb79a3-1f86-42af-a80c-c46d1acdbc29@group-7855C2F36E53:t555, leader=null, voted=e3fb79a3-1f86-42af-a80c-c46d1acdbc29, raftlog=e3fb79a3-1f86-42af-a80c-c46d1acdbc29@group-7855C2F36E53-SegmentedRaftLog:OPENED:c-1,f-1,i0, conf=-1: [e3fb79a3-1f86-42af-a80c-c46d1acdbc29:192.168.157.194:44142, 81ff859e-e76f-43f5-951a-4a38422068cb:192.168.157.194:46532, a9143d84-6d7f-497d-b770-eb75585db3c7:192.168.157.194:42126], old=null
2019-11-04 16:03:09,665 [e3fb79a3-1f86-42af-a80c-c46d1acdbc29@group-7855C2F36E53-LeaderElection501] INFO  impl.LeaderElection (LogUtils.java:infoOrTrace(149)) -   Exception 0: {}
java.util.concurrent.ExecutionException: org.apache.ratis.thirdparty.io.grpc.StatusRuntimeException: UNAVAILABLE: io exception
	at java.util.concurrent.FutureTask.report(FutureTask.java:122)
	at java.util.concurrent.FutureTask.get(FutureTask.java:192)
	at org.apache.ratis.server.impl.LeaderElection.waitForResults(LeaderElection.java:259)
	at org.apache.ratis.server.impl.LeaderElection.askForVotes(LeaderElection.java:197)
	at org.apache.ratis.server.impl.LeaderElection.run(LeaderElection.java:133)
	at java.lang.Thread.run(Thread.java:748)
Caused by: org.apache.ratis.thirdparty.io.grpc.StatusRuntimeException: UNAVAILABLE: io exception
	at org.apache.ratis.thirdparty.io.grpc.stub.ClientCalls.toStatusRuntimeException(ClientCalls.java:233)
	at org.apache.ratis.thirdparty.io.grpc.stub.ClientCalls.getUnchecked(ClientCalls.java:214)
	at org.apache.ratis.thirdparty.io.grpc.stub.ClientCalls.blockingUnaryCall(ClientCalls.java:139)
	at org.apache.ratis.proto.grpc.RaftServerProtocolServiceGrpc$RaftServerProtocolServiceBlockingStub.requestVote(RaftServerProtocolServiceGrpc.java:265)
	at org.apache.ratis.grpc.server.GrpcServerProtocolClient.requestVote(GrpcServerProtocolClient.java:99)
	at org.apache.ratis.grpc.server.GrpcService.requestVote(GrpcService.java:204)
	at org.apache.ratis.server.impl.LeaderElection.lambda$submitRequests$1(LeaderElection.java:234)
	at java.util.concurrent.FutureTask.run(FutureTask.java:266)
	at java.util.concurrent.Executors$RunnableAdapter.call(Executors.java:511)
	at java.util.concurrent.FutureTask.run(FutureTask.java:266)
	at java.util.concurrent.ThreadPoolExecutor.runWorker(ThreadPoolExecutor.java:1149)
	at java.util.concurrent.ThreadPoolExecutor$Worker.run(ThreadPoolExecutor.java:624)
	... 1 more
Caused by: org.apache.ratis.thirdparty.io.netty.channel.AbstractChannel$AnnotatedConnectException: Connection refused: /192.168.157.194:42126
	at sun.nio.ch.SocketChannelImpl.checkConnect(Native Method)
	at sun.nio.ch.SocketChannelImpl.finishConnect(SocketChannelImpl.java:717)
	at org.apache.ratis.thirdparty.io.netty.channel.socket.nio.NioSocketChannel.doFinishConnect(NioSocketChannel.java:327)
	at org.apache.ratis.thirdparty.io.netty.channel.nio.AbstractNioChannel$AbstractNioUnsafe.finishConnect(AbstractNioChannel.java:340)
	at org.apache.ratis.thirdparty.io.netty.channel.nio.NioEventLoop.processSelectedKey(NioEventLoop.java:632)
	at org.apache.ratis.thirdparty.io.netty.channel.nio.NioEventLoop.processSelectedKeysOptimized(NioEventLoop.java:579)
	at org.apache.ratis.thirdparty.io.netty.channel.nio.NioEventLoop.processSelectedKeys(NioEventLoop.java:496)
	at org.apache.ratis.thirdparty.io.netty.channel.nio.NioEventLoop.run(NioEventLoop.java:458)
	at org.apache.ratis.thirdparty.io.netty.util.concurrent.SingleThreadEventExecutor$5.run(SingleThreadEventExecutor.java:897)
	at org.apache.ratis.thirdparty.io.netty.util.concurrent.FastThreadLocalRunnable.run(FastThreadLocalRunnable.java:30)
	... 1 more
Caused by: java.net.ConnectException: Connection refused
	... 11 more
2019-11-04 16:03:09,665 [e3fb79a3-1f86-42af-a80c-c46d1acdbc29@group-7855C2F36E53-LeaderElection501] INFO  impl.LeaderElection (LogUtils.java:infoOrTrace(149)) -   Exception 1: {}
java.util.concurrent.ExecutionException: org.apache.ratis.thirdparty.io.grpc.StatusRuntimeException: UNAVAILABLE: io exception
	at java.util.concurrent.FutureTask.report(FutureTask.java:122)
	at java.util.concurrent.FutureTask.get(FutureTask.java:192)
	at org.apache.ratis.server.impl.LeaderElection.waitForResults(LeaderElection.java:259)
	at org.apache.ratis.server.impl.LeaderElection.askForVotes(LeaderElection.java:197)
	at org.apache.ratis.server.impl.LeaderElection.run(LeaderElection.java:133)
	at java.lang.Thread.run(Thread.java:748)
Caused by: org.apache.ratis.thirdparty.io.grpc.StatusRuntimeException: UNAVAILABLE: io exception
	at org.apache.ratis.thirdparty.io.grpc.stub.ClientCalls.toStatusRuntimeException(ClientCalls.java:233)
	at org.apache.ratis.thirdparty.io.grpc.stub.ClientCalls.getUnchecked(ClientCalls.java:214)
	at org.apache.ratis.thirdparty.io.grpc.stub.ClientCalls.blockingUnaryCall(ClientCalls.java:139)
	at org.apache.ratis.proto.grpc.RaftServerProtocolServiceGrpc$RaftServerProtocolServiceBlockingStub.requestVote(RaftServerProtocolServiceGrpc.java:265)
	at org.apache.ratis.grpc.server.GrpcServerProtocolClient.requestVote(GrpcServerProtocolClient.java:99)
	at org.apache.ratis.grpc.server.GrpcService.requestVote(GrpcService.java:204)
	at org.apache.ratis.server.impl.LeaderElection.lambda$submitRequests$1(LeaderElection.java:234)
	at java.util.concurrent.FutureTask.run(FutureTask.java:266)
	at java.util.concurrent.Executors$RunnableAdapter.call(Executors.java:511)
	at java.util.concurrent.FutureTask.run(FutureTask.java:266)
	at java.util.concurrent.ThreadPoolExecutor.runWorker(ThreadPoolExecutor.java:1149)
	at java.util.concurrent.ThreadPoolExecutor$Worker.run(ThreadPoolExecutor.java:624)
	... 1 more
Caused by: org.apache.ratis.thirdparty.io.netty.channel.AbstractChannel$AnnotatedConnectException: Connection refused: /192.168.157.194:46532
	at sun.nio.ch.SocketChannelImpl.checkConnect(Native Method)
	at sun.nio.ch.SocketChannelImpl.finishConnect(SocketChannelImpl.java:717)
	at org.apache.ratis.thirdparty.io.netty.channel.socket.nio.NioSocketChannel.doFinishConnect(NioSocketChannel.java:327)
	at org.apache.ratis.thirdparty.io.netty.channel.nio.AbstractNioChannel$AbstractNioUnsafe.finishConnect(AbstractNioChannel.java:340)
	at org.apache.ratis.thirdparty.io.netty.channel.nio.NioEventLoop.processSelectedKey(NioEventLoop.java:632)
	at org.apache.ratis.thirdparty.io.netty.channel.nio.NioEventLoop.processSelectedKeysOptimized(NioEventLoop.java:579)
	at org.apache.ratis.thirdparty.io.netty.channel.nio.NioEventLoop.processSelectedKeys(NioEventLoop.java:496)
	at org.apache.ratis.thirdparty.io.netty.channel.nio.NioEventLoop.run(NioEventLoop.java:458)
	at org.apache.ratis.thirdparty.io.netty.util.concurrent.SingleThreadEventExecutor$5.run(SingleThreadEventExecutor.java:897)
	at org.apache.ratis.thirdparty.io.netty.util.concurrent.FastThreadLocalRunnable.run(FastThreadLocalRunnable.java:30)
	... 1 more
Caused by: java.net.ConnectException: Connection refused
	... 11 more
2019-11-04 16:03:09,665 [e3fb79a3-1f86-42af-a80c-c46d1acdbc29@group-7855C2F36E53-LeaderElection501] INFO  impl.RaftServerImpl (RaftServerImpl.java:setRole(184)) - e3fb79a3-1f86-42af-a80c-c46d1acdbc29@group-7855C2F36E53: changes role from CANDIDATE to FOLLOWER at term 555 for DISCOVERED_A_NEW_TERM
2019-11-04 16:03:09,666 [e3fb79a3-1f86-42af-a80c-c46d1acdbc29@group-7855C2F36E53-LeaderElection501] INFO  impl.RoleInfo (RoleInfo.java:shutdownLeaderElection(134)) - e3fb79a3-1f86-42af-a80c-c46d1acdbc29: shutdown LeaderElection
2019-11-04 16:03:09,666 [e3fb79a3-1f86-42af-a80c-c46d1acdbc29@group-7855C2F36E53-LeaderElection501] INFO  impl.RoleInfo (RoleInfo.java:updateAndGet(143)) - e3fb79a3-1f86-42af-a80c-c46d1acdbc29: start FollowerState
2019-11-04 16:03:09,726 [Thread-3525] INFO  impl.FollowerState (FollowerState.java:run(108)) - e3fb79a3-1f86-42af-a80c-c46d1acdbc29@group-7855C2F36E53-FollowerState: change to CANDIDATE, lastRpcTime:60ms, electionTimeout:60ms
2019-11-04 16:03:09,726 [Thread-3525] INFO  impl.RoleInfo (RoleInfo.java:shutdownFollowerState(121)) - e3fb79a3-1f86-42af-a80c-c46d1acdbc29: shutdown FollowerState
2019-11-04 16:03:09,726 [Thread-3525] INFO  impl.RaftServerImpl (RaftServerImpl.java:setRole(184)) - e3fb79a3-1f86-42af-a80c-c46d1acdbc29@group-7855C2F36E53: changes role from  FOLLOWER to CANDIDATE at term 555 for changeToCandidate
2019-11-04 16:03:09,726 [Thread-3525] INFO  impl.RoleInfo (RoleInfo.java:updateAndGet(143)) - e3fb79a3-1f86-42af-a80c-c46d1acdbc29: start LeaderElection
2019-11-04 16:03:09,738 [e3fb79a3-1f86-42af-a80c-c46d1acdbc29@group-7855C2F36E53-LeaderElection502] INFO  impl.LeaderElection (LeaderElection.java:askForVotes(178)) - e3fb79a3-1f86-42af-a80c-c46d1acdbc29@group-7855C2F36E53-LeaderElection502: begin an election at term 556 for -1: [e3fb79a3-1f86-42af-a80c-c46d1acdbc29:192.168.157.194:44142, 81ff859e-e76f-43f5-951a-4a38422068cb:192.168.157.194:46532, a9143d84-6d7f-497d-b770-eb75585db3c7:192.168.157.194:42126], old=null
2019-11-04 16:03:09,739 [e3fb79a3-1f86-42af-a80c-c46d1acdbc29@group-7855C2F36E53-LeaderElection502] INFO  impl.LeaderElection (LogUtils.java:infoOrTrace(149)) - e3fb79a3-1f86-42af-a80c-c46d1acdbc29@group-7855C2F36E53-LeaderElection502 got exception when requesting votes: {}
java.util.concurrent.ExecutionException: org.apache.ratis.thirdparty.io.grpc.StatusRuntimeException: UNAVAILABLE: io exception
	at java.util.concurrent.FutureTask.report(FutureTask.java:122)
	at java.util.concurrent.FutureTask.get(FutureTask.java:192)
	at org.apache.ratis.server.impl.LeaderElection.waitForResults(LeaderElection.java:259)
	at org.apache.ratis.server.impl.LeaderElection.askForVotes(LeaderElection.java:197)
	at org.apache.ratis.server.impl.LeaderElection.run(LeaderElection.java:133)
	at java.lang.Thread.run(Thread.java:748)
Caused by: org.apache.ratis.thirdparty.io.grpc.StatusRuntimeException: UNAVAILABLE: io exception
	at org.apache.ratis.thirdparty.io.grpc.stub.ClientCalls.toStatusRuntimeException(ClientCalls.java:233)
	at org.apache.ratis.thirdparty.io.grpc.stub.ClientCalls.getUnchecked(ClientCalls.java:214)
	at org.apache.ratis.thirdparty.io.grpc.stub.ClientCalls.blockingUnaryCall(ClientCalls.java:139)
	at org.apache.ratis.proto.grpc.RaftServerProtocolServiceGrpc$RaftServerProtocolServiceBlockingStub.requestVote(RaftServerProtocolServiceGrpc.java:265)
	at org.apache.ratis.grpc.server.GrpcServerProtocolClient.requestVote(GrpcServerProtocolClient.java:99)
	at org.apache.ratis.grpc.server.GrpcService.requestVote(GrpcService.java:204)
	at org.apache.ratis.server.impl.LeaderElection.lambda$submitRequests$1(LeaderElection.java:234)
	at java.util.concurrent.FutureTask.run(FutureTask.java:266)
	at java.util.concurrent.Executors$RunnableAdapter.call(Executors.java:511)
	at java.util.concurrent.FutureTask.run(FutureTask.java:266)
	at java.util.concurrent.ThreadPoolExecutor.runWorker(ThreadPoolExecutor.java:1149)
	at java.util.concurrent.ThreadPoolExecutor$Worker.run(ThreadPoolExecutor.java:624)
	... 1 more
Caused by: org.apache.ratis.thirdparty.io.netty.channel.AbstractChannel$AnnotatedConnectException: Connection refused: /192.168.157.194:46532
	at sun.nio.ch.SocketChannelImpl.checkConnect(Native Method)
	at sun.nio.ch.SocketChannelImpl.finishConnect(SocketChannelImpl.java:717)
	at org.apache.ratis.thirdparty.io.netty.channel.socket.nio.NioSocketChannel.doFinishConnect(NioSocketChannel.java:327)
	at org.apache.ratis.thirdparty.io.netty.channel.nio.AbstractNioChannel$AbstractNioUnsafe.finishConnect(AbstractNioChannel.java:340)
	at org.apache.ratis.thirdparty.io.netty.channel.nio.NioEventLoop.processSelectedKey(NioEventLoop.java:632)
	at org.apache.ratis.thirdparty.io.netty.channel.nio.NioEventLoop.processSelectedKeysOptimized(NioEventLoop.java:579)
	at org.apache.ratis.thirdparty.io.netty.channel.nio.NioEventLoop.processSelectedKeys(NioEventLoop.java:496)
	at org.apache.ratis.thirdparty.io.netty.channel.nio.NioEventLoop.run(NioEventLoop.java:458)
	at org.apache.ratis.thirdparty.io.netty.util.concurrent.SingleThreadEventExecutor$5.run(SingleThreadEventExecutor.java:897)
	at org.apache.ratis.thirdparty.io.netty.util.concurrent.FastThreadLocalRunnable.run(FastThreadLocalRunnable.java:30)
	... 1 more
Caused by: java.net.ConnectException: Connection refused
	... 11 more
2019-11-04 16:03:09,739 [e3fb79a3-1f86-42af-a80c-c46d1acdbc29@group-7855C2F36E53-LeaderElection502] INFO  impl.LeaderElection (LogUtils.java:infoOrTrace(149)) - e3fb79a3-1f86-42af-a80c-c46d1acdbc29@group-7855C2F36E53-LeaderElection502 got exception when requesting votes: {}
java.util.concurrent.ExecutionException: org.apache.ratis.thirdparty.io.grpc.StatusRuntimeException: UNAVAILABLE: io exception
	at java.util.concurrent.FutureTask.report(FutureTask.java:122)
	at java.util.concurrent.FutureTask.get(FutureTask.java:192)
	at org.apache.ratis.server.impl.LeaderElection.waitForResults(LeaderElection.java:259)
	at org.apache.ratis.server.impl.LeaderElection.askForVotes(LeaderElection.java:197)
	at org.apache.ratis.server.impl.LeaderElection.run(LeaderElection.java:133)
	at java.lang.Thread.run(Thread.java:748)
Caused by: org.apache.ratis.thirdparty.io.grpc.StatusRuntimeException: UNAVAILABLE: io exception
	at org.apache.ratis.thirdparty.io.grpc.stub.ClientCalls.toStatusRuntimeException(ClientCalls.java:233)
	at org.apache.ratis.thirdparty.io.grpc.stub.ClientCalls.getUnchecked(ClientCalls.java:214)
	at org.apache.ratis.thirdparty.io.grpc.stub.ClientCalls.blockingUnaryCall(ClientCalls.java:139)
	at org.apache.ratis.proto.grpc.RaftServerProtocolServiceGrpc$RaftServerProtocolServiceBlockingStub.requestVote(RaftServerProtocolServiceGrpc.java:265)
	at org.apache.ratis.grpc.server.GrpcServerProtocolClient.requestVote(GrpcServerProtocolClient.java:99)
	at org.apache.ratis.grpc.server.GrpcService.requestVote(GrpcService.java:204)
	at org.apache.ratis.server.impl.LeaderElection.lambda$submitRequests$1(LeaderElection.java:234)
	at java.util.concurrent.FutureTask.run(FutureTask.java:266)
	at java.util.concurrent.Executors$RunnableAdapter.call(Executors.java:511)
	at java.util.concurrent.FutureTask.run(FutureTask.java:266)
	at java.util.concurrent.ThreadPoolExecutor.runWorker(ThreadPoolExecutor.java:1149)
	at java.util.concurrent.ThreadPoolExecutor$Worker.run(ThreadPoolExecutor.java:624)
	... 1 more
Caused by: org.apache.ratis.thirdparty.io.netty.channel.AbstractChannel$AnnotatedConnectException: Connection refused: /192.168.157.194:42126
	at sun.nio.ch.SocketChannelImpl.checkConnect(Native Method)
	at sun.nio.ch.SocketChannelImpl.finishConnect(SocketChannelImpl.java:717)
	at org.apache.ratis.thirdparty.io.netty.channel.socket.nio.NioSocketChannel.doFinishConnect(NioSocketChannel.java:327)
	at org.apache.ratis.thirdparty.io.netty.channel.nio.AbstractNioChannel$AbstractNioUnsafe.finishConnect(AbstractNioChannel.java:340)
	at org.apache.ratis.thirdparty.io.netty.channel.nio.NioEventLoop.processSelectedKey(NioEventLoop.java:632)
	at org.apache.ratis.thirdparty.io.netty.channel.nio.NioEventLoop.processSelectedKeysOptimized(NioEventLoop.java:579)
	at org.apache.ratis.thirdparty.io.netty.channel.nio.NioEventLoop.processSelectedKeys(NioEventLoop.java:496)
	at org.apache.ratis.thirdparty.io.netty.channel.nio.NioEventLoop.run(NioEventLoop.java:458)
	at org.apache.ratis.thirdparty.io.netty.util.concurrent.SingleThreadEventExecutor$5.run(SingleThreadEventExecutor.java:897)
	at org.apache.ratis.thirdparty.io.netty.util.concurrent.FastThreadLocalRunnable.run(FastThreadLocalRunnable.java:30)
	... 1 more
Caused by: java.net.ConnectException: Connection refused
	... 11 more
2019-11-04 16:03:09,739 [e3fb79a3-1f86-42af-a80c-c46d1acdbc29@group-7855C2F36E53-LeaderElection502] INFO  impl.LeaderElection (LeaderElection.java:logAndReturn(56)) - e3fb79a3-1f86-42af-a80c-c46d1acdbc29@group-7855C2F36E53-LeaderElection502: Election REJECTED; received 0 response(s) [] and 2 exception(s); e3fb79a3-1f86-42af-a80c-c46d1acdbc29@group-7855C2F36E53:t556, leader=null, voted=e3fb79a3-1f86-42af-a80c-c46d1acdbc29, raftlog=e3fb79a3-1f86-42af-a80c-c46d1acdbc29@group-7855C2F36E53-SegmentedRaftLog:OPENED:c-1,f-1,i0, conf=-1: [e3fb79a3-1f86-42af-a80c-c46d1acdbc29:192.168.157.194:44142, 81ff859e-e76f-43f5-951a-4a38422068cb:192.168.157.194:46532, a9143d84-6d7f-497d-b770-eb75585db3c7:192.168.157.194:42126], old=null
2019-11-04 16:03:09,739 [e3fb79a3-1f86-42af-a80c-c46d1acdbc29@group-7855C2F36E53-LeaderElection502] INFO  impl.LeaderElection (LogUtils.java:infoOrTrace(149)) -   Exception 0: {}
java.util.concurrent.ExecutionException: org.apache.ratis.thirdparty.io.grpc.StatusRuntimeException: UNAVAILABLE: io exception
	at java.util.concurrent.FutureTask.report(FutureTask.java:122)
	at java.util.concurrent.FutureTask.get(FutureTask.java:192)
	at org.apache.ratis.server.impl.LeaderElection.waitForResults(LeaderElection.java:259)
	at org.apache.ratis.server.impl.LeaderElection.askForVotes(LeaderElection.java:197)
	at org.apache.ratis.server.impl.LeaderElection.run(LeaderElection.java:133)
	at java.lang.Thread.run(Thread.java:748)
Caused by: org.apache.ratis.thirdparty.io.grpc.StatusRuntimeException: UNAVAILABLE: io exception
	at org.apache.ratis.thirdparty.io.grpc.stub.ClientCalls.toStatusRuntimeException(ClientCalls.java:233)
	at org.apache.ratis.thirdparty.io.grpc.stub.ClientCalls.getUnchecked(ClientCalls.java:214)
	at org.apache.ratis.thirdparty.io.grpc.stub.ClientCalls.blockingUnaryCall(ClientCalls.java:139)
	at org.apache.ratis.proto.grpc.RaftServerProtocolServiceGrpc$RaftServerProtocolServiceBlockingStub.requestVote(RaftServerProtocolServiceGrpc.java:265)
	at org.apache.ratis.grpc.server.GrpcServerProtocolClient.requestVote(GrpcServerProtocolClient.java:99)
	at org.apache.ratis.grpc.server.GrpcService.requestVote(GrpcService.java:204)
	at org.apache.ratis.server.impl.LeaderElection.lambda$submitRequests$1(LeaderElection.java:234)
	at java.util.concurrent.FutureTask.run(FutureTask.java:266)
	at java.util.concurrent.Executors$RunnableAdapter.call(Executors.java:511)
	at java.util.concurrent.FutureTask.run(FutureTask.java:266)
	at java.util.concurrent.ThreadPoolExecutor.runWorker(ThreadPoolExecutor.java:1149)
	at java.util.concurrent.ThreadPoolExecutor$Worker.run(ThreadPoolExecutor.java:624)
	... 1 more
Caused by: org.apache.ratis.thirdparty.io.netty.channel.AbstractChannel$AnnotatedConnectException: Connection refused: /192.168.157.194:46532
	at sun.nio.ch.SocketChannelImpl.checkConnect(Native Method)
	at sun.nio.ch.SocketChannelImpl.finishConnect(SocketChannelImpl.java:717)
	at org.apache.ratis.thirdparty.io.netty.channel.socket.nio.NioSocketChannel.doFinishConnect(NioSocketChannel.java:327)
	at org.apache.ratis.thirdparty.io.netty.channel.nio.AbstractNioChannel$AbstractNioUnsafe.finishConnect(AbstractNioChannel.java:340)
	at org.apache.ratis.thirdparty.io.netty.channel.nio.NioEventLoop.processSelectedKey(NioEventLoop.java:632)
	at org.apache.ratis.thirdparty.io.netty.channel.nio.NioEventLoop.processSelectedKeysOptimized(NioEventLoop.java:579)
	at org.apache.ratis.thirdparty.io.netty.channel.nio.NioEventLoop.processSelectedKeys(NioEventLoop.java:496)
	at org.apache.ratis.thirdparty.io.netty.channel.nio.NioEventLoop.run(NioEventLoop.java:458)
	at org.apache.ratis.thirdparty.io.netty.util.concurrent.SingleThreadEventExecutor$5.run(SingleThreadEventExecutor.java:897)
	at org.apache.ratis.thirdparty.io.netty.util.concurrent.FastThreadLocalRunnable.run(FastThreadLocalRunnable.java:30)
	... 1 more
Caused by: java.net.ConnectException: Connection refused
	... 11 more
2019-11-04 16:03:09,740 [e3fb79a3-1f86-42af-a80c-c46d1acdbc29@group-7855C2F36E53-LeaderElection502] INFO  impl.LeaderElection (LogUtils.java:infoOrTrace(149)) -   Exception 1: {}
java.util.concurrent.ExecutionException: org.apache.ratis.thirdparty.io.grpc.StatusRuntimeException: UNAVAILABLE: io exception
	at java.util.concurrent.FutureTask.report(FutureTask.java:122)
	at java.util.concurrent.FutureTask.get(FutureTask.java:192)
	at org.apache.ratis.server.impl.LeaderElection.waitForResults(LeaderElection.java:259)
	at org.apache.ratis.server.impl.LeaderElection.askForVotes(LeaderElection.java:197)
	at org.apache.ratis.server.impl.LeaderElection.run(LeaderElection.java:133)
	at java.lang.Thread.run(Thread.java:748)
Caused by: org.apache.ratis.thirdparty.io.grpc.StatusRuntimeException: UNAVAILABLE: io exception
	at org.apache.ratis.thirdparty.io.grpc.stub.ClientCalls.toStatusRuntimeException(ClientCalls.java:233)
	at org.apache.ratis.thirdparty.io.grpc.stub.ClientCalls.getUnchecked(ClientCalls.java:214)
	at org.apache.ratis.thirdparty.io.grpc.stub.ClientCalls.blockingUnaryCall(ClientCalls.java:139)
	at org.apache.ratis.proto.grpc.RaftServerProtocolServiceGrpc$RaftServerProtocolServiceBlockingStub.requestVote(RaftServerProtocolServiceGrpc.java:265)
	at org.apache.ratis.grpc.server.GrpcServerProtocolClient.requestVote(GrpcServerProtocolClient.java:99)
	at org.apache.ratis.grpc.server.GrpcService.requestVote(GrpcService.java:204)
	at org.apache.ratis.server.impl.LeaderElection.lambda$submitRequests$1(LeaderElection.java:234)
	at java.util.concurrent.FutureTask.run(FutureTask.java:266)
	at java.util.concurrent.Executors$RunnableAdapter.call(Executors.java:511)
	at java.util.concurrent.FutureTask.run(FutureTask.java:266)
	at java.util.concurrent.ThreadPoolExecutor.runWorker(ThreadPoolExecutor.java:1149)
	at java.util.concurrent.ThreadPoolExecutor$Worker.run(ThreadPoolExecutor.java:624)
	... 1 more
Caused by: org.apache.ratis.thirdparty.io.netty.channel.AbstractChannel$AnnotatedConnectException: Connection refused: /192.168.157.194:42126
	at sun.nio.ch.SocketChannelImpl.checkConnect(Native Method)
	at sun.nio.ch.SocketChannelImpl.finishConnect(SocketChannelImpl.java:717)
	at org.apache.ratis.thirdparty.io.netty.channel.socket.nio.NioSocketChannel.doFinishConnect(NioSocketChannel.java:327)
	at org.apache.ratis.thirdparty.io.netty.channel.nio.AbstractNioChannel$AbstractNioUnsafe.finishConnect(AbstractNioChannel.java:340)
	at org.apache.ratis.thirdparty.io.netty.channel.nio.NioEventLoop.processSelectedKey(NioEventLoop.java:632)
	at org.apache.ratis.thirdparty.io.netty.channel.nio.NioEventLoop.processSelectedKeysOptimized(NioEventLoop.java:579)
	at org.apache.ratis.thirdparty.io.netty.channel.nio.NioEventLoop.processSelectedKeys(NioEventLoop.java:496)
	at org.apache.ratis.thirdparty.io.netty.channel.nio.NioEventLoop.run(NioEventLoop.java:458)
	at org.apache.ratis.thirdparty.io.netty.util.concurrent.SingleThreadEventExecutor$5.run(SingleThreadEventExecutor.java:897)
	at org.apache.ratis.thirdparty.io.netty.util.concurrent.FastThreadLocalRunnable.run(FastThreadLocalRunnable.java:30)
	... 1 more
Caused by: java.net.ConnectException: Connection refused
	... 11 more
2019-11-04 16:03:09,740 [e3fb79a3-1f86-42af-a80c-c46d1acdbc29@group-7855C2F36E53-LeaderElection502] INFO  impl.RaftServerImpl (RaftServerImpl.java:setRole(184)) - e3fb79a3-1f86-42af-a80c-c46d1acdbc29@group-7855C2F36E53: changes role from CANDIDATE to FOLLOWER at term 556 for DISCOVERED_A_NEW_TERM
2019-11-04 16:03:09,740 [e3fb79a3-1f86-42af-a80c-c46d1acdbc29@group-7855C2F36E53-LeaderElection502] INFO  impl.RoleInfo (RoleInfo.java:shutdownLeaderElection(134)) - e3fb79a3-1f86-42af-a80c-c46d1acdbc29: shutdown LeaderElection
2019-11-04 16:03:09,740 [e3fb79a3-1f86-42af-a80c-c46d1acdbc29@group-7855C2F36E53-LeaderElection502] INFO  impl.RoleInfo (RoleInfo.java:updateAndGet(143)) - e3fb79a3-1f86-42af-a80c-c46d1acdbc29: start FollowerState
2019-11-04 16:03:09,746 [Thread-3529] INFO  impl.FollowerState (FollowerState.java:run(108)) - e3fb79a3-1f86-42af-a80c-c46d1acdbc29@group-7855C2F36E53-FollowerState: change to CANDIDATE, lastRpcTime:6ms, electionTimeout:6ms
2019-11-04 16:03:09,746 [Thread-3529] INFO  impl.RoleInfo (RoleInfo.java:shutdownFollowerState(121)) - e3fb79a3-1f86-42af-a80c-c46d1acdbc29: shutdown FollowerState
2019-11-04 16:03:09,746 [Thread-3529] INFO  impl.RaftServerImpl (RaftServerImpl.java:setRole(184)) - e3fb79a3-1f86-42af-a80c-c46d1acdbc29@group-7855C2F36E53: changes role from  FOLLOWER to CANDIDATE at term 556 for changeToCandidate
2019-11-04 16:03:09,746 [Thread-3529] INFO  impl.RoleInfo (RoleInfo.java:updateAndGet(143)) - e3fb79a3-1f86-42af-a80c-c46d1acdbc29: start LeaderElection
2019-11-04 16:03:09,753 [e3fb79a3-1f86-42af-a80c-c46d1acdbc29@group-7855C2F36E53-LeaderElection503] INFO  impl.LeaderElection (LeaderElection.java:askForVotes(178)) - e3fb79a3-1f86-42af-a80c-c46d1acdbc29@group-7855C2F36E53-LeaderElection503: begin an election at term 557 for -1: [e3fb79a3-1f86-42af-a80c-c46d1acdbc29:192.168.157.194:44142, 81ff859e-e76f-43f5-951a-4a38422068cb:192.168.157.194:46532, a9143d84-6d7f-497d-b770-eb75585db3c7:192.168.157.194:42126], old=null
2019-11-04 16:03:09,754 [e3fb79a3-1f86-42af-a80c-c46d1acdbc29@group-7855C2F36E53-LeaderElection503] INFO  impl.LeaderElection (LogUtils.java:infoOrTrace(149)) - e3fb79a3-1f86-42af-a80c-c46d1acdbc29@group-7855C2F36E53-LeaderElection503 got exception when requesting votes: {}
java.util.concurrent.ExecutionException: org.apache.ratis.thirdparty.io.grpc.StatusRuntimeException: UNAVAILABLE: io exception
	at java.util.concurrent.FutureTask.report(FutureTask.java:122)
	at java.util.concurrent.FutureTask.get(FutureTask.java:192)
	at org.apache.ratis.server.impl.LeaderElection.waitForResults(LeaderElection.java:259)
	at org.apache.ratis.server.impl.LeaderElection.askForVotes(LeaderElection.java:197)
	at org.apache.ratis.server.impl.LeaderElection.run(LeaderElection.java:133)
	at java.lang.Thread.run(Thread.java:748)
Caused by: org.apache.ratis.thirdparty.io.grpc.StatusRuntimeException: UNAVAILABLE: io exception
	at org.apache.ratis.thirdparty.io.grpc.stub.ClientCalls.toStatusRuntimeException(ClientCalls.java:233)
	at org.apache.ratis.thirdparty.io.grpc.stub.ClientCalls.getUnchecked(ClientCalls.java:214)
	at org.apache.ratis.thirdparty.io.grpc.stub.ClientCalls.blockingUnaryCall(ClientCalls.java:139)
	at org.apache.ratis.proto.grpc.RaftServerProtocolServiceGrpc$RaftServerProtocolServiceBlockingStub.requestVote(RaftServerProtocolServiceGrpc.java:265)
	at org.apache.ratis.grpc.server.GrpcServerProtocolClient.requestVote(GrpcServerProtocolClient.java:99)
	at org.apache.ratis.grpc.server.GrpcService.requestVote(GrpcService.java:204)
	at org.apache.ratis.server.impl.LeaderElection.lambda$submitRequests$1(LeaderElection.java:234)
	at java.util.concurrent.FutureTask.run(FutureTask.java:266)
	at java.util.concurrent.Executors$RunnableAdapter.call(Executors.java:511)
	at java.util.concurrent.FutureTask.run(FutureTask.java:266)
	at java.util.concurrent.ThreadPoolExecutor.runWorker(ThreadPoolExecutor.java:1149)
	at java.util.concurrent.ThreadPoolExecutor$Worker.run(ThreadPoolExecutor.java:624)
	... 1 more
Caused by: org.apache.ratis.thirdparty.io.netty.channel.AbstractChannel$AnnotatedConnectException: Connection refused: /192.168.157.194:46532
	at sun.nio.ch.SocketChannelImpl.checkConnect(Native Method)
	at sun.nio.ch.SocketChannelImpl.finishConnect(SocketChannelImpl.java:717)
	at org.apache.ratis.thirdparty.io.netty.channel.socket.nio.NioSocketChannel.doFinishConnect(NioSocketChannel.java:327)
	at org.apache.ratis.thirdparty.io.netty.channel.nio.AbstractNioChannel$AbstractNioUnsafe.finishConnect(AbstractNioChannel.java:340)
	at org.apache.ratis.thirdparty.io.netty.channel.nio.NioEventLoop.processSelectedKey(NioEventLoop.java:632)
	at org.apache.ratis.thirdparty.io.netty.channel.nio.NioEventLoop.processSelectedKeysOptimized(NioEventLoop.java:579)
	at org.apache.ratis.thirdparty.io.netty.channel.nio.NioEventLoop.processSelectedKeys(NioEventLoop.java:496)
	at org.apache.ratis.thirdparty.io.netty.channel.nio.NioEventLoop.run(NioEventLoop.java:458)
	at org.apache.ratis.thirdparty.io.netty.util.concurrent.SingleThreadEventExecutor$5.run(SingleThreadEventExecutor.java:897)
	at org.apache.ratis.thirdparty.io.netty.util.concurrent.FastThreadLocalRunnable.run(FastThreadLocalRunnable.java:30)
	... 1 more
Caused by: java.net.ConnectException: Connection refused
	... 11 more
2019-11-04 16:03:09,754 [e3fb79a3-1f86-42af-a80c-c46d1acdbc29@group-7855C2F36E53-LeaderElection503] INFO  impl.LeaderElection (LogUtils.java:infoOrTrace(149)) - e3fb79a3-1f86-42af-a80c-c46d1acdbc29@group-7855C2F36E53-LeaderElection503 got exception when requesting votes: {}
java.util.concurrent.ExecutionException: org.apache.ratis.thirdparty.io.grpc.StatusRuntimeException: UNAVAILABLE: io exception
	at java.util.concurrent.FutureTask.report(FutureTask.java:122)
	at java.util.concurrent.FutureTask.get(FutureTask.java:192)
	at org.apache.ratis.server.impl.LeaderElection.waitForResults(LeaderElection.java:259)
	at org.apache.ratis.server.impl.LeaderElection.askForVotes(LeaderElection.java:197)
	at org.apache.ratis.server.impl.LeaderElection.run(LeaderElection.java:133)
	at java.lang.Thread.run(Thread.java:748)
Caused by: org.apache.ratis.thirdparty.io.grpc.StatusRuntimeException: UNAVAILABLE: io exception
	at org.apache.ratis.thirdparty.io.grpc.stub.ClientCalls.toStatusRuntimeException(ClientCalls.java:233)
	at org.apache.ratis.thirdparty.io.grpc.stub.ClientCalls.getUnchecked(ClientCalls.java:214)
	at org.apache.ratis.thirdparty.io.grpc.stub.ClientCalls.blockingUnaryCall(ClientCalls.java:139)
	at org.apache.ratis.proto.grpc.RaftServerProtocolServiceGrpc$RaftServerProtocolServiceBlockingStub.requestVote(RaftServerProtocolServiceGrpc.java:265)
	at org.apache.ratis.grpc.server.GrpcServerProtocolClient.requestVote(GrpcServerProtocolClient.java:99)
	at org.apache.ratis.grpc.server.GrpcService.requestVote(GrpcService.java:204)
	at org.apache.ratis.server.impl.LeaderElection.lambda$submitRequests$1(LeaderElection.java:234)
	at java.util.concurrent.FutureTask.run(FutureTask.java:266)
	at java.util.concurrent.Executors$RunnableAdapter.call(Executors.java:511)
	at java.util.concurrent.FutureTask.run(FutureTask.java:266)
	at java.util.concurrent.ThreadPoolExecutor.runWorker(ThreadPoolExecutor.java:1149)
	at java.util.concurrent.ThreadPoolExecutor$Worker.run(ThreadPoolExecutor.java:624)
	... 1 more
Caused by: org.apache.ratis.thirdparty.io.netty.channel.AbstractChannel$AnnotatedConnectException: Connection refused: /192.168.157.194:42126
	at sun.nio.ch.SocketChannelImpl.checkConnect(Native Method)
	at sun.nio.ch.SocketChannelImpl.finishConnect(SocketChannelImpl.java:717)
	at org.apache.ratis.thirdparty.io.netty.channel.socket.nio.NioSocketChannel.doFinishConnect(NioSocketChannel.java:327)
	at org.apache.ratis.thirdparty.io.netty.channel.nio.AbstractNioChannel$AbstractNioUnsafe.finishConnect(AbstractNioChannel.java:340)
	at org.apache.ratis.thirdparty.io.netty.channel.nio.NioEventLoop.processSelectedKey(NioEventLoop.java:632)
	at org.apache.ratis.thirdparty.io.netty.channel.nio.NioEventLoop.processSelectedKeysOptimized(NioEventLoop.java:579)
	at org.apache.ratis.thirdparty.io.netty.channel.nio.NioEventLoop.processSelectedKeys(NioEventLoop.java:496)
	at org.apache.ratis.thirdparty.io.netty.channel.nio.NioEventLoop.run(NioEventLoop.java:458)
	at org.apache.ratis.thirdparty.io.netty.util.concurrent.SingleThreadEventExecutor$5.run(SingleThreadEventExecutor.java:897)
	at org.apache.ratis.thirdparty.io.netty.util.concurrent.FastThreadLocalRunnable.run(FastThreadLocalRunnable.java:30)
	... 1 more
Caused by: java.net.ConnectException: Connection refused
	... 11 more
2019-11-04 16:03:09,754 [e3fb79a3-1f86-42af-a80c-c46d1acdbc29@group-7855C2F36E53-LeaderElection503] INFO  impl.LeaderElection (LeaderElection.java:logAndReturn(56)) - e3fb79a3-1f86-42af-a80c-c46d1acdbc29@group-7855C2F36E53-LeaderElection503: Election REJECTED; received 0 response(s) [] and 2 exception(s); e3fb79a3-1f86-42af-a80c-c46d1acdbc29@group-7855C2F36E53:t557, leader=null, voted=e3fb79a3-1f86-42af-a80c-c46d1acdbc29, raftlog=e3fb79a3-1f86-42af-a80c-c46d1acdbc29@group-7855C2F36E53-SegmentedRaftLog:OPENED:c-1,f-1,i0, conf=-1: [e3fb79a3-1f86-42af-a80c-c46d1acdbc29:192.168.157.194:44142, 81ff859e-e76f-43f5-951a-4a38422068cb:192.168.157.194:46532, a9143d84-6d7f-497d-b770-eb75585db3c7:192.168.157.194:42126], old=null
2019-11-04 16:03:09,754 [e3fb79a3-1f86-42af-a80c-c46d1acdbc29@group-7855C2F36E53-LeaderElection503] INFO  impl.LeaderElection (LogUtils.java:infoOrTrace(149)) -   Exception 0: {}
java.util.concurrent.ExecutionException: org.apache.ratis.thirdparty.io.grpc.StatusRuntimeException: UNAVAILABLE: io exception
	at java.util.concurrent.FutureTask.report(FutureTask.java:122)
	at java.util.concurrent.FutureTask.get(FutureTask.java:192)
	at org.apache.ratis.server.impl.LeaderElection.waitForResults(LeaderElection.java:259)
	at org.apache.ratis.server.impl.LeaderElection.askForVotes(LeaderElection.java:197)
	at org.apache.ratis.server.impl.LeaderElection.run(LeaderElection.java:133)
	at java.lang.Thread.run(Thread.java:748)
Caused by: org.apache.ratis.thirdparty.io.grpc.StatusRuntimeException: UNAVAILABLE: io exception
	at org.apache.ratis.thirdparty.io.grpc.stub.ClientCalls.toStatusRuntimeException(ClientCalls.java:233)
	at org.apache.ratis.thirdparty.io.grpc.stub.ClientCalls.getUnchecked(ClientCalls.java:214)
	at org.apache.ratis.thirdparty.io.grpc.stub.ClientCalls.blockingUnaryCall(ClientCalls.java:139)
	at org.apache.ratis.proto.grpc.RaftServerProtocolServiceGrpc$RaftServerProtocolServiceBlockingStub.requestVote(RaftServerProtocolServiceGrpc.java:265)
	at org.apache.ratis.grpc.server.GrpcServerProtocolClient.requestVote(GrpcServerProtocolClient.java:99)
	at org.apache.ratis.grpc.server.GrpcService.requestVote(GrpcService.java:204)
	at org.apache.ratis.server.impl.LeaderElection.lambda$submitRequests$1(LeaderElection.java:234)
	at java.util.concurrent.FutureTask.run(FutureTask.java:266)
	at java.util.concurrent.Executors$RunnableAdapter.call(Executors.java:511)
	at java.util.concurrent.FutureTask.run(FutureTask.java:266)
	at java.util.concurrent.ThreadPoolExecutor.runWorker(ThreadPoolExecutor.java:1149)
	at java.util.concurrent.ThreadPoolExecutor$Worker.run(ThreadPoolExecutor.java:624)
	... 1 more
Caused by: org.apache.ratis.thirdparty.io.netty.channel.AbstractChannel$AnnotatedConnectException: Connection refused: /192.168.157.194:46532
	at sun.nio.ch.SocketChannelImpl.checkConnect(Native Method)
	at sun.nio.ch.SocketChannelImpl.finishConnect(SocketChannelImpl.java:717)
	at org.apache.ratis.thirdparty.io.netty.channel.socket.nio.NioSocketChannel.doFinishConnect(NioSocketChannel.java:327)
	at org.apache.ratis.thirdparty.io.netty.channel.nio.AbstractNioChannel$AbstractNioUnsafe.finishConnect(AbstractNioChannel.java:340)
	at org.apache.ratis.thirdparty.io.netty.channel.nio.NioEventLoop.processSelectedKey(NioEventLoop.java:632)
	at org.apache.ratis.thirdparty.io.netty.channel.nio.NioEventLoop.processSelectedKeysOptimized(NioEventLoop.java:579)
	at org.apache.ratis.thirdparty.io.netty.channel.nio.NioEventLoop.processSelectedKeys(NioEventLoop.java:496)
	at org.apache.ratis.thirdparty.io.netty.channel.nio.NioEventLoop.run(NioEventLoop.java:458)
	at org.apache.ratis.thirdparty.io.netty.util.concurrent.SingleThreadEventExecutor$5.run(SingleThreadEventExecutor.java:897)
	at org.apache.ratis.thirdparty.io.netty.util.concurrent.FastThreadLocalRunnable.run(FastThreadLocalRunnable.java:30)
	... 1 more
Caused by: java.net.ConnectException: Connection refused
	... 11 more
2019-11-04 16:03:09,755 [e3fb79a3-1f86-42af-a80c-c46d1acdbc29@group-7855C2F36E53-LeaderElection503] INFO  impl.LeaderElection (LogUtils.java:infoOrTrace(149)) -   Exception 1: {}
java.util.concurrent.ExecutionException: org.apache.ratis.thirdparty.io.grpc.StatusRuntimeException: UNAVAILABLE: io exception
	at java.util.concurrent.FutureTask.report(FutureTask.java:122)
	at java.util.concurrent.FutureTask.get(FutureTask.java:192)
	at org.apache.ratis.server.impl.LeaderElection.waitForResults(LeaderElection.java:259)
	at org.apache.ratis.server.impl.LeaderElection.askForVotes(LeaderElection.java:197)
	at org.apache.ratis.server.impl.LeaderElection.run(LeaderElection.java:133)
	at java.lang.Thread.run(Thread.java:748)
Caused by: org.apache.ratis.thirdparty.io.grpc.StatusRuntimeException: UNAVAILABLE: io exception
	at org.apache.ratis.thirdparty.io.grpc.stub.ClientCalls.toStatusRuntimeException(ClientCalls.java:233)
	at org.apache.ratis.thirdparty.io.grpc.stub.ClientCalls.getUnchecked(ClientCalls.java:214)
	at org.apache.ratis.thirdparty.io.grpc.stub.ClientCalls.blockingUnaryCall(ClientCalls.java:139)
	at org.apache.ratis.proto.grpc.RaftServerProtocolServiceGrpc$RaftServerProtocolServiceBlockingStub.requestVote(RaftServerProtocolServiceGrpc.java:265)
	at org.apache.ratis.grpc.server.GrpcServerProtocolClient.requestVote(GrpcServerProtocolClient.java:99)
	at org.apache.ratis.grpc.server.GrpcService.requestVote(GrpcService.java:204)
	at org.apache.ratis.server.impl.LeaderElection.lambda$submitRequests$1(LeaderElection.java:234)
	at java.util.concurrent.FutureTask.run(FutureTask.java:266)
	at java.util.concurrent.Executors$RunnableAdapter.call(Executors.java:511)
	at java.util.concurrent.FutureTask.run(FutureTask.java:266)
	at java.util.concurrent.ThreadPoolExecutor.runWorker(ThreadPoolExecutor.java:1149)
	at java.util.concurrent.ThreadPoolExecutor$Worker.run(ThreadPoolExecutor.java:624)
	... 1 more
Caused by: org.apache.ratis.thirdparty.io.netty.channel.AbstractChannel$AnnotatedConnectException: Connection refused: /192.168.157.194:42126
	at sun.nio.ch.SocketChannelImpl.checkConnect(Native Method)
	at sun.nio.ch.SocketChannelImpl.finishConnect(SocketChannelImpl.java:717)
	at org.apache.ratis.thirdparty.io.netty.channel.socket.nio.NioSocketChannel.doFinishConnect(NioSocketChannel.java:327)
	at org.apache.ratis.thirdparty.io.netty.channel.nio.AbstractNioChannel$AbstractNioUnsafe.finishConnect(AbstractNioChannel.java:340)
	at org.apache.ratis.thirdparty.io.netty.channel.nio.NioEventLoop.processSelectedKey(NioEventLoop.java:632)
	at org.apache.ratis.thirdparty.io.netty.channel.nio.NioEventLoop.processSelectedKeysOptimized(NioEventLoop.java:579)
	at org.apache.ratis.thirdparty.io.netty.channel.nio.NioEventLoop.processSelectedKeys(NioEventLoop.java:496)
	at org.apache.ratis.thirdparty.io.netty.channel.nio.NioEventLoop.run(NioEventLoop.java:458)
	at org.apache.ratis.thirdparty.io.netty.util.concurrent.SingleThreadEventExecutor$5.run(SingleThreadEventExecutor.java:897)
	at org.apache.ratis.thirdparty.io.netty.util.concurrent.FastThreadLocalRunnable.run(FastThreadLocalRunnable.java:30)
	... 1 more
Caused by: java.net.ConnectException: Connection refused
	... 11 more
2019-11-04 16:03:09,755 [e3fb79a3-1f86-42af-a80c-c46d1acdbc29@group-7855C2F36E53-LeaderElection503] INFO  impl.RaftServerImpl (RaftServerImpl.java:setRole(184)) - e3fb79a3-1f86-42af-a80c-c46d1acdbc29@group-7855C2F36E53: changes role from CANDIDATE to FOLLOWER at term 557 for DISCOVERED_A_NEW_TERM
2019-11-04 16:03:09,755 [e3fb79a3-1f86-42af-a80c-c46d1acdbc29@group-7855C2F36E53-LeaderElection503] INFO  impl.RoleInfo (RoleInfo.java:shutdownLeaderElection(134)) - e3fb79a3-1f86-42af-a80c-c46d1acdbc29: shutdown LeaderElection
2019-11-04 16:03:09,755 [e3fb79a3-1f86-42af-a80c-c46d1acdbc29@group-7855C2F36E53-LeaderElection503] INFO  impl.RoleInfo (RoleInfo.java:updateAndGet(143)) - e3fb79a3-1f86-42af-a80c-c46d1acdbc29: start FollowerState
2019-11-04 16:03:09,846 [Thread-3533] INFO  impl.FollowerState (FollowerState.java:run(108)) - e3fb79a3-1f86-42af-a80c-c46d1acdbc29@group-7855C2F36E53-FollowerState: change to CANDIDATE, lastRpcTime:91ms, electionTimeout:91ms
2019-11-04 16:03:09,847 [Thread-3533] INFO  impl.RoleInfo (RoleInfo.java:shutdownFollowerState(121)) - e3fb79a3-1f86-42af-a80c-c46d1acdbc29: shutdown FollowerState
2019-11-04 16:03:09,847 [Thread-3533] INFO  impl.RaftServerImpl (RaftServerImpl.java:setRole(184)) - e3fb79a3-1f86-42af-a80c-c46d1acdbc29@group-7855C2F36E53: changes role from  FOLLOWER to CANDIDATE at term 557 for changeToCandidate
2019-11-04 16:03:09,847 [Thread-3533] INFO  impl.RoleInfo (RoleInfo.java:updateAndGet(143)) - e3fb79a3-1f86-42af-a80c-c46d1acdbc29: start LeaderElection
2019-11-04 16:03:09,861 [e3fb79a3-1f86-42af-a80c-c46d1acdbc29@group-7855C2F36E53-LeaderElection504] INFO  impl.LeaderElection (LeaderElection.java:askForVotes(178)) - e3fb79a3-1f86-42af-a80c-c46d1acdbc29@group-7855C2F36E53-LeaderElection504: begin an election at term 558 for -1: [e3fb79a3-1f86-42af-a80c-c46d1acdbc29:192.168.157.194:44142, 81ff859e-e76f-43f5-951a-4a38422068cb:192.168.157.194:46532, a9143d84-6d7f-497d-b770-eb75585db3c7:192.168.157.194:42126], old=null
2019-11-04 16:03:09,862 [e3fb79a3-1f86-42af-a80c-c46d1acdbc29@group-7855C2F36E53-LeaderElection504] INFO  impl.LeaderElection (LogUtils.java:infoOrTrace(149)) - e3fb79a3-1f86-42af-a80c-c46d1acdbc29@group-7855C2F36E53-LeaderElection504 got exception when requesting votes: {}
java.util.concurrent.ExecutionException: org.apache.ratis.thirdparty.io.grpc.StatusRuntimeException: UNAVAILABLE: io exception
	at java.util.concurrent.FutureTask.report(FutureTask.java:122)
	at java.util.concurrent.FutureTask.get(FutureTask.java:192)
	at org.apache.ratis.server.impl.LeaderElection.waitForResults(LeaderElection.java:259)
	at org.apache.ratis.server.impl.LeaderElection.askForVotes(LeaderElection.java:197)
	at org.apache.ratis.server.impl.LeaderElection.run(LeaderElection.java:133)
	at java.lang.Thread.run(Thread.java:748)
Caused by: org.apache.ratis.thirdparty.io.grpc.StatusRuntimeException: UNAVAILABLE: io exception
	at org.apache.ratis.thirdparty.io.grpc.stub.ClientCalls.toStatusRuntimeException(ClientCalls.java:233)
	at org.apache.ratis.thirdparty.io.grpc.stub.ClientCalls.getUnchecked(ClientCalls.java:214)
	at org.apache.ratis.thirdparty.io.grpc.stub.ClientCalls.blockingUnaryCall(ClientCalls.java:139)
	at org.apache.ratis.proto.grpc.RaftServerProtocolServiceGrpc$RaftServerProtocolServiceBlockingStub.requestVote(RaftServerProtocolServiceGrpc.java:265)
	at org.apache.ratis.grpc.server.GrpcServerProtocolClient.requestVote(GrpcServerProtocolClient.java:99)
	at org.apache.ratis.grpc.server.GrpcService.requestVote(GrpcService.java:204)
	at org.apache.ratis.server.impl.LeaderElection.lambda$submitRequests$1(LeaderElection.java:234)
	at java.util.concurrent.FutureTask.run(FutureTask.java:266)
	at java.util.concurrent.Executors$RunnableAdapter.call(Executors.java:511)
	at java.util.concurrent.FutureTask.run(FutureTask.java:266)
	at java.util.concurrent.ThreadPoolExecutor.runWorker(ThreadPoolExecutor.java:1149)
	at java.util.concurrent.ThreadPoolExecutor$Worker.run(ThreadPoolExecutor.java:624)
	... 1 more
Caused by: org.apache.ratis.thirdparty.io.netty.channel.AbstractChannel$AnnotatedConnectException: Connection refused: /192.168.157.194:46532
	at sun.nio.ch.SocketChannelImpl.checkConnect(Native Method)
	at sun.nio.ch.SocketChannelImpl.finishConnect(SocketChannelImpl.java:717)
	at org.apache.ratis.thirdparty.io.netty.channel.socket.nio.NioSocketChannel.doFinishConnect(NioSocketChannel.java:327)
	at org.apache.ratis.thirdparty.io.netty.channel.nio.AbstractNioChannel$AbstractNioUnsafe.finishConnect(AbstractNioChannel.java:340)
	at org.apache.ratis.thirdparty.io.netty.channel.nio.NioEventLoop.processSelectedKey(NioEventLoop.java:632)
	at org.apache.ratis.thirdparty.io.netty.channel.nio.NioEventLoop.processSelectedKeysOptimized(NioEventLoop.java:579)
	at org.apache.ratis.thirdparty.io.netty.channel.nio.NioEventLoop.processSelectedKeys(NioEventLoop.java:496)
	at org.apache.ratis.thirdparty.io.netty.channel.nio.NioEventLoop.run(NioEventLoop.java:458)
	at org.apache.ratis.thirdparty.io.netty.util.concurrent.SingleThreadEventExecutor$5.run(SingleThreadEventExecutor.java:897)
	at org.apache.ratis.thirdparty.io.netty.util.concurrent.FastThreadLocalRunnable.run(FastThreadLocalRunnable.java:30)
	... 1 more
Caused by: java.net.ConnectException: Connection refused
	... 11 more
2019-11-04 16:03:09,862 [e3fb79a3-1f86-42af-a80c-c46d1acdbc29@group-7855C2F36E53-LeaderElection504] INFO  impl.LeaderElection (LogUtils.java:infoOrTrace(149)) - e3fb79a3-1f86-42af-a80c-c46d1acdbc29@group-7855C2F36E53-LeaderElection504 got exception when requesting votes: {}
java.util.concurrent.ExecutionException: org.apache.ratis.thirdparty.io.grpc.StatusRuntimeException: UNAVAILABLE: io exception
	at java.util.concurrent.FutureTask.report(FutureTask.java:122)
	at java.util.concurrent.FutureTask.get(FutureTask.java:192)
	at org.apache.ratis.server.impl.LeaderElection.waitForResults(LeaderElection.java:259)
	at org.apache.ratis.server.impl.LeaderElection.askForVotes(LeaderElection.java:197)
	at org.apache.ratis.server.impl.LeaderElection.run(LeaderElection.java:133)
	at java.lang.Thread.run(Thread.java:748)
Caused by: org.apache.ratis.thirdparty.io.grpc.StatusRuntimeException: UNAVAILABLE: io exception
	at org.apache.ratis.thirdparty.io.grpc.stub.ClientCalls.toStatusRuntimeException(ClientCalls.java:233)
	at org.apache.ratis.thirdparty.io.grpc.stub.ClientCalls.getUnchecked(ClientCalls.java:214)
	at org.apache.ratis.thirdparty.io.grpc.stub.ClientCalls.blockingUnaryCall(ClientCalls.java:139)
	at org.apache.ratis.proto.grpc.RaftServerProtocolServiceGrpc$RaftServerProtocolServiceBlockingStub.requestVote(RaftServerProtocolServiceGrpc.java:265)
	at org.apache.ratis.grpc.server.GrpcServerProtocolClient.requestVote(GrpcServerProtocolClient.java:99)
	at org.apache.ratis.grpc.server.GrpcService.requestVote(GrpcService.java:204)
	at org.apache.ratis.server.impl.LeaderElection.lambda$submitRequests$1(LeaderElection.java:234)
	at java.util.concurrent.FutureTask.run(FutureTask.java:266)
	at java.util.concurrent.Executors$RunnableAdapter.call(Executors.java:511)
	at java.util.concurrent.FutureTask.run(FutureTask.java:266)
	at java.util.concurrent.ThreadPoolExecutor.runWorker(ThreadPoolExecutor.java:1149)
	at java.util.concurrent.ThreadPoolExecutor$Worker.run(ThreadPoolExecutor.java:624)
	... 1 more
Caused by: org.apache.ratis.thirdparty.io.netty.channel.AbstractChannel$AnnotatedConnectException: Connection refused: /192.168.157.194:42126
	at sun.nio.ch.SocketChannelImpl.checkConnect(Native Method)
	at sun.nio.ch.SocketChannelImpl.finishConnect(SocketChannelImpl.java:717)
	at org.apache.ratis.thirdparty.io.netty.channel.socket.nio.NioSocketChannel.doFinishConnect(NioSocketChannel.java:327)
	at org.apache.ratis.thirdparty.io.netty.channel.nio.AbstractNioChannel$AbstractNioUnsafe.finishConnect(AbstractNioChannel.java:340)
	at org.apache.ratis.thirdparty.io.netty.channel.nio.NioEventLoop.processSelectedKey(NioEventLoop.java:632)
	at org.apache.ratis.thirdparty.io.netty.channel.nio.NioEventLoop.processSelectedKeysOptimized(NioEventLoop.java:579)
	at org.apache.ratis.thirdparty.io.netty.channel.nio.NioEventLoop.processSelectedKeys(NioEventLoop.java:496)
	at org.apache.ratis.thirdparty.io.netty.channel.nio.NioEventLoop.run(NioEventLoop.java:458)
	at org.apache.ratis.thirdparty.io.netty.util.concurrent.SingleThreadEventExecutor$5.run(SingleThreadEventExecutor.java:897)
	at org.apache.ratis.thirdparty.io.netty.util.concurrent.FastThreadLocalRunnable.run(FastThreadLocalRunnable.java:30)
	... 1 more
Caused by: java.net.ConnectException: Connection refused
	... 11 more
2019-11-04 16:03:09,863 [e3fb79a3-1f86-42af-a80c-c46d1acdbc29@group-7855C2F36E53-LeaderElection504] INFO  impl.LeaderElection (LeaderElection.java:logAndReturn(56)) - e3fb79a3-1f86-42af-a80c-c46d1acdbc29@group-7855C2F36E53-LeaderElection504: Election REJECTED; received 0 response(s) [] and 2 exception(s); e3fb79a3-1f86-42af-a80c-c46d1acdbc29@group-7855C2F36E53:t558, leader=null, voted=e3fb79a3-1f86-42af-a80c-c46d1acdbc29, raftlog=e3fb79a3-1f86-42af-a80c-c46d1acdbc29@group-7855C2F36E53-SegmentedRaftLog:OPENED:c-1,f-1,i0, conf=-1: [e3fb79a3-1f86-42af-a80c-c46d1acdbc29:192.168.157.194:44142, 81ff859e-e76f-43f5-951a-4a38422068cb:192.168.157.194:46532, a9143d84-6d7f-497d-b770-eb75585db3c7:192.168.157.194:42126], old=null
2019-11-04 16:03:09,863 [e3fb79a3-1f86-42af-a80c-c46d1acdbc29@group-7855C2F36E53-LeaderElection504] INFO  impl.LeaderElection (LogUtils.java:infoOrTrace(149)) -   Exception 0: {}
java.util.concurrent.ExecutionException: org.apache.ratis.thirdparty.io.grpc.StatusRuntimeException: UNAVAILABLE: io exception
	at java.util.concurrent.FutureTask.report(FutureTask.java:122)
	at java.util.concurrent.FutureTask.get(FutureTask.java:192)
	at org.apache.ratis.server.impl.LeaderElection.waitForResults(LeaderElection.java:259)
	at org.apache.ratis.server.impl.LeaderElection.askForVotes(LeaderElection.java:197)
	at org.apache.ratis.server.impl.LeaderElection.run(LeaderElection.java:133)
	at java.lang.Thread.run(Thread.java:748)
Caused by: org.apache.ratis.thirdparty.io.grpc.StatusRuntimeException: UNAVAILABLE: io exception
	at org.apache.ratis.thirdparty.io.grpc.stub.ClientCalls.toStatusRuntimeException(ClientCalls.java:233)
	at org.apache.ratis.thirdparty.io.grpc.stub.ClientCalls.getUnchecked(ClientCalls.java:214)
	at org.apache.ratis.thirdparty.io.grpc.stub.ClientCalls.blockingUnaryCall(ClientCalls.java:139)
	at org.apache.ratis.proto.grpc.RaftServerProtocolServiceGrpc$RaftServerProtocolServiceBlockingStub.requestVote(RaftServerProtocolServiceGrpc.java:265)
	at org.apache.ratis.grpc.server.GrpcServerProtocolClient.requestVote(GrpcServerProtocolClient.java:99)
	at org.apache.ratis.grpc.server.GrpcService.requestVote(GrpcService.java:204)
	at org.apache.ratis.server.impl.LeaderElection.lambda$submitRequests$1(LeaderElection.java:234)
	at java.util.concurrent.FutureTask.run(FutureTask.java:266)
	at java.util.concurrent.Executors$RunnableAdapter.call(Executors.java:511)
	at java.util.concurrent.FutureTask.run(FutureTask.java:266)
	at java.util.concurrent.ThreadPoolExecutor.runWorker(ThreadPoolExecutor.java:1149)
	at java.util.concurrent.ThreadPoolExecutor$Worker.run(ThreadPoolExecutor.java:624)
	... 1 more
Caused by: org.apache.ratis.thirdparty.io.netty.channel.AbstractChannel$AnnotatedConnectException: Connection refused: /192.168.157.194:46532
	at sun.nio.ch.SocketChannelImpl.checkConnect(Native Method)
	at sun.nio.ch.SocketChannelImpl.finishConnect(SocketChannelImpl.java:717)
	at org.apache.ratis.thirdparty.io.netty.channel.socket.nio.NioSocketChannel.doFinishConnect(NioSocketChannel.java:327)
	at org.apache.ratis.thirdparty.io.netty.channel.nio.AbstractNioChannel$AbstractNioUnsafe.finishConnect(AbstractNioChannel.java:340)
	at org.apache.ratis.thirdparty.io.netty.channel.nio.NioEventLoop.processSelectedKey(NioEventLoop.java:632)
	at org.apache.ratis.thirdparty.io.netty.channel.nio.NioEventLoop.processSelectedKeysOptimized(NioEventLoop.java:579)
	at org.apache.ratis.thirdparty.io.netty.channel.nio.NioEventLoop.processSelectedKeys(NioEventLoop.java:496)
	at org.apache.ratis.thirdparty.io.netty.channel.nio.NioEventLoop.run(NioEventLoop.java:458)
	at org.apache.ratis.thirdparty.io.netty.util.concurrent.SingleThreadEventExecutor$5.run(SingleThreadEventExecutor.java:897)
	at org.apache.ratis.thirdparty.io.netty.util.concurrent.FastThreadLocalRunnable.run(FastThreadLocalRunnable.java:30)
	... 1 more
Caused by: java.net.ConnectException: Connection refused
	... 11 more
2019-11-04 16:03:09,864 [e3fb79a3-1f86-42af-a80c-c46d1acdbc29@group-7855C2F36E53-LeaderElection504] INFO  impl.LeaderElection (LogUtils.java:infoOrTrace(149)) -   Exception 1: {}
java.util.concurrent.ExecutionException: org.apache.ratis.thirdparty.io.grpc.StatusRuntimeException: UNAVAILABLE: io exception
	at java.util.concurrent.FutureTask.report(FutureTask.java:122)
	at java.util.concurrent.FutureTask.get(FutureTask.java:192)
	at org.apache.ratis.server.impl.LeaderElection.waitForResults(LeaderElection.java:259)
	at org.apache.ratis.server.impl.LeaderElection.askForVotes(LeaderElection.java:197)
	at org.apache.ratis.server.impl.LeaderElection.run(LeaderElection.java:133)
	at java.lang.Thread.run(Thread.java:748)
Caused by: org.apache.ratis.thirdparty.io.grpc.StatusRuntimeException: UNAVAILABLE: io exception
	at org.apache.ratis.thirdparty.io.grpc.stub.ClientCalls.toStatusRuntimeException(ClientCalls.java:233)
	at org.apache.ratis.thirdparty.io.grpc.stub.ClientCalls.getUnchecked(ClientCalls.java:214)
	at org.apache.ratis.thirdparty.io.grpc.stub.ClientCalls.blockingUnaryCall(ClientCalls.java:139)
	at org.apache.ratis.proto.grpc.RaftServerProtocolServiceGrpc$RaftServerProtocolServiceBlockingStub.requestVote(RaftServerProtocolServiceGrpc.java:265)
	at org.apache.ratis.grpc.server.GrpcServerProtocolClient.requestVote(GrpcServerProtocolClient.java:99)
	at org.apache.ratis.grpc.server.GrpcService.requestVote(GrpcService.java:204)
	at org.apache.ratis.server.impl.LeaderElection.lambda$submitRequests$1(LeaderElection.java:234)
	at java.util.concurrent.FutureTask.run(FutureTask.java:266)
	at java.util.concurrent.Executors$RunnableAdapter.call(Executors.java:511)
	at java.util.concurrent.FutureTask.run(FutureTask.java:266)
	at java.util.concurrent.ThreadPoolExecutor.runWorker(ThreadPoolExecutor.java:1149)
	at java.util.concurrent.ThreadPoolExecutor$Worker.run(ThreadPoolExecutor.java:624)
	... 1 more
Caused by: org.apache.ratis.thirdparty.io.netty.channel.AbstractChannel$AnnotatedConnectException: Connection refused: /192.168.157.194:42126
	at sun.nio.ch.SocketChannelImpl.checkConnect(Native Method)
	at sun.nio.ch.SocketChannelImpl.finishConnect(SocketChannelImpl.java:717)
	at org.apache.ratis.thirdparty.io.netty.channel.socket.nio.NioSocketChannel.doFinishConnect(NioSocketChannel.java:327)
	at org.apache.ratis.thirdparty.io.netty.channel.nio.AbstractNioChannel$AbstractNioUnsafe.finishConnect(AbstractNioChannel.java:340)
	at org.apache.ratis.thirdparty.io.netty.channel.nio.NioEventLoop.processSelectedKey(NioEventLoop.java:632)
	at org.apache.ratis.thirdparty.io.netty.channel.nio.NioEventLoop.processSelectedKeysOptimized(NioEventLoop.java:579)
	at org.apache.ratis.thirdparty.io.netty.channel.nio.NioEventLoop.processSelectedKeys(NioEventLoop.java:496)
	at org.apache.ratis.thirdparty.io.netty.channel.nio.NioEventLoop.run(NioEventLoop.java:458)
	at org.apache.ratis.thirdparty.io.netty.util.concurrent.SingleThreadEventExecutor$5.run(SingleThreadEventExecutor.java:897)
	at org.apache.ratis.thirdparty.io.netty.util.concurrent.FastThreadLocalRunnable.run(FastThreadLocalRunnable.java:30)
	... 1 more
Caused by: java.net.ConnectException: Connection refused
	... 11 more
2019-11-04 16:03:09,864 [e3fb79a3-1f86-42af-a80c-c46d1acdbc29@group-7855C2F36E53-LeaderElection504] INFO  impl.RaftServerImpl (RaftServerImpl.java:setRole(184)) - e3fb79a3-1f86-42af-a80c-c46d1acdbc29@group-7855C2F36E53: changes role from CANDIDATE to FOLLOWER at term 558 for DISCOVERED_A_NEW_TERM
2019-11-04 16:03:09,864 [e3fb79a3-1f86-42af-a80c-c46d1acdbc29@group-7855C2F36E53-LeaderElection504] INFO  impl.RoleInfo (RoleInfo.java:shutdownLeaderElection(134)) - e3fb79a3-1f86-42af-a80c-c46d1acdbc29: shutdown LeaderElection
2019-11-04 16:03:09,864 [e3fb79a3-1f86-42af-a80c-c46d1acdbc29@group-7855C2F36E53-LeaderElection504] INFO  impl.RoleInfo (RoleInfo.java:updateAndGet(143)) - e3fb79a3-1f86-42af-a80c-c46d1acdbc29: start FollowerState
2019-11-04 16:03:09,981 [Thread-3537] INFO  impl.FollowerState (FollowerState.java:run(108)) - e3fb79a3-1f86-42af-a80c-c46d1acdbc29@group-7855C2F36E53-FollowerState: change to CANDIDATE, lastRpcTime:117ms, electionTimeout:117ms
2019-11-04 16:03:09,981 [Thread-3537] INFO  impl.RoleInfo (RoleInfo.java:shutdownFollowerState(121)) - e3fb79a3-1f86-42af-a80c-c46d1acdbc29: shutdown FollowerState
2019-11-04 16:03:09,982 [Thread-3537] INFO  impl.RaftServerImpl (RaftServerImpl.java:setRole(184)) - e3fb79a3-1f86-42af-a80c-c46d1acdbc29@group-7855C2F36E53: changes role from  FOLLOWER to CANDIDATE at term 558 for changeToCandidate
2019-11-04 16:03:09,982 [Thread-3537] INFO  impl.RoleInfo (RoleInfo.java:updateAndGet(143)) - e3fb79a3-1f86-42af-a80c-c46d1acdbc29: start LeaderElection
2019-11-04 16:03:09,995 [e3fb79a3-1f86-42af-a80c-c46d1acdbc29@group-7855C2F36E53-LeaderElection505] INFO  impl.LeaderElection (LeaderElection.java:askForVotes(178)) - e3fb79a3-1f86-42af-a80c-c46d1acdbc29@group-7855C2F36E53-LeaderElection505: begin an election at term 559 for -1: [e3fb79a3-1f86-42af-a80c-c46d1acdbc29:192.168.157.194:44142, 81ff859e-e76f-43f5-951a-4a38422068cb:192.168.157.194:46532, a9143d84-6d7f-497d-b770-eb75585db3c7:192.168.157.194:42126], old=null
2019-11-04 16:03:09,996 [e3fb79a3-1f86-42af-a80c-c46d1acdbc29@group-7855C2F36E53-LeaderElection505] INFO  impl.LeaderElection (LogUtils.java:infoOrTrace(149)) - e3fb79a3-1f86-42af-a80c-c46d1acdbc29@group-7855C2F36E53-LeaderElection505 got exception when requesting votes: {}
java.util.concurrent.ExecutionException: org.apache.ratis.thirdparty.io.grpc.StatusRuntimeException: UNAVAILABLE: io exception
	at java.util.concurrent.FutureTask.report(FutureTask.java:122)
	at java.util.concurrent.FutureTask.get(FutureTask.java:192)
	at org.apache.ratis.server.impl.LeaderElection.waitForResults(LeaderElection.java:259)
	at org.apache.ratis.server.impl.LeaderElection.askForVotes(LeaderElection.java:197)
	at org.apache.ratis.server.impl.LeaderElection.run(LeaderElection.java:133)
	at java.lang.Thread.run(Thread.java:748)
Caused by: org.apache.ratis.thirdparty.io.grpc.StatusRuntimeException: UNAVAILABLE: io exception
	at org.apache.ratis.thirdparty.io.grpc.stub.ClientCalls.toStatusRuntimeException(ClientCalls.java:233)
	at org.apache.ratis.thirdparty.io.grpc.stub.ClientCalls.getUnchecked(ClientCalls.java:214)
	at org.apache.ratis.thirdparty.io.grpc.stub.ClientCalls.blockingUnaryCall(ClientCalls.java:139)
	at org.apache.ratis.proto.grpc.RaftServerProtocolServiceGrpc$RaftServerProtocolServiceBlockingStub.requestVote(RaftServerProtocolServiceGrpc.java:265)
	at org.apache.ratis.grpc.server.GrpcServerProtocolClient.requestVote(GrpcServerProtocolClient.java:99)
	at org.apache.ratis.grpc.server.GrpcService.requestVote(GrpcService.java:204)
	at org.apache.ratis.server.impl.LeaderElection.lambda$submitRequests$1(LeaderElection.java:234)
	at java.util.concurrent.FutureTask.run(FutureTask.java:266)
	at java.util.concurrent.Executors$RunnableAdapter.call(Executors.java:511)
	at java.util.concurrent.FutureTask.run(FutureTask.java:266)
	at java.util.concurrent.ThreadPoolExecutor.runWorker(ThreadPoolExecutor.java:1149)
	at java.util.concurrent.ThreadPoolExecutor$Worker.run(ThreadPoolExecutor.java:624)
	... 1 more
Caused by: org.apache.ratis.thirdparty.io.netty.channel.AbstractChannel$AnnotatedConnectException: Connection refused: /192.168.157.194:46532
	at sun.nio.ch.SocketChannelImpl.checkConnect(Native Method)
	at sun.nio.ch.SocketChannelImpl.finishConnect(SocketChannelImpl.java:717)
	at org.apache.ratis.thirdparty.io.netty.channel.socket.nio.NioSocketChannel.doFinishConnect(NioSocketChannel.java:327)
	at org.apache.ratis.thirdparty.io.netty.channel.nio.AbstractNioChannel$AbstractNioUnsafe.finishConnect(AbstractNioChannel.java:340)
	at org.apache.ratis.thirdparty.io.netty.channel.nio.NioEventLoop.processSelectedKey(NioEventLoop.java:632)
	at org.apache.ratis.thirdparty.io.netty.channel.nio.NioEventLoop.processSelectedKeysOptimized(NioEventLoop.java:579)
	at org.apache.ratis.thirdparty.io.netty.channel.nio.NioEventLoop.processSelectedKeys(NioEventLoop.java:496)
	at org.apache.ratis.thirdparty.io.netty.channel.nio.NioEventLoop.run(NioEventLoop.java:458)
	at org.apache.ratis.thirdparty.io.netty.util.concurrent.SingleThreadEventExecutor$5.run(SingleThreadEventExecutor.java:897)
	at org.apache.ratis.thirdparty.io.netty.util.concurrent.FastThreadLocalRunnable.run(FastThreadLocalRunnable.java:30)
	... 1 more
Caused by: java.net.ConnectException: Connection refused
	... 11 more
2019-11-04 16:03:09,996 [e3fb79a3-1f86-42af-a80c-c46d1acdbc29@group-7855C2F36E53-LeaderElection505] INFO  impl.LeaderElection (LogUtils.java:infoOrTrace(149)) - e3fb79a3-1f86-42af-a80c-c46d1acdbc29@group-7855C2F36E53-LeaderElection505 got exception when requesting votes: {}
java.util.concurrent.ExecutionException: org.apache.ratis.thirdparty.io.grpc.StatusRuntimeException: UNAVAILABLE: io exception
	at java.util.concurrent.FutureTask.report(FutureTask.java:122)
	at java.util.concurrent.FutureTask.get(FutureTask.java:192)
	at org.apache.ratis.server.impl.LeaderElection.waitForResults(LeaderElection.java:259)
	at org.apache.ratis.server.impl.LeaderElection.askForVotes(LeaderElection.java:197)
	at org.apache.ratis.server.impl.LeaderElection.run(LeaderElection.java:133)
	at java.lang.Thread.run(Thread.java:748)
Caused by: org.apache.ratis.thirdparty.io.grpc.StatusRuntimeException: UNAVAILABLE: io exception
	at org.apache.ratis.thirdparty.io.grpc.stub.ClientCalls.toStatusRuntimeException(ClientCalls.java:233)
	at org.apache.ratis.thirdparty.io.grpc.stub.ClientCalls.getUnchecked(ClientCalls.java:214)
	at org.apache.ratis.thirdparty.io.grpc.stub.ClientCalls.blockingUnaryCall(ClientCalls.java:139)
	at org.apache.ratis.proto.grpc.RaftServerProtocolServiceGrpc$RaftServerProtocolServiceBlockingStub.requestVote(RaftServerProtocolServiceGrpc.java:265)
	at org.apache.ratis.grpc.server.GrpcServerProtocolClient.requestVote(GrpcServerProtocolClient.java:99)
	at org.apache.ratis.grpc.server.GrpcService.requestVote(GrpcService.java:204)
	at org.apache.ratis.server.impl.LeaderElection.lambda$submitRequests$1(LeaderElection.java:234)
	at java.util.concurrent.FutureTask.run(FutureTask.java:266)
	at java.util.concurrent.Executors$RunnableAdapter.call(Executors.java:511)
	at java.util.concurrent.FutureTask.run(FutureTask.java:266)
	at java.util.concurrent.ThreadPoolExecutor.runWorker(ThreadPoolExecutor.java:1149)
	at java.util.concurrent.ThreadPoolExecutor$Worker.run(ThreadPoolExecutor.java:624)
	... 1 more
Caused by: org.apache.ratis.thirdparty.io.netty.channel.AbstractChannel$AnnotatedConnectException: Connection refused: /192.168.157.194:42126
	at sun.nio.ch.SocketChannelImpl.checkConnect(Native Method)
	at sun.nio.ch.SocketChannelImpl.finishConnect(SocketChannelImpl.java:717)
	at org.apache.ratis.thirdparty.io.netty.channel.socket.nio.NioSocketChannel.doFinishConnect(NioSocketChannel.java:327)
	at org.apache.ratis.thirdparty.io.netty.channel.nio.AbstractNioChannel$AbstractNioUnsafe.finishConnect(AbstractNioChannel.java:340)
	at org.apache.ratis.thirdparty.io.netty.channel.nio.NioEventLoop.processSelectedKey(NioEventLoop.java:632)
	at org.apache.ratis.thirdparty.io.netty.channel.nio.NioEventLoop.processSelectedKeysOptimized(NioEventLoop.java:579)
	at org.apache.ratis.thirdparty.io.netty.channel.nio.NioEventLoop.processSelectedKeys(NioEventLoop.java:496)
	at org.apache.ratis.thirdparty.io.netty.channel.nio.NioEventLoop.run(NioEventLoop.java:458)
	at org.apache.ratis.thirdparty.io.netty.util.concurrent.SingleThreadEventExecutor$5.run(SingleThreadEventExecutor.java:897)
	at org.apache.ratis.thirdparty.io.netty.util.concurrent.FastThreadLocalRunnable.run(FastThreadLocalRunnable.java:30)
	... 1 more
Caused by: java.net.ConnectException: Connection refused
	... 11 more
2019-11-04 16:03:09,997 [e3fb79a3-1f86-42af-a80c-c46d1acdbc29@group-7855C2F36E53-LeaderElection505] INFO  impl.LeaderElection (LeaderElection.java:logAndReturn(56)) - e3fb79a3-1f86-42af-a80c-c46d1acdbc29@group-7855C2F36E53-LeaderElection505: Election REJECTED; received 0 response(s) [] and 2 exception(s); e3fb79a3-1f86-42af-a80c-c46d1acdbc29@group-7855C2F36E53:t559, leader=null, voted=e3fb79a3-1f86-42af-a80c-c46d1acdbc29, raftlog=e3fb79a3-1f86-42af-a80c-c46d1acdbc29@group-7855C2F36E53-SegmentedRaftLog:OPENED:c-1,f-1,i0, conf=-1: [e3fb79a3-1f86-42af-a80c-c46d1acdbc29:192.168.157.194:44142, 81ff859e-e76f-43f5-951a-4a38422068cb:192.168.157.194:46532, a9143d84-6d7f-497d-b770-eb75585db3c7:192.168.157.194:42126], old=null
2019-11-04 16:03:09,997 [e3fb79a3-1f86-42af-a80c-c46d1acdbc29@group-7855C2F36E53-LeaderElection505] INFO  impl.LeaderElection (LogUtils.java:infoOrTrace(149)) -   Exception 0: {}
java.util.concurrent.ExecutionException: org.apache.ratis.thirdparty.io.grpc.StatusRuntimeException: UNAVAILABLE: io exception
	at java.util.concurrent.FutureTask.report(FutureTask.java:122)
	at java.util.concurrent.FutureTask.get(FutureTask.java:192)
	at org.apache.ratis.server.impl.LeaderElection.waitForResults(LeaderElection.java:259)
	at org.apache.ratis.server.impl.LeaderElection.askForVotes(LeaderElection.java:197)
	at org.apache.ratis.server.impl.LeaderElection.run(LeaderElection.java:133)
	at java.lang.Thread.run(Thread.java:748)
Caused by: org.apache.ratis.thirdparty.io.grpc.StatusRuntimeException: UNAVAILABLE: io exception
	at org.apache.ratis.thirdparty.io.grpc.stub.ClientCalls.toStatusRuntimeException(ClientCalls.java:233)
	at org.apache.ratis.thirdparty.io.grpc.stub.ClientCalls.getUnchecked(ClientCalls.java:214)
	at org.apache.ratis.thirdparty.io.grpc.stub.ClientCalls.blockingUnaryCall(ClientCalls.java:139)
	at org.apache.ratis.proto.grpc.RaftServerProtocolServiceGrpc$RaftServerProtocolServiceBlockingStub.requestVote(RaftServerProtocolServiceGrpc.java:265)
	at org.apache.ratis.grpc.server.GrpcServerProtocolClient.requestVote(GrpcServerProtocolClient.java:99)
	at org.apache.ratis.grpc.server.GrpcService.requestVote(GrpcService.java:204)
	at org.apache.ratis.server.impl.LeaderElection.lambda$submitRequests$1(LeaderElection.java:234)
	at java.util.concurrent.FutureTask.run(FutureTask.java:266)
	at java.util.concurrent.Executors$RunnableAdapter.call(Executors.java:511)
	at java.util.concurrent.FutureTask.run(FutureTask.java:266)
	at java.util.concurrent.ThreadPoolExecutor.runWorker(ThreadPoolExecutor.java:1149)
	at java.util.concurrent.ThreadPoolExecutor$Worker.run(ThreadPoolExecutor.java:624)
	... 1 more
Caused by: org.apache.ratis.thirdparty.io.netty.channel.AbstractChannel$AnnotatedConnectException: Connection refused: /192.168.157.194:46532
	at sun.nio.ch.SocketChannelImpl.checkConnect(Native Method)
	at sun.nio.ch.SocketChannelImpl.finishConnect(SocketChannelImpl.java:717)
	at org.apache.ratis.thirdparty.io.netty.channel.socket.nio.NioSocketChannel.doFinishConnect(NioSocketChannel.java:327)
	at org.apache.ratis.thirdparty.io.netty.channel.nio.AbstractNioChannel$AbstractNioUnsafe.finishConnect(AbstractNioChannel.java:340)
	at org.apache.ratis.thirdparty.io.netty.channel.nio.NioEventLoop.processSelectedKey(NioEventLoop.java:632)
	at org.apache.ratis.thirdparty.io.netty.channel.nio.NioEventLoop.processSelectedKeysOptimized(NioEventLoop.java:579)
	at org.apache.ratis.thirdparty.io.netty.channel.nio.NioEventLoop.processSelectedKeys(NioEventLoop.java:496)
	at org.apache.ratis.thirdparty.io.netty.channel.nio.NioEventLoop.run(NioEventLoop.java:458)
	at org.apache.ratis.thirdparty.io.netty.util.concurrent.SingleThreadEventExecutor$5.run(SingleThreadEventExecutor.java:897)
	at org.apache.ratis.thirdparty.io.netty.util.concurrent.FastThreadLocalRunnable.run(FastThreadLocalRunnable.java:30)
	... 1 more
Caused by: java.net.ConnectException: Connection refused
	... 11 more
2019-11-04 16:03:09,998 [e3fb79a3-1f86-42af-a80c-c46d1acdbc29@group-7855C2F36E53-LeaderElection505] INFO  impl.LeaderElection (LogUtils.java:infoOrTrace(149)) -   Exception 1: {}
java.util.concurrent.ExecutionException: org.apache.ratis.thirdparty.io.grpc.StatusRuntimeException: UNAVAILABLE: io exception
	at java.util.concurrent.FutureTask.report(FutureTask.java:122)
	at java.util.concurrent.FutureTask.get(FutureTask.java:192)
	at org.apache.ratis.server.impl.LeaderElection.waitForResults(LeaderElection.java:259)
	at org.apache.ratis.server.impl.LeaderElection.askForVotes(LeaderElection.java:197)
	at org.apache.ratis.server.impl.LeaderElection.run(LeaderElection.java:133)
	at java.lang.Thread.run(Thread.java:748)
Caused by: org.apache.ratis.thirdparty.io.grpc.StatusRuntimeException: UNAVAILABLE: io exception
	at org.apache.ratis.thirdparty.io.grpc.stub.ClientCalls.toStatusRuntimeException(ClientCalls.java:233)
	at org.apache.ratis.thirdparty.io.grpc.stub.ClientCalls.getUnchecked(ClientCalls.java:214)
	at org.apache.ratis.thirdparty.io.grpc.stub.ClientCalls.blockingUnaryCall(ClientCalls.java:139)
	at org.apache.ratis.proto.grpc.RaftServerProtocolServiceGrpc$RaftServerProtocolServiceBlockingStub.requestVote(RaftServerProtocolServiceGrpc.java:265)
	at org.apache.ratis.grpc.server.GrpcServerProtocolClient.requestVote(GrpcServerProtocolClient.java:99)
	at org.apache.ratis.grpc.server.GrpcService.requestVote(GrpcService.java:204)
	at org.apache.ratis.server.impl.LeaderElection.lambda$submitRequests$1(LeaderElection.java:234)
	at java.util.concurrent.FutureTask.run(FutureTask.java:266)
	at java.util.concurrent.Executors$RunnableAdapter.call(Executors.java:511)
	at java.util.concurrent.FutureTask.run(FutureTask.java:266)
	at java.util.concurrent.ThreadPoolExecutor.runWorker(ThreadPoolExecutor.java:1149)
	at java.util.concurrent.ThreadPoolExecutor$Worker.run(ThreadPoolExecutor.java:624)
	... 1 more
Caused by: org.apache.ratis.thirdparty.io.netty.channel.AbstractChannel$AnnotatedConnectException: Connection refused: /192.168.157.194:42126
	at sun.nio.ch.SocketChannelImpl.checkConnect(Native Method)
	at sun.nio.ch.SocketChannelImpl.finishConnect(SocketChannelImpl.java:717)
	at org.apache.ratis.thirdparty.io.netty.channel.socket.nio.NioSocketChannel.doFinishConnect(NioSocketChannel.java:327)
	at org.apache.ratis.thirdparty.io.netty.channel.nio.AbstractNioChannel$AbstractNioUnsafe.finishConnect(AbstractNioChannel.java:340)
	at org.apache.ratis.thirdparty.io.netty.channel.nio.NioEventLoop.processSelectedKey(NioEventLoop.java:632)
	at org.apache.ratis.thirdparty.io.netty.channel.nio.NioEventLoop.processSelectedKeysOptimized(NioEventLoop.java:579)
	at org.apache.ratis.thirdparty.io.netty.channel.nio.NioEventLoop.processSelectedKeys(NioEventLoop.java:496)
	at org.apache.ratis.thirdparty.io.netty.channel.nio.NioEventLoop.run(NioEventLoop.java:458)
	at org.apache.ratis.thirdparty.io.netty.util.concurrent.SingleThreadEventExecutor$5.run(SingleThreadEventExecutor.java:897)
	at org.apache.ratis.thirdparty.io.netty.util.concurrent.FastThreadLocalRunnable.run(FastThreadLocalRunnable.java:30)
	... 1 more
Caused by: java.net.ConnectException: Connection refused
	... 11 more
2019-11-04 16:03:09,998 [e3fb79a3-1f86-42af-a80c-c46d1acdbc29@group-7855C2F36E53-LeaderElection505] INFO  impl.RaftServerImpl (RaftServerImpl.java:setRole(184)) - e3fb79a3-1f86-42af-a80c-c46d1acdbc29@group-7855C2F36E53: changes role from CANDIDATE to FOLLOWER at term 559 for DISCOVERED_A_NEW_TERM
2019-11-04 16:03:09,999 [e3fb79a3-1f86-42af-a80c-c46d1acdbc29@group-7855C2F36E53-LeaderElection505] INFO  impl.RoleInfo (RoleInfo.java:shutdownLeaderElection(134)) - e3fb79a3-1f86-42af-a80c-c46d1acdbc29: shutdown LeaderElection
2019-11-04 16:03:09,999 [e3fb79a3-1f86-42af-a80c-c46d1acdbc29@group-7855C2F36E53-LeaderElection505] INFO  impl.RoleInfo (RoleInfo.java:updateAndGet(143)) - e3fb79a3-1f86-42af-a80c-c46d1acdbc29: start FollowerState
2019-11-04 16:03:10,058 [Thread-3541] INFO  impl.FollowerState (FollowerState.java:run(108)) - e3fb79a3-1f86-42af-a80c-c46d1acdbc29@group-7855C2F36E53-FollowerState: change to CANDIDATE, lastRpcTime:59ms, electionTimeout:59ms
2019-11-04 16:03:10,058 [Thread-3541] INFO  impl.RoleInfo (RoleInfo.java:shutdownFollowerState(121)) - e3fb79a3-1f86-42af-a80c-c46d1acdbc29: shutdown FollowerState
2019-11-04 16:03:10,059 [Thread-3541] INFO  impl.RaftServerImpl (RaftServerImpl.java:setRole(184)) - e3fb79a3-1f86-42af-a80c-c46d1acdbc29@group-7855C2F36E53: changes role from  FOLLOWER to CANDIDATE at term 559 for changeToCandidate
2019-11-04 16:03:10,059 [Thread-3541] INFO  impl.RoleInfo (RoleInfo.java:updateAndGet(143)) - e3fb79a3-1f86-42af-a80c-c46d1acdbc29: start LeaderElection
2019-11-04 16:03:10,066 [e3fb79a3-1f86-42af-a80c-c46d1acdbc29@group-7855C2F36E53-LeaderElection506] INFO  impl.LeaderElection (LeaderElection.java:askForVotes(178)) - e3fb79a3-1f86-42af-a80c-c46d1acdbc29@group-7855C2F36E53-LeaderElection506: begin an election at term 560 for -1: [e3fb79a3-1f86-42af-a80c-c46d1acdbc29:192.168.157.194:44142, 81ff859e-e76f-43f5-951a-4a38422068cb:192.168.157.194:46532, a9143d84-6d7f-497d-b770-eb75585db3c7:192.168.157.194:42126], old=null
2019-11-04 16:03:10,067 [e3fb79a3-1f86-42af-a80c-c46d1acdbc29@group-7855C2F36E53-LeaderElection506] INFO  impl.LeaderElection (LogUtils.java:infoOrTrace(149)) - e3fb79a3-1f86-42af-a80c-c46d1acdbc29@group-7855C2F36E53-LeaderElection506 got exception when requesting votes: {}
java.util.concurrent.ExecutionException: org.apache.ratis.thirdparty.io.grpc.StatusRuntimeException: UNAVAILABLE: io exception
	at java.util.concurrent.FutureTask.report(FutureTask.java:122)
	at java.util.concurrent.FutureTask.get(FutureTask.java:192)
	at org.apache.ratis.server.impl.LeaderElection.waitForResults(LeaderElection.java:259)
	at org.apache.ratis.server.impl.LeaderElection.askForVotes(LeaderElection.java:197)
	at org.apache.ratis.server.impl.LeaderElection.run(LeaderElection.java:133)
	at java.lang.Thread.run(Thread.java:748)
Caused by: org.apache.ratis.thirdparty.io.grpc.StatusRuntimeException: UNAVAILABLE: io exception
	at org.apache.ratis.thirdparty.io.grpc.stub.ClientCalls.toStatusRuntimeException(ClientCalls.java:233)
	at org.apache.ratis.thirdparty.io.grpc.stub.ClientCalls.getUnchecked(ClientCalls.java:214)
	at org.apache.ratis.thirdparty.io.grpc.stub.ClientCalls.blockingUnaryCall(ClientCalls.java:139)
	at org.apache.ratis.proto.grpc.RaftServerProtocolServiceGrpc$RaftServerProtocolServiceBlockingStub.requestVote(RaftServerProtocolServiceGrpc.java:265)
	at org.apache.ratis.grpc.server.GrpcServerProtocolClient.requestVote(GrpcServerProtocolClient.java:99)
	at org.apache.ratis.grpc.server.GrpcService.requestVote(GrpcService.java:204)
	at org.apache.ratis.server.impl.LeaderElection.lambda$submitRequests$1(LeaderElection.java:234)
	at java.util.concurrent.FutureTask.run(FutureTask.java:266)
	at java.util.concurrent.Executors$RunnableAdapter.call(Executors.java:511)
	at java.util.concurrent.FutureTask.run(FutureTask.java:266)
	at java.util.concurrent.ThreadPoolExecutor.runWorker(ThreadPoolExecutor.java:1149)
	at java.util.concurrent.ThreadPoolExecutor$Worker.run(ThreadPoolExecutor.java:624)
	... 1 more
Caused by: org.apache.ratis.thirdparty.io.netty.channel.AbstractChannel$AnnotatedConnectException: Connection refused: /192.168.157.194:46532
	at sun.nio.ch.SocketChannelImpl.checkConnect(Native Method)
	at sun.nio.ch.SocketChannelImpl.finishConnect(SocketChannelImpl.java:717)
	at org.apache.ratis.thirdparty.io.netty.channel.socket.nio.NioSocketChannel.doFinishConnect(NioSocketChannel.java:327)
	at org.apache.ratis.thirdparty.io.netty.channel.nio.AbstractNioChannel$AbstractNioUnsafe.finishConnect(AbstractNioChannel.java:340)
	at org.apache.ratis.thirdparty.io.netty.channel.nio.NioEventLoop.processSelectedKey(NioEventLoop.java:632)
	at org.apache.ratis.thirdparty.io.netty.channel.nio.NioEventLoop.processSelectedKeysOptimized(NioEventLoop.java:579)
	at org.apache.ratis.thirdparty.io.netty.channel.nio.NioEventLoop.processSelectedKeys(NioEventLoop.java:496)
	at org.apache.ratis.thirdparty.io.netty.channel.nio.NioEventLoop.run(NioEventLoop.java:458)
	at org.apache.ratis.thirdparty.io.netty.util.concurrent.SingleThreadEventExecutor$5.run(SingleThreadEventExecutor.java:897)
	at org.apache.ratis.thirdparty.io.netty.util.concurrent.FastThreadLocalRunnable.run(FastThreadLocalRunnable.java:30)
	... 1 more
Caused by: java.net.ConnectException: Connection refused
	... 11 more
2019-11-04 16:03:10,067 [e3fb79a3-1f86-42af-a80c-c46d1acdbc29@group-7855C2F36E53-LeaderElection506] INFO  impl.LeaderElection (LogUtils.java:infoOrTrace(149)) - e3fb79a3-1f86-42af-a80c-c46d1acdbc29@group-7855C2F36E53-LeaderElection506 got exception when requesting votes: {}
java.util.concurrent.ExecutionException: org.apache.ratis.thirdparty.io.grpc.StatusRuntimeException: UNAVAILABLE: io exception
	at java.util.concurrent.FutureTask.report(FutureTask.java:122)
	at java.util.concurrent.FutureTask.get(FutureTask.java:192)
	at org.apache.ratis.server.impl.LeaderElection.waitForResults(LeaderElection.java:259)
	at org.apache.ratis.server.impl.LeaderElection.askForVotes(LeaderElection.java:197)
	at org.apache.ratis.server.impl.LeaderElection.run(LeaderElection.java:133)
	at java.lang.Thread.run(Thread.java:748)
Caused by: org.apache.ratis.thirdparty.io.grpc.StatusRuntimeException: UNAVAILABLE: io exception
	at org.apache.ratis.thirdparty.io.grpc.stub.ClientCalls.toStatusRuntimeException(ClientCalls.java:233)
	at org.apache.ratis.thirdparty.io.grpc.stub.ClientCalls.getUnchecked(ClientCalls.java:214)
	at org.apache.ratis.thirdparty.io.grpc.stub.ClientCalls.blockingUnaryCall(ClientCalls.java:139)
	at org.apache.ratis.proto.grpc.RaftServerProtocolServiceGrpc$RaftServerProtocolServiceBlockingStub.requestVote(RaftServerProtocolServiceGrpc.java:265)
	at org.apache.ratis.grpc.server.GrpcServerProtocolClient.requestVote(GrpcServerProtocolClient.java:99)
	at org.apache.ratis.grpc.server.GrpcService.requestVote(GrpcService.java:204)
	at org.apache.ratis.server.impl.LeaderElection.lambda$submitRequests$1(LeaderElection.java:234)
	at java.util.concurrent.FutureTask.run(FutureTask.java:266)
	at java.util.concurrent.Executors$RunnableAdapter.call(Executors.java:511)
	at java.util.concurrent.FutureTask.run(FutureTask.java:266)
	at java.util.concurrent.ThreadPoolExecutor.runWorker(ThreadPoolExecutor.java:1149)
	at java.util.concurrent.ThreadPoolExecutor$Worker.run(ThreadPoolExecutor.java:624)
	... 1 more
Caused by: org.apache.ratis.thirdparty.io.netty.channel.AbstractChannel$AnnotatedConnectException: Connection refused: /192.168.157.194:42126
	at sun.nio.ch.SocketChannelImpl.checkConnect(Native Method)
	at sun.nio.ch.SocketChannelImpl.finishConnect(SocketChannelImpl.java:717)
	at org.apache.ratis.thirdparty.io.netty.channel.socket.nio.NioSocketChannel.doFinishConnect(NioSocketChannel.java:327)
	at org.apache.ratis.thirdparty.io.netty.channel.nio.AbstractNioChannel$AbstractNioUnsafe.finishConnect(AbstractNioChannel.java:340)
	at org.apache.ratis.thirdparty.io.netty.channel.nio.NioEventLoop.processSelectedKey(NioEventLoop.java:632)
	at org.apache.ratis.thirdparty.io.netty.channel.nio.NioEventLoop.processSelectedKeysOptimized(NioEventLoop.java:579)
	at org.apache.ratis.thirdparty.io.netty.channel.nio.NioEventLoop.processSelectedKeys(NioEventLoop.java:496)
	at org.apache.ratis.thirdparty.io.netty.channel.nio.NioEventLoop.run(NioEventLoop.java:458)
	at org.apache.ratis.thirdparty.io.netty.util.concurrent.SingleThreadEventExecutor$5.run(SingleThreadEventExecutor.java:897)
	at org.apache.ratis.thirdparty.io.netty.util.concurrent.FastThreadLocalRunnable.run(FastThreadLocalRunnable.java:30)
	... 1 more
Caused by: java.net.ConnectException: Connection refused
	... 11 more
2019-11-04 16:03:10,068 [e3fb79a3-1f86-42af-a80c-c46d1acdbc29@group-7855C2F36E53-LeaderElection506] INFO  impl.LeaderElection (LeaderElection.java:logAndReturn(56)) - e3fb79a3-1f86-42af-a80c-c46d1acdbc29@group-7855C2F36E53-LeaderElection506: Election REJECTED; received 0 response(s) [] and 2 exception(s); e3fb79a3-1f86-42af-a80c-c46d1acdbc29@group-7855C2F36E53:t560, leader=null, voted=e3fb79a3-1f86-42af-a80c-c46d1acdbc29, raftlog=e3fb79a3-1f86-42af-a80c-c46d1acdbc29@group-7855C2F36E53-SegmentedRaftLog:OPENED:c-1,f-1,i0, conf=-1: [e3fb79a3-1f86-42af-a80c-c46d1acdbc29:192.168.157.194:44142, 81ff859e-e76f-43f5-951a-4a38422068cb:192.168.157.194:46532, a9143d84-6d7f-497d-b770-eb75585db3c7:192.168.157.194:42126], old=null
2019-11-04 16:03:10,068 [e3fb79a3-1f86-42af-a80c-c46d1acdbc29@group-7855C2F36E53-LeaderElection506] INFO  impl.LeaderElection (LogUtils.java:infoOrTrace(149)) -   Exception 0: {}
java.util.concurrent.ExecutionException: org.apache.ratis.thirdparty.io.grpc.StatusRuntimeException: UNAVAILABLE: io exception
	at java.util.concurrent.FutureTask.report(FutureTask.java:122)
	at java.util.concurrent.FutureTask.get(FutureTask.java:192)
	at org.apache.ratis.server.impl.LeaderElection.waitForResults(LeaderElection.java:259)
	at org.apache.ratis.server.impl.LeaderElection.askForVotes(LeaderElection.java:197)
	at org.apache.ratis.server.impl.LeaderElection.run(LeaderElection.java:133)
	at java.lang.Thread.run(Thread.java:748)
Caused by: org.apache.ratis.thirdparty.io.grpc.StatusRuntimeException: UNAVAILABLE: io exception
	at org.apache.ratis.thirdparty.io.grpc.stub.ClientCalls.toStatusRuntimeException(ClientCalls.java:233)
	at org.apache.ratis.thirdparty.io.grpc.stub.ClientCalls.getUnchecked(ClientCalls.java:214)
	at org.apache.ratis.thirdparty.io.grpc.stub.ClientCalls.blockingUnaryCall(ClientCalls.java:139)
	at org.apache.ratis.proto.grpc.RaftServerProtocolServiceGrpc$RaftServerProtocolServiceBlockingStub.requestVote(RaftServerProtocolServiceGrpc.java:265)
	at org.apache.ratis.grpc.server.GrpcServerProtocolClient.requestVote(GrpcServerProtocolClient.java:99)
	at org.apache.ratis.grpc.server.GrpcService.requestVote(GrpcService.java:204)
	at org.apache.ratis.server.impl.LeaderElection.lambda$submitRequests$1(LeaderElection.java:234)
	at java.util.concurrent.FutureTask.run(FutureTask.java:266)
	at java.util.concurrent.Executors$RunnableAdapter.call(Executors.java:511)
	at java.util.concurrent.FutureTask.run(FutureTask.java:266)
	at java.util.concurrent.ThreadPoolExecutor.runWorker(ThreadPoolExecutor.java:1149)
	at java.util.concurrent.ThreadPoolExecutor$Worker.run(ThreadPoolExecutor.java:624)
	... 1 more
Caused by: org.apache.ratis.thirdparty.io.netty.channel.AbstractChannel$AnnotatedConnectException: Connection refused: /192.168.157.194:46532
	at sun.nio.ch.SocketChannelImpl.checkConnect(Native Method)
	at sun.nio.ch.SocketChannelImpl.finishConnect(SocketChannelImpl.java:717)
	at org.apache.ratis.thirdparty.io.netty.channel.socket.nio.NioSocketChannel.doFinishConnect(NioSocketChannel.java:327)
	at org.apache.ratis.thirdparty.io.netty.channel.nio.AbstractNioChannel$AbstractNioUnsafe.finishConnect(AbstractNioChannel.java:340)
	at org.apache.ratis.thirdparty.io.netty.channel.nio.NioEventLoop.processSelectedKey(NioEventLoop.java:632)
	at org.apache.ratis.thirdparty.io.netty.channel.nio.NioEventLoop.processSelectedKeysOptimized(NioEventLoop.java:579)
	at org.apache.ratis.thirdparty.io.netty.channel.nio.NioEventLoop.processSelectedKeys(NioEventLoop.java:496)
	at org.apache.ratis.thirdparty.io.netty.channel.nio.NioEventLoop.run(NioEventLoop.java:458)
	at org.apache.ratis.thirdparty.io.netty.util.concurrent.SingleThreadEventExecutor$5.run(SingleThreadEventExecutor.java:897)
	at org.apache.ratis.thirdparty.io.netty.util.concurrent.FastThreadLocalRunnable.run(FastThreadLocalRunnable.java:30)
	... 1 more
Caused by: java.net.ConnectException: Connection refused
	... 11 more
2019-11-04 16:03:10,068 [e3fb79a3-1f86-42af-a80c-c46d1acdbc29@group-7855C2F36E53-LeaderElection506] INFO  impl.LeaderElection (LogUtils.java:infoOrTrace(149)) -   Exception 1: {}
java.util.concurrent.ExecutionException: org.apache.ratis.thirdparty.io.grpc.StatusRuntimeException: UNAVAILABLE: io exception
	at java.util.concurrent.FutureTask.report(FutureTask.java:122)
	at java.util.concurrent.FutureTask.get(FutureTask.java:192)
	at org.apache.ratis.server.impl.LeaderElection.waitForResults(LeaderElection.java:259)
	at org.apache.ratis.server.impl.LeaderElection.askForVotes(LeaderElection.java:197)
	at org.apache.ratis.server.impl.LeaderElection.run(LeaderElection.java:133)
	at java.lang.Thread.run(Thread.java:748)
Caused by: org.apache.ratis.thirdparty.io.grpc.StatusRuntimeException: UNAVAILABLE: io exception
	at org.apache.ratis.thirdparty.io.grpc.stub.ClientCalls.toStatusRuntimeException(ClientCalls.java:233)
	at org.apache.ratis.thirdparty.io.grpc.stub.ClientCalls.getUnchecked(ClientCalls.java:214)
	at org.apache.ratis.thirdparty.io.grpc.stub.ClientCalls.blockingUnaryCall(ClientCalls.java:139)
	at org.apache.ratis.proto.grpc.RaftServerProtocolServiceGrpc$RaftServerProtocolServiceBlockingStub.requestVote(RaftServerProtocolServiceGrpc.java:265)
	at org.apache.ratis.grpc.server.GrpcServerProtocolClient.requestVote(GrpcServerProtocolClient.java:99)
	at org.apache.ratis.grpc.server.GrpcService.requestVote(GrpcService.java:204)
	at org.apache.ratis.server.impl.LeaderElection.lambda$submitRequests$1(LeaderElection.java:234)
	at java.util.concurrent.FutureTask.run(FutureTask.java:266)
	at java.util.concurrent.Executors$RunnableAdapter.call(Executors.java:511)
	at java.util.concurrent.FutureTask.run(FutureTask.java:266)
	at java.util.concurrent.ThreadPoolExecutor.runWorker(ThreadPoolExecutor.java:1149)
	at java.util.concurrent.ThreadPoolExecutor$Worker.run(ThreadPoolExecutor.java:624)
	... 1 more
Caused by: org.apache.ratis.thirdparty.io.netty.channel.AbstractChannel$AnnotatedConnectException: Connection refused: /192.168.157.194:42126
	at sun.nio.ch.SocketChannelImpl.checkConnect(Native Method)
	at sun.nio.ch.SocketChannelImpl.finishConnect(SocketChannelImpl.java:717)
	at org.apache.ratis.thirdparty.io.netty.channel.socket.nio.NioSocketChannel.doFinishConnect(NioSocketChannel.java:327)
	at org.apache.ratis.thirdparty.io.netty.channel.nio.AbstractNioChannel$AbstractNioUnsafe.finishConnect(AbstractNioChannel.java:340)
	at org.apache.ratis.thirdparty.io.netty.channel.nio.NioEventLoop.processSelectedKey(NioEventLoop.java:632)
	at org.apache.ratis.thirdparty.io.netty.channel.nio.NioEventLoop.processSelectedKeysOptimized(NioEventLoop.java:579)
	at org.apache.ratis.thirdparty.io.netty.channel.nio.NioEventLoop.processSelectedKeys(NioEventLoop.java:496)
	at org.apache.ratis.thirdparty.io.netty.channel.nio.NioEventLoop.run(NioEventLoop.java:458)
	at org.apache.ratis.thirdparty.io.netty.util.concurrent.SingleThreadEventExecutor$5.run(SingleThreadEventExecutor.java:897)
	at org.apache.ratis.thirdparty.io.netty.util.concurrent.FastThreadLocalRunnable.run(FastThreadLocalRunnable.java:30)
	... 1 more
Caused by: java.net.ConnectException: Connection refused
	... 11 more
2019-11-04 16:03:10,069 [e3fb79a3-1f86-42af-a80c-c46d1acdbc29@group-7855C2F36E53-LeaderElection506] INFO  impl.RaftServerImpl (RaftServerImpl.java:setRole(184)) - e3fb79a3-1f86-42af-a80c-c46d1acdbc29@group-7855C2F36E53: changes role from CANDIDATE to FOLLOWER at term 560 for DISCOVERED_A_NEW_TERM
2019-11-04 16:03:10,069 [e3fb79a3-1f86-42af-a80c-c46d1acdbc29@group-7855C2F36E53-LeaderElection506] INFO  impl.RoleInfo (RoleInfo.java:shutdownLeaderElection(134)) - e3fb79a3-1f86-42af-a80c-c46d1acdbc29: shutdown LeaderElection
2019-11-04 16:03:10,069 [e3fb79a3-1f86-42af-a80c-c46d1acdbc29@group-7855C2F36E53-LeaderElection506] INFO  impl.RoleInfo (RoleInfo.java:updateAndGet(143)) - e3fb79a3-1f86-42af-a80c-c46d1acdbc29: start FollowerState
2019-11-04 16:03:10,125 [Thread-3545] INFO  impl.FollowerState (FollowerState.java:run(108)) - e3fb79a3-1f86-42af-a80c-c46d1acdbc29@group-7855C2F36E53-FollowerState: change to CANDIDATE, lastRpcTime:56ms, electionTimeout:56ms
2019-11-04 16:03:10,125 [Thread-3545] INFO  impl.RoleInfo (RoleInfo.java:shutdownFollowerState(121)) - e3fb79a3-1f86-42af-a80c-c46d1acdbc29: shutdown FollowerState
2019-11-04 16:03:10,125 [Thread-3545] INFO  impl.RaftServerImpl (RaftServerImpl.java:setRole(184)) - e3fb79a3-1f86-42af-a80c-c46d1acdbc29@group-7855C2F36E53: changes role from  FOLLOWER to CANDIDATE at term 560 for changeToCandidate
2019-11-04 16:03:10,126 [Thread-3545] INFO  impl.RoleInfo (RoleInfo.java:updateAndGet(143)) - e3fb79a3-1f86-42af-a80c-c46d1acdbc29: start LeaderElection
2019-11-04 16:03:10,143 [e3fb79a3-1f86-42af-a80c-c46d1acdbc29@group-7855C2F36E53-LeaderElection507] INFO  impl.LeaderElection (LeaderElection.java:askForVotes(178)) - e3fb79a3-1f86-42af-a80c-c46d1acdbc29@group-7855C2F36E53-LeaderElection507: begin an election at term 561 for -1: [e3fb79a3-1f86-42af-a80c-c46d1acdbc29:192.168.157.194:44142, 81ff859e-e76f-43f5-951a-4a38422068cb:192.168.157.194:46532, a9143d84-6d7f-497d-b770-eb75585db3c7:192.168.157.194:42126], old=null
2019-11-04 16:03:10,144 [e3fb79a3-1f86-42af-a80c-c46d1acdbc29@group-7855C2F36E53-LeaderElection507] INFO  impl.LeaderElection (LogUtils.java:infoOrTrace(149)) - e3fb79a3-1f86-42af-a80c-c46d1acdbc29@group-7855C2F36E53-LeaderElection507 got exception when requesting votes: {}
java.util.concurrent.ExecutionException: org.apache.ratis.thirdparty.io.grpc.StatusRuntimeException: UNAVAILABLE: io exception
	at java.util.concurrent.FutureTask.report(FutureTask.java:122)
	at java.util.concurrent.FutureTask.get(FutureTask.java:192)
	at org.apache.ratis.server.impl.LeaderElection.waitForResults(LeaderElection.java:259)
	at org.apache.ratis.server.impl.LeaderElection.askForVotes(LeaderElection.java:197)
	at org.apache.ratis.server.impl.LeaderElection.run(LeaderElection.java:133)
	at java.lang.Thread.run(Thread.java:748)
Caused by: org.apache.ratis.thirdparty.io.grpc.StatusRuntimeException: UNAVAILABLE: io exception
	at org.apache.ratis.thirdparty.io.grpc.stub.ClientCalls.toStatusRuntimeException(ClientCalls.java:233)
	at org.apache.ratis.thirdparty.io.grpc.stub.ClientCalls.getUnchecked(ClientCalls.java:214)
	at org.apache.ratis.thirdparty.io.grpc.stub.ClientCalls.blockingUnaryCall(ClientCalls.java:139)
	at org.apache.ratis.proto.grpc.RaftServerProtocolServiceGrpc$RaftServerProtocolServiceBlockingStub.requestVote(RaftServerProtocolServiceGrpc.java:265)
	at org.apache.ratis.grpc.server.GrpcServerProtocolClient.requestVote(GrpcServerProtocolClient.java:99)
	at org.apache.ratis.grpc.server.GrpcService.requestVote(GrpcService.java:204)
	at org.apache.ratis.server.impl.LeaderElection.lambda$submitRequests$1(LeaderElection.java:234)
	at java.util.concurrent.FutureTask.run(FutureTask.java:266)
	at java.util.concurrent.Executors$RunnableAdapter.call(Executors.java:511)
	at java.util.concurrent.FutureTask.run(FutureTask.java:266)
	at java.util.concurrent.ThreadPoolExecutor.runWorker(ThreadPoolExecutor.java:1149)
	at java.util.concurrent.ThreadPoolExecutor$Worker.run(ThreadPoolExecutor.java:624)
	... 1 more
Caused by: org.apache.ratis.thirdparty.io.netty.channel.AbstractChannel$AnnotatedConnectException: Connection refused: /192.168.157.194:42126
	at sun.nio.ch.SocketChannelImpl.checkConnect(Native Method)
	at sun.nio.ch.SocketChannelImpl.finishConnect(SocketChannelImpl.java:717)
	at org.apache.ratis.thirdparty.io.netty.channel.socket.nio.NioSocketChannel.doFinishConnect(NioSocketChannel.java:327)
	at org.apache.ratis.thirdparty.io.netty.channel.nio.AbstractNioChannel$AbstractNioUnsafe.finishConnect(AbstractNioChannel.java:340)
	at org.apache.ratis.thirdparty.io.netty.channel.nio.NioEventLoop.processSelectedKey(NioEventLoop.java:632)
	at org.apache.ratis.thirdparty.io.netty.channel.nio.NioEventLoop.processSelectedKeysOptimized(NioEventLoop.java:579)
	at org.apache.ratis.thirdparty.io.netty.channel.nio.NioEventLoop.processSelectedKeys(NioEventLoop.java:496)
	at org.apache.ratis.thirdparty.io.netty.channel.nio.NioEventLoop.run(NioEventLoop.java:458)
	at org.apache.ratis.thirdparty.io.netty.util.concurrent.SingleThreadEventExecutor$5.run(SingleThreadEventExecutor.java:897)
	at org.apache.ratis.thirdparty.io.netty.util.concurrent.FastThreadLocalRunnable.run(FastThreadLocalRunnable.java:30)
	... 1 more
Caused by: java.net.ConnectException: Connection refused
	... 11 more
2019-11-04 16:03:10,144 [e3fb79a3-1f86-42af-a80c-c46d1acdbc29@group-7855C2F36E53-LeaderElection507] INFO  impl.LeaderElection (LogUtils.java:infoOrTrace(149)) - e3fb79a3-1f86-42af-a80c-c46d1acdbc29@group-7855C2F36E53-LeaderElection507 got exception when requesting votes: {}
java.util.concurrent.ExecutionException: org.apache.ratis.thirdparty.io.grpc.StatusRuntimeException: UNAVAILABLE: io exception
	at java.util.concurrent.FutureTask.report(FutureTask.java:122)
	at java.util.concurrent.FutureTask.get(FutureTask.java:192)
	at org.apache.ratis.server.impl.LeaderElection.waitForResults(LeaderElection.java:259)
	at org.apache.ratis.server.impl.LeaderElection.askForVotes(LeaderElection.java:197)
	at org.apache.ratis.server.impl.LeaderElection.run(LeaderElection.java:133)
	at java.lang.Thread.run(Thread.java:748)
Caused by: org.apache.ratis.thirdparty.io.grpc.StatusRuntimeException: UNAVAILABLE: io exception
	at org.apache.ratis.thirdparty.io.grpc.stub.ClientCalls.toStatusRuntimeException(ClientCalls.java:233)
	at org.apache.ratis.thirdparty.io.grpc.stub.ClientCalls.getUnchecked(ClientCalls.java:214)
	at org.apache.ratis.thirdparty.io.grpc.stub.ClientCalls.blockingUnaryCall(ClientCalls.java:139)
	at org.apache.ratis.proto.grpc.RaftServerProtocolServiceGrpc$RaftServerProtocolServiceBlockingStub.requestVote(RaftServerProtocolServiceGrpc.java:265)
	at org.apache.ratis.grpc.server.GrpcServerProtocolClient.requestVote(GrpcServerProtocolClient.java:99)
	at org.apache.ratis.grpc.server.GrpcService.requestVote(GrpcService.java:204)
	at org.apache.ratis.server.impl.LeaderElection.lambda$submitRequests$1(LeaderElection.java:234)
	at java.util.concurrent.FutureTask.run(FutureTask.java:266)
	at java.util.concurrent.Executors$RunnableAdapter.call(Executors.java:511)
	at java.util.concurrent.FutureTask.run(FutureTask.java:266)
	at java.util.concurrent.ThreadPoolExecutor.runWorker(ThreadPoolExecutor.java:1149)
	at java.util.concurrent.ThreadPoolExecutor$Worker.run(ThreadPoolExecutor.java:624)
	... 1 more
Caused by: org.apache.ratis.thirdparty.io.netty.channel.AbstractChannel$AnnotatedConnectException: Connection refused: /192.168.157.194:46532
	at sun.nio.ch.SocketChannelImpl.checkConnect(Native Method)
	at sun.nio.ch.SocketChannelImpl.finishConnect(SocketChannelImpl.java:717)
	at org.apache.ratis.thirdparty.io.netty.channel.socket.nio.NioSocketChannel.doFinishConnect(NioSocketChannel.java:327)
	at org.apache.ratis.thirdparty.io.netty.channel.nio.AbstractNioChannel$AbstractNioUnsafe.finishConnect(AbstractNioChannel.java:340)
	at org.apache.ratis.thirdparty.io.netty.channel.nio.NioEventLoop.processSelectedKey(NioEventLoop.java:632)
	at org.apache.ratis.thirdparty.io.netty.channel.nio.NioEventLoop.processSelectedKeysOptimized(NioEventLoop.java:579)
	at org.apache.ratis.thirdparty.io.netty.channel.nio.NioEventLoop.processSelectedKeys(NioEventLoop.java:496)
	at org.apache.ratis.thirdparty.io.netty.channel.nio.NioEventLoop.run(NioEventLoop.java:458)
	at org.apache.ratis.thirdparty.io.netty.util.concurrent.SingleThreadEventExecutor$5.run(SingleThreadEventExecutor.java:897)
	at org.apache.ratis.thirdparty.io.netty.util.concurrent.FastThreadLocalRunnable.run(FastThreadLocalRunnable.java:30)
	... 1 more
Caused by: java.net.ConnectException: Connection refused
	... 11 more
2019-11-04 16:03:10,145 [e3fb79a3-1f86-42af-a80c-c46d1acdbc29@group-7855C2F36E53-LeaderElection507] INFO  impl.LeaderElection (LeaderElection.java:logAndReturn(56)) - e3fb79a3-1f86-42af-a80c-c46d1acdbc29@group-7855C2F36E53-LeaderElection507: Election REJECTED; received 0 response(s) [] and 2 exception(s); e3fb79a3-1f86-42af-a80c-c46d1acdbc29@group-7855C2F36E53:t561, leader=null, voted=e3fb79a3-1f86-42af-a80c-c46d1acdbc29, raftlog=e3fb79a3-1f86-42af-a80c-c46d1acdbc29@group-7855C2F36E53-SegmentedRaftLog:OPENED:c-1,f-1,i0, conf=-1: [e3fb79a3-1f86-42af-a80c-c46d1acdbc29:192.168.157.194:44142, 81ff859e-e76f-43f5-951a-4a38422068cb:192.168.157.194:46532, a9143d84-6d7f-497d-b770-eb75585db3c7:192.168.157.194:42126], old=null
2019-11-04 16:03:10,145 [e3fb79a3-1f86-42af-a80c-c46d1acdbc29@group-7855C2F36E53-LeaderElection507] INFO  impl.LeaderElection (LogUtils.java:infoOrTrace(149)) -   Exception 0: {}
java.util.concurrent.ExecutionException: org.apache.ratis.thirdparty.io.grpc.StatusRuntimeException: UNAVAILABLE: io exception
	at java.util.concurrent.FutureTask.report(FutureTask.java:122)
	at java.util.concurrent.FutureTask.get(FutureTask.java:192)
	at org.apache.ratis.server.impl.LeaderElection.waitForResults(LeaderElection.java:259)
	at org.apache.ratis.server.impl.LeaderElection.askForVotes(LeaderElection.java:197)
	at org.apache.ratis.server.impl.LeaderElection.run(LeaderElection.java:133)
	at java.lang.Thread.run(Thread.java:748)
Caused by: org.apache.ratis.thirdparty.io.grpc.StatusRuntimeException: UNAVAILABLE: io exception
	at org.apache.ratis.thirdparty.io.grpc.stub.ClientCalls.toStatusRuntimeException(ClientCalls.java:233)
	at org.apache.ratis.thirdparty.io.grpc.stub.ClientCalls.getUnchecked(ClientCalls.java:214)
	at org.apache.ratis.thirdparty.io.grpc.stub.ClientCalls.blockingUnaryCall(ClientCalls.java:139)
	at org.apache.ratis.proto.grpc.RaftServerProtocolServiceGrpc$RaftServerProtocolServiceBlockingStub.requestVote(RaftServerProtocolServiceGrpc.java:265)
	at org.apache.ratis.grpc.server.GrpcServerProtocolClient.requestVote(GrpcServerProtocolClient.java:99)
	at org.apache.ratis.grpc.server.GrpcService.requestVote(GrpcService.java:204)
	at org.apache.ratis.server.impl.LeaderElection.lambda$submitRequests$1(LeaderElection.java:234)
	at java.util.concurrent.FutureTask.run(FutureTask.java:266)
	at java.util.concurrent.Executors$RunnableAdapter.call(Executors.java:511)
	at java.util.concurrent.FutureTask.run(FutureTask.java:266)
	at java.util.concurrent.ThreadPoolExecutor.runWorker(ThreadPoolExecutor.java:1149)
	at java.util.concurrent.ThreadPoolExecutor$Worker.run(ThreadPoolExecutor.java:624)
	... 1 more
Caused by: org.apache.ratis.thirdparty.io.netty.channel.AbstractChannel$AnnotatedConnectException: Connection refused: /192.168.157.194:42126
	at sun.nio.ch.SocketChannelImpl.checkConnect(Native Method)
	at sun.nio.ch.SocketChannelImpl.finishConnect(SocketChannelImpl.java:717)
	at org.apache.ratis.thirdparty.io.netty.channel.socket.nio.NioSocketChannel.doFinishConnect(NioSocketChannel.java:327)
	at org.apache.ratis.thirdparty.io.netty.channel.nio.AbstractNioChannel$AbstractNioUnsafe.finishConnect(AbstractNioChannel.java:340)
	at org.apache.ratis.thirdparty.io.netty.channel.nio.NioEventLoop.processSelectedKey(NioEventLoop.java:632)
	at org.apache.ratis.thirdparty.io.netty.channel.nio.NioEventLoop.processSelectedKeysOptimized(NioEventLoop.java:579)
	at org.apache.ratis.thirdparty.io.netty.channel.nio.NioEventLoop.processSelectedKeys(NioEventLoop.java:496)
	at org.apache.ratis.thirdparty.io.netty.channel.nio.NioEventLoop.run(NioEventLoop.java:458)
	at org.apache.ratis.thirdparty.io.netty.util.concurrent.SingleThreadEventExecutor$5.run(SingleThreadEventExecutor.java:897)
	at org.apache.ratis.thirdparty.io.netty.util.concurrent.FastThreadLocalRunnable.run(FastThreadLocalRunnable.java:30)
	... 1 more
Caused by: java.net.ConnectException: Connection refused
	... 11 more
2019-11-04 16:03:10,145 [e3fb79a3-1f86-42af-a80c-c46d1acdbc29@group-7855C2F36E53-LeaderElection507] INFO  impl.LeaderElection (LogUtils.java:infoOrTrace(149)) -   Exception 1: {}
java.util.concurrent.ExecutionException: org.apache.ratis.thirdparty.io.grpc.StatusRuntimeException: UNAVAILABLE: io exception
	at java.util.concurrent.FutureTask.report(FutureTask.java:122)
	at java.util.concurrent.FutureTask.get(FutureTask.java:192)
	at org.apache.ratis.server.impl.LeaderElection.waitForResults(LeaderElection.java:259)
	at org.apache.ratis.server.impl.LeaderElection.askForVotes(LeaderElection.java:197)
	at org.apache.ratis.server.impl.LeaderElection.run(LeaderElection.java:133)
	at java.lang.Thread.run(Thread.java:748)
Caused by: org.apache.ratis.thirdparty.io.grpc.StatusRuntimeException: UNAVAILABLE: io exception
	at org.apache.ratis.thirdparty.io.grpc.stub.ClientCalls.toStatusRuntimeException(ClientCalls.java:233)
	at org.apache.ratis.thirdparty.io.grpc.stub.ClientCalls.getUnchecked(ClientCalls.java:214)
	at org.apache.ratis.thirdparty.io.grpc.stub.ClientCalls.blockingUnaryCall(ClientCalls.java:139)
	at org.apache.ratis.proto.grpc.RaftServerProtocolServiceGrpc$RaftServerProtocolServiceBlockingStub.requestVote(RaftServerProtocolServiceGrpc.java:265)
	at org.apache.ratis.grpc.server.GrpcServerProtocolClient.requestVote(GrpcServerProtocolClient.java:99)
	at org.apache.ratis.grpc.server.GrpcService.requestVote(GrpcService.java:204)
	at org.apache.ratis.server.impl.LeaderElection.lambda$submitRequests$1(LeaderElection.java:234)
	at java.util.concurrent.FutureTask.run(FutureTask.java:266)
	at java.util.concurrent.Executors$RunnableAdapter.call(Executors.java:511)
	at java.util.concurrent.FutureTask.run(FutureTask.java:266)
	at java.util.concurrent.ThreadPoolExecutor.runWorker(ThreadPoolExecutor.java:1149)
	at java.util.concurrent.ThreadPoolExecutor$Worker.run(ThreadPoolExecutor.java:624)
	... 1 more
Caused by: org.apache.ratis.thirdparty.io.netty.channel.AbstractChannel$AnnotatedConnectException: Connection refused: /192.168.157.194:46532
	at sun.nio.ch.SocketChannelImpl.checkConnect(Native Method)
	at sun.nio.ch.SocketChannelImpl.finishConnect(SocketChannelImpl.java:717)
	at org.apache.ratis.thirdparty.io.netty.channel.socket.nio.NioSocketChannel.doFinishConnect(NioSocketChannel.java:327)
	at org.apache.ratis.thirdparty.io.netty.channel.nio.AbstractNioChannel$AbstractNioUnsafe.finishConnect(AbstractNioChannel.java:340)
	at org.apache.ratis.thirdparty.io.netty.channel.nio.NioEventLoop.processSelectedKey(NioEventLoop.java:632)
	at org.apache.ratis.thirdparty.io.netty.channel.nio.NioEventLoop.processSelectedKeysOptimized(NioEventLoop.java:579)
	at org.apache.ratis.thirdparty.io.netty.channel.nio.NioEventLoop.processSelectedKeys(NioEventLoop.java:496)
	at org.apache.ratis.thirdparty.io.netty.channel.nio.NioEventLoop.run(NioEventLoop.java:458)
	at org.apache.ratis.thirdparty.io.netty.util.concurrent.SingleThreadEventExecutor$5.run(SingleThreadEventExecutor.java:897)
	at org.apache.ratis.thirdparty.io.netty.util.concurrent.FastThreadLocalRunnable.run(FastThreadLocalRunnable.java:30)
	... 1 more
Caused by: java.net.ConnectException: Connection refused
	... 11 more
2019-11-04 16:03:10,146 [e3fb79a3-1f86-42af-a80c-c46d1acdbc29@group-7855C2F36E53-LeaderElection507] INFO  impl.RaftServerImpl (RaftServerImpl.java:setRole(184)) - e3fb79a3-1f86-42af-a80c-c46d1acdbc29@group-7855C2F36E53: changes role from CANDIDATE to FOLLOWER at term 561 for DISCOVERED_A_NEW_TERM
2019-11-04 16:03:10,146 [e3fb79a3-1f86-42af-a80c-c46d1acdbc29@group-7855C2F36E53-LeaderElection507] INFO  impl.RoleInfo (RoleInfo.java:shutdownLeaderElection(134)) - e3fb79a3-1f86-42af-a80c-c46d1acdbc29: shutdown LeaderElection
2019-11-04 16:03:10,146 [e3fb79a3-1f86-42af-a80c-c46d1acdbc29@group-7855C2F36E53-LeaderElection507] INFO  impl.RoleInfo (RoleInfo.java:updateAndGet(143)) - e3fb79a3-1f86-42af-a80c-c46d1acdbc29: start FollowerState
2019-11-04 16:03:10,290 [Thread-3549] INFO  impl.FollowerState (FollowerState.java:run(108)) - e3fb79a3-1f86-42af-a80c-c46d1acdbc29@group-7855C2F36E53-FollowerState: change to CANDIDATE, lastRpcTime:144ms, electionTimeout:144ms
2019-11-04 16:03:10,290 [Thread-3549] INFO  impl.RoleInfo (RoleInfo.java:shutdownFollowerState(121)) - e3fb79a3-1f86-42af-a80c-c46d1acdbc29: shutdown FollowerState
2019-11-04 16:03:10,291 [Thread-3549] INFO  impl.RaftServerImpl (RaftServerImpl.java:setRole(184)) - e3fb79a3-1f86-42af-a80c-c46d1acdbc29@group-7855C2F36E53: changes role from  FOLLOWER to CANDIDATE at term 561 for changeToCandidate
2019-11-04 16:03:10,291 [Thread-3549] INFO  impl.RoleInfo (RoleInfo.java:updateAndGet(143)) - e3fb79a3-1f86-42af-a80c-c46d1acdbc29: start LeaderElection
2019-11-04 16:03:10,302 [e3fb79a3-1f86-42af-a80c-c46d1acdbc29@group-7855C2F36E53-LeaderElection508] INFO  impl.LeaderElection (LeaderElection.java:askForVotes(178)) - e3fb79a3-1f86-42af-a80c-c46d1acdbc29@group-7855C2F36E53-LeaderElection508: begin an election at term 562 for -1: [e3fb79a3-1f86-42af-a80c-c46d1acdbc29:192.168.157.194:44142, 81ff859e-e76f-43f5-951a-4a38422068cb:192.168.157.194:46532, a9143d84-6d7f-497d-b770-eb75585db3c7:192.168.157.194:42126], old=null
2019-11-04 16:03:10,303 [e3fb79a3-1f86-42af-a80c-c46d1acdbc29@group-7855C2F36E53-LeaderElection508] INFO  impl.LeaderElection (LogUtils.java:infoOrTrace(149)) - e3fb79a3-1f86-42af-a80c-c46d1acdbc29@group-7855C2F36E53-LeaderElection508 got exception when requesting votes: {}
java.util.concurrent.ExecutionException: org.apache.ratis.thirdparty.io.grpc.StatusRuntimeException: UNAVAILABLE: io exception
	at java.util.concurrent.FutureTask.report(FutureTask.java:122)
	at java.util.concurrent.FutureTask.get(FutureTask.java:192)
	at org.apache.ratis.server.impl.LeaderElection.waitForResults(LeaderElection.java:259)
	at org.apache.ratis.server.impl.LeaderElection.askForVotes(LeaderElection.java:197)
	at org.apache.ratis.server.impl.LeaderElection.run(LeaderElection.java:133)
	at java.lang.Thread.run(Thread.java:748)
Caused by: org.apache.ratis.thirdparty.io.grpc.StatusRuntimeException: UNAVAILABLE: io exception
	at org.apache.ratis.thirdparty.io.grpc.stub.ClientCalls.toStatusRuntimeException(ClientCalls.java:233)
	at org.apache.ratis.thirdparty.io.grpc.stub.ClientCalls.getUnchecked(ClientCalls.java:214)
	at org.apache.ratis.thirdparty.io.grpc.stub.ClientCalls.blockingUnaryCall(ClientCalls.java:139)
	at org.apache.ratis.proto.grpc.RaftServerProtocolServiceGrpc$RaftServerProtocolServiceBlockingStub.requestVote(RaftServerProtocolServiceGrpc.java:265)
	at org.apache.ratis.grpc.server.GrpcServerProtocolClient.requestVote(GrpcServerProtocolClient.java:99)
	at org.apache.ratis.grpc.server.GrpcService.requestVote(GrpcService.java:204)
	at org.apache.ratis.server.impl.LeaderElection.lambda$submitRequests$1(LeaderElection.java:234)
	at java.util.concurrent.FutureTask.run(FutureTask.java:266)
	at java.util.concurrent.Executors$RunnableAdapter.call(Executors.java:511)
	at java.util.concurrent.FutureTask.run(FutureTask.java:266)
	at java.util.concurrent.ThreadPoolExecutor.runWorker(ThreadPoolExecutor.java:1149)
	at java.util.concurrent.ThreadPoolExecutor$Worker.run(ThreadPoolExecutor.java:624)
	... 1 more
Caused by: org.apache.ratis.thirdparty.io.netty.channel.AbstractChannel$AnnotatedConnectException: Connection refused: /192.168.157.194:42126
	at sun.nio.ch.SocketChannelImpl.checkConnect(Native Method)
	at sun.nio.ch.SocketChannelImpl.finishConnect(SocketChannelImpl.java:717)
	at org.apache.ratis.thirdparty.io.netty.channel.socket.nio.NioSocketChannel.doFinishConnect(NioSocketChannel.java:327)
	at org.apache.ratis.thirdparty.io.netty.channel.nio.AbstractNioChannel$AbstractNioUnsafe.finishConnect(AbstractNioChannel.java:340)
	at org.apache.ratis.thirdparty.io.netty.channel.nio.NioEventLoop.processSelectedKey(NioEventLoop.java:632)
	at org.apache.ratis.thirdparty.io.netty.channel.nio.NioEventLoop.processSelectedKeysOptimized(NioEventLoop.java:579)
	at org.apache.ratis.thirdparty.io.netty.channel.nio.NioEventLoop.processSelectedKeys(NioEventLoop.java:496)
	at org.apache.ratis.thirdparty.io.netty.channel.nio.NioEventLoop.run(NioEventLoop.java:458)
	at org.apache.ratis.thirdparty.io.netty.util.concurrent.SingleThreadEventExecutor$5.run(SingleThreadEventExecutor.java:897)
	at org.apache.ratis.thirdparty.io.netty.util.concurrent.FastThreadLocalRunnable.run(FastThreadLocalRunnable.java:30)
	... 1 more
Caused by: java.net.ConnectException: Connection refused
	... 11 more
2019-11-04 16:03:10,303 [e3fb79a3-1f86-42af-a80c-c46d1acdbc29@group-7855C2F36E53-LeaderElection508] INFO  impl.LeaderElection (LogUtils.java:infoOrTrace(149)) - e3fb79a3-1f86-42af-a80c-c46d1acdbc29@group-7855C2F36E53-LeaderElection508 got exception when requesting votes: {}
java.util.concurrent.ExecutionException: org.apache.ratis.thirdparty.io.grpc.StatusRuntimeException: UNAVAILABLE: io exception
	at java.util.concurrent.FutureTask.report(FutureTask.java:122)
	at java.util.concurrent.FutureTask.get(FutureTask.java:192)
	at org.apache.ratis.server.impl.LeaderElection.waitForResults(LeaderElection.java:259)
	at org.apache.ratis.server.impl.LeaderElection.askForVotes(LeaderElection.java:197)
	at org.apache.ratis.server.impl.LeaderElection.run(LeaderElection.java:133)
	at java.lang.Thread.run(Thread.java:748)
Caused by: org.apache.ratis.thirdparty.io.grpc.StatusRuntimeException: UNAVAILABLE: io exception
	at org.apache.ratis.thirdparty.io.grpc.stub.ClientCalls.toStatusRuntimeException(ClientCalls.java:233)
	at org.apache.ratis.thirdparty.io.grpc.stub.ClientCalls.getUnchecked(ClientCalls.java:214)
	at org.apache.ratis.thirdparty.io.grpc.stub.ClientCalls.blockingUnaryCall(ClientCalls.java:139)
	at org.apache.ratis.proto.grpc.RaftServerProtocolServiceGrpc$RaftServerProtocolServiceBlockingStub.requestVote(RaftServerProtocolServiceGrpc.java:265)
	at org.apache.ratis.grpc.server.GrpcServerProtocolClient.requestVote(GrpcServerProtocolClient.java:99)
	at org.apache.ratis.grpc.server.GrpcService.requestVote(GrpcService.java:204)
	at org.apache.ratis.server.impl.LeaderElection.lambda$submitRequests$1(LeaderElection.java:234)
	at java.util.concurrent.FutureTask.run(FutureTask.java:266)
	at java.util.concurrent.Executors$RunnableAdapter.call(Executors.java:511)
	at java.util.concurrent.FutureTask.run(FutureTask.java:266)
	at java.util.concurrent.ThreadPoolExecutor.runWorker(ThreadPoolExecutor.java:1149)
	at java.util.concurrent.ThreadPoolExecutor$Worker.run(ThreadPoolExecutor.java:624)
	... 1 more
Caused by: org.apache.ratis.thirdparty.io.netty.channel.AbstractChannel$AnnotatedConnectException: Connection refused: /192.168.157.194:46532
	at sun.nio.ch.SocketChannelImpl.checkConnect(Native Method)
	at sun.nio.ch.SocketChannelImpl.finishConnect(SocketChannelImpl.java:717)
	at org.apache.ratis.thirdparty.io.netty.channel.socket.nio.NioSocketChannel.doFinishConnect(NioSocketChannel.java:327)
	at org.apache.ratis.thirdparty.io.netty.channel.nio.AbstractNioChannel$AbstractNioUnsafe.finishConnect(AbstractNioChannel.java:340)
	at org.apache.ratis.thirdparty.io.netty.channel.nio.NioEventLoop.processSelectedKey(NioEventLoop.java:632)
	at org.apache.ratis.thirdparty.io.netty.channel.nio.NioEventLoop.processSelectedKeysOptimized(NioEventLoop.java:579)
	at org.apache.ratis.thirdparty.io.netty.channel.nio.NioEventLoop.processSelectedKeys(NioEventLoop.java:496)
	at org.apache.ratis.thirdparty.io.netty.channel.nio.NioEventLoop.run(NioEventLoop.java:458)
	at org.apache.ratis.thirdparty.io.netty.util.concurrent.SingleThreadEventExecutor$5.run(SingleThreadEventExecutor.java:897)
	at org.apache.ratis.thirdparty.io.netty.util.concurrent.FastThreadLocalRunnable.run(FastThreadLocalRunnable.java:30)
	... 1 more
Caused by: java.net.ConnectException: Connection refused
	... 11 more
2019-11-04 16:03:10,304 [e3fb79a3-1f86-42af-a80c-c46d1acdbc29@group-7855C2F36E53-LeaderElection508] INFO  impl.LeaderElection (LeaderElection.java:logAndReturn(56)) - e3fb79a3-1f86-42af-a80c-c46d1acdbc29@group-7855C2F36E53-LeaderElection508: Election REJECTED; received 0 response(s) [] and 2 exception(s); e3fb79a3-1f86-42af-a80c-c46d1acdbc29@group-7855C2F36E53:t562, leader=null, voted=e3fb79a3-1f86-42af-a80c-c46d1acdbc29, raftlog=e3fb79a3-1f86-42af-a80c-c46d1acdbc29@group-7855C2F36E53-SegmentedRaftLog:OPENED:c-1,f-1,i0, conf=-1: [e3fb79a3-1f86-42af-a80c-c46d1acdbc29:192.168.157.194:44142, 81ff859e-e76f-43f5-951a-4a38422068cb:192.168.157.194:46532, a9143d84-6d7f-497d-b770-eb75585db3c7:192.168.157.194:42126], old=null
2019-11-04 16:03:10,304 [e3fb79a3-1f86-42af-a80c-c46d1acdbc29@group-7855C2F36E53-LeaderElection508] INFO  impl.LeaderElection (LogUtils.java:infoOrTrace(149)) -   Exception 0: {}
java.util.concurrent.ExecutionException: org.apache.ratis.thirdparty.io.grpc.StatusRuntimeException: UNAVAILABLE: io exception
	at java.util.concurrent.FutureTask.report(FutureTask.java:122)
	at java.util.concurrent.FutureTask.get(FutureTask.java:192)
	at org.apache.ratis.server.impl.LeaderElection.waitForResults(LeaderElection.java:259)
	at org.apache.ratis.server.impl.LeaderElection.askForVotes(LeaderElection.java:197)
	at org.apache.ratis.server.impl.LeaderElection.run(LeaderElection.java:133)
	at java.lang.Thread.run(Thread.java:748)
Caused by: org.apache.ratis.thirdparty.io.grpc.StatusRuntimeException: UNAVAILABLE: io exception
	at org.apache.ratis.thirdparty.io.grpc.stub.ClientCalls.toStatusRuntimeException(ClientCalls.java:233)
	at org.apache.ratis.thirdparty.io.grpc.stub.ClientCalls.getUnchecked(ClientCalls.java:214)
	at org.apache.ratis.thirdparty.io.grpc.stub.ClientCalls.blockingUnaryCall(ClientCalls.java:139)
	at org.apache.ratis.proto.grpc.RaftServerProtocolServiceGrpc$RaftServerProtocolServiceBlockingStub.requestVote(RaftServerProtocolServiceGrpc.java:265)
	at org.apache.ratis.grpc.server.GrpcServerProtocolClient.requestVote(GrpcServerProtocolClient.java:99)
	at org.apache.ratis.grpc.server.GrpcService.requestVote(GrpcService.java:204)
	at org.apache.ratis.server.impl.LeaderElection.lambda$submitRequests$1(LeaderElection.java:234)
	at java.util.concurrent.FutureTask.run(FutureTask.java:266)
	at java.util.concurrent.Executors$RunnableAdapter.call(Executors.java:511)
	at java.util.concurrent.FutureTask.run(FutureTask.java:266)
	at java.util.concurrent.ThreadPoolExecutor.runWorker(ThreadPoolExecutor.java:1149)
	at java.util.concurrent.ThreadPoolExecutor$Worker.run(ThreadPoolExecutor.java:624)
	... 1 more
Caused by: org.apache.ratis.thirdparty.io.netty.channel.AbstractChannel$AnnotatedConnectException: Connection refused: /192.168.157.194:42126
	at sun.nio.ch.SocketChannelImpl.checkConnect(Native Method)
	at sun.nio.ch.SocketChannelImpl.finishConnect(SocketChannelImpl.java:717)
	at org.apache.ratis.thirdparty.io.netty.channel.socket.nio.NioSocketChannel.doFinishConnect(NioSocketChannel.java:327)
	at org.apache.ratis.thirdparty.io.netty.channel.nio.AbstractNioChannel$AbstractNioUnsafe.finishConnect(AbstractNioChannel.java:340)
	at org.apache.ratis.thirdparty.io.netty.channel.nio.NioEventLoop.processSelectedKey(NioEventLoop.java:632)
	at org.apache.ratis.thirdparty.io.netty.channel.nio.NioEventLoop.processSelectedKeysOptimized(NioEventLoop.java:579)
	at org.apache.ratis.thirdparty.io.netty.channel.nio.NioEventLoop.processSelectedKeys(NioEventLoop.java:496)
	at org.apache.ratis.thirdparty.io.netty.channel.nio.NioEventLoop.run(NioEventLoop.java:458)
	at org.apache.ratis.thirdparty.io.netty.util.concurrent.SingleThreadEventExecutor$5.run(SingleThreadEventExecutor.java:897)
	at org.apache.ratis.thirdparty.io.netty.util.concurrent.FastThreadLocalRunnable.run(FastThreadLocalRunnable.java:30)
	... 1 more
Caused by: java.net.ConnectException: Connection refused
	... 11 more
2019-11-04 16:03:10,304 [e3fb79a3-1f86-42af-a80c-c46d1acdbc29@group-7855C2F36E53-LeaderElection508] INFO  impl.LeaderElection (LogUtils.java:infoOrTrace(149)) -   Exception 1: {}
java.util.concurrent.ExecutionException: org.apache.ratis.thirdparty.io.grpc.StatusRuntimeException: UNAVAILABLE: io exception
	at java.util.concurrent.FutureTask.report(FutureTask.java:122)
	at java.util.concurrent.FutureTask.get(FutureTask.java:192)
	at org.apache.ratis.server.impl.LeaderElection.waitForResults(LeaderElection.java:259)
	at org.apache.ratis.server.impl.LeaderElection.askForVotes(LeaderElection.java:197)
	at org.apache.ratis.server.impl.LeaderElection.run(LeaderElection.java:133)
	at java.lang.Thread.run(Thread.java:748)
Caused by: org.apache.ratis.thirdparty.io.grpc.StatusRuntimeException: UNAVAILABLE: io exception
	at org.apache.ratis.thirdparty.io.grpc.stub.ClientCalls.toStatusRuntimeException(ClientCalls.java:233)
	at org.apache.ratis.thirdparty.io.grpc.stub.ClientCalls.getUnchecked(ClientCalls.java:214)
	at org.apache.ratis.thirdparty.io.grpc.stub.ClientCalls.blockingUnaryCall(ClientCalls.java:139)
	at org.apache.ratis.proto.grpc.RaftServerProtocolServiceGrpc$RaftServerProtocolServiceBlockingStub.requestVote(RaftServerProtocolServiceGrpc.java:265)
	at org.apache.ratis.grpc.server.GrpcServerProtocolClient.requestVote(GrpcServerProtocolClient.java:99)
	at org.apache.ratis.grpc.server.GrpcService.requestVote(GrpcService.java:204)
	at org.apache.ratis.server.impl.LeaderElection.lambda$submitRequests$1(LeaderElection.java:234)
	at java.util.concurrent.FutureTask.run(FutureTask.java:266)
	at java.util.concurrent.Executors$RunnableAdapter.call(Executors.java:511)
	at java.util.concurrent.FutureTask.run(FutureTask.java:266)
	at java.util.concurrent.ThreadPoolExecutor.runWorker(ThreadPoolExecutor.java:1149)
	at java.util.concurrent.ThreadPoolExecutor$Worker.run(ThreadPoolExecutor.java:624)
	... 1 more
Caused by: org.apache.ratis.thirdparty.io.netty.channel.AbstractChannel$AnnotatedConnectException: Connection refused: /192.168.157.194:46532
	at sun.nio.ch.SocketChannelImpl.checkConnect(Native Method)
	at sun.nio.ch.SocketChannelImpl.finishConnect(SocketChannelImpl.java:717)
	at org.apache.ratis.thirdparty.io.netty.channel.socket.nio.NioSocketChannel.doFinishConnect(NioSocketChannel.java:327)
	at org.apache.ratis.thirdparty.io.netty.channel.nio.AbstractNioChannel$AbstractNioUnsafe.finishConnect(AbstractNioChannel.java:340)
	at org.apache.ratis.thirdparty.io.netty.channel.nio.NioEventLoop.processSelectedKey(NioEventLoop.java:632)
	at org.apache.ratis.thirdparty.io.netty.channel.nio.NioEventLoop.processSelectedKeysOptimized(NioEventLoop.java:579)
	at org.apache.ratis.thirdparty.io.netty.channel.nio.NioEventLoop.processSelectedKeys(NioEventLoop.java:496)
	at org.apache.ratis.thirdparty.io.netty.channel.nio.NioEventLoop.run(NioEventLoop.java:458)
	at org.apache.ratis.thirdparty.io.netty.util.concurrent.SingleThreadEventExecutor$5.run(SingleThreadEventExecutor.java:897)
	at org.apache.ratis.thirdparty.io.netty.util.concurrent.FastThreadLocalRunnable.run(FastThreadLocalRunnable.java:30)
	... 1 more
Caused by: java.net.ConnectException: Connection refused
	... 11 more
2019-11-04 16:03:10,305 [e3fb79a3-1f86-42af-a80c-c46d1acdbc29@group-7855C2F36E53-LeaderElection508] INFO  impl.RaftServerImpl (RaftServerImpl.java:setRole(184)) - e3fb79a3-1f86-42af-a80c-c46d1acdbc29@group-7855C2F36E53: changes role from CANDIDATE to FOLLOWER at term 562 for DISCOVERED_A_NEW_TERM
2019-11-04 16:03:10,305 [e3fb79a3-1f86-42af-a80c-c46d1acdbc29@group-7855C2F36E53-LeaderElection508] INFO  impl.RoleInfo (RoleInfo.java:shutdownLeaderElection(134)) - e3fb79a3-1f86-42af-a80c-c46d1acdbc29: shutdown LeaderElection
2019-11-04 16:03:10,305 [e3fb79a3-1f86-42af-a80c-c46d1acdbc29@group-7855C2F36E53-LeaderElection508] INFO  impl.RoleInfo (RoleInfo.java:updateAndGet(143)) - e3fb79a3-1f86-42af-a80c-c46d1acdbc29: start FollowerState
2019-11-04 16:03:10,377 [Thread-301] INFO  ipc.Client (Client.java:handleConnectionFailure(948)) - Retrying connect to server: localhost/127.0.0.1:38129. Already tried 9 time(s); retry policy is RetryUpToMaximumCountWithFixedSleep(maxRetries=10, sleepTime=1000 MILLISECONDS)
2019-11-04 16:03:10,381 [Thread-301] INFO  retry.RetryInvocationHandler (RetryInvocationHandler.java:log(411)) - com.google.protobuf.ServiceException: java.net.ConnectException: Call From pr-hdds-1643-sn7dj-2043761873/192.168.157.194 to localhost:38129 failed on connection exception: java.net.ConnectException: Connection refused; For more details see:  http://wiki.apache.org/hadoop/ConnectionRefused, while invoking $Proxy36.submitRequest over nodeId=null,nodeAddress=localhost:38129. Trying to failover immediately.
2019-11-04 16:03:10,429 [Thread-3553] INFO  impl.FollowerState (FollowerState.java:run(108)) - e3fb79a3-1f86-42af-a80c-c46d1acdbc29@group-7855C2F36E53-FollowerState: change to CANDIDATE, lastRpcTime:124ms, electionTimeout:124ms
2019-11-04 16:03:10,429 [Thread-3553] INFO  impl.RoleInfo (RoleInfo.java:shutdownFollowerState(121)) - e3fb79a3-1f86-42af-a80c-c46d1acdbc29: shutdown FollowerState
2019-11-04 16:03:10,430 [Thread-3553] INFO  impl.RaftServerImpl (RaftServerImpl.java:setRole(184)) - e3fb79a3-1f86-42af-a80c-c46d1acdbc29@group-7855C2F36E53: changes role from  FOLLOWER to CANDIDATE at term 562 for changeToCandidate
2019-11-04 16:03:10,430 [Thread-3553] INFO  impl.RoleInfo (RoleInfo.java:updateAndGet(143)) - e3fb79a3-1f86-42af-a80c-c46d1acdbc29: start LeaderElection
2019-11-04 16:03:10,444 [e3fb79a3-1f86-42af-a80c-c46d1acdbc29@group-7855C2F36E53-LeaderElection509] INFO  impl.LeaderElection (LeaderElection.java:askForVotes(178)) - e3fb79a3-1f86-42af-a80c-c46d1acdbc29@group-7855C2F36E53-LeaderElection509: begin an election at term 563 for -1: [e3fb79a3-1f86-42af-a80c-c46d1acdbc29:192.168.157.194:44142, 81ff859e-e76f-43f5-951a-4a38422068cb:192.168.157.194:46532, a9143d84-6d7f-497d-b770-eb75585db3c7:192.168.157.194:42126], old=null
2019-11-04 16:03:10,445 [e3fb79a3-1f86-42af-a80c-c46d1acdbc29@group-7855C2F36E53-LeaderElection509] INFO  impl.LeaderElection (LogUtils.java:infoOrTrace(149)) - e3fb79a3-1f86-42af-a80c-c46d1acdbc29@group-7855C2F36E53-LeaderElection509 got exception when requesting votes: {}
java.util.concurrent.ExecutionException: org.apache.ratis.thirdparty.io.grpc.StatusRuntimeException: UNAVAILABLE: io exception
	at java.util.concurrent.FutureTask.report(FutureTask.java:122)
	at java.util.concurrent.FutureTask.get(FutureTask.java:192)
	at org.apache.ratis.server.impl.LeaderElection.waitForResults(LeaderElection.java:259)
	at org.apache.ratis.server.impl.LeaderElection.askForVotes(LeaderElection.java:197)
	at org.apache.ratis.server.impl.LeaderElection.run(LeaderElection.java:133)
	at java.lang.Thread.run(Thread.java:748)
Caused by: org.apache.ratis.thirdparty.io.grpc.StatusRuntimeException: UNAVAILABLE: io exception
	at org.apache.ratis.thirdparty.io.grpc.stub.ClientCalls.toStatusRuntimeException(ClientCalls.java:233)
	at org.apache.ratis.thirdparty.io.grpc.stub.ClientCalls.getUnchecked(ClientCalls.java:214)
	at org.apache.ratis.thirdparty.io.grpc.stub.ClientCalls.blockingUnaryCall(ClientCalls.java:139)
	at org.apache.ratis.proto.grpc.RaftServerProtocolServiceGrpc$RaftServerProtocolServiceBlockingStub.requestVote(RaftServerProtocolServiceGrpc.java:265)
	at org.apache.ratis.grpc.server.GrpcServerProtocolClient.requestVote(GrpcServerProtocolClient.java:99)
	at org.apache.ratis.grpc.server.GrpcService.requestVote(GrpcService.java:204)
	at org.apache.ratis.server.impl.LeaderElection.lambda$submitRequests$1(LeaderElection.java:234)
	at java.util.concurrent.FutureTask.run(FutureTask.java:266)
	at java.util.concurrent.Executors$RunnableAdapter.call(Executors.java:511)
	at java.util.concurrent.FutureTask.run(FutureTask.java:266)
	at java.util.concurrent.ThreadPoolExecutor.runWorker(ThreadPoolExecutor.java:1149)
	at java.util.concurrent.ThreadPoolExecutor$Worker.run(ThreadPoolExecutor.java:624)
	... 1 more
Caused by: org.apache.ratis.thirdparty.io.netty.channel.AbstractChannel$AnnotatedConnectException: Connection refused: /192.168.157.194:46532
	at sun.nio.ch.SocketChannelImpl.checkConnect(Native Method)
	at sun.nio.ch.SocketChannelImpl.finishConnect(SocketChannelImpl.java:717)
	at org.apache.ratis.thirdparty.io.netty.channel.socket.nio.NioSocketChannel.doFinishConnect(NioSocketChannel.java:327)
	at org.apache.ratis.thirdparty.io.netty.channel.nio.AbstractNioChannel$AbstractNioUnsafe.finishConnect(AbstractNioChannel.java:340)
	at org.apache.ratis.thirdparty.io.netty.channel.nio.NioEventLoop.processSelectedKey(NioEventLoop.java:632)
	at org.apache.ratis.thirdparty.io.netty.channel.nio.NioEventLoop.processSelectedKeysOptimized(NioEventLoop.java:579)
	at org.apache.ratis.thirdparty.io.netty.channel.nio.NioEventLoop.processSelectedKeys(NioEventLoop.java:496)
	at org.apache.ratis.thirdparty.io.netty.channel.nio.NioEventLoop.run(NioEventLoop.java:458)
	at org.apache.ratis.thirdparty.io.netty.util.concurrent.SingleThreadEventExecutor$5.run(SingleThreadEventExecutor.java:897)
	at org.apache.ratis.thirdparty.io.netty.util.concurrent.FastThreadLocalRunnable.run(FastThreadLocalRunnable.java:30)
	... 1 more
Caused by: java.net.ConnectException: Connection refused
	... 11 more
2019-11-04 16:03:10,445 [e3fb79a3-1f86-42af-a80c-c46d1acdbc29@group-7855C2F36E53-LeaderElection509] INFO  impl.LeaderElection (LogUtils.java:infoOrTrace(149)) - e3fb79a3-1f86-42af-a80c-c46d1acdbc29@group-7855C2F36E53-LeaderElection509 got exception when requesting votes: {}
java.util.concurrent.ExecutionException: org.apache.ratis.thirdparty.io.grpc.StatusRuntimeException: UNAVAILABLE: io exception
	at java.util.concurrent.FutureTask.report(FutureTask.java:122)
	at java.util.concurrent.FutureTask.get(FutureTask.java:192)
	at org.apache.ratis.server.impl.LeaderElection.waitForResults(LeaderElection.java:259)
	at org.apache.ratis.server.impl.LeaderElection.askForVotes(LeaderElection.java:197)
	at org.apache.ratis.server.impl.LeaderElection.run(LeaderElection.java:133)
	at java.lang.Thread.run(Thread.java:748)
Caused by: org.apache.ratis.thirdparty.io.grpc.StatusRuntimeException: UNAVAILABLE: io exception
	at org.apache.ratis.thirdparty.io.grpc.stub.ClientCalls.toStatusRuntimeException(ClientCalls.java:233)
	at org.apache.ratis.thirdparty.io.grpc.stub.ClientCalls.getUnchecked(ClientCalls.java:214)
	at org.apache.ratis.thirdparty.io.grpc.stub.ClientCalls.blockingUnaryCall(ClientCalls.java:139)
	at org.apache.ratis.proto.grpc.RaftServerProtocolServiceGrpc$RaftServerProtocolServiceBlockingStub.requestVote(RaftServerProtocolServiceGrpc.java:265)
	at org.apache.ratis.grpc.server.GrpcServerProtocolClient.requestVote(GrpcServerProtocolClient.java:99)
	at org.apache.ratis.grpc.server.GrpcService.requestVote(GrpcService.java:204)
	at org.apache.ratis.server.impl.LeaderElection.lambda$submitRequests$1(LeaderElection.java:234)
	at java.util.concurrent.FutureTask.run(FutureTask.java:266)
	at java.util.concurrent.Executors$RunnableAdapter.call(Executors.java:511)
	at java.util.concurrent.FutureTask.run(FutureTask.java:266)
	at java.util.concurrent.ThreadPoolExecutor.runWorker(ThreadPoolExecutor.java:1149)
	at java.util.concurrent.ThreadPoolExecutor$Worker.run(ThreadPoolExecutor.java:624)
	... 1 more
Caused by: org.apache.ratis.thirdparty.io.netty.channel.AbstractChannel$AnnotatedConnectException: Connection refused: /192.168.157.194:42126
	at sun.nio.ch.SocketChannelImpl.checkConnect(Native Method)
	at sun.nio.ch.SocketChannelImpl.finishConnect(SocketChannelImpl.java:717)
	at org.apache.ratis.thirdparty.io.netty.channel.socket.nio.NioSocketChannel.doFinishConnect(NioSocketChannel.java:327)
	at org.apache.ratis.thirdparty.io.netty.channel.nio.AbstractNioChannel$AbstractNioUnsafe.finishConnect(AbstractNioChannel.java:340)
	at org.apache.ratis.thirdparty.io.netty.channel.nio.NioEventLoop.processSelectedKey(NioEventLoop.java:632)
	at org.apache.ratis.thirdparty.io.netty.channel.nio.NioEventLoop.processSelectedKeysOptimized(NioEventLoop.java:579)
	at org.apache.ratis.thirdparty.io.netty.channel.nio.NioEventLoop.processSelectedKeys(NioEventLoop.java:496)
	at org.apache.ratis.thirdparty.io.netty.channel.nio.NioEventLoop.run(NioEventLoop.java:458)
	at org.apache.ratis.thirdparty.io.netty.util.concurrent.SingleThreadEventExecutor$5.run(SingleThreadEventExecutor.java:897)
	at org.apache.ratis.thirdparty.io.netty.util.concurrent.FastThreadLocalRunnable.run(FastThreadLocalRunnable.java:30)
	... 1 more
Caused by: java.net.ConnectException: Connection refused
	... 11 more
2019-11-04 16:03:10,446 [e3fb79a3-1f86-42af-a80c-c46d1acdbc29@group-7855C2F36E53-LeaderElection509] INFO  impl.LeaderElection (LeaderElection.java:logAndReturn(56)) - e3fb79a3-1f86-42af-a80c-c46d1acdbc29@group-7855C2F36E53-LeaderElection509: Election REJECTED; received 0 response(s) [] and 2 exception(s); e3fb79a3-1f86-42af-a80c-c46d1acdbc29@group-7855C2F36E53:t563, leader=null, voted=e3fb79a3-1f86-42af-a80c-c46d1acdbc29, raftlog=e3fb79a3-1f86-42af-a80c-c46d1acdbc29@group-7855C2F36E53-SegmentedRaftLog:OPENED:c-1,f-1,i0, conf=-1: [e3fb79a3-1f86-42af-a80c-c46d1acdbc29:192.168.157.194:44142, 81ff859e-e76f-43f5-951a-4a38422068cb:192.168.157.194:46532, a9143d84-6d7f-497d-b770-eb75585db3c7:192.168.157.194:42126], old=null
2019-11-04 16:03:10,446 [e3fb79a3-1f86-42af-a80c-c46d1acdbc29@group-7855C2F36E53-LeaderElection509] INFO  impl.LeaderElection (LogUtils.java:infoOrTrace(149)) -   Exception 0: {}
java.util.concurrent.ExecutionException: org.apache.ratis.thirdparty.io.grpc.StatusRuntimeException: UNAVAILABLE: io exception
	at java.util.concurrent.FutureTask.report(FutureTask.java:122)
	at java.util.concurrent.FutureTask.get(FutureTask.java:192)
	at org.apache.ratis.server.impl.LeaderElection.waitForResults(LeaderElection.java:259)
	at org.apache.ratis.server.impl.LeaderElection.askForVotes(LeaderElection.java:197)
	at org.apache.ratis.server.impl.LeaderElection.run(LeaderElection.java:133)
	at java.lang.Thread.run(Thread.java:748)
Caused by: org.apache.ratis.thirdparty.io.grpc.StatusRuntimeException: UNAVAILABLE: io exception
	at org.apache.ratis.thirdparty.io.grpc.stub.ClientCalls.toStatusRuntimeException(ClientCalls.java:233)
	at org.apache.ratis.thirdparty.io.grpc.stub.ClientCalls.getUnchecked(ClientCalls.java:214)
	at org.apache.ratis.thirdparty.io.grpc.stub.ClientCalls.blockingUnaryCall(ClientCalls.java:139)
	at org.apache.ratis.proto.grpc.RaftServerProtocolServiceGrpc$RaftServerProtocolServiceBlockingStub.requestVote(RaftServerProtocolServiceGrpc.java:265)
	at org.apache.ratis.grpc.server.GrpcServerProtocolClient.requestVote(GrpcServerProtocolClient.java:99)
	at org.apache.ratis.grpc.server.GrpcService.requestVote(GrpcService.java:204)
	at org.apache.ratis.server.impl.LeaderElection.lambda$submitRequests$1(LeaderElection.java:234)
	at java.util.concurrent.FutureTask.run(FutureTask.java:266)
	at java.util.concurrent.Executors$RunnableAdapter.call(Executors.java:511)
	at java.util.concurrent.FutureTask.run(FutureTask.java:266)
	at java.util.concurrent.ThreadPoolExecutor.runWorker(ThreadPoolExecutor.java:1149)
	at java.util.concurrent.ThreadPoolExecutor$Worker.run(ThreadPoolExecutor.java:624)
	... 1 more
Caused by: org.apache.ratis.thirdparty.io.netty.channel.AbstractChannel$AnnotatedConnectException: Connection refused: /192.168.157.194:46532
	at sun.nio.ch.SocketChannelImpl.checkConnect(Native Method)
	at sun.nio.ch.SocketChannelImpl.finishConnect(SocketChannelImpl.java:717)
	at org.apache.ratis.thirdparty.io.netty.channel.socket.nio.NioSocketChannel.doFinishConnect(NioSocketChannel.java:327)
	at org.apache.ratis.thirdparty.io.netty.channel.nio.AbstractNioChannel$AbstractNioUnsafe.finishConnect(AbstractNioChannel.java:340)
	at org.apache.ratis.thirdparty.io.netty.channel.nio.NioEventLoop.processSelectedKey(NioEventLoop.java:632)
	at org.apache.ratis.thirdparty.io.netty.channel.nio.NioEventLoop.processSelectedKeysOptimized(NioEventLoop.java:579)
	at org.apache.ratis.thirdparty.io.netty.channel.nio.NioEventLoop.processSelectedKeys(NioEventLoop.java:496)
	at org.apache.ratis.thirdparty.io.netty.channel.nio.NioEventLoop.run(NioEventLoop.java:458)
	at org.apache.ratis.thirdparty.io.netty.util.concurrent.SingleThreadEventExecutor$5.run(SingleThreadEventExecutor.java:897)
	at org.apache.ratis.thirdparty.io.netty.util.concurrent.FastThreadLocalRunnable.run(FastThreadLocalRunnable.java:30)
	... 1 more
Caused by: java.net.ConnectException: Connection refused
	... 11 more
2019-11-04 16:03:10,446 [e3fb79a3-1f86-42af-a80c-c46d1acdbc29@group-7855C2F36E53-LeaderElection509] INFO  impl.LeaderElection (LogUtils.java:infoOrTrace(149)) -   Exception 1: {}
java.util.concurrent.ExecutionException: org.apache.ratis.thirdparty.io.grpc.StatusRuntimeException: UNAVAILABLE: io exception
	at java.util.concurrent.FutureTask.report(FutureTask.java:122)
	at java.util.concurrent.FutureTask.get(FutureTask.java:192)
	at org.apache.ratis.server.impl.LeaderElection.waitForResults(LeaderElection.java:259)
	at org.apache.ratis.server.impl.LeaderElection.askForVotes(LeaderElection.java:197)
	at org.apache.ratis.server.impl.LeaderElection.run(LeaderElection.java:133)
	at java.lang.Thread.run(Thread.java:748)
Caused by: org.apache.ratis.thirdparty.io.grpc.StatusRuntimeException: UNAVAILABLE: io exception
	at org.apache.ratis.thirdparty.io.grpc.stub.ClientCalls.toStatusRuntimeException(ClientCalls.java:233)
	at org.apache.ratis.thirdparty.io.grpc.stub.ClientCalls.getUnchecked(ClientCalls.java:214)
	at org.apache.ratis.thirdparty.io.grpc.stub.ClientCalls.blockingUnaryCall(ClientCalls.java:139)
	at org.apache.ratis.proto.grpc.RaftServerProtocolServiceGrpc$RaftServerProtocolServiceBlockingStub.requestVote(RaftServerProtocolServiceGrpc.java:265)
	at org.apache.ratis.grpc.server.GrpcServerProtocolClient.requestVote(GrpcServerProtocolClient.java:99)
	at org.apache.ratis.grpc.server.GrpcService.requestVote(GrpcService.java:204)
	at org.apache.ratis.server.impl.LeaderElection.lambda$submitRequests$1(LeaderElection.java:234)
	at java.util.concurrent.FutureTask.run(FutureTask.java:266)
	at java.util.concurrent.Executors$RunnableAdapter.call(Executors.java:511)
	at java.util.concurrent.FutureTask.run(FutureTask.java:266)
	at java.util.concurrent.ThreadPoolExecutor.runWorker(ThreadPoolExecutor.java:1149)
	at java.util.concurrent.ThreadPoolExecutor$Worker.run(ThreadPoolExecutor.java:624)
	... 1 more
Caused by: org.apache.ratis.thirdparty.io.netty.channel.AbstractChannel$AnnotatedConnectException: Connection refused: /192.168.157.194:42126
	at sun.nio.ch.SocketChannelImpl.checkConnect(Native Method)
	at sun.nio.ch.SocketChannelImpl.finishConnect(SocketChannelImpl.java:717)
	at org.apache.ratis.thirdparty.io.netty.channel.socket.nio.NioSocketChannel.doFinishConnect(NioSocketChannel.java:327)
	at org.apache.ratis.thirdparty.io.netty.channel.nio.AbstractNioChannel$AbstractNioUnsafe.finishConnect(AbstractNioChannel.java:340)
	at org.apache.ratis.thirdparty.io.netty.channel.nio.NioEventLoop.processSelectedKey(NioEventLoop.java:632)
	at org.apache.ratis.thirdparty.io.netty.channel.nio.NioEventLoop.processSelectedKeysOptimized(NioEventLoop.java:579)
	at org.apache.ratis.thirdparty.io.netty.channel.nio.NioEventLoop.processSelectedKeys(NioEventLoop.java:496)
	at org.apache.ratis.thirdparty.io.netty.channel.nio.NioEventLoop.run(NioEventLoop.java:458)
	at org.apache.ratis.thirdparty.io.netty.util.concurrent.SingleThreadEventExecutor$5.run(SingleThreadEventExecutor.java:897)
	at org.apache.ratis.thirdparty.io.netty.util.concurrent.FastThreadLocalRunnable.run(FastThreadLocalRunnable.java:30)
	... 1 more
Caused by: java.net.ConnectException: Connection refused
	... 11 more
2019-11-04 16:03:10,447 [e3fb79a3-1f86-42af-a80c-c46d1acdbc29@group-7855C2F36E53-LeaderElection509] INFO  impl.RaftServerImpl (RaftServerImpl.java:setRole(184)) - e3fb79a3-1f86-42af-a80c-c46d1acdbc29@group-7855C2F36E53: changes role from CANDIDATE to FOLLOWER at term 563 for DISCOVERED_A_NEW_TERM
2019-11-04 16:03:10,447 [e3fb79a3-1f86-42af-a80c-c46d1acdbc29@group-7855C2F36E53-LeaderElection509] INFO  impl.RoleInfo (RoleInfo.java:shutdownLeaderElection(134)) - e3fb79a3-1f86-42af-a80c-c46d1acdbc29: shutdown LeaderElection
2019-11-04 16:03:10,447 [e3fb79a3-1f86-42af-a80c-c46d1acdbc29@group-7855C2F36E53-LeaderElection509] INFO  impl.RoleInfo (RoleInfo.java:updateAndGet(143)) - e3fb79a3-1f86-42af-a80c-c46d1acdbc29: start FollowerState
2019-11-04 16:03:10,471 [ForkJoinPool.commonPool-worker-0] INFO  ozoneimpl.OzoneContainer (OzoneContainer.java:stop(227)) - Attempting to stop container services.
2019-11-04 16:03:10,472 [ForkJoinPool.commonPool-worker-0] INFO  impl.RaftServerProxy (RaftServerProxy.java:lambda$close$4(314)) - e3fb79a3-1f86-42af-a80c-c46d1acdbc29: close
2019-11-04 16:03:10,472 [main] INFO  ozoneimpl.OzoneContainer (OzoneContainer.java:stop(227)) - Attempting to stop container services.
2019-11-04 16:03:10,472 [ForkJoinPool.commonPool-worker-0] INFO  impl.RaftServerImpl (RaftServerImpl.java:lambda$shutdown$3(261)) - e3fb79a3-1f86-42af-a80c-c46d1acdbc29@group-EE60B630392D: shutdown
2019-11-04 16:03:10,472 [main] INFO  impl.RaftServerProxy (RaftServerProxy.java:lambda$close$4(314)) - 2d0880bb-cfe0-41bf-8300-747e3a556689: close
2019-11-04 16:03:10,473 [ForkJoinPool.commonPool-worker-0] INFO  util.JmxRegister (JmxRegister.java:unregister(73)) - Successfully un-registered JMX Bean with object name Ratis:service=RaftServer,group=group-EE60B630392D,id=e3fb79a3-1f86-42af-a80c-c46d1acdbc29
2019-11-04 16:03:10,473 [main] INFO  impl.RaftServerImpl (RaftServerImpl.java:lambda$shutdown$3(261)) - 2d0880bb-cfe0-41bf-8300-747e3a556689@group-4BE68F65FD01: shutdown
2019-11-04 16:03:10,473 [ForkJoinPool.commonPool-worker-0] INFO  impl.RoleInfo (RoleInfo.java:shutdownLeaderState(104)) - e3fb79a3-1f86-42af-a80c-c46d1acdbc29: shutdown LeaderState
2019-11-04 16:03:10,473 [main] INFO  util.JmxRegister (JmxRegister.java:unregister(73)) - Successfully un-registered JMX Bean with object name Ratis:service=RaftServer,group=group-4BE68F65FD01,id=2d0880bb-cfe0-41bf-8300-747e3a556689
2019-11-04 16:03:10,474 [ForkJoinPool.commonPool-worker-0] INFO  impl.PendingRequests (PendingRequests.java:sendNotLeaderResponses(202)) - e3fb79a3-1f86-42af-a80c-c46d1acdbc29@group-EE60B630392D-PendingRequests: sendNotLeaderResponses
2019-11-04 16:03:10,474 [main] INFO  impl.RoleInfo (RoleInfo.java:shutdownLeaderState(104)) - 2d0880bb-cfe0-41bf-8300-747e3a556689: shutdown LeaderState
2019-11-04 16:03:10,474 [ForkJoinPool.commonPool-worker-0] INFO  impl.StateMachineUpdater (StateMachineUpdater.java:stopAndJoin(136)) - e3fb79a3-1f86-42af-a80c-c46d1acdbc29@group-EE60B630392D-StateMachineUpdater: set stopIndex = 0
2019-11-04 16:03:10,475 [main] INFO  impl.PendingRequests (PendingRequests.java:sendNotLeaderResponses(202)) - 2d0880bb-cfe0-41bf-8300-747e3a556689@group-4BE68F65FD01-PendingRequests: sendNotLeaderResponses
2019-11-04 16:03:10,475 [ForkJoinPool.commonPool-worker-0] INFO  impl.RaftServerImpl (ServerState.java:close(388)) - e3fb79a3-1f86-42af-a80c-c46d1acdbc29@group-EE60B630392D: closes. applyIndex: 0
2019-11-04 16:03:10,475 [main] INFO  impl.StateMachineUpdater (StateMachineUpdater.java:stopAndJoin(136)) - 2d0880bb-cfe0-41bf-8300-747e3a556689@group-4BE68F65FD01-StateMachineUpdater: set stopIndex = 0
2019-11-04 16:03:10,476 [e3fb79a3-1f86-42af-a80c-c46d1acdbc29@group-EE60B630392D-SegmentedRaftLogWorker] INFO  segmented.SegmentedRaftLogWorker (SegmentedRaftLogWorker.java:run(316)) - e3fb79a3-1f86-42af-a80c-c46d1acdbc29@group-EE60B630392D-SegmentedRaftLogWorker was interrupted, exiting. There are 0 tasks remaining in the queue.
2019-11-04 16:03:10,476 [main] INFO  impl.RaftServerImpl (ServerState.java:close(388)) - 2d0880bb-cfe0-41bf-8300-747e3a556689@group-4BE68F65FD01: closes. applyIndex: 0
2019-11-04 16:03:10,477 [ForkJoinPool.commonPool-worker-0] INFO  segmented.SegmentedRaftLogWorker (SegmentedRaftLogWorker.java:close(224)) - e3fb79a3-1f86-42af-a80c-c46d1acdbc29@group-EE60B630392D-SegmentedRaftLogWorker close()
2019-11-04 16:03:10,478 [2d0880bb-cfe0-41bf-8300-747e3a556689@group-4BE68F65FD01-SegmentedRaftLogWorker] INFO  segmented.SegmentedRaftLogWorker (SegmentedRaftLogWorker.java:run(316)) - 2d0880bb-cfe0-41bf-8300-747e3a556689@group-4BE68F65FD01-SegmentedRaftLogWorker was interrupted, exiting. There are 0 tasks remaining in the queue.
2019-11-04 16:03:10,479 [ForkJoinPool.commonPool-worker-0] INFO  impl.RaftServerImpl (RaftServerImpl.java:lambda$shutdown$3(261)) - e3fb79a3-1f86-42af-a80c-c46d1acdbc29@group-7855C2F36E53: shutdown
2019-11-04 16:03:10,480 [main] INFO  segmented.SegmentedRaftLogWorker (SegmentedRaftLogWorker.java:close(224)) - 2d0880bb-cfe0-41bf-8300-747e3a556689@group-4BE68F65FD01-SegmentedRaftLogWorker close()
2019-11-04 16:03:10,480 [ForkJoinPool.commonPool-worker-0] INFO  util.JmxRegister (JmxRegister.java:unregister(73)) - Successfully un-registered JMX Bean with object name Ratis:service=RaftServer,group=group-7855C2F36E53,id=e3fb79a3-1f86-42af-a80c-c46d1acdbc29
2019-11-04 16:03:10,482 [main] INFO  server.GrpcService (GrpcService.java:closeImpl(164)) - 2d0880bb-cfe0-41bf-8300-747e3a556689: shutdown server with port 34642 now
2019-11-04 16:03:10,482 [ForkJoinPool.commonPool-worker-0] INFO  impl.RoleInfo (RoleInfo.java:shutdownFollowerState(121)) - e3fb79a3-1f86-42af-a80c-c46d1acdbc29: shutdown FollowerState
2019-11-04 16:03:10,484 [ForkJoinPool.commonPool-worker-0] INFO  impl.StateMachineUpdater (StateMachineUpdater.java:stopAndJoin(136)) - e3fb79a3-1f86-42af-a80c-c46d1acdbc29@group-7855C2F36E53-StateMachineUpdater: set stopIndex = -1
2019-11-04 16:03:10,484 [Thread-3558] INFO  impl.FollowerState (FollowerState.java:run(117)) - e3fb79a3-1f86-42af-a80c-c46d1acdbc29@group-7855C2F36E53-FollowerState was interrupted: java.lang.InterruptedException: sleep interrupted
2019-11-04 16:03:10,484 [main] INFO  server.GrpcService (GrpcService.java:closeImpl(172)) - 2d0880bb-cfe0-41bf-8300-747e3a556689: shutdown server with port 34642 successfully
2019-11-04 16:03:10,484 [ForkJoinPool.commonPool-worker-0] INFO  impl.RaftServerImpl (ServerState.java:close(388)) - e3fb79a3-1f86-42af-a80c-c46d1acdbc29@group-7855C2F36E53: closes. applyIndex: -1
2019-11-04 16:03:10,485 [e3fb79a3-1f86-42af-a80c-c46d1acdbc29@group-7855C2F36E53-SegmentedRaftLogWorker] INFO  segmented.SegmentedRaftLogWorker (SegmentedRaftLogWorker.java:run(316)) - e3fb79a3-1f86-42af-a80c-c46d1acdbc29@group-7855C2F36E53-SegmentedRaftLogWorker was interrupted, exiting. There are 0 tasks remaining in the queue.
2019-11-04 16:03:10,485 [ForkJoinPool.commonPool-worker-0] INFO  segmented.SegmentedRaftLogWorker (SegmentedRaftLogWorker.java:close(224)) - e3fb79a3-1f86-42af-a80c-c46d1acdbc29@group-7855C2F36E53-SegmentedRaftLogWorker close()
2019-11-04 16:03:10,487 [ForkJoinPool.commonPool-worker-0] INFO  server.GrpcService (GrpcService.java:closeImpl(164)) - e3fb79a3-1f86-42af-a80c-c46d1acdbc29: shutdown server with port 44142 now
2019-11-04 16:03:10,487 [ForkJoinPool.commonPool-worker-0] INFO  server.GrpcService (GrpcService.java:closeImpl(172)) - e3fb79a3-1f86-42af-a80c-c46d1acdbc29: shutdown server with port 44142 successfully
2019-11-04 16:03:10,489 [refreshUsed-/workdir/hadoop-ozone/integration-test/target/test-dir/MiniOzoneClusterImpl-cc4d3969-f36c-44f3-bda2-80f758632240/datanode-0/data/containers] WARN  fs.CachingGetSpaceUsed (CachingGetSpaceUsed.java:run(183)) - Thread Interrupted waiting to refresh disk information: sleep interrupted
2019-11-04 16:03:10,494 [refreshUsed-/workdir/hadoop-ozone/integration-test/target/test-dir/MiniOzoneClusterImpl-cc4d3969-f36c-44f3-bda2-80f758632240/datanode-3/data/containers] WARN  fs.CachingGetSpaceUsed (CachingGetSpaceUsed.java:run(183)) - Thread Interrupted waiting to refresh disk information: sleep interrupted
2019-11-04 16:03:10,512 [ForkJoinPool.commonPool-worker-0] INFO  utils.BackgroundService (BackgroundService.java:shutdown(151)) - Shutting down service BlockDeletingService
2019-11-04 16:03:10,515 [ForkJoinPool.commonPool-worker-0] INFO  statemachine.DatanodeStateMachine (DatanodeStateMachine.java:stopDaemon(395)) - Ozone container server stopped.
2019-11-04 16:03:10,517 [ForkJoinPool.commonPool-worker-0] INFO  handler.ContextHandler (ContextHandler.java:doStop(910)) - Stopped o.e.j.w.WebAppContext@1e9469b8{/,null,UNAVAILABLE}{/hddsDatanode}
2019-11-04 16:03:10,518 [ForkJoinPool.commonPool-worker-0] INFO  server.AbstractConnector (AbstractConnector.java:doStop(318)) - Stopped ServerConnector@5a08efdc{HTTP/1.1,[http/1.1]}{0.0.0.0:0}
2019-11-04 16:03:10,519 [ForkJoinPool.commonPool-worker-0] INFO  handler.ContextHandler (ContextHandler.java:doStop(910)) - Stopped o.e.j.s.ServletContextHandler@7c8c70d6{/static,jar:file:/home/user/.m2/repository/org/apache/hadoop/hadoop-hdds-container-service/0.5.0-SNAPSHOT/hadoop-hdds-container-service-0.5.0-SNAPSHOT.jar!/webapps/static,UNAVAILABLE}
2019-11-04 16:03:10,520 [ForkJoinPool.commonPool-worker-0] INFO  handler.ContextHandler (ContextHandler.java:doStop(910)) - Stopped o.e.j.s.ServletContextHandler@34780cd9{/logs,file:///workdir/hadoop-ozone/integration-test/target/log,UNAVAILABLE}
2019-11-04 16:03:10,520 [main] INFO  utils.BackgroundService (BackgroundService.java:shutdown(151)) - Shutting down service BlockDeletingService
2019-11-04 16:03:10,523 [main] INFO  statemachine.DatanodeStateMachine (DatanodeStateMachine.java:stopDaemon(395)) - Ozone container server stopped.
2019-11-04 16:03:10,524 [main] INFO  handler.ContextHandler (ContextHandler.java:doStop(910)) - Stopped o.e.j.w.WebAppContext@60b34931{/,null,UNAVAILABLE}{/hddsDatanode}
2019-11-04 16:03:10,524 [main] INFO  server.AbstractConnector (AbstractConnector.java:doStop(318)) - Stopped ServerConnector@4aa21f9d{HTTP/1.1,[http/1.1]}{0.0.0.0:0}
2019-11-04 16:03:10,525 [main] INFO  handler.ContextHandler (ContextHandler.java:doStop(910)) - Stopped o.e.j.s.ServletContextHandler@3af7d855{/static,jar:file:/home/user/.m2/repository/org/apache/hadoop/hadoop-hdds-container-service/0.5.0-SNAPSHOT/hadoop-hdds-container-service-0.5.0-SNAPSHOT.jar!/webapps/static,UNAVAILABLE}
2019-11-04 16:03:10,525 [main] INFO  handler.ContextHandler (ContextHandler.java:doStop(910)) - Stopped o.e.j.s.ServletContextHandler@1d1cbd0f{/logs,file:///workdir/hadoop-ozone/integration-test/target/log,UNAVAILABLE}
2019-11-04 16:03:10,526 [main] INFO  ozone.MiniOzoneClusterImpl (MiniOzoneClusterImpl.java:stopSCM(392)) - Stopping the StorageContainerManager
2019-11-04 16:03:10,526 [main] INFO  server.StorageContainerManager (StorageContainerManager.java:stop(810)) - Stopping Replication Manager Service.
2019-11-04 16:03:10,526 [main] INFO  container.ReplicationManager (ReplicationManager.java:stop(203)) - Stopping Replication Monitor Thread.
2019-11-04 16:03:10,526 [main] INFO  server.StorageContainerManager (StorageContainerManager.java:stop(817)) - Stopping Lease Manager of the command watchers
2019-11-04 16:03:10,527 [main] INFO  server.StorageContainerManager (StorageContainerManager.java:stop(824)) - Stopping datanode service RPC server
2019-11-04 16:03:10,527 [main] INFO  server.SCMDatanodeProtocolServer (SCMDatanodeProtocolServer.java:stop(346)) - Stopping the RPC server for DataNodes
2019-11-04 16:03:10,527 [main] INFO  ipc.Server (Server.java:stop(3082)) - Stopping server on 43797
2019-11-04 16:03:10,528 [IPC Server listener on 43797] INFO  ipc.Server (Server.java:run(1185)) - Stopping IPC Server listener on 43797
2019-11-04 16:03:10,528 [IPC Server Responder] INFO  ipc.Server (Server.java:run(1319)) - Stopping IPC Server Responder
2019-11-04 16:03:10,547 [SCM Heartbeat Processing Thread - 0] WARN  node.NodeStateManager (NodeStateManager.java:scheduleNextHealthCheck(646)) - Current Thread is interrupted, shutting down HB processing thread for Node Manager.
2019-11-04 16:03:10,547 [main] INFO  server.StorageContainerManager (StorageContainerManager.java:stop(832)) - Stopping block service RPC server
2019-11-04 16:03:10,548 [main] INFO  server.SCMBlockProtocolServer (SCMBlockProtocolServer.java:stop(155)) - Stopping the RPC server for Block Protocol
2019-11-04 16:03:10,548 [main] INFO  ipc.Server (Server.java:stop(3082)) - Stopping server on 46238
2019-11-04 16:03:10,549 [IPC Server listener on 46238] INFO  ipc.Server (Server.java:run(1185)) - Stopping IPC Server listener on 46238
2019-11-04 16:03:10,549 [main] INFO  server.StorageContainerManager (StorageContainerManager.java:stop(839)) - Stopping the StorageContainerLocationProtocol RPC server
2019-11-04 16:03:10,549 [IPC Server Responder] INFO  ipc.Server (Server.java:run(1319)) - Stopping IPC Server Responder
2019-11-04 16:03:10,550 [main] INFO  server.SCMClientProtocolServer (SCMClientProtocolServer.java:stop(168)) - Stopping the RPC server for Client Protocol
2019-11-04 16:03:10,550 [main] INFO  ipc.Server (Server.java:stop(3082)) - Stopping server on 39158
2019-11-04 16:03:10,551 [IPC Server listener on 39158] INFO  ipc.Server (Server.java:run(1185)) - Stopping IPC Server listener on 39158
2019-11-04 16:03:10,551 [main] INFO  server.StorageContainerManager (StorageContainerManager.java:stop(846)) - Stopping Storage Container Manager HTTP server.
2019-11-04 16:03:10,551 [IPC Server Responder] INFO  ipc.Server (Server.java:run(1319)) - Stopping IPC Server Responder
2019-11-04 16:03:10,553 [main] INFO  handler.ContextHandler (ContextHandler.java:doStop(910)) - Stopped o.e.j.w.WebAppContext@532721fd{/,null,UNAVAILABLE}{/scm}
2019-11-04 16:03:10,553 [main] INFO  server.AbstractConnector (AbstractConnector.java:doStop(318)) - Stopped ServerConnector@7e1a1da6{HTTP/1.1,[http/1.1]}{0.0.0.0:0}
2019-11-04 16:03:10,554 [main] INFO  handler.ContextHandler (ContextHandler.java:doStop(910)) - Stopped o.e.j.s.ServletContextHandler@a43ce46{/static,file:///workdir/hadoop-ozone/integration-test/target/test-classes/webapps/static,UNAVAILABLE}
2019-11-04 16:03:10,554 [main] INFO  handler.ContextHandler (ContextHandler.java:doStop(910)) - Stopped o.e.j.s.ServletContextHandler@6b53bcc2{/logs,file:///workdir/hadoop-ozone/integration-test/target/log,UNAVAILABLE}
2019-11-04 16:03:10,555 [main] INFO  server.StorageContainerManager (StorageContainerManager.java:stop(857)) - Stopping Block Manager Service.
2019-11-04 16:03:10,555 [main] INFO  utils.BackgroundService (BackgroundService.java:shutdown(151)) - Shutting down service SCMBlockDeletingService
2019-11-04 16:03:10,555 [main] INFO  utils.BackgroundService (BackgroundService.java:shutdown(151)) - Shutting down service SCMBlockDeletingService
2019-11-04 16:03:10,556 [main] INFO  server.StorageContainerManager (StorageContainerManager.java:stop(879)) - Stopping SCM Event Queue.
2019-11-04 16:03:10,563 [main] INFO  impl.MetricsSystemImpl (MetricsSystemImpl.java:stop(210)) - Stopping XceiverClientMetrics metrics system...
2019-11-04 16:03:10,572 [prometheus] INFO  impl.MetricsSinkAdapter (MetricsSinkAdapter.java:publishMetricsFromQueue(141)) - prometheus thread interrupted.
2019-11-04 16:03:10,572 [main] INFO  impl.MetricsSystemImpl (MetricsSystemImpl.java:stop(216)) - XceiverClientMetrics metrics system stopped.
]]></system-out>
    <system-err><![CDATA[ERROR StatusLogger No Log4j 2 configuration file found. Using default configuration (logging only errors to the console), or user programmatically provided configurations. Set system property 'log4j2.debug' to show Log4j 2 internal initialization logging. See https://logging.apache.org/log4j/2.x/manual/configuration.html for instructions on how to configure Log4j 2
]]></system-err>
  </testcase>
</testsuite>