<?xml version="1.0" encoding="UTF-8"?>
<testsuite xmlns:xsi="http://www.w3.org/2001/XMLSchema-instance" xsi:noNamespaceSchemaLocation="https://maven.apache.org/surefire/maven-surefire-plugin/xsd/surefire-test-report.xsd" name="org.apache.hadoop.ozone.client.rpc.TestFailureHandlingByClient" time="394.801" tests="5" errors="1" skipped="0" failures="1">
  <properties>
    <property name="awt.toolkit" value="sun.awt.X11.XToolkit"/>
    <property name="file.encoding.pkg" value="sun.io"/>
    <property name="java.specification.version" value="1.8"/>
    <property name="sun.cpu.isalist" value=""/>
    <property name="sun.jnu.encoding" value="ANSI_X3.4-1968"/>
    <property name="java.class.path" value="/workdir/hadoop-ozone/integration-test/target/test-classes:/workdir/hadoop-ozone/integration-test/target/classes:/home/user/.m2/repository/org/apache/hadoop/hadoop-ozone-common/0.5.0-SNAPSHOT/hadoop-ozone-common-0.5.0-SNAPSHOT.jar:/home/user/.m2/repository/org/apache/commons/commons-compress/1.4.1/commons-compress-1.4.1.jar:/home/user/.m2/repository/org/tukaani/xz/1.0/xz-1.0.jar:/home/user/.m2/repository/org/apache/hadoop/hadoop-common/3.2.0/hadoop-common-3.2.0.jar:/home/user/.m2/repository/org/apache/hadoop/hadoop-hdfs/3.2.0/hadoop-hdfs-3.2.0.jar:/home/user/.m2/repository/org/apache/hadoop/hadoop-hdfs-client/3.2.0/hadoop-hdfs-client-3.2.0.jar:/home/user/.m2/repository/com/fasterxml/jackson/core/jackson-annotations/2.9.9/jackson-annotations-2.9.9.jar:/home/user/.m2/repository/org/apache/hadoop/hadoop-hdds-common/0.5.0-SNAPSHOT/hadoop-hdds-common-0.5.0-SNAPSHOT.jar:/home/user/.m2/repository/javax/annotation/javax.annotation-api/1.2/javax.annotation-api-1.2.jar:/home/user/.m2/repository/org/apache/ratis/ratis-server/0.5.0-3f446aa-SNAPSHOT/ratis-server-0.5.0-3f446aa-SNAPSHOT.jar:/home/user/.m2/repository/org/apache/ratis/ratis-thirdparty-misc/0.2.0/ratis-thirdparty-misc-0.2.0.jar:/home/user/.m2/repository/org/apache/ratis/ratis-proto/0.5.0-3f446aa-SNAPSHOT/ratis-proto-0.5.0-3f446aa-SNAPSHOT.jar:/home/user/.m2/repository/org/apache/ratis/ratis-common/0.5.0-3f446aa-SNAPSHOT/ratis-common-0.5.0-3f446aa-SNAPSHOT.jar:/home/user/.m2/repository/org/apache/ratis/ratis-client/0.5.0-3f446aa-SNAPSHOT/ratis-client-0.5.0-3f446aa-SNAPSHOT.jar:/home/user/.m2/repository/org/apache/ratis/ratis-metrics/0.5.0-3f446aa-SNAPSHOT/ratis-metrics-0.5.0-3f446aa-SNAPSHOT.jar:/home/user/.m2/repository/com/github/joshelser/dropwizard-metrics-hadoop-metrics2-reporter/0.1.2/dropwizard-metrics-hadoop-metrics2-reporter-0.1.2.jar:/home/user/.m2/repository/io/dropwizard/metrics/metrics-jvm/3.2.5/metrics-jvm-3.2.5.jar:/home/user/.m2/repository/io/dropwizard/metrics/metrics-ganglia/3.2.5/metrics-ganglia-3.2.5.jar:/home/user/.m2/repository/info/ganglia/gmetric4j/gmetric4j/1.0.7/gmetric4j-1.0.7.jar:/home/user/.m2/repository/org/apache/ratis/ratis-netty/0.5.0-3f446aa-SNAPSHOT/ratis-netty-0.5.0-3f446aa-SNAPSHOT.jar:/home/user/.m2/repository/org/apache/ratis/ratis-grpc/0.5.0-3f446aa-SNAPSHOT/ratis-grpc-0.5.0-3f446aa-SNAPSHOT.jar:/home/user/.m2/repository/org/rocksdb/rocksdbjni/6.0.1/rocksdbjni-6.0.1.jar:/home/user/.m2/repository/org/apache/logging/log4j/log4j-api/2.11.0/log4j-api-2.11.0.jar:/home/user/.m2/repository/org/apache/logging/log4j/log4j-core/2.11.0/log4j-core-2.11.0.jar:/home/user/.m2/repository/com/lmax/disruptor/3.4.2/disruptor-3.4.2.jar:/home/user/.m2/repository/org/apache/commons/commons-pool2/2.6.0/commons-pool2-2.6.0.jar:/home/user/.m2/repository/org/bouncycastle/bcpkix-jdk15on/1.60/bcpkix-jdk15on-1.60.jar:/home/user/.m2/repository/commons-validator/commons-validator/1.6/commons-validator-1.6.jar:/home/user/.m2/repository/commons-digester/commons-digester/1.8.1/commons-digester-1.8.1.jar:/home/user/.m2/repository/io/jaegertracing/jaeger-client/0.34.0/jaeger-client-0.34.0.jar:/home/user/.m2/repository/io/jaegertracing/jaeger-thrift/0.34.0/jaeger-thrift-0.34.0.jar:/home/user/.m2/repository/org/apache/thrift/libthrift/0.12.0/libthrift-0.12.0.jar:/home/user/.m2/repository/com/squareup/okhttp3/okhttp/3.9.0/okhttp-3.9.0.jar:/home/user/.m2/repository/com/squareup/okio/okio/1.13.0/okio-1.13.0.jar:/home/user/.m2/repository/io/jaegertracing/jaeger-core/0.34.0/jaeger-core-0.34.0.jar:/home/user/.m2/repository/io/jaegertracing/jaeger-tracerresolver/0.34.0/jaeger-tracerresolver-0.34.0.jar:/home/user/.m2/repository/io/opentracing/contrib/opentracing-tracerresolver/0.1.5/opentracing-tracerresolver-0.1.5.jar:/home/user/.m2/repository/io/opentracing/opentracing-util/0.31.0/opentracing-util-0.31.0.jar:/home/user/.m2/repository/io/opentracing/opentracing-api/0.31.0/opentracing-api-0.31.0.jar:/home/user/.m2/repository/io/opentracing/opentracing-noop/0.31.0/opentracing-noop-0.31.0.jar:/home/user/.m2/repository/org/apache/hadoop/hadoop-hdds-server-framework/0.5.0-SNAPSHOT/hadoop-hdds-server-framework-0.5.0-SNAPSHOT.jar:/home/user/.m2/repository/org/apache/hadoop/hadoop-hdds-container-service/0.5.0-SNAPSHOT/hadoop-hdds-container-service-0.5.0-SNAPSHOT.jar:/home/user/.m2/repository/org/apache/hadoop/hadoop-hdds-client/0.5.0-SNAPSHOT/hadoop-hdds-client-0.5.0-SNAPSHOT.jar:/home/user/.m2/repository/org/apache/hadoop/hadoop-hdds-tools/0.5.0-SNAPSHOT/hadoop-hdds-tools-0.5.0-SNAPSHOT.jar:/home/user/.m2/repository/org/apache/hadoop/hadoop-hdds-server-scm/0.5.0-SNAPSHOT/hadoop-hdds-server-scm-0.5.0-SNAPSHOT.jar:/home/user/.m2/repository/org/apache/hadoop/hadoop-hdds-docs/0.5.0-SNAPSHOT/hadoop-hdds-docs-0.5.0-SNAPSHOT.jar:/home/user/.m2/repository/io/dropwizard/metrics/metrics-core/3.2.4/metrics-core-3.2.4.jar:/home/user/.m2/repository/org/hamcrest/hamcrest-all/1.3/hamcrest-all-1.3.jar:/home/user/.m2/repository/org/bouncycastle/bcprov-jdk15on/1.60/bcprov-jdk15on-1.60.jar:/home/user/.m2/repository/info/picocli/picocli/3.9.6/picocli-3.9.6.jar:/home/user/.m2/repository/com/google/protobuf/protobuf-java/2.5.0/protobuf-java-2.5.0.jar:/home/user/.m2/repository/com/google/guava/guava/11.0.2/guava-11.0.2.jar:/home/user/.m2/repository/org/apache/hadoop/hadoop-ozone-ozone-manager/0.5.0-SNAPSHOT/hadoop-ozone-ozone-manager-0.5.0-SNAPSHOT.jar:/home/user/.m2/repository/org/apache/hadoop/hadoop-minikdc/3.2.0/hadoop-minikdc-3.2.0.jar:/home/user/.m2/repository/commons-io/commons-io/2.5/commons-io-2.5.jar:/home/user/.m2/repository/org/apache/kerby/kerb-simplekdc/1.0.1/kerb-simplekdc-1.0.1.jar:/home/user/.m2/repository/org/apache/kerby/kerb-client/1.0.1/kerb-client-1.0.1.jar:/home/user/.m2/repository/org/apache/kerby/kerby-config/1.0.1/kerby-config-1.0.1.jar:/home/user/.m2/repository/org/apache/kerby/kerb-core/1.0.1/kerb-core-1.0.1.jar:/home/user/.m2/repository/org/apache/kerby/kerby-pkix/1.0.1/kerby-pkix-1.0.1.jar:/home/user/.m2/repository/org/apache/kerby/kerby-asn1/1.0.1/kerby-asn1-1.0.1.jar:/home/user/.m2/repository/org/apache/kerby/kerby-util/1.0.1/kerby-util-1.0.1.jar:/home/user/.m2/repository/org/apache/kerby/kerb-common/1.0.1/kerb-common-1.0.1.jar:/home/user/.m2/repository/org/apache/kerby/kerb-crypto/1.0.1/kerb-crypto-1.0.1.jar:/home/user/.m2/repository/org/apache/kerby/kerb-util/1.0.1/kerb-util-1.0.1.jar:/home/user/.m2/repository/org/apache/kerby/token-provider/1.0.1/token-provider-1.0.1.jar:/home/user/.m2/repository/org/apache/kerby/kerb-admin/1.0.1/kerb-admin-1.0.1.jar:/home/user/.m2/repository/org/apache/kerby/kerb-server/1.0.1/kerb-server-1.0.1.jar:/home/user/.m2/repository/org/apache/kerby/kerb-identity/1.0.1/kerb-identity-1.0.1.jar:/home/user/.m2/repository/org/apache/kerby/kerby-xdr/1.0.1/kerby-xdr-1.0.1.jar:/home/user/.m2/repository/org/slf4j/slf4j-log4j12/1.7.25/slf4j-log4j12-1.7.25.jar:/home/user/.m2/repository/org/apache/hadoop/hadoop-ozone-s3gateway/0.5.0-SNAPSHOT/hadoop-ozone-s3gateway-0.5.0-SNAPSHOT.jar:/home/user/.m2/repository/org/jboss/weld/servlet/weld-servlet/2.4.7.Final/weld-servlet-2.4.7.Final.jar:/home/user/.m2/repository/org/glassfish/jersey/containers/jersey-container-servlet-core/2.27/jersey-container-servlet-core-2.27.jar:/home/user/.m2/repository/org/glassfish/hk2/external/javax.inject/2.5.0-b42/javax.inject-2.5.0-b42.jar:/home/user/.m2/repository/org/glassfish/jersey/core/jersey-common/2.27/jersey-common-2.27.jar:/home/user/.m2/repository/org/glassfish/hk2/osgi-resource-locator/1.0.1/osgi-resource-locator-1.0.1.jar:/home/user/.m2/repository/javax/ws/rs/javax.ws.rs-api/2.1/javax.ws.rs-api-2.1.jar:/home/user/.m2/repository/org/glassfish/jersey/ext/cdi/jersey-cdi1x/2.27/jersey-cdi1x-2.27.jar:/home/user/.m2/repository/org/glassfish/jersey/inject/jersey-hk2/2.27/jersey-hk2-2.27.jar:/home/user/.m2/repository/org/glassfish/hk2/hk2-locator/2.5.0-b42/hk2-locator-2.5.0-b42.jar:/home/user/.m2/repository/org/javassist/javassist/3.22.0-CR2/javassist-3.22.0-CR2.jar:/home/user/.m2/repository/org/glassfish/hk2/hk2-api/2.5.0/hk2-api-2.5.0.jar:/home/user/.m2/repository/org/glassfish/hk2/external/jakarta.inject/2.5.0/jakarta.inject-2.5.0.jar:/home/user/.m2/repository/org/glassfish/hk2/hk2-utils/2.5.0/hk2-utils-2.5.0.jar:/home/user/.m2/repository/jakarta/annotation/jakarta.annotation-api/1.3.4/jakarta.annotation-api-1.3.4.jar:/home/user/.m2/repository/org/glassfish/hk2/external/aopalliance-repackaged/2.5.0/aopalliance-repackaged-2.5.0.jar:/home/user/.m2/repository/com/fasterxml/jackson/dataformat/jackson-dataformat-xml/2.9.0/jackson-dataformat-xml-2.9.0.jar:/home/user/.m2/repository/com/fasterxml/jackson/core/jackson-core/2.9.9/jackson-core-2.9.9.jar:/home/user/.m2/repository/com/fasterxml/jackson/module/jackson-module-jaxb-annotations/2.9.9/jackson-module-jaxb-annotations-2.9.9.jar:/home/user/.m2/repository/javax/enterprise/cdi-api/1.2/cdi-api-1.2.jar:/home/user/.m2/repository/javax/el/javax.el-api/3.0.0/javax.el-api-3.0.0.jar:/home/user/.m2/repository/javax/interceptor/javax.interceptor-api/1.2/javax.interceptor-api-1.2.jar:/home/user/.m2/repository/javax/inject/javax.inject/1/javax.inject-1.jar:/home/user/.m2/repository/com/sun/xml/bind/jaxb-impl/2.3.0.1/jaxb-impl-2.3.0.1.jar:/home/user/.m2/repository/com/sun/xml/bind/jaxb-core/2.3.0.1/jaxb-core-2.3.0.1.jar:/home/user/.m2/repository/javax/xml/bind/jaxb-api/2.3.0/jaxb-api-2.3.0.jar:/home/user/.m2/repository/javax/activation/activation/1.1.1/activation-1.1.1.jar:/home/user/.m2/repository/org/apache/hadoop/hadoop-ozone-csi/0.5.0-SNAPSHOT/hadoop-ozone-csi-0.5.0-SNAPSHOT.jar:/home/user/.m2/repository/com/google/protobuf/protobuf-java-util/3.5.1/protobuf-java-util-3.5.1.jar:/home/user/.m2/repository/org/apache/hadoop/hadoop-hdds-config/0.5.0-SNAPSHOT/hadoop-hdds-config-0.5.0-SNAPSHOT.jar:/home/user/.m2/repository/io/grpc/grpc-netty/1.17.1/grpc-netty-1.17.1.jar:/home/user/.m2/repository/io/grpc/grpc-core/1.17.1/grpc-core-1.17.1.jar:/home/user/.m2/repository/io/grpc/grpc-context/1.17.1/grpc-context-1.17.1.jar:/home/user/.m2/repository/com/google/errorprone/error_prone_annotations/2.2.0/error_prone_annotations-2.2.0.jar:/home/user/.m2/repository/org/codehaus/mojo/animal-sniffer-annotations/1.17/animal-sniffer-annotations-1.17.jar:/home/user/.m2/repository/io/opencensus/opencensus-api/0.17.0/opencensus-api-0.17.0.jar:/home/user/.m2/repository/io/opencensus/opencensus-contrib-grpc-metrics/0.17.0/opencensus-contrib-grpc-metrics-0.17.0.jar:/home/user/.m2/repository/io/netty/netty-codec-http2/4.1.30.Final/netty-codec-http2-4.1.30.Final.jar:/home/user/.m2/repository/io/netty/netty-codec-http/4.1.30.Final/netty-codec-http-4.1.30.Final.jar:/home/user/.m2/repository/io/netty/netty-codec/4.1.30.Final/netty-codec-4.1.30.Final.jar:/home/user/.m2/repository/io/netty/netty-handler/4.1.30.Final/netty-handler-4.1.30.Final.jar:/home/user/.m2/repository/io/netty/netty-handler-proxy/4.1.30.Final/netty-handler-proxy-4.1.30.Final.jar:/home/user/.m2/repository/io/netty/netty-codec-socks/4.1.30.Final/netty-codec-socks-4.1.30.Final.jar:/home/user/.m2/repository/io/netty/netty-transport-native-epoll/4.1.30.Final/netty-transport-native-epoll-4.1.30.Final.jar:/home/user/.m2/repository/io/netty/netty-common/4.1.30.Final/netty-common-4.1.30.Final.jar:/home/user/.m2/repository/io/netty/netty-buffer/4.1.30.Final/netty-buffer-4.1.30.Final.jar:/home/user/.m2/repository/io/netty/netty-transport/4.1.30.Final/netty-transport-4.1.30.Final.jar:/home/user/.m2/repository/io/netty/netty-resolver/4.1.30.Final/netty-resolver-4.1.30.Final.jar:/home/user/.m2/repository/io/netty/netty-transport-native-unix-common/4.1.30.Final/netty-transport-native-unix-common-4.1.30.Final.jar:/home/user/.m2/repository/io/grpc/grpc-protobuf/1.17.1/grpc-protobuf-1.17.1.jar:/home/user/.m2/repository/com/google/api/grpc/proto-google-common-protos/1.0.0/proto-google-common-protos-1.0.0.jar:/home/user/.m2/repository/io/grpc/grpc-protobuf-lite/1.17.1/grpc-protobuf-lite-1.17.1.jar:/home/user/.m2/repository/io/grpc/grpc-stub/1.17.1/grpc-stub-1.17.1.jar:/home/user/.m2/repository/org/apache/hadoop/hadoop-ozone-recon/0.5.0-SNAPSHOT/hadoop-ozone-recon-0.5.0-SNAPSHOT.jar:/home/user/.m2/repository/org/apache/hadoop/hadoop-ozone-reconcodegen/0.5.0-SNAPSHOT/hadoop-ozone-reconcodegen-0.5.0-SNAPSHOT.jar:/home/user/.m2/repository/com/google/inject/extensions/guice-multibindings/4.0/guice-multibindings-4.0.jar:/home/user/.m2/repository/com/google/inject/guice/4.0/guice-4.0.jar:/home/user/.m2/repository/aopalliance/aopalliance/1.0/aopalliance-1.0.jar:/home/user/.m2/repository/com/google/inject/extensions/guice-servlet/4.0/guice-servlet-4.0.jar:/home/user/.m2/repository/org/glassfish/jersey/containers/jersey-container-servlet/2.27/jersey-container-servlet-2.27.jar:/home/user/.m2/repository/org/glassfish/hk2/guice-bridge/2.5.0/guice-bridge-2.5.0.jar:/home/user/.m2/repository/org/glassfish/jersey/core/jersey-server/2.27/jersey-server-2.27.jar:/home/user/.m2/repository/org/glassfish/jersey/core/jersey-client/2.27/jersey-client-2.27.jar:/home/user/.m2/repository/org/glassfish/jersey/media/jersey-media-jaxb/2.27/jersey-media-jaxb-2.27.jar:/home/user/.m2/repository/javax/validation/validation-api/1.1.0.Final/validation-api-1.1.0.Final.jar:/home/user/.m2/repository/org/glassfish/jersey/media/jersey-media-json-jackson/2.27/jersey-media-json-jackson-2.27.jar:/home/user/.m2/repository/org/glassfish/jersey/ext/jersey-entity-filtering/2.27/jersey-entity-filtering-2.27.jar:/home/user/.m2/repository/com/google/inject/extensions/guice-assistedinject/4.0/guice-assistedinject-4.0.jar:/home/user/.m2/repository/org/jooq/jooq/3.11.10/jooq-3.11.10.jar:/home/user/.m2/repository/org/jooq/jooq-meta/3.11.10/jooq-meta-3.11.10.jar:/home/user/.m2/repository/org/jooq/jooq-codegen/3.11.10/jooq-codegen-3.11.10.jar:/home/user/.m2/repository/com/jolbox/bonecp/0.8.0.RELEASE/bonecp-0.8.0.RELEASE.jar:/home/user/.m2/repository/org/xerial/sqlite-jdbc/3.25.2/sqlite-jdbc-3.25.2.jar:/home/user/.m2/repository/org/springframework/spring-jdbc/5.1.3.RELEASE/spring-jdbc-5.1.3.RELEASE.jar:/home/user/.m2/repository/org/springframework/spring-beans/5.1.3.RELEASE/spring-beans-5.1.3.RELEASE.jar:/home/user/.m2/repository/org/springframework/spring-core/5.1.3.RELEASE/spring-core-5.1.3.RELEASE.jar:/home/user/.m2/repository/org/springframework/spring-jcl/5.1.3.RELEASE/spring-jcl-5.1.3.RELEASE.jar:/home/user/.m2/repository/org/springframework/spring-tx/5.1.3.RELEASE/spring-tx-5.1.3.RELEASE.jar:/home/user/.m2/repository/org/apache/hadoop/hadoop-ozone-client/0.5.0-SNAPSHOT/hadoop-ozone-client-0.5.0-SNAPSHOT.jar:/home/user/.m2/repository/commons-lang/commons-lang/2.6/commons-lang-2.6.jar:/home/user/.m2/repository/org/apache/hadoop/hadoop-ozone-ozone-manager/0.5.0-SNAPSHOT/hadoop-ozone-ozone-manager-0.5.0-SNAPSHOT-tests.jar:/home/user/.m2/repository/junit/junit/4.11/junit-4.11.jar:/home/user/.m2/repository/org/hamcrest/hamcrest-core/1.3/hamcrest-core-1.3.jar:/home/user/.m2/repository/org/openjdk/jmh/jmh-core/1.19/jmh-core-1.19.jar:/home/user/.m2/repository/net/sf/jopt-simple/jopt-simple/4.6/jopt-simple-4.6.jar:/home/user/.m2/repository/org/apache/commons/commons-math3/3.1.1/commons-math3-3.1.1.jar:/home/user/.m2/repository/org/openjdk/jmh/jmh-generator-annprocess/1.19/jmh-generator-annprocess-1.19.jar:/home/user/.m2/repository/org/mockito/mockito-all/1.8.5/mockito-all-1.8.5.jar:/home/user/.m2/repository/org/apache/hadoop/hadoop-kms/3.2.0/hadoop-kms-3.2.0.jar:/home/user/.m2/repository/org/apache/hadoop/hadoop-auth/3.2.0/hadoop-auth-3.2.0.jar:/home/user/.m2/repository/com/nimbusds/nimbus-jose-jwt/4.41.1/nimbus-jose-jwt-4.41.1.jar:/home/user/.m2/repository/com/github/stephenc/jcip/jcip-annotations/1.0-1/jcip-annotations-1.0-1.jar:/home/user/.m2/repository/net/minidev/json-smart/2.3/json-smart-2.3.jar:/home/user/.m2/repository/net/minidev/accessors-smart/1.2/accessors-smart-1.2.jar:/home/user/.m2/repository/org/ow2/asm/asm/5.0.4/asm-5.0.4.jar:/home/user/.m2/repository/org/apache/curator/curator-framework/2.12.0/curator-framework-2.12.0.jar:/home/user/.m2/repository/com/sun/jersey/jersey-core/1.19/jersey-core-1.19.jar:/home/user/.m2/repository/javax/ws/rs/jsr311-api/1.1.1/jsr311-api-1.1.1.jar:/home/user/.m2/repository/com/sun/jersey/jersey-server/1.19/jersey-server-1.19.jar:/home/user/.m2/repository/javax/servlet/javax.servlet-api/3.1.0/javax.servlet-api-3.1.0.jar:/home/user/.m2/repository/org/eclipse/jetty/jetty-server/9.3.25.v20180904/jetty-server-9.3.25.v20180904.jar:/home/user/.m2/repository/org/eclipse/jetty/jetty-http/9.3.25.v20180904/jetty-http-9.3.25.v20180904.jar:/home/user/.m2/repository/org/eclipse/jetty/jetty-io/9.3.25.v20180904/jetty-io-9.3.25.v20180904.jar:/home/user/.m2/repository/org/eclipse/jetty/jetty-webapp/9.3.25.v20180904/jetty-webapp-9.3.25.v20180904.jar:/home/user/.m2/repository/org/eclipse/jetty/jetty-xml/9.3.25.v20180904/jetty-xml-9.3.25.v20180904.jar:/home/user/.m2/repository/log4j/log4j/1.2.17/log4j-1.2.17.jar:/home/user/.m2/repository/org/slf4j/slf4j-api/1.7.25/slf4j-api-1.7.25.jar:/home/user/.m2/repository/org/slf4j/jul-to-slf4j/1.7.25/jul-to-slf4j-1.7.25.jar:/home/user/.m2/repository/org/eclipse/jetty/jetty-util/9.3.25.v20180904/jetty-util-9.3.25.v20180904.jar:/home/user/.m2/repository/com/fasterxml/jackson/core/jackson-databind/2.9.9/jackson-databind-2.9.9.jar:/home/user/.m2/repository/org/apache/hadoop/hadoop-kms/3.2.0/hadoop-kms-3.2.0-tests.jar:/home/user/.m2/repository/org/apache/hadoop/hadoop-hdds-server-scm/0.5.0-SNAPSHOT/hadoop-hdds-server-scm-0.5.0-SNAPSHOT-tests.jar:/home/user/.m2/repository/org/apache/hadoop/hadoop-hdds-container-service/0.5.0-SNAPSHOT/hadoop-hdds-container-service-0.5.0-SNAPSHOT-tests.jar:/home/user/.m2/repository/org/yaml/snakeyaml/1.16/snakeyaml-1.16.jar:/home/user/.m2/repository/org/apache/hadoop/hadoop-common/3.2.0/hadoop-common-3.2.0-tests.jar:/home/user/.m2/repository/org/apache/hadoop/hadoop-annotations/3.2.0/hadoop-annotations-3.2.0.jar:/usr/lib/jvm/java-1.8.0-openjdk-1.8.0.222.b10-1.el7_7.x86_64/jre/../lib/tools.jar:/home/user/.m2/repository/commons-cli/commons-cli/1.2/commons-cli-1.2.jar:/home/user/.m2/repository/org/apache/httpcomponents/httpclient/4.5.2/httpclient-4.5.2.jar:/home/user/.m2/repository/org/apache/httpcomponents/httpcore/4.4.4/httpcore-4.4.4.jar:/home/user/.m2/repository/commons-codec/commons-codec/1.11/commons-codec-1.11.jar:/home/user/.m2/repository/commons-net/commons-net/3.6/commons-net-3.6.jar:/home/user/.m2/repository/commons-collections/commons-collections/3.2.2/commons-collections-3.2.2.jar:/home/user/.m2/repository/org/eclipse/jetty/jetty-servlet/9.3.25.v20180904/jetty-servlet-9.3.25.v20180904.jar:/home/user/.m2/repository/org/eclipse/jetty/jetty-security/9.3.25.v20180904/jetty-security-9.3.25.v20180904.jar:/home/user/.m2/repository/javax/servlet/jsp/jsp-api/2.1/jsp-api-2.1.jar:/home/user/.m2/repository/com/sun/jersey/jersey-servlet/1.19/jersey-servlet-1.19.jar:/home/user/.m2/repository/com/sun/jersey/jersey-json/1.19/jersey-json-1.19.jar:/home/user/.m2/repository/org/codehaus/jettison/jettison/1.1/jettison-1.1.jar:/home/user/.m2/repository/org/codehaus/jackson/jackson-core-asl/1.9.13/jackson-core-asl-1.9.13.jar:/home/user/.m2/repository/org/codehaus/jackson/jackson-mapper-asl/1.9.13/jackson-mapper-asl-1.9.13.jar:/home/user/.m2/repository/org/codehaus/jackson/jackson-jaxrs/1.9.13/jackson-jaxrs-1.9.13.jar:/home/user/.m2/repository/org/codehaus/jackson/jackson-xc/1.9.13/jackson-xc-1.9.13.jar:/home/user/.m2/repository/commons-logging/commons-logging/1.1.3/commons-logging-1.1.3.jar:/home/user/.m2/repository/commons-beanutils/commons-beanutils/1.9.4/commons-beanutils-1.9.4.jar:/home/user/.m2/repository/org/apache/commons/commons-configuration2/2.1.1/commons-configuration2-2.1.1.jar:/home/user/.m2/repository/org/apache/commons/commons-lang3/3.7/commons-lang3-3.7.jar:/home/user/.m2/repository/org/apache/commons/commons-text/1.4/commons-text-1.4.jar:/home/user/.m2/repository/org/apache/avro/avro/1.7.7/avro-1.7.7.jar:/home/user/.m2/repository/com/thoughtworks/paranamer/paranamer/2.3/paranamer-2.3.jar:/home/user/.m2/repository/org/xerial/snappy/snappy-java/1.0.5/snappy-java-1.0.5.jar:/home/user/.m2/repository/com/google/re2j/re2j/1.1/re2j-1.1.jar:/home/user/.m2/repository/com/google/code/gson/gson/2.2.4/gson-2.2.4.jar:/home/user/.m2/repository/com/jcraft/jsch/0.1.54/jsch-0.1.54.jar:/home/user/.m2/repository/org/apache/curator/curator-client/2.12.0/curator-client-2.12.0.jar:/home/user/.m2/repository/org/apache/curator/curator-recipes/2.12.0/curator-recipes-2.12.0.jar:/home/user/.m2/repository/com/google/code/findbugs/jsr305/3.0.0/jsr305-3.0.0.jar:/home/user/.m2/repository/org/apache/htrace/htrace-core4/4.1.0-incubating/htrace-core4-4.1.0-incubating.jar:/home/user/.m2/repository/org/apache/zookeeper/zookeeper/3.4.13/zookeeper-3.4.13.jar:/home/user/.m2/repository/jline/jline/0.9.94/jline-0.9.94.jar:/home/user/.m2/repository/org/apache/yetus/audience-annotations/0.5.0/audience-annotations-0.5.0.jar:/home/user/.m2/repository/org/codehaus/woodstox/stax2-api/3.1.4/stax2-api-3.1.4.jar:/home/user/.m2/repository/com/fasterxml/woodstox/woodstox-core/5.0.3/woodstox-core-5.0.3.jar:/home/user/.m2/repository/dnsjava/dnsjava/2.1.7/dnsjava-2.1.7.jar:/home/user/.m2/repository/org/apache/hadoop/hadoop-hdfs/3.2.0/hadoop-hdfs-3.2.0-tests.jar:/home/user/.m2/repository/org/eclipse/jetty/jetty-util-ajax/9.3.25.v20180904/jetty-util-ajax-9.3.25.v20180904.jar:/home/user/.m2/repository/commons-daemon/commons-daemon/1.0.13/commons-daemon-1.0.13.jar:/home/user/.m2/repository/io/netty/netty/3.10.5.Final/netty-3.10.5.Final.jar:/home/user/.m2/repository/io/netty/netty-all/4.0.52.Final/netty-all-4.0.52.Final.jar:/home/user/.m2/repository/org/fusesource/leveldbjni/leveldbjni-all/1.8/leveldbjni-all-1.8.jar:"/>
    <property name="java.vm.vendor" value="Oracle Corporation"/>
    <property name="sun.arch.data.model" value="64"/>
    <property name="test.build.dir" value="/workdir/hadoop-ozone/integration-test/target/test-dir"/>
    <property name="test.cache.data" value=""/>
    <property name="java.vendor.url" value="http://java.oracle.com/"/>
    <property name="user.timezone" value=""/>
    <property name="java.vm.specification.version" value="1.8"/>
    <property name="os.name" value="Linux"/>
    <property name="test.build.data" value="/workdir/hadoop-ozone/integration-test/target/test-dir"/>
    <property name="user.country" value="US"/>
    <property name="sun.java.launcher" value="SUN_STANDARD"/>
    <property name="sun.boot.library.path" value="/usr/lib/jvm/java-1.8.0-openjdk-1.8.0.222.b10-1.el7_7.x86_64/jre/lib/amd64"/>
    <property name="sun.java.command" value="/workdir/hadoop-ozone/integration-test/target/surefire/surefirebooter4328433576416593011.jar /workdir/hadoop-ozone/integration-test/target/surefire 2019-11-04T15-53-34_402-jvmRun1 surefire3020402128247522481tmp surefire_358166587857134851031tmp"/>
    <property name="surefire.test.class.path" value="/workdir/hadoop-ozone/integration-test/target/test-classes:/workdir/hadoop-ozone/integration-test/target/classes:/home/user/.m2/repository/org/apache/hadoop/hadoop-ozone-common/0.5.0-SNAPSHOT/hadoop-ozone-common-0.5.0-SNAPSHOT.jar:/home/user/.m2/repository/org/apache/commons/commons-compress/1.4.1/commons-compress-1.4.1.jar:/home/user/.m2/repository/org/tukaani/xz/1.0/xz-1.0.jar:/home/user/.m2/repository/org/apache/hadoop/hadoop-common/3.2.0/hadoop-common-3.2.0.jar:/home/user/.m2/repository/org/apache/hadoop/hadoop-hdfs/3.2.0/hadoop-hdfs-3.2.0.jar:/home/user/.m2/repository/org/apache/hadoop/hadoop-hdfs-client/3.2.0/hadoop-hdfs-client-3.2.0.jar:/home/user/.m2/repository/com/fasterxml/jackson/core/jackson-annotations/2.9.9/jackson-annotations-2.9.9.jar:/home/user/.m2/repository/org/apache/hadoop/hadoop-hdds-common/0.5.0-SNAPSHOT/hadoop-hdds-common-0.5.0-SNAPSHOT.jar:/home/user/.m2/repository/javax/annotation/javax.annotation-api/1.2/javax.annotation-api-1.2.jar:/home/user/.m2/repository/org/apache/ratis/ratis-server/0.5.0-3f446aa-SNAPSHOT/ratis-server-0.5.0-3f446aa-SNAPSHOT.jar:/home/user/.m2/repository/org/apache/ratis/ratis-thirdparty-misc/0.2.0/ratis-thirdparty-misc-0.2.0.jar:/home/user/.m2/repository/org/apache/ratis/ratis-proto/0.5.0-3f446aa-SNAPSHOT/ratis-proto-0.5.0-3f446aa-SNAPSHOT.jar:/home/user/.m2/repository/org/apache/ratis/ratis-common/0.5.0-3f446aa-SNAPSHOT/ratis-common-0.5.0-3f446aa-SNAPSHOT.jar:/home/user/.m2/repository/org/apache/ratis/ratis-client/0.5.0-3f446aa-SNAPSHOT/ratis-client-0.5.0-3f446aa-SNAPSHOT.jar:/home/user/.m2/repository/org/apache/ratis/ratis-metrics/0.5.0-3f446aa-SNAPSHOT/ratis-metrics-0.5.0-3f446aa-SNAPSHOT.jar:/home/user/.m2/repository/com/github/joshelser/dropwizard-metrics-hadoop-metrics2-reporter/0.1.2/dropwizard-metrics-hadoop-metrics2-reporter-0.1.2.jar:/home/user/.m2/repository/io/dropwizard/metrics/metrics-jvm/3.2.5/metrics-jvm-3.2.5.jar:/home/user/.m2/repository/io/dropwizard/metrics/metrics-ganglia/3.2.5/metrics-ganglia-3.2.5.jar:/home/user/.m2/repository/info/ganglia/gmetric4j/gmetric4j/1.0.7/gmetric4j-1.0.7.jar:/home/user/.m2/repository/org/apache/ratis/ratis-netty/0.5.0-3f446aa-SNAPSHOT/ratis-netty-0.5.0-3f446aa-SNAPSHOT.jar:/home/user/.m2/repository/org/apache/ratis/ratis-grpc/0.5.0-3f446aa-SNAPSHOT/ratis-grpc-0.5.0-3f446aa-SNAPSHOT.jar:/home/user/.m2/repository/org/rocksdb/rocksdbjni/6.0.1/rocksdbjni-6.0.1.jar:/home/user/.m2/repository/org/apache/logging/log4j/log4j-api/2.11.0/log4j-api-2.11.0.jar:/home/user/.m2/repository/org/apache/logging/log4j/log4j-core/2.11.0/log4j-core-2.11.0.jar:/home/user/.m2/repository/com/lmax/disruptor/3.4.2/disruptor-3.4.2.jar:/home/user/.m2/repository/org/apache/commons/commons-pool2/2.6.0/commons-pool2-2.6.0.jar:/home/user/.m2/repository/org/bouncycastle/bcpkix-jdk15on/1.60/bcpkix-jdk15on-1.60.jar:/home/user/.m2/repository/commons-validator/commons-validator/1.6/commons-validator-1.6.jar:/home/user/.m2/repository/commons-digester/commons-digester/1.8.1/commons-digester-1.8.1.jar:/home/user/.m2/repository/io/jaegertracing/jaeger-client/0.34.0/jaeger-client-0.34.0.jar:/home/user/.m2/repository/io/jaegertracing/jaeger-thrift/0.34.0/jaeger-thrift-0.34.0.jar:/home/user/.m2/repository/org/apache/thrift/libthrift/0.12.0/libthrift-0.12.0.jar:/home/user/.m2/repository/com/squareup/okhttp3/okhttp/3.9.0/okhttp-3.9.0.jar:/home/user/.m2/repository/com/squareup/okio/okio/1.13.0/okio-1.13.0.jar:/home/user/.m2/repository/io/jaegertracing/jaeger-core/0.34.0/jaeger-core-0.34.0.jar:/home/user/.m2/repository/io/jaegertracing/jaeger-tracerresolver/0.34.0/jaeger-tracerresolver-0.34.0.jar:/home/user/.m2/repository/io/opentracing/contrib/opentracing-tracerresolver/0.1.5/opentracing-tracerresolver-0.1.5.jar:/home/user/.m2/repository/io/opentracing/opentracing-util/0.31.0/opentracing-util-0.31.0.jar:/home/user/.m2/repository/io/opentracing/opentracing-api/0.31.0/opentracing-api-0.31.0.jar:/home/user/.m2/repository/io/opentracing/opentracing-noop/0.31.0/opentracing-noop-0.31.0.jar:/home/user/.m2/repository/org/apache/hadoop/hadoop-hdds-server-framework/0.5.0-SNAPSHOT/hadoop-hdds-server-framework-0.5.0-SNAPSHOT.jar:/home/user/.m2/repository/org/apache/hadoop/hadoop-hdds-container-service/0.5.0-SNAPSHOT/hadoop-hdds-container-service-0.5.0-SNAPSHOT.jar:/home/user/.m2/repository/org/apache/hadoop/hadoop-hdds-client/0.5.0-SNAPSHOT/hadoop-hdds-client-0.5.0-SNAPSHOT.jar:/home/user/.m2/repository/org/apache/hadoop/hadoop-hdds-tools/0.5.0-SNAPSHOT/hadoop-hdds-tools-0.5.0-SNAPSHOT.jar:/home/user/.m2/repository/org/apache/hadoop/hadoop-hdds-server-scm/0.5.0-SNAPSHOT/hadoop-hdds-server-scm-0.5.0-SNAPSHOT.jar:/home/user/.m2/repository/org/apache/hadoop/hadoop-hdds-docs/0.5.0-SNAPSHOT/hadoop-hdds-docs-0.5.0-SNAPSHOT.jar:/home/user/.m2/repository/io/dropwizard/metrics/metrics-core/3.2.4/metrics-core-3.2.4.jar:/home/user/.m2/repository/org/hamcrest/hamcrest-all/1.3/hamcrest-all-1.3.jar:/home/user/.m2/repository/org/bouncycastle/bcprov-jdk15on/1.60/bcprov-jdk15on-1.60.jar:/home/user/.m2/repository/info/picocli/picocli/3.9.6/picocli-3.9.6.jar:/home/user/.m2/repository/com/google/protobuf/protobuf-java/2.5.0/protobuf-java-2.5.0.jar:/home/user/.m2/repository/com/google/guava/guava/11.0.2/guava-11.0.2.jar:/home/user/.m2/repository/org/apache/hadoop/hadoop-ozone-ozone-manager/0.5.0-SNAPSHOT/hadoop-ozone-ozone-manager-0.5.0-SNAPSHOT.jar:/home/user/.m2/repository/org/apache/hadoop/hadoop-minikdc/3.2.0/hadoop-minikdc-3.2.0.jar:/home/user/.m2/repository/commons-io/commons-io/2.5/commons-io-2.5.jar:/home/user/.m2/repository/org/apache/kerby/kerb-simplekdc/1.0.1/kerb-simplekdc-1.0.1.jar:/home/user/.m2/repository/org/apache/kerby/kerb-client/1.0.1/kerb-client-1.0.1.jar:/home/user/.m2/repository/org/apache/kerby/kerby-config/1.0.1/kerby-config-1.0.1.jar:/home/user/.m2/repository/org/apache/kerby/kerb-core/1.0.1/kerb-core-1.0.1.jar:/home/user/.m2/repository/org/apache/kerby/kerby-pkix/1.0.1/kerby-pkix-1.0.1.jar:/home/user/.m2/repository/org/apache/kerby/kerby-asn1/1.0.1/kerby-asn1-1.0.1.jar:/home/user/.m2/repository/org/apache/kerby/kerby-util/1.0.1/kerby-util-1.0.1.jar:/home/user/.m2/repository/org/apache/kerby/kerb-common/1.0.1/kerb-common-1.0.1.jar:/home/user/.m2/repository/org/apache/kerby/kerb-crypto/1.0.1/kerb-crypto-1.0.1.jar:/home/user/.m2/repository/org/apache/kerby/kerb-util/1.0.1/kerb-util-1.0.1.jar:/home/user/.m2/repository/org/apache/kerby/token-provider/1.0.1/token-provider-1.0.1.jar:/home/user/.m2/repository/org/apache/kerby/kerb-admin/1.0.1/kerb-admin-1.0.1.jar:/home/user/.m2/repository/org/apache/kerby/kerb-server/1.0.1/kerb-server-1.0.1.jar:/home/user/.m2/repository/org/apache/kerby/kerb-identity/1.0.1/kerb-identity-1.0.1.jar:/home/user/.m2/repository/org/apache/kerby/kerby-xdr/1.0.1/kerby-xdr-1.0.1.jar:/home/user/.m2/repository/org/slf4j/slf4j-log4j12/1.7.25/slf4j-log4j12-1.7.25.jar:/home/user/.m2/repository/org/apache/hadoop/hadoop-ozone-s3gateway/0.5.0-SNAPSHOT/hadoop-ozone-s3gateway-0.5.0-SNAPSHOT.jar:/home/user/.m2/repository/org/jboss/weld/servlet/weld-servlet/2.4.7.Final/weld-servlet-2.4.7.Final.jar:/home/user/.m2/repository/org/glassfish/jersey/containers/jersey-container-servlet-core/2.27/jersey-container-servlet-core-2.27.jar:/home/user/.m2/repository/org/glassfish/hk2/external/javax.inject/2.5.0-b42/javax.inject-2.5.0-b42.jar:/home/user/.m2/repository/org/glassfish/jersey/core/jersey-common/2.27/jersey-common-2.27.jar:/home/user/.m2/repository/org/glassfish/hk2/osgi-resource-locator/1.0.1/osgi-resource-locator-1.0.1.jar:/home/user/.m2/repository/javax/ws/rs/javax.ws.rs-api/2.1/javax.ws.rs-api-2.1.jar:/home/user/.m2/repository/org/glassfish/jersey/ext/cdi/jersey-cdi1x/2.27/jersey-cdi1x-2.27.jar:/home/user/.m2/repository/org/glassfish/jersey/inject/jersey-hk2/2.27/jersey-hk2-2.27.jar:/home/user/.m2/repository/org/glassfish/hk2/hk2-locator/2.5.0-b42/hk2-locator-2.5.0-b42.jar:/home/user/.m2/repository/org/javassist/javassist/3.22.0-CR2/javassist-3.22.0-CR2.jar:/home/user/.m2/repository/org/glassfish/hk2/hk2-api/2.5.0/hk2-api-2.5.0.jar:/home/user/.m2/repository/org/glassfish/hk2/external/jakarta.inject/2.5.0/jakarta.inject-2.5.0.jar:/home/user/.m2/repository/org/glassfish/hk2/hk2-utils/2.5.0/hk2-utils-2.5.0.jar:/home/user/.m2/repository/jakarta/annotation/jakarta.annotation-api/1.3.4/jakarta.annotation-api-1.3.4.jar:/home/user/.m2/repository/org/glassfish/hk2/external/aopalliance-repackaged/2.5.0/aopalliance-repackaged-2.5.0.jar:/home/user/.m2/repository/com/fasterxml/jackson/dataformat/jackson-dataformat-xml/2.9.0/jackson-dataformat-xml-2.9.0.jar:/home/user/.m2/repository/com/fasterxml/jackson/core/jackson-core/2.9.9/jackson-core-2.9.9.jar:/home/user/.m2/repository/com/fasterxml/jackson/module/jackson-module-jaxb-annotations/2.9.9/jackson-module-jaxb-annotations-2.9.9.jar:/home/user/.m2/repository/javax/enterprise/cdi-api/1.2/cdi-api-1.2.jar:/home/user/.m2/repository/javax/el/javax.el-api/3.0.0/javax.el-api-3.0.0.jar:/home/user/.m2/repository/javax/interceptor/javax.interceptor-api/1.2/javax.interceptor-api-1.2.jar:/home/user/.m2/repository/javax/inject/javax.inject/1/javax.inject-1.jar:/home/user/.m2/repository/com/sun/xml/bind/jaxb-impl/2.3.0.1/jaxb-impl-2.3.0.1.jar:/home/user/.m2/repository/com/sun/xml/bind/jaxb-core/2.3.0.1/jaxb-core-2.3.0.1.jar:/home/user/.m2/repository/javax/xml/bind/jaxb-api/2.3.0/jaxb-api-2.3.0.jar:/home/user/.m2/repository/javax/activation/activation/1.1.1/activation-1.1.1.jar:/home/user/.m2/repository/org/apache/hadoop/hadoop-ozone-csi/0.5.0-SNAPSHOT/hadoop-ozone-csi-0.5.0-SNAPSHOT.jar:/home/user/.m2/repository/com/google/protobuf/protobuf-java-util/3.5.1/protobuf-java-util-3.5.1.jar:/home/user/.m2/repository/org/apache/hadoop/hadoop-hdds-config/0.5.0-SNAPSHOT/hadoop-hdds-config-0.5.0-SNAPSHOT.jar:/home/user/.m2/repository/io/grpc/grpc-netty/1.17.1/grpc-netty-1.17.1.jar:/home/user/.m2/repository/io/grpc/grpc-core/1.17.1/grpc-core-1.17.1.jar:/home/user/.m2/repository/io/grpc/grpc-context/1.17.1/grpc-context-1.17.1.jar:/home/user/.m2/repository/com/google/errorprone/error_prone_annotations/2.2.0/error_prone_annotations-2.2.0.jar:/home/user/.m2/repository/org/codehaus/mojo/animal-sniffer-annotations/1.17/animal-sniffer-annotations-1.17.jar:/home/user/.m2/repository/io/opencensus/opencensus-api/0.17.0/opencensus-api-0.17.0.jar:/home/user/.m2/repository/io/opencensus/opencensus-contrib-grpc-metrics/0.17.0/opencensus-contrib-grpc-metrics-0.17.0.jar:/home/user/.m2/repository/io/netty/netty-codec-http2/4.1.30.Final/netty-codec-http2-4.1.30.Final.jar:/home/user/.m2/repository/io/netty/netty-codec-http/4.1.30.Final/netty-codec-http-4.1.30.Final.jar:/home/user/.m2/repository/io/netty/netty-codec/4.1.30.Final/netty-codec-4.1.30.Final.jar:/home/user/.m2/repository/io/netty/netty-handler/4.1.30.Final/netty-handler-4.1.30.Final.jar:/home/user/.m2/repository/io/netty/netty-handler-proxy/4.1.30.Final/netty-handler-proxy-4.1.30.Final.jar:/home/user/.m2/repository/io/netty/netty-codec-socks/4.1.30.Final/netty-codec-socks-4.1.30.Final.jar:/home/user/.m2/repository/io/netty/netty-transport-native-epoll/4.1.30.Final/netty-transport-native-epoll-4.1.30.Final.jar:/home/user/.m2/repository/io/netty/netty-common/4.1.30.Final/netty-common-4.1.30.Final.jar:/home/user/.m2/repository/io/netty/netty-buffer/4.1.30.Final/netty-buffer-4.1.30.Final.jar:/home/user/.m2/repository/io/netty/netty-transport/4.1.30.Final/netty-transport-4.1.30.Final.jar:/home/user/.m2/repository/io/netty/netty-resolver/4.1.30.Final/netty-resolver-4.1.30.Final.jar:/home/user/.m2/repository/io/netty/netty-transport-native-unix-common/4.1.30.Final/netty-transport-native-unix-common-4.1.30.Final.jar:/home/user/.m2/repository/io/grpc/grpc-protobuf/1.17.1/grpc-protobuf-1.17.1.jar:/home/user/.m2/repository/com/google/api/grpc/proto-google-common-protos/1.0.0/proto-google-common-protos-1.0.0.jar:/home/user/.m2/repository/io/grpc/grpc-protobuf-lite/1.17.1/grpc-protobuf-lite-1.17.1.jar:/home/user/.m2/repository/io/grpc/grpc-stub/1.17.1/grpc-stub-1.17.1.jar:/home/user/.m2/repository/org/apache/hadoop/hadoop-ozone-recon/0.5.0-SNAPSHOT/hadoop-ozone-recon-0.5.0-SNAPSHOT.jar:/home/user/.m2/repository/org/apache/hadoop/hadoop-ozone-reconcodegen/0.5.0-SNAPSHOT/hadoop-ozone-reconcodegen-0.5.0-SNAPSHOT.jar:/home/user/.m2/repository/com/google/inject/extensions/guice-multibindings/4.0/guice-multibindings-4.0.jar:/home/user/.m2/repository/com/google/inject/guice/4.0/guice-4.0.jar:/home/user/.m2/repository/aopalliance/aopalliance/1.0/aopalliance-1.0.jar:/home/user/.m2/repository/com/google/inject/extensions/guice-servlet/4.0/guice-servlet-4.0.jar:/home/user/.m2/repository/org/glassfish/jersey/containers/jersey-container-servlet/2.27/jersey-container-servlet-2.27.jar:/home/user/.m2/repository/org/glassfish/hk2/guice-bridge/2.5.0/guice-bridge-2.5.0.jar:/home/user/.m2/repository/org/glassfish/jersey/core/jersey-server/2.27/jersey-server-2.27.jar:/home/user/.m2/repository/org/glassfish/jersey/core/jersey-client/2.27/jersey-client-2.27.jar:/home/user/.m2/repository/org/glassfish/jersey/media/jersey-media-jaxb/2.27/jersey-media-jaxb-2.27.jar:/home/user/.m2/repository/javax/validation/validation-api/1.1.0.Final/validation-api-1.1.0.Final.jar:/home/user/.m2/repository/org/glassfish/jersey/media/jersey-media-json-jackson/2.27/jersey-media-json-jackson-2.27.jar:/home/user/.m2/repository/org/glassfish/jersey/ext/jersey-entity-filtering/2.27/jersey-entity-filtering-2.27.jar:/home/user/.m2/repository/com/google/inject/extensions/guice-assistedinject/4.0/guice-assistedinject-4.0.jar:/home/user/.m2/repository/org/jooq/jooq/3.11.10/jooq-3.11.10.jar:/home/user/.m2/repository/org/jooq/jooq-meta/3.11.10/jooq-meta-3.11.10.jar:/home/user/.m2/repository/org/jooq/jooq-codegen/3.11.10/jooq-codegen-3.11.10.jar:/home/user/.m2/repository/com/jolbox/bonecp/0.8.0.RELEASE/bonecp-0.8.0.RELEASE.jar:/home/user/.m2/repository/org/xerial/sqlite-jdbc/3.25.2/sqlite-jdbc-3.25.2.jar:/home/user/.m2/repository/org/springframework/spring-jdbc/5.1.3.RELEASE/spring-jdbc-5.1.3.RELEASE.jar:/home/user/.m2/repository/org/springframework/spring-beans/5.1.3.RELEASE/spring-beans-5.1.3.RELEASE.jar:/home/user/.m2/repository/org/springframework/spring-core/5.1.3.RELEASE/spring-core-5.1.3.RELEASE.jar:/home/user/.m2/repository/org/springframework/spring-jcl/5.1.3.RELEASE/spring-jcl-5.1.3.RELEASE.jar:/home/user/.m2/repository/org/springframework/spring-tx/5.1.3.RELEASE/spring-tx-5.1.3.RELEASE.jar:/home/user/.m2/repository/org/apache/hadoop/hadoop-ozone-client/0.5.0-SNAPSHOT/hadoop-ozone-client-0.5.0-SNAPSHOT.jar:/home/user/.m2/repository/commons-lang/commons-lang/2.6/commons-lang-2.6.jar:/home/user/.m2/repository/org/apache/hadoop/hadoop-ozone-ozone-manager/0.5.0-SNAPSHOT/hadoop-ozone-ozone-manager-0.5.0-SNAPSHOT-tests.jar:/home/user/.m2/repository/junit/junit/4.11/junit-4.11.jar:/home/user/.m2/repository/org/hamcrest/hamcrest-core/1.3/hamcrest-core-1.3.jar:/home/user/.m2/repository/org/openjdk/jmh/jmh-core/1.19/jmh-core-1.19.jar:/home/user/.m2/repository/net/sf/jopt-simple/jopt-simple/4.6/jopt-simple-4.6.jar:/home/user/.m2/repository/org/apache/commons/commons-math3/3.1.1/commons-math3-3.1.1.jar:/home/user/.m2/repository/org/openjdk/jmh/jmh-generator-annprocess/1.19/jmh-generator-annprocess-1.19.jar:/home/user/.m2/repository/org/mockito/mockito-all/1.8.5/mockito-all-1.8.5.jar:/home/user/.m2/repository/org/apache/hadoop/hadoop-kms/3.2.0/hadoop-kms-3.2.0.jar:/home/user/.m2/repository/org/apache/hadoop/hadoop-auth/3.2.0/hadoop-auth-3.2.0.jar:/home/user/.m2/repository/com/nimbusds/nimbus-jose-jwt/4.41.1/nimbus-jose-jwt-4.41.1.jar:/home/user/.m2/repository/com/github/stephenc/jcip/jcip-annotations/1.0-1/jcip-annotations-1.0-1.jar:/home/user/.m2/repository/net/minidev/json-smart/2.3/json-smart-2.3.jar:/home/user/.m2/repository/net/minidev/accessors-smart/1.2/accessors-smart-1.2.jar:/home/user/.m2/repository/org/ow2/asm/asm/5.0.4/asm-5.0.4.jar:/home/user/.m2/repository/org/apache/curator/curator-framework/2.12.0/curator-framework-2.12.0.jar:/home/user/.m2/repository/com/sun/jersey/jersey-core/1.19/jersey-core-1.19.jar:/home/user/.m2/repository/javax/ws/rs/jsr311-api/1.1.1/jsr311-api-1.1.1.jar:/home/user/.m2/repository/com/sun/jersey/jersey-server/1.19/jersey-server-1.19.jar:/home/user/.m2/repository/javax/servlet/javax.servlet-api/3.1.0/javax.servlet-api-3.1.0.jar:/home/user/.m2/repository/org/eclipse/jetty/jetty-server/9.3.25.v20180904/jetty-server-9.3.25.v20180904.jar:/home/user/.m2/repository/org/eclipse/jetty/jetty-http/9.3.25.v20180904/jetty-http-9.3.25.v20180904.jar:/home/user/.m2/repository/org/eclipse/jetty/jetty-io/9.3.25.v20180904/jetty-io-9.3.25.v20180904.jar:/home/user/.m2/repository/org/eclipse/jetty/jetty-webapp/9.3.25.v20180904/jetty-webapp-9.3.25.v20180904.jar:/home/user/.m2/repository/org/eclipse/jetty/jetty-xml/9.3.25.v20180904/jetty-xml-9.3.25.v20180904.jar:/home/user/.m2/repository/log4j/log4j/1.2.17/log4j-1.2.17.jar:/home/user/.m2/repository/org/slf4j/slf4j-api/1.7.25/slf4j-api-1.7.25.jar:/home/user/.m2/repository/org/slf4j/jul-to-slf4j/1.7.25/jul-to-slf4j-1.7.25.jar:/home/user/.m2/repository/org/eclipse/jetty/jetty-util/9.3.25.v20180904/jetty-util-9.3.25.v20180904.jar:/home/user/.m2/repository/com/fasterxml/jackson/core/jackson-databind/2.9.9/jackson-databind-2.9.9.jar:/home/user/.m2/repository/org/apache/hadoop/hadoop-kms/3.2.0/hadoop-kms-3.2.0-tests.jar:/home/user/.m2/repository/org/apache/hadoop/hadoop-hdds-server-scm/0.5.0-SNAPSHOT/hadoop-hdds-server-scm-0.5.0-SNAPSHOT-tests.jar:/home/user/.m2/repository/org/apache/hadoop/hadoop-hdds-container-service/0.5.0-SNAPSHOT/hadoop-hdds-container-service-0.5.0-SNAPSHOT-tests.jar:/home/user/.m2/repository/org/yaml/snakeyaml/1.16/snakeyaml-1.16.jar:/home/user/.m2/repository/org/apache/hadoop/hadoop-common/3.2.0/hadoop-common-3.2.0-tests.jar:/home/user/.m2/repository/org/apache/hadoop/hadoop-annotations/3.2.0/hadoop-annotations-3.2.0.jar:/usr/lib/jvm/java-1.8.0-openjdk-1.8.0.222.b10-1.el7_7.x86_64/jre/../lib/tools.jar:/home/user/.m2/repository/commons-cli/commons-cli/1.2/commons-cli-1.2.jar:/home/user/.m2/repository/org/apache/httpcomponents/httpclient/4.5.2/httpclient-4.5.2.jar:/home/user/.m2/repository/org/apache/httpcomponents/httpcore/4.4.4/httpcore-4.4.4.jar:/home/user/.m2/repository/commons-codec/commons-codec/1.11/commons-codec-1.11.jar:/home/user/.m2/repository/commons-net/commons-net/3.6/commons-net-3.6.jar:/home/user/.m2/repository/commons-collections/commons-collections/3.2.2/commons-collections-3.2.2.jar:/home/user/.m2/repository/org/eclipse/jetty/jetty-servlet/9.3.25.v20180904/jetty-servlet-9.3.25.v20180904.jar:/home/user/.m2/repository/org/eclipse/jetty/jetty-security/9.3.25.v20180904/jetty-security-9.3.25.v20180904.jar:/home/user/.m2/repository/javax/servlet/jsp/jsp-api/2.1/jsp-api-2.1.jar:/home/user/.m2/repository/com/sun/jersey/jersey-servlet/1.19/jersey-servlet-1.19.jar:/home/user/.m2/repository/com/sun/jersey/jersey-json/1.19/jersey-json-1.19.jar:/home/user/.m2/repository/org/codehaus/jettison/jettison/1.1/jettison-1.1.jar:/home/user/.m2/repository/org/codehaus/jackson/jackson-core-asl/1.9.13/jackson-core-asl-1.9.13.jar:/home/user/.m2/repository/org/codehaus/jackson/jackson-mapper-asl/1.9.13/jackson-mapper-asl-1.9.13.jar:/home/user/.m2/repository/org/codehaus/jackson/jackson-jaxrs/1.9.13/jackson-jaxrs-1.9.13.jar:/home/user/.m2/repository/org/codehaus/jackson/jackson-xc/1.9.13/jackson-xc-1.9.13.jar:/home/user/.m2/repository/commons-logging/commons-logging/1.1.3/commons-logging-1.1.3.jar:/home/user/.m2/repository/commons-beanutils/commons-beanutils/1.9.4/commons-beanutils-1.9.4.jar:/home/user/.m2/repository/org/apache/commons/commons-configuration2/2.1.1/commons-configuration2-2.1.1.jar:/home/user/.m2/repository/org/apache/commons/commons-lang3/3.7/commons-lang3-3.7.jar:/home/user/.m2/repository/org/apache/commons/commons-text/1.4/commons-text-1.4.jar:/home/user/.m2/repository/org/apache/avro/avro/1.7.7/avro-1.7.7.jar:/home/user/.m2/repository/com/thoughtworks/paranamer/paranamer/2.3/paranamer-2.3.jar:/home/user/.m2/repository/org/xerial/snappy/snappy-java/1.0.5/snappy-java-1.0.5.jar:/home/user/.m2/repository/com/google/re2j/re2j/1.1/re2j-1.1.jar:/home/user/.m2/repository/com/google/code/gson/gson/2.2.4/gson-2.2.4.jar:/home/user/.m2/repository/com/jcraft/jsch/0.1.54/jsch-0.1.54.jar:/home/user/.m2/repository/org/apache/curator/curator-client/2.12.0/curator-client-2.12.0.jar:/home/user/.m2/repository/org/apache/curator/curator-recipes/2.12.0/curator-recipes-2.12.0.jar:/home/user/.m2/repository/com/google/code/findbugs/jsr305/3.0.0/jsr305-3.0.0.jar:/home/user/.m2/repository/org/apache/htrace/htrace-core4/4.1.0-incubating/htrace-core4-4.1.0-incubating.jar:/home/user/.m2/repository/org/apache/zookeeper/zookeeper/3.4.13/zookeeper-3.4.13.jar:/home/user/.m2/repository/jline/jline/0.9.94/jline-0.9.94.jar:/home/user/.m2/repository/org/apache/yetus/audience-annotations/0.5.0/audience-annotations-0.5.0.jar:/home/user/.m2/repository/org/codehaus/woodstox/stax2-api/3.1.4/stax2-api-3.1.4.jar:/home/user/.m2/repository/com/fasterxml/woodstox/woodstox-core/5.0.3/woodstox-core-5.0.3.jar:/home/user/.m2/repository/dnsjava/dnsjava/2.1.7/dnsjava-2.1.7.jar:/home/user/.m2/repository/org/apache/hadoop/hadoop-hdfs/3.2.0/hadoop-hdfs-3.2.0-tests.jar:/home/user/.m2/repository/org/eclipse/jetty/jetty-util-ajax/9.3.25.v20180904/jetty-util-ajax-9.3.25.v20180904.jar:/home/user/.m2/repository/commons-daemon/commons-daemon/1.0.13/commons-daemon-1.0.13.jar:/home/user/.m2/repository/io/netty/netty/3.10.5.Final/netty-3.10.5.Final.jar:/home/user/.m2/repository/io/netty/netty-all/4.0.52.Final/netty-all-4.0.52.Final.jar:/home/user/.m2/repository/org/fusesource/leveldbjni/leveldbjni-all/1.8/leveldbjni-all-1.8.jar:"/>
    <property name="sun.cpu.endian" value="little"/>
    <property name="user.home" value="/home/user"/>
    <property name="user.language" value="en"/>
    <property name="java.specification.vendor" value="Oracle Corporation"/>
    <property name="java.home" value="/usr/lib/jvm/java-1.8.0-openjdk-1.8.0.222.b10-1.el7_7.x86_64/jre"/>
    <property name="surefire.excludesFile" value="/tools/ozone-bad-unit-tests"/>
    <property name="java.security.krb5.conf" value="/workdir/hadoop-ozone/integration-test/target/test-classes/krb5.conf"/>
    <property name="basedir" value="/workdir/hadoop-ozone/integration-test"/>
    <property name="file.separator" value="/"/>
    <property name="line.separator" value="&#10;"/>
    <property name="java.vm.specification.vendor" value="Oracle Corporation"/>
    <property name="java.specification.name" value="Java Platform API Specification"/>
    <property name="java.awt.graphicsenv" value="sun.awt.X11GraphicsEnvironment"/>
    <property name="surefire.real.class.path" value="/workdir/hadoop-ozone/integration-test/target/surefire/surefirebooter4328433576416593011.jar"/>
    <property name="hadoop.log.dir" value="/workdir/hadoop-ozone/integration-test/target/log"/>
    <property name="sun.boot.class.path" value="/usr/lib/jvm/java-1.8.0-openjdk-1.8.0.222.b10-1.el7_7.x86_64/jre/lib/resources.jar:/usr/lib/jvm/java-1.8.0-openjdk-1.8.0.222.b10-1.el7_7.x86_64/jre/lib/rt.jar:/usr/lib/jvm/java-1.8.0-openjdk-1.8.0.222.b10-1.el7_7.x86_64/jre/lib/sunrsasign.jar:/usr/lib/jvm/java-1.8.0-openjdk-1.8.0.222.b10-1.el7_7.x86_64/jre/lib/jsse.jar:/usr/lib/jvm/java-1.8.0-openjdk-1.8.0.222.b10-1.el7_7.x86_64/jre/lib/jce.jar:/usr/lib/jvm/java-1.8.0-openjdk-1.8.0.222.b10-1.el7_7.x86_64/jre/lib/charsets.jar:/usr/lib/jvm/java-1.8.0-openjdk-1.8.0.222.b10-1.el7_7.x86_64/jre/lib/jfr.jar:/usr/lib/jvm/java-1.8.0-openjdk-1.8.0.222.b10-1.el7_7.x86_64/jre/classes"/>
    <property name="sun.management.compiler" value="HotSpot 64-Bit Tiered Compilers"/>
    <property name="java.runtime.version" value="1.8.0_222-b10"/>
    <property name="java.net.preferIPv4Stack" value="true"/>
    <property name="user.name" value="jenkins1000"/>
    <property name="path.separator" value=":"/>
    <property name="java.security.egd" value="file:///dev/urandom"/>
    <property name="os.version" value="3.10.0-957.12.2.el7.x86_64"/>
    <property name="java.endorsed.dirs" value="/usr/lib/jvm/java-1.8.0-openjdk-1.8.0.222.b10-1.el7_7.x86_64/jre/lib/endorsed"/>
    <property name="java.runtime.name" value="OpenJDK Runtime Environment"/>
    <property name="file.encoding" value="ANSI_X3.4-1968"/>
    <property name="java.vm.name" value="OpenJDK 64-Bit Server VM"/>
    <property name="test.build.webapps" value=""/>
    <property name="localRepository" value="/home/user/.m2/repository"/>
    <property name="java.vendor.url.bug" value="http://bugreport.sun.com/bugreport/"/>
    <property name="java.io.tmpdir" value="/tmp"/>
    <property name="require.test.libhadoop" value=""/>
    <property name="java.version" value="1.8.0_222"/>
    <property name="user.dir" value="/workdir/hadoop-ozone/integration-test"/>
    <property name="os.arch" value="amd64"/>
    <property name="java.vm.specification.name" value="Java Virtual Machine Specification"/>
    <property name="test.build.classes" value="/workdir/hadoop-ozone/integration-test/target/test-classes"/>
    <property name="java.awt.printerjob" value="sun.print.PSPrinterJob"/>
    <property name="sun.os.patch.level" value="unknown"/>
    <property name="hadoop.tmp.dir" value="/workdir/hadoop-ozone/integration-test/target/tmp"/>
    <property name="java.library.path" value="/usr/lib:/workdir/hadoop-ozone/integration-test/target/native/target/usr/local/lib:/workdir/hadoop-ozone/integration-test/../../hadoop-common-project/hadoop-common/target/native/target/usr/local/lib:/usr/java/packages/lib/amd64:/usr/lib64:/lib64:/lib:/usr/lib"/>
    <property name="java.vm.info" value="mixed mode"/>
    <property name="java.vendor" value="Oracle Corporation"/>
    <property name="java.vm.version" value="25.222-b10"/>
    <property name="java.ext.dirs" value="/usr/lib/jvm/java-1.8.0-openjdk-1.8.0.222.b10-1.el7_7.x86_64/jre/lib/ext:/usr/java/packages/lib/ext"/>
    <property name="sun.io.unicode.encoding" value="UnicodeLittle"/>
    <property name="java.class.version" value="52.0"/>
  </properties>
  <testcase name="testPipelineExclusionWithPipelineFailure" classname="org.apache.hadoop.ozone.client.rpc.TestFailureHandlingByClient" time="165.33"/>
  <testcase name="testContainerExclusionWithClosedContainerException" classname="org.apache.hadoop.ozone.client.rpc.TestFailureHandlingByClient" time="55.037">
    <error message="org.apache.hadoop.hdds.scm.exceptions.SCMException: Allocated 0 blocks. Requested 1 blocks&#10;	at org.apache.hadoop.hdds.scm.protocolPB.ScmBlockLocationProtocolClientSideTranslatorPB.handleError(ScmBlockLocationProtocolClientSideTranslatorPB.java:118)&#10;	at org.apache.hadoop.hdds.scm.protocolPB.ScmBlockLocationProtocolClientSideTranslatorPB.allocateBlock(ScmBlockLocationProtocolClientSideTranslatorPB.java:156)&#10;	at sun.reflect.NativeMethodAccessorImpl.invoke0(Native Method)&#10;	at sun.reflect.NativeMethodAccessorImpl.invoke(NativeMethodAccessorImpl.java:62)&#10;	at sun.reflect.DelegatingMethodAccessorImpl.invoke(DelegatingMethodAccessorImpl.java:43)&#10;	at java.lang.reflect.Method.invoke(Method.java:498)&#10;	at org.apache.hadoop.hdds.tracing.TraceAllMethod.invoke(TraceAllMethod.java:66)&#10;	at com.sun.proxy.$Proxy26.allocateBlock(Unknown Source)&#10;	at org.apache.hadoop.ozone.om.request.key.OMKeyRequest.allocateBlock(OMKeyRequest.java:129)&#10;	at org.apache.hadoop.ozone.om.request.key.OMKeyCreateRequest.preExecute(OMKeyCreateRequest.java:116)&#10;	at org.apache.hadoop.ozone.protocolPB.OzoneManagerProtocolServerSideTranslatorPB.submitRequestDirectlyToOM(OzoneManagerProtocolServerSideTranslatorPB.java:225)&#10;	at org.apache.hadoop.ozone.protocolPB.OzoneManagerProtocolServerSideTranslatorPB.processRequest(OzoneManagerProtocolServerSideTranslatorPB.java:134)&#10;	at org.apache.hadoop.hdds.server.OzoneProtocolMessageDispatcher.processRequest(OzoneProtocolMessageDispatcher.java:72)&#10;	at org.apache.hadoop.ozone.protocolPB.OzoneManagerProtocolServerSideTranslatorPB.submitRequest(OzoneManagerProtocolServerSideTranslatorPB.java:102)&#10;	at org.apache.hadoop.ozone.protocol.proto.OzoneManagerProtocolProtos$OzoneManagerService$2.callBlockingMethod(OzoneManagerProtocolProtos.java)&#10;	at org.apache.hadoop.ipc.ProtobufRpcEngine$Server$ProtoBufRpcInvoker.call(ProtobufRpcEngine.java:524)&#10;	at org.apache.hadoop.ipc.RPC$Server.call(RPC.java:1025)&#10;	at org.apache.hadoop.ipc.Server$RpcCall.run(Server.java:876)&#10;	at org.apache.hadoop.ipc.Server$RpcCall.run(Server.java:822)&#10;	at java.security.AccessController.doPrivileged(Native Method)&#10;	at javax.security.auth.Subject.doAs(Subject.java:422)&#10;	at org.apache.hadoop.security.UserGroupInformation.doAs(UserGroupInformation.java:1730)&#10;	at org.apache.hadoop.ipc.Server$Handler.run(Server.java:2682)&#10;" type="INTERNAL_ERROR org.apache.hadoop.ozone.om.exceptions.OMException">INTERNAL_ERROR org.apache.hadoop.ozone.om.exceptions.OMException: org.apache.hadoop.hdds.scm.exceptions.SCMException: Allocated 0 blocks. Requested 1 blocks
	at org.apache.hadoop.hdds.scm.protocolPB.ScmBlockLocationProtocolClientSideTranslatorPB.handleError(ScmBlockLocationProtocolClientSideTranslatorPB.java:118)
	at org.apache.hadoop.hdds.scm.protocolPB.ScmBlockLocationProtocolClientSideTranslatorPB.allocateBlock(ScmBlockLocationProtocolClientSideTranslatorPB.java:156)
	at sun.reflect.NativeMethodAccessorImpl.invoke0(Native Method)
	at sun.reflect.NativeMethodAccessorImpl.invoke(NativeMethodAccessorImpl.java:62)
	at sun.reflect.DelegatingMethodAccessorImpl.invoke(DelegatingMethodAccessorImpl.java:43)
	at java.lang.reflect.Method.invoke(Method.java:498)
	at org.apache.hadoop.hdds.tracing.TraceAllMethod.invoke(TraceAllMethod.java:66)
	at com.sun.proxy.$Proxy26.allocateBlock(Unknown Source)
	at org.apache.hadoop.ozone.om.request.key.OMKeyRequest.allocateBlock(OMKeyRequest.java:129)
	at org.apache.hadoop.ozone.om.request.key.OMKeyCreateRequest.preExecute(OMKeyCreateRequest.java:116)
	at org.apache.hadoop.ozone.protocolPB.OzoneManagerProtocolServerSideTranslatorPB.submitRequestDirectlyToOM(OzoneManagerProtocolServerSideTranslatorPB.java:225)
	at org.apache.hadoop.ozone.protocolPB.OzoneManagerProtocolServerSideTranslatorPB.processRequest(OzoneManagerProtocolServerSideTranslatorPB.java:134)
	at org.apache.hadoop.hdds.server.OzoneProtocolMessageDispatcher.processRequest(OzoneProtocolMessageDispatcher.java:72)
	at org.apache.hadoop.ozone.protocolPB.OzoneManagerProtocolServerSideTranslatorPB.submitRequest(OzoneManagerProtocolServerSideTranslatorPB.java:102)
	at org.apache.hadoop.ozone.protocol.proto.OzoneManagerProtocolProtos$OzoneManagerService$2.callBlockingMethod(OzoneManagerProtocolProtos.java)
	at org.apache.hadoop.ipc.ProtobufRpcEngine$Server$ProtoBufRpcInvoker.call(ProtobufRpcEngine.java:524)
	at org.apache.hadoop.ipc.RPC$Server.call(RPC.java:1025)
	at org.apache.hadoop.ipc.Server$RpcCall.run(Server.java:876)
	at org.apache.hadoop.ipc.Server$RpcCall.run(Server.java:822)
	at java.security.AccessController.doPrivileged(Native Method)
	at javax.security.auth.Subject.doAs(Subject.java:422)
	at org.apache.hadoop.security.UserGroupInformation.doAs(UserGroupInformation.java:1730)
	at org.apache.hadoop.ipc.Server$Handler.run(Server.java:2682)

	at org.apache.hadoop.ozone.om.protocolPB.OzoneManagerProtocolClientSideTranslatorPB.handleError(OzoneManagerProtocolClientSideTranslatorPB.java:732)
	at org.apache.hadoop.ozone.om.protocolPB.OzoneManagerProtocolClientSideTranslatorPB.openKey(OzoneManagerProtocolClientSideTranslatorPB.java:723)
	at sun.reflect.NativeMethodAccessorImpl.invoke0(Native Method)
	at sun.reflect.NativeMethodAccessorImpl.invoke(NativeMethodAccessorImpl.java:62)
	at sun.reflect.DelegatingMethodAccessorImpl.invoke(DelegatingMethodAccessorImpl.java:43)
	at java.lang.reflect.Method.invoke(Method.java:498)
	at org.apache.hadoop.hdds.tracing.TraceAllMethod.invoke(TraceAllMethod.java:66)
	at com.sun.proxy.$Proxy36.openKey(Unknown Source)
	at org.apache.hadoop.ozone.client.rpc.RpcClient.createKey(RpcClient.java:614)
	at org.apache.hadoop.ozone.client.OzoneBucket.createKey(OzoneBucket.java:325)
	at org.apache.hadoop.ozone.container.ContainerTestHelper.createKey(ContainerTestHelper.java:711)
	at org.apache.hadoop.ozone.client.rpc.TestFailureHandlingByClient.createKey(TestFailureHandlingByClient.java:408)
	at org.apache.hadoop.ozone.client.rpc.TestFailureHandlingByClient.testContainerExclusionWithClosedContainerException(TestFailureHandlingByClient.java:227)
	at sun.reflect.NativeMethodAccessorImpl.invoke0(Native Method)
	at sun.reflect.NativeMethodAccessorImpl.invoke(NativeMethodAccessorImpl.java:62)
	at sun.reflect.DelegatingMethodAccessorImpl.invoke(DelegatingMethodAccessorImpl.java:43)
	at java.lang.reflect.Method.invoke(Method.java:498)
	at org.junit.runners.model.FrameworkMethod$1.runReflectiveCall(FrameworkMethod.java:47)
	at org.junit.internal.runners.model.ReflectiveCallable.run(ReflectiveCallable.java:12)
	at org.junit.runners.model.FrameworkMethod.invokeExplosively(FrameworkMethod.java:44)
	at org.junit.internal.runners.statements.InvokeMethod.evaluate(InvokeMethod.java:17)
	at org.junit.internal.runners.statements.RunAfters.evaluate(RunAfters.java:27)
	at org.junit.runners.ParentRunner.runLeaf(ParentRunner.java:271)
	at org.junit.runners.BlockJUnit4ClassRunner.runChild(BlockJUnit4ClassRunner.java:70)
	at org.junit.runners.BlockJUnit4ClassRunner.runChild(BlockJUnit4ClassRunner.java:50)
	at org.junit.runners.ParentRunner$3.run(ParentRunner.java:238)
	at org.junit.runners.ParentRunner$1.schedule(ParentRunner.java:63)
	at org.junit.runners.ParentRunner.runChildren(ParentRunner.java:236)
	at org.junit.runners.ParentRunner.access$000(ParentRunner.java:53)
	at org.junit.runners.ParentRunner$2.evaluate(ParentRunner.java:229)
	at org.junit.runners.ParentRunner.run(ParentRunner.java:309)
	at org.apache.maven.surefire.junit4.JUnit4Provider.execute(JUnit4Provider.java:365)
	at org.apache.maven.surefire.junit4.JUnit4Provider.executeWithRerun(JUnit4Provider.java:273)
	at org.apache.maven.surefire.junit4.JUnit4Provider.executeTestSet(JUnit4Provider.java:238)
	at org.apache.maven.surefire.junit4.JUnit4Provider.invoke(JUnit4Provider.java:159)
	at org.apache.maven.surefire.booter.ForkedBooter.invokeProviderInSameClassLoader(ForkedBooter.java:384)
	at org.apache.maven.surefire.booter.ForkedBooter.runSuitesInProcess(ForkedBooter.java:345)
	at org.apache.maven.surefire.booter.ForkedBooter.execute(ForkedBooter.java:126)
	at org.apache.maven.surefire.booter.ForkedBooter.main(ForkedBooter.java:418)
</error>
    <system-out><![CDATA[2019-11-04 16:44:10,814 [main] WARN  server.ServerUtils (ServerUtils.java:getScmDbDir(145)) - ozone.scm.db.dirs is not configured. We recommend adding this setting. Falling back to ozone.metadata.dirs instead.
2019-11-04 16:44:10,828 [main] WARN  server.ServerUtils (ServerUtils.java:getScmDbDir(145)) - ozone.scm.db.dirs is not configured. We recommend adding this setting. Falling back to ozone.metadata.dirs instead.
2019-11-04 16:44:10,828 [main] WARN  server.ServerUtils (ServerUtils.java:getScmDbDir(145)) - ozone.scm.db.dirs is not configured. We recommend adding this setting. Falling back to ozone.metadata.dirs instead.
2019-11-04 16:44:10,829 [main] INFO  db.DBStoreBuilder (DBStoreBuilder.java:addTable(117)) - using custom profile for table: deletedBlocks
2019-11-04 16:44:10,829 [main] INFO  db.DBStoreBuilder (DBStoreBuilder.java:processTables(168)) - Using default column profile:DBProfile.DISK for Table:deletedBlocks
2019-11-04 16:44:10,829 [main] INFO  db.DBStoreBuilder (DBStoreBuilder.java:addTable(117)) - using custom profile for table: validCerts
2019-11-04 16:44:10,829 [main] INFO  db.DBStoreBuilder (DBStoreBuilder.java:processTables(168)) - Using default column profile:DBProfile.DISK for Table:validCerts
2019-11-04 16:44:10,830 [main] INFO  db.DBStoreBuilder (DBStoreBuilder.java:addTable(117)) - using custom profile for table: revokedCerts
2019-11-04 16:44:10,830 [main] INFO  db.DBStoreBuilder (DBStoreBuilder.java:processTables(168)) - Using default column profile:DBProfile.DISK for Table:revokedCerts
2019-11-04 16:44:10,830 [main] INFO  db.DBStoreBuilder (DBStoreBuilder.java:addTable(117)) - using custom profile for table: default
2019-11-04 16:44:10,830 [main] INFO  db.DBStoreBuilder (DBStoreBuilder.java:processTables(174)) - Using default column profile:DBProfile.DISK for Table:default
2019-11-04 16:44:10,830 [main] INFO  db.DBStoreBuilder (DBStoreBuilder.java:getDbProfile(205)) - Using default options. DBProfile.DISK
2019-11-04 16:44:11,005 [main] INFO  net.NodeSchemaLoader (NodeSchemaLoader.java:loadSchemaFromFile(125)) - Loading file from sun.misc.CompoundEnumeration@39ffda4a
2019-11-04 16:44:11,005 [main] INFO  net.NodeSchemaLoader (NodeSchemaLoader.java:loadSchema(171)) - Loading network topology layer schema file
2019-11-04 16:44:11,012 [main] INFO  node.SCMNodeManager (SCMNodeManager.java:<init>(116)) - Entering startup safe mode.
2019-11-04 16:44:11,013 [main] INFO  algorithms.ContainerPlacementPolicyFactory (ContainerPlacementPolicyFactory.java:getPolicy(57)) - Create container placement policy of type org.apache.hadoop.hdds.scm.container.placement.algorithms.SCMContainerPlacementRandom
2019-11-04 16:44:11,013 [main] WARN  server.ServerUtils (ServerUtils.java:getScmDbDir(145)) - ozone.scm.db.dirs is not configured. We recommend adding this setting. Falling back to ozone.metadata.dirs instead.
2019-11-04 16:44:11,113 [main] INFO  pipeline.SCMPipelineManager (SCMPipelineManager.java:initializePipelineState(132)) - No pipeline exists in current db
2019-11-04 16:44:11,113 [main] WARN  server.ServerUtils (ServerUtils.java:getScmDbDir(145)) - ozone.scm.db.dirs is not configured. We recommend adding this setting. Falling back to ozone.metadata.dirs instead.
2019-11-04 16:44:11,162 [main] WARN  events.EventQueue (EventQueue.java:fireEvent(183)) - No event handler registered for event TypedEvent{payloadType=SafeModeStatus, name='SafeModeStatus'}
2019-11-04 16:44:11,164 [main] INFO  ipc.CallQueueManager (CallQueueManager.java:<init>(84)) - Using callQueue: class java.util.concurrent.LinkedBlockingQueue, queueCapacity: 2000, scheduler: class org.apache.hadoop.ipc.DefaultRpcScheduler, ipcBackoff: false.
2019-11-04 16:44:11,165 [Socket Reader #1 for port 37266] INFO  ipc.Server (Server.java:run(1074)) - Starting Socket Reader #1 for port 37266
2019-11-04 16:44:11,167 [main] INFO  ipc.CallQueueManager (CallQueueManager.java:<init>(84)) - Using callQueue: class java.util.concurrent.LinkedBlockingQueue, queueCapacity: 2000, scheduler: class org.apache.hadoop.ipc.DefaultRpcScheduler, ipcBackoff: false.
2019-11-04 16:44:11,168 [Socket Reader #1 for port 37507] INFO  ipc.Server (Server.java:run(1074)) - Starting Socket Reader #1 for port 37507
2019-11-04 16:44:11,169 [main] INFO  ipc.CallQueueManager (CallQueueManager.java:<init>(84)) - Using callQueue: class java.util.concurrent.LinkedBlockingQueue, queueCapacity: 2000, scheduler: class org.apache.hadoop.ipc.DefaultRpcScheduler, ipcBackoff: false.
2019-11-04 16:44:11,170 [Socket Reader #1 for port 43100] INFO  ipc.Server (Server.java:run(1074)) - Starting Socket Reader #1 for port 43100
2019-11-04 16:44:11,172 [main] INFO  hdfs.DFSUtil (DFSUtil.java:httpServerTemplateForNNAndJN(1641)) - Starting Web-server for scm at: http://0.0.0.0:0
2019-11-04 16:44:11,175 [main] INFO  server.AuthenticationFilter (AuthenticationFilter.java:constructSecretProvider(240)) - Unable to initialize FileSignerSecretProvider, falling back to use random secrets.
2019-11-04 16:44:11,176 [main] WARN  http.HttpRequestLog (HttpRequestLog.java:getRequestLog(97)) - Jetty request log can only be enabled using Log4j
2019-11-04 16:44:11,178 [main] INFO  http.HttpServer2 (HttpServer2.java:addGlobalFilter(975)) - Added global filter 'safety' (class=org.apache.hadoop.http.HttpServer2$QuotingInputFilter)
2019-11-04 16:44:11,179 [main] INFO  http.HttpServer2 (HttpServer2.java:addFilter(948)) - Added filter static_user_filter (class=org.apache.hadoop.http.lib.StaticUserWebFilter$StaticUserFilter) to context scm
2019-11-04 16:44:11,180 [main] INFO  http.HttpServer2 (HttpServer2.java:addFilter(958)) - Added filter static_user_filter (class=org.apache.hadoop.http.lib.StaticUserWebFilter$StaticUserFilter) to context static
2019-11-04 16:44:11,180 [main] INFO  http.HttpServer2 (HttpServer2.java:addFilter(958)) - Added filter static_user_filter (class=org.apache.hadoop.http.lib.StaticUserWebFilter$StaticUserFilter) to context logs
2019-11-04 16:44:11,183 [main] INFO  server.StorageContainerManager (StorageContainerManager.java:start(772)) - StorageContainerLocationProtocol RPC server is listening at /0.0.0.0:43100
2019-11-04 16:44:11,185 [main] WARN  impl.MetricsConfig (MetricsConfig.java:loadFirst(134)) - Cannot locate configuration: tried hadoop-metrics2-storagecontainermanager.properties,hadoop-metrics2.properties
2019-11-04 16:44:11,187 [main] INFO  impl.MetricsSystemImpl (MetricsSystemImpl.java:startTimer(374)) - Scheduled Metric snapshot period at 10 second(s).
2019-11-04 16:44:11,187 [main] INFO  impl.MetricsSystemImpl (MetricsSystemImpl.java:start(191)) - StorageContainerManager metrics system started
2019-11-04 16:44:11,255 [main] WARN  impl.MetricsSystemImpl (MetricsSystemImpl.java:register(276)) - Sink prometheus already exists!
2019-11-04 16:44:11,260 [main] INFO  server.SCMClientProtocolServer (SCMClientProtocolServer.java:start(159)) - RPC server for Client  is listening at /0.0.0.0:43100
2019-11-04 16:44:11,261 [IPC Server Responder] INFO  ipc.Server (Server.java:run(1314)) - IPC Server Responder: starting
2019-11-04 16:44:11,261 [IPC Server listener on 43100] INFO  ipc.Server (Server.java:run(1153)) - IPC Server listener on 43100: starting
2019-11-04 16:44:11,264 [main] INFO  server.StorageContainerManager (StorageContainerManager.java:start(782)) - ScmBlockLocationProtocol RPC server is listening at /0.0.0.0:37507
2019-11-04 16:44:11,264 [main] INFO  server.SCMBlockProtocolServer (SCMBlockProtocolServer.java:start(146)) - RPC server for Block Protocol is listening at /0.0.0.0:37507
2019-11-04 16:44:11,265 [IPC Server Responder] INFO  ipc.Server (Server.java:run(1314)) - IPC Server Responder: starting
2019-11-04 16:44:11,265 [IPC Server listener on 37507] INFO  ipc.Server (Server.java:run(1153)) - IPC Server listener on 37507: starting
2019-11-04 16:44:11,268 [main] INFO  server.StorageContainerManager (StorageContainerManager.java:start(786)) - ScmDatanodeProtocl RPC server is listening at /0.0.0.0:37266
2019-11-04 16:44:11,268 [main] INFO  server.SCMDatanodeProtocolServer (SCMDatanodeProtocolServer.java:start(169)) - RPC server for DataNodes is listening at /0.0.0.0:37266
2019-11-04 16:44:11,268 [IPC Server Responder] INFO  ipc.Server (Server.java:run(1314)) - IPC Server Responder: starting
2019-11-04 16:44:11,268 [IPC Server listener on 37266] INFO  ipc.Server (Server.java:run(1153)) - IPC Server listener on 37266: starting
2019-11-04 16:44:11,271 [main] INFO  http.HttpServer2 (HttpServer2.java:bindListener(1191)) - Jetty bound to port 38201
2019-11-04 16:44:11,271 [main] INFO  server.Server (Server.java:doStart(351)) - jetty-9.3.25.v20180904, build timestamp: 2018-09-04T21:11:46Z, git hash: 3ce520221d0240229c862b122d2b06c12a625732
2019-11-04 16:44:11,273 [main] INFO  handler.ContextHandler (ContextHandler.java:doStart(781)) - Started o.e.j.s.ServletContextHandler@1fedf0a4{/logs,file:///workdir/hadoop-ozone/integration-test/target/log,AVAILABLE}
2019-11-04 16:44:11,273 [main] INFO  handler.ContextHandler (ContextHandler.java:doStart(781)) - Started o.e.j.s.ServletContextHandler@2ee48610{/static,file:///workdir/hadoop-ozone/integration-test/target/test-classes/webapps/static,AVAILABLE}
2019-11-04 16:44:11,277 [main] INFO  handler.ContextHandler (ContextHandler.java:doStart(781)) - Started o.e.j.w.WebAppContext@3f5156a6{/,file:///workdir/hadoop-ozone/integration-test/target/test-classes/webapps/scm/,AVAILABLE}{/scm}
2019-11-04 16:44:11,277 [main] INFO  server.AbstractConnector (AbstractConnector.java:doStart(278)) - Started ServerConnector@72bdd7c7{HTTP/1.1,[http/1.1]}{0.0.0.0:38201}
2019-11-04 16:44:11,278 [main] INFO  server.Server (Server.java:doStart(419)) - Started @166203ms
2019-11-04 16:44:11,278 [main] WARN  impl.MetricsSystemImpl (MetricsSystemImpl.java:register(276)) - Sink prometheus already exists!
2019-11-04 16:44:11,279 [main] INFO  server.BaseHttpServer (BaseHttpServer.java:updateConnectorAddress(215)) - HTTP server of SCM is listening at http://0.0.0.0:38201
2019-11-04 16:44:11,280 [main] WARN  server.ServerUtils (ServerUtils.java:getDBPath(222)) - ozone.om.db.dirs is not configured. We recommend adding this setting. Falling back to ozone.metadata.dirs instead.
2019-11-04 16:44:11,280 [org.apache.hadoop.util.JvmPauseMonitor$Monitor@44fdce3c] INFO  util.JvmPauseMonitor (JvmPauseMonitor.java:run(188)) - Starting JVM pause monitor
2019-11-04 16:44:11,291 [main] INFO  ha.OMHANodeDetails (OMHANodeDetails.java:loadOMHAConfig(190)) - Configuration either no ozone.om.address set. Falling back to the default OM address /127.0.0.1:0
2019-11-04 16:44:11,291 [main] INFO  ha.OMHANodeDetails (OMHANodeDetails.java:getOMNodeDetails(220)) - OM Service ID is not set. Setting it to the default ID: omServiceIdDefault
2019-11-04 16:44:11,292 [main] WARN  server.ServerUtils (ServerUtils.java:getDBPath(222)) - ozone.om.db.dirs is not configured. We recommend adding this setting. Falling back to ozone.metadata.dirs instead.
2019-11-04 16:44:11,292 [main] WARN  server.ServerUtils (ServerUtils.java:getDBPath(222)) - ozone.om.db.dirs is not configured. We recommend adding this setting. Falling back to ozone.metadata.dirs instead.
2019-11-04 16:44:11,297 [main] WARN  server.ServerUtils (ServerUtils.java:getDBPath(222)) - ozone.om.db.dirs is not configured. We recommend adding this setting. Falling back to ozone.metadata.dirs instead.
2019-11-04 16:44:11,298 [main] INFO  db.DBStoreBuilder (DBStoreBuilder.java:addTable(117)) - using custom profile for table: userTable
2019-11-04 16:44:11,298 [main] INFO  db.DBStoreBuilder (DBStoreBuilder.java:processTables(168)) - Using default column profile:DBProfile.DISK for Table:userTable
2019-11-04 16:44:11,298 [main] INFO  db.DBStoreBuilder (DBStoreBuilder.java:addTable(117)) - using custom profile for table: volumeTable
2019-11-04 16:44:11,298 [main] INFO  db.DBStoreBuilder (DBStoreBuilder.java:processTables(168)) - Using default column profile:DBProfile.DISK for Table:volumeTable
2019-11-04 16:44:11,298 [main] INFO  db.DBStoreBuilder (DBStoreBuilder.java:addTable(117)) - using custom profile for table: bucketTable
2019-11-04 16:44:11,299 [main] INFO  db.DBStoreBuilder (DBStoreBuilder.java:processTables(168)) - Using default column profile:DBProfile.DISK for Table:bucketTable
2019-11-04 16:44:11,299 [main] INFO  db.DBStoreBuilder (DBStoreBuilder.java:addTable(117)) - using custom profile for table: keyTable
2019-11-04 16:44:11,299 [main] INFO  db.DBStoreBuilder (DBStoreBuilder.java:processTables(168)) - Using default column profile:DBProfile.DISK for Table:keyTable
2019-11-04 16:44:11,299 [main] INFO  db.DBStoreBuilder (DBStoreBuilder.java:addTable(117)) - using custom profile for table: deletedTable
2019-11-04 16:44:11,299 [main] INFO  db.DBStoreBuilder (DBStoreBuilder.java:processTables(168)) - Using default column profile:DBProfile.DISK for Table:deletedTable
2019-11-04 16:44:11,299 [main] INFO  db.DBStoreBuilder (DBStoreBuilder.java:addTable(117)) - using custom profile for table: openKeyTable
2019-11-04 16:44:11,300 [main] INFO  db.DBStoreBuilder (DBStoreBuilder.java:processTables(168)) - Using default column profile:DBProfile.DISK for Table:openKeyTable
2019-11-04 16:44:11,300 [main] INFO  db.DBStoreBuilder (DBStoreBuilder.java:addTable(117)) - using custom profile for table: s3Table
2019-11-04 16:44:11,300 [main] INFO  db.DBStoreBuilder (DBStoreBuilder.java:processTables(168)) - Using default column profile:DBProfile.DISK for Table:s3Table
2019-11-04 16:44:11,300 [main] INFO  db.DBStoreBuilder (DBStoreBuilder.java:addTable(117)) - using custom profile for table: multipartInfoTable
2019-11-04 16:44:11,300 [main] INFO  db.DBStoreBuilder (DBStoreBuilder.java:processTables(168)) - Using default column profile:DBProfile.DISK for Table:multipartInfoTable
2019-11-04 16:44:11,300 [main] INFO  db.DBStoreBuilder (DBStoreBuilder.java:addTable(117)) - using custom profile for table: dTokenTable
2019-11-04 16:44:11,300 [main] INFO  db.DBStoreBuilder (DBStoreBuilder.java:processTables(168)) - Using default column profile:DBProfile.DISK for Table:dTokenTable
2019-11-04 16:44:11,301 [main] INFO  db.DBStoreBuilder (DBStoreBuilder.java:addTable(117)) - using custom profile for table: s3SecretTable
2019-11-04 16:44:11,301 [main] INFO  db.DBStoreBuilder (DBStoreBuilder.java:processTables(168)) - Using default column profile:DBProfile.DISK for Table:s3SecretTable
2019-11-04 16:44:11,301 [main] INFO  db.DBStoreBuilder (DBStoreBuilder.java:addTable(117)) - using custom profile for table: prefixTable
2019-11-04 16:44:11,301 [main] INFO  db.DBStoreBuilder (DBStoreBuilder.java:processTables(168)) - Using default column profile:DBProfile.DISK for Table:prefixTable
2019-11-04 16:44:11,301 [main] INFO  db.DBStoreBuilder (DBStoreBuilder.java:addTable(117)) - using custom profile for table: default
2019-11-04 16:44:11,301 [main] INFO  db.DBStoreBuilder (DBStoreBuilder.java:processTables(174)) - Using default column profile:DBProfile.DISK for Table:default
2019-11-04 16:44:11,302 [main] INFO  db.DBStoreBuilder (DBStoreBuilder.java:getDbProfile(205)) - Using default options. DBProfile.DISK
2019-11-04 16:44:11,781 [main] INFO  ipc.CallQueueManager (CallQueueManager.java:<init>(84)) - Using callQueue: class java.util.concurrent.LinkedBlockingQueue, queueCapacity: 2000, scheduler: class org.apache.hadoop.ipc.DefaultRpcScheduler, ipcBackoff: false.
2019-11-04 16:44:11,782 [Socket Reader #1 for port 38483] INFO  ipc.Server (Server.java:run(1074)) - Starting Socket Reader #1 for port 38483
2019-11-04 16:44:11,799 [main] INFO  om.OzoneManager (OzoneManager.java:start(1074)) - OzoneManager RPC server is listening at localhost/127.0.0.1:38483
2019-11-04 16:44:11,799 [main] INFO  impl.MetricsSystemImpl (MetricsSystemImpl.java:init(158)) - OzoneManager metrics system started (again)
2019-11-04 16:44:11,801 [IPC Server Responder] INFO  ipc.Server (Server.java:run(1314)) - IPC Server Responder: starting
2019-11-04 16:44:11,802 [IPC Server listener on 38483] INFO  ipc.Server (Server.java:run(1153)) - IPC Server listener on 38483: starting
2019-11-04 16:44:11,807 [main] INFO  hdfs.DFSUtil (DFSUtil.java:httpServerTemplateForNNAndJN(1641)) - Starting Web-server for ozoneManager at: http://0.0.0.0:0
2019-11-04 16:44:11,809 [main] INFO  server.AuthenticationFilter (AuthenticationFilter.java:constructSecretProvider(240)) - Unable to initialize FileSignerSecretProvider, falling back to use random secrets.
2019-11-04 16:44:11,809 [main] WARN  http.HttpRequestLog (HttpRequestLog.java:getRequestLog(97)) - Jetty request log can only be enabled using Log4j
2019-11-04 16:44:11,811 [main] INFO  http.HttpServer2 (HttpServer2.java:addGlobalFilter(975)) - Added global filter 'safety' (class=org.apache.hadoop.http.HttpServer2$QuotingInputFilter)
2019-11-04 16:44:11,812 [main] INFO  http.HttpServer2 (HttpServer2.java:addFilter(948)) - Added filter static_user_filter (class=org.apache.hadoop.http.lib.StaticUserWebFilter$StaticUserFilter) to context ozoneManager
2019-11-04 16:44:11,812 [main] INFO  http.HttpServer2 (HttpServer2.java:addFilter(958)) - Added filter static_user_filter (class=org.apache.hadoop.http.lib.StaticUserWebFilter$StaticUserFilter) to context static
2019-11-04 16:44:11,813 [main] INFO  http.HttpServer2 (HttpServer2.java:addFilter(958)) - Added filter static_user_filter (class=org.apache.hadoop.http.lib.StaticUserWebFilter$StaticUserFilter) to context logs
2019-11-04 16:44:11,814 [main] INFO  http.HttpServer2 (HttpServer2.java:bindListener(1191)) - Jetty bound to port 45397
2019-11-04 16:44:11,814 [main] INFO  server.Server (Server.java:doStart(351)) - jetty-9.3.25.v20180904, build timestamp: 2018-09-04T21:11:46Z, git hash: 3ce520221d0240229c862b122d2b06c12a625732
2019-11-04 16:44:11,816 [main] INFO  handler.ContextHandler (ContextHandler.java:doStart(781)) - Started o.e.j.s.ServletContextHandler@2c7db926{/logs,file:///workdir/hadoop-ozone/integration-test/target/log,AVAILABLE}
2019-11-04 16:44:11,817 [main] INFO  handler.ContextHandler (ContextHandler.java:doStart(781)) - Started o.e.j.s.ServletContextHandler@1668919e{/static,file:///workdir/hadoop-ozone/integration-test/target/test-classes/webapps/static,AVAILABLE}
2019-11-04 16:44:11,822 [main] INFO  handler.ContextHandler (ContextHandler.java:doStart(781)) - Started o.e.j.w.WebAppContext@58b5a2f3{/,file:///workdir/hadoop-ozone/integration-test/target/test-classes/webapps/ozoneManager/,AVAILABLE}{/ozoneManager}
2019-11-04 16:44:11,822 [main] INFO  server.AbstractConnector (AbstractConnector.java:doStart(278)) - Started ServerConnector@25f15f50{HTTP/1.1,[http/1.1]}{0.0.0.0:45397}
2019-11-04 16:44:11,823 [main] INFO  server.Server (Server.java:doStart(419)) - Started @166748ms
2019-11-04 16:44:11,824 [main] WARN  impl.MetricsSystemImpl (MetricsSystemImpl.java:register(276)) - Sink prometheus already exists!
2019-11-04 16:44:11,825 [main] INFO  server.BaseHttpServer (BaseHttpServer.java:updateConnectorAddress(215)) - HTTP server of OZONEMANAGER is listening at http://0.0.0.0:45397
2019-11-04 16:44:11,855 [main] INFO  impl.MetricsSystemImpl (MetricsSystemImpl.java:init(158)) - HddsDatanode metrics system started (again)
2019-11-04 16:44:11,858 [main] INFO  ozone.HddsDatanodeService (HddsDatanodeService.java:start(184)) - HddsDatanodeService host:pr-hdds-1643-sn7dj-2043761873 ip:192.168.157.194
2019-11-04 16:44:11,866 [main] INFO  volume.HddsVolume (HddsVolume.java:<init>(176)) - Creating Volume: /workdir/hadoop-ozone/integration-test/target/test-dir/MiniOzoneClusterImpl-fc53e19a-81f7-4cd9-8ff9-5415f8563367/datanode-0/data/containers/hdds of  storage type : DISK and capacity : 1482555576320
2019-11-04 16:44:11,867 [main] INFO  volume.VolumeSet (VolumeSet.java:initializeVolumeSet(170)) - Added Volume : /workdir/hadoop-ozone/integration-test/target/test-dir/MiniOzoneClusterImpl-fc53e19a-81f7-4cd9-8ff9-5415f8563367/datanode-0/data/containers/hdds to VolumeSet
2019-11-04 16:44:11,867 [main] INFO  volume.ThrottledAsyncChecker (ThrottledAsyncChecker.java:schedule(141)) - Scheduling a check for /workdir/hadoop-ozone/integration-test/target/test-dir/MiniOzoneClusterImpl-fc53e19a-81f7-4cd9-8ff9-5415f8563367/datanode-0/data/containers/hdds
2019-11-04 16:44:11,868 [main] INFO  volume.HddsVolumeChecker (HddsVolumeChecker.java:checkAllVolumes(204)) - Scheduled health check for volume /workdir/hadoop-ozone/integration-test/target/test-dir/MiniOzoneClusterImpl-fc53e19a-81f7-4cd9-8ff9-5415f8563367/datanode-0/data/containers/hdds
2019-11-04 16:44:11,880 [main] INFO  impl.RaftServerProxy (ConfUtils.java:logGet(43)) - raft.rpc.type = GRPC (default)
2019-11-04 16:44:11,881 [main] INFO  grpc.GrpcFactory (GrpcFactory.java:checkPooledByteBufAllocatorUseCacheForAllThreads(45)) - PERFORMANCE WARNING: useCacheForAllThreads is true that may cause Netty to create a lot garbage objects and, as a result, trigger GC.
	It is recommended to disable useCacheForAllThreads by setting -Dorg.apache.ratis.thirdparty.io.netty.allocator.useCacheForAllThreads=false in command line.
2019-11-04 16:44:11,881 [main] INFO  grpc.GrpcConfigKeys$Server (ConfUtils.java:logGet(43)) - raft.grpc.server.port = 0 (default)
2019-11-04 16:44:11,881 [main] INFO  server.GrpcService (ConfUtils.java:logGet(43)) - raft.grpc.message.size.max = 33570816 (custom)
2019-11-04 16:44:11,881 [main] INFO  server.RaftServerConfigKeys (ConfUtils.java:logGet(43)) - raft.server.log.appender.buffer.byte-limit = 33554432 (custom)
2019-11-04 16:44:11,881 [main] INFO  server.GrpcService (ConfUtils.java:logGet(43)) - raft.grpc.flow.control.window = 1MB (=1048576) (default)
2019-11-04 16:44:11,881 [main] INFO  server.RaftServerConfigKeys (ConfUtils.java:logGet(43)) - raft.server.rpc.request.timeout = 3000ms (default)
2019-11-04 16:44:11,882 [main] INFO  server.RaftServerConfigKeys (ConfUtils.java:logGet(43)) - raft.server.storage.dir = [/workdir/hadoop-ozone/integration-test/target/test-dir/MiniOzoneClusterImpl-fc53e19a-81f7-4cd9-8ff9-5415f8563367/datanode-0/data/ratis] (custom)
2019-11-04 16:44:11,883 [main] INFO  hdfs.DFSUtil (DFSUtil.java:httpServerTemplateForNNAndJN(1641)) - Starting Web-server for hddsDatanode at: http://0.0.0.0:0
2019-11-04 16:44:11,885 [main] INFO  server.AuthenticationFilter (AuthenticationFilter.java:constructSecretProvider(240)) - Unable to initialize FileSignerSecretProvider, falling back to use random secrets.
2019-11-04 16:44:11,885 [main] WARN  http.HttpRequestLog (HttpRequestLog.java:getRequestLog(97)) - Jetty request log can only be enabled using Log4j
2019-11-04 16:44:11,886 [main] INFO  http.HttpServer2 (HttpServer2.java:addGlobalFilter(975)) - Added global filter 'safety' (class=org.apache.hadoop.http.HttpServer2$QuotingInputFilter)
2019-11-04 16:44:11,887 [main] INFO  http.HttpServer2 (HttpServer2.java:addFilter(948)) - Added filter static_user_filter (class=org.apache.hadoop.http.lib.StaticUserWebFilter$StaticUserFilter) to context hddsDatanode
2019-11-04 16:44:11,887 [main] INFO  http.HttpServer2 (HttpServer2.java:addFilter(958)) - Added filter static_user_filter (class=org.apache.hadoop.http.lib.StaticUserWebFilter$StaticUserFilter) to context logs
2019-11-04 16:44:11,887 [main] INFO  http.HttpServer2 (HttpServer2.java:addFilter(958)) - Added filter static_user_filter (class=org.apache.hadoop.http.lib.StaticUserWebFilter$StaticUserFilter) to context static
2019-11-04 16:44:11,888 [main] INFO  http.HttpServer2 (HttpServer2.java:bindListener(1191)) - Jetty bound to port 36889
2019-11-04 16:44:11,888 [main] INFO  server.Server (Server.java:doStart(351)) - jetty-9.3.25.v20180904, build timestamp: 2018-09-04T21:11:46Z, git hash: 3ce520221d0240229c862b122d2b06c12a625732
2019-11-04 16:44:11,889 [main] INFO  handler.ContextHandler (ContextHandler.java:doStart(781)) - Started o.e.j.s.ServletContextHandler@7b61bf11{/logs,file:///workdir/hadoop-ozone/integration-test/target/log,AVAILABLE}
2019-11-04 16:44:11,890 [main] INFO  handler.ContextHandler (ContextHandler.java:doStart(781)) - Started o.e.j.s.ServletContextHandler@3ff54f3d{/static,jar:file:/home/user/.m2/repository/org/apache/hadoop/hadoop-hdds-container-service/0.5.0-SNAPSHOT/hadoop-hdds-container-service-0.5.0-SNAPSHOT.jar!/webapps/static,AVAILABLE}
2019-11-04 16:44:11,919 [main] INFO  handler.ContextHandler (ContextHandler.java:doStart(781)) - Started o.e.j.w.WebAppContext@3b55dd15{/,file:///tmp/jetty-0.0.0.0-36889-hddsDatanode-_-any-384925100591438824.dir/webapp/,AVAILABLE}{/hddsDatanode}
2019-11-04 16:44:11,920 [main] INFO  server.AbstractConnector (AbstractConnector.java:doStart(278)) - Started ServerConnector@f3560d4{HTTP/1.1,[http/1.1]}{0.0.0.0:36889}
2019-11-04 16:44:11,921 [main] INFO  server.Server (Server.java:doStart(419)) - Started @166846ms
2019-11-04 16:44:11,921 [main] WARN  impl.MetricsSystemImpl (MetricsSystemImpl.java:register(276)) - Sink prometheus already exists!
2019-11-04 16:44:11,924 [main] INFO  server.BaseHttpServer (BaseHttpServer.java:updateConnectorAddress(215)) - HTTP server of HDDSDATANODE is listening at http://0.0.0.0:36889
2019-11-04 16:44:11,924 [main] INFO  impl.MetricsSystemImpl (MetricsSystemImpl.java:init(158)) - HddsDatanode metrics system started (again)
2019-11-04 16:44:11,927 [org.apache.hadoop.util.JvmPauseMonitor$Monitor@38fdefd8] INFO  util.JvmPauseMonitor (JvmPauseMonitor.java:run(188)) - Starting JVM pause monitor
2019-11-04 16:44:11,928 [main] INFO  ozone.HddsDatanodeService (HddsDatanodeService.java:start(184)) - HddsDatanodeService host:pr-hdds-1643-sn7dj-2043761873 ip:192.168.157.194
2019-11-04 16:44:11,929 [Datanode State Machine Thread - 0] INFO  datanode.InitDatanodeState (InitDatanodeState.java:persistContainerDatanodeDetails(140)) - DatanodeDetails is persisted to /workdir/hadoop-ozone/integration-test/target/test-dir/MiniOzoneClusterImpl-fc53e19a-81f7-4cd9-8ff9-5415f8563367/datanode-0/meta/datanode.id
2019-11-04 16:44:11,934 [main] INFO  volume.HddsVolume (HddsVolume.java:<init>(176)) - Creating Volume: /workdir/hadoop-ozone/integration-test/target/test-dir/MiniOzoneClusterImpl-fc53e19a-81f7-4cd9-8ff9-5415f8563367/datanode-1/data/containers/hdds of  storage type : DISK and capacity : 1482555576320
2019-11-04 16:44:11,935 [main] INFO  volume.VolumeSet (VolumeSet.java:initializeVolumeSet(170)) - Added Volume : /workdir/hadoop-ozone/integration-test/target/test-dir/MiniOzoneClusterImpl-fc53e19a-81f7-4cd9-8ff9-5415f8563367/datanode-1/data/containers/hdds to VolumeSet
2019-11-04 16:44:11,935 [main] INFO  volume.ThrottledAsyncChecker (ThrottledAsyncChecker.java:schedule(141)) - Scheduling a check for /workdir/hadoop-ozone/integration-test/target/test-dir/MiniOzoneClusterImpl-fc53e19a-81f7-4cd9-8ff9-5415f8563367/datanode-1/data/containers/hdds
2019-11-04 16:44:11,936 [main] INFO  volume.HddsVolumeChecker (HddsVolumeChecker.java:checkAllVolumes(204)) - Scheduled health check for volume /workdir/hadoop-ozone/integration-test/target/test-dir/MiniOzoneClusterImpl-fc53e19a-81f7-4cd9-8ff9-5415f8563367/datanode-1/data/containers/hdds
2019-11-04 16:44:11,953 [main] INFO  impl.RaftServerProxy (ConfUtils.java:logGet(43)) - raft.rpc.type = GRPC (default)
2019-11-04 16:44:11,953 [main] INFO  grpc.GrpcFactory (GrpcFactory.java:checkPooledByteBufAllocatorUseCacheForAllThreads(45)) - PERFORMANCE WARNING: useCacheForAllThreads is true that may cause Netty to create a lot garbage objects and, as a result, trigger GC.
	It is recommended to disable useCacheForAllThreads by setting -Dorg.apache.ratis.thirdparty.io.netty.allocator.useCacheForAllThreads=false in command line.
2019-11-04 16:44:11,954 [main] INFO  grpc.GrpcConfigKeys$Server (ConfUtils.java:logGet(43)) - raft.grpc.server.port = 0 (default)
2019-11-04 16:44:11,954 [main] INFO  server.GrpcService (ConfUtils.java:logGet(43)) - raft.grpc.message.size.max = 33570816 (custom)
2019-11-04 16:44:11,954 [main] INFO  server.RaftServerConfigKeys (ConfUtils.java:logGet(43)) - raft.server.log.appender.buffer.byte-limit = 33554432 (custom)
2019-11-04 16:44:11,954 [main] INFO  server.GrpcService (ConfUtils.java:logGet(43)) - raft.grpc.flow.control.window = 1MB (=1048576) (default)
2019-11-04 16:44:11,955 [main] INFO  server.RaftServerConfigKeys (ConfUtils.java:logGet(43)) - raft.server.rpc.request.timeout = 3000ms (default)
2019-11-04 16:44:11,955 [main] INFO  server.RaftServerConfigKeys (ConfUtils.java:logGet(43)) - raft.server.storage.dir = [/workdir/hadoop-ozone/integration-test/target/test-dir/MiniOzoneClusterImpl-fc53e19a-81f7-4cd9-8ff9-5415f8563367/datanode-1/data/ratis] (custom)
2019-11-04 16:44:11,957 [main] INFO  hdfs.DFSUtil (DFSUtil.java:httpServerTemplateForNNAndJN(1641)) - Starting Web-server for hddsDatanode at: http://0.0.0.0:0
2019-11-04 16:44:11,959 [main] INFO  server.AuthenticationFilter (AuthenticationFilter.java:constructSecretProvider(240)) - Unable to initialize FileSignerSecretProvider, falling back to use random secrets.
2019-11-04 16:44:11,959 [main] WARN  http.HttpRequestLog (HttpRequestLog.java:getRequestLog(97)) - Jetty request log can only be enabled using Log4j
2019-11-04 16:44:11,960 [main] INFO  http.HttpServer2 (HttpServer2.java:addGlobalFilter(975)) - Added global filter 'safety' (class=org.apache.hadoop.http.HttpServer2$QuotingInputFilter)
2019-11-04 16:44:11,961 [main] INFO  http.HttpServer2 (HttpServer2.java:addFilter(948)) - Added filter static_user_filter (class=org.apache.hadoop.http.lib.StaticUserWebFilter$StaticUserFilter) to context hddsDatanode
2019-11-04 16:44:11,961 [main] INFO  http.HttpServer2 (HttpServer2.java:addFilter(958)) - Added filter static_user_filter (class=org.apache.hadoop.http.lib.StaticUserWebFilter$StaticUserFilter) to context static
2019-11-04 16:44:11,961 [main] INFO  http.HttpServer2 (HttpServer2.java:addFilter(958)) - Added filter static_user_filter (class=org.apache.hadoop.http.lib.StaticUserWebFilter$StaticUserFilter) to context logs
2019-11-04 16:44:11,962 [main] INFO  http.HttpServer2 (HttpServer2.java:bindListener(1191)) - Jetty bound to port 44232
2019-11-04 16:44:11,962 [main] INFO  server.Server (Server.java:doStart(351)) - jetty-9.3.25.v20180904, build timestamp: 2018-09-04T21:11:46Z, git hash: 3ce520221d0240229c862b122d2b06c12a625732
2019-11-04 16:44:11,964 [main] INFO  handler.ContextHandler (ContextHandler.java:doStart(781)) - Started o.e.j.s.ServletContextHandler@13c8ac77{/logs,file:///workdir/hadoop-ozone/integration-test/target/log,AVAILABLE}
2019-11-04 16:44:11,965 [main] INFO  handler.ContextHandler (ContextHandler.java:doStart(781)) - Started o.e.j.s.ServletContextHandler@4cad79bc{/static,jar:file:/home/user/.m2/repository/org/apache/hadoop/hadoop-hdds-container-service/0.5.0-SNAPSHOT/hadoop-hdds-container-service-0.5.0-SNAPSHOT.jar!/webapps/static,AVAILABLE}
2019-11-04 16:44:11,996 [main] INFO  handler.ContextHandler (ContextHandler.java:doStart(781)) - Started o.e.j.w.WebAppContext@4a44cfc0{/,file:///tmp/jetty-0.0.0.0-44232-hddsDatanode-_-any-3382678049630695139.dir/webapp/,AVAILABLE}{/hddsDatanode}
2019-11-04 16:44:11,997 [main] INFO  server.AbstractConnector (AbstractConnector.java:doStart(278)) - Started ServerConnector@60e3c26e{HTTP/1.1,[http/1.1]}{0.0.0.0:44232}
2019-11-04 16:44:11,998 [main] INFO  server.Server (Server.java:doStart(419)) - Started @166923ms
2019-11-04 16:44:11,998 [main] WARN  impl.MetricsSystemImpl (MetricsSystemImpl.java:register(276)) - Sink prometheus already exists!
2019-11-04 16:44:11,999 [main] INFO  server.BaseHttpServer (BaseHttpServer.java:updateConnectorAddress(215)) - HTTP server of HDDSDATANODE is listening at http://0.0.0.0:44232
2019-11-04 16:44:12,000 [main] INFO  impl.MetricsSystemImpl (MetricsSystemImpl.java:init(158)) - HddsDatanode metrics system started (again)
2019-11-04 16:44:12,002 [org.apache.hadoop.util.JvmPauseMonitor$Monitor@37590825] INFO  util.JvmPauseMonitor (JvmPauseMonitor.java:run(188)) - Starting JVM pause monitor
2019-11-04 16:44:12,002 [main] INFO  ozone.HddsDatanodeService (HddsDatanodeService.java:start(184)) - HddsDatanodeService host:pr-hdds-1643-sn7dj-2043761873 ip:192.168.157.194
2019-11-04 16:44:12,004 [Datanode State Machine Thread - 0] INFO  datanode.InitDatanodeState (InitDatanodeState.java:persistContainerDatanodeDetails(140)) - DatanodeDetails is persisted to /workdir/hadoop-ozone/integration-test/target/test-dir/MiniOzoneClusterImpl-fc53e19a-81f7-4cd9-8ff9-5415f8563367/datanode-1/meta/datanode.id
2019-11-04 16:44:12,008 [main] INFO  volume.HddsVolume (HddsVolume.java:<init>(176)) - Creating Volume: /workdir/hadoop-ozone/integration-test/target/test-dir/MiniOzoneClusterImpl-fc53e19a-81f7-4cd9-8ff9-5415f8563367/datanode-2/data/containers/hdds of  storage type : DISK and capacity : 1482555576320
2019-11-04 16:44:12,009 [main] INFO  volume.VolumeSet (VolumeSet.java:initializeVolumeSet(170)) - Added Volume : /workdir/hadoop-ozone/integration-test/target/test-dir/MiniOzoneClusterImpl-fc53e19a-81f7-4cd9-8ff9-5415f8563367/datanode-2/data/containers/hdds to VolumeSet
2019-11-04 16:44:12,009 [main] INFO  volume.ThrottledAsyncChecker (ThrottledAsyncChecker.java:schedule(141)) - Scheduling a check for /workdir/hadoop-ozone/integration-test/target/test-dir/MiniOzoneClusterImpl-fc53e19a-81f7-4cd9-8ff9-5415f8563367/datanode-2/data/containers/hdds
2019-11-04 16:44:12,009 [main] INFO  volume.HddsVolumeChecker (HddsVolumeChecker.java:checkAllVolumes(204)) - Scheduled health check for volume /workdir/hadoop-ozone/integration-test/target/test-dir/MiniOzoneClusterImpl-fc53e19a-81f7-4cd9-8ff9-5415f8563367/datanode-2/data/containers/hdds
2019-11-04 16:44:12,022 [main] INFO  impl.RaftServerProxy (ConfUtils.java:logGet(43)) - raft.rpc.type = GRPC (default)
2019-11-04 16:44:12,022 [main] INFO  grpc.GrpcFactory (GrpcFactory.java:checkPooledByteBufAllocatorUseCacheForAllThreads(45)) - PERFORMANCE WARNING: useCacheForAllThreads is true that may cause Netty to create a lot garbage objects and, as a result, trigger GC.
	It is recommended to disable useCacheForAllThreads by setting -Dorg.apache.ratis.thirdparty.io.netty.allocator.useCacheForAllThreads=false in command line.
2019-11-04 16:44:12,022 [main] INFO  grpc.GrpcConfigKeys$Server (ConfUtils.java:logGet(43)) - raft.grpc.server.port = 0 (default)
2019-11-04 16:44:12,022 [main] INFO  server.GrpcService (ConfUtils.java:logGet(43)) - raft.grpc.message.size.max = 33570816 (custom)
2019-11-04 16:44:12,022 [main] INFO  server.RaftServerConfigKeys (ConfUtils.java:logGet(43)) - raft.server.log.appender.buffer.byte-limit = 33554432 (custom)
2019-11-04 16:44:12,023 [main] INFO  server.GrpcService (ConfUtils.java:logGet(43)) - raft.grpc.flow.control.window = 1MB (=1048576) (default)
2019-11-04 16:44:12,023 [main] INFO  server.RaftServerConfigKeys (ConfUtils.java:logGet(43)) - raft.server.rpc.request.timeout = 3000ms (default)
2019-11-04 16:44:12,023 [main] INFO  server.RaftServerConfigKeys (ConfUtils.java:logGet(43)) - raft.server.storage.dir = [/workdir/hadoop-ozone/integration-test/target/test-dir/MiniOzoneClusterImpl-fc53e19a-81f7-4cd9-8ff9-5415f8563367/datanode-2/data/ratis] (custom)
2019-11-04 16:44:12,025 [main] INFO  hdfs.DFSUtil (DFSUtil.java:httpServerTemplateForNNAndJN(1641)) - Starting Web-server for hddsDatanode at: http://0.0.0.0:0
2019-11-04 16:44:12,026 [main] INFO  server.AuthenticationFilter (AuthenticationFilter.java:constructSecretProvider(240)) - Unable to initialize FileSignerSecretProvider, falling back to use random secrets.
2019-11-04 16:44:12,026 [main] WARN  http.HttpRequestLog (HttpRequestLog.java:getRequestLog(97)) - Jetty request log can only be enabled using Log4j
2019-11-04 16:44:12,027 [main] INFO  http.HttpServer2 (HttpServer2.java:addGlobalFilter(975)) - Added global filter 'safety' (class=org.apache.hadoop.http.HttpServer2$QuotingInputFilter)
2019-11-04 16:44:12,028 [main] INFO  http.HttpServer2 (HttpServer2.java:addFilter(948)) - Added filter static_user_filter (class=org.apache.hadoop.http.lib.StaticUserWebFilter$StaticUserFilter) to context hddsDatanode
2019-11-04 16:44:12,028 [main] INFO  http.HttpServer2 (HttpServer2.java:addFilter(958)) - Added filter static_user_filter (class=org.apache.hadoop.http.lib.StaticUserWebFilter$StaticUserFilter) to context static
2019-11-04 16:44:12,028 [main] INFO  http.HttpServer2 (HttpServer2.java:addFilter(958)) - Added filter static_user_filter (class=org.apache.hadoop.http.lib.StaticUserWebFilter$StaticUserFilter) to context logs
2019-11-04 16:44:12,029 [main] INFO  http.HttpServer2 (HttpServer2.java:bindListener(1191)) - Jetty bound to port 46715
2019-11-04 16:44:12,029 [main] INFO  server.Server (Server.java:doStart(351)) - jetty-9.3.25.v20180904, build timestamp: 2018-09-04T21:11:46Z, git hash: 3ce520221d0240229c862b122d2b06c12a625732
2019-11-04 16:44:12,030 [main] INFO  handler.ContextHandler (ContextHandler.java:doStart(781)) - Started o.e.j.s.ServletContextHandler@59b32539{/logs,file:///workdir/hadoop-ozone/integration-test/target/log,AVAILABLE}
2019-11-04 16:44:12,031 [main] INFO  handler.ContextHandler (ContextHandler.java:doStart(781)) - Started o.e.j.s.ServletContextHandler@233db8e9{/static,jar:file:/home/user/.m2/repository/org/apache/hadoop/hadoop-hdds-container-service/0.5.0-SNAPSHOT/hadoop-hdds-container-service-0.5.0-SNAPSHOT.jar!/webapps/static,AVAILABLE}
2019-11-04 16:44:12,060 [main] INFO  handler.ContextHandler (ContextHandler.java:doStart(781)) - Started o.e.j.w.WebAppContext@27443560{/,file:///tmp/jetty-0.0.0.0-46715-hddsDatanode-_-any-7187726789992374025.dir/webapp/,AVAILABLE}{/hddsDatanode}
2019-11-04 16:44:12,060 [main] INFO  server.AbstractConnector (AbstractConnector.java:doStart(278)) - Started ServerConnector@3ddb774f{HTTP/1.1,[http/1.1]}{0.0.0.0:46715}
2019-11-04 16:44:12,062 [main] INFO  server.Server (Server.java:doStart(419)) - Started @166987ms
2019-11-04 16:44:12,062 [main] WARN  impl.MetricsSystemImpl (MetricsSystemImpl.java:register(276)) - Sink prometheus already exists!
2019-11-04 16:44:12,064 [main] INFO  server.BaseHttpServer (BaseHttpServer.java:updateConnectorAddress(215)) - HTTP server of HDDSDATANODE is listening at http://0.0.0.0:46715
2019-11-04 16:44:12,064 [main] INFO  impl.MetricsSystemImpl (MetricsSystemImpl.java:init(158)) - HddsDatanode metrics system started (again)
2019-11-04 16:44:12,067 [org.apache.hadoop.util.JvmPauseMonitor$Monitor@336307cc] INFO  util.JvmPauseMonitor (JvmPauseMonitor.java:run(188)) - Starting JVM pause monitor
2019-11-04 16:44:12,067 [main] INFO  ozone.HddsDatanodeService (HddsDatanodeService.java:start(184)) - HddsDatanodeService host:pr-hdds-1643-sn7dj-2043761873 ip:192.168.157.194
2019-11-04 16:44:12,068 [Datanode State Machine Thread - 0] INFO  datanode.InitDatanodeState (InitDatanodeState.java:persistContainerDatanodeDetails(140)) - DatanodeDetails is persisted to /workdir/hadoop-ozone/integration-test/target/test-dir/MiniOzoneClusterImpl-fc53e19a-81f7-4cd9-8ff9-5415f8563367/datanode-2/meta/datanode.id
2019-11-04 16:44:12,073 [main] INFO  volume.HddsVolume (HddsVolume.java:<init>(176)) - Creating Volume: /workdir/hadoop-ozone/integration-test/target/test-dir/MiniOzoneClusterImpl-fc53e19a-81f7-4cd9-8ff9-5415f8563367/datanode-3/data/containers/hdds of  storage type : DISK and capacity : 1482555576320
2019-11-04 16:44:12,073 [main] INFO  volume.VolumeSet (VolumeSet.java:initializeVolumeSet(170)) - Added Volume : /workdir/hadoop-ozone/integration-test/target/test-dir/MiniOzoneClusterImpl-fc53e19a-81f7-4cd9-8ff9-5415f8563367/datanode-3/data/containers/hdds to VolumeSet
2019-11-04 16:44:12,074 [main] INFO  volume.ThrottledAsyncChecker (ThrottledAsyncChecker.java:schedule(141)) - Scheduling a check for /workdir/hadoop-ozone/integration-test/target/test-dir/MiniOzoneClusterImpl-fc53e19a-81f7-4cd9-8ff9-5415f8563367/datanode-3/data/containers/hdds
2019-11-04 16:44:12,074 [main] INFO  volume.HddsVolumeChecker (HddsVolumeChecker.java:checkAllVolumes(204)) - Scheduled health check for volume /workdir/hadoop-ozone/integration-test/target/test-dir/MiniOzoneClusterImpl-fc53e19a-81f7-4cd9-8ff9-5415f8563367/datanode-3/data/containers/hdds
2019-11-04 16:44:12,085 [main] INFO  impl.RaftServerProxy (ConfUtils.java:logGet(43)) - raft.rpc.type = GRPC (default)
2019-11-04 16:44:12,085 [main] INFO  grpc.GrpcFactory (GrpcFactory.java:checkPooledByteBufAllocatorUseCacheForAllThreads(45)) - PERFORMANCE WARNING: useCacheForAllThreads is true that may cause Netty to create a lot garbage objects and, as a result, trigger GC.
	It is recommended to disable useCacheForAllThreads by setting -Dorg.apache.ratis.thirdparty.io.netty.allocator.useCacheForAllThreads=false in command line.
2019-11-04 16:44:12,085 [main] INFO  grpc.GrpcConfigKeys$Server (ConfUtils.java:logGet(43)) - raft.grpc.server.port = 0 (default)
2019-11-04 16:44:12,085 [main] INFO  server.GrpcService (ConfUtils.java:logGet(43)) - raft.grpc.message.size.max = 33570816 (custom)
2019-11-04 16:44:12,085 [main] INFO  server.RaftServerConfigKeys (ConfUtils.java:logGet(43)) - raft.server.log.appender.buffer.byte-limit = 33554432 (custom)
2019-11-04 16:44:12,085 [main] INFO  server.GrpcService (ConfUtils.java:logGet(43)) - raft.grpc.flow.control.window = 1MB (=1048576) (default)
2019-11-04 16:44:12,086 [main] INFO  server.RaftServerConfigKeys (ConfUtils.java:logGet(43)) - raft.server.rpc.request.timeout = 3000ms (default)
2019-11-04 16:44:12,086 [main] INFO  server.RaftServerConfigKeys (ConfUtils.java:logGet(43)) - raft.server.storage.dir = [/workdir/hadoop-ozone/integration-test/target/test-dir/MiniOzoneClusterImpl-fc53e19a-81f7-4cd9-8ff9-5415f8563367/datanode-3/data/ratis] (custom)
2019-11-04 16:44:12,087 [main] INFO  hdfs.DFSUtil (DFSUtil.java:httpServerTemplateForNNAndJN(1641)) - Starting Web-server for hddsDatanode at: http://0.0.0.0:0
2019-11-04 16:44:12,089 [main] INFO  server.AuthenticationFilter (AuthenticationFilter.java:constructSecretProvider(240)) - Unable to initialize FileSignerSecretProvider, falling back to use random secrets.
2019-11-04 16:44:12,089 [main] WARN  http.HttpRequestLog (HttpRequestLog.java:getRequestLog(97)) - Jetty request log can only be enabled using Log4j
2019-11-04 16:44:12,090 [main] INFO  http.HttpServer2 (HttpServer2.java:addGlobalFilter(975)) - Added global filter 'safety' (class=org.apache.hadoop.http.HttpServer2$QuotingInputFilter)
2019-11-04 16:44:12,091 [main] INFO  http.HttpServer2 (HttpServer2.java:addFilter(948)) - Added filter static_user_filter (class=org.apache.hadoop.http.lib.StaticUserWebFilter$StaticUserFilter) to context hddsDatanode
2019-11-04 16:44:12,091 [main] INFO  http.HttpServer2 (HttpServer2.java:addFilter(958)) - Added filter static_user_filter (class=org.apache.hadoop.http.lib.StaticUserWebFilter$StaticUserFilter) to context static
2019-11-04 16:44:12,091 [main] INFO  http.HttpServer2 (HttpServer2.java:addFilter(958)) - Added filter static_user_filter (class=org.apache.hadoop.http.lib.StaticUserWebFilter$StaticUserFilter) to context logs
2019-11-04 16:44:12,092 [main] INFO  http.HttpServer2 (HttpServer2.java:bindListener(1191)) - Jetty bound to port 37324
2019-11-04 16:44:12,092 [main] INFO  server.Server (Server.java:doStart(351)) - jetty-9.3.25.v20180904, build timestamp: 2018-09-04T21:11:46Z, git hash: 3ce520221d0240229c862b122d2b06c12a625732
2019-11-04 16:44:12,093 [main] INFO  handler.ContextHandler (ContextHandler.java:doStart(781)) - Started o.e.j.s.ServletContextHandler@36ab3814{/logs,file:///workdir/hadoop-ozone/integration-test/target/log,AVAILABLE}
2019-11-04 16:44:12,094 [main] INFO  handler.ContextHandler (ContextHandler.java:doStart(781)) - Started o.e.j.s.ServletContextHandler@b61edb9{/static,jar:file:/home/user/.m2/repository/org/apache/hadoop/hadoop-hdds-container-service/0.5.0-SNAPSHOT/hadoop-hdds-container-service-0.5.0-SNAPSHOT.jar!/webapps/static,AVAILABLE}
2019-11-04 16:44:12,122 [main] INFO  handler.ContextHandler (ContextHandler.java:doStart(781)) - Started o.e.j.w.WebAppContext@65f40689{/,file:///tmp/jetty-0.0.0.0-37324-hddsDatanode-_-any-826794665321590465.dir/webapp/,AVAILABLE}{/hddsDatanode}
2019-11-04 16:44:12,123 [main] INFO  server.AbstractConnector (AbstractConnector.java:doStart(278)) - Started ServerConnector@29be997f{HTTP/1.1,[http/1.1]}{0.0.0.0:37324}
2019-11-04 16:44:12,124 [main] INFO  server.Server (Server.java:doStart(419)) - Started @167049ms
2019-11-04 16:44:12,124 [main] WARN  impl.MetricsSystemImpl (MetricsSystemImpl.java:register(276)) - Sink prometheus already exists!
2019-11-04 16:44:12,125 [main] INFO  server.BaseHttpServer (BaseHttpServer.java:updateConnectorAddress(215)) - HTTP server of HDDSDATANODE is listening at http://0.0.0.0:37324
2019-11-04 16:44:12,126 [main] INFO  impl.MetricsSystemImpl (MetricsSystemImpl.java:init(158)) - HddsDatanode metrics system started (again)
2019-11-04 16:44:12,129 [org.apache.hadoop.util.JvmPauseMonitor$Monitor@7644a0b7] INFO  util.JvmPauseMonitor (JvmPauseMonitor.java:run(188)) - Starting JVM pause monitor
2019-11-04 16:44:12,129 [main] INFO  ozone.HddsDatanodeService (HddsDatanodeService.java:start(184)) - HddsDatanodeService host:pr-hdds-1643-sn7dj-2043761873 ip:192.168.157.194
2019-11-04 16:44:12,131 [Datanode State Machine Thread - 0] INFO  datanode.InitDatanodeState (InitDatanodeState.java:persistContainerDatanodeDetails(140)) - DatanodeDetails is persisted to /workdir/hadoop-ozone/integration-test/target/test-dir/MiniOzoneClusterImpl-fc53e19a-81f7-4cd9-8ff9-5415f8563367/datanode-3/meta/datanode.id
2019-11-04 16:44:12,135 [main] INFO  volume.HddsVolume (HddsVolume.java:<init>(176)) - Creating Volume: /workdir/hadoop-ozone/integration-test/target/test-dir/MiniOzoneClusterImpl-fc53e19a-81f7-4cd9-8ff9-5415f8563367/datanode-4/data/containers/hdds of  storage type : DISK and capacity : 1482555576320
2019-11-04 16:44:12,135 [main] INFO  volume.VolumeSet (VolumeSet.java:initializeVolumeSet(170)) - Added Volume : /workdir/hadoop-ozone/integration-test/target/test-dir/MiniOzoneClusterImpl-fc53e19a-81f7-4cd9-8ff9-5415f8563367/datanode-4/data/containers/hdds to VolumeSet
2019-11-04 16:44:12,135 [main] INFO  volume.ThrottledAsyncChecker (ThrottledAsyncChecker.java:schedule(141)) - Scheduling a check for /workdir/hadoop-ozone/integration-test/target/test-dir/MiniOzoneClusterImpl-fc53e19a-81f7-4cd9-8ff9-5415f8563367/datanode-4/data/containers/hdds
2019-11-04 16:44:12,136 [main] INFO  volume.HddsVolumeChecker (HddsVolumeChecker.java:checkAllVolumes(204)) - Scheduled health check for volume /workdir/hadoop-ozone/integration-test/target/test-dir/MiniOzoneClusterImpl-fc53e19a-81f7-4cd9-8ff9-5415f8563367/datanode-4/data/containers/hdds
2019-11-04 16:44:12,149 [main] INFO  impl.RaftServerProxy (ConfUtils.java:logGet(43)) - raft.rpc.type = GRPC (default)
2019-11-04 16:44:12,149 [main] INFO  grpc.GrpcFactory (GrpcFactory.java:checkPooledByteBufAllocatorUseCacheForAllThreads(45)) - PERFORMANCE WARNING: useCacheForAllThreads is true that may cause Netty to create a lot garbage objects and, as a result, trigger GC.
	It is recommended to disable useCacheForAllThreads by setting -Dorg.apache.ratis.thirdparty.io.netty.allocator.useCacheForAllThreads=false in command line.
2019-11-04 16:44:12,149 [main] INFO  grpc.GrpcConfigKeys$Server (ConfUtils.java:logGet(43)) - raft.grpc.server.port = 0 (default)
2019-11-04 16:44:12,149 [main] INFO  server.GrpcService (ConfUtils.java:logGet(43)) - raft.grpc.message.size.max = 33570816 (custom)
2019-11-04 16:44:12,149 [main] INFO  server.RaftServerConfigKeys (ConfUtils.java:logGet(43)) - raft.server.log.appender.buffer.byte-limit = 33554432 (custom)
2019-11-04 16:44:12,149 [main] INFO  server.GrpcService (ConfUtils.java:logGet(43)) - raft.grpc.flow.control.window = 1MB (=1048576) (default)
2019-11-04 16:44:12,150 [main] INFO  server.RaftServerConfigKeys (ConfUtils.java:logGet(43)) - raft.server.rpc.request.timeout = 3000ms (default)
2019-11-04 16:44:12,150 [main] INFO  server.RaftServerConfigKeys (ConfUtils.java:logGet(43)) - raft.server.storage.dir = [/workdir/hadoop-ozone/integration-test/target/test-dir/MiniOzoneClusterImpl-fc53e19a-81f7-4cd9-8ff9-5415f8563367/datanode-4/data/ratis] (custom)
2019-11-04 16:44:12,152 [main] INFO  hdfs.DFSUtil (DFSUtil.java:httpServerTemplateForNNAndJN(1641)) - Starting Web-server for hddsDatanode at: http://0.0.0.0:0
2019-11-04 16:44:12,153 [main] INFO  server.AuthenticationFilter (AuthenticationFilter.java:constructSecretProvider(240)) - Unable to initialize FileSignerSecretProvider, falling back to use random secrets.
2019-11-04 16:44:12,153 [main] WARN  http.HttpRequestLog (HttpRequestLog.java:getRequestLog(97)) - Jetty request log can only be enabled using Log4j
2019-11-04 16:44:12,155 [main] INFO  http.HttpServer2 (HttpServer2.java:addGlobalFilter(975)) - Added global filter 'safety' (class=org.apache.hadoop.http.HttpServer2$QuotingInputFilter)
2019-11-04 16:44:12,155 [main] INFO  http.HttpServer2 (HttpServer2.java:addFilter(948)) - Added filter static_user_filter (class=org.apache.hadoop.http.lib.StaticUserWebFilter$StaticUserFilter) to context hddsDatanode
2019-11-04 16:44:12,155 [main] INFO  http.HttpServer2 (HttpServer2.java:addFilter(958)) - Added filter static_user_filter (class=org.apache.hadoop.http.lib.StaticUserWebFilter$StaticUserFilter) to context static
2019-11-04 16:44:12,155 [main] INFO  http.HttpServer2 (HttpServer2.java:addFilter(958)) - Added filter static_user_filter (class=org.apache.hadoop.http.lib.StaticUserWebFilter$StaticUserFilter) to context logs
2019-11-04 16:44:12,156 [main] INFO  http.HttpServer2 (HttpServer2.java:bindListener(1191)) - Jetty bound to port 33811
2019-11-04 16:44:12,156 [main] INFO  server.Server (Server.java:doStart(351)) - jetty-9.3.25.v20180904, build timestamp: 2018-09-04T21:11:46Z, git hash: 3ce520221d0240229c862b122d2b06c12a625732
2019-11-04 16:44:12,158 [main] INFO  handler.ContextHandler (ContextHandler.java:doStart(781)) - Started o.e.j.s.ServletContextHandler@310ed6b4{/logs,file:///workdir/hadoop-ozone/integration-test/target/log,AVAILABLE}
2019-11-04 16:44:12,158 [main] INFO  handler.ContextHandler (ContextHandler.java:doStart(781)) - Started o.e.j.s.ServletContextHandler@630bf683{/static,jar:file:/home/user/.m2/repository/org/apache/hadoop/hadoop-hdds-container-service/0.5.0-SNAPSHOT/hadoop-hdds-container-service-0.5.0-SNAPSHOT.jar!/webapps/static,AVAILABLE}
2019-11-04 16:44:12,187 [main] INFO  handler.ContextHandler (ContextHandler.java:doStart(781)) - Started o.e.j.w.WebAppContext@57ddd45b{/,file:///tmp/jetty-0.0.0.0-33811-hddsDatanode-_-any-5750995730092693158.dir/webapp/,AVAILABLE}{/hddsDatanode}
2019-11-04 16:44:12,188 [main] INFO  server.AbstractConnector (AbstractConnector.java:doStart(278)) - Started ServerConnector@2e7bf7b7{HTTP/1.1,[http/1.1]}{0.0.0.0:33811}
2019-11-04 16:44:12,189 [main] INFO  server.Server (Server.java:doStart(419)) - Started @167114ms
2019-11-04 16:44:12,189 [main] WARN  impl.MetricsSystemImpl (MetricsSystemImpl.java:register(276)) - Sink prometheus already exists!
2019-11-04 16:44:12,190 [main] INFO  server.BaseHttpServer (BaseHttpServer.java:updateConnectorAddress(215)) - HTTP server of HDDSDATANODE is listening at http://0.0.0.0:33811
2019-11-04 16:44:12,190 [main] INFO  impl.MetricsSystemImpl (MetricsSystemImpl.java:init(158)) - HddsDatanode metrics system started (again)
2019-11-04 16:44:12,194 [main] INFO  ozone.HddsDatanodeService (HddsDatanodeService.java:start(184)) - HddsDatanodeService host:pr-hdds-1643-sn7dj-2043761873 ip:192.168.157.194
2019-11-04 16:44:12,194 [org.apache.hadoop.util.JvmPauseMonitor$Monitor@6286d02a] INFO  util.JvmPauseMonitor (JvmPauseMonitor.java:run(188)) - Starting JVM pause monitor
2019-11-04 16:44:12,196 [Datanode State Machine Thread - 0] INFO  datanode.InitDatanodeState (InitDatanodeState.java:persistContainerDatanodeDetails(140)) - DatanodeDetails is persisted to /workdir/hadoop-ozone/integration-test/target/test-dir/MiniOzoneClusterImpl-fc53e19a-81f7-4cd9-8ff9-5415f8563367/datanode-4/meta/datanode.id
2019-11-04 16:44:12,201 [main] INFO  volume.HddsVolume (HddsVolume.java:<init>(176)) - Creating Volume: /workdir/hadoop-ozone/integration-test/target/test-dir/MiniOzoneClusterImpl-fc53e19a-81f7-4cd9-8ff9-5415f8563367/datanode-5/data/containers/hdds of  storage type : DISK and capacity : 1482555576320
2019-11-04 16:44:12,202 [main] INFO  volume.VolumeSet (VolumeSet.java:initializeVolumeSet(170)) - Added Volume : /workdir/hadoop-ozone/integration-test/target/test-dir/MiniOzoneClusterImpl-fc53e19a-81f7-4cd9-8ff9-5415f8563367/datanode-5/data/containers/hdds to VolumeSet
2019-11-04 16:44:12,202 [main] INFO  volume.ThrottledAsyncChecker (ThrottledAsyncChecker.java:schedule(141)) - Scheduling a check for /workdir/hadoop-ozone/integration-test/target/test-dir/MiniOzoneClusterImpl-fc53e19a-81f7-4cd9-8ff9-5415f8563367/datanode-5/data/containers/hdds
2019-11-04 16:44:12,202 [main] INFO  volume.HddsVolumeChecker (HddsVolumeChecker.java:checkAllVolumes(204)) - Scheduled health check for volume /workdir/hadoop-ozone/integration-test/target/test-dir/MiniOzoneClusterImpl-fc53e19a-81f7-4cd9-8ff9-5415f8563367/datanode-5/data/containers/hdds
2019-11-04 16:44:12,215 [main] INFO  impl.RaftServerProxy (ConfUtils.java:logGet(43)) - raft.rpc.type = GRPC (default)
2019-11-04 16:44:12,215 [main] INFO  grpc.GrpcFactory (GrpcFactory.java:checkPooledByteBufAllocatorUseCacheForAllThreads(45)) - PERFORMANCE WARNING: useCacheForAllThreads is true that may cause Netty to create a lot garbage objects and, as a result, trigger GC.
	It is recommended to disable useCacheForAllThreads by setting -Dorg.apache.ratis.thirdparty.io.netty.allocator.useCacheForAllThreads=false in command line.
2019-11-04 16:44:12,215 [main] INFO  grpc.GrpcConfigKeys$Server (ConfUtils.java:logGet(43)) - raft.grpc.server.port = 0 (default)
2019-11-04 16:44:12,215 [main] INFO  server.GrpcService (ConfUtils.java:logGet(43)) - raft.grpc.message.size.max = 33570816 (custom)
2019-11-04 16:44:12,216 [main] INFO  server.RaftServerConfigKeys (ConfUtils.java:logGet(43)) - raft.server.log.appender.buffer.byte-limit = 33554432 (custom)
2019-11-04 16:44:12,216 [main] INFO  server.GrpcService (ConfUtils.java:logGet(43)) - raft.grpc.flow.control.window = 1MB (=1048576) (default)
2019-11-04 16:44:12,216 [main] INFO  server.RaftServerConfigKeys (ConfUtils.java:logGet(43)) - raft.server.rpc.request.timeout = 3000ms (default)
2019-11-04 16:44:12,216 [main] INFO  server.RaftServerConfigKeys (ConfUtils.java:logGet(43)) - raft.server.storage.dir = [/workdir/hadoop-ozone/integration-test/target/test-dir/MiniOzoneClusterImpl-fc53e19a-81f7-4cd9-8ff9-5415f8563367/datanode-5/data/ratis] (custom)
2019-11-04 16:44:12,218 [main] INFO  hdfs.DFSUtil (DFSUtil.java:httpServerTemplateForNNAndJN(1641)) - Starting Web-server for hddsDatanode at: http://0.0.0.0:0
2019-11-04 16:44:12,220 [main] INFO  server.AuthenticationFilter (AuthenticationFilter.java:constructSecretProvider(240)) - Unable to initialize FileSignerSecretProvider, falling back to use random secrets.
2019-11-04 16:44:12,220 [main] WARN  http.HttpRequestLog (HttpRequestLog.java:getRequestLog(97)) - Jetty request log can only be enabled using Log4j
2019-11-04 16:44:12,221 [main] INFO  http.HttpServer2 (HttpServer2.java:addGlobalFilter(975)) - Added global filter 'safety' (class=org.apache.hadoop.http.HttpServer2$QuotingInputFilter)
2019-11-04 16:44:12,221 [main] INFO  http.HttpServer2 (HttpServer2.java:addFilter(948)) - Added filter static_user_filter (class=org.apache.hadoop.http.lib.StaticUserWebFilter$StaticUserFilter) to context hddsDatanode
2019-11-04 16:44:12,222 [main] INFO  http.HttpServer2 (HttpServer2.java:addFilter(958)) - Added filter static_user_filter (class=org.apache.hadoop.http.lib.StaticUserWebFilter$StaticUserFilter) to context logs
2019-11-04 16:44:12,222 [main] INFO  http.HttpServer2 (HttpServer2.java:addFilter(958)) - Added filter static_user_filter (class=org.apache.hadoop.http.lib.StaticUserWebFilter$StaticUserFilter) to context static
2019-11-04 16:44:12,222 [main] INFO  http.HttpServer2 (HttpServer2.java:bindListener(1191)) - Jetty bound to port 36838
2019-11-04 16:44:12,222 [main] INFO  server.Server (Server.java:doStart(351)) - jetty-9.3.25.v20180904, build timestamp: 2018-09-04T21:11:46Z, git hash: 3ce520221d0240229c862b122d2b06c12a625732
2019-11-04 16:44:12,224 [main] INFO  handler.ContextHandler (ContextHandler.java:doStart(781)) - Started o.e.j.s.ServletContextHandler@2eda072{/logs,file:///workdir/hadoop-ozone/integration-test/target/log,AVAILABLE}
2019-11-04 16:44:12,224 [main] INFO  handler.ContextHandler (ContextHandler.java:doStart(781)) - Started o.e.j.s.ServletContextHandler@416d56f2{/static,jar:file:/home/user/.m2/repository/org/apache/hadoop/hadoop-hdds-container-service/0.5.0-SNAPSHOT/hadoop-hdds-container-service-0.5.0-SNAPSHOT.jar!/webapps/static,AVAILABLE}
2019-11-04 16:44:12,250 [main] INFO  handler.ContextHandler (ContextHandler.java:doStart(781)) - Started o.e.j.w.WebAppContext@41fa769c{/,file:///tmp/jetty-0.0.0.0-36838-hddsDatanode-_-any-3982169563421829030.dir/webapp/,AVAILABLE}{/hddsDatanode}
2019-11-04 16:44:12,251 [main] INFO  server.AbstractConnector (AbstractConnector.java:doStart(278)) - Started ServerConnector@40113163{HTTP/1.1,[http/1.1]}{0.0.0.0:36838}
2019-11-04 16:44:12,252 [main] INFO  server.Server (Server.java:doStart(419)) - Started @167177ms
2019-11-04 16:44:12,252 [main] WARN  impl.MetricsSystemImpl (MetricsSystemImpl.java:register(276)) - Sink prometheus already exists!
2019-11-04 16:44:12,253 [main] INFO  server.BaseHttpServer (BaseHttpServer.java:updateConnectorAddress(215)) - HTTP server of HDDSDATANODE is listening at http://0.0.0.0:36838
2019-11-04 16:44:12,253 [main] INFO  impl.MetricsSystemImpl (MetricsSystemImpl.java:init(158)) - HddsDatanode metrics system started (again)
2019-11-04 16:44:12,257 [org.apache.hadoop.util.JvmPauseMonitor$Monitor@3bb51f81] INFO  util.JvmPauseMonitor (JvmPauseMonitor.java:run(188)) - Starting JVM pause monitor
2019-11-04 16:44:12,257 [main] INFO  ozone.HddsDatanodeService (HddsDatanodeService.java:start(184)) - HddsDatanodeService host:pr-hdds-1643-sn7dj-2043761873 ip:192.168.157.194
2019-11-04 16:44:12,260 [Datanode State Machine Thread - 0] INFO  datanode.InitDatanodeState (InitDatanodeState.java:persistContainerDatanodeDetails(140)) - DatanodeDetails is persisted to /workdir/hadoop-ozone/integration-test/target/test-dir/MiniOzoneClusterImpl-fc53e19a-81f7-4cd9-8ff9-5415f8563367/datanode-5/meta/datanode.id
2019-11-04 16:44:12,264 [main] INFO  volume.HddsVolume (HddsVolume.java:<init>(176)) - Creating Volume: /workdir/hadoop-ozone/integration-test/target/test-dir/MiniOzoneClusterImpl-fc53e19a-81f7-4cd9-8ff9-5415f8563367/datanode-6/data/containers/hdds of  storage type : DISK and capacity : 1482555576320
2019-11-04 16:44:12,264 [main] INFO  volume.VolumeSet (VolumeSet.java:initializeVolumeSet(170)) - Added Volume : /workdir/hadoop-ozone/integration-test/target/test-dir/MiniOzoneClusterImpl-fc53e19a-81f7-4cd9-8ff9-5415f8563367/datanode-6/data/containers/hdds to VolumeSet
2019-11-04 16:44:12,264 [main] INFO  volume.ThrottledAsyncChecker (ThrottledAsyncChecker.java:schedule(141)) - Scheduling a check for /workdir/hadoop-ozone/integration-test/target/test-dir/MiniOzoneClusterImpl-fc53e19a-81f7-4cd9-8ff9-5415f8563367/datanode-6/data/containers/hdds
2019-11-04 16:44:12,265 [main] INFO  volume.HddsVolumeChecker (HddsVolumeChecker.java:checkAllVolumes(204)) - Scheduled health check for volume /workdir/hadoop-ozone/integration-test/target/test-dir/MiniOzoneClusterImpl-fc53e19a-81f7-4cd9-8ff9-5415f8563367/datanode-6/data/containers/hdds
2019-11-04 16:44:12,276 [main] INFO  impl.RaftServerProxy (ConfUtils.java:logGet(43)) - raft.rpc.type = GRPC (default)
2019-11-04 16:44:12,277 [main] INFO  grpc.GrpcFactory (GrpcFactory.java:checkPooledByteBufAllocatorUseCacheForAllThreads(45)) - PERFORMANCE WARNING: useCacheForAllThreads is true that may cause Netty to create a lot garbage objects and, as a result, trigger GC.
	It is recommended to disable useCacheForAllThreads by setting -Dorg.apache.ratis.thirdparty.io.netty.allocator.useCacheForAllThreads=false in command line.
2019-11-04 16:44:12,277 [main] INFO  grpc.GrpcConfigKeys$Server (ConfUtils.java:logGet(43)) - raft.grpc.server.port = 0 (default)
2019-11-04 16:44:12,277 [main] INFO  server.GrpcService (ConfUtils.java:logGet(43)) - raft.grpc.message.size.max = 33570816 (custom)
2019-11-04 16:44:12,277 [main] INFO  server.RaftServerConfigKeys (ConfUtils.java:logGet(43)) - raft.server.log.appender.buffer.byte-limit = 33554432 (custom)
2019-11-04 16:44:12,277 [main] INFO  server.GrpcService (ConfUtils.java:logGet(43)) - raft.grpc.flow.control.window = 1MB (=1048576) (default)
2019-11-04 16:44:12,277 [main] INFO  server.RaftServerConfigKeys (ConfUtils.java:logGet(43)) - raft.server.rpc.request.timeout = 3000ms (default)
2019-11-04 16:44:12,278 [main] INFO  server.RaftServerConfigKeys (ConfUtils.java:logGet(43)) - raft.server.storage.dir = [/workdir/hadoop-ozone/integration-test/target/test-dir/MiniOzoneClusterImpl-fc53e19a-81f7-4cd9-8ff9-5415f8563367/datanode-6/data/ratis] (custom)
2019-11-04 16:44:12,279 [main] INFO  hdfs.DFSUtil (DFSUtil.java:httpServerTemplateForNNAndJN(1641)) - Starting Web-server for hddsDatanode at: http://0.0.0.0:0
2019-11-04 16:44:12,283 [main] INFO  server.AuthenticationFilter (AuthenticationFilter.java:constructSecretProvider(240)) - Unable to initialize FileSignerSecretProvider, falling back to use random secrets.
2019-11-04 16:44:12,284 [main] WARN  http.HttpRequestLog (HttpRequestLog.java:getRequestLog(97)) - Jetty request log can only be enabled using Log4j
2019-11-04 16:44:12,285 [main] INFO  http.HttpServer2 (HttpServer2.java:addGlobalFilter(975)) - Added global filter 'safety' (class=org.apache.hadoop.http.HttpServer2$QuotingInputFilter)
2019-11-04 16:44:12,285 [main] INFO  http.HttpServer2 (HttpServer2.java:addFilter(948)) - Added filter static_user_filter (class=org.apache.hadoop.http.lib.StaticUserWebFilter$StaticUserFilter) to context hddsDatanode
2019-11-04 16:44:12,285 [main] INFO  http.HttpServer2 (HttpServer2.java:addFilter(958)) - Added filter static_user_filter (class=org.apache.hadoop.http.lib.StaticUserWebFilter$StaticUserFilter) to context static
2019-11-04 16:44:12,286 [main] INFO  http.HttpServer2 (HttpServer2.java:addFilter(958)) - Added filter static_user_filter (class=org.apache.hadoop.http.lib.StaticUserWebFilter$StaticUserFilter) to context logs
2019-11-04 16:44:12,286 [main] INFO  http.HttpServer2 (HttpServer2.java:bindListener(1191)) - Jetty bound to port 42643
2019-11-04 16:44:12,286 [main] INFO  server.Server (Server.java:doStart(351)) - jetty-9.3.25.v20180904, build timestamp: 2018-09-04T21:11:46Z, git hash: 3ce520221d0240229c862b122d2b06c12a625732
2019-11-04 16:44:12,288 [main] INFO  handler.ContextHandler (ContextHandler.java:doStart(781)) - Started o.e.j.s.ServletContextHandler@6baf25d7{/logs,file:///workdir/hadoop-ozone/integration-test/target/log,AVAILABLE}
2019-11-04 16:44:12,288 [main] INFO  handler.ContextHandler (ContextHandler.java:doStart(781)) - Started o.e.j.s.ServletContextHandler@5b5b59{/static,jar:file:/home/user/.m2/repository/org/apache/hadoop/hadoop-hdds-container-service/0.5.0-SNAPSHOT/hadoop-hdds-container-service-0.5.0-SNAPSHOT.jar!/webapps/static,AVAILABLE}
2019-11-04 16:44:12,315 [main] INFO  handler.ContextHandler (ContextHandler.java:doStart(781)) - Started o.e.j.w.WebAppContext@6ccac6f4{/,file:///tmp/jetty-0.0.0.0-42643-hddsDatanode-_-any-2470532115226175614.dir/webapp/,AVAILABLE}{/hddsDatanode}
2019-11-04 16:44:12,315 [main] INFO  server.AbstractConnector (AbstractConnector.java:doStart(278)) - Started ServerConnector@438c9aa7{HTTP/1.1,[http/1.1]}{0.0.0.0:42643}
2019-11-04 16:44:12,319 [main] INFO  server.Server (Server.java:doStart(419)) - Started @167244ms
2019-11-04 16:44:12,319 [main] WARN  impl.MetricsSystemImpl (MetricsSystemImpl.java:register(276)) - Sink prometheus already exists!
2019-11-04 16:44:12,320 [main] INFO  server.BaseHttpServer (BaseHttpServer.java:updateConnectorAddress(215)) - HTTP server of HDDSDATANODE is listening at http://0.0.0.0:42643
2019-11-04 16:44:12,320 [main] INFO  impl.MetricsSystemImpl (MetricsSystemImpl.java:init(158)) - HddsDatanode metrics system started (again)
2019-11-04 16:44:12,325 [org.apache.hadoop.util.JvmPauseMonitor$Monitor@2fea4417] INFO  util.JvmPauseMonitor (JvmPauseMonitor.java:run(188)) - Starting JVM pause monitor
2019-11-04 16:44:12,325 [main] INFO  ozone.HddsDatanodeService (HddsDatanodeService.java:start(184)) - HddsDatanodeService host:pr-hdds-1643-sn7dj-2043761873 ip:192.168.157.194
2019-11-04 16:44:12,327 [Datanode State Machine Thread - 0] INFO  datanode.InitDatanodeState (InitDatanodeState.java:persistContainerDatanodeDetails(140)) - DatanodeDetails is persisted to /workdir/hadoop-ozone/integration-test/target/test-dir/MiniOzoneClusterImpl-fc53e19a-81f7-4cd9-8ff9-5415f8563367/datanode-6/meta/datanode.id
2019-11-04 16:44:12,332 [main] INFO  volume.HddsVolume (HddsVolume.java:<init>(176)) - Creating Volume: /workdir/hadoop-ozone/integration-test/target/test-dir/MiniOzoneClusterImpl-fc53e19a-81f7-4cd9-8ff9-5415f8563367/datanode-7/data/containers/hdds of  storage type : DISK and capacity : 1482555576320
2019-11-04 16:44:12,332 [main] INFO  volume.VolumeSet (VolumeSet.java:initializeVolumeSet(170)) - Added Volume : /workdir/hadoop-ozone/integration-test/target/test-dir/MiniOzoneClusterImpl-fc53e19a-81f7-4cd9-8ff9-5415f8563367/datanode-7/data/containers/hdds to VolumeSet
2019-11-04 16:44:12,332 [main] INFO  volume.ThrottledAsyncChecker (ThrottledAsyncChecker.java:schedule(141)) - Scheduling a check for /workdir/hadoop-ozone/integration-test/target/test-dir/MiniOzoneClusterImpl-fc53e19a-81f7-4cd9-8ff9-5415f8563367/datanode-7/data/containers/hdds
2019-11-04 16:44:12,333 [main] INFO  volume.HddsVolumeChecker (HddsVolumeChecker.java:checkAllVolumes(204)) - Scheduled health check for volume /workdir/hadoop-ozone/integration-test/target/test-dir/MiniOzoneClusterImpl-fc53e19a-81f7-4cd9-8ff9-5415f8563367/datanode-7/data/containers/hdds
2019-11-04 16:44:12,346 [main] INFO  impl.RaftServerProxy (ConfUtils.java:logGet(43)) - raft.rpc.type = GRPC (default)
2019-11-04 16:44:12,346 [main] INFO  grpc.GrpcFactory (GrpcFactory.java:checkPooledByteBufAllocatorUseCacheForAllThreads(45)) - PERFORMANCE WARNING: useCacheForAllThreads is true that may cause Netty to create a lot garbage objects and, as a result, trigger GC.
	It is recommended to disable useCacheForAllThreads by setting -Dorg.apache.ratis.thirdparty.io.netty.allocator.useCacheForAllThreads=false in command line.
2019-11-04 16:44:12,346 [main] INFO  grpc.GrpcConfigKeys$Server (ConfUtils.java:logGet(43)) - raft.grpc.server.port = 0 (default)
2019-11-04 16:44:12,346 [main] INFO  server.GrpcService (ConfUtils.java:logGet(43)) - raft.grpc.message.size.max = 33570816 (custom)
2019-11-04 16:44:12,346 [main] INFO  server.RaftServerConfigKeys (ConfUtils.java:logGet(43)) - raft.server.log.appender.buffer.byte-limit = 33554432 (custom)
2019-11-04 16:44:12,346 [main] INFO  server.GrpcService (ConfUtils.java:logGet(43)) - raft.grpc.flow.control.window = 1MB (=1048576) (default)
2019-11-04 16:44:12,347 [main] INFO  server.RaftServerConfigKeys (ConfUtils.java:logGet(43)) - raft.server.rpc.request.timeout = 3000ms (default)
2019-11-04 16:44:12,347 [main] INFO  server.RaftServerConfigKeys (ConfUtils.java:logGet(43)) - raft.server.storage.dir = [/workdir/hadoop-ozone/integration-test/target/test-dir/MiniOzoneClusterImpl-fc53e19a-81f7-4cd9-8ff9-5415f8563367/datanode-7/data/ratis] (custom)
2019-11-04 16:44:12,348 [main] INFO  hdfs.DFSUtil (DFSUtil.java:httpServerTemplateForNNAndJN(1641)) - Starting Web-server for hddsDatanode at: http://0.0.0.0:0
2019-11-04 16:44:12,350 [main] INFO  server.AuthenticationFilter (AuthenticationFilter.java:constructSecretProvider(240)) - Unable to initialize FileSignerSecretProvider, falling back to use random secrets.
2019-11-04 16:44:12,350 [main] WARN  http.HttpRequestLog (HttpRequestLog.java:getRequestLog(97)) - Jetty request log can only be enabled using Log4j
2019-11-04 16:44:12,351 [main] INFO  http.HttpServer2 (HttpServer2.java:addGlobalFilter(975)) - Added global filter 'safety' (class=org.apache.hadoop.http.HttpServer2$QuotingInputFilter)
2019-11-04 16:44:12,351 [main] INFO  http.HttpServer2 (HttpServer2.java:addFilter(948)) - Added filter static_user_filter (class=org.apache.hadoop.http.lib.StaticUserWebFilter$StaticUserFilter) to context hddsDatanode
2019-11-04 16:44:12,352 [main] INFO  http.HttpServer2 (HttpServer2.java:addFilter(958)) - Added filter static_user_filter (class=org.apache.hadoop.http.lib.StaticUserWebFilter$StaticUserFilter) to context static
2019-11-04 16:44:12,352 [main] INFO  http.HttpServer2 (HttpServer2.java:addFilter(958)) - Added filter static_user_filter (class=org.apache.hadoop.http.lib.StaticUserWebFilter$StaticUserFilter) to context logs
2019-11-04 16:44:12,352 [main] INFO  http.HttpServer2 (HttpServer2.java:bindListener(1191)) - Jetty bound to port 36680
2019-11-04 16:44:12,353 [main] INFO  server.Server (Server.java:doStart(351)) - jetty-9.3.25.v20180904, build timestamp: 2018-09-04T21:11:46Z, git hash: 3ce520221d0240229c862b122d2b06c12a625732
2019-11-04 16:44:12,354 [main] INFO  handler.ContextHandler (ContextHandler.java:doStart(781)) - Started o.e.j.s.ServletContextHandler@40bb4f87{/logs,file:///workdir/hadoop-ozone/integration-test/target/log,AVAILABLE}
2019-11-04 16:44:12,354 [main] INFO  handler.ContextHandler (ContextHandler.java:doStart(781)) - Started o.e.j.s.ServletContextHandler@173f1614{/static,jar:file:/home/user/.m2/repository/org/apache/hadoop/hadoop-hdds-container-service/0.5.0-SNAPSHOT/hadoop-hdds-container-service-0.5.0-SNAPSHOT.jar!/webapps/static,AVAILABLE}
2019-11-04 16:44:12,380 [main] INFO  handler.ContextHandler (ContextHandler.java:doStart(781)) - Started o.e.j.w.WebAppContext@1526f71{/,file:///tmp/jetty-0.0.0.0-36680-hddsDatanode-_-any-2019127275267079716.dir/webapp/,AVAILABLE}{/hddsDatanode}
2019-11-04 16:44:12,381 [main] INFO  server.AbstractConnector (AbstractConnector.java:doStart(278)) - Started ServerConnector@49ca94a9{HTTP/1.1,[http/1.1]}{0.0.0.0:36680}
2019-11-04 16:44:12,382 [main] INFO  server.Server (Server.java:doStart(419)) - Started @167307ms
2019-11-04 16:44:12,382 [main] WARN  impl.MetricsSystemImpl (MetricsSystemImpl.java:register(276)) - Sink prometheus already exists!
2019-11-04 16:44:12,383 [main] INFO  server.BaseHttpServer (BaseHttpServer.java:updateConnectorAddress(215)) - HTTP server of HDDSDATANODE is listening at http://0.0.0.0:36680
2019-11-04 16:44:12,384 [main] INFO  impl.MetricsSystemImpl (MetricsSystemImpl.java:init(158)) - HddsDatanode metrics system started (again)
2019-11-04 16:44:12,388 [org.apache.hadoop.util.JvmPauseMonitor$Monitor@6d0fd85d] INFO  util.JvmPauseMonitor (JvmPauseMonitor.java:run(188)) - Starting JVM pause monitor
2019-11-04 16:44:12,389 [main] INFO  ozone.HddsDatanodeService (HddsDatanodeService.java:start(184)) - HddsDatanodeService host:pr-hdds-1643-sn7dj-2043761873 ip:192.168.157.194
2019-11-04 16:44:12,389 [Datanode State Machine Thread - 0] INFO  datanode.InitDatanodeState (InitDatanodeState.java:persistContainerDatanodeDetails(140)) - DatanodeDetails is persisted to /workdir/hadoop-ozone/integration-test/target/test-dir/MiniOzoneClusterImpl-fc53e19a-81f7-4cd9-8ff9-5415f8563367/datanode-7/meta/datanode.id
2019-11-04 16:44:12,399 [main] INFO  volume.HddsVolume (HddsVolume.java:<init>(176)) - Creating Volume: /workdir/hadoop-ozone/integration-test/target/test-dir/MiniOzoneClusterImpl-fc53e19a-81f7-4cd9-8ff9-5415f8563367/datanode-8/data/containers/hdds of  storage type : DISK and capacity : 1482555576320
2019-11-04 16:44:12,400 [main] INFO  volume.VolumeSet (VolumeSet.java:initializeVolumeSet(170)) - Added Volume : /workdir/hadoop-ozone/integration-test/target/test-dir/MiniOzoneClusterImpl-fc53e19a-81f7-4cd9-8ff9-5415f8563367/datanode-8/data/containers/hdds to VolumeSet
2019-11-04 16:44:12,400 [main] INFO  volume.ThrottledAsyncChecker (ThrottledAsyncChecker.java:schedule(141)) - Scheduling a check for /workdir/hadoop-ozone/integration-test/target/test-dir/MiniOzoneClusterImpl-fc53e19a-81f7-4cd9-8ff9-5415f8563367/datanode-8/data/containers/hdds
2019-11-04 16:44:12,400 [main] INFO  volume.HddsVolumeChecker (HddsVolumeChecker.java:checkAllVolumes(204)) - Scheduled health check for volume /workdir/hadoop-ozone/integration-test/target/test-dir/MiniOzoneClusterImpl-fc53e19a-81f7-4cd9-8ff9-5415f8563367/datanode-8/data/containers/hdds
2019-11-04 16:44:12,414 [main] INFO  impl.RaftServerProxy (ConfUtils.java:logGet(43)) - raft.rpc.type = GRPC (default)
2019-11-04 16:44:12,414 [main] INFO  grpc.GrpcFactory (GrpcFactory.java:checkPooledByteBufAllocatorUseCacheForAllThreads(45)) - PERFORMANCE WARNING: useCacheForAllThreads is true that may cause Netty to create a lot garbage objects and, as a result, trigger GC.
	It is recommended to disable useCacheForAllThreads by setting -Dorg.apache.ratis.thirdparty.io.netty.allocator.useCacheForAllThreads=false in command line.
2019-11-04 16:44:12,414 [main] INFO  grpc.GrpcConfigKeys$Server (ConfUtils.java:logGet(43)) - raft.grpc.server.port = 0 (default)
2019-11-04 16:44:12,414 [main] INFO  server.GrpcService (ConfUtils.java:logGet(43)) - raft.grpc.message.size.max = 33570816 (custom)
2019-11-04 16:44:12,415 [main] INFO  server.RaftServerConfigKeys (ConfUtils.java:logGet(43)) - raft.server.log.appender.buffer.byte-limit = 33554432 (custom)
2019-11-04 16:44:12,415 [main] INFO  server.GrpcService (ConfUtils.java:logGet(43)) - raft.grpc.flow.control.window = 1MB (=1048576) (default)
2019-11-04 16:44:12,415 [main] INFO  server.RaftServerConfigKeys (ConfUtils.java:logGet(43)) - raft.server.rpc.request.timeout = 3000ms (default)
2019-11-04 16:44:12,415 [main] INFO  server.RaftServerConfigKeys (ConfUtils.java:logGet(43)) - raft.server.storage.dir = [/workdir/hadoop-ozone/integration-test/target/test-dir/MiniOzoneClusterImpl-fc53e19a-81f7-4cd9-8ff9-5415f8563367/datanode-8/data/ratis] (custom)
2019-11-04 16:44:12,417 [main] INFO  hdfs.DFSUtil (DFSUtil.java:httpServerTemplateForNNAndJN(1641)) - Starting Web-server for hddsDatanode at: http://0.0.0.0:0
2019-11-04 16:44:12,418 [main] INFO  server.AuthenticationFilter (AuthenticationFilter.java:constructSecretProvider(240)) - Unable to initialize FileSignerSecretProvider, falling back to use random secrets.
2019-11-04 16:44:12,418 [main] WARN  http.HttpRequestLog (HttpRequestLog.java:getRequestLog(97)) - Jetty request log can only be enabled using Log4j
2019-11-04 16:44:12,420 [main] INFO  http.HttpServer2 (HttpServer2.java:addGlobalFilter(975)) - Added global filter 'safety' (class=org.apache.hadoop.http.HttpServer2$QuotingInputFilter)
2019-11-04 16:44:12,420 [main] INFO  http.HttpServer2 (HttpServer2.java:addFilter(948)) - Added filter static_user_filter (class=org.apache.hadoop.http.lib.StaticUserWebFilter$StaticUserFilter) to context hddsDatanode
2019-11-04 16:44:12,420 [main] INFO  http.HttpServer2 (HttpServer2.java:addFilter(958)) - Added filter static_user_filter (class=org.apache.hadoop.http.lib.StaticUserWebFilter$StaticUserFilter) to context static
2019-11-04 16:44:12,420 [main] INFO  http.HttpServer2 (HttpServer2.java:addFilter(958)) - Added filter static_user_filter (class=org.apache.hadoop.http.lib.StaticUserWebFilter$StaticUserFilter) to context logs
2019-11-04 16:44:12,421 [main] INFO  http.HttpServer2 (HttpServer2.java:bindListener(1191)) - Jetty bound to port 36642
2019-11-04 16:44:12,421 [main] INFO  server.Server (Server.java:doStart(351)) - jetty-9.3.25.v20180904, build timestamp: 2018-09-04T21:11:46Z, git hash: 3ce520221d0240229c862b122d2b06c12a625732
2019-11-04 16:44:12,423 [main] INFO  handler.ContextHandler (ContextHandler.java:doStart(781)) - Started o.e.j.s.ServletContextHandler@649f25f3{/logs,file:///workdir/hadoop-ozone/integration-test/target/log,AVAILABLE}
2019-11-04 16:44:12,423 [main] INFO  handler.ContextHandler (ContextHandler.java:doStart(781)) - Started o.e.j.s.ServletContextHandler@3b98b809{/static,jar:file:/home/user/.m2/repository/org/apache/hadoop/hadoop-hdds-container-service/0.5.0-SNAPSHOT/hadoop-hdds-container-service-0.5.0-SNAPSHOT.jar!/webapps/static,AVAILABLE}
2019-11-04 16:44:12,452 [main] INFO  handler.ContextHandler (ContextHandler.java:doStart(781)) - Started o.e.j.w.WebAppContext@5820070c{/,file:///tmp/jetty-0.0.0.0-36642-hddsDatanode-_-any-8494960963308761198.dir/webapp/,AVAILABLE}{/hddsDatanode}
2019-11-04 16:44:12,452 [main] INFO  server.AbstractConnector (AbstractConnector.java:doStart(278)) - Started ServerConnector@34208baa{HTTP/1.1,[http/1.1]}{0.0.0.0:36642}
2019-11-04 16:44:12,454 [main] INFO  server.Server (Server.java:doStart(419)) - Started @167378ms
2019-11-04 16:44:12,454 [main] WARN  impl.MetricsSystemImpl (MetricsSystemImpl.java:register(276)) - Sink prometheus already exists!
2019-11-04 16:44:12,455 [main] INFO  server.BaseHttpServer (BaseHttpServer.java:updateConnectorAddress(215)) - HTTP server of HDDSDATANODE is listening at http://0.0.0.0:36642
2019-11-04 16:44:12,455 [main] INFO  impl.MetricsSystemImpl (MetricsSystemImpl.java:init(158)) - HddsDatanode metrics system started (again)
2019-11-04 16:44:12,459 [org.apache.hadoop.util.JvmPauseMonitor$Monitor@70a0dee7] INFO  util.JvmPauseMonitor (JvmPauseMonitor.java:run(188)) - Starting JVM pause monitor
2019-11-04 16:44:12,460 [main] INFO  ozone.HddsDatanodeService (HddsDatanodeService.java:start(184)) - HddsDatanodeService host:pr-hdds-1643-sn7dj-2043761873 ip:192.168.157.194
2019-11-04 16:44:12,461 [Datanode State Machine Thread - 0] INFO  datanode.InitDatanodeState (InitDatanodeState.java:persistContainerDatanodeDetails(140)) - DatanodeDetails is persisted to /workdir/hadoop-ozone/integration-test/target/test-dir/MiniOzoneClusterImpl-fc53e19a-81f7-4cd9-8ff9-5415f8563367/datanode-8/meta/datanode.id
2019-11-04 16:44:12,466 [main] INFO  volume.HddsVolume (HddsVolume.java:<init>(176)) - Creating Volume: /workdir/hadoop-ozone/integration-test/target/test-dir/MiniOzoneClusterImpl-fc53e19a-81f7-4cd9-8ff9-5415f8563367/datanode-9/data/containers/hdds of  storage type : DISK and capacity : 1482555576320
2019-11-04 16:44:12,466 [main] INFO  volume.VolumeSet (VolumeSet.java:initializeVolumeSet(170)) - Added Volume : /workdir/hadoop-ozone/integration-test/target/test-dir/MiniOzoneClusterImpl-fc53e19a-81f7-4cd9-8ff9-5415f8563367/datanode-9/data/containers/hdds to VolumeSet
2019-11-04 16:44:12,466 [main] INFO  volume.ThrottledAsyncChecker (ThrottledAsyncChecker.java:schedule(141)) - Scheduling a check for /workdir/hadoop-ozone/integration-test/target/test-dir/MiniOzoneClusterImpl-fc53e19a-81f7-4cd9-8ff9-5415f8563367/datanode-9/data/containers/hdds
2019-11-04 16:44:12,467 [main] INFO  volume.HddsVolumeChecker (HddsVolumeChecker.java:checkAllVolumes(204)) - Scheduled health check for volume /workdir/hadoop-ozone/integration-test/target/test-dir/MiniOzoneClusterImpl-fc53e19a-81f7-4cd9-8ff9-5415f8563367/datanode-9/data/containers/hdds
2019-11-04 16:44:12,477 [main] INFO  impl.RaftServerProxy (ConfUtils.java:logGet(43)) - raft.rpc.type = GRPC (default)
2019-11-04 16:44:12,478 [main] INFO  grpc.GrpcFactory (GrpcFactory.java:checkPooledByteBufAllocatorUseCacheForAllThreads(45)) - PERFORMANCE WARNING: useCacheForAllThreads is true that may cause Netty to create a lot garbage objects and, as a result, trigger GC.
	It is recommended to disable useCacheForAllThreads by setting -Dorg.apache.ratis.thirdparty.io.netty.allocator.useCacheForAllThreads=false in command line.
2019-11-04 16:44:12,478 [main] INFO  grpc.GrpcConfigKeys$Server (ConfUtils.java:logGet(43)) - raft.grpc.server.port = 0 (default)
2019-11-04 16:44:12,478 [main] INFO  server.GrpcService (ConfUtils.java:logGet(43)) - raft.grpc.message.size.max = 33570816 (custom)
2019-11-04 16:44:12,478 [main] INFO  server.RaftServerConfigKeys (ConfUtils.java:logGet(43)) - raft.server.log.appender.buffer.byte-limit = 33554432 (custom)
2019-11-04 16:44:12,478 [main] INFO  server.GrpcService (ConfUtils.java:logGet(43)) - raft.grpc.flow.control.window = 1MB (=1048576) (default)
2019-11-04 16:44:12,478 [main] INFO  server.RaftServerConfigKeys (ConfUtils.java:logGet(43)) - raft.server.rpc.request.timeout = 3000ms (default)
2019-11-04 16:44:12,479 [main] INFO  server.RaftServerConfigKeys (ConfUtils.java:logGet(43)) - raft.server.storage.dir = [/workdir/hadoop-ozone/integration-test/target/test-dir/MiniOzoneClusterImpl-fc53e19a-81f7-4cd9-8ff9-5415f8563367/datanode-9/data/ratis] (custom)
2019-11-04 16:44:12,480 [main] INFO  hdfs.DFSUtil (DFSUtil.java:httpServerTemplateForNNAndJN(1641)) - Starting Web-server for hddsDatanode at: http://0.0.0.0:0
2019-11-04 16:44:12,481 [main] INFO  server.AuthenticationFilter (AuthenticationFilter.java:constructSecretProvider(240)) - Unable to initialize FileSignerSecretProvider, falling back to use random secrets.
2019-11-04 16:44:12,482 [main] WARN  http.HttpRequestLog (HttpRequestLog.java:getRequestLog(97)) - Jetty request log can only be enabled using Log4j
2019-11-04 16:44:12,483 [main] INFO  http.HttpServer2 (HttpServer2.java:addGlobalFilter(975)) - Added global filter 'safety' (class=org.apache.hadoop.http.HttpServer2$QuotingInputFilter)
2019-11-04 16:44:12,483 [main] INFO  http.HttpServer2 (HttpServer2.java:addFilter(948)) - Added filter static_user_filter (class=org.apache.hadoop.http.lib.StaticUserWebFilter$StaticUserFilter) to context hddsDatanode
2019-11-04 16:44:12,483 [main] INFO  http.HttpServer2 (HttpServer2.java:addFilter(958)) - Added filter static_user_filter (class=org.apache.hadoop.http.lib.StaticUserWebFilter$StaticUserFilter) to context logs
2019-11-04 16:44:12,484 [main] INFO  http.HttpServer2 (HttpServer2.java:addFilter(958)) - Added filter static_user_filter (class=org.apache.hadoop.http.lib.StaticUserWebFilter$StaticUserFilter) to context static
2019-11-04 16:44:12,484 [main] INFO  http.HttpServer2 (HttpServer2.java:bindListener(1191)) - Jetty bound to port 45427
2019-11-04 16:44:12,484 [main] INFO  server.Server (Server.java:doStart(351)) - jetty-9.3.25.v20180904, build timestamp: 2018-09-04T21:11:46Z, git hash: 3ce520221d0240229c862b122d2b06c12a625732
2019-11-04 16:44:12,486 [main] INFO  handler.ContextHandler (ContextHandler.java:doStart(781)) - Started o.e.j.s.ServletContextHandler@70d77826{/logs,file:///workdir/hadoop-ozone/integration-test/target/log,AVAILABLE}
2019-11-04 16:44:12,486 [main] INFO  handler.ContextHandler (ContextHandler.java:doStart(781)) - Started o.e.j.s.ServletContextHandler@4f169009{/static,jar:file:/home/user/.m2/repository/org/apache/hadoop/hadoop-hdds-container-service/0.5.0-SNAPSHOT/hadoop-hdds-container-service-0.5.0-SNAPSHOT.jar!/webapps/static,AVAILABLE}
2019-11-04 16:44:12,517 [main] INFO  handler.ContextHandler (ContextHandler.java:doStart(781)) - Started o.e.j.w.WebAppContext@49f3ff41{/,file:///tmp/jetty-0.0.0.0-45427-hddsDatanode-_-any-3352229597517115399.dir/webapp/,AVAILABLE}{/hddsDatanode}
2019-11-04 16:44:12,518 [main] INFO  server.AbstractConnector (AbstractConnector.java:doStart(278)) - Started ServerConnector@6cfbbff7{HTTP/1.1,[http/1.1]}{0.0.0.0:45427}
2019-11-04 16:44:12,519 [main] INFO  server.Server (Server.java:doStart(419)) - Started @167444ms
2019-11-04 16:44:12,519 [main] WARN  impl.MetricsSystemImpl (MetricsSystemImpl.java:register(276)) - Sink prometheus already exists!
2019-11-04 16:44:12,520 [main] INFO  server.BaseHttpServer (BaseHttpServer.java:updateConnectorAddress(215)) - HTTP server of HDDSDATANODE is listening at http://0.0.0.0:45427
2019-11-04 16:44:12,520 [main] INFO  ozone.MiniOzoneClusterImpl (MiniOzoneClusterImpl.java:lambda$waitForClusterToBeReady$0(147)) - Waiting for cluster to be ready. Got 0 of 10 DN Heartbeats.
2019-11-04 16:44:12,521 [org.apache.hadoop.util.JvmPauseMonitor$Monitor@4f854fba] INFO  util.JvmPauseMonitor (JvmPauseMonitor.java:run(188)) - Starting JVM pause monitor
2019-11-04 16:44:12,523 [Datanode State Machine Thread - 0] INFO  datanode.InitDatanodeState (InitDatanodeState.java:persistContainerDatanodeDetails(140)) - DatanodeDetails is persisted to /workdir/hadoop-ozone/integration-test/target/test-dir/MiniOzoneClusterImpl-fc53e19a-81f7-4cd9-8ff9-5415f8563367/datanode-9/meta/datanode.id
2019-11-04 16:44:13,521 [main] INFO  ozone.MiniOzoneClusterImpl (MiniOzoneClusterImpl.java:lambda$waitForClusterToBeReady$0(147)) - Waiting for cluster to be ready. Got 0 of 10 DN Heartbeats.
2019-11-04 16:44:13,946 [Datanode State Machine Thread - 0] INFO  ozoneimpl.OzoneContainer (OzoneContainer.java:start(213)) - Attempting to start container services.
2019-11-04 16:44:13,946 [Datanode State Machine Thread - 0] INFO  ozoneimpl.OzoneContainer (OzoneContainer.java:startContainerScrub(177)) - Background container scanner has been disabled.
2019-11-04 16:44:13,946 [Datanode State Machine Thread - 0] INFO  ratis.XceiverServerRatis (XceiverServerRatis.java:start(418)) - Starting XceiverServerRatis ecf1e98d-b2fc-47e5-b8be-57c275124ba2 at port 0
2019-11-04 16:44:13,952 [Datanode State Machine Thread - 0] INFO  impl.RaftServerProxy (RaftServerProxy.java:lambda$start$3(299)) - ecf1e98d-b2fc-47e5-b8be-57c275124ba2: start RPC server
2019-11-04 16:44:13,954 [Datanode State Machine Thread - 0] INFO  server.GrpcService (GrpcService.java:startImpl(158)) - ecf1e98d-b2fc-47e5-b8be-57c275124ba2: GrpcService started, listening on 0.0.0.0/0.0.0.0:39702
2019-11-04 16:44:13,954 [Datanode State Machine Thread - 0] INFO  ratis.XceiverServerRatis (XceiverServerRatis.java:start(428)) - XceiverServerRatis ecf1e98d-b2fc-47e5-b8be-57c275124ba2 is started using port 39702
2019-11-04 16:44:13,955 [Datanode State Machine Thread - 0] INFO  server.XceiverServerGrpc (XceiverServerGrpc.java:start(149)) - XceiverServerGrpc ecf1e98d-b2fc-47e5-b8be-57c275124ba2 is started using port 37393
2019-11-04 16:44:14,015 [Datanode State Machine Thread - 0] INFO  ozoneimpl.OzoneContainer (OzoneContainer.java:start(213)) - Attempting to start container services.
2019-11-04 16:44:14,016 [Datanode State Machine Thread - 0] INFO  ozoneimpl.OzoneContainer (OzoneContainer.java:startContainerScrub(177)) - Background container scanner has been disabled.
2019-11-04 16:44:14,016 [Datanode State Machine Thread - 0] INFO  ratis.XceiverServerRatis (XceiverServerRatis.java:start(418)) - Starting XceiverServerRatis fbe6c37d-8446-44da-8aed-2f4bcb7dfa1d at port 0
2019-11-04 16:44:14,021 [Datanode State Machine Thread - 0] INFO  impl.RaftServerProxy (RaftServerProxy.java:lambda$start$3(299)) - fbe6c37d-8446-44da-8aed-2f4bcb7dfa1d: start RPC server
2019-11-04 16:44:14,022 [Datanode State Machine Thread - 0] INFO  server.GrpcService (GrpcService.java:startImpl(158)) - fbe6c37d-8446-44da-8aed-2f4bcb7dfa1d: GrpcService started, listening on 0.0.0.0/0.0.0.0:33200
2019-11-04 16:44:14,022 [Datanode State Machine Thread - 0] INFO  ratis.XceiverServerRatis (XceiverServerRatis.java:start(428)) - XceiverServerRatis fbe6c37d-8446-44da-8aed-2f4bcb7dfa1d is started using port 33200
2019-11-04 16:44:14,023 [Datanode State Machine Thread - 0] INFO  server.XceiverServerGrpc (XceiverServerGrpc.java:start(149)) - XceiverServerGrpc fbe6c37d-8446-44da-8aed-2f4bcb7dfa1d is started using port 36592
2019-11-04 16:44:14,093 [Datanode State Machine Thread - 0] INFO  ozoneimpl.OzoneContainer (OzoneContainer.java:start(213)) - Attempting to start container services.
2019-11-04 16:44:14,093 [Datanode State Machine Thread - 0] INFO  ozoneimpl.OzoneContainer (OzoneContainer.java:startContainerScrub(177)) - Background container scanner has been disabled.
2019-11-04 16:44:14,093 [Datanode State Machine Thread - 0] INFO  ratis.XceiverServerRatis (XceiverServerRatis.java:start(418)) - Starting XceiverServerRatis bd536658-3060-4e5d-abcf-5a0f2f2366ba at port 0
2019-11-04 16:44:14,100 [Datanode State Machine Thread - 0] INFO  impl.RaftServerProxy (RaftServerProxy.java:lambda$start$3(299)) - bd536658-3060-4e5d-abcf-5a0f2f2366ba: start RPC server
2019-11-04 16:44:14,101 [Datanode State Machine Thread - 0] INFO  server.GrpcService (GrpcService.java:startImpl(158)) - bd536658-3060-4e5d-abcf-5a0f2f2366ba: GrpcService started, listening on 0.0.0.0/0.0.0.0:44879
2019-11-04 16:44:14,101 [Datanode State Machine Thread - 0] INFO  ratis.XceiverServerRatis (XceiverServerRatis.java:start(428)) - XceiverServerRatis bd536658-3060-4e5d-abcf-5a0f2f2366ba is started using port 44879
2019-11-04 16:44:14,102 [Datanode State Machine Thread - 0] INFO  server.XceiverServerGrpc (XceiverServerGrpc.java:start(149)) - XceiverServerGrpc bd536658-3060-4e5d-abcf-5a0f2f2366ba is started using port 34931
2019-11-04 16:44:14,144 [Datanode State Machine Thread - 0] INFO  ozoneimpl.OzoneContainer (OzoneContainer.java:start(213)) - Attempting to start container services.
2019-11-04 16:44:14,145 [Datanode State Machine Thread - 0] INFO  ozoneimpl.OzoneContainer (OzoneContainer.java:startContainerScrub(177)) - Background container scanner has been disabled.
2019-11-04 16:44:14,145 [Datanode State Machine Thread - 0] INFO  ratis.XceiverServerRatis (XceiverServerRatis.java:start(418)) - Starting XceiverServerRatis 48563c5b-b5db-49fb-a076-e15ebe20a2cc at port 0
2019-11-04 16:44:14,153 [Datanode State Machine Thread - 0] INFO  impl.RaftServerProxy (RaftServerProxy.java:lambda$start$3(299)) - 48563c5b-b5db-49fb-a076-e15ebe20a2cc: start RPC server
2019-11-04 16:44:14,156 [Datanode State Machine Thread - 0] INFO  server.GrpcService (GrpcService.java:startImpl(158)) - 48563c5b-b5db-49fb-a076-e15ebe20a2cc: GrpcService started, listening on 0.0.0.0/0.0.0.0:38528
2019-11-04 16:44:14,156 [Datanode State Machine Thread - 0] INFO  ratis.XceiverServerRatis (XceiverServerRatis.java:start(428)) - XceiverServerRatis 48563c5b-b5db-49fb-a076-e15ebe20a2cc is started using port 38528
2019-11-04 16:44:14,158 [Datanode State Machine Thread - 0] INFO  server.XceiverServerGrpc (XceiverServerGrpc.java:start(149)) - XceiverServerGrpc 48563c5b-b5db-49fb-a076-e15ebe20a2cc is started using port 37429
2019-11-04 16:44:14,199 [Datanode State Machine Thread - 0] INFO  ozoneimpl.OzoneContainer (OzoneContainer.java:start(213)) - Attempting to start container services.
2019-11-04 16:44:14,200 [Datanode State Machine Thread - 0] INFO  ozoneimpl.OzoneContainer (OzoneContainer.java:startContainerScrub(177)) - Background container scanner has been disabled.
2019-11-04 16:44:14,200 [Datanode State Machine Thread - 0] INFO  ratis.XceiverServerRatis (XceiverServerRatis.java:start(418)) - Starting XceiverServerRatis fde56d24-c59c-4768-b7bb-458466c8bfd3 at port 0
2019-11-04 16:44:14,207 [Datanode State Machine Thread - 0] INFO  impl.RaftServerProxy (RaftServerProxy.java:lambda$start$3(299)) - fde56d24-c59c-4768-b7bb-458466c8bfd3: start RPC server
2019-11-04 16:44:14,208 [Datanode State Machine Thread - 0] INFO  server.GrpcService (GrpcService.java:startImpl(158)) - fde56d24-c59c-4768-b7bb-458466c8bfd3: GrpcService started, listening on 0.0.0.0/0.0.0.0:38692
2019-11-04 16:44:14,208 [Datanode State Machine Thread - 0] INFO  ratis.XceiverServerRatis (XceiverServerRatis.java:start(428)) - XceiverServerRatis fde56d24-c59c-4768-b7bb-458466c8bfd3 is started using port 38692
2019-11-04 16:44:14,208 [Datanode State Machine Thread - 0] INFO  server.XceiverServerGrpc (XceiverServerGrpc.java:start(149)) - XceiverServerGrpc fde56d24-c59c-4768-b7bb-458466c8bfd3 is started using port 34302
2019-11-04 16:44:14,264 [Datanode State Machine Thread - 0] INFO  ozoneimpl.OzoneContainer (OzoneContainer.java:start(213)) - Attempting to start container services.
2019-11-04 16:44:14,267 [Datanode State Machine Thread - 0] INFO  ozoneimpl.OzoneContainer (OzoneContainer.java:startContainerScrub(177)) - Background container scanner has been disabled.
2019-11-04 16:44:14,267 [Datanode State Machine Thread - 0] INFO  ratis.XceiverServerRatis (XceiverServerRatis.java:start(418)) - Starting XceiverServerRatis 310fec98-d204-4cf8-8fe9-59f23e2a1bcf at port 0
2019-11-04 16:44:14,276 [Datanode State Machine Thread - 0] INFO  impl.RaftServerProxy (RaftServerProxy.java:lambda$start$3(299)) - 310fec98-d204-4cf8-8fe9-59f23e2a1bcf: start RPC server
2019-11-04 16:44:14,277 [Datanode State Machine Thread - 0] INFO  server.GrpcService (GrpcService.java:startImpl(158)) - 310fec98-d204-4cf8-8fe9-59f23e2a1bcf: GrpcService started, listening on 0.0.0.0/0.0.0.0:46041
2019-11-04 16:44:14,277 [Datanode State Machine Thread - 0] INFO  ratis.XceiverServerRatis (XceiverServerRatis.java:start(428)) - XceiverServerRatis 310fec98-d204-4cf8-8fe9-59f23e2a1bcf is started using port 46041
2019-11-04 16:44:14,278 [Datanode State Machine Thread - 0] INFO  server.XceiverServerGrpc (XceiverServerGrpc.java:start(149)) - XceiverServerGrpc 310fec98-d204-4cf8-8fe9-59f23e2a1bcf is started using port 34073
2019-11-04 16:44:14,353 [Datanode State Machine Thread - 0] INFO  ozoneimpl.OzoneContainer (OzoneContainer.java:start(213)) - Attempting to start container services.
2019-11-04 16:44:14,353 [Datanode State Machine Thread - 0] INFO  ozoneimpl.OzoneContainer (OzoneContainer.java:startContainerScrub(177)) - Background container scanner has been disabled.
2019-11-04 16:44:14,353 [Datanode State Machine Thread - 0] INFO  ratis.XceiverServerRatis (XceiverServerRatis.java:start(418)) - Starting XceiverServerRatis 870b78fc-9c71-4890-bcbd-559a464b0f22 at port 0
2019-11-04 16:44:14,360 [Datanode State Machine Thread - 0] INFO  impl.RaftServerProxy (RaftServerProxy.java:lambda$start$3(299)) - 870b78fc-9c71-4890-bcbd-559a464b0f22: start RPC server
2019-11-04 16:44:14,361 [Datanode State Machine Thread - 0] INFO  server.GrpcService (GrpcService.java:startImpl(158)) - 870b78fc-9c71-4890-bcbd-559a464b0f22: GrpcService started, listening on 0.0.0.0/0.0.0.0:42810
2019-11-04 16:44:14,361 [Datanode State Machine Thread - 0] INFO  ratis.XceiverServerRatis (XceiverServerRatis.java:start(428)) - XceiverServerRatis 870b78fc-9c71-4890-bcbd-559a464b0f22 is started using port 42810
2019-11-04 16:44:14,362 [Datanode State Machine Thread - 0] INFO  server.XceiverServerGrpc (XceiverServerGrpc.java:start(149)) - XceiverServerGrpc 870b78fc-9c71-4890-bcbd-559a464b0f22 is started using port 46133
2019-11-04 16:44:14,396 [Datanode State Machine Thread - 0] INFO  ozoneimpl.OzoneContainer (OzoneContainer.java:start(213)) - Attempting to start container services.
2019-11-04 16:44:14,397 [Datanode State Machine Thread - 0] INFO  ozoneimpl.OzoneContainer (OzoneContainer.java:startContainerScrub(177)) - Background container scanner has been disabled.
2019-11-04 16:44:14,397 [Datanode State Machine Thread - 0] INFO  ratis.XceiverServerRatis (XceiverServerRatis.java:start(418)) - Starting XceiverServerRatis f211638a-2c6b-4b58-9a41-810c99451672 at port 0
2019-11-04 16:44:14,403 [Datanode State Machine Thread - 0] INFO  impl.RaftServerProxy (RaftServerProxy.java:lambda$start$3(299)) - f211638a-2c6b-4b58-9a41-810c99451672: start RPC server
2019-11-04 16:44:14,412 [Datanode State Machine Thread - 0] INFO  server.GrpcService (GrpcService.java:startImpl(158)) - f211638a-2c6b-4b58-9a41-810c99451672: GrpcService started, listening on 0.0.0.0/0.0.0.0:34889
2019-11-04 16:44:14,413 [Datanode State Machine Thread - 0] INFO  ratis.XceiverServerRatis (XceiverServerRatis.java:start(428)) - XceiverServerRatis f211638a-2c6b-4b58-9a41-810c99451672 is started using port 34889
2019-11-04 16:44:14,413 [Datanode State Machine Thread - 0] INFO  server.XceiverServerGrpc (XceiverServerGrpc.java:start(149)) - XceiverServerGrpc f211638a-2c6b-4b58-9a41-810c99451672 is started using port 35072
2019-11-04 16:44:14,472 [Datanode State Machine Thread - 0] INFO  ozoneimpl.OzoneContainer (OzoneContainer.java:start(213)) - Attempting to start container services.
2019-11-04 16:44:14,472 [Datanode State Machine Thread - 0] INFO  ozoneimpl.OzoneContainer (OzoneContainer.java:startContainerScrub(177)) - Background container scanner has been disabled.
2019-11-04 16:44:14,472 [Datanode State Machine Thread - 0] INFO  ratis.XceiverServerRatis (XceiverServerRatis.java:start(418)) - Starting XceiverServerRatis 4a3c4c3d-58ac-48d0-a0eb-f2baa46d947b at port 0
2019-11-04 16:44:14,480 [Datanode State Machine Thread - 0] INFO  impl.RaftServerProxy (RaftServerProxy.java:lambda$start$3(299)) - 4a3c4c3d-58ac-48d0-a0eb-f2baa46d947b: start RPC server
2019-11-04 16:44:14,481 [Datanode State Machine Thread - 0] INFO  server.GrpcService (GrpcService.java:startImpl(158)) - 4a3c4c3d-58ac-48d0-a0eb-f2baa46d947b: GrpcService started, listening on 0.0.0.0/0.0.0.0:44377
2019-11-04 16:44:14,481 [Datanode State Machine Thread - 0] INFO  ratis.XceiverServerRatis (XceiverServerRatis.java:start(428)) - XceiverServerRatis 4a3c4c3d-58ac-48d0-a0eb-f2baa46d947b is started using port 44377
2019-11-04 16:44:14,481 [Datanode State Machine Thread - 0] INFO  server.XceiverServerGrpc (XceiverServerGrpc.java:start(149)) - XceiverServerGrpc 4a3c4c3d-58ac-48d0-a0eb-f2baa46d947b is started using port 35933
2019-11-04 16:44:14,521 [main] INFO  ozone.MiniOzoneClusterImpl (MiniOzoneClusterImpl.java:lambda$waitForClusterToBeReady$0(147)) - Waiting for cluster to be ready. Got 0 of 10 DN Heartbeats.
2019-11-04 16:44:14,536 [Datanode State Machine Thread - 0] INFO  ozoneimpl.OzoneContainer (OzoneContainer.java:start(213)) - Attempting to start container services.
2019-11-04 16:44:14,536 [Datanode State Machine Thread - 0] INFO  ozoneimpl.OzoneContainer (OzoneContainer.java:startContainerScrub(177)) - Background container scanner has been disabled.
2019-11-04 16:44:14,536 [Datanode State Machine Thread - 0] INFO  ratis.XceiverServerRatis (XceiverServerRatis.java:start(418)) - Starting XceiverServerRatis 12ef8381-6bca-4b0f-bb7d-1f83fcc2017f at port 0
2019-11-04 16:44:14,541 [Datanode State Machine Thread - 0] INFO  impl.RaftServerProxy (RaftServerProxy.java:lambda$start$3(299)) - 12ef8381-6bca-4b0f-bb7d-1f83fcc2017f: start RPC server
2019-11-04 16:44:14,542 [Datanode State Machine Thread - 0] INFO  server.GrpcService (GrpcService.java:startImpl(158)) - 12ef8381-6bca-4b0f-bb7d-1f83fcc2017f: GrpcService started, listening on 0.0.0.0/0.0.0.0:40544
2019-11-04 16:44:14,542 [Datanode State Machine Thread - 0] INFO  ratis.XceiverServerRatis (XceiverServerRatis.java:start(428)) - XceiverServerRatis 12ef8381-6bca-4b0f-bb7d-1f83fcc2017f is started using port 40544
2019-11-04 16:44:14,554 [Datanode State Machine Thread - 0] INFO  server.XceiverServerGrpc (XceiverServerGrpc.java:start(149)) - XceiverServerGrpc 12ef8381-6bca-4b0f-bb7d-1f83fcc2017f is started using port 33040
2019-11-04 16:44:15,522 [main] INFO  ozone.MiniOzoneClusterImpl (MiniOzoneClusterImpl.java:lambda$waitForClusterToBeReady$0(147)) - Waiting for cluster to be ready. Got 0 of 10 DN Heartbeats.
2019-11-04 16:44:15,937 [IPC Server handler 4 on 37266] INFO  net.NetworkTopology (NetworkTopologyImpl.java:add(111)) - Added a new node: /rack1/ecf1e98d-b2fc-47e5-b8be-57c275124ba2
2019-11-04 16:44:15,941 [IPC Server handler 4 on 37266] INFO  node.SCMNodeManager (SCMNodeManager.java:register(268)) - Registered Data node : ecf1e98d-b2fc-47e5-b8be-57c275124ba2{ip: 192.168.157.194, host: pr-hdds-1643-sn7dj-2043761873, networkLocation: /rack1, certSerialId: null}
2019-11-04 16:44:15,942 [EventQueue-NodeRegistrationContainerReportForDataNodeSafeModeRule] INFO  safemode.SCMSafeModeManager (DataNodeSafeModeRule.java:process(71)) - SCM in safe mode. 1 DataNodes registered, 1 required.
2019-11-04 16:44:15,946 [EventQueue-NodeRegistrationContainerReportForDataNodeSafeModeRule] INFO  safemode.SCMSafeModeManager (SCMSafeModeManager.java:validateSafeModeExitRules(177)) - ScmSafeModeManager, all rules are successfully validated
2019-11-04 16:44:15,946 [EventQueue-NodeRegistrationContainerReportForDataNodeSafeModeRule] INFO  safemode.SCMSafeModeManager (SCMSafeModeManager.java:exitSafeMode(193)) - SCM exiting safe mode.
2019-11-04 16:44:15,960 [grpc-default-executor-12] INFO  impl.RaftServerProxy (RaftServerProxy.java:addNew(89)) - ecf1e98d-b2fc-47e5-b8be-57c275124ba2: addNew group-F5EA50209E30:[ecf1e98d-b2fc-47e5-b8be-57c275124ba2:192.168.157.194:39702] returns group-F5EA50209E30:java.util.concurrent.CompletableFuture@72c65406[Not completed]
2019-11-04 16:44:15,962 [pool-161-thread-1] INFO  impl.RaftServerImpl (RaftServerImpl.java:<init>(104)) - ecf1e98d-b2fc-47e5-b8be-57c275124ba2: new RaftServerImpl for group-F5EA50209E30:[ecf1e98d-b2fc-47e5-b8be-57c275124ba2:192.168.157.194:39702] with ContainerStateMachine:uninitialized
2019-11-04 16:44:15,963 [pool-161-thread-1] INFO  server.RaftServerConfigKeys (ConfUtils.java:logGet(43)) - raft.server.rpc.timeout.min = 1s (custom)
2019-11-04 16:44:15,963 [pool-161-thread-1] INFO  server.RaftServerConfigKeys (ConfUtils.java:logGet(43)) - raft.server.rpc.timeout.max = 1200ms (custom)
2019-11-04 16:44:15,963 [pool-161-thread-1] INFO  server.RaftServerConfigKeys (ConfUtils.java:logGet(43)) - raft.server.rpcslowness.timeout = 120s (custom)
2019-11-04 16:44:15,963 [pool-161-thread-1] INFO  server.RaftServerConfigKeys (ConfUtils.java:logGet(43)) - raft.server.sleep.deviation.threshold = 300 (default)
2019-11-04 16:44:15,963 [pool-161-thread-1] INFO  server.RaftServerConfigKeys (ConfUtils.java:logGet(43)) - raft.server.log.appender.install.snapshot.enabled = false (custom)
2019-11-04 16:44:15,963 [pool-161-thread-1] INFO  impl.RaftServerImpl (ServerState.java:<init>(103)) - ecf1e98d-b2fc-47e5-b8be-57c275124ba2@group-F5EA50209E30: ConfigurationManager, init=-1: [ecf1e98d-b2fc-47e5-b8be-57c275124ba2:192.168.157.194:39702], old=null, confs=<EMPTY_MAP>
2019-11-04 16:44:15,964 [pool-161-thread-1] INFO  server.RaftServerConfigKeys (ConfUtils.java:logGet(43)) - raft.server.storage.dir = [/workdir/hadoop-ozone/integration-test/target/test-dir/MiniOzoneClusterImpl-fc53e19a-81f7-4cd9-8ff9-5415f8563367/datanode-0/data/ratis] (custom)
2019-11-04 16:44:15,964 [pool-161-thread-1] INFO  server.RaftServerConfigKeys (ConfUtils.java:logGet(43)) - raft.server.log.corruption.policy = EXCEPTION (default)
2019-11-04 16:44:15,964 [pool-161-thread-1] INFO  storage.RaftStorageDirectory (RaftStorageDirectory.java:analyzeStorage(246)) - The storage directory /workdir/hadoop-ozone/integration-test/target/test-dir/MiniOzoneClusterImpl-fc53e19a-81f7-4cd9-8ff9-5415f8563367/datanode-0/data/ratis/fc572303-bcc4-49c5-80e8-f5ea50209e30 does not exist. Creating ...
2019-11-04 16:44:16,005 [IPC Server handler 6 on 37266] INFO  net.NetworkTopology (NetworkTopologyImpl.java:add(111)) - Added a new node: /rack1/fbe6c37d-8446-44da-8aed-2f4bcb7dfa1d
2019-11-04 16:44:16,005 [IPC Server handler 6 on 37266] INFO  node.SCMNodeManager (SCMNodeManager.java:register(268)) - Registered Data node : fbe6c37d-8446-44da-8aed-2f4bcb7dfa1d{ip: 192.168.157.194, host: pr-hdds-1643-sn7dj-2043761873, networkLocation: /rack1, certSerialId: null}
2019-11-04 16:44:16,068 [IPC Server handler 5 on 37266] INFO  net.NetworkTopology (NetworkTopologyImpl.java:add(111)) - Added a new node: /rack1/bd536658-3060-4e5d-abcf-5a0f2f2366ba
2019-11-04 16:44:16,068 [IPC Server handler 5 on 37266] INFO  node.SCMNodeManager (SCMNodeManager.java:register(268)) - Registered Data node : bd536658-3060-4e5d-abcf-5a0f2f2366ba{ip: 192.168.157.194, host: pr-hdds-1643-sn7dj-2043761873, networkLocation: /rack1, certSerialId: null}
2019-11-04 16:44:16,130 [IPC Server handler 7 on 37266] INFO  net.NetworkTopology (NetworkTopologyImpl.java:add(111)) - Added a new node: /rack1/48563c5b-b5db-49fb-a076-e15ebe20a2cc
2019-11-04 16:44:16,130 [IPC Server handler 7 on 37266] INFO  node.SCMNodeManager (SCMNodeManager.java:register(268)) - Registered Data node : 48563c5b-b5db-49fb-a076-e15ebe20a2cc{ip: 192.168.157.194, host: pr-hdds-1643-sn7dj-2043761873, networkLocation: /rack1, certSerialId: null}
2019-11-04 16:44:16,195 [IPC Server handler 8 on 37266] INFO  net.NetworkTopology (NetworkTopologyImpl.java:add(111)) - Added a new node: /rack1/fde56d24-c59c-4768-b7bb-458466c8bfd3
2019-11-04 16:44:16,195 [IPC Server handler 8 on 37266] INFO  node.SCMNodeManager (SCMNodeManager.java:register(268)) - Registered Data node : fde56d24-c59c-4768-b7bb-458466c8bfd3{ip: 192.168.157.194, host: pr-hdds-1643-sn7dj-2043761873, networkLocation: /rack1, certSerialId: null}
2019-11-04 16:44:16,258 [IPC Server handler 9 on 37266] INFO  net.NetworkTopology (NetworkTopologyImpl.java:add(111)) - Added a new node: /rack1/310fec98-d204-4cf8-8fe9-59f23e2a1bcf
2019-11-04 16:44:16,258 [IPC Server handler 9 on 37266] INFO  node.SCMNodeManager (SCMNodeManager.java:register(268)) - Registered Data node : 310fec98-d204-4cf8-8fe9-59f23e2a1bcf{ip: 192.168.157.194, host: pr-hdds-1643-sn7dj-2043761873, networkLocation: /rack1, certSerialId: null}
2019-11-04 16:44:16,327 [IPC Server handler 0 on 37266] INFO  net.NetworkTopology (NetworkTopologyImpl.java:add(111)) - Added a new node: /rack1/870b78fc-9c71-4890-bcbd-559a464b0f22
2019-11-04 16:44:16,327 [IPC Server handler 0 on 37266] INFO  node.SCMNodeManager (SCMNodeManager.java:register(268)) - Registered Data node : 870b78fc-9c71-4890-bcbd-559a464b0f22{ip: 192.168.157.194, host: pr-hdds-1643-sn7dj-2043761873, networkLocation: /rack1, certSerialId: null}
2019-11-04 16:44:16,390 [IPC Server handler 1 on 37266] INFO  net.NetworkTopology (NetworkTopologyImpl.java:add(111)) - Added a new node: /rack1/f211638a-2c6b-4b58-9a41-810c99451672
2019-11-04 16:44:16,390 [IPC Server handler 1 on 37266] INFO  node.SCMNodeManager (SCMNodeManager.java:register(268)) - Registered Data node : f211638a-2c6b-4b58-9a41-810c99451672{ip: 192.168.157.194, host: pr-hdds-1643-sn7dj-2043761873, networkLocation: /rack1, certSerialId: null}
2019-11-04 16:44:16,461 [IPC Server handler 3 on 37266] INFO  net.NetworkTopology (NetworkTopologyImpl.java:add(111)) - Added a new node: /rack1/4a3c4c3d-58ac-48d0-a0eb-f2baa46d947b
2019-11-04 16:44:16,462 [IPC Server handler 3 on 37266] INFO  node.SCMNodeManager (SCMNodeManager.java:register(268)) - Registered Data node : 4a3c4c3d-58ac-48d0-a0eb-f2baa46d947b{ip: 192.168.157.194, host: pr-hdds-1643-sn7dj-2043761873, networkLocation: /rack1, certSerialId: null}
2019-11-04 16:44:16,522 [main] INFO  ozone.MiniOzoneClusterImpl (MiniOzoneClusterImpl.java:lambda$waitForClusterToBeReady$0(147)) - Waiting for cluster to be ready. Got 9 of 10 DN Heartbeats.
2019-11-04 16:44:16,523 [IPC Server handler 4 on 37266] INFO  net.NetworkTopology (NetworkTopologyImpl.java:add(111)) - Added a new node: /rack1/12ef8381-6bca-4b0f-bb7d-1f83fcc2017f
2019-11-04 16:44:16,523 [IPC Server handler 4 on 37266] INFO  node.SCMNodeManager (SCMNodeManager.java:register(268)) - Registered Data node : 12ef8381-6bca-4b0f-bb7d-1f83fcc2017f{ip: 192.168.157.194, host: pr-hdds-1643-sn7dj-2043761873, networkLocation: /rack1, certSerialId: null}
2019-11-04 16:44:17,523 [main] INFO  ozone.MiniOzoneClusterImpl (MiniOzoneClusterImpl.java:lambda$waitForClusterToBeReady$0(147)) - Cluster is ready. Got 10 of 10 DN Heartbeats.
2019-11-04 16:44:17,572 [main] INFO  rpc.RpcClient (RpcClient.java:createVolume(272)) - Creating Volume: datanodefailurehandlingtest, with jenkins1000 as owner.
2019-11-04 16:44:17,577 [IPC Server handler 1 on 38483] INFO  volume.OMVolumeCreateRequest (OMVolumeCreateRequest.java:validateAndUpdateCache(193)) - created volume:datanodefailurehandlingtest for user:jenkins1000
2019-11-04 16:44:17,599 [main] INFO  rpc.RpcClient (RpcClient.java:createBucket(411)) - Creating Bucket: datanodefailurehandlingtest/datanodefailurehandlingtest, with Versioning false and Storage Type set to DISK and Encryption set to false 
2019-11-04 16:44:17,621 [IPC Server handler 1 on 37507] INFO  server.SCMBlockProtocolServer (SCMBlockProtocolServer.java:allocateBlock(179)) - Allocating 1 blocks of size 4194304, with ExcludeList {datanodes = [], containerIds = [], pipelineIds = []}
2019-11-04 16:44:18,948 [Thread-21156] INFO  container.ReplicationManager (ReplicationManager.java:start(162)) - Starting Replication Monitor Thread.
2019-11-04 16:44:18,951 [ReplicationMonitor] INFO  container.ReplicationManager (ReplicationManager.java:run(225)) - Replication Monitor Thread took 0 milliseconds for processing 0 containers.
2019-11-04 16:44:18,957 [RATISCREATEPIPELINE1] ERROR pipeline.RatisPipelineProvider (RatisPipelineProvider.java:lambda$null$5(237)) - Failed invoke Ratis rpc org.apache.hadoop.hdds.scm.pipeline.RatisPipelineProvider$$Lambda$188/1993253886@3f4e9668 for ecf1e98d-b2fc-47e5-b8be-57c275124ba2
org.apache.ratis.protocol.TimeoutIOException
	at org.apache.ratis.grpc.GrpcUtil.tryUnwrapException(GrpcUtil.java:82)
	at org.apache.ratis.grpc.GrpcUtil.unwrapException(GrpcUtil.java:75)
	at org.apache.ratis.grpc.client.GrpcClientProtocolClient.blockingCall(GrpcClientProtocolClient.java:184)
	at org.apache.ratis.grpc.client.GrpcClientProtocolClient.groupAdd(GrpcClientProtocolClient.java:153)
	at org.apache.ratis.grpc.client.GrpcClientRpc.sendRequest(GrpcClientRpc.java:94)
	at org.apache.ratis.client.impl.RaftClientImpl.sendRequest(RaftClientImpl.java:278)
	at org.apache.ratis.client.impl.RaftClientImpl.groupAdd(RaftClientImpl.java:205)
	at org.apache.hadoop.hdds.scm.pipeline.RatisPipelineProvider.lambda$initializePipeline$4(RatisPipelineProvider.java:198)
	at org.apache.hadoop.hdds.scm.pipeline.RatisPipelineProvider.lambda$null$5(RatisPipelineProvider.java:233)
	at java.util.stream.ForEachOps$ForEachOp$OfRef.accept(ForEachOps.java:183)
	at java.util.ArrayList$ArrayListSpliterator.forEachRemaining(ArrayList.java:1382)
	at java.util.stream.AbstractPipeline.copyInto(AbstractPipeline.java:482)
	at java.util.stream.ForEachOps$ForEachTask.compute(ForEachOps.java:290)
	at java.util.concurrent.CountedCompleter.exec(CountedCompleter.java:731)
	at java.util.concurrent.ForkJoinTask.doExec(ForkJoinTask.java:289)
	at java.util.concurrent.ForkJoinTask.doInvoke(ForkJoinTask.java:401)
	at java.util.concurrent.ForkJoinTask.invoke(ForkJoinTask.java:734)
	at java.util.stream.ForEachOps$ForEachOp.evaluateParallel(ForEachOps.java:159)
	at java.util.stream.ForEachOps$ForEachOp$OfRef.evaluateParallel(ForEachOps.java:173)
	at java.util.stream.AbstractPipeline.evaluate(AbstractPipeline.java:233)
	at java.util.stream.ReferencePipeline.forEach(ReferencePipeline.java:485)
	at java.util.stream.ReferencePipeline$Head.forEach(ReferencePipeline.java:650)
	at org.apache.hadoop.hdds.scm.pipeline.RatisPipelineProvider.lambda$callRatisRpc$6(RatisPipelineProvider.java:227)
	at java.util.concurrent.ForkJoinTask$AdaptedRunnableAction.exec(ForkJoinTask.java:1386)
	at java.util.concurrent.ForkJoinTask.doExec(ForkJoinTask.java:289)
	at java.util.concurrent.ForkJoinPool$WorkQueue.runTask(ForkJoinPool.java:1056)
	at java.util.concurrent.ForkJoinPool.runWorker(ForkJoinPool.java:1692)
	at java.util.concurrent.ForkJoinWorkerThread.run(ForkJoinWorkerThread.java:157)
Caused by: org.apache.ratis.thirdparty.io.grpc.StatusRuntimeException: DEADLINE_EXCEEDED
	at org.apache.ratis.thirdparty.io.grpc.stub.ClientCalls.toStatusRuntimeException(ClientCalls.java:233)
	at org.apache.ratis.thirdparty.io.grpc.stub.ClientCalls.getUnchecked(ClientCalls.java:214)
	at org.apache.ratis.thirdparty.io.grpc.stub.ClientCalls.blockingUnaryCall(ClientCalls.java:139)
	at org.apache.ratis.proto.grpc.AdminProtocolServiceGrpc$AdminProtocolServiceBlockingStub.groupManagement(AdminProtocolServiceGrpc.java:274)
	at org.apache.ratis.grpc.client.GrpcClientProtocolClient.lambda$groupAdd$3(GrpcClientProtocolClient.java:155)
	at org.apache.ratis.grpc.client.GrpcClientProtocolClient.blockingCall(GrpcClientProtocolClient.java:182)
	... 25 more
2019-11-04 16:44:18,976 [grpc-default-executor-12] INFO  impl.RaftServerProxy (RaftServerProxy.java:addNew(89)) - f211638a-2c6b-4b58-9a41-810c99451672: addNew group-36B5FC60EDDD:[f211638a-2c6b-4b58-9a41-810c99451672:192.168.157.194:34889, fde56d24-c59c-4768-b7bb-458466c8bfd3:192.168.157.194:38692, fbe6c37d-8446-44da-8aed-2f4bcb7dfa1d:192.168.157.194:33200] returns group-36B5FC60EDDD:java.util.concurrent.CompletableFuture@1645e956[Not completed]
2019-11-04 16:44:18,978 [grpc-default-executor-3] INFO  impl.RaftServerProxy (RaftServerProxy.java:addNew(89)) - fbe6c37d-8446-44da-8aed-2f4bcb7dfa1d: addNew group-36B5FC60EDDD:[f211638a-2c6b-4b58-9a41-810c99451672:192.168.157.194:34889, fde56d24-c59c-4768-b7bb-458466c8bfd3:192.168.157.194:38692, fbe6c37d-8446-44da-8aed-2f4bcb7dfa1d:192.168.157.194:33200] returns group-36B5FC60EDDD:java.util.concurrent.CompletableFuture@7b3f1fee[Not completed]
2019-11-04 16:44:18,976 [grpc-default-executor-2] INFO  impl.RaftServerProxy (RaftServerProxy.java:addNew(89)) - fde56d24-c59c-4768-b7bb-458466c8bfd3: addNew group-36B5FC60EDDD:[f211638a-2c6b-4b58-9a41-810c99451672:192.168.157.194:34889, fde56d24-c59c-4768-b7bb-458466c8bfd3:192.168.157.194:38692, fbe6c37d-8446-44da-8aed-2f4bcb7dfa1d:192.168.157.194:33200] returns group-36B5FC60EDDD:java.util.concurrent.CompletableFuture@6d550f40[Not completed]
2019-11-04 16:44:18,980 [pool-231-thread-1] INFO  impl.RaftServerImpl (RaftServerImpl.java:<init>(104)) - f211638a-2c6b-4b58-9a41-810c99451672: new RaftServerImpl for group-36B5FC60EDDD:[f211638a-2c6b-4b58-9a41-810c99451672:192.168.157.194:34889, fde56d24-c59c-4768-b7bb-458466c8bfd3:192.168.157.194:38692, fbe6c37d-8446-44da-8aed-2f4bcb7dfa1d:192.168.157.194:33200] with ContainerStateMachine:uninitialized
2019-11-04 16:44:18,981 [pool-231-thread-1] INFO  server.RaftServerConfigKeys (ConfUtils.java:logGet(43)) - raft.server.rpc.timeout.min = 1s (custom)
2019-11-04 16:44:18,981 [pool-231-thread-1] INFO  server.RaftServerConfigKeys (ConfUtils.java:logGet(43)) - raft.server.rpc.timeout.max = 1200ms (custom)
2019-11-04 16:44:18,981 [pool-231-thread-1] INFO  server.RaftServerConfigKeys (ConfUtils.java:logGet(43)) - raft.server.rpcslowness.timeout = 120s (custom)
2019-11-04 16:44:18,981 [pool-231-thread-1] INFO  server.RaftServerConfigKeys (ConfUtils.java:logGet(43)) - raft.server.sleep.deviation.threshold = 300 (default)
2019-11-04 16:44:18,981 [pool-231-thread-1] INFO  server.RaftServerConfigKeys (ConfUtils.java:logGet(43)) - raft.server.log.appender.install.snapshot.enabled = false (custom)
2019-11-04 16:44:18,981 [pool-231-thread-1] INFO  impl.RaftServerImpl (ServerState.java:<init>(103)) - f211638a-2c6b-4b58-9a41-810c99451672@group-36B5FC60EDDD: ConfigurationManager, init=-1: [f211638a-2c6b-4b58-9a41-810c99451672:192.168.157.194:34889, fde56d24-c59c-4768-b7bb-458466c8bfd3:192.168.157.194:38692, fbe6c37d-8446-44da-8aed-2f4bcb7dfa1d:192.168.157.194:33200], old=null, confs=<EMPTY_MAP>
2019-11-04 16:44:18,981 [pool-201-thread-1] INFO  impl.RaftServerImpl (RaftServerImpl.java:<init>(104)) - fde56d24-c59c-4768-b7bb-458466c8bfd3: new RaftServerImpl for group-36B5FC60EDDD:[f211638a-2c6b-4b58-9a41-810c99451672:192.168.157.194:34889, fde56d24-c59c-4768-b7bb-458466c8bfd3:192.168.157.194:38692, fbe6c37d-8446-44da-8aed-2f4bcb7dfa1d:192.168.157.194:33200] with ContainerStateMachine:uninitialized
2019-11-04 16:44:18,981 [pool-231-thread-1] INFO  server.RaftServerConfigKeys (ConfUtils.java:logGet(43)) - raft.server.storage.dir = [/workdir/hadoop-ozone/integration-test/target/test-dir/MiniOzoneClusterImpl-fc53e19a-81f7-4cd9-8ff9-5415f8563367/datanode-7/data/ratis] (custom)
2019-11-04 16:44:18,982 [pool-201-thread-1] INFO  server.RaftServerConfigKeys (ConfUtils.java:logGet(43)) - raft.server.rpc.timeout.min = 1s (custom)
2019-11-04 16:44:18,982 [pool-201-thread-1] INFO  server.RaftServerConfigKeys (ConfUtils.java:logGet(43)) - raft.server.rpc.timeout.max = 1200ms (custom)
2019-11-04 16:44:18,982 [pool-171-thread-1] INFO  impl.RaftServerImpl (RaftServerImpl.java:<init>(104)) - fbe6c37d-8446-44da-8aed-2f4bcb7dfa1d: new RaftServerImpl for group-36B5FC60EDDD:[f211638a-2c6b-4b58-9a41-810c99451672:192.168.157.194:34889, fde56d24-c59c-4768-b7bb-458466c8bfd3:192.168.157.194:38692, fbe6c37d-8446-44da-8aed-2f4bcb7dfa1d:192.168.157.194:33200] with ContainerStateMachine:uninitialized
2019-11-04 16:44:18,982 [pool-231-thread-1] INFO  server.RaftServerConfigKeys (ConfUtils.java:logGet(43)) - raft.server.log.corruption.policy = EXCEPTION (default)
2019-11-04 16:44:18,982 [pool-171-thread-1] INFO  server.RaftServerConfigKeys (ConfUtils.java:logGet(43)) - raft.server.rpc.timeout.min = 1s (custom)
2019-11-04 16:44:18,982 [pool-171-thread-1] INFO  server.RaftServerConfigKeys (ConfUtils.java:logGet(43)) - raft.server.rpc.timeout.max = 1200ms (custom)
2019-11-04 16:44:18,982 [pool-201-thread-1] INFO  server.RaftServerConfigKeys (ConfUtils.java:logGet(43)) - raft.server.rpcslowness.timeout = 120s (custom)
2019-11-04 16:44:18,982 [pool-171-thread-1] INFO  server.RaftServerConfigKeys (ConfUtils.java:logGet(43)) - raft.server.rpcslowness.timeout = 120s (custom)
2019-11-04 16:44:18,982 [pool-231-thread-1] INFO  storage.RaftStorageDirectory (RaftStorageDirectory.java:analyzeStorage(246)) - The storage directory /workdir/hadoop-ozone/integration-test/target/test-dir/MiniOzoneClusterImpl-fc53e19a-81f7-4cd9-8ff9-5415f8563367/datanode-7/data/ratis/3d41ca62-1d32-46fb-b598-36b5fc60eddd does not exist. Creating ...
2019-11-04 16:44:18,983 [pool-171-thread-1] INFO  server.RaftServerConfigKeys (ConfUtils.java:logGet(43)) - raft.server.sleep.deviation.threshold = 300 (default)
2019-11-04 16:44:18,983 [pool-201-thread-1] INFO  server.RaftServerConfigKeys (ConfUtils.java:logGet(43)) - raft.server.sleep.deviation.threshold = 300 (default)
2019-11-04 16:44:18,983 [pool-171-thread-1] INFO  server.RaftServerConfigKeys (ConfUtils.java:logGet(43)) - raft.server.log.appender.install.snapshot.enabled = false (custom)
2019-11-04 16:44:18,983 [pool-201-thread-1] INFO  server.RaftServerConfigKeys (ConfUtils.java:logGet(43)) - raft.server.log.appender.install.snapshot.enabled = false (custom)
2019-11-04 16:44:18,983 [pool-171-thread-1] INFO  impl.RaftServerImpl (ServerState.java:<init>(103)) - fbe6c37d-8446-44da-8aed-2f4bcb7dfa1d@group-36B5FC60EDDD: ConfigurationManager, init=-1: [f211638a-2c6b-4b58-9a41-810c99451672:192.168.157.194:34889, fde56d24-c59c-4768-b7bb-458466c8bfd3:192.168.157.194:38692, fbe6c37d-8446-44da-8aed-2f4bcb7dfa1d:192.168.157.194:33200], old=null, confs=<EMPTY_MAP>
2019-11-04 16:44:18,983 [pool-201-thread-1] INFO  impl.RaftServerImpl (ServerState.java:<init>(103)) - fde56d24-c59c-4768-b7bb-458466c8bfd3@group-36B5FC60EDDD: ConfigurationManager, init=-1: [f211638a-2c6b-4b58-9a41-810c99451672:192.168.157.194:34889, fde56d24-c59c-4768-b7bb-458466c8bfd3:192.168.157.194:38692, fbe6c37d-8446-44da-8aed-2f4bcb7dfa1d:192.168.157.194:33200], old=null, confs=<EMPTY_MAP>
2019-11-04 16:44:18,983 [pool-171-thread-1] INFO  server.RaftServerConfigKeys (ConfUtils.java:logGet(43)) - raft.server.storage.dir = [/workdir/hadoop-ozone/integration-test/target/test-dir/MiniOzoneClusterImpl-fc53e19a-81f7-4cd9-8ff9-5415f8563367/datanode-1/data/ratis] (custom)
2019-11-04 16:44:18,984 [pool-201-thread-1] INFO  server.RaftServerConfigKeys (ConfUtils.java:logGet(43)) - raft.server.storage.dir = [/workdir/hadoop-ozone/integration-test/target/test-dir/MiniOzoneClusterImpl-fc53e19a-81f7-4cd9-8ff9-5415f8563367/datanode-4/data/ratis] (custom)
2019-11-04 16:44:18,984 [pool-171-thread-1] INFO  server.RaftServerConfigKeys (ConfUtils.java:logGet(43)) - raft.server.log.corruption.policy = EXCEPTION (default)
2019-11-04 16:44:18,984 [pool-201-thread-1] INFO  server.RaftServerConfigKeys (ConfUtils.java:logGet(43)) - raft.server.log.corruption.policy = EXCEPTION (default)
2019-11-04 16:44:18,984 [pool-171-thread-1] INFO  storage.RaftStorageDirectory (RaftStorageDirectory.java:analyzeStorage(246)) - The storage directory /workdir/hadoop-ozone/integration-test/target/test-dir/MiniOzoneClusterImpl-fc53e19a-81f7-4cd9-8ff9-5415f8563367/datanode-1/data/ratis/3d41ca62-1d32-46fb-b598-36b5fc60eddd does not exist. Creating ...
2019-11-04 16:44:18,984 [pool-201-thread-1] INFO  storage.RaftStorageDirectory (RaftStorageDirectory.java:analyzeStorage(246)) - The storage directory /workdir/hadoop-ozone/integration-test/target/test-dir/MiniOzoneClusterImpl-fc53e19a-81f7-4cd9-8ff9-5415f8563367/datanode-4/data/ratis/3d41ca62-1d32-46fb-b598-36b5fc60eddd does not exist. Creating ...
2019-11-04 16:44:21,974 [RATISCREATEPIPELINE3] ERROR pipeline.RatisPipelineProvider (RatisPipelineProvider.java:lambda$null$5(237)) - Failed invoke Ratis rpc org.apache.hadoop.hdds.scm.pipeline.RatisPipelineProvider$$Lambda$188/1993253886@42f55f44 for f211638a-2c6b-4b58-9a41-810c99451672
org.apache.ratis.protocol.TimeoutIOException: deadline exceeded after 2999908994ns
	at org.apache.ratis.grpc.GrpcUtil.tryUnwrapException(GrpcUtil.java:82)
	at org.apache.ratis.grpc.GrpcUtil.unwrapException(GrpcUtil.java:75)
	at org.apache.ratis.grpc.client.GrpcClientProtocolClient.blockingCall(GrpcClientProtocolClient.java:184)
	at org.apache.ratis.grpc.client.GrpcClientProtocolClient.groupAdd(GrpcClientProtocolClient.java:153)
	at org.apache.ratis.grpc.client.GrpcClientRpc.sendRequest(GrpcClientRpc.java:94)
	at org.apache.ratis.client.impl.RaftClientImpl.sendRequest(RaftClientImpl.java:278)
	at org.apache.ratis.client.impl.RaftClientImpl.groupAdd(RaftClientImpl.java:205)
	at org.apache.hadoop.hdds.scm.pipeline.RatisPipelineProvider.lambda$initializePipeline$4(RatisPipelineProvider.java:198)
	at org.apache.hadoop.hdds.scm.pipeline.RatisPipelineProvider.lambda$null$5(RatisPipelineProvider.java:233)
	at java.util.stream.ForEachOps$ForEachOp$OfRef.accept(ForEachOps.java:183)
	at java.util.ArrayList$ArrayListSpliterator.forEachRemaining(ArrayList.java:1382)
	at java.util.stream.AbstractPipeline.copyInto(AbstractPipeline.java:482)
	at java.util.stream.ForEachOps$ForEachTask.compute(ForEachOps.java:290)
	at java.util.concurrent.CountedCompleter.exec(CountedCompleter.java:731)
	at java.util.concurrent.ForkJoinTask.doExec(ForkJoinTask.java:289)
	at java.util.concurrent.ForkJoinPool$WorkQueue.runTask(ForkJoinPool.java:1056)
	at java.util.concurrent.ForkJoinPool.runWorker(ForkJoinPool.java:1692)
	at java.util.concurrent.ForkJoinWorkerThread.run(ForkJoinWorkerThread.java:157)
Caused by: org.apache.ratis.thirdparty.io.grpc.StatusRuntimeException: DEADLINE_EXCEEDED: deadline exceeded after 2999908994ns
	at org.apache.ratis.thirdparty.io.grpc.stub.ClientCalls.toStatusRuntimeException(ClientCalls.java:233)
	at org.apache.ratis.thirdparty.io.grpc.stub.ClientCalls.getUnchecked(ClientCalls.java:214)
	at org.apache.ratis.thirdparty.io.grpc.stub.ClientCalls.blockingUnaryCall(ClientCalls.java:139)
	at org.apache.ratis.proto.grpc.AdminProtocolServiceGrpc$AdminProtocolServiceBlockingStub.groupManagement(AdminProtocolServiceGrpc.java:274)
	at org.apache.ratis.grpc.client.GrpcClientProtocolClient.lambda$groupAdd$3(GrpcClientProtocolClient.java:155)
	at org.apache.ratis.grpc.client.GrpcClientProtocolClient.blockingCall(GrpcClientProtocolClient.java:182)
	... 15 more
2019-11-04 16:44:21,974 [RATISCREATEPIPELINE2] ERROR pipeline.RatisPipelineProvider (RatisPipelineProvider.java:lambda$null$5(237)) - Failed invoke Ratis rpc org.apache.hadoop.hdds.scm.pipeline.RatisPipelineProvider$$Lambda$188/1993253886@42f55f44 for fbe6c37d-8446-44da-8aed-2f4bcb7dfa1d
org.apache.ratis.protocol.TimeoutIOException: deadline exceeded after 2999877102ns
	at org.apache.ratis.grpc.GrpcUtil.tryUnwrapException(GrpcUtil.java:82)
	at org.apache.ratis.grpc.GrpcUtil.unwrapException(GrpcUtil.java:75)
	at org.apache.ratis.grpc.client.GrpcClientProtocolClient.blockingCall(GrpcClientProtocolClient.java:184)
	at org.apache.ratis.grpc.client.GrpcClientProtocolClient.groupAdd(GrpcClientProtocolClient.java:153)
	at org.apache.ratis.grpc.client.GrpcClientRpc.sendRequest(GrpcClientRpc.java:94)
	at org.apache.ratis.client.impl.RaftClientImpl.sendRequest(RaftClientImpl.java:278)
	at org.apache.ratis.client.impl.RaftClientImpl.groupAdd(RaftClientImpl.java:205)
	at org.apache.hadoop.hdds.scm.pipeline.RatisPipelineProvider.lambda$initializePipeline$4(RatisPipelineProvider.java:198)
	at org.apache.hadoop.hdds.scm.pipeline.RatisPipelineProvider.lambda$null$5(RatisPipelineProvider.java:233)
	at java.util.stream.ForEachOps$ForEachOp$OfRef.accept(ForEachOps.java:183)
	at java.util.ArrayList$ArrayListSpliterator.forEachRemaining(ArrayList.java:1382)
	at java.util.stream.AbstractPipeline.copyInto(AbstractPipeline.java:482)
	at java.util.stream.ForEachOps$ForEachTask.compute(ForEachOps.java:290)
	at java.util.concurrent.CountedCompleter.exec(CountedCompleter.java:731)
	at java.util.concurrent.ForkJoinTask.doExec(ForkJoinTask.java:289)
	at java.util.concurrent.ForkJoinPool$WorkQueue.runTask(ForkJoinPool.java:1056)
	at java.util.concurrent.ForkJoinPool.runWorker(ForkJoinPool.java:1692)
	at java.util.concurrent.ForkJoinWorkerThread.run(ForkJoinWorkerThread.java:157)
Caused by: org.apache.ratis.thirdparty.io.grpc.StatusRuntimeException: DEADLINE_EXCEEDED: deadline exceeded after 2999877102ns
	at org.apache.ratis.thirdparty.io.grpc.stub.ClientCalls.toStatusRuntimeException(ClientCalls.java:233)
	at org.apache.ratis.thirdparty.io.grpc.stub.ClientCalls.getUnchecked(ClientCalls.java:214)
	at org.apache.ratis.thirdparty.io.grpc.stub.ClientCalls.blockingUnaryCall(ClientCalls.java:139)
	at org.apache.ratis.proto.grpc.AdminProtocolServiceGrpc$AdminProtocolServiceBlockingStub.groupManagement(AdminProtocolServiceGrpc.java:274)
	at org.apache.ratis.grpc.client.GrpcClientProtocolClient.lambda$groupAdd$3(GrpcClientProtocolClient.java:155)
	at org.apache.ratis.grpc.client.GrpcClientProtocolClient.blockingCall(GrpcClientProtocolClient.java:182)
	... 15 more
2019-11-04 16:44:21,974 [RATISCREATEPIPELINE1] ERROR pipeline.RatisPipelineProvider (RatisPipelineProvider.java:lambda$null$5(237)) - Failed invoke Ratis rpc org.apache.hadoop.hdds.scm.pipeline.RatisPipelineProvider$$Lambda$188/1993253886@42f55f44 for fde56d24-c59c-4768-b7bb-458466c8bfd3
org.apache.ratis.protocol.TimeoutIOException: deadline exceeded after 2999917222ns
	at org.apache.ratis.grpc.GrpcUtil.tryUnwrapException(GrpcUtil.java:82)
	at org.apache.ratis.grpc.GrpcUtil.unwrapException(GrpcUtil.java:75)
	at org.apache.ratis.grpc.client.GrpcClientProtocolClient.blockingCall(GrpcClientProtocolClient.java:184)
	at org.apache.ratis.grpc.client.GrpcClientProtocolClient.groupAdd(GrpcClientProtocolClient.java:153)
	at org.apache.ratis.grpc.client.GrpcClientRpc.sendRequest(GrpcClientRpc.java:94)
	at org.apache.ratis.client.impl.RaftClientImpl.sendRequest(RaftClientImpl.java:278)
	at org.apache.ratis.client.impl.RaftClientImpl.groupAdd(RaftClientImpl.java:205)
	at org.apache.hadoop.hdds.scm.pipeline.RatisPipelineProvider.lambda$initializePipeline$4(RatisPipelineProvider.java:198)
	at org.apache.hadoop.hdds.scm.pipeline.RatisPipelineProvider.lambda$null$5(RatisPipelineProvider.java:233)
	at java.util.stream.ForEachOps$ForEachOp$OfRef.accept(ForEachOps.java:183)
	at java.util.ArrayList$ArrayListSpliterator.forEachRemaining(ArrayList.java:1382)
	at java.util.stream.AbstractPipeline.copyInto(AbstractPipeline.java:482)
	at java.util.stream.ForEachOps$ForEachTask.compute(ForEachOps.java:290)
	at java.util.concurrent.CountedCompleter.exec(CountedCompleter.java:731)
	at java.util.concurrent.ForkJoinTask.doExec(ForkJoinTask.java:289)
	at java.util.concurrent.ForkJoinTask.doInvoke(ForkJoinTask.java:401)
	at java.util.concurrent.ForkJoinTask.invoke(ForkJoinTask.java:734)
	at java.util.stream.ForEachOps$ForEachOp.evaluateParallel(ForEachOps.java:159)
	at java.util.stream.ForEachOps$ForEachOp$OfRef.evaluateParallel(ForEachOps.java:173)
	at java.util.stream.AbstractPipeline.evaluate(AbstractPipeline.java:233)
	at java.util.stream.ReferencePipeline.forEach(ReferencePipeline.java:485)
	at java.util.stream.ReferencePipeline$Head.forEach(ReferencePipeline.java:650)
	at org.apache.hadoop.hdds.scm.pipeline.RatisPipelineProvider.lambda$callRatisRpc$6(RatisPipelineProvider.java:227)
	at java.util.concurrent.ForkJoinTask$AdaptedRunnableAction.exec(ForkJoinTask.java:1386)
	at java.util.concurrent.ForkJoinTask.doExec(ForkJoinTask.java:289)
	at java.util.concurrent.ForkJoinPool$WorkQueue.runTask(ForkJoinPool.java:1056)
	at java.util.concurrent.ForkJoinPool.runWorker(ForkJoinPool.java:1692)
	at java.util.concurrent.ForkJoinWorkerThread.run(ForkJoinWorkerThread.java:157)
Caused by: org.apache.ratis.thirdparty.io.grpc.StatusRuntimeException: DEADLINE_EXCEEDED: deadline exceeded after 2999917222ns
	at org.apache.ratis.thirdparty.io.grpc.stub.ClientCalls.toStatusRuntimeException(ClientCalls.java:233)
	at org.apache.ratis.thirdparty.io.grpc.stub.ClientCalls.getUnchecked(ClientCalls.java:214)
	at org.apache.ratis.thirdparty.io.grpc.stub.ClientCalls.blockingUnaryCall(ClientCalls.java:139)
	at org.apache.ratis.proto.grpc.AdminProtocolServiceGrpc$AdminProtocolServiceBlockingStub.groupManagement(AdminProtocolServiceGrpc.java:274)
	at org.apache.ratis.grpc.client.GrpcClientProtocolClient.lambda$groupAdd$3(GrpcClientProtocolClient.java:155)
	at org.apache.ratis.grpc.client.GrpcClientProtocolClient.blockingCall(GrpcClientProtocolClient.java:182)
	... 25 more
2019-11-04 16:44:21,994 [grpc-default-executor-3] INFO  impl.RaftServerProxy (RaftServerProxy.java:addNew(89)) - fbe6c37d-8446-44da-8aed-2f4bcb7dfa1d: addNew group-519EBDD4BC94:[fbe6c37d-8446-44da-8aed-2f4bcb7dfa1d:192.168.157.194:33200] returns group-519EBDD4BC94:java.util.concurrent.CompletableFuture@52be845a[Not completed]
2019-11-04 16:44:22,009 [pool-161-thread-1] INFO  storage.RaftStorageDirectory (RaftStorageDirectory.java:tryLock(328)) - Lock on /workdir/hadoop-ozone/integration-test/target/test-dir/MiniOzoneClusterImpl-fc53e19a-81f7-4cd9-8ff9-5415f8563367/datanode-0/data/ratis/fc572303-bcc4-49c5-80e8-f5ea50209e30/in_use.lock acquired by nodename 16190@pr-hdds-1643-sn7dj-2043761873
2019-11-04 16:44:24,994 [RATISCREATEPIPELINE1] ERROR pipeline.RatisPipelineProvider (RatisPipelineProvider.java:lambda$null$5(237)) - Failed invoke Ratis rpc org.apache.hadoop.hdds.scm.pipeline.RatisPipelineProvider$$Lambda$188/1993253886@737b2fa0 for fbe6c37d-8446-44da-8aed-2f4bcb7dfa1d
org.apache.ratis.protocol.TimeoutIOException: deadline exceeded after 2999819840ns
	at org.apache.ratis.grpc.GrpcUtil.tryUnwrapException(GrpcUtil.java:82)
	at org.apache.ratis.grpc.GrpcUtil.unwrapException(GrpcUtil.java:75)
	at org.apache.ratis.grpc.client.GrpcClientProtocolClient.blockingCall(GrpcClientProtocolClient.java:184)
	at org.apache.ratis.grpc.client.GrpcClientProtocolClient.groupAdd(GrpcClientProtocolClient.java:153)
	at org.apache.ratis.grpc.client.GrpcClientRpc.sendRequest(GrpcClientRpc.java:94)
	at org.apache.ratis.client.impl.RaftClientImpl.sendRequest(RaftClientImpl.java:278)
	at org.apache.ratis.client.impl.RaftClientImpl.groupAdd(RaftClientImpl.java:205)
	at org.apache.hadoop.hdds.scm.pipeline.RatisPipelineProvider.lambda$initializePipeline$4(RatisPipelineProvider.java:198)
	at org.apache.hadoop.hdds.scm.pipeline.RatisPipelineProvider.lambda$null$5(RatisPipelineProvider.java:233)
	at java.util.stream.ForEachOps$ForEachOp$OfRef.accept(ForEachOps.java:183)
	at java.util.ArrayList$ArrayListSpliterator.forEachRemaining(ArrayList.java:1382)
	at java.util.stream.AbstractPipeline.copyInto(AbstractPipeline.java:482)
	at java.util.stream.ForEachOps$ForEachTask.compute(ForEachOps.java:290)
	at java.util.concurrent.CountedCompleter.exec(CountedCompleter.java:731)
	at java.util.concurrent.ForkJoinTask.doExec(ForkJoinTask.java:289)
	at java.util.concurrent.ForkJoinTask.doInvoke(ForkJoinTask.java:401)
	at java.util.concurrent.ForkJoinTask.invoke(ForkJoinTask.java:734)
	at java.util.stream.ForEachOps$ForEachOp.evaluateParallel(ForEachOps.java:159)
	at java.util.stream.ForEachOps$ForEachOp$OfRef.evaluateParallel(ForEachOps.java:173)
	at java.util.stream.AbstractPipeline.evaluate(AbstractPipeline.java:233)
	at java.util.stream.ReferencePipeline.forEach(ReferencePipeline.java:485)
	at java.util.stream.ReferencePipeline$Head.forEach(ReferencePipeline.java:650)
	at org.apache.hadoop.hdds.scm.pipeline.RatisPipelineProvider.lambda$callRatisRpc$6(RatisPipelineProvider.java:227)
	at java.util.concurrent.ForkJoinTask$AdaptedRunnableAction.exec(ForkJoinTask.java:1386)
	at java.util.concurrent.ForkJoinTask.doExec(ForkJoinTask.java:289)
	at java.util.concurrent.ForkJoinPool$WorkQueue.runTask(ForkJoinPool.java:1056)
	at java.util.concurrent.ForkJoinPool.runWorker(ForkJoinPool.java:1692)
	at java.util.concurrent.ForkJoinWorkerThread.run(ForkJoinWorkerThread.java:157)
Caused by: org.apache.ratis.thirdparty.io.grpc.StatusRuntimeException: DEADLINE_EXCEEDED: deadline exceeded after 2999819840ns
	at org.apache.ratis.thirdparty.io.grpc.stub.ClientCalls.toStatusRuntimeException(ClientCalls.java:233)
	at org.apache.ratis.thirdparty.io.grpc.stub.ClientCalls.getUnchecked(ClientCalls.java:214)
	at org.apache.ratis.thirdparty.io.grpc.stub.ClientCalls.blockingUnaryCall(ClientCalls.java:139)
	at org.apache.ratis.proto.grpc.AdminProtocolServiceGrpc$AdminProtocolServiceBlockingStub.groupManagement(AdminProtocolServiceGrpc.java:274)
	at org.apache.ratis.grpc.client.GrpcClientProtocolClient.lambda$groupAdd$3(GrpcClientProtocolClient.java:155)
	at org.apache.ratis.grpc.client.GrpcClientProtocolClient.blockingCall(GrpcClientProtocolClient.java:182)
	... 25 more
2019-11-04 16:44:25,020 [grpc-default-executor-2] INFO  impl.RaftServerProxy (RaftServerProxy.java:addNew(89)) - fde56d24-c59c-4768-b7bb-458466c8bfd3: addNew group-ED8F2B9D61A7:[f211638a-2c6b-4b58-9a41-810c99451672:192.168.157.194:34889, fde56d24-c59c-4768-b7bb-458466c8bfd3:192.168.157.194:38692, fbe6c37d-8446-44da-8aed-2f4bcb7dfa1d:192.168.157.194:33200] returns group-ED8F2B9D61A7:java.util.concurrent.CompletableFuture@41c0c8d3[Not completed]
2019-11-04 16:44:25,020 [grpc-default-executor-12] INFO  impl.RaftServerProxy (RaftServerProxy.java:addNew(89)) - fbe6c37d-8446-44da-8aed-2f4bcb7dfa1d: addNew group-ED8F2B9D61A7:[f211638a-2c6b-4b58-9a41-810c99451672:192.168.157.194:34889, fde56d24-c59c-4768-b7bb-458466c8bfd3:192.168.157.194:38692, fbe6c37d-8446-44da-8aed-2f4bcb7dfa1d:192.168.157.194:33200] returns group-ED8F2B9D61A7:java.util.concurrent.CompletableFuture@26a4deb4[Not completed]
2019-11-04 16:44:25,020 [grpc-default-executor-3] INFO  impl.RaftServerProxy (RaftServerProxy.java:addNew(89)) - f211638a-2c6b-4b58-9a41-810c99451672: addNew group-ED8F2B9D61A7:[f211638a-2c6b-4b58-9a41-810c99451672:192.168.157.194:34889, fde56d24-c59c-4768-b7bb-458466c8bfd3:192.168.157.194:38692, fbe6c37d-8446-44da-8aed-2f4bcb7dfa1d:192.168.157.194:33200] returns group-ED8F2B9D61A7:java.util.concurrent.CompletableFuture@21cb9deb[Not completed]
2019-11-04 16:44:28,019 [RATISCREATEPIPELINE3] ERROR pipeline.RatisPipelineProvider (RatisPipelineProvider.java:lambda$null$5(237)) - Failed invoke Ratis rpc org.apache.hadoop.hdds.scm.pipeline.RatisPipelineProvider$$Lambda$188/1993253886@6914631f for f211638a-2c6b-4b58-9a41-810c99451672
org.apache.ratis.protocol.TimeoutIOException: deadline exceeded after 2999753223ns
	at org.apache.ratis.grpc.GrpcUtil.tryUnwrapException(GrpcUtil.java:82)
	at org.apache.ratis.grpc.GrpcUtil.unwrapException(GrpcUtil.java:75)
	at org.apache.ratis.grpc.client.GrpcClientProtocolClient.blockingCall(GrpcClientProtocolClient.java:184)
	at org.apache.ratis.grpc.client.GrpcClientProtocolClient.groupAdd(GrpcClientProtocolClient.java:153)
	at org.apache.ratis.grpc.client.GrpcClientRpc.sendRequest(GrpcClientRpc.java:94)
	at org.apache.ratis.client.impl.RaftClientImpl.sendRequest(RaftClientImpl.java:278)
	at org.apache.ratis.client.impl.RaftClientImpl.groupAdd(RaftClientImpl.java:205)
	at org.apache.hadoop.hdds.scm.pipeline.RatisPipelineProvider.lambda$initializePipeline$4(RatisPipelineProvider.java:198)
	at org.apache.hadoop.hdds.scm.pipeline.RatisPipelineProvider.lambda$null$5(RatisPipelineProvider.java:233)
	at java.util.stream.ForEachOps$ForEachOp$OfRef.accept(ForEachOps.java:183)
	at java.util.ArrayList$ArrayListSpliterator.forEachRemaining(ArrayList.java:1382)
	at java.util.stream.AbstractPipeline.copyInto(AbstractPipeline.java:482)
	at java.util.stream.ForEachOps$ForEachTask.compute(ForEachOps.java:290)
	at java.util.concurrent.CountedCompleter.exec(CountedCompleter.java:731)
	at java.util.concurrent.ForkJoinTask.doExec(ForkJoinTask.java:289)
	at java.util.concurrent.ForkJoinPool$WorkQueue.runTask(ForkJoinPool.java:1056)
	at java.util.concurrent.ForkJoinPool.runWorker(ForkJoinPool.java:1692)
	at java.util.concurrent.ForkJoinWorkerThread.run(ForkJoinWorkerThread.java:157)
Caused by: org.apache.ratis.thirdparty.io.grpc.StatusRuntimeException: DEADLINE_EXCEEDED: deadline exceeded after 2999753223ns
	at org.apache.ratis.thirdparty.io.grpc.stub.ClientCalls.toStatusRuntimeException(ClientCalls.java:233)
	at org.apache.ratis.thirdparty.io.grpc.stub.ClientCalls.getUnchecked(ClientCalls.java:214)
	at org.apache.ratis.thirdparty.io.grpc.stub.ClientCalls.blockingUnaryCall(ClientCalls.java:139)
	at org.apache.ratis.proto.grpc.AdminProtocolServiceGrpc$AdminProtocolServiceBlockingStub.groupManagement(AdminProtocolServiceGrpc.java:274)
	at org.apache.ratis.grpc.client.GrpcClientProtocolClient.lambda$groupAdd$3(GrpcClientProtocolClient.java:155)
	at org.apache.ratis.grpc.client.GrpcClientProtocolClient.blockingCall(GrpcClientProtocolClient.java:182)
	... 15 more
2019-11-04 16:44:28,019 [RATISCREATEPIPELINE1] ERROR pipeline.RatisPipelineProvider (RatisPipelineProvider.java:lambda$null$5(237)) - Failed invoke Ratis rpc org.apache.hadoop.hdds.scm.pipeline.RatisPipelineProvider$$Lambda$188/1993253886@6914631f for fde56d24-c59c-4768-b7bb-458466c8bfd3
org.apache.ratis.protocol.TimeoutIOException: deadline exceeded after 2999414247ns
	at org.apache.ratis.grpc.GrpcUtil.tryUnwrapException(GrpcUtil.java:82)
	at org.apache.ratis.grpc.GrpcUtil.unwrapException(GrpcUtil.java:75)
	at org.apache.ratis.grpc.client.GrpcClientProtocolClient.blockingCall(GrpcClientProtocolClient.java:184)
	at org.apache.ratis.grpc.client.GrpcClientProtocolClient.groupAdd(GrpcClientProtocolClient.java:153)
	at org.apache.ratis.grpc.client.GrpcClientRpc.sendRequest(GrpcClientRpc.java:94)
	at org.apache.ratis.client.impl.RaftClientImpl.sendRequest(RaftClientImpl.java:278)
	at org.apache.ratis.client.impl.RaftClientImpl.groupAdd(RaftClientImpl.java:205)
	at org.apache.hadoop.hdds.scm.pipeline.RatisPipelineProvider.lambda$initializePipeline$4(RatisPipelineProvider.java:198)
	at org.apache.hadoop.hdds.scm.pipeline.RatisPipelineProvider.lambda$null$5(RatisPipelineProvider.java:233)
	at java.util.stream.ForEachOps$ForEachOp$OfRef.accept(ForEachOps.java:183)
	at java.util.ArrayList$ArrayListSpliterator.forEachRemaining(ArrayList.java:1382)
	at java.util.stream.AbstractPipeline.copyInto(AbstractPipeline.java:482)
	at java.util.stream.ForEachOps$ForEachTask.compute(ForEachOps.java:290)
	at java.util.concurrent.CountedCompleter.exec(CountedCompleter.java:731)
	at java.util.concurrent.ForkJoinTask.doExec(ForkJoinTask.java:289)
	at java.util.concurrent.ForkJoinTask.doInvoke(ForkJoinTask.java:401)
	at java.util.concurrent.ForkJoinTask.invoke(ForkJoinTask.java:734)
	at java.util.stream.ForEachOps$ForEachOp.evaluateParallel(ForEachOps.java:159)
	at java.util.stream.ForEachOps$ForEachOp$OfRef.evaluateParallel(ForEachOps.java:173)
	at java.util.stream.AbstractPipeline.evaluate(AbstractPipeline.java:233)
	at java.util.stream.ReferencePipeline.forEach(ReferencePipeline.java:485)
	at java.util.stream.ReferencePipeline$Head.forEach(ReferencePipeline.java:650)
	at org.apache.hadoop.hdds.scm.pipeline.RatisPipelineProvider.lambda$callRatisRpc$6(RatisPipelineProvider.java:227)
	at java.util.concurrent.ForkJoinTask$AdaptedRunnableAction.exec(ForkJoinTask.java:1386)
	at java.util.concurrent.ForkJoinTask.doExec(ForkJoinTask.java:289)
	at java.util.concurrent.ForkJoinPool$WorkQueue.runTask(ForkJoinPool.java:1056)
	at java.util.concurrent.ForkJoinPool.runWorker(ForkJoinPool.java:1692)
	at java.util.concurrent.ForkJoinWorkerThread.run(ForkJoinWorkerThread.java:157)
Caused by: org.apache.ratis.thirdparty.io.grpc.StatusRuntimeException: DEADLINE_EXCEEDED: deadline exceeded after 2999414247ns
	at org.apache.ratis.thirdparty.io.grpc.stub.ClientCalls.toStatusRuntimeException(ClientCalls.java:233)
	at org.apache.ratis.thirdparty.io.grpc.stub.ClientCalls.getUnchecked(ClientCalls.java:214)
	at org.apache.ratis.thirdparty.io.grpc.stub.ClientCalls.blockingUnaryCall(ClientCalls.java:139)
	at org.apache.ratis.proto.grpc.AdminProtocolServiceGrpc$AdminProtocolServiceBlockingStub.groupManagement(AdminProtocolServiceGrpc.java:274)
	at org.apache.ratis.grpc.client.GrpcClientProtocolClient.lambda$groupAdd$3(GrpcClientProtocolClient.java:155)
	at org.apache.ratis.grpc.client.GrpcClientProtocolClient.blockingCall(GrpcClientProtocolClient.java:182)
	... 25 more
2019-11-04 16:44:28,019 [RATISCREATEPIPELINE2] ERROR pipeline.RatisPipelineProvider (RatisPipelineProvider.java:lambda$null$5(237)) - Failed invoke Ratis rpc org.apache.hadoop.hdds.scm.pipeline.RatisPipelineProvider$$Lambda$188/1993253886@6914631f for fbe6c37d-8446-44da-8aed-2f4bcb7dfa1d
org.apache.ratis.protocol.TimeoutIOException
	at org.apache.ratis.grpc.GrpcUtil.tryUnwrapException(GrpcUtil.java:82)
	at org.apache.ratis.grpc.GrpcUtil.unwrapException(GrpcUtil.java:75)
	at org.apache.ratis.grpc.client.GrpcClientProtocolClient.blockingCall(GrpcClientProtocolClient.java:184)
	at org.apache.ratis.grpc.client.GrpcClientProtocolClient.groupAdd(GrpcClientProtocolClient.java:153)
	at org.apache.ratis.grpc.client.GrpcClientRpc.sendRequest(GrpcClientRpc.java:94)
	at org.apache.ratis.client.impl.RaftClientImpl.sendRequest(RaftClientImpl.java:278)
	at org.apache.ratis.client.impl.RaftClientImpl.groupAdd(RaftClientImpl.java:205)
	at org.apache.hadoop.hdds.scm.pipeline.RatisPipelineProvider.lambda$initializePipeline$4(RatisPipelineProvider.java:198)
	at org.apache.hadoop.hdds.scm.pipeline.RatisPipelineProvider.lambda$null$5(RatisPipelineProvider.java:233)
	at java.util.stream.ForEachOps$ForEachOp$OfRef.accept(ForEachOps.java:183)
	at java.util.ArrayList$ArrayListSpliterator.forEachRemaining(ArrayList.java:1382)
	at java.util.stream.AbstractPipeline.copyInto(AbstractPipeline.java:482)
	at java.util.stream.ForEachOps$ForEachTask.compute(ForEachOps.java:290)
	at java.util.concurrent.CountedCompleter.exec(CountedCompleter.java:731)
	at java.util.concurrent.ForkJoinTask.doExec(ForkJoinTask.java:289)
	at java.util.concurrent.ForkJoinPool$WorkQueue.runTask(ForkJoinPool.java:1056)
	at java.util.concurrent.ForkJoinPool.runWorker(ForkJoinPool.java:1692)
	at java.util.concurrent.ForkJoinWorkerThread.run(ForkJoinWorkerThread.java:157)
Caused by: org.apache.ratis.thirdparty.io.grpc.StatusRuntimeException: DEADLINE_EXCEEDED
	at org.apache.ratis.thirdparty.io.grpc.stub.ClientCalls.toStatusRuntimeException(ClientCalls.java:233)
	at org.apache.ratis.thirdparty.io.grpc.stub.ClientCalls.getUnchecked(ClientCalls.java:214)
	at org.apache.ratis.thirdparty.io.grpc.stub.ClientCalls.blockingUnaryCall(ClientCalls.java:139)
	at org.apache.ratis.proto.grpc.AdminProtocolServiceGrpc$AdminProtocolServiceBlockingStub.groupManagement(AdminProtocolServiceGrpc.java:274)
	at org.apache.ratis.grpc.client.GrpcClientProtocolClient.lambda$groupAdd$3(GrpcClientProtocolClient.java:155)
	at org.apache.ratis.grpc.client.GrpcClientProtocolClient.blockingCall(GrpcClientProtocolClient.java:182)
	... 15 more
2019-11-04 16:44:28,024 [IPC Server handler 1 on 37507] WARN  block.BlockManagerImpl (BlockManagerImpl.java:allocateBlock(200)) - Pipeline creation failed for type:RATIS factor:THREE. Retrying get pipelines call once.
org.apache.hadoop.io.MultipleIOException: 3 exceptions [java.io.IOException: Failed invoke Ratis rpc org.apache.hadoop.hdds.scm.pipeline.RatisPipelineProvider$$Lambda$188/1993253886@6914631f for f211638a-2c6b-4b58-9a41-810c99451672, java.io.IOException: Failed invoke Ratis rpc org.apache.hadoop.hdds.scm.pipeline.RatisPipelineProvider$$Lambda$188/1993253886@6914631f for fde56d24-c59c-4768-b7bb-458466c8bfd3, java.io.IOException: Failed invoke Ratis rpc org.apache.hadoop.hdds.scm.pipeline.RatisPipelineProvider$$Lambda$188/1993253886@6914631f for fbe6c37d-8446-44da-8aed-2f4bcb7dfa1d]
	at org.apache.hadoop.io.MultipleIOException.createIOException(MultipleIOException.java:53)
	at org.apache.hadoop.hdds.scm.pipeline.RatisPipelineProvider.callRatisRpc(RatisPipelineProvider.java:253)
	at org.apache.hadoop.hdds.scm.pipeline.RatisPipelineProvider.initializePipeline(RatisPipelineProvider.java:196)
	at org.apache.hadoop.hdds.scm.pipeline.RatisPipelineProvider.create(RatisPipelineProvider.java:163)
	at org.apache.hadoop.hdds.scm.pipeline.PipelineFactory.create(PipelineFactory.java:58)
	at org.apache.hadoop.hdds.scm.pipeline.SCMPipelineManager.createPipeline(SCMPipelineManager.java:155)
	at org.apache.hadoop.hdds.scm.block.BlockManagerImpl.allocateBlock(BlockManagerImpl.java:198)
	at org.apache.hadoop.hdds.scm.server.SCMBlockProtocolServer.allocateBlock(SCMBlockProtocolServer.java:184)
	at org.apache.hadoop.hdds.scm.protocol.ScmBlockLocationProtocolServerSideTranslatorPB.allocateScmBlock(ScmBlockLocationProtocolServerSideTranslatorPB.java:159)
	at org.apache.hadoop.hdds.scm.protocol.ScmBlockLocationProtocolServerSideTranslatorPB.processMessage(ScmBlockLocationProtocolServerSideTranslatorPB.java:117)
	at org.apache.hadoop.hdds.server.OzoneProtocolMessageDispatcher.processRequest(OzoneProtocolMessageDispatcher.java:72)
	at org.apache.hadoop.hdds.scm.protocol.ScmBlockLocationProtocolServerSideTranslatorPB.send(ScmBlockLocationProtocolServerSideTranslatorPB.java:98)
	at org.apache.hadoop.hdds.protocol.proto.ScmBlockLocationProtocolProtos$ScmBlockLocationProtocolService$2.callBlockingMethod(ScmBlockLocationProtocolProtos.java:13157)
	at org.apache.hadoop.ipc.ProtobufRpcEngine$Server$ProtoBufRpcInvoker.call(ProtobufRpcEngine.java:524)
	at org.apache.hadoop.ipc.RPC$Server.call(RPC.java:1025)
	at org.apache.hadoop.ipc.Server$RpcCall.run(Server.java:876)
	at org.apache.hadoop.ipc.Server$RpcCall.run(Server.java:822)
	at java.security.AccessController.doPrivileged(Native Method)
	at javax.security.auth.Subject.doAs(Subject.java:422)
	at org.apache.hadoop.security.UserGroupInformation.doAs(UserGroupInformation.java:1730)
	at org.apache.hadoop.ipc.Server$Handler.run(Server.java:2682)
2019-11-04 16:44:28,036 [grpc-default-executor-12] INFO  impl.RaftServerProxy (RaftServerProxy.java:addNew(89)) - fde56d24-c59c-4768-b7bb-458466c8bfd3: addNew group-47A9DBD71086:[f211638a-2c6b-4b58-9a41-810c99451672:192.168.157.194:34889, fde56d24-c59c-4768-b7bb-458466c8bfd3:192.168.157.194:38692, fbe6c37d-8446-44da-8aed-2f4bcb7dfa1d:192.168.157.194:33200] returns group-47A9DBD71086:java.util.concurrent.CompletableFuture@ee2726d[Not completed]
2019-11-04 16:44:28,036 [grpc-default-executor-11] INFO  impl.RaftServerProxy (RaftServerProxy.java:addNew(89)) - f211638a-2c6b-4b58-9a41-810c99451672: addNew group-47A9DBD71086:[f211638a-2c6b-4b58-9a41-810c99451672:192.168.157.194:34889, fde56d24-c59c-4768-b7bb-458466c8bfd3:192.168.157.194:38692, fbe6c37d-8446-44da-8aed-2f4bcb7dfa1d:192.168.157.194:33200] returns group-47A9DBD71086:java.util.concurrent.CompletableFuture@70e30b49[Not completed]
2019-11-04 16:44:28,036 [grpc-default-executor-3] INFO  impl.RaftServerProxy (RaftServerProxy.java:addNew(89)) - fbe6c37d-8446-44da-8aed-2f4bcb7dfa1d: addNew group-47A9DBD71086:[f211638a-2c6b-4b58-9a41-810c99451672:192.168.157.194:34889, fde56d24-c59c-4768-b7bb-458466c8bfd3:192.168.157.194:38692, fbe6c37d-8446-44da-8aed-2f4bcb7dfa1d:192.168.157.194:33200] returns group-47A9DBD71086:java.util.concurrent.CompletableFuture@2646be52[Not completed]
2019-11-04 16:44:29,423 [pool-231-thread-1] INFO  storage.RaftStorageDirectory (RaftStorageDirectory.java:tryLock(328)) - Lock on /workdir/hadoop-ozone/integration-test/target/test-dir/MiniOzoneClusterImpl-fc53e19a-81f7-4cd9-8ff9-5415f8563367/datanode-7/data/ratis/3d41ca62-1d32-46fb-b598-36b5fc60eddd/in_use.lock acquired by nodename 16190@pr-hdds-1643-sn7dj-2043761873
2019-11-04 16:44:29,423 [pool-171-thread-1] INFO  storage.RaftStorageDirectory (RaftStorageDirectory.java:tryLock(328)) - Lock on /workdir/hadoop-ozone/integration-test/target/test-dir/MiniOzoneClusterImpl-fc53e19a-81f7-4cd9-8ff9-5415f8563367/datanode-1/data/ratis/3d41ca62-1d32-46fb-b598-36b5fc60eddd/in_use.lock acquired by nodename 16190@pr-hdds-1643-sn7dj-2043761873
2019-11-04 16:44:29,423 [pool-201-thread-1] INFO  storage.RaftStorageDirectory (RaftStorageDirectory.java:tryLock(328)) - Lock on /workdir/hadoop-ozone/integration-test/target/test-dir/MiniOzoneClusterImpl-fc53e19a-81f7-4cd9-8ff9-5415f8563367/datanode-4/data/ratis/3d41ca62-1d32-46fb-b598-36b5fc60eddd/in_use.lock acquired by nodename 16190@pr-hdds-1643-sn7dj-2043761873
2019-11-04 16:44:31,035 [RATISCREATEPIPELINE2] ERROR pipeline.RatisPipelineProvider (RatisPipelineProvider.java:lambda$null$5(237)) - Failed invoke Ratis rpc org.apache.hadoop.hdds.scm.pipeline.RatisPipelineProvider$$Lambda$188/1993253886@76725025 for fbe6c37d-8446-44da-8aed-2f4bcb7dfa1d
org.apache.ratis.protocol.TimeoutIOException: deadline exceeded after 2999877022ns
	at org.apache.ratis.grpc.GrpcUtil.tryUnwrapException(GrpcUtil.java:82)
	at org.apache.ratis.grpc.GrpcUtil.unwrapException(GrpcUtil.java:75)
	at org.apache.ratis.grpc.client.GrpcClientProtocolClient.blockingCall(GrpcClientProtocolClient.java:184)
	at org.apache.ratis.grpc.client.GrpcClientProtocolClient.groupAdd(GrpcClientProtocolClient.java:153)
	at org.apache.ratis.grpc.client.GrpcClientRpc.sendRequest(GrpcClientRpc.java:94)
	at org.apache.ratis.client.impl.RaftClientImpl.sendRequest(RaftClientImpl.java:278)
	at org.apache.ratis.client.impl.RaftClientImpl.groupAdd(RaftClientImpl.java:205)
	at org.apache.hadoop.hdds.scm.pipeline.RatisPipelineProvider.lambda$initializePipeline$4(RatisPipelineProvider.java:198)
	at org.apache.hadoop.hdds.scm.pipeline.RatisPipelineProvider.lambda$null$5(RatisPipelineProvider.java:233)
	at java.util.stream.ForEachOps$ForEachOp$OfRef.accept(ForEachOps.java:183)
	at java.util.ArrayList$ArrayListSpliterator.forEachRemaining(ArrayList.java:1382)
	at java.util.stream.AbstractPipeline.copyInto(AbstractPipeline.java:482)
	at java.util.stream.ForEachOps$ForEachTask.compute(ForEachOps.java:290)
	at java.util.concurrent.CountedCompleter.exec(CountedCompleter.java:731)
	at java.util.concurrent.ForkJoinTask.doExec(ForkJoinTask.java:289)
	at java.util.concurrent.ForkJoinPool$WorkQueue.runTask(ForkJoinPool.java:1056)
	at java.util.concurrent.ForkJoinPool.runWorker(ForkJoinPool.java:1692)
	at java.util.concurrent.ForkJoinWorkerThread.run(ForkJoinWorkerThread.java:157)
Caused by: org.apache.ratis.thirdparty.io.grpc.StatusRuntimeException: DEADLINE_EXCEEDED: deadline exceeded after 2999877022ns
	at org.apache.ratis.thirdparty.io.grpc.stub.ClientCalls.toStatusRuntimeException(ClientCalls.java:233)
	at org.apache.ratis.thirdparty.io.grpc.stub.ClientCalls.getUnchecked(ClientCalls.java:214)
	at org.apache.ratis.thirdparty.io.grpc.stub.ClientCalls.blockingUnaryCall(ClientCalls.java:139)
	at org.apache.ratis.proto.grpc.AdminProtocolServiceGrpc$AdminProtocolServiceBlockingStub.groupManagement(AdminProtocolServiceGrpc.java:274)
	at org.apache.ratis.grpc.client.GrpcClientProtocolClient.lambda$groupAdd$3(GrpcClientProtocolClient.java:155)
	at org.apache.ratis.grpc.client.GrpcClientProtocolClient.blockingCall(GrpcClientProtocolClient.java:182)
	... 15 more
2019-11-04 16:44:31,035 [RATISCREATEPIPELINE3] ERROR pipeline.RatisPipelineProvider (RatisPipelineProvider.java:lambda$null$5(237)) - Failed invoke Ratis rpc org.apache.hadoop.hdds.scm.pipeline.RatisPipelineProvider$$Lambda$188/1993253886@76725025 for f211638a-2c6b-4b58-9a41-810c99451672
org.apache.ratis.protocol.TimeoutIOException
	at org.apache.ratis.grpc.GrpcUtil.tryUnwrapException(GrpcUtil.java:82)
	at org.apache.ratis.grpc.GrpcUtil.unwrapException(GrpcUtil.java:75)
	at org.apache.ratis.grpc.client.GrpcClientProtocolClient.blockingCall(GrpcClientProtocolClient.java:184)
	at org.apache.ratis.grpc.client.GrpcClientProtocolClient.groupAdd(GrpcClientProtocolClient.java:153)
	at org.apache.ratis.grpc.client.GrpcClientRpc.sendRequest(GrpcClientRpc.java:94)
	at org.apache.ratis.client.impl.RaftClientImpl.sendRequest(RaftClientImpl.java:278)
	at org.apache.ratis.client.impl.RaftClientImpl.groupAdd(RaftClientImpl.java:205)
	at org.apache.hadoop.hdds.scm.pipeline.RatisPipelineProvider.lambda$initializePipeline$4(RatisPipelineProvider.java:198)
	at org.apache.hadoop.hdds.scm.pipeline.RatisPipelineProvider.lambda$null$5(RatisPipelineProvider.java:233)
	at java.util.stream.ForEachOps$ForEachOp$OfRef.accept(ForEachOps.java:183)
	at java.util.ArrayList$ArrayListSpliterator.forEachRemaining(ArrayList.java:1382)
	at java.util.stream.AbstractPipeline.copyInto(AbstractPipeline.java:482)
	at java.util.stream.ForEachOps$ForEachTask.compute(ForEachOps.java:290)
	at java.util.concurrent.CountedCompleter.exec(CountedCompleter.java:731)
	at java.util.concurrent.ForkJoinTask.doExec(ForkJoinTask.java:289)
	at java.util.concurrent.ForkJoinPool$WorkQueue.runTask(ForkJoinPool.java:1056)
	at java.util.concurrent.ForkJoinPool.runWorker(ForkJoinPool.java:1692)
	at java.util.concurrent.ForkJoinWorkerThread.run(ForkJoinWorkerThread.java:157)
Caused by: org.apache.ratis.thirdparty.io.grpc.StatusRuntimeException: DEADLINE_EXCEEDED
	at org.apache.ratis.thirdparty.io.grpc.stub.ClientCalls.toStatusRuntimeException(ClientCalls.java:233)
	at org.apache.ratis.thirdparty.io.grpc.stub.ClientCalls.getUnchecked(ClientCalls.java:214)
	at org.apache.ratis.thirdparty.io.grpc.stub.ClientCalls.blockingUnaryCall(ClientCalls.java:139)
	at org.apache.ratis.proto.grpc.AdminProtocolServiceGrpc$AdminProtocolServiceBlockingStub.groupManagement(AdminProtocolServiceGrpc.java:274)
	at org.apache.ratis.grpc.client.GrpcClientProtocolClient.lambda$groupAdd$3(GrpcClientProtocolClient.java:155)
	at org.apache.ratis.grpc.client.GrpcClientProtocolClient.blockingCall(GrpcClientProtocolClient.java:182)
	... 15 more
2019-11-04 16:44:31,035 [RATISCREATEPIPELINE1] ERROR pipeline.RatisPipelineProvider (RatisPipelineProvider.java:lambda$null$5(237)) - Failed invoke Ratis rpc org.apache.hadoop.hdds.scm.pipeline.RatisPipelineProvider$$Lambda$188/1993253886@76725025 for fde56d24-c59c-4768-b7bb-458466c8bfd3
org.apache.ratis.protocol.TimeoutIOException: deadline exceeded after 2999496998ns
	at org.apache.ratis.grpc.GrpcUtil.tryUnwrapException(GrpcUtil.java:82)
	at org.apache.ratis.grpc.GrpcUtil.unwrapException(GrpcUtil.java:75)
	at org.apache.ratis.grpc.client.GrpcClientProtocolClient.blockingCall(GrpcClientProtocolClient.java:184)
	at org.apache.ratis.grpc.client.GrpcClientProtocolClient.groupAdd(GrpcClientProtocolClient.java:153)
	at org.apache.ratis.grpc.client.GrpcClientRpc.sendRequest(GrpcClientRpc.java:94)
	at org.apache.ratis.client.impl.RaftClientImpl.sendRequest(RaftClientImpl.java:278)
	at org.apache.ratis.client.impl.RaftClientImpl.groupAdd(RaftClientImpl.java:205)
	at org.apache.hadoop.hdds.scm.pipeline.RatisPipelineProvider.lambda$initializePipeline$4(RatisPipelineProvider.java:198)
	at org.apache.hadoop.hdds.scm.pipeline.RatisPipelineProvider.lambda$null$5(RatisPipelineProvider.java:233)
	at java.util.stream.ForEachOps$ForEachOp$OfRef.accept(ForEachOps.java:183)
	at java.util.ArrayList$ArrayListSpliterator.forEachRemaining(ArrayList.java:1382)
	at java.util.stream.AbstractPipeline.copyInto(AbstractPipeline.java:482)
	at java.util.stream.ForEachOps$ForEachTask.compute(ForEachOps.java:290)
	at java.util.concurrent.CountedCompleter.exec(CountedCompleter.java:731)
	at java.util.concurrent.ForkJoinTask.doExec(ForkJoinTask.java:289)
	at java.util.concurrent.ForkJoinTask.doInvoke(ForkJoinTask.java:401)
	at java.util.concurrent.ForkJoinTask.invoke(ForkJoinTask.java:734)
	at java.util.stream.ForEachOps$ForEachOp.evaluateParallel(ForEachOps.java:159)
	at java.util.stream.ForEachOps$ForEachOp$OfRef.evaluateParallel(ForEachOps.java:173)
	at java.util.stream.AbstractPipeline.evaluate(AbstractPipeline.java:233)
	at java.util.stream.ReferencePipeline.forEach(ReferencePipeline.java:485)
	at java.util.stream.ReferencePipeline$Head.forEach(ReferencePipeline.java:650)
	at org.apache.hadoop.hdds.scm.pipeline.RatisPipelineProvider.lambda$callRatisRpc$6(RatisPipelineProvider.java:227)
	at java.util.concurrent.ForkJoinTask$AdaptedRunnableAction.exec(ForkJoinTask.java:1386)
	at java.util.concurrent.ForkJoinTask.doExec(ForkJoinTask.java:289)
	at java.util.concurrent.ForkJoinPool$WorkQueue.runTask(ForkJoinPool.java:1056)
	at java.util.concurrent.ForkJoinPool.runWorker(ForkJoinPool.java:1692)
	at java.util.concurrent.ForkJoinWorkerThread.run(ForkJoinWorkerThread.java:157)
Caused by: org.apache.ratis.thirdparty.io.grpc.StatusRuntimeException: DEADLINE_EXCEEDED: deadline exceeded after 2999496998ns
	at org.apache.ratis.thirdparty.io.grpc.stub.ClientCalls.toStatusRuntimeException(ClientCalls.java:233)
	at org.apache.ratis.thirdparty.io.grpc.stub.ClientCalls.getUnchecked(ClientCalls.java:214)
	at org.apache.ratis.thirdparty.io.grpc.stub.ClientCalls.blockingUnaryCall(ClientCalls.java:139)
	at org.apache.ratis.proto.grpc.AdminProtocolServiceGrpc$AdminProtocolServiceBlockingStub.groupManagement(AdminProtocolServiceGrpc.java:274)
	at org.apache.ratis.grpc.client.GrpcClientProtocolClient.lambda$groupAdd$3(GrpcClientProtocolClient.java:155)
	at org.apache.ratis.grpc.client.GrpcClientProtocolClient.blockingCall(GrpcClientProtocolClient.java:182)
	... 25 more
2019-11-04 16:44:31,041 [IPC Server handler 1 on 37507] INFO  block.BlockManagerImpl (BlockManagerImpl.java:allocateBlock(212)) - Could not find available pipeline of type:RATIS and factor:THREE even after retrying
2019-11-04 16:44:31,042 [IPC Server handler 1 on 37507] ERROR block.BlockManagerImpl (BlockManagerImpl.java:allocateBlock(236)) - Unable to allocate a block for the size: 4194304, type: RATIS, factor: THREE
2019-11-04 16:44:31,048 [main] INFO  ozone.MiniOzoneClusterImpl (MiniOzoneClusterImpl.java:shutdown(314)) - Shutting down the Mini Ozone Cluster
2019-11-04 16:44:31,049 [main] INFO  ozone.MiniOzoneClusterImpl (MiniOzoneClusterImpl.java:stop(330)) - Stopping the Mini Ozone Cluster
2019-11-04 16:44:31,049 [main] INFO  ozone.MiniOzoneClusterImpl (MiniOzoneClusterImpl.java:stopOM(400)) - Stopping the OzoneManager
2019-11-04 16:44:31,049 [main] INFO  ipc.Server (Server.java:stop(3082)) - Stopping server on 38483
2019-11-04 16:44:31,075 [IPC Server listener on 38483] INFO  ipc.Server (Server.java:run(1185)) - Stopping IPC Server listener on 38483
2019-11-04 16:44:31,075 [IPC Server Responder] INFO  ipc.Server (Server.java:run(1319)) - Stopping IPC Server Responder
2019-11-04 16:44:31,075 [main] INFO  ratis.OzoneManagerDoubleBuffer (OzoneManagerDoubleBuffer.java:stop(250)) - Stopping OMDoubleBuffer flush thread
2019-11-04 16:44:31,077 [OMDoubleBufferFlushThread] INFO  ratis.OzoneManagerDoubleBuffer (OzoneManagerDoubleBuffer.java:flushTransactions(193)) - OMDoubleBuffer flush thread OMDoubleBufferFlushThread is interrupted and will exit. OMDoubleBufferFlushThread
2019-11-04 16:44:31,077 [main] INFO  utils.BackgroundService (BackgroundService.java:shutdown(151)) - Shutting down service KeyDeletingService
2019-11-04 16:44:31,080 [main] INFO  handler.ContextHandler (ContextHandler.java:doStop(910)) - Stopped o.e.j.w.WebAppContext@58b5a2f3{/,null,UNAVAILABLE}{/ozoneManager}
2019-11-04 16:44:31,080 [main] INFO  server.AbstractConnector (AbstractConnector.java:doStop(318)) - Stopped ServerConnector@25f15f50{HTTP/1.1,[http/1.1]}{0.0.0.0:0}
2019-11-04 16:44:31,081 [main] INFO  handler.ContextHandler (ContextHandler.java:doStop(910)) - Stopped o.e.j.s.ServletContextHandler@1668919e{/static,file:///workdir/hadoop-ozone/integration-test/target/test-classes/webapps/static,UNAVAILABLE}
2019-11-04 16:44:31,081 [main] INFO  handler.ContextHandler (ContextHandler.java:doStop(910)) - Stopped o.e.j.s.ServletContextHandler@2c7db926{/logs,file:///workdir/hadoop-ozone/integration-test/target/log,UNAVAILABLE}
2019-11-04 16:44:31,084 [main] INFO  ozone.MiniOzoneClusterImpl (MiniOzoneClusterImpl.java:stopDatanodes(377)) - Stopping the HddsDatanodes
2019-11-04 16:44:31,260 [Datanode State Machine Thread - 0] INFO  statemachine.DatanodeStateMachine (DatanodeStateMachine.java:lambda$startDaemon$0(350)) - Ozone container server started.
2019-11-04 16:44:32,074 [Datanode State Machine Thread - 0] INFO  statemachine.DatanodeStateMachine (DatanodeStateMachine.java:lambda$startDaemon$0(350)) - Ozone container server started.
2019-11-04 16:44:35,546 [pool-161-thread-1] INFO  storage.RaftStorage (RaftStorage.java:format(84)) - Storage directory /workdir/hadoop-ozone/integration-test/target/test-dir/MiniOzoneClusterImpl-fc53e19a-81f7-4cd9-8ff9-5415f8563367/datanode-0/data/ratis/fc572303-bcc4-49c5-80e8-f5ea50209e30 has been successfully formatted.
2019-11-04 16:44:35,548 [pool-161-thread-1] INFO  ratis.ContainerStateMachine (ContainerStateMachine.java:loadSnapshot(231)) - group-F5EA50209E30: The snapshot info is null. Setting the last applied indexto:(t:0, i:~)
2019-11-04 16:44:35,549 [pool-161-thread-1] INFO  server.RaftServerConfigKeys (ConfUtils.java:logGet(43)) - raft.server.notification.no-leader.timeout = 120s (custom)
2019-11-04 16:44:35,550 [pool-161-thread-1] INFO  server.RaftServerConfigKeys (ConfUtils.java:logGet(43)) - raft.server.log.use.memory = false (default)
2019-11-04 16:44:35,550 [pool-161-thread-1] INFO  server.RaftServerConfigKeys (ConfUtils.java:logGet(43)) - raft.server.log.purge.gap = 1000000 (custom)
2019-11-04 16:44:35,550 [pool-161-thread-1] INFO  server.RaftServerConfigKeys (ConfUtils.java:logGet(43)) - raft.server.log.appender.buffer.byte-limit = 33554432 (custom)
2019-11-04 16:44:35,551 [pool-161-thread-1] INFO  server.RaftServerConfigKeys (ConfUtils.java:logGet(43)) - raft.server.log.segment.size.max = 1048576 (custom)
2019-11-04 16:44:35,558 [pool-161-thread-1] INFO  server.RaftServerConfigKeys (ConfUtils.java:logGet(43)) - raft.server.log.segment.cache.num.max = 2 (custom)
2019-11-04 16:44:35,559 [pool-161-thread-1] INFO  segmented.SegmentedRaftLogWorker (SegmentedRaftLogWorker.java:<init>(173)) - new ecf1e98d-b2fc-47e5-b8be-57c275124ba2@group-F5EA50209E30-SegmentedRaftLogWorker for RaftStorage:Storage Directory /workdir/hadoop-ozone/integration-test/target/test-dir/MiniOzoneClusterImpl-fc53e19a-81f7-4cd9-8ff9-5415f8563367/datanode-0/data/ratis/fc572303-bcc4-49c5-80e8-f5ea50209e30
2019-11-04 16:44:35,559 [pool-161-thread-1] INFO  server.RaftServerConfigKeys (ConfUtils.java:logGet(43)) - raft.server.log.queue.byte-limit = 2147483647 (custom)
2019-11-04 16:44:35,559 [pool-161-thread-1] INFO  server.RaftServerConfigKeys (ConfUtils.java:logGet(43)) - raft.server.log.queue.element-limit = 1024 (custom)
2019-11-04 16:44:35,559 [pool-161-thread-1] INFO  server.RaftServerConfigKeys (ConfUtils.java:logGet(43)) - raft.server.log.segment.size.max = 1048576 (custom)
2019-11-04 16:44:35,559 [pool-161-thread-1] INFO  server.RaftServerConfigKeys (ConfUtils.java:logGet(43)) - raft.server.log.preallocated.size = 16384 (custom)
2019-11-04 16:44:35,560 [pool-161-thread-1] INFO  server.RaftServerConfigKeys (ConfUtils.java:logGet(43)) - raft.server.log.write.buffer.size = 33554432 (custom)
2019-11-04 16:44:35,560 [pool-161-thread-1] INFO  server.RaftServerConfigKeys (ConfUtils.java:logGet(43)) - raft.server.log.force.sync.num = 128 (default)
2019-11-04 16:44:35,560 [pool-161-thread-1] INFO  server.RaftServerConfigKeys (ConfUtils.java:logGet(43)) - raft.server.log.statemachine.data.sync = true (default)
2019-11-04 16:44:35,560 [pool-161-thread-1] INFO  server.RaftServerConfigKeys (ConfUtils.java:logGet(43)) - raft.server.log.statemachine.data.sync.timeout = 10s (default)
2019-11-04 16:44:35,560 [pool-161-thread-1] INFO  server.RaftServerConfigKeys (ConfUtils.java:logGet(43)) - raft.server.log.statemachine.data.sync.timeout.retry = -1 (default)
2019-11-04 16:44:35,561 [pool-161-thread-1] INFO  server.RaftServerConfigKeys (ConfUtils.java:logGet(43)) - raft.server.log.statemachine.data.caching.enabled = true (custom)
2019-11-04 16:44:35,562 [pool-161-thread-1] INFO  segmented.SegmentedRaftLogWorker (SegmentedRaftLogWorker.java:lambda$new$0(128)) - ecf1e98d-b2fc-47e5-b8be-57c275124ba2@group-F5EA50209E30-SegmentedRaftLogWorker: flushIndex: setUnconditionally 0 -> -1
2019-11-04 16:44:35,562 [pool-161-thread-1] INFO  server.RaftServerConfigKeys (ConfUtils.java:logGet(43)) - raft.server.snapshot.auto.trigger.enabled = true (custom)
2019-11-04 16:44:35,563 [pool-161-thread-1] INFO  server.RaftServerConfigKeys (ConfUtils.java:logGet(43)) - raft.server.snapshot.auto.trigger.threshold = 10000 (custom)
2019-11-04 16:44:35,563 [pool-161-thread-1] INFO  server.RaftServerConfigKeys (ConfUtils.java:logGet(43)) - raft.server.snapshot.retention.file.num = 5 (custom)
2019-11-04 16:44:35,563 [pool-161-thread-1] INFO  server.RaftServerConfigKeys (ConfUtils.java:logGet(43)) - raft.server.retrycache.expirytime = 600000ms (custom)
2019-11-04 16:44:35,568 [pool-161-thread-1] INFO  impl.RaftServerImpl (RaftServerImpl.java:start(195)) - ecf1e98d-b2fc-47e5-b8be-57c275124ba2@group-F5EA50209E30: start as a follower, conf=-1: [ecf1e98d-b2fc-47e5-b8be-57c275124ba2:192.168.157.194:39702], old=null
2019-11-04 16:44:35,568 [pool-161-thread-1] INFO  impl.RaftServerImpl (RaftServerImpl.java:setRole(184)) - ecf1e98d-b2fc-47e5-b8be-57c275124ba2@group-F5EA50209E30: changes role from      null to FOLLOWER at term 0 for startAsFollower
2019-11-04 16:44:35,569 [pool-161-thread-1] INFO  impl.RoleInfo (RoleInfo.java:updateAndGet(143)) - ecf1e98d-b2fc-47e5-b8be-57c275124ba2: start FollowerState
2019-11-04 16:44:35,570 [pool-161-thread-1] INFO  util.JmxRegister (JmxRegister.java:tryRegister(44)) - Successfully registered JMX Bean with object name Ratis:service=RaftServer,group=group-F5EA50209E30,id=ecf1e98d-b2fc-47e5-b8be-57c275124ba2
2019-11-04 16:44:35,724 [Thread-21161] INFO  impl.FollowerState (FollowerState.java:run(108)) - ecf1e98d-b2fc-47e5-b8be-57c275124ba2@group-F5EA50209E30-FollowerState: change to CANDIDATE, lastRpcTime:155ms, electionTimeout:155ms
2019-11-04 16:44:35,725 [Thread-21161] INFO  impl.RoleInfo (RoleInfo.java:shutdownFollowerState(121)) - ecf1e98d-b2fc-47e5-b8be-57c275124ba2: shutdown FollowerState
2019-11-04 16:44:35,725 [Thread-21161] INFO  impl.RaftServerImpl (RaftServerImpl.java:setRole(184)) - ecf1e98d-b2fc-47e5-b8be-57c275124ba2@group-F5EA50209E30: changes role from  FOLLOWER to CANDIDATE at term 0 for changeToCandidate
2019-11-04 16:44:35,725 [Thread-21161] INFO  impl.RoleInfo (RoleInfo.java:updateAndGet(143)) - ecf1e98d-b2fc-47e5-b8be-57c275124ba2: start LeaderElection
2019-11-04 16:44:36,085 [main] INFO  ozoneimpl.OzoneContainer (OzoneContainer.java:stop(227)) - Attempting to stop container services.
2019-11-04 16:44:36,085 [ForkJoinPool.commonPool-worker-0] INFO  ozoneimpl.OzoneContainer (OzoneContainer.java:stop(227)) - Attempting to stop container services.
2019-11-04 16:44:36,086 [main] INFO  impl.RaftServerProxy (RaftServerProxy.java:lambda$close$4(314)) - 310fec98-d204-4cf8-8fe9-59f23e2a1bcf: close
2019-11-04 16:44:36,087 [ForkJoinPool.commonPool-worker-0] INFO  impl.RaftServerProxy (RaftServerProxy.java:lambda$close$4(314)) - bd536658-3060-4e5d-abcf-5a0f2f2366ba: close
2019-11-04 16:44:36,092 [main] INFO  server.GrpcService (GrpcService.java:closeImpl(164)) - 310fec98-d204-4cf8-8fe9-59f23e2a1bcf: shutdown server with port 46041 now
2019-11-04 16:44:36,092 [ForkJoinPool.commonPool-worker-0] INFO  server.GrpcService (GrpcService.java:closeImpl(164)) - bd536658-3060-4e5d-abcf-5a0f2f2366ba: shutdown server with port 44879 now
2019-11-04 16:44:36,093 [main] INFO  server.GrpcService (GrpcService.java:closeImpl(172)) - 310fec98-d204-4cf8-8fe9-59f23e2a1bcf: shutdown server with port 46041 successfully
2019-11-04 16:44:36,094 [ForkJoinPool.commonPool-worker-0] INFO  server.GrpcService (GrpcService.java:closeImpl(172)) - bd536658-3060-4e5d-abcf-5a0f2f2366ba: shutdown server with port 44879 successfully
2019-11-04 16:44:41,744 [refreshUsed-/workdir/hadoop-ozone/integration-test/target/test-dir/MiniOzoneClusterImpl-fc53e19a-81f7-4cd9-8ff9-5415f8563367/datanode-2/data/containers] WARN  fs.CachingGetSpaceUsed (CachingGetSpaceUsed.java:run(183)) - Thread Interrupted waiting to refresh disk information: sleep interrupted
2019-11-04 16:44:41,744 [refreshUsed-/workdir/hadoop-ozone/integration-test/target/test-dir/MiniOzoneClusterImpl-fc53e19a-81f7-4cd9-8ff9-5415f8563367/datanode-5/data/containers] WARN  fs.CachingGetSpaceUsed (CachingGetSpaceUsed.java:run(183)) - Thread Interrupted waiting to refresh disk information: sleep interrupted
2019-11-04 16:44:41,759 [ForkJoinPool.commonPool-worker-0] INFO  utils.BackgroundService (BackgroundService.java:shutdown(151)) - Shutting down service BlockDeletingService
2019-11-04 16:44:41,767 [ForkJoinPool.commonPool-worker-0] INFO  statemachine.DatanodeStateMachine (DatanodeStateMachine.java:stopDaemon(395)) - Ozone container server stopped.
2019-11-04 16:44:41,773 [ForkJoinPool.commonPool-worker-0] INFO  handler.ContextHandler (ContextHandler.java:doStop(910)) - Stopped o.e.j.w.WebAppContext@27443560{/,null,UNAVAILABLE}{/hddsDatanode}
2019-11-04 16:44:41,774 [ForkJoinPool.commonPool-worker-0] INFO  server.AbstractConnector (AbstractConnector.java:doStop(318)) - Stopped ServerConnector@3ddb774f{HTTP/1.1,[http/1.1]}{0.0.0.0:0}
2019-11-04 16:44:41,776 [ForkJoinPool.commonPool-worker-0] INFO  handler.ContextHandler (ContextHandler.java:doStop(910)) - Stopped o.e.j.s.ServletContextHandler@233db8e9{/static,jar:file:/home/user/.m2/repository/org/apache/hadoop/hadoop-hdds-container-service/0.5.0-SNAPSHOT/hadoop-hdds-container-service-0.5.0-SNAPSHOT.jar!/webapps/static,UNAVAILABLE}
2019-11-04 16:44:41,778 [ForkJoinPool.commonPool-worker-0] INFO  handler.ContextHandler (ContextHandler.java:doStop(910)) - Stopped o.e.j.s.ServletContextHandler@59b32539{/logs,file:///workdir/hadoop-ozone/integration-test/target/log,UNAVAILABLE}
2019-11-04 16:44:41,778 [main] INFO  utils.BackgroundService (BackgroundService.java:shutdown(151)) - Shutting down service BlockDeletingService
2019-11-04 16:44:41,784 [main] INFO  statemachine.DatanodeStateMachine (DatanodeStateMachine.java:stopDaemon(395)) - Ozone container server stopped.
2019-11-04 16:44:41,790 [main] INFO  handler.ContextHandler (ContextHandler.java:doStop(910)) - Stopped o.e.j.w.WebAppContext@41fa769c{/,null,UNAVAILABLE}{/hddsDatanode}
2019-11-04 16:44:41,791 [main] INFO  server.AbstractConnector (AbstractConnector.java:doStop(318)) - Stopped ServerConnector@40113163{HTTP/1.1,[http/1.1]}{0.0.0.0:0}
2019-11-04 16:44:41,791 [main] INFO  handler.ContextHandler (ContextHandler.java:doStop(910)) - Stopped o.e.j.s.ServletContextHandler@416d56f2{/static,jar:file:/home/user/.m2/repository/org/apache/hadoop/hadoop-hdds-container-service/0.5.0-SNAPSHOT/hadoop-hdds-container-service-0.5.0-SNAPSHOT.jar!/webapps/static,UNAVAILABLE}
2019-11-04 16:44:41,792 [main] INFO  handler.ContextHandler (ContextHandler.java:doStop(910)) - Stopped o.e.j.s.ServletContextHandler@2eda072{/logs,file:///workdir/hadoop-ozone/integration-test/target/log,UNAVAILABLE}
2019-11-04 16:44:42,130 [Datanode State Machine Thread - 0] INFO  statemachine.DatanodeStateMachine (DatanodeStateMachine.java:lambda$startDaemon$0(350)) - Ozone container server started.
2019-11-04 16:44:42,327 [Datanode State Machine Thread - 0] INFO  statemachine.DatanodeStateMachine (DatanodeStateMachine.java:lambda$startDaemon$0(350)) - Ozone container server started.
2019-11-04 16:44:44,972 [pool-231-thread-1] INFO  storage.RaftStorage (RaftStorage.java:format(84)) - Storage directory /workdir/hadoop-ozone/integration-test/target/test-dir/MiniOzoneClusterImpl-fc53e19a-81f7-4cd9-8ff9-5415f8563367/datanode-7/data/ratis/3d41ca62-1d32-46fb-b598-36b5fc60eddd has been successfully formatted.
2019-11-04 16:44:44,972 [pool-201-thread-1] INFO  storage.RaftStorage (RaftStorage.java:format(84)) - Storage directory /workdir/hadoop-ozone/integration-test/target/test-dir/MiniOzoneClusterImpl-fc53e19a-81f7-4cd9-8ff9-5415f8563367/datanode-4/data/ratis/3d41ca62-1d32-46fb-b598-36b5fc60eddd has been successfully formatted.
2019-11-04 16:44:44,972 [pool-171-thread-1] INFO  storage.RaftStorage (RaftStorage.java:format(84)) - Storage directory /workdir/hadoop-ozone/integration-test/target/test-dir/MiniOzoneClusterImpl-fc53e19a-81f7-4cd9-8ff9-5415f8563367/datanode-1/data/ratis/3d41ca62-1d32-46fb-b598-36b5fc60eddd has been successfully formatted.
2019-11-04 16:44:44,973 [pool-201-thread-1] INFO  ratis.ContainerStateMachine (ContainerStateMachine.java:loadSnapshot(231)) - group-36B5FC60EDDD: The snapshot info is null. Setting the last applied indexto:(t:0, i:~)
2019-11-04 16:44:44,973 [pool-171-thread-1] INFO  ratis.ContainerStateMachine (ContainerStateMachine.java:loadSnapshot(231)) - group-36B5FC60EDDD: The snapshot info is null. Setting the last applied indexto:(t:0, i:~)
2019-11-04 16:44:44,973 [pool-201-thread-1] INFO  server.RaftServerConfigKeys (ConfUtils.java:logGet(43)) - raft.server.notification.no-leader.timeout = 120s (custom)
2019-11-04 16:44:44,973 [pool-231-thread-1] INFO  ratis.ContainerStateMachine (ContainerStateMachine.java:loadSnapshot(231)) - group-36B5FC60EDDD: The snapshot info is null. Setting the last applied indexto:(t:0, i:~)
2019-11-04 16:44:44,974 [pool-201-thread-1] INFO  server.RaftServerConfigKeys (ConfUtils.java:logGet(43)) - raft.server.log.use.memory = false (default)
2019-11-04 16:44:44,974 [pool-171-thread-1] INFO  server.RaftServerConfigKeys (ConfUtils.java:logGet(43)) - raft.server.notification.no-leader.timeout = 120s (custom)
2019-11-04 16:44:44,974 [pool-201-thread-1] INFO  server.RaftServerConfigKeys (ConfUtils.java:logGet(43)) - raft.server.log.purge.gap = 1000000 (custom)
2019-11-04 16:44:44,974 [pool-231-thread-1] INFO  server.RaftServerConfigKeys (ConfUtils.java:logGet(43)) - raft.server.notification.no-leader.timeout = 120s (custom)
2019-11-04 16:44:44,974 [pool-201-thread-1] INFO  server.RaftServerConfigKeys (ConfUtils.java:logGet(43)) - raft.server.log.appender.buffer.byte-limit = 33554432 (custom)
2019-11-04 16:44:44,974 [pool-171-thread-1] INFO  server.RaftServerConfigKeys (ConfUtils.java:logGet(43)) - raft.server.log.use.memory = false (default)
2019-11-04 16:44:44,974 [pool-201-thread-1] INFO  server.RaftServerConfigKeys (ConfUtils.java:logGet(43)) - raft.server.log.segment.size.max = 1048576 (custom)
2019-11-04 16:44:44,974 [pool-231-thread-1] INFO  server.RaftServerConfigKeys (ConfUtils.java:logGet(43)) - raft.server.log.use.memory = false (default)
2019-11-04 16:44:44,975 [pool-171-thread-1] INFO  server.RaftServerConfigKeys (ConfUtils.java:logGet(43)) - raft.server.log.purge.gap = 1000000 (custom)
2019-11-04 16:44:44,975 [pool-231-thread-1] INFO  server.RaftServerConfigKeys (ConfUtils.java:logGet(43)) - raft.server.log.purge.gap = 1000000 (custom)
2019-11-04 16:44:44,975 [pool-171-thread-1] INFO  server.RaftServerConfigKeys (ConfUtils.java:logGet(43)) - raft.server.log.appender.buffer.byte-limit = 33554432 (custom)
2019-11-04 16:44:44,975 [pool-231-thread-1] INFO  server.RaftServerConfigKeys (ConfUtils.java:logGet(43)) - raft.server.log.appender.buffer.byte-limit = 33554432 (custom)
2019-11-04 16:44:44,975 [pool-171-thread-1] INFO  server.RaftServerConfigKeys (ConfUtils.java:logGet(43)) - raft.server.log.segment.size.max = 1048576 (custom)
2019-11-04 16:44:44,975 [pool-231-thread-1] INFO  server.RaftServerConfigKeys (ConfUtils.java:logGet(43)) - raft.server.log.segment.size.max = 1048576 (custom)
2019-11-04 16:44:44,983 [pool-171-thread-1] INFO  server.RaftServerConfigKeys (ConfUtils.java:logGet(43)) - raft.server.log.segment.cache.num.max = 2 (custom)
2019-11-04 16:44:44,983 [pool-201-thread-1] INFO  server.RaftServerConfigKeys (ConfUtils.java:logGet(43)) - raft.server.log.segment.cache.num.max = 2 (custom)
2019-11-04 16:44:44,983 [pool-231-thread-1] INFO  server.RaftServerConfigKeys (ConfUtils.java:logGet(43)) - raft.server.log.segment.cache.num.max = 2 (custom)
2019-11-04 16:44:44,983 [pool-201-thread-1] INFO  segmented.SegmentedRaftLogWorker (SegmentedRaftLogWorker.java:<init>(173)) - new fde56d24-c59c-4768-b7bb-458466c8bfd3@group-36B5FC60EDDD-SegmentedRaftLogWorker for RaftStorage:Storage Directory /workdir/hadoop-ozone/integration-test/target/test-dir/MiniOzoneClusterImpl-fc53e19a-81f7-4cd9-8ff9-5415f8563367/datanode-4/data/ratis/3d41ca62-1d32-46fb-b598-36b5fc60eddd
2019-11-04 16:44:44,983 [pool-171-thread-1] INFO  segmented.SegmentedRaftLogWorker (SegmentedRaftLogWorker.java:<init>(173)) - new fbe6c37d-8446-44da-8aed-2f4bcb7dfa1d@group-36B5FC60EDDD-SegmentedRaftLogWorker for RaftStorage:Storage Directory /workdir/hadoop-ozone/integration-test/target/test-dir/MiniOzoneClusterImpl-fc53e19a-81f7-4cd9-8ff9-5415f8563367/datanode-1/data/ratis/3d41ca62-1d32-46fb-b598-36b5fc60eddd
2019-11-04 16:44:44,983 [pool-201-thread-1] INFO  server.RaftServerConfigKeys (ConfUtils.java:logGet(43)) - raft.server.log.queue.byte-limit = 2147483647 (custom)
2019-11-04 16:44:44,983 [pool-231-thread-1] INFO  segmented.SegmentedRaftLogWorker (SegmentedRaftLogWorker.java:<init>(173)) - new f211638a-2c6b-4b58-9a41-810c99451672@group-36B5FC60EDDD-SegmentedRaftLogWorker for RaftStorage:Storage Directory /workdir/hadoop-ozone/integration-test/target/test-dir/MiniOzoneClusterImpl-fc53e19a-81f7-4cd9-8ff9-5415f8563367/datanode-7/data/ratis/3d41ca62-1d32-46fb-b598-36b5fc60eddd
2019-11-04 16:44:44,984 [pool-201-thread-1] INFO  server.RaftServerConfigKeys (ConfUtils.java:logGet(43)) - raft.server.log.queue.element-limit = 1024 (custom)
2019-11-04 16:44:44,984 [pool-171-thread-1] INFO  server.RaftServerConfigKeys (ConfUtils.java:logGet(43)) - raft.server.log.queue.byte-limit = 2147483647 (custom)
2019-11-04 16:44:44,984 [pool-201-thread-1] INFO  server.RaftServerConfigKeys (ConfUtils.java:logGet(43)) - raft.server.log.segment.size.max = 1048576 (custom)
2019-11-04 16:44:44,984 [pool-231-thread-1] INFO  server.RaftServerConfigKeys (ConfUtils.java:logGet(43)) - raft.server.log.queue.byte-limit = 2147483647 (custom)
2019-11-04 16:44:44,984 [pool-201-thread-1] INFO  server.RaftServerConfigKeys (ConfUtils.java:logGet(43)) - raft.server.log.preallocated.size = 16384 (custom)
2019-11-04 16:44:44,984 [pool-171-thread-1] INFO  server.RaftServerConfigKeys (ConfUtils.java:logGet(43)) - raft.server.log.queue.element-limit = 1024 (custom)
2019-11-04 16:44:44,984 [pool-201-thread-1] INFO  server.RaftServerConfigKeys (ConfUtils.java:logGet(43)) - raft.server.log.write.buffer.size = 33554432 (custom)
2019-11-04 16:44:44,984 [pool-231-thread-1] INFO  server.RaftServerConfigKeys (ConfUtils.java:logGet(43)) - raft.server.log.queue.element-limit = 1024 (custom)
2019-11-04 16:44:44,985 [pool-201-thread-1] INFO  server.RaftServerConfigKeys (ConfUtils.java:logGet(43)) - raft.server.log.force.sync.num = 128 (default)
2019-11-04 16:44:44,985 [pool-171-thread-1] INFO  server.RaftServerConfigKeys (ConfUtils.java:logGet(43)) - raft.server.log.segment.size.max = 1048576 (custom)
2019-11-04 16:44:44,985 [pool-201-thread-1] INFO  server.RaftServerConfigKeys (ConfUtils.java:logGet(43)) - raft.server.log.statemachine.data.sync = true (default)
2019-11-04 16:44:44,985 [pool-231-thread-1] INFO  server.RaftServerConfigKeys (ConfUtils.java:logGet(43)) - raft.server.log.segment.size.max = 1048576 (custom)
2019-11-04 16:44:44,985 [pool-201-thread-1] INFO  server.RaftServerConfigKeys (ConfUtils.java:logGet(43)) - raft.server.log.statemachine.data.sync.timeout = 10s (default)
2019-11-04 16:44:44,985 [pool-171-thread-1] INFO  server.RaftServerConfigKeys (ConfUtils.java:logGet(43)) - raft.server.log.preallocated.size = 16384 (custom)
2019-11-04 16:44:44,986 [pool-201-thread-1] INFO  server.RaftServerConfigKeys (ConfUtils.java:logGet(43)) - raft.server.log.statemachine.data.sync.timeout.retry = -1 (default)
2019-11-04 16:44:44,986 [pool-231-thread-1] INFO  server.RaftServerConfigKeys (ConfUtils.java:logGet(43)) - raft.server.log.preallocated.size = 16384 (custom)
2019-11-04 16:44:44,986 [pool-171-thread-1] INFO  server.RaftServerConfigKeys (ConfUtils.java:logGet(43)) - raft.server.log.write.buffer.size = 33554432 (custom)
2019-11-04 16:44:44,986 [pool-231-thread-1] INFO  server.RaftServerConfigKeys (ConfUtils.java:logGet(43)) - raft.server.log.write.buffer.size = 33554432 (custom)
2019-11-04 16:44:44,986 [pool-171-thread-1] INFO  server.RaftServerConfigKeys (ConfUtils.java:logGet(43)) - raft.server.log.force.sync.num = 128 (default)
2019-11-04 16:44:44,987 [pool-201-thread-1] INFO  server.RaftServerConfigKeys (ConfUtils.java:logGet(43)) - raft.server.log.statemachine.data.caching.enabled = true (custom)
2019-11-04 16:44:44,986 [pool-231-thread-1] INFO  server.RaftServerConfigKeys (ConfUtils.java:logGet(43)) - raft.server.log.force.sync.num = 128 (default)
2019-11-04 16:44:44,987 [pool-171-thread-1] INFO  server.RaftServerConfigKeys (ConfUtils.java:logGet(43)) - raft.server.log.statemachine.data.sync = true (default)
2019-11-04 16:44:44,987 [pool-231-thread-1] INFO  server.RaftServerConfigKeys (ConfUtils.java:logGet(43)) - raft.server.log.statemachine.data.sync = true (default)
2019-11-04 16:44:44,987 [pool-171-thread-1] INFO  server.RaftServerConfigKeys (ConfUtils.java:logGet(43)) - raft.server.log.statemachine.data.sync.timeout = 10s (default)
2019-11-04 16:44:44,987 [pool-231-thread-1] INFO  server.RaftServerConfigKeys (ConfUtils.java:logGet(43)) - raft.server.log.statemachine.data.sync.timeout = 10s (default)
2019-11-04 16:44:44,987 [pool-171-thread-1] INFO  server.RaftServerConfigKeys (ConfUtils.java:logGet(43)) - raft.server.log.statemachine.data.sync.timeout.retry = -1 (default)
2019-11-04 16:44:44,987 [pool-201-thread-1] INFO  segmented.SegmentedRaftLogWorker (SegmentedRaftLogWorker.java:lambda$new$0(128)) - fde56d24-c59c-4768-b7bb-458466c8bfd3@group-36B5FC60EDDD-SegmentedRaftLogWorker: flushIndex: setUnconditionally 0 -> -1
2019-11-04 16:44:44,987 [pool-231-thread-1] INFO  server.RaftServerConfigKeys (ConfUtils.java:logGet(43)) - raft.server.log.statemachine.data.sync.timeout.retry = -1 (default)
2019-11-04 16:44:44,988 [pool-171-thread-1] INFO  server.RaftServerConfigKeys (ConfUtils.java:logGet(43)) - raft.server.log.statemachine.data.caching.enabled = true (custom)
2019-11-04 16:44:44,988 [pool-171-thread-1] INFO  segmented.SegmentedRaftLogWorker (SegmentedRaftLogWorker.java:lambda$new$0(128)) - fbe6c37d-8446-44da-8aed-2f4bcb7dfa1d@group-36B5FC60EDDD-SegmentedRaftLogWorker: flushIndex: setUnconditionally 0 -> -1
2019-11-04 16:44:44,988 [pool-201-thread-1] INFO  server.RaftServerConfigKeys (ConfUtils.java:logGet(43)) - raft.server.snapshot.auto.trigger.enabled = true (custom)
2019-11-04 16:44:44,988 [pool-231-thread-1] INFO  server.RaftServerConfigKeys (ConfUtils.java:logGet(43)) - raft.server.log.statemachine.data.caching.enabled = true (custom)
2019-11-04 16:44:44,988 [pool-201-thread-1] INFO  server.RaftServerConfigKeys (ConfUtils.java:logGet(43)) - raft.server.snapshot.auto.trigger.threshold = 10000 (custom)
2019-11-04 16:44:44,988 [pool-171-thread-1] INFO  server.RaftServerConfigKeys (ConfUtils.java:logGet(43)) - raft.server.snapshot.auto.trigger.enabled = true (custom)
2019-11-04 16:44:44,989 [pool-231-thread-1] INFO  segmented.SegmentedRaftLogWorker (SegmentedRaftLogWorker.java:lambda$new$0(128)) - f211638a-2c6b-4b58-9a41-810c99451672@group-36B5FC60EDDD-SegmentedRaftLogWorker: flushIndex: setUnconditionally 0 -> -1
2019-11-04 16:44:44,989 [pool-201-thread-1] INFO  server.RaftServerConfigKeys (ConfUtils.java:logGet(43)) - raft.server.snapshot.retention.file.num = 5 (custom)
2019-11-04 16:44:44,989 [pool-171-thread-1] INFO  server.RaftServerConfigKeys (ConfUtils.java:logGet(43)) - raft.server.snapshot.auto.trigger.threshold = 10000 (custom)
2019-11-04 16:44:44,989 [pool-201-thread-1] INFO  server.RaftServerConfigKeys (ConfUtils.java:logGet(43)) - raft.server.retrycache.expirytime = 600000ms (custom)
2019-11-04 16:44:44,989 [pool-231-thread-1] INFO  server.RaftServerConfigKeys (ConfUtils.java:logGet(43)) - raft.server.snapshot.auto.trigger.enabled = true (custom)
2019-11-04 16:44:44,989 [pool-171-thread-1] INFO  server.RaftServerConfigKeys (ConfUtils.java:logGet(43)) - raft.server.snapshot.retention.file.num = 5 (custom)
2019-11-04 16:44:44,989 [pool-231-thread-1] INFO  server.RaftServerConfigKeys (ConfUtils.java:logGet(43)) - raft.server.snapshot.auto.trigger.threshold = 10000 (custom)
2019-11-04 16:44:44,990 [pool-171-thread-1] INFO  server.RaftServerConfigKeys (ConfUtils.java:logGet(43)) - raft.server.retrycache.expirytime = 600000ms (custom)
2019-11-04 16:44:44,990 [pool-231-thread-1] INFO  server.RaftServerConfigKeys (ConfUtils.java:logGet(43)) - raft.server.snapshot.retention.file.num = 5 (custom)
2019-11-04 16:44:44,990 [pool-231-thread-1] INFO  server.RaftServerConfigKeys (ConfUtils.java:logGet(43)) - raft.server.retrycache.expirytime = 600000ms (custom)
2019-11-04 16:44:45,002 [pool-201-thread-1] INFO  impl.RaftServerImpl (RaftServerImpl.java:<init>(104)) - fde56d24-c59c-4768-b7bb-458466c8bfd3: new RaftServerImpl for group-ED8F2B9D61A7:[f211638a-2c6b-4b58-9a41-810c99451672:192.168.157.194:34889, fde56d24-c59c-4768-b7bb-458466c8bfd3:192.168.157.194:38692, fbe6c37d-8446-44da-8aed-2f4bcb7dfa1d:192.168.157.194:33200] with ContainerStateMachine:uninitialized
2019-11-04 16:44:45,002 [pool-201-thread-1] INFO  server.RaftServerConfigKeys (ConfUtils.java:logGet(43)) - raft.server.rpc.timeout.min = 1s (custom)
2019-11-04 16:44:45,002 [pool-201-thread-1] INFO  server.RaftServerConfigKeys (ConfUtils.java:logGet(43)) - raft.server.rpc.timeout.max = 1200ms (custom)
2019-11-04 16:44:45,002 [pool-201-thread-1] INFO  server.RaftServerConfigKeys (ConfUtils.java:logGet(43)) - raft.server.rpcslowness.timeout = 120s (custom)
2019-11-04 16:44:45,002 [pool-201-thread-1] INFO  server.RaftServerConfigKeys (ConfUtils.java:logGet(43)) - raft.server.sleep.deviation.threshold = 300 (default)
2019-11-04 16:44:45,002 [pool-171-thread-1] INFO  impl.RaftServerImpl (RaftServerImpl.java:<init>(104)) - fbe6c37d-8446-44da-8aed-2f4bcb7dfa1d: new RaftServerImpl for group-519EBDD4BC94:[fbe6c37d-8446-44da-8aed-2f4bcb7dfa1d:192.168.157.194:33200] with ContainerStateMachine:uninitialized
2019-11-04 16:44:45,002 [pool-201-thread-1] INFO  server.RaftServerConfigKeys (ConfUtils.java:logGet(43)) - raft.server.log.appender.install.snapshot.enabled = false (custom)
2019-11-04 16:44:45,003 [pool-171-thread-1] INFO  server.RaftServerConfigKeys (ConfUtils.java:logGet(43)) - raft.server.rpc.timeout.min = 1s (custom)
2019-11-04 16:44:45,003 [pool-201-thread-1] INFO  impl.RaftServerImpl (ServerState.java:<init>(103)) - fde56d24-c59c-4768-b7bb-458466c8bfd3@group-ED8F2B9D61A7: ConfigurationManager, init=-1: [f211638a-2c6b-4b58-9a41-810c99451672:192.168.157.194:34889, fde56d24-c59c-4768-b7bb-458466c8bfd3:192.168.157.194:38692, fbe6c37d-8446-44da-8aed-2f4bcb7dfa1d:192.168.157.194:33200], old=null, confs=<EMPTY_MAP>
2019-11-04 16:44:45,003 [pool-231-thread-1] INFO  impl.RaftServerImpl (RaftServerImpl.java:<init>(104)) - f211638a-2c6b-4b58-9a41-810c99451672: new RaftServerImpl for group-ED8F2B9D61A7:[f211638a-2c6b-4b58-9a41-810c99451672:192.168.157.194:34889, fde56d24-c59c-4768-b7bb-458466c8bfd3:192.168.157.194:38692, fbe6c37d-8446-44da-8aed-2f4bcb7dfa1d:192.168.157.194:33200] with ContainerStateMachine:uninitialized
2019-11-04 16:44:45,003 [pool-171-thread-1] INFO  server.RaftServerConfigKeys (ConfUtils.java:logGet(43)) - raft.server.rpc.timeout.max = 1200ms (custom)
2019-11-04 16:44:45,003 [pool-231-thread-1] INFO  server.RaftServerConfigKeys (ConfUtils.java:logGet(43)) - raft.server.rpc.timeout.min = 1s (custom)
2019-11-04 16:44:45,003 [pool-171-thread-1] INFO  server.RaftServerConfigKeys (ConfUtils.java:logGet(43)) - raft.server.rpcslowness.timeout = 120s (custom)
2019-11-04 16:44:45,003 [pool-201-thread-1] INFO  server.RaftServerConfigKeys (ConfUtils.java:logGet(43)) - raft.server.storage.dir = [/workdir/hadoop-ozone/integration-test/target/test-dir/MiniOzoneClusterImpl-fc53e19a-81f7-4cd9-8ff9-5415f8563367/datanode-4/data/ratis] (custom)
2019-11-04 16:44:45,003 [pool-171-thread-1] INFO  server.RaftServerConfigKeys (ConfUtils.java:logGet(43)) - raft.server.sleep.deviation.threshold = 300 (default)
2019-11-04 16:44:45,003 [pool-231-thread-1] INFO  server.RaftServerConfigKeys (ConfUtils.java:logGet(43)) - raft.server.rpc.timeout.max = 1200ms (custom)
2019-11-04 16:44:45,004 [pool-171-thread-1] INFO  server.RaftServerConfigKeys (ConfUtils.java:logGet(43)) - raft.server.log.appender.install.snapshot.enabled = false (custom)
2019-11-04 16:44:45,004 [pool-231-thread-1] INFO  server.RaftServerConfigKeys (ConfUtils.java:logGet(43)) - raft.server.rpcslowness.timeout = 120s (custom)
2019-11-04 16:44:45,004 [pool-171-thread-1] INFO  impl.RaftServerImpl (ServerState.java:<init>(103)) - fbe6c37d-8446-44da-8aed-2f4bcb7dfa1d@group-519EBDD4BC94: ConfigurationManager, init=-1: [fbe6c37d-8446-44da-8aed-2f4bcb7dfa1d:192.168.157.194:33200], old=null, confs=<EMPTY_MAP>
2019-11-04 16:44:45,004 [pool-231-thread-1] INFO  server.RaftServerConfigKeys (ConfUtils.java:logGet(43)) - raft.server.sleep.deviation.threshold = 300 (default)
2019-11-04 16:44:45,004 [pool-171-thread-1] INFO  server.RaftServerConfigKeys (ConfUtils.java:logGet(43)) - raft.server.storage.dir = [/workdir/hadoop-ozone/integration-test/target/test-dir/MiniOzoneClusterImpl-fc53e19a-81f7-4cd9-8ff9-5415f8563367/datanode-1/data/ratis] (custom)
2019-11-04 16:44:45,004 [pool-231-thread-1] INFO  server.RaftServerConfigKeys (ConfUtils.java:logGet(43)) - raft.server.log.appender.install.snapshot.enabled = false (custom)
2019-11-04 16:44:45,005 [pool-231-thread-1] INFO  impl.RaftServerImpl (ServerState.java:<init>(103)) - f211638a-2c6b-4b58-9a41-810c99451672@group-ED8F2B9D61A7: ConfigurationManager, init=-1: [f211638a-2c6b-4b58-9a41-810c99451672:192.168.157.194:34889, fde56d24-c59c-4768-b7bb-458466c8bfd3:192.168.157.194:38692, fbe6c37d-8446-44da-8aed-2f4bcb7dfa1d:192.168.157.194:33200], old=null, confs=<EMPTY_MAP>
2019-11-04 16:44:45,005 [pool-231-thread-1] INFO  server.RaftServerConfigKeys (ConfUtils.java:logGet(43)) - raft.server.storage.dir = [/workdir/hadoop-ozone/integration-test/target/test-dir/MiniOzoneClusterImpl-fc53e19a-81f7-4cd9-8ff9-5415f8563367/datanode-7/data/ratis] (custom)
2019-11-04 16:44:45,005 [pool-171-thread-1] INFO  server.RaftServerConfigKeys (ConfUtils.java:logGet(43)) - raft.server.log.corruption.policy = EXCEPTION (default)
2019-11-04 16:44:45,005 [pool-231-thread-1] INFO  server.RaftServerConfigKeys (ConfUtils.java:logGet(43)) - raft.server.log.corruption.policy = EXCEPTION (default)
2019-11-04 16:44:45,005 [pool-171-thread-1] INFO  storage.RaftStorageDirectory (RaftStorageDirectory.java:analyzeStorage(246)) - The storage directory /workdir/hadoop-ozone/integration-test/target/test-dir/MiniOzoneClusterImpl-fc53e19a-81f7-4cd9-8ff9-5415f8563367/datanode-1/data/ratis/9f884990-ef3c-4a17-bb25-519ebdd4bc94 does not exist. Creating ...
2019-11-04 16:44:45,005 [pool-231-thread-1] INFO  storage.RaftStorageDirectory (RaftStorageDirectory.java:analyzeStorage(246)) - The storage directory /workdir/hadoop-ozone/integration-test/target/test-dir/MiniOzoneClusterImpl-fc53e19a-81f7-4cd9-8ff9-5415f8563367/datanode-7/data/ratis/91dbfad9-c175-44f9-8d98-ed8f2b9d61a7 does not exist. Creating ...
2019-11-04 16:44:46,640 [pool-201-thread-1] INFO  server.RaftServerConfigKeys (ConfUtils.java:logGet(43)) - raft.server.log.corruption.policy = EXCEPTION (default)
2019-11-04 16:44:46,641 [pool-201-thread-1] INFO  storage.RaftStorageDirectory (RaftStorageDirectory.java:analyzeStorage(246)) - The storage directory /workdir/hadoop-ozone/integration-test/target/test-dir/MiniOzoneClusterImpl-fc53e19a-81f7-4cd9-8ff9-5415f8563367/datanode-4/data/ratis/91dbfad9-c175-44f9-8d98-ed8f2b9d61a7 does not exist. Creating ...
2019-11-04 16:44:46,780 [ForkJoinPool.commonPool-worker-0] INFO  ozoneimpl.OzoneContainer (OzoneContainer.java:stop(227)) - Attempting to stop container services.
2019-11-04 16:44:46,780 [ForkJoinPool.commonPool-worker-0] INFO  impl.RaftServerProxy (RaftServerProxy.java:lambda$close$4(314)) - 48563c5b-b5db-49fb-a076-e15ebe20a2cc: close
2019-11-04 16:44:46,785 [ForkJoinPool.commonPool-worker-0] INFO  server.GrpcService (GrpcService.java:closeImpl(164)) - 48563c5b-b5db-49fb-a076-e15ebe20a2cc: shutdown server with port 38528 now
2019-11-04 16:44:46,787 [ForkJoinPool.commonPool-worker-0] INFO  server.GrpcService (GrpcService.java:closeImpl(172)) - 48563c5b-b5db-49fb-a076-e15ebe20a2cc: shutdown server with port 38528 successfully
2019-11-04 16:44:46,789 [refreshUsed-/workdir/hadoop-ozone/integration-test/target/test-dir/MiniOzoneClusterImpl-fc53e19a-81f7-4cd9-8ff9-5415f8563367/datanode-3/data/containers] WARN  fs.CachingGetSpaceUsed (CachingGetSpaceUsed.java:run(183)) - Thread Interrupted waiting to refresh disk information: sleep interrupted
2019-11-04 16:44:46,793 [main] INFO  ozoneimpl.OzoneContainer (OzoneContainer.java:stop(227)) - Attempting to stop container services.
2019-11-04 16:44:46,794 [main] INFO  impl.RaftServerProxy (RaftServerProxy.java:lambda$close$4(314)) - 870b78fc-9c71-4890-bcbd-559a464b0f22: close
2019-11-04 16:44:46,796 [main] INFO  server.GrpcService (GrpcService.java:closeImpl(164)) - 870b78fc-9c71-4890-bcbd-559a464b0f22: shutdown server with port 42810 now
2019-11-04 16:44:46,796 [main] INFO  server.GrpcService (GrpcService.java:closeImpl(172)) - 870b78fc-9c71-4890-bcbd-559a464b0f22: shutdown server with port 42810 successfully
2019-11-04 16:44:46,798 [refreshUsed-/workdir/hadoop-ozone/integration-test/target/test-dir/MiniOzoneClusterImpl-fc53e19a-81f7-4cd9-8ff9-5415f8563367/datanode-6/data/containers] WARN  fs.CachingGetSpaceUsed (CachingGetSpaceUsed.java:run(183)) - Thread Interrupted waiting to refresh disk information: sleep interrupted
2019-11-04 16:44:47,006 [main] INFO  utils.BackgroundService (BackgroundService.java:shutdown(151)) - Shutting down service BlockDeletingService
2019-11-04 16:44:47,006 [ForkJoinPool.commonPool-worker-0] INFO  utils.BackgroundService (BackgroundService.java:shutdown(151)) - Shutting down service BlockDeletingService
2019-11-04 16:44:47,012 [main] INFO  statemachine.DatanodeStateMachine (DatanodeStateMachine.java:stopDaemon(395)) - Ozone container server stopped.
2019-11-04 16:44:47,014 [ForkJoinPool.commonPool-worker-0] INFO  statemachine.DatanodeStateMachine (DatanodeStateMachine.java:stopDaemon(395)) - Ozone container server stopped.
2019-11-04 16:44:47,019 [main] INFO  handler.ContextHandler (ContextHandler.java:doStop(910)) - Stopped o.e.j.w.WebAppContext@6ccac6f4{/,null,UNAVAILABLE}{/hddsDatanode}
2019-11-04 16:44:47,019 [ForkJoinPool.commonPool-worker-0] INFO  handler.ContextHandler (ContextHandler.java:doStop(910)) - Stopped o.e.j.w.WebAppContext@65f40689{/,null,UNAVAILABLE}{/hddsDatanode}
2019-11-04 16:44:47,021 [ForkJoinPool.commonPool-worker-0] INFO  server.AbstractConnector (AbstractConnector.java:doStop(318)) - Stopped ServerConnector@29be997f{HTTP/1.1,[http/1.1]}{0.0.0.0:0}
2019-11-04 16:44:47,021 [main] INFO  server.AbstractConnector (AbstractConnector.java:doStop(318)) - Stopped ServerConnector@438c9aa7{HTTP/1.1,[http/1.1]}{0.0.0.0:0}
2019-11-04 16:44:47,022 [ForkJoinPool.commonPool-worker-0] INFO  handler.ContextHandler (ContextHandler.java:doStop(910)) - Stopped o.e.j.s.ServletContextHandler@b61edb9{/static,jar:file:/home/user/.m2/repository/org/apache/hadoop/hadoop-hdds-container-service/0.5.0-SNAPSHOT/hadoop-hdds-container-service-0.5.0-SNAPSHOT.jar!/webapps/static,UNAVAILABLE}
2019-11-04 16:44:47,022 [main] INFO  handler.ContextHandler (ContextHandler.java:doStop(910)) - Stopped o.e.j.s.ServletContextHandler@5b5b59{/static,jar:file:/home/user/.m2/repository/org/apache/hadoop/hadoop-hdds-container-service/0.5.0-SNAPSHOT/hadoop-hdds-container-service-0.5.0-SNAPSHOT.jar!/webapps/static,UNAVAILABLE}
2019-11-04 16:44:47,024 [ForkJoinPool.commonPool-worker-0] INFO  handler.ContextHandler (ContextHandler.java:doStop(910)) - Stopped o.e.j.s.ServletContextHandler@36ab3814{/logs,file:///workdir/hadoop-ozone/integration-test/target/log,UNAVAILABLE}
2019-11-04 16:44:47,024 [main] INFO  handler.ContextHandler (ContextHandler.java:doStop(910)) - Stopped o.e.j.s.ServletContextHandler@6baf25d7{/logs,file:///workdir/hadoop-ozone/integration-test/target/log,UNAVAILABLE}
2019-11-04 16:44:47,198 [Datanode State Machine Thread - 0] INFO  statemachine.DatanodeStateMachine (DatanodeStateMachine.java:lambda$startDaemon$0(350)) - Ozone container server started.
2019-11-04 16:44:47,466 [Datanode State Machine Thread - 0] INFO  statemachine.DatanodeStateMachine (DatanodeStateMachine.java:lambda$startDaemon$0(350)) - Ozone container server started.
2019-11-04 16:44:48,429 [ecf1e98d-b2fc-47e5-b8be-57c275124ba2@group-F5EA50209E30-LeaderElection3163] INFO  impl.LeaderElection (LeaderElection.java:askForVotes(178)) - ecf1e98d-b2fc-47e5-b8be-57c275124ba2@group-F5EA50209E30-LeaderElection3163: begin an election at term 1 for -1: [ecf1e98d-b2fc-47e5-b8be-57c275124ba2:192.168.157.194:39702], old=null
2019-11-04 16:44:48,429 [ecf1e98d-b2fc-47e5-b8be-57c275124ba2@group-F5EA50209E30-LeaderElection3163] INFO  impl.RoleInfo (RoleInfo.java:shutdownLeaderElection(134)) - ecf1e98d-b2fc-47e5-b8be-57c275124ba2: shutdown LeaderElection
2019-11-04 16:44:48,429 [ecf1e98d-b2fc-47e5-b8be-57c275124ba2@group-F5EA50209E30-LeaderElection3163] INFO  impl.RaftServerImpl (RaftServerImpl.java:setRole(184)) - ecf1e98d-b2fc-47e5-b8be-57c275124ba2@group-F5EA50209E30: changes role from CANDIDATE to LEADER at term 1 for changeToLeader
2019-11-04 16:44:48,429 [ecf1e98d-b2fc-47e5-b8be-57c275124ba2@group-F5EA50209E30-LeaderElection3163] INFO  impl.RaftServerImpl (ServerState.java:setLeader(256)) - ecf1e98d-b2fc-47e5-b8be-57c275124ba2@group-F5EA50209E30: change Leader from null to ecf1e98d-b2fc-47e5-b8be-57c275124ba2 at term 1 for becomeLeader, leader elected after 12880ms
2019-11-04 16:44:48,430 [ecf1e98d-b2fc-47e5-b8be-57c275124ba2@group-F5EA50209E30-LeaderElection3163] INFO  server.RaftServerConfigKeys (ConfUtils.java:logGet(43)) - raft.server.staging.catchup.gap = 1000 (default)
2019-11-04 16:44:48,430 [ecf1e98d-b2fc-47e5-b8be-57c275124ba2@group-F5EA50209E30-LeaderElection3163] INFO  server.RaftServerConfigKeys (ConfUtils.java:logGet(43)) - raft.server.rpc.sleep.time = 25ms (default)
2019-11-04 16:44:48,430 [ecf1e98d-b2fc-47e5-b8be-57c275124ba2@group-F5EA50209E30-LeaderElection3163] INFO  server.RaftServerConfigKeys (ConfUtils.java:logGet(43)) - raft.server.write.element-limit = 4096 (default)
2019-11-04 16:44:48,430 [ecf1e98d-b2fc-47e5-b8be-57c275124ba2@group-F5EA50209E30-LeaderElection3163] INFO  server.RaftServerConfigKeys (ConfUtils.java:logGet(43)) - raft.server.watch.timeout = 10s (default)
2019-11-04 16:44:48,430 [ecf1e98d-b2fc-47e5-b8be-57c275124ba2@group-F5EA50209E30-LeaderElection3163] INFO  server.RaftServerConfigKeys (ConfUtils.java:logGet(43)) - raft.server.watch.timeout.denomination = 1s (default)
2019-11-04 16:44:48,431 [ecf1e98d-b2fc-47e5-b8be-57c275124ba2@group-F5EA50209E30-LeaderElection3163] INFO  server.RaftServerConfigKeys (ConfUtils.java:logGet(43)) - raft.server.watch.element-limit = 65536 (default)
2019-11-04 16:44:48,434 [ecf1e98d-b2fc-47e5-b8be-57c275124ba2@group-F5EA50209E30-LeaderElection3163] INFO  impl.RoleInfo (RoleInfo.java:updateAndGet(143)) - ecf1e98d-b2fc-47e5-b8be-57c275124ba2: start LeaderState
2019-11-04 16:44:48,435 [ecf1e98d-b2fc-47e5-b8be-57c275124ba2@group-F5EA50209E30-LeaderElection3163] INFO  segmented.SegmentedRaftLogWorker (SegmentedRaftLogWorker.java:startLogSegment(385)) - ecf1e98d-b2fc-47e5-b8be-57c275124ba2@group-F5EA50209E30-SegmentedRaftLogWorker: Starting segment from index:0
2019-11-04 16:44:48,436 [ecf1e98d-b2fc-47e5-b8be-57c275124ba2@group-F5EA50209E30-LeaderElection3163] INFO  impl.RaftServerImpl (ServerState.java:setRaftConf(357)) - ecf1e98d-b2fc-47e5-b8be-57c275124ba2@group-F5EA50209E30: set configuration 0: [ecf1e98d-b2fc-47e5-b8be-57c275124ba2:192.168.157.194:39702], old=null at 0
2019-11-04 16:44:49,497 [pool-171-thread-1] INFO  storage.RaftStorageDirectory (RaftStorageDirectory.java:tryLock(328)) - Lock on /workdir/hadoop-ozone/integration-test/target/test-dir/MiniOzoneClusterImpl-fc53e19a-81f7-4cd9-8ff9-5415f8563367/datanode-1/data/ratis/9f884990-ef3c-4a17-bb25-519ebdd4bc94/in_use.lock acquired by nodename 16190@pr-hdds-1643-sn7dj-2043761873
2019-11-04 16:44:49,497 [pool-231-thread-1] INFO  storage.RaftStorageDirectory (RaftStorageDirectory.java:tryLock(328)) - Lock on /workdir/hadoop-ozone/integration-test/target/test-dir/MiniOzoneClusterImpl-fc53e19a-81f7-4cd9-8ff9-5415f8563367/datanode-7/data/ratis/91dbfad9-c175-44f9-8d98-ed8f2b9d61a7/in_use.lock acquired by nodename 16190@pr-hdds-1643-sn7dj-2043761873
2019-11-04 16:44:49,497 [pool-201-thread-1] INFO  storage.RaftStorageDirectory (RaftStorageDirectory.java:tryLock(328)) - Lock on /workdir/hadoop-ozone/integration-test/target/test-dir/MiniOzoneClusterImpl-fc53e19a-81f7-4cd9-8ff9-5415f8563367/datanode-4/data/ratis/91dbfad9-c175-44f9-8d98-ed8f2b9d61a7/in_use.lock acquired by nodename 16190@pr-hdds-1643-sn7dj-2043761873
2019-11-04 16:44:52,017 [ecf1e98d-b2fc-47e5-b8be-57c275124ba2@group-F5EA50209E30-SegmentedRaftLogWorker] INFO  segmented.SegmentedRaftLogWorker (SegmentedRaftLogWorker.java:execute(576)) - ecf1e98d-b2fc-47e5-b8be-57c275124ba2@group-F5EA50209E30-SegmentedRaftLogWorker: created new log segment /workdir/hadoop-ozone/integration-test/target/test-dir/MiniOzoneClusterImpl-fc53e19a-81f7-4cd9-8ff9-5415f8563367/datanode-0/data/ratis/fc572303-bcc4-49c5-80e8-f5ea50209e30/current/log_inprogress_0
2019-11-04 16:44:52,027 [ForkJoinPool.commonPool-worker-0] INFO  ozoneimpl.OzoneContainer (OzoneContainer.java:stop(227)) - Attempting to stop container services.
2019-11-04 16:44:52,028 [main] INFO  ozoneimpl.OzoneContainer (OzoneContainer.java:stop(227)) - Attempting to stop container services.
2019-11-04 16:44:52,031 [main] INFO  impl.RaftServerProxy (RaftServerProxy.java:lambda$close$4(314)) - 4a3c4c3d-58ac-48d0-a0eb-f2baa46d947b: close
2019-11-04 16:44:52,038 [main] INFO  server.GrpcService (GrpcService.java:closeImpl(164)) - 4a3c4c3d-58ac-48d0-a0eb-f2baa46d947b: shutdown server with port 44377 now
2019-11-04 16:44:52,039 [main] INFO  server.GrpcService (GrpcService.java:closeImpl(172)) - 4a3c4c3d-58ac-48d0-a0eb-f2baa46d947b: shutdown server with port 44377 successfully
2019-11-04 16:44:55,174 [refreshUsed-/workdir/hadoop-ozone/integration-test/target/test-dir/MiniOzoneClusterImpl-fc53e19a-81f7-4cd9-8ff9-5415f8563367/datanode-8/data/containers] WARN  fs.CachingGetSpaceUsed (CachingGetSpaceUsed.java:run(183)) - Thread Interrupted waiting to refresh disk information: sleep interrupted
2019-11-04 16:44:55,186 [main] INFO  utils.BackgroundService (BackgroundService.java:shutdown(151)) - Shutting down service BlockDeletingService
2019-11-04 16:44:55,191 [main] INFO  statemachine.DatanodeStateMachine (DatanodeStateMachine.java:stopDaemon(395)) - Ozone container server stopped.
2019-11-04 16:44:55,580 [pool-201-thread-1] INFO  storage.RaftStorage (RaftStorage.java:format(84)) - Storage directory /workdir/hadoop-ozone/integration-test/target/test-dir/MiniOzoneClusterImpl-fc53e19a-81f7-4cd9-8ff9-5415f8563367/datanode-4/data/ratis/91dbfad9-c175-44f9-8d98-ed8f2b9d61a7 has been successfully formatted.
2019-11-04 16:44:55,580 [pool-171-thread-1] INFO  storage.RaftStorage (RaftStorage.java:format(84)) - Storage directory /workdir/hadoop-ozone/integration-test/target/test-dir/MiniOzoneClusterImpl-fc53e19a-81f7-4cd9-8ff9-5415f8563367/datanode-1/data/ratis/9f884990-ef3c-4a17-bb25-519ebdd4bc94 has been successfully formatted.
2019-11-04 16:44:55,580 [pool-231-thread-1] INFO  storage.RaftStorage (RaftStorage.java:format(84)) - Storage directory /workdir/hadoop-ozone/integration-test/target/test-dir/MiniOzoneClusterImpl-fc53e19a-81f7-4cd9-8ff9-5415f8563367/datanode-7/data/ratis/91dbfad9-c175-44f9-8d98-ed8f2b9d61a7 has been successfully formatted.
2019-11-04 16:44:55,580 [pool-201-thread-1] INFO  ratis.ContainerStateMachine (ContainerStateMachine.java:loadSnapshot(231)) - group-ED8F2B9D61A7: The snapshot info is null. Setting the last applied indexto:(t:0, i:~)
2019-11-04 16:44:55,580 [pool-171-thread-1] INFO  ratis.ContainerStateMachine (ContainerStateMachine.java:loadSnapshot(231)) - group-519EBDD4BC94: The snapshot info is null. Setting the last applied indexto:(t:0, i:~)
2019-11-04 16:44:55,580 [pool-231-thread-1] INFO  ratis.ContainerStateMachine (ContainerStateMachine.java:loadSnapshot(231)) - group-ED8F2B9D61A7: The snapshot info is null. Setting the last applied indexto:(t:0, i:~)
2019-11-04 16:44:55,580 [pool-201-thread-1] INFO  server.RaftServerConfigKeys (ConfUtils.java:logGet(43)) - raft.server.notification.no-leader.timeout = 120s (custom)
2019-11-04 16:44:55,581 [pool-231-thread-1] INFO  server.RaftServerConfigKeys (ConfUtils.java:logGet(43)) - raft.server.notification.no-leader.timeout = 120s (custom)
2019-11-04 16:44:55,581 [pool-171-thread-1] INFO  server.RaftServerConfigKeys (ConfUtils.java:logGet(43)) - raft.server.notification.no-leader.timeout = 120s (custom)
2019-11-04 16:44:55,581 [pool-231-thread-1] INFO  server.RaftServerConfigKeys (ConfUtils.java:logGet(43)) - raft.server.log.use.memory = false (default)
2019-11-04 16:44:55,581 [pool-201-thread-1] INFO  server.RaftServerConfigKeys (ConfUtils.java:logGet(43)) - raft.server.log.use.memory = false (default)
2019-11-04 16:44:55,581 [pool-171-thread-1] INFO  server.RaftServerConfigKeys (ConfUtils.java:logGet(43)) - raft.server.log.use.memory = false (default)
2019-11-04 16:44:55,581 [pool-231-thread-1] INFO  server.RaftServerConfigKeys (ConfUtils.java:logGet(43)) - raft.server.log.purge.gap = 1000000 (custom)
2019-11-04 16:44:55,581 [pool-201-thread-1] INFO  server.RaftServerConfigKeys (ConfUtils.java:logGet(43)) - raft.server.log.purge.gap = 1000000 (custom)
2019-11-04 16:44:55,582 [pool-231-thread-1] INFO  server.RaftServerConfigKeys (ConfUtils.java:logGet(43)) - raft.server.log.appender.buffer.byte-limit = 33554432 (custom)
2019-11-04 16:44:55,582 [pool-201-thread-1] INFO  server.RaftServerConfigKeys (ConfUtils.java:logGet(43)) - raft.server.log.appender.buffer.byte-limit = 33554432 (custom)
2019-11-04 16:44:55,582 [pool-231-thread-1] INFO  server.RaftServerConfigKeys (ConfUtils.java:logGet(43)) - raft.server.log.segment.size.max = 1048576 (custom)
2019-11-04 16:44:55,582 [pool-171-thread-1] INFO  server.RaftServerConfigKeys (ConfUtils.java:logGet(43)) - raft.server.log.purge.gap = 1000000 (custom)
2019-11-04 16:44:55,582 [pool-201-thread-1] INFO  server.RaftServerConfigKeys (ConfUtils.java:logGet(43)) - raft.server.log.segment.size.max = 1048576 (custom)
2019-11-04 16:44:55,583 [pool-231-thread-1] INFO  server.RaftServerConfigKeys (ConfUtils.java:logGet(43)) - raft.server.log.segment.cache.num.max = 2 (custom)
2019-11-04 16:44:55,583 [pool-171-thread-1] INFO  server.RaftServerConfigKeys (ConfUtils.java:logGet(43)) - raft.server.log.appender.buffer.byte-limit = 33554432 (custom)
2019-11-04 16:44:55,583 [pool-231-thread-1] INFO  segmented.SegmentedRaftLogWorker (SegmentedRaftLogWorker.java:<init>(173)) - new f211638a-2c6b-4b58-9a41-810c99451672@group-ED8F2B9D61A7-SegmentedRaftLogWorker for RaftStorage:Storage Directory /workdir/hadoop-ozone/integration-test/target/test-dir/MiniOzoneClusterImpl-fc53e19a-81f7-4cd9-8ff9-5415f8563367/datanode-7/data/ratis/91dbfad9-c175-44f9-8d98-ed8f2b9d61a7
2019-11-04 16:44:55,583 [pool-231-thread-1] INFO  server.RaftServerConfigKeys (ConfUtils.java:logGet(43)) - raft.server.log.queue.byte-limit = 2147483647 (custom)
2019-11-04 16:44:55,583 [pool-201-thread-1] INFO  server.RaftServerConfigKeys (ConfUtils.java:logGet(43)) - raft.server.log.segment.cache.num.max = 2 (custom)
2019-11-04 16:44:55,583 [pool-231-thread-1] INFO  server.RaftServerConfigKeys (ConfUtils.java:logGet(43)) - raft.server.log.queue.element-limit = 1024 (custom)
2019-11-04 16:44:55,583 [pool-171-thread-1] INFO  server.RaftServerConfigKeys (ConfUtils.java:logGet(43)) - raft.server.log.segment.size.max = 1048576 (custom)
2019-11-04 16:44:55,584 [pool-231-thread-1] INFO  server.RaftServerConfigKeys (ConfUtils.java:logGet(43)) - raft.server.log.segment.size.max = 1048576 (custom)
2019-11-04 16:44:55,584 [pool-201-thread-1] INFO  segmented.SegmentedRaftLogWorker (SegmentedRaftLogWorker.java:<init>(173)) - new fde56d24-c59c-4768-b7bb-458466c8bfd3@group-ED8F2B9D61A7-SegmentedRaftLogWorker for RaftStorage:Storage Directory /workdir/hadoop-ozone/integration-test/target/test-dir/MiniOzoneClusterImpl-fc53e19a-81f7-4cd9-8ff9-5415f8563367/datanode-4/data/ratis/91dbfad9-c175-44f9-8d98-ed8f2b9d61a7
2019-11-04 16:44:55,584 [pool-231-thread-1] INFO  server.RaftServerConfigKeys (ConfUtils.java:logGet(43)) - raft.server.log.preallocated.size = 16384 (custom)
2019-11-04 16:44:55,584 [pool-171-thread-1] INFO  server.RaftServerConfigKeys (ConfUtils.java:logGet(43)) - raft.server.log.segment.cache.num.max = 2 (custom)
2019-11-04 16:44:55,585 [pool-231-thread-1] INFO  server.RaftServerConfigKeys (ConfUtils.java:logGet(43)) - raft.server.log.write.buffer.size = 33554432 (custom)
2019-11-04 16:44:55,584 [pool-201-thread-1] INFO  server.RaftServerConfigKeys (ConfUtils.java:logGet(43)) - raft.server.log.queue.byte-limit = 2147483647 (custom)
2019-11-04 16:44:55,585 [pool-231-thread-1] INFO  server.RaftServerConfigKeys (ConfUtils.java:logGet(43)) - raft.server.log.force.sync.num = 128 (default)
2019-11-04 16:44:55,585 [pool-171-thread-1] INFO  segmented.SegmentedRaftLogWorker (SegmentedRaftLogWorker.java:<init>(173)) - new fbe6c37d-8446-44da-8aed-2f4bcb7dfa1d@group-519EBDD4BC94-SegmentedRaftLogWorker for RaftStorage:Storage Directory /workdir/hadoop-ozone/integration-test/target/test-dir/MiniOzoneClusterImpl-fc53e19a-81f7-4cd9-8ff9-5415f8563367/datanode-1/data/ratis/9f884990-ef3c-4a17-bb25-519ebdd4bc94
2019-11-04 16:44:55,585 [pool-231-thread-1] INFO  server.RaftServerConfigKeys (ConfUtils.java:logGet(43)) - raft.server.log.statemachine.data.sync = true (default)
2019-11-04 16:44:55,585 [pool-201-thread-1] INFO  server.RaftServerConfigKeys (ConfUtils.java:logGet(43)) - raft.server.log.queue.element-limit = 1024 (custom)
2019-11-04 16:44:55,586 [pool-231-thread-1] INFO  server.RaftServerConfigKeys (ConfUtils.java:logGet(43)) - raft.server.log.statemachine.data.sync.timeout = 10s (default)
2019-11-04 16:44:55,585 [pool-171-thread-1] INFO  server.RaftServerConfigKeys (ConfUtils.java:logGet(43)) - raft.server.log.queue.byte-limit = 2147483647 (custom)
2019-11-04 16:44:55,586 [pool-231-thread-1] INFO  server.RaftServerConfigKeys (ConfUtils.java:logGet(43)) - raft.server.log.statemachine.data.sync.timeout.retry = -1 (default)
2019-11-04 16:44:55,586 [pool-201-thread-1] INFO  server.RaftServerConfigKeys (ConfUtils.java:logGet(43)) - raft.server.log.segment.size.max = 1048576 (custom)
2019-11-04 16:44:55,586 [pool-171-thread-1] INFO  server.RaftServerConfigKeys (ConfUtils.java:logGet(43)) - raft.server.log.queue.element-limit = 1024 (custom)
2019-11-04 16:44:55,586 [pool-201-thread-1] INFO  server.RaftServerConfigKeys (ConfUtils.java:logGet(43)) - raft.server.log.preallocated.size = 16384 (custom)
2019-11-04 16:44:55,586 [pool-231-thread-1] INFO  server.RaftServerConfigKeys (ConfUtils.java:logGet(43)) - raft.server.log.statemachine.data.caching.enabled = true (custom)
2019-11-04 16:44:55,586 [pool-201-thread-1] INFO  server.RaftServerConfigKeys (ConfUtils.java:logGet(43)) - raft.server.log.write.buffer.size = 33554432 (custom)
2019-11-04 16:44:55,586 [pool-171-thread-1] INFO  server.RaftServerConfigKeys (ConfUtils.java:logGet(43)) - raft.server.log.segment.size.max = 1048576 (custom)
2019-11-04 16:44:55,587 [pool-201-thread-1] INFO  server.RaftServerConfigKeys (ConfUtils.java:logGet(43)) - raft.server.log.force.sync.num = 128 (default)
2019-11-04 16:44:55,587 [pool-231-thread-1] INFO  segmented.SegmentedRaftLogWorker (SegmentedRaftLogWorker.java:lambda$new$0(128)) - f211638a-2c6b-4b58-9a41-810c99451672@group-ED8F2B9D61A7-SegmentedRaftLogWorker: flushIndex: setUnconditionally 0 -> -1
2019-11-04 16:44:55,587 [pool-171-thread-1] INFO  server.RaftServerConfigKeys (ConfUtils.java:logGet(43)) - raft.server.log.preallocated.size = 16384 (custom)
2019-11-04 16:44:55,587 [pool-201-thread-1] INFO  server.RaftServerConfigKeys (ConfUtils.java:logGet(43)) - raft.server.log.statemachine.data.sync = true (default)
2019-11-04 16:44:55,587 [pool-171-thread-1] INFO  server.RaftServerConfigKeys (ConfUtils.java:logGet(43)) - raft.server.log.write.buffer.size = 33554432 (custom)
2019-11-04 16:44:55,587 [pool-231-thread-1] INFO  server.RaftServerConfigKeys (ConfUtils.java:logGet(43)) - raft.server.snapshot.auto.trigger.enabled = true (custom)
2019-11-04 16:44:55,587 [pool-201-thread-1] INFO  server.RaftServerConfigKeys (ConfUtils.java:logGet(43)) - raft.server.log.statemachine.data.sync.timeout = 10s (default)
2019-11-04 16:44:55,588 [pool-231-thread-1] INFO  server.RaftServerConfigKeys (ConfUtils.java:logGet(43)) - raft.server.snapshot.auto.trigger.threshold = 10000 (custom)
2019-11-04 16:44:55,587 [pool-171-thread-1] INFO  server.RaftServerConfigKeys (ConfUtils.java:logGet(43)) - raft.server.log.force.sync.num = 128 (default)
2019-11-04 16:44:55,588 [pool-231-thread-1] INFO  server.RaftServerConfigKeys (ConfUtils.java:logGet(43)) - raft.server.snapshot.retention.file.num = 5 (custom)
2019-11-04 16:44:55,588 [pool-201-thread-1] INFO  server.RaftServerConfigKeys (ConfUtils.java:logGet(43)) - raft.server.log.statemachine.data.sync.timeout.retry = -1 (default)
2019-11-04 16:44:55,588 [pool-231-thread-1] INFO  server.RaftServerConfigKeys (ConfUtils.java:logGet(43)) - raft.server.retrycache.expirytime = 600000ms (custom)
2019-11-04 16:44:55,588 [pool-171-thread-1] INFO  server.RaftServerConfigKeys (ConfUtils.java:logGet(43)) - raft.server.log.statemachine.data.sync = true (default)
2019-11-04 16:44:55,588 [pool-201-thread-1] INFO  server.RaftServerConfigKeys (ConfUtils.java:logGet(43)) - raft.server.log.statemachine.data.caching.enabled = true (custom)
2019-11-04 16:44:55,588 [main] INFO  handler.ContextHandler (ContextHandler.java:doStop(910)) - Stopped o.e.j.w.WebAppContext@5820070c{/,null,UNAVAILABLE}{/hddsDatanode}
2019-11-04 16:44:55,589 [pool-201-thread-1] INFO  segmented.SegmentedRaftLogWorker (SegmentedRaftLogWorker.java:lambda$new$0(128)) - fde56d24-c59c-4768-b7bb-458466c8bfd3@group-ED8F2B9D61A7-SegmentedRaftLogWorker: flushIndex: setUnconditionally 0 -> -1
2019-11-04 16:44:55,588 [pool-171-thread-1] INFO  server.RaftServerConfigKeys (ConfUtils.java:logGet(43)) - raft.server.log.statemachine.data.sync.timeout = 10s (default)
2019-11-04 16:44:55,589 [pool-201-thread-1] INFO  server.RaftServerConfigKeys (ConfUtils.java:logGet(43)) - raft.server.snapshot.auto.trigger.enabled = true (custom)
2019-11-04 16:44:55,589 [pool-171-thread-1] INFO  server.RaftServerConfigKeys (ConfUtils.java:logGet(43)) - raft.server.log.statemachine.data.sync.timeout.retry = -1 (default)
2019-11-04 16:44:55,589 [pool-201-thread-1] INFO  server.RaftServerConfigKeys (ConfUtils.java:logGet(43)) - raft.server.snapshot.auto.trigger.threshold = 10000 (custom)
2019-11-04 16:44:55,590 [pool-171-thread-1] INFO  server.RaftServerConfigKeys (ConfUtils.java:logGet(43)) - raft.server.log.statemachine.data.caching.enabled = true (custom)
2019-11-04 16:44:55,590 [main] INFO  server.AbstractConnector (AbstractConnector.java:doStop(318)) - Stopped ServerConnector@34208baa{HTTP/1.1,[http/1.1]}{0.0.0.0:0}
2019-11-04 16:44:55,590 [pool-201-thread-1] INFO  server.RaftServerConfigKeys (ConfUtils.java:logGet(43)) - raft.server.snapshot.retention.file.num = 5 (custom)
2019-11-04 16:44:55,590 [pool-201-thread-1] INFO  server.RaftServerConfigKeys (ConfUtils.java:logGet(43)) - raft.server.retrycache.expirytime = 600000ms (custom)
2019-11-04 16:44:55,590 [main] INFO  handler.ContextHandler (ContextHandler.java:doStop(910)) - Stopped o.e.j.s.ServletContextHandler@3b98b809{/static,jar:file:/home/user/.m2/repository/org/apache/hadoop/hadoop-hdds-container-service/0.5.0-SNAPSHOT/hadoop-hdds-container-service-0.5.0-SNAPSHOT.jar!/webapps/static,UNAVAILABLE}
2019-11-04 16:44:55,591 [main] INFO  handler.ContextHandler (ContextHandler.java:doStop(910)) - Stopped o.e.j.s.ServletContextHandler@649f25f3{/logs,file:///workdir/hadoop-ozone/integration-test/target/log,UNAVAILABLE}
2019-11-04 16:44:55,593 [pool-201-thread-1] INFO  impl.RaftServerProxy (RaftServerProxy.java:remove(95)) - fde56d24-c59c-4768-b7bb-458466c8bfd3: remove      null fde56d24-c59c-4768-b7bb-458466c8bfd3@group-ED8F2B9D61A7:t0, leader=null, voted=null, raftlog=fde56d24-c59c-4768-b7bb-458466c8bfd3@group-ED8F2B9D61A7-SegmentedRaftLog:OPENED:c-1,f-1,i0, conf=-1: [f211638a-2c6b-4b58-9a41-810c99451672:192.168.157.194:34889, fde56d24-c59c-4768-b7bb-458466c8bfd3:192.168.157.194:38692, fbe6c37d-8446-44da-8aed-2f4bcb7dfa1d:192.168.157.194:33200], old=null NEW
2019-11-04 16:44:55,594 [pool-201-thread-1] WARN  impl.RaftServerProxy (RaftServerProxy.java:lambda$groupAddAsync$11(388)) - fde56d24-c59c-4768-b7bb-458466c8bfd3: Failed groupAdd* GroupManagementRequest:client-31E4CBAF8176->fde56d24-c59c-4768-b7bb-458466c8bfd3@group-ED8F2B9D61A7, cid=62, seq=0, RW, null, Add:group-ED8F2B9D61A7:[f211638a-2c6b-4b58-9a41-810c99451672:192.168.157.194:34889, fde56d24-c59c-4768-b7bb-458466c8bfd3:192.168.157.194:38692, fbe6c37d-8446-44da-8aed-2f4bcb7dfa1d:192.168.157.194:33200]
java.util.concurrent.CompletionException: java.util.concurrent.RejectedExecutionException: Task java.util.concurrent.CompletableFuture$UniApply@49ec86f rejected from java.util.concurrent.ThreadPoolExecutor@dc56900[Shutting down, pool size = 1, active threads = 1, queued tasks = 2, completed tasks = 1]
	at java.util.concurrent.CompletableFuture.encodeThrowable(CompletableFuture.java:273)
	at java.util.concurrent.CompletableFuture.completeThrowable(CompletableFuture.java:280)
	at java.util.concurrent.CompletableFuture.uniApply(CompletableFuture.java:604)
	at java.util.concurrent.CompletableFuture$UniApply.tryFire(CompletableFuture.java:577)
	at java.util.concurrent.CompletableFuture.postComplete(CompletableFuture.java:474)
	at java.util.concurrent.CompletableFuture$AsyncSupply.run(CompletableFuture.java:1595)
	at java.util.concurrent.ThreadPoolExecutor.runWorker(ThreadPoolExecutor.java:1149)
	at java.util.concurrent.ThreadPoolExecutor$Worker.run(ThreadPoolExecutor.java:624)
	at java.lang.Thread.run(Thread.java:748)
Caused by: java.util.concurrent.RejectedExecutionException: Task java.util.concurrent.CompletableFuture$UniApply@49ec86f rejected from java.util.concurrent.ThreadPoolExecutor@dc56900[Shutting down, pool size = 1, active threads = 1, queued tasks = 2, completed tasks = 1]
	at java.util.concurrent.ThreadPoolExecutor$AbortPolicy.rejectedExecution(ThreadPoolExecutor.java:2063)
	at java.util.concurrent.ThreadPoolExecutor.reject(ThreadPoolExecutor.java:830)
	at java.util.concurrent.ThreadPoolExecutor.execute(ThreadPoolExecutor.java:1379)
	at java.util.concurrent.Executors$DelegatedExecutorService.execute(Executors.java:668)
	at java.util.concurrent.CompletableFuture$UniCompletion.claim(CompletableFuture.java:529)
	at java.util.concurrent.CompletableFuture.uniApply(CompletableFuture.java:599)
	... 6 more
2019-11-04 16:44:55,595 [pool-231-thread-1] INFO  impl.RaftServerImpl (RaftServerImpl.java:<init>(104)) - f211638a-2c6b-4b58-9a41-810c99451672: new RaftServerImpl for group-47A9DBD71086:[f211638a-2c6b-4b58-9a41-810c99451672:192.168.157.194:34889, fde56d24-c59c-4768-b7bb-458466c8bfd3:192.168.157.194:38692, fbe6c37d-8446-44da-8aed-2f4bcb7dfa1d:192.168.157.194:33200] with ContainerStateMachine:uninitialized
2019-11-04 16:44:55,595 [pool-231-thread-1] INFO  server.RaftServerConfigKeys (ConfUtils.java:logGet(43)) - raft.server.rpc.timeout.min = 1s (custom)
2019-11-04 16:44:55,596 [pool-231-thread-1] INFO  server.RaftServerConfigKeys (ConfUtils.java:logGet(43)) - raft.server.rpc.timeout.max = 1200ms (custom)
2019-11-04 16:44:55,596 [pool-201-thread-1] INFO  impl.RaftServerImpl (RaftServerImpl.java:<init>(104)) - fde56d24-c59c-4768-b7bb-458466c8bfd3: new RaftServerImpl for group-47A9DBD71086:[f211638a-2c6b-4b58-9a41-810c99451672:192.168.157.194:34889, fde56d24-c59c-4768-b7bb-458466c8bfd3:192.168.157.194:38692, fbe6c37d-8446-44da-8aed-2f4bcb7dfa1d:192.168.157.194:33200] with ContainerStateMachine:uninitialized
2019-11-04 16:44:55,596 [pool-231-thread-1] INFO  server.RaftServerConfigKeys (ConfUtils.java:logGet(43)) - raft.server.rpcslowness.timeout = 120s (custom)
2019-11-04 16:44:55,596 [pool-201-thread-1] INFO  server.RaftServerConfigKeys (ConfUtils.java:logGet(43)) - raft.server.rpc.timeout.min = 1s (custom)
2019-11-04 16:44:55,596 [pool-231-thread-1] INFO  server.RaftServerConfigKeys (ConfUtils.java:logGet(43)) - raft.server.sleep.deviation.threshold = 300 (default)
2019-11-04 16:44:55,596 [pool-201-thread-1] INFO  server.RaftServerConfigKeys (ConfUtils.java:logGet(43)) - raft.server.rpc.timeout.max = 1200ms (custom)
2019-11-04 16:44:55,597 [pool-231-thread-1] INFO  server.RaftServerConfigKeys (ConfUtils.java:logGet(43)) - raft.server.log.appender.install.snapshot.enabled = false (custom)
2019-11-04 16:44:55,597 [pool-171-thread-1] INFO  segmented.SegmentedRaftLogWorker (SegmentedRaftLogWorker.java:lambda$new$0(128)) - fbe6c37d-8446-44da-8aed-2f4bcb7dfa1d@group-519EBDD4BC94-SegmentedRaftLogWorker: flushIndex: setUnconditionally 0 -> -1
2019-11-04 16:44:55,597 [pool-201-thread-1] INFO  server.RaftServerConfigKeys (ConfUtils.java:logGet(43)) - raft.server.rpcslowness.timeout = 120s (custom)
2019-11-04 16:44:55,597 [pool-231-thread-1] INFO  impl.RaftServerImpl (ServerState.java:<init>(103)) - f211638a-2c6b-4b58-9a41-810c99451672@group-47A9DBD71086: ConfigurationManager, init=-1: [f211638a-2c6b-4b58-9a41-810c99451672:192.168.157.194:34889, fde56d24-c59c-4768-b7bb-458466c8bfd3:192.168.157.194:38692, fbe6c37d-8446-44da-8aed-2f4bcb7dfa1d:192.168.157.194:33200], old=null, confs=<EMPTY_MAP>
2019-11-04 16:44:55,597 [pool-171-thread-1] INFO  server.RaftServerConfigKeys (ConfUtils.java:logGet(43)) - raft.server.snapshot.auto.trigger.enabled = true (custom)
2019-11-04 16:44:55,597 [pool-201-thread-1] INFO  server.RaftServerConfigKeys (ConfUtils.java:logGet(43)) - raft.server.sleep.deviation.threshold = 300 (default)
2019-11-04 16:44:55,597 [pool-171-thread-1] INFO  server.RaftServerConfigKeys (ConfUtils.java:logGet(43)) - raft.server.snapshot.auto.trigger.threshold = 10000 (custom)
2019-11-04 16:44:55,598 [pool-231-thread-1] INFO  server.RaftServerConfigKeys (ConfUtils.java:logGet(43)) - raft.server.storage.dir = [/workdir/hadoop-ozone/integration-test/target/test-dir/MiniOzoneClusterImpl-fc53e19a-81f7-4cd9-8ff9-5415f8563367/datanode-7/data/ratis] (custom)
2019-11-04 16:44:55,598 [pool-201-thread-1] INFO  server.RaftServerConfigKeys (ConfUtils.java:logGet(43)) - raft.server.log.appender.install.snapshot.enabled = false (custom)
2019-11-04 16:44:55,598 [pool-171-thread-1] INFO  server.RaftServerConfigKeys (ConfUtils.java:logGet(43)) - raft.server.snapshot.retention.file.num = 5 (custom)
2019-11-04 16:44:55,598 [pool-201-thread-1] INFO  impl.RaftServerImpl (ServerState.java:<init>(103)) - fde56d24-c59c-4768-b7bb-458466c8bfd3@group-47A9DBD71086: ConfigurationManager, init=-1: [f211638a-2c6b-4b58-9a41-810c99451672:192.168.157.194:34889, fde56d24-c59c-4768-b7bb-458466c8bfd3:192.168.157.194:38692, fbe6c37d-8446-44da-8aed-2f4bcb7dfa1d:192.168.157.194:33200], old=null, confs=<EMPTY_MAP>
2019-11-04 16:44:55,598 [pool-171-thread-1] INFO  server.RaftServerConfigKeys (ConfUtils.java:logGet(43)) - raft.server.retrycache.expirytime = 600000ms (custom)
2019-11-04 16:44:55,598 [pool-231-thread-1] INFO  server.RaftServerConfigKeys (ConfUtils.java:logGet(43)) - raft.server.log.corruption.policy = EXCEPTION (default)
2019-11-04 16:44:55,598 [pool-201-thread-1] INFO  server.RaftServerConfigKeys (ConfUtils.java:logGet(43)) - raft.server.storage.dir = [/workdir/hadoop-ozone/integration-test/target/test-dir/MiniOzoneClusterImpl-fc53e19a-81f7-4cd9-8ff9-5415f8563367/datanode-4/data/ratis] (custom)
2019-11-04 16:44:55,599 [pool-231-thread-1] INFO  storage.RaftStorageDirectory (RaftStorageDirectory.java:analyzeStorage(246)) - The storage directory /workdir/hadoop-ozone/integration-test/target/test-dir/MiniOzoneClusterImpl-fc53e19a-81f7-4cd9-8ff9-5415f8563367/datanode-7/data/ratis/ee002801-4af9-4e0e-b19e-47a9dbd71086 does not exist. Creating ...
2019-11-04 16:44:55,599 [pool-201-thread-1] INFO  server.RaftServerConfigKeys (ConfUtils.java:logGet(43)) - raft.server.log.corruption.policy = EXCEPTION (default)
2019-11-04 16:44:55,599 [pool-201-thread-1] INFO  storage.RaftStorageDirectory (RaftStorageDirectory.java:analyzeStorage(246)) - The storage directory /workdir/hadoop-ozone/integration-test/target/test-dir/MiniOzoneClusterImpl-fc53e19a-81f7-4cd9-8ff9-5415f8563367/datanode-4/data/ratis/ee002801-4af9-4e0e-b19e-47a9dbd71086 does not exist. Creating ...
2019-11-04 16:44:55,602 [pool-171-thread-1] INFO  impl.RaftServerImpl (RaftServerImpl.java:<init>(104)) - fbe6c37d-8446-44da-8aed-2f4bcb7dfa1d: new RaftServerImpl for group-ED8F2B9D61A7:[f211638a-2c6b-4b58-9a41-810c99451672:192.168.157.194:34889, fde56d24-c59c-4768-b7bb-458466c8bfd3:192.168.157.194:38692, fbe6c37d-8446-44da-8aed-2f4bcb7dfa1d:192.168.157.194:33200] with ContainerStateMachine:uninitialized
2019-11-04 16:44:55,602 [pool-171-thread-1] INFO  server.RaftServerConfigKeys (ConfUtils.java:logGet(43)) - raft.server.rpc.timeout.min = 1s (custom)
2019-11-04 16:44:55,602 [pool-171-thread-1] INFO  server.RaftServerConfigKeys (ConfUtils.java:logGet(43)) - raft.server.rpc.timeout.max = 1200ms (custom)
2019-11-04 16:44:55,602 [pool-171-thread-1] INFO  server.RaftServerConfigKeys (ConfUtils.java:logGet(43)) - raft.server.rpcslowness.timeout = 120s (custom)
2019-11-04 16:44:55,602 [pool-171-thread-1] INFO  server.RaftServerConfigKeys (ConfUtils.java:logGet(43)) - raft.server.sleep.deviation.threshold = 300 (default)
2019-11-04 16:44:55,603 [pool-171-thread-1] INFO  server.RaftServerConfigKeys (ConfUtils.java:logGet(43)) - raft.server.log.appender.install.snapshot.enabled = false (custom)
2019-11-04 16:44:55,603 [pool-171-thread-1] INFO  impl.RaftServerImpl (ServerState.java:<init>(103)) - fbe6c37d-8446-44da-8aed-2f4bcb7dfa1d@group-ED8F2B9D61A7: ConfigurationManager, init=-1: [f211638a-2c6b-4b58-9a41-810c99451672:192.168.157.194:34889, fde56d24-c59c-4768-b7bb-458466c8bfd3:192.168.157.194:38692, fbe6c37d-8446-44da-8aed-2f4bcb7dfa1d:192.168.157.194:33200], old=null, confs=<EMPTY_MAP>
2019-11-04 16:44:55,603 [pool-171-thread-1] INFO  server.RaftServerConfigKeys (ConfUtils.java:logGet(43)) - raft.server.storage.dir = [/workdir/hadoop-ozone/integration-test/target/test-dir/MiniOzoneClusterImpl-fc53e19a-81f7-4cd9-8ff9-5415f8563367/datanode-1/data/ratis] (custom)
2019-11-04 16:44:55,603 [pool-171-thread-1] INFO  server.RaftServerConfigKeys (ConfUtils.java:logGet(43)) - raft.server.log.corruption.policy = EXCEPTION (default)
2019-11-04 16:44:55,603 [pool-171-thread-1] INFO  storage.RaftStorageDirectory (RaftStorageDirectory.java:analyzeStorage(246)) - The storage directory /workdir/hadoop-ozone/integration-test/target/test-dir/MiniOzoneClusterImpl-fc53e19a-81f7-4cd9-8ff9-5415f8563367/datanode-1/data/ratis/91dbfad9-c175-44f9-8d98-ed8f2b9d61a7 does not exist. Creating ...
2019-11-04 16:44:55,625 [pool-171-thread-1] INFO  storage.RaftStorageDirectory (RaftStorageDirectory.java:tryLock(328)) - Lock on /workdir/hadoop-ozone/integration-test/target/test-dir/MiniOzoneClusterImpl-fc53e19a-81f7-4cd9-8ff9-5415f8563367/datanode-1/data/ratis/91dbfad9-c175-44f9-8d98-ed8f2b9d61a7/in_use.lock acquired by nodename 16190@pr-hdds-1643-sn7dj-2043761873
2019-11-04 16:44:55,625 [pool-231-thread-1] INFO  storage.RaftStorageDirectory (RaftStorageDirectory.java:tryLock(328)) - Lock on /workdir/hadoop-ozone/integration-test/target/test-dir/MiniOzoneClusterImpl-fc53e19a-81f7-4cd9-8ff9-5415f8563367/datanode-7/data/ratis/ee002801-4af9-4e0e-b19e-47a9dbd71086/in_use.lock acquired by nodename 16190@pr-hdds-1643-sn7dj-2043761873
2019-11-04 16:44:55,625 [pool-201-thread-1] INFO  storage.RaftStorageDirectory (RaftStorageDirectory.java:tryLock(328)) - Lock on /workdir/hadoop-ozone/integration-test/target/test-dir/MiniOzoneClusterImpl-fc53e19a-81f7-4cd9-8ff9-5415f8563367/datanode-4/data/ratis/ee002801-4af9-4e0e-b19e-47a9dbd71086/in_use.lock acquired by nodename 16190@pr-hdds-1643-sn7dj-2043761873
2019-11-04 16:44:55,635 [pool-201-thread-1] INFO  storage.RaftStorage (RaftStorage.java:format(84)) - Storage directory /workdir/hadoop-ozone/integration-test/target/test-dir/MiniOzoneClusterImpl-fc53e19a-81f7-4cd9-8ff9-5415f8563367/datanode-4/data/ratis/ee002801-4af9-4e0e-b19e-47a9dbd71086 has been successfully formatted.
2019-11-04 16:44:55,635 [pool-231-thread-1] INFO  storage.RaftStorage (RaftStorage.java:format(84)) - Storage directory /workdir/hadoop-ozone/integration-test/target/test-dir/MiniOzoneClusterImpl-fc53e19a-81f7-4cd9-8ff9-5415f8563367/datanode-7/data/ratis/ee002801-4af9-4e0e-b19e-47a9dbd71086 has been successfully formatted.
2019-11-04 16:44:55,635 [pool-171-thread-1] INFO  storage.RaftStorage (RaftStorage.java:format(84)) - Storage directory /workdir/hadoop-ozone/integration-test/target/test-dir/MiniOzoneClusterImpl-fc53e19a-81f7-4cd9-8ff9-5415f8563367/datanode-1/data/ratis/91dbfad9-c175-44f9-8d98-ed8f2b9d61a7 has been successfully formatted.
2019-11-04 16:44:55,636 [pool-201-thread-1] INFO  ratis.ContainerStateMachine (ContainerStateMachine.java:loadSnapshot(231)) - group-47A9DBD71086: The snapshot info is null. Setting the last applied indexto:(t:0, i:~)
2019-11-04 16:44:55,636 [pool-171-thread-1] INFO  ratis.ContainerStateMachine (ContainerStateMachine.java:loadSnapshot(231)) - group-ED8F2B9D61A7: The snapshot info is null. Setting the last applied indexto:(t:0, i:~)
2019-11-04 16:44:55,636 [pool-231-thread-1] INFO  ratis.ContainerStateMachine (ContainerStateMachine.java:loadSnapshot(231)) - group-47A9DBD71086: The snapshot info is null. Setting the last applied indexto:(t:0, i:~)
2019-11-04 16:44:55,636 [pool-171-thread-1] INFO  server.RaftServerConfigKeys (ConfUtils.java:logGet(43)) - raft.server.notification.no-leader.timeout = 120s (custom)
2019-11-04 16:44:55,636 [pool-201-thread-1] INFO  server.RaftServerConfigKeys (ConfUtils.java:logGet(43)) - raft.server.notification.no-leader.timeout = 120s (custom)
2019-11-04 16:44:55,636 [pool-171-thread-1] INFO  server.RaftServerConfigKeys (ConfUtils.java:logGet(43)) - raft.server.log.use.memory = false (default)
2019-11-04 16:44:55,636 [pool-231-thread-1] INFO  server.RaftServerConfigKeys (ConfUtils.java:logGet(43)) - raft.server.notification.no-leader.timeout = 120s (custom)
2019-11-04 16:44:55,636 [pool-171-thread-1] INFO  server.RaftServerConfigKeys (ConfUtils.java:logGet(43)) - raft.server.log.purge.gap = 1000000 (custom)
2019-11-04 16:44:55,636 [pool-201-thread-1] INFO  server.RaftServerConfigKeys (ConfUtils.java:logGet(43)) - raft.server.log.use.memory = false (default)
2019-11-04 16:44:55,637 [pool-171-thread-1] INFO  server.RaftServerConfigKeys (ConfUtils.java:logGet(43)) - raft.server.log.appender.buffer.byte-limit = 33554432 (custom)
2019-11-04 16:44:55,637 [pool-231-thread-1] INFO  server.RaftServerConfigKeys (ConfUtils.java:logGet(43)) - raft.server.log.use.memory = false (default)
2019-11-04 16:44:55,637 [pool-171-thread-1] INFO  server.RaftServerConfigKeys (ConfUtils.java:logGet(43)) - raft.server.log.segment.size.max = 1048576 (custom)
2019-11-04 16:44:55,637 [pool-201-thread-1] INFO  server.RaftServerConfigKeys (ConfUtils.java:logGet(43)) - raft.server.log.purge.gap = 1000000 (custom)
2019-11-04 16:44:55,637 [pool-171-thread-1] INFO  server.RaftServerConfigKeys (ConfUtils.java:logGet(43)) - raft.server.log.segment.cache.num.max = 2 (custom)
2019-11-04 16:44:55,637 [pool-231-thread-1] INFO  server.RaftServerConfigKeys (ConfUtils.java:logGet(43)) - raft.server.log.purge.gap = 1000000 (custom)
2019-11-04 16:44:55,637 [pool-171-thread-1] INFO  segmented.SegmentedRaftLogWorker (SegmentedRaftLogWorker.java:<init>(173)) - new fbe6c37d-8446-44da-8aed-2f4bcb7dfa1d@group-ED8F2B9D61A7-SegmentedRaftLogWorker for RaftStorage:Storage Directory /workdir/hadoop-ozone/integration-test/target/test-dir/MiniOzoneClusterImpl-fc53e19a-81f7-4cd9-8ff9-5415f8563367/datanode-1/data/ratis/91dbfad9-c175-44f9-8d98-ed8f2b9d61a7
2019-11-04 16:44:55,637 [pool-201-thread-1] INFO  server.RaftServerConfigKeys (ConfUtils.java:logGet(43)) - raft.server.log.appender.buffer.byte-limit = 33554432 (custom)
2019-11-04 16:44:55,638 [pool-171-thread-1] INFO  server.RaftServerConfigKeys (ConfUtils.java:logGet(43)) - raft.server.log.queue.byte-limit = 2147483647 (custom)
2019-11-04 16:44:55,638 [pool-231-thread-1] INFO  server.RaftServerConfigKeys (ConfUtils.java:logGet(43)) - raft.server.log.appender.buffer.byte-limit = 33554432 (custom)
2019-11-04 16:44:55,638 [pool-171-thread-1] INFO  server.RaftServerConfigKeys (ConfUtils.java:logGet(43)) - raft.server.log.queue.element-limit = 1024 (custom)
2019-11-04 16:44:55,638 [pool-201-thread-1] INFO  server.RaftServerConfigKeys (ConfUtils.java:logGet(43)) - raft.server.log.segment.size.max = 1048576 (custom)
2019-11-04 16:44:55,638 [pool-171-thread-1] INFO  server.RaftServerConfigKeys (ConfUtils.java:logGet(43)) - raft.server.log.segment.size.max = 1048576 (custom)
2019-11-04 16:44:55,638 [pool-171-thread-1] INFO  server.RaftServerConfigKeys (ConfUtils.java:logGet(43)) - raft.server.log.preallocated.size = 16384 (custom)
2019-11-04 16:44:55,638 [pool-231-thread-1] INFO  server.RaftServerConfigKeys (ConfUtils.java:logGet(43)) - raft.server.log.segment.size.max = 1048576 (custom)
2019-11-04 16:44:55,638 [pool-171-thread-1] INFO  server.RaftServerConfigKeys (ConfUtils.java:logGet(43)) - raft.server.log.write.buffer.size = 33554432 (custom)
2019-11-04 16:44:55,639 [pool-171-thread-1] INFO  server.RaftServerConfigKeys (ConfUtils.java:logGet(43)) - raft.server.log.force.sync.num = 128 (default)
2019-11-04 16:44:55,638 [pool-201-thread-1] INFO  server.RaftServerConfigKeys (ConfUtils.java:logGet(43)) - raft.server.log.segment.cache.num.max = 2 (custom)
2019-11-04 16:44:55,639 [pool-171-thread-1] INFO  server.RaftServerConfigKeys (ConfUtils.java:logGet(43)) - raft.server.log.statemachine.data.sync = true (default)
2019-11-04 16:44:55,639 [pool-231-thread-1] INFO  server.RaftServerConfigKeys (ConfUtils.java:logGet(43)) - raft.server.log.segment.cache.num.max = 2 (custom)
2019-11-04 16:44:55,639 [pool-171-thread-1] INFO  server.RaftServerConfigKeys (ConfUtils.java:logGet(43)) - raft.server.log.statemachine.data.sync.timeout = 10s (default)
2019-11-04 16:44:55,639 [pool-201-thread-1] INFO  segmented.SegmentedRaftLogWorker (SegmentedRaftLogWorker.java:<init>(173)) - new fde56d24-c59c-4768-b7bb-458466c8bfd3@group-47A9DBD71086-SegmentedRaftLogWorker for RaftStorage:Storage Directory /workdir/hadoop-ozone/integration-test/target/test-dir/MiniOzoneClusterImpl-fc53e19a-81f7-4cd9-8ff9-5415f8563367/datanode-4/data/ratis/ee002801-4af9-4e0e-b19e-47a9dbd71086
2019-11-04 16:44:55,639 [pool-171-thread-1] INFO  server.RaftServerConfigKeys (ConfUtils.java:logGet(43)) - raft.server.log.statemachine.data.sync.timeout.retry = -1 (default)
2019-11-04 16:44:55,639 [pool-231-thread-1] INFO  segmented.SegmentedRaftLogWorker (SegmentedRaftLogWorker.java:<init>(173)) - new f211638a-2c6b-4b58-9a41-810c99451672@group-47A9DBD71086-SegmentedRaftLogWorker for RaftStorage:Storage Directory /workdir/hadoop-ozone/integration-test/target/test-dir/MiniOzoneClusterImpl-fc53e19a-81f7-4cd9-8ff9-5415f8563367/datanode-7/data/ratis/ee002801-4af9-4e0e-b19e-47a9dbd71086
2019-11-04 16:44:55,640 [pool-171-thread-1] INFO  server.RaftServerConfigKeys (ConfUtils.java:logGet(43)) - raft.server.log.statemachine.data.caching.enabled = true (custom)
2019-11-04 16:44:55,639 [pool-201-thread-1] INFO  server.RaftServerConfigKeys (ConfUtils.java:logGet(43)) - raft.server.log.queue.byte-limit = 2147483647 (custom)
2019-11-04 16:44:55,640 [pool-231-thread-1] INFO  server.RaftServerConfigKeys (ConfUtils.java:logGet(43)) - raft.server.log.queue.byte-limit = 2147483647 (custom)
2019-11-04 16:44:55,640 [pool-171-thread-1] INFO  segmented.SegmentedRaftLogWorker (SegmentedRaftLogWorker.java:lambda$new$0(128)) - fbe6c37d-8446-44da-8aed-2f4bcb7dfa1d@group-ED8F2B9D61A7-SegmentedRaftLogWorker: flushIndex: setUnconditionally 0 -> -1
2019-11-04 16:44:55,640 [pool-201-thread-1] INFO  server.RaftServerConfigKeys (ConfUtils.java:logGet(43)) - raft.server.log.queue.element-limit = 1024 (custom)
2019-11-04 16:44:55,640 [pool-231-thread-1] INFO  server.RaftServerConfigKeys (ConfUtils.java:logGet(43)) - raft.server.log.queue.element-limit = 1024 (custom)
2019-11-04 16:44:55,640 [pool-201-thread-1] INFO  server.RaftServerConfigKeys (ConfUtils.java:logGet(43)) - raft.server.log.segment.size.max = 1048576 (custom)
2019-11-04 16:44:55,640 [pool-171-thread-1] INFO  server.RaftServerConfigKeys (ConfUtils.java:logGet(43)) - raft.server.snapshot.auto.trigger.enabled = true (custom)
2019-11-04 16:44:55,640 [pool-201-thread-1] INFO  server.RaftServerConfigKeys (ConfUtils.java:logGet(43)) - raft.server.log.preallocated.size = 16384 (custom)
2019-11-04 16:44:55,641 [pool-201-thread-1] INFO  server.RaftServerConfigKeys (ConfUtils.java:logGet(43)) - raft.server.log.write.buffer.size = 33554432 (custom)
2019-11-04 16:44:55,640 [pool-231-thread-1] INFO  server.RaftServerConfigKeys (ConfUtils.java:logGet(43)) - raft.server.log.segment.size.max = 1048576 (custom)
2019-11-04 16:44:55,641 [pool-201-thread-1] INFO  server.RaftServerConfigKeys (ConfUtils.java:logGet(43)) - raft.server.log.force.sync.num = 128 (default)
2019-11-04 16:44:55,641 [pool-171-thread-1] INFO  server.RaftServerConfigKeys (ConfUtils.java:logGet(43)) - raft.server.snapshot.auto.trigger.threshold = 10000 (custom)
2019-11-04 16:44:55,641 [pool-201-thread-1] INFO  server.RaftServerConfigKeys (ConfUtils.java:logGet(43)) - raft.server.log.statemachine.data.sync = true (default)
2019-11-04 16:44:55,641 [pool-231-thread-1] INFO  server.RaftServerConfigKeys (ConfUtils.java:logGet(43)) - raft.server.log.preallocated.size = 16384 (custom)
2019-11-04 16:44:55,641 [pool-201-thread-1] INFO  server.RaftServerConfigKeys (ConfUtils.java:logGet(43)) - raft.server.log.statemachine.data.sync.timeout = 10s (default)
2019-11-04 16:44:55,642 [pool-201-thread-1] INFO  server.RaftServerConfigKeys (ConfUtils.java:logGet(43)) - raft.server.log.statemachine.data.sync.timeout.retry = -1 (default)
2019-11-04 16:44:55,641 [pool-171-thread-1] INFO  server.RaftServerConfigKeys (ConfUtils.java:logGet(43)) - raft.server.snapshot.retention.file.num = 5 (custom)
2019-11-04 16:44:55,642 [pool-201-thread-1] INFO  server.RaftServerConfigKeys (ConfUtils.java:logGet(43)) - raft.server.log.statemachine.data.caching.enabled = true (custom)
2019-11-04 16:44:55,641 [pool-231-thread-1] INFO  server.RaftServerConfigKeys (ConfUtils.java:logGet(43)) - raft.server.log.write.buffer.size = 33554432 (custom)
2019-11-04 16:44:55,642 [pool-171-thread-1] INFO  server.RaftServerConfigKeys (ConfUtils.java:logGet(43)) - raft.server.retrycache.expirytime = 600000ms (custom)
2019-11-04 16:44:55,642 [pool-201-thread-1] INFO  segmented.SegmentedRaftLogWorker (SegmentedRaftLogWorker.java:lambda$new$0(128)) - fde56d24-c59c-4768-b7bb-458466c8bfd3@group-47A9DBD71086-SegmentedRaftLogWorker: flushIndex: setUnconditionally 0 -> -1
2019-11-04 16:44:55,642 [pool-231-thread-1] INFO  server.RaftServerConfigKeys (ConfUtils.java:logGet(43)) - raft.server.log.force.sync.num = 128 (default)
2019-11-04 16:44:55,642 [pool-231-thread-1] INFO  server.RaftServerConfigKeys (ConfUtils.java:logGet(43)) - raft.server.log.statemachine.data.sync = true (default)
2019-11-04 16:44:55,642 [pool-201-thread-1] INFO  server.RaftServerConfigKeys (ConfUtils.java:logGet(43)) - raft.server.snapshot.auto.trigger.enabled = true (custom)
2019-11-04 16:44:55,642 [pool-231-thread-1] INFO  server.RaftServerConfigKeys (ConfUtils.java:logGet(43)) - raft.server.log.statemachine.data.sync.timeout = 10s (default)
2019-11-04 16:44:55,643 [pool-201-thread-1] INFO  server.RaftServerConfigKeys (ConfUtils.java:logGet(43)) - raft.server.snapshot.auto.trigger.threshold = 10000 (custom)
2019-11-04 16:44:55,643 [pool-231-thread-1] INFO  server.RaftServerConfigKeys (ConfUtils.java:logGet(43)) - raft.server.log.statemachine.data.sync.timeout.retry = -1 (default)
2019-11-04 16:44:55,643 [pool-201-thread-1] INFO  server.RaftServerConfigKeys (ConfUtils.java:logGet(43)) - raft.server.snapshot.retention.file.num = 5 (custom)
2019-11-04 16:44:55,643 [pool-231-thread-1] INFO  server.RaftServerConfigKeys (ConfUtils.java:logGet(43)) - raft.server.log.statemachine.data.caching.enabled = true (custom)
2019-11-04 16:44:55,643 [pool-201-thread-1] INFO  server.RaftServerConfigKeys (ConfUtils.java:logGet(43)) - raft.server.retrycache.expirytime = 600000ms (custom)
2019-11-04 16:44:55,643 [pool-231-thread-1] INFO  segmented.SegmentedRaftLogWorker (SegmentedRaftLogWorker.java:lambda$new$0(128)) - f211638a-2c6b-4b58-9a41-810c99451672@group-47A9DBD71086-SegmentedRaftLogWorker: flushIndex: setUnconditionally 0 -> -1
2019-11-04 16:44:55,644 [pool-231-thread-1] INFO  server.RaftServerConfigKeys (ConfUtils.java:logGet(43)) - raft.server.snapshot.auto.trigger.enabled = true (custom)
2019-11-04 16:44:55,644 [pool-231-thread-1] INFO  server.RaftServerConfigKeys (ConfUtils.java:logGet(43)) - raft.server.snapshot.auto.trigger.threshold = 10000 (custom)
2019-11-04 16:44:55,644 [pool-231-thread-1] INFO  server.RaftServerConfigKeys (ConfUtils.java:logGet(43)) - raft.server.snapshot.retention.file.num = 5 (custom)
2019-11-04 16:44:55,644 [pool-231-thread-1] INFO  server.RaftServerConfigKeys (ConfUtils.java:logGet(43)) - raft.server.retrycache.expirytime = 600000ms (custom)
2019-11-04 16:44:55,645 [pool-171-thread-1] INFO  impl.RaftServerImpl (RaftServerImpl.java:<init>(104)) - fbe6c37d-8446-44da-8aed-2f4bcb7dfa1d: new RaftServerImpl for group-47A9DBD71086:[f211638a-2c6b-4b58-9a41-810c99451672:192.168.157.194:34889, fde56d24-c59c-4768-b7bb-458466c8bfd3:192.168.157.194:38692, fbe6c37d-8446-44da-8aed-2f4bcb7dfa1d:192.168.157.194:33200] with ContainerStateMachine:uninitialized
2019-11-04 16:44:55,645 [pool-171-thread-1] INFO  server.RaftServerConfigKeys (ConfUtils.java:logGet(43)) - raft.server.rpc.timeout.min = 1s (custom)
2019-11-04 16:44:55,645 [pool-171-thread-1] INFO  server.RaftServerConfigKeys (ConfUtils.java:logGet(43)) - raft.server.rpc.timeout.max = 1200ms (custom)
2019-11-04 16:44:55,645 [pool-171-thread-1] INFO  server.RaftServerConfigKeys (ConfUtils.java:logGet(43)) - raft.server.rpcslowness.timeout = 120s (custom)
2019-11-04 16:44:55,645 [pool-171-thread-1] INFO  server.RaftServerConfigKeys (ConfUtils.java:logGet(43)) - raft.server.sleep.deviation.threshold = 300 (default)
2019-11-04 16:44:55,645 [pool-201-thread-1] INFO  impl.RaftServerProxy (RaftServerProxy.java:remove(95)) - fde56d24-c59c-4768-b7bb-458466c8bfd3: remove      null fde56d24-c59c-4768-b7bb-458466c8bfd3@group-47A9DBD71086:t0, leader=null, voted=null, raftlog=fde56d24-c59c-4768-b7bb-458466c8bfd3@group-47A9DBD71086-SegmentedRaftLog:OPENED:c-1,f-1,i0, conf=-1: [f211638a-2c6b-4b58-9a41-810c99451672:192.168.157.194:34889, fde56d24-c59c-4768-b7bb-458466c8bfd3:192.168.157.194:38692, fbe6c37d-8446-44da-8aed-2f4bcb7dfa1d:192.168.157.194:33200], old=null NEW
2019-11-04 16:44:55,645 [pool-171-thread-1] INFO  server.RaftServerConfigKeys (ConfUtils.java:logGet(43)) - raft.server.log.appender.install.snapshot.enabled = false (custom)
2019-11-04 16:44:55,645 [pool-201-thread-1] WARN  impl.RaftServerProxy (RaftServerProxy.java:lambda$groupAddAsync$11(388)) - fde56d24-c59c-4768-b7bb-458466c8bfd3: Failed groupAdd* GroupManagementRequest:client-F448E59B1172->fde56d24-c59c-4768-b7bb-458466c8bfd3@group-47A9DBD71086, cid=66, seq=0, RW, null, Add:group-47A9DBD71086:[f211638a-2c6b-4b58-9a41-810c99451672:192.168.157.194:34889, fde56d24-c59c-4768-b7bb-458466c8bfd3:192.168.157.194:38692, fbe6c37d-8446-44da-8aed-2f4bcb7dfa1d:192.168.157.194:33200]
java.util.concurrent.CompletionException: java.util.concurrent.RejectedExecutionException: Task java.util.concurrent.CompletableFuture$UniApply@818e908 rejected from java.util.concurrent.ThreadPoolExecutor@dc56900[Shutting down, pool size = 1, active threads = 1, queued tasks = 1, completed tasks = 2]
	at java.util.concurrent.CompletableFuture.encodeThrowable(CompletableFuture.java:273)
	at java.util.concurrent.CompletableFuture.completeThrowable(CompletableFuture.java:280)
	at java.util.concurrent.CompletableFuture.uniApply(CompletableFuture.java:604)
	at java.util.concurrent.CompletableFuture$UniApply.tryFire(CompletableFuture.java:577)
	at java.util.concurrent.CompletableFuture.postComplete(CompletableFuture.java:474)
	at java.util.concurrent.CompletableFuture$AsyncSupply.run(CompletableFuture.java:1595)
	at java.util.concurrent.ThreadPoolExecutor.runWorker(ThreadPoolExecutor.java:1149)
	at java.util.concurrent.ThreadPoolExecutor$Worker.run(ThreadPoolExecutor.java:624)
	at java.lang.Thread.run(Thread.java:748)
Caused by: java.util.concurrent.RejectedExecutionException: Task java.util.concurrent.CompletableFuture$UniApply@818e908 rejected from java.util.concurrent.ThreadPoolExecutor@dc56900[Shutting down, pool size = 1, active threads = 1, queued tasks = 1, completed tasks = 2]
	at java.util.concurrent.ThreadPoolExecutor$AbortPolicy.rejectedExecution(ThreadPoolExecutor.java:2063)
	at java.util.concurrent.ThreadPoolExecutor.reject(ThreadPoolExecutor.java:830)
	at java.util.concurrent.ThreadPoolExecutor.execute(ThreadPoolExecutor.java:1379)
	at java.util.concurrent.Executors$DelegatedExecutorService.execute(Executors.java:668)
	at java.util.concurrent.CompletableFuture$UniCompletion.claim(CompletableFuture.java:529)
	at java.util.concurrent.CompletableFuture.uniApply(CompletableFuture.java:599)
	... 6 more
2019-11-04 16:44:55,645 [pool-171-thread-1] INFO  impl.RaftServerImpl (ServerState.java:<init>(103)) - fbe6c37d-8446-44da-8aed-2f4bcb7dfa1d@group-47A9DBD71086: ConfigurationManager, init=-1: [f211638a-2c6b-4b58-9a41-810c99451672:192.168.157.194:34889, fde56d24-c59c-4768-b7bb-458466c8bfd3:192.168.157.194:38692, fbe6c37d-8446-44da-8aed-2f4bcb7dfa1d:192.168.157.194:33200], old=null, confs=<EMPTY_MAP>
2019-11-04 16:44:55,646 [pool-171-thread-1] INFO  server.RaftServerConfigKeys (ConfUtils.java:logGet(43)) - raft.server.storage.dir = [/workdir/hadoop-ozone/integration-test/target/test-dir/MiniOzoneClusterImpl-fc53e19a-81f7-4cd9-8ff9-5415f8563367/datanode-1/data/ratis] (custom)
2019-11-04 16:44:55,646 [pool-201-thread-1] INFO  impl.RaftServerImpl (RaftServerImpl.java:start(195)) - fde56d24-c59c-4768-b7bb-458466c8bfd3@group-36B5FC60EDDD: start as a follower, conf=-1: [f211638a-2c6b-4b58-9a41-810c99451672:192.168.157.194:34889, fde56d24-c59c-4768-b7bb-458466c8bfd3:192.168.157.194:38692, fbe6c37d-8446-44da-8aed-2f4bcb7dfa1d:192.168.157.194:33200], old=null
2019-11-04 16:44:55,646 [pool-201-thread-1] INFO  impl.RaftServerImpl (RaftServerImpl.java:setRole(184)) - fde56d24-c59c-4768-b7bb-458466c8bfd3@group-36B5FC60EDDD: changes role from      null to FOLLOWER at term 0 for startAsFollower
2019-11-04 16:44:55,646 [pool-171-thread-1] INFO  server.RaftServerConfigKeys (ConfUtils.java:logGet(43)) - raft.server.log.corruption.policy = EXCEPTION (default)
2019-11-04 16:44:55,646 [pool-201-thread-1] INFO  impl.RoleInfo (RoleInfo.java:updateAndGet(143)) - fde56d24-c59c-4768-b7bb-458466c8bfd3: start FollowerState
2019-11-04 16:44:55,646 [pool-231-thread-1] INFO  impl.RaftServerImpl (RaftServerImpl.java:start(195)) - f211638a-2c6b-4b58-9a41-810c99451672@group-36B5FC60EDDD: start as a follower, conf=-1: [f211638a-2c6b-4b58-9a41-810c99451672:192.168.157.194:34889, fde56d24-c59c-4768-b7bb-458466c8bfd3:192.168.157.194:38692, fbe6c37d-8446-44da-8aed-2f4bcb7dfa1d:192.168.157.194:33200], old=null
2019-11-04 16:44:55,646 [pool-171-thread-1] INFO  storage.RaftStorageDirectory (RaftStorageDirectory.java:analyzeStorage(246)) - The storage directory /workdir/hadoop-ozone/integration-test/target/test-dir/MiniOzoneClusterImpl-fc53e19a-81f7-4cd9-8ff9-5415f8563367/datanode-1/data/ratis/ee002801-4af9-4e0e-b19e-47a9dbd71086 does not exist. Creating ...
2019-11-04 16:44:55,647 [pool-231-thread-1] INFO  impl.RaftServerImpl (RaftServerImpl.java:setRole(184)) - f211638a-2c6b-4b58-9a41-810c99451672@group-36B5FC60EDDD: changes role from      null to FOLLOWER at term 0 for startAsFollower
2019-11-04 16:44:55,647 [pool-201-thread-1] INFO  util.JmxRegister (JmxRegister.java:tryRegister(44)) - Successfully registered JMX Bean with object name Ratis:service=RaftServer,group=group-36B5FC60EDDD,id=fde56d24-c59c-4768-b7bb-458466c8bfd3
2019-11-04 16:44:55,647 [pool-231-thread-1] INFO  impl.RoleInfo (RoleInfo.java:updateAndGet(143)) - f211638a-2c6b-4b58-9a41-810c99451672: start FollowerState
2019-11-04 16:44:55,647 [pool-231-thread-1] INFO  util.JmxRegister (JmxRegister.java:tryRegister(44)) - Successfully registered JMX Bean with object name Ratis:service=RaftServer,group=group-36B5FC60EDDD,id=f211638a-2c6b-4b58-9a41-810c99451672
2019-11-04 16:44:55,651 [ForkJoinPool.commonPool-worker-0] INFO  impl.RaftServerProxy (RaftServerProxy.java:lambda$close$4(314)) - fde56d24-c59c-4768-b7bb-458466c8bfd3: close
2019-11-04 16:44:55,651 [pool-231-thread-1] INFO  impl.RaftServerImpl (RaftServerImpl.java:start(195)) - f211638a-2c6b-4b58-9a41-810c99451672@group-ED8F2B9D61A7: start as a follower, conf=-1: [f211638a-2c6b-4b58-9a41-810c99451672:192.168.157.194:34889, fde56d24-c59c-4768-b7bb-458466c8bfd3:192.168.157.194:38692, fbe6c37d-8446-44da-8aed-2f4bcb7dfa1d:192.168.157.194:33200], old=null
2019-11-04 16:44:55,651 [ForkJoinPool.commonPool-worker-0] INFO  impl.RaftServerImpl (RaftServerImpl.java:lambda$shutdown$3(261)) - fde56d24-c59c-4768-b7bb-458466c8bfd3@group-36B5FC60EDDD: shutdown
2019-11-04 16:44:55,651 [pool-231-thread-1] INFO  impl.RaftServerImpl (RaftServerImpl.java:setRole(184)) - f211638a-2c6b-4b58-9a41-810c99451672@group-ED8F2B9D61A7: changes role from      null to FOLLOWER at term 0 for startAsFollower
2019-11-04 16:44:55,651 [ForkJoinPool.commonPool-worker-0] INFO  util.JmxRegister (JmxRegister.java:unregister(73)) - Successfully un-registered JMX Bean with object name Ratis:service=RaftServer,group=group-36B5FC60EDDD,id=fde56d24-c59c-4768-b7bb-458466c8bfd3
2019-11-04 16:44:55,652 [pool-231-thread-1] INFO  impl.RoleInfo (RoleInfo.java:updateAndGet(143)) - f211638a-2c6b-4b58-9a41-810c99451672: start FollowerState
2019-11-04 16:44:55,652 [ForkJoinPool.commonPool-worker-0] INFO  impl.RoleInfo (RoleInfo.java:shutdownFollowerState(121)) - fde56d24-c59c-4768-b7bb-458466c8bfd3: shutdown FollowerState
2019-11-04 16:44:55,652 [pool-231-thread-1] INFO  util.JmxRegister (JmxRegister.java:tryRegister(44)) - Successfully registered JMX Bean with object name Ratis:service=RaftServer,group=group-ED8F2B9D61A7,id=f211638a-2c6b-4b58-9a41-810c99451672
2019-11-04 16:44:55,652 [Thread-21176] INFO  impl.FollowerState (FollowerState.java:run(117)) - fde56d24-c59c-4768-b7bb-458466c8bfd3@group-36B5FC60EDDD-FollowerState was interrupted: java.lang.InterruptedException: sleep interrupted
2019-11-04 16:44:55,652 [ForkJoinPool.commonPool-worker-0] INFO  impl.StateMachineUpdater (StateMachineUpdater.java:stopAndJoin(136)) - fde56d24-c59c-4768-b7bb-458466c8bfd3@group-36B5FC60EDDD-StateMachineUpdater: set stopIndex = -1
2019-11-04 16:44:55,653 [ForkJoinPool.commonPool-worker-0] INFO  impl.RaftServerImpl (ServerState.java:close(388)) - fde56d24-c59c-4768-b7bb-458466c8bfd3@group-36B5FC60EDDD: closes. applyIndex: -1
2019-11-04 16:44:55,653 [fde56d24-c59c-4768-b7bb-458466c8bfd3@group-36B5FC60EDDD-SegmentedRaftLogWorker] INFO  segmented.SegmentedRaftLogWorker (SegmentedRaftLogWorker.java:run(316)) - fde56d24-c59c-4768-b7bb-458466c8bfd3@group-36B5FC60EDDD-SegmentedRaftLogWorker was interrupted, exiting. There are 0 tasks remaining in the queue.
2019-11-04 16:44:55,653 [ForkJoinPool.commonPool-worker-0] INFO  segmented.SegmentedRaftLogWorker (SegmentedRaftLogWorker.java:close(224)) - fde56d24-c59c-4768-b7bb-458466c8bfd3@group-36B5FC60EDDD-SegmentedRaftLogWorker close()
2019-11-04 16:44:55,657 [ForkJoinPool.commonPool-worker-0] INFO  server.GrpcService (GrpcService.java:closeImpl(164)) - fde56d24-c59c-4768-b7bb-458466c8bfd3: shutdown server with port 38692 now
2019-11-04 16:44:55,657 [ForkJoinPool.commonPool-worker-0] INFO  server.GrpcService (GrpcService.java:closeImpl(172)) - fde56d24-c59c-4768-b7bb-458466c8bfd3: shutdown server with port 38692 successfully
2019-11-04 16:44:55,658 [pool-231-thread-1] INFO  impl.RaftServerImpl (RaftServerImpl.java:start(195)) - f211638a-2c6b-4b58-9a41-810c99451672@group-47A9DBD71086: start as a follower, conf=-1: [f211638a-2c6b-4b58-9a41-810c99451672:192.168.157.194:34889, fde56d24-c59c-4768-b7bb-458466c8bfd3:192.168.157.194:38692, fbe6c37d-8446-44da-8aed-2f4bcb7dfa1d:192.168.157.194:33200], old=null
2019-11-04 16:44:55,658 [pool-231-thread-1] INFO  impl.RaftServerImpl (RaftServerImpl.java:setRole(184)) - f211638a-2c6b-4b58-9a41-810c99451672@group-47A9DBD71086: changes role from      null to FOLLOWER at term 0 for startAsFollower
2019-11-04 16:44:55,658 [pool-231-thread-1] INFO  impl.RoleInfo (RoleInfo.java:updateAndGet(143)) - f211638a-2c6b-4b58-9a41-810c99451672: start FollowerState
2019-11-04 16:44:55,659 [pool-231-thread-1] INFO  util.JmxRegister (JmxRegister.java:tryRegister(44)) - Successfully registered JMX Bean with object name Ratis:service=RaftServer,group=group-47A9DBD71086,id=f211638a-2c6b-4b58-9a41-810c99451672
2019-11-04 16:44:55,659 [refreshUsed-/workdir/hadoop-ozone/integration-test/target/test-dir/MiniOzoneClusterImpl-fc53e19a-81f7-4cd9-8ff9-5415f8563367/datanode-4/data/containers] WARN  fs.CachingGetSpaceUsed (CachingGetSpaceUsed.java:run(183)) - Thread Interrupted waiting to refresh disk information: sleep interrupted
2019-11-04 16:44:55,675 [ForkJoinPool.commonPool-worker-0] INFO  utils.BackgroundService (BackgroundService.java:shutdown(151)) - Shutting down service BlockDeletingService
2019-11-04 16:44:55,679 [ForkJoinPool.commonPool-worker-0] INFO  statemachine.DatanodeStateMachine (DatanodeStateMachine.java:stopDaemon(395)) - Ozone container server stopped.
2019-11-04 16:44:55,682 [ForkJoinPool.commonPool-worker-0] INFO  handler.ContextHandler (ContextHandler.java:doStop(910)) - Stopped o.e.j.w.WebAppContext@57ddd45b{/,null,UNAVAILABLE}{/hddsDatanode}
2019-11-04 16:44:55,683 [ForkJoinPool.commonPool-worker-0] INFO  server.AbstractConnector (AbstractConnector.java:doStop(318)) - Stopped ServerConnector@2e7bf7b7{HTTP/1.1,[http/1.1]}{0.0.0.0:0}
2019-11-04 16:44:55,683 [pool-171-thread-1] INFO  storage.RaftStorageDirectory (RaftStorageDirectory.java:tryLock(328)) - Lock on /workdir/hadoop-ozone/integration-test/target/test-dir/MiniOzoneClusterImpl-fc53e19a-81f7-4cd9-8ff9-5415f8563367/datanode-1/data/ratis/ee002801-4af9-4e0e-b19e-47a9dbd71086/in_use.lock acquired by nodename 16190@pr-hdds-1643-sn7dj-2043761873
2019-11-04 16:44:55,688 [ForkJoinPool.commonPool-worker-0] INFO  handler.ContextHandler (ContextHandler.java:doStop(910)) - Stopped o.e.j.s.ServletContextHandler@630bf683{/static,jar:file:/home/user/.m2/repository/org/apache/hadoop/hadoop-hdds-container-service/0.5.0-SNAPSHOT/hadoop-hdds-container-service-0.5.0-SNAPSHOT.jar!/webapps/static,UNAVAILABLE}
2019-11-04 16:44:55,688 [ForkJoinPool.commonPool-worker-0] INFO  handler.ContextHandler (ContextHandler.java:doStop(910)) - Stopped o.e.j.s.ServletContextHandler@310ed6b4{/logs,file:///workdir/hadoop-ozone/integration-test/target/log,UNAVAILABLE}
2019-11-04 16:44:55,698 [pool-171-thread-1] INFO  storage.RaftStorage (RaftStorage.java:format(84)) - Storage directory /workdir/hadoop-ozone/integration-test/target/test-dir/MiniOzoneClusterImpl-fc53e19a-81f7-4cd9-8ff9-5415f8563367/datanode-1/data/ratis/ee002801-4af9-4e0e-b19e-47a9dbd71086 has been successfully formatted.
2019-11-04 16:44:55,699 [pool-171-thread-1] INFO  ratis.ContainerStateMachine (ContainerStateMachine.java:loadSnapshot(231)) - group-47A9DBD71086: The snapshot info is null. Setting the last applied indexto:(t:0, i:~)
2019-11-04 16:44:55,699 [pool-171-thread-1] INFO  server.RaftServerConfigKeys (ConfUtils.java:logGet(43)) - raft.server.notification.no-leader.timeout = 120s (custom)
2019-11-04 16:44:55,699 [pool-171-thread-1] INFO  server.RaftServerConfigKeys (ConfUtils.java:logGet(43)) - raft.server.log.use.memory = false (default)
2019-11-04 16:44:55,699 [pool-171-thread-1] INFO  server.RaftServerConfigKeys (ConfUtils.java:logGet(43)) - raft.server.log.purge.gap = 1000000 (custom)
2019-11-04 16:44:55,699 [pool-171-thread-1] INFO  server.RaftServerConfigKeys (ConfUtils.java:logGet(43)) - raft.server.log.appender.buffer.byte-limit = 33554432 (custom)
2019-11-04 16:44:55,699 [pool-171-thread-1] INFO  server.RaftServerConfigKeys (ConfUtils.java:logGet(43)) - raft.server.log.segment.size.max = 1048576 (custom)
2019-11-04 16:44:55,700 [pool-171-thread-1] INFO  server.RaftServerConfigKeys (ConfUtils.java:logGet(43)) - raft.server.log.segment.cache.num.max = 2 (custom)
2019-11-04 16:44:55,700 [pool-171-thread-1] INFO  segmented.SegmentedRaftLogWorker (SegmentedRaftLogWorker.java:<init>(173)) - new fbe6c37d-8446-44da-8aed-2f4bcb7dfa1d@group-47A9DBD71086-SegmentedRaftLogWorker for RaftStorage:Storage Directory /workdir/hadoop-ozone/integration-test/target/test-dir/MiniOzoneClusterImpl-fc53e19a-81f7-4cd9-8ff9-5415f8563367/datanode-1/data/ratis/ee002801-4af9-4e0e-b19e-47a9dbd71086
2019-11-04 16:44:55,700 [pool-171-thread-1] INFO  server.RaftServerConfigKeys (ConfUtils.java:logGet(43)) - raft.server.log.queue.byte-limit = 2147483647 (custom)
2019-11-04 16:44:55,700 [pool-171-thread-1] INFO  server.RaftServerConfigKeys (ConfUtils.java:logGet(43)) - raft.server.log.queue.element-limit = 1024 (custom)
2019-11-04 16:44:55,700 [pool-171-thread-1] INFO  server.RaftServerConfigKeys (ConfUtils.java:logGet(43)) - raft.server.log.segment.size.max = 1048576 (custom)
2019-11-04 16:44:55,700 [pool-171-thread-1] INFO  server.RaftServerConfigKeys (ConfUtils.java:logGet(43)) - raft.server.log.preallocated.size = 16384 (custom)
2019-11-04 16:44:55,700 [pool-171-thread-1] INFO  server.RaftServerConfigKeys (ConfUtils.java:logGet(43)) - raft.server.log.write.buffer.size = 33554432 (custom)
2019-11-04 16:44:55,700 [pool-171-thread-1] INFO  server.RaftServerConfigKeys (ConfUtils.java:logGet(43)) - raft.server.log.force.sync.num = 128 (default)
2019-11-04 16:44:55,700 [pool-171-thread-1] INFO  server.RaftServerConfigKeys (ConfUtils.java:logGet(43)) - raft.server.log.statemachine.data.sync = true (default)
2019-11-04 16:44:55,700 [pool-171-thread-1] INFO  server.RaftServerConfigKeys (ConfUtils.java:logGet(43)) - raft.server.log.statemachine.data.sync.timeout = 10s (default)
2019-11-04 16:44:55,701 [pool-171-thread-1] INFO  server.RaftServerConfigKeys (ConfUtils.java:logGet(43)) - raft.server.log.statemachine.data.sync.timeout.retry = -1 (default)
2019-11-04 16:44:55,701 [pool-171-thread-1] INFO  server.RaftServerConfigKeys (ConfUtils.java:logGet(43)) - raft.server.log.statemachine.data.caching.enabled = true (custom)
2019-11-04 16:44:55,701 [pool-171-thread-1] INFO  segmented.SegmentedRaftLogWorker (SegmentedRaftLogWorker.java:lambda$new$0(128)) - fbe6c37d-8446-44da-8aed-2f4bcb7dfa1d@group-47A9DBD71086-SegmentedRaftLogWorker: flushIndex: setUnconditionally 0 -> -1
2019-11-04 16:44:55,701 [pool-171-thread-1] INFO  server.RaftServerConfigKeys (ConfUtils.java:logGet(43)) - raft.server.snapshot.auto.trigger.enabled = true (custom)
2019-11-04 16:44:55,701 [pool-171-thread-1] INFO  server.RaftServerConfigKeys (ConfUtils.java:logGet(43)) - raft.server.snapshot.auto.trigger.threshold = 10000 (custom)
2019-11-04 16:44:55,702 [pool-171-thread-1] INFO  server.RaftServerConfigKeys (ConfUtils.java:logGet(43)) - raft.server.snapshot.retention.file.num = 5 (custom)
2019-11-04 16:44:55,702 [pool-171-thread-1] INFO  server.RaftServerConfigKeys (ConfUtils.java:logGet(43)) - raft.server.retrycache.expirytime = 600000ms (custom)
2019-11-04 16:44:55,704 [pool-171-thread-1] INFO  impl.RaftServerImpl (RaftServerImpl.java:start(195)) - fbe6c37d-8446-44da-8aed-2f4bcb7dfa1d@group-36B5FC60EDDD: start as a follower, conf=-1: [f211638a-2c6b-4b58-9a41-810c99451672:192.168.157.194:34889, fde56d24-c59c-4768-b7bb-458466c8bfd3:192.168.157.194:38692, fbe6c37d-8446-44da-8aed-2f4bcb7dfa1d:192.168.157.194:33200], old=null
2019-11-04 16:44:55,704 [pool-171-thread-1] INFO  impl.RaftServerImpl (RaftServerImpl.java:setRole(184)) - fbe6c37d-8446-44da-8aed-2f4bcb7dfa1d@group-36B5FC60EDDD: changes role from      null to FOLLOWER at term 0 for startAsFollower
2019-11-04 16:44:55,704 [pool-171-thread-1] INFO  impl.RoleInfo (RoleInfo.java:updateAndGet(143)) - fbe6c37d-8446-44da-8aed-2f4bcb7dfa1d: start FollowerState
2019-11-04 16:44:55,704 [pool-171-thread-1] INFO  util.JmxRegister (JmxRegister.java:tryRegister(44)) - Successfully registered JMX Bean with object name Ratis:service=RaftServer,group=group-36B5FC60EDDD,id=fbe6c37d-8446-44da-8aed-2f4bcb7dfa1d
2019-11-04 16:44:55,706 [pool-171-thread-1] INFO  impl.RaftServerImpl (RaftServerImpl.java:start(195)) - fbe6c37d-8446-44da-8aed-2f4bcb7dfa1d@group-519EBDD4BC94: start as a follower, conf=-1: [fbe6c37d-8446-44da-8aed-2f4bcb7dfa1d:192.168.157.194:33200], old=null
2019-11-04 16:44:55,706 [pool-171-thread-1] INFO  impl.RaftServerImpl (RaftServerImpl.java:setRole(184)) - fbe6c37d-8446-44da-8aed-2f4bcb7dfa1d@group-519EBDD4BC94: changes role from      null to FOLLOWER at term 0 for startAsFollower
2019-11-04 16:44:55,707 [pool-171-thread-1] INFO  impl.RoleInfo (RoleInfo.java:updateAndGet(143)) - fbe6c37d-8446-44da-8aed-2f4bcb7dfa1d: start FollowerState
2019-11-04 16:44:55,707 [pool-171-thread-1] INFO  util.JmxRegister (JmxRegister.java:tryRegister(44)) - Successfully registered JMX Bean with object name Ratis:service=RaftServer,group=group-519EBDD4BC94,id=fbe6c37d-8446-44da-8aed-2f4bcb7dfa1d
2019-11-04 16:44:55,709 [pool-171-thread-1] INFO  impl.RaftServerImpl (RaftServerImpl.java:start(195)) - fbe6c37d-8446-44da-8aed-2f4bcb7dfa1d@group-ED8F2B9D61A7: start as a follower, conf=-1: [f211638a-2c6b-4b58-9a41-810c99451672:192.168.157.194:34889, fde56d24-c59c-4768-b7bb-458466c8bfd3:192.168.157.194:38692, fbe6c37d-8446-44da-8aed-2f4bcb7dfa1d:192.168.157.194:33200], old=null
2019-11-04 16:44:55,709 [pool-171-thread-1] INFO  impl.RaftServerImpl (RaftServerImpl.java:setRole(184)) - fbe6c37d-8446-44da-8aed-2f4bcb7dfa1d@group-ED8F2B9D61A7: changes role from      null to FOLLOWER at term 0 for startAsFollower
2019-11-04 16:44:55,709 [pool-171-thread-1] INFO  impl.RoleInfo (RoleInfo.java:updateAndGet(143)) - fbe6c37d-8446-44da-8aed-2f4bcb7dfa1d: start FollowerState
2019-11-04 16:44:55,709 [pool-171-thread-1] INFO  util.JmxRegister (JmxRegister.java:tryRegister(44)) - Successfully registered JMX Bean with object name Ratis:service=RaftServer,group=group-ED8F2B9D61A7,id=fbe6c37d-8446-44da-8aed-2f4bcb7dfa1d
2019-11-04 16:44:55,711 [pool-171-thread-1] INFO  impl.RaftServerImpl (RaftServerImpl.java:start(195)) - fbe6c37d-8446-44da-8aed-2f4bcb7dfa1d@group-47A9DBD71086: start as a follower, conf=-1: [f211638a-2c6b-4b58-9a41-810c99451672:192.168.157.194:34889, fde56d24-c59c-4768-b7bb-458466c8bfd3:192.168.157.194:38692, fbe6c37d-8446-44da-8aed-2f4bcb7dfa1d:192.168.157.194:33200], old=null
2019-11-04 16:44:55,711 [pool-171-thread-1] INFO  impl.RaftServerImpl (RaftServerImpl.java:setRole(184)) - fbe6c37d-8446-44da-8aed-2f4bcb7dfa1d@group-47A9DBD71086: changes role from      null to FOLLOWER at term 0 for startAsFollower
2019-11-04 16:44:55,711 [pool-171-thread-1] INFO  impl.RoleInfo (RoleInfo.java:updateAndGet(143)) - fbe6c37d-8446-44da-8aed-2f4bcb7dfa1d: start FollowerState
2019-11-04 16:44:55,712 [pool-171-thread-1] INFO  util.JmxRegister (JmxRegister.java:tryRegister(44)) - Successfully registered JMX Bean with object name Ratis:service=RaftServer,group=group-47A9DBD71086,id=fbe6c37d-8446-44da-8aed-2f4bcb7dfa1d
2019-11-04 16:44:55,726 [Thread-21182] INFO  impl.FollowerState (FollowerState.java:run(108)) - f211638a-2c6b-4b58-9a41-810c99451672@group-47A9DBD71086-FollowerState: change to CANDIDATE, lastRpcTime:67ms, electionTimeout:67ms
2019-11-04 16:44:55,726 [Thread-21182] INFO  impl.RoleInfo (RoleInfo.java:shutdownFollowerState(121)) - f211638a-2c6b-4b58-9a41-810c99451672: shutdown FollowerState
2019-11-04 16:44:55,726 [Thread-21182] INFO  impl.RaftServerImpl (RaftServerImpl.java:setRole(184)) - f211638a-2c6b-4b58-9a41-810c99451672@group-47A9DBD71086: changes role from  FOLLOWER to CANDIDATE at term 0 for changeToCandidate
2019-11-04 16:44:55,726 [Thread-21182] INFO  impl.RoleInfo (RoleInfo.java:updateAndGet(143)) - f211638a-2c6b-4b58-9a41-810c99451672: start LeaderElection
2019-11-04 16:44:55,729 [Thread-21180] INFO  impl.FollowerState (FollowerState.java:run(108)) - f211638a-2c6b-4b58-9a41-810c99451672@group-ED8F2B9D61A7-FollowerState: change to CANDIDATE, lastRpcTime:77ms, electionTimeout:76ms
2019-11-04 16:44:55,729 [Thread-21180] INFO  impl.RoleInfo (RoleInfo.java:shutdownFollowerState(121)) - f211638a-2c6b-4b58-9a41-810c99451672: shutdown FollowerState
2019-11-04 16:44:55,729 [Thread-21180] INFO  impl.RaftServerImpl (RaftServerImpl.java:setRole(184)) - f211638a-2c6b-4b58-9a41-810c99451672@group-ED8F2B9D61A7: changes role from  FOLLOWER to CANDIDATE at term 0 for changeToCandidate
2019-11-04 16:44:55,729 [Thread-21180] INFO  impl.RoleInfo (RoleInfo.java:updateAndGet(143)) - f211638a-2c6b-4b58-9a41-810c99451672: start LeaderElection
2019-11-04 16:44:55,755 [Thread-21177] INFO  impl.FollowerState (FollowerState.java:run(108)) - f211638a-2c6b-4b58-9a41-810c99451672@group-36B5FC60EDDD-FollowerState: change to CANDIDATE, lastRpcTime:108ms, electionTimeout:108ms
2019-11-04 16:44:55,756 [Thread-21177] INFO  impl.RoleInfo (RoleInfo.java:shutdownFollowerState(121)) - f211638a-2c6b-4b58-9a41-810c99451672: shutdown FollowerState
2019-11-04 16:44:55,756 [Thread-21177] INFO  impl.RaftServerImpl (RaftServerImpl.java:setRole(184)) - f211638a-2c6b-4b58-9a41-810c99451672@group-36B5FC60EDDD: changes role from  FOLLOWER to CANDIDATE at term 0 for changeToCandidate
2019-11-04 16:44:55,756 [Thread-21177] INFO  impl.RoleInfo (RoleInfo.java:updateAndGet(143)) - f211638a-2c6b-4b58-9a41-810c99451672: start LeaderElection
2019-11-04 16:44:55,759 [f211638a-2c6b-4b58-9a41-810c99451672@group-ED8F2B9D61A7-LeaderElection3165] INFO  impl.LeaderElection (LeaderElection.java:askForVotes(178)) - f211638a-2c6b-4b58-9a41-810c99451672@group-ED8F2B9D61A7-LeaderElection3165: begin an election at term 1 for -1: [f211638a-2c6b-4b58-9a41-810c99451672:192.168.157.194:34889, fde56d24-c59c-4768-b7bb-458466c8bfd3:192.168.157.194:38692, fbe6c37d-8446-44da-8aed-2f4bcb7dfa1d:192.168.157.194:33200], old=null
2019-11-04 16:44:55,759 [f211638a-2c6b-4b58-9a41-810c99451672@group-47A9DBD71086-LeaderElection3164] INFO  impl.LeaderElection (LeaderElection.java:askForVotes(178)) - f211638a-2c6b-4b58-9a41-810c99451672@group-47A9DBD71086-LeaderElection3164: begin an election at term 1 for -1: [f211638a-2c6b-4b58-9a41-810c99451672:192.168.157.194:34889, fde56d24-c59c-4768-b7bb-458466c8bfd3:192.168.157.194:38692, fbe6c37d-8446-44da-8aed-2f4bcb7dfa1d:192.168.157.194:33200], old=null
2019-11-04 16:44:55,761 [f211638a-2c6b-4b58-9a41-810c99451672@group-36B5FC60EDDD-LeaderElection3166] INFO  impl.LeaderElection (LeaderElection.java:askForVotes(178)) - f211638a-2c6b-4b58-9a41-810c99451672@group-36B5FC60EDDD-LeaderElection3166: begin an election at term 1 for -1: [f211638a-2c6b-4b58-9a41-810c99451672:192.168.157.194:34889, fde56d24-c59c-4768-b7bb-458466c8bfd3:192.168.157.194:38692, fbe6c37d-8446-44da-8aed-2f4bcb7dfa1d:192.168.157.194:33200], old=null
2019-11-04 16:44:55,764 [f211638a-2c6b-4b58-9a41-810c99451672@group-ED8F2B9D61A7-LeaderElection3165] INFO  impl.LeaderElection (LogUtils.java:infoOrTrace(149)) - f211638a-2c6b-4b58-9a41-810c99451672@group-ED8F2B9D61A7-LeaderElection3165 got exception when requesting votes: {}
java.util.concurrent.ExecutionException: org.apache.ratis.thirdparty.io.grpc.StatusRuntimeException: UNAVAILABLE: io exception
	at java.util.concurrent.FutureTask.report(FutureTask.java:122)
	at java.util.concurrent.FutureTask.get(FutureTask.java:192)
	at org.apache.ratis.server.impl.LeaderElection.waitForResults(LeaderElection.java:259)
	at org.apache.ratis.server.impl.LeaderElection.askForVotes(LeaderElection.java:197)
	at org.apache.ratis.server.impl.LeaderElection.run(LeaderElection.java:133)
	at java.lang.Thread.run(Thread.java:748)
Caused by: org.apache.ratis.thirdparty.io.grpc.StatusRuntimeException: UNAVAILABLE: io exception
	at org.apache.ratis.thirdparty.io.grpc.stub.ClientCalls.toStatusRuntimeException(ClientCalls.java:233)
	at org.apache.ratis.thirdparty.io.grpc.stub.ClientCalls.getUnchecked(ClientCalls.java:214)
	at org.apache.ratis.thirdparty.io.grpc.stub.ClientCalls.blockingUnaryCall(ClientCalls.java:139)
	at org.apache.ratis.proto.grpc.RaftServerProtocolServiceGrpc$RaftServerProtocolServiceBlockingStub.requestVote(RaftServerProtocolServiceGrpc.java:265)
	at org.apache.ratis.grpc.server.GrpcServerProtocolClient.requestVote(GrpcServerProtocolClient.java:99)
	at org.apache.ratis.grpc.server.GrpcService.requestVote(GrpcService.java:204)
	at org.apache.ratis.server.impl.LeaderElection.lambda$submitRequests$1(LeaderElection.java:234)
	at java.util.concurrent.FutureTask.run(FutureTask.java:266)
	at java.util.concurrent.Executors$RunnableAdapter.call(Executors.java:511)
	at java.util.concurrent.FutureTask.run(FutureTask.java:266)
	at java.util.concurrent.ThreadPoolExecutor.runWorker(ThreadPoolExecutor.java:1149)
	at java.util.concurrent.ThreadPoolExecutor$Worker.run(ThreadPoolExecutor.java:624)
	... 1 more
Caused by: org.apache.ratis.thirdparty.io.netty.channel.AbstractChannel$AnnotatedConnectException: Connection refused: /192.168.157.194:38692
	at sun.nio.ch.SocketChannelImpl.checkConnect(Native Method)
	at sun.nio.ch.SocketChannelImpl.finishConnect(SocketChannelImpl.java:717)
	at org.apache.ratis.thirdparty.io.netty.channel.socket.nio.NioSocketChannel.doFinishConnect(NioSocketChannel.java:327)
	at org.apache.ratis.thirdparty.io.netty.channel.nio.AbstractNioChannel$AbstractNioUnsafe.finishConnect(AbstractNioChannel.java:340)
	at org.apache.ratis.thirdparty.io.netty.channel.nio.NioEventLoop.processSelectedKey(NioEventLoop.java:632)
	at org.apache.ratis.thirdparty.io.netty.channel.nio.NioEventLoop.processSelectedKeysOptimized(NioEventLoop.java:579)
	at org.apache.ratis.thirdparty.io.netty.channel.nio.NioEventLoop.processSelectedKeys(NioEventLoop.java:496)
	at org.apache.ratis.thirdparty.io.netty.channel.nio.NioEventLoop.run(NioEventLoop.java:458)
	at org.apache.ratis.thirdparty.io.netty.util.concurrent.SingleThreadEventExecutor$5.run(SingleThreadEventExecutor.java:897)
	at org.apache.ratis.thirdparty.io.netty.util.concurrent.FastThreadLocalRunnable.run(FastThreadLocalRunnable.java:30)
	... 1 more
Caused by: java.net.ConnectException: Connection refused
	... 11 more
2019-11-04 16:44:55,764 [f211638a-2c6b-4b58-9a41-810c99451672@group-47A9DBD71086-LeaderElection3164] INFO  impl.LeaderElection (LogUtils.java:infoOrTrace(149)) - f211638a-2c6b-4b58-9a41-810c99451672@group-47A9DBD71086-LeaderElection3164 got exception when requesting votes: {}
java.util.concurrent.ExecutionException: org.apache.ratis.thirdparty.io.grpc.StatusRuntimeException: UNAVAILABLE: io exception
	at java.util.concurrent.FutureTask.report(FutureTask.java:122)
	at java.util.concurrent.FutureTask.get(FutureTask.java:192)
	at org.apache.ratis.server.impl.LeaderElection.waitForResults(LeaderElection.java:259)
	at org.apache.ratis.server.impl.LeaderElection.askForVotes(LeaderElection.java:197)
	at org.apache.ratis.server.impl.LeaderElection.run(LeaderElection.java:133)
	at java.lang.Thread.run(Thread.java:748)
Caused by: org.apache.ratis.thirdparty.io.grpc.StatusRuntimeException: UNAVAILABLE: io exception
	at org.apache.ratis.thirdparty.io.grpc.stub.ClientCalls.toStatusRuntimeException(ClientCalls.java:233)
	at org.apache.ratis.thirdparty.io.grpc.stub.ClientCalls.getUnchecked(ClientCalls.java:214)
	at org.apache.ratis.thirdparty.io.grpc.stub.ClientCalls.blockingUnaryCall(ClientCalls.java:139)
	at org.apache.ratis.proto.grpc.RaftServerProtocolServiceGrpc$RaftServerProtocolServiceBlockingStub.requestVote(RaftServerProtocolServiceGrpc.java:265)
	at org.apache.ratis.grpc.server.GrpcServerProtocolClient.requestVote(GrpcServerProtocolClient.java:99)
	at org.apache.ratis.grpc.server.GrpcService.requestVote(GrpcService.java:204)
	at org.apache.ratis.server.impl.LeaderElection.lambda$submitRequests$1(LeaderElection.java:234)
	at java.util.concurrent.FutureTask.run(FutureTask.java:266)
	at java.util.concurrent.Executors$RunnableAdapter.call(Executors.java:511)
	at java.util.concurrent.FutureTask.run(FutureTask.java:266)
	at java.util.concurrent.ThreadPoolExecutor.runWorker(ThreadPoolExecutor.java:1149)
	at java.util.concurrent.ThreadPoolExecutor$Worker.run(ThreadPoolExecutor.java:624)
	... 1 more
Caused by: org.apache.ratis.thirdparty.io.netty.channel.AbstractChannel$AnnotatedConnectException: Connection refused: /192.168.157.194:38692
	at sun.nio.ch.SocketChannelImpl.checkConnect(Native Method)
	at sun.nio.ch.SocketChannelImpl.finishConnect(SocketChannelImpl.java:717)
	at org.apache.ratis.thirdparty.io.netty.channel.socket.nio.NioSocketChannel.doFinishConnect(NioSocketChannel.java:327)
	at org.apache.ratis.thirdparty.io.netty.channel.nio.AbstractNioChannel$AbstractNioUnsafe.finishConnect(AbstractNioChannel.java:340)
	at org.apache.ratis.thirdparty.io.netty.channel.nio.NioEventLoop.processSelectedKey(NioEventLoop.java:632)
	at org.apache.ratis.thirdparty.io.netty.channel.nio.NioEventLoop.processSelectedKeysOptimized(NioEventLoop.java:579)
	at org.apache.ratis.thirdparty.io.netty.channel.nio.NioEventLoop.processSelectedKeys(NioEventLoop.java:496)
	at org.apache.ratis.thirdparty.io.netty.channel.nio.NioEventLoop.run(NioEventLoop.java:458)
	at org.apache.ratis.thirdparty.io.netty.util.concurrent.SingleThreadEventExecutor$5.run(SingleThreadEventExecutor.java:897)
	at org.apache.ratis.thirdparty.io.netty.util.concurrent.FastThreadLocalRunnable.run(FastThreadLocalRunnable.java:30)
	... 1 more
Caused by: java.net.ConnectException: Connection refused
	... 11 more
2019-11-04 16:44:55,764 [f211638a-2c6b-4b58-9a41-810c99451672@group-36B5FC60EDDD-LeaderElection3166] INFO  impl.LeaderElection (LogUtils.java:infoOrTrace(149)) - f211638a-2c6b-4b58-9a41-810c99451672@group-36B5FC60EDDD-LeaderElection3166 got exception when requesting votes: {}
java.util.concurrent.ExecutionException: org.apache.ratis.thirdparty.io.grpc.StatusRuntimeException: UNAVAILABLE: io exception
	at java.util.concurrent.FutureTask.report(FutureTask.java:122)
	at java.util.concurrent.FutureTask.get(FutureTask.java:192)
	at org.apache.ratis.server.impl.LeaderElection.waitForResults(LeaderElection.java:259)
	at org.apache.ratis.server.impl.LeaderElection.askForVotes(LeaderElection.java:197)
	at org.apache.ratis.server.impl.LeaderElection.run(LeaderElection.java:133)
	at java.lang.Thread.run(Thread.java:748)
Caused by: org.apache.ratis.thirdparty.io.grpc.StatusRuntimeException: UNAVAILABLE: io exception
	at org.apache.ratis.thirdparty.io.grpc.stub.ClientCalls.toStatusRuntimeException(ClientCalls.java:233)
	at org.apache.ratis.thirdparty.io.grpc.stub.ClientCalls.getUnchecked(ClientCalls.java:214)
	at org.apache.ratis.thirdparty.io.grpc.stub.ClientCalls.blockingUnaryCall(ClientCalls.java:139)
	at org.apache.ratis.proto.grpc.RaftServerProtocolServiceGrpc$RaftServerProtocolServiceBlockingStub.requestVote(RaftServerProtocolServiceGrpc.java:265)
	at org.apache.ratis.grpc.server.GrpcServerProtocolClient.requestVote(GrpcServerProtocolClient.java:99)
	at org.apache.ratis.grpc.server.GrpcService.requestVote(GrpcService.java:204)
	at org.apache.ratis.server.impl.LeaderElection.lambda$submitRequests$1(LeaderElection.java:234)
	at java.util.concurrent.FutureTask.run(FutureTask.java:266)
	at java.util.concurrent.Executors$RunnableAdapter.call(Executors.java:511)
	at java.util.concurrent.FutureTask.run(FutureTask.java:266)
	at java.util.concurrent.ThreadPoolExecutor.runWorker(ThreadPoolExecutor.java:1149)
	at java.util.concurrent.ThreadPoolExecutor$Worker.run(ThreadPoolExecutor.java:624)
	... 1 more
Caused by: org.apache.ratis.thirdparty.io.netty.channel.AbstractChannel$AnnotatedConnectException: Connection refused: /192.168.157.194:38692
	at sun.nio.ch.SocketChannelImpl.checkConnect(Native Method)
	at sun.nio.ch.SocketChannelImpl.finishConnect(SocketChannelImpl.java:717)
	at org.apache.ratis.thirdparty.io.netty.channel.socket.nio.NioSocketChannel.doFinishConnect(NioSocketChannel.java:327)
	at org.apache.ratis.thirdparty.io.netty.channel.nio.AbstractNioChannel$AbstractNioUnsafe.finishConnect(AbstractNioChannel.java:340)
	at org.apache.ratis.thirdparty.io.netty.channel.nio.NioEventLoop.processSelectedKey(NioEventLoop.java:632)
	at org.apache.ratis.thirdparty.io.netty.channel.nio.NioEventLoop.processSelectedKeysOptimized(NioEventLoop.java:579)
	at org.apache.ratis.thirdparty.io.netty.channel.nio.NioEventLoop.processSelectedKeys(NioEventLoop.java:496)
	at org.apache.ratis.thirdparty.io.netty.channel.nio.NioEventLoop.run(NioEventLoop.java:458)
	at org.apache.ratis.thirdparty.io.netty.util.concurrent.SingleThreadEventExecutor$5.run(SingleThreadEventExecutor.java:897)
	at org.apache.ratis.thirdparty.io.netty.util.concurrent.FastThreadLocalRunnable.run(FastThreadLocalRunnable.java:30)
	... 1 more
Caused by: java.net.ConnectException: Connection refused
	... 11 more
2019-11-04 16:44:55,767 [grpc-default-executor-2] INFO  impl.RaftServerImpl (RaftServerImpl.java:setRole(184)) - fbe6c37d-8446-44da-8aed-2f4bcb7dfa1d@group-47A9DBD71086: changes role from  FOLLOWER to FOLLOWER at term 1 for recognizeCandidate:f211638a-2c6b-4b58-9a41-810c99451672
2019-11-04 16:44:55,767 [grpc-default-executor-12] INFO  impl.RaftServerImpl (RaftServerImpl.java:setRole(184)) - fbe6c37d-8446-44da-8aed-2f4bcb7dfa1d@group-ED8F2B9D61A7: changes role from  FOLLOWER to FOLLOWER at term 1 for recognizeCandidate:f211638a-2c6b-4b58-9a41-810c99451672
2019-11-04 16:44:55,767 [grpc-default-executor-2] INFO  impl.RoleInfo (RoleInfo.java:shutdownFollowerState(121)) - fbe6c37d-8446-44da-8aed-2f4bcb7dfa1d: shutdown FollowerState
2019-11-04 16:44:55,767 [grpc-default-executor-11] INFO  impl.RaftServerImpl (RaftServerImpl.java:setRole(184)) - fbe6c37d-8446-44da-8aed-2f4bcb7dfa1d@group-36B5FC60EDDD: changes role from  FOLLOWER to FOLLOWER at term 1 for recognizeCandidate:f211638a-2c6b-4b58-9a41-810c99451672
2019-11-04 16:44:55,768 [grpc-default-executor-11] INFO  impl.RoleInfo (RoleInfo.java:shutdownFollowerState(121)) - fbe6c37d-8446-44da-8aed-2f4bcb7dfa1d: shutdown FollowerState
2019-11-04 16:44:55,768 [Thread-21191] INFO  impl.FollowerState (FollowerState.java:run(117)) - fbe6c37d-8446-44da-8aed-2f4bcb7dfa1d@group-47A9DBD71086-FollowerState was interrupted: java.lang.InterruptedException: sleep interrupted
2019-11-04 16:44:55,767 [grpc-default-executor-2] INFO  impl.RoleInfo (RoleInfo.java:updateAndGet(143)) - fbe6c37d-8446-44da-8aed-2f4bcb7dfa1d: start FollowerState
2019-11-04 16:44:55,767 [grpc-default-executor-12] INFO  impl.RoleInfo (RoleInfo.java:shutdownFollowerState(121)) - fbe6c37d-8446-44da-8aed-2f4bcb7dfa1d: shutdown FollowerState
2019-11-04 16:44:55,768 [Thread-21185] INFO  impl.FollowerState (FollowerState.java:run(117)) - fbe6c37d-8446-44da-8aed-2f4bcb7dfa1d@group-36B5FC60EDDD-FollowerState was interrupted: java.lang.InterruptedException: sleep interrupted
2019-11-04 16:44:55,768 [grpc-default-executor-11] INFO  impl.RoleInfo (RoleInfo.java:updateAndGet(143)) - fbe6c37d-8446-44da-8aed-2f4bcb7dfa1d: start FollowerState
2019-11-04 16:44:55,768 [Thread-21189] INFO  impl.FollowerState (FollowerState.java:run(117)) - fbe6c37d-8446-44da-8aed-2f4bcb7dfa1d@group-ED8F2B9D61A7-FollowerState was interrupted: java.lang.InterruptedException: sleep interrupted
2019-11-04 16:44:55,768 [grpc-default-executor-12] INFO  impl.RoleInfo (RoleInfo.java:updateAndGet(143)) - fbe6c37d-8446-44da-8aed-2f4bcb7dfa1d: start FollowerState
2019-11-04 16:44:55,800 [f211638a-2c6b-4b58-9a41-810c99451672@group-47A9DBD71086-LeaderElection3164] INFO  impl.LeaderElection (LeaderElection.java:logAndReturn(56)) - f211638a-2c6b-4b58-9a41-810c99451672@group-47A9DBD71086-LeaderElection3164: Election PASSED; received 1 response(s) [f211638a-2c6b-4b58-9a41-810c99451672<-fbe6c37d-8446-44da-8aed-2f4bcb7dfa1d#0:OK-t1] and 1 exception(s); f211638a-2c6b-4b58-9a41-810c99451672@group-47A9DBD71086:t1, leader=null, voted=f211638a-2c6b-4b58-9a41-810c99451672, raftlog=f211638a-2c6b-4b58-9a41-810c99451672@group-47A9DBD71086-SegmentedRaftLog:OPENED:c-1,f-1,i0, conf=-1: [f211638a-2c6b-4b58-9a41-810c99451672:192.168.157.194:34889, fde56d24-c59c-4768-b7bb-458466c8bfd3:192.168.157.194:38692, fbe6c37d-8446-44da-8aed-2f4bcb7dfa1d:192.168.157.194:33200], old=null
2019-11-04 16:44:55,800 [f211638a-2c6b-4b58-9a41-810c99451672@group-36B5FC60EDDD-LeaderElection3166] INFO  impl.LeaderElection (LeaderElection.java:logAndReturn(56)) - f211638a-2c6b-4b58-9a41-810c99451672@group-36B5FC60EDDD-LeaderElection3166: Election PASSED; received 1 response(s) [f211638a-2c6b-4b58-9a41-810c99451672<-fbe6c37d-8446-44da-8aed-2f4bcb7dfa1d#0:OK-t1] and 1 exception(s); f211638a-2c6b-4b58-9a41-810c99451672@group-36B5FC60EDDD:t1, leader=null, voted=f211638a-2c6b-4b58-9a41-810c99451672, raftlog=f211638a-2c6b-4b58-9a41-810c99451672@group-36B5FC60EDDD-SegmentedRaftLog:OPENED:c-1,f-1,i0, conf=-1: [f211638a-2c6b-4b58-9a41-810c99451672:192.168.157.194:34889, fde56d24-c59c-4768-b7bb-458466c8bfd3:192.168.157.194:38692, fbe6c37d-8446-44da-8aed-2f4bcb7dfa1d:192.168.157.194:33200], old=null
2019-11-04 16:44:55,801 [f211638a-2c6b-4b58-9a41-810c99451672@group-36B5FC60EDDD-LeaderElection3166] INFO  impl.LeaderElection (LogUtils.java:infoOrTrace(149)) -   Exception 0: {}
java.util.concurrent.ExecutionException: org.apache.ratis.thirdparty.io.grpc.StatusRuntimeException: UNAVAILABLE: io exception
	at java.util.concurrent.FutureTask.report(FutureTask.java:122)
	at java.util.concurrent.FutureTask.get(FutureTask.java:192)
	at org.apache.ratis.server.impl.LeaderElection.waitForResults(LeaderElection.java:259)
	at org.apache.ratis.server.impl.LeaderElection.askForVotes(LeaderElection.java:197)
	at org.apache.ratis.server.impl.LeaderElection.run(LeaderElection.java:133)
	at java.lang.Thread.run(Thread.java:748)
Caused by: org.apache.ratis.thirdparty.io.grpc.StatusRuntimeException: UNAVAILABLE: io exception
	at org.apache.ratis.thirdparty.io.grpc.stub.ClientCalls.toStatusRuntimeException(ClientCalls.java:233)
	at org.apache.ratis.thirdparty.io.grpc.stub.ClientCalls.getUnchecked(ClientCalls.java:214)
	at org.apache.ratis.thirdparty.io.grpc.stub.ClientCalls.blockingUnaryCall(ClientCalls.java:139)
	at org.apache.ratis.proto.grpc.RaftServerProtocolServiceGrpc$RaftServerProtocolServiceBlockingStub.requestVote(RaftServerProtocolServiceGrpc.java:265)
	at org.apache.ratis.grpc.server.GrpcServerProtocolClient.requestVote(GrpcServerProtocolClient.java:99)
	at org.apache.ratis.grpc.server.GrpcService.requestVote(GrpcService.java:204)
	at org.apache.ratis.server.impl.LeaderElection.lambda$submitRequests$1(LeaderElection.java:234)
	at java.util.concurrent.FutureTask.run(FutureTask.java:266)
	at java.util.concurrent.Executors$RunnableAdapter.call(Executors.java:511)
	at java.util.concurrent.FutureTask.run(FutureTask.java:266)
	at java.util.concurrent.ThreadPoolExecutor.runWorker(ThreadPoolExecutor.java:1149)
	at java.util.concurrent.ThreadPoolExecutor$Worker.run(ThreadPoolExecutor.java:624)
	... 1 more
Caused by: org.apache.ratis.thirdparty.io.netty.channel.AbstractChannel$AnnotatedConnectException: Connection refused: /192.168.157.194:38692
	at sun.nio.ch.SocketChannelImpl.checkConnect(Native Method)
	at sun.nio.ch.SocketChannelImpl.finishConnect(SocketChannelImpl.java:717)
	at org.apache.ratis.thirdparty.io.netty.channel.socket.nio.NioSocketChannel.doFinishConnect(NioSocketChannel.java:327)
	at org.apache.ratis.thirdparty.io.netty.channel.nio.AbstractNioChannel$AbstractNioUnsafe.finishConnect(AbstractNioChannel.java:340)
	at org.apache.ratis.thirdparty.io.netty.channel.nio.NioEventLoop.processSelectedKey(NioEventLoop.java:632)
	at org.apache.ratis.thirdparty.io.netty.channel.nio.NioEventLoop.processSelectedKeysOptimized(NioEventLoop.java:579)
	at org.apache.ratis.thirdparty.io.netty.channel.nio.NioEventLoop.processSelectedKeys(NioEventLoop.java:496)
	at org.apache.ratis.thirdparty.io.netty.channel.nio.NioEventLoop.run(NioEventLoop.java:458)
	at org.apache.ratis.thirdparty.io.netty.util.concurrent.SingleThreadEventExecutor$5.run(SingleThreadEventExecutor.java:897)
	at org.apache.ratis.thirdparty.io.netty.util.concurrent.FastThreadLocalRunnable.run(FastThreadLocalRunnable.java:30)
	... 1 more
Caused by: java.net.ConnectException: Connection refused
	... 11 more
2019-11-04 16:44:55,800 [f211638a-2c6b-4b58-9a41-810c99451672@group-ED8F2B9D61A7-LeaderElection3165] INFO  impl.LeaderElection (LeaderElection.java:logAndReturn(56)) - f211638a-2c6b-4b58-9a41-810c99451672@group-ED8F2B9D61A7-LeaderElection3165: Election PASSED; received 1 response(s) [f211638a-2c6b-4b58-9a41-810c99451672<-fbe6c37d-8446-44da-8aed-2f4bcb7dfa1d#0:OK-t1] and 1 exception(s); f211638a-2c6b-4b58-9a41-810c99451672@group-ED8F2B9D61A7:t1, leader=null, voted=f211638a-2c6b-4b58-9a41-810c99451672, raftlog=f211638a-2c6b-4b58-9a41-810c99451672@group-ED8F2B9D61A7-SegmentedRaftLog:OPENED:c-1,f-1,i0, conf=-1: [f211638a-2c6b-4b58-9a41-810c99451672:192.168.157.194:34889, fde56d24-c59c-4768-b7bb-458466c8bfd3:192.168.157.194:38692, fbe6c37d-8446-44da-8aed-2f4bcb7dfa1d:192.168.157.194:33200], old=null
2019-11-04 16:44:55,801 [f211638a-2c6b-4b58-9a41-810c99451672@group-36B5FC60EDDD-LeaderElection3166] INFO  impl.RoleInfo (RoleInfo.java:shutdownLeaderElection(134)) - f211638a-2c6b-4b58-9a41-810c99451672: shutdown LeaderElection
2019-11-04 16:44:55,800 [f211638a-2c6b-4b58-9a41-810c99451672@group-47A9DBD71086-LeaderElection3164] INFO  impl.LeaderElection (LogUtils.java:infoOrTrace(149)) -   Exception 0: {}
java.util.concurrent.ExecutionException: org.apache.ratis.thirdparty.io.grpc.StatusRuntimeException: UNAVAILABLE: io exception
	at java.util.concurrent.FutureTask.report(FutureTask.java:122)
	at java.util.concurrent.FutureTask.get(FutureTask.java:192)
	at org.apache.ratis.server.impl.LeaderElection.waitForResults(LeaderElection.java:259)
	at org.apache.ratis.server.impl.LeaderElection.askForVotes(LeaderElection.java:197)
	at org.apache.ratis.server.impl.LeaderElection.run(LeaderElection.java:133)
	at java.lang.Thread.run(Thread.java:748)
Caused by: org.apache.ratis.thirdparty.io.grpc.StatusRuntimeException: UNAVAILABLE: io exception
	at org.apache.ratis.thirdparty.io.grpc.stub.ClientCalls.toStatusRuntimeException(ClientCalls.java:233)
	at org.apache.ratis.thirdparty.io.grpc.stub.ClientCalls.getUnchecked(ClientCalls.java:214)
	at org.apache.ratis.thirdparty.io.grpc.stub.ClientCalls.blockingUnaryCall(ClientCalls.java:139)
	at org.apache.ratis.proto.grpc.RaftServerProtocolServiceGrpc$RaftServerProtocolServiceBlockingStub.requestVote(RaftServerProtocolServiceGrpc.java:265)
	at org.apache.ratis.grpc.server.GrpcServerProtocolClient.requestVote(GrpcServerProtocolClient.java:99)
	at org.apache.ratis.grpc.server.GrpcService.requestVote(GrpcService.java:204)
	at org.apache.ratis.server.impl.LeaderElection.lambda$submitRequests$1(LeaderElection.java:234)
	at java.util.concurrent.FutureTask.run(FutureTask.java:266)
	at java.util.concurrent.Executors$RunnableAdapter.call(Executors.java:511)
	at java.util.concurrent.FutureTask.run(FutureTask.java:266)
	at java.util.concurrent.ThreadPoolExecutor.runWorker(ThreadPoolExecutor.java:1149)
	at java.util.concurrent.ThreadPoolExecutor$Worker.run(ThreadPoolExecutor.java:624)
	... 1 more
Caused by: org.apache.ratis.thirdparty.io.netty.channel.AbstractChannel$AnnotatedConnectException: Connection refused: /192.168.157.194:38692
	at sun.nio.ch.SocketChannelImpl.checkConnect(Native Method)
	at sun.nio.ch.SocketChannelImpl.finishConnect(SocketChannelImpl.java:717)
	at org.apache.ratis.thirdparty.io.netty.channel.socket.nio.NioSocketChannel.doFinishConnect(NioSocketChannel.java:327)
	at org.apache.ratis.thirdparty.io.netty.channel.nio.AbstractNioChannel$AbstractNioUnsafe.finishConnect(AbstractNioChannel.java:340)
	at org.apache.ratis.thirdparty.io.netty.channel.nio.NioEventLoop.processSelectedKey(NioEventLoop.java:632)
	at org.apache.ratis.thirdparty.io.netty.channel.nio.NioEventLoop.processSelectedKeysOptimized(NioEventLoop.java:579)
	at org.apache.ratis.thirdparty.io.netty.channel.nio.NioEventLoop.processSelectedKeys(NioEventLoop.java:496)
	at org.apache.ratis.thirdparty.io.netty.channel.nio.NioEventLoop.run(NioEventLoop.java:458)
	at org.apache.ratis.thirdparty.io.netty.util.concurrent.SingleThreadEventExecutor$5.run(SingleThreadEventExecutor.java:897)
	at org.apache.ratis.thirdparty.io.netty.util.concurrent.FastThreadLocalRunnable.run(FastThreadLocalRunnable.java:30)
	... 1 more
Caused by: java.net.ConnectException: Connection refused
	... 11 more
2019-11-04 16:44:55,802 [f211638a-2c6b-4b58-9a41-810c99451672@group-47A9DBD71086-LeaderElection3164] INFO  impl.RoleInfo (RoleInfo.java:shutdownLeaderElection(134)) - f211638a-2c6b-4b58-9a41-810c99451672: shutdown LeaderElection
2019-11-04 16:44:55,801 [f211638a-2c6b-4b58-9a41-810c99451672@group-36B5FC60EDDD-LeaderElection3166] INFO  impl.RaftServerImpl (RaftServerImpl.java:setRole(184)) - f211638a-2c6b-4b58-9a41-810c99451672@group-36B5FC60EDDD: changes role from CANDIDATE to LEADER at term 1 for changeToLeader
2019-11-04 16:44:55,801 [f211638a-2c6b-4b58-9a41-810c99451672@group-ED8F2B9D61A7-LeaderElection3165] INFO  impl.LeaderElection (LogUtils.java:infoOrTrace(149)) -   Exception 0: {}
java.util.concurrent.ExecutionException: org.apache.ratis.thirdparty.io.grpc.StatusRuntimeException: UNAVAILABLE: io exception
	at java.util.concurrent.FutureTask.report(FutureTask.java:122)
	at java.util.concurrent.FutureTask.get(FutureTask.java:192)
	at org.apache.ratis.server.impl.LeaderElection.waitForResults(LeaderElection.java:259)
	at org.apache.ratis.server.impl.LeaderElection.askForVotes(LeaderElection.java:197)
	at org.apache.ratis.server.impl.LeaderElection.run(LeaderElection.java:133)
	at java.lang.Thread.run(Thread.java:748)
Caused by: org.apache.ratis.thirdparty.io.grpc.StatusRuntimeException: UNAVAILABLE: io exception
	at org.apache.ratis.thirdparty.io.grpc.stub.ClientCalls.toStatusRuntimeException(ClientCalls.java:233)
	at org.apache.ratis.thirdparty.io.grpc.stub.ClientCalls.getUnchecked(ClientCalls.java:214)
	at org.apache.ratis.thirdparty.io.grpc.stub.ClientCalls.blockingUnaryCall(ClientCalls.java:139)
	at org.apache.ratis.proto.grpc.RaftServerProtocolServiceGrpc$RaftServerProtocolServiceBlockingStub.requestVote(RaftServerProtocolServiceGrpc.java:265)
	at org.apache.ratis.grpc.server.GrpcServerProtocolClient.requestVote(GrpcServerProtocolClient.java:99)
	at org.apache.ratis.grpc.server.GrpcService.requestVote(GrpcService.java:204)
	at org.apache.ratis.server.impl.LeaderElection.lambda$submitRequests$1(LeaderElection.java:234)
	at java.util.concurrent.FutureTask.run(FutureTask.java:266)
	at java.util.concurrent.Executors$RunnableAdapter.call(Executors.java:511)
	at java.util.concurrent.FutureTask.run(FutureTask.java:266)
	at java.util.concurrent.ThreadPoolExecutor.runWorker(ThreadPoolExecutor.java:1149)
	at java.util.concurrent.ThreadPoolExecutor$Worker.run(ThreadPoolExecutor.java:624)
	... 1 more
Caused by: org.apache.ratis.thirdparty.io.netty.channel.AbstractChannel$AnnotatedConnectException: Connection refused: /192.168.157.194:38692
	at sun.nio.ch.SocketChannelImpl.checkConnect(Native Method)
	at sun.nio.ch.SocketChannelImpl.finishConnect(SocketChannelImpl.java:717)
	at org.apache.ratis.thirdparty.io.netty.channel.socket.nio.NioSocketChannel.doFinishConnect(NioSocketChannel.java:327)
	at org.apache.ratis.thirdparty.io.netty.channel.nio.AbstractNioChannel$AbstractNioUnsafe.finishConnect(AbstractNioChannel.java:340)
	at org.apache.ratis.thirdparty.io.netty.channel.nio.NioEventLoop.processSelectedKey(NioEventLoop.java:632)
	at org.apache.ratis.thirdparty.io.netty.channel.nio.NioEventLoop.processSelectedKeysOptimized(NioEventLoop.java:579)
	at org.apache.ratis.thirdparty.io.netty.channel.nio.NioEventLoop.processSelectedKeys(NioEventLoop.java:496)
	at org.apache.ratis.thirdparty.io.netty.channel.nio.NioEventLoop.run(NioEventLoop.java:458)
	at org.apache.ratis.thirdparty.io.netty.util.concurrent.SingleThreadEventExecutor$5.run(SingleThreadEventExecutor.java:897)
	at org.apache.ratis.thirdparty.io.netty.util.concurrent.FastThreadLocalRunnable.run(FastThreadLocalRunnable.java:30)
	... 1 more
Caused by: java.net.ConnectException: Connection refused
	... 11 more
2019-11-04 16:44:55,802 [f211638a-2c6b-4b58-9a41-810c99451672@group-ED8F2B9D61A7-LeaderElection3165] INFO  impl.RoleInfo (RoleInfo.java:shutdownLeaderElection(134)) - f211638a-2c6b-4b58-9a41-810c99451672: shutdown LeaderElection
2019-11-04 16:44:55,802 [f211638a-2c6b-4b58-9a41-810c99451672@group-36B5FC60EDDD-LeaderElection3166] INFO  impl.RaftServerImpl (ServerState.java:setLeader(256)) - f211638a-2c6b-4b58-9a41-810c99451672@group-36B5FC60EDDD: change Leader from null to f211638a-2c6b-4b58-9a41-810c99451672 at term 1 for becomeLeader, leader elected after 10828ms
2019-11-04 16:44:55,802 [f211638a-2c6b-4b58-9a41-810c99451672@group-47A9DBD71086-LeaderElection3164] INFO  impl.RaftServerImpl (RaftServerImpl.java:setRole(184)) - f211638a-2c6b-4b58-9a41-810c99451672@group-47A9DBD71086: changes role from CANDIDATE to LEADER at term 1 for changeToLeader
2019-11-04 16:44:55,802 [f211638a-2c6b-4b58-9a41-810c99451672@group-36B5FC60EDDD-LeaderElection3166] INFO  server.RaftServerConfigKeys (ConfUtils.java:logGet(43)) - raft.server.staging.catchup.gap = 1000 (default)
2019-11-04 16:44:55,802 [f211638a-2c6b-4b58-9a41-810c99451672@group-ED8F2B9D61A7-LeaderElection3165] INFO  impl.RaftServerImpl (RaftServerImpl.java:setRole(184)) - f211638a-2c6b-4b58-9a41-810c99451672@group-ED8F2B9D61A7: changes role from CANDIDATE to LEADER at term 1 for changeToLeader
2019-11-04 16:44:55,803 [f211638a-2c6b-4b58-9a41-810c99451672@group-36B5FC60EDDD-LeaderElection3166] INFO  server.RaftServerConfigKeys (ConfUtils.java:logGet(43)) - raft.server.rpc.sleep.time = 25ms (default)
2019-11-04 16:44:55,803 [f211638a-2c6b-4b58-9a41-810c99451672@group-47A9DBD71086-LeaderElection3164] INFO  impl.RaftServerImpl (ServerState.java:setLeader(256)) - f211638a-2c6b-4b58-9a41-810c99451672@group-47A9DBD71086: change Leader from null to f211638a-2c6b-4b58-9a41-810c99451672 at term 1 for becomeLeader, leader elected after 166ms
2019-11-04 16:44:55,803 [f211638a-2c6b-4b58-9a41-810c99451672@group-36B5FC60EDDD-LeaderElection3166] INFO  server.RaftServerConfigKeys (ConfUtils.java:logGet(43)) - raft.server.write.element-limit = 4096 (default)
2019-11-04 16:44:55,803 [f211638a-2c6b-4b58-9a41-810c99451672@group-ED8F2B9D61A7-LeaderElection3165] INFO  impl.RaftServerImpl (ServerState.java:setLeader(256)) - f211638a-2c6b-4b58-9a41-810c99451672@group-ED8F2B9D61A7: change Leader from null to f211638a-2c6b-4b58-9a41-810c99451672 at term 1 for becomeLeader, leader elected after 222ms
2019-11-04 16:44:55,803 [f211638a-2c6b-4b58-9a41-810c99451672@group-36B5FC60EDDD-LeaderElection3166] INFO  server.RaftServerConfigKeys (ConfUtils.java:logGet(43)) - raft.server.watch.timeout = 10s (default)
2019-11-04 16:44:55,803 [f211638a-2c6b-4b58-9a41-810c99451672@group-47A9DBD71086-LeaderElection3164] INFO  server.RaftServerConfigKeys (ConfUtils.java:logGet(43)) - raft.server.staging.catchup.gap = 1000 (default)
2019-11-04 16:44:55,803 [f211638a-2c6b-4b58-9a41-810c99451672@group-36B5FC60EDDD-LeaderElection3166] INFO  server.RaftServerConfigKeys (ConfUtils.java:logGet(43)) - raft.server.watch.timeout.denomination = 1s (default)
2019-11-04 16:44:55,803 [f211638a-2c6b-4b58-9a41-810c99451672@group-ED8F2B9D61A7-LeaderElection3165] INFO  server.RaftServerConfigKeys (ConfUtils.java:logGet(43)) - raft.server.staging.catchup.gap = 1000 (default)
2019-11-04 16:44:55,804 [f211638a-2c6b-4b58-9a41-810c99451672@group-36B5FC60EDDD-LeaderElection3166] INFO  server.RaftServerConfigKeys (ConfUtils.java:logGet(43)) - raft.server.watch.element-limit = 65536 (default)
2019-11-04 16:44:55,803 [f211638a-2c6b-4b58-9a41-810c99451672@group-47A9DBD71086-LeaderElection3164] INFO  server.RaftServerConfigKeys (ConfUtils.java:logGet(43)) - raft.server.rpc.sleep.time = 25ms (default)
2019-11-04 16:44:55,804 [Thread-21187] INFO  impl.FollowerState (FollowerState.java:run(108)) - fbe6c37d-8446-44da-8aed-2f4bcb7dfa1d@group-519EBDD4BC94-FollowerState: change to CANDIDATE, lastRpcTime:97ms, electionTimeout:97ms
2019-11-04 16:44:55,804 [f211638a-2c6b-4b58-9a41-810c99451672@group-ED8F2B9D61A7-LeaderElection3165] INFO  server.RaftServerConfigKeys (ConfUtils.java:logGet(43)) - raft.server.rpc.sleep.time = 25ms (default)
2019-11-04 16:44:55,804 [Thread-21187] INFO  impl.RoleInfo (RoleInfo.java:shutdownFollowerState(121)) - fbe6c37d-8446-44da-8aed-2f4bcb7dfa1d: shutdown FollowerState
2019-11-04 16:44:55,804 [f211638a-2c6b-4b58-9a41-810c99451672@group-ED8F2B9D61A7-LeaderElection3165] INFO  server.RaftServerConfigKeys (ConfUtils.java:logGet(43)) - raft.server.write.element-limit = 4096 (default)
2019-11-04 16:44:55,804 [f211638a-2c6b-4b58-9a41-810c99451672@group-47A9DBD71086-LeaderElection3164] INFO  server.RaftServerConfigKeys (ConfUtils.java:logGet(43)) - raft.server.write.element-limit = 4096 (default)
2019-11-04 16:44:55,804 [f211638a-2c6b-4b58-9a41-810c99451672@group-ED8F2B9D61A7-LeaderElection3165] INFO  server.RaftServerConfigKeys (ConfUtils.java:logGet(43)) - raft.server.watch.timeout = 10s (default)
2019-11-04 16:44:55,804 [Thread-21187] INFO  impl.RaftServerImpl (RaftServerImpl.java:setRole(184)) - fbe6c37d-8446-44da-8aed-2f4bcb7dfa1d@group-519EBDD4BC94: changes role from  FOLLOWER to CANDIDATE at term 0 for changeToCandidate
2019-11-04 16:44:55,805 [f211638a-2c6b-4b58-9a41-810c99451672@group-ED8F2B9D61A7-LeaderElection3165] INFO  server.RaftServerConfigKeys (ConfUtils.java:logGet(43)) - raft.server.watch.timeout.denomination = 1s (default)
2019-11-04 16:44:55,805 [f211638a-2c6b-4b58-9a41-810c99451672@group-47A9DBD71086-LeaderElection3164] INFO  server.RaftServerConfigKeys (ConfUtils.java:logGet(43)) - raft.server.watch.timeout = 10s (default)
2019-11-04 16:44:55,805 [f211638a-2c6b-4b58-9a41-810c99451672@group-ED8F2B9D61A7-LeaderElection3165] INFO  server.RaftServerConfigKeys (ConfUtils.java:logGet(43)) - raft.server.watch.element-limit = 65536 (default)
2019-11-04 16:44:55,805 [Thread-21187] INFO  impl.RoleInfo (RoleInfo.java:updateAndGet(143)) - fbe6c37d-8446-44da-8aed-2f4bcb7dfa1d: start LeaderElection
2019-11-04 16:44:55,805 [f211638a-2c6b-4b58-9a41-810c99451672@group-47A9DBD71086-LeaderElection3164] INFO  server.RaftServerConfigKeys (ConfUtils.java:logGet(43)) - raft.server.watch.timeout.denomination = 1s (default)
2019-11-04 16:44:55,805 [f211638a-2c6b-4b58-9a41-810c99451672@group-47A9DBD71086-LeaderElection3164] INFO  server.RaftServerConfigKeys (ConfUtils.java:logGet(43)) - raft.server.watch.element-limit = 65536 (default)
2019-11-04 16:44:55,809 [f211638a-2c6b-4b58-9a41-810c99451672@group-36B5FC60EDDD-LeaderElection3166] INFO  server.RaftServerConfigKeys (ConfUtils.java:logGet(43)) - raft.server.log.appender.snapshot.chunk.size.max = 16MB (=16777216) (default)
2019-11-04 16:44:55,809 [f211638a-2c6b-4b58-9a41-810c99451672@group-36B5FC60EDDD-LeaderElection3166] INFO  server.RaftServerConfigKeys (ConfUtils.java:logGet(43)) - raft.server.log.appender.buffer.byte-limit = 33554432 (custom)
2019-11-04 16:44:55,809 [f211638a-2c6b-4b58-9a41-810c99451672@group-36B5FC60EDDD-LeaderElection3166] INFO  server.RaftServerConfigKeys (ConfUtils.java:logGet(43)) - raft.server.log.appender.buffer.element-limit = 1 (custom)
2019-11-04 16:44:55,810 [f211638a-2c6b-4b58-9a41-810c99451672@group-36B5FC60EDDD-LeaderElection3166] INFO  grpc.GrpcConfigKeys$Server (ConfUtils.java:logGet(43)) - raft.grpc.server.leader.outstanding.appends.max = 128 (default)
2019-11-04 16:44:55,810 [f211638a-2c6b-4b58-9a41-810c99451672@group-36B5FC60EDDD-LeaderElection3166] INFO  server.RaftServerConfigKeys (ConfUtils.java:logGet(43)) - raft.server.rpc.request.timeout = 3000ms (default)
2019-11-04 16:44:55,810 [f211638a-2c6b-4b58-9a41-810c99451672@group-36B5FC60EDDD-LeaderElection3166] INFO  server.RaftServerConfigKeys (ConfUtils.java:logGet(43)) - raft.server.log.appender.install.snapshot.enabled = false (custom)
2019-11-04 16:44:55,812 [f211638a-2c6b-4b58-9a41-810c99451672@group-ED8F2B9D61A7-LeaderElection3165] INFO  server.RaftServerConfigKeys (ConfUtils.java:logGet(43)) - raft.server.log.appender.snapshot.chunk.size.max = 16MB (=16777216) (default)
2019-11-04 16:44:55,812 [f211638a-2c6b-4b58-9a41-810c99451672@group-ED8F2B9D61A7-LeaderElection3165] INFO  server.RaftServerConfigKeys (ConfUtils.java:logGet(43)) - raft.server.log.appender.buffer.byte-limit = 33554432 (custom)
2019-11-04 16:44:55,812 [f211638a-2c6b-4b58-9a41-810c99451672@group-ED8F2B9D61A7-LeaderElection3165] INFO  server.RaftServerConfigKeys (ConfUtils.java:logGet(43)) - raft.server.log.appender.buffer.element-limit = 1 (custom)
2019-11-04 16:44:55,812 [f211638a-2c6b-4b58-9a41-810c99451672@group-47A9DBD71086-LeaderElection3164] INFO  server.RaftServerConfigKeys (ConfUtils.java:logGet(43)) - raft.server.log.appender.snapshot.chunk.size.max = 16MB (=16777216) (default)
2019-11-04 16:44:55,812 [f211638a-2c6b-4b58-9a41-810c99451672@group-ED8F2B9D61A7-LeaderElection3165] INFO  grpc.GrpcConfigKeys$Server (ConfUtils.java:logGet(43)) - raft.grpc.server.leader.outstanding.appends.max = 128 (default)
2019-11-04 16:44:55,813 [f211638a-2c6b-4b58-9a41-810c99451672@group-36B5FC60EDDD-LeaderElection3166] INFO  server.RaftServerConfigKeys (ConfUtils.java:logGet(43)) - raft.server.log.appender.snapshot.chunk.size.max = 16MB (=16777216) (default)
2019-11-04 16:44:55,813 [f211638a-2c6b-4b58-9a41-810c99451672@group-47A9DBD71086-LeaderElection3164] INFO  server.RaftServerConfigKeys (ConfUtils.java:logGet(43)) - raft.server.log.appender.buffer.byte-limit = 33554432 (custom)
2019-11-04 16:44:55,813 [f211638a-2c6b-4b58-9a41-810c99451672@group-36B5FC60EDDD-LeaderElection3166] INFO  server.RaftServerConfigKeys (ConfUtils.java:logGet(43)) - raft.server.log.appender.buffer.byte-limit = 33554432 (custom)
2019-11-04 16:44:55,813 [f211638a-2c6b-4b58-9a41-810c99451672@group-ED8F2B9D61A7-LeaderElection3165] INFO  server.RaftServerConfigKeys (ConfUtils.java:logGet(43)) - raft.server.rpc.request.timeout = 3000ms (default)
2019-11-04 16:44:55,813 [f211638a-2c6b-4b58-9a41-810c99451672@group-36B5FC60EDDD-LeaderElection3166] INFO  server.RaftServerConfigKeys (ConfUtils.java:logGet(43)) - raft.server.log.appender.buffer.element-limit = 1 (custom)
2019-11-04 16:44:55,813 [f211638a-2c6b-4b58-9a41-810c99451672@group-47A9DBD71086-LeaderElection3164] INFO  server.RaftServerConfigKeys (ConfUtils.java:logGet(43)) - raft.server.log.appender.buffer.element-limit = 1 (custom)
2019-11-04 16:44:55,813 [f211638a-2c6b-4b58-9a41-810c99451672@group-36B5FC60EDDD-LeaderElection3166] INFO  grpc.GrpcConfigKeys$Server (ConfUtils.java:logGet(43)) - raft.grpc.server.leader.outstanding.appends.max = 128 (default)
2019-11-04 16:44:55,813 [f211638a-2c6b-4b58-9a41-810c99451672@group-ED8F2B9D61A7-LeaderElection3165] INFO  server.RaftServerConfigKeys (ConfUtils.java:logGet(43)) - raft.server.log.appender.install.snapshot.enabled = false (custom)
2019-11-04 16:44:55,814 [f211638a-2c6b-4b58-9a41-810c99451672@group-36B5FC60EDDD-LeaderElection3166] INFO  server.RaftServerConfigKeys (ConfUtils.java:logGet(43)) - raft.server.rpc.request.timeout = 3000ms (default)
2019-11-04 16:44:55,814 [f211638a-2c6b-4b58-9a41-810c99451672@group-47A9DBD71086-LeaderElection3164] INFO  grpc.GrpcConfigKeys$Server (ConfUtils.java:logGet(43)) - raft.grpc.server.leader.outstanding.appends.max = 128 (default)
2019-11-04 16:44:55,814 [f211638a-2c6b-4b58-9a41-810c99451672@group-36B5FC60EDDD-LeaderElection3166] INFO  server.RaftServerConfigKeys (ConfUtils.java:logGet(43)) - raft.server.log.appender.install.snapshot.enabled = false (custom)
2019-11-04 16:44:55,814 [f211638a-2c6b-4b58-9a41-810c99451672@group-47A9DBD71086-LeaderElection3164] INFO  server.RaftServerConfigKeys (ConfUtils.java:logGet(43)) - raft.server.rpc.request.timeout = 3000ms (default)
2019-11-04 16:44:55,814 [f211638a-2c6b-4b58-9a41-810c99451672@group-47A9DBD71086-LeaderElection3164] INFO  server.RaftServerConfigKeys (ConfUtils.java:logGet(43)) - raft.server.log.appender.install.snapshot.enabled = false (custom)
2019-11-04 16:44:55,819 [f211638a-2c6b-4b58-9a41-810c99451672@group-36B5FC60EDDD-LeaderElection3166] INFO  impl.RoleInfo (RoleInfo.java:updateAndGet(143)) - f211638a-2c6b-4b58-9a41-810c99451672: start LeaderState
2019-11-04 16:44:55,819 [f211638a-2c6b-4b58-9a41-810c99451672@group-ED8F2B9D61A7-LeaderElection3165] INFO  server.RaftServerConfigKeys (ConfUtils.java:logGet(43)) - raft.server.log.appender.snapshot.chunk.size.max = 16MB (=16777216) (default)
2019-11-04 16:44:55,819 [f211638a-2c6b-4b58-9a41-810c99451672@group-ED8F2B9D61A7-LeaderElection3165] INFO  server.RaftServerConfigKeys (ConfUtils.java:logGet(43)) - raft.server.log.appender.buffer.byte-limit = 33554432 (custom)
2019-11-04 16:44:55,819 [f211638a-2c6b-4b58-9a41-810c99451672@group-47A9DBD71086-LeaderElection3164] INFO  server.RaftServerConfigKeys (ConfUtils.java:logGet(43)) - raft.server.log.appender.snapshot.chunk.size.max = 16MB (=16777216) (default)
2019-11-04 16:44:55,819 [f211638a-2c6b-4b58-9a41-810c99451672@group-36B5FC60EDDD-LeaderElection3166] INFO  segmented.SegmentedRaftLogWorker (SegmentedRaftLogWorker.java:startLogSegment(385)) - f211638a-2c6b-4b58-9a41-810c99451672@group-36B5FC60EDDD-SegmentedRaftLogWorker: Starting segment from index:0
2019-11-04 16:44:55,819 [f211638a-2c6b-4b58-9a41-810c99451672@group-47A9DBD71086-LeaderElection3164] INFO  server.RaftServerConfigKeys (ConfUtils.java:logGet(43)) - raft.server.log.appender.buffer.byte-limit = 33554432 (custom)
2019-11-04 16:44:55,819 [f211638a-2c6b-4b58-9a41-810c99451672@group-47A9DBD71086-LeaderElection3164] INFO  server.RaftServerConfigKeys (ConfUtils.java:logGet(43)) - raft.server.log.appender.buffer.element-limit = 1 (custom)
2019-11-04 16:44:55,819 [f211638a-2c6b-4b58-9a41-810c99451672@group-ED8F2B9D61A7-LeaderElection3165] INFO  server.RaftServerConfigKeys (ConfUtils.java:logGet(43)) - raft.server.log.appender.buffer.element-limit = 1 (custom)
2019-11-04 16:44:55,820 [f211638a-2c6b-4b58-9a41-810c99451672@group-47A9DBD71086-LeaderElection3164] INFO  grpc.GrpcConfigKeys$Server (ConfUtils.java:logGet(43)) - raft.grpc.server.leader.outstanding.appends.max = 128 (default)
2019-11-04 16:44:55,820 [f211638a-2c6b-4b58-9a41-810c99451672@group-ED8F2B9D61A7-LeaderElection3165] INFO  grpc.GrpcConfigKeys$Server (ConfUtils.java:logGet(43)) - raft.grpc.server.leader.outstanding.appends.max = 128 (default)
2019-11-04 16:44:55,820 [f211638a-2c6b-4b58-9a41-810c99451672@group-36B5FC60EDDD-LeaderElection3166] INFO  impl.RaftServerImpl (ServerState.java:setRaftConf(357)) - f211638a-2c6b-4b58-9a41-810c99451672@group-36B5FC60EDDD: set configuration 0: [f211638a-2c6b-4b58-9a41-810c99451672:192.168.157.194:34889, fde56d24-c59c-4768-b7bb-458466c8bfd3:192.168.157.194:38692, fbe6c37d-8446-44da-8aed-2f4bcb7dfa1d:192.168.157.194:33200], old=null at 0
2019-11-04 16:44:55,855 [f211638a-2c6b-4b58-9a41-810c99451672@group-ED8F2B9D61A7-LeaderElection3165] INFO  server.RaftServerConfigKeys (ConfUtils.java:logGet(43)) - raft.server.rpc.request.timeout = 3000ms (default)
2019-11-04 16:44:55,855 [fbe6c37d-8446-44da-8aed-2f4bcb7dfa1d@group-519EBDD4BC94-LeaderElection3167] INFO  impl.LeaderElection (LeaderElection.java:askForVotes(178)) - fbe6c37d-8446-44da-8aed-2f4bcb7dfa1d@group-519EBDD4BC94-LeaderElection3167: begin an election at term 1 for -1: [fbe6c37d-8446-44da-8aed-2f4bcb7dfa1d:192.168.157.194:33200], old=null
2019-11-04 16:44:55,820 [f211638a-2c6b-4b58-9a41-810c99451672@group-47A9DBD71086-LeaderElection3164] INFO  server.RaftServerConfigKeys (ConfUtils.java:logGet(43)) - raft.server.rpc.request.timeout = 3000ms (default)
2019-11-04 16:44:55,856 [fbe6c37d-8446-44da-8aed-2f4bcb7dfa1d@group-519EBDD4BC94-LeaderElection3167] INFO  impl.RoleInfo (RoleInfo.java:shutdownLeaderElection(134)) - fbe6c37d-8446-44da-8aed-2f4bcb7dfa1d: shutdown LeaderElection
2019-11-04 16:44:55,856 [f211638a-2c6b-4b58-9a41-810c99451672@group-ED8F2B9D61A7-LeaderElection3165] INFO  server.RaftServerConfigKeys (ConfUtils.java:logGet(43)) - raft.server.log.appender.install.snapshot.enabled = false (custom)
2019-11-04 16:44:55,855 [grpc-default-executor-2] WARN  server.GrpcLogAppender (LogUtils.java:warn(134)) - f211638a-2c6b-4b58-9a41-810c99451672@group-36B5FC60EDDD->fde56d24-c59c-4768-b7bb-458466c8bfd3-AppendLogResponseHandler: Failed appendEntries: org.apache.ratis.thirdparty.io.grpc.StatusRuntimeException: UNAVAILABLE: io exception
2019-11-04 16:44:55,856 [grpc-default-executor-11] INFO  impl.RaftServerImpl (ServerState.java:setLeader(256)) - fbe6c37d-8446-44da-8aed-2f4bcb7dfa1d@group-36B5FC60EDDD: change Leader from null to f211638a-2c6b-4b58-9a41-810c99451672 at term 1 for appendEntries, leader elected after 10882ms
2019-11-04 16:44:55,856 [fbe6c37d-8446-44da-8aed-2f4bcb7dfa1d@group-519EBDD4BC94-LeaderElection3167] INFO  impl.RaftServerImpl (RaftServerImpl.java:setRole(184)) - fbe6c37d-8446-44da-8aed-2f4bcb7dfa1d@group-519EBDD4BC94: changes role from CANDIDATE to LEADER at term 1 for changeToLeader
2019-11-04 16:44:55,857 [fbe6c37d-8446-44da-8aed-2f4bcb7dfa1d@group-519EBDD4BC94-LeaderElection3167] INFO  impl.RaftServerImpl (ServerState.java:setLeader(256)) - fbe6c37d-8446-44da-8aed-2f4bcb7dfa1d@group-519EBDD4BC94: change Leader from null to fbe6c37d-8446-44da-8aed-2f4bcb7dfa1d at term 1 for becomeLeader, leader elected after 276ms
2019-11-04 16:44:55,856 [f211638a-2c6b-4b58-9a41-810c99451672@group-47A9DBD71086-LeaderElection3164] INFO  server.RaftServerConfigKeys (ConfUtils.java:logGet(43)) - raft.server.log.appender.install.snapshot.enabled = false (custom)
2019-11-04 16:44:55,857 [fbe6c37d-8446-44da-8aed-2f4bcb7dfa1d@group-519EBDD4BC94-LeaderElection3167] INFO  server.RaftServerConfigKeys (ConfUtils.java:logGet(43)) - raft.server.staging.catchup.gap = 1000 (default)
2019-11-04 16:44:55,858 [fbe6c37d-8446-44da-8aed-2f4bcb7dfa1d@group-519EBDD4BC94-LeaderElection3167] INFO  server.RaftServerConfigKeys (ConfUtils.java:logGet(43)) - raft.server.rpc.sleep.time = 25ms (default)
2019-11-04 16:44:55,859 [fbe6c37d-8446-44da-8aed-2f4bcb7dfa1d@group-519EBDD4BC94-LeaderElection3167] INFO  server.RaftServerConfigKeys (ConfUtils.java:logGet(43)) - raft.server.write.element-limit = 4096 (default)
2019-11-04 16:44:55,860 [fbe6c37d-8446-44da-8aed-2f4bcb7dfa1d@group-519EBDD4BC94-LeaderElection3167] INFO  server.RaftServerConfigKeys (ConfUtils.java:logGet(43)) - raft.server.watch.timeout = 10s (default)
2019-11-04 16:44:55,860 [fbe6c37d-8446-44da-8aed-2f4bcb7dfa1d@group-519EBDD4BC94-LeaderElection3167] INFO  server.RaftServerConfigKeys (ConfUtils.java:logGet(43)) - raft.server.watch.timeout.denomination = 1s (default)
2019-11-04 16:44:55,860 [fbe6c37d-8446-44da-8aed-2f4bcb7dfa1d@group-519EBDD4BC94-LeaderElection3167] INFO  server.RaftServerConfigKeys (ConfUtils.java:logGet(43)) - raft.server.watch.element-limit = 65536 (default)
2019-11-04 16:44:55,861 [f211638a-2c6b-4b58-9a41-810c99451672@group-36B5FC60EDDD-SegmentedRaftLogWorker] INFO  segmented.SegmentedRaftLogWorker (SegmentedRaftLogWorker.java:execute(576)) - f211638a-2c6b-4b58-9a41-810c99451672@group-36B5FC60EDDD-SegmentedRaftLogWorker: created new log segment /workdir/hadoop-ozone/integration-test/target/test-dir/MiniOzoneClusterImpl-fc53e19a-81f7-4cd9-8ff9-5415f8563367/datanode-7/data/ratis/3d41ca62-1d32-46fb-b598-36b5fc60eddd/current/log_inprogress_0
2019-11-04 16:44:55,861 [f211638a-2c6b-4b58-9a41-810c99451672@group-ED8F2B9D61A7-LeaderElection3165] INFO  impl.RoleInfo (RoleInfo.java:updateAndGet(143)) - f211638a-2c6b-4b58-9a41-810c99451672: start LeaderState
2019-11-04 16:44:55,861 [f211638a-2c6b-4b58-9a41-810c99451672@group-ED8F2B9D61A7-LeaderElection3165] INFO  segmented.SegmentedRaftLogWorker (SegmentedRaftLogWorker.java:startLogSegment(385)) - f211638a-2c6b-4b58-9a41-810c99451672@group-ED8F2B9D61A7-SegmentedRaftLogWorker: Starting segment from index:0
2019-11-04 16:44:55,862 [f211638a-2c6b-4b58-9a41-810c99451672@group-47A9DBD71086-LeaderElection3164] INFO  impl.RoleInfo (RoleInfo.java:updateAndGet(143)) - f211638a-2c6b-4b58-9a41-810c99451672: start LeaderState
2019-11-04 16:44:55,862 [grpc-default-executor-11] INFO  impl.RaftServerImpl (ServerState.java:setRaftConf(357)) - fbe6c37d-8446-44da-8aed-2f4bcb7dfa1d@group-36B5FC60EDDD: set configuration 0: [f211638a-2c6b-4b58-9a41-810c99451672:192.168.157.194:34889, fde56d24-c59c-4768-b7bb-458466c8bfd3:192.168.157.194:38692, fbe6c37d-8446-44da-8aed-2f4bcb7dfa1d:192.168.157.194:33200], old=null at 0
2019-11-04 16:44:55,862 [f211638a-2c6b-4b58-9a41-810c99451672@group-ED8F2B9D61A7-LeaderElection3165] INFO  impl.RaftServerImpl (ServerState.java:setRaftConf(357)) - f211638a-2c6b-4b58-9a41-810c99451672@group-ED8F2B9D61A7: set configuration 0: [f211638a-2c6b-4b58-9a41-810c99451672:192.168.157.194:34889, fde56d24-c59c-4768-b7bb-458466c8bfd3:192.168.157.194:38692, fbe6c37d-8446-44da-8aed-2f4bcb7dfa1d:192.168.157.194:33200], old=null at 0
2019-11-04 16:44:55,888 [grpc-default-executor-2] WARN  server.GrpcLogAppender (LogUtils.java:warn(134)) - f211638a-2c6b-4b58-9a41-810c99451672@group-ED8F2B9D61A7->fde56d24-c59c-4768-b7bb-458466c8bfd3-AppendLogResponseHandler: Failed appendEntries: org.apache.ratis.thirdparty.io.grpc.StatusRuntimeException: UNAVAILABLE: io exception
2019-11-04 16:44:55,862 [f211638a-2c6b-4b58-9a41-810c99451672@group-47A9DBD71086-LeaderElection3164] INFO  segmented.SegmentedRaftLogWorker (SegmentedRaftLogWorker.java:startLogSegment(385)) - f211638a-2c6b-4b58-9a41-810c99451672@group-47A9DBD71086-SegmentedRaftLogWorker: Starting segment from index:0
2019-11-04 16:44:55,891 [Thread-21204] INFO  impl.FollowerState (FollowerState.java:run(108)) - fbe6c37d-8446-44da-8aed-2f4bcb7dfa1d@group-ED8F2B9D61A7-FollowerState: change to CANDIDATE, lastRpcTime:122ms, electionTimeout:120ms
2019-11-04 16:44:55,889 [grpc-default-executor-11] INFO  segmented.SegmentedRaftLogWorker (SegmentedRaftLogWorker.java:startLogSegment(385)) - fbe6c37d-8446-44da-8aed-2f4bcb7dfa1d@group-36B5FC60EDDD-SegmentedRaftLogWorker: Starting segment from index:0
2019-11-04 16:44:55,891 [Thread-21204] INFO  impl.RoleInfo (RoleInfo.java:shutdownFollowerState(121)) - fbe6c37d-8446-44da-8aed-2f4bcb7dfa1d: shutdown FollowerState
2019-11-04 16:44:55,891 [f211638a-2c6b-4b58-9a41-810c99451672@group-47A9DBD71086-LeaderElection3164] INFO  impl.RaftServerImpl (ServerState.java:setRaftConf(357)) - f211638a-2c6b-4b58-9a41-810c99451672@group-47A9DBD71086: set configuration 0: [f211638a-2c6b-4b58-9a41-810c99451672:192.168.157.194:34889, fde56d24-c59c-4768-b7bb-458466c8bfd3:192.168.157.194:38692, fbe6c37d-8446-44da-8aed-2f4bcb7dfa1d:192.168.157.194:33200], old=null at 0
2019-11-04 16:44:55,891 [fbe6c37d-8446-44da-8aed-2f4bcb7dfa1d@group-519EBDD4BC94-LeaderElection3167] INFO  impl.RoleInfo (RoleInfo.java:updateAndGet(143)) - fbe6c37d-8446-44da-8aed-2f4bcb7dfa1d: start LeaderState
2019-11-04 16:44:55,934 [f211638a-2c6b-4b58-9a41-810c99451672@group-ED8F2B9D61A7-SegmentedRaftLogWorker] INFO  segmented.SegmentedRaftLogWorker (SegmentedRaftLogWorker.java:execute(576)) - f211638a-2c6b-4b58-9a41-810c99451672@group-ED8F2B9D61A7-SegmentedRaftLogWorker: created new log segment /workdir/hadoop-ozone/integration-test/target/test-dir/MiniOzoneClusterImpl-fc53e19a-81f7-4cd9-8ff9-5415f8563367/datanode-7/data/ratis/91dbfad9-c175-44f9-8d98-ed8f2b9d61a7/current/log_inprogress_0
2019-11-04 16:44:55,934 [fbe6c37d-8446-44da-8aed-2f4bcb7dfa1d@group-519EBDD4BC94-LeaderElection3167] INFO  segmented.SegmentedRaftLogWorker (SegmentedRaftLogWorker.java:startLogSegment(385)) - fbe6c37d-8446-44da-8aed-2f4bcb7dfa1d@group-519EBDD4BC94-SegmentedRaftLogWorker: Starting segment from index:0
2019-11-04 16:44:55,934 [Thread-21202] INFO  impl.FollowerState (FollowerState.java:run(108)) - fbe6c37d-8446-44da-8aed-2f4bcb7dfa1d@group-47A9DBD71086-FollowerState: change to CANDIDATE, lastRpcTime:166ms, electionTimeout:141ms
2019-11-04 16:44:55,891 [Thread-21204] INFO  impl.RaftServerImpl (RaftServerImpl.java:setRole(184)) - fbe6c37d-8446-44da-8aed-2f4bcb7dfa1d@group-ED8F2B9D61A7: changes role from  FOLLOWER to CANDIDATE at term 1 for changeToCandidate
2019-11-04 16:44:55,935 [Thread-21202] INFO  impl.RoleInfo (RoleInfo.java:shutdownFollowerState(121)) - fbe6c37d-8446-44da-8aed-2f4bcb7dfa1d: shutdown FollowerState
2019-11-04 16:44:55,934 [grpc-default-executor-2] WARN  server.GrpcLogAppender (LogUtils.java:warn(134)) - f211638a-2c6b-4b58-9a41-810c99451672@group-47A9DBD71086->fde56d24-c59c-4768-b7bb-458466c8bfd3-AppendLogResponseHandler: Failed appendEntries: org.apache.ratis.thirdparty.io.grpc.StatusRuntimeException: UNAVAILABLE: io exception
2019-11-04 16:44:55,934 [Datanode State Machine Thread - 0] INFO  statemachine.DatanodeStateMachine (DatanodeStateMachine.java:lambda$startDaemon$0(350)) - Ozone container server started.
2019-11-04 16:44:55,935 [fbe6c37d-8446-44da-8aed-2f4bcb7dfa1d@group-519EBDD4BC94-LeaderElection3167] INFO  impl.RaftServerImpl (ServerState.java:setRaftConf(357)) - fbe6c37d-8446-44da-8aed-2f4bcb7dfa1d@group-519EBDD4BC94: set configuration 0: [fbe6c37d-8446-44da-8aed-2f4bcb7dfa1d:192.168.157.194:33200], old=null at 0
2019-11-04 16:44:55,935 [Thread-21204] INFO  impl.RoleInfo (RoleInfo.java:updateAndGet(143)) - fbe6c37d-8446-44da-8aed-2f4bcb7dfa1d: start LeaderElection
2019-11-04 16:44:55,935 [Thread-21202] INFO  impl.RaftServerImpl (RaftServerImpl.java:setRole(184)) - fbe6c37d-8446-44da-8aed-2f4bcb7dfa1d@group-47A9DBD71086: changes role from  FOLLOWER to CANDIDATE at term 1 for changeToCandidate
2019-11-04 16:44:55,936 [Thread-21202] INFO  impl.RoleInfo (RoleInfo.java:updateAndGet(143)) - fbe6c37d-8446-44da-8aed-2f4bcb7dfa1d: start LeaderElection
2019-11-04 16:44:55,936 [grpc-default-executor-12] INFO  impl.RaftServerImpl (RaftServerImpl.java:setRole(184)) - fbe6c37d-8446-44da-8aed-2f4bcb7dfa1d@group-ED8F2B9D61A7: changes role from CANDIDATE to FOLLOWER at term 1 for appendEntries
2019-11-04 16:44:55,936 [grpc-default-executor-11] INFO  impl.RaftServerImpl (RaftServerImpl.java:setRole(184)) - fbe6c37d-8446-44da-8aed-2f4bcb7dfa1d@group-47A9DBD71086: changes role from CANDIDATE to FOLLOWER at term 1 for appendEntries
2019-11-04 16:44:55,936 [grpc-default-executor-12] INFO  impl.RoleInfo (RoleInfo.java:shutdownLeaderElection(134)) - fbe6c37d-8446-44da-8aed-2f4bcb7dfa1d: shutdown LeaderElection
2019-11-04 16:44:55,937 [grpc-default-executor-11] INFO  impl.RoleInfo (RoleInfo.java:shutdownLeaderElection(134)) - fbe6c37d-8446-44da-8aed-2f4bcb7dfa1d: shutdown LeaderElection
2019-11-04 16:44:55,937 [grpc-default-executor-12] INFO  impl.RoleInfo (RoleInfo.java:updateAndGet(143)) - fbe6c37d-8446-44da-8aed-2f4bcb7dfa1d: start FollowerState
2019-11-04 16:44:55,937 [grpc-default-executor-11] INFO  impl.RoleInfo (RoleInfo.java:updateAndGet(143)) - fbe6c37d-8446-44da-8aed-2f4bcb7dfa1d: start FollowerState
2019-11-04 16:44:55,937 [grpc-default-executor-12] INFO  impl.RaftServerImpl (ServerState.java:setLeader(256)) - fbe6c37d-8446-44da-8aed-2f4bcb7dfa1d@group-ED8F2B9D61A7: change Leader from null to f211638a-2c6b-4b58-9a41-810c99451672 at term 1 for appendEntries, leader elected after 301ms
2019-11-04 16:44:55,938 [grpc-default-executor-11] INFO  impl.RaftServerImpl (ServerState.java:setLeader(256)) - fbe6c37d-8446-44da-8aed-2f4bcb7dfa1d@group-47A9DBD71086: change Leader from null to f211638a-2c6b-4b58-9a41-810c99451672 at term 1 for appendEntries, leader elected after 238ms
2019-11-04 16:44:55,938 [fbe6c37d-8446-44da-8aed-2f4bcb7dfa1d@group-ED8F2B9D61A7-LeaderElection3168] INFO  impl.RaftServerImpl (ServerState.java:setLeader(256)) - fbe6c37d-8446-44da-8aed-2f4bcb7dfa1d@group-ED8F2B9D61A7: change Leader from f211638a-2c6b-4b58-9a41-810c99451672 to null at term 1 for initElection
2019-11-04 16:44:55,938 [fbe6c37d-8446-44da-8aed-2f4bcb7dfa1d@group-47A9DBD71086-LeaderElection3169] INFO  impl.RaftServerImpl (ServerState.java:setLeader(256)) - fbe6c37d-8446-44da-8aed-2f4bcb7dfa1d@group-47A9DBD71086: change Leader from f211638a-2c6b-4b58-9a41-810c99451672 to null at term 1 for initElection
2019-11-04 16:44:55,945 [f211638a-2c6b-4b58-9a41-810c99451672@group-47A9DBD71086-SegmentedRaftLogWorker] INFO  segmented.SegmentedRaftLogWorker (SegmentedRaftLogWorker.java:execute(576)) - f211638a-2c6b-4b58-9a41-810c99451672@group-47A9DBD71086-SegmentedRaftLogWorker: created new log segment /workdir/hadoop-ozone/integration-test/target/test-dir/MiniOzoneClusterImpl-fc53e19a-81f7-4cd9-8ff9-5415f8563367/datanode-7/data/ratis/ee002801-4af9-4e0e-b19e-47a9dbd71086/current/log_inprogress_0
2019-11-04 16:44:55,945 [fbe6c37d-8446-44da-8aed-2f4bcb7dfa1d@group-47A9DBD71086-LeaderElection3169] INFO  impl.LeaderElection (LeaderElection.java:askForVotes(178)) - fbe6c37d-8446-44da-8aed-2f4bcb7dfa1d@group-47A9DBD71086-LeaderElection3169: begin an election at term 2 for -1: [f211638a-2c6b-4b58-9a41-810c99451672:192.168.157.194:34889, fde56d24-c59c-4768-b7bb-458466c8bfd3:192.168.157.194:38692, fbe6c37d-8446-44da-8aed-2f4bcb7dfa1d:192.168.157.194:33200], old=null
2019-11-04 16:44:55,945 [fbe6c37d-8446-44da-8aed-2f4bcb7dfa1d@group-ED8F2B9D61A7-LeaderElection3168] INFO  impl.LeaderElection (LeaderElection.java:askForVotes(178)) - fbe6c37d-8446-44da-8aed-2f4bcb7dfa1d@group-ED8F2B9D61A7-LeaderElection3168: begin an election at term 2 for -1: [f211638a-2c6b-4b58-9a41-810c99451672:192.168.157.194:34889, fde56d24-c59c-4768-b7bb-458466c8bfd3:192.168.157.194:38692, fbe6c37d-8446-44da-8aed-2f4bcb7dfa1d:192.168.157.194:33200], old=null
2019-11-04 16:44:55,946 [fbe6c37d-8446-44da-8aed-2f4bcb7dfa1d@group-ED8F2B9D61A7-LeaderElection3168] INFO  impl.LeaderElection (LeaderElection.java:logAndReturn(56)) - fbe6c37d-8446-44da-8aed-2f4bcb7dfa1d@group-ED8F2B9D61A7-LeaderElection3168: Election REJECTED; received 0 response(s) [] and 0 exception(s); fbe6c37d-8446-44da-8aed-2f4bcb7dfa1d@group-ED8F2B9D61A7:t2, leader=null, voted=fbe6c37d-8446-44da-8aed-2f4bcb7dfa1d, raftlog=fbe6c37d-8446-44da-8aed-2f4bcb7dfa1d@group-ED8F2B9D61A7-SegmentedRaftLog:OPENED:c-1,f-1,i0, conf=-1: [f211638a-2c6b-4b58-9a41-810c99451672:192.168.157.194:34889, fde56d24-c59c-4768-b7bb-458466c8bfd3:192.168.157.194:38692, fbe6c37d-8446-44da-8aed-2f4bcb7dfa1d:192.168.157.194:33200], old=null
2019-11-04 16:44:55,947 [fbe6c37d-8446-44da-8aed-2f4bcb7dfa1d@group-47A9DBD71086-LeaderElection3169] INFO  impl.LeaderElection (LeaderElection.java:logAndReturn(56)) - fbe6c37d-8446-44da-8aed-2f4bcb7dfa1d@group-47A9DBD71086-LeaderElection3169: Election REJECTED; received 0 response(s) [] and 0 exception(s); fbe6c37d-8446-44da-8aed-2f4bcb7dfa1d@group-47A9DBD71086:t2, leader=null, voted=fbe6c37d-8446-44da-8aed-2f4bcb7dfa1d, raftlog=fbe6c37d-8446-44da-8aed-2f4bcb7dfa1d@group-47A9DBD71086-SegmentedRaftLog:OPENED:c-1,f-1,i0, conf=-1: [f211638a-2c6b-4b58-9a41-810c99451672:192.168.157.194:34889, fde56d24-c59c-4768-b7bb-458466c8bfd3:192.168.157.194:38692, fbe6c37d-8446-44da-8aed-2f4bcb7dfa1d:192.168.157.194:33200], old=null
2019-11-04 16:44:55,948 [Thread-21207] INFO  impl.RaftServerImpl (ServerState.java:setLeader(256)) - f211638a-2c6b-4b58-9a41-810c99451672@group-ED8F2B9D61A7: change Leader from f211638a-2c6b-4b58-9a41-810c99451672 to null at term 2 for updateCurrentTerm
2019-11-04 16:44:55,948 [Thread-21206] INFO  impl.RaftServerImpl (ServerState.java:setLeader(256)) - f211638a-2c6b-4b58-9a41-810c99451672@group-47A9DBD71086: change Leader from f211638a-2c6b-4b58-9a41-810c99451672 to null at term 2 for updateCurrentTerm
2019-11-04 16:44:55,948 [Thread-21207] INFO  impl.RaftServerImpl (RaftServerImpl.java:setRole(184)) - f211638a-2c6b-4b58-9a41-810c99451672@group-ED8F2B9D61A7: changes role from    LEADER to FOLLOWER at term 2 for stepDown
2019-11-04 16:44:55,948 [Thread-21206] INFO  impl.RaftServerImpl (RaftServerImpl.java:setRole(184)) - f211638a-2c6b-4b58-9a41-810c99451672@group-47A9DBD71086: changes role from    LEADER to FOLLOWER at term 2 for stepDown
2019-11-04 16:44:55,948 [Thread-21207] INFO  impl.RoleInfo (RoleInfo.java:shutdownLeaderState(104)) - f211638a-2c6b-4b58-9a41-810c99451672: shutdown LeaderState
2019-11-04 16:44:55,948 [Thread-21206] INFO  impl.RoleInfo (RoleInfo.java:shutdownLeaderState(104)) - f211638a-2c6b-4b58-9a41-810c99451672: shutdown LeaderState
2019-11-04 16:44:55,975 [Thread-21207] INFO  impl.PendingRequests (PendingRequests.java:sendNotLeaderResponses(202)) - f211638a-2c6b-4b58-9a41-810c99451672@group-ED8F2B9D61A7-PendingRequests: sendNotLeaderResponses
2019-11-04 16:44:55,975 [org.apache.ratis.server.impl.LogAppender$AppenderDaemon$$Lambda$434/1246728277@17fed6a5] WARN  server.GrpcLogAppender (GrpcLogAppender.java:mayWait(149)) - f211638a-2c6b-4b58-9a41-810c99451672@group-ED8F2B9D61A7->fbe6c37d-8446-44da-8aed-2f4bcb7dfa1d-GrpcLogAppender: Wait interrupted by java.lang.InterruptedException
2019-11-04 16:44:55,981 [org.apache.ratis.server.impl.LogAppender$AppenderDaemon$$Lambda$434/1246728277@466c781d] WARN  server.GrpcLogAppender (GrpcLogAppender.java:mayWait(149)) - f211638a-2c6b-4b58-9a41-810c99451672@group-ED8F2B9D61A7->fde56d24-c59c-4768-b7bb-458466c8bfd3-GrpcLogAppender: Wait interrupted by java.lang.InterruptedException
2019-11-04 16:44:55,981 [Thread-21206] INFO  impl.PendingRequests (PendingRequests.java:sendNotLeaderResponses(202)) - f211638a-2c6b-4b58-9a41-810c99451672@group-47A9DBD71086-PendingRequests: sendNotLeaderResponses
2019-11-04 16:44:55,981 [org.apache.ratis.server.impl.LogAppender$AppenderDaemon$$Lambda$434/1246728277@5e28dc73] WARN  server.GrpcLogAppender (GrpcLogAppender.java:mayWait(149)) - f211638a-2c6b-4b58-9a41-810c99451672@group-47A9DBD71086->fbe6c37d-8446-44da-8aed-2f4bcb7dfa1d-GrpcLogAppender: Wait interrupted by java.lang.InterruptedException
2019-11-04 16:44:55,981 [Thread-21206] INFO  impl.RoleInfo (RoleInfo.java:updateAndGet(143)) - f211638a-2c6b-4b58-9a41-810c99451672: start FollowerState
2019-11-04 16:44:55,981 [org.apache.ratis.server.impl.LogAppender$AppenderDaemon$$Lambda$434/1246728277@f737d1e] WARN  server.GrpcLogAppender (GrpcLogAppender.java:mayWait(149)) - f211638a-2c6b-4b58-9a41-810c99451672@group-47A9DBD71086->fde56d24-c59c-4768-b7bb-458466c8bfd3-GrpcLogAppender: Wait interrupted by java.lang.InterruptedException
2019-11-04 16:44:55,981 [Thread-21207] INFO  impl.RoleInfo (RoleInfo.java:updateAndGet(143)) - f211638a-2c6b-4b58-9a41-810c99451672: start FollowerState
2019-11-04 16:44:55,981 [grpc-default-executor-2] INFO  server.GrpcServerProtocolService (GrpcServerProtocolService.java:onCompleted(113)) - fbe6c37d-8446-44da-8aed-2f4bcb7dfa1d: Completed APPEND_ENTRIES, lastRequest: f211638a-2c6b-4b58-9a41-810c99451672->fbe6c37d-8446-44da-8aed-2f4bcb7dfa1d#1-t1, previous=(t:0, i:0), leaderCommit=0, initializing? false, entries: size=1, first=(t:1, i:0), CONFIGURATIONENTRY
2019-11-04 16:44:55,982 [grpc-default-executor-2] INFO  server.GrpcServerProtocolService (GrpcServerProtocolService.java:onCompleted(113)) - fbe6c37d-8446-44da-8aed-2f4bcb7dfa1d: Completed APPEND_ENTRIES, lastRequest: f211638a-2c6b-4b58-9a41-810c99451672->fbe6c37d-8446-44da-8aed-2f4bcb7dfa1d#1-t1, previous=(t:0, i:0), leaderCommit=-1, initializing? false, entries: size=1, first=(t:1, i:0), CONFIGURATIONENTRY
2019-11-04 16:44:55,982 [grpc-default-executor-11] INFO  server.GrpcLogAppender (GrpcLogAppender.java:onCompleted(308)) - f211638a-2c6b-4b58-9a41-810c99451672@group-ED8F2B9D61A7->fbe6c37d-8446-44da-8aed-2f4bcb7dfa1d-AppendLogResponseHandler: follower responses appendEntries COMPLETED
2019-11-04 16:44:55,983 [grpc-default-executor-3] INFO  server.GrpcLogAppender (GrpcLogAppender.java:onCompleted(308)) - f211638a-2c6b-4b58-9a41-810c99451672@group-47A9DBD71086->fbe6c37d-8446-44da-8aed-2f4bcb7dfa1d-AppendLogResponseHandler: follower responses appendEntries COMPLETED
2019-11-04 16:44:55,995 [fbe6c37d-8446-44da-8aed-2f4bcb7dfa1d@group-36B5FC60EDDD-SegmentedRaftLogWorker] INFO  segmented.SegmentedRaftLogWorker (SegmentedRaftLogWorker.java:execute(576)) - fbe6c37d-8446-44da-8aed-2f4bcb7dfa1d@group-36B5FC60EDDD-SegmentedRaftLogWorker: created new log segment /workdir/hadoop-ozone/integration-test/target/test-dir/MiniOzoneClusterImpl-fc53e19a-81f7-4cd9-8ff9-5415f8563367/datanode-1/data/ratis/3d41ca62-1d32-46fb-b598-36b5fc60eddd/current/log_inprogress_0
2019-11-04 16:44:55,995 [fbe6c37d-8446-44da-8aed-2f4bcb7dfa1d@group-519EBDD4BC94-SegmentedRaftLogWorker] INFO  segmented.SegmentedRaftLogWorker (SegmentedRaftLogWorker.java:execute(576)) - fbe6c37d-8446-44da-8aed-2f4bcb7dfa1d@group-519EBDD4BC94-SegmentedRaftLogWorker: created new log segment /workdir/hadoop-ozone/integration-test/target/test-dir/MiniOzoneClusterImpl-fc53e19a-81f7-4cd9-8ff9-5415f8563367/datanode-1/data/ratis/9f884990-ef3c-4a17-bb25-519ebdd4bc94/current/log_inprogress_0
2019-11-04 16:44:55,999 [grpc-default-executor-2] INFO  impl.RaftServerImpl (RaftServerImpl.java:setRole(184)) - f211638a-2c6b-4b58-9a41-810c99451672@group-ED8F2B9D61A7: changes role from  FOLLOWER to FOLLOWER at term 2 for recognizeCandidate:fbe6c37d-8446-44da-8aed-2f4bcb7dfa1d
2019-11-04 16:44:55,999 [grpc-default-executor-2] INFO  impl.RoleInfo (RoleInfo.java:shutdownFollowerState(121)) - f211638a-2c6b-4b58-9a41-810c99451672: shutdown FollowerState
2019-11-04 16:44:55,999 [grpc-default-executor-12] INFO  impl.RaftServerImpl (RaftServerImpl.java:setRole(184)) - f211638a-2c6b-4b58-9a41-810c99451672@group-47A9DBD71086: changes role from  FOLLOWER to FOLLOWER at term 2 for recognizeCandidate:fbe6c37d-8446-44da-8aed-2f4bcb7dfa1d
2019-11-04 16:44:55,999 [Thread-21233] INFO  impl.FollowerState (FollowerState.java:run(117)) - f211638a-2c6b-4b58-9a41-810c99451672@group-ED8F2B9D61A7-FollowerState was interrupted: java.lang.InterruptedException: sleep interrupted
2019-11-04 16:44:55,999 [grpc-default-executor-2] INFO  impl.RoleInfo (RoleInfo.java:updateAndGet(143)) - f211638a-2c6b-4b58-9a41-810c99451672: start FollowerState
2019-11-04 16:44:55,999 [grpc-default-executor-12] INFO  impl.RoleInfo (RoleInfo.java:shutdownFollowerState(121)) - f211638a-2c6b-4b58-9a41-810c99451672: shutdown FollowerState
2019-11-04 16:44:56,000 [grpc-default-executor-12] INFO  impl.RoleInfo (RoleInfo.java:updateAndGet(143)) - f211638a-2c6b-4b58-9a41-810c99451672: start FollowerState
2019-11-04 16:44:56,000 [Thread-21234] INFO  impl.FollowerState (FollowerState.java:run(117)) - f211638a-2c6b-4b58-9a41-810c99451672@group-47A9DBD71086-FollowerState was interrupted: java.lang.InterruptedException: sleep interrupted
2019-11-04 16:44:56,525 [Datanode State Machine Thread - 0] INFO  statemachine.DatanodeStateMachine (DatanodeStateMachine.java:lambda$startDaemon$0(350)) - Ozone container server started.
2019-11-04 16:44:57,023 [Thread-21236] INFO  impl.FollowerState (FollowerState.java:run(108)) - f211638a-2c6b-4b58-9a41-810c99451672@group-47A9DBD71086-FollowerState: change to CANDIDATE, lastRpcTime:1023ms, electionTimeout:1023ms
2019-11-04 16:44:57,023 [Thread-21236] INFO  impl.RoleInfo (RoleInfo.java:shutdownFollowerState(121)) - f211638a-2c6b-4b58-9a41-810c99451672: shutdown FollowerState
2019-11-04 16:44:57,023 [Thread-21236] INFO  impl.RaftServerImpl (RaftServerImpl.java:setRole(184)) - f211638a-2c6b-4b58-9a41-810c99451672@group-47A9DBD71086: changes role from  FOLLOWER to CANDIDATE at term 2 for changeToCandidate
2019-11-04 16:44:57,024 [Thread-21236] INFO  impl.RoleInfo (RoleInfo.java:updateAndGet(143)) - f211638a-2c6b-4b58-9a41-810c99451672: start LeaderElection
2019-11-04 16:44:57,037 [f211638a-2c6b-4b58-9a41-810c99451672@group-47A9DBD71086-LeaderElection3170] INFO  impl.LeaderElection (LeaderElection.java:askForVotes(178)) - f211638a-2c6b-4b58-9a41-810c99451672@group-47A9DBD71086-LeaderElection3170: begin an election at term 3 for 0: [f211638a-2c6b-4b58-9a41-810c99451672:192.168.157.194:34889, fde56d24-c59c-4768-b7bb-458466c8bfd3:192.168.157.194:38692, fbe6c37d-8446-44da-8aed-2f4bcb7dfa1d:192.168.157.194:33200], old=null
2019-11-04 16:44:57,038 [f211638a-2c6b-4b58-9a41-810c99451672@group-47A9DBD71086-LeaderElection3170] INFO  impl.LeaderElection (LogUtils.java:infoOrTrace(149)) - f211638a-2c6b-4b58-9a41-810c99451672@group-47A9DBD71086-LeaderElection3170 got exception when requesting votes: {}
java.util.concurrent.ExecutionException: org.apache.ratis.thirdparty.io.grpc.StatusRuntimeException: UNAVAILABLE: io exception
	at java.util.concurrent.FutureTask.report(FutureTask.java:122)
	at java.util.concurrent.FutureTask.get(FutureTask.java:192)
	at org.apache.ratis.server.impl.LeaderElection.waitForResults(LeaderElection.java:259)
	at org.apache.ratis.server.impl.LeaderElection.askForVotes(LeaderElection.java:197)
	at org.apache.ratis.server.impl.LeaderElection.run(LeaderElection.java:133)
	at java.lang.Thread.run(Thread.java:748)
Caused by: org.apache.ratis.thirdparty.io.grpc.StatusRuntimeException: UNAVAILABLE: io exception
	at org.apache.ratis.thirdparty.io.grpc.stub.ClientCalls.toStatusRuntimeException(ClientCalls.java:233)
	at org.apache.ratis.thirdparty.io.grpc.stub.ClientCalls.getUnchecked(ClientCalls.java:214)
	at org.apache.ratis.thirdparty.io.grpc.stub.ClientCalls.blockingUnaryCall(ClientCalls.java:139)
	at org.apache.ratis.proto.grpc.RaftServerProtocolServiceGrpc$RaftServerProtocolServiceBlockingStub.requestVote(RaftServerProtocolServiceGrpc.java:265)
	at org.apache.ratis.grpc.server.GrpcServerProtocolClient.requestVote(GrpcServerProtocolClient.java:99)
	at org.apache.ratis.grpc.server.GrpcService.requestVote(GrpcService.java:204)
	at org.apache.ratis.server.impl.LeaderElection.lambda$submitRequests$1(LeaderElection.java:234)
	at java.util.concurrent.FutureTask.run(FutureTask.java:266)
	at java.util.concurrent.Executors$RunnableAdapter.call(Executors.java:511)
	at java.util.concurrent.FutureTask.run(FutureTask.java:266)
	at java.util.concurrent.ThreadPoolExecutor.runWorker(ThreadPoolExecutor.java:1149)
	at java.util.concurrent.ThreadPoolExecutor$Worker.run(ThreadPoolExecutor.java:624)
	... 1 more
Caused by: org.apache.ratis.thirdparty.io.netty.channel.AbstractChannel$AnnotatedConnectException: Connection refused: /192.168.157.194:38692
	at sun.nio.ch.SocketChannelImpl.checkConnect(Native Method)
	at sun.nio.ch.SocketChannelImpl.finishConnect(SocketChannelImpl.java:717)
	at org.apache.ratis.thirdparty.io.netty.channel.socket.nio.NioSocketChannel.doFinishConnect(NioSocketChannel.java:327)
	at org.apache.ratis.thirdparty.io.netty.channel.nio.AbstractNioChannel$AbstractNioUnsafe.finishConnect(AbstractNioChannel.java:340)
	at org.apache.ratis.thirdparty.io.netty.channel.nio.NioEventLoop.processSelectedKey(NioEventLoop.java:632)
	at org.apache.ratis.thirdparty.io.netty.channel.nio.NioEventLoop.processSelectedKeysOptimized(NioEventLoop.java:579)
	at org.apache.ratis.thirdparty.io.netty.channel.nio.NioEventLoop.processSelectedKeys(NioEventLoop.java:496)
	at org.apache.ratis.thirdparty.io.netty.channel.nio.NioEventLoop.run(NioEventLoop.java:458)
	at org.apache.ratis.thirdparty.io.netty.util.concurrent.SingleThreadEventExecutor$5.run(SingleThreadEventExecutor.java:897)
	at org.apache.ratis.thirdparty.io.netty.util.concurrent.FastThreadLocalRunnable.run(FastThreadLocalRunnable.java:30)
	... 1 more
Caused by: java.net.ConnectException: Connection refused
	... 11 more
2019-11-04 16:44:57,102 [Thread-21235] INFO  impl.FollowerState (FollowerState.java:run(108)) - f211638a-2c6b-4b58-9a41-810c99451672@group-ED8F2B9D61A7-FollowerState: change to CANDIDATE, lastRpcTime:1102ms, electionTimeout:1102ms
2019-11-04 16:44:57,102 [Thread-21235] INFO  impl.RoleInfo (RoleInfo.java:shutdownFollowerState(121)) - f211638a-2c6b-4b58-9a41-810c99451672: shutdown FollowerState
2019-11-04 16:44:57,102 [Thread-21235] INFO  impl.RaftServerImpl (RaftServerImpl.java:setRole(184)) - f211638a-2c6b-4b58-9a41-810c99451672@group-ED8F2B9D61A7: changes role from  FOLLOWER to CANDIDATE at term 2 for changeToCandidate
2019-11-04 16:44:57,102 [Thread-21235] INFO  impl.RoleInfo (RoleInfo.java:updateAndGet(143)) - f211638a-2c6b-4b58-9a41-810c99451672: start LeaderElection
2019-11-04 16:44:57,115 [f211638a-2c6b-4b58-9a41-810c99451672@group-ED8F2B9D61A7-LeaderElection3171] INFO  impl.LeaderElection (LeaderElection.java:askForVotes(178)) - f211638a-2c6b-4b58-9a41-810c99451672@group-ED8F2B9D61A7-LeaderElection3171: begin an election at term 3 for 0: [f211638a-2c6b-4b58-9a41-810c99451672:192.168.157.194:34889, fde56d24-c59c-4768-b7bb-458466c8bfd3:192.168.157.194:38692, fbe6c37d-8446-44da-8aed-2f4bcb7dfa1d:192.168.157.194:33200], old=null
2019-11-04 16:44:57,116 [f211638a-2c6b-4b58-9a41-810c99451672@group-ED8F2B9D61A7-LeaderElection3171] INFO  impl.LeaderElection (LogUtils.java:infoOrTrace(149)) - f211638a-2c6b-4b58-9a41-810c99451672@group-ED8F2B9D61A7-LeaderElection3171 got exception when requesting votes: {}
java.util.concurrent.ExecutionException: org.apache.ratis.thirdparty.io.grpc.StatusRuntimeException: UNAVAILABLE: io exception
	at java.util.concurrent.FutureTask.report(FutureTask.java:122)
	at java.util.concurrent.FutureTask.get(FutureTask.java:192)
	at org.apache.ratis.server.impl.LeaderElection.waitForResults(LeaderElection.java:259)
	at org.apache.ratis.server.impl.LeaderElection.askForVotes(LeaderElection.java:197)
	at org.apache.ratis.server.impl.LeaderElection.run(LeaderElection.java:133)
	at java.lang.Thread.run(Thread.java:748)
Caused by: org.apache.ratis.thirdparty.io.grpc.StatusRuntimeException: UNAVAILABLE: io exception
	at org.apache.ratis.thirdparty.io.grpc.stub.ClientCalls.toStatusRuntimeException(ClientCalls.java:233)
	at org.apache.ratis.thirdparty.io.grpc.stub.ClientCalls.getUnchecked(ClientCalls.java:214)
	at org.apache.ratis.thirdparty.io.grpc.stub.ClientCalls.blockingUnaryCall(ClientCalls.java:139)
	at org.apache.ratis.proto.grpc.RaftServerProtocolServiceGrpc$RaftServerProtocolServiceBlockingStub.requestVote(RaftServerProtocolServiceGrpc.java:265)
	at org.apache.ratis.grpc.server.GrpcServerProtocolClient.requestVote(GrpcServerProtocolClient.java:99)
	at org.apache.ratis.grpc.server.GrpcService.requestVote(GrpcService.java:204)
	at org.apache.ratis.server.impl.LeaderElection.lambda$submitRequests$1(LeaderElection.java:234)
	at java.util.concurrent.FutureTask.run(FutureTask.java:266)
	at java.util.concurrent.Executors$RunnableAdapter.call(Executors.java:511)
	at java.util.concurrent.FutureTask.run(FutureTask.java:266)
	at java.util.concurrent.ThreadPoolExecutor.runWorker(ThreadPoolExecutor.java:1149)
	at java.util.concurrent.ThreadPoolExecutor$Worker.run(ThreadPoolExecutor.java:624)
	... 1 more
Caused by: org.apache.ratis.thirdparty.io.netty.channel.AbstractChannel$AnnotatedConnectException: Connection refused: /192.168.157.194:38692
	at sun.nio.ch.SocketChannelImpl.checkConnect(Native Method)
	at sun.nio.ch.SocketChannelImpl.finishConnect(SocketChannelImpl.java:717)
	at org.apache.ratis.thirdparty.io.netty.channel.socket.nio.NioSocketChannel.doFinishConnect(NioSocketChannel.java:327)
	at org.apache.ratis.thirdparty.io.netty.channel.nio.AbstractNioChannel$AbstractNioUnsafe.finishConnect(AbstractNioChannel.java:340)
	at org.apache.ratis.thirdparty.io.netty.channel.nio.NioEventLoop.processSelectedKey(NioEventLoop.java:632)
	at org.apache.ratis.thirdparty.io.netty.channel.nio.NioEventLoop.processSelectedKeysOptimized(NioEventLoop.java:579)
	at org.apache.ratis.thirdparty.io.netty.channel.nio.NioEventLoop.processSelectedKeys(NioEventLoop.java:496)
	at org.apache.ratis.thirdparty.io.netty.channel.nio.NioEventLoop.run(NioEventLoop.java:458)
	at org.apache.ratis.thirdparty.io.netty.util.concurrent.SingleThreadEventExecutor$5.run(SingleThreadEventExecutor.java:897)
	at org.apache.ratis.thirdparty.io.netty.util.concurrent.FastThreadLocalRunnable.run(FastThreadLocalRunnable.java:30)
	... 1 more
Caused by: java.net.ConnectException: Connection refused
	... 11 more
2019-11-04 16:44:58,028 [Thread-21226] INFO  impl.FollowerState (FollowerState.java:run(108)) - fbe6c37d-8446-44da-8aed-2f4bcb7dfa1d@group-47A9DBD71086-FollowerState: change to CANDIDATE, lastRpcTime:2089ms, electionTimeout:1010ms
2019-11-04 16:44:58,028 [Thread-21226] INFO  impl.RoleInfo (RoleInfo.java:shutdownFollowerState(121)) - fbe6c37d-8446-44da-8aed-2f4bcb7dfa1d: shutdown FollowerState
2019-11-04 16:44:58,028 [Thread-21226] INFO  impl.RaftServerImpl (RaftServerImpl.java:setRole(184)) - fbe6c37d-8446-44da-8aed-2f4bcb7dfa1d@group-47A9DBD71086: changes role from  FOLLOWER to CANDIDATE at term 2 for changeToCandidate
2019-11-04 16:44:58,028 [Thread-21226] INFO  impl.RoleInfo (RoleInfo.java:updateAndGet(143)) - fbe6c37d-8446-44da-8aed-2f4bcb7dfa1d: start LeaderElection
2019-11-04 16:44:58,042 [fbe6c37d-8446-44da-8aed-2f4bcb7dfa1d@group-47A9DBD71086-LeaderElection3172] INFO  impl.LeaderElection (LeaderElection.java:askForVotes(178)) - fbe6c37d-8446-44da-8aed-2f4bcb7dfa1d@group-47A9DBD71086-LeaderElection3172: begin an election at term 3 for -1: [f211638a-2c6b-4b58-9a41-810c99451672:192.168.157.194:34889, fde56d24-c59c-4768-b7bb-458466c8bfd3:192.168.157.194:38692, fbe6c37d-8446-44da-8aed-2f4bcb7dfa1d:192.168.157.194:33200], old=null
2019-11-04 16:44:58,042 [fbe6c37d-8446-44da-8aed-2f4bcb7dfa1d@group-47A9DBD71086-LeaderElection3172] INFO  impl.LeaderElection (LogUtils.java:infoOrTrace(149)) - fbe6c37d-8446-44da-8aed-2f4bcb7dfa1d@group-47A9DBD71086-LeaderElection3172 got exception when requesting votes: {}
java.util.concurrent.ExecutionException: org.apache.ratis.thirdparty.io.grpc.StatusRuntimeException: UNAVAILABLE: io exception
	at java.util.concurrent.FutureTask.report(FutureTask.java:122)
	at java.util.concurrent.FutureTask.get(FutureTask.java:192)
	at org.apache.ratis.server.impl.LeaderElection.waitForResults(LeaderElection.java:259)
	at org.apache.ratis.server.impl.LeaderElection.askForVotes(LeaderElection.java:197)
	at org.apache.ratis.server.impl.LeaderElection.run(LeaderElection.java:133)
	at java.lang.Thread.run(Thread.java:748)
Caused by: org.apache.ratis.thirdparty.io.grpc.StatusRuntimeException: UNAVAILABLE: io exception
	at org.apache.ratis.thirdparty.io.grpc.stub.ClientCalls.toStatusRuntimeException(ClientCalls.java:233)
	at org.apache.ratis.thirdparty.io.grpc.stub.ClientCalls.getUnchecked(ClientCalls.java:214)
	at org.apache.ratis.thirdparty.io.grpc.stub.ClientCalls.blockingUnaryCall(ClientCalls.java:139)
	at org.apache.ratis.proto.grpc.RaftServerProtocolServiceGrpc$RaftServerProtocolServiceBlockingStub.requestVote(RaftServerProtocolServiceGrpc.java:265)
	at org.apache.ratis.grpc.server.GrpcServerProtocolClient.requestVote(GrpcServerProtocolClient.java:99)
	at org.apache.ratis.grpc.server.GrpcService.requestVote(GrpcService.java:204)
	at org.apache.ratis.server.impl.LeaderElection.lambda$submitRequests$1(LeaderElection.java:234)
	at java.util.concurrent.FutureTask.run(FutureTask.java:266)
	at java.util.concurrent.Executors$RunnableAdapter.call(Executors.java:511)
	at java.util.concurrent.FutureTask.run(FutureTask.java:266)
	at java.util.concurrent.ThreadPoolExecutor.runWorker(ThreadPoolExecutor.java:1149)
	at java.util.concurrent.ThreadPoolExecutor$Worker.run(ThreadPoolExecutor.java:624)
	... 1 more
Caused by: org.apache.ratis.thirdparty.io.netty.channel.AbstractChannel$AnnotatedConnectException: Connection refused: /192.168.157.194:38692
	at sun.nio.ch.SocketChannelImpl.checkConnect(Native Method)
	at sun.nio.ch.SocketChannelImpl.finishConnect(SocketChannelImpl.java:717)
	at org.apache.ratis.thirdparty.io.netty.channel.socket.nio.NioSocketChannel.doFinishConnect(NioSocketChannel.java:327)
	at org.apache.ratis.thirdparty.io.netty.channel.nio.AbstractNioChannel$AbstractNioUnsafe.finishConnect(AbstractNioChannel.java:340)
	at org.apache.ratis.thirdparty.io.netty.channel.nio.NioEventLoop.processSelectedKey(NioEventLoop.java:632)
	at org.apache.ratis.thirdparty.io.netty.channel.nio.NioEventLoop.processSelectedKeysOptimized(NioEventLoop.java:579)
	at org.apache.ratis.thirdparty.io.netty.channel.nio.NioEventLoop.processSelectedKeys(NioEventLoop.java:496)
	at org.apache.ratis.thirdparty.io.netty.channel.nio.NioEventLoop.run(NioEventLoop.java:458)
	at org.apache.ratis.thirdparty.io.netty.util.concurrent.SingleThreadEventExecutor$5.run(SingleThreadEventExecutor.java:897)
	at org.apache.ratis.thirdparty.io.netty.util.concurrent.FastThreadLocalRunnable.run(FastThreadLocalRunnable.java:30)
	... 1 more
Caused by: java.net.ConnectException: Connection refused
	... 11 more
2019-11-04 16:44:58,043 [fbe6c37d-8446-44da-8aed-2f4bcb7dfa1d@group-47A9DBD71086-LeaderElection3172] INFO  impl.LeaderElection (LeaderElection.java:logAndReturn(56)) - fbe6c37d-8446-44da-8aed-2f4bcb7dfa1d@group-47A9DBD71086-LeaderElection3172: Election REJECTED; received 1 response(s) [fbe6c37d-8446-44da-8aed-2f4bcb7dfa1d<-f211638a-2c6b-4b58-9a41-810c99451672#0:FAIL-t3] and 1 exception(s); fbe6c37d-8446-44da-8aed-2f4bcb7dfa1d@group-47A9DBD71086:t3, leader=null, voted=fbe6c37d-8446-44da-8aed-2f4bcb7dfa1d, raftlog=fbe6c37d-8446-44da-8aed-2f4bcb7dfa1d@group-47A9DBD71086-SegmentedRaftLog:OPENED:c-1,f-1,i0, conf=-1: [f211638a-2c6b-4b58-9a41-810c99451672:192.168.157.194:34889, fde56d24-c59c-4768-b7bb-458466c8bfd3:192.168.157.194:38692, fbe6c37d-8446-44da-8aed-2f4bcb7dfa1d:192.168.157.194:33200], old=null
2019-11-04 16:44:58,044 [fbe6c37d-8446-44da-8aed-2f4bcb7dfa1d@group-47A9DBD71086-LeaderElection3172] INFO  impl.LeaderElection (LogUtils.java:infoOrTrace(149)) -   Exception 0: {}
java.util.concurrent.ExecutionException: org.apache.ratis.thirdparty.io.grpc.StatusRuntimeException: UNAVAILABLE: io exception
	at java.util.concurrent.FutureTask.report(FutureTask.java:122)
	at java.util.concurrent.FutureTask.get(FutureTask.java:192)
	at org.apache.ratis.server.impl.LeaderElection.waitForResults(LeaderElection.java:259)
	at org.apache.ratis.server.impl.LeaderElection.askForVotes(LeaderElection.java:197)
	at org.apache.ratis.server.impl.LeaderElection.run(LeaderElection.java:133)
	at java.lang.Thread.run(Thread.java:748)
Caused by: org.apache.ratis.thirdparty.io.grpc.StatusRuntimeException: UNAVAILABLE: io exception
	at org.apache.ratis.thirdparty.io.grpc.stub.ClientCalls.toStatusRuntimeException(ClientCalls.java:233)
	at org.apache.ratis.thirdparty.io.grpc.stub.ClientCalls.getUnchecked(ClientCalls.java:214)
	at org.apache.ratis.thirdparty.io.grpc.stub.ClientCalls.blockingUnaryCall(ClientCalls.java:139)
	at org.apache.ratis.proto.grpc.RaftServerProtocolServiceGrpc$RaftServerProtocolServiceBlockingStub.requestVote(RaftServerProtocolServiceGrpc.java:265)
	at org.apache.ratis.grpc.server.GrpcServerProtocolClient.requestVote(GrpcServerProtocolClient.java:99)
	at org.apache.ratis.grpc.server.GrpcService.requestVote(GrpcService.java:204)
	at org.apache.ratis.server.impl.LeaderElection.lambda$submitRequests$1(LeaderElection.java:234)
	at java.util.concurrent.FutureTask.run(FutureTask.java:266)
	at java.util.concurrent.Executors$RunnableAdapter.call(Executors.java:511)
	at java.util.concurrent.FutureTask.run(FutureTask.java:266)
	at java.util.concurrent.ThreadPoolExecutor.runWorker(ThreadPoolExecutor.java:1149)
	at java.util.concurrent.ThreadPoolExecutor$Worker.run(ThreadPoolExecutor.java:624)
	... 1 more
Caused by: org.apache.ratis.thirdparty.io.netty.channel.AbstractChannel$AnnotatedConnectException: Connection refused: /192.168.157.194:38692
	at sun.nio.ch.SocketChannelImpl.checkConnect(Native Method)
	at sun.nio.ch.SocketChannelImpl.finishConnect(SocketChannelImpl.java:717)
	at org.apache.ratis.thirdparty.io.netty.channel.socket.nio.NioSocketChannel.doFinishConnect(NioSocketChannel.java:327)
	at org.apache.ratis.thirdparty.io.netty.channel.nio.AbstractNioChannel$AbstractNioUnsafe.finishConnect(AbstractNioChannel.java:340)
	at org.apache.ratis.thirdparty.io.netty.channel.nio.NioEventLoop.processSelectedKey(NioEventLoop.java:632)
	at org.apache.ratis.thirdparty.io.netty.channel.nio.NioEventLoop.processSelectedKeysOptimized(NioEventLoop.java:579)
	at org.apache.ratis.thirdparty.io.netty.channel.nio.NioEventLoop.processSelectedKeys(NioEventLoop.java:496)
	at org.apache.ratis.thirdparty.io.netty.channel.nio.NioEventLoop.run(NioEventLoop.java:458)
	at org.apache.ratis.thirdparty.io.netty.util.concurrent.SingleThreadEventExecutor$5.run(SingleThreadEventExecutor.java:897)
	at org.apache.ratis.thirdparty.io.netty.util.concurrent.FastThreadLocalRunnable.run(FastThreadLocalRunnable.java:30)
	... 1 more
Caused by: java.net.ConnectException: Connection refused
	... 11 more
2019-11-04 16:44:58,044 [fbe6c37d-8446-44da-8aed-2f4bcb7dfa1d@group-47A9DBD71086-LeaderElection3172] INFO  impl.RaftServerImpl (RaftServerImpl.java:setRole(184)) - fbe6c37d-8446-44da-8aed-2f4bcb7dfa1d@group-47A9DBD71086: changes role from CANDIDATE to FOLLOWER at term 3 for DISCOVERED_A_NEW_TERM
2019-11-04 16:44:58,044 [fbe6c37d-8446-44da-8aed-2f4bcb7dfa1d@group-47A9DBD71086-LeaderElection3172] INFO  impl.RoleInfo (RoleInfo.java:shutdownLeaderElection(134)) - fbe6c37d-8446-44da-8aed-2f4bcb7dfa1d: shutdown LeaderElection
2019-11-04 16:44:58,044 [fbe6c37d-8446-44da-8aed-2f4bcb7dfa1d@group-47A9DBD71086-LeaderElection3172] INFO  impl.RoleInfo (RoleInfo.java:updateAndGet(143)) - fbe6c37d-8446-44da-8aed-2f4bcb7dfa1d: start FollowerState
2019-11-04 16:44:58,185 [f211638a-2c6b-4b58-9a41-810c99451672@group-47A9DBD71086-LeaderElection3170] INFO  impl.LeaderElection (LeaderElection.java:logAndReturn(56)) - f211638a-2c6b-4b58-9a41-810c99451672@group-47A9DBD71086-LeaderElection3170: Election TIMEOUT; received 0 response(s) [] and 1 exception(s); f211638a-2c6b-4b58-9a41-810c99451672@group-47A9DBD71086:t3, leader=null, voted=f211638a-2c6b-4b58-9a41-810c99451672, raftlog=f211638a-2c6b-4b58-9a41-810c99451672@group-47A9DBD71086-SegmentedRaftLog:OPENED:c-1,f0,i0, conf=0: [f211638a-2c6b-4b58-9a41-810c99451672:192.168.157.194:34889, fde56d24-c59c-4768-b7bb-458466c8bfd3:192.168.157.194:38692, fbe6c37d-8446-44da-8aed-2f4bcb7dfa1d:192.168.157.194:33200], old=null
2019-11-04 16:44:58,185 [f211638a-2c6b-4b58-9a41-810c99451672@group-47A9DBD71086-LeaderElection3170] INFO  impl.LeaderElection (LogUtils.java:infoOrTrace(149)) -   Exception 0: {}
java.util.concurrent.ExecutionException: org.apache.ratis.thirdparty.io.grpc.StatusRuntimeException: UNAVAILABLE: io exception
	at java.util.concurrent.FutureTask.report(FutureTask.java:122)
	at java.util.concurrent.FutureTask.get(FutureTask.java:192)
	at org.apache.ratis.server.impl.LeaderElection.waitForResults(LeaderElection.java:259)
	at org.apache.ratis.server.impl.LeaderElection.askForVotes(LeaderElection.java:197)
	at org.apache.ratis.server.impl.LeaderElection.run(LeaderElection.java:133)
	at java.lang.Thread.run(Thread.java:748)
Caused by: org.apache.ratis.thirdparty.io.grpc.StatusRuntimeException: UNAVAILABLE: io exception
	at org.apache.ratis.thirdparty.io.grpc.stub.ClientCalls.toStatusRuntimeException(ClientCalls.java:233)
	at org.apache.ratis.thirdparty.io.grpc.stub.ClientCalls.getUnchecked(ClientCalls.java:214)
	at org.apache.ratis.thirdparty.io.grpc.stub.ClientCalls.blockingUnaryCall(ClientCalls.java:139)
	at org.apache.ratis.proto.grpc.RaftServerProtocolServiceGrpc$RaftServerProtocolServiceBlockingStub.requestVote(RaftServerProtocolServiceGrpc.java:265)
	at org.apache.ratis.grpc.server.GrpcServerProtocolClient.requestVote(GrpcServerProtocolClient.java:99)
	at org.apache.ratis.grpc.server.GrpcService.requestVote(GrpcService.java:204)
	at org.apache.ratis.server.impl.LeaderElection.lambda$submitRequests$1(LeaderElection.java:234)
	at java.util.concurrent.FutureTask.run(FutureTask.java:266)
	at java.util.concurrent.Executors$RunnableAdapter.call(Executors.java:511)
	at java.util.concurrent.FutureTask.run(FutureTask.java:266)
	at java.util.concurrent.ThreadPoolExecutor.runWorker(ThreadPoolExecutor.java:1149)
	at java.util.concurrent.ThreadPoolExecutor$Worker.run(ThreadPoolExecutor.java:624)
	... 1 more
Caused by: org.apache.ratis.thirdparty.io.netty.channel.AbstractChannel$AnnotatedConnectException: Connection refused: /192.168.157.194:38692
	at sun.nio.ch.SocketChannelImpl.checkConnect(Native Method)
	at sun.nio.ch.SocketChannelImpl.finishConnect(SocketChannelImpl.java:717)
	at org.apache.ratis.thirdparty.io.netty.channel.socket.nio.NioSocketChannel.doFinishConnect(NioSocketChannel.java:327)
	at org.apache.ratis.thirdparty.io.netty.channel.nio.AbstractNioChannel$AbstractNioUnsafe.finishConnect(AbstractNioChannel.java:340)
	at org.apache.ratis.thirdparty.io.netty.channel.nio.NioEventLoop.processSelectedKey(NioEventLoop.java:632)
	at org.apache.ratis.thirdparty.io.netty.channel.nio.NioEventLoop.processSelectedKeysOptimized(NioEventLoop.java:579)
	at org.apache.ratis.thirdparty.io.netty.channel.nio.NioEventLoop.processSelectedKeys(NioEventLoop.java:496)
	at org.apache.ratis.thirdparty.io.netty.channel.nio.NioEventLoop.run(NioEventLoop.java:458)
	at org.apache.ratis.thirdparty.io.netty.util.concurrent.SingleThreadEventExecutor$5.run(SingleThreadEventExecutor.java:897)
	at org.apache.ratis.thirdparty.io.netty.util.concurrent.FastThreadLocalRunnable.run(FastThreadLocalRunnable.java:30)
	... 1 more
Caused by: java.net.ConnectException: Connection refused
	... 11 more
2019-11-04 16:44:58,199 [f211638a-2c6b-4b58-9a41-810c99451672@group-47A9DBD71086-LeaderElection3170] INFO  impl.LeaderElection (LeaderElection.java:askForVotes(178)) - f211638a-2c6b-4b58-9a41-810c99451672@group-47A9DBD71086-LeaderElection3170: begin an election at term 4 for 0: [f211638a-2c6b-4b58-9a41-810c99451672:192.168.157.194:34889, fde56d24-c59c-4768-b7bb-458466c8bfd3:192.168.157.194:38692, fbe6c37d-8446-44da-8aed-2f4bcb7dfa1d:192.168.157.194:33200], old=null
2019-11-04 16:44:58,199 [f211638a-2c6b-4b58-9a41-810c99451672@group-47A9DBD71086-LeaderElection3170] INFO  impl.LeaderElection (LogUtils.java:infoOrTrace(149)) - f211638a-2c6b-4b58-9a41-810c99451672@group-47A9DBD71086-LeaderElection3170 got exception when requesting votes: {}
java.util.concurrent.ExecutionException: org.apache.ratis.thirdparty.io.grpc.StatusRuntimeException: UNAVAILABLE: io exception
	at java.util.concurrent.FutureTask.report(FutureTask.java:122)
	at java.util.concurrent.FutureTask.get(FutureTask.java:192)
	at org.apache.ratis.server.impl.LeaderElection.waitForResults(LeaderElection.java:259)
	at org.apache.ratis.server.impl.LeaderElection.askForVotes(LeaderElection.java:197)
	at org.apache.ratis.server.impl.LeaderElection.run(LeaderElection.java:133)
	at java.lang.Thread.run(Thread.java:748)
Caused by: org.apache.ratis.thirdparty.io.grpc.StatusRuntimeException: UNAVAILABLE: io exception
	at org.apache.ratis.thirdparty.io.grpc.stub.ClientCalls.toStatusRuntimeException(ClientCalls.java:233)
	at org.apache.ratis.thirdparty.io.grpc.stub.ClientCalls.getUnchecked(ClientCalls.java:214)
	at org.apache.ratis.thirdparty.io.grpc.stub.ClientCalls.blockingUnaryCall(ClientCalls.java:139)
	at org.apache.ratis.proto.grpc.RaftServerProtocolServiceGrpc$RaftServerProtocolServiceBlockingStub.requestVote(RaftServerProtocolServiceGrpc.java:265)
	at org.apache.ratis.grpc.server.GrpcServerProtocolClient.requestVote(GrpcServerProtocolClient.java:99)
	at org.apache.ratis.grpc.server.GrpcService.requestVote(GrpcService.java:204)
	at org.apache.ratis.server.impl.LeaderElection.lambda$submitRequests$1(LeaderElection.java:234)
	at java.util.concurrent.FutureTask.run(FutureTask.java:266)
	at java.util.concurrent.Executors$RunnableAdapter.call(Executors.java:511)
	at java.util.concurrent.FutureTask.run(FutureTask.java:266)
	at java.util.concurrent.ThreadPoolExecutor.runWorker(ThreadPoolExecutor.java:1149)
	at java.util.concurrent.ThreadPoolExecutor$Worker.run(ThreadPoolExecutor.java:624)
	... 1 more
Caused by: org.apache.ratis.thirdparty.io.netty.channel.AbstractChannel$AnnotatedConnectException: Connection refused: /192.168.157.194:38692
	at sun.nio.ch.SocketChannelImpl.checkConnect(Native Method)
	at sun.nio.ch.SocketChannelImpl.finishConnect(SocketChannelImpl.java:717)
	at org.apache.ratis.thirdparty.io.netty.channel.socket.nio.NioSocketChannel.doFinishConnect(NioSocketChannel.java:327)
	at org.apache.ratis.thirdparty.io.netty.channel.nio.AbstractNioChannel$AbstractNioUnsafe.finishConnect(AbstractNioChannel.java:340)
	at org.apache.ratis.thirdparty.io.netty.channel.nio.NioEventLoop.processSelectedKey(NioEventLoop.java:632)
	at org.apache.ratis.thirdparty.io.netty.channel.nio.NioEventLoop.processSelectedKeysOptimized(NioEventLoop.java:579)
	at org.apache.ratis.thirdparty.io.netty.channel.nio.NioEventLoop.processSelectedKeys(NioEventLoop.java:496)
	at org.apache.ratis.thirdparty.io.netty.channel.nio.NioEventLoop.run(NioEventLoop.java:458)
	at org.apache.ratis.thirdparty.io.netty.util.concurrent.SingleThreadEventExecutor$5.run(SingleThreadEventExecutor.java:897)
	at org.apache.ratis.thirdparty.io.netty.util.concurrent.FastThreadLocalRunnable.run(FastThreadLocalRunnable.java:30)
	... 1 more
Caused by: java.net.ConnectException: Connection refused
	... 11 more
2019-11-04 16:44:58,210 [Thread-21225] INFO  impl.FollowerState (FollowerState.java:run(108)) - fbe6c37d-8446-44da-8aed-2f4bcb7dfa1d@group-ED8F2B9D61A7-FollowerState: change to CANDIDATE, lastRpcTime:2271ms, electionTimeout:1116ms
2019-11-04 16:44:58,210 [Thread-21225] INFO  impl.RoleInfo (RoleInfo.java:shutdownFollowerState(121)) - fbe6c37d-8446-44da-8aed-2f4bcb7dfa1d: shutdown FollowerState
2019-11-04 16:44:58,210 [Thread-21225] INFO  impl.RaftServerImpl (RaftServerImpl.java:setRole(184)) - fbe6c37d-8446-44da-8aed-2f4bcb7dfa1d@group-ED8F2B9D61A7: changes role from  FOLLOWER to CANDIDATE at term 2 for changeToCandidate
2019-11-04 16:44:58,210 [Thread-21225] INFO  impl.RoleInfo (RoleInfo.java:updateAndGet(143)) - fbe6c37d-8446-44da-8aed-2f4bcb7dfa1d: start LeaderElection
2019-11-04 16:44:58,224 [fbe6c37d-8446-44da-8aed-2f4bcb7dfa1d@group-ED8F2B9D61A7-LeaderElection3173] INFO  impl.LeaderElection (LeaderElection.java:askForVotes(178)) - fbe6c37d-8446-44da-8aed-2f4bcb7dfa1d@group-ED8F2B9D61A7-LeaderElection3173: begin an election at term 3 for -1: [f211638a-2c6b-4b58-9a41-810c99451672:192.168.157.194:34889, fde56d24-c59c-4768-b7bb-458466c8bfd3:192.168.157.194:38692, fbe6c37d-8446-44da-8aed-2f4bcb7dfa1d:192.168.157.194:33200], old=null
2019-11-04 16:44:58,226 [fbe6c37d-8446-44da-8aed-2f4bcb7dfa1d@group-ED8F2B9D61A7-LeaderElection3173] INFO  impl.LeaderElection (LogUtils.java:infoOrTrace(149)) - fbe6c37d-8446-44da-8aed-2f4bcb7dfa1d@group-ED8F2B9D61A7-LeaderElection3173 got exception when requesting votes: {}
java.util.concurrent.ExecutionException: org.apache.ratis.thirdparty.io.grpc.StatusRuntimeException: UNAVAILABLE: io exception
	at java.util.concurrent.FutureTask.report(FutureTask.java:122)
	at java.util.concurrent.FutureTask.get(FutureTask.java:192)
	at org.apache.ratis.server.impl.LeaderElection.waitForResults(LeaderElection.java:259)
	at org.apache.ratis.server.impl.LeaderElection.askForVotes(LeaderElection.java:197)
	at org.apache.ratis.server.impl.LeaderElection.run(LeaderElection.java:133)
	at java.lang.Thread.run(Thread.java:748)
Caused by: org.apache.ratis.thirdparty.io.grpc.StatusRuntimeException: UNAVAILABLE: io exception
	at org.apache.ratis.thirdparty.io.grpc.stub.ClientCalls.toStatusRuntimeException(ClientCalls.java:233)
	at org.apache.ratis.thirdparty.io.grpc.stub.ClientCalls.getUnchecked(ClientCalls.java:214)
	at org.apache.ratis.thirdparty.io.grpc.stub.ClientCalls.blockingUnaryCall(ClientCalls.java:139)
	at org.apache.ratis.proto.grpc.RaftServerProtocolServiceGrpc$RaftServerProtocolServiceBlockingStub.requestVote(RaftServerProtocolServiceGrpc.java:265)
	at org.apache.ratis.grpc.server.GrpcServerProtocolClient.requestVote(GrpcServerProtocolClient.java:99)
	at org.apache.ratis.grpc.server.GrpcService.requestVote(GrpcService.java:204)
	at org.apache.ratis.server.impl.LeaderElection.lambda$submitRequests$1(LeaderElection.java:234)
	at java.util.concurrent.FutureTask.run(FutureTask.java:266)
	at java.util.concurrent.Executors$RunnableAdapter.call(Executors.java:511)
	at java.util.concurrent.FutureTask.run(FutureTask.java:266)
	at java.util.concurrent.ThreadPoolExecutor.runWorker(ThreadPoolExecutor.java:1149)
	at java.util.concurrent.ThreadPoolExecutor$Worker.run(ThreadPoolExecutor.java:624)
	... 1 more
Caused by: org.apache.ratis.thirdparty.io.netty.channel.AbstractChannel$AnnotatedConnectException: Connection refused: /192.168.157.194:38692
	at sun.nio.ch.SocketChannelImpl.checkConnect(Native Method)
	at sun.nio.ch.SocketChannelImpl.finishConnect(SocketChannelImpl.java:717)
	at org.apache.ratis.thirdparty.io.netty.channel.socket.nio.NioSocketChannel.doFinishConnect(NioSocketChannel.java:327)
	at org.apache.ratis.thirdparty.io.netty.channel.nio.AbstractNioChannel$AbstractNioUnsafe.finishConnect(AbstractNioChannel.java:340)
	at org.apache.ratis.thirdparty.io.netty.channel.nio.NioEventLoop.processSelectedKey(NioEventLoop.java:632)
	at org.apache.ratis.thirdparty.io.netty.channel.nio.NioEventLoop.processSelectedKeysOptimized(NioEventLoop.java:579)
	at org.apache.ratis.thirdparty.io.netty.channel.nio.NioEventLoop.processSelectedKeys(NioEventLoop.java:496)
	at org.apache.ratis.thirdparty.io.netty.channel.nio.NioEventLoop.run(NioEventLoop.java:458)
	at org.apache.ratis.thirdparty.io.netty.util.concurrent.SingleThreadEventExecutor$5.run(SingleThreadEventExecutor.java:897)
	at org.apache.ratis.thirdparty.io.netty.util.concurrent.FastThreadLocalRunnable.run(FastThreadLocalRunnable.java:30)
	... 1 more
Caused by: java.net.ConnectException: Connection refused
	... 11 more
2019-11-04 16:44:58,226 [fbe6c37d-8446-44da-8aed-2f4bcb7dfa1d@group-ED8F2B9D61A7-LeaderElection3173] INFO  impl.LeaderElection (LeaderElection.java:logAndReturn(56)) - fbe6c37d-8446-44da-8aed-2f4bcb7dfa1d@group-ED8F2B9D61A7-LeaderElection3173: Election REJECTED; received 1 response(s) [fbe6c37d-8446-44da-8aed-2f4bcb7dfa1d<-f211638a-2c6b-4b58-9a41-810c99451672#0:FAIL-t3] and 1 exception(s); fbe6c37d-8446-44da-8aed-2f4bcb7dfa1d@group-ED8F2B9D61A7:t3, leader=null, voted=fbe6c37d-8446-44da-8aed-2f4bcb7dfa1d, raftlog=fbe6c37d-8446-44da-8aed-2f4bcb7dfa1d@group-ED8F2B9D61A7-SegmentedRaftLog:OPENED:c-1,f-1,i0, conf=-1: [f211638a-2c6b-4b58-9a41-810c99451672:192.168.157.194:34889, fde56d24-c59c-4768-b7bb-458466c8bfd3:192.168.157.194:38692, fbe6c37d-8446-44da-8aed-2f4bcb7dfa1d:192.168.157.194:33200], old=null
2019-11-04 16:44:58,227 [fbe6c37d-8446-44da-8aed-2f4bcb7dfa1d@group-ED8F2B9D61A7-LeaderElection3173] INFO  impl.LeaderElection (LogUtils.java:infoOrTrace(149)) -   Exception 0: {}
java.util.concurrent.ExecutionException: org.apache.ratis.thirdparty.io.grpc.StatusRuntimeException: UNAVAILABLE: io exception
	at java.util.concurrent.FutureTask.report(FutureTask.java:122)
	at java.util.concurrent.FutureTask.get(FutureTask.java:192)
	at org.apache.ratis.server.impl.LeaderElection.waitForResults(LeaderElection.java:259)
	at org.apache.ratis.server.impl.LeaderElection.askForVotes(LeaderElection.java:197)
	at org.apache.ratis.server.impl.LeaderElection.run(LeaderElection.java:133)
	at java.lang.Thread.run(Thread.java:748)
Caused by: org.apache.ratis.thirdparty.io.grpc.StatusRuntimeException: UNAVAILABLE: io exception
	at org.apache.ratis.thirdparty.io.grpc.stub.ClientCalls.toStatusRuntimeException(ClientCalls.java:233)
	at org.apache.ratis.thirdparty.io.grpc.stub.ClientCalls.getUnchecked(ClientCalls.java:214)
	at org.apache.ratis.thirdparty.io.grpc.stub.ClientCalls.blockingUnaryCall(ClientCalls.java:139)
	at org.apache.ratis.proto.grpc.RaftServerProtocolServiceGrpc$RaftServerProtocolServiceBlockingStub.requestVote(RaftServerProtocolServiceGrpc.java:265)
	at org.apache.ratis.grpc.server.GrpcServerProtocolClient.requestVote(GrpcServerProtocolClient.java:99)
	at org.apache.ratis.grpc.server.GrpcService.requestVote(GrpcService.java:204)
	at org.apache.ratis.server.impl.LeaderElection.lambda$submitRequests$1(LeaderElection.java:234)
	at java.util.concurrent.FutureTask.run(FutureTask.java:266)
	at java.util.concurrent.Executors$RunnableAdapter.call(Executors.java:511)
	at java.util.concurrent.FutureTask.run(FutureTask.java:266)
	at java.util.concurrent.ThreadPoolExecutor.runWorker(ThreadPoolExecutor.java:1149)
	at java.util.concurrent.ThreadPoolExecutor$Worker.run(ThreadPoolExecutor.java:624)
	... 1 more
Caused by: org.apache.ratis.thirdparty.io.netty.channel.AbstractChannel$AnnotatedConnectException: Connection refused: /192.168.157.194:38692
	at sun.nio.ch.SocketChannelImpl.checkConnect(Native Method)
	at sun.nio.ch.SocketChannelImpl.finishConnect(SocketChannelImpl.java:717)
	at org.apache.ratis.thirdparty.io.netty.channel.socket.nio.NioSocketChannel.doFinishConnect(NioSocketChannel.java:327)
	at org.apache.ratis.thirdparty.io.netty.channel.nio.AbstractNioChannel$AbstractNioUnsafe.finishConnect(AbstractNioChannel.java:340)
	at org.apache.ratis.thirdparty.io.netty.channel.nio.NioEventLoop.processSelectedKey(NioEventLoop.java:632)
	at org.apache.ratis.thirdparty.io.netty.channel.nio.NioEventLoop.processSelectedKeysOptimized(NioEventLoop.java:579)
	at org.apache.ratis.thirdparty.io.netty.channel.nio.NioEventLoop.processSelectedKeys(NioEventLoop.java:496)
	at org.apache.ratis.thirdparty.io.netty.channel.nio.NioEventLoop.run(NioEventLoop.java:458)
	at org.apache.ratis.thirdparty.io.netty.util.concurrent.SingleThreadEventExecutor$5.run(SingleThreadEventExecutor.java:897)
	at org.apache.ratis.thirdparty.io.netty.util.concurrent.FastThreadLocalRunnable.run(FastThreadLocalRunnable.java:30)
	... 1 more
Caused by: java.net.ConnectException: Connection refused
	... 11 more
2019-11-04 16:44:58,227 [fbe6c37d-8446-44da-8aed-2f4bcb7dfa1d@group-ED8F2B9D61A7-LeaderElection3173] INFO  impl.RaftServerImpl (RaftServerImpl.java:setRole(184)) - fbe6c37d-8446-44da-8aed-2f4bcb7dfa1d@group-ED8F2B9D61A7: changes role from CANDIDATE to FOLLOWER at term 3 for DISCOVERED_A_NEW_TERM
2019-11-04 16:44:58,228 [fbe6c37d-8446-44da-8aed-2f4bcb7dfa1d@group-ED8F2B9D61A7-LeaderElection3173] INFO  impl.RoleInfo (RoleInfo.java:shutdownLeaderElection(134)) - fbe6c37d-8446-44da-8aed-2f4bcb7dfa1d: shutdown LeaderElection
2019-11-04 16:44:58,228 [fbe6c37d-8446-44da-8aed-2f4bcb7dfa1d@group-ED8F2B9D61A7-LeaderElection3173] INFO  impl.RoleInfo (RoleInfo.java:updateAndGet(143)) - fbe6c37d-8446-44da-8aed-2f4bcb7dfa1d: start FollowerState
2019-11-04 16:44:58,301 [f211638a-2c6b-4b58-9a41-810c99451672@group-ED8F2B9D61A7-LeaderElection3171] INFO  impl.LeaderElection (LeaderElection.java:logAndReturn(56)) - f211638a-2c6b-4b58-9a41-810c99451672@group-ED8F2B9D61A7-LeaderElection3171: Election TIMEOUT; received 0 response(s) [] and 1 exception(s); f211638a-2c6b-4b58-9a41-810c99451672@group-ED8F2B9D61A7:t3, leader=null, voted=f211638a-2c6b-4b58-9a41-810c99451672, raftlog=f211638a-2c6b-4b58-9a41-810c99451672@group-ED8F2B9D61A7-SegmentedRaftLog:OPENED:c0,f0,i0, conf=0: [f211638a-2c6b-4b58-9a41-810c99451672:192.168.157.194:34889, fde56d24-c59c-4768-b7bb-458466c8bfd3:192.168.157.194:38692, fbe6c37d-8446-44da-8aed-2f4bcb7dfa1d:192.168.157.194:33200], old=null
2019-11-04 16:44:58,301 [f211638a-2c6b-4b58-9a41-810c99451672@group-ED8F2B9D61A7-LeaderElection3171] INFO  impl.LeaderElection (LogUtils.java:infoOrTrace(149)) -   Exception 0: {}
java.util.concurrent.ExecutionException: org.apache.ratis.thirdparty.io.grpc.StatusRuntimeException: UNAVAILABLE: io exception
	at java.util.concurrent.FutureTask.report(FutureTask.java:122)
	at java.util.concurrent.FutureTask.get(FutureTask.java:192)
	at org.apache.ratis.server.impl.LeaderElection.waitForResults(LeaderElection.java:259)
	at org.apache.ratis.server.impl.LeaderElection.askForVotes(LeaderElection.java:197)
	at org.apache.ratis.server.impl.LeaderElection.run(LeaderElection.java:133)
	at java.lang.Thread.run(Thread.java:748)
Caused by: org.apache.ratis.thirdparty.io.grpc.StatusRuntimeException: UNAVAILABLE: io exception
	at org.apache.ratis.thirdparty.io.grpc.stub.ClientCalls.toStatusRuntimeException(ClientCalls.java:233)
	at org.apache.ratis.thirdparty.io.grpc.stub.ClientCalls.getUnchecked(ClientCalls.java:214)
	at org.apache.ratis.thirdparty.io.grpc.stub.ClientCalls.blockingUnaryCall(ClientCalls.java:139)
	at org.apache.ratis.proto.grpc.RaftServerProtocolServiceGrpc$RaftServerProtocolServiceBlockingStub.requestVote(RaftServerProtocolServiceGrpc.java:265)
	at org.apache.ratis.grpc.server.GrpcServerProtocolClient.requestVote(GrpcServerProtocolClient.java:99)
	at org.apache.ratis.grpc.server.GrpcService.requestVote(GrpcService.java:204)
	at org.apache.ratis.server.impl.LeaderElection.lambda$submitRequests$1(LeaderElection.java:234)
	at java.util.concurrent.FutureTask.run(FutureTask.java:266)
	at java.util.concurrent.Executors$RunnableAdapter.call(Executors.java:511)
	at java.util.concurrent.FutureTask.run(FutureTask.java:266)
	at java.util.concurrent.ThreadPoolExecutor.runWorker(ThreadPoolExecutor.java:1149)
	at java.util.concurrent.ThreadPoolExecutor$Worker.run(ThreadPoolExecutor.java:624)
	... 1 more
Caused by: org.apache.ratis.thirdparty.io.netty.channel.AbstractChannel$AnnotatedConnectException: Connection refused: /192.168.157.194:38692
	at sun.nio.ch.SocketChannelImpl.checkConnect(Native Method)
	at sun.nio.ch.SocketChannelImpl.finishConnect(SocketChannelImpl.java:717)
	at org.apache.ratis.thirdparty.io.netty.channel.socket.nio.NioSocketChannel.doFinishConnect(NioSocketChannel.java:327)
	at org.apache.ratis.thirdparty.io.netty.channel.nio.AbstractNioChannel$AbstractNioUnsafe.finishConnect(AbstractNioChannel.java:340)
	at org.apache.ratis.thirdparty.io.netty.channel.nio.NioEventLoop.processSelectedKey(NioEventLoop.java:632)
	at org.apache.ratis.thirdparty.io.netty.channel.nio.NioEventLoop.processSelectedKeysOptimized(NioEventLoop.java:579)
	at org.apache.ratis.thirdparty.io.netty.channel.nio.NioEventLoop.processSelectedKeys(NioEventLoop.java:496)
	at org.apache.ratis.thirdparty.io.netty.channel.nio.NioEventLoop.run(NioEventLoop.java:458)
	at org.apache.ratis.thirdparty.io.netty.util.concurrent.SingleThreadEventExecutor$5.run(SingleThreadEventExecutor.java:897)
	at org.apache.ratis.thirdparty.io.netty.util.concurrent.FastThreadLocalRunnable.run(FastThreadLocalRunnable.java:30)
	... 1 more
Caused by: java.net.ConnectException: Connection refused
	... 11 more
2019-11-04 16:44:58,315 [f211638a-2c6b-4b58-9a41-810c99451672@group-ED8F2B9D61A7-LeaderElection3171] INFO  impl.LeaderElection (LeaderElection.java:askForVotes(178)) - f211638a-2c6b-4b58-9a41-810c99451672@group-ED8F2B9D61A7-LeaderElection3171: begin an election at term 4 for 0: [f211638a-2c6b-4b58-9a41-810c99451672:192.168.157.194:34889, fde56d24-c59c-4768-b7bb-458466c8bfd3:192.168.157.194:38692, fbe6c37d-8446-44da-8aed-2f4bcb7dfa1d:192.168.157.194:33200], old=null
2019-11-04 16:44:58,315 [f211638a-2c6b-4b58-9a41-810c99451672@group-ED8F2B9D61A7-LeaderElection3171] INFO  impl.LeaderElection (LogUtils.java:infoOrTrace(149)) - f211638a-2c6b-4b58-9a41-810c99451672@group-ED8F2B9D61A7-LeaderElection3171 got exception when requesting votes: {}
java.util.concurrent.ExecutionException: org.apache.ratis.thirdparty.io.grpc.StatusRuntimeException: UNAVAILABLE: io exception
	at java.util.concurrent.FutureTask.report(FutureTask.java:122)
	at java.util.concurrent.FutureTask.get(FutureTask.java:192)
	at org.apache.ratis.server.impl.LeaderElection.waitForResults(LeaderElection.java:259)
	at org.apache.ratis.server.impl.LeaderElection.askForVotes(LeaderElection.java:197)
	at org.apache.ratis.server.impl.LeaderElection.run(LeaderElection.java:133)
	at java.lang.Thread.run(Thread.java:748)
Caused by: org.apache.ratis.thirdparty.io.grpc.StatusRuntimeException: UNAVAILABLE: io exception
	at org.apache.ratis.thirdparty.io.grpc.stub.ClientCalls.toStatusRuntimeException(ClientCalls.java:233)
	at org.apache.ratis.thirdparty.io.grpc.stub.ClientCalls.getUnchecked(ClientCalls.java:214)
	at org.apache.ratis.thirdparty.io.grpc.stub.ClientCalls.blockingUnaryCall(ClientCalls.java:139)
	at org.apache.ratis.proto.grpc.RaftServerProtocolServiceGrpc$RaftServerProtocolServiceBlockingStub.requestVote(RaftServerProtocolServiceGrpc.java:265)
	at org.apache.ratis.grpc.server.GrpcServerProtocolClient.requestVote(GrpcServerProtocolClient.java:99)
	at org.apache.ratis.grpc.server.GrpcService.requestVote(GrpcService.java:204)
	at org.apache.ratis.server.impl.LeaderElection.lambda$submitRequests$1(LeaderElection.java:234)
	at java.util.concurrent.FutureTask.run(FutureTask.java:266)
	at java.util.concurrent.Executors$RunnableAdapter.call(Executors.java:511)
	at java.util.concurrent.FutureTask.run(FutureTask.java:266)
	at java.util.concurrent.ThreadPoolExecutor.runWorker(ThreadPoolExecutor.java:1149)
	at java.util.concurrent.ThreadPoolExecutor$Worker.run(ThreadPoolExecutor.java:624)
	... 1 more
Caused by: org.apache.ratis.thirdparty.io.netty.channel.AbstractChannel$AnnotatedConnectException: Connection refused: /192.168.157.194:38692
	at sun.nio.ch.SocketChannelImpl.checkConnect(Native Method)
	at sun.nio.ch.SocketChannelImpl.finishConnect(SocketChannelImpl.java:717)
	at org.apache.ratis.thirdparty.io.netty.channel.socket.nio.NioSocketChannel.doFinishConnect(NioSocketChannel.java:327)
	at org.apache.ratis.thirdparty.io.netty.channel.nio.AbstractNioChannel$AbstractNioUnsafe.finishConnect(AbstractNioChannel.java:340)
	at org.apache.ratis.thirdparty.io.netty.channel.nio.NioEventLoop.processSelectedKey(NioEventLoop.java:632)
	at org.apache.ratis.thirdparty.io.netty.channel.nio.NioEventLoop.processSelectedKeysOptimized(NioEventLoop.java:579)
	at org.apache.ratis.thirdparty.io.netty.channel.nio.NioEventLoop.processSelectedKeys(NioEventLoop.java:496)
	at org.apache.ratis.thirdparty.io.netty.channel.nio.NioEventLoop.run(NioEventLoop.java:458)
	at org.apache.ratis.thirdparty.io.netty.util.concurrent.SingleThreadEventExecutor$5.run(SingleThreadEventExecutor.java:897)
	at org.apache.ratis.thirdparty.io.netty.util.concurrent.FastThreadLocalRunnable.run(FastThreadLocalRunnable.java:30)
	... 1 more
Caused by: java.net.ConnectException: Connection refused
	... 11 more
2019-11-04 16:44:58,856 [java.util.concurrent.ThreadPoolExecutor$Worker@24170a01[State = -1, empty queue]] WARN  server.GrpcLogAppender (GrpcLogAppender.java:timeoutAppendRequest(209)) - f211638a-2c6b-4b58-9a41-810c99451672@group-36B5FC60EDDD->fde56d24-c59c-4768-b7bb-458466c8bfd3-GrpcLogAppender: appendEntries Timeout, request=f211638a-2c6b-4b58-9a41-810c99451672->fde56d24-c59c-4768-b7bb-458466c8bfd3#0-t1, previous=(t:0, i:0), leaderCommit=-1, initializing? false, entries: <empty>
2019-11-04 16:44:58,889 [java.util.concurrent.ThreadPoolExecutor$Worker@3bb710ba[State = -1, empty queue]] WARN  server.GrpcLogAppender (GrpcLogAppender.java:timeoutAppendRequest(209)) - f211638a-2c6b-4b58-9a41-810c99451672@group-ED8F2B9D61A7->fde56d24-c59c-4768-b7bb-458466c8bfd3-GrpcLogAppender: appendEntries Timeout, request=f211638a-2c6b-4b58-9a41-810c99451672->fde56d24-c59c-4768-b7bb-458466c8bfd3#0-t1, previous=(t:0, i:0), leaderCommit=-1, initializing? false, entries: <empty>
2019-11-04 16:44:58,935 [java.util.concurrent.ThreadPoolExecutor$Worker@39d5ee2a[State = -1, empty queue]] WARN  server.GrpcLogAppender (GrpcLogAppender.java:timeoutAppendRequest(209)) - f211638a-2c6b-4b58-9a41-810c99451672@group-47A9DBD71086->fde56d24-c59c-4768-b7bb-458466c8bfd3-GrpcLogAppender: appendEntries Timeout, request=f211638a-2c6b-4b58-9a41-810c99451672->fde56d24-c59c-4768-b7bb-458466c8bfd3#0-t1, previous=(t:0, i:0), leaderCommit=-1, initializing? false, entries: <empty>
2019-11-04 16:44:59,103 [Thread-21251] INFO  impl.FollowerState (FollowerState.java:run(108)) - fbe6c37d-8446-44da-8aed-2f4bcb7dfa1d@group-47A9DBD71086-FollowerState: change to CANDIDATE, lastRpcTime:1058ms, electionTimeout:1058ms
2019-11-04 16:44:59,103 [Thread-21251] INFO  impl.RoleInfo (RoleInfo.java:shutdownFollowerState(121)) - fbe6c37d-8446-44da-8aed-2f4bcb7dfa1d: shutdown FollowerState
2019-11-04 16:44:59,103 [Thread-21251] INFO  impl.RaftServerImpl (RaftServerImpl.java:setRole(184)) - fbe6c37d-8446-44da-8aed-2f4bcb7dfa1d@group-47A9DBD71086: changes role from  FOLLOWER to CANDIDATE at term 3 for changeToCandidate
2019-11-04 16:44:59,103 [Thread-21251] INFO  impl.RoleInfo (RoleInfo.java:updateAndGet(143)) - fbe6c37d-8446-44da-8aed-2f4bcb7dfa1d: start LeaderElection
2019-11-04 16:44:59,117 [fbe6c37d-8446-44da-8aed-2f4bcb7dfa1d@group-47A9DBD71086-LeaderElection3174] INFO  impl.LeaderElection (LeaderElection.java:askForVotes(178)) - fbe6c37d-8446-44da-8aed-2f4bcb7dfa1d@group-47A9DBD71086-LeaderElection3174: begin an election at term 4 for -1: [f211638a-2c6b-4b58-9a41-810c99451672:192.168.157.194:34889, fde56d24-c59c-4768-b7bb-458466c8bfd3:192.168.157.194:38692, fbe6c37d-8446-44da-8aed-2f4bcb7dfa1d:192.168.157.194:33200], old=null
2019-11-04 16:44:59,119 [fbe6c37d-8446-44da-8aed-2f4bcb7dfa1d@group-47A9DBD71086-LeaderElection3174] INFO  impl.LeaderElection (LogUtils.java:infoOrTrace(149)) - fbe6c37d-8446-44da-8aed-2f4bcb7dfa1d@group-47A9DBD71086-LeaderElection3174 got exception when requesting votes: {}
java.util.concurrent.ExecutionException: org.apache.ratis.thirdparty.io.grpc.StatusRuntimeException: UNAVAILABLE: io exception
	at java.util.concurrent.FutureTask.report(FutureTask.java:122)
	at java.util.concurrent.FutureTask.get(FutureTask.java:192)
	at org.apache.ratis.server.impl.LeaderElection.waitForResults(LeaderElection.java:259)
	at org.apache.ratis.server.impl.LeaderElection.askForVotes(LeaderElection.java:197)
	at org.apache.ratis.server.impl.LeaderElection.run(LeaderElection.java:133)
	at java.lang.Thread.run(Thread.java:748)
Caused by: org.apache.ratis.thirdparty.io.grpc.StatusRuntimeException: UNAVAILABLE: io exception
	at org.apache.ratis.thirdparty.io.grpc.stub.ClientCalls.toStatusRuntimeException(ClientCalls.java:233)
	at org.apache.ratis.thirdparty.io.grpc.stub.ClientCalls.getUnchecked(ClientCalls.java:214)
	at org.apache.ratis.thirdparty.io.grpc.stub.ClientCalls.blockingUnaryCall(ClientCalls.java:139)
	at org.apache.ratis.proto.grpc.RaftServerProtocolServiceGrpc$RaftServerProtocolServiceBlockingStub.requestVote(RaftServerProtocolServiceGrpc.java:265)
	at org.apache.ratis.grpc.server.GrpcServerProtocolClient.requestVote(GrpcServerProtocolClient.java:99)
	at org.apache.ratis.grpc.server.GrpcService.requestVote(GrpcService.java:204)
	at org.apache.ratis.server.impl.LeaderElection.lambda$submitRequests$1(LeaderElection.java:234)
	at java.util.concurrent.FutureTask.run(FutureTask.java:266)
	at java.util.concurrent.Executors$RunnableAdapter.call(Executors.java:511)
	at java.util.concurrent.FutureTask.run(FutureTask.java:266)
	at java.util.concurrent.ThreadPoolExecutor.runWorker(ThreadPoolExecutor.java:1149)
	at java.util.concurrent.ThreadPoolExecutor$Worker.run(ThreadPoolExecutor.java:624)
	... 1 more
Caused by: org.apache.ratis.thirdparty.io.netty.channel.AbstractChannel$AnnotatedConnectException: Connection refused: /192.168.157.194:38692
	at sun.nio.ch.SocketChannelImpl.checkConnect(Native Method)
	at sun.nio.ch.SocketChannelImpl.finishConnect(SocketChannelImpl.java:717)
	at org.apache.ratis.thirdparty.io.netty.channel.socket.nio.NioSocketChannel.doFinishConnect(NioSocketChannel.java:327)
	at org.apache.ratis.thirdparty.io.netty.channel.nio.AbstractNioChannel$AbstractNioUnsafe.finishConnect(AbstractNioChannel.java:340)
	at org.apache.ratis.thirdparty.io.netty.channel.nio.NioEventLoop.processSelectedKey(NioEventLoop.java:632)
	at org.apache.ratis.thirdparty.io.netty.channel.nio.NioEventLoop.processSelectedKeysOptimized(NioEventLoop.java:579)
	at org.apache.ratis.thirdparty.io.netty.channel.nio.NioEventLoop.processSelectedKeys(NioEventLoop.java:496)
	at org.apache.ratis.thirdparty.io.netty.channel.nio.NioEventLoop.run(NioEventLoop.java:458)
	at org.apache.ratis.thirdparty.io.netty.util.concurrent.SingleThreadEventExecutor$5.run(SingleThreadEventExecutor.java:897)
	at org.apache.ratis.thirdparty.io.netty.util.concurrent.FastThreadLocalRunnable.run(FastThreadLocalRunnable.java:30)
	... 1 more
Caused by: java.net.ConnectException: Connection refused
	... 11 more
2019-11-04 16:44:59,119 [fbe6c37d-8446-44da-8aed-2f4bcb7dfa1d@group-47A9DBD71086-LeaderElection3174] INFO  impl.LeaderElection (LeaderElection.java:logAndReturn(56)) - fbe6c37d-8446-44da-8aed-2f4bcb7dfa1d@group-47A9DBD71086-LeaderElection3174: Election REJECTED; received 1 response(s) [fbe6c37d-8446-44da-8aed-2f4bcb7dfa1d<-f211638a-2c6b-4b58-9a41-810c99451672#0:FAIL-t4] and 1 exception(s); fbe6c37d-8446-44da-8aed-2f4bcb7dfa1d@group-47A9DBD71086:t4, leader=null, voted=fbe6c37d-8446-44da-8aed-2f4bcb7dfa1d, raftlog=fbe6c37d-8446-44da-8aed-2f4bcb7dfa1d@group-47A9DBD71086-SegmentedRaftLog:OPENED:c-1,f-1,i0, conf=-1: [f211638a-2c6b-4b58-9a41-810c99451672:192.168.157.194:34889, fde56d24-c59c-4768-b7bb-458466c8bfd3:192.168.157.194:38692, fbe6c37d-8446-44da-8aed-2f4bcb7dfa1d:192.168.157.194:33200], old=null
2019-11-04 16:44:59,120 [fbe6c37d-8446-44da-8aed-2f4bcb7dfa1d@group-47A9DBD71086-LeaderElection3174] INFO  impl.LeaderElection (LogUtils.java:infoOrTrace(149)) -   Exception 0: {}
java.util.concurrent.ExecutionException: org.apache.ratis.thirdparty.io.grpc.StatusRuntimeException: UNAVAILABLE: io exception
	at java.util.concurrent.FutureTask.report(FutureTask.java:122)
	at java.util.concurrent.FutureTask.get(FutureTask.java:192)
	at org.apache.ratis.server.impl.LeaderElection.waitForResults(LeaderElection.java:259)
	at org.apache.ratis.server.impl.LeaderElection.askForVotes(LeaderElection.java:197)
	at org.apache.ratis.server.impl.LeaderElection.run(LeaderElection.java:133)
	at java.lang.Thread.run(Thread.java:748)
Caused by: org.apache.ratis.thirdparty.io.grpc.StatusRuntimeException: UNAVAILABLE: io exception
	at org.apache.ratis.thirdparty.io.grpc.stub.ClientCalls.toStatusRuntimeException(ClientCalls.java:233)
	at org.apache.ratis.thirdparty.io.grpc.stub.ClientCalls.getUnchecked(ClientCalls.java:214)
	at org.apache.ratis.thirdparty.io.grpc.stub.ClientCalls.blockingUnaryCall(ClientCalls.java:139)
	at org.apache.ratis.proto.grpc.RaftServerProtocolServiceGrpc$RaftServerProtocolServiceBlockingStub.requestVote(RaftServerProtocolServiceGrpc.java:265)
	at org.apache.ratis.grpc.server.GrpcServerProtocolClient.requestVote(GrpcServerProtocolClient.java:99)
	at org.apache.ratis.grpc.server.GrpcService.requestVote(GrpcService.java:204)
	at org.apache.ratis.server.impl.LeaderElection.lambda$submitRequests$1(LeaderElection.java:234)
	at java.util.concurrent.FutureTask.run(FutureTask.java:266)
	at java.util.concurrent.Executors$RunnableAdapter.call(Executors.java:511)
	at java.util.concurrent.FutureTask.run(FutureTask.java:266)
	at java.util.concurrent.ThreadPoolExecutor.runWorker(ThreadPoolExecutor.java:1149)
	at java.util.concurrent.ThreadPoolExecutor$Worker.run(ThreadPoolExecutor.java:624)
	... 1 more
Caused by: org.apache.ratis.thirdparty.io.netty.channel.AbstractChannel$AnnotatedConnectException: Connection refused: /192.168.157.194:38692
	at sun.nio.ch.SocketChannelImpl.checkConnect(Native Method)
	at sun.nio.ch.SocketChannelImpl.finishConnect(SocketChannelImpl.java:717)
	at org.apache.ratis.thirdparty.io.netty.channel.socket.nio.NioSocketChannel.doFinishConnect(NioSocketChannel.java:327)
	at org.apache.ratis.thirdparty.io.netty.channel.nio.AbstractNioChannel$AbstractNioUnsafe.finishConnect(AbstractNioChannel.java:340)
	at org.apache.ratis.thirdparty.io.netty.channel.nio.NioEventLoop.processSelectedKey(NioEventLoop.java:632)
	at org.apache.ratis.thirdparty.io.netty.channel.nio.NioEventLoop.processSelectedKeysOptimized(NioEventLoop.java:579)
	at org.apache.ratis.thirdparty.io.netty.channel.nio.NioEventLoop.processSelectedKeys(NioEventLoop.java:496)
	at org.apache.ratis.thirdparty.io.netty.channel.nio.NioEventLoop.run(NioEventLoop.java:458)
	at org.apache.ratis.thirdparty.io.netty.util.concurrent.SingleThreadEventExecutor$5.run(SingleThreadEventExecutor.java:897)
	at org.apache.ratis.thirdparty.io.netty.util.concurrent.FastThreadLocalRunnable.run(FastThreadLocalRunnable.java:30)
	... 1 more
Caused by: java.net.ConnectException: Connection refused
	... 11 more
2019-11-04 16:44:59,120 [fbe6c37d-8446-44da-8aed-2f4bcb7dfa1d@group-47A9DBD71086-LeaderElection3174] INFO  impl.RaftServerImpl (RaftServerImpl.java:setRole(184)) - fbe6c37d-8446-44da-8aed-2f4bcb7dfa1d@group-47A9DBD71086: changes role from CANDIDATE to FOLLOWER at term 4 for DISCOVERED_A_NEW_TERM
2019-11-04 16:44:59,120 [fbe6c37d-8446-44da-8aed-2f4bcb7dfa1d@group-47A9DBD71086-LeaderElection3174] INFO  impl.RoleInfo (RoleInfo.java:shutdownLeaderElection(134)) - fbe6c37d-8446-44da-8aed-2f4bcb7dfa1d: shutdown LeaderElection
2019-11-04 16:44:59,120 [fbe6c37d-8446-44da-8aed-2f4bcb7dfa1d@group-47A9DBD71086-LeaderElection3174] INFO  impl.RoleInfo (RoleInfo.java:updateAndGet(143)) - fbe6c37d-8446-44da-8aed-2f4bcb7dfa1d: start FollowerState
2019-11-04 16:44:59,264 [f211638a-2c6b-4b58-9a41-810c99451672@group-47A9DBD71086-LeaderElection3170] INFO  impl.LeaderElection (LeaderElection.java:logAndReturn(56)) - f211638a-2c6b-4b58-9a41-810c99451672@group-47A9DBD71086-LeaderElection3170: Election TIMEOUT; received 0 response(s) [] and 1 exception(s); f211638a-2c6b-4b58-9a41-810c99451672@group-47A9DBD71086:t4, leader=null, voted=f211638a-2c6b-4b58-9a41-810c99451672, raftlog=f211638a-2c6b-4b58-9a41-810c99451672@group-47A9DBD71086-SegmentedRaftLog:OPENED:c-1,f0,i0, conf=0: [f211638a-2c6b-4b58-9a41-810c99451672:192.168.157.194:34889, fde56d24-c59c-4768-b7bb-458466c8bfd3:192.168.157.194:38692, fbe6c37d-8446-44da-8aed-2f4bcb7dfa1d:192.168.157.194:33200], old=null
2019-11-04 16:44:59,264 [f211638a-2c6b-4b58-9a41-810c99451672@group-47A9DBD71086-LeaderElection3170] INFO  impl.LeaderElection (LogUtils.java:infoOrTrace(149)) -   Exception 0: {}
java.util.concurrent.ExecutionException: org.apache.ratis.thirdparty.io.grpc.StatusRuntimeException: UNAVAILABLE: io exception
	at java.util.concurrent.FutureTask.report(FutureTask.java:122)
	at java.util.concurrent.FutureTask.get(FutureTask.java:192)
	at org.apache.ratis.server.impl.LeaderElection.waitForResults(LeaderElection.java:259)
	at org.apache.ratis.server.impl.LeaderElection.askForVotes(LeaderElection.java:197)
	at org.apache.ratis.server.impl.LeaderElection.run(LeaderElection.java:133)
	at java.lang.Thread.run(Thread.java:748)
Caused by: org.apache.ratis.thirdparty.io.grpc.StatusRuntimeException: UNAVAILABLE: io exception
	at org.apache.ratis.thirdparty.io.grpc.stub.ClientCalls.toStatusRuntimeException(ClientCalls.java:233)
	at org.apache.ratis.thirdparty.io.grpc.stub.ClientCalls.getUnchecked(ClientCalls.java:214)
	at org.apache.ratis.thirdparty.io.grpc.stub.ClientCalls.blockingUnaryCall(ClientCalls.java:139)
	at org.apache.ratis.proto.grpc.RaftServerProtocolServiceGrpc$RaftServerProtocolServiceBlockingStub.requestVote(RaftServerProtocolServiceGrpc.java:265)
	at org.apache.ratis.grpc.server.GrpcServerProtocolClient.requestVote(GrpcServerProtocolClient.java:99)
	at org.apache.ratis.grpc.server.GrpcService.requestVote(GrpcService.java:204)
	at org.apache.ratis.server.impl.LeaderElection.lambda$submitRequests$1(LeaderElection.java:234)
	at java.util.concurrent.FutureTask.run(FutureTask.java:266)
	at java.util.concurrent.Executors$RunnableAdapter.call(Executors.java:511)
	at java.util.concurrent.FutureTask.run(FutureTask.java:266)
	at java.util.concurrent.ThreadPoolExecutor.runWorker(ThreadPoolExecutor.java:1149)
	at java.util.concurrent.ThreadPoolExecutor$Worker.run(ThreadPoolExecutor.java:624)
	... 1 more
Caused by: org.apache.ratis.thirdparty.io.netty.channel.AbstractChannel$AnnotatedConnectException: Connection refused: /192.168.157.194:38692
	at sun.nio.ch.SocketChannelImpl.checkConnect(Native Method)
	at sun.nio.ch.SocketChannelImpl.finishConnect(SocketChannelImpl.java:717)
	at org.apache.ratis.thirdparty.io.netty.channel.socket.nio.NioSocketChannel.doFinishConnect(NioSocketChannel.java:327)
	at org.apache.ratis.thirdparty.io.netty.channel.nio.AbstractNioChannel$AbstractNioUnsafe.finishConnect(AbstractNioChannel.java:340)
	at org.apache.ratis.thirdparty.io.netty.channel.nio.NioEventLoop.processSelectedKey(NioEventLoop.java:632)
	at org.apache.ratis.thirdparty.io.netty.channel.nio.NioEventLoop.processSelectedKeysOptimized(NioEventLoop.java:579)
	at org.apache.ratis.thirdparty.io.netty.channel.nio.NioEventLoop.processSelectedKeys(NioEventLoop.java:496)
	at org.apache.ratis.thirdparty.io.netty.channel.nio.NioEventLoop.run(NioEventLoop.java:458)
	at org.apache.ratis.thirdparty.io.netty.util.concurrent.SingleThreadEventExecutor$5.run(SingleThreadEventExecutor.java:897)
	at org.apache.ratis.thirdparty.io.netty.util.concurrent.FastThreadLocalRunnable.run(FastThreadLocalRunnable.java:30)
	... 1 more
Caused by: java.net.ConnectException: Connection refused
	... 11 more
2019-11-04 16:44:59,278 [f211638a-2c6b-4b58-9a41-810c99451672@group-47A9DBD71086-LeaderElection3170] INFO  impl.LeaderElection (LeaderElection.java:askForVotes(178)) - f211638a-2c6b-4b58-9a41-810c99451672@group-47A9DBD71086-LeaderElection3170: begin an election at term 5 for 0: [f211638a-2c6b-4b58-9a41-810c99451672:192.168.157.194:34889, fde56d24-c59c-4768-b7bb-458466c8bfd3:192.168.157.194:38692, fbe6c37d-8446-44da-8aed-2f4bcb7dfa1d:192.168.157.194:33200], old=null
2019-11-04 16:44:59,279 [f211638a-2c6b-4b58-9a41-810c99451672@group-47A9DBD71086-LeaderElection3170] INFO  impl.LeaderElection (LogUtils.java:infoOrTrace(149)) - f211638a-2c6b-4b58-9a41-810c99451672@group-47A9DBD71086-LeaderElection3170 got exception when requesting votes: {}
java.util.concurrent.ExecutionException: org.apache.ratis.thirdparty.io.grpc.StatusRuntimeException: UNAVAILABLE: io exception
	at java.util.concurrent.FutureTask.report(FutureTask.java:122)
	at java.util.concurrent.FutureTask.get(FutureTask.java:192)
	at org.apache.ratis.server.impl.LeaderElection.waitForResults(LeaderElection.java:259)
	at org.apache.ratis.server.impl.LeaderElection.askForVotes(LeaderElection.java:197)
	at org.apache.ratis.server.impl.LeaderElection.run(LeaderElection.java:133)
	at java.lang.Thread.run(Thread.java:748)
Caused by: org.apache.ratis.thirdparty.io.grpc.StatusRuntimeException: UNAVAILABLE: io exception
	at org.apache.ratis.thirdparty.io.grpc.stub.ClientCalls.toStatusRuntimeException(ClientCalls.java:233)
	at org.apache.ratis.thirdparty.io.grpc.stub.ClientCalls.getUnchecked(ClientCalls.java:214)
	at org.apache.ratis.thirdparty.io.grpc.stub.ClientCalls.blockingUnaryCall(ClientCalls.java:139)
	at org.apache.ratis.proto.grpc.RaftServerProtocolServiceGrpc$RaftServerProtocolServiceBlockingStub.requestVote(RaftServerProtocolServiceGrpc.java:265)
	at org.apache.ratis.grpc.server.GrpcServerProtocolClient.requestVote(GrpcServerProtocolClient.java:99)
	at org.apache.ratis.grpc.server.GrpcService.requestVote(GrpcService.java:204)
	at org.apache.ratis.server.impl.LeaderElection.lambda$submitRequests$1(LeaderElection.java:234)
	at java.util.concurrent.FutureTask.run(FutureTask.java:266)
	at java.util.concurrent.Executors$RunnableAdapter.call(Executors.java:511)
	at java.util.concurrent.FutureTask.run(FutureTask.java:266)
	at java.util.concurrent.ThreadPoolExecutor.runWorker(ThreadPoolExecutor.java:1149)
	at java.util.concurrent.ThreadPoolExecutor$Worker.run(ThreadPoolExecutor.java:624)
	... 1 more
Caused by: org.apache.ratis.thirdparty.io.netty.channel.AbstractChannel$AnnotatedConnectException: Connection refused: /192.168.157.194:38692
	at sun.nio.ch.SocketChannelImpl.checkConnect(Native Method)
	at sun.nio.ch.SocketChannelImpl.finishConnect(SocketChannelImpl.java:717)
	at org.apache.ratis.thirdparty.io.netty.channel.socket.nio.NioSocketChannel.doFinishConnect(NioSocketChannel.java:327)
	at org.apache.ratis.thirdparty.io.netty.channel.nio.AbstractNioChannel$AbstractNioUnsafe.finishConnect(AbstractNioChannel.java:340)
	at org.apache.ratis.thirdparty.io.netty.channel.nio.NioEventLoop.processSelectedKey(NioEventLoop.java:632)
	at org.apache.ratis.thirdparty.io.netty.channel.nio.NioEventLoop.processSelectedKeysOptimized(NioEventLoop.java:579)
	at org.apache.ratis.thirdparty.io.netty.channel.nio.NioEventLoop.processSelectedKeys(NioEventLoop.java:496)
	at org.apache.ratis.thirdparty.io.netty.channel.nio.NioEventLoop.run(NioEventLoop.java:458)
	at org.apache.ratis.thirdparty.io.netty.util.concurrent.SingleThreadEventExecutor$5.run(SingleThreadEventExecutor.java:897)
	at org.apache.ratis.thirdparty.io.netty.util.concurrent.FastThreadLocalRunnable.run(FastThreadLocalRunnable.java:30)
	... 1 more
Caused by: java.net.ConnectException: Connection refused
	... 11 more
2019-11-04 16:44:59,360 [Thread-21257] INFO  impl.FollowerState (FollowerState.java:run(108)) - fbe6c37d-8446-44da-8aed-2f4bcb7dfa1d@group-ED8F2B9D61A7-FollowerState: change to CANDIDATE, lastRpcTime:1132ms, electionTimeout:1132ms
2019-11-04 16:44:59,361 [Thread-21257] INFO  impl.RoleInfo (RoleInfo.java:shutdownFollowerState(121)) - fbe6c37d-8446-44da-8aed-2f4bcb7dfa1d: shutdown FollowerState
2019-11-04 16:44:59,361 [Thread-21257] INFO  impl.RaftServerImpl (RaftServerImpl.java:setRole(184)) - fbe6c37d-8446-44da-8aed-2f4bcb7dfa1d@group-ED8F2B9D61A7: changes role from  FOLLOWER to CANDIDATE at term 3 for changeToCandidate
2019-11-04 16:44:59,361 [Thread-21257] INFO  impl.RoleInfo (RoleInfo.java:updateAndGet(143)) - fbe6c37d-8446-44da-8aed-2f4bcb7dfa1d: start LeaderElection
2019-11-04 16:44:59,376 [fbe6c37d-8446-44da-8aed-2f4bcb7dfa1d@group-ED8F2B9D61A7-LeaderElection3175] INFO  impl.LeaderElection (LeaderElection.java:askForVotes(178)) - fbe6c37d-8446-44da-8aed-2f4bcb7dfa1d@group-ED8F2B9D61A7-LeaderElection3175: begin an election at term 4 for -1: [f211638a-2c6b-4b58-9a41-810c99451672:192.168.157.194:34889, fde56d24-c59c-4768-b7bb-458466c8bfd3:192.168.157.194:38692, fbe6c37d-8446-44da-8aed-2f4bcb7dfa1d:192.168.157.194:33200], old=null
2019-11-04 16:44:59,377 [fbe6c37d-8446-44da-8aed-2f4bcb7dfa1d@group-ED8F2B9D61A7-LeaderElection3175] INFO  impl.LeaderElection (LogUtils.java:infoOrTrace(149)) - fbe6c37d-8446-44da-8aed-2f4bcb7dfa1d@group-ED8F2B9D61A7-LeaderElection3175 got exception when requesting votes: {}
java.util.concurrent.ExecutionException: org.apache.ratis.thirdparty.io.grpc.StatusRuntimeException: UNAVAILABLE: io exception
	at java.util.concurrent.FutureTask.report(FutureTask.java:122)
	at java.util.concurrent.FutureTask.get(FutureTask.java:192)
	at org.apache.ratis.server.impl.LeaderElection.waitForResults(LeaderElection.java:259)
	at org.apache.ratis.server.impl.LeaderElection.askForVotes(LeaderElection.java:197)
	at org.apache.ratis.server.impl.LeaderElection.run(LeaderElection.java:133)
	at java.lang.Thread.run(Thread.java:748)
Caused by: org.apache.ratis.thirdparty.io.grpc.StatusRuntimeException: UNAVAILABLE: io exception
	at org.apache.ratis.thirdparty.io.grpc.stub.ClientCalls.toStatusRuntimeException(ClientCalls.java:233)
	at org.apache.ratis.thirdparty.io.grpc.stub.ClientCalls.getUnchecked(ClientCalls.java:214)
	at org.apache.ratis.thirdparty.io.grpc.stub.ClientCalls.blockingUnaryCall(ClientCalls.java:139)
	at org.apache.ratis.proto.grpc.RaftServerProtocolServiceGrpc$RaftServerProtocolServiceBlockingStub.requestVote(RaftServerProtocolServiceGrpc.java:265)
	at org.apache.ratis.grpc.server.GrpcServerProtocolClient.requestVote(GrpcServerProtocolClient.java:99)
	at org.apache.ratis.grpc.server.GrpcService.requestVote(GrpcService.java:204)
	at org.apache.ratis.server.impl.LeaderElection.lambda$submitRequests$1(LeaderElection.java:234)
	at java.util.concurrent.FutureTask.run(FutureTask.java:266)
	at java.util.concurrent.Executors$RunnableAdapter.call(Executors.java:511)
	at java.util.concurrent.FutureTask.run(FutureTask.java:266)
	at java.util.concurrent.ThreadPoolExecutor.runWorker(ThreadPoolExecutor.java:1149)
	at java.util.concurrent.ThreadPoolExecutor$Worker.run(ThreadPoolExecutor.java:624)
	... 1 more
Caused by: org.apache.ratis.thirdparty.io.netty.channel.AbstractChannel$AnnotatedConnectException: Connection refused: /192.168.157.194:38692
	at sun.nio.ch.SocketChannelImpl.checkConnect(Native Method)
	at sun.nio.ch.SocketChannelImpl.finishConnect(SocketChannelImpl.java:717)
	at org.apache.ratis.thirdparty.io.netty.channel.socket.nio.NioSocketChannel.doFinishConnect(NioSocketChannel.java:327)
	at org.apache.ratis.thirdparty.io.netty.channel.nio.AbstractNioChannel$AbstractNioUnsafe.finishConnect(AbstractNioChannel.java:340)
	at org.apache.ratis.thirdparty.io.netty.channel.nio.NioEventLoop.processSelectedKey(NioEventLoop.java:632)
	at org.apache.ratis.thirdparty.io.netty.channel.nio.NioEventLoop.processSelectedKeysOptimized(NioEventLoop.java:579)
	at org.apache.ratis.thirdparty.io.netty.channel.nio.NioEventLoop.processSelectedKeys(NioEventLoop.java:496)
	at org.apache.ratis.thirdparty.io.netty.channel.nio.NioEventLoop.run(NioEventLoop.java:458)
	at org.apache.ratis.thirdparty.io.netty.util.concurrent.SingleThreadEventExecutor$5.run(SingleThreadEventExecutor.java:897)
	at org.apache.ratis.thirdparty.io.netty.util.concurrent.FastThreadLocalRunnable.run(FastThreadLocalRunnable.java:30)
	... 1 more
Caused by: java.net.ConnectException: Connection refused
	... 11 more
2019-11-04 16:44:59,378 [fbe6c37d-8446-44da-8aed-2f4bcb7dfa1d@group-ED8F2B9D61A7-LeaderElection3175] INFO  impl.LeaderElection (LeaderElection.java:logAndReturn(56)) - fbe6c37d-8446-44da-8aed-2f4bcb7dfa1d@group-ED8F2B9D61A7-LeaderElection3175: Election REJECTED; received 1 response(s) [fbe6c37d-8446-44da-8aed-2f4bcb7dfa1d<-f211638a-2c6b-4b58-9a41-810c99451672#0:FAIL-t4] and 1 exception(s); fbe6c37d-8446-44da-8aed-2f4bcb7dfa1d@group-ED8F2B9D61A7:t4, leader=null, voted=fbe6c37d-8446-44da-8aed-2f4bcb7dfa1d, raftlog=fbe6c37d-8446-44da-8aed-2f4bcb7dfa1d@group-ED8F2B9D61A7-SegmentedRaftLog:OPENED:c-1,f-1,i0, conf=-1: [f211638a-2c6b-4b58-9a41-810c99451672:192.168.157.194:34889, fde56d24-c59c-4768-b7bb-458466c8bfd3:192.168.157.194:38692, fbe6c37d-8446-44da-8aed-2f4bcb7dfa1d:192.168.157.194:33200], old=null
2019-11-04 16:44:59,378 [fbe6c37d-8446-44da-8aed-2f4bcb7dfa1d@group-ED8F2B9D61A7-LeaderElection3175] INFO  impl.LeaderElection (LogUtils.java:infoOrTrace(149)) -   Exception 0: {}
java.util.concurrent.ExecutionException: org.apache.ratis.thirdparty.io.grpc.StatusRuntimeException: UNAVAILABLE: io exception
	at java.util.concurrent.FutureTask.report(FutureTask.java:122)
	at java.util.concurrent.FutureTask.get(FutureTask.java:192)
	at org.apache.ratis.server.impl.LeaderElection.waitForResults(LeaderElection.java:259)
	at org.apache.ratis.server.impl.LeaderElection.askForVotes(LeaderElection.java:197)
	at org.apache.ratis.server.impl.LeaderElection.run(LeaderElection.java:133)
	at java.lang.Thread.run(Thread.java:748)
Caused by: org.apache.ratis.thirdparty.io.grpc.StatusRuntimeException: UNAVAILABLE: io exception
	at org.apache.ratis.thirdparty.io.grpc.stub.ClientCalls.toStatusRuntimeException(ClientCalls.java:233)
	at org.apache.ratis.thirdparty.io.grpc.stub.ClientCalls.getUnchecked(ClientCalls.java:214)
	at org.apache.ratis.thirdparty.io.grpc.stub.ClientCalls.blockingUnaryCall(ClientCalls.java:139)
	at org.apache.ratis.proto.grpc.RaftServerProtocolServiceGrpc$RaftServerProtocolServiceBlockingStub.requestVote(RaftServerProtocolServiceGrpc.java:265)
	at org.apache.ratis.grpc.server.GrpcServerProtocolClient.requestVote(GrpcServerProtocolClient.java:99)
	at org.apache.ratis.grpc.server.GrpcService.requestVote(GrpcService.java:204)
	at org.apache.ratis.server.impl.LeaderElection.lambda$submitRequests$1(LeaderElection.java:234)
	at java.util.concurrent.FutureTask.run(FutureTask.java:266)
	at java.util.concurrent.Executors$RunnableAdapter.call(Executors.java:511)
	at java.util.concurrent.FutureTask.run(FutureTask.java:266)
	at java.util.concurrent.ThreadPoolExecutor.runWorker(ThreadPoolExecutor.java:1149)
	at java.util.concurrent.ThreadPoolExecutor$Worker.run(ThreadPoolExecutor.java:624)
	... 1 more
Caused by: org.apache.ratis.thirdparty.io.netty.channel.AbstractChannel$AnnotatedConnectException: Connection refused: /192.168.157.194:38692
	at sun.nio.ch.SocketChannelImpl.checkConnect(Native Method)
	at sun.nio.ch.SocketChannelImpl.finishConnect(SocketChannelImpl.java:717)
	at org.apache.ratis.thirdparty.io.netty.channel.socket.nio.NioSocketChannel.doFinishConnect(NioSocketChannel.java:327)
	at org.apache.ratis.thirdparty.io.netty.channel.nio.AbstractNioChannel$AbstractNioUnsafe.finishConnect(AbstractNioChannel.java:340)
	at org.apache.ratis.thirdparty.io.netty.channel.nio.NioEventLoop.processSelectedKey(NioEventLoop.java:632)
	at org.apache.ratis.thirdparty.io.netty.channel.nio.NioEventLoop.processSelectedKeysOptimized(NioEventLoop.java:579)
	at org.apache.ratis.thirdparty.io.netty.channel.nio.NioEventLoop.processSelectedKeys(NioEventLoop.java:496)
	at org.apache.ratis.thirdparty.io.netty.channel.nio.NioEventLoop.run(NioEventLoop.java:458)
	at org.apache.ratis.thirdparty.io.netty.util.concurrent.SingleThreadEventExecutor$5.run(SingleThreadEventExecutor.java:897)
	at org.apache.ratis.thirdparty.io.netty.util.concurrent.FastThreadLocalRunnable.run(FastThreadLocalRunnable.java:30)
	... 1 more
Caused by: java.net.ConnectException: Connection refused
	... 11 more
2019-11-04 16:44:59,378 [fbe6c37d-8446-44da-8aed-2f4bcb7dfa1d@group-ED8F2B9D61A7-LeaderElection3175] INFO  impl.RaftServerImpl (RaftServerImpl.java:setRole(184)) - fbe6c37d-8446-44da-8aed-2f4bcb7dfa1d@group-ED8F2B9D61A7: changes role from CANDIDATE to FOLLOWER at term 4 for DISCOVERED_A_NEW_TERM
2019-11-04 16:44:59,378 [fbe6c37d-8446-44da-8aed-2f4bcb7dfa1d@group-ED8F2B9D61A7-LeaderElection3175] INFO  impl.RoleInfo (RoleInfo.java:shutdownLeaderElection(134)) - fbe6c37d-8446-44da-8aed-2f4bcb7dfa1d: shutdown LeaderElection
2019-11-04 16:44:59,378 [fbe6c37d-8446-44da-8aed-2f4bcb7dfa1d@group-ED8F2B9D61A7-LeaderElection3175] INFO  impl.RoleInfo (RoleInfo.java:updateAndGet(143)) - fbe6c37d-8446-44da-8aed-2f4bcb7dfa1d: start FollowerState
2019-11-04 16:44:59,507 [f211638a-2c6b-4b58-9a41-810c99451672@group-ED8F2B9D61A7-LeaderElection3171] INFO  impl.LeaderElection (LeaderElection.java:logAndReturn(56)) - f211638a-2c6b-4b58-9a41-810c99451672@group-ED8F2B9D61A7-LeaderElection3171: Election TIMEOUT; received 0 response(s) [] and 1 exception(s); f211638a-2c6b-4b58-9a41-810c99451672@group-ED8F2B9D61A7:t4, leader=null, voted=f211638a-2c6b-4b58-9a41-810c99451672, raftlog=f211638a-2c6b-4b58-9a41-810c99451672@group-ED8F2B9D61A7-SegmentedRaftLog:OPENED:c0,f0,i0, conf=0: [f211638a-2c6b-4b58-9a41-810c99451672:192.168.157.194:34889, fde56d24-c59c-4768-b7bb-458466c8bfd3:192.168.157.194:38692, fbe6c37d-8446-44da-8aed-2f4bcb7dfa1d:192.168.157.194:33200], old=null
2019-11-04 16:44:59,508 [f211638a-2c6b-4b58-9a41-810c99451672@group-ED8F2B9D61A7-LeaderElection3171] INFO  impl.LeaderElection (LogUtils.java:infoOrTrace(149)) -   Exception 0: {}
java.util.concurrent.ExecutionException: org.apache.ratis.thirdparty.io.grpc.StatusRuntimeException: UNAVAILABLE: io exception
	at java.util.concurrent.FutureTask.report(FutureTask.java:122)
	at java.util.concurrent.FutureTask.get(FutureTask.java:192)
	at org.apache.ratis.server.impl.LeaderElection.waitForResults(LeaderElection.java:259)
	at org.apache.ratis.server.impl.LeaderElection.askForVotes(LeaderElection.java:197)
	at org.apache.ratis.server.impl.LeaderElection.run(LeaderElection.java:133)
	at java.lang.Thread.run(Thread.java:748)
Caused by: org.apache.ratis.thirdparty.io.grpc.StatusRuntimeException: UNAVAILABLE: io exception
	at org.apache.ratis.thirdparty.io.grpc.stub.ClientCalls.toStatusRuntimeException(ClientCalls.java:233)
	at org.apache.ratis.thirdparty.io.grpc.stub.ClientCalls.getUnchecked(ClientCalls.java:214)
	at org.apache.ratis.thirdparty.io.grpc.stub.ClientCalls.blockingUnaryCall(ClientCalls.java:139)
	at org.apache.ratis.proto.grpc.RaftServerProtocolServiceGrpc$RaftServerProtocolServiceBlockingStub.requestVote(RaftServerProtocolServiceGrpc.java:265)
	at org.apache.ratis.grpc.server.GrpcServerProtocolClient.requestVote(GrpcServerProtocolClient.java:99)
	at org.apache.ratis.grpc.server.GrpcService.requestVote(GrpcService.java:204)
	at org.apache.ratis.server.impl.LeaderElection.lambda$submitRequests$1(LeaderElection.java:234)
	at java.util.concurrent.FutureTask.run(FutureTask.java:266)
	at java.util.concurrent.Executors$RunnableAdapter.call(Executors.java:511)
	at java.util.concurrent.FutureTask.run(FutureTask.java:266)
	at java.util.concurrent.ThreadPoolExecutor.runWorker(ThreadPoolExecutor.java:1149)
	at java.util.concurrent.ThreadPoolExecutor$Worker.run(ThreadPoolExecutor.java:624)
	... 1 more
Caused by: org.apache.ratis.thirdparty.io.netty.channel.AbstractChannel$AnnotatedConnectException: Connection refused: /192.168.157.194:38692
	at sun.nio.ch.SocketChannelImpl.checkConnect(Native Method)
	at sun.nio.ch.SocketChannelImpl.finishConnect(SocketChannelImpl.java:717)
	at org.apache.ratis.thirdparty.io.netty.channel.socket.nio.NioSocketChannel.doFinishConnect(NioSocketChannel.java:327)
	at org.apache.ratis.thirdparty.io.netty.channel.nio.AbstractNioChannel$AbstractNioUnsafe.finishConnect(AbstractNioChannel.java:340)
	at org.apache.ratis.thirdparty.io.netty.channel.nio.NioEventLoop.processSelectedKey(NioEventLoop.java:632)
	at org.apache.ratis.thirdparty.io.netty.channel.nio.NioEventLoop.processSelectedKeysOptimized(NioEventLoop.java:579)
	at org.apache.ratis.thirdparty.io.netty.channel.nio.NioEventLoop.processSelectedKeys(NioEventLoop.java:496)
	at org.apache.ratis.thirdparty.io.netty.channel.nio.NioEventLoop.run(NioEventLoop.java:458)
	at org.apache.ratis.thirdparty.io.netty.util.concurrent.SingleThreadEventExecutor$5.run(SingleThreadEventExecutor.java:897)
	at org.apache.ratis.thirdparty.io.netty.util.concurrent.FastThreadLocalRunnable.run(FastThreadLocalRunnable.java:30)
	... 1 more
Caused by: java.net.ConnectException: Connection refused
	... 11 more
2019-11-04 16:44:59,521 [f211638a-2c6b-4b58-9a41-810c99451672@group-ED8F2B9D61A7-LeaderElection3171] INFO  impl.LeaderElection (LeaderElection.java:askForVotes(178)) - f211638a-2c6b-4b58-9a41-810c99451672@group-ED8F2B9D61A7-LeaderElection3171: begin an election at term 5 for 0: [f211638a-2c6b-4b58-9a41-810c99451672:192.168.157.194:34889, fde56d24-c59c-4768-b7bb-458466c8bfd3:192.168.157.194:38692, fbe6c37d-8446-44da-8aed-2f4bcb7dfa1d:192.168.157.194:33200], old=null
2019-11-04 16:44:59,522 [f211638a-2c6b-4b58-9a41-810c99451672@group-ED8F2B9D61A7-LeaderElection3171] INFO  impl.LeaderElection (LogUtils.java:infoOrTrace(149)) - f211638a-2c6b-4b58-9a41-810c99451672@group-ED8F2B9D61A7-LeaderElection3171 got exception when requesting votes: {}
java.util.concurrent.ExecutionException: org.apache.ratis.thirdparty.io.grpc.StatusRuntimeException: UNAVAILABLE: io exception
	at java.util.concurrent.FutureTask.report(FutureTask.java:122)
	at java.util.concurrent.FutureTask.get(FutureTask.java:192)
	at org.apache.ratis.server.impl.LeaderElection.waitForResults(LeaderElection.java:259)
	at org.apache.ratis.server.impl.LeaderElection.askForVotes(LeaderElection.java:197)
	at org.apache.ratis.server.impl.LeaderElection.run(LeaderElection.java:133)
	at java.lang.Thread.run(Thread.java:748)
Caused by: org.apache.ratis.thirdparty.io.grpc.StatusRuntimeException: UNAVAILABLE: io exception
	at org.apache.ratis.thirdparty.io.grpc.stub.ClientCalls.toStatusRuntimeException(ClientCalls.java:233)
	at org.apache.ratis.thirdparty.io.grpc.stub.ClientCalls.getUnchecked(ClientCalls.java:214)
	at org.apache.ratis.thirdparty.io.grpc.stub.ClientCalls.blockingUnaryCall(ClientCalls.java:139)
	at org.apache.ratis.proto.grpc.RaftServerProtocolServiceGrpc$RaftServerProtocolServiceBlockingStub.requestVote(RaftServerProtocolServiceGrpc.java:265)
	at org.apache.ratis.grpc.server.GrpcServerProtocolClient.requestVote(GrpcServerProtocolClient.java:99)
	at org.apache.ratis.grpc.server.GrpcService.requestVote(GrpcService.java:204)
	at org.apache.ratis.server.impl.LeaderElection.lambda$submitRequests$1(LeaderElection.java:234)
	at java.util.concurrent.FutureTask.run(FutureTask.java:266)
	at java.util.concurrent.Executors$RunnableAdapter.call(Executors.java:511)
	at java.util.concurrent.FutureTask.run(FutureTask.java:266)
	at java.util.concurrent.ThreadPoolExecutor.runWorker(ThreadPoolExecutor.java:1149)
	at java.util.concurrent.ThreadPoolExecutor$Worker.run(ThreadPoolExecutor.java:624)
	... 1 more
Caused by: org.apache.ratis.thirdparty.io.netty.channel.AbstractChannel$AnnotatedConnectException: Connection refused: /192.168.157.194:38692
	at sun.nio.ch.SocketChannelImpl.checkConnect(Native Method)
	at sun.nio.ch.SocketChannelImpl.finishConnect(SocketChannelImpl.java:717)
	at org.apache.ratis.thirdparty.io.netty.channel.socket.nio.NioSocketChannel.doFinishConnect(NioSocketChannel.java:327)
	at org.apache.ratis.thirdparty.io.netty.channel.nio.AbstractNioChannel$AbstractNioUnsafe.finishConnect(AbstractNioChannel.java:340)
	at org.apache.ratis.thirdparty.io.netty.channel.nio.NioEventLoop.processSelectedKey(NioEventLoop.java:632)
	at org.apache.ratis.thirdparty.io.netty.channel.nio.NioEventLoop.processSelectedKeysOptimized(NioEventLoop.java:579)
	at org.apache.ratis.thirdparty.io.netty.channel.nio.NioEventLoop.processSelectedKeys(NioEventLoop.java:496)
	at org.apache.ratis.thirdparty.io.netty.channel.nio.NioEventLoop.run(NioEventLoop.java:458)
	at org.apache.ratis.thirdparty.io.netty.util.concurrent.SingleThreadEventExecutor$5.run(SingleThreadEventExecutor.java:897)
	at org.apache.ratis.thirdparty.io.netty.util.concurrent.FastThreadLocalRunnable.run(FastThreadLocalRunnable.java:30)
	... 1 more
Caused by: java.net.ConnectException: Connection refused
	... 11 more
2019-11-04 16:45:00,127 [Thread-21265] INFO  impl.FollowerState (FollowerState.java:run(108)) - fbe6c37d-8446-44da-8aed-2f4bcb7dfa1d@group-47A9DBD71086-FollowerState: change to CANDIDATE, lastRpcTime:1006ms, electionTimeout:1006ms
2019-11-04 16:45:00,127 [Thread-21265] INFO  impl.RoleInfo (RoleInfo.java:shutdownFollowerState(121)) - fbe6c37d-8446-44da-8aed-2f4bcb7dfa1d: shutdown FollowerState
2019-11-04 16:45:00,127 [Thread-21265] INFO  impl.RaftServerImpl (RaftServerImpl.java:setRole(184)) - fbe6c37d-8446-44da-8aed-2f4bcb7dfa1d@group-47A9DBD71086: changes role from  FOLLOWER to CANDIDATE at term 4 for changeToCandidate
2019-11-04 16:45:00,127 [Thread-21265] INFO  impl.RoleInfo (RoleInfo.java:updateAndGet(143)) - fbe6c37d-8446-44da-8aed-2f4bcb7dfa1d: start LeaderElection
2019-11-04 16:45:00,142 [fbe6c37d-8446-44da-8aed-2f4bcb7dfa1d@group-47A9DBD71086-LeaderElection3176] INFO  impl.LeaderElection (LeaderElection.java:askForVotes(178)) - fbe6c37d-8446-44da-8aed-2f4bcb7dfa1d@group-47A9DBD71086-LeaderElection3176: begin an election at term 5 for -1: [f211638a-2c6b-4b58-9a41-810c99451672:192.168.157.194:34889, fde56d24-c59c-4768-b7bb-458466c8bfd3:192.168.157.194:38692, fbe6c37d-8446-44da-8aed-2f4bcb7dfa1d:192.168.157.194:33200], old=null
2019-11-04 16:45:00,142 [fbe6c37d-8446-44da-8aed-2f4bcb7dfa1d@group-47A9DBD71086-LeaderElection3176] INFO  impl.LeaderElection (LogUtils.java:infoOrTrace(149)) - fbe6c37d-8446-44da-8aed-2f4bcb7dfa1d@group-47A9DBD71086-LeaderElection3176 got exception when requesting votes: {}
java.util.concurrent.ExecutionException: org.apache.ratis.thirdparty.io.grpc.StatusRuntimeException: UNAVAILABLE: io exception
	at java.util.concurrent.FutureTask.report(FutureTask.java:122)
	at java.util.concurrent.FutureTask.get(FutureTask.java:192)
	at org.apache.ratis.server.impl.LeaderElection.waitForResults(LeaderElection.java:259)
	at org.apache.ratis.server.impl.LeaderElection.askForVotes(LeaderElection.java:197)
	at org.apache.ratis.server.impl.LeaderElection.run(LeaderElection.java:133)
	at java.lang.Thread.run(Thread.java:748)
Caused by: org.apache.ratis.thirdparty.io.grpc.StatusRuntimeException: UNAVAILABLE: io exception
	at org.apache.ratis.thirdparty.io.grpc.stub.ClientCalls.toStatusRuntimeException(ClientCalls.java:233)
	at org.apache.ratis.thirdparty.io.grpc.stub.ClientCalls.getUnchecked(ClientCalls.java:214)
	at org.apache.ratis.thirdparty.io.grpc.stub.ClientCalls.blockingUnaryCall(ClientCalls.java:139)
	at org.apache.ratis.proto.grpc.RaftServerProtocolServiceGrpc$RaftServerProtocolServiceBlockingStub.requestVote(RaftServerProtocolServiceGrpc.java:265)
	at org.apache.ratis.grpc.server.GrpcServerProtocolClient.requestVote(GrpcServerProtocolClient.java:99)
	at org.apache.ratis.grpc.server.GrpcService.requestVote(GrpcService.java:204)
	at org.apache.ratis.server.impl.LeaderElection.lambda$submitRequests$1(LeaderElection.java:234)
	at java.util.concurrent.FutureTask.run(FutureTask.java:266)
	at java.util.concurrent.Executors$RunnableAdapter.call(Executors.java:511)
	at java.util.concurrent.FutureTask.run(FutureTask.java:266)
	at java.util.concurrent.ThreadPoolExecutor.runWorker(ThreadPoolExecutor.java:1149)
	at java.util.concurrent.ThreadPoolExecutor$Worker.run(ThreadPoolExecutor.java:624)
	... 1 more
Caused by: org.apache.ratis.thirdparty.io.netty.channel.AbstractChannel$AnnotatedConnectException: Connection refused: /192.168.157.194:38692
	at sun.nio.ch.SocketChannelImpl.checkConnect(Native Method)
	at sun.nio.ch.SocketChannelImpl.finishConnect(SocketChannelImpl.java:717)
	at org.apache.ratis.thirdparty.io.netty.channel.socket.nio.NioSocketChannel.doFinishConnect(NioSocketChannel.java:327)
	at org.apache.ratis.thirdparty.io.netty.channel.nio.AbstractNioChannel$AbstractNioUnsafe.finishConnect(AbstractNioChannel.java:340)
	at org.apache.ratis.thirdparty.io.netty.channel.nio.NioEventLoop.processSelectedKey(NioEventLoop.java:632)
	at org.apache.ratis.thirdparty.io.netty.channel.nio.NioEventLoop.processSelectedKeysOptimized(NioEventLoop.java:579)
	at org.apache.ratis.thirdparty.io.netty.channel.nio.NioEventLoop.processSelectedKeys(NioEventLoop.java:496)
	at org.apache.ratis.thirdparty.io.netty.channel.nio.NioEventLoop.run(NioEventLoop.java:458)
	at org.apache.ratis.thirdparty.io.netty.util.concurrent.SingleThreadEventExecutor$5.run(SingleThreadEventExecutor.java:897)
	at org.apache.ratis.thirdparty.io.netty.util.concurrent.FastThreadLocalRunnable.run(FastThreadLocalRunnable.java:30)
	... 1 more
Caused by: java.net.ConnectException: Connection refused
	... 11 more
2019-11-04 16:45:00,144 [fbe6c37d-8446-44da-8aed-2f4bcb7dfa1d@group-47A9DBD71086-LeaderElection3176] INFO  impl.LeaderElection (LeaderElection.java:logAndReturn(56)) - fbe6c37d-8446-44da-8aed-2f4bcb7dfa1d@group-47A9DBD71086-LeaderElection3176: Election REJECTED; received 1 response(s) [fbe6c37d-8446-44da-8aed-2f4bcb7dfa1d<-f211638a-2c6b-4b58-9a41-810c99451672#0:FAIL-t5] and 1 exception(s); fbe6c37d-8446-44da-8aed-2f4bcb7dfa1d@group-47A9DBD71086:t5, leader=null, voted=fbe6c37d-8446-44da-8aed-2f4bcb7dfa1d, raftlog=fbe6c37d-8446-44da-8aed-2f4bcb7dfa1d@group-47A9DBD71086-SegmentedRaftLog:OPENED:c-1,f-1,i0, conf=-1: [f211638a-2c6b-4b58-9a41-810c99451672:192.168.157.194:34889, fde56d24-c59c-4768-b7bb-458466c8bfd3:192.168.157.194:38692, fbe6c37d-8446-44da-8aed-2f4bcb7dfa1d:192.168.157.194:33200], old=null
2019-11-04 16:45:00,144 [fbe6c37d-8446-44da-8aed-2f4bcb7dfa1d@group-47A9DBD71086-LeaderElection3176] INFO  impl.LeaderElection (LogUtils.java:infoOrTrace(149)) -   Exception 0: {}
java.util.concurrent.ExecutionException: org.apache.ratis.thirdparty.io.grpc.StatusRuntimeException: UNAVAILABLE: io exception
	at java.util.concurrent.FutureTask.report(FutureTask.java:122)
	at java.util.concurrent.FutureTask.get(FutureTask.java:192)
	at org.apache.ratis.server.impl.LeaderElection.waitForResults(LeaderElection.java:259)
	at org.apache.ratis.server.impl.LeaderElection.askForVotes(LeaderElection.java:197)
	at org.apache.ratis.server.impl.LeaderElection.run(LeaderElection.java:133)
	at java.lang.Thread.run(Thread.java:748)
Caused by: org.apache.ratis.thirdparty.io.grpc.StatusRuntimeException: UNAVAILABLE: io exception
	at org.apache.ratis.thirdparty.io.grpc.stub.ClientCalls.toStatusRuntimeException(ClientCalls.java:233)
	at org.apache.ratis.thirdparty.io.grpc.stub.ClientCalls.getUnchecked(ClientCalls.java:214)
	at org.apache.ratis.thirdparty.io.grpc.stub.ClientCalls.blockingUnaryCall(ClientCalls.java:139)
	at org.apache.ratis.proto.grpc.RaftServerProtocolServiceGrpc$RaftServerProtocolServiceBlockingStub.requestVote(RaftServerProtocolServiceGrpc.java:265)
	at org.apache.ratis.grpc.server.GrpcServerProtocolClient.requestVote(GrpcServerProtocolClient.java:99)
	at org.apache.ratis.grpc.server.GrpcService.requestVote(GrpcService.java:204)
	at org.apache.ratis.server.impl.LeaderElection.lambda$submitRequests$1(LeaderElection.java:234)
	at java.util.concurrent.FutureTask.run(FutureTask.java:266)
	at java.util.concurrent.Executors$RunnableAdapter.call(Executors.java:511)
	at java.util.concurrent.FutureTask.run(FutureTask.java:266)
	at java.util.concurrent.ThreadPoolExecutor.runWorker(ThreadPoolExecutor.java:1149)
	at java.util.concurrent.ThreadPoolExecutor$Worker.run(ThreadPoolExecutor.java:624)
	... 1 more
Caused by: org.apache.ratis.thirdparty.io.netty.channel.AbstractChannel$AnnotatedConnectException: Connection refused: /192.168.157.194:38692
	at sun.nio.ch.SocketChannelImpl.checkConnect(Native Method)
	at sun.nio.ch.SocketChannelImpl.finishConnect(SocketChannelImpl.java:717)
	at org.apache.ratis.thirdparty.io.netty.channel.socket.nio.NioSocketChannel.doFinishConnect(NioSocketChannel.java:327)
	at org.apache.ratis.thirdparty.io.netty.channel.nio.AbstractNioChannel$AbstractNioUnsafe.finishConnect(AbstractNioChannel.java:340)
	at org.apache.ratis.thirdparty.io.netty.channel.nio.NioEventLoop.processSelectedKey(NioEventLoop.java:632)
	at org.apache.ratis.thirdparty.io.netty.channel.nio.NioEventLoop.processSelectedKeysOptimized(NioEventLoop.java:579)
	at org.apache.ratis.thirdparty.io.netty.channel.nio.NioEventLoop.processSelectedKeys(NioEventLoop.java:496)
	at org.apache.ratis.thirdparty.io.netty.channel.nio.NioEventLoop.run(NioEventLoop.java:458)
	at org.apache.ratis.thirdparty.io.netty.util.concurrent.SingleThreadEventExecutor$5.run(SingleThreadEventExecutor.java:897)
	at org.apache.ratis.thirdparty.io.netty.util.concurrent.FastThreadLocalRunnable.run(FastThreadLocalRunnable.java:30)
	... 1 more
Caused by: java.net.ConnectException: Connection refused
	... 11 more
2019-11-04 16:45:00,144 [fbe6c37d-8446-44da-8aed-2f4bcb7dfa1d@group-47A9DBD71086-LeaderElection3176] INFO  impl.RaftServerImpl (RaftServerImpl.java:setRole(184)) - fbe6c37d-8446-44da-8aed-2f4bcb7dfa1d@group-47A9DBD71086: changes role from CANDIDATE to FOLLOWER at term 5 for DISCOVERED_A_NEW_TERM
2019-11-04 16:45:00,144 [fbe6c37d-8446-44da-8aed-2f4bcb7dfa1d@group-47A9DBD71086-LeaderElection3176] INFO  impl.RoleInfo (RoleInfo.java:shutdownLeaderElection(134)) - fbe6c37d-8446-44da-8aed-2f4bcb7dfa1d: shutdown LeaderElection
2019-11-04 16:45:00,144 [fbe6c37d-8446-44da-8aed-2f4bcb7dfa1d@group-47A9DBD71086-LeaderElection3176] INFO  impl.RoleInfo (RoleInfo.java:updateAndGet(143)) - fbe6c37d-8446-44da-8aed-2f4bcb7dfa1d: start FollowerState
2019-11-04 16:45:00,453 [f211638a-2c6b-4b58-9a41-810c99451672@group-47A9DBD71086-LeaderElection3170] INFO  impl.LeaderElection (LeaderElection.java:logAndReturn(56)) - f211638a-2c6b-4b58-9a41-810c99451672@group-47A9DBD71086-LeaderElection3170: Election TIMEOUT; received 0 response(s) [] and 1 exception(s); f211638a-2c6b-4b58-9a41-810c99451672@group-47A9DBD71086:t5, leader=null, voted=f211638a-2c6b-4b58-9a41-810c99451672, raftlog=f211638a-2c6b-4b58-9a41-810c99451672@group-47A9DBD71086-SegmentedRaftLog:OPENED:c-1,f0,i0, conf=0: [f211638a-2c6b-4b58-9a41-810c99451672:192.168.157.194:34889, fde56d24-c59c-4768-b7bb-458466c8bfd3:192.168.157.194:38692, fbe6c37d-8446-44da-8aed-2f4bcb7dfa1d:192.168.157.194:33200], old=null
2019-11-04 16:45:00,453 [f211638a-2c6b-4b58-9a41-810c99451672@group-47A9DBD71086-LeaderElection3170] INFO  impl.LeaderElection (LogUtils.java:infoOrTrace(149)) -   Exception 0: {}
java.util.concurrent.ExecutionException: org.apache.ratis.thirdparty.io.grpc.StatusRuntimeException: UNAVAILABLE: io exception
	at java.util.concurrent.FutureTask.report(FutureTask.java:122)
	at java.util.concurrent.FutureTask.get(FutureTask.java:192)
	at org.apache.ratis.server.impl.LeaderElection.waitForResults(LeaderElection.java:259)
	at org.apache.ratis.server.impl.LeaderElection.askForVotes(LeaderElection.java:197)
	at org.apache.ratis.server.impl.LeaderElection.run(LeaderElection.java:133)
	at java.lang.Thread.run(Thread.java:748)
Caused by: org.apache.ratis.thirdparty.io.grpc.StatusRuntimeException: UNAVAILABLE: io exception
	at org.apache.ratis.thirdparty.io.grpc.stub.ClientCalls.toStatusRuntimeException(ClientCalls.java:233)
	at org.apache.ratis.thirdparty.io.grpc.stub.ClientCalls.getUnchecked(ClientCalls.java:214)
	at org.apache.ratis.thirdparty.io.grpc.stub.ClientCalls.blockingUnaryCall(ClientCalls.java:139)
	at org.apache.ratis.proto.grpc.RaftServerProtocolServiceGrpc$RaftServerProtocolServiceBlockingStub.requestVote(RaftServerProtocolServiceGrpc.java:265)
	at org.apache.ratis.grpc.server.GrpcServerProtocolClient.requestVote(GrpcServerProtocolClient.java:99)
	at org.apache.ratis.grpc.server.GrpcService.requestVote(GrpcService.java:204)
	at org.apache.ratis.server.impl.LeaderElection.lambda$submitRequests$1(LeaderElection.java:234)
	at java.util.concurrent.FutureTask.run(FutureTask.java:266)
	at java.util.concurrent.Executors$RunnableAdapter.call(Executors.java:511)
	at java.util.concurrent.FutureTask.run(FutureTask.java:266)
	at java.util.concurrent.ThreadPoolExecutor.runWorker(ThreadPoolExecutor.java:1149)
	at java.util.concurrent.ThreadPoolExecutor$Worker.run(ThreadPoolExecutor.java:624)
	... 1 more
Caused by: org.apache.ratis.thirdparty.io.netty.channel.AbstractChannel$AnnotatedConnectException: Connection refused: /192.168.157.194:38692
	at sun.nio.ch.SocketChannelImpl.checkConnect(Native Method)
	at sun.nio.ch.SocketChannelImpl.finishConnect(SocketChannelImpl.java:717)
	at org.apache.ratis.thirdparty.io.netty.channel.socket.nio.NioSocketChannel.doFinishConnect(NioSocketChannel.java:327)
	at org.apache.ratis.thirdparty.io.netty.channel.nio.AbstractNioChannel$AbstractNioUnsafe.finishConnect(AbstractNioChannel.java:340)
	at org.apache.ratis.thirdparty.io.netty.channel.nio.NioEventLoop.processSelectedKey(NioEventLoop.java:632)
	at org.apache.ratis.thirdparty.io.netty.channel.nio.NioEventLoop.processSelectedKeysOptimized(NioEventLoop.java:579)
	at org.apache.ratis.thirdparty.io.netty.channel.nio.NioEventLoop.processSelectedKeys(NioEventLoop.java:496)
	at org.apache.ratis.thirdparty.io.netty.channel.nio.NioEventLoop.run(NioEventLoop.java:458)
	at org.apache.ratis.thirdparty.io.netty.util.concurrent.SingleThreadEventExecutor$5.run(SingleThreadEventExecutor.java:897)
	at org.apache.ratis.thirdparty.io.netty.util.concurrent.FastThreadLocalRunnable.run(FastThreadLocalRunnable.java:30)
	... 1 more
Caused by: java.net.ConnectException: Connection refused
	... 11 more
2019-11-04 16:45:00,467 [f211638a-2c6b-4b58-9a41-810c99451672@group-47A9DBD71086-LeaderElection3170] INFO  impl.LeaderElection (LeaderElection.java:askForVotes(178)) - f211638a-2c6b-4b58-9a41-810c99451672@group-47A9DBD71086-LeaderElection3170: begin an election at term 6 for 0: [f211638a-2c6b-4b58-9a41-810c99451672:192.168.157.194:34889, fde56d24-c59c-4768-b7bb-458466c8bfd3:192.168.157.194:38692, fbe6c37d-8446-44da-8aed-2f4bcb7dfa1d:192.168.157.194:33200], old=null
2019-11-04 16:45:00,468 [f211638a-2c6b-4b58-9a41-810c99451672@group-47A9DBD71086-LeaderElection3170] INFO  impl.LeaderElection (LogUtils.java:infoOrTrace(149)) - f211638a-2c6b-4b58-9a41-810c99451672@group-47A9DBD71086-LeaderElection3170 got exception when requesting votes: {}
java.util.concurrent.ExecutionException: org.apache.ratis.thirdparty.io.grpc.StatusRuntimeException: UNAVAILABLE: io exception
	at java.util.concurrent.FutureTask.report(FutureTask.java:122)
	at java.util.concurrent.FutureTask.get(FutureTask.java:192)
	at org.apache.ratis.server.impl.LeaderElection.waitForResults(LeaderElection.java:259)
	at org.apache.ratis.server.impl.LeaderElection.askForVotes(LeaderElection.java:197)
	at org.apache.ratis.server.impl.LeaderElection.run(LeaderElection.java:133)
	at java.lang.Thread.run(Thread.java:748)
Caused by: org.apache.ratis.thirdparty.io.grpc.StatusRuntimeException: UNAVAILABLE: io exception
	at org.apache.ratis.thirdparty.io.grpc.stub.ClientCalls.toStatusRuntimeException(ClientCalls.java:233)
	at org.apache.ratis.thirdparty.io.grpc.stub.ClientCalls.getUnchecked(ClientCalls.java:214)
	at org.apache.ratis.thirdparty.io.grpc.stub.ClientCalls.blockingUnaryCall(ClientCalls.java:139)
	at org.apache.ratis.proto.grpc.RaftServerProtocolServiceGrpc$RaftServerProtocolServiceBlockingStub.requestVote(RaftServerProtocolServiceGrpc.java:265)
	at org.apache.ratis.grpc.server.GrpcServerProtocolClient.requestVote(GrpcServerProtocolClient.java:99)
	at org.apache.ratis.grpc.server.GrpcService.requestVote(GrpcService.java:204)
	at org.apache.ratis.server.impl.LeaderElection.lambda$submitRequests$1(LeaderElection.java:234)
	at java.util.concurrent.FutureTask.run(FutureTask.java:266)
	at java.util.concurrent.Executors$RunnableAdapter.call(Executors.java:511)
	at java.util.concurrent.FutureTask.run(FutureTask.java:266)
	at java.util.concurrent.ThreadPoolExecutor.runWorker(ThreadPoolExecutor.java:1149)
	at java.util.concurrent.ThreadPoolExecutor$Worker.run(ThreadPoolExecutor.java:624)
	... 1 more
Caused by: org.apache.ratis.thirdparty.io.netty.channel.AbstractChannel$AnnotatedConnectException: Connection refused: /192.168.157.194:38692
	at sun.nio.ch.SocketChannelImpl.checkConnect(Native Method)
	at sun.nio.ch.SocketChannelImpl.finishConnect(SocketChannelImpl.java:717)
	at org.apache.ratis.thirdparty.io.netty.channel.socket.nio.NioSocketChannel.doFinishConnect(NioSocketChannel.java:327)
	at org.apache.ratis.thirdparty.io.netty.channel.nio.AbstractNioChannel$AbstractNioUnsafe.finishConnect(AbstractNioChannel.java:340)
	at org.apache.ratis.thirdparty.io.netty.channel.nio.NioEventLoop.processSelectedKey(NioEventLoop.java:632)
	at org.apache.ratis.thirdparty.io.netty.channel.nio.NioEventLoop.processSelectedKeysOptimized(NioEventLoop.java:579)
	at org.apache.ratis.thirdparty.io.netty.channel.nio.NioEventLoop.processSelectedKeys(NioEventLoop.java:496)
	at org.apache.ratis.thirdparty.io.netty.channel.nio.NioEventLoop.run(NioEventLoop.java:458)
	at org.apache.ratis.thirdparty.io.netty.util.concurrent.SingleThreadEventExecutor$5.run(SingleThreadEventExecutor.java:897)
	at org.apache.ratis.thirdparty.io.netty.util.concurrent.FastThreadLocalRunnable.run(FastThreadLocalRunnable.java:30)
	... 1 more
Caused by: java.net.ConnectException: Connection refused
	... 11 more
2019-11-04 16:45:00,514 [Thread-21271] INFO  impl.FollowerState (FollowerState.java:run(108)) - fbe6c37d-8446-44da-8aed-2f4bcb7dfa1d@group-ED8F2B9D61A7-FollowerState: change to CANDIDATE, lastRpcTime:1135ms, electionTimeout:1135ms
2019-11-04 16:45:00,514 [Thread-21271] INFO  impl.RoleInfo (RoleInfo.java:shutdownFollowerState(121)) - fbe6c37d-8446-44da-8aed-2f4bcb7dfa1d: shutdown FollowerState
2019-11-04 16:45:00,514 [Thread-21271] INFO  impl.RaftServerImpl (RaftServerImpl.java:setRole(184)) - fbe6c37d-8446-44da-8aed-2f4bcb7dfa1d@group-ED8F2B9D61A7: changes role from  FOLLOWER to CANDIDATE at term 4 for changeToCandidate
2019-11-04 16:45:00,514 [Thread-21271] INFO  impl.RoleInfo (RoleInfo.java:updateAndGet(143)) - fbe6c37d-8446-44da-8aed-2f4bcb7dfa1d: start LeaderElection
2019-11-04 16:45:00,528 [fbe6c37d-8446-44da-8aed-2f4bcb7dfa1d@group-ED8F2B9D61A7-LeaderElection3177] INFO  impl.LeaderElection (LeaderElection.java:askForVotes(178)) - fbe6c37d-8446-44da-8aed-2f4bcb7dfa1d@group-ED8F2B9D61A7-LeaderElection3177: begin an election at term 5 for -1: [f211638a-2c6b-4b58-9a41-810c99451672:192.168.157.194:34889, fde56d24-c59c-4768-b7bb-458466c8bfd3:192.168.157.194:38692, fbe6c37d-8446-44da-8aed-2f4bcb7dfa1d:192.168.157.194:33200], old=null
2019-11-04 16:45:00,528 [fbe6c37d-8446-44da-8aed-2f4bcb7dfa1d@group-ED8F2B9D61A7-LeaderElection3177] INFO  impl.LeaderElection (LogUtils.java:infoOrTrace(149)) - fbe6c37d-8446-44da-8aed-2f4bcb7dfa1d@group-ED8F2B9D61A7-LeaderElection3177 got exception when requesting votes: {}
java.util.concurrent.ExecutionException: org.apache.ratis.thirdparty.io.grpc.StatusRuntimeException: UNAVAILABLE: io exception
	at java.util.concurrent.FutureTask.report(FutureTask.java:122)
	at java.util.concurrent.FutureTask.get(FutureTask.java:192)
	at org.apache.ratis.server.impl.LeaderElection.waitForResults(LeaderElection.java:259)
	at org.apache.ratis.server.impl.LeaderElection.askForVotes(LeaderElection.java:197)
	at org.apache.ratis.server.impl.LeaderElection.run(LeaderElection.java:133)
	at java.lang.Thread.run(Thread.java:748)
Caused by: org.apache.ratis.thirdparty.io.grpc.StatusRuntimeException: UNAVAILABLE: io exception
	at org.apache.ratis.thirdparty.io.grpc.stub.ClientCalls.toStatusRuntimeException(ClientCalls.java:233)
	at org.apache.ratis.thirdparty.io.grpc.stub.ClientCalls.getUnchecked(ClientCalls.java:214)
	at org.apache.ratis.thirdparty.io.grpc.stub.ClientCalls.blockingUnaryCall(ClientCalls.java:139)
	at org.apache.ratis.proto.grpc.RaftServerProtocolServiceGrpc$RaftServerProtocolServiceBlockingStub.requestVote(RaftServerProtocolServiceGrpc.java:265)
	at org.apache.ratis.grpc.server.GrpcServerProtocolClient.requestVote(GrpcServerProtocolClient.java:99)
	at org.apache.ratis.grpc.server.GrpcService.requestVote(GrpcService.java:204)
	at org.apache.ratis.server.impl.LeaderElection.lambda$submitRequests$1(LeaderElection.java:234)
	at java.util.concurrent.FutureTask.run(FutureTask.java:266)
	at java.util.concurrent.Executors$RunnableAdapter.call(Executors.java:511)
	at java.util.concurrent.FutureTask.run(FutureTask.java:266)
	at java.util.concurrent.ThreadPoolExecutor.runWorker(ThreadPoolExecutor.java:1149)
	at java.util.concurrent.ThreadPoolExecutor$Worker.run(ThreadPoolExecutor.java:624)
	... 1 more
Caused by: org.apache.ratis.thirdparty.io.netty.channel.AbstractChannel$AnnotatedConnectException: Connection refused: /192.168.157.194:38692
	at sun.nio.ch.SocketChannelImpl.checkConnect(Native Method)
	at sun.nio.ch.SocketChannelImpl.finishConnect(SocketChannelImpl.java:717)
	at org.apache.ratis.thirdparty.io.netty.channel.socket.nio.NioSocketChannel.doFinishConnect(NioSocketChannel.java:327)
	at org.apache.ratis.thirdparty.io.netty.channel.nio.AbstractNioChannel$AbstractNioUnsafe.finishConnect(AbstractNioChannel.java:340)
	at org.apache.ratis.thirdparty.io.netty.channel.nio.NioEventLoop.processSelectedKey(NioEventLoop.java:632)
	at org.apache.ratis.thirdparty.io.netty.channel.nio.NioEventLoop.processSelectedKeysOptimized(NioEventLoop.java:579)
	at org.apache.ratis.thirdparty.io.netty.channel.nio.NioEventLoop.processSelectedKeys(NioEventLoop.java:496)
	at org.apache.ratis.thirdparty.io.netty.channel.nio.NioEventLoop.run(NioEventLoop.java:458)
	at org.apache.ratis.thirdparty.io.netty.util.concurrent.SingleThreadEventExecutor$5.run(SingleThreadEventExecutor.java:897)
	at org.apache.ratis.thirdparty.io.netty.util.concurrent.FastThreadLocalRunnable.run(FastThreadLocalRunnable.java:30)
	... 1 more
Caused by: java.net.ConnectException: Connection refused
	... 11 more
2019-11-04 16:45:00,529 [fbe6c37d-8446-44da-8aed-2f4bcb7dfa1d@group-ED8F2B9D61A7-LeaderElection3177] INFO  impl.LeaderElection (LeaderElection.java:logAndReturn(56)) - fbe6c37d-8446-44da-8aed-2f4bcb7dfa1d@group-ED8F2B9D61A7-LeaderElection3177: Election REJECTED; received 1 response(s) [fbe6c37d-8446-44da-8aed-2f4bcb7dfa1d<-f211638a-2c6b-4b58-9a41-810c99451672#0:FAIL-t5] and 1 exception(s); fbe6c37d-8446-44da-8aed-2f4bcb7dfa1d@group-ED8F2B9D61A7:t5, leader=null, voted=fbe6c37d-8446-44da-8aed-2f4bcb7dfa1d, raftlog=fbe6c37d-8446-44da-8aed-2f4bcb7dfa1d@group-ED8F2B9D61A7-SegmentedRaftLog:OPENED:c-1,f-1,i0, conf=-1: [f211638a-2c6b-4b58-9a41-810c99451672:192.168.157.194:34889, fde56d24-c59c-4768-b7bb-458466c8bfd3:192.168.157.194:38692, fbe6c37d-8446-44da-8aed-2f4bcb7dfa1d:192.168.157.194:33200], old=null
2019-11-04 16:45:00,529 [fbe6c37d-8446-44da-8aed-2f4bcb7dfa1d@group-ED8F2B9D61A7-LeaderElection3177] INFO  impl.LeaderElection (LogUtils.java:infoOrTrace(149)) -   Exception 0: {}
java.util.concurrent.ExecutionException: org.apache.ratis.thirdparty.io.grpc.StatusRuntimeException: UNAVAILABLE: io exception
	at java.util.concurrent.FutureTask.report(FutureTask.java:122)
	at java.util.concurrent.FutureTask.get(FutureTask.java:192)
	at org.apache.ratis.server.impl.LeaderElection.waitForResults(LeaderElection.java:259)
	at org.apache.ratis.server.impl.LeaderElection.askForVotes(LeaderElection.java:197)
	at org.apache.ratis.server.impl.LeaderElection.run(LeaderElection.java:133)
	at java.lang.Thread.run(Thread.java:748)
Caused by: org.apache.ratis.thirdparty.io.grpc.StatusRuntimeException: UNAVAILABLE: io exception
	at org.apache.ratis.thirdparty.io.grpc.stub.ClientCalls.toStatusRuntimeException(ClientCalls.java:233)
	at org.apache.ratis.thirdparty.io.grpc.stub.ClientCalls.getUnchecked(ClientCalls.java:214)
	at org.apache.ratis.thirdparty.io.grpc.stub.ClientCalls.blockingUnaryCall(ClientCalls.java:139)
	at org.apache.ratis.proto.grpc.RaftServerProtocolServiceGrpc$RaftServerProtocolServiceBlockingStub.requestVote(RaftServerProtocolServiceGrpc.java:265)
	at org.apache.ratis.grpc.server.GrpcServerProtocolClient.requestVote(GrpcServerProtocolClient.java:99)
	at org.apache.ratis.grpc.server.GrpcService.requestVote(GrpcService.java:204)
	at org.apache.ratis.server.impl.LeaderElection.lambda$submitRequests$1(LeaderElection.java:234)
	at java.util.concurrent.FutureTask.run(FutureTask.java:266)
	at java.util.concurrent.Executors$RunnableAdapter.call(Executors.java:511)
	at java.util.concurrent.FutureTask.run(FutureTask.java:266)
	at java.util.concurrent.ThreadPoolExecutor.runWorker(ThreadPoolExecutor.java:1149)
	at java.util.concurrent.ThreadPoolExecutor$Worker.run(ThreadPoolExecutor.java:624)
	... 1 more
Caused by: org.apache.ratis.thirdparty.io.netty.channel.AbstractChannel$AnnotatedConnectException: Connection refused: /192.168.157.194:38692
	at sun.nio.ch.SocketChannelImpl.checkConnect(Native Method)
	at sun.nio.ch.SocketChannelImpl.finishConnect(SocketChannelImpl.java:717)
	at org.apache.ratis.thirdparty.io.netty.channel.socket.nio.NioSocketChannel.doFinishConnect(NioSocketChannel.java:327)
	at org.apache.ratis.thirdparty.io.netty.channel.nio.AbstractNioChannel$AbstractNioUnsafe.finishConnect(AbstractNioChannel.java:340)
	at org.apache.ratis.thirdparty.io.netty.channel.nio.NioEventLoop.processSelectedKey(NioEventLoop.java:632)
	at org.apache.ratis.thirdparty.io.netty.channel.nio.NioEventLoop.processSelectedKeysOptimized(NioEventLoop.java:579)
	at org.apache.ratis.thirdparty.io.netty.channel.nio.NioEventLoop.processSelectedKeys(NioEventLoop.java:496)
	at org.apache.ratis.thirdparty.io.netty.channel.nio.NioEventLoop.run(NioEventLoop.java:458)
	at org.apache.ratis.thirdparty.io.netty.util.concurrent.SingleThreadEventExecutor$5.run(SingleThreadEventExecutor.java:897)
	at org.apache.ratis.thirdparty.io.netty.util.concurrent.FastThreadLocalRunnable.run(FastThreadLocalRunnable.java:30)
	... 1 more
Caused by: java.net.ConnectException: Connection refused
	... 11 more
2019-11-04 16:45:00,530 [fbe6c37d-8446-44da-8aed-2f4bcb7dfa1d@group-ED8F2B9D61A7-LeaderElection3177] INFO  impl.RaftServerImpl (RaftServerImpl.java:setRole(184)) - fbe6c37d-8446-44da-8aed-2f4bcb7dfa1d@group-ED8F2B9D61A7: changes role from CANDIDATE to FOLLOWER at term 5 for DISCOVERED_A_NEW_TERM
2019-11-04 16:45:00,530 [fbe6c37d-8446-44da-8aed-2f4bcb7dfa1d@group-ED8F2B9D61A7-LeaderElection3177] INFO  impl.RoleInfo (RoleInfo.java:shutdownLeaderElection(134)) - fbe6c37d-8446-44da-8aed-2f4bcb7dfa1d: shutdown LeaderElection
2019-11-04 16:45:00,530 [fbe6c37d-8446-44da-8aed-2f4bcb7dfa1d@group-ED8F2B9D61A7-LeaderElection3177] INFO  impl.RoleInfo (RoleInfo.java:updateAndGet(143)) - fbe6c37d-8446-44da-8aed-2f4bcb7dfa1d: start FollowerState
2019-11-04 16:45:00,546 [f211638a-2c6b-4b58-9a41-810c99451672@group-ED8F2B9D61A7-LeaderElection3171] INFO  impl.LeaderElection (LeaderElection.java:logAndReturn(56)) - f211638a-2c6b-4b58-9a41-810c99451672@group-ED8F2B9D61A7-LeaderElection3171: Election TIMEOUT; received 0 response(s) [] and 1 exception(s); f211638a-2c6b-4b58-9a41-810c99451672@group-ED8F2B9D61A7:t5, leader=null, voted=f211638a-2c6b-4b58-9a41-810c99451672, raftlog=f211638a-2c6b-4b58-9a41-810c99451672@group-ED8F2B9D61A7-SegmentedRaftLog:OPENED:c0,f0,i0, conf=0: [f211638a-2c6b-4b58-9a41-810c99451672:192.168.157.194:34889, fde56d24-c59c-4768-b7bb-458466c8bfd3:192.168.157.194:38692, fbe6c37d-8446-44da-8aed-2f4bcb7dfa1d:192.168.157.194:33200], old=null
2019-11-04 16:45:00,547 [f211638a-2c6b-4b58-9a41-810c99451672@group-ED8F2B9D61A7-LeaderElection3171] INFO  impl.LeaderElection (LogUtils.java:infoOrTrace(149)) -   Exception 0: {}
java.util.concurrent.ExecutionException: org.apache.ratis.thirdparty.io.grpc.StatusRuntimeException: UNAVAILABLE: io exception
	at java.util.concurrent.FutureTask.report(FutureTask.java:122)
	at java.util.concurrent.FutureTask.get(FutureTask.java:192)
	at org.apache.ratis.server.impl.LeaderElection.waitForResults(LeaderElection.java:259)
	at org.apache.ratis.server.impl.LeaderElection.askForVotes(LeaderElection.java:197)
	at org.apache.ratis.server.impl.LeaderElection.run(LeaderElection.java:133)
	at java.lang.Thread.run(Thread.java:748)
Caused by: org.apache.ratis.thirdparty.io.grpc.StatusRuntimeException: UNAVAILABLE: io exception
	at org.apache.ratis.thirdparty.io.grpc.stub.ClientCalls.toStatusRuntimeException(ClientCalls.java:233)
	at org.apache.ratis.thirdparty.io.grpc.stub.ClientCalls.getUnchecked(ClientCalls.java:214)
	at org.apache.ratis.thirdparty.io.grpc.stub.ClientCalls.blockingUnaryCall(ClientCalls.java:139)
	at org.apache.ratis.proto.grpc.RaftServerProtocolServiceGrpc$RaftServerProtocolServiceBlockingStub.requestVote(RaftServerProtocolServiceGrpc.java:265)
	at org.apache.ratis.grpc.server.GrpcServerProtocolClient.requestVote(GrpcServerProtocolClient.java:99)
	at org.apache.ratis.grpc.server.GrpcService.requestVote(GrpcService.java:204)
	at org.apache.ratis.server.impl.LeaderElection.lambda$submitRequests$1(LeaderElection.java:234)
	at java.util.concurrent.FutureTask.run(FutureTask.java:266)
	at java.util.concurrent.Executors$RunnableAdapter.call(Executors.java:511)
	at java.util.concurrent.FutureTask.run(FutureTask.java:266)
	at java.util.concurrent.ThreadPoolExecutor.runWorker(ThreadPoolExecutor.java:1149)
	at java.util.concurrent.ThreadPoolExecutor$Worker.run(ThreadPoolExecutor.java:624)
	... 1 more
Caused by: org.apache.ratis.thirdparty.io.netty.channel.AbstractChannel$AnnotatedConnectException: Connection refused: /192.168.157.194:38692
	at sun.nio.ch.SocketChannelImpl.checkConnect(Native Method)
	at sun.nio.ch.SocketChannelImpl.finishConnect(SocketChannelImpl.java:717)
	at org.apache.ratis.thirdparty.io.netty.channel.socket.nio.NioSocketChannel.doFinishConnect(NioSocketChannel.java:327)
	at org.apache.ratis.thirdparty.io.netty.channel.nio.AbstractNioChannel$AbstractNioUnsafe.finishConnect(AbstractNioChannel.java:340)
	at org.apache.ratis.thirdparty.io.netty.channel.nio.NioEventLoop.processSelectedKey(NioEventLoop.java:632)
	at org.apache.ratis.thirdparty.io.netty.channel.nio.NioEventLoop.processSelectedKeysOptimized(NioEventLoop.java:579)
	at org.apache.ratis.thirdparty.io.netty.channel.nio.NioEventLoop.processSelectedKeys(NioEventLoop.java:496)
	at org.apache.ratis.thirdparty.io.netty.channel.nio.NioEventLoop.run(NioEventLoop.java:458)
	at org.apache.ratis.thirdparty.io.netty.util.concurrent.SingleThreadEventExecutor$5.run(SingleThreadEventExecutor.java:897)
	at org.apache.ratis.thirdparty.io.netty.util.concurrent.FastThreadLocalRunnable.run(FastThreadLocalRunnable.java:30)
	... 1 more
Caused by: java.net.ConnectException: Connection refused
	... 11 more
2019-11-04 16:45:00,560 [f211638a-2c6b-4b58-9a41-810c99451672@group-ED8F2B9D61A7-LeaderElection3171] INFO  impl.LeaderElection (LeaderElection.java:askForVotes(178)) - f211638a-2c6b-4b58-9a41-810c99451672@group-ED8F2B9D61A7-LeaderElection3171: begin an election at term 6 for 0: [f211638a-2c6b-4b58-9a41-810c99451672:192.168.157.194:34889, fde56d24-c59c-4768-b7bb-458466c8bfd3:192.168.157.194:38692, fbe6c37d-8446-44da-8aed-2f4bcb7dfa1d:192.168.157.194:33200], old=null
2019-11-04 16:45:00,560 [f211638a-2c6b-4b58-9a41-810c99451672@group-ED8F2B9D61A7-LeaderElection3171] INFO  impl.LeaderElection (LogUtils.java:infoOrTrace(149)) - f211638a-2c6b-4b58-9a41-810c99451672@group-ED8F2B9D61A7-LeaderElection3171 got exception when requesting votes: {}
java.util.concurrent.ExecutionException: org.apache.ratis.thirdparty.io.grpc.StatusRuntimeException: UNAVAILABLE: io exception
	at java.util.concurrent.FutureTask.report(FutureTask.java:122)
	at java.util.concurrent.FutureTask.get(FutureTask.java:192)
	at org.apache.ratis.server.impl.LeaderElection.waitForResults(LeaderElection.java:259)
	at org.apache.ratis.server.impl.LeaderElection.askForVotes(LeaderElection.java:197)
	at org.apache.ratis.server.impl.LeaderElection.run(LeaderElection.java:133)
	at java.lang.Thread.run(Thread.java:748)
Caused by: org.apache.ratis.thirdparty.io.grpc.StatusRuntimeException: UNAVAILABLE: io exception
	at org.apache.ratis.thirdparty.io.grpc.stub.ClientCalls.toStatusRuntimeException(ClientCalls.java:233)
	at org.apache.ratis.thirdparty.io.grpc.stub.ClientCalls.getUnchecked(ClientCalls.java:214)
	at org.apache.ratis.thirdparty.io.grpc.stub.ClientCalls.blockingUnaryCall(ClientCalls.java:139)
	at org.apache.ratis.proto.grpc.RaftServerProtocolServiceGrpc$RaftServerProtocolServiceBlockingStub.requestVote(RaftServerProtocolServiceGrpc.java:265)
	at org.apache.ratis.grpc.server.GrpcServerProtocolClient.requestVote(GrpcServerProtocolClient.java:99)
	at org.apache.ratis.grpc.server.GrpcService.requestVote(GrpcService.java:204)
	at org.apache.ratis.server.impl.LeaderElection.lambda$submitRequests$1(LeaderElection.java:234)
	at java.util.concurrent.FutureTask.run(FutureTask.java:266)
	at java.util.concurrent.Executors$RunnableAdapter.call(Executors.java:511)
	at java.util.concurrent.FutureTask.run(FutureTask.java:266)
	at java.util.concurrent.ThreadPoolExecutor.runWorker(ThreadPoolExecutor.java:1149)
	at java.util.concurrent.ThreadPoolExecutor$Worker.run(ThreadPoolExecutor.java:624)
	... 1 more
Caused by: org.apache.ratis.thirdparty.io.netty.channel.AbstractChannel$AnnotatedConnectException: Connection refused: /192.168.157.194:38692
	at sun.nio.ch.SocketChannelImpl.checkConnect(Native Method)
	at sun.nio.ch.SocketChannelImpl.finishConnect(SocketChannelImpl.java:717)
	at org.apache.ratis.thirdparty.io.netty.channel.socket.nio.NioSocketChannel.doFinishConnect(NioSocketChannel.java:327)
	at org.apache.ratis.thirdparty.io.netty.channel.nio.AbstractNioChannel$AbstractNioUnsafe.finishConnect(AbstractNioChannel.java:340)
	at org.apache.ratis.thirdparty.io.netty.channel.nio.NioEventLoop.processSelectedKey(NioEventLoop.java:632)
	at org.apache.ratis.thirdparty.io.netty.channel.nio.NioEventLoop.processSelectedKeysOptimized(NioEventLoop.java:579)
	at org.apache.ratis.thirdparty.io.netty.channel.nio.NioEventLoop.processSelectedKeys(NioEventLoop.java:496)
	at org.apache.ratis.thirdparty.io.netty.channel.nio.NioEventLoop.run(NioEventLoop.java:458)
	at org.apache.ratis.thirdparty.io.netty.util.concurrent.SingleThreadEventExecutor$5.run(SingleThreadEventExecutor.java:897)
	at org.apache.ratis.thirdparty.io.netty.util.concurrent.FastThreadLocalRunnable.run(FastThreadLocalRunnable.java:30)
	... 1 more
Caused by: java.net.ConnectException: Connection refused
	... 11 more
2019-11-04 16:45:00,593 [main] INFO  ozoneimpl.OzoneContainer (OzoneContainer.java:stop(227)) - Attempting to stop container services.
2019-11-04 16:45:00,593 [main] INFO  impl.RaftServerProxy (RaftServerProxy.java:lambda$close$4(314)) - 12ef8381-6bca-4b0f-bb7d-1f83fcc2017f: close
2019-11-04 16:45:00,600 [main] INFO  server.GrpcService (GrpcService.java:closeImpl(164)) - 12ef8381-6bca-4b0f-bb7d-1f83fcc2017f: shutdown server with port 40544 now
2019-11-04 16:45:00,601 [main] INFO  server.GrpcService (GrpcService.java:closeImpl(172)) - 12ef8381-6bca-4b0f-bb7d-1f83fcc2017f: shutdown server with port 40544 successfully
2019-11-04 16:45:00,603 [refreshUsed-/workdir/hadoop-ozone/integration-test/target/test-dir/MiniOzoneClusterImpl-fc53e19a-81f7-4cd9-8ff9-5415f8563367/datanode-9/data/containers] WARN  fs.CachingGetSpaceUsed (CachingGetSpaceUsed.java:run(183)) - Thread Interrupted waiting to refresh disk information: sleep interrupted
2019-11-04 16:45:00,621 [main] INFO  utils.BackgroundService (BackgroundService.java:shutdown(151)) - Shutting down service BlockDeletingService
2019-11-04 16:45:00,624 [main] INFO  statemachine.DatanodeStateMachine (DatanodeStateMachine.java:stopDaemon(395)) - Ozone container server stopped.
2019-11-04 16:45:00,625 [main] INFO  handler.ContextHandler (ContextHandler.java:doStop(910)) - Stopped o.e.j.w.WebAppContext@49f3ff41{/,null,UNAVAILABLE}{/hddsDatanode}
2019-11-04 16:45:00,626 [main] INFO  server.AbstractConnector (AbstractConnector.java:doStop(318)) - Stopped ServerConnector@6cfbbff7{HTTP/1.1,[http/1.1]}{0.0.0.0:0}
2019-11-04 16:45:00,626 [main] INFO  handler.ContextHandler (ContextHandler.java:doStop(910)) - Stopped o.e.j.s.ServletContextHandler@4f169009{/static,jar:file:/home/user/.m2/repository/org/apache/hadoop/hadoop-hdds-container-service/0.5.0-SNAPSHOT/hadoop-hdds-container-service-0.5.0-SNAPSHOT.jar!/webapps/static,UNAVAILABLE}
2019-11-04 16:45:00,626 [main] INFO  handler.ContextHandler (ContextHandler.java:doStop(910)) - Stopped o.e.j.s.ServletContextHandler@70d77826{/logs,file:///workdir/hadoop-ozone/integration-test/target/log,UNAVAILABLE}
2019-11-04 16:45:00,690 [ForkJoinPool.commonPool-worker-0] INFO  ozoneimpl.OzoneContainer (OzoneContainer.java:stop(227)) - Attempting to stop container services.
2019-11-04 16:45:00,690 [ForkJoinPool.commonPool-worker-0] INFO  impl.RaftServerProxy (RaftServerProxy.java:lambda$close$4(314)) - ecf1e98d-b2fc-47e5-b8be-57c275124ba2: close
2019-11-04 16:45:00,690 [ForkJoinPool.commonPool-worker-0] INFO  impl.RaftServerImpl (RaftServerImpl.java:lambda$shutdown$3(261)) - ecf1e98d-b2fc-47e5-b8be-57c275124ba2@group-F5EA50209E30: shutdown
2019-11-04 16:45:00,690 [ForkJoinPool.commonPool-worker-0] INFO  util.JmxRegister (JmxRegister.java:unregister(73)) - Successfully un-registered JMX Bean with object name Ratis:service=RaftServer,group=group-F5EA50209E30,id=ecf1e98d-b2fc-47e5-b8be-57c275124ba2
2019-11-04 16:45:00,691 [ForkJoinPool.commonPool-worker-0] INFO  impl.RoleInfo (RoleInfo.java:shutdownLeaderState(104)) - ecf1e98d-b2fc-47e5-b8be-57c275124ba2: shutdown LeaderState
2019-11-04 16:45:00,691 [ForkJoinPool.commonPool-worker-0] INFO  impl.PendingRequests (PendingRequests.java:sendNotLeaderResponses(202)) - ecf1e98d-b2fc-47e5-b8be-57c275124ba2@group-F5EA50209E30-PendingRequests: sendNotLeaderResponses
2019-11-04 16:45:00,691 [ForkJoinPool.commonPool-worker-0] INFO  impl.StateMachineUpdater (StateMachineUpdater.java:stopAndJoin(136)) - ecf1e98d-b2fc-47e5-b8be-57c275124ba2@group-F5EA50209E30-StateMachineUpdater: set stopIndex = 0
2019-11-04 16:45:00,691 [ForkJoinPool.commonPool-worker-0] INFO  impl.RaftServerImpl (ServerState.java:close(388)) - ecf1e98d-b2fc-47e5-b8be-57c275124ba2@group-F5EA50209E30: closes. applyIndex: 0
2019-11-04 16:45:00,691 [ecf1e98d-b2fc-47e5-b8be-57c275124ba2@group-F5EA50209E30-SegmentedRaftLogWorker] INFO  segmented.SegmentedRaftLogWorker (SegmentedRaftLogWorker.java:run(316)) - ecf1e98d-b2fc-47e5-b8be-57c275124ba2@group-F5EA50209E30-SegmentedRaftLogWorker was interrupted, exiting. There are 0 tasks remaining in the queue.
2019-11-04 16:45:00,693 [ForkJoinPool.commonPool-worker-0] INFO  segmented.SegmentedRaftLogWorker (SegmentedRaftLogWorker.java:close(224)) - ecf1e98d-b2fc-47e5-b8be-57c275124ba2@group-F5EA50209E30-SegmentedRaftLogWorker close()
2019-11-04 16:45:00,695 [ForkJoinPool.commonPool-worker-0] INFO  server.GrpcService (GrpcService.java:closeImpl(164)) - ecf1e98d-b2fc-47e5-b8be-57c275124ba2: shutdown server with port 39702 now
2019-11-04 16:45:00,697 [ForkJoinPool.commonPool-worker-0] INFO  server.GrpcService (GrpcService.java:closeImpl(172)) - ecf1e98d-b2fc-47e5-b8be-57c275124ba2: shutdown server with port 39702 successfully
2019-11-04 16:45:00,699 [refreshUsed-/workdir/hadoop-ozone/integration-test/target/test-dir/MiniOzoneClusterImpl-fc53e19a-81f7-4cd9-8ff9-5415f8563367/datanode-0/data/containers] WARN  fs.CachingGetSpaceUsed (CachingGetSpaceUsed.java:run(183)) - Thread Interrupted waiting to refresh disk information: sleep interrupted
2019-11-04 16:45:00,724 [ForkJoinPool.commonPool-worker-0] INFO  utils.BackgroundService (BackgroundService.java:shutdown(151)) - Shutting down service BlockDeletingService
2019-11-04 16:45:00,731 [ForkJoinPool.commonPool-worker-0] INFO  statemachine.DatanodeStateMachine (DatanodeStateMachine.java:stopDaemon(395)) - Ozone container server stopped.
2019-11-04 16:45:00,734 [ForkJoinPool.commonPool-worker-0] INFO  handler.ContextHandler (ContextHandler.java:doStop(910)) - Stopped o.e.j.w.WebAppContext@3b55dd15{/,null,UNAVAILABLE}{/hddsDatanode}
2019-11-04 16:45:00,735 [ForkJoinPool.commonPool-worker-0] INFO  server.AbstractConnector (AbstractConnector.java:doStop(318)) - Stopped ServerConnector@f3560d4{HTTP/1.1,[http/1.1]}{0.0.0.0:0}
2019-11-04 16:45:00,735 [ForkJoinPool.commonPool-worker-0] INFO  handler.ContextHandler (ContextHandler.java:doStop(910)) - Stopped o.e.j.s.ServletContextHandler@3ff54f3d{/static,jar:file:/home/user/.m2/repository/org/apache/hadoop/hadoop-hdds-container-service/0.5.0-SNAPSHOT/hadoop-hdds-container-service-0.5.0-SNAPSHOT.jar!/webapps/static,UNAVAILABLE}
2019-11-04 16:45:00,736 [ForkJoinPool.commonPool-worker-0] INFO  handler.ContextHandler (ContextHandler.java:doStop(910)) - Stopped o.e.j.s.ServletContextHandler@7b61bf11{/logs,file:///workdir/hadoop-ozone/integration-test/target/log,UNAVAILABLE}
2019-11-04 16:45:00,982 [grpc-default-executor-11] INFO  impl.FollowerInfo (FollowerInfo.java:lambda$new$0(51)) - f211638a-2c6b-4b58-9a41-810c99451672@group-ED8F2B9D61A7->fbe6c37d-8446-44da-8aed-2f4bcb7dfa1d: nextIndex: updateUnconditionally 1 -> 0
2019-11-04 16:45:00,990 [grpc-default-executor-11] INFO  impl.RaftServerImpl (RaftServerImpl.java:setRole(184)) - fbe6c37d-8446-44da-8aed-2f4bcb7dfa1d@group-ED8F2B9D61A7: changes role from  FOLLOWER to FOLLOWER at term 6 for recognizeCandidate:f211638a-2c6b-4b58-9a41-810c99451672
2019-11-04 16:45:00,990 [grpc-default-executor-11] INFO  impl.RoleInfo (RoleInfo.java:shutdownFollowerState(121)) - fbe6c37d-8446-44da-8aed-2f4bcb7dfa1d: shutdown FollowerState
2019-11-04 16:45:00,990 [grpc-default-executor-11] INFO  impl.RoleInfo (RoleInfo.java:updateAndGet(143)) - fbe6c37d-8446-44da-8aed-2f4bcb7dfa1d: start FollowerState
2019-11-04 16:45:00,990 [Thread-21286] INFO  impl.FollowerState (FollowerState.java:run(117)) - fbe6c37d-8446-44da-8aed-2f4bcb7dfa1d@group-ED8F2B9D61A7-FollowerState was interrupted: java.lang.InterruptedException: sleep interrupted
2019-11-04 16:45:01,006 [f211638a-2c6b-4b58-9a41-810c99451672@group-ED8F2B9D61A7-LeaderElection3171] INFO  impl.LeaderElection (LeaderElection.java:logAndReturn(56)) - f211638a-2c6b-4b58-9a41-810c99451672@group-ED8F2B9D61A7-LeaderElection3171: Election PASSED; received 1 response(s) [f211638a-2c6b-4b58-9a41-810c99451672<-fbe6c37d-8446-44da-8aed-2f4bcb7dfa1d#0:OK-t6] and 1 exception(s); f211638a-2c6b-4b58-9a41-810c99451672@group-ED8F2B9D61A7:t6, leader=null, voted=f211638a-2c6b-4b58-9a41-810c99451672, raftlog=f211638a-2c6b-4b58-9a41-810c99451672@group-ED8F2B9D61A7-SegmentedRaftLog:OPENED:c0,f0,i0, conf=0: [f211638a-2c6b-4b58-9a41-810c99451672:192.168.157.194:34889, fde56d24-c59c-4768-b7bb-458466c8bfd3:192.168.157.194:38692, fbe6c37d-8446-44da-8aed-2f4bcb7dfa1d:192.168.157.194:33200], old=null
2019-11-04 16:45:01,006 [f211638a-2c6b-4b58-9a41-810c99451672@group-ED8F2B9D61A7-LeaderElection3171] INFO  impl.LeaderElection (LogUtils.java:infoOrTrace(149)) -   Exception 0: {}
java.util.concurrent.ExecutionException: org.apache.ratis.thirdparty.io.grpc.StatusRuntimeException: UNAVAILABLE: io exception
	at java.util.concurrent.FutureTask.report(FutureTask.java:122)
	at java.util.concurrent.FutureTask.get(FutureTask.java:192)
	at org.apache.ratis.server.impl.LeaderElection.waitForResults(LeaderElection.java:259)
	at org.apache.ratis.server.impl.LeaderElection.askForVotes(LeaderElection.java:197)
	at org.apache.ratis.server.impl.LeaderElection.run(LeaderElection.java:133)
	at java.lang.Thread.run(Thread.java:748)
Caused by: org.apache.ratis.thirdparty.io.grpc.StatusRuntimeException: UNAVAILABLE: io exception
	at org.apache.ratis.thirdparty.io.grpc.stub.ClientCalls.toStatusRuntimeException(ClientCalls.java:233)
	at org.apache.ratis.thirdparty.io.grpc.stub.ClientCalls.getUnchecked(ClientCalls.java:214)
	at org.apache.ratis.thirdparty.io.grpc.stub.ClientCalls.blockingUnaryCall(ClientCalls.java:139)
	at org.apache.ratis.proto.grpc.RaftServerProtocolServiceGrpc$RaftServerProtocolServiceBlockingStub.requestVote(RaftServerProtocolServiceGrpc.java:265)
	at org.apache.ratis.grpc.server.GrpcServerProtocolClient.requestVote(GrpcServerProtocolClient.java:99)
	at org.apache.ratis.grpc.server.GrpcService.requestVote(GrpcService.java:204)
	at org.apache.ratis.server.impl.LeaderElection.lambda$submitRequests$1(LeaderElection.java:234)
	at java.util.concurrent.FutureTask.run(FutureTask.java:266)
	at java.util.concurrent.Executors$RunnableAdapter.call(Executors.java:511)
	at java.util.concurrent.FutureTask.run(FutureTask.java:266)
	at java.util.concurrent.ThreadPoolExecutor.runWorker(ThreadPoolExecutor.java:1149)
	at java.util.concurrent.ThreadPoolExecutor$Worker.run(ThreadPoolExecutor.java:624)
	... 1 more
Caused by: org.apache.ratis.thirdparty.io.netty.channel.AbstractChannel$AnnotatedConnectException: Connection refused: /192.168.157.194:38692
	at sun.nio.ch.SocketChannelImpl.checkConnect(Native Method)
	at sun.nio.ch.SocketChannelImpl.finishConnect(SocketChannelImpl.java:717)
	at org.apache.ratis.thirdparty.io.netty.channel.socket.nio.NioSocketChannel.doFinishConnect(NioSocketChannel.java:327)
	at org.apache.ratis.thirdparty.io.netty.channel.nio.AbstractNioChannel$AbstractNioUnsafe.finishConnect(AbstractNioChannel.java:340)
	at org.apache.ratis.thirdparty.io.netty.channel.nio.NioEventLoop.processSelectedKey(NioEventLoop.java:632)
	at org.apache.ratis.thirdparty.io.netty.channel.nio.NioEventLoop.processSelectedKeysOptimized(NioEventLoop.java:579)
	at org.apache.ratis.thirdparty.io.netty.channel.nio.NioEventLoop.processSelectedKeys(NioEventLoop.java:496)
	at org.apache.ratis.thirdparty.io.netty.channel.nio.NioEventLoop.run(NioEventLoop.java:458)
	at org.apache.ratis.thirdparty.io.netty.util.concurrent.SingleThreadEventExecutor$5.run(SingleThreadEventExecutor.java:897)
	at org.apache.ratis.thirdparty.io.netty.util.concurrent.FastThreadLocalRunnable.run(FastThreadLocalRunnable.java:30)
	... 1 more
Caused by: java.net.ConnectException: Connection refused
	... 11 more
2019-11-04 16:45:01,006 [grpc-default-executor-3] INFO  impl.FollowerInfo (FollowerInfo.java:lambda$new$0(51)) - f211638a-2c6b-4b58-9a41-810c99451672@group-47A9DBD71086->fbe6c37d-8446-44da-8aed-2f4bcb7dfa1d: nextIndex: updateUnconditionally 1 -> 0
2019-11-04 16:45:01,007 [f211638a-2c6b-4b58-9a41-810c99451672@group-ED8F2B9D61A7-LeaderElection3171] INFO  impl.RoleInfo (RoleInfo.java:shutdownLeaderElection(134)) - f211638a-2c6b-4b58-9a41-810c99451672: shutdown LeaderElection
2019-11-04 16:45:01,007 [f211638a-2c6b-4b58-9a41-810c99451672@group-47A9DBD71086-LeaderElection3170] INFO  impl.LeaderElection (LogUtils.java:infoOrTrace(149)) - f211638a-2c6b-4b58-9a41-810c99451672@group-47A9DBD71086-LeaderElection3170 got exception when requesting votes: {}
java.util.concurrent.ExecutionException: org.apache.ratis.thirdparty.io.grpc.StatusRuntimeException: UNAVAILABLE: Channel shutdown invoked
	at java.util.concurrent.FutureTask.report(FutureTask.java:122)
	at java.util.concurrent.FutureTask.get(FutureTask.java:192)
	at org.apache.ratis.server.impl.LeaderElection.waitForResults(LeaderElection.java:259)
	at org.apache.ratis.server.impl.LeaderElection.askForVotes(LeaderElection.java:197)
	at org.apache.ratis.server.impl.LeaderElection.run(LeaderElection.java:133)
	at java.lang.Thread.run(Thread.java:748)
Caused by: org.apache.ratis.thirdparty.io.grpc.StatusRuntimeException: UNAVAILABLE: Channel shutdown invoked
	at org.apache.ratis.thirdparty.io.grpc.stub.ClientCalls.toStatusRuntimeException(ClientCalls.java:233)
	at org.apache.ratis.thirdparty.io.grpc.stub.ClientCalls.getUnchecked(ClientCalls.java:214)
	at org.apache.ratis.thirdparty.io.grpc.stub.ClientCalls.blockingUnaryCall(ClientCalls.java:139)
	at org.apache.ratis.proto.grpc.RaftServerProtocolServiceGrpc$RaftServerProtocolServiceBlockingStub.requestVote(RaftServerProtocolServiceGrpc.java:265)
	at org.apache.ratis.grpc.server.GrpcServerProtocolClient.requestVote(GrpcServerProtocolClient.java:99)
	at org.apache.ratis.grpc.server.GrpcService.requestVote(GrpcService.java:204)
	at org.apache.ratis.server.impl.LeaderElection.lambda$submitRequests$1(LeaderElection.java:234)
	at java.util.concurrent.FutureTask.run(FutureTask.java:266)
	at java.util.concurrent.Executors$RunnableAdapter.call(Executors.java:511)
	at java.util.concurrent.FutureTask.run(FutureTask.java:266)
	at java.util.concurrent.ThreadPoolExecutor.runWorker(ThreadPoolExecutor.java:1149)
	at java.util.concurrent.ThreadPoolExecutor$Worker.run(ThreadPoolExecutor.java:624)
	... 1 more
2019-11-04 16:45:01,008 [f211638a-2c6b-4b58-9a41-810c99451672@group-ED8F2B9D61A7-LeaderElection3171] INFO  impl.RaftServerImpl (RaftServerImpl.java:setRole(184)) - f211638a-2c6b-4b58-9a41-810c99451672@group-ED8F2B9D61A7: changes role from CANDIDATE to LEADER at term 6 for changeToLeader
2019-11-04 16:45:01,008 [f211638a-2c6b-4b58-9a41-810c99451672@group-47A9DBD71086-LeaderElection3170] INFO  impl.LeaderElection (LeaderElection.java:logAndReturn(56)) - f211638a-2c6b-4b58-9a41-810c99451672@group-47A9DBD71086-LeaderElection3170: Election REJECTED; received 0 response(s) [] and 2 exception(s); f211638a-2c6b-4b58-9a41-810c99451672@group-47A9DBD71086:t6, leader=null, voted=f211638a-2c6b-4b58-9a41-810c99451672, raftlog=f211638a-2c6b-4b58-9a41-810c99451672@group-47A9DBD71086-SegmentedRaftLog:OPENED:c-1,f0,i0, conf=0: [f211638a-2c6b-4b58-9a41-810c99451672:192.168.157.194:34889, fde56d24-c59c-4768-b7bb-458466c8bfd3:192.168.157.194:38692, fbe6c37d-8446-44da-8aed-2f4bcb7dfa1d:192.168.157.194:33200], old=null
2019-11-04 16:45:01,008 [f211638a-2c6b-4b58-9a41-810c99451672@group-ED8F2B9D61A7-LeaderElection3171] INFO  impl.RaftServerImpl (ServerState.java:setLeader(256)) - f211638a-2c6b-4b58-9a41-810c99451672@group-ED8F2B9D61A7: change Leader from null to f211638a-2c6b-4b58-9a41-810c99451672 at term 6 for becomeLeader, leader elected after 5060ms
2019-11-04 16:45:01,008 [f211638a-2c6b-4b58-9a41-810c99451672@group-47A9DBD71086-LeaderElection3170] INFO  impl.LeaderElection (LogUtils.java:infoOrTrace(149)) -   Exception 0: {}
java.util.concurrent.ExecutionException: org.apache.ratis.thirdparty.io.grpc.StatusRuntimeException: UNAVAILABLE: io exception
	at java.util.concurrent.FutureTask.report(FutureTask.java:122)
	at java.util.concurrent.FutureTask.get(FutureTask.java:192)
	at org.apache.ratis.server.impl.LeaderElection.waitForResults(LeaderElection.java:259)
	at org.apache.ratis.server.impl.LeaderElection.askForVotes(LeaderElection.java:197)
	at org.apache.ratis.server.impl.LeaderElection.run(LeaderElection.java:133)
	at java.lang.Thread.run(Thread.java:748)
Caused by: org.apache.ratis.thirdparty.io.grpc.StatusRuntimeException: UNAVAILABLE: io exception
	at org.apache.ratis.thirdparty.io.grpc.stub.ClientCalls.toStatusRuntimeException(ClientCalls.java:233)
	at org.apache.ratis.thirdparty.io.grpc.stub.ClientCalls.getUnchecked(ClientCalls.java:214)
	at org.apache.ratis.thirdparty.io.grpc.stub.ClientCalls.blockingUnaryCall(ClientCalls.java:139)
	at org.apache.ratis.proto.grpc.RaftServerProtocolServiceGrpc$RaftServerProtocolServiceBlockingStub.requestVote(RaftServerProtocolServiceGrpc.java:265)
	at org.apache.ratis.grpc.server.GrpcServerProtocolClient.requestVote(GrpcServerProtocolClient.java:99)
	at org.apache.ratis.grpc.server.GrpcService.requestVote(GrpcService.java:204)
	at org.apache.ratis.server.impl.LeaderElection.lambda$submitRequests$1(LeaderElection.java:234)
	at java.util.concurrent.FutureTask.run(FutureTask.java:266)
	at java.util.concurrent.Executors$RunnableAdapter.call(Executors.java:511)
	at java.util.concurrent.FutureTask.run(FutureTask.java:266)
	at java.util.concurrent.ThreadPoolExecutor.runWorker(ThreadPoolExecutor.java:1149)
	at java.util.concurrent.ThreadPoolExecutor$Worker.run(ThreadPoolExecutor.java:624)
	... 1 more
Caused by: org.apache.ratis.thirdparty.io.netty.channel.AbstractChannel$AnnotatedConnectException: Connection refused: /192.168.157.194:38692
	at sun.nio.ch.SocketChannelImpl.checkConnect(Native Method)
	at sun.nio.ch.SocketChannelImpl.finishConnect(SocketChannelImpl.java:717)
	at org.apache.ratis.thirdparty.io.netty.channel.socket.nio.NioSocketChannel.doFinishConnect(NioSocketChannel.java:327)
	at org.apache.ratis.thirdparty.io.netty.channel.nio.AbstractNioChannel$AbstractNioUnsafe.finishConnect(AbstractNioChannel.java:340)
	at org.apache.ratis.thirdparty.io.netty.channel.nio.NioEventLoop.processSelectedKey(NioEventLoop.java:632)
	at org.apache.ratis.thirdparty.io.netty.channel.nio.NioEventLoop.processSelectedKeysOptimized(NioEventLoop.java:579)
	at org.apache.ratis.thirdparty.io.netty.channel.nio.NioEventLoop.processSelectedKeys(NioEventLoop.java:496)
	at org.apache.ratis.thirdparty.io.netty.channel.nio.NioEventLoop.run(NioEventLoop.java:458)
	at org.apache.ratis.thirdparty.io.netty.util.concurrent.SingleThreadEventExecutor$5.run(SingleThreadEventExecutor.java:897)
	at org.apache.ratis.thirdparty.io.netty.util.concurrent.FastThreadLocalRunnable.run(FastThreadLocalRunnable.java:30)
	... 1 more
Caused by: java.net.ConnectException: Connection refused
	... 11 more
2019-11-04 16:45:01,008 [f211638a-2c6b-4b58-9a41-810c99451672@group-ED8F2B9D61A7-LeaderElection3171] INFO  server.RaftServerConfigKeys (ConfUtils.java:logGet(43)) - raft.server.staging.catchup.gap = 1000 (default)
2019-11-04 16:45:01,008 [f211638a-2c6b-4b58-9a41-810c99451672@group-47A9DBD71086-LeaderElection3170] INFO  impl.LeaderElection (LogUtils.java:infoOrTrace(149)) -   Exception 1: {}
java.util.concurrent.ExecutionException: org.apache.ratis.thirdparty.io.grpc.StatusRuntimeException: UNAVAILABLE: Channel shutdown invoked
	at java.util.concurrent.FutureTask.report(FutureTask.java:122)
	at java.util.concurrent.FutureTask.get(FutureTask.java:192)
	at org.apache.ratis.server.impl.LeaderElection.waitForResults(LeaderElection.java:259)
	at org.apache.ratis.server.impl.LeaderElection.askForVotes(LeaderElection.java:197)
	at org.apache.ratis.server.impl.LeaderElection.run(LeaderElection.java:133)
	at java.lang.Thread.run(Thread.java:748)
Caused by: org.apache.ratis.thirdparty.io.grpc.StatusRuntimeException: UNAVAILABLE: Channel shutdown invoked
	at org.apache.ratis.thirdparty.io.grpc.stub.ClientCalls.toStatusRuntimeException(ClientCalls.java:233)
	at org.apache.ratis.thirdparty.io.grpc.stub.ClientCalls.getUnchecked(ClientCalls.java:214)
	at org.apache.ratis.thirdparty.io.grpc.stub.ClientCalls.blockingUnaryCall(ClientCalls.java:139)
	at org.apache.ratis.proto.grpc.RaftServerProtocolServiceGrpc$RaftServerProtocolServiceBlockingStub.requestVote(RaftServerProtocolServiceGrpc.java:265)
	at org.apache.ratis.grpc.server.GrpcServerProtocolClient.requestVote(GrpcServerProtocolClient.java:99)
	at org.apache.ratis.grpc.server.GrpcService.requestVote(GrpcService.java:204)
	at org.apache.ratis.server.impl.LeaderElection.lambda$submitRequests$1(LeaderElection.java:234)
	at java.util.concurrent.FutureTask.run(FutureTask.java:266)
	at java.util.concurrent.Executors$RunnableAdapter.call(Executors.java:511)
	at java.util.concurrent.FutureTask.run(FutureTask.java:266)
	at java.util.concurrent.ThreadPoolExecutor.runWorker(ThreadPoolExecutor.java:1149)
	at java.util.concurrent.ThreadPoolExecutor$Worker.run(ThreadPoolExecutor.java:624)
	... 1 more
2019-11-04 16:45:01,009 [f211638a-2c6b-4b58-9a41-810c99451672@group-ED8F2B9D61A7-LeaderElection3171] INFO  server.RaftServerConfigKeys (ConfUtils.java:logGet(43)) - raft.server.rpc.sleep.time = 25ms (default)
2019-11-04 16:45:01,009 [Datanode State Machine Thread - 0] INFO  statemachine.DatanodeStateMachine (DatanodeStateMachine.java:lambda$startDaemon$0(350)) - Ozone container server started.
2019-11-04 16:45:01,009 [f211638a-2c6b-4b58-9a41-810c99451672@group-47A9DBD71086-LeaderElection3170] INFO  impl.RaftServerImpl (RaftServerImpl.java:setRole(184)) - f211638a-2c6b-4b58-9a41-810c99451672@group-47A9DBD71086: changes role from CANDIDATE to FOLLOWER at term 6 for DISCOVERED_A_NEW_TERM
2019-11-04 16:45:01,009 [f211638a-2c6b-4b58-9a41-810c99451672@group-ED8F2B9D61A7-LeaderElection3171] INFO  server.RaftServerConfigKeys (ConfUtils.java:logGet(43)) - raft.server.write.element-limit = 4096 (default)
2019-11-04 16:45:01,009 [f211638a-2c6b-4b58-9a41-810c99451672@group-47A9DBD71086-LeaderElection3170] INFO  impl.RoleInfo (RoleInfo.java:shutdownLeaderElection(134)) - f211638a-2c6b-4b58-9a41-810c99451672: shutdown LeaderElection
2019-11-04 16:45:01,009 [f211638a-2c6b-4b58-9a41-810c99451672@group-ED8F2B9D61A7-LeaderElection3171] INFO  server.RaftServerConfigKeys (ConfUtils.java:logGet(43)) - raft.server.watch.timeout = 10s (default)
2019-11-04 16:45:01,009 [f211638a-2c6b-4b58-9a41-810c99451672@group-47A9DBD71086-LeaderElection3170] INFO  impl.RoleInfo (RoleInfo.java:updateAndGet(143)) - f211638a-2c6b-4b58-9a41-810c99451672: start FollowerState
2019-11-04 16:45:01,010 [f211638a-2c6b-4b58-9a41-810c99451672@group-ED8F2B9D61A7-LeaderElection3171] INFO  server.RaftServerConfigKeys (ConfUtils.java:logGet(43)) - raft.server.watch.timeout.denomination = 1s (default)
2019-11-04 16:45:01,010 [f211638a-2c6b-4b58-9a41-810c99451672@group-ED8F2B9D61A7-LeaderElection3171] INFO  server.RaftServerConfigKeys (ConfUtils.java:logGet(43)) - raft.server.watch.element-limit = 65536 (default)
2019-11-04 16:45:01,010 [f211638a-2c6b-4b58-9a41-810c99451672@group-ED8F2B9D61A7-LeaderElection3171] INFO  server.RaftServerConfigKeys (ConfUtils.java:logGet(43)) - raft.server.log.appender.snapshot.chunk.size.max = 16MB (=16777216) (default)
2019-11-04 16:45:01,010 [f211638a-2c6b-4b58-9a41-810c99451672@group-ED8F2B9D61A7-LeaderElection3171] INFO  server.RaftServerConfigKeys (ConfUtils.java:logGet(43)) - raft.server.log.appender.buffer.byte-limit = 33554432 (custom)
2019-11-04 16:45:01,011 [f211638a-2c6b-4b58-9a41-810c99451672@group-ED8F2B9D61A7-LeaderElection3171] INFO  server.RaftServerConfigKeys (ConfUtils.java:logGet(43)) - raft.server.log.appender.buffer.element-limit = 1 (custom)
2019-11-04 16:45:01,011 [f211638a-2c6b-4b58-9a41-810c99451672@group-ED8F2B9D61A7-LeaderElection3171] INFO  grpc.GrpcConfigKeys$Server (ConfUtils.java:logGet(43)) - raft.grpc.server.leader.outstanding.appends.max = 128 (default)
2019-11-04 16:45:01,011 [f211638a-2c6b-4b58-9a41-810c99451672@group-ED8F2B9D61A7-LeaderElection3171] INFO  server.RaftServerConfigKeys (ConfUtils.java:logGet(43)) - raft.server.rpc.request.timeout = 3000ms (default)
2019-11-04 16:45:01,011 [f211638a-2c6b-4b58-9a41-810c99451672@group-ED8F2B9D61A7-LeaderElection3171] INFO  server.RaftServerConfigKeys (ConfUtils.java:logGet(43)) - raft.server.log.appender.install.snapshot.enabled = false (custom)
2019-11-04 16:45:01,014 [f211638a-2c6b-4b58-9a41-810c99451672@group-ED8F2B9D61A7-LeaderElection3171] INFO  server.RaftServerConfigKeys (ConfUtils.java:logGet(43)) - raft.server.log.appender.snapshot.chunk.size.max = 16MB (=16777216) (default)
2019-11-04 16:45:01,014 [f211638a-2c6b-4b58-9a41-810c99451672@group-ED8F2B9D61A7-LeaderElection3171] INFO  server.RaftServerConfigKeys (ConfUtils.java:logGet(43)) - raft.server.log.appender.buffer.byte-limit = 33554432 (custom)
2019-11-04 16:45:01,014 [f211638a-2c6b-4b58-9a41-810c99451672@group-ED8F2B9D61A7-LeaderElection3171] INFO  server.RaftServerConfigKeys (ConfUtils.java:logGet(43)) - raft.server.log.appender.buffer.element-limit = 1 (custom)
2019-11-04 16:45:01,015 [f211638a-2c6b-4b58-9a41-810c99451672@group-ED8F2B9D61A7-LeaderElection3171] INFO  grpc.GrpcConfigKeys$Server (ConfUtils.java:logGet(43)) - raft.grpc.server.leader.outstanding.appends.max = 128 (default)
2019-11-04 16:45:01,015 [f211638a-2c6b-4b58-9a41-810c99451672@group-ED8F2B9D61A7-LeaderElection3171] INFO  server.RaftServerConfigKeys (ConfUtils.java:logGet(43)) - raft.server.rpc.request.timeout = 3000ms (default)
2019-11-04 16:45:01,015 [f211638a-2c6b-4b58-9a41-810c99451672@group-ED8F2B9D61A7-LeaderElection3171] INFO  server.RaftServerConfigKeys (ConfUtils.java:logGet(43)) - raft.server.log.appender.install.snapshot.enabled = false (custom)
2019-11-04 16:45:01,017 [f211638a-2c6b-4b58-9a41-810c99451672@group-ED8F2B9D61A7-LeaderElection3171] INFO  impl.RoleInfo (RoleInfo.java:updateAndGet(143)) - f211638a-2c6b-4b58-9a41-810c99451672: start LeaderState
2019-11-04 16:45:01,018 [f211638a-2c6b-4b58-9a41-810c99451672@group-ED8F2B9D61A7-LeaderElection3171] INFO  segmented.SegmentedRaftLogWorker (SegmentedRaftLogWorker.java:rollLogSegment(390)) - f211638a-2c6b-4b58-9a41-810c99451672@group-ED8F2B9D61A7-SegmentedRaftLogWorker: Rolling segment log-0_0 to index:0
2019-11-04 16:45:01,020 [f211638a-2c6b-4b58-9a41-810c99451672@group-ED8F2B9D61A7-LeaderElection3171] INFO  impl.RaftServerImpl (ServerState.java:setRaftConf(357)) - f211638a-2c6b-4b58-9a41-810c99451672@group-ED8F2B9D61A7: set configuration 1: [f211638a-2c6b-4b58-9a41-810c99451672:192.168.157.194:34889, fde56d24-c59c-4768-b7bb-458466c8bfd3:192.168.157.194:38692, fbe6c37d-8446-44da-8aed-2f4bcb7dfa1d:192.168.157.194:33200], old=null at 1
2019-11-04 16:45:01,021 [grpc-default-executor-3] WARN  server.GrpcLogAppender (LogUtils.java:warn(134)) - f211638a-2c6b-4b58-9a41-810c99451672@group-ED8F2B9D61A7->fde56d24-c59c-4768-b7bb-458466c8bfd3-AppendLogResponseHandler: Failed appendEntries: org.apache.ratis.thirdparty.io.grpc.StatusRuntimeException: UNAVAILABLE: io exception
2019-11-04 16:45:01,021 [f211638a-2c6b-4b58-9a41-810c99451672@group-ED8F2B9D61A7-SegmentedRaftLogWorker] INFO  segmented.SegmentedRaftLogWorker (SegmentedRaftLogWorker.java:execute(533)) - f211638a-2c6b-4b58-9a41-810c99451672@group-ED8F2B9D61A7-SegmentedRaftLogWorker: Rolled log segment from /workdir/hadoop-ozone/integration-test/target/test-dir/MiniOzoneClusterImpl-fc53e19a-81f7-4cd9-8ff9-5415f8563367/datanode-7/data/ratis/91dbfad9-c175-44f9-8d98-ed8f2b9d61a7/current/log_inprogress_0 to /workdir/hadoop-ozone/integration-test/target/test-dir/MiniOzoneClusterImpl-fc53e19a-81f7-4cd9-8ff9-5415f8563367/datanode-7/data/ratis/91dbfad9-c175-44f9-8d98-ed8f2b9d61a7/current/log_0-0
2019-11-04 16:45:01,023 [grpc-default-executor-11] INFO  impl.RaftServerImpl (ServerState.java:setLeader(256)) - fbe6c37d-8446-44da-8aed-2f4bcb7dfa1d@group-ED8F2B9D61A7: change Leader from null to f211638a-2c6b-4b58-9a41-810c99451672 at term 6 for appendEntries, leader elected after 5085ms
2019-11-04 16:45:01,024 [grpc-default-executor-11] INFO  impl.RaftServerImpl (RaftServerImpl.java:checkInconsistentAppendEntries(1023)) - fbe6c37d-8446-44da-8aed-2f4bcb7dfa1d@group-ED8F2B9D61A7: Failed appendEntries as previous log entry ((t:1, i:0)) is not found
2019-11-04 16:45:01,024 [grpc-default-executor-11] INFO  impl.RaftServerImpl (RaftServerImpl.java:checkInconsistentAppendEntries(996)) - fbe6c37d-8446-44da-8aed-2f4bcb7dfa1d@group-ED8F2B9D61A7: inconsistency entries. Reply:f211638a-2c6b-4b58-9a41-810c99451672<-fbe6c37d-8446-44da-8aed-2f4bcb7dfa1d#0:FAIL,INCONSISTENCY,nextIndex:0,term:6,followerCommit:-1
2019-11-04 16:45:01,026 [grpc-default-executor-11] INFO  impl.FollowerInfo (FollowerInfo.java:lambda$new$0(51)) - f211638a-2c6b-4b58-9a41-810c99451672@group-ED8F2B9D61A7->fbe6c37d-8446-44da-8aed-2f4bcb7dfa1d: nextIndex: updateUnconditionally 1 -> 0
2019-11-04 16:45:01,027 [grpc-default-executor-11] INFO  impl.RaftServerImpl (ServerState.java:setRaftConf(357)) - fbe6c37d-8446-44da-8aed-2f4bcb7dfa1d@group-ED8F2B9D61A7: set configuration 0: [f211638a-2c6b-4b58-9a41-810c99451672:192.168.157.194:34889, fde56d24-c59c-4768-b7bb-458466c8bfd3:192.168.157.194:38692, fbe6c37d-8446-44da-8aed-2f4bcb7dfa1d:192.168.157.194:33200], old=null at 0
2019-11-04 16:45:01,027 [grpc-default-executor-11] INFO  segmented.SegmentedRaftLogWorker (SegmentedRaftLogWorker.java:startLogSegment(385)) - fbe6c37d-8446-44da-8aed-2f4bcb7dfa1d@group-ED8F2B9D61A7-SegmentedRaftLogWorker: Starting segment from index:0
2019-11-04 16:45:01,028 [grpc-default-executor-11] INFO  impl.RaftServerImpl (ServerState.java:setRaftConf(357)) - fbe6c37d-8446-44da-8aed-2f4bcb7dfa1d@group-ED8F2B9D61A7: set configuration 1: [f211638a-2c6b-4b58-9a41-810c99451672:192.168.157.194:34889, fde56d24-c59c-4768-b7bb-458466c8bfd3:192.168.157.194:38692, fbe6c37d-8446-44da-8aed-2f4bcb7dfa1d:192.168.157.194:33200], old=null at 1
2019-11-04 16:45:01,028 [grpc-default-executor-11] INFO  segmented.SegmentedRaftLogWorker (SegmentedRaftLogWorker.java:rollLogSegment(390)) - fbe6c37d-8446-44da-8aed-2f4bcb7dfa1d@group-ED8F2B9D61A7-SegmentedRaftLogWorker: Rolling segment log-0_0 to index:0
2019-11-04 16:45:01,065 [f211638a-2c6b-4b58-9a41-810c99451672@group-ED8F2B9D61A7-SegmentedRaftLogWorker] INFO  segmented.SegmentedRaftLogWorker (SegmentedRaftLogWorker.java:execute(576)) - f211638a-2c6b-4b58-9a41-810c99451672@group-ED8F2B9D61A7-SegmentedRaftLogWorker: created new log segment /workdir/hadoop-ozone/integration-test/target/test-dir/MiniOzoneClusterImpl-fc53e19a-81f7-4cd9-8ff9-5415f8563367/datanode-7/data/ratis/91dbfad9-c175-44f9-8d98-ed8f2b9d61a7/current/log_inprogress_1
2019-11-04 16:45:01,065 [fbe6c37d-8446-44da-8aed-2f4bcb7dfa1d@group-ED8F2B9D61A7-SegmentedRaftLogWorker] INFO  segmented.SegmentedRaftLogWorker (SegmentedRaftLogWorker.java:execute(576)) - fbe6c37d-8446-44da-8aed-2f4bcb7dfa1d@group-ED8F2B9D61A7-SegmentedRaftLogWorker: created new log segment /workdir/hadoop-ozone/integration-test/target/test-dir/MiniOzoneClusterImpl-fc53e19a-81f7-4cd9-8ff9-5415f8563367/datanode-1/data/ratis/91dbfad9-c175-44f9-8d98-ed8f2b9d61a7/current/log_inprogress_0
2019-11-04 16:45:01,077 [fbe6c37d-8446-44da-8aed-2f4bcb7dfa1d@group-ED8F2B9D61A7-SegmentedRaftLogWorker] INFO  segmented.SegmentedRaftLogWorker (SegmentedRaftLogWorker.java:execute(533)) - fbe6c37d-8446-44da-8aed-2f4bcb7dfa1d@group-ED8F2B9D61A7-SegmentedRaftLogWorker: Rolled log segment from /workdir/hadoop-ozone/integration-test/target/test-dir/MiniOzoneClusterImpl-fc53e19a-81f7-4cd9-8ff9-5415f8563367/datanode-1/data/ratis/91dbfad9-c175-44f9-8d98-ed8f2b9d61a7/current/log_inprogress_0 to /workdir/hadoop-ozone/integration-test/target/test-dir/MiniOzoneClusterImpl-fc53e19a-81f7-4cd9-8ff9-5415f8563367/datanode-1/data/ratis/91dbfad9-c175-44f9-8d98-ed8f2b9d61a7/current/log_0-0
2019-11-04 16:45:01,117 [fbe6c37d-8446-44da-8aed-2f4bcb7dfa1d@group-ED8F2B9D61A7-SegmentedRaftLogWorker] INFO  segmented.SegmentedRaftLogWorker (SegmentedRaftLogWorker.java:execute(576)) - fbe6c37d-8446-44da-8aed-2f4bcb7dfa1d@group-ED8F2B9D61A7-SegmentedRaftLogWorker: created new log segment /workdir/hadoop-ozone/integration-test/target/test-dir/MiniOzoneClusterImpl-fc53e19a-81f7-4cd9-8ff9-5415f8563367/datanode-1/data/ratis/91dbfad9-c175-44f9-8d98-ed8f2b9d61a7/current/log_inprogress_1
2019-11-04 16:45:01,300 [Thread-21279] INFO  impl.FollowerState (FollowerState.java:run(108)) - fbe6c37d-8446-44da-8aed-2f4bcb7dfa1d@group-47A9DBD71086-FollowerState: change to CANDIDATE, lastRpcTime:1156ms, electionTimeout:1156ms
2019-11-04 16:45:01,301 [Thread-21279] INFO  impl.RoleInfo (RoleInfo.java:shutdownFollowerState(121)) - fbe6c37d-8446-44da-8aed-2f4bcb7dfa1d: shutdown FollowerState
2019-11-04 16:45:01,301 [Thread-21279] INFO  impl.RaftServerImpl (RaftServerImpl.java:setRole(184)) - fbe6c37d-8446-44da-8aed-2f4bcb7dfa1d@group-47A9DBD71086: changes role from  FOLLOWER to CANDIDATE at term 5 for changeToCandidate
2019-11-04 16:45:01,301 [Thread-21279] INFO  impl.RoleInfo (RoleInfo.java:updateAndGet(143)) - fbe6c37d-8446-44da-8aed-2f4bcb7dfa1d: start LeaderElection
2019-11-04 16:45:01,308 [fbe6c37d-8446-44da-8aed-2f4bcb7dfa1d@group-47A9DBD71086-LeaderElection3178] INFO  impl.LeaderElection (LeaderElection.java:askForVotes(178)) - fbe6c37d-8446-44da-8aed-2f4bcb7dfa1d@group-47A9DBD71086-LeaderElection3178: begin an election at term 6 for -1: [f211638a-2c6b-4b58-9a41-810c99451672:192.168.157.194:34889, fde56d24-c59c-4768-b7bb-458466c8bfd3:192.168.157.194:38692, fbe6c37d-8446-44da-8aed-2f4bcb7dfa1d:192.168.157.194:33200], old=null
2019-11-04 16:45:01,309 [fbe6c37d-8446-44da-8aed-2f4bcb7dfa1d@group-47A9DBD71086-LeaderElection3178] INFO  impl.LeaderElection (LogUtils.java:infoOrTrace(149)) - fbe6c37d-8446-44da-8aed-2f4bcb7dfa1d@group-47A9DBD71086-LeaderElection3178 got exception when requesting votes: {}
java.util.concurrent.ExecutionException: org.apache.ratis.thirdparty.io.grpc.StatusRuntimeException: UNAVAILABLE: io exception
	at java.util.concurrent.FutureTask.report(FutureTask.java:122)
	at java.util.concurrent.FutureTask.get(FutureTask.java:192)
	at org.apache.ratis.server.impl.LeaderElection.waitForResults(LeaderElection.java:259)
	at org.apache.ratis.server.impl.LeaderElection.askForVotes(LeaderElection.java:197)
	at org.apache.ratis.server.impl.LeaderElection.run(LeaderElection.java:133)
	at java.lang.Thread.run(Thread.java:748)
Caused by: org.apache.ratis.thirdparty.io.grpc.StatusRuntimeException: UNAVAILABLE: io exception
	at org.apache.ratis.thirdparty.io.grpc.stub.ClientCalls.toStatusRuntimeException(ClientCalls.java:233)
	at org.apache.ratis.thirdparty.io.grpc.stub.ClientCalls.getUnchecked(ClientCalls.java:214)
	at org.apache.ratis.thirdparty.io.grpc.stub.ClientCalls.blockingUnaryCall(ClientCalls.java:139)
	at org.apache.ratis.proto.grpc.RaftServerProtocolServiceGrpc$RaftServerProtocolServiceBlockingStub.requestVote(RaftServerProtocolServiceGrpc.java:265)
	at org.apache.ratis.grpc.server.GrpcServerProtocolClient.requestVote(GrpcServerProtocolClient.java:99)
	at org.apache.ratis.grpc.server.GrpcService.requestVote(GrpcService.java:204)
	at org.apache.ratis.server.impl.LeaderElection.lambda$submitRequests$1(LeaderElection.java:234)
	at java.util.concurrent.FutureTask.run(FutureTask.java:266)
	at java.util.concurrent.Executors$RunnableAdapter.call(Executors.java:511)
	at java.util.concurrent.FutureTask.run(FutureTask.java:266)
	at java.util.concurrent.ThreadPoolExecutor.runWorker(ThreadPoolExecutor.java:1149)
	at java.util.concurrent.ThreadPoolExecutor$Worker.run(ThreadPoolExecutor.java:624)
	... 1 more
Caused by: org.apache.ratis.thirdparty.io.netty.channel.AbstractChannel$AnnotatedConnectException: Connection refused: /192.168.157.194:38692
	at sun.nio.ch.SocketChannelImpl.checkConnect(Native Method)
	at sun.nio.ch.SocketChannelImpl.finishConnect(SocketChannelImpl.java:717)
	at org.apache.ratis.thirdparty.io.netty.channel.socket.nio.NioSocketChannel.doFinishConnect(NioSocketChannel.java:327)
	at org.apache.ratis.thirdparty.io.netty.channel.nio.AbstractNioChannel$AbstractNioUnsafe.finishConnect(AbstractNioChannel.java:340)
	at org.apache.ratis.thirdparty.io.netty.channel.nio.NioEventLoop.processSelectedKey(NioEventLoop.java:632)
	at org.apache.ratis.thirdparty.io.netty.channel.nio.NioEventLoop.processSelectedKeysOptimized(NioEventLoop.java:579)
	at org.apache.ratis.thirdparty.io.netty.channel.nio.NioEventLoop.processSelectedKeys(NioEventLoop.java:496)
	at org.apache.ratis.thirdparty.io.netty.channel.nio.NioEventLoop.run(NioEventLoop.java:458)
	at org.apache.ratis.thirdparty.io.netty.util.concurrent.SingleThreadEventExecutor$5.run(SingleThreadEventExecutor.java:897)
	at org.apache.ratis.thirdparty.io.netty.util.concurrent.FastThreadLocalRunnable.run(FastThreadLocalRunnable.java:30)
	... 1 more
Caused by: java.net.ConnectException: Connection refused
	... 11 more
2019-11-04 16:45:01,310 [fbe6c37d-8446-44da-8aed-2f4bcb7dfa1d@group-47A9DBD71086-LeaderElection3178] INFO  impl.LeaderElection (LeaderElection.java:logAndReturn(56)) - fbe6c37d-8446-44da-8aed-2f4bcb7dfa1d@group-47A9DBD71086-LeaderElection3178: Election REJECTED; received 1 response(s) [fbe6c37d-8446-44da-8aed-2f4bcb7dfa1d<-f211638a-2c6b-4b58-9a41-810c99451672#0:FAIL-t6] and 1 exception(s); fbe6c37d-8446-44da-8aed-2f4bcb7dfa1d@group-47A9DBD71086:t6, leader=null, voted=fbe6c37d-8446-44da-8aed-2f4bcb7dfa1d, raftlog=fbe6c37d-8446-44da-8aed-2f4bcb7dfa1d@group-47A9DBD71086-SegmentedRaftLog:OPENED:c-1,f-1,i0, conf=-1: [f211638a-2c6b-4b58-9a41-810c99451672:192.168.157.194:34889, fde56d24-c59c-4768-b7bb-458466c8bfd3:192.168.157.194:38692, fbe6c37d-8446-44da-8aed-2f4bcb7dfa1d:192.168.157.194:33200], old=null
2019-11-04 16:45:01,310 [fbe6c37d-8446-44da-8aed-2f4bcb7dfa1d@group-47A9DBD71086-LeaderElection3178] INFO  impl.LeaderElection (LogUtils.java:infoOrTrace(149)) -   Exception 0: {}
java.util.concurrent.ExecutionException: org.apache.ratis.thirdparty.io.grpc.StatusRuntimeException: UNAVAILABLE: io exception
	at java.util.concurrent.FutureTask.report(FutureTask.java:122)
	at java.util.concurrent.FutureTask.get(FutureTask.java:192)
	at org.apache.ratis.server.impl.LeaderElection.waitForResults(LeaderElection.java:259)
	at org.apache.ratis.server.impl.LeaderElection.askForVotes(LeaderElection.java:197)
	at org.apache.ratis.server.impl.LeaderElection.run(LeaderElection.java:133)
	at java.lang.Thread.run(Thread.java:748)
Caused by: org.apache.ratis.thirdparty.io.grpc.StatusRuntimeException: UNAVAILABLE: io exception
	at org.apache.ratis.thirdparty.io.grpc.stub.ClientCalls.toStatusRuntimeException(ClientCalls.java:233)
	at org.apache.ratis.thirdparty.io.grpc.stub.ClientCalls.getUnchecked(ClientCalls.java:214)
	at org.apache.ratis.thirdparty.io.grpc.stub.ClientCalls.blockingUnaryCall(ClientCalls.java:139)
	at org.apache.ratis.proto.grpc.RaftServerProtocolServiceGrpc$RaftServerProtocolServiceBlockingStub.requestVote(RaftServerProtocolServiceGrpc.java:265)
	at org.apache.ratis.grpc.server.GrpcServerProtocolClient.requestVote(GrpcServerProtocolClient.java:99)
	at org.apache.ratis.grpc.server.GrpcService.requestVote(GrpcService.java:204)
	at org.apache.ratis.server.impl.LeaderElection.lambda$submitRequests$1(LeaderElection.java:234)
	at java.util.concurrent.FutureTask.run(FutureTask.java:266)
	at java.util.concurrent.Executors$RunnableAdapter.call(Executors.java:511)
	at java.util.concurrent.FutureTask.run(FutureTask.java:266)
	at java.util.concurrent.ThreadPoolExecutor.runWorker(ThreadPoolExecutor.java:1149)
	at java.util.concurrent.ThreadPoolExecutor$Worker.run(ThreadPoolExecutor.java:624)
	... 1 more
Caused by: org.apache.ratis.thirdparty.io.netty.channel.AbstractChannel$AnnotatedConnectException: Connection refused: /192.168.157.194:38692
	at sun.nio.ch.SocketChannelImpl.checkConnect(Native Method)
	at sun.nio.ch.SocketChannelImpl.finishConnect(SocketChannelImpl.java:717)
	at org.apache.ratis.thirdparty.io.netty.channel.socket.nio.NioSocketChannel.doFinishConnect(NioSocketChannel.java:327)
	at org.apache.ratis.thirdparty.io.netty.channel.nio.AbstractNioChannel$AbstractNioUnsafe.finishConnect(AbstractNioChannel.java:340)
	at org.apache.ratis.thirdparty.io.netty.channel.nio.NioEventLoop.processSelectedKey(NioEventLoop.java:632)
	at org.apache.ratis.thirdparty.io.netty.channel.nio.NioEventLoop.processSelectedKeysOptimized(NioEventLoop.java:579)
	at org.apache.ratis.thirdparty.io.netty.channel.nio.NioEventLoop.processSelectedKeys(NioEventLoop.java:496)
	at org.apache.ratis.thirdparty.io.netty.channel.nio.NioEventLoop.run(NioEventLoop.java:458)
	at org.apache.ratis.thirdparty.io.netty.util.concurrent.SingleThreadEventExecutor$5.run(SingleThreadEventExecutor.java:897)
	at org.apache.ratis.thirdparty.io.netty.util.concurrent.FastThreadLocalRunnable.run(FastThreadLocalRunnable.java:30)
	... 1 more
Caused by: java.net.ConnectException: Connection refused
	... 11 more
2019-11-04 16:45:01,311 [fbe6c37d-8446-44da-8aed-2f4bcb7dfa1d@group-47A9DBD71086-LeaderElection3178] INFO  impl.RaftServerImpl (RaftServerImpl.java:setRole(184)) - fbe6c37d-8446-44da-8aed-2f4bcb7dfa1d@group-47A9DBD71086: changes role from CANDIDATE to FOLLOWER at term 6 for DISCOVERED_A_NEW_TERM
2019-11-04 16:45:01,311 [fbe6c37d-8446-44da-8aed-2f4bcb7dfa1d@group-47A9DBD71086-LeaderElection3178] INFO  impl.RoleInfo (RoleInfo.java:shutdownLeaderElection(134)) - fbe6c37d-8446-44da-8aed-2f4bcb7dfa1d: shutdown LeaderElection
2019-11-04 16:45:01,311 [fbe6c37d-8446-44da-8aed-2f4bcb7dfa1d@group-47A9DBD71086-LeaderElection3178] INFO  impl.RoleInfo (RoleInfo.java:updateAndGet(143)) - fbe6c37d-8446-44da-8aed-2f4bcb7dfa1d: start FollowerState
2019-11-04 16:45:01,401 [Datanode State Machine Thread - 0] INFO  statemachine.DatanodeStateMachine (DatanodeStateMachine.java:lambda$startDaemon$0(350)) - Ozone container server started.
2019-11-04 16:45:01,890 [java.util.concurrent.ThreadPoolExecutor$Worker@24170a01[State = -1, empty queue]] WARN  server.GrpcLogAppender (GrpcLogAppender.java:timeoutAppendRequest(209)) - f211638a-2c6b-4b58-9a41-810c99451672@group-36B5FC60EDDD->fde56d24-c59c-4768-b7bb-458466c8bfd3-GrpcLogAppender: appendEntries Timeout, request=f211638a-2c6b-4b58-9a41-810c99451672->fde56d24-c59c-4768-b7bb-458466c8bfd3#1-t1, previous=(t:0, i:0), leaderCommit=0, initializing? false, entries: <empty>
2019-11-04 16:45:02,168 [Thread-21291] INFO  impl.FollowerState (FollowerState.java:run(108)) - f211638a-2c6b-4b58-9a41-810c99451672@group-47A9DBD71086-FollowerState: change to CANDIDATE, lastRpcTime:1158ms, electionTimeout:1158ms
2019-11-04 16:45:02,168 [Thread-21291] INFO  impl.RoleInfo (RoleInfo.java:shutdownFollowerState(121)) - f211638a-2c6b-4b58-9a41-810c99451672: shutdown FollowerState
2019-11-04 16:45:02,168 [Thread-21291] INFO  impl.RaftServerImpl (RaftServerImpl.java:setRole(184)) - f211638a-2c6b-4b58-9a41-810c99451672@group-47A9DBD71086: changes role from  FOLLOWER to CANDIDATE at term 6 for changeToCandidate
2019-11-04 16:45:02,169 [Thread-21291] INFO  impl.RoleInfo (RoleInfo.java:updateAndGet(143)) - f211638a-2c6b-4b58-9a41-810c99451672: start LeaderElection
2019-11-04 16:45:02,183 [f211638a-2c6b-4b58-9a41-810c99451672@group-47A9DBD71086-LeaderElection3179] INFO  impl.LeaderElection (LeaderElection.java:askForVotes(178)) - f211638a-2c6b-4b58-9a41-810c99451672@group-47A9DBD71086-LeaderElection3179: begin an election at term 7 for 0: [f211638a-2c6b-4b58-9a41-810c99451672:192.168.157.194:34889, fde56d24-c59c-4768-b7bb-458466c8bfd3:192.168.157.194:38692, fbe6c37d-8446-44da-8aed-2f4bcb7dfa1d:192.168.157.194:33200], old=null
2019-11-04 16:45:02,183 [f211638a-2c6b-4b58-9a41-810c99451672@group-47A9DBD71086-LeaderElection3179] INFO  impl.LeaderElection (LogUtils.java:infoOrTrace(149)) - f211638a-2c6b-4b58-9a41-810c99451672@group-47A9DBD71086-LeaderElection3179 got exception when requesting votes: {}
java.util.concurrent.ExecutionException: org.apache.ratis.thirdparty.io.grpc.StatusRuntimeException: UNAVAILABLE: io exception
	at java.util.concurrent.FutureTask.report(FutureTask.java:122)
	at java.util.concurrent.FutureTask.get(FutureTask.java:192)
	at org.apache.ratis.server.impl.LeaderElection.waitForResults(LeaderElection.java:259)
	at org.apache.ratis.server.impl.LeaderElection.askForVotes(LeaderElection.java:197)
	at org.apache.ratis.server.impl.LeaderElection.run(LeaderElection.java:133)
	at java.lang.Thread.run(Thread.java:748)
Caused by: org.apache.ratis.thirdparty.io.grpc.StatusRuntimeException: UNAVAILABLE: io exception
	at org.apache.ratis.thirdparty.io.grpc.stub.ClientCalls.toStatusRuntimeException(ClientCalls.java:233)
	at org.apache.ratis.thirdparty.io.grpc.stub.ClientCalls.getUnchecked(ClientCalls.java:214)
	at org.apache.ratis.thirdparty.io.grpc.stub.ClientCalls.blockingUnaryCall(ClientCalls.java:139)
	at org.apache.ratis.proto.grpc.RaftServerProtocolServiceGrpc$RaftServerProtocolServiceBlockingStub.requestVote(RaftServerProtocolServiceGrpc.java:265)
	at org.apache.ratis.grpc.server.GrpcServerProtocolClient.requestVote(GrpcServerProtocolClient.java:99)
	at org.apache.ratis.grpc.server.GrpcService.requestVote(GrpcService.java:204)
	at org.apache.ratis.server.impl.LeaderElection.lambda$submitRequests$1(LeaderElection.java:234)
	at java.util.concurrent.FutureTask.run(FutureTask.java:266)
	at java.util.concurrent.Executors$RunnableAdapter.call(Executors.java:511)
	at java.util.concurrent.FutureTask.run(FutureTask.java:266)
	at java.util.concurrent.ThreadPoolExecutor.runWorker(ThreadPoolExecutor.java:1149)
	at java.util.concurrent.ThreadPoolExecutor$Worker.run(ThreadPoolExecutor.java:624)
	... 1 more
Caused by: org.apache.ratis.thirdparty.io.netty.channel.AbstractChannel$AnnotatedConnectException: Connection refused: /192.168.157.194:38692
	at sun.nio.ch.SocketChannelImpl.checkConnect(Native Method)
	at sun.nio.ch.SocketChannelImpl.finishConnect(SocketChannelImpl.java:717)
	at org.apache.ratis.thirdparty.io.netty.channel.socket.nio.NioSocketChannel.doFinishConnect(NioSocketChannel.java:327)
	at org.apache.ratis.thirdparty.io.netty.channel.nio.AbstractNioChannel$AbstractNioUnsafe.finishConnect(AbstractNioChannel.java:340)
	at org.apache.ratis.thirdparty.io.netty.channel.nio.NioEventLoop.processSelectedKey(NioEventLoop.java:632)
	at org.apache.ratis.thirdparty.io.netty.channel.nio.NioEventLoop.processSelectedKeysOptimized(NioEventLoop.java:579)
	at org.apache.ratis.thirdparty.io.netty.channel.nio.NioEventLoop.processSelectedKeys(NioEventLoop.java:496)
	at org.apache.ratis.thirdparty.io.netty.channel.nio.NioEventLoop.run(NioEventLoop.java:458)
	at org.apache.ratis.thirdparty.io.netty.util.concurrent.SingleThreadEventExecutor$5.run(SingleThreadEventExecutor.java:897)
	at org.apache.ratis.thirdparty.io.netty.util.concurrent.FastThreadLocalRunnable.run(FastThreadLocalRunnable.java:30)
	... 1 more
Caused by: java.net.ConnectException: Connection refused
	... 11 more
2019-11-04 16:45:02,185 [grpc-default-executor-11] INFO  impl.RaftServerImpl (RaftServerImpl.java:setRole(184)) - fbe6c37d-8446-44da-8aed-2f4bcb7dfa1d@group-47A9DBD71086: changes role from  FOLLOWER to FOLLOWER at term 7 for recognizeCandidate:f211638a-2c6b-4b58-9a41-810c99451672
2019-11-04 16:45:02,185 [grpc-default-executor-11] INFO  impl.RoleInfo (RoleInfo.java:shutdownFollowerState(121)) - fbe6c37d-8446-44da-8aed-2f4bcb7dfa1d: shutdown FollowerState
2019-11-04 16:45:02,185 [grpc-default-executor-11] INFO  impl.RoleInfo (RoleInfo.java:updateAndGet(143)) - fbe6c37d-8446-44da-8aed-2f4bcb7dfa1d: start FollowerState
2019-11-04 16:45:02,185 [Thread-21303] INFO  impl.FollowerState (FollowerState.java:run(117)) - fbe6c37d-8446-44da-8aed-2f4bcb7dfa1d@group-47A9DBD71086-FollowerState was interrupted: java.lang.InterruptedException: sleep interrupted
2019-11-04 16:45:02,200 [f211638a-2c6b-4b58-9a41-810c99451672@group-47A9DBD71086-LeaderElection3179] INFO  impl.LeaderElection (LeaderElection.java:logAndReturn(56)) - f211638a-2c6b-4b58-9a41-810c99451672@group-47A9DBD71086-LeaderElection3179: Election PASSED; received 1 response(s) [f211638a-2c6b-4b58-9a41-810c99451672<-fbe6c37d-8446-44da-8aed-2f4bcb7dfa1d#0:OK-t7] and 1 exception(s); f211638a-2c6b-4b58-9a41-810c99451672@group-47A9DBD71086:t7, leader=null, voted=f211638a-2c6b-4b58-9a41-810c99451672, raftlog=f211638a-2c6b-4b58-9a41-810c99451672@group-47A9DBD71086-SegmentedRaftLog:OPENED:c-1,f0,i0, conf=0: [f211638a-2c6b-4b58-9a41-810c99451672:192.168.157.194:34889, fde56d24-c59c-4768-b7bb-458466c8bfd3:192.168.157.194:38692, fbe6c37d-8446-44da-8aed-2f4bcb7dfa1d:192.168.157.194:33200], old=null
2019-11-04 16:45:02,200 [f211638a-2c6b-4b58-9a41-810c99451672@group-47A9DBD71086-LeaderElection3179] INFO  impl.LeaderElection (LogUtils.java:infoOrTrace(149)) -   Exception 0: {}
java.util.concurrent.ExecutionException: org.apache.ratis.thirdparty.io.grpc.StatusRuntimeException: UNAVAILABLE: io exception
	at java.util.concurrent.FutureTask.report(FutureTask.java:122)
	at java.util.concurrent.FutureTask.get(FutureTask.java:192)
	at org.apache.ratis.server.impl.LeaderElection.waitForResults(LeaderElection.java:259)
	at org.apache.ratis.server.impl.LeaderElection.askForVotes(LeaderElection.java:197)
	at org.apache.ratis.server.impl.LeaderElection.run(LeaderElection.java:133)
	at java.lang.Thread.run(Thread.java:748)
Caused by: org.apache.ratis.thirdparty.io.grpc.StatusRuntimeException: UNAVAILABLE: io exception
	at org.apache.ratis.thirdparty.io.grpc.stub.ClientCalls.toStatusRuntimeException(ClientCalls.java:233)
	at org.apache.ratis.thirdparty.io.grpc.stub.ClientCalls.getUnchecked(ClientCalls.java:214)
	at org.apache.ratis.thirdparty.io.grpc.stub.ClientCalls.blockingUnaryCall(ClientCalls.java:139)
	at org.apache.ratis.proto.grpc.RaftServerProtocolServiceGrpc$RaftServerProtocolServiceBlockingStub.requestVote(RaftServerProtocolServiceGrpc.java:265)
	at org.apache.ratis.grpc.server.GrpcServerProtocolClient.requestVote(GrpcServerProtocolClient.java:99)
	at org.apache.ratis.grpc.server.GrpcService.requestVote(GrpcService.java:204)
	at org.apache.ratis.server.impl.LeaderElection.lambda$submitRequests$1(LeaderElection.java:234)
	at java.util.concurrent.FutureTask.run(FutureTask.java:266)
	at java.util.concurrent.Executors$RunnableAdapter.call(Executors.java:511)
	at java.util.concurrent.FutureTask.run(FutureTask.java:266)
	at java.util.concurrent.ThreadPoolExecutor.runWorker(ThreadPoolExecutor.java:1149)
	at java.util.concurrent.ThreadPoolExecutor$Worker.run(ThreadPoolExecutor.java:624)
	... 1 more
Caused by: org.apache.ratis.thirdparty.io.netty.channel.AbstractChannel$AnnotatedConnectException: Connection refused: /192.168.157.194:38692
	at sun.nio.ch.SocketChannelImpl.checkConnect(Native Method)
	at sun.nio.ch.SocketChannelImpl.finishConnect(SocketChannelImpl.java:717)
	at org.apache.ratis.thirdparty.io.netty.channel.socket.nio.NioSocketChannel.doFinishConnect(NioSocketChannel.java:327)
	at org.apache.ratis.thirdparty.io.netty.channel.nio.AbstractNioChannel$AbstractNioUnsafe.finishConnect(AbstractNioChannel.java:340)
	at org.apache.ratis.thirdparty.io.netty.channel.nio.NioEventLoop.processSelectedKey(NioEventLoop.java:632)
	at org.apache.ratis.thirdparty.io.netty.channel.nio.NioEventLoop.processSelectedKeysOptimized(NioEventLoop.java:579)
	at org.apache.ratis.thirdparty.io.netty.channel.nio.NioEventLoop.processSelectedKeys(NioEventLoop.java:496)
	at org.apache.ratis.thirdparty.io.netty.channel.nio.NioEventLoop.run(NioEventLoop.java:458)
	at org.apache.ratis.thirdparty.io.netty.util.concurrent.SingleThreadEventExecutor$5.run(SingleThreadEventExecutor.java:897)
	at org.apache.ratis.thirdparty.io.netty.util.concurrent.FastThreadLocalRunnable.run(FastThreadLocalRunnable.java:30)
	... 1 more
Caused by: java.net.ConnectException: Connection refused
	... 11 more
2019-11-04 16:45:02,201 [f211638a-2c6b-4b58-9a41-810c99451672@group-47A9DBD71086-LeaderElection3179] INFO  impl.RoleInfo (RoleInfo.java:shutdownLeaderElection(134)) - f211638a-2c6b-4b58-9a41-810c99451672: shutdown LeaderElection
2019-11-04 16:45:02,201 [f211638a-2c6b-4b58-9a41-810c99451672@group-47A9DBD71086-LeaderElection3179] INFO  impl.RaftServerImpl (RaftServerImpl.java:setRole(184)) - f211638a-2c6b-4b58-9a41-810c99451672@group-47A9DBD71086: changes role from CANDIDATE to LEADER at term 7 for changeToLeader
2019-11-04 16:45:02,201 [f211638a-2c6b-4b58-9a41-810c99451672@group-47A9DBD71086-LeaderElection3179] INFO  impl.RaftServerImpl (ServerState.java:setLeader(256)) - f211638a-2c6b-4b58-9a41-810c99451672@group-47A9DBD71086: change Leader from null to f211638a-2c6b-4b58-9a41-810c99451672 at term 7 for becomeLeader, leader elected after 6252ms
2019-11-04 16:45:02,201 [f211638a-2c6b-4b58-9a41-810c99451672@group-47A9DBD71086-LeaderElection3179] INFO  server.RaftServerConfigKeys (ConfUtils.java:logGet(43)) - raft.server.staging.catchup.gap = 1000 (default)
2019-11-04 16:45:02,201 [f211638a-2c6b-4b58-9a41-810c99451672@group-47A9DBD71086-LeaderElection3179] INFO  server.RaftServerConfigKeys (ConfUtils.java:logGet(43)) - raft.server.rpc.sleep.time = 25ms (default)
2019-11-04 16:45:02,201 [f211638a-2c6b-4b58-9a41-810c99451672@group-47A9DBD71086-LeaderElection3179] INFO  server.RaftServerConfigKeys (ConfUtils.java:logGet(43)) - raft.server.write.element-limit = 4096 (default)
2019-11-04 16:45:02,201 [f211638a-2c6b-4b58-9a41-810c99451672@group-47A9DBD71086-LeaderElection3179] INFO  server.RaftServerConfigKeys (ConfUtils.java:logGet(43)) - raft.server.watch.timeout = 10s (default)
2019-11-04 16:45:02,202 [f211638a-2c6b-4b58-9a41-810c99451672@group-47A9DBD71086-LeaderElection3179] INFO  server.RaftServerConfigKeys (ConfUtils.java:logGet(43)) - raft.server.watch.timeout.denomination = 1s (default)
2019-11-04 16:45:02,202 [f211638a-2c6b-4b58-9a41-810c99451672@group-47A9DBD71086-LeaderElection3179] INFO  server.RaftServerConfigKeys (ConfUtils.java:logGet(43)) - raft.server.watch.element-limit = 65536 (default)
2019-11-04 16:45:02,202 [f211638a-2c6b-4b58-9a41-810c99451672@group-47A9DBD71086-LeaderElection3179] INFO  server.RaftServerConfigKeys (ConfUtils.java:logGet(43)) - raft.server.log.appender.snapshot.chunk.size.max = 16MB (=16777216) (default)
2019-11-04 16:45:02,202 [f211638a-2c6b-4b58-9a41-810c99451672@group-47A9DBD71086-LeaderElection3179] INFO  server.RaftServerConfigKeys (ConfUtils.java:logGet(43)) - raft.server.log.appender.buffer.byte-limit = 33554432 (custom)
2019-11-04 16:45:02,202 [f211638a-2c6b-4b58-9a41-810c99451672@group-47A9DBD71086-LeaderElection3179] INFO  server.RaftServerConfigKeys (ConfUtils.java:logGet(43)) - raft.server.log.appender.buffer.element-limit = 1 (custom)
2019-11-04 16:45:02,203 [f211638a-2c6b-4b58-9a41-810c99451672@group-47A9DBD71086-LeaderElection3179] INFO  grpc.GrpcConfigKeys$Server (ConfUtils.java:logGet(43)) - raft.grpc.server.leader.outstanding.appends.max = 128 (default)
2019-11-04 16:45:02,203 [f211638a-2c6b-4b58-9a41-810c99451672@group-47A9DBD71086-LeaderElection3179] INFO  server.RaftServerConfigKeys (ConfUtils.java:logGet(43)) - raft.server.rpc.request.timeout = 3000ms (default)
2019-11-04 16:45:02,203 [f211638a-2c6b-4b58-9a41-810c99451672@group-47A9DBD71086-LeaderElection3179] INFO  server.RaftServerConfigKeys (ConfUtils.java:logGet(43)) - raft.server.log.appender.install.snapshot.enabled = false (custom)
2019-11-04 16:45:02,205 [f211638a-2c6b-4b58-9a41-810c99451672@group-47A9DBD71086-LeaderElection3179] INFO  server.RaftServerConfigKeys (ConfUtils.java:logGet(43)) - raft.server.log.appender.snapshot.chunk.size.max = 16MB (=16777216) (default)
2019-11-04 16:45:02,205 [f211638a-2c6b-4b58-9a41-810c99451672@group-47A9DBD71086-LeaderElection3179] INFO  server.RaftServerConfigKeys (ConfUtils.java:logGet(43)) - raft.server.log.appender.buffer.byte-limit = 33554432 (custom)
2019-11-04 16:45:02,205 [f211638a-2c6b-4b58-9a41-810c99451672@group-47A9DBD71086-LeaderElection3179] INFO  server.RaftServerConfigKeys (ConfUtils.java:logGet(43)) - raft.server.log.appender.buffer.element-limit = 1 (custom)
2019-11-04 16:45:02,205 [f211638a-2c6b-4b58-9a41-810c99451672@group-47A9DBD71086-LeaderElection3179] INFO  grpc.GrpcConfigKeys$Server (ConfUtils.java:logGet(43)) - raft.grpc.server.leader.outstanding.appends.max = 128 (default)
2019-11-04 16:45:02,205 [f211638a-2c6b-4b58-9a41-810c99451672@group-47A9DBD71086-LeaderElection3179] INFO  server.RaftServerConfigKeys (ConfUtils.java:logGet(43)) - raft.server.rpc.request.timeout = 3000ms (default)
2019-11-04 16:45:02,206 [f211638a-2c6b-4b58-9a41-810c99451672@group-47A9DBD71086-LeaderElection3179] INFO  server.RaftServerConfigKeys (ConfUtils.java:logGet(43)) - raft.server.log.appender.install.snapshot.enabled = false (custom)
2019-11-04 16:45:02,207 [f211638a-2c6b-4b58-9a41-810c99451672@group-47A9DBD71086-LeaderElection3179] INFO  impl.RoleInfo (RoleInfo.java:updateAndGet(143)) - f211638a-2c6b-4b58-9a41-810c99451672: start LeaderState
2019-11-04 16:45:02,208 [f211638a-2c6b-4b58-9a41-810c99451672@group-47A9DBD71086-LeaderElection3179] INFO  segmented.SegmentedRaftLogWorker (SegmentedRaftLogWorker.java:rollLogSegment(390)) - f211638a-2c6b-4b58-9a41-810c99451672@group-47A9DBD71086-SegmentedRaftLogWorker: Rolling segment log-0_0 to index:0
2019-11-04 16:45:02,208 [f211638a-2c6b-4b58-9a41-810c99451672@group-47A9DBD71086-LeaderElection3179] INFO  impl.RaftServerImpl (ServerState.java:setRaftConf(357)) - f211638a-2c6b-4b58-9a41-810c99451672@group-47A9DBD71086: set configuration 1: [f211638a-2c6b-4b58-9a41-810c99451672:192.168.157.194:34889, fde56d24-c59c-4768-b7bb-458466c8bfd3:192.168.157.194:38692, fbe6c37d-8446-44da-8aed-2f4bcb7dfa1d:192.168.157.194:33200], old=null at 1
2019-11-04 16:45:02,209 [f211638a-2c6b-4b58-9a41-810c99451672@group-47A9DBD71086-SegmentedRaftLogWorker] INFO  segmented.SegmentedRaftLogWorker (SegmentedRaftLogWorker.java:execute(533)) - f211638a-2c6b-4b58-9a41-810c99451672@group-47A9DBD71086-SegmentedRaftLogWorker: Rolled log segment from /workdir/hadoop-ozone/integration-test/target/test-dir/MiniOzoneClusterImpl-fc53e19a-81f7-4cd9-8ff9-5415f8563367/datanode-7/data/ratis/ee002801-4af9-4e0e-b19e-47a9dbd71086/current/log_inprogress_0 to /workdir/hadoop-ozone/integration-test/target/test-dir/MiniOzoneClusterImpl-fc53e19a-81f7-4cd9-8ff9-5415f8563367/datanode-7/data/ratis/ee002801-4af9-4e0e-b19e-47a9dbd71086/current/log_0-0
2019-11-04 16:45:02,209 [grpc-default-executor-11] WARN  server.GrpcLogAppender (LogUtils.java:warn(134)) - f211638a-2c6b-4b58-9a41-810c99451672@group-47A9DBD71086->fde56d24-c59c-4768-b7bb-458466c8bfd3-AppendLogResponseHandler: Failed appendEntries: org.apache.ratis.thirdparty.io.grpc.StatusRuntimeException: UNAVAILABLE: io exception
2019-11-04 16:45:02,210 [grpc-default-executor-3] INFO  impl.RaftServerImpl (ServerState.java:setLeader(256)) - fbe6c37d-8446-44da-8aed-2f4bcb7dfa1d@group-47A9DBD71086: change Leader from null to f211638a-2c6b-4b58-9a41-810c99451672 at term 7 for appendEntries, leader elected after 6271ms
2019-11-04 16:45:02,210 [grpc-default-executor-3] INFO  impl.RaftServerImpl (RaftServerImpl.java:checkInconsistentAppendEntries(1023)) - fbe6c37d-8446-44da-8aed-2f4bcb7dfa1d@group-47A9DBD71086: Failed appendEntries as previous log entry ((t:1, i:0)) is not found
2019-11-04 16:45:02,210 [grpc-default-executor-3] INFO  impl.RaftServerImpl (RaftServerImpl.java:checkInconsistentAppendEntries(996)) - fbe6c37d-8446-44da-8aed-2f4bcb7dfa1d@group-47A9DBD71086: inconsistency entries. Reply:f211638a-2c6b-4b58-9a41-810c99451672<-fbe6c37d-8446-44da-8aed-2f4bcb7dfa1d#0:FAIL,INCONSISTENCY,nextIndex:0,term:7,followerCommit:-1
2019-11-04 16:45:02,211 [grpc-default-executor-3] INFO  impl.FollowerInfo (FollowerInfo.java:lambda$new$0(51)) - f211638a-2c6b-4b58-9a41-810c99451672@group-47A9DBD71086->fbe6c37d-8446-44da-8aed-2f4bcb7dfa1d: nextIndex: updateUnconditionally 1 -> 0
2019-11-04 16:45:02,212 [grpc-default-executor-3] INFO  impl.RaftServerImpl (ServerState.java:setRaftConf(357)) - fbe6c37d-8446-44da-8aed-2f4bcb7dfa1d@group-47A9DBD71086: set configuration 0: [f211638a-2c6b-4b58-9a41-810c99451672:192.168.157.194:34889, fde56d24-c59c-4768-b7bb-458466c8bfd3:192.168.157.194:38692, fbe6c37d-8446-44da-8aed-2f4bcb7dfa1d:192.168.157.194:33200], old=null at 0
2019-11-04 16:45:02,212 [grpc-default-executor-3] INFO  segmented.SegmentedRaftLogWorker (SegmentedRaftLogWorker.java:startLogSegment(385)) - fbe6c37d-8446-44da-8aed-2f4bcb7dfa1d@group-47A9DBD71086-SegmentedRaftLogWorker: Starting segment from index:0
2019-11-04 16:45:02,213 [grpc-default-executor-3] INFO  impl.RaftServerImpl (ServerState.java:setRaftConf(357)) - fbe6c37d-8446-44da-8aed-2f4bcb7dfa1d@group-47A9DBD71086: set configuration 1: [f211638a-2c6b-4b58-9a41-810c99451672:192.168.157.194:34889, fde56d24-c59c-4768-b7bb-458466c8bfd3:192.168.157.194:38692, fbe6c37d-8446-44da-8aed-2f4bcb7dfa1d:192.168.157.194:33200], old=null at 1
2019-11-04 16:45:02,213 [grpc-default-executor-3] INFO  segmented.SegmentedRaftLogWorker (SegmentedRaftLogWorker.java:rollLogSegment(390)) - fbe6c37d-8446-44da-8aed-2f4bcb7dfa1d@group-47A9DBD71086-SegmentedRaftLogWorker: Rolling segment log-0_0 to index:0
2019-11-04 16:45:02,256 [fbe6c37d-8446-44da-8aed-2f4bcb7dfa1d@group-47A9DBD71086-SegmentedRaftLogWorker] INFO  segmented.SegmentedRaftLogWorker (SegmentedRaftLogWorker.java:execute(576)) - fbe6c37d-8446-44da-8aed-2f4bcb7dfa1d@group-47A9DBD71086-SegmentedRaftLogWorker: created new log segment /workdir/hadoop-ozone/integration-test/target/test-dir/MiniOzoneClusterImpl-fc53e19a-81f7-4cd9-8ff9-5415f8563367/datanode-1/data/ratis/ee002801-4af9-4e0e-b19e-47a9dbd71086/current/log_inprogress_0
2019-11-04 16:45:02,256 [f211638a-2c6b-4b58-9a41-810c99451672@group-47A9DBD71086-SegmentedRaftLogWorker] INFO  segmented.SegmentedRaftLogWorker (SegmentedRaftLogWorker.java:execute(576)) - f211638a-2c6b-4b58-9a41-810c99451672@group-47A9DBD71086-SegmentedRaftLogWorker: created new log segment /workdir/hadoop-ozone/integration-test/target/test-dir/MiniOzoneClusterImpl-fc53e19a-81f7-4cd9-8ff9-5415f8563367/datanode-7/data/ratis/ee002801-4af9-4e0e-b19e-47a9dbd71086/current/log_inprogress_1
2019-11-04 16:45:02,268 [fbe6c37d-8446-44da-8aed-2f4bcb7dfa1d@group-47A9DBD71086-SegmentedRaftLogWorker] INFO  segmented.SegmentedRaftLogWorker (SegmentedRaftLogWorker.java:execute(533)) - fbe6c37d-8446-44da-8aed-2f4bcb7dfa1d@group-47A9DBD71086-SegmentedRaftLogWorker: Rolled log segment from /workdir/hadoop-ozone/integration-test/target/test-dir/MiniOzoneClusterImpl-fc53e19a-81f7-4cd9-8ff9-5415f8563367/datanode-1/data/ratis/ee002801-4af9-4e0e-b19e-47a9dbd71086/current/log_inprogress_0 to /workdir/hadoop-ozone/integration-test/target/test-dir/MiniOzoneClusterImpl-fc53e19a-81f7-4cd9-8ff9-5415f8563367/datanode-1/data/ratis/ee002801-4af9-4e0e-b19e-47a9dbd71086/current/log_0-0
2019-11-04 16:45:02,309 [fbe6c37d-8446-44da-8aed-2f4bcb7dfa1d@group-47A9DBD71086-SegmentedRaftLogWorker] INFO  segmented.SegmentedRaftLogWorker (SegmentedRaftLogWorker.java:execute(576)) - fbe6c37d-8446-44da-8aed-2f4bcb7dfa1d@group-47A9DBD71086-SegmentedRaftLogWorker: created new log segment /workdir/hadoop-ozone/integration-test/target/test-dir/MiniOzoneClusterImpl-fc53e19a-81f7-4cd9-8ff9-5415f8563367/datanode-1/data/ratis/ee002801-4af9-4e0e-b19e-47a9dbd71086/current/log_inprogress_1
2019-11-04 16:45:04,021 [java.util.concurrent.ThreadPoolExecutor$Worker@39f5abbd[State = -1, empty queue]] WARN  server.GrpcLogAppender (GrpcLogAppender.java:timeoutAppendRequest(209)) - f211638a-2c6b-4b58-9a41-810c99451672@group-ED8F2B9D61A7->fde56d24-c59c-4768-b7bb-458466c8bfd3-GrpcLogAppender: appendEntries Timeout, request=f211638a-2c6b-4b58-9a41-810c99451672->fde56d24-c59c-4768-b7bb-458466c8bfd3#0-t6, previous=(t:1, i:0), leaderCommit=0, initializing? false, entries: <empty>
2019-11-04 16:45:04,891 [java.util.concurrent.ThreadPoolExecutor$Worker@24170a01[State = -1, empty queue]] WARN  server.GrpcLogAppender (GrpcLogAppender.java:timeoutAppendRequest(209)) - f211638a-2c6b-4b58-9a41-810c99451672@group-36B5FC60EDDD->fde56d24-c59c-4768-b7bb-458466c8bfd3-GrpcLogAppender: appendEntries Timeout, request=f211638a-2c6b-4b58-9a41-810c99451672->fde56d24-c59c-4768-b7bb-458466c8bfd3#2-t1, previous=(t:0, i:0), leaderCommit=0, initializing? false, entries: <empty>
2019-11-04 16:45:05,209 [java.util.concurrent.ThreadPoolExecutor$Worker@4148065d[State = -1, empty queue]] WARN  server.GrpcLogAppender (GrpcLogAppender.java:timeoutAppendRequest(209)) - f211638a-2c6b-4b58-9a41-810c99451672@group-47A9DBD71086->fde56d24-c59c-4768-b7bb-458466c8bfd3-GrpcLogAppender: appendEntries Timeout, request=f211638a-2c6b-4b58-9a41-810c99451672->fde56d24-c59c-4768-b7bb-458466c8bfd3#0-t7, previous=(t:1, i:0), leaderCommit=-1, initializing? false, entries: <empty>
2019-11-04 16:45:05,628 [main] INFO  ozoneimpl.OzoneContainer (OzoneContainer.java:stop(227)) - Attempting to stop container services.
2019-11-04 16:45:05,628 [main] INFO  impl.RaftServerProxy (RaftServerProxy.java:lambda$close$4(314)) - f211638a-2c6b-4b58-9a41-810c99451672: close
2019-11-04 16:45:05,629 [main] INFO  impl.RaftServerImpl (RaftServerImpl.java:lambda$shutdown$3(261)) - f211638a-2c6b-4b58-9a41-810c99451672@group-47A9DBD71086: shutdown
2019-11-04 16:45:05,629 [main] INFO  util.JmxRegister (JmxRegister.java:unregister(73)) - Successfully un-registered JMX Bean with object name Ratis:service=RaftServer,group=group-47A9DBD71086,id=f211638a-2c6b-4b58-9a41-810c99451672
2019-11-04 16:45:05,630 [main] INFO  impl.RoleInfo (RoleInfo.java:shutdownLeaderState(104)) - f211638a-2c6b-4b58-9a41-810c99451672: shutdown LeaderState
2019-11-04 16:45:05,632 [org.apache.ratis.server.impl.LogAppender$AppenderDaemon$$Lambda$434/1246728277@66a97b88] WARN  server.GrpcLogAppender (GrpcLogAppender.java:mayWait(149)) - f211638a-2c6b-4b58-9a41-810c99451672@group-47A9DBD71086->fde56d24-c59c-4768-b7bb-458466c8bfd3-GrpcLogAppender: Wait interrupted by java.lang.InterruptedException
2019-11-04 16:45:05,632 [main] INFO  impl.PendingRequests (PendingRequests.java:sendNotLeaderResponses(202)) - f211638a-2c6b-4b58-9a41-810c99451672@group-47A9DBD71086-PendingRequests: sendNotLeaderResponses
2019-11-04 16:45:05,632 [org.apache.ratis.server.impl.LogAppender$AppenderDaemon$$Lambda$434/1246728277@1edf93e7] WARN  server.GrpcLogAppender (GrpcLogAppender.java:mayWait(149)) - f211638a-2c6b-4b58-9a41-810c99451672@group-47A9DBD71086->fbe6c37d-8446-44da-8aed-2f4bcb7dfa1d-GrpcLogAppender: Wait interrupted by java.lang.InterruptedException
2019-11-04 16:45:05,635 [main] INFO  impl.StateMachineUpdater (StateMachineUpdater.java:stopAndJoin(136)) - f211638a-2c6b-4b58-9a41-810c99451672@group-47A9DBD71086-StateMachineUpdater: set stopIndex = 2
2019-11-04 16:45:05,636 [grpc-default-executor-3] INFO  server.GrpcServerProtocolService (GrpcServerProtocolService.java:onCompleted(113)) - fbe6c37d-8446-44da-8aed-2f4bcb7dfa1d: Completed APPEND_ENTRIES, lastRequest: f211638a-2c6b-4b58-9a41-810c99451672->fbe6c37d-8446-44da-8aed-2f4bcb7dfa1d#9-t7, previous=(t:7, i:2), leaderCommit=2, initializing? false, entries: <empty>
2019-11-04 16:45:05,636 [main] INFO  impl.RaftServerImpl (ServerState.java:close(388)) - f211638a-2c6b-4b58-9a41-810c99451672@group-47A9DBD71086: closes. applyIndex: 2
2019-11-04 16:45:05,636 [grpc-default-executor-3] INFO  server.GrpcLogAppender (GrpcLogAppender.java:onCompleted(308)) - f211638a-2c6b-4b58-9a41-810c99451672@group-47A9DBD71086->fbe6c37d-8446-44da-8aed-2f4bcb7dfa1d-AppendLogResponseHandler: follower responses appendEntries COMPLETED
2019-11-04 16:45:05,636 [f211638a-2c6b-4b58-9a41-810c99451672@group-47A9DBD71086-SegmentedRaftLogWorker] INFO  segmented.SegmentedRaftLogWorker (SegmentedRaftLogWorker.java:run(316)) - f211638a-2c6b-4b58-9a41-810c99451672@group-47A9DBD71086-SegmentedRaftLogWorker was interrupted, exiting. There are 0 tasks remaining in the queue.
2019-11-04 16:45:05,637 [main] INFO  segmented.SegmentedRaftLogWorker (SegmentedRaftLogWorker.java:close(224)) - f211638a-2c6b-4b58-9a41-810c99451672@group-47A9DBD71086-SegmentedRaftLogWorker close()
2019-11-04 16:45:05,640 [main] INFO  impl.RaftServerImpl (RaftServerImpl.java:lambda$shutdown$3(261)) - f211638a-2c6b-4b58-9a41-810c99451672@group-ED8F2B9D61A7: shutdown
2019-11-04 16:45:05,640 [main] INFO  util.JmxRegister (JmxRegister.java:unregister(73)) - Successfully un-registered JMX Bean with object name Ratis:service=RaftServer,group=group-ED8F2B9D61A7,id=f211638a-2c6b-4b58-9a41-810c99451672
2019-11-04 16:45:05,640 [main] INFO  impl.RoleInfo (RoleInfo.java:shutdownLeaderState(104)) - f211638a-2c6b-4b58-9a41-810c99451672: shutdown LeaderState
2019-11-04 16:45:05,643 [org.apache.ratis.server.impl.LogAppender$AppenderDaemon$$Lambda$434/1246728277@802699d] WARN  server.GrpcLogAppender (GrpcLogAppender.java:mayWait(149)) - f211638a-2c6b-4b58-9a41-810c99451672@group-ED8F2B9D61A7->fde56d24-c59c-4768-b7bb-458466c8bfd3-GrpcLogAppender: Wait interrupted by java.lang.InterruptedException
2019-11-04 16:45:05,643 [org.apache.ratis.server.impl.LogAppender$AppenderDaemon$$Lambda$434/1246728277@55bfd15c] WARN  server.GrpcLogAppender (GrpcLogAppender.java:mayWait(149)) - f211638a-2c6b-4b58-9a41-810c99451672@group-ED8F2B9D61A7->fbe6c37d-8446-44da-8aed-2f4bcb7dfa1d-GrpcLogAppender: Wait interrupted by java.lang.InterruptedException
2019-11-04 16:45:05,643 [main] INFO  impl.PendingRequests (PendingRequests.java:sendNotLeaderResponses(202)) - f211638a-2c6b-4b58-9a41-810c99451672@group-ED8F2B9D61A7-PendingRequests: sendNotLeaderResponses
2019-11-04 16:45:05,643 [grpc-default-executor-11] INFO  server.GrpcServerProtocolService (GrpcServerProtocolService.java:onCompleted(113)) - fbe6c37d-8446-44da-8aed-2f4bcb7dfa1d: Completed APPEND_ENTRIES, lastRequest: f211638a-2c6b-4b58-9a41-810c99451672->fbe6c37d-8446-44da-8aed-2f4bcb7dfa1d#11-t6, previous=(t:6, i:2), leaderCommit=2, initializing? false, entries: <empty>
2019-11-04 16:45:05,645 [main] INFO  impl.StateMachineUpdater (StateMachineUpdater.java:stopAndJoin(136)) - f211638a-2c6b-4b58-9a41-810c99451672@group-ED8F2B9D61A7-StateMachineUpdater: set stopIndex = 2
2019-11-04 16:45:05,650 [grpc-default-executor-11] INFO  server.GrpcLogAppender (GrpcLogAppender.java:onCompleted(308)) - f211638a-2c6b-4b58-9a41-810c99451672@group-ED8F2B9D61A7->fbe6c37d-8446-44da-8aed-2f4bcb7dfa1d-AppendLogResponseHandler: follower responses appendEntries COMPLETED
2019-11-04 16:45:05,650 [main] INFO  impl.RaftServerImpl (ServerState.java:close(388)) - f211638a-2c6b-4b58-9a41-810c99451672@group-ED8F2B9D61A7: closes. applyIndex: 2
2019-11-04 16:45:05,651 [grpc-default-executor-11] INFO  impl.FollowerInfo (FollowerInfo.java:lambda$new$0(51)) - f211638a-2c6b-4b58-9a41-810c99451672@group-ED8F2B9D61A7->fbe6c37d-8446-44da-8aed-2f4bcb7dfa1d: nextIndex: updateUnconditionally 3 -> 2
2019-11-04 16:45:05,651 [grpc-default-executor-3] INFO  impl.FollowerInfo (FollowerInfo.java:lambda$new$0(51)) - f211638a-2c6b-4b58-9a41-810c99451672@group-47A9DBD71086->fbe6c37d-8446-44da-8aed-2f4bcb7dfa1d: nextIndex: updateUnconditionally 3 -> 2
2019-11-04 16:45:05,651 [f211638a-2c6b-4b58-9a41-810c99451672@group-ED8F2B9D61A7-SegmentedRaftLogWorker] INFO  segmented.SegmentedRaftLogWorker (SegmentedRaftLogWorker.java:run(316)) - f211638a-2c6b-4b58-9a41-810c99451672@group-ED8F2B9D61A7-SegmentedRaftLogWorker was interrupted, exiting. There are 0 tasks remaining in the queue.
2019-11-04 16:45:05,653 [main] INFO  segmented.SegmentedRaftLogWorker (SegmentedRaftLogWorker.java:close(224)) - f211638a-2c6b-4b58-9a41-810c99451672@group-ED8F2B9D61A7-SegmentedRaftLogWorker close()
2019-11-04 16:45:05,655 [main] INFO  impl.RaftServerImpl (RaftServerImpl.java:lambda$shutdown$3(261)) - f211638a-2c6b-4b58-9a41-810c99451672@group-36B5FC60EDDD: shutdown
2019-11-04 16:45:05,655 [main] INFO  util.JmxRegister (JmxRegister.java:unregister(73)) - Successfully un-registered JMX Bean with object name Ratis:service=RaftServer,group=group-36B5FC60EDDD,id=f211638a-2c6b-4b58-9a41-810c99451672
2019-11-04 16:45:05,655 [main] INFO  impl.RoleInfo (RoleInfo.java:shutdownLeaderState(104)) - f211638a-2c6b-4b58-9a41-810c99451672: shutdown LeaderState
2019-11-04 16:45:05,656 [org.apache.ratis.server.impl.LogAppender$AppenderDaemon$$Lambda$434/1246728277@1849f9f5] WARN  server.GrpcLogAppender (GrpcLogAppender.java:mayWait(149)) - f211638a-2c6b-4b58-9a41-810c99451672@group-36B5FC60EDDD->fbe6c37d-8446-44da-8aed-2f4bcb7dfa1d-GrpcLogAppender: Wait interrupted by java.lang.InterruptedException
2019-11-04 16:45:05,656 [org.apache.ratis.server.impl.LogAppender$AppenderDaemon$$Lambda$434/1246728277@49d4ffc4] WARN  server.GrpcLogAppender (GrpcLogAppender.java:mayWait(149)) - f211638a-2c6b-4b58-9a41-810c99451672@group-36B5FC60EDDD->fde56d24-c59c-4768-b7bb-458466c8bfd3-GrpcLogAppender: Wait interrupted by java.lang.InterruptedException
2019-11-04 16:45:05,656 [main] INFO  impl.PendingRequests (PendingRequests.java:sendNotLeaderResponses(202)) - f211638a-2c6b-4b58-9a41-810c99451672@group-36B5FC60EDDD-PendingRequests: sendNotLeaderResponses
2019-11-04 16:45:05,656 [grpc-default-executor-3] INFO  server.GrpcServerProtocolService (GrpcServerProtocolService.java:onCompleted(113)) - fbe6c37d-8446-44da-8aed-2f4bcb7dfa1d: Completed APPEND_ENTRIES, lastRequest: f211638a-2c6b-4b58-9a41-810c99451672->fbe6c37d-8446-44da-8aed-2f4bcb7dfa1d#20-t1, previous=(t:1, i:0), leaderCommit=0, initializing? false, entries: <empty>
2019-11-04 16:45:05,656 [main] INFO  impl.StateMachineUpdater (StateMachineUpdater.java:stopAndJoin(136)) - f211638a-2c6b-4b58-9a41-810c99451672@group-36B5FC60EDDD-StateMachineUpdater: set stopIndex = 0
2019-11-04 16:45:05,657 [grpc-default-executor-3] INFO  server.GrpcLogAppender (GrpcLogAppender.java:onCompleted(308)) - f211638a-2c6b-4b58-9a41-810c99451672@group-36B5FC60EDDD->fbe6c37d-8446-44da-8aed-2f4bcb7dfa1d-AppendLogResponseHandler: follower responses appendEntries COMPLETED
2019-11-04 16:45:05,657 [main] INFO  impl.RaftServerImpl (ServerState.java:close(388)) - f211638a-2c6b-4b58-9a41-810c99451672@group-36B5FC60EDDD: closes. applyIndex: 0
2019-11-04 16:45:05,657 [grpc-default-executor-3] INFO  impl.FollowerInfo (FollowerInfo.java:lambda$new$0(51)) - f211638a-2c6b-4b58-9a41-810c99451672@group-36B5FC60EDDD->fbe6c37d-8446-44da-8aed-2f4bcb7dfa1d: nextIndex: updateUnconditionally 1 -> 0
2019-11-04 16:45:05,657 [f211638a-2c6b-4b58-9a41-810c99451672@group-36B5FC60EDDD-SegmentedRaftLogWorker] INFO  segmented.SegmentedRaftLogWorker (SegmentedRaftLogWorker.java:run(316)) - f211638a-2c6b-4b58-9a41-810c99451672@group-36B5FC60EDDD-SegmentedRaftLogWorker was interrupted, exiting. There are 0 tasks remaining in the queue.
2019-11-04 16:45:05,658 [main] INFO  segmented.SegmentedRaftLogWorker (SegmentedRaftLogWorker.java:close(224)) - f211638a-2c6b-4b58-9a41-810c99451672@group-36B5FC60EDDD-SegmentedRaftLogWorker close()
2019-11-04 16:45:05,661 [main] INFO  server.GrpcService (GrpcService.java:closeImpl(164)) - f211638a-2c6b-4b58-9a41-810c99451672: shutdown server with port 34889 now
2019-11-04 16:45:05,661 [main] INFO  server.GrpcService (GrpcService.java:closeImpl(172)) - f211638a-2c6b-4b58-9a41-810c99451672: shutdown server with port 34889 successfully
2019-11-04 16:45:05,666 [refreshUsed-/workdir/hadoop-ozone/integration-test/target/test-dir/MiniOzoneClusterImpl-fc53e19a-81f7-4cd9-8ff9-5415f8563367/datanode-7/data/containers] WARN  fs.CachingGetSpaceUsed (CachingGetSpaceUsed.java:run(183)) - Thread Interrupted waiting to refresh disk information: sleep interrupted
2019-11-04 16:45:05,676 [main] INFO  utils.BackgroundService (BackgroundService.java:shutdown(151)) - Shutting down service BlockDeletingService
2019-11-04 16:45:05,679 [main] INFO  statemachine.DatanodeStateMachine (DatanodeStateMachine.java:stopDaemon(395)) - Ozone container server stopped.
2019-11-04 16:45:05,680 [main] INFO  handler.ContextHandler (ContextHandler.java:doStop(910)) - Stopped o.e.j.w.WebAppContext@1526f71{/,null,UNAVAILABLE}{/hddsDatanode}
2019-11-04 16:45:05,680 [main] INFO  server.AbstractConnector (AbstractConnector.java:doStop(318)) - Stopped ServerConnector@49ca94a9{HTTP/1.1,[http/1.1]}{0.0.0.0:0}
2019-11-04 16:45:05,681 [main] INFO  handler.ContextHandler (ContextHandler.java:doStop(910)) - Stopped o.e.j.s.ServletContextHandler@173f1614{/static,jar:file:/home/user/.m2/repository/org/apache/hadoop/hadoop-hdds-container-service/0.5.0-SNAPSHOT/hadoop-hdds-container-service-0.5.0-SNAPSHOT.jar!/webapps/static,UNAVAILABLE}
2019-11-04 16:45:05,681 [main] INFO  handler.ContextHandler (ContextHandler.java:doStop(910)) - Stopped o.e.j.s.ServletContextHandler@40bb4f87{/logs,file:///workdir/hadoop-ozone/integration-test/target/log,UNAVAILABLE}
2019-11-04 16:45:05,738 [ForkJoinPool.commonPool-worker-0] INFO  ozoneimpl.OzoneContainer (OzoneContainer.java:stop(227)) - Attempting to stop container services.
2019-11-04 16:45:05,738 [ForkJoinPool.commonPool-worker-0] INFO  impl.RaftServerProxy (RaftServerProxy.java:lambda$close$4(314)) - fbe6c37d-8446-44da-8aed-2f4bcb7dfa1d: close
2019-11-04 16:45:05,738 [ForkJoinPool.commonPool-worker-0] INFO  impl.RaftServerImpl (RaftServerImpl.java:lambda$shutdown$3(261)) - fbe6c37d-8446-44da-8aed-2f4bcb7dfa1d@group-47A9DBD71086: shutdown
2019-11-04 16:45:05,738 [ForkJoinPool.commonPool-worker-0] INFO  util.JmxRegister (JmxRegister.java:unregister(73)) - Successfully un-registered JMX Bean with object name Ratis:service=RaftServer,group=group-47A9DBD71086,id=fbe6c37d-8446-44da-8aed-2f4bcb7dfa1d
2019-11-04 16:45:05,738 [ForkJoinPool.commonPool-worker-0] INFO  impl.RoleInfo (RoleInfo.java:shutdownFollowerState(121)) - fbe6c37d-8446-44da-8aed-2f4bcb7dfa1d: shutdown FollowerState
2019-11-04 16:45:05,739 [ForkJoinPool.commonPool-worker-0] INFO  impl.StateMachineUpdater (StateMachineUpdater.java:stopAndJoin(136)) - fbe6c37d-8446-44da-8aed-2f4bcb7dfa1d@group-47A9DBD71086-StateMachineUpdater: set stopIndex = 2
2019-11-04 16:45:05,739 [Thread-21311] INFO  impl.FollowerState (FollowerState.java:run(117)) - fbe6c37d-8446-44da-8aed-2f4bcb7dfa1d@group-47A9DBD71086-FollowerState was interrupted: java.lang.InterruptedException: sleep interrupted
2019-11-04 16:45:05,739 [ForkJoinPool.commonPool-worker-0] INFO  impl.RaftServerImpl (ServerState.java:close(388)) - fbe6c37d-8446-44da-8aed-2f4bcb7dfa1d@group-47A9DBD71086: closes. applyIndex: 2
2019-11-04 16:45:05,739 [fbe6c37d-8446-44da-8aed-2f4bcb7dfa1d@group-47A9DBD71086-SegmentedRaftLogWorker] INFO  segmented.SegmentedRaftLogWorker (SegmentedRaftLogWorker.java:run(316)) - fbe6c37d-8446-44da-8aed-2f4bcb7dfa1d@group-47A9DBD71086-SegmentedRaftLogWorker was interrupted, exiting. There are 0 tasks remaining in the queue.
2019-11-04 16:45:05,742 [ForkJoinPool.commonPool-worker-0] INFO  segmented.SegmentedRaftLogWorker (SegmentedRaftLogWorker.java:close(224)) - fbe6c37d-8446-44da-8aed-2f4bcb7dfa1d@group-47A9DBD71086-SegmentedRaftLogWorker close()
2019-11-04 16:45:05,744 [ForkJoinPool.commonPool-worker-0] INFO  impl.RaftServerImpl (RaftServerImpl.java:lambda$shutdown$3(261)) - fbe6c37d-8446-44da-8aed-2f4bcb7dfa1d@group-ED8F2B9D61A7: shutdown
2019-11-04 16:45:05,744 [ForkJoinPool.commonPool-worker-0] INFO  util.JmxRegister (JmxRegister.java:unregister(73)) - Successfully un-registered JMX Bean with object name Ratis:service=RaftServer,group=group-ED8F2B9D61A7,id=fbe6c37d-8446-44da-8aed-2f4bcb7dfa1d
2019-11-04 16:45:05,744 [ForkJoinPool.commonPool-worker-0] INFO  impl.RoleInfo (RoleInfo.java:shutdownFollowerState(121)) - fbe6c37d-8446-44da-8aed-2f4bcb7dfa1d: shutdown FollowerState
2019-11-04 16:45:05,744 [ForkJoinPool.commonPool-worker-0] INFO  impl.StateMachineUpdater (StateMachineUpdater.java:stopAndJoin(136)) - fbe6c37d-8446-44da-8aed-2f4bcb7dfa1d@group-ED8F2B9D61A7-StateMachineUpdater: set stopIndex = 2
2019-11-04 16:45:05,744 [Thread-21289] INFO  impl.FollowerState (FollowerState.java:run(117)) - fbe6c37d-8446-44da-8aed-2f4bcb7dfa1d@group-ED8F2B9D61A7-FollowerState was interrupted: java.lang.InterruptedException: sleep interrupted
2019-11-04 16:45:05,745 [ForkJoinPool.commonPool-worker-0] INFO  impl.RaftServerImpl (ServerState.java:close(388)) - fbe6c37d-8446-44da-8aed-2f4bcb7dfa1d@group-ED8F2B9D61A7: closes. applyIndex: 2
2019-11-04 16:45:05,745 [fbe6c37d-8446-44da-8aed-2f4bcb7dfa1d@group-ED8F2B9D61A7-SegmentedRaftLogWorker] INFO  segmented.SegmentedRaftLogWorker (SegmentedRaftLogWorker.java:run(316)) - fbe6c37d-8446-44da-8aed-2f4bcb7dfa1d@group-ED8F2B9D61A7-SegmentedRaftLogWorker was interrupted, exiting. There are 0 tasks remaining in the queue.
2019-11-04 16:45:05,746 [ForkJoinPool.commonPool-worker-0] INFO  segmented.SegmentedRaftLogWorker (SegmentedRaftLogWorker.java:close(224)) - fbe6c37d-8446-44da-8aed-2f4bcb7dfa1d@group-ED8F2B9D61A7-SegmentedRaftLogWorker close()
2019-11-04 16:45:05,747 [ForkJoinPool.commonPool-worker-0] INFO  impl.RaftServerImpl (RaftServerImpl.java:lambda$shutdown$3(261)) - fbe6c37d-8446-44da-8aed-2f4bcb7dfa1d@group-519EBDD4BC94: shutdown
2019-11-04 16:45:05,748 [ForkJoinPool.commonPool-worker-0] INFO  util.JmxRegister (JmxRegister.java:unregister(73)) - Successfully un-registered JMX Bean with object name Ratis:service=RaftServer,group=group-519EBDD4BC94,id=fbe6c37d-8446-44da-8aed-2f4bcb7dfa1d
2019-11-04 16:45:05,748 [ForkJoinPool.commonPool-worker-0] INFO  impl.RoleInfo (RoleInfo.java:shutdownLeaderState(104)) - fbe6c37d-8446-44da-8aed-2f4bcb7dfa1d: shutdown LeaderState
2019-11-04 16:45:05,748 [ForkJoinPool.commonPool-worker-0] INFO  impl.PendingRequests (PendingRequests.java:sendNotLeaderResponses(202)) - fbe6c37d-8446-44da-8aed-2f4bcb7dfa1d@group-519EBDD4BC94-PendingRequests: sendNotLeaderResponses
2019-11-04 16:45:05,748 [ForkJoinPool.commonPool-worker-0] INFO  impl.StateMachineUpdater (StateMachineUpdater.java:stopAndJoin(136)) - fbe6c37d-8446-44da-8aed-2f4bcb7dfa1d@group-519EBDD4BC94-StateMachineUpdater: set stopIndex = 0
2019-11-04 16:45:05,749 [ForkJoinPool.commonPool-worker-0] INFO  impl.RaftServerImpl (ServerState.java:close(388)) - fbe6c37d-8446-44da-8aed-2f4bcb7dfa1d@group-519EBDD4BC94: closes. applyIndex: 0
2019-11-04 16:45:05,750 [fbe6c37d-8446-44da-8aed-2f4bcb7dfa1d@group-519EBDD4BC94-SegmentedRaftLogWorker] INFO  segmented.SegmentedRaftLogWorker (SegmentedRaftLogWorker.java:run(316)) - fbe6c37d-8446-44da-8aed-2f4bcb7dfa1d@group-519EBDD4BC94-SegmentedRaftLogWorker was interrupted, exiting. There are 0 tasks remaining in the queue.
2019-11-04 16:45:05,750 [ForkJoinPool.commonPool-worker-0] INFO  segmented.SegmentedRaftLogWorker (SegmentedRaftLogWorker.java:close(224)) - fbe6c37d-8446-44da-8aed-2f4bcb7dfa1d@group-519EBDD4BC94-SegmentedRaftLogWorker close()
2019-11-04 16:45:05,752 [ForkJoinPool.commonPool-worker-0] INFO  impl.RaftServerImpl (RaftServerImpl.java:lambda$shutdown$3(261)) - fbe6c37d-8446-44da-8aed-2f4bcb7dfa1d@group-36B5FC60EDDD: shutdown
2019-11-04 16:45:05,752 [ForkJoinPool.commonPool-worker-0] INFO  util.JmxRegister (JmxRegister.java:unregister(73)) - Successfully un-registered JMX Bean with object name Ratis:service=RaftServer,group=group-36B5FC60EDDD,id=fbe6c37d-8446-44da-8aed-2f4bcb7dfa1d
2019-11-04 16:45:05,752 [ForkJoinPool.commonPool-worker-0] INFO  impl.RoleInfo (RoleInfo.java:shutdownFollowerState(121)) - fbe6c37d-8446-44da-8aed-2f4bcb7dfa1d: shutdown FollowerState
2019-11-04 16:45:05,752 [ForkJoinPool.commonPool-worker-0] INFO  impl.StateMachineUpdater (StateMachineUpdater.java:stopAndJoin(136)) - fbe6c37d-8446-44da-8aed-2f4bcb7dfa1d@group-36B5FC60EDDD-StateMachineUpdater: set stopIndex = 0
2019-11-04 16:45:05,752 [Thread-21203] INFO  impl.FollowerState (FollowerState.java:run(117)) - fbe6c37d-8446-44da-8aed-2f4bcb7dfa1d@group-36B5FC60EDDD-FollowerState was interrupted: java.lang.InterruptedException: sleep interrupted
2019-11-04 16:45:05,752 [ForkJoinPool.commonPool-worker-0] INFO  impl.RaftServerImpl (ServerState.java:close(388)) - fbe6c37d-8446-44da-8aed-2f4bcb7dfa1d@group-36B5FC60EDDD: closes. applyIndex: 0
2019-11-04 16:45:05,753 [fbe6c37d-8446-44da-8aed-2f4bcb7dfa1d@group-36B5FC60EDDD-SegmentedRaftLogWorker] INFO  segmented.SegmentedRaftLogWorker (SegmentedRaftLogWorker.java:run(316)) - fbe6c37d-8446-44da-8aed-2f4bcb7dfa1d@group-36B5FC60EDDD-SegmentedRaftLogWorker was interrupted, exiting. There are 0 tasks remaining in the queue.
2019-11-04 16:45:05,753 [ForkJoinPool.commonPool-worker-0] INFO  segmented.SegmentedRaftLogWorker (SegmentedRaftLogWorker.java:close(224)) - fbe6c37d-8446-44da-8aed-2f4bcb7dfa1d@group-36B5FC60EDDD-SegmentedRaftLogWorker close()
2019-11-04 16:45:05,755 [ForkJoinPool.commonPool-worker-0] INFO  server.GrpcService (GrpcService.java:closeImpl(164)) - fbe6c37d-8446-44da-8aed-2f4bcb7dfa1d: shutdown server with port 33200 now
2019-11-04 16:45:05,755 [ForkJoinPool.commonPool-worker-0] INFO  server.GrpcService (GrpcService.java:closeImpl(172)) - fbe6c37d-8446-44da-8aed-2f4bcb7dfa1d: shutdown server with port 33200 successfully
2019-11-04 16:45:05,756 [refreshUsed-/workdir/hadoop-ozone/integration-test/target/test-dir/MiniOzoneClusterImpl-fc53e19a-81f7-4cd9-8ff9-5415f8563367/datanode-1/data/containers] WARN  fs.CachingGetSpaceUsed (CachingGetSpaceUsed.java:run(183)) - Thread Interrupted waiting to refresh disk information: sleep interrupted
2019-11-04 16:45:05,768 [ForkJoinPool.commonPool-worker-0] INFO  utils.BackgroundService (BackgroundService.java:shutdown(151)) - Shutting down service BlockDeletingService
2019-11-04 16:45:05,773 [ForkJoinPool.commonPool-worker-0] INFO  statemachine.DatanodeStateMachine (DatanodeStateMachine.java:stopDaemon(395)) - Ozone container server stopped.
2019-11-04 16:45:05,776 [ForkJoinPool.commonPool-worker-0] INFO  handler.ContextHandler (ContextHandler.java:doStop(910)) - Stopped o.e.j.w.WebAppContext@4a44cfc0{/,null,UNAVAILABLE}{/hddsDatanode}
2019-11-04 16:45:05,776 [ForkJoinPool.commonPool-worker-0] INFO  server.AbstractConnector (AbstractConnector.java:doStop(318)) - Stopped ServerConnector@60e3c26e{HTTP/1.1,[http/1.1]}{0.0.0.0:0}
2019-11-04 16:45:05,776 [ForkJoinPool.commonPool-worker-0] INFO  handler.ContextHandler (ContextHandler.java:doStop(910)) - Stopped o.e.j.s.ServletContextHandler@4cad79bc{/static,jar:file:/home/user/.m2/repository/org/apache/hadoop/hadoop-hdds-container-service/0.5.0-SNAPSHOT/hadoop-hdds-container-service-0.5.0-SNAPSHOT.jar!/webapps/static,UNAVAILABLE}
2019-11-04 16:45:05,777 [ForkJoinPool.commonPool-worker-0] INFO  handler.ContextHandler (ContextHandler.java:doStop(910)) - Stopped o.e.j.s.ServletContextHandler@13c8ac77{/logs,file:///workdir/hadoop-ozone/integration-test/target/log,UNAVAILABLE}
2019-11-04 16:45:05,778 [main] INFO  ozone.MiniOzoneClusterImpl (MiniOzoneClusterImpl.java:stopSCM(392)) - Stopping the StorageContainerManager
2019-11-04 16:45:05,778 [main] INFO  server.StorageContainerManager (StorageContainerManager.java:stop(810)) - Stopping Replication Manager Service.
2019-11-04 16:45:05,778 [main] INFO  container.ReplicationManager (ReplicationManager.java:stop(203)) - Stopping Replication Monitor Thread.
2019-11-04 16:45:05,778 [main] INFO  server.StorageContainerManager (StorageContainerManager.java:stop(817)) - Stopping Lease Manager of the command watchers
2019-11-04 16:45:05,778 [main] INFO  server.StorageContainerManager (StorageContainerManager.java:stop(824)) - Stopping datanode service RPC server
2019-11-04 16:45:05,778 [main] INFO  server.SCMDatanodeProtocolServer (SCMDatanodeProtocolServer.java:stop(346)) - Stopping the RPC server for DataNodes
2019-11-04 16:45:05,778 [main] INFO  ipc.Server (Server.java:stop(3082)) - Stopping server on 37266
2019-11-04 16:45:05,780 [IPC Server listener on 37266] INFO  ipc.Server (Server.java:run(1185)) - Stopping IPC Server listener on 37266
2019-11-04 16:45:05,781 [IPC Server Responder] INFO  ipc.Server (Server.java:run(1319)) - Stopping IPC Server Responder
2019-11-04 16:45:05,788 [SCM Heartbeat Processing Thread - 0] WARN  node.NodeStateManager (NodeStateManager.java:scheduleNextHealthCheck(646)) - Current Thread is interrupted, shutting down HB processing thread for Node Manager.
2019-11-04 16:45:05,788 [main] INFO  server.StorageContainerManager (StorageContainerManager.java:stop(832)) - Stopping block service RPC server
2019-11-04 16:45:05,788 [main] INFO  server.SCMBlockProtocolServer (SCMBlockProtocolServer.java:stop(155)) - Stopping the RPC server for Block Protocol
2019-11-04 16:45:05,789 [main] INFO  ipc.Server (Server.java:stop(3082)) - Stopping server on 37507
2019-11-04 16:45:05,790 [IPC Server listener on 37507] INFO  ipc.Server (Server.java:run(1185)) - Stopping IPC Server listener on 37507
2019-11-04 16:45:05,790 [main] INFO  server.StorageContainerManager (StorageContainerManager.java:stop(839)) - Stopping the StorageContainerLocationProtocol RPC server
2019-11-04 16:45:05,791 [IPC Server Responder] INFO  ipc.Server (Server.java:run(1319)) - Stopping IPC Server Responder
2019-11-04 16:45:05,791 [main] INFO  server.SCMClientProtocolServer (SCMClientProtocolServer.java:stop(168)) - Stopping the RPC server for Client Protocol
2019-11-04 16:45:05,791 [main] INFO  ipc.Server (Server.java:stop(3082)) - Stopping server on 43100
2019-11-04 16:45:05,793 [IPC Server listener on 43100] INFO  ipc.Server (Server.java:run(1185)) - Stopping IPC Server listener on 43100
2019-11-04 16:45:05,793 [main] INFO  server.StorageContainerManager (StorageContainerManager.java:stop(846)) - Stopping Storage Container Manager HTTP server.
2019-11-04 16:45:05,794 [IPC Server Responder] INFO  ipc.Server (Server.java:run(1319)) - Stopping IPC Server Responder
2019-11-04 16:45:05,795 [main] INFO  handler.ContextHandler (ContextHandler.java:doStop(910)) - Stopped o.e.j.w.WebAppContext@3f5156a6{/,null,UNAVAILABLE}{/scm}
2019-11-04 16:45:05,796 [main] INFO  server.AbstractConnector (AbstractConnector.java:doStop(318)) - Stopped ServerConnector@72bdd7c7{HTTP/1.1,[http/1.1]}{0.0.0.0:0}
2019-11-04 16:45:05,796 [main] INFO  handler.ContextHandler (ContextHandler.java:doStop(910)) - Stopped o.e.j.s.ServletContextHandler@2ee48610{/static,file:///workdir/hadoop-ozone/integration-test/target/test-classes/webapps/static,UNAVAILABLE}
2019-11-04 16:45:05,796 [main] INFO  handler.ContextHandler (ContextHandler.java:doStop(910)) - Stopped o.e.j.s.ServletContextHandler@1fedf0a4{/logs,file:///workdir/hadoop-ozone/integration-test/target/log,UNAVAILABLE}
2019-11-04 16:45:05,797 [main] INFO  server.StorageContainerManager (StorageContainerManager.java:stop(857)) - Stopping Block Manager Service.
2019-11-04 16:45:05,798 [main] INFO  utils.BackgroundService (BackgroundService.java:shutdown(151)) - Shutting down service SCMBlockDeletingService
2019-11-04 16:45:05,798 [main] INFO  utils.BackgroundService (BackgroundService.java:shutdown(151)) - Shutting down service SCMBlockDeletingService
2019-11-04 16:45:05,798 [main] INFO  server.StorageContainerManager (StorageContainerManager.java:stop(879)) - Stopping SCM Event Queue.
2019-11-04 16:45:05,802 [main] INFO  impl.MetricsSystemImpl (MetricsSystemImpl.java:stop(210)) - Stopping HddsDatanode metrics system...
2019-11-04 16:45:05,814 [main] INFO  impl.MetricsSystemImpl (MetricsSystemImpl.java:stop(216)) - HddsDatanode metrics system stopped.
]]></system-out>
    <system-err><![CDATA[Nov 04, 2019 4:44:55 PM org.apache.ratis.thirdparty.io.grpc.internal.SerializingExecutor run
SEVERE: Exception while executing runnable org.apache.ratis.thirdparty.io.grpc.internal.ClientCallImpl$ClientStreamListenerImpl$1StreamClosed@7b3a4de2
java.lang.NullPointerException
	at org.apache.ratis.grpc.server.GrpcLogAppender$AppendLogResponseHandler.onError(GrpcLogAppender.java:303)
	at org.apache.ratis.thirdparty.io.grpc.stub.ClientCalls$StreamObserverToCallListenerAdapter.onClose(ClientCalls.java:434)
	at org.apache.ratis.thirdparty.io.grpc.PartialForwardingClientCallListener.onClose(PartialForwardingClientCallListener.java:39)
	at org.apache.ratis.thirdparty.io.grpc.ForwardingClientCallListener.onClose(ForwardingClientCallListener.java:23)
	at org.apache.ratis.thirdparty.io.grpc.ForwardingClientCallListener$SimpleForwardingClientCallListener.onClose(ForwardingClientCallListener.java:40)
	at org.apache.ratis.thirdparty.io.grpc.internal.CensusStatsModule$StatsClientInterceptor$1$1.onClose(CensusStatsModule.java:678)
	at org.apache.ratis.thirdparty.io.grpc.PartialForwardingClientCallListener.onClose(PartialForwardingClientCallListener.java:39)
	at org.apache.ratis.thirdparty.io.grpc.ForwardingClientCallListener.onClose(ForwardingClientCallListener.java:23)
	at org.apache.ratis.thirdparty.io.grpc.ForwardingClientCallListener$SimpleForwardingClientCallListener.onClose(ForwardingClientCallListener.java:40)
	at org.apache.ratis.thirdparty.io.grpc.internal.CensusTracingModule$TracingClientInterceptor$1$1.onClose(CensusTracingModule.java:397)
	at org.apache.ratis.thirdparty.io.grpc.internal.ClientCallImpl.closeObserver(ClientCallImpl.java:459)
	at org.apache.ratis.thirdparty.io.grpc.internal.ClientCallImpl.access$300(ClientCallImpl.java:63)
	at org.apache.ratis.thirdparty.io.grpc.internal.ClientCallImpl$ClientStreamListenerImpl.close(ClientCallImpl.java:546)
	at org.apache.ratis.thirdparty.io.grpc.internal.ClientCallImpl$ClientStreamListenerImpl.access$600(ClientCallImpl.java:467)
	at org.apache.ratis.thirdparty.io.grpc.internal.ClientCallImpl$ClientStreamListenerImpl$1StreamClosed.runInContext(ClientCallImpl.java:584)
	at org.apache.ratis.thirdparty.io.grpc.internal.ContextRunnable.run(ContextRunnable.java:37)
	at org.apache.ratis.thirdparty.io.grpc.internal.SerializingExecutor.run(SerializingExecutor.java:123)
	at java.util.concurrent.ThreadPoolExecutor.runWorker(ThreadPoolExecutor.java:1149)
	at java.util.concurrent.ThreadPoolExecutor$Worker.run(ThreadPoolExecutor.java:624)
	at java.lang.Thread.run(Thread.java:748)

Nov 04, 2019 4:44:55 PM org.apache.ratis.thirdparty.io.grpc.internal.SerializingExecutor run
SEVERE: Exception while executing runnable org.apache.ratis.thirdparty.io.grpc.internal.ClientCallImpl$ClientStreamListenerImpl$1StreamClosed@391edaf3
java.lang.NullPointerException
	at org.apache.ratis.grpc.server.GrpcLogAppender$AppendLogResponseHandler.onError(GrpcLogAppender.java:303)
	at org.apache.ratis.thirdparty.io.grpc.stub.ClientCalls$StreamObserverToCallListenerAdapter.onClose(ClientCalls.java:434)
	at org.apache.ratis.thirdparty.io.grpc.PartialForwardingClientCallListener.onClose(PartialForwardingClientCallListener.java:39)
	at org.apache.ratis.thirdparty.io.grpc.ForwardingClientCallListener.onClose(ForwardingClientCallListener.java:23)
	at org.apache.ratis.thirdparty.io.grpc.ForwardingClientCallListener$SimpleForwardingClientCallListener.onClose(ForwardingClientCallListener.java:40)
	at org.apache.ratis.thirdparty.io.grpc.internal.CensusStatsModule$StatsClientInterceptor$1$1.onClose(CensusStatsModule.java:678)
	at org.apache.ratis.thirdparty.io.grpc.PartialForwardingClientCallListener.onClose(PartialForwardingClientCallListener.java:39)
	at org.apache.ratis.thirdparty.io.grpc.ForwardingClientCallListener.onClose(ForwardingClientCallListener.java:23)
	at org.apache.ratis.thirdparty.io.grpc.ForwardingClientCallListener$SimpleForwardingClientCallListener.onClose(ForwardingClientCallListener.java:40)
	at org.apache.ratis.thirdparty.io.grpc.internal.CensusTracingModule$TracingClientInterceptor$1$1.onClose(CensusTracingModule.java:397)
	at org.apache.ratis.thirdparty.io.grpc.internal.ClientCallImpl.closeObserver(ClientCallImpl.java:459)
	at org.apache.ratis.thirdparty.io.grpc.internal.ClientCallImpl.access$300(ClientCallImpl.java:63)
	at org.apache.ratis.thirdparty.io.grpc.internal.ClientCallImpl$ClientStreamListenerImpl.close(ClientCallImpl.java:546)
	at org.apache.ratis.thirdparty.io.grpc.internal.ClientCallImpl$ClientStreamListenerImpl.access$600(ClientCallImpl.java:467)
	at org.apache.ratis.thirdparty.io.grpc.internal.ClientCallImpl$ClientStreamListenerImpl$1StreamClosed.runInContext(ClientCallImpl.java:584)
	at org.apache.ratis.thirdparty.io.grpc.internal.ContextRunnable.run(ContextRunnable.java:37)
	at org.apache.ratis.thirdparty.io.grpc.internal.SerializingExecutor.run(SerializingExecutor.java:123)
	at java.util.concurrent.ThreadPoolExecutor.runWorker(ThreadPoolExecutor.java:1149)
	at java.util.concurrent.ThreadPoolExecutor$Worker.run(ThreadPoolExecutor.java:624)
	at java.lang.Thread.run(Thread.java:748)

Nov 04, 2019 4:44:55 PM org.apache.ratis.thirdparty.io.grpc.internal.SerializingExecutor run
SEVERE: Exception while executing runnable org.apache.ratis.thirdparty.io.grpc.internal.ClientCallImpl$ClientStreamListenerImpl$1StreamClosed@2ddc14de
java.lang.NullPointerException
	at org.apache.ratis.grpc.server.GrpcLogAppender$AppendLogResponseHandler.onError(GrpcLogAppender.java:303)
	at org.apache.ratis.thirdparty.io.grpc.stub.ClientCalls$StreamObserverToCallListenerAdapter.onClose(ClientCalls.java:434)
	at org.apache.ratis.thirdparty.io.grpc.PartialForwardingClientCallListener.onClose(PartialForwardingClientCallListener.java:39)
	at org.apache.ratis.thirdparty.io.grpc.ForwardingClientCallListener.onClose(ForwardingClientCallListener.java:23)
	at org.apache.ratis.thirdparty.io.grpc.ForwardingClientCallListener$SimpleForwardingClientCallListener.onClose(ForwardingClientCallListener.java:40)
	at org.apache.ratis.thirdparty.io.grpc.internal.CensusStatsModule$StatsClientInterceptor$1$1.onClose(CensusStatsModule.java:678)
	at org.apache.ratis.thirdparty.io.grpc.PartialForwardingClientCallListener.onClose(PartialForwardingClientCallListener.java:39)
	at org.apache.ratis.thirdparty.io.grpc.ForwardingClientCallListener.onClose(ForwardingClientCallListener.java:23)
	at org.apache.ratis.thirdparty.io.grpc.ForwardingClientCallListener$SimpleForwardingClientCallListener.onClose(ForwardingClientCallListener.java:40)
	at org.apache.ratis.thirdparty.io.grpc.internal.CensusTracingModule$TracingClientInterceptor$1$1.onClose(CensusTracingModule.java:397)
	at org.apache.ratis.thirdparty.io.grpc.internal.ClientCallImpl.closeObserver(ClientCallImpl.java:459)
	at org.apache.ratis.thirdparty.io.grpc.internal.ClientCallImpl.access$300(ClientCallImpl.java:63)
	at org.apache.ratis.thirdparty.io.grpc.internal.ClientCallImpl$ClientStreamListenerImpl.close(ClientCallImpl.java:546)
	at org.apache.ratis.thirdparty.io.grpc.internal.ClientCallImpl$ClientStreamListenerImpl.access$600(ClientCallImpl.java:467)
	at org.apache.ratis.thirdparty.io.grpc.internal.ClientCallImpl$ClientStreamListenerImpl$1StreamClosed.runInContext(ClientCallImpl.java:584)
	at org.apache.ratis.thirdparty.io.grpc.internal.ContextRunnable.run(ContextRunnable.java:37)
	at org.apache.ratis.thirdparty.io.grpc.internal.SerializingExecutor.run(SerializingExecutor.java:123)
	at java.util.concurrent.ThreadPoolExecutor.runWorker(ThreadPoolExecutor.java:1149)
	at java.util.concurrent.ThreadPoolExecutor$Worker.run(ThreadPoolExecutor.java:624)
	at java.lang.Thread.run(Thread.java:748)

Nov 04, 2019 4:45:01 PM org.apache.ratis.thirdparty.io.grpc.internal.SerializingExecutor run
SEVERE: Exception while executing runnable org.apache.ratis.thirdparty.io.grpc.internal.ClientCallImpl$ClientStreamListenerImpl$1StreamClosed@459c7ddf
java.lang.NullPointerException
	at org.apache.ratis.grpc.server.GrpcLogAppender$AppendLogResponseHandler.onError(GrpcLogAppender.java:303)
	at org.apache.ratis.thirdparty.io.grpc.stub.ClientCalls$StreamObserverToCallListenerAdapter.onClose(ClientCalls.java:434)
	at org.apache.ratis.thirdparty.io.grpc.PartialForwardingClientCallListener.onClose(PartialForwardingClientCallListener.java:39)
	at org.apache.ratis.thirdparty.io.grpc.ForwardingClientCallListener.onClose(ForwardingClientCallListener.java:23)
	at org.apache.ratis.thirdparty.io.grpc.ForwardingClientCallListener$SimpleForwardingClientCallListener.onClose(ForwardingClientCallListener.java:40)
	at org.apache.ratis.thirdparty.io.grpc.internal.CensusStatsModule$StatsClientInterceptor$1$1.onClose(CensusStatsModule.java:678)
	at org.apache.ratis.thirdparty.io.grpc.PartialForwardingClientCallListener.onClose(PartialForwardingClientCallListener.java:39)
	at org.apache.ratis.thirdparty.io.grpc.ForwardingClientCallListener.onClose(ForwardingClientCallListener.java:23)
	at org.apache.ratis.thirdparty.io.grpc.ForwardingClientCallListener$SimpleForwardingClientCallListener.onClose(ForwardingClientCallListener.java:40)
	at org.apache.ratis.thirdparty.io.grpc.internal.CensusTracingModule$TracingClientInterceptor$1$1.onClose(CensusTracingModule.java:397)
	at org.apache.ratis.thirdparty.io.grpc.internal.ClientCallImpl.closeObserver(ClientCallImpl.java:459)
	at org.apache.ratis.thirdparty.io.grpc.internal.ClientCallImpl.access$300(ClientCallImpl.java:63)
	at org.apache.ratis.thirdparty.io.grpc.internal.ClientCallImpl$ClientStreamListenerImpl.close(ClientCallImpl.java:546)
	at org.apache.ratis.thirdparty.io.grpc.internal.ClientCallImpl$ClientStreamListenerImpl.access$600(ClientCallImpl.java:467)
	at org.apache.ratis.thirdparty.io.grpc.internal.ClientCallImpl$ClientStreamListenerImpl$1StreamClosed.runInContext(ClientCallImpl.java:584)
	at org.apache.ratis.thirdparty.io.grpc.internal.ContextRunnable.run(ContextRunnable.java:37)
	at org.apache.ratis.thirdparty.io.grpc.internal.SerializingExecutor.run(SerializingExecutor.java:123)
	at java.util.concurrent.ThreadPoolExecutor.runWorker(ThreadPoolExecutor.java:1149)
	at java.util.concurrent.ThreadPoolExecutor$Worker.run(ThreadPoolExecutor.java:624)
	at java.lang.Thread.run(Thread.java:748)

Nov 04, 2019 4:45:02 PM org.apache.ratis.thirdparty.io.grpc.internal.SerializingExecutor run
SEVERE: Exception while executing runnable org.apache.ratis.thirdparty.io.grpc.internal.ClientCallImpl$ClientStreamListenerImpl$1StreamClosed@19707b38
java.lang.NullPointerException
	at org.apache.ratis.grpc.server.GrpcLogAppender$AppendLogResponseHandler.onError(GrpcLogAppender.java:303)
	at org.apache.ratis.thirdparty.io.grpc.stub.ClientCalls$StreamObserverToCallListenerAdapter.onClose(ClientCalls.java:434)
	at org.apache.ratis.thirdparty.io.grpc.PartialForwardingClientCallListener.onClose(PartialForwardingClientCallListener.java:39)
	at org.apache.ratis.thirdparty.io.grpc.ForwardingClientCallListener.onClose(ForwardingClientCallListener.java:23)
	at org.apache.ratis.thirdparty.io.grpc.ForwardingClientCallListener$SimpleForwardingClientCallListener.onClose(ForwardingClientCallListener.java:40)
	at org.apache.ratis.thirdparty.io.grpc.internal.CensusStatsModule$StatsClientInterceptor$1$1.onClose(CensusStatsModule.java:678)
	at org.apache.ratis.thirdparty.io.grpc.PartialForwardingClientCallListener.onClose(PartialForwardingClientCallListener.java:39)
	at org.apache.ratis.thirdparty.io.grpc.ForwardingClientCallListener.onClose(ForwardingClientCallListener.java:23)
	at org.apache.ratis.thirdparty.io.grpc.ForwardingClientCallListener$SimpleForwardingClientCallListener.onClose(ForwardingClientCallListener.java:40)
	at org.apache.ratis.thirdparty.io.grpc.internal.CensusTracingModule$TracingClientInterceptor$1$1.onClose(CensusTracingModule.java:397)
	at org.apache.ratis.thirdparty.io.grpc.internal.ClientCallImpl.closeObserver(ClientCallImpl.java:459)
	at org.apache.ratis.thirdparty.io.grpc.internal.ClientCallImpl.access$300(ClientCallImpl.java:63)
	at org.apache.ratis.thirdparty.io.grpc.internal.ClientCallImpl$ClientStreamListenerImpl.close(ClientCallImpl.java:546)
	at org.apache.ratis.thirdparty.io.grpc.internal.ClientCallImpl$ClientStreamListenerImpl.access$600(ClientCallImpl.java:467)
	at org.apache.ratis.thirdparty.io.grpc.internal.ClientCallImpl$ClientStreamListenerImpl$1StreamClosed.runInContext(ClientCallImpl.java:584)
	at org.apache.ratis.thirdparty.io.grpc.internal.ContextRunnable.run(ContextRunnable.java:37)
	at org.apache.ratis.thirdparty.io.grpc.internal.SerializingExecutor.run(SerializingExecutor.java:123)
	at java.util.concurrent.ThreadPoolExecutor.runWorker(ThreadPoolExecutor.java:1149)
	at java.util.concurrent.ThreadPoolExecutor$Worker.run(ThreadPoolExecutor.java:624)
	at java.lang.Thread.run(Thread.java:748)

]]></system-err>
  </testcase>
  <testcase name="testWriteSmallFile" classname="org.apache.hadoop.ozone.client.rpc.TestFailureHandlingByClient" time="80.075"/>
  <testcase name="testBlockWritesWithDnFailures" classname="org.apache.hadoop.ozone.client.rpc.TestFailureHandlingByClient" time="47.209"/>
  <testcase name="testDatanodeExclusionWithMajorityCommit" classname="org.apache.hadoop.ozone.client.rpc.TestFailureHandlingByClient" time="47.084">
    <failure type="java.lang.AssertionError">java.lang.AssertionError
	at org.junit.Assert.fail(Assert.java:86)
	at org.junit.Assert.assertTrue(Assert.java:41)
	at org.junit.Assert.assertTrue(Assert.java:52)
	at org.apache.hadoop.ozone.client.rpc.TestFailureHandlingByClient.testDatanodeExclusionWithMajorityCommit(TestFailureHandlingByClient.java:318)
	at sun.reflect.NativeMethodAccessorImpl.invoke0(Native Method)
	at sun.reflect.NativeMethodAccessorImpl.invoke(NativeMethodAccessorImpl.java:62)
	at sun.reflect.DelegatingMethodAccessorImpl.invoke(DelegatingMethodAccessorImpl.java:43)
	at java.lang.reflect.Method.invoke(Method.java:498)
	at org.junit.runners.model.FrameworkMethod$1.runReflectiveCall(FrameworkMethod.java:47)
	at org.junit.internal.runners.model.ReflectiveCallable.run(ReflectiveCallable.java:12)
	at org.junit.runners.model.FrameworkMethod.invokeExplosively(FrameworkMethod.java:44)
	at org.junit.internal.runners.statements.InvokeMethod.evaluate(InvokeMethod.java:17)
	at org.junit.internal.runners.statements.RunAfters.evaluate(RunAfters.java:27)
	at org.junit.runners.ParentRunner.runLeaf(ParentRunner.java:271)
	at org.junit.runners.BlockJUnit4ClassRunner.runChild(BlockJUnit4ClassRunner.java:70)
	at org.junit.runners.BlockJUnit4ClassRunner.runChild(BlockJUnit4ClassRunner.java:50)
	at org.junit.runners.ParentRunner$3.run(ParentRunner.java:238)
	at org.junit.runners.ParentRunner$1.schedule(ParentRunner.java:63)
	at org.junit.runners.ParentRunner.runChildren(ParentRunner.java:236)
	at org.junit.runners.ParentRunner.access$000(ParentRunner.java:53)
	at org.junit.runners.ParentRunner$2.evaluate(ParentRunner.java:229)
	at org.junit.runners.ParentRunner.run(ParentRunner.java:309)
	at org.apache.maven.surefire.junit4.JUnit4Provider.execute(JUnit4Provider.java:365)
	at org.apache.maven.surefire.junit4.JUnit4Provider.executeWithRerun(JUnit4Provider.java:273)
	at org.apache.maven.surefire.junit4.JUnit4Provider.executeTestSet(JUnit4Provider.java:238)
	at org.apache.maven.surefire.junit4.JUnit4Provider.invoke(JUnit4Provider.java:159)
	at org.apache.maven.surefire.booter.ForkedBooter.invokeProviderInSameClassLoader(ForkedBooter.java:384)
	at org.apache.maven.surefire.booter.ForkedBooter.runSuitesInProcess(ForkedBooter.java:345)
	at org.apache.maven.surefire.booter.ForkedBooter.execute(ForkedBooter.java:126)
	at org.apache.maven.surefire.booter.ForkedBooter.main(ForkedBooter.java:418)
</failure>
    <system-out><![CDATA[2019-11-04 16:47:13,140 [main] WARN  server.ServerUtils (ServerUtils.java:getScmDbDir(145)) - ozone.scm.db.dirs is not configured. We recommend adding this setting. Falling back to ozone.metadata.dirs instead.
2019-11-04 16:47:13,155 [main] WARN  server.ServerUtils (ServerUtils.java:getScmDbDir(145)) - ozone.scm.db.dirs is not configured. We recommend adding this setting. Falling back to ozone.metadata.dirs instead.
2019-11-04 16:47:13,156 [main] WARN  server.ServerUtils (ServerUtils.java:getScmDbDir(145)) - ozone.scm.db.dirs is not configured. We recommend adding this setting. Falling back to ozone.metadata.dirs instead.
2019-11-04 16:47:13,156 [main] INFO  db.DBStoreBuilder (DBStoreBuilder.java:addTable(117)) - using custom profile for table: deletedBlocks
2019-11-04 16:47:13,156 [main] INFO  db.DBStoreBuilder (DBStoreBuilder.java:processTables(168)) - Using default column profile:DBProfile.DISK for Table:deletedBlocks
2019-11-04 16:47:13,157 [main] INFO  db.DBStoreBuilder (DBStoreBuilder.java:addTable(117)) - using custom profile for table: validCerts
2019-11-04 16:47:13,157 [main] INFO  db.DBStoreBuilder (DBStoreBuilder.java:processTables(168)) - Using default column profile:DBProfile.DISK for Table:validCerts
2019-11-04 16:47:13,157 [main] INFO  db.DBStoreBuilder (DBStoreBuilder.java:addTable(117)) - using custom profile for table: revokedCerts
2019-11-04 16:47:13,157 [main] INFO  db.DBStoreBuilder (DBStoreBuilder.java:processTables(168)) - Using default column profile:DBProfile.DISK for Table:revokedCerts
2019-11-04 16:47:13,157 [main] INFO  db.DBStoreBuilder (DBStoreBuilder.java:addTable(117)) - using custom profile for table: default
2019-11-04 16:47:13,157 [main] INFO  db.DBStoreBuilder (DBStoreBuilder.java:processTables(174)) - Using default column profile:DBProfile.DISK for Table:default
2019-11-04 16:47:13,157 [main] INFO  db.DBStoreBuilder (DBStoreBuilder.java:getDbProfile(205)) - Using default options. DBProfile.DISK
2019-11-04 16:47:13,168 [java.util.concurrent.ThreadPoolExecutor$Worker@48f5a743[State = -1, empty queue]] WARN  server.GrpcLogAppender (GrpcLogAppender.java:timeoutAppendRequest(209)) - 95339ef7-031c-4089-92b7-19d9433e9baf@group-5E261216B63C->e1ea60ec-958f-4248-8bd7-c39b1fc50f36-GrpcLogAppender: appendEntries Timeout, request=95339ef7-031c-4089-92b7-19d9433e9baf->e1ea60ec-958f-4248-8bd7-c39b1fc50f36#79-t3, previous=(t:3, i:4), leaderCommit=4, initializing? false, entries: <empty>
2019-11-04 16:47:13,301 [main] INFO  net.NodeSchemaLoader (NodeSchemaLoader.java:loadSchemaFromFile(125)) - Loading file from sun.misc.CompoundEnumeration@3079c26a
2019-11-04 16:47:13,301 [main] INFO  net.NodeSchemaLoader (NodeSchemaLoader.java:loadSchema(171)) - Loading network topology layer schema file
2019-11-04 16:47:13,305 [main] INFO  node.SCMNodeManager (SCMNodeManager.java:<init>(116)) - Entering startup safe mode.
2019-11-04 16:47:13,306 [main] INFO  algorithms.ContainerPlacementPolicyFactory (ContainerPlacementPolicyFactory.java:getPolicy(57)) - Create container placement policy of type org.apache.hadoop.hdds.scm.container.placement.algorithms.SCMContainerPlacementRandom
2019-11-04 16:47:13,306 [main] WARN  server.ServerUtils (ServerUtils.java:getScmDbDir(145)) - ozone.scm.db.dirs is not configured. We recommend adding this setting. Falling back to ozone.metadata.dirs instead.
2019-11-04 16:47:13,369 [main] INFO  pipeline.SCMPipelineManager (SCMPipelineManager.java:initializePipelineState(132)) - No pipeline exists in current db
2019-11-04 16:47:13,370 [main] WARN  server.ServerUtils (ServerUtils.java:getScmDbDir(145)) - ozone.scm.db.dirs is not configured. We recommend adding this setting. Falling back to ozone.metadata.dirs instead.
2019-11-04 16:47:13,419 [main] WARN  events.EventQueue (EventQueue.java:fireEvent(183)) - No event handler registered for event TypedEvent{payloadType=SafeModeStatus, name='SafeModeStatus'}
2019-11-04 16:47:13,420 [main] INFO  ipc.CallQueueManager (CallQueueManager.java:<init>(84)) - Using callQueue: class java.util.concurrent.LinkedBlockingQueue, queueCapacity: 2000, scheduler: class org.apache.hadoop.ipc.DefaultRpcScheduler, ipcBackoff: false.
2019-11-04 16:47:13,421 [Socket Reader #1 for port 43667] INFO  ipc.Server (Server.java:run(1074)) - Starting Socket Reader #1 for port 43667
2019-11-04 16:47:13,422 [main] INFO  ipc.CallQueueManager (CallQueueManager.java:<init>(84)) - Using callQueue: class java.util.concurrent.LinkedBlockingQueue, queueCapacity: 2000, scheduler: class org.apache.hadoop.ipc.DefaultRpcScheduler, ipcBackoff: false.
2019-11-04 16:47:13,423 [Socket Reader #1 for port 35917] INFO  ipc.Server (Server.java:run(1074)) - Starting Socket Reader #1 for port 35917
2019-11-04 16:47:13,424 [main] INFO  ipc.CallQueueManager (CallQueueManager.java:<init>(84)) - Using callQueue: class java.util.concurrent.LinkedBlockingQueue, queueCapacity: 2000, scheduler: class org.apache.hadoop.ipc.DefaultRpcScheduler, ipcBackoff: false.
2019-11-04 16:47:13,425 [Socket Reader #1 for port 41649] INFO  ipc.Server (Server.java:run(1074)) - Starting Socket Reader #1 for port 41649
2019-11-04 16:47:13,428 [main] INFO  hdfs.DFSUtil (DFSUtil.java:httpServerTemplateForNNAndJN(1641)) - Starting Web-server for scm at: http://0.0.0.0:0
2019-11-04 16:47:13,429 [main] INFO  server.AuthenticationFilter (AuthenticationFilter.java:constructSecretProvider(240)) - Unable to initialize FileSignerSecretProvider, falling back to use random secrets.
2019-11-04 16:47:13,430 [main] WARN  http.HttpRequestLog (HttpRequestLog.java:getRequestLog(97)) - Jetty request log can only be enabled using Log4j
2019-11-04 16:47:13,431 [main] INFO  http.HttpServer2 (HttpServer2.java:addGlobalFilter(975)) - Added global filter 'safety' (class=org.apache.hadoop.http.HttpServer2$QuotingInputFilter)
2019-11-04 16:47:13,432 [main] INFO  http.HttpServer2 (HttpServer2.java:addFilter(948)) - Added filter static_user_filter (class=org.apache.hadoop.http.lib.StaticUserWebFilter$StaticUserFilter) to context scm
2019-11-04 16:47:13,432 [main] INFO  http.HttpServer2 (HttpServer2.java:addFilter(958)) - Added filter static_user_filter (class=org.apache.hadoop.http.lib.StaticUserWebFilter$StaticUserFilter) to context static
2019-11-04 16:47:13,432 [main] INFO  http.HttpServer2 (HttpServer2.java:addFilter(958)) - Added filter static_user_filter (class=org.apache.hadoop.http.lib.StaticUserWebFilter$StaticUserFilter) to context logs
2019-11-04 16:47:13,433 [main] INFO  server.StorageContainerManager (StorageContainerManager.java:start(772)) - StorageContainerLocationProtocol RPC server is listening at /0.0.0.0:41649
2019-11-04 16:47:13,435 [main] WARN  impl.MetricsConfig (MetricsConfig.java:loadFirst(134)) - Cannot locate configuration: tried hadoop-metrics2-storagecontainermanager.properties,hadoop-metrics2.properties
2019-11-04 16:47:13,436 [main] INFO  impl.MetricsSystemImpl (MetricsSystemImpl.java:startTimer(374)) - Scheduled Metric snapshot period at 10 second(s).
2019-11-04 16:47:13,436 [main] INFO  impl.MetricsSystemImpl (MetricsSystemImpl.java:start(191)) - StorageContainerManager metrics system started
2019-11-04 16:47:13,633 [java.util.concurrent.ThreadPoolExecutor$Worker@1df1889[State = -1, empty queue]] WARN  server.GrpcLogAppender (GrpcLogAppender.java:timeoutAppendRequest(209)) - 95339ef7-031c-4089-92b7-19d9433e9baf@group-5E261216B63C->4ca0cd17-6ae5-47de-ab2c-ffab821b261e-GrpcLogAppender: appendEntries Timeout, request=95339ef7-031c-4089-92b7-19d9433e9baf->4ca0cd17-6ae5-47de-ab2c-ffab821b261e#80-t3, previous=(t:3, i:4), leaderCommit=4, initializing? false, entries: <empty>
2019-11-04 16:47:13,674 [java.util.concurrent.ThreadPoolExecutor$Worker@48f5a743[State = -1, empty queue]] WARN  server.GrpcLogAppender (GrpcLogAppender.java:timeoutAppendRequest(209)) - 95339ef7-031c-4089-92b7-19d9433e9baf@group-5E261216B63C->e1ea60ec-958f-4248-8bd7-c39b1fc50f36-GrpcLogAppender: appendEntries Timeout, request=95339ef7-031c-4089-92b7-19d9433e9baf->e1ea60ec-958f-4248-8bd7-c39b1fc50f36#80-t3, previous=(t:3, i:4), leaderCommit=4, initializing? false, entries: <empty>
2019-11-04 16:47:13,862 [main] WARN  impl.MetricsSystemImpl (MetricsSystemImpl.java:register(276)) - Sink prometheus already exists!
2019-11-04 16:47:13,943 [main] INFO  server.SCMClientProtocolServer (SCMClientProtocolServer.java:start(159)) - RPC server for Client  is listening at /0.0.0.0:41649
2019-11-04 16:47:13,944 [IPC Server Responder] INFO  ipc.Server (Server.java:run(1314)) - IPC Server Responder: starting
2019-11-04 16:47:13,944 [IPC Server listener on 41649] INFO  ipc.Server (Server.java:run(1153)) - IPC Server listener on 41649: starting
2019-11-04 16:47:13,948 [main] INFO  server.StorageContainerManager (StorageContainerManager.java:start(782)) - ScmBlockLocationProtocol RPC server is listening at /0.0.0.0:35917
2019-11-04 16:47:13,949 [main] INFO  server.SCMBlockProtocolServer (SCMBlockProtocolServer.java:start(146)) - RPC server for Block Protocol is listening at /0.0.0.0:35917
2019-11-04 16:47:13,950 [IPC Server Responder] INFO  ipc.Server (Server.java:run(1314)) - IPC Server Responder: starting
2019-11-04 16:47:13,950 [IPC Server listener on 35917] INFO  ipc.Server (Server.java:run(1153)) - IPC Server listener on 35917: starting
2019-11-04 16:47:13,953 [main] INFO  server.StorageContainerManager (StorageContainerManager.java:start(786)) - ScmDatanodeProtocl RPC server is listening at /0.0.0.0:43667
2019-11-04 16:47:13,954 [main] INFO  server.SCMDatanodeProtocolServer (SCMDatanodeProtocolServer.java:start(169)) - RPC server for DataNodes is listening at /0.0.0.0:43667
2019-11-04 16:47:13,954 [IPC Server Responder] INFO  ipc.Server (Server.java:run(1314)) - IPC Server Responder: starting
2019-11-04 16:47:13,954 [IPC Server listener on 43667] INFO  ipc.Server (Server.java:run(1153)) - IPC Server listener on 43667: starting
2019-11-04 16:47:13,958 [main] INFO  http.HttpServer2 (HttpServer2.java:bindListener(1191)) - Jetty bound to port 35797
2019-11-04 16:47:13,959 [main] INFO  server.Server (Server.java:doStart(351)) - jetty-9.3.25.v20180904, build timestamp: 2018-09-04T21:11:46Z, git hash: 3ce520221d0240229c862b122d2b06c12a625732
2019-11-04 16:47:13,960 [main] INFO  handler.ContextHandler (ContextHandler.java:doStart(781)) - Started o.e.j.s.ServletContextHandler@1c84d80a{/logs,file:///workdir/hadoop-ozone/integration-test/target/log,AVAILABLE}
2019-11-04 16:47:13,961 [main] INFO  handler.ContextHandler (ContextHandler.java:doStart(781)) - Started o.e.j.s.ServletContextHandler@629075f4{/static,file:///workdir/hadoop-ozone/integration-test/target/test-classes/webapps/static,AVAILABLE}
2019-11-04 16:47:13,966 [main] INFO  handler.ContextHandler (ContextHandler.java:doStart(781)) - Started o.e.j.w.WebAppContext@2c7c0e36{/,file:///workdir/hadoop-ozone/integration-test/target/test-classes/webapps/scm/,AVAILABLE}{/scm}
2019-11-04 16:47:13,967 [main] INFO  server.AbstractConnector (AbstractConnector.java:doStart(278)) - Started ServerConnector@307cf964{HTTP/1.1,[http/1.1]}{0.0.0.0:35797}
2019-11-04 16:47:13,968 [main] INFO  server.Server (Server.java:doStart(419)) - Started @348893ms
2019-11-04 16:47:13,968 [main] WARN  impl.MetricsSystemImpl (MetricsSystemImpl.java:register(276)) - Sink prometheus already exists!
2019-11-04 16:47:13,969 [main] INFO  server.BaseHttpServer (BaseHttpServer.java:updateConnectorAddress(215)) - HTTP server of SCM is listening at http://0.0.0.0:35797
2019-11-04 16:47:13,971 [main] WARN  server.ServerUtils (ServerUtils.java:getDBPath(222)) - ozone.om.db.dirs is not configured. We recommend adding this setting. Falling back to ozone.metadata.dirs instead.
2019-11-04 16:47:13,971 [org.apache.hadoop.util.JvmPauseMonitor$Monitor@66713605] INFO  util.JvmPauseMonitor (JvmPauseMonitor.java:run(188)) - Starting JVM pause monitor
2019-11-04 16:47:13,984 [main] INFO  ha.OMHANodeDetails (OMHANodeDetails.java:loadOMHAConfig(190)) - Configuration either no ozone.om.address set. Falling back to the default OM address /127.0.0.1:0
2019-11-04 16:47:13,985 [main] INFO  ha.OMHANodeDetails (OMHANodeDetails.java:getOMNodeDetails(220)) - OM Service ID is not set. Setting it to the default ID: omServiceIdDefault
2019-11-04 16:47:13,985 [main] WARN  server.ServerUtils (ServerUtils.java:getDBPath(222)) - ozone.om.db.dirs is not configured. We recommend adding this setting. Falling back to ozone.metadata.dirs instead.
2019-11-04 16:47:13,986 [main] WARN  server.ServerUtils (ServerUtils.java:getDBPath(222)) - ozone.om.db.dirs is not configured. We recommend adding this setting. Falling back to ozone.metadata.dirs instead.
2019-11-04 16:47:13,992 [main] WARN  server.ServerUtils (ServerUtils.java:getDBPath(222)) - ozone.om.db.dirs is not configured. We recommend adding this setting. Falling back to ozone.metadata.dirs instead.
2019-11-04 16:47:13,993 [main] INFO  db.DBStoreBuilder (DBStoreBuilder.java:addTable(117)) - using custom profile for table: userTable
2019-11-04 16:47:13,993 [main] INFO  db.DBStoreBuilder (DBStoreBuilder.java:processTables(168)) - Using default column profile:DBProfile.DISK for Table:userTable
2019-11-04 16:47:13,993 [main] INFO  db.DBStoreBuilder (DBStoreBuilder.java:addTable(117)) - using custom profile for table: volumeTable
2019-11-04 16:47:13,993 [main] INFO  db.DBStoreBuilder (DBStoreBuilder.java:processTables(168)) - Using default column profile:DBProfile.DISK for Table:volumeTable
2019-11-04 16:47:13,994 [main] INFO  db.DBStoreBuilder (DBStoreBuilder.java:addTable(117)) - using custom profile for table: bucketTable
2019-11-04 16:47:13,994 [main] INFO  db.DBStoreBuilder (DBStoreBuilder.java:processTables(168)) - Using default column profile:DBProfile.DISK for Table:bucketTable
2019-11-04 16:47:13,994 [main] INFO  db.DBStoreBuilder (DBStoreBuilder.java:addTable(117)) - using custom profile for table: keyTable
2019-11-04 16:47:13,994 [main] INFO  db.DBStoreBuilder (DBStoreBuilder.java:processTables(168)) - Using default column profile:DBProfile.DISK for Table:keyTable
2019-11-04 16:47:13,994 [main] INFO  db.DBStoreBuilder (DBStoreBuilder.java:addTable(117)) - using custom profile for table: deletedTable
2019-11-04 16:47:13,995 [main] INFO  db.DBStoreBuilder (DBStoreBuilder.java:processTables(168)) - Using default column profile:DBProfile.DISK for Table:deletedTable
2019-11-04 16:47:13,995 [main] INFO  db.DBStoreBuilder (DBStoreBuilder.java:addTable(117)) - using custom profile for table: openKeyTable
2019-11-04 16:47:13,995 [main] INFO  db.DBStoreBuilder (DBStoreBuilder.java:processTables(168)) - Using default column profile:DBProfile.DISK for Table:openKeyTable
2019-11-04 16:47:13,995 [main] INFO  db.DBStoreBuilder (DBStoreBuilder.java:addTable(117)) - using custom profile for table: s3Table
2019-11-04 16:47:13,995 [main] INFO  db.DBStoreBuilder (DBStoreBuilder.java:processTables(168)) - Using default column profile:DBProfile.DISK for Table:s3Table
2019-11-04 16:47:13,996 [main] INFO  db.DBStoreBuilder (DBStoreBuilder.java:addTable(117)) - using custom profile for table: multipartInfoTable
2019-11-04 16:47:13,996 [main] INFO  db.DBStoreBuilder (DBStoreBuilder.java:processTables(168)) - Using default column profile:DBProfile.DISK for Table:multipartInfoTable
2019-11-04 16:47:13,996 [main] INFO  db.DBStoreBuilder (DBStoreBuilder.java:addTable(117)) - using custom profile for table: dTokenTable
2019-11-04 16:47:13,996 [main] INFO  db.DBStoreBuilder (DBStoreBuilder.java:processTables(168)) - Using default column profile:DBProfile.DISK for Table:dTokenTable
2019-11-04 16:47:13,996 [main] INFO  db.DBStoreBuilder (DBStoreBuilder.java:addTable(117)) - using custom profile for table: s3SecretTable
2019-11-04 16:47:13,996 [main] INFO  db.DBStoreBuilder (DBStoreBuilder.java:processTables(168)) - Using default column profile:DBProfile.DISK for Table:s3SecretTable
2019-11-04 16:47:13,997 [main] INFO  db.DBStoreBuilder (DBStoreBuilder.java:addTable(117)) - using custom profile for table: prefixTable
2019-11-04 16:47:13,997 [main] INFO  db.DBStoreBuilder (DBStoreBuilder.java:processTables(168)) - Using default column profile:DBProfile.DISK for Table:prefixTable
2019-11-04 16:47:13,997 [main] INFO  db.DBStoreBuilder (DBStoreBuilder.java:addTable(117)) - using custom profile for table: default
2019-11-04 16:47:13,997 [main] INFO  db.DBStoreBuilder (DBStoreBuilder.java:processTables(174)) - Using default column profile:DBProfile.DISK for Table:default
2019-11-04 16:47:13,997 [main] INFO  db.DBStoreBuilder (DBStoreBuilder.java:getDbProfile(205)) - Using default options. DBProfile.DISK
2019-11-04 16:47:14,123 [java.util.concurrent.ThreadPoolExecutor$Worker@1df1889[State = -1, empty queue]] WARN  server.GrpcLogAppender (GrpcLogAppender.java:timeoutAppendRequest(209)) - 95339ef7-031c-4089-92b7-19d9433e9baf@group-5E261216B63C->4ca0cd17-6ae5-47de-ab2c-ffab821b261e-GrpcLogAppender: appendEntries Timeout, request=95339ef7-031c-4089-92b7-19d9433e9baf->4ca0cd17-6ae5-47de-ab2c-ffab821b261e#81-t3, previous=(t:3, i:4), leaderCommit=4, initializing? false, entries: <empty>
2019-11-04 16:47:14,169 [java.util.concurrent.ThreadPoolExecutor$Worker@48f5a743[State = -1, empty queue]] WARN  server.GrpcLogAppender (GrpcLogAppender.java:timeoutAppendRequest(209)) - 95339ef7-031c-4089-92b7-19d9433e9baf@group-5E261216B63C->e1ea60ec-958f-4248-8bd7-c39b1fc50f36-GrpcLogAppender: appendEntries Timeout, request=95339ef7-031c-4089-92b7-19d9433e9baf->e1ea60ec-958f-4248-8bd7-c39b1fc50f36#81-t3, previous=(t:3, i:4), leaderCommit=4, initializing? false, entries: <empty>
2019-11-04 16:47:14,411 [main] INFO  ipc.CallQueueManager (CallQueueManager.java:<init>(84)) - Using callQueue: class java.util.concurrent.LinkedBlockingQueue, queueCapacity: 2000, scheduler: class org.apache.hadoop.ipc.DefaultRpcScheduler, ipcBackoff: false.
2019-11-04 16:47:14,412 [Socket Reader #1 for port 38771] INFO  ipc.Server (Server.java:run(1074)) - Starting Socket Reader #1 for port 38771
2019-11-04 16:47:14,426 [main] INFO  om.OzoneManager (OzoneManager.java:start(1074)) - OzoneManager RPC server is listening at localhost/127.0.0.1:38771
2019-11-04 16:47:14,426 [main] INFO  impl.MetricsSystemImpl (MetricsSystemImpl.java:init(158)) - OzoneManager metrics system started (again)
2019-11-04 16:47:14,427 [IPC Server Responder] INFO  ipc.Server (Server.java:run(1314)) - IPC Server Responder: starting
2019-11-04 16:47:14,428 [IPC Server listener on 38771] INFO  ipc.Server (Server.java:run(1153)) - IPC Server listener on 38771: starting
2019-11-04 16:47:14,434 [main] INFO  hdfs.DFSUtil (DFSUtil.java:httpServerTemplateForNNAndJN(1641)) - Starting Web-server for ozoneManager at: http://0.0.0.0:0
2019-11-04 16:47:14,435 [main] INFO  server.AuthenticationFilter (AuthenticationFilter.java:constructSecretProvider(240)) - Unable to initialize FileSignerSecretProvider, falling back to use random secrets.
2019-11-04 16:47:14,436 [main] WARN  http.HttpRequestLog (HttpRequestLog.java:getRequestLog(97)) - Jetty request log can only be enabled using Log4j
2019-11-04 16:47:14,437 [main] INFO  http.HttpServer2 (HttpServer2.java:addGlobalFilter(975)) - Added global filter 'safety' (class=org.apache.hadoop.http.HttpServer2$QuotingInputFilter)
2019-11-04 16:47:14,437 [main] INFO  http.HttpServer2 (HttpServer2.java:addFilter(948)) - Added filter static_user_filter (class=org.apache.hadoop.http.lib.StaticUserWebFilter$StaticUserFilter) to context ozoneManager
2019-11-04 16:47:14,438 [main] INFO  http.HttpServer2 (HttpServer2.java:addFilter(958)) - Added filter static_user_filter (class=org.apache.hadoop.http.lib.StaticUserWebFilter$StaticUserFilter) to context logs
2019-11-04 16:47:14,438 [main] INFO  http.HttpServer2 (HttpServer2.java:addFilter(958)) - Added filter static_user_filter (class=org.apache.hadoop.http.lib.StaticUserWebFilter$StaticUserFilter) to context static
2019-11-04 16:47:14,438 [main] INFO  http.HttpServer2 (HttpServer2.java:bindListener(1191)) - Jetty bound to port 45671
2019-11-04 16:47:14,438 [main] INFO  server.Server (Server.java:doStart(351)) - jetty-9.3.25.v20180904, build timestamp: 2018-09-04T21:11:46Z, git hash: 3ce520221d0240229c862b122d2b06c12a625732
2019-11-04 16:47:14,440 [main] INFO  handler.ContextHandler (ContextHandler.java:doStart(781)) - Started o.e.j.s.ServletContextHandler@1a2e563e{/logs,file:///workdir/hadoop-ozone/integration-test/target/log,AVAILABLE}
2019-11-04 16:47:14,440 [main] INFO  handler.ContextHandler (ContextHandler.java:doStart(781)) - Started o.e.j.s.ServletContextHandler@62ea8931{/static,file:///workdir/hadoop-ozone/integration-test/target/test-classes/webapps/static,AVAILABLE}
2019-11-04 16:47:14,444 [main] INFO  handler.ContextHandler (ContextHandler.java:doStart(781)) - Started o.e.j.w.WebAppContext@1be52861{/,file:///workdir/hadoop-ozone/integration-test/target/test-classes/webapps/ozoneManager/,AVAILABLE}{/ozoneManager}
2019-11-04 16:47:14,444 [main] INFO  server.AbstractConnector (AbstractConnector.java:doStart(278)) - Started ServerConnector@5fb5ad40{HTTP/1.1,[http/1.1]}{0.0.0.0:45671}
2019-11-04 16:47:14,445 [main] INFO  server.Server (Server.java:doStart(419)) - Started @349370ms
2019-11-04 16:47:14,445 [main] WARN  impl.MetricsSystemImpl (MetricsSystemImpl.java:register(276)) - Sink prometheus already exists!
2019-11-04 16:47:14,446 [main] INFO  server.BaseHttpServer (BaseHttpServer.java:updateConnectorAddress(215)) - HTTP server of OZONEMANAGER is listening at http://0.0.0.0:45671
2019-11-04 16:47:14,461 [main] INFO  impl.MetricsSystemImpl (MetricsSystemImpl.java:init(158)) - HddsDatanode metrics system started (again)
2019-11-04 16:47:14,466 [main] INFO  ozone.HddsDatanodeService (HddsDatanodeService.java:start(184)) - HddsDatanodeService host:pr-hdds-1643-sn7dj-2043761873 ip:192.168.157.194
2019-11-04 16:47:14,472 [main] INFO  volume.HddsVolume (HddsVolume.java:<init>(176)) - Creating Volume: /workdir/hadoop-ozone/integration-test/target/test-dir/MiniOzoneClusterImpl-8e66254f-d6bc-40e7-ae2f-db5e1b2bb1f3/datanode-0/data/containers/hdds of  storage type : DISK and capacity : 1482555576320
2019-11-04 16:47:14,473 [main] INFO  volume.VolumeSet (VolumeSet.java:initializeVolumeSet(170)) - Added Volume : /workdir/hadoop-ozone/integration-test/target/test-dir/MiniOzoneClusterImpl-8e66254f-d6bc-40e7-ae2f-db5e1b2bb1f3/datanode-0/data/containers/hdds to VolumeSet
2019-11-04 16:47:14,473 [main] INFO  volume.ThrottledAsyncChecker (ThrottledAsyncChecker.java:schedule(141)) - Scheduling a check for /workdir/hadoop-ozone/integration-test/target/test-dir/MiniOzoneClusterImpl-8e66254f-d6bc-40e7-ae2f-db5e1b2bb1f3/datanode-0/data/containers/hdds
2019-11-04 16:47:14,473 [main] INFO  volume.HddsVolumeChecker (HddsVolumeChecker.java:checkAllVolumes(204)) - Scheduled health check for volume /workdir/hadoop-ozone/integration-test/target/test-dir/MiniOzoneClusterImpl-8e66254f-d6bc-40e7-ae2f-db5e1b2bb1f3/datanode-0/data/containers/hdds
2019-11-04 16:47:14,485 [main] INFO  impl.RaftServerProxy (ConfUtils.java:logGet(43)) - raft.rpc.type = GRPC (default)
2019-11-04 16:47:14,485 [main] INFO  grpc.GrpcFactory (GrpcFactory.java:checkPooledByteBufAllocatorUseCacheForAllThreads(45)) - PERFORMANCE WARNING: useCacheForAllThreads is true that may cause Netty to create a lot garbage objects and, as a result, trigger GC.
	It is recommended to disable useCacheForAllThreads by setting -Dorg.apache.ratis.thirdparty.io.netty.allocator.useCacheForAllThreads=false in command line.
2019-11-04 16:47:14,485 [main] INFO  grpc.GrpcConfigKeys$Server (ConfUtils.java:logGet(43)) - raft.grpc.server.port = 0 (default)
2019-11-04 16:47:14,485 [main] INFO  server.GrpcService (ConfUtils.java:logGet(43)) - raft.grpc.message.size.max = 33570816 (custom)
2019-11-04 16:47:14,485 [main] INFO  server.RaftServerConfigKeys (ConfUtils.java:logGet(43)) - raft.server.log.appender.buffer.byte-limit = 33554432 (custom)
2019-11-04 16:47:14,485 [main] INFO  server.GrpcService (ConfUtils.java:logGet(43)) - raft.grpc.flow.control.window = 1MB (=1048576) (default)
2019-11-04 16:47:14,486 [main] INFO  server.RaftServerConfigKeys (ConfUtils.java:logGet(43)) - raft.server.rpc.request.timeout = 3000ms (default)
2019-11-04 16:47:14,486 [main] INFO  server.RaftServerConfigKeys (ConfUtils.java:logGet(43)) - raft.server.storage.dir = [/workdir/hadoop-ozone/integration-test/target/test-dir/MiniOzoneClusterImpl-8e66254f-d6bc-40e7-ae2f-db5e1b2bb1f3/datanode-0/data/ratis] (custom)
2019-11-04 16:47:14,487 [main] INFO  hdfs.DFSUtil (DFSUtil.java:httpServerTemplateForNNAndJN(1641)) - Starting Web-server for hddsDatanode at: http://0.0.0.0:0
2019-11-04 16:47:14,489 [main] INFO  server.AuthenticationFilter (AuthenticationFilter.java:constructSecretProvider(240)) - Unable to initialize FileSignerSecretProvider, falling back to use random secrets.
2019-11-04 16:47:14,489 [main] WARN  http.HttpRequestLog (HttpRequestLog.java:getRequestLog(97)) - Jetty request log can only be enabled using Log4j
2019-11-04 16:47:14,490 [main] INFO  http.HttpServer2 (HttpServer2.java:addGlobalFilter(975)) - Added global filter 'safety' (class=org.apache.hadoop.http.HttpServer2$QuotingInputFilter)
2019-11-04 16:47:14,490 [main] INFO  http.HttpServer2 (HttpServer2.java:addFilter(948)) - Added filter static_user_filter (class=org.apache.hadoop.http.lib.StaticUserWebFilter$StaticUserFilter) to context hddsDatanode
2019-11-04 16:47:14,490 [main] INFO  http.HttpServer2 (HttpServer2.java:addFilter(958)) - Added filter static_user_filter (class=org.apache.hadoop.http.lib.StaticUserWebFilter$StaticUserFilter) to context static
2019-11-04 16:47:14,490 [main] INFO  http.HttpServer2 (HttpServer2.java:addFilter(958)) - Added filter static_user_filter (class=org.apache.hadoop.http.lib.StaticUserWebFilter$StaticUserFilter) to context logs
2019-11-04 16:47:14,491 [main] INFO  http.HttpServer2 (HttpServer2.java:bindListener(1191)) - Jetty bound to port 44845
2019-11-04 16:47:14,491 [main] INFO  server.Server (Server.java:doStart(351)) - jetty-9.3.25.v20180904, build timestamp: 2018-09-04T21:11:46Z, git hash: 3ce520221d0240229c862b122d2b06c12a625732
2019-11-04 16:47:14,492 [main] INFO  handler.ContextHandler (ContextHandler.java:doStart(781)) - Started o.e.j.s.ServletContextHandler@7d7ceca8{/logs,file:///workdir/hadoop-ozone/integration-test/target/log,AVAILABLE}
2019-11-04 16:47:14,493 [main] INFO  handler.ContextHandler (ContextHandler.java:doStart(781)) - Started o.e.j.s.ServletContextHandler@26c7b1c6{/static,jar:file:/home/user/.m2/repository/org/apache/hadoop/hadoop-hdds-container-service/0.5.0-SNAPSHOT/hadoop-hdds-container-service-0.5.0-SNAPSHOT.jar!/webapps/static,AVAILABLE}
2019-11-04 16:47:14,520 [main] INFO  handler.ContextHandler (ContextHandler.java:doStart(781)) - Started o.e.j.w.WebAppContext@433ef204{/,file:///tmp/jetty-0.0.0.0-44845-hddsDatanode-_-any-599670293003867366.dir/webapp/,AVAILABLE}{/hddsDatanode}
2019-11-04 16:47:14,521 [main] INFO  server.AbstractConnector (AbstractConnector.java:doStart(278)) - Started ServerConnector@4dd2ef54{HTTP/1.1,[http/1.1]}{0.0.0.0:44845}
2019-11-04 16:47:14,521 [main] INFO  server.Server (Server.java:doStart(419)) - Started @349446ms
2019-11-04 16:47:14,522 [main] WARN  impl.MetricsSystemImpl (MetricsSystemImpl.java:register(276)) - Sink prometheus already exists!
2019-11-04 16:47:14,523 [main] INFO  server.BaseHttpServer (BaseHttpServer.java:updateConnectorAddress(215)) - HTTP server of HDDSDATANODE is listening at http://0.0.0.0:44845
2019-11-04 16:47:14,523 [main] INFO  impl.MetricsSystemImpl (MetricsSystemImpl.java:init(158)) - HddsDatanode metrics system started (again)
2019-11-04 16:47:14,530 [org.apache.hadoop.util.JvmPauseMonitor$Monitor@7e33d85e] INFO  util.JvmPauseMonitor (JvmPauseMonitor.java:run(188)) - Starting JVM pause monitor
2019-11-04 16:47:14,531 [main] INFO  ozone.HddsDatanodeService (HddsDatanodeService.java:start(184)) - HddsDatanodeService host:pr-hdds-1643-sn7dj-2043761873 ip:192.168.157.194
2019-11-04 16:47:14,532 [Datanode State Machine Thread - 0] INFO  datanode.InitDatanodeState (InitDatanodeState.java:persistContainerDatanodeDetails(140)) - DatanodeDetails is persisted to /workdir/hadoop-ozone/integration-test/target/test-dir/MiniOzoneClusterImpl-8e66254f-d6bc-40e7-ae2f-db5e1b2bb1f3/datanode-0/meta/datanode.id
2019-11-04 16:47:14,538 [main] INFO  volume.HddsVolume (HddsVolume.java:<init>(176)) - Creating Volume: /workdir/hadoop-ozone/integration-test/target/test-dir/MiniOzoneClusterImpl-8e66254f-d6bc-40e7-ae2f-db5e1b2bb1f3/datanode-1/data/containers/hdds of  storage type : DISK and capacity : 1482555576320
2019-11-04 16:47:14,539 [main] INFO  volume.VolumeSet (VolumeSet.java:initializeVolumeSet(170)) - Added Volume : /workdir/hadoop-ozone/integration-test/target/test-dir/MiniOzoneClusterImpl-8e66254f-d6bc-40e7-ae2f-db5e1b2bb1f3/datanode-1/data/containers/hdds to VolumeSet
2019-11-04 16:47:14,539 [main] INFO  volume.ThrottledAsyncChecker (ThrottledAsyncChecker.java:schedule(141)) - Scheduling a check for /workdir/hadoop-ozone/integration-test/target/test-dir/MiniOzoneClusterImpl-8e66254f-d6bc-40e7-ae2f-db5e1b2bb1f3/datanode-1/data/containers/hdds
2019-11-04 16:47:14,540 [main] INFO  volume.HddsVolumeChecker (HddsVolumeChecker.java:checkAllVolumes(204)) - Scheduled health check for volume /workdir/hadoop-ozone/integration-test/target/test-dir/MiniOzoneClusterImpl-8e66254f-d6bc-40e7-ae2f-db5e1b2bb1f3/datanode-1/data/containers/hdds
2019-11-04 16:47:14,559 [main] INFO  impl.RaftServerProxy (ConfUtils.java:logGet(43)) - raft.rpc.type = GRPC (default)
2019-11-04 16:47:14,559 [main] INFO  grpc.GrpcFactory (GrpcFactory.java:checkPooledByteBufAllocatorUseCacheForAllThreads(45)) - PERFORMANCE WARNING: useCacheForAllThreads is true that may cause Netty to create a lot garbage objects and, as a result, trigger GC.
	It is recommended to disable useCacheForAllThreads by setting -Dorg.apache.ratis.thirdparty.io.netty.allocator.useCacheForAllThreads=false in command line.
2019-11-04 16:47:14,560 [main] INFO  grpc.GrpcConfigKeys$Server (ConfUtils.java:logGet(43)) - raft.grpc.server.port = 0 (default)
2019-11-04 16:47:14,560 [main] INFO  server.GrpcService (ConfUtils.java:logGet(43)) - raft.grpc.message.size.max = 33570816 (custom)
2019-11-04 16:47:14,560 [main] INFO  server.RaftServerConfigKeys (ConfUtils.java:logGet(43)) - raft.server.log.appender.buffer.byte-limit = 33554432 (custom)
2019-11-04 16:47:14,560 [main] INFO  server.GrpcService (ConfUtils.java:logGet(43)) - raft.grpc.flow.control.window = 1MB (=1048576) (default)
2019-11-04 16:47:14,561 [main] INFO  server.RaftServerConfigKeys (ConfUtils.java:logGet(43)) - raft.server.rpc.request.timeout = 3000ms (default)
2019-11-04 16:47:14,561 [main] INFO  server.RaftServerConfigKeys (ConfUtils.java:logGet(43)) - raft.server.storage.dir = [/workdir/hadoop-ozone/integration-test/target/test-dir/MiniOzoneClusterImpl-8e66254f-d6bc-40e7-ae2f-db5e1b2bb1f3/datanode-1/data/ratis] (custom)
2019-11-04 16:47:14,563 [main] INFO  hdfs.DFSUtil (DFSUtil.java:httpServerTemplateForNNAndJN(1641)) - Starting Web-server for hddsDatanode at: http://0.0.0.0:0
2019-11-04 16:47:14,564 [main] INFO  server.AuthenticationFilter (AuthenticationFilter.java:constructSecretProvider(240)) - Unable to initialize FileSignerSecretProvider, falling back to use random secrets.
2019-11-04 16:47:14,565 [main] WARN  http.HttpRequestLog (HttpRequestLog.java:getRequestLog(97)) - Jetty request log can only be enabled using Log4j
2019-11-04 16:47:14,566 [main] INFO  http.HttpServer2 (HttpServer2.java:addGlobalFilter(975)) - Added global filter 'safety' (class=org.apache.hadoop.http.HttpServer2$QuotingInputFilter)
2019-11-04 16:47:14,567 [main] INFO  http.HttpServer2 (HttpServer2.java:addFilter(948)) - Added filter static_user_filter (class=org.apache.hadoop.http.lib.StaticUserWebFilter$StaticUserFilter) to context hddsDatanode
2019-11-04 16:47:14,567 [main] INFO  http.HttpServer2 (HttpServer2.java:addFilter(958)) - Added filter static_user_filter (class=org.apache.hadoop.http.lib.StaticUserWebFilter$StaticUserFilter) to context static
2019-11-04 16:47:14,567 [main] INFO  http.HttpServer2 (HttpServer2.java:addFilter(958)) - Added filter static_user_filter (class=org.apache.hadoop.http.lib.StaticUserWebFilter$StaticUserFilter) to context logs
2019-11-04 16:47:14,568 [main] INFO  http.HttpServer2 (HttpServer2.java:bindListener(1191)) - Jetty bound to port 45346
2019-11-04 16:47:14,568 [main] INFO  server.Server (Server.java:doStart(351)) - jetty-9.3.25.v20180904, build timestamp: 2018-09-04T21:11:46Z, git hash: 3ce520221d0240229c862b122d2b06c12a625732
2019-11-04 16:47:14,570 [main] INFO  handler.ContextHandler (ContextHandler.java:doStart(781)) - Started o.e.j.s.ServletContextHandler@3e03046d{/logs,file:///workdir/hadoop-ozone/integration-test/target/log,AVAILABLE}
2019-11-04 16:47:14,570 [main] INFO  handler.ContextHandler (ContextHandler.java:doStart(781)) - Started o.e.j.s.ServletContextHandler@74e497ae{/static,jar:file:/home/user/.m2/repository/org/apache/hadoop/hadoop-hdds-container-service/0.5.0-SNAPSHOT/hadoop-hdds-container-service-0.5.0-SNAPSHOT.jar!/webapps/static,AVAILABLE}
2019-11-04 16:47:14,605 [main] INFO  handler.ContextHandler (ContextHandler.java:doStart(781)) - Started o.e.j.w.WebAppContext@5ed0b4e3{/,file:///tmp/jetty-0.0.0.0-45346-hddsDatanode-_-any-2383682016794841839.dir/webapp/,AVAILABLE}{/hddsDatanode}
2019-11-04 16:47:14,606 [main] INFO  server.AbstractConnector (AbstractConnector.java:doStart(278)) - Started ServerConnector@79ab97fd{HTTP/1.1,[http/1.1]}{0.0.0.0:45346}
2019-11-04 16:47:14,607 [main] INFO  server.Server (Server.java:doStart(419)) - Started @349532ms
2019-11-04 16:47:14,607 [main] WARN  impl.MetricsSystemImpl (MetricsSystemImpl.java:register(276)) - Sink prometheus already exists!
2019-11-04 16:47:14,608 [main] INFO  server.BaseHttpServer (BaseHttpServer.java:updateConnectorAddress(215)) - HTTP server of HDDSDATANODE is listening at http://0.0.0.0:45346
2019-11-04 16:47:14,608 [main] INFO  impl.MetricsSystemImpl (MetricsSystemImpl.java:init(158)) - HddsDatanode metrics system started (again)
2019-11-04 16:47:14,615 [org.apache.hadoop.util.JvmPauseMonitor$Monitor@1a565cc4] INFO  util.JvmPauseMonitor (JvmPauseMonitor.java:run(188)) - Starting JVM pause monitor
2019-11-04 16:47:14,615 [main] INFO  ozone.HddsDatanodeService (HddsDatanodeService.java:start(184)) - HddsDatanodeService host:pr-hdds-1643-sn7dj-2043761873 ip:192.168.157.194
2019-11-04 16:47:14,616 [Datanode State Machine Thread - 0] INFO  datanode.InitDatanodeState (InitDatanodeState.java:persistContainerDatanodeDetails(140)) - DatanodeDetails is persisted to /workdir/hadoop-ozone/integration-test/target/test-dir/MiniOzoneClusterImpl-8e66254f-d6bc-40e7-ae2f-db5e1b2bb1f3/datanode-1/meta/datanode.id
2019-11-04 16:47:14,622 [main] INFO  volume.HddsVolume (HddsVolume.java:<init>(176)) - Creating Volume: /workdir/hadoop-ozone/integration-test/target/test-dir/MiniOzoneClusterImpl-8e66254f-d6bc-40e7-ae2f-db5e1b2bb1f3/datanode-2/data/containers/hdds of  storage type : DISK and capacity : 1482555576320
2019-11-04 16:47:14,622 [main] INFO  volume.VolumeSet (VolumeSet.java:initializeVolumeSet(170)) - Added Volume : /workdir/hadoop-ozone/integration-test/target/test-dir/MiniOzoneClusterImpl-8e66254f-d6bc-40e7-ae2f-db5e1b2bb1f3/datanode-2/data/containers/hdds to VolumeSet
2019-11-04 16:47:14,622 [main] INFO  volume.ThrottledAsyncChecker (ThrottledAsyncChecker.java:schedule(141)) - Scheduling a check for /workdir/hadoop-ozone/integration-test/target/test-dir/MiniOzoneClusterImpl-8e66254f-d6bc-40e7-ae2f-db5e1b2bb1f3/datanode-2/data/containers/hdds
2019-11-04 16:47:14,623 [main] INFO  volume.HddsVolumeChecker (HddsVolumeChecker.java:checkAllVolumes(204)) - Scheduled health check for volume /workdir/hadoop-ozone/integration-test/target/test-dir/MiniOzoneClusterImpl-8e66254f-d6bc-40e7-ae2f-db5e1b2bb1f3/datanode-2/data/containers/hdds
2019-11-04 16:47:14,624 [java.util.concurrent.ThreadPoolExecutor$Worker@1df1889[State = -1, empty queue]] WARN  server.GrpcLogAppender (GrpcLogAppender.java:timeoutAppendRequest(209)) - 95339ef7-031c-4089-92b7-19d9433e9baf@group-5E261216B63C->4ca0cd17-6ae5-47de-ab2c-ffab821b261e-GrpcLogAppender: appendEntries Timeout, request=95339ef7-031c-4089-92b7-19d9433e9baf->4ca0cd17-6ae5-47de-ab2c-ffab821b261e#82-t3, previous=(t:3, i:4), leaderCommit=4, initializing? false, entries: <empty>
2019-11-04 16:47:14,637 [main] INFO  impl.RaftServerProxy (ConfUtils.java:logGet(43)) - raft.rpc.type = GRPC (default)
2019-11-04 16:47:14,637 [main] INFO  grpc.GrpcFactory (GrpcFactory.java:checkPooledByteBufAllocatorUseCacheForAllThreads(45)) - PERFORMANCE WARNING: useCacheForAllThreads is true that may cause Netty to create a lot garbage objects and, as a result, trigger GC.
	It is recommended to disable useCacheForAllThreads by setting -Dorg.apache.ratis.thirdparty.io.netty.allocator.useCacheForAllThreads=false in command line.
2019-11-04 16:47:14,637 [main] INFO  grpc.GrpcConfigKeys$Server (ConfUtils.java:logGet(43)) - raft.grpc.server.port = 0 (default)
2019-11-04 16:47:14,638 [main] INFO  server.GrpcService (ConfUtils.java:logGet(43)) - raft.grpc.message.size.max = 33570816 (custom)
2019-11-04 16:47:14,638 [main] INFO  server.RaftServerConfigKeys (ConfUtils.java:logGet(43)) - raft.server.log.appender.buffer.byte-limit = 33554432 (custom)
2019-11-04 16:47:14,638 [main] INFO  server.GrpcService (ConfUtils.java:logGet(43)) - raft.grpc.flow.control.window = 1MB (=1048576) (default)
2019-11-04 16:47:14,638 [main] INFO  server.RaftServerConfigKeys (ConfUtils.java:logGet(43)) - raft.server.rpc.request.timeout = 3000ms (default)
2019-11-04 16:47:14,639 [main] INFO  server.RaftServerConfigKeys (ConfUtils.java:logGet(43)) - raft.server.storage.dir = [/workdir/hadoop-ozone/integration-test/target/test-dir/MiniOzoneClusterImpl-8e66254f-d6bc-40e7-ae2f-db5e1b2bb1f3/datanode-2/data/ratis] (custom)
2019-11-04 16:47:14,640 [main] INFO  hdfs.DFSUtil (DFSUtil.java:httpServerTemplateForNNAndJN(1641)) - Starting Web-server for hddsDatanode at: http://0.0.0.0:0
2019-11-04 16:47:14,641 [main] INFO  server.AuthenticationFilter (AuthenticationFilter.java:constructSecretProvider(240)) - Unable to initialize FileSignerSecretProvider, falling back to use random secrets.
2019-11-04 16:47:14,642 [main] WARN  http.HttpRequestLog (HttpRequestLog.java:getRequestLog(97)) - Jetty request log can only be enabled using Log4j
2019-11-04 16:47:14,643 [main] INFO  http.HttpServer2 (HttpServer2.java:addGlobalFilter(975)) - Added global filter 'safety' (class=org.apache.hadoop.http.HttpServer2$QuotingInputFilter)
2019-11-04 16:47:14,644 [main] INFO  http.HttpServer2 (HttpServer2.java:addFilter(948)) - Added filter static_user_filter (class=org.apache.hadoop.http.lib.StaticUserWebFilter$StaticUserFilter) to context hddsDatanode
2019-11-04 16:47:14,644 [main] INFO  http.HttpServer2 (HttpServer2.java:addFilter(958)) - Added filter static_user_filter (class=org.apache.hadoop.http.lib.StaticUserWebFilter$StaticUserFilter) to context logs
2019-11-04 16:47:14,644 [main] INFO  http.HttpServer2 (HttpServer2.java:addFilter(958)) - Added filter static_user_filter (class=org.apache.hadoop.http.lib.StaticUserWebFilter$StaticUserFilter) to context static
2019-11-04 16:47:14,645 [main] INFO  http.HttpServer2 (HttpServer2.java:bindListener(1191)) - Jetty bound to port 42012
2019-11-04 16:47:14,645 [main] INFO  server.Server (Server.java:doStart(351)) - jetty-9.3.25.v20180904, build timestamp: 2018-09-04T21:11:46Z, git hash: 3ce520221d0240229c862b122d2b06c12a625732
2019-11-04 16:47:14,646 [main] INFO  handler.ContextHandler (ContextHandler.java:doStart(781)) - Started o.e.j.s.ServletContextHandler@69d103f0{/logs,file:///workdir/hadoop-ozone/integration-test/target/log,AVAILABLE}
2019-11-04 16:47:14,647 [main] INFO  handler.ContextHandler (ContextHandler.java:doStart(781)) - Started o.e.j.s.ServletContextHandler@74fb5b59{/static,jar:file:/home/user/.m2/repository/org/apache/hadoop/hadoop-hdds-container-service/0.5.0-SNAPSHOT/hadoop-hdds-container-service-0.5.0-SNAPSHOT.jar!/webapps/static,AVAILABLE}
2019-11-04 16:47:14,669 [java.util.concurrent.ThreadPoolExecutor$Worker@48f5a743[State = -1, empty queue]] WARN  server.GrpcLogAppender (GrpcLogAppender.java:timeoutAppendRequest(209)) - 95339ef7-031c-4089-92b7-19d9433e9baf@group-5E261216B63C->e1ea60ec-958f-4248-8bd7-c39b1fc50f36-GrpcLogAppender: appendEntries Timeout, request=95339ef7-031c-4089-92b7-19d9433e9baf->e1ea60ec-958f-4248-8bd7-c39b1fc50f36#82-t3, previous=(t:3, i:4), leaderCommit=4, initializing? false, entries: <empty>
2019-11-04 16:47:14,679 [main] INFO  handler.ContextHandler (ContextHandler.java:doStart(781)) - Started o.e.j.w.WebAppContext@5e99e2cb{/,file:///tmp/jetty-0.0.0.0-42012-hddsDatanode-_-any-6286156739475425585.dir/webapp/,AVAILABLE}{/hddsDatanode}
2019-11-04 16:47:14,680 [main] INFO  server.AbstractConnector (AbstractConnector.java:doStart(278)) - Started ServerConnector@76ac68b0{HTTP/1.1,[http/1.1]}{0.0.0.0:42012}
2019-11-04 16:47:14,681 [main] INFO  server.Server (Server.java:doStart(419)) - Started @349606ms
2019-11-04 16:47:14,681 [main] WARN  impl.MetricsSystemImpl (MetricsSystemImpl.java:register(276)) - Sink prometheus already exists!
2019-11-04 16:47:14,682 [main] INFO  server.BaseHttpServer (BaseHttpServer.java:updateConnectorAddress(215)) - HTTP server of HDDSDATANODE is listening at http://0.0.0.0:42012
2019-11-04 16:47:14,682 [main] INFO  impl.MetricsSystemImpl (MetricsSystemImpl.java:init(158)) - HddsDatanode metrics system started (again)
2019-11-04 16:47:14,688 [org.apache.hadoop.util.JvmPauseMonitor$Monitor@30532214] INFO  util.JvmPauseMonitor (JvmPauseMonitor.java:run(188)) - Starting JVM pause monitor
2019-11-04 16:47:14,689 [main] INFO  ozone.HddsDatanodeService (HddsDatanodeService.java:start(184)) - HddsDatanodeService host:pr-hdds-1643-sn7dj-2043761873 ip:192.168.157.194
2019-11-04 16:47:14,690 [Datanode State Machine Thread - 0] INFO  datanode.InitDatanodeState (InitDatanodeState.java:persistContainerDatanodeDetails(140)) - DatanodeDetails is persisted to /workdir/hadoop-ozone/integration-test/target/test-dir/MiniOzoneClusterImpl-8e66254f-d6bc-40e7-ae2f-db5e1b2bb1f3/datanode-2/meta/datanode.id
2019-11-04 16:47:14,695 [main] INFO  volume.HddsVolume (HddsVolume.java:<init>(176)) - Creating Volume: /workdir/hadoop-ozone/integration-test/target/test-dir/MiniOzoneClusterImpl-8e66254f-d6bc-40e7-ae2f-db5e1b2bb1f3/datanode-3/data/containers/hdds of  storage type : DISK and capacity : 1482555576320
2019-11-04 16:47:14,695 [main] INFO  volume.VolumeSet (VolumeSet.java:initializeVolumeSet(170)) - Added Volume : /workdir/hadoop-ozone/integration-test/target/test-dir/MiniOzoneClusterImpl-8e66254f-d6bc-40e7-ae2f-db5e1b2bb1f3/datanode-3/data/containers/hdds to VolumeSet
2019-11-04 16:47:14,695 [main] INFO  volume.ThrottledAsyncChecker (ThrottledAsyncChecker.java:schedule(141)) - Scheduling a check for /workdir/hadoop-ozone/integration-test/target/test-dir/MiniOzoneClusterImpl-8e66254f-d6bc-40e7-ae2f-db5e1b2bb1f3/datanode-3/data/containers/hdds
2019-11-04 16:47:14,696 [main] INFO  volume.HddsVolumeChecker (HddsVolumeChecker.java:checkAllVolumes(204)) - Scheduled health check for volume /workdir/hadoop-ozone/integration-test/target/test-dir/MiniOzoneClusterImpl-8e66254f-d6bc-40e7-ae2f-db5e1b2bb1f3/datanode-3/data/containers/hdds
2019-11-04 16:47:14,707 [main] INFO  impl.RaftServerProxy (ConfUtils.java:logGet(43)) - raft.rpc.type = GRPC (default)
2019-11-04 16:47:14,707 [main] INFO  grpc.GrpcFactory (GrpcFactory.java:checkPooledByteBufAllocatorUseCacheForAllThreads(45)) - PERFORMANCE WARNING: useCacheForAllThreads is true that may cause Netty to create a lot garbage objects and, as a result, trigger GC.
	It is recommended to disable useCacheForAllThreads by setting -Dorg.apache.ratis.thirdparty.io.netty.allocator.useCacheForAllThreads=false in command line.
2019-11-04 16:47:14,707 [main] INFO  grpc.GrpcConfigKeys$Server (ConfUtils.java:logGet(43)) - raft.grpc.server.port = 0 (default)
2019-11-04 16:47:14,707 [main] INFO  server.GrpcService (ConfUtils.java:logGet(43)) - raft.grpc.message.size.max = 33570816 (custom)
2019-11-04 16:47:14,707 [main] INFO  server.RaftServerConfigKeys (ConfUtils.java:logGet(43)) - raft.server.log.appender.buffer.byte-limit = 33554432 (custom)
2019-11-04 16:47:14,708 [main] INFO  server.GrpcService (ConfUtils.java:logGet(43)) - raft.grpc.flow.control.window = 1MB (=1048576) (default)
2019-11-04 16:47:14,708 [main] INFO  server.RaftServerConfigKeys (ConfUtils.java:logGet(43)) - raft.server.rpc.request.timeout = 3000ms (default)
2019-11-04 16:47:14,708 [main] INFO  server.RaftServerConfigKeys (ConfUtils.java:logGet(43)) - raft.server.storage.dir = [/workdir/hadoop-ozone/integration-test/target/test-dir/MiniOzoneClusterImpl-8e66254f-d6bc-40e7-ae2f-db5e1b2bb1f3/datanode-3/data/ratis] (custom)
2019-11-04 16:47:14,709 [main] INFO  hdfs.DFSUtil (DFSUtil.java:httpServerTemplateForNNAndJN(1641)) - Starting Web-server for hddsDatanode at: http://0.0.0.0:0
2019-11-04 16:47:14,710 [main] INFO  server.AuthenticationFilter (AuthenticationFilter.java:constructSecretProvider(240)) - Unable to initialize FileSignerSecretProvider, falling back to use random secrets.
2019-11-04 16:47:14,711 [main] WARN  http.HttpRequestLog (HttpRequestLog.java:getRequestLog(97)) - Jetty request log can only be enabled using Log4j
2019-11-04 16:47:14,713 [main] INFO  http.HttpServer2 (HttpServer2.java:addGlobalFilter(975)) - Added global filter 'safety' (class=org.apache.hadoop.http.HttpServer2$QuotingInputFilter)
2019-11-04 16:47:14,713 [main] INFO  http.HttpServer2 (HttpServer2.java:addFilter(948)) - Added filter static_user_filter (class=org.apache.hadoop.http.lib.StaticUserWebFilter$StaticUserFilter) to context hddsDatanode
2019-11-04 16:47:14,713 [main] INFO  http.HttpServer2 (HttpServer2.java:addFilter(958)) - Added filter static_user_filter (class=org.apache.hadoop.http.lib.StaticUserWebFilter$StaticUserFilter) to context logs
2019-11-04 16:47:14,714 [main] INFO  http.HttpServer2 (HttpServer2.java:addFilter(958)) - Added filter static_user_filter (class=org.apache.hadoop.http.lib.StaticUserWebFilter$StaticUserFilter) to context static
2019-11-04 16:47:14,714 [main] INFO  http.HttpServer2 (HttpServer2.java:bindListener(1191)) - Jetty bound to port 42895
2019-11-04 16:47:14,715 [main] INFO  server.Server (Server.java:doStart(351)) - jetty-9.3.25.v20180904, build timestamp: 2018-09-04T21:11:46Z, git hash: 3ce520221d0240229c862b122d2b06c12a625732
2019-11-04 16:47:14,716 [main] INFO  handler.ContextHandler (ContextHandler.java:doStart(781)) - Started o.e.j.s.ServletContextHandler@3c33fcf8{/logs,file:///workdir/hadoop-ozone/integration-test/target/log,AVAILABLE}
2019-11-04 16:47:14,717 [main] INFO  handler.ContextHandler (ContextHandler.java:doStart(781)) - Started o.e.j.s.ServletContextHandler@716f94c1{/static,jar:file:/home/user/.m2/repository/org/apache/hadoop/hadoop-hdds-container-service/0.5.0-SNAPSHOT/hadoop-hdds-container-service-0.5.0-SNAPSHOT.jar!/webapps/static,AVAILABLE}
2019-11-04 16:47:14,752 [main] INFO  handler.ContextHandler (ContextHandler.java:doStart(781)) - Started o.e.j.w.WebAppContext@46612bfc{/,file:///tmp/jetty-0.0.0.0-42895-hddsDatanode-_-any-6285697819908545156.dir/webapp/,AVAILABLE}{/hddsDatanode}
2019-11-04 16:47:14,752 [main] INFO  server.AbstractConnector (AbstractConnector.java:doStart(278)) - Started ServerConnector@4f213a2{HTTP/1.1,[http/1.1]}{0.0.0.0:42895}
2019-11-04 16:47:14,752 [main] INFO  server.Server (Server.java:doStart(419)) - Started @349677ms
2019-11-04 16:47:14,754 [main] WARN  impl.MetricsSystemImpl (MetricsSystemImpl.java:register(276)) - Sink prometheus already exists!
2019-11-04 16:47:14,755 [main] INFO  server.BaseHttpServer (BaseHttpServer.java:updateConnectorAddress(215)) - HTTP server of HDDSDATANODE is listening at http://0.0.0.0:42895
2019-11-04 16:47:14,755 [main] INFO  impl.MetricsSystemImpl (MetricsSystemImpl.java:init(158)) - HddsDatanode metrics system started (again)
2019-11-04 16:47:14,764 [org.apache.hadoop.util.JvmPauseMonitor$Monitor@51b7a6c8] INFO  util.JvmPauseMonitor (JvmPauseMonitor.java:run(188)) - Starting JVM pause monitor
2019-11-04 16:47:14,765 [main] INFO  ozone.HddsDatanodeService (HddsDatanodeService.java:start(184)) - HddsDatanodeService host:pr-hdds-1643-sn7dj-2043761873 ip:192.168.157.194
2019-11-04 16:47:14,766 [Datanode State Machine Thread - 0] INFO  datanode.InitDatanodeState (InitDatanodeState.java:persistContainerDatanodeDetails(140)) - DatanodeDetails is persisted to /workdir/hadoop-ozone/integration-test/target/test-dir/MiniOzoneClusterImpl-8e66254f-d6bc-40e7-ae2f-db5e1b2bb1f3/datanode-3/meta/datanode.id
2019-11-04 16:47:14,772 [main] INFO  volume.HddsVolume (HddsVolume.java:<init>(176)) - Creating Volume: /workdir/hadoop-ozone/integration-test/target/test-dir/MiniOzoneClusterImpl-8e66254f-d6bc-40e7-ae2f-db5e1b2bb1f3/datanode-4/data/containers/hdds of  storage type : DISK and capacity : 1482555576320
2019-11-04 16:47:14,772 [main] INFO  volume.VolumeSet (VolumeSet.java:initializeVolumeSet(170)) - Added Volume : /workdir/hadoop-ozone/integration-test/target/test-dir/MiniOzoneClusterImpl-8e66254f-d6bc-40e7-ae2f-db5e1b2bb1f3/datanode-4/data/containers/hdds to VolumeSet
2019-11-04 16:47:14,772 [main] INFO  volume.ThrottledAsyncChecker (ThrottledAsyncChecker.java:schedule(141)) - Scheduling a check for /workdir/hadoop-ozone/integration-test/target/test-dir/MiniOzoneClusterImpl-8e66254f-d6bc-40e7-ae2f-db5e1b2bb1f3/datanode-4/data/containers/hdds
2019-11-04 16:47:14,773 [main] INFO  volume.HddsVolumeChecker (HddsVolumeChecker.java:checkAllVolumes(204)) - Scheduled health check for volume /workdir/hadoop-ozone/integration-test/target/test-dir/MiniOzoneClusterImpl-8e66254f-d6bc-40e7-ae2f-db5e1b2bb1f3/datanode-4/data/containers/hdds
2019-11-04 16:47:14,785 [main] INFO  impl.RaftServerProxy (ConfUtils.java:logGet(43)) - raft.rpc.type = GRPC (default)
2019-11-04 16:47:14,785 [main] INFO  grpc.GrpcFactory (GrpcFactory.java:checkPooledByteBufAllocatorUseCacheForAllThreads(45)) - PERFORMANCE WARNING: useCacheForAllThreads is true that may cause Netty to create a lot garbage objects and, as a result, trigger GC.
	It is recommended to disable useCacheForAllThreads by setting -Dorg.apache.ratis.thirdparty.io.netty.allocator.useCacheForAllThreads=false in command line.
2019-11-04 16:47:14,785 [main] INFO  grpc.GrpcConfigKeys$Server (ConfUtils.java:logGet(43)) - raft.grpc.server.port = 0 (default)
2019-11-04 16:47:14,785 [main] INFO  server.GrpcService (ConfUtils.java:logGet(43)) - raft.grpc.message.size.max = 33570816 (custom)
2019-11-04 16:47:14,786 [main] INFO  server.RaftServerConfigKeys (ConfUtils.java:logGet(43)) - raft.server.log.appender.buffer.byte-limit = 33554432 (custom)
2019-11-04 16:47:14,786 [main] INFO  server.GrpcService (ConfUtils.java:logGet(43)) - raft.grpc.flow.control.window = 1MB (=1048576) (default)
2019-11-04 16:47:14,786 [main] INFO  server.RaftServerConfigKeys (ConfUtils.java:logGet(43)) - raft.server.rpc.request.timeout = 3000ms (default)
2019-11-04 16:47:14,786 [main] INFO  server.RaftServerConfigKeys (ConfUtils.java:logGet(43)) - raft.server.storage.dir = [/workdir/hadoop-ozone/integration-test/target/test-dir/MiniOzoneClusterImpl-8e66254f-d6bc-40e7-ae2f-db5e1b2bb1f3/datanode-4/data/ratis] (custom)
2019-11-04 16:47:14,788 [main] INFO  hdfs.DFSUtil (DFSUtil.java:httpServerTemplateForNNAndJN(1641)) - Starting Web-server for hddsDatanode at: http://0.0.0.0:0
2019-11-04 16:47:14,789 [main] INFO  server.AuthenticationFilter (AuthenticationFilter.java:constructSecretProvider(240)) - Unable to initialize FileSignerSecretProvider, falling back to use random secrets.
2019-11-04 16:47:14,789 [main] WARN  http.HttpRequestLog (HttpRequestLog.java:getRequestLog(97)) - Jetty request log can only be enabled using Log4j
2019-11-04 16:47:14,790 [main] INFO  http.HttpServer2 (HttpServer2.java:addGlobalFilter(975)) - Added global filter 'safety' (class=org.apache.hadoop.http.HttpServer2$QuotingInputFilter)
2019-11-04 16:47:14,791 [main] INFO  http.HttpServer2 (HttpServer2.java:addFilter(948)) - Added filter static_user_filter (class=org.apache.hadoop.http.lib.StaticUserWebFilter$StaticUserFilter) to context hddsDatanode
2019-11-04 16:47:14,791 [main] INFO  http.HttpServer2 (HttpServer2.java:addFilter(958)) - Added filter static_user_filter (class=org.apache.hadoop.http.lib.StaticUserWebFilter$StaticUserFilter) to context logs
2019-11-04 16:47:14,791 [main] INFO  http.HttpServer2 (HttpServer2.java:addFilter(958)) - Added filter static_user_filter (class=org.apache.hadoop.http.lib.StaticUserWebFilter$StaticUserFilter) to context static
2019-11-04 16:47:14,791 [main] INFO  http.HttpServer2 (HttpServer2.java:bindListener(1191)) - Jetty bound to port 36882
2019-11-04 16:47:14,792 [main] INFO  server.Server (Server.java:doStart(351)) - jetty-9.3.25.v20180904, build timestamp: 2018-09-04T21:11:46Z, git hash: 3ce520221d0240229c862b122d2b06c12a625732
2019-11-04 16:47:14,793 [main] INFO  handler.ContextHandler (ContextHandler.java:doStart(781)) - Started o.e.j.s.ServletContextHandler@7a572ea0{/logs,file:///workdir/hadoop-ozone/integration-test/target/log,AVAILABLE}
2019-11-04 16:47:14,793 [main] INFO  handler.ContextHandler (ContextHandler.java:doStart(781)) - Started o.e.j.s.ServletContextHandler@7159d601{/static,jar:file:/home/user/.m2/repository/org/apache/hadoop/hadoop-hdds-container-service/0.5.0-SNAPSHOT/hadoop-hdds-container-service-0.5.0-SNAPSHOT.jar!/webapps/static,AVAILABLE}
2019-11-04 16:47:14,821 [main] INFO  handler.ContextHandler (ContextHandler.java:doStart(781)) - Started o.e.j.w.WebAppContext@250967f1{/,file:///tmp/jetty-0.0.0.0-36882-hddsDatanode-_-any-8554284977992533822.dir/webapp/,AVAILABLE}{/hddsDatanode}
2019-11-04 16:47:14,822 [main] INFO  server.AbstractConnector (AbstractConnector.java:doStart(278)) - Started ServerConnector@25c1f5ee{HTTP/1.1,[http/1.1]}{0.0.0.0:36882}
2019-11-04 16:47:14,823 [main] INFO  server.Server (Server.java:doStart(419)) - Started @349748ms
2019-11-04 16:47:14,824 [main] WARN  impl.MetricsSystemImpl (MetricsSystemImpl.java:register(276)) - Sink prometheus already exists!
2019-11-04 16:47:14,825 [main] INFO  server.BaseHttpServer (BaseHttpServer.java:updateConnectorAddress(215)) - HTTP server of HDDSDATANODE is listening at http://0.0.0.0:36882
2019-11-04 16:47:14,825 [main] INFO  impl.MetricsSystemImpl (MetricsSystemImpl.java:init(158)) - HddsDatanode metrics system started (again)
2019-11-04 16:47:14,832 [org.apache.hadoop.util.JvmPauseMonitor$Monitor@7b612812] INFO  util.JvmPauseMonitor (JvmPauseMonitor.java:run(188)) - Starting JVM pause monitor
2019-11-04 16:47:14,832 [main] INFO  ozone.HddsDatanodeService (HddsDatanodeService.java:start(184)) - HddsDatanodeService host:pr-hdds-1643-sn7dj-2043761873 ip:192.168.157.194
2019-11-04 16:47:14,833 [Datanode State Machine Thread - 0] INFO  datanode.InitDatanodeState (InitDatanodeState.java:persistContainerDatanodeDetails(140)) - DatanodeDetails is persisted to /workdir/hadoop-ozone/integration-test/target/test-dir/MiniOzoneClusterImpl-8e66254f-d6bc-40e7-ae2f-db5e1b2bb1f3/datanode-4/meta/datanode.id
2019-11-04 16:47:14,838 [main] INFO  volume.HddsVolume (HddsVolume.java:<init>(176)) - Creating Volume: /workdir/hadoop-ozone/integration-test/target/test-dir/MiniOzoneClusterImpl-8e66254f-d6bc-40e7-ae2f-db5e1b2bb1f3/datanode-5/data/containers/hdds of  storage type : DISK and capacity : 1482555576320
2019-11-04 16:47:14,839 [main] INFO  volume.VolumeSet (VolumeSet.java:initializeVolumeSet(170)) - Added Volume : /workdir/hadoop-ozone/integration-test/target/test-dir/MiniOzoneClusterImpl-8e66254f-d6bc-40e7-ae2f-db5e1b2bb1f3/datanode-5/data/containers/hdds to VolumeSet
2019-11-04 16:47:14,839 [main] INFO  volume.ThrottledAsyncChecker (ThrottledAsyncChecker.java:schedule(141)) - Scheduling a check for /workdir/hadoop-ozone/integration-test/target/test-dir/MiniOzoneClusterImpl-8e66254f-d6bc-40e7-ae2f-db5e1b2bb1f3/datanode-5/data/containers/hdds
2019-11-04 16:47:14,839 [main] INFO  volume.HddsVolumeChecker (HddsVolumeChecker.java:checkAllVolumes(204)) - Scheduled health check for volume /workdir/hadoop-ozone/integration-test/target/test-dir/MiniOzoneClusterImpl-8e66254f-d6bc-40e7-ae2f-db5e1b2bb1f3/datanode-5/data/containers/hdds
2019-11-04 16:47:14,850 [main] INFO  impl.RaftServerProxy (ConfUtils.java:logGet(43)) - raft.rpc.type = GRPC (default)
2019-11-04 16:47:14,851 [main] INFO  grpc.GrpcFactory (GrpcFactory.java:checkPooledByteBufAllocatorUseCacheForAllThreads(45)) - PERFORMANCE WARNING: useCacheForAllThreads is true that may cause Netty to create a lot garbage objects and, as a result, trigger GC.
	It is recommended to disable useCacheForAllThreads by setting -Dorg.apache.ratis.thirdparty.io.netty.allocator.useCacheForAllThreads=false in command line.
2019-11-04 16:47:14,851 [main] INFO  grpc.GrpcConfigKeys$Server (ConfUtils.java:logGet(43)) - raft.grpc.server.port = 0 (default)
2019-11-04 16:47:14,851 [main] INFO  server.GrpcService (ConfUtils.java:logGet(43)) - raft.grpc.message.size.max = 33570816 (custom)
2019-11-04 16:47:14,851 [main] INFO  server.RaftServerConfigKeys (ConfUtils.java:logGet(43)) - raft.server.log.appender.buffer.byte-limit = 33554432 (custom)
2019-11-04 16:47:14,851 [main] INFO  server.GrpcService (ConfUtils.java:logGet(43)) - raft.grpc.flow.control.window = 1MB (=1048576) (default)
2019-11-04 16:47:14,851 [main] INFO  server.RaftServerConfigKeys (ConfUtils.java:logGet(43)) - raft.server.rpc.request.timeout = 3000ms (default)
2019-11-04 16:47:14,852 [main] INFO  server.RaftServerConfigKeys (ConfUtils.java:logGet(43)) - raft.server.storage.dir = [/workdir/hadoop-ozone/integration-test/target/test-dir/MiniOzoneClusterImpl-8e66254f-d6bc-40e7-ae2f-db5e1b2bb1f3/datanode-5/data/ratis] (custom)
2019-11-04 16:47:14,853 [main] INFO  hdfs.DFSUtil (DFSUtil.java:httpServerTemplateForNNAndJN(1641)) - Starting Web-server for hddsDatanode at: http://0.0.0.0:0
2019-11-04 16:47:14,855 [main] INFO  server.AuthenticationFilter (AuthenticationFilter.java:constructSecretProvider(240)) - Unable to initialize FileSignerSecretProvider, falling back to use random secrets.
2019-11-04 16:47:14,855 [main] WARN  http.HttpRequestLog (HttpRequestLog.java:getRequestLog(97)) - Jetty request log can only be enabled using Log4j
2019-11-04 16:47:14,856 [main] INFO  http.HttpServer2 (HttpServer2.java:addGlobalFilter(975)) - Added global filter 'safety' (class=org.apache.hadoop.http.HttpServer2$QuotingInputFilter)
2019-11-04 16:47:14,857 [main] INFO  http.HttpServer2 (HttpServer2.java:addFilter(948)) - Added filter static_user_filter (class=org.apache.hadoop.http.lib.StaticUserWebFilter$StaticUserFilter) to context hddsDatanode
2019-11-04 16:47:14,857 [main] INFO  http.HttpServer2 (HttpServer2.java:addFilter(958)) - Added filter static_user_filter (class=org.apache.hadoop.http.lib.StaticUserWebFilter$StaticUserFilter) to context logs
2019-11-04 16:47:14,857 [main] INFO  http.HttpServer2 (HttpServer2.java:addFilter(958)) - Added filter static_user_filter (class=org.apache.hadoop.http.lib.StaticUserWebFilter$StaticUserFilter) to context static
2019-11-04 16:47:14,858 [main] INFO  http.HttpServer2 (HttpServer2.java:bindListener(1191)) - Jetty bound to port 33204
2019-11-04 16:47:14,858 [main] INFO  server.Server (Server.java:doStart(351)) - jetty-9.3.25.v20180904, build timestamp: 2018-09-04T21:11:46Z, git hash: 3ce520221d0240229c862b122d2b06c12a625732
2019-11-04 16:47:14,860 [main] INFO  handler.ContextHandler (ContextHandler.java:doStart(781)) - Started o.e.j.s.ServletContextHandler@214b342f{/logs,file:///workdir/hadoop-ozone/integration-test/target/log,AVAILABLE}
2019-11-04 16:47:14,860 [main] INFO  handler.ContextHandler (ContextHandler.java:doStart(781)) - Started o.e.j.s.ServletContextHandler@7f12094d{/static,jar:file:/home/user/.m2/repository/org/apache/hadoop/hadoop-hdds-container-service/0.5.0-SNAPSHOT/hadoop-hdds-container-service-0.5.0-SNAPSHOT.jar!/webapps/static,AVAILABLE}
2019-11-04 16:47:14,895 [main] INFO  handler.ContextHandler (ContextHandler.java:doStart(781)) - Started o.e.j.w.WebAppContext@6eda012b{/,file:///tmp/jetty-0.0.0.0-33204-hddsDatanode-_-any-3668270390536110459.dir/webapp/,AVAILABLE}{/hddsDatanode}
2019-11-04 16:47:14,895 [main] INFO  server.AbstractConnector (AbstractConnector.java:doStart(278)) - Started ServerConnector@781dbe44{HTTP/1.1,[http/1.1]}{0.0.0.0:33204}
2019-11-04 16:47:14,897 [main] INFO  server.Server (Server.java:doStart(419)) - Started @349822ms
2019-11-04 16:47:14,897 [main] WARN  impl.MetricsSystemImpl (MetricsSystemImpl.java:register(276)) - Sink prometheus already exists!
2019-11-04 16:47:14,898 [main] INFO  server.BaseHttpServer (BaseHttpServer.java:updateConnectorAddress(215)) - HTTP server of HDDSDATANODE is listening at http://0.0.0.0:33204
2019-11-04 16:47:14,898 [main] INFO  impl.MetricsSystemImpl (MetricsSystemImpl.java:init(158)) - HddsDatanode metrics system started (again)
2019-11-04 16:47:14,908 [org.apache.hadoop.util.JvmPauseMonitor$Monitor@2a9ffbd1] INFO  util.JvmPauseMonitor (JvmPauseMonitor.java:run(188)) - Starting JVM pause monitor
2019-11-04 16:47:14,909 [main] INFO  ozone.HddsDatanodeService (HddsDatanodeService.java:start(184)) - HddsDatanodeService host:pr-hdds-1643-sn7dj-2043761873 ip:192.168.157.194
2019-11-04 16:47:14,909 [Datanode State Machine Thread - 0] INFO  datanode.InitDatanodeState (InitDatanodeState.java:persistContainerDatanodeDetails(140)) - DatanodeDetails is persisted to /workdir/hadoop-ozone/integration-test/target/test-dir/MiniOzoneClusterImpl-8e66254f-d6bc-40e7-ae2f-db5e1b2bb1f3/datanode-5/meta/datanode.id
2019-11-04 16:47:14,916 [main] INFO  volume.HddsVolume (HddsVolume.java:<init>(176)) - Creating Volume: /workdir/hadoop-ozone/integration-test/target/test-dir/MiniOzoneClusterImpl-8e66254f-d6bc-40e7-ae2f-db5e1b2bb1f3/datanode-6/data/containers/hdds of  storage type : DISK and capacity : 1482555576320
2019-11-04 16:47:14,916 [main] INFO  volume.VolumeSet (VolumeSet.java:initializeVolumeSet(170)) - Added Volume : /workdir/hadoop-ozone/integration-test/target/test-dir/MiniOzoneClusterImpl-8e66254f-d6bc-40e7-ae2f-db5e1b2bb1f3/datanode-6/data/containers/hdds to VolumeSet
2019-11-04 16:47:14,916 [main] INFO  volume.ThrottledAsyncChecker (ThrottledAsyncChecker.java:schedule(141)) - Scheduling a check for /workdir/hadoop-ozone/integration-test/target/test-dir/MiniOzoneClusterImpl-8e66254f-d6bc-40e7-ae2f-db5e1b2bb1f3/datanode-6/data/containers/hdds
2019-11-04 16:47:14,917 [main] INFO  volume.HddsVolumeChecker (HddsVolumeChecker.java:checkAllVolumes(204)) - Scheduled health check for volume /workdir/hadoop-ozone/integration-test/target/test-dir/MiniOzoneClusterImpl-8e66254f-d6bc-40e7-ae2f-db5e1b2bb1f3/datanode-6/data/containers/hdds
2019-11-04 16:47:14,930 [main] INFO  impl.RaftServerProxy (ConfUtils.java:logGet(43)) - raft.rpc.type = GRPC (default)
2019-11-04 16:47:14,931 [main] INFO  grpc.GrpcFactory (GrpcFactory.java:checkPooledByteBufAllocatorUseCacheForAllThreads(45)) - PERFORMANCE WARNING: useCacheForAllThreads is true that may cause Netty to create a lot garbage objects and, as a result, trigger GC.
	It is recommended to disable useCacheForAllThreads by setting -Dorg.apache.ratis.thirdparty.io.netty.allocator.useCacheForAllThreads=false in command line.
2019-11-04 16:47:14,931 [main] INFO  grpc.GrpcConfigKeys$Server (ConfUtils.java:logGet(43)) - raft.grpc.server.port = 0 (default)
2019-11-04 16:47:14,931 [main] INFO  server.GrpcService (ConfUtils.java:logGet(43)) - raft.grpc.message.size.max = 33570816 (custom)
2019-11-04 16:47:14,931 [main] INFO  server.RaftServerConfigKeys (ConfUtils.java:logGet(43)) - raft.server.log.appender.buffer.byte-limit = 33554432 (custom)
2019-11-04 16:47:14,931 [main] INFO  server.GrpcService (ConfUtils.java:logGet(43)) - raft.grpc.flow.control.window = 1MB (=1048576) (default)
2019-11-04 16:47:14,931 [main] INFO  server.RaftServerConfigKeys (ConfUtils.java:logGet(43)) - raft.server.rpc.request.timeout = 3000ms (default)
2019-11-04 16:47:14,932 [main] INFO  server.RaftServerConfigKeys (ConfUtils.java:logGet(43)) - raft.server.storage.dir = [/workdir/hadoop-ozone/integration-test/target/test-dir/MiniOzoneClusterImpl-8e66254f-d6bc-40e7-ae2f-db5e1b2bb1f3/datanode-6/data/ratis] (custom)
2019-11-04 16:47:14,933 [main] INFO  hdfs.DFSUtil (DFSUtil.java:httpServerTemplateForNNAndJN(1641)) - Starting Web-server for hddsDatanode at: http://0.0.0.0:0
2019-11-04 16:47:14,934 [main] INFO  server.AuthenticationFilter (AuthenticationFilter.java:constructSecretProvider(240)) - Unable to initialize FileSignerSecretProvider, falling back to use random secrets.
2019-11-04 16:47:14,935 [main] WARN  http.HttpRequestLog (HttpRequestLog.java:getRequestLog(97)) - Jetty request log can only be enabled using Log4j
2019-11-04 16:47:14,936 [main] INFO  http.HttpServer2 (HttpServer2.java:addGlobalFilter(975)) - Added global filter 'safety' (class=org.apache.hadoop.http.HttpServer2$QuotingInputFilter)
2019-11-04 16:47:14,936 [main] INFO  http.HttpServer2 (HttpServer2.java:addFilter(948)) - Added filter static_user_filter (class=org.apache.hadoop.http.lib.StaticUserWebFilter$StaticUserFilter) to context hddsDatanode
2019-11-04 16:47:14,936 [main] INFO  http.HttpServer2 (HttpServer2.java:addFilter(958)) - Added filter static_user_filter (class=org.apache.hadoop.http.lib.StaticUserWebFilter$StaticUserFilter) to context static
2019-11-04 16:47:14,937 [main] INFO  http.HttpServer2 (HttpServer2.java:addFilter(958)) - Added filter static_user_filter (class=org.apache.hadoop.http.lib.StaticUserWebFilter$StaticUserFilter) to context logs
2019-11-04 16:47:14,937 [main] INFO  http.HttpServer2 (HttpServer2.java:bindListener(1191)) - Jetty bound to port 33407
2019-11-04 16:47:14,937 [main] INFO  server.Server (Server.java:doStart(351)) - jetty-9.3.25.v20180904, build timestamp: 2018-09-04T21:11:46Z, git hash: 3ce520221d0240229c862b122d2b06c12a625732
2019-11-04 16:47:14,940 [main] INFO  handler.ContextHandler (ContextHandler.java:doStart(781)) - Started o.e.j.s.ServletContextHandler@6d6039df{/logs,file:///workdir/hadoop-ozone/integration-test/target/log,AVAILABLE}
2019-11-04 16:47:14,940 [main] INFO  handler.ContextHandler (ContextHandler.java:doStart(781)) - Started o.e.j.s.ServletContextHandler@13e00016{/static,jar:file:/home/user/.m2/repository/org/apache/hadoop/hadoop-hdds-container-service/0.5.0-SNAPSHOT/hadoop-hdds-container-service-0.5.0-SNAPSHOT.jar!/webapps/static,AVAILABLE}
2019-11-04 16:47:14,969 [main] INFO  handler.ContextHandler (ContextHandler.java:doStart(781)) - Started o.e.j.w.WebAppContext@4607d78b{/,file:///tmp/jetty-0.0.0.0-33407-hddsDatanode-_-any-2548925575913722139.dir/webapp/,AVAILABLE}{/hddsDatanode}
2019-11-04 16:47:14,970 [main] INFO  server.AbstractConnector (AbstractConnector.java:doStart(278)) - Started ServerConnector@3b28b7b0{HTTP/1.1,[http/1.1]}{0.0.0.0:33407}
2019-11-04 16:47:14,970 [main] INFO  server.Server (Server.java:doStart(419)) - Started @349895ms
2019-11-04 16:47:14,972 [main] WARN  impl.MetricsSystemImpl (MetricsSystemImpl.java:register(276)) - Sink prometheus already exists!
2019-11-04 16:47:14,985 [main] INFO  server.BaseHttpServer (BaseHttpServer.java:updateConnectorAddress(215)) - HTTP server of HDDSDATANODE is listening at http://0.0.0.0:33407
2019-11-04 16:47:14,986 [main] INFO  impl.MetricsSystemImpl (MetricsSystemImpl.java:init(158)) - HddsDatanode metrics system started (again)
2019-11-04 16:47:14,994 [org.apache.hadoop.util.JvmPauseMonitor$Monitor@76f0f39d] INFO  util.JvmPauseMonitor (JvmPauseMonitor.java:run(188)) - Starting JVM pause monitor
2019-11-04 16:47:14,995 [main] INFO  ozone.HddsDatanodeService (HddsDatanodeService.java:start(184)) - HddsDatanodeService host:pr-hdds-1643-sn7dj-2043761873 ip:192.168.157.194
2019-11-04 16:47:14,996 [Datanode State Machine Thread - 0] INFO  datanode.InitDatanodeState (InitDatanodeState.java:persistContainerDatanodeDetails(140)) - DatanodeDetails is persisted to /workdir/hadoop-ozone/integration-test/target/test-dir/MiniOzoneClusterImpl-8e66254f-d6bc-40e7-ae2f-db5e1b2bb1f3/datanode-6/meta/datanode.id
2019-11-04 16:47:15,003 [main] INFO  volume.HddsVolume (HddsVolume.java:<init>(176)) - Creating Volume: /workdir/hadoop-ozone/integration-test/target/test-dir/MiniOzoneClusterImpl-8e66254f-d6bc-40e7-ae2f-db5e1b2bb1f3/datanode-7/data/containers/hdds of  storage type : DISK and capacity : 1482555576320
2019-11-04 16:47:15,003 [main] INFO  volume.VolumeSet (VolumeSet.java:initializeVolumeSet(170)) - Added Volume : /workdir/hadoop-ozone/integration-test/target/test-dir/MiniOzoneClusterImpl-8e66254f-d6bc-40e7-ae2f-db5e1b2bb1f3/datanode-7/data/containers/hdds to VolumeSet
2019-11-04 16:47:15,003 [main] INFO  volume.ThrottledAsyncChecker (ThrottledAsyncChecker.java:schedule(141)) - Scheduling a check for /workdir/hadoop-ozone/integration-test/target/test-dir/MiniOzoneClusterImpl-8e66254f-d6bc-40e7-ae2f-db5e1b2bb1f3/datanode-7/data/containers/hdds
2019-11-04 16:47:15,004 [main] INFO  volume.HddsVolumeChecker (HddsVolumeChecker.java:checkAllVolumes(204)) - Scheduled health check for volume /workdir/hadoop-ozone/integration-test/target/test-dir/MiniOzoneClusterImpl-8e66254f-d6bc-40e7-ae2f-db5e1b2bb1f3/datanode-7/data/containers/hdds
2019-11-04 16:47:15,017 [main] INFO  impl.RaftServerProxy (ConfUtils.java:logGet(43)) - raft.rpc.type = GRPC (default)
2019-11-04 16:47:15,017 [main] INFO  grpc.GrpcFactory (GrpcFactory.java:checkPooledByteBufAllocatorUseCacheForAllThreads(45)) - PERFORMANCE WARNING: useCacheForAllThreads is true that may cause Netty to create a lot garbage objects and, as a result, trigger GC.
	It is recommended to disable useCacheForAllThreads by setting -Dorg.apache.ratis.thirdparty.io.netty.allocator.useCacheForAllThreads=false in command line.
2019-11-04 16:47:15,017 [main] INFO  grpc.GrpcConfigKeys$Server (ConfUtils.java:logGet(43)) - raft.grpc.server.port = 0 (default)
2019-11-04 16:47:15,017 [main] INFO  server.GrpcService (ConfUtils.java:logGet(43)) - raft.grpc.message.size.max = 33570816 (custom)
2019-11-04 16:47:15,018 [main] INFO  server.RaftServerConfigKeys (ConfUtils.java:logGet(43)) - raft.server.log.appender.buffer.byte-limit = 33554432 (custom)
2019-11-04 16:47:15,018 [main] INFO  server.GrpcService (ConfUtils.java:logGet(43)) - raft.grpc.flow.control.window = 1MB (=1048576) (default)
2019-11-04 16:47:15,018 [main] INFO  server.RaftServerConfigKeys (ConfUtils.java:logGet(43)) - raft.server.rpc.request.timeout = 3000ms (default)
2019-11-04 16:47:15,018 [main] INFO  server.RaftServerConfigKeys (ConfUtils.java:logGet(43)) - raft.server.storage.dir = [/workdir/hadoop-ozone/integration-test/target/test-dir/MiniOzoneClusterImpl-8e66254f-d6bc-40e7-ae2f-db5e1b2bb1f3/datanode-7/data/ratis] (custom)
2019-11-04 16:47:15,020 [main] INFO  hdfs.DFSUtil (DFSUtil.java:httpServerTemplateForNNAndJN(1641)) - Starting Web-server for hddsDatanode at: http://0.0.0.0:0
2019-11-04 16:47:15,021 [main] INFO  server.AuthenticationFilter (AuthenticationFilter.java:constructSecretProvider(240)) - Unable to initialize FileSignerSecretProvider, falling back to use random secrets.
2019-11-04 16:47:15,021 [main] WARN  http.HttpRequestLog (HttpRequestLog.java:getRequestLog(97)) - Jetty request log can only be enabled using Log4j
2019-11-04 16:47:15,022 [main] INFO  http.HttpServer2 (HttpServer2.java:addGlobalFilter(975)) - Added global filter 'safety' (class=org.apache.hadoop.http.HttpServer2$QuotingInputFilter)
2019-11-04 16:47:15,022 [main] INFO  http.HttpServer2 (HttpServer2.java:addFilter(948)) - Added filter static_user_filter (class=org.apache.hadoop.http.lib.StaticUserWebFilter$StaticUserFilter) to context hddsDatanode
2019-11-04 16:47:15,022 [main] INFO  http.HttpServer2 (HttpServer2.java:addFilter(958)) - Added filter static_user_filter (class=org.apache.hadoop.http.lib.StaticUserWebFilter$StaticUserFilter) to context logs
2019-11-04 16:47:15,023 [main] INFO  http.HttpServer2 (HttpServer2.java:addFilter(958)) - Added filter static_user_filter (class=org.apache.hadoop.http.lib.StaticUserWebFilter$StaticUserFilter) to context static
2019-11-04 16:47:15,023 [main] INFO  http.HttpServer2 (HttpServer2.java:bindListener(1191)) - Jetty bound to port 42378
2019-11-04 16:47:15,023 [main] INFO  server.Server (Server.java:doStart(351)) - jetty-9.3.25.v20180904, build timestamp: 2018-09-04T21:11:46Z, git hash: 3ce520221d0240229c862b122d2b06c12a625732
2019-11-04 16:47:15,025 [main] INFO  handler.ContextHandler (ContextHandler.java:doStart(781)) - Started o.e.j.s.ServletContextHandler@7a814310{/logs,file:///workdir/hadoop-ozone/integration-test/target/log,AVAILABLE}
2019-11-04 16:47:15,025 [main] INFO  handler.ContextHandler (ContextHandler.java:doStart(781)) - Started o.e.j.s.ServletContextHandler@4e67cfe1{/static,jar:file:/home/user/.m2/repository/org/apache/hadoop/hadoop-hdds-container-service/0.5.0-SNAPSHOT/hadoop-hdds-container-service-0.5.0-SNAPSHOT.jar!/webapps/static,AVAILABLE}
2019-11-04 16:47:15,055 [main] INFO  handler.ContextHandler (ContextHandler.java:doStart(781)) - Started o.e.j.w.WebAppContext@c472300{/,file:///tmp/jetty-0.0.0.0-42378-hddsDatanode-_-any-2871606878398321640.dir/webapp/,AVAILABLE}{/hddsDatanode}
2019-11-04 16:47:15,055 [main] INFO  server.AbstractConnector (AbstractConnector.java:doStart(278)) - Started ServerConnector@5f6494c0{HTTP/1.1,[http/1.1]}{0.0.0.0:42378}
2019-11-04 16:47:15,057 [main] INFO  server.Server (Server.java:doStart(419)) - Started @349982ms
2019-11-04 16:47:15,057 [main] WARN  impl.MetricsSystemImpl (MetricsSystemImpl.java:register(276)) - Sink prometheus already exists!
2019-11-04 16:47:15,058 [main] INFO  server.BaseHttpServer (BaseHttpServer.java:updateConnectorAddress(215)) - HTTP server of HDDSDATANODE is listening at http://0.0.0.0:42378
2019-11-04 16:47:15,058 [main] INFO  impl.MetricsSystemImpl (MetricsSystemImpl.java:init(158)) - HddsDatanode metrics system started (again)
2019-11-04 16:47:15,067 [org.apache.hadoop.util.JvmPauseMonitor$Monitor@4749e418] INFO  util.JvmPauseMonitor (JvmPauseMonitor.java:run(188)) - Starting JVM pause monitor
2019-11-04 16:47:15,068 [main] INFO  ozone.HddsDatanodeService (HddsDatanodeService.java:start(184)) - HddsDatanodeService host:pr-hdds-1643-sn7dj-2043761873 ip:192.168.157.194
2019-11-04 16:47:15,068 [Datanode State Machine Thread - 0] INFO  datanode.InitDatanodeState (InitDatanodeState.java:persistContainerDatanodeDetails(140)) - DatanodeDetails is persisted to /workdir/hadoop-ozone/integration-test/target/test-dir/MiniOzoneClusterImpl-8e66254f-d6bc-40e7-ae2f-db5e1b2bb1f3/datanode-7/meta/datanode.id
2019-11-04 16:47:15,074 [main] INFO  volume.HddsVolume (HddsVolume.java:<init>(176)) - Creating Volume: /workdir/hadoop-ozone/integration-test/target/test-dir/MiniOzoneClusterImpl-8e66254f-d6bc-40e7-ae2f-db5e1b2bb1f3/datanode-8/data/containers/hdds of  storage type : DISK and capacity : 1482555576320
2019-11-04 16:47:15,074 [main] INFO  volume.VolumeSet (VolumeSet.java:initializeVolumeSet(170)) - Added Volume : /workdir/hadoop-ozone/integration-test/target/test-dir/MiniOzoneClusterImpl-8e66254f-d6bc-40e7-ae2f-db5e1b2bb1f3/datanode-8/data/containers/hdds to VolumeSet
2019-11-04 16:47:15,075 [main] INFO  volume.ThrottledAsyncChecker (ThrottledAsyncChecker.java:schedule(141)) - Scheduling a check for /workdir/hadoop-ozone/integration-test/target/test-dir/MiniOzoneClusterImpl-8e66254f-d6bc-40e7-ae2f-db5e1b2bb1f3/datanode-8/data/containers/hdds
2019-11-04 16:47:15,075 [main] INFO  volume.HddsVolumeChecker (HddsVolumeChecker.java:checkAllVolumes(204)) - Scheduled health check for volume /workdir/hadoop-ozone/integration-test/target/test-dir/MiniOzoneClusterImpl-8e66254f-d6bc-40e7-ae2f-db5e1b2bb1f3/datanode-8/data/containers/hdds
2019-11-04 16:47:15,086 [main] INFO  impl.RaftServerProxy (ConfUtils.java:logGet(43)) - raft.rpc.type = GRPC (default)
2019-11-04 16:47:15,086 [main] INFO  grpc.GrpcFactory (GrpcFactory.java:checkPooledByteBufAllocatorUseCacheForAllThreads(45)) - PERFORMANCE WARNING: useCacheForAllThreads is true that may cause Netty to create a lot garbage objects and, as a result, trigger GC.
	It is recommended to disable useCacheForAllThreads by setting -Dorg.apache.ratis.thirdparty.io.netty.allocator.useCacheForAllThreads=false in command line.
2019-11-04 16:47:15,086 [main] INFO  grpc.GrpcConfigKeys$Server (ConfUtils.java:logGet(43)) - raft.grpc.server.port = 0 (default)
2019-11-04 16:47:15,087 [main] INFO  server.GrpcService (ConfUtils.java:logGet(43)) - raft.grpc.message.size.max = 33570816 (custom)
2019-11-04 16:47:15,087 [main] INFO  server.RaftServerConfigKeys (ConfUtils.java:logGet(43)) - raft.server.log.appender.buffer.byte-limit = 33554432 (custom)
2019-11-04 16:47:15,087 [main] INFO  server.GrpcService (ConfUtils.java:logGet(43)) - raft.grpc.flow.control.window = 1MB (=1048576) (default)
2019-11-04 16:47:15,087 [main] INFO  server.RaftServerConfigKeys (ConfUtils.java:logGet(43)) - raft.server.rpc.request.timeout = 3000ms (default)
2019-11-04 16:47:15,087 [main] INFO  server.RaftServerConfigKeys (ConfUtils.java:logGet(43)) - raft.server.storage.dir = [/workdir/hadoop-ozone/integration-test/target/test-dir/MiniOzoneClusterImpl-8e66254f-d6bc-40e7-ae2f-db5e1b2bb1f3/datanode-8/data/ratis] (custom)
2019-11-04 16:47:15,088 [main] INFO  hdfs.DFSUtil (DFSUtil.java:httpServerTemplateForNNAndJN(1641)) - Starting Web-server for hddsDatanode at: http://0.0.0.0:0
2019-11-04 16:47:15,090 [main] INFO  server.AuthenticationFilter (AuthenticationFilter.java:constructSecretProvider(240)) - Unable to initialize FileSignerSecretProvider, falling back to use random secrets.
2019-11-04 16:47:15,090 [main] WARN  http.HttpRequestLog (HttpRequestLog.java:getRequestLog(97)) - Jetty request log can only be enabled using Log4j
2019-11-04 16:47:15,091 [main] INFO  http.HttpServer2 (HttpServer2.java:addGlobalFilter(975)) - Added global filter 'safety' (class=org.apache.hadoop.http.HttpServer2$QuotingInputFilter)
2019-11-04 16:47:15,091 [main] INFO  http.HttpServer2 (HttpServer2.java:addFilter(948)) - Added filter static_user_filter (class=org.apache.hadoop.http.lib.StaticUserWebFilter$StaticUserFilter) to context hddsDatanode
2019-11-04 16:47:15,092 [main] INFO  http.HttpServer2 (HttpServer2.java:addFilter(958)) - Added filter static_user_filter (class=org.apache.hadoop.http.lib.StaticUserWebFilter$StaticUserFilter) to context static
2019-11-04 16:47:15,092 [main] INFO  http.HttpServer2 (HttpServer2.java:addFilter(958)) - Added filter static_user_filter (class=org.apache.hadoop.http.lib.StaticUserWebFilter$StaticUserFilter) to context logs
2019-11-04 16:47:15,092 [main] INFO  http.HttpServer2 (HttpServer2.java:bindListener(1191)) - Jetty bound to port 34317
2019-11-04 16:47:15,092 [main] INFO  server.Server (Server.java:doStart(351)) - jetty-9.3.25.v20180904, build timestamp: 2018-09-04T21:11:46Z, git hash: 3ce520221d0240229c862b122d2b06c12a625732
2019-11-04 16:47:15,094 [main] INFO  handler.ContextHandler (ContextHandler.java:doStart(781)) - Started o.e.j.s.ServletContextHandler@773eca84{/logs,file:///workdir/hadoop-ozone/integration-test/target/log,AVAILABLE}
2019-11-04 16:47:15,094 [main] INFO  handler.ContextHandler (ContextHandler.java:doStart(781)) - Started o.e.j.s.ServletContextHandler@3a38e4dc{/static,jar:file:/home/user/.m2/repository/org/apache/hadoop/hadoop-hdds-container-service/0.5.0-SNAPSHOT/hadoop-hdds-container-service-0.5.0-SNAPSHOT.jar!/webapps/static,AVAILABLE}
2019-11-04 16:47:15,122 [main] INFO  handler.ContextHandler (ContextHandler.java:doStart(781)) - Started o.e.j.w.WebAppContext@4f64d9cb{/,file:///tmp/jetty-0.0.0.0-34317-hddsDatanode-_-any-8676169518526860809.dir/webapp/,AVAILABLE}{/hddsDatanode}
2019-11-04 16:47:15,123 [main] INFO  server.AbstractConnector (AbstractConnector.java:doStart(278)) - Started ServerConnector@639c7f9c{HTTP/1.1,[http/1.1]}{0.0.0.0:34317}
2019-11-04 16:47:15,124 [java.util.concurrent.ThreadPoolExecutor$Worker@1df1889[State = -1, empty queue]] WARN  server.GrpcLogAppender (GrpcLogAppender.java:timeoutAppendRequest(209)) - 95339ef7-031c-4089-92b7-19d9433e9baf@group-5E261216B63C->4ca0cd17-6ae5-47de-ab2c-ffab821b261e-GrpcLogAppender: appendEntries Timeout, request=95339ef7-031c-4089-92b7-19d9433e9baf->4ca0cd17-6ae5-47de-ab2c-ffab821b261e#83-t3, previous=(t:3, i:4), leaderCommit=4, initializing? false, entries: <empty>
2019-11-04 16:47:15,124 [main] INFO  server.Server (Server.java:doStart(419)) - Started @350049ms
2019-11-04 16:47:15,125 [main] WARN  impl.MetricsSystemImpl (MetricsSystemImpl.java:register(276)) - Sink prometheus already exists!
2019-11-04 16:47:15,126 [main] INFO  server.BaseHttpServer (BaseHttpServer.java:updateConnectorAddress(215)) - HTTP server of HDDSDATANODE is listening at http://0.0.0.0:34317
2019-11-04 16:47:15,126 [main] INFO  impl.MetricsSystemImpl (MetricsSystemImpl.java:init(158)) - HddsDatanode metrics system started (again)
2019-11-04 16:47:15,137 [org.apache.hadoop.util.JvmPauseMonitor$Monitor@7d6128e] INFO  util.JvmPauseMonitor (JvmPauseMonitor.java:run(188)) - Starting JVM pause monitor
2019-11-04 16:47:15,138 [main] INFO  ozone.HddsDatanodeService (HddsDatanodeService.java:start(184)) - HddsDatanodeService host:pr-hdds-1643-sn7dj-2043761873 ip:192.168.157.194
2019-11-04 16:47:15,138 [Datanode State Machine Thread - 0] INFO  datanode.InitDatanodeState (InitDatanodeState.java:persistContainerDatanodeDetails(140)) - DatanodeDetails is persisted to /workdir/hadoop-ozone/integration-test/target/test-dir/MiniOzoneClusterImpl-8e66254f-d6bc-40e7-ae2f-db5e1b2bb1f3/datanode-8/meta/datanode.id
2019-11-04 16:47:15,145 [main] INFO  volume.HddsVolume (HddsVolume.java:<init>(176)) - Creating Volume: /workdir/hadoop-ozone/integration-test/target/test-dir/MiniOzoneClusterImpl-8e66254f-d6bc-40e7-ae2f-db5e1b2bb1f3/datanode-9/data/containers/hdds of  storage type : DISK and capacity : 1482555576320
2019-11-04 16:47:15,145 [main] INFO  volume.VolumeSet (VolumeSet.java:initializeVolumeSet(170)) - Added Volume : /workdir/hadoop-ozone/integration-test/target/test-dir/MiniOzoneClusterImpl-8e66254f-d6bc-40e7-ae2f-db5e1b2bb1f3/datanode-9/data/containers/hdds to VolumeSet
2019-11-04 16:47:15,145 [main] INFO  volume.ThrottledAsyncChecker (ThrottledAsyncChecker.java:schedule(141)) - Scheduling a check for /workdir/hadoop-ozone/integration-test/target/test-dir/MiniOzoneClusterImpl-8e66254f-d6bc-40e7-ae2f-db5e1b2bb1f3/datanode-9/data/containers/hdds
2019-11-04 16:47:15,146 [main] INFO  volume.HddsVolumeChecker (HddsVolumeChecker.java:checkAllVolumes(204)) - Scheduled health check for volume /workdir/hadoop-ozone/integration-test/target/test-dir/MiniOzoneClusterImpl-8e66254f-d6bc-40e7-ae2f-db5e1b2bb1f3/datanode-9/data/containers/hdds
2019-11-04 16:47:15,159 [main] INFO  impl.RaftServerProxy (ConfUtils.java:logGet(43)) - raft.rpc.type = GRPC (default)
2019-11-04 16:47:15,159 [main] INFO  grpc.GrpcFactory (GrpcFactory.java:checkPooledByteBufAllocatorUseCacheForAllThreads(45)) - PERFORMANCE WARNING: useCacheForAllThreads is true that may cause Netty to create a lot garbage objects and, as a result, trigger GC.
	It is recommended to disable useCacheForAllThreads by setting -Dorg.apache.ratis.thirdparty.io.netty.allocator.useCacheForAllThreads=false in command line.
2019-11-04 16:47:15,159 [main] INFO  grpc.GrpcConfigKeys$Server (ConfUtils.java:logGet(43)) - raft.grpc.server.port = 0 (default)
2019-11-04 16:47:15,159 [main] INFO  server.GrpcService (ConfUtils.java:logGet(43)) - raft.grpc.message.size.max = 33570816 (custom)
2019-11-04 16:47:15,160 [main] INFO  server.RaftServerConfigKeys (ConfUtils.java:logGet(43)) - raft.server.log.appender.buffer.byte-limit = 33554432 (custom)
2019-11-04 16:47:15,160 [main] INFO  server.GrpcService (ConfUtils.java:logGet(43)) - raft.grpc.flow.control.window = 1MB (=1048576) (default)
2019-11-04 16:47:15,160 [main] INFO  server.RaftServerConfigKeys (ConfUtils.java:logGet(43)) - raft.server.rpc.request.timeout = 3000ms (default)
2019-11-04 16:47:15,160 [main] INFO  server.RaftServerConfigKeys (ConfUtils.java:logGet(43)) - raft.server.storage.dir = [/workdir/hadoop-ozone/integration-test/target/test-dir/MiniOzoneClusterImpl-8e66254f-d6bc-40e7-ae2f-db5e1b2bb1f3/datanode-9/data/ratis] (custom)
2019-11-04 16:47:15,162 [main] INFO  hdfs.DFSUtil (DFSUtil.java:httpServerTemplateForNNAndJN(1641)) - Starting Web-server for hddsDatanode at: http://0.0.0.0:0
2019-11-04 16:47:15,163 [main] INFO  server.AuthenticationFilter (AuthenticationFilter.java:constructSecretProvider(240)) - Unable to initialize FileSignerSecretProvider, falling back to use random secrets.
2019-11-04 16:47:15,164 [main] WARN  http.HttpRequestLog (HttpRequestLog.java:getRequestLog(97)) - Jetty request log can only be enabled using Log4j
2019-11-04 16:47:15,165 [main] INFO  http.HttpServer2 (HttpServer2.java:addGlobalFilter(975)) - Added global filter 'safety' (class=org.apache.hadoop.http.HttpServer2$QuotingInputFilter)
2019-11-04 16:47:15,166 [main] INFO  http.HttpServer2 (HttpServer2.java:addFilter(948)) - Added filter static_user_filter (class=org.apache.hadoop.http.lib.StaticUserWebFilter$StaticUserFilter) to context hddsDatanode
2019-11-04 16:47:15,166 [main] INFO  http.HttpServer2 (HttpServer2.java:addFilter(958)) - Added filter static_user_filter (class=org.apache.hadoop.http.lib.StaticUserWebFilter$StaticUserFilter) to context logs
2019-11-04 16:47:15,166 [main] INFO  http.HttpServer2 (HttpServer2.java:addFilter(958)) - Added filter static_user_filter (class=org.apache.hadoop.http.lib.StaticUserWebFilter$StaticUserFilter) to context static
2019-11-04 16:47:15,167 [main] INFO  http.HttpServer2 (HttpServer2.java:bindListener(1191)) - Jetty bound to port 38186
2019-11-04 16:47:15,167 [main] INFO  server.Server (Server.java:doStart(351)) - jetty-9.3.25.v20180904, build timestamp: 2018-09-04T21:11:46Z, git hash: 3ce520221d0240229c862b122d2b06c12a625732
2019-11-04 16:47:15,168 [main] INFO  handler.ContextHandler (ContextHandler.java:doStart(781)) - Started o.e.j.s.ServletContextHandler@38de5daf{/logs,file:///workdir/hadoop-ozone/integration-test/target/log,AVAILABLE}
2019-11-04 16:47:15,169 [main] INFO  handler.ContextHandler (ContextHandler.java:doStart(781)) - Started o.e.j.s.ServletContextHandler@7523d5a1{/static,jar:file:/home/user/.m2/repository/org/apache/hadoop/hadoop-hdds-container-service/0.5.0-SNAPSHOT/hadoop-hdds-container-service-0.5.0-SNAPSHOT.jar!/webapps/static,AVAILABLE}
2019-11-04 16:47:15,169 [java.util.concurrent.ThreadPoolExecutor$Worker@48f5a743[State = -1, empty queue]] WARN  server.GrpcLogAppender (GrpcLogAppender.java:timeoutAppendRequest(209)) - 95339ef7-031c-4089-92b7-19d9433e9baf@group-5E261216B63C->e1ea60ec-958f-4248-8bd7-c39b1fc50f36-GrpcLogAppender: appendEntries Timeout, request=95339ef7-031c-4089-92b7-19d9433e9baf->e1ea60ec-958f-4248-8bd7-c39b1fc50f36#83-t3, previous=(t:3, i:4), leaderCommit=4, initializing? false, entries: <empty>
2019-11-04 16:47:15,197 [main] INFO  handler.ContextHandler (ContextHandler.java:doStart(781)) - Started o.e.j.w.WebAppContext@6bd92538{/,file:///tmp/jetty-0.0.0.0-38186-hddsDatanode-_-any-2083553342457080397.dir/webapp/,AVAILABLE}{/hddsDatanode}
2019-11-04 16:47:15,198 [main] INFO  server.AbstractConnector (AbstractConnector.java:doStart(278)) - Started ServerConnector@69a373fd{HTTP/1.1,[http/1.1]}{0.0.0.0:38186}
2019-11-04 16:47:15,200 [main] INFO  server.Server (Server.java:doStart(419)) - Started @350124ms
2019-11-04 16:47:15,200 [main] WARN  impl.MetricsSystemImpl (MetricsSystemImpl.java:register(276)) - Sink prometheus already exists!
2019-11-04 16:47:15,201 [main] INFO  server.BaseHttpServer (BaseHttpServer.java:updateConnectorAddress(215)) - HTTP server of HDDSDATANODE is listening at http://0.0.0.0:38186
2019-11-04 16:47:15,201 [main] INFO  ozone.MiniOzoneClusterImpl (MiniOzoneClusterImpl.java:lambda$waitForClusterToBeReady$0(147)) - Waiting for cluster to be ready. Got 0 of 10 DN Heartbeats.
2019-11-04 16:47:15,202 [org.apache.hadoop.util.JvmPauseMonitor$Monitor@f10b838] INFO  util.JvmPauseMonitor (JvmPauseMonitor.java:run(188)) - Starting JVM pause monitor
2019-11-04 16:47:15,203 [Datanode State Machine Thread - 0] INFO  datanode.InitDatanodeState (InitDatanodeState.java:persistContainerDatanodeDetails(140)) - DatanodeDetails is persisted to /workdir/hadoop-ozone/integration-test/target/test-dir/MiniOzoneClusterImpl-8e66254f-d6bc-40e7-ae2f-db5e1b2bb1f3/datanode-9/meta/datanode.id
2019-11-04 16:47:15,624 [java.util.concurrent.ThreadPoolExecutor$Worker@1df1889[State = -1, empty queue]] WARN  server.GrpcLogAppender (GrpcLogAppender.java:timeoutAppendRequest(209)) - 95339ef7-031c-4089-92b7-19d9433e9baf@group-5E261216B63C->4ca0cd17-6ae5-47de-ab2c-ffab821b261e-GrpcLogAppender: appendEntries Timeout, request=95339ef7-031c-4089-92b7-19d9433e9baf->4ca0cd17-6ae5-47de-ab2c-ffab821b261e#84-t3, previous=(t:3, i:4), leaderCommit=4, initializing? false, entries: <empty>
2019-11-04 16:47:15,669 [java.util.concurrent.ThreadPoolExecutor$Worker@48f5a743[State = -1, empty queue]] WARN  server.GrpcLogAppender (GrpcLogAppender.java:timeoutAppendRequest(209)) - 95339ef7-031c-4089-92b7-19d9433e9baf@group-5E261216B63C->e1ea60ec-958f-4248-8bd7-c39b1fc50f36-GrpcLogAppender: appendEntries Timeout, request=95339ef7-031c-4089-92b7-19d9433e9baf->e1ea60ec-958f-4248-8bd7-c39b1fc50f36#84-t3, previous=(t:3, i:4), leaderCommit=4, initializing? false, entries: <empty>
2019-11-04 16:47:16,201 [main] INFO  ozone.MiniOzoneClusterImpl (MiniOzoneClusterImpl.java:lambda$waitForClusterToBeReady$0(147)) - Waiting for cluster to be ready. Got 0 of 10 DN Heartbeats.
2019-11-04 16:47:16,787 [Datanode State Machine Thread - 0] INFO  ozoneimpl.OzoneContainer (OzoneContainer.java:start(213)) - Attempting to start container services.
2019-11-04 16:47:16,788 [Datanode State Machine Thread - 0] INFO  ozoneimpl.OzoneContainer (OzoneContainer.java:startContainerScrub(177)) - Background container scanner has been disabled.
2019-11-04 16:47:16,788 [Datanode State Machine Thread - 0] INFO  ratis.XceiverServerRatis (XceiverServerRatis.java:start(418)) - Starting XceiverServerRatis 851b12f9-bfd6-4752-97e2-7b87bdb6f05b at port 0
2019-11-04 16:47:16,795 [Datanode State Machine Thread - 0] INFO  impl.RaftServerProxy (RaftServerProxy.java:lambda$start$3(299)) - 851b12f9-bfd6-4752-97e2-7b87bdb6f05b: start RPC server
2019-11-04 16:47:16,798 [Datanode State Machine Thread - 0] INFO  server.GrpcService (GrpcService.java:startImpl(158)) - 851b12f9-bfd6-4752-97e2-7b87bdb6f05b: GrpcService started, listening on 0.0.0.0/0.0.0.0:39597
2019-11-04 16:47:16,798 [Datanode State Machine Thread - 0] INFO  ratis.XceiverServerRatis (XceiverServerRatis.java:start(428)) - XceiverServerRatis 851b12f9-bfd6-4752-97e2-7b87bdb6f05b is started using port 39597
2019-11-04 16:47:16,799 [Datanode State Machine Thread - 0] INFO  server.XceiverServerGrpc (XceiverServerGrpc.java:start(149)) - XceiverServerGrpc 851b12f9-bfd6-4752-97e2-7b87bdb6f05b is started using port 36822
2019-11-04 16:47:16,812 [Datanode State Machine Thread - 0] INFO  ozoneimpl.OzoneContainer (OzoneContainer.java:start(213)) - Attempting to start container services.
2019-11-04 16:47:16,812 [Datanode State Machine Thread - 0] INFO  ozoneimpl.OzoneContainer (OzoneContainer.java:start(213)) - Attempting to start container services.
2019-11-04 16:47:16,812 [Datanode State Machine Thread - 0] INFO  ozoneimpl.OzoneContainer (OzoneContainer.java:startContainerScrub(177)) - Background container scanner has been disabled.
2019-11-04 16:47:16,812 [Datanode State Machine Thread - 0] INFO  ozoneimpl.OzoneContainer (OzoneContainer.java:start(213)) - Attempting to start container services.
2019-11-04 16:47:16,812 [Datanode State Machine Thread - 0] INFO  ratis.XceiverServerRatis (XceiverServerRatis.java:start(418)) - Starting XceiverServerRatis 693d1277-6dfc-424e-94e6-a87b40f9160b at port 0
2019-11-04 16:47:16,812 [Datanode State Machine Thread - 0] INFO  ozoneimpl.OzoneContainer (OzoneContainer.java:startContainerScrub(177)) - Background container scanner has been disabled.
2019-11-04 16:47:16,812 [Datanode State Machine Thread - 0] INFO  ozoneimpl.OzoneContainer (OzoneContainer.java:startContainerScrub(177)) - Background container scanner has been disabled.
2019-11-04 16:47:16,813 [Datanode State Machine Thread - 0] INFO  ratis.XceiverServerRatis (XceiverServerRatis.java:start(418)) - Starting XceiverServerRatis 18bcd373-7631-4e7c-b817-d7839f17bf5a at port 0
2019-11-04 16:47:16,813 [Datanode State Machine Thread - 0] INFO  ratis.XceiverServerRatis (XceiverServerRatis.java:start(418)) - Starting XceiverServerRatis d51bd7ac-8e91-4a16-849b-9fde6947cfce at port 0
2019-11-04 16:47:16,832 [Datanode State Machine Thread - 0] INFO  impl.RaftServerProxy (RaftServerProxy.java:lambda$start$3(299)) - 18bcd373-7631-4e7c-b817-d7839f17bf5a: start RPC server
2019-11-04 16:47:16,834 [Datanode State Machine Thread - 0] INFO  server.GrpcService (GrpcService.java:startImpl(158)) - 18bcd373-7631-4e7c-b817-d7839f17bf5a: GrpcService started, listening on 0.0.0.0/0.0.0.0:38252
2019-11-04 16:47:16,834 [Datanode State Machine Thread - 0] INFO  ratis.XceiverServerRatis (XceiverServerRatis.java:start(428)) - XceiverServerRatis 18bcd373-7631-4e7c-b817-d7839f17bf5a is started using port 38252
2019-11-04 16:47:16,835 [Datanode State Machine Thread - 0] INFO  impl.RaftServerProxy (RaftServerProxy.java:lambda$start$3(299)) - 693d1277-6dfc-424e-94e6-a87b40f9160b: start RPC server
2019-11-04 16:47:16,835 [Datanode State Machine Thread - 0] INFO  server.XceiverServerGrpc (XceiverServerGrpc.java:start(149)) - XceiverServerGrpc 18bcd373-7631-4e7c-b817-d7839f17bf5a is started using port 38104
2019-11-04 16:47:16,838 [Datanode State Machine Thread - 0] INFO  server.GrpcService (GrpcService.java:startImpl(158)) - 693d1277-6dfc-424e-94e6-a87b40f9160b: GrpcService started, listening on 0.0.0.0/0.0.0.0:33365
2019-11-04 16:47:16,838 [Datanode State Machine Thread - 0] INFO  ratis.XceiverServerRatis (XceiverServerRatis.java:start(428)) - XceiverServerRatis 693d1277-6dfc-424e-94e6-a87b40f9160b is started using port 33365
2019-11-04 16:47:16,838 [Datanode State Machine Thread - 0] INFO  server.XceiverServerGrpc (XceiverServerGrpc.java:start(149)) - XceiverServerGrpc 693d1277-6dfc-424e-94e6-a87b40f9160b is started using port 35112
2019-11-04 16:47:16,842 [Datanode State Machine Thread - 0] INFO  impl.RaftServerProxy (RaftServerProxy.java:lambda$start$3(299)) - d51bd7ac-8e91-4a16-849b-9fde6947cfce: start RPC server
2019-11-04 16:47:16,844 [Datanode State Machine Thread - 0] INFO  server.GrpcService (GrpcService.java:startImpl(158)) - d51bd7ac-8e91-4a16-849b-9fde6947cfce: GrpcService started, listening on 0.0.0.0/0.0.0.0:38853
2019-11-04 16:47:16,844 [Datanode State Machine Thread - 0] INFO  ratis.XceiverServerRatis (XceiverServerRatis.java:start(428)) - XceiverServerRatis d51bd7ac-8e91-4a16-849b-9fde6947cfce is started using port 38853
2019-11-04 16:47:16,845 [Datanode State Machine Thread - 0] INFO  server.XceiverServerGrpc (XceiverServerGrpc.java:start(149)) - XceiverServerGrpc d51bd7ac-8e91-4a16-849b-9fde6947cfce is started using port 35591
2019-11-04 16:47:16,912 [Datanode State Machine Thread - 0] INFO  ozoneimpl.OzoneContainer (OzoneContainer.java:start(213)) - Attempting to start container services.
2019-11-04 16:47:16,912 [Datanode State Machine Thread - 0] INFO  ozoneimpl.OzoneContainer (OzoneContainer.java:startContainerScrub(177)) - Background container scanner has been disabled.
2019-11-04 16:47:16,912 [Datanode State Machine Thread - 0] INFO  ratis.XceiverServerRatis (XceiverServerRatis.java:start(418)) - Starting XceiverServerRatis 1b28f8eb-8aa4-4d14-8ba1-b6ff2630fcd0 at port 0
2019-11-04 16:47:16,921 [Datanode State Machine Thread - 0] INFO  impl.RaftServerProxy (RaftServerProxy.java:lambda$start$3(299)) - 1b28f8eb-8aa4-4d14-8ba1-b6ff2630fcd0: start RPC server
2019-11-04 16:47:16,921 [Datanode State Machine Thread - 0] INFO  server.GrpcService (GrpcService.java:startImpl(158)) - 1b28f8eb-8aa4-4d14-8ba1-b6ff2630fcd0: GrpcService started, listening on 0.0.0.0/0.0.0.0:38874
2019-11-04 16:47:16,921 [Datanode State Machine Thread - 0] INFO  ratis.XceiverServerRatis (XceiverServerRatis.java:start(428)) - XceiverServerRatis 1b28f8eb-8aa4-4d14-8ba1-b6ff2630fcd0 is started using port 38874
2019-11-04 16:47:16,922 [Datanode State Machine Thread - 0] INFO  server.XceiverServerGrpc (XceiverServerGrpc.java:start(149)) - XceiverServerGrpc 1b28f8eb-8aa4-4d14-8ba1-b6ff2630fcd0 is started using port 33211
2019-11-04 16:47:16,971 [Datanode State Machine Thread - 0] INFO  ozoneimpl.OzoneContainer (OzoneContainer.java:start(213)) - Attempting to start container services.
2019-11-04 16:47:16,971 [Datanode State Machine Thread - 0] INFO  ozoneimpl.OzoneContainer (OzoneContainer.java:startContainerScrub(177)) - Background container scanner has been disabled.
2019-11-04 16:47:16,971 [Datanode State Machine Thread - 0] INFO  ratis.XceiverServerRatis (XceiverServerRatis.java:start(418)) - Starting XceiverServerRatis ad9dfb15-0321-4349-a9e1-29d9eb7275d5 at port 0
2019-11-04 16:47:16,977 [Datanode State Machine Thread - 0] INFO  impl.RaftServerProxy (RaftServerProxy.java:lambda$start$3(299)) - ad9dfb15-0321-4349-a9e1-29d9eb7275d5: start RPC server
2019-11-04 16:47:16,979 [Datanode State Machine Thread - 0] INFO  server.GrpcService (GrpcService.java:startImpl(158)) - ad9dfb15-0321-4349-a9e1-29d9eb7275d5: GrpcService started, listening on 0.0.0.0/0.0.0.0:45506
2019-11-04 16:47:16,980 [Datanode State Machine Thread - 0] INFO  ratis.XceiverServerRatis (XceiverServerRatis.java:start(428)) - XceiverServerRatis ad9dfb15-0321-4349-a9e1-29d9eb7275d5 is started using port 45506
2019-11-04 16:47:16,982 [Datanode State Machine Thread - 0] INFO  server.XceiverServerGrpc (XceiverServerGrpc.java:start(149)) - XceiverServerGrpc ad9dfb15-0321-4349-a9e1-29d9eb7275d5 is started using port 35061
2019-11-04 16:47:17,074 [Datanode State Machine Thread - 0] INFO  ozoneimpl.OzoneContainer (OzoneContainer.java:start(213)) - Attempting to start container services.
2019-11-04 16:47:17,074 [Datanode State Machine Thread - 0] INFO  ozoneimpl.OzoneContainer (OzoneContainer.java:startContainerScrub(177)) - Background container scanner has been disabled.
2019-11-04 16:47:17,074 [Datanode State Machine Thread - 0] INFO  ratis.XceiverServerRatis (XceiverServerRatis.java:start(418)) - Starting XceiverServerRatis 7fc3dcce-a523-45fc-b6d6-b2bad08ce4da at port 0
2019-11-04 16:47:17,082 [Datanode State Machine Thread - 0] INFO  impl.RaftServerProxy (RaftServerProxy.java:lambda$start$3(299)) - 7fc3dcce-a523-45fc-b6d6-b2bad08ce4da: start RPC server
2019-11-04 16:47:17,083 [Datanode State Machine Thread - 0] INFO  server.GrpcService (GrpcService.java:startImpl(158)) - 7fc3dcce-a523-45fc-b6d6-b2bad08ce4da: GrpcService started, listening on 0.0.0.0/0.0.0.0:35647
2019-11-04 16:47:17,083 [Datanode State Machine Thread - 0] INFO  ratis.XceiverServerRatis (XceiverServerRatis.java:start(428)) - XceiverServerRatis 7fc3dcce-a523-45fc-b6d6-b2bad08ce4da is started using port 35647
2019-11-04 16:47:17,083 [Datanode State Machine Thread - 0] INFO  server.XceiverServerGrpc (XceiverServerGrpc.java:start(149)) - XceiverServerGrpc 7fc3dcce-a523-45fc-b6d6-b2bad08ce4da is started using port 35007
2019-11-04 16:47:17,113 [Datanode State Machine Thread - 0] INFO  ozoneimpl.OzoneContainer (OzoneContainer.java:start(213)) - Attempting to start container services.
2019-11-04 16:47:17,114 [Datanode State Machine Thread - 0] INFO  ozoneimpl.OzoneContainer (OzoneContainer.java:startContainerScrub(177)) - Background container scanner has been disabled.
2019-11-04 16:47:17,114 [Datanode State Machine Thread - 0] INFO  ratis.XceiverServerRatis (XceiverServerRatis.java:start(418)) - Starting XceiverServerRatis 2911c1bb-ca7b-4253-a902-f80f167657b1 at port 0
2019-11-04 16:47:17,121 [Datanode State Machine Thread - 0] INFO  impl.RaftServerProxy (RaftServerProxy.java:lambda$start$3(299)) - 2911c1bb-ca7b-4253-a902-f80f167657b1: start RPC server
2019-11-04 16:47:17,122 [Datanode State Machine Thread - 0] INFO  server.GrpcService (GrpcService.java:startImpl(158)) - 2911c1bb-ca7b-4253-a902-f80f167657b1: GrpcService started, listening on 0.0.0.0/0.0.0.0:45844
2019-11-04 16:47:17,122 [Datanode State Machine Thread - 0] INFO  ratis.XceiverServerRatis (XceiverServerRatis.java:start(428)) - XceiverServerRatis 2911c1bb-ca7b-4253-a902-f80f167657b1 is started using port 45844
2019-11-04 16:47:17,122 [Datanode State Machine Thread - 0] INFO  server.XceiverServerGrpc (XceiverServerGrpc.java:start(149)) - XceiverServerGrpc 2911c1bb-ca7b-4253-a902-f80f167657b1 is started using port 34041
2019-11-04 16:47:17,202 [main] INFO  ozone.MiniOzoneClusterImpl (MiniOzoneClusterImpl.java:lambda$waitForClusterToBeReady$0(147)) - Waiting for cluster to be ready. Got 0 of 10 DN Heartbeats.
2019-11-04 16:47:17,280 [Datanode State Machine Thread - 0] INFO  ozoneimpl.OzoneContainer (OzoneContainer.java:start(213)) - Attempting to start container services.
2019-11-04 16:47:17,280 [Datanode State Machine Thread - 0] INFO  ozoneimpl.OzoneContainer (OzoneContainer.java:startContainerScrub(177)) - Background container scanner has been disabled.
2019-11-04 16:47:17,281 [Datanode State Machine Thread - 0] INFO  ratis.XceiverServerRatis (XceiverServerRatis.java:start(418)) - Starting XceiverServerRatis 53db7904-d288-4108-8bc9-f81d312978a3 at port 0
2019-11-04 16:47:17,289 [Datanode State Machine Thread - 0] INFO  impl.RaftServerProxy (RaftServerProxy.java:lambda$start$3(299)) - 53db7904-d288-4108-8bc9-f81d312978a3: start RPC server
2019-11-04 16:47:17,306 [Datanode State Machine Thread - 0] INFO  server.GrpcService (GrpcService.java:startImpl(158)) - 53db7904-d288-4108-8bc9-f81d312978a3: GrpcService started, listening on 0.0.0.0/0.0.0.0:45062
2019-11-04 16:47:17,306 [Datanode State Machine Thread - 0] INFO  ratis.XceiverServerRatis (XceiverServerRatis.java:start(428)) - XceiverServerRatis 53db7904-d288-4108-8bc9-f81d312978a3 is started using port 45062
2019-11-04 16:47:17,306 [Datanode State Machine Thread - 0] INFO  server.XceiverServerGrpc (XceiverServerGrpc.java:start(149)) - XceiverServerGrpc 53db7904-d288-4108-8bc9-f81d312978a3 is started using port 45527
2019-11-04 16:47:17,310 [Datanode State Machine Thread - 0] INFO  ozoneimpl.OzoneContainer (OzoneContainer.java:start(213)) - Attempting to start container services.
2019-11-04 16:47:17,310 [Datanode State Machine Thread - 0] INFO  ozoneimpl.OzoneContainer (OzoneContainer.java:startContainerScrub(177)) - Background container scanner has been disabled.
2019-11-04 16:47:17,310 [Datanode State Machine Thread - 0] INFO  ratis.XceiverServerRatis (XceiverServerRatis.java:start(418)) - Starting XceiverServerRatis b64d56c3-7e00-4645-8b63-46d38bcf6e51 at port 0
2019-11-04 16:47:17,317 [Datanode State Machine Thread - 0] INFO  impl.RaftServerProxy (RaftServerProxy.java:lambda$start$3(299)) - b64d56c3-7e00-4645-8b63-46d38bcf6e51: start RPC server
2019-11-04 16:47:17,327 [Datanode State Machine Thread - 0] INFO  server.GrpcService (GrpcService.java:startImpl(158)) - b64d56c3-7e00-4645-8b63-46d38bcf6e51: GrpcService started, listening on 0.0.0.0/0.0.0.0:33628
2019-11-04 16:47:17,327 [Datanode State Machine Thread - 0] INFO  ratis.XceiverServerRatis (XceiverServerRatis.java:start(428)) - XceiverServerRatis b64d56c3-7e00-4645-8b63-46d38bcf6e51 is started using port 33628
2019-11-04 16:47:17,328 [Datanode State Machine Thread - 0] INFO  server.XceiverServerGrpc (XceiverServerGrpc.java:start(149)) - XceiverServerGrpc b64d56c3-7e00-4645-8b63-46d38bcf6e51 is started using port 42719
2019-11-04 16:47:18,203 [main] INFO  ozone.MiniOzoneClusterImpl (MiniOzoneClusterImpl.java:lambda$waitForClusterToBeReady$0(147)) - Waiting for cluster to be ready. Got 0 of 10 DN Heartbeats.
2019-11-04 16:47:18,537 [IPC Server handler 0 on 43667] INFO  net.NetworkTopology (NetworkTopologyImpl.java:add(111)) - Added a new node: /rack1/851b12f9-bfd6-4752-97e2-7b87bdb6f05b
2019-11-04 16:47:18,540 [IPC Server handler 0 on 43667] INFO  node.SCMNodeManager (SCMNodeManager.java:register(268)) - Registered Data node : 851b12f9-bfd6-4752-97e2-7b87bdb6f05b{ip: 192.168.157.194, host: pr-hdds-1643-sn7dj-2043761873, networkLocation: /rack1, certSerialId: null}
2019-11-04 16:47:18,541 [EventQueue-NodeRegistrationContainerReportForDataNodeSafeModeRule] INFO  safemode.SCMSafeModeManager (DataNodeSafeModeRule.java:process(71)) - SCM in safe mode. 1 DataNodes registered, 1 required.
2019-11-04 16:47:18,544 [EventQueue-NodeRegistrationContainerReportForDataNodeSafeModeRule] INFO  safemode.SCMSafeModeManager (SCMSafeModeManager.java:validateSafeModeExitRules(177)) - ScmSafeModeManager, all rules are successfully validated
2019-11-04 16:47:18,544 [EventQueue-NodeRegistrationContainerReportForDataNodeSafeModeRule] INFO  safemode.SCMSafeModeManager (SCMSafeModeManager.java:exitSafeMode(193)) - SCM exiting safe mode.
2019-11-04 16:47:18,575 [grpc-default-executor-14] INFO  impl.RaftServerProxy (RaftServerProxy.java:addNew(89)) - 851b12f9-bfd6-4752-97e2-7b87bdb6f05b: addNew group-69C3BC1E2AC7:[851b12f9-bfd6-4752-97e2-7b87bdb6f05b:192.168.157.194:39597] returns group-69C3BC1E2AC7:java.util.concurrent.CompletableFuture@1ba4b78[Not completed]
2019-11-04 16:47:18,576 [pool-520-thread-1] INFO  impl.RaftServerImpl (RaftServerImpl.java:<init>(104)) - 851b12f9-bfd6-4752-97e2-7b87bdb6f05b: new RaftServerImpl for group-69C3BC1E2AC7:[851b12f9-bfd6-4752-97e2-7b87bdb6f05b:192.168.157.194:39597] with ContainerStateMachine:uninitialized
2019-11-04 16:47:18,576 [pool-520-thread-1] INFO  server.RaftServerConfigKeys (ConfUtils.java:logGet(43)) - raft.server.rpc.timeout.min = 1s (custom)
2019-11-04 16:47:18,576 [pool-520-thread-1] INFO  server.RaftServerConfigKeys (ConfUtils.java:logGet(43)) - raft.server.rpc.timeout.max = 1200ms (custom)
2019-11-04 16:47:18,576 [pool-520-thread-1] INFO  server.RaftServerConfigKeys (ConfUtils.java:logGet(43)) - raft.server.rpcslowness.timeout = 120s (custom)
2019-11-04 16:47:18,576 [pool-520-thread-1] INFO  server.RaftServerConfigKeys (ConfUtils.java:logGet(43)) - raft.server.sleep.deviation.threshold = 300 (default)
2019-11-04 16:47:18,577 [pool-520-thread-1] INFO  server.RaftServerConfigKeys (ConfUtils.java:logGet(43)) - raft.server.log.appender.install.snapshot.enabled = false (custom)
2019-11-04 16:47:18,577 [pool-520-thread-1] INFO  impl.RaftServerImpl (ServerState.java:<init>(103)) - 851b12f9-bfd6-4752-97e2-7b87bdb6f05b@group-69C3BC1E2AC7: ConfigurationManager, init=-1: [851b12f9-bfd6-4752-97e2-7b87bdb6f05b:192.168.157.194:39597], old=null, confs=<EMPTY_MAP>
2019-11-04 16:47:18,577 [pool-520-thread-1] INFO  server.RaftServerConfigKeys (ConfUtils.java:logGet(43)) - raft.server.storage.dir = [/workdir/hadoop-ozone/integration-test/target/test-dir/MiniOzoneClusterImpl-8e66254f-d6bc-40e7-ae2f-db5e1b2bb1f3/datanode-0/data/ratis] (custom)
2019-11-04 16:47:18,577 [pool-520-thread-1] INFO  server.RaftServerConfigKeys (ConfUtils.java:logGet(43)) - raft.server.log.corruption.policy = EXCEPTION (default)
2019-11-04 16:47:18,577 [pool-520-thread-1] INFO  storage.RaftStorageDirectory (RaftStorageDirectory.java:analyzeStorage(246)) - The storage directory /workdir/hadoop-ozone/integration-test/target/test-dir/MiniOzoneClusterImpl-8e66254f-d6bc-40e7-ae2f-db5e1b2bb1f3/datanode-0/data/ratis/1de8c4a3-5265-4b5f-89c6-69c3bc1e2ac7 does not exist. Creating ...
2019-11-04 16:47:18,616 [IPC Server handler 5 on 43667] INFO  net.NetworkTopology (NetworkTopologyImpl.java:add(111)) - Added a new node: /rack1/d51bd7ac-8e91-4a16-849b-9fde6947cfce
2019-11-04 16:47:18,616 [IPC Server handler 5 on 43667] INFO  node.SCMNodeManager (SCMNodeManager.java:register(268)) - Registered Data node : d51bd7ac-8e91-4a16-849b-9fde6947cfce{ip: 192.168.157.194, host: pr-hdds-1643-sn7dj-2043761873, networkLocation: /rack1, certSerialId: null}
2019-11-04 16:47:18,689 [IPC Server handler 7 on 43667] INFO  net.NetworkTopology (NetworkTopologyImpl.java:add(111)) - Added a new node: /rack1/18bcd373-7631-4e7c-b817-d7839f17bf5a
2019-11-04 16:47:18,689 [IPC Server handler 7 on 43667] INFO  node.SCMNodeManager (SCMNodeManager.java:register(268)) - Registered Data node : 18bcd373-7631-4e7c-b817-d7839f17bf5a{ip: 192.168.157.194, host: pr-hdds-1643-sn7dj-2043761873, networkLocation: /rack1, certSerialId: null}
2019-11-04 16:47:18,744 [pool-520-thread-1] INFO  storage.RaftStorageDirectory (RaftStorageDirectory.java:tryLock(328)) - Lock on /workdir/hadoop-ozone/integration-test/target/test-dir/MiniOzoneClusterImpl-8e66254f-d6bc-40e7-ae2f-db5e1b2bb1f3/datanode-0/data/ratis/1de8c4a3-5265-4b5f-89c6-69c3bc1e2ac7/in_use.lock acquired by nodename 16190@pr-hdds-1643-sn7dj-2043761873
2019-11-04 16:47:18,753 [pool-520-thread-1] INFO  storage.RaftStorage (RaftStorage.java:format(84)) - Storage directory /workdir/hadoop-ozone/integration-test/target/test-dir/MiniOzoneClusterImpl-8e66254f-d6bc-40e7-ae2f-db5e1b2bb1f3/datanode-0/data/ratis/1de8c4a3-5265-4b5f-89c6-69c3bc1e2ac7 has been successfully formatted.
2019-11-04 16:47:18,753 [pool-520-thread-1] INFO  ratis.ContainerStateMachine (ContainerStateMachine.java:loadSnapshot(231)) - group-69C3BC1E2AC7: The snapshot info is null. Setting the last applied indexto:(t:0, i:~)
2019-11-04 16:47:18,753 [pool-520-thread-1] INFO  server.RaftServerConfigKeys (ConfUtils.java:logGet(43)) - raft.server.notification.no-leader.timeout = 120s (custom)
2019-11-04 16:47:18,754 [pool-520-thread-1] INFO  server.RaftServerConfigKeys (ConfUtils.java:logGet(43)) - raft.server.log.use.memory = false (default)
2019-11-04 16:47:18,754 [pool-520-thread-1] INFO  server.RaftServerConfigKeys (ConfUtils.java:logGet(43)) - raft.server.log.purge.gap = 1000000 (custom)
2019-11-04 16:47:18,754 [pool-520-thread-1] INFO  server.RaftServerConfigKeys (ConfUtils.java:logGet(43)) - raft.server.log.appender.buffer.byte-limit = 33554432 (custom)
2019-11-04 16:47:18,754 [pool-520-thread-1] INFO  server.RaftServerConfigKeys (ConfUtils.java:logGet(43)) - raft.server.log.segment.size.max = 1048576 (custom)
2019-11-04 16:47:18,757 [pool-520-thread-1] INFO  server.RaftServerConfigKeys (ConfUtils.java:logGet(43)) - raft.server.log.segment.cache.num.max = 2 (custom)
2019-11-04 16:47:18,757 [pool-520-thread-1] INFO  segmented.SegmentedRaftLogWorker (SegmentedRaftLogWorker.java:<init>(173)) - new 851b12f9-bfd6-4752-97e2-7b87bdb6f05b@group-69C3BC1E2AC7-SegmentedRaftLogWorker for RaftStorage:Storage Directory /workdir/hadoop-ozone/integration-test/target/test-dir/MiniOzoneClusterImpl-8e66254f-d6bc-40e7-ae2f-db5e1b2bb1f3/datanode-0/data/ratis/1de8c4a3-5265-4b5f-89c6-69c3bc1e2ac7
2019-11-04 16:47:18,757 [pool-520-thread-1] INFO  server.RaftServerConfigKeys (ConfUtils.java:logGet(43)) - raft.server.log.queue.byte-limit = 2147483647 (custom)
2019-11-04 16:47:18,757 [pool-520-thread-1] INFO  server.RaftServerConfigKeys (ConfUtils.java:logGet(43)) - raft.server.log.queue.element-limit = 1024 (custom)
2019-11-04 16:47:18,757 [pool-520-thread-1] INFO  server.RaftServerConfigKeys (ConfUtils.java:logGet(43)) - raft.server.log.segment.size.max = 1048576 (custom)
2019-11-04 16:47:18,757 [pool-520-thread-1] INFO  server.RaftServerConfigKeys (ConfUtils.java:logGet(43)) - raft.server.log.preallocated.size = 16384 (custom)
2019-11-04 16:47:18,757 [pool-520-thread-1] INFO  server.RaftServerConfigKeys (ConfUtils.java:logGet(43)) - raft.server.log.write.buffer.size = 33554432 (custom)
2019-11-04 16:47:18,758 [pool-520-thread-1] INFO  server.RaftServerConfigKeys (ConfUtils.java:logGet(43)) - raft.server.log.force.sync.num = 128 (default)
2019-11-04 16:47:18,758 [pool-520-thread-1] INFO  server.RaftServerConfigKeys (ConfUtils.java:logGet(43)) - raft.server.log.statemachine.data.sync = true (default)
2019-11-04 16:47:18,758 [pool-520-thread-1] INFO  server.RaftServerConfigKeys (ConfUtils.java:logGet(43)) - raft.server.log.statemachine.data.sync.timeout = 10s (default)
2019-11-04 16:47:18,758 [pool-520-thread-1] INFO  server.RaftServerConfigKeys (ConfUtils.java:logGet(43)) - raft.server.log.statemachine.data.sync.timeout.retry = -1 (default)
2019-11-04 16:47:18,758 [pool-520-thread-1] INFO  server.RaftServerConfigKeys (ConfUtils.java:logGet(43)) - raft.server.log.statemachine.data.caching.enabled = true (custom)
2019-11-04 16:47:18,759 [pool-520-thread-1] INFO  segmented.SegmentedRaftLogWorker (SegmentedRaftLogWorker.java:lambda$new$0(128)) - 851b12f9-bfd6-4752-97e2-7b87bdb6f05b@group-69C3BC1E2AC7-SegmentedRaftLogWorker: flushIndex: setUnconditionally 0 -> -1
2019-11-04 16:47:18,759 [pool-520-thread-1] INFO  server.RaftServerConfigKeys (ConfUtils.java:logGet(43)) - raft.server.snapshot.auto.trigger.enabled = true (custom)
2019-11-04 16:47:18,759 [pool-520-thread-1] INFO  server.RaftServerConfigKeys (ConfUtils.java:logGet(43)) - raft.server.snapshot.auto.trigger.threshold = 10000 (custom)
2019-11-04 16:47:18,759 [pool-520-thread-1] INFO  server.RaftServerConfigKeys (ConfUtils.java:logGet(43)) - raft.server.snapshot.retention.file.num = 5 (custom)
2019-11-04 16:47:18,760 [pool-520-thread-1] INFO  server.RaftServerConfigKeys (ConfUtils.java:logGet(43)) - raft.server.retrycache.expirytime = 600000ms (custom)
2019-11-04 16:47:18,763 [pool-520-thread-1] INFO  impl.RaftServerImpl (RaftServerImpl.java:start(195)) - 851b12f9-bfd6-4752-97e2-7b87bdb6f05b@group-69C3BC1E2AC7: start as a follower, conf=-1: [851b12f9-bfd6-4752-97e2-7b87bdb6f05b:192.168.157.194:39597], old=null
2019-11-04 16:47:18,763 [pool-520-thread-1] INFO  impl.RaftServerImpl (RaftServerImpl.java:setRole(184)) - 851b12f9-bfd6-4752-97e2-7b87bdb6f05b@group-69C3BC1E2AC7: changes role from      null to FOLLOWER at term 0 for startAsFollower
2019-11-04 16:47:18,763 [pool-520-thread-1] INFO  impl.RoleInfo (RoleInfo.java:updateAndGet(143)) - 851b12f9-bfd6-4752-97e2-7b87bdb6f05b: start FollowerState
2019-11-04 16:47:18,776 [pool-520-thread-1] INFO  util.JmxRegister (JmxRegister.java:tryRegister(44)) - Successfully registered JMX Bean with object name Ratis:service=RaftServer,group=group-69C3BC1E2AC7,id=851b12f9-bfd6-4752-97e2-7b87bdb6f05b
2019-11-04 16:47:18,777 [IPC Server handler 8 on 43667] INFO  net.NetworkTopology (NetworkTopologyImpl.java:add(111)) - Added a new node: /rack1/693d1277-6dfc-424e-94e6-a87b40f9160b
2019-11-04 16:47:18,777 [IPC Server handler 8 on 43667] INFO  node.SCMNodeManager (SCMNodeManager.java:register(268)) - Registered Data node : 693d1277-6dfc-424e-94e6-a87b40f9160b{ip: 192.168.157.194, host: pr-hdds-1643-sn7dj-2043761873, networkLocation: /rack1, certSerialId: null}
2019-11-04 16:47:18,791 [RatisPipelineUtilsThread] INFO  pipeline.PipelineStateManager (PipelineStateManager.java:addPipeline(56)) - Created pipeline Pipeline[ Id: 1de8c4a3-5265-4b5f-89c6-69c3bc1e2ac7, Nodes: 851b12f9-bfd6-4752-97e2-7b87bdb6f05b{ip: 192.168.157.194, host: pr-hdds-1643-sn7dj-2043761873, networkLocation: /rack1, certSerialId: null}, Type:RATIS, Factor:ONE, State:OPEN]
2019-11-04 16:47:18,798 [grpc-default-executor-14] INFO  impl.RaftServerProxy (RaftServerProxy.java:addNew(89)) - 693d1277-6dfc-424e-94e6-a87b40f9160b: addNew group-193AEACDA84C:[693d1277-6dfc-424e-94e6-a87b40f9160b:192.168.157.194:33365] returns group-193AEACDA84C:java.util.concurrent.CompletableFuture@142a67ae[Not completed]
2019-11-04 16:47:18,800 [pool-550-thread-1] INFO  impl.RaftServerImpl (RaftServerImpl.java:<init>(104)) - 693d1277-6dfc-424e-94e6-a87b40f9160b: new RaftServerImpl for group-193AEACDA84C:[693d1277-6dfc-424e-94e6-a87b40f9160b:192.168.157.194:33365] with ContainerStateMachine:uninitialized
2019-11-04 16:47:18,800 [pool-550-thread-1] INFO  server.RaftServerConfigKeys (ConfUtils.java:logGet(43)) - raft.server.rpc.timeout.min = 1s (custom)
2019-11-04 16:47:18,800 [pool-550-thread-1] INFO  server.RaftServerConfigKeys (ConfUtils.java:logGet(43)) - raft.server.rpc.timeout.max = 1200ms (custom)
2019-11-04 16:47:18,800 [pool-550-thread-1] INFO  server.RaftServerConfigKeys (ConfUtils.java:logGet(43)) - raft.server.rpcslowness.timeout = 120s (custom)
2019-11-04 16:47:18,800 [pool-550-thread-1] INFO  server.RaftServerConfigKeys (ConfUtils.java:logGet(43)) - raft.server.sleep.deviation.threshold = 300 (default)
2019-11-04 16:47:18,800 [pool-550-thread-1] INFO  server.RaftServerConfigKeys (ConfUtils.java:logGet(43)) - raft.server.log.appender.install.snapshot.enabled = false (custom)
2019-11-04 16:47:18,800 [pool-550-thread-1] INFO  impl.RaftServerImpl (ServerState.java:<init>(103)) - 693d1277-6dfc-424e-94e6-a87b40f9160b@group-193AEACDA84C: ConfigurationManager, init=-1: [693d1277-6dfc-424e-94e6-a87b40f9160b:192.168.157.194:33365], old=null, confs=<EMPTY_MAP>
2019-11-04 16:47:18,800 [pool-550-thread-1] INFO  server.RaftServerConfigKeys (ConfUtils.java:logGet(43)) - raft.server.storage.dir = [/workdir/hadoop-ozone/integration-test/target/test-dir/MiniOzoneClusterImpl-8e66254f-d6bc-40e7-ae2f-db5e1b2bb1f3/datanode-3/data/ratis] (custom)
2019-11-04 16:47:18,801 [pool-550-thread-1] INFO  server.RaftServerConfigKeys (ConfUtils.java:logGet(43)) - raft.server.log.corruption.policy = EXCEPTION (default)
2019-11-04 16:47:18,801 [pool-550-thread-1] INFO  storage.RaftStorageDirectory (RaftStorageDirectory.java:analyzeStorage(246)) - The storage directory /workdir/hadoop-ozone/integration-test/target/test-dir/MiniOzoneClusterImpl-8e66254f-d6bc-40e7-ae2f-db5e1b2bb1f3/datanode-3/data/ratis/314378cc-0e41-4811-a85f-193aeacda84c does not exist. Creating ...
2019-11-04 16:47:18,814 [pool-550-thread-1] INFO  storage.RaftStorageDirectory (RaftStorageDirectory.java:tryLock(328)) - Lock on /workdir/hadoop-ozone/integration-test/target/test-dir/MiniOzoneClusterImpl-8e66254f-d6bc-40e7-ae2f-db5e1b2bb1f3/datanode-3/data/ratis/314378cc-0e41-4811-a85f-193aeacda84c/in_use.lock acquired by nodename 16190@pr-hdds-1643-sn7dj-2043761873
2019-11-04 16:47:18,827 [pool-550-thread-1] INFO  storage.RaftStorage (RaftStorage.java:format(84)) - Storage directory /workdir/hadoop-ozone/integration-test/target/test-dir/MiniOzoneClusterImpl-8e66254f-d6bc-40e7-ae2f-db5e1b2bb1f3/datanode-3/data/ratis/314378cc-0e41-4811-a85f-193aeacda84c has been successfully formatted.
2019-11-04 16:47:18,828 [pool-550-thread-1] INFO  ratis.ContainerStateMachine (ContainerStateMachine.java:loadSnapshot(231)) - group-193AEACDA84C: The snapshot info is null. Setting the last applied indexto:(t:0, i:~)
2019-11-04 16:47:18,828 [pool-550-thread-1] INFO  server.RaftServerConfigKeys (ConfUtils.java:logGet(43)) - raft.server.notification.no-leader.timeout = 120s (custom)
2019-11-04 16:47:18,828 [pool-550-thread-1] INFO  server.RaftServerConfigKeys (ConfUtils.java:logGet(43)) - raft.server.log.use.memory = false (default)
2019-11-04 16:47:18,828 [pool-550-thread-1] INFO  server.RaftServerConfigKeys (ConfUtils.java:logGet(43)) - raft.server.log.purge.gap = 1000000 (custom)
2019-11-04 16:47:18,828 [pool-550-thread-1] INFO  server.RaftServerConfigKeys (ConfUtils.java:logGet(43)) - raft.server.log.appender.buffer.byte-limit = 33554432 (custom)
2019-11-04 16:47:18,828 [pool-550-thread-1] INFO  server.RaftServerConfigKeys (ConfUtils.java:logGet(43)) - raft.server.log.segment.size.max = 1048576 (custom)
2019-11-04 16:47:18,829 [pool-550-thread-1] INFO  server.RaftServerConfigKeys (ConfUtils.java:logGet(43)) - raft.server.log.segment.cache.num.max = 2 (custom)
2019-11-04 16:47:18,830 [pool-550-thread-1] INFO  segmented.SegmentedRaftLogWorker (SegmentedRaftLogWorker.java:<init>(173)) - new 693d1277-6dfc-424e-94e6-a87b40f9160b@group-193AEACDA84C-SegmentedRaftLogWorker for RaftStorage:Storage Directory /workdir/hadoop-ozone/integration-test/target/test-dir/MiniOzoneClusterImpl-8e66254f-d6bc-40e7-ae2f-db5e1b2bb1f3/datanode-3/data/ratis/314378cc-0e41-4811-a85f-193aeacda84c
2019-11-04 16:47:18,830 [pool-550-thread-1] INFO  server.RaftServerConfigKeys (ConfUtils.java:logGet(43)) - raft.server.log.queue.byte-limit = 2147483647 (custom)
2019-11-04 16:47:18,830 [pool-550-thread-1] INFO  server.RaftServerConfigKeys (ConfUtils.java:logGet(43)) - raft.server.log.queue.element-limit = 1024 (custom)
2019-11-04 16:47:18,830 [pool-550-thread-1] INFO  server.RaftServerConfigKeys (ConfUtils.java:logGet(43)) - raft.server.log.segment.size.max = 1048576 (custom)
2019-11-04 16:47:18,830 [pool-550-thread-1] INFO  server.RaftServerConfigKeys (ConfUtils.java:logGet(43)) - raft.server.log.preallocated.size = 16384 (custom)
2019-11-04 16:47:18,830 [pool-550-thread-1] INFO  server.RaftServerConfigKeys (ConfUtils.java:logGet(43)) - raft.server.log.write.buffer.size = 33554432 (custom)
2019-11-04 16:47:18,830 [pool-550-thread-1] INFO  server.RaftServerConfigKeys (ConfUtils.java:logGet(43)) - raft.server.log.force.sync.num = 128 (default)
2019-11-04 16:47:18,830 [pool-550-thread-1] INFO  server.RaftServerConfigKeys (ConfUtils.java:logGet(43)) - raft.server.log.statemachine.data.sync = true (default)
2019-11-04 16:47:18,830 [pool-550-thread-1] INFO  server.RaftServerConfigKeys (ConfUtils.java:logGet(43)) - raft.server.log.statemachine.data.sync.timeout = 10s (default)
2019-11-04 16:47:18,830 [pool-550-thread-1] INFO  server.RaftServerConfigKeys (ConfUtils.java:logGet(43)) - raft.server.log.statemachine.data.sync.timeout.retry = -1 (default)
2019-11-04 16:47:18,831 [pool-550-thread-1] INFO  server.RaftServerConfigKeys (ConfUtils.java:logGet(43)) - raft.server.log.statemachine.data.caching.enabled = true (custom)
2019-11-04 16:47:18,831 [pool-550-thread-1] INFO  segmented.SegmentedRaftLogWorker (SegmentedRaftLogWorker.java:lambda$new$0(128)) - 693d1277-6dfc-424e-94e6-a87b40f9160b@group-193AEACDA84C-SegmentedRaftLogWorker: flushIndex: setUnconditionally 0 -> -1
2019-11-04 16:47:18,831 [pool-550-thread-1] INFO  server.RaftServerConfigKeys (ConfUtils.java:logGet(43)) - raft.server.snapshot.auto.trigger.enabled = true (custom)
2019-11-04 16:47:18,831 [pool-550-thread-1] INFO  server.RaftServerConfigKeys (ConfUtils.java:logGet(43)) - raft.server.snapshot.auto.trigger.threshold = 10000 (custom)
2019-11-04 16:47:18,831 [pool-550-thread-1] INFO  server.RaftServerConfigKeys (ConfUtils.java:logGet(43)) - raft.server.snapshot.retention.file.num = 5 (custom)
2019-11-04 16:47:18,831 [pool-550-thread-1] INFO  server.RaftServerConfigKeys (ConfUtils.java:logGet(43)) - raft.server.retrycache.expirytime = 600000ms (custom)
2019-11-04 16:47:18,832 [IPC Server handler 9 on 43667] INFO  net.NetworkTopology (NetworkTopologyImpl.java:add(111)) - Added a new node: /rack1/1b28f8eb-8aa4-4d14-8ba1-b6ff2630fcd0
2019-11-04 16:47:18,832 [IPC Server handler 9 on 43667] INFO  node.SCMNodeManager (SCMNodeManager.java:register(268)) - Registered Data node : 1b28f8eb-8aa4-4d14-8ba1-b6ff2630fcd0{ip: 192.168.157.194, host: pr-hdds-1643-sn7dj-2043761873, networkLocation: /rack1, certSerialId: null}
2019-11-04 16:47:18,834 [pool-550-thread-1] INFO  impl.RaftServerImpl (RaftServerImpl.java:start(195)) - 693d1277-6dfc-424e-94e6-a87b40f9160b@group-193AEACDA84C: start as a follower, conf=-1: [693d1277-6dfc-424e-94e6-a87b40f9160b:192.168.157.194:33365], old=null
2019-11-04 16:47:18,834 [pool-550-thread-1] INFO  impl.RaftServerImpl (RaftServerImpl.java:setRole(184)) - 693d1277-6dfc-424e-94e6-a87b40f9160b@group-193AEACDA84C: changes role from      null to FOLLOWER at term 0 for startAsFollower
2019-11-04 16:47:18,834 [pool-550-thread-1] INFO  impl.RoleInfo (RoleInfo.java:updateAndGet(143)) - 693d1277-6dfc-424e-94e6-a87b40f9160b: start FollowerState
2019-11-04 16:47:18,834 [pool-550-thread-1] INFO  util.JmxRegister (JmxRegister.java:tryRegister(44)) - Successfully registered JMX Bean with object name Ratis:service=RaftServer,group=group-193AEACDA84C,id=693d1277-6dfc-424e-94e6-a87b40f9160b
2019-11-04 16:47:18,837 [RatisPipelineUtilsThread] INFO  pipeline.PipelineStateManager (PipelineStateManager.java:addPipeline(56)) - Created pipeline Pipeline[ Id: 314378cc-0e41-4811-a85f-193aeacda84c, Nodes: 693d1277-6dfc-424e-94e6-a87b40f9160b{ip: 192.168.157.194, host: pr-hdds-1643-sn7dj-2043761873, networkLocation: /rack1, certSerialId: null}, Type:RATIS, Factor:ONE, State:OPEN]
2019-11-04 16:47:18,843 [grpc-default-executor-14] INFO  impl.RaftServerProxy (RaftServerProxy.java:addNew(89)) - 18bcd373-7631-4e7c-b817-d7839f17bf5a: addNew group-ACEA270DDECA:[18bcd373-7631-4e7c-b817-d7839f17bf5a:192.168.157.194:38252] returns group-ACEA270DDECA:java.util.concurrent.CompletableFuture@1c988ac4[Not completed]
2019-11-04 16:47:18,845 [pool-540-thread-1] INFO  impl.RaftServerImpl (RaftServerImpl.java:<init>(104)) - 18bcd373-7631-4e7c-b817-d7839f17bf5a: new RaftServerImpl for group-ACEA270DDECA:[18bcd373-7631-4e7c-b817-d7839f17bf5a:192.168.157.194:38252] with ContainerStateMachine:uninitialized
2019-11-04 16:47:18,845 [pool-540-thread-1] INFO  server.RaftServerConfigKeys (ConfUtils.java:logGet(43)) - raft.server.rpc.timeout.min = 1s (custom)
2019-11-04 16:47:18,845 [pool-540-thread-1] INFO  server.RaftServerConfigKeys (ConfUtils.java:logGet(43)) - raft.server.rpc.timeout.max = 1200ms (custom)
2019-11-04 16:47:18,845 [pool-540-thread-1] INFO  server.RaftServerConfigKeys (ConfUtils.java:logGet(43)) - raft.server.rpcslowness.timeout = 120s (custom)
2019-11-04 16:47:18,845 [pool-540-thread-1] INFO  server.RaftServerConfigKeys (ConfUtils.java:logGet(43)) - raft.server.sleep.deviation.threshold = 300 (default)
2019-11-04 16:47:18,845 [pool-540-thread-1] INFO  server.RaftServerConfigKeys (ConfUtils.java:logGet(43)) - raft.server.log.appender.install.snapshot.enabled = false (custom)
2019-11-04 16:47:18,846 [pool-540-thread-1] INFO  impl.RaftServerImpl (ServerState.java:<init>(103)) - 18bcd373-7631-4e7c-b817-d7839f17bf5a@group-ACEA270DDECA: ConfigurationManager, init=-1: [18bcd373-7631-4e7c-b817-d7839f17bf5a:192.168.157.194:38252], old=null, confs=<EMPTY_MAP>
2019-11-04 16:47:18,846 [pool-540-thread-1] INFO  server.RaftServerConfigKeys (ConfUtils.java:logGet(43)) - raft.server.storage.dir = [/workdir/hadoop-ozone/integration-test/target/test-dir/MiniOzoneClusterImpl-8e66254f-d6bc-40e7-ae2f-db5e1b2bb1f3/datanode-2/data/ratis] (custom)
2019-11-04 16:47:18,846 [pool-540-thread-1] INFO  server.RaftServerConfigKeys (ConfUtils.java:logGet(43)) - raft.server.log.corruption.policy = EXCEPTION (default)
2019-11-04 16:47:18,846 [pool-540-thread-1] INFO  storage.RaftStorageDirectory (RaftStorageDirectory.java:analyzeStorage(246)) - The storage directory /workdir/hadoop-ozone/integration-test/target/test-dir/MiniOzoneClusterImpl-8e66254f-d6bc-40e7-ae2f-db5e1b2bb1f3/datanode-2/data/ratis/770dddf1-51f3-4163-a795-acea270ddeca does not exist. Creating ...
2019-11-04 16:47:18,860 [pool-540-thread-1] INFO  storage.RaftStorageDirectory (RaftStorageDirectory.java:tryLock(328)) - Lock on /workdir/hadoop-ozone/integration-test/target/test-dir/MiniOzoneClusterImpl-8e66254f-d6bc-40e7-ae2f-db5e1b2bb1f3/datanode-2/data/ratis/770dddf1-51f3-4163-a795-acea270ddeca/in_use.lock acquired by nodename 16190@pr-hdds-1643-sn7dj-2043761873
2019-11-04 16:47:18,874 [pool-540-thread-1] INFO  storage.RaftStorage (RaftStorage.java:format(84)) - Storage directory /workdir/hadoop-ozone/integration-test/target/test-dir/MiniOzoneClusterImpl-8e66254f-d6bc-40e7-ae2f-db5e1b2bb1f3/datanode-2/data/ratis/770dddf1-51f3-4163-a795-acea270ddeca has been successfully formatted.
2019-11-04 16:47:18,874 [pool-540-thread-1] INFO  ratis.ContainerStateMachine (ContainerStateMachine.java:loadSnapshot(231)) - group-ACEA270DDECA: The snapshot info is null. Setting the last applied indexto:(t:0, i:~)
2019-11-04 16:47:18,874 [pool-540-thread-1] INFO  server.RaftServerConfigKeys (ConfUtils.java:logGet(43)) - raft.server.notification.no-leader.timeout = 120s (custom)
2019-11-04 16:47:18,874 [pool-540-thread-1] INFO  server.RaftServerConfigKeys (ConfUtils.java:logGet(43)) - raft.server.log.use.memory = false (default)
2019-11-04 16:47:18,874 [pool-540-thread-1] INFO  server.RaftServerConfigKeys (ConfUtils.java:logGet(43)) - raft.server.log.purge.gap = 1000000 (custom)
2019-11-04 16:47:18,874 [pool-540-thread-1] INFO  server.RaftServerConfigKeys (ConfUtils.java:logGet(43)) - raft.server.log.appender.buffer.byte-limit = 33554432 (custom)
2019-11-04 16:47:18,875 [pool-540-thread-1] INFO  server.RaftServerConfigKeys (ConfUtils.java:logGet(43)) - raft.server.log.segment.size.max = 1048576 (custom)
2019-11-04 16:47:18,876 [pool-540-thread-1] INFO  server.RaftServerConfigKeys (ConfUtils.java:logGet(43)) - raft.server.log.segment.cache.num.max = 2 (custom)
2019-11-04 16:47:18,876 [pool-540-thread-1] INFO  segmented.SegmentedRaftLogWorker (SegmentedRaftLogWorker.java:<init>(173)) - new 18bcd373-7631-4e7c-b817-d7839f17bf5a@group-ACEA270DDECA-SegmentedRaftLogWorker for RaftStorage:Storage Directory /workdir/hadoop-ozone/integration-test/target/test-dir/MiniOzoneClusterImpl-8e66254f-d6bc-40e7-ae2f-db5e1b2bb1f3/datanode-2/data/ratis/770dddf1-51f3-4163-a795-acea270ddeca
2019-11-04 16:47:18,876 [pool-540-thread-1] INFO  server.RaftServerConfigKeys (ConfUtils.java:logGet(43)) - raft.server.log.queue.byte-limit = 2147483647 (custom)
2019-11-04 16:47:18,877 [pool-540-thread-1] INFO  server.RaftServerConfigKeys (ConfUtils.java:logGet(43)) - raft.server.log.queue.element-limit = 1024 (custom)
2019-11-04 16:47:18,877 [pool-540-thread-1] INFO  server.RaftServerConfigKeys (ConfUtils.java:logGet(43)) - raft.server.log.segment.size.max = 1048576 (custom)
2019-11-04 16:47:18,877 [pool-540-thread-1] INFO  server.RaftServerConfigKeys (ConfUtils.java:logGet(43)) - raft.server.log.preallocated.size = 16384 (custom)
2019-11-04 16:47:18,877 [pool-540-thread-1] INFO  server.RaftServerConfigKeys (ConfUtils.java:logGet(43)) - raft.server.log.write.buffer.size = 33554432 (custom)
2019-11-04 16:47:18,877 [pool-540-thread-1] INFO  server.RaftServerConfigKeys (ConfUtils.java:logGet(43)) - raft.server.log.force.sync.num = 128 (default)
2019-11-04 16:47:18,877 [pool-540-thread-1] INFO  server.RaftServerConfigKeys (ConfUtils.java:logGet(43)) - raft.server.log.statemachine.data.sync = true (default)
2019-11-04 16:47:18,877 [pool-540-thread-1] INFO  server.RaftServerConfigKeys (ConfUtils.java:logGet(43)) - raft.server.log.statemachine.data.sync.timeout = 10s (default)
2019-11-04 16:47:18,877 [pool-540-thread-1] INFO  server.RaftServerConfigKeys (ConfUtils.java:logGet(43)) - raft.server.log.statemachine.data.sync.timeout.retry = -1 (default)
2019-11-04 16:47:18,878 [pool-540-thread-1] INFO  server.RaftServerConfigKeys (ConfUtils.java:logGet(43)) - raft.server.log.statemachine.data.caching.enabled = true (custom)
2019-11-04 16:47:18,878 [pool-540-thread-1] INFO  segmented.SegmentedRaftLogWorker (SegmentedRaftLogWorker.java:lambda$new$0(128)) - 18bcd373-7631-4e7c-b817-d7839f17bf5a@group-ACEA270DDECA-SegmentedRaftLogWorker: flushIndex: setUnconditionally 0 -> -1
2019-11-04 16:47:18,878 [pool-540-thread-1] INFO  server.RaftServerConfigKeys (ConfUtils.java:logGet(43)) - raft.server.snapshot.auto.trigger.enabled = true (custom)
2019-11-04 16:47:18,878 [pool-540-thread-1] INFO  server.RaftServerConfigKeys (ConfUtils.java:logGet(43)) - raft.server.snapshot.auto.trigger.threshold = 10000 (custom)
2019-11-04 16:47:18,878 [pool-540-thread-1] INFO  server.RaftServerConfigKeys (ConfUtils.java:logGet(43)) - raft.server.snapshot.retention.file.num = 5 (custom)
2019-11-04 16:47:18,879 [pool-540-thread-1] INFO  server.RaftServerConfigKeys (ConfUtils.java:logGet(43)) - raft.server.retrycache.expirytime = 600000ms (custom)
2019-11-04 16:47:18,881 [pool-540-thread-1] INFO  impl.RaftServerImpl (RaftServerImpl.java:start(195)) - 18bcd373-7631-4e7c-b817-d7839f17bf5a@group-ACEA270DDECA: start as a follower, conf=-1: [18bcd373-7631-4e7c-b817-d7839f17bf5a:192.168.157.194:38252], old=null
2019-11-04 16:47:18,881 [pool-540-thread-1] INFO  impl.RaftServerImpl (RaftServerImpl.java:setRole(184)) - 18bcd373-7631-4e7c-b817-d7839f17bf5a@group-ACEA270DDECA: changes role from      null to FOLLOWER at term 0 for startAsFollower
2019-11-04 16:47:18,882 [pool-540-thread-1] INFO  impl.RoleInfo (RoleInfo.java:updateAndGet(143)) - 18bcd373-7631-4e7c-b817-d7839f17bf5a: start FollowerState
2019-11-04 16:47:18,882 [pool-540-thread-1] INFO  util.JmxRegister (JmxRegister.java:tryRegister(44)) - Successfully registered JMX Bean with object name Ratis:service=RaftServer,group=group-ACEA270DDECA,id=18bcd373-7631-4e7c-b817-d7839f17bf5a
2019-11-04 16:47:18,885 [RatisPipelineUtilsThread] INFO  pipeline.PipelineStateManager (PipelineStateManager.java:addPipeline(56)) - Created pipeline Pipeline[ Id: 770dddf1-51f3-4163-a795-acea270ddeca, Nodes: 18bcd373-7631-4e7c-b817-d7839f17bf5a{ip: 192.168.157.194, host: pr-hdds-1643-sn7dj-2043761873, networkLocation: /rack1, certSerialId: null}, Type:RATIS, Factor:ONE, State:OPEN]
2019-11-04 16:47:18,892 [grpc-default-executor-14] INFO  impl.RaftServerProxy (RaftServerProxy.java:addNew(89)) - d51bd7ac-8e91-4a16-849b-9fde6947cfce: addNew group-A79BF645CFD7:[d51bd7ac-8e91-4a16-849b-9fde6947cfce:192.168.157.194:38853] returns group-A79BF645CFD7:java.util.concurrent.CompletableFuture@e2cb6fa[Not completed]
2019-11-04 16:47:18,893 [pool-530-thread-1] INFO  impl.RaftServerImpl (RaftServerImpl.java:<init>(104)) - d51bd7ac-8e91-4a16-849b-9fde6947cfce: new RaftServerImpl for group-A79BF645CFD7:[d51bd7ac-8e91-4a16-849b-9fde6947cfce:192.168.157.194:38853] with ContainerStateMachine:uninitialized
2019-11-04 16:47:18,893 [pool-530-thread-1] INFO  server.RaftServerConfigKeys (ConfUtils.java:logGet(43)) - raft.server.rpc.timeout.min = 1s (custom)
2019-11-04 16:47:18,893 [pool-530-thread-1] INFO  server.RaftServerConfigKeys (ConfUtils.java:logGet(43)) - raft.server.rpc.timeout.max = 1200ms (custom)
2019-11-04 16:47:18,893 [pool-530-thread-1] INFO  server.RaftServerConfigKeys (ConfUtils.java:logGet(43)) - raft.server.rpcslowness.timeout = 120s (custom)
2019-11-04 16:47:18,893 [pool-530-thread-1] INFO  server.RaftServerConfigKeys (ConfUtils.java:logGet(43)) - raft.server.sleep.deviation.threshold = 300 (default)
2019-11-04 16:47:18,893 [pool-530-thread-1] INFO  server.RaftServerConfigKeys (ConfUtils.java:logGet(43)) - raft.server.log.appender.install.snapshot.enabled = false (custom)
2019-11-04 16:47:18,893 [pool-530-thread-1] INFO  impl.RaftServerImpl (ServerState.java:<init>(103)) - d51bd7ac-8e91-4a16-849b-9fde6947cfce@group-A79BF645CFD7: ConfigurationManager, init=-1: [d51bd7ac-8e91-4a16-849b-9fde6947cfce:192.168.157.194:38853], old=null, confs=<EMPTY_MAP>
2019-11-04 16:47:18,894 [pool-530-thread-1] INFO  server.RaftServerConfigKeys (ConfUtils.java:logGet(43)) - raft.server.storage.dir = [/workdir/hadoop-ozone/integration-test/target/test-dir/MiniOzoneClusterImpl-8e66254f-d6bc-40e7-ae2f-db5e1b2bb1f3/datanode-1/data/ratis] (custom)
2019-11-04 16:47:18,894 [pool-530-thread-1] INFO  server.RaftServerConfigKeys (ConfUtils.java:logGet(43)) - raft.server.log.corruption.policy = EXCEPTION (default)
2019-11-04 16:47:18,894 [pool-530-thread-1] INFO  storage.RaftStorageDirectory (RaftStorageDirectory.java:analyzeStorage(246)) - The storage directory /workdir/hadoop-ozone/integration-test/target/test-dir/MiniOzoneClusterImpl-8e66254f-d6bc-40e7-ae2f-db5e1b2bb1f3/datanode-1/data/ratis/34c5db2f-27fe-4fbf-a7d3-a79bf645cfd7 does not exist. Creating ...
2019-11-04 16:47:18,900 [Thread-24946] INFO  impl.FollowerState (FollowerState.java:run(108)) - 851b12f9-bfd6-4752-97e2-7b87bdb6f05b@group-69C3BC1E2AC7-FollowerState: change to CANDIDATE, lastRpcTime:137ms, electionTimeout:137ms
2019-11-04 16:47:18,901 [Thread-24946] INFO  impl.RoleInfo (RoleInfo.java:shutdownFollowerState(121)) - 851b12f9-bfd6-4752-97e2-7b87bdb6f05b: shutdown FollowerState
2019-11-04 16:47:18,901 [Thread-24946] INFO  impl.RaftServerImpl (RaftServerImpl.java:setRole(184)) - 851b12f9-bfd6-4752-97e2-7b87bdb6f05b@group-69C3BC1E2AC7: changes role from  FOLLOWER to CANDIDATE at term 0 for changeToCandidate
2019-11-04 16:47:18,901 [Thread-24946] INFO  impl.RoleInfo (RoleInfo.java:updateAndGet(143)) - 851b12f9-bfd6-4752-97e2-7b87bdb6f05b: start LeaderElection
2019-11-04 16:47:18,920 [pool-530-thread-1] INFO  storage.RaftStorageDirectory (RaftStorageDirectory.java:tryLock(328)) - Lock on /workdir/hadoop-ozone/integration-test/target/test-dir/MiniOzoneClusterImpl-8e66254f-d6bc-40e7-ae2f-db5e1b2bb1f3/datanode-1/data/ratis/34c5db2f-27fe-4fbf-a7d3-a79bf645cfd7/in_use.lock acquired by nodename 16190@pr-hdds-1643-sn7dj-2043761873
2019-11-04 16:47:18,921 [IPC Server handler 11 on 43667] INFO  net.NetworkTopology (NetworkTopologyImpl.java:add(111)) - Added a new node: /rack1/ad9dfb15-0321-4349-a9e1-29d9eb7275d5
2019-11-04 16:47:18,921 [IPC Server handler 11 on 43667] INFO  node.SCMNodeManager (SCMNodeManager.java:register(268)) - Registered Data node : ad9dfb15-0321-4349-a9e1-29d9eb7275d5{ip: 192.168.157.194, host: pr-hdds-1643-sn7dj-2043761873, networkLocation: /rack1, certSerialId: null}
2019-11-04 16:47:18,933 [pool-530-thread-1] INFO  storage.RaftStorage (RaftStorage.java:format(84)) - Storage directory /workdir/hadoop-ozone/integration-test/target/test-dir/MiniOzoneClusterImpl-8e66254f-d6bc-40e7-ae2f-db5e1b2bb1f3/datanode-1/data/ratis/34c5db2f-27fe-4fbf-a7d3-a79bf645cfd7 has been successfully formatted.
2019-11-04 16:47:18,933 [851b12f9-bfd6-4752-97e2-7b87bdb6f05b@group-69C3BC1E2AC7-LeaderElection3508] INFO  impl.LeaderElection (LeaderElection.java:askForVotes(178)) - 851b12f9-bfd6-4752-97e2-7b87bdb6f05b@group-69C3BC1E2AC7-LeaderElection3508: begin an election at term 1 for -1: [851b12f9-bfd6-4752-97e2-7b87bdb6f05b:192.168.157.194:39597], old=null
2019-11-04 16:47:18,933 [pool-530-thread-1] INFO  ratis.ContainerStateMachine (ContainerStateMachine.java:loadSnapshot(231)) - group-A79BF645CFD7: The snapshot info is null. Setting the last applied indexto:(t:0, i:~)
2019-11-04 16:47:18,933 [pool-530-thread-1] INFO  server.RaftServerConfigKeys (ConfUtils.java:logGet(43)) - raft.server.notification.no-leader.timeout = 120s (custom)
2019-11-04 16:47:18,933 [851b12f9-bfd6-4752-97e2-7b87bdb6f05b@group-69C3BC1E2AC7-LeaderElection3508] INFO  impl.RoleInfo (RoleInfo.java:shutdownLeaderElection(134)) - 851b12f9-bfd6-4752-97e2-7b87bdb6f05b: shutdown LeaderElection
2019-11-04 16:47:18,934 [pool-530-thread-1] INFO  server.RaftServerConfigKeys (ConfUtils.java:logGet(43)) - raft.server.log.use.memory = false (default)
2019-11-04 16:47:18,934 [851b12f9-bfd6-4752-97e2-7b87bdb6f05b@group-69C3BC1E2AC7-LeaderElection3508] INFO  impl.RaftServerImpl (RaftServerImpl.java:setRole(184)) - 851b12f9-bfd6-4752-97e2-7b87bdb6f05b@group-69C3BC1E2AC7: changes role from CANDIDATE to LEADER at term 1 for changeToLeader
2019-11-04 16:47:18,934 [pool-530-thread-1] INFO  server.RaftServerConfigKeys (ConfUtils.java:logGet(43)) - raft.server.log.purge.gap = 1000000 (custom)
2019-11-04 16:47:18,934 [851b12f9-bfd6-4752-97e2-7b87bdb6f05b@group-69C3BC1E2AC7-LeaderElection3508] INFO  impl.RaftServerImpl (ServerState.java:setLeader(256)) - 851b12f9-bfd6-4752-97e2-7b87bdb6f05b@group-69C3BC1E2AC7: change Leader from null to 851b12f9-bfd6-4752-97e2-7b87bdb6f05b at term 1 for becomeLeader, leader elected after 180ms
2019-11-04 16:47:18,934 [pool-530-thread-1] INFO  server.RaftServerConfigKeys (ConfUtils.java:logGet(43)) - raft.server.log.appender.buffer.byte-limit = 33554432 (custom)
2019-11-04 16:47:18,934 [851b12f9-bfd6-4752-97e2-7b87bdb6f05b@group-69C3BC1E2AC7-LeaderElection3508] INFO  server.RaftServerConfigKeys (ConfUtils.java:logGet(43)) - raft.server.staging.catchup.gap = 1000 (default)
2019-11-04 16:47:18,934 [pool-530-thread-1] INFO  server.RaftServerConfigKeys (ConfUtils.java:logGet(43)) - raft.server.log.segment.size.max = 1048576 (custom)
2019-11-04 16:47:18,934 [851b12f9-bfd6-4752-97e2-7b87bdb6f05b@group-69C3BC1E2AC7-LeaderElection3508] INFO  server.RaftServerConfigKeys (ConfUtils.java:logGet(43)) - raft.server.rpc.sleep.time = 25ms (default)
2019-11-04 16:47:18,935 [851b12f9-bfd6-4752-97e2-7b87bdb6f05b@group-69C3BC1E2AC7-LeaderElection3508] INFO  server.RaftServerConfigKeys (ConfUtils.java:logGet(43)) - raft.server.write.element-limit = 4096 (default)
2019-11-04 16:47:18,935 [851b12f9-bfd6-4752-97e2-7b87bdb6f05b@group-69C3BC1E2AC7-LeaderElection3508] INFO  server.RaftServerConfigKeys (ConfUtils.java:logGet(43)) - raft.server.watch.timeout = 10s (default)
2019-11-04 16:47:18,935 [851b12f9-bfd6-4752-97e2-7b87bdb6f05b@group-69C3BC1E2AC7-LeaderElection3508] INFO  server.RaftServerConfigKeys (ConfUtils.java:logGet(43)) - raft.server.watch.timeout.denomination = 1s (default)
2019-11-04 16:47:18,935 [851b12f9-bfd6-4752-97e2-7b87bdb6f05b@group-69C3BC1E2AC7-LeaderElection3508] INFO  server.RaftServerConfigKeys (ConfUtils.java:logGet(43)) - raft.server.watch.element-limit = 65536 (default)
2019-11-04 16:47:18,936 [pool-530-thread-1] INFO  server.RaftServerConfigKeys (ConfUtils.java:logGet(43)) - raft.server.log.segment.cache.num.max = 2 (custom)
2019-11-04 16:47:18,936 [pool-530-thread-1] INFO  segmented.SegmentedRaftLogWorker (SegmentedRaftLogWorker.java:<init>(173)) - new d51bd7ac-8e91-4a16-849b-9fde6947cfce@group-A79BF645CFD7-SegmentedRaftLogWorker for RaftStorage:Storage Directory /workdir/hadoop-ozone/integration-test/target/test-dir/MiniOzoneClusterImpl-8e66254f-d6bc-40e7-ae2f-db5e1b2bb1f3/datanode-1/data/ratis/34c5db2f-27fe-4fbf-a7d3-a79bf645cfd7
2019-11-04 16:47:18,936 [pool-530-thread-1] INFO  server.RaftServerConfigKeys (ConfUtils.java:logGet(43)) - raft.server.log.queue.byte-limit = 2147483647 (custom)
2019-11-04 16:47:18,936 [pool-530-thread-1] INFO  server.RaftServerConfigKeys (ConfUtils.java:logGet(43)) - raft.server.log.queue.element-limit = 1024 (custom)
2019-11-04 16:47:18,936 [pool-530-thread-1] INFO  server.RaftServerConfigKeys (ConfUtils.java:logGet(43)) - raft.server.log.segment.size.max = 1048576 (custom)
2019-11-04 16:47:18,936 [pool-530-thread-1] INFO  server.RaftServerConfigKeys (ConfUtils.java:logGet(43)) - raft.server.log.preallocated.size = 16384 (custom)
2019-11-04 16:47:18,936 [pool-530-thread-1] INFO  server.RaftServerConfigKeys (ConfUtils.java:logGet(43)) - raft.server.log.write.buffer.size = 33554432 (custom)
2019-11-04 16:47:18,936 [pool-530-thread-1] INFO  server.RaftServerConfigKeys (ConfUtils.java:logGet(43)) - raft.server.log.force.sync.num = 128 (default)
2019-11-04 16:47:18,936 [pool-530-thread-1] INFO  server.RaftServerConfigKeys (ConfUtils.java:logGet(43)) - raft.server.log.statemachine.data.sync = true (default)
2019-11-04 16:47:18,937 [851b12f9-bfd6-4752-97e2-7b87bdb6f05b@group-69C3BC1E2AC7-LeaderElection3508] INFO  impl.RoleInfo (RoleInfo.java:updateAndGet(143)) - 851b12f9-bfd6-4752-97e2-7b87bdb6f05b: start LeaderState
2019-11-04 16:47:18,937 [pool-530-thread-1] INFO  server.RaftServerConfigKeys (ConfUtils.java:logGet(43)) - raft.server.log.statemachine.data.sync.timeout = 10s (default)
2019-11-04 16:47:18,937 [pool-530-thread-1] INFO  server.RaftServerConfigKeys (ConfUtils.java:logGet(43)) - raft.server.log.statemachine.data.sync.timeout.retry = -1 (default)
2019-11-04 16:47:18,937 [851b12f9-bfd6-4752-97e2-7b87bdb6f05b@group-69C3BC1E2AC7-LeaderElection3508] INFO  segmented.SegmentedRaftLogWorker (SegmentedRaftLogWorker.java:startLogSegment(385)) - 851b12f9-bfd6-4752-97e2-7b87bdb6f05b@group-69C3BC1E2AC7-SegmentedRaftLogWorker: Starting segment from index:0
2019-11-04 16:47:18,937 [pool-530-thread-1] INFO  server.RaftServerConfigKeys (ConfUtils.java:logGet(43)) - raft.server.log.statemachine.data.caching.enabled = true (custom)
2019-11-04 16:47:18,937 [pool-530-thread-1] INFO  segmented.SegmentedRaftLogWorker (SegmentedRaftLogWorker.java:lambda$new$0(128)) - d51bd7ac-8e91-4a16-849b-9fde6947cfce@group-A79BF645CFD7-SegmentedRaftLogWorker: flushIndex: setUnconditionally 0 -> -1
2019-11-04 16:47:18,937 [851b12f9-bfd6-4752-97e2-7b87bdb6f05b@group-69C3BC1E2AC7-LeaderElection3508] INFO  impl.RaftServerImpl (ServerState.java:setRaftConf(357)) - 851b12f9-bfd6-4752-97e2-7b87bdb6f05b@group-69C3BC1E2AC7: set configuration 0: [851b12f9-bfd6-4752-97e2-7b87bdb6f05b:192.168.157.194:39597], old=null at 0
2019-11-04 16:47:18,970 [Thread-24949] INFO  impl.FollowerState (FollowerState.java:run(108)) - 693d1277-6dfc-424e-94e6-a87b40f9160b@group-193AEACDA84C-FollowerState: change to CANDIDATE, lastRpcTime:136ms, electionTimeout:132ms
2019-11-04 16:47:18,971 [Thread-24949] INFO  impl.RoleInfo (RoleInfo.java:shutdownFollowerState(121)) - 693d1277-6dfc-424e-94e6-a87b40f9160b: shutdown FollowerState
2019-11-04 16:47:18,971 [Thread-24949] INFO  impl.RaftServerImpl (RaftServerImpl.java:setRole(184)) - 693d1277-6dfc-424e-94e6-a87b40f9160b@group-193AEACDA84C: changes role from  FOLLOWER to CANDIDATE at term 0 for changeToCandidate
2019-11-04 16:47:18,971 [Thread-24949] INFO  impl.RoleInfo (RoleInfo.java:updateAndGet(143)) - 693d1277-6dfc-424e-94e6-a87b40f9160b: start LeaderElection
2019-11-04 16:47:18,974 [Thread-24952] INFO  impl.FollowerState (FollowerState.java:run(108)) - 18bcd373-7631-4e7c-b817-d7839f17bf5a@group-ACEA270DDECA-FollowerState: change to CANDIDATE, lastRpcTime:92ms, electionTimeout:91ms
2019-11-04 16:47:18,974 [pool-530-thread-1] INFO  server.RaftServerConfigKeys (ConfUtils.java:logGet(43)) - raft.server.snapshot.auto.trigger.enabled = true (custom)
2019-11-04 16:47:18,974 [Thread-24952] INFO  impl.RoleInfo (RoleInfo.java:shutdownFollowerState(121)) - 18bcd373-7631-4e7c-b817-d7839f17bf5a: shutdown FollowerState
2019-11-04 16:47:18,974 [pool-530-thread-1] INFO  server.RaftServerConfigKeys (ConfUtils.java:logGet(43)) - raft.server.snapshot.auto.trigger.threshold = 10000 (custom)
2019-11-04 16:47:18,975 [Thread-24952] INFO  impl.RaftServerImpl (RaftServerImpl.java:setRole(184)) - 18bcd373-7631-4e7c-b817-d7839f17bf5a@group-ACEA270DDECA: changes role from  FOLLOWER to CANDIDATE at term 0 for changeToCandidate
2019-11-04 16:47:18,975 [pool-530-thread-1] INFO  server.RaftServerConfigKeys (ConfUtils.java:logGet(43)) - raft.server.snapshot.retention.file.num = 5 (custom)
2019-11-04 16:47:18,975 [Thread-24952] INFO  impl.RoleInfo (RoleInfo.java:updateAndGet(143)) - 18bcd373-7631-4e7c-b817-d7839f17bf5a: start LeaderElection
2019-11-04 16:47:18,975 [pool-530-thread-1] INFO  server.RaftServerConfigKeys (ConfUtils.java:logGet(43)) - raft.server.retrycache.expirytime = 600000ms (custom)
2019-11-04 16:47:18,979 [pool-530-thread-1] INFO  impl.RaftServerImpl (RaftServerImpl.java:start(195)) - d51bd7ac-8e91-4a16-849b-9fde6947cfce@group-A79BF645CFD7: start as a follower, conf=-1: [d51bd7ac-8e91-4a16-849b-9fde6947cfce:192.168.157.194:38853], old=null
2019-11-04 16:47:18,979 [pool-530-thread-1] INFO  impl.RaftServerImpl (RaftServerImpl.java:setRole(184)) - d51bd7ac-8e91-4a16-849b-9fde6947cfce@group-A79BF645CFD7: changes role from      null to FOLLOWER at term 0 for startAsFollower
2019-11-04 16:47:18,979 [pool-530-thread-1] INFO  impl.RoleInfo (RoleInfo.java:updateAndGet(143)) - d51bd7ac-8e91-4a16-849b-9fde6947cfce: start FollowerState
2019-11-04 16:47:18,980 [pool-530-thread-1] INFO  util.JmxRegister (JmxRegister.java:tryRegister(44)) - Successfully registered JMX Bean with object name Ratis:service=RaftServer,group=group-A79BF645CFD7,id=d51bd7ac-8e91-4a16-849b-9fde6947cfce
2019-11-04 16:47:18,983 [RatisPipelineUtilsThread] INFO  pipeline.PipelineStateManager (PipelineStateManager.java:addPipeline(56)) - Created pipeline Pipeline[ Id: 34c5db2f-27fe-4fbf-a7d3-a79bf645cfd7, Nodes: d51bd7ac-8e91-4a16-849b-9fde6947cfce{ip: 192.168.157.194, host: pr-hdds-1643-sn7dj-2043761873, networkLocation: /rack1, certSerialId: null}, Type:RATIS, Factor:ONE, State:OPEN]
2019-11-04 16:47:18,985 [851b12f9-bfd6-4752-97e2-7b87bdb6f05b@group-69C3BC1E2AC7-SegmentedRaftLogWorker] INFO  segmented.SegmentedRaftLogWorker (SegmentedRaftLogWorker.java:execute(576)) - 851b12f9-bfd6-4752-97e2-7b87bdb6f05b@group-69C3BC1E2AC7-SegmentedRaftLogWorker: created new log segment /workdir/hadoop-ozone/integration-test/target/test-dir/MiniOzoneClusterImpl-8e66254f-d6bc-40e7-ae2f-db5e1b2bb1f3/datanode-0/data/ratis/1de8c4a3-5265-4b5f-89c6-69c3bc1e2ac7/current/log_inprogress_0
2019-11-04 16:47:18,985 [693d1277-6dfc-424e-94e6-a87b40f9160b@group-193AEACDA84C-LeaderElection3509] INFO  impl.LeaderElection (LeaderElection.java:askForVotes(178)) - 693d1277-6dfc-424e-94e6-a87b40f9160b@group-193AEACDA84C-LeaderElection3509: begin an election at term 1 for -1: [693d1277-6dfc-424e-94e6-a87b40f9160b:192.168.157.194:33365], old=null
2019-11-04 16:47:18,985 [18bcd373-7631-4e7c-b817-d7839f17bf5a@group-ACEA270DDECA-LeaderElection3510] INFO  impl.LeaderElection (LeaderElection.java:askForVotes(178)) - 18bcd373-7631-4e7c-b817-d7839f17bf5a@group-ACEA270DDECA-LeaderElection3510: begin an election at term 1 for -1: [18bcd373-7631-4e7c-b817-d7839f17bf5a:192.168.157.194:38252], old=null
2019-11-04 16:47:18,986 [693d1277-6dfc-424e-94e6-a87b40f9160b@group-193AEACDA84C-LeaderElection3509] INFO  impl.RoleInfo (RoleInfo.java:shutdownLeaderElection(134)) - 693d1277-6dfc-424e-94e6-a87b40f9160b: shutdown LeaderElection
2019-11-04 16:47:18,986 [693d1277-6dfc-424e-94e6-a87b40f9160b@group-193AEACDA84C-LeaderElection3509] INFO  impl.RaftServerImpl (RaftServerImpl.java:setRole(184)) - 693d1277-6dfc-424e-94e6-a87b40f9160b@group-193AEACDA84C: changes role from CANDIDATE to LEADER at term 1 for changeToLeader
2019-11-04 16:47:18,986 [693d1277-6dfc-424e-94e6-a87b40f9160b@group-193AEACDA84C-LeaderElection3509] INFO  impl.RaftServerImpl (ServerState.java:setLeader(256)) - 693d1277-6dfc-424e-94e6-a87b40f9160b@group-193AEACDA84C: change Leader from null to 693d1277-6dfc-424e-94e6-a87b40f9160b at term 1 for becomeLeader, leader elected after 158ms
2019-11-04 16:47:18,986 [18bcd373-7631-4e7c-b817-d7839f17bf5a@group-ACEA270DDECA-LeaderElection3510] INFO  impl.RoleInfo (RoleInfo.java:shutdownLeaderElection(134)) - 18bcd373-7631-4e7c-b817-d7839f17bf5a: shutdown LeaderElection
2019-11-04 16:47:18,986 [693d1277-6dfc-424e-94e6-a87b40f9160b@group-193AEACDA84C-LeaderElection3509] INFO  server.RaftServerConfigKeys (ConfUtils.java:logGet(43)) - raft.server.staging.catchup.gap = 1000 (default)
2019-11-04 16:47:18,986 [18bcd373-7631-4e7c-b817-d7839f17bf5a@group-ACEA270DDECA-LeaderElection3510] INFO  impl.RaftServerImpl (RaftServerImpl.java:setRole(184)) - 18bcd373-7631-4e7c-b817-d7839f17bf5a@group-ACEA270DDECA: changes role from CANDIDATE to LEADER at term 1 for changeToLeader
2019-11-04 16:47:18,986 [693d1277-6dfc-424e-94e6-a87b40f9160b@group-193AEACDA84C-LeaderElection3509] INFO  server.RaftServerConfigKeys (ConfUtils.java:logGet(43)) - raft.server.rpc.sleep.time = 25ms (default)
2019-11-04 16:47:18,986 [18bcd373-7631-4e7c-b817-d7839f17bf5a@group-ACEA270DDECA-LeaderElection3510] INFO  impl.RaftServerImpl (ServerState.java:setLeader(256)) - 18bcd373-7631-4e7c-b817-d7839f17bf5a@group-ACEA270DDECA: change Leader from null to 18bcd373-7631-4e7c-b817-d7839f17bf5a at term 1 for becomeLeader, leader elected after 112ms
2019-11-04 16:47:18,986 [693d1277-6dfc-424e-94e6-a87b40f9160b@group-193AEACDA84C-LeaderElection3509] INFO  server.RaftServerConfigKeys (ConfUtils.java:logGet(43)) - raft.server.write.element-limit = 4096 (default)
2019-11-04 16:47:18,986 [18bcd373-7631-4e7c-b817-d7839f17bf5a@group-ACEA270DDECA-LeaderElection3510] INFO  server.RaftServerConfigKeys (ConfUtils.java:logGet(43)) - raft.server.staging.catchup.gap = 1000 (default)
2019-11-04 16:47:18,986 [693d1277-6dfc-424e-94e6-a87b40f9160b@group-193AEACDA84C-LeaderElection3509] INFO  server.RaftServerConfigKeys (ConfUtils.java:logGet(43)) - raft.server.watch.timeout = 10s (default)
2019-11-04 16:47:18,986 [18bcd373-7631-4e7c-b817-d7839f17bf5a@group-ACEA270DDECA-LeaderElection3510] INFO  server.RaftServerConfigKeys (ConfUtils.java:logGet(43)) - raft.server.rpc.sleep.time = 25ms (default)
2019-11-04 16:47:18,987 [693d1277-6dfc-424e-94e6-a87b40f9160b@group-193AEACDA84C-LeaderElection3509] INFO  server.RaftServerConfigKeys (ConfUtils.java:logGet(43)) - raft.server.watch.timeout.denomination = 1s (default)
2019-11-04 16:47:18,987 [693d1277-6dfc-424e-94e6-a87b40f9160b@group-193AEACDA84C-LeaderElection3509] INFO  server.RaftServerConfigKeys (ConfUtils.java:logGet(43)) - raft.server.watch.element-limit = 65536 (default)
2019-11-04 16:47:18,987 [18bcd373-7631-4e7c-b817-d7839f17bf5a@group-ACEA270DDECA-LeaderElection3510] INFO  server.RaftServerConfigKeys (ConfUtils.java:logGet(43)) - raft.server.write.element-limit = 4096 (default)
2019-11-04 16:47:18,987 [18bcd373-7631-4e7c-b817-d7839f17bf5a@group-ACEA270DDECA-LeaderElection3510] INFO  server.RaftServerConfigKeys (ConfUtils.java:logGet(43)) - raft.server.watch.timeout = 10s (default)
2019-11-04 16:47:18,987 [18bcd373-7631-4e7c-b817-d7839f17bf5a@group-ACEA270DDECA-LeaderElection3510] INFO  server.RaftServerConfigKeys (ConfUtils.java:logGet(43)) - raft.server.watch.timeout.denomination = 1s (default)
2019-11-04 16:47:18,987 [18bcd373-7631-4e7c-b817-d7839f17bf5a@group-ACEA270DDECA-LeaderElection3510] INFO  server.RaftServerConfigKeys (ConfUtils.java:logGet(43)) - raft.server.watch.element-limit = 65536 (default)
2019-11-04 16:47:18,990 [grpc-default-executor-14] INFO  impl.RaftServerProxy (RaftServerProxy.java:addNew(89)) - 1b28f8eb-8aa4-4d14-8ba1-b6ff2630fcd0: addNew group-25CD2F99C4CD:[1b28f8eb-8aa4-4d14-8ba1-b6ff2630fcd0:192.168.157.194:38874] returns group-25CD2F99C4CD:java.util.concurrent.CompletableFuture@58c6608e[Not completed]
2019-11-04 16:47:18,991 [693d1277-6dfc-424e-94e6-a87b40f9160b@group-193AEACDA84C-LeaderElection3509] INFO  impl.RoleInfo (RoleInfo.java:updateAndGet(143)) - 693d1277-6dfc-424e-94e6-a87b40f9160b: start LeaderState
2019-11-04 16:47:18,992 [693d1277-6dfc-424e-94e6-a87b40f9160b@group-193AEACDA84C-LeaderElection3509] INFO  segmented.SegmentedRaftLogWorker (SegmentedRaftLogWorker.java:startLogSegment(385)) - 693d1277-6dfc-424e-94e6-a87b40f9160b@group-193AEACDA84C-SegmentedRaftLogWorker: Starting segment from index:0
2019-11-04 16:47:18,992 [pool-560-thread-1] INFO  impl.RaftServerImpl (RaftServerImpl.java:<init>(104)) - 1b28f8eb-8aa4-4d14-8ba1-b6ff2630fcd0: new RaftServerImpl for group-25CD2F99C4CD:[1b28f8eb-8aa4-4d14-8ba1-b6ff2630fcd0:192.168.157.194:38874] with ContainerStateMachine:uninitialized
2019-11-04 16:47:18,992 [693d1277-6dfc-424e-94e6-a87b40f9160b@group-193AEACDA84C-LeaderElection3509] INFO  impl.RaftServerImpl (ServerState.java:setRaftConf(357)) - 693d1277-6dfc-424e-94e6-a87b40f9160b@group-193AEACDA84C: set configuration 0: [693d1277-6dfc-424e-94e6-a87b40f9160b:192.168.157.194:33365], old=null at 0
2019-11-04 16:47:18,992 [18bcd373-7631-4e7c-b817-d7839f17bf5a@group-ACEA270DDECA-LeaderElection3510] INFO  impl.RoleInfo (RoleInfo.java:updateAndGet(143)) - 18bcd373-7631-4e7c-b817-d7839f17bf5a: start LeaderState
2019-11-04 16:47:18,992 [pool-560-thread-1] INFO  server.RaftServerConfigKeys (ConfUtils.java:logGet(43)) - raft.server.rpc.timeout.min = 1s (custom)
2019-11-04 16:47:19,031 [18bcd373-7631-4e7c-b817-d7839f17bf5a@group-ACEA270DDECA-LeaderElection3510] INFO  segmented.SegmentedRaftLogWorker (SegmentedRaftLogWorker.java:startLogSegment(385)) - 18bcd373-7631-4e7c-b817-d7839f17bf5a@group-ACEA270DDECA-SegmentedRaftLogWorker: Starting segment from index:0
2019-11-04 16:47:19,032 [pool-560-thread-1] INFO  server.RaftServerConfigKeys (ConfUtils.java:logGet(43)) - raft.server.rpc.timeout.max = 1200ms (custom)
2019-11-04 16:47:19,032 [pool-560-thread-1] INFO  server.RaftServerConfigKeys (ConfUtils.java:logGet(43)) - raft.server.rpcslowness.timeout = 120s (custom)
2019-11-04 16:47:19,032 [18bcd373-7631-4e7c-b817-d7839f17bf5a@group-ACEA270DDECA-LeaderElection3510] INFO  impl.RaftServerImpl (ServerState.java:setRaftConf(357)) - 18bcd373-7631-4e7c-b817-d7839f17bf5a@group-ACEA270DDECA: set configuration 0: [18bcd373-7631-4e7c-b817-d7839f17bf5a:192.168.157.194:38252], old=null at 0
2019-11-04 16:47:19,032 [IPC Server handler 2 on 43667] INFO  net.NetworkTopology (NetworkTopologyImpl.java:add(111)) - Added a new node: /rack1/7fc3dcce-a523-45fc-b6d6-b2bad08ce4da
2019-11-04 16:47:19,032 [pool-560-thread-1] INFO  server.RaftServerConfigKeys (ConfUtils.java:logGet(43)) - raft.server.sleep.deviation.threshold = 300 (default)
2019-11-04 16:47:19,033 [IPC Server handler 2 on 43667] INFO  node.SCMNodeManager (SCMNodeManager.java:register(268)) - Registered Data node : 7fc3dcce-a523-45fc-b6d6-b2bad08ce4da{ip: 192.168.157.194, host: pr-hdds-1643-sn7dj-2043761873, networkLocation: /rack1, certSerialId: null}
2019-11-04 16:47:19,033 [pool-560-thread-1] INFO  server.RaftServerConfigKeys (ConfUtils.java:logGet(43)) - raft.server.log.appender.install.snapshot.enabled = false (custom)
2019-11-04 16:47:19,033 [pool-560-thread-1] INFO  impl.RaftServerImpl (ServerState.java:<init>(103)) - 1b28f8eb-8aa4-4d14-8ba1-b6ff2630fcd0@group-25CD2F99C4CD: ConfigurationManager, init=-1: [1b28f8eb-8aa4-4d14-8ba1-b6ff2630fcd0:192.168.157.194:38874], old=null, confs=<EMPTY_MAP>
2019-11-04 16:47:19,033 [pool-560-thread-1] INFO  server.RaftServerConfigKeys (ConfUtils.java:logGet(43)) - raft.server.storage.dir = [/workdir/hadoop-ozone/integration-test/target/test-dir/MiniOzoneClusterImpl-8e66254f-d6bc-40e7-ae2f-db5e1b2bb1f3/datanode-4/data/ratis] (custom)
2019-11-04 16:47:19,034 [pool-560-thread-1] INFO  server.RaftServerConfigKeys (ConfUtils.java:logGet(43)) - raft.server.log.corruption.policy = EXCEPTION (default)
2019-11-04 16:47:19,067 [693d1277-6dfc-424e-94e6-a87b40f9160b@group-193AEACDA84C-SegmentedRaftLogWorker] INFO  segmented.SegmentedRaftLogWorker (SegmentedRaftLogWorker.java:execute(576)) - 693d1277-6dfc-424e-94e6-a87b40f9160b@group-193AEACDA84C-SegmentedRaftLogWorker: created new log segment /workdir/hadoop-ozone/integration-test/target/test-dir/MiniOzoneClusterImpl-8e66254f-d6bc-40e7-ae2f-db5e1b2bb1f3/datanode-3/data/ratis/314378cc-0e41-4811-a85f-193aeacda84c/current/log_inprogress_0
2019-11-04 16:47:19,067 [pool-560-thread-1] INFO  storage.RaftStorageDirectory (RaftStorageDirectory.java:analyzeStorage(246)) - The storage directory /workdir/hadoop-ozone/integration-test/target/test-dir/MiniOzoneClusterImpl-8e66254f-d6bc-40e7-ae2f-db5e1b2bb1f3/datanode-4/data/ratis/afab15a9-5a04-4c1b-b952-25cd2f99c4cd does not exist. Creating ...
2019-11-04 16:47:19,068 [IPC Server handler 3 on 43667] INFO  net.NetworkTopology (NetworkTopologyImpl.java:add(111)) - Added a new node: /rack1/2911c1bb-ca7b-4253-a902-f80f167657b1
2019-11-04 16:47:19,068 [IPC Server handler 3 on 43667] INFO  node.SCMNodeManager (SCMNodeManager.java:register(268)) - Registered Data node : 2911c1bb-ca7b-4253-a902-f80f167657b1{ip: 192.168.157.194, host: pr-hdds-1643-sn7dj-2043761873, networkLocation: /rack1, certSerialId: null}
2019-11-04 16:47:19,080 [pool-560-thread-1] INFO  storage.RaftStorageDirectory (RaftStorageDirectory.java:tryLock(328)) - Lock on /workdir/hadoop-ozone/integration-test/target/test-dir/MiniOzoneClusterImpl-8e66254f-d6bc-40e7-ae2f-db5e1b2bb1f3/datanode-4/data/ratis/afab15a9-5a04-4c1b-b952-25cd2f99c4cd/in_use.lock acquired by nodename 16190@pr-hdds-1643-sn7dj-2043761873
2019-11-04 16:47:19,080 [18bcd373-7631-4e7c-b817-d7839f17bf5a@group-ACEA270DDECA-SegmentedRaftLogWorker] INFO  segmented.SegmentedRaftLogWorker (SegmentedRaftLogWorker.java:execute(576)) - 18bcd373-7631-4e7c-b817-d7839f17bf5a@group-ACEA270DDECA-SegmentedRaftLogWorker: created new log segment /workdir/hadoop-ozone/integration-test/target/test-dir/MiniOzoneClusterImpl-8e66254f-d6bc-40e7-ae2f-db5e1b2bb1f3/datanode-2/data/ratis/770dddf1-51f3-4163-a795-acea270ddeca/current/log_inprogress_0
2019-11-04 16:47:19,093 [pool-560-thread-1] INFO  storage.RaftStorage (RaftStorage.java:format(84)) - Storage directory /workdir/hadoop-ozone/integration-test/target/test-dir/MiniOzoneClusterImpl-8e66254f-d6bc-40e7-ae2f-db5e1b2bb1f3/datanode-4/data/ratis/afab15a9-5a04-4c1b-b952-25cd2f99c4cd has been successfully formatted.
2019-11-04 16:47:19,093 [pool-560-thread-1] INFO  ratis.ContainerStateMachine (ContainerStateMachine.java:loadSnapshot(231)) - group-25CD2F99C4CD: The snapshot info is null. Setting the last applied indexto:(t:0, i:~)
2019-11-04 16:47:19,094 [pool-560-thread-1] INFO  server.RaftServerConfigKeys (ConfUtils.java:logGet(43)) - raft.server.notification.no-leader.timeout = 120s (custom)
2019-11-04 16:47:19,094 [pool-560-thread-1] INFO  server.RaftServerConfigKeys (ConfUtils.java:logGet(43)) - raft.server.log.use.memory = false (default)
2019-11-04 16:47:19,094 [pool-560-thread-1] INFO  server.RaftServerConfigKeys (ConfUtils.java:logGet(43)) - raft.server.log.purge.gap = 1000000 (custom)
2019-11-04 16:47:19,094 [pool-560-thread-1] INFO  server.RaftServerConfigKeys (ConfUtils.java:logGet(43)) - raft.server.log.appender.buffer.byte-limit = 33554432 (custom)
2019-11-04 16:47:19,094 [pool-560-thread-1] INFO  server.RaftServerConfigKeys (ConfUtils.java:logGet(43)) - raft.server.log.segment.size.max = 1048576 (custom)
2019-11-04 16:47:19,095 [pool-560-thread-1] INFO  server.RaftServerConfigKeys (ConfUtils.java:logGet(43)) - raft.server.log.segment.cache.num.max = 2 (custom)
2019-11-04 16:47:19,095 [pool-560-thread-1] INFO  segmented.SegmentedRaftLogWorker (SegmentedRaftLogWorker.java:<init>(173)) - new 1b28f8eb-8aa4-4d14-8ba1-b6ff2630fcd0@group-25CD2F99C4CD-SegmentedRaftLogWorker for RaftStorage:Storage Directory /workdir/hadoop-ozone/integration-test/target/test-dir/MiniOzoneClusterImpl-8e66254f-d6bc-40e7-ae2f-db5e1b2bb1f3/datanode-4/data/ratis/afab15a9-5a04-4c1b-b952-25cd2f99c4cd
2019-11-04 16:47:19,095 [pool-560-thread-1] INFO  server.RaftServerConfigKeys (ConfUtils.java:logGet(43)) - raft.server.log.queue.byte-limit = 2147483647 (custom)
2019-11-04 16:47:19,095 [pool-560-thread-1] INFO  server.RaftServerConfigKeys (ConfUtils.java:logGet(43)) - raft.server.log.queue.element-limit = 1024 (custom)
2019-11-04 16:47:19,095 [pool-560-thread-1] INFO  server.RaftServerConfigKeys (ConfUtils.java:logGet(43)) - raft.server.log.segment.size.max = 1048576 (custom)
2019-11-04 16:47:19,095 [pool-560-thread-1] INFO  server.RaftServerConfigKeys (ConfUtils.java:logGet(43)) - raft.server.log.preallocated.size = 16384 (custom)
2019-11-04 16:47:19,096 [pool-560-thread-1] INFO  server.RaftServerConfigKeys (ConfUtils.java:logGet(43)) - raft.server.log.write.buffer.size = 33554432 (custom)
2019-11-04 16:47:19,096 [pool-560-thread-1] INFO  server.RaftServerConfigKeys (ConfUtils.java:logGet(43)) - raft.server.log.force.sync.num = 128 (default)
2019-11-04 16:47:19,096 [pool-560-thread-1] INFO  server.RaftServerConfigKeys (ConfUtils.java:logGet(43)) - raft.server.log.statemachine.data.sync = true (default)
2019-11-04 16:47:19,096 [pool-560-thread-1] INFO  server.RaftServerConfigKeys (ConfUtils.java:logGet(43)) - raft.server.log.statemachine.data.sync.timeout = 10s (default)
2019-11-04 16:47:19,096 [pool-560-thread-1] INFO  server.RaftServerConfigKeys (ConfUtils.java:logGet(43)) - raft.server.log.statemachine.data.sync.timeout.retry = -1 (default)
2019-11-04 16:47:19,096 [pool-560-thread-1] INFO  server.RaftServerConfigKeys (ConfUtils.java:logGet(43)) - raft.server.log.statemachine.data.caching.enabled = true (custom)
2019-11-04 16:47:19,096 [pool-560-thread-1] INFO  segmented.SegmentedRaftLogWorker (SegmentedRaftLogWorker.java:lambda$new$0(128)) - 1b28f8eb-8aa4-4d14-8ba1-b6ff2630fcd0@group-25CD2F99C4CD-SegmentedRaftLogWorker: flushIndex: setUnconditionally 0 -> -1
2019-11-04 16:47:19,096 [pool-560-thread-1] INFO  server.RaftServerConfigKeys (ConfUtils.java:logGet(43)) - raft.server.snapshot.auto.trigger.enabled = true (custom)
2019-11-04 16:47:19,096 [pool-560-thread-1] INFO  server.RaftServerConfigKeys (ConfUtils.java:logGet(43)) - raft.server.snapshot.auto.trigger.threshold = 10000 (custom)
2019-11-04 16:47:19,097 [pool-560-thread-1] INFO  server.RaftServerConfigKeys (ConfUtils.java:logGet(43)) - raft.server.snapshot.retention.file.num = 5 (custom)
2019-11-04 16:47:19,097 [pool-560-thread-1] INFO  server.RaftServerConfigKeys (ConfUtils.java:logGet(43)) - raft.server.retrycache.expirytime = 600000ms (custom)
2019-11-04 16:47:19,098 [pool-560-thread-1] INFO  impl.RaftServerImpl (RaftServerImpl.java:start(195)) - 1b28f8eb-8aa4-4d14-8ba1-b6ff2630fcd0@group-25CD2F99C4CD: start as a follower, conf=-1: [1b28f8eb-8aa4-4d14-8ba1-b6ff2630fcd0:192.168.157.194:38874], old=null
2019-11-04 16:47:19,098 [pool-560-thread-1] INFO  impl.RaftServerImpl (RaftServerImpl.java:setRole(184)) - 1b28f8eb-8aa4-4d14-8ba1-b6ff2630fcd0@group-25CD2F99C4CD: changes role from      null to FOLLOWER at term 0 for startAsFollower
2019-11-04 16:47:19,099 [pool-560-thread-1] INFO  impl.RoleInfo (RoleInfo.java:updateAndGet(143)) - 1b28f8eb-8aa4-4d14-8ba1-b6ff2630fcd0: start FollowerState
2019-11-04 16:47:19,099 [pool-560-thread-1] INFO  util.JmxRegister (JmxRegister.java:tryRegister(44)) - Successfully registered JMX Bean with object name Ratis:service=RaftServer,group=group-25CD2F99C4CD,id=1b28f8eb-8aa4-4d14-8ba1-b6ff2630fcd0
2019-11-04 16:47:19,101 [RatisPipelineUtilsThread] INFO  pipeline.PipelineStateManager (PipelineStateManager.java:addPipeline(56)) - Created pipeline Pipeline[ Id: afab15a9-5a04-4c1b-b952-25cd2f99c4cd, Nodes: 1b28f8eb-8aa4-4d14-8ba1-b6ff2630fcd0{ip: 192.168.157.194, host: pr-hdds-1643-sn7dj-2043761873, networkLocation: /rack1, certSerialId: null}, Type:RATIS, Factor:ONE, State:OPEN]
2019-11-04 16:47:19,107 [grpc-default-executor-14] INFO  impl.RaftServerProxy (RaftServerProxy.java:addNew(89)) - 7fc3dcce-a523-45fc-b6d6-b2bad08ce4da: addNew group-577EACC547DA:[7fc3dcce-a523-45fc-b6d6-b2bad08ce4da:192.168.157.194:35647] returns group-577EACC547DA:java.util.concurrent.CompletableFuture@6f54cc2a[Not completed]
2019-11-04 16:47:19,108 [pool-580-thread-1] INFO  impl.RaftServerImpl (RaftServerImpl.java:<init>(104)) - 7fc3dcce-a523-45fc-b6d6-b2bad08ce4da: new RaftServerImpl for group-577EACC547DA:[7fc3dcce-a523-45fc-b6d6-b2bad08ce4da:192.168.157.194:35647] with ContainerStateMachine:uninitialized
2019-11-04 16:47:19,109 [pool-580-thread-1] INFO  server.RaftServerConfigKeys (ConfUtils.java:logGet(43)) - raft.server.rpc.timeout.min = 1s (custom)
2019-11-04 16:47:19,109 [pool-580-thread-1] INFO  server.RaftServerConfigKeys (ConfUtils.java:logGet(43)) - raft.server.rpc.timeout.max = 1200ms (custom)
2019-11-04 16:47:19,109 [pool-580-thread-1] INFO  server.RaftServerConfigKeys (ConfUtils.java:logGet(43)) - raft.server.rpcslowness.timeout = 120s (custom)
2019-11-04 16:47:19,109 [pool-580-thread-1] INFO  server.RaftServerConfigKeys (ConfUtils.java:logGet(43)) - raft.server.sleep.deviation.threshold = 300 (default)
2019-11-04 16:47:19,109 [pool-580-thread-1] INFO  server.RaftServerConfigKeys (ConfUtils.java:logGet(43)) - raft.server.log.appender.install.snapshot.enabled = false (custom)
2019-11-04 16:47:19,109 [pool-580-thread-1] INFO  impl.RaftServerImpl (ServerState.java:<init>(103)) - 7fc3dcce-a523-45fc-b6d6-b2bad08ce4da@group-577EACC547DA: ConfigurationManager, init=-1: [7fc3dcce-a523-45fc-b6d6-b2bad08ce4da:192.168.157.194:35647], old=null, confs=<EMPTY_MAP>
2019-11-04 16:47:19,109 [pool-580-thread-1] INFO  server.RaftServerConfigKeys (ConfUtils.java:logGet(43)) - raft.server.storage.dir = [/workdir/hadoop-ozone/integration-test/target/test-dir/MiniOzoneClusterImpl-8e66254f-d6bc-40e7-ae2f-db5e1b2bb1f3/datanode-6/data/ratis] (custom)
2019-11-04 16:47:19,110 [pool-580-thread-1] INFO  server.RaftServerConfigKeys (ConfUtils.java:logGet(43)) - raft.server.log.corruption.policy = EXCEPTION (default)
2019-11-04 16:47:19,110 [pool-580-thread-1] INFO  storage.RaftStorageDirectory (RaftStorageDirectory.java:analyzeStorage(246)) - The storage directory /workdir/hadoop-ozone/integration-test/target/test-dir/MiniOzoneClusterImpl-8e66254f-d6bc-40e7-ae2f-db5e1b2bb1f3/datanode-6/data/ratis/e5bae2ba-c20b-4171-8a89-577eacc547da does not exist. Creating ...
2019-11-04 16:47:19,123 [pool-580-thread-1] INFO  storage.RaftStorageDirectory (RaftStorageDirectory.java:tryLock(328)) - Lock on /workdir/hadoop-ozone/integration-test/target/test-dir/MiniOzoneClusterImpl-8e66254f-d6bc-40e7-ae2f-db5e1b2bb1f3/datanode-6/data/ratis/e5bae2ba-c20b-4171-8a89-577eacc547da/in_use.lock acquired by nodename 16190@pr-hdds-1643-sn7dj-2043761873
2019-11-04 16:47:19,136 [pool-580-thread-1] INFO  storage.RaftStorage (RaftStorage.java:format(84)) - Storage directory /workdir/hadoop-ozone/integration-test/target/test-dir/MiniOzoneClusterImpl-8e66254f-d6bc-40e7-ae2f-db5e1b2bb1f3/datanode-6/data/ratis/e5bae2ba-c20b-4171-8a89-577eacc547da has been successfully formatted.
2019-11-04 16:47:19,136 [pool-580-thread-1] INFO  ratis.ContainerStateMachine (ContainerStateMachine.java:loadSnapshot(231)) - group-577EACC547DA: The snapshot info is null. Setting the last applied indexto:(t:0, i:~)
2019-11-04 16:47:19,136 [pool-580-thread-1] INFO  server.RaftServerConfigKeys (ConfUtils.java:logGet(43)) - raft.server.notification.no-leader.timeout = 120s (custom)
2019-11-04 16:47:19,136 [pool-580-thread-1] INFO  server.RaftServerConfigKeys (ConfUtils.java:logGet(43)) - raft.server.log.use.memory = false (default)
2019-11-04 16:47:19,136 [pool-580-thread-1] INFO  server.RaftServerConfigKeys (ConfUtils.java:logGet(43)) - raft.server.log.purge.gap = 1000000 (custom)
2019-11-04 16:47:19,136 [pool-580-thread-1] INFO  server.RaftServerConfigKeys (ConfUtils.java:logGet(43)) - raft.server.log.appender.buffer.byte-limit = 33554432 (custom)
2019-11-04 16:47:19,137 [pool-580-thread-1] INFO  server.RaftServerConfigKeys (ConfUtils.java:logGet(43)) - raft.server.log.segment.size.max = 1048576 (custom)
2019-11-04 16:47:19,137 [IPC Server handler 4 on 43667] INFO  net.NetworkTopology (NetworkTopologyImpl.java:add(111)) - Added a new node: /rack1/53db7904-d288-4108-8bc9-f81d312978a3
2019-11-04 16:47:19,137 [IPC Server handler 4 on 43667] INFO  node.SCMNodeManager (SCMNodeManager.java:register(268)) - Registered Data node : 53db7904-d288-4108-8bc9-f81d312978a3{ip: 192.168.157.194, host: pr-hdds-1643-sn7dj-2043761873, networkLocation: /rack1, certSerialId: null}
2019-11-04 16:47:19,138 [pool-580-thread-1] INFO  server.RaftServerConfigKeys (ConfUtils.java:logGet(43)) - raft.server.log.segment.cache.num.max = 2 (custom)
2019-11-04 16:47:19,138 [pool-580-thread-1] INFO  segmented.SegmentedRaftLogWorker (SegmentedRaftLogWorker.java:<init>(173)) - new 7fc3dcce-a523-45fc-b6d6-b2bad08ce4da@group-577EACC547DA-SegmentedRaftLogWorker for RaftStorage:Storage Directory /workdir/hadoop-ozone/integration-test/target/test-dir/MiniOzoneClusterImpl-8e66254f-d6bc-40e7-ae2f-db5e1b2bb1f3/datanode-6/data/ratis/e5bae2ba-c20b-4171-8a89-577eacc547da
2019-11-04 16:47:19,138 [pool-580-thread-1] INFO  server.RaftServerConfigKeys (ConfUtils.java:logGet(43)) - raft.server.log.queue.byte-limit = 2147483647 (custom)
2019-11-04 16:47:19,138 [pool-580-thread-1] INFO  server.RaftServerConfigKeys (ConfUtils.java:logGet(43)) - raft.server.log.queue.element-limit = 1024 (custom)
2019-11-04 16:47:19,139 [pool-580-thread-1] INFO  server.RaftServerConfigKeys (ConfUtils.java:logGet(43)) - raft.server.log.segment.size.max = 1048576 (custom)
2019-11-04 16:47:19,139 [pool-580-thread-1] INFO  server.RaftServerConfigKeys (ConfUtils.java:logGet(43)) - raft.server.log.preallocated.size = 16384 (custom)
2019-11-04 16:47:19,139 [pool-580-thread-1] INFO  server.RaftServerConfigKeys (ConfUtils.java:logGet(43)) - raft.server.log.write.buffer.size = 33554432 (custom)
2019-11-04 16:47:19,139 [pool-580-thread-1] INFO  server.RaftServerConfigKeys (ConfUtils.java:logGet(43)) - raft.server.log.force.sync.num = 128 (default)
2019-11-04 16:47:19,139 [pool-580-thread-1] INFO  server.RaftServerConfigKeys (ConfUtils.java:logGet(43)) - raft.server.log.statemachine.data.sync = true (default)
2019-11-04 16:47:19,139 [pool-580-thread-1] INFO  server.RaftServerConfigKeys (ConfUtils.java:logGet(43)) - raft.server.log.statemachine.data.sync.timeout = 10s (default)
2019-11-04 16:47:19,139 [pool-580-thread-1] INFO  server.RaftServerConfigKeys (ConfUtils.java:logGet(43)) - raft.server.log.statemachine.data.sync.timeout.retry = -1 (default)
2019-11-04 16:47:19,139 [pool-580-thread-1] INFO  server.RaftServerConfigKeys (ConfUtils.java:logGet(43)) - raft.server.log.statemachine.data.caching.enabled = true (custom)
2019-11-04 16:47:19,140 [pool-580-thread-1] INFO  segmented.SegmentedRaftLogWorker (SegmentedRaftLogWorker.java:lambda$new$0(128)) - 7fc3dcce-a523-45fc-b6d6-b2bad08ce4da@group-577EACC547DA-SegmentedRaftLogWorker: flushIndex: setUnconditionally 0 -> -1
2019-11-04 16:47:19,140 [pool-580-thread-1] INFO  server.RaftServerConfigKeys (ConfUtils.java:logGet(43)) - raft.server.snapshot.auto.trigger.enabled = true (custom)
2019-11-04 16:47:19,140 [pool-580-thread-1] INFO  server.RaftServerConfigKeys (ConfUtils.java:logGet(43)) - raft.server.snapshot.auto.trigger.threshold = 10000 (custom)
2019-11-04 16:47:19,140 [pool-580-thread-1] INFO  server.RaftServerConfigKeys (ConfUtils.java:logGet(43)) - raft.server.snapshot.retention.file.num = 5 (custom)
2019-11-04 16:47:19,140 [pool-580-thread-1] INFO  server.RaftServerConfigKeys (ConfUtils.java:logGet(43)) - raft.server.retrycache.expirytime = 600000ms (custom)
2019-11-04 16:47:19,143 [pool-580-thread-1] INFO  impl.RaftServerImpl (RaftServerImpl.java:start(195)) - 7fc3dcce-a523-45fc-b6d6-b2bad08ce4da@group-577EACC547DA: start as a follower, conf=-1: [7fc3dcce-a523-45fc-b6d6-b2bad08ce4da:192.168.157.194:35647], old=null
2019-11-04 16:47:19,143 [pool-580-thread-1] INFO  impl.RaftServerImpl (RaftServerImpl.java:setRole(184)) - 7fc3dcce-a523-45fc-b6d6-b2bad08ce4da@group-577EACC547DA: changes role from      null to FOLLOWER at term 0 for startAsFollower
2019-11-04 16:47:19,143 [pool-580-thread-1] INFO  impl.RoleInfo (RoleInfo.java:updateAndGet(143)) - 7fc3dcce-a523-45fc-b6d6-b2bad08ce4da: start FollowerState
2019-11-04 16:47:19,144 [pool-580-thread-1] INFO  util.JmxRegister (JmxRegister.java:tryRegister(44)) - Successfully registered JMX Bean with object name Ratis:service=RaftServer,group=group-577EACC547DA,id=7fc3dcce-a523-45fc-b6d6-b2bad08ce4da
2019-11-04 16:47:19,147 [RatisPipelineUtilsThread] INFO  pipeline.PipelineStateManager (PipelineStateManager.java:addPipeline(56)) - Created pipeline Pipeline[ Id: e5bae2ba-c20b-4171-8a89-577eacc547da, Nodes: 7fc3dcce-a523-45fc-b6d6-b2bad08ce4da{ip: 192.168.157.194, host: pr-hdds-1643-sn7dj-2043761873, networkLocation: /rack1, certSerialId: null}, Type:RATIS, Factor:ONE, State:OPEN]
2019-11-04 16:47:19,147 [Thread-24959] INFO  impl.FollowerState (FollowerState.java:run(108)) - d51bd7ac-8e91-4a16-849b-9fde6947cfce@group-A79BF645CFD7-FollowerState: change to CANDIDATE, lastRpcTime:167ms, electionTimeout:167ms
2019-11-04 16:47:19,147 [Thread-24959] INFO  impl.RoleInfo (RoleInfo.java:shutdownFollowerState(121)) - d51bd7ac-8e91-4a16-849b-9fde6947cfce: shutdown FollowerState
2019-11-04 16:47:19,150 [Thread-24959] INFO  impl.RaftServerImpl (RaftServerImpl.java:setRole(184)) - d51bd7ac-8e91-4a16-849b-9fde6947cfce@group-A79BF645CFD7: changes role from  FOLLOWER to CANDIDATE at term 0 for changeToCandidate
2019-11-04 16:47:19,150 [Thread-24959] INFO  impl.RoleInfo (RoleInfo.java:updateAndGet(143)) - d51bd7ac-8e91-4a16-849b-9fde6947cfce: start LeaderElection
2019-11-04 16:47:19,166 [grpc-default-executor-14] INFO  impl.RaftServerProxy (RaftServerProxy.java:addNew(89)) - 53db7904-d288-4108-8bc9-f81d312978a3: addNew group-AFC21F014681:[53db7904-d288-4108-8bc9-f81d312978a3:192.168.157.194:45062] returns group-AFC21F014681:java.util.concurrent.CompletableFuture@735d5df[Not completed]
2019-11-04 16:47:19,168 [pool-600-thread-1] INFO  impl.RaftServerImpl (RaftServerImpl.java:<init>(104)) - 53db7904-d288-4108-8bc9-f81d312978a3: new RaftServerImpl for group-AFC21F014681:[53db7904-d288-4108-8bc9-f81d312978a3:192.168.157.194:45062] with ContainerStateMachine:uninitialized
2019-11-04 16:47:19,168 [pool-600-thread-1] INFO  server.RaftServerConfigKeys (ConfUtils.java:logGet(43)) - raft.server.rpc.timeout.min = 1s (custom)
2019-11-04 16:47:19,168 [pool-600-thread-1] INFO  server.RaftServerConfigKeys (ConfUtils.java:logGet(43)) - raft.server.rpc.timeout.max = 1200ms (custom)
2019-11-04 16:47:19,168 [pool-600-thread-1] INFO  server.RaftServerConfigKeys (ConfUtils.java:logGet(43)) - raft.server.rpcslowness.timeout = 120s (custom)
2019-11-04 16:47:19,168 [pool-600-thread-1] INFO  server.RaftServerConfigKeys (ConfUtils.java:logGet(43)) - raft.server.sleep.deviation.threshold = 300 (default)
2019-11-04 16:47:19,168 [pool-600-thread-1] INFO  server.RaftServerConfigKeys (ConfUtils.java:logGet(43)) - raft.server.log.appender.install.snapshot.enabled = false (custom)
2019-11-04 16:47:19,168 [pool-600-thread-1] INFO  impl.RaftServerImpl (ServerState.java:<init>(103)) - 53db7904-d288-4108-8bc9-f81d312978a3@group-AFC21F014681: ConfigurationManager, init=-1: [53db7904-d288-4108-8bc9-f81d312978a3:192.168.157.194:45062], old=null, confs=<EMPTY_MAP>
2019-11-04 16:47:19,168 [pool-600-thread-1] INFO  server.RaftServerConfigKeys (ConfUtils.java:logGet(43)) - raft.server.storage.dir = [/workdir/hadoop-ozone/integration-test/target/test-dir/MiniOzoneClusterImpl-8e66254f-d6bc-40e7-ae2f-db5e1b2bb1f3/datanode-8/data/ratis] (custom)
2019-11-04 16:47:19,169 [pool-600-thread-1] INFO  server.RaftServerConfigKeys (ConfUtils.java:logGet(43)) - raft.server.log.corruption.policy = EXCEPTION (default)
2019-11-04 16:47:19,169 [pool-600-thread-1] INFO  storage.RaftStorageDirectory (RaftStorageDirectory.java:analyzeStorage(246)) - The storage directory /workdir/hadoop-ozone/integration-test/target/test-dir/MiniOzoneClusterImpl-8e66254f-d6bc-40e7-ae2f-db5e1b2bb1f3/datanode-8/data/ratis/4c6c5586-4b9d-4926-b927-afc21f014681 does not exist. Creating ...
2019-11-04 16:47:19,176 [pool-600-thread-1] INFO  storage.RaftStorageDirectory (RaftStorageDirectory.java:tryLock(328)) - Lock on /workdir/hadoop-ozone/integration-test/target/test-dir/MiniOzoneClusterImpl-8e66254f-d6bc-40e7-ae2f-db5e1b2bb1f3/datanode-8/data/ratis/4c6c5586-4b9d-4926-b927-afc21f014681/in_use.lock acquired by nodename 16190@pr-hdds-1643-sn7dj-2043761873
2019-11-04 16:47:19,176 [d51bd7ac-8e91-4a16-849b-9fde6947cfce@group-A79BF645CFD7-LeaderElection3511] INFO  impl.LeaderElection (LeaderElection.java:askForVotes(178)) - d51bd7ac-8e91-4a16-849b-9fde6947cfce@group-A79BF645CFD7-LeaderElection3511: begin an election at term 1 for -1: [d51bd7ac-8e91-4a16-849b-9fde6947cfce:192.168.157.194:38853], old=null
2019-11-04 16:47:19,177 [d51bd7ac-8e91-4a16-849b-9fde6947cfce@group-A79BF645CFD7-LeaderElection3511] INFO  impl.RoleInfo (RoleInfo.java:shutdownLeaderElection(134)) - d51bd7ac-8e91-4a16-849b-9fde6947cfce: shutdown LeaderElection
2019-11-04 16:47:19,177 [d51bd7ac-8e91-4a16-849b-9fde6947cfce@group-A79BF645CFD7-LeaderElection3511] INFO  impl.RaftServerImpl (RaftServerImpl.java:setRole(184)) - d51bd7ac-8e91-4a16-849b-9fde6947cfce@group-A79BF645CFD7: changes role from CANDIDATE to LEADER at term 1 for changeToLeader
2019-11-04 16:47:19,177 [d51bd7ac-8e91-4a16-849b-9fde6947cfce@group-A79BF645CFD7-LeaderElection3511] INFO  impl.RaftServerImpl (ServerState.java:setLeader(256)) - d51bd7ac-8e91-4a16-849b-9fde6947cfce@group-A79BF645CFD7: change Leader from null to d51bd7ac-8e91-4a16-849b-9fde6947cfce at term 1 for becomeLeader, leader elected after 243ms
2019-11-04 16:47:19,177 [d51bd7ac-8e91-4a16-849b-9fde6947cfce@group-A79BF645CFD7-LeaderElection3511] INFO  server.RaftServerConfigKeys (ConfUtils.java:logGet(43)) - raft.server.staging.catchup.gap = 1000 (default)
2019-11-04 16:47:19,177 [d51bd7ac-8e91-4a16-849b-9fde6947cfce@group-A79BF645CFD7-LeaderElection3511] INFO  server.RaftServerConfigKeys (ConfUtils.java:logGet(43)) - raft.server.rpc.sleep.time = 25ms (default)
2019-11-04 16:47:19,177 [d51bd7ac-8e91-4a16-849b-9fde6947cfce@group-A79BF645CFD7-LeaderElection3511] INFO  server.RaftServerConfigKeys (ConfUtils.java:logGet(43)) - raft.server.write.element-limit = 4096 (default)
2019-11-04 16:47:19,177 [d51bd7ac-8e91-4a16-849b-9fde6947cfce@group-A79BF645CFD7-LeaderElection3511] INFO  server.RaftServerConfigKeys (ConfUtils.java:logGet(43)) - raft.server.watch.timeout = 10s (default)
2019-11-04 16:47:19,177 [d51bd7ac-8e91-4a16-849b-9fde6947cfce@group-A79BF645CFD7-LeaderElection3511] INFO  server.RaftServerConfigKeys (ConfUtils.java:logGet(43)) - raft.server.watch.timeout.denomination = 1s (default)
2019-11-04 16:47:19,177 [d51bd7ac-8e91-4a16-849b-9fde6947cfce@group-A79BF645CFD7-LeaderElection3511] INFO  server.RaftServerConfigKeys (ConfUtils.java:logGet(43)) - raft.server.watch.element-limit = 65536 (default)
2019-11-04 16:47:19,179 [d51bd7ac-8e91-4a16-849b-9fde6947cfce@group-A79BF645CFD7-LeaderElection3511] INFO  impl.RoleInfo (RoleInfo.java:updateAndGet(143)) - d51bd7ac-8e91-4a16-849b-9fde6947cfce: start LeaderState
2019-11-04 16:47:19,179 [d51bd7ac-8e91-4a16-849b-9fde6947cfce@group-A79BF645CFD7-LeaderElection3511] INFO  segmented.SegmentedRaftLogWorker (SegmentedRaftLogWorker.java:startLogSegment(385)) - d51bd7ac-8e91-4a16-849b-9fde6947cfce@group-A79BF645CFD7-SegmentedRaftLogWorker: Starting segment from index:0
2019-11-04 16:47:19,179 [d51bd7ac-8e91-4a16-849b-9fde6947cfce@group-A79BF645CFD7-LeaderElection3511] INFO  impl.RaftServerImpl (ServerState.java:setRaftConf(357)) - d51bd7ac-8e91-4a16-849b-9fde6947cfce@group-A79BF645CFD7: set configuration 0: [d51bd7ac-8e91-4a16-849b-9fde6947cfce:192.168.157.194:38853], old=null at 0
2019-11-04 16:47:19,189 [pool-600-thread-1] INFO  storage.RaftStorage (RaftStorage.java:format(84)) - Storage directory /workdir/hadoop-ozone/integration-test/target/test-dir/MiniOzoneClusterImpl-8e66254f-d6bc-40e7-ae2f-db5e1b2bb1f3/datanode-8/data/ratis/4c6c5586-4b9d-4926-b927-afc21f014681 has been successfully formatted.
2019-11-04 16:47:19,190 [pool-600-thread-1] INFO  ratis.ContainerStateMachine (ContainerStateMachine.java:loadSnapshot(231)) - group-AFC21F014681: The snapshot info is null. Setting the last applied indexto:(t:0, i:~)
2019-11-04 16:47:19,190 [pool-600-thread-1] INFO  server.RaftServerConfigKeys (ConfUtils.java:logGet(43)) - raft.server.notification.no-leader.timeout = 120s (custom)
2019-11-04 16:47:19,190 [pool-600-thread-1] INFO  server.RaftServerConfigKeys (ConfUtils.java:logGet(43)) - raft.server.log.use.memory = false (default)
2019-11-04 16:47:19,190 [pool-600-thread-1] INFO  server.RaftServerConfigKeys (ConfUtils.java:logGet(43)) - raft.server.log.purge.gap = 1000000 (custom)
2019-11-04 16:47:19,190 [pool-600-thread-1] INFO  server.RaftServerConfigKeys (ConfUtils.java:logGet(43)) - raft.server.log.appender.buffer.byte-limit = 33554432 (custom)
2019-11-04 16:47:19,190 [pool-600-thread-1] INFO  server.RaftServerConfigKeys (ConfUtils.java:logGet(43)) - raft.server.log.segment.size.max = 1048576 (custom)
2019-11-04 16:47:19,191 [pool-600-thread-1] INFO  server.RaftServerConfigKeys (ConfUtils.java:logGet(43)) - raft.server.log.segment.cache.num.max = 2 (custom)
2019-11-04 16:47:19,191 [pool-600-thread-1] INFO  segmented.SegmentedRaftLogWorker (SegmentedRaftLogWorker.java:<init>(173)) - new 53db7904-d288-4108-8bc9-f81d312978a3@group-AFC21F014681-SegmentedRaftLogWorker for RaftStorage:Storage Directory /workdir/hadoop-ozone/integration-test/target/test-dir/MiniOzoneClusterImpl-8e66254f-d6bc-40e7-ae2f-db5e1b2bb1f3/datanode-8/data/ratis/4c6c5586-4b9d-4926-b927-afc21f014681
2019-11-04 16:47:19,192 [pool-600-thread-1] INFO  server.RaftServerConfigKeys (ConfUtils.java:logGet(43)) - raft.server.log.queue.byte-limit = 2147483647 (custom)
2019-11-04 16:47:19,192 [pool-600-thread-1] INFO  server.RaftServerConfigKeys (ConfUtils.java:logGet(43)) - raft.server.log.queue.element-limit = 1024 (custom)
2019-11-04 16:47:19,192 [pool-600-thread-1] INFO  server.RaftServerConfigKeys (ConfUtils.java:logGet(43)) - raft.server.log.segment.size.max = 1048576 (custom)
2019-11-04 16:47:19,192 [pool-600-thread-1] INFO  server.RaftServerConfigKeys (ConfUtils.java:logGet(43)) - raft.server.log.preallocated.size = 16384 (custom)
2019-11-04 16:47:19,192 [pool-600-thread-1] INFO  server.RaftServerConfigKeys (ConfUtils.java:logGet(43)) - raft.server.log.write.buffer.size = 33554432 (custom)
2019-11-04 16:47:19,192 [pool-600-thread-1] INFO  server.RaftServerConfigKeys (ConfUtils.java:logGet(43)) - raft.server.log.force.sync.num = 128 (default)
2019-11-04 16:47:19,192 [pool-600-thread-1] INFO  server.RaftServerConfigKeys (ConfUtils.java:logGet(43)) - raft.server.log.statemachine.data.sync = true (default)
2019-11-04 16:47:19,192 [pool-600-thread-1] INFO  server.RaftServerConfigKeys (ConfUtils.java:logGet(43)) - raft.server.log.statemachine.data.sync.timeout = 10s (default)
2019-11-04 16:47:19,192 [pool-600-thread-1] INFO  server.RaftServerConfigKeys (ConfUtils.java:logGet(43)) - raft.server.log.statemachine.data.sync.timeout.retry = -1 (default)
2019-11-04 16:47:19,192 [pool-600-thread-1] INFO  server.RaftServerConfigKeys (ConfUtils.java:logGet(43)) - raft.server.log.statemachine.data.caching.enabled = true (custom)
2019-11-04 16:47:19,193 [pool-600-thread-1] INFO  segmented.SegmentedRaftLogWorker (SegmentedRaftLogWorker.java:lambda$new$0(128)) - 53db7904-d288-4108-8bc9-f81d312978a3@group-AFC21F014681-SegmentedRaftLogWorker: flushIndex: setUnconditionally 0 -> -1
2019-11-04 16:47:19,193 [pool-600-thread-1] INFO  server.RaftServerConfigKeys (ConfUtils.java:logGet(43)) - raft.server.snapshot.auto.trigger.enabled = true (custom)
2019-11-04 16:47:19,193 [pool-600-thread-1] INFO  server.RaftServerConfigKeys (ConfUtils.java:logGet(43)) - raft.server.snapshot.auto.trigger.threshold = 10000 (custom)
2019-11-04 16:47:19,193 [pool-600-thread-1] INFO  server.RaftServerConfigKeys (ConfUtils.java:logGet(43)) - raft.server.snapshot.retention.file.num = 5 (custom)
2019-11-04 16:47:19,193 [pool-600-thread-1] INFO  server.RaftServerConfigKeys (ConfUtils.java:logGet(43)) - raft.server.retrycache.expirytime = 600000ms (custom)
2019-11-04 16:47:19,195 [pool-600-thread-1] INFO  impl.RaftServerImpl (RaftServerImpl.java:start(195)) - 53db7904-d288-4108-8bc9-f81d312978a3@group-AFC21F014681: start as a follower, conf=-1: [53db7904-d288-4108-8bc9-f81d312978a3:192.168.157.194:45062], old=null
2019-11-04 16:47:19,195 [pool-600-thread-1] INFO  impl.RaftServerImpl (RaftServerImpl.java:setRole(184)) - 53db7904-d288-4108-8bc9-f81d312978a3@group-AFC21F014681: changes role from      null to FOLLOWER at term 0 for startAsFollower
2019-11-04 16:47:19,195 [pool-600-thread-1] INFO  impl.RoleInfo (RoleInfo.java:updateAndGet(143)) - 53db7904-d288-4108-8bc9-f81d312978a3: start FollowerState
2019-11-04 16:47:19,195 [pool-600-thread-1] INFO  util.JmxRegister (JmxRegister.java:tryRegister(44)) - Successfully registered JMX Bean with object name Ratis:service=RaftServer,group=group-AFC21F014681,id=53db7904-d288-4108-8bc9-f81d312978a3
2019-11-04 16:47:19,198 [RatisPipelineUtilsThread] INFO  pipeline.PipelineStateManager (PipelineStateManager.java:addPipeline(56)) - Created pipeline Pipeline[ Id: 4c6c5586-4b9d-4926-b927-afc21f014681, Nodes: 53db7904-d288-4108-8bc9-f81d312978a3{ip: 192.168.157.194, host: pr-hdds-1643-sn7dj-2043761873, networkLocation: /rack1, certSerialId: null}, Type:RATIS, Factor:ONE, State:OPEN]
2019-11-04 16:47:19,203 [IPC Server handler 0 on 43667] INFO  net.NetworkTopology (NetworkTopologyImpl.java:add(111)) - Added a new node: /rack1/b64d56c3-7e00-4645-8b63-46d38bcf6e51
2019-11-04 16:47:19,203 [IPC Server handler 0 on 43667] INFO  node.SCMNodeManager (SCMNodeManager.java:register(268)) - Registered Data node : b64d56c3-7e00-4645-8b63-46d38bcf6e51{ip: 192.168.157.194, host: pr-hdds-1643-sn7dj-2043761873, networkLocation: /rack1, certSerialId: null}
2019-11-04 16:47:19,203 [main] INFO  ozone.MiniOzoneClusterImpl (MiniOzoneClusterImpl.java:lambda$waitForClusterToBeReady$0(147)) - Cluster is ready. Got 10 of 10 DN Heartbeats.
2019-11-04 16:47:19,206 [grpc-default-executor-14] INFO  impl.RaftServerProxy (RaftServerProxy.java:addNew(89)) - 2911c1bb-ca7b-4253-a902-f80f167657b1: addNew group-E8FE46049495:[2911c1bb-ca7b-4253-a902-f80f167657b1:192.168.157.194:45844] returns group-E8FE46049495:java.util.concurrent.CompletableFuture@47c32a15[Not completed]
2019-11-04 16:47:19,212 [pool-590-thread-1] INFO  impl.RaftServerImpl (RaftServerImpl.java:<init>(104)) - 2911c1bb-ca7b-4253-a902-f80f167657b1: new RaftServerImpl for group-E8FE46049495:[2911c1bb-ca7b-4253-a902-f80f167657b1:192.168.157.194:45844] with ContainerStateMachine:uninitialized
2019-11-04 16:47:19,212 [pool-590-thread-1] INFO  server.RaftServerConfigKeys (ConfUtils.java:logGet(43)) - raft.server.rpc.timeout.min = 1s (custom)
2019-11-04 16:47:19,212 [pool-590-thread-1] INFO  server.RaftServerConfigKeys (ConfUtils.java:logGet(43)) - raft.server.rpc.timeout.max = 1200ms (custom)
2019-11-04 16:47:19,212 [pool-590-thread-1] INFO  server.RaftServerConfigKeys (ConfUtils.java:logGet(43)) - raft.server.rpcslowness.timeout = 120s (custom)
2019-11-04 16:47:19,212 [pool-590-thread-1] INFO  server.RaftServerConfigKeys (ConfUtils.java:logGet(43)) - raft.server.sleep.deviation.threshold = 300 (default)
2019-11-04 16:47:19,212 [pool-590-thread-1] INFO  server.RaftServerConfigKeys (ConfUtils.java:logGet(43)) - raft.server.log.appender.install.snapshot.enabled = false (custom)
2019-11-04 16:47:19,212 [pool-590-thread-1] INFO  impl.RaftServerImpl (ServerState.java:<init>(103)) - 2911c1bb-ca7b-4253-a902-f80f167657b1@group-E8FE46049495: ConfigurationManager, init=-1: [2911c1bb-ca7b-4253-a902-f80f167657b1:192.168.157.194:45844], old=null, confs=<EMPTY_MAP>
2019-11-04 16:47:19,212 [pool-590-thread-1] INFO  server.RaftServerConfigKeys (ConfUtils.java:logGet(43)) - raft.server.storage.dir = [/workdir/hadoop-ozone/integration-test/target/test-dir/MiniOzoneClusterImpl-8e66254f-d6bc-40e7-ae2f-db5e1b2bb1f3/datanode-7/data/ratis] (custom)
2019-11-04 16:47:19,213 [pool-590-thread-1] INFO  server.RaftServerConfigKeys (ConfUtils.java:logGet(43)) - raft.server.log.corruption.policy = EXCEPTION (default)
2019-11-04 16:47:19,213 [pool-590-thread-1] INFO  storage.RaftStorageDirectory (RaftStorageDirectory.java:analyzeStorage(246)) - The storage directory /workdir/hadoop-ozone/integration-test/target/test-dir/MiniOzoneClusterImpl-8e66254f-d6bc-40e7-ae2f-db5e1b2bb1f3/datanode-7/data/ratis/7932bee5-973a-4683-80b5-e8fe46049495 does not exist. Creating ...
2019-11-04 16:47:19,215 [d51bd7ac-8e91-4a16-849b-9fde6947cfce@group-A79BF645CFD7-SegmentedRaftLogWorker] INFO  segmented.SegmentedRaftLogWorker (SegmentedRaftLogWorker.java:execute(576)) - d51bd7ac-8e91-4a16-849b-9fde6947cfce@group-A79BF645CFD7-SegmentedRaftLogWorker: created new log segment /workdir/hadoop-ozone/integration-test/target/test-dir/MiniOzoneClusterImpl-8e66254f-d6bc-40e7-ae2f-db5e1b2bb1f3/datanode-1/data/ratis/34c5db2f-27fe-4fbf-a7d3-a79bf645cfd7/current/log_inprogress_0
2019-11-04 16:47:19,217 [pool-590-thread-1] INFO  storage.RaftStorageDirectory (RaftStorageDirectory.java:tryLock(328)) - Lock on /workdir/hadoop-ozone/integration-test/target/test-dir/MiniOzoneClusterImpl-8e66254f-d6bc-40e7-ae2f-db5e1b2bb1f3/datanode-7/data/ratis/7932bee5-973a-4683-80b5-e8fe46049495/in_use.lock acquired by nodename 16190@pr-hdds-1643-sn7dj-2043761873
2019-11-04 16:47:19,237 [pool-590-thread-1] INFO  storage.RaftStorage (RaftStorage.java:format(84)) - Storage directory /workdir/hadoop-ozone/integration-test/target/test-dir/MiniOzoneClusterImpl-8e66254f-d6bc-40e7-ae2f-db5e1b2bb1f3/datanode-7/data/ratis/7932bee5-973a-4683-80b5-e8fe46049495 has been successfully formatted.
2019-11-04 16:47:19,237 [pool-590-thread-1] INFO  ratis.ContainerStateMachine (ContainerStateMachine.java:loadSnapshot(231)) - group-E8FE46049495: The snapshot info is null. Setting the last applied indexto:(t:0, i:~)
2019-11-04 16:47:19,237 [pool-590-thread-1] INFO  server.RaftServerConfigKeys (ConfUtils.java:logGet(43)) - raft.server.notification.no-leader.timeout = 120s (custom)
2019-11-04 16:47:19,237 [pool-590-thread-1] INFO  server.RaftServerConfigKeys (ConfUtils.java:logGet(43)) - raft.server.log.use.memory = false (default)
2019-11-04 16:47:19,237 [pool-590-thread-1] INFO  server.RaftServerConfigKeys (ConfUtils.java:logGet(43)) - raft.server.log.purge.gap = 1000000 (custom)
2019-11-04 16:47:19,237 [pool-590-thread-1] INFO  server.RaftServerConfigKeys (ConfUtils.java:logGet(43)) - raft.server.log.appender.buffer.byte-limit = 33554432 (custom)
2019-11-04 16:47:19,237 [pool-590-thread-1] INFO  server.RaftServerConfigKeys (ConfUtils.java:logGet(43)) - raft.server.log.segment.size.max = 1048576 (custom)
2019-11-04 16:47:19,238 [pool-590-thread-1] INFO  server.RaftServerConfigKeys (ConfUtils.java:logGet(43)) - raft.server.log.segment.cache.num.max = 2 (custom)
2019-11-04 16:47:19,239 [pool-590-thread-1] INFO  segmented.SegmentedRaftLogWorker (SegmentedRaftLogWorker.java:<init>(173)) - new 2911c1bb-ca7b-4253-a902-f80f167657b1@group-E8FE46049495-SegmentedRaftLogWorker for RaftStorage:Storage Directory /workdir/hadoop-ozone/integration-test/target/test-dir/MiniOzoneClusterImpl-8e66254f-d6bc-40e7-ae2f-db5e1b2bb1f3/datanode-7/data/ratis/7932bee5-973a-4683-80b5-e8fe46049495
2019-11-04 16:47:19,239 [pool-590-thread-1] INFO  server.RaftServerConfigKeys (ConfUtils.java:logGet(43)) - raft.server.log.queue.byte-limit = 2147483647 (custom)
2019-11-04 16:47:19,239 [pool-590-thread-1] INFO  server.RaftServerConfigKeys (ConfUtils.java:logGet(43)) - raft.server.log.queue.element-limit = 1024 (custom)
2019-11-04 16:47:19,239 [pool-590-thread-1] INFO  server.RaftServerConfigKeys (ConfUtils.java:logGet(43)) - raft.server.log.segment.size.max = 1048576 (custom)
2019-11-04 16:47:19,239 [pool-590-thread-1] INFO  server.RaftServerConfigKeys (ConfUtils.java:logGet(43)) - raft.server.log.preallocated.size = 16384 (custom)
2019-11-04 16:47:19,239 [pool-590-thread-1] INFO  server.RaftServerConfigKeys (ConfUtils.java:logGet(43)) - raft.server.log.write.buffer.size = 33554432 (custom)
2019-11-04 16:47:19,239 [pool-590-thread-1] INFO  server.RaftServerConfigKeys (ConfUtils.java:logGet(43)) - raft.server.log.force.sync.num = 128 (default)
2019-11-04 16:47:19,239 [pool-590-thread-1] INFO  server.RaftServerConfigKeys (ConfUtils.java:logGet(43)) - raft.server.log.statemachine.data.sync = true (default)
2019-11-04 16:47:19,244 [pool-590-thread-1] INFO  server.RaftServerConfigKeys (ConfUtils.java:logGet(43)) - raft.server.log.statemachine.data.sync.timeout = 10s (default)
2019-11-04 16:47:19,244 [pool-590-thread-1] INFO  server.RaftServerConfigKeys (ConfUtils.java:logGet(43)) - raft.server.log.statemachine.data.sync.timeout.retry = -1 (default)
2019-11-04 16:47:19,244 [pool-590-thread-1] INFO  server.RaftServerConfigKeys (ConfUtils.java:logGet(43)) - raft.server.log.statemachine.data.caching.enabled = true (custom)
2019-11-04 16:47:19,245 [pool-590-thread-1] INFO  segmented.SegmentedRaftLogWorker (SegmentedRaftLogWorker.java:lambda$new$0(128)) - 2911c1bb-ca7b-4253-a902-f80f167657b1@group-E8FE46049495-SegmentedRaftLogWorker: flushIndex: setUnconditionally 0 -> -1
2019-11-04 16:47:19,245 [pool-590-thread-1] INFO  server.RaftServerConfigKeys (ConfUtils.java:logGet(43)) - raft.server.snapshot.auto.trigger.enabled = true (custom)
2019-11-04 16:47:19,245 [pool-590-thread-1] INFO  server.RaftServerConfigKeys (ConfUtils.java:logGet(43)) - raft.server.snapshot.auto.trigger.threshold = 10000 (custom)
2019-11-04 16:47:19,245 [pool-590-thread-1] INFO  server.RaftServerConfigKeys (ConfUtils.java:logGet(43)) - raft.server.snapshot.retention.file.num = 5 (custom)
2019-11-04 16:47:19,245 [pool-590-thread-1] INFO  server.RaftServerConfigKeys (ConfUtils.java:logGet(43)) - raft.server.retrycache.expirytime = 600000ms (custom)
2019-11-04 16:47:19,245 [main] INFO  rpc.RpcClient (RpcClient.java:createVolume(272)) - Creating Volume: datanodefailurehandlingtest, with jenkins1000 as owner.
2019-11-04 16:47:19,247 [pool-590-thread-1] INFO  impl.RaftServerImpl (RaftServerImpl.java:start(195)) - 2911c1bb-ca7b-4253-a902-f80f167657b1@group-E8FE46049495: start as a follower, conf=-1: [2911c1bb-ca7b-4253-a902-f80f167657b1:192.168.157.194:45844], old=null
2019-11-04 16:47:19,247 [pool-590-thread-1] INFO  impl.RaftServerImpl (RaftServerImpl.java:setRole(184)) - 2911c1bb-ca7b-4253-a902-f80f167657b1@group-E8FE46049495: changes role from      null to FOLLOWER at term 0 for startAsFollower
2019-11-04 16:47:19,247 [pool-590-thread-1] INFO  impl.RoleInfo (RoleInfo.java:updateAndGet(143)) - 2911c1bb-ca7b-4253-a902-f80f167657b1: start FollowerState
2019-11-04 16:47:19,247 [pool-590-thread-1] INFO  util.JmxRegister (JmxRegister.java:tryRegister(44)) - Successfully registered JMX Bean with object name Ratis:service=RaftServer,group=group-E8FE46049495,id=2911c1bb-ca7b-4253-a902-f80f167657b1
2019-11-04 16:47:19,248 [IPC Server handler 2 on 38771] INFO  volume.OMVolumeCreateRequest (OMVolumeCreateRequest.java:validateAndUpdateCache(193)) - created volume:datanodefailurehandlingtest for user:jenkins1000
2019-11-04 16:47:19,249 [Thread-24978] INFO  impl.FollowerState (FollowerState.java:run(108)) - 2911c1bb-ca7b-4253-a902-f80f167657b1@group-E8FE46049495-FollowerState: change to CANDIDATE, lastRpcTime:2ms, electionTimeout:2ms
2019-11-04 16:47:19,249 [Thread-24978] INFO  impl.RoleInfo (RoleInfo.java:shutdownFollowerState(121)) - 2911c1bb-ca7b-4253-a902-f80f167657b1: shutdown FollowerState
2019-11-04 16:47:19,252 [Thread-24978] INFO  impl.RaftServerImpl (RaftServerImpl.java:setRole(184)) - 2911c1bb-ca7b-4253-a902-f80f167657b1@group-E8FE46049495: changes role from  FOLLOWER to CANDIDATE at term 0 for changeToCandidate
2019-11-04 16:47:19,252 [Thread-24978] INFO  impl.RoleInfo (RoleInfo.java:updateAndGet(143)) - 2911c1bb-ca7b-4253-a902-f80f167657b1: start LeaderElection
2019-11-04 16:47:19,255 [RatisPipelineUtilsThread] INFO  pipeline.PipelineStateManager (PipelineStateManager.java:addPipeline(56)) - Created pipeline Pipeline[ Id: 7932bee5-973a-4683-80b5-e8fe46049495, Nodes: 2911c1bb-ca7b-4253-a902-f80f167657b1{ip: 192.168.157.194, host: pr-hdds-1643-sn7dj-2043761873, networkLocation: /rack1, certSerialId: null}, Type:RATIS, Factor:ONE, State:OPEN]
2019-11-04 16:47:19,268 [Thread-24964] INFO  impl.FollowerState (FollowerState.java:run(108)) - 1b28f8eb-8aa4-4d14-8ba1-b6ff2630fcd0@group-25CD2F99C4CD-FollowerState: change to CANDIDATE, lastRpcTime:169ms, electionTimeout:164ms
2019-11-04 16:47:19,268 [2911c1bb-ca7b-4253-a902-f80f167657b1@group-E8FE46049495-LeaderElection3512] INFO  impl.LeaderElection (LeaderElection.java:askForVotes(178)) - 2911c1bb-ca7b-4253-a902-f80f167657b1@group-E8FE46049495-LeaderElection3512: begin an election at term 1 for -1: [2911c1bb-ca7b-4253-a902-f80f167657b1:192.168.157.194:45844], old=null
2019-11-04 16:47:19,268 [Thread-24964] INFO  impl.RoleInfo (RoleInfo.java:shutdownFollowerState(121)) - 1b28f8eb-8aa4-4d14-8ba1-b6ff2630fcd0: shutdown FollowerState
2019-11-04 16:47:19,269 [2911c1bb-ca7b-4253-a902-f80f167657b1@group-E8FE46049495-LeaderElection3512] INFO  impl.RoleInfo (RoleInfo.java:shutdownLeaderElection(134)) - 2911c1bb-ca7b-4253-a902-f80f167657b1: shutdown LeaderElection
2019-11-04 16:47:19,269 [Thread-24964] INFO  impl.RaftServerImpl (RaftServerImpl.java:setRole(184)) - 1b28f8eb-8aa4-4d14-8ba1-b6ff2630fcd0@group-25CD2F99C4CD: changes role from  FOLLOWER to CANDIDATE at term 0 for changeToCandidate
2019-11-04 16:47:19,269 [2911c1bb-ca7b-4253-a902-f80f167657b1@group-E8FE46049495-LeaderElection3512] INFO  impl.RaftServerImpl (RaftServerImpl.java:setRole(184)) - 2911c1bb-ca7b-4253-a902-f80f167657b1@group-E8FE46049495: changes role from CANDIDATE to LEADER at term 1 for changeToLeader
2019-11-04 16:47:19,269 [Thread-24964] INFO  impl.RoleInfo (RoleInfo.java:updateAndGet(143)) - 1b28f8eb-8aa4-4d14-8ba1-b6ff2630fcd0: start LeaderElection
2019-11-04 16:47:19,269 [2911c1bb-ca7b-4253-a902-f80f167657b1@group-E8FE46049495-LeaderElection3512] INFO  impl.RaftServerImpl (ServerState.java:setLeader(256)) - 2911c1bb-ca7b-4253-a902-f80f167657b1@group-E8FE46049495: change Leader from null to 2911c1bb-ca7b-4253-a902-f80f167657b1 at term 1 for becomeLeader, leader elected after 31ms
2019-11-04 16:47:19,269 [main] INFO  rpc.RpcClient (RpcClient.java:createBucket(411)) - Creating Bucket: datanodefailurehandlingtest/datanodefailurehandlingtest, with Versioning false and Storage Type set to DISK and Encryption set to false 
2019-11-04 16:47:19,269 [2911c1bb-ca7b-4253-a902-f80f167657b1@group-E8FE46049495-LeaderElection3512] INFO  server.RaftServerConfigKeys (ConfUtils.java:logGet(43)) - raft.server.staging.catchup.gap = 1000 (default)
2019-11-04 16:47:19,272 [2911c1bb-ca7b-4253-a902-f80f167657b1@group-E8FE46049495-LeaderElection3512] INFO  server.RaftServerConfigKeys (ConfUtils.java:logGet(43)) - raft.server.rpc.sleep.time = 25ms (default)
2019-11-04 16:47:19,272 [2911c1bb-ca7b-4253-a902-f80f167657b1@group-E8FE46049495-LeaderElection3512] INFO  server.RaftServerConfigKeys (ConfUtils.java:logGet(43)) - raft.server.write.element-limit = 4096 (default)
2019-11-04 16:47:19,273 [2911c1bb-ca7b-4253-a902-f80f167657b1@group-E8FE46049495-LeaderElection3512] INFO  server.RaftServerConfigKeys (ConfUtils.java:logGet(43)) - raft.server.watch.timeout = 10s (default)
2019-11-04 16:47:19,273 [2911c1bb-ca7b-4253-a902-f80f167657b1@group-E8FE46049495-LeaderElection3512] INFO  server.RaftServerConfigKeys (ConfUtils.java:logGet(43)) - raft.server.watch.timeout.denomination = 1s (default)
2019-11-04 16:47:19,273 [2911c1bb-ca7b-4253-a902-f80f167657b1@group-E8FE46049495-LeaderElection3512] INFO  server.RaftServerConfigKeys (ConfUtils.java:logGet(43)) - raft.server.watch.element-limit = 65536 (default)
2019-11-04 16:47:19,275 [2911c1bb-ca7b-4253-a902-f80f167657b1@group-E8FE46049495-LeaderElection3512] INFO  impl.RoleInfo (RoleInfo.java:updateAndGet(143)) - 2911c1bb-ca7b-4253-a902-f80f167657b1: start LeaderState
2019-11-04 16:47:19,276 [2911c1bb-ca7b-4253-a902-f80f167657b1@group-E8FE46049495-LeaderElection3512] INFO  segmented.SegmentedRaftLogWorker (SegmentedRaftLogWorker.java:startLogSegment(385)) - 2911c1bb-ca7b-4253-a902-f80f167657b1@group-E8FE46049495-SegmentedRaftLogWorker: Starting segment from index:0
2019-11-04 16:47:19,284 [grpc-default-executor-14] INFO  impl.RaftServerProxy (RaftServerProxy.java:addNew(89)) - b64d56c3-7e00-4645-8b63-46d38bcf6e51: addNew group-E240BB25F985:[b64d56c3-7e00-4645-8b63-46d38bcf6e51:192.168.157.194:33628] returns group-E240BB25F985:java.util.concurrent.CompletableFuture@5aa5c9f3[Not completed]
2019-11-04 16:47:19,284 [2911c1bb-ca7b-4253-a902-f80f167657b1@group-E8FE46049495-LeaderElection3512] INFO  impl.RaftServerImpl (ServerState.java:setRaftConf(357)) - 2911c1bb-ca7b-4253-a902-f80f167657b1@group-E8FE46049495: set configuration 0: [2911c1bb-ca7b-4253-a902-f80f167657b1:192.168.157.194:45844], old=null at 0
2019-11-04 16:47:19,285 [pool-610-thread-1] INFO  impl.RaftServerImpl (RaftServerImpl.java:<init>(104)) - b64d56c3-7e00-4645-8b63-46d38bcf6e51: new RaftServerImpl for group-E240BB25F985:[b64d56c3-7e00-4645-8b63-46d38bcf6e51:192.168.157.194:33628] with ContainerStateMachine:uninitialized
2019-11-04 16:47:19,285 [pool-610-thread-1] INFO  server.RaftServerConfigKeys (ConfUtils.java:logGet(43)) - raft.server.rpc.timeout.min = 1s (custom)
2019-11-04 16:47:19,285 [pool-610-thread-1] INFO  server.RaftServerConfigKeys (ConfUtils.java:logGet(43)) - raft.server.rpc.timeout.max = 1200ms (custom)
2019-11-04 16:47:19,285 [1b28f8eb-8aa4-4d14-8ba1-b6ff2630fcd0@group-25CD2F99C4CD-LeaderElection3513] INFO  impl.LeaderElection (LeaderElection.java:askForVotes(178)) - 1b28f8eb-8aa4-4d14-8ba1-b6ff2630fcd0@group-25CD2F99C4CD-LeaderElection3513: begin an election at term 1 for -1: [1b28f8eb-8aa4-4d14-8ba1-b6ff2630fcd0:192.168.157.194:38874], old=null
2019-11-04 16:47:19,285 [pool-610-thread-1] INFO  server.RaftServerConfigKeys (ConfUtils.java:logGet(43)) - raft.server.rpcslowness.timeout = 120s (custom)
2019-11-04 16:47:19,285 [1b28f8eb-8aa4-4d14-8ba1-b6ff2630fcd0@group-25CD2F99C4CD-LeaderElection3513] INFO  impl.RoleInfo (RoleInfo.java:shutdownLeaderElection(134)) - 1b28f8eb-8aa4-4d14-8ba1-b6ff2630fcd0: shutdown LeaderElection
2019-11-04 16:47:19,285 [pool-610-thread-1] INFO  server.RaftServerConfigKeys (ConfUtils.java:logGet(43)) - raft.server.sleep.deviation.threshold = 300 (default)
2019-11-04 16:47:19,285 [1b28f8eb-8aa4-4d14-8ba1-b6ff2630fcd0@group-25CD2F99C4CD-LeaderElection3513] INFO  impl.RaftServerImpl (RaftServerImpl.java:setRole(184)) - 1b28f8eb-8aa4-4d14-8ba1-b6ff2630fcd0@group-25CD2F99C4CD: changes role from CANDIDATE to LEADER at term 1 for changeToLeader
2019-11-04 16:47:19,285 [pool-610-thread-1] INFO  server.RaftServerConfigKeys (ConfUtils.java:logGet(43)) - raft.server.log.appender.install.snapshot.enabled = false (custom)
2019-11-04 16:47:19,285 [1b28f8eb-8aa4-4d14-8ba1-b6ff2630fcd0@group-25CD2F99C4CD-LeaderElection3513] INFO  impl.RaftServerImpl (ServerState.java:setLeader(256)) - 1b28f8eb-8aa4-4d14-8ba1-b6ff2630fcd0@group-25CD2F99C4CD: change Leader from null to 1b28f8eb-8aa4-4d14-8ba1-b6ff2630fcd0 at term 1 for becomeLeader, leader elected after 191ms
2019-11-04 16:47:19,286 [pool-610-thread-1] INFO  impl.RaftServerImpl (ServerState.java:<init>(103)) - b64d56c3-7e00-4645-8b63-46d38bcf6e51@group-E240BB25F985: ConfigurationManager, init=-1: [b64d56c3-7e00-4645-8b63-46d38bcf6e51:192.168.157.194:33628], old=null, confs=<EMPTY_MAP>
2019-11-04 16:47:19,286 [1b28f8eb-8aa4-4d14-8ba1-b6ff2630fcd0@group-25CD2F99C4CD-LeaderElection3513] INFO  server.RaftServerConfigKeys (ConfUtils.java:logGet(43)) - raft.server.staging.catchup.gap = 1000 (default)
2019-11-04 16:47:19,286 [pool-610-thread-1] INFO  server.RaftServerConfigKeys (ConfUtils.java:logGet(43)) - raft.server.storage.dir = [/workdir/hadoop-ozone/integration-test/target/test-dir/MiniOzoneClusterImpl-8e66254f-d6bc-40e7-ae2f-db5e1b2bb1f3/datanode-9/data/ratis] (custom)
2019-11-04 16:47:19,286 [1b28f8eb-8aa4-4d14-8ba1-b6ff2630fcd0@group-25CD2F99C4CD-LeaderElection3513] INFO  server.RaftServerConfigKeys (ConfUtils.java:logGet(43)) - raft.server.rpc.sleep.time = 25ms (default)
2019-11-04 16:47:19,286 [pool-610-thread-1] INFO  server.RaftServerConfigKeys (ConfUtils.java:logGet(43)) - raft.server.log.corruption.policy = EXCEPTION (default)
2019-11-04 16:47:19,286 [1b28f8eb-8aa4-4d14-8ba1-b6ff2630fcd0@group-25CD2F99C4CD-LeaderElection3513] INFO  server.RaftServerConfigKeys (ConfUtils.java:logGet(43)) - raft.server.write.element-limit = 4096 (default)
2019-11-04 16:47:19,286 [pool-610-thread-1] INFO  storage.RaftStorageDirectory (RaftStorageDirectory.java:analyzeStorage(246)) - The storage directory /workdir/hadoop-ozone/integration-test/target/test-dir/MiniOzoneClusterImpl-8e66254f-d6bc-40e7-ae2f-db5e1b2bb1f3/datanode-9/data/ratis/504b2890-7d58-4f21-a010-e240bb25f985 does not exist. Creating ...
2019-11-04 16:47:19,286 [1b28f8eb-8aa4-4d14-8ba1-b6ff2630fcd0@group-25CD2F99C4CD-LeaderElection3513] INFO  server.RaftServerConfigKeys (ConfUtils.java:logGet(43)) - raft.server.watch.timeout = 10s (default)
2019-11-04 16:47:19,286 [1b28f8eb-8aa4-4d14-8ba1-b6ff2630fcd0@group-25CD2F99C4CD-LeaderElection3513] INFO  server.RaftServerConfigKeys (ConfUtils.java:logGet(43)) - raft.server.watch.timeout.denomination = 1s (default)
2019-11-04 16:47:19,286 [1b28f8eb-8aa4-4d14-8ba1-b6ff2630fcd0@group-25CD2F99C4CD-LeaderElection3513] INFO  server.RaftServerConfigKeys (ConfUtils.java:logGet(43)) - raft.server.watch.element-limit = 65536 (default)
2019-11-04 16:47:19,288 [1b28f8eb-8aa4-4d14-8ba1-b6ff2630fcd0@group-25CD2F99C4CD-LeaderElection3513] INFO  impl.RoleInfo (RoleInfo.java:updateAndGet(143)) - 1b28f8eb-8aa4-4d14-8ba1-b6ff2630fcd0: start LeaderState
2019-11-04 16:47:19,288 [1b28f8eb-8aa4-4d14-8ba1-b6ff2630fcd0@group-25CD2F99C4CD-LeaderElection3513] INFO  segmented.SegmentedRaftLogWorker (SegmentedRaftLogWorker.java:startLogSegment(385)) - 1b28f8eb-8aa4-4d14-8ba1-b6ff2630fcd0@group-25CD2F99C4CD-SegmentedRaftLogWorker: Starting segment from index:0
2019-11-04 16:47:19,288 [IPC Server handler 19 on 35917] INFO  server.SCMBlockProtocolServer (SCMBlockProtocolServer.java:allocateBlock(179)) - Allocating 1 blocks of size 4194304, with ExcludeList {datanodes = [], containerIds = [], pipelineIds = []}
2019-11-04 16:47:19,288 [1b28f8eb-8aa4-4d14-8ba1-b6ff2630fcd0@group-25CD2F99C4CD-LeaderElection3513] INFO  impl.RaftServerImpl (ServerState.java:setRaftConf(357)) - 1b28f8eb-8aa4-4d14-8ba1-b6ff2630fcd0@group-25CD2F99C4CD: set configuration 0: [1b28f8eb-8aa4-4d14-8ba1-b6ff2630fcd0:192.168.157.194:38874], old=null at 0
2019-11-04 16:47:19,298 [Thread-24967] INFO  impl.FollowerState (FollowerState.java:run(108)) - 7fc3dcce-a523-45fc-b6d6-b2bad08ce4da@group-577EACC547DA-FollowerState: change to CANDIDATE, lastRpcTime:154ms, electionTimeout:154ms
2019-11-04 16:47:19,298 [Thread-24967] INFO  impl.RoleInfo (RoleInfo.java:shutdownFollowerState(121)) - 7fc3dcce-a523-45fc-b6d6-b2bad08ce4da: shutdown FollowerState
2019-11-04 16:47:19,298 [Thread-24967] INFO  impl.RaftServerImpl (RaftServerImpl.java:setRole(184)) - 7fc3dcce-a523-45fc-b6d6-b2bad08ce4da@group-577EACC547DA: changes role from  FOLLOWER to CANDIDATE at term 0 for changeToCandidate
2019-11-04 16:47:19,298 [Thread-24967] INFO  impl.RoleInfo (RoleInfo.java:updateAndGet(143)) - 7fc3dcce-a523-45fc-b6d6-b2bad08ce4da: start LeaderElection
2019-11-04 16:47:19,318 [pool-610-thread-1] INFO  storage.RaftStorageDirectory (RaftStorageDirectory.java:tryLock(328)) - Lock on /workdir/hadoop-ozone/integration-test/target/test-dir/MiniOzoneClusterImpl-8e66254f-d6bc-40e7-ae2f-db5e1b2bb1f3/datanode-9/data/ratis/504b2890-7d58-4f21-a010-e240bb25f985/in_use.lock acquired by nodename 16190@pr-hdds-1643-sn7dj-2043761873
2019-11-04 16:47:19,330 [1b28f8eb-8aa4-4d14-8ba1-b6ff2630fcd0@group-25CD2F99C4CD-SegmentedRaftLogWorker] INFO  segmented.SegmentedRaftLogWorker (SegmentedRaftLogWorker.java:execute(576)) - 1b28f8eb-8aa4-4d14-8ba1-b6ff2630fcd0@group-25CD2F99C4CD-SegmentedRaftLogWorker: created new log segment /workdir/hadoop-ozone/integration-test/target/test-dir/MiniOzoneClusterImpl-8e66254f-d6bc-40e7-ae2f-db5e1b2bb1f3/datanode-4/data/ratis/afab15a9-5a04-4c1b-b952-25cd2f99c4cd/current/log_inprogress_0
2019-11-04 16:47:19,330 [pool-610-thread-1] INFO  storage.RaftStorage (RaftStorage.java:format(84)) - Storage directory /workdir/hadoop-ozone/integration-test/target/test-dir/MiniOzoneClusterImpl-8e66254f-d6bc-40e7-ae2f-db5e1b2bb1f3/datanode-9/data/ratis/504b2890-7d58-4f21-a010-e240bb25f985 has been successfully formatted.
2019-11-04 16:47:19,331 [7fc3dcce-a523-45fc-b6d6-b2bad08ce4da@group-577EACC547DA-LeaderElection3514] INFO  impl.LeaderElection (LeaderElection.java:askForVotes(178)) - 7fc3dcce-a523-45fc-b6d6-b2bad08ce4da@group-577EACC547DA-LeaderElection3514: begin an election at term 1 for -1: [7fc3dcce-a523-45fc-b6d6-b2bad08ce4da:192.168.157.194:35647], old=null
2019-11-04 16:47:19,330 [2911c1bb-ca7b-4253-a902-f80f167657b1@group-E8FE46049495-SegmentedRaftLogWorker] INFO  segmented.SegmentedRaftLogWorker (SegmentedRaftLogWorker.java:execute(576)) - 2911c1bb-ca7b-4253-a902-f80f167657b1@group-E8FE46049495-SegmentedRaftLogWorker: created new log segment /workdir/hadoop-ozone/integration-test/target/test-dir/MiniOzoneClusterImpl-8e66254f-d6bc-40e7-ae2f-db5e1b2bb1f3/datanode-7/data/ratis/7932bee5-973a-4683-80b5-e8fe46049495/current/log_inprogress_0
2019-11-04 16:47:19,331 [pool-610-thread-1] INFO  ratis.ContainerStateMachine (ContainerStateMachine.java:loadSnapshot(231)) - group-E240BB25F985: The snapshot info is null. Setting the last applied indexto:(t:0, i:~)
2019-11-04 16:47:19,331 [7fc3dcce-a523-45fc-b6d6-b2bad08ce4da@group-577EACC547DA-LeaderElection3514] INFO  impl.RoleInfo (RoleInfo.java:shutdownLeaderElection(134)) - 7fc3dcce-a523-45fc-b6d6-b2bad08ce4da: shutdown LeaderElection
2019-11-04 16:47:19,331 [pool-610-thread-1] INFO  server.RaftServerConfigKeys (ConfUtils.java:logGet(43)) - raft.server.notification.no-leader.timeout = 120s (custom)
2019-11-04 16:47:19,331 [7fc3dcce-a523-45fc-b6d6-b2bad08ce4da@group-577EACC547DA-LeaderElection3514] INFO  impl.RaftServerImpl (RaftServerImpl.java:setRole(184)) - 7fc3dcce-a523-45fc-b6d6-b2bad08ce4da@group-577EACC547DA: changes role from CANDIDATE to LEADER at term 1 for changeToLeader
2019-11-04 16:47:19,331 [pool-610-thread-1] INFO  server.RaftServerConfigKeys (ConfUtils.java:logGet(43)) - raft.server.log.use.memory = false (default)
2019-11-04 16:47:19,331 [7fc3dcce-a523-45fc-b6d6-b2bad08ce4da@group-577EACC547DA-LeaderElection3514] INFO  impl.RaftServerImpl (ServerState.java:setLeader(256)) - 7fc3dcce-a523-45fc-b6d6-b2bad08ce4da@group-577EACC547DA: change Leader from null to 7fc3dcce-a523-45fc-b6d6-b2bad08ce4da at term 1 for becomeLeader, leader elected after 195ms
2019-11-04 16:47:19,331 [pool-610-thread-1] INFO  server.RaftServerConfigKeys (ConfUtils.java:logGet(43)) - raft.server.log.purge.gap = 1000000 (custom)
2019-11-04 16:47:19,331 [7fc3dcce-a523-45fc-b6d6-b2bad08ce4da@group-577EACC547DA-LeaderElection3514] INFO  server.RaftServerConfigKeys (ConfUtils.java:logGet(43)) - raft.server.staging.catchup.gap = 1000 (default)
2019-11-04 16:47:19,332 [pool-610-thread-1] INFO  server.RaftServerConfigKeys (ConfUtils.java:logGet(43)) - raft.server.log.appender.buffer.byte-limit = 33554432 (custom)
2019-11-04 16:47:19,332 [7fc3dcce-a523-45fc-b6d6-b2bad08ce4da@group-577EACC547DA-LeaderElection3514] INFO  server.RaftServerConfigKeys (ConfUtils.java:logGet(43)) - raft.server.rpc.sleep.time = 25ms (default)
2019-11-04 16:47:19,332 [pool-610-thread-1] INFO  server.RaftServerConfigKeys (ConfUtils.java:logGet(43)) - raft.server.log.segment.size.max = 1048576 (custom)
2019-11-04 16:47:19,332 [7fc3dcce-a523-45fc-b6d6-b2bad08ce4da@group-577EACC547DA-LeaderElection3514] INFO  server.RaftServerConfigKeys (ConfUtils.java:logGet(43)) - raft.server.write.element-limit = 4096 (default)
2019-11-04 16:47:19,332 [7fc3dcce-a523-45fc-b6d6-b2bad08ce4da@group-577EACC547DA-LeaderElection3514] INFO  server.RaftServerConfigKeys (ConfUtils.java:logGet(43)) - raft.server.watch.timeout = 10s (default)
2019-11-04 16:47:19,333 [7fc3dcce-a523-45fc-b6d6-b2bad08ce4da@group-577EACC547DA-LeaderElection3514] INFO  server.RaftServerConfigKeys (ConfUtils.java:logGet(43)) - raft.server.watch.timeout.denomination = 1s (default)
2019-11-04 16:47:19,333 [7fc3dcce-a523-45fc-b6d6-b2bad08ce4da@group-577EACC547DA-LeaderElection3514] INFO  server.RaftServerConfigKeys (ConfUtils.java:logGet(43)) - raft.server.watch.element-limit = 65536 (default)
2019-11-04 16:47:19,335 [7fc3dcce-a523-45fc-b6d6-b2bad08ce4da@group-577EACC547DA-LeaderElection3514] INFO  impl.RoleInfo (RoleInfo.java:updateAndGet(143)) - 7fc3dcce-a523-45fc-b6d6-b2bad08ce4da: start LeaderState
2019-11-04 16:47:19,336 [7fc3dcce-a523-45fc-b6d6-b2bad08ce4da@group-577EACC547DA-LeaderElection3514] INFO  segmented.SegmentedRaftLogWorker (SegmentedRaftLogWorker.java:startLogSegment(385)) - 7fc3dcce-a523-45fc-b6d6-b2bad08ce4da@group-577EACC547DA-SegmentedRaftLogWorker: Starting segment from index:0
2019-11-04 16:47:19,336 [pool-610-thread-1] INFO  server.RaftServerConfigKeys (ConfUtils.java:logGet(43)) - raft.server.log.segment.cache.num.max = 2 (custom)
2019-11-04 16:47:19,336 [7fc3dcce-a523-45fc-b6d6-b2bad08ce4da@group-577EACC547DA-LeaderElection3514] INFO  impl.RaftServerImpl (ServerState.java:setRaftConf(357)) - 7fc3dcce-a523-45fc-b6d6-b2bad08ce4da@group-577EACC547DA: set configuration 0: [7fc3dcce-a523-45fc-b6d6-b2bad08ce4da:192.168.157.194:35647], old=null at 0
2019-11-04 16:47:19,336 [pool-610-thread-1] INFO  segmented.SegmentedRaftLogWorker (SegmentedRaftLogWorker.java:<init>(173)) - new b64d56c3-7e00-4645-8b63-46d38bcf6e51@group-E240BB25F985-SegmentedRaftLogWorker for RaftStorage:Storage Directory /workdir/hadoop-ozone/integration-test/target/test-dir/MiniOzoneClusterImpl-8e66254f-d6bc-40e7-ae2f-db5e1b2bb1f3/datanode-9/data/ratis/504b2890-7d58-4f21-a010-e240bb25f985
2019-11-04 16:47:19,336 [pool-610-thread-1] INFO  server.RaftServerConfigKeys (ConfUtils.java:logGet(43)) - raft.server.log.queue.byte-limit = 2147483647 (custom)
2019-11-04 16:47:19,337 [pool-610-thread-1] INFO  server.RaftServerConfigKeys (ConfUtils.java:logGet(43)) - raft.server.log.queue.element-limit = 1024 (custom)
2019-11-04 16:47:19,337 [pool-610-thread-1] INFO  server.RaftServerConfigKeys (ConfUtils.java:logGet(43)) - raft.server.log.segment.size.max = 1048576 (custom)
2019-11-04 16:47:19,337 [pool-610-thread-1] INFO  server.RaftServerConfigKeys (ConfUtils.java:logGet(43)) - raft.server.log.preallocated.size = 16384 (custom)
2019-11-04 16:47:19,337 [pool-610-thread-1] INFO  server.RaftServerConfigKeys (ConfUtils.java:logGet(43)) - raft.server.log.write.buffer.size = 33554432 (custom)
2019-11-04 16:47:19,337 [pool-610-thread-1] INFO  server.RaftServerConfigKeys (ConfUtils.java:logGet(43)) - raft.server.log.force.sync.num = 128 (default)
2019-11-04 16:47:19,337 [pool-610-thread-1] INFO  server.RaftServerConfigKeys (ConfUtils.java:logGet(43)) - raft.server.log.statemachine.data.sync = true (default)
2019-11-04 16:47:19,337 [pool-610-thread-1] INFO  server.RaftServerConfigKeys (ConfUtils.java:logGet(43)) - raft.server.log.statemachine.data.sync.timeout = 10s (default)
2019-11-04 16:47:19,338 [pool-610-thread-1] INFO  server.RaftServerConfigKeys (ConfUtils.java:logGet(43)) - raft.server.log.statemachine.data.sync.timeout.retry = -1 (default)
2019-11-04 16:47:19,338 [pool-610-thread-1] INFO  server.RaftServerConfigKeys (ConfUtils.java:logGet(43)) - raft.server.log.statemachine.data.caching.enabled = true (custom)
2019-11-04 16:47:19,338 [pool-610-thread-1] INFO  segmented.SegmentedRaftLogWorker (SegmentedRaftLogWorker.java:lambda$new$0(128)) - b64d56c3-7e00-4645-8b63-46d38bcf6e51@group-E240BB25F985-SegmentedRaftLogWorker: flushIndex: setUnconditionally 0 -> -1
2019-11-04 16:47:19,339 [pool-610-thread-1] INFO  server.RaftServerConfigKeys (ConfUtils.java:logGet(43)) - raft.server.snapshot.auto.trigger.enabled = true (custom)
2019-11-04 16:47:19,339 [pool-610-thread-1] INFO  server.RaftServerConfigKeys (ConfUtils.java:logGet(43)) - raft.server.snapshot.auto.trigger.threshold = 10000 (custom)
2019-11-04 16:47:19,339 [pool-610-thread-1] INFO  server.RaftServerConfigKeys (ConfUtils.java:logGet(43)) - raft.server.snapshot.retention.file.num = 5 (custom)
2019-11-04 16:47:19,339 [pool-610-thread-1] INFO  server.RaftServerConfigKeys (ConfUtils.java:logGet(43)) - raft.server.retrycache.expirytime = 600000ms (custom)
2019-11-04 16:47:19,342 [pool-610-thread-1] INFO  impl.RaftServerImpl (RaftServerImpl.java:start(195)) - b64d56c3-7e00-4645-8b63-46d38bcf6e51@group-E240BB25F985: start as a follower, conf=-1: [b64d56c3-7e00-4645-8b63-46d38bcf6e51:192.168.157.194:33628], old=null
2019-11-04 16:47:19,342 [pool-610-thread-1] INFO  impl.RaftServerImpl (RaftServerImpl.java:setRole(184)) - b64d56c3-7e00-4645-8b63-46d38bcf6e51@group-E240BB25F985: changes role from      null to FOLLOWER at term 0 for startAsFollower
2019-11-04 16:47:19,342 [pool-610-thread-1] INFO  impl.RoleInfo (RoleInfo.java:updateAndGet(143)) - b64d56c3-7e00-4645-8b63-46d38bcf6e51: start FollowerState
2019-11-04 16:47:19,343 [pool-610-thread-1] INFO  util.JmxRegister (JmxRegister.java:tryRegister(44)) - Successfully registered JMX Bean with object name Ratis:service=RaftServer,group=group-E240BB25F985,id=b64d56c3-7e00-4645-8b63-46d38bcf6e51
2019-11-04 16:47:19,347 [RatisPipelineUtilsThread] INFO  pipeline.PipelineStateManager (PipelineStateManager.java:addPipeline(56)) - Created pipeline Pipeline[ Id: 504b2890-7d58-4f21-a010-e240bb25f985, Nodes: b64d56c3-7e00-4645-8b63-46d38bcf6e51{ip: 192.168.157.194, host: pr-hdds-1643-sn7dj-2043761873, networkLocation: /rack1, certSerialId: null}, Type:RATIS, Factor:ONE, State:OPEN]
2019-11-04 16:47:19,349 [grpc-default-executor-14] INFO  impl.RaftServerProxy (RaftServerProxy.java:addNew(89)) - ad9dfb15-0321-4349-a9e1-29d9eb7275d5: addNew group-47944429F1DF:[ad9dfb15-0321-4349-a9e1-29d9eb7275d5:192.168.157.194:45506] returns group-47944429F1DF:java.util.concurrent.CompletableFuture@40a6c9af[Not completed]
2019-11-04 16:47:19,351 [pool-570-thread-1] INFO  impl.RaftServerImpl (RaftServerImpl.java:<init>(104)) - ad9dfb15-0321-4349-a9e1-29d9eb7275d5: new RaftServerImpl for group-47944429F1DF:[ad9dfb15-0321-4349-a9e1-29d9eb7275d5:192.168.157.194:45506] with ContainerStateMachine:uninitialized
2019-11-04 16:47:19,351 [pool-570-thread-1] INFO  server.RaftServerConfigKeys (ConfUtils.java:logGet(43)) - raft.server.rpc.timeout.min = 1s (custom)
2019-11-04 16:47:19,351 [pool-570-thread-1] INFO  server.RaftServerConfigKeys (ConfUtils.java:logGet(43)) - raft.server.rpc.timeout.max = 1200ms (custom)
2019-11-04 16:47:19,351 [pool-570-thread-1] INFO  server.RaftServerConfigKeys (ConfUtils.java:logGet(43)) - raft.server.rpcslowness.timeout = 120s (custom)
2019-11-04 16:47:19,351 [pool-570-thread-1] INFO  server.RaftServerConfigKeys (ConfUtils.java:logGet(43)) - raft.server.sleep.deviation.threshold = 300 (default)
2019-11-04 16:47:19,351 [pool-570-thread-1] INFO  server.RaftServerConfigKeys (ConfUtils.java:logGet(43)) - raft.server.log.appender.install.snapshot.enabled = false (custom)
2019-11-04 16:47:19,351 [pool-570-thread-1] INFO  impl.RaftServerImpl (ServerState.java:<init>(103)) - ad9dfb15-0321-4349-a9e1-29d9eb7275d5@group-47944429F1DF: ConfigurationManager, init=-1: [ad9dfb15-0321-4349-a9e1-29d9eb7275d5:192.168.157.194:45506], old=null, confs=<EMPTY_MAP>
2019-11-04 16:47:19,352 [pool-570-thread-1] INFO  server.RaftServerConfigKeys (ConfUtils.java:logGet(43)) - raft.server.storage.dir = [/workdir/hadoop-ozone/integration-test/target/test-dir/MiniOzoneClusterImpl-8e66254f-d6bc-40e7-ae2f-db5e1b2bb1f3/datanode-5/data/ratis] (custom)
2019-11-04 16:47:19,352 [pool-570-thread-1] INFO  server.RaftServerConfigKeys (ConfUtils.java:logGet(43)) - raft.server.log.corruption.policy = EXCEPTION (default)
2019-11-04 16:47:19,352 [pool-570-thread-1] INFO  storage.RaftStorageDirectory (RaftStorageDirectory.java:analyzeStorage(246)) - The storage directory /workdir/hadoop-ozone/integration-test/target/test-dir/MiniOzoneClusterImpl-8e66254f-d6bc-40e7-ae2f-db5e1b2bb1f3/datanode-5/data/ratis/bed52a21-a7cf-4024-a21d-47944429f1df does not exist. Creating ...
2019-11-04 16:47:19,356 [Thread-24972] INFO  impl.FollowerState (FollowerState.java:run(108)) - 53db7904-d288-4108-8bc9-f81d312978a3@group-AFC21F014681-FollowerState: change to CANDIDATE, lastRpcTime:161ms, electionTimeout:161ms
2019-11-04 16:47:19,356 [Thread-24972] INFO  impl.RoleInfo (RoleInfo.java:shutdownFollowerState(121)) - 53db7904-d288-4108-8bc9-f81d312978a3: shutdown FollowerState
2019-11-04 16:47:19,356 [Thread-24972] INFO  impl.RaftServerImpl (RaftServerImpl.java:setRole(184)) - 53db7904-d288-4108-8bc9-f81d312978a3@group-AFC21F014681: changes role from  FOLLOWER to CANDIDATE at term 0 for changeToCandidate
2019-11-04 16:47:19,357 [Thread-24972] INFO  impl.RoleInfo (RoleInfo.java:updateAndGet(143)) - 53db7904-d288-4108-8bc9-f81d312978a3: start LeaderElection
2019-11-04 16:47:19,365 [pool-570-thread-1] INFO  storage.RaftStorageDirectory (RaftStorageDirectory.java:tryLock(328)) - Lock on /workdir/hadoop-ozone/integration-test/target/test-dir/MiniOzoneClusterImpl-8e66254f-d6bc-40e7-ae2f-db5e1b2bb1f3/datanode-5/data/ratis/bed52a21-a7cf-4024-a21d-47944429f1df/in_use.lock acquired by nodename 16190@pr-hdds-1643-sn7dj-2043761873
2019-11-04 16:47:19,366 [53db7904-d288-4108-8bc9-f81d312978a3@group-AFC21F014681-LeaderElection3515] INFO  impl.LeaderElection (LeaderElection.java:askForVotes(178)) - 53db7904-d288-4108-8bc9-f81d312978a3@group-AFC21F014681-LeaderElection3515: begin an election at term 1 for -1: [53db7904-d288-4108-8bc9-f81d312978a3:192.168.157.194:45062], old=null
2019-11-04 16:47:19,365 [7fc3dcce-a523-45fc-b6d6-b2bad08ce4da@group-577EACC547DA-SegmentedRaftLogWorker] INFO  segmented.SegmentedRaftLogWorker (SegmentedRaftLogWorker.java:execute(576)) - 7fc3dcce-a523-45fc-b6d6-b2bad08ce4da@group-577EACC547DA-SegmentedRaftLogWorker: created new log segment /workdir/hadoop-ozone/integration-test/target/test-dir/MiniOzoneClusterImpl-8e66254f-d6bc-40e7-ae2f-db5e1b2bb1f3/datanode-6/data/ratis/e5bae2ba-c20b-4171-8a89-577eacc547da/current/log_inprogress_0
2019-11-04 16:47:19,366 [53db7904-d288-4108-8bc9-f81d312978a3@group-AFC21F014681-LeaderElection3515] INFO  impl.RoleInfo (RoleInfo.java:shutdownLeaderElection(134)) - 53db7904-d288-4108-8bc9-f81d312978a3: shutdown LeaderElection
2019-11-04 16:47:19,366 [53db7904-d288-4108-8bc9-f81d312978a3@group-AFC21F014681-LeaderElection3515] INFO  impl.RaftServerImpl (RaftServerImpl.java:setRole(184)) - 53db7904-d288-4108-8bc9-f81d312978a3@group-AFC21F014681: changes role from CANDIDATE to LEADER at term 1 for changeToLeader
2019-11-04 16:47:19,366 [53db7904-d288-4108-8bc9-f81d312978a3@group-AFC21F014681-LeaderElection3515] INFO  impl.RaftServerImpl (ServerState.java:setLeader(256)) - 53db7904-d288-4108-8bc9-f81d312978a3@group-AFC21F014681: change Leader from null to 53db7904-d288-4108-8bc9-f81d312978a3 at term 1 for becomeLeader, leader elected after 176ms
2019-11-04 16:47:19,366 [53db7904-d288-4108-8bc9-f81d312978a3@group-AFC21F014681-LeaderElection3515] INFO  server.RaftServerConfigKeys (ConfUtils.java:logGet(43)) - raft.server.staging.catchup.gap = 1000 (default)
2019-11-04 16:47:19,366 [53db7904-d288-4108-8bc9-f81d312978a3@group-AFC21F014681-LeaderElection3515] INFO  server.RaftServerConfigKeys (ConfUtils.java:logGet(43)) - raft.server.rpc.sleep.time = 25ms (default)
2019-11-04 16:47:19,366 [53db7904-d288-4108-8bc9-f81d312978a3@group-AFC21F014681-LeaderElection3515] INFO  server.RaftServerConfigKeys (ConfUtils.java:logGet(43)) - raft.server.write.element-limit = 4096 (default)
2019-11-04 16:47:19,366 [53db7904-d288-4108-8bc9-f81d312978a3@group-AFC21F014681-LeaderElection3515] INFO  server.RaftServerConfigKeys (ConfUtils.java:logGet(43)) - raft.server.watch.timeout = 10s (default)
2019-11-04 16:47:19,366 [53db7904-d288-4108-8bc9-f81d312978a3@group-AFC21F014681-LeaderElection3515] INFO  server.RaftServerConfigKeys (ConfUtils.java:logGet(43)) - raft.server.watch.timeout.denomination = 1s (default)
2019-11-04 16:47:19,367 [53db7904-d288-4108-8bc9-f81d312978a3@group-AFC21F014681-LeaderElection3515] INFO  server.RaftServerConfigKeys (ConfUtils.java:logGet(43)) - raft.server.watch.element-limit = 65536 (default)
2019-11-04 16:47:19,368 [53db7904-d288-4108-8bc9-f81d312978a3@group-AFC21F014681-LeaderElection3515] INFO  impl.RoleInfo (RoleInfo.java:updateAndGet(143)) - 53db7904-d288-4108-8bc9-f81d312978a3: start LeaderState
2019-11-04 16:47:19,368 [53db7904-d288-4108-8bc9-f81d312978a3@group-AFC21F014681-LeaderElection3515] INFO  segmented.SegmentedRaftLogWorker (SegmentedRaftLogWorker.java:startLogSegment(385)) - 53db7904-d288-4108-8bc9-f81d312978a3@group-AFC21F014681-SegmentedRaftLogWorker: Starting segment from index:0
2019-11-04 16:47:19,368 [53db7904-d288-4108-8bc9-f81d312978a3@group-AFC21F014681-LeaderElection3515] INFO  impl.RaftServerImpl (ServerState.java:setRaftConf(357)) - 53db7904-d288-4108-8bc9-f81d312978a3@group-AFC21F014681: set configuration 0: [53db7904-d288-4108-8bc9-f81d312978a3:192.168.157.194:45062], old=null at 0
2019-11-04 16:47:19,379 [pool-570-thread-1] INFO  storage.RaftStorage (RaftStorage.java:format(84)) - Storage directory /workdir/hadoop-ozone/integration-test/target/test-dir/MiniOzoneClusterImpl-8e66254f-d6bc-40e7-ae2f-db5e1b2bb1f3/datanode-5/data/ratis/bed52a21-a7cf-4024-a21d-47944429f1df has been successfully formatted.
2019-11-04 16:47:19,380 [pool-570-thread-1] INFO  ratis.ContainerStateMachine (ContainerStateMachine.java:loadSnapshot(231)) - group-47944429F1DF: The snapshot info is null. Setting the last applied indexto:(t:0, i:~)
2019-11-04 16:47:19,380 [pool-570-thread-1] INFO  server.RaftServerConfigKeys (ConfUtils.java:logGet(43)) - raft.server.notification.no-leader.timeout = 120s (custom)
2019-11-04 16:47:19,380 [pool-570-thread-1] INFO  server.RaftServerConfigKeys (ConfUtils.java:logGet(43)) - raft.server.log.use.memory = false (default)
2019-11-04 16:47:19,380 [pool-570-thread-1] INFO  server.RaftServerConfigKeys (ConfUtils.java:logGet(43)) - raft.server.log.purge.gap = 1000000 (custom)
2019-11-04 16:47:19,380 [pool-570-thread-1] INFO  server.RaftServerConfigKeys (ConfUtils.java:logGet(43)) - raft.server.log.appender.buffer.byte-limit = 33554432 (custom)
2019-11-04 16:47:19,380 [pool-570-thread-1] INFO  server.RaftServerConfigKeys (ConfUtils.java:logGet(43)) - raft.server.log.segment.size.max = 1048576 (custom)
2019-11-04 16:47:19,381 [pool-570-thread-1] INFO  server.RaftServerConfigKeys (ConfUtils.java:logGet(43)) - raft.server.log.segment.cache.num.max = 2 (custom)
2019-11-04 16:47:19,382 [pool-570-thread-1] INFO  segmented.SegmentedRaftLogWorker (SegmentedRaftLogWorker.java:<init>(173)) - new ad9dfb15-0321-4349-a9e1-29d9eb7275d5@group-47944429F1DF-SegmentedRaftLogWorker for RaftStorage:Storage Directory /workdir/hadoop-ozone/integration-test/target/test-dir/MiniOzoneClusterImpl-8e66254f-d6bc-40e7-ae2f-db5e1b2bb1f3/datanode-5/data/ratis/bed52a21-a7cf-4024-a21d-47944429f1df
2019-11-04 16:47:19,382 [pool-570-thread-1] INFO  server.RaftServerConfigKeys (ConfUtils.java:logGet(43)) - raft.server.log.queue.byte-limit = 2147483647 (custom)
2019-11-04 16:47:19,382 [pool-570-thread-1] INFO  server.RaftServerConfigKeys (ConfUtils.java:logGet(43)) - raft.server.log.queue.element-limit = 1024 (custom)
2019-11-04 16:47:19,382 [pool-570-thread-1] INFO  server.RaftServerConfigKeys (ConfUtils.java:logGet(43)) - raft.server.log.segment.size.max = 1048576 (custom)
2019-11-04 16:47:19,382 [pool-570-thread-1] INFO  server.RaftServerConfigKeys (ConfUtils.java:logGet(43)) - raft.server.log.preallocated.size = 16384 (custom)
2019-11-04 16:47:19,382 [pool-570-thread-1] INFO  server.RaftServerConfigKeys (ConfUtils.java:logGet(43)) - raft.server.log.write.buffer.size = 33554432 (custom)
2019-11-04 16:47:19,382 [pool-570-thread-1] INFO  server.RaftServerConfigKeys (ConfUtils.java:logGet(43)) - raft.server.log.force.sync.num = 128 (default)
2019-11-04 16:47:19,382 [pool-570-thread-1] INFO  server.RaftServerConfigKeys (ConfUtils.java:logGet(43)) - raft.server.log.statemachine.data.sync = true (default)
2019-11-04 16:47:19,382 [pool-570-thread-1] INFO  server.RaftServerConfigKeys (ConfUtils.java:logGet(43)) - raft.server.log.statemachine.data.sync.timeout = 10s (default)
2019-11-04 16:47:19,383 [pool-570-thread-1] INFO  server.RaftServerConfigKeys (ConfUtils.java:logGet(43)) - raft.server.log.statemachine.data.sync.timeout.retry = -1 (default)
2019-11-04 16:47:19,383 [pool-570-thread-1] INFO  server.RaftServerConfigKeys (ConfUtils.java:logGet(43)) - raft.server.log.statemachine.data.caching.enabled = true (custom)
2019-11-04 16:47:19,383 [pool-570-thread-1] INFO  segmented.SegmentedRaftLogWorker (SegmentedRaftLogWorker.java:lambda$new$0(128)) - ad9dfb15-0321-4349-a9e1-29d9eb7275d5@group-47944429F1DF-SegmentedRaftLogWorker: flushIndex: setUnconditionally 0 -> -1
2019-11-04 16:47:19,383 [pool-570-thread-1] INFO  server.RaftServerConfigKeys (ConfUtils.java:logGet(43)) - raft.server.snapshot.auto.trigger.enabled = true (custom)
2019-11-04 16:47:19,383 [pool-570-thread-1] INFO  server.RaftServerConfigKeys (ConfUtils.java:logGet(43)) - raft.server.snapshot.auto.trigger.threshold = 10000 (custom)
2019-11-04 16:47:19,384 [pool-570-thread-1] INFO  server.RaftServerConfigKeys (ConfUtils.java:logGet(43)) - raft.server.snapshot.retention.file.num = 5 (custom)
2019-11-04 16:47:19,384 [pool-570-thread-1] INFO  server.RaftServerConfigKeys (ConfUtils.java:logGet(43)) - raft.server.retrycache.expirytime = 600000ms (custom)
2019-11-04 16:47:19,386 [pool-570-thread-1] INFO  impl.RaftServerImpl (RaftServerImpl.java:start(195)) - ad9dfb15-0321-4349-a9e1-29d9eb7275d5@group-47944429F1DF: start as a follower, conf=-1: [ad9dfb15-0321-4349-a9e1-29d9eb7275d5:192.168.157.194:45506], old=null
2019-11-04 16:47:19,386 [pool-570-thread-1] INFO  impl.RaftServerImpl (RaftServerImpl.java:setRole(184)) - ad9dfb15-0321-4349-a9e1-29d9eb7275d5@group-47944429F1DF: changes role from      null to FOLLOWER at term 0 for startAsFollower
2019-11-04 16:47:19,386 [pool-570-thread-1] INFO  impl.RoleInfo (RoleInfo.java:updateAndGet(143)) - ad9dfb15-0321-4349-a9e1-29d9eb7275d5: start FollowerState
2019-11-04 16:47:19,387 [pool-570-thread-1] INFO  util.JmxRegister (JmxRegister.java:tryRegister(44)) - Successfully registered JMX Bean with object name Ratis:service=RaftServer,group=group-47944429F1DF,id=ad9dfb15-0321-4349-a9e1-29d9eb7275d5
2019-11-04 16:47:19,389 [RatisPipelineUtilsThread] INFO  pipeline.PipelineStateManager (PipelineStateManager.java:addPipeline(56)) - Created pipeline Pipeline[ Id: bed52a21-a7cf-4024-a21d-47944429f1df, Nodes: ad9dfb15-0321-4349-a9e1-29d9eb7275d5{ip: 192.168.157.194, host: pr-hdds-1643-sn7dj-2043761873, networkLocation: /rack1, certSerialId: null}, Type:RATIS, Factor:ONE, State:OPEN]
2019-11-04 16:47:19,400 [grpc-default-executor-3] INFO  impl.RaftServerProxy (RaftServerProxy.java:addNew(89)) - b64d56c3-7e00-4645-8b63-46d38bcf6e51: addNew group-A695585A5CDD:[b64d56c3-7e00-4645-8b63-46d38bcf6e51:192.168.157.194:33628, 693d1277-6dfc-424e-94e6-a87b40f9160b:192.168.157.194:33365, 53db7904-d288-4108-8bc9-f81d312978a3:192.168.157.194:45062] returns group-A695585A5CDD:java.util.concurrent.CompletableFuture@75b3f99[Not completed]
2019-11-04 16:47:19,401 [grpc-default-executor-3] INFO  impl.RaftServerProxy (RaftServerProxy.java:addNew(89)) - 53db7904-d288-4108-8bc9-f81d312978a3: addNew group-A695585A5CDD:[b64d56c3-7e00-4645-8b63-46d38bcf6e51:192.168.157.194:33628, 693d1277-6dfc-424e-94e6-a87b40f9160b:192.168.157.194:33365, 53db7904-d288-4108-8bc9-f81d312978a3:192.168.157.194:45062] returns group-A695585A5CDD:java.util.concurrent.CompletableFuture@dea129a[Not completed]
2019-11-04 16:47:19,403 [grpc-default-executor-14] INFO  impl.RaftServerProxy (RaftServerProxy.java:addNew(89)) - 693d1277-6dfc-424e-94e6-a87b40f9160b: addNew group-A695585A5CDD:[b64d56c3-7e00-4645-8b63-46d38bcf6e51:192.168.157.194:33628, 693d1277-6dfc-424e-94e6-a87b40f9160b:192.168.157.194:33365, 53db7904-d288-4108-8bc9-f81d312978a3:192.168.157.194:45062] returns group-A695585A5CDD:java.util.concurrent.CompletableFuture@768b5efd[Not completed]
2019-11-04 16:47:19,403 [pool-610-thread-1] INFO  impl.RaftServerImpl (RaftServerImpl.java:<init>(104)) - b64d56c3-7e00-4645-8b63-46d38bcf6e51: new RaftServerImpl for group-A695585A5CDD:[b64d56c3-7e00-4645-8b63-46d38bcf6e51:192.168.157.194:33628, 693d1277-6dfc-424e-94e6-a87b40f9160b:192.168.157.194:33365, 53db7904-d288-4108-8bc9-f81d312978a3:192.168.157.194:45062] with ContainerStateMachine:uninitialized
2019-11-04 16:47:19,403 [pool-610-thread-1] INFO  server.RaftServerConfigKeys (ConfUtils.java:logGet(43)) - raft.server.rpc.timeout.min = 1s (custom)
2019-11-04 16:47:19,403 [pool-610-thread-1] INFO  server.RaftServerConfigKeys (ConfUtils.java:logGet(43)) - raft.server.rpc.timeout.max = 1200ms (custom)
2019-11-04 16:47:19,403 [pool-600-thread-1] INFO  impl.RaftServerImpl (RaftServerImpl.java:<init>(104)) - 53db7904-d288-4108-8bc9-f81d312978a3: new RaftServerImpl for group-A695585A5CDD:[b64d56c3-7e00-4645-8b63-46d38bcf6e51:192.168.157.194:33628, 693d1277-6dfc-424e-94e6-a87b40f9160b:192.168.157.194:33365, 53db7904-d288-4108-8bc9-f81d312978a3:192.168.157.194:45062] with ContainerStateMachine:uninitialized
2019-11-04 16:47:19,404 [pool-610-thread-1] INFO  server.RaftServerConfigKeys (ConfUtils.java:logGet(43)) - raft.server.rpcslowness.timeout = 120s (custom)
2019-11-04 16:47:19,404 [pool-600-thread-1] INFO  server.RaftServerConfigKeys (ConfUtils.java:logGet(43)) - raft.server.rpc.timeout.min = 1s (custom)
2019-11-04 16:47:19,404 [pool-610-thread-1] INFO  server.RaftServerConfigKeys (ConfUtils.java:logGet(43)) - raft.server.sleep.deviation.threshold = 300 (default)
2019-11-04 16:47:19,404 [pool-550-thread-1] INFO  impl.RaftServerImpl (RaftServerImpl.java:<init>(104)) - 693d1277-6dfc-424e-94e6-a87b40f9160b: new RaftServerImpl for group-A695585A5CDD:[b64d56c3-7e00-4645-8b63-46d38bcf6e51:192.168.157.194:33628, 693d1277-6dfc-424e-94e6-a87b40f9160b:192.168.157.194:33365, 53db7904-d288-4108-8bc9-f81d312978a3:192.168.157.194:45062] with ContainerStateMachine:uninitialized
2019-11-04 16:47:19,404 [pool-600-thread-1] INFO  server.RaftServerConfigKeys (ConfUtils.java:logGet(43)) - raft.server.rpc.timeout.max = 1200ms (custom)
2019-11-04 16:47:19,404 [pool-550-thread-1] INFO  server.RaftServerConfigKeys (ConfUtils.java:logGet(43)) - raft.server.rpc.timeout.min = 1s (custom)
2019-11-04 16:47:19,404 [pool-610-thread-1] INFO  server.RaftServerConfigKeys (ConfUtils.java:logGet(43)) - raft.server.log.appender.install.snapshot.enabled = false (custom)
2019-11-04 16:47:19,404 [pool-550-thread-1] INFO  server.RaftServerConfigKeys (ConfUtils.java:logGet(43)) - raft.server.rpc.timeout.max = 1200ms (custom)
2019-11-04 16:47:19,404 [pool-600-thread-1] INFO  server.RaftServerConfigKeys (ConfUtils.java:logGet(43)) - raft.server.rpcslowness.timeout = 120s (custom)
2019-11-04 16:47:19,404 [pool-550-thread-1] INFO  server.RaftServerConfigKeys (ConfUtils.java:logGet(43)) - raft.server.rpcslowness.timeout = 120s (custom)
2019-11-04 16:47:19,404 [pool-610-thread-1] INFO  impl.RaftServerImpl (ServerState.java:<init>(103)) - b64d56c3-7e00-4645-8b63-46d38bcf6e51@group-A695585A5CDD: ConfigurationManager, init=-1: [b64d56c3-7e00-4645-8b63-46d38bcf6e51:192.168.157.194:33628, 693d1277-6dfc-424e-94e6-a87b40f9160b:192.168.157.194:33365, 53db7904-d288-4108-8bc9-f81d312978a3:192.168.157.194:45062], old=null, confs=<EMPTY_MAP>
2019-11-04 16:47:19,404 [pool-550-thread-1] INFO  server.RaftServerConfigKeys (ConfUtils.java:logGet(43)) - raft.server.sleep.deviation.threshold = 300 (default)
2019-11-04 16:47:19,404 [pool-610-thread-1] INFO  server.RaftServerConfigKeys (ConfUtils.java:logGet(43)) - raft.server.storage.dir = [/workdir/hadoop-ozone/integration-test/target/test-dir/MiniOzoneClusterImpl-8e66254f-d6bc-40e7-ae2f-db5e1b2bb1f3/datanode-9/data/ratis] (custom)
2019-11-04 16:47:19,404 [pool-600-thread-1] INFO  server.RaftServerConfigKeys (ConfUtils.java:logGet(43)) - raft.server.sleep.deviation.threshold = 300 (default)
2019-11-04 16:47:19,404 [pool-550-thread-1] INFO  server.RaftServerConfigKeys (ConfUtils.java:logGet(43)) - raft.server.log.appender.install.snapshot.enabled = false (custom)
2019-11-04 16:47:19,405 [pool-600-thread-1] INFO  server.RaftServerConfigKeys (ConfUtils.java:logGet(43)) - raft.server.log.appender.install.snapshot.enabled = false (custom)
2019-11-04 16:47:19,405 [pool-550-thread-1] INFO  impl.RaftServerImpl (ServerState.java:<init>(103)) - 693d1277-6dfc-424e-94e6-a87b40f9160b@group-A695585A5CDD: ConfigurationManager, init=-1: [b64d56c3-7e00-4645-8b63-46d38bcf6e51:192.168.157.194:33628, 693d1277-6dfc-424e-94e6-a87b40f9160b:192.168.157.194:33365, 53db7904-d288-4108-8bc9-f81d312978a3:192.168.157.194:45062], old=null, confs=<EMPTY_MAP>
2019-11-04 16:47:19,405 [pool-610-thread-1] INFO  server.RaftServerConfigKeys (ConfUtils.java:logGet(43)) - raft.server.log.corruption.policy = EXCEPTION (default)
2019-11-04 16:47:19,405 [pool-550-thread-1] INFO  server.RaftServerConfigKeys (ConfUtils.java:logGet(43)) - raft.server.storage.dir = [/workdir/hadoop-ozone/integration-test/target/test-dir/MiniOzoneClusterImpl-8e66254f-d6bc-40e7-ae2f-db5e1b2bb1f3/datanode-3/data/ratis] (custom)
2019-11-04 16:47:19,405 [pool-600-thread-1] INFO  impl.RaftServerImpl (ServerState.java:<init>(103)) - 53db7904-d288-4108-8bc9-f81d312978a3@group-A695585A5CDD: ConfigurationManager, init=-1: [b64d56c3-7e00-4645-8b63-46d38bcf6e51:192.168.157.194:33628, 693d1277-6dfc-424e-94e6-a87b40f9160b:192.168.157.194:33365, 53db7904-d288-4108-8bc9-f81d312978a3:192.168.157.194:45062], old=null, confs=<EMPTY_MAP>
2019-11-04 16:47:19,405 [pool-610-thread-1] INFO  storage.RaftStorageDirectory (RaftStorageDirectory.java:analyzeStorage(246)) - The storage directory /workdir/hadoop-ozone/integration-test/target/test-dir/MiniOzoneClusterImpl-8e66254f-d6bc-40e7-ae2f-db5e1b2bb1f3/datanode-9/data/ratis/c25ffe73-3d3b-4dbf-af1c-a695585a5cdd does not exist. Creating ...
2019-11-04 16:47:19,405 [pool-550-thread-1] INFO  server.RaftServerConfigKeys (ConfUtils.java:logGet(43)) - raft.server.log.corruption.policy = EXCEPTION (default)
2019-11-04 16:47:19,405 [pool-600-thread-1] INFO  server.RaftServerConfigKeys (ConfUtils.java:logGet(43)) - raft.server.storage.dir = [/workdir/hadoop-ozone/integration-test/target/test-dir/MiniOzoneClusterImpl-8e66254f-d6bc-40e7-ae2f-db5e1b2bb1f3/datanode-8/data/ratis] (custom)
2019-11-04 16:47:19,405 [pool-550-thread-1] INFO  storage.RaftStorageDirectory (RaftStorageDirectory.java:analyzeStorage(246)) - The storage directory /workdir/hadoop-ozone/integration-test/target/test-dir/MiniOzoneClusterImpl-8e66254f-d6bc-40e7-ae2f-db5e1b2bb1f3/datanode-3/data/ratis/c25ffe73-3d3b-4dbf-af1c-a695585a5cdd does not exist. Creating ...
2019-11-04 16:47:19,405 [pool-600-thread-1] INFO  server.RaftServerConfigKeys (ConfUtils.java:logGet(43)) - raft.server.log.corruption.policy = EXCEPTION (default)
2019-11-04 16:47:19,406 [pool-600-thread-1] INFO  storage.RaftStorageDirectory (RaftStorageDirectory.java:analyzeStorage(246)) - The storage directory /workdir/hadoop-ozone/integration-test/target/test-dir/MiniOzoneClusterImpl-8e66254f-d6bc-40e7-ae2f-db5e1b2bb1f3/datanode-8/data/ratis/c25ffe73-3d3b-4dbf-af1c-a695585a5cdd does not exist. Creating ...
2019-11-04 16:47:19,410 [pool-600-thread-1] INFO  storage.RaftStorageDirectory (RaftStorageDirectory.java:tryLock(328)) - Lock on /workdir/hadoop-ozone/integration-test/target/test-dir/MiniOzoneClusterImpl-8e66254f-d6bc-40e7-ae2f-db5e1b2bb1f3/datanode-8/data/ratis/c25ffe73-3d3b-4dbf-af1c-a695585a5cdd/in_use.lock acquired by nodename 16190@pr-hdds-1643-sn7dj-2043761873
2019-11-04 16:47:19,410 [pool-550-thread-1] INFO  storage.RaftStorageDirectory (RaftStorageDirectory.java:tryLock(328)) - Lock on /workdir/hadoop-ozone/integration-test/target/test-dir/MiniOzoneClusterImpl-8e66254f-d6bc-40e7-ae2f-db5e1b2bb1f3/datanode-3/data/ratis/c25ffe73-3d3b-4dbf-af1c-a695585a5cdd/in_use.lock acquired by nodename 16190@pr-hdds-1643-sn7dj-2043761873
2019-11-04 16:47:19,410 [pool-610-thread-1] INFO  storage.RaftStorageDirectory (RaftStorageDirectory.java:tryLock(328)) - Lock on /workdir/hadoop-ozone/integration-test/target/test-dir/MiniOzoneClusterImpl-8e66254f-d6bc-40e7-ae2f-db5e1b2bb1f3/datanode-9/data/ratis/c25ffe73-3d3b-4dbf-af1c-a695585a5cdd/in_use.lock acquired by nodename 16190@pr-hdds-1643-sn7dj-2043761873
2019-11-04 16:47:19,410 [53db7904-d288-4108-8bc9-f81d312978a3@group-AFC21F014681-SegmentedRaftLogWorker] INFO  segmented.SegmentedRaftLogWorker (SegmentedRaftLogWorker.java:execute(576)) - 53db7904-d288-4108-8bc9-f81d312978a3@group-AFC21F014681-SegmentedRaftLogWorker: created new log segment /workdir/hadoop-ozone/integration-test/target/test-dir/MiniOzoneClusterImpl-8e66254f-d6bc-40e7-ae2f-db5e1b2bb1f3/datanode-8/data/ratis/4c6c5586-4b9d-4926-b927-afc21f014681/current/log_inprogress_0
2019-11-04 16:47:19,423 [pool-610-thread-1] INFO  storage.RaftStorage (RaftStorage.java:format(84)) - Storage directory /workdir/hadoop-ozone/integration-test/target/test-dir/MiniOzoneClusterImpl-8e66254f-d6bc-40e7-ae2f-db5e1b2bb1f3/datanode-9/data/ratis/c25ffe73-3d3b-4dbf-af1c-a695585a5cdd has been successfully formatted.
2019-11-04 16:47:19,423 [pool-550-thread-1] INFO  storage.RaftStorage (RaftStorage.java:format(84)) - Storage directory /workdir/hadoop-ozone/integration-test/target/test-dir/MiniOzoneClusterImpl-8e66254f-d6bc-40e7-ae2f-db5e1b2bb1f3/datanode-3/data/ratis/c25ffe73-3d3b-4dbf-af1c-a695585a5cdd has been successfully formatted.
2019-11-04 16:47:19,423 [pool-600-thread-1] INFO  storage.RaftStorage (RaftStorage.java:format(84)) - Storage directory /workdir/hadoop-ozone/integration-test/target/test-dir/MiniOzoneClusterImpl-8e66254f-d6bc-40e7-ae2f-db5e1b2bb1f3/datanode-8/data/ratis/c25ffe73-3d3b-4dbf-af1c-a695585a5cdd has been successfully formatted.
2019-11-04 16:47:19,424 [pool-610-thread-1] INFO  ratis.ContainerStateMachine (ContainerStateMachine.java:loadSnapshot(231)) - group-A695585A5CDD: The snapshot info is null. Setting the last applied indexto:(t:0, i:~)
2019-11-04 16:47:19,424 [pool-600-thread-1] INFO  ratis.ContainerStateMachine (ContainerStateMachine.java:loadSnapshot(231)) - group-A695585A5CDD: The snapshot info is null. Setting the last applied indexto:(t:0, i:~)
2019-11-04 16:47:19,424 [pool-550-thread-1] INFO  ratis.ContainerStateMachine (ContainerStateMachine.java:loadSnapshot(231)) - group-A695585A5CDD: The snapshot info is null. Setting the last applied indexto:(t:0, i:~)
2019-11-04 16:47:19,424 [pool-600-thread-1] INFO  server.RaftServerConfigKeys (ConfUtils.java:logGet(43)) - raft.server.notification.no-leader.timeout = 120s (custom)
2019-11-04 16:47:19,424 [pool-610-thread-1] INFO  server.RaftServerConfigKeys (ConfUtils.java:logGet(43)) - raft.server.notification.no-leader.timeout = 120s (custom)
2019-11-04 16:47:19,424 [pool-600-thread-1] INFO  server.RaftServerConfigKeys (ConfUtils.java:logGet(43)) - raft.server.log.use.memory = false (default)
2019-11-04 16:47:19,424 [pool-550-thread-1] INFO  server.RaftServerConfigKeys (ConfUtils.java:logGet(43)) - raft.server.notification.no-leader.timeout = 120s (custom)
2019-11-04 16:47:19,424 [pool-600-thread-1] INFO  server.RaftServerConfigKeys (ConfUtils.java:logGet(43)) - raft.server.log.purge.gap = 1000000 (custom)
2019-11-04 16:47:19,424 [pool-610-thread-1] INFO  server.RaftServerConfigKeys (ConfUtils.java:logGet(43)) - raft.server.log.use.memory = false (default)
2019-11-04 16:47:19,424 [pool-600-thread-1] INFO  server.RaftServerConfigKeys (ConfUtils.java:logGet(43)) - raft.server.log.appender.buffer.byte-limit = 33554432 (custom)
2019-11-04 16:47:19,424 [pool-550-thread-1] INFO  server.RaftServerConfigKeys (ConfUtils.java:logGet(43)) - raft.server.log.use.memory = false (default)
2019-11-04 16:47:19,425 [pool-600-thread-1] INFO  server.RaftServerConfigKeys (ConfUtils.java:logGet(43)) - raft.server.log.segment.size.max = 1048576 (custom)
2019-11-04 16:47:19,425 [pool-610-thread-1] INFO  server.RaftServerConfigKeys (ConfUtils.java:logGet(43)) - raft.server.log.purge.gap = 1000000 (custom)
2019-11-04 16:47:19,425 [pool-600-thread-1] INFO  server.RaftServerConfigKeys (ConfUtils.java:logGet(43)) - raft.server.log.segment.cache.num.max = 2 (custom)
2019-11-04 16:47:19,425 [pool-550-thread-1] INFO  server.RaftServerConfigKeys (ConfUtils.java:logGet(43)) - raft.server.log.purge.gap = 1000000 (custom)
2019-11-04 16:47:19,425 [pool-600-thread-1] INFO  segmented.SegmentedRaftLogWorker (SegmentedRaftLogWorker.java:<init>(173)) - new 53db7904-d288-4108-8bc9-f81d312978a3@group-A695585A5CDD-SegmentedRaftLogWorker for RaftStorage:Storage Directory /workdir/hadoop-ozone/integration-test/target/test-dir/MiniOzoneClusterImpl-8e66254f-d6bc-40e7-ae2f-db5e1b2bb1f3/datanode-8/data/ratis/c25ffe73-3d3b-4dbf-af1c-a695585a5cdd
2019-11-04 16:47:19,425 [pool-610-thread-1] INFO  server.RaftServerConfigKeys (ConfUtils.java:logGet(43)) - raft.server.log.appender.buffer.byte-limit = 33554432 (custom)
2019-11-04 16:47:19,425 [pool-600-thread-1] INFO  server.RaftServerConfigKeys (ConfUtils.java:logGet(43)) - raft.server.log.queue.byte-limit = 2147483647 (custom)
2019-11-04 16:47:19,425 [pool-550-thread-1] INFO  server.RaftServerConfigKeys (ConfUtils.java:logGet(43)) - raft.server.log.appender.buffer.byte-limit = 33554432 (custom)
2019-11-04 16:47:19,425 [pool-600-thread-1] INFO  server.RaftServerConfigKeys (ConfUtils.java:logGet(43)) - raft.server.log.queue.element-limit = 1024 (custom)
2019-11-04 16:47:19,425 [pool-610-thread-1] INFO  server.RaftServerConfigKeys (ConfUtils.java:logGet(43)) - raft.server.log.segment.size.max = 1048576 (custom)
2019-11-04 16:47:19,425 [pool-600-thread-1] INFO  server.RaftServerConfigKeys (ConfUtils.java:logGet(43)) - raft.server.log.segment.size.max = 1048576 (custom)
2019-11-04 16:47:19,425 [pool-550-thread-1] INFO  server.RaftServerConfigKeys (ConfUtils.java:logGet(43)) - raft.server.log.segment.size.max = 1048576 (custom)
2019-11-04 16:47:19,426 [pool-600-thread-1] INFO  server.RaftServerConfigKeys (ConfUtils.java:logGet(43)) - raft.server.log.preallocated.size = 16384 (custom)
2019-11-04 16:47:19,426 [pool-610-thread-1] INFO  server.RaftServerConfigKeys (ConfUtils.java:logGet(43)) - raft.server.log.segment.cache.num.max = 2 (custom)
2019-11-04 16:47:19,426 [pool-600-thread-1] INFO  server.RaftServerConfigKeys (ConfUtils.java:logGet(43)) - raft.server.log.write.buffer.size = 33554432 (custom)
2019-11-04 16:47:19,426 [pool-550-thread-1] INFO  server.RaftServerConfigKeys (ConfUtils.java:logGet(43)) - raft.server.log.segment.cache.num.max = 2 (custom)
2019-11-04 16:47:19,426 [pool-600-thread-1] INFO  server.RaftServerConfigKeys (ConfUtils.java:logGet(43)) - raft.server.log.force.sync.num = 128 (default)
2019-11-04 16:47:19,426 [pool-610-thread-1] INFO  segmented.SegmentedRaftLogWorker (SegmentedRaftLogWorker.java:<init>(173)) - new b64d56c3-7e00-4645-8b63-46d38bcf6e51@group-A695585A5CDD-SegmentedRaftLogWorker for RaftStorage:Storage Directory /workdir/hadoop-ozone/integration-test/target/test-dir/MiniOzoneClusterImpl-8e66254f-d6bc-40e7-ae2f-db5e1b2bb1f3/datanode-9/data/ratis/c25ffe73-3d3b-4dbf-af1c-a695585a5cdd
2019-11-04 16:47:19,426 [pool-600-thread-1] INFO  server.RaftServerConfigKeys (ConfUtils.java:logGet(43)) - raft.server.log.statemachine.data.sync = true (default)
2019-11-04 16:47:19,426 [pool-550-thread-1] INFO  segmented.SegmentedRaftLogWorker (SegmentedRaftLogWorker.java:<init>(173)) - new 693d1277-6dfc-424e-94e6-a87b40f9160b@group-A695585A5CDD-SegmentedRaftLogWorker for RaftStorage:Storage Directory /workdir/hadoop-ozone/integration-test/target/test-dir/MiniOzoneClusterImpl-8e66254f-d6bc-40e7-ae2f-db5e1b2bb1f3/datanode-3/data/ratis/c25ffe73-3d3b-4dbf-af1c-a695585a5cdd
2019-11-04 16:47:19,426 [pool-600-thread-1] INFO  server.RaftServerConfigKeys (ConfUtils.java:logGet(43)) - raft.server.log.statemachine.data.sync.timeout = 10s (default)
2019-11-04 16:47:19,426 [pool-610-thread-1] INFO  server.RaftServerConfigKeys (ConfUtils.java:logGet(43)) - raft.server.log.queue.byte-limit = 2147483647 (custom)
2019-11-04 16:47:19,426 [pool-600-thread-1] INFO  server.RaftServerConfigKeys (ConfUtils.java:logGet(43)) - raft.server.log.statemachine.data.sync.timeout.retry = -1 (default)
2019-11-04 16:47:19,426 [pool-550-thread-1] INFO  server.RaftServerConfigKeys (ConfUtils.java:logGet(43)) - raft.server.log.queue.byte-limit = 2147483647 (custom)
2019-11-04 16:47:19,427 [pool-600-thread-1] INFO  server.RaftServerConfigKeys (ConfUtils.java:logGet(43)) - raft.server.log.statemachine.data.caching.enabled = true (custom)
2019-11-04 16:47:19,426 [pool-610-thread-1] INFO  server.RaftServerConfigKeys (ConfUtils.java:logGet(43)) - raft.server.log.queue.element-limit = 1024 (custom)
2019-11-04 16:47:19,427 [pool-550-thread-1] INFO  server.RaftServerConfigKeys (ConfUtils.java:logGet(43)) - raft.server.log.queue.element-limit = 1024 (custom)
2019-11-04 16:47:19,427 [pool-600-thread-1] INFO  segmented.SegmentedRaftLogWorker (SegmentedRaftLogWorker.java:lambda$new$0(128)) - 53db7904-d288-4108-8bc9-f81d312978a3@group-A695585A5CDD-SegmentedRaftLogWorker: flushIndex: setUnconditionally 0 -> -1
2019-11-04 16:47:19,427 [pool-610-thread-1] INFO  server.RaftServerConfigKeys (ConfUtils.java:logGet(43)) - raft.server.log.segment.size.max = 1048576 (custom)
2019-11-04 16:47:19,427 [pool-550-thread-1] INFO  server.RaftServerConfigKeys (ConfUtils.java:logGet(43)) - raft.server.log.segment.size.max = 1048576 (custom)
2019-11-04 16:47:19,427 [pool-600-thread-1] INFO  server.RaftServerConfigKeys (ConfUtils.java:logGet(43)) - raft.server.snapshot.auto.trigger.enabled = true (custom)
2019-11-04 16:47:19,427 [pool-610-thread-1] INFO  server.RaftServerConfigKeys (ConfUtils.java:logGet(43)) - raft.server.log.preallocated.size = 16384 (custom)
2019-11-04 16:47:19,427 [pool-600-thread-1] INFO  server.RaftServerConfigKeys (ConfUtils.java:logGet(43)) - raft.server.snapshot.auto.trigger.threshold = 10000 (custom)
2019-11-04 16:47:19,427 [pool-550-thread-1] INFO  server.RaftServerConfigKeys (ConfUtils.java:logGet(43)) - raft.server.log.preallocated.size = 16384 (custom)
2019-11-04 16:47:19,427 [pool-600-thread-1] INFO  server.RaftServerConfigKeys (ConfUtils.java:logGet(43)) - raft.server.snapshot.retention.file.num = 5 (custom)
2019-11-04 16:47:19,427 [pool-610-thread-1] INFO  server.RaftServerConfigKeys (ConfUtils.java:logGet(43)) - raft.server.log.write.buffer.size = 33554432 (custom)
2019-11-04 16:47:19,428 [pool-600-thread-1] INFO  server.RaftServerConfigKeys (ConfUtils.java:logGet(43)) - raft.server.retrycache.expirytime = 600000ms (custom)
2019-11-04 16:47:19,428 [pool-550-thread-1] INFO  server.RaftServerConfigKeys (ConfUtils.java:logGet(43)) - raft.server.log.write.buffer.size = 33554432 (custom)
2019-11-04 16:47:19,428 [pool-610-thread-1] INFO  server.RaftServerConfigKeys (ConfUtils.java:logGet(43)) - raft.server.log.force.sync.num = 128 (default)
2019-11-04 16:47:19,428 [pool-550-thread-1] INFO  server.RaftServerConfigKeys (ConfUtils.java:logGet(43)) - raft.server.log.force.sync.num = 128 (default)
2019-11-04 16:47:19,428 [pool-610-thread-1] INFO  server.RaftServerConfigKeys (ConfUtils.java:logGet(43)) - raft.server.log.statemachine.data.sync = true (default)
2019-11-04 16:47:19,428 [pool-550-thread-1] INFO  server.RaftServerConfigKeys (ConfUtils.java:logGet(43)) - raft.server.log.statemachine.data.sync = true (default)
2019-11-04 16:47:19,428 [pool-610-thread-1] INFO  server.RaftServerConfigKeys (ConfUtils.java:logGet(43)) - raft.server.log.statemachine.data.sync.timeout = 10s (default)
2019-11-04 16:47:19,428 [pool-550-thread-1] INFO  server.RaftServerConfigKeys (ConfUtils.java:logGet(43)) - raft.server.log.statemachine.data.sync.timeout = 10s (default)
2019-11-04 16:47:19,428 [pool-610-thread-1] INFO  server.RaftServerConfigKeys (ConfUtils.java:logGet(43)) - raft.server.log.statemachine.data.sync.timeout.retry = -1 (default)
2019-11-04 16:47:19,428 [pool-550-thread-1] INFO  server.RaftServerConfigKeys (ConfUtils.java:logGet(43)) - raft.server.log.statemachine.data.sync.timeout.retry = -1 (default)
2019-11-04 16:47:19,429 [pool-610-thread-1] INFO  server.RaftServerConfigKeys (ConfUtils.java:logGet(43)) - raft.server.log.statemachine.data.caching.enabled = true (custom)
2019-11-04 16:47:19,429 [pool-550-thread-1] INFO  server.RaftServerConfigKeys (ConfUtils.java:logGet(43)) - raft.server.log.statemachine.data.caching.enabled = true (custom)
2019-11-04 16:47:19,429 [pool-610-thread-1] INFO  segmented.SegmentedRaftLogWorker (SegmentedRaftLogWorker.java:lambda$new$0(128)) - b64d56c3-7e00-4645-8b63-46d38bcf6e51@group-A695585A5CDD-SegmentedRaftLogWorker: flushIndex: setUnconditionally 0 -> -1
2019-11-04 16:47:19,429 [pool-600-thread-1] INFO  impl.RaftServerImpl (RaftServerImpl.java:start(195)) - 53db7904-d288-4108-8bc9-f81d312978a3@group-A695585A5CDD: start as a follower, conf=-1: [b64d56c3-7e00-4645-8b63-46d38bcf6e51:192.168.157.194:33628, 693d1277-6dfc-424e-94e6-a87b40f9160b:192.168.157.194:33365, 53db7904-d288-4108-8bc9-f81d312978a3:192.168.157.194:45062], old=null
2019-11-04 16:47:19,429 [pool-550-thread-1] INFO  segmented.SegmentedRaftLogWorker (SegmentedRaftLogWorker.java:lambda$new$0(128)) - 693d1277-6dfc-424e-94e6-a87b40f9160b@group-A695585A5CDD-SegmentedRaftLogWorker: flushIndex: setUnconditionally 0 -> -1
2019-11-04 16:47:19,429 [pool-610-thread-1] INFO  server.RaftServerConfigKeys (ConfUtils.java:logGet(43)) - raft.server.snapshot.auto.trigger.enabled = true (custom)
2019-11-04 16:47:19,429 [pool-600-thread-1] INFO  impl.RaftServerImpl (RaftServerImpl.java:setRole(184)) - 53db7904-d288-4108-8bc9-f81d312978a3@group-A695585A5CDD: changes role from      null to FOLLOWER at term 0 for startAsFollower
2019-11-04 16:47:19,429 [pool-610-thread-1] INFO  server.RaftServerConfigKeys (ConfUtils.java:logGet(43)) - raft.server.snapshot.auto.trigger.threshold = 10000 (custom)
2019-11-04 16:47:19,429 [pool-600-thread-1] INFO  impl.RoleInfo (RoleInfo.java:updateAndGet(143)) - 53db7904-d288-4108-8bc9-f81d312978a3: start FollowerState
2019-11-04 16:47:19,429 [pool-550-thread-1] INFO  server.RaftServerConfigKeys (ConfUtils.java:logGet(43)) - raft.server.snapshot.auto.trigger.enabled = true (custom)
2019-11-04 16:47:19,429 [pool-610-thread-1] INFO  server.RaftServerConfigKeys (ConfUtils.java:logGet(43)) - raft.server.snapshot.retention.file.num = 5 (custom)
2019-11-04 16:47:19,429 [pool-550-thread-1] INFO  server.RaftServerConfigKeys (ConfUtils.java:logGet(43)) - raft.server.snapshot.auto.trigger.threshold = 10000 (custom)
2019-11-04 16:47:19,430 [pool-610-thread-1] INFO  server.RaftServerConfigKeys (ConfUtils.java:logGet(43)) - raft.server.retrycache.expirytime = 600000ms (custom)
2019-11-04 16:47:19,430 [pool-600-thread-1] INFO  util.JmxRegister (JmxRegister.java:tryRegister(44)) - Successfully registered JMX Bean with object name Ratis:service=RaftServer,group=group-A695585A5CDD,id=53db7904-d288-4108-8bc9-f81d312978a3
2019-11-04 16:47:19,430 [pool-550-thread-1] INFO  server.RaftServerConfigKeys (ConfUtils.java:logGet(43)) - raft.server.snapshot.retention.file.num = 5 (custom)
2019-11-04 16:47:19,430 [pool-550-thread-1] INFO  server.RaftServerConfigKeys (ConfUtils.java:logGet(43)) - raft.server.retrycache.expirytime = 600000ms (custom)
2019-11-04 16:47:19,432 [pool-610-thread-1] INFO  impl.RaftServerImpl (RaftServerImpl.java:start(195)) - b64d56c3-7e00-4645-8b63-46d38bcf6e51@group-A695585A5CDD: start as a follower, conf=-1: [b64d56c3-7e00-4645-8b63-46d38bcf6e51:192.168.157.194:33628, 693d1277-6dfc-424e-94e6-a87b40f9160b:192.168.157.194:33365, 53db7904-d288-4108-8bc9-f81d312978a3:192.168.157.194:45062], old=null
2019-11-04 16:47:19,432 [pool-610-thread-1] INFO  impl.RaftServerImpl (RaftServerImpl.java:setRole(184)) - b64d56c3-7e00-4645-8b63-46d38bcf6e51@group-A695585A5CDD: changes role from      null to FOLLOWER at term 0 for startAsFollower
2019-11-04 16:47:19,432 [pool-610-thread-1] INFO  impl.RoleInfo (RoleInfo.java:updateAndGet(143)) - b64d56c3-7e00-4645-8b63-46d38bcf6e51: start FollowerState
2019-11-04 16:47:19,433 [pool-610-thread-1] INFO  util.JmxRegister (JmxRegister.java:tryRegister(44)) - Successfully registered JMX Bean with object name Ratis:service=RaftServer,group=group-A695585A5CDD,id=b64d56c3-7e00-4645-8b63-46d38bcf6e51
2019-11-04 16:47:19,433 [pool-550-thread-1] INFO  impl.RaftServerImpl (RaftServerImpl.java:start(195)) - 693d1277-6dfc-424e-94e6-a87b40f9160b@group-A695585A5CDD: start as a follower, conf=-1: [b64d56c3-7e00-4645-8b63-46d38bcf6e51:192.168.157.194:33628, 693d1277-6dfc-424e-94e6-a87b40f9160b:192.168.157.194:33365, 53db7904-d288-4108-8bc9-f81d312978a3:192.168.157.194:45062], old=null
2019-11-04 16:47:19,434 [pool-550-thread-1] INFO  impl.RaftServerImpl (RaftServerImpl.java:setRole(184)) - 693d1277-6dfc-424e-94e6-a87b40f9160b@group-A695585A5CDD: changes role from      null to FOLLOWER at term 0 for startAsFollower
2019-11-04 16:47:19,434 [pool-550-thread-1] INFO  impl.RoleInfo (RoleInfo.java:updateAndGet(143)) - 693d1277-6dfc-424e-94e6-a87b40f9160b: start FollowerState
2019-11-04 16:47:19,434 [pool-550-thread-1] INFO  util.JmxRegister (JmxRegister.java:tryRegister(44)) - Successfully registered JMX Bean with object name Ratis:service=RaftServer,group=group-A695585A5CDD,id=693d1277-6dfc-424e-94e6-a87b40f9160b
2019-11-04 16:47:19,437 [RatisPipelineUtilsThread] INFO  pipeline.PipelineStateManager (PipelineStateManager.java:addPipeline(56)) - Created pipeline Pipeline[ Id: c25ffe73-3d3b-4dbf-af1c-a695585a5cdd, Nodes: 53db7904-d288-4108-8bc9-f81d312978a3{ip: 192.168.157.194, host: pr-hdds-1643-sn7dj-2043761873, networkLocation: /rack1, certSerialId: null}b64d56c3-7e00-4645-8b63-46d38bcf6e51{ip: 192.168.157.194, host: pr-hdds-1643-sn7dj-2043761873, networkLocation: /rack1, certSerialId: null}693d1277-6dfc-424e-94e6-a87b40f9160b{ip: 192.168.157.194, host: pr-hdds-1643-sn7dj-2043761873, networkLocation: /rack1, certSerialId: null}, Type:RATIS, Factor:THREE, State:OPEN]
2019-11-04 16:47:19,445 [grpc-default-executor-3] INFO  impl.RaftServerProxy (RaftServerProxy.java:addNew(89)) - 18bcd373-7631-4e7c-b817-d7839f17bf5a: addNew group-29467ABC0BF0:[2911c1bb-ca7b-4253-a902-f80f167657b1:192.168.157.194:45844, 7fc3dcce-a523-45fc-b6d6-b2bad08ce4da:192.168.157.194:35647, 18bcd373-7631-4e7c-b817-d7839f17bf5a:192.168.157.194:38252] returns group-29467ABC0BF0:java.util.concurrent.CompletableFuture@cce1966[Not completed]
2019-11-04 16:47:19,445 [grpc-default-executor-14] INFO  impl.RaftServerProxy (RaftServerProxy.java:addNew(89)) - 7fc3dcce-a523-45fc-b6d6-b2bad08ce4da: addNew group-29467ABC0BF0:[2911c1bb-ca7b-4253-a902-f80f167657b1:192.168.157.194:45844, 7fc3dcce-a523-45fc-b6d6-b2bad08ce4da:192.168.157.194:35647, 18bcd373-7631-4e7c-b817-d7839f17bf5a:192.168.157.194:38252] returns group-29467ABC0BF0:java.util.concurrent.CompletableFuture@3d06a091[Not completed]
2019-11-04 16:47:19,445 [grpc-default-executor-12] INFO  impl.RaftServerProxy (RaftServerProxy.java:addNew(89)) - 2911c1bb-ca7b-4253-a902-f80f167657b1: addNew group-29467ABC0BF0:[2911c1bb-ca7b-4253-a902-f80f167657b1:192.168.157.194:45844, 7fc3dcce-a523-45fc-b6d6-b2bad08ce4da:192.168.157.194:35647, 18bcd373-7631-4e7c-b817-d7839f17bf5a:192.168.157.194:38252] returns group-29467ABC0BF0:java.util.concurrent.CompletableFuture@4a9d7758[Not completed]
2019-11-04 16:47:19,446 [pool-540-thread-1] INFO  impl.RaftServerImpl (RaftServerImpl.java:<init>(104)) - 18bcd373-7631-4e7c-b817-d7839f17bf5a: new RaftServerImpl for group-29467ABC0BF0:[2911c1bb-ca7b-4253-a902-f80f167657b1:192.168.157.194:45844, 7fc3dcce-a523-45fc-b6d6-b2bad08ce4da:192.168.157.194:35647, 18bcd373-7631-4e7c-b817-d7839f17bf5a:192.168.157.194:38252] with ContainerStateMachine:uninitialized
2019-11-04 16:47:19,446 [pool-540-thread-1] INFO  server.RaftServerConfigKeys (ConfUtils.java:logGet(43)) - raft.server.rpc.timeout.min = 1s (custom)
2019-11-04 16:47:19,446 [pool-540-thread-1] INFO  server.RaftServerConfigKeys (ConfUtils.java:logGet(43)) - raft.server.rpc.timeout.max = 1200ms (custom)
2019-11-04 16:47:19,446 [pool-540-thread-1] INFO  server.RaftServerConfigKeys (ConfUtils.java:logGet(43)) - raft.server.rpcslowness.timeout = 120s (custom)
2019-11-04 16:47:19,446 [pool-540-thread-1] INFO  server.RaftServerConfigKeys (ConfUtils.java:logGet(43)) - raft.server.sleep.deviation.threshold = 300 (default)
2019-11-04 16:47:19,446 [pool-540-thread-1] INFO  server.RaftServerConfigKeys (ConfUtils.java:logGet(43)) - raft.server.log.appender.install.snapshot.enabled = false (custom)
2019-11-04 16:47:19,446 [pool-590-thread-1] INFO  impl.RaftServerImpl (RaftServerImpl.java:<init>(104)) - 2911c1bb-ca7b-4253-a902-f80f167657b1: new RaftServerImpl for group-29467ABC0BF0:[2911c1bb-ca7b-4253-a902-f80f167657b1:192.168.157.194:45844, 7fc3dcce-a523-45fc-b6d6-b2bad08ce4da:192.168.157.194:35647, 18bcd373-7631-4e7c-b817-d7839f17bf5a:192.168.157.194:38252] with ContainerStateMachine:uninitialized
2019-11-04 16:47:19,446 [pool-540-thread-1] INFO  impl.RaftServerImpl (ServerState.java:<init>(103)) - 18bcd373-7631-4e7c-b817-d7839f17bf5a@group-29467ABC0BF0: ConfigurationManager, init=-1: [2911c1bb-ca7b-4253-a902-f80f167657b1:192.168.157.194:45844, 7fc3dcce-a523-45fc-b6d6-b2bad08ce4da:192.168.157.194:35647, 18bcd373-7631-4e7c-b817-d7839f17bf5a:192.168.157.194:38252], old=null, confs=<EMPTY_MAP>
2019-11-04 16:47:19,447 [pool-590-thread-1] INFO  server.RaftServerConfigKeys (ConfUtils.java:logGet(43)) - raft.server.rpc.timeout.min = 1s (custom)
2019-11-04 16:47:19,447 [pool-540-thread-1] INFO  server.RaftServerConfigKeys (ConfUtils.java:logGet(43)) - raft.server.storage.dir = [/workdir/hadoop-ozone/integration-test/target/test-dir/MiniOzoneClusterImpl-8e66254f-d6bc-40e7-ae2f-db5e1b2bb1f3/datanode-2/data/ratis] (custom)
2019-11-04 16:47:19,447 [pool-590-thread-1] INFO  server.RaftServerConfigKeys (ConfUtils.java:logGet(43)) - raft.server.rpc.timeout.max = 1200ms (custom)
2019-11-04 16:47:19,447 [pool-580-thread-1] INFO  impl.RaftServerImpl (RaftServerImpl.java:<init>(104)) - 7fc3dcce-a523-45fc-b6d6-b2bad08ce4da: new RaftServerImpl for group-29467ABC0BF0:[2911c1bb-ca7b-4253-a902-f80f167657b1:192.168.157.194:45844, 7fc3dcce-a523-45fc-b6d6-b2bad08ce4da:192.168.157.194:35647, 18bcd373-7631-4e7c-b817-d7839f17bf5a:192.168.157.194:38252] with ContainerStateMachine:uninitialized
2019-11-04 16:47:19,447 [pool-540-thread-1] INFO  server.RaftServerConfigKeys (ConfUtils.java:logGet(43)) - raft.server.log.corruption.policy = EXCEPTION (default)
2019-11-04 16:47:19,447 [pool-590-thread-1] INFO  server.RaftServerConfigKeys (ConfUtils.java:logGet(43)) - raft.server.rpcslowness.timeout = 120s (custom)
2019-11-04 16:47:19,447 [pool-540-thread-1] INFO  storage.RaftStorageDirectory (RaftStorageDirectory.java:analyzeStorage(246)) - The storage directory /workdir/hadoop-ozone/integration-test/target/test-dir/MiniOzoneClusterImpl-8e66254f-d6bc-40e7-ae2f-db5e1b2bb1f3/datanode-2/data/ratis/98e485be-f8be-498d-b57e-29467abc0bf0 does not exist. Creating ...
2019-11-04 16:47:19,447 [pool-580-thread-1] INFO  server.RaftServerConfigKeys (ConfUtils.java:logGet(43)) - raft.server.rpc.timeout.min = 1s (custom)
2019-11-04 16:47:19,447 [pool-590-thread-1] INFO  server.RaftServerConfigKeys (ConfUtils.java:logGet(43)) - raft.server.sleep.deviation.threshold = 300 (default)
2019-11-04 16:47:19,447 [pool-580-thread-1] INFO  server.RaftServerConfigKeys (ConfUtils.java:logGet(43)) - raft.server.rpc.timeout.max = 1200ms (custom)
2019-11-04 16:47:19,447 [pool-590-thread-1] INFO  server.RaftServerConfigKeys (ConfUtils.java:logGet(43)) - raft.server.log.appender.install.snapshot.enabled = false (custom)
2019-11-04 16:47:19,448 [pool-580-thread-1] INFO  server.RaftServerConfigKeys (ConfUtils.java:logGet(43)) - raft.server.rpcslowness.timeout = 120s (custom)
2019-11-04 16:47:19,448 [pool-590-thread-1] INFO  impl.RaftServerImpl (ServerState.java:<init>(103)) - 2911c1bb-ca7b-4253-a902-f80f167657b1@group-29467ABC0BF0: ConfigurationManager, init=-1: [2911c1bb-ca7b-4253-a902-f80f167657b1:192.168.157.194:45844, 7fc3dcce-a523-45fc-b6d6-b2bad08ce4da:192.168.157.194:35647, 18bcd373-7631-4e7c-b817-d7839f17bf5a:192.168.157.194:38252], old=null, confs=<EMPTY_MAP>
2019-11-04 16:47:19,448 [pool-580-thread-1] INFO  server.RaftServerConfigKeys (ConfUtils.java:logGet(43)) - raft.server.sleep.deviation.threshold = 300 (default)
2019-11-04 16:47:19,448 [pool-590-thread-1] INFO  server.RaftServerConfigKeys (ConfUtils.java:logGet(43)) - raft.server.storage.dir = [/workdir/hadoop-ozone/integration-test/target/test-dir/MiniOzoneClusterImpl-8e66254f-d6bc-40e7-ae2f-db5e1b2bb1f3/datanode-7/data/ratis] (custom)
2019-11-04 16:47:19,448 [pool-580-thread-1] INFO  server.RaftServerConfigKeys (ConfUtils.java:logGet(43)) - raft.server.log.appender.install.snapshot.enabled = false (custom)
2019-11-04 16:47:19,448 [pool-580-thread-1] INFO  impl.RaftServerImpl (ServerState.java:<init>(103)) - 7fc3dcce-a523-45fc-b6d6-b2bad08ce4da@group-29467ABC0BF0: ConfigurationManager, init=-1: [2911c1bb-ca7b-4253-a902-f80f167657b1:192.168.157.194:45844, 7fc3dcce-a523-45fc-b6d6-b2bad08ce4da:192.168.157.194:35647, 18bcd373-7631-4e7c-b817-d7839f17bf5a:192.168.157.194:38252], old=null, confs=<EMPTY_MAP>
2019-11-04 16:47:19,448 [pool-590-thread-1] INFO  server.RaftServerConfigKeys (ConfUtils.java:logGet(43)) - raft.server.log.corruption.policy = EXCEPTION (default)
2019-11-04 16:47:19,448 [pool-580-thread-1] INFO  server.RaftServerConfigKeys (ConfUtils.java:logGet(43)) - raft.server.storage.dir = [/workdir/hadoop-ozone/integration-test/target/test-dir/MiniOzoneClusterImpl-8e66254f-d6bc-40e7-ae2f-db5e1b2bb1f3/datanode-6/data/ratis] (custom)
2019-11-04 16:47:19,448 [pool-590-thread-1] INFO  storage.RaftStorageDirectory (RaftStorageDirectory.java:analyzeStorage(246)) - The storage directory /workdir/hadoop-ozone/integration-test/target/test-dir/MiniOzoneClusterImpl-8e66254f-d6bc-40e7-ae2f-db5e1b2bb1f3/datanode-7/data/ratis/98e485be-f8be-498d-b57e-29467abc0bf0 does not exist. Creating ...
2019-11-04 16:47:19,448 [pool-580-thread-1] INFO  server.RaftServerConfigKeys (ConfUtils.java:logGet(43)) - raft.server.log.corruption.policy = EXCEPTION (default)
2019-11-04 16:47:19,449 [pool-580-thread-1] INFO  storage.RaftStorageDirectory (RaftStorageDirectory.java:analyzeStorage(246)) - The storage directory /workdir/hadoop-ozone/integration-test/target/test-dir/MiniOzoneClusterImpl-8e66254f-d6bc-40e7-ae2f-db5e1b2bb1f3/datanode-6/data/ratis/98e485be-f8be-498d-b57e-29467abc0bf0 does not exist. Creating ...
2019-11-04 16:47:19,454 [Thread-24987] INFO  impl.FollowerState (FollowerState.java:run(108)) - b64d56c3-7e00-4645-8b63-46d38bcf6e51@group-E240BB25F985-FollowerState: change to CANDIDATE, lastRpcTime:111ms, electionTimeout:111ms
2019-11-04 16:47:19,454 [Thread-24987] INFO  impl.RoleInfo (RoleInfo.java:shutdownFollowerState(121)) - b64d56c3-7e00-4645-8b63-46d38bcf6e51: shutdown FollowerState
2019-11-04 16:47:19,454 [Thread-24987] INFO  impl.RaftServerImpl (RaftServerImpl.java:setRole(184)) - b64d56c3-7e00-4645-8b63-46d38bcf6e51@group-E240BB25F985: changes role from  FOLLOWER to CANDIDATE at term 0 for changeToCandidate
2019-11-04 16:47:19,454 [Thread-24987] INFO  impl.RoleInfo (RoleInfo.java:updateAndGet(143)) - b64d56c3-7e00-4645-8b63-46d38bcf6e51: start LeaderElection
2019-11-04 16:47:19,457 [Thread-25000] INFO  impl.FollowerState (FollowerState.java:run(108)) - 693d1277-6dfc-424e-94e6-a87b40f9160b@group-A695585A5CDD-FollowerState: change to CANDIDATE, lastRpcTime:23ms, electionTimeout:21ms
2019-11-04 16:47:19,457 [Thread-25000] INFO  impl.RoleInfo (RoleInfo.java:shutdownFollowerState(121)) - 693d1277-6dfc-424e-94e6-a87b40f9160b: shutdown FollowerState
2019-11-04 16:47:19,458 [Thread-25000] INFO  impl.RaftServerImpl (RaftServerImpl.java:setRole(184)) - 693d1277-6dfc-424e-94e6-a87b40f9160b@group-A695585A5CDD: changes role from  FOLLOWER to CANDIDATE at term 0 for changeToCandidate
2019-11-04 16:47:19,458 [Thread-25000] INFO  impl.RoleInfo (RoleInfo.java:updateAndGet(143)) - 693d1277-6dfc-424e-94e6-a87b40f9160b: start LeaderElection
2019-11-04 16:47:19,461 [pool-590-thread-1] INFO  storage.RaftStorageDirectory (RaftStorageDirectory.java:tryLock(328)) - Lock on /workdir/hadoop-ozone/integration-test/target/test-dir/MiniOzoneClusterImpl-8e66254f-d6bc-40e7-ae2f-db5e1b2bb1f3/datanode-7/data/ratis/98e485be-f8be-498d-b57e-29467abc0bf0/in_use.lock acquired by nodename 16190@pr-hdds-1643-sn7dj-2043761873
2019-11-04 16:47:19,461 [b64d56c3-7e00-4645-8b63-46d38bcf6e51@group-E240BB25F985-LeaderElection3516] INFO  impl.LeaderElection (LeaderElection.java:askForVotes(178)) - b64d56c3-7e00-4645-8b63-46d38bcf6e51@group-E240BB25F985-LeaderElection3516: begin an election at term 1 for -1: [b64d56c3-7e00-4645-8b63-46d38bcf6e51:192.168.157.194:33628], old=null
2019-11-04 16:47:19,461 [pool-540-thread-1] INFO  storage.RaftStorageDirectory (RaftStorageDirectory.java:tryLock(328)) - Lock on /workdir/hadoop-ozone/integration-test/target/test-dir/MiniOzoneClusterImpl-8e66254f-d6bc-40e7-ae2f-db5e1b2bb1f3/datanode-2/data/ratis/98e485be-f8be-498d-b57e-29467abc0bf0/in_use.lock acquired by nodename 16190@pr-hdds-1643-sn7dj-2043761873
2019-11-04 16:47:19,461 [pool-580-thread-1] INFO  storage.RaftStorageDirectory (RaftStorageDirectory.java:tryLock(328)) - Lock on /workdir/hadoop-ozone/integration-test/target/test-dir/MiniOzoneClusterImpl-8e66254f-d6bc-40e7-ae2f-db5e1b2bb1f3/datanode-6/data/ratis/98e485be-f8be-498d-b57e-29467abc0bf0/in_use.lock acquired by nodename 16190@pr-hdds-1643-sn7dj-2043761873
2019-11-04 16:47:19,461 [b64d56c3-7e00-4645-8b63-46d38bcf6e51@group-E240BB25F985-LeaderElection3516] INFO  impl.RoleInfo (RoleInfo.java:shutdownLeaderElection(134)) - b64d56c3-7e00-4645-8b63-46d38bcf6e51: shutdown LeaderElection
2019-11-04 16:47:19,461 [b64d56c3-7e00-4645-8b63-46d38bcf6e51@group-E240BB25F985-LeaderElection3516] INFO  impl.RaftServerImpl (RaftServerImpl.java:setRole(184)) - b64d56c3-7e00-4645-8b63-46d38bcf6e51@group-E240BB25F985: changes role from CANDIDATE to LEADER at term 1 for changeToLeader
2019-11-04 16:47:19,462 [b64d56c3-7e00-4645-8b63-46d38bcf6e51@group-E240BB25F985-LeaderElection3516] INFO  impl.RaftServerImpl (ServerState.java:setLeader(256)) - b64d56c3-7e00-4645-8b63-46d38bcf6e51@group-E240BB25F985: change Leader from null to b64d56c3-7e00-4645-8b63-46d38bcf6e51 at term 1 for becomeLeader, leader elected after 130ms
2019-11-04 16:47:19,462 [b64d56c3-7e00-4645-8b63-46d38bcf6e51@group-E240BB25F985-LeaderElection3516] INFO  server.RaftServerConfigKeys (ConfUtils.java:logGet(43)) - raft.server.staging.catchup.gap = 1000 (default)
2019-11-04 16:47:19,462 [b64d56c3-7e00-4645-8b63-46d38bcf6e51@group-E240BB25F985-LeaderElection3516] INFO  server.RaftServerConfigKeys (ConfUtils.java:logGet(43)) - raft.server.rpc.sleep.time = 25ms (default)
2019-11-04 16:47:19,462 [b64d56c3-7e00-4645-8b63-46d38bcf6e51@group-E240BB25F985-LeaderElection3516] INFO  server.RaftServerConfigKeys (ConfUtils.java:logGet(43)) - raft.server.write.element-limit = 4096 (default)
2019-11-04 16:47:19,462 [b64d56c3-7e00-4645-8b63-46d38bcf6e51@group-E240BB25F985-LeaderElection3516] INFO  server.RaftServerConfigKeys (ConfUtils.java:logGet(43)) - raft.server.watch.timeout = 10s (default)
2019-11-04 16:47:19,462 [b64d56c3-7e00-4645-8b63-46d38bcf6e51@group-E240BB25F985-LeaderElection3516] INFO  server.RaftServerConfigKeys (ConfUtils.java:logGet(43)) - raft.server.watch.timeout.denomination = 1s (default)
2019-11-04 16:47:19,462 [b64d56c3-7e00-4645-8b63-46d38bcf6e51@group-E240BB25F985-LeaderElection3516] INFO  server.RaftServerConfigKeys (ConfUtils.java:logGet(43)) - raft.server.watch.element-limit = 65536 (default)
2019-11-04 16:47:19,463 [b64d56c3-7e00-4645-8b63-46d38bcf6e51@group-E240BB25F985-LeaderElection3516] INFO  impl.RoleInfo (RoleInfo.java:updateAndGet(143)) - b64d56c3-7e00-4645-8b63-46d38bcf6e51: start LeaderState
2019-11-04 16:47:19,463 [b64d56c3-7e00-4645-8b63-46d38bcf6e51@group-E240BB25F985-LeaderElection3516] INFO  segmented.SegmentedRaftLogWorker (SegmentedRaftLogWorker.java:startLogSegment(385)) - b64d56c3-7e00-4645-8b63-46d38bcf6e51@group-E240BB25F985-SegmentedRaftLogWorker: Starting segment from index:0
2019-11-04 16:47:19,464 [b64d56c3-7e00-4645-8b63-46d38bcf6e51@group-E240BB25F985-LeaderElection3516] INFO  impl.RaftServerImpl (ServerState.java:setRaftConf(357)) - b64d56c3-7e00-4645-8b63-46d38bcf6e51@group-E240BB25F985: set configuration 0: [b64d56c3-7e00-4645-8b63-46d38bcf6e51:192.168.157.194:33628], old=null at 0
2019-11-04 16:47:19,464 [pool-540-thread-1] INFO  storage.RaftStorage (RaftStorage.java:format(84)) - Storage directory /workdir/hadoop-ozone/integration-test/target/test-dir/MiniOzoneClusterImpl-8e66254f-d6bc-40e7-ae2f-db5e1b2bb1f3/datanode-2/data/ratis/98e485be-f8be-498d-b57e-29467abc0bf0 has been successfully formatted.
2019-11-04 16:47:19,464 [693d1277-6dfc-424e-94e6-a87b40f9160b@group-A695585A5CDD-LeaderElection3517] INFO  impl.LeaderElection (LeaderElection.java:askForVotes(178)) - 693d1277-6dfc-424e-94e6-a87b40f9160b@group-A695585A5CDD-LeaderElection3517: begin an election at term 1 for -1: [b64d56c3-7e00-4645-8b63-46d38bcf6e51:192.168.157.194:33628, 693d1277-6dfc-424e-94e6-a87b40f9160b:192.168.157.194:33365, 53db7904-d288-4108-8bc9-f81d312978a3:192.168.157.194:45062], old=null
2019-11-04 16:47:19,464 [pool-590-thread-1] INFO  storage.RaftStorage (RaftStorage.java:format(84)) - Storage directory /workdir/hadoop-ozone/integration-test/target/test-dir/MiniOzoneClusterImpl-8e66254f-d6bc-40e7-ae2f-db5e1b2bb1f3/datanode-7/data/ratis/98e485be-f8be-498d-b57e-29467abc0bf0 has been successfully formatted.
2019-11-04 16:47:19,464 [pool-580-thread-1] INFO  storage.RaftStorage (RaftStorage.java:format(84)) - Storage directory /workdir/hadoop-ozone/integration-test/target/test-dir/MiniOzoneClusterImpl-8e66254f-d6bc-40e7-ae2f-db5e1b2bb1f3/datanode-6/data/ratis/98e485be-f8be-498d-b57e-29467abc0bf0 has been successfully formatted.
2019-11-04 16:47:19,465 [pool-590-thread-1] INFO  ratis.ContainerStateMachine (ContainerStateMachine.java:loadSnapshot(231)) - group-29467ABC0BF0: The snapshot info is null. Setting the last applied indexto:(t:0, i:~)
2019-11-04 16:47:19,464 [pool-540-thread-1] INFO  ratis.ContainerStateMachine (ContainerStateMachine.java:loadSnapshot(231)) - group-29467ABC0BF0: The snapshot info is null. Setting the last applied indexto:(t:0, i:~)
2019-11-04 16:47:19,465 [pool-590-thread-1] INFO  server.RaftServerConfigKeys (ConfUtils.java:logGet(43)) - raft.server.notification.no-leader.timeout = 120s (custom)
2019-11-04 16:47:19,465 [pool-580-thread-1] INFO  ratis.ContainerStateMachine (ContainerStateMachine.java:loadSnapshot(231)) - group-29467ABC0BF0: The snapshot info is null. Setting the last applied indexto:(t:0, i:~)
2019-11-04 16:47:19,465 [pool-590-thread-1] INFO  server.RaftServerConfigKeys (ConfUtils.java:logGet(43)) - raft.server.log.use.memory = false (default)
2019-11-04 16:47:19,465 [pool-540-thread-1] INFO  server.RaftServerConfigKeys (ConfUtils.java:logGet(43)) - raft.server.notification.no-leader.timeout = 120s (custom)
2019-11-04 16:47:19,466 [pool-590-thread-1] INFO  server.RaftServerConfigKeys (ConfUtils.java:logGet(43)) - raft.server.log.purge.gap = 1000000 (custom)
2019-11-04 16:47:19,465 [pool-580-thread-1] INFO  server.RaftServerConfigKeys (ConfUtils.java:logGet(43)) - raft.server.notification.no-leader.timeout = 120s (custom)
2019-11-04 16:47:19,466 [pool-590-thread-1] INFO  server.RaftServerConfigKeys (ConfUtils.java:logGet(43)) - raft.server.log.appender.buffer.byte-limit = 33554432 (custom)
2019-11-04 16:47:19,466 [pool-540-thread-1] INFO  server.RaftServerConfigKeys (ConfUtils.java:logGet(43)) - raft.server.log.use.memory = false (default)
2019-11-04 16:47:19,466 [pool-590-thread-1] INFO  server.RaftServerConfigKeys (ConfUtils.java:logGet(43)) - raft.server.log.segment.size.max = 1048576 (custom)
2019-11-04 16:47:19,466 [pool-580-thread-1] INFO  server.RaftServerConfigKeys (ConfUtils.java:logGet(43)) - raft.server.log.use.memory = false (default)
2019-11-04 16:47:19,466 [pool-590-thread-1] INFO  server.RaftServerConfigKeys (ConfUtils.java:logGet(43)) - raft.server.log.segment.cache.num.max = 2 (custom)
2019-11-04 16:47:19,466 [pool-540-thread-1] INFO  server.RaftServerConfigKeys (ConfUtils.java:logGet(43)) - raft.server.log.purge.gap = 1000000 (custom)
2019-11-04 16:47:19,466 [pool-590-thread-1] INFO  segmented.SegmentedRaftLogWorker (SegmentedRaftLogWorker.java:<init>(173)) - new 2911c1bb-ca7b-4253-a902-f80f167657b1@group-29467ABC0BF0-SegmentedRaftLogWorker for RaftStorage:Storage Directory /workdir/hadoop-ozone/integration-test/target/test-dir/MiniOzoneClusterImpl-8e66254f-d6bc-40e7-ae2f-db5e1b2bb1f3/datanode-7/data/ratis/98e485be-f8be-498d-b57e-29467abc0bf0
2019-11-04 16:47:19,466 [pool-580-thread-1] INFO  server.RaftServerConfigKeys (ConfUtils.java:logGet(43)) - raft.server.log.purge.gap = 1000000 (custom)
2019-11-04 16:47:19,466 [pool-590-thread-1] INFO  server.RaftServerConfigKeys (ConfUtils.java:logGet(43)) - raft.server.log.queue.byte-limit = 2147483647 (custom)
2019-11-04 16:47:19,466 [pool-540-thread-1] INFO  server.RaftServerConfigKeys (ConfUtils.java:logGet(43)) - raft.server.log.appender.buffer.byte-limit = 33554432 (custom)
2019-11-04 16:47:19,467 [pool-590-thread-1] INFO  server.RaftServerConfigKeys (ConfUtils.java:logGet(43)) - raft.server.log.queue.element-limit = 1024 (custom)
2019-11-04 16:47:19,466 [pool-580-thread-1] INFO  server.RaftServerConfigKeys (ConfUtils.java:logGet(43)) - raft.server.log.appender.buffer.byte-limit = 33554432 (custom)
2019-11-04 16:47:19,495 [grpc-default-executor-12] INFO  impl.RaftServerImpl (RaftServerImpl.java:setRole(184)) - 53db7904-d288-4108-8bc9-f81d312978a3@group-A695585A5CDD: changes role from  FOLLOWER to FOLLOWER at term 1 for recognizeCandidate:693d1277-6dfc-424e-94e6-a87b40f9160b
2019-11-04 16:47:19,495 [grpc-default-executor-12] INFO  impl.RoleInfo (RoleInfo.java:shutdownFollowerState(121)) - 53db7904-d288-4108-8bc9-f81d312978a3: shutdown FollowerState
2019-11-04 16:47:19,491 [pool-590-thread-1] INFO  server.RaftServerConfigKeys (ConfUtils.java:logGet(43)) - raft.server.log.segment.size.max = 1048576 (custom)
2019-11-04 16:47:19,491 [Thread-24992] INFO  impl.FollowerState (FollowerState.java:run(108)) - ad9dfb15-0321-4349-a9e1-29d9eb7275d5@group-47944429F1DF-FollowerState: change to CANDIDATE, lastRpcTime:104ms, electionTimeout:92ms
2019-11-04 16:47:19,491 [grpc-default-executor-14] INFO  impl.RaftServerImpl (RaftServerImpl.java:setRole(184)) - b64d56c3-7e00-4645-8b63-46d38bcf6e51@group-A695585A5CDD: changes role from  FOLLOWER to FOLLOWER at term 1 for recognizeCandidate:693d1277-6dfc-424e-94e6-a87b40f9160b
2019-11-04 16:47:19,495 [grpc-default-executor-14] INFO  impl.RoleInfo (RoleInfo.java:shutdownFollowerState(121)) - b64d56c3-7e00-4645-8b63-46d38bcf6e51: shutdown FollowerState
2019-11-04 16:47:19,467 [pool-540-thread-1] INFO  server.RaftServerConfigKeys (ConfUtils.java:logGet(43)) - raft.server.log.segment.size.max = 1048576 (custom)
2019-11-04 16:47:19,496 [Thread-24998] INFO  impl.FollowerState (FollowerState.java:run(117)) - b64d56c3-7e00-4645-8b63-46d38bcf6e51@group-A695585A5CDD-FollowerState was interrupted: java.lang.InterruptedException: sleep interrupted
2019-11-04 16:47:19,496 [grpc-default-executor-14] INFO  impl.RoleInfo (RoleInfo.java:updateAndGet(143)) - b64d56c3-7e00-4645-8b63-46d38bcf6e51: start FollowerState
2019-11-04 16:47:19,495 [Thread-24992] INFO  impl.RoleInfo (RoleInfo.java:shutdownFollowerState(121)) - ad9dfb15-0321-4349-a9e1-29d9eb7275d5: shutdown FollowerState
2019-11-04 16:47:19,495 [pool-590-thread-1] INFO  server.RaftServerConfigKeys (ConfUtils.java:logGet(43)) - raft.server.log.preallocated.size = 16384 (custom)
2019-11-04 16:47:19,495 [Thread-24995] INFO  impl.FollowerState (FollowerState.java:run(117)) - 53db7904-d288-4108-8bc9-f81d312978a3@group-A695585A5CDD-FollowerState was interrupted: java.lang.InterruptedException: sleep interrupted
2019-11-04 16:47:19,495 [grpc-default-executor-12] INFO  impl.RoleInfo (RoleInfo.java:updateAndGet(143)) - 53db7904-d288-4108-8bc9-f81d312978a3: start FollowerState
2019-11-04 16:47:19,495 [pool-580-thread-1] INFO  server.RaftServerConfigKeys (ConfUtils.java:logGet(43)) - raft.server.log.segment.size.max = 1048576 (custom)
2019-11-04 16:47:19,496 [pool-590-thread-1] INFO  server.RaftServerConfigKeys (ConfUtils.java:logGet(43)) - raft.server.log.write.buffer.size = 33554432 (custom)
2019-11-04 16:47:19,496 [Thread-24992] INFO  impl.RaftServerImpl (RaftServerImpl.java:setRole(184)) - ad9dfb15-0321-4349-a9e1-29d9eb7275d5@group-47944429F1DF: changes role from  FOLLOWER to CANDIDATE at term 0 for changeToCandidate
2019-11-04 16:47:19,496 [pool-540-thread-1] INFO  server.RaftServerConfigKeys (ConfUtils.java:logGet(43)) - raft.server.log.segment.cache.num.max = 2 (custom)
2019-11-04 16:47:19,496 [Thread-24992] INFO  impl.RoleInfo (RoleInfo.java:updateAndGet(143)) - ad9dfb15-0321-4349-a9e1-29d9eb7275d5: start LeaderElection
2019-11-04 16:47:19,496 [pool-590-thread-1] INFO  server.RaftServerConfigKeys (ConfUtils.java:logGet(43)) - raft.server.log.force.sync.num = 128 (default)
2019-11-04 16:47:19,496 [pool-580-thread-1] INFO  server.RaftServerConfigKeys (ConfUtils.java:logGet(43)) - raft.server.log.segment.cache.num.max = 2 (custom)
2019-11-04 16:47:19,497 [pool-590-thread-1] INFO  server.RaftServerConfigKeys (ConfUtils.java:logGet(43)) - raft.server.log.statemachine.data.sync = true (default)
2019-11-04 16:47:19,496 [pool-540-thread-1] INFO  segmented.SegmentedRaftLogWorker (SegmentedRaftLogWorker.java:<init>(173)) - new 18bcd373-7631-4e7c-b817-d7839f17bf5a@group-29467ABC0BF0-SegmentedRaftLogWorker for RaftStorage:Storage Directory /workdir/hadoop-ozone/integration-test/target/test-dir/MiniOzoneClusterImpl-8e66254f-d6bc-40e7-ae2f-db5e1b2bb1f3/datanode-2/data/ratis/98e485be-f8be-498d-b57e-29467abc0bf0
2019-11-04 16:47:19,501 [pool-590-thread-1] INFO  server.RaftServerConfigKeys (ConfUtils.java:logGet(43)) - raft.server.log.statemachine.data.sync.timeout = 10s (default)
2019-11-04 16:47:19,501 [pool-580-thread-1] INFO  segmented.SegmentedRaftLogWorker (SegmentedRaftLogWorker.java:<init>(173)) - new 7fc3dcce-a523-45fc-b6d6-b2bad08ce4da@group-29467ABC0BF0-SegmentedRaftLogWorker for RaftStorage:Storage Directory /workdir/hadoop-ozone/integration-test/target/test-dir/MiniOzoneClusterImpl-8e66254f-d6bc-40e7-ae2f-db5e1b2bb1f3/datanode-6/data/ratis/98e485be-f8be-498d-b57e-29467abc0bf0
2019-11-04 16:47:19,501 [pool-590-thread-1] INFO  server.RaftServerConfigKeys (ConfUtils.java:logGet(43)) - raft.server.log.statemachine.data.sync.timeout.retry = -1 (default)
2019-11-04 16:47:19,501 [pool-540-thread-1] INFO  server.RaftServerConfigKeys (ConfUtils.java:logGet(43)) - raft.server.log.queue.byte-limit = 2147483647 (custom)
2019-11-04 16:47:19,502 [pool-590-thread-1] INFO  server.RaftServerConfigKeys (ConfUtils.java:logGet(43)) - raft.server.log.statemachine.data.caching.enabled = true (custom)
2019-11-04 16:47:19,501 [pool-580-thread-1] INFO  server.RaftServerConfigKeys (ConfUtils.java:logGet(43)) - raft.server.log.queue.byte-limit = 2147483647 (custom)
2019-11-04 16:47:19,502 [pool-540-thread-1] INFO  server.RaftServerConfigKeys (ConfUtils.java:logGet(43)) - raft.server.log.queue.element-limit = 1024 (custom)
2019-11-04 16:47:19,502 [pool-590-thread-1] INFO  segmented.SegmentedRaftLogWorker (SegmentedRaftLogWorker.java:lambda$new$0(128)) - 2911c1bb-ca7b-4253-a902-f80f167657b1@group-29467ABC0BF0-SegmentedRaftLogWorker: flushIndex: setUnconditionally 0 -> -1
2019-11-04 16:47:19,502 [pool-580-thread-1] INFO  server.RaftServerConfigKeys (ConfUtils.java:logGet(43)) - raft.server.log.queue.element-limit = 1024 (custom)
2019-11-04 16:47:19,502 [pool-540-thread-1] INFO  server.RaftServerConfigKeys (ConfUtils.java:logGet(43)) - raft.server.log.segment.size.max = 1048576 (custom)
2019-11-04 16:47:19,502 [pool-590-thread-1] INFO  server.RaftServerConfigKeys (ConfUtils.java:logGet(43)) - raft.server.snapshot.auto.trigger.enabled = true (custom)
2019-11-04 16:47:19,502 [pool-580-thread-1] INFO  server.RaftServerConfigKeys (ConfUtils.java:logGet(43)) - raft.server.log.segment.size.max = 1048576 (custom)
2019-11-04 16:47:19,502 [pool-590-thread-1] INFO  server.RaftServerConfigKeys (ConfUtils.java:logGet(43)) - raft.server.snapshot.auto.trigger.threshold = 10000 (custom)
2019-11-04 16:47:19,502 [pool-540-thread-1] INFO  server.RaftServerConfigKeys (ConfUtils.java:logGet(43)) - raft.server.log.preallocated.size = 16384 (custom)
2019-11-04 16:47:19,502 [pool-590-thread-1] INFO  server.RaftServerConfigKeys (ConfUtils.java:logGet(43)) - raft.server.snapshot.retention.file.num = 5 (custom)
2019-11-04 16:47:19,502 [pool-580-thread-1] INFO  server.RaftServerConfigKeys (ConfUtils.java:logGet(43)) - raft.server.log.preallocated.size = 16384 (custom)
2019-11-04 16:47:19,502 [pool-590-thread-1] INFO  server.RaftServerConfigKeys (ConfUtils.java:logGet(43)) - raft.server.retrycache.expirytime = 600000ms (custom)
2019-11-04 16:47:19,502 [pool-540-thread-1] INFO  server.RaftServerConfigKeys (ConfUtils.java:logGet(43)) - raft.server.log.write.buffer.size = 33554432 (custom)
2019-11-04 16:47:19,503 [pool-580-thread-1] INFO  server.RaftServerConfigKeys (ConfUtils.java:logGet(43)) - raft.server.log.write.buffer.size = 33554432 (custom)
2019-11-04 16:47:19,503 [pool-540-thread-1] INFO  server.RaftServerConfigKeys (ConfUtils.java:logGet(43)) - raft.server.log.force.sync.num = 128 (default)
2019-11-04 16:47:19,503 [pool-580-thread-1] INFO  server.RaftServerConfigKeys (ConfUtils.java:logGet(43)) - raft.server.log.force.sync.num = 128 (default)
2019-11-04 16:47:19,503 [pool-540-thread-1] INFO  server.RaftServerConfigKeys (ConfUtils.java:logGet(43)) - raft.server.log.statemachine.data.sync = true (default)
2019-11-04 16:47:19,503 [pool-580-thread-1] INFO  server.RaftServerConfigKeys (ConfUtils.java:logGet(43)) - raft.server.log.statemachine.data.sync = true (default)
2019-11-04 16:47:19,503 [pool-540-thread-1] INFO  server.RaftServerConfigKeys (ConfUtils.java:logGet(43)) - raft.server.log.statemachine.data.sync.timeout = 10s (default)
2019-11-04 16:47:19,503 [pool-580-thread-1] INFO  server.RaftServerConfigKeys (ConfUtils.java:logGet(43)) - raft.server.log.statemachine.data.sync.timeout = 10s (default)
2019-11-04 16:47:19,503 [pool-540-thread-1] INFO  server.RaftServerConfigKeys (ConfUtils.java:logGet(43)) - raft.server.log.statemachine.data.sync.timeout.retry = -1 (default)
2019-11-04 16:47:19,503 [pool-580-thread-1] INFO  server.RaftServerConfigKeys (ConfUtils.java:logGet(43)) - raft.server.log.statemachine.data.sync.timeout.retry = -1 (default)
2019-11-04 16:47:19,503 [pool-540-thread-1] INFO  server.RaftServerConfigKeys (ConfUtils.java:logGet(43)) - raft.server.log.statemachine.data.caching.enabled = true (custom)
2019-11-04 16:47:19,503 [pool-580-thread-1] INFO  server.RaftServerConfigKeys (ConfUtils.java:logGet(43)) - raft.server.log.statemachine.data.caching.enabled = true (custom)
2019-11-04 16:47:19,504 [pool-540-thread-1] INFO  segmented.SegmentedRaftLogWorker (SegmentedRaftLogWorker.java:lambda$new$0(128)) - 18bcd373-7631-4e7c-b817-d7839f17bf5a@group-29467ABC0BF0-SegmentedRaftLogWorker: flushIndex: setUnconditionally 0 -> -1
2019-11-04 16:47:19,504 [pool-590-thread-1] INFO  impl.RaftServerImpl (RaftServerImpl.java:start(195)) - 2911c1bb-ca7b-4253-a902-f80f167657b1@group-29467ABC0BF0: start as a follower, conf=-1: [2911c1bb-ca7b-4253-a902-f80f167657b1:192.168.157.194:45844, 7fc3dcce-a523-45fc-b6d6-b2bad08ce4da:192.168.157.194:35647, 18bcd373-7631-4e7c-b817-d7839f17bf5a:192.168.157.194:38252], old=null
2019-11-04 16:47:19,504 [pool-580-thread-1] INFO  segmented.SegmentedRaftLogWorker (SegmentedRaftLogWorker.java:lambda$new$0(128)) - 7fc3dcce-a523-45fc-b6d6-b2bad08ce4da@group-29467ABC0BF0-SegmentedRaftLogWorker: flushIndex: setUnconditionally 0 -> -1
2019-11-04 16:47:19,504 [b64d56c3-7e00-4645-8b63-46d38bcf6e51@group-E240BB25F985-SegmentedRaftLogWorker] INFO  segmented.SegmentedRaftLogWorker (SegmentedRaftLogWorker.java:execute(576)) - b64d56c3-7e00-4645-8b63-46d38bcf6e51@group-E240BB25F985-SegmentedRaftLogWorker: created new log segment /workdir/hadoop-ozone/integration-test/target/test-dir/MiniOzoneClusterImpl-8e66254f-d6bc-40e7-ae2f-db5e1b2bb1f3/datanode-9/data/ratis/504b2890-7d58-4f21-a010-e240bb25f985/current/log_inprogress_0
2019-11-04 16:47:19,504 [pool-540-thread-1] INFO  server.RaftServerConfigKeys (ConfUtils.java:logGet(43)) - raft.server.snapshot.auto.trigger.enabled = true (custom)
2019-11-04 16:47:19,504 [pool-590-thread-1] INFO  impl.RaftServerImpl (RaftServerImpl.java:setRole(184)) - 2911c1bb-ca7b-4253-a902-f80f167657b1@group-29467ABC0BF0: changes role from      null to FOLLOWER at term 0 for startAsFollower
2019-11-04 16:47:19,504 [pool-540-thread-1] INFO  server.RaftServerConfigKeys (ConfUtils.java:logGet(43)) - raft.server.snapshot.auto.trigger.threshold = 10000 (custom)
2019-11-04 16:47:19,504 [pool-580-thread-1] INFO  server.RaftServerConfigKeys (ConfUtils.java:logGet(43)) - raft.server.snapshot.auto.trigger.enabled = true (custom)
2019-11-04 16:47:19,504 [693d1277-6dfc-424e-94e6-a87b40f9160b@group-A695585A5CDD-LeaderElection3517] INFO  impl.LeaderElection (LeaderElection.java:logAndReturn(56)) - 693d1277-6dfc-424e-94e6-a87b40f9160b@group-A695585A5CDD-LeaderElection3517: Election PASSED; received 1 response(s) [693d1277-6dfc-424e-94e6-a87b40f9160b<-b64d56c3-7e00-4645-8b63-46d38bcf6e51#0:OK-t1] and 0 exception(s); 693d1277-6dfc-424e-94e6-a87b40f9160b@group-A695585A5CDD:t1, leader=null, voted=693d1277-6dfc-424e-94e6-a87b40f9160b, raftlog=693d1277-6dfc-424e-94e6-a87b40f9160b@group-A695585A5CDD-SegmentedRaftLog:OPENED:c-1,f-1,i0, conf=-1: [b64d56c3-7e00-4645-8b63-46d38bcf6e51:192.168.157.194:33628, 693d1277-6dfc-424e-94e6-a87b40f9160b:192.168.157.194:33365, 53db7904-d288-4108-8bc9-f81d312978a3:192.168.157.194:45062], old=null
2019-11-04 16:47:19,504 [ad9dfb15-0321-4349-a9e1-29d9eb7275d5@group-47944429F1DF-LeaderElection3518] INFO  impl.LeaderElection (LeaderElection.java:askForVotes(178)) - ad9dfb15-0321-4349-a9e1-29d9eb7275d5@group-47944429F1DF-LeaderElection3518: begin an election at term 1 for -1: [ad9dfb15-0321-4349-a9e1-29d9eb7275d5:192.168.157.194:45506], old=null
2019-11-04 16:47:19,505 [693d1277-6dfc-424e-94e6-a87b40f9160b@group-A695585A5CDD-LeaderElection3517] INFO  impl.RoleInfo (RoleInfo.java:shutdownLeaderElection(134)) - 693d1277-6dfc-424e-94e6-a87b40f9160b: shutdown LeaderElection
2019-11-04 16:47:19,505 [ad9dfb15-0321-4349-a9e1-29d9eb7275d5@group-47944429F1DF-LeaderElection3518] INFO  impl.RoleInfo (RoleInfo.java:shutdownLeaderElection(134)) - ad9dfb15-0321-4349-a9e1-29d9eb7275d5: shutdown LeaderElection
2019-11-04 16:47:19,504 [pool-580-thread-1] INFO  server.RaftServerConfigKeys (ConfUtils.java:logGet(43)) - raft.server.snapshot.auto.trigger.threshold = 10000 (custom)
2019-11-04 16:47:19,504 [pool-540-thread-1] INFO  server.RaftServerConfigKeys (ConfUtils.java:logGet(43)) - raft.server.snapshot.retention.file.num = 5 (custom)
2019-11-04 16:47:19,504 [pool-590-thread-1] INFO  impl.RoleInfo (RoleInfo.java:updateAndGet(143)) - 2911c1bb-ca7b-4253-a902-f80f167657b1: start FollowerState
2019-11-04 16:47:19,505 [pool-540-thread-1] INFO  server.RaftServerConfigKeys (ConfUtils.java:logGet(43)) - raft.server.retrycache.expirytime = 600000ms (custom)
2019-11-04 16:47:19,505 [pool-580-thread-1] INFO  server.RaftServerConfigKeys (ConfUtils.java:logGet(43)) - raft.server.snapshot.retention.file.num = 5 (custom)
2019-11-04 16:47:19,505 [ad9dfb15-0321-4349-a9e1-29d9eb7275d5@group-47944429F1DF-LeaderElection3518] INFO  impl.RaftServerImpl (RaftServerImpl.java:setRole(184)) - ad9dfb15-0321-4349-a9e1-29d9eb7275d5@group-47944429F1DF: changes role from CANDIDATE to LEADER at term 1 for changeToLeader
2019-11-04 16:47:19,505 [ad9dfb15-0321-4349-a9e1-29d9eb7275d5@group-47944429F1DF-LeaderElection3518] INFO  impl.RaftServerImpl (ServerState.java:setLeader(256)) - ad9dfb15-0321-4349-a9e1-29d9eb7275d5@group-47944429F1DF: change Leader from null to ad9dfb15-0321-4349-a9e1-29d9eb7275d5 at term 1 for becomeLeader, leader elected after 125ms
2019-11-04 16:47:19,505 [693d1277-6dfc-424e-94e6-a87b40f9160b@group-A695585A5CDD-LeaderElection3517] INFO  impl.RaftServerImpl (RaftServerImpl.java:setRole(184)) - 693d1277-6dfc-424e-94e6-a87b40f9160b@group-A695585A5CDD: changes role from CANDIDATE to LEADER at term 1 for changeToLeader
2019-11-04 16:47:19,505 [ad9dfb15-0321-4349-a9e1-29d9eb7275d5@group-47944429F1DF-LeaderElection3518] INFO  server.RaftServerConfigKeys (ConfUtils.java:logGet(43)) - raft.server.staging.catchup.gap = 1000 (default)
2019-11-04 16:47:19,505 [pool-580-thread-1] INFO  server.RaftServerConfigKeys (ConfUtils.java:logGet(43)) - raft.server.retrycache.expirytime = 600000ms (custom)
2019-11-04 16:47:19,505 [pool-590-thread-1] INFO  util.JmxRegister (JmxRegister.java:tryRegister(44)) - Successfully registered JMX Bean with object name Ratis:service=RaftServer,group=group-29467ABC0BF0,id=2911c1bb-ca7b-4253-a902-f80f167657b1
2019-11-04 16:47:19,506 [ad9dfb15-0321-4349-a9e1-29d9eb7275d5@group-47944429F1DF-LeaderElection3518] INFO  server.RaftServerConfigKeys (ConfUtils.java:logGet(43)) - raft.server.rpc.sleep.time = 25ms (default)
2019-11-04 16:47:19,505 [693d1277-6dfc-424e-94e6-a87b40f9160b@group-A695585A5CDD-LeaderElection3517] INFO  impl.RaftServerImpl (ServerState.java:setLeader(256)) - 693d1277-6dfc-424e-94e6-a87b40f9160b@group-A695585A5CDD: change Leader from null to 693d1277-6dfc-424e-94e6-a87b40f9160b at term 1 for becomeLeader, leader elected after 81ms
2019-11-04 16:47:19,506 [ad9dfb15-0321-4349-a9e1-29d9eb7275d5@group-47944429F1DF-LeaderElection3518] INFO  server.RaftServerConfigKeys (ConfUtils.java:logGet(43)) - raft.server.write.element-limit = 4096 (default)
2019-11-04 16:47:19,506 [693d1277-6dfc-424e-94e6-a87b40f9160b@group-A695585A5CDD-LeaderElection3517] INFO  server.RaftServerConfigKeys (ConfUtils.java:logGet(43)) - raft.server.staging.catchup.gap = 1000 (default)
2019-11-04 16:47:19,506 [ad9dfb15-0321-4349-a9e1-29d9eb7275d5@group-47944429F1DF-LeaderElection3518] INFO  server.RaftServerConfigKeys (ConfUtils.java:logGet(43)) - raft.server.watch.timeout = 10s (default)
2019-11-04 16:47:19,506 [693d1277-6dfc-424e-94e6-a87b40f9160b@group-A695585A5CDD-LeaderElection3517] INFO  server.RaftServerConfigKeys (ConfUtils.java:logGet(43)) - raft.server.rpc.sleep.time = 25ms (default)
2019-11-04 16:47:19,506 [ad9dfb15-0321-4349-a9e1-29d9eb7275d5@group-47944429F1DF-LeaderElection3518] INFO  server.RaftServerConfigKeys (ConfUtils.java:logGet(43)) - raft.server.watch.timeout.denomination = 1s (default)
2019-11-04 16:47:19,506 [693d1277-6dfc-424e-94e6-a87b40f9160b@group-A695585A5CDD-LeaderElection3517] INFO  server.RaftServerConfigKeys (ConfUtils.java:logGet(43)) - raft.server.write.element-limit = 4096 (default)
2019-11-04 16:47:19,506 [ad9dfb15-0321-4349-a9e1-29d9eb7275d5@group-47944429F1DF-LeaderElection3518] INFO  server.RaftServerConfigKeys (ConfUtils.java:logGet(43)) - raft.server.watch.element-limit = 65536 (default)
2019-11-04 16:47:19,506 [693d1277-6dfc-424e-94e6-a87b40f9160b@group-A695585A5CDD-LeaderElection3517] INFO  server.RaftServerConfigKeys (ConfUtils.java:logGet(43)) - raft.server.watch.timeout = 10s (default)
2019-11-04 16:47:19,507 [693d1277-6dfc-424e-94e6-a87b40f9160b@group-A695585A5CDD-LeaderElection3517] INFO  server.RaftServerConfigKeys (ConfUtils.java:logGet(43)) - raft.server.watch.timeout.denomination = 1s (default)
2019-11-04 16:47:19,507 [693d1277-6dfc-424e-94e6-a87b40f9160b@group-A695585A5CDD-LeaderElection3517] INFO  server.RaftServerConfigKeys (ConfUtils.java:logGet(43)) - raft.server.watch.element-limit = 65536 (default)
2019-11-04 16:47:19,507 [pool-540-thread-1] INFO  impl.RaftServerImpl (RaftServerImpl.java:start(195)) - 18bcd373-7631-4e7c-b817-d7839f17bf5a@group-29467ABC0BF0: start as a follower, conf=-1: [2911c1bb-ca7b-4253-a902-f80f167657b1:192.168.157.194:45844, 7fc3dcce-a523-45fc-b6d6-b2bad08ce4da:192.168.157.194:35647, 18bcd373-7631-4e7c-b817-d7839f17bf5a:192.168.157.194:38252], old=null
2019-11-04 16:47:19,507 [pool-540-thread-1] INFO  impl.RaftServerImpl (RaftServerImpl.java:setRole(184)) - 18bcd373-7631-4e7c-b817-d7839f17bf5a@group-29467ABC0BF0: changes role from      null to FOLLOWER at term 0 for startAsFollower
2019-11-04 16:47:19,507 [pool-540-thread-1] INFO  impl.RoleInfo (RoleInfo.java:updateAndGet(143)) - 18bcd373-7631-4e7c-b817-d7839f17bf5a: start FollowerState
2019-11-04 16:47:19,508 [pool-540-thread-1] INFO  util.JmxRegister (JmxRegister.java:tryRegister(44)) - Successfully registered JMX Bean with object name Ratis:service=RaftServer,group=group-29467ABC0BF0,id=18bcd373-7631-4e7c-b817-d7839f17bf5a
2019-11-04 16:47:19,510 [pool-580-thread-1] INFO  impl.RaftServerImpl (RaftServerImpl.java:start(195)) - 7fc3dcce-a523-45fc-b6d6-b2bad08ce4da@group-29467ABC0BF0: start as a follower, conf=-1: [2911c1bb-ca7b-4253-a902-f80f167657b1:192.168.157.194:45844, 7fc3dcce-a523-45fc-b6d6-b2bad08ce4da:192.168.157.194:35647, 18bcd373-7631-4e7c-b817-d7839f17bf5a:192.168.157.194:38252], old=null
2019-11-04 16:47:19,510 [pool-580-thread-1] INFO  impl.RaftServerImpl (RaftServerImpl.java:setRole(184)) - 7fc3dcce-a523-45fc-b6d6-b2bad08ce4da@group-29467ABC0BF0: changes role from      null to FOLLOWER at term 0 for startAsFollower
2019-11-04 16:47:19,510 [pool-580-thread-1] INFO  impl.RoleInfo (RoleInfo.java:updateAndGet(143)) - 7fc3dcce-a523-45fc-b6d6-b2bad08ce4da: start FollowerState
2019-11-04 16:47:19,510 [pool-580-thread-1] INFO  util.JmxRegister (JmxRegister.java:tryRegister(44)) - Successfully registered JMX Bean with object name Ratis:service=RaftServer,group=group-29467ABC0BF0,id=7fc3dcce-a523-45fc-b6d6-b2bad08ce4da
2019-11-04 16:47:19,511 [ad9dfb15-0321-4349-a9e1-29d9eb7275d5@group-47944429F1DF-LeaderElection3518] INFO  impl.RoleInfo (RoleInfo.java:updateAndGet(143)) - ad9dfb15-0321-4349-a9e1-29d9eb7275d5: start LeaderState
2019-11-04 16:47:19,511 [ad9dfb15-0321-4349-a9e1-29d9eb7275d5@group-47944429F1DF-LeaderElection3518] INFO  segmented.SegmentedRaftLogWorker (SegmentedRaftLogWorker.java:startLogSegment(385)) - ad9dfb15-0321-4349-a9e1-29d9eb7275d5@group-47944429F1DF-SegmentedRaftLogWorker: Starting segment from index:0
2019-11-04 16:47:19,511 [693d1277-6dfc-424e-94e6-a87b40f9160b@group-A695585A5CDD-LeaderElection3517] INFO  server.RaftServerConfigKeys (ConfUtils.java:logGet(43)) - raft.server.log.appender.snapshot.chunk.size.max = 16MB (=16777216) (default)
2019-11-04 16:47:19,512 [693d1277-6dfc-424e-94e6-a87b40f9160b@group-A695585A5CDD-LeaderElection3517] INFO  server.RaftServerConfigKeys (ConfUtils.java:logGet(43)) - raft.server.log.appender.buffer.byte-limit = 33554432 (custom)
2019-11-04 16:47:19,512 [ad9dfb15-0321-4349-a9e1-29d9eb7275d5@group-47944429F1DF-LeaderElection3518] INFO  impl.RaftServerImpl (ServerState.java:setRaftConf(357)) - ad9dfb15-0321-4349-a9e1-29d9eb7275d5@group-47944429F1DF: set configuration 0: [ad9dfb15-0321-4349-a9e1-29d9eb7275d5:192.168.157.194:45506], old=null at 0
2019-11-04 16:47:19,512 [693d1277-6dfc-424e-94e6-a87b40f9160b@group-A695585A5CDD-LeaderElection3517] INFO  server.RaftServerConfigKeys (ConfUtils.java:logGet(43)) - raft.server.log.appender.buffer.element-limit = 1 (custom)
2019-11-04 16:47:19,513 [693d1277-6dfc-424e-94e6-a87b40f9160b@group-A695585A5CDD-LeaderElection3517] INFO  grpc.GrpcConfigKeys$Server (ConfUtils.java:logGet(43)) - raft.grpc.server.leader.outstanding.appends.max = 128 (default)
2019-11-04 16:47:19,513 [693d1277-6dfc-424e-94e6-a87b40f9160b@group-A695585A5CDD-LeaderElection3517] INFO  server.RaftServerConfigKeys (ConfUtils.java:logGet(43)) - raft.server.rpc.request.timeout = 3000ms (default)
2019-11-04 16:47:19,514 [693d1277-6dfc-424e-94e6-a87b40f9160b@group-A695585A5CDD-LeaderElection3517] INFO  server.RaftServerConfigKeys (ConfUtils.java:logGet(43)) - raft.server.log.appender.install.snapshot.enabled = false (custom)
2019-11-04 16:47:19,516 [693d1277-6dfc-424e-94e6-a87b40f9160b@group-A695585A5CDD-LeaderElection3517] INFO  server.RaftServerConfigKeys (ConfUtils.java:logGet(43)) - raft.server.log.appender.snapshot.chunk.size.max = 16MB (=16777216) (default)
2019-11-04 16:47:19,516 [693d1277-6dfc-424e-94e6-a87b40f9160b@group-A695585A5CDD-LeaderElection3517] INFO  server.RaftServerConfigKeys (ConfUtils.java:logGet(43)) - raft.server.log.appender.buffer.byte-limit = 33554432 (custom)
2019-11-04 16:47:19,516 [RatisPipelineUtilsThread] INFO  pipeline.PipelineStateManager (PipelineStateManager.java:addPipeline(56)) - Created pipeline Pipeline[ Id: 98e485be-f8be-498d-b57e-29467abc0bf0, Nodes: 7fc3dcce-a523-45fc-b6d6-b2bad08ce4da{ip: 192.168.157.194, host: pr-hdds-1643-sn7dj-2043761873, networkLocation: /rack1, certSerialId: null}2911c1bb-ca7b-4253-a902-f80f167657b1{ip: 192.168.157.194, host: pr-hdds-1643-sn7dj-2043761873, networkLocation: /rack1, certSerialId: null}18bcd373-7631-4e7c-b817-d7839f17bf5a{ip: 192.168.157.194, host: pr-hdds-1643-sn7dj-2043761873, networkLocation: /rack1, certSerialId: null}, Type:RATIS, Factor:THREE, State:OPEN]
2019-11-04 16:47:19,516 [693d1277-6dfc-424e-94e6-a87b40f9160b@group-A695585A5CDD-LeaderElection3517] INFO  server.RaftServerConfigKeys (ConfUtils.java:logGet(43)) - raft.server.log.appender.buffer.element-limit = 1 (custom)
2019-11-04 16:47:19,517 [693d1277-6dfc-424e-94e6-a87b40f9160b@group-A695585A5CDD-LeaderElection3517] INFO  grpc.GrpcConfigKeys$Server (ConfUtils.java:logGet(43)) - raft.grpc.server.leader.outstanding.appends.max = 128 (default)
2019-11-04 16:47:19,517 [693d1277-6dfc-424e-94e6-a87b40f9160b@group-A695585A5CDD-LeaderElection3517] INFO  server.RaftServerConfigKeys (ConfUtils.java:logGet(43)) - raft.server.rpc.request.timeout = 3000ms (default)
2019-11-04 16:47:19,517 [693d1277-6dfc-424e-94e6-a87b40f9160b@group-A695585A5CDD-LeaderElection3517] INFO  server.RaftServerConfigKeys (ConfUtils.java:logGet(43)) - raft.server.log.appender.install.snapshot.enabled = false (custom)
2019-11-04 16:47:19,526 [693d1277-6dfc-424e-94e6-a87b40f9160b@group-A695585A5CDD-LeaderElection3517] INFO  impl.RoleInfo (RoleInfo.java:updateAndGet(143)) - 693d1277-6dfc-424e-94e6-a87b40f9160b: start LeaderState
2019-11-04 16:47:19,526 [693d1277-6dfc-424e-94e6-a87b40f9160b@group-A695585A5CDD-LeaderElection3517] INFO  segmented.SegmentedRaftLogWorker (SegmentedRaftLogWorker.java:startLogSegment(385)) - 693d1277-6dfc-424e-94e6-a87b40f9160b@group-A695585A5CDD-SegmentedRaftLogWorker: Starting segment from index:0
2019-11-04 16:47:19,538 [693d1277-6dfc-424e-94e6-a87b40f9160b@group-A695585A5CDD-LeaderElection3517] INFO  impl.RaftServerImpl (ServerState.java:setRaftConf(357)) - 693d1277-6dfc-424e-94e6-a87b40f9160b@group-A695585A5CDD: set configuration 0: [b64d56c3-7e00-4645-8b63-46d38bcf6e51:192.168.157.194:33628, 693d1277-6dfc-424e-94e6-a87b40f9160b:192.168.157.194:33365, 53db7904-d288-4108-8bc9-f81d312978a3:192.168.157.194:45062], old=null at 0
2019-11-04 16:47:19,538 [grpc-default-executor-3] INFO  impl.RaftServerProxy (RaftServerProxy.java:addNew(89)) - 1b28f8eb-8aa4-4d14-8ba1-b6ff2630fcd0: addNew group-B6DB3D3E12D0:[851b12f9-bfd6-4752-97e2-7b87bdb6f05b:192.168.157.194:39597, d51bd7ac-8e91-4a16-849b-9fde6947cfce:192.168.157.194:38853, 1b28f8eb-8aa4-4d14-8ba1-b6ff2630fcd0:192.168.157.194:38874] returns group-B6DB3D3E12D0:java.util.concurrent.CompletableFuture@f14fe8f[Not completed]
2019-11-04 16:47:19,539 [grpc-default-executor-14] INFO  impl.RaftServerProxy (RaftServerProxy.java:addNew(89)) - d51bd7ac-8e91-4a16-849b-9fde6947cfce: addNew group-B6DB3D3E12D0:[851b12f9-bfd6-4752-97e2-7b87bdb6f05b:192.168.157.194:39597, d51bd7ac-8e91-4a16-849b-9fde6947cfce:192.168.157.194:38853, 1b28f8eb-8aa4-4d14-8ba1-b6ff2630fcd0:192.168.157.194:38874] returns group-B6DB3D3E12D0:java.util.concurrent.CompletableFuture@725935a4[Not completed]
2019-11-04 16:47:19,539 [grpc-default-executor-12] INFO  impl.RaftServerProxy (RaftServerProxy.java:addNew(89)) - 851b12f9-bfd6-4752-97e2-7b87bdb6f05b: addNew group-B6DB3D3E12D0:[851b12f9-bfd6-4752-97e2-7b87bdb6f05b:192.168.157.194:39597, d51bd7ac-8e91-4a16-849b-9fde6947cfce:192.168.157.194:38853, 1b28f8eb-8aa4-4d14-8ba1-b6ff2630fcd0:192.168.157.194:38874] returns group-B6DB3D3E12D0:java.util.concurrent.CompletableFuture@55fbe770[Not completed]
2019-11-04 16:47:19,562 [grpc-default-executor-12] INFO  impl.RaftServerImpl (ServerState.java:setLeader(256)) - b64d56c3-7e00-4645-8b63-46d38bcf6e51@group-A695585A5CDD: change Leader from null to 693d1277-6dfc-424e-94e6-a87b40f9160b at term 1 for appendEntries, leader elected after 138ms
2019-11-04 16:47:19,562 [Thread-25012] INFO  impl.FollowerState (FollowerState.java:run(108)) - 2911c1bb-ca7b-4253-a902-f80f167657b1@group-29467ABC0BF0-FollowerState: change to CANDIDATE, lastRpcTime:57ms, electionTimeout:56ms
2019-11-04 16:47:19,562 [ad9dfb15-0321-4349-a9e1-29d9eb7275d5@group-47944429F1DF-SegmentedRaftLogWorker] INFO  segmented.SegmentedRaftLogWorker (SegmentedRaftLogWorker.java:execute(576)) - ad9dfb15-0321-4349-a9e1-29d9eb7275d5@group-47944429F1DF-SegmentedRaftLogWorker: created new log segment /workdir/hadoop-ozone/integration-test/target/test-dir/MiniOzoneClusterImpl-8e66254f-d6bc-40e7-ae2f-db5e1b2bb1f3/datanode-5/data/ratis/bed52a21-a7cf-4024-a21d-47944429f1df/current/log_inprogress_0
2019-11-04 16:47:19,562 [Thread-25012] INFO  impl.RoleInfo (RoleInfo.java:shutdownFollowerState(121)) - 2911c1bb-ca7b-4253-a902-f80f167657b1: shutdown FollowerState
2019-11-04 16:47:19,564 [grpc-default-executor-14] INFO  impl.RaftServerImpl (ServerState.java:setLeader(256)) - 53db7904-d288-4108-8bc9-f81d312978a3@group-A695585A5CDD: change Leader from null to 693d1277-6dfc-424e-94e6-a87b40f9160b at term 1 for appendEntries, leader elected after 140ms
2019-11-04 16:47:19,564 [Thread-25012] INFO  impl.RaftServerImpl (RaftServerImpl.java:setRole(184)) - 2911c1bb-ca7b-4253-a902-f80f167657b1@group-29467ABC0BF0: changes role from  FOLLOWER to CANDIDATE at term 0 for changeToCandidate
2019-11-04 16:47:19,565 [Thread-25012] INFO  impl.RoleInfo (RoleInfo.java:updateAndGet(143)) - 2911c1bb-ca7b-4253-a902-f80f167657b1: start LeaderElection
2019-11-04 16:47:19,568 [pool-560-thread-1] INFO  impl.RaftServerImpl (RaftServerImpl.java:<init>(104)) - 1b28f8eb-8aa4-4d14-8ba1-b6ff2630fcd0: new RaftServerImpl for group-B6DB3D3E12D0:[851b12f9-bfd6-4752-97e2-7b87bdb6f05b:192.168.157.194:39597, d51bd7ac-8e91-4a16-849b-9fde6947cfce:192.168.157.194:38853, 1b28f8eb-8aa4-4d14-8ba1-b6ff2630fcd0:192.168.157.194:38874] with ContainerStateMachine:uninitialized
2019-11-04 16:47:19,568 [pool-560-thread-1] INFO  server.RaftServerConfigKeys (ConfUtils.java:logGet(43)) - raft.server.rpc.timeout.min = 1s (custom)
2019-11-04 16:47:19,568 [pool-560-thread-1] INFO  server.RaftServerConfigKeys (ConfUtils.java:logGet(43)) - raft.server.rpc.timeout.max = 1200ms (custom)
2019-11-04 16:47:19,568 [pool-560-thread-1] INFO  server.RaftServerConfigKeys (ConfUtils.java:logGet(43)) - raft.server.rpcslowness.timeout = 120s (custom)
2019-11-04 16:47:19,568 [pool-560-thread-1] INFO  server.RaftServerConfigKeys (ConfUtils.java:logGet(43)) - raft.server.sleep.deviation.threshold = 300 (default)
2019-11-04 16:47:19,568 [pool-560-thread-1] INFO  server.RaftServerConfigKeys (ConfUtils.java:logGet(43)) - raft.server.log.appender.install.snapshot.enabled = false (custom)
2019-11-04 16:47:19,569 [pool-560-thread-1] INFO  impl.RaftServerImpl (ServerState.java:<init>(103)) - 1b28f8eb-8aa4-4d14-8ba1-b6ff2630fcd0@group-B6DB3D3E12D0: ConfigurationManager, init=-1: [851b12f9-bfd6-4752-97e2-7b87bdb6f05b:192.168.157.194:39597, d51bd7ac-8e91-4a16-849b-9fde6947cfce:192.168.157.194:38853, 1b28f8eb-8aa4-4d14-8ba1-b6ff2630fcd0:192.168.157.194:38874], old=null, confs=<EMPTY_MAP>
2019-11-04 16:47:19,569 [pool-530-thread-1] INFO  impl.RaftServerImpl (RaftServerImpl.java:<init>(104)) - d51bd7ac-8e91-4a16-849b-9fde6947cfce: new RaftServerImpl for group-B6DB3D3E12D0:[851b12f9-bfd6-4752-97e2-7b87bdb6f05b:192.168.157.194:39597, d51bd7ac-8e91-4a16-849b-9fde6947cfce:192.168.157.194:38853, 1b28f8eb-8aa4-4d14-8ba1-b6ff2630fcd0:192.168.157.194:38874] with ContainerStateMachine:uninitialized
2019-11-04 16:47:19,569 [pool-560-thread-1] INFO  server.RaftServerConfigKeys (ConfUtils.java:logGet(43)) - raft.server.storage.dir = [/workdir/hadoop-ozone/integration-test/target/test-dir/MiniOzoneClusterImpl-8e66254f-d6bc-40e7-ae2f-db5e1b2bb1f3/datanode-4/data/ratis] (custom)
2019-11-04 16:47:19,569 [pool-530-thread-1] INFO  server.RaftServerConfigKeys (ConfUtils.java:logGet(43)) - raft.server.rpc.timeout.min = 1s (custom)
2019-11-04 16:47:19,569 [grpc-default-executor-14] INFO  impl.RaftServerImpl (ServerState.java:setRaftConf(357)) - b64d56c3-7e00-4645-8b63-46d38bcf6e51@group-A695585A5CDD: set configuration 0: [b64d56c3-7e00-4645-8b63-46d38bcf6e51:192.168.157.194:33628, 693d1277-6dfc-424e-94e6-a87b40f9160b:192.168.157.194:33365, 53db7904-d288-4108-8bc9-f81d312978a3:192.168.157.194:45062], old=null at 0
2019-11-04 16:47:19,569 [grpc-default-executor-12] INFO  impl.RaftServerImpl (ServerState.java:setRaftConf(357)) - 53db7904-d288-4108-8bc9-f81d312978a3@group-A695585A5CDD: set configuration 0: [b64d56c3-7e00-4645-8b63-46d38bcf6e51:192.168.157.194:33628, 693d1277-6dfc-424e-94e6-a87b40f9160b:192.168.157.194:33365, 53db7904-d288-4108-8bc9-f81d312978a3:192.168.157.194:45062], old=null at 0
2019-11-04 16:47:19,569 [grpc-default-executor-14] INFO  segmented.SegmentedRaftLogWorker (SegmentedRaftLogWorker.java:startLogSegment(385)) - b64d56c3-7e00-4645-8b63-46d38bcf6e51@group-A695585A5CDD-SegmentedRaftLogWorker: Starting segment from index:0
2019-11-04 16:47:19,569 [pool-520-thread-1] INFO  impl.RaftServerImpl (RaftServerImpl.java:<init>(104)) - 851b12f9-bfd6-4752-97e2-7b87bdb6f05b: new RaftServerImpl for group-B6DB3D3E12D0:[851b12f9-bfd6-4752-97e2-7b87bdb6f05b:192.168.157.194:39597, d51bd7ac-8e91-4a16-849b-9fde6947cfce:192.168.157.194:38853, 1b28f8eb-8aa4-4d14-8ba1-b6ff2630fcd0:192.168.157.194:38874] with ContainerStateMachine:uninitialized
2019-11-04 16:47:19,569 [pool-560-thread-1] INFO  server.RaftServerConfigKeys (ConfUtils.java:logGet(43)) - raft.server.log.corruption.policy = EXCEPTION (default)
2019-11-04 16:47:19,569 [pool-530-thread-1] INFO  server.RaftServerConfigKeys (ConfUtils.java:logGet(43)) - raft.server.rpc.timeout.max = 1200ms (custom)
2019-11-04 16:47:19,569 [pool-520-thread-1] INFO  server.RaftServerConfigKeys (ConfUtils.java:logGet(43)) - raft.server.rpc.timeout.min = 1s (custom)
2019-11-04 16:47:19,569 [grpc-default-executor-12] INFO  segmented.SegmentedRaftLogWorker (SegmentedRaftLogWorker.java:startLogSegment(385)) - 53db7904-d288-4108-8bc9-f81d312978a3@group-A695585A5CDD-SegmentedRaftLogWorker: Starting segment from index:0
2019-11-04 16:47:19,570 [pool-520-thread-1] INFO  server.RaftServerConfigKeys (ConfUtils.java:logGet(43)) - raft.server.rpc.timeout.max = 1200ms (custom)
2019-11-04 16:47:19,570 [pool-560-thread-1] INFO  storage.RaftStorageDirectory (RaftStorageDirectory.java:analyzeStorage(246)) - The storage directory /workdir/hadoop-ozone/integration-test/target/test-dir/MiniOzoneClusterImpl-8e66254f-d6bc-40e7-ae2f-db5e1b2bb1f3/datanode-4/data/ratis/bf82653a-7068-46f7-9c84-b6db3d3e12d0 does not exist. Creating ...
2019-11-04 16:47:19,570 [pool-530-thread-1] INFO  server.RaftServerConfigKeys (ConfUtils.java:logGet(43)) - raft.server.rpcslowness.timeout = 120s (custom)
2019-11-04 16:47:19,570 [pool-520-thread-1] INFO  server.RaftServerConfigKeys (ConfUtils.java:logGet(43)) - raft.server.rpcslowness.timeout = 120s (custom)
2019-11-04 16:47:19,570 [pool-530-thread-1] INFO  server.RaftServerConfigKeys (ConfUtils.java:logGet(43)) - raft.server.sleep.deviation.threshold = 300 (default)
2019-11-04 16:47:19,570 [pool-520-thread-1] INFO  server.RaftServerConfigKeys (ConfUtils.java:logGet(43)) - raft.server.sleep.deviation.threshold = 300 (default)
2019-11-04 16:47:19,570 [pool-530-thread-1] INFO  server.RaftServerConfigKeys (ConfUtils.java:logGet(43)) - raft.server.log.appender.install.snapshot.enabled = false (custom)
2019-11-04 16:47:19,570 [pool-520-thread-1] INFO  server.RaftServerConfigKeys (ConfUtils.java:logGet(43)) - raft.server.log.appender.install.snapshot.enabled = false (custom)
2019-11-04 16:47:19,570 [pool-530-thread-1] INFO  impl.RaftServerImpl (ServerState.java:<init>(103)) - d51bd7ac-8e91-4a16-849b-9fde6947cfce@group-B6DB3D3E12D0: ConfigurationManager, init=-1: [851b12f9-bfd6-4752-97e2-7b87bdb6f05b:192.168.157.194:39597, d51bd7ac-8e91-4a16-849b-9fde6947cfce:192.168.157.194:38853, 1b28f8eb-8aa4-4d14-8ba1-b6ff2630fcd0:192.168.157.194:38874], old=null, confs=<EMPTY_MAP>
2019-11-04 16:47:19,571 [pool-520-thread-1] INFO  impl.RaftServerImpl (ServerState.java:<init>(103)) - 851b12f9-bfd6-4752-97e2-7b87bdb6f05b@group-B6DB3D3E12D0: ConfigurationManager, init=-1: [851b12f9-bfd6-4752-97e2-7b87bdb6f05b:192.168.157.194:39597, d51bd7ac-8e91-4a16-849b-9fde6947cfce:192.168.157.194:38853, 1b28f8eb-8aa4-4d14-8ba1-b6ff2630fcd0:192.168.157.194:38874], old=null, confs=<EMPTY_MAP>
2019-11-04 16:47:19,571 [pool-530-thread-1] INFO  server.RaftServerConfigKeys (ConfUtils.java:logGet(43)) - raft.server.storage.dir = [/workdir/hadoop-ozone/integration-test/target/test-dir/MiniOzoneClusterImpl-8e66254f-d6bc-40e7-ae2f-db5e1b2bb1f3/datanode-1/data/ratis] (custom)
2019-11-04 16:47:19,571 [pool-520-thread-1] INFO  server.RaftServerConfigKeys (ConfUtils.java:logGet(43)) - raft.server.storage.dir = [/workdir/hadoop-ozone/integration-test/target/test-dir/MiniOzoneClusterImpl-8e66254f-d6bc-40e7-ae2f-db5e1b2bb1f3/datanode-0/data/ratis] (custom)
2019-11-04 16:47:19,571 [pool-530-thread-1] INFO  server.RaftServerConfigKeys (ConfUtils.java:logGet(43)) - raft.server.log.corruption.policy = EXCEPTION (default)
2019-11-04 16:47:19,571 [pool-520-thread-1] INFO  server.RaftServerConfigKeys (ConfUtils.java:logGet(43)) - raft.server.log.corruption.policy = EXCEPTION (default)
2019-11-04 16:47:19,571 [pool-530-thread-1] INFO  storage.RaftStorageDirectory (RaftStorageDirectory.java:analyzeStorage(246)) - The storage directory /workdir/hadoop-ozone/integration-test/target/test-dir/MiniOzoneClusterImpl-8e66254f-d6bc-40e7-ae2f-db5e1b2bb1f3/datanode-1/data/ratis/bf82653a-7068-46f7-9c84-b6db3d3e12d0 does not exist. Creating ...
2019-11-04 16:47:19,571 [pool-520-thread-1] INFO  storage.RaftStorageDirectory (RaftStorageDirectory.java:analyzeStorage(246)) - The storage directory /workdir/hadoop-ozone/integration-test/target/test-dir/MiniOzoneClusterImpl-8e66254f-d6bc-40e7-ae2f-db5e1b2bb1f3/datanode-0/data/ratis/bf82653a-7068-46f7-9c84-b6db3d3e12d0 does not exist. Creating ...
2019-11-04 16:47:19,589 [pool-560-thread-1] INFO  storage.RaftStorageDirectory (RaftStorageDirectory.java:tryLock(328)) - Lock on /workdir/hadoop-ozone/integration-test/target/test-dir/MiniOzoneClusterImpl-8e66254f-d6bc-40e7-ae2f-db5e1b2bb1f3/datanode-4/data/ratis/bf82653a-7068-46f7-9c84-b6db3d3e12d0/in_use.lock acquired by nodename 16190@pr-hdds-1643-sn7dj-2043761873
2019-11-04 16:47:19,589 [2911c1bb-ca7b-4253-a902-f80f167657b1@group-29467ABC0BF0-LeaderElection3519] INFO  impl.LeaderElection (LeaderElection.java:askForVotes(178)) - 2911c1bb-ca7b-4253-a902-f80f167657b1@group-29467ABC0BF0-LeaderElection3519: begin an election at term 1 for -1: [2911c1bb-ca7b-4253-a902-f80f167657b1:192.168.157.194:45844, 7fc3dcce-a523-45fc-b6d6-b2bad08ce4da:192.168.157.194:35647, 18bcd373-7631-4e7c-b817-d7839f17bf5a:192.168.157.194:38252], old=null
2019-11-04 16:47:19,589 [693d1277-6dfc-424e-94e6-a87b40f9160b@group-A695585A5CDD-SegmentedRaftLogWorker] INFO  segmented.SegmentedRaftLogWorker (SegmentedRaftLogWorker.java:execute(576)) - 693d1277-6dfc-424e-94e6-a87b40f9160b@group-A695585A5CDD-SegmentedRaftLogWorker: created new log segment /workdir/hadoop-ozone/integration-test/target/test-dir/MiniOzoneClusterImpl-8e66254f-d6bc-40e7-ae2f-db5e1b2bb1f3/datanode-3/data/ratis/c25ffe73-3d3b-4dbf-af1c-a695585a5cdd/current/log_inprogress_0
2019-11-04 16:47:19,589 [pool-520-thread-1] INFO  storage.RaftStorageDirectory (RaftStorageDirectory.java:tryLock(328)) - Lock on /workdir/hadoop-ozone/integration-test/target/test-dir/MiniOzoneClusterImpl-8e66254f-d6bc-40e7-ae2f-db5e1b2bb1f3/datanode-0/data/ratis/bf82653a-7068-46f7-9c84-b6db3d3e12d0/in_use.lock acquired by nodename 16190@pr-hdds-1643-sn7dj-2043761873
2019-11-04 16:47:19,589 [pool-530-thread-1] INFO  storage.RaftStorageDirectory (RaftStorageDirectory.java:tryLock(328)) - Lock on /workdir/hadoop-ozone/integration-test/target/test-dir/MiniOzoneClusterImpl-8e66254f-d6bc-40e7-ae2f-db5e1b2bb1f3/datanode-1/data/ratis/bf82653a-7068-46f7-9c84-b6db3d3e12d0/in_use.lock acquired by nodename 16190@pr-hdds-1643-sn7dj-2043761873
2019-11-04 16:47:19,599 [grpc-default-executor-14] INFO  impl.RaftServerImpl (RaftServerImpl.java:setRole(184)) - 18bcd373-7631-4e7c-b817-d7839f17bf5a@group-29467ABC0BF0: changes role from  FOLLOWER to FOLLOWER at term 1 for recognizeCandidate:2911c1bb-ca7b-4253-a902-f80f167657b1
2019-11-04 16:47:19,600 [grpc-default-executor-14] INFO  impl.RoleInfo (RoleInfo.java:shutdownFollowerState(121)) - 18bcd373-7631-4e7c-b817-d7839f17bf5a: shutdown FollowerState
2019-11-04 16:47:19,600 [grpc-default-executor-14] INFO  impl.RoleInfo (RoleInfo.java:updateAndGet(143)) - 18bcd373-7631-4e7c-b817-d7839f17bf5a: start FollowerState
2019-11-04 16:47:19,600 [Thread-25017] INFO  impl.FollowerState (FollowerState.java:run(117)) - 18bcd373-7631-4e7c-b817-d7839f17bf5a@group-29467ABC0BF0-FollowerState was interrupted: java.lang.InterruptedException: sleep interrupted
2019-11-04 16:47:19,604 [grpc-default-executor-12] INFO  impl.RaftServerImpl (RaftServerImpl.java:setRole(184)) - 7fc3dcce-a523-45fc-b6d6-b2bad08ce4da@group-29467ABC0BF0: changes role from  FOLLOWER to FOLLOWER at term 1 for recognizeCandidate:2911c1bb-ca7b-4253-a902-f80f167657b1
2019-11-04 16:47:19,604 [pool-520-thread-1] INFO  storage.RaftStorage (RaftStorage.java:format(84)) - Storage directory /workdir/hadoop-ozone/integration-test/target/test-dir/MiniOzoneClusterImpl-8e66254f-d6bc-40e7-ae2f-db5e1b2bb1f3/datanode-0/data/ratis/bf82653a-7068-46f7-9c84-b6db3d3e12d0 has been successfully formatted.
2019-11-04 16:47:19,604 [pool-530-thread-1] INFO  storage.RaftStorage (RaftStorage.java:format(84)) - Storage directory /workdir/hadoop-ozone/integration-test/target/test-dir/MiniOzoneClusterImpl-8e66254f-d6bc-40e7-ae2f-db5e1b2bb1f3/datanode-1/data/ratis/bf82653a-7068-46f7-9c84-b6db3d3e12d0 has been successfully formatted.
2019-11-04 16:47:19,604 [grpc-default-executor-12] INFO  impl.RoleInfo (RoleInfo.java:shutdownFollowerState(121)) - 7fc3dcce-a523-45fc-b6d6-b2bad08ce4da: shutdown FollowerState
2019-11-04 16:47:19,604 [pool-560-thread-1] INFO  storage.RaftStorage (RaftStorage.java:format(84)) - Storage directory /workdir/hadoop-ozone/integration-test/target/test-dir/MiniOzoneClusterImpl-8e66254f-d6bc-40e7-ae2f-db5e1b2bb1f3/datanode-4/data/ratis/bf82653a-7068-46f7-9c84-b6db3d3e12d0 has been successfully formatted.
2019-11-04 16:47:19,604 [53db7904-d288-4108-8bc9-f81d312978a3@group-A695585A5CDD-SegmentedRaftLogWorker] INFO  segmented.SegmentedRaftLogWorker (SegmentedRaftLogWorker.java:execute(576)) - 53db7904-d288-4108-8bc9-f81d312978a3@group-A695585A5CDD-SegmentedRaftLogWorker: created new log segment /workdir/hadoop-ozone/integration-test/target/test-dir/MiniOzoneClusterImpl-8e66254f-d6bc-40e7-ae2f-db5e1b2bb1f3/datanode-8/data/ratis/c25ffe73-3d3b-4dbf-af1c-a695585a5cdd/current/log_inprogress_0
2019-11-04 16:47:19,604 [pool-560-thread-1] INFO  ratis.ContainerStateMachine (ContainerStateMachine.java:loadSnapshot(231)) - group-B6DB3D3E12D0: The snapshot info is null. Setting the last applied indexto:(t:0, i:~)
2019-11-04 16:47:19,604 [pool-560-thread-1] INFO  server.RaftServerConfigKeys (ConfUtils.java:logGet(43)) - raft.server.notification.no-leader.timeout = 120s (custom)
2019-11-04 16:47:19,605 [pool-560-thread-1] INFO  server.RaftServerConfigKeys (ConfUtils.java:logGet(43)) - raft.server.log.use.memory = false (default)
2019-11-04 16:47:19,604 [b64d56c3-7e00-4645-8b63-46d38bcf6e51@group-A695585A5CDD-SegmentedRaftLogWorker] INFO  segmented.SegmentedRaftLogWorker (SegmentedRaftLogWorker.java:execute(576)) - b64d56c3-7e00-4645-8b63-46d38bcf6e51@group-A695585A5CDD-SegmentedRaftLogWorker: created new log segment /workdir/hadoop-ozone/integration-test/target/test-dir/MiniOzoneClusterImpl-8e66254f-d6bc-40e7-ae2f-db5e1b2bb1f3/datanode-9/data/ratis/c25ffe73-3d3b-4dbf-af1c-a695585a5cdd/current/log_inprogress_0
2019-11-04 16:47:19,605 [pool-560-thread-1] INFO  server.RaftServerConfigKeys (ConfUtils.java:logGet(43)) - raft.server.log.purge.gap = 1000000 (custom)
2019-11-04 16:47:19,604 [Thread-25018] INFO  impl.FollowerState (FollowerState.java:run(117)) - 7fc3dcce-a523-45fc-b6d6-b2bad08ce4da@group-29467ABC0BF0-FollowerState was interrupted: java.lang.InterruptedException: sleep interrupted
2019-11-04 16:47:19,604 [grpc-default-executor-12] INFO  impl.RoleInfo (RoleInfo.java:updateAndGet(143)) - 7fc3dcce-a523-45fc-b6d6-b2bad08ce4da: start FollowerState
2019-11-04 16:47:19,604 [pool-530-thread-1] INFO  ratis.ContainerStateMachine (ContainerStateMachine.java:loadSnapshot(231)) - group-B6DB3D3E12D0: The snapshot info is null. Setting the last applied indexto:(t:0, i:~)
2019-11-04 16:47:19,604 [pool-520-thread-1] INFO  ratis.ContainerStateMachine (ContainerStateMachine.java:loadSnapshot(231)) - group-B6DB3D3E12D0: The snapshot info is null. Setting the last applied indexto:(t:0, i:~)
2019-11-04 16:47:19,605 [pool-530-thread-1] INFO  server.RaftServerConfigKeys (ConfUtils.java:logGet(43)) - raft.server.notification.no-leader.timeout = 120s (custom)
2019-11-04 16:47:19,605 [pool-560-thread-1] INFO  server.RaftServerConfigKeys (ConfUtils.java:logGet(43)) - raft.server.log.appender.buffer.byte-limit = 33554432 (custom)
2019-11-04 16:47:19,605 [pool-530-thread-1] INFO  server.RaftServerConfigKeys (ConfUtils.java:logGet(43)) - raft.server.log.use.memory = false (default)
2019-11-04 16:47:19,605 [pool-520-thread-1] INFO  server.RaftServerConfigKeys (ConfUtils.java:logGet(43)) - raft.server.notification.no-leader.timeout = 120s (custom)
2019-11-04 16:47:19,606 [pool-530-thread-1] INFO  server.RaftServerConfigKeys (ConfUtils.java:logGet(43)) - raft.server.log.purge.gap = 1000000 (custom)
2019-11-04 16:47:19,606 [pool-560-thread-1] INFO  server.RaftServerConfigKeys (ConfUtils.java:logGet(43)) - raft.server.log.segment.size.max = 1048576 (custom)
2019-11-04 16:47:19,606 [pool-530-thread-1] INFO  server.RaftServerConfigKeys (ConfUtils.java:logGet(43)) - raft.server.log.appender.buffer.byte-limit = 33554432 (custom)
2019-11-04 16:47:19,606 [pool-520-thread-1] INFO  server.RaftServerConfigKeys (ConfUtils.java:logGet(43)) - raft.server.log.use.memory = false (default)
2019-11-04 16:47:19,606 [pool-530-thread-1] INFO  server.RaftServerConfigKeys (ConfUtils.java:logGet(43)) - raft.server.log.segment.size.max = 1048576 (custom)
2019-11-04 16:47:19,606 [pool-560-thread-1] INFO  server.RaftServerConfigKeys (ConfUtils.java:logGet(43)) - raft.server.log.segment.cache.num.max = 2 (custom)
2019-11-04 16:47:19,606 [pool-530-thread-1] INFO  server.RaftServerConfigKeys (ConfUtils.java:logGet(43)) - raft.server.log.segment.cache.num.max = 2 (custom)
2019-11-04 16:47:19,606 [pool-520-thread-1] INFO  server.RaftServerConfigKeys (ConfUtils.java:logGet(43)) - raft.server.log.purge.gap = 1000000 (custom)
2019-11-04 16:47:19,607 [pool-530-thread-1] INFO  segmented.SegmentedRaftLogWorker (SegmentedRaftLogWorker.java:<init>(173)) - new d51bd7ac-8e91-4a16-849b-9fde6947cfce@group-B6DB3D3E12D0-SegmentedRaftLogWorker for RaftStorage:Storage Directory /workdir/hadoop-ozone/integration-test/target/test-dir/MiniOzoneClusterImpl-8e66254f-d6bc-40e7-ae2f-db5e1b2bb1f3/datanode-1/data/ratis/bf82653a-7068-46f7-9c84-b6db3d3e12d0
2019-11-04 16:47:19,606 [pool-560-thread-1] INFO  segmented.SegmentedRaftLogWorker (SegmentedRaftLogWorker.java:<init>(173)) - new 1b28f8eb-8aa4-4d14-8ba1-b6ff2630fcd0@group-B6DB3D3E12D0-SegmentedRaftLogWorker for RaftStorage:Storage Directory /workdir/hadoop-ozone/integration-test/target/test-dir/MiniOzoneClusterImpl-8e66254f-d6bc-40e7-ae2f-db5e1b2bb1f3/datanode-4/data/ratis/bf82653a-7068-46f7-9c84-b6db3d3e12d0
2019-11-04 16:47:19,607 [pool-530-thread-1] INFO  server.RaftServerConfigKeys (ConfUtils.java:logGet(43)) - raft.server.log.queue.byte-limit = 2147483647 (custom)
2019-11-04 16:47:19,607 [pool-520-thread-1] INFO  server.RaftServerConfigKeys (ConfUtils.java:logGet(43)) - raft.server.log.appender.buffer.byte-limit = 33554432 (custom)
2019-11-04 16:47:19,607 [pool-530-thread-1] INFO  server.RaftServerConfigKeys (ConfUtils.java:logGet(43)) - raft.server.log.queue.element-limit = 1024 (custom)
2019-11-04 16:47:19,607 [pool-560-thread-1] INFO  server.RaftServerConfigKeys (ConfUtils.java:logGet(43)) - raft.server.log.queue.byte-limit = 2147483647 (custom)
2019-11-04 16:47:19,607 [pool-530-thread-1] INFO  server.RaftServerConfigKeys (ConfUtils.java:logGet(43)) - raft.server.log.segment.size.max = 1048576 (custom)
2019-11-04 16:47:19,607 [pool-520-thread-1] INFO  server.RaftServerConfigKeys (ConfUtils.java:logGet(43)) - raft.server.log.segment.size.max = 1048576 (custom)
2019-11-04 16:47:19,607 [pool-530-thread-1] INFO  server.RaftServerConfigKeys (ConfUtils.java:logGet(43)) - raft.server.log.preallocated.size = 16384 (custom)
2019-11-04 16:47:19,607 [pool-560-thread-1] INFO  server.RaftServerConfigKeys (ConfUtils.java:logGet(43)) - raft.server.log.queue.element-limit = 1024 (custom)
2019-11-04 16:47:19,608 [pool-530-thread-1] INFO  server.RaftServerConfigKeys (ConfUtils.java:logGet(43)) - raft.server.log.write.buffer.size = 33554432 (custom)
2019-11-04 16:47:19,607 [pool-520-thread-1] INFO  server.RaftServerConfigKeys (ConfUtils.java:logGet(43)) - raft.server.log.segment.cache.num.max = 2 (custom)
2019-11-04 16:47:19,608 [pool-530-thread-1] INFO  server.RaftServerConfigKeys (ConfUtils.java:logGet(43)) - raft.server.log.force.sync.num = 128 (default)
2019-11-04 16:47:19,608 [pool-560-thread-1] INFO  server.RaftServerConfigKeys (ConfUtils.java:logGet(43)) - raft.server.log.segment.size.max = 1048576 (custom)
2019-11-04 16:47:19,608 [pool-530-thread-1] INFO  server.RaftServerConfigKeys (ConfUtils.java:logGet(43)) - raft.server.log.statemachine.data.sync = true (default)
2019-11-04 16:47:19,608 [pool-520-thread-1] INFO  segmented.SegmentedRaftLogWorker (SegmentedRaftLogWorker.java:<init>(173)) - new 851b12f9-bfd6-4752-97e2-7b87bdb6f05b@group-B6DB3D3E12D0-SegmentedRaftLogWorker for RaftStorage:Storage Directory /workdir/hadoop-ozone/integration-test/target/test-dir/MiniOzoneClusterImpl-8e66254f-d6bc-40e7-ae2f-db5e1b2bb1f3/datanode-0/data/ratis/bf82653a-7068-46f7-9c84-b6db3d3e12d0
2019-11-04 16:47:19,608 [pool-530-thread-1] INFO  server.RaftServerConfigKeys (ConfUtils.java:logGet(43)) - raft.server.log.statemachine.data.sync.timeout = 10s (default)
2019-11-04 16:47:19,608 [pool-560-thread-1] INFO  server.RaftServerConfigKeys (ConfUtils.java:logGet(43)) - raft.server.log.preallocated.size = 16384 (custom)
2019-11-04 16:47:19,608 [pool-530-thread-1] INFO  server.RaftServerConfigKeys (ConfUtils.java:logGet(43)) - raft.server.log.statemachine.data.sync.timeout.retry = -1 (default)
2019-11-04 16:47:19,608 [pool-520-thread-1] INFO  server.RaftServerConfigKeys (ConfUtils.java:logGet(43)) - raft.server.log.queue.byte-limit = 2147483647 (custom)
2019-11-04 16:47:19,609 [pool-560-thread-1] INFO  server.RaftServerConfigKeys (ConfUtils.java:logGet(43)) - raft.server.log.write.buffer.size = 33554432 (custom)
2019-11-04 16:47:19,609 [2911c1bb-ca7b-4253-a902-f80f167657b1@group-29467ABC0BF0-LeaderElection3519] INFO  impl.LeaderElection (LeaderElection.java:logAndReturn(56)) - 2911c1bb-ca7b-4253-a902-f80f167657b1@group-29467ABC0BF0-LeaderElection3519: Election TIMEOUT; received 0 response(s) [] and 0 exception(s); 2911c1bb-ca7b-4253-a902-f80f167657b1@group-29467ABC0BF0:t1, leader=null, voted=2911c1bb-ca7b-4253-a902-f80f167657b1, raftlog=2911c1bb-ca7b-4253-a902-f80f167657b1@group-29467ABC0BF0-SegmentedRaftLog:OPENED:c-1,f-1,i0, conf=-1: [2911c1bb-ca7b-4253-a902-f80f167657b1:192.168.157.194:45844, 7fc3dcce-a523-45fc-b6d6-b2bad08ce4da:192.168.157.194:35647, 18bcd373-7631-4e7c-b817-d7839f17bf5a:192.168.157.194:38252], old=null
2019-11-04 16:47:19,609 [pool-560-thread-1] INFO  server.RaftServerConfigKeys (ConfUtils.java:logGet(43)) - raft.server.log.force.sync.num = 128 (default)
2019-11-04 16:47:19,609 [pool-530-thread-1] INFO  server.RaftServerConfigKeys (ConfUtils.java:logGet(43)) - raft.server.log.statemachine.data.caching.enabled = true (custom)
2019-11-04 16:47:19,609 [pool-520-thread-1] INFO  server.RaftServerConfigKeys (ConfUtils.java:logGet(43)) - raft.server.log.queue.element-limit = 1024 (custom)
2019-11-04 16:47:19,609 [pool-560-thread-1] INFO  server.RaftServerConfigKeys (ConfUtils.java:logGet(43)) - raft.server.log.statemachine.data.sync = true (default)
2019-11-04 16:47:19,609 [pool-530-thread-1] INFO  segmented.SegmentedRaftLogWorker (SegmentedRaftLogWorker.java:lambda$new$0(128)) - d51bd7ac-8e91-4a16-849b-9fde6947cfce@group-B6DB3D3E12D0-SegmentedRaftLogWorker: flushIndex: setUnconditionally 0 -> -1
2019-11-04 16:47:19,609 [pool-520-thread-1] INFO  server.RaftServerConfigKeys (ConfUtils.java:logGet(43)) - raft.server.log.segment.size.max = 1048576 (custom)
2019-11-04 16:47:19,609 [pool-560-thread-1] INFO  server.RaftServerConfigKeys (ConfUtils.java:logGet(43)) - raft.server.log.statemachine.data.sync.timeout = 10s (default)
2019-11-04 16:47:19,610 [pool-520-thread-1] INFO  server.RaftServerConfigKeys (ConfUtils.java:logGet(43)) - raft.server.log.preallocated.size = 16384 (custom)
2019-11-04 16:47:19,610 [pool-530-thread-1] INFO  server.RaftServerConfigKeys (ConfUtils.java:logGet(43)) - raft.server.snapshot.auto.trigger.enabled = true (custom)
2019-11-04 16:47:19,610 [pool-560-thread-1] INFO  server.RaftServerConfigKeys (ConfUtils.java:logGet(43)) - raft.server.log.statemachine.data.sync.timeout.retry = -1 (default)
2019-11-04 16:47:19,610 [pool-530-thread-1] INFO  server.RaftServerConfigKeys (ConfUtils.java:logGet(43)) - raft.server.snapshot.auto.trigger.threshold = 10000 (custom)
2019-11-04 16:47:19,610 [pool-520-thread-1] INFO  server.RaftServerConfigKeys (ConfUtils.java:logGet(43)) - raft.server.log.write.buffer.size = 33554432 (custom)
2019-11-04 16:47:19,610 [pool-530-thread-1] INFO  server.RaftServerConfigKeys (ConfUtils.java:logGet(43)) - raft.server.snapshot.retention.file.num = 5 (custom)
2019-11-04 16:47:19,610 [pool-560-thread-1] INFO  server.RaftServerConfigKeys (ConfUtils.java:logGet(43)) - raft.server.log.statemachine.data.caching.enabled = true (custom)
2019-11-04 16:47:19,610 [pool-530-thread-1] INFO  server.RaftServerConfigKeys (ConfUtils.java:logGet(43)) - raft.server.retrycache.expirytime = 600000ms (custom)
2019-11-04 16:47:19,610 [pool-520-thread-1] INFO  server.RaftServerConfigKeys (ConfUtils.java:logGet(43)) - raft.server.log.force.sync.num = 128 (default)
2019-11-04 16:47:19,610 [pool-560-thread-1] INFO  segmented.SegmentedRaftLogWorker (SegmentedRaftLogWorker.java:lambda$new$0(128)) - 1b28f8eb-8aa4-4d14-8ba1-b6ff2630fcd0@group-B6DB3D3E12D0-SegmentedRaftLogWorker: flushIndex: setUnconditionally 0 -> -1
2019-11-04 16:47:19,611 [pool-520-thread-1] INFO  server.RaftServerConfigKeys (ConfUtils.java:logGet(43)) - raft.server.log.statemachine.data.sync = true (default)
2019-11-04 16:47:19,611 [pool-520-thread-1] INFO  server.RaftServerConfigKeys (ConfUtils.java:logGet(43)) - raft.server.log.statemachine.data.sync.timeout = 10s (default)
2019-11-04 16:47:19,611 [pool-560-thread-1] INFO  server.RaftServerConfigKeys (ConfUtils.java:logGet(43)) - raft.server.snapshot.auto.trigger.enabled = true (custom)
2019-11-04 16:47:19,611 [pool-520-thread-1] INFO  server.RaftServerConfigKeys (ConfUtils.java:logGet(43)) - raft.server.log.statemachine.data.sync.timeout.retry = -1 (default)
2019-11-04 16:47:19,611 [pool-560-thread-1] INFO  server.RaftServerConfigKeys (ConfUtils.java:logGet(43)) - raft.server.snapshot.auto.trigger.threshold = 10000 (custom)
2019-11-04 16:47:19,611 [pool-520-thread-1] INFO  server.RaftServerConfigKeys (ConfUtils.java:logGet(43)) - raft.server.log.statemachine.data.caching.enabled = true (custom)
2019-11-04 16:47:19,611 [pool-560-thread-1] INFO  server.RaftServerConfigKeys (ConfUtils.java:logGet(43)) - raft.server.snapshot.retention.file.num = 5 (custom)
2019-11-04 16:47:19,611 [pool-560-thread-1] INFO  server.RaftServerConfigKeys (ConfUtils.java:logGet(43)) - raft.server.retrycache.expirytime = 600000ms (custom)
2019-11-04 16:47:19,611 [pool-520-thread-1] INFO  segmented.SegmentedRaftLogWorker (SegmentedRaftLogWorker.java:lambda$new$0(128)) - 851b12f9-bfd6-4752-97e2-7b87bdb6f05b@group-B6DB3D3E12D0-SegmentedRaftLogWorker: flushIndex: setUnconditionally 0 -> -1
2019-11-04 16:47:19,612 [pool-520-thread-1] INFO  server.RaftServerConfigKeys (ConfUtils.java:logGet(43)) - raft.server.snapshot.auto.trigger.enabled = true (custom)
2019-11-04 16:47:19,612 [pool-520-thread-1] INFO  server.RaftServerConfigKeys (ConfUtils.java:logGet(43)) - raft.server.snapshot.auto.trigger.threshold = 10000 (custom)
2019-11-04 16:47:19,612 [pool-520-thread-1] INFO  server.RaftServerConfigKeys (ConfUtils.java:logGet(43)) - raft.server.snapshot.retention.file.num = 5 (custom)
2019-11-04 16:47:19,612 [pool-520-thread-1] INFO  server.RaftServerConfigKeys (ConfUtils.java:logGet(43)) - raft.server.retrycache.expirytime = 600000ms (custom)
2019-11-04 16:47:19,612 [pool-530-thread-1] INFO  impl.RaftServerImpl (RaftServerImpl.java:start(195)) - d51bd7ac-8e91-4a16-849b-9fde6947cfce@group-B6DB3D3E12D0: start as a follower, conf=-1: [851b12f9-bfd6-4752-97e2-7b87bdb6f05b:192.168.157.194:39597, d51bd7ac-8e91-4a16-849b-9fde6947cfce:192.168.157.194:38853, 1b28f8eb-8aa4-4d14-8ba1-b6ff2630fcd0:192.168.157.194:38874], old=null
2019-11-04 16:47:19,612 [pool-530-thread-1] INFO  impl.RaftServerImpl (RaftServerImpl.java:setRole(184)) - d51bd7ac-8e91-4a16-849b-9fde6947cfce@group-B6DB3D3E12D0: changes role from      null to FOLLOWER at term 0 for startAsFollower
2019-11-04 16:47:19,612 [pool-530-thread-1] INFO  impl.RoleInfo (RoleInfo.java:updateAndGet(143)) - d51bd7ac-8e91-4a16-849b-9fde6947cfce: start FollowerState
2019-11-04 16:47:19,613 [pool-530-thread-1] INFO  util.JmxRegister (JmxRegister.java:tryRegister(44)) - Successfully registered JMX Bean with object name Ratis:service=RaftServer,group=group-B6DB3D3E12D0,id=d51bd7ac-8e91-4a16-849b-9fde6947cfce
2019-11-04 16:47:19,614 [pool-560-thread-1] INFO  impl.RaftServerImpl (RaftServerImpl.java:start(195)) - 1b28f8eb-8aa4-4d14-8ba1-b6ff2630fcd0@group-B6DB3D3E12D0: start as a follower, conf=-1: [851b12f9-bfd6-4752-97e2-7b87bdb6f05b:192.168.157.194:39597, d51bd7ac-8e91-4a16-849b-9fde6947cfce:192.168.157.194:38853, 1b28f8eb-8aa4-4d14-8ba1-b6ff2630fcd0:192.168.157.194:38874], old=null
2019-11-04 16:47:19,614 [pool-560-thread-1] INFO  impl.RaftServerImpl (RaftServerImpl.java:setRole(184)) - 1b28f8eb-8aa4-4d14-8ba1-b6ff2630fcd0@group-B6DB3D3E12D0: changes role from      null to FOLLOWER at term 0 for startAsFollower
2019-11-04 16:47:19,614 [pool-560-thread-1] INFO  impl.RoleInfo (RoleInfo.java:updateAndGet(143)) - 1b28f8eb-8aa4-4d14-8ba1-b6ff2630fcd0: start FollowerState
2019-11-04 16:47:19,615 [pool-560-thread-1] INFO  util.JmxRegister (JmxRegister.java:tryRegister(44)) - Successfully registered JMX Bean with object name Ratis:service=RaftServer,group=group-B6DB3D3E12D0,id=1b28f8eb-8aa4-4d14-8ba1-b6ff2630fcd0
2019-11-04 16:47:19,615 [pool-520-thread-1] INFO  impl.RaftServerImpl (RaftServerImpl.java:start(195)) - 851b12f9-bfd6-4752-97e2-7b87bdb6f05b@group-B6DB3D3E12D0: start as a follower, conf=-1: [851b12f9-bfd6-4752-97e2-7b87bdb6f05b:192.168.157.194:39597, d51bd7ac-8e91-4a16-849b-9fde6947cfce:192.168.157.194:38853, 1b28f8eb-8aa4-4d14-8ba1-b6ff2630fcd0:192.168.157.194:38874], old=null
2019-11-04 16:47:19,615 [pool-520-thread-1] INFO  impl.RaftServerImpl (RaftServerImpl.java:setRole(184)) - 851b12f9-bfd6-4752-97e2-7b87bdb6f05b@group-B6DB3D3E12D0: changes role from      null to FOLLOWER at term 0 for startAsFollower
2019-11-04 16:47:19,615 [pool-520-thread-1] INFO  impl.RoleInfo (RoleInfo.java:updateAndGet(143)) - 851b12f9-bfd6-4752-97e2-7b87bdb6f05b: start FollowerState
2019-11-04 16:47:19,616 [pool-520-thread-1] INFO  util.JmxRegister (JmxRegister.java:tryRegister(44)) - Successfully registered JMX Bean with object name Ratis:service=RaftServer,group=group-B6DB3D3E12D0,id=851b12f9-bfd6-4752-97e2-7b87bdb6f05b
2019-11-04 16:47:19,619 [2911c1bb-ca7b-4253-a902-f80f167657b1@group-29467ABC0BF0-LeaderElection3519] INFO  impl.LeaderElection (LeaderElection.java:askForVotes(178)) - 2911c1bb-ca7b-4253-a902-f80f167657b1@group-29467ABC0BF0-LeaderElection3519: begin an election at term 2 for -1: [2911c1bb-ca7b-4253-a902-f80f167657b1:192.168.157.194:45844, 7fc3dcce-a523-45fc-b6d6-b2bad08ce4da:192.168.157.194:35647, 18bcd373-7631-4e7c-b817-d7839f17bf5a:192.168.157.194:38252], old=null
2019-11-04 16:47:19,627 [grpc-default-executor-12] INFO  impl.RaftServerImpl (RaftServerImpl.java:setRole(184)) - 18bcd373-7631-4e7c-b817-d7839f17bf5a@group-29467ABC0BF0: changes role from  FOLLOWER to FOLLOWER at term 2 for recognizeCandidate:2911c1bb-ca7b-4253-a902-f80f167657b1
2019-11-04 16:47:19,629 [grpc-default-executor-14] INFO  impl.RaftServerImpl (RaftServerImpl.java:setRole(184)) - 7fc3dcce-a523-45fc-b6d6-b2bad08ce4da@group-29467ABC0BF0: changes role from  FOLLOWER to FOLLOWER at term 2 for recognizeCandidate:2911c1bb-ca7b-4253-a902-f80f167657b1
2019-11-04 16:47:19,630 [grpc-default-executor-14] INFO  impl.RoleInfo (RoleInfo.java:shutdownFollowerState(121)) - 7fc3dcce-a523-45fc-b6d6-b2bad08ce4da: shutdown FollowerState
2019-11-04 16:47:19,629 [grpc-default-executor-12] INFO  impl.RoleInfo (RoleInfo.java:shutdownFollowerState(121)) - 18bcd373-7631-4e7c-b817-d7839f17bf5a: shutdown FollowerState
2019-11-04 16:47:19,630 [Thread-25032] INFO  impl.FollowerState (FollowerState.java:run(117)) - 7fc3dcce-a523-45fc-b6d6-b2bad08ce4da@group-29467ABC0BF0-FollowerState was interrupted: java.lang.InterruptedException: sleep interrupted
2019-11-04 16:47:19,630 [grpc-default-executor-14] INFO  impl.RoleInfo (RoleInfo.java:updateAndGet(143)) - 7fc3dcce-a523-45fc-b6d6-b2bad08ce4da: start FollowerState
2019-11-04 16:47:19,630 [grpc-default-executor-12] INFO  impl.RoleInfo (RoleInfo.java:updateAndGet(143)) - 18bcd373-7631-4e7c-b817-d7839f17bf5a: start FollowerState
2019-11-04 16:47:19,630 [Thread-25031] INFO  impl.FollowerState (FollowerState.java:run(117)) - 18bcd373-7631-4e7c-b817-d7839f17bf5a@group-29467ABC0BF0-FollowerState was interrupted: java.lang.InterruptedException: sleep interrupted
2019-11-04 16:47:19,631 [RatisPipelineUtilsThread] INFO  pipeline.PipelineStateManager (PipelineStateManager.java:addPipeline(56)) - Created pipeline Pipeline[ Id: bf82653a-7068-46f7-9c84-b6db3d3e12d0, Nodes: d51bd7ac-8e91-4a16-849b-9fde6947cfce{ip: 192.168.157.194, host: pr-hdds-1643-sn7dj-2043761873, networkLocation: /rack1, certSerialId: null}1b28f8eb-8aa4-4d14-8ba1-b6ff2630fcd0{ip: 192.168.157.194, host: pr-hdds-1643-sn7dj-2043761873, networkLocation: /rack1, certSerialId: null}851b12f9-bfd6-4752-97e2-7b87bdb6f05b{ip: 192.168.157.194, host: pr-hdds-1643-sn7dj-2043761873, networkLocation: /rack1, certSerialId: null}, Type:RATIS, Factor:THREE, State:OPEN]
2019-11-04 16:47:19,640 [2911c1bb-ca7b-4253-a902-f80f167657b1@group-29467ABC0BF0-LeaderElection3519] INFO  impl.LeaderElection (LeaderElection.java:logAndReturn(56)) - 2911c1bb-ca7b-4253-a902-f80f167657b1@group-29467ABC0BF0-LeaderElection3519: Election PASSED; received 1 response(s) [2911c1bb-ca7b-4253-a902-f80f167657b1<-18bcd373-7631-4e7c-b817-d7839f17bf5a#0:OK-t2] and 0 exception(s); 2911c1bb-ca7b-4253-a902-f80f167657b1@group-29467ABC0BF0:t2, leader=null, voted=2911c1bb-ca7b-4253-a902-f80f167657b1, raftlog=2911c1bb-ca7b-4253-a902-f80f167657b1@group-29467ABC0BF0-SegmentedRaftLog:OPENED:c-1,f-1,i0, conf=-1: [2911c1bb-ca7b-4253-a902-f80f167657b1:192.168.157.194:45844, 7fc3dcce-a523-45fc-b6d6-b2bad08ce4da:192.168.157.194:35647, 18bcd373-7631-4e7c-b817-d7839f17bf5a:192.168.157.194:38252], old=null
2019-11-04 16:47:19,640 [2911c1bb-ca7b-4253-a902-f80f167657b1@group-29467ABC0BF0-LeaderElection3519] INFO  impl.RoleInfo (RoleInfo.java:shutdownLeaderElection(134)) - 2911c1bb-ca7b-4253-a902-f80f167657b1: shutdown LeaderElection
2019-11-04 16:47:19,640 [2911c1bb-ca7b-4253-a902-f80f167657b1@group-29467ABC0BF0-LeaderElection3519] INFO  impl.RaftServerImpl (RaftServerImpl.java:setRole(184)) - 2911c1bb-ca7b-4253-a902-f80f167657b1@group-29467ABC0BF0: changes role from CANDIDATE to LEADER at term 2 for changeToLeader
2019-11-04 16:47:19,640 [2911c1bb-ca7b-4253-a902-f80f167657b1@group-29467ABC0BF0-LeaderElection3519] INFO  impl.RaftServerImpl (ServerState.java:setLeader(256)) - 2911c1bb-ca7b-4253-a902-f80f167657b1@group-29467ABC0BF0: change Leader from null to 2911c1bb-ca7b-4253-a902-f80f167657b1 at term 2 for becomeLeader, leader elected after 174ms
2019-11-04 16:47:19,640 [2911c1bb-ca7b-4253-a902-f80f167657b1@group-29467ABC0BF0-LeaderElection3519] INFO  server.RaftServerConfigKeys (ConfUtils.java:logGet(43)) - raft.server.staging.catchup.gap = 1000 (default)
2019-11-04 16:47:19,640 [2911c1bb-ca7b-4253-a902-f80f167657b1@group-29467ABC0BF0-LeaderElection3519] INFO  server.RaftServerConfigKeys (ConfUtils.java:logGet(43)) - raft.server.rpc.sleep.time = 25ms (default)
2019-11-04 16:47:19,640 [2911c1bb-ca7b-4253-a902-f80f167657b1@group-29467ABC0BF0-LeaderElection3519] INFO  server.RaftServerConfigKeys (ConfUtils.java:logGet(43)) - raft.server.write.element-limit = 4096 (default)
2019-11-04 16:47:19,640 [2911c1bb-ca7b-4253-a902-f80f167657b1@group-29467ABC0BF0-LeaderElection3519] INFO  server.RaftServerConfigKeys (ConfUtils.java:logGet(43)) - raft.server.watch.timeout = 10s (default)
2019-11-04 16:47:19,640 [2911c1bb-ca7b-4253-a902-f80f167657b1@group-29467ABC0BF0-LeaderElection3519] INFO  server.RaftServerConfigKeys (ConfUtils.java:logGet(43)) - raft.server.watch.timeout.denomination = 1s (default)
2019-11-04 16:47:19,641 [2911c1bb-ca7b-4253-a902-f80f167657b1@group-29467ABC0BF0-LeaderElection3519] INFO  server.RaftServerConfigKeys (ConfUtils.java:logGet(43)) - raft.server.watch.element-limit = 65536 (default)
2019-11-04 16:47:19,642 [2911c1bb-ca7b-4253-a902-f80f167657b1@group-29467ABC0BF0-LeaderElection3519] INFO  server.RaftServerConfigKeys (ConfUtils.java:logGet(43)) - raft.server.log.appender.snapshot.chunk.size.max = 16MB (=16777216) (default)
2019-11-04 16:47:19,642 [2911c1bb-ca7b-4253-a902-f80f167657b1@group-29467ABC0BF0-LeaderElection3519] INFO  server.RaftServerConfigKeys (ConfUtils.java:logGet(43)) - raft.server.log.appender.buffer.byte-limit = 33554432 (custom)
2019-11-04 16:47:19,642 [2911c1bb-ca7b-4253-a902-f80f167657b1@group-29467ABC0BF0-LeaderElection3519] INFO  server.RaftServerConfigKeys (ConfUtils.java:logGet(43)) - raft.server.log.appender.buffer.element-limit = 1 (custom)
2019-11-04 16:47:19,642 [2911c1bb-ca7b-4253-a902-f80f167657b1@group-29467ABC0BF0-LeaderElection3519] INFO  grpc.GrpcConfigKeys$Server (ConfUtils.java:logGet(43)) - raft.grpc.server.leader.outstanding.appends.max = 128 (default)
2019-11-04 16:47:19,642 [2911c1bb-ca7b-4253-a902-f80f167657b1@group-29467ABC0BF0-LeaderElection3519] INFO  server.RaftServerConfigKeys (ConfUtils.java:logGet(43)) - raft.server.rpc.request.timeout = 3000ms (default)
2019-11-04 16:47:19,642 [2911c1bb-ca7b-4253-a902-f80f167657b1@group-29467ABC0BF0-LeaderElection3519] INFO  server.RaftServerConfigKeys (ConfUtils.java:logGet(43)) - raft.server.log.appender.install.snapshot.enabled = false (custom)
2019-11-04 16:47:19,642 [Thread-25046] INFO  impl.FollowerState (FollowerState.java:run(108)) - 7fc3dcce-a523-45fc-b6d6-b2bad08ce4da@group-29467ABC0BF0-FollowerState: change to CANDIDATE, lastRpcTime:12ms, electionTimeout:12ms
2019-11-04 16:47:19,642 [Thread-25046] INFO  impl.RoleInfo (RoleInfo.java:shutdownFollowerState(121)) - 7fc3dcce-a523-45fc-b6d6-b2bad08ce4da: shutdown FollowerState
2019-11-04 16:47:19,643 [Thread-25046] INFO  impl.RaftServerImpl (RaftServerImpl.java:setRole(184)) - 7fc3dcce-a523-45fc-b6d6-b2bad08ce4da@group-29467ABC0BF0: changes role from  FOLLOWER to CANDIDATE at term 2 for changeToCandidate
2019-11-04 16:47:19,643 [Thread-25046] INFO  impl.RoleInfo (RoleInfo.java:updateAndGet(143)) - 7fc3dcce-a523-45fc-b6d6-b2bad08ce4da: start LeaderElection
2019-11-04 16:47:19,643 [2911c1bb-ca7b-4253-a902-f80f167657b1@group-29467ABC0BF0-LeaderElection3519] INFO  server.RaftServerConfigKeys (ConfUtils.java:logGet(43)) - raft.server.log.appender.snapshot.chunk.size.max = 16MB (=16777216) (default)
2019-11-04 16:47:19,643 [2911c1bb-ca7b-4253-a902-f80f167657b1@group-29467ABC0BF0-LeaderElection3519] INFO  server.RaftServerConfigKeys (ConfUtils.java:logGet(43)) - raft.server.log.appender.buffer.byte-limit = 33554432 (custom)
2019-11-04 16:47:19,644 [2911c1bb-ca7b-4253-a902-f80f167657b1@group-29467ABC0BF0-LeaderElection3519] INFO  server.RaftServerConfigKeys (ConfUtils.java:logGet(43)) - raft.server.log.appender.buffer.element-limit = 1 (custom)
2019-11-04 16:47:19,644 [2911c1bb-ca7b-4253-a902-f80f167657b1@group-29467ABC0BF0-LeaderElection3519] INFO  grpc.GrpcConfigKeys$Server (ConfUtils.java:logGet(43)) - raft.grpc.server.leader.outstanding.appends.max = 128 (default)
2019-11-04 16:47:19,644 [2911c1bb-ca7b-4253-a902-f80f167657b1@group-29467ABC0BF0-LeaderElection3519] INFO  server.RaftServerConfigKeys (ConfUtils.java:logGet(43)) - raft.server.rpc.request.timeout = 3000ms (default)
2019-11-04 16:47:19,644 [2911c1bb-ca7b-4253-a902-f80f167657b1@group-29467ABC0BF0-LeaderElection3519] INFO  server.RaftServerConfigKeys (ConfUtils.java:logGet(43)) - raft.server.log.appender.install.snapshot.enabled = false (custom)
2019-11-04 16:47:19,645 [2911c1bb-ca7b-4253-a902-f80f167657b1@group-29467ABC0BF0-LeaderElection3519] INFO  impl.RoleInfo (RoleInfo.java:updateAndGet(143)) - 2911c1bb-ca7b-4253-a902-f80f167657b1: start LeaderState
2019-11-04 16:47:19,645 [2911c1bb-ca7b-4253-a902-f80f167657b1@group-29467ABC0BF0-LeaderElection3519] INFO  segmented.SegmentedRaftLogWorker (SegmentedRaftLogWorker.java:startLogSegment(385)) - 2911c1bb-ca7b-4253-a902-f80f167657b1@group-29467ABC0BF0-SegmentedRaftLogWorker: Starting segment from index:0
2019-11-04 16:47:19,645 [2911c1bb-ca7b-4253-a902-f80f167657b1@group-29467ABC0BF0-LeaderElection3519] INFO  impl.RaftServerImpl (ServerState.java:setRaftConf(357)) - 2911c1bb-ca7b-4253-a902-f80f167657b1@group-29467ABC0BF0: set configuration 0: [2911c1bb-ca7b-4253-a902-f80f167657b1:192.168.157.194:45844, 7fc3dcce-a523-45fc-b6d6-b2bad08ce4da:192.168.157.194:35647, 18bcd373-7631-4e7c-b817-d7839f17bf5a:192.168.157.194:38252], old=null at 0
2019-11-04 16:47:19,646 [grpc-default-executor-14] INFO  impl.RaftServerImpl (ServerState.java:setLeader(256)) - 18bcd373-7631-4e7c-b817-d7839f17bf5a@group-29467ABC0BF0: change Leader from null to 2911c1bb-ca7b-4253-a902-f80f167657b1 at term 2 for appendEntries, leader elected after 181ms
2019-11-04 16:47:19,648 [grpc-default-executor-14] INFO  impl.RaftServerImpl (ServerState.java:setRaftConf(357)) - 18bcd373-7631-4e7c-b817-d7839f17bf5a@group-29467ABC0BF0: set configuration 0: [2911c1bb-ca7b-4253-a902-f80f167657b1:192.168.157.194:45844, 7fc3dcce-a523-45fc-b6d6-b2bad08ce4da:192.168.157.194:35647, 18bcd373-7631-4e7c-b817-d7839f17bf5a:192.168.157.194:38252], old=null at 0
2019-11-04 16:47:19,648 [grpc-default-executor-14] INFO  segmented.SegmentedRaftLogWorker (SegmentedRaftLogWorker.java:startLogSegment(385)) - 18bcd373-7631-4e7c-b817-d7839f17bf5a@group-29467ABC0BF0-SegmentedRaftLogWorker: Starting segment from index:0
2019-11-04 16:47:19,655 [Thread-25037] INFO  impl.FollowerState (FollowerState.java:run(108)) - 1b28f8eb-8aa4-4d14-8ba1-b6ff2630fcd0@group-B6DB3D3E12D0-FollowerState: change to CANDIDATE, lastRpcTime:40ms, electionTimeout:40ms
2019-11-04 16:47:19,655 [Thread-25037] INFO  impl.RoleInfo (RoleInfo.java:shutdownFollowerState(121)) - 1b28f8eb-8aa4-4d14-8ba1-b6ff2630fcd0: shutdown FollowerState
2019-11-04 16:47:19,655 [Thread-25037] INFO  impl.RaftServerImpl (RaftServerImpl.java:setRole(184)) - 1b28f8eb-8aa4-4d14-8ba1-b6ff2630fcd0@group-B6DB3D3E12D0: changes role from  FOLLOWER to CANDIDATE at term 0 for changeToCandidate
2019-11-04 16:47:19,655 [Thread-25037] INFO  impl.RoleInfo (RoleInfo.java:updateAndGet(143)) - 1b28f8eb-8aa4-4d14-8ba1-b6ff2630fcd0: start LeaderElection
2019-11-04 16:47:19,678 [Thread-25038] INFO  impl.FollowerState (FollowerState.java:run(108)) - 851b12f9-bfd6-4752-97e2-7b87bdb6f05b@group-B6DB3D3E12D0-FollowerState: change to CANDIDATE, lastRpcTime:62ms, electionTimeout:45ms
2019-11-04 16:47:19,678 [Thread-25038] INFO  impl.RoleInfo (RoleInfo.java:shutdownFollowerState(121)) - 851b12f9-bfd6-4752-97e2-7b87bdb6f05b: shutdown FollowerState
2019-11-04 16:47:19,678 [7fc3dcce-a523-45fc-b6d6-b2bad08ce4da@group-29467ABC0BF0-LeaderElection3520] INFO  impl.LeaderElection (LeaderElection.java:askForVotes(178)) - 7fc3dcce-a523-45fc-b6d6-b2bad08ce4da@group-29467ABC0BF0-LeaderElection3520: begin an election at term 3 for -1: [2911c1bb-ca7b-4253-a902-f80f167657b1:192.168.157.194:45844, 7fc3dcce-a523-45fc-b6d6-b2bad08ce4da:192.168.157.194:35647, 18bcd373-7631-4e7c-b817-d7839f17bf5a:192.168.157.194:38252], old=null
2019-11-04 16:47:19,678 [Thread-25038] INFO  impl.RaftServerImpl (RaftServerImpl.java:setRole(184)) - 851b12f9-bfd6-4752-97e2-7b87bdb6f05b@group-B6DB3D3E12D0: changes role from  FOLLOWER to CANDIDATE at term 0 for changeToCandidate
2019-11-04 16:47:19,678 [Thread-25038] INFO  impl.RoleInfo (RoleInfo.java:updateAndGet(143)) - 851b12f9-bfd6-4752-97e2-7b87bdb6f05b: start LeaderElection
2019-11-04 16:47:19,684 [Thread-25048] INFO  impl.RaftServerImpl (ServerState.java:setLeader(256)) - 2911c1bb-ca7b-4253-a902-f80f167657b1@group-29467ABC0BF0: change Leader from 2911c1bb-ca7b-4253-a902-f80f167657b1 to null at term 3 for updateCurrentTerm
2019-11-04 16:47:19,684 [Thread-25048] INFO  impl.RaftServerImpl (RaftServerImpl.java:setRole(184)) - 2911c1bb-ca7b-4253-a902-f80f167657b1@group-29467ABC0BF0: changes role from    LEADER to FOLLOWER at term 3 for stepDown
2019-11-04 16:47:19,684 [Thread-25048] INFO  impl.RoleInfo (RoleInfo.java:shutdownLeaderState(104)) - 2911c1bb-ca7b-4253-a902-f80f167657b1: shutdown LeaderState
2019-11-04 16:47:19,688 [Thread-25048] INFO  impl.PendingRequests (PendingRequests.java:sendNotLeaderResponses(202)) - 2911c1bb-ca7b-4253-a902-f80f167657b1@group-29467ABC0BF0-PendingRequests: sendNotLeaderResponses
2019-11-04 16:47:19,688 [org.apache.ratis.server.impl.LogAppender$AppenderDaemon$$Lambda$434/1246728277@27ae3593] WARN  server.GrpcLogAppender (GrpcLogAppender.java:mayWait(149)) - 2911c1bb-ca7b-4253-a902-f80f167657b1@group-29467ABC0BF0->18bcd373-7631-4e7c-b817-d7839f17bf5a-GrpcLogAppender: Wait interrupted by java.lang.InterruptedException
2019-11-04 16:47:19,688 [Thread-25048] INFO  impl.RoleInfo (RoleInfo.java:updateAndGet(143)) - 2911c1bb-ca7b-4253-a902-f80f167657b1: start FollowerState
2019-11-04 16:47:19,688 [org.apache.ratis.server.impl.LogAppender$AppenderDaemon$$Lambda$434/1246728277@760ceb8e] WARN  server.GrpcLogAppender (GrpcLogAppender.java:mayWait(149)) - 2911c1bb-ca7b-4253-a902-f80f167657b1@group-29467ABC0BF0->7fc3dcce-a523-45fc-b6d6-b2bad08ce4da-GrpcLogAppender: Wait interrupted by java.lang.InterruptedException
2019-11-04 16:47:19,688 [grpc-default-executor-15] INFO  server.GrpcServerProtocolService (GrpcServerProtocolService.java:onCompleted(113)) - 18bcd373-7631-4e7c-b817-d7839f17bf5a: Completed APPEND_ENTRIES, lastRequest: 2911c1bb-ca7b-4253-a902-f80f167657b1->18bcd373-7631-4e7c-b817-d7839f17bf5a#1-t2, previous=(t:0, i:0), leaderCommit=-1, initializing? false, entries: size=1, first=(t:2, i:0), CONFIGURATIONENTRY
2019-11-04 16:47:19,689 [grpc-default-executor-15] INFO  server.GrpcLogAppender (GrpcLogAppender.java:onCompleted(308)) - 2911c1bb-ca7b-4253-a902-f80f167657b1@group-29467ABC0BF0->18bcd373-7631-4e7c-b817-d7839f17bf5a-AppendLogResponseHandler: follower responses appendEntries COMPLETED
2019-11-04 16:47:19,689 [grpc-default-executor-15] INFO  impl.FollowerInfo (FollowerInfo.java:lambda$new$0(51)) - 2911c1bb-ca7b-4253-a902-f80f167657b1@group-29467ABC0BF0->18bcd373-7631-4e7c-b817-d7839f17bf5a: nextIndex: updateUnconditionally 1 -> 0
2019-11-04 16:47:19,689 [grpc-default-executor-15] INFO  server.GrpcServerProtocolService (GrpcServerProtocolService.java:onCompleted(113)) - 7fc3dcce-a523-45fc-b6d6-b2bad08ce4da: Completed APPEND_ENTRIES, lastRequest: 2911c1bb-ca7b-4253-a902-f80f167657b1->7fc3dcce-a523-45fc-b6d6-b2bad08ce4da#0-t2, previous=(t:0, i:0), leaderCommit=-1, initializing? false, entries: <empty>
2019-11-04 16:47:19,691 [grpc-default-executor-3] INFO  impl.RaftServerImpl (ServerState.java:setLeader(256)) - 18bcd373-7631-4e7c-b817-d7839f17bf5a@group-29467ABC0BF0: change Leader from 2911c1bb-ca7b-4253-a902-f80f167657b1 to null at term 3 for updateCurrentTerm
2019-11-04 16:47:19,691 [grpc-default-executor-14] INFO  server.GrpcLogAppender (GrpcLogAppender.java:onCompleted(308)) - 2911c1bb-ca7b-4253-a902-f80f167657b1@group-29467ABC0BF0->7fc3dcce-a523-45fc-b6d6-b2bad08ce4da-AppendLogResponseHandler: follower responses appendEntries COMPLETED
2019-11-04 16:47:19,691 [grpc-default-executor-3] INFO  impl.RaftServerImpl (RaftServerImpl.java:setRole(184)) - 18bcd373-7631-4e7c-b817-d7839f17bf5a@group-29467ABC0BF0: changes role from  FOLLOWER to FOLLOWER at term 3 for recognizeCandidate:7fc3dcce-a523-45fc-b6d6-b2bad08ce4da
2019-11-04 16:47:19,691 [grpc-default-executor-3] INFO  impl.RoleInfo (RoleInfo.java:shutdownFollowerState(121)) - 18bcd373-7631-4e7c-b817-d7839f17bf5a: shutdown FollowerState
2019-11-04 16:47:19,691 [grpc-default-executor-3] INFO  impl.RoleInfo (RoleInfo.java:updateAndGet(143)) - 18bcd373-7631-4e7c-b817-d7839f17bf5a: start FollowerState
2019-11-04 16:47:19,691 [Thread-25047] INFO  impl.FollowerState (FollowerState.java:run(117)) - 18bcd373-7631-4e7c-b817-d7839f17bf5a@group-29467ABC0BF0-FollowerState was interrupted: java.lang.InterruptedException: sleep interrupted
2019-11-04 16:47:19,691 [grpc-default-executor-14] INFO  impl.FollowerInfo (FollowerInfo.java:lambda$new$0(51)) - 2911c1bb-ca7b-4253-a902-f80f167657b1@group-29467ABC0BF0->7fc3dcce-a523-45fc-b6d6-b2bad08ce4da: nextIndex: updateUnconditionally 0 -> 0
2019-11-04 16:47:19,691 [851b12f9-bfd6-4752-97e2-7b87bdb6f05b@group-B6DB3D3E12D0-LeaderElection3522] INFO  impl.LeaderElection (LeaderElection.java:askForVotes(178)) - 851b12f9-bfd6-4752-97e2-7b87bdb6f05b@group-B6DB3D3E12D0-LeaderElection3522: begin an election at term 1 for -1: [851b12f9-bfd6-4752-97e2-7b87bdb6f05b:192.168.157.194:39597, d51bd7ac-8e91-4a16-849b-9fde6947cfce:192.168.157.194:38853, 1b28f8eb-8aa4-4d14-8ba1-b6ff2630fcd0:192.168.157.194:38874], old=null
2019-11-04 16:47:19,691 [grpc-default-executor-15] INFO  impl.RaftServerImpl (RaftServerImpl.java:setRole(184)) - 2911c1bb-ca7b-4253-a902-f80f167657b1@group-29467ABC0BF0: changes role from  FOLLOWER to FOLLOWER at term 3 for recognizeCandidate:7fc3dcce-a523-45fc-b6d6-b2bad08ce4da
2019-11-04 16:47:19,693 [grpc-default-executor-15] INFO  impl.RoleInfo (RoleInfo.java:shutdownFollowerState(121)) - 2911c1bb-ca7b-4253-a902-f80f167657b1: shutdown FollowerState
2019-11-04 16:47:19,691 [1b28f8eb-8aa4-4d14-8ba1-b6ff2630fcd0@group-B6DB3D3E12D0-LeaderElection3521] INFO  impl.LeaderElection (LeaderElection.java:askForVotes(178)) - 1b28f8eb-8aa4-4d14-8ba1-b6ff2630fcd0@group-B6DB3D3E12D0-LeaderElection3521: begin an election at term 1 for -1: [851b12f9-bfd6-4752-97e2-7b87bdb6f05b:192.168.157.194:39597, d51bd7ac-8e91-4a16-849b-9fde6947cfce:192.168.157.194:38853, 1b28f8eb-8aa4-4d14-8ba1-b6ff2630fcd0:192.168.157.194:38874], old=null
2019-11-04 16:47:19,691 [18bcd373-7631-4e7c-b817-d7839f17bf5a@group-29467ABC0BF0-SegmentedRaftLogWorker] INFO  segmented.SegmentedRaftLogWorker (SegmentedRaftLogWorker.java:execute(576)) - 18bcd373-7631-4e7c-b817-d7839f17bf5a@group-29467ABC0BF0-SegmentedRaftLogWorker: created new log segment /workdir/hadoop-ozone/integration-test/target/test-dir/MiniOzoneClusterImpl-8e66254f-d6bc-40e7-ae2f-db5e1b2bb1f3/datanode-2/data/ratis/98e485be-f8be-498d-b57e-29467abc0bf0/current/log_inprogress_0
2019-11-04 16:47:19,691 [2911c1bb-ca7b-4253-a902-f80f167657b1@group-29467ABC0BF0-SegmentedRaftLogWorker] INFO  segmented.SegmentedRaftLogWorker (SegmentedRaftLogWorker.java:execute(576)) - 2911c1bb-ca7b-4253-a902-f80f167657b1@group-29467ABC0BF0-SegmentedRaftLogWorker: created new log segment /workdir/hadoop-ozone/integration-test/target/test-dir/MiniOzoneClusterImpl-8e66254f-d6bc-40e7-ae2f-db5e1b2bb1f3/datanode-7/data/ratis/98e485be-f8be-498d-b57e-29467abc0bf0/current/log_inprogress_0
2019-11-04 16:47:19,694 [Thread-25060] INFO  impl.FollowerState (FollowerState.java:run(117)) - 2911c1bb-ca7b-4253-a902-f80f167657b1@group-29467ABC0BF0-FollowerState was interrupted: java.lang.InterruptedException: sleep interrupted
2019-11-04 16:47:19,694 [grpc-default-executor-15] INFO  impl.RoleInfo (RoleInfo.java:updateAndGet(143)) - 2911c1bb-ca7b-4253-a902-f80f167657b1: start FollowerState
2019-11-04 16:47:19,712 [grpc-default-executor-15] INFO  impl.RaftServerImpl (RaftServerImpl.java:setRole(184)) - d51bd7ac-8e91-4a16-849b-9fde6947cfce@group-B6DB3D3E12D0: changes role from  FOLLOWER to FOLLOWER at term 1 for recognizeCandidate:851b12f9-bfd6-4752-97e2-7b87bdb6f05b
2019-11-04 16:47:19,712 [7fc3dcce-a523-45fc-b6d6-b2bad08ce4da@group-29467ABC0BF0-LeaderElection3520] INFO  impl.LeaderElection (LeaderElection.java:logAndReturn(56)) - 7fc3dcce-a523-45fc-b6d6-b2bad08ce4da@group-29467ABC0BF0-LeaderElection3520: Election REJECTED; received 2 response(s) [7fc3dcce-a523-45fc-b6d6-b2bad08ce4da<-2911c1bb-ca7b-4253-a902-f80f167657b1#0:FAIL-t3, 7fc3dcce-a523-45fc-b6d6-b2bad08ce4da<-18bcd373-7631-4e7c-b817-d7839f17bf5a#0:FAIL-t3] and 0 exception(s); 7fc3dcce-a523-45fc-b6d6-b2bad08ce4da@group-29467ABC0BF0:t3, leader=null, voted=7fc3dcce-a523-45fc-b6d6-b2bad08ce4da, raftlog=7fc3dcce-a523-45fc-b6d6-b2bad08ce4da@group-29467ABC0BF0-SegmentedRaftLog:OPENED:c-1,f-1,i0, conf=-1: [2911c1bb-ca7b-4253-a902-f80f167657b1:192.168.157.194:45844, 7fc3dcce-a523-45fc-b6d6-b2bad08ce4da:192.168.157.194:35647, 18bcd373-7631-4e7c-b817-d7839f17bf5a:192.168.157.194:38252], old=null
2019-11-04 16:47:19,712 [grpc-default-executor-15] INFO  impl.RoleInfo (RoleInfo.java:shutdownFollowerState(121)) - d51bd7ac-8e91-4a16-849b-9fde6947cfce: shutdown FollowerState
2019-11-04 16:47:19,712 [7fc3dcce-a523-45fc-b6d6-b2bad08ce4da@group-29467ABC0BF0-LeaderElection3520] INFO  impl.RaftServerImpl (RaftServerImpl.java:setRole(184)) - 7fc3dcce-a523-45fc-b6d6-b2bad08ce4da@group-29467ABC0BF0: changes role from CANDIDATE to FOLLOWER at term 3 for DISCOVERED_A_NEW_TERM
2019-11-04 16:47:19,712 [Thread-25036] INFO  impl.FollowerState (FollowerState.java:run(117)) - d51bd7ac-8e91-4a16-849b-9fde6947cfce@group-B6DB3D3E12D0-FollowerState was interrupted: java.lang.InterruptedException: sleep interrupted
2019-11-04 16:47:19,712 [grpc-default-executor-15] INFO  impl.RoleInfo (RoleInfo.java:updateAndGet(143)) - d51bd7ac-8e91-4a16-849b-9fde6947cfce: start FollowerState
2019-11-04 16:47:19,712 [7fc3dcce-a523-45fc-b6d6-b2bad08ce4da@group-29467ABC0BF0-LeaderElection3520] INFO  impl.RoleInfo (RoleInfo.java:shutdownLeaderElection(134)) - 7fc3dcce-a523-45fc-b6d6-b2bad08ce4da: shutdown LeaderElection
2019-11-04 16:47:19,713 [7fc3dcce-a523-45fc-b6d6-b2bad08ce4da@group-29467ABC0BF0-LeaderElection3520] INFO  impl.RoleInfo (RoleInfo.java:updateAndGet(143)) - 7fc3dcce-a523-45fc-b6d6-b2bad08ce4da: start FollowerState
2019-11-04 16:47:19,728 [851b12f9-bfd6-4752-97e2-7b87bdb6f05b@group-B6DB3D3E12D0-LeaderElection3522] INFO  impl.LeaderElection (LeaderElection.java:logAndReturn(56)) - 851b12f9-bfd6-4752-97e2-7b87bdb6f05b@group-B6DB3D3E12D0-LeaderElection3522: Election PASSED; received 2 response(s) [851b12f9-bfd6-4752-97e2-7b87bdb6f05b<-d51bd7ac-8e91-4a16-849b-9fde6947cfce#0:OK-t1, 851b12f9-bfd6-4752-97e2-7b87bdb6f05b<-1b28f8eb-8aa4-4d14-8ba1-b6ff2630fcd0#0:FAIL-t1] and 0 exception(s); 851b12f9-bfd6-4752-97e2-7b87bdb6f05b@group-B6DB3D3E12D0:t1, leader=null, voted=851b12f9-bfd6-4752-97e2-7b87bdb6f05b, raftlog=851b12f9-bfd6-4752-97e2-7b87bdb6f05b@group-B6DB3D3E12D0-SegmentedRaftLog:OPENED:c-1,f-1,i0, conf=-1: [851b12f9-bfd6-4752-97e2-7b87bdb6f05b:192.168.157.194:39597, d51bd7ac-8e91-4a16-849b-9fde6947cfce:192.168.157.194:38853, 1b28f8eb-8aa4-4d14-8ba1-b6ff2630fcd0:192.168.157.194:38874], old=null
2019-11-04 16:47:19,728 [1b28f8eb-8aa4-4d14-8ba1-b6ff2630fcd0@group-B6DB3D3E12D0-LeaderElection3521] INFO  impl.LeaderElection (LeaderElection.java:logAndReturn(56)) - 1b28f8eb-8aa4-4d14-8ba1-b6ff2630fcd0@group-B6DB3D3E12D0-LeaderElection3521: Election REJECTED; received 2 response(s) [1b28f8eb-8aa4-4d14-8ba1-b6ff2630fcd0<-851b12f9-bfd6-4752-97e2-7b87bdb6f05b#0:FAIL-t1, 1b28f8eb-8aa4-4d14-8ba1-b6ff2630fcd0<-d51bd7ac-8e91-4a16-849b-9fde6947cfce#0:FAIL-t1] and 0 exception(s); 1b28f8eb-8aa4-4d14-8ba1-b6ff2630fcd0@group-B6DB3D3E12D0:t1, leader=null, voted=1b28f8eb-8aa4-4d14-8ba1-b6ff2630fcd0, raftlog=1b28f8eb-8aa4-4d14-8ba1-b6ff2630fcd0@group-B6DB3D3E12D0-SegmentedRaftLog:OPENED:c-1,f-1,i0, conf=-1: [851b12f9-bfd6-4752-97e2-7b87bdb6f05b:192.168.157.194:39597, d51bd7ac-8e91-4a16-849b-9fde6947cfce:192.168.157.194:38853, 1b28f8eb-8aa4-4d14-8ba1-b6ff2630fcd0:192.168.157.194:38874], old=null
2019-11-04 16:47:19,728 [851b12f9-bfd6-4752-97e2-7b87bdb6f05b@group-B6DB3D3E12D0-LeaderElection3522] INFO  impl.RoleInfo (RoleInfo.java:shutdownLeaderElection(134)) - 851b12f9-bfd6-4752-97e2-7b87bdb6f05b: shutdown LeaderElection
2019-11-04 16:47:19,728 [1b28f8eb-8aa4-4d14-8ba1-b6ff2630fcd0@group-B6DB3D3E12D0-LeaderElection3521] INFO  impl.RaftServerImpl (RaftServerImpl.java:setRole(184)) - 1b28f8eb-8aa4-4d14-8ba1-b6ff2630fcd0@group-B6DB3D3E12D0: changes role from CANDIDATE to FOLLOWER at term 1 for DISCOVERED_A_NEW_TERM
2019-11-04 16:47:19,728 [851b12f9-bfd6-4752-97e2-7b87bdb6f05b@group-B6DB3D3E12D0-LeaderElection3522] INFO  impl.RaftServerImpl (RaftServerImpl.java:setRole(184)) - 851b12f9-bfd6-4752-97e2-7b87bdb6f05b@group-B6DB3D3E12D0: changes role from CANDIDATE to LEADER at term 1 for changeToLeader
2019-11-04 16:47:19,728 [1b28f8eb-8aa4-4d14-8ba1-b6ff2630fcd0@group-B6DB3D3E12D0-LeaderElection3521] INFO  impl.RoleInfo (RoleInfo.java:shutdownLeaderElection(134)) - 1b28f8eb-8aa4-4d14-8ba1-b6ff2630fcd0: shutdown LeaderElection
2019-11-04 16:47:19,728 [851b12f9-bfd6-4752-97e2-7b87bdb6f05b@group-B6DB3D3E12D0-LeaderElection3522] INFO  impl.RaftServerImpl (ServerState.java:setLeader(256)) - 851b12f9-bfd6-4752-97e2-7b87bdb6f05b@group-B6DB3D3E12D0: change Leader from null to 851b12f9-bfd6-4752-97e2-7b87bdb6f05b at term 1 for becomeLeader, leader elected after 123ms
2019-11-04 16:47:19,728 [1b28f8eb-8aa4-4d14-8ba1-b6ff2630fcd0@group-B6DB3D3E12D0-LeaderElection3521] INFO  impl.RoleInfo (RoleInfo.java:updateAndGet(143)) - 1b28f8eb-8aa4-4d14-8ba1-b6ff2630fcd0: start FollowerState
2019-11-04 16:47:19,729 [851b12f9-bfd6-4752-97e2-7b87bdb6f05b@group-B6DB3D3E12D0-LeaderElection3522] INFO  server.RaftServerConfigKeys (ConfUtils.java:logGet(43)) - raft.server.staging.catchup.gap = 1000 (default)
2019-11-04 16:47:19,729 [851b12f9-bfd6-4752-97e2-7b87bdb6f05b@group-B6DB3D3E12D0-LeaderElection3522] INFO  server.RaftServerConfigKeys (ConfUtils.java:logGet(43)) - raft.server.rpc.sleep.time = 25ms (default)
2019-11-04 16:47:19,729 [851b12f9-bfd6-4752-97e2-7b87bdb6f05b@group-B6DB3D3E12D0-LeaderElection3522] INFO  server.RaftServerConfigKeys (ConfUtils.java:logGet(43)) - raft.server.write.element-limit = 4096 (default)
2019-11-04 16:47:19,729 [851b12f9-bfd6-4752-97e2-7b87bdb6f05b@group-B6DB3D3E12D0-LeaderElection3522] INFO  server.RaftServerConfigKeys (ConfUtils.java:logGet(43)) - raft.server.watch.timeout = 10s (default)
2019-11-04 16:47:19,729 [851b12f9-bfd6-4752-97e2-7b87bdb6f05b@group-B6DB3D3E12D0-LeaderElection3522] INFO  server.RaftServerConfigKeys (ConfUtils.java:logGet(43)) - raft.server.watch.timeout.denomination = 1s (default)
2019-11-04 16:47:19,729 [851b12f9-bfd6-4752-97e2-7b87bdb6f05b@group-B6DB3D3E12D0-LeaderElection3522] INFO  server.RaftServerConfigKeys (ConfUtils.java:logGet(43)) - raft.server.watch.element-limit = 65536 (default)
2019-11-04 16:47:19,730 [851b12f9-bfd6-4752-97e2-7b87bdb6f05b@group-B6DB3D3E12D0-LeaderElection3522] INFO  server.RaftServerConfigKeys (ConfUtils.java:logGet(43)) - raft.server.log.appender.snapshot.chunk.size.max = 16MB (=16777216) (default)
2019-11-04 16:47:19,730 [851b12f9-bfd6-4752-97e2-7b87bdb6f05b@group-B6DB3D3E12D0-LeaderElection3522] INFO  server.RaftServerConfigKeys (ConfUtils.java:logGet(43)) - raft.server.log.appender.buffer.byte-limit = 33554432 (custom)
2019-11-04 16:47:19,730 [851b12f9-bfd6-4752-97e2-7b87bdb6f05b@group-B6DB3D3E12D0-LeaderElection3522] INFO  server.RaftServerConfigKeys (ConfUtils.java:logGet(43)) - raft.server.log.appender.buffer.element-limit = 1 (custom)
2019-11-04 16:47:19,731 [851b12f9-bfd6-4752-97e2-7b87bdb6f05b@group-B6DB3D3E12D0-LeaderElection3522] INFO  grpc.GrpcConfigKeys$Server (ConfUtils.java:logGet(43)) - raft.grpc.server.leader.outstanding.appends.max = 128 (default)
2019-11-04 16:47:19,731 [851b12f9-bfd6-4752-97e2-7b87bdb6f05b@group-B6DB3D3E12D0-LeaderElection3522] INFO  server.RaftServerConfigKeys (ConfUtils.java:logGet(43)) - raft.server.rpc.request.timeout = 3000ms (default)
2019-11-04 16:47:19,731 [851b12f9-bfd6-4752-97e2-7b87bdb6f05b@group-B6DB3D3E12D0-LeaderElection3522] INFO  server.RaftServerConfigKeys (ConfUtils.java:logGet(43)) - raft.server.log.appender.install.snapshot.enabled = false (custom)
2019-11-04 16:47:19,732 [Thread-25071] INFO  impl.FollowerState (FollowerState.java:run(108)) - 7fc3dcce-a523-45fc-b6d6-b2bad08ce4da@group-29467ABC0BF0-FollowerState: change to CANDIDATE, lastRpcTime:19ms, electionTimeout:17ms
2019-11-04 16:47:19,732 [Thread-25071] INFO  impl.RoleInfo (RoleInfo.java:shutdownFollowerState(121)) - 7fc3dcce-a523-45fc-b6d6-b2bad08ce4da: shutdown FollowerState
2019-11-04 16:47:19,732 [851b12f9-bfd6-4752-97e2-7b87bdb6f05b@group-B6DB3D3E12D0-LeaderElection3522] INFO  server.RaftServerConfigKeys (ConfUtils.java:logGet(43)) - raft.server.log.appender.snapshot.chunk.size.max = 16MB (=16777216) (default)
2019-11-04 16:47:19,732 [Thread-25071] INFO  impl.RaftServerImpl (RaftServerImpl.java:setRole(184)) - 7fc3dcce-a523-45fc-b6d6-b2bad08ce4da@group-29467ABC0BF0: changes role from  FOLLOWER to CANDIDATE at term 3 for changeToCandidate
2019-11-04 16:47:19,732 [851b12f9-bfd6-4752-97e2-7b87bdb6f05b@group-B6DB3D3E12D0-LeaderElection3522] INFO  server.RaftServerConfigKeys (ConfUtils.java:logGet(43)) - raft.server.log.appender.buffer.byte-limit = 33554432 (custom)
2019-11-04 16:47:19,732 [Thread-25071] INFO  impl.RoleInfo (RoleInfo.java:updateAndGet(143)) - 7fc3dcce-a523-45fc-b6d6-b2bad08ce4da: start LeaderElection
2019-11-04 16:47:19,732 [851b12f9-bfd6-4752-97e2-7b87bdb6f05b@group-B6DB3D3E12D0-LeaderElection3522] INFO  server.RaftServerConfigKeys (ConfUtils.java:logGet(43)) - raft.server.log.appender.buffer.element-limit = 1 (custom)
2019-11-04 16:47:19,732 [851b12f9-bfd6-4752-97e2-7b87bdb6f05b@group-B6DB3D3E12D0-LeaderElection3522] INFO  grpc.GrpcConfigKeys$Server (ConfUtils.java:logGet(43)) - raft.grpc.server.leader.outstanding.appends.max = 128 (default)
2019-11-04 16:47:19,732 [851b12f9-bfd6-4752-97e2-7b87bdb6f05b@group-B6DB3D3E12D0-LeaderElection3522] INFO  server.RaftServerConfigKeys (ConfUtils.java:logGet(43)) - raft.server.rpc.request.timeout = 3000ms (default)
2019-11-04 16:47:19,732 [851b12f9-bfd6-4752-97e2-7b87bdb6f05b@group-B6DB3D3E12D0-LeaderElection3522] INFO  server.RaftServerConfigKeys (ConfUtils.java:logGet(43)) - raft.server.log.appender.install.snapshot.enabled = false (custom)
2019-11-04 16:47:19,733 [851b12f9-bfd6-4752-97e2-7b87bdb6f05b@group-B6DB3D3E12D0-LeaderElection3522] INFO  impl.RoleInfo (RoleInfo.java:updateAndGet(143)) - 851b12f9-bfd6-4752-97e2-7b87bdb6f05b: start LeaderState
2019-11-04 16:47:19,734 [851b12f9-bfd6-4752-97e2-7b87bdb6f05b@group-B6DB3D3E12D0-LeaderElection3522] INFO  segmented.SegmentedRaftLogWorker (SegmentedRaftLogWorker.java:startLogSegment(385)) - 851b12f9-bfd6-4752-97e2-7b87bdb6f05b@group-B6DB3D3E12D0-SegmentedRaftLogWorker: Starting segment from index:0
2019-11-04 16:47:19,734 [851b12f9-bfd6-4752-97e2-7b87bdb6f05b@group-B6DB3D3E12D0-LeaderElection3522] INFO  impl.RaftServerImpl (ServerState.java:setRaftConf(357)) - 851b12f9-bfd6-4752-97e2-7b87bdb6f05b@group-B6DB3D3E12D0: set configuration 0: [851b12f9-bfd6-4752-97e2-7b87bdb6f05b:192.168.157.194:39597, d51bd7ac-8e91-4a16-849b-9fde6947cfce:192.168.157.194:38853, 1b28f8eb-8aa4-4d14-8ba1-b6ff2630fcd0:192.168.157.194:38874], old=null at 0
2019-11-04 16:47:19,735 [grpc-default-executor-15] INFO  impl.RaftServerImpl (ServerState.java:setLeader(256)) - 1b28f8eb-8aa4-4d14-8ba1-b6ff2630fcd0@group-B6DB3D3E12D0: change Leader from null to 851b12f9-bfd6-4752-97e2-7b87bdb6f05b at term 1 for appendEntries, leader elected after 130ms
2019-11-04 16:47:19,735 [grpc-default-executor-16] INFO  impl.RaftServerImpl (ServerState.java:setLeader(256)) - d51bd7ac-8e91-4a16-849b-9fde6947cfce@group-B6DB3D3E12D0: change Leader from null to 851b12f9-bfd6-4752-97e2-7b87bdb6f05b at term 1 for appendEntries, leader elected after 129ms
2019-11-04 16:47:19,736 [grpc-default-executor-15] INFO  impl.RaftServerImpl (ServerState.java:setRaftConf(357)) - 1b28f8eb-8aa4-4d14-8ba1-b6ff2630fcd0@group-B6DB3D3E12D0: set configuration 0: [851b12f9-bfd6-4752-97e2-7b87bdb6f05b:192.168.157.194:39597, d51bd7ac-8e91-4a16-849b-9fde6947cfce:192.168.157.194:38853, 1b28f8eb-8aa4-4d14-8ba1-b6ff2630fcd0:192.168.157.194:38874], old=null at 0
2019-11-04 16:47:19,736 [grpc-default-executor-16] INFO  impl.RaftServerImpl (ServerState.java:setRaftConf(357)) - d51bd7ac-8e91-4a16-849b-9fde6947cfce@group-B6DB3D3E12D0: set configuration 0: [851b12f9-bfd6-4752-97e2-7b87bdb6f05b:192.168.157.194:39597, d51bd7ac-8e91-4a16-849b-9fde6947cfce:192.168.157.194:38853, 1b28f8eb-8aa4-4d14-8ba1-b6ff2630fcd0:192.168.157.194:38874], old=null at 0
2019-11-04 16:47:19,736 [grpc-default-executor-15] INFO  segmented.SegmentedRaftLogWorker (SegmentedRaftLogWorker.java:startLogSegment(385)) - 1b28f8eb-8aa4-4d14-8ba1-b6ff2630fcd0@group-B6DB3D3E12D0-SegmentedRaftLogWorker: Starting segment from index:0
2019-11-04 16:47:19,736 [grpc-default-executor-16] INFO  segmented.SegmentedRaftLogWorker (SegmentedRaftLogWorker.java:startLogSegment(385)) - d51bd7ac-8e91-4a16-849b-9fde6947cfce@group-B6DB3D3E12D0-SegmentedRaftLogWorker: Starting segment from index:0
2019-11-04 16:47:19,745 [7fc3dcce-a523-45fc-b6d6-b2bad08ce4da@group-29467ABC0BF0-LeaderElection3523] INFO  impl.LeaderElection (LeaderElection.java:askForVotes(178)) - 7fc3dcce-a523-45fc-b6d6-b2bad08ce4da@group-29467ABC0BF0-LeaderElection3523: begin an election at term 4 for -1: [2911c1bb-ca7b-4253-a902-f80f167657b1:192.168.157.194:45844, 7fc3dcce-a523-45fc-b6d6-b2bad08ce4da:192.168.157.194:35647, 18bcd373-7631-4e7c-b817-d7839f17bf5a:192.168.157.194:38252], old=null
2019-11-04 16:47:19,746 [grpc-default-executor-16] INFO  impl.RaftServerImpl (RaftServerImpl.java:setRole(184)) - 2911c1bb-ca7b-4253-a902-f80f167657b1@group-29467ABC0BF0: changes role from  FOLLOWER to FOLLOWER at term 4 for recognizeCandidate:7fc3dcce-a523-45fc-b6d6-b2bad08ce4da
2019-11-04 16:47:19,746 [grpc-default-executor-16] INFO  impl.RoleInfo (RoleInfo.java:shutdownFollowerState(121)) - 2911c1bb-ca7b-4253-a902-f80f167657b1: shutdown FollowerState
2019-11-04 16:47:19,746 [grpc-default-executor-16] INFO  impl.RoleInfo (RoleInfo.java:updateAndGet(143)) - 2911c1bb-ca7b-4253-a902-f80f167657b1: start FollowerState
2019-11-04 16:47:19,746 [grpc-default-executor-15] INFO  impl.RaftServerImpl (RaftServerImpl.java:setRole(184)) - 18bcd373-7631-4e7c-b817-d7839f17bf5a@group-29467ABC0BF0: changes role from  FOLLOWER to FOLLOWER at term 4 for recognizeCandidate:7fc3dcce-a523-45fc-b6d6-b2bad08ce4da
2019-11-04 16:47:19,747 [grpc-default-executor-15] INFO  impl.RoleInfo (RoleInfo.java:shutdownFollowerState(121)) - 18bcd373-7631-4e7c-b817-d7839f17bf5a: shutdown FollowerState
2019-11-04 16:47:19,746 [Thread-25064] INFO  impl.FollowerState (FollowerState.java:run(117)) - 2911c1bb-ca7b-4253-a902-f80f167657b1@group-29467ABC0BF0-FollowerState was interrupted: java.lang.InterruptedException: sleep interrupted
2019-11-04 16:47:19,747 [Thread-25061] INFO  impl.FollowerState (FollowerState.java:run(117)) - 18bcd373-7631-4e7c-b817-d7839f17bf5a@group-29467ABC0BF0-FollowerState was interrupted: java.lang.InterruptedException: sleep interrupted
2019-11-04 16:47:19,747 [grpc-default-executor-15] INFO  impl.RoleInfo (RoleInfo.java:updateAndGet(143)) - 18bcd373-7631-4e7c-b817-d7839f17bf5a: start FollowerState
2019-11-04 16:47:19,769 [851b12f9-bfd6-4752-97e2-7b87bdb6f05b@group-B6DB3D3E12D0-SegmentedRaftLogWorker] INFO  segmented.SegmentedRaftLogWorker (SegmentedRaftLogWorker.java:execute(576)) - 851b12f9-bfd6-4752-97e2-7b87bdb6f05b@group-B6DB3D3E12D0-SegmentedRaftLogWorker: created new log segment /workdir/hadoop-ozone/integration-test/target/test-dir/MiniOzoneClusterImpl-8e66254f-d6bc-40e7-ae2f-db5e1b2bb1f3/datanode-0/data/ratis/bf82653a-7068-46f7-9c84-b6db3d3e12d0/current/log_inprogress_0
2019-11-04 16:47:19,769 [d51bd7ac-8e91-4a16-849b-9fde6947cfce@group-B6DB3D3E12D0-SegmentedRaftLogWorker] INFO  segmented.SegmentedRaftLogWorker (SegmentedRaftLogWorker.java:execute(576)) - d51bd7ac-8e91-4a16-849b-9fde6947cfce@group-B6DB3D3E12D0-SegmentedRaftLogWorker: created new log segment /workdir/hadoop-ozone/integration-test/target/test-dir/MiniOzoneClusterImpl-8e66254f-d6bc-40e7-ae2f-db5e1b2bb1f3/datanode-1/data/ratis/bf82653a-7068-46f7-9c84-b6db3d3e12d0/current/log_inprogress_0
2019-11-04 16:47:19,769 [1b28f8eb-8aa4-4d14-8ba1-b6ff2630fcd0@group-B6DB3D3E12D0-SegmentedRaftLogWorker] INFO  segmented.SegmentedRaftLogWorker (SegmentedRaftLogWorker.java:execute(576)) - 1b28f8eb-8aa4-4d14-8ba1-b6ff2630fcd0@group-B6DB3D3E12D0-SegmentedRaftLogWorker: created new log segment /workdir/hadoop-ozone/integration-test/target/test-dir/MiniOzoneClusterImpl-8e66254f-d6bc-40e7-ae2f-db5e1b2bb1f3/datanode-4/data/ratis/bf82653a-7068-46f7-9c84-b6db3d3e12d0/current/log_inprogress_0
2019-11-04 16:47:19,769 [7fc3dcce-a523-45fc-b6d6-b2bad08ce4da@group-29467ABC0BF0-LeaderElection3523] INFO  impl.LeaderElection (LeaderElection.java:logAndReturn(56)) - 7fc3dcce-a523-45fc-b6d6-b2bad08ce4da@group-29467ABC0BF0-LeaderElection3523: Election REJECTED; received 2 response(s) [7fc3dcce-a523-45fc-b6d6-b2bad08ce4da<-2911c1bb-ca7b-4253-a902-f80f167657b1#0:FAIL-t4, 7fc3dcce-a523-45fc-b6d6-b2bad08ce4da<-18bcd373-7631-4e7c-b817-d7839f17bf5a#0:FAIL-t4] and 0 exception(s); 7fc3dcce-a523-45fc-b6d6-b2bad08ce4da@group-29467ABC0BF0:t4, leader=null, voted=7fc3dcce-a523-45fc-b6d6-b2bad08ce4da, raftlog=7fc3dcce-a523-45fc-b6d6-b2bad08ce4da@group-29467ABC0BF0-SegmentedRaftLog:OPENED:c-1,f-1,i0, conf=-1: [2911c1bb-ca7b-4253-a902-f80f167657b1:192.168.157.194:45844, 7fc3dcce-a523-45fc-b6d6-b2bad08ce4da:192.168.157.194:35647, 18bcd373-7631-4e7c-b817-d7839f17bf5a:192.168.157.194:38252], old=null
2019-11-04 16:47:19,769 [7fc3dcce-a523-45fc-b6d6-b2bad08ce4da@group-29467ABC0BF0-LeaderElection3523] INFO  impl.RaftServerImpl (RaftServerImpl.java:setRole(184)) - 7fc3dcce-a523-45fc-b6d6-b2bad08ce4da@group-29467ABC0BF0: changes role from CANDIDATE to FOLLOWER at term 4 for DISCOVERED_A_NEW_TERM
2019-11-04 16:47:19,769 [7fc3dcce-a523-45fc-b6d6-b2bad08ce4da@group-29467ABC0BF0-LeaderElection3523] INFO  impl.RoleInfo (RoleInfo.java:shutdownLeaderElection(134)) - 7fc3dcce-a523-45fc-b6d6-b2bad08ce4da: shutdown LeaderElection
2019-11-04 16:47:19,770 [7fc3dcce-a523-45fc-b6d6-b2bad08ce4da@group-29467ABC0BF0-LeaderElection3523] INFO  impl.RoleInfo (RoleInfo.java:updateAndGet(143)) - 7fc3dcce-a523-45fc-b6d6-b2bad08ce4da: start FollowerState
2019-11-04 16:47:19,917 [Thread-25085] INFO  impl.FollowerState (FollowerState.java:run(108)) - 7fc3dcce-a523-45fc-b6d6-b2bad08ce4da@group-29467ABC0BF0-FollowerState: change to CANDIDATE, lastRpcTime:147ms, electionTimeout:147ms
2019-11-04 16:47:19,917 [Thread-25085] INFO  impl.RoleInfo (RoleInfo.java:shutdownFollowerState(121)) - 7fc3dcce-a523-45fc-b6d6-b2bad08ce4da: shutdown FollowerState
2019-11-04 16:47:19,917 [Thread-25085] INFO  impl.RaftServerImpl (RaftServerImpl.java:setRole(184)) - 7fc3dcce-a523-45fc-b6d6-b2bad08ce4da@group-29467ABC0BF0: changes role from  FOLLOWER to CANDIDATE at term 4 for changeToCandidate
2019-11-04 16:47:19,917 [Thread-25085] INFO  impl.RoleInfo (RoleInfo.java:updateAndGet(143)) - 7fc3dcce-a523-45fc-b6d6-b2bad08ce4da: start LeaderElection
2019-11-04 16:47:20,260 [7fc3dcce-a523-45fc-b6d6-b2bad08ce4da@group-29467ABC0BF0-LeaderElection3524] INFO  impl.LeaderElection (LeaderElection.java:askForVotes(178)) - 7fc3dcce-a523-45fc-b6d6-b2bad08ce4da@group-29467ABC0BF0-LeaderElection3524: begin an election at term 5 for -1: [2911c1bb-ca7b-4253-a902-f80f167657b1:192.168.157.194:45844, 7fc3dcce-a523-45fc-b6d6-b2bad08ce4da:192.168.157.194:35647, 18bcd373-7631-4e7c-b817-d7839f17bf5a:192.168.157.194:38252], old=null
2019-11-04 16:47:20,262 [grpc-default-executor-15] INFO  impl.RaftServerImpl (RaftServerImpl.java:setRole(184)) - 2911c1bb-ca7b-4253-a902-f80f167657b1@group-29467ABC0BF0: changes role from  FOLLOWER to FOLLOWER at term 5 for recognizeCandidate:7fc3dcce-a523-45fc-b6d6-b2bad08ce4da
2019-11-04 16:47:20,262 [grpc-default-executor-15] INFO  impl.RoleInfo (RoleInfo.java:shutdownFollowerState(121)) - 2911c1bb-ca7b-4253-a902-f80f167657b1: shutdown FollowerState
2019-11-04 16:47:20,262 [grpc-default-executor-16] INFO  impl.RaftServerImpl (RaftServerImpl.java:setRole(184)) - 18bcd373-7631-4e7c-b817-d7839f17bf5a@group-29467ABC0BF0: changes role from  FOLLOWER to FOLLOWER at term 5 for recognizeCandidate:7fc3dcce-a523-45fc-b6d6-b2bad08ce4da
2019-11-04 16:47:20,262 [Thread-25083] INFO  impl.FollowerState (FollowerState.java:run(117)) - 2911c1bb-ca7b-4253-a902-f80f167657b1@group-29467ABC0BF0-FollowerState was interrupted: java.lang.InterruptedException: sleep interrupted
2019-11-04 16:47:20,262 [grpc-default-executor-15] INFO  impl.RoleInfo (RoleInfo.java:updateAndGet(143)) - 2911c1bb-ca7b-4253-a902-f80f167657b1: start FollowerState
2019-11-04 16:47:20,262 [grpc-default-executor-16] INFO  impl.RoleInfo (RoleInfo.java:shutdownFollowerState(121)) - 18bcd373-7631-4e7c-b817-d7839f17bf5a: shutdown FollowerState
2019-11-04 16:47:20,262 [grpc-default-executor-16] INFO  impl.RoleInfo (RoleInfo.java:updateAndGet(143)) - 18bcd373-7631-4e7c-b817-d7839f17bf5a: start FollowerState
2019-11-04 16:47:20,263 [Thread-25084] INFO  impl.FollowerState (FollowerState.java:run(117)) - 18bcd373-7631-4e7c-b817-d7839f17bf5a@group-29467ABC0BF0-FollowerState was interrupted: java.lang.InterruptedException: sleep interrupted
2019-11-04 16:47:20,279 [7fc3dcce-a523-45fc-b6d6-b2bad08ce4da@group-29467ABC0BF0-LeaderElection3524] INFO  impl.LeaderElection (LeaderElection.java:logAndReturn(56)) - 7fc3dcce-a523-45fc-b6d6-b2bad08ce4da@group-29467ABC0BF0-LeaderElection3524: Election TIMEOUT; received 0 response(s) [] and 0 exception(s); 7fc3dcce-a523-45fc-b6d6-b2bad08ce4da@group-29467ABC0BF0:t5, leader=null, voted=7fc3dcce-a523-45fc-b6d6-b2bad08ce4da, raftlog=7fc3dcce-a523-45fc-b6d6-b2bad08ce4da@group-29467ABC0BF0-SegmentedRaftLog:OPENED:c-1,f-1,i0, conf=-1: [2911c1bb-ca7b-4253-a902-f80f167657b1:192.168.157.194:45844, 7fc3dcce-a523-45fc-b6d6-b2bad08ce4da:192.168.157.194:35647, 18bcd373-7631-4e7c-b817-d7839f17bf5a:192.168.157.194:38252], old=null
2019-11-04 16:47:20,285 [7fc3dcce-a523-45fc-b6d6-b2bad08ce4da@group-29467ABC0BF0-LeaderElection3524] INFO  impl.LeaderElection (LeaderElection.java:askForVotes(178)) - 7fc3dcce-a523-45fc-b6d6-b2bad08ce4da@group-29467ABC0BF0-LeaderElection3524: begin an election at term 6 for -1: [2911c1bb-ca7b-4253-a902-f80f167657b1:192.168.157.194:45844, 7fc3dcce-a523-45fc-b6d6-b2bad08ce4da:192.168.157.194:35647, 18bcd373-7631-4e7c-b817-d7839f17bf5a:192.168.157.194:38252], old=null
2019-11-04 16:47:20,286 [grpc-default-executor-15] INFO  impl.RaftServerImpl (RaftServerImpl.java:setRole(184)) - 2911c1bb-ca7b-4253-a902-f80f167657b1@group-29467ABC0BF0: changes role from  FOLLOWER to FOLLOWER at term 6 for recognizeCandidate:7fc3dcce-a523-45fc-b6d6-b2bad08ce4da
2019-11-04 16:47:20,286 [grpc-default-executor-15] INFO  impl.RoleInfo (RoleInfo.java:shutdownFollowerState(121)) - 2911c1bb-ca7b-4253-a902-f80f167657b1: shutdown FollowerState
2019-11-04 16:47:20,286 [grpc-default-executor-15] INFO  impl.RoleInfo (RoleInfo.java:updateAndGet(143)) - 2911c1bb-ca7b-4253-a902-f80f167657b1: start FollowerState
2019-11-04 16:47:20,286 [Thread-25093] INFO  impl.FollowerState (FollowerState.java:run(117)) - 2911c1bb-ca7b-4253-a902-f80f167657b1@group-29467ABC0BF0-FollowerState was interrupted: java.lang.InterruptedException: sleep interrupted
2019-11-04 16:47:20,286 [grpc-default-executor-16] INFO  impl.RaftServerImpl (RaftServerImpl.java:setRole(184)) - 18bcd373-7631-4e7c-b817-d7839f17bf5a@group-29467ABC0BF0: changes role from  FOLLOWER to FOLLOWER at term 6 for recognizeCandidate:7fc3dcce-a523-45fc-b6d6-b2bad08ce4da
2019-11-04 16:47:20,287 [grpc-default-executor-16] INFO  impl.RoleInfo (RoleInfo.java:shutdownFollowerState(121)) - 18bcd373-7631-4e7c-b817-d7839f17bf5a: shutdown FollowerState
2019-11-04 16:47:20,287 [grpc-default-executor-16] INFO  impl.RoleInfo (RoleInfo.java:updateAndGet(143)) - 18bcd373-7631-4e7c-b817-d7839f17bf5a: start FollowerState
2019-11-04 16:47:20,287 [Thread-25094] INFO  impl.FollowerState (FollowerState.java:run(117)) - 18bcd373-7631-4e7c-b817-d7839f17bf5a@group-29467ABC0BF0-FollowerState was interrupted: java.lang.InterruptedException: sleep interrupted
2019-11-04 16:47:20,313 [7fc3dcce-a523-45fc-b6d6-b2bad08ce4da@group-29467ABC0BF0-LeaderElection3524] INFO  impl.LeaderElection (LeaderElection.java:logAndReturn(56)) - 7fc3dcce-a523-45fc-b6d6-b2bad08ce4da@group-29467ABC0BF0-LeaderElection3524: Election REJECTED; received 2 response(s) [7fc3dcce-a523-45fc-b6d6-b2bad08ce4da<-2911c1bb-ca7b-4253-a902-f80f167657b1#0:FAIL-t6, 7fc3dcce-a523-45fc-b6d6-b2bad08ce4da<-18bcd373-7631-4e7c-b817-d7839f17bf5a#0:FAIL-t6] and 0 exception(s); 7fc3dcce-a523-45fc-b6d6-b2bad08ce4da@group-29467ABC0BF0:t6, leader=null, voted=7fc3dcce-a523-45fc-b6d6-b2bad08ce4da, raftlog=7fc3dcce-a523-45fc-b6d6-b2bad08ce4da@group-29467ABC0BF0-SegmentedRaftLog:OPENED:c-1,f-1,i0, conf=-1: [2911c1bb-ca7b-4253-a902-f80f167657b1:192.168.157.194:45844, 7fc3dcce-a523-45fc-b6d6-b2bad08ce4da:192.168.157.194:35647, 18bcd373-7631-4e7c-b817-d7839f17bf5a:192.168.157.194:38252], old=null
2019-11-04 16:47:20,314 [7fc3dcce-a523-45fc-b6d6-b2bad08ce4da@group-29467ABC0BF0-LeaderElection3524] INFO  impl.RaftServerImpl (RaftServerImpl.java:setRole(184)) - 7fc3dcce-a523-45fc-b6d6-b2bad08ce4da@group-29467ABC0BF0: changes role from CANDIDATE to FOLLOWER at term 6 for DISCOVERED_A_NEW_TERM
2019-11-04 16:47:20,314 [7fc3dcce-a523-45fc-b6d6-b2bad08ce4da@group-29467ABC0BF0-LeaderElection3524] INFO  impl.RoleInfo (RoleInfo.java:shutdownLeaderElection(134)) - 7fc3dcce-a523-45fc-b6d6-b2bad08ce4da: shutdown LeaderElection
2019-11-04 16:47:20,314 [7fc3dcce-a523-45fc-b6d6-b2bad08ce4da@group-29467ABC0BF0-LeaderElection3524] INFO  impl.RoleInfo (RoleInfo.java:updateAndGet(143)) - 7fc3dcce-a523-45fc-b6d6-b2bad08ce4da: start FollowerState
2019-11-04 16:47:20,503 [Thread-25101] INFO  impl.FollowerState (FollowerState.java:run(108)) - 7fc3dcce-a523-45fc-b6d6-b2bad08ce4da@group-29467ABC0BF0-FollowerState: change to CANDIDATE, lastRpcTime:189ms, electionTimeout:189ms
2019-11-04 16:47:20,503 [Thread-25101] INFO  impl.RoleInfo (RoleInfo.java:shutdownFollowerState(121)) - 7fc3dcce-a523-45fc-b6d6-b2bad08ce4da: shutdown FollowerState
2019-11-04 16:47:20,503 [Thread-25101] INFO  impl.RaftServerImpl (RaftServerImpl.java:setRole(184)) - 7fc3dcce-a523-45fc-b6d6-b2bad08ce4da@group-29467ABC0BF0: changes role from  FOLLOWER to CANDIDATE at term 6 for changeToCandidate
2019-11-04 16:47:20,503 [Thread-25101] INFO  impl.RoleInfo (RoleInfo.java:updateAndGet(143)) - 7fc3dcce-a523-45fc-b6d6-b2bad08ce4da: start LeaderElection
2019-11-04 16:47:20,518 [7fc3dcce-a523-45fc-b6d6-b2bad08ce4da@group-29467ABC0BF0-LeaderElection3525] INFO  impl.LeaderElection (LeaderElection.java:askForVotes(178)) - 7fc3dcce-a523-45fc-b6d6-b2bad08ce4da@group-29467ABC0BF0-LeaderElection3525: begin an election at term 7 for -1: [2911c1bb-ca7b-4253-a902-f80f167657b1:192.168.157.194:45844, 7fc3dcce-a523-45fc-b6d6-b2bad08ce4da:192.168.157.194:35647, 18bcd373-7631-4e7c-b817-d7839f17bf5a:192.168.157.194:38252], old=null
2019-11-04 16:47:20,519 [grpc-default-executor-15] INFO  impl.RaftServerImpl (RaftServerImpl.java:setRole(184)) - 2911c1bb-ca7b-4253-a902-f80f167657b1@group-29467ABC0BF0: changes role from  FOLLOWER to FOLLOWER at term 7 for recognizeCandidate:7fc3dcce-a523-45fc-b6d6-b2bad08ce4da
2019-11-04 16:47:20,519 [grpc-default-executor-15] INFO  impl.RoleInfo (RoleInfo.java:shutdownFollowerState(121)) - 2911c1bb-ca7b-4253-a902-f80f167657b1: shutdown FollowerState
2019-11-04 16:47:20,519 [grpc-default-executor-16] INFO  impl.RaftServerImpl (RaftServerImpl.java:setRole(184)) - 18bcd373-7631-4e7c-b817-d7839f17bf5a@group-29467ABC0BF0: changes role from  FOLLOWER to FOLLOWER at term 7 for recognizeCandidate:7fc3dcce-a523-45fc-b6d6-b2bad08ce4da
2019-11-04 16:47:20,519 [grpc-default-executor-16] INFO  impl.RoleInfo (RoleInfo.java:shutdownFollowerState(121)) - 18bcd373-7631-4e7c-b817-d7839f17bf5a: shutdown FollowerState
2019-11-04 16:47:20,519 [Thread-25099] INFO  impl.FollowerState (FollowerState.java:run(117)) - 2911c1bb-ca7b-4253-a902-f80f167657b1@group-29467ABC0BF0-FollowerState was interrupted: java.lang.InterruptedException: sleep interrupted
2019-11-04 16:47:20,519 [grpc-default-executor-15] INFO  impl.RoleInfo (RoleInfo.java:updateAndGet(143)) - 2911c1bb-ca7b-4253-a902-f80f167657b1: start FollowerState
2019-11-04 16:47:20,520 [Thread-25100] INFO  impl.FollowerState (FollowerState.java:run(117)) - 18bcd373-7631-4e7c-b817-d7839f17bf5a@group-29467ABC0BF0-FollowerState was interrupted: java.lang.InterruptedException: sleep interrupted
2019-11-04 16:47:20,519 [grpc-default-executor-16] INFO  impl.RoleInfo (RoleInfo.java:updateAndGet(143)) - 18bcd373-7631-4e7c-b817-d7839f17bf5a: start FollowerState
2019-11-04 16:47:20,534 [7fc3dcce-a523-45fc-b6d6-b2bad08ce4da@group-29467ABC0BF0-LeaderElection3525] INFO  impl.LeaderElection (LeaderElection.java:logAndReturn(56)) - 7fc3dcce-a523-45fc-b6d6-b2bad08ce4da@group-29467ABC0BF0-LeaderElection3525: Election REJECTED; received 2 response(s) [7fc3dcce-a523-45fc-b6d6-b2bad08ce4da<-2911c1bb-ca7b-4253-a902-f80f167657b1#0:FAIL-t7, 7fc3dcce-a523-45fc-b6d6-b2bad08ce4da<-18bcd373-7631-4e7c-b817-d7839f17bf5a#0:FAIL-t7] and 0 exception(s); 7fc3dcce-a523-45fc-b6d6-b2bad08ce4da@group-29467ABC0BF0:t7, leader=null, voted=7fc3dcce-a523-45fc-b6d6-b2bad08ce4da, raftlog=7fc3dcce-a523-45fc-b6d6-b2bad08ce4da@group-29467ABC0BF0-SegmentedRaftLog:OPENED:c-1,f-1,i0, conf=-1: [2911c1bb-ca7b-4253-a902-f80f167657b1:192.168.157.194:45844, 7fc3dcce-a523-45fc-b6d6-b2bad08ce4da:192.168.157.194:35647, 18bcd373-7631-4e7c-b817-d7839f17bf5a:192.168.157.194:38252], old=null
2019-11-04 16:47:20,534 [7fc3dcce-a523-45fc-b6d6-b2bad08ce4da@group-29467ABC0BF0-LeaderElection3525] INFO  impl.RaftServerImpl (RaftServerImpl.java:setRole(184)) - 7fc3dcce-a523-45fc-b6d6-b2bad08ce4da@group-29467ABC0BF0: changes role from CANDIDATE to FOLLOWER at term 7 for DISCOVERED_A_NEW_TERM
2019-11-04 16:47:20,534 [7fc3dcce-a523-45fc-b6d6-b2bad08ce4da@group-29467ABC0BF0-LeaderElection3525] INFO  impl.RoleInfo (RoleInfo.java:shutdownLeaderElection(134)) - 7fc3dcce-a523-45fc-b6d6-b2bad08ce4da: shutdown LeaderElection
2019-11-04 16:47:20,534 [7fc3dcce-a523-45fc-b6d6-b2bad08ce4da@group-29467ABC0BF0-LeaderElection3525] INFO  impl.RoleInfo (RoleInfo.java:updateAndGet(143)) - 7fc3dcce-a523-45fc-b6d6-b2bad08ce4da: start FollowerState
2019-11-04 16:47:20,645 [Thread-25107] INFO  impl.FollowerState (FollowerState.java:run(108)) - 7fc3dcce-a523-45fc-b6d6-b2bad08ce4da@group-29467ABC0BF0-FollowerState: change to CANDIDATE, lastRpcTime:110ms, electionTimeout:110ms
2019-11-04 16:47:20,645 [Thread-25107] INFO  impl.RoleInfo (RoleInfo.java:shutdownFollowerState(121)) - 7fc3dcce-a523-45fc-b6d6-b2bad08ce4da: shutdown FollowerState
2019-11-04 16:47:20,645 [Thread-25107] INFO  impl.RaftServerImpl (RaftServerImpl.java:setRole(184)) - 7fc3dcce-a523-45fc-b6d6-b2bad08ce4da@group-29467ABC0BF0: changes role from  FOLLOWER to CANDIDATE at term 7 for changeToCandidate
2019-11-04 16:47:20,645 [Thread-25107] INFO  impl.RoleInfo (RoleInfo.java:updateAndGet(143)) - 7fc3dcce-a523-45fc-b6d6-b2bad08ce4da: start LeaderElection
2019-11-04 16:47:20,659 [7fc3dcce-a523-45fc-b6d6-b2bad08ce4da@group-29467ABC0BF0-LeaderElection3526] INFO  impl.LeaderElection (LeaderElection.java:askForVotes(178)) - 7fc3dcce-a523-45fc-b6d6-b2bad08ce4da@group-29467ABC0BF0-LeaderElection3526: begin an election at term 8 for -1: [2911c1bb-ca7b-4253-a902-f80f167657b1:192.168.157.194:45844, 7fc3dcce-a523-45fc-b6d6-b2bad08ce4da:192.168.157.194:35647, 18bcd373-7631-4e7c-b817-d7839f17bf5a:192.168.157.194:38252], old=null
2019-11-04 16:47:20,660 [grpc-default-executor-15] INFO  impl.RaftServerImpl (RaftServerImpl.java:setRole(184)) - 2911c1bb-ca7b-4253-a902-f80f167657b1@group-29467ABC0BF0: changes role from  FOLLOWER to FOLLOWER at term 8 for recognizeCandidate:7fc3dcce-a523-45fc-b6d6-b2bad08ce4da
2019-11-04 16:47:20,660 [grpc-default-executor-15] INFO  impl.RoleInfo (RoleInfo.java:shutdownFollowerState(121)) - 2911c1bb-ca7b-4253-a902-f80f167657b1: shutdown FollowerState
2019-11-04 16:47:20,660 [grpc-default-executor-15] INFO  impl.RoleInfo (RoleInfo.java:updateAndGet(143)) - 2911c1bb-ca7b-4253-a902-f80f167657b1: start FollowerState
2019-11-04 16:47:20,660 [Thread-25105] INFO  impl.FollowerState (FollowerState.java:run(117)) - 2911c1bb-ca7b-4253-a902-f80f167657b1@group-29467ABC0BF0-FollowerState was interrupted: java.lang.InterruptedException: sleep interrupted
2019-11-04 16:47:20,660 [grpc-default-executor-16] INFO  impl.RaftServerImpl (RaftServerImpl.java:setRole(184)) - 18bcd373-7631-4e7c-b817-d7839f17bf5a@group-29467ABC0BF0: changes role from  FOLLOWER to FOLLOWER at term 8 for recognizeCandidate:7fc3dcce-a523-45fc-b6d6-b2bad08ce4da
2019-11-04 16:47:20,661 [grpc-default-executor-16] INFO  impl.RoleInfo (RoleInfo.java:shutdownFollowerState(121)) - 18bcd373-7631-4e7c-b817-d7839f17bf5a: shutdown FollowerState
2019-11-04 16:47:20,661 [grpc-default-executor-16] INFO  impl.RoleInfo (RoleInfo.java:updateAndGet(143)) - 18bcd373-7631-4e7c-b817-d7839f17bf5a: start FollowerState
2019-11-04 16:47:20,661 [Thread-25106] INFO  impl.FollowerState (FollowerState.java:run(117)) - 18bcd373-7631-4e7c-b817-d7839f17bf5a@group-29467ABC0BF0-FollowerState was interrupted: java.lang.InterruptedException: sleep interrupted
2019-11-04 16:47:20,674 [7fc3dcce-a523-45fc-b6d6-b2bad08ce4da@group-29467ABC0BF0-LeaderElection3526] INFO  impl.LeaderElection (LeaderElection.java:logAndReturn(56)) - 7fc3dcce-a523-45fc-b6d6-b2bad08ce4da@group-29467ABC0BF0-LeaderElection3526: Election REJECTED; received 2 response(s) [7fc3dcce-a523-45fc-b6d6-b2bad08ce4da<-2911c1bb-ca7b-4253-a902-f80f167657b1#0:FAIL-t8, 7fc3dcce-a523-45fc-b6d6-b2bad08ce4da<-18bcd373-7631-4e7c-b817-d7839f17bf5a#0:FAIL-t8] and 0 exception(s); 7fc3dcce-a523-45fc-b6d6-b2bad08ce4da@group-29467ABC0BF0:t8, leader=null, voted=7fc3dcce-a523-45fc-b6d6-b2bad08ce4da, raftlog=7fc3dcce-a523-45fc-b6d6-b2bad08ce4da@group-29467ABC0BF0-SegmentedRaftLog:OPENED:c-1,f-1,i0, conf=-1: [2911c1bb-ca7b-4253-a902-f80f167657b1:192.168.157.194:45844, 7fc3dcce-a523-45fc-b6d6-b2bad08ce4da:192.168.157.194:35647, 18bcd373-7631-4e7c-b817-d7839f17bf5a:192.168.157.194:38252], old=null
2019-11-04 16:47:20,674 [7fc3dcce-a523-45fc-b6d6-b2bad08ce4da@group-29467ABC0BF0-LeaderElection3526] INFO  impl.RaftServerImpl (RaftServerImpl.java:setRole(184)) - 7fc3dcce-a523-45fc-b6d6-b2bad08ce4da@group-29467ABC0BF0: changes role from CANDIDATE to FOLLOWER at term 8 for DISCOVERED_A_NEW_TERM
2019-11-04 16:47:20,674 [7fc3dcce-a523-45fc-b6d6-b2bad08ce4da@group-29467ABC0BF0-LeaderElection3526] INFO  impl.RoleInfo (RoleInfo.java:shutdownLeaderElection(134)) - 7fc3dcce-a523-45fc-b6d6-b2bad08ce4da: shutdown LeaderElection
2019-11-04 16:47:20,674 [7fc3dcce-a523-45fc-b6d6-b2bad08ce4da@group-29467ABC0BF0-LeaderElection3526] INFO  impl.RoleInfo (RoleInfo.java:updateAndGet(143)) - 7fc3dcce-a523-45fc-b6d6-b2bad08ce4da: start FollowerState
2019-11-04 16:47:20,767 [Thread-25115] INFO  impl.FollowerState (FollowerState.java:run(108)) - 7fc3dcce-a523-45fc-b6d6-b2bad08ce4da@group-29467ABC0BF0-FollowerState: change to CANDIDATE, lastRpcTime:93ms, electionTimeout:93ms
2019-11-04 16:47:20,768 [Thread-25115] INFO  impl.RoleInfo (RoleInfo.java:shutdownFollowerState(121)) - 7fc3dcce-a523-45fc-b6d6-b2bad08ce4da: shutdown FollowerState
2019-11-04 16:47:20,768 [Thread-25115] INFO  impl.RaftServerImpl (RaftServerImpl.java:setRole(184)) - 7fc3dcce-a523-45fc-b6d6-b2bad08ce4da@group-29467ABC0BF0: changes role from  FOLLOWER to CANDIDATE at term 8 for changeToCandidate
2019-11-04 16:47:20,768 [Thread-25115] INFO  impl.RoleInfo (RoleInfo.java:updateAndGet(143)) - 7fc3dcce-a523-45fc-b6d6-b2bad08ce4da: start LeaderElection
2019-11-04 16:47:20,782 [7fc3dcce-a523-45fc-b6d6-b2bad08ce4da@group-29467ABC0BF0-LeaderElection3527] INFO  impl.LeaderElection (LeaderElection.java:askForVotes(178)) - 7fc3dcce-a523-45fc-b6d6-b2bad08ce4da@group-29467ABC0BF0-LeaderElection3527: begin an election at term 9 for -1: [2911c1bb-ca7b-4253-a902-f80f167657b1:192.168.157.194:45844, 7fc3dcce-a523-45fc-b6d6-b2bad08ce4da:192.168.157.194:35647, 18bcd373-7631-4e7c-b817-d7839f17bf5a:192.168.157.194:38252], old=null
2019-11-04 16:47:20,782 [grpc-default-executor-16] INFO  impl.RaftServerImpl (RaftServerImpl.java:setRole(184)) - 2911c1bb-ca7b-4253-a902-f80f167657b1@group-29467ABC0BF0: changes role from  FOLLOWER to FOLLOWER at term 9 for recognizeCandidate:7fc3dcce-a523-45fc-b6d6-b2bad08ce4da
2019-11-04 16:47:20,783 [grpc-default-executor-16] INFO  impl.RoleInfo (RoleInfo.java:shutdownFollowerState(121)) - 2911c1bb-ca7b-4253-a902-f80f167657b1: shutdown FollowerState
2019-11-04 16:47:20,783 [grpc-default-executor-15] INFO  impl.RaftServerImpl (RaftServerImpl.java:setRole(184)) - 18bcd373-7631-4e7c-b817-d7839f17bf5a@group-29467ABC0BF0: changes role from  FOLLOWER to FOLLOWER at term 9 for recognizeCandidate:7fc3dcce-a523-45fc-b6d6-b2bad08ce4da
2019-11-04 16:47:20,783 [Thread-25113] INFO  impl.FollowerState (FollowerState.java:run(117)) - 2911c1bb-ca7b-4253-a902-f80f167657b1@group-29467ABC0BF0-FollowerState was interrupted: java.lang.InterruptedException: sleep interrupted
2019-11-04 16:47:20,783 [grpc-default-executor-16] INFO  impl.RoleInfo (RoleInfo.java:updateAndGet(143)) - 2911c1bb-ca7b-4253-a902-f80f167657b1: start FollowerState
2019-11-04 16:47:20,783 [grpc-default-executor-15] INFO  impl.RoleInfo (RoleInfo.java:shutdownFollowerState(121)) - 18bcd373-7631-4e7c-b817-d7839f17bf5a: shutdown FollowerState
2019-11-04 16:47:20,783 [grpc-default-executor-15] INFO  impl.RoleInfo (RoleInfo.java:updateAndGet(143)) - 18bcd373-7631-4e7c-b817-d7839f17bf5a: start FollowerState
2019-11-04 16:47:20,783 [Thread-25114] INFO  impl.FollowerState (FollowerState.java:run(117)) - 18bcd373-7631-4e7c-b817-d7839f17bf5a@group-29467ABC0BF0-FollowerState was interrupted: java.lang.InterruptedException: sleep interrupted
2019-11-04 16:47:20,796 [7fc3dcce-a523-45fc-b6d6-b2bad08ce4da@group-29467ABC0BF0-LeaderElection3527] INFO  impl.LeaderElection (LeaderElection.java:logAndReturn(56)) - 7fc3dcce-a523-45fc-b6d6-b2bad08ce4da@group-29467ABC0BF0-LeaderElection3527: Election REJECTED; received 2 response(s) [7fc3dcce-a523-45fc-b6d6-b2bad08ce4da<-2911c1bb-ca7b-4253-a902-f80f167657b1#0:FAIL-t9, 7fc3dcce-a523-45fc-b6d6-b2bad08ce4da<-18bcd373-7631-4e7c-b817-d7839f17bf5a#0:FAIL-t9] and 0 exception(s); 7fc3dcce-a523-45fc-b6d6-b2bad08ce4da@group-29467ABC0BF0:t9, leader=null, voted=7fc3dcce-a523-45fc-b6d6-b2bad08ce4da, raftlog=7fc3dcce-a523-45fc-b6d6-b2bad08ce4da@group-29467ABC0BF0-SegmentedRaftLog:OPENED:c-1,f-1,i0, conf=-1: [2911c1bb-ca7b-4253-a902-f80f167657b1:192.168.157.194:45844, 7fc3dcce-a523-45fc-b6d6-b2bad08ce4da:192.168.157.194:35647, 18bcd373-7631-4e7c-b817-d7839f17bf5a:192.168.157.194:38252], old=null
2019-11-04 16:47:20,797 [7fc3dcce-a523-45fc-b6d6-b2bad08ce4da@group-29467ABC0BF0-LeaderElection3527] INFO  impl.RaftServerImpl (RaftServerImpl.java:setRole(184)) - 7fc3dcce-a523-45fc-b6d6-b2bad08ce4da@group-29467ABC0BF0: changes role from CANDIDATE to FOLLOWER at term 9 for DISCOVERED_A_NEW_TERM
2019-11-04 16:47:20,797 [7fc3dcce-a523-45fc-b6d6-b2bad08ce4da@group-29467ABC0BF0-LeaderElection3527] INFO  impl.RoleInfo (RoleInfo.java:shutdownLeaderElection(134)) - 7fc3dcce-a523-45fc-b6d6-b2bad08ce4da: shutdown LeaderElection
2019-11-04 16:47:20,797 [7fc3dcce-a523-45fc-b6d6-b2bad08ce4da@group-29467ABC0BF0-LeaderElection3527] INFO  impl.RoleInfo (RoleInfo.java:updateAndGet(143)) - 7fc3dcce-a523-45fc-b6d6-b2bad08ce4da: start FollowerState
2019-11-04 16:47:20,997 [Thread-25125] INFO  impl.FollowerState (FollowerState.java:run(108)) - 7fc3dcce-a523-45fc-b6d6-b2bad08ce4da@group-29467ABC0BF0-FollowerState: change to CANDIDATE, lastRpcTime:200ms, electionTimeout:200ms
2019-11-04 16:47:20,997 [Thread-25125] INFO  impl.RoleInfo (RoleInfo.java:shutdownFollowerState(121)) - 7fc3dcce-a523-45fc-b6d6-b2bad08ce4da: shutdown FollowerState
2019-11-04 16:47:20,997 [Thread-25125] INFO  impl.RaftServerImpl (RaftServerImpl.java:setRole(184)) - 7fc3dcce-a523-45fc-b6d6-b2bad08ce4da@group-29467ABC0BF0: changes role from  FOLLOWER to CANDIDATE at term 9 for changeToCandidate
2019-11-04 16:47:20,997 [Thread-25125] INFO  impl.RoleInfo (RoleInfo.java:updateAndGet(143)) - 7fc3dcce-a523-45fc-b6d6-b2bad08ce4da: start LeaderElection
2019-11-04 16:47:21,013 [7fc3dcce-a523-45fc-b6d6-b2bad08ce4da@group-29467ABC0BF0-LeaderElection3528] INFO  impl.LeaderElection (LeaderElection.java:askForVotes(178)) - 7fc3dcce-a523-45fc-b6d6-b2bad08ce4da@group-29467ABC0BF0-LeaderElection3528: begin an election at term 10 for -1: [2911c1bb-ca7b-4253-a902-f80f167657b1:192.168.157.194:45844, 7fc3dcce-a523-45fc-b6d6-b2bad08ce4da:192.168.157.194:35647, 18bcd373-7631-4e7c-b817-d7839f17bf5a:192.168.157.194:38252], old=null
2019-11-04 16:47:21,014 [grpc-default-executor-15] INFO  impl.RaftServerImpl (RaftServerImpl.java:setRole(184)) - 18bcd373-7631-4e7c-b817-d7839f17bf5a@group-29467ABC0BF0: changes role from  FOLLOWER to FOLLOWER at term 10 for recognizeCandidate:7fc3dcce-a523-45fc-b6d6-b2bad08ce4da
2019-11-04 16:47:21,014 [grpc-default-executor-15] INFO  impl.RoleInfo (RoleInfo.java:shutdownFollowerState(121)) - 18bcd373-7631-4e7c-b817-d7839f17bf5a: shutdown FollowerState
2019-11-04 16:47:21,014 [grpc-default-executor-16] INFO  impl.RaftServerImpl (RaftServerImpl.java:setRole(184)) - 2911c1bb-ca7b-4253-a902-f80f167657b1@group-29467ABC0BF0: changes role from  FOLLOWER to FOLLOWER at term 10 for recognizeCandidate:7fc3dcce-a523-45fc-b6d6-b2bad08ce4da
2019-11-04 16:47:21,014 [grpc-default-executor-16] INFO  impl.RoleInfo (RoleInfo.java:shutdownFollowerState(121)) - 2911c1bb-ca7b-4253-a902-f80f167657b1: shutdown FollowerState
2019-11-04 16:47:21,014 [Thread-25124] INFO  impl.FollowerState (FollowerState.java:run(117)) - 18bcd373-7631-4e7c-b817-d7839f17bf5a@group-29467ABC0BF0-FollowerState was interrupted: java.lang.InterruptedException: sleep interrupted
2019-11-04 16:47:21,014 [grpc-default-executor-15] INFO  impl.RoleInfo (RoleInfo.java:updateAndGet(143)) - 18bcd373-7631-4e7c-b817-d7839f17bf5a: start FollowerState
2019-11-04 16:47:21,015 [Thread-25123] INFO  impl.FollowerState (FollowerState.java:run(117)) - 2911c1bb-ca7b-4253-a902-f80f167657b1@group-29467ABC0BF0-FollowerState was interrupted: java.lang.InterruptedException: sleep interrupted
2019-11-04 16:47:21,015 [grpc-default-executor-16] INFO  impl.RoleInfo (RoleInfo.java:updateAndGet(143)) - 2911c1bb-ca7b-4253-a902-f80f167657b1: start FollowerState
2019-11-04 16:47:21,029 [7fc3dcce-a523-45fc-b6d6-b2bad08ce4da@group-29467ABC0BF0-LeaderElection3528] INFO  impl.LeaderElection (LeaderElection.java:logAndReturn(56)) - 7fc3dcce-a523-45fc-b6d6-b2bad08ce4da@group-29467ABC0BF0-LeaderElection3528: Election REJECTED; received 2 response(s) [7fc3dcce-a523-45fc-b6d6-b2bad08ce4da<-2911c1bb-ca7b-4253-a902-f80f167657b1#0:FAIL-t10, 7fc3dcce-a523-45fc-b6d6-b2bad08ce4da<-18bcd373-7631-4e7c-b817-d7839f17bf5a#0:FAIL-t10] and 0 exception(s); 7fc3dcce-a523-45fc-b6d6-b2bad08ce4da@group-29467ABC0BF0:t10, leader=null, voted=7fc3dcce-a523-45fc-b6d6-b2bad08ce4da, raftlog=7fc3dcce-a523-45fc-b6d6-b2bad08ce4da@group-29467ABC0BF0-SegmentedRaftLog:OPENED:c-1,f-1,i0, conf=-1: [2911c1bb-ca7b-4253-a902-f80f167657b1:192.168.157.194:45844, 7fc3dcce-a523-45fc-b6d6-b2bad08ce4da:192.168.157.194:35647, 18bcd373-7631-4e7c-b817-d7839f17bf5a:192.168.157.194:38252], old=null
2019-11-04 16:47:21,029 [7fc3dcce-a523-45fc-b6d6-b2bad08ce4da@group-29467ABC0BF0-LeaderElection3528] INFO  impl.RaftServerImpl (RaftServerImpl.java:setRole(184)) - 7fc3dcce-a523-45fc-b6d6-b2bad08ce4da@group-29467ABC0BF0: changes role from CANDIDATE to FOLLOWER at term 10 for DISCOVERED_A_NEW_TERM
2019-11-04 16:47:21,029 [7fc3dcce-a523-45fc-b6d6-b2bad08ce4da@group-29467ABC0BF0-LeaderElection3528] INFO  impl.RoleInfo (RoleInfo.java:shutdownLeaderElection(134)) - 7fc3dcce-a523-45fc-b6d6-b2bad08ce4da: shutdown LeaderElection
2019-11-04 16:47:21,029 [7fc3dcce-a523-45fc-b6d6-b2bad08ce4da@group-29467ABC0BF0-LeaderElection3528] INFO  impl.RoleInfo (RoleInfo.java:updateAndGet(143)) - 7fc3dcce-a523-45fc-b6d6-b2bad08ce4da: start FollowerState
2019-11-04 16:47:21,200 [Thread-25131] INFO  impl.FollowerState (FollowerState.java:run(108)) - 7fc3dcce-a523-45fc-b6d6-b2bad08ce4da@group-29467ABC0BF0-FollowerState: change to CANDIDATE, lastRpcTime:171ms, electionTimeout:171ms
2019-11-04 16:47:21,200 [Thread-25131] INFO  impl.RoleInfo (RoleInfo.java:shutdownFollowerState(121)) - 7fc3dcce-a523-45fc-b6d6-b2bad08ce4da: shutdown FollowerState
2019-11-04 16:47:21,200 [Thread-25131] INFO  impl.RaftServerImpl (RaftServerImpl.java:setRole(184)) - 7fc3dcce-a523-45fc-b6d6-b2bad08ce4da@group-29467ABC0BF0: changes role from  FOLLOWER to CANDIDATE at term 10 for changeToCandidate
2019-11-04 16:47:21,201 [Thread-25131] INFO  impl.RoleInfo (RoleInfo.java:updateAndGet(143)) - 7fc3dcce-a523-45fc-b6d6-b2bad08ce4da: start LeaderElection
2019-11-04 16:47:21,215 [7fc3dcce-a523-45fc-b6d6-b2bad08ce4da@group-29467ABC0BF0-LeaderElection3529] INFO  impl.LeaderElection (LeaderElection.java:askForVotes(178)) - 7fc3dcce-a523-45fc-b6d6-b2bad08ce4da@group-29467ABC0BF0-LeaderElection3529: begin an election at term 11 for -1: [2911c1bb-ca7b-4253-a902-f80f167657b1:192.168.157.194:45844, 7fc3dcce-a523-45fc-b6d6-b2bad08ce4da:192.168.157.194:35647, 18bcd373-7631-4e7c-b817-d7839f17bf5a:192.168.157.194:38252], old=null
2019-11-04 16:47:21,215 [grpc-default-executor-15] INFO  impl.RaftServerImpl (RaftServerImpl.java:setRole(184)) - 2911c1bb-ca7b-4253-a902-f80f167657b1@group-29467ABC0BF0: changes role from  FOLLOWER to FOLLOWER at term 11 for recognizeCandidate:7fc3dcce-a523-45fc-b6d6-b2bad08ce4da
2019-11-04 16:47:21,216 [grpc-default-executor-15] INFO  impl.RoleInfo (RoleInfo.java:shutdownFollowerState(121)) - 2911c1bb-ca7b-4253-a902-f80f167657b1: shutdown FollowerState
2019-11-04 16:47:21,216 [grpc-default-executor-15] INFO  impl.RoleInfo (RoleInfo.java:updateAndGet(143)) - 2911c1bb-ca7b-4253-a902-f80f167657b1: start FollowerState
2019-11-04 16:47:21,216 [Thread-25130] INFO  impl.FollowerState (FollowerState.java:run(117)) - 2911c1bb-ca7b-4253-a902-f80f167657b1@group-29467ABC0BF0-FollowerState was interrupted: java.lang.InterruptedException: sleep interrupted
2019-11-04 16:47:21,216 [grpc-default-executor-16] INFO  impl.RaftServerImpl (RaftServerImpl.java:setRole(184)) - 18bcd373-7631-4e7c-b817-d7839f17bf5a@group-29467ABC0BF0: changes role from  FOLLOWER to FOLLOWER at term 11 for recognizeCandidate:7fc3dcce-a523-45fc-b6d6-b2bad08ce4da
2019-11-04 16:47:21,216 [grpc-default-executor-16] INFO  impl.RoleInfo (RoleInfo.java:shutdownFollowerState(121)) - 18bcd373-7631-4e7c-b817-d7839f17bf5a: shutdown FollowerState
2019-11-04 16:47:21,216 [grpc-default-executor-16] INFO  impl.RoleInfo (RoleInfo.java:updateAndGet(143)) - 18bcd373-7631-4e7c-b817-d7839f17bf5a: start FollowerState
2019-11-04 16:47:21,216 [Thread-25129] INFO  impl.FollowerState (FollowerState.java:run(117)) - 18bcd373-7631-4e7c-b817-d7839f17bf5a@group-29467ABC0BF0-FollowerState was interrupted: java.lang.InterruptedException: sleep interrupted
2019-11-04 16:47:21,230 [7fc3dcce-a523-45fc-b6d6-b2bad08ce4da@group-29467ABC0BF0-LeaderElection3529] INFO  impl.LeaderElection (LeaderElection.java:logAndReturn(56)) - 7fc3dcce-a523-45fc-b6d6-b2bad08ce4da@group-29467ABC0BF0-LeaderElection3529: Election REJECTED; received 2 response(s) [7fc3dcce-a523-45fc-b6d6-b2bad08ce4da<-2911c1bb-ca7b-4253-a902-f80f167657b1#0:FAIL-t11, 7fc3dcce-a523-45fc-b6d6-b2bad08ce4da<-18bcd373-7631-4e7c-b817-d7839f17bf5a#0:FAIL-t11] and 0 exception(s); 7fc3dcce-a523-45fc-b6d6-b2bad08ce4da@group-29467ABC0BF0:t11, leader=null, voted=7fc3dcce-a523-45fc-b6d6-b2bad08ce4da, raftlog=7fc3dcce-a523-45fc-b6d6-b2bad08ce4da@group-29467ABC0BF0-SegmentedRaftLog:OPENED:c-1,f-1,i0, conf=-1: [2911c1bb-ca7b-4253-a902-f80f167657b1:192.168.157.194:45844, 7fc3dcce-a523-45fc-b6d6-b2bad08ce4da:192.168.157.194:35647, 18bcd373-7631-4e7c-b817-d7839f17bf5a:192.168.157.194:38252], old=null
2019-11-04 16:47:21,230 [7fc3dcce-a523-45fc-b6d6-b2bad08ce4da@group-29467ABC0BF0-LeaderElection3529] INFO  impl.RaftServerImpl (RaftServerImpl.java:setRole(184)) - 7fc3dcce-a523-45fc-b6d6-b2bad08ce4da@group-29467ABC0BF0: changes role from CANDIDATE to FOLLOWER at term 11 for DISCOVERED_A_NEW_TERM
2019-11-04 16:47:21,230 [7fc3dcce-a523-45fc-b6d6-b2bad08ce4da@group-29467ABC0BF0-LeaderElection3529] INFO  impl.RoleInfo (RoleInfo.java:shutdownLeaderElection(134)) - 7fc3dcce-a523-45fc-b6d6-b2bad08ce4da: shutdown LeaderElection
2019-11-04 16:47:21,230 [7fc3dcce-a523-45fc-b6d6-b2bad08ce4da@group-29467ABC0BF0-LeaderElection3529] INFO  impl.RoleInfo (RoleInfo.java:updateAndGet(143)) - 7fc3dcce-a523-45fc-b6d6-b2bad08ce4da: start FollowerState
2019-11-04 16:47:21,375 [Thread-25139] INFO  impl.FollowerState (FollowerState.java:run(108)) - 7fc3dcce-a523-45fc-b6d6-b2bad08ce4da@group-29467ABC0BF0-FollowerState: change to CANDIDATE, lastRpcTime:145ms, electionTimeout:145ms
2019-11-04 16:47:21,375 [Thread-25139] INFO  impl.RoleInfo (RoleInfo.java:shutdownFollowerState(121)) - 7fc3dcce-a523-45fc-b6d6-b2bad08ce4da: shutdown FollowerState
2019-11-04 16:47:21,376 [Thread-25139] INFO  impl.RaftServerImpl (RaftServerImpl.java:setRole(184)) - 7fc3dcce-a523-45fc-b6d6-b2bad08ce4da@group-29467ABC0BF0: changes role from  FOLLOWER to CANDIDATE at term 11 for changeToCandidate
2019-11-04 16:47:21,376 [Thread-25139] INFO  impl.RoleInfo (RoleInfo.java:updateAndGet(143)) - 7fc3dcce-a523-45fc-b6d6-b2bad08ce4da: start LeaderElection
2019-11-04 16:47:21,412 [7fc3dcce-a523-45fc-b6d6-b2bad08ce4da@group-29467ABC0BF0-LeaderElection3530] INFO  impl.LeaderElection (LeaderElection.java:askForVotes(178)) - 7fc3dcce-a523-45fc-b6d6-b2bad08ce4da@group-29467ABC0BF0-LeaderElection3530: begin an election at term 12 for -1: [2911c1bb-ca7b-4253-a902-f80f167657b1:192.168.157.194:45844, 7fc3dcce-a523-45fc-b6d6-b2bad08ce4da:192.168.157.194:35647, 18bcd373-7631-4e7c-b817-d7839f17bf5a:192.168.157.194:38252], old=null
2019-11-04 16:47:21,413 [grpc-default-executor-16] INFO  impl.RaftServerImpl (RaftServerImpl.java:setRole(184)) - 2911c1bb-ca7b-4253-a902-f80f167657b1@group-29467ABC0BF0: changes role from  FOLLOWER to FOLLOWER at term 12 for recognizeCandidate:7fc3dcce-a523-45fc-b6d6-b2bad08ce4da
2019-11-04 16:47:21,413 [grpc-default-executor-15] INFO  impl.RaftServerImpl (RaftServerImpl.java:setRole(184)) - 18bcd373-7631-4e7c-b817-d7839f17bf5a@group-29467ABC0BF0: changes role from  FOLLOWER to FOLLOWER at term 12 for recognizeCandidate:7fc3dcce-a523-45fc-b6d6-b2bad08ce4da
2019-11-04 16:47:21,413 [grpc-default-executor-15] INFO  impl.RoleInfo (RoleInfo.java:shutdownFollowerState(121)) - 18bcd373-7631-4e7c-b817-d7839f17bf5a: shutdown FollowerState
2019-11-04 16:47:21,413 [grpc-default-executor-16] INFO  impl.RoleInfo (RoleInfo.java:shutdownFollowerState(121)) - 2911c1bb-ca7b-4253-a902-f80f167657b1: shutdown FollowerState
2019-11-04 16:47:21,413 [Thread-25138] INFO  impl.FollowerState (FollowerState.java:run(117)) - 18bcd373-7631-4e7c-b817-d7839f17bf5a@group-29467ABC0BF0-FollowerState was interrupted: java.lang.InterruptedException: sleep interrupted
2019-11-04 16:47:21,414 [Thread-25137] INFO  impl.FollowerState (FollowerState.java:run(117)) - 2911c1bb-ca7b-4253-a902-f80f167657b1@group-29467ABC0BF0-FollowerState was interrupted: java.lang.InterruptedException: sleep interrupted
2019-11-04 16:47:21,413 [grpc-default-executor-15] INFO  impl.RoleInfo (RoleInfo.java:updateAndGet(143)) - 18bcd373-7631-4e7c-b817-d7839f17bf5a: start FollowerState
2019-11-04 16:47:21,414 [grpc-default-executor-16] INFO  impl.RoleInfo (RoleInfo.java:updateAndGet(143)) - 2911c1bb-ca7b-4253-a902-f80f167657b1: start FollowerState
2019-11-04 16:47:21,427 [7fc3dcce-a523-45fc-b6d6-b2bad08ce4da@group-29467ABC0BF0-LeaderElection3530] INFO  impl.LeaderElection (LeaderElection.java:logAndReturn(56)) - 7fc3dcce-a523-45fc-b6d6-b2bad08ce4da@group-29467ABC0BF0-LeaderElection3530: Election REJECTED; received 2 response(s) [7fc3dcce-a523-45fc-b6d6-b2bad08ce4da<-2911c1bb-ca7b-4253-a902-f80f167657b1#0:FAIL-t12, 7fc3dcce-a523-45fc-b6d6-b2bad08ce4da<-18bcd373-7631-4e7c-b817-d7839f17bf5a#0:FAIL-t12] and 0 exception(s); 7fc3dcce-a523-45fc-b6d6-b2bad08ce4da@group-29467ABC0BF0:t12, leader=null, voted=7fc3dcce-a523-45fc-b6d6-b2bad08ce4da, raftlog=7fc3dcce-a523-45fc-b6d6-b2bad08ce4da@group-29467ABC0BF0-SegmentedRaftLog:OPENED:c-1,f-1,i0, conf=-1: [2911c1bb-ca7b-4253-a902-f80f167657b1:192.168.157.194:45844, 7fc3dcce-a523-45fc-b6d6-b2bad08ce4da:192.168.157.194:35647, 18bcd373-7631-4e7c-b817-d7839f17bf5a:192.168.157.194:38252], old=null
2019-11-04 16:47:21,427 [7fc3dcce-a523-45fc-b6d6-b2bad08ce4da@group-29467ABC0BF0-LeaderElection3530] INFO  impl.RaftServerImpl (RaftServerImpl.java:setRole(184)) - 7fc3dcce-a523-45fc-b6d6-b2bad08ce4da@group-29467ABC0BF0: changes role from CANDIDATE to FOLLOWER at term 12 for DISCOVERED_A_NEW_TERM
2019-11-04 16:47:21,428 [7fc3dcce-a523-45fc-b6d6-b2bad08ce4da@group-29467ABC0BF0-LeaderElection3530] INFO  impl.RoleInfo (RoleInfo.java:shutdownLeaderElection(134)) - 7fc3dcce-a523-45fc-b6d6-b2bad08ce4da: shutdown LeaderElection
2019-11-04 16:47:21,428 [7fc3dcce-a523-45fc-b6d6-b2bad08ce4da@group-29467ABC0BF0-LeaderElection3530] INFO  impl.RoleInfo (RoleInfo.java:updateAndGet(143)) - 7fc3dcce-a523-45fc-b6d6-b2bad08ce4da: start FollowerState
2019-11-04 16:47:21,444 [Thread-25147] INFO  impl.FollowerState (FollowerState.java:run(108)) - 7fc3dcce-a523-45fc-b6d6-b2bad08ce4da@group-29467ABC0BF0-FollowerState: change to CANDIDATE, lastRpcTime:16ms, electionTimeout:16ms
2019-11-04 16:47:21,444 [Thread-25147] INFO  impl.RoleInfo (RoleInfo.java:shutdownFollowerState(121)) - 7fc3dcce-a523-45fc-b6d6-b2bad08ce4da: shutdown FollowerState
2019-11-04 16:47:21,444 [Thread-25147] INFO  impl.RaftServerImpl (RaftServerImpl.java:setRole(184)) - 7fc3dcce-a523-45fc-b6d6-b2bad08ce4da@group-29467ABC0BF0: changes role from  FOLLOWER to CANDIDATE at term 12 for changeToCandidate
2019-11-04 16:47:21,444 [Thread-25147] INFO  impl.RoleInfo (RoleInfo.java:updateAndGet(143)) - 7fc3dcce-a523-45fc-b6d6-b2bad08ce4da: start LeaderElection
2019-11-04 16:47:21,457 [7fc3dcce-a523-45fc-b6d6-b2bad08ce4da@group-29467ABC0BF0-LeaderElection3531] INFO  impl.LeaderElection (LeaderElection.java:askForVotes(178)) - 7fc3dcce-a523-45fc-b6d6-b2bad08ce4da@group-29467ABC0BF0-LeaderElection3531: begin an election at term 13 for -1: [2911c1bb-ca7b-4253-a902-f80f167657b1:192.168.157.194:45844, 7fc3dcce-a523-45fc-b6d6-b2bad08ce4da:192.168.157.194:35647, 18bcd373-7631-4e7c-b817-d7839f17bf5a:192.168.157.194:38252], old=null
2019-11-04 16:47:21,458 [grpc-default-executor-16] INFO  impl.RaftServerImpl (RaftServerImpl.java:setRole(184)) - 2911c1bb-ca7b-4253-a902-f80f167657b1@group-29467ABC0BF0: changes role from  FOLLOWER to FOLLOWER at term 13 for recognizeCandidate:7fc3dcce-a523-45fc-b6d6-b2bad08ce4da
2019-11-04 16:47:21,458 [grpc-default-executor-15] INFO  impl.RaftServerImpl (RaftServerImpl.java:setRole(184)) - 18bcd373-7631-4e7c-b817-d7839f17bf5a@group-29467ABC0BF0: changes role from  FOLLOWER to FOLLOWER at term 13 for recognizeCandidate:7fc3dcce-a523-45fc-b6d6-b2bad08ce4da
2019-11-04 16:47:21,458 [grpc-default-executor-15] INFO  impl.RoleInfo (RoleInfo.java:shutdownFollowerState(121)) - 18bcd373-7631-4e7c-b817-d7839f17bf5a: shutdown FollowerState
2019-11-04 16:47:21,458 [grpc-default-executor-16] INFO  impl.RoleInfo (RoleInfo.java:shutdownFollowerState(121)) - 2911c1bb-ca7b-4253-a902-f80f167657b1: shutdown FollowerState
2019-11-04 16:47:21,458 [Thread-25145] INFO  impl.FollowerState (FollowerState.java:run(117)) - 18bcd373-7631-4e7c-b817-d7839f17bf5a@group-29467ABC0BF0-FollowerState was interrupted: java.lang.InterruptedException: sleep interrupted
2019-11-04 16:47:21,458 [grpc-default-executor-15] INFO  impl.RoleInfo (RoleInfo.java:updateAndGet(143)) - 18bcd373-7631-4e7c-b817-d7839f17bf5a: start FollowerState
2019-11-04 16:47:21,459 [Thread-25146] INFO  impl.FollowerState (FollowerState.java:run(117)) - 2911c1bb-ca7b-4253-a902-f80f167657b1@group-29467ABC0BF0-FollowerState was interrupted: java.lang.InterruptedException: sleep interrupted
2019-11-04 16:47:21,458 [grpc-default-executor-16] INFO  impl.RoleInfo (RoleInfo.java:updateAndGet(143)) - 2911c1bb-ca7b-4253-a902-f80f167657b1: start FollowerState
2019-11-04 16:47:21,472 [7fc3dcce-a523-45fc-b6d6-b2bad08ce4da@group-29467ABC0BF0-LeaderElection3531] INFO  impl.LeaderElection (LeaderElection.java:logAndReturn(56)) - 7fc3dcce-a523-45fc-b6d6-b2bad08ce4da@group-29467ABC0BF0-LeaderElection3531: Election REJECTED; received 2 response(s) [7fc3dcce-a523-45fc-b6d6-b2bad08ce4da<-2911c1bb-ca7b-4253-a902-f80f167657b1#0:FAIL-t13, 7fc3dcce-a523-45fc-b6d6-b2bad08ce4da<-18bcd373-7631-4e7c-b817-d7839f17bf5a#0:FAIL-t13] and 0 exception(s); 7fc3dcce-a523-45fc-b6d6-b2bad08ce4da@group-29467ABC0BF0:t13, leader=null, voted=7fc3dcce-a523-45fc-b6d6-b2bad08ce4da, raftlog=7fc3dcce-a523-45fc-b6d6-b2bad08ce4da@group-29467ABC0BF0-SegmentedRaftLog:OPENED:c-1,f-1,i0, conf=-1: [2911c1bb-ca7b-4253-a902-f80f167657b1:192.168.157.194:45844, 7fc3dcce-a523-45fc-b6d6-b2bad08ce4da:192.168.157.194:35647, 18bcd373-7631-4e7c-b817-d7839f17bf5a:192.168.157.194:38252], old=null
2019-11-04 16:47:21,472 [7fc3dcce-a523-45fc-b6d6-b2bad08ce4da@group-29467ABC0BF0-LeaderElection3531] INFO  impl.RaftServerImpl (RaftServerImpl.java:setRole(184)) - 7fc3dcce-a523-45fc-b6d6-b2bad08ce4da@group-29467ABC0BF0: changes role from CANDIDATE to FOLLOWER at term 13 for DISCOVERED_A_NEW_TERM
2019-11-04 16:47:21,472 [7fc3dcce-a523-45fc-b6d6-b2bad08ce4da@group-29467ABC0BF0-LeaderElection3531] INFO  impl.RoleInfo (RoleInfo.java:shutdownLeaderElection(134)) - 7fc3dcce-a523-45fc-b6d6-b2bad08ce4da: shutdown LeaderElection
2019-11-04 16:47:21,473 [7fc3dcce-a523-45fc-b6d6-b2bad08ce4da@group-29467ABC0BF0-LeaderElection3531] INFO  impl.RoleInfo (RoleInfo.java:updateAndGet(143)) - 7fc3dcce-a523-45fc-b6d6-b2bad08ce4da: start FollowerState
2019-11-04 16:47:21,546 [Thread-24944] INFO  container.ReplicationManager (ReplicationManager.java:start(162)) - Starting Replication Monitor Thread.
2019-11-04 16:47:21,551 [ReplicationMonitor] INFO  container.ReplicationManager (ReplicationManager.java:run(225)) - Replication Monitor Thread took 0 milliseconds for processing 1 containers.
2019-11-04 16:47:21,565 [Thread-25153] INFO  impl.FollowerState (FollowerState.java:run(108)) - 7fc3dcce-a523-45fc-b6d6-b2bad08ce4da@group-29467ABC0BF0-FollowerState: change to CANDIDATE, lastRpcTime:92ms, electionTimeout:92ms
2019-11-04 16:47:21,565 [Thread-25153] INFO  impl.RoleInfo (RoleInfo.java:shutdownFollowerState(121)) - 7fc3dcce-a523-45fc-b6d6-b2bad08ce4da: shutdown FollowerState
2019-11-04 16:47:21,565 [Thread-25153] INFO  impl.RaftServerImpl (RaftServerImpl.java:setRole(184)) - 7fc3dcce-a523-45fc-b6d6-b2bad08ce4da@group-29467ABC0BF0: changes role from  FOLLOWER to CANDIDATE at term 13 for changeToCandidate
2019-11-04 16:47:21,565 [Thread-25153] INFO  impl.RoleInfo (RoleInfo.java:updateAndGet(143)) - 7fc3dcce-a523-45fc-b6d6-b2bad08ce4da: start LeaderElection
2019-11-04 16:47:21,579 [7fc3dcce-a523-45fc-b6d6-b2bad08ce4da@group-29467ABC0BF0-LeaderElection3532] INFO  impl.LeaderElection (LeaderElection.java:askForVotes(178)) - 7fc3dcce-a523-45fc-b6d6-b2bad08ce4da@group-29467ABC0BF0-LeaderElection3532: begin an election at term 14 for -1: [2911c1bb-ca7b-4253-a902-f80f167657b1:192.168.157.194:45844, 7fc3dcce-a523-45fc-b6d6-b2bad08ce4da:192.168.157.194:35647, 18bcd373-7631-4e7c-b817-d7839f17bf5a:192.168.157.194:38252], old=null
2019-11-04 16:47:21,580 [grpc-default-executor-15] INFO  impl.RaftServerImpl (RaftServerImpl.java:setRole(184)) - 18bcd373-7631-4e7c-b817-d7839f17bf5a@group-29467ABC0BF0: changes role from  FOLLOWER to FOLLOWER at term 14 for recognizeCandidate:7fc3dcce-a523-45fc-b6d6-b2bad08ce4da
2019-11-04 16:47:21,580 [grpc-default-executor-15] INFO  impl.RoleInfo (RoleInfo.java:shutdownFollowerState(121)) - 18bcd373-7631-4e7c-b817-d7839f17bf5a: shutdown FollowerState
2019-11-04 16:47:21,580 [grpc-default-executor-16] INFO  impl.RaftServerImpl (RaftServerImpl.java:setRole(184)) - 2911c1bb-ca7b-4253-a902-f80f167657b1@group-29467ABC0BF0: changes role from  FOLLOWER to FOLLOWER at term 14 for recognizeCandidate:7fc3dcce-a523-45fc-b6d6-b2bad08ce4da
2019-11-04 16:47:21,580 [Thread-25151] INFO  impl.FollowerState (FollowerState.java:run(117)) - 18bcd373-7631-4e7c-b817-d7839f17bf5a@group-29467ABC0BF0-FollowerState was interrupted: java.lang.InterruptedException: sleep interrupted
2019-11-04 16:47:21,580 [grpc-default-executor-15] INFO  impl.RoleInfo (RoleInfo.java:updateAndGet(143)) - 18bcd373-7631-4e7c-b817-d7839f17bf5a: start FollowerState
2019-11-04 16:47:21,581 [grpc-default-executor-16] INFO  impl.RoleInfo (RoleInfo.java:shutdownFollowerState(121)) - 2911c1bb-ca7b-4253-a902-f80f167657b1: shutdown FollowerState
2019-11-04 16:47:21,581 [grpc-default-executor-16] INFO  impl.RoleInfo (RoleInfo.java:updateAndGet(143)) - 2911c1bb-ca7b-4253-a902-f80f167657b1: start FollowerState
2019-11-04 16:47:21,581 [Thread-25152] INFO  impl.FollowerState (FollowerState.java:run(117)) - 2911c1bb-ca7b-4253-a902-f80f167657b1@group-29467ABC0BF0-FollowerState was interrupted: java.lang.InterruptedException: sleep interrupted
2019-11-04 16:47:21,594 [7fc3dcce-a523-45fc-b6d6-b2bad08ce4da@group-29467ABC0BF0-LeaderElection3532] INFO  impl.LeaderElection (LeaderElection.java:logAndReturn(56)) - 7fc3dcce-a523-45fc-b6d6-b2bad08ce4da@group-29467ABC0BF0-LeaderElection3532: Election REJECTED; received 2 response(s) [7fc3dcce-a523-45fc-b6d6-b2bad08ce4da<-2911c1bb-ca7b-4253-a902-f80f167657b1#0:FAIL-t14, 7fc3dcce-a523-45fc-b6d6-b2bad08ce4da<-18bcd373-7631-4e7c-b817-d7839f17bf5a#0:FAIL-t14] and 0 exception(s); 7fc3dcce-a523-45fc-b6d6-b2bad08ce4da@group-29467ABC0BF0:t14, leader=null, voted=7fc3dcce-a523-45fc-b6d6-b2bad08ce4da, raftlog=7fc3dcce-a523-45fc-b6d6-b2bad08ce4da@group-29467ABC0BF0-SegmentedRaftLog:OPENED:c-1,f-1,i0, conf=-1: [2911c1bb-ca7b-4253-a902-f80f167657b1:192.168.157.194:45844, 7fc3dcce-a523-45fc-b6d6-b2bad08ce4da:192.168.157.194:35647, 18bcd373-7631-4e7c-b817-d7839f17bf5a:192.168.157.194:38252], old=null
2019-11-04 16:47:21,595 [7fc3dcce-a523-45fc-b6d6-b2bad08ce4da@group-29467ABC0BF0-LeaderElection3532] INFO  impl.RaftServerImpl (RaftServerImpl.java:setRole(184)) - 7fc3dcce-a523-45fc-b6d6-b2bad08ce4da@group-29467ABC0BF0: changes role from CANDIDATE to FOLLOWER at term 14 for DISCOVERED_A_NEW_TERM
2019-11-04 16:47:21,595 [7fc3dcce-a523-45fc-b6d6-b2bad08ce4da@group-29467ABC0BF0-LeaderElection3532] INFO  impl.RoleInfo (RoleInfo.java:shutdownLeaderElection(134)) - 7fc3dcce-a523-45fc-b6d6-b2bad08ce4da: shutdown LeaderElection
2019-11-04 16:47:21,595 [7fc3dcce-a523-45fc-b6d6-b2bad08ce4da@group-29467ABC0BF0-LeaderElection3532] INFO  impl.RoleInfo (RoleInfo.java:updateAndGet(143)) - 7fc3dcce-a523-45fc-b6d6-b2bad08ce4da: start FollowerState
2019-11-04 16:47:21,721 [Thread-25160] INFO  impl.FollowerState (FollowerState.java:run(108)) - 7fc3dcce-a523-45fc-b6d6-b2bad08ce4da@group-29467ABC0BF0-FollowerState: change to CANDIDATE, lastRpcTime:126ms, electionTimeout:126ms
2019-11-04 16:47:21,721 [Thread-25160] INFO  impl.RoleInfo (RoleInfo.java:shutdownFollowerState(121)) - 7fc3dcce-a523-45fc-b6d6-b2bad08ce4da: shutdown FollowerState
2019-11-04 16:47:21,721 [Thread-25160] INFO  impl.RaftServerImpl (RaftServerImpl.java:setRole(184)) - 7fc3dcce-a523-45fc-b6d6-b2bad08ce4da@group-29467ABC0BF0: changes role from  FOLLOWER to CANDIDATE at term 14 for changeToCandidate
2019-11-04 16:47:21,721 [Thread-25160] INFO  impl.RoleInfo (RoleInfo.java:updateAndGet(143)) - 7fc3dcce-a523-45fc-b6d6-b2bad08ce4da: start LeaderElection
2019-11-04 16:47:21,759 [7fc3dcce-a523-45fc-b6d6-b2bad08ce4da@group-29467ABC0BF0-LeaderElection3533] INFO  impl.LeaderElection (LeaderElection.java:askForVotes(178)) - 7fc3dcce-a523-45fc-b6d6-b2bad08ce4da@group-29467ABC0BF0-LeaderElection3533: begin an election at term 15 for -1: [2911c1bb-ca7b-4253-a902-f80f167657b1:192.168.157.194:45844, 7fc3dcce-a523-45fc-b6d6-b2bad08ce4da:192.168.157.194:35647, 18bcd373-7631-4e7c-b817-d7839f17bf5a:192.168.157.194:38252], old=null
2019-11-04 16:47:21,760 [grpc-default-executor-15] INFO  impl.RaftServerImpl (RaftServerImpl.java:setRole(184)) - 2911c1bb-ca7b-4253-a902-f80f167657b1@group-29467ABC0BF0: changes role from  FOLLOWER to FOLLOWER at term 15 for recognizeCandidate:7fc3dcce-a523-45fc-b6d6-b2bad08ce4da
2019-11-04 16:47:21,760 [grpc-default-executor-16] INFO  impl.RaftServerImpl (RaftServerImpl.java:setRole(184)) - 18bcd373-7631-4e7c-b817-d7839f17bf5a@group-29467ABC0BF0: changes role from  FOLLOWER to FOLLOWER at term 15 for recognizeCandidate:7fc3dcce-a523-45fc-b6d6-b2bad08ce4da
2019-11-04 16:47:21,761 [grpc-default-executor-16] INFO  impl.RoleInfo (RoleInfo.java:shutdownFollowerState(121)) - 18bcd373-7631-4e7c-b817-d7839f17bf5a: shutdown FollowerState
2019-11-04 16:47:21,760 [grpc-default-executor-15] INFO  impl.RoleInfo (RoleInfo.java:shutdownFollowerState(121)) - 2911c1bb-ca7b-4253-a902-f80f167657b1: shutdown FollowerState
2019-11-04 16:47:21,761 [Thread-25158] INFO  impl.FollowerState (FollowerState.java:run(117)) - 18bcd373-7631-4e7c-b817-d7839f17bf5a@group-29467ABC0BF0-FollowerState was interrupted: java.lang.InterruptedException: sleep interrupted
2019-11-04 16:47:21,761 [grpc-default-executor-16] INFO  impl.RoleInfo (RoleInfo.java:updateAndGet(143)) - 18bcd373-7631-4e7c-b817-d7839f17bf5a: start FollowerState
2019-11-04 16:47:21,761 [Thread-25159] INFO  impl.FollowerState (FollowerState.java:run(117)) - 2911c1bb-ca7b-4253-a902-f80f167657b1@group-29467ABC0BF0-FollowerState was interrupted: java.lang.InterruptedException: sleep interrupted
2019-11-04 16:47:21,761 [grpc-default-executor-15] INFO  impl.RoleInfo (RoleInfo.java:updateAndGet(143)) - 2911c1bb-ca7b-4253-a902-f80f167657b1: start FollowerState
2019-11-04 16:47:21,775 [7fc3dcce-a523-45fc-b6d6-b2bad08ce4da@group-29467ABC0BF0-LeaderElection3533] INFO  impl.LeaderElection (LeaderElection.java:logAndReturn(56)) - 7fc3dcce-a523-45fc-b6d6-b2bad08ce4da@group-29467ABC0BF0-LeaderElection3533: Election REJECTED; received 2 response(s) [7fc3dcce-a523-45fc-b6d6-b2bad08ce4da<-2911c1bb-ca7b-4253-a902-f80f167657b1#0:FAIL-t15, 7fc3dcce-a523-45fc-b6d6-b2bad08ce4da<-18bcd373-7631-4e7c-b817-d7839f17bf5a#0:FAIL-t15] and 0 exception(s); 7fc3dcce-a523-45fc-b6d6-b2bad08ce4da@group-29467ABC0BF0:t15, leader=null, voted=7fc3dcce-a523-45fc-b6d6-b2bad08ce4da, raftlog=7fc3dcce-a523-45fc-b6d6-b2bad08ce4da@group-29467ABC0BF0-SegmentedRaftLog:OPENED:c-1,f-1,i0, conf=-1: [2911c1bb-ca7b-4253-a902-f80f167657b1:192.168.157.194:45844, 7fc3dcce-a523-45fc-b6d6-b2bad08ce4da:192.168.157.194:35647, 18bcd373-7631-4e7c-b817-d7839f17bf5a:192.168.157.194:38252], old=null
2019-11-04 16:47:21,775 [7fc3dcce-a523-45fc-b6d6-b2bad08ce4da@group-29467ABC0BF0-LeaderElection3533] INFO  impl.RaftServerImpl (RaftServerImpl.java:setRole(184)) - 7fc3dcce-a523-45fc-b6d6-b2bad08ce4da@group-29467ABC0BF0: changes role from CANDIDATE to FOLLOWER at term 15 for DISCOVERED_A_NEW_TERM
2019-11-04 16:47:21,775 [7fc3dcce-a523-45fc-b6d6-b2bad08ce4da@group-29467ABC0BF0-LeaderElection3533] INFO  impl.RoleInfo (RoleInfo.java:shutdownLeaderElection(134)) - 7fc3dcce-a523-45fc-b6d6-b2bad08ce4da: shutdown LeaderElection
2019-11-04 16:47:21,775 [7fc3dcce-a523-45fc-b6d6-b2bad08ce4da@group-29467ABC0BF0-LeaderElection3533] INFO  impl.RoleInfo (RoleInfo.java:updateAndGet(143)) - 7fc3dcce-a523-45fc-b6d6-b2bad08ce4da: start FollowerState
2019-11-04 16:47:21,814 [Thread-25170] INFO  impl.FollowerState (FollowerState.java:run(108)) - 7fc3dcce-a523-45fc-b6d6-b2bad08ce4da@group-29467ABC0BF0-FollowerState: change to CANDIDATE, lastRpcTime:38ms, electionTimeout:38ms
2019-11-04 16:47:21,814 [Thread-25170] INFO  impl.RoleInfo (RoleInfo.java:shutdownFollowerState(121)) - 7fc3dcce-a523-45fc-b6d6-b2bad08ce4da: shutdown FollowerState
2019-11-04 16:47:21,814 [Thread-25170] INFO  impl.RaftServerImpl (RaftServerImpl.java:setRole(184)) - 7fc3dcce-a523-45fc-b6d6-b2bad08ce4da@group-29467ABC0BF0: changes role from  FOLLOWER to CANDIDATE at term 15 for changeToCandidate
2019-11-04 16:47:21,814 [Thread-25170] INFO  impl.RoleInfo (RoleInfo.java:updateAndGet(143)) - 7fc3dcce-a523-45fc-b6d6-b2bad08ce4da: start LeaderElection
2019-11-04 16:47:21,827 [7fc3dcce-a523-45fc-b6d6-b2bad08ce4da@group-29467ABC0BF0-LeaderElection3534] INFO  impl.LeaderElection (LeaderElection.java:askForVotes(178)) - 7fc3dcce-a523-45fc-b6d6-b2bad08ce4da@group-29467ABC0BF0-LeaderElection3534: begin an election at term 16 for -1: [2911c1bb-ca7b-4253-a902-f80f167657b1:192.168.157.194:45844, 7fc3dcce-a523-45fc-b6d6-b2bad08ce4da:192.168.157.194:35647, 18bcd373-7631-4e7c-b817-d7839f17bf5a:192.168.157.194:38252], old=null
2019-11-04 16:47:21,828 [grpc-default-executor-16] INFO  impl.RaftServerImpl (RaftServerImpl.java:setRole(184)) - 2911c1bb-ca7b-4253-a902-f80f167657b1@group-29467ABC0BF0: changes role from  FOLLOWER to FOLLOWER at term 16 for recognizeCandidate:7fc3dcce-a523-45fc-b6d6-b2bad08ce4da
2019-11-04 16:47:21,828 [grpc-default-executor-15] INFO  impl.RaftServerImpl (RaftServerImpl.java:setRole(184)) - 18bcd373-7631-4e7c-b817-d7839f17bf5a@group-29467ABC0BF0: changes role from  FOLLOWER to FOLLOWER at term 16 for recognizeCandidate:7fc3dcce-a523-45fc-b6d6-b2bad08ce4da
2019-11-04 16:47:21,828 [grpc-default-executor-15] INFO  impl.RoleInfo (RoleInfo.java:shutdownFollowerState(121)) - 18bcd373-7631-4e7c-b817-d7839f17bf5a: shutdown FollowerState
2019-11-04 16:47:21,828 [grpc-default-executor-16] INFO  impl.RoleInfo (RoleInfo.java:shutdownFollowerState(121)) - 2911c1bb-ca7b-4253-a902-f80f167657b1: shutdown FollowerState
2019-11-04 16:47:21,829 [Thread-25168] INFO  impl.FollowerState (FollowerState.java:run(117)) - 18bcd373-7631-4e7c-b817-d7839f17bf5a@group-29467ABC0BF0-FollowerState was interrupted: java.lang.InterruptedException: sleep interrupted
2019-11-04 16:47:21,828 [grpc-default-executor-15] INFO  impl.RoleInfo (RoleInfo.java:updateAndGet(143)) - 18bcd373-7631-4e7c-b817-d7839f17bf5a: start FollowerState
2019-11-04 16:47:21,829 [Thread-25169] INFO  impl.FollowerState (FollowerState.java:run(117)) - 2911c1bb-ca7b-4253-a902-f80f167657b1@group-29467ABC0BF0-FollowerState was interrupted: java.lang.InterruptedException: sleep interrupted
2019-11-04 16:47:21,829 [grpc-default-executor-16] INFO  impl.RoleInfo (RoleInfo.java:updateAndGet(143)) - 2911c1bb-ca7b-4253-a902-f80f167657b1: start FollowerState
2019-11-04 16:47:21,843 [7fc3dcce-a523-45fc-b6d6-b2bad08ce4da@group-29467ABC0BF0-LeaderElection3534] INFO  impl.LeaderElection (LeaderElection.java:logAndReturn(56)) - 7fc3dcce-a523-45fc-b6d6-b2bad08ce4da@group-29467ABC0BF0-LeaderElection3534: Election REJECTED; received 2 response(s) [7fc3dcce-a523-45fc-b6d6-b2bad08ce4da<-2911c1bb-ca7b-4253-a902-f80f167657b1#0:FAIL-t16, 7fc3dcce-a523-45fc-b6d6-b2bad08ce4da<-18bcd373-7631-4e7c-b817-d7839f17bf5a#0:FAIL-t16] and 0 exception(s); 7fc3dcce-a523-45fc-b6d6-b2bad08ce4da@group-29467ABC0BF0:t16, leader=null, voted=7fc3dcce-a523-45fc-b6d6-b2bad08ce4da, raftlog=7fc3dcce-a523-45fc-b6d6-b2bad08ce4da@group-29467ABC0BF0-SegmentedRaftLog:OPENED:c-1,f-1,i0, conf=-1: [2911c1bb-ca7b-4253-a902-f80f167657b1:192.168.157.194:45844, 7fc3dcce-a523-45fc-b6d6-b2bad08ce4da:192.168.157.194:35647, 18bcd373-7631-4e7c-b817-d7839f17bf5a:192.168.157.194:38252], old=null
2019-11-04 16:47:21,843 [7fc3dcce-a523-45fc-b6d6-b2bad08ce4da@group-29467ABC0BF0-LeaderElection3534] INFO  impl.RaftServerImpl (RaftServerImpl.java:setRole(184)) - 7fc3dcce-a523-45fc-b6d6-b2bad08ce4da@group-29467ABC0BF0: changes role from CANDIDATE to FOLLOWER at term 16 for DISCOVERED_A_NEW_TERM
2019-11-04 16:47:21,843 [7fc3dcce-a523-45fc-b6d6-b2bad08ce4da@group-29467ABC0BF0-LeaderElection3534] INFO  impl.RoleInfo (RoleInfo.java:shutdownLeaderElection(134)) - 7fc3dcce-a523-45fc-b6d6-b2bad08ce4da: shutdown LeaderElection
2019-11-04 16:47:21,843 [7fc3dcce-a523-45fc-b6d6-b2bad08ce4da@group-29467ABC0BF0-LeaderElection3534] INFO  impl.RoleInfo (RoleInfo.java:updateAndGet(143)) - 7fc3dcce-a523-45fc-b6d6-b2bad08ce4da: start FollowerState
2019-11-04 16:47:21,887 [Thread-25178] INFO  impl.FollowerState (FollowerState.java:run(108)) - 7fc3dcce-a523-45fc-b6d6-b2bad08ce4da@group-29467ABC0BF0-FollowerState: change to CANDIDATE, lastRpcTime:44ms, electionTimeout:44ms
2019-11-04 16:47:21,887 [Thread-25178] INFO  impl.RoleInfo (RoleInfo.java:shutdownFollowerState(121)) - 7fc3dcce-a523-45fc-b6d6-b2bad08ce4da: shutdown FollowerState
2019-11-04 16:47:21,887 [Thread-25178] INFO  impl.RaftServerImpl (RaftServerImpl.java:setRole(184)) - 7fc3dcce-a523-45fc-b6d6-b2bad08ce4da@group-29467ABC0BF0: changes role from  FOLLOWER to CANDIDATE at term 16 for changeToCandidate
2019-11-04 16:47:21,887 [Thread-25178] INFO  impl.RoleInfo (RoleInfo.java:updateAndGet(143)) - 7fc3dcce-a523-45fc-b6d6-b2bad08ce4da: start LeaderElection
2019-11-04 16:47:21,901 [7fc3dcce-a523-45fc-b6d6-b2bad08ce4da@group-29467ABC0BF0-LeaderElection3535] INFO  impl.LeaderElection (LeaderElection.java:askForVotes(178)) - 7fc3dcce-a523-45fc-b6d6-b2bad08ce4da@group-29467ABC0BF0-LeaderElection3535: begin an election at term 17 for -1: [2911c1bb-ca7b-4253-a902-f80f167657b1:192.168.157.194:45844, 7fc3dcce-a523-45fc-b6d6-b2bad08ce4da:192.168.157.194:35647, 18bcd373-7631-4e7c-b817-d7839f17bf5a:192.168.157.194:38252], old=null
2019-11-04 16:47:21,901 [grpc-default-executor-15] INFO  impl.RaftServerImpl (RaftServerImpl.java:setRole(184)) - 2911c1bb-ca7b-4253-a902-f80f167657b1@group-29467ABC0BF0: changes role from  FOLLOWER to FOLLOWER at term 17 for recognizeCandidate:7fc3dcce-a523-45fc-b6d6-b2bad08ce4da
2019-11-04 16:47:21,902 [grpc-default-executor-15] INFO  impl.RoleInfo (RoleInfo.java:shutdownFollowerState(121)) - 2911c1bb-ca7b-4253-a902-f80f167657b1: shutdown FollowerState
2019-11-04 16:47:21,902 [grpc-default-executor-15] INFO  impl.RoleInfo (RoleInfo.java:updateAndGet(143)) - 2911c1bb-ca7b-4253-a902-f80f167657b1: start FollowerState
2019-11-04 16:47:21,902 [Thread-25177] INFO  impl.FollowerState (FollowerState.java:run(117)) - 2911c1bb-ca7b-4253-a902-f80f167657b1@group-29467ABC0BF0-FollowerState was interrupted: java.lang.InterruptedException: sleep interrupted
2019-11-04 16:47:21,902 [grpc-default-executor-16] INFO  impl.RaftServerImpl (RaftServerImpl.java:setRole(184)) - 18bcd373-7631-4e7c-b817-d7839f17bf5a@group-29467ABC0BF0: changes role from  FOLLOWER to FOLLOWER at term 17 for recognizeCandidate:7fc3dcce-a523-45fc-b6d6-b2bad08ce4da
2019-11-04 16:47:21,902 [grpc-default-executor-16] INFO  impl.RoleInfo (RoleInfo.java:shutdownFollowerState(121)) - 18bcd373-7631-4e7c-b817-d7839f17bf5a: shutdown FollowerState
2019-11-04 16:47:21,902 [grpc-default-executor-16] INFO  impl.RoleInfo (RoleInfo.java:updateAndGet(143)) - 18bcd373-7631-4e7c-b817-d7839f17bf5a: start FollowerState
2019-11-04 16:47:21,902 [Thread-25176] INFO  impl.FollowerState (FollowerState.java:run(117)) - 18bcd373-7631-4e7c-b817-d7839f17bf5a@group-29467ABC0BF0-FollowerState was interrupted: java.lang.InterruptedException: sleep interrupted
2019-11-04 16:47:21,916 [7fc3dcce-a523-45fc-b6d6-b2bad08ce4da@group-29467ABC0BF0-LeaderElection3535] INFO  impl.LeaderElection (LeaderElection.java:logAndReturn(56)) - 7fc3dcce-a523-45fc-b6d6-b2bad08ce4da@group-29467ABC0BF0-LeaderElection3535: Election REJECTED; received 2 response(s) [7fc3dcce-a523-45fc-b6d6-b2bad08ce4da<-2911c1bb-ca7b-4253-a902-f80f167657b1#0:FAIL-t17, 7fc3dcce-a523-45fc-b6d6-b2bad08ce4da<-18bcd373-7631-4e7c-b817-d7839f17bf5a#0:FAIL-t17] and 0 exception(s); 7fc3dcce-a523-45fc-b6d6-b2bad08ce4da@group-29467ABC0BF0:t17, leader=null, voted=7fc3dcce-a523-45fc-b6d6-b2bad08ce4da, raftlog=7fc3dcce-a523-45fc-b6d6-b2bad08ce4da@group-29467ABC0BF0-SegmentedRaftLog:OPENED:c-1,f-1,i0, conf=-1: [2911c1bb-ca7b-4253-a902-f80f167657b1:192.168.157.194:45844, 7fc3dcce-a523-45fc-b6d6-b2bad08ce4da:192.168.157.194:35647, 18bcd373-7631-4e7c-b817-d7839f17bf5a:192.168.157.194:38252], old=null
2019-11-04 16:47:21,916 [7fc3dcce-a523-45fc-b6d6-b2bad08ce4da@group-29467ABC0BF0-LeaderElection3535] INFO  impl.RaftServerImpl (RaftServerImpl.java:setRole(184)) - 7fc3dcce-a523-45fc-b6d6-b2bad08ce4da@group-29467ABC0BF0: changes role from CANDIDATE to FOLLOWER at term 17 for DISCOVERED_A_NEW_TERM
2019-11-04 16:47:21,916 [7fc3dcce-a523-45fc-b6d6-b2bad08ce4da@group-29467ABC0BF0-LeaderElection3535] INFO  impl.RoleInfo (RoleInfo.java:shutdownLeaderElection(134)) - 7fc3dcce-a523-45fc-b6d6-b2bad08ce4da: shutdown LeaderElection
2019-11-04 16:47:21,917 [7fc3dcce-a523-45fc-b6d6-b2bad08ce4da@group-29467ABC0BF0-LeaderElection3535] INFO  impl.RoleInfo (RoleInfo.java:updateAndGet(143)) - 7fc3dcce-a523-45fc-b6d6-b2bad08ce4da: start FollowerState
2019-11-04 16:47:22,008 [Thread-25184] INFO  impl.FollowerState (FollowerState.java:run(108)) - 7fc3dcce-a523-45fc-b6d6-b2bad08ce4da@group-29467ABC0BF0-FollowerState: change to CANDIDATE, lastRpcTime:91ms, electionTimeout:91ms
2019-11-04 16:47:22,008 [Thread-25184] INFO  impl.RoleInfo (RoleInfo.java:shutdownFollowerState(121)) - 7fc3dcce-a523-45fc-b6d6-b2bad08ce4da: shutdown FollowerState
2019-11-04 16:47:22,008 [Thread-25184] INFO  impl.RaftServerImpl (RaftServerImpl.java:setRole(184)) - 7fc3dcce-a523-45fc-b6d6-b2bad08ce4da@group-29467ABC0BF0: changes role from  FOLLOWER to CANDIDATE at term 17 for changeToCandidate
2019-11-04 16:47:22,008 [Thread-25184] INFO  impl.RoleInfo (RoleInfo.java:updateAndGet(143)) - 7fc3dcce-a523-45fc-b6d6-b2bad08ce4da: start LeaderElection
2019-11-04 16:47:22,023 [7fc3dcce-a523-45fc-b6d6-b2bad08ce4da@group-29467ABC0BF0-LeaderElection3536] INFO  impl.LeaderElection (LeaderElection.java:askForVotes(178)) - 7fc3dcce-a523-45fc-b6d6-b2bad08ce4da@group-29467ABC0BF0-LeaderElection3536: begin an election at term 18 for -1: [2911c1bb-ca7b-4253-a902-f80f167657b1:192.168.157.194:45844, 7fc3dcce-a523-45fc-b6d6-b2bad08ce4da:192.168.157.194:35647, 18bcd373-7631-4e7c-b817-d7839f17bf5a:192.168.157.194:38252], old=null
2019-11-04 16:47:22,024 [grpc-default-executor-16] INFO  impl.RaftServerImpl (RaftServerImpl.java:setRole(184)) - 2911c1bb-ca7b-4253-a902-f80f167657b1@group-29467ABC0BF0: changes role from  FOLLOWER to FOLLOWER at term 18 for recognizeCandidate:7fc3dcce-a523-45fc-b6d6-b2bad08ce4da
2019-11-04 16:47:22,024 [grpc-default-executor-15] INFO  impl.RaftServerImpl (RaftServerImpl.java:setRole(184)) - 18bcd373-7631-4e7c-b817-d7839f17bf5a@group-29467ABC0BF0: changes role from  FOLLOWER to FOLLOWER at term 18 for recognizeCandidate:7fc3dcce-a523-45fc-b6d6-b2bad08ce4da
2019-11-04 16:47:22,024 [grpc-default-executor-15] INFO  impl.RoleInfo (RoleInfo.java:shutdownFollowerState(121)) - 18bcd373-7631-4e7c-b817-d7839f17bf5a: shutdown FollowerState
2019-11-04 16:47:22,024 [grpc-default-executor-16] INFO  impl.RoleInfo (RoleInfo.java:shutdownFollowerState(121)) - 2911c1bb-ca7b-4253-a902-f80f167657b1: shutdown FollowerState
2019-11-04 16:47:22,024 [Thread-25183] INFO  impl.FollowerState (FollowerState.java:run(117)) - 18bcd373-7631-4e7c-b817-d7839f17bf5a@group-29467ABC0BF0-FollowerState was interrupted: java.lang.InterruptedException: sleep interrupted
2019-11-04 16:47:22,024 [grpc-default-executor-15] INFO  impl.RoleInfo (RoleInfo.java:updateAndGet(143)) - 18bcd373-7631-4e7c-b817-d7839f17bf5a: start FollowerState
2019-11-04 16:47:22,024 [Thread-25182] INFO  impl.FollowerState (FollowerState.java:run(117)) - 2911c1bb-ca7b-4253-a902-f80f167657b1@group-29467ABC0BF0-FollowerState was interrupted: java.lang.InterruptedException: sleep interrupted
2019-11-04 16:47:22,024 [grpc-default-executor-16] INFO  impl.RoleInfo (RoleInfo.java:updateAndGet(143)) - 2911c1bb-ca7b-4253-a902-f80f167657b1: start FollowerState
2019-11-04 16:47:22,037 [7fc3dcce-a523-45fc-b6d6-b2bad08ce4da@group-29467ABC0BF0-LeaderElection3536] INFO  impl.LeaderElection (LeaderElection.java:logAndReturn(56)) - 7fc3dcce-a523-45fc-b6d6-b2bad08ce4da@group-29467ABC0BF0-LeaderElection3536: Election REJECTED; received 2 response(s) [7fc3dcce-a523-45fc-b6d6-b2bad08ce4da<-2911c1bb-ca7b-4253-a902-f80f167657b1#0:FAIL-t18, 7fc3dcce-a523-45fc-b6d6-b2bad08ce4da<-18bcd373-7631-4e7c-b817-d7839f17bf5a#0:FAIL-t18] and 0 exception(s); 7fc3dcce-a523-45fc-b6d6-b2bad08ce4da@group-29467ABC0BF0:t18, leader=null, voted=7fc3dcce-a523-45fc-b6d6-b2bad08ce4da, raftlog=7fc3dcce-a523-45fc-b6d6-b2bad08ce4da@group-29467ABC0BF0-SegmentedRaftLog:OPENED:c-1,f-1,i0, conf=-1: [2911c1bb-ca7b-4253-a902-f80f167657b1:192.168.157.194:45844, 7fc3dcce-a523-45fc-b6d6-b2bad08ce4da:192.168.157.194:35647, 18bcd373-7631-4e7c-b817-d7839f17bf5a:192.168.157.194:38252], old=null
2019-11-04 16:47:22,037 [7fc3dcce-a523-45fc-b6d6-b2bad08ce4da@group-29467ABC0BF0-LeaderElection3536] INFO  impl.RaftServerImpl (RaftServerImpl.java:setRole(184)) - 7fc3dcce-a523-45fc-b6d6-b2bad08ce4da@group-29467ABC0BF0: changes role from CANDIDATE to FOLLOWER at term 18 for DISCOVERED_A_NEW_TERM
2019-11-04 16:47:22,037 [7fc3dcce-a523-45fc-b6d6-b2bad08ce4da@group-29467ABC0BF0-LeaderElection3536] INFO  impl.RoleInfo (RoleInfo.java:shutdownLeaderElection(134)) - 7fc3dcce-a523-45fc-b6d6-b2bad08ce4da: shutdown LeaderElection
2019-11-04 16:47:22,037 [7fc3dcce-a523-45fc-b6d6-b2bad08ce4da@group-29467ABC0BF0-LeaderElection3536] INFO  impl.RoleInfo (RoleInfo.java:updateAndGet(143)) - 7fc3dcce-a523-45fc-b6d6-b2bad08ce4da: start FollowerState
2019-11-04 16:47:22,046 [Thread-25190] INFO  impl.FollowerState (FollowerState.java:run(108)) - 7fc3dcce-a523-45fc-b6d6-b2bad08ce4da@group-29467ABC0BF0-FollowerState: change to CANDIDATE, lastRpcTime:8ms, electionTimeout:8ms
2019-11-04 16:47:22,046 [Thread-25190] INFO  impl.RoleInfo (RoleInfo.java:shutdownFollowerState(121)) - 7fc3dcce-a523-45fc-b6d6-b2bad08ce4da: shutdown FollowerState
2019-11-04 16:47:22,046 [Thread-25190] INFO  impl.RaftServerImpl (RaftServerImpl.java:setRole(184)) - 7fc3dcce-a523-45fc-b6d6-b2bad08ce4da@group-29467ABC0BF0: changes role from  FOLLOWER to CANDIDATE at term 18 for changeToCandidate
2019-11-04 16:47:22,046 [Thread-25190] INFO  impl.RoleInfo (RoleInfo.java:updateAndGet(143)) - 7fc3dcce-a523-45fc-b6d6-b2bad08ce4da: start LeaderElection
2019-11-04 16:47:22,076 [7fc3dcce-a523-45fc-b6d6-b2bad08ce4da@group-29467ABC0BF0-LeaderElection3537] INFO  impl.LeaderElection (LeaderElection.java:askForVotes(178)) - 7fc3dcce-a523-45fc-b6d6-b2bad08ce4da@group-29467ABC0BF0-LeaderElection3537: begin an election at term 19 for -1: [2911c1bb-ca7b-4253-a902-f80f167657b1:192.168.157.194:45844, 7fc3dcce-a523-45fc-b6d6-b2bad08ce4da:192.168.157.194:35647, 18bcd373-7631-4e7c-b817-d7839f17bf5a:192.168.157.194:38252], old=null
2019-11-04 16:47:22,078 [grpc-default-executor-16] INFO  impl.RaftServerImpl (RaftServerImpl.java:setRole(184)) - 2911c1bb-ca7b-4253-a902-f80f167657b1@group-29467ABC0BF0: changes role from  FOLLOWER to FOLLOWER at term 19 for recognizeCandidate:7fc3dcce-a523-45fc-b6d6-b2bad08ce4da
2019-11-04 16:47:22,078 [grpc-default-executor-16] INFO  impl.RoleInfo (RoleInfo.java:shutdownFollowerState(121)) - 2911c1bb-ca7b-4253-a902-f80f167657b1: shutdown FollowerState
2019-11-04 16:47:22,078 [grpc-default-executor-15] INFO  impl.RaftServerImpl (RaftServerImpl.java:setRole(184)) - 18bcd373-7631-4e7c-b817-d7839f17bf5a@group-29467ABC0BF0: changes role from  FOLLOWER to FOLLOWER at term 19 for recognizeCandidate:7fc3dcce-a523-45fc-b6d6-b2bad08ce4da
2019-11-04 16:47:22,078 [grpc-default-executor-15] INFO  impl.RoleInfo (RoleInfo.java:shutdownFollowerState(121)) - 18bcd373-7631-4e7c-b817-d7839f17bf5a: shutdown FollowerState
2019-11-04 16:47:22,078 [Thread-25189] INFO  impl.FollowerState (FollowerState.java:run(117)) - 2911c1bb-ca7b-4253-a902-f80f167657b1@group-29467ABC0BF0-FollowerState was interrupted: java.lang.InterruptedException: sleep interrupted
2019-11-04 16:47:22,078 [grpc-default-executor-16] INFO  impl.RoleInfo (RoleInfo.java:updateAndGet(143)) - 2911c1bb-ca7b-4253-a902-f80f167657b1: start FollowerState
2019-11-04 16:47:22,078 [Thread-25188] INFO  impl.FollowerState (FollowerState.java:run(117)) - 18bcd373-7631-4e7c-b817-d7839f17bf5a@group-29467ABC0BF0-FollowerState was interrupted: java.lang.InterruptedException: sleep interrupted
2019-11-04 16:47:22,078 [grpc-default-executor-15] INFO  impl.RoleInfo (RoleInfo.java:updateAndGet(143)) - 18bcd373-7631-4e7c-b817-d7839f17bf5a: start FollowerState
2019-11-04 16:47:22,089 [7fc3dcce-a523-45fc-b6d6-b2bad08ce4da@group-29467ABC0BF0-LeaderElection3537] INFO  impl.LeaderElection (LeaderElection.java:logAndReturn(56)) - 7fc3dcce-a523-45fc-b6d6-b2bad08ce4da@group-29467ABC0BF0-LeaderElection3537: Election TIMEOUT; received 0 response(s) [] and 0 exception(s); 7fc3dcce-a523-45fc-b6d6-b2bad08ce4da@group-29467ABC0BF0:t19, leader=null, voted=7fc3dcce-a523-45fc-b6d6-b2bad08ce4da, raftlog=7fc3dcce-a523-45fc-b6d6-b2bad08ce4da@group-29467ABC0BF0-SegmentedRaftLog:OPENED:c-1,f-1,i0, conf=-1: [2911c1bb-ca7b-4253-a902-f80f167657b1:192.168.157.194:45844, 7fc3dcce-a523-45fc-b6d6-b2bad08ce4da:192.168.157.194:35647, 18bcd373-7631-4e7c-b817-d7839f17bf5a:192.168.157.194:38252], old=null
2019-11-04 16:47:22,092 [7fc3dcce-a523-45fc-b6d6-b2bad08ce4da@group-29467ABC0BF0-LeaderElection3537] INFO  impl.LeaderElection (LeaderElection.java:askForVotes(178)) - 7fc3dcce-a523-45fc-b6d6-b2bad08ce4da@group-29467ABC0BF0-LeaderElection3537: begin an election at term 20 for -1: [2911c1bb-ca7b-4253-a902-f80f167657b1:192.168.157.194:45844, 7fc3dcce-a523-45fc-b6d6-b2bad08ce4da:192.168.157.194:35647, 18bcd373-7631-4e7c-b817-d7839f17bf5a:192.168.157.194:38252], old=null
2019-11-04 16:47:22,093 [grpc-default-executor-15] INFO  impl.RaftServerImpl (RaftServerImpl.java:setRole(184)) - 2911c1bb-ca7b-4253-a902-f80f167657b1@group-29467ABC0BF0: changes role from  FOLLOWER to FOLLOWER at term 20 for recognizeCandidate:7fc3dcce-a523-45fc-b6d6-b2bad08ce4da
2019-11-04 16:47:22,093 [grpc-default-executor-15] INFO  impl.RoleInfo (RoleInfo.java:shutdownFollowerState(121)) - 2911c1bb-ca7b-4253-a902-f80f167657b1: shutdown FollowerState
2019-11-04 16:47:22,093 [grpc-default-executor-16] INFO  impl.RaftServerImpl (RaftServerImpl.java:setRole(184)) - 18bcd373-7631-4e7c-b817-d7839f17bf5a@group-29467ABC0BF0: changes role from  FOLLOWER to FOLLOWER at term 20 for recognizeCandidate:7fc3dcce-a523-45fc-b6d6-b2bad08ce4da
2019-11-04 16:47:22,093 [Thread-25194] INFO  impl.FollowerState (FollowerState.java:run(117)) - 2911c1bb-ca7b-4253-a902-f80f167657b1@group-29467ABC0BF0-FollowerState was interrupted: java.lang.InterruptedException: sleep interrupted
2019-11-04 16:47:22,093 [grpc-default-executor-15] INFO  impl.RoleInfo (RoleInfo.java:updateAndGet(143)) - 2911c1bb-ca7b-4253-a902-f80f167657b1: start FollowerState
2019-11-04 16:47:22,093 [grpc-default-executor-16] INFO  impl.RoleInfo (RoleInfo.java:shutdownFollowerState(121)) - 18bcd373-7631-4e7c-b817-d7839f17bf5a: shutdown FollowerState
2019-11-04 16:47:22,094 [grpc-default-executor-16] INFO  impl.RoleInfo (RoleInfo.java:updateAndGet(143)) - 18bcd373-7631-4e7c-b817-d7839f17bf5a: start FollowerState
2019-11-04 16:47:22,094 [Thread-25195] INFO  impl.FollowerState (FollowerState.java:run(117)) - 18bcd373-7631-4e7c-b817-d7839f17bf5a@group-29467ABC0BF0-FollowerState was interrupted: java.lang.InterruptedException: sleep interrupted
2019-11-04 16:47:22,108 [7fc3dcce-a523-45fc-b6d6-b2bad08ce4da@group-29467ABC0BF0-LeaderElection3537] INFO  impl.LeaderElection (LeaderElection.java:logAndReturn(56)) - 7fc3dcce-a523-45fc-b6d6-b2bad08ce4da@group-29467ABC0BF0-LeaderElection3537: Election REJECTED; received 2 response(s) [7fc3dcce-a523-45fc-b6d6-b2bad08ce4da<-2911c1bb-ca7b-4253-a902-f80f167657b1#0:FAIL-t20, 7fc3dcce-a523-45fc-b6d6-b2bad08ce4da<-18bcd373-7631-4e7c-b817-d7839f17bf5a#0:FAIL-t20] and 0 exception(s); 7fc3dcce-a523-45fc-b6d6-b2bad08ce4da@group-29467ABC0BF0:t20, leader=null, voted=7fc3dcce-a523-45fc-b6d6-b2bad08ce4da, raftlog=7fc3dcce-a523-45fc-b6d6-b2bad08ce4da@group-29467ABC0BF0-SegmentedRaftLog:OPENED:c-1,f-1,i0, conf=-1: [2911c1bb-ca7b-4253-a902-f80f167657b1:192.168.157.194:45844, 7fc3dcce-a523-45fc-b6d6-b2bad08ce4da:192.168.157.194:35647, 18bcd373-7631-4e7c-b817-d7839f17bf5a:192.168.157.194:38252], old=null
2019-11-04 16:47:22,108 [7fc3dcce-a523-45fc-b6d6-b2bad08ce4da@group-29467ABC0BF0-LeaderElection3537] INFO  impl.RaftServerImpl (RaftServerImpl.java:setRole(184)) - 7fc3dcce-a523-45fc-b6d6-b2bad08ce4da@group-29467ABC0BF0: changes role from CANDIDATE to FOLLOWER at term 20 for DISCOVERED_A_NEW_TERM
2019-11-04 16:47:22,108 [7fc3dcce-a523-45fc-b6d6-b2bad08ce4da@group-29467ABC0BF0-LeaderElection3537] INFO  impl.RoleInfo (RoleInfo.java:shutdownLeaderElection(134)) - 7fc3dcce-a523-45fc-b6d6-b2bad08ce4da: shutdown LeaderElection
2019-11-04 16:47:22,108 [7fc3dcce-a523-45fc-b6d6-b2bad08ce4da@group-29467ABC0BF0-LeaderElection3537] INFO  impl.RoleInfo (RoleInfo.java:updateAndGet(143)) - 7fc3dcce-a523-45fc-b6d6-b2bad08ce4da: start FollowerState
2019-11-04 16:47:22,112 [Thread-25200] INFO  impl.FollowerState (FollowerState.java:run(108)) - 7fc3dcce-a523-45fc-b6d6-b2bad08ce4da@group-29467ABC0BF0-FollowerState: change to CANDIDATE, lastRpcTime:3ms, electionTimeout:3ms
2019-11-04 16:47:22,112 [Thread-25200] INFO  impl.RoleInfo (RoleInfo.java:shutdownFollowerState(121)) - 7fc3dcce-a523-45fc-b6d6-b2bad08ce4da: shutdown FollowerState
2019-11-04 16:47:22,112 [Thread-25200] INFO  impl.RaftServerImpl (RaftServerImpl.java:setRole(184)) - 7fc3dcce-a523-45fc-b6d6-b2bad08ce4da@group-29467ABC0BF0: changes role from  FOLLOWER to CANDIDATE at term 20 for changeToCandidate
2019-11-04 16:47:22,112 [Thread-25200] INFO  impl.RoleInfo (RoleInfo.java:updateAndGet(143)) - 7fc3dcce-a523-45fc-b6d6-b2bad08ce4da: start LeaderElection
2019-11-04 16:47:22,125 [7fc3dcce-a523-45fc-b6d6-b2bad08ce4da@group-29467ABC0BF0-LeaderElection3538] INFO  impl.LeaderElection (LeaderElection.java:askForVotes(178)) - 7fc3dcce-a523-45fc-b6d6-b2bad08ce4da@group-29467ABC0BF0-LeaderElection3538: begin an election at term 21 for -1: [2911c1bb-ca7b-4253-a902-f80f167657b1:192.168.157.194:45844, 7fc3dcce-a523-45fc-b6d6-b2bad08ce4da:192.168.157.194:35647, 18bcd373-7631-4e7c-b817-d7839f17bf5a:192.168.157.194:38252], old=null
2019-11-04 16:47:22,125 [grpc-default-executor-16] INFO  impl.RaftServerImpl (RaftServerImpl.java:setRole(184)) - 2911c1bb-ca7b-4253-a902-f80f167657b1@group-29467ABC0BF0: changes role from  FOLLOWER to FOLLOWER at term 21 for recognizeCandidate:7fc3dcce-a523-45fc-b6d6-b2bad08ce4da
2019-11-04 16:47:22,125 [grpc-default-executor-16] INFO  impl.RoleInfo (RoleInfo.java:shutdownFollowerState(121)) - 2911c1bb-ca7b-4253-a902-f80f167657b1: shutdown FollowerState
2019-11-04 16:47:22,125 [grpc-default-executor-15] INFO  impl.RaftServerImpl (RaftServerImpl.java:setRole(184)) - 18bcd373-7631-4e7c-b817-d7839f17bf5a@group-29467ABC0BF0: changes role from  FOLLOWER to FOLLOWER at term 21 for recognizeCandidate:7fc3dcce-a523-45fc-b6d6-b2bad08ce4da
2019-11-04 16:47:22,126 [Thread-25198] INFO  impl.FollowerState (FollowerState.java:run(117)) - 2911c1bb-ca7b-4253-a902-f80f167657b1@group-29467ABC0BF0-FollowerState was interrupted: java.lang.InterruptedException: sleep interrupted
2019-11-04 16:47:22,125 [grpc-default-executor-16] INFO  impl.RoleInfo (RoleInfo.java:updateAndGet(143)) - 2911c1bb-ca7b-4253-a902-f80f167657b1: start FollowerState
2019-11-04 16:47:22,126 [grpc-default-executor-15] INFO  impl.RoleInfo (RoleInfo.java:shutdownFollowerState(121)) - 18bcd373-7631-4e7c-b817-d7839f17bf5a: shutdown FollowerState
2019-11-04 16:47:22,126 [grpc-default-executor-15] INFO  impl.RoleInfo (RoleInfo.java:updateAndGet(143)) - 18bcd373-7631-4e7c-b817-d7839f17bf5a: start FollowerState
2019-11-04 16:47:22,126 [Thread-25199] INFO  impl.FollowerState (FollowerState.java:run(117)) - 18bcd373-7631-4e7c-b817-d7839f17bf5a@group-29467ABC0BF0-FollowerState was interrupted: java.lang.InterruptedException: sleep interrupted
2019-11-04 16:47:22,140 [7fc3dcce-a523-45fc-b6d6-b2bad08ce4da@group-29467ABC0BF0-LeaderElection3538] INFO  impl.LeaderElection (LeaderElection.java:logAndReturn(56)) - 7fc3dcce-a523-45fc-b6d6-b2bad08ce4da@group-29467ABC0BF0-LeaderElection3538: Election REJECTED; received 2 response(s) [7fc3dcce-a523-45fc-b6d6-b2bad08ce4da<-2911c1bb-ca7b-4253-a902-f80f167657b1#0:FAIL-t21, 7fc3dcce-a523-45fc-b6d6-b2bad08ce4da<-18bcd373-7631-4e7c-b817-d7839f17bf5a#0:FAIL-t21] and 0 exception(s); 7fc3dcce-a523-45fc-b6d6-b2bad08ce4da@group-29467ABC0BF0:t21, leader=null, voted=7fc3dcce-a523-45fc-b6d6-b2bad08ce4da, raftlog=7fc3dcce-a523-45fc-b6d6-b2bad08ce4da@group-29467ABC0BF0-SegmentedRaftLog:OPENED:c-1,f-1,i0, conf=-1: [2911c1bb-ca7b-4253-a902-f80f167657b1:192.168.157.194:45844, 7fc3dcce-a523-45fc-b6d6-b2bad08ce4da:192.168.157.194:35647, 18bcd373-7631-4e7c-b817-d7839f17bf5a:192.168.157.194:38252], old=null
2019-11-04 16:47:22,140 [7fc3dcce-a523-45fc-b6d6-b2bad08ce4da@group-29467ABC0BF0-LeaderElection3538] INFO  impl.RaftServerImpl (RaftServerImpl.java:setRole(184)) - 7fc3dcce-a523-45fc-b6d6-b2bad08ce4da@group-29467ABC0BF0: changes role from CANDIDATE to FOLLOWER at term 21 for DISCOVERED_A_NEW_TERM
2019-11-04 16:47:22,140 [7fc3dcce-a523-45fc-b6d6-b2bad08ce4da@group-29467ABC0BF0-LeaderElection3538] INFO  impl.RoleInfo (RoleInfo.java:shutdownLeaderElection(134)) - 7fc3dcce-a523-45fc-b6d6-b2bad08ce4da: shutdown LeaderElection
2019-11-04 16:47:22,140 [7fc3dcce-a523-45fc-b6d6-b2bad08ce4da@group-29467ABC0BF0-LeaderElection3538] INFO  impl.RoleInfo (RoleInfo.java:updateAndGet(143)) - 7fc3dcce-a523-45fc-b6d6-b2bad08ce4da: start FollowerState
2019-11-04 16:47:22,260 [Thread-25208] INFO  impl.FollowerState (FollowerState.java:run(108)) - 7fc3dcce-a523-45fc-b6d6-b2bad08ce4da@group-29467ABC0BF0-FollowerState: change to CANDIDATE, lastRpcTime:120ms, electionTimeout:120ms
2019-11-04 16:47:22,260 [Thread-25208] INFO  impl.RoleInfo (RoleInfo.java:shutdownFollowerState(121)) - 7fc3dcce-a523-45fc-b6d6-b2bad08ce4da: shutdown FollowerState
2019-11-04 16:47:22,260 [Thread-25208] INFO  impl.RaftServerImpl (RaftServerImpl.java:setRole(184)) - 7fc3dcce-a523-45fc-b6d6-b2bad08ce4da@group-29467ABC0BF0: changes role from  FOLLOWER to CANDIDATE at term 21 for changeToCandidate
2019-11-04 16:47:22,260 [Thread-25208] INFO  impl.RoleInfo (RoleInfo.java:updateAndGet(143)) - 7fc3dcce-a523-45fc-b6d6-b2bad08ce4da: start LeaderElection
2019-11-04 16:47:22,274 [7fc3dcce-a523-45fc-b6d6-b2bad08ce4da@group-29467ABC0BF0-LeaderElection3539] INFO  impl.LeaderElection (LeaderElection.java:askForVotes(178)) - 7fc3dcce-a523-45fc-b6d6-b2bad08ce4da@group-29467ABC0BF0-LeaderElection3539: begin an election at term 22 for -1: [2911c1bb-ca7b-4253-a902-f80f167657b1:192.168.157.194:45844, 7fc3dcce-a523-45fc-b6d6-b2bad08ce4da:192.168.157.194:35647, 18bcd373-7631-4e7c-b817-d7839f17bf5a:192.168.157.194:38252], old=null
2019-11-04 16:47:22,275 [grpc-default-executor-15] INFO  impl.RaftServerImpl (RaftServerImpl.java:setRole(184)) - 2911c1bb-ca7b-4253-a902-f80f167657b1@group-29467ABC0BF0: changes role from  FOLLOWER to FOLLOWER at term 22 for recognizeCandidate:7fc3dcce-a523-45fc-b6d6-b2bad08ce4da
2019-11-04 16:47:22,275 [grpc-default-executor-15] INFO  impl.RoleInfo (RoleInfo.java:shutdownFollowerState(121)) - 2911c1bb-ca7b-4253-a902-f80f167657b1: shutdown FollowerState
2019-11-04 16:47:22,275 [grpc-default-executor-15] INFO  impl.RoleInfo (RoleInfo.java:updateAndGet(143)) - 2911c1bb-ca7b-4253-a902-f80f167657b1: start FollowerState
2019-11-04 16:47:22,275 [grpc-default-executor-16] INFO  impl.RaftServerImpl (RaftServerImpl.java:setRole(184)) - 18bcd373-7631-4e7c-b817-d7839f17bf5a@group-29467ABC0BF0: changes role from  FOLLOWER to FOLLOWER at term 22 for recognizeCandidate:7fc3dcce-a523-45fc-b6d6-b2bad08ce4da
2019-11-04 16:47:22,275 [grpc-default-executor-16] INFO  impl.RoleInfo (RoleInfo.java:shutdownFollowerState(121)) - 18bcd373-7631-4e7c-b817-d7839f17bf5a: shutdown FollowerState
2019-11-04 16:47:22,275 [Thread-25204] INFO  impl.FollowerState (FollowerState.java:run(117)) - 2911c1bb-ca7b-4253-a902-f80f167657b1@group-29467ABC0BF0-FollowerState was interrupted: java.lang.InterruptedException: sleep interrupted
2019-11-04 16:47:22,275 [Thread-25205] INFO  impl.FollowerState (FollowerState.java:run(117)) - 18bcd373-7631-4e7c-b817-d7839f17bf5a@group-29467ABC0BF0-FollowerState was interrupted: java.lang.InterruptedException: sleep interrupted
2019-11-04 16:47:22,275 [grpc-default-executor-16] INFO  impl.RoleInfo (RoleInfo.java:updateAndGet(143)) - 18bcd373-7631-4e7c-b817-d7839f17bf5a: start FollowerState
2019-11-04 16:47:22,290 [7fc3dcce-a523-45fc-b6d6-b2bad08ce4da@group-29467ABC0BF0-LeaderElection3539] INFO  impl.LeaderElection (LeaderElection.java:logAndReturn(56)) - 7fc3dcce-a523-45fc-b6d6-b2bad08ce4da@group-29467ABC0BF0-LeaderElection3539: Election REJECTED; received 2 response(s) [7fc3dcce-a523-45fc-b6d6-b2bad08ce4da<-2911c1bb-ca7b-4253-a902-f80f167657b1#0:FAIL-t22, 7fc3dcce-a523-45fc-b6d6-b2bad08ce4da<-18bcd373-7631-4e7c-b817-d7839f17bf5a#0:FAIL-t22] and 0 exception(s); 7fc3dcce-a523-45fc-b6d6-b2bad08ce4da@group-29467ABC0BF0:t22, leader=null, voted=7fc3dcce-a523-45fc-b6d6-b2bad08ce4da, raftlog=7fc3dcce-a523-45fc-b6d6-b2bad08ce4da@group-29467ABC0BF0-SegmentedRaftLog:OPENED:c-1,f-1,i0, conf=-1: [2911c1bb-ca7b-4253-a902-f80f167657b1:192.168.157.194:45844, 7fc3dcce-a523-45fc-b6d6-b2bad08ce4da:192.168.157.194:35647, 18bcd373-7631-4e7c-b817-d7839f17bf5a:192.168.157.194:38252], old=null
2019-11-04 16:47:22,290 [7fc3dcce-a523-45fc-b6d6-b2bad08ce4da@group-29467ABC0BF0-LeaderElection3539] INFO  impl.RaftServerImpl (RaftServerImpl.java:setRole(184)) - 7fc3dcce-a523-45fc-b6d6-b2bad08ce4da@group-29467ABC0BF0: changes role from CANDIDATE to FOLLOWER at term 22 for DISCOVERED_A_NEW_TERM
2019-11-04 16:47:22,290 [7fc3dcce-a523-45fc-b6d6-b2bad08ce4da@group-29467ABC0BF0-LeaderElection3539] INFO  impl.RoleInfo (RoleInfo.java:shutdownLeaderElection(134)) - 7fc3dcce-a523-45fc-b6d6-b2bad08ce4da: shutdown LeaderElection
2019-11-04 16:47:22,290 [7fc3dcce-a523-45fc-b6d6-b2bad08ce4da@group-29467ABC0BF0-LeaderElection3539] INFO  impl.RoleInfo (RoleInfo.java:updateAndGet(143)) - 7fc3dcce-a523-45fc-b6d6-b2bad08ce4da: start FollowerState
2019-11-04 16:47:22,372 [Thread-25216] INFO  impl.FollowerState (FollowerState.java:run(108)) - 7fc3dcce-a523-45fc-b6d6-b2bad08ce4da@group-29467ABC0BF0-FollowerState: change to CANDIDATE, lastRpcTime:82ms, electionTimeout:82ms
2019-11-04 16:47:22,372 [Thread-25216] INFO  impl.RoleInfo (RoleInfo.java:shutdownFollowerState(121)) - 7fc3dcce-a523-45fc-b6d6-b2bad08ce4da: shutdown FollowerState
2019-11-04 16:47:22,372 [Thread-25216] INFO  impl.RaftServerImpl (RaftServerImpl.java:setRole(184)) - 7fc3dcce-a523-45fc-b6d6-b2bad08ce4da@group-29467ABC0BF0: changes role from  FOLLOWER to CANDIDATE at term 22 for changeToCandidate
2019-11-04 16:47:22,372 [Thread-25216] INFO  impl.RoleInfo (RoleInfo.java:updateAndGet(143)) - 7fc3dcce-a523-45fc-b6d6-b2bad08ce4da: start LeaderElection
2019-11-04 16:47:22,386 [7fc3dcce-a523-45fc-b6d6-b2bad08ce4da@group-29467ABC0BF0-LeaderElection3540] INFO  impl.LeaderElection (LeaderElection.java:askForVotes(178)) - 7fc3dcce-a523-45fc-b6d6-b2bad08ce4da@group-29467ABC0BF0-LeaderElection3540: begin an election at term 23 for -1: [2911c1bb-ca7b-4253-a902-f80f167657b1:192.168.157.194:45844, 7fc3dcce-a523-45fc-b6d6-b2bad08ce4da:192.168.157.194:35647, 18bcd373-7631-4e7c-b817-d7839f17bf5a:192.168.157.194:38252], old=null
2019-11-04 16:47:22,386 [grpc-default-executor-15] INFO  impl.RaftServerImpl (RaftServerImpl.java:setRole(184)) - 2911c1bb-ca7b-4253-a902-f80f167657b1@group-29467ABC0BF0: changes role from  FOLLOWER to FOLLOWER at term 23 for recognizeCandidate:7fc3dcce-a523-45fc-b6d6-b2bad08ce4da
2019-11-04 16:47:22,386 [grpc-default-executor-15] INFO  impl.RoleInfo (RoleInfo.java:shutdownFollowerState(121)) - 2911c1bb-ca7b-4253-a902-f80f167657b1: shutdown FollowerState
2019-11-04 16:47:22,387 [grpc-default-executor-16] INFO  impl.RaftServerImpl (RaftServerImpl.java:setRole(184)) - 18bcd373-7631-4e7c-b817-d7839f17bf5a@group-29467ABC0BF0: changes role from  FOLLOWER to FOLLOWER at term 23 for recognizeCandidate:7fc3dcce-a523-45fc-b6d6-b2bad08ce4da
2019-11-04 16:47:22,387 [grpc-default-executor-16] INFO  impl.RoleInfo (RoleInfo.java:shutdownFollowerState(121)) - 18bcd373-7631-4e7c-b817-d7839f17bf5a: shutdown FollowerState
2019-11-04 16:47:22,387 [grpc-default-executor-15] INFO  impl.RoleInfo (RoleInfo.java:updateAndGet(143)) - 2911c1bb-ca7b-4253-a902-f80f167657b1: start FollowerState
2019-11-04 16:47:22,387 [Thread-25213] INFO  impl.FollowerState (FollowerState.java:run(117)) - 18bcd373-7631-4e7c-b817-d7839f17bf5a@group-29467ABC0BF0-FollowerState was interrupted: java.lang.InterruptedException: sleep interrupted
2019-11-04 16:47:22,387 [grpc-default-executor-16] INFO  impl.RoleInfo (RoleInfo.java:updateAndGet(143)) - 18bcd373-7631-4e7c-b817-d7839f17bf5a: start FollowerState
2019-11-04 16:47:22,387 [Thread-25212] INFO  impl.FollowerState (FollowerState.java:run(117)) - 2911c1bb-ca7b-4253-a902-f80f167657b1@group-29467ABC0BF0-FollowerState was interrupted: java.lang.InterruptedException: sleep interrupted
2019-11-04 16:47:22,400 [7fc3dcce-a523-45fc-b6d6-b2bad08ce4da@group-29467ABC0BF0-LeaderElection3540] INFO  impl.LeaderElection (LeaderElection.java:logAndReturn(56)) - 7fc3dcce-a523-45fc-b6d6-b2bad08ce4da@group-29467ABC0BF0-LeaderElection3540: Election REJECTED; received 2 response(s) [7fc3dcce-a523-45fc-b6d6-b2bad08ce4da<-2911c1bb-ca7b-4253-a902-f80f167657b1#0:FAIL-t23, 7fc3dcce-a523-45fc-b6d6-b2bad08ce4da<-18bcd373-7631-4e7c-b817-d7839f17bf5a#0:FAIL-t23] and 0 exception(s); 7fc3dcce-a523-45fc-b6d6-b2bad08ce4da@group-29467ABC0BF0:t23, leader=null, voted=7fc3dcce-a523-45fc-b6d6-b2bad08ce4da, raftlog=7fc3dcce-a523-45fc-b6d6-b2bad08ce4da@group-29467ABC0BF0-SegmentedRaftLog:OPENED:c-1,f-1,i0, conf=-1: [2911c1bb-ca7b-4253-a902-f80f167657b1:192.168.157.194:45844, 7fc3dcce-a523-45fc-b6d6-b2bad08ce4da:192.168.157.194:35647, 18bcd373-7631-4e7c-b817-d7839f17bf5a:192.168.157.194:38252], old=null
2019-11-04 16:47:22,400 [7fc3dcce-a523-45fc-b6d6-b2bad08ce4da@group-29467ABC0BF0-LeaderElection3540] INFO  impl.RaftServerImpl (RaftServerImpl.java:setRole(184)) - 7fc3dcce-a523-45fc-b6d6-b2bad08ce4da@group-29467ABC0BF0: changes role from CANDIDATE to FOLLOWER at term 23 for DISCOVERED_A_NEW_TERM
2019-11-04 16:47:22,401 [7fc3dcce-a523-45fc-b6d6-b2bad08ce4da@group-29467ABC0BF0-LeaderElection3540] INFO  impl.RoleInfo (RoleInfo.java:shutdownLeaderElection(134)) - 7fc3dcce-a523-45fc-b6d6-b2bad08ce4da: shutdown LeaderElection
2019-11-04 16:47:22,401 [7fc3dcce-a523-45fc-b6d6-b2bad08ce4da@group-29467ABC0BF0-LeaderElection3540] INFO  impl.RoleInfo (RoleInfo.java:updateAndGet(143)) - 7fc3dcce-a523-45fc-b6d6-b2bad08ce4da: start FollowerState
2019-11-04 16:47:22,438 [Thread-25222] INFO  impl.FollowerState (FollowerState.java:run(108)) - 7fc3dcce-a523-45fc-b6d6-b2bad08ce4da@group-29467ABC0BF0-FollowerState: change to CANDIDATE, lastRpcTime:37ms, electionTimeout:37ms
2019-11-04 16:47:22,438 [Thread-25222] INFO  impl.RoleInfo (RoleInfo.java:shutdownFollowerState(121)) - 7fc3dcce-a523-45fc-b6d6-b2bad08ce4da: shutdown FollowerState
2019-11-04 16:47:22,438 [Thread-25222] INFO  impl.RaftServerImpl (RaftServerImpl.java:setRole(184)) - 7fc3dcce-a523-45fc-b6d6-b2bad08ce4da@group-29467ABC0BF0: changes role from  FOLLOWER to CANDIDATE at term 23 for changeToCandidate
2019-11-04 16:47:22,438 [Thread-25222] INFO  impl.RoleInfo (RoleInfo.java:updateAndGet(143)) - 7fc3dcce-a523-45fc-b6d6-b2bad08ce4da: start LeaderElection
2019-11-04 16:47:22,451 [7fc3dcce-a523-45fc-b6d6-b2bad08ce4da@group-29467ABC0BF0-LeaderElection3541] INFO  impl.LeaderElection (LeaderElection.java:askForVotes(178)) - 7fc3dcce-a523-45fc-b6d6-b2bad08ce4da@group-29467ABC0BF0-LeaderElection3541: begin an election at term 24 for -1: [2911c1bb-ca7b-4253-a902-f80f167657b1:192.168.157.194:45844, 7fc3dcce-a523-45fc-b6d6-b2bad08ce4da:192.168.157.194:35647, 18bcd373-7631-4e7c-b817-d7839f17bf5a:192.168.157.194:38252], old=null
2019-11-04 16:47:22,452 [grpc-default-executor-15] INFO  impl.RaftServerImpl (RaftServerImpl.java:setRole(184)) - 2911c1bb-ca7b-4253-a902-f80f167657b1@group-29467ABC0BF0: changes role from  FOLLOWER to FOLLOWER at term 24 for recognizeCandidate:7fc3dcce-a523-45fc-b6d6-b2bad08ce4da
2019-11-04 16:47:22,452 [grpc-default-executor-16] INFO  impl.RaftServerImpl (RaftServerImpl.java:setRole(184)) - 18bcd373-7631-4e7c-b817-d7839f17bf5a@group-29467ABC0BF0: changes role from  FOLLOWER to FOLLOWER at term 24 for recognizeCandidate:7fc3dcce-a523-45fc-b6d6-b2bad08ce4da
2019-11-04 16:47:22,452 [grpc-default-executor-16] INFO  impl.RoleInfo (RoleInfo.java:shutdownFollowerState(121)) - 18bcd373-7631-4e7c-b817-d7839f17bf5a: shutdown FollowerState
2019-11-04 16:47:22,452 [grpc-default-executor-15] INFO  impl.RoleInfo (RoleInfo.java:shutdownFollowerState(121)) - 2911c1bb-ca7b-4253-a902-f80f167657b1: shutdown FollowerState
2019-11-04 16:47:22,452 [grpc-default-executor-16] INFO  impl.RoleInfo (RoleInfo.java:updateAndGet(143)) - 18bcd373-7631-4e7c-b817-d7839f17bf5a: start FollowerState
2019-11-04 16:47:22,452 [Thread-25220] INFO  impl.FollowerState (FollowerState.java:run(117)) - 2911c1bb-ca7b-4253-a902-f80f167657b1@group-29467ABC0BF0-FollowerState was interrupted: java.lang.InterruptedException: sleep interrupted
2019-11-04 16:47:22,452 [Thread-25221] INFO  impl.FollowerState (FollowerState.java:run(117)) - 18bcd373-7631-4e7c-b817-d7839f17bf5a@group-29467ABC0BF0-FollowerState was interrupted: java.lang.InterruptedException: sleep interrupted
2019-11-04 16:47:22,452 [grpc-default-executor-15] INFO  impl.RoleInfo (RoleInfo.java:updateAndGet(143)) - 2911c1bb-ca7b-4253-a902-f80f167657b1: start FollowerState
2019-11-04 16:47:22,466 [7fc3dcce-a523-45fc-b6d6-b2bad08ce4da@group-29467ABC0BF0-LeaderElection3541] INFO  impl.LeaderElection (LeaderElection.java:logAndReturn(56)) - 7fc3dcce-a523-45fc-b6d6-b2bad08ce4da@group-29467ABC0BF0-LeaderElection3541: Election REJECTED; received 2 response(s) [7fc3dcce-a523-45fc-b6d6-b2bad08ce4da<-2911c1bb-ca7b-4253-a902-f80f167657b1#0:FAIL-t24, 7fc3dcce-a523-45fc-b6d6-b2bad08ce4da<-18bcd373-7631-4e7c-b817-d7839f17bf5a#0:FAIL-t24] and 0 exception(s); 7fc3dcce-a523-45fc-b6d6-b2bad08ce4da@group-29467ABC0BF0:t24, leader=null, voted=7fc3dcce-a523-45fc-b6d6-b2bad08ce4da, raftlog=7fc3dcce-a523-45fc-b6d6-b2bad08ce4da@group-29467ABC0BF0-SegmentedRaftLog:OPENED:c-1,f-1,i0, conf=-1: [2911c1bb-ca7b-4253-a902-f80f167657b1:192.168.157.194:45844, 7fc3dcce-a523-45fc-b6d6-b2bad08ce4da:192.168.157.194:35647, 18bcd373-7631-4e7c-b817-d7839f17bf5a:192.168.157.194:38252], old=null
2019-11-04 16:47:22,466 [7fc3dcce-a523-45fc-b6d6-b2bad08ce4da@group-29467ABC0BF0-LeaderElection3541] INFO  impl.RaftServerImpl (RaftServerImpl.java:setRole(184)) - 7fc3dcce-a523-45fc-b6d6-b2bad08ce4da@group-29467ABC0BF0: changes role from CANDIDATE to FOLLOWER at term 24 for DISCOVERED_A_NEW_TERM
2019-11-04 16:47:22,466 [7fc3dcce-a523-45fc-b6d6-b2bad08ce4da@group-29467ABC0BF0-LeaderElection3541] INFO  impl.RoleInfo (RoleInfo.java:shutdownLeaderElection(134)) - 7fc3dcce-a523-45fc-b6d6-b2bad08ce4da: shutdown LeaderElection
2019-11-04 16:47:22,466 [7fc3dcce-a523-45fc-b6d6-b2bad08ce4da@group-29467ABC0BF0-LeaderElection3541] INFO  impl.RoleInfo (RoleInfo.java:updateAndGet(143)) - 7fc3dcce-a523-45fc-b6d6-b2bad08ce4da: start FollowerState
2019-11-04 16:47:22,618 [Thread-25228] INFO  impl.FollowerState (FollowerState.java:run(108)) - 7fc3dcce-a523-45fc-b6d6-b2bad08ce4da@group-29467ABC0BF0-FollowerState: change to CANDIDATE, lastRpcTime:152ms, electionTimeout:152ms
2019-11-04 16:47:22,618 [Thread-25228] INFO  impl.RoleInfo (RoleInfo.java:shutdownFollowerState(121)) - 7fc3dcce-a523-45fc-b6d6-b2bad08ce4da: shutdown FollowerState
2019-11-04 16:47:22,618 [Thread-25228] INFO  impl.RaftServerImpl (RaftServerImpl.java:setRole(184)) - 7fc3dcce-a523-45fc-b6d6-b2bad08ce4da@group-29467ABC0BF0: changes role from  FOLLOWER to CANDIDATE at term 24 for changeToCandidate
2019-11-04 16:47:22,618 [Thread-25228] INFO  impl.RoleInfo (RoleInfo.java:updateAndGet(143)) - 7fc3dcce-a523-45fc-b6d6-b2bad08ce4da: start LeaderElection
2019-11-04 16:47:22,632 [7fc3dcce-a523-45fc-b6d6-b2bad08ce4da@group-29467ABC0BF0-LeaderElection3542] INFO  impl.LeaderElection (LeaderElection.java:askForVotes(178)) - 7fc3dcce-a523-45fc-b6d6-b2bad08ce4da@group-29467ABC0BF0-LeaderElection3542: begin an election at term 25 for -1: [2911c1bb-ca7b-4253-a902-f80f167657b1:192.168.157.194:45844, 7fc3dcce-a523-45fc-b6d6-b2bad08ce4da:192.168.157.194:35647, 18bcd373-7631-4e7c-b817-d7839f17bf5a:192.168.157.194:38252], old=null
2019-11-04 16:47:22,633 [grpc-default-executor-15] INFO  impl.RaftServerImpl (RaftServerImpl.java:setRole(184)) - 2911c1bb-ca7b-4253-a902-f80f167657b1@group-29467ABC0BF0: changes role from  FOLLOWER to FOLLOWER at term 25 for recognizeCandidate:7fc3dcce-a523-45fc-b6d6-b2bad08ce4da
2019-11-04 16:47:22,633 [grpc-default-executor-15] INFO  impl.RoleInfo (RoleInfo.java:shutdownFollowerState(121)) - 2911c1bb-ca7b-4253-a902-f80f167657b1: shutdown FollowerState
2019-11-04 16:47:22,634 [grpc-default-executor-15] INFO  impl.RoleInfo (RoleInfo.java:updateAndGet(143)) - 2911c1bb-ca7b-4253-a902-f80f167657b1: start FollowerState
2019-11-04 16:47:22,634 [grpc-default-executor-16] INFO  impl.RaftServerImpl (RaftServerImpl.java:setRole(184)) - 18bcd373-7631-4e7c-b817-d7839f17bf5a@group-29467ABC0BF0: changes role from  FOLLOWER to FOLLOWER at term 25 for recognizeCandidate:7fc3dcce-a523-45fc-b6d6-b2bad08ce4da
2019-11-04 16:47:22,634 [Thread-25227] INFO  impl.FollowerState (FollowerState.java:run(117)) - 2911c1bb-ca7b-4253-a902-f80f167657b1@group-29467ABC0BF0-FollowerState was interrupted: java.lang.InterruptedException: sleep interrupted
2019-11-04 16:47:22,634 [grpc-default-executor-16] INFO  impl.RoleInfo (RoleInfo.java:shutdownFollowerState(121)) - 18bcd373-7631-4e7c-b817-d7839f17bf5a: shutdown FollowerState
2019-11-04 16:47:22,634 [grpc-default-executor-16] INFO  impl.RoleInfo (RoleInfo.java:updateAndGet(143)) - 18bcd373-7631-4e7c-b817-d7839f17bf5a: start FollowerState
2019-11-04 16:47:22,634 [Thread-25226] INFO  impl.FollowerState (FollowerState.java:run(117)) - 18bcd373-7631-4e7c-b817-d7839f17bf5a@group-29467ABC0BF0-FollowerState was interrupted: java.lang.InterruptedException: sleep interrupted
2019-11-04 16:47:22,647 [7fc3dcce-a523-45fc-b6d6-b2bad08ce4da@group-29467ABC0BF0-LeaderElection3542] INFO  impl.LeaderElection (LeaderElection.java:logAndReturn(56)) - 7fc3dcce-a523-45fc-b6d6-b2bad08ce4da@group-29467ABC0BF0-LeaderElection3542: Election REJECTED; received 2 response(s) [7fc3dcce-a523-45fc-b6d6-b2bad08ce4da<-2911c1bb-ca7b-4253-a902-f80f167657b1#0:FAIL-t25, 7fc3dcce-a523-45fc-b6d6-b2bad08ce4da<-18bcd373-7631-4e7c-b817-d7839f17bf5a#0:FAIL-t25] and 0 exception(s); 7fc3dcce-a523-45fc-b6d6-b2bad08ce4da@group-29467ABC0BF0:t25, leader=null, voted=7fc3dcce-a523-45fc-b6d6-b2bad08ce4da, raftlog=7fc3dcce-a523-45fc-b6d6-b2bad08ce4da@group-29467ABC0BF0-SegmentedRaftLog:OPENED:c-1,f-1,i0, conf=-1: [2911c1bb-ca7b-4253-a902-f80f167657b1:192.168.157.194:45844, 7fc3dcce-a523-45fc-b6d6-b2bad08ce4da:192.168.157.194:35647, 18bcd373-7631-4e7c-b817-d7839f17bf5a:192.168.157.194:38252], old=null
2019-11-04 16:47:22,647 [7fc3dcce-a523-45fc-b6d6-b2bad08ce4da@group-29467ABC0BF0-LeaderElection3542] INFO  impl.RaftServerImpl (RaftServerImpl.java:setRole(184)) - 7fc3dcce-a523-45fc-b6d6-b2bad08ce4da@group-29467ABC0BF0: changes role from CANDIDATE to FOLLOWER at term 25 for DISCOVERED_A_NEW_TERM
2019-11-04 16:47:22,647 [7fc3dcce-a523-45fc-b6d6-b2bad08ce4da@group-29467ABC0BF0-LeaderElection3542] INFO  impl.RoleInfo (RoleInfo.java:shutdownLeaderElection(134)) - 7fc3dcce-a523-45fc-b6d6-b2bad08ce4da: shutdown LeaderElection
2019-11-04 16:47:22,647 [7fc3dcce-a523-45fc-b6d6-b2bad08ce4da@group-29467ABC0BF0-LeaderElection3542] INFO  impl.RoleInfo (RoleInfo.java:updateAndGet(143)) - 7fc3dcce-a523-45fc-b6d6-b2bad08ce4da: start FollowerState
2019-11-04 16:47:22,754 [Thread-25236] INFO  impl.FollowerState (FollowerState.java:run(108)) - 7fc3dcce-a523-45fc-b6d6-b2bad08ce4da@group-29467ABC0BF0-FollowerState: change to CANDIDATE, lastRpcTime:106ms, electionTimeout:106ms
2019-11-04 16:47:22,754 [Thread-25236] INFO  impl.RoleInfo (RoleInfo.java:shutdownFollowerState(121)) - 7fc3dcce-a523-45fc-b6d6-b2bad08ce4da: shutdown FollowerState
2019-11-04 16:47:22,754 [Thread-25236] INFO  impl.RaftServerImpl (RaftServerImpl.java:setRole(184)) - 7fc3dcce-a523-45fc-b6d6-b2bad08ce4da@group-29467ABC0BF0: changes role from  FOLLOWER to CANDIDATE at term 25 for changeToCandidate
2019-11-04 16:47:22,754 [Thread-25236] INFO  impl.RoleInfo (RoleInfo.java:updateAndGet(143)) - 7fc3dcce-a523-45fc-b6d6-b2bad08ce4da: start LeaderElection
2019-11-04 16:47:22,767 [7fc3dcce-a523-45fc-b6d6-b2bad08ce4da@group-29467ABC0BF0-LeaderElection3543] INFO  impl.LeaderElection (LeaderElection.java:askForVotes(178)) - 7fc3dcce-a523-45fc-b6d6-b2bad08ce4da@group-29467ABC0BF0-LeaderElection3543: begin an election at term 26 for -1: [2911c1bb-ca7b-4253-a902-f80f167657b1:192.168.157.194:45844, 7fc3dcce-a523-45fc-b6d6-b2bad08ce4da:192.168.157.194:35647, 18bcd373-7631-4e7c-b817-d7839f17bf5a:192.168.157.194:38252], old=null
2019-11-04 16:47:22,768 [grpc-default-executor-15] INFO  impl.RaftServerImpl (RaftServerImpl.java:setRole(184)) - 2911c1bb-ca7b-4253-a902-f80f167657b1@group-29467ABC0BF0: changes role from  FOLLOWER to FOLLOWER at term 26 for recognizeCandidate:7fc3dcce-a523-45fc-b6d6-b2bad08ce4da
2019-11-04 16:47:22,768 [grpc-default-executor-15] INFO  impl.RoleInfo (RoleInfo.java:shutdownFollowerState(121)) - 2911c1bb-ca7b-4253-a902-f80f167657b1: shutdown FollowerState
2019-11-04 16:47:22,768 [grpc-default-executor-15] INFO  impl.RoleInfo (RoleInfo.java:updateAndGet(143)) - 2911c1bb-ca7b-4253-a902-f80f167657b1: start FollowerState
2019-11-04 16:47:22,768 [grpc-default-executor-16] INFO  impl.RaftServerImpl (RaftServerImpl.java:setRole(184)) - 18bcd373-7631-4e7c-b817-d7839f17bf5a@group-29467ABC0BF0: changes role from  FOLLOWER to FOLLOWER at term 26 for recognizeCandidate:7fc3dcce-a523-45fc-b6d6-b2bad08ce4da
2019-11-04 16:47:22,769 [grpc-default-executor-16] INFO  impl.RoleInfo (RoleInfo.java:shutdownFollowerState(121)) - 18bcd373-7631-4e7c-b817-d7839f17bf5a: shutdown FollowerState
2019-11-04 16:47:22,768 [Thread-25234] INFO  impl.FollowerState (FollowerState.java:run(117)) - 2911c1bb-ca7b-4253-a902-f80f167657b1@group-29467ABC0BF0-FollowerState was interrupted: java.lang.InterruptedException: sleep interrupted
2019-11-04 16:47:22,769 [grpc-default-executor-16] INFO  impl.RoleInfo (RoleInfo.java:updateAndGet(143)) - 18bcd373-7631-4e7c-b817-d7839f17bf5a: start FollowerState
2019-11-04 16:47:22,769 [Thread-25235] INFO  impl.FollowerState (FollowerState.java:run(117)) - 18bcd373-7631-4e7c-b817-d7839f17bf5a@group-29467ABC0BF0-FollowerState was interrupted: java.lang.InterruptedException: sleep interrupted
2019-11-04 16:47:22,782 [7fc3dcce-a523-45fc-b6d6-b2bad08ce4da@group-29467ABC0BF0-LeaderElection3543] INFO  impl.LeaderElection (LeaderElection.java:logAndReturn(56)) - 7fc3dcce-a523-45fc-b6d6-b2bad08ce4da@group-29467ABC0BF0-LeaderElection3543: Election REJECTED; received 2 response(s) [7fc3dcce-a523-45fc-b6d6-b2bad08ce4da<-2911c1bb-ca7b-4253-a902-f80f167657b1#0:FAIL-t26, 7fc3dcce-a523-45fc-b6d6-b2bad08ce4da<-18bcd373-7631-4e7c-b817-d7839f17bf5a#0:FAIL-t26] and 0 exception(s); 7fc3dcce-a523-45fc-b6d6-b2bad08ce4da@group-29467ABC0BF0:t26, leader=null, voted=7fc3dcce-a523-45fc-b6d6-b2bad08ce4da, raftlog=7fc3dcce-a523-45fc-b6d6-b2bad08ce4da@group-29467ABC0BF0-SegmentedRaftLog:OPENED:c-1,f-1,i0, conf=-1: [2911c1bb-ca7b-4253-a902-f80f167657b1:192.168.157.194:45844, 7fc3dcce-a523-45fc-b6d6-b2bad08ce4da:192.168.157.194:35647, 18bcd373-7631-4e7c-b817-d7839f17bf5a:192.168.157.194:38252], old=null
2019-11-04 16:47:22,782 [7fc3dcce-a523-45fc-b6d6-b2bad08ce4da@group-29467ABC0BF0-LeaderElection3543] INFO  impl.RaftServerImpl (RaftServerImpl.java:setRole(184)) - 7fc3dcce-a523-45fc-b6d6-b2bad08ce4da@group-29467ABC0BF0: changes role from CANDIDATE to FOLLOWER at term 26 for DISCOVERED_A_NEW_TERM
2019-11-04 16:47:22,782 [7fc3dcce-a523-45fc-b6d6-b2bad08ce4da@group-29467ABC0BF0-LeaderElection3543] INFO  impl.RoleInfo (RoleInfo.java:shutdownLeaderElection(134)) - 7fc3dcce-a523-45fc-b6d6-b2bad08ce4da: shutdown LeaderElection
2019-11-04 16:47:22,782 [7fc3dcce-a523-45fc-b6d6-b2bad08ce4da@group-29467ABC0BF0-LeaderElection3543] INFO  impl.RoleInfo (RoleInfo.java:updateAndGet(143)) - 7fc3dcce-a523-45fc-b6d6-b2bad08ce4da: start FollowerState
2019-11-04 16:47:22,816 [Thread-25246] INFO  impl.FollowerState (FollowerState.java:run(108)) - 7fc3dcce-a523-45fc-b6d6-b2bad08ce4da@group-29467ABC0BF0-FollowerState: change to CANDIDATE, lastRpcTime:34ms, electionTimeout:34ms
2019-11-04 16:47:22,817 [Thread-25246] INFO  impl.RoleInfo (RoleInfo.java:shutdownFollowerState(121)) - 7fc3dcce-a523-45fc-b6d6-b2bad08ce4da: shutdown FollowerState
2019-11-04 16:47:22,817 [Thread-25246] INFO  impl.RaftServerImpl (RaftServerImpl.java:setRole(184)) - 7fc3dcce-a523-45fc-b6d6-b2bad08ce4da@group-29467ABC0BF0: changes role from  FOLLOWER to CANDIDATE at term 26 for changeToCandidate
2019-11-04 16:47:22,817 [Thread-25246] INFO  impl.RoleInfo (RoleInfo.java:updateAndGet(143)) - 7fc3dcce-a523-45fc-b6d6-b2bad08ce4da: start LeaderElection
2019-11-04 16:47:22,853 [7fc3dcce-a523-45fc-b6d6-b2bad08ce4da@group-29467ABC0BF0-LeaderElection3544] INFO  impl.LeaderElection (LeaderElection.java:askForVotes(178)) - 7fc3dcce-a523-45fc-b6d6-b2bad08ce4da@group-29467ABC0BF0-LeaderElection3544: begin an election at term 27 for -1: [2911c1bb-ca7b-4253-a902-f80f167657b1:192.168.157.194:45844, 7fc3dcce-a523-45fc-b6d6-b2bad08ce4da:192.168.157.194:35647, 18bcd373-7631-4e7c-b817-d7839f17bf5a:192.168.157.194:38252], old=null
2019-11-04 16:47:22,856 [grpc-default-executor-15] INFO  impl.RaftServerImpl (RaftServerImpl.java:setRole(184)) - 18bcd373-7631-4e7c-b817-d7839f17bf5a@group-29467ABC0BF0: changes role from  FOLLOWER to FOLLOWER at term 27 for recognizeCandidate:7fc3dcce-a523-45fc-b6d6-b2bad08ce4da
2019-11-04 16:47:22,856 [grpc-default-executor-16] INFO  impl.RaftServerImpl (RaftServerImpl.java:setRole(184)) - 2911c1bb-ca7b-4253-a902-f80f167657b1@group-29467ABC0BF0: changes role from  FOLLOWER to FOLLOWER at term 27 for recognizeCandidate:7fc3dcce-a523-45fc-b6d6-b2bad08ce4da
2019-11-04 16:47:22,856 [grpc-default-executor-15] INFO  impl.RoleInfo (RoleInfo.java:shutdownFollowerState(121)) - 18bcd373-7631-4e7c-b817-d7839f17bf5a: shutdown FollowerState
2019-11-04 16:47:22,856 [grpc-default-executor-16] INFO  impl.RoleInfo (RoleInfo.java:shutdownFollowerState(121)) - 2911c1bb-ca7b-4253-a902-f80f167657b1: shutdown FollowerState
2019-11-04 16:47:22,857 [grpc-default-executor-15] INFO  impl.RoleInfo (RoleInfo.java:updateAndGet(143)) - 18bcd373-7631-4e7c-b817-d7839f17bf5a: start FollowerState
2019-11-04 16:47:22,857 [Thread-25242] INFO  impl.FollowerState (FollowerState.java:run(117)) - 2911c1bb-ca7b-4253-a902-f80f167657b1@group-29467ABC0BF0-FollowerState was interrupted: java.lang.InterruptedException: sleep interrupted
2019-11-04 16:47:22,857 [Thread-25243] INFO  impl.FollowerState (FollowerState.java:run(117)) - 18bcd373-7631-4e7c-b817-d7839f17bf5a@group-29467ABC0BF0-FollowerState was interrupted: java.lang.InterruptedException: sleep interrupted
2019-11-04 16:47:22,857 [grpc-default-executor-16] INFO  impl.RoleInfo (RoleInfo.java:updateAndGet(143)) - 2911c1bb-ca7b-4253-a902-f80f167657b1: start FollowerState
2019-11-04 16:47:22,871 [7fc3dcce-a523-45fc-b6d6-b2bad08ce4da@group-29467ABC0BF0-LeaderElection3544] INFO  impl.LeaderElection (LeaderElection.java:logAndReturn(56)) - 7fc3dcce-a523-45fc-b6d6-b2bad08ce4da@group-29467ABC0BF0-LeaderElection3544: Election REJECTED; received 2 response(s) [7fc3dcce-a523-45fc-b6d6-b2bad08ce4da<-2911c1bb-ca7b-4253-a902-f80f167657b1#0:FAIL-t27, 7fc3dcce-a523-45fc-b6d6-b2bad08ce4da<-18bcd373-7631-4e7c-b817-d7839f17bf5a#0:FAIL-t27] and 0 exception(s); 7fc3dcce-a523-45fc-b6d6-b2bad08ce4da@group-29467ABC0BF0:t27, leader=null, voted=7fc3dcce-a523-45fc-b6d6-b2bad08ce4da, raftlog=7fc3dcce-a523-45fc-b6d6-b2bad08ce4da@group-29467ABC0BF0-SegmentedRaftLog:OPENED:c-1,f-1,i0, conf=-1: [2911c1bb-ca7b-4253-a902-f80f167657b1:192.168.157.194:45844, 7fc3dcce-a523-45fc-b6d6-b2bad08ce4da:192.168.157.194:35647, 18bcd373-7631-4e7c-b817-d7839f17bf5a:192.168.157.194:38252], old=null
2019-11-04 16:47:22,871 [7fc3dcce-a523-45fc-b6d6-b2bad08ce4da@group-29467ABC0BF0-LeaderElection3544] INFO  impl.RaftServerImpl (RaftServerImpl.java:setRole(184)) - 7fc3dcce-a523-45fc-b6d6-b2bad08ce4da@group-29467ABC0BF0: changes role from CANDIDATE to FOLLOWER at term 27 for DISCOVERED_A_NEW_TERM
2019-11-04 16:47:22,871 [7fc3dcce-a523-45fc-b6d6-b2bad08ce4da@group-29467ABC0BF0-LeaderElection3544] INFO  impl.RoleInfo (RoleInfo.java:shutdownLeaderElection(134)) - 7fc3dcce-a523-45fc-b6d6-b2bad08ce4da: shutdown LeaderElection
2019-11-04 16:47:22,871 [7fc3dcce-a523-45fc-b6d6-b2bad08ce4da@group-29467ABC0BF0-LeaderElection3544] INFO  impl.RoleInfo (RoleInfo.java:updateAndGet(143)) - 7fc3dcce-a523-45fc-b6d6-b2bad08ce4da: start FollowerState
2019-11-04 16:47:23,068 [Thread-25252] INFO  impl.FollowerState (FollowerState.java:run(108)) - 7fc3dcce-a523-45fc-b6d6-b2bad08ce4da@group-29467ABC0BF0-FollowerState: change to CANDIDATE, lastRpcTime:197ms, electionTimeout:197ms
2019-11-04 16:47:23,069 [Thread-25252] INFO  impl.RoleInfo (RoleInfo.java:shutdownFollowerState(121)) - 7fc3dcce-a523-45fc-b6d6-b2bad08ce4da: shutdown FollowerState
2019-11-04 16:47:23,069 [Thread-25252] INFO  impl.RaftServerImpl (RaftServerImpl.java:setRole(184)) - 7fc3dcce-a523-45fc-b6d6-b2bad08ce4da@group-29467ABC0BF0: changes role from  FOLLOWER to CANDIDATE at term 27 for changeToCandidate
2019-11-04 16:47:23,069 [Thread-25252] INFO  impl.RoleInfo (RoleInfo.java:updateAndGet(143)) - 7fc3dcce-a523-45fc-b6d6-b2bad08ce4da: start LeaderElection
2019-11-04 16:47:23,084 [7fc3dcce-a523-45fc-b6d6-b2bad08ce4da@group-29467ABC0BF0-LeaderElection3545] INFO  impl.LeaderElection (LeaderElection.java:askForVotes(178)) - 7fc3dcce-a523-45fc-b6d6-b2bad08ce4da@group-29467ABC0BF0-LeaderElection3545: begin an election at term 28 for -1: [2911c1bb-ca7b-4253-a902-f80f167657b1:192.168.157.194:45844, 7fc3dcce-a523-45fc-b6d6-b2bad08ce4da:192.168.157.194:35647, 18bcd373-7631-4e7c-b817-d7839f17bf5a:192.168.157.194:38252], old=null
2019-11-04 16:47:23,085 [grpc-default-executor-16] INFO  impl.RaftServerImpl (RaftServerImpl.java:setRole(184)) - 2911c1bb-ca7b-4253-a902-f80f167657b1@group-29467ABC0BF0: changes role from  FOLLOWER to FOLLOWER at term 28 for recognizeCandidate:7fc3dcce-a523-45fc-b6d6-b2bad08ce4da
2019-11-04 16:47:23,085 [grpc-default-executor-16] INFO  impl.RoleInfo (RoleInfo.java:shutdownFollowerState(121)) - 2911c1bb-ca7b-4253-a902-f80f167657b1: shutdown FollowerState
2019-11-04 16:47:23,085 [grpc-default-executor-15] INFO  impl.RaftServerImpl (RaftServerImpl.java:setRole(184)) - 18bcd373-7631-4e7c-b817-d7839f17bf5a@group-29467ABC0BF0: changes role from  FOLLOWER to FOLLOWER at term 28 for recognizeCandidate:7fc3dcce-a523-45fc-b6d6-b2bad08ce4da
2019-11-04 16:47:23,086 [grpc-default-executor-16] INFO  impl.RoleInfo (RoleInfo.java:updateAndGet(143)) - 2911c1bb-ca7b-4253-a902-f80f167657b1: start FollowerState
2019-11-04 16:47:23,086 [Thread-25251] INFO  impl.FollowerState (FollowerState.java:run(117)) - 2911c1bb-ca7b-4253-a902-f80f167657b1@group-29467ABC0BF0-FollowerState was interrupted: java.lang.InterruptedException: sleep interrupted
2019-11-04 16:47:23,086 [grpc-default-executor-15] INFO  impl.RoleInfo (RoleInfo.java:shutdownFollowerState(121)) - 18bcd373-7631-4e7c-b817-d7839f17bf5a: shutdown FollowerState
2019-11-04 16:47:23,086 [grpc-default-executor-15] INFO  impl.RoleInfo (RoleInfo.java:updateAndGet(143)) - 18bcd373-7631-4e7c-b817-d7839f17bf5a: start FollowerState
2019-11-04 16:47:23,086 [Thread-25250] INFO  impl.FollowerState (FollowerState.java:run(117)) - 18bcd373-7631-4e7c-b817-d7839f17bf5a@group-29467ABC0BF0-FollowerState was interrupted: java.lang.InterruptedException: sleep interrupted
2019-11-04 16:47:23,100 [7fc3dcce-a523-45fc-b6d6-b2bad08ce4da@group-29467ABC0BF0-LeaderElection3545] INFO  impl.LeaderElection (LeaderElection.java:logAndReturn(56)) - 7fc3dcce-a523-45fc-b6d6-b2bad08ce4da@group-29467ABC0BF0-LeaderElection3545: Election REJECTED; received 2 response(s) [7fc3dcce-a523-45fc-b6d6-b2bad08ce4da<-2911c1bb-ca7b-4253-a902-f80f167657b1#0:FAIL-t28, 7fc3dcce-a523-45fc-b6d6-b2bad08ce4da<-18bcd373-7631-4e7c-b817-d7839f17bf5a#0:FAIL-t28] and 0 exception(s); 7fc3dcce-a523-45fc-b6d6-b2bad08ce4da@group-29467ABC0BF0:t28, leader=null, voted=7fc3dcce-a523-45fc-b6d6-b2bad08ce4da, raftlog=7fc3dcce-a523-45fc-b6d6-b2bad08ce4da@group-29467ABC0BF0-SegmentedRaftLog:OPENED:c-1,f-1,i0, conf=-1: [2911c1bb-ca7b-4253-a902-f80f167657b1:192.168.157.194:45844, 7fc3dcce-a523-45fc-b6d6-b2bad08ce4da:192.168.157.194:35647, 18bcd373-7631-4e7c-b817-d7839f17bf5a:192.168.157.194:38252], old=null
2019-11-04 16:47:23,100 [7fc3dcce-a523-45fc-b6d6-b2bad08ce4da@group-29467ABC0BF0-LeaderElection3545] INFO  impl.RaftServerImpl (RaftServerImpl.java:setRole(184)) - 7fc3dcce-a523-45fc-b6d6-b2bad08ce4da@group-29467ABC0BF0: changes role from CANDIDATE to FOLLOWER at term 28 for DISCOVERED_A_NEW_TERM
2019-11-04 16:47:23,101 [7fc3dcce-a523-45fc-b6d6-b2bad08ce4da@group-29467ABC0BF0-LeaderElection3545] INFO  impl.RoleInfo (RoleInfo.java:shutdownLeaderElection(134)) - 7fc3dcce-a523-45fc-b6d6-b2bad08ce4da: shutdown LeaderElection
2019-11-04 16:47:23,101 [7fc3dcce-a523-45fc-b6d6-b2bad08ce4da@group-29467ABC0BF0-LeaderElection3545] INFO  impl.RoleInfo (RoleInfo.java:updateAndGet(143)) - 7fc3dcce-a523-45fc-b6d6-b2bad08ce4da: start FollowerState
2019-11-04 16:47:23,286 [Thread-25258] INFO  impl.FollowerState (FollowerState.java:run(108)) - 7fc3dcce-a523-45fc-b6d6-b2bad08ce4da@group-29467ABC0BF0-FollowerState: change to CANDIDATE, lastRpcTime:185ms, electionTimeout:185ms
2019-11-04 16:47:23,286 [Thread-25258] INFO  impl.RoleInfo (RoleInfo.java:shutdownFollowerState(121)) - 7fc3dcce-a523-45fc-b6d6-b2bad08ce4da: shutdown FollowerState
2019-11-04 16:47:23,286 [Thread-25258] INFO  impl.RaftServerImpl (RaftServerImpl.java:setRole(184)) - 7fc3dcce-a523-45fc-b6d6-b2bad08ce4da@group-29467ABC0BF0: changes role from  FOLLOWER to CANDIDATE at term 28 for changeToCandidate
2019-11-04 16:47:23,286 [Thread-25258] INFO  impl.RoleInfo (RoleInfo.java:updateAndGet(143)) - 7fc3dcce-a523-45fc-b6d6-b2bad08ce4da: start LeaderElection
2019-11-04 16:47:23,301 [7fc3dcce-a523-45fc-b6d6-b2bad08ce4da@group-29467ABC0BF0-LeaderElection3546] INFO  impl.LeaderElection (LeaderElection.java:askForVotes(178)) - 7fc3dcce-a523-45fc-b6d6-b2bad08ce4da@group-29467ABC0BF0-LeaderElection3546: begin an election at term 29 for -1: [2911c1bb-ca7b-4253-a902-f80f167657b1:192.168.157.194:45844, 7fc3dcce-a523-45fc-b6d6-b2bad08ce4da:192.168.157.194:35647, 18bcd373-7631-4e7c-b817-d7839f17bf5a:192.168.157.194:38252], old=null
2019-11-04 16:47:23,302 [grpc-default-executor-15] INFO  impl.RaftServerImpl (RaftServerImpl.java:setRole(184)) - 18bcd373-7631-4e7c-b817-d7839f17bf5a@group-29467ABC0BF0: changes role from  FOLLOWER to FOLLOWER at term 29 for recognizeCandidate:7fc3dcce-a523-45fc-b6d6-b2bad08ce4da
2019-11-04 16:47:23,302 [grpc-default-executor-15] INFO  impl.RoleInfo (RoleInfo.java:shutdownFollowerState(121)) - 18bcd373-7631-4e7c-b817-d7839f17bf5a: shutdown FollowerState
2019-11-04 16:47:23,303 [grpc-default-executor-16] INFO  impl.RaftServerImpl (RaftServerImpl.java:setRole(184)) - 2911c1bb-ca7b-4253-a902-f80f167657b1@group-29467ABC0BF0: changes role from  FOLLOWER to FOLLOWER at term 29 for recognizeCandidate:7fc3dcce-a523-45fc-b6d6-b2bad08ce4da
2019-11-04 16:47:23,303 [grpc-default-executor-16] INFO  impl.RoleInfo (RoleInfo.java:shutdownFollowerState(121)) - 2911c1bb-ca7b-4253-a902-f80f167657b1: shutdown FollowerState
2019-11-04 16:47:23,303 [Thread-25257] INFO  impl.FollowerState (FollowerState.java:run(117)) - 18bcd373-7631-4e7c-b817-d7839f17bf5a@group-29467ABC0BF0-FollowerState was interrupted: java.lang.InterruptedException: sleep interrupted
2019-11-04 16:47:23,303 [grpc-default-executor-15] INFO  impl.RoleInfo (RoleInfo.java:updateAndGet(143)) - 18bcd373-7631-4e7c-b817-d7839f17bf5a: start FollowerState
2019-11-04 16:47:23,303 [Thread-25256] INFO  impl.FollowerState (FollowerState.java:run(117)) - 2911c1bb-ca7b-4253-a902-f80f167657b1@group-29467ABC0BF0-FollowerState was interrupted: java.lang.InterruptedException: sleep interrupted
2019-11-04 16:47:23,303 [grpc-default-executor-16] INFO  impl.RoleInfo (RoleInfo.java:updateAndGet(143)) - 2911c1bb-ca7b-4253-a902-f80f167657b1: start FollowerState
2019-11-04 16:47:23,319 [7fc3dcce-a523-45fc-b6d6-b2bad08ce4da@group-29467ABC0BF0-LeaderElection3546] INFO  impl.LeaderElection (LeaderElection.java:logAndReturn(56)) - 7fc3dcce-a523-45fc-b6d6-b2bad08ce4da@group-29467ABC0BF0-LeaderElection3546: Election REJECTED; received 2 response(s) [7fc3dcce-a523-45fc-b6d6-b2bad08ce4da<-2911c1bb-ca7b-4253-a902-f80f167657b1#0:FAIL-t29, 7fc3dcce-a523-45fc-b6d6-b2bad08ce4da<-18bcd373-7631-4e7c-b817-d7839f17bf5a#0:FAIL-t29] and 0 exception(s); 7fc3dcce-a523-45fc-b6d6-b2bad08ce4da@group-29467ABC0BF0:t29, leader=null, voted=7fc3dcce-a523-45fc-b6d6-b2bad08ce4da, raftlog=7fc3dcce-a523-45fc-b6d6-b2bad08ce4da@group-29467ABC0BF0-SegmentedRaftLog:OPENED:c-1,f-1,i0, conf=-1: [2911c1bb-ca7b-4253-a902-f80f167657b1:192.168.157.194:45844, 7fc3dcce-a523-45fc-b6d6-b2bad08ce4da:192.168.157.194:35647, 18bcd373-7631-4e7c-b817-d7839f17bf5a:192.168.157.194:38252], old=null
2019-11-04 16:47:23,319 [7fc3dcce-a523-45fc-b6d6-b2bad08ce4da@group-29467ABC0BF0-LeaderElection3546] INFO  impl.RaftServerImpl (RaftServerImpl.java:setRole(184)) - 7fc3dcce-a523-45fc-b6d6-b2bad08ce4da@group-29467ABC0BF0: changes role from CANDIDATE to FOLLOWER at term 29 for DISCOVERED_A_NEW_TERM
2019-11-04 16:47:23,319 [7fc3dcce-a523-45fc-b6d6-b2bad08ce4da@group-29467ABC0BF0-LeaderElection3546] INFO  impl.RoleInfo (RoleInfo.java:shutdownLeaderElection(134)) - 7fc3dcce-a523-45fc-b6d6-b2bad08ce4da: shutdown LeaderElection
2019-11-04 16:47:23,319 [7fc3dcce-a523-45fc-b6d6-b2bad08ce4da@group-29467ABC0BF0-LeaderElection3546] INFO  impl.RoleInfo (RoleInfo.java:updateAndGet(143)) - 7fc3dcce-a523-45fc-b6d6-b2bad08ce4da: start FollowerState
2019-11-04 16:47:23,466 [Thread-25268] INFO  impl.FollowerState (FollowerState.java:run(108)) - 7fc3dcce-a523-45fc-b6d6-b2bad08ce4da@group-29467ABC0BF0-FollowerState: change to CANDIDATE, lastRpcTime:146ms, electionTimeout:146ms
2019-11-04 16:47:23,466 [Thread-25268] INFO  impl.RoleInfo (RoleInfo.java:shutdownFollowerState(121)) - 7fc3dcce-a523-45fc-b6d6-b2bad08ce4da: shutdown FollowerState
2019-11-04 16:47:23,466 [Thread-25268] INFO  impl.RaftServerImpl (RaftServerImpl.java:setRole(184)) - 7fc3dcce-a523-45fc-b6d6-b2bad08ce4da@group-29467ABC0BF0: changes role from  FOLLOWER to CANDIDATE at term 29 for changeToCandidate
2019-11-04 16:47:23,466 [Thread-25268] INFO  impl.RoleInfo (RoleInfo.java:updateAndGet(143)) - 7fc3dcce-a523-45fc-b6d6-b2bad08ce4da: start LeaderElection
2019-11-04 16:47:23,480 [7fc3dcce-a523-45fc-b6d6-b2bad08ce4da@group-29467ABC0BF0-LeaderElection3547] INFO  impl.LeaderElection (LeaderElection.java:askForVotes(178)) - 7fc3dcce-a523-45fc-b6d6-b2bad08ce4da@group-29467ABC0BF0-LeaderElection3547: begin an election at term 30 for -1: [2911c1bb-ca7b-4253-a902-f80f167657b1:192.168.157.194:45844, 7fc3dcce-a523-45fc-b6d6-b2bad08ce4da:192.168.157.194:35647, 18bcd373-7631-4e7c-b817-d7839f17bf5a:192.168.157.194:38252], old=null
2019-11-04 16:47:23,480 [7fc3dcce-a523-45fc-b6d6-b2bad08ce4da@group-29467ABC0BF0-LeaderElection3547] INFO  impl.LeaderElection (LeaderElection.java:logAndReturn(56)) - 7fc3dcce-a523-45fc-b6d6-b2bad08ce4da@group-29467ABC0BF0-LeaderElection3547: Election TIMEOUT; received 0 response(s) [] and 0 exception(s); 7fc3dcce-a523-45fc-b6d6-b2bad08ce4da@group-29467ABC0BF0:t30, leader=null, voted=7fc3dcce-a523-45fc-b6d6-b2bad08ce4da, raftlog=7fc3dcce-a523-45fc-b6d6-b2bad08ce4da@group-29467ABC0BF0-SegmentedRaftLog:OPENED:c-1,f-1,i0, conf=-1: [2911c1bb-ca7b-4253-a902-f80f167657b1:192.168.157.194:45844, 7fc3dcce-a523-45fc-b6d6-b2bad08ce4da:192.168.157.194:35647, 18bcd373-7631-4e7c-b817-d7839f17bf5a:192.168.157.194:38252], old=null
2019-11-04 16:47:23,481 [grpc-default-executor-15] INFO  impl.RaftServerImpl (RaftServerImpl.java:setRole(184)) - 18bcd373-7631-4e7c-b817-d7839f17bf5a@group-29467ABC0BF0: changes role from  FOLLOWER to FOLLOWER at term 30 for recognizeCandidate:7fc3dcce-a523-45fc-b6d6-b2bad08ce4da
2019-11-04 16:47:23,481 [grpc-default-executor-15] INFO  impl.RoleInfo (RoleInfo.java:shutdownFollowerState(121)) - 18bcd373-7631-4e7c-b817-d7839f17bf5a: shutdown FollowerState
2019-11-04 16:47:23,481 [grpc-default-executor-15] INFO  impl.RoleInfo (RoleInfo.java:updateAndGet(143)) - 18bcd373-7631-4e7c-b817-d7839f17bf5a: start FollowerState
2019-11-04 16:47:23,481 [grpc-default-executor-16] INFO  impl.RaftServerImpl (RaftServerImpl.java:setRole(184)) - 2911c1bb-ca7b-4253-a902-f80f167657b1@group-29467ABC0BF0: changes role from  FOLLOWER to FOLLOWER at term 30 for recognizeCandidate:7fc3dcce-a523-45fc-b6d6-b2bad08ce4da
2019-11-04 16:47:23,481 [grpc-default-executor-16] INFO  impl.RoleInfo (RoleInfo.java:shutdownFollowerState(121)) - 2911c1bb-ca7b-4253-a902-f80f167657b1: shutdown FollowerState
2019-11-04 16:47:23,481 [Thread-25266] INFO  impl.FollowerState (FollowerState.java:run(117)) - 18bcd373-7631-4e7c-b817-d7839f17bf5a@group-29467ABC0BF0-FollowerState was interrupted: java.lang.InterruptedException: sleep interrupted
2019-11-04 16:47:23,482 [Thread-25267] INFO  impl.FollowerState (FollowerState.java:run(117)) - 2911c1bb-ca7b-4253-a902-f80f167657b1@group-29467ABC0BF0-FollowerState was interrupted: java.lang.InterruptedException: sleep interrupted
2019-11-04 16:47:23,481 [grpc-default-executor-16] INFO  impl.RoleInfo (RoleInfo.java:updateAndGet(143)) - 2911c1bb-ca7b-4253-a902-f80f167657b1: start FollowerState
2019-11-04 16:47:23,494 [7fc3dcce-a523-45fc-b6d6-b2bad08ce4da@group-29467ABC0BF0-LeaderElection3547] INFO  impl.LeaderElection (LeaderElection.java:askForVotes(178)) - 7fc3dcce-a523-45fc-b6d6-b2bad08ce4da@group-29467ABC0BF0-LeaderElection3547: begin an election at term 31 for -1: [2911c1bb-ca7b-4253-a902-f80f167657b1:192.168.157.194:45844, 7fc3dcce-a523-45fc-b6d6-b2bad08ce4da:192.168.157.194:35647, 18bcd373-7631-4e7c-b817-d7839f17bf5a:192.168.157.194:38252], old=null
2019-11-04 16:47:23,495 [grpc-default-executor-15] INFO  impl.RaftServerImpl (RaftServerImpl.java:setRole(184)) - 2911c1bb-ca7b-4253-a902-f80f167657b1@group-29467ABC0BF0: changes role from  FOLLOWER to FOLLOWER at term 31 for recognizeCandidate:7fc3dcce-a523-45fc-b6d6-b2bad08ce4da
2019-11-04 16:47:23,495 [grpc-default-executor-15] INFO  impl.RoleInfo (RoleInfo.java:shutdownFollowerState(121)) - 2911c1bb-ca7b-4253-a902-f80f167657b1: shutdown FollowerState
2019-11-04 16:47:23,495 [grpc-default-executor-16] INFO  impl.RaftServerImpl (RaftServerImpl.java:setRole(184)) - 18bcd373-7631-4e7c-b817-d7839f17bf5a@group-29467ABC0BF0: changes role from  FOLLOWER to FOLLOWER at term 31 for recognizeCandidate:7fc3dcce-a523-45fc-b6d6-b2bad08ce4da
2019-11-04 16:47:23,495 [grpc-default-executor-16] INFO  impl.RoleInfo (RoleInfo.java:shutdownFollowerState(121)) - 18bcd373-7631-4e7c-b817-d7839f17bf5a: shutdown FollowerState
2019-11-04 16:47:23,495 [Thread-25273] INFO  impl.FollowerState (FollowerState.java:run(117)) - 2911c1bb-ca7b-4253-a902-f80f167657b1@group-29467ABC0BF0-FollowerState was interrupted: java.lang.InterruptedException: sleep interrupted
2019-11-04 16:47:23,495 [grpc-default-executor-15] INFO  impl.RoleInfo (RoleInfo.java:updateAndGet(143)) - 2911c1bb-ca7b-4253-a902-f80f167657b1: start FollowerState
2019-11-04 16:47:23,495 [grpc-default-executor-16] INFO  impl.RoleInfo (RoleInfo.java:updateAndGet(143)) - 18bcd373-7631-4e7c-b817-d7839f17bf5a: start FollowerState
2019-11-04 16:47:23,495 [Thread-25272] INFO  impl.FollowerState (FollowerState.java:run(117)) - 18bcd373-7631-4e7c-b817-d7839f17bf5a@group-29467ABC0BF0-FollowerState was interrupted: java.lang.InterruptedException: sleep interrupted
2019-11-04 16:47:23,509 [7fc3dcce-a523-45fc-b6d6-b2bad08ce4da@group-29467ABC0BF0-LeaderElection3547] INFO  impl.LeaderElection (LeaderElection.java:logAndReturn(56)) - 7fc3dcce-a523-45fc-b6d6-b2bad08ce4da@group-29467ABC0BF0-LeaderElection3547: Election REJECTED; received 2 response(s) [7fc3dcce-a523-45fc-b6d6-b2bad08ce4da<-2911c1bb-ca7b-4253-a902-f80f167657b1#0:FAIL-t31, 7fc3dcce-a523-45fc-b6d6-b2bad08ce4da<-18bcd373-7631-4e7c-b817-d7839f17bf5a#0:FAIL-t31] and 0 exception(s); 7fc3dcce-a523-45fc-b6d6-b2bad08ce4da@group-29467ABC0BF0:t31, leader=null, voted=7fc3dcce-a523-45fc-b6d6-b2bad08ce4da, raftlog=7fc3dcce-a523-45fc-b6d6-b2bad08ce4da@group-29467ABC0BF0-SegmentedRaftLog:OPENED:c-1,f-1,i0, conf=-1: [2911c1bb-ca7b-4253-a902-f80f167657b1:192.168.157.194:45844, 7fc3dcce-a523-45fc-b6d6-b2bad08ce4da:192.168.157.194:35647, 18bcd373-7631-4e7c-b817-d7839f17bf5a:192.168.157.194:38252], old=null
2019-11-04 16:47:23,509 [7fc3dcce-a523-45fc-b6d6-b2bad08ce4da@group-29467ABC0BF0-LeaderElection3547] INFO  impl.RaftServerImpl (RaftServerImpl.java:setRole(184)) - 7fc3dcce-a523-45fc-b6d6-b2bad08ce4da@group-29467ABC0BF0: changes role from CANDIDATE to FOLLOWER at term 31 for DISCOVERED_A_NEW_TERM
2019-11-04 16:47:23,509 [7fc3dcce-a523-45fc-b6d6-b2bad08ce4da@group-29467ABC0BF0-LeaderElection3547] INFO  impl.RoleInfo (RoleInfo.java:shutdownLeaderElection(134)) - 7fc3dcce-a523-45fc-b6d6-b2bad08ce4da: shutdown LeaderElection
2019-11-04 16:47:23,509 [7fc3dcce-a523-45fc-b6d6-b2bad08ce4da@group-29467ABC0BF0-LeaderElection3547] INFO  impl.RoleInfo (RoleInfo.java:updateAndGet(143)) - 7fc3dcce-a523-45fc-b6d6-b2bad08ce4da: start FollowerState
2019-11-04 16:47:23,667 [Thread-25278] INFO  impl.FollowerState (FollowerState.java:run(108)) - 7fc3dcce-a523-45fc-b6d6-b2bad08ce4da@group-29467ABC0BF0-FollowerState: change to CANDIDATE, lastRpcTime:158ms, electionTimeout:158ms
2019-11-04 16:47:23,668 [Thread-25278] INFO  impl.RoleInfo (RoleInfo.java:shutdownFollowerState(121)) - 7fc3dcce-a523-45fc-b6d6-b2bad08ce4da: shutdown FollowerState
2019-11-04 16:47:23,668 [Thread-25278] INFO  impl.RaftServerImpl (RaftServerImpl.java:setRole(184)) - 7fc3dcce-a523-45fc-b6d6-b2bad08ce4da@group-29467ABC0BF0: changes role from  FOLLOWER to CANDIDATE at term 31 for changeToCandidate
2019-11-04 16:47:23,668 [Thread-25278] INFO  impl.RoleInfo (RoleInfo.java:updateAndGet(143)) - 7fc3dcce-a523-45fc-b6d6-b2bad08ce4da: start LeaderElection
2019-11-04 16:47:23,681 [7fc3dcce-a523-45fc-b6d6-b2bad08ce4da@group-29467ABC0BF0-LeaderElection3548] INFO  impl.LeaderElection (LeaderElection.java:askForVotes(178)) - 7fc3dcce-a523-45fc-b6d6-b2bad08ce4da@group-29467ABC0BF0-LeaderElection3548: begin an election at term 32 for -1: [2911c1bb-ca7b-4253-a902-f80f167657b1:192.168.157.194:45844, 7fc3dcce-a523-45fc-b6d6-b2bad08ce4da:192.168.157.194:35647, 18bcd373-7631-4e7c-b817-d7839f17bf5a:192.168.157.194:38252], old=null
2019-11-04 16:47:23,682 [grpc-default-executor-15] INFO  impl.RaftServerImpl (RaftServerImpl.java:setRole(184)) - 2911c1bb-ca7b-4253-a902-f80f167657b1@group-29467ABC0BF0: changes role from  FOLLOWER to FOLLOWER at term 32 for recognizeCandidate:7fc3dcce-a523-45fc-b6d6-b2bad08ce4da
2019-11-04 16:47:23,682 [grpc-default-executor-15] INFO  impl.RoleInfo (RoleInfo.java:shutdownFollowerState(121)) - 2911c1bb-ca7b-4253-a902-f80f167657b1: shutdown FollowerState
2019-11-04 16:47:23,682 [grpc-default-executor-15] INFO  impl.RoleInfo (RoleInfo.java:updateAndGet(143)) - 2911c1bb-ca7b-4253-a902-f80f167657b1: start FollowerState
2019-11-04 16:47:23,682 [Thread-25276] INFO  impl.FollowerState (FollowerState.java:run(117)) - 2911c1bb-ca7b-4253-a902-f80f167657b1@group-29467ABC0BF0-FollowerState was interrupted: java.lang.InterruptedException: sleep interrupted
2019-11-04 16:47:23,682 [grpc-default-executor-16] INFO  impl.RaftServerImpl (RaftServerImpl.java:setRole(184)) - 18bcd373-7631-4e7c-b817-d7839f17bf5a@group-29467ABC0BF0: changes role from  FOLLOWER to FOLLOWER at term 32 for recognizeCandidate:7fc3dcce-a523-45fc-b6d6-b2bad08ce4da
2019-11-04 16:47:23,683 [grpc-default-executor-16] INFO  impl.RoleInfo (RoleInfo.java:shutdownFollowerState(121)) - 18bcd373-7631-4e7c-b817-d7839f17bf5a: shutdown FollowerState
2019-11-04 16:47:23,683 [grpc-default-executor-16] INFO  impl.RoleInfo (RoleInfo.java:updateAndGet(143)) - 18bcd373-7631-4e7c-b817-d7839f17bf5a: start FollowerState
2019-11-04 16:47:23,683 [Thread-25277] INFO  impl.FollowerState (FollowerState.java:run(117)) - 18bcd373-7631-4e7c-b817-d7839f17bf5a@group-29467ABC0BF0-FollowerState was interrupted: java.lang.InterruptedException: sleep interrupted
2019-11-04 16:47:23,696 [7fc3dcce-a523-45fc-b6d6-b2bad08ce4da@group-29467ABC0BF0-LeaderElection3548] INFO  impl.LeaderElection (LeaderElection.java:logAndReturn(56)) - 7fc3dcce-a523-45fc-b6d6-b2bad08ce4da@group-29467ABC0BF0-LeaderElection3548: Election REJECTED; received 2 response(s) [7fc3dcce-a523-45fc-b6d6-b2bad08ce4da<-2911c1bb-ca7b-4253-a902-f80f167657b1#0:FAIL-t32, 7fc3dcce-a523-45fc-b6d6-b2bad08ce4da<-18bcd373-7631-4e7c-b817-d7839f17bf5a#0:FAIL-t32] and 0 exception(s); 7fc3dcce-a523-45fc-b6d6-b2bad08ce4da@group-29467ABC0BF0:t32, leader=null, voted=7fc3dcce-a523-45fc-b6d6-b2bad08ce4da, raftlog=7fc3dcce-a523-45fc-b6d6-b2bad08ce4da@group-29467ABC0BF0-SegmentedRaftLog:OPENED:c-1,f-1,i0, conf=-1: [2911c1bb-ca7b-4253-a902-f80f167657b1:192.168.157.194:45844, 7fc3dcce-a523-45fc-b6d6-b2bad08ce4da:192.168.157.194:35647, 18bcd373-7631-4e7c-b817-d7839f17bf5a:192.168.157.194:38252], old=null
2019-11-04 16:47:23,696 [7fc3dcce-a523-45fc-b6d6-b2bad08ce4da@group-29467ABC0BF0-LeaderElection3548] INFO  impl.RaftServerImpl (RaftServerImpl.java:setRole(184)) - 7fc3dcce-a523-45fc-b6d6-b2bad08ce4da@group-29467ABC0BF0: changes role from CANDIDATE to FOLLOWER at term 32 for DISCOVERED_A_NEW_TERM
2019-11-04 16:47:23,696 [7fc3dcce-a523-45fc-b6d6-b2bad08ce4da@group-29467ABC0BF0-LeaderElection3548] INFO  impl.RoleInfo (RoleInfo.java:shutdownLeaderElection(134)) - 7fc3dcce-a523-45fc-b6d6-b2bad08ce4da: shutdown LeaderElection
2019-11-04 16:47:23,696 [7fc3dcce-a523-45fc-b6d6-b2bad08ce4da@group-29467ABC0BF0-LeaderElection3548] INFO  impl.RoleInfo (RoleInfo.java:updateAndGet(143)) - 7fc3dcce-a523-45fc-b6d6-b2bad08ce4da: start FollowerState
2019-11-04 16:47:23,846 [Thread-25286] INFO  impl.FollowerState (FollowerState.java:run(108)) - 7fc3dcce-a523-45fc-b6d6-b2bad08ce4da@group-29467ABC0BF0-FollowerState: change to CANDIDATE, lastRpcTime:150ms, electionTimeout:150ms
2019-11-04 16:47:23,846 [Thread-25286] INFO  impl.RoleInfo (RoleInfo.java:shutdownFollowerState(121)) - 7fc3dcce-a523-45fc-b6d6-b2bad08ce4da: shutdown FollowerState
2019-11-04 16:47:23,847 [Thread-25286] INFO  impl.RaftServerImpl (RaftServerImpl.java:setRole(184)) - 7fc3dcce-a523-45fc-b6d6-b2bad08ce4da@group-29467ABC0BF0: changes role from  FOLLOWER to CANDIDATE at term 32 for changeToCandidate
2019-11-04 16:47:23,847 [Thread-25286] INFO  impl.RoleInfo (RoleInfo.java:updateAndGet(143)) - 7fc3dcce-a523-45fc-b6d6-b2bad08ce4da: start LeaderElection
2019-11-04 16:47:23,861 [7fc3dcce-a523-45fc-b6d6-b2bad08ce4da@group-29467ABC0BF0-LeaderElection3549] INFO  impl.LeaderElection (LeaderElection.java:askForVotes(178)) - 7fc3dcce-a523-45fc-b6d6-b2bad08ce4da@group-29467ABC0BF0-LeaderElection3549: begin an election at term 33 for -1: [2911c1bb-ca7b-4253-a902-f80f167657b1:192.168.157.194:45844, 7fc3dcce-a523-45fc-b6d6-b2bad08ce4da:192.168.157.194:35647, 18bcd373-7631-4e7c-b817-d7839f17bf5a:192.168.157.194:38252], old=null
2019-11-04 16:47:23,862 [grpc-default-executor-12] INFO  impl.RaftServerImpl (RaftServerImpl.java:setRole(184)) - 2911c1bb-ca7b-4253-a902-f80f167657b1@group-29467ABC0BF0: changes role from  FOLLOWER to FOLLOWER at term 33 for recognizeCandidate:7fc3dcce-a523-45fc-b6d6-b2bad08ce4da
2019-11-04 16:47:23,862 [grpc-default-executor-12] INFO  impl.RoleInfo (RoleInfo.java:shutdownFollowerState(121)) - 2911c1bb-ca7b-4253-a902-f80f167657b1: shutdown FollowerState
2019-11-04 16:47:23,862 [grpc-default-executor-12] INFO  impl.RoleInfo (RoleInfo.java:updateAndGet(143)) - 2911c1bb-ca7b-4253-a902-f80f167657b1: start FollowerState
2019-11-04 16:47:23,862 [Thread-25284] INFO  impl.FollowerState (FollowerState.java:run(117)) - 2911c1bb-ca7b-4253-a902-f80f167657b1@group-29467ABC0BF0-FollowerState was interrupted: java.lang.InterruptedException: sleep interrupted
2019-11-04 16:47:23,862 [grpc-default-executor-15] INFO  impl.RaftServerImpl (RaftServerImpl.java:setRole(184)) - 18bcd373-7631-4e7c-b817-d7839f17bf5a@group-29467ABC0BF0: changes role from  FOLLOWER to FOLLOWER at term 33 for recognizeCandidate:7fc3dcce-a523-45fc-b6d6-b2bad08ce4da
2019-11-04 16:47:23,862 [grpc-default-executor-15] INFO  impl.RoleInfo (RoleInfo.java:shutdownFollowerState(121)) - 18bcd373-7631-4e7c-b817-d7839f17bf5a: shutdown FollowerState
2019-11-04 16:47:23,862 [grpc-default-executor-15] INFO  impl.RoleInfo (RoleInfo.java:updateAndGet(143)) - 18bcd373-7631-4e7c-b817-d7839f17bf5a: start FollowerState
2019-11-04 16:47:23,862 [Thread-25285] INFO  impl.FollowerState (FollowerState.java:run(117)) - 18bcd373-7631-4e7c-b817-d7839f17bf5a@group-29467ABC0BF0-FollowerState was interrupted: java.lang.InterruptedException: sleep interrupted
2019-11-04 16:47:23,876 [7fc3dcce-a523-45fc-b6d6-b2bad08ce4da@group-29467ABC0BF0-LeaderElection3549] INFO  impl.LeaderElection (LeaderElection.java:logAndReturn(56)) - 7fc3dcce-a523-45fc-b6d6-b2bad08ce4da@group-29467ABC0BF0-LeaderElection3549: Election REJECTED; received 2 response(s) [7fc3dcce-a523-45fc-b6d6-b2bad08ce4da<-2911c1bb-ca7b-4253-a902-f80f167657b1#0:FAIL-t33, 7fc3dcce-a523-45fc-b6d6-b2bad08ce4da<-18bcd373-7631-4e7c-b817-d7839f17bf5a#0:FAIL-t33] and 0 exception(s); 7fc3dcce-a523-45fc-b6d6-b2bad08ce4da@group-29467ABC0BF0:t33, leader=null, voted=7fc3dcce-a523-45fc-b6d6-b2bad08ce4da, raftlog=7fc3dcce-a523-45fc-b6d6-b2bad08ce4da@group-29467ABC0BF0-SegmentedRaftLog:OPENED:c-1,f-1,i0, conf=-1: [2911c1bb-ca7b-4253-a902-f80f167657b1:192.168.157.194:45844, 7fc3dcce-a523-45fc-b6d6-b2bad08ce4da:192.168.157.194:35647, 18bcd373-7631-4e7c-b817-d7839f17bf5a:192.168.157.194:38252], old=null
2019-11-04 16:47:23,876 [7fc3dcce-a523-45fc-b6d6-b2bad08ce4da@group-29467ABC0BF0-LeaderElection3549] INFO  impl.RaftServerImpl (RaftServerImpl.java:setRole(184)) - 7fc3dcce-a523-45fc-b6d6-b2bad08ce4da@group-29467ABC0BF0: changes role from CANDIDATE to FOLLOWER at term 33 for DISCOVERED_A_NEW_TERM
2019-11-04 16:47:23,876 [7fc3dcce-a523-45fc-b6d6-b2bad08ce4da@group-29467ABC0BF0-LeaderElection3549] INFO  impl.RoleInfo (RoleInfo.java:shutdownLeaderElection(134)) - 7fc3dcce-a523-45fc-b6d6-b2bad08ce4da: shutdown LeaderElection
2019-11-04 16:47:23,876 [7fc3dcce-a523-45fc-b6d6-b2bad08ce4da@group-29467ABC0BF0-LeaderElection3549] INFO  impl.RoleInfo (RoleInfo.java:updateAndGet(143)) - 7fc3dcce-a523-45fc-b6d6-b2bad08ce4da: start FollowerState
2019-11-04 16:47:23,966 [Thread-25296] INFO  impl.FollowerState (FollowerState.java:run(108)) - 7fc3dcce-a523-45fc-b6d6-b2bad08ce4da@group-29467ABC0BF0-FollowerState: change to CANDIDATE, lastRpcTime:90ms, electionTimeout:90ms
2019-11-04 16:47:23,966 [Thread-25296] INFO  impl.RoleInfo (RoleInfo.java:shutdownFollowerState(121)) - 7fc3dcce-a523-45fc-b6d6-b2bad08ce4da: shutdown FollowerState
2019-11-04 16:47:23,967 [Thread-25296] INFO  impl.RaftServerImpl (RaftServerImpl.java:setRole(184)) - 7fc3dcce-a523-45fc-b6d6-b2bad08ce4da@group-29467ABC0BF0: changes role from  FOLLOWER to CANDIDATE at term 33 for changeToCandidate
2019-11-04 16:47:23,967 [Thread-25296] INFO  impl.RoleInfo (RoleInfo.java:updateAndGet(143)) - 7fc3dcce-a523-45fc-b6d6-b2bad08ce4da: start LeaderElection
2019-11-04 16:47:23,981 [7fc3dcce-a523-45fc-b6d6-b2bad08ce4da@group-29467ABC0BF0-LeaderElection3550] INFO  impl.LeaderElection (LeaderElection.java:askForVotes(178)) - 7fc3dcce-a523-45fc-b6d6-b2bad08ce4da@group-29467ABC0BF0-LeaderElection3550: begin an election at term 34 for -1: [2911c1bb-ca7b-4253-a902-f80f167657b1:192.168.157.194:45844, 7fc3dcce-a523-45fc-b6d6-b2bad08ce4da:192.168.157.194:35647, 18bcd373-7631-4e7c-b817-d7839f17bf5a:192.168.157.194:38252], old=null
2019-11-04 16:47:23,981 [grpc-default-executor-15] INFO  impl.RaftServerImpl (RaftServerImpl.java:setRole(184)) - 2911c1bb-ca7b-4253-a902-f80f167657b1@group-29467ABC0BF0: changes role from  FOLLOWER to FOLLOWER at term 34 for recognizeCandidate:7fc3dcce-a523-45fc-b6d6-b2bad08ce4da
2019-11-04 16:47:23,981 [grpc-default-executor-15] INFO  impl.RoleInfo (RoleInfo.java:shutdownFollowerState(121)) - 2911c1bb-ca7b-4253-a902-f80f167657b1: shutdown FollowerState
2019-11-04 16:47:23,982 [grpc-default-executor-15] INFO  impl.RoleInfo (RoleInfo.java:updateAndGet(143)) - 2911c1bb-ca7b-4253-a902-f80f167657b1: start FollowerState
2019-11-04 16:47:23,982 [Thread-25294] INFO  impl.FollowerState (FollowerState.java:run(117)) - 2911c1bb-ca7b-4253-a902-f80f167657b1@group-29467ABC0BF0-FollowerState was interrupted: java.lang.InterruptedException: sleep interrupted
2019-11-04 16:47:23,982 [grpc-default-executor-12] INFO  impl.RaftServerImpl (RaftServerImpl.java:setRole(184)) - 18bcd373-7631-4e7c-b817-d7839f17bf5a@group-29467ABC0BF0: changes role from  FOLLOWER to FOLLOWER at term 34 for recognizeCandidate:7fc3dcce-a523-45fc-b6d6-b2bad08ce4da
2019-11-04 16:47:23,982 [grpc-default-executor-12] INFO  impl.RoleInfo (RoleInfo.java:shutdownFollowerState(121)) - 18bcd373-7631-4e7c-b817-d7839f17bf5a: shutdown FollowerState
2019-11-04 16:47:23,982 [grpc-default-executor-12] INFO  impl.RoleInfo (RoleInfo.java:updateAndGet(143)) - 18bcd373-7631-4e7c-b817-d7839f17bf5a: start FollowerState
2019-11-04 16:47:23,982 [Thread-25295] INFO  impl.FollowerState (FollowerState.java:run(117)) - 18bcd373-7631-4e7c-b817-d7839f17bf5a@group-29467ABC0BF0-FollowerState was interrupted: java.lang.InterruptedException: sleep interrupted
2019-11-04 16:47:23,995 [7fc3dcce-a523-45fc-b6d6-b2bad08ce4da@group-29467ABC0BF0-LeaderElection3550] INFO  impl.LeaderElection (LeaderElection.java:logAndReturn(56)) - 7fc3dcce-a523-45fc-b6d6-b2bad08ce4da@group-29467ABC0BF0-LeaderElection3550: Election REJECTED; received 2 response(s) [7fc3dcce-a523-45fc-b6d6-b2bad08ce4da<-2911c1bb-ca7b-4253-a902-f80f167657b1#0:FAIL-t34, 7fc3dcce-a523-45fc-b6d6-b2bad08ce4da<-18bcd373-7631-4e7c-b817-d7839f17bf5a#0:FAIL-t34] and 0 exception(s); 7fc3dcce-a523-45fc-b6d6-b2bad08ce4da@group-29467ABC0BF0:t34, leader=null, voted=7fc3dcce-a523-45fc-b6d6-b2bad08ce4da, raftlog=7fc3dcce-a523-45fc-b6d6-b2bad08ce4da@group-29467ABC0BF0-SegmentedRaftLog:OPENED:c-1,f-1,i0, conf=-1: [2911c1bb-ca7b-4253-a902-f80f167657b1:192.168.157.194:45844, 7fc3dcce-a523-45fc-b6d6-b2bad08ce4da:192.168.157.194:35647, 18bcd373-7631-4e7c-b817-d7839f17bf5a:192.168.157.194:38252], old=null
2019-11-04 16:47:23,995 [7fc3dcce-a523-45fc-b6d6-b2bad08ce4da@group-29467ABC0BF0-LeaderElection3550] INFO  impl.RaftServerImpl (RaftServerImpl.java:setRole(184)) - 7fc3dcce-a523-45fc-b6d6-b2bad08ce4da@group-29467ABC0BF0: changes role from CANDIDATE to FOLLOWER at term 34 for DISCOVERED_A_NEW_TERM
2019-11-04 16:47:23,995 [7fc3dcce-a523-45fc-b6d6-b2bad08ce4da@group-29467ABC0BF0-LeaderElection3550] INFO  impl.RoleInfo (RoleInfo.java:shutdownLeaderElection(134)) - 7fc3dcce-a523-45fc-b6d6-b2bad08ce4da: shutdown LeaderElection
2019-11-04 16:47:23,995 [7fc3dcce-a523-45fc-b6d6-b2bad08ce4da@group-29467ABC0BF0-LeaderElection3550] INFO  impl.RoleInfo (RoleInfo.java:updateAndGet(143)) - 7fc3dcce-a523-45fc-b6d6-b2bad08ce4da: start FollowerState
2019-11-04 16:47:24,092 [Thread-25302] INFO  impl.FollowerState (FollowerState.java:run(108)) - 7fc3dcce-a523-45fc-b6d6-b2bad08ce4da@group-29467ABC0BF0-FollowerState: change to CANDIDATE, lastRpcTime:97ms, electionTimeout:97ms
2019-11-04 16:47:24,093 [Thread-25302] INFO  impl.RoleInfo (RoleInfo.java:shutdownFollowerState(121)) - 7fc3dcce-a523-45fc-b6d6-b2bad08ce4da: shutdown FollowerState
2019-11-04 16:47:24,093 [Thread-25302] INFO  impl.RaftServerImpl (RaftServerImpl.java:setRole(184)) - 7fc3dcce-a523-45fc-b6d6-b2bad08ce4da@group-29467ABC0BF0: changes role from  FOLLOWER to CANDIDATE at term 34 for changeToCandidate
2019-11-04 16:47:24,093 [Thread-25302] INFO  impl.RoleInfo (RoleInfo.java:updateAndGet(143)) - 7fc3dcce-a523-45fc-b6d6-b2bad08ce4da: start LeaderElection
2019-11-04 16:47:24,106 [7fc3dcce-a523-45fc-b6d6-b2bad08ce4da@group-29467ABC0BF0-LeaderElection3551] INFO  impl.LeaderElection (LeaderElection.java:askForVotes(178)) - 7fc3dcce-a523-45fc-b6d6-b2bad08ce4da@group-29467ABC0BF0-LeaderElection3551: begin an election at term 35 for -1: [2911c1bb-ca7b-4253-a902-f80f167657b1:192.168.157.194:45844, 7fc3dcce-a523-45fc-b6d6-b2bad08ce4da:192.168.157.194:35647, 18bcd373-7631-4e7c-b817-d7839f17bf5a:192.168.157.194:38252], old=null
2019-11-04 16:47:24,107 [grpc-default-executor-12] INFO  impl.RaftServerImpl (RaftServerImpl.java:setRole(184)) - 2911c1bb-ca7b-4253-a902-f80f167657b1@group-29467ABC0BF0: changes role from  FOLLOWER to FOLLOWER at term 35 for recognizeCandidate:7fc3dcce-a523-45fc-b6d6-b2bad08ce4da
2019-11-04 16:47:24,107 [grpc-default-executor-12] INFO  impl.RoleInfo (RoleInfo.java:shutdownFollowerState(121)) - 2911c1bb-ca7b-4253-a902-f80f167657b1: shutdown FollowerState
2019-11-04 16:47:24,107 [grpc-default-executor-12] INFO  impl.RoleInfo (RoleInfo.java:updateAndGet(143)) - 2911c1bb-ca7b-4253-a902-f80f167657b1: start FollowerState
2019-11-04 16:47:24,107 [Thread-25300] INFO  impl.FollowerState (FollowerState.java:run(117)) - 2911c1bb-ca7b-4253-a902-f80f167657b1@group-29467ABC0BF0-FollowerState was interrupted: java.lang.InterruptedException: sleep interrupted
2019-11-04 16:47:24,107 [grpc-default-executor-15] INFO  impl.RaftServerImpl (RaftServerImpl.java:setRole(184)) - 18bcd373-7631-4e7c-b817-d7839f17bf5a@group-29467ABC0BF0: changes role from  FOLLOWER to FOLLOWER at term 35 for recognizeCandidate:7fc3dcce-a523-45fc-b6d6-b2bad08ce4da
2019-11-04 16:47:24,107 [grpc-default-executor-15] INFO  impl.RoleInfo (RoleInfo.java:shutdownFollowerState(121)) - 18bcd373-7631-4e7c-b817-d7839f17bf5a: shutdown FollowerState
2019-11-04 16:47:24,107 [grpc-default-executor-15] INFO  impl.RoleInfo (RoleInfo.java:updateAndGet(143)) - 18bcd373-7631-4e7c-b817-d7839f17bf5a: start FollowerState
2019-11-04 16:47:24,107 [Thread-25301] INFO  impl.FollowerState (FollowerState.java:run(117)) - 18bcd373-7631-4e7c-b817-d7839f17bf5a@group-29467ABC0BF0-FollowerState was interrupted: java.lang.InterruptedException: sleep interrupted
2019-11-04 16:47:24,121 [7fc3dcce-a523-45fc-b6d6-b2bad08ce4da@group-29467ABC0BF0-LeaderElection3551] INFO  impl.LeaderElection (LeaderElection.java:logAndReturn(56)) - 7fc3dcce-a523-45fc-b6d6-b2bad08ce4da@group-29467ABC0BF0-LeaderElection3551: Election REJECTED; received 2 response(s) [7fc3dcce-a523-45fc-b6d6-b2bad08ce4da<-2911c1bb-ca7b-4253-a902-f80f167657b1#0:FAIL-t35, 7fc3dcce-a523-45fc-b6d6-b2bad08ce4da<-18bcd373-7631-4e7c-b817-d7839f17bf5a#0:FAIL-t35] and 0 exception(s); 7fc3dcce-a523-45fc-b6d6-b2bad08ce4da@group-29467ABC0BF0:t35, leader=null, voted=7fc3dcce-a523-45fc-b6d6-b2bad08ce4da, raftlog=7fc3dcce-a523-45fc-b6d6-b2bad08ce4da@group-29467ABC0BF0-SegmentedRaftLog:OPENED:c-1,f-1,i0, conf=-1: [2911c1bb-ca7b-4253-a902-f80f167657b1:192.168.157.194:45844, 7fc3dcce-a523-45fc-b6d6-b2bad08ce4da:192.168.157.194:35647, 18bcd373-7631-4e7c-b817-d7839f17bf5a:192.168.157.194:38252], old=null
2019-11-04 16:47:24,121 [7fc3dcce-a523-45fc-b6d6-b2bad08ce4da@group-29467ABC0BF0-LeaderElection3551] INFO  impl.RaftServerImpl (RaftServerImpl.java:setRole(184)) - 7fc3dcce-a523-45fc-b6d6-b2bad08ce4da@group-29467ABC0BF0: changes role from CANDIDATE to FOLLOWER at term 35 for DISCOVERED_A_NEW_TERM
2019-11-04 16:47:24,121 [7fc3dcce-a523-45fc-b6d6-b2bad08ce4da@group-29467ABC0BF0-LeaderElection3551] INFO  impl.RoleInfo (RoleInfo.java:shutdownLeaderElection(134)) - 7fc3dcce-a523-45fc-b6d6-b2bad08ce4da: shutdown LeaderElection
2019-11-04 16:47:24,121 [7fc3dcce-a523-45fc-b6d6-b2bad08ce4da@group-29467ABC0BF0-LeaderElection3551] INFO  impl.RoleInfo (RoleInfo.java:updateAndGet(143)) - 7fc3dcce-a523-45fc-b6d6-b2bad08ce4da: start FollowerState
2019-11-04 16:47:24,220 [Thread-25308] INFO  impl.FollowerState (FollowerState.java:run(108)) - 7fc3dcce-a523-45fc-b6d6-b2bad08ce4da@group-29467ABC0BF0-FollowerState: change to CANDIDATE, lastRpcTime:99ms, electionTimeout:99ms
2019-11-04 16:47:24,221 [Thread-25308] INFO  impl.RoleInfo (RoleInfo.java:shutdownFollowerState(121)) - 7fc3dcce-a523-45fc-b6d6-b2bad08ce4da: shutdown FollowerState
2019-11-04 16:47:24,221 [Thread-25308] INFO  impl.RaftServerImpl (RaftServerImpl.java:setRole(184)) - 7fc3dcce-a523-45fc-b6d6-b2bad08ce4da@group-29467ABC0BF0: changes role from  FOLLOWER to CANDIDATE at term 35 for changeToCandidate
2019-11-04 16:47:24,221 [Thread-25308] INFO  impl.RoleInfo (RoleInfo.java:updateAndGet(143)) - 7fc3dcce-a523-45fc-b6d6-b2bad08ce4da: start LeaderElection
2019-11-04 16:47:24,235 [7fc3dcce-a523-45fc-b6d6-b2bad08ce4da@group-29467ABC0BF0-LeaderElection3552] INFO  impl.LeaderElection (LeaderElection.java:askForVotes(178)) - 7fc3dcce-a523-45fc-b6d6-b2bad08ce4da@group-29467ABC0BF0-LeaderElection3552: begin an election at term 36 for -1: [2911c1bb-ca7b-4253-a902-f80f167657b1:192.168.157.194:45844, 7fc3dcce-a523-45fc-b6d6-b2bad08ce4da:192.168.157.194:35647, 18bcd373-7631-4e7c-b817-d7839f17bf5a:192.168.157.194:38252], old=null
2019-11-04 16:47:24,236 [grpc-default-executor-15] INFO  impl.RaftServerImpl (RaftServerImpl.java:setRole(184)) - 2911c1bb-ca7b-4253-a902-f80f167657b1@group-29467ABC0BF0: changes role from  FOLLOWER to FOLLOWER at term 36 for recognizeCandidate:7fc3dcce-a523-45fc-b6d6-b2bad08ce4da
2019-11-04 16:47:24,236 [grpc-default-executor-15] INFO  impl.RoleInfo (RoleInfo.java:shutdownFollowerState(121)) - 2911c1bb-ca7b-4253-a902-f80f167657b1: shutdown FollowerState
2019-11-04 16:47:24,236 [grpc-default-executor-12] INFO  impl.RaftServerImpl (RaftServerImpl.java:setRole(184)) - 18bcd373-7631-4e7c-b817-d7839f17bf5a@group-29467ABC0BF0: changes role from  FOLLOWER to FOLLOWER at term 36 for recognizeCandidate:7fc3dcce-a523-45fc-b6d6-b2bad08ce4da
2019-11-04 16:47:24,236 [grpc-default-executor-12] INFO  impl.RoleInfo (RoleInfo.java:shutdownFollowerState(121)) - 18bcd373-7631-4e7c-b817-d7839f17bf5a: shutdown FollowerState
2019-11-04 16:47:24,236 [Thread-25306] INFO  impl.FollowerState (FollowerState.java:run(117)) - 2911c1bb-ca7b-4253-a902-f80f167657b1@group-29467ABC0BF0-FollowerState was interrupted: java.lang.InterruptedException: sleep interrupted
2019-11-04 16:47:24,236 [grpc-default-executor-15] INFO  impl.RoleInfo (RoleInfo.java:updateAndGet(143)) - 2911c1bb-ca7b-4253-a902-f80f167657b1: start FollowerState
2019-11-04 16:47:24,236 [Thread-25307] INFO  impl.FollowerState (FollowerState.java:run(117)) - 18bcd373-7631-4e7c-b817-d7839f17bf5a@group-29467ABC0BF0-FollowerState was interrupted: java.lang.InterruptedException: sleep interrupted
2019-11-04 16:47:24,236 [grpc-default-executor-12] INFO  impl.RoleInfo (RoleInfo.java:updateAndGet(143)) - 18bcd373-7631-4e7c-b817-d7839f17bf5a: start FollowerState
2019-11-04 16:47:24,250 [7fc3dcce-a523-45fc-b6d6-b2bad08ce4da@group-29467ABC0BF0-LeaderElection3552] INFO  impl.LeaderElection (LeaderElection.java:logAndReturn(56)) - 7fc3dcce-a523-45fc-b6d6-b2bad08ce4da@group-29467ABC0BF0-LeaderElection3552: Election REJECTED; received 2 response(s) [7fc3dcce-a523-45fc-b6d6-b2bad08ce4da<-2911c1bb-ca7b-4253-a902-f80f167657b1#0:FAIL-t36, 7fc3dcce-a523-45fc-b6d6-b2bad08ce4da<-18bcd373-7631-4e7c-b817-d7839f17bf5a#0:FAIL-t36] and 0 exception(s); 7fc3dcce-a523-45fc-b6d6-b2bad08ce4da@group-29467ABC0BF0:t36, leader=null, voted=7fc3dcce-a523-45fc-b6d6-b2bad08ce4da, raftlog=7fc3dcce-a523-45fc-b6d6-b2bad08ce4da@group-29467ABC0BF0-SegmentedRaftLog:OPENED:c-1,f-1,i0, conf=-1: [2911c1bb-ca7b-4253-a902-f80f167657b1:192.168.157.194:45844, 7fc3dcce-a523-45fc-b6d6-b2bad08ce4da:192.168.157.194:35647, 18bcd373-7631-4e7c-b817-d7839f17bf5a:192.168.157.194:38252], old=null
2019-11-04 16:47:24,250 [7fc3dcce-a523-45fc-b6d6-b2bad08ce4da@group-29467ABC0BF0-LeaderElection3552] INFO  impl.RaftServerImpl (RaftServerImpl.java:setRole(184)) - 7fc3dcce-a523-45fc-b6d6-b2bad08ce4da@group-29467ABC0BF0: changes role from CANDIDATE to FOLLOWER at term 36 for DISCOVERED_A_NEW_TERM
2019-11-04 16:47:24,250 [7fc3dcce-a523-45fc-b6d6-b2bad08ce4da@group-29467ABC0BF0-LeaderElection3552] INFO  impl.RoleInfo (RoleInfo.java:shutdownLeaderElection(134)) - 7fc3dcce-a523-45fc-b6d6-b2bad08ce4da: shutdown LeaderElection
2019-11-04 16:47:24,250 [7fc3dcce-a523-45fc-b6d6-b2bad08ce4da@group-29467ABC0BF0-LeaderElection3552] INFO  impl.RoleInfo (RoleInfo.java:updateAndGet(143)) - 7fc3dcce-a523-45fc-b6d6-b2bad08ce4da: start FollowerState
2019-11-04 16:47:24,278 [Thread-25316] INFO  impl.FollowerState (FollowerState.java:run(108)) - 7fc3dcce-a523-45fc-b6d6-b2bad08ce4da@group-29467ABC0BF0-FollowerState: change to CANDIDATE, lastRpcTime:28ms, electionTimeout:28ms
2019-11-04 16:47:24,278 [Thread-25316] INFO  impl.RoleInfo (RoleInfo.java:shutdownFollowerState(121)) - 7fc3dcce-a523-45fc-b6d6-b2bad08ce4da: shutdown FollowerState
2019-11-04 16:47:24,279 [Thread-25316] INFO  impl.RaftServerImpl (RaftServerImpl.java:setRole(184)) - 7fc3dcce-a523-45fc-b6d6-b2bad08ce4da@group-29467ABC0BF0: changes role from  FOLLOWER to CANDIDATE at term 36 for changeToCandidate
2019-11-04 16:47:24,279 [Thread-25316] INFO  impl.RoleInfo (RoleInfo.java:updateAndGet(143)) - 7fc3dcce-a523-45fc-b6d6-b2bad08ce4da: start LeaderElection
2019-11-04 16:47:24,292 [7fc3dcce-a523-45fc-b6d6-b2bad08ce4da@group-29467ABC0BF0-LeaderElection3553] INFO  impl.LeaderElection (LeaderElection.java:askForVotes(178)) - 7fc3dcce-a523-45fc-b6d6-b2bad08ce4da@group-29467ABC0BF0-LeaderElection3553: begin an election at term 37 for -1: [2911c1bb-ca7b-4253-a902-f80f167657b1:192.168.157.194:45844, 7fc3dcce-a523-45fc-b6d6-b2bad08ce4da:192.168.157.194:35647, 18bcd373-7631-4e7c-b817-d7839f17bf5a:192.168.157.194:38252], old=null
2019-11-04 16:47:24,293 [grpc-default-executor-15] INFO  impl.RaftServerImpl (RaftServerImpl.java:setRole(184)) - 2911c1bb-ca7b-4253-a902-f80f167657b1@group-29467ABC0BF0: changes role from  FOLLOWER to FOLLOWER at term 37 for recognizeCandidate:7fc3dcce-a523-45fc-b6d6-b2bad08ce4da
2019-11-04 16:47:24,293 [grpc-default-executor-15] INFO  impl.RoleInfo (RoleInfo.java:shutdownFollowerState(121)) - 2911c1bb-ca7b-4253-a902-f80f167657b1: shutdown FollowerState
2019-11-04 16:47:24,293 [grpc-default-executor-15] INFO  impl.RoleInfo (RoleInfo.java:updateAndGet(143)) - 2911c1bb-ca7b-4253-a902-f80f167657b1: start FollowerState
2019-11-04 16:47:24,293 [Thread-25314] INFO  impl.FollowerState (FollowerState.java:run(117)) - 2911c1bb-ca7b-4253-a902-f80f167657b1@group-29467ABC0BF0-FollowerState was interrupted: java.lang.InterruptedException: sleep interrupted
2019-11-04 16:47:24,293 [grpc-default-executor-12] INFO  impl.RaftServerImpl (RaftServerImpl.java:setRole(184)) - 18bcd373-7631-4e7c-b817-d7839f17bf5a@group-29467ABC0BF0: changes role from  FOLLOWER to FOLLOWER at term 37 for recognizeCandidate:7fc3dcce-a523-45fc-b6d6-b2bad08ce4da
2019-11-04 16:47:24,294 [grpc-default-executor-12] INFO  impl.RoleInfo (RoleInfo.java:shutdownFollowerState(121)) - 18bcd373-7631-4e7c-b817-d7839f17bf5a: shutdown FollowerState
2019-11-04 16:47:24,294 [grpc-default-executor-12] INFO  impl.RoleInfo (RoleInfo.java:updateAndGet(143)) - 18bcd373-7631-4e7c-b817-d7839f17bf5a: start FollowerState
2019-11-04 16:47:24,294 [Thread-25315] INFO  impl.FollowerState (FollowerState.java:run(117)) - 18bcd373-7631-4e7c-b817-d7839f17bf5a@group-29467ABC0BF0-FollowerState was interrupted: java.lang.InterruptedException: sleep interrupted
2019-11-04 16:47:24,307 [7fc3dcce-a523-45fc-b6d6-b2bad08ce4da@group-29467ABC0BF0-LeaderElection3553] INFO  impl.LeaderElection (LeaderElection.java:logAndReturn(56)) - 7fc3dcce-a523-45fc-b6d6-b2bad08ce4da@group-29467ABC0BF0-LeaderElection3553: Election REJECTED; received 2 response(s) [7fc3dcce-a523-45fc-b6d6-b2bad08ce4da<-2911c1bb-ca7b-4253-a902-f80f167657b1#0:FAIL-t37, 7fc3dcce-a523-45fc-b6d6-b2bad08ce4da<-18bcd373-7631-4e7c-b817-d7839f17bf5a#0:FAIL-t37] and 0 exception(s); 7fc3dcce-a523-45fc-b6d6-b2bad08ce4da@group-29467ABC0BF0:t37, leader=null, voted=7fc3dcce-a523-45fc-b6d6-b2bad08ce4da, raftlog=7fc3dcce-a523-45fc-b6d6-b2bad08ce4da@group-29467ABC0BF0-SegmentedRaftLog:OPENED:c-1,f-1,i0, conf=-1: [2911c1bb-ca7b-4253-a902-f80f167657b1:192.168.157.194:45844, 7fc3dcce-a523-45fc-b6d6-b2bad08ce4da:192.168.157.194:35647, 18bcd373-7631-4e7c-b817-d7839f17bf5a:192.168.157.194:38252], old=null
2019-11-04 16:47:24,307 [7fc3dcce-a523-45fc-b6d6-b2bad08ce4da@group-29467ABC0BF0-LeaderElection3553] INFO  impl.RaftServerImpl (RaftServerImpl.java:setRole(184)) - 7fc3dcce-a523-45fc-b6d6-b2bad08ce4da@group-29467ABC0BF0: changes role from CANDIDATE to FOLLOWER at term 37 for DISCOVERED_A_NEW_TERM
2019-11-04 16:47:24,307 [7fc3dcce-a523-45fc-b6d6-b2bad08ce4da@group-29467ABC0BF0-LeaderElection3553] INFO  impl.RoleInfo (RoleInfo.java:shutdownLeaderElection(134)) - 7fc3dcce-a523-45fc-b6d6-b2bad08ce4da: shutdown LeaderElection
2019-11-04 16:47:24,307 [7fc3dcce-a523-45fc-b6d6-b2bad08ce4da@group-29467ABC0BF0-LeaderElection3553] INFO  impl.RoleInfo (RoleInfo.java:updateAndGet(143)) - 7fc3dcce-a523-45fc-b6d6-b2bad08ce4da: start FollowerState
2019-11-04 16:47:24,352 [Thread-25324] INFO  impl.FollowerState (FollowerState.java:run(108)) - 7fc3dcce-a523-45fc-b6d6-b2bad08ce4da@group-29467ABC0BF0-FollowerState: change to CANDIDATE, lastRpcTime:44ms, electionTimeout:44ms
2019-11-04 16:47:24,352 [Thread-25324] INFO  impl.RoleInfo (RoleInfo.java:shutdownFollowerState(121)) - 7fc3dcce-a523-45fc-b6d6-b2bad08ce4da: shutdown FollowerState
2019-11-04 16:47:24,352 [Thread-25324] INFO  impl.RaftServerImpl (RaftServerImpl.java:setRole(184)) - 7fc3dcce-a523-45fc-b6d6-b2bad08ce4da@group-29467ABC0BF0: changes role from  FOLLOWER to CANDIDATE at term 37 for changeToCandidate
2019-11-04 16:47:24,352 [Thread-25324] INFO  impl.RoleInfo (RoleInfo.java:updateAndGet(143)) - 7fc3dcce-a523-45fc-b6d6-b2bad08ce4da: start LeaderElection
2019-11-04 16:47:24,366 [7fc3dcce-a523-45fc-b6d6-b2bad08ce4da@group-29467ABC0BF0-LeaderElection3554] INFO  impl.LeaderElection (LeaderElection.java:askForVotes(178)) - 7fc3dcce-a523-45fc-b6d6-b2bad08ce4da@group-29467ABC0BF0-LeaderElection3554: begin an election at term 38 for -1: [2911c1bb-ca7b-4253-a902-f80f167657b1:192.168.157.194:45844, 7fc3dcce-a523-45fc-b6d6-b2bad08ce4da:192.168.157.194:35647, 18bcd373-7631-4e7c-b817-d7839f17bf5a:192.168.157.194:38252], old=null
2019-11-04 16:47:24,367 [grpc-default-executor-15] INFO  impl.RaftServerImpl (RaftServerImpl.java:setRole(184)) - 18bcd373-7631-4e7c-b817-d7839f17bf5a@group-29467ABC0BF0: changes role from  FOLLOWER to FOLLOWER at term 38 for recognizeCandidate:7fc3dcce-a523-45fc-b6d6-b2bad08ce4da
2019-11-04 16:47:24,367 [grpc-default-executor-15] INFO  impl.RoleInfo (RoleInfo.java:shutdownFollowerState(121)) - 18bcd373-7631-4e7c-b817-d7839f17bf5a: shutdown FollowerState
2019-11-04 16:47:24,367 [grpc-default-executor-15] INFO  impl.RoleInfo (RoleInfo.java:updateAndGet(143)) - 18bcd373-7631-4e7c-b817-d7839f17bf5a: start FollowerState
2019-11-04 16:47:24,367 [Thread-25323] INFO  impl.FollowerState (FollowerState.java:run(117)) - 18bcd373-7631-4e7c-b817-d7839f17bf5a@group-29467ABC0BF0-FollowerState was interrupted: java.lang.InterruptedException: sleep interrupted
2019-11-04 16:47:24,367 [grpc-default-executor-12] INFO  impl.RaftServerImpl (RaftServerImpl.java:setRole(184)) - 2911c1bb-ca7b-4253-a902-f80f167657b1@group-29467ABC0BF0: changes role from  FOLLOWER to FOLLOWER at term 38 for recognizeCandidate:7fc3dcce-a523-45fc-b6d6-b2bad08ce4da
2019-11-04 16:47:24,367 [grpc-default-executor-12] INFO  impl.RoleInfo (RoleInfo.java:shutdownFollowerState(121)) - 2911c1bb-ca7b-4253-a902-f80f167657b1: shutdown FollowerState
2019-11-04 16:47:24,367 [grpc-default-executor-12] INFO  impl.RoleInfo (RoleInfo.java:updateAndGet(143)) - 2911c1bb-ca7b-4253-a902-f80f167657b1: start FollowerState
2019-11-04 16:47:24,367 [Thread-25322] INFO  impl.FollowerState (FollowerState.java:run(117)) - 2911c1bb-ca7b-4253-a902-f80f167657b1@group-29467ABC0BF0-FollowerState was interrupted: java.lang.InterruptedException: sleep interrupted
2019-11-04 16:47:24,380 [7fc3dcce-a523-45fc-b6d6-b2bad08ce4da@group-29467ABC0BF0-LeaderElection3554] INFO  impl.LeaderElection (LeaderElection.java:logAndReturn(56)) - 7fc3dcce-a523-45fc-b6d6-b2bad08ce4da@group-29467ABC0BF0-LeaderElection3554: Election REJECTED; received 2 response(s) [7fc3dcce-a523-45fc-b6d6-b2bad08ce4da<-2911c1bb-ca7b-4253-a902-f80f167657b1#0:FAIL-t38, 7fc3dcce-a523-45fc-b6d6-b2bad08ce4da<-18bcd373-7631-4e7c-b817-d7839f17bf5a#0:FAIL-t38] and 0 exception(s); 7fc3dcce-a523-45fc-b6d6-b2bad08ce4da@group-29467ABC0BF0:t38, leader=null, voted=7fc3dcce-a523-45fc-b6d6-b2bad08ce4da, raftlog=7fc3dcce-a523-45fc-b6d6-b2bad08ce4da@group-29467ABC0BF0-SegmentedRaftLog:OPENED:c-1,f-1,i0, conf=-1: [2911c1bb-ca7b-4253-a902-f80f167657b1:192.168.157.194:45844, 7fc3dcce-a523-45fc-b6d6-b2bad08ce4da:192.168.157.194:35647, 18bcd373-7631-4e7c-b817-d7839f17bf5a:192.168.157.194:38252], old=null
2019-11-04 16:47:24,381 [7fc3dcce-a523-45fc-b6d6-b2bad08ce4da@group-29467ABC0BF0-LeaderElection3554] INFO  impl.RaftServerImpl (RaftServerImpl.java:setRole(184)) - 7fc3dcce-a523-45fc-b6d6-b2bad08ce4da@group-29467ABC0BF0: changes role from CANDIDATE to FOLLOWER at term 38 for DISCOVERED_A_NEW_TERM
2019-11-04 16:47:24,381 [7fc3dcce-a523-45fc-b6d6-b2bad08ce4da@group-29467ABC0BF0-LeaderElection3554] INFO  impl.RoleInfo (RoleInfo.java:shutdownLeaderElection(134)) - 7fc3dcce-a523-45fc-b6d6-b2bad08ce4da: shutdown LeaderElection
2019-11-04 16:47:24,381 [7fc3dcce-a523-45fc-b6d6-b2bad08ce4da@group-29467ABC0BF0-LeaderElection3554] INFO  impl.RoleInfo (RoleInfo.java:updateAndGet(143)) - 7fc3dcce-a523-45fc-b6d6-b2bad08ce4da: start FollowerState
2019-11-04 16:47:24,530 [Thread-25330] INFO  impl.FollowerState (FollowerState.java:run(108)) - 7fc3dcce-a523-45fc-b6d6-b2bad08ce4da@group-29467ABC0BF0-FollowerState: change to CANDIDATE, lastRpcTime:149ms, electionTimeout:149ms
2019-11-04 16:47:24,530 [Thread-25330] INFO  impl.RoleInfo (RoleInfo.java:shutdownFollowerState(121)) - 7fc3dcce-a523-45fc-b6d6-b2bad08ce4da: shutdown FollowerState
2019-11-04 16:47:24,530 [Thread-25330] INFO  impl.RaftServerImpl (RaftServerImpl.java:setRole(184)) - 7fc3dcce-a523-45fc-b6d6-b2bad08ce4da@group-29467ABC0BF0: changes role from  FOLLOWER to CANDIDATE at term 38 for changeToCandidate
2019-11-04 16:47:24,530 [Thread-25330] INFO  impl.RoleInfo (RoleInfo.java:updateAndGet(143)) - 7fc3dcce-a523-45fc-b6d6-b2bad08ce4da: start LeaderElection
2019-11-04 16:47:24,548 [7fc3dcce-a523-45fc-b6d6-b2bad08ce4da@group-29467ABC0BF0-LeaderElection3555] INFO  impl.LeaderElection (LeaderElection.java:askForVotes(178)) - 7fc3dcce-a523-45fc-b6d6-b2bad08ce4da@group-29467ABC0BF0-LeaderElection3555: begin an election at term 39 for -1: [2911c1bb-ca7b-4253-a902-f80f167657b1:192.168.157.194:45844, 7fc3dcce-a523-45fc-b6d6-b2bad08ce4da:192.168.157.194:35647, 18bcd373-7631-4e7c-b817-d7839f17bf5a:192.168.157.194:38252], old=null
2019-11-04 16:47:24,549 [grpc-default-executor-15] INFO  impl.RaftServerImpl (RaftServerImpl.java:setRole(184)) - 2911c1bb-ca7b-4253-a902-f80f167657b1@group-29467ABC0BF0: changes role from  FOLLOWER to FOLLOWER at term 39 for recognizeCandidate:7fc3dcce-a523-45fc-b6d6-b2bad08ce4da
2019-11-04 16:47:24,549 [grpc-default-executor-15] INFO  impl.RoleInfo (RoleInfo.java:shutdownFollowerState(121)) - 2911c1bb-ca7b-4253-a902-f80f167657b1: shutdown FollowerState
2019-11-04 16:47:24,549 [grpc-default-executor-15] INFO  impl.RoleInfo (RoleInfo.java:updateAndGet(143)) - 2911c1bb-ca7b-4253-a902-f80f167657b1: start FollowerState
2019-11-04 16:47:24,549 [grpc-default-executor-12] INFO  impl.RaftServerImpl (RaftServerImpl.java:setRole(184)) - 18bcd373-7631-4e7c-b817-d7839f17bf5a@group-29467ABC0BF0: changes role from  FOLLOWER to FOLLOWER at term 39 for recognizeCandidate:7fc3dcce-a523-45fc-b6d6-b2bad08ce4da
2019-11-04 16:47:24,549 [grpc-default-executor-12] INFO  impl.RoleInfo (RoleInfo.java:shutdownFollowerState(121)) - 18bcd373-7631-4e7c-b817-d7839f17bf5a: shutdown FollowerState
2019-11-04 16:47:24,549 [grpc-default-executor-12] INFO  impl.RoleInfo (RoleInfo.java:updateAndGet(143)) - 18bcd373-7631-4e7c-b817-d7839f17bf5a: start FollowerState
2019-11-04 16:47:24,549 [Thread-25329] INFO  impl.FollowerState (FollowerState.java:run(117)) - 2911c1bb-ca7b-4253-a902-f80f167657b1@group-29467ABC0BF0-FollowerState was interrupted: java.lang.InterruptedException: sleep interrupted
2019-11-04 16:47:24,549 [Thread-25328] INFO  impl.FollowerState (FollowerState.java:run(117)) - 18bcd373-7631-4e7c-b817-d7839f17bf5a@group-29467ABC0BF0-FollowerState was interrupted: java.lang.InterruptedException: sleep interrupted
2019-11-04 16:47:24,594 [7fc3dcce-a523-45fc-b6d6-b2bad08ce4da@group-29467ABC0BF0-LeaderElection3555] INFO  impl.LeaderElection (LeaderElection.java:logAndReturn(56)) - 7fc3dcce-a523-45fc-b6d6-b2bad08ce4da@group-29467ABC0BF0-LeaderElection3555: Election REJECTED; received 2 response(s) [7fc3dcce-a523-45fc-b6d6-b2bad08ce4da<-2911c1bb-ca7b-4253-a902-f80f167657b1#0:FAIL-t39, 7fc3dcce-a523-45fc-b6d6-b2bad08ce4da<-18bcd373-7631-4e7c-b817-d7839f17bf5a#0:FAIL-t39] and 0 exception(s); 7fc3dcce-a523-45fc-b6d6-b2bad08ce4da@group-29467ABC0BF0:t39, leader=null, voted=7fc3dcce-a523-45fc-b6d6-b2bad08ce4da, raftlog=7fc3dcce-a523-45fc-b6d6-b2bad08ce4da@group-29467ABC0BF0-SegmentedRaftLog:OPENED:c-1,f-1,i0, conf=-1: [2911c1bb-ca7b-4253-a902-f80f167657b1:192.168.157.194:45844, 7fc3dcce-a523-45fc-b6d6-b2bad08ce4da:192.168.157.194:35647, 18bcd373-7631-4e7c-b817-d7839f17bf5a:192.168.157.194:38252], old=null
2019-11-04 16:47:24,594 [7fc3dcce-a523-45fc-b6d6-b2bad08ce4da@group-29467ABC0BF0-LeaderElection3555] INFO  impl.RaftServerImpl (RaftServerImpl.java:setRole(184)) - 7fc3dcce-a523-45fc-b6d6-b2bad08ce4da@group-29467ABC0BF0: changes role from CANDIDATE to FOLLOWER at term 39 for DISCOVERED_A_NEW_TERM
2019-11-04 16:47:24,594 [7fc3dcce-a523-45fc-b6d6-b2bad08ce4da@group-29467ABC0BF0-LeaderElection3555] INFO  impl.RoleInfo (RoleInfo.java:shutdownLeaderElection(134)) - 7fc3dcce-a523-45fc-b6d6-b2bad08ce4da: shutdown LeaderElection
2019-11-04 16:47:24,594 [7fc3dcce-a523-45fc-b6d6-b2bad08ce4da@group-29467ABC0BF0-LeaderElection3555] INFO  impl.RoleInfo (RoleInfo.java:updateAndGet(143)) - 7fc3dcce-a523-45fc-b6d6-b2bad08ce4da: start FollowerState
2019-11-04 16:47:24,750 [Thread-25336] INFO  impl.FollowerState (FollowerState.java:run(108)) - 7fc3dcce-a523-45fc-b6d6-b2bad08ce4da@group-29467ABC0BF0-FollowerState: change to CANDIDATE, lastRpcTime:156ms, electionTimeout:156ms
2019-11-04 16:47:24,750 [Thread-25336] INFO  impl.RoleInfo (RoleInfo.java:shutdownFollowerState(121)) - 7fc3dcce-a523-45fc-b6d6-b2bad08ce4da: shutdown FollowerState
2019-11-04 16:47:24,751 [Thread-25336] INFO  impl.RaftServerImpl (RaftServerImpl.java:setRole(184)) - 7fc3dcce-a523-45fc-b6d6-b2bad08ce4da@group-29467ABC0BF0: changes role from  FOLLOWER to CANDIDATE at term 39 for changeToCandidate
2019-11-04 16:47:24,751 [Thread-25336] INFO  impl.RoleInfo (RoleInfo.java:updateAndGet(143)) - 7fc3dcce-a523-45fc-b6d6-b2bad08ce4da: start LeaderElection
2019-11-04 16:47:24,992 [7fc3dcce-a523-45fc-b6d6-b2bad08ce4da@group-29467ABC0BF0-LeaderElection3556] INFO  impl.LeaderElection (LeaderElection.java:askForVotes(178)) - 7fc3dcce-a523-45fc-b6d6-b2bad08ce4da@group-29467ABC0BF0-LeaderElection3556: begin an election at term 40 for -1: [2911c1bb-ca7b-4253-a902-f80f167657b1:192.168.157.194:45844, 7fc3dcce-a523-45fc-b6d6-b2bad08ce4da:192.168.157.194:35647, 18bcd373-7631-4e7c-b817-d7839f17bf5a:192.168.157.194:38252], old=null
2019-11-04 16:47:24,993 [grpc-default-executor-16] INFO  impl.RaftServerImpl (RaftServerImpl.java:setRole(184)) - 2911c1bb-ca7b-4253-a902-f80f167657b1@group-29467ABC0BF0: changes role from  FOLLOWER to FOLLOWER at term 40 for recognizeCandidate:7fc3dcce-a523-45fc-b6d6-b2bad08ce4da
2019-11-04 16:47:24,993 [grpc-default-executor-16] INFO  impl.RoleInfo (RoleInfo.java:shutdownFollowerState(121)) - 2911c1bb-ca7b-4253-a902-f80f167657b1: shutdown FollowerState
2019-11-04 16:47:24,993 [grpc-default-executor-12] INFO  impl.RaftServerImpl (RaftServerImpl.java:setRole(184)) - 18bcd373-7631-4e7c-b817-d7839f17bf5a@group-29467ABC0BF0: changes role from  FOLLOWER to FOLLOWER at term 40 for recognizeCandidate:7fc3dcce-a523-45fc-b6d6-b2bad08ce4da
2019-11-04 16:47:24,993 [grpc-default-executor-12] INFO  impl.RoleInfo (RoleInfo.java:shutdownFollowerState(121)) - 18bcd373-7631-4e7c-b817-d7839f17bf5a: shutdown FollowerState
2019-11-04 16:47:24,993 [Thread-25334] INFO  impl.FollowerState (FollowerState.java:run(117)) - 2911c1bb-ca7b-4253-a902-f80f167657b1@group-29467ABC0BF0-FollowerState was interrupted: java.lang.InterruptedException: sleep interrupted
2019-11-04 16:47:24,993 [grpc-default-executor-16] INFO  impl.RoleInfo (RoleInfo.java:updateAndGet(143)) - 2911c1bb-ca7b-4253-a902-f80f167657b1: start FollowerState
2019-11-04 16:47:24,994 [Thread-25335] INFO  impl.FollowerState (FollowerState.java:run(117)) - 18bcd373-7631-4e7c-b817-d7839f17bf5a@group-29467ABC0BF0-FollowerState was interrupted: java.lang.InterruptedException: sleep interrupted
2019-11-04 16:47:24,994 [grpc-default-executor-12] INFO  impl.RoleInfo (RoleInfo.java:updateAndGet(143)) - 18bcd373-7631-4e7c-b817-d7839f17bf5a: start FollowerState
2019-11-04 16:47:25,091 [7fc3dcce-a523-45fc-b6d6-b2bad08ce4da@group-29467ABC0BF0-LeaderElection3556] INFO  impl.LeaderElection (LeaderElection.java:logAndReturn(56)) - 7fc3dcce-a523-45fc-b6d6-b2bad08ce4da@group-29467ABC0BF0-LeaderElection3556: Election TIMEOUT; received 0 response(s) [] and 0 exception(s); 7fc3dcce-a523-45fc-b6d6-b2bad08ce4da@group-29467ABC0BF0:t40, leader=null, voted=7fc3dcce-a523-45fc-b6d6-b2bad08ce4da, raftlog=7fc3dcce-a523-45fc-b6d6-b2bad08ce4da@group-29467ABC0BF0-SegmentedRaftLog:OPENED:c-1,f-1,i0, conf=-1: [2911c1bb-ca7b-4253-a902-f80f167657b1:192.168.157.194:45844, 7fc3dcce-a523-45fc-b6d6-b2bad08ce4da:192.168.157.194:35647, 18bcd373-7631-4e7c-b817-d7839f17bf5a:192.168.157.194:38252], old=null
2019-11-04 16:47:25,173 [7fc3dcce-a523-45fc-b6d6-b2bad08ce4da@group-29467ABC0BF0-LeaderElection3556] INFO  impl.LeaderElection (LeaderElection.java:askForVotes(178)) - 7fc3dcce-a523-45fc-b6d6-b2bad08ce4da@group-29467ABC0BF0-LeaderElection3556: begin an election at term 41 for -1: [2911c1bb-ca7b-4253-a902-f80f167657b1:192.168.157.194:45844, 7fc3dcce-a523-45fc-b6d6-b2bad08ce4da:192.168.157.194:35647, 18bcd373-7631-4e7c-b817-d7839f17bf5a:192.168.157.194:38252], old=null
2019-11-04 16:47:25,174 [grpc-default-executor-16] INFO  impl.RaftServerImpl (RaftServerImpl.java:setRole(184)) - 18bcd373-7631-4e7c-b817-d7839f17bf5a@group-29467ABC0BF0: changes role from  FOLLOWER to FOLLOWER at term 41 for recognizeCandidate:7fc3dcce-a523-45fc-b6d6-b2bad08ce4da
2019-11-04 16:47:25,174 [grpc-default-executor-12] INFO  impl.RaftServerImpl (RaftServerImpl.java:setRole(184)) - 2911c1bb-ca7b-4253-a902-f80f167657b1@group-29467ABC0BF0: changes role from  FOLLOWER to FOLLOWER at term 41 for recognizeCandidate:7fc3dcce-a523-45fc-b6d6-b2bad08ce4da
2019-11-04 16:47:25,174 [grpc-default-executor-12] INFO  impl.RoleInfo (RoleInfo.java:shutdownFollowerState(121)) - 2911c1bb-ca7b-4253-a902-f80f167657b1: shutdown FollowerState
2019-11-04 16:47:25,174 [grpc-default-executor-16] INFO  impl.RoleInfo (RoleInfo.java:shutdownFollowerState(121)) - 18bcd373-7631-4e7c-b817-d7839f17bf5a: shutdown FollowerState
2019-11-04 16:47:25,174 [grpc-default-executor-12] INFO  impl.RoleInfo (RoleInfo.java:updateAndGet(143)) - 2911c1bb-ca7b-4253-a902-f80f167657b1: start FollowerState
2019-11-04 16:47:25,174 [Thread-25347] INFO  impl.FollowerState (FollowerState.java:run(117)) - 18bcd373-7631-4e7c-b817-d7839f17bf5a@group-29467ABC0BF0-FollowerState was interrupted: java.lang.InterruptedException: sleep interrupted
2019-11-04 16:47:25,174 [grpc-default-executor-16] INFO  impl.RoleInfo (RoleInfo.java:updateAndGet(143)) - 18bcd373-7631-4e7c-b817-d7839f17bf5a: start FollowerState
2019-11-04 16:47:25,174 [Thread-25346] INFO  impl.FollowerState (FollowerState.java:run(117)) - 2911c1bb-ca7b-4253-a902-f80f167657b1@group-29467ABC0BF0-FollowerState was interrupted: java.lang.InterruptedException: sleep interrupted
2019-11-04 16:47:25,239 [7fc3dcce-a523-45fc-b6d6-b2bad08ce4da@group-29467ABC0BF0-LeaderElection3556] INFO  impl.LeaderElection (LeaderElection.java:logAndReturn(56)) - 7fc3dcce-a523-45fc-b6d6-b2bad08ce4da@group-29467ABC0BF0-LeaderElection3556: Election TIMEOUT; received 0 response(s) [] and 0 exception(s); 7fc3dcce-a523-45fc-b6d6-b2bad08ce4da@group-29467ABC0BF0:t41, leader=null, voted=7fc3dcce-a523-45fc-b6d6-b2bad08ce4da, raftlog=7fc3dcce-a523-45fc-b6d6-b2bad08ce4da@group-29467ABC0BF0-SegmentedRaftLog:OPENED:c-1,f-1,i0, conf=-1: [2911c1bb-ca7b-4253-a902-f80f167657b1:192.168.157.194:45844, 7fc3dcce-a523-45fc-b6d6-b2bad08ce4da:192.168.157.194:35647, 18bcd373-7631-4e7c-b817-d7839f17bf5a:192.168.157.194:38252], old=null
2019-11-04 16:47:25,320 [7fc3dcce-a523-45fc-b6d6-b2bad08ce4da@group-29467ABC0BF0-LeaderElection3556] INFO  impl.LeaderElection (LeaderElection.java:askForVotes(178)) - 7fc3dcce-a523-45fc-b6d6-b2bad08ce4da@group-29467ABC0BF0-LeaderElection3556: begin an election at term 42 for -1: [2911c1bb-ca7b-4253-a902-f80f167657b1:192.168.157.194:45844, 7fc3dcce-a523-45fc-b6d6-b2bad08ce4da:192.168.157.194:35647, 18bcd373-7631-4e7c-b817-d7839f17bf5a:192.168.157.194:38252], old=null
2019-11-04 16:47:25,322 [grpc-default-executor-12] INFO  impl.RaftServerImpl (RaftServerImpl.java:setRole(184)) - 2911c1bb-ca7b-4253-a902-f80f167657b1@group-29467ABC0BF0: changes role from  FOLLOWER to FOLLOWER at term 42 for recognizeCandidate:7fc3dcce-a523-45fc-b6d6-b2bad08ce4da
2019-11-04 16:47:25,322 [grpc-default-executor-12] INFO  impl.RoleInfo (RoleInfo.java:shutdownFollowerState(121)) - 2911c1bb-ca7b-4253-a902-f80f167657b1: shutdown FollowerState
2019-11-04 16:47:25,322 [grpc-default-executor-12] INFO  impl.RoleInfo (RoleInfo.java:updateAndGet(143)) - 2911c1bb-ca7b-4253-a902-f80f167657b1: start FollowerState
2019-11-04 16:47:25,322 [Thread-25352] INFO  impl.FollowerState (FollowerState.java:run(117)) - 2911c1bb-ca7b-4253-a902-f80f167657b1@group-29467ABC0BF0-FollowerState was interrupted: java.lang.InterruptedException: sleep interrupted
2019-11-04 16:47:25,322 [grpc-default-executor-16] INFO  impl.RaftServerImpl (RaftServerImpl.java:setRole(184)) - 18bcd373-7631-4e7c-b817-d7839f17bf5a@group-29467ABC0BF0: changes role from  FOLLOWER to FOLLOWER at term 42 for recognizeCandidate:7fc3dcce-a523-45fc-b6d6-b2bad08ce4da
2019-11-04 16:47:25,323 [grpc-default-executor-16] INFO  impl.RoleInfo (RoleInfo.java:shutdownFollowerState(121)) - 18bcd373-7631-4e7c-b817-d7839f17bf5a: shutdown FollowerState
2019-11-04 16:47:25,323 [grpc-default-executor-16] INFO  impl.RoleInfo (RoleInfo.java:updateAndGet(143)) - 18bcd373-7631-4e7c-b817-d7839f17bf5a: start FollowerState
2019-11-04 16:47:25,323 [Thread-25353] INFO  impl.FollowerState (FollowerState.java:run(117)) - 18bcd373-7631-4e7c-b817-d7839f17bf5a@group-29467ABC0BF0-FollowerState was interrupted: java.lang.InterruptedException: sleep interrupted
2019-11-04 16:47:25,422 [7fc3dcce-a523-45fc-b6d6-b2bad08ce4da@group-29467ABC0BF0-LeaderElection3556] INFO  impl.LeaderElection (LeaderElection.java:logAndReturn(56)) - 7fc3dcce-a523-45fc-b6d6-b2bad08ce4da@group-29467ABC0BF0-LeaderElection3556: Election REJECTED; received 2 response(s) [7fc3dcce-a523-45fc-b6d6-b2bad08ce4da<-2911c1bb-ca7b-4253-a902-f80f167657b1#0:FAIL-t42, 7fc3dcce-a523-45fc-b6d6-b2bad08ce4da<-18bcd373-7631-4e7c-b817-d7839f17bf5a#0:FAIL-t42] and 0 exception(s); 7fc3dcce-a523-45fc-b6d6-b2bad08ce4da@group-29467ABC0BF0:t42, leader=null, voted=7fc3dcce-a523-45fc-b6d6-b2bad08ce4da, raftlog=7fc3dcce-a523-45fc-b6d6-b2bad08ce4da@group-29467ABC0BF0-SegmentedRaftLog:OPENED:c-1,f-1,i0, conf=-1: [2911c1bb-ca7b-4253-a902-f80f167657b1:192.168.157.194:45844, 7fc3dcce-a523-45fc-b6d6-b2bad08ce4da:192.168.157.194:35647, 18bcd373-7631-4e7c-b817-d7839f17bf5a:192.168.157.194:38252], old=null
2019-11-04 16:47:25,422 [7fc3dcce-a523-45fc-b6d6-b2bad08ce4da@group-29467ABC0BF0-LeaderElection3556] INFO  impl.RaftServerImpl (RaftServerImpl.java:setRole(184)) - 7fc3dcce-a523-45fc-b6d6-b2bad08ce4da@group-29467ABC0BF0: changes role from CANDIDATE to FOLLOWER at term 42 for DISCOVERED_A_NEW_TERM
2019-11-04 16:47:25,422 [7fc3dcce-a523-45fc-b6d6-b2bad08ce4da@group-29467ABC0BF0-LeaderElection3556] INFO  impl.RoleInfo (RoleInfo.java:shutdownLeaderElection(134)) - 7fc3dcce-a523-45fc-b6d6-b2bad08ce4da: shutdown LeaderElection
2019-11-04 16:47:25,423 [7fc3dcce-a523-45fc-b6d6-b2bad08ce4da@group-29467ABC0BF0-LeaderElection3556] INFO  impl.RoleInfo (RoleInfo.java:updateAndGet(143)) - 7fc3dcce-a523-45fc-b6d6-b2bad08ce4da: start FollowerState
2019-11-04 16:47:25,559 [Thread-25360] INFO  impl.FollowerState (FollowerState.java:run(108)) - 7fc3dcce-a523-45fc-b6d6-b2bad08ce4da@group-29467ABC0BF0-FollowerState: change to CANDIDATE, lastRpcTime:136ms, electionTimeout:136ms
2019-11-04 16:47:25,559 [Thread-25360] INFO  impl.RoleInfo (RoleInfo.java:shutdownFollowerState(121)) - 7fc3dcce-a523-45fc-b6d6-b2bad08ce4da: shutdown FollowerState
2019-11-04 16:47:25,559 [Thread-25360] INFO  impl.RaftServerImpl (RaftServerImpl.java:setRole(184)) - 7fc3dcce-a523-45fc-b6d6-b2bad08ce4da@group-29467ABC0BF0: changes role from  FOLLOWER to CANDIDATE at term 42 for changeToCandidate
2019-11-04 16:47:25,559 [Thread-25360] INFO  impl.RoleInfo (RoleInfo.java:updateAndGet(143)) - 7fc3dcce-a523-45fc-b6d6-b2bad08ce4da: start LeaderElection
2019-11-04 16:47:25,729 [7fc3dcce-a523-45fc-b6d6-b2bad08ce4da@group-29467ABC0BF0-LeaderElection3557] INFO  impl.LeaderElection (LeaderElection.java:askForVotes(178)) - 7fc3dcce-a523-45fc-b6d6-b2bad08ce4da@group-29467ABC0BF0-LeaderElection3557: begin an election at term 43 for -1: [2911c1bb-ca7b-4253-a902-f80f167657b1:192.168.157.194:45844, 7fc3dcce-a523-45fc-b6d6-b2bad08ce4da:192.168.157.194:35647, 18bcd373-7631-4e7c-b817-d7839f17bf5a:192.168.157.194:38252], old=null
2019-11-04 16:47:25,731 [grpc-default-executor-16] INFO  impl.RaftServerImpl (RaftServerImpl.java:setRole(184)) - 2911c1bb-ca7b-4253-a902-f80f167657b1@group-29467ABC0BF0: changes role from  FOLLOWER to FOLLOWER at term 43 for recognizeCandidate:7fc3dcce-a523-45fc-b6d6-b2bad08ce4da
2019-11-04 16:47:25,731 [grpc-default-executor-12] INFO  impl.RaftServerImpl (RaftServerImpl.java:setRole(184)) - 18bcd373-7631-4e7c-b817-d7839f17bf5a@group-29467ABC0BF0: changes role from  FOLLOWER to FOLLOWER at term 43 for recognizeCandidate:7fc3dcce-a523-45fc-b6d6-b2bad08ce4da
2019-11-04 16:47:25,731 [grpc-default-executor-12] INFO  impl.RoleInfo (RoleInfo.java:shutdownFollowerState(121)) - 18bcd373-7631-4e7c-b817-d7839f17bf5a: shutdown FollowerState
2019-11-04 16:47:25,731 [grpc-default-executor-16] INFO  impl.RoleInfo (RoleInfo.java:shutdownFollowerState(121)) - 2911c1bb-ca7b-4253-a902-f80f167657b1: shutdown FollowerState
2019-11-04 16:47:25,731 [Thread-25359] INFO  impl.FollowerState (FollowerState.java:run(117)) - 18bcd373-7631-4e7c-b817-d7839f17bf5a@group-29467ABC0BF0-FollowerState was interrupted: java.lang.InterruptedException: sleep interrupted
2019-11-04 16:47:25,731 [grpc-default-executor-12] INFO  impl.RoleInfo (RoleInfo.java:updateAndGet(143)) - 18bcd373-7631-4e7c-b817-d7839f17bf5a: start FollowerState
2019-11-04 16:47:25,731 [Thread-25358] INFO  impl.FollowerState (FollowerState.java:run(117)) - 2911c1bb-ca7b-4253-a902-f80f167657b1@group-29467ABC0BF0-FollowerState was interrupted: java.lang.InterruptedException: sleep interrupted
2019-11-04 16:47:25,731 [grpc-default-executor-16] INFO  impl.RoleInfo (RoleInfo.java:updateAndGet(143)) - 2911c1bb-ca7b-4253-a902-f80f167657b1: start FollowerState
2019-11-04 16:47:25,834 [7fc3dcce-a523-45fc-b6d6-b2bad08ce4da@group-29467ABC0BF0-LeaderElection3557] INFO  impl.LeaderElection (LeaderElection.java:logAndReturn(56)) - 7fc3dcce-a523-45fc-b6d6-b2bad08ce4da@group-29467ABC0BF0-LeaderElection3557: Election TIMEOUT; received 0 response(s) [] and 0 exception(s); 7fc3dcce-a523-45fc-b6d6-b2bad08ce4da@group-29467ABC0BF0:t43, leader=null, voted=7fc3dcce-a523-45fc-b6d6-b2bad08ce4da, raftlog=7fc3dcce-a523-45fc-b6d6-b2bad08ce4da@group-29467ABC0BF0-SegmentedRaftLog:OPENED:c-1,f-1,i0, conf=-1: [2911c1bb-ca7b-4253-a902-f80f167657b1:192.168.157.194:45844, 7fc3dcce-a523-45fc-b6d6-b2bad08ce4da:192.168.157.194:35647, 18bcd373-7631-4e7c-b817-d7839f17bf5a:192.168.157.194:38252], old=null
2019-11-04 16:47:26,376 [7fc3dcce-a523-45fc-b6d6-b2bad08ce4da@group-29467ABC0BF0-LeaderElection3557] INFO  impl.LeaderElection (LeaderElection.java:askForVotes(178)) - 7fc3dcce-a523-45fc-b6d6-b2bad08ce4da@group-29467ABC0BF0-LeaderElection3557: begin an election at term 44 for -1: [2911c1bb-ca7b-4253-a902-f80f167657b1:192.168.157.194:45844, 7fc3dcce-a523-45fc-b6d6-b2bad08ce4da:192.168.157.194:35647, 18bcd373-7631-4e7c-b817-d7839f17bf5a:192.168.157.194:38252], old=null
2019-11-04 16:47:26,377 [grpc-default-executor-16] INFO  impl.RaftServerImpl (RaftServerImpl.java:setRole(184)) - 18bcd373-7631-4e7c-b817-d7839f17bf5a@group-29467ABC0BF0: changes role from  FOLLOWER to FOLLOWER at term 44 for recognizeCandidate:7fc3dcce-a523-45fc-b6d6-b2bad08ce4da
2019-11-04 16:47:26,377 [grpc-default-executor-16] INFO  impl.RoleInfo (RoleInfo.java:shutdownFollowerState(121)) - 18bcd373-7631-4e7c-b817-d7839f17bf5a: shutdown FollowerState
2019-11-04 16:47:26,378 [grpc-default-executor-12] INFO  impl.RaftServerImpl (RaftServerImpl.java:setRole(184)) - 2911c1bb-ca7b-4253-a902-f80f167657b1@group-29467ABC0BF0: changes role from  FOLLOWER to FOLLOWER at term 44 for recognizeCandidate:7fc3dcce-a523-45fc-b6d6-b2bad08ce4da
2019-11-04 16:47:26,378 [Thread-25366] INFO  impl.FollowerState (FollowerState.java:run(117)) - 18bcd373-7631-4e7c-b817-d7839f17bf5a@group-29467ABC0BF0-FollowerState was interrupted: java.lang.InterruptedException: sleep interrupted
2019-11-04 16:47:26,378 [grpc-default-executor-16] INFO  impl.RoleInfo (RoleInfo.java:updateAndGet(143)) - 18bcd373-7631-4e7c-b817-d7839f17bf5a: start FollowerState
2019-11-04 16:47:26,378 [grpc-default-executor-12] INFO  impl.RoleInfo (RoleInfo.java:shutdownFollowerState(121)) - 2911c1bb-ca7b-4253-a902-f80f167657b1: shutdown FollowerState
2019-11-04 16:47:26,378 [grpc-default-executor-12] INFO  impl.RoleInfo (RoleInfo.java:updateAndGet(143)) - 2911c1bb-ca7b-4253-a902-f80f167657b1: start FollowerState
2019-11-04 16:47:26,378 [Thread-25367] INFO  impl.FollowerState (FollowerState.java:run(117)) - 2911c1bb-ca7b-4253-a902-f80f167657b1@group-29467ABC0BF0-FollowerState was interrupted: java.lang.InterruptedException: sleep interrupted
2019-11-04 16:47:26,381 [7fc3dcce-a523-45fc-b6d6-b2bad08ce4da@group-29467ABC0BF0-LeaderElection3557] INFO  impl.LeaderElection (LeaderElection.java:logAndReturn(56)) - 7fc3dcce-a523-45fc-b6d6-b2bad08ce4da@group-29467ABC0BF0-LeaderElection3557: Election TIMEOUT; received 0 response(s) [] and 0 exception(s); 7fc3dcce-a523-45fc-b6d6-b2bad08ce4da@group-29467ABC0BF0:t44, leader=null, voted=7fc3dcce-a523-45fc-b6d6-b2bad08ce4da, raftlog=7fc3dcce-a523-45fc-b6d6-b2bad08ce4da@group-29467ABC0BF0-SegmentedRaftLog:OPENED:c-1,f-1,i0, conf=-1: [2911c1bb-ca7b-4253-a902-f80f167657b1:192.168.157.194:45844, 7fc3dcce-a523-45fc-b6d6-b2bad08ce4da:192.168.157.194:35647, 18bcd373-7631-4e7c-b817-d7839f17bf5a:192.168.157.194:38252], old=null
2019-11-04 16:47:26,429 [7fc3dcce-a523-45fc-b6d6-b2bad08ce4da@group-29467ABC0BF0-LeaderElection3557] INFO  impl.LeaderElection (LeaderElection.java:askForVotes(178)) - 7fc3dcce-a523-45fc-b6d6-b2bad08ce4da@group-29467ABC0BF0-LeaderElection3557: begin an election at term 45 for -1: [2911c1bb-ca7b-4253-a902-f80f167657b1:192.168.157.194:45844, 7fc3dcce-a523-45fc-b6d6-b2bad08ce4da:192.168.157.194:35647, 18bcd373-7631-4e7c-b817-d7839f17bf5a:192.168.157.194:38252], old=null
2019-11-04 16:47:26,431 [grpc-default-executor-16] INFO  impl.RaftServerImpl (RaftServerImpl.java:setRole(184)) - 2911c1bb-ca7b-4253-a902-f80f167657b1@group-29467ABC0BF0: changes role from  FOLLOWER to FOLLOWER at term 45 for recognizeCandidate:7fc3dcce-a523-45fc-b6d6-b2bad08ce4da
2019-11-04 16:47:26,431 [grpc-default-executor-16] INFO  impl.RoleInfo (RoleInfo.java:shutdownFollowerState(121)) - 2911c1bb-ca7b-4253-a902-f80f167657b1: shutdown FollowerState
2019-11-04 16:47:26,431 [grpc-default-executor-16] INFO  impl.RoleInfo (RoleInfo.java:updateAndGet(143)) - 2911c1bb-ca7b-4253-a902-f80f167657b1: start FollowerState
2019-11-04 16:47:26,431 [grpc-default-executor-12] INFO  impl.RaftServerImpl (RaftServerImpl.java:setRole(184)) - 18bcd373-7631-4e7c-b817-d7839f17bf5a@group-29467ABC0BF0: changes role from  FOLLOWER to FOLLOWER at term 45 for recognizeCandidate:7fc3dcce-a523-45fc-b6d6-b2bad08ce4da
2019-11-04 16:47:26,431 [grpc-default-executor-12] INFO  impl.RoleInfo (RoleInfo.java:shutdownFollowerState(121)) - 18bcd373-7631-4e7c-b817-d7839f17bf5a: shutdown FollowerState
2019-11-04 16:47:26,431 [Thread-25379] INFO  impl.FollowerState (FollowerState.java:run(117)) - 2911c1bb-ca7b-4253-a902-f80f167657b1@group-29467ABC0BF0-FollowerState was interrupted: java.lang.InterruptedException: sleep interrupted
2019-11-04 16:47:26,431 [Thread-25378] INFO  impl.FollowerState (FollowerState.java:run(117)) - 18bcd373-7631-4e7c-b817-d7839f17bf5a@group-29467ABC0BF0-FollowerState was interrupted: java.lang.InterruptedException: sleep interrupted
2019-11-04 16:47:26,431 [grpc-default-executor-12] INFO  impl.RoleInfo (RoleInfo.java:updateAndGet(143)) - 18bcd373-7631-4e7c-b817-d7839f17bf5a: start FollowerState
2019-11-04 16:47:26,569 [7fc3dcce-a523-45fc-b6d6-b2bad08ce4da@group-29467ABC0BF0-LeaderElection3557] INFO  impl.LeaderElection (LeaderElection.java:logAndReturn(56)) - 7fc3dcce-a523-45fc-b6d6-b2bad08ce4da@group-29467ABC0BF0-LeaderElection3557: Election TIMEOUT; received 0 response(s) [] and 0 exception(s); 7fc3dcce-a523-45fc-b6d6-b2bad08ce4da@group-29467ABC0BF0:t45, leader=null, voted=7fc3dcce-a523-45fc-b6d6-b2bad08ce4da, raftlog=7fc3dcce-a523-45fc-b6d6-b2bad08ce4da@group-29467ABC0BF0-SegmentedRaftLog:OPENED:c-1,f-1,i0, conf=-1: [2911c1bb-ca7b-4253-a902-f80f167657b1:192.168.157.194:45844, 7fc3dcce-a523-45fc-b6d6-b2bad08ce4da:192.168.157.194:35647, 18bcd373-7631-4e7c-b817-d7839f17bf5a:192.168.157.194:38252], old=null
2019-11-04 16:47:27,536 [Thread-25383] INFO  impl.FollowerState (FollowerState.java:run(108)) - 18bcd373-7631-4e7c-b817-d7839f17bf5a@group-29467ABC0BF0-FollowerState: change to CANDIDATE, lastRpcTime:1104ms, electionTimeout:1104ms
2019-11-04 16:47:27,536 [Thread-25383] INFO  impl.RoleInfo (RoleInfo.java:shutdownFollowerState(121)) - 18bcd373-7631-4e7c-b817-d7839f17bf5a: shutdown FollowerState
2019-11-04 16:47:27,537 [Thread-25383] INFO  impl.RaftServerImpl (RaftServerImpl.java:setRole(184)) - 18bcd373-7631-4e7c-b817-d7839f17bf5a@group-29467ABC0BF0: changes role from  FOLLOWER to CANDIDATE at term 45 for changeToCandidate
2019-11-04 16:47:27,537 [Thread-25383] INFO  impl.RoleInfo (RoleInfo.java:updateAndGet(143)) - 18bcd373-7631-4e7c-b817-d7839f17bf5a: start LeaderElection
2019-11-04 16:47:27,582 [Thread-25382] INFO  impl.FollowerState (FollowerState.java:run(108)) - 2911c1bb-ca7b-4253-a902-f80f167657b1@group-29467ABC0BF0-FollowerState: change to CANDIDATE, lastRpcTime:1151ms, electionTimeout:1151ms
2019-11-04 16:47:27,582 [Thread-25382] INFO  impl.RoleInfo (RoleInfo.java:shutdownFollowerState(121)) - 2911c1bb-ca7b-4253-a902-f80f167657b1: shutdown FollowerState
2019-11-04 16:47:27,582 [Thread-25382] INFO  impl.RaftServerImpl (RaftServerImpl.java:setRole(184)) - 2911c1bb-ca7b-4253-a902-f80f167657b1@group-29467ABC0BF0: changes role from  FOLLOWER to CANDIDATE at term 45 for changeToCandidate
2019-11-04 16:47:27,582 [Thread-25382] INFO  impl.RoleInfo (RoleInfo.java:updateAndGet(143)) - 2911c1bb-ca7b-4253-a902-f80f167657b1: start LeaderElection
2019-11-04 16:47:28,806 [main] WARN  io.KeyOutputStream (KeyOutputStream.java:handleException(274)) - Encountered exception java.io.IOException: Unexpected Storage Container Exception: java.util.concurrent.CompletionException: java.util.concurrent.CompletionException: org.apache.ratis.protocol.RaftRetryFailureException: Failed RaftClientRequest:client-C0BCB8E4287F->18bcd373-7631-4e7c-b817-d7839f17bf5a@group-29467ABC0BF0, cid=136, seq=1*, RW, cmdType: WriteChunk
traceID: "e8a687d0eafbf292:e8a687d0eafbf292:0:0"
containerID: 1
datanodeUuid: "7fc3dcce-a523-45fc-b6d6-b2bad08ce4da"
writeChunk {
  blockID {
    containerID: 1
    localID: 103080659493322774
    blockCommitSequenceId: 0
  }
  chunkData {
    chunkName: "103080659493322774_chunk_1"
    offset: 0
    len: 1048576
    checksumData {
      type: CRC32
      bytesPerChecksum: 1048576
      checksums: "\212^>\251"
    }
  }
}
, data.size=1048576 for 10 attempts with RetryLimited(maxAttempts=10, sleepTime=1000ms) on the pipeline Pipeline[ Id: 98e485be-f8be-498d-b57e-29467abc0bf0, Nodes: 7fc3dcce-a523-45fc-b6d6-b2bad08ce4da{ip: 192.168.157.194, host: pr-hdds-1643-sn7dj-2043761873, networkLocation: /rack1, certSerialId: null}2911c1bb-ca7b-4253-a902-f80f167657b1{ip: 192.168.157.194, host: pr-hdds-1643-sn7dj-2043761873, networkLocation: /rack1, certSerialId: null}18bcd373-7631-4e7c-b817-d7839f17bf5a{ip: 192.168.157.194, host: pr-hdds-1643-sn7dj-2043761873, networkLocation: /rack1, certSerialId: null}, Type:RATIS, Factor:THREE, State:OPEN]. The last committed block length is 0, uncommitted data length is 1048576 retry count 0
2019-11-04 16:47:28,807 [main] INFO  io.BlockOutputStreamEntryPool (BlockOutputStreamEntryPool.java:allocateNewBlock(257)) - Allocating block with ExcludeList {datanodes = [], containerIds = [], pipelineIds = [PipelineID=98e485be-f8be-498d-b57e-29467abc0bf0]}
2019-11-04 16:47:28,812 [IPC Server handler 15 on 35917] INFO  server.SCMBlockProtocolServer (SCMBlockProtocolServer.java:allocateBlock(179)) - Allocating 1 blocks of size 4194304, with ExcludeList {datanodes = [], containerIds = [], pipelineIds = [PipelineID=98e485be-f8be-498d-b57e-29467abc0bf0]}
2019-11-04 16:47:29,287 [2911c1bb-ca7b-4253-a902-f80f167657b1@group-29467ABC0BF0-LeaderElection3559] INFO  impl.LeaderElection (LeaderElection.java:askForVotes(178)) - 2911c1bb-ca7b-4253-a902-f80f167657b1@group-29467ABC0BF0-LeaderElection3559: begin an election at term 46 for 0: [2911c1bb-ca7b-4253-a902-f80f167657b1:192.168.157.194:45844, 7fc3dcce-a523-45fc-b6d6-b2bad08ce4da:192.168.157.194:35647, 18bcd373-7631-4e7c-b817-d7839f17bf5a:192.168.157.194:38252], old=null
2019-11-04 16:47:29,287 [18bcd373-7631-4e7c-b817-d7839f17bf5a@group-29467ABC0BF0-LeaderElection3558] INFO  impl.LeaderElection (LeaderElection.java:askForVotes(178)) - 18bcd373-7631-4e7c-b817-d7839f17bf5a@group-29467ABC0BF0-LeaderElection3558: begin an election at term 46 for 0: [2911c1bb-ca7b-4253-a902-f80f167657b1:192.168.157.194:45844, 7fc3dcce-a523-45fc-b6d6-b2bad08ce4da:192.168.157.194:35647, 18bcd373-7631-4e7c-b817-d7839f17bf5a:192.168.157.194:38252], old=null
2019-11-04 16:47:29,287 [7fc3dcce-a523-45fc-b6d6-b2bad08ce4da@group-29467ABC0BF0-LeaderElection3557] INFO  impl.LeaderElection (LeaderElection.java:askForVotes(178)) - 7fc3dcce-a523-45fc-b6d6-b2bad08ce4da@group-29467ABC0BF0-LeaderElection3557: begin an election at term 46 for -1: [2911c1bb-ca7b-4253-a902-f80f167657b1:192.168.157.194:45844, 7fc3dcce-a523-45fc-b6d6-b2bad08ce4da:192.168.157.194:35647, 18bcd373-7631-4e7c-b817-d7839f17bf5a:192.168.157.194:38252], old=null
2019-11-04 16:47:29,291 [7fc3dcce-a523-45fc-b6d6-b2bad08ce4da@group-29467ABC0BF0-LeaderElection3557] INFO  impl.LeaderElection (LeaderElection.java:logAndReturn(56)) - 7fc3dcce-a523-45fc-b6d6-b2bad08ce4da@group-29467ABC0BF0-LeaderElection3557: Election REJECTED; received 2 response(s) [7fc3dcce-a523-45fc-b6d6-b2bad08ce4da<-2911c1bb-ca7b-4253-a902-f80f167657b1#0:FAIL-t46, 7fc3dcce-a523-45fc-b6d6-b2bad08ce4da<-18bcd373-7631-4e7c-b817-d7839f17bf5a#0:FAIL-t46] and 0 exception(s); 7fc3dcce-a523-45fc-b6d6-b2bad08ce4da@group-29467ABC0BF0:t46, leader=null, voted=7fc3dcce-a523-45fc-b6d6-b2bad08ce4da, raftlog=7fc3dcce-a523-45fc-b6d6-b2bad08ce4da@group-29467ABC0BF0-SegmentedRaftLog:OPENED:c-1,f-1,i0, conf=-1: [2911c1bb-ca7b-4253-a902-f80f167657b1:192.168.157.194:45844, 7fc3dcce-a523-45fc-b6d6-b2bad08ce4da:192.168.157.194:35647, 18bcd373-7631-4e7c-b817-d7839f17bf5a:192.168.157.194:38252], old=null
2019-11-04 16:47:29,291 [7fc3dcce-a523-45fc-b6d6-b2bad08ce4da@group-29467ABC0BF0-LeaderElection3557] INFO  impl.RaftServerImpl (RaftServerImpl.java:setRole(184)) - 7fc3dcce-a523-45fc-b6d6-b2bad08ce4da@group-29467ABC0BF0: changes role from CANDIDATE to FOLLOWER at term 46 for DISCOVERED_A_NEW_TERM
2019-11-04 16:47:29,292 [7fc3dcce-a523-45fc-b6d6-b2bad08ce4da@group-29467ABC0BF0-LeaderElection3557] INFO  impl.RoleInfo (RoleInfo.java:shutdownLeaderElection(134)) - 7fc3dcce-a523-45fc-b6d6-b2bad08ce4da: shutdown LeaderElection
2019-11-04 16:47:29,292 [7fc3dcce-a523-45fc-b6d6-b2bad08ce4da@group-29467ABC0BF0-LeaderElection3557] INFO  impl.RoleInfo (RoleInfo.java:updateAndGet(143)) - 7fc3dcce-a523-45fc-b6d6-b2bad08ce4da: start FollowerState
2019-11-04 16:47:29,292 [18bcd373-7631-4e7c-b817-d7839f17bf5a@group-29467ABC0BF0-LeaderElection3558] INFO  impl.LeaderElection (LeaderElection.java:logAndReturn(56)) - 18bcd373-7631-4e7c-b817-d7839f17bf5a@group-29467ABC0BF0-LeaderElection3558: Election REJECTED; received 2 response(s) [18bcd373-7631-4e7c-b817-d7839f17bf5a<-2911c1bb-ca7b-4253-a902-f80f167657b1#0:FAIL-t46, 18bcd373-7631-4e7c-b817-d7839f17bf5a<-7fc3dcce-a523-45fc-b6d6-b2bad08ce4da#0:FAIL-t46] and 0 exception(s); 18bcd373-7631-4e7c-b817-d7839f17bf5a@group-29467ABC0BF0:t46, leader=null, voted=18bcd373-7631-4e7c-b817-d7839f17bf5a, raftlog=18bcd373-7631-4e7c-b817-d7839f17bf5a@group-29467ABC0BF0-SegmentedRaftLog:OPENED:c-1,f0,i0, conf=0: [2911c1bb-ca7b-4253-a902-f80f167657b1:192.168.157.194:45844, 7fc3dcce-a523-45fc-b6d6-b2bad08ce4da:192.168.157.194:35647, 18bcd373-7631-4e7c-b817-d7839f17bf5a:192.168.157.194:38252], old=null
2019-11-04 16:47:29,293 [2911c1bb-ca7b-4253-a902-f80f167657b1@group-29467ABC0BF0-LeaderElection3559] INFO  impl.LeaderElection (LeaderElection.java:logAndReturn(56)) - 2911c1bb-ca7b-4253-a902-f80f167657b1@group-29467ABC0BF0-LeaderElection3559: Election REJECTED; received 2 response(s) [2911c1bb-ca7b-4253-a902-f80f167657b1<-7fc3dcce-a523-45fc-b6d6-b2bad08ce4da#0:FAIL-t46, 2911c1bb-ca7b-4253-a902-f80f167657b1<-18bcd373-7631-4e7c-b817-d7839f17bf5a#0:FAIL-t46] and 0 exception(s); 2911c1bb-ca7b-4253-a902-f80f167657b1@group-29467ABC0BF0:t46, leader=null, voted=2911c1bb-ca7b-4253-a902-f80f167657b1, raftlog=2911c1bb-ca7b-4253-a902-f80f167657b1@group-29467ABC0BF0-SegmentedRaftLog:OPENED:c-1,f0,i0, conf=0: [2911c1bb-ca7b-4253-a902-f80f167657b1:192.168.157.194:45844, 7fc3dcce-a523-45fc-b6d6-b2bad08ce4da:192.168.157.194:35647, 18bcd373-7631-4e7c-b817-d7839f17bf5a:192.168.157.194:38252], old=null
2019-11-04 16:47:29,293 [18bcd373-7631-4e7c-b817-d7839f17bf5a@group-29467ABC0BF0-LeaderElection3558] INFO  impl.RaftServerImpl (RaftServerImpl.java:setRole(184)) - 18bcd373-7631-4e7c-b817-d7839f17bf5a@group-29467ABC0BF0: changes role from CANDIDATE to FOLLOWER at term 46 for DISCOVERED_A_NEW_TERM
2019-11-04 16:47:29,293 [2911c1bb-ca7b-4253-a902-f80f167657b1@group-29467ABC0BF0-LeaderElection3559] INFO  impl.RaftServerImpl (RaftServerImpl.java:setRole(184)) - 2911c1bb-ca7b-4253-a902-f80f167657b1@group-29467ABC0BF0: changes role from CANDIDATE to FOLLOWER at term 46 for DISCOVERED_A_NEW_TERM
2019-11-04 16:47:29,293 [18bcd373-7631-4e7c-b817-d7839f17bf5a@group-29467ABC0BF0-LeaderElection3558] INFO  impl.RoleInfo (RoleInfo.java:shutdownLeaderElection(134)) - 18bcd373-7631-4e7c-b817-d7839f17bf5a: shutdown LeaderElection
2019-11-04 16:47:29,293 [2911c1bb-ca7b-4253-a902-f80f167657b1@group-29467ABC0BF0-LeaderElection3559] INFO  impl.RoleInfo (RoleInfo.java:shutdownLeaderElection(134)) - 2911c1bb-ca7b-4253-a902-f80f167657b1: shutdown LeaderElection
2019-11-04 16:47:29,293 [18bcd373-7631-4e7c-b817-d7839f17bf5a@group-29467ABC0BF0-LeaderElection3558] INFO  impl.RoleInfo (RoleInfo.java:updateAndGet(143)) - 18bcd373-7631-4e7c-b817-d7839f17bf5a: start FollowerState
2019-11-04 16:47:29,293 [2911c1bb-ca7b-4253-a902-f80f167657b1@group-29467ABC0BF0-LeaderElection3559] INFO  impl.RoleInfo (RoleInfo.java:updateAndGet(143)) - 2911c1bb-ca7b-4253-a902-f80f167657b1: start FollowerState
2019-11-04 16:47:29,458 [Thread-25424] INFO  impl.FollowerState (FollowerState.java:run(108)) - 7fc3dcce-a523-45fc-b6d6-b2bad08ce4da@group-29467ABC0BF0-FollowerState: change to CANDIDATE, lastRpcTime:166ms, electionTimeout:166ms
2019-11-04 16:47:29,458 [Thread-25424] INFO  impl.RoleInfo (RoleInfo.java:shutdownFollowerState(121)) - 7fc3dcce-a523-45fc-b6d6-b2bad08ce4da: shutdown FollowerState
2019-11-04 16:47:29,459 [Thread-25424] INFO  impl.RaftServerImpl (RaftServerImpl.java:setRole(184)) - 7fc3dcce-a523-45fc-b6d6-b2bad08ce4da@group-29467ABC0BF0: changes role from  FOLLOWER to CANDIDATE at term 46 for changeToCandidate
2019-11-04 16:47:29,459 [Thread-25424] INFO  impl.RoleInfo (RoleInfo.java:updateAndGet(143)) - 7fc3dcce-a523-45fc-b6d6-b2bad08ce4da: start LeaderElection
2019-11-04 16:47:29,483 [7fc3dcce-a523-45fc-b6d6-b2bad08ce4da@group-29467ABC0BF0-LeaderElection3560] INFO  impl.LeaderElection (LeaderElection.java:askForVotes(178)) - 7fc3dcce-a523-45fc-b6d6-b2bad08ce4da@group-29467ABC0BF0-LeaderElection3560: begin an election at term 47 for -1: [2911c1bb-ca7b-4253-a902-f80f167657b1:192.168.157.194:45844, 7fc3dcce-a523-45fc-b6d6-b2bad08ce4da:192.168.157.194:35647, 18bcd373-7631-4e7c-b817-d7839f17bf5a:192.168.157.194:38252], old=null
2019-11-04 16:47:29,489 [grpc-default-executor-3] INFO  impl.RaftServerImpl (RaftServerImpl.java:setRole(184)) - 2911c1bb-ca7b-4253-a902-f80f167657b1@group-29467ABC0BF0: changes role from  FOLLOWER to FOLLOWER at term 47 for recognizeCandidate:7fc3dcce-a523-45fc-b6d6-b2bad08ce4da
2019-11-04 16:47:29,489 [grpc-default-executor-3] INFO  impl.RoleInfo (RoleInfo.java:shutdownFollowerState(121)) - 2911c1bb-ca7b-4253-a902-f80f167657b1: shutdown FollowerState
2019-11-04 16:47:29,489 [grpc-default-executor-3] INFO  impl.RoleInfo (RoleInfo.java:updateAndGet(143)) - 2911c1bb-ca7b-4253-a902-f80f167657b1: start FollowerState
2019-11-04 16:47:29,489 [Thread-25426] INFO  impl.FollowerState (FollowerState.java:run(117)) - 2911c1bb-ca7b-4253-a902-f80f167657b1@group-29467ABC0BF0-FollowerState was interrupted: java.lang.InterruptedException: sleep interrupted
2019-11-04 16:47:29,490 [grpc-default-executor-17] INFO  impl.RaftServerImpl (RaftServerImpl.java:setRole(184)) - 18bcd373-7631-4e7c-b817-d7839f17bf5a@group-29467ABC0BF0: changes role from  FOLLOWER to FOLLOWER at term 47 for recognizeCandidate:7fc3dcce-a523-45fc-b6d6-b2bad08ce4da
2019-11-04 16:47:29,490 [grpc-default-executor-17] INFO  impl.RoleInfo (RoleInfo.java:shutdownFollowerState(121)) - 18bcd373-7631-4e7c-b817-d7839f17bf5a: shutdown FollowerState
2019-11-04 16:47:29,490 [grpc-default-executor-17] INFO  impl.RoleInfo (RoleInfo.java:updateAndGet(143)) - 18bcd373-7631-4e7c-b817-d7839f17bf5a: start FollowerState
2019-11-04 16:47:29,490 [Thread-25425] INFO  impl.FollowerState (FollowerState.java:run(117)) - 18bcd373-7631-4e7c-b817-d7839f17bf5a@group-29467ABC0BF0-FollowerState was interrupted: java.lang.InterruptedException: sleep interrupted
2019-11-04 16:47:29,506 [7fc3dcce-a523-45fc-b6d6-b2bad08ce4da@group-29467ABC0BF0-LeaderElection3560] INFO  impl.LeaderElection (LeaderElection.java:logAndReturn(56)) - 7fc3dcce-a523-45fc-b6d6-b2bad08ce4da@group-29467ABC0BF0-LeaderElection3560: Election REJECTED; received 2 response(s) [7fc3dcce-a523-45fc-b6d6-b2bad08ce4da<-2911c1bb-ca7b-4253-a902-f80f167657b1#0:FAIL-t47, 7fc3dcce-a523-45fc-b6d6-b2bad08ce4da<-18bcd373-7631-4e7c-b817-d7839f17bf5a#0:FAIL-t47] and 0 exception(s); 7fc3dcce-a523-45fc-b6d6-b2bad08ce4da@group-29467ABC0BF0:t47, leader=null, voted=7fc3dcce-a523-45fc-b6d6-b2bad08ce4da, raftlog=7fc3dcce-a523-45fc-b6d6-b2bad08ce4da@group-29467ABC0BF0-SegmentedRaftLog:OPENED:c-1,f-1,i0, conf=-1: [2911c1bb-ca7b-4253-a902-f80f167657b1:192.168.157.194:45844, 7fc3dcce-a523-45fc-b6d6-b2bad08ce4da:192.168.157.194:35647, 18bcd373-7631-4e7c-b817-d7839f17bf5a:192.168.157.194:38252], old=null
2019-11-04 16:47:29,506 [7fc3dcce-a523-45fc-b6d6-b2bad08ce4da@group-29467ABC0BF0-LeaderElection3560] INFO  impl.RaftServerImpl (RaftServerImpl.java:setRole(184)) - 7fc3dcce-a523-45fc-b6d6-b2bad08ce4da@group-29467ABC0BF0: changes role from CANDIDATE to FOLLOWER at term 47 for DISCOVERED_A_NEW_TERM
2019-11-04 16:47:29,506 [7fc3dcce-a523-45fc-b6d6-b2bad08ce4da@group-29467ABC0BF0-LeaderElection3560] INFO  impl.RoleInfo (RoleInfo.java:shutdownLeaderElection(134)) - 7fc3dcce-a523-45fc-b6d6-b2bad08ce4da: shutdown LeaderElection
2019-11-04 16:47:29,506 [7fc3dcce-a523-45fc-b6d6-b2bad08ce4da@group-29467ABC0BF0-LeaderElection3560] INFO  impl.RoleInfo (RoleInfo.java:updateAndGet(143)) - 7fc3dcce-a523-45fc-b6d6-b2bad08ce4da: start FollowerState
2019-11-04 16:47:29,687 [Thread-25441] INFO  impl.FollowerState (FollowerState.java:run(108)) - 7fc3dcce-a523-45fc-b6d6-b2bad08ce4da@group-29467ABC0BF0-FollowerState: change to CANDIDATE, lastRpcTime:181ms, electionTimeout:181ms
2019-11-04 16:47:29,688 [Thread-25441] INFO  impl.RoleInfo (RoleInfo.java:shutdownFollowerState(121)) - 7fc3dcce-a523-45fc-b6d6-b2bad08ce4da: shutdown FollowerState
2019-11-04 16:47:29,688 [Thread-25441] INFO  impl.RaftServerImpl (RaftServerImpl.java:setRole(184)) - 7fc3dcce-a523-45fc-b6d6-b2bad08ce4da@group-29467ABC0BF0: changes role from  FOLLOWER to CANDIDATE at term 47 for changeToCandidate
2019-11-04 16:47:29,688 [Thread-25441] INFO  impl.RoleInfo (RoleInfo.java:updateAndGet(143)) - 7fc3dcce-a523-45fc-b6d6-b2bad08ce4da: start LeaderElection
2019-11-04 16:47:29,708 [7fc3dcce-a523-45fc-b6d6-b2bad08ce4da@group-29467ABC0BF0-LeaderElection3561] INFO  impl.LeaderElection (LeaderElection.java:askForVotes(178)) - 7fc3dcce-a523-45fc-b6d6-b2bad08ce4da@group-29467ABC0BF0-LeaderElection3561: begin an election at term 48 for -1: [2911c1bb-ca7b-4253-a902-f80f167657b1:192.168.157.194:45844, 7fc3dcce-a523-45fc-b6d6-b2bad08ce4da:192.168.157.194:35647, 18bcd373-7631-4e7c-b817-d7839f17bf5a:192.168.157.194:38252], old=null
2019-11-04 16:47:29,709 [grpc-default-executor-17] INFO  impl.RaftServerImpl (RaftServerImpl.java:setRole(184)) - 2911c1bb-ca7b-4253-a902-f80f167657b1@group-29467ABC0BF0: changes role from  FOLLOWER to FOLLOWER at term 48 for recognizeCandidate:7fc3dcce-a523-45fc-b6d6-b2bad08ce4da
2019-11-04 16:47:29,709 [grpc-default-executor-17] INFO  impl.RoleInfo (RoleInfo.java:shutdownFollowerState(121)) - 2911c1bb-ca7b-4253-a902-f80f167657b1: shutdown FollowerState
2019-11-04 16:47:29,709 [grpc-default-executor-17] INFO  impl.RoleInfo (RoleInfo.java:updateAndGet(143)) - 2911c1bb-ca7b-4253-a902-f80f167657b1: start FollowerState
2019-11-04 16:47:29,709 [grpc-default-executor-3] INFO  impl.RaftServerImpl (RaftServerImpl.java:setRole(184)) - 18bcd373-7631-4e7c-b817-d7839f17bf5a@group-29467ABC0BF0: changes role from  FOLLOWER to FOLLOWER at term 48 for recognizeCandidate:7fc3dcce-a523-45fc-b6d6-b2bad08ce4da
2019-11-04 16:47:29,709 [grpc-default-executor-3] INFO  impl.RoleInfo (RoleInfo.java:shutdownFollowerState(121)) - 18bcd373-7631-4e7c-b817-d7839f17bf5a: shutdown FollowerState
2019-11-04 16:47:29,709 [Thread-25433] INFO  impl.FollowerState (FollowerState.java:run(117)) - 2911c1bb-ca7b-4253-a902-f80f167657b1@group-29467ABC0BF0-FollowerState was interrupted: java.lang.InterruptedException: sleep interrupted
2019-11-04 16:47:29,709 [Thread-25434] INFO  impl.FollowerState (FollowerState.java:run(117)) - 18bcd373-7631-4e7c-b817-d7839f17bf5a@group-29467ABC0BF0-FollowerState was interrupted: java.lang.InterruptedException: sleep interrupted
2019-11-04 16:47:29,709 [grpc-default-executor-3] INFO  impl.RoleInfo (RoleInfo.java:updateAndGet(143)) - 18bcd373-7631-4e7c-b817-d7839f17bf5a: start FollowerState
2019-11-04 16:47:29,720 [7fc3dcce-a523-45fc-b6d6-b2bad08ce4da@group-29467ABC0BF0-LeaderElection3561] INFO  impl.LeaderElection (LeaderElection.java:logAndReturn(56)) - 7fc3dcce-a523-45fc-b6d6-b2bad08ce4da@group-29467ABC0BF0-LeaderElection3561: Election TIMEOUT; received 0 response(s) [] and 0 exception(s); 7fc3dcce-a523-45fc-b6d6-b2bad08ce4da@group-29467ABC0BF0:t48, leader=null, voted=7fc3dcce-a523-45fc-b6d6-b2bad08ce4da, raftlog=7fc3dcce-a523-45fc-b6d6-b2bad08ce4da@group-29467ABC0BF0-SegmentedRaftLog:OPENED:c-1,f-1,i0, conf=-1: [2911c1bb-ca7b-4253-a902-f80f167657b1:192.168.157.194:45844, 7fc3dcce-a523-45fc-b6d6-b2bad08ce4da:192.168.157.194:35647, 18bcd373-7631-4e7c-b817-d7839f17bf5a:192.168.157.194:38252], old=null
2019-11-04 16:47:29,729 [7fc3dcce-a523-45fc-b6d6-b2bad08ce4da@group-29467ABC0BF0-LeaderElection3561] INFO  impl.LeaderElection (LeaderElection.java:askForVotes(178)) - 7fc3dcce-a523-45fc-b6d6-b2bad08ce4da@group-29467ABC0BF0-LeaderElection3561: begin an election at term 49 for -1: [2911c1bb-ca7b-4253-a902-f80f167657b1:192.168.157.194:45844, 7fc3dcce-a523-45fc-b6d6-b2bad08ce4da:192.168.157.194:35647, 18bcd373-7631-4e7c-b817-d7839f17bf5a:192.168.157.194:38252], old=null
2019-11-04 16:47:29,730 [grpc-default-executor-17] INFO  impl.RaftServerImpl (RaftServerImpl.java:setRole(184)) - 2911c1bb-ca7b-4253-a902-f80f167657b1@group-29467ABC0BF0: changes role from  FOLLOWER to FOLLOWER at term 49 for recognizeCandidate:7fc3dcce-a523-45fc-b6d6-b2bad08ce4da
2019-11-04 16:47:29,730 [grpc-default-executor-17] INFO  impl.RoleInfo (RoleInfo.java:shutdownFollowerState(121)) - 2911c1bb-ca7b-4253-a902-f80f167657b1: shutdown FollowerState
2019-11-04 16:47:29,730 [grpc-default-executor-3] INFO  impl.RaftServerImpl (RaftServerImpl.java:setRole(184)) - 18bcd373-7631-4e7c-b817-d7839f17bf5a@group-29467ABC0BF0: changes role from  FOLLOWER to FOLLOWER at term 49 for recognizeCandidate:7fc3dcce-a523-45fc-b6d6-b2bad08ce4da
2019-11-04 16:47:29,730 [Thread-25454] INFO  impl.FollowerState (FollowerState.java:run(117)) - 2911c1bb-ca7b-4253-a902-f80f167657b1@group-29467ABC0BF0-FollowerState was interrupted: java.lang.InterruptedException: sleep interrupted
2019-11-04 16:47:29,730 [grpc-default-executor-17] INFO  impl.RoleInfo (RoleInfo.java:updateAndGet(143)) - 2911c1bb-ca7b-4253-a902-f80f167657b1: start FollowerState
2019-11-04 16:47:29,730 [grpc-default-executor-3] INFO  impl.RoleInfo (RoleInfo.java:shutdownFollowerState(121)) - 18bcd373-7631-4e7c-b817-d7839f17bf5a: shutdown FollowerState
2019-11-04 16:47:29,731 [grpc-default-executor-3] INFO  impl.RoleInfo (RoleInfo.java:updateAndGet(143)) - 18bcd373-7631-4e7c-b817-d7839f17bf5a: start FollowerState
2019-11-04 16:47:29,731 [Thread-25455] INFO  impl.FollowerState (FollowerState.java:run(117)) - 18bcd373-7631-4e7c-b817-d7839f17bf5a@group-29467ABC0BF0-FollowerState was interrupted: java.lang.InterruptedException: sleep interrupted
2019-11-04 16:47:29,742 [7fc3dcce-a523-45fc-b6d6-b2bad08ce4da@group-29467ABC0BF0-LeaderElection3561] INFO  impl.LeaderElection (LeaderElection.java:logAndReturn(56)) - 7fc3dcce-a523-45fc-b6d6-b2bad08ce4da@group-29467ABC0BF0-LeaderElection3561: Election REJECTED; received 2 response(s) [7fc3dcce-a523-45fc-b6d6-b2bad08ce4da<-2911c1bb-ca7b-4253-a902-f80f167657b1#0:FAIL-t49, 7fc3dcce-a523-45fc-b6d6-b2bad08ce4da<-18bcd373-7631-4e7c-b817-d7839f17bf5a#0:FAIL-t49] and 0 exception(s); 7fc3dcce-a523-45fc-b6d6-b2bad08ce4da@group-29467ABC0BF0:t49, leader=null, voted=7fc3dcce-a523-45fc-b6d6-b2bad08ce4da, raftlog=7fc3dcce-a523-45fc-b6d6-b2bad08ce4da@group-29467ABC0BF0-SegmentedRaftLog:OPENED:c-1,f-1,i0, conf=-1: [2911c1bb-ca7b-4253-a902-f80f167657b1:192.168.157.194:45844, 7fc3dcce-a523-45fc-b6d6-b2bad08ce4da:192.168.157.194:35647, 18bcd373-7631-4e7c-b817-d7839f17bf5a:192.168.157.194:38252], old=null
2019-11-04 16:47:29,742 [7fc3dcce-a523-45fc-b6d6-b2bad08ce4da@group-29467ABC0BF0-LeaderElection3561] INFO  impl.RaftServerImpl (RaftServerImpl.java:setRole(184)) - 7fc3dcce-a523-45fc-b6d6-b2bad08ce4da@group-29467ABC0BF0: changes role from CANDIDATE to FOLLOWER at term 49 for DISCOVERED_A_NEW_TERM
2019-11-04 16:47:29,742 [7fc3dcce-a523-45fc-b6d6-b2bad08ce4da@group-29467ABC0BF0-LeaderElection3561] INFO  impl.RoleInfo (RoleInfo.java:shutdownLeaderElection(134)) - 7fc3dcce-a523-45fc-b6d6-b2bad08ce4da: shutdown LeaderElection
2019-11-04 16:47:29,742 [7fc3dcce-a523-45fc-b6d6-b2bad08ce4da@group-29467ABC0BF0-LeaderElection3561] INFO  impl.RoleInfo (RoleInfo.java:updateAndGet(143)) - 7fc3dcce-a523-45fc-b6d6-b2bad08ce4da: start FollowerState
2019-11-04 16:47:29,876 [Thread-25460] INFO  impl.FollowerState (FollowerState.java:run(108)) - 7fc3dcce-a523-45fc-b6d6-b2bad08ce4da@group-29467ABC0BF0-FollowerState: change to CANDIDATE, lastRpcTime:134ms, electionTimeout:134ms
2019-11-04 16:47:29,877 [Thread-25460] INFO  impl.RoleInfo (RoleInfo.java:shutdownFollowerState(121)) - 7fc3dcce-a523-45fc-b6d6-b2bad08ce4da: shutdown FollowerState
2019-11-04 16:47:29,877 [Thread-25460] INFO  impl.RaftServerImpl (RaftServerImpl.java:setRole(184)) - 7fc3dcce-a523-45fc-b6d6-b2bad08ce4da@group-29467ABC0BF0: changes role from  FOLLOWER to CANDIDATE at term 49 for changeToCandidate
2019-11-04 16:47:29,877 [Thread-25460] INFO  impl.RoleInfo (RoleInfo.java:updateAndGet(143)) - 7fc3dcce-a523-45fc-b6d6-b2bad08ce4da: start LeaderElection
2019-11-04 16:47:29,886 [7fc3dcce-a523-45fc-b6d6-b2bad08ce4da@group-29467ABC0BF0-LeaderElection3562] INFO  impl.LeaderElection (LeaderElection.java:askForVotes(178)) - 7fc3dcce-a523-45fc-b6d6-b2bad08ce4da@group-29467ABC0BF0-LeaderElection3562: begin an election at term 50 for -1: [2911c1bb-ca7b-4253-a902-f80f167657b1:192.168.157.194:45844, 7fc3dcce-a523-45fc-b6d6-b2bad08ce4da:192.168.157.194:35647, 18bcd373-7631-4e7c-b817-d7839f17bf5a:192.168.157.194:38252], old=null
2019-11-04 16:47:29,887 [grpc-default-executor-3] INFO  impl.RaftServerImpl (RaftServerImpl.java:setRole(184)) - 2911c1bb-ca7b-4253-a902-f80f167657b1@group-29467ABC0BF0: changes role from  FOLLOWER to FOLLOWER at term 50 for recognizeCandidate:7fc3dcce-a523-45fc-b6d6-b2bad08ce4da
2019-11-04 16:47:29,887 [grpc-default-executor-3] INFO  impl.RoleInfo (RoleInfo.java:shutdownFollowerState(121)) - 2911c1bb-ca7b-4253-a902-f80f167657b1: shutdown FollowerState
2019-11-04 16:47:29,887 [grpc-default-executor-3] INFO  impl.RoleInfo (RoleInfo.java:updateAndGet(143)) - 2911c1bb-ca7b-4253-a902-f80f167657b1: start FollowerState
2019-11-04 16:47:29,887 [Thread-25458] INFO  impl.FollowerState (FollowerState.java:run(117)) - 2911c1bb-ca7b-4253-a902-f80f167657b1@group-29467ABC0BF0-FollowerState was interrupted: java.lang.InterruptedException: sleep interrupted
2019-11-04 16:47:29,887 [grpc-default-executor-17] INFO  impl.RaftServerImpl (RaftServerImpl.java:setRole(184)) - 18bcd373-7631-4e7c-b817-d7839f17bf5a@group-29467ABC0BF0: changes role from  FOLLOWER to FOLLOWER at term 50 for recognizeCandidate:7fc3dcce-a523-45fc-b6d6-b2bad08ce4da
2019-11-04 16:47:29,887 [grpc-default-executor-17] INFO  impl.RoleInfo (RoleInfo.java:shutdownFollowerState(121)) - 18bcd373-7631-4e7c-b817-d7839f17bf5a: shutdown FollowerState
2019-11-04 16:47:29,887 [grpc-default-executor-17] INFO  impl.RoleInfo (RoleInfo.java:updateAndGet(143)) - 18bcd373-7631-4e7c-b817-d7839f17bf5a: start FollowerState
2019-11-04 16:47:29,887 [Thread-25459] INFO  impl.FollowerState (FollowerState.java:run(117)) - 18bcd373-7631-4e7c-b817-d7839f17bf5a@group-29467ABC0BF0-FollowerState was interrupted: java.lang.InterruptedException: sleep interrupted
2019-11-04 16:47:29,898 [7fc3dcce-a523-45fc-b6d6-b2bad08ce4da@group-29467ABC0BF0-LeaderElection3562] INFO  impl.LeaderElection (LeaderElection.java:logAndReturn(56)) - 7fc3dcce-a523-45fc-b6d6-b2bad08ce4da@group-29467ABC0BF0-LeaderElection3562: Election REJECTED; received 2 response(s) [7fc3dcce-a523-45fc-b6d6-b2bad08ce4da<-2911c1bb-ca7b-4253-a902-f80f167657b1#0:FAIL-t50, 7fc3dcce-a523-45fc-b6d6-b2bad08ce4da<-18bcd373-7631-4e7c-b817-d7839f17bf5a#0:FAIL-t50] and 0 exception(s); 7fc3dcce-a523-45fc-b6d6-b2bad08ce4da@group-29467ABC0BF0:t50, leader=null, voted=7fc3dcce-a523-45fc-b6d6-b2bad08ce4da, raftlog=7fc3dcce-a523-45fc-b6d6-b2bad08ce4da@group-29467ABC0BF0-SegmentedRaftLog:OPENED:c-1,f-1,i0, conf=-1: [2911c1bb-ca7b-4253-a902-f80f167657b1:192.168.157.194:45844, 7fc3dcce-a523-45fc-b6d6-b2bad08ce4da:192.168.157.194:35647, 18bcd373-7631-4e7c-b817-d7839f17bf5a:192.168.157.194:38252], old=null
2019-11-04 16:47:29,898 [7fc3dcce-a523-45fc-b6d6-b2bad08ce4da@group-29467ABC0BF0-LeaderElection3562] INFO  impl.RaftServerImpl (RaftServerImpl.java:setRole(184)) - 7fc3dcce-a523-45fc-b6d6-b2bad08ce4da@group-29467ABC0BF0: changes role from CANDIDATE to FOLLOWER at term 50 for DISCOVERED_A_NEW_TERM
2019-11-04 16:47:29,898 [7fc3dcce-a523-45fc-b6d6-b2bad08ce4da@group-29467ABC0BF0-LeaderElection3562] INFO  impl.RoleInfo (RoleInfo.java:shutdownLeaderElection(134)) - 7fc3dcce-a523-45fc-b6d6-b2bad08ce4da: shutdown LeaderElection
2019-11-04 16:47:29,899 [7fc3dcce-a523-45fc-b6d6-b2bad08ce4da@group-29467ABC0BF0-LeaderElection3562] INFO  impl.RoleInfo (RoleInfo.java:updateAndGet(143)) - 7fc3dcce-a523-45fc-b6d6-b2bad08ce4da: start FollowerState
2019-11-04 16:47:30,032 [Datanode State Machine Thread - 0] INFO  statemachine.DatanodeStateMachine (DatanodeStateMachine.java:lambda$startDaemon$0(350)) - Ozone container server started.
2019-11-04 16:47:30,090 [Thread-25466] INFO  impl.FollowerState (FollowerState.java:run(108)) - 7fc3dcce-a523-45fc-b6d6-b2bad08ce4da@group-29467ABC0BF0-FollowerState: change to CANDIDATE, lastRpcTime:191ms, electionTimeout:191ms
2019-11-04 16:47:30,090 [Thread-25466] INFO  impl.RoleInfo (RoleInfo.java:shutdownFollowerState(121)) - 7fc3dcce-a523-45fc-b6d6-b2bad08ce4da: shutdown FollowerState
2019-11-04 16:47:30,090 [Thread-25466] INFO  impl.RaftServerImpl (RaftServerImpl.java:setRole(184)) - 7fc3dcce-a523-45fc-b6d6-b2bad08ce4da@group-29467ABC0BF0: changes role from  FOLLOWER to CANDIDATE at term 50 for changeToCandidate
2019-11-04 16:47:30,090 [Thread-25466] INFO  impl.RoleInfo (RoleInfo.java:updateAndGet(143)) - 7fc3dcce-a523-45fc-b6d6-b2bad08ce4da: start LeaderElection
2019-11-04 16:47:30,102 [7fc3dcce-a523-45fc-b6d6-b2bad08ce4da@group-29467ABC0BF0-LeaderElection3563] INFO  impl.LeaderElection (LeaderElection.java:askForVotes(178)) - 7fc3dcce-a523-45fc-b6d6-b2bad08ce4da@group-29467ABC0BF0-LeaderElection3563: begin an election at term 51 for -1: [2911c1bb-ca7b-4253-a902-f80f167657b1:192.168.157.194:45844, 7fc3dcce-a523-45fc-b6d6-b2bad08ce4da:192.168.157.194:35647, 18bcd373-7631-4e7c-b817-d7839f17bf5a:192.168.157.194:38252], old=null
2019-11-04 16:47:30,103 [grpc-default-executor-17] INFO  impl.RaftServerImpl (RaftServerImpl.java:setRole(184)) - 2911c1bb-ca7b-4253-a902-f80f167657b1@group-29467ABC0BF0: changes role from  FOLLOWER to FOLLOWER at term 51 for recognizeCandidate:7fc3dcce-a523-45fc-b6d6-b2bad08ce4da
2019-11-04 16:47:30,103 [grpc-default-executor-3] INFO  impl.RaftServerImpl (RaftServerImpl.java:setRole(184)) - 18bcd373-7631-4e7c-b817-d7839f17bf5a@group-29467ABC0BF0: changes role from  FOLLOWER to FOLLOWER at term 51 for recognizeCandidate:7fc3dcce-a523-45fc-b6d6-b2bad08ce4da
2019-11-04 16:47:30,103 [grpc-default-executor-17] INFO  impl.RoleInfo (RoleInfo.java:shutdownFollowerState(121)) - 2911c1bb-ca7b-4253-a902-f80f167657b1: shutdown FollowerState
2019-11-04 16:47:30,103 [grpc-default-executor-3] INFO  impl.RoleInfo (RoleInfo.java:shutdownFollowerState(121)) - 18bcd373-7631-4e7c-b817-d7839f17bf5a: shutdown FollowerState
2019-11-04 16:47:30,104 [Thread-25464] INFO  impl.FollowerState (FollowerState.java:run(117)) - 2911c1bb-ca7b-4253-a902-f80f167657b1@group-29467ABC0BF0-FollowerState was interrupted: java.lang.InterruptedException: sleep interrupted
2019-11-04 16:47:30,104 [grpc-default-executor-17] INFO  impl.RoleInfo (RoleInfo.java:updateAndGet(143)) - 2911c1bb-ca7b-4253-a902-f80f167657b1: start FollowerState
2019-11-04 16:47:30,104 [Thread-25465] INFO  impl.FollowerState (FollowerState.java:run(117)) - 18bcd373-7631-4e7c-b817-d7839f17bf5a@group-29467ABC0BF0-FollowerState was interrupted: java.lang.InterruptedException: sleep interrupted
2019-11-04 16:47:30,104 [grpc-default-executor-3] INFO  impl.RoleInfo (RoleInfo.java:updateAndGet(143)) - 18bcd373-7631-4e7c-b817-d7839f17bf5a: start FollowerState
2019-11-04 16:47:30,114 [7fc3dcce-a523-45fc-b6d6-b2bad08ce4da@group-29467ABC0BF0-LeaderElection3563] INFO  impl.LeaderElection (LeaderElection.java:logAndReturn(56)) - 7fc3dcce-a523-45fc-b6d6-b2bad08ce4da@group-29467ABC0BF0-LeaderElection3563: Election REJECTED; received 2 response(s) [7fc3dcce-a523-45fc-b6d6-b2bad08ce4da<-2911c1bb-ca7b-4253-a902-f80f167657b1#0:FAIL-t51, 7fc3dcce-a523-45fc-b6d6-b2bad08ce4da<-18bcd373-7631-4e7c-b817-d7839f17bf5a#0:FAIL-t51] and 0 exception(s); 7fc3dcce-a523-45fc-b6d6-b2bad08ce4da@group-29467ABC0BF0:t51, leader=null, voted=7fc3dcce-a523-45fc-b6d6-b2bad08ce4da, raftlog=7fc3dcce-a523-45fc-b6d6-b2bad08ce4da@group-29467ABC0BF0-SegmentedRaftLog:OPENED:c-1,f-1,i0, conf=-1: [2911c1bb-ca7b-4253-a902-f80f167657b1:192.168.157.194:45844, 7fc3dcce-a523-45fc-b6d6-b2bad08ce4da:192.168.157.194:35647, 18bcd373-7631-4e7c-b817-d7839f17bf5a:192.168.157.194:38252], old=null
2019-11-04 16:47:30,114 [7fc3dcce-a523-45fc-b6d6-b2bad08ce4da@group-29467ABC0BF0-LeaderElection3563] INFO  impl.RaftServerImpl (RaftServerImpl.java:setRole(184)) - 7fc3dcce-a523-45fc-b6d6-b2bad08ce4da@group-29467ABC0BF0: changes role from CANDIDATE to FOLLOWER at term 51 for DISCOVERED_A_NEW_TERM
2019-11-04 16:47:30,114 [7fc3dcce-a523-45fc-b6d6-b2bad08ce4da@group-29467ABC0BF0-LeaderElection3563] INFO  impl.RoleInfo (RoleInfo.java:shutdownLeaderElection(134)) - 7fc3dcce-a523-45fc-b6d6-b2bad08ce4da: shutdown LeaderElection
2019-11-04 16:47:30,114 [7fc3dcce-a523-45fc-b6d6-b2bad08ce4da@group-29467ABC0BF0-LeaderElection3563] INFO  impl.RoleInfo (RoleInfo.java:updateAndGet(143)) - 7fc3dcce-a523-45fc-b6d6-b2bad08ce4da: start FollowerState
2019-11-04 16:47:30,248 [Thread-25474] INFO  impl.FollowerState (FollowerState.java:run(108)) - 7fc3dcce-a523-45fc-b6d6-b2bad08ce4da@group-29467ABC0BF0-FollowerState: change to CANDIDATE, lastRpcTime:133ms, electionTimeout:133ms
2019-11-04 16:47:30,248 [Thread-25474] INFO  impl.RoleInfo (RoleInfo.java:shutdownFollowerState(121)) - 7fc3dcce-a523-45fc-b6d6-b2bad08ce4da: shutdown FollowerState
2019-11-04 16:47:30,248 [Thread-25474] INFO  impl.RaftServerImpl (RaftServerImpl.java:setRole(184)) - 7fc3dcce-a523-45fc-b6d6-b2bad08ce4da@group-29467ABC0BF0: changes role from  FOLLOWER to CANDIDATE at term 51 for changeToCandidate
2019-11-04 16:47:30,248 [Thread-25474] INFO  impl.RoleInfo (RoleInfo.java:updateAndGet(143)) - 7fc3dcce-a523-45fc-b6d6-b2bad08ce4da: start LeaderElection
2019-11-04 16:47:30,263 [7fc3dcce-a523-45fc-b6d6-b2bad08ce4da@group-29467ABC0BF0-LeaderElection3564] INFO  impl.LeaderElection (LeaderElection.java:askForVotes(178)) - 7fc3dcce-a523-45fc-b6d6-b2bad08ce4da@group-29467ABC0BF0-LeaderElection3564: begin an election at term 52 for -1: [2911c1bb-ca7b-4253-a902-f80f167657b1:192.168.157.194:45844, 7fc3dcce-a523-45fc-b6d6-b2bad08ce4da:192.168.157.194:35647, 18bcd373-7631-4e7c-b817-d7839f17bf5a:192.168.157.194:38252], old=null
2019-11-04 16:47:30,265 [grpc-default-executor-17] INFO  impl.RaftServerImpl (RaftServerImpl.java:setRole(184)) - 18bcd373-7631-4e7c-b817-d7839f17bf5a@group-29467ABC0BF0: changes role from  FOLLOWER to FOLLOWER at term 52 for recognizeCandidate:7fc3dcce-a523-45fc-b6d6-b2bad08ce4da
2019-11-04 16:47:30,265 [grpc-default-executor-3] INFO  impl.RaftServerImpl (RaftServerImpl.java:setRole(184)) - 2911c1bb-ca7b-4253-a902-f80f167657b1@group-29467ABC0BF0: changes role from  FOLLOWER to FOLLOWER at term 52 for recognizeCandidate:7fc3dcce-a523-45fc-b6d6-b2bad08ce4da
2019-11-04 16:47:30,265 [grpc-default-executor-3] INFO  impl.RoleInfo (RoleInfo.java:shutdownFollowerState(121)) - 2911c1bb-ca7b-4253-a902-f80f167657b1: shutdown FollowerState
2019-11-04 16:47:30,265 [grpc-default-executor-17] INFO  impl.RoleInfo (RoleInfo.java:shutdownFollowerState(121)) - 18bcd373-7631-4e7c-b817-d7839f17bf5a: shutdown FollowerState
2019-11-04 16:47:30,265 [Thread-25472] INFO  impl.FollowerState (FollowerState.java:run(117)) - 2911c1bb-ca7b-4253-a902-f80f167657b1@group-29467ABC0BF0-FollowerState was interrupted: java.lang.InterruptedException: sleep interrupted
2019-11-04 16:47:30,265 [Thread-25473] INFO  impl.FollowerState (FollowerState.java:run(117)) - 18bcd373-7631-4e7c-b817-d7839f17bf5a@group-29467ABC0BF0-FollowerState was interrupted: java.lang.InterruptedException: sleep interrupted
2019-11-04 16:47:30,265 [grpc-default-executor-3] INFO  impl.RoleInfo (RoleInfo.java:updateAndGet(143)) - 2911c1bb-ca7b-4253-a902-f80f167657b1: start FollowerState
2019-11-04 16:47:30,265 [grpc-default-executor-17] INFO  impl.RoleInfo (RoleInfo.java:updateAndGet(143)) - 18bcd373-7631-4e7c-b817-d7839f17bf5a: start FollowerState
2019-11-04 16:47:30,291 [7fc3dcce-a523-45fc-b6d6-b2bad08ce4da@group-29467ABC0BF0-LeaderElection3564] INFO  impl.LeaderElection (LeaderElection.java:logAndReturn(56)) - 7fc3dcce-a523-45fc-b6d6-b2bad08ce4da@group-29467ABC0BF0-LeaderElection3564: Election REJECTED; received 2 response(s) [7fc3dcce-a523-45fc-b6d6-b2bad08ce4da<-2911c1bb-ca7b-4253-a902-f80f167657b1#0:FAIL-t52, 7fc3dcce-a523-45fc-b6d6-b2bad08ce4da<-18bcd373-7631-4e7c-b817-d7839f17bf5a#0:FAIL-t52] and 0 exception(s); 7fc3dcce-a523-45fc-b6d6-b2bad08ce4da@group-29467ABC0BF0:t52, leader=null, voted=7fc3dcce-a523-45fc-b6d6-b2bad08ce4da, raftlog=7fc3dcce-a523-45fc-b6d6-b2bad08ce4da@group-29467ABC0BF0-SegmentedRaftLog:OPENED:c-1,f-1,i0, conf=-1: [2911c1bb-ca7b-4253-a902-f80f167657b1:192.168.157.194:45844, 7fc3dcce-a523-45fc-b6d6-b2bad08ce4da:192.168.157.194:35647, 18bcd373-7631-4e7c-b817-d7839f17bf5a:192.168.157.194:38252], old=null
2019-11-04 16:47:30,291 [7fc3dcce-a523-45fc-b6d6-b2bad08ce4da@group-29467ABC0BF0-LeaderElection3564] INFO  impl.RaftServerImpl (RaftServerImpl.java:setRole(184)) - 7fc3dcce-a523-45fc-b6d6-b2bad08ce4da@group-29467ABC0BF0: changes role from CANDIDATE to FOLLOWER at term 52 for DISCOVERED_A_NEW_TERM
2019-11-04 16:47:30,291 [7fc3dcce-a523-45fc-b6d6-b2bad08ce4da@group-29467ABC0BF0-LeaderElection3564] INFO  impl.RoleInfo (RoleInfo.java:shutdownLeaderElection(134)) - 7fc3dcce-a523-45fc-b6d6-b2bad08ce4da: shutdown LeaderElection
2019-11-04 16:47:30,292 [7fc3dcce-a523-45fc-b6d6-b2bad08ce4da@group-29467ABC0BF0-LeaderElection3564] INFO  impl.RoleInfo (RoleInfo.java:updateAndGet(143)) - 7fc3dcce-a523-45fc-b6d6-b2bad08ce4da: start FollowerState
2019-11-04 16:47:30,426 [Thread-25482] INFO  impl.FollowerState (FollowerState.java:run(108)) - 7fc3dcce-a523-45fc-b6d6-b2bad08ce4da@group-29467ABC0BF0-FollowerState: change to CANDIDATE, lastRpcTime:134ms, electionTimeout:134ms
2019-11-04 16:47:30,426 [Thread-25482] INFO  impl.RoleInfo (RoleInfo.java:shutdownFollowerState(121)) - 7fc3dcce-a523-45fc-b6d6-b2bad08ce4da: shutdown FollowerState
2019-11-04 16:47:30,426 [Thread-25482] INFO  impl.RaftServerImpl (RaftServerImpl.java:setRole(184)) - 7fc3dcce-a523-45fc-b6d6-b2bad08ce4da@group-29467ABC0BF0: changes role from  FOLLOWER to CANDIDATE at term 52 for changeToCandidate
2019-11-04 16:47:30,426 [Thread-25482] INFO  impl.RoleInfo (RoleInfo.java:updateAndGet(143)) - 7fc3dcce-a523-45fc-b6d6-b2bad08ce4da: start LeaderElection
2019-11-04 16:47:30,440 [7fc3dcce-a523-45fc-b6d6-b2bad08ce4da@group-29467ABC0BF0-LeaderElection3565] INFO  impl.LeaderElection (LeaderElection.java:askForVotes(178)) - 7fc3dcce-a523-45fc-b6d6-b2bad08ce4da@group-29467ABC0BF0-LeaderElection3565: begin an election at term 53 for -1: [2911c1bb-ca7b-4253-a902-f80f167657b1:192.168.157.194:45844, 7fc3dcce-a523-45fc-b6d6-b2bad08ce4da:192.168.157.194:35647, 18bcd373-7631-4e7c-b817-d7839f17bf5a:192.168.157.194:38252], old=null
2019-11-04 16:47:30,441 [grpc-default-executor-3] INFO  impl.RaftServerImpl (RaftServerImpl.java:setRole(184)) - 2911c1bb-ca7b-4253-a902-f80f167657b1@group-29467ABC0BF0: changes role from  FOLLOWER to FOLLOWER at term 53 for recognizeCandidate:7fc3dcce-a523-45fc-b6d6-b2bad08ce4da
2019-11-04 16:47:30,441 [grpc-default-executor-3] INFO  impl.RoleInfo (RoleInfo.java:shutdownFollowerState(121)) - 2911c1bb-ca7b-4253-a902-f80f167657b1: shutdown FollowerState
2019-11-04 16:47:30,441 [grpc-default-executor-17] INFO  impl.RaftServerImpl (RaftServerImpl.java:setRole(184)) - 18bcd373-7631-4e7c-b817-d7839f17bf5a@group-29467ABC0BF0: changes role from  FOLLOWER to FOLLOWER at term 53 for recognizeCandidate:7fc3dcce-a523-45fc-b6d6-b2bad08ce4da
2019-11-04 16:47:30,441 [grpc-default-executor-17] INFO  impl.RoleInfo (RoleInfo.java:shutdownFollowerState(121)) - 18bcd373-7631-4e7c-b817-d7839f17bf5a: shutdown FollowerState
2019-11-04 16:47:30,441 [grpc-default-executor-3] INFO  impl.RoleInfo (RoleInfo.java:updateAndGet(143)) - 2911c1bb-ca7b-4253-a902-f80f167657b1: start FollowerState
2019-11-04 16:47:30,442 [Thread-25481] INFO  impl.FollowerState (FollowerState.java:run(117)) - 18bcd373-7631-4e7c-b817-d7839f17bf5a@group-29467ABC0BF0-FollowerState was interrupted: java.lang.InterruptedException: sleep interrupted
2019-11-04 16:47:30,442 [grpc-default-executor-17] INFO  impl.RoleInfo (RoleInfo.java:updateAndGet(143)) - 18bcd373-7631-4e7c-b817-d7839f17bf5a: start FollowerState
2019-11-04 16:47:30,441 [Thread-25480] INFO  impl.FollowerState (FollowerState.java:run(117)) - 2911c1bb-ca7b-4253-a902-f80f167657b1@group-29467ABC0BF0-FollowerState was interrupted: java.lang.InterruptedException: sleep interrupted
2019-11-04 16:47:30,450 [7fc3dcce-a523-45fc-b6d6-b2bad08ce4da@group-29467ABC0BF0-LeaderElection3565] INFO  impl.LeaderElection (LeaderElection.java:logAndReturn(56)) - 7fc3dcce-a523-45fc-b6d6-b2bad08ce4da@group-29467ABC0BF0-LeaderElection3565: Election REJECTED; received 2 response(s) [7fc3dcce-a523-45fc-b6d6-b2bad08ce4da<-2911c1bb-ca7b-4253-a902-f80f167657b1#0:FAIL-t53, 7fc3dcce-a523-45fc-b6d6-b2bad08ce4da<-18bcd373-7631-4e7c-b817-d7839f17bf5a#0:FAIL-t53] and 0 exception(s); 7fc3dcce-a523-45fc-b6d6-b2bad08ce4da@group-29467ABC0BF0:t53, leader=null, voted=7fc3dcce-a523-45fc-b6d6-b2bad08ce4da, raftlog=7fc3dcce-a523-45fc-b6d6-b2bad08ce4da@group-29467ABC0BF0-SegmentedRaftLog:OPENED:c-1,f-1,i0, conf=-1: [2911c1bb-ca7b-4253-a902-f80f167657b1:192.168.157.194:45844, 7fc3dcce-a523-45fc-b6d6-b2bad08ce4da:192.168.157.194:35647, 18bcd373-7631-4e7c-b817-d7839f17bf5a:192.168.157.194:38252], old=null
2019-11-04 16:47:30,450 [7fc3dcce-a523-45fc-b6d6-b2bad08ce4da@group-29467ABC0BF0-LeaderElection3565] INFO  impl.RaftServerImpl (RaftServerImpl.java:setRole(184)) - 7fc3dcce-a523-45fc-b6d6-b2bad08ce4da@group-29467ABC0BF0: changes role from CANDIDATE to FOLLOWER at term 53 for DISCOVERED_A_NEW_TERM
2019-11-04 16:47:30,450 [7fc3dcce-a523-45fc-b6d6-b2bad08ce4da@group-29467ABC0BF0-LeaderElection3565] INFO  impl.RoleInfo (RoleInfo.java:shutdownLeaderElection(134)) - 7fc3dcce-a523-45fc-b6d6-b2bad08ce4da: shutdown LeaderElection
2019-11-04 16:47:30,450 [7fc3dcce-a523-45fc-b6d6-b2bad08ce4da@group-29467ABC0BF0-LeaderElection3565] INFO  impl.RoleInfo (RoleInfo.java:updateAndGet(143)) - 7fc3dcce-a523-45fc-b6d6-b2bad08ce4da: start FollowerState
2019-11-04 16:47:30,624 [Thread-25488] INFO  impl.FollowerState (FollowerState.java:run(108)) - 7fc3dcce-a523-45fc-b6d6-b2bad08ce4da@group-29467ABC0BF0-FollowerState: change to CANDIDATE, lastRpcTime:173ms, electionTimeout:173ms
2019-11-04 16:47:30,624 [Thread-25488] INFO  impl.RoleInfo (RoleInfo.java:shutdownFollowerState(121)) - 7fc3dcce-a523-45fc-b6d6-b2bad08ce4da: shutdown FollowerState
2019-11-04 16:47:30,624 [Thread-25488] INFO  impl.RaftServerImpl (RaftServerImpl.java:setRole(184)) - 7fc3dcce-a523-45fc-b6d6-b2bad08ce4da@group-29467ABC0BF0: changes role from  FOLLOWER to CANDIDATE at term 53 for changeToCandidate
2019-11-04 16:47:30,624 [Thread-25488] INFO  impl.RoleInfo (RoleInfo.java:updateAndGet(143)) - 7fc3dcce-a523-45fc-b6d6-b2bad08ce4da: start LeaderElection
2019-11-04 16:47:30,661 [7fc3dcce-a523-45fc-b6d6-b2bad08ce4da@group-29467ABC0BF0-LeaderElection3566] INFO  impl.LeaderElection (LeaderElection.java:askForVotes(178)) - 7fc3dcce-a523-45fc-b6d6-b2bad08ce4da@group-29467ABC0BF0-LeaderElection3566: begin an election at term 54 for -1: [2911c1bb-ca7b-4253-a902-f80f167657b1:192.168.157.194:45844, 7fc3dcce-a523-45fc-b6d6-b2bad08ce4da:192.168.157.194:35647, 18bcd373-7631-4e7c-b817-d7839f17bf5a:192.168.157.194:38252], old=null
2019-11-04 16:47:30,662 [grpc-default-executor-3] INFO  impl.RaftServerImpl (RaftServerImpl.java:setRole(184)) - 2911c1bb-ca7b-4253-a902-f80f167657b1@group-29467ABC0BF0: changes role from  FOLLOWER to FOLLOWER at term 54 for recognizeCandidate:7fc3dcce-a523-45fc-b6d6-b2bad08ce4da
2019-11-04 16:47:30,663 [grpc-default-executor-3] INFO  impl.RoleInfo (RoleInfo.java:shutdownFollowerState(121)) - 2911c1bb-ca7b-4253-a902-f80f167657b1: shutdown FollowerState
2019-11-04 16:47:30,663 [grpc-default-executor-17] INFO  impl.RaftServerImpl (RaftServerImpl.java:setRole(184)) - 18bcd373-7631-4e7c-b817-d7839f17bf5a@group-29467ABC0BF0: changes role from  FOLLOWER to FOLLOWER at term 54 for recognizeCandidate:7fc3dcce-a523-45fc-b6d6-b2bad08ce4da
2019-11-04 16:47:30,663 [grpc-default-executor-17] INFO  impl.RoleInfo (RoleInfo.java:shutdownFollowerState(121)) - 18bcd373-7631-4e7c-b817-d7839f17bf5a: shutdown FollowerState
2019-11-04 16:47:30,663 [Thread-25486] INFO  impl.FollowerState (FollowerState.java:run(117)) - 2911c1bb-ca7b-4253-a902-f80f167657b1@group-29467ABC0BF0-FollowerState was interrupted: java.lang.InterruptedException: sleep interrupted
2019-11-04 16:47:30,663 [grpc-default-executor-3] INFO  impl.RoleInfo (RoleInfo.java:updateAndGet(143)) - 2911c1bb-ca7b-4253-a902-f80f167657b1: start FollowerState
2019-11-04 16:47:30,663 [Thread-25487] INFO  impl.FollowerState (FollowerState.java:run(117)) - 18bcd373-7631-4e7c-b817-d7839f17bf5a@group-29467ABC0BF0-FollowerState was interrupted: java.lang.InterruptedException: sleep interrupted
2019-11-04 16:47:30,663 [grpc-default-executor-17] INFO  impl.RoleInfo (RoleInfo.java:updateAndGet(143)) - 18bcd373-7631-4e7c-b817-d7839f17bf5a: start FollowerState
2019-11-04 16:47:30,673 [7fc3dcce-a523-45fc-b6d6-b2bad08ce4da@group-29467ABC0BF0-LeaderElection3566] INFO  impl.LeaderElection (LeaderElection.java:logAndReturn(56)) - 7fc3dcce-a523-45fc-b6d6-b2bad08ce4da@group-29467ABC0BF0-LeaderElection3566: Election REJECTED; received 2 response(s) [7fc3dcce-a523-45fc-b6d6-b2bad08ce4da<-2911c1bb-ca7b-4253-a902-f80f167657b1#0:FAIL-t54, 7fc3dcce-a523-45fc-b6d6-b2bad08ce4da<-18bcd373-7631-4e7c-b817-d7839f17bf5a#0:FAIL-t54] and 0 exception(s); 7fc3dcce-a523-45fc-b6d6-b2bad08ce4da@group-29467ABC0BF0:t54, leader=null, voted=7fc3dcce-a523-45fc-b6d6-b2bad08ce4da, raftlog=7fc3dcce-a523-45fc-b6d6-b2bad08ce4da@group-29467ABC0BF0-SegmentedRaftLog:OPENED:c-1,f-1,i0, conf=-1: [2911c1bb-ca7b-4253-a902-f80f167657b1:192.168.157.194:45844, 7fc3dcce-a523-45fc-b6d6-b2bad08ce4da:192.168.157.194:35647, 18bcd373-7631-4e7c-b817-d7839f17bf5a:192.168.157.194:38252], old=null
2019-11-04 16:47:30,673 [7fc3dcce-a523-45fc-b6d6-b2bad08ce4da@group-29467ABC0BF0-LeaderElection3566] INFO  impl.RaftServerImpl (RaftServerImpl.java:setRole(184)) - 7fc3dcce-a523-45fc-b6d6-b2bad08ce4da@group-29467ABC0BF0: changes role from CANDIDATE to FOLLOWER at term 54 for DISCOVERED_A_NEW_TERM
2019-11-04 16:47:30,673 [7fc3dcce-a523-45fc-b6d6-b2bad08ce4da@group-29467ABC0BF0-LeaderElection3566] INFO  impl.RoleInfo (RoleInfo.java:shutdownLeaderElection(134)) - 7fc3dcce-a523-45fc-b6d6-b2bad08ce4da: shutdown LeaderElection
2019-11-04 16:47:30,673 [7fc3dcce-a523-45fc-b6d6-b2bad08ce4da@group-29467ABC0BF0-LeaderElection3566] INFO  impl.RoleInfo (RoleInfo.java:updateAndGet(143)) - 7fc3dcce-a523-45fc-b6d6-b2bad08ce4da: start FollowerState
2019-11-04 16:47:30,814 [Thread-25498] INFO  impl.FollowerState (FollowerState.java:run(108)) - 7fc3dcce-a523-45fc-b6d6-b2bad08ce4da@group-29467ABC0BF0-FollowerState: change to CANDIDATE, lastRpcTime:141ms, electionTimeout:141ms
2019-11-04 16:47:30,814 [Thread-25498] INFO  impl.RoleInfo (RoleInfo.java:shutdownFollowerState(121)) - 7fc3dcce-a523-45fc-b6d6-b2bad08ce4da: shutdown FollowerState
2019-11-04 16:47:30,815 [Thread-25498] INFO  impl.RaftServerImpl (RaftServerImpl.java:setRole(184)) - 7fc3dcce-a523-45fc-b6d6-b2bad08ce4da@group-29467ABC0BF0: changes role from  FOLLOWER to CANDIDATE at term 54 for changeToCandidate
2019-11-04 16:47:30,815 [Thread-25498] INFO  impl.RoleInfo (RoleInfo.java:updateAndGet(143)) - 7fc3dcce-a523-45fc-b6d6-b2bad08ce4da: start LeaderElection
2019-11-04 16:47:30,824 [7fc3dcce-a523-45fc-b6d6-b2bad08ce4da@group-29467ABC0BF0-LeaderElection3567] INFO  impl.LeaderElection (LeaderElection.java:askForVotes(178)) - 7fc3dcce-a523-45fc-b6d6-b2bad08ce4da@group-29467ABC0BF0-LeaderElection3567: begin an election at term 55 for -1: [2911c1bb-ca7b-4253-a902-f80f167657b1:192.168.157.194:45844, 7fc3dcce-a523-45fc-b6d6-b2bad08ce4da:192.168.157.194:35647, 18bcd373-7631-4e7c-b817-d7839f17bf5a:192.168.157.194:38252], old=null
2019-11-04 16:47:30,825 [grpc-default-executor-3] INFO  impl.RaftServerImpl (RaftServerImpl.java:setRole(184)) - 2911c1bb-ca7b-4253-a902-f80f167657b1@group-29467ABC0BF0: changes role from  FOLLOWER to FOLLOWER at term 55 for recognizeCandidate:7fc3dcce-a523-45fc-b6d6-b2bad08ce4da
2019-11-04 16:47:30,826 [grpc-default-executor-3] INFO  impl.RoleInfo (RoleInfo.java:shutdownFollowerState(121)) - 2911c1bb-ca7b-4253-a902-f80f167657b1: shutdown FollowerState
2019-11-04 16:47:30,826 [grpc-default-executor-17] INFO  impl.RaftServerImpl (RaftServerImpl.java:setRole(184)) - 18bcd373-7631-4e7c-b817-d7839f17bf5a@group-29467ABC0BF0: changes role from  FOLLOWER to FOLLOWER at term 55 for recognizeCandidate:7fc3dcce-a523-45fc-b6d6-b2bad08ce4da
2019-11-04 16:47:30,826 [grpc-default-executor-17] INFO  impl.RoleInfo (RoleInfo.java:shutdownFollowerState(121)) - 18bcd373-7631-4e7c-b817-d7839f17bf5a: shutdown FollowerState
2019-11-04 16:47:30,826 [Thread-25496] INFO  impl.FollowerState (FollowerState.java:run(117)) - 2911c1bb-ca7b-4253-a902-f80f167657b1@group-29467ABC0BF0-FollowerState was interrupted: java.lang.InterruptedException: sleep interrupted
2019-11-04 16:47:30,826 [grpc-default-executor-3] INFO  impl.RoleInfo (RoleInfo.java:updateAndGet(143)) - 2911c1bb-ca7b-4253-a902-f80f167657b1: start FollowerState
2019-11-04 16:47:30,826 [Thread-25497] INFO  impl.FollowerState (FollowerState.java:run(117)) - 18bcd373-7631-4e7c-b817-d7839f17bf5a@group-29467ABC0BF0-FollowerState was interrupted: java.lang.InterruptedException: sleep interrupted
2019-11-04 16:47:30,826 [grpc-default-executor-17] INFO  impl.RoleInfo (RoleInfo.java:updateAndGet(143)) - 18bcd373-7631-4e7c-b817-d7839f17bf5a: start FollowerState
2019-11-04 16:47:30,834 [7fc3dcce-a523-45fc-b6d6-b2bad08ce4da@group-29467ABC0BF0-LeaderElection3567] INFO  impl.LeaderElection (LeaderElection.java:logAndReturn(56)) - 7fc3dcce-a523-45fc-b6d6-b2bad08ce4da@group-29467ABC0BF0-LeaderElection3567: Election REJECTED; received 2 response(s) [7fc3dcce-a523-45fc-b6d6-b2bad08ce4da<-2911c1bb-ca7b-4253-a902-f80f167657b1#0:FAIL-t55, 7fc3dcce-a523-45fc-b6d6-b2bad08ce4da<-18bcd373-7631-4e7c-b817-d7839f17bf5a#0:FAIL-t55] and 0 exception(s); 7fc3dcce-a523-45fc-b6d6-b2bad08ce4da@group-29467ABC0BF0:t55, leader=null, voted=7fc3dcce-a523-45fc-b6d6-b2bad08ce4da, raftlog=7fc3dcce-a523-45fc-b6d6-b2bad08ce4da@group-29467ABC0BF0-SegmentedRaftLog:OPENED:c-1,f-1,i0, conf=-1: [2911c1bb-ca7b-4253-a902-f80f167657b1:192.168.157.194:45844, 7fc3dcce-a523-45fc-b6d6-b2bad08ce4da:192.168.157.194:35647, 18bcd373-7631-4e7c-b817-d7839f17bf5a:192.168.157.194:38252], old=null
2019-11-04 16:47:30,834 [7fc3dcce-a523-45fc-b6d6-b2bad08ce4da@group-29467ABC0BF0-LeaderElection3567] INFO  impl.RaftServerImpl (RaftServerImpl.java:setRole(184)) - 7fc3dcce-a523-45fc-b6d6-b2bad08ce4da@group-29467ABC0BF0: changes role from CANDIDATE to FOLLOWER at term 55 for DISCOVERED_A_NEW_TERM
2019-11-04 16:47:30,835 [7fc3dcce-a523-45fc-b6d6-b2bad08ce4da@group-29467ABC0BF0-LeaderElection3567] INFO  impl.RoleInfo (RoleInfo.java:shutdownLeaderElection(134)) - 7fc3dcce-a523-45fc-b6d6-b2bad08ce4da: shutdown LeaderElection
2019-11-04 16:47:30,835 [7fc3dcce-a523-45fc-b6d6-b2bad08ce4da@group-29467ABC0BF0-LeaderElection3567] INFO  impl.RoleInfo (RoleInfo.java:updateAndGet(143)) - 7fc3dcce-a523-45fc-b6d6-b2bad08ce4da: start FollowerState
2019-11-04 16:47:31,034 [Thread-25504] INFO  impl.FollowerState (FollowerState.java:run(108)) - 7fc3dcce-a523-45fc-b6d6-b2bad08ce4da@group-29467ABC0BF0-FollowerState: change to CANDIDATE, lastRpcTime:199ms, electionTimeout:199ms
2019-11-04 16:47:31,034 [Thread-25504] INFO  impl.RoleInfo (RoleInfo.java:shutdownFollowerState(121)) - 7fc3dcce-a523-45fc-b6d6-b2bad08ce4da: shutdown FollowerState
2019-11-04 16:47:31,034 [Thread-25504] INFO  impl.RaftServerImpl (RaftServerImpl.java:setRole(184)) - 7fc3dcce-a523-45fc-b6d6-b2bad08ce4da@group-29467ABC0BF0: changes role from  FOLLOWER to CANDIDATE at term 55 for changeToCandidate
2019-11-04 16:47:31,034 [Thread-25504] INFO  impl.RoleInfo (RoleInfo.java:updateAndGet(143)) - 7fc3dcce-a523-45fc-b6d6-b2bad08ce4da: start LeaderElection
2019-11-04 16:47:31,043 [7fc3dcce-a523-45fc-b6d6-b2bad08ce4da@group-29467ABC0BF0-LeaderElection3568] INFO  impl.LeaderElection (LeaderElection.java:askForVotes(178)) - 7fc3dcce-a523-45fc-b6d6-b2bad08ce4da@group-29467ABC0BF0-LeaderElection3568: begin an election at term 56 for -1: [2911c1bb-ca7b-4253-a902-f80f167657b1:192.168.157.194:45844, 7fc3dcce-a523-45fc-b6d6-b2bad08ce4da:192.168.157.194:35647, 18bcd373-7631-4e7c-b817-d7839f17bf5a:192.168.157.194:38252], old=null
2019-11-04 16:47:31,044 [grpc-default-executor-3] INFO  impl.RaftServerImpl (RaftServerImpl.java:setRole(184)) - 2911c1bb-ca7b-4253-a902-f80f167657b1@group-29467ABC0BF0: changes role from  FOLLOWER to FOLLOWER at term 56 for recognizeCandidate:7fc3dcce-a523-45fc-b6d6-b2bad08ce4da
2019-11-04 16:47:31,044 [grpc-default-executor-17] INFO  impl.RaftServerImpl (RaftServerImpl.java:setRole(184)) - 18bcd373-7631-4e7c-b817-d7839f17bf5a@group-29467ABC0BF0: changes role from  FOLLOWER to FOLLOWER at term 56 for recognizeCandidate:7fc3dcce-a523-45fc-b6d6-b2bad08ce4da
2019-11-04 16:47:31,044 [grpc-default-executor-3] INFO  impl.RoleInfo (RoleInfo.java:shutdownFollowerState(121)) - 2911c1bb-ca7b-4253-a902-f80f167657b1: shutdown FollowerState
2019-11-04 16:47:31,044 [grpc-default-executor-17] INFO  impl.RoleInfo (RoleInfo.java:shutdownFollowerState(121)) - 18bcd373-7631-4e7c-b817-d7839f17bf5a: shutdown FollowerState
2019-11-04 16:47:31,044 [Thread-25502] INFO  impl.FollowerState (FollowerState.java:run(117)) - 2911c1bb-ca7b-4253-a902-f80f167657b1@group-29467ABC0BF0-FollowerState was interrupted: java.lang.InterruptedException: sleep interrupted
2019-11-04 16:47:31,044 [grpc-default-executor-3] INFO  impl.RoleInfo (RoleInfo.java:updateAndGet(143)) - 2911c1bb-ca7b-4253-a902-f80f167657b1: start FollowerState
2019-11-04 16:47:31,044 [Thread-25503] INFO  impl.FollowerState (FollowerState.java:run(117)) - 18bcd373-7631-4e7c-b817-d7839f17bf5a@group-29467ABC0BF0-FollowerState was interrupted: java.lang.InterruptedException: sleep interrupted
2019-11-04 16:47:31,044 [grpc-default-executor-17] INFO  impl.RoleInfo (RoleInfo.java:updateAndGet(143)) - 18bcd373-7631-4e7c-b817-d7839f17bf5a: start FollowerState
2019-11-04 16:47:31,052 [7fc3dcce-a523-45fc-b6d6-b2bad08ce4da@group-29467ABC0BF0-LeaderElection3568] INFO  impl.LeaderElection (LeaderElection.java:logAndReturn(56)) - 7fc3dcce-a523-45fc-b6d6-b2bad08ce4da@group-29467ABC0BF0-LeaderElection3568: Election REJECTED; received 2 response(s) [7fc3dcce-a523-45fc-b6d6-b2bad08ce4da<-2911c1bb-ca7b-4253-a902-f80f167657b1#0:FAIL-t56, 7fc3dcce-a523-45fc-b6d6-b2bad08ce4da<-18bcd373-7631-4e7c-b817-d7839f17bf5a#0:FAIL-t56] and 0 exception(s); 7fc3dcce-a523-45fc-b6d6-b2bad08ce4da@group-29467ABC0BF0:t56, leader=null, voted=7fc3dcce-a523-45fc-b6d6-b2bad08ce4da, raftlog=7fc3dcce-a523-45fc-b6d6-b2bad08ce4da@group-29467ABC0BF0-SegmentedRaftLog:OPENED:c-1,f-1,i0, conf=-1: [2911c1bb-ca7b-4253-a902-f80f167657b1:192.168.157.194:45844, 7fc3dcce-a523-45fc-b6d6-b2bad08ce4da:192.168.157.194:35647, 18bcd373-7631-4e7c-b817-d7839f17bf5a:192.168.157.194:38252], old=null
2019-11-04 16:47:31,052 [7fc3dcce-a523-45fc-b6d6-b2bad08ce4da@group-29467ABC0BF0-LeaderElection3568] INFO  impl.RaftServerImpl (RaftServerImpl.java:setRole(184)) - 7fc3dcce-a523-45fc-b6d6-b2bad08ce4da@group-29467ABC0BF0: changes role from CANDIDATE to FOLLOWER at term 56 for DISCOVERED_A_NEW_TERM
2019-11-04 16:47:31,053 [7fc3dcce-a523-45fc-b6d6-b2bad08ce4da@group-29467ABC0BF0-LeaderElection3568] INFO  impl.RoleInfo (RoleInfo.java:shutdownLeaderElection(134)) - 7fc3dcce-a523-45fc-b6d6-b2bad08ce4da: shutdown LeaderElection
2019-11-04 16:47:31,053 [7fc3dcce-a523-45fc-b6d6-b2bad08ce4da@group-29467ABC0BF0-LeaderElection3568] INFO  impl.RoleInfo (RoleInfo.java:updateAndGet(143)) - 7fc3dcce-a523-45fc-b6d6-b2bad08ce4da: start FollowerState
2019-11-04 16:47:31,222 [Thread-25512] INFO  impl.FollowerState (FollowerState.java:run(108)) - 7fc3dcce-a523-45fc-b6d6-b2bad08ce4da@group-29467ABC0BF0-FollowerState: change to CANDIDATE, lastRpcTime:169ms, electionTimeout:169ms
2019-11-04 16:47:31,222 [Thread-25512] INFO  impl.RoleInfo (RoleInfo.java:shutdownFollowerState(121)) - 7fc3dcce-a523-45fc-b6d6-b2bad08ce4da: shutdown FollowerState
2019-11-04 16:47:31,222 [Thread-25512] INFO  impl.RaftServerImpl (RaftServerImpl.java:setRole(184)) - 7fc3dcce-a523-45fc-b6d6-b2bad08ce4da@group-29467ABC0BF0: changes role from  FOLLOWER to CANDIDATE at term 56 for changeToCandidate
2019-11-04 16:47:31,222 [Thread-25512] INFO  impl.RoleInfo (RoleInfo.java:updateAndGet(143)) - 7fc3dcce-a523-45fc-b6d6-b2bad08ce4da: start LeaderElection
2019-11-04 16:47:31,231 [7fc3dcce-a523-45fc-b6d6-b2bad08ce4da@group-29467ABC0BF0-LeaderElection3569] INFO  impl.LeaderElection (LeaderElection.java:askForVotes(178)) - 7fc3dcce-a523-45fc-b6d6-b2bad08ce4da@group-29467ABC0BF0-LeaderElection3569: begin an election at term 57 for -1: [2911c1bb-ca7b-4253-a902-f80f167657b1:192.168.157.194:45844, 7fc3dcce-a523-45fc-b6d6-b2bad08ce4da:192.168.157.194:35647, 18bcd373-7631-4e7c-b817-d7839f17bf5a:192.168.157.194:38252], old=null
2019-11-04 16:47:31,233 [grpc-default-executor-3] INFO  impl.RaftServerImpl (RaftServerImpl.java:setRole(184)) - 2911c1bb-ca7b-4253-a902-f80f167657b1@group-29467ABC0BF0: changes role from  FOLLOWER to FOLLOWER at term 57 for recognizeCandidate:7fc3dcce-a523-45fc-b6d6-b2bad08ce4da
2019-11-04 16:47:31,233 [grpc-default-executor-3] INFO  impl.RoleInfo (RoleInfo.java:shutdownFollowerState(121)) - 2911c1bb-ca7b-4253-a902-f80f167657b1: shutdown FollowerState
2019-11-04 16:47:31,233 [grpc-default-executor-3] INFO  impl.RoleInfo (RoleInfo.java:updateAndGet(143)) - 2911c1bb-ca7b-4253-a902-f80f167657b1: start FollowerState
2019-11-04 16:47:31,233 [grpc-default-executor-17] INFO  impl.RaftServerImpl (RaftServerImpl.java:setRole(184)) - 18bcd373-7631-4e7c-b817-d7839f17bf5a@group-29467ABC0BF0: changes role from  FOLLOWER to FOLLOWER at term 57 for recognizeCandidate:7fc3dcce-a523-45fc-b6d6-b2bad08ce4da
2019-11-04 16:47:31,233 [Thread-25510] INFO  impl.FollowerState (FollowerState.java:run(117)) - 2911c1bb-ca7b-4253-a902-f80f167657b1@group-29467ABC0BF0-FollowerState was interrupted: java.lang.InterruptedException: sleep interrupted
2019-11-04 16:47:31,233 [grpc-default-executor-17] INFO  impl.RoleInfo (RoleInfo.java:shutdownFollowerState(121)) - 18bcd373-7631-4e7c-b817-d7839f17bf5a: shutdown FollowerState
2019-11-04 16:47:31,234 [grpc-default-executor-17] INFO  impl.RoleInfo (RoleInfo.java:updateAndGet(143)) - 18bcd373-7631-4e7c-b817-d7839f17bf5a: start FollowerState
2019-11-04 16:47:31,234 [Thread-25511] INFO  impl.FollowerState (FollowerState.java:run(117)) - 18bcd373-7631-4e7c-b817-d7839f17bf5a@group-29467ABC0BF0-FollowerState was interrupted: java.lang.InterruptedException: sleep interrupted
2019-11-04 16:47:31,240 [7fc3dcce-a523-45fc-b6d6-b2bad08ce4da@group-29467ABC0BF0-LeaderElection3569] INFO  impl.LeaderElection (LeaderElection.java:logAndReturn(56)) - 7fc3dcce-a523-45fc-b6d6-b2bad08ce4da@group-29467ABC0BF0-LeaderElection3569: Election REJECTED; received 2 response(s) [7fc3dcce-a523-45fc-b6d6-b2bad08ce4da<-2911c1bb-ca7b-4253-a902-f80f167657b1#0:FAIL-t57, 7fc3dcce-a523-45fc-b6d6-b2bad08ce4da<-18bcd373-7631-4e7c-b817-d7839f17bf5a#0:FAIL-t57] and 0 exception(s); 7fc3dcce-a523-45fc-b6d6-b2bad08ce4da@group-29467ABC0BF0:t57, leader=null, voted=7fc3dcce-a523-45fc-b6d6-b2bad08ce4da, raftlog=7fc3dcce-a523-45fc-b6d6-b2bad08ce4da@group-29467ABC0BF0-SegmentedRaftLog:OPENED:c-1,f-1,i0, conf=-1: [2911c1bb-ca7b-4253-a902-f80f167657b1:192.168.157.194:45844, 7fc3dcce-a523-45fc-b6d6-b2bad08ce4da:192.168.157.194:35647, 18bcd373-7631-4e7c-b817-d7839f17bf5a:192.168.157.194:38252], old=null
2019-11-04 16:47:31,240 [7fc3dcce-a523-45fc-b6d6-b2bad08ce4da@group-29467ABC0BF0-LeaderElection3569] INFO  impl.RaftServerImpl (RaftServerImpl.java:setRole(184)) - 7fc3dcce-a523-45fc-b6d6-b2bad08ce4da@group-29467ABC0BF0: changes role from CANDIDATE to FOLLOWER at term 57 for DISCOVERED_A_NEW_TERM
2019-11-04 16:47:31,240 [7fc3dcce-a523-45fc-b6d6-b2bad08ce4da@group-29467ABC0BF0-LeaderElection3569] INFO  impl.RoleInfo (RoleInfo.java:shutdownLeaderElection(134)) - 7fc3dcce-a523-45fc-b6d6-b2bad08ce4da: shutdown LeaderElection
2019-11-04 16:47:31,241 [7fc3dcce-a523-45fc-b6d6-b2bad08ce4da@group-29467ABC0BF0-LeaderElection3569] INFO  impl.RoleInfo (RoleInfo.java:updateAndGet(143)) - 7fc3dcce-a523-45fc-b6d6-b2bad08ce4da: start FollowerState
2019-11-04 16:47:31,396 [Thread-25520] INFO  impl.FollowerState (FollowerState.java:run(108)) - 7fc3dcce-a523-45fc-b6d6-b2bad08ce4da@group-29467ABC0BF0-FollowerState: change to CANDIDATE, lastRpcTime:155ms, electionTimeout:155ms
2019-11-04 16:47:31,396 [Thread-25520] INFO  impl.RoleInfo (RoleInfo.java:shutdownFollowerState(121)) - 7fc3dcce-a523-45fc-b6d6-b2bad08ce4da: shutdown FollowerState
2019-11-04 16:47:31,396 [Thread-25520] INFO  impl.RaftServerImpl (RaftServerImpl.java:setRole(184)) - 7fc3dcce-a523-45fc-b6d6-b2bad08ce4da@group-29467ABC0BF0: changes role from  FOLLOWER to CANDIDATE at term 57 for changeToCandidate
2019-11-04 16:47:31,396 [Thread-25520] INFO  impl.RoleInfo (RoleInfo.java:updateAndGet(143)) - 7fc3dcce-a523-45fc-b6d6-b2bad08ce4da: start LeaderElection
2019-11-04 16:47:31,402 [7fc3dcce-a523-45fc-b6d6-b2bad08ce4da@group-29467ABC0BF0-LeaderElection3570] INFO  impl.LeaderElection (LeaderElection.java:askForVotes(178)) - 7fc3dcce-a523-45fc-b6d6-b2bad08ce4da@group-29467ABC0BF0-LeaderElection3570: begin an election at term 58 for -1: [2911c1bb-ca7b-4253-a902-f80f167657b1:192.168.157.194:45844, 7fc3dcce-a523-45fc-b6d6-b2bad08ce4da:192.168.157.194:35647, 18bcd373-7631-4e7c-b817-d7839f17bf5a:192.168.157.194:38252], old=null
2019-11-04 16:47:31,403 [grpc-default-executor-17] INFO  impl.RaftServerImpl (RaftServerImpl.java:setRole(184)) - 2911c1bb-ca7b-4253-a902-f80f167657b1@group-29467ABC0BF0: changes role from  FOLLOWER to FOLLOWER at term 58 for recognizeCandidate:7fc3dcce-a523-45fc-b6d6-b2bad08ce4da
2019-11-04 16:47:31,404 [grpc-default-executor-17] INFO  impl.RoleInfo (RoleInfo.java:shutdownFollowerState(121)) - 2911c1bb-ca7b-4253-a902-f80f167657b1: shutdown FollowerState
2019-11-04 16:47:31,403 [grpc-default-executor-3] INFO  impl.RaftServerImpl (RaftServerImpl.java:setRole(184)) - 18bcd373-7631-4e7c-b817-d7839f17bf5a@group-29467ABC0BF0: changes role from  FOLLOWER to FOLLOWER at term 58 for recognizeCandidate:7fc3dcce-a523-45fc-b6d6-b2bad08ce4da
2019-11-04 16:47:31,404 [grpc-default-executor-3] INFO  impl.RoleInfo (RoleInfo.java:shutdownFollowerState(121)) - 18bcd373-7631-4e7c-b817-d7839f17bf5a: shutdown FollowerState
2019-11-04 16:47:31,404 [Thread-25518] INFO  impl.FollowerState (FollowerState.java:run(117)) - 2911c1bb-ca7b-4253-a902-f80f167657b1@group-29467ABC0BF0-FollowerState was interrupted: java.lang.InterruptedException: sleep interrupted
2019-11-04 16:47:31,404 [grpc-default-executor-17] INFO  impl.RoleInfo (RoleInfo.java:updateAndGet(143)) - 2911c1bb-ca7b-4253-a902-f80f167657b1: start FollowerState
2019-11-04 16:47:31,404 [Thread-25519] INFO  impl.FollowerState (FollowerState.java:run(117)) - 18bcd373-7631-4e7c-b817-d7839f17bf5a@group-29467ABC0BF0-FollowerState was interrupted: java.lang.InterruptedException: sleep interrupted
2019-11-04 16:47:31,404 [grpc-default-executor-3] INFO  impl.RoleInfo (RoleInfo.java:updateAndGet(143)) - 18bcd373-7631-4e7c-b817-d7839f17bf5a: start FollowerState
2019-11-04 16:47:31,414 [7fc3dcce-a523-45fc-b6d6-b2bad08ce4da@group-29467ABC0BF0-LeaderElection3570] INFO  impl.LeaderElection (LeaderElection.java:logAndReturn(56)) - 7fc3dcce-a523-45fc-b6d6-b2bad08ce4da@group-29467ABC0BF0-LeaderElection3570: Election REJECTED; received 2 response(s) [7fc3dcce-a523-45fc-b6d6-b2bad08ce4da<-2911c1bb-ca7b-4253-a902-f80f167657b1#0:FAIL-t58, 7fc3dcce-a523-45fc-b6d6-b2bad08ce4da<-18bcd373-7631-4e7c-b817-d7839f17bf5a#0:FAIL-t58] and 0 exception(s); 7fc3dcce-a523-45fc-b6d6-b2bad08ce4da@group-29467ABC0BF0:t58, leader=null, voted=7fc3dcce-a523-45fc-b6d6-b2bad08ce4da, raftlog=7fc3dcce-a523-45fc-b6d6-b2bad08ce4da@group-29467ABC0BF0-SegmentedRaftLog:OPENED:c-1,f-1,i0, conf=-1: [2911c1bb-ca7b-4253-a902-f80f167657b1:192.168.157.194:45844, 7fc3dcce-a523-45fc-b6d6-b2bad08ce4da:192.168.157.194:35647, 18bcd373-7631-4e7c-b817-d7839f17bf5a:192.168.157.194:38252], old=null
2019-11-04 16:47:31,414 [7fc3dcce-a523-45fc-b6d6-b2bad08ce4da@group-29467ABC0BF0-LeaderElection3570] INFO  impl.RaftServerImpl (RaftServerImpl.java:setRole(184)) - 7fc3dcce-a523-45fc-b6d6-b2bad08ce4da@group-29467ABC0BF0: changes role from CANDIDATE to FOLLOWER at term 58 for DISCOVERED_A_NEW_TERM
2019-11-04 16:47:31,414 [7fc3dcce-a523-45fc-b6d6-b2bad08ce4da@group-29467ABC0BF0-LeaderElection3570] INFO  impl.RoleInfo (RoleInfo.java:shutdownLeaderElection(134)) - 7fc3dcce-a523-45fc-b6d6-b2bad08ce4da: shutdown LeaderElection
2019-11-04 16:47:31,414 [7fc3dcce-a523-45fc-b6d6-b2bad08ce4da@group-29467ABC0BF0-LeaderElection3570] INFO  impl.RoleInfo (RoleInfo.java:updateAndGet(143)) - 7fc3dcce-a523-45fc-b6d6-b2bad08ce4da: start FollowerState
2019-11-04 16:47:31,542 [Thread-25526] INFO  impl.FollowerState (FollowerState.java:run(108)) - 7fc3dcce-a523-45fc-b6d6-b2bad08ce4da@group-29467ABC0BF0-FollowerState: change to CANDIDATE, lastRpcTime:127ms, electionTimeout:127ms
2019-11-04 16:47:31,542 [Thread-25526] INFO  impl.RoleInfo (RoleInfo.java:shutdownFollowerState(121)) - 7fc3dcce-a523-45fc-b6d6-b2bad08ce4da: shutdown FollowerState
2019-11-04 16:47:31,542 [Thread-25526] INFO  impl.RaftServerImpl (RaftServerImpl.java:setRole(184)) - 7fc3dcce-a523-45fc-b6d6-b2bad08ce4da@group-29467ABC0BF0: changes role from  FOLLOWER to CANDIDATE at term 58 for changeToCandidate
2019-11-04 16:47:31,542 [Thread-25526] INFO  impl.RoleInfo (RoleInfo.java:updateAndGet(143)) - 7fc3dcce-a523-45fc-b6d6-b2bad08ce4da: start LeaderElection
2019-11-04 16:47:31,551 [7fc3dcce-a523-45fc-b6d6-b2bad08ce4da@group-29467ABC0BF0-LeaderElection3571] INFO  impl.LeaderElection (LeaderElection.java:askForVotes(178)) - 7fc3dcce-a523-45fc-b6d6-b2bad08ce4da@group-29467ABC0BF0-LeaderElection3571: begin an election at term 59 for -1: [2911c1bb-ca7b-4253-a902-f80f167657b1:192.168.157.194:45844, 7fc3dcce-a523-45fc-b6d6-b2bad08ce4da:192.168.157.194:35647, 18bcd373-7631-4e7c-b817-d7839f17bf5a:192.168.157.194:38252], old=null
2019-11-04 16:47:31,552 [grpc-default-executor-3] INFO  impl.RaftServerImpl (RaftServerImpl.java:setRole(184)) - 2911c1bb-ca7b-4253-a902-f80f167657b1@group-29467ABC0BF0: changes role from  FOLLOWER to FOLLOWER at term 59 for recognizeCandidate:7fc3dcce-a523-45fc-b6d6-b2bad08ce4da
2019-11-04 16:47:31,552 [grpc-default-executor-3] INFO  impl.RoleInfo (RoleInfo.java:shutdownFollowerState(121)) - 2911c1bb-ca7b-4253-a902-f80f167657b1: shutdown FollowerState
2019-11-04 16:47:31,553 [grpc-default-executor-17] INFO  impl.RaftServerImpl (RaftServerImpl.java:setRole(184)) - 18bcd373-7631-4e7c-b817-d7839f17bf5a@group-29467ABC0BF0: changes role from  FOLLOWER to FOLLOWER at term 59 for recognizeCandidate:7fc3dcce-a523-45fc-b6d6-b2bad08ce4da
2019-11-04 16:47:31,553 [grpc-default-executor-17] INFO  impl.RoleInfo (RoleInfo.java:shutdownFollowerState(121)) - 18bcd373-7631-4e7c-b817-d7839f17bf5a: shutdown FollowerState
2019-11-04 16:47:31,553 [Thread-25524] INFO  impl.FollowerState (FollowerState.java:run(117)) - 2911c1bb-ca7b-4253-a902-f80f167657b1@group-29467ABC0BF0-FollowerState was interrupted: java.lang.InterruptedException: sleep interrupted
2019-11-04 16:47:31,553 [grpc-default-executor-3] INFO  impl.RoleInfo (RoleInfo.java:updateAndGet(143)) - 2911c1bb-ca7b-4253-a902-f80f167657b1: start FollowerState
2019-11-04 16:47:31,553 [Thread-25525] INFO  impl.FollowerState (FollowerState.java:run(117)) - 18bcd373-7631-4e7c-b817-d7839f17bf5a@group-29467ABC0BF0-FollowerState was interrupted: java.lang.InterruptedException: sleep interrupted
2019-11-04 16:47:31,553 [grpc-default-executor-17] INFO  impl.RoleInfo (RoleInfo.java:updateAndGet(143)) - 18bcd373-7631-4e7c-b817-d7839f17bf5a: start FollowerState
2019-11-04 16:47:31,561 [7fc3dcce-a523-45fc-b6d6-b2bad08ce4da@group-29467ABC0BF0-LeaderElection3571] INFO  impl.LeaderElection (LeaderElection.java:logAndReturn(56)) - 7fc3dcce-a523-45fc-b6d6-b2bad08ce4da@group-29467ABC0BF0-LeaderElection3571: Election REJECTED; received 2 response(s) [7fc3dcce-a523-45fc-b6d6-b2bad08ce4da<-2911c1bb-ca7b-4253-a902-f80f167657b1#0:FAIL-t59, 7fc3dcce-a523-45fc-b6d6-b2bad08ce4da<-18bcd373-7631-4e7c-b817-d7839f17bf5a#0:FAIL-t59] and 0 exception(s); 7fc3dcce-a523-45fc-b6d6-b2bad08ce4da@group-29467ABC0BF0:t59, leader=null, voted=7fc3dcce-a523-45fc-b6d6-b2bad08ce4da, raftlog=7fc3dcce-a523-45fc-b6d6-b2bad08ce4da@group-29467ABC0BF0-SegmentedRaftLog:OPENED:c-1,f-1,i0, conf=-1: [2911c1bb-ca7b-4253-a902-f80f167657b1:192.168.157.194:45844, 7fc3dcce-a523-45fc-b6d6-b2bad08ce4da:192.168.157.194:35647, 18bcd373-7631-4e7c-b817-d7839f17bf5a:192.168.157.194:38252], old=null
2019-11-04 16:47:31,561 [7fc3dcce-a523-45fc-b6d6-b2bad08ce4da@group-29467ABC0BF0-LeaderElection3571] INFO  impl.RaftServerImpl (RaftServerImpl.java:setRole(184)) - 7fc3dcce-a523-45fc-b6d6-b2bad08ce4da@group-29467ABC0BF0: changes role from CANDIDATE to FOLLOWER at term 59 for DISCOVERED_A_NEW_TERM
2019-11-04 16:47:31,562 [7fc3dcce-a523-45fc-b6d6-b2bad08ce4da@group-29467ABC0BF0-LeaderElection3571] INFO  impl.RoleInfo (RoleInfo.java:shutdownLeaderElection(134)) - 7fc3dcce-a523-45fc-b6d6-b2bad08ce4da: shutdown LeaderElection
2019-11-04 16:47:31,562 [7fc3dcce-a523-45fc-b6d6-b2bad08ce4da@group-29467ABC0BF0-LeaderElection3571] INFO  impl.RoleInfo (RoleInfo.java:updateAndGet(143)) - 7fc3dcce-a523-45fc-b6d6-b2bad08ce4da: start FollowerState
2019-11-04 16:47:31,660 [Thread-25534] INFO  impl.FollowerState (FollowerState.java:run(108)) - 7fc3dcce-a523-45fc-b6d6-b2bad08ce4da@group-29467ABC0BF0-FollowerState: change to CANDIDATE, lastRpcTime:98ms, electionTimeout:98ms
2019-11-04 16:47:31,660 [Thread-25534] INFO  impl.RoleInfo (RoleInfo.java:shutdownFollowerState(121)) - 7fc3dcce-a523-45fc-b6d6-b2bad08ce4da: shutdown FollowerState
2019-11-04 16:47:31,661 [Thread-25534] INFO  impl.RaftServerImpl (RaftServerImpl.java:setRole(184)) - 7fc3dcce-a523-45fc-b6d6-b2bad08ce4da@group-29467ABC0BF0: changes role from  FOLLOWER to CANDIDATE at term 59 for changeToCandidate
2019-11-04 16:47:31,661 [Thread-25534] INFO  impl.RoleInfo (RoleInfo.java:updateAndGet(143)) - 7fc3dcce-a523-45fc-b6d6-b2bad08ce4da: start LeaderElection
2019-11-04 16:47:31,675 [7fc3dcce-a523-45fc-b6d6-b2bad08ce4da@group-29467ABC0BF0-LeaderElection3572] INFO  impl.LeaderElection (LeaderElection.java:askForVotes(178)) - 7fc3dcce-a523-45fc-b6d6-b2bad08ce4da@group-29467ABC0BF0-LeaderElection3572: begin an election at term 60 for -1: [2911c1bb-ca7b-4253-a902-f80f167657b1:192.168.157.194:45844, 7fc3dcce-a523-45fc-b6d6-b2bad08ce4da:192.168.157.194:35647, 18bcd373-7631-4e7c-b817-d7839f17bf5a:192.168.157.194:38252], old=null
2019-11-04 16:47:31,676 [grpc-default-executor-17] INFO  impl.RaftServerImpl (RaftServerImpl.java:setRole(184)) - 2911c1bb-ca7b-4253-a902-f80f167657b1@group-29467ABC0BF0: changes role from  FOLLOWER to FOLLOWER at term 60 for recognizeCandidate:7fc3dcce-a523-45fc-b6d6-b2bad08ce4da
2019-11-04 16:47:31,676 [grpc-default-executor-3] INFO  impl.RaftServerImpl (RaftServerImpl.java:setRole(184)) - 18bcd373-7631-4e7c-b817-d7839f17bf5a@group-29467ABC0BF0: changes role from  FOLLOWER to FOLLOWER at term 60 for recognizeCandidate:7fc3dcce-a523-45fc-b6d6-b2bad08ce4da
2019-11-04 16:47:31,676 [grpc-default-executor-3] INFO  impl.RoleInfo (RoleInfo.java:shutdownFollowerState(121)) - 18bcd373-7631-4e7c-b817-d7839f17bf5a: shutdown FollowerState
2019-11-04 16:47:31,676 [grpc-default-executor-17] INFO  impl.RoleInfo (RoleInfo.java:shutdownFollowerState(121)) - 2911c1bb-ca7b-4253-a902-f80f167657b1: shutdown FollowerState
2019-11-04 16:47:31,676 [grpc-default-executor-3] INFO  impl.RoleInfo (RoleInfo.java:updateAndGet(143)) - 18bcd373-7631-4e7c-b817-d7839f17bf5a: start FollowerState
2019-11-04 16:47:31,676 [Thread-25532] INFO  impl.FollowerState (FollowerState.java:run(117)) - 2911c1bb-ca7b-4253-a902-f80f167657b1@group-29467ABC0BF0-FollowerState was interrupted: java.lang.InterruptedException: sleep interrupted
2019-11-04 16:47:31,676 [grpc-default-executor-17] INFO  impl.RoleInfo (RoleInfo.java:updateAndGet(143)) - 2911c1bb-ca7b-4253-a902-f80f167657b1: start FollowerState
2019-11-04 16:47:31,676 [Thread-25533] INFO  impl.FollowerState (FollowerState.java:run(117)) - 18bcd373-7631-4e7c-b817-d7839f17bf5a@group-29467ABC0BF0-FollowerState was interrupted: java.lang.InterruptedException: sleep interrupted
2019-11-04 16:47:31,684 [7fc3dcce-a523-45fc-b6d6-b2bad08ce4da@group-29467ABC0BF0-LeaderElection3572] INFO  impl.LeaderElection (LeaderElection.java:logAndReturn(56)) - 7fc3dcce-a523-45fc-b6d6-b2bad08ce4da@group-29467ABC0BF0-LeaderElection3572: Election TIMEOUT; received 0 response(s) [] and 0 exception(s); 7fc3dcce-a523-45fc-b6d6-b2bad08ce4da@group-29467ABC0BF0:t60, leader=null, voted=7fc3dcce-a523-45fc-b6d6-b2bad08ce4da, raftlog=7fc3dcce-a523-45fc-b6d6-b2bad08ce4da@group-29467ABC0BF0-SegmentedRaftLog:OPENED:c-1,f-1,i0, conf=-1: [2911c1bb-ca7b-4253-a902-f80f167657b1:192.168.157.194:45844, 7fc3dcce-a523-45fc-b6d6-b2bad08ce4da:192.168.157.194:35647, 18bcd373-7631-4e7c-b817-d7839f17bf5a:192.168.157.194:38252], old=null
2019-11-04 16:47:31,696 [7fc3dcce-a523-45fc-b6d6-b2bad08ce4da@group-29467ABC0BF0-LeaderElection3572] INFO  impl.LeaderElection (LeaderElection.java:askForVotes(178)) - 7fc3dcce-a523-45fc-b6d6-b2bad08ce4da@group-29467ABC0BF0-LeaderElection3572: begin an election at term 61 for -1: [2911c1bb-ca7b-4253-a902-f80f167657b1:192.168.157.194:45844, 7fc3dcce-a523-45fc-b6d6-b2bad08ce4da:192.168.157.194:35647, 18bcd373-7631-4e7c-b817-d7839f17bf5a:192.168.157.194:38252], old=null
2019-11-04 16:47:31,697 [grpc-default-executor-3] INFO  impl.RaftServerImpl (RaftServerImpl.java:setRole(184)) - 2911c1bb-ca7b-4253-a902-f80f167657b1@group-29467ABC0BF0: changes role from  FOLLOWER to FOLLOWER at term 61 for recognizeCandidate:7fc3dcce-a523-45fc-b6d6-b2bad08ce4da
2019-11-04 16:47:31,697 [grpc-default-executor-3] INFO  impl.RoleInfo (RoleInfo.java:shutdownFollowerState(121)) - 2911c1bb-ca7b-4253-a902-f80f167657b1: shutdown FollowerState
2019-11-04 16:47:31,697 [grpc-default-executor-3] INFO  impl.RoleInfo (RoleInfo.java:updateAndGet(143)) - 2911c1bb-ca7b-4253-a902-f80f167657b1: start FollowerState
2019-11-04 16:47:31,697 [Thread-25541] INFO  impl.FollowerState (FollowerState.java:run(117)) - 2911c1bb-ca7b-4253-a902-f80f167657b1@group-29467ABC0BF0-FollowerState was interrupted: java.lang.InterruptedException: sleep interrupted
2019-11-04 16:47:31,697 [grpc-default-executor-17] INFO  impl.RaftServerImpl (RaftServerImpl.java:setRole(184)) - 18bcd373-7631-4e7c-b817-d7839f17bf5a@group-29467ABC0BF0: changes role from  FOLLOWER to FOLLOWER at term 61 for recognizeCandidate:7fc3dcce-a523-45fc-b6d6-b2bad08ce4da
2019-11-04 16:47:31,698 [grpc-default-executor-17] INFO  impl.RoleInfo (RoleInfo.java:shutdownFollowerState(121)) - 18bcd373-7631-4e7c-b817-d7839f17bf5a: shutdown FollowerState
2019-11-04 16:47:31,698 [grpc-default-executor-17] INFO  impl.RoleInfo (RoleInfo.java:updateAndGet(143)) - 18bcd373-7631-4e7c-b817-d7839f17bf5a: start FollowerState
2019-11-04 16:47:31,698 [Thread-25540] INFO  impl.FollowerState (FollowerState.java:run(117)) - 18bcd373-7631-4e7c-b817-d7839f17bf5a@group-29467ABC0BF0-FollowerState was interrupted: java.lang.InterruptedException: sleep interrupted
2019-11-04 16:47:31,708 [7fc3dcce-a523-45fc-b6d6-b2bad08ce4da@group-29467ABC0BF0-LeaderElection3572] INFO  impl.LeaderElection (LeaderElection.java:logAndReturn(56)) - 7fc3dcce-a523-45fc-b6d6-b2bad08ce4da@group-29467ABC0BF0-LeaderElection3572: Election REJECTED; received 2 response(s) [7fc3dcce-a523-45fc-b6d6-b2bad08ce4da<-2911c1bb-ca7b-4253-a902-f80f167657b1#0:FAIL-t61, 7fc3dcce-a523-45fc-b6d6-b2bad08ce4da<-18bcd373-7631-4e7c-b817-d7839f17bf5a#0:FAIL-t61] and 0 exception(s); 7fc3dcce-a523-45fc-b6d6-b2bad08ce4da@group-29467ABC0BF0:t61, leader=null, voted=7fc3dcce-a523-45fc-b6d6-b2bad08ce4da, raftlog=7fc3dcce-a523-45fc-b6d6-b2bad08ce4da@group-29467ABC0BF0-SegmentedRaftLog:OPENED:c-1,f-1,i0, conf=-1: [2911c1bb-ca7b-4253-a902-f80f167657b1:192.168.157.194:45844, 7fc3dcce-a523-45fc-b6d6-b2bad08ce4da:192.168.157.194:35647, 18bcd373-7631-4e7c-b817-d7839f17bf5a:192.168.157.194:38252], old=null
2019-11-04 16:47:31,708 [7fc3dcce-a523-45fc-b6d6-b2bad08ce4da@group-29467ABC0BF0-LeaderElection3572] INFO  impl.RaftServerImpl (RaftServerImpl.java:setRole(184)) - 7fc3dcce-a523-45fc-b6d6-b2bad08ce4da@group-29467ABC0BF0: changes role from CANDIDATE to FOLLOWER at term 61 for DISCOVERED_A_NEW_TERM
2019-11-04 16:47:31,709 [7fc3dcce-a523-45fc-b6d6-b2bad08ce4da@group-29467ABC0BF0-LeaderElection3572] INFO  impl.RoleInfo (RoleInfo.java:shutdownLeaderElection(134)) - 7fc3dcce-a523-45fc-b6d6-b2bad08ce4da: shutdown LeaderElection
2019-11-04 16:47:31,709 [7fc3dcce-a523-45fc-b6d6-b2bad08ce4da@group-29467ABC0BF0-LeaderElection3572] INFO  impl.RoleInfo (RoleInfo.java:updateAndGet(143)) - 7fc3dcce-a523-45fc-b6d6-b2bad08ce4da: start FollowerState
2019-11-04 16:47:31,739 [Thread-25546] INFO  impl.FollowerState (FollowerState.java:run(108)) - 7fc3dcce-a523-45fc-b6d6-b2bad08ce4da@group-29467ABC0BF0-FollowerState: change to CANDIDATE, lastRpcTime:30ms, electionTimeout:30ms
2019-11-04 16:47:31,739 [Thread-25546] INFO  impl.RoleInfo (RoleInfo.java:shutdownFollowerState(121)) - 7fc3dcce-a523-45fc-b6d6-b2bad08ce4da: shutdown FollowerState
2019-11-04 16:47:31,739 [Thread-25546] INFO  impl.RaftServerImpl (RaftServerImpl.java:setRole(184)) - 7fc3dcce-a523-45fc-b6d6-b2bad08ce4da@group-29467ABC0BF0: changes role from  FOLLOWER to CANDIDATE at term 61 for changeToCandidate
2019-11-04 16:47:31,739 [Thread-25546] INFO  impl.RoleInfo (RoleInfo.java:updateAndGet(143)) - 7fc3dcce-a523-45fc-b6d6-b2bad08ce4da: start LeaderElection
2019-11-04 16:47:31,746 [7fc3dcce-a523-45fc-b6d6-b2bad08ce4da@group-29467ABC0BF0-LeaderElection3573] INFO  impl.LeaderElection (LeaderElection.java:askForVotes(178)) - 7fc3dcce-a523-45fc-b6d6-b2bad08ce4da@group-29467ABC0BF0-LeaderElection3573: begin an election at term 62 for -1: [2911c1bb-ca7b-4253-a902-f80f167657b1:192.168.157.194:45844, 7fc3dcce-a523-45fc-b6d6-b2bad08ce4da:192.168.157.194:35647, 18bcd373-7631-4e7c-b817-d7839f17bf5a:192.168.157.194:38252], old=null
2019-11-04 16:47:31,747 [grpc-default-executor-17] INFO  impl.RaftServerImpl (RaftServerImpl.java:setRole(184)) - 2911c1bb-ca7b-4253-a902-f80f167657b1@group-29467ABC0BF0: changes role from  FOLLOWER to FOLLOWER at term 62 for recognizeCandidate:7fc3dcce-a523-45fc-b6d6-b2bad08ce4da
2019-11-04 16:47:31,747 [grpc-default-executor-17] INFO  impl.RoleInfo (RoleInfo.java:shutdownFollowerState(121)) - 2911c1bb-ca7b-4253-a902-f80f167657b1: shutdown FollowerState
2019-11-04 16:47:31,747 [grpc-default-executor-3] INFO  impl.RaftServerImpl (RaftServerImpl.java:setRole(184)) - 18bcd373-7631-4e7c-b817-d7839f17bf5a@group-29467ABC0BF0: changes role from  FOLLOWER to FOLLOWER at term 62 for recognizeCandidate:7fc3dcce-a523-45fc-b6d6-b2bad08ce4da
2019-11-04 16:47:31,747 [grpc-default-executor-3] INFO  impl.RoleInfo (RoleInfo.java:shutdownFollowerState(121)) - 18bcd373-7631-4e7c-b817-d7839f17bf5a: shutdown FollowerState
2019-11-04 16:47:31,747 [Thread-25544] INFO  impl.FollowerState (FollowerState.java:run(117)) - 2911c1bb-ca7b-4253-a902-f80f167657b1@group-29467ABC0BF0-FollowerState was interrupted: java.lang.InterruptedException: sleep interrupted
2019-11-04 16:47:31,747 [grpc-default-executor-17] INFO  impl.RoleInfo (RoleInfo.java:updateAndGet(143)) - 2911c1bb-ca7b-4253-a902-f80f167657b1: start FollowerState
2019-11-04 16:47:31,747 [Thread-25545] INFO  impl.FollowerState (FollowerState.java:run(117)) - 18bcd373-7631-4e7c-b817-d7839f17bf5a@group-29467ABC0BF0-FollowerState was interrupted: java.lang.InterruptedException: sleep interrupted
2019-11-04 16:47:31,747 [grpc-default-executor-3] INFO  impl.RoleInfo (RoleInfo.java:updateAndGet(143)) - 18bcd373-7631-4e7c-b817-d7839f17bf5a: start FollowerState
2019-11-04 16:47:31,762 [7fc3dcce-a523-45fc-b6d6-b2bad08ce4da@group-29467ABC0BF0-LeaderElection3573] INFO  impl.LeaderElection (LeaderElection.java:logAndReturn(56)) - 7fc3dcce-a523-45fc-b6d6-b2bad08ce4da@group-29467ABC0BF0-LeaderElection3573: Election REJECTED; received 2 response(s) [7fc3dcce-a523-45fc-b6d6-b2bad08ce4da<-2911c1bb-ca7b-4253-a902-f80f167657b1#0:FAIL-t62, 7fc3dcce-a523-45fc-b6d6-b2bad08ce4da<-18bcd373-7631-4e7c-b817-d7839f17bf5a#0:FAIL-t62] and 0 exception(s); 7fc3dcce-a523-45fc-b6d6-b2bad08ce4da@group-29467ABC0BF0:t62, leader=null, voted=7fc3dcce-a523-45fc-b6d6-b2bad08ce4da, raftlog=7fc3dcce-a523-45fc-b6d6-b2bad08ce4da@group-29467ABC0BF0-SegmentedRaftLog:OPENED:c-1,f-1,i0, conf=-1: [2911c1bb-ca7b-4253-a902-f80f167657b1:192.168.157.194:45844, 7fc3dcce-a523-45fc-b6d6-b2bad08ce4da:192.168.157.194:35647, 18bcd373-7631-4e7c-b817-d7839f17bf5a:192.168.157.194:38252], old=null
2019-11-04 16:47:31,763 [7fc3dcce-a523-45fc-b6d6-b2bad08ce4da@group-29467ABC0BF0-LeaderElection3573] INFO  impl.RaftServerImpl (RaftServerImpl.java:setRole(184)) - 7fc3dcce-a523-45fc-b6d6-b2bad08ce4da@group-29467ABC0BF0: changes role from CANDIDATE to FOLLOWER at term 62 for DISCOVERED_A_NEW_TERM
2019-11-04 16:47:31,763 [7fc3dcce-a523-45fc-b6d6-b2bad08ce4da@group-29467ABC0BF0-LeaderElection3573] INFO  impl.RoleInfo (RoleInfo.java:shutdownLeaderElection(134)) - 7fc3dcce-a523-45fc-b6d6-b2bad08ce4da: shutdown LeaderElection
2019-11-04 16:47:31,763 [7fc3dcce-a523-45fc-b6d6-b2bad08ce4da@group-29467ABC0BF0-LeaderElection3573] INFO  impl.RoleInfo (RoleInfo.java:updateAndGet(143)) - 7fc3dcce-a523-45fc-b6d6-b2bad08ce4da: start FollowerState
2019-11-04 16:47:31,931 [Thread-25552] INFO  impl.FollowerState (FollowerState.java:run(108)) - 7fc3dcce-a523-45fc-b6d6-b2bad08ce4da@group-29467ABC0BF0-FollowerState: change to CANDIDATE, lastRpcTime:168ms, electionTimeout:168ms
2019-11-04 16:47:31,932 [Thread-25552] INFO  impl.RoleInfo (RoleInfo.java:shutdownFollowerState(121)) - 7fc3dcce-a523-45fc-b6d6-b2bad08ce4da: shutdown FollowerState
2019-11-04 16:47:31,932 [Thread-25552] INFO  impl.RaftServerImpl (RaftServerImpl.java:setRole(184)) - 7fc3dcce-a523-45fc-b6d6-b2bad08ce4da@group-29467ABC0BF0: changes role from  FOLLOWER to CANDIDATE at term 62 for changeToCandidate
2019-11-04 16:47:31,932 [Thread-25552] INFO  impl.RoleInfo (RoleInfo.java:updateAndGet(143)) - 7fc3dcce-a523-45fc-b6d6-b2bad08ce4da: start LeaderElection
2019-11-04 16:47:31,940 [7fc3dcce-a523-45fc-b6d6-b2bad08ce4da@group-29467ABC0BF0-LeaderElection3574] INFO  impl.LeaderElection (LeaderElection.java:askForVotes(178)) - 7fc3dcce-a523-45fc-b6d6-b2bad08ce4da@group-29467ABC0BF0-LeaderElection3574: begin an election at term 63 for -1: [2911c1bb-ca7b-4253-a902-f80f167657b1:192.168.157.194:45844, 7fc3dcce-a523-45fc-b6d6-b2bad08ce4da:192.168.157.194:35647, 18bcd373-7631-4e7c-b817-d7839f17bf5a:192.168.157.194:38252], old=null
2019-11-04 16:47:31,943 [grpc-default-executor-17] INFO  impl.RaftServerImpl (RaftServerImpl.java:setRole(184)) - 18bcd373-7631-4e7c-b817-d7839f17bf5a@group-29467ABC0BF0: changes role from  FOLLOWER to FOLLOWER at term 63 for recognizeCandidate:7fc3dcce-a523-45fc-b6d6-b2bad08ce4da
2019-11-04 16:47:31,944 [grpc-default-executor-17] INFO  impl.RoleInfo (RoleInfo.java:shutdownFollowerState(121)) - 18bcd373-7631-4e7c-b817-d7839f17bf5a: shutdown FollowerState
2019-11-04 16:47:31,943 [grpc-default-executor-3] INFO  impl.RaftServerImpl (RaftServerImpl.java:setRole(184)) - 2911c1bb-ca7b-4253-a902-f80f167657b1@group-29467ABC0BF0: changes role from  FOLLOWER to FOLLOWER at term 63 for recognizeCandidate:7fc3dcce-a523-45fc-b6d6-b2bad08ce4da
2019-11-04 16:47:31,944 [grpc-default-executor-3] INFO  impl.RoleInfo (RoleInfo.java:shutdownFollowerState(121)) - 2911c1bb-ca7b-4253-a902-f80f167657b1: shutdown FollowerState
2019-11-04 16:47:31,944 [grpc-default-executor-17] INFO  impl.RoleInfo (RoleInfo.java:updateAndGet(143)) - 18bcd373-7631-4e7c-b817-d7839f17bf5a: start FollowerState
2019-11-04 16:47:31,944 [Thread-25551] INFO  impl.FollowerState (FollowerState.java:run(117)) - 18bcd373-7631-4e7c-b817-d7839f17bf5a@group-29467ABC0BF0-FollowerState was interrupted: java.lang.InterruptedException: sleep interrupted
2019-11-04 16:47:31,944 [Thread-25550] INFO  impl.FollowerState (FollowerState.java:run(117)) - 2911c1bb-ca7b-4253-a902-f80f167657b1@group-29467ABC0BF0-FollowerState was interrupted: java.lang.InterruptedException: sleep interrupted
2019-11-04 16:47:31,944 [grpc-default-executor-3] INFO  impl.RoleInfo (RoleInfo.java:updateAndGet(143)) - 2911c1bb-ca7b-4253-a902-f80f167657b1: start FollowerState
2019-11-04 16:47:31,952 [7fc3dcce-a523-45fc-b6d6-b2bad08ce4da@group-29467ABC0BF0-LeaderElection3574] INFO  impl.LeaderElection (LeaderElection.java:logAndReturn(56)) - 7fc3dcce-a523-45fc-b6d6-b2bad08ce4da@group-29467ABC0BF0-LeaderElection3574: Election TIMEOUT; received 0 response(s) [] and 0 exception(s); 7fc3dcce-a523-45fc-b6d6-b2bad08ce4da@group-29467ABC0BF0:t63, leader=null, voted=7fc3dcce-a523-45fc-b6d6-b2bad08ce4da, raftlog=7fc3dcce-a523-45fc-b6d6-b2bad08ce4da@group-29467ABC0BF0-SegmentedRaftLog:OPENED:c-1,f-1,i0, conf=-1: [2911c1bb-ca7b-4253-a902-f80f167657b1:192.168.157.194:45844, 7fc3dcce-a523-45fc-b6d6-b2bad08ce4da:192.168.157.194:35647, 18bcd373-7631-4e7c-b817-d7839f17bf5a:192.168.157.194:38252], old=null
2019-11-04 16:47:31,958 [7fc3dcce-a523-45fc-b6d6-b2bad08ce4da@group-29467ABC0BF0-LeaderElection3574] INFO  impl.LeaderElection (LeaderElection.java:askForVotes(178)) - 7fc3dcce-a523-45fc-b6d6-b2bad08ce4da@group-29467ABC0BF0-LeaderElection3574: begin an election at term 64 for -1: [2911c1bb-ca7b-4253-a902-f80f167657b1:192.168.157.194:45844, 7fc3dcce-a523-45fc-b6d6-b2bad08ce4da:192.168.157.194:35647, 18bcd373-7631-4e7c-b817-d7839f17bf5a:192.168.157.194:38252], old=null
2019-11-04 16:47:31,959 [grpc-default-executor-17] INFO  impl.RaftServerImpl (RaftServerImpl.java:setRole(184)) - 2911c1bb-ca7b-4253-a902-f80f167657b1@group-29467ABC0BF0: changes role from  FOLLOWER to FOLLOWER at term 64 for recognizeCandidate:7fc3dcce-a523-45fc-b6d6-b2bad08ce4da
2019-11-04 16:47:31,959 [grpc-default-executor-17] INFO  impl.RoleInfo (RoleInfo.java:shutdownFollowerState(121)) - 2911c1bb-ca7b-4253-a902-f80f167657b1: shutdown FollowerState
2019-11-04 16:47:31,959 [grpc-default-executor-17] INFO  impl.RoleInfo (RoleInfo.java:updateAndGet(143)) - 2911c1bb-ca7b-4253-a902-f80f167657b1: start FollowerState
2019-11-04 16:47:31,959 [Thread-25557] INFO  impl.FollowerState (FollowerState.java:run(117)) - 2911c1bb-ca7b-4253-a902-f80f167657b1@group-29467ABC0BF0-FollowerState was interrupted: java.lang.InterruptedException: sleep interrupted
2019-11-04 16:47:31,959 [grpc-default-executor-3] INFO  impl.RaftServerImpl (RaftServerImpl.java:setRole(184)) - 18bcd373-7631-4e7c-b817-d7839f17bf5a@group-29467ABC0BF0: changes role from  FOLLOWER to FOLLOWER at term 64 for recognizeCandidate:7fc3dcce-a523-45fc-b6d6-b2bad08ce4da
2019-11-04 16:47:31,960 [grpc-default-executor-3] INFO  impl.RoleInfo (RoleInfo.java:shutdownFollowerState(121)) - 18bcd373-7631-4e7c-b817-d7839f17bf5a: shutdown FollowerState
2019-11-04 16:47:31,960 [grpc-default-executor-3] INFO  impl.RoleInfo (RoleInfo.java:updateAndGet(143)) - 18bcd373-7631-4e7c-b817-d7839f17bf5a: start FollowerState
2019-11-04 16:47:31,960 [Thread-25556] INFO  impl.FollowerState (FollowerState.java:run(117)) - 18bcd373-7631-4e7c-b817-d7839f17bf5a@group-29467ABC0BF0-FollowerState was interrupted: java.lang.InterruptedException: sleep interrupted
2019-11-04 16:47:31,973 [7fc3dcce-a523-45fc-b6d6-b2bad08ce4da@group-29467ABC0BF0-LeaderElection3574] INFO  impl.LeaderElection (LeaderElection.java:logAndReturn(56)) - 7fc3dcce-a523-45fc-b6d6-b2bad08ce4da@group-29467ABC0BF0-LeaderElection3574: Election REJECTED; received 2 response(s) [7fc3dcce-a523-45fc-b6d6-b2bad08ce4da<-2911c1bb-ca7b-4253-a902-f80f167657b1#0:FAIL-t64, 7fc3dcce-a523-45fc-b6d6-b2bad08ce4da<-18bcd373-7631-4e7c-b817-d7839f17bf5a#0:FAIL-t64] and 0 exception(s); 7fc3dcce-a523-45fc-b6d6-b2bad08ce4da@group-29467ABC0BF0:t64, leader=null, voted=7fc3dcce-a523-45fc-b6d6-b2bad08ce4da, raftlog=7fc3dcce-a523-45fc-b6d6-b2bad08ce4da@group-29467ABC0BF0-SegmentedRaftLog:OPENED:c-1,f-1,i0, conf=-1: [2911c1bb-ca7b-4253-a902-f80f167657b1:192.168.157.194:45844, 7fc3dcce-a523-45fc-b6d6-b2bad08ce4da:192.168.157.194:35647, 18bcd373-7631-4e7c-b817-d7839f17bf5a:192.168.157.194:38252], old=null
2019-11-04 16:47:31,974 [7fc3dcce-a523-45fc-b6d6-b2bad08ce4da@group-29467ABC0BF0-LeaderElection3574] INFO  impl.RaftServerImpl (RaftServerImpl.java:setRole(184)) - 7fc3dcce-a523-45fc-b6d6-b2bad08ce4da@group-29467ABC0BF0: changes role from CANDIDATE to FOLLOWER at term 64 for DISCOVERED_A_NEW_TERM
2019-11-04 16:47:31,974 [7fc3dcce-a523-45fc-b6d6-b2bad08ce4da@group-29467ABC0BF0-LeaderElection3574] INFO  impl.RoleInfo (RoleInfo.java:shutdownLeaderElection(134)) - 7fc3dcce-a523-45fc-b6d6-b2bad08ce4da: shutdown LeaderElection
2019-11-04 16:47:31,974 [7fc3dcce-a523-45fc-b6d6-b2bad08ce4da@group-29467ABC0BF0-LeaderElection3574] INFO  impl.RoleInfo (RoleInfo.java:updateAndGet(143)) - 7fc3dcce-a523-45fc-b6d6-b2bad08ce4da: start FollowerState
2019-11-04 16:47:32,066 [Thread-25562] INFO  impl.FollowerState (FollowerState.java:run(108)) - 7fc3dcce-a523-45fc-b6d6-b2bad08ce4da@group-29467ABC0BF0-FollowerState: change to CANDIDATE, lastRpcTime:92ms, electionTimeout:92ms
2019-11-04 16:47:32,066 [Thread-25562] INFO  impl.RoleInfo (RoleInfo.java:shutdownFollowerState(121)) - 7fc3dcce-a523-45fc-b6d6-b2bad08ce4da: shutdown FollowerState
2019-11-04 16:47:32,066 [Thread-25562] INFO  impl.RaftServerImpl (RaftServerImpl.java:setRole(184)) - 7fc3dcce-a523-45fc-b6d6-b2bad08ce4da@group-29467ABC0BF0: changes role from  FOLLOWER to CANDIDATE at term 64 for changeToCandidate
2019-11-04 16:47:32,066 [Thread-25562] INFO  impl.RoleInfo (RoleInfo.java:updateAndGet(143)) - 7fc3dcce-a523-45fc-b6d6-b2bad08ce4da: start LeaderElection
2019-11-04 16:47:32,080 [7fc3dcce-a523-45fc-b6d6-b2bad08ce4da@group-29467ABC0BF0-LeaderElection3575] INFO  impl.LeaderElection (LeaderElection.java:askForVotes(178)) - 7fc3dcce-a523-45fc-b6d6-b2bad08ce4da@group-29467ABC0BF0-LeaderElection3575: begin an election at term 65 for -1: [2911c1bb-ca7b-4253-a902-f80f167657b1:192.168.157.194:45844, 7fc3dcce-a523-45fc-b6d6-b2bad08ce4da:192.168.157.194:35647, 18bcd373-7631-4e7c-b817-d7839f17bf5a:192.168.157.194:38252], old=null
2019-11-04 16:47:32,081 [grpc-default-executor-17] INFO  impl.RaftServerImpl (RaftServerImpl.java:setRole(184)) - 2911c1bb-ca7b-4253-a902-f80f167657b1@group-29467ABC0BF0: changes role from  FOLLOWER to FOLLOWER at term 65 for recognizeCandidate:7fc3dcce-a523-45fc-b6d6-b2bad08ce4da
2019-11-04 16:47:32,081 [grpc-default-executor-17] INFO  impl.RoleInfo (RoleInfo.java:shutdownFollowerState(121)) - 2911c1bb-ca7b-4253-a902-f80f167657b1: shutdown FollowerState
2019-11-04 16:47:32,081 [grpc-default-executor-3] INFO  impl.RaftServerImpl (RaftServerImpl.java:setRole(184)) - 18bcd373-7631-4e7c-b817-d7839f17bf5a@group-29467ABC0BF0: changes role from  FOLLOWER to FOLLOWER at term 65 for recognizeCandidate:7fc3dcce-a523-45fc-b6d6-b2bad08ce4da
2019-11-04 16:47:32,081 [grpc-default-executor-3] INFO  impl.RoleInfo (RoleInfo.java:shutdownFollowerState(121)) - 18bcd373-7631-4e7c-b817-d7839f17bf5a: shutdown FollowerState
2019-11-04 16:47:32,081 [Thread-25560] INFO  impl.FollowerState (FollowerState.java:run(117)) - 2911c1bb-ca7b-4253-a902-f80f167657b1@group-29467ABC0BF0-FollowerState was interrupted: java.lang.InterruptedException: sleep interrupted
2019-11-04 16:47:32,081 [grpc-default-executor-17] INFO  impl.RoleInfo (RoleInfo.java:updateAndGet(143)) - 2911c1bb-ca7b-4253-a902-f80f167657b1: start FollowerState
2019-11-04 16:47:32,082 [Thread-25561] INFO  impl.FollowerState (FollowerState.java:run(117)) - 18bcd373-7631-4e7c-b817-d7839f17bf5a@group-29467ABC0BF0-FollowerState was interrupted: java.lang.InterruptedException: sleep interrupted
2019-11-04 16:47:32,082 [grpc-default-executor-3] INFO  impl.RoleInfo (RoleInfo.java:updateAndGet(143)) - 18bcd373-7631-4e7c-b817-d7839f17bf5a: start FollowerState
2019-11-04 16:47:32,095 [7fc3dcce-a523-45fc-b6d6-b2bad08ce4da@group-29467ABC0BF0-LeaderElection3575] INFO  impl.LeaderElection (LeaderElection.java:logAndReturn(56)) - 7fc3dcce-a523-45fc-b6d6-b2bad08ce4da@group-29467ABC0BF0-LeaderElection3575: Election REJECTED; received 2 response(s) [7fc3dcce-a523-45fc-b6d6-b2bad08ce4da<-2911c1bb-ca7b-4253-a902-f80f167657b1#0:FAIL-t65, 7fc3dcce-a523-45fc-b6d6-b2bad08ce4da<-18bcd373-7631-4e7c-b817-d7839f17bf5a#0:FAIL-t65] and 0 exception(s); 7fc3dcce-a523-45fc-b6d6-b2bad08ce4da@group-29467ABC0BF0:t65, leader=null, voted=7fc3dcce-a523-45fc-b6d6-b2bad08ce4da, raftlog=7fc3dcce-a523-45fc-b6d6-b2bad08ce4da@group-29467ABC0BF0-SegmentedRaftLog:OPENED:c-1,f-1,i0, conf=-1: [2911c1bb-ca7b-4253-a902-f80f167657b1:192.168.157.194:45844, 7fc3dcce-a523-45fc-b6d6-b2bad08ce4da:192.168.157.194:35647, 18bcd373-7631-4e7c-b817-d7839f17bf5a:192.168.157.194:38252], old=null
2019-11-04 16:47:32,096 [7fc3dcce-a523-45fc-b6d6-b2bad08ce4da@group-29467ABC0BF0-LeaderElection3575] INFO  impl.RaftServerImpl (RaftServerImpl.java:setRole(184)) - 7fc3dcce-a523-45fc-b6d6-b2bad08ce4da@group-29467ABC0BF0: changes role from CANDIDATE to FOLLOWER at term 65 for DISCOVERED_A_NEW_TERM
2019-11-04 16:47:32,096 [7fc3dcce-a523-45fc-b6d6-b2bad08ce4da@group-29467ABC0BF0-LeaderElection3575] INFO  impl.RoleInfo (RoleInfo.java:shutdownLeaderElection(134)) - 7fc3dcce-a523-45fc-b6d6-b2bad08ce4da: shutdown LeaderElection
2019-11-04 16:47:32,096 [7fc3dcce-a523-45fc-b6d6-b2bad08ce4da@group-29467ABC0BF0-LeaderElection3575] INFO  impl.RoleInfo (RoleInfo.java:updateAndGet(143)) - 7fc3dcce-a523-45fc-b6d6-b2bad08ce4da: start FollowerState
2019-11-04 16:47:32,245 [Thread-25570] INFO  impl.FollowerState (FollowerState.java:run(108)) - 7fc3dcce-a523-45fc-b6d6-b2bad08ce4da@group-29467ABC0BF0-FollowerState: change to CANDIDATE, lastRpcTime:149ms, electionTimeout:149ms
2019-11-04 16:47:32,245 [Thread-25570] INFO  impl.RoleInfo (RoleInfo.java:shutdownFollowerState(121)) - 7fc3dcce-a523-45fc-b6d6-b2bad08ce4da: shutdown FollowerState
2019-11-04 16:47:32,246 [Thread-25570] INFO  impl.RaftServerImpl (RaftServerImpl.java:setRole(184)) - 7fc3dcce-a523-45fc-b6d6-b2bad08ce4da@group-29467ABC0BF0: changes role from  FOLLOWER to CANDIDATE at term 65 for changeToCandidate
2019-11-04 16:47:32,246 [Thread-25570] INFO  impl.RoleInfo (RoleInfo.java:updateAndGet(143)) - 7fc3dcce-a523-45fc-b6d6-b2bad08ce4da: start LeaderElection
2019-11-04 16:47:32,259 [7fc3dcce-a523-45fc-b6d6-b2bad08ce4da@group-29467ABC0BF0-LeaderElection3576] INFO  impl.LeaderElection (LeaderElection.java:askForVotes(178)) - 7fc3dcce-a523-45fc-b6d6-b2bad08ce4da@group-29467ABC0BF0-LeaderElection3576: begin an election at term 66 for -1: [2911c1bb-ca7b-4253-a902-f80f167657b1:192.168.157.194:45844, 7fc3dcce-a523-45fc-b6d6-b2bad08ce4da:192.168.157.194:35647, 18bcd373-7631-4e7c-b817-d7839f17bf5a:192.168.157.194:38252], old=null
2019-11-04 16:47:32,260 [grpc-default-executor-17] INFO  impl.RaftServerImpl (RaftServerImpl.java:setRole(184)) - 2911c1bb-ca7b-4253-a902-f80f167657b1@group-29467ABC0BF0: changes role from  FOLLOWER to FOLLOWER at term 66 for recognizeCandidate:7fc3dcce-a523-45fc-b6d6-b2bad08ce4da
2019-11-04 16:47:32,261 [grpc-default-executor-17] INFO  impl.RoleInfo (RoleInfo.java:shutdownFollowerState(121)) - 2911c1bb-ca7b-4253-a902-f80f167657b1: shutdown FollowerState
2019-11-04 16:47:32,261 [grpc-default-executor-3] INFO  impl.RaftServerImpl (RaftServerImpl.java:setRole(184)) - 18bcd373-7631-4e7c-b817-d7839f17bf5a@group-29467ABC0BF0: changes role from  FOLLOWER to FOLLOWER at term 66 for recognizeCandidate:7fc3dcce-a523-45fc-b6d6-b2bad08ce4da
2019-11-04 16:47:32,261 [Thread-25568] INFO  impl.FollowerState (FollowerState.java:run(117)) - 2911c1bb-ca7b-4253-a902-f80f167657b1@group-29467ABC0BF0-FollowerState was interrupted: java.lang.InterruptedException: sleep interrupted
2019-11-04 16:47:32,261 [grpc-default-executor-17] INFO  impl.RoleInfo (RoleInfo.java:updateAndGet(143)) - 2911c1bb-ca7b-4253-a902-f80f167657b1: start FollowerState
2019-11-04 16:47:32,261 [grpc-default-executor-3] INFO  impl.RoleInfo (RoleInfo.java:shutdownFollowerState(121)) - 18bcd373-7631-4e7c-b817-d7839f17bf5a: shutdown FollowerState
2019-11-04 16:47:32,262 [grpc-default-executor-3] INFO  impl.RoleInfo (RoleInfo.java:updateAndGet(143)) - 18bcd373-7631-4e7c-b817-d7839f17bf5a: start FollowerState
2019-11-04 16:47:32,262 [Thread-25569] INFO  impl.FollowerState (FollowerState.java:run(117)) - 18bcd373-7631-4e7c-b817-d7839f17bf5a@group-29467ABC0BF0-FollowerState was interrupted: java.lang.InterruptedException: sleep interrupted
2019-11-04 16:47:32,277 [7fc3dcce-a523-45fc-b6d6-b2bad08ce4da@group-29467ABC0BF0-LeaderElection3576] INFO  impl.LeaderElection (LeaderElection.java:logAndReturn(56)) - 7fc3dcce-a523-45fc-b6d6-b2bad08ce4da@group-29467ABC0BF0-LeaderElection3576: Election REJECTED; received 2 response(s) [7fc3dcce-a523-45fc-b6d6-b2bad08ce4da<-2911c1bb-ca7b-4253-a902-f80f167657b1#0:FAIL-t66, 7fc3dcce-a523-45fc-b6d6-b2bad08ce4da<-18bcd373-7631-4e7c-b817-d7839f17bf5a#0:FAIL-t66] and 0 exception(s); 7fc3dcce-a523-45fc-b6d6-b2bad08ce4da@group-29467ABC0BF0:t66, leader=null, voted=7fc3dcce-a523-45fc-b6d6-b2bad08ce4da, raftlog=7fc3dcce-a523-45fc-b6d6-b2bad08ce4da@group-29467ABC0BF0-SegmentedRaftLog:OPENED:c-1,f-1,i0, conf=-1: [2911c1bb-ca7b-4253-a902-f80f167657b1:192.168.157.194:45844, 7fc3dcce-a523-45fc-b6d6-b2bad08ce4da:192.168.157.194:35647, 18bcd373-7631-4e7c-b817-d7839f17bf5a:192.168.157.194:38252], old=null
2019-11-04 16:47:32,277 [7fc3dcce-a523-45fc-b6d6-b2bad08ce4da@group-29467ABC0BF0-LeaderElection3576] INFO  impl.RaftServerImpl (RaftServerImpl.java:setRole(184)) - 7fc3dcce-a523-45fc-b6d6-b2bad08ce4da@group-29467ABC0BF0: changes role from CANDIDATE to FOLLOWER at term 66 for DISCOVERED_A_NEW_TERM
2019-11-04 16:47:32,277 [7fc3dcce-a523-45fc-b6d6-b2bad08ce4da@group-29467ABC0BF0-LeaderElection3576] INFO  impl.RoleInfo (RoleInfo.java:shutdownLeaderElection(134)) - 7fc3dcce-a523-45fc-b6d6-b2bad08ce4da: shutdown LeaderElection
2019-11-04 16:47:32,277 [7fc3dcce-a523-45fc-b6d6-b2bad08ce4da@group-29467ABC0BF0-LeaderElection3576] INFO  impl.RoleInfo (RoleInfo.java:updateAndGet(143)) - 7fc3dcce-a523-45fc-b6d6-b2bad08ce4da: start FollowerState
2019-11-04 16:47:32,359 [Thread-25578] INFO  impl.FollowerState (FollowerState.java:run(108)) - 7fc3dcce-a523-45fc-b6d6-b2bad08ce4da@group-29467ABC0BF0-FollowerState: change to CANDIDATE, lastRpcTime:82ms, electionTimeout:82ms
2019-11-04 16:47:32,360 [Thread-25578] INFO  impl.RoleInfo (RoleInfo.java:shutdownFollowerState(121)) - 7fc3dcce-a523-45fc-b6d6-b2bad08ce4da: shutdown FollowerState
2019-11-04 16:47:32,360 [Thread-25578] INFO  impl.RaftServerImpl (RaftServerImpl.java:setRole(184)) - 7fc3dcce-a523-45fc-b6d6-b2bad08ce4da@group-29467ABC0BF0: changes role from  FOLLOWER to CANDIDATE at term 66 for changeToCandidate
2019-11-04 16:47:32,360 [Thread-25578] INFO  impl.RoleInfo (RoleInfo.java:updateAndGet(143)) - 7fc3dcce-a523-45fc-b6d6-b2bad08ce4da: start LeaderElection
2019-11-04 16:47:32,373 [7fc3dcce-a523-45fc-b6d6-b2bad08ce4da@group-29467ABC0BF0-LeaderElection3577] INFO  impl.LeaderElection (LeaderElection.java:askForVotes(178)) - 7fc3dcce-a523-45fc-b6d6-b2bad08ce4da@group-29467ABC0BF0-LeaderElection3577: begin an election at term 67 for -1: [2911c1bb-ca7b-4253-a902-f80f167657b1:192.168.157.194:45844, 7fc3dcce-a523-45fc-b6d6-b2bad08ce4da:192.168.157.194:35647, 18bcd373-7631-4e7c-b817-d7839f17bf5a:192.168.157.194:38252], old=null
2019-11-04 16:47:32,374 [grpc-default-executor-17] INFO  impl.RaftServerImpl (RaftServerImpl.java:setRole(184)) - 2911c1bb-ca7b-4253-a902-f80f167657b1@group-29467ABC0BF0: changes role from  FOLLOWER to FOLLOWER at term 67 for recognizeCandidate:7fc3dcce-a523-45fc-b6d6-b2bad08ce4da
2019-11-04 16:47:32,374 [grpc-default-executor-17] INFO  impl.RoleInfo (RoleInfo.java:shutdownFollowerState(121)) - 2911c1bb-ca7b-4253-a902-f80f167657b1: shutdown FollowerState
2019-11-04 16:47:32,374 [grpc-default-executor-3] INFO  impl.RaftServerImpl (RaftServerImpl.java:setRole(184)) - 18bcd373-7631-4e7c-b817-d7839f17bf5a@group-29467ABC0BF0: changes role from  FOLLOWER to FOLLOWER at term 67 for recognizeCandidate:7fc3dcce-a523-45fc-b6d6-b2bad08ce4da
2019-11-04 16:47:32,374 [grpc-default-executor-3] INFO  impl.RoleInfo (RoleInfo.java:shutdownFollowerState(121)) - 18bcd373-7631-4e7c-b817-d7839f17bf5a: shutdown FollowerState
2019-11-04 16:47:32,374 [Thread-25576] INFO  impl.FollowerState (FollowerState.java:run(117)) - 2911c1bb-ca7b-4253-a902-f80f167657b1@group-29467ABC0BF0-FollowerState was interrupted: java.lang.InterruptedException: sleep interrupted
2019-11-04 16:47:32,375 [Thread-25577] INFO  impl.FollowerState (FollowerState.java:run(117)) - 18bcd373-7631-4e7c-b817-d7839f17bf5a@group-29467ABC0BF0-FollowerState was interrupted: java.lang.InterruptedException: sleep interrupted
2019-11-04 16:47:32,374 [grpc-default-executor-17] INFO  impl.RoleInfo (RoleInfo.java:updateAndGet(143)) - 2911c1bb-ca7b-4253-a902-f80f167657b1: start FollowerState
2019-11-04 16:47:32,375 [grpc-default-executor-3] INFO  impl.RoleInfo (RoleInfo.java:updateAndGet(143)) - 18bcd373-7631-4e7c-b817-d7839f17bf5a: start FollowerState
2019-11-04 16:47:32,388 [7fc3dcce-a523-45fc-b6d6-b2bad08ce4da@group-29467ABC0BF0-LeaderElection3577] INFO  impl.LeaderElection (LeaderElection.java:logAndReturn(56)) - 7fc3dcce-a523-45fc-b6d6-b2bad08ce4da@group-29467ABC0BF0-LeaderElection3577: Election REJECTED; received 2 response(s) [7fc3dcce-a523-45fc-b6d6-b2bad08ce4da<-2911c1bb-ca7b-4253-a902-f80f167657b1#0:FAIL-t67, 7fc3dcce-a523-45fc-b6d6-b2bad08ce4da<-18bcd373-7631-4e7c-b817-d7839f17bf5a#0:FAIL-t67] and 0 exception(s); 7fc3dcce-a523-45fc-b6d6-b2bad08ce4da@group-29467ABC0BF0:t67, leader=null, voted=7fc3dcce-a523-45fc-b6d6-b2bad08ce4da, raftlog=7fc3dcce-a523-45fc-b6d6-b2bad08ce4da@group-29467ABC0BF0-SegmentedRaftLog:OPENED:c-1,f-1,i0, conf=-1: [2911c1bb-ca7b-4253-a902-f80f167657b1:192.168.157.194:45844, 7fc3dcce-a523-45fc-b6d6-b2bad08ce4da:192.168.157.194:35647, 18bcd373-7631-4e7c-b817-d7839f17bf5a:192.168.157.194:38252], old=null
2019-11-04 16:47:32,388 [7fc3dcce-a523-45fc-b6d6-b2bad08ce4da@group-29467ABC0BF0-LeaderElection3577] INFO  impl.RaftServerImpl (RaftServerImpl.java:setRole(184)) - 7fc3dcce-a523-45fc-b6d6-b2bad08ce4da@group-29467ABC0BF0: changes role from CANDIDATE to FOLLOWER at term 67 for DISCOVERED_A_NEW_TERM
2019-11-04 16:47:32,388 [7fc3dcce-a523-45fc-b6d6-b2bad08ce4da@group-29467ABC0BF0-LeaderElection3577] INFO  impl.RoleInfo (RoleInfo.java:shutdownLeaderElection(134)) - 7fc3dcce-a523-45fc-b6d6-b2bad08ce4da: shutdown LeaderElection
2019-11-04 16:47:32,389 [7fc3dcce-a523-45fc-b6d6-b2bad08ce4da@group-29467ABC0BF0-LeaderElection3577] INFO  impl.RoleInfo (RoleInfo.java:updateAndGet(143)) - 7fc3dcce-a523-45fc-b6d6-b2bad08ce4da: start FollowerState
2019-11-04 16:47:32,479 [Thread-25584] INFO  impl.FollowerState (FollowerState.java:run(108)) - 7fc3dcce-a523-45fc-b6d6-b2bad08ce4da@group-29467ABC0BF0-FollowerState: change to CANDIDATE, lastRpcTime:90ms, electionTimeout:90ms
2019-11-04 16:47:32,479 [Thread-25584] INFO  impl.RoleInfo (RoleInfo.java:shutdownFollowerState(121)) - 7fc3dcce-a523-45fc-b6d6-b2bad08ce4da: shutdown FollowerState
2019-11-04 16:47:32,479 [Thread-25584] INFO  impl.RaftServerImpl (RaftServerImpl.java:setRole(184)) - 7fc3dcce-a523-45fc-b6d6-b2bad08ce4da@group-29467ABC0BF0: changes role from  FOLLOWER to CANDIDATE at term 67 for changeToCandidate
2019-11-04 16:47:32,479 [Thread-25584] INFO  impl.RoleInfo (RoleInfo.java:updateAndGet(143)) - 7fc3dcce-a523-45fc-b6d6-b2bad08ce4da: start LeaderElection
2019-11-04 16:47:32,493 [7fc3dcce-a523-45fc-b6d6-b2bad08ce4da@group-29467ABC0BF0-LeaderElection3578] INFO  impl.LeaderElection (LeaderElection.java:askForVotes(178)) - 7fc3dcce-a523-45fc-b6d6-b2bad08ce4da@group-29467ABC0BF0-LeaderElection3578: begin an election at term 68 for -1: [2911c1bb-ca7b-4253-a902-f80f167657b1:192.168.157.194:45844, 7fc3dcce-a523-45fc-b6d6-b2bad08ce4da:192.168.157.194:35647, 18bcd373-7631-4e7c-b817-d7839f17bf5a:192.168.157.194:38252], old=null
2019-11-04 16:47:32,494 [grpc-default-executor-17] INFO  impl.RaftServerImpl (RaftServerImpl.java:setRole(184)) - 2911c1bb-ca7b-4253-a902-f80f167657b1@group-29467ABC0BF0: changes role from  FOLLOWER to FOLLOWER at term 68 for recognizeCandidate:7fc3dcce-a523-45fc-b6d6-b2bad08ce4da
2019-11-04 16:47:32,494 [grpc-default-executor-17] INFO  impl.RoleInfo (RoleInfo.java:shutdownFollowerState(121)) - 2911c1bb-ca7b-4253-a902-f80f167657b1: shutdown FollowerState
2019-11-04 16:47:32,494 [grpc-default-executor-3] INFO  impl.RaftServerImpl (RaftServerImpl.java:setRole(184)) - 18bcd373-7631-4e7c-b817-d7839f17bf5a@group-29467ABC0BF0: changes role from  FOLLOWER to FOLLOWER at term 68 for recognizeCandidate:7fc3dcce-a523-45fc-b6d6-b2bad08ce4da
2019-11-04 16:47:32,494 [grpc-default-executor-3] INFO  impl.RoleInfo (RoleInfo.java:shutdownFollowerState(121)) - 18bcd373-7631-4e7c-b817-d7839f17bf5a: shutdown FollowerState
2019-11-04 16:47:32,494 [Thread-25582] INFO  impl.FollowerState (FollowerState.java:run(117)) - 2911c1bb-ca7b-4253-a902-f80f167657b1@group-29467ABC0BF0-FollowerState was interrupted: java.lang.InterruptedException: sleep interrupted
2019-11-04 16:47:32,494 [Thread-25583] INFO  impl.FollowerState (FollowerState.java:run(117)) - 18bcd373-7631-4e7c-b817-d7839f17bf5a@group-29467ABC0BF0-FollowerState was interrupted: java.lang.InterruptedException: sleep interrupted
2019-11-04 16:47:32,494 [grpc-default-executor-17] INFO  impl.RoleInfo (RoleInfo.java:updateAndGet(143)) - 2911c1bb-ca7b-4253-a902-f80f167657b1: start FollowerState
2019-11-04 16:47:32,494 [grpc-default-executor-3] INFO  impl.RoleInfo (RoleInfo.java:updateAndGet(143)) - 18bcd373-7631-4e7c-b817-d7839f17bf5a: start FollowerState
2019-11-04 16:47:32,510 [7fc3dcce-a523-45fc-b6d6-b2bad08ce4da@group-29467ABC0BF0-LeaderElection3578] INFO  impl.LeaderElection (LeaderElection.java:logAndReturn(56)) - 7fc3dcce-a523-45fc-b6d6-b2bad08ce4da@group-29467ABC0BF0-LeaderElection3578: Election REJECTED; received 2 response(s) [7fc3dcce-a523-45fc-b6d6-b2bad08ce4da<-2911c1bb-ca7b-4253-a902-f80f167657b1#0:FAIL-t68, 7fc3dcce-a523-45fc-b6d6-b2bad08ce4da<-18bcd373-7631-4e7c-b817-d7839f17bf5a#0:FAIL-t68] and 0 exception(s); 7fc3dcce-a523-45fc-b6d6-b2bad08ce4da@group-29467ABC0BF0:t68, leader=null, voted=7fc3dcce-a523-45fc-b6d6-b2bad08ce4da, raftlog=7fc3dcce-a523-45fc-b6d6-b2bad08ce4da@group-29467ABC0BF0-SegmentedRaftLog:OPENED:c-1,f-1,i0, conf=-1: [2911c1bb-ca7b-4253-a902-f80f167657b1:192.168.157.194:45844, 7fc3dcce-a523-45fc-b6d6-b2bad08ce4da:192.168.157.194:35647, 18bcd373-7631-4e7c-b817-d7839f17bf5a:192.168.157.194:38252], old=null
2019-11-04 16:47:32,510 [7fc3dcce-a523-45fc-b6d6-b2bad08ce4da@group-29467ABC0BF0-LeaderElection3578] INFO  impl.RaftServerImpl (RaftServerImpl.java:setRole(184)) - 7fc3dcce-a523-45fc-b6d6-b2bad08ce4da@group-29467ABC0BF0: changes role from CANDIDATE to FOLLOWER at term 68 for DISCOVERED_A_NEW_TERM
2019-11-04 16:47:32,510 [7fc3dcce-a523-45fc-b6d6-b2bad08ce4da@group-29467ABC0BF0-LeaderElection3578] INFO  impl.RoleInfo (RoleInfo.java:shutdownLeaderElection(134)) - 7fc3dcce-a523-45fc-b6d6-b2bad08ce4da: shutdown LeaderElection
2019-11-04 16:47:32,510 [7fc3dcce-a523-45fc-b6d6-b2bad08ce4da@group-29467ABC0BF0-LeaderElection3578] INFO  impl.RoleInfo (RoleInfo.java:updateAndGet(143)) - 7fc3dcce-a523-45fc-b6d6-b2bad08ce4da: start FollowerState
2019-11-04 16:47:32,739 [Thread-25590] INFO  impl.FollowerState (FollowerState.java:run(108)) - 7fc3dcce-a523-45fc-b6d6-b2bad08ce4da@group-29467ABC0BF0-FollowerState: change to CANDIDATE, lastRpcTime:228ms, electionTimeout:161ms
2019-11-04 16:47:32,739 [Thread-25590] INFO  impl.RoleInfo (RoleInfo.java:shutdownFollowerState(121)) - 7fc3dcce-a523-45fc-b6d6-b2bad08ce4da: shutdown FollowerState
2019-11-04 16:47:32,739 [Thread-25590] INFO  impl.RaftServerImpl (RaftServerImpl.java:setRole(184)) - 7fc3dcce-a523-45fc-b6d6-b2bad08ce4da@group-29467ABC0BF0: changes role from  FOLLOWER to CANDIDATE at term 68 for changeToCandidate
2019-11-04 16:47:32,739 [Thread-25590] INFO  impl.RoleInfo (RoleInfo.java:updateAndGet(143)) - 7fc3dcce-a523-45fc-b6d6-b2bad08ce4da: start LeaderElection
2019-11-04 16:47:32,824 [7fc3dcce-a523-45fc-b6d6-b2bad08ce4da@group-29467ABC0BF0-LeaderElection3579] INFO  impl.LeaderElection (LeaderElection.java:askForVotes(178)) - 7fc3dcce-a523-45fc-b6d6-b2bad08ce4da@group-29467ABC0BF0-LeaderElection3579: begin an election at term 69 for -1: [2911c1bb-ca7b-4253-a902-f80f167657b1:192.168.157.194:45844, 7fc3dcce-a523-45fc-b6d6-b2bad08ce4da:192.168.157.194:35647, 18bcd373-7631-4e7c-b817-d7839f17bf5a:192.168.157.194:38252], old=null
2019-11-04 16:47:32,825 [grpc-default-executor-3] INFO  impl.RaftServerImpl (RaftServerImpl.java:setRole(184)) - 2911c1bb-ca7b-4253-a902-f80f167657b1@group-29467ABC0BF0: changes role from  FOLLOWER to FOLLOWER at term 69 for recognizeCandidate:7fc3dcce-a523-45fc-b6d6-b2bad08ce4da
2019-11-04 16:47:32,826 [grpc-default-executor-17] INFO  impl.RaftServerImpl (RaftServerImpl.java:setRole(184)) - 18bcd373-7631-4e7c-b817-d7839f17bf5a@group-29467ABC0BF0: changes role from  FOLLOWER to FOLLOWER at term 69 for recognizeCandidate:7fc3dcce-a523-45fc-b6d6-b2bad08ce4da
2019-11-04 16:47:32,826 [grpc-default-executor-17] INFO  impl.RoleInfo (RoleInfo.java:shutdownFollowerState(121)) - 18bcd373-7631-4e7c-b817-d7839f17bf5a: shutdown FollowerState
2019-11-04 16:47:32,826 [grpc-default-executor-3] INFO  impl.RoleInfo (RoleInfo.java:shutdownFollowerState(121)) - 2911c1bb-ca7b-4253-a902-f80f167657b1: shutdown FollowerState
2019-11-04 16:47:32,826 [Thread-25589] INFO  impl.FollowerState (FollowerState.java:run(117)) - 18bcd373-7631-4e7c-b817-d7839f17bf5a@group-29467ABC0BF0-FollowerState was interrupted: java.lang.InterruptedException: sleep interrupted
2019-11-04 16:47:32,826 [Thread-25588] INFO  impl.FollowerState (FollowerState.java:run(117)) - 2911c1bb-ca7b-4253-a902-f80f167657b1@group-29467ABC0BF0-FollowerState was interrupted: java.lang.InterruptedException: sleep interrupted
2019-11-04 16:47:32,826 [grpc-default-executor-17] INFO  impl.RoleInfo (RoleInfo.java:updateAndGet(143)) - 18bcd373-7631-4e7c-b817-d7839f17bf5a: start FollowerState
2019-11-04 16:47:32,826 [grpc-default-executor-3] INFO  impl.RoleInfo (RoleInfo.java:updateAndGet(143)) - 2911c1bb-ca7b-4253-a902-f80f167657b1: start FollowerState
2019-11-04 16:47:32,841 [7fc3dcce-a523-45fc-b6d6-b2bad08ce4da@group-29467ABC0BF0-LeaderElection3579] INFO  impl.LeaderElection (LeaderElection.java:logAndReturn(56)) - 7fc3dcce-a523-45fc-b6d6-b2bad08ce4da@group-29467ABC0BF0-LeaderElection3579: Election REJECTED; received 2 response(s) [7fc3dcce-a523-45fc-b6d6-b2bad08ce4da<-2911c1bb-ca7b-4253-a902-f80f167657b1#0:FAIL-t69, 7fc3dcce-a523-45fc-b6d6-b2bad08ce4da<-18bcd373-7631-4e7c-b817-d7839f17bf5a#0:FAIL-t69] and 0 exception(s); 7fc3dcce-a523-45fc-b6d6-b2bad08ce4da@group-29467ABC0BF0:t69, leader=null, voted=7fc3dcce-a523-45fc-b6d6-b2bad08ce4da, raftlog=7fc3dcce-a523-45fc-b6d6-b2bad08ce4da@group-29467ABC0BF0-SegmentedRaftLog:OPENED:c-1,f-1,i0, conf=-1: [2911c1bb-ca7b-4253-a902-f80f167657b1:192.168.157.194:45844, 7fc3dcce-a523-45fc-b6d6-b2bad08ce4da:192.168.157.194:35647, 18bcd373-7631-4e7c-b817-d7839f17bf5a:192.168.157.194:38252], old=null
2019-11-04 16:47:32,841 [7fc3dcce-a523-45fc-b6d6-b2bad08ce4da@group-29467ABC0BF0-LeaderElection3579] INFO  impl.RaftServerImpl (RaftServerImpl.java:setRole(184)) - 7fc3dcce-a523-45fc-b6d6-b2bad08ce4da@group-29467ABC0BF0: changes role from CANDIDATE to FOLLOWER at term 69 for DISCOVERED_A_NEW_TERM
2019-11-04 16:47:32,841 [7fc3dcce-a523-45fc-b6d6-b2bad08ce4da@group-29467ABC0BF0-LeaderElection3579] INFO  impl.RoleInfo (RoleInfo.java:shutdownLeaderElection(134)) - 7fc3dcce-a523-45fc-b6d6-b2bad08ce4da: shutdown LeaderElection
2019-11-04 16:47:32,841 [7fc3dcce-a523-45fc-b6d6-b2bad08ce4da@group-29467ABC0BF0-LeaderElection3579] INFO  impl.RoleInfo (RoleInfo.java:updateAndGet(143)) - 7fc3dcce-a523-45fc-b6d6-b2bad08ce4da: start FollowerState
2019-11-04 16:47:32,846 [Thread-25600] INFO  impl.FollowerState (FollowerState.java:run(108)) - 7fc3dcce-a523-45fc-b6d6-b2bad08ce4da@group-29467ABC0BF0-FollowerState: change to CANDIDATE, lastRpcTime:5ms, electionTimeout:5ms
2019-11-04 16:47:32,846 [Thread-25600] INFO  impl.RoleInfo (RoleInfo.java:shutdownFollowerState(121)) - 7fc3dcce-a523-45fc-b6d6-b2bad08ce4da: shutdown FollowerState
2019-11-04 16:47:32,846 [Thread-25600] INFO  impl.RaftServerImpl (RaftServerImpl.java:setRole(184)) - 7fc3dcce-a523-45fc-b6d6-b2bad08ce4da@group-29467ABC0BF0: changes role from  FOLLOWER to CANDIDATE at term 69 for changeToCandidate
2019-11-04 16:47:32,847 [Thread-25600] INFO  impl.RoleInfo (RoleInfo.java:updateAndGet(143)) - 7fc3dcce-a523-45fc-b6d6-b2bad08ce4da: start LeaderElection
2019-11-04 16:47:32,859 [7fc3dcce-a523-45fc-b6d6-b2bad08ce4da@group-29467ABC0BF0-LeaderElection3580] INFO  impl.LeaderElection (LeaderElection.java:askForVotes(178)) - 7fc3dcce-a523-45fc-b6d6-b2bad08ce4da@group-29467ABC0BF0-LeaderElection3580: begin an election at term 70 for -1: [2911c1bb-ca7b-4253-a902-f80f167657b1:192.168.157.194:45844, 7fc3dcce-a523-45fc-b6d6-b2bad08ce4da:192.168.157.194:35647, 18bcd373-7631-4e7c-b817-d7839f17bf5a:192.168.157.194:38252], old=null
2019-11-04 16:47:32,861 [grpc-default-executor-17] INFO  impl.RaftServerImpl (RaftServerImpl.java:setRole(184)) - 2911c1bb-ca7b-4253-a902-f80f167657b1@group-29467ABC0BF0: changes role from  FOLLOWER to FOLLOWER at term 70 for recognizeCandidate:7fc3dcce-a523-45fc-b6d6-b2bad08ce4da
2019-11-04 16:47:32,861 [grpc-default-executor-3] INFO  impl.RaftServerImpl (RaftServerImpl.java:setRole(184)) - 18bcd373-7631-4e7c-b817-d7839f17bf5a@group-29467ABC0BF0: changes role from  FOLLOWER to FOLLOWER at term 70 for recognizeCandidate:7fc3dcce-a523-45fc-b6d6-b2bad08ce4da
2019-11-04 16:47:32,861 [grpc-default-executor-3] INFO  impl.RoleInfo (RoleInfo.java:shutdownFollowerState(121)) - 18bcd373-7631-4e7c-b817-d7839f17bf5a: shutdown FollowerState
2019-11-04 16:47:32,861 [grpc-default-executor-17] INFO  impl.RoleInfo (RoleInfo.java:shutdownFollowerState(121)) - 2911c1bb-ca7b-4253-a902-f80f167657b1: shutdown FollowerState
2019-11-04 16:47:32,861 [Thread-25598] INFO  impl.FollowerState (FollowerState.java:run(117)) - 18bcd373-7631-4e7c-b817-d7839f17bf5a@group-29467ABC0BF0-FollowerState was interrupted: java.lang.InterruptedException: sleep interrupted
2019-11-04 16:47:32,861 [grpc-default-executor-3] INFO  impl.RoleInfo (RoleInfo.java:updateAndGet(143)) - 18bcd373-7631-4e7c-b817-d7839f17bf5a: start FollowerState
2019-11-04 16:47:32,861 [Thread-25599] INFO  impl.FollowerState (FollowerState.java:run(117)) - 2911c1bb-ca7b-4253-a902-f80f167657b1@group-29467ABC0BF0-FollowerState was interrupted: java.lang.InterruptedException: sleep interrupted
2019-11-04 16:47:32,861 [grpc-default-executor-17] INFO  impl.RoleInfo (RoleInfo.java:updateAndGet(143)) - 2911c1bb-ca7b-4253-a902-f80f167657b1: start FollowerState
2019-11-04 16:47:32,875 [7fc3dcce-a523-45fc-b6d6-b2bad08ce4da@group-29467ABC0BF0-LeaderElection3580] INFO  impl.LeaderElection (LeaderElection.java:logAndReturn(56)) - 7fc3dcce-a523-45fc-b6d6-b2bad08ce4da@group-29467ABC0BF0-LeaderElection3580: Election REJECTED; received 2 response(s) [7fc3dcce-a523-45fc-b6d6-b2bad08ce4da<-2911c1bb-ca7b-4253-a902-f80f167657b1#0:FAIL-t70, 7fc3dcce-a523-45fc-b6d6-b2bad08ce4da<-18bcd373-7631-4e7c-b817-d7839f17bf5a#0:FAIL-t70] and 0 exception(s); 7fc3dcce-a523-45fc-b6d6-b2bad08ce4da@group-29467ABC0BF0:t70, leader=null, voted=7fc3dcce-a523-45fc-b6d6-b2bad08ce4da, raftlog=7fc3dcce-a523-45fc-b6d6-b2bad08ce4da@group-29467ABC0BF0-SegmentedRaftLog:OPENED:c-1,f-1,i0, conf=-1: [2911c1bb-ca7b-4253-a902-f80f167657b1:192.168.157.194:45844, 7fc3dcce-a523-45fc-b6d6-b2bad08ce4da:192.168.157.194:35647, 18bcd373-7631-4e7c-b817-d7839f17bf5a:192.168.157.194:38252], old=null
2019-11-04 16:47:32,875 [7fc3dcce-a523-45fc-b6d6-b2bad08ce4da@group-29467ABC0BF0-LeaderElection3580] INFO  impl.RaftServerImpl (RaftServerImpl.java:setRole(184)) - 7fc3dcce-a523-45fc-b6d6-b2bad08ce4da@group-29467ABC0BF0: changes role from CANDIDATE to FOLLOWER at term 70 for DISCOVERED_A_NEW_TERM
2019-11-04 16:47:32,875 [7fc3dcce-a523-45fc-b6d6-b2bad08ce4da@group-29467ABC0BF0-LeaderElection3580] INFO  impl.RoleInfo (RoleInfo.java:shutdownLeaderElection(134)) - 7fc3dcce-a523-45fc-b6d6-b2bad08ce4da: shutdown LeaderElection
2019-11-04 16:47:32,876 [7fc3dcce-a523-45fc-b6d6-b2bad08ce4da@group-29467ABC0BF0-LeaderElection3580] INFO  impl.RoleInfo (RoleInfo.java:updateAndGet(143)) - 7fc3dcce-a523-45fc-b6d6-b2bad08ce4da: start FollowerState
2019-11-04 16:47:32,977 [Thread-25606] INFO  impl.FollowerState (FollowerState.java:run(108)) - 7fc3dcce-a523-45fc-b6d6-b2bad08ce4da@group-29467ABC0BF0-FollowerState: change to CANDIDATE, lastRpcTime:101ms, electionTimeout:101ms
2019-11-04 16:47:32,977 [Thread-25606] INFO  impl.RoleInfo (RoleInfo.java:shutdownFollowerState(121)) - 7fc3dcce-a523-45fc-b6d6-b2bad08ce4da: shutdown FollowerState
2019-11-04 16:47:32,977 [Thread-25606] INFO  impl.RaftServerImpl (RaftServerImpl.java:setRole(184)) - 7fc3dcce-a523-45fc-b6d6-b2bad08ce4da@group-29467ABC0BF0: changes role from  FOLLOWER to CANDIDATE at term 70 for changeToCandidate
2019-11-04 16:47:32,977 [Thread-25606] INFO  impl.RoleInfo (RoleInfo.java:updateAndGet(143)) - 7fc3dcce-a523-45fc-b6d6-b2bad08ce4da: start LeaderElection
2019-11-04 16:47:33,234 [7fc3dcce-a523-45fc-b6d6-b2bad08ce4da@group-29467ABC0BF0-LeaderElection3581] INFO  impl.LeaderElection (LeaderElection.java:askForVotes(178)) - 7fc3dcce-a523-45fc-b6d6-b2bad08ce4da@group-29467ABC0BF0-LeaderElection3581: begin an election at term 71 for -1: [2911c1bb-ca7b-4253-a902-f80f167657b1:192.168.157.194:45844, 7fc3dcce-a523-45fc-b6d6-b2bad08ce4da:192.168.157.194:35647, 18bcd373-7631-4e7c-b817-d7839f17bf5a:192.168.157.194:38252], old=null
2019-11-04 16:47:33,236 [grpc-default-executor-17] INFO  impl.RaftServerImpl (RaftServerImpl.java:setRole(184)) - 18bcd373-7631-4e7c-b817-d7839f17bf5a@group-29467ABC0BF0: changes role from  FOLLOWER to FOLLOWER at term 71 for recognizeCandidate:7fc3dcce-a523-45fc-b6d6-b2bad08ce4da
2019-11-04 16:47:33,236 [grpc-default-executor-3] INFO  impl.RaftServerImpl (RaftServerImpl.java:setRole(184)) - 2911c1bb-ca7b-4253-a902-f80f167657b1@group-29467ABC0BF0: changes role from  FOLLOWER to FOLLOWER at term 71 for recognizeCandidate:7fc3dcce-a523-45fc-b6d6-b2bad08ce4da
2019-11-04 16:47:33,236 [grpc-default-executor-17] INFO  impl.RoleInfo (RoleInfo.java:shutdownFollowerState(121)) - 18bcd373-7631-4e7c-b817-d7839f17bf5a: shutdown FollowerState
2019-11-04 16:47:33,236 [grpc-default-executor-3] INFO  impl.RoleInfo (RoleInfo.java:shutdownFollowerState(121)) - 2911c1bb-ca7b-4253-a902-f80f167657b1: shutdown FollowerState
2019-11-04 16:47:33,237 [Thread-25604] INFO  impl.FollowerState (FollowerState.java:run(117)) - 18bcd373-7631-4e7c-b817-d7839f17bf5a@group-29467ABC0BF0-FollowerState was interrupted: java.lang.InterruptedException: sleep interrupted
2019-11-04 16:47:33,236 [grpc-default-executor-17] INFO  impl.RoleInfo (RoleInfo.java:updateAndGet(143)) - 18bcd373-7631-4e7c-b817-d7839f17bf5a: start FollowerState
2019-11-04 16:47:33,237 [grpc-default-executor-3] INFO  impl.RoleInfo (RoleInfo.java:updateAndGet(143)) - 2911c1bb-ca7b-4253-a902-f80f167657b1: start FollowerState
2019-11-04 16:47:33,237 [Thread-25605] INFO  impl.FollowerState (FollowerState.java:run(117)) - 2911c1bb-ca7b-4253-a902-f80f167657b1@group-29467ABC0BF0-FollowerState was interrupted: java.lang.InterruptedException: sleep interrupted
2019-11-04 16:47:33,245 [7fc3dcce-a523-45fc-b6d6-b2bad08ce4da@group-29467ABC0BF0-LeaderElection3581] INFO  impl.LeaderElection (LeaderElection.java:logAndReturn(56)) - 7fc3dcce-a523-45fc-b6d6-b2bad08ce4da@group-29467ABC0BF0-LeaderElection3581: Election REJECTED; received 2 response(s) [7fc3dcce-a523-45fc-b6d6-b2bad08ce4da<-2911c1bb-ca7b-4253-a902-f80f167657b1#0:FAIL-t71, 7fc3dcce-a523-45fc-b6d6-b2bad08ce4da<-18bcd373-7631-4e7c-b817-d7839f17bf5a#0:FAIL-t71] and 0 exception(s); 7fc3dcce-a523-45fc-b6d6-b2bad08ce4da@group-29467ABC0BF0:t71, leader=null, voted=7fc3dcce-a523-45fc-b6d6-b2bad08ce4da, raftlog=7fc3dcce-a523-45fc-b6d6-b2bad08ce4da@group-29467ABC0BF0-SegmentedRaftLog:OPENED:c-1,f-1,i0, conf=-1: [2911c1bb-ca7b-4253-a902-f80f167657b1:192.168.157.194:45844, 7fc3dcce-a523-45fc-b6d6-b2bad08ce4da:192.168.157.194:35647, 18bcd373-7631-4e7c-b817-d7839f17bf5a:192.168.157.194:38252], old=null
2019-11-04 16:47:33,245 [7fc3dcce-a523-45fc-b6d6-b2bad08ce4da@group-29467ABC0BF0-LeaderElection3581] INFO  impl.RaftServerImpl (RaftServerImpl.java:setRole(184)) - 7fc3dcce-a523-45fc-b6d6-b2bad08ce4da@group-29467ABC0BF0: changes role from CANDIDATE to FOLLOWER at term 71 for DISCOVERED_A_NEW_TERM
2019-11-04 16:47:33,246 [7fc3dcce-a523-45fc-b6d6-b2bad08ce4da@group-29467ABC0BF0-LeaderElection3581] INFO  impl.RoleInfo (RoleInfo.java:shutdownLeaderElection(134)) - 7fc3dcce-a523-45fc-b6d6-b2bad08ce4da: shutdown LeaderElection
2019-11-04 16:47:33,246 [7fc3dcce-a523-45fc-b6d6-b2bad08ce4da@group-29467ABC0BF0-LeaderElection3581] INFO  impl.RoleInfo (RoleInfo.java:updateAndGet(143)) - 7fc3dcce-a523-45fc-b6d6-b2bad08ce4da: start FollowerState
2019-11-04 16:47:33,377 [Thread-25614] INFO  impl.FollowerState (FollowerState.java:run(108)) - 7fc3dcce-a523-45fc-b6d6-b2bad08ce4da@group-29467ABC0BF0-FollowerState: change to CANDIDATE, lastRpcTime:131ms, electionTimeout:131ms
2019-11-04 16:47:33,377 [Thread-25614] INFO  impl.RoleInfo (RoleInfo.java:shutdownFollowerState(121)) - 7fc3dcce-a523-45fc-b6d6-b2bad08ce4da: shutdown FollowerState
2019-11-04 16:47:33,377 [Thread-25614] INFO  impl.RaftServerImpl (RaftServerImpl.java:setRole(184)) - 7fc3dcce-a523-45fc-b6d6-b2bad08ce4da@group-29467ABC0BF0: changes role from  FOLLOWER to CANDIDATE at term 71 for changeToCandidate
2019-11-04 16:47:33,377 [Thread-25614] INFO  impl.RoleInfo (RoleInfo.java:updateAndGet(143)) - 7fc3dcce-a523-45fc-b6d6-b2bad08ce4da: start LeaderElection
2019-11-04 16:47:33,384 [7fc3dcce-a523-45fc-b6d6-b2bad08ce4da@group-29467ABC0BF0-LeaderElection3582] INFO  impl.LeaderElection (LeaderElection.java:askForVotes(178)) - 7fc3dcce-a523-45fc-b6d6-b2bad08ce4da@group-29467ABC0BF0-LeaderElection3582: begin an election at term 72 for -1: [2911c1bb-ca7b-4253-a902-f80f167657b1:192.168.157.194:45844, 7fc3dcce-a523-45fc-b6d6-b2bad08ce4da:192.168.157.194:35647, 18bcd373-7631-4e7c-b817-d7839f17bf5a:192.168.157.194:38252], old=null
2019-11-04 16:47:33,385 [grpc-default-executor-3] INFO  impl.RaftServerImpl (RaftServerImpl.java:setRole(184)) - 2911c1bb-ca7b-4253-a902-f80f167657b1@group-29467ABC0BF0: changes role from  FOLLOWER to FOLLOWER at term 72 for recognizeCandidate:7fc3dcce-a523-45fc-b6d6-b2bad08ce4da
2019-11-04 16:47:33,385 [grpc-default-executor-3] INFO  impl.RoleInfo (RoleInfo.java:shutdownFollowerState(121)) - 2911c1bb-ca7b-4253-a902-f80f167657b1: shutdown FollowerState
2019-11-04 16:47:33,385 [grpc-default-executor-17] INFO  impl.RaftServerImpl (RaftServerImpl.java:setRole(184)) - 18bcd373-7631-4e7c-b817-d7839f17bf5a@group-29467ABC0BF0: changes role from  FOLLOWER to FOLLOWER at term 72 for recognizeCandidate:7fc3dcce-a523-45fc-b6d6-b2bad08ce4da
2019-11-04 16:47:33,386 [grpc-default-executor-17] INFO  impl.RoleInfo (RoleInfo.java:shutdownFollowerState(121)) - 18bcd373-7631-4e7c-b817-d7839f17bf5a: shutdown FollowerState
2019-11-04 16:47:33,386 [Thread-25611] INFO  impl.FollowerState (FollowerState.java:run(117)) - 2911c1bb-ca7b-4253-a902-f80f167657b1@group-29467ABC0BF0-FollowerState was interrupted: java.lang.InterruptedException: sleep interrupted
2019-11-04 16:47:33,386 [grpc-default-executor-3] INFO  impl.RoleInfo (RoleInfo.java:updateAndGet(143)) - 2911c1bb-ca7b-4253-a902-f80f167657b1: start FollowerState
2019-11-04 16:47:33,386 [Thread-25610] INFO  impl.FollowerState (FollowerState.java:run(117)) - 18bcd373-7631-4e7c-b817-d7839f17bf5a@group-29467ABC0BF0-FollowerState was interrupted: java.lang.InterruptedException: sleep interrupted
2019-11-04 16:47:33,386 [grpc-default-executor-17] INFO  impl.RoleInfo (RoleInfo.java:updateAndGet(143)) - 18bcd373-7631-4e7c-b817-d7839f17bf5a: start FollowerState
2019-11-04 16:47:33,395 [7fc3dcce-a523-45fc-b6d6-b2bad08ce4da@group-29467ABC0BF0-LeaderElection3582] INFO  impl.LeaderElection (LeaderElection.java:logAndReturn(56)) - 7fc3dcce-a523-45fc-b6d6-b2bad08ce4da@group-29467ABC0BF0-LeaderElection3582: Election REJECTED; received 2 response(s) [7fc3dcce-a523-45fc-b6d6-b2bad08ce4da<-2911c1bb-ca7b-4253-a902-f80f167657b1#0:FAIL-t72, 7fc3dcce-a523-45fc-b6d6-b2bad08ce4da<-18bcd373-7631-4e7c-b817-d7839f17bf5a#0:FAIL-t72] and 0 exception(s); 7fc3dcce-a523-45fc-b6d6-b2bad08ce4da@group-29467ABC0BF0:t72, leader=null, voted=7fc3dcce-a523-45fc-b6d6-b2bad08ce4da, raftlog=7fc3dcce-a523-45fc-b6d6-b2bad08ce4da@group-29467ABC0BF0-SegmentedRaftLog:OPENED:c-1,f-1,i0, conf=-1: [2911c1bb-ca7b-4253-a902-f80f167657b1:192.168.157.194:45844, 7fc3dcce-a523-45fc-b6d6-b2bad08ce4da:192.168.157.194:35647, 18bcd373-7631-4e7c-b817-d7839f17bf5a:192.168.157.194:38252], old=null
2019-11-04 16:47:33,395 [7fc3dcce-a523-45fc-b6d6-b2bad08ce4da@group-29467ABC0BF0-LeaderElection3582] INFO  impl.RaftServerImpl (RaftServerImpl.java:setRole(184)) - 7fc3dcce-a523-45fc-b6d6-b2bad08ce4da@group-29467ABC0BF0: changes role from CANDIDATE to FOLLOWER at term 72 for DISCOVERED_A_NEW_TERM
2019-11-04 16:47:33,395 [7fc3dcce-a523-45fc-b6d6-b2bad08ce4da@group-29467ABC0BF0-LeaderElection3582] INFO  impl.RoleInfo (RoleInfo.java:shutdownLeaderElection(134)) - 7fc3dcce-a523-45fc-b6d6-b2bad08ce4da: shutdown LeaderElection
2019-11-04 16:47:33,396 [7fc3dcce-a523-45fc-b6d6-b2bad08ce4da@group-29467ABC0BF0-LeaderElection3582] INFO  impl.RoleInfo (RoleInfo.java:updateAndGet(143)) - 7fc3dcce-a523-45fc-b6d6-b2bad08ce4da: start FollowerState
2019-11-04 16:47:33,499 [Thread-25622] INFO  impl.FollowerState (FollowerState.java:run(108)) - 7fc3dcce-a523-45fc-b6d6-b2bad08ce4da@group-29467ABC0BF0-FollowerState: change to CANDIDATE, lastRpcTime:103ms, electionTimeout:103ms
2019-11-04 16:47:33,499 [Thread-25622] INFO  impl.RoleInfo (RoleInfo.java:shutdownFollowerState(121)) - 7fc3dcce-a523-45fc-b6d6-b2bad08ce4da: shutdown FollowerState
2019-11-04 16:47:33,499 [Thread-25622] INFO  impl.RaftServerImpl (RaftServerImpl.java:setRole(184)) - 7fc3dcce-a523-45fc-b6d6-b2bad08ce4da@group-29467ABC0BF0: changes role from  FOLLOWER to CANDIDATE at term 72 for changeToCandidate
2019-11-04 16:47:33,499 [Thread-25622] INFO  impl.RoleInfo (RoleInfo.java:updateAndGet(143)) - 7fc3dcce-a523-45fc-b6d6-b2bad08ce4da: start LeaderElection
2019-11-04 16:47:33,515 [7fc3dcce-a523-45fc-b6d6-b2bad08ce4da@group-29467ABC0BF0-LeaderElection3583] INFO  impl.LeaderElection (LeaderElection.java:askForVotes(178)) - 7fc3dcce-a523-45fc-b6d6-b2bad08ce4da@group-29467ABC0BF0-LeaderElection3583: begin an election at term 73 for -1: [2911c1bb-ca7b-4253-a902-f80f167657b1:192.168.157.194:45844, 7fc3dcce-a523-45fc-b6d6-b2bad08ce4da:192.168.157.194:35647, 18bcd373-7631-4e7c-b817-d7839f17bf5a:192.168.157.194:38252], old=null
2019-11-04 16:47:33,516 [grpc-default-executor-3] INFO  impl.RaftServerImpl (RaftServerImpl.java:setRole(184)) - 2911c1bb-ca7b-4253-a902-f80f167657b1@group-29467ABC0BF0: changes role from  FOLLOWER to FOLLOWER at term 73 for recognizeCandidate:7fc3dcce-a523-45fc-b6d6-b2bad08ce4da
2019-11-04 16:47:33,516 [grpc-default-executor-3] INFO  impl.RoleInfo (RoleInfo.java:shutdownFollowerState(121)) - 2911c1bb-ca7b-4253-a902-f80f167657b1: shutdown FollowerState
2019-11-04 16:47:33,517 [grpc-default-executor-3] INFO  impl.RoleInfo (RoleInfo.java:updateAndGet(143)) - 2911c1bb-ca7b-4253-a902-f80f167657b1: start FollowerState
2019-11-04 16:47:33,517 [Thread-25620] INFO  impl.FollowerState (FollowerState.java:run(117)) - 2911c1bb-ca7b-4253-a902-f80f167657b1@group-29467ABC0BF0-FollowerState was interrupted: java.lang.InterruptedException: sleep interrupted
2019-11-04 16:47:33,517 [grpc-default-executor-17] INFO  impl.RaftServerImpl (RaftServerImpl.java:setRole(184)) - 18bcd373-7631-4e7c-b817-d7839f17bf5a@group-29467ABC0BF0: changes role from  FOLLOWER to FOLLOWER at term 73 for recognizeCandidate:7fc3dcce-a523-45fc-b6d6-b2bad08ce4da
2019-11-04 16:47:33,517 [grpc-default-executor-17] INFO  impl.RoleInfo (RoleInfo.java:shutdownFollowerState(121)) - 18bcd373-7631-4e7c-b817-d7839f17bf5a: shutdown FollowerState
2019-11-04 16:47:33,517 [grpc-default-executor-17] INFO  impl.RoleInfo (RoleInfo.java:updateAndGet(143)) - 18bcd373-7631-4e7c-b817-d7839f17bf5a: start FollowerState
2019-11-04 16:47:33,517 [Thread-25621] INFO  impl.FollowerState (FollowerState.java:run(117)) - 18bcd373-7631-4e7c-b817-d7839f17bf5a@group-29467ABC0BF0-FollowerState was interrupted: java.lang.InterruptedException: sleep interrupted
2019-11-04 16:47:33,527 [7fc3dcce-a523-45fc-b6d6-b2bad08ce4da@group-29467ABC0BF0-LeaderElection3583] INFO  impl.LeaderElection (LeaderElection.java:logAndReturn(56)) - 7fc3dcce-a523-45fc-b6d6-b2bad08ce4da@group-29467ABC0BF0-LeaderElection3583: Election REJECTED; received 2 response(s) [7fc3dcce-a523-45fc-b6d6-b2bad08ce4da<-2911c1bb-ca7b-4253-a902-f80f167657b1#0:FAIL-t73, 7fc3dcce-a523-45fc-b6d6-b2bad08ce4da<-18bcd373-7631-4e7c-b817-d7839f17bf5a#0:FAIL-t73] and 0 exception(s); 7fc3dcce-a523-45fc-b6d6-b2bad08ce4da@group-29467ABC0BF0:t73, leader=null, voted=7fc3dcce-a523-45fc-b6d6-b2bad08ce4da, raftlog=7fc3dcce-a523-45fc-b6d6-b2bad08ce4da@group-29467ABC0BF0-SegmentedRaftLog:OPENED:c-1,f-1,i0, conf=-1: [2911c1bb-ca7b-4253-a902-f80f167657b1:192.168.157.194:45844, 7fc3dcce-a523-45fc-b6d6-b2bad08ce4da:192.168.157.194:35647, 18bcd373-7631-4e7c-b817-d7839f17bf5a:192.168.157.194:38252], old=null
2019-11-04 16:47:33,527 [7fc3dcce-a523-45fc-b6d6-b2bad08ce4da@group-29467ABC0BF0-LeaderElection3583] INFO  impl.RaftServerImpl (RaftServerImpl.java:setRole(184)) - 7fc3dcce-a523-45fc-b6d6-b2bad08ce4da@group-29467ABC0BF0: changes role from CANDIDATE to FOLLOWER at term 73 for DISCOVERED_A_NEW_TERM
2019-11-04 16:47:33,528 [7fc3dcce-a523-45fc-b6d6-b2bad08ce4da@group-29467ABC0BF0-LeaderElection3583] INFO  impl.RoleInfo (RoleInfo.java:shutdownLeaderElection(134)) - 7fc3dcce-a523-45fc-b6d6-b2bad08ce4da: shutdown LeaderElection
2019-11-04 16:47:33,528 [7fc3dcce-a523-45fc-b6d6-b2bad08ce4da@group-29467ABC0BF0-LeaderElection3583] INFO  impl.RoleInfo (RoleInfo.java:updateAndGet(143)) - 7fc3dcce-a523-45fc-b6d6-b2bad08ce4da: start FollowerState
2019-11-04 16:47:33,644 [Thread-25628] INFO  impl.FollowerState (FollowerState.java:run(108)) - 7fc3dcce-a523-45fc-b6d6-b2bad08ce4da@group-29467ABC0BF0-FollowerState: change to CANDIDATE, lastRpcTime:116ms, electionTimeout:116ms
2019-11-04 16:47:33,644 [Thread-25628] INFO  impl.RoleInfo (RoleInfo.java:shutdownFollowerState(121)) - 7fc3dcce-a523-45fc-b6d6-b2bad08ce4da: shutdown FollowerState
2019-11-04 16:47:33,644 [Thread-25628] INFO  impl.RaftServerImpl (RaftServerImpl.java:setRole(184)) - 7fc3dcce-a523-45fc-b6d6-b2bad08ce4da@group-29467ABC0BF0: changes role from  FOLLOWER to CANDIDATE at term 73 for changeToCandidate
2019-11-04 16:47:33,645 [Thread-25628] INFO  impl.RoleInfo (RoleInfo.java:updateAndGet(143)) - 7fc3dcce-a523-45fc-b6d6-b2bad08ce4da: start LeaderElection
2019-11-04 16:47:33,669 [7fc3dcce-a523-45fc-b6d6-b2bad08ce4da@group-29467ABC0BF0-LeaderElection3584] INFO  impl.LeaderElection (LeaderElection.java:askForVotes(178)) - 7fc3dcce-a523-45fc-b6d6-b2bad08ce4da@group-29467ABC0BF0-LeaderElection3584: begin an election at term 74 for -1: [2911c1bb-ca7b-4253-a902-f80f167657b1:192.168.157.194:45844, 7fc3dcce-a523-45fc-b6d6-b2bad08ce4da:192.168.157.194:35647, 18bcd373-7631-4e7c-b817-d7839f17bf5a:192.168.157.194:38252], old=null
2019-11-04 16:47:33,670 [grpc-default-executor-3] INFO  impl.RaftServerImpl (RaftServerImpl.java:setRole(184)) - 2911c1bb-ca7b-4253-a902-f80f167657b1@group-29467ABC0BF0: changes role from  FOLLOWER to FOLLOWER at term 74 for recognizeCandidate:7fc3dcce-a523-45fc-b6d6-b2bad08ce4da
2019-11-04 16:47:33,670 [grpc-default-executor-3] INFO  impl.RoleInfo (RoleInfo.java:shutdownFollowerState(121)) - 2911c1bb-ca7b-4253-a902-f80f167657b1: shutdown FollowerState
2019-11-04 16:47:33,670 [grpc-default-executor-3] INFO  impl.RoleInfo (RoleInfo.java:updateAndGet(143)) - 2911c1bb-ca7b-4253-a902-f80f167657b1: start FollowerState
2019-11-04 16:47:33,670 [grpc-default-executor-17] INFO  impl.RaftServerImpl (RaftServerImpl.java:setRole(184)) - 18bcd373-7631-4e7c-b817-d7839f17bf5a@group-29467ABC0BF0: changes role from  FOLLOWER to FOLLOWER at term 74 for recognizeCandidate:7fc3dcce-a523-45fc-b6d6-b2bad08ce4da
2019-11-04 16:47:33,671 [grpc-default-executor-17] INFO  impl.RoleInfo (RoleInfo.java:shutdownFollowerState(121)) - 18bcd373-7631-4e7c-b817-d7839f17bf5a: shutdown FollowerState
2019-11-04 16:47:33,671 [Thread-25626] INFO  impl.FollowerState (FollowerState.java:run(117)) - 2911c1bb-ca7b-4253-a902-f80f167657b1@group-29467ABC0BF0-FollowerState was interrupted: java.lang.InterruptedException: sleep interrupted
2019-11-04 16:47:33,671 [Thread-25627] INFO  impl.FollowerState (FollowerState.java:run(117)) - 18bcd373-7631-4e7c-b817-d7839f17bf5a@group-29467ABC0BF0-FollowerState was interrupted: java.lang.InterruptedException: sleep interrupted
2019-11-04 16:47:33,671 [grpc-default-executor-17] INFO  impl.RoleInfo (RoleInfo.java:updateAndGet(143)) - 18bcd373-7631-4e7c-b817-d7839f17bf5a: start FollowerState
2019-11-04 16:47:33,683 [7fc3dcce-a523-45fc-b6d6-b2bad08ce4da@group-29467ABC0BF0-LeaderElection3584] INFO  impl.LeaderElection (LeaderElection.java:logAndReturn(56)) - 7fc3dcce-a523-45fc-b6d6-b2bad08ce4da@group-29467ABC0BF0-LeaderElection3584: Election REJECTED; received 2 response(s) [7fc3dcce-a523-45fc-b6d6-b2bad08ce4da<-2911c1bb-ca7b-4253-a902-f80f167657b1#0:FAIL-t74, 7fc3dcce-a523-45fc-b6d6-b2bad08ce4da<-18bcd373-7631-4e7c-b817-d7839f17bf5a#0:FAIL-t74] and 0 exception(s); 7fc3dcce-a523-45fc-b6d6-b2bad08ce4da@group-29467ABC0BF0:t74, leader=null, voted=7fc3dcce-a523-45fc-b6d6-b2bad08ce4da, raftlog=7fc3dcce-a523-45fc-b6d6-b2bad08ce4da@group-29467ABC0BF0-SegmentedRaftLog:OPENED:c-1,f-1,i0, conf=-1: [2911c1bb-ca7b-4253-a902-f80f167657b1:192.168.157.194:45844, 7fc3dcce-a523-45fc-b6d6-b2bad08ce4da:192.168.157.194:35647, 18bcd373-7631-4e7c-b817-d7839f17bf5a:192.168.157.194:38252], old=null
2019-11-04 16:47:33,683 [7fc3dcce-a523-45fc-b6d6-b2bad08ce4da@group-29467ABC0BF0-LeaderElection3584] INFO  impl.RaftServerImpl (RaftServerImpl.java:setRole(184)) - 7fc3dcce-a523-45fc-b6d6-b2bad08ce4da@group-29467ABC0BF0: changes role from CANDIDATE to FOLLOWER at term 74 for DISCOVERED_A_NEW_TERM
2019-11-04 16:47:33,683 [7fc3dcce-a523-45fc-b6d6-b2bad08ce4da@group-29467ABC0BF0-LeaderElection3584] INFO  impl.RoleInfo (RoleInfo.java:shutdownLeaderElection(134)) - 7fc3dcce-a523-45fc-b6d6-b2bad08ce4da: shutdown LeaderElection
2019-11-04 16:47:33,683 [7fc3dcce-a523-45fc-b6d6-b2bad08ce4da@group-29467ABC0BF0-LeaderElection3584] INFO  impl.RoleInfo (RoleInfo.java:updateAndGet(143)) - 7fc3dcce-a523-45fc-b6d6-b2bad08ce4da: start FollowerState
2019-11-04 16:47:33,699 [Thread-25634] INFO  impl.FollowerState (FollowerState.java:run(108)) - 7fc3dcce-a523-45fc-b6d6-b2bad08ce4da@group-29467ABC0BF0-FollowerState: change to CANDIDATE, lastRpcTime:16ms, electionTimeout:16ms
2019-11-04 16:47:33,700 [Thread-25634] INFO  impl.RoleInfo (RoleInfo.java:shutdownFollowerState(121)) - 7fc3dcce-a523-45fc-b6d6-b2bad08ce4da: shutdown FollowerState
2019-11-04 16:47:33,700 [Thread-25634] INFO  impl.RaftServerImpl (RaftServerImpl.java:setRole(184)) - 7fc3dcce-a523-45fc-b6d6-b2bad08ce4da@group-29467ABC0BF0: changes role from  FOLLOWER to CANDIDATE at term 74 for changeToCandidate
2019-11-04 16:47:33,700 [Thread-25634] INFO  impl.RoleInfo (RoleInfo.java:updateAndGet(143)) - 7fc3dcce-a523-45fc-b6d6-b2bad08ce4da: start LeaderElection
2019-11-04 16:47:33,705 [7fc3dcce-a523-45fc-b6d6-b2bad08ce4da@group-29467ABC0BF0-LeaderElection3585] INFO  impl.LeaderElection (LeaderElection.java:askForVotes(178)) - 7fc3dcce-a523-45fc-b6d6-b2bad08ce4da@group-29467ABC0BF0-LeaderElection3585: begin an election at term 75 for -1: [2911c1bb-ca7b-4253-a902-f80f167657b1:192.168.157.194:45844, 7fc3dcce-a523-45fc-b6d6-b2bad08ce4da:192.168.157.194:35647, 18bcd373-7631-4e7c-b817-d7839f17bf5a:192.168.157.194:38252], old=null
2019-11-04 16:47:33,706 [grpc-default-executor-17] INFO  impl.RaftServerImpl (RaftServerImpl.java:setRole(184)) - 2911c1bb-ca7b-4253-a902-f80f167657b1@group-29467ABC0BF0: changes role from  FOLLOWER to FOLLOWER at term 75 for recognizeCandidate:7fc3dcce-a523-45fc-b6d6-b2bad08ce4da
2019-11-04 16:47:33,707 [grpc-default-executor-17] INFO  impl.RoleInfo (RoleInfo.java:shutdownFollowerState(121)) - 2911c1bb-ca7b-4253-a902-f80f167657b1: shutdown FollowerState
2019-11-04 16:47:33,707 [grpc-default-executor-3] INFO  impl.RaftServerImpl (RaftServerImpl.java:setRole(184)) - 18bcd373-7631-4e7c-b817-d7839f17bf5a@group-29467ABC0BF0: changes role from  FOLLOWER to FOLLOWER at term 75 for recognizeCandidate:7fc3dcce-a523-45fc-b6d6-b2bad08ce4da
2019-11-04 16:47:33,707 [grpc-default-executor-3] INFO  impl.RoleInfo (RoleInfo.java:shutdownFollowerState(121)) - 18bcd373-7631-4e7c-b817-d7839f17bf5a: shutdown FollowerState
2019-11-04 16:47:33,707 [Thread-25632] INFO  impl.FollowerState (FollowerState.java:run(117)) - 2911c1bb-ca7b-4253-a902-f80f167657b1@group-29467ABC0BF0-FollowerState was interrupted: java.lang.InterruptedException: sleep interrupted
2019-11-04 16:47:33,707 [grpc-default-executor-17] INFO  impl.RoleInfo (RoleInfo.java:updateAndGet(143)) - 2911c1bb-ca7b-4253-a902-f80f167657b1: start FollowerState
2019-11-04 16:47:33,707 [Thread-25633] INFO  impl.FollowerState (FollowerState.java:run(117)) - 18bcd373-7631-4e7c-b817-d7839f17bf5a@group-29467ABC0BF0-FollowerState was interrupted: java.lang.InterruptedException: sleep interrupted
2019-11-04 16:47:33,707 [grpc-default-executor-3] INFO  impl.RoleInfo (RoleInfo.java:updateAndGet(143)) - 18bcd373-7631-4e7c-b817-d7839f17bf5a: start FollowerState
2019-11-04 16:47:33,714 [7fc3dcce-a523-45fc-b6d6-b2bad08ce4da@group-29467ABC0BF0-LeaderElection3585] INFO  impl.LeaderElection (LeaderElection.java:logAndReturn(56)) - 7fc3dcce-a523-45fc-b6d6-b2bad08ce4da@group-29467ABC0BF0-LeaderElection3585: Election REJECTED; received 2 response(s) [7fc3dcce-a523-45fc-b6d6-b2bad08ce4da<-2911c1bb-ca7b-4253-a902-f80f167657b1#0:FAIL-t75, 7fc3dcce-a523-45fc-b6d6-b2bad08ce4da<-18bcd373-7631-4e7c-b817-d7839f17bf5a#0:FAIL-t75] and 0 exception(s); 7fc3dcce-a523-45fc-b6d6-b2bad08ce4da@group-29467ABC0BF0:t75, leader=null, voted=7fc3dcce-a523-45fc-b6d6-b2bad08ce4da, raftlog=7fc3dcce-a523-45fc-b6d6-b2bad08ce4da@group-29467ABC0BF0-SegmentedRaftLog:OPENED:c-1,f-1,i0, conf=-1: [2911c1bb-ca7b-4253-a902-f80f167657b1:192.168.157.194:45844, 7fc3dcce-a523-45fc-b6d6-b2bad08ce4da:192.168.157.194:35647, 18bcd373-7631-4e7c-b817-d7839f17bf5a:192.168.157.194:38252], old=null
2019-11-04 16:47:33,714 [7fc3dcce-a523-45fc-b6d6-b2bad08ce4da@group-29467ABC0BF0-LeaderElection3585] INFO  impl.RaftServerImpl (RaftServerImpl.java:setRole(184)) - 7fc3dcce-a523-45fc-b6d6-b2bad08ce4da@group-29467ABC0BF0: changes role from CANDIDATE to FOLLOWER at term 75 for DISCOVERED_A_NEW_TERM
2019-11-04 16:47:33,714 [7fc3dcce-a523-45fc-b6d6-b2bad08ce4da@group-29467ABC0BF0-LeaderElection3585] INFO  impl.RoleInfo (RoleInfo.java:shutdownLeaderElection(134)) - 7fc3dcce-a523-45fc-b6d6-b2bad08ce4da: shutdown LeaderElection
2019-11-04 16:47:33,714 [7fc3dcce-a523-45fc-b6d6-b2bad08ce4da@group-29467ABC0BF0-LeaderElection3585] INFO  impl.RoleInfo (RoleInfo.java:updateAndGet(143)) - 7fc3dcce-a523-45fc-b6d6-b2bad08ce4da: start FollowerState
2019-11-04 16:47:33,797 [Thread-25640] INFO  impl.FollowerState (FollowerState.java:run(108)) - 7fc3dcce-a523-45fc-b6d6-b2bad08ce4da@group-29467ABC0BF0-FollowerState: change to CANDIDATE, lastRpcTime:82ms, electionTimeout:82ms
2019-11-04 16:47:33,797 [Thread-25640] INFO  impl.RoleInfo (RoleInfo.java:shutdownFollowerState(121)) - 7fc3dcce-a523-45fc-b6d6-b2bad08ce4da: shutdown FollowerState
2019-11-04 16:47:33,797 [Thread-25640] INFO  impl.RaftServerImpl (RaftServerImpl.java:setRole(184)) - 7fc3dcce-a523-45fc-b6d6-b2bad08ce4da@group-29467ABC0BF0: changes role from  FOLLOWER to CANDIDATE at term 75 for changeToCandidate
2019-11-04 16:47:33,797 [Thread-25640] INFO  impl.RoleInfo (RoleInfo.java:updateAndGet(143)) - 7fc3dcce-a523-45fc-b6d6-b2bad08ce4da: start LeaderElection
2019-11-04 16:47:33,805 [7fc3dcce-a523-45fc-b6d6-b2bad08ce4da@group-29467ABC0BF0-LeaderElection3586] INFO  impl.LeaderElection (LeaderElection.java:askForVotes(178)) - 7fc3dcce-a523-45fc-b6d6-b2bad08ce4da@group-29467ABC0BF0-LeaderElection3586: begin an election at term 76 for -1: [2911c1bb-ca7b-4253-a902-f80f167657b1:192.168.157.194:45844, 7fc3dcce-a523-45fc-b6d6-b2bad08ce4da:192.168.157.194:35647, 18bcd373-7631-4e7c-b817-d7839f17bf5a:192.168.157.194:38252], old=null
2019-11-04 16:47:33,806 [grpc-default-executor-17] INFO  impl.RaftServerImpl (RaftServerImpl.java:setRole(184)) - 2911c1bb-ca7b-4253-a902-f80f167657b1@group-29467ABC0BF0: changes role from  FOLLOWER to FOLLOWER at term 76 for recognizeCandidate:7fc3dcce-a523-45fc-b6d6-b2bad08ce4da
2019-11-04 16:47:33,806 [grpc-default-executor-17] INFO  impl.RoleInfo (RoleInfo.java:shutdownFollowerState(121)) - 2911c1bb-ca7b-4253-a902-f80f167657b1: shutdown FollowerState
2019-11-04 16:47:33,806 [grpc-default-executor-17] INFO  impl.RoleInfo (RoleInfo.java:updateAndGet(143)) - 2911c1bb-ca7b-4253-a902-f80f167657b1: start FollowerState
2019-11-04 16:47:33,806 [Thread-25638] INFO  impl.FollowerState (FollowerState.java:run(117)) - 2911c1bb-ca7b-4253-a902-f80f167657b1@group-29467ABC0BF0-FollowerState was interrupted: java.lang.InterruptedException: sleep interrupted
2019-11-04 16:47:33,806 [grpc-default-executor-3] INFO  impl.RaftServerImpl (RaftServerImpl.java:setRole(184)) - 18bcd373-7631-4e7c-b817-d7839f17bf5a@group-29467ABC0BF0: changes role from  FOLLOWER to FOLLOWER at term 76 for recognizeCandidate:7fc3dcce-a523-45fc-b6d6-b2bad08ce4da
2019-11-04 16:47:33,806 [grpc-default-executor-3] INFO  impl.RoleInfo (RoleInfo.java:shutdownFollowerState(121)) - 18bcd373-7631-4e7c-b817-d7839f17bf5a: shutdown FollowerState
2019-11-04 16:47:33,806 [grpc-default-executor-3] INFO  impl.RoleInfo (RoleInfo.java:updateAndGet(143)) - 18bcd373-7631-4e7c-b817-d7839f17bf5a: start FollowerState
2019-11-04 16:47:33,806 [Thread-25639] INFO  impl.FollowerState (FollowerState.java:run(117)) - 18bcd373-7631-4e7c-b817-d7839f17bf5a@group-29467ABC0BF0-FollowerState was interrupted: java.lang.InterruptedException: sleep interrupted
2019-11-04 16:47:33,813 [7fc3dcce-a523-45fc-b6d6-b2bad08ce4da@group-29467ABC0BF0-LeaderElection3586] INFO  impl.LeaderElection (LeaderElection.java:logAndReturn(56)) - 7fc3dcce-a523-45fc-b6d6-b2bad08ce4da@group-29467ABC0BF0-LeaderElection3586: Election REJECTED; received 2 response(s) [7fc3dcce-a523-45fc-b6d6-b2bad08ce4da<-2911c1bb-ca7b-4253-a902-f80f167657b1#0:FAIL-t76, 7fc3dcce-a523-45fc-b6d6-b2bad08ce4da<-18bcd373-7631-4e7c-b817-d7839f17bf5a#0:FAIL-t76] and 0 exception(s); 7fc3dcce-a523-45fc-b6d6-b2bad08ce4da@group-29467ABC0BF0:t76, leader=null, voted=7fc3dcce-a523-45fc-b6d6-b2bad08ce4da, raftlog=7fc3dcce-a523-45fc-b6d6-b2bad08ce4da@group-29467ABC0BF0-SegmentedRaftLog:OPENED:c-1,f-1,i0, conf=-1: [2911c1bb-ca7b-4253-a902-f80f167657b1:192.168.157.194:45844, 7fc3dcce-a523-45fc-b6d6-b2bad08ce4da:192.168.157.194:35647, 18bcd373-7631-4e7c-b817-d7839f17bf5a:192.168.157.194:38252], old=null
2019-11-04 16:47:33,813 [7fc3dcce-a523-45fc-b6d6-b2bad08ce4da@group-29467ABC0BF0-LeaderElection3586] INFO  impl.RaftServerImpl (RaftServerImpl.java:setRole(184)) - 7fc3dcce-a523-45fc-b6d6-b2bad08ce4da@group-29467ABC0BF0: changes role from CANDIDATE to FOLLOWER at term 76 for DISCOVERED_A_NEW_TERM
2019-11-04 16:47:33,813 [7fc3dcce-a523-45fc-b6d6-b2bad08ce4da@group-29467ABC0BF0-LeaderElection3586] INFO  impl.RoleInfo (RoleInfo.java:shutdownLeaderElection(134)) - 7fc3dcce-a523-45fc-b6d6-b2bad08ce4da: shutdown LeaderElection
2019-11-04 16:47:33,813 [7fc3dcce-a523-45fc-b6d6-b2bad08ce4da@group-29467ABC0BF0-LeaderElection3586] INFO  impl.RoleInfo (RoleInfo.java:updateAndGet(143)) - 7fc3dcce-a523-45fc-b6d6-b2bad08ce4da: start FollowerState
2019-11-04 16:47:33,972 [Thread-25649] INFO  impl.FollowerState (FollowerState.java:run(108)) - 7fc3dcce-a523-45fc-b6d6-b2bad08ce4da@group-29467ABC0BF0-FollowerState: change to CANDIDATE, lastRpcTime:159ms, electionTimeout:159ms
2019-11-04 16:47:33,972 [Thread-25649] INFO  impl.RoleInfo (RoleInfo.java:shutdownFollowerState(121)) - 7fc3dcce-a523-45fc-b6d6-b2bad08ce4da: shutdown FollowerState
2019-11-04 16:47:33,973 [Thread-25649] INFO  impl.RaftServerImpl (RaftServerImpl.java:setRole(184)) - 7fc3dcce-a523-45fc-b6d6-b2bad08ce4da@group-29467ABC0BF0: changes role from  FOLLOWER to CANDIDATE at term 76 for changeToCandidate
2019-11-04 16:47:33,973 [Thread-25649] INFO  impl.RoleInfo (RoleInfo.java:updateAndGet(143)) - 7fc3dcce-a523-45fc-b6d6-b2bad08ce4da: start LeaderElection
2019-11-04 16:47:33,986 [7fc3dcce-a523-45fc-b6d6-b2bad08ce4da@group-29467ABC0BF0-LeaderElection3587] INFO  impl.LeaderElection (LeaderElection.java:askForVotes(178)) - 7fc3dcce-a523-45fc-b6d6-b2bad08ce4da@group-29467ABC0BF0-LeaderElection3587: begin an election at term 77 for -1: [2911c1bb-ca7b-4253-a902-f80f167657b1:192.168.157.194:45844, 7fc3dcce-a523-45fc-b6d6-b2bad08ce4da:192.168.157.194:35647, 18bcd373-7631-4e7c-b817-d7839f17bf5a:192.168.157.194:38252], old=null
2019-11-04 16:47:33,987 [grpc-default-executor-17] INFO  impl.RaftServerImpl (RaftServerImpl.java:setRole(184)) - 2911c1bb-ca7b-4253-a902-f80f167657b1@group-29467ABC0BF0: changes role from  FOLLOWER to FOLLOWER at term 77 for recognizeCandidate:7fc3dcce-a523-45fc-b6d6-b2bad08ce4da
2019-11-04 16:47:33,987 [grpc-default-executor-17] INFO  impl.RoleInfo (RoleInfo.java:shutdownFollowerState(121)) - 2911c1bb-ca7b-4253-a902-f80f167657b1: shutdown FollowerState
2019-11-04 16:47:33,987 [grpc-default-executor-17] INFO  impl.RoleInfo (RoleInfo.java:updateAndGet(143)) - 2911c1bb-ca7b-4253-a902-f80f167657b1: start FollowerState
2019-11-04 16:47:33,987 [Thread-25646] INFO  impl.FollowerState (FollowerState.java:run(117)) - 2911c1bb-ca7b-4253-a902-f80f167657b1@group-29467ABC0BF0-FollowerState was interrupted: java.lang.InterruptedException: sleep interrupted
2019-11-04 16:47:33,987 [grpc-default-executor-15] INFO  impl.RaftServerImpl (RaftServerImpl.java:setRole(184)) - 18bcd373-7631-4e7c-b817-d7839f17bf5a@group-29467ABC0BF0: changes role from  FOLLOWER to FOLLOWER at term 77 for recognizeCandidate:7fc3dcce-a523-45fc-b6d6-b2bad08ce4da
2019-11-04 16:47:33,987 [grpc-default-executor-15] INFO  impl.RoleInfo (RoleInfo.java:shutdownFollowerState(121)) - 18bcd373-7631-4e7c-b817-d7839f17bf5a: shutdown FollowerState
2019-11-04 16:47:33,988 [grpc-default-executor-15] INFO  impl.RoleInfo (RoleInfo.java:updateAndGet(143)) - 18bcd373-7631-4e7c-b817-d7839f17bf5a: start FollowerState
2019-11-04 16:47:33,988 [Thread-25647] INFO  impl.FollowerState (FollowerState.java:run(117)) - 18bcd373-7631-4e7c-b817-d7839f17bf5a@group-29467ABC0BF0-FollowerState was interrupted: java.lang.InterruptedException: sleep interrupted
2019-11-04 16:47:33,995 [7fc3dcce-a523-45fc-b6d6-b2bad08ce4da@group-29467ABC0BF0-LeaderElection3587] INFO  impl.LeaderElection (LeaderElection.java:logAndReturn(56)) - 7fc3dcce-a523-45fc-b6d6-b2bad08ce4da@group-29467ABC0BF0-LeaderElection3587: Election REJECTED; received 2 response(s) [7fc3dcce-a523-45fc-b6d6-b2bad08ce4da<-2911c1bb-ca7b-4253-a902-f80f167657b1#0:FAIL-t77, 7fc3dcce-a523-45fc-b6d6-b2bad08ce4da<-18bcd373-7631-4e7c-b817-d7839f17bf5a#0:FAIL-t77] and 0 exception(s); 7fc3dcce-a523-45fc-b6d6-b2bad08ce4da@group-29467ABC0BF0:t77, leader=null, voted=7fc3dcce-a523-45fc-b6d6-b2bad08ce4da, raftlog=7fc3dcce-a523-45fc-b6d6-b2bad08ce4da@group-29467ABC0BF0-SegmentedRaftLog:OPENED:c-1,f-1,i0, conf=-1: [2911c1bb-ca7b-4253-a902-f80f167657b1:192.168.157.194:45844, 7fc3dcce-a523-45fc-b6d6-b2bad08ce4da:192.168.157.194:35647, 18bcd373-7631-4e7c-b817-d7839f17bf5a:192.168.157.194:38252], old=null
2019-11-04 16:47:33,995 [7fc3dcce-a523-45fc-b6d6-b2bad08ce4da@group-29467ABC0BF0-LeaderElection3587] INFO  impl.RaftServerImpl (RaftServerImpl.java:setRole(184)) - 7fc3dcce-a523-45fc-b6d6-b2bad08ce4da@group-29467ABC0BF0: changes role from CANDIDATE to FOLLOWER at term 77 for DISCOVERED_A_NEW_TERM
2019-11-04 16:47:33,995 [7fc3dcce-a523-45fc-b6d6-b2bad08ce4da@group-29467ABC0BF0-LeaderElection3587] INFO  impl.RoleInfo (RoleInfo.java:shutdownLeaderElection(134)) - 7fc3dcce-a523-45fc-b6d6-b2bad08ce4da: shutdown LeaderElection
2019-11-04 16:47:33,995 [7fc3dcce-a523-45fc-b6d6-b2bad08ce4da@group-29467ABC0BF0-LeaderElection3587] INFO  impl.RoleInfo (RoleInfo.java:updateAndGet(143)) - 7fc3dcce-a523-45fc-b6d6-b2bad08ce4da: start FollowerState
2019-11-04 16:47:34,194 [Thread-25656] INFO  impl.FollowerState (FollowerState.java:run(108)) - 7fc3dcce-a523-45fc-b6d6-b2bad08ce4da@group-29467ABC0BF0-FollowerState: change to CANDIDATE, lastRpcTime:198ms, electionTimeout:198ms
2019-11-04 16:47:34,194 [Thread-25656] INFO  impl.RoleInfo (RoleInfo.java:shutdownFollowerState(121)) - 7fc3dcce-a523-45fc-b6d6-b2bad08ce4da: shutdown FollowerState
2019-11-04 16:47:34,194 [Thread-25656] INFO  impl.RaftServerImpl (RaftServerImpl.java:setRole(184)) - 7fc3dcce-a523-45fc-b6d6-b2bad08ce4da@group-29467ABC0BF0: changes role from  FOLLOWER to CANDIDATE at term 77 for changeToCandidate
2019-11-04 16:47:34,194 [Thread-25656] INFO  impl.RoleInfo (RoleInfo.java:updateAndGet(143)) - 7fc3dcce-a523-45fc-b6d6-b2bad08ce4da: start LeaderElection
2019-11-04 16:47:34,208 [7fc3dcce-a523-45fc-b6d6-b2bad08ce4da@group-29467ABC0BF0-LeaderElection3588] INFO  impl.LeaderElection (LeaderElection.java:askForVotes(178)) - 7fc3dcce-a523-45fc-b6d6-b2bad08ce4da@group-29467ABC0BF0-LeaderElection3588: begin an election at term 78 for -1: [2911c1bb-ca7b-4253-a902-f80f167657b1:192.168.157.194:45844, 7fc3dcce-a523-45fc-b6d6-b2bad08ce4da:192.168.157.194:35647, 18bcd373-7631-4e7c-b817-d7839f17bf5a:192.168.157.194:38252], old=null
2019-11-04 16:47:34,209 [grpc-default-executor-17] INFO  impl.RaftServerImpl (RaftServerImpl.java:setRole(184)) - 18bcd373-7631-4e7c-b817-d7839f17bf5a@group-29467ABC0BF0: changes role from  FOLLOWER to FOLLOWER at term 78 for recognizeCandidate:7fc3dcce-a523-45fc-b6d6-b2bad08ce4da
2019-11-04 16:47:34,210 [grpc-default-executor-17] INFO  impl.RoleInfo (RoleInfo.java:shutdownFollowerState(121)) - 18bcd373-7631-4e7c-b817-d7839f17bf5a: shutdown FollowerState
2019-11-04 16:47:34,209 [grpc-default-executor-15] INFO  impl.RaftServerImpl (RaftServerImpl.java:setRole(184)) - 2911c1bb-ca7b-4253-a902-f80f167657b1@group-29467ABC0BF0: changes role from  FOLLOWER to FOLLOWER at term 78 for recognizeCandidate:7fc3dcce-a523-45fc-b6d6-b2bad08ce4da
2019-11-04 16:47:34,210 [grpc-default-executor-15] INFO  impl.RoleInfo (RoleInfo.java:shutdownFollowerState(121)) - 2911c1bb-ca7b-4253-a902-f80f167657b1: shutdown FollowerState
2019-11-04 16:47:34,210 [Thread-25655] INFO  impl.FollowerState (FollowerState.java:run(117)) - 18bcd373-7631-4e7c-b817-d7839f17bf5a@group-29467ABC0BF0-FollowerState was interrupted: java.lang.InterruptedException: sleep interrupted
2019-11-04 16:47:34,210 [grpc-default-executor-17] INFO  impl.RoleInfo (RoleInfo.java:updateAndGet(143)) - 18bcd373-7631-4e7c-b817-d7839f17bf5a: start FollowerState
2019-11-04 16:47:34,210 [Thread-25654] INFO  impl.FollowerState (FollowerState.java:run(117)) - 2911c1bb-ca7b-4253-a902-f80f167657b1@group-29467ABC0BF0-FollowerState was interrupted: java.lang.InterruptedException: sleep interrupted
2019-11-04 16:47:34,210 [grpc-default-executor-15] INFO  impl.RoleInfo (RoleInfo.java:updateAndGet(143)) - 2911c1bb-ca7b-4253-a902-f80f167657b1: start FollowerState
2019-11-04 16:47:34,224 [7fc3dcce-a523-45fc-b6d6-b2bad08ce4da@group-29467ABC0BF0-LeaderElection3588] INFO  impl.LeaderElection (LeaderElection.java:logAndReturn(56)) - 7fc3dcce-a523-45fc-b6d6-b2bad08ce4da@group-29467ABC0BF0-LeaderElection3588: Election REJECTED; received 2 response(s) [7fc3dcce-a523-45fc-b6d6-b2bad08ce4da<-2911c1bb-ca7b-4253-a902-f80f167657b1#0:FAIL-t78, 7fc3dcce-a523-45fc-b6d6-b2bad08ce4da<-18bcd373-7631-4e7c-b817-d7839f17bf5a#0:FAIL-t78] and 0 exception(s); 7fc3dcce-a523-45fc-b6d6-b2bad08ce4da@group-29467ABC0BF0:t78, leader=null, voted=7fc3dcce-a523-45fc-b6d6-b2bad08ce4da, raftlog=7fc3dcce-a523-45fc-b6d6-b2bad08ce4da@group-29467ABC0BF0-SegmentedRaftLog:OPENED:c-1,f-1,i0, conf=-1: [2911c1bb-ca7b-4253-a902-f80f167657b1:192.168.157.194:45844, 7fc3dcce-a523-45fc-b6d6-b2bad08ce4da:192.168.157.194:35647, 18bcd373-7631-4e7c-b817-d7839f17bf5a:192.168.157.194:38252], old=null
2019-11-04 16:47:34,224 [7fc3dcce-a523-45fc-b6d6-b2bad08ce4da@group-29467ABC0BF0-LeaderElection3588] INFO  impl.RaftServerImpl (RaftServerImpl.java:setRole(184)) - 7fc3dcce-a523-45fc-b6d6-b2bad08ce4da@group-29467ABC0BF0: changes role from CANDIDATE to FOLLOWER at term 78 for DISCOVERED_A_NEW_TERM
2019-11-04 16:47:34,224 [7fc3dcce-a523-45fc-b6d6-b2bad08ce4da@group-29467ABC0BF0-LeaderElection3588] INFO  impl.RoleInfo (RoleInfo.java:shutdownLeaderElection(134)) - 7fc3dcce-a523-45fc-b6d6-b2bad08ce4da: shutdown LeaderElection
2019-11-04 16:47:34,224 [7fc3dcce-a523-45fc-b6d6-b2bad08ce4da@group-29467ABC0BF0-LeaderElection3588] INFO  impl.RoleInfo (RoleInfo.java:updateAndGet(143)) - 7fc3dcce-a523-45fc-b6d6-b2bad08ce4da: start FollowerState
2019-11-04 16:47:34,327 [Thread-25662] INFO  impl.FollowerState (FollowerState.java:run(108)) - 7fc3dcce-a523-45fc-b6d6-b2bad08ce4da@group-29467ABC0BF0-FollowerState: change to CANDIDATE, lastRpcTime:102ms, electionTimeout:102ms
2019-11-04 16:47:34,327 [Thread-25662] INFO  impl.RoleInfo (RoleInfo.java:shutdownFollowerState(121)) - 7fc3dcce-a523-45fc-b6d6-b2bad08ce4da: shutdown FollowerState
2019-11-04 16:47:34,327 [Thread-25662] INFO  impl.RaftServerImpl (RaftServerImpl.java:setRole(184)) - 7fc3dcce-a523-45fc-b6d6-b2bad08ce4da@group-29467ABC0BF0: changes role from  FOLLOWER to CANDIDATE at term 78 for changeToCandidate
2019-11-04 16:47:34,327 [Thread-25662] INFO  impl.RoleInfo (RoleInfo.java:updateAndGet(143)) - 7fc3dcce-a523-45fc-b6d6-b2bad08ce4da: start LeaderElection
2019-11-04 16:47:34,341 [7fc3dcce-a523-45fc-b6d6-b2bad08ce4da@group-29467ABC0BF0-LeaderElection3589] INFO  impl.LeaderElection (LeaderElection.java:askForVotes(178)) - 7fc3dcce-a523-45fc-b6d6-b2bad08ce4da@group-29467ABC0BF0-LeaderElection3589: begin an election at term 79 for -1: [2911c1bb-ca7b-4253-a902-f80f167657b1:192.168.157.194:45844, 7fc3dcce-a523-45fc-b6d6-b2bad08ce4da:192.168.157.194:35647, 18bcd373-7631-4e7c-b817-d7839f17bf5a:192.168.157.194:38252], old=null
2019-11-04 16:47:34,342 [grpc-default-executor-17] INFO  impl.RaftServerImpl (RaftServerImpl.java:setRole(184)) - 2911c1bb-ca7b-4253-a902-f80f167657b1@group-29467ABC0BF0: changes role from  FOLLOWER to FOLLOWER at term 79 for recognizeCandidate:7fc3dcce-a523-45fc-b6d6-b2bad08ce4da
2019-11-04 16:47:34,342 [grpc-default-executor-17] INFO  impl.RoleInfo (RoleInfo.java:shutdownFollowerState(121)) - 2911c1bb-ca7b-4253-a902-f80f167657b1: shutdown FollowerState
2019-11-04 16:47:34,342 [grpc-default-executor-17] INFO  impl.RoleInfo (RoleInfo.java:updateAndGet(143)) - 2911c1bb-ca7b-4253-a902-f80f167657b1: start FollowerState
2019-11-04 16:47:34,342 [Thread-25661] INFO  impl.FollowerState (FollowerState.java:run(117)) - 2911c1bb-ca7b-4253-a902-f80f167657b1@group-29467ABC0BF0-FollowerState was interrupted: java.lang.InterruptedException: sleep interrupted
2019-11-04 16:47:34,342 [grpc-default-executor-15] INFO  impl.RaftServerImpl (RaftServerImpl.java:setRole(184)) - 18bcd373-7631-4e7c-b817-d7839f17bf5a@group-29467ABC0BF0: changes role from  FOLLOWER to FOLLOWER at term 79 for recognizeCandidate:7fc3dcce-a523-45fc-b6d6-b2bad08ce4da
2019-11-04 16:47:34,342 [grpc-default-executor-15] INFO  impl.RoleInfo (RoleInfo.java:shutdownFollowerState(121)) - 18bcd373-7631-4e7c-b817-d7839f17bf5a: shutdown FollowerState
2019-11-04 16:47:34,342 [grpc-default-executor-15] INFO  impl.RoleInfo (RoleInfo.java:updateAndGet(143)) - 18bcd373-7631-4e7c-b817-d7839f17bf5a: start FollowerState
2019-11-04 16:47:34,343 [Thread-25660] INFO  impl.FollowerState (FollowerState.java:run(117)) - 18bcd373-7631-4e7c-b817-d7839f17bf5a@group-29467ABC0BF0-FollowerState was interrupted: java.lang.InterruptedException: sleep interrupted
2019-11-04 16:47:34,356 [7fc3dcce-a523-45fc-b6d6-b2bad08ce4da@group-29467ABC0BF0-LeaderElection3589] INFO  impl.LeaderElection (LeaderElection.java:logAndReturn(56)) - 7fc3dcce-a523-45fc-b6d6-b2bad08ce4da@group-29467ABC0BF0-LeaderElection3589: Election REJECTED; received 2 response(s) [7fc3dcce-a523-45fc-b6d6-b2bad08ce4da<-2911c1bb-ca7b-4253-a902-f80f167657b1#0:FAIL-t79, 7fc3dcce-a523-45fc-b6d6-b2bad08ce4da<-18bcd373-7631-4e7c-b817-d7839f17bf5a#0:FAIL-t79] and 0 exception(s); 7fc3dcce-a523-45fc-b6d6-b2bad08ce4da@group-29467ABC0BF0:t79, leader=null, voted=7fc3dcce-a523-45fc-b6d6-b2bad08ce4da, raftlog=7fc3dcce-a523-45fc-b6d6-b2bad08ce4da@group-29467ABC0BF0-SegmentedRaftLog:OPENED:c-1,f-1,i0, conf=-1: [2911c1bb-ca7b-4253-a902-f80f167657b1:192.168.157.194:45844, 7fc3dcce-a523-45fc-b6d6-b2bad08ce4da:192.168.157.194:35647, 18bcd373-7631-4e7c-b817-d7839f17bf5a:192.168.157.194:38252], old=null
2019-11-04 16:47:34,356 [7fc3dcce-a523-45fc-b6d6-b2bad08ce4da@group-29467ABC0BF0-LeaderElection3589] INFO  impl.RaftServerImpl (RaftServerImpl.java:setRole(184)) - 7fc3dcce-a523-45fc-b6d6-b2bad08ce4da@group-29467ABC0BF0: changes role from CANDIDATE to FOLLOWER at term 79 for DISCOVERED_A_NEW_TERM
2019-11-04 16:47:34,356 [7fc3dcce-a523-45fc-b6d6-b2bad08ce4da@group-29467ABC0BF0-LeaderElection3589] INFO  impl.RoleInfo (RoleInfo.java:shutdownLeaderElection(134)) - 7fc3dcce-a523-45fc-b6d6-b2bad08ce4da: shutdown LeaderElection
2019-11-04 16:47:34,356 [7fc3dcce-a523-45fc-b6d6-b2bad08ce4da@group-29467ABC0BF0-LeaderElection3589] INFO  impl.RoleInfo (RoleInfo.java:updateAndGet(143)) - 7fc3dcce-a523-45fc-b6d6-b2bad08ce4da: start FollowerState
2019-11-04 16:47:34,379 [Thread-25672] INFO  impl.FollowerState (FollowerState.java:run(108)) - 7fc3dcce-a523-45fc-b6d6-b2bad08ce4da@group-29467ABC0BF0-FollowerState: change to CANDIDATE, lastRpcTime:22ms, electionTimeout:22ms
2019-11-04 16:47:34,379 [Thread-25672] INFO  impl.RoleInfo (RoleInfo.java:shutdownFollowerState(121)) - 7fc3dcce-a523-45fc-b6d6-b2bad08ce4da: shutdown FollowerState
2019-11-04 16:47:34,379 [Thread-25672] INFO  impl.RaftServerImpl (RaftServerImpl.java:setRole(184)) - 7fc3dcce-a523-45fc-b6d6-b2bad08ce4da@group-29467ABC0BF0: changes role from  FOLLOWER to CANDIDATE at term 79 for changeToCandidate
2019-11-04 16:47:34,379 [Thread-25672] INFO  impl.RoleInfo (RoleInfo.java:updateAndGet(143)) - 7fc3dcce-a523-45fc-b6d6-b2bad08ce4da: start LeaderElection
2019-11-04 16:47:34,392 [7fc3dcce-a523-45fc-b6d6-b2bad08ce4da@group-29467ABC0BF0-LeaderElection3590] INFO  impl.LeaderElection (LeaderElection.java:askForVotes(178)) - 7fc3dcce-a523-45fc-b6d6-b2bad08ce4da@group-29467ABC0BF0-LeaderElection3590: begin an election at term 80 for -1: [2911c1bb-ca7b-4253-a902-f80f167657b1:192.168.157.194:45844, 7fc3dcce-a523-45fc-b6d6-b2bad08ce4da:192.168.157.194:35647, 18bcd373-7631-4e7c-b817-d7839f17bf5a:192.168.157.194:38252], old=null
2019-11-04 16:47:34,393 [grpc-default-executor-15] INFO  impl.RaftServerImpl (RaftServerImpl.java:setRole(184)) - 2911c1bb-ca7b-4253-a902-f80f167657b1@group-29467ABC0BF0: changes role from  FOLLOWER to FOLLOWER at term 80 for recognizeCandidate:7fc3dcce-a523-45fc-b6d6-b2bad08ce4da
2019-11-04 16:47:34,393 [grpc-default-executor-15] INFO  impl.RoleInfo (RoleInfo.java:shutdownFollowerState(121)) - 2911c1bb-ca7b-4253-a902-f80f167657b1: shutdown FollowerState
2019-11-04 16:47:34,394 [grpc-default-executor-17] INFO  impl.RaftServerImpl (RaftServerImpl.java:setRole(184)) - 18bcd373-7631-4e7c-b817-d7839f17bf5a@group-29467ABC0BF0: changes role from  FOLLOWER to FOLLOWER at term 80 for recognizeCandidate:7fc3dcce-a523-45fc-b6d6-b2bad08ce4da
2019-11-04 16:47:34,394 [grpc-default-executor-17] INFO  impl.RoleInfo (RoleInfo.java:shutdownFollowerState(121)) - 18bcd373-7631-4e7c-b817-d7839f17bf5a: shutdown FollowerState
2019-11-04 16:47:34,394 [Thread-25670] INFO  impl.FollowerState (FollowerState.java:run(117)) - 2911c1bb-ca7b-4253-a902-f80f167657b1@group-29467ABC0BF0-FollowerState was interrupted: java.lang.InterruptedException: sleep interrupted
2019-11-04 16:47:34,394 [grpc-default-executor-15] INFO  impl.RoleInfo (RoleInfo.java:updateAndGet(143)) - 2911c1bb-ca7b-4253-a902-f80f167657b1: start FollowerState
2019-11-04 16:47:34,394 [Thread-25671] INFO  impl.FollowerState (FollowerState.java:run(117)) - 18bcd373-7631-4e7c-b817-d7839f17bf5a@group-29467ABC0BF0-FollowerState was interrupted: java.lang.InterruptedException: sleep interrupted
2019-11-04 16:47:34,394 [grpc-default-executor-17] INFO  impl.RoleInfo (RoleInfo.java:updateAndGet(143)) - 18bcd373-7631-4e7c-b817-d7839f17bf5a: start FollowerState
2019-11-04 16:47:34,408 [7fc3dcce-a523-45fc-b6d6-b2bad08ce4da@group-29467ABC0BF0-LeaderElection3590] INFO  impl.LeaderElection (LeaderElection.java:logAndReturn(56)) - 7fc3dcce-a523-45fc-b6d6-b2bad08ce4da@group-29467ABC0BF0-LeaderElection3590: Election REJECTED; received 2 response(s) [7fc3dcce-a523-45fc-b6d6-b2bad08ce4da<-2911c1bb-ca7b-4253-a902-f80f167657b1#0:FAIL-t80, 7fc3dcce-a523-45fc-b6d6-b2bad08ce4da<-18bcd373-7631-4e7c-b817-d7839f17bf5a#0:FAIL-t80] and 0 exception(s); 7fc3dcce-a523-45fc-b6d6-b2bad08ce4da@group-29467ABC0BF0:t80, leader=null, voted=7fc3dcce-a523-45fc-b6d6-b2bad08ce4da, raftlog=7fc3dcce-a523-45fc-b6d6-b2bad08ce4da@group-29467ABC0BF0-SegmentedRaftLog:OPENED:c-1,f-1,i0, conf=-1: [2911c1bb-ca7b-4253-a902-f80f167657b1:192.168.157.194:45844, 7fc3dcce-a523-45fc-b6d6-b2bad08ce4da:192.168.157.194:35647, 18bcd373-7631-4e7c-b817-d7839f17bf5a:192.168.157.194:38252], old=null
2019-11-04 16:47:34,408 [7fc3dcce-a523-45fc-b6d6-b2bad08ce4da@group-29467ABC0BF0-LeaderElection3590] INFO  impl.RaftServerImpl (RaftServerImpl.java:setRole(184)) - 7fc3dcce-a523-45fc-b6d6-b2bad08ce4da@group-29467ABC0BF0: changes role from CANDIDATE to FOLLOWER at term 80 for DISCOVERED_A_NEW_TERM
2019-11-04 16:47:34,408 [7fc3dcce-a523-45fc-b6d6-b2bad08ce4da@group-29467ABC0BF0-LeaderElection3590] INFO  impl.RoleInfo (RoleInfo.java:shutdownLeaderElection(134)) - 7fc3dcce-a523-45fc-b6d6-b2bad08ce4da: shutdown LeaderElection
2019-11-04 16:47:34,408 [7fc3dcce-a523-45fc-b6d6-b2bad08ce4da@group-29467ABC0BF0-LeaderElection3590] INFO  impl.RoleInfo (RoleInfo.java:updateAndGet(143)) - 7fc3dcce-a523-45fc-b6d6-b2bad08ce4da: start FollowerState
2019-11-04 16:47:34,480 [Thread-25678] INFO  impl.FollowerState (FollowerState.java:run(108)) - 7fc3dcce-a523-45fc-b6d6-b2bad08ce4da@group-29467ABC0BF0-FollowerState: change to CANDIDATE, lastRpcTime:72ms, electionTimeout:72ms
2019-11-04 16:47:34,481 [Thread-25678] INFO  impl.RoleInfo (RoleInfo.java:shutdownFollowerState(121)) - 7fc3dcce-a523-45fc-b6d6-b2bad08ce4da: shutdown FollowerState
2019-11-04 16:47:34,481 [Thread-25678] INFO  impl.RaftServerImpl (RaftServerImpl.java:setRole(184)) - 7fc3dcce-a523-45fc-b6d6-b2bad08ce4da@group-29467ABC0BF0: changes role from  FOLLOWER to CANDIDATE at term 80 for changeToCandidate
2019-11-04 16:47:34,481 [Thread-25678] INFO  impl.RoleInfo (RoleInfo.java:updateAndGet(143)) - 7fc3dcce-a523-45fc-b6d6-b2bad08ce4da: start LeaderElection
2019-11-04 16:47:34,494 [7fc3dcce-a523-45fc-b6d6-b2bad08ce4da@group-29467ABC0BF0-LeaderElection3591] INFO  impl.LeaderElection (LeaderElection.java:askForVotes(178)) - 7fc3dcce-a523-45fc-b6d6-b2bad08ce4da@group-29467ABC0BF0-LeaderElection3591: begin an election at term 81 for -1: [2911c1bb-ca7b-4253-a902-f80f167657b1:192.168.157.194:45844, 7fc3dcce-a523-45fc-b6d6-b2bad08ce4da:192.168.157.194:35647, 18bcd373-7631-4e7c-b817-d7839f17bf5a:192.168.157.194:38252], old=null
2019-11-04 16:47:34,495 [grpc-default-executor-17] INFO  impl.RaftServerImpl (RaftServerImpl.java:setRole(184)) - 2911c1bb-ca7b-4253-a902-f80f167657b1@group-29467ABC0BF0: changes role from  FOLLOWER to FOLLOWER at term 81 for recognizeCandidate:7fc3dcce-a523-45fc-b6d6-b2bad08ce4da
2019-11-04 16:47:34,495 [grpc-default-executor-15] INFO  impl.RaftServerImpl (RaftServerImpl.java:setRole(184)) - 18bcd373-7631-4e7c-b817-d7839f17bf5a@group-29467ABC0BF0: changes role from  FOLLOWER to FOLLOWER at term 81 for recognizeCandidate:7fc3dcce-a523-45fc-b6d6-b2bad08ce4da
2019-11-04 16:47:34,495 [grpc-default-executor-15] INFO  impl.RoleInfo (RoleInfo.java:shutdownFollowerState(121)) - 18bcd373-7631-4e7c-b817-d7839f17bf5a: shutdown FollowerState
2019-11-04 16:47:34,495 [grpc-default-executor-17] INFO  impl.RoleInfo (RoleInfo.java:shutdownFollowerState(121)) - 2911c1bb-ca7b-4253-a902-f80f167657b1: shutdown FollowerState
2019-11-04 16:47:34,495 [grpc-default-executor-15] INFO  impl.RoleInfo (RoleInfo.java:updateAndGet(143)) - 18bcd373-7631-4e7c-b817-d7839f17bf5a: start FollowerState
2019-11-04 16:47:34,496 [Thread-25676] INFO  impl.FollowerState (FollowerState.java:run(117)) - 2911c1bb-ca7b-4253-a902-f80f167657b1@group-29467ABC0BF0-FollowerState was interrupted: java.lang.InterruptedException: sleep interrupted
2019-11-04 16:47:34,496 [Thread-25677] INFO  impl.FollowerState (FollowerState.java:run(117)) - 18bcd373-7631-4e7c-b817-d7839f17bf5a@group-29467ABC0BF0-FollowerState was interrupted: java.lang.InterruptedException: sleep interrupted
2019-11-04 16:47:34,496 [grpc-default-executor-17] INFO  impl.RoleInfo (RoleInfo.java:updateAndGet(143)) - 2911c1bb-ca7b-4253-a902-f80f167657b1: start FollowerState
2019-11-04 16:47:34,510 [7fc3dcce-a523-45fc-b6d6-b2bad08ce4da@group-29467ABC0BF0-LeaderElection3591] INFO  impl.LeaderElection (LeaderElection.java:logAndReturn(56)) - 7fc3dcce-a523-45fc-b6d6-b2bad08ce4da@group-29467ABC0BF0-LeaderElection3591: Election REJECTED; received 2 response(s) [7fc3dcce-a523-45fc-b6d6-b2bad08ce4da<-2911c1bb-ca7b-4253-a902-f80f167657b1#0:FAIL-t81, 7fc3dcce-a523-45fc-b6d6-b2bad08ce4da<-18bcd373-7631-4e7c-b817-d7839f17bf5a#0:FAIL-t81] and 0 exception(s); 7fc3dcce-a523-45fc-b6d6-b2bad08ce4da@group-29467ABC0BF0:t81, leader=null, voted=7fc3dcce-a523-45fc-b6d6-b2bad08ce4da, raftlog=7fc3dcce-a523-45fc-b6d6-b2bad08ce4da@group-29467ABC0BF0-SegmentedRaftLog:OPENED:c-1,f-1,i0, conf=-1: [2911c1bb-ca7b-4253-a902-f80f167657b1:192.168.157.194:45844, 7fc3dcce-a523-45fc-b6d6-b2bad08ce4da:192.168.157.194:35647, 18bcd373-7631-4e7c-b817-d7839f17bf5a:192.168.157.194:38252], old=null
2019-11-04 16:47:34,510 [7fc3dcce-a523-45fc-b6d6-b2bad08ce4da@group-29467ABC0BF0-LeaderElection3591] INFO  impl.RaftServerImpl (RaftServerImpl.java:setRole(184)) - 7fc3dcce-a523-45fc-b6d6-b2bad08ce4da@group-29467ABC0BF0: changes role from CANDIDATE to FOLLOWER at term 81 for DISCOVERED_A_NEW_TERM
2019-11-04 16:47:34,510 [7fc3dcce-a523-45fc-b6d6-b2bad08ce4da@group-29467ABC0BF0-LeaderElection3591] INFO  impl.RoleInfo (RoleInfo.java:shutdownLeaderElection(134)) - 7fc3dcce-a523-45fc-b6d6-b2bad08ce4da: shutdown LeaderElection
2019-11-04 16:47:34,510 [7fc3dcce-a523-45fc-b6d6-b2bad08ce4da@group-29467ABC0BF0-LeaderElection3591] INFO  impl.RoleInfo (RoleInfo.java:updateAndGet(143)) - 7fc3dcce-a523-45fc-b6d6-b2bad08ce4da: start FollowerState
2019-11-04 16:47:34,575 [Thread-25684] INFO  impl.FollowerState (FollowerState.java:run(108)) - 7fc3dcce-a523-45fc-b6d6-b2bad08ce4da@group-29467ABC0BF0-FollowerState: change to CANDIDATE, lastRpcTime:65ms, electionTimeout:65ms
2019-11-04 16:47:34,575 [Thread-25684] INFO  impl.RoleInfo (RoleInfo.java:shutdownFollowerState(121)) - 7fc3dcce-a523-45fc-b6d6-b2bad08ce4da: shutdown FollowerState
2019-11-04 16:47:34,575 [main] INFO  ozoneimpl.OzoneContainer (OzoneContainer.java:stop(227)) - Attempting to stop container services.
2019-11-04 16:47:34,576 [Thread-25684] INFO  impl.RaftServerImpl (RaftServerImpl.java:setRole(184)) - 7fc3dcce-a523-45fc-b6d6-b2bad08ce4da@group-29467ABC0BF0: changes role from  FOLLOWER to CANDIDATE at term 81 for changeToCandidate
2019-11-04 16:47:34,576 [Thread-25684] INFO  impl.RoleInfo (RoleInfo.java:updateAndGet(143)) - 7fc3dcce-a523-45fc-b6d6-b2bad08ce4da: start LeaderElection
2019-11-04 16:47:34,576 [main] INFO  impl.RaftServerProxy (RaftServerProxy.java:lambda$close$4(314)) - 7fc3dcce-a523-45fc-b6d6-b2bad08ce4da: close
2019-11-04 16:47:34,577 [main] INFO  impl.RaftServerImpl (RaftServerImpl.java:lambda$shutdown$3(261)) - 7fc3dcce-a523-45fc-b6d6-b2bad08ce4da@group-577EACC547DA: shutdown
2019-11-04 16:47:34,577 [ForkJoinPool.commonPool-worker-1] INFO  impl.RaftServerImpl (RaftServerImpl.java:lambda$shutdown$3(261)) - 7fc3dcce-a523-45fc-b6d6-b2bad08ce4da@group-29467ABC0BF0: shutdown
2019-11-04 16:47:34,577 [main] INFO  util.JmxRegister (JmxRegister.java:unregister(73)) - Successfully un-registered JMX Bean with object name Ratis:service=RaftServer,group=group-577EACC547DA,id=7fc3dcce-a523-45fc-b6d6-b2bad08ce4da
2019-11-04 16:47:34,578 [ForkJoinPool.commonPool-worker-1] INFO  util.JmxRegister (JmxRegister.java:unregister(73)) - Successfully un-registered JMX Bean with object name Ratis:service=RaftServer,group=group-29467ABC0BF0,id=7fc3dcce-a523-45fc-b6d6-b2bad08ce4da
2019-11-04 16:47:34,578 [main] INFO  impl.RoleInfo (RoleInfo.java:shutdownLeaderState(104)) - 7fc3dcce-a523-45fc-b6d6-b2bad08ce4da: shutdown LeaderState
2019-11-04 16:47:34,578 [ForkJoinPool.commonPool-worker-1] INFO  impl.RoleInfo (RoleInfo.java:shutdownLeaderElection(134)) - 7fc3dcce-a523-45fc-b6d6-b2bad08ce4da: shutdown LeaderElection
2019-11-04 16:47:34,578 [main] INFO  impl.PendingRequests (PendingRequests.java:sendNotLeaderResponses(202)) - 7fc3dcce-a523-45fc-b6d6-b2bad08ce4da@group-577EACC547DA-PendingRequests: sendNotLeaderResponses
2019-11-04 16:47:34,578 [ForkJoinPool.commonPool-worker-1] INFO  impl.StateMachineUpdater (StateMachineUpdater.java:stopAndJoin(136)) - 7fc3dcce-a523-45fc-b6d6-b2bad08ce4da@group-29467ABC0BF0-StateMachineUpdater: set stopIndex = -1
2019-11-04 16:47:34,579 [ForkJoinPool.commonPool-worker-1] INFO  impl.RaftServerImpl (ServerState.java:close(388)) - 7fc3dcce-a523-45fc-b6d6-b2bad08ce4da@group-29467ABC0BF0: closes. applyIndex: -1
2019-11-04 16:47:34,579 [main] INFO  impl.StateMachineUpdater (StateMachineUpdater.java:stopAndJoin(136)) - 7fc3dcce-a523-45fc-b6d6-b2bad08ce4da@group-577EACC547DA-StateMachineUpdater: set stopIndex = 0
2019-11-04 16:47:34,580 [main] INFO  impl.RaftServerImpl (ServerState.java:close(388)) - 7fc3dcce-a523-45fc-b6d6-b2bad08ce4da@group-577EACC547DA: closes. applyIndex: 0
2019-11-04 16:47:34,580 [7fc3dcce-a523-45fc-b6d6-b2bad08ce4da@group-29467ABC0BF0-SegmentedRaftLogWorker] INFO  segmented.SegmentedRaftLogWorker (SegmentedRaftLogWorker.java:run(316)) - 7fc3dcce-a523-45fc-b6d6-b2bad08ce4da@group-29467ABC0BF0-SegmentedRaftLogWorker was interrupted, exiting. There are 0 tasks remaining in the queue.
2019-11-04 16:47:34,580 [ForkJoinPool.commonPool-worker-1] INFO  segmented.SegmentedRaftLogWorker (SegmentedRaftLogWorker.java:close(224)) - 7fc3dcce-a523-45fc-b6d6-b2bad08ce4da@group-29467ABC0BF0-SegmentedRaftLogWorker close()
2019-11-04 16:47:34,580 [7fc3dcce-a523-45fc-b6d6-b2bad08ce4da@group-577EACC547DA-SegmentedRaftLogWorker] INFO  segmented.SegmentedRaftLogWorker (SegmentedRaftLogWorker.java:run(316)) - 7fc3dcce-a523-45fc-b6d6-b2bad08ce4da@group-577EACC547DA-SegmentedRaftLogWorker was interrupted, exiting. There are 0 tasks remaining in the queue.
2019-11-04 16:47:34,591 [main] INFO  segmented.SegmentedRaftLogWorker (SegmentedRaftLogWorker.java:close(224)) - 7fc3dcce-a523-45fc-b6d6-b2bad08ce4da@group-577EACC547DA-SegmentedRaftLogWorker close()
2019-11-04 16:47:34,596 [main] INFO  server.GrpcService (GrpcService.java:closeImpl(164)) - 7fc3dcce-a523-45fc-b6d6-b2bad08ce4da: shutdown server with port 35647 now
2019-11-04 16:47:34,598 [main] INFO  server.GrpcService (GrpcService.java:closeImpl(172)) - 7fc3dcce-a523-45fc-b6d6-b2bad08ce4da: shutdown server with port 35647 successfully
2019-11-04 16:47:34,600 [refreshUsed-/workdir/hadoop-ozone/integration-test/target/test-dir/MiniOzoneClusterImpl-8e66254f-d6bc-40e7-ae2f-db5e1b2bb1f3/datanode-6/data/containers] WARN  fs.CachingGetSpaceUsed (CachingGetSpaceUsed.java:run(183)) - Thread Interrupted waiting to refresh disk information: sleep interrupted
2019-11-04 16:47:34,608 [7fc3dcce-a523-45fc-b6d6-b2bad08ce4da@group-29467ABC0BF0-LeaderElection3592] INFO  impl.LeaderElection (LeaderElection.java:askForVotes(178)) - 7fc3dcce-a523-45fc-b6d6-b2bad08ce4da@group-29467ABC0BF0-LeaderElection3592: begin an election at term 82 for -1: [2911c1bb-ca7b-4253-a902-f80f167657b1:192.168.157.194:45844, 7fc3dcce-a523-45fc-b6d6-b2bad08ce4da:192.168.157.194:35647, 18bcd373-7631-4e7c-b817-d7839f17bf5a:192.168.157.194:38252], old=null
2019-11-04 16:47:34,608 [7fc3dcce-a523-45fc-b6d6-b2bad08ce4da@group-29467ABC0BF0-LeaderElection3592] INFO  impl.LeaderElection (LeaderElection.java:run(137)) - 7fc3dcce-a523-45fc-b6d6-b2bad08ce4da@group-29467ABC0BF0-LeaderElection3592: IllegalArgumentException is safely ignored since this is already CLOSING
java.lang.IllegalArgumentException: 7fc3dcce-a523-45fc-b6d6-b2bad08ce4da@group-29467ABC0BF0-SegmentedRaftLog is expected to be opened but it is CLOSED
	at org.apache.ratis.util.OpenCloseState.assertOpen(OpenCloseState.java:63)
	at org.apache.ratis.server.raftlog.RaftLog.checkLogState(RaftLog.java:102)
	at org.apache.ratis.server.raftlog.segmented.SegmentedRaftLog.getLastEntryTermIndex(SegmentedRaftLog.java:345)
	at org.apache.ratis.server.impl.LeaderElection.askForVotes(LeaderElection.java:180)
	at org.apache.ratis.server.impl.LeaderElection.run(LeaderElection.java:133)
	at java.lang.Thread.run(Thread.java:748)
Caused by: org.apache.ratis.util.OpenCloseState$CloseTrace: Close 7fc3dcce-a523-45fc-b6d6-b2bad08ce4da@group-29467ABC0BF0-SegmentedRaftLog
	at org.apache.ratis.util.OpenCloseState.lambda$close$1(OpenCloseState.java:109)
	at java.util.concurrent.atomic.AtomicReference.getAndUpdate(AtomicReference.java:160)
	at org.apache.ratis.util.OpenCloseState.close(OpenCloseState.java:109)
	at org.apache.ratis.server.raftlog.RaftLog.close(RaftLog.java:437)
	at org.apache.ratis.server.raftlog.segmented.SegmentedRaftLog.close(SegmentedRaftLog.java:500)
	at org.apache.ratis.server.impl.ServerState.close(ServerState.java:390)
	at org.apache.ratis.server.impl.RaftServerImpl.lambda$shutdown$3(RaftServerImpl.java:283)
	at org.apache.ratis.util.LifeCycle.lambda$checkStateAndClose$2(LifeCycle.java:231)
	at org.apache.ratis.util.LifeCycle.checkStateAndClose(LifeCycle.java:251)
	at org.apache.ratis.util.LifeCycle.checkStateAndClose(LifeCycle.java:229)
	at org.apache.ratis.server.impl.RaftServerImpl.shutdown(RaftServerImpl.java:260)
	at org.apache.ratis.server.impl.RaftServerProxy$ImplMap.lambda$close$0(RaftServerProxy.java:107)
	at java.util.stream.ForEachOps$ForEachOp$OfRef.accept(ForEachOps.java:183)
	at java.util.stream.ReferencePipeline$3$1.accept(ReferencePipeline.java:193)
	at java.util.concurrent.ConcurrentHashMap$ValueSpliterator.forEachRemaining(ConcurrentHashMap.java:3566)
	at java.util.stream.AbstractPipeline.copyInto(AbstractPipeline.java:482)
	at java.util.stream.ForEachOps$ForEachTask.compute(ForEachOps.java:290)
	at java.util.concurrent.CountedCompleter.exec(CountedCompleter.java:731)
	at java.util.concurrent.ForkJoinTask.doExec(ForkJoinTask.java:289)
	at java.util.concurrent.ForkJoinPool$WorkQueue.runTask(ForkJoinPool.java:1056)
	at java.util.concurrent.ForkJoinPool.runWorker(ForkJoinPool.java:1692)
	at java.util.concurrent.ForkJoinWorkerThread.run(ForkJoinWorkerThread.java:157)
2019-11-04 16:47:34,619 [main] INFO  utils.BackgroundService (BackgroundService.java:shutdown(151)) - Shutting down service BlockDeletingService
2019-11-04 16:47:34,626 [main] INFO  statemachine.DatanodeStateMachine (DatanodeStateMachine.java:stopDaemon(395)) - Ozone container server stopped.
2019-11-04 16:47:34,627 [main] INFO  handler.ContextHandler (ContextHandler.java:doStop(910)) - Stopped o.e.j.w.WebAppContext@4607d78b{/,null,UNAVAILABLE}{/hddsDatanode}
2019-11-04 16:47:34,628 [main] INFO  server.AbstractConnector (AbstractConnector.java:doStop(318)) - Stopped ServerConnector@3b28b7b0{HTTP/1.1,[http/1.1]}{0.0.0.0:0}
2019-11-04 16:47:34,628 [main] INFO  handler.ContextHandler (ContextHandler.java:doStop(910)) - Stopped o.e.j.s.ServletContextHandler@13e00016{/static,jar:file:/home/user/.m2/repository/org/apache/hadoop/hadoop-hdds-container-service/0.5.0-SNAPSHOT/hadoop-hdds-container-service-0.5.0-SNAPSHOT.jar!/webapps/static,UNAVAILABLE}
2019-11-04 16:47:34,628 [main] INFO  handler.ContextHandler (ContextHandler.java:doStop(910)) - Stopped o.e.j.s.ServletContextHandler@6d6039df{/logs,file:///workdir/hadoop-ozone/integration-test/target/log,UNAVAILABLE}
2019-11-04 16:47:34,692 [main] INFO  ozone.MiniOzoneClusterImpl (MiniOzoneClusterImpl.java:shutdown(314)) - Shutting down the Mini Ozone Cluster
2019-11-04 16:47:34,692 [main] INFO  ozone.MiniOzoneClusterImpl (MiniOzoneClusterImpl.java:stop(330)) - Stopping the Mini Ozone Cluster
2019-11-04 16:47:34,692 [main] INFO  ozone.MiniOzoneClusterImpl (MiniOzoneClusterImpl.java:stopOM(400)) - Stopping the OzoneManager
2019-11-04 16:47:34,692 [main] INFO  ipc.Server (Server.java:stop(3082)) - Stopping server on 38771
2019-11-04 16:47:34,706 [IPC Server listener on 38771] INFO  ipc.Server (Server.java:run(1185)) - Stopping IPC Server listener on 38771
2019-11-04 16:47:34,709 [main] INFO  ratis.OzoneManagerDoubleBuffer (OzoneManagerDoubleBuffer.java:stop(250)) - Stopping OMDoubleBuffer flush thread
2019-11-04 16:47:34,721 [IPC Server Responder] INFO  ipc.Server (Server.java:run(1319)) - Stopping IPC Server Responder
2019-11-04 16:47:34,729 [OMDoubleBufferFlushThread] INFO  ratis.OzoneManagerDoubleBuffer (OzoneManagerDoubleBuffer.java:flushTransactions(193)) - OMDoubleBuffer flush thread OMDoubleBufferFlushThread is interrupted and will exit. OMDoubleBufferFlushThread
2019-11-04 16:47:34,730 [main] INFO  utils.BackgroundService (BackgroundService.java:shutdown(151)) - Shutting down service KeyDeletingService
2019-11-04 16:47:34,731 [main] INFO  handler.ContextHandler (ContextHandler.java:doStop(910)) - Stopped o.e.j.w.WebAppContext@1be52861{/,null,UNAVAILABLE}{/ozoneManager}
2019-11-04 16:47:34,732 [main] INFO  server.AbstractConnector (AbstractConnector.java:doStop(318)) - Stopped ServerConnector@5fb5ad40{HTTP/1.1,[http/1.1]}{0.0.0.0:0}
2019-11-04 16:47:34,732 [main] INFO  handler.ContextHandler (ContextHandler.java:doStop(910)) - Stopped o.e.j.s.ServletContextHandler@62ea8931{/static,file:///workdir/hadoop-ozone/integration-test/target/test-classes/webapps/static,UNAVAILABLE}
2019-11-04 16:47:34,733 [main] INFO  handler.ContextHandler (ContextHandler.java:doStop(910)) - Stopped o.e.j.s.ServletContextHandler@1a2e563e{/logs,file:///workdir/hadoop-ozone/integration-test/target/log,UNAVAILABLE}
2019-11-04 16:47:34,747 [main] INFO  ozone.MiniOzoneClusterImpl (MiniOzoneClusterImpl.java:stopDatanodes(377)) - Stopping the HddsDatanodes
2019-11-04 16:47:34,913 [Datanode State Machine Thread - 0] INFO  statemachine.DatanodeStateMachine (DatanodeStateMachine.java:lambda$startDaemon$0(350)) - Ozone container server started.
2019-11-04 16:47:35,586 [Thread-25682] INFO  impl.FollowerState (FollowerState.java:run(108)) - 18bcd373-7631-4e7c-b817-d7839f17bf5a@group-29467ABC0BF0-FollowerState: change to CANDIDATE, lastRpcTime:1090ms, electionTimeout:1090ms
2019-11-04 16:47:35,586 [Thread-25682] INFO  impl.RoleInfo (RoleInfo.java:shutdownFollowerState(121)) - 18bcd373-7631-4e7c-b817-d7839f17bf5a: shutdown FollowerState
2019-11-04 16:47:35,586 [Thread-25682] INFO  impl.RaftServerImpl (RaftServerImpl.java:setRole(184)) - 18bcd373-7631-4e7c-b817-d7839f17bf5a@group-29467ABC0BF0: changes role from  FOLLOWER to CANDIDATE at term 81 for changeToCandidate
2019-11-04 16:47:35,587 [Thread-25682] INFO  impl.RoleInfo (RoleInfo.java:updateAndGet(143)) - 18bcd373-7631-4e7c-b817-d7839f17bf5a: start LeaderElection
2019-11-04 16:47:35,601 [18bcd373-7631-4e7c-b817-d7839f17bf5a@group-29467ABC0BF0-LeaderElection3593] INFO  impl.LeaderElection (LeaderElection.java:askForVotes(178)) - 18bcd373-7631-4e7c-b817-d7839f17bf5a@group-29467ABC0BF0-LeaderElection3593: begin an election at term 82 for 0: [2911c1bb-ca7b-4253-a902-f80f167657b1:192.168.157.194:45844, 7fc3dcce-a523-45fc-b6d6-b2bad08ce4da:192.168.157.194:35647, 18bcd373-7631-4e7c-b817-d7839f17bf5a:192.168.157.194:38252], old=null
2019-11-04 16:47:35,603 [grpc-default-executor-17] INFO  impl.RaftServerImpl (RaftServerImpl.java:setRole(184)) - 2911c1bb-ca7b-4253-a902-f80f167657b1@group-29467ABC0BF0: changes role from  FOLLOWER to FOLLOWER at term 82 for recognizeCandidate:18bcd373-7631-4e7c-b817-d7839f17bf5a
2019-11-04 16:47:35,603 [grpc-default-executor-17] INFO  impl.RoleInfo (RoleInfo.java:shutdownFollowerState(121)) - 2911c1bb-ca7b-4253-a902-f80f167657b1: shutdown FollowerState
2019-11-04 16:47:35,603 [grpc-default-executor-17] INFO  impl.RoleInfo (RoleInfo.java:updateAndGet(143)) - 2911c1bb-ca7b-4253-a902-f80f167657b1: start FollowerState
2019-11-04 16:47:35,603 [Thread-25683] INFO  impl.FollowerState (FollowerState.java:run(117)) - 2911c1bb-ca7b-4253-a902-f80f167657b1@group-29467ABC0BF0-FollowerState was interrupted: java.lang.InterruptedException: sleep interrupted
2019-11-04 16:47:35,604 [18bcd373-7631-4e7c-b817-d7839f17bf5a@group-29467ABC0BF0-LeaderElection3593] INFO  impl.LeaderElection (LogUtils.java:infoOrTrace(149)) - 18bcd373-7631-4e7c-b817-d7839f17bf5a@group-29467ABC0BF0-LeaderElection3593 got exception when requesting votes: {}
java.util.concurrent.ExecutionException: org.apache.ratis.thirdparty.io.grpc.StatusRuntimeException: UNAVAILABLE: io exception
	at java.util.concurrent.FutureTask.report(FutureTask.java:122)
	at java.util.concurrent.FutureTask.get(FutureTask.java:192)
	at org.apache.ratis.server.impl.LeaderElection.waitForResults(LeaderElection.java:259)
	at org.apache.ratis.server.impl.LeaderElection.askForVotes(LeaderElection.java:197)
	at org.apache.ratis.server.impl.LeaderElection.run(LeaderElection.java:133)
	at java.lang.Thread.run(Thread.java:748)
Caused by: org.apache.ratis.thirdparty.io.grpc.StatusRuntimeException: UNAVAILABLE: io exception
	at org.apache.ratis.thirdparty.io.grpc.stub.ClientCalls.toStatusRuntimeException(ClientCalls.java:233)
	at org.apache.ratis.thirdparty.io.grpc.stub.ClientCalls.getUnchecked(ClientCalls.java:214)
	at org.apache.ratis.thirdparty.io.grpc.stub.ClientCalls.blockingUnaryCall(ClientCalls.java:139)
	at org.apache.ratis.proto.grpc.RaftServerProtocolServiceGrpc$RaftServerProtocolServiceBlockingStub.requestVote(RaftServerProtocolServiceGrpc.java:265)
	at org.apache.ratis.grpc.server.GrpcServerProtocolClient.requestVote(GrpcServerProtocolClient.java:99)
	at org.apache.ratis.grpc.server.GrpcService.requestVote(GrpcService.java:204)
	at org.apache.ratis.server.impl.LeaderElection.lambda$submitRequests$1(LeaderElection.java:234)
	at java.util.concurrent.FutureTask.run(FutureTask.java:266)
	at java.util.concurrent.Executors$RunnableAdapter.call(Executors.java:511)
	at java.util.concurrent.FutureTask.run(FutureTask.java:266)
	at java.util.concurrent.ThreadPoolExecutor.runWorker(ThreadPoolExecutor.java:1149)
	at java.util.concurrent.ThreadPoolExecutor$Worker.run(ThreadPoolExecutor.java:624)
	... 1 more
Caused by: org.apache.ratis.thirdparty.io.netty.channel.AbstractChannel$AnnotatedConnectException: Connection refused: /192.168.157.194:35647
	at sun.nio.ch.SocketChannelImpl.checkConnect(Native Method)
	at sun.nio.ch.SocketChannelImpl.finishConnect(SocketChannelImpl.java:717)
	at org.apache.ratis.thirdparty.io.netty.channel.socket.nio.NioSocketChannel.doFinishConnect(NioSocketChannel.java:327)
	at org.apache.ratis.thirdparty.io.netty.channel.nio.AbstractNioChannel$AbstractNioUnsafe.finishConnect(AbstractNioChannel.java:340)
	at org.apache.ratis.thirdparty.io.netty.channel.nio.NioEventLoop.processSelectedKey(NioEventLoop.java:632)
	at org.apache.ratis.thirdparty.io.netty.channel.nio.NioEventLoop.processSelectedKeysOptimized(NioEventLoop.java:579)
	at org.apache.ratis.thirdparty.io.netty.channel.nio.NioEventLoop.processSelectedKeys(NioEventLoop.java:496)
	at org.apache.ratis.thirdparty.io.netty.channel.nio.NioEventLoop.run(NioEventLoop.java:458)
	at org.apache.ratis.thirdparty.io.netty.util.concurrent.SingleThreadEventExecutor$5.run(SingleThreadEventExecutor.java:897)
	at org.apache.ratis.thirdparty.io.netty.util.concurrent.FastThreadLocalRunnable.run(FastThreadLocalRunnable.java:30)
	... 1 more
Caused by: java.net.ConnectException: Connection refused
	... 11 more
2019-11-04 16:47:35,617 [18bcd373-7631-4e7c-b817-d7839f17bf5a@group-29467ABC0BF0-LeaderElection3593] INFO  impl.LeaderElection (LeaderElection.java:logAndReturn(56)) - 18bcd373-7631-4e7c-b817-d7839f17bf5a@group-29467ABC0BF0-LeaderElection3593: Election PASSED; received 1 response(s) [18bcd373-7631-4e7c-b817-d7839f17bf5a<-2911c1bb-ca7b-4253-a902-f80f167657b1#0:OK-t82] and 1 exception(s); 18bcd373-7631-4e7c-b817-d7839f17bf5a@group-29467ABC0BF0:t82, leader=null, voted=18bcd373-7631-4e7c-b817-d7839f17bf5a, raftlog=18bcd373-7631-4e7c-b817-d7839f17bf5a@group-29467ABC0BF0-SegmentedRaftLog:OPENED:c-1,f0,i0, conf=0: [2911c1bb-ca7b-4253-a902-f80f167657b1:192.168.157.194:45844, 7fc3dcce-a523-45fc-b6d6-b2bad08ce4da:192.168.157.194:35647, 18bcd373-7631-4e7c-b817-d7839f17bf5a:192.168.157.194:38252], old=null
2019-11-04 16:47:35,617 [18bcd373-7631-4e7c-b817-d7839f17bf5a@group-29467ABC0BF0-LeaderElection3593] INFO  impl.LeaderElection (LogUtils.java:infoOrTrace(149)) -   Exception 0: {}
java.util.concurrent.ExecutionException: org.apache.ratis.thirdparty.io.grpc.StatusRuntimeException: UNAVAILABLE: io exception
	at java.util.concurrent.FutureTask.report(FutureTask.java:122)
	at java.util.concurrent.FutureTask.get(FutureTask.java:192)
	at org.apache.ratis.server.impl.LeaderElection.waitForResults(LeaderElection.java:259)
	at org.apache.ratis.server.impl.LeaderElection.askForVotes(LeaderElection.java:197)
	at org.apache.ratis.server.impl.LeaderElection.run(LeaderElection.java:133)
	at java.lang.Thread.run(Thread.java:748)
Caused by: org.apache.ratis.thirdparty.io.grpc.StatusRuntimeException: UNAVAILABLE: io exception
	at org.apache.ratis.thirdparty.io.grpc.stub.ClientCalls.toStatusRuntimeException(ClientCalls.java:233)
	at org.apache.ratis.thirdparty.io.grpc.stub.ClientCalls.getUnchecked(ClientCalls.java:214)
	at org.apache.ratis.thirdparty.io.grpc.stub.ClientCalls.blockingUnaryCall(ClientCalls.java:139)
	at org.apache.ratis.proto.grpc.RaftServerProtocolServiceGrpc$RaftServerProtocolServiceBlockingStub.requestVote(RaftServerProtocolServiceGrpc.java:265)
	at org.apache.ratis.grpc.server.GrpcServerProtocolClient.requestVote(GrpcServerProtocolClient.java:99)
	at org.apache.ratis.grpc.server.GrpcService.requestVote(GrpcService.java:204)
	at org.apache.ratis.server.impl.LeaderElection.lambda$submitRequests$1(LeaderElection.java:234)
	at java.util.concurrent.FutureTask.run(FutureTask.java:266)
	at java.util.concurrent.Executors$RunnableAdapter.call(Executors.java:511)
	at java.util.concurrent.FutureTask.run(FutureTask.java:266)
	at java.util.concurrent.ThreadPoolExecutor.runWorker(ThreadPoolExecutor.java:1149)
	at java.util.concurrent.ThreadPoolExecutor$Worker.run(ThreadPoolExecutor.java:624)
	... 1 more
Caused by: org.apache.ratis.thirdparty.io.netty.channel.AbstractChannel$AnnotatedConnectException: Connection refused: /192.168.157.194:35647
	at sun.nio.ch.SocketChannelImpl.checkConnect(Native Method)
	at sun.nio.ch.SocketChannelImpl.finishConnect(SocketChannelImpl.java:717)
	at org.apache.ratis.thirdparty.io.netty.channel.socket.nio.NioSocketChannel.doFinishConnect(NioSocketChannel.java:327)
	at org.apache.ratis.thirdparty.io.netty.channel.nio.AbstractNioChannel$AbstractNioUnsafe.finishConnect(AbstractNioChannel.java:340)
	at org.apache.ratis.thirdparty.io.netty.channel.nio.NioEventLoop.processSelectedKey(NioEventLoop.java:632)
	at org.apache.ratis.thirdparty.io.netty.channel.nio.NioEventLoop.processSelectedKeysOptimized(NioEventLoop.java:579)
	at org.apache.ratis.thirdparty.io.netty.channel.nio.NioEventLoop.processSelectedKeys(NioEventLoop.java:496)
	at org.apache.ratis.thirdparty.io.netty.channel.nio.NioEventLoop.run(NioEventLoop.java:458)
	at org.apache.ratis.thirdparty.io.netty.util.concurrent.SingleThreadEventExecutor$5.run(SingleThreadEventExecutor.java:897)
	at org.apache.ratis.thirdparty.io.netty.util.concurrent.FastThreadLocalRunnable.run(FastThreadLocalRunnable.java:30)
	... 1 more
Caused by: java.net.ConnectException: Connection refused
	... 11 more
2019-11-04 16:47:35,617 [18bcd373-7631-4e7c-b817-d7839f17bf5a@group-29467ABC0BF0-LeaderElection3593] INFO  impl.RoleInfo (RoleInfo.java:shutdownLeaderElection(134)) - 18bcd373-7631-4e7c-b817-d7839f17bf5a: shutdown LeaderElection
2019-11-04 16:47:35,618 [18bcd373-7631-4e7c-b817-d7839f17bf5a@group-29467ABC0BF0-LeaderElection3593] INFO  impl.RaftServerImpl (RaftServerImpl.java:setRole(184)) - 18bcd373-7631-4e7c-b817-d7839f17bf5a@group-29467ABC0BF0: changes role from CANDIDATE to LEADER at term 82 for changeToLeader
2019-11-04 16:47:35,618 [18bcd373-7631-4e7c-b817-d7839f17bf5a@group-29467ABC0BF0-LeaderElection3593] INFO  impl.RaftServerImpl (ServerState.java:setLeader(256)) - 18bcd373-7631-4e7c-b817-d7839f17bf5a@group-29467ABC0BF0: change Leader from null to 18bcd373-7631-4e7c-b817-d7839f17bf5a at term 82 for becomeLeader, leader elected after 15926ms
2019-11-04 16:47:35,618 [18bcd373-7631-4e7c-b817-d7839f17bf5a@group-29467ABC0BF0-LeaderElection3593] INFO  server.RaftServerConfigKeys (ConfUtils.java:logGet(43)) - raft.server.staging.catchup.gap = 1000 (default)
2019-11-04 16:47:35,618 [18bcd373-7631-4e7c-b817-d7839f17bf5a@group-29467ABC0BF0-LeaderElection3593] INFO  server.RaftServerConfigKeys (ConfUtils.java:logGet(43)) - raft.server.rpc.sleep.time = 25ms (default)
2019-11-04 16:47:35,618 [18bcd373-7631-4e7c-b817-d7839f17bf5a@group-29467ABC0BF0-LeaderElection3593] INFO  server.RaftServerConfigKeys (ConfUtils.java:logGet(43)) - raft.server.write.element-limit = 4096 (default)
2019-11-04 16:47:35,619 [18bcd373-7631-4e7c-b817-d7839f17bf5a@group-29467ABC0BF0-LeaderElection3593] INFO  server.RaftServerConfigKeys (ConfUtils.java:logGet(43)) - raft.server.watch.timeout = 10s (default)
2019-11-04 16:47:35,619 [18bcd373-7631-4e7c-b817-d7839f17bf5a@group-29467ABC0BF0-LeaderElection3593] INFO  server.RaftServerConfigKeys (ConfUtils.java:logGet(43)) - raft.server.watch.timeout.denomination = 1s (default)
2019-11-04 16:47:35,619 [18bcd373-7631-4e7c-b817-d7839f17bf5a@group-29467ABC0BF0-LeaderElection3593] INFO  server.RaftServerConfigKeys (ConfUtils.java:logGet(43)) - raft.server.watch.element-limit = 65536 (default)
2019-11-04 16:47:35,622 [18bcd373-7631-4e7c-b817-d7839f17bf5a@group-29467ABC0BF0-LeaderElection3593] INFO  server.RaftServerConfigKeys (ConfUtils.java:logGet(43)) - raft.server.log.appender.snapshot.chunk.size.max = 16MB (=16777216) (default)
2019-11-04 16:47:35,622 [18bcd373-7631-4e7c-b817-d7839f17bf5a@group-29467ABC0BF0-LeaderElection3593] INFO  server.RaftServerConfigKeys (ConfUtils.java:logGet(43)) - raft.server.log.appender.buffer.byte-limit = 33554432 (custom)
2019-11-04 16:47:35,622 [18bcd373-7631-4e7c-b817-d7839f17bf5a@group-29467ABC0BF0-LeaderElection3593] INFO  server.RaftServerConfigKeys (ConfUtils.java:logGet(43)) - raft.server.log.appender.buffer.element-limit = 1 (custom)
2019-11-04 16:47:35,623 [18bcd373-7631-4e7c-b817-d7839f17bf5a@group-29467ABC0BF0-LeaderElection3593] INFO  grpc.GrpcConfigKeys$Server (ConfUtils.java:logGet(43)) - raft.grpc.server.leader.outstanding.appends.max = 128 (default)
2019-11-04 16:47:35,623 [18bcd373-7631-4e7c-b817-d7839f17bf5a@group-29467ABC0BF0-LeaderElection3593] INFO  server.RaftServerConfigKeys (ConfUtils.java:logGet(43)) - raft.server.rpc.request.timeout = 3000ms (default)
2019-11-04 16:47:35,623 [18bcd373-7631-4e7c-b817-d7839f17bf5a@group-29467ABC0BF0-LeaderElection3593] INFO  server.RaftServerConfigKeys (ConfUtils.java:logGet(43)) - raft.server.log.appender.install.snapshot.enabled = false (custom)
2019-11-04 16:47:35,625 [18bcd373-7631-4e7c-b817-d7839f17bf5a@group-29467ABC0BF0-LeaderElection3593] INFO  server.RaftServerConfigKeys (ConfUtils.java:logGet(43)) - raft.server.log.appender.snapshot.chunk.size.max = 16MB (=16777216) (default)
2019-11-04 16:47:35,625 [18bcd373-7631-4e7c-b817-d7839f17bf5a@group-29467ABC0BF0-LeaderElection3593] INFO  server.RaftServerConfigKeys (ConfUtils.java:logGet(43)) - raft.server.log.appender.buffer.byte-limit = 33554432 (custom)
2019-11-04 16:47:35,625 [18bcd373-7631-4e7c-b817-d7839f17bf5a@group-29467ABC0BF0-LeaderElection3593] INFO  server.RaftServerConfigKeys (ConfUtils.java:logGet(43)) - raft.server.log.appender.buffer.element-limit = 1 (custom)
2019-11-04 16:47:35,625 [18bcd373-7631-4e7c-b817-d7839f17bf5a@group-29467ABC0BF0-LeaderElection3593] INFO  grpc.GrpcConfigKeys$Server (ConfUtils.java:logGet(43)) - raft.grpc.server.leader.outstanding.appends.max = 128 (default)
2019-11-04 16:47:35,625 [18bcd373-7631-4e7c-b817-d7839f17bf5a@group-29467ABC0BF0-LeaderElection3593] INFO  server.RaftServerConfigKeys (ConfUtils.java:logGet(43)) - raft.server.rpc.request.timeout = 3000ms (default)
2019-11-04 16:47:35,625 [18bcd373-7631-4e7c-b817-d7839f17bf5a@group-29467ABC0BF0-LeaderElection3593] INFO  server.RaftServerConfigKeys (ConfUtils.java:logGet(43)) - raft.server.log.appender.install.snapshot.enabled = false (custom)
2019-11-04 16:47:35,627 [18bcd373-7631-4e7c-b817-d7839f17bf5a@group-29467ABC0BF0-LeaderElection3593] INFO  impl.RoleInfo (RoleInfo.java:updateAndGet(143)) - 18bcd373-7631-4e7c-b817-d7839f17bf5a: start LeaderState
2019-11-04 16:47:35,628 [18bcd373-7631-4e7c-b817-d7839f17bf5a@group-29467ABC0BF0-LeaderElection3593] INFO  segmented.SegmentedRaftLogWorker (SegmentedRaftLogWorker.java:rollLogSegment(390)) - 18bcd373-7631-4e7c-b817-d7839f17bf5a@group-29467ABC0BF0-SegmentedRaftLogWorker: Rolling segment log-0_0 to index:0
2019-11-04 16:47:35,628 [18bcd373-7631-4e7c-b817-d7839f17bf5a@group-29467ABC0BF0-LeaderElection3593] INFO  impl.RaftServerImpl (ServerState.java:setRaftConf(357)) - 18bcd373-7631-4e7c-b817-d7839f17bf5a@group-29467ABC0BF0: set configuration 1: [2911c1bb-ca7b-4253-a902-f80f167657b1:192.168.157.194:45844, 7fc3dcce-a523-45fc-b6d6-b2bad08ce4da:192.168.157.194:35647, 18bcd373-7631-4e7c-b817-d7839f17bf5a:192.168.157.194:38252], old=null at 1
2019-11-04 16:47:35,629 [18bcd373-7631-4e7c-b817-d7839f17bf5a@group-29467ABC0BF0-SegmentedRaftLogWorker] INFO  segmented.SegmentedRaftLogWorker (SegmentedRaftLogWorker.java:execute(533)) - 18bcd373-7631-4e7c-b817-d7839f17bf5a@group-29467ABC0BF0-SegmentedRaftLogWorker: Rolled log segment from /workdir/hadoop-ozone/integration-test/target/test-dir/MiniOzoneClusterImpl-8e66254f-d6bc-40e7-ae2f-db5e1b2bb1f3/datanode-2/data/ratis/98e485be-f8be-498d-b57e-29467abc0bf0/current/log_inprogress_0 to /workdir/hadoop-ozone/integration-test/target/test-dir/MiniOzoneClusterImpl-8e66254f-d6bc-40e7-ae2f-db5e1b2bb1f3/datanode-2/data/ratis/98e485be-f8be-498d-b57e-29467abc0bf0/current/log_0-0
2019-11-04 16:47:35,629 [grpc-default-executor-17] WARN  server.GrpcLogAppender (LogUtils.java:warn(134)) - 18bcd373-7631-4e7c-b817-d7839f17bf5a@group-29467ABC0BF0->7fc3dcce-a523-45fc-b6d6-b2bad08ce4da-AppendLogResponseHandler: Failed appendEntries: org.apache.ratis.thirdparty.io.grpc.StatusRuntimeException: UNAVAILABLE: io exception
2019-11-04 16:47:35,629 [grpc-default-executor-3] INFO  impl.RaftServerImpl (ServerState.java:setLeader(256)) - 2911c1bb-ca7b-4253-a902-f80f167657b1@group-29467ABC0BF0: change Leader from null to 18bcd373-7631-4e7c-b817-d7839f17bf5a at term 82 for appendEntries, leader elected after 15945ms
2019-11-04 16:47:35,631 [grpc-default-executor-3] INFO  impl.RaftServerImpl (ServerState.java:setRaftConf(357)) - 2911c1bb-ca7b-4253-a902-f80f167657b1@group-29467ABC0BF0: set configuration 1: [2911c1bb-ca7b-4253-a902-f80f167657b1:192.168.157.194:45844, 7fc3dcce-a523-45fc-b6d6-b2bad08ce4da:192.168.157.194:35647, 18bcd373-7631-4e7c-b817-d7839f17bf5a:192.168.157.194:38252], old=null at 1
2019-11-04 16:47:35,631 [grpc-default-executor-3] INFO  segmented.SegmentedRaftLogWorker (SegmentedRaftLogWorker.java:rollLogSegment(390)) - 2911c1bb-ca7b-4253-a902-f80f167657b1@group-29467ABC0BF0-SegmentedRaftLogWorker: Rolling segment log-0_0 to index:0
2019-11-04 16:47:35,632 [2911c1bb-ca7b-4253-a902-f80f167657b1@group-29467ABC0BF0-SegmentedRaftLogWorker] INFO  segmented.SegmentedRaftLogWorker (SegmentedRaftLogWorker.java:execute(533)) - 2911c1bb-ca7b-4253-a902-f80f167657b1@group-29467ABC0BF0-SegmentedRaftLogWorker: Rolled log segment from /workdir/hadoop-ozone/integration-test/target/test-dir/MiniOzoneClusterImpl-8e66254f-d6bc-40e7-ae2f-db5e1b2bb1f3/datanode-7/data/ratis/98e485be-f8be-498d-b57e-29467abc0bf0/current/log_inprogress_0 to /workdir/hadoop-ozone/integration-test/target/test-dir/MiniOzoneClusterImpl-8e66254f-d6bc-40e7-ae2f-db5e1b2bb1f3/datanode-7/data/ratis/98e485be-f8be-498d-b57e-29467abc0bf0/current/log_0-0
2019-11-04 16:47:35,680 [2911c1bb-ca7b-4253-a902-f80f167657b1@group-29467ABC0BF0-SegmentedRaftLogWorker] INFO  segmented.SegmentedRaftLogWorker (SegmentedRaftLogWorker.java:execute(576)) - 2911c1bb-ca7b-4253-a902-f80f167657b1@group-29467ABC0BF0-SegmentedRaftLogWorker: created new log segment /workdir/hadoop-ozone/integration-test/target/test-dir/MiniOzoneClusterImpl-8e66254f-d6bc-40e7-ae2f-db5e1b2bb1f3/datanode-7/data/ratis/98e485be-f8be-498d-b57e-29467abc0bf0/current/log_inprogress_1
2019-11-04 16:47:35,680 [18bcd373-7631-4e7c-b817-d7839f17bf5a@group-29467ABC0BF0-SegmentedRaftLogWorker] INFO  segmented.SegmentedRaftLogWorker (SegmentedRaftLogWorker.java:execute(576)) - 18bcd373-7631-4e7c-b817-d7839f17bf5a@group-29467ABC0BF0-SegmentedRaftLogWorker: created new log segment /workdir/hadoop-ozone/integration-test/target/test-dir/MiniOzoneClusterImpl-8e66254f-d6bc-40e7-ae2f-db5e1b2bb1f3/datanode-2/data/ratis/98e485be-f8be-498d-b57e-29467abc0bf0/current/log_inprogress_1
2019-11-04 16:47:35,738 [Datanode State Machine Thread - 0] INFO  statemachine.DatanodeStateMachine (DatanodeStateMachine.java:lambda$startDaemon$0(350)) - Ozone container server started.
2019-11-04 16:47:38,629 [java.util.concurrent.ThreadPoolExecutor$Worker@614043b6[State = -1, empty queue]] WARN  server.GrpcLogAppender (GrpcLogAppender.java:timeoutAppendRequest(209)) - 18bcd373-7631-4e7c-b817-d7839f17bf5a@group-29467ABC0BF0->7fc3dcce-a523-45fc-b6d6-b2bad08ce4da-GrpcLogAppender: appendEntries Timeout, request=18bcd373-7631-4e7c-b817-d7839f17bf5a->7fc3dcce-a523-45fc-b6d6-b2bad08ce4da#0-t82, previous=(t:2, i:0), leaderCommit=-1, initializing? false, entries: <empty>
2019-11-04 16:47:39,748 [main] INFO  ozoneimpl.OzoneContainer (OzoneContainer.java:stop(227)) - Attempting to stop container services.
2019-11-04 16:47:39,748 [ForkJoinPool.commonPool-worker-1] INFO  ozoneimpl.OzoneContainer (OzoneContainer.java:stop(227)) - Attempting to stop container services.
2019-11-04 16:47:39,748 [main] INFO  impl.RaftServerProxy (RaftServerProxy.java:lambda$close$4(314)) - ad9dfb15-0321-4349-a9e1-29d9eb7275d5: close
2019-11-04 16:47:39,749 [ForkJoinPool.commonPool-worker-1] INFO  impl.RaftServerProxy (RaftServerProxy.java:lambda$close$4(314)) - 18bcd373-7631-4e7c-b817-d7839f17bf5a: close
2019-11-04 16:47:39,754 [main] INFO  impl.RaftServerImpl (RaftServerImpl.java:lambda$shutdown$3(261)) - ad9dfb15-0321-4349-a9e1-29d9eb7275d5@group-47944429F1DF: shutdown
2019-11-04 16:47:39,754 [ForkJoinPool.commonPool-worker-1] INFO  impl.RaftServerImpl (RaftServerImpl.java:lambda$shutdown$3(261)) - 18bcd373-7631-4e7c-b817-d7839f17bf5a@group-ACEA270DDECA: shutdown
2019-11-04 16:47:39,754 [main] INFO  util.JmxRegister (JmxRegister.java:unregister(73)) - Successfully un-registered JMX Bean with object name Ratis:service=RaftServer,group=group-47944429F1DF,id=ad9dfb15-0321-4349-a9e1-29d9eb7275d5
2019-11-04 16:47:39,755 [ForkJoinPool.commonPool-worker-1] INFO  util.JmxRegister (JmxRegister.java:unregister(73)) - Successfully un-registered JMX Bean with object name Ratis:service=RaftServer,group=group-ACEA270DDECA,id=18bcd373-7631-4e7c-b817-d7839f17bf5a
2019-11-04 16:47:39,755 [main] INFO  impl.RoleInfo (RoleInfo.java:shutdownLeaderState(104)) - ad9dfb15-0321-4349-a9e1-29d9eb7275d5: shutdown LeaderState
2019-11-04 16:47:39,755 [ForkJoinPool.commonPool-worker-1] INFO  impl.RoleInfo (RoleInfo.java:shutdownLeaderState(104)) - 18bcd373-7631-4e7c-b817-d7839f17bf5a: shutdown LeaderState
2019-11-04 16:47:39,755 [main] INFO  impl.PendingRequests (PendingRequests.java:sendNotLeaderResponses(202)) - ad9dfb15-0321-4349-a9e1-29d9eb7275d5@group-47944429F1DF-PendingRequests: sendNotLeaderResponses
2019-11-04 16:47:39,755 [ForkJoinPool.commonPool-worker-1] INFO  impl.PendingRequests (PendingRequests.java:sendNotLeaderResponses(202)) - 18bcd373-7631-4e7c-b817-d7839f17bf5a@group-ACEA270DDECA-PendingRequests: sendNotLeaderResponses
2019-11-04 16:47:39,755 [main] INFO  impl.StateMachineUpdater (StateMachineUpdater.java:stopAndJoin(136)) - ad9dfb15-0321-4349-a9e1-29d9eb7275d5@group-47944429F1DF-StateMachineUpdater: set stopIndex = 0
2019-11-04 16:47:39,755 [ForkJoinPool.commonPool-worker-1] INFO  impl.StateMachineUpdater (StateMachineUpdater.java:stopAndJoin(136)) - 18bcd373-7631-4e7c-b817-d7839f17bf5a@group-ACEA270DDECA-StateMachineUpdater: set stopIndex = 0
2019-11-04 16:47:39,756 [main] INFO  impl.RaftServerImpl (ServerState.java:close(388)) - ad9dfb15-0321-4349-a9e1-29d9eb7275d5@group-47944429F1DF: closes. applyIndex: 0
2019-11-04 16:47:39,756 [ForkJoinPool.commonPool-worker-1] INFO  impl.RaftServerImpl (ServerState.java:close(388)) - 18bcd373-7631-4e7c-b817-d7839f17bf5a@group-ACEA270DDECA: closes. applyIndex: 0
2019-11-04 16:47:39,756 [ad9dfb15-0321-4349-a9e1-29d9eb7275d5@group-47944429F1DF-SegmentedRaftLogWorker] INFO  segmented.SegmentedRaftLogWorker (SegmentedRaftLogWorker.java:run(316)) - ad9dfb15-0321-4349-a9e1-29d9eb7275d5@group-47944429F1DF-SegmentedRaftLogWorker was interrupted, exiting. There are 0 tasks remaining in the queue.
2019-11-04 16:47:39,756 [18bcd373-7631-4e7c-b817-d7839f17bf5a@group-ACEA270DDECA-SegmentedRaftLogWorker] INFO  segmented.SegmentedRaftLogWorker (SegmentedRaftLogWorker.java:run(316)) - 18bcd373-7631-4e7c-b817-d7839f17bf5a@group-ACEA270DDECA-SegmentedRaftLogWorker was interrupted, exiting. There are 0 tasks remaining in the queue.
2019-11-04 16:47:39,759 [main] INFO  segmented.SegmentedRaftLogWorker (SegmentedRaftLogWorker.java:close(224)) - ad9dfb15-0321-4349-a9e1-29d9eb7275d5@group-47944429F1DF-SegmentedRaftLogWorker close()
2019-11-04 16:47:39,760 [ForkJoinPool.commonPool-worker-1] INFO  segmented.SegmentedRaftLogWorker (SegmentedRaftLogWorker.java:close(224)) - 18bcd373-7631-4e7c-b817-d7839f17bf5a@group-ACEA270DDECA-SegmentedRaftLogWorker close()
2019-11-04 16:47:39,777 [main] INFO  server.GrpcService (GrpcService.java:closeImpl(164)) - ad9dfb15-0321-4349-a9e1-29d9eb7275d5: shutdown server with port 45506 now
2019-11-04 16:47:39,779 [ForkJoinPool.commonPool-worker-1] INFO  impl.RaftServerImpl (RaftServerImpl.java:lambda$shutdown$3(261)) - 18bcd373-7631-4e7c-b817-d7839f17bf5a@group-29467ABC0BF0: shutdown
2019-11-04 16:47:39,780 [ForkJoinPool.commonPool-worker-1] INFO  util.JmxRegister (JmxRegister.java:unregister(73)) - Successfully un-registered JMX Bean with object name Ratis:service=RaftServer,group=group-29467ABC0BF0,id=18bcd373-7631-4e7c-b817-d7839f17bf5a
2019-11-04 16:47:39,780 [main] INFO  server.GrpcService (GrpcService.java:closeImpl(172)) - ad9dfb15-0321-4349-a9e1-29d9eb7275d5: shutdown server with port 45506 successfully
2019-11-04 16:47:39,780 [ForkJoinPool.commonPool-worker-1] INFO  impl.RoleInfo (RoleInfo.java:shutdownLeaderState(104)) - 18bcd373-7631-4e7c-b817-d7839f17bf5a: shutdown LeaderState
2019-11-04 16:47:39,783 [ForkJoinPool.commonPool-worker-1] INFO  impl.PendingRequests (PendingRequests.java:sendNotLeaderResponses(202)) - 18bcd373-7631-4e7c-b817-d7839f17bf5a@group-29467ABC0BF0-PendingRequests: sendNotLeaderResponses
2019-11-04 16:47:39,783 [org.apache.ratis.server.impl.LogAppender$AppenderDaemon$$Lambda$434/1246728277@17ce3b81] WARN  server.GrpcLogAppender (GrpcLogAppender.java:mayWait(149)) - 18bcd373-7631-4e7c-b817-d7839f17bf5a@group-29467ABC0BF0->7fc3dcce-a523-45fc-b6d6-b2bad08ce4da-GrpcLogAppender: Wait interrupted by java.lang.InterruptedException
2019-11-04 16:47:39,785 [ForkJoinPool.commonPool-worker-1] INFO  impl.StateMachineUpdater (StateMachineUpdater.java:stopAndJoin(136)) - 18bcd373-7631-4e7c-b817-d7839f17bf5a@group-29467ABC0BF0-StateMachineUpdater: set stopIndex = 2
2019-11-04 16:47:39,785 [org.apache.ratis.server.impl.LogAppender$AppenderDaemon$$Lambda$434/1246728277@46dc35e4] WARN  server.GrpcLogAppender (GrpcLogAppender.java:mayWait(149)) - 18bcd373-7631-4e7c-b817-d7839f17bf5a@group-29467ABC0BF0->2911c1bb-ca7b-4253-a902-f80f167657b1-GrpcLogAppender: Wait interrupted by java.lang.InterruptedException
2019-11-04 16:47:39,785 [ForkJoinPool.commonPool-worker-1] INFO  impl.RaftServerImpl (ServerState.java:close(388)) - 18bcd373-7631-4e7c-b817-d7839f17bf5a@group-29467ABC0BF0: closes. applyIndex: 2
2019-11-04 16:47:39,786 [18bcd373-7631-4e7c-b817-d7839f17bf5a@group-29467ABC0BF0-SegmentedRaftLogWorker] INFO  segmented.SegmentedRaftLogWorker (SegmentedRaftLogWorker.java:run(316)) - 18bcd373-7631-4e7c-b817-d7839f17bf5a@group-29467ABC0BF0-SegmentedRaftLogWorker was interrupted, exiting. There are 0 tasks remaining in the queue.
2019-11-04 16:47:39,788 [ForkJoinPool.commonPool-worker-1] INFO  segmented.SegmentedRaftLogWorker (SegmentedRaftLogWorker.java:close(224)) - 18bcd373-7631-4e7c-b817-d7839f17bf5a@group-29467ABC0BF0-SegmentedRaftLogWorker close()
2019-11-04 16:47:39,788 [refreshUsed-/workdir/hadoop-ozone/integration-test/target/test-dir/MiniOzoneClusterImpl-8e66254f-d6bc-40e7-ae2f-db5e1b2bb1f3/datanode-5/data/containers] WARN  fs.CachingGetSpaceUsed (CachingGetSpaceUsed.java:run(183)) - Thread Interrupted waiting to refresh disk information: sleep interrupted
2019-11-04 16:47:39,788 [grpc-default-executor-17] INFO  server.GrpcServerProtocolService (GrpcServerProtocolService.java:onCompleted(113)) - 2911c1bb-ca7b-4253-a902-f80f167657b1: Completed APPEND_ENTRIES, lastRequest: 18bcd373-7631-4e7c-b817-d7839f17bf5a->2911c1bb-ca7b-4253-a902-f80f167657b1#10-t82, previous=(t:82, i:2), leaderCommit=2, initializing? false, entries: <empty>
2019-11-04 16:47:39,790 [ForkJoinPool.commonPool-worker-1] INFO  server.GrpcService (GrpcService.java:closeImpl(164)) - 18bcd373-7631-4e7c-b817-d7839f17bf5a: shutdown server with port 38252 now
2019-11-04 16:47:39,791 [grpc-default-executor-17] INFO  server.GrpcLogAppender (GrpcLogAppender.java:onCompleted(308)) - 18bcd373-7631-4e7c-b817-d7839f17bf5a@group-29467ABC0BF0->2911c1bb-ca7b-4253-a902-f80f167657b1-AppendLogResponseHandler: follower responses appendEntries COMPLETED
2019-11-04 16:47:39,792 [ForkJoinPool.commonPool-worker-1] INFO  server.GrpcService (GrpcService.java:closeImpl(172)) - 18bcd373-7631-4e7c-b817-d7839f17bf5a: shutdown server with port 38252 successfully
2019-11-04 16:47:39,792 [grpc-default-executor-17] INFO  impl.FollowerInfo (FollowerInfo.java:lambda$new$0(51)) - 18bcd373-7631-4e7c-b817-d7839f17bf5a@group-29467ABC0BF0->2911c1bb-ca7b-4253-a902-f80f167657b1: nextIndex: updateUnconditionally 3 -> 2
2019-11-04 16:47:39,794 [refreshUsed-/workdir/hadoop-ozone/integration-test/target/test-dir/MiniOzoneClusterImpl-8e66254f-d6bc-40e7-ae2f-db5e1b2bb1f3/datanode-2/data/containers] WARN  fs.CachingGetSpaceUsed (CachingGetSpaceUsed.java:run(183)) - Thread Interrupted waiting to refresh disk information: sleep interrupted
2019-11-04 16:47:39,809 [main] INFO  utils.BackgroundService (BackgroundService.java:shutdown(151)) - Shutting down service BlockDeletingService
2019-11-04 16:47:39,809 [ForkJoinPool.commonPool-worker-1] INFO  utils.BackgroundService (BackgroundService.java:shutdown(151)) - Shutting down service BlockDeletingService
2019-11-04 16:47:39,827 [ForkJoinPool.commonPool-worker-1] INFO  statemachine.DatanodeStateMachine (DatanodeStateMachine.java:stopDaemon(395)) - Ozone container server stopped.
2019-11-04 16:47:39,827 [main] INFO  statemachine.DatanodeStateMachine (DatanodeStateMachine.java:stopDaemon(395)) - Ozone container server stopped.
2019-11-04 16:47:39,833 [main] INFO  handler.ContextHandler (ContextHandler.java:doStop(910)) - Stopped o.e.j.w.WebAppContext@6eda012b{/,null,UNAVAILABLE}{/hddsDatanode}
2019-11-04 16:47:39,833 [ForkJoinPool.commonPool-worker-1] INFO  handler.ContextHandler (ContextHandler.java:doStop(910)) - Stopped o.e.j.w.WebAppContext@5e99e2cb{/,null,UNAVAILABLE}{/hddsDatanode}
2019-11-04 16:47:39,834 [ForkJoinPool.commonPool-worker-1] INFO  server.AbstractConnector (AbstractConnector.java:doStop(318)) - Stopped ServerConnector@76ac68b0{HTTP/1.1,[http/1.1]}{0.0.0.0:0}
2019-11-04 16:47:39,834 [main] INFO  server.AbstractConnector (AbstractConnector.java:doStop(318)) - Stopped ServerConnector@781dbe44{HTTP/1.1,[http/1.1]}{0.0.0.0:0}
2019-11-04 16:47:39,835 [ForkJoinPool.commonPool-worker-1] INFO  handler.ContextHandler (ContextHandler.java:doStop(910)) - Stopped o.e.j.s.ServletContextHandler@74fb5b59{/static,jar:file:/home/user/.m2/repository/org/apache/hadoop/hadoop-hdds-container-service/0.5.0-SNAPSHOT/hadoop-hdds-container-service-0.5.0-SNAPSHOT.jar!/webapps/static,UNAVAILABLE}
2019-11-04 16:47:39,835 [main] INFO  handler.ContextHandler (ContextHandler.java:doStop(910)) - Stopped o.e.j.s.ServletContextHandler@7f12094d{/static,jar:file:/home/user/.m2/repository/org/apache/hadoop/hadoop-hdds-container-service/0.5.0-SNAPSHOT/hadoop-hdds-container-service-0.5.0-SNAPSHOT.jar!/webapps/static,UNAVAILABLE}
2019-11-04 16:47:39,837 [ForkJoinPool.commonPool-worker-1] INFO  handler.ContextHandler (ContextHandler.java:doStop(910)) - Stopped o.e.j.s.ServletContextHandler@69d103f0{/logs,file:///workdir/hadoop-ozone/integration-test/target/log,UNAVAILABLE}
2019-11-04 16:47:39,837 [main] INFO  handler.ContextHandler (ContextHandler.java:doStop(910)) - Stopped o.e.j.s.ServletContextHandler@214b342f{/logs,file:///workdir/hadoop-ozone/integration-test/target/log,UNAVAILABLE}
2019-11-04 16:47:40,138 [Datanode State Machine Thread - 0] INFO  statemachine.DatanodeStateMachine (DatanodeStateMachine.java:lambda$startDaemon$0(350)) - Ozone container server started.
2019-11-04 16:47:40,820 [Datanode State Machine Thread - 0] INFO  statemachine.DatanodeStateMachine (DatanodeStateMachine.java:lambda$startDaemon$0(350)) - Ozone container server started.
2019-11-04 16:47:41,235 [Thread-25715] INFO  impl.FollowerState (FollowerState.java:run(108)) - 2911c1bb-ca7b-4253-a902-f80f167657b1@group-29467ABC0BF0-FollowerState: change to CANDIDATE, lastRpcTime:1537ms, electionTimeout:1053ms
2019-11-04 16:47:41,235 [Thread-25715] INFO  impl.RoleInfo (RoleInfo.java:shutdownFollowerState(121)) - 2911c1bb-ca7b-4253-a902-f80f167657b1: shutdown FollowerState
2019-11-04 16:47:41,235 [Thread-25715] INFO  impl.RaftServerImpl (RaftServerImpl.java:setRole(184)) - 2911c1bb-ca7b-4253-a902-f80f167657b1@group-29467ABC0BF0: changes role from  FOLLOWER to CANDIDATE at term 82 for changeToCandidate
2019-11-04 16:47:41,235 [Thread-25715] INFO  impl.RoleInfo (RoleInfo.java:updateAndGet(143)) - 2911c1bb-ca7b-4253-a902-f80f167657b1: start LeaderElection
2019-11-04 16:47:41,236 [2911c1bb-ca7b-4253-a902-f80f167657b1@group-29467ABC0BF0-LeaderElection3594] INFO  impl.RaftServerImpl (ServerState.java:setLeader(256)) - 2911c1bb-ca7b-4253-a902-f80f167657b1@group-29467ABC0BF0: change Leader from 18bcd373-7631-4e7c-b817-d7839f17bf5a to null at term 82 for initElection
2019-11-04 16:47:41,251 [2911c1bb-ca7b-4253-a902-f80f167657b1@group-29467ABC0BF0-LeaderElection3594] INFO  impl.LeaderElection (LeaderElection.java:askForVotes(178)) - 2911c1bb-ca7b-4253-a902-f80f167657b1@group-29467ABC0BF0-LeaderElection3594: begin an election at term 83 for 1: [2911c1bb-ca7b-4253-a902-f80f167657b1:192.168.157.194:45844, 7fc3dcce-a523-45fc-b6d6-b2bad08ce4da:192.168.157.194:35647, 18bcd373-7631-4e7c-b817-d7839f17bf5a:192.168.157.194:38252], old=null
2019-11-04 16:47:41,253 [2911c1bb-ca7b-4253-a902-f80f167657b1@group-29467ABC0BF0-LeaderElection3594] INFO  impl.LeaderElection (LogUtils.java:infoOrTrace(149)) - 2911c1bb-ca7b-4253-a902-f80f167657b1@group-29467ABC0BF0-LeaderElection3594 got exception when requesting votes: {}
java.util.concurrent.ExecutionException: org.apache.ratis.thirdparty.io.grpc.StatusRuntimeException: UNAVAILABLE: io exception
	at java.util.concurrent.FutureTask.report(FutureTask.java:122)
	at java.util.concurrent.FutureTask.get(FutureTask.java:192)
	at org.apache.ratis.server.impl.LeaderElection.waitForResults(LeaderElection.java:259)
	at org.apache.ratis.server.impl.LeaderElection.askForVotes(LeaderElection.java:197)
	at org.apache.ratis.server.impl.LeaderElection.run(LeaderElection.java:133)
	at java.lang.Thread.run(Thread.java:748)
Caused by: org.apache.ratis.thirdparty.io.grpc.StatusRuntimeException: UNAVAILABLE: io exception
	at org.apache.ratis.thirdparty.io.grpc.stub.ClientCalls.toStatusRuntimeException(ClientCalls.java:233)
	at org.apache.ratis.thirdparty.io.grpc.stub.ClientCalls.getUnchecked(ClientCalls.java:214)
	at org.apache.ratis.thirdparty.io.grpc.stub.ClientCalls.blockingUnaryCall(ClientCalls.java:139)
	at org.apache.ratis.proto.grpc.RaftServerProtocolServiceGrpc$RaftServerProtocolServiceBlockingStub.requestVote(RaftServerProtocolServiceGrpc.java:265)
	at org.apache.ratis.grpc.server.GrpcServerProtocolClient.requestVote(GrpcServerProtocolClient.java:99)
	at org.apache.ratis.grpc.server.GrpcService.requestVote(GrpcService.java:204)
	at org.apache.ratis.server.impl.LeaderElection.lambda$submitRequests$1(LeaderElection.java:234)
	at java.util.concurrent.FutureTask.run(FutureTask.java:266)
	at java.util.concurrent.Executors$RunnableAdapter.call(Executors.java:511)
	at java.util.concurrent.FutureTask.run(FutureTask.java:266)
	at java.util.concurrent.ThreadPoolExecutor.runWorker(ThreadPoolExecutor.java:1149)
	at java.util.concurrent.ThreadPoolExecutor$Worker.run(ThreadPoolExecutor.java:624)
	... 1 more
Caused by: org.apache.ratis.thirdparty.io.netty.channel.AbstractChannel$AnnotatedConnectException: Connection refused: /192.168.157.194:38252
	at sun.nio.ch.SocketChannelImpl.checkConnect(Native Method)
	at sun.nio.ch.SocketChannelImpl.finishConnect(SocketChannelImpl.java:717)
	at org.apache.ratis.thirdparty.io.netty.channel.socket.nio.NioSocketChannel.doFinishConnect(NioSocketChannel.java:327)
	at org.apache.ratis.thirdparty.io.netty.channel.nio.AbstractNioChannel$AbstractNioUnsafe.finishConnect(AbstractNioChannel.java:340)
	at org.apache.ratis.thirdparty.io.netty.channel.nio.NioEventLoop.processSelectedKey(NioEventLoop.java:632)
	at org.apache.ratis.thirdparty.io.netty.channel.nio.NioEventLoop.processSelectedKeysOptimized(NioEventLoop.java:579)
	at org.apache.ratis.thirdparty.io.netty.channel.nio.NioEventLoop.processSelectedKeys(NioEventLoop.java:496)
	at org.apache.ratis.thirdparty.io.netty.channel.nio.NioEventLoop.run(NioEventLoop.java:458)
	at org.apache.ratis.thirdparty.io.netty.util.concurrent.SingleThreadEventExecutor$5.run(SingleThreadEventExecutor.java:897)
	at org.apache.ratis.thirdparty.io.netty.util.concurrent.FastThreadLocalRunnable.run(FastThreadLocalRunnable.java:30)
	... 1 more
Caused by: java.net.ConnectException: Connection refused
	... 11 more
2019-11-04 16:47:41,253 [2911c1bb-ca7b-4253-a902-f80f167657b1@group-29467ABC0BF0-LeaderElection3594] INFO  impl.LeaderElection (LogUtils.java:infoOrTrace(149)) - 2911c1bb-ca7b-4253-a902-f80f167657b1@group-29467ABC0BF0-LeaderElection3594 got exception when requesting votes: {}
java.util.concurrent.ExecutionException: org.apache.ratis.thirdparty.io.grpc.StatusRuntimeException: UNAVAILABLE: io exception
	at java.util.concurrent.FutureTask.report(FutureTask.java:122)
	at java.util.concurrent.FutureTask.get(FutureTask.java:192)
	at org.apache.ratis.server.impl.LeaderElection.waitForResults(LeaderElection.java:259)
	at org.apache.ratis.server.impl.LeaderElection.askForVotes(LeaderElection.java:197)
	at org.apache.ratis.server.impl.LeaderElection.run(LeaderElection.java:133)
	at java.lang.Thread.run(Thread.java:748)
Caused by: org.apache.ratis.thirdparty.io.grpc.StatusRuntimeException: UNAVAILABLE: io exception
	at org.apache.ratis.thirdparty.io.grpc.stub.ClientCalls.toStatusRuntimeException(ClientCalls.java:233)
	at org.apache.ratis.thirdparty.io.grpc.stub.ClientCalls.getUnchecked(ClientCalls.java:214)
	at org.apache.ratis.thirdparty.io.grpc.stub.ClientCalls.blockingUnaryCall(ClientCalls.java:139)
	at org.apache.ratis.proto.grpc.RaftServerProtocolServiceGrpc$RaftServerProtocolServiceBlockingStub.requestVote(RaftServerProtocolServiceGrpc.java:265)
	at org.apache.ratis.grpc.server.GrpcServerProtocolClient.requestVote(GrpcServerProtocolClient.java:99)
	at org.apache.ratis.grpc.server.GrpcService.requestVote(GrpcService.java:204)
	at org.apache.ratis.server.impl.LeaderElection.lambda$submitRequests$1(LeaderElection.java:234)
	at java.util.concurrent.FutureTask.run(FutureTask.java:266)
	at java.util.concurrent.Executors$RunnableAdapter.call(Executors.java:511)
	at java.util.concurrent.FutureTask.run(FutureTask.java:266)
	at java.util.concurrent.ThreadPoolExecutor.runWorker(ThreadPoolExecutor.java:1149)
	at java.util.concurrent.ThreadPoolExecutor$Worker.run(ThreadPoolExecutor.java:624)
	... 1 more
Caused by: org.apache.ratis.thirdparty.io.netty.channel.AbstractChannel$AnnotatedConnectException: Connection refused: /192.168.157.194:35647
	at sun.nio.ch.SocketChannelImpl.checkConnect(Native Method)
	at sun.nio.ch.SocketChannelImpl.finishConnect(SocketChannelImpl.java:717)
	at org.apache.ratis.thirdparty.io.netty.channel.socket.nio.NioSocketChannel.doFinishConnect(NioSocketChannel.java:327)
	at org.apache.ratis.thirdparty.io.netty.channel.nio.AbstractNioChannel$AbstractNioUnsafe.finishConnect(AbstractNioChannel.java:340)
	at org.apache.ratis.thirdparty.io.netty.channel.nio.NioEventLoop.processSelectedKey(NioEventLoop.java:632)
	at org.apache.ratis.thirdparty.io.netty.channel.nio.NioEventLoop.processSelectedKeysOptimized(NioEventLoop.java:579)
	at org.apache.ratis.thirdparty.io.netty.channel.nio.NioEventLoop.processSelectedKeys(NioEventLoop.java:496)
	at org.apache.ratis.thirdparty.io.netty.channel.nio.NioEventLoop.run(NioEventLoop.java:458)
	at org.apache.ratis.thirdparty.io.netty.util.concurrent.SingleThreadEventExecutor$5.run(SingleThreadEventExecutor.java:897)
	at org.apache.ratis.thirdparty.io.netty.util.concurrent.FastThreadLocalRunnable.run(FastThreadLocalRunnable.java:30)
	... 1 more
Caused by: java.net.ConnectException: Connection refused
	... 11 more
2019-11-04 16:47:41,254 [2911c1bb-ca7b-4253-a902-f80f167657b1@group-29467ABC0BF0-LeaderElection3594] INFO  impl.LeaderElection (LeaderElection.java:logAndReturn(56)) - 2911c1bb-ca7b-4253-a902-f80f167657b1@group-29467ABC0BF0-LeaderElection3594: Election REJECTED; received 0 response(s) [] and 2 exception(s); 2911c1bb-ca7b-4253-a902-f80f167657b1@group-29467ABC0BF0:t83, leader=null, voted=2911c1bb-ca7b-4253-a902-f80f167657b1, raftlog=2911c1bb-ca7b-4253-a902-f80f167657b1@group-29467ABC0BF0-SegmentedRaftLog:OPENED:c2,f2,i2, conf=1: [2911c1bb-ca7b-4253-a902-f80f167657b1:192.168.157.194:45844, 7fc3dcce-a523-45fc-b6d6-b2bad08ce4da:192.168.157.194:35647, 18bcd373-7631-4e7c-b817-d7839f17bf5a:192.168.157.194:38252], old=null
2019-11-04 16:47:41,254 [2911c1bb-ca7b-4253-a902-f80f167657b1@group-29467ABC0BF0-LeaderElection3594] INFO  impl.LeaderElection (LogUtils.java:infoOrTrace(149)) -   Exception 0: {}
java.util.concurrent.ExecutionException: org.apache.ratis.thirdparty.io.grpc.StatusRuntimeException: UNAVAILABLE: io exception
	at java.util.concurrent.FutureTask.report(FutureTask.java:122)
	at java.util.concurrent.FutureTask.get(FutureTask.java:192)
	at org.apache.ratis.server.impl.LeaderElection.waitForResults(LeaderElection.java:259)
	at org.apache.ratis.server.impl.LeaderElection.askForVotes(LeaderElection.java:197)
	at org.apache.ratis.server.impl.LeaderElection.run(LeaderElection.java:133)
	at java.lang.Thread.run(Thread.java:748)
Caused by: org.apache.ratis.thirdparty.io.grpc.StatusRuntimeException: UNAVAILABLE: io exception
	at org.apache.ratis.thirdparty.io.grpc.stub.ClientCalls.toStatusRuntimeException(ClientCalls.java:233)
	at org.apache.ratis.thirdparty.io.grpc.stub.ClientCalls.getUnchecked(ClientCalls.java:214)
	at org.apache.ratis.thirdparty.io.grpc.stub.ClientCalls.blockingUnaryCall(ClientCalls.java:139)
	at org.apache.ratis.proto.grpc.RaftServerProtocolServiceGrpc$RaftServerProtocolServiceBlockingStub.requestVote(RaftServerProtocolServiceGrpc.java:265)
	at org.apache.ratis.grpc.server.GrpcServerProtocolClient.requestVote(GrpcServerProtocolClient.java:99)
	at org.apache.ratis.grpc.server.GrpcService.requestVote(GrpcService.java:204)
	at org.apache.ratis.server.impl.LeaderElection.lambda$submitRequests$1(LeaderElection.java:234)
	at java.util.concurrent.FutureTask.run(FutureTask.java:266)
	at java.util.concurrent.Executors$RunnableAdapter.call(Executors.java:511)
	at java.util.concurrent.FutureTask.run(FutureTask.java:266)
	at java.util.concurrent.ThreadPoolExecutor.runWorker(ThreadPoolExecutor.java:1149)
	at java.util.concurrent.ThreadPoolExecutor$Worker.run(ThreadPoolExecutor.java:624)
	... 1 more
Caused by: org.apache.ratis.thirdparty.io.netty.channel.AbstractChannel$AnnotatedConnectException: Connection refused: /192.168.157.194:38252
	at sun.nio.ch.SocketChannelImpl.checkConnect(Native Method)
	at sun.nio.ch.SocketChannelImpl.finishConnect(SocketChannelImpl.java:717)
	at org.apache.ratis.thirdparty.io.netty.channel.socket.nio.NioSocketChannel.doFinishConnect(NioSocketChannel.java:327)
	at org.apache.ratis.thirdparty.io.netty.channel.nio.AbstractNioChannel$AbstractNioUnsafe.finishConnect(AbstractNioChannel.java:340)
	at org.apache.ratis.thirdparty.io.netty.channel.nio.NioEventLoop.processSelectedKey(NioEventLoop.java:632)
	at org.apache.ratis.thirdparty.io.netty.channel.nio.NioEventLoop.processSelectedKeysOptimized(NioEventLoop.java:579)
	at org.apache.ratis.thirdparty.io.netty.channel.nio.NioEventLoop.processSelectedKeys(NioEventLoop.java:496)
	at org.apache.ratis.thirdparty.io.netty.channel.nio.NioEventLoop.run(NioEventLoop.java:458)
	at org.apache.ratis.thirdparty.io.netty.util.concurrent.SingleThreadEventExecutor$5.run(SingleThreadEventExecutor.java:897)
	at org.apache.ratis.thirdparty.io.netty.util.concurrent.FastThreadLocalRunnable.run(FastThreadLocalRunnable.java:30)
	... 1 more
Caused by: java.net.ConnectException: Connection refused
	... 11 more
2019-11-04 16:47:41,254 [2911c1bb-ca7b-4253-a902-f80f167657b1@group-29467ABC0BF0-LeaderElection3594] INFO  impl.LeaderElection (LogUtils.java:infoOrTrace(149)) -   Exception 1: {}
java.util.concurrent.ExecutionException: org.apache.ratis.thirdparty.io.grpc.StatusRuntimeException: UNAVAILABLE: io exception
	at java.util.concurrent.FutureTask.report(FutureTask.java:122)
	at java.util.concurrent.FutureTask.get(FutureTask.java:192)
	at org.apache.ratis.server.impl.LeaderElection.waitForResults(LeaderElection.java:259)
	at org.apache.ratis.server.impl.LeaderElection.askForVotes(LeaderElection.java:197)
	at org.apache.ratis.server.impl.LeaderElection.run(LeaderElection.java:133)
	at java.lang.Thread.run(Thread.java:748)
Caused by: org.apache.ratis.thirdparty.io.grpc.StatusRuntimeException: UNAVAILABLE: io exception
	at org.apache.ratis.thirdparty.io.grpc.stub.ClientCalls.toStatusRuntimeException(ClientCalls.java:233)
	at org.apache.ratis.thirdparty.io.grpc.stub.ClientCalls.getUnchecked(ClientCalls.java:214)
	at org.apache.ratis.thirdparty.io.grpc.stub.ClientCalls.blockingUnaryCall(ClientCalls.java:139)
	at org.apache.ratis.proto.grpc.RaftServerProtocolServiceGrpc$RaftServerProtocolServiceBlockingStub.requestVote(RaftServerProtocolServiceGrpc.java:265)
	at org.apache.ratis.grpc.server.GrpcServerProtocolClient.requestVote(GrpcServerProtocolClient.java:99)
	at org.apache.ratis.grpc.server.GrpcService.requestVote(GrpcService.java:204)
	at org.apache.ratis.server.impl.LeaderElection.lambda$submitRequests$1(LeaderElection.java:234)
	at java.util.concurrent.FutureTask.run(FutureTask.java:266)
	at java.util.concurrent.Executors$RunnableAdapter.call(Executors.java:511)
	at java.util.concurrent.FutureTask.run(FutureTask.java:266)
	at java.util.concurrent.ThreadPoolExecutor.runWorker(ThreadPoolExecutor.java:1149)
	at java.util.concurrent.ThreadPoolExecutor$Worker.run(ThreadPoolExecutor.java:624)
	... 1 more
Caused by: org.apache.ratis.thirdparty.io.netty.channel.AbstractChannel$AnnotatedConnectException: Connection refused: /192.168.157.194:35647
	at sun.nio.ch.SocketChannelImpl.checkConnect(Native Method)
	at sun.nio.ch.SocketChannelImpl.finishConnect(SocketChannelImpl.java:717)
	at org.apache.ratis.thirdparty.io.netty.channel.socket.nio.NioSocketChannel.doFinishConnect(NioSocketChannel.java:327)
	at org.apache.ratis.thirdparty.io.netty.channel.nio.AbstractNioChannel$AbstractNioUnsafe.finishConnect(AbstractNioChannel.java:340)
	at org.apache.ratis.thirdparty.io.netty.channel.nio.NioEventLoop.processSelectedKey(NioEventLoop.java:632)
	at org.apache.ratis.thirdparty.io.netty.channel.nio.NioEventLoop.processSelectedKeysOptimized(NioEventLoop.java:579)
	at org.apache.ratis.thirdparty.io.netty.channel.nio.NioEventLoop.processSelectedKeys(NioEventLoop.java:496)
	at org.apache.ratis.thirdparty.io.netty.channel.nio.NioEventLoop.run(NioEventLoop.java:458)
	at org.apache.ratis.thirdparty.io.netty.util.concurrent.SingleThreadEventExecutor$5.run(SingleThreadEventExecutor.java:897)
	at org.apache.ratis.thirdparty.io.netty.util.concurrent.FastThreadLocalRunnable.run(FastThreadLocalRunnable.java:30)
	... 1 more
Caused by: java.net.ConnectException: Connection refused
	... 11 more
2019-11-04 16:47:41,254 [2911c1bb-ca7b-4253-a902-f80f167657b1@group-29467ABC0BF0-LeaderElection3594] INFO  impl.RaftServerImpl (RaftServerImpl.java:setRole(184)) - 2911c1bb-ca7b-4253-a902-f80f167657b1@group-29467ABC0BF0: changes role from CANDIDATE to FOLLOWER at term 83 for DISCOVERED_A_NEW_TERM
2019-11-04 16:47:41,254 [2911c1bb-ca7b-4253-a902-f80f167657b1@group-29467ABC0BF0-LeaderElection3594] INFO  impl.RoleInfo (RoleInfo.java:shutdownLeaderElection(134)) - 2911c1bb-ca7b-4253-a902-f80f167657b1: shutdown LeaderElection
2019-11-04 16:47:41,254 [2911c1bb-ca7b-4253-a902-f80f167657b1@group-29467ABC0BF0-LeaderElection3594] INFO  impl.RoleInfo (RoleInfo.java:updateAndGet(143)) - 2911c1bb-ca7b-4253-a902-f80f167657b1: start FollowerState
2019-11-04 16:47:41,687 [java.util.concurrent.ThreadPoolExecutor$Worker@614043b6[State = -1, empty queue]] WARN  server.GrpcLogAppender (GrpcLogAppender.java:timeoutAppendRequest(209)) - 18bcd373-7631-4e7c-b817-d7839f17bf5a@group-29467ABC0BF0->7fc3dcce-a523-45fc-b6d6-b2bad08ce4da-GrpcLogAppender: appendEntries Timeout, request=18bcd373-7631-4e7c-b817-d7839f17bf5a->7fc3dcce-a523-45fc-b6d6-b2bad08ce4da#1-t82, previous=(t:2, i:0), leaderCommit=2, initializing? false, entries: <empty>
2019-11-04 16:47:42,273 [Thread-25781] INFO  impl.FollowerState (FollowerState.java:run(108)) - 2911c1bb-ca7b-4253-a902-f80f167657b1@group-29467ABC0BF0-FollowerState: change to CANDIDATE, lastRpcTime:1018ms, electionTimeout:1018ms
2019-11-04 16:47:42,273 [Thread-25781] INFO  impl.RoleInfo (RoleInfo.java:shutdownFollowerState(121)) - 2911c1bb-ca7b-4253-a902-f80f167657b1: shutdown FollowerState
2019-11-04 16:47:42,273 [Thread-25781] INFO  impl.RaftServerImpl (RaftServerImpl.java:setRole(184)) - 2911c1bb-ca7b-4253-a902-f80f167657b1@group-29467ABC0BF0: changes role from  FOLLOWER to CANDIDATE at term 83 for changeToCandidate
2019-11-04 16:47:42,273 [Thread-25781] INFO  impl.RoleInfo (RoleInfo.java:updateAndGet(143)) - 2911c1bb-ca7b-4253-a902-f80f167657b1: start LeaderElection
2019-11-04 16:47:42,287 [2911c1bb-ca7b-4253-a902-f80f167657b1@group-29467ABC0BF0-LeaderElection3595] INFO  impl.LeaderElection (LeaderElection.java:askForVotes(178)) - 2911c1bb-ca7b-4253-a902-f80f167657b1@group-29467ABC0BF0-LeaderElection3595: begin an election at term 84 for 1: [2911c1bb-ca7b-4253-a902-f80f167657b1:192.168.157.194:45844, 7fc3dcce-a523-45fc-b6d6-b2bad08ce4da:192.168.157.194:35647, 18bcd373-7631-4e7c-b817-d7839f17bf5a:192.168.157.194:38252], old=null
2019-11-04 16:47:42,288 [2911c1bb-ca7b-4253-a902-f80f167657b1@group-29467ABC0BF0-LeaderElection3595] INFO  impl.LeaderElection (LogUtils.java:infoOrTrace(149)) - 2911c1bb-ca7b-4253-a902-f80f167657b1@group-29467ABC0BF0-LeaderElection3595 got exception when requesting votes: {}
java.util.concurrent.ExecutionException: org.apache.ratis.thirdparty.io.grpc.StatusRuntimeException: UNAVAILABLE: io exception
	at java.util.concurrent.FutureTask.report(FutureTask.java:122)
	at java.util.concurrent.FutureTask.get(FutureTask.java:192)
	at org.apache.ratis.server.impl.LeaderElection.waitForResults(LeaderElection.java:259)
	at org.apache.ratis.server.impl.LeaderElection.askForVotes(LeaderElection.java:197)
	at org.apache.ratis.server.impl.LeaderElection.run(LeaderElection.java:133)
	at java.lang.Thread.run(Thread.java:748)
Caused by: org.apache.ratis.thirdparty.io.grpc.StatusRuntimeException: UNAVAILABLE: io exception
	at org.apache.ratis.thirdparty.io.grpc.stub.ClientCalls.toStatusRuntimeException(ClientCalls.java:233)
	at org.apache.ratis.thirdparty.io.grpc.stub.ClientCalls.getUnchecked(ClientCalls.java:214)
	at org.apache.ratis.thirdparty.io.grpc.stub.ClientCalls.blockingUnaryCall(ClientCalls.java:139)
	at org.apache.ratis.proto.grpc.RaftServerProtocolServiceGrpc$RaftServerProtocolServiceBlockingStub.requestVote(RaftServerProtocolServiceGrpc.java:265)
	at org.apache.ratis.grpc.server.GrpcServerProtocolClient.requestVote(GrpcServerProtocolClient.java:99)
	at org.apache.ratis.grpc.server.GrpcService.requestVote(GrpcService.java:204)
	at org.apache.ratis.server.impl.LeaderElection.lambda$submitRequests$1(LeaderElection.java:234)
	at java.util.concurrent.FutureTask.run(FutureTask.java:266)
	at java.util.concurrent.Executors$RunnableAdapter.call(Executors.java:511)
	at java.util.concurrent.FutureTask.run(FutureTask.java:266)
	at java.util.concurrent.ThreadPoolExecutor.runWorker(ThreadPoolExecutor.java:1149)
	at java.util.concurrent.ThreadPoolExecutor$Worker.run(ThreadPoolExecutor.java:624)
	... 1 more
Caused by: org.apache.ratis.thirdparty.io.netty.channel.AbstractChannel$AnnotatedConnectException: Connection refused: /192.168.157.194:35647
	at sun.nio.ch.SocketChannelImpl.checkConnect(Native Method)
	at sun.nio.ch.SocketChannelImpl.finishConnect(SocketChannelImpl.java:717)
	at org.apache.ratis.thirdparty.io.netty.channel.socket.nio.NioSocketChannel.doFinishConnect(NioSocketChannel.java:327)
	at org.apache.ratis.thirdparty.io.netty.channel.nio.AbstractNioChannel$AbstractNioUnsafe.finishConnect(AbstractNioChannel.java:340)
	at org.apache.ratis.thirdparty.io.netty.channel.nio.NioEventLoop.processSelectedKey(NioEventLoop.java:632)
	at org.apache.ratis.thirdparty.io.netty.channel.nio.NioEventLoop.processSelectedKeysOptimized(NioEventLoop.java:579)
	at org.apache.ratis.thirdparty.io.netty.channel.nio.NioEventLoop.processSelectedKeys(NioEventLoop.java:496)
	at org.apache.ratis.thirdparty.io.netty.channel.nio.NioEventLoop.run(NioEventLoop.java:458)
	at org.apache.ratis.thirdparty.io.netty.util.concurrent.SingleThreadEventExecutor$5.run(SingleThreadEventExecutor.java:897)
	at org.apache.ratis.thirdparty.io.netty.util.concurrent.FastThreadLocalRunnable.run(FastThreadLocalRunnable.java:30)
	... 1 more
Caused by: java.net.ConnectException: Connection refused
	... 11 more
2019-11-04 16:47:42,288 [2911c1bb-ca7b-4253-a902-f80f167657b1@group-29467ABC0BF0-LeaderElection3595] INFO  impl.LeaderElection (LogUtils.java:infoOrTrace(149)) - 2911c1bb-ca7b-4253-a902-f80f167657b1@group-29467ABC0BF0-LeaderElection3595 got exception when requesting votes: {}
java.util.concurrent.ExecutionException: org.apache.ratis.thirdparty.io.grpc.StatusRuntimeException: UNAVAILABLE: io exception
	at java.util.concurrent.FutureTask.report(FutureTask.java:122)
	at java.util.concurrent.FutureTask.get(FutureTask.java:192)
	at org.apache.ratis.server.impl.LeaderElection.waitForResults(LeaderElection.java:259)
	at org.apache.ratis.server.impl.LeaderElection.askForVotes(LeaderElection.java:197)
	at org.apache.ratis.server.impl.LeaderElection.run(LeaderElection.java:133)
	at java.lang.Thread.run(Thread.java:748)
Caused by: org.apache.ratis.thirdparty.io.grpc.StatusRuntimeException: UNAVAILABLE: io exception
	at org.apache.ratis.thirdparty.io.grpc.stub.ClientCalls.toStatusRuntimeException(ClientCalls.java:233)
	at org.apache.ratis.thirdparty.io.grpc.stub.ClientCalls.getUnchecked(ClientCalls.java:214)
	at org.apache.ratis.thirdparty.io.grpc.stub.ClientCalls.blockingUnaryCall(ClientCalls.java:139)
	at org.apache.ratis.proto.grpc.RaftServerProtocolServiceGrpc$RaftServerProtocolServiceBlockingStub.requestVote(RaftServerProtocolServiceGrpc.java:265)
	at org.apache.ratis.grpc.server.GrpcServerProtocolClient.requestVote(GrpcServerProtocolClient.java:99)
	at org.apache.ratis.grpc.server.GrpcService.requestVote(GrpcService.java:204)
	at org.apache.ratis.server.impl.LeaderElection.lambda$submitRequests$1(LeaderElection.java:234)
	at java.util.concurrent.FutureTask.run(FutureTask.java:266)
	at java.util.concurrent.Executors$RunnableAdapter.call(Executors.java:511)
	at java.util.concurrent.FutureTask.run(FutureTask.java:266)
	at java.util.concurrent.ThreadPoolExecutor.runWorker(ThreadPoolExecutor.java:1149)
	at java.util.concurrent.ThreadPoolExecutor$Worker.run(ThreadPoolExecutor.java:624)
	... 1 more
Caused by: org.apache.ratis.thirdparty.io.netty.channel.AbstractChannel$AnnotatedConnectException: Connection refused: /192.168.157.194:38252
	at sun.nio.ch.SocketChannelImpl.checkConnect(Native Method)
	at sun.nio.ch.SocketChannelImpl.finishConnect(SocketChannelImpl.java:717)
	at org.apache.ratis.thirdparty.io.netty.channel.socket.nio.NioSocketChannel.doFinishConnect(NioSocketChannel.java:327)
	at org.apache.ratis.thirdparty.io.netty.channel.nio.AbstractNioChannel$AbstractNioUnsafe.finishConnect(AbstractNioChannel.java:340)
	at org.apache.ratis.thirdparty.io.netty.channel.nio.NioEventLoop.processSelectedKey(NioEventLoop.java:632)
	at org.apache.ratis.thirdparty.io.netty.channel.nio.NioEventLoop.processSelectedKeysOptimized(NioEventLoop.java:579)
	at org.apache.ratis.thirdparty.io.netty.channel.nio.NioEventLoop.processSelectedKeys(NioEventLoop.java:496)
	at org.apache.ratis.thirdparty.io.netty.channel.nio.NioEventLoop.run(NioEventLoop.java:458)
	at org.apache.ratis.thirdparty.io.netty.util.concurrent.SingleThreadEventExecutor$5.run(SingleThreadEventExecutor.java:897)
	at org.apache.ratis.thirdparty.io.netty.util.concurrent.FastThreadLocalRunnable.run(FastThreadLocalRunnable.java:30)
	... 1 more
Caused by: java.net.ConnectException: Connection refused
	... 11 more
2019-11-04 16:47:42,289 [2911c1bb-ca7b-4253-a902-f80f167657b1@group-29467ABC0BF0-LeaderElection3595] INFO  impl.LeaderElection (LeaderElection.java:logAndReturn(56)) - 2911c1bb-ca7b-4253-a902-f80f167657b1@group-29467ABC0BF0-LeaderElection3595: Election REJECTED; received 0 response(s) [] and 2 exception(s); 2911c1bb-ca7b-4253-a902-f80f167657b1@group-29467ABC0BF0:t84, leader=null, voted=2911c1bb-ca7b-4253-a902-f80f167657b1, raftlog=2911c1bb-ca7b-4253-a902-f80f167657b1@group-29467ABC0BF0-SegmentedRaftLog:OPENED:c2,f2,i2, conf=1: [2911c1bb-ca7b-4253-a902-f80f167657b1:192.168.157.194:45844, 7fc3dcce-a523-45fc-b6d6-b2bad08ce4da:192.168.157.194:35647, 18bcd373-7631-4e7c-b817-d7839f17bf5a:192.168.157.194:38252], old=null
2019-11-04 16:47:42,289 [2911c1bb-ca7b-4253-a902-f80f167657b1@group-29467ABC0BF0-LeaderElection3595] INFO  impl.LeaderElection (LogUtils.java:infoOrTrace(149)) -   Exception 0: {}
java.util.concurrent.ExecutionException: org.apache.ratis.thirdparty.io.grpc.StatusRuntimeException: UNAVAILABLE: io exception
	at java.util.concurrent.FutureTask.report(FutureTask.java:122)
	at java.util.concurrent.FutureTask.get(FutureTask.java:192)
	at org.apache.ratis.server.impl.LeaderElection.waitForResults(LeaderElection.java:259)
	at org.apache.ratis.server.impl.LeaderElection.askForVotes(LeaderElection.java:197)
	at org.apache.ratis.server.impl.LeaderElection.run(LeaderElection.java:133)
	at java.lang.Thread.run(Thread.java:748)
Caused by: org.apache.ratis.thirdparty.io.grpc.StatusRuntimeException: UNAVAILABLE: io exception
	at org.apache.ratis.thirdparty.io.grpc.stub.ClientCalls.toStatusRuntimeException(ClientCalls.java:233)
	at org.apache.ratis.thirdparty.io.grpc.stub.ClientCalls.getUnchecked(ClientCalls.java:214)
	at org.apache.ratis.thirdparty.io.grpc.stub.ClientCalls.blockingUnaryCall(ClientCalls.java:139)
	at org.apache.ratis.proto.grpc.RaftServerProtocolServiceGrpc$RaftServerProtocolServiceBlockingStub.requestVote(RaftServerProtocolServiceGrpc.java:265)
	at org.apache.ratis.grpc.server.GrpcServerProtocolClient.requestVote(GrpcServerProtocolClient.java:99)
	at org.apache.ratis.grpc.server.GrpcService.requestVote(GrpcService.java:204)
	at org.apache.ratis.server.impl.LeaderElection.lambda$submitRequests$1(LeaderElection.java:234)
	at java.util.concurrent.FutureTask.run(FutureTask.java:266)
	at java.util.concurrent.Executors$RunnableAdapter.call(Executors.java:511)
	at java.util.concurrent.FutureTask.run(FutureTask.java:266)
	at java.util.concurrent.ThreadPoolExecutor.runWorker(ThreadPoolExecutor.java:1149)
	at java.util.concurrent.ThreadPoolExecutor$Worker.run(ThreadPoolExecutor.java:624)
	... 1 more
Caused by: org.apache.ratis.thirdparty.io.netty.channel.AbstractChannel$AnnotatedConnectException: Connection refused: /192.168.157.194:35647
	at sun.nio.ch.SocketChannelImpl.checkConnect(Native Method)
	at sun.nio.ch.SocketChannelImpl.finishConnect(SocketChannelImpl.java:717)
	at org.apache.ratis.thirdparty.io.netty.channel.socket.nio.NioSocketChannel.doFinishConnect(NioSocketChannel.java:327)
	at org.apache.ratis.thirdparty.io.netty.channel.nio.AbstractNioChannel$AbstractNioUnsafe.finishConnect(AbstractNioChannel.java:340)
	at org.apache.ratis.thirdparty.io.netty.channel.nio.NioEventLoop.processSelectedKey(NioEventLoop.java:632)
	at org.apache.ratis.thirdparty.io.netty.channel.nio.NioEventLoop.processSelectedKeysOptimized(NioEventLoop.java:579)
	at org.apache.ratis.thirdparty.io.netty.channel.nio.NioEventLoop.processSelectedKeys(NioEventLoop.java:496)
	at org.apache.ratis.thirdparty.io.netty.channel.nio.NioEventLoop.run(NioEventLoop.java:458)
	at org.apache.ratis.thirdparty.io.netty.util.concurrent.SingleThreadEventExecutor$5.run(SingleThreadEventExecutor.java:897)
	at org.apache.ratis.thirdparty.io.netty.util.concurrent.FastThreadLocalRunnable.run(FastThreadLocalRunnable.java:30)
	... 1 more
Caused by: java.net.ConnectException: Connection refused
	... 11 more
2019-11-04 16:47:42,289 [2911c1bb-ca7b-4253-a902-f80f167657b1@group-29467ABC0BF0-LeaderElection3595] INFO  impl.LeaderElection (LogUtils.java:infoOrTrace(149)) -   Exception 1: {}
java.util.concurrent.ExecutionException: org.apache.ratis.thirdparty.io.grpc.StatusRuntimeException: UNAVAILABLE: io exception
	at java.util.concurrent.FutureTask.report(FutureTask.java:122)
	at java.util.concurrent.FutureTask.get(FutureTask.java:192)
	at org.apache.ratis.server.impl.LeaderElection.waitForResults(LeaderElection.java:259)
	at org.apache.ratis.server.impl.LeaderElection.askForVotes(LeaderElection.java:197)
	at org.apache.ratis.server.impl.LeaderElection.run(LeaderElection.java:133)
	at java.lang.Thread.run(Thread.java:748)
Caused by: org.apache.ratis.thirdparty.io.grpc.StatusRuntimeException: UNAVAILABLE: io exception
	at org.apache.ratis.thirdparty.io.grpc.stub.ClientCalls.toStatusRuntimeException(ClientCalls.java:233)
	at org.apache.ratis.thirdparty.io.grpc.stub.ClientCalls.getUnchecked(ClientCalls.java:214)
	at org.apache.ratis.thirdparty.io.grpc.stub.ClientCalls.blockingUnaryCall(ClientCalls.java:139)
	at org.apache.ratis.proto.grpc.RaftServerProtocolServiceGrpc$RaftServerProtocolServiceBlockingStub.requestVote(RaftServerProtocolServiceGrpc.java:265)
	at org.apache.ratis.grpc.server.GrpcServerProtocolClient.requestVote(GrpcServerProtocolClient.java:99)
	at org.apache.ratis.grpc.server.GrpcService.requestVote(GrpcService.java:204)
	at org.apache.ratis.server.impl.LeaderElection.lambda$submitRequests$1(LeaderElection.java:234)
	at java.util.concurrent.FutureTask.run(FutureTask.java:266)
	at java.util.concurrent.Executors$RunnableAdapter.call(Executors.java:511)
	at java.util.concurrent.FutureTask.run(FutureTask.java:266)
	at java.util.concurrent.ThreadPoolExecutor.runWorker(ThreadPoolExecutor.java:1149)
	at java.util.concurrent.ThreadPoolExecutor$Worker.run(ThreadPoolExecutor.java:624)
	... 1 more
Caused by: org.apache.ratis.thirdparty.io.netty.channel.AbstractChannel$AnnotatedConnectException: Connection refused: /192.168.157.194:38252
	at sun.nio.ch.SocketChannelImpl.checkConnect(Native Method)
	at sun.nio.ch.SocketChannelImpl.finishConnect(SocketChannelImpl.java:717)
	at org.apache.ratis.thirdparty.io.netty.channel.socket.nio.NioSocketChannel.doFinishConnect(NioSocketChannel.java:327)
	at org.apache.ratis.thirdparty.io.netty.channel.nio.AbstractNioChannel$AbstractNioUnsafe.finishConnect(AbstractNioChannel.java:340)
	at org.apache.ratis.thirdparty.io.netty.channel.nio.NioEventLoop.processSelectedKey(NioEventLoop.java:632)
	at org.apache.ratis.thirdparty.io.netty.channel.nio.NioEventLoop.processSelectedKeysOptimized(NioEventLoop.java:579)
	at org.apache.ratis.thirdparty.io.netty.channel.nio.NioEventLoop.processSelectedKeys(NioEventLoop.java:496)
	at org.apache.ratis.thirdparty.io.netty.channel.nio.NioEventLoop.run(NioEventLoop.java:458)
	at org.apache.ratis.thirdparty.io.netty.util.concurrent.SingleThreadEventExecutor$5.run(SingleThreadEventExecutor.java:897)
	at org.apache.ratis.thirdparty.io.netty.util.concurrent.FastThreadLocalRunnable.run(FastThreadLocalRunnable.java:30)
	... 1 more
Caused by: java.net.ConnectException: Connection refused
	... 11 more
2019-11-04 16:47:42,289 [2911c1bb-ca7b-4253-a902-f80f167657b1@group-29467ABC0BF0-LeaderElection3595] INFO  impl.RaftServerImpl (RaftServerImpl.java:setRole(184)) - 2911c1bb-ca7b-4253-a902-f80f167657b1@group-29467ABC0BF0: changes role from CANDIDATE to FOLLOWER at term 84 for DISCOVERED_A_NEW_TERM
2019-11-04 16:47:42,290 [2911c1bb-ca7b-4253-a902-f80f167657b1@group-29467ABC0BF0-LeaderElection3595] INFO  impl.RoleInfo (RoleInfo.java:shutdownLeaderElection(134)) - 2911c1bb-ca7b-4253-a902-f80f167657b1: shutdown LeaderElection
2019-11-04 16:47:42,290 [2911c1bb-ca7b-4253-a902-f80f167657b1@group-29467ABC0BF0-LeaderElection3595] INFO  impl.RoleInfo (RoleInfo.java:updateAndGet(143)) - 2911c1bb-ca7b-4253-a902-f80f167657b1: start FollowerState
2019-11-04 16:47:43,407 [Thread-25794] INFO  impl.FollowerState (FollowerState.java:run(108)) - 2911c1bb-ca7b-4253-a902-f80f167657b1@group-29467ABC0BF0-FollowerState: change to CANDIDATE, lastRpcTime:1117ms, electionTimeout:1117ms
2019-11-04 16:47:43,407 [Thread-25794] INFO  impl.RoleInfo (RoleInfo.java:shutdownFollowerState(121)) - 2911c1bb-ca7b-4253-a902-f80f167657b1: shutdown FollowerState
2019-11-04 16:47:43,408 [Thread-25794] INFO  impl.RaftServerImpl (RaftServerImpl.java:setRole(184)) - 2911c1bb-ca7b-4253-a902-f80f167657b1@group-29467ABC0BF0: changes role from  FOLLOWER to CANDIDATE at term 84 for changeToCandidate
2019-11-04 16:47:43,408 [Thread-25794] INFO  impl.RoleInfo (RoleInfo.java:updateAndGet(143)) - 2911c1bb-ca7b-4253-a902-f80f167657b1: start LeaderElection
2019-11-04 16:47:43,422 [2911c1bb-ca7b-4253-a902-f80f167657b1@group-29467ABC0BF0-LeaderElection3596] INFO  impl.LeaderElection (LeaderElection.java:askForVotes(178)) - 2911c1bb-ca7b-4253-a902-f80f167657b1@group-29467ABC0BF0-LeaderElection3596: begin an election at term 85 for 1: [2911c1bb-ca7b-4253-a902-f80f167657b1:192.168.157.194:45844, 7fc3dcce-a523-45fc-b6d6-b2bad08ce4da:192.168.157.194:35647, 18bcd373-7631-4e7c-b817-d7839f17bf5a:192.168.157.194:38252], old=null
2019-11-04 16:47:43,423 [2911c1bb-ca7b-4253-a902-f80f167657b1@group-29467ABC0BF0-LeaderElection3596] INFO  impl.LeaderElection (LogUtils.java:infoOrTrace(149)) - 2911c1bb-ca7b-4253-a902-f80f167657b1@group-29467ABC0BF0-LeaderElection3596 got exception when requesting votes: {}
java.util.concurrent.ExecutionException: org.apache.ratis.thirdparty.io.grpc.StatusRuntimeException: UNAVAILABLE: io exception
	at java.util.concurrent.FutureTask.report(FutureTask.java:122)
	at java.util.concurrent.FutureTask.get(FutureTask.java:192)
	at org.apache.ratis.server.impl.LeaderElection.waitForResults(LeaderElection.java:259)
	at org.apache.ratis.server.impl.LeaderElection.askForVotes(LeaderElection.java:197)
	at org.apache.ratis.server.impl.LeaderElection.run(LeaderElection.java:133)
	at java.lang.Thread.run(Thread.java:748)
Caused by: org.apache.ratis.thirdparty.io.grpc.StatusRuntimeException: UNAVAILABLE: io exception
	at org.apache.ratis.thirdparty.io.grpc.stub.ClientCalls.toStatusRuntimeException(ClientCalls.java:233)
	at org.apache.ratis.thirdparty.io.grpc.stub.ClientCalls.getUnchecked(ClientCalls.java:214)
	at org.apache.ratis.thirdparty.io.grpc.stub.ClientCalls.blockingUnaryCall(ClientCalls.java:139)
	at org.apache.ratis.proto.grpc.RaftServerProtocolServiceGrpc$RaftServerProtocolServiceBlockingStub.requestVote(RaftServerProtocolServiceGrpc.java:265)
	at org.apache.ratis.grpc.server.GrpcServerProtocolClient.requestVote(GrpcServerProtocolClient.java:99)
	at org.apache.ratis.grpc.server.GrpcService.requestVote(GrpcService.java:204)
	at org.apache.ratis.server.impl.LeaderElection.lambda$submitRequests$1(LeaderElection.java:234)
	at java.util.concurrent.FutureTask.run(FutureTask.java:266)
	at java.util.concurrent.Executors$RunnableAdapter.call(Executors.java:511)
	at java.util.concurrent.FutureTask.run(FutureTask.java:266)
	at java.util.concurrent.ThreadPoolExecutor.runWorker(ThreadPoolExecutor.java:1149)
	at java.util.concurrent.ThreadPoolExecutor$Worker.run(ThreadPoolExecutor.java:624)
	... 1 more
Caused by: org.apache.ratis.thirdparty.io.netty.channel.AbstractChannel$AnnotatedConnectException: Connection refused: /192.168.157.194:35647
	at sun.nio.ch.SocketChannelImpl.checkConnect(Native Method)
	at sun.nio.ch.SocketChannelImpl.finishConnect(SocketChannelImpl.java:717)
	at org.apache.ratis.thirdparty.io.netty.channel.socket.nio.NioSocketChannel.doFinishConnect(NioSocketChannel.java:327)
	at org.apache.ratis.thirdparty.io.netty.channel.nio.AbstractNioChannel$AbstractNioUnsafe.finishConnect(AbstractNioChannel.java:340)
	at org.apache.ratis.thirdparty.io.netty.channel.nio.NioEventLoop.processSelectedKey(NioEventLoop.java:632)
	at org.apache.ratis.thirdparty.io.netty.channel.nio.NioEventLoop.processSelectedKeysOptimized(NioEventLoop.java:579)
	at org.apache.ratis.thirdparty.io.netty.channel.nio.NioEventLoop.processSelectedKeys(NioEventLoop.java:496)
	at org.apache.ratis.thirdparty.io.netty.channel.nio.NioEventLoop.run(NioEventLoop.java:458)
	at org.apache.ratis.thirdparty.io.netty.util.concurrent.SingleThreadEventExecutor$5.run(SingleThreadEventExecutor.java:897)
	at org.apache.ratis.thirdparty.io.netty.util.concurrent.FastThreadLocalRunnable.run(FastThreadLocalRunnable.java:30)
	... 1 more
Caused by: java.net.ConnectException: Connection refused
	... 11 more
2019-11-04 16:47:43,423 [2911c1bb-ca7b-4253-a902-f80f167657b1@group-29467ABC0BF0-LeaderElection3596] INFO  impl.LeaderElection (LogUtils.java:infoOrTrace(149)) - 2911c1bb-ca7b-4253-a902-f80f167657b1@group-29467ABC0BF0-LeaderElection3596 got exception when requesting votes: {}
java.util.concurrent.ExecutionException: org.apache.ratis.thirdparty.io.grpc.StatusRuntimeException: UNAVAILABLE: io exception
	at java.util.concurrent.FutureTask.report(FutureTask.java:122)
	at java.util.concurrent.FutureTask.get(FutureTask.java:192)
	at org.apache.ratis.server.impl.LeaderElection.waitForResults(LeaderElection.java:259)
	at org.apache.ratis.server.impl.LeaderElection.askForVotes(LeaderElection.java:197)
	at org.apache.ratis.server.impl.LeaderElection.run(LeaderElection.java:133)
	at java.lang.Thread.run(Thread.java:748)
Caused by: org.apache.ratis.thirdparty.io.grpc.StatusRuntimeException: UNAVAILABLE: io exception
	at org.apache.ratis.thirdparty.io.grpc.stub.ClientCalls.toStatusRuntimeException(ClientCalls.java:233)
	at org.apache.ratis.thirdparty.io.grpc.stub.ClientCalls.getUnchecked(ClientCalls.java:214)
	at org.apache.ratis.thirdparty.io.grpc.stub.ClientCalls.blockingUnaryCall(ClientCalls.java:139)
	at org.apache.ratis.proto.grpc.RaftServerProtocolServiceGrpc$RaftServerProtocolServiceBlockingStub.requestVote(RaftServerProtocolServiceGrpc.java:265)
	at org.apache.ratis.grpc.server.GrpcServerProtocolClient.requestVote(GrpcServerProtocolClient.java:99)
	at org.apache.ratis.grpc.server.GrpcService.requestVote(GrpcService.java:204)
	at org.apache.ratis.server.impl.LeaderElection.lambda$submitRequests$1(LeaderElection.java:234)
	at java.util.concurrent.FutureTask.run(FutureTask.java:266)
	at java.util.concurrent.Executors$RunnableAdapter.call(Executors.java:511)
	at java.util.concurrent.FutureTask.run(FutureTask.java:266)
	at java.util.concurrent.ThreadPoolExecutor.runWorker(ThreadPoolExecutor.java:1149)
	at java.util.concurrent.ThreadPoolExecutor$Worker.run(ThreadPoolExecutor.java:624)
	... 1 more
Caused by: org.apache.ratis.thirdparty.io.netty.channel.AbstractChannel$AnnotatedConnectException: Connection refused: /192.168.157.194:38252
	at sun.nio.ch.SocketChannelImpl.checkConnect(Native Method)
	at sun.nio.ch.SocketChannelImpl.finishConnect(SocketChannelImpl.java:717)
	at org.apache.ratis.thirdparty.io.netty.channel.socket.nio.NioSocketChannel.doFinishConnect(NioSocketChannel.java:327)
	at org.apache.ratis.thirdparty.io.netty.channel.nio.AbstractNioChannel$AbstractNioUnsafe.finishConnect(AbstractNioChannel.java:340)
	at org.apache.ratis.thirdparty.io.netty.channel.nio.NioEventLoop.processSelectedKey(NioEventLoop.java:632)
	at org.apache.ratis.thirdparty.io.netty.channel.nio.NioEventLoop.processSelectedKeysOptimized(NioEventLoop.java:579)
	at org.apache.ratis.thirdparty.io.netty.channel.nio.NioEventLoop.processSelectedKeys(NioEventLoop.java:496)
	at org.apache.ratis.thirdparty.io.netty.channel.nio.NioEventLoop.run(NioEventLoop.java:458)
	at org.apache.ratis.thirdparty.io.netty.util.concurrent.SingleThreadEventExecutor$5.run(SingleThreadEventExecutor.java:897)
	at org.apache.ratis.thirdparty.io.netty.util.concurrent.FastThreadLocalRunnable.run(FastThreadLocalRunnable.java:30)
	... 1 more
Caused by: java.net.ConnectException: Connection refused
	... 11 more
2019-11-04 16:47:43,424 [2911c1bb-ca7b-4253-a902-f80f167657b1@group-29467ABC0BF0-LeaderElection3596] INFO  impl.LeaderElection (LeaderElection.java:logAndReturn(56)) - 2911c1bb-ca7b-4253-a902-f80f167657b1@group-29467ABC0BF0-LeaderElection3596: Election REJECTED; received 0 response(s) [] and 2 exception(s); 2911c1bb-ca7b-4253-a902-f80f167657b1@group-29467ABC0BF0:t85, leader=null, voted=2911c1bb-ca7b-4253-a902-f80f167657b1, raftlog=2911c1bb-ca7b-4253-a902-f80f167657b1@group-29467ABC0BF0-SegmentedRaftLog:OPENED:c2,f2,i2, conf=1: [2911c1bb-ca7b-4253-a902-f80f167657b1:192.168.157.194:45844, 7fc3dcce-a523-45fc-b6d6-b2bad08ce4da:192.168.157.194:35647, 18bcd373-7631-4e7c-b817-d7839f17bf5a:192.168.157.194:38252], old=null
2019-11-04 16:47:43,424 [2911c1bb-ca7b-4253-a902-f80f167657b1@group-29467ABC0BF0-LeaderElection3596] INFO  impl.LeaderElection (LogUtils.java:infoOrTrace(149)) -   Exception 0: {}
java.util.concurrent.ExecutionException: org.apache.ratis.thirdparty.io.grpc.StatusRuntimeException: UNAVAILABLE: io exception
	at java.util.concurrent.FutureTask.report(FutureTask.java:122)
	at java.util.concurrent.FutureTask.get(FutureTask.java:192)
	at org.apache.ratis.server.impl.LeaderElection.waitForResults(LeaderElection.java:259)
	at org.apache.ratis.server.impl.LeaderElection.askForVotes(LeaderElection.java:197)
	at org.apache.ratis.server.impl.LeaderElection.run(LeaderElection.java:133)
	at java.lang.Thread.run(Thread.java:748)
Caused by: org.apache.ratis.thirdparty.io.grpc.StatusRuntimeException: UNAVAILABLE: io exception
	at org.apache.ratis.thirdparty.io.grpc.stub.ClientCalls.toStatusRuntimeException(ClientCalls.java:233)
	at org.apache.ratis.thirdparty.io.grpc.stub.ClientCalls.getUnchecked(ClientCalls.java:214)
	at org.apache.ratis.thirdparty.io.grpc.stub.ClientCalls.blockingUnaryCall(ClientCalls.java:139)
	at org.apache.ratis.proto.grpc.RaftServerProtocolServiceGrpc$RaftServerProtocolServiceBlockingStub.requestVote(RaftServerProtocolServiceGrpc.java:265)
	at org.apache.ratis.grpc.server.GrpcServerProtocolClient.requestVote(GrpcServerProtocolClient.java:99)
	at org.apache.ratis.grpc.server.GrpcService.requestVote(GrpcService.java:204)
	at org.apache.ratis.server.impl.LeaderElection.lambda$submitRequests$1(LeaderElection.java:234)
	at java.util.concurrent.FutureTask.run(FutureTask.java:266)
	at java.util.concurrent.Executors$RunnableAdapter.call(Executors.java:511)
	at java.util.concurrent.FutureTask.run(FutureTask.java:266)
	at java.util.concurrent.ThreadPoolExecutor.runWorker(ThreadPoolExecutor.java:1149)
	at java.util.concurrent.ThreadPoolExecutor$Worker.run(ThreadPoolExecutor.java:624)
	... 1 more
Caused by: org.apache.ratis.thirdparty.io.netty.channel.AbstractChannel$AnnotatedConnectException: Connection refused: /192.168.157.194:35647
	at sun.nio.ch.SocketChannelImpl.checkConnect(Native Method)
	at sun.nio.ch.SocketChannelImpl.finishConnect(SocketChannelImpl.java:717)
	at org.apache.ratis.thirdparty.io.netty.channel.socket.nio.NioSocketChannel.doFinishConnect(NioSocketChannel.java:327)
	at org.apache.ratis.thirdparty.io.netty.channel.nio.AbstractNioChannel$AbstractNioUnsafe.finishConnect(AbstractNioChannel.java:340)
	at org.apache.ratis.thirdparty.io.netty.channel.nio.NioEventLoop.processSelectedKey(NioEventLoop.java:632)
	at org.apache.ratis.thirdparty.io.netty.channel.nio.NioEventLoop.processSelectedKeysOptimized(NioEventLoop.java:579)
	at org.apache.ratis.thirdparty.io.netty.channel.nio.NioEventLoop.processSelectedKeys(NioEventLoop.java:496)
	at org.apache.ratis.thirdparty.io.netty.channel.nio.NioEventLoop.run(NioEventLoop.java:458)
	at org.apache.ratis.thirdparty.io.netty.util.concurrent.SingleThreadEventExecutor$5.run(SingleThreadEventExecutor.java:897)
	at org.apache.ratis.thirdparty.io.netty.util.concurrent.FastThreadLocalRunnable.run(FastThreadLocalRunnable.java:30)
	... 1 more
Caused by: java.net.ConnectException: Connection refused
	... 11 more
2019-11-04 16:47:43,424 [2911c1bb-ca7b-4253-a902-f80f167657b1@group-29467ABC0BF0-LeaderElection3596] INFO  impl.LeaderElection (LogUtils.java:infoOrTrace(149)) -   Exception 1: {}
java.util.concurrent.ExecutionException: org.apache.ratis.thirdparty.io.grpc.StatusRuntimeException: UNAVAILABLE: io exception
	at java.util.concurrent.FutureTask.report(FutureTask.java:122)
	at java.util.concurrent.FutureTask.get(FutureTask.java:192)
	at org.apache.ratis.server.impl.LeaderElection.waitForResults(LeaderElection.java:259)
	at org.apache.ratis.server.impl.LeaderElection.askForVotes(LeaderElection.java:197)
	at org.apache.ratis.server.impl.LeaderElection.run(LeaderElection.java:133)
	at java.lang.Thread.run(Thread.java:748)
Caused by: org.apache.ratis.thirdparty.io.grpc.StatusRuntimeException: UNAVAILABLE: io exception
	at org.apache.ratis.thirdparty.io.grpc.stub.ClientCalls.toStatusRuntimeException(ClientCalls.java:233)
	at org.apache.ratis.thirdparty.io.grpc.stub.ClientCalls.getUnchecked(ClientCalls.java:214)
	at org.apache.ratis.thirdparty.io.grpc.stub.ClientCalls.blockingUnaryCall(ClientCalls.java:139)
	at org.apache.ratis.proto.grpc.RaftServerProtocolServiceGrpc$RaftServerProtocolServiceBlockingStub.requestVote(RaftServerProtocolServiceGrpc.java:265)
	at org.apache.ratis.grpc.server.GrpcServerProtocolClient.requestVote(GrpcServerProtocolClient.java:99)
	at org.apache.ratis.grpc.server.GrpcService.requestVote(GrpcService.java:204)
	at org.apache.ratis.server.impl.LeaderElection.lambda$submitRequests$1(LeaderElection.java:234)
	at java.util.concurrent.FutureTask.run(FutureTask.java:266)
	at java.util.concurrent.Executors$RunnableAdapter.call(Executors.java:511)
	at java.util.concurrent.FutureTask.run(FutureTask.java:266)
	at java.util.concurrent.ThreadPoolExecutor.runWorker(ThreadPoolExecutor.java:1149)
	at java.util.concurrent.ThreadPoolExecutor$Worker.run(ThreadPoolExecutor.java:624)
	... 1 more
Caused by: org.apache.ratis.thirdparty.io.netty.channel.AbstractChannel$AnnotatedConnectException: Connection refused: /192.168.157.194:38252
	at sun.nio.ch.SocketChannelImpl.checkConnect(Native Method)
	at sun.nio.ch.SocketChannelImpl.finishConnect(SocketChannelImpl.java:717)
	at org.apache.ratis.thirdparty.io.netty.channel.socket.nio.NioSocketChannel.doFinishConnect(NioSocketChannel.java:327)
	at org.apache.ratis.thirdparty.io.netty.channel.nio.AbstractNioChannel$AbstractNioUnsafe.finishConnect(AbstractNioChannel.java:340)
	at org.apache.ratis.thirdparty.io.netty.channel.nio.NioEventLoop.processSelectedKey(NioEventLoop.java:632)
	at org.apache.ratis.thirdparty.io.netty.channel.nio.NioEventLoop.processSelectedKeysOptimized(NioEventLoop.java:579)
	at org.apache.ratis.thirdparty.io.netty.channel.nio.NioEventLoop.processSelectedKeys(NioEventLoop.java:496)
	at org.apache.ratis.thirdparty.io.netty.channel.nio.NioEventLoop.run(NioEventLoop.java:458)
	at org.apache.ratis.thirdparty.io.netty.util.concurrent.SingleThreadEventExecutor$5.run(SingleThreadEventExecutor.java:897)
	at org.apache.ratis.thirdparty.io.netty.util.concurrent.FastThreadLocalRunnable.run(FastThreadLocalRunnable.java:30)
	... 1 more
Caused by: java.net.ConnectException: Connection refused
	... 11 more
2019-11-04 16:47:43,424 [2911c1bb-ca7b-4253-a902-f80f167657b1@group-29467ABC0BF0-LeaderElection3596] INFO  impl.RaftServerImpl (RaftServerImpl.java:setRole(184)) - 2911c1bb-ca7b-4253-a902-f80f167657b1@group-29467ABC0BF0: changes role from CANDIDATE to FOLLOWER at term 85 for DISCOVERED_A_NEW_TERM
2019-11-04 16:47:43,424 [2911c1bb-ca7b-4253-a902-f80f167657b1@group-29467ABC0BF0-LeaderElection3596] INFO  impl.RoleInfo (RoleInfo.java:shutdownLeaderElection(134)) - 2911c1bb-ca7b-4253-a902-f80f167657b1: shutdown LeaderElection
2019-11-04 16:47:43,425 [2911c1bb-ca7b-4253-a902-f80f167657b1@group-29467ABC0BF0-LeaderElection3596] INFO  impl.RoleInfo (RoleInfo.java:updateAndGet(143)) - 2911c1bb-ca7b-4253-a902-f80f167657b1: start FollowerState
2019-11-04 16:47:44,535 [Thread-25807] INFO  impl.FollowerState (FollowerState.java:run(108)) - 2911c1bb-ca7b-4253-a902-f80f167657b1@group-29467ABC0BF0-FollowerState: change to CANDIDATE, lastRpcTime:1110ms, electionTimeout:1110ms
2019-11-04 16:47:44,535 [Thread-25807] INFO  impl.RoleInfo (RoleInfo.java:shutdownFollowerState(121)) - 2911c1bb-ca7b-4253-a902-f80f167657b1: shutdown FollowerState
2019-11-04 16:47:44,535 [Thread-25807] INFO  impl.RaftServerImpl (RaftServerImpl.java:setRole(184)) - 2911c1bb-ca7b-4253-a902-f80f167657b1@group-29467ABC0BF0: changes role from  FOLLOWER to CANDIDATE at term 85 for changeToCandidate
2019-11-04 16:47:44,535 [Thread-25807] INFO  impl.RoleInfo (RoleInfo.java:updateAndGet(143)) - 2911c1bb-ca7b-4253-a902-f80f167657b1: start LeaderElection
2019-11-04 16:47:44,549 [2911c1bb-ca7b-4253-a902-f80f167657b1@group-29467ABC0BF0-LeaderElection3597] INFO  impl.LeaderElection (LeaderElection.java:askForVotes(178)) - 2911c1bb-ca7b-4253-a902-f80f167657b1@group-29467ABC0BF0-LeaderElection3597: begin an election at term 86 for 1: [2911c1bb-ca7b-4253-a902-f80f167657b1:192.168.157.194:45844, 7fc3dcce-a523-45fc-b6d6-b2bad08ce4da:192.168.157.194:35647, 18bcd373-7631-4e7c-b817-d7839f17bf5a:192.168.157.194:38252], old=null
2019-11-04 16:47:44,550 [2911c1bb-ca7b-4253-a902-f80f167657b1@group-29467ABC0BF0-LeaderElection3597] INFO  impl.LeaderElection (LogUtils.java:infoOrTrace(149)) - 2911c1bb-ca7b-4253-a902-f80f167657b1@group-29467ABC0BF0-LeaderElection3597 got exception when requesting votes: {}
java.util.concurrent.ExecutionException: org.apache.ratis.thirdparty.io.grpc.StatusRuntimeException: UNAVAILABLE: io exception
	at java.util.concurrent.FutureTask.report(FutureTask.java:122)
	at java.util.concurrent.FutureTask.get(FutureTask.java:192)
	at org.apache.ratis.server.impl.LeaderElection.waitForResults(LeaderElection.java:259)
	at org.apache.ratis.server.impl.LeaderElection.askForVotes(LeaderElection.java:197)
	at org.apache.ratis.server.impl.LeaderElection.run(LeaderElection.java:133)
	at java.lang.Thread.run(Thread.java:748)
Caused by: org.apache.ratis.thirdparty.io.grpc.StatusRuntimeException: UNAVAILABLE: io exception
	at org.apache.ratis.thirdparty.io.grpc.stub.ClientCalls.toStatusRuntimeException(ClientCalls.java:233)
	at org.apache.ratis.thirdparty.io.grpc.stub.ClientCalls.getUnchecked(ClientCalls.java:214)
	at org.apache.ratis.thirdparty.io.grpc.stub.ClientCalls.blockingUnaryCall(ClientCalls.java:139)
	at org.apache.ratis.proto.grpc.RaftServerProtocolServiceGrpc$RaftServerProtocolServiceBlockingStub.requestVote(RaftServerProtocolServiceGrpc.java:265)
	at org.apache.ratis.grpc.server.GrpcServerProtocolClient.requestVote(GrpcServerProtocolClient.java:99)
	at org.apache.ratis.grpc.server.GrpcService.requestVote(GrpcService.java:204)
	at org.apache.ratis.server.impl.LeaderElection.lambda$submitRequests$1(LeaderElection.java:234)
	at java.util.concurrent.FutureTask.run(FutureTask.java:266)
	at java.util.concurrent.Executors$RunnableAdapter.call(Executors.java:511)
	at java.util.concurrent.FutureTask.run(FutureTask.java:266)
	at java.util.concurrent.ThreadPoolExecutor.runWorker(ThreadPoolExecutor.java:1149)
	at java.util.concurrent.ThreadPoolExecutor$Worker.run(ThreadPoolExecutor.java:624)
	... 1 more
Caused by: org.apache.ratis.thirdparty.io.netty.channel.AbstractChannel$AnnotatedConnectException: Connection refused: /192.168.157.194:35647
	at sun.nio.ch.SocketChannelImpl.checkConnect(Native Method)
	at sun.nio.ch.SocketChannelImpl.finishConnect(SocketChannelImpl.java:717)
	at org.apache.ratis.thirdparty.io.netty.channel.socket.nio.NioSocketChannel.doFinishConnect(NioSocketChannel.java:327)
	at org.apache.ratis.thirdparty.io.netty.channel.nio.AbstractNioChannel$AbstractNioUnsafe.finishConnect(AbstractNioChannel.java:340)
	at org.apache.ratis.thirdparty.io.netty.channel.nio.NioEventLoop.processSelectedKey(NioEventLoop.java:632)
	at org.apache.ratis.thirdparty.io.netty.channel.nio.NioEventLoop.processSelectedKeysOptimized(NioEventLoop.java:579)
	at org.apache.ratis.thirdparty.io.netty.channel.nio.NioEventLoop.processSelectedKeys(NioEventLoop.java:496)
	at org.apache.ratis.thirdparty.io.netty.channel.nio.NioEventLoop.run(NioEventLoop.java:458)
	at org.apache.ratis.thirdparty.io.netty.util.concurrent.SingleThreadEventExecutor$5.run(SingleThreadEventExecutor.java:897)
	at org.apache.ratis.thirdparty.io.netty.util.concurrent.FastThreadLocalRunnable.run(FastThreadLocalRunnable.java:30)
	... 1 more
Caused by: java.net.ConnectException: Connection refused
	... 11 more
2019-11-04 16:47:44,550 [2911c1bb-ca7b-4253-a902-f80f167657b1@group-29467ABC0BF0-LeaderElection3597] INFO  impl.LeaderElection (LogUtils.java:infoOrTrace(149)) - 2911c1bb-ca7b-4253-a902-f80f167657b1@group-29467ABC0BF0-LeaderElection3597 got exception when requesting votes: {}
java.util.concurrent.ExecutionException: org.apache.ratis.thirdparty.io.grpc.StatusRuntimeException: UNAVAILABLE: io exception
	at java.util.concurrent.FutureTask.report(FutureTask.java:122)
	at java.util.concurrent.FutureTask.get(FutureTask.java:192)
	at org.apache.ratis.server.impl.LeaderElection.waitForResults(LeaderElection.java:259)
	at org.apache.ratis.server.impl.LeaderElection.askForVotes(LeaderElection.java:197)
	at org.apache.ratis.server.impl.LeaderElection.run(LeaderElection.java:133)
	at java.lang.Thread.run(Thread.java:748)
Caused by: org.apache.ratis.thirdparty.io.grpc.StatusRuntimeException: UNAVAILABLE: io exception
	at org.apache.ratis.thirdparty.io.grpc.stub.ClientCalls.toStatusRuntimeException(ClientCalls.java:233)
	at org.apache.ratis.thirdparty.io.grpc.stub.ClientCalls.getUnchecked(ClientCalls.java:214)
	at org.apache.ratis.thirdparty.io.grpc.stub.ClientCalls.blockingUnaryCall(ClientCalls.java:139)
	at org.apache.ratis.proto.grpc.RaftServerProtocolServiceGrpc$RaftServerProtocolServiceBlockingStub.requestVote(RaftServerProtocolServiceGrpc.java:265)
	at org.apache.ratis.grpc.server.GrpcServerProtocolClient.requestVote(GrpcServerProtocolClient.java:99)
	at org.apache.ratis.grpc.server.GrpcService.requestVote(GrpcService.java:204)
	at org.apache.ratis.server.impl.LeaderElection.lambda$submitRequests$1(LeaderElection.java:234)
	at java.util.concurrent.FutureTask.run(FutureTask.java:266)
	at java.util.concurrent.Executors$RunnableAdapter.call(Executors.java:511)
	at java.util.concurrent.FutureTask.run(FutureTask.java:266)
	at java.util.concurrent.ThreadPoolExecutor.runWorker(ThreadPoolExecutor.java:1149)
	at java.util.concurrent.ThreadPoolExecutor$Worker.run(ThreadPoolExecutor.java:624)
	... 1 more
Caused by: org.apache.ratis.thirdparty.io.netty.channel.AbstractChannel$AnnotatedConnectException: Connection refused: /192.168.157.194:38252
	at sun.nio.ch.SocketChannelImpl.checkConnect(Native Method)
	at sun.nio.ch.SocketChannelImpl.finishConnect(SocketChannelImpl.java:717)
	at org.apache.ratis.thirdparty.io.netty.channel.socket.nio.NioSocketChannel.doFinishConnect(NioSocketChannel.java:327)
	at org.apache.ratis.thirdparty.io.netty.channel.nio.AbstractNioChannel$AbstractNioUnsafe.finishConnect(AbstractNioChannel.java:340)
	at org.apache.ratis.thirdparty.io.netty.channel.nio.NioEventLoop.processSelectedKey(NioEventLoop.java:632)
	at org.apache.ratis.thirdparty.io.netty.channel.nio.NioEventLoop.processSelectedKeysOptimized(NioEventLoop.java:579)
	at org.apache.ratis.thirdparty.io.netty.channel.nio.NioEventLoop.processSelectedKeys(NioEventLoop.java:496)
	at org.apache.ratis.thirdparty.io.netty.channel.nio.NioEventLoop.run(NioEventLoop.java:458)
	at org.apache.ratis.thirdparty.io.netty.util.concurrent.SingleThreadEventExecutor$5.run(SingleThreadEventExecutor.java:897)
	at org.apache.ratis.thirdparty.io.netty.util.concurrent.FastThreadLocalRunnable.run(FastThreadLocalRunnable.java:30)
	... 1 more
Caused by: java.net.ConnectException: Connection refused
	... 11 more
2019-11-04 16:47:44,550 [2911c1bb-ca7b-4253-a902-f80f167657b1@group-29467ABC0BF0-LeaderElection3597] INFO  impl.LeaderElection (LeaderElection.java:logAndReturn(56)) - 2911c1bb-ca7b-4253-a902-f80f167657b1@group-29467ABC0BF0-LeaderElection3597: Election REJECTED; received 0 response(s) [] and 2 exception(s); 2911c1bb-ca7b-4253-a902-f80f167657b1@group-29467ABC0BF0:t86, leader=null, voted=2911c1bb-ca7b-4253-a902-f80f167657b1, raftlog=2911c1bb-ca7b-4253-a902-f80f167657b1@group-29467ABC0BF0-SegmentedRaftLog:OPENED:c2,f2,i2, conf=1: [2911c1bb-ca7b-4253-a902-f80f167657b1:192.168.157.194:45844, 7fc3dcce-a523-45fc-b6d6-b2bad08ce4da:192.168.157.194:35647, 18bcd373-7631-4e7c-b817-d7839f17bf5a:192.168.157.194:38252], old=null
2019-11-04 16:47:44,550 [2911c1bb-ca7b-4253-a902-f80f167657b1@group-29467ABC0BF0-LeaderElection3597] INFO  impl.LeaderElection (LogUtils.java:infoOrTrace(149)) -   Exception 0: {}
java.util.concurrent.ExecutionException: org.apache.ratis.thirdparty.io.grpc.StatusRuntimeException: UNAVAILABLE: io exception
	at java.util.concurrent.FutureTask.report(FutureTask.java:122)
	at java.util.concurrent.FutureTask.get(FutureTask.java:192)
	at org.apache.ratis.server.impl.LeaderElection.waitForResults(LeaderElection.java:259)
	at org.apache.ratis.server.impl.LeaderElection.askForVotes(LeaderElection.java:197)
	at org.apache.ratis.server.impl.LeaderElection.run(LeaderElection.java:133)
	at java.lang.Thread.run(Thread.java:748)
Caused by: org.apache.ratis.thirdparty.io.grpc.StatusRuntimeException: UNAVAILABLE: io exception
	at org.apache.ratis.thirdparty.io.grpc.stub.ClientCalls.toStatusRuntimeException(ClientCalls.java:233)
	at org.apache.ratis.thirdparty.io.grpc.stub.ClientCalls.getUnchecked(ClientCalls.java:214)
	at org.apache.ratis.thirdparty.io.grpc.stub.ClientCalls.blockingUnaryCall(ClientCalls.java:139)
	at org.apache.ratis.proto.grpc.RaftServerProtocolServiceGrpc$RaftServerProtocolServiceBlockingStub.requestVote(RaftServerProtocolServiceGrpc.java:265)
	at org.apache.ratis.grpc.server.GrpcServerProtocolClient.requestVote(GrpcServerProtocolClient.java:99)
	at org.apache.ratis.grpc.server.GrpcService.requestVote(GrpcService.java:204)
	at org.apache.ratis.server.impl.LeaderElection.lambda$submitRequests$1(LeaderElection.java:234)
	at java.util.concurrent.FutureTask.run(FutureTask.java:266)
	at java.util.concurrent.Executors$RunnableAdapter.call(Executors.java:511)
	at java.util.concurrent.FutureTask.run(FutureTask.java:266)
	at java.util.concurrent.ThreadPoolExecutor.runWorker(ThreadPoolExecutor.java:1149)
	at java.util.concurrent.ThreadPoolExecutor$Worker.run(ThreadPoolExecutor.java:624)
	... 1 more
Caused by: org.apache.ratis.thirdparty.io.netty.channel.AbstractChannel$AnnotatedConnectException: Connection refused: /192.168.157.194:35647
	at sun.nio.ch.SocketChannelImpl.checkConnect(Native Method)
	at sun.nio.ch.SocketChannelImpl.finishConnect(SocketChannelImpl.java:717)
	at org.apache.ratis.thirdparty.io.netty.channel.socket.nio.NioSocketChannel.doFinishConnect(NioSocketChannel.java:327)
	at org.apache.ratis.thirdparty.io.netty.channel.nio.AbstractNioChannel$AbstractNioUnsafe.finishConnect(AbstractNioChannel.java:340)
	at org.apache.ratis.thirdparty.io.netty.channel.nio.NioEventLoop.processSelectedKey(NioEventLoop.java:632)
	at org.apache.ratis.thirdparty.io.netty.channel.nio.NioEventLoop.processSelectedKeysOptimized(NioEventLoop.java:579)
	at org.apache.ratis.thirdparty.io.netty.channel.nio.NioEventLoop.processSelectedKeys(NioEventLoop.java:496)
	at org.apache.ratis.thirdparty.io.netty.channel.nio.NioEventLoop.run(NioEventLoop.java:458)
	at org.apache.ratis.thirdparty.io.netty.util.concurrent.SingleThreadEventExecutor$5.run(SingleThreadEventExecutor.java:897)
	at org.apache.ratis.thirdparty.io.netty.util.concurrent.FastThreadLocalRunnable.run(FastThreadLocalRunnable.java:30)
	... 1 more
Caused by: java.net.ConnectException: Connection refused
	... 11 more
2019-11-04 16:47:44,550 [2911c1bb-ca7b-4253-a902-f80f167657b1@group-29467ABC0BF0-LeaderElection3597] INFO  impl.LeaderElection (LogUtils.java:infoOrTrace(149)) -   Exception 1: {}
java.util.concurrent.ExecutionException: org.apache.ratis.thirdparty.io.grpc.StatusRuntimeException: UNAVAILABLE: io exception
	at java.util.concurrent.FutureTask.report(FutureTask.java:122)
	at java.util.concurrent.FutureTask.get(FutureTask.java:192)
	at org.apache.ratis.server.impl.LeaderElection.waitForResults(LeaderElection.java:259)
	at org.apache.ratis.server.impl.LeaderElection.askForVotes(LeaderElection.java:197)
	at org.apache.ratis.server.impl.LeaderElection.run(LeaderElection.java:133)
	at java.lang.Thread.run(Thread.java:748)
Caused by: org.apache.ratis.thirdparty.io.grpc.StatusRuntimeException: UNAVAILABLE: io exception
	at org.apache.ratis.thirdparty.io.grpc.stub.ClientCalls.toStatusRuntimeException(ClientCalls.java:233)
	at org.apache.ratis.thirdparty.io.grpc.stub.ClientCalls.getUnchecked(ClientCalls.java:214)
	at org.apache.ratis.thirdparty.io.grpc.stub.ClientCalls.blockingUnaryCall(ClientCalls.java:139)
	at org.apache.ratis.proto.grpc.RaftServerProtocolServiceGrpc$RaftServerProtocolServiceBlockingStub.requestVote(RaftServerProtocolServiceGrpc.java:265)
	at org.apache.ratis.grpc.server.GrpcServerProtocolClient.requestVote(GrpcServerProtocolClient.java:99)
	at org.apache.ratis.grpc.server.GrpcService.requestVote(GrpcService.java:204)
	at org.apache.ratis.server.impl.LeaderElection.lambda$submitRequests$1(LeaderElection.java:234)
	at java.util.concurrent.FutureTask.run(FutureTask.java:266)
	at java.util.concurrent.Executors$RunnableAdapter.call(Executors.java:511)
	at java.util.concurrent.FutureTask.run(FutureTask.java:266)
	at java.util.concurrent.ThreadPoolExecutor.runWorker(ThreadPoolExecutor.java:1149)
	at java.util.concurrent.ThreadPoolExecutor$Worker.run(ThreadPoolExecutor.java:624)
	... 1 more
Caused by: org.apache.ratis.thirdparty.io.netty.channel.AbstractChannel$AnnotatedConnectException: Connection refused: /192.168.157.194:38252
	at sun.nio.ch.SocketChannelImpl.checkConnect(Native Method)
	at sun.nio.ch.SocketChannelImpl.finishConnect(SocketChannelImpl.java:717)
	at org.apache.ratis.thirdparty.io.netty.channel.socket.nio.NioSocketChannel.doFinishConnect(NioSocketChannel.java:327)
	at org.apache.ratis.thirdparty.io.netty.channel.nio.AbstractNioChannel$AbstractNioUnsafe.finishConnect(AbstractNioChannel.java:340)
	at org.apache.ratis.thirdparty.io.netty.channel.nio.NioEventLoop.processSelectedKey(NioEventLoop.java:632)
	at org.apache.ratis.thirdparty.io.netty.channel.nio.NioEventLoop.processSelectedKeysOptimized(NioEventLoop.java:579)
	at org.apache.ratis.thirdparty.io.netty.channel.nio.NioEventLoop.processSelectedKeys(NioEventLoop.java:496)
	at org.apache.ratis.thirdparty.io.netty.channel.nio.NioEventLoop.run(NioEventLoop.java:458)
	at org.apache.ratis.thirdparty.io.netty.util.concurrent.SingleThreadEventExecutor$5.run(SingleThreadEventExecutor.java:897)
	at org.apache.ratis.thirdparty.io.netty.util.concurrent.FastThreadLocalRunnable.run(FastThreadLocalRunnable.java:30)
	... 1 more
Caused by: java.net.ConnectException: Connection refused
	... 11 more
2019-11-04 16:47:44,550 [2911c1bb-ca7b-4253-a902-f80f167657b1@group-29467ABC0BF0-LeaderElection3597] INFO  impl.RaftServerImpl (RaftServerImpl.java:setRole(184)) - 2911c1bb-ca7b-4253-a902-f80f167657b1@group-29467ABC0BF0: changes role from CANDIDATE to FOLLOWER at term 86 for DISCOVERED_A_NEW_TERM
2019-11-04 16:47:44,550 [2911c1bb-ca7b-4253-a902-f80f167657b1@group-29467ABC0BF0-LeaderElection3597] INFO  impl.RoleInfo (RoleInfo.java:shutdownLeaderElection(134)) - 2911c1bb-ca7b-4253-a902-f80f167657b1: shutdown LeaderElection
2019-11-04 16:47:44,551 [2911c1bb-ca7b-4253-a902-f80f167657b1@group-29467ABC0BF0-LeaderElection3597] INFO  impl.RoleInfo (RoleInfo.java:updateAndGet(143)) - 2911c1bb-ca7b-4253-a902-f80f167657b1: start FollowerState
2019-11-04 16:47:44,839 [main] INFO  ozoneimpl.OzoneContainer (OzoneContainer.java:stop(227)) - Attempting to stop container services.
2019-11-04 16:47:44,839 [ForkJoinPool.commonPool-worker-1] INFO  ozoneimpl.OzoneContainer (OzoneContainer.java:stop(227)) - Attempting to stop container services.
2019-11-04 16:47:44,840 [main] INFO  impl.RaftServerProxy (RaftServerProxy.java:lambda$close$4(314)) - 53db7904-d288-4108-8bc9-f81d312978a3: close
2019-11-04 16:47:44,840 [ForkJoinPool.commonPool-worker-1] INFO  impl.RaftServerProxy (RaftServerProxy.java:lambda$close$4(314)) - 693d1277-6dfc-424e-94e6-a87b40f9160b: close
2019-11-04 16:47:44,840 [main] INFO  impl.RaftServerImpl (RaftServerImpl.java:lambda$shutdown$3(261)) - 53db7904-d288-4108-8bc9-f81d312978a3@group-AFC21F014681: shutdown
2019-11-04 16:47:44,841 [ForkJoinPool.commonPool-worker-1] INFO  impl.RaftServerImpl (RaftServerImpl.java:lambda$shutdown$3(261)) - 693d1277-6dfc-424e-94e6-a87b40f9160b@group-A695585A5CDD: shutdown
2019-11-04 16:47:44,841 [main] INFO  util.JmxRegister (JmxRegister.java:unregister(73)) - Successfully un-registered JMX Bean with object name Ratis:service=RaftServer,group=group-AFC21F014681,id=53db7904-d288-4108-8bc9-f81d312978a3
2019-11-04 16:47:44,841 [ForkJoinPool.commonPool-worker-1] INFO  util.JmxRegister (JmxRegister.java:unregister(73)) - Successfully un-registered JMX Bean with object name Ratis:service=RaftServer,group=group-A695585A5CDD,id=693d1277-6dfc-424e-94e6-a87b40f9160b
2019-11-04 16:47:44,842 [ForkJoinPool.commonPool-worker-1] INFO  impl.RoleInfo (RoleInfo.java:shutdownLeaderState(104)) - 693d1277-6dfc-424e-94e6-a87b40f9160b: shutdown LeaderState
2019-11-04 16:47:44,841 [main] INFO  impl.RoleInfo (RoleInfo.java:shutdownLeaderState(104)) - 53db7904-d288-4108-8bc9-f81d312978a3: shutdown LeaderState
2019-11-04 16:47:44,846 [org.apache.ratis.server.impl.LogAppender$AppenderDaemon$$Lambda$434/1246728277@5956b5c7] WARN  server.GrpcLogAppender (GrpcLogAppender.java:mayWait(149)) - 693d1277-6dfc-424e-94e6-a87b40f9160b@group-A695585A5CDD->b64d56c3-7e00-4645-8b63-46d38bcf6e51-GrpcLogAppender: Wait interrupted by java.lang.InterruptedException
2019-11-04 16:47:44,846 [org.apache.ratis.server.impl.LogAppender$AppenderDaemon$$Lambda$434/1246728277@68c54d2e] WARN  server.GrpcLogAppender (GrpcLogAppender.java:mayWait(149)) - 693d1277-6dfc-424e-94e6-a87b40f9160b@group-A695585A5CDD->53db7904-d288-4108-8bc9-f81d312978a3-GrpcLogAppender: Wait interrupted by java.lang.InterruptedException
2019-11-04 16:47:44,846 [ForkJoinPool.commonPool-worker-1] INFO  impl.PendingRequests (PendingRequests.java:sendNotLeaderResponses(202)) - 693d1277-6dfc-424e-94e6-a87b40f9160b@group-A695585A5CDD-PendingRequests: sendNotLeaderResponses
2019-11-04 16:47:44,847 [grpc-default-executor-17] INFO  server.GrpcServerProtocolService (GrpcServerProtocolService.java:onCompleted(113)) - b64d56c3-7e00-4645-8b63-46d38bcf6e51: Completed APPEND_ENTRIES, lastRequest: 693d1277-6dfc-424e-94e6-a87b40f9160b->b64d56c3-7e00-4645-8b63-46d38bcf6e51#51-t1, previous=(t:1, i:0), leaderCommit=0, initializing? false, entries: <empty>
2019-11-04 16:47:44,848 [ForkJoinPool.commonPool-worker-1] INFO  impl.StateMachineUpdater (StateMachineUpdater.java:stopAndJoin(136)) - 693d1277-6dfc-424e-94e6-a87b40f9160b@group-A695585A5CDD-StateMachineUpdater: set stopIndex = 0
2019-11-04 16:47:44,847 [main] INFO  impl.PendingRequests (PendingRequests.java:sendNotLeaderResponses(202)) - 53db7904-d288-4108-8bc9-f81d312978a3@group-AFC21F014681-PendingRequests: sendNotLeaderResponses
2019-11-04 16:47:44,848 [ForkJoinPool.commonPool-worker-1] INFO  impl.RaftServerImpl (ServerState.java:close(388)) - 693d1277-6dfc-424e-94e6-a87b40f9160b@group-A695585A5CDD: closes. applyIndex: 0
2019-11-04 16:47:44,848 [grpc-default-executor-17] INFO  server.GrpcLogAppender (GrpcLogAppender.java:onCompleted(308)) - 693d1277-6dfc-424e-94e6-a87b40f9160b@group-A695585A5CDD->b64d56c3-7e00-4645-8b63-46d38bcf6e51-AppendLogResponseHandler: follower responses appendEntries COMPLETED
2019-11-04 16:47:44,848 [grpc-default-executor-3] INFO  server.GrpcServerProtocolService (GrpcServerProtocolService.java:onCompleted(113)) - 53db7904-d288-4108-8bc9-f81d312978a3: Completed APPEND_ENTRIES, lastRequest: 693d1277-6dfc-424e-94e6-a87b40f9160b->53db7904-d288-4108-8bc9-f81d312978a3#50-t1, previous=(t:1, i:0), leaderCommit=0, initializing? false, entries: <empty>
2019-11-04 16:47:44,849 [693d1277-6dfc-424e-94e6-a87b40f9160b@group-A695585A5CDD-SegmentedRaftLogWorker] INFO  segmented.SegmentedRaftLogWorker (SegmentedRaftLogWorker.java:run(316)) - 693d1277-6dfc-424e-94e6-a87b40f9160b@group-A695585A5CDD-SegmentedRaftLogWorker was interrupted, exiting. There are 0 tasks remaining in the queue.
2019-11-04 16:47:44,848 [main] INFO  impl.StateMachineUpdater (StateMachineUpdater.java:stopAndJoin(136)) - 53db7904-d288-4108-8bc9-f81d312978a3@group-AFC21F014681-StateMachineUpdater: set stopIndex = 0
2019-11-04 16:47:44,852 [ForkJoinPool.commonPool-worker-1] INFO  segmented.SegmentedRaftLogWorker (SegmentedRaftLogWorker.java:close(224)) - 693d1277-6dfc-424e-94e6-a87b40f9160b@group-A695585A5CDD-SegmentedRaftLogWorker close()
2019-11-04 16:47:44,849 [grpc-default-executor-17] INFO  impl.FollowerInfo (FollowerInfo.java:lambda$new$0(51)) - 693d1277-6dfc-424e-94e6-a87b40f9160b@group-A695585A5CDD->b64d56c3-7e00-4645-8b63-46d38bcf6e51: nextIndex: updateUnconditionally 1 -> 0
2019-11-04 16:47:44,849 [grpc-default-executor-3] INFO  server.GrpcLogAppender (GrpcLogAppender.java:onCompleted(308)) - 693d1277-6dfc-424e-94e6-a87b40f9160b@group-A695585A5CDD->53db7904-d288-4108-8bc9-f81d312978a3-AppendLogResponseHandler: follower responses appendEntries COMPLETED
2019-11-04 16:47:44,855 [ForkJoinPool.commonPool-worker-1] INFO  impl.RaftServerImpl (RaftServerImpl.java:lambda$shutdown$3(261)) - 693d1277-6dfc-424e-94e6-a87b40f9160b@group-193AEACDA84C: shutdown
2019-11-04 16:47:44,852 [main] INFO  impl.RaftServerImpl (ServerState.java:close(388)) - 53db7904-d288-4108-8bc9-f81d312978a3@group-AFC21F014681: closes. applyIndex: 0
2019-11-04 16:47:44,855 [grpc-default-executor-3] INFO  impl.FollowerInfo (FollowerInfo.java:lambda$new$0(51)) - 693d1277-6dfc-424e-94e6-a87b40f9160b@group-A695585A5CDD->53db7904-d288-4108-8bc9-f81d312978a3: nextIndex: updateUnconditionally 1 -> 0
2019-11-04 16:47:44,855 [ForkJoinPool.commonPool-worker-1] INFO  util.JmxRegister (JmxRegister.java:unregister(73)) - Successfully un-registered JMX Bean with object name Ratis:service=RaftServer,group=group-193AEACDA84C,id=693d1277-6dfc-424e-94e6-a87b40f9160b
2019-11-04 16:47:44,856 [53db7904-d288-4108-8bc9-f81d312978a3@group-AFC21F014681-SegmentedRaftLogWorker] INFO  segmented.SegmentedRaftLogWorker (SegmentedRaftLogWorker.java:run(316)) - 53db7904-d288-4108-8bc9-f81d312978a3@group-AFC21F014681-SegmentedRaftLogWorker was interrupted, exiting. There are 0 tasks remaining in the queue.
2019-11-04 16:47:44,856 [ForkJoinPool.commonPool-worker-1] INFO  impl.RoleInfo (RoleInfo.java:shutdownLeaderState(104)) - 693d1277-6dfc-424e-94e6-a87b40f9160b: shutdown LeaderState
2019-11-04 16:47:44,858 [main] INFO  segmented.SegmentedRaftLogWorker (SegmentedRaftLogWorker.java:close(224)) - 53db7904-d288-4108-8bc9-f81d312978a3@group-AFC21F014681-SegmentedRaftLogWorker close()
2019-11-04 16:47:44,859 [ForkJoinPool.commonPool-worker-1] INFO  impl.PendingRequests (PendingRequests.java:sendNotLeaderResponses(202)) - 693d1277-6dfc-424e-94e6-a87b40f9160b@group-193AEACDA84C-PendingRequests: sendNotLeaderResponses
2019-11-04 16:47:44,861 [main] INFO  impl.RaftServerImpl (RaftServerImpl.java:lambda$shutdown$3(261)) - 53db7904-d288-4108-8bc9-f81d312978a3@group-A695585A5CDD: shutdown
2019-11-04 16:47:44,861 [ForkJoinPool.commonPool-worker-1] INFO  impl.StateMachineUpdater (StateMachineUpdater.java:stopAndJoin(136)) - 693d1277-6dfc-424e-94e6-a87b40f9160b@group-193AEACDA84C-StateMachineUpdater: set stopIndex = 0
2019-11-04 16:47:44,862 [ForkJoinPool.commonPool-worker-1] INFO  impl.RaftServerImpl (ServerState.java:close(388)) - 693d1277-6dfc-424e-94e6-a87b40f9160b@group-193AEACDA84C: closes. applyIndex: 0
2019-11-04 16:47:44,862 [main] INFO  util.JmxRegister (JmxRegister.java:unregister(73)) - Successfully un-registered JMX Bean with object name Ratis:service=RaftServer,group=group-A695585A5CDD,id=53db7904-d288-4108-8bc9-f81d312978a3
2019-11-04 16:47:44,862 [main] INFO  impl.RoleInfo (RoleInfo.java:shutdownFollowerState(121)) - 53db7904-d288-4108-8bc9-f81d312978a3: shutdown FollowerState
2019-11-04 16:47:44,863 [main] INFO  impl.StateMachineUpdater (StateMachineUpdater.java:stopAndJoin(136)) - 53db7904-d288-4108-8bc9-f81d312978a3@group-A695585A5CDD-StateMachineUpdater: set stopIndex = 0
2019-11-04 16:47:44,863 [main] INFO  impl.RaftServerImpl (ServerState.java:close(388)) - 53db7904-d288-4108-8bc9-f81d312978a3@group-A695585A5CDD: closes. applyIndex: 0
2019-11-04 16:47:44,862 [693d1277-6dfc-424e-94e6-a87b40f9160b@group-193AEACDA84C-SegmentedRaftLogWorker] INFO  segmented.SegmentedRaftLogWorker (SegmentedRaftLogWorker.java:run(316)) - 693d1277-6dfc-424e-94e6-a87b40f9160b@group-193AEACDA84C-SegmentedRaftLogWorker was interrupted, exiting. There are 0 tasks remaining in the queue.
2019-11-04 16:47:44,863 [53db7904-d288-4108-8bc9-f81d312978a3@group-A695585A5CDD-SegmentedRaftLogWorker] INFO  segmented.SegmentedRaftLogWorker (SegmentedRaftLogWorker.java:run(316)) - 53db7904-d288-4108-8bc9-f81d312978a3@group-A695585A5CDD-SegmentedRaftLogWorker was interrupted, exiting. There are 0 tasks remaining in the queue.
2019-11-04 16:47:44,863 [Thread-25008] INFO  impl.FollowerState (FollowerState.java:run(117)) - 53db7904-d288-4108-8bc9-f81d312978a3@group-A695585A5CDD-FollowerState was interrupted: java.lang.InterruptedException: sleep interrupted
2019-11-04 16:47:44,868 [main] INFO  segmented.SegmentedRaftLogWorker (SegmentedRaftLogWorker.java:close(224)) - 53db7904-d288-4108-8bc9-f81d312978a3@group-A695585A5CDD-SegmentedRaftLogWorker close()
2019-11-04 16:47:44,866 [ForkJoinPool.commonPool-worker-1] INFO  segmented.SegmentedRaftLogWorker (SegmentedRaftLogWorker.java:close(224)) - 693d1277-6dfc-424e-94e6-a87b40f9160b@group-193AEACDA84C-SegmentedRaftLogWorker close()
2019-11-04 16:47:44,870 [main] INFO  server.GrpcService (GrpcService.java:closeImpl(164)) - 53db7904-d288-4108-8bc9-f81d312978a3: shutdown server with port 45062 now
2019-11-04 16:47:44,872 [ForkJoinPool.commonPool-worker-1] INFO  server.GrpcService (GrpcService.java:closeImpl(164)) - 693d1277-6dfc-424e-94e6-a87b40f9160b: shutdown server with port 33365 now
2019-11-04 16:47:44,873 [main] INFO  server.GrpcService (GrpcService.java:closeImpl(172)) - 53db7904-d288-4108-8bc9-f81d312978a3: shutdown server with port 45062 successfully
2019-11-04 16:47:44,873 [ForkJoinPool.commonPool-worker-1] INFO  server.GrpcService (GrpcService.java:closeImpl(172)) - 693d1277-6dfc-424e-94e6-a87b40f9160b: shutdown server with port 33365 successfully
2019-11-04 16:47:44,876 [refreshUsed-/workdir/hadoop-ozone/integration-test/target/test-dir/MiniOzoneClusterImpl-8e66254f-d6bc-40e7-ae2f-db5e1b2bb1f3/datanode-3/data/containers] WARN  fs.CachingGetSpaceUsed (CachingGetSpaceUsed.java:run(183)) - Thread Interrupted waiting to refresh disk information: sleep interrupted
2019-11-04 16:47:44,877 [refreshUsed-/workdir/hadoop-ozone/integration-test/target/test-dir/MiniOzoneClusterImpl-8e66254f-d6bc-40e7-ae2f-db5e1b2bb1f3/datanode-8/data/containers] WARN  fs.CachingGetSpaceUsed (CachingGetSpaceUsed.java:run(183)) - Thread Interrupted waiting to refresh disk information: sleep interrupted
2019-11-04 16:47:44,894 [ForkJoinPool.commonPool-worker-1] INFO  utils.BackgroundService (BackgroundService.java:shutdown(151)) - Shutting down service BlockDeletingService
2019-11-04 16:47:44,894 [main] INFO  utils.BackgroundService (BackgroundService.java:shutdown(151)) - Shutting down service BlockDeletingService
2019-11-04 16:47:44,896 [ForkJoinPool.commonPool-worker-1] INFO  statemachine.DatanodeStateMachine (DatanodeStateMachine.java:stopDaemon(395)) - Ozone container server stopped.
2019-11-04 16:47:44,898 [main] INFO  statemachine.DatanodeStateMachine (DatanodeStateMachine.java:stopDaemon(395)) - Ozone container server stopped.
2019-11-04 16:47:44,903 [ForkJoinPool.commonPool-worker-1] INFO  handler.ContextHandler (ContextHandler.java:doStop(910)) - Stopped o.e.j.w.WebAppContext@46612bfc{/,null,UNAVAILABLE}{/hddsDatanode}
2019-11-04 16:47:44,903 [main] INFO  handler.ContextHandler (ContextHandler.java:doStop(910)) - Stopped o.e.j.w.WebAppContext@4f64d9cb{/,null,UNAVAILABLE}{/hddsDatanode}
2019-11-04 16:47:44,904 [ForkJoinPool.commonPool-worker-1] INFO  server.AbstractConnector (AbstractConnector.java:doStop(318)) - Stopped ServerConnector@4f213a2{HTTP/1.1,[http/1.1]}{0.0.0.0:0}
2019-11-04 16:47:44,904 [main] INFO  server.AbstractConnector (AbstractConnector.java:doStop(318)) - Stopped ServerConnector@639c7f9c{HTTP/1.1,[http/1.1]}{0.0.0.0:0}
2019-11-04 16:47:44,906 [ForkJoinPool.commonPool-worker-1] INFO  handler.ContextHandler (ContextHandler.java:doStop(910)) - Stopped o.e.j.s.ServletContextHandler@716f94c1{/static,jar:file:/home/user/.m2/repository/org/apache/hadoop/hadoop-hdds-container-service/0.5.0-SNAPSHOT/hadoop-hdds-container-service-0.5.0-SNAPSHOT.jar!/webapps/static,UNAVAILABLE}
2019-11-04 16:47:44,906 [main] INFO  handler.ContextHandler (ContextHandler.java:doStop(910)) - Stopped o.e.j.s.ServletContextHandler@3a38e4dc{/static,jar:file:/home/user/.m2/repository/org/apache/hadoop/hadoop-hdds-container-service/0.5.0-SNAPSHOT/hadoop-hdds-container-service-0.5.0-SNAPSHOT.jar!/webapps/static,UNAVAILABLE}
2019-11-04 16:47:44,907 [ForkJoinPool.commonPool-worker-1] INFO  handler.ContextHandler (ContextHandler.java:doStop(910)) - Stopped o.e.j.s.ServletContextHandler@3c33fcf8{/logs,file:///workdir/hadoop-ozone/integration-test/target/log,UNAVAILABLE}
2019-11-04 16:47:44,907 [main] INFO  handler.ContextHandler (ContextHandler.java:doStop(910)) - Stopped o.e.j.s.ServletContextHandler@773eca84{/logs,file:///workdir/hadoop-ozone/integration-test/target/log,UNAVAILABLE}
2019-11-04 16:47:45,208 [Datanode State Machine Thread - 0] INFO  statemachine.DatanodeStateMachine (DatanodeStateMachine.java:lambda$startDaemon$0(350)) - Ozone container server started.
2019-11-04 16:47:45,489 [Datanode State Machine Thread - 0] INFO  statemachine.DatanodeStateMachine (DatanodeStateMachine.java:lambda$startDaemon$0(350)) - Ozone container server started.
2019-11-04 16:47:45,634 [Thread-25819] INFO  impl.FollowerState (FollowerState.java:run(108)) - 2911c1bb-ca7b-4253-a902-f80f167657b1@group-29467ABC0BF0-FollowerState: change to CANDIDATE, lastRpcTime:1083ms, electionTimeout:1083ms
2019-11-04 16:47:45,634 [Thread-25819] INFO  impl.RoleInfo (RoleInfo.java:shutdownFollowerState(121)) - 2911c1bb-ca7b-4253-a902-f80f167657b1: shutdown FollowerState
2019-11-04 16:47:45,634 [Thread-25819] INFO  impl.RaftServerImpl (RaftServerImpl.java:setRole(184)) - 2911c1bb-ca7b-4253-a902-f80f167657b1@group-29467ABC0BF0: changes role from  FOLLOWER to CANDIDATE at term 86 for changeToCandidate
2019-11-04 16:47:45,634 [Thread-25819] INFO  impl.RoleInfo (RoleInfo.java:updateAndGet(143)) - 2911c1bb-ca7b-4253-a902-f80f167657b1: start LeaderElection
2019-11-04 16:47:45,649 [2911c1bb-ca7b-4253-a902-f80f167657b1@group-29467ABC0BF0-LeaderElection3598] INFO  impl.LeaderElection (LeaderElection.java:askForVotes(178)) - 2911c1bb-ca7b-4253-a902-f80f167657b1@group-29467ABC0BF0-LeaderElection3598: begin an election at term 87 for 1: [2911c1bb-ca7b-4253-a902-f80f167657b1:192.168.157.194:45844, 7fc3dcce-a523-45fc-b6d6-b2bad08ce4da:192.168.157.194:35647, 18bcd373-7631-4e7c-b817-d7839f17bf5a:192.168.157.194:38252], old=null
2019-11-04 16:47:45,650 [2911c1bb-ca7b-4253-a902-f80f167657b1@group-29467ABC0BF0-LeaderElection3598] INFO  impl.LeaderElection (LogUtils.java:infoOrTrace(149)) - 2911c1bb-ca7b-4253-a902-f80f167657b1@group-29467ABC0BF0-LeaderElection3598 got exception when requesting votes: {}
java.util.concurrent.ExecutionException: org.apache.ratis.thirdparty.io.grpc.StatusRuntimeException: UNAVAILABLE: io exception
	at java.util.concurrent.FutureTask.report(FutureTask.java:122)
	at java.util.concurrent.FutureTask.get(FutureTask.java:192)
	at org.apache.ratis.server.impl.LeaderElection.waitForResults(LeaderElection.java:259)
	at org.apache.ratis.server.impl.LeaderElection.askForVotes(LeaderElection.java:197)
	at org.apache.ratis.server.impl.LeaderElection.run(LeaderElection.java:133)
	at java.lang.Thread.run(Thread.java:748)
Caused by: org.apache.ratis.thirdparty.io.grpc.StatusRuntimeException: UNAVAILABLE: io exception
	at org.apache.ratis.thirdparty.io.grpc.stub.ClientCalls.toStatusRuntimeException(ClientCalls.java:233)
	at org.apache.ratis.thirdparty.io.grpc.stub.ClientCalls.getUnchecked(ClientCalls.java:214)
	at org.apache.ratis.thirdparty.io.grpc.stub.ClientCalls.blockingUnaryCall(ClientCalls.java:139)
	at org.apache.ratis.proto.grpc.RaftServerProtocolServiceGrpc$RaftServerProtocolServiceBlockingStub.requestVote(RaftServerProtocolServiceGrpc.java:265)
	at org.apache.ratis.grpc.server.GrpcServerProtocolClient.requestVote(GrpcServerProtocolClient.java:99)
	at org.apache.ratis.grpc.server.GrpcService.requestVote(GrpcService.java:204)
	at org.apache.ratis.server.impl.LeaderElection.lambda$submitRequests$1(LeaderElection.java:234)
	at java.util.concurrent.FutureTask.run(FutureTask.java:266)
	at java.util.concurrent.Executors$RunnableAdapter.call(Executors.java:511)
	at java.util.concurrent.FutureTask.run(FutureTask.java:266)
	at java.util.concurrent.ThreadPoolExecutor.runWorker(ThreadPoolExecutor.java:1149)
	at java.util.concurrent.ThreadPoolExecutor$Worker.run(ThreadPoolExecutor.java:624)
	... 1 more
Caused by: org.apache.ratis.thirdparty.io.netty.channel.AbstractChannel$AnnotatedConnectException: Connection refused: /192.168.157.194:35647
	at sun.nio.ch.SocketChannelImpl.checkConnect(Native Method)
	at sun.nio.ch.SocketChannelImpl.finishConnect(SocketChannelImpl.java:717)
	at org.apache.ratis.thirdparty.io.netty.channel.socket.nio.NioSocketChannel.doFinishConnect(NioSocketChannel.java:327)
	at org.apache.ratis.thirdparty.io.netty.channel.nio.AbstractNioChannel$AbstractNioUnsafe.finishConnect(AbstractNioChannel.java:340)
	at org.apache.ratis.thirdparty.io.netty.channel.nio.NioEventLoop.processSelectedKey(NioEventLoop.java:632)
	at org.apache.ratis.thirdparty.io.netty.channel.nio.NioEventLoop.processSelectedKeysOptimized(NioEventLoop.java:579)
	at org.apache.ratis.thirdparty.io.netty.channel.nio.NioEventLoop.processSelectedKeys(NioEventLoop.java:496)
	at org.apache.ratis.thirdparty.io.netty.channel.nio.NioEventLoop.run(NioEventLoop.java:458)
	at org.apache.ratis.thirdparty.io.netty.util.concurrent.SingleThreadEventExecutor$5.run(SingleThreadEventExecutor.java:897)
	at org.apache.ratis.thirdparty.io.netty.util.concurrent.FastThreadLocalRunnable.run(FastThreadLocalRunnable.java:30)
	... 1 more
Caused by: java.net.ConnectException: Connection refused
	... 11 more
2019-11-04 16:47:45,650 [2911c1bb-ca7b-4253-a902-f80f167657b1@group-29467ABC0BF0-LeaderElection3598] INFO  impl.LeaderElection (LogUtils.java:infoOrTrace(149)) - 2911c1bb-ca7b-4253-a902-f80f167657b1@group-29467ABC0BF0-LeaderElection3598 got exception when requesting votes: {}
java.util.concurrent.ExecutionException: org.apache.ratis.thirdparty.io.grpc.StatusRuntimeException: UNAVAILABLE: io exception
	at java.util.concurrent.FutureTask.report(FutureTask.java:122)
	at java.util.concurrent.FutureTask.get(FutureTask.java:192)
	at org.apache.ratis.server.impl.LeaderElection.waitForResults(LeaderElection.java:259)
	at org.apache.ratis.server.impl.LeaderElection.askForVotes(LeaderElection.java:197)
	at org.apache.ratis.server.impl.LeaderElection.run(LeaderElection.java:133)
	at java.lang.Thread.run(Thread.java:748)
Caused by: org.apache.ratis.thirdparty.io.grpc.StatusRuntimeException: UNAVAILABLE: io exception
	at org.apache.ratis.thirdparty.io.grpc.stub.ClientCalls.toStatusRuntimeException(ClientCalls.java:233)
	at org.apache.ratis.thirdparty.io.grpc.stub.ClientCalls.getUnchecked(ClientCalls.java:214)
	at org.apache.ratis.thirdparty.io.grpc.stub.ClientCalls.blockingUnaryCall(ClientCalls.java:139)
	at org.apache.ratis.proto.grpc.RaftServerProtocolServiceGrpc$RaftServerProtocolServiceBlockingStub.requestVote(RaftServerProtocolServiceGrpc.java:265)
	at org.apache.ratis.grpc.server.GrpcServerProtocolClient.requestVote(GrpcServerProtocolClient.java:99)
	at org.apache.ratis.grpc.server.GrpcService.requestVote(GrpcService.java:204)
	at org.apache.ratis.server.impl.LeaderElection.lambda$submitRequests$1(LeaderElection.java:234)
	at java.util.concurrent.FutureTask.run(FutureTask.java:266)
	at java.util.concurrent.Executors$RunnableAdapter.call(Executors.java:511)
	at java.util.concurrent.FutureTask.run(FutureTask.java:266)
	at java.util.concurrent.ThreadPoolExecutor.runWorker(ThreadPoolExecutor.java:1149)
	at java.util.concurrent.ThreadPoolExecutor$Worker.run(ThreadPoolExecutor.java:624)
	... 1 more
Caused by: org.apache.ratis.thirdparty.io.netty.channel.AbstractChannel$AnnotatedConnectException: Connection refused: /192.168.157.194:38252
	at sun.nio.ch.SocketChannelImpl.checkConnect(Native Method)
	at sun.nio.ch.SocketChannelImpl.finishConnect(SocketChannelImpl.java:717)
	at org.apache.ratis.thirdparty.io.netty.channel.socket.nio.NioSocketChannel.doFinishConnect(NioSocketChannel.java:327)
	at org.apache.ratis.thirdparty.io.netty.channel.nio.AbstractNioChannel$AbstractNioUnsafe.finishConnect(AbstractNioChannel.java:340)
	at org.apache.ratis.thirdparty.io.netty.channel.nio.NioEventLoop.processSelectedKey(NioEventLoop.java:632)
	at org.apache.ratis.thirdparty.io.netty.channel.nio.NioEventLoop.processSelectedKeysOptimized(NioEventLoop.java:579)
	at org.apache.ratis.thirdparty.io.netty.channel.nio.NioEventLoop.processSelectedKeys(NioEventLoop.java:496)
	at org.apache.ratis.thirdparty.io.netty.channel.nio.NioEventLoop.run(NioEventLoop.java:458)
	at org.apache.ratis.thirdparty.io.netty.util.concurrent.SingleThreadEventExecutor$5.run(SingleThreadEventExecutor.java:897)
	at org.apache.ratis.thirdparty.io.netty.util.concurrent.FastThreadLocalRunnable.run(FastThreadLocalRunnable.java:30)
	... 1 more
Caused by: java.net.ConnectException: Connection refused
	... 11 more
2019-11-04 16:47:45,651 [2911c1bb-ca7b-4253-a902-f80f167657b1@group-29467ABC0BF0-LeaderElection3598] INFO  impl.LeaderElection (LeaderElection.java:logAndReturn(56)) - 2911c1bb-ca7b-4253-a902-f80f167657b1@group-29467ABC0BF0-LeaderElection3598: Election REJECTED; received 0 response(s) [] and 2 exception(s); 2911c1bb-ca7b-4253-a902-f80f167657b1@group-29467ABC0BF0:t87, leader=null, voted=2911c1bb-ca7b-4253-a902-f80f167657b1, raftlog=2911c1bb-ca7b-4253-a902-f80f167657b1@group-29467ABC0BF0-SegmentedRaftLog:OPENED:c2,f2,i2, conf=1: [2911c1bb-ca7b-4253-a902-f80f167657b1:192.168.157.194:45844, 7fc3dcce-a523-45fc-b6d6-b2bad08ce4da:192.168.157.194:35647, 18bcd373-7631-4e7c-b817-d7839f17bf5a:192.168.157.194:38252], old=null
2019-11-04 16:47:45,651 [2911c1bb-ca7b-4253-a902-f80f167657b1@group-29467ABC0BF0-LeaderElection3598] INFO  impl.LeaderElection (LogUtils.java:infoOrTrace(149)) -   Exception 0: {}
java.util.concurrent.ExecutionException: org.apache.ratis.thirdparty.io.grpc.StatusRuntimeException: UNAVAILABLE: io exception
	at java.util.concurrent.FutureTask.report(FutureTask.java:122)
	at java.util.concurrent.FutureTask.get(FutureTask.java:192)
	at org.apache.ratis.server.impl.LeaderElection.waitForResults(LeaderElection.java:259)
	at org.apache.ratis.server.impl.LeaderElection.askForVotes(LeaderElection.java:197)
	at org.apache.ratis.server.impl.LeaderElection.run(LeaderElection.java:133)
	at java.lang.Thread.run(Thread.java:748)
Caused by: org.apache.ratis.thirdparty.io.grpc.StatusRuntimeException: UNAVAILABLE: io exception
	at org.apache.ratis.thirdparty.io.grpc.stub.ClientCalls.toStatusRuntimeException(ClientCalls.java:233)
	at org.apache.ratis.thirdparty.io.grpc.stub.ClientCalls.getUnchecked(ClientCalls.java:214)
	at org.apache.ratis.thirdparty.io.grpc.stub.ClientCalls.blockingUnaryCall(ClientCalls.java:139)
	at org.apache.ratis.proto.grpc.RaftServerProtocolServiceGrpc$RaftServerProtocolServiceBlockingStub.requestVote(RaftServerProtocolServiceGrpc.java:265)
	at org.apache.ratis.grpc.server.GrpcServerProtocolClient.requestVote(GrpcServerProtocolClient.java:99)
	at org.apache.ratis.grpc.server.GrpcService.requestVote(GrpcService.java:204)
	at org.apache.ratis.server.impl.LeaderElection.lambda$submitRequests$1(LeaderElection.java:234)
	at java.util.concurrent.FutureTask.run(FutureTask.java:266)
	at java.util.concurrent.Executors$RunnableAdapter.call(Executors.java:511)
	at java.util.concurrent.FutureTask.run(FutureTask.java:266)
	at java.util.concurrent.ThreadPoolExecutor.runWorker(ThreadPoolExecutor.java:1149)
	at java.util.concurrent.ThreadPoolExecutor$Worker.run(ThreadPoolExecutor.java:624)
	... 1 more
Caused by: org.apache.ratis.thirdparty.io.netty.channel.AbstractChannel$AnnotatedConnectException: Connection refused: /192.168.157.194:35647
	at sun.nio.ch.SocketChannelImpl.checkConnect(Native Method)
	at sun.nio.ch.SocketChannelImpl.finishConnect(SocketChannelImpl.java:717)
	at org.apache.ratis.thirdparty.io.netty.channel.socket.nio.NioSocketChannel.doFinishConnect(NioSocketChannel.java:327)
	at org.apache.ratis.thirdparty.io.netty.channel.nio.AbstractNioChannel$AbstractNioUnsafe.finishConnect(AbstractNioChannel.java:340)
	at org.apache.ratis.thirdparty.io.netty.channel.nio.NioEventLoop.processSelectedKey(NioEventLoop.java:632)
	at org.apache.ratis.thirdparty.io.netty.channel.nio.NioEventLoop.processSelectedKeysOptimized(NioEventLoop.java:579)
	at org.apache.ratis.thirdparty.io.netty.channel.nio.NioEventLoop.processSelectedKeys(NioEventLoop.java:496)
	at org.apache.ratis.thirdparty.io.netty.channel.nio.NioEventLoop.run(NioEventLoop.java:458)
	at org.apache.ratis.thirdparty.io.netty.util.concurrent.SingleThreadEventExecutor$5.run(SingleThreadEventExecutor.java:897)
	at org.apache.ratis.thirdparty.io.netty.util.concurrent.FastThreadLocalRunnable.run(FastThreadLocalRunnable.java:30)
	... 1 more
Caused by: java.net.ConnectException: Connection refused
	... 11 more
2019-11-04 16:47:45,651 [2911c1bb-ca7b-4253-a902-f80f167657b1@group-29467ABC0BF0-LeaderElection3598] INFO  impl.LeaderElection (LogUtils.java:infoOrTrace(149)) -   Exception 1: {}
java.util.concurrent.ExecutionException: org.apache.ratis.thirdparty.io.grpc.StatusRuntimeException: UNAVAILABLE: io exception
	at java.util.concurrent.FutureTask.report(FutureTask.java:122)
	at java.util.concurrent.FutureTask.get(FutureTask.java:192)
	at org.apache.ratis.server.impl.LeaderElection.waitForResults(LeaderElection.java:259)
	at org.apache.ratis.server.impl.LeaderElection.askForVotes(LeaderElection.java:197)
	at org.apache.ratis.server.impl.LeaderElection.run(LeaderElection.java:133)
	at java.lang.Thread.run(Thread.java:748)
Caused by: org.apache.ratis.thirdparty.io.grpc.StatusRuntimeException: UNAVAILABLE: io exception
	at org.apache.ratis.thirdparty.io.grpc.stub.ClientCalls.toStatusRuntimeException(ClientCalls.java:233)
	at org.apache.ratis.thirdparty.io.grpc.stub.ClientCalls.getUnchecked(ClientCalls.java:214)
	at org.apache.ratis.thirdparty.io.grpc.stub.ClientCalls.blockingUnaryCall(ClientCalls.java:139)
	at org.apache.ratis.proto.grpc.RaftServerProtocolServiceGrpc$RaftServerProtocolServiceBlockingStub.requestVote(RaftServerProtocolServiceGrpc.java:265)
	at org.apache.ratis.grpc.server.GrpcServerProtocolClient.requestVote(GrpcServerProtocolClient.java:99)
	at org.apache.ratis.grpc.server.GrpcService.requestVote(GrpcService.java:204)
	at org.apache.ratis.server.impl.LeaderElection.lambda$submitRequests$1(LeaderElection.java:234)
	at java.util.concurrent.FutureTask.run(FutureTask.java:266)
	at java.util.concurrent.Executors$RunnableAdapter.call(Executors.java:511)
	at java.util.concurrent.FutureTask.run(FutureTask.java:266)
	at java.util.concurrent.ThreadPoolExecutor.runWorker(ThreadPoolExecutor.java:1149)
	at java.util.concurrent.ThreadPoolExecutor$Worker.run(ThreadPoolExecutor.java:624)
	... 1 more
Caused by: org.apache.ratis.thirdparty.io.netty.channel.AbstractChannel$AnnotatedConnectException: Connection refused: /192.168.157.194:38252
	at sun.nio.ch.SocketChannelImpl.checkConnect(Native Method)
	at sun.nio.ch.SocketChannelImpl.finishConnect(SocketChannelImpl.java:717)
	at org.apache.ratis.thirdparty.io.netty.channel.socket.nio.NioSocketChannel.doFinishConnect(NioSocketChannel.java:327)
	at org.apache.ratis.thirdparty.io.netty.channel.nio.AbstractNioChannel$AbstractNioUnsafe.finishConnect(AbstractNioChannel.java:340)
	at org.apache.ratis.thirdparty.io.netty.channel.nio.NioEventLoop.processSelectedKey(NioEventLoop.java:632)
	at org.apache.ratis.thirdparty.io.netty.channel.nio.NioEventLoop.processSelectedKeysOptimized(NioEventLoop.java:579)
	at org.apache.ratis.thirdparty.io.netty.channel.nio.NioEventLoop.processSelectedKeys(NioEventLoop.java:496)
	at org.apache.ratis.thirdparty.io.netty.channel.nio.NioEventLoop.run(NioEventLoop.java:458)
	at org.apache.ratis.thirdparty.io.netty.util.concurrent.SingleThreadEventExecutor$5.run(SingleThreadEventExecutor.java:897)
	at org.apache.ratis.thirdparty.io.netty.util.concurrent.FastThreadLocalRunnable.run(FastThreadLocalRunnable.java:30)
	... 1 more
Caused by: java.net.ConnectException: Connection refused
	... 11 more
2019-11-04 16:47:45,652 [2911c1bb-ca7b-4253-a902-f80f167657b1@group-29467ABC0BF0-LeaderElection3598] INFO  impl.RaftServerImpl (RaftServerImpl.java:setRole(184)) - 2911c1bb-ca7b-4253-a902-f80f167657b1@group-29467ABC0BF0: changes role from CANDIDATE to FOLLOWER at term 87 for DISCOVERED_A_NEW_TERM
2019-11-04 16:47:45,652 [2911c1bb-ca7b-4253-a902-f80f167657b1@group-29467ABC0BF0-LeaderElection3598] INFO  impl.RoleInfo (RoleInfo.java:shutdownLeaderElection(134)) - 2911c1bb-ca7b-4253-a902-f80f167657b1: shutdown LeaderElection
2019-11-04 16:47:45,652 [2911c1bb-ca7b-4253-a902-f80f167657b1@group-29467ABC0BF0-LeaderElection3598] INFO  impl.RoleInfo (RoleInfo.java:updateAndGet(143)) - 2911c1bb-ca7b-4253-a902-f80f167657b1: start FollowerState
2019-11-04 16:47:46,267 [Thread-25009] INFO  impl.FollowerState (FollowerState.java:run(108)) - b64d56c3-7e00-4645-8b63-46d38bcf6e51@group-A695585A5CDD-FollowerState: change to CANDIDATE, lastRpcTime:1474ms, electionTimeout:1005ms
2019-11-04 16:47:46,268 [Thread-25009] INFO  impl.RoleInfo (RoleInfo.java:shutdownFollowerState(121)) - b64d56c3-7e00-4645-8b63-46d38bcf6e51: shutdown FollowerState
2019-11-04 16:47:46,268 [Thread-25009] INFO  impl.RaftServerImpl (RaftServerImpl.java:setRole(184)) - b64d56c3-7e00-4645-8b63-46d38bcf6e51@group-A695585A5CDD: changes role from  FOLLOWER to CANDIDATE at term 1 for changeToCandidate
2019-11-04 16:47:46,268 [Thread-25009] INFO  impl.RoleInfo (RoleInfo.java:updateAndGet(143)) - b64d56c3-7e00-4645-8b63-46d38bcf6e51: start LeaderElection
2019-11-04 16:47:46,268 [b64d56c3-7e00-4645-8b63-46d38bcf6e51@group-A695585A5CDD-LeaderElection3599] INFO  impl.RaftServerImpl (ServerState.java:setLeader(256)) - b64d56c3-7e00-4645-8b63-46d38bcf6e51@group-A695585A5CDD: change Leader from 693d1277-6dfc-424e-94e6-a87b40f9160b to null at term 1 for initElection
2019-11-04 16:47:46,282 [b64d56c3-7e00-4645-8b63-46d38bcf6e51@group-A695585A5CDD-LeaderElection3599] INFO  impl.LeaderElection (LeaderElection.java:askForVotes(178)) - b64d56c3-7e00-4645-8b63-46d38bcf6e51@group-A695585A5CDD-LeaderElection3599: begin an election at term 2 for 0: [b64d56c3-7e00-4645-8b63-46d38bcf6e51:192.168.157.194:33628, 693d1277-6dfc-424e-94e6-a87b40f9160b:192.168.157.194:33365, 53db7904-d288-4108-8bc9-f81d312978a3:192.168.157.194:45062], old=null
2019-11-04 16:47:46,284 [b64d56c3-7e00-4645-8b63-46d38bcf6e51@group-A695585A5CDD-LeaderElection3599] INFO  impl.LeaderElection (LogUtils.java:infoOrTrace(149)) - b64d56c3-7e00-4645-8b63-46d38bcf6e51@group-A695585A5CDD-LeaderElection3599 got exception when requesting votes: {}
java.util.concurrent.ExecutionException: org.apache.ratis.thirdparty.io.grpc.StatusRuntimeException: UNAVAILABLE: io exception
	at java.util.concurrent.FutureTask.report(FutureTask.java:122)
	at java.util.concurrent.FutureTask.get(FutureTask.java:192)
	at org.apache.ratis.server.impl.LeaderElection.waitForResults(LeaderElection.java:259)
	at org.apache.ratis.server.impl.LeaderElection.askForVotes(LeaderElection.java:197)
	at org.apache.ratis.server.impl.LeaderElection.run(LeaderElection.java:133)
	at java.lang.Thread.run(Thread.java:748)
Caused by: org.apache.ratis.thirdparty.io.grpc.StatusRuntimeException: UNAVAILABLE: io exception
	at org.apache.ratis.thirdparty.io.grpc.stub.ClientCalls.toStatusRuntimeException(ClientCalls.java:233)
	at org.apache.ratis.thirdparty.io.grpc.stub.ClientCalls.getUnchecked(ClientCalls.java:214)
	at org.apache.ratis.thirdparty.io.grpc.stub.ClientCalls.blockingUnaryCall(ClientCalls.java:139)
	at org.apache.ratis.proto.grpc.RaftServerProtocolServiceGrpc$RaftServerProtocolServiceBlockingStub.requestVote(RaftServerProtocolServiceGrpc.java:265)
	at org.apache.ratis.grpc.server.GrpcServerProtocolClient.requestVote(GrpcServerProtocolClient.java:99)
	at org.apache.ratis.grpc.server.GrpcService.requestVote(GrpcService.java:204)
	at org.apache.ratis.server.impl.LeaderElection.lambda$submitRequests$1(LeaderElection.java:234)
	at java.util.concurrent.FutureTask.run(FutureTask.java:266)
	at java.util.concurrent.Executors$RunnableAdapter.call(Executors.java:511)
	at java.util.concurrent.FutureTask.run(FutureTask.java:266)
	at java.util.concurrent.ThreadPoolExecutor.runWorker(ThreadPoolExecutor.java:1149)
	at java.util.concurrent.ThreadPoolExecutor$Worker.run(ThreadPoolExecutor.java:624)
	... 1 more
Caused by: org.apache.ratis.thirdparty.io.netty.channel.AbstractChannel$AnnotatedConnectException: Connection refused: /192.168.157.194:45062
	at sun.nio.ch.SocketChannelImpl.checkConnect(Native Method)
	at sun.nio.ch.SocketChannelImpl.finishConnect(SocketChannelImpl.java:717)
	at org.apache.ratis.thirdparty.io.netty.channel.socket.nio.NioSocketChannel.doFinishConnect(NioSocketChannel.java:327)
	at org.apache.ratis.thirdparty.io.netty.channel.nio.AbstractNioChannel$AbstractNioUnsafe.finishConnect(AbstractNioChannel.java:340)
	at org.apache.ratis.thirdparty.io.netty.channel.nio.NioEventLoop.processSelectedKey(NioEventLoop.java:632)
	at org.apache.ratis.thirdparty.io.netty.channel.nio.NioEventLoop.processSelectedKeysOptimized(NioEventLoop.java:579)
	at org.apache.ratis.thirdparty.io.netty.channel.nio.NioEventLoop.processSelectedKeys(NioEventLoop.java:496)
	at org.apache.ratis.thirdparty.io.netty.channel.nio.NioEventLoop.run(NioEventLoop.java:458)
	at org.apache.ratis.thirdparty.io.netty.util.concurrent.SingleThreadEventExecutor$5.run(SingleThreadEventExecutor.java:897)
	at org.apache.ratis.thirdparty.io.netty.util.concurrent.FastThreadLocalRunnable.run(FastThreadLocalRunnable.java:30)
	... 1 more
Caused by: java.net.ConnectException: Connection refused
	... 11 more
2019-11-04 16:47:46,285 [b64d56c3-7e00-4645-8b63-46d38bcf6e51@group-A695585A5CDD-LeaderElection3599] INFO  impl.LeaderElection (LogUtils.java:infoOrTrace(149)) - b64d56c3-7e00-4645-8b63-46d38bcf6e51@group-A695585A5CDD-LeaderElection3599 got exception when requesting votes: {}
java.util.concurrent.ExecutionException: org.apache.ratis.thirdparty.io.grpc.StatusRuntimeException: UNAVAILABLE: io exception
	at java.util.concurrent.FutureTask.report(FutureTask.java:122)
	at java.util.concurrent.FutureTask.get(FutureTask.java:192)
	at org.apache.ratis.server.impl.LeaderElection.waitForResults(LeaderElection.java:259)
	at org.apache.ratis.server.impl.LeaderElection.askForVotes(LeaderElection.java:197)
	at org.apache.ratis.server.impl.LeaderElection.run(LeaderElection.java:133)
	at java.lang.Thread.run(Thread.java:748)
Caused by: org.apache.ratis.thirdparty.io.grpc.StatusRuntimeException: UNAVAILABLE: io exception
	at org.apache.ratis.thirdparty.io.grpc.stub.ClientCalls.toStatusRuntimeException(ClientCalls.java:233)
	at org.apache.ratis.thirdparty.io.grpc.stub.ClientCalls.getUnchecked(ClientCalls.java:214)
	at org.apache.ratis.thirdparty.io.grpc.stub.ClientCalls.blockingUnaryCall(ClientCalls.java:139)
	at org.apache.ratis.proto.grpc.RaftServerProtocolServiceGrpc$RaftServerProtocolServiceBlockingStub.requestVote(RaftServerProtocolServiceGrpc.java:265)
	at org.apache.ratis.grpc.server.GrpcServerProtocolClient.requestVote(GrpcServerProtocolClient.java:99)
	at org.apache.ratis.grpc.server.GrpcService.requestVote(GrpcService.java:204)
	at org.apache.ratis.server.impl.LeaderElection.lambda$submitRequests$1(LeaderElection.java:234)
	at java.util.concurrent.FutureTask.run(FutureTask.java:266)
	at java.util.concurrent.Executors$RunnableAdapter.call(Executors.java:511)
	at java.util.concurrent.FutureTask.run(FutureTask.java:266)
	at java.util.concurrent.ThreadPoolExecutor.runWorker(ThreadPoolExecutor.java:1149)
	at java.util.concurrent.ThreadPoolExecutor$Worker.run(ThreadPoolExecutor.java:624)
	... 1 more
Caused by: org.apache.ratis.thirdparty.io.netty.channel.AbstractChannel$AnnotatedConnectException: Connection refused: /192.168.157.194:33365
	at sun.nio.ch.SocketChannelImpl.checkConnect(Native Method)
	at sun.nio.ch.SocketChannelImpl.finishConnect(SocketChannelImpl.java:717)
	at org.apache.ratis.thirdparty.io.netty.channel.socket.nio.NioSocketChannel.doFinishConnect(NioSocketChannel.java:327)
	at org.apache.ratis.thirdparty.io.netty.channel.nio.AbstractNioChannel$AbstractNioUnsafe.finishConnect(AbstractNioChannel.java:340)
	at org.apache.ratis.thirdparty.io.netty.channel.nio.NioEventLoop.processSelectedKey(NioEventLoop.java:632)
	at org.apache.ratis.thirdparty.io.netty.channel.nio.NioEventLoop.processSelectedKeysOptimized(NioEventLoop.java:579)
	at org.apache.ratis.thirdparty.io.netty.channel.nio.NioEventLoop.processSelectedKeys(NioEventLoop.java:496)
	at org.apache.ratis.thirdparty.io.netty.channel.nio.NioEventLoop.run(NioEventLoop.java:458)
	at org.apache.ratis.thirdparty.io.netty.util.concurrent.SingleThreadEventExecutor$5.run(SingleThreadEventExecutor.java:897)
	at org.apache.ratis.thirdparty.io.netty.util.concurrent.FastThreadLocalRunnable.run(FastThreadLocalRunnable.java:30)
	... 1 more
Caused by: java.net.ConnectException: Connection refused
	... 11 more
2019-11-04 16:47:46,285 [b64d56c3-7e00-4645-8b63-46d38bcf6e51@group-A695585A5CDD-LeaderElection3599] INFO  impl.LeaderElection (LeaderElection.java:logAndReturn(56)) - b64d56c3-7e00-4645-8b63-46d38bcf6e51@group-A695585A5CDD-LeaderElection3599: Election REJECTED; received 0 response(s) [] and 2 exception(s); b64d56c3-7e00-4645-8b63-46d38bcf6e51@group-A695585A5CDD:t2, leader=null, voted=b64d56c3-7e00-4645-8b63-46d38bcf6e51, raftlog=b64d56c3-7e00-4645-8b63-46d38bcf6e51@group-A695585A5CDD-SegmentedRaftLog:OPENED:c0,f0,i0, conf=0: [b64d56c3-7e00-4645-8b63-46d38bcf6e51:192.168.157.194:33628, 693d1277-6dfc-424e-94e6-a87b40f9160b:192.168.157.194:33365, 53db7904-d288-4108-8bc9-f81d312978a3:192.168.157.194:45062], old=null
2019-11-04 16:47:46,285 [b64d56c3-7e00-4645-8b63-46d38bcf6e51@group-A695585A5CDD-LeaderElection3599] INFO  impl.LeaderElection (LogUtils.java:infoOrTrace(149)) -   Exception 0: {}
java.util.concurrent.ExecutionException: org.apache.ratis.thirdparty.io.grpc.StatusRuntimeException: UNAVAILABLE: io exception
	at java.util.concurrent.FutureTask.report(FutureTask.java:122)
	at java.util.concurrent.FutureTask.get(FutureTask.java:192)
	at org.apache.ratis.server.impl.LeaderElection.waitForResults(LeaderElection.java:259)
	at org.apache.ratis.server.impl.LeaderElection.askForVotes(LeaderElection.java:197)
	at org.apache.ratis.server.impl.LeaderElection.run(LeaderElection.java:133)
	at java.lang.Thread.run(Thread.java:748)
Caused by: org.apache.ratis.thirdparty.io.grpc.StatusRuntimeException: UNAVAILABLE: io exception
	at org.apache.ratis.thirdparty.io.grpc.stub.ClientCalls.toStatusRuntimeException(ClientCalls.java:233)
	at org.apache.ratis.thirdparty.io.grpc.stub.ClientCalls.getUnchecked(ClientCalls.java:214)
	at org.apache.ratis.thirdparty.io.grpc.stub.ClientCalls.blockingUnaryCall(ClientCalls.java:139)
	at org.apache.ratis.proto.grpc.RaftServerProtocolServiceGrpc$RaftServerProtocolServiceBlockingStub.requestVote(RaftServerProtocolServiceGrpc.java:265)
	at org.apache.ratis.grpc.server.GrpcServerProtocolClient.requestVote(GrpcServerProtocolClient.java:99)
	at org.apache.ratis.grpc.server.GrpcService.requestVote(GrpcService.java:204)
	at org.apache.ratis.server.impl.LeaderElection.lambda$submitRequests$1(LeaderElection.java:234)
	at java.util.concurrent.FutureTask.run(FutureTask.java:266)
	at java.util.concurrent.Executors$RunnableAdapter.call(Executors.java:511)
	at java.util.concurrent.FutureTask.run(FutureTask.java:266)
	at java.util.concurrent.ThreadPoolExecutor.runWorker(ThreadPoolExecutor.java:1149)
	at java.util.concurrent.ThreadPoolExecutor$Worker.run(ThreadPoolExecutor.java:624)
	... 1 more
Caused by: org.apache.ratis.thirdparty.io.netty.channel.AbstractChannel$AnnotatedConnectException: Connection refused: /192.168.157.194:45062
	at sun.nio.ch.SocketChannelImpl.checkConnect(Native Method)
	at sun.nio.ch.SocketChannelImpl.finishConnect(SocketChannelImpl.java:717)
	at org.apache.ratis.thirdparty.io.netty.channel.socket.nio.NioSocketChannel.doFinishConnect(NioSocketChannel.java:327)
	at org.apache.ratis.thirdparty.io.netty.channel.nio.AbstractNioChannel$AbstractNioUnsafe.finishConnect(AbstractNioChannel.java:340)
	at org.apache.ratis.thirdparty.io.netty.channel.nio.NioEventLoop.processSelectedKey(NioEventLoop.java:632)
	at org.apache.ratis.thirdparty.io.netty.channel.nio.NioEventLoop.processSelectedKeysOptimized(NioEventLoop.java:579)
	at org.apache.ratis.thirdparty.io.netty.channel.nio.NioEventLoop.processSelectedKeys(NioEventLoop.java:496)
	at org.apache.ratis.thirdparty.io.netty.channel.nio.NioEventLoop.run(NioEventLoop.java:458)
	at org.apache.ratis.thirdparty.io.netty.util.concurrent.SingleThreadEventExecutor$5.run(SingleThreadEventExecutor.java:897)
	at org.apache.ratis.thirdparty.io.netty.util.concurrent.FastThreadLocalRunnable.run(FastThreadLocalRunnable.java:30)
	... 1 more
Caused by: java.net.ConnectException: Connection refused
	... 11 more
2019-11-04 16:47:46,286 [b64d56c3-7e00-4645-8b63-46d38bcf6e51@group-A695585A5CDD-LeaderElection3599] INFO  impl.LeaderElection (LogUtils.java:infoOrTrace(149)) -   Exception 1: {}
java.util.concurrent.ExecutionException: org.apache.ratis.thirdparty.io.grpc.StatusRuntimeException: UNAVAILABLE: io exception
	at java.util.concurrent.FutureTask.report(FutureTask.java:122)
	at java.util.concurrent.FutureTask.get(FutureTask.java:192)
	at org.apache.ratis.server.impl.LeaderElection.waitForResults(LeaderElection.java:259)
	at org.apache.ratis.server.impl.LeaderElection.askForVotes(LeaderElection.java:197)
	at org.apache.ratis.server.impl.LeaderElection.run(LeaderElection.java:133)
	at java.lang.Thread.run(Thread.java:748)
Caused by: org.apache.ratis.thirdparty.io.grpc.StatusRuntimeException: UNAVAILABLE: io exception
	at org.apache.ratis.thirdparty.io.grpc.stub.ClientCalls.toStatusRuntimeException(ClientCalls.java:233)
	at org.apache.ratis.thirdparty.io.grpc.stub.ClientCalls.getUnchecked(ClientCalls.java:214)
	at org.apache.ratis.thirdparty.io.grpc.stub.ClientCalls.blockingUnaryCall(ClientCalls.java:139)
	at org.apache.ratis.proto.grpc.RaftServerProtocolServiceGrpc$RaftServerProtocolServiceBlockingStub.requestVote(RaftServerProtocolServiceGrpc.java:265)
	at org.apache.ratis.grpc.server.GrpcServerProtocolClient.requestVote(GrpcServerProtocolClient.java:99)
	at org.apache.ratis.grpc.server.GrpcService.requestVote(GrpcService.java:204)
	at org.apache.ratis.server.impl.LeaderElection.lambda$submitRequests$1(LeaderElection.java:234)
	at java.util.concurrent.FutureTask.run(FutureTask.java:266)
	at java.util.concurrent.Executors$RunnableAdapter.call(Executors.java:511)
	at java.util.concurrent.FutureTask.run(FutureTask.java:266)
	at java.util.concurrent.ThreadPoolExecutor.runWorker(ThreadPoolExecutor.java:1149)
	at java.util.concurrent.ThreadPoolExecutor$Worker.run(ThreadPoolExecutor.java:624)
	... 1 more
Caused by: org.apache.ratis.thirdparty.io.netty.channel.AbstractChannel$AnnotatedConnectException: Connection refused: /192.168.157.194:33365
	at sun.nio.ch.SocketChannelImpl.checkConnect(Native Method)
	at sun.nio.ch.SocketChannelImpl.finishConnect(SocketChannelImpl.java:717)
	at org.apache.ratis.thirdparty.io.netty.channel.socket.nio.NioSocketChannel.doFinishConnect(NioSocketChannel.java:327)
	at org.apache.ratis.thirdparty.io.netty.channel.nio.AbstractNioChannel$AbstractNioUnsafe.finishConnect(AbstractNioChannel.java:340)
	at org.apache.ratis.thirdparty.io.netty.channel.nio.NioEventLoop.processSelectedKey(NioEventLoop.java:632)
	at org.apache.ratis.thirdparty.io.netty.channel.nio.NioEventLoop.processSelectedKeysOptimized(NioEventLoop.java:579)
	at org.apache.ratis.thirdparty.io.netty.channel.nio.NioEventLoop.processSelectedKeys(NioEventLoop.java:496)
	at org.apache.ratis.thirdparty.io.netty.channel.nio.NioEventLoop.run(NioEventLoop.java:458)
	at org.apache.ratis.thirdparty.io.netty.util.concurrent.SingleThreadEventExecutor$5.run(SingleThreadEventExecutor.java:897)
	at org.apache.ratis.thirdparty.io.netty.util.concurrent.FastThreadLocalRunnable.run(FastThreadLocalRunnable.java:30)
	... 1 more
Caused by: java.net.ConnectException: Connection refused
	... 11 more
2019-11-04 16:47:46,286 [b64d56c3-7e00-4645-8b63-46d38bcf6e51@group-A695585A5CDD-LeaderElection3599] INFO  impl.RaftServerImpl (RaftServerImpl.java:setRole(184)) - b64d56c3-7e00-4645-8b63-46d38bcf6e51@group-A695585A5CDD: changes role from CANDIDATE to FOLLOWER at term 2 for DISCOVERED_A_NEW_TERM
2019-11-04 16:47:46,286 [b64d56c3-7e00-4645-8b63-46d38bcf6e51@group-A695585A5CDD-LeaderElection3599] INFO  impl.RoleInfo (RoleInfo.java:shutdownLeaderElection(134)) - b64d56c3-7e00-4645-8b63-46d38bcf6e51: shutdown LeaderElection
2019-11-04 16:47:46,286 [b64d56c3-7e00-4645-8b63-46d38bcf6e51@group-A695585A5CDD-LeaderElection3599] INFO  impl.RoleInfo (RoleInfo.java:updateAndGet(143)) - b64d56c3-7e00-4645-8b63-46d38bcf6e51: start FollowerState
2019-11-04 16:47:46,803 [Thread-25828] INFO  impl.FollowerState (FollowerState.java:run(108)) - 2911c1bb-ca7b-4253-a902-f80f167657b1@group-29467ABC0BF0-FollowerState: change to CANDIDATE, lastRpcTime:1151ms, electionTimeout:1151ms
2019-11-04 16:47:46,803 [Thread-25828] INFO  impl.RoleInfo (RoleInfo.java:shutdownFollowerState(121)) - 2911c1bb-ca7b-4253-a902-f80f167657b1: shutdown FollowerState
2019-11-04 16:47:46,804 [Thread-25828] INFO  impl.RaftServerImpl (RaftServerImpl.java:setRole(184)) - 2911c1bb-ca7b-4253-a902-f80f167657b1@group-29467ABC0BF0: changes role from  FOLLOWER to CANDIDATE at term 87 for changeToCandidate
2019-11-04 16:47:46,804 [Thread-25828] INFO  impl.RoleInfo (RoleInfo.java:updateAndGet(143)) - 2911c1bb-ca7b-4253-a902-f80f167657b1: start LeaderElection
2019-11-04 16:47:46,817 [2911c1bb-ca7b-4253-a902-f80f167657b1@group-29467ABC0BF0-LeaderElection3600] INFO  impl.LeaderElection (LeaderElection.java:askForVotes(178)) - 2911c1bb-ca7b-4253-a902-f80f167657b1@group-29467ABC0BF0-LeaderElection3600: begin an election at term 88 for 1: [2911c1bb-ca7b-4253-a902-f80f167657b1:192.168.157.194:45844, 7fc3dcce-a523-45fc-b6d6-b2bad08ce4da:192.168.157.194:35647, 18bcd373-7631-4e7c-b817-d7839f17bf5a:192.168.157.194:38252], old=null
2019-11-04 16:47:46,817 [2911c1bb-ca7b-4253-a902-f80f167657b1@group-29467ABC0BF0-LeaderElection3600] INFO  impl.LeaderElection (LogUtils.java:infoOrTrace(149)) - 2911c1bb-ca7b-4253-a902-f80f167657b1@group-29467ABC0BF0-LeaderElection3600 got exception when requesting votes: {}
java.util.concurrent.ExecutionException: org.apache.ratis.thirdparty.io.grpc.StatusRuntimeException: UNAVAILABLE: io exception
	at java.util.concurrent.FutureTask.report(FutureTask.java:122)
	at java.util.concurrent.FutureTask.get(FutureTask.java:192)
	at org.apache.ratis.server.impl.LeaderElection.waitForResults(LeaderElection.java:259)
	at org.apache.ratis.server.impl.LeaderElection.askForVotes(LeaderElection.java:197)
	at org.apache.ratis.server.impl.LeaderElection.run(LeaderElection.java:133)
	at java.lang.Thread.run(Thread.java:748)
Caused by: org.apache.ratis.thirdparty.io.grpc.StatusRuntimeException: UNAVAILABLE: io exception
	at org.apache.ratis.thirdparty.io.grpc.stub.ClientCalls.toStatusRuntimeException(ClientCalls.java:233)
	at org.apache.ratis.thirdparty.io.grpc.stub.ClientCalls.getUnchecked(ClientCalls.java:214)
	at org.apache.ratis.thirdparty.io.grpc.stub.ClientCalls.blockingUnaryCall(ClientCalls.java:139)
	at org.apache.ratis.proto.grpc.RaftServerProtocolServiceGrpc$RaftServerProtocolServiceBlockingStub.requestVote(RaftServerProtocolServiceGrpc.java:265)
	at org.apache.ratis.grpc.server.GrpcServerProtocolClient.requestVote(GrpcServerProtocolClient.java:99)
	at org.apache.ratis.grpc.server.GrpcService.requestVote(GrpcService.java:204)
	at org.apache.ratis.server.impl.LeaderElection.lambda$submitRequests$1(LeaderElection.java:234)
	at java.util.concurrent.FutureTask.run(FutureTask.java:266)
	at java.util.concurrent.Executors$RunnableAdapter.call(Executors.java:511)
	at java.util.concurrent.FutureTask.run(FutureTask.java:266)
	at java.util.concurrent.ThreadPoolExecutor.runWorker(ThreadPoolExecutor.java:1149)
	at java.util.concurrent.ThreadPoolExecutor$Worker.run(ThreadPoolExecutor.java:624)
	... 1 more
Caused by: org.apache.ratis.thirdparty.io.netty.channel.AbstractChannel$AnnotatedConnectException: Connection refused: /192.168.157.194:35647
	at sun.nio.ch.SocketChannelImpl.checkConnect(Native Method)
	at sun.nio.ch.SocketChannelImpl.finishConnect(SocketChannelImpl.java:717)
	at org.apache.ratis.thirdparty.io.netty.channel.socket.nio.NioSocketChannel.doFinishConnect(NioSocketChannel.java:327)
	at org.apache.ratis.thirdparty.io.netty.channel.nio.AbstractNioChannel$AbstractNioUnsafe.finishConnect(AbstractNioChannel.java:340)
	at org.apache.ratis.thirdparty.io.netty.channel.nio.NioEventLoop.processSelectedKey(NioEventLoop.java:632)
	at org.apache.ratis.thirdparty.io.netty.channel.nio.NioEventLoop.processSelectedKeysOptimized(NioEventLoop.java:579)
	at org.apache.ratis.thirdparty.io.netty.channel.nio.NioEventLoop.processSelectedKeys(NioEventLoop.java:496)
	at org.apache.ratis.thirdparty.io.netty.channel.nio.NioEventLoop.run(NioEventLoop.java:458)
	at org.apache.ratis.thirdparty.io.netty.util.concurrent.SingleThreadEventExecutor$5.run(SingleThreadEventExecutor.java:897)
	at org.apache.ratis.thirdparty.io.netty.util.concurrent.FastThreadLocalRunnable.run(FastThreadLocalRunnable.java:30)
	... 1 more
Caused by: java.net.ConnectException: Connection refused
	... 11 more
2019-11-04 16:47:46,818 [2911c1bb-ca7b-4253-a902-f80f167657b1@group-29467ABC0BF0-LeaderElection3600] INFO  impl.LeaderElection (LogUtils.java:infoOrTrace(149)) - 2911c1bb-ca7b-4253-a902-f80f167657b1@group-29467ABC0BF0-LeaderElection3600 got exception when requesting votes: {}
java.util.concurrent.ExecutionException: org.apache.ratis.thirdparty.io.grpc.StatusRuntimeException: UNAVAILABLE: io exception
	at java.util.concurrent.FutureTask.report(FutureTask.java:122)
	at java.util.concurrent.FutureTask.get(FutureTask.java:192)
	at org.apache.ratis.server.impl.LeaderElection.waitForResults(LeaderElection.java:259)
	at org.apache.ratis.server.impl.LeaderElection.askForVotes(LeaderElection.java:197)
	at org.apache.ratis.server.impl.LeaderElection.run(LeaderElection.java:133)
	at java.lang.Thread.run(Thread.java:748)
Caused by: org.apache.ratis.thirdparty.io.grpc.StatusRuntimeException: UNAVAILABLE: io exception
	at org.apache.ratis.thirdparty.io.grpc.stub.ClientCalls.toStatusRuntimeException(ClientCalls.java:233)
	at org.apache.ratis.thirdparty.io.grpc.stub.ClientCalls.getUnchecked(ClientCalls.java:214)
	at org.apache.ratis.thirdparty.io.grpc.stub.ClientCalls.blockingUnaryCall(ClientCalls.java:139)
	at org.apache.ratis.proto.grpc.RaftServerProtocolServiceGrpc$RaftServerProtocolServiceBlockingStub.requestVote(RaftServerProtocolServiceGrpc.java:265)
	at org.apache.ratis.grpc.server.GrpcServerProtocolClient.requestVote(GrpcServerProtocolClient.java:99)
	at org.apache.ratis.grpc.server.GrpcService.requestVote(GrpcService.java:204)
	at org.apache.ratis.server.impl.LeaderElection.lambda$submitRequests$1(LeaderElection.java:234)
	at java.util.concurrent.FutureTask.run(FutureTask.java:266)
	at java.util.concurrent.Executors$RunnableAdapter.call(Executors.java:511)
	at java.util.concurrent.FutureTask.run(FutureTask.java:266)
	at java.util.concurrent.ThreadPoolExecutor.runWorker(ThreadPoolExecutor.java:1149)
	at java.util.concurrent.ThreadPoolExecutor$Worker.run(ThreadPoolExecutor.java:624)
	... 1 more
Caused by: org.apache.ratis.thirdparty.io.netty.channel.AbstractChannel$AnnotatedConnectException: Connection refused: /192.168.157.194:38252
	at sun.nio.ch.SocketChannelImpl.checkConnect(Native Method)
	at sun.nio.ch.SocketChannelImpl.finishConnect(SocketChannelImpl.java:717)
	at org.apache.ratis.thirdparty.io.netty.channel.socket.nio.NioSocketChannel.doFinishConnect(NioSocketChannel.java:327)
	at org.apache.ratis.thirdparty.io.netty.channel.nio.AbstractNioChannel$AbstractNioUnsafe.finishConnect(AbstractNioChannel.java:340)
	at org.apache.ratis.thirdparty.io.netty.channel.nio.NioEventLoop.processSelectedKey(NioEventLoop.java:632)
	at org.apache.ratis.thirdparty.io.netty.channel.nio.NioEventLoop.processSelectedKeysOptimized(NioEventLoop.java:579)
	at org.apache.ratis.thirdparty.io.netty.channel.nio.NioEventLoop.processSelectedKeys(NioEventLoop.java:496)
	at org.apache.ratis.thirdparty.io.netty.channel.nio.NioEventLoop.run(NioEventLoop.java:458)
	at org.apache.ratis.thirdparty.io.netty.util.concurrent.SingleThreadEventExecutor$5.run(SingleThreadEventExecutor.java:897)
	at org.apache.ratis.thirdparty.io.netty.util.concurrent.FastThreadLocalRunnable.run(FastThreadLocalRunnable.java:30)
	... 1 more
Caused by: java.net.ConnectException: Connection refused
	... 11 more
2019-11-04 16:47:46,818 [2911c1bb-ca7b-4253-a902-f80f167657b1@group-29467ABC0BF0-LeaderElection3600] INFO  impl.LeaderElection (LeaderElection.java:logAndReturn(56)) - 2911c1bb-ca7b-4253-a902-f80f167657b1@group-29467ABC0BF0-LeaderElection3600: Election REJECTED; received 0 response(s) [] and 2 exception(s); 2911c1bb-ca7b-4253-a902-f80f167657b1@group-29467ABC0BF0:t88, leader=null, voted=2911c1bb-ca7b-4253-a902-f80f167657b1, raftlog=2911c1bb-ca7b-4253-a902-f80f167657b1@group-29467ABC0BF0-SegmentedRaftLog:OPENED:c2,f2,i2, conf=1: [2911c1bb-ca7b-4253-a902-f80f167657b1:192.168.157.194:45844, 7fc3dcce-a523-45fc-b6d6-b2bad08ce4da:192.168.157.194:35647, 18bcd373-7631-4e7c-b817-d7839f17bf5a:192.168.157.194:38252], old=null
2019-11-04 16:47:46,818 [2911c1bb-ca7b-4253-a902-f80f167657b1@group-29467ABC0BF0-LeaderElection3600] INFO  impl.LeaderElection (LogUtils.java:infoOrTrace(149)) -   Exception 0: {}
java.util.concurrent.ExecutionException: org.apache.ratis.thirdparty.io.grpc.StatusRuntimeException: UNAVAILABLE: io exception
	at java.util.concurrent.FutureTask.report(FutureTask.java:122)
	at java.util.concurrent.FutureTask.get(FutureTask.java:192)
	at org.apache.ratis.server.impl.LeaderElection.waitForResults(LeaderElection.java:259)
	at org.apache.ratis.server.impl.LeaderElection.askForVotes(LeaderElection.java:197)
	at org.apache.ratis.server.impl.LeaderElection.run(LeaderElection.java:133)
	at java.lang.Thread.run(Thread.java:748)
Caused by: org.apache.ratis.thirdparty.io.grpc.StatusRuntimeException: UNAVAILABLE: io exception
	at org.apache.ratis.thirdparty.io.grpc.stub.ClientCalls.toStatusRuntimeException(ClientCalls.java:233)
	at org.apache.ratis.thirdparty.io.grpc.stub.ClientCalls.getUnchecked(ClientCalls.java:214)
	at org.apache.ratis.thirdparty.io.grpc.stub.ClientCalls.blockingUnaryCall(ClientCalls.java:139)
	at org.apache.ratis.proto.grpc.RaftServerProtocolServiceGrpc$RaftServerProtocolServiceBlockingStub.requestVote(RaftServerProtocolServiceGrpc.java:265)
	at org.apache.ratis.grpc.server.GrpcServerProtocolClient.requestVote(GrpcServerProtocolClient.java:99)
	at org.apache.ratis.grpc.server.GrpcService.requestVote(GrpcService.java:204)
	at org.apache.ratis.server.impl.LeaderElection.lambda$submitRequests$1(LeaderElection.java:234)
	at java.util.concurrent.FutureTask.run(FutureTask.java:266)
	at java.util.concurrent.Executors$RunnableAdapter.call(Executors.java:511)
	at java.util.concurrent.FutureTask.run(FutureTask.java:266)
	at java.util.concurrent.ThreadPoolExecutor.runWorker(ThreadPoolExecutor.java:1149)
	at java.util.concurrent.ThreadPoolExecutor$Worker.run(ThreadPoolExecutor.java:624)
	... 1 more
Caused by: org.apache.ratis.thirdparty.io.netty.channel.AbstractChannel$AnnotatedConnectException: Connection refused: /192.168.157.194:35647
	at sun.nio.ch.SocketChannelImpl.checkConnect(Native Method)
	at sun.nio.ch.SocketChannelImpl.finishConnect(SocketChannelImpl.java:717)
	at org.apache.ratis.thirdparty.io.netty.channel.socket.nio.NioSocketChannel.doFinishConnect(NioSocketChannel.java:327)
	at org.apache.ratis.thirdparty.io.netty.channel.nio.AbstractNioChannel$AbstractNioUnsafe.finishConnect(AbstractNioChannel.java:340)
	at org.apache.ratis.thirdparty.io.netty.channel.nio.NioEventLoop.processSelectedKey(NioEventLoop.java:632)
	at org.apache.ratis.thirdparty.io.netty.channel.nio.NioEventLoop.processSelectedKeysOptimized(NioEventLoop.java:579)
	at org.apache.ratis.thirdparty.io.netty.channel.nio.NioEventLoop.processSelectedKeys(NioEventLoop.java:496)
	at org.apache.ratis.thirdparty.io.netty.channel.nio.NioEventLoop.run(NioEventLoop.java:458)
	at org.apache.ratis.thirdparty.io.netty.util.concurrent.SingleThreadEventExecutor$5.run(SingleThreadEventExecutor.java:897)
	at org.apache.ratis.thirdparty.io.netty.util.concurrent.FastThreadLocalRunnable.run(FastThreadLocalRunnable.java:30)
	... 1 more
Caused by: java.net.ConnectException: Connection refused
	... 11 more
2019-11-04 16:47:46,818 [2911c1bb-ca7b-4253-a902-f80f167657b1@group-29467ABC0BF0-LeaderElection3600] INFO  impl.LeaderElection (LogUtils.java:infoOrTrace(149)) -   Exception 1: {}
java.util.concurrent.ExecutionException: org.apache.ratis.thirdparty.io.grpc.StatusRuntimeException: UNAVAILABLE: io exception
	at java.util.concurrent.FutureTask.report(FutureTask.java:122)
	at java.util.concurrent.FutureTask.get(FutureTask.java:192)
	at org.apache.ratis.server.impl.LeaderElection.waitForResults(LeaderElection.java:259)
	at org.apache.ratis.server.impl.LeaderElection.askForVotes(LeaderElection.java:197)
	at org.apache.ratis.server.impl.LeaderElection.run(LeaderElection.java:133)
	at java.lang.Thread.run(Thread.java:748)
Caused by: org.apache.ratis.thirdparty.io.grpc.StatusRuntimeException: UNAVAILABLE: io exception
	at org.apache.ratis.thirdparty.io.grpc.stub.ClientCalls.toStatusRuntimeException(ClientCalls.java:233)
	at org.apache.ratis.thirdparty.io.grpc.stub.ClientCalls.getUnchecked(ClientCalls.java:214)
	at org.apache.ratis.thirdparty.io.grpc.stub.ClientCalls.blockingUnaryCall(ClientCalls.java:139)
	at org.apache.ratis.proto.grpc.RaftServerProtocolServiceGrpc$RaftServerProtocolServiceBlockingStub.requestVote(RaftServerProtocolServiceGrpc.java:265)
	at org.apache.ratis.grpc.server.GrpcServerProtocolClient.requestVote(GrpcServerProtocolClient.java:99)
	at org.apache.ratis.grpc.server.GrpcService.requestVote(GrpcService.java:204)
	at org.apache.ratis.server.impl.LeaderElection.lambda$submitRequests$1(LeaderElection.java:234)
	at java.util.concurrent.FutureTask.run(FutureTask.java:266)
	at java.util.concurrent.Executors$RunnableAdapter.call(Executors.java:511)
	at java.util.concurrent.FutureTask.run(FutureTask.java:266)
	at java.util.concurrent.ThreadPoolExecutor.runWorker(ThreadPoolExecutor.java:1149)
	at java.util.concurrent.ThreadPoolExecutor$Worker.run(ThreadPoolExecutor.java:624)
	... 1 more
Caused by: org.apache.ratis.thirdparty.io.netty.channel.AbstractChannel$AnnotatedConnectException: Connection refused: /192.168.157.194:38252
	at sun.nio.ch.SocketChannelImpl.checkConnect(Native Method)
	at sun.nio.ch.SocketChannelImpl.finishConnect(SocketChannelImpl.java:717)
	at org.apache.ratis.thirdparty.io.netty.channel.socket.nio.NioSocketChannel.doFinishConnect(NioSocketChannel.java:327)
	at org.apache.ratis.thirdparty.io.netty.channel.nio.AbstractNioChannel$AbstractNioUnsafe.finishConnect(AbstractNioChannel.java:340)
	at org.apache.ratis.thirdparty.io.netty.channel.nio.NioEventLoop.processSelectedKey(NioEventLoop.java:632)
	at org.apache.ratis.thirdparty.io.netty.channel.nio.NioEventLoop.processSelectedKeysOptimized(NioEventLoop.java:579)
	at org.apache.ratis.thirdparty.io.netty.channel.nio.NioEventLoop.processSelectedKeys(NioEventLoop.java:496)
	at org.apache.ratis.thirdparty.io.netty.channel.nio.NioEventLoop.run(NioEventLoop.java:458)
	at org.apache.ratis.thirdparty.io.netty.util.concurrent.SingleThreadEventExecutor$5.run(SingleThreadEventExecutor.java:897)
	at org.apache.ratis.thirdparty.io.netty.util.concurrent.FastThreadLocalRunnable.run(FastThreadLocalRunnable.java:30)
	... 1 more
Caused by: java.net.ConnectException: Connection refused
	... 11 more
2019-11-04 16:47:46,819 [2911c1bb-ca7b-4253-a902-f80f167657b1@group-29467ABC0BF0-LeaderElection3600] INFO  impl.RaftServerImpl (RaftServerImpl.java:setRole(184)) - 2911c1bb-ca7b-4253-a902-f80f167657b1@group-29467ABC0BF0: changes role from CANDIDATE to FOLLOWER at term 88 for DISCOVERED_A_NEW_TERM
2019-11-04 16:47:46,819 [2911c1bb-ca7b-4253-a902-f80f167657b1@group-29467ABC0BF0-LeaderElection3600] INFO  impl.RoleInfo (RoleInfo.java:shutdownLeaderElection(134)) - 2911c1bb-ca7b-4253-a902-f80f167657b1: shutdown LeaderElection
2019-11-04 16:47:46,819 [2911c1bb-ca7b-4253-a902-f80f167657b1@group-29467ABC0BF0-LeaderElection3600] INFO  impl.RoleInfo (RoleInfo.java:updateAndGet(143)) - 2911c1bb-ca7b-4253-a902-f80f167657b1: start FollowerState
2019-11-04 16:47:47,347 [Thread-25836] INFO  impl.FollowerState (FollowerState.java:run(108)) - b64d56c3-7e00-4645-8b63-46d38bcf6e51@group-A695585A5CDD-FollowerState: change to CANDIDATE, lastRpcTime:1060ms, electionTimeout:1060ms
2019-11-04 16:47:47,347 [Thread-25836] INFO  impl.RoleInfo (RoleInfo.java:shutdownFollowerState(121)) - b64d56c3-7e00-4645-8b63-46d38bcf6e51: shutdown FollowerState
2019-11-04 16:47:47,347 [Thread-25836] INFO  impl.RaftServerImpl (RaftServerImpl.java:setRole(184)) - b64d56c3-7e00-4645-8b63-46d38bcf6e51@group-A695585A5CDD: changes role from  FOLLOWER to CANDIDATE at term 2 for changeToCandidate
2019-11-04 16:47:47,347 [Thread-25836] INFO  impl.RoleInfo (RoleInfo.java:updateAndGet(143)) - b64d56c3-7e00-4645-8b63-46d38bcf6e51: start LeaderElection
2019-11-04 16:47:47,362 [b64d56c3-7e00-4645-8b63-46d38bcf6e51@group-A695585A5CDD-LeaderElection3601] INFO  impl.LeaderElection (LeaderElection.java:askForVotes(178)) - b64d56c3-7e00-4645-8b63-46d38bcf6e51@group-A695585A5CDD-LeaderElection3601: begin an election at term 3 for 0: [b64d56c3-7e00-4645-8b63-46d38bcf6e51:192.168.157.194:33628, 693d1277-6dfc-424e-94e6-a87b40f9160b:192.168.157.194:33365, 53db7904-d288-4108-8bc9-f81d312978a3:192.168.157.194:45062], old=null
2019-11-04 16:47:47,362 [b64d56c3-7e00-4645-8b63-46d38bcf6e51@group-A695585A5CDD-LeaderElection3601] INFO  impl.LeaderElection (LogUtils.java:infoOrTrace(149)) - b64d56c3-7e00-4645-8b63-46d38bcf6e51@group-A695585A5CDD-LeaderElection3601 got exception when requesting votes: {}
java.util.concurrent.ExecutionException: org.apache.ratis.thirdparty.io.grpc.StatusRuntimeException: UNAVAILABLE: io exception
	at java.util.concurrent.FutureTask.report(FutureTask.java:122)
	at java.util.concurrent.FutureTask.get(FutureTask.java:192)
	at org.apache.ratis.server.impl.LeaderElection.waitForResults(LeaderElection.java:259)
	at org.apache.ratis.server.impl.LeaderElection.askForVotes(LeaderElection.java:197)
	at org.apache.ratis.server.impl.LeaderElection.run(LeaderElection.java:133)
	at java.lang.Thread.run(Thread.java:748)
Caused by: org.apache.ratis.thirdparty.io.grpc.StatusRuntimeException: UNAVAILABLE: io exception
	at org.apache.ratis.thirdparty.io.grpc.stub.ClientCalls.toStatusRuntimeException(ClientCalls.java:233)
	at org.apache.ratis.thirdparty.io.grpc.stub.ClientCalls.getUnchecked(ClientCalls.java:214)
	at org.apache.ratis.thirdparty.io.grpc.stub.ClientCalls.blockingUnaryCall(ClientCalls.java:139)
	at org.apache.ratis.proto.grpc.RaftServerProtocolServiceGrpc$RaftServerProtocolServiceBlockingStub.requestVote(RaftServerProtocolServiceGrpc.java:265)
	at org.apache.ratis.grpc.server.GrpcServerProtocolClient.requestVote(GrpcServerProtocolClient.java:99)
	at org.apache.ratis.grpc.server.GrpcService.requestVote(GrpcService.java:204)
	at org.apache.ratis.server.impl.LeaderElection.lambda$submitRequests$1(LeaderElection.java:234)
	at java.util.concurrent.FutureTask.run(FutureTask.java:266)
	at java.util.concurrent.Executors$RunnableAdapter.call(Executors.java:511)
	at java.util.concurrent.FutureTask.run(FutureTask.java:266)
	at java.util.concurrent.ThreadPoolExecutor.runWorker(ThreadPoolExecutor.java:1149)
	at java.util.concurrent.ThreadPoolExecutor$Worker.run(ThreadPoolExecutor.java:624)
	... 1 more
Caused by: org.apache.ratis.thirdparty.io.netty.channel.AbstractChannel$AnnotatedConnectException: Connection refused: /192.168.157.194:33365
	at sun.nio.ch.SocketChannelImpl.checkConnect(Native Method)
	at sun.nio.ch.SocketChannelImpl.finishConnect(SocketChannelImpl.java:717)
	at org.apache.ratis.thirdparty.io.netty.channel.socket.nio.NioSocketChannel.doFinishConnect(NioSocketChannel.java:327)
	at org.apache.ratis.thirdparty.io.netty.channel.nio.AbstractNioChannel$AbstractNioUnsafe.finishConnect(AbstractNioChannel.java:340)
	at org.apache.ratis.thirdparty.io.netty.channel.nio.NioEventLoop.processSelectedKey(NioEventLoop.java:632)
	at org.apache.ratis.thirdparty.io.netty.channel.nio.NioEventLoop.processSelectedKeysOptimized(NioEventLoop.java:579)
	at org.apache.ratis.thirdparty.io.netty.channel.nio.NioEventLoop.processSelectedKeys(NioEventLoop.java:496)
	at org.apache.ratis.thirdparty.io.netty.channel.nio.NioEventLoop.run(NioEventLoop.java:458)
	at org.apache.ratis.thirdparty.io.netty.util.concurrent.SingleThreadEventExecutor$5.run(SingleThreadEventExecutor.java:897)
	at org.apache.ratis.thirdparty.io.netty.util.concurrent.FastThreadLocalRunnable.run(FastThreadLocalRunnable.java:30)
	... 1 more
Caused by: java.net.ConnectException: Connection refused
	... 11 more
2019-11-04 16:47:47,363 [b64d56c3-7e00-4645-8b63-46d38bcf6e51@group-A695585A5CDD-LeaderElection3601] INFO  impl.LeaderElection (LogUtils.java:infoOrTrace(149)) - b64d56c3-7e00-4645-8b63-46d38bcf6e51@group-A695585A5CDD-LeaderElection3601 got exception when requesting votes: {}
java.util.concurrent.ExecutionException: org.apache.ratis.thirdparty.io.grpc.StatusRuntimeException: UNAVAILABLE: io exception
	at java.util.concurrent.FutureTask.report(FutureTask.java:122)
	at java.util.concurrent.FutureTask.get(FutureTask.java:192)
	at org.apache.ratis.server.impl.LeaderElection.waitForResults(LeaderElection.java:259)
	at org.apache.ratis.server.impl.LeaderElection.askForVotes(LeaderElection.java:197)
	at org.apache.ratis.server.impl.LeaderElection.run(LeaderElection.java:133)
	at java.lang.Thread.run(Thread.java:748)
Caused by: org.apache.ratis.thirdparty.io.grpc.StatusRuntimeException: UNAVAILABLE: io exception
	at org.apache.ratis.thirdparty.io.grpc.stub.ClientCalls.toStatusRuntimeException(ClientCalls.java:233)
	at org.apache.ratis.thirdparty.io.grpc.stub.ClientCalls.getUnchecked(ClientCalls.java:214)
	at org.apache.ratis.thirdparty.io.grpc.stub.ClientCalls.blockingUnaryCall(ClientCalls.java:139)
	at org.apache.ratis.proto.grpc.RaftServerProtocolServiceGrpc$RaftServerProtocolServiceBlockingStub.requestVote(RaftServerProtocolServiceGrpc.java:265)
	at org.apache.ratis.grpc.server.GrpcServerProtocolClient.requestVote(GrpcServerProtocolClient.java:99)
	at org.apache.ratis.grpc.server.GrpcService.requestVote(GrpcService.java:204)
	at org.apache.ratis.server.impl.LeaderElection.lambda$submitRequests$1(LeaderElection.java:234)
	at java.util.concurrent.FutureTask.run(FutureTask.java:266)
	at java.util.concurrent.Executors$RunnableAdapter.call(Executors.java:511)
	at java.util.concurrent.FutureTask.run(FutureTask.java:266)
	at java.util.concurrent.ThreadPoolExecutor.runWorker(ThreadPoolExecutor.java:1149)
	at java.util.concurrent.ThreadPoolExecutor$Worker.run(ThreadPoolExecutor.java:624)
	... 1 more
Caused by: org.apache.ratis.thirdparty.io.netty.channel.AbstractChannel$AnnotatedConnectException: Connection refused: /192.168.157.194:45062
	at sun.nio.ch.SocketChannelImpl.checkConnect(Native Method)
	at sun.nio.ch.SocketChannelImpl.finishConnect(SocketChannelImpl.java:717)
	at org.apache.ratis.thirdparty.io.netty.channel.socket.nio.NioSocketChannel.doFinishConnect(NioSocketChannel.java:327)
	at org.apache.ratis.thirdparty.io.netty.channel.nio.AbstractNioChannel$AbstractNioUnsafe.finishConnect(AbstractNioChannel.java:340)
	at org.apache.ratis.thirdparty.io.netty.channel.nio.NioEventLoop.processSelectedKey(NioEventLoop.java:632)
	at org.apache.ratis.thirdparty.io.netty.channel.nio.NioEventLoop.processSelectedKeysOptimized(NioEventLoop.java:579)
	at org.apache.ratis.thirdparty.io.netty.channel.nio.NioEventLoop.processSelectedKeys(NioEventLoop.java:496)
	at org.apache.ratis.thirdparty.io.netty.channel.nio.NioEventLoop.run(NioEventLoop.java:458)
	at org.apache.ratis.thirdparty.io.netty.util.concurrent.SingleThreadEventExecutor$5.run(SingleThreadEventExecutor.java:897)
	at org.apache.ratis.thirdparty.io.netty.util.concurrent.FastThreadLocalRunnable.run(FastThreadLocalRunnable.java:30)
	... 1 more
Caused by: java.net.ConnectException: Connection refused
	... 11 more
2019-11-04 16:47:47,363 [b64d56c3-7e00-4645-8b63-46d38bcf6e51@group-A695585A5CDD-LeaderElection3601] INFO  impl.LeaderElection (LeaderElection.java:logAndReturn(56)) - b64d56c3-7e00-4645-8b63-46d38bcf6e51@group-A695585A5CDD-LeaderElection3601: Election REJECTED; received 0 response(s) [] and 2 exception(s); b64d56c3-7e00-4645-8b63-46d38bcf6e51@group-A695585A5CDD:t3, leader=null, voted=b64d56c3-7e00-4645-8b63-46d38bcf6e51, raftlog=b64d56c3-7e00-4645-8b63-46d38bcf6e51@group-A695585A5CDD-SegmentedRaftLog:OPENED:c0,f0,i0, conf=0: [b64d56c3-7e00-4645-8b63-46d38bcf6e51:192.168.157.194:33628, 693d1277-6dfc-424e-94e6-a87b40f9160b:192.168.157.194:33365, 53db7904-d288-4108-8bc9-f81d312978a3:192.168.157.194:45062], old=null
2019-11-04 16:47:47,363 [b64d56c3-7e00-4645-8b63-46d38bcf6e51@group-A695585A5CDD-LeaderElection3601] INFO  impl.LeaderElection (LogUtils.java:infoOrTrace(149)) -   Exception 0: {}
java.util.concurrent.ExecutionException: org.apache.ratis.thirdparty.io.grpc.StatusRuntimeException: UNAVAILABLE: io exception
	at java.util.concurrent.FutureTask.report(FutureTask.java:122)
	at java.util.concurrent.FutureTask.get(FutureTask.java:192)
	at org.apache.ratis.server.impl.LeaderElection.waitForResults(LeaderElection.java:259)
	at org.apache.ratis.server.impl.LeaderElection.askForVotes(LeaderElection.java:197)
	at org.apache.ratis.server.impl.LeaderElection.run(LeaderElection.java:133)
	at java.lang.Thread.run(Thread.java:748)
Caused by: org.apache.ratis.thirdparty.io.grpc.StatusRuntimeException: UNAVAILABLE: io exception
	at org.apache.ratis.thirdparty.io.grpc.stub.ClientCalls.toStatusRuntimeException(ClientCalls.java:233)
	at org.apache.ratis.thirdparty.io.grpc.stub.ClientCalls.getUnchecked(ClientCalls.java:214)
	at org.apache.ratis.thirdparty.io.grpc.stub.ClientCalls.blockingUnaryCall(ClientCalls.java:139)
	at org.apache.ratis.proto.grpc.RaftServerProtocolServiceGrpc$RaftServerProtocolServiceBlockingStub.requestVote(RaftServerProtocolServiceGrpc.java:265)
	at org.apache.ratis.grpc.server.GrpcServerProtocolClient.requestVote(GrpcServerProtocolClient.java:99)
	at org.apache.ratis.grpc.server.GrpcService.requestVote(GrpcService.java:204)
	at org.apache.ratis.server.impl.LeaderElection.lambda$submitRequests$1(LeaderElection.java:234)
	at java.util.concurrent.FutureTask.run(FutureTask.java:266)
	at java.util.concurrent.Executors$RunnableAdapter.call(Executors.java:511)
	at java.util.concurrent.FutureTask.run(FutureTask.java:266)
	at java.util.concurrent.ThreadPoolExecutor.runWorker(ThreadPoolExecutor.java:1149)
	at java.util.concurrent.ThreadPoolExecutor$Worker.run(ThreadPoolExecutor.java:624)
	... 1 more
Caused by: org.apache.ratis.thirdparty.io.netty.channel.AbstractChannel$AnnotatedConnectException: Connection refused: /192.168.157.194:33365
	at sun.nio.ch.SocketChannelImpl.checkConnect(Native Method)
	at sun.nio.ch.SocketChannelImpl.finishConnect(SocketChannelImpl.java:717)
	at org.apache.ratis.thirdparty.io.netty.channel.socket.nio.NioSocketChannel.doFinishConnect(NioSocketChannel.java:327)
	at org.apache.ratis.thirdparty.io.netty.channel.nio.AbstractNioChannel$AbstractNioUnsafe.finishConnect(AbstractNioChannel.java:340)
	at org.apache.ratis.thirdparty.io.netty.channel.nio.NioEventLoop.processSelectedKey(NioEventLoop.java:632)
	at org.apache.ratis.thirdparty.io.netty.channel.nio.NioEventLoop.processSelectedKeysOptimized(NioEventLoop.java:579)
	at org.apache.ratis.thirdparty.io.netty.channel.nio.NioEventLoop.processSelectedKeys(NioEventLoop.java:496)
	at org.apache.ratis.thirdparty.io.netty.channel.nio.NioEventLoop.run(NioEventLoop.java:458)
	at org.apache.ratis.thirdparty.io.netty.util.concurrent.SingleThreadEventExecutor$5.run(SingleThreadEventExecutor.java:897)
	at org.apache.ratis.thirdparty.io.netty.util.concurrent.FastThreadLocalRunnable.run(FastThreadLocalRunnable.java:30)
	... 1 more
Caused by: java.net.ConnectException: Connection refused
	... 11 more
2019-11-04 16:47:47,363 [b64d56c3-7e00-4645-8b63-46d38bcf6e51@group-A695585A5CDD-LeaderElection3601] INFO  impl.LeaderElection (LogUtils.java:infoOrTrace(149)) -   Exception 1: {}
java.util.concurrent.ExecutionException: org.apache.ratis.thirdparty.io.grpc.StatusRuntimeException: UNAVAILABLE: io exception
	at java.util.concurrent.FutureTask.report(FutureTask.java:122)
	at java.util.concurrent.FutureTask.get(FutureTask.java:192)
	at org.apache.ratis.server.impl.LeaderElection.waitForResults(LeaderElection.java:259)
	at org.apache.ratis.server.impl.LeaderElection.askForVotes(LeaderElection.java:197)
	at org.apache.ratis.server.impl.LeaderElection.run(LeaderElection.java:133)
	at java.lang.Thread.run(Thread.java:748)
Caused by: org.apache.ratis.thirdparty.io.grpc.StatusRuntimeException: UNAVAILABLE: io exception
	at org.apache.ratis.thirdparty.io.grpc.stub.ClientCalls.toStatusRuntimeException(ClientCalls.java:233)
	at org.apache.ratis.thirdparty.io.grpc.stub.ClientCalls.getUnchecked(ClientCalls.java:214)
	at org.apache.ratis.thirdparty.io.grpc.stub.ClientCalls.blockingUnaryCall(ClientCalls.java:139)
	at org.apache.ratis.proto.grpc.RaftServerProtocolServiceGrpc$RaftServerProtocolServiceBlockingStub.requestVote(RaftServerProtocolServiceGrpc.java:265)
	at org.apache.ratis.grpc.server.GrpcServerProtocolClient.requestVote(GrpcServerProtocolClient.java:99)
	at org.apache.ratis.grpc.server.GrpcService.requestVote(GrpcService.java:204)
	at org.apache.ratis.server.impl.LeaderElection.lambda$submitRequests$1(LeaderElection.java:234)
	at java.util.concurrent.FutureTask.run(FutureTask.java:266)
	at java.util.concurrent.Executors$RunnableAdapter.call(Executors.java:511)
	at java.util.concurrent.FutureTask.run(FutureTask.java:266)
	at java.util.concurrent.ThreadPoolExecutor.runWorker(ThreadPoolExecutor.java:1149)
	at java.util.concurrent.ThreadPoolExecutor$Worker.run(ThreadPoolExecutor.java:624)
	... 1 more
Caused by: org.apache.ratis.thirdparty.io.netty.channel.AbstractChannel$AnnotatedConnectException: Connection refused: /192.168.157.194:45062
	at sun.nio.ch.SocketChannelImpl.checkConnect(Native Method)
	at sun.nio.ch.SocketChannelImpl.finishConnect(SocketChannelImpl.java:717)
	at org.apache.ratis.thirdparty.io.netty.channel.socket.nio.NioSocketChannel.doFinishConnect(NioSocketChannel.java:327)
	at org.apache.ratis.thirdparty.io.netty.channel.nio.AbstractNioChannel$AbstractNioUnsafe.finishConnect(AbstractNioChannel.java:340)
	at org.apache.ratis.thirdparty.io.netty.channel.nio.NioEventLoop.processSelectedKey(NioEventLoop.java:632)
	at org.apache.ratis.thirdparty.io.netty.channel.nio.NioEventLoop.processSelectedKeysOptimized(NioEventLoop.java:579)
	at org.apache.ratis.thirdparty.io.netty.channel.nio.NioEventLoop.processSelectedKeys(NioEventLoop.java:496)
	at org.apache.ratis.thirdparty.io.netty.channel.nio.NioEventLoop.run(NioEventLoop.java:458)
	at org.apache.ratis.thirdparty.io.netty.util.concurrent.SingleThreadEventExecutor$5.run(SingleThreadEventExecutor.java:897)
	at org.apache.ratis.thirdparty.io.netty.util.concurrent.FastThreadLocalRunnable.run(FastThreadLocalRunnable.java:30)
	... 1 more
Caused by: java.net.ConnectException: Connection refused
	... 11 more
2019-11-04 16:47:47,364 [b64d56c3-7e00-4645-8b63-46d38bcf6e51@group-A695585A5CDD-LeaderElection3601] INFO  impl.RaftServerImpl (RaftServerImpl.java:setRole(184)) - b64d56c3-7e00-4645-8b63-46d38bcf6e51@group-A695585A5CDD: changes role from CANDIDATE to FOLLOWER at term 3 for DISCOVERED_A_NEW_TERM
2019-11-04 16:47:47,364 [b64d56c3-7e00-4645-8b63-46d38bcf6e51@group-A695585A5CDD-LeaderElection3601] INFO  impl.RoleInfo (RoleInfo.java:shutdownLeaderElection(134)) - b64d56c3-7e00-4645-8b63-46d38bcf6e51: shutdown LeaderElection
2019-11-04 16:47:47,364 [b64d56c3-7e00-4645-8b63-46d38bcf6e51@group-A695585A5CDD-LeaderElection3601] INFO  impl.RoleInfo (RoleInfo.java:updateAndGet(143)) - b64d56c3-7e00-4645-8b63-46d38bcf6e51: start FollowerState
2019-11-04 16:47:47,928 [Thread-25842] INFO  impl.FollowerState (FollowerState.java:run(108)) - 2911c1bb-ca7b-4253-a902-f80f167657b1@group-29467ABC0BF0-FollowerState: change to CANDIDATE, lastRpcTime:1108ms, electionTimeout:1108ms
2019-11-04 16:47:47,928 [Thread-25842] INFO  impl.RoleInfo (RoleInfo.java:shutdownFollowerState(121)) - 2911c1bb-ca7b-4253-a902-f80f167657b1: shutdown FollowerState
2019-11-04 16:47:47,929 [Thread-25842] INFO  impl.RaftServerImpl (RaftServerImpl.java:setRole(184)) - 2911c1bb-ca7b-4253-a902-f80f167657b1@group-29467ABC0BF0: changes role from  FOLLOWER to CANDIDATE at term 88 for changeToCandidate
2019-11-04 16:47:47,929 [Thread-25842] INFO  impl.RoleInfo (RoleInfo.java:updateAndGet(143)) - 2911c1bb-ca7b-4253-a902-f80f167657b1: start LeaderElection
2019-11-04 16:47:47,943 [2911c1bb-ca7b-4253-a902-f80f167657b1@group-29467ABC0BF0-LeaderElection3602] INFO  impl.LeaderElection (LeaderElection.java:askForVotes(178)) - 2911c1bb-ca7b-4253-a902-f80f167657b1@group-29467ABC0BF0-LeaderElection3602: begin an election at term 89 for 1: [2911c1bb-ca7b-4253-a902-f80f167657b1:192.168.157.194:45844, 7fc3dcce-a523-45fc-b6d6-b2bad08ce4da:192.168.157.194:35647, 18bcd373-7631-4e7c-b817-d7839f17bf5a:192.168.157.194:38252], old=null
2019-11-04 16:47:47,945 [2911c1bb-ca7b-4253-a902-f80f167657b1@group-29467ABC0BF0-LeaderElection3602] INFO  impl.LeaderElection (LogUtils.java:infoOrTrace(149)) - 2911c1bb-ca7b-4253-a902-f80f167657b1@group-29467ABC0BF0-LeaderElection3602 got exception when requesting votes: {}
java.util.concurrent.ExecutionException: org.apache.ratis.thirdparty.io.grpc.StatusRuntimeException: UNAVAILABLE: io exception
	at java.util.concurrent.FutureTask.report(FutureTask.java:122)
	at java.util.concurrent.FutureTask.get(FutureTask.java:192)
	at org.apache.ratis.server.impl.LeaderElection.waitForResults(LeaderElection.java:259)
	at org.apache.ratis.server.impl.LeaderElection.askForVotes(LeaderElection.java:197)
	at org.apache.ratis.server.impl.LeaderElection.run(LeaderElection.java:133)
	at java.lang.Thread.run(Thread.java:748)
Caused by: org.apache.ratis.thirdparty.io.grpc.StatusRuntimeException: UNAVAILABLE: io exception
	at org.apache.ratis.thirdparty.io.grpc.stub.ClientCalls.toStatusRuntimeException(ClientCalls.java:233)
	at org.apache.ratis.thirdparty.io.grpc.stub.ClientCalls.getUnchecked(ClientCalls.java:214)
	at org.apache.ratis.thirdparty.io.grpc.stub.ClientCalls.blockingUnaryCall(ClientCalls.java:139)
	at org.apache.ratis.proto.grpc.RaftServerProtocolServiceGrpc$RaftServerProtocolServiceBlockingStub.requestVote(RaftServerProtocolServiceGrpc.java:265)
	at org.apache.ratis.grpc.server.GrpcServerProtocolClient.requestVote(GrpcServerProtocolClient.java:99)
	at org.apache.ratis.grpc.server.GrpcService.requestVote(GrpcService.java:204)
	at org.apache.ratis.server.impl.LeaderElection.lambda$submitRequests$1(LeaderElection.java:234)
	at java.util.concurrent.FutureTask.run(FutureTask.java:266)
	at java.util.concurrent.Executors$RunnableAdapter.call(Executors.java:511)
	at java.util.concurrent.FutureTask.run(FutureTask.java:266)
	at java.util.concurrent.ThreadPoolExecutor.runWorker(ThreadPoolExecutor.java:1149)
	at java.util.concurrent.ThreadPoolExecutor$Worker.run(ThreadPoolExecutor.java:624)
	... 1 more
Caused by: org.apache.ratis.thirdparty.io.netty.channel.AbstractChannel$AnnotatedConnectException: Connection refused: /192.168.157.194:35647
	at sun.nio.ch.SocketChannelImpl.checkConnect(Native Method)
	at sun.nio.ch.SocketChannelImpl.finishConnect(SocketChannelImpl.java:717)
	at org.apache.ratis.thirdparty.io.netty.channel.socket.nio.NioSocketChannel.doFinishConnect(NioSocketChannel.java:327)
	at org.apache.ratis.thirdparty.io.netty.channel.nio.AbstractNioChannel$AbstractNioUnsafe.finishConnect(AbstractNioChannel.java:340)
	at org.apache.ratis.thirdparty.io.netty.channel.nio.NioEventLoop.processSelectedKey(NioEventLoop.java:632)
	at org.apache.ratis.thirdparty.io.netty.channel.nio.NioEventLoop.processSelectedKeysOptimized(NioEventLoop.java:579)
	at org.apache.ratis.thirdparty.io.netty.channel.nio.NioEventLoop.processSelectedKeys(NioEventLoop.java:496)
	at org.apache.ratis.thirdparty.io.netty.channel.nio.NioEventLoop.run(NioEventLoop.java:458)
	at org.apache.ratis.thirdparty.io.netty.util.concurrent.SingleThreadEventExecutor$5.run(SingleThreadEventExecutor.java:897)
	at org.apache.ratis.thirdparty.io.netty.util.concurrent.FastThreadLocalRunnable.run(FastThreadLocalRunnable.java:30)
	... 1 more
Caused by: java.net.ConnectException: Connection refused
	... 11 more
2019-11-04 16:47:47,946 [2911c1bb-ca7b-4253-a902-f80f167657b1@group-29467ABC0BF0-LeaderElection3602] INFO  impl.LeaderElection (LogUtils.java:infoOrTrace(149)) - 2911c1bb-ca7b-4253-a902-f80f167657b1@group-29467ABC0BF0-LeaderElection3602 got exception when requesting votes: {}
java.util.concurrent.ExecutionException: org.apache.ratis.thirdparty.io.grpc.StatusRuntimeException: UNAVAILABLE: io exception
	at java.util.concurrent.FutureTask.report(FutureTask.java:122)
	at java.util.concurrent.FutureTask.get(FutureTask.java:192)
	at org.apache.ratis.server.impl.LeaderElection.waitForResults(LeaderElection.java:259)
	at org.apache.ratis.server.impl.LeaderElection.askForVotes(LeaderElection.java:197)
	at org.apache.ratis.server.impl.LeaderElection.run(LeaderElection.java:133)
	at java.lang.Thread.run(Thread.java:748)
Caused by: org.apache.ratis.thirdparty.io.grpc.StatusRuntimeException: UNAVAILABLE: io exception
	at org.apache.ratis.thirdparty.io.grpc.stub.ClientCalls.toStatusRuntimeException(ClientCalls.java:233)
	at org.apache.ratis.thirdparty.io.grpc.stub.ClientCalls.getUnchecked(ClientCalls.java:214)
	at org.apache.ratis.thirdparty.io.grpc.stub.ClientCalls.blockingUnaryCall(ClientCalls.java:139)
	at org.apache.ratis.proto.grpc.RaftServerProtocolServiceGrpc$RaftServerProtocolServiceBlockingStub.requestVote(RaftServerProtocolServiceGrpc.java:265)
	at org.apache.ratis.grpc.server.GrpcServerProtocolClient.requestVote(GrpcServerProtocolClient.java:99)
	at org.apache.ratis.grpc.server.GrpcService.requestVote(GrpcService.java:204)
	at org.apache.ratis.server.impl.LeaderElection.lambda$submitRequests$1(LeaderElection.java:234)
	at java.util.concurrent.FutureTask.run(FutureTask.java:266)
	at java.util.concurrent.Executors$RunnableAdapter.call(Executors.java:511)
	at java.util.concurrent.FutureTask.run(FutureTask.java:266)
	at java.util.concurrent.ThreadPoolExecutor.runWorker(ThreadPoolExecutor.java:1149)
	at java.util.concurrent.ThreadPoolExecutor$Worker.run(ThreadPoolExecutor.java:624)
	... 1 more
Caused by: org.apache.ratis.thirdparty.io.netty.channel.AbstractChannel$AnnotatedConnectException: Connection refused: /192.168.157.194:38252
	at sun.nio.ch.SocketChannelImpl.checkConnect(Native Method)
	at sun.nio.ch.SocketChannelImpl.finishConnect(SocketChannelImpl.java:717)
	at org.apache.ratis.thirdparty.io.netty.channel.socket.nio.NioSocketChannel.doFinishConnect(NioSocketChannel.java:327)
	at org.apache.ratis.thirdparty.io.netty.channel.nio.AbstractNioChannel$AbstractNioUnsafe.finishConnect(AbstractNioChannel.java:340)
	at org.apache.ratis.thirdparty.io.netty.channel.nio.NioEventLoop.processSelectedKey(NioEventLoop.java:632)
	at org.apache.ratis.thirdparty.io.netty.channel.nio.NioEventLoop.processSelectedKeysOptimized(NioEventLoop.java:579)
	at org.apache.ratis.thirdparty.io.netty.channel.nio.NioEventLoop.processSelectedKeys(NioEventLoop.java:496)
	at org.apache.ratis.thirdparty.io.netty.channel.nio.NioEventLoop.run(NioEventLoop.java:458)
	at org.apache.ratis.thirdparty.io.netty.util.concurrent.SingleThreadEventExecutor$5.run(SingleThreadEventExecutor.java:897)
	at org.apache.ratis.thirdparty.io.netty.util.concurrent.FastThreadLocalRunnable.run(FastThreadLocalRunnable.java:30)
	... 1 more
Caused by: java.net.ConnectException: Connection refused
	... 11 more
2019-11-04 16:47:47,946 [2911c1bb-ca7b-4253-a902-f80f167657b1@group-29467ABC0BF0-LeaderElection3602] INFO  impl.LeaderElection (LeaderElection.java:logAndReturn(56)) - 2911c1bb-ca7b-4253-a902-f80f167657b1@group-29467ABC0BF0-LeaderElection3602: Election REJECTED; received 0 response(s) [] and 2 exception(s); 2911c1bb-ca7b-4253-a902-f80f167657b1@group-29467ABC0BF0:t89, leader=null, voted=2911c1bb-ca7b-4253-a902-f80f167657b1, raftlog=2911c1bb-ca7b-4253-a902-f80f167657b1@group-29467ABC0BF0-SegmentedRaftLog:OPENED:c2,f2,i2, conf=1: [2911c1bb-ca7b-4253-a902-f80f167657b1:192.168.157.194:45844, 7fc3dcce-a523-45fc-b6d6-b2bad08ce4da:192.168.157.194:35647, 18bcd373-7631-4e7c-b817-d7839f17bf5a:192.168.157.194:38252], old=null
2019-11-04 16:47:47,947 [2911c1bb-ca7b-4253-a902-f80f167657b1@group-29467ABC0BF0-LeaderElection3602] INFO  impl.LeaderElection (LogUtils.java:infoOrTrace(149)) -   Exception 0: {}
java.util.concurrent.ExecutionException: org.apache.ratis.thirdparty.io.grpc.StatusRuntimeException: UNAVAILABLE: io exception
	at java.util.concurrent.FutureTask.report(FutureTask.java:122)
	at java.util.concurrent.FutureTask.get(FutureTask.java:192)
	at org.apache.ratis.server.impl.LeaderElection.waitForResults(LeaderElection.java:259)
	at org.apache.ratis.server.impl.LeaderElection.askForVotes(LeaderElection.java:197)
	at org.apache.ratis.server.impl.LeaderElection.run(LeaderElection.java:133)
	at java.lang.Thread.run(Thread.java:748)
Caused by: org.apache.ratis.thirdparty.io.grpc.StatusRuntimeException: UNAVAILABLE: io exception
	at org.apache.ratis.thirdparty.io.grpc.stub.ClientCalls.toStatusRuntimeException(ClientCalls.java:233)
	at org.apache.ratis.thirdparty.io.grpc.stub.ClientCalls.getUnchecked(ClientCalls.java:214)
	at org.apache.ratis.thirdparty.io.grpc.stub.ClientCalls.blockingUnaryCall(ClientCalls.java:139)
	at org.apache.ratis.proto.grpc.RaftServerProtocolServiceGrpc$RaftServerProtocolServiceBlockingStub.requestVote(RaftServerProtocolServiceGrpc.java:265)
	at org.apache.ratis.grpc.server.GrpcServerProtocolClient.requestVote(GrpcServerProtocolClient.java:99)
	at org.apache.ratis.grpc.server.GrpcService.requestVote(GrpcService.java:204)
	at org.apache.ratis.server.impl.LeaderElection.lambda$submitRequests$1(LeaderElection.java:234)
	at java.util.concurrent.FutureTask.run(FutureTask.java:266)
	at java.util.concurrent.Executors$RunnableAdapter.call(Executors.java:511)
	at java.util.concurrent.FutureTask.run(FutureTask.java:266)
	at java.util.concurrent.ThreadPoolExecutor.runWorker(ThreadPoolExecutor.java:1149)
	at java.util.concurrent.ThreadPoolExecutor$Worker.run(ThreadPoolExecutor.java:624)
	... 1 more
Caused by: org.apache.ratis.thirdparty.io.netty.channel.AbstractChannel$AnnotatedConnectException: Connection refused: /192.168.157.194:35647
	at sun.nio.ch.SocketChannelImpl.checkConnect(Native Method)
	at sun.nio.ch.SocketChannelImpl.finishConnect(SocketChannelImpl.java:717)
	at org.apache.ratis.thirdparty.io.netty.channel.socket.nio.NioSocketChannel.doFinishConnect(NioSocketChannel.java:327)
	at org.apache.ratis.thirdparty.io.netty.channel.nio.AbstractNioChannel$AbstractNioUnsafe.finishConnect(AbstractNioChannel.java:340)
	at org.apache.ratis.thirdparty.io.netty.channel.nio.NioEventLoop.processSelectedKey(NioEventLoop.java:632)
	at org.apache.ratis.thirdparty.io.netty.channel.nio.NioEventLoop.processSelectedKeysOptimized(NioEventLoop.java:579)
	at org.apache.ratis.thirdparty.io.netty.channel.nio.NioEventLoop.processSelectedKeys(NioEventLoop.java:496)
	at org.apache.ratis.thirdparty.io.netty.channel.nio.NioEventLoop.run(NioEventLoop.java:458)
	at org.apache.ratis.thirdparty.io.netty.util.concurrent.SingleThreadEventExecutor$5.run(SingleThreadEventExecutor.java:897)
	at org.apache.ratis.thirdparty.io.netty.util.concurrent.FastThreadLocalRunnable.run(FastThreadLocalRunnable.java:30)
	... 1 more
Caused by: java.net.ConnectException: Connection refused
	... 11 more
2019-11-04 16:47:47,947 [2911c1bb-ca7b-4253-a902-f80f167657b1@group-29467ABC0BF0-LeaderElection3602] INFO  impl.LeaderElection (LogUtils.java:infoOrTrace(149)) -   Exception 1: {}
java.util.concurrent.ExecutionException: org.apache.ratis.thirdparty.io.grpc.StatusRuntimeException: UNAVAILABLE: io exception
	at java.util.concurrent.FutureTask.report(FutureTask.java:122)
	at java.util.concurrent.FutureTask.get(FutureTask.java:192)
	at org.apache.ratis.server.impl.LeaderElection.waitForResults(LeaderElection.java:259)
	at org.apache.ratis.server.impl.LeaderElection.askForVotes(LeaderElection.java:197)
	at org.apache.ratis.server.impl.LeaderElection.run(LeaderElection.java:133)
	at java.lang.Thread.run(Thread.java:748)
Caused by: org.apache.ratis.thirdparty.io.grpc.StatusRuntimeException: UNAVAILABLE: io exception
	at org.apache.ratis.thirdparty.io.grpc.stub.ClientCalls.toStatusRuntimeException(ClientCalls.java:233)
	at org.apache.ratis.thirdparty.io.grpc.stub.ClientCalls.getUnchecked(ClientCalls.java:214)
	at org.apache.ratis.thirdparty.io.grpc.stub.ClientCalls.blockingUnaryCall(ClientCalls.java:139)
	at org.apache.ratis.proto.grpc.RaftServerProtocolServiceGrpc$RaftServerProtocolServiceBlockingStub.requestVote(RaftServerProtocolServiceGrpc.java:265)
	at org.apache.ratis.grpc.server.GrpcServerProtocolClient.requestVote(GrpcServerProtocolClient.java:99)
	at org.apache.ratis.grpc.server.GrpcService.requestVote(GrpcService.java:204)
	at org.apache.ratis.server.impl.LeaderElection.lambda$submitRequests$1(LeaderElection.java:234)
	at java.util.concurrent.FutureTask.run(FutureTask.java:266)
	at java.util.concurrent.Executors$RunnableAdapter.call(Executors.java:511)
	at java.util.concurrent.FutureTask.run(FutureTask.java:266)
	at java.util.concurrent.ThreadPoolExecutor.runWorker(ThreadPoolExecutor.java:1149)
	at java.util.concurrent.ThreadPoolExecutor$Worker.run(ThreadPoolExecutor.java:624)
	... 1 more
Caused by: org.apache.ratis.thirdparty.io.netty.channel.AbstractChannel$AnnotatedConnectException: Connection refused: /192.168.157.194:38252
	at sun.nio.ch.SocketChannelImpl.checkConnect(Native Method)
	at sun.nio.ch.SocketChannelImpl.finishConnect(SocketChannelImpl.java:717)
	at org.apache.ratis.thirdparty.io.netty.channel.socket.nio.NioSocketChannel.doFinishConnect(NioSocketChannel.java:327)
	at org.apache.ratis.thirdparty.io.netty.channel.nio.AbstractNioChannel$AbstractNioUnsafe.finishConnect(AbstractNioChannel.java:340)
	at org.apache.ratis.thirdparty.io.netty.channel.nio.NioEventLoop.processSelectedKey(NioEventLoop.java:632)
	at org.apache.ratis.thirdparty.io.netty.channel.nio.NioEventLoop.processSelectedKeysOptimized(NioEventLoop.java:579)
	at org.apache.ratis.thirdparty.io.netty.channel.nio.NioEventLoop.processSelectedKeys(NioEventLoop.java:496)
	at org.apache.ratis.thirdparty.io.netty.channel.nio.NioEventLoop.run(NioEventLoop.java:458)
	at org.apache.ratis.thirdparty.io.netty.util.concurrent.SingleThreadEventExecutor$5.run(SingleThreadEventExecutor.java:897)
	at org.apache.ratis.thirdparty.io.netty.util.concurrent.FastThreadLocalRunnable.run(FastThreadLocalRunnable.java:30)
	... 1 more
Caused by: java.net.ConnectException: Connection refused
	... 11 more
2019-11-04 16:47:47,947 [2911c1bb-ca7b-4253-a902-f80f167657b1@group-29467ABC0BF0-LeaderElection3602] INFO  impl.RaftServerImpl (RaftServerImpl.java:setRole(184)) - 2911c1bb-ca7b-4253-a902-f80f167657b1@group-29467ABC0BF0: changes role from CANDIDATE to FOLLOWER at term 89 for DISCOVERED_A_NEW_TERM
2019-11-04 16:47:47,948 [2911c1bb-ca7b-4253-a902-f80f167657b1@group-29467ABC0BF0-LeaderElection3602] INFO  impl.RoleInfo (RoleInfo.java:shutdownLeaderElection(134)) - 2911c1bb-ca7b-4253-a902-f80f167657b1: shutdown LeaderElection
2019-11-04 16:47:47,948 [2911c1bb-ca7b-4253-a902-f80f167657b1@group-29467ABC0BF0-LeaderElection3602] INFO  impl.RoleInfo (RoleInfo.java:updateAndGet(143)) - 2911c1bb-ca7b-4253-a902-f80f167657b1: start FollowerState
2019-11-04 16:47:48,480 [Thread-25848] INFO  impl.FollowerState (FollowerState.java:run(108)) - b64d56c3-7e00-4645-8b63-46d38bcf6e51@group-A695585A5CDD-FollowerState: change to CANDIDATE, lastRpcTime:1116ms, electionTimeout:1116ms
2019-11-04 16:47:48,481 [Thread-25848] INFO  impl.RoleInfo (RoleInfo.java:shutdownFollowerState(121)) - b64d56c3-7e00-4645-8b63-46d38bcf6e51: shutdown FollowerState
2019-11-04 16:47:48,481 [Thread-25848] INFO  impl.RaftServerImpl (RaftServerImpl.java:setRole(184)) - b64d56c3-7e00-4645-8b63-46d38bcf6e51@group-A695585A5CDD: changes role from  FOLLOWER to CANDIDATE at term 3 for changeToCandidate
2019-11-04 16:47:48,481 [Thread-25848] INFO  impl.RoleInfo (RoleInfo.java:updateAndGet(143)) - b64d56c3-7e00-4645-8b63-46d38bcf6e51: start LeaderElection
2019-11-04 16:47:49,022 [b64d56c3-7e00-4645-8b63-46d38bcf6e51@group-A695585A5CDD-LeaderElection3603] INFO  impl.LeaderElection (LeaderElection.java:askForVotes(178)) - b64d56c3-7e00-4645-8b63-46d38bcf6e51@group-A695585A5CDD-LeaderElection3603: begin an election at term 4 for 0: [b64d56c3-7e00-4645-8b63-46d38bcf6e51:192.168.157.194:33628, 693d1277-6dfc-424e-94e6-a87b40f9160b:192.168.157.194:33365, 53db7904-d288-4108-8bc9-f81d312978a3:192.168.157.194:45062], old=null
2019-11-04 16:47:49,022 [b64d56c3-7e00-4645-8b63-46d38bcf6e51@group-A695585A5CDD-LeaderElection3603] INFO  impl.LeaderElection (LogUtils.java:infoOrTrace(149)) - b64d56c3-7e00-4645-8b63-46d38bcf6e51@group-A695585A5CDD-LeaderElection3603 got exception when requesting votes: {}
java.util.concurrent.ExecutionException: org.apache.ratis.thirdparty.io.grpc.StatusRuntimeException: UNAVAILABLE: io exception
	at java.util.concurrent.FutureTask.report(FutureTask.java:122)
	at java.util.concurrent.FutureTask.get(FutureTask.java:192)
	at org.apache.ratis.server.impl.LeaderElection.waitForResults(LeaderElection.java:259)
	at org.apache.ratis.server.impl.LeaderElection.askForVotes(LeaderElection.java:197)
	at org.apache.ratis.server.impl.LeaderElection.run(LeaderElection.java:133)
	at java.lang.Thread.run(Thread.java:748)
Caused by: org.apache.ratis.thirdparty.io.grpc.StatusRuntimeException: UNAVAILABLE: io exception
	at org.apache.ratis.thirdparty.io.grpc.stub.ClientCalls.toStatusRuntimeException(ClientCalls.java:233)
	at org.apache.ratis.thirdparty.io.grpc.stub.ClientCalls.getUnchecked(ClientCalls.java:214)
	at org.apache.ratis.thirdparty.io.grpc.stub.ClientCalls.blockingUnaryCall(ClientCalls.java:139)
	at org.apache.ratis.proto.grpc.RaftServerProtocolServiceGrpc$RaftServerProtocolServiceBlockingStub.requestVote(RaftServerProtocolServiceGrpc.java:265)
	at org.apache.ratis.grpc.server.GrpcServerProtocolClient.requestVote(GrpcServerProtocolClient.java:99)
	at org.apache.ratis.grpc.server.GrpcService.requestVote(GrpcService.java:204)
	at org.apache.ratis.server.impl.LeaderElection.lambda$submitRequests$1(LeaderElection.java:234)
	at java.util.concurrent.FutureTask.run(FutureTask.java:266)
	at java.util.concurrent.Executors$RunnableAdapter.call(Executors.java:511)
	at java.util.concurrent.FutureTask.run(FutureTask.java:266)
	at java.util.concurrent.ThreadPoolExecutor.runWorker(ThreadPoolExecutor.java:1149)
	at java.util.concurrent.ThreadPoolExecutor$Worker.run(ThreadPoolExecutor.java:624)
	... 1 more
Caused by: org.apache.ratis.thirdparty.io.netty.channel.AbstractChannel$AnnotatedConnectException: Connection refused: /192.168.157.194:33365
	at sun.nio.ch.SocketChannelImpl.checkConnect(Native Method)
	at sun.nio.ch.SocketChannelImpl.finishConnect(SocketChannelImpl.java:717)
	at org.apache.ratis.thirdparty.io.netty.channel.socket.nio.NioSocketChannel.doFinishConnect(NioSocketChannel.java:327)
	at org.apache.ratis.thirdparty.io.netty.channel.nio.AbstractNioChannel$AbstractNioUnsafe.finishConnect(AbstractNioChannel.java:340)
	at org.apache.ratis.thirdparty.io.netty.channel.nio.NioEventLoop.processSelectedKey(NioEventLoop.java:632)
	at org.apache.ratis.thirdparty.io.netty.channel.nio.NioEventLoop.processSelectedKeysOptimized(NioEventLoop.java:579)
	at org.apache.ratis.thirdparty.io.netty.channel.nio.NioEventLoop.processSelectedKeys(NioEventLoop.java:496)
	at org.apache.ratis.thirdparty.io.netty.channel.nio.NioEventLoop.run(NioEventLoop.java:458)
	at org.apache.ratis.thirdparty.io.netty.util.concurrent.SingleThreadEventExecutor$5.run(SingleThreadEventExecutor.java:897)
	at org.apache.ratis.thirdparty.io.netty.util.concurrent.FastThreadLocalRunnable.run(FastThreadLocalRunnable.java:30)
	... 1 more
Caused by: java.net.ConnectException: Connection refused
	... 11 more
2019-11-04 16:47:49,023 [b64d56c3-7e00-4645-8b63-46d38bcf6e51@group-A695585A5CDD-LeaderElection3603] INFO  impl.LeaderElection (LogUtils.java:infoOrTrace(149)) - b64d56c3-7e00-4645-8b63-46d38bcf6e51@group-A695585A5CDD-LeaderElection3603 got exception when requesting votes: {}
java.util.concurrent.ExecutionException: org.apache.ratis.thirdparty.io.grpc.StatusRuntimeException: UNAVAILABLE: io exception
	at java.util.concurrent.FutureTask.report(FutureTask.java:122)
	at java.util.concurrent.FutureTask.get(FutureTask.java:192)
	at org.apache.ratis.server.impl.LeaderElection.waitForResults(LeaderElection.java:259)
	at org.apache.ratis.server.impl.LeaderElection.askForVotes(LeaderElection.java:197)
	at org.apache.ratis.server.impl.LeaderElection.run(LeaderElection.java:133)
	at java.lang.Thread.run(Thread.java:748)
Caused by: org.apache.ratis.thirdparty.io.grpc.StatusRuntimeException: UNAVAILABLE: io exception
	at org.apache.ratis.thirdparty.io.grpc.stub.ClientCalls.toStatusRuntimeException(ClientCalls.java:233)
	at org.apache.ratis.thirdparty.io.grpc.stub.ClientCalls.getUnchecked(ClientCalls.java:214)
	at org.apache.ratis.thirdparty.io.grpc.stub.ClientCalls.blockingUnaryCall(ClientCalls.java:139)
	at org.apache.ratis.proto.grpc.RaftServerProtocolServiceGrpc$RaftServerProtocolServiceBlockingStub.requestVote(RaftServerProtocolServiceGrpc.java:265)
	at org.apache.ratis.grpc.server.GrpcServerProtocolClient.requestVote(GrpcServerProtocolClient.java:99)
	at org.apache.ratis.grpc.server.GrpcService.requestVote(GrpcService.java:204)
	at org.apache.ratis.server.impl.LeaderElection.lambda$submitRequests$1(LeaderElection.java:234)
	at java.util.concurrent.FutureTask.run(FutureTask.java:266)
	at java.util.concurrent.Executors$RunnableAdapter.call(Executors.java:511)
	at java.util.concurrent.FutureTask.run(FutureTask.java:266)
	at java.util.concurrent.ThreadPoolExecutor.runWorker(ThreadPoolExecutor.java:1149)
	at java.util.concurrent.ThreadPoolExecutor$Worker.run(ThreadPoolExecutor.java:624)
	... 1 more
Caused by: org.apache.ratis.thirdparty.io.netty.channel.AbstractChannel$AnnotatedConnectException: Connection refused: /192.168.157.194:45062
	at sun.nio.ch.SocketChannelImpl.checkConnect(Native Method)
	at sun.nio.ch.SocketChannelImpl.finishConnect(SocketChannelImpl.java:717)
	at org.apache.ratis.thirdparty.io.netty.channel.socket.nio.NioSocketChannel.doFinishConnect(NioSocketChannel.java:327)
	at org.apache.ratis.thirdparty.io.netty.channel.nio.AbstractNioChannel$AbstractNioUnsafe.finishConnect(AbstractNioChannel.java:340)
	at org.apache.ratis.thirdparty.io.netty.channel.nio.NioEventLoop.processSelectedKey(NioEventLoop.java:632)
	at org.apache.ratis.thirdparty.io.netty.channel.nio.NioEventLoop.processSelectedKeysOptimized(NioEventLoop.java:579)
	at org.apache.ratis.thirdparty.io.netty.channel.nio.NioEventLoop.processSelectedKeys(NioEventLoop.java:496)
	at org.apache.ratis.thirdparty.io.netty.channel.nio.NioEventLoop.run(NioEventLoop.java:458)
	at org.apache.ratis.thirdparty.io.netty.util.concurrent.SingleThreadEventExecutor$5.run(SingleThreadEventExecutor.java:897)
	at org.apache.ratis.thirdparty.io.netty.util.concurrent.FastThreadLocalRunnable.run(FastThreadLocalRunnable.java:30)
	... 1 more
Caused by: java.net.ConnectException: Connection refused
	... 11 more
2019-11-04 16:47:49,023 [b64d56c3-7e00-4645-8b63-46d38bcf6e51@group-A695585A5CDD-LeaderElection3603] INFO  impl.LeaderElection (LeaderElection.java:logAndReturn(56)) - b64d56c3-7e00-4645-8b63-46d38bcf6e51@group-A695585A5CDD-LeaderElection3603: Election REJECTED; received 0 response(s) [] and 2 exception(s); b64d56c3-7e00-4645-8b63-46d38bcf6e51@group-A695585A5CDD:t4, leader=null, voted=b64d56c3-7e00-4645-8b63-46d38bcf6e51, raftlog=b64d56c3-7e00-4645-8b63-46d38bcf6e51@group-A695585A5CDD-SegmentedRaftLog:OPENED:c0,f0,i0, conf=0: [b64d56c3-7e00-4645-8b63-46d38bcf6e51:192.168.157.194:33628, 693d1277-6dfc-424e-94e6-a87b40f9160b:192.168.157.194:33365, 53db7904-d288-4108-8bc9-f81d312978a3:192.168.157.194:45062], old=null
2019-11-04 16:47:49,023 [b64d56c3-7e00-4645-8b63-46d38bcf6e51@group-A695585A5CDD-LeaderElection3603] INFO  impl.LeaderElection (LogUtils.java:infoOrTrace(149)) -   Exception 0: {}
java.util.concurrent.ExecutionException: org.apache.ratis.thirdparty.io.grpc.StatusRuntimeException: UNAVAILABLE: io exception
	at java.util.concurrent.FutureTask.report(FutureTask.java:122)
	at java.util.concurrent.FutureTask.get(FutureTask.java:192)
	at org.apache.ratis.server.impl.LeaderElection.waitForResults(LeaderElection.java:259)
	at org.apache.ratis.server.impl.LeaderElection.askForVotes(LeaderElection.java:197)
	at org.apache.ratis.server.impl.LeaderElection.run(LeaderElection.java:133)
	at java.lang.Thread.run(Thread.java:748)
Caused by: org.apache.ratis.thirdparty.io.grpc.StatusRuntimeException: UNAVAILABLE: io exception
	at org.apache.ratis.thirdparty.io.grpc.stub.ClientCalls.toStatusRuntimeException(ClientCalls.java:233)
	at org.apache.ratis.thirdparty.io.grpc.stub.ClientCalls.getUnchecked(ClientCalls.java:214)
	at org.apache.ratis.thirdparty.io.grpc.stub.ClientCalls.blockingUnaryCall(ClientCalls.java:139)
	at org.apache.ratis.proto.grpc.RaftServerProtocolServiceGrpc$RaftServerProtocolServiceBlockingStub.requestVote(RaftServerProtocolServiceGrpc.java:265)
	at org.apache.ratis.grpc.server.GrpcServerProtocolClient.requestVote(GrpcServerProtocolClient.java:99)
	at org.apache.ratis.grpc.server.GrpcService.requestVote(GrpcService.java:204)
	at org.apache.ratis.server.impl.LeaderElection.lambda$submitRequests$1(LeaderElection.java:234)
	at java.util.concurrent.FutureTask.run(FutureTask.java:266)
	at java.util.concurrent.Executors$RunnableAdapter.call(Executors.java:511)
	at java.util.concurrent.FutureTask.run(FutureTask.java:266)
	at java.util.concurrent.ThreadPoolExecutor.runWorker(ThreadPoolExecutor.java:1149)
	at java.util.concurrent.ThreadPoolExecutor$Worker.run(ThreadPoolExecutor.java:624)
	... 1 more
Caused by: org.apache.ratis.thirdparty.io.netty.channel.AbstractChannel$AnnotatedConnectException: Connection refused: /192.168.157.194:33365
	at sun.nio.ch.SocketChannelImpl.checkConnect(Native Method)
	at sun.nio.ch.SocketChannelImpl.finishConnect(SocketChannelImpl.java:717)
	at org.apache.ratis.thirdparty.io.netty.channel.socket.nio.NioSocketChannel.doFinishConnect(NioSocketChannel.java:327)
	at org.apache.ratis.thirdparty.io.netty.channel.nio.AbstractNioChannel$AbstractNioUnsafe.finishConnect(AbstractNioChannel.java:340)
	at org.apache.ratis.thirdparty.io.netty.channel.nio.NioEventLoop.processSelectedKey(NioEventLoop.java:632)
	at org.apache.ratis.thirdparty.io.netty.channel.nio.NioEventLoop.processSelectedKeysOptimized(NioEventLoop.java:579)
	at org.apache.ratis.thirdparty.io.netty.channel.nio.NioEventLoop.processSelectedKeys(NioEventLoop.java:496)
	at org.apache.ratis.thirdparty.io.netty.channel.nio.NioEventLoop.run(NioEventLoop.java:458)
	at org.apache.ratis.thirdparty.io.netty.util.concurrent.SingleThreadEventExecutor$5.run(SingleThreadEventExecutor.java:897)
	at org.apache.ratis.thirdparty.io.netty.util.concurrent.FastThreadLocalRunnable.run(FastThreadLocalRunnable.java:30)
	... 1 more
Caused by: java.net.ConnectException: Connection refused
	... 11 more
2019-11-04 16:47:49,023 [b64d56c3-7e00-4645-8b63-46d38bcf6e51@group-A695585A5CDD-LeaderElection3603] INFO  impl.LeaderElection (LogUtils.java:infoOrTrace(149)) -   Exception 1: {}
java.util.concurrent.ExecutionException: org.apache.ratis.thirdparty.io.grpc.StatusRuntimeException: UNAVAILABLE: io exception
	at java.util.concurrent.FutureTask.report(FutureTask.java:122)
	at java.util.concurrent.FutureTask.get(FutureTask.java:192)
	at org.apache.ratis.server.impl.LeaderElection.waitForResults(LeaderElection.java:259)
	at org.apache.ratis.server.impl.LeaderElection.askForVotes(LeaderElection.java:197)
	at org.apache.ratis.server.impl.LeaderElection.run(LeaderElection.java:133)
	at java.lang.Thread.run(Thread.java:748)
Caused by: org.apache.ratis.thirdparty.io.grpc.StatusRuntimeException: UNAVAILABLE: io exception
	at org.apache.ratis.thirdparty.io.grpc.stub.ClientCalls.toStatusRuntimeException(ClientCalls.java:233)
	at org.apache.ratis.thirdparty.io.grpc.stub.ClientCalls.getUnchecked(ClientCalls.java:214)
	at org.apache.ratis.thirdparty.io.grpc.stub.ClientCalls.blockingUnaryCall(ClientCalls.java:139)
	at org.apache.ratis.proto.grpc.RaftServerProtocolServiceGrpc$RaftServerProtocolServiceBlockingStub.requestVote(RaftServerProtocolServiceGrpc.java:265)
	at org.apache.ratis.grpc.server.GrpcServerProtocolClient.requestVote(GrpcServerProtocolClient.java:99)
	at org.apache.ratis.grpc.server.GrpcService.requestVote(GrpcService.java:204)
	at org.apache.ratis.server.impl.LeaderElection.lambda$submitRequests$1(LeaderElection.java:234)
	at java.util.concurrent.FutureTask.run(FutureTask.java:266)
	at java.util.concurrent.Executors$RunnableAdapter.call(Executors.java:511)
	at java.util.concurrent.FutureTask.run(FutureTask.java:266)
	at java.util.concurrent.ThreadPoolExecutor.runWorker(ThreadPoolExecutor.java:1149)
	at java.util.concurrent.ThreadPoolExecutor$Worker.run(ThreadPoolExecutor.java:624)
	... 1 more
Caused by: org.apache.ratis.thirdparty.io.netty.channel.AbstractChannel$AnnotatedConnectException: Connection refused: /192.168.157.194:45062
	at sun.nio.ch.SocketChannelImpl.checkConnect(Native Method)
	at sun.nio.ch.SocketChannelImpl.finishConnect(SocketChannelImpl.java:717)
	at org.apache.ratis.thirdparty.io.netty.channel.socket.nio.NioSocketChannel.doFinishConnect(NioSocketChannel.java:327)
	at org.apache.ratis.thirdparty.io.netty.channel.nio.AbstractNioChannel$AbstractNioUnsafe.finishConnect(AbstractNioChannel.java:340)
	at org.apache.ratis.thirdparty.io.netty.channel.nio.NioEventLoop.processSelectedKey(NioEventLoop.java:632)
	at org.apache.ratis.thirdparty.io.netty.channel.nio.NioEventLoop.processSelectedKeysOptimized(NioEventLoop.java:579)
	at org.apache.ratis.thirdparty.io.netty.channel.nio.NioEventLoop.processSelectedKeys(NioEventLoop.java:496)
	at org.apache.ratis.thirdparty.io.netty.channel.nio.NioEventLoop.run(NioEventLoop.java:458)
	at org.apache.ratis.thirdparty.io.netty.util.concurrent.SingleThreadEventExecutor$5.run(SingleThreadEventExecutor.java:897)
	at org.apache.ratis.thirdparty.io.netty.util.concurrent.FastThreadLocalRunnable.run(FastThreadLocalRunnable.java:30)
	... 1 more
Caused by: java.net.ConnectException: Connection refused
	... 11 more
2019-11-04 16:47:49,023 [b64d56c3-7e00-4645-8b63-46d38bcf6e51@group-A695585A5CDD-LeaderElection3603] INFO  impl.RaftServerImpl (RaftServerImpl.java:setRole(184)) - b64d56c3-7e00-4645-8b63-46d38bcf6e51@group-A695585A5CDD: changes role from CANDIDATE to FOLLOWER at term 4 for DISCOVERED_A_NEW_TERM
2019-11-04 16:47:49,023 [b64d56c3-7e00-4645-8b63-46d38bcf6e51@group-A695585A5CDD-LeaderElection3603] INFO  impl.RoleInfo (RoleInfo.java:shutdownLeaderElection(134)) - b64d56c3-7e00-4645-8b63-46d38bcf6e51: shutdown LeaderElection
2019-11-04 16:47:49,023 [b64d56c3-7e00-4645-8b63-46d38bcf6e51@group-A695585A5CDD-LeaderElection3603] INFO  impl.RoleInfo (RoleInfo.java:updateAndGet(143)) - b64d56c3-7e00-4645-8b63-46d38bcf6e51: start FollowerState
2019-11-04 16:47:49,101 [Thread-25854] INFO  impl.FollowerState (FollowerState.java:run(108)) - 2911c1bb-ca7b-4253-a902-f80f167657b1@group-29467ABC0BF0-FollowerState: change to CANDIDATE, lastRpcTime:1152ms, electionTimeout:1152ms
2019-11-04 16:47:49,101 [Thread-25854] INFO  impl.RoleInfo (RoleInfo.java:shutdownFollowerState(121)) - 2911c1bb-ca7b-4253-a902-f80f167657b1: shutdown FollowerState
2019-11-04 16:47:49,101 [Thread-25854] INFO  impl.RaftServerImpl (RaftServerImpl.java:setRole(184)) - 2911c1bb-ca7b-4253-a902-f80f167657b1@group-29467ABC0BF0: changes role from  FOLLOWER to CANDIDATE at term 89 for changeToCandidate
2019-11-04 16:47:49,101 [Thread-25854] INFO  impl.RoleInfo (RoleInfo.java:updateAndGet(143)) - 2911c1bb-ca7b-4253-a902-f80f167657b1: start LeaderElection
2019-11-04 16:47:49,120 [2911c1bb-ca7b-4253-a902-f80f167657b1@group-29467ABC0BF0-LeaderElection3604] INFO  impl.LeaderElection (LeaderElection.java:askForVotes(178)) - 2911c1bb-ca7b-4253-a902-f80f167657b1@group-29467ABC0BF0-LeaderElection3604: begin an election at term 90 for 1: [2911c1bb-ca7b-4253-a902-f80f167657b1:192.168.157.194:45844, 7fc3dcce-a523-45fc-b6d6-b2bad08ce4da:192.168.157.194:35647, 18bcd373-7631-4e7c-b817-d7839f17bf5a:192.168.157.194:38252], old=null
2019-11-04 16:47:49,122 [2911c1bb-ca7b-4253-a902-f80f167657b1@group-29467ABC0BF0-LeaderElection3604] INFO  impl.LeaderElection (LogUtils.java:infoOrTrace(149)) - 2911c1bb-ca7b-4253-a902-f80f167657b1@group-29467ABC0BF0-LeaderElection3604 got exception when requesting votes: {}
java.util.concurrent.ExecutionException: org.apache.ratis.thirdparty.io.grpc.StatusRuntimeException: UNAVAILABLE: io exception
	at java.util.concurrent.FutureTask.report(FutureTask.java:122)
	at java.util.concurrent.FutureTask.get(FutureTask.java:192)
	at org.apache.ratis.server.impl.LeaderElection.waitForResults(LeaderElection.java:259)
	at org.apache.ratis.server.impl.LeaderElection.askForVotes(LeaderElection.java:197)
	at org.apache.ratis.server.impl.LeaderElection.run(LeaderElection.java:133)
	at java.lang.Thread.run(Thread.java:748)
Caused by: org.apache.ratis.thirdparty.io.grpc.StatusRuntimeException: UNAVAILABLE: io exception
	at org.apache.ratis.thirdparty.io.grpc.stub.ClientCalls.toStatusRuntimeException(ClientCalls.java:233)
	at org.apache.ratis.thirdparty.io.grpc.stub.ClientCalls.getUnchecked(ClientCalls.java:214)
	at org.apache.ratis.thirdparty.io.grpc.stub.ClientCalls.blockingUnaryCall(ClientCalls.java:139)
	at org.apache.ratis.proto.grpc.RaftServerProtocolServiceGrpc$RaftServerProtocolServiceBlockingStub.requestVote(RaftServerProtocolServiceGrpc.java:265)
	at org.apache.ratis.grpc.server.GrpcServerProtocolClient.requestVote(GrpcServerProtocolClient.java:99)
	at org.apache.ratis.grpc.server.GrpcService.requestVote(GrpcService.java:204)
	at org.apache.ratis.server.impl.LeaderElection.lambda$submitRequests$1(LeaderElection.java:234)
	at java.util.concurrent.FutureTask.run(FutureTask.java:266)
	at java.util.concurrent.Executors$RunnableAdapter.call(Executors.java:511)
	at java.util.concurrent.FutureTask.run(FutureTask.java:266)
	at java.util.concurrent.ThreadPoolExecutor.runWorker(ThreadPoolExecutor.java:1149)
	at java.util.concurrent.ThreadPoolExecutor$Worker.run(ThreadPoolExecutor.java:624)
	... 1 more
Caused by: org.apache.ratis.thirdparty.io.netty.channel.AbstractChannel$AnnotatedConnectException: Connection refused: /192.168.157.194:38252
	at sun.nio.ch.SocketChannelImpl.checkConnect(Native Method)
	at sun.nio.ch.SocketChannelImpl.finishConnect(SocketChannelImpl.java:717)
	at org.apache.ratis.thirdparty.io.netty.channel.socket.nio.NioSocketChannel.doFinishConnect(NioSocketChannel.java:327)
	at org.apache.ratis.thirdparty.io.netty.channel.nio.AbstractNioChannel$AbstractNioUnsafe.finishConnect(AbstractNioChannel.java:340)
	at org.apache.ratis.thirdparty.io.netty.channel.nio.NioEventLoop.processSelectedKey(NioEventLoop.java:632)
	at org.apache.ratis.thirdparty.io.netty.channel.nio.NioEventLoop.processSelectedKeysOptimized(NioEventLoop.java:579)
	at org.apache.ratis.thirdparty.io.netty.channel.nio.NioEventLoop.processSelectedKeys(NioEventLoop.java:496)
	at org.apache.ratis.thirdparty.io.netty.channel.nio.NioEventLoop.run(NioEventLoop.java:458)
	at org.apache.ratis.thirdparty.io.netty.util.concurrent.SingleThreadEventExecutor$5.run(SingleThreadEventExecutor.java:897)
	at org.apache.ratis.thirdparty.io.netty.util.concurrent.FastThreadLocalRunnable.run(FastThreadLocalRunnable.java:30)
	... 1 more
Caused by: java.net.ConnectException: Connection refused
	... 11 more
2019-11-04 16:47:49,122 [2911c1bb-ca7b-4253-a902-f80f167657b1@group-29467ABC0BF0-LeaderElection3604] INFO  impl.LeaderElection (LogUtils.java:infoOrTrace(149)) - 2911c1bb-ca7b-4253-a902-f80f167657b1@group-29467ABC0BF0-LeaderElection3604 got exception when requesting votes: {}
java.util.concurrent.ExecutionException: org.apache.ratis.thirdparty.io.grpc.StatusRuntimeException: UNAVAILABLE: io exception
	at java.util.concurrent.FutureTask.report(FutureTask.java:122)
	at java.util.concurrent.FutureTask.get(FutureTask.java:192)
	at org.apache.ratis.server.impl.LeaderElection.waitForResults(LeaderElection.java:259)
	at org.apache.ratis.server.impl.LeaderElection.askForVotes(LeaderElection.java:197)
	at org.apache.ratis.server.impl.LeaderElection.run(LeaderElection.java:133)
	at java.lang.Thread.run(Thread.java:748)
Caused by: org.apache.ratis.thirdparty.io.grpc.StatusRuntimeException: UNAVAILABLE: io exception
	at org.apache.ratis.thirdparty.io.grpc.stub.ClientCalls.toStatusRuntimeException(ClientCalls.java:233)
	at org.apache.ratis.thirdparty.io.grpc.stub.ClientCalls.getUnchecked(ClientCalls.java:214)
	at org.apache.ratis.thirdparty.io.grpc.stub.ClientCalls.blockingUnaryCall(ClientCalls.java:139)
	at org.apache.ratis.proto.grpc.RaftServerProtocolServiceGrpc$RaftServerProtocolServiceBlockingStub.requestVote(RaftServerProtocolServiceGrpc.java:265)
	at org.apache.ratis.grpc.server.GrpcServerProtocolClient.requestVote(GrpcServerProtocolClient.java:99)
	at org.apache.ratis.grpc.server.GrpcService.requestVote(GrpcService.java:204)
	at org.apache.ratis.server.impl.LeaderElection.lambda$submitRequests$1(LeaderElection.java:234)
	at java.util.concurrent.FutureTask.run(FutureTask.java:266)
	at java.util.concurrent.Executors$RunnableAdapter.call(Executors.java:511)
	at java.util.concurrent.FutureTask.run(FutureTask.java:266)
	at java.util.concurrent.ThreadPoolExecutor.runWorker(ThreadPoolExecutor.java:1149)
	at java.util.concurrent.ThreadPoolExecutor$Worker.run(ThreadPoolExecutor.java:624)
	... 1 more
Caused by: org.apache.ratis.thirdparty.io.netty.channel.AbstractChannel$AnnotatedConnectException: Connection refused: /192.168.157.194:35647
	at sun.nio.ch.SocketChannelImpl.checkConnect(Native Method)
	at sun.nio.ch.SocketChannelImpl.finishConnect(SocketChannelImpl.java:717)
	at org.apache.ratis.thirdparty.io.netty.channel.socket.nio.NioSocketChannel.doFinishConnect(NioSocketChannel.java:327)
	at org.apache.ratis.thirdparty.io.netty.channel.nio.AbstractNioChannel$AbstractNioUnsafe.finishConnect(AbstractNioChannel.java:340)
	at org.apache.ratis.thirdparty.io.netty.channel.nio.NioEventLoop.processSelectedKey(NioEventLoop.java:632)
	at org.apache.ratis.thirdparty.io.netty.channel.nio.NioEventLoop.processSelectedKeysOptimized(NioEventLoop.java:579)
	at org.apache.ratis.thirdparty.io.netty.channel.nio.NioEventLoop.processSelectedKeys(NioEventLoop.java:496)
	at org.apache.ratis.thirdparty.io.netty.channel.nio.NioEventLoop.run(NioEventLoop.java:458)
	at org.apache.ratis.thirdparty.io.netty.util.concurrent.SingleThreadEventExecutor$5.run(SingleThreadEventExecutor.java:897)
	at org.apache.ratis.thirdparty.io.netty.util.concurrent.FastThreadLocalRunnable.run(FastThreadLocalRunnable.java:30)
	... 1 more
Caused by: java.net.ConnectException: Connection refused
	... 11 more
2019-11-04 16:47:49,123 [2911c1bb-ca7b-4253-a902-f80f167657b1@group-29467ABC0BF0-LeaderElection3604] INFO  impl.LeaderElection (LeaderElection.java:logAndReturn(56)) - 2911c1bb-ca7b-4253-a902-f80f167657b1@group-29467ABC0BF0-LeaderElection3604: Election REJECTED; received 0 response(s) [] and 2 exception(s); 2911c1bb-ca7b-4253-a902-f80f167657b1@group-29467ABC0BF0:t90, leader=null, voted=2911c1bb-ca7b-4253-a902-f80f167657b1, raftlog=2911c1bb-ca7b-4253-a902-f80f167657b1@group-29467ABC0BF0-SegmentedRaftLog:OPENED:c2,f2,i2, conf=1: [2911c1bb-ca7b-4253-a902-f80f167657b1:192.168.157.194:45844, 7fc3dcce-a523-45fc-b6d6-b2bad08ce4da:192.168.157.194:35647, 18bcd373-7631-4e7c-b817-d7839f17bf5a:192.168.157.194:38252], old=null
2019-11-04 16:47:49,123 [2911c1bb-ca7b-4253-a902-f80f167657b1@group-29467ABC0BF0-LeaderElection3604] INFO  impl.LeaderElection (LogUtils.java:infoOrTrace(149)) -   Exception 0: {}
java.util.concurrent.ExecutionException: org.apache.ratis.thirdparty.io.grpc.StatusRuntimeException: UNAVAILABLE: io exception
	at java.util.concurrent.FutureTask.report(FutureTask.java:122)
	at java.util.concurrent.FutureTask.get(FutureTask.java:192)
	at org.apache.ratis.server.impl.LeaderElection.waitForResults(LeaderElection.java:259)
	at org.apache.ratis.server.impl.LeaderElection.askForVotes(LeaderElection.java:197)
	at org.apache.ratis.server.impl.LeaderElection.run(LeaderElection.java:133)
	at java.lang.Thread.run(Thread.java:748)
Caused by: org.apache.ratis.thirdparty.io.grpc.StatusRuntimeException: UNAVAILABLE: io exception
	at org.apache.ratis.thirdparty.io.grpc.stub.ClientCalls.toStatusRuntimeException(ClientCalls.java:233)
	at org.apache.ratis.thirdparty.io.grpc.stub.ClientCalls.getUnchecked(ClientCalls.java:214)
	at org.apache.ratis.thirdparty.io.grpc.stub.ClientCalls.blockingUnaryCall(ClientCalls.java:139)
	at org.apache.ratis.proto.grpc.RaftServerProtocolServiceGrpc$RaftServerProtocolServiceBlockingStub.requestVote(RaftServerProtocolServiceGrpc.java:265)
	at org.apache.ratis.grpc.server.GrpcServerProtocolClient.requestVote(GrpcServerProtocolClient.java:99)
	at org.apache.ratis.grpc.server.GrpcService.requestVote(GrpcService.java:204)
	at org.apache.ratis.server.impl.LeaderElection.lambda$submitRequests$1(LeaderElection.java:234)
	at java.util.concurrent.FutureTask.run(FutureTask.java:266)
	at java.util.concurrent.Executors$RunnableAdapter.call(Executors.java:511)
	at java.util.concurrent.FutureTask.run(FutureTask.java:266)
	at java.util.concurrent.ThreadPoolExecutor.runWorker(ThreadPoolExecutor.java:1149)
	at java.util.concurrent.ThreadPoolExecutor$Worker.run(ThreadPoolExecutor.java:624)
	... 1 more
Caused by: org.apache.ratis.thirdparty.io.netty.channel.AbstractChannel$AnnotatedConnectException: Connection refused: /192.168.157.194:38252
	at sun.nio.ch.SocketChannelImpl.checkConnect(Native Method)
	at sun.nio.ch.SocketChannelImpl.finishConnect(SocketChannelImpl.java:717)
	at org.apache.ratis.thirdparty.io.netty.channel.socket.nio.NioSocketChannel.doFinishConnect(NioSocketChannel.java:327)
	at org.apache.ratis.thirdparty.io.netty.channel.nio.AbstractNioChannel$AbstractNioUnsafe.finishConnect(AbstractNioChannel.java:340)
	at org.apache.ratis.thirdparty.io.netty.channel.nio.NioEventLoop.processSelectedKey(NioEventLoop.java:632)
	at org.apache.ratis.thirdparty.io.netty.channel.nio.NioEventLoop.processSelectedKeysOptimized(NioEventLoop.java:579)
	at org.apache.ratis.thirdparty.io.netty.channel.nio.NioEventLoop.processSelectedKeys(NioEventLoop.java:496)
	at org.apache.ratis.thirdparty.io.netty.channel.nio.NioEventLoop.run(NioEventLoop.java:458)
	at org.apache.ratis.thirdparty.io.netty.util.concurrent.SingleThreadEventExecutor$5.run(SingleThreadEventExecutor.java:897)
	at org.apache.ratis.thirdparty.io.netty.util.concurrent.FastThreadLocalRunnable.run(FastThreadLocalRunnable.java:30)
	... 1 more
Caused by: java.net.ConnectException: Connection refused
	... 11 more
2019-11-04 16:47:49,123 [2911c1bb-ca7b-4253-a902-f80f167657b1@group-29467ABC0BF0-LeaderElection3604] INFO  impl.LeaderElection (LogUtils.java:infoOrTrace(149)) -   Exception 1: {}
java.util.concurrent.ExecutionException: org.apache.ratis.thirdparty.io.grpc.StatusRuntimeException: UNAVAILABLE: io exception
	at java.util.concurrent.FutureTask.report(FutureTask.java:122)
	at java.util.concurrent.FutureTask.get(FutureTask.java:192)
	at org.apache.ratis.server.impl.LeaderElection.waitForResults(LeaderElection.java:259)
	at org.apache.ratis.server.impl.LeaderElection.askForVotes(LeaderElection.java:197)
	at org.apache.ratis.server.impl.LeaderElection.run(LeaderElection.java:133)
	at java.lang.Thread.run(Thread.java:748)
Caused by: org.apache.ratis.thirdparty.io.grpc.StatusRuntimeException: UNAVAILABLE: io exception
	at org.apache.ratis.thirdparty.io.grpc.stub.ClientCalls.toStatusRuntimeException(ClientCalls.java:233)
	at org.apache.ratis.thirdparty.io.grpc.stub.ClientCalls.getUnchecked(ClientCalls.java:214)
	at org.apache.ratis.thirdparty.io.grpc.stub.ClientCalls.blockingUnaryCall(ClientCalls.java:139)
	at org.apache.ratis.proto.grpc.RaftServerProtocolServiceGrpc$RaftServerProtocolServiceBlockingStub.requestVote(RaftServerProtocolServiceGrpc.java:265)
	at org.apache.ratis.grpc.server.GrpcServerProtocolClient.requestVote(GrpcServerProtocolClient.java:99)
	at org.apache.ratis.grpc.server.GrpcService.requestVote(GrpcService.java:204)
	at org.apache.ratis.server.impl.LeaderElection.lambda$submitRequests$1(LeaderElection.java:234)
	at java.util.concurrent.FutureTask.run(FutureTask.java:266)
	at java.util.concurrent.Executors$RunnableAdapter.call(Executors.java:511)
	at java.util.concurrent.FutureTask.run(FutureTask.java:266)
	at java.util.concurrent.ThreadPoolExecutor.runWorker(ThreadPoolExecutor.java:1149)
	at java.util.concurrent.ThreadPoolExecutor$Worker.run(ThreadPoolExecutor.java:624)
	... 1 more
Caused by: org.apache.ratis.thirdparty.io.netty.channel.AbstractChannel$AnnotatedConnectException: Connection refused: /192.168.157.194:35647
	at sun.nio.ch.SocketChannelImpl.checkConnect(Native Method)
	at sun.nio.ch.SocketChannelImpl.finishConnect(SocketChannelImpl.java:717)
	at org.apache.ratis.thirdparty.io.netty.channel.socket.nio.NioSocketChannel.doFinishConnect(NioSocketChannel.java:327)
	at org.apache.ratis.thirdparty.io.netty.channel.nio.AbstractNioChannel$AbstractNioUnsafe.finishConnect(AbstractNioChannel.java:340)
	at org.apache.ratis.thirdparty.io.netty.channel.nio.NioEventLoop.processSelectedKey(NioEventLoop.java:632)
	at org.apache.ratis.thirdparty.io.netty.channel.nio.NioEventLoop.processSelectedKeysOptimized(NioEventLoop.java:579)
	at org.apache.ratis.thirdparty.io.netty.channel.nio.NioEventLoop.processSelectedKeys(NioEventLoop.java:496)
	at org.apache.ratis.thirdparty.io.netty.channel.nio.NioEventLoop.run(NioEventLoop.java:458)
	at org.apache.ratis.thirdparty.io.netty.util.concurrent.SingleThreadEventExecutor$5.run(SingleThreadEventExecutor.java:897)
	at org.apache.ratis.thirdparty.io.netty.util.concurrent.FastThreadLocalRunnable.run(FastThreadLocalRunnable.java:30)
	... 1 more
Caused by: java.net.ConnectException: Connection refused
	... 11 more
2019-11-04 16:47:49,123 [2911c1bb-ca7b-4253-a902-f80f167657b1@group-29467ABC0BF0-LeaderElection3604] INFO  impl.RaftServerImpl (RaftServerImpl.java:setRole(184)) - 2911c1bb-ca7b-4253-a902-f80f167657b1@group-29467ABC0BF0: changes role from CANDIDATE to FOLLOWER at term 90 for DISCOVERED_A_NEW_TERM
2019-11-04 16:47:49,124 [2911c1bb-ca7b-4253-a902-f80f167657b1@group-29467ABC0BF0-LeaderElection3604] INFO  impl.RoleInfo (RoleInfo.java:shutdownLeaderElection(134)) - 2911c1bb-ca7b-4253-a902-f80f167657b1: shutdown LeaderElection
2019-11-04 16:47:49,124 [2911c1bb-ca7b-4253-a902-f80f167657b1@group-29467ABC0BF0-LeaderElection3604] INFO  impl.RoleInfo (RoleInfo.java:updateAndGet(143)) - 2911c1bb-ca7b-4253-a902-f80f167657b1: start FollowerState
2019-11-04 16:47:49,909 [ForkJoinPool.commonPool-worker-1] INFO  ozoneimpl.OzoneContainer (OzoneContainer.java:stop(227)) - Attempting to stop container services.
2019-11-04 16:47:49,909 [main] INFO  ozoneimpl.OzoneContainer (OzoneContainer.java:stop(227)) - Attempting to stop container services.
2019-11-04 16:47:49,910 [ForkJoinPool.commonPool-worker-1] INFO  impl.RaftServerProxy (RaftServerProxy.java:lambda$close$4(314)) - 1b28f8eb-8aa4-4d14-8ba1-b6ff2630fcd0: close
2019-11-04 16:47:49,910 [main] INFO  impl.RaftServerProxy (RaftServerProxy.java:lambda$close$4(314)) - b64d56c3-7e00-4645-8b63-46d38bcf6e51: close
2019-11-04 16:47:49,910 [ForkJoinPool.commonPool-worker-1] INFO  impl.RaftServerImpl (RaftServerImpl.java:lambda$shutdown$3(261)) - 1b28f8eb-8aa4-4d14-8ba1-b6ff2630fcd0@group-25CD2F99C4CD: shutdown
2019-11-04 16:47:49,910 [main] INFO  impl.RaftServerImpl (RaftServerImpl.java:lambda$shutdown$3(261)) - b64d56c3-7e00-4645-8b63-46d38bcf6e51@group-E240BB25F985: shutdown
2019-11-04 16:47:49,911 [ForkJoinPool.commonPool-worker-1] INFO  util.JmxRegister (JmxRegister.java:unregister(73)) - Successfully un-registered JMX Bean with object name Ratis:service=RaftServer,group=group-25CD2F99C4CD,id=1b28f8eb-8aa4-4d14-8ba1-b6ff2630fcd0
2019-11-04 16:47:49,911 [main] INFO  util.JmxRegister (JmxRegister.java:unregister(73)) - Successfully un-registered JMX Bean with object name Ratis:service=RaftServer,group=group-E240BB25F985,id=b64d56c3-7e00-4645-8b63-46d38bcf6e51
2019-11-04 16:47:49,911 [ForkJoinPool.commonPool-worker-1] INFO  impl.RoleInfo (RoleInfo.java:shutdownLeaderState(104)) - 1b28f8eb-8aa4-4d14-8ba1-b6ff2630fcd0: shutdown LeaderState
2019-11-04 16:47:49,911 [main] INFO  impl.RoleInfo (RoleInfo.java:shutdownLeaderState(104)) - b64d56c3-7e00-4645-8b63-46d38bcf6e51: shutdown LeaderState
2019-11-04 16:47:49,911 [ForkJoinPool.commonPool-worker-1] INFO  impl.PendingRequests (PendingRequests.java:sendNotLeaderResponses(202)) - 1b28f8eb-8aa4-4d14-8ba1-b6ff2630fcd0@group-25CD2F99C4CD-PendingRequests: sendNotLeaderResponses
2019-11-04 16:47:49,911 [main] INFO  impl.PendingRequests (PendingRequests.java:sendNotLeaderResponses(202)) - b64d56c3-7e00-4645-8b63-46d38bcf6e51@group-E240BB25F985-PendingRequests: sendNotLeaderResponses
2019-11-04 16:47:49,912 [ForkJoinPool.commonPool-worker-1] INFO  impl.StateMachineUpdater (StateMachineUpdater.java:stopAndJoin(136)) - 1b28f8eb-8aa4-4d14-8ba1-b6ff2630fcd0@group-25CD2F99C4CD-StateMachineUpdater: set stopIndex = 0
2019-11-04 16:47:49,912 [main] INFO  impl.StateMachineUpdater (StateMachineUpdater.java:stopAndJoin(136)) - b64d56c3-7e00-4645-8b63-46d38bcf6e51@group-E240BB25F985-StateMachineUpdater: set stopIndex = 0
2019-11-04 16:47:49,912 [ForkJoinPool.commonPool-worker-1] INFO  impl.RaftServerImpl (ServerState.java:close(388)) - 1b28f8eb-8aa4-4d14-8ba1-b6ff2630fcd0@group-25CD2F99C4CD: closes. applyIndex: 0
2019-11-04 16:47:49,912 [main] INFO  impl.RaftServerImpl (ServerState.java:close(388)) - b64d56c3-7e00-4645-8b63-46d38bcf6e51@group-E240BB25F985: closes. applyIndex: 0
2019-11-04 16:47:49,912 [1b28f8eb-8aa4-4d14-8ba1-b6ff2630fcd0@group-25CD2F99C4CD-SegmentedRaftLogWorker] INFO  segmented.SegmentedRaftLogWorker (SegmentedRaftLogWorker.java:run(316)) - 1b28f8eb-8aa4-4d14-8ba1-b6ff2630fcd0@group-25CD2F99C4CD-SegmentedRaftLogWorker was interrupted, exiting. There are 0 tasks remaining in the queue.
2019-11-04 16:47:49,912 [b64d56c3-7e00-4645-8b63-46d38bcf6e51@group-E240BB25F985-SegmentedRaftLogWorker] INFO  segmented.SegmentedRaftLogWorker (SegmentedRaftLogWorker.java:run(316)) - b64d56c3-7e00-4645-8b63-46d38bcf6e51@group-E240BB25F985-SegmentedRaftLogWorker was interrupted, exiting. There are 0 tasks remaining in the queue.
2019-11-04 16:47:49,915 [ForkJoinPool.commonPool-worker-1] INFO  segmented.SegmentedRaftLogWorker (SegmentedRaftLogWorker.java:close(224)) - 1b28f8eb-8aa4-4d14-8ba1-b6ff2630fcd0@group-25CD2F99C4CD-SegmentedRaftLogWorker close()
2019-11-04 16:47:49,915 [main] INFO  segmented.SegmentedRaftLogWorker (SegmentedRaftLogWorker.java:close(224)) - b64d56c3-7e00-4645-8b63-46d38bcf6e51@group-E240BB25F985-SegmentedRaftLogWorker close()
2019-11-04 16:47:49,925 [ForkJoinPool.commonPool-worker-1] INFO  impl.RaftServerImpl (RaftServerImpl.java:lambda$shutdown$3(261)) - 1b28f8eb-8aa4-4d14-8ba1-b6ff2630fcd0@group-B6DB3D3E12D0: shutdown
2019-11-04 16:47:49,925 [main] INFO  impl.RaftServerImpl (RaftServerImpl.java:lambda$shutdown$3(261)) - b64d56c3-7e00-4645-8b63-46d38bcf6e51@group-A695585A5CDD: shutdown
2019-11-04 16:47:49,925 [ForkJoinPool.commonPool-worker-1] INFO  util.JmxRegister (JmxRegister.java:unregister(73)) - Successfully un-registered JMX Bean with object name Ratis:service=RaftServer,group=group-B6DB3D3E12D0,id=1b28f8eb-8aa4-4d14-8ba1-b6ff2630fcd0
2019-11-04 16:47:49,926 [main] INFO  util.JmxRegister (JmxRegister.java:unregister(73)) - Successfully un-registered JMX Bean with object name Ratis:service=RaftServer,group=group-A695585A5CDD,id=b64d56c3-7e00-4645-8b63-46d38bcf6e51
2019-11-04 16:47:49,926 [ForkJoinPool.commonPool-worker-1] INFO  impl.RoleInfo (RoleInfo.java:shutdownFollowerState(121)) - 1b28f8eb-8aa4-4d14-8ba1-b6ff2630fcd0: shutdown FollowerState
2019-11-04 16:47:49,926 [main] INFO  impl.RoleInfo (RoleInfo.java:shutdownFollowerState(121)) - b64d56c3-7e00-4645-8b63-46d38bcf6e51: shutdown FollowerState
2019-11-04 16:47:49,926 [1b28f8eb-8aa4-4d14-8ba1-b6ff2630fcd0@group-B6DB3D3E12D0-StateMachineUpdater] INFO  ratis.ContainerStateMachine (ContainerStateMachine.java:takeSnapshot(294)) - group-B6DB3D3E12D0: Taking a snapshot at:(t:1, i:8) file /workdir/hadoop-ozone/integration-test/target/test-dir/MiniOzoneClusterImpl-8e66254f-d6bc-40e7-ae2f-db5e1b2bb1f3/datanode-4/data/ratis/bf82653a-7068-46f7-9c84-b6db3d3e12d0/sm/snapshot.1_8
2019-11-04 16:47:49,926 [Thread-25072] INFO  impl.FollowerState (FollowerState.java:run(117)) - 1b28f8eb-8aa4-4d14-8ba1-b6ff2630fcd0@group-B6DB3D3E12D0-FollowerState was interrupted: java.lang.InterruptedException: sleep interrupted
2019-11-04 16:47:49,926 [ForkJoinPool.commonPool-worker-1] INFO  impl.StateMachineUpdater (StateMachineUpdater.java:stopAndJoin(136)) - 1b28f8eb-8aa4-4d14-8ba1-b6ff2630fcd0@group-B6DB3D3E12D0-StateMachineUpdater: set stopIndex = 12
2019-11-04 16:47:49,927 [Thread-25862] INFO  impl.FollowerState (FollowerState.java:run(117)) - b64d56c3-7e00-4645-8b63-46d38bcf6e51@group-A695585A5CDD-FollowerState was interrupted: java.lang.InterruptedException: sleep interrupted
2019-11-04 16:47:49,927 [main] INFO  impl.StateMachineUpdater (StateMachineUpdater.java:stopAndJoin(136)) - b64d56c3-7e00-4645-8b63-46d38bcf6e51@group-A695585A5CDD-StateMachineUpdater: set stopIndex = 0
2019-11-04 16:47:49,927 [main] INFO  impl.RaftServerImpl (ServerState.java:close(388)) - b64d56c3-7e00-4645-8b63-46d38bcf6e51@group-A695585A5CDD: closes. applyIndex: 0
2019-11-04 16:47:49,928 [b64d56c3-7e00-4645-8b63-46d38bcf6e51@group-A695585A5CDD-SegmentedRaftLogWorker] INFO  segmented.SegmentedRaftLogWorker (SegmentedRaftLogWorker.java:run(316)) - b64d56c3-7e00-4645-8b63-46d38bcf6e51@group-A695585A5CDD-SegmentedRaftLogWorker was interrupted, exiting. There are 0 tasks remaining in the queue.
2019-11-04 16:47:49,928 [main] INFO  segmented.SegmentedRaftLogWorker (SegmentedRaftLogWorker.java:close(224)) - b64d56c3-7e00-4645-8b63-46d38bcf6e51@group-A695585A5CDD-SegmentedRaftLogWorker close()
2019-11-04 16:47:49,928 [main] INFO  server.GrpcService (GrpcService.java:closeImpl(164)) - b64d56c3-7e00-4645-8b63-46d38bcf6e51: shutdown server with port 33628 now
2019-11-04 16:47:49,929 [main] INFO  server.GrpcService (GrpcService.java:closeImpl(172)) - b64d56c3-7e00-4645-8b63-46d38bcf6e51: shutdown server with port 33628 successfully
2019-11-04 16:47:49,933 [1b28f8eb-8aa4-4d14-8ba1-b6ff2630fcd0@group-B6DB3D3E12D0-StateMachineUpdater] INFO  ratis.ContainerStateMachine (ContainerStateMachine.java:takeSnapshot(305)) - group-B6DB3D3E12D0: Finished taking a snapshot at:(t:1, i:8) file:/workdir/hadoop-ozone/integration-test/target/test-dir/MiniOzoneClusterImpl-8e66254f-d6bc-40e7-ae2f-db5e1b2bb1f3/datanode-4/data/ratis/bf82653a-7068-46f7-9c84-b6db3d3e12d0/sm/snapshot.1_8 time:7
2019-11-04 16:47:49,934 [1b28f8eb-8aa4-4d14-8ba1-b6ff2630fcd0@group-B6DB3D3E12D0-StateMachineUpdater] INFO  impl.StateMachineUpdater (StateMachineUpdater.java:takeSnapshot(269)) - 1b28f8eb-8aa4-4d14-8ba1-b6ff2630fcd0@group-B6DB3D3E12D0-StateMachineUpdater: Took a snapshot at index 8
2019-11-04 16:47:49,934 [1b28f8eb-8aa4-4d14-8ba1-b6ff2630fcd0@group-B6DB3D3E12D0-StateMachineUpdater] INFO  impl.StateMachineUpdater (StateMachineUpdater.java:lambda$new$0(84)) - 1b28f8eb-8aa4-4d14-8ba1-b6ff2630fcd0@group-B6DB3D3E12D0-StateMachineUpdater: snapshotIndex: updateIncreasingly -1 -> 8
2019-11-04 16:47:49,934 [refreshUsed-/workdir/hadoop-ozone/integration-test/target/test-dir/MiniOzoneClusterImpl-8e66254f-d6bc-40e7-ae2f-db5e1b2bb1f3/datanode-9/data/containers] WARN  fs.CachingGetSpaceUsed (CachingGetSpaceUsed.java:run(183)) - Thread Interrupted waiting to refresh disk information: sleep interrupted
2019-11-04 16:47:49,935 [1b28f8eb-8aa4-4d14-8ba1-b6ff2630fcd0@group-B6DB3D3E12D0-StateMachineUpdater] INFO  ratis.ContainerStateMachine (ContainerStateMachine.java:takeSnapshot(294)) - group-B6DB3D3E12D0: Taking a snapshot at:(t:1, i:8) file /workdir/hadoop-ozone/integration-test/target/test-dir/MiniOzoneClusterImpl-8e66254f-d6bc-40e7-ae2f-db5e1b2bb1f3/datanode-4/data/ratis/bf82653a-7068-46f7-9c84-b6db3d3e12d0/sm/snapshot.1_8
2019-11-04 16:47:49,941 [1b28f8eb-8aa4-4d14-8ba1-b6ff2630fcd0@group-B6DB3D3E12D0-StateMachineUpdater] INFO  ratis.ContainerStateMachine (ContainerStateMachine.java:takeSnapshot(305)) - group-B6DB3D3E12D0: Finished taking a snapshot at:(t:1, i:8) file:/workdir/hadoop-ozone/integration-test/target/test-dir/MiniOzoneClusterImpl-8e66254f-d6bc-40e7-ae2f-db5e1b2bb1f3/datanode-4/data/ratis/bf82653a-7068-46f7-9c84-b6db3d3e12d0/sm/snapshot.1_8 time:6
2019-11-04 16:47:49,941 [1b28f8eb-8aa4-4d14-8ba1-b6ff2630fcd0@group-B6DB3D3E12D0-StateMachineUpdater] INFO  impl.StateMachineUpdater (StateMachineUpdater.java:takeSnapshot(269)) - 1b28f8eb-8aa4-4d14-8ba1-b6ff2630fcd0@group-B6DB3D3E12D0-StateMachineUpdater: Took a snapshot at index 8
2019-11-04 16:47:49,941 [1b28f8eb-8aa4-4d14-8ba1-b6ff2630fcd0@group-B6DB3D3E12D0-StateMachineUpdater] INFO  impl.StateMachineUpdater (StateMachineUpdater.java:lambda$new$0(84)) - 1b28f8eb-8aa4-4d14-8ba1-b6ff2630fcd0@group-B6DB3D3E12D0-StateMachineUpdater: snapshotIndex: updateIncreasingly 8 -> 8
2019-11-04 16:47:49,941 [ForkJoinPool.commonPool-worker-1] INFO  impl.RaftServerImpl (ServerState.java:close(388)) - 1b28f8eb-8aa4-4d14-8ba1-b6ff2630fcd0@group-B6DB3D3E12D0: closes. applyIndex: 12
2019-11-04 16:47:49,942 [1b28f8eb-8aa4-4d14-8ba1-b6ff2630fcd0@group-B6DB3D3E12D0-SegmentedRaftLogWorker] INFO  segmented.SegmentedRaftLogWorker (SegmentedRaftLogWorker.java:run(316)) - 1b28f8eb-8aa4-4d14-8ba1-b6ff2630fcd0@group-B6DB3D3E12D0-SegmentedRaftLogWorker was interrupted, exiting. There are 0 tasks remaining in the queue.
2019-11-04 16:47:49,942 [ForkJoinPool.commonPool-worker-1] INFO  segmented.SegmentedRaftLogWorker (SegmentedRaftLogWorker.java:close(224)) - 1b28f8eb-8aa4-4d14-8ba1-b6ff2630fcd0@group-B6DB3D3E12D0-SegmentedRaftLogWorker close()
2019-11-04 16:47:49,942 [ForkJoinPool.commonPool-worker-1] INFO  server.GrpcService (GrpcService.java:closeImpl(164)) - 1b28f8eb-8aa4-4d14-8ba1-b6ff2630fcd0: shutdown server with port 38874 now
2019-11-04 16:47:49,943 [grpc-default-executor-3] WARN  server.GrpcServerProtocolService (LogUtils.java:warn(134)) - 1b28f8eb-8aa4-4d14-8ba1-b6ff2630fcd0: installSnapshot onError, lastRequest: 851b12f9-bfd6-4752-97e2-7b87bdb6f05b->1b28f8eb-8aa4-4d14-8ba1-b6ff2630fcd0#71-t1, previous=(t:1, i:12), leaderCommit=12, initializing? false, entries: <empty>: org.apache.ratis.thirdparty.io.grpc.StatusRuntimeException: CANCELLED: cancelled before receiving half close
2019-11-04 16:47:49,943 [ForkJoinPool.commonPool-worker-1] INFO  server.GrpcService (GrpcService.java:closeImpl(172)) - 1b28f8eb-8aa4-4d14-8ba1-b6ff2630fcd0: shutdown server with port 38874 successfully
2019-11-04 16:47:49,943 [grpc-default-executor-17] WARN  server.GrpcLogAppender (LogUtils.java:warn(134)) - 851b12f9-bfd6-4752-97e2-7b87bdb6f05b@group-B6DB3D3E12D0->1b28f8eb-8aa4-4d14-8ba1-b6ff2630fcd0-AppendLogResponseHandler: Failed appendEntries: org.apache.ratis.thirdparty.io.grpc.StatusRuntimeException: CANCELLED: HTTP/2 error code: CANCEL
Received Rst Stream
2019-11-04 16:47:49,944 [refreshUsed-/workdir/hadoop-ozone/integration-test/target/test-dir/MiniOzoneClusterImpl-8e66254f-d6bc-40e7-ae2f-db5e1b2bb1f3/datanode-4/data/containers] WARN  fs.CachingGetSpaceUsed (CachingGetSpaceUsed.java:run(183)) - Thread Interrupted waiting to refresh disk information: sleep interrupted
2019-11-04 16:47:49,946 [main] INFO  utils.BackgroundService (BackgroundService.java:shutdown(151)) - Shutting down service BlockDeletingService
2019-11-04 16:47:49,950 [main] INFO  statemachine.DatanodeStateMachine (DatanodeStateMachine.java:stopDaemon(395)) - Ozone container server stopped.
2019-11-04 16:47:49,952 [main] INFO  handler.ContextHandler (ContextHandler.java:doStop(910)) - Stopped o.e.j.w.WebAppContext@6bd92538{/,null,UNAVAILABLE}{/hddsDatanode}
2019-11-04 16:47:49,953 [main] INFO  server.AbstractConnector (AbstractConnector.java:doStop(318)) - Stopped ServerConnector@69a373fd{HTTP/1.1,[http/1.1]}{0.0.0.0:0}
2019-11-04 16:47:49,953 [main] INFO  handler.ContextHandler (ContextHandler.java:doStop(910)) - Stopped o.e.j.s.ServletContextHandler@7523d5a1{/static,jar:file:/home/user/.m2/repository/org/apache/hadoop/hadoop-hdds-container-service/0.5.0-SNAPSHOT/hadoop-hdds-container-service-0.5.0-SNAPSHOT.jar!/webapps/static,UNAVAILABLE}
2019-11-04 16:47:49,953 [main] INFO  handler.ContextHandler (ContextHandler.java:doStop(910)) - Stopped o.e.j.s.ServletContextHandler@38de5daf{/logs,file:///workdir/hadoop-ozone/integration-test/target/log,UNAVAILABLE}
2019-11-04 16:47:49,962 [ForkJoinPool.commonPool-worker-1] INFO  utils.BackgroundService (BackgroundService.java:shutdown(151)) - Shutting down service BlockDeletingService
2019-11-04 16:47:49,964 [ForkJoinPool.commonPool-worker-1] INFO  statemachine.DatanodeStateMachine (DatanodeStateMachine.java:stopDaemon(395)) - Ozone container server stopped.
2019-11-04 16:47:49,977 [ForkJoinPool.commonPool-worker-1] INFO  handler.ContextHandler (ContextHandler.java:doStop(910)) - Stopped o.e.j.w.WebAppContext@250967f1{/,null,UNAVAILABLE}{/hddsDatanode}
2019-11-04 16:47:49,977 [ForkJoinPool.commonPool-worker-1] INFO  server.AbstractConnector (AbstractConnector.java:doStop(318)) - Stopped ServerConnector@25c1f5ee{HTTP/1.1,[http/1.1]}{0.0.0.0:0}
2019-11-04 16:47:49,979 [ForkJoinPool.commonPool-worker-1] INFO  handler.ContextHandler (ContextHandler.java:doStop(910)) - Stopped o.e.j.s.ServletContextHandler@7159d601{/static,jar:file:/home/user/.m2/repository/org/apache/hadoop/hadoop-hdds-container-service/0.5.0-SNAPSHOT/hadoop-hdds-container-service-0.5.0-SNAPSHOT.jar!/webapps/static,UNAVAILABLE}
2019-11-04 16:47:49,980 [ForkJoinPool.commonPool-worker-1] INFO  handler.ContextHandler (ContextHandler.java:doStop(910)) - Stopped o.e.j.s.ServletContextHandler@7a572ea0{/logs,file:///workdir/hadoop-ozone/integration-test/target/log,UNAVAILABLE}
2019-11-04 16:47:50,075 [Datanode State Machine Thread - 0] INFO  statemachine.DatanodeStateMachine (DatanodeStateMachine.java:lambda$startDaemon$0(350)) - Ozone container server started.
2019-11-04 16:47:50,278 [Thread-25866] INFO  impl.FollowerState (FollowerState.java:run(108)) - 2911c1bb-ca7b-4253-a902-f80f167657b1@group-29467ABC0BF0-FollowerState: change to CANDIDATE, lastRpcTime:1154ms, electionTimeout:1154ms
2019-11-04 16:47:50,278 [Thread-25866] INFO  impl.RoleInfo (RoleInfo.java:shutdownFollowerState(121)) - 2911c1bb-ca7b-4253-a902-f80f167657b1: shutdown FollowerState
2019-11-04 16:47:50,278 [Thread-25866] INFO  impl.RaftServerImpl (RaftServerImpl.java:setRole(184)) - 2911c1bb-ca7b-4253-a902-f80f167657b1@group-29467ABC0BF0: changes role from  FOLLOWER to CANDIDATE at term 90 for changeToCandidate
2019-11-04 16:47:50,279 [Thread-25866] INFO  impl.RoleInfo (RoleInfo.java:updateAndGet(143)) - 2911c1bb-ca7b-4253-a902-f80f167657b1: start LeaderElection
2019-11-04 16:47:50,286 [2911c1bb-ca7b-4253-a902-f80f167657b1@group-29467ABC0BF0-LeaderElection3605] INFO  impl.LeaderElection (LeaderElection.java:askForVotes(178)) - 2911c1bb-ca7b-4253-a902-f80f167657b1@group-29467ABC0BF0-LeaderElection3605: begin an election at term 91 for 1: [2911c1bb-ca7b-4253-a902-f80f167657b1:192.168.157.194:45844, 7fc3dcce-a523-45fc-b6d6-b2bad08ce4da:192.168.157.194:35647, 18bcd373-7631-4e7c-b817-d7839f17bf5a:192.168.157.194:38252], old=null
2019-11-04 16:47:50,287 [2911c1bb-ca7b-4253-a902-f80f167657b1@group-29467ABC0BF0-LeaderElection3605] INFO  impl.LeaderElection (LogUtils.java:infoOrTrace(149)) - 2911c1bb-ca7b-4253-a902-f80f167657b1@group-29467ABC0BF0-LeaderElection3605 got exception when requesting votes: {}
java.util.concurrent.ExecutionException: org.apache.ratis.thirdparty.io.grpc.StatusRuntimeException: UNAVAILABLE: io exception
	at java.util.concurrent.FutureTask.report(FutureTask.java:122)
	at java.util.concurrent.FutureTask.get(FutureTask.java:192)
	at org.apache.ratis.server.impl.LeaderElection.waitForResults(LeaderElection.java:259)
	at org.apache.ratis.server.impl.LeaderElection.askForVotes(LeaderElection.java:197)
	at org.apache.ratis.server.impl.LeaderElection.run(LeaderElection.java:133)
	at java.lang.Thread.run(Thread.java:748)
Caused by: org.apache.ratis.thirdparty.io.grpc.StatusRuntimeException: UNAVAILABLE: io exception
	at org.apache.ratis.thirdparty.io.grpc.stub.ClientCalls.toStatusRuntimeException(ClientCalls.java:233)
	at org.apache.ratis.thirdparty.io.grpc.stub.ClientCalls.getUnchecked(ClientCalls.java:214)
	at org.apache.ratis.thirdparty.io.grpc.stub.ClientCalls.blockingUnaryCall(ClientCalls.java:139)
	at org.apache.ratis.proto.grpc.RaftServerProtocolServiceGrpc$RaftServerProtocolServiceBlockingStub.requestVote(RaftServerProtocolServiceGrpc.java:265)
	at org.apache.ratis.grpc.server.GrpcServerProtocolClient.requestVote(GrpcServerProtocolClient.java:99)
	at org.apache.ratis.grpc.server.GrpcService.requestVote(GrpcService.java:204)
	at org.apache.ratis.server.impl.LeaderElection.lambda$submitRequests$1(LeaderElection.java:234)
	at java.util.concurrent.FutureTask.run(FutureTask.java:266)
	at java.util.concurrent.Executors$RunnableAdapter.call(Executors.java:511)
	at java.util.concurrent.FutureTask.run(FutureTask.java:266)
	at java.util.concurrent.ThreadPoolExecutor.runWorker(ThreadPoolExecutor.java:1149)
	at java.util.concurrent.ThreadPoolExecutor$Worker.run(ThreadPoolExecutor.java:624)
	... 1 more
Caused by: org.apache.ratis.thirdparty.io.netty.channel.AbstractChannel$AnnotatedConnectException: Connection refused: /192.168.157.194:35647
	at sun.nio.ch.SocketChannelImpl.checkConnect(Native Method)
	at sun.nio.ch.SocketChannelImpl.finishConnect(SocketChannelImpl.java:717)
	at org.apache.ratis.thirdparty.io.netty.channel.socket.nio.NioSocketChannel.doFinishConnect(NioSocketChannel.java:327)
	at org.apache.ratis.thirdparty.io.netty.channel.nio.AbstractNioChannel$AbstractNioUnsafe.finishConnect(AbstractNioChannel.java:340)
	at org.apache.ratis.thirdparty.io.netty.channel.nio.NioEventLoop.processSelectedKey(NioEventLoop.java:632)
	at org.apache.ratis.thirdparty.io.netty.channel.nio.NioEventLoop.processSelectedKeysOptimized(NioEventLoop.java:579)
	at org.apache.ratis.thirdparty.io.netty.channel.nio.NioEventLoop.processSelectedKeys(NioEventLoop.java:496)
	at org.apache.ratis.thirdparty.io.netty.channel.nio.NioEventLoop.run(NioEventLoop.java:458)
	at org.apache.ratis.thirdparty.io.netty.util.concurrent.SingleThreadEventExecutor$5.run(SingleThreadEventExecutor.java:897)
	at org.apache.ratis.thirdparty.io.netty.util.concurrent.FastThreadLocalRunnable.run(FastThreadLocalRunnable.java:30)
	... 1 more
Caused by: java.net.ConnectException: Connection refused
	... 11 more
2019-11-04 16:47:50,288 [2911c1bb-ca7b-4253-a902-f80f167657b1@group-29467ABC0BF0-LeaderElection3605] INFO  impl.LeaderElection (LogUtils.java:infoOrTrace(149)) - 2911c1bb-ca7b-4253-a902-f80f167657b1@group-29467ABC0BF0-LeaderElection3605 got exception when requesting votes: {}
java.util.concurrent.ExecutionException: org.apache.ratis.thirdparty.io.grpc.StatusRuntimeException: UNAVAILABLE: io exception
	at java.util.concurrent.FutureTask.report(FutureTask.java:122)
	at java.util.concurrent.FutureTask.get(FutureTask.java:192)
	at org.apache.ratis.server.impl.LeaderElection.waitForResults(LeaderElection.java:259)
	at org.apache.ratis.server.impl.LeaderElection.askForVotes(LeaderElection.java:197)
	at org.apache.ratis.server.impl.LeaderElection.run(LeaderElection.java:133)
	at java.lang.Thread.run(Thread.java:748)
Caused by: org.apache.ratis.thirdparty.io.grpc.StatusRuntimeException: UNAVAILABLE: io exception
	at org.apache.ratis.thirdparty.io.grpc.stub.ClientCalls.toStatusRuntimeException(ClientCalls.java:233)
	at org.apache.ratis.thirdparty.io.grpc.stub.ClientCalls.getUnchecked(ClientCalls.java:214)
	at org.apache.ratis.thirdparty.io.grpc.stub.ClientCalls.blockingUnaryCall(ClientCalls.java:139)
	at org.apache.ratis.proto.grpc.RaftServerProtocolServiceGrpc$RaftServerProtocolServiceBlockingStub.requestVote(RaftServerProtocolServiceGrpc.java:265)
	at org.apache.ratis.grpc.server.GrpcServerProtocolClient.requestVote(GrpcServerProtocolClient.java:99)
	at org.apache.ratis.grpc.server.GrpcService.requestVote(GrpcService.java:204)
	at org.apache.ratis.server.impl.LeaderElection.lambda$submitRequests$1(LeaderElection.java:234)
	at java.util.concurrent.FutureTask.run(FutureTask.java:266)
	at java.util.concurrent.Executors$RunnableAdapter.call(Executors.java:511)
	at java.util.concurrent.FutureTask.run(FutureTask.java:266)
	at java.util.concurrent.ThreadPoolExecutor.runWorker(ThreadPoolExecutor.java:1149)
	at java.util.concurrent.ThreadPoolExecutor$Worker.run(ThreadPoolExecutor.java:624)
	... 1 more
Caused by: org.apache.ratis.thirdparty.io.netty.channel.AbstractChannel$AnnotatedConnectException: Connection refused: /192.168.157.194:38252
	at sun.nio.ch.SocketChannelImpl.checkConnect(Native Method)
	at sun.nio.ch.SocketChannelImpl.finishConnect(SocketChannelImpl.java:717)
	at org.apache.ratis.thirdparty.io.netty.channel.socket.nio.NioSocketChannel.doFinishConnect(NioSocketChannel.java:327)
	at org.apache.ratis.thirdparty.io.netty.channel.nio.AbstractNioChannel$AbstractNioUnsafe.finishConnect(AbstractNioChannel.java:340)
	at org.apache.ratis.thirdparty.io.netty.channel.nio.NioEventLoop.processSelectedKey(NioEventLoop.java:632)
	at org.apache.ratis.thirdparty.io.netty.channel.nio.NioEventLoop.processSelectedKeysOptimized(NioEventLoop.java:579)
	at org.apache.ratis.thirdparty.io.netty.channel.nio.NioEventLoop.processSelectedKeys(NioEventLoop.java:496)
	at org.apache.ratis.thirdparty.io.netty.channel.nio.NioEventLoop.run(NioEventLoop.java:458)
	at org.apache.ratis.thirdparty.io.netty.util.concurrent.SingleThreadEventExecutor$5.run(SingleThreadEventExecutor.java:897)
	at org.apache.ratis.thirdparty.io.netty.util.concurrent.FastThreadLocalRunnable.run(FastThreadLocalRunnable.java:30)
	... 1 more
Caused by: java.net.ConnectException: Connection refused
	... 11 more
2019-11-04 16:47:50,288 [2911c1bb-ca7b-4253-a902-f80f167657b1@group-29467ABC0BF0-LeaderElection3605] INFO  impl.LeaderElection (LeaderElection.java:logAndReturn(56)) - 2911c1bb-ca7b-4253-a902-f80f167657b1@group-29467ABC0BF0-LeaderElection3605: Election REJECTED; received 0 response(s) [] and 2 exception(s); 2911c1bb-ca7b-4253-a902-f80f167657b1@group-29467ABC0BF0:t91, leader=null, voted=2911c1bb-ca7b-4253-a902-f80f167657b1, raftlog=2911c1bb-ca7b-4253-a902-f80f167657b1@group-29467ABC0BF0-SegmentedRaftLog:OPENED:c2,f2,i2, conf=1: [2911c1bb-ca7b-4253-a902-f80f167657b1:192.168.157.194:45844, 7fc3dcce-a523-45fc-b6d6-b2bad08ce4da:192.168.157.194:35647, 18bcd373-7631-4e7c-b817-d7839f17bf5a:192.168.157.194:38252], old=null
2019-11-04 16:47:50,288 [2911c1bb-ca7b-4253-a902-f80f167657b1@group-29467ABC0BF0-LeaderElection3605] INFO  impl.LeaderElection (LogUtils.java:infoOrTrace(149)) -   Exception 0: {}
java.util.concurrent.ExecutionException: org.apache.ratis.thirdparty.io.grpc.StatusRuntimeException: UNAVAILABLE: io exception
	at java.util.concurrent.FutureTask.report(FutureTask.java:122)
	at java.util.concurrent.FutureTask.get(FutureTask.java:192)
	at org.apache.ratis.server.impl.LeaderElection.waitForResults(LeaderElection.java:259)
	at org.apache.ratis.server.impl.LeaderElection.askForVotes(LeaderElection.java:197)
	at org.apache.ratis.server.impl.LeaderElection.run(LeaderElection.java:133)
	at java.lang.Thread.run(Thread.java:748)
Caused by: org.apache.ratis.thirdparty.io.grpc.StatusRuntimeException: UNAVAILABLE: io exception
	at org.apache.ratis.thirdparty.io.grpc.stub.ClientCalls.toStatusRuntimeException(ClientCalls.java:233)
	at org.apache.ratis.thirdparty.io.grpc.stub.ClientCalls.getUnchecked(ClientCalls.java:214)
	at org.apache.ratis.thirdparty.io.grpc.stub.ClientCalls.blockingUnaryCall(ClientCalls.java:139)
	at org.apache.ratis.proto.grpc.RaftServerProtocolServiceGrpc$RaftServerProtocolServiceBlockingStub.requestVote(RaftServerProtocolServiceGrpc.java:265)
	at org.apache.ratis.grpc.server.GrpcServerProtocolClient.requestVote(GrpcServerProtocolClient.java:99)
	at org.apache.ratis.grpc.server.GrpcService.requestVote(GrpcService.java:204)
	at org.apache.ratis.server.impl.LeaderElection.lambda$submitRequests$1(LeaderElection.java:234)
	at java.util.concurrent.FutureTask.run(FutureTask.java:266)
	at java.util.concurrent.Executors$RunnableAdapter.call(Executors.java:511)
	at java.util.concurrent.FutureTask.run(FutureTask.java:266)
	at java.util.concurrent.ThreadPoolExecutor.runWorker(ThreadPoolExecutor.java:1149)
	at java.util.concurrent.ThreadPoolExecutor$Worker.run(ThreadPoolExecutor.java:624)
	... 1 more
Caused by: org.apache.ratis.thirdparty.io.netty.channel.AbstractChannel$AnnotatedConnectException: Connection refused: /192.168.157.194:35647
	at sun.nio.ch.SocketChannelImpl.checkConnect(Native Method)
	at sun.nio.ch.SocketChannelImpl.finishConnect(SocketChannelImpl.java:717)
	at org.apache.ratis.thirdparty.io.netty.channel.socket.nio.NioSocketChannel.doFinishConnect(NioSocketChannel.java:327)
	at org.apache.ratis.thirdparty.io.netty.channel.nio.AbstractNioChannel$AbstractNioUnsafe.finishConnect(AbstractNioChannel.java:340)
	at org.apache.ratis.thirdparty.io.netty.channel.nio.NioEventLoop.processSelectedKey(NioEventLoop.java:632)
	at org.apache.ratis.thirdparty.io.netty.channel.nio.NioEventLoop.processSelectedKeysOptimized(NioEventLoop.java:579)
	at org.apache.ratis.thirdparty.io.netty.channel.nio.NioEventLoop.processSelectedKeys(NioEventLoop.java:496)
	at org.apache.ratis.thirdparty.io.netty.channel.nio.NioEventLoop.run(NioEventLoop.java:458)
	at org.apache.ratis.thirdparty.io.netty.util.concurrent.SingleThreadEventExecutor$5.run(SingleThreadEventExecutor.java:897)
	at org.apache.ratis.thirdparty.io.netty.util.concurrent.FastThreadLocalRunnable.run(FastThreadLocalRunnable.java:30)
	... 1 more
Caused by: java.net.ConnectException: Connection refused
	... 11 more
2019-11-04 16:47:50,288 [2911c1bb-ca7b-4253-a902-f80f167657b1@group-29467ABC0BF0-LeaderElection3605] INFO  impl.LeaderElection (LogUtils.java:infoOrTrace(149)) -   Exception 1: {}
java.util.concurrent.ExecutionException: org.apache.ratis.thirdparty.io.grpc.StatusRuntimeException: UNAVAILABLE: io exception
	at java.util.concurrent.FutureTask.report(FutureTask.java:122)
	at java.util.concurrent.FutureTask.get(FutureTask.java:192)
	at org.apache.ratis.server.impl.LeaderElection.waitForResults(LeaderElection.java:259)
	at org.apache.ratis.server.impl.LeaderElection.askForVotes(LeaderElection.java:197)
	at org.apache.ratis.server.impl.LeaderElection.run(LeaderElection.java:133)
	at java.lang.Thread.run(Thread.java:748)
Caused by: org.apache.ratis.thirdparty.io.grpc.StatusRuntimeException: UNAVAILABLE: io exception
	at org.apache.ratis.thirdparty.io.grpc.stub.ClientCalls.toStatusRuntimeException(ClientCalls.java:233)
	at org.apache.ratis.thirdparty.io.grpc.stub.ClientCalls.getUnchecked(ClientCalls.java:214)
	at org.apache.ratis.thirdparty.io.grpc.stub.ClientCalls.blockingUnaryCall(ClientCalls.java:139)
	at org.apache.ratis.proto.grpc.RaftServerProtocolServiceGrpc$RaftServerProtocolServiceBlockingStub.requestVote(RaftServerProtocolServiceGrpc.java:265)
	at org.apache.ratis.grpc.server.GrpcServerProtocolClient.requestVote(GrpcServerProtocolClient.java:99)
	at org.apache.ratis.grpc.server.GrpcService.requestVote(GrpcService.java:204)
	at org.apache.ratis.server.impl.LeaderElection.lambda$submitRequests$1(LeaderElection.java:234)
	at java.util.concurrent.FutureTask.run(FutureTask.java:266)
	at java.util.concurrent.Executors$RunnableAdapter.call(Executors.java:511)
	at java.util.concurrent.FutureTask.run(FutureTask.java:266)
	at java.util.concurrent.ThreadPoolExecutor.runWorker(ThreadPoolExecutor.java:1149)
	at java.util.concurrent.ThreadPoolExecutor$Worker.run(ThreadPoolExecutor.java:624)
	... 1 more
Caused by: org.apache.ratis.thirdparty.io.netty.channel.AbstractChannel$AnnotatedConnectException: Connection refused: /192.168.157.194:38252
	at sun.nio.ch.SocketChannelImpl.checkConnect(Native Method)
	at sun.nio.ch.SocketChannelImpl.finishConnect(SocketChannelImpl.java:717)
	at org.apache.ratis.thirdparty.io.netty.channel.socket.nio.NioSocketChannel.doFinishConnect(NioSocketChannel.java:327)
	at org.apache.ratis.thirdparty.io.netty.channel.nio.AbstractNioChannel$AbstractNioUnsafe.finishConnect(AbstractNioChannel.java:340)
	at org.apache.ratis.thirdparty.io.netty.channel.nio.NioEventLoop.processSelectedKey(NioEventLoop.java:632)
	at org.apache.ratis.thirdparty.io.netty.channel.nio.NioEventLoop.processSelectedKeysOptimized(NioEventLoop.java:579)
	at org.apache.ratis.thirdparty.io.netty.channel.nio.NioEventLoop.processSelectedKeys(NioEventLoop.java:496)
	at org.apache.ratis.thirdparty.io.netty.channel.nio.NioEventLoop.run(NioEventLoop.java:458)
	at org.apache.ratis.thirdparty.io.netty.util.concurrent.SingleThreadEventExecutor$5.run(SingleThreadEventExecutor.java:897)
	at org.apache.ratis.thirdparty.io.netty.util.concurrent.FastThreadLocalRunnable.run(FastThreadLocalRunnable.java:30)
	... 1 more
Caused by: java.net.ConnectException: Connection refused
	... 11 more
2019-11-04 16:47:50,289 [2911c1bb-ca7b-4253-a902-f80f167657b1@group-29467ABC0BF0-LeaderElection3605] INFO  impl.RaftServerImpl (RaftServerImpl.java:setRole(184)) - 2911c1bb-ca7b-4253-a902-f80f167657b1@group-29467ABC0BF0: changes role from CANDIDATE to FOLLOWER at term 91 for DISCOVERED_A_NEW_TERM
2019-11-04 16:47:50,289 [2911c1bb-ca7b-4253-a902-f80f167657b1@group-29467ABC0BF0-LeaderElection3605] INFO  impl.RoleInfo (RoleInfo.java:shutdownLeaderElection(134)) - 2911c1bb-ca7b-4253-a902-f80f167657b1: shutdown LeaderElection
2019-11-04 16:47:50,289 [2911c1bb-ca7b-4253-a902-f80f167657b1@group-29467ABC0BF0-LeaderElection3605] INFO  impl.RoleInfo (RoleInfo.java:updateAndGet(143)) - 2911c1bb-ca7b-4253-a902-f80f167657b1: start FollowerState
2019-11-04 16:47:50,488 [Datanode State Machine Thread - 0] INFO  statemachine.DatanodeStateMachine (DatanodeStateMachine.java:lambda$startDaemon$0(350)) - Ozone container server started.
2019-11-04 16:47:51,486 [Thread-25875] INFO  impl.FollowerState (FollowerState.java:run(108)) - 2911c1bb-ca7b-4253-a902-f80f167657b1@group-29467ABC0BF0-FollowerState: change to CANDIDATE, lastRpcTime:1197ms, electionTimeout:1197ms
2019-11-04 16:47:51,486 [Thread-25875] INFO  impl.RoleInfo (RoleInfo.java:shutdownFollowerState(121)) - 2911c1bb-ca7b-4253-a902-f80f167657b1: shutdown FollowerState
2019-11-04 16:47:51,487 [Thread-25875] INFO  impl.RaftServerImpl (RaftServerImpl.java:setRole(184)) - 2911c1bb-ca7b-4253-a902-f80f167657b1@group-29467ABC0BF0: changes role from  FOLLOWER to CANDIDATE at term 91 for changeToCandidate
2019-11-04 16:47:51,487 [Thread-25875] INFO  impl.RoleInfo (RoleInfo.java:updateAndGet(143)) - 2911c1bb-ca7b-4253-a902-f80f167657b1: start LeaderElection
2019-11-04 16:47:51,500 [2911c1bb-ca7b-4253-a902-f80f167657b1@group-29467ABC0BF0-LeaderElection3606] INFO  impl.LeaderElection (LeaderElection.java:askForVotes(178)) - 2911c1bb-ca7b-4253-a902-f80f167657b1@group-29467ABC0BF0-LeaderElection3606: begin an election at term 92 for 1: [2911c1bb-ca7b-4253-a902-f80f167657b1:192.168.157.194:45844, 7fc3dcce-a523-45fc-b6d6-b2bad08ce4da:192.168.157.194:35647, 18bcd373-7631-4e7c-b817-d7839f17bf5a:192.168.157.194:38252], old=null
2019-11-04 16:47:51,501 [2911c1bb-ca7b-4253-a902-f80f167657b1@group-29467ABC0BF0-LeaderElection3606] INFO  impl.LeaderElection (LogUtils.java:infoOrTrace(149)) - 2911c1bb-ca7b-4253-a902-f80f167657b1@group-29467ABC0BF0-LeaderElection3606 got exception when requesting votes: {}
java.util.concurrent.ExecutionException: org.apache.ratis.thirdparty.io.grpc.StatusRuntimeException: UNAVAILABLE: io exception
	at java.util.concurrent.FutureTask.report(FutureTask.java:122)
	at java.util.concurrent.FutureTask.get(FutureTask.java:192)
	at org.apache.ratis.server.impl.LeaderElection.waitForResults(LeaderElection.java:259)
	at org.apache.ratis.server.impl.LeaderElection.askForVotes(LeaderElection.java:197)
	at org.apache.ratis.server.impl.LeaderElection.run(LeaderElection.java:133)
	at java.lang.Thread.run(Thread.java:748)
Caused by: org.apache.ratis.thirdparty.io.grpc.StatusRuntimeException: UNAVAILABLE: io exception
	at org.apache.ratis.thirdparty.io.grpc.stub.ClientCalls.toStatusRuntimeException(ClientCalls.java:233)
	at org.apache.ratis.thirdparty.io.grpc.stub.ClientCalls.getUnchecked(ClientCalls.java:214)
	at org.apache.ratis.thirdparty.io.grpc.stub.ClientCalls.blockingUnaryCall(ClientCalls.java:139)
	at org.apache.ratis.proto.grpc.RaftServerProtocolServiceGrpc$RaftServerProtocolServiceBlockingStub.requestVote(RaftServerProtocolServiceGrpc.java:265)
	at org.apache.ratis.grpc.server.GrpcServerProtocolClient.requestVote(GrpcServerProtocolClient.java:99)
	at org.apache.ratis.grpc.server.GrpcService.requestVote(GrpcService.java:204)
	at org.apache.ratis.server.impl.LeaderElection.lambda$submitRequests$1(LeaderElection.java:234)
	at java.util.concurrent.FutureTask.run(FutureTask.java:266)
	at java.util.concurrent.Executors$RunnableAdapter.call(Executors.java:511)
	at java.util.concurrent.FutureTask.run(FutureTask.java:266)
	at java.util.concurrent.ThreadPoolExecutor.runWorker(ThreadPoolExecutor.java:1149)
	at java.util.concurrent.ThreadPoolExecutor$Worker.run(ThreadPoolExecutor.java:624)
	... 1 more
Caused by: org.apache.ratis.thirdparty.io.netty.channel.AbstractChannel$AnnotatedConnectException: Connection refused: /192.168.157.194:35647
	at sun.nio.ch.SocketChannelImpl.checkConnect(Native Method)
	at sun.nio.ch.SocketChannelImpl.finishConnect(SocketChannelImpl.java:717)
	at org.apache.ratis.thirdparty.io.netty.channel.socket.nio.NioSocketChannel.doFinishConnect(NioSocketChannel.java:327)
	at org.apache.ratis.thirdparty.io.netty.channel.nio.AbstractNioChannel$AbstractNioUnsafe.finishConnect(AbstractNioChannel.java:340)
	at org.apache.ratis.thirdparty.io.netty.channel.nio.NioEventLoop.processSelectedKey(NioEventLoop.java:632)
	at org.apache.ratis.thirdparty.io.netty.channel.nio.NioEventLoop.processSelectedKeysOptimized(NioEventLoop.java:579)
	at org.apache.ratis.thirdparty.io.netty.channel.nio.NioEventLoop.processSelectedKeys(NioEventLoop.java:496)
	at org.apache.ratis.thirdparty.io.netty.channel.nio.NioEventLoop.run(NioEventLoop.java:458)
	at org.apache.ratis.thirdparty.io.netty.util.concurrent.SingleThreadEventExecutor$5.run(SingleThreadEventExecutor.java:897)
	at org.apache.ratis.thirdparty.io.netty.util.concurrent.FastThreadLocalRunnable.run(FastThreadLocalRunnable.java:30)
	... 1 more
Caused by: java.net.ConnectException: Connection refused
	... 11 more
2019-11-04 16:47:51,501 [2911c1bb-ca7b-4253-a902-f80f167657b1@group-29467ABC0BF0-LeaderElection3606] INFO  impl.LeaderElection (LogUtils.java:infoOrTrace(149)) - 2911c1bb-ca7b-4253-a902-f80f167657b1@group-29467ABC0BF0-LeaderElection3606 got exception when requesting votes: {}
java.util.concurrent.ExecutionException: org.apache.ratis.thirdparty.io.grpc.StatusRuntimeException: UNAVAILABLE: io exception
	at java.util.concurrent.FutureTask.report(FutureTask.java:122)
	at java.util.concurrent.FutureTask.get(FutureTask.java:192)
	at org.apache.ratis.server.impl.LeaderElection.waitForResults(LeaderElection.java:259)
	at org.apache.ratis.server.impl.LeaderElection.askForVotes(LeaderElection.java:197)
	at org.apache.ratis.server.impl.LeaderElection.run(LeaderElection.java:133)
	at java.lang.Thread.run(Thread.java:748)
Caused by: org.apache.ratis.thirdparty.io.grpc.StatusRuntimeException: UNAVAILABLE: io exception
	at org.apache.ratis.thirdparty.io.grpc.stub.ClientCalls.toStatusRuntimeException(ClientCalls.java:233)
	at org.apache.ratis.thirdparty.io.grpc.stub.ClientCalls.getUnchecked(ClientCalls.java:214)
	at org.apache.ratis.thirdparty.io.grpc.stub.ClientCalls.blockingUnaryCall(ClientCalls.java:139)
	at org.apache.ratis.proto.grpc.RaftServerProtocolServiceGrpc$RaftServerProtocolServiceBlockingStub.requestVote(RaftServerProtocolServiceGrpc.java:265)
	at org.apache.ratis.grpc.server.GrpcServerProtocolClient.requestVote(GrpcServerProtocolClient.java:99)
	at org.apache.ratis.grpc.server.GrpcService.requestVote(GrpcService.java:204)
	at org.apache.ratis.server.impl.LeaderElection.lambda$submitRequests$1(LeaderElection.java:234)
	at java.util.concurrent.FutureTask.run(FutureTask.java:266)
	at java.util.concurrent.Executors$RunnableAdapter.call(Executors.java:511)
	at java.util.concurrent.FutureTask.run(FutureTask.java:266)
	at java.util.concurrent.ThreadPoolExecutor.runWorker(ThreadPoolExecutor.java:1149)
	at java.util.concurrent.ThreadPoolExecutor$Worker.run(ThreadPoolExecutor.java:624)
	... 1 more
Caused by: org.apache.ratis.thirdparty.io.netty.channel.AbstractChannel$AnnotatedConnectException: Connection refused: /192.168.157.194:38252
	at sun.nio.ch.SocketChannelImpl.checkConnect(Native Method)
	at sun.nio.ch.SocketChannelImpl.finishConnect(SocketChannelImpl.java:717)
	at org.apache.ratis.thirdparty.io.netty.channel.socket.nio.NioSocketChannel.doFinishConnect(NioSocketChannel.java:327)
	at org.apache.ratis.thirdparty.io.netty.channel.nio.AbstractNioChannel$AbstractNioUnsafe.finishConnect(AbstractNioChannel.java:340)
	at org.apache.ratis.thirdparty.io.netty.channel.nio.NioEventLoop.processSelectedKey(NioEventLoop.java:632)
	at org.apache.ratis.thirdparty.io.netty.channel.nio.NioEventLoop.processSelectedKeysOptimized(NioEventLoop.java:579)
	at org.apache.ratis.thirdparty.io.netty.channel.nio.NioEventLoop.processSelectedKeys(NioEventLoop.java:496)
	at org.apache.ratis.thirdparty.io.netty.channel.nio.NioEventLoop.run(NioEventLoop.java:458)
	at org.apache.ratis.thirdparty.io.netty.util.concurrent.SingleThreadEventExecutor$5.run(SingleThreadEventExecutor.java:897)
	at org.apache.ratis.thirdparty.io.netty.util.concurrent.FastThreadLocalRunnable.run(FastThreadLocalRunnable.java:30)
	... 1 more
Caused by: java.net.ConnectException: Connection refused
	... 11 more
2019-11-04 16:47:51,502 [2911c1bb-ca7b-4253-a902-f80f167657b1@group-29467ABC0BF0-LeaderElection3606] INFO  impl.LeaderElection (LeaderElection.java:logAndReturn(56)) - 2911c1bb-ca7b-4253-a902-f80f167657b1@group-29467ABC0BF0-LeaderElection3606: Election REJECTED; received 0 response(s) [] and 2 exception(s); 2911c1bb-ca7b-4253-a902-f80f167657b1@group-29467ABC0BF0:t92, leader=null, voted=2911c1bb-ca7b-4253-a902-f80f167657b1, raftlog=2911c1bb-ca7b-4253-a902-f80f167657b1@group-29467ABC0BF0-SegmentedRaftLog:OPENED:c2,f2,i2, conf=1: [2911c1bb-ca7b-4253-a902-f80f167657b1:192.168.157.194:45844, 7fc3dcce-a523-45fc-b6d6-b2bad08ce4da:192.168.157.194:35647, 18bcd373-7631-4e7c-b817-d7839f17bf5a:192.168.157.194:38252], old=null
2019-11-04 16:47:51,502 [2911c1bb-ca7b-4253-a902-f80f167657b1@group-29467ABC0BF0-LeaderElection3606] INFO  impl.LeaderElection (LogUtils.java:infoOrTrace(149)) -   Exception 0: {}
java.util.concurrent.ExecutionException: org.apache.ratis.thirdparty.io.grpc.StatusRuntimeException: UNAVAILABLE: io exception
	at java.util.concurrent.FutureTask.report(FutureTask.java:122)
	at java.util.concurrent.FutureTask.get(FutureTask.java:192)
	at org.apache.ratis.server.impl.LeaderElection.waitForResults(LeaderElection.java:259)
	at org.apache.ratis.server.impl.LeaderElection.askForVotes(LeaderElection.java:197)
	at org.apache.ratis.server.impl.LeaderElection.run(LeaderElection.java:133)
	at java.lang.Thread.run(Thread.java:748)
Caused by: org.apache.ratis.thirdparty.io.grpc.StatusRuntimeException: UNAVAILABLE: io exception
	at org.apache.ratis.thirdparty.io.grpc.stub.ClientCalls.toStatusRuntimeException(ClientCalls.java:233)
	at org.apache.ratis.thirdparty.io.grpc.stub.ClientCalls.getUnchecked(ClientCalls.java:214)
	at org.apache.ratis.thirdparty.io.grpc.stub.ClientCalls.blockingUnaryCall(ClientCalls.java:139)
	at org.apache.ratis.proto.grpc.RaftServerProtocolServiceGrpc$RaftServerProtocolServiceBlockingStub.requestVote(RaftServerProtocolServiceGrpc.java:265)
	at org.apache.ratis.grpc.server.GrpcServerProtocolClient.requestVote(GrpcServerProtocolClient.java:99)
	at org.apache.ratis.grpc.server.GrpcService.requestVote(GrpcService.java:204)
	at org.apache.ratis.server.impl.LeaderElection.lambda$submitRequests$1(LeaderElection.java:234)
	at java.util.concurrent.FutureTask.run(FutureTask.java:266)
	at java.util.concurrent.Executors$RunnableAdapter.call(Executors.java:511)
	at java.util.concurrent.FutureTask.run(FutureTask.java:266)
	at java.util.concurrent.ThreadPoolExecutor.runWorker(ThreadPoolExecutor.java:1149)
	at java.util.concurrent.ThreadPoolExecutor$Worker.run(ThreadPoolExecutor.java:624)
	... 1 more
Caused by: org.apache.ratis.thirdparty.io.netty.channel.AbstractChannel$AnnotatedConnectException: Connection refused: /192.168.157.194:35647
	at sun.nio.ch.SocketChannelImpl.checkConnect(Native Method)
	at sun.nio.ch.SocketChannelImpl.finishConnect(SocketChannelImpl.java:717)
	at org.apache.ratis.thirdparty.io.netty.channel.socket.nio.NioSocketChannel.doFinishConnect(NioSocketChannel.java:327)
	at org.apache.ratis.thirdparty.io.netty.channel.nio.AbstractNioChannel$AbstractNioUnsafe.finishConnect(AbstractNioChannel.java:340)
	at org.apache.ratis.thirdparty.io.netty.channel.nio.NioEventLoop.processSelectedKey(NioEventLoop.java:632)
	at org.apache.ratis.thirdparty.io.netty.channel.nio.NioEventLoop.processSelectedKeysOptimized(NioEventLoop.java:579)
	at org.apache.ratis.thirdparty.io.netty.channel.nio.NioEventLoop.processSelectedKeys(NioEventLoop.java:496)
	at org.apache.ratis.thirdparty.io.netty.channel.nio.NioEventLoop.run(NioEventLoop.java:458)
	at org.apache.ratis.thirdparty.io.netty.util.concurrent.SingleThreadEventExecutor$5.run(SingleThreadEventExecutor.java:897)
	at org.apache.ratis.thirdparty.io.netty.util.concurrent.FastThreadLocalRunnable.run(FastThreadLocalRunnable.java:30)
	... 1 more
Caused by: java.net.ConnectException: Connection refused
	... 11 more
2019-11-04 16:47:51,502 [2911c1bb-ca7b-4253-a902-f80f167657b1@group-29467ABC0BF0-LeaderElection3606] INFO  impl.LeaderElection (LogUtils.java:infoOrTrace(149)) -   Exception 1: {}
java.util.concurrent.ExecutionException: org.apache.ratis.thirdparty.io.grpc.StatusRuntimeException: UNAVAILABLE: io exception
	at java.util.concurrent.FutureTask.report(FutureTask.java:122)
	at java.util.concurrent.FutureTask.get(FutureTask.java:192)
	at org.apache.ratis.server.impl.LeaderElection.waitForResults(LeaderElection.java:259)
	at org.apache.ratis.server.impl.LeaderElection.askForVotes(LeaderElection.java:197)
	at org.apache.ratis.server.impl.LeaderElection.run(LeaderElection.java:133)
	at java.lang.Thread.run(Thread.java:748)
Caused by: org.apache.ratis.thirdparty.io.grpc.StatusRuntimeException: UNAVAILABLE: io exception
	at org.apache.ratis.thirdparty.io.grpc.stub.ClientCalls.toStatusRuntimeException(ClientCalls.java:233)
	at org.apache.ratis.thirdparty.io.grpc.stub.ClientCalls.getUnchecked(ClientCalls.java:214)
	at org.apache.ratis.thirdparty.io.grpc.stub.ClientCalls.blockingUnaryCall(ClientCalls.java:139)
	at org.apache.ratis.proto.grpc.RaftServerProtocolServiceGrpc$RaftServerProtocolServiceBlockingStub.requestVote(RaftServerProtocolServiceGrpc.java:265)
	at org.apache.ratis.grpc.server.GrpcServerProtocolClient.requestVote(GrpcServerProtocolClient.java:99)
	at org.apache.ratis.grpc.server.GrpcService.requestVote(GrpcService.java:204)
	at org.apache.ratis.server.impl.LeaderElection.lambda$submitRequests$1(LeaderElection.java:234)
	at java.util.concurrent.FutureTask.run(FutureTask.java:266)
	at java.util.concurrent.Executors$RunnableAdapter.call(Executors.java:511)
	at java.util.concurrent.FutureTask.run(FutureTask.java:266)
	at java.util.concurrent.ThreadPoolExecutor.runWorker(ThreadPoolExecutor.java:1149)
	at java.util.concurrent.ThreadPoolExecutor$Worker.run(ThreadPoolExecutor.java:624)
	... 1 more
Caused by: org.apache.ratis.thirdparty.io.netty.channel.AbstractChannel$AnnotatedConnectException: Connection refused: /192.168.157.194:38252
	at sun.nio.ch.SocketChannelImpl.checkConnect(Native Method)
	at sun.nio.ch.SocketChannelImpl.finishConnect(SocketChannelImpl.java:717)
	at org.apache.ratis.thirdparty.io.netty.channel.socket.nio.NioSocketChannel.doFinishConnect(NioSocketChannel.java:327)
	at org.apache.ratis.thirdparty.io.netty.channel.nio.AbstractNioChannel$AbstractNioUnsafe.finishConnect(AbstractNioChannel.java:340)
	at org.apache.ratis.thirdparty.io.netty.channel.nio.NioEventLoop.processSelectedKey(NioEventLoop.java:632)
	at org.apache.ratis.thirdparty.io.netty.channel.nio.NioEventLoop.processSelectedKeysOptimized(NioEventLoop.java:579)
	at org.apache.ratis.thirdparty.io.netty.channel.nio.NioEventLoop.processSelectedKeys(NioEventLoop.java:496)
	at org.apache.ratis.thirdparty.io.netty.channel.nio.NioEventLoop.run(NioEventLoop.java:458)
	at org.apache.ratis.thirdparty.io.netty.util.concurrent.SingleThreadEventExecutor$5.run(SingleThreadEventExecutor.java:897)
	at org.apache.ratis.thirdparty.io.netty.util.concurrent.FastThreadLocalRunnable.run(FastThreadLocalRunnable.java:30)
	... 1 more
Caused by: java.net.ConnectException: Connection refused
	... 11 more
2019-11-04 16:47:51,502 [2911c1bb-ca7b-4253-a902-f80f167657b1@group-29467ABC0BF0-LeaderElection3606] INFO  impl.RaftServerImpl (RaftServerImpl.java:setRole(184)) - 2911c1bb-ca7b-4253-a902-f80f167657b1@group-29467ABC0BF0: changes role from CANDIDATE to FOLLOWER at term 92 for DISCOVERED_A_NEW_TERM
2019-11-04 16:47:51,503 [2911c1bb-ca7b-4253-a902-f80f167657b1@group-29467ABC0BF0-LeaderElection3606] INFO  impl.RoleInfo (RoleInfo.java:shutdownLeaderElection(134)) - 2911c1bb-ca7b-4253-a902-f80f167657b1: shutdown LeaderElection
2019-11-04 16:47:51,503 [2911c1bb-ca7b-4253-a902-f80f167657b1@group-29467ABC0BF0-LeaderElection3606] INFO  impl.RoleInfo (RoleInfo.java:updateAndGet(143)) - 2911c1bb-ca7b-4253-a902-f80f167657b1: start FollowerState
2019-11-04 16:47:52,612 [Thread-25881] INFO  impl.FollowerState (FollowerState.java:run(108)) - 2911c1bb-ca7b-4253-a902-f80f167657b1@group-29467ABC0BF0-FollowerState: change to CANDIDATE, lastRpcTime:1109ms, electionTimeout:1109ms
2019-11-04 16:47:52,612 [Thread-25881] INFO  impl.RoleInfo (RoleInfo.java:shutdownFollowerState(121)) - 2911c1bb-ca7b-4253-a902-f80f167657b1: shutdown FollowerState
2019-11-04 16:47:52,612 [Thread-25881] INFO  impl.RaftServerImpl (RaftServerImpl.java:setRole(184)) - 2911c1bb-ca7b-4253-a902-f80f167657b1@group-29467ABC0BF0: changes role from  FOLLOWER to CANDIDATE at term 92 for changeToCandidate
2019-11-04 16:47:52,613 [Thread-25881] INFO  impl.RoleInfo (RoleInfo.java:updateAndGet(143)) - 2911c1bb-ca7b-4253-a902-f80f167657b1: start LeaderElection
2019-11-04 16:47:52,627 [2911c1bb-ca7b-4253-a902-f80f167657b1@group-29467ABC0BF0-LeaderElection3607] INFO  impl.LeaderElection (LeaderElection.java:askForVotes(178)) - 2911c1bb-ca7b-4253-a902-f80f167657b1@group-29467ABC0BF0-LeaderElection3607: begin an election at term 93 for 1: [2911c1bb-ca7b-4253-a902-f80f167657b1:192.168.157.194:45844, 7fc3dcce-a523-45fc-b6d6-b2bad08ce4da:192.168.157.194:35647, 18bcd373-7631-4e7c-b817-d7839f17bf5a:192.168.157.194:38252], old=null
2019-11-04 16:47:52,628 [2911c1bb-ca7b-4253-a902-f80f167657b1@group-29467ABC0BF0-LeaderElection3607] INFO  impl.LeaderElection (LogUtils.java:infoOrTrace(149)) - 2911c1bb-ca7b-4253-a902-f80f167657b1@group-29467ABC0BF0-LeaderElection3607 got exception when requesting votes: {}
java.util.concurrent.ExecutionException: org.apache.ratis.thirdparty.io.grpc.StatusRuntimeException: UNAVAILABLE: io exception
	at java.util.concurrent.FutureTask.report(FutureTask.java:122)
	at java.util.concurrent.FutureTask.get(FutureTask.java:192)
	at org.apache.ratis.server.impl.LeaderElection.waitForResults(LeaderElection.java:259)
	at org.apache.ratis.server.impl.LeaderElection.askForVotes(LeaderElection.java:197)
	at org.apache.ratis.server.impl.LeaderElection.run(LeaderElection.java:133)
	at java.lang.Thread.run(Thread.java:748)
Caused by: org.apache.ratis.thirdparty.io.grpc.StatusRuntimeException: UNAVAILABLE: io exception
	at org.apache.ratis.thirdparty.io.grpc.stub.ClientCalls.toStatusRuntimeException(ClientCalls.java:233)
	at org.apache.ratis.thirdparty.io.grpc.stub.ClientCalls.getUnchecked(ClientCalls.java:214)
	at org.apache.ratis.thirdparty.io.grpc.stub.ClientCalls.blockingUnaryCall(ClientCalls.java:139)
	at org.apache.ratis.proto.grpc.RaftServerProtocolServiceGrpc$RaftServerProtocolServiceBlockingStub.requestVote(RaftServerProtocolServiceGrpc.java:265)
	at org.apache.ratis.grpc.server.GrpcServerProtocolClient.requestVote(GrpcServerProtocolClient.java:99)
	at org.apache.ratis.grpc.server.GrpcService.requestVote(GrpcService.java:204)
	at org.apache.ratis.server.impl.LeaderElection.lambda$submitRequests$1(LeaderElection.java:234)
	at java.util.concurrent.FutureTask.run(FutureTask.java:266)
	at java.util.concurrent.Executors$RunnableAdapter.call(Executors.java:511)
	at java.util.concurrent.FutureTask.run(FutureTask.java:266)
	at java.util.concurrent.ThreadPoolExecutor.runWorker(ThreadPoolExecutor.java:1149)
	at java.util.concurrent.ThreadPoolExecutor$Worker.run(ThreadPoolExecutor.java:624)
	... 1 more
Caused by: org.apache.ratis.thirdparty.io.netty.channel.AbstractChannel$AnnotatedConnectException: Connection refused: /192.168.157.194:35647
	at sun.nio.ch.SocketChannelImpl.checkConnect(Native Method)
	at sun.nio.ch.SocketChannelImpl.finishConnect(SocketChannelImpl.java:717)
	at org.apache.ratis.thirdparty.io.netty.channel.socket.nio.NioSocketChannel.doFinishConnect(NioSocketChannel.java:327)
	at org.apache.ratis.thirdparty.io.netty.channel.nio.AbstractNioChannel$AbstractNioUnsafe.finishConnect(AbstractNioChannel.java:340)
	at org.apache.ratis.thirdparty.io.netty.channel.nio.NioEventLoop.processSelectedKey(NioEventLoop.java:632)
	at org.apache.ratis.thirdparty.io.netty.channel.nio.NioEventLoop.processSelectedKeysOptimized(NioEventLoop.java:579)
	at org.apache.ratis.thirdparty.io.netty.channel.nio.NioEventLoop.processSelectedKeys(NioEventLoop.java:496)
	at org.apache.ratis.thirdparty.io.netty.channel.nio.NioEventLoop.run(NioEventLoop.java:458)
	at org.apache.ratis.thirdparty.io.netty.util.concurrent.SingleThreadEventExecutor$5.run(SingleThreadEventExecutor.java:897)
	at org.apache.ratis.thirdparty.io.netty.util.concurrent.FastThreadLocalRunnable.run(FastThreadLocalRunnable.java:30)
	... 1 more
Caused by: java.net.ConnectException: Connection refused
	... 11 more
2019-11-04 16:47:52,628 [2911c1bb-ca7b-4253-a902-f80f167657b1@group-29467ABC0BF0-LeaderElection3607] INFO  impl.LeaderElection (LogUtils.java:infoOrTrace(149)) - 2911c1bb-ca7b-4253-a902-f80f167657b1@group-29467ABC0BF0-LeaderElection3607 got exception when requesting votes: {}
java.util.concurrent.ExecutionException: org.apache.ratis.thirdparty.io.grpc.StatusRuntimeException: UNAVAILABLE: io exception
	at java.util.concurrent.FutureTask.report(FutureTask.java:122)
	at java.util.concurrent.FutureTask.get(FutureTask.java:192)
	at org.apache.ratis.server.impl.LeaderElection.waitForResults(LeaderElection.java:259)
	at org.apache.ratis.server.impl.LeaderElection.askForVotes(LeaderElection.java:197)
	at org.apache.ratis.server.impl.LeaderElection.run(LeaderElection.java:133)
	at java.lang.Thread.run(Thread.java:748)
Caused by: org.apache.ratis.thirdparty.io.grpc.StatusRuntimeException: UNAVAILABLE: io exception
	at org.apache.ratis.thirdparty.io.grpc.stub.ClientCalls.toStatusRuntimeException(ClientCalls.java:233)
	at org.apache.ratis.thirdparty.io.grpc.stub.ClientCalls.getUnchecked(ClientCalls.java:214)
	at org.apache.ratis.thirdparty.io.grpc.stub.ClientCalls.blockingUnaryCall(ClientCalls.java:139)
	at org.apache.ratis.proto.grpc.RaftServerProtocolServiceGrpc$RaftServerProtocolServiceBlockingStub.requestVote(RaftServerProtocolServiceGrpc.java:265)
	at org.apache.ratis.grpc.server.GrpcServerProtocolClient.requestVote(GrpcServerProtocolClient.java:99)
	at org.apache.ratis.grpc.server.GrpcService.requestVote(GrpcService.java:204)
	at org.apache.ratis.server.impl.LeaderElection.lambda$submitRequests$1(LeaderElection.java:234)
	at java.util.concurrent.FutureTask.run(FutureTask.java:266)
	at java.util.concurrent.Executors$RunnableAdapter.call(Executors.java:511)
	at java.util.concurrent.FutureTask.run(FutureTask.java:266)
	at java.util.concurrent.ThreadPoolExecutor.runWorker(ThreadPoolExecutor.java:1149)
	at java.util.concurrent.ThreadPoolExecutor$Worker.run(ThreadPoolExecutor.java:624)
	... 1 more
Caused by: org.apache.ratis.thirdparty.io.netty.channel.AbstractChannel$AnnotatedConnectException: Connection refused: /192.168.157.194:38252
	at sun.nio.ch.SocketChannelImpl.checkConnect(Native Method)
	at sun.nio.ch.SocketChannelImpl.finishConnect(SocketChannelImpl.java:717)
	at org.apache.ratis.thirdparty.io.netty.channel.socket.nio.NioSocketChannel.doFinishConnect(NioSocketChannel.java:327)
	at org.apache.ratis.thirdparty.io.netty.channel.nio.AbstractNioChannel$AbstractNioUnsafe.finishConnect(AbstractNioChannel.java:340)
	at org.apache.ratis.thirdparty.io.netty.channel.nio.NioEventLoop.processSelectedKey(NioEventLoop.java:632)
	at org.apache.ratis.thirdparty.io.netty.channel.nio.NioEventLoop.processSelectedKeysOptimized(NioEventLoop.java:579)
	at org.apache.ratis.thirdparty.io.netty.channel.nio.NioEventLoop.processSelectedKeys(NioEventLoop.java:496)
	at org.apache.ratis.thirdparty.io.netty.channel.nio.NioEventLoop.run(NioEventLoop.java:458)
	at org.apache.ratis.thirdparty.io.netty.util.concurrent.SingleThreadEventExecutor$5.run(SingleThreadEventExecutor.java:897)
	at org.apache.ratis.thirdparty.io.netty.util.concurrent.FastThreadLocalRunnable.run(FastThreadLocalRunnable.java:30)
	... 1 more
Caused by: java.net.ConnectException: Connection refused
	... 11 more
2019-11-04 16:47:52,629 [2911c1bb-ca7b-4253-a902-f80f167657b1@group-29467ABC0BF0-LeaderElection3607] INFO  impl.LeaderElection (LeaderElection.java:logAndReturn(56)) - 2911c1bb-ca7b-4253-a902-f80f167657b1@group-29467ABC0BF0-LeaderElection3607: Election REJECTED; received 0 response(s) [] and 2 exception(s); 2911c1bb-ca7b-4253-a902-f80f167657b1@group-29467ABC0BF0:t93, leader=null, voted=2911c1bb-ca7b-4253-a902-f80f167657b1, raftlog=2911c1bb-ca7b-4253-a902-f80f167657b1@group-29467ABC0BF0-SegmentedRaftLog:OPENED:c2,f2,i2, conf=1: [2911c1bb-ca7b-4253-a902-f80f167657b1:192.168.157.194:45844, 7fc3dcce-a523-45fc-b6d6-b2bad08ce4da:192.168.157.194:35647, 18bcd373-7631-4e7c-b817-d7839f17bf5a:192.168.157.194:38252], old=null
2019-11-04 16:47:52,629 [2911c1bb-ca7b-4253-a902-f80f167657b1@group-29467ABC0BF0-LeaderElection3607] INFO  impl.LeaderElection (LogUtils.java:infoOrTrace(149)) -   Exception 0: {}
java.util.concurrent.ExecutionException: org.apache.ratis.thirdparty.io.grpc.StatusRuntimeException: UNAVAILABLE: io exception
	at java.util.concurrent.FutureTask.report(FutureTask.java:122)
	at java.util.concurrent.FutureTask.get(FutureTask.java:192)
	at org.apache.ratis.server.impl.LeaderElection.waitForResults(LeaderElection.java:259)
	at org.apache.ratis.server.impl.LeaderElection.askForVotes(LeaderElection.java:197)
	at org.apache.ratis.server.impl.LeaderElection.run(LeaderElection.java:133)
	at java.lang.Thread.run(Thread.java:748)
Caused by: org.apache.ratis.thirdparty.io.grpc.StatusRuntimeException: UNAVAILABLE: io exception
	at org.apache.ratis.thirdparty.io.grpc.stub.ClientCalls.toStatusRuntimeException(ClientCalls.java:233)
	at org.apache.ratis.thirdparty.io.grpc.stub.ClientCalls.getUnchecked(ClientCalls.java:214)
	at org.apache.ratis.thirdparty.io.grpc.stub.ClientCalls.blockingUnaryCall(ClientCalls.java:139)
	at org.apache.ratis.proto.grpc.RaftServerProtocolServiceGrpc$RaftServerProtocolServiceBlockingStub.requestVote(RaftServerProtocolServiceGrpc.java:265)
	at org.apache.ratis.grpc.server.GrpcServerProtocolClient.requestVote(GrpcServerProtocolClient.java:99)
	at org.apache.ratis.grpc.server.GrpcService.requestVote(GrpcService.java:204)
	at org.apache.ratis.server.impl.LeaderElection.lambda$submitRequests$1(LeaderElection.java:234)
	at java.util.concurrent.FutureTask.run(FutureTask.java:266)
	at java.util.concurrent.Executors$RunnableAdapter.call(Executors.java:511)
	at java.util.concurrent.FutureTask.run(FutureTask.java:266)
	at java.util.concurrent.ThreadPoolExecutor.runWorker(ThreadPoolExecutor.java:1149)
	at java.util.concurrent.ThreadPoolExecutor$Worker.run(ThreadPoolExecutor.java:624)
	... 1 more
Caused by: org.apache.ratis.thirdparty.io.netty.channel.AbstractChannel$AnnotatedConnectException: Connection refused: /192.168.157.194:35647
	at sun.nio.ch.SocketChannelImpl.checkConnect(Native Method)
	at sun.nio.ch.SocketChannelImpl.finishConnect(SocketChannelImpl.java:717)
	at org.apache.ratis.thirdparty.io.netty.channel.socket.nio.NioSocketChannel.doFinishConnect(NioSocketChannel.java:327)
	at org.apache.ratis.thirdparty.io.netty.channel.nio.AbstractNioChannel$AbstractNioUnsafe.finishConnect(AbstractNioChannel.java:340)
	at org.apache.ratis.thirdparty.io.netty.channel.nio.NioEventLoop.processSelectedKey(NioEventLoop.java:632)
	at org.apache.ratis.thirdparty.io.netty.channel.nio.NioEventLoop.processSelectedKeysOptimized(NioEventLoop.java:579)
	at org.apache.ratis.thirdparty.io.netty.channel.nio.NioEventLoop.processSelectedKeys(NioEventLoop.java:496)
	at org.apache.ratis.thirdparty.io.netty.channel.nio.NioEventLoop.run(NioEventLoop.java:458)
	at org.apache.ratis.thirdparty.io.netty.util.concurrent.SingleThreadEventExecutor$5.run(SingleThreadEventExecutor.java:897)
	at org.apache.ratis.thirdparty.io.netty.util.concurrent.FastThreadLocalRunnable.run(FastThreadLocalRunnable.java:30)
	... 1 more
Caused by: java.net.ConnectException: Connection refused
	... 11 more
2019-11-04 16:47:52,629 [2911c1bb-ca7b-4253-a902-f80f167657b1@group-29467ABC0BF0-LeaderElection3607] INFO  impl.LeaderElection (LogUtils.java:infoOrTrace(149)) -   Exception 1: {}
java.util.concurrent.ExecutionException: org.apache.ratis.thirdparty.io.grpc.StatusRuntimeException: UNAVAILABLE: io exception
	at java.util.concurrent.FutureTask.report(FutureTask.java:122)
	at java.util.concurrent.FutureTask.get(FutureTask.java:192)
	at org.apache.ratis.server.impl.LeaderElection.waitForResults(LeaderElection.java:259)
	at org.apache.ratis.server.impl.LeaderElection.askForVotes(LeaderElection.java:197)
	at org.apache.ratis.server.impl.LeaderElection.run(LeaderElection.java:133)
	at java.lang.Thread.run(Thread.java:748)
Caused by: org.apache.ratis.thirdparty.io.grpc.StatusRuntimeException: UNAVAILABLE: io exception
	at org.apache.ratis.thirdparty.io.grpc.stub.ClientCalls.toStatusRuntimeException(ClientCalls.java:233)
	at org.apache.ratis.thirdparty.io.grpc.stub.ClientCalls.getUnchecked(ClientCalls.java:214)
	at org.apache.ratis.thirdparty.io.grpc.stub.ClientCalls.blockingUnaryCall(ClientCalls.java:139)
	at org.apache.ratis.proto.grpc.RaftServerProtocolServiceGrpc$RaftServerProtocolServiceBlockingStub.requestVote(RaftServerProtocolServiceGrpc.java:265)
	at org.apache.ratis.grpc.server.GrpcServerProtocolClient.requestVote(GrpcServerProtocolClient.java:99)
	at org.apache.ratis.grpc.server.GrpcService.requestVote(GrpcService.java:204)
	at org.apache.ratis.server.impl.LeaderElection.lambda$submitRequests$1(LeaderElection.java:234)
	at java.util.concurrent.FutureTask.run(FutureTask.java:266)
	at java.util.concurrent.Executors$RunnableAdapter.call(Executors.java:511)
	at java.util.concurrent.FutureTask.run(FutureTask.java:266)
	at java.util.concurrent.ThreadPoolExecutor.runWorker(ThreadPoolExecutor.java:1149)
	at java.util.concurrent.ThreadPoolExecutor$Worker.run(ThreadPoolExecutor.java:624)
	... 1 more
Caused by: org.apache.ratis.thirdparty.io.netty.channel.AbstractChannel$AnnotatedConnectException: Connection refused: /192.168.157.194:38252
	at sun.nio.ch.SocketChannelImpl.checkConnect(Native Method)
	at sun.nio.ch.SocketChannelImpl.finishConnect(SocketChannelImpl.java:717)
	at org.apache.ratis.thirdparty.io.netty.channel.socket.nio.NioSocketChannel.doFinishConnect(NioSocketChannel.java:327)
	at org.apache.ratis.thirdparty.io.netty.channel.nio.AbstractNioChannel$AbstractNioUnsafe.finishConnect(AbstractNioChannel.java:340)
	at org.apache.ratis.thirdparty.io.netty.channel.nio.NioEventLoop.processSelectedKey(NioEventLoop.java:632)
	at org.apache.ratis.thirdparty.io.netty.channel.nio.NioEventLoop.processSelectedKeysOptimized(NioEventLoop.java:579)
	at org.apache.ratis.thirdparty.io.netty.channel.nio.NioEventLoop.processSelectedKeys(NioEventLoop.java:496)
	at org.apache.ratis.thirdparty.io.netty.channel.nio.NioEventLoop.run(NioEventLoop.java:458)
	at org.apache.ratis.thirdparty.io.netty.util.concurrent.SingleThreadEventExecutor$5.run(SingleThreadEventExecutor.java:897)
	at org.apache.ratis.thirdparty.io.netty.util.concurrent.FastThreadLocalRunnable.run(FastThreadLocalRunnable.java:30)
	... 1 more
Caused by: java.net.ConnectException: Connection refused
	... 11 more
2019-11-04 16:47:52,629 [2911c1bb-ca7b-4253-a902-f80f167657b1@group-29467ABC0BF0-LeaderElection3607] INFO  impl.RaftServerImpl (RaftServerImpl.java:setRole(184)) - 2911c1bb-ca7b-4253-a902-f80f167657b1@group-29467ABC0BF0: changes role from CANDIDATE to FOLLOWER at term 93 for DISCOVERED_A_NEW_TERM
2019-11-04 16:47:52,629 [2911c1bb-ca7b-4253-a902-f80f167657b1@group-29467ABC0BF0-LeaderElection3607] INFO  impl.RoleInfo (RoleInfo.java:shutdownLeaderElection(134)) - 2911c1bb-ca7b-4253-a902-f80f167657b1: shutdown LeaderElection
2019-11-04 16:47:52,630 [2911c1bb-ca7b-4253-a902-f80f167657b1@group-29467ABC0BF0-LeaderElection3607] INFO  impl.RoleInfo (RoleInfo.java:updateAndGet(143)) - 2911c1bb-ca7b-4253-a902-f80f167657b1: start FollowerState
2019-11-04 16:47:53,221 [java.util.concurrent.ThreadPoolExecutor$Worker@6c6d1cc9[State = -1, empty queue]] WARN  server.GrpcLogAppender (GrpcLogAppender.java:timeoutAppendRequest(209)) - 851b12f9-bfd6-4752-97e2-7b87bdb6f05b@group-B6DB3D3E12D0->1b28f8eb-8aa4-4d14-8ba1-b6ff2630fcd0-GrpcLogAppender: appendEntries Timeout, request=851b12f9-bfd6-4752-97e2-7b87bdb6f05b->1b28f8eb-8aa4-4d14-8ba1-b6ff2630fcd0#72-t1, previous=(t:1, i:12), leaderCommit=12, initializing? false, entries: <empty>
2019-11-04 16:47:53,721 [java.util.concurrent.ThreadPoolExecutor$Worker@6c6d1cc9[State = -1, empty queue]] WARN  server.GrpcLogAppender (GrpcLogAppender.java:timeoutAppendRequest(209)) - 851b12f9-bfd6-4752-97e2-7b87bdb6f05b@group-B6DB3D3E12D0->1b28f8eb-8aa4-4d14-8ba1-b6ff2630fcd0-GrpcLogAppender: appendEntries Timeout, request=851b12f9-bfd6-4752-97e2-7b87bdb6f05b->1b28f8eb-8aa4-4d14-8ba1-b6ff2630fcd0#73-t1, previous=(t:1, i:12), leaderCommit=12, initializing? false, entries: <empty>
2019-11-04 16:47:53,802 [Thread-25887] INFO  impl.FollowerState (FollowerState.java:run(108)) - 2911c1bb-ca7b-4253-a902-f80f167657b1@group-29467ABC0BF0-FollowerState: change to CANDIDATE, lastRpcTime:1172ms, electionTimeout:1172ms
2019-11-04 16:47:53,802 [Thread-25887] INFO  impl.RoleInfo (RoleInfo.java:shutdownFollowerState(121)) - 2911c1bb-ca7b-4253-a902-f80f167657b1: shutdown FollowerState
2019-11-04 16:47:53,802 [Thread-25887] INFO  impl.RaftServerImpl (RaftServerImpl.java:setRole(184)) - 2911c1bb-ca7b-4253-a902-f80f167657b1@group-29467ABC0BF0: changes role from  FOLLOWER to CANDIDATE at term 93 for changeToCandidate
2019-11-04 16:47:53,802 [Thread-25887] INFO  impl.RoleInfo (RoleInfo.java:updateAndGet(143)) - 2911c1bb-ca7b-4253-a902-f80f167657b1: start LeaderElection
2019-11-04 16:47:53,892 [2911c1bb-ca7b-4253-a902-f80f167657b1@group-29467ABC0BF0-LeaderElection3608] INFO  impl.LeaderElection (LeaderElection.java:askForVotes(178)) - 2911c1bb-ca7b-4253-a902-f80f167657b1@group-29467ABC0BF0-LeaderElection3608: begin an election at term 94 for 1: [2911c1bb-ca7b-4253-a902-f80f167657b1:192.168.157.194:45844, 7fc3dcce-a523-45fc-b6d6-b2bad08ce4da:192.168.157.194:35647, 18bcd373-7631-4e7c-b817-d7839f17bf5a:192.168.157.194:38252], old=null
2019-11-04 16:47:53,893 [2911c1bb-ca7b-4253-a902-f80f167657b1@group-29467ABC0BF0-LeaderElection3608] INFO  impl.LeaderElection (LogUtils.java:infoOrTrace(149)) - 2911c1bb-ca7b-4253-a902-f80f167657b1@group-29467ABC0BF0-LeaderElection3608 got exception when requesting votes: {}
java.util.concurrent.ExecutionException: org.apache.ratis.thirdparty.io.grpc.StatusRuntimeException: UNAVAILABLE: io exception
	at java.util.concurrent.FutureTask.report(FutureTask.java:122)
	at java.util.concurrent.FutureTask.get(FutureTask.java:192)
	at org.apache.ratis.server.impl.LeaderElection.waitForResults(LeaderElection.java:259)
	at org.apache.ratis.server.impl.LeaderElection.askForVotes(LeaderElection.java:197)
	at org.apache.ratis.server.impl.LeaderElection.run(LeaderElection.java:133)
	at java.lang.Thread.run(Thread.java:748)
Caused by: org.apache.ratis.thirdparty.io.grpc.StatusRuntimeException: UNAVAILABLE: io exception
	at org.apache.ratis.thirdparty.io.grpc.stub.ClientCalls.toStatusRuntimeException(ClientCalls.java:233)
	at org.apache.ratis.thirdparty.io.grpc.stub.ClientCalls.getUnchecked(ClientCalls.java:214)
	at org.apache.ratis.thirdparty.io.grpc.stub.ClientCalls.blockingUnaryCall(ClientCalls.java:139)
	at org.apache.ratis.proto.grpc.RaftServerProtocolServiceGrpc$RaftServerProtocolServiceBlockingStub.requestVote(RaftServerProtocolServiceGrpc.java:265)
	at org.apache.ratis.grpc.server.GrpcServerProtocolClient.requestVote(GrpcServerProtocolClient.java:99)
	at org.apache.ratis.grpc.server.GrpcService.requestVote(GrpcService.java:204)
	at org.apache.ratis.server.impl.LeaderElection.lambda$submitRequests$1(LeaderElection.java:234)
	at java.util.concurrent.FutureTask.run(FutureTask.java:266)
	at java.util.concurrent.Executors$RunnableAdapter.call(Executors.java:511)
	at java.util.concurrent.FutureTask.run(FutureTask.java:266)
	at java.util.concurrent.ThreadPoolExecutor.runWorker(ThreadPoolExecutor.java:1149)
	at java.util.concurrent.ThreadPoolExecutor$Worker.run(ThreadPoolExecutor.java:624)
	... 1 more
Caused by: org.apache.ratis.thirdparty.io.netty.channel.AbstractChannel$AnnotatedConnectException: Connection refused: /192.168.157.194:38252
	at sun.nio.ch.SocketChannelImpl.checkConnect(Native Method)
	at sun.nio.ch.SocketChannelImpl.finishConnect(SocketChannelImpl.java:717)
	at org.apache.ratis.thirdparty.io.netty.channel.socket.nio.NioSocketChannel.doFinishConnect(NioSocketChannel.java:327)
	at org.apache.ratis.thirdparty.io.netty.channel.nio.AbstractNioChannel$AbstractNioUnsafe.finishConnect(AbstractNioChannel.java:340)
	at org.apache.ratis.thirdparty.io.netty.channel.nio.NioEventLoop.processSelectedKey(NioEventLoop.java:632)
	at org.apache.ratis.thirdparty.io.netty.channel.nio.NioEventLoop.processSelectedKeysOptimized(NioEventLoop.java:579)
	at org.apache.ratis.thirdparty.io.netty.channel.nio.NioEventLoop.processSelectedKeys(NioEventLoop.java:496)
	at org.apache.ratis.thirdparty.io.netty.channel.nio.NioEventLoop.run(NioEventLoop.java:458)
	at org.apache.ratis.thirdparty.io.netty.util.concurrent.SingleThreadEventExecutor$5.run(SingleThreadEventExecutor.java:897)
	at org.apache.ratis.thirdparty.io.netty.util.concurrent.FastThreadLocalRunnable.run(FastThreadLocalRunnable.java:30)
	... 1 more
Caused by: java.net.ConnectException: Connection refused
	... 11 more
2019-11-04 16:47:53,894 [2911c1bb-ca7b-4253-a902-f80f167657b1@group-29467ABC0BF0-LeaderElection3608] INFO  impl.LeaderElection (LogUtils.java:infoOrTrace(149)) - 2911c1bb-ca7b-4253-a902-f80f167657b1@group-29467ABC0BF0-LeaderElection3608 got exception when requesting votes: {}
java.util.concurrent.ExecutionException: org.apache.ratis.thirdparty.io.grpc.StatusRuntimeException: UNAVAILABLE: io exception
	at java.util.concurrent.FutureTask.report(FutureTask.java:122)
	at java.util.concurrent.FutureTask.get(FutureTask.java:192)
	at org.apache.ratis.server.impl.LeaderElection.waitForResults(LeaderElection.java:259)
	at org.apache.ratis.server.impl.LeaderElection.askForVotes(LeaderElection.java:197)
	at org.apache.ratis.server.impl.LeaderElection.run(LeaderElection.java:133)
	at java.lang.Thread.run(Thread.java:748)
Caused by: org.apache.ratis.thirdparty.io.grpc.StatusRuntimeException: UNAVAILABLE: io exception
	at org.apache.ratis.thirdparty.io.grpc.stub.ClientCalls.toStatusRuntimeException(ClientCalls.java:233)
	at org.apache.ratis.thirdparty.io.grpc.stub.ClientCalls.getUnchecked(ClientCalls.java:214)
	at org.apache.ratis.thirdparty.io.grpc.stub.ClientCalls.blockingUnaryCall(ClientCalls.java:139)
	at org.apache.ratis.proto.grpc.RaftServerProtocolServiceGrpc$RaftServerProtocolServiceBlockingStub.requestVote(RaftServerProtocolServiceGrpc.java:265)
	at org.apache.ratis.grpc.server.GrpcServerProtocolClient.requestVote(GrpcServerProtocolClient.java:99)
	at org.apache.ratis.grpc.server.GrpcService.requestVote(GrpcService.java:204)
	at org.apache.ratis.server.impl.LeaderElection.lambda$submitRequests$1(LeaderElection.java:234)
	at java.util.concurrent.FutureTask.run(FutureTask.java:266)
	at java.util.concurrent.Executors$RunnableAdapter.call(Executors.java:511)
	at java.util.concurrent.FutureTask.run(FutureTask.java:266)
	at java.util.concurrent.ThreadPoolExecutor.runWorker(ThreadPoolExecutor.java:1149)
	at java.util.concurrent.ThreadPoolExecutor$Worker.run(ThreadPoolExecutor.java:624)
	... 1 more
Caused by: org.apache.ratis.thirdparty.io.netty.channel.AbstractChannel$AnnotatedConnectException: Connection refused: /192.168.157.194:35647
	at sun.nio.ch.SocketChannelImpl.checkConnect(Native Method)
	at sun.nio.ch.SocketChannelImpl.finishConnect(SocketChannelImpl.java:717)
	at org.apache.ratis.thirdparty.io.netty.channel.socket.nio.NioSocketChannel.doFinishConnect(NioSocketChannel.java:327)
	at org.apache.ratis.thirdparty.io.netty.channel.nio.AbstractNioChannel$AbstractNioUnsafe.finishConnect(AbstractNioChannel.java:340)
	at org.apache.ratis.thirdparty.io.netty.channel.nio.NioEventLoop.processSelectedKey(NioEventLoop.java:632)
	at org.apache.ratis.thirdparty.io.netty.channel.nio.NioEventLoop.processSelectedKeysOptimized(NioEventLoop.java:579)
	at org.apache.ratis.thirdparty.io.netty.channel.nio.NioEventLoop.processSelectedKeys(NioEventLoop.java:496)
	at org.apache.ratis.thirdparty.io.netty.channel.nio.NioEventLoop.run(NioEventLoop.java:458)
	at org.apache.ratis.thirdparty.io.netty.util.concurrent.SingleThreadEventExecutor$5.run(SingleThreadEventExecutor.java:897)
	at org.apache.ratis.thirdparty.io.netty.util.concurrent.FastThreadLocalRunnable.run(FastThreadLocalRunnable.java:30)
	... 1 more
Caused by: java.net.ConnectException: Connection refused
	... 11 more
2019-11-04 16:47:53,894 [2911c1bb-ca7b-4253-a902-f80f167657b1@group-29467ABC0BF0-LeaderElection3608] INFO  impl.LeaderElection (LeaderElection.java:logAndReturn(56)) - 2911c1bb-ca7b-4253-a902-f80f167657b1@group-29467ABC0BF0-LeaderElection3608: Election REJECTED; received 0 response(s) [] and 2 exception(s); 2911c1bb-ca7b-4253-a902-f80f167657b1@group-29467ABC0BF0:t94, leader=null, voted=2911c1bb-ca7b-4253-a902-f80f167657b1, raftlog=2911c1bb-ca7b-4253-a902-f80f167657b1@group-29467ABC0BF0-SegmentedRaftLog:OPENED:c2,f2,i2, conf=1: [2911c1bb-ca7b-4253-a902-f80f167657b1:192.168.157.194:45844, 7fc3dcce-a523-45fc-b6d6-b2bad08ce4da:192.168.157.194:35647, 18bcd373-7631-4e7c-b817-d7839f17bf5a:192.168.157.194:38252], old=null
2019-11-04 16:47:53,894 [2911c1bb-ca7b-4253-a902-f80f167657b1@group-29467ABC0BF0-LeaderElection3608] INFO  impl.LeaderElection (LogUtils.java:infoOrTrace(149)) -   Exception 0: {}
java.util.concurrent.ExecutionException: org.apache.ratis.thirdparty.io.grpc.StatusRuntimeException: UNAVAILABLE: io exception
	at java.util.concurrent.FutureTask.report(FutureTask.java:122)
	at java.util.concurrent.FutureTask.get(FutureTask.java:192)
	at org.apache.ratis.server.impl.LeaderElection.waitForResults(LeaderElection.java:259)
	at org.apache.ratis.server.impl.LeaderElection.askForVotes(LeaderElection.java:197)
	at org.apache.ratis.server.impl.LeaderElection.run(LeaderElection.java:133)
	at java.lang.Thread.run(Thread.java:748)
Caused by: org.apache.ratis.thirdparty.io.grpc.StatusRuntimeException: UNAVAILABLE: io exception
	at org.apache.ratis.thirdparty.io.grpc.stub.ClientCalls.toStatusRuntimeException(ClientCalls.java:233)
	at org.apache.ratis.thirdparty.io.grpc.stub.ClientCalls.getUnchecked(ClientCalls.java:214)
	at org.apache.ratis.thirdparty.io.grpc.stub.ClientCalls.blockingUnaryCall(ClientCalls.java:139)
	at org.apache.ratis.proto.grpc.RaftServerProtocolServiceGrpc$RaftServerProtocolServiceBlockingStub.requestVote(RaftServerProtocolServiceGrpc.java:265)
	at org.apache.ratis.grpc.server.GrpcServerProtocolClient.requestVote(GrpcServerProtocolClient.java:99)
	at org.apache.ratis.grpc.server.GrpcService.requestVote(GrpcService.java:204)
	at org.apache.ratis.server.impl.LeaderElection.lambda$submitRequests$1(LeaderElection.java:234)
	at java.util.concurrent.FutureTask.run(FutureTask.java:266)
	at java.util.concurrent.Executors$RunnableAdapter.call(Executors.java:511)
	at java.util.concurrent.FutureTask.run(FutureTask.java:266)
	at java.util.concurrent.ThreadPoolExecutor.runWorker(ThreadPoolExecutor.java:1149)
	at java.util.concurrent.ThreadPoolExecutor$Worker.run(ThreadPoolExecutor.java:624)
	... 1 more
Caused by: org.apache.ratis.thirdparty.io.netty.channel.AbstractChannel$AnnotatedConnectException: Connection refused: /192.168.157.194:38252
	at sun.nio.ch.SocketChannelImpl.checkConnect(Native Method)
	at sun.nio.ch.SocketChannelImpl.finishConnect(SocketChannelImpl.java:717)
	at org.apache.ratis.thirdparty.io.netty.channel.socket.nio.NioSocketChannel.doFinishConnect(NioSocketChannel.java:327)
	at org.apache.ratis.thirdparty.io.netty.channel.nio.AbstractNioChannel$AbstractNioUnsafe.finishConnect(AbstractNioChannel.java:340)
	at org.apache.ratis.thirdparty.io.netty.channel.nio.NioEventLoop.processSelectedKey(NioEventLoop.java:632)
	at org.apache.ratis.thirdparty.io.netty.channel.nio.NioEventLoop.processSelectedKeysOptimized(NioEventLoop.java:579)
	at org.apache.ratis.thirdparty.io.netty.channel.nio.NioEventLoop.processSelectedKeys(NioEventLoop.java:496)
	at org.apache.ratis.thirdparty.io.netty.channel.nio.NioEventLoop.run(NioEventLoop.java:458)
	at org.apache.ratis.thirdparty.io.netty.util.concurrent.SingleThreadEventExecutor$5.run(SingleThreadEventExecutor.java:897)
	at org.apache.ratis.thirdparty.io.netty.util.concurrent.FastThreadLocalRunnable.run(FastThreadLocalRunnable.java:30)
	... 1 more
Caused by: java.net.ConnectException: Connection refused
	... 11 more
2019-11-04 16:47:53,895 [2911c1bb-ca7b-4253-a902-f80f167657b1@group-29467ABC0BF0-LeaderElection3608] INFO  impl.LeaderElection (LogUtils.java:infoOrTrace(149)) -   Exception 1: {}
java.util.concurrent.ExecutionException: org.apache.ratis.thirdparty.io.grpc.StatusRuntimeException: UNAVAILABLE: io exception
	at java.util.concurrent.FutureTask.report(FutureTask.java:122)
	at java.util.concurrent.FutureTask.get(FutureTask.java:192)
	at org.apache.ratis.server.impl.LeaderElection.waitForResults(LeaderElection.java:259)
	at org.apache.ratis.server.impl.LeaderElection.askForVotes(LeaderElection.java:197)
	at org.apache.ratis.server.impl.LeaderElection.run(LeaderElection.java:133)
	at java.lang.Thread.run(Thread.java:748)
Caused by: org.apache.ratis.thirdparty.io.grpc.StatusRuntimeException: UNAVAILABLE: io exception
	at org.apache.ratis.thirdparty.io.grpc.stub.ClientCalls.toStatusRuntimeException(ClientCalls.java:233)
	at org.apache.ratis.thirdparty.io.grpc.stub.ClientCalls.getUnchecked(ClientCalls.java:214)
	at org.apache.ratis.thirdparty.io.grpc.stub.ClientCalls.blockingUnaryCall(ClientCalls.java:139)
	at org.apache.ratis.proto.grpc.RaftServerProtocolServiceGrpc$RaftServerProtocolServiceBlockingStub.requestVote(RaftServerProtocolServiceGrpc.java:265)
	at org.apache.ratis.grpc.server.GrpcServerProtocolClient.requestVote(GrpcServerProtocolClient.java:99)
	at org.apache.ratis.grpc.server.GrpcService.requestVote(GrpcService.java:204)
	at org.apache.ratis.server.impl.LeaderElection.lambda$submitRequests$1(LeaderElection.java:234)
	at java.util.concurrent.FutureTask.run(FutureTask.java:266)
	at java.util.concurrent.Executors$RunnableAdapter.call(Executors.java:511)
	at java.util.concurrent.FutureTask.run(FutureTask.java:266)
	at java.util.concurrent.ThreadPoolExecutor.runWorker(ThreadPoolExecutor.java:1149)
	at java.util.concurrent.ThreadPoolExecutor$Worker.run(ThreadPoolExecutor.java:624)
	... 1 more
Caused by: org.apache.ratis.thirdparty.io.netty.channel.AbstractChannel$AnnotatedConnectException: Connection refused: /192.168.157.194:35647
	at sun.nio.ch.SocketChannelImpl.checkConnect(Native Method)
	at sun.nio.ch.SocketChannelImpl.finishConnect(SocketChannelImpl.java:717)
	at org.apache.ratis.thirdparty.io.netty.channel.socket.nio.NioSocketChannel.doFinishConnect(NioSocketChannel.java:327)
	at org.apache.ratis.thirdparty.io.netty.channel.nio.AbstractNioChannel$AbstractNioUnsafe.finishConnect(AbstractNioChannel.java:340)
	at org.apache.ratis.thirdparty.io.netty.channel.nio.NioEventLoop.processSelectedKey(NioEventLoop.java:632)
	at org.apache.ratis.thirdparty.io.netty.channel.nio.NioEventLoop.processSelectedKeysOptimized(NioEventLoop.java:579)
	at org.apache.ratis.thirdparty.io.netty.channel.nio.NioEventLoop.processSelectedKeys(NioEventLoop.java:496)
	at org.apache.ratis.thirdparty.io.netty.channel.nio.NioEventLoop.run(NioEventLoop.java:458)
	at org.apache.ratis.thirdparty.io.netty.util.concurrent.SingleThreadEventExecutor$5.run(SingleThreadEventExecutor.java:897)
	at org.apache.ratis.thirdparty.io.netty.util.concurrent.FastThreadLocalRunnable.run(FastThreadLocalRunnable.java:30)
	... 1 more
Caused by: java.net.ConnectException: Connection refused
	... 11 more
2019-11-04 16:47:53,895 [2911c1bb-ca7b-4253-a902-f80f167657b1@group-29467ABC0BF0-LeaderElection3608] INFO  impl.RaftServerImpl (RaftServerImpl.java:setRole(184)) - 2911c1bb-ca7b-4253-a902-f80f167657b1@group-29467ABC0BF0: changes role from CANDIDATE to FOLLOWER at term 94 for DISCOVERED_A_NEW_TERM
2019-11-04 16:47:53,895 [2911c1bb-ca7b-4253-a902-f80f167657b1@group-29467ABC0BF0-LeaderElection3608] INFO  impl.RoleInfo (RoleInfo.java:shutdownLeaderElection(134)) - 2911c1bb-ca7b-4253-a902-f80f167657b1: shutdown LeaderElection
2019-11-04 16:47:53,895 [2911c1bb-ca7b-4253-a902-f80f167657b1@group-29467ABC0BF0-LeaderElection3608] INFO  impl.RoleInfo (RoleInfo.java:updateAndGet(143)) - 2911c1bb-ca7b-4253-a902-f80f167657b1: start FollowerState
2019-11-04 16:47:54,222 [java.util.concurrent.ThreadPoolExecutor$Worker@6c6d1cc9[State = -1, empty queue]] WARN  server.GrpcLogAppender (GrpcLogAppender.java:timeoutAppendRequest(209)) - 851b12f9-bfd6-4752-97e2-7b87bdb6f05b@group-B6DB3D3E12D0->1b28f8eb-8aa4-4d14-8ba1-b6ff2630fcd0-GrpcLogAppender: appendEntries Timeout, request=851b12f9-bfd6-4752-97e2-7b87bdb6f05b->1b28f8eb-8aa4-4d14-8ba1-b6ff2630fcd0#74-t1, previous=(t:1, i:12), leaderCommit=12, initializing? false, entries: <empty>
2019-11-04 16:47:54,722 [java.util.concurrent.ThreadPoolExecutor$Worker@6c6d1cc9[State = -1, empty queue]] WARN  server.GrpcLogAppender (GrpcLogAppender.java:timeoutAppendRequest(209)) - 851b12f9-bfd6-4752-97e2-7b87bdb6f05b@group-B6DB3D3E12D0->1b28f8eb-8aa4-4d14-8ba1-b6ff2630fcd0-GrpcLogAppender: appendEntries Timeout, request=851b12f9-bfd6-4752-97e2-7b87bdb6f05b->1b28f8eb-8aa4-4d14-8ba1-b6ff2630fcd0#75-t1, previous=(t:1, i:12), leaderCommit=12, initializing? false, entries: <empty>
2019-11-04 16:47:54,951 [Thread-25894] INFO  impl.FollowerState (FollowerState.java:run(108)) - 2911c1bb-ca7b-4253-a902-f80f167657b1@group-29467ABC0BF0-FollowerState: change to CANDIDATE, lastRpcTime:1055ms, electionTimeout:1055ms
2019-11-04 16:47:54,951 [Thread-25894] INFO  impl.RoleInfo (RoleInfo.java:shutdownFollowerState(121)) - 2911c1bb-ca7b-4253-a902-f80f167657b1: shutdown FollowerState
2019-11-04 16:47:54,951 [Thread-25894] INFO  impl.RaftServerImpl (RaftServerImpl.java:setRole(184)) - 2911c1bb-ca7b-4253-a902-f80f167657b1@group-29467ABC0BF0: changes role from  FOLLOWER to CANDIDATE at term 94 for changeToCandidate
2019-11-04 16:47:54,951 [Thread-25894] INFO  impl.RoleInfo (RoleInfo.java:updateAndGet(143)) - 2911c1bb-ca7b-4253-a902-f80f167657b1: start LeaderElection
2019-11-04 16:47:54,955 [main] INFO  ozoneimpl.OzoneContainer (OzoneContainer.java:stop(227)) - Attempting to stop container services.
2019-11-04 16:47:54,956 [main] INFO  impl.RaftServerProxy (RaftServerProxy.java:lambda$close$4(314)) - 2911c1bb-ca7b-4253-a902-f80f167657b1: close
2019-11-04 16:47:54,957 [main] INFO  impl.RaftServerImpl (RaftServerImpl.java:lambda$shutdown$3(261)) - 2911c1bb-ca7b-4253-a902-f80f167657b1@group-E8FE46049495: shutdown
2019-11-04 16:47:54,957 [main] INFO  util.JmxRegister (JmxRegister.java:unregister(73)) - Successfully un-registered JMX Bean with object name Ratis:service=RaftServer,group=group-E8FE46049495,id=2911c1bb-ca7b-4253-a902-f80f167657b1
2019-11-04 16:47:54,957 [main] INFO  impl.RoleInfo (RoleInfo.java:shutdownLeaderState(104)) - 2911c1bb-ca7b-4253-a902-f80f167657b1: shutdown LeaderState
2019-11-04 16:47:54,957 [main] INFO  impl.PendingRequests (PendingRequests.java:sendNotLeaderResponses(202)) - 2911c1bb-ca7b-4253-a902-f80f167657b1@group-E8FE46049495-PendingRequests: sendNotLeaderResponses
2019-11-04 16:47:54,958 [main] INFO  impl.StateMachineUpdater (StateMachineUpdater.java:stopAndJoin(136)) - 2911c1bb-ca7b-4253-a902-f80f167657b1@group-E8FE46049495-StateMachineUpdater: set stopIndex = 0
2019-11-04 16:47:54,958 [main] INFO  impl.RaftServerImpl (ServerState.java:close(388)) - 2911c1bb-ca7b-4253-a902-f80f167657b1@group-E8FE46049495: closes. applyIndex: 0
2019-11-04 16:47:54,958 [2911c1bb-ca7b-4253-a902-f80f167657b1@group-E8FE46049495-SegmentedRaftLogWorker] INFO  segmented.SegmentedRaftLogWorker (SegmentedRaftLogWorker.java:run(316)) - 2911c1bb-ca7b-4253-a902-f80f167657b1@group-E8FE46049495-SegmentedRaftLogWorker was interrupted, exiting. There are 0 tasks remaining in the queue.
2019-11-04 16:47:54,959 [main] INFO  segmented.SegmentedRaftLogWorker (SegmentedRaftLogWorker.java:close(224)) - 2911c1bb-ca7b-4253-a902-f80f167657b1@group-E8FE46049495-SegmentedRaftLogWorker close()
2019-11-04 16:47:54,959 [main] INFO  impl.RaftServerImpl (RaftServerImpl.java:lambda$shutdown$3(261)) - 2911c1bb-ca7b-4253-a902-f80f167657b1@group-29467ABC0BF0: shutdown
2019-11-04 16:47:54,959 [main] INFO  util.JmxRegister (JmxRegister.java:unregister(73)) - Successfully un-registered JMX Bean with object name Ratis:service=RaftServer,group=group-29467ABC0BF0,id=2911c1bb-ca7b-4253-a902-f80f167657b1
2019-11-04 16:47:54,959 [main] INFO  impl.RoleInfo (RoleInfo.java:shutdownLeaderElection(134)) - 2911c1bb-ca7b-4253-a902-f80f167657b1: shutdown LeaderElection
2019-11-04 16:47:54,959 [main] INFO  impl.StateMachineUpdater (StateMachineUpdater.java:stopAndJoin(136)) - 2911c1bb-ca7b-4253-a902-f80f167657b1@group-29467ABC0BF0-StateMachineUpdater: set stopIndex = 2
2019-11-04 16:47:54,960 [main] INFO  impl.RaftServerImpl (ServerState.java:close(388)) - 2911c1bb-ca7b-4253-a902-f80f167657b1@group-29467ABC0BF0: closes. applyIndex: 2
2019-11-04 16:47:54,960 [2911c1bb-ca7b-4253-a902-f80f167657b1@group-29467ABC0BF0-SegmentedRaftLogWorker] INFO  segmented.SegmentedRaftLogWorker (SegmentedRaftLogWorker.java:run(316)) - 2911c1bb-ca7b-4253-a902-f80f167657b1@group-29467ABC0BF0-SegmentedRaftLogWorker was interrupted, exiting. There are 0 tasks remaining in the queue.
2019-11-04 16:47:54,960 [main] INFO  segmented.SegmentedRaftLogWorker (SegmentedRaftLogWorker.java:close(224)) - 2911c1bb-ca7b-4253-a902-f80f167657b1@group-29467ABC0BF0-SegmentedRaftLogWorker close()
2019-11-04 16:47:54,960 [main] INFO  server.GrpcService (GrpcService.java:closeImpl(164)) - 2911c1bb-ca7b-4253-a902-f80f167657b1: shutdown server with port 45844 now
2019-11-04 16:47:54,961 [main] INFO  server.GrpcService (GrpcService.java:closeImpl(172)) - 2911c1bb-ca7b-4253-a902-f80f167657b1: shutdown server with port 45844 successfully
2019-11-04 16:47:54,963 [refreshUsed-/workdir/hadoop-ozone/integration-test/target/test-dir/MiniOzoneClusterImpl-8e66254f-d6bc-40e7-ae2f-db5e1b2bb1f3/datanode-7/data/containers] WARN  fs.CachingGetSpaceUsed (CachingGetSpaceUsed.java:run(183)) - Thread Interrupted waiting to refresh disk information: sleep interrupted
2019-11-04 16:47:54,966 [2911c1bb-ca7b-4253-a902-f80f167657b1@group-29467ABC0BF0-LeaderElection3609] INFO  impl.LeaderElection (LeaderElection.java:askForVotes(178)) - 2911c1bb-ca7b-4253-a902-f80f167657b1@group-29467ABC0BF0-LeaderElection3609: begin an election at term 95 for 1: [2911c1bb-ca7b-4253-a902-f80f167657b1:192.168.157.194:45844, 7fc3dcce-a523-45fc-b6d6-b2bad08ce4da:192.168.157.194:35647, 18bcd373-7631-4e7c-b817-d7839f17bf5a:192.168.157.194:38252], old=null
2019-11-04 16:47:54,967 [2911c1bb-ca7b-4253-a902-f80f167657b1@group-29467ABC0BF0-LeaderElection3609] INFO  impl.LeaderElection (LeaderElection.java:run(137)) - 2911c1bb-ca7b-4253-a902-f80f167657b1@group-29467ABC0BF0-LeaderElection3609: IllegalArgumentException is safely ignored since this is already CLOSING
java.lang.IllegalArgumentException: 2911c1bb-ca7b-4253-a902-f80f167657b1@group-29467ABC0BF0-SegmentedRaftLog is expected to be opened but it is CLOSED
	at org.apache.ratis.util.OpenCloseState.assertOpen(OpenCloseState.java:63)
	at org.apache.ratis.server.raftlog.RaftLog.checkLogState(RaftLog.java:102)
	at org.apache.ratis.server.raftlog.segmented.SegmentedRaftLog.getLastEntryTermIndex(SegmentedRaftLog.java:345)
	at org.apache.ratis.server.impl.LeaderElection.askForVotes(LeaderElection.java:180)
	at org.apache.ratis.server.impl.LeaderElection.run(LeaderElection.java:133)
	at java.lang.Thread.run(Thread.java:748)
Caused by: org.apache.ratis.util.OpenCloseState$CloseTrace: Close 2911c1bb-ca7b-4253-a902-f80f167657b1@group-29467ABC0BF0-SegmentedRaftLog
	at org.apache.ratis.util.OpenCloseState.lambda$close$1(OpenCloseState.java:109)
	at java.util.concurrent.atomic.AtomicReference.getAndUpdate(AtomicReference.java:160)
	at org.apache.ratis.util.OpenCloseState.close(OpenCloseState.java:109)
	at org.apache.ratis.server.raftlog.RaftLog.close(RaftLog.java:437)
	at org.apache.ratis.server.raftlog.segmented.SegmentedRaftLog.close(SegmentedRaftLog.java:500)
	at org.apache.ratis.server.impl.ServerState.close(ServerState.java:390)
	at org.apache.ratis.server.impl.RaftServerImpl.lambda$shutdown$3(RaftServerImpl.java:283)
	at org.apache.ratis.util.LifeCycle.lambda$checkStateAndClose$2(LifeCycle.java:231)
	at org.apache.ratis.util.LifeCycle.checkStateAndClose(LifeCycle.java:251)
	at org.apache.ratis.util.LifeCycle.checkStateAndClose(LifeCycle.java:229)
	at org.apache.ratis.server.impl.RaftServerImpl.shutdown(RaftServerImpl.java:260)
	at org.apache.ratis.server.impl.RaftServerProxy$ImplMap.lambda$close$0(RaftServerProxy.java:107)
	at java.util.stream.ForEachOps$ForEachOp$OfRef.accept(ForEachOps.java:183)
	at java.util.stream.ReferencePipeline$3$1.accept(ReferencePipeline.java:193)
	at java.util.concurrent.ConcurrentHashMap$ValueSpliterator.forEachRemaining(ConcurrentHashMap.java:3566)
	at java.util.stream.AbstractPipeline.copyInto(AbstractPipeline.java:482)
	at java.util.stream.ForEachOps$ForEachTask.compute(ForEachOps.java:290)
	at java.util.concurrent.CountedCompleter.exec(CountedCompleter.java:731)
	at java.util.concurrent.ForkJoinTask.doExec(ForkJoinTask.java:289)
	at java.util.concurrent.ForkJoinPool.helpComplete(ForkJoinPool.java:1870)
	at java.util.concurrent.ForkJoinPool.externalHelpComplete(ForkJoinPool.java:2467)
	at java.util.concurrent.ForkJoinTask.externalAwaitDone(ForkJoinTask.java:324)
	at java.util.concurrent.ForkJoinTask.doInvoke(ForkJoinTask.java:405)
	at java.util.concurrent.ForkJoinTask.invoke(ForkJoinTask.java:734)
	at java.util.stream.ForEachOps$ForEachOp.evaluateParallel(ForEachOps.java:159)
	at java.util.stream.ForEachOps$ForEachOp$OfRef.evaluateParallel(ForEachOps.java:173)
	at java.util.stream.AbstractPipeline.evaluate(AbstractPipeline.java:233)
	at java.util.stream.ReferencePipeline.forEach(ReferencePipeline.java:485)
	at org.apache.ratis.server.impl.RaftServerProxy$ImplMap.close(RaftServerProxy.java:107)
	at org.apache.ratis.server.impl.RaftServerProxy.lambda$close$4(RaftServerProxy.java:315)
	at org.apache.ratis.util.LifeCycle.lambda$checkStateAndClose$2(LifeCycle.java:231)
	at org.apache.ratis.util.LifeCycle.checkStateAndClose(LifeCycle.java:251)
	at org.apache.ratis.util.LifeCycle.checkStateAndClose(LifeCycle.java:229)
	at org.apache.ratis.server.impl.RaftServerProxy.close(RaftServerProxy.java:313)
	at org.apache.hadoop.ozone.container.common.transport.server.ratis.XceiverServerRatis.stop(XceiverServerRatis.java:448)
	at org.apache.hadoop.ozone.container.ozoneimpl.OzoneContainer.stop(OzoneContainer.java:229)
	at org.apache.hadoop.ozone.container.common.statemachine.DatanodeStateMachine.close(DatanodeStateMachine.java:270)
	at org.apache.hadoop.ozone.container.common.statemachine.DatanodeStateMachine.stopDaemon(DatanodeStateMachine.java:394)
	at org.apache.hadoop.ozone.HddsDatanodeService.stop(HddsDatanodeService.java:457)
	at org.apache.hadoop.ozone.MiniOzoneClusterImpl.stopDatanode(MiniOzoneClusterImpl.java:385)
	at java.util.stream.ForEachOps$ForEachOp$OfRef.accept(ForEachOps.java:183)
	at java.util.ArrayList$ArrayListSpliterator.forEachRemaining(ArrayList.java:1382)
	at java.util.stream.AbstractPipeline.copyInto(AbstractPipeline.java:482)
	at java.util.stream.ForEachOps$ForEachTask.compute(ForEachOps.java:290)
	at java.util.concurrent.CountedCompleter.exec(CountedCompleter.java:731)
	at java.util.concurrent.ForkJoinTask.doExec(ForkJoinTask.java:289)
	at java.util.concurrent.ForkJoinPool.helpComplete(ForkJoinPool.java:1870)
	at java.util.concurrent.ForkJoinPool.externalHelpComplete(ForkJoinPool.java:2467)
	at java.util.concurrent.ForkJoinTask.externalAwaitDone(ForkJoinTask.java:324)
	at java.util.concurrent.ForkJoinTask.doInvoke(ForkJoinTask.java:405)
	at java.util.concurrent.ForkJoinTask.invoke(ForkJoinTask.java:734)
	at java.util.stream.ForEachOps$ForEachOp.evaluateParallel(ForEachOps.java:159)
	at java.util.stream.ForEachOps$ForEachOp$OfRef.evaluateParallel(ForEachOps.java:173)
	at java.util.stream.AbstractPipeline.evaluate(AbstractPipeline.java:233)
	at java.util.stream.ReferencePipeline.forEach(ReferencePipeline.java:485)
	at java.util.stream.ReferencePipeline$Head.forEach(ReferencePipeline.java:650)
	at org.apache.hadoop.ozone.MiniOzoneClusterImpl.stopDatanodes(MiniOzoneClusterImpl.java:379)
	at org.apache.hadoop.ozone.MiniOzoneClusterImpl.stop(MiniOzoneClusterImpl.java:332)
	at org.apache.hadoop.ozone.MiniOzoneClusterImpl.shutdown(MiniOzoneClusterImpl.java:319)
	at org.apache.hadoop.ozone.client.rpc.TestFailureHandlingByClient.shutdown(TestFailureHandlingByClient.java:130)
	at sun.reflect.NativeMethodAccessorImpl.invoke0(Native Method)
	at sun.reflect.NativeMethodAccessorImpl.invoke(NativeMethodAccessorImpl.java:62)
	at sun.reflect.DelegatingMethodAccessorImpl.invoke(DelegatingMethodAccessorImpl.java:43)
	at java.lang.reflect.Method.invoke(Method.java:498)
	at org.junit.runners.model.FrameworkMethod$1.runReflectiveCall(FrameworkMethod.java:47)
	at org.junit.internal.runners.model.ReflectiveCallable.run(ReflectiveCallable.java:12)
	at org.junit.runners.model.FrameworkMethod.invokeExplosively(FrameworkMethod.java:44)
	at org.junit.internal.runners.statements.RunAfters.evaluate(RunAfters.java:33)
	at org.junit.runners.ParentRunner.runLeaf(ParentRunner.java:271)
	at org.junit.runners.BlockJUnit4ClassRunner.runChild(BlockJUnit4ClassRunner.java:70)
	at org.junit.runners.BlockJUnit4ClassRunner.runChild(BlockJUnit4ClassRunner.java:50)
	at org.junit.runners.ParentRunner$3.run(ParentRunner.java:238)
	at org.junit.runners.ParentRunner$1.schedule(ParentRunner.java:63)
	at org.junit.runners.ParentRunner.runChildren(ParentRunner.java:236)
	at org.junit.runners.ParentRunner.access$000(ParentRunner.java:53)
	at org.junit.runners.ParentRunner$2.evaluate(ParentRunner.java:229)
	at org.junit.runners.ParentRunner.run(ParentRunner.java:309)
	at org.apache.maven.surefire.junit4.JUnit4Provider.execute(JUnit4Provider.java:365)
	at org.apache.maven.surefire.junit4.JUnit4Provider.executeWithRerun(JUnit4Provider.java:273)
	at org.apache.maven.surefire.junit4.JUnit4Provider.executeTestSet(JUnit4Provider.java:238)
	at org.apache.maven.surefire.junit4.JUnit4Provider.invoke(JUnit4Provider.java:159)
	at org.apache.maven.surefire.booter.ForkedBooter.invokeProviderInSameClassLoader(ForkedBooter.java:384)
	at org.apache.maven.surefire.booter.ForkedBooter.runSuitesInProcess(ForkedBooter.java:345)
	at org.apache.maven.surefire.booter.ForkedBooter.execute(ForkedBooter.java:126)
	at org.apache.maven.surefire.booter.ForkedBooter.main(ForkedBooter.java:418)
2019-11-04 16:47:54,981 [ForkJoinPool.commonPool-worker-1] INFO  ozoneimpl.OzoneContainer (OzoneContainer.java:stop(227)) - Attempting to stop container services.
2019-11-04 16:47:54,982 [ForkJoinPool.commonPool-worker-1] INFO  impl.RaftServerProxy (RaftServerProxy.java:lambda$close$4(314)) - 851b12f9-bfd6-4752-97e2-7b87bdb6f05b: close
2019-11-04 16:47:54,982 [ForkJoinPool.commonPool-worker-1] INFO  impl.RaftServerImpl (RaftServerImpl.java:lambda$shutdown$3(261)) - 851b12f9-bfd6-4752-97e2-7b87bdb6f05b@group-B6DB3D3E12D0: shutdown
2019-11-04 16:47:54,982 [ForkJoinPool.commonPool-worker-1] INFO  util.JmxRegister (JmxRegister.java:unregister(73)) - Successfully un-registered JMX Bean with object name Ratis:service=RaftServer,group=group-B6DB3D3E12D0,id=851b12f9-bfd6-4752-97e2-7b87bdb6f05b
2019-11-04 16:47:54,982 [ForkJoinPool.commonPool-worker-1] INFO  impl.RoleInfo (RoleInfo.java:shutdownLeaderState(104)) - 851b12f9-bfd6-4752-97e2-7b87bdb6f05b: shutdown LeaderState
2019-11-04 16:47:54,992 [ForkJoinPool.commonPool-worker-1] INFO  impl.PendingRequests (PendingRequests.java:sendNotLeaderResponses(202)) - 851b12f9-bfd6-4752-97e2-7b87bdb6f05b@group-B6DB3D3E12D0-PendingRequests: sendNotLeaderResponses
2019-11-04 16:47:54,992 [org.apache.ratis.server.impl.LogAppender$AppenderDaemon$$Lambda$434/1246728277@46c58560] WARN  server.GrpcLogAppender (GrpcLogAppender.java:mayWait(149)) - 851b12f9-bfd6-4752-97e2-7b87bdb6f05b@group-B6DB3D3E12D0->1b28f8eb-8aa4-4d14-8ba1-b6ff2630fcd0-GrpcLogAppender: Wait interrupted by java.lang.InterruptedException
2019-11-04 16:47:54,992 [org.apache.ratis.server.impl.LogAppender$AppenderDaemon$$Lambda$434/1246728277@7778756a] WARN  server.GrpcLogAppender (GrpcLogAppender.java:mayWait(149)) - 851b12f9-bfd6-4752-97e2-7b87bdb6f05b@group-B6DB3D3E12D0->d51bd7ac-8e91-4a16-849b-9fde6947cfce-GrpcLogAppender: Wait interrupted by java.lang.InterruptedException
2019-11-04 16:47:54,993 [ForkJoinPool.commonPool-worker-1] INFO  impl.StateMachineUpdater (StateMachineUpdater.java:stopAndJoin(136)) - 851b12f9-bfd6-4752-97e2-7b87bdb6f05b@group-B6DB3D3E12D0-StateMachineUpdater: set stopIndex = 12
2019-11-04 16:47:54,993 [851b12f9-bfd6-4752-97e2-7b87bdb6f05b@group-B6DB3D3E12D0-StateMachineUpdater] INFO  ratis.ContainerStateMachine (ContainerStateMachine.java:takeSnapshot(294)) - group-B6DB3D3E12D0: Taking a snapshot at:(t:1, i:12) file /workdir/hadoop-ozone/integration-test/target/test-dir/MiniOzoneClusterImpl-8e66254f-d6bc-40e7-ae2f-db5e1b2bb1f3/datanode-0/data/ratis/bf82653a-7068-46f7-9c84-b6db3d3e12d0/sm/snapshot.1_12
2019-11-04 16:47:54,994 [grpc-default-executor-3] INFO  server.GrpcServerProtocolService (GrpcServerProtocolService.java:onCompleted(113)) - d51bd7ac-8e91-4a16-849b-9fde6947cfce: Completed APPEND_ENTRIES, lastRequest: 851b12f9-bfd6-4752-97e2-7b87bdb6f05b->d51bd7ac-8e91-4a16-849b-9fde6947cfce#81-t1, previous=(t:1, i:12), leaderCommit=12, initializing? false, entries: <empty>
2019-11-04 16:47:54,994 [grpc-default-executor-3] INFO  server.GrpcLogAppender (GrpcLogAppender.java:onCompleted(308)) - 851b12f9-bfd6-4752-97e2-7b87bdb6f05b@group-B6DB3D3E12D0->d51bd7ac-8e91-4a16-849b-9fde6947cfce-AppendLogResponseHandler: follower responses appendEntries COMPLETED
2019-11-04 16:47:54,995 [grpc-default-executor-3] INFO  impl.FollowerInfo (FollowerInfo.java:lambda$new$0(51)) - 851b12f9-bfd6-4752-97e2-7b87bdb6f05b@group-B6DB3D3E12D0->d51bd7ac-8e91-4a16-849b-9fde6947cfce: nextIndex: updateUnconditionally 13 -> 12
2019-11-04 16:47:54,996 [main] INFO  utils.BackgroundService (BackgroundService.java:shutdown(151)) - Shutting down service BlockDeletingService
2019-11-04 16:47:54,998 [main] INFO  statemachine.DatanodeStateMachine (DatanodeStateMachine.java:stopDaemon(395)) - Ozone container server stopped.
2019-11-04 16:47:55,001 [main] INFO  handler.ContextHandler (ContextHandler.java:doStop(910)) - Stopped o.e.j.w.WebAppContext@c472300{/,null,UNAVAILABLE}{/hddsDatanode}
2019-11-04 16:47:55,002 [main] INFO  server.AbstractConnector (AbstractConnector.java:doStop(318)) - Stopped ServerConnector@5f6494c0{HTTP/1.1,[http/1.1]}{0.0.0.0:0}
2019-11-04 16:47:55,002 [main] INFO  handler.ContextHandler (ContextHandler.java:doStop(910)) - Stopped o.e.j.s.ServletContextHandler@4e67cfe1{/static,jar:file:/home/user/.m2/repository/org/apache/hadoop/hadoop-hdds-container-service/0.5.0-SNAPSHOT/hadoop-hdds-container-service-0.5.0-SNAPSHOT.jar!/webapps/static,UNAVAILABLE}
2019-11-04 16:47:55,003 [main] INFO  handler.ContextHandler (ContextHandler.java:doStop(910)) - Stopped o.e.j.s.ServletContextHandler@7a814310{/logs,file:///workdir/hadoop-ozone/integration-test/target/log,UNAVAILABLE}
2019-11-04 16:47:55,006 [851b12f9-bfd6-4752-97e2-7b87bdb6f05b@group-B6DB3D3E12D0-StateMachineUpdater] INFO  ratis.ContainerStateMachine (ContainerStateMachine.java:takeSnapshot(305)) - group-B6DB3D3E12D0: Finished taking a snapshot at:(t:1, i:12) file:/workdir/hadoop-ozone/integration-test/target/test-dir/MiniOzoneClusterImpl-8e66254f-d6bc-40e7-ae2f-db5e1b2bb1f3/datanode-0/data/ratis/bf82653a-7068-46f7-9c84-b6db3d3e12d0/sm/snapshot.1_12 time:13
2019-11-04 16:47:55,007 [851b12f9-bfd6-4752-97e2-7b87bdb6f05b@group-B6DB3D3E12D0-StateMachineUpdater] INFO  impl.StateMachineUpdater (StateMachineUpdater.java:takeSnapshot(269)) - 851b12f9-bfd6-4752-97e2-7b87bdb6f05b@group-B6DB3D3E12D0-StateMachineUpdater: Took a snapshot at index 12
2019-11-04 16:47:55,007 [851b12f9-bfd6-4752-97e2-7b87bdb6f05b@group-B6DB3D3E12D0-StateMachineUpdater] INFO  impl.StateMachineUpdater (StateMachineUpdater.java:lambda$new$0(84)) - 851b12f9-bfd6-4752-97e2-7b87bdb6f05b@group-B6DB3D3E12D0-StateMachineUpdater: snapshotIndex: updateIncreasingly -1 -> 12
2019-11-04 16:47:55,007 [ForkJoinPool.commonPool-worker-1] INFO  impl.RaftServerImpl (ServerState.java:close(388)) - 851b12f9-bfd6-4752-97e2-7b87bdb6f05b@group-B6DB3D3E12D0: closes. applyIndex: 12
2019-11-04 16:47:55,008 [851b12f9-bfd6-4752-97e2-7b87bdb6f05b@group-B6DB3D3E12D0-SegmentedRaftLogWorker] INFO  segmented.SegmentedRaftLogWorker (SegmentedRaftLogWorker.java:run(316)) - 851b12f9-bfd6-4752-97e2-7b87bdb6f05b@group-B6DB3D3E12D0-SegmentedRaftLogWorker was interrupted, exiting. There are 0 tasks remaining in the queue.
2019-11-04 16:47:55,008 [ForkJoinPool.commonPool-worker-1] INFO  segmented.SegmentedRaftLogWorker (SegmentedRaftLogWorker.java:close(224)) - 851b12f9-bfd6-4752-97e2-7b87bdb6f05b@group-B6DB3D3E12D0-SegmentedRaftLogWorker close()
2019-11-04 16:47:55,008 [ForkJoinPool.commonPool-worker-1] INFO  impl.RaftServerImpl (RaftServerImpl.java:lambda$shutdown$3(261)) - 851b12f9-bfd6-4752-97e2-7b87bdb6f05b@group-69C3BC1E2AC7: shutdown
2019-11-04 16:47:55,009 [ForkJoinPool.commonPool-worker-1] INFO  util.JmxRegister (JmxRegister.java:unregister(73)) - Successfully un-registered JMX Bean with object name Ratis:service=RaftServer,group=group-69C3BC1E2AC7,id=851b12f9-bfd6-4752-97e2-7b87bdb6f05b
2019-11-04 16:47:55,009 [ForkJoinPool.commonPool-worker-1] INFO  impl.RoleInfo (RoleInfo.java:shutdownLeaderState(104)) - 851b12f9-bfd6-4752-97e2-7b87bdb6f05b: shutdown LeaderState
2019-11-04 16:47:55,009 [ForkJoinPool.commonPool-worker-1] INFO  impl.PendingRequests (PendingRequests.java:sendNotLeaderResponses(202)) - 851b12f9-bfd6-4752-97e2-7b87bdb6f05b@group-69C3BC1E2AC7-PendingRequests: sendNotLeaderResponses
2019-11-04 16:47:55,009 [ForkJoinPool.commonPool-worker-1] INFO  impl.StateMachineUpdater (StateMachineUpdater.java:stopAndJoin(136)) - 851b12f9-bfd6-4752-97e2-7b87bdb6f05b@group-69C3BC1E2AC7-StateMachineUpdater: set stopIndex = 0
2019-11-04 16:47:55,010 [ForkJoinPool.commonPool-worker-1] INFO  impl.RaftServerImpl (ServerState.java:close(388)) - 851b12f9-bfd6-4752-97e2-7b87bdb6f05b@group-69C3BC1E2AC7: closes. applyIndex: 0
2019-11-04 16:47:55,010 [851b12f9-bfd6-4752-97e2-7b87bdb6f05b@group-69C3BC1E2AC7-SegmentedRaftLogWorker] INFO  segmented.SegmentedRaftLogWorker (SegmentedRaftLogWorker.java:run(316)) - 851b12f9-bfd6-4752-97e2-7b87bdb6f05b@group-69C3BC1E2AC7-SegmentedRaftLogWorker was interrupted, exiting. There are 0 tasks remaining in the queue.
2019-11-04 16:47:55,010 [ForkJoinPool.commonPool-worker-1] INFO  segmented.SegmentedRaftLogWorker (SegmentedRaftLogWorker.java:close(224)) - 851b12f9-bfd6-4752-97e2-7b87bdb6f05b@group-69C3BC1E2AC7-SegmentedRaftLogWorker close()
2019-11-04 16:47:55,010 [ForkJoinPool.commonPool-worker-1] INFO  server.GrpcService (GrpcService.java:closeImpl(164)) - 851b12f9-bfd6-4752-97e2-7b87bdb6f05b: shutdown server with port 39597 now
2019-11-04 16:47:55,011 [ForkJoinPool.commonPool-worker-1] INFO  server.GrpcService (GrpcService.java:closeImpl(172)) - 851b12f9-bfd6-4752-97e2-7b87bdb6f05b: shutdown server with port 39597 successfully
2019-11-04 16:47:55,013 [refreshUsed-/workdir/hadoop-ozone/integration-test/target/test-dir/MiniOzoneClusterImpl-8e66254f-d6bc-40e7-ae2f-db5e1b2bb1f3/datanode-0/data/containers] WARN  fs.CachingGetSpaceUsed (CachingGetSpaceUsed.java:run(183)) - Thread Interrupted waiting to refresh disk information: sleep interrupted
2019-11-04 16:47:55,027 [ForkJoinPool.commonPool-worker-1] INFO  utils.BackgroundService (BackgroundService.java:shutdown(151)) - Shutting down service BlockDeletingService
2019-11-04 16:47:55,029 [ForkJoinPool.commonPool-worker-1] INFO  statemachine.DatanodeStateMachine (DatanodeStateMachine.java:stopDaemon(395)) - Ozone container server stopped.
2019-11-04 16:47:55,031 [ForkJoinPool.commonPool-worker-1] INFO  handler.ContextHandler (ContextHandler.java:doStop(910)) - Stopped o.e.j.w.WebAppContext@433ef204{/,null,UNAVAILABLE}{/hddsDatanode}
2019-11-04 16:47:55,031 [ForkJoinPool.commonPool-worker-1] INFO  server.AbstractConnector (AbstractConnector.java:doStop(318)) - Stopped ServerConnector@4dd2ef54{HTTP/1.1,[http/1.1]}{0.0.0.0:0}
2019-11-04 16:47:55,034 [ForkJoinPool.commonPool-worker-1] INFO  handler.ContextHandler (ContextHandler.java:doStop(910)) - Stopped o.e.j.s.ServletContextHandler@26c7b1c6{/static,jar:file:/home/user/.m2/repository/org/apache/hadoop/hadoop-hdds-container-service/0.5.0-SNAPSHOT/hadoop-hdds-container-service-0.5.0-SNAPSHOT.jar!/webapps/static,UNAVAILABLE}
2019-11-04 16:47:55,035 [ForkJoinPool.commonPool-worker-1] INFO  handler.ContextHandler (ContextHandler.java:doStop(910)) - Stopped o.e.j.s.ServletContextHandler@7d7ceca8{/logs,file:///workdir/hadoop-ozone/integration-test/target/log,UNAVAILABLE}
2019-11-04 16:47:55,222 [java.util.concurrent.ThreadPoolExecutor$Worker@6c6d1cc9[State = -1, empty queue]] WARN  server.GrpcLogAppender (GrpcLogAppender.java:timeoutAppendRequest(209)) - 851b12f9-bfd6-4752-97e2-7b87bdb6f05b@group-B6DB3D3E12D0->1b28f8eb-8aa4-4d14-8ba1-b6ff2630fcd0-GrpcLogAppender: appendEntries Timeout, request=851b12f9-bfd6-4752-97e2-7b87bdb6f05b->1b28f8eb-8aa4-4d14-8ba1-b6ff2630fcd0#76-t1, previous=(t:1, i:12), leaderCommit=12, initializing? false, entries: <empty>
2019-11-04 16:47:55,490 [Datanode State Machine Thread - 0] INFO  statemachine.DatanodeStateMachine (DatanodeStateMachine.java:lambda$startDaemon$0(350)) - Ozone container server started.
2019-11-04 16:47:55,723 [java.util.concurrent.ThreadPoolExecutor$Worker@6c6d1cc9[State = -1, empty queue]] WARN  server.GrpcLogAppender (GrpcLogAppender.java:timeoutAppendRequest(209)) - 851b12f9-bfd6-4752-97e2-7b87bdb6f05b@group-B6DB3D3E12D0->1b28f8eb-8aa4-4d14-8ba1-b6ff2630fcd0-GrpcLogAppender: appendEntries Timeout, request=851b12f9-bfd6-4752-97e2-7b87bdb6f05b->1b28f8eb-8aa4-4d14-8ba1-b6ff2630fcd0#77-t1, previous=(t:1, i:12), leaderCommit=12, initializing? false, entries: <empty>
2019-11-04 16:47:56,223 [java.util.concurrent.ThreadPoolExecutor$Worker@6c6d1cc9[State = -1, empty queue]] WARN  server.GrpcLogAppender (GrpcLogAppender.java:timeoutAppendRequest(209)) - 851b12f9-bfd6-4752-97e2-7b87bdb6f05b@group-B6DB3D3E12D0->1b28f8eb-8aa4-4d14-8ba1-b6ff2630fcd0-GrpcLogAppender: appendEntries Timeout, request=851b12f9-bfd6-4752-97e2-7b87bdb6f05b->1b28f8eb-8aa4-4d14-8ba1-b6ff2630fcd0#78-t1, previous=(t:1, i:12), leaderCommit=12, initializing? false, entries: <empty>
2019-11-04 16:47:56,724 [java.util.concurrent.ThreadPoolExecutor$Worker@6c6d1cc9[State = -1, empty queue]] WARN  server.GrpcLogAppender (GrpcLogAppender.java:timeoutAppendRequest(209)) - 851b12f9-bfd6-4752-97e2-7b87bdb6f05b@group-B6DB3D3E12D0->1b28f8eb-8aa4-4d14-8ba1-b6ff2630fcd0-GrpcLogAppender: appendEntries Timeout, request=851b12f9-bfd6-4752-97e2-7b87bdb6f05b->1b28f8eb-8aa4-4d14-8ba1-b6ff2630fcd0#79-t1, previous=(t:1, i:12), leaderCommit=12, initializing? false, entries: <empty>
2019-11-04 16:47:56,945 [Thread-25069] INFO  impl.FollowerState (FollowerState.java:run(108)) - d51bd7ac-8e91-4a16-849b-9fde6947cfce@group-B6DB3D3E12D0-FollowerState: change to CANDIDATE, lastRpcTime:2206ms, electionTimeout:1199ms
2019-11-04 16:47:56,946 [Thread-25069] INFO  impl.RoleInfo (RoleInfo.java:shutdownFollowerState(121)) - d51bd7ac-8e91-4a16-849b-9fde6947cfce: shutdown FollowerState
2019-11-04 16:47:56,946 [Thread-25069] INFO  impl.RaftServerImpl (RaftServerImpl.java:setRole(184)) - d51bd7ac-8e91-4a16-849b-9fde6947cfce@group-B6DB3D3E12D0: changes role from  FOLLOWER to CANDIDATE at term 1 for changeToCandidate
2019-11-04 16:47:56,946 [Thread-25069] INFO  impl.RoleInfo (RoleInfo.java:updateAndGet(143)) - d51bd7ac-8e91-4a16-849b-9fde6947cfce: start LeaderElection
2019-11-04 16:47:56,947 [d51bd7ac-8e91-4a16-849b-9fde6947cfce@group-B6DB3D3E12D0-LeaderElection3610] INFO  impl.RaftServerImpl (ServerState.java:setLeader(256)) - d51bd7ac-8e91-4a16-849b-9fde6947cfce@group-B6DB3D3E12D0: change Leader from 851b12f9-bfd6-4752-97e2-7b87bdb6f05b to null at term 1 for initElection
2019-11-04 16:47:56,973 [d51bd7ac-8e91-4a16-849b-9fde6947cfce@group-B6DB3D3E12D0-LeaderElection3610] INFO  impl.LeaderElection (LeaderElection.java:askForVotes(178)) - d51bd7ac-8e91-4a16-849b-9fde6947cfce@group-B6DB3D3E12D0-LeaderElection3610: begin an election at term 2 for 0: [851b12f9-bfd6-4752-97e2-7b87bdb6f05b:192.168.157.194:39597, d51bd7ac-8e91-4a16-849b-9fde6947cfce:192.168.157.194:38853, 1b28f8eb-8aa4-4d14-8ba1-b6ff2630fcd0:192.168.157.194:38874], old=null
2019-11-04 16:47:56,976 [d51bd7ac-8e91-4a16-849b-9fde6947cfce@group-B6DB3D3E12D0-LeaderElection3610] INFO  impl.LeaderElection (LogUtils.java:infoOrTrace(149)) - d51bd7ac-8e91-4a16-849b-9fde6947cfce@group-B6DB3D3E12D0-LeaderElection3610 got exception when requesting votes: {}
java.util.concurrent.ExecutionException: org.apache.ratis.thirdparty.io.grpc.StatusRuntimeException: UNAVAILABLE: io exception
	at java.util.concurrent.FutureTask.report(FutureTask.java:122)
	at java.util.concurrent.FutureTask.get(FutureTask.java:192)
	at org.apache.ratis.server.impl.LeaderElection.waitForResults(LeaderElection.java:259)
	at org.apache.ratis.server.impl.LeaderElection.askForVotes(LeaderElection.java:197)
	at org.apache.ratis.server.impl.LeaderElection.run(LeaderElection.java:133)
	at java.lang.Thread.run(Thread.java:748)
Caused by: org.apache.ratis.thirdparty.io.grpc.StatusRuntimeException: UNAVAILABLE: io exception
	at org.apache.ratis.thirdparty.io.grpc.stub.ClientCalls.toStatusRuntimeException(ClientCalls.java:233)
	at org.apache.ratis.thirdparty.io.grpc.stub.ClientCalls.getUnchecked(ClientCalls.java:214)
	at org.apache.ratis.thirdparty.io.grpc.stub.ClientCalls.blockingUnaryCall(ClientCalls.java:139)
	at org.apache.ratis.proto.grpc.RaftServerProtocolServiceGrpc$RaftServerProtocolServiceBlockingStub.requestVote(RaftServerProtocolServiceGrpc.java:265)
	at org.apache.ratis.grpc.server.GrpcServerProtocolClient.requestVote(GrpcServerProtocolClient.java:99)
	at org.apache.ratis.grpc.server.GrpcService.requestVote(GrpcService.java:204)
	at org.apache.ratis.server.impl.LeaderElection.lambda$submitRequests$1(LeaderElection.java:234)
	at java.util.concurrent.FutureTask.run(FutureTask.java:266)
	at java.util.concurrent.Executors$RunnableAdapter.call(Executors.java:511)
	at java.util.concurrent.FutureTask.run(FutureTask.java:266)
	at java.util.concurrent.ThreadPoolExecutor.runWorker(ThreadPoolExecutor.java:1149)
	at java.util.concurrent.ThreadPoolExecutor$Worker.run(ThreadPoolExecutor.java:624)
	... 1 more
Caused by: org.apache.ratis.thirdparty.io.netty.channel.AbstractChannel$AnnotatedConnectException: Connection refused: /192.168.157.194:39597
	at sun.nio.ch.SocketChannelImpl.checkConnect(Native Method)
	at sun.nio.ch.SocketChannelImpl.finishConnect(SocketChannelImpl.java:717)
	at org.apache.ratis.thirdparty.io.netty.channel.socket.nio.NioSocketChannel.doFinishConnect(NioSocketChannel.java:327)
	at org.apache.ratis.thirdparty.io.netty.channel.nio.AbstractNioChannel$AbstractNioUnsafe.finishConnect(AbstractNioChannel.java:340)
	at org.apache.ratis.thirdparty.io.netty.channel.nio.NioEventLoop.processSelectedKey(NioEventLoop.java:632)
	at org.apache.ratis.thirdparty.io.netty.channel.nio.NioEventLoop.processSelectedKeysOptimized(NioEventLoop.java:579)
	at org.apache.ratis.thirdparty.io.netty.channel.nio.NioEventLoop.processSelectedKeys(NioEventLoop.java:496)
	at org.apache.ratis.thirdparty.io.netty.channel.nio.NioEventLoop.run(NioEventLoop.java:458)
	at org.apache.ratis.thirdparty.io.netty.util.concurrent.SingleThreadEventExecutor$5.run(SingleThreadEventExecutor.java:897)
	at org.apache.ratis.thirdparty.io.netty.util.concurrent.FastThreadLocalRunnable.run(FastThreadLocalRunnable.java:30)
	... 1 more
Caused by: java.net.ConnectException: Connection refused
	... 11 more
2019-11-04 16:47:56,977 [d51bd7ac-8e91-4a16-849b-9fde6947cfce@group-B6DB3D3E12D0-LeaderElection3610] INFO  impl.LeaderElection (LogUtils.java:infoOrTrace(149)) - d51bd7ac-8e91-4a16-849b-9fde6947cfce@group-B6DB3D3E12D0-LeaderElection3610 got exception when requesting votes: {}
java.util.concurrent.ExecutionException: org.apache.ratis.thirdparty.io.grpc.StatusRuntimeException: UNAVAILABLE: io exception
	at java.util.concurrent.FutureTask.report(FutureTask.java:122)
	at java.util.concurrent.FutureTask.get(FutureTask.java:192)
	at org.apache.ratis.server.impl.LeaderElection.waitForResults(LeaderElection.java:259)
	at org.apache.ratis.server.impl.LeaderElection.askForVotes(LeaderElection.java:197)
	at org.apache.ratis.server.impl.LeaderElection.run(LeaderElection.java:133)
	at java.lang.Thread.run(Thread.java:748)
Caused by: org.apache.ratis.thirdparty.io.grpc.StatusRuntimeException: UNAVAILABLE: io exception
	at org.apache.ratis.thirdparty.io.grpc.stub.ClientCalls.toStatusRuntimeException(ClientCalls.java:233)
	at org.apache.ratis.thirdparty.io.grpc.stub.ClientCalls.getUnchecked(ClientCalls.java:214)
	at org.apache.ratis.thirdparty.io.grpc.stub.ClientCalls.blockingUnaryCall(ClientCalls.java:139)
	at org.apache.ratis.proto.grpc.RaftServerProtocolServiceGrpc$RaftServerProtocolServiceBlockingStub.requestVote(RaftServerProtocolServiceGrpc.java:265)
	at org.apache.ratis.grpc.server.GrpcServerProtocolClient.requestVote(GrpcServerProtocolClient.java:99)
	at org.apache.ratis.grpc.server.GrpcService.requestVote(GrpcService.java:204)
	at org.apache.ratis.server.impl.LeaderElection.lambda$submitRequests$1(LeaderElection.java:234)
	at java.util.concurrent.FutureTask.run(FutureTask.java:266)
	at java.util.concurrent.Executors$RunnableAdapter.call(Executors.java:511)
	at java.util.concurrent.FutureTask.run(FutureTask.java:266)
	at java.util.concurrent.ThreadPoolExecutor.runWorker(ThreadPoolExecutor.java:1149)
	at java.util.concurrent.ThreadPoolExecutor$Worker.run(ThreadPoolExecutor.java:624)
	... 1 more
Caused by: org.apache.ratis.thirdparty.io.netty.channel.AbstractChannel$AnnotatedConnectException: Connection refused: /192.168.157.194:38874
	at sun.nio.ch.SocketChannelImpl.checkConnect(Native Method)
	at sun.nio.ch.SocketChannelImpl.finishConnect(SocketChannelImpl.java:717)
	at org.apache.ratis.thirdparty.io.netty.channel.socket.nio.NioSocketChannel.doFinishConnect(NioSocketChannel.java:327)
	at org.apache.ratis.thirdparty.io.netty.channel.nio.AbstractNioChannel$AbstractNioUnsafe.finishConnect(AbstractNioChannel.java:340)
	at org.apache.ratis.thirdparty.io.netty.channel.nio.NioEventLoop.processSelectedKey(NioEventLoop.java:632)
	at org.apache.ratis.thirdparty.io.netty.channel.nio.NioEventLoop.processSelectedKeysOptimized(NioEventLoop.java:579)
	at org.apache.ratis.thirdparty.io.netty.channel.nio.NioEventLoop.processSelectedKeys(NioEventLoop.java:496)
	at org.apache.ratis.thirdparty.io.netty.channel.nio.NioEventLoop.run(NioEventLoop.java:458)
	at org.apache.ratis.thirdparty.io.netty.util.concurrent.SingleThreadEventExecutor$5.run(SingleThreadEventExecutor.java:897)
	at org.apache.ratis.thirdparty.io.netty.util.concurrent.FastThreadLocalRunnable.run(FastThreadLocalRunnable.java:30)
	... 1 more
Caused by: java.net.ConnectException: Connection refused
	... 11 more
2019-11-04 16:47:56,977 [d51bd7ac-8e91-4a16-849b-9fde6947cfce@group-B6DB3D3E12D0-LeaderElection3610] INFO  impl.LeaderElection (LeaderElection.java:logAndReturn(56)) - d51bd7ac-8e91-4a16-849b-9fde6947cfce@group-B6DB3D3E12D0-LeaderElection3610: Election REJECTED; received 0 response(s) [] and 2 exception(s); d51bd7ac-8e91-4a16-849b-9fde6947cfce@group-B6DB3D3E12D0:t2, leader=null, voted=d51bd7ac-8e91-4a16-849b-9fde6947cfce, raftlog=d51bd7ac-8e91-4a16-849b-9fde6947cfce@group-B6DB3D3E12D0-SegmentedRaftLog:OPENED:c12,f12,i12, conf=0: [851b12f9-bfd6-4752-97e2-7b87bdb6f05b:192.168.157.194:39597, d51bd7ac-8e91-4a16-849b-9fde6947cfce:192.168.157.194:38853, 1b28f8eb-8aa4-4d14-8ba1-b6ff2630fcd0:192.168.157.194:38874], old=null
2019-11-04 16:47:56,977 [d51bd7ac-8e91-4a16-849b-9fde6947cfce@group-B6DB3D3E12D0-LeaderElection3610] INFO  impl.LeaderElection (LogUtils.java:infoOrTrace(149)) -   Exception 0: {}
java.util.concurrent.ExecutionException: org.apache.ratis.thirdparty.io.grpc.StatusRuntimeException: UNAVAILABLE: io exception
	at java.util.concurrent.FutureTask.report(FutureTask.java:122)
	at java.util.concurrent.FutureTask.get(FutureTask.java:192)
	at org.apache.ratis.server.impl.LeaderElection.waitForResults(LeaderElection.java:259)
	at org.apache.ratis.server.impl.LeaderElection.askForVotes(LeaderElection.java:197)
	at org.apache.ratis.server.impl.LeaderElection.run(LeaderElection.java:133)
	at java.lang.Thread.run(Thread.java:748)
Caused by: org.apache.ratis.thirdparty.io.grpc.StatusRuntimeException: UNAVAILABLE: io exception
	at org.apache.ratis.thirdparty.io.grpc.stub.ClientCalls.toStatusRuntimeException(ClientCalls.java:233)
	at org.apache.ratis.thirdparty.io.grpc.stub.ClientCalls.getUnchecked(ClientCalls.java:214)
	at org.apache.ratis.thirdparty.io.grpc.stub.ClientCalls.blockingUnaryCall(ClientCalls.java:139)
	at org.apache.ratis.proto.grpc.RaftServerProtocolServiceGrpc$RaftServerProtocolServiceBlockingStub.requestVote(RaftServerProtocolServiceGrpc.java:265)
	at org.apache.ratis.grpc.server.GrpcServerProtocolClient.requestVote(GrpcServerProtocolClient.java:99)
	at org.apache.ratis.grpc.server.GrpcService.requestVote(GrpcService.java:204)
	at org.apache.ratis.server.impl.LeaderElection.lambda$submitRequests$1(LeaderElection.java:234)
	at java.util.concurrent.FutureTask.run(FutureTask.java:266)
	at java.util.concurrent.Executors$RunnableAdapter.call(Executors.java:511)
	at java.util.concurrent.FutureTask.run(FutureTask.java:266)
	at java.util.concurrent.ThreadPoolExecutor.runWorker(ThreadPoolExecutor.java:1149)
	at java.util.concurrent.ThreadPoolExecutor$Worker.run(ThreadPoolExecutor.java:624)
	... 1 more
Caused by: org.apache.ratis.thirdparty.io.netty.channel.AbstractChannel$AnnotatedConnectException: Connection refused: /192.168.157.194:39597
	at sun.nio.ch.SocketChannelImpl.checkConnect(Native Method)
	at sun.nio.ch.SocketChannelImpl.finishConnect(SocketChannelImpl.java:717)
	at org.apache.ratis.thirdparty.io.netty.channel.socket.nio.NioSocketChannel.doFinishConnect(NioSocketChannel.java:327)
	at org.apache.ratis.thirdparty.io.netty.channel.nio.AbstractNioChannel$AbstractNioUnsafe.finishConnect(AbstractNioChannel.java:340)
	at org.apache.ratis.thirdparty.io.netty.channel.nio.NioEventLoop.processSelectedKey(NioEventLoop.java:632)
	at org.apache.ratis.thirdparty.io.netty.channel.nio.NioEventLoop.processSelectedKeysOptimized(NioEventLoop.java:579)
	at org.apache.ratis.thirdparty.io.netty.channel.nio.NioEventLoop.processSelectedKeys(NioEventLoop.java:496)
	at org.apache.ratis.thirdparty.io.netty.channel.nio.NioEventLoop.run(NioEventLoop.java:458)
	at org.apache.ratis.thirdparty.io.netty.util.concurrent.SingleThreadEventExecutor$5.run(SingleThreadEventExecutor.java:897)
	at org.apache.ratis.thirdparty.io.netty.util.concurrent.FastThreadLocalRunnable.run(FastThreadLocalRunnable.java:30)
	... 1 more
Caused by: java.net.ConnectException: Connection refused
	... 11 more
2019-11-04 16:47:56,978 [d51bd7ac-8e91-4a16-849b-9fde6947cfce@group-B6DB3D3E12D0-LeaderElection3610] INFO  impl.LeaderElection (LogUtils.java:infoOrTrace(149)) -   Exception 1: {}
java.util.concurrent.ExecutionException: org.apache.ratis.thirdparty.io.grpc.StatusRuntimeException: UNAVAILABLE: io exception
	at java.util.concurrent.FutureTask.report(FutureTask.java:122)
	at java.util.concurrent.FutureTask.get(FutureTask.java:192)
	at org.apache.ratis.server.impl.LeaderElection.waitForResults(LeaderElection.java:259)
	at org.apache.ratis.server.impl.LeaderElection.askForVotes(LeaderElection.java:197)
	at org.apache.ratis.server.impl.LeaderElection.run(LeaderElection.java:133)
	at java.lang.Thread.run(Thread.java:748)
Caused by: org.apache.ratis.thirdparty.io.grpc.StatusRuntimeException: UNAVAILABLE: io exception
	at org.apache.ratis.thirdparty.io.grpc.stub.ClientCalls.toStatusRuntimeException(ClientCalls.java:233)
	at org.apache.ratis.thirdparty.io.grpc.stub.ClientCalls.getUnchecked(ClientCalls.java:214)
	at org.apache.ratis.thirdparty.io.grpc.stub.ClientCalls.blockingUnaryCall(ClientCalls.java:139)
	at org.apache.ratis.proto.grpc.RaftServerProtocolServiceGrpc$RaftServerProtocolServiceBlockingStub.requestVote(RaftServerProtocolServiceGrpc.java:265)
	at org.apache.ratis.grpc.server.GrpcServerProtocolClient.requestVote(GrpcServerProtocolClient.java:99)
	at org.apache.ratis.grpc.server.GrpcService.requestVote(GrpcService.java:204)
	at org.apache.ratis.server.impl.LeaderElection.lambda$submitRequests$1(LeaderElection.java:234)
	at java.util.concurrent.FutureTask.run(FutureTask.java:266)
	at java.util.concurrent.Executors$RunnableAdapter.call(Executors.java:511)
	at java.util.concurrent.FutureTask.run(FutureTask.java:266)
	at java.util.concurrent.ThreadPoolExecutor.runWorker(ThreadPoolExecutor.java:1149)
	at java.util.concurrent.ThreadPoolExecutor$Worker.run(ThreadPoolExecutor.java:624)
	... 1 more
Caused by: org.apache.ratis.thirdparty.io.netty.channel.AbstractChannel$AnnotatedConnectException: Connection refused: /192.168.157.194:38874
	at sun.nio.ch.SocketChannelImpl.checkConnect(Native Method)
	at sun.nio.ch.SocketChannelImpl.finishConnect(SocketChannelImpl.java:717)
	at org.apache.ratis.thirdparty.io.netty.channel.socket.nio.NioSocketChannel.doFinishConnect(NioSocketChannel.java:327)
	at org.apache.ratis.thirdparty.io.netty.channel.nio.AbstractNioChannel$AbstractNioUnsafe.finishConnect(AbstractNioChannel.java:340)
	at org.apache.ratis.thirdparty.io.netty.channel.nio.NioEventLoop.processSelectedKey(NioEventLoop.java:632)
	at org.apache.ratis.thirdparty.io.netty.channel.nio.NioEventLoop.processSelectedKeysOptimized(NioEventLoop.java:579)
	at org.apache.ratis.thirdparty.io.netty.channel.nio.NioEventLoop.processSelectedKeys(NioEventLoop.java:496)
	at org.apache.ratis.thirdparty.io.netty.channel.nio.NioEventLoop.run(NioEventLoop.java:458)
	at org.apache.ratis.thirdparty.io.netty.util.concurrent.SingleThreadEventExecutor$5.run(SingleThreadEventExecutor.java:897)
	at org.apache.ratis.thirdparty.io.netty.util.concurrent.FastThreadLocalRunnable.run(FastThreadLocalRunnable.java:30)
	... 1 more
Caused by: java.net.ConnectException: Connection refused
	... 11 more
2019-11-04 16:47:56,978 [d51bd7ac-8e91-4a16-849b-9fde6947cfce@group-B6DB3D3E12D0-LeaderElection3610] INFO  impl.RaftServerImpl (RaftServerImpl.java:setRole(184)) - d51bd7ac-8e91-4a16-849b-9fde6947cfce@group-B6DB3D3E12D0: changes role from CANDIDATE to FOLLOWER at term 2 for DISCOVERED_A_NEW_TERM
2019-11-04 16:47:56,978 [d51bd7ac-8e91-4a16-849b-9fde6947cfce@group-B6DB3D3E12D0-LeaderElection3610] INFO  impl.RoleInfo (RoleInfo.java:shutdownLeaderElection(134)) - d51bd7ac-8e91-4a16-849b-9fde6947cfce: shutdown LeaderElection
2019-11-04 16:47:56,978 [d51bd7ac-8e91-4a16-849b-9fde6947cfce@group-B6DB3D3E12D0-LeaderElection3610] INFO  impl.RoleInfo (RoleInfo.java:updateAndGet(143)) - d51bd7ac-8e91-4a16-849b-9fde6947cfce: start FollowerState
2019-11-04 16:47:57,224 [java.util.concurrent.ThreadPoolExecutor$Worker@6c6d1cc9[State = -1, empty queue]] WARN  server.GrpcLogAppender (GrpcLogAppender.java:timeoutAppendRequest(209)) - 851b12f9-bfd6-4752-97e2-7b87bdb6f05b@group-B6DB3D3E12D0->1b28f8eb-8aa4-4d14-8ba1-b6ff2630fcd0-GrpcLogAppender: appendEntries Timeout, request=851b12f9-bfd6-4752-97e2-7b87bdb6f05b->1b28f8eb-8aa4-4d14-8ba1-b6ff2630fcd0#80-t1, previous=(t:1, i:12), leaderCommit=12, initializing? false, entries: <empty>
2019-11-04 16:47:57,725 [java.util.concurrent.ThreadPoolExecutor$Worker@6c6d1cc9[State = -1, empty queue]] WARN  server.GrpcLogAppender (GrpcLogAppender.java:timeoutAppendRequest(209)) - 851b12f9-bfd6-4752-97e2-7b87bdb6f05b@group-B6DB3D3E12D0->1b28f8eb-8aa4-4d14-8ba1-b6ff2630fcd0-GrpcLogAppender: appendEntries Timeout, request=851b12f9-bfd6-4752-97e2-7b87bdb6f05b->1b28f8eb-8aa4-4d14-8ba1-b6ff2630fcd0#81-t1, previous=(t:1, i:12), leaderCommit=12, initializing? false, entries: <empty>
2019-11-04 16:47:57,998 [Thread-25901] INFO  impl.FollowerState (FollowerState.java:run(108)) - d51bd7ac-8e91-4a16-849b-9fde6947cfce@group-B6DB3D3E12D0-FollowerState: change to CANDIDATE, lastRpcTime:1019ms, electionTimeout:1019ms
2019-11-04 16:47:57,998 [Thread-25901] INFO  impl.RoleInfo (RoleInfo.java:shutdownFollowerState(121)) - d51bd7ac-8e91-4a16-849b-9fde6947cfce: shutdown FollowerState
2019-11-04 16:47:57,998 [Thread-25901] INFO  impl.RaftServerImpl (RaftServerImpl.java:setRole(184)) - d51bd7ac-8e91-4a16-849b-9fde6947cfce@group-B6DB3D3E12D0: changes role from  FOLLOWER to CANDIDATE at term 2 for changeToCandidate
2019-11-04 16:47:57,998 [Thread-25901] INFO  impl.RoleInfo (RoleInfo.java:updateAndGet(143)) - d51bd7ac-8e91-4a16-849b-9fde6947cfce: start LeaderElection
2019-11-04 16:47:58,013 [d51bd7ac-8e91-4a16-849b-9fde6947cfce@group-B6DB3D3E12D0-LeaderElection3611] INFO  impl.LeaderElection (LeaderElection.java:askForVotes(178)) - d51bd7ac-8e91-4a16-849b-9fde6947cfce@group-B6DB3D3E12D0-LeaderElection3611: begin an election at term 3 for 0: [851b12f9-bfd6-4752-97e2-7b87bdb6f05b:192.168.157.194:39597, d51bd7ac-8e91-4a16-849b-9fde6947cfce:192.168.157.194:38853, 1b28f8eb-8aa4-4d14-8ba1-b6ff2630fcd0:192.168.157.194:38874], old=null
2019-11-04 16:47:58,014 [d51bd7ac-8e91-4a16-849b-9fde6947cfce@group-B6DB3D3E12D0-LeaderElection3611] INFO  impl.LeaderElection (LogUtils.java:infoOrTrace(149)) - d51bd7ac-8e91-4a16-849b-9fde6947cfce@group-B6DB3D3E12D0-LeaderElection3611 got exception when requesting votes: {}
java.util.concurrent.ExecutionException: org.apache.ratis.thirdparty.io.grpc.StatusRuntimeException: UNAVAILABLE: io exception
	at java.util.concurrent.FutureTask.report(FutureTask.java:122)
	at java.util.concurrent.FutureTask.get(FutureTask.java:192)
	at org.apache.ratis.server.impl.LeaderElection.waitForResults(LeaderElection.java:259)
	at org.apache.ratis.server.impl.LeaderElection.askForVotes(LeaderElection.java:197)
	at org.apache.ratis.server.impl.LeaderElection.run(LeaderElection.java:133)
	at java.lang.Thread.run(Thread.java:748)
Caused by: org.apache.ratis.thirdparty.io.grpc.StatusRuntimeException: UNAVAILABLE: io exception
	at org.apache.ratis.thirdparty.io.grpc.stub.ClientCalls.toStatusRuntimeException(ClientCalls.java:233)
	at org.apache.ratis.thirdparty.io.grpc.stub.ClientCalls.getUnchecked(ClientCalls.java:214)
	at org.apache.ratis.thirdparty.io.grpc.stub.ClientCalls.blockingUnaryCall(ClientCalls.java:139)
	at org.apache.ratis.proto.grpc.RaftServerProtocolServiceGrpc$RaftServerProtocolServiceBlockingStub.requestVote(RaftServerProtocolServiceGrpc.java:265)
	at org.apache.ratis.grpc.server.GrpcServerProtocolClient.requestVote(GrpcServerProtocolClient.java:99)
	at org.apache.ratis.grpc.server.GrpcService.requestVote(GrpcService.java:204)
	at org.apache.ratis.server.impl.LeaderElection.lambda$submitRequests$1(LeaderElection.java:234)
	at java.util.concurrent.FutureTask.run(FutureTask.java:266)
	at java.util.concurrent.Executors$RunnableAdapter.call(Executors.java:511)
	at java.util.concurrent.FutureTask.run(FutureTask.java:266)
	at java.util.concurrent.ThreadPoolExecutor.runWorker(ThreadPoolExecutor.java:1149)
	at java.util.concurrent.ThreadPoolExecutor$Worker.run(ThreadPoolExecutor.java:624)
	... 1 more
Caused by: org.apache.ratis.thirdparty.io.netty.channel.AbstractChannel$AnnotatedConnectException: Connection refused: /192.168.157.194:39597
	at sun.nio.ch.SocketChannelImpl.checkConnect(Native Method)
	at sun.nio.ch.SocketChannelImpl.finishConnect(SocketChannelImpl.java:717)
	at org.apache.ratis.thirdparty.io.netty.channel.socket.nio.NioSocketChannel.doFinishConnect(NioSocketChannel.java:327)
	at org.apache.ratis.thirdparty.io.netty.channel.nio.AbstractNioChannel$AbstractNioUnsafe.finishConnect(AbstractNioChannel.java:340)
	at org.apache.ratis.thirdparty.io.netty.channel.nio.NioEventLoop.processSelectedKey(NioEventLoop.java:632)
	at org.apache.ratis.thirdparty.io.netty.channel.nio.NioEventLoop.processSelectedKeysOptimized(NioEventLoop.java:579)
	at org.apache.ratis.thirdparty.io.netty.channel.nio.NioEventLoop.processSelectedKeys(NioEventLoop.java:496)
	at org.apache.ratis.thirdparty.io.netty.channel.nio.NioEventLoop.run(NioEventLoop.java:458)
	at org.apache.ratis.thirdparty.io.netty.util.concurrent.SingleThreadEventExecutor$5.run(SingleThreadEventExecutor.java:897)
	at org.apache.ratis.thirdparty.io.netty.util.concurrent.FastThreadLocalRunnable.run(FastThreadLocalRunnable.java:30)
	... 1 more
Caused by: java.net.ConnectException: Connection refused
	... 11 more
2019-11-04 16:47:58,015 [d51bd7ac-8e91-4a16-849b-9fde6947cfce@group-B6DB3D3E12D0-LeaderElection3611] INFO  impl.LeaderElection (LogUtils.java:infoOrTrace(149)) - d51bd7ac-8e91-4a16-849b-9fde6947cfce@group-B6DB3D3E12D0-LeaderElection3611 got exception when requesting votes: {}
java.util.concurrent.ExecutionException: org.apache.ratis.thirdparty.io.grpc.StatusRuntimeException: UNAVAILABLE: io exception
	at java.util.concurrent.FutureTask.report(FutureTask.java:122)
	at java.util.concurrent.FutureTask.get(FutureTask.java:192)
	at org.apache.ratis.server.impl.LeaderElection.waitForResults(LeaderElection.java:259)
	at org.apache.ratis.server.impl.LeaderElection.askForVotes(LeaderElection.java:197)
	at org.apache.ratis.server.impl.LeaderElection.run(LeaderElection.java:133)
	at java.lang.Thread.run(Thread.java:748)
Caused by: org.apache.ratis.thirdparty.io.grpc.StatusRuntimeException: UNAVAILABLE: io exception
	at org.apache.ratis.thirdparty.io.grpc.stub.ClientCalls.toStatusRuntimeException(ClientCalls.java:233)
	at org.apache.ratis.thirdparty.io.grpc.stub.ClientCalls.getUnchecked(ClientCalls.java:214)
	at org.apache.ratis.thirdparty.io.grpc.stub.ClientCalls.blockingUnaryCall(ClientCalls.java:139)
	at org.apache.ratis.proto.grpc.RaftServerProtocolServiceGrpc$RaftServerProtocolServiceBlockingStub.requestVote(RaftServerProtocolServiceGrpc.java:265)
	at org.apache.ratis.grpc.server.GrpcServerProtocolClient.requestVote(GrpcServerProtocolClient.java:99)
	at org.apache.ratis.grpc.server.GrpcService.requestVote(GrpcService.java:204)
	at org.apache.ratis.server.impl.LeaderElection.lambda$submitRequests$1(LeaderElection.java:234)
	at java.util.concurrent.FutureTask.run(FutureTask.java:266)
	at java.util.concurrent.Executors$RunnableAdapter.call(Executors.java:511)
	at java.util.concurrent.FutureTask.run(FutureTask.java:266)
	at java.util.concurrent.ThreadPoolExecutor.runWorker(ThreadPoolExecutor.java:1149)
	at java.util.concurrent.ThreadPoolExecutor$Worker.run(ThreadPoolExecutor.java:624)
	... 1 more
Caused by: org.apache.ratis.thirdparty.io.netty.channel.AbstractChannel$AnnotatedConnectException: Connection refused: /192.168.157.194:38874
	at sun.nio.ch.SocketChannelImpl.checkConnect(Native Method)
	at sun.nio.ch.SocketChannelImpl.finishConnect(SocketChannelImpl.java:717)
	at org.apache.ratis.thirdparty.io.netty.channel.socket.nio.NioSocketChannel.doFinishConnect(NioSocketChannel.java:327)
	at org.apache.ratis.thirdparty.io.netty.channel.nio.AbstractNioChannel$AbstractNioUnsafe.finishConnect(AbstractNioChannel.java:340)
	at org.apache.ratis.thirdparty.io.netty.channel.nio.NioEventLoop.processSelectedKey(NioEventLoop.java:632)
	at org.apache.ratis.thirdparty.io.netty.channel.nio.NioEventLoop.processSelectedKeysOptimized(NioEventLoop.java:579)
	at org.apache.ratis.thirdparty.io.netty.channel.nio.NioEventLoop.processSelectedKeys(NioEventLoop.java:496)
	at org.apache.ratis.thirdparty.io.netty.channel.nio.NioEventLoop.run(NioEventLoop.java:458)
	at org.apache.ratis.thirdparty.io.netty.util.concurrent.SingleThreadEventExecutor$5.run(SingleThreadEventExecutor.java:897)
	at org.apache.ratis.thirdparty.io.netty.util.concurrent.FastThreadLocalRunnable.run(FastThreadLocalRunnable.java:30)
	... 1 more
Caused by: java.net.ConnectException: Connection refused
	... 11 more
2019-11-04 16:47:58,015 [d51bd7ac-8e91-4a16-849b-9fde6947cfce@group-B6DB3D3E12D0-LeaderElection3611] INFO  impl.LeaderElection (LeaderElection.java:logAndReturn(56)) - d51bd7ac-8e91-4a16-849b-9fde6947cfce@group-B6DB3D3E12D0-LeaderElection3611: Election REJECTED; received 0 response(s) [] and 2 exception(s); d51bd7ac-8e91-4a16-849b-9fde6947cfce@group-B6DB3D3E12D0:t3, leader=null, voted=d51bd7ac-8e91-4a16-849b-9fde6947cfce, raftlog=d51bd7ac-8e91-4a16-849b-9fde6947cfce@group-B6DB3D3E12D0-SegmentedRaftLog:OPENED:c12,f12,i12, conf=0: [851b12f9-bfd6-4752-97e2-7b87bdb6f05b:192.168.157.194:39597, d51bd7ac-8e91-4a16-849b-9fde6947cfce:192.168.157.194:38853, 1b28f8eb-8aa4-4d14-8ba1-b6ff2630fcd0:192.168.157.194:38874], old=null
2019-11-04 16:47:58,016 [d51bd7ac-8e91-4a16-849b-9fde6947cfce@group-B6DB3D3E12D0-LeaderElection3611] INFO  impl.LeaderElection (LogUtils.java:infoOrTrace(149)) -   Exception 0: {}
java.util.concurrent.ExecutionException: org.apache.ratis.thirdparty.io.grpc.StatusRuntimeException: UNAVAILABLE: io exception
	at java.util.concurrent.FutureTask.report(FutureTask.java:122)
	at java.util.concurrent.FutureTask.get(FutureTask.java:192)
	at org.apache.ratis.server.impl.LeaderElection.waitForResults(LeaderElection.java:259)
	at org.apache.ratis.server.impl.LeaderElection.askForVotes(LeaderElection.java:197)
	at org.apache.ratis.server.impl.LeaderElection.run(LeaderElection.java:133)
	at java.lang.Thread.run(Thread.java:748)
Caused by: org.apache.ratis.thirdparty.io.grpc.StatusRuntimeException: UNAVAILABLE: io exception
	at org.apache.ratis.thirdparty.io.grpc.stub.ClientCalls.toStatusRuntimeException(ClientCalls.java:233)
	at org.apache.ratis.thirdparty.io.grpc.stub.ClientCalls.getUnchecked(ClientCalls.java:214)
	at org.apache.ratis.thirdparty.io.grpc.stub.ClientCalls.blockingUnaryCall(ClientCalls.java:139)
	at org.apache.ratis.proto.grpc.RaftServerProtocolServiceGrpc$RaftServerProtocolServiceBlockingStub.requestVote(RaftServerProtocolServiceGrpc.java:265)
	at org.apache.ratis.grpc.server.GrpcServerProtocolClient.requestVote(GrpcServerProtocolClient.java:99)
	at org.apache.ratis.grpc.server.GrpcService.requestVote(GrpcService.java:204)
	at org.apache.ratis.server.impl.LeaderElection.lambda$submitRequests$1(LeaderElection.java:234)
	at java.util.concurrent.FutureTask.run(FutureTask.java:266)
	at java.util.concurrent.Executors$RunnableAdapter.call(Executors.java:511)
	at java.util.concurrent.FutureTask.run(FutureTask.java:266)
	at java.util.concurrent.ThreadPoolExecutor.runWorker(ThreadPoolExecutor.java:1149)
	at java.util.concurrent.ThreadPoolExecutor$Worker.run(ThreadPoolExecutor.java:624)
	... 1 more
Caused by: org.apache.ratis.thirdparty.io.netty.channel.AbstractChannel$AnnotatedConnectException: Connection refused: /192.168.157.194:39597
	at sun.nio.ch.SocketChannelImpl.checkConnect(Native Method)
	at sun.nio.ch.SocketChannelImpl.finishConnect(SocketChannelImpl.java:717)
	at org.apache.ratis.thirdparty.io.netty.channel.socket.nio.NioSocketChannel.doFinishConnect(NioSocketChannel.java:327)
	at org.apache.ratis.thirdparty.io.netty.channel.nio.AbstractNioChannel$AbstractNioUnsafe.finishConnect(AbstractNioChannel.java:340)
	at org.apache.ratis.thirdparty.io.netty.channel.nio.NioEventLoop.processSelectedKey(NioEventLoop.java:632)
	at org.apache.ratis.thirdparty.io.netty.channel.nio.NioEventLoop.processSelectedKeysOptimized(NioEventLoop.java:579)
	at org.apache.ratis.thirdparty.io.netty.channel.nio.NioEventLoop.processSelectedKeys(NioEventLoop.java:496)
	at org.apache.ratis.thirdparty.io.netty.channel.nio.NioEventLoop.run(NioEventLoop.java:458)
	at org.apache.ratis.thirdparty.io.netty.util.concurrent.SingleThreadEventExecutor$5.run(SingleThreadEventExecutor.java:897)
	at org.apache.ratis.thirdparty.io.netty.util.concurrent.FastThreadLocalRunnable.run(FastThreadLocalRunnable.java:30)
	... 1 more
Caused by: java.net.ConnectException: Connection refused
	... 11 more
2019-11-04 16:47:58,016 [d51bd7ac-8e91-4a16-849b-9fde6947cfce@group-B6DB3D3E12D0-LeaderElection3611] INFO  impl.LeaderElection (LogUtils.java:infoOrTrace(149)) -   Exception 1: {}
java.util.concurrent.ExecutionException: org.apache.ratis.thirdparty.io.grpc.StatusRuntimeException: UNAVAILABLE: io exception
	at java.util.concurrent.FutureTask.report(FutureTask.java:122)
	at java.util.concurrent.FutureTask.get(FutureTask.java:192)
	at org.apache.ratis.server.impl.LeaderElection.waitForResults(LeaderElection.java:259)
	at org.apache.ratis.server.impl.LeaderElection.askForVotes(LeaderElection.java:197)
	at org.apache.ratis.server.impl.LeaderElection.run(LeaderElection.java:133)
	at java.lang.Thread.run(Thread.java:748)
Caused by: org.apache.ratis.thirdparty.io.grpc.StatusRuntimeException: UNAVAILABLE: io exception
	at org.apache.ratis.thirdparty.io.grpc.stub.ClientCalls.toStatusRuntimeException(ClientCalls.java:233)
	at org.apache.ratis.thirdparty.io.grpc.stub.ClientCalls.getUnchecked(ClientCalls.java:214)
	at org.apache.ratis.thirdparty.io.grpc.stub.ClientCalls.blockingUnaryCall(ClientCalls.java:139)
	at org.apache.ratis.proto.grpc.RaftServerProtocolServiceGrpc$RaftServerProtocolServiceBlockingStub.requestVote(RaftServerProtocolServiceGrpc.java:265)
	at org.apache.ratis.grpc.server.GrpcServerProtocolClient.requestVote(GrpcServerProtocolClient.java:99)
	at org.apache.ratis.grpc.server.GrpcService.requestVote(GrpcService.java:204)
	at org.apache.ratis.server.impl.LeaderElection.lambda$submitRequests$1(LeaderElection.java:234)
	at java.util.concurrent.FutureTask.run(FutureTask.java:266)
	at java.util.concurrent.Executors$RunnableAdapter.call(Executors.java:511)
	at java.util.concurrent.FutureTask.run(FutureTask.java:266)
	at java.util.concurrent.ThreadPoolExecutor.runWorker(ThreadPoolExecutor.java:1149)
	at java.util.concurrent.ThreadPoolExecutor$Worker.run(ThreadPoolExecutor.java:624)
	... 1 more
Caused by: org.apache.ratis.thirdparty.io.netty.channel.AbstractChannel$AnnotatedConnectException: Connection refused: /192.168.157.194:38874
	at sun.nio.ch.SocketChannelImpl.checkConnect(Native Method)
	at sun.nio.ch.SocketChannelImpl.finishConnect(SocketChannelImpl.java:717)
	at org.apache.ratis.thirdparty.io.netty.channel.socket.nio.NioSocketChannel.doFinishConnect(NioSocketChannel.java:327)
	at org.apache.ratis.thirdparty.io.netty.channel.nio.AbstractNioChannel$AbstractNioUnsafe.finishConnect(AbstractNioChannel.java:340)
	at org.apache.ratis.thirdparty.io.netty.channel.nio.NioEventLoop.processSelectedKey(NioEventLoop.java:632)
	at org.apache.ratis.thirdparty.io.netty.channel.nio.NioEventLoop.processSelectedKeysOptimized(NioEventLoop.java:579)
	at org.apache.ratis.thirdparty.io.netty.channel.nio.NioEventLoop.processSelectedKeys(NioEventLoop.java:496)
	at org.apache.ratis.thirdparty.io.netty.channel.nio.NioEventLoop.run(NioEventLoop.java:458)
	at org.apache.ratis.thirdparty.io.netty.util.concurrent.SingleThreadEventExecutor$5.run(SingleThreadEventExecutor.java:897)
	at org.apache.ratis.thirdparty.io.netty.util.concurrent.FastThreadLocalRunnable.run(FastThreadLocalRunnable.java:30)
	... 1 more
Caused by: java.net.ConnectException: Connection refused
	... 11 more
2019-11-04 16:47:58,016 [d51bd7ac-8e91-4a16-849b-9fde6947cfce@group-B6DB3D3E12D0-LeaderElection3611] INFO  impl.RaftServerImpl (RaftServerImpl.java:setRole(184)) - d51bd7ac-8e91-4a16-849b-9fde6947cfce@group-B6DB3D3E12D0: changes role from CANDIDATE to FOLLOWER at term 3 for DISCOVERED_A_NEW_TERM
2019-11-04 16:47:58,016 [d51bd7ac-8e91-4a16-849b-9fde6947cfce@group-B6DB3D3E12D0-LeaderElection3611] INFO  impl.RoleInfo (RoleInfo.java:shutdownLeaderElection(134)) - d51bd7ac-8e91-4a16-849b-9fde6947cfce: shutdown LeaderElection
2019-11-04 16:47:58,017 [d51bd7ac-8e91-4a16-849b-9fde6947cfce@group-B6DB3D3E12D0-LeaderElection3611] INFO  impl.RoleInfo (RoleInfo.java:updateAndGet(143)) - d51bd7ac-8e91-4a16-849b-9fde6947cfce: start FollowerState
2019-11-04 16:47:59,191 [Thread-25905] INFO  impl.FollowerState (FollowerState.java:run(108)) - d51bd7ac-8e91-4a16-849b-9fde6947cfce@group-B6DB3D3E12D0-FollowerState: change to CANDIDATE, lastRpcTime:1174ms, electionTimeout:1174ms
2019-11-04 16:47:59,192 [Thread-25905] INFO  impl.RoleInfo (RoleInfo.java:shutdownFollowerState(121)) - d51bd7ac-8e91-4a16-849b-9fde6947cfce: shutdown FollowerState
2019-11-04 16:47:59,192 [Thread-25905] INFO  impl.RaftServerImpl (RaftServerImpl.java:setRole(184)) - d51bd7ac-8e91-4a16-849b-9fde6947cfce@group-B6DB3D3E12D0: changes role from  FOLLOWER to CANDIDATE at term 3 for changeToCandidate
2019-11-04 16:47:59,192 [Thread-25905] INFO  impl.RoleInfo (RoleInfo.java:updateAndGet(143)) - d51bd7ac-8e91-4a16-849b-9fde6947cfce: start LeaderElection
2019-11-04 16:47:59,205 [d51bd7ac-8e91-4a16-849b-9fde6947cfce@group-B6DB3D3E12D0-LeaderElection3612] INFO  impl.LeaderElection (LeaderElection.java:askForVotes(178)) - d51bd7ac-8e91-4a16-849b-9fde6947cfce@group-B6DB3D3E12D0-LeaderElection3612: begin an election at term 4 for 0: [851b12f9-bfd6-4752-97e2-7b87bdb6f05b:192.168.157.194:39597, d51bd7ac-8e91-4a16-849b-9fde6947cfce:192.168.157.194:38853, 1b28f8eb-8aa4-4d14-8ba1-b6ff2630fcd0:192.168.157.194:38874], old=null
2019-11-04 16:47:59,207 [d51bd7ac-8e91-4a16-849b-9fde6947cfce@group-B6DB3D3E12D0-LeaderElection3612] INFO  impl.LeaderElection (LogUtils.java:infoOrTrace(149)) - d51bd7ac-8e91-4a16-849b-9fde6947cfce@group-B6DB3D3E12D0-LeaderElection3612 got exception when requesting votes: {}
java.util.concurrent.ExecutionException: org.apache.ratis.thirdparty.io.grpc.StatusRuntimeException: UNAVAILABLE: io exception
	at java.util.concurrent.FutureTask.report(FutureTask.java:122)
	at java.util.concurrent.FutureTask.get(FutureTask.java:192)
	at org.apache.ratis.server.impl.LeaderElection.waitForResults(LeaderElection.java:259)
	at org.apache.ratis.server.impl.LeaderElection.askForVotes(LeaderElection.java:197)
	at org.apache.ratis.server.impl.LeaderElection.run(LeaderElection.java:133)
	at java.lang.Thread.run(Thread.java:748)
Caused by: org.apache.ratis.thirdparty.io.grpc.StatusRuntimeException: UNAVAILABLE: io exception
	at org.apache.ratis.thirdparty.io.grpc.stub.ClientCalls.toStatusRuntimeException(ClientCalls.java:233)
	at org.apache.ratis.thirdparty.io.grpc.stub.ClientCalls.getUnchecked(ClientCalls.java:214)
	at org.apache.ratis.thirdparty.io.grpc.stub.ClientCalls.blockingUnaryCall(ClientCalls.java:139)
	at org.apache.ratis.proto.grpc.RaftServerProtocolServiceGrpc$RaftServerProtocolServiceBlockingStub.requestVote(RaftServerProtocolServiceGrpc.java:265)
	at org.apache.ratis.grpc.server.GrpcServerProtocolClient.requestVote(GrpcServerProtocolClient.java:99)
	at org.apache.ratis.grpc.server.GrpcService.requestVote(GrpcService.java:204)
	at org.apache.ratis.server.impl.LeaderElection.lambda$submitRequests$1(LeaderElection.java:234)
	at java.util.concurrent.FutureTask.run(FutureTask.java:266)
	at java.util.concurrent.Executors$RunnableAdapter.call(Executors.java:511)
	at java.util.concurrent.FutureTask.run(FutureTask.java:266)
	at java.util.concurrent.ThreadPoolExecutor.runWorker(ThreadPoolExecutor.java:1149)
	at java.util.concurrent.ThreadPoolExecutor$Worker.run(ThreadPoolExecutor.java:624)
	... 1 more
Caused by: org.apache.ratis.thirdparty.io.netty.channel.AbstractChannel$AnnotatedConnectException: Connection refused: /192.168.157.194:38874
	at sun.nio.ch.SocketChannelImpl.checkConnect(Native Method)
	at sun.nio.ch.SocketChannelImpl.finishConnect(SocketChannelImpl.java:717)
	at org.apache.ratis.thirdparty.io.netty.channel.socket.nio.NioSocketChannel.doFinishConnect(NioSocketChannel.java:327)
	at org.apache.ratis.thirdparty.io.netty.channel.nio.AbstractNioChannel$AbstractNioUnsafe.finishConnect(AbstractNioChannel.java:340)
	at org.apache.ratis.thirdparty.io.netty.channel.nio.NioEventLoop.processSelectedKey(NioEventLoop.java:632)
	at org.apache.ratis.thirdparty.io.netty.channel.nio.NioEventLoop.processSelectedKeysOptimized(NioEventLoop.java:579)
	at org.apache.ratis.thirdparty.io.netty.channel.nio.NioEventLoop.processSelectedKeys(NioEventLoop.java:496)
	at org.apache.ratis.thirdparty.io.netty.channel.nio.NioEventLoop.run(NioEventLoop.java:458)
	at org.apache.ratis.thirdparty.io.netty.util.concurrent.SingleThreadEventExecutor$5.run(SingleThreadEventExecutor.java:897)
	at org.apache.ratis.thirdparty.io.netty.util.concurrent.FastThreadLocalRunnable.run(FastThreadLocalRunnable.java:30)
	... 1 more
Caused by: java.net.ConnectException: Connection refused
	... 11 more
2019-11-04 16:47:59,208 [d51bd7ac-8e91-4a16-849b-9fde6947cfce@group-B6DB3D3E12D0-LeaderElection3612] INFO  impl.LeaderElection (LogUtils.java:infoOrTrace(149)) - d51bd7ac-8e91-4a16-849b-9fde6947cfce@group-B6DB3D3E12D0-LeaderElection3612 got exception when requesting votes: {}
java.util.concurrent.ExecutionException: org.apache.ratis.thirdparty.io.grpc.StatusRuntimeException: UNAVAILABLE: io exception
	at java.util.concurrent.FutureTask.report(FutureTask.java:122)
	at java.util.concurrent.FutureTask.get(FutureTask.java:192)
	at org.apache.ratis.server.impl.LeaderElection.waitForResults(LeaderElection.java:259)
	at org.apache.ratis.server.impl.LeaderElection.askForVotes(LeaderElection.java:197)
	at org.apache.ratis.server.impl.LeaderElection.run(LeaderElection.java:133)
	at java.lang.Thread.run(Thread.java:748)
Caused by: org.apache.ratis.thirdparty.io.grpc.StatusRuntimeException: UNAVAILABLE: io exception
	at org.apache.ratis.thirdparty.io.grpc.stub.ClientCalls.toStatusRuntimeException(ClientCalls.java:233)
	at org.apache.ratis.thirdparty.io.grpc.stub.ClientCalls.getUnchecked(ClientCalls.java:214)
	at org.apache.ratis.thirdparty.io.grpc.stub.ClientCalls.blockingUnaryCall(ClientCalls.java:139)
	at org.apache.ratis.proto.grpc.RaftServerProtocolServiceGrpc$RaftServerProtocolServiceBlockingStub.requestVote(RaftServerProtocolServiceGrpc.java:265)
	at org.apache.ratis.grpc.server.GrpcServerProtocolClient.requestVote(GrpcServerProtocolClient.java:99)
	at org.apache.ratis.grpc.server.GrpcService.requestVote(GrpcService.java:204)
	at org.apache.ratis.server.impl.LeaderElection.lambda$submitRequests$1(LeaderElection.java:234)
	at java.util.concurrent.FutureTask.run(FutureTask.java:266)
	at java.util.concurrent.Executors$RunnableAdapter.call(Executors.java:511)
	at java.util.concurrent.FutureTask.run(FutureTask.java:266)
	at java.util.concurrent.ThreadPoolExecutor.runWorker(ThreadPoolExecutor.java:1149)
	at java.util.concurrent.ThreadPoolExecutor$Worker.run(ThreadPoolExecutor.java:624)
	... 1 more
Caused by: org.apache.ratis.thirdparty.io.netty.channel.AbstractChannel$AnnotatedConnectException: Connection refused: /192.168.157.194:39597
	at sun.nio.ch.SocketChannelImpl.checkConnect(Native Method)
	at sun.nio.ch.SocketChannelImpl.finishConnect(SocketChannelImpl.java:717)
	at org.apache.ratis.thirdparty.io.netty.channel.socket.nio.NioSocketChannel.doFinishConnect(NioSocketChannel.java:327)
	at org.apache.ratis.thirdparty.io.netty.channel.nio.AbstractNioChannel$AbstractNioUnsafe.finishConnect(AbstractNioChannel.java:340)
	at org.apache.ratis.thirdparty.io.netty.channel.nio.NioEventLoop.processSelectedKey(NioEventLoop.java:632)
	at org.apache.ratis.thirdparty.io.netty.channel.nio.NioEventLoop.processSelectedKeysOptimized(NioEventLoop.java:579)
	at org.apache.ratis.thirdparty.io.netty.channel.nio.NioEventLoop.processSelectedKeys(NioEventLoop.java:496)
	at org.apache.ratis.thirdparty.io.netty.channel.nio.NioEventLoop.run(NioEventLoop.java:458)
	at org.apache.ratis.thirdparty.io.netty.util.concurrent.SingleThreadEventExecutor$5.run(SingleThreadEventExecutor.java:897)
	at org.apache.ratis.thirdparty.io.netty.util.concurrent.FastThreadLocalRunnable.run(FastThreadLocalRunnable.java:30)
	... 1 more
Caused by: java.net.ConnectException: Connection refused
	... 11 more
2019-11-04 16:47:59,208 [d51bd7ac-8e91-4a16-849b-9fde6947cfce@group-B6DB3D3E12D0-LeaderElection3612] INFO  impl.LeaderElection (LeaderElection.java:logAndReturn(56)) - d51bd7ac-8e91-4a16-849b-9fde6947cfce@group-B6DB3D3E12D0-LeaderElection3612: Election REJECTED; received 0 response(s) [] and 2 exception(s); d51bd7ac-8e91-4a16-849b-9fde6947cfce@group-B6DB3D3E12D0:t4, leader=null, voted=d51bd7ac-8e91-4a16-849b-9fde6947cfce, raftlog=d51bd7ac-8e91-4a16-849b-9fde6947cfce@group-B6DB3D3E12D0-SegmentedRaftLog:OPENED:c12,f12,i12, conf=0: [851b12f9-bfd6-4752-97e2-7b87bdb6f05b:192.168.157.194:39597, d51bd7ac-8e91-4a16-849b-9fde6947cfce:192.168.157.194:38853, 1b28f8eb-8aa4-4d14-8ba1-b6ff2630fcd0:192.168.157.194:38874], old=null
2019-11-04 16:47:59,209 [d51bd7ac-8e91-4a16-849b-9fde6947cfce@group-B6DB3D3E12D0-LeaderElection3612] INFO  impl.LeaderElection (LogUtils.java:infoOrTrace(149)) -   Exception 0: {}
java.util.concurrent.ExecutionException: org.apache.ratis.thirdparty.io.grpc.StatusRuntimeException: UNAVAILABLE: io exception
	at java.util.concurrent.FutureTask.report(FutureTask.java:122)
	at java.util.concurrent.FutureTask.get(FutureTask.java:192)
	at org.apache.ratis.server.impl.LeaderElection.waitForResults(LeaderElection.java:259)
	at org.apache.ratis.server.impl.LeaderElection.askForVotes(LeaderElection.java:197)
	at org.apache.ratis.server.impl.LeaderElection.run(LeaderElection.java:133)
	at java.lang.Thread.run(Thread.java:748)
Caused by: org.apache.ratis.thirdparty.io.grpc.StatusRuntimeException: UNAVAILABLE: io exception
	at org.apache.ratis.thirdparty.io.grpc.stub.ClientCalls.toStatusRuntimeException(ClientCalls.java:233)
	at org.apache.ratis.thirdparty.io.grpc.stub.ClientCalls.getUnchecked(ClientCalls.java:214)
	at org.apache.ratis.thirdparty.io.grpc.stub.ClientCalls.blockingUnaryCall(ClientCalls.java:139)
	at org.apache.ratis.proto.grpc.RaftServerProtocolServiceGrpc$RaftServerProtocolServiceBlockingStub.requestVote(RaftServerProtocolServiceGrpc.java:265)
	at org.apache.ratis.grpc.server.GrpcServerProtocolClient.requestVote(GrpcServerProtocolClient.java:99)
	at org.apache.ratis.grpc.server.GrpcService.requestVote(GrpcService.java:204)
	at org.apache.ratis.server.impl.LeaderElection.lambda$submitRequests$1(LeaderElection.java:234)
	at java.util.concurrent.FutureTask.run(FutureTask.java:266)
	at java.util.concurrent.Executors$RunnableAdapter.call(Executors.java:511)
	at java.util.concurrent.FutureTask.run(FutureTask.java:266)
	at java.util.concurrent.ThreadPoolExecutor.runWorker(ThreadPoolExecutor.java:1149)
	at java.util.concurrent.ThreadPoolExecutor$Worker.run(ThreadPoolExecutor.java:624)
	... 1 more
Caused by: org.apache.ratis.thirdparty.io.netty.channel.AbstractChannel$AnnotatedConnectException: Connection refused: /192.168.157.194:38874
	at sun.nio.ch.SocketChannelImpl.checkConnect(Native Method)
	at sun.nio.ch.SocketChannelImpl.finishConnect(SocketChannelImpl.java:717)
	at org.apache.ratis.thirdparty.io.netty.channel.socket.nio.NioSocketChannel.doFinishConnect(NioSocketChannel.java:327)
	at org.apache.ratis.thirdparty.io.netty.channel.nio.AbstractNioChannel$AbstractNioUnsafe.finishConnect(AbstractNioChannel.java:340)
	at org.apache.ratis.thirdparty.io.netty.channel.nio.NioEventLoop.processSelectedKey(NioEventLoop.java:632)
	at org.apache.ratis.thirdparty.io.netty.channel.nio.NioEventLoop.processSelectedKeysOptimized(NioEventLoop.java:579)
	at org.apache.ratis.thirdparty.io.netty.channel.nio.NioEventLoop.processSelectedKeys(NioEventLoop.java:496)
	at org.apache.ratis.thirdparty.io.netty.channel.nio.NioEventLoop.run(NioEventLoop.java:458)
	at org.apache.ratis.thirdparty.io.netty.util.concurrent.SingleThreadEventExecutor$5.run(SingleThreadEventExecutor.java:897)
	at org.apache.ratis.thirdparty.io.netty.util.concurrent.FastThreadLocalRunnable.run(FastThreadLocalRunnable.java:30)
	... 1 more
Caused by: java.net.ConnectException: Connection refused
	... 11 more
2019-11-04 16:47:59,209 [d51bd7ac-8e91-4a16-849b-9fde6947cfce@group-B6DB3D3E12D0-LeaderElection3612] INFO  impl.LeaderElection (LogUtils.java:infoOrTrace(149)) -   Exception 1: {}
java.util.concurrent.ExecutionException: org.apache.ratis.thirdparty.io.grpc.StatusRuntimeException: UNAVAILABLE: io exception
	at java.util.concurrent.FutureTask.report(FutureTask.java:122)
	at java.util.concurrent.FutureTask.get(FutureTask.java:192)
	at org.apache.ratis.server.impl.LeaderElection.waitForResults(LeaderElection.java:259)
	at org.apache.ratis.server.impl.LeaderElection.askForVotes(LeaderElection.java:197)
	at org.apache.ratis.server.impl.LeaderElection.run(LeaderElection.java:133)
	at java.lang.Thread.run(Thread.java:748)
Caused by: org.apache.ratis.thirdparty.io.grpc.StatusRuntimeException: UNAVAILABLE: io exception
	at org.apache.ratis.thirdparty.io.grpc.stub.ClientCalls.toStatusRuntimeException(ClientCalls.java:233)
	at org.apache.ratis.thirdparty.io.grpc.stub.ClientCalls.getUnchecked(ClientCalls.java:214)
	at org.apache.ratis.thirdparty.io.grpc.stub.ClientCalls.blockingUnaryCall(ClientCalls.java:139)
	at org.apache.ratis.proto.grpc.RaftServerProtocolServiceGrpc$RaftServerProtocolServiceBlockingStub.requestVote(RaftServerProtocolServiceGrpc.java:265)
	at org.apache.ratis.grpc.server.GrpcServerProtocolClient.requestVote(GrpcServerProtocolClient.java:99)
	at org.apache.ratis.grpc.server.GrpcService.requestVote(GrpcService.java:204)
	at org.apache.ratis.server.impl.LeaderElection.lambda$submitRequests$1(LeaderElection.java:234)
	at java.util.concurrent.FutureTask.run(FutureTask.java:266)
	at java.util.concurrent.Executors$RunnableAdapter.call(Executors.java:511)
	at java.util.concurrent.FutureTask.run(FutureTask.java:266)
	at java.util.concurrent.ThreadPoolExecutor.runWorker(ThreadPoolExecutor.java:1149)
	at java.util.concurrent.ThreadPoolExecutor$Worker.run(ThreadPoolExecutor.java:624)
	... 1 more
Caused by: org.apache.ratis.thirdparty.io.netty.channel.AbstractChannel$AnnotatedConnectException: Connection refused: /192.168.157.194:39597
	at sun.nio.ch.SocketChannelImpl.checkConnect(Native Method)
	at sun.nio.ch.SocketChannelImpl.finishConnect(SocketChannelImpl.java:717)
	at org.apache.ratis.thirdparty.io.netty.channel.socket.nio.NioSocketChannel.doFinishConnect(NioSocketChannel.java:327)
	at org.apache.ratis.thirdparty.io.netty.channel.nio.AbstractNioChannel$AbstractNioUnsafe.finishConnect(AbstractNioChannel.java:340)
	at org.apache.ratis.thirdparty.io.netty.channel.nio.NioEventLoop.processSelectedKey(NioEventLoop.java:632)
	at org.apache.ratis.thirdparty.io.netty.channel.nio.NioEventLoop.processSelectedKeysOptimized(NioEventLoop.java:579)
	at org.apache.ratis.thirdparty.io.netty.channel.nio.NioEventLoop.processSelectedKeys(NioEventLoop.java:496)
	at org.apache.ratis.thirdparty.io.netty.channel.nio.NioEventLoop.run(NioEventLoop.java:458)
	at org.apache.ratis.thirdparty.io.netty.util.concurrent.SingleThreadEventExecutor$5.run(SingleThreadEventExecutor.java:897)
	at org.apache.ratis.thirdparty.io.netty.util.concurrent.FastThreadLocalRunnable.run(FastThreadLocalRunnable.java:30)
	... 1 more
Caused by: java.net.ConnectException: Connection refused
	... 11 more
2019-11-04 16:47:59,210 [d51bd7ac-8e91-4a16-849b-9fde6947cfce@group-B6DB3D3E12D0-LeaderElection3612] INFO  impl.RaftServerImpl (RaftServerImpl.java:setRole(184)) - d51bd7ac-8e91-4a16-849b-9fde6947cfce@group-B6DB3D3E12D0: changes role from CANDIDATE to FOLLOWER at term 4 for DISCOVERED_A_NEW_TERM
2019-11-04 16:47:59,210 [d51bd7ac-8e91-4a16-849b-9fde6947cfce@group-B6DB3D3E12D0-LeaderElection3612] INFO  impl.RoleInfo (RoleInfo.java:shutdownLeaderElection(134)) - d51bd7ac-8e91-4a16-849b-9fde6947cfce: shutdown LeaderElection
2019-11-04 16:47:59,210 [d51bd7ac-8e91-4a16-849b-9fde6947cfce@group-B6DB3D3E12D0-LeaderElection3612] INFO  impl.RoleInfo (RoleInfo.java:updateAndGet(143)) - d51bd7ac-8e91-4a16-849b-9fde6947cfce: start FollowerState
2019-11-04 16:48:00,037 [ForkJoinPool.commonPool-worker-1] INFO  ozoneimpl.OzoneContainer (OzoneContainer.java:stop(227)) - Attempting to stop container services.
2019-11-04 16:48:00,037 [ForkJoinPool.commonPool-worker-1] INFO  impl.RaftServerProxy (RaftServerProxy.java:lambda$close$4(314)) - d51bd7ac-8e91-4a16-849b-9fde6947cfce: close
2019-11-04 16:48:00,038 [ForkJoinPool.commonPool-worker-1] INFO  impl.RaftServerImpl (RaftServerImpl.java:lambda$shutdown$3(261)) - d51bd7ac-8e91-4a16-849b-9fde6947cfce@group-A79BF645CFD7: shutdown
2019-11-04 16:48:00,038 [ForkJoinPool.commonPool-worker-1] INFO  util.JmxRegister (JmxRegister.java:unregister(73)) - Successfully un-registered JMX Bean with object name Ratis:service=RaftServer,group=group-A79BF645CFD7,id=d51bd7ac-8e91-4a16-849b-9fde6947cfce
2019-11-04 16:48:00,038 [ForkJoinPool.commonPool-worker-1] INFO  impl.RoleInfo (RoleInfo.java:shutdownLeaderState(104)) - d51bd7ac-8e91-4a16-849b-9fde6947cfce: shutdown LeaderState
2019-11-04 16:48:00,038 [ForkJoinPool.commonPool-worker-1] INFO  impl.PendingRequests (PendingRequests.java:sendNotLeaderResponses(202)) - d51bd7ac-8e91-4a16-849b-9fde6947cfce@group-A79BF645CFD7-PendingRequests: sendNotLeaderResponses
2019-11-04 16:48:00,039 [ForkJoinPool.commonPool-worker-1] INFO  impl.StateMachineUpdater (StateMachineUpdater.java:stopAndJoin(136)) - d51bd7ac-8e91-4a16-849b-9fde6947cfce@group-A79BF645CFD7-StateMachineUpdater: set stopIndex = 0
2019-11-04 16:48:00,039 [ForkJoinPool.commonPool-worker-1] INFO  impl.RaftServerImpl (ServerState.java:close(388)) - d51bd7ac-8e91-4a16-849b-9fde6947cfce@group-A79BF645CFD7: closes. applyIndex: 0
2019-11-04 16:48:00,040 [d51bd7ac-8e91-4a16-849b-9fde6947cfce@group-A79BF645CFD7-SegmentedRaftLogWorker] INFO  segmented.SegmentedRaftLogWorker (SegmentedRaftLogWorker.java:run(316)) - d51bd7ac-8e91-4a16-849b-9fde6947cfce@group-A79BF645CFD7-SegmentedRaftLogWorker was interrupted, exiting. There are 0 tasks remaining in the queue.
2019-11-04 16:48:00,040 [ForkJoinPool.commonPool-worker-1] INFO  segmented.SegmentedRaftLogWorker (SegmentedRaftLogWorker.java:close(224)) - d51bd7ac-8e91-4a16-849b-9fde6947cfce@group-A79BF645CFD7-SegmentedRaftLogWorker close()
2019-11-04 16:48:00,040 [ForkJoinPool.commonPool-worker-1] INFO  impl.RaftServerImpl (RaftServerImpl.java:lambda$shutdown$3(261)) - d51bd7ac-8e91-4a16-849b-9fde6947cfce@group-B6DB3D3E12D0: shutdown
2019-11-04 16:48:00,040 [ForkJoinPool.commonPool-worker-1] INFO  util.JmxRegister (JmxRegister.java:unregister(73)) - Successfully un-registered JMX Bean with object name Ratis:service=RaftServer,group=group-B6DB3D3E12D0,id=d51bd7ac-8e91-4a16-849b-9fde6947cfce
2019-11-04 16:48:00,040 [ForkJoinPool.commonPool-worker-1] INFO  impl.RoleInfo (RoleInfo.java:shutdownFollowerState(121)) - d51bd7ac-8e91-4a16-849b-9fde6947cfce: shutdown FollowerState
2019-11-04 16:48:00,041 [ForkJoinPool.commonPool-worker-1] INFO  impl.StateMachineUpdater (StateMachineUpdater.java:stopAndJoin(136)) - d51bd7ac-8e91-4a16-849b-9fde6947cfce@group-B6DB3D3E12D0-StateMachineUpdater: set stopIndex = 12
2019-11-04 16:48:00,041 [Thread-25909] INFO  impl.FollowerState (FollowerState.java:run(117)) - d51bd7ac-8e91-4a16-849b-9fde6947cfce@group-B6DB3D3E12D0-FollowerState was interrupted: java.lang.InterruptedException: sleep interrupted
2019-11-04 16:48:00,041 [d51bd7ac-8e91-4a16-849b-9fde6947cfce@group-B6DB3D3E12D0-StateMachineUpdater] INFO  ratis.ContainerStateMachine (ContainerStateMachine.java:takeSnapshot(294)) - group-B6DB3D3E12D0: Taking a snapshot at:(t:1, i:8) file /workdir/hadoop-ozone/integration-test/target/test-dir/MiniOzoneClusterImpl-8e66254f-d6bc-40e7-ae2f-db5e1b2bb1f3/datanode-1/data/ratis/bf82653a-7068-46f7-9c84-b6db3d3e12d0/sm/snapshot.1_8
2019-11-04 16:48:00,055 [d51bd7ac-8e91-4a16-849b-9fde6947cfce@group-B6DB3D3E12D0-StateMachineUpdater] INFO  ratis.ContainerStateMachine (ContainerStateMachine.java:takeSnapshot(305)) - group-B6DB3D3E12D0: Finished taking a snapshot at:(t:1, i:8) file:/workdir/hadoop-ozone/integration-test/target/test-dir/MiniOzoneClusterImpl-8e66254f-d6bc-40e7-ae2f-db5e1b2bb1f3/datanode-1/data/ratis/bf82653a-7068-46f7-9c84-b6db3d3e12d0/sm/snapshot.1_8 time:15
2019-11-04 16:48:00,056 [d51bd7ac-8e91-4a16-849b-9fde6947cfce@group-B6DB3D3E12D0-StateMachineUpdater] INFO  impl.StateMachineUpdater (StateMachineUpdater.java:takeSnapshot(269)) - d51bd7ac-8e91-4a16-849b-9fde6947cfce@group-B6DB3D3E12D0-StateMachineUpdater: Took a snapshot at index 8
2019-11-04 16:48:00,056 [d51bd7ac-8e91-4a16-849b-9fde6947cfce@group-B6DB3D3E12D0-StateMachineUpdater] INFO  impl.StateMachineUpdater (StateMachineUpdater.java:lambda$new$0(84)) - d51bd7ac-8e91-4a16-849b-9fde6947cfce@group-B6DB3D3E12D0-StateMachineUpdater: snapshotIndex: updateIncreasingly -1 -> 8
2019-11-04 16:48:00,056 [d51bd7ac-8e91-4a16-849b-9fde6947cfce@group-B6DB3D3E12D0-StateMachineUpdater] INFO  ratis.ContainerStateMachine (ContainerStateMachine.java:takeSnapshot(294)) - group-B6DB3D3E12D0: Taking a snapshot at:(t:1, i:8) file /workdir/hadoop-ozone/integration-test/target/test-dir/MiniOzoneClusterImpl-8e66254f-d6bc-40e7-ae2f-db5e1b2bb1f3/datanode-1/data/ratis/bf82653a-7068-46f7-9c84-b6db3d3e12d0/sm/snapshot.1_8
2019-11-04 16:48:00,069 [d51bd7ac-8e91-4a16-849b-9fde6947cfce@group-B6DB3D3E12D0-StateMachineUpdater] INFO  ratis.ContainerStateMachine (ContainerStateMachine.java:takeSnapshot(305)) - group-B6DB3D3E12D0: Finished taking a snapshot at:(t:1, i:8) file:/workdir/hadoop-ozone/integration-test/target/test-dir/MiniOzoneClusterImpl-8e66254f-d6bc-40e7-ae2f-db5e1b2bb1f3/datanode-1/data/ratis/bf82653a-7068-46f7-9c84-b6db3d3e12d0/sm/snapshot.1_8 time:13
2019-11-04 16:48:00,069 [d51bd7ac-8e91-4a16-849b-9fde6947cfce@group-B6DB3D3E12D0-StateMachineUpdater] INFO  impl.StateMachineUpdater (StateMachineUpdater.java:takeSnapshot(269)) - d51bd7ac-8e91-4a16-849b-9fde6947cfce@group-B6DB3D3E12D0-StateMachineUpdater: Took a snapshot at index 8
2019-11-04 16:48:00,069 [d51bd7ac-8e91-4a16-849b-9fde6947cfce@group-B6DB3D3E12D0-StateMachineUpdater] INFO  impl.StateMachineUpdater (StateMachineUpdater.java:lambda$new$0(84)) - d51bd7ac-8e91-4a16-849b-9fde6947cfce@group-B6DB3D3E12D0-StateMachineUpdater: snapshotIndex: updateIncreasingly 8 -> 8
2019-11-04 16:48:00,070 [ForkJoinPool.commonPool-worker-1] INFO  impl.RaftServerImpl (ServerState.java:close(388)) - d51bd7ac-8e91-4a16-849b-9fde6947cfce@group-B6DB3D3E12D0: closes. applyIndex: 12
2019-11-04 16:48:00,070 [d51bd7ac-8e91-4a16-849b-9fde6947cfce@group-B6DB3D3E12D0-SegmentedRaftLogWorker] INFO  segmented.SegmentedRaftLogWorker (SegmentedRaftLogWorker.java:run(316)) - d51bd7ac-8e91-4a16-849b-9fde6947cfce@group-B6DB3D3E12D0-SegmentedRaftLogWorker was interrupted, exiting. There are 0 tasks remaining in the queue.
2019-11-04 16:48:00,070 [ForkJoinPool.commonPool-worker-1] INFO  segmented.SegmentedRaftLogWorker (SegmentedRaftLogWorker.java:close(224)) - d51bd7ac-8e91-4a16-849b-9fde6947cfce@group-B6DB3D3E12D0-SegmentedRaftLogWorker close()
2019-11-04 16:48:00,071 [ForkJoinPool.commonPool-worker-1] INFO  server.GrpcService (GrpcService.java:closeImpl(164)) - d51bd7ac-8e91-4a16-849b-9fde6947cfce: shutdown server with port 38853 now
2019-11-04 16:48:00,071 [ForkJoinPool.commonPool-worker-1] INFO  server.GrpcService (GrpcService.java:closeImpl(172)) - d51bd7ac-8e91-4a16-849b-9fde6947cfce: shutdown server with port 38853 successfully
2019-11-04 16:48:00,078 [refreshUsed-/workdir/hadoop-ozone/integration-test/target/test-dir/MiniOzoneClusterImpl-8e66254f-d6bc-40e7-ae2f-db5e1b2bb1f3/datanode-1/data/containers] WARN  fs.CachingGetSpaceUsed (CachingGetSpaceUsed.java:run(183)) - Thread Interrupted waiting to refresh disk information: sleep interrupted
2019-11-04 16:48:00,094 [ForkJoinPool.commonPool-worker-1] INFO  utils.BackgroundService (BackgroundService.java:shutdown(151)) - Shutting down service BlockDeletingService
2019-11-04 16:48:00,097 [ForkJoinPool.commonPool-worker-1] INFO  statemachine.DatanodeStateMachine (DatanodeStateMachine.java:stopDaemon(395)) - Ozone container server stopped.
2019-11-04 16:48:00,100 [ForkJoinPool.commonPool-worker-1] INFO  handler.ContextHandler (ContextHandler.java:doStop(910)) - Stopped o.e.j.w.WebAppContext@5ed0b4e3{/,null,UNAVAILABLE}{/hddsDatanode}
2019-11-04 16:48:00,101 [ForkJoinPool.commonPool-worker-1] INFO  server.AbstractConnector (AbstractConnector.java:doStop(318)) - Stopped ServerConnector@79ab97fd{HTTP/1.1,[http/1.1]}{0.0.0.0:0}
2019-11-04 16:48:00,103 [ForkJoinPool.commonPool-worker-1] INFO  handler.ContextHandler (ContextHandler.java:doStop(910)) - Stopped o.e.j.s.ServletContextHandler@74e497ae{/static,jar:file:/home/user/.m2/repository/org/apache/hadoop/hadoop-hdds-container-service/0.5.0-SNAPSHOT/hadoop-hdds-container-service-0.5.0-SNAPSHOT.jar!/webapps/static,UNAVAILABLE}
2019-11-04 16:48:00,105 [ForkJoinPool.commonPool-worker-1] INFO  handler.ContextHandler (ContextHandler.java:doStop(910)) - Stopped o.e.j.s.ServletContextHandler@3e03046d{/logs,file:///workdir/hadoop-ozone/integration-test/target/log,UNAVAILABLE}
2019-11-04 16:48:00,106 [main] INFO  ozone.MiniOzoneClusterImpl (MiniOzoneClusterImpl.java:stopSCM(392)) - Stopping the StorageContainerManager
2019-11-04 16:48:00,106 [main] INFO  server.StorageContainerManager (StorageContainerManager.java:stop(810)) - Stopping Replication Manager Service.
2019-11-04 16:48:00,106 [main] INFO  container.ReplicationManager (ReplicationManager.java:stop(203)) - Stopping Replication Monitor Thread.
2019-11-04 16:48:00,107 [main] INFO  server.StorageContainerManager (StorageContainerManager.java:stop(817)) - Stopping Lease Manager of the command watchers
2019-11-04 16:48:00,107 [main] INFO  server.StorageContainerManager (StorageContainerManager.java:stop(824)) - Stopping datanode service RPC server
2019-11-04 16:48:00,107 [main] INFO  server.SCMDatanodeProtocolServer (SCMDatanodeProtocolServer.java:stop(346)) - Stopping the RPC server for DataNodes
2019-11-04 16:48:00,107 [main] INFO  ipc.Server (Server.java:stop(3082)) - Stopping server on 43667
2019-11-04 16:48:00,110 [IPC Server listener on 43667] INFO  ipc.Server (Server.java:run(1185)) - Stopping IPC Server listener on 43667
2019-11-04 16:48:00,111 [IPC Server Responder] INFO  ipc.Server (Server.java:run(1319)) - Stopping IPC Server Responder
2019-11-04 16:48:00,120 [SCM Heartbeat Processing Thread - 0] WARN  node.NodeStateManager (NodeStateManager.java:scheduleNextHealthCheck(646)) - Current Thread is interrupted, shutting down HB processing thread for Node Manager.
2019-11-04 16:48:00,120 [main] INFO  server.StorageContainerManager (StorageContainerManager.java:stop(832)) - Stopping block service RPC server
2019-11-04 16:48:00,121 [main] INFO  server.SCMBlockProtocolServer (SCMBlockProtocolServer.java:stop(155)) - Stopping the RPC server for Block Protocol
2019-11-04 16:48:00,121 [main] INFO  ipc.Server (Server.java:stop(3082)) - Stopping server on 35917
2019-11-04 16:48:00,123 [IPC Server listener on 35917] INFO  ipc.Server (Server.java:run(1185)) - Stopping IPC Server listener on 35917
2019-11-04 16:48:00,123 [main] INFO  server.StorageContainerManager (StorageContainerManager.java:stop(839)) - Stopping the StorageContainerLocationProtocol RPC server
2019-11-04 16:48:00,124 [IPC Server Responder] INFO  ipc.Server (Server.java:run(1319)) - Stopping IPC Server Responder
2019-11-04 16:48:00,124 [main] INFO  server.SCMClientProtocolServer (SCMClientProtocolServer.java:stop(168)) - Stopping the RPC server for Client Protocol
2019-11-04 16:48:00,124 [main] INFO  ipc.Server (Server.java:stop(3082)) - Stopping server on 41649
2019-11-04 16:48:00,126 [IPC Server listener on 41649] INFO  ipc.Server (Server.java:run(1185)) - Stopping IPC Server listener on 41649
2019-11-04 16:48:00,126 [main] INFO  server.StorageContainerManager (StorageContainerManager.java:stop(846)) - Stopping Storage Container Manager HTTP server.
2019-11-04 16:48:00,127 [IPC Server Responder] INFO  ipc.Server (Server.java:run(1319)) - Stopping IPC Server Responder
2019-11-04 16:48:00,128 [main] INFO  handler.ContextHandler (ContextHandler.java:doStop(910)) - Stopped o.e.j.w.WebAppContext@2c7c0e36{/,null,UNAVAILABLE}{/scm}
2019-11-04 16:48:00,129 [main] INFO  server.AbstractConnector (AbstractConnector.java:doStop(318)) - Stopped ServerConnector@307cf964{HTTP/1.1,[http/1.1]}{0.0.0.0:0}
2019-11-04 16:48:00,129 [main] INFO  handler.ContextHandler (ContextHandler.java:doStop(910)) - Stopped o.e.j.s.ServletContextHandler@629075f4{/static,file:///workdir/hadoop-ozone/integration-test/target/test-classes/webapps/static,UNAVAILABLE}
2019-11-04 16:48:00,129 [main] INFO  handler.ContextHandler (ContextHandler.java:doStop(910)) - Stopped o.e.j.s.ServletContextHandler@1c84d80a{/logs,file:///workdir/hadoop-ozone/integration-test/target/log,UNAVAILABLE}
2019-11-04 16:48:00,130 [main] INFO  server.StorageContainerManager (StorageContainerManager.java:stop(857)) - Stopping Block Manager Service.
2019-11-04 16:48:00,130 [main] INFO  utils.BackgroundService (BackgroundService.java:shutdown(151)) - Shutting down service SCMBlockDeletingService
2019-11-04 16:48:00,131 [main] INFO  utils.BackgroundService (BackgroundService.java:shutdown(151)) - Shutting down service SCMBlockDeletingService
2019-11-04 16:48:00,131 [main] INFO  server.StorageContainerManager (StorageContainerManager.java:stop(879)) - Stopping SCM Event Queue.
2019-11-04 16:48:00,137 [main] INFO  impl.MetricsSystemImpl (MetricsSystemImpl.java:stop(210)) - Stopping HddsDatanode metrics system...
2019-11-04 16:48:00,170 [main] INFO  impl.MetricsSystemImpl (MetricsSystemImpl.java:stop(216)) - HddsDatanode metrics system stopped.
]]></system-out>
    <system-err><![CDATA[Nov 04, 2019 4:47:18 PM org.apache.ratis.thirdparty.io.grpc.internal.ManagedChannelOrphanWrapper$ManagedChannelReference cleanQueue
SEVERE: *~*~*~ Channel ManagedChannelImpl{logId=1785, target=192.168.157.194:43478} was not shutdown properly!!! ~*~*~*
    Make sure to call shutdown()/shutdownNow() and wait until awaitTermination() returns true.
java.lang.RuntimeException: ManagedChannel allocation site
	at org.apache.ratis.thirdparty.io.grpc.internal.ManagedChannelOrphanWrapper$ManagedChannelReference.<init>(ManagedChannelOrphanWrapper.java:103)
	at org.apache.ratis.thirdparty.io.grpc.internal.ManagedChannelOrphanWrapper.<init>(ManagedChannelOrphanWrapper.java:53)
	at org.apache.ratis.thirdparty.io.grpc.internal.ManagedChannelOrphanWrapper.<init>(ManagedChannelOrphanWrapper.java:44)
	at org.apache.ratis.thirdparty.io.grpc.internal.AbstractManagedChannelImplBuilder.build(AbstractManagedChannelImplBuilder.java:411)
	at org.apache.hadoop.hdds.scm.XceiverClientGrpc.connectToDatanode(XceiverClientGrpc.java:183)
	at org.apache.hadoop.hdds.scm.XceiverClientGrpc.reconnect(XceiverClientGrpc.java:434)
	at org.apache.hadoop.hdds.scm.XceiverClientGrpc.sendCommandAsync(XceiverClientGrpc.java:382)
	at org.apache.hadoop.hdds.scm.XceiverClientGrpc.sendCommandWithRetry(XceiverClientGrpc.java:295)
	at org.apache.hadoop.hdds.scm.XceiverClientGrpc.sendCommandWithTraceIDAndRetry(XceiverClientGrpc.java:259)
	at org.apache.hadoop.hdds.scm.XceiverClientGrpc.sendCommand(XceiverClientGrpc.java:242)
	at org.apache.hadoop.hdds.scm.storage.ContainerProtocolCalls.getBlock(ContainerProtocolCalls.java:118)
	at org.apache.hadoop.hdds.scm.storage.BlockInputStream.getChunkInfos(BlockInputStream.java:169)
	at org.apache.hadoop.hdds.scm.storage.BlockInputStream.initialize(BlockInputStream.java:118)
	at org.apache.hadoop.hdds.scm.storage.BlockInputStream.read(BlockInputStream.java:224)
	at org.apache.hadoop.ozone.client.io.KeyInputStream.read(KeyInputStream.java:173)
	at org.apache.hadoop.ozone.client.io.OzoneInputStream.read(OzoneInputStream.java:47)
	at java.io.InputStream.read(InputStream.java:101)
	at org.apache.hadoop.ozone.container.ContainerTestHelper.validateData(ContainerTestHelper.java:730)
	at org.apache.hadoop.ozone.client.rpc.TestFailureHandlingByClient.validateData(TestFailureHandlingByClient.java:413)
	at org.apache.hadoop.ozone.client.rpc.TestFailureHandlingByClient.testBlockWritesWithDnFailures(TestFailureHandlingByClient.java:172)
	at sun.reflect.NativeMethodAccessorImpl.invoke0(Native Method)
	at sun.reflect.NativeMethodAccessorImpl.invoke(NativeMethodAccessorImpl.java:62)
	at sun.reflect.DelegatingMethodAccessorImpl.invoke(DelegatingMethodAccessorImpl.java:43)
	at java.lang.reflect.Method.invoke(Method.java:498)
	at org.junit.runners.model.FrameworkMethod$1.runReflectiveCall(FrameworkMethod.java:47)
	at org.junit.internal.runners.model.ReflectiveCallable.run(ReflectiveCallable.java:12)
	at org.junit.runners.model.FrameworkMethod.invokeExplosively(FrameworkMethod.java:44)
	at org.junit.internal.runners.statements.InvokeMethod.evaluate(InvokeMethod.java:17)
	at org.junit.internal.runners.statements.RunAfters.evaluate(RunAfters.java:27)
	at org.junit.runners.ParentRunner.runLeaf(ParentRunner.java:271)
	at org.junit.runners.BlockJUnit4ClassRunner.runChild(BlockJUnit4ClassRunner.java:70)
	at org.junit.runners.BlockJUnit4ClassRunner.runChild(BlockJUnit4ClassRunner.java:50)
	at org.junit.runners.ParentRunner$3.run(ParentRunner.java:238)
	at org.junit.runners.ParentRunner$1.schedule(ParentRunner.java:63)
	at org.junit.runners.ParentRunner.runChildren(ParentRunner.java:236)
	at org.junit.runners.ParentRunner.access$000(ParentRunner.java:53)
	at org.junit.runners.ParentRunner$2.evaluate(ParentRunner.java:229)
	at org.junit.runners.ParentRunner.run(ParentRunner.java:309)
	at org.apache.maven.surefire.junit4.JUnit4Provider.execute(JUnit4Provider.java:365)
	at org.apache.maven.surefire.junit4.JUnit4Provider.executeWithRerun(JUnit4Provider.java:273)
	at org.apache.maven.surefire.junit4.JUnit4Provider.executeTestSet(JUnit4Provider.java:238)
	at org.apache.maven.surefire.junit4.JUnit4Provider.invoke(JUnit4Provider.java:159)
	at org.apache.maven.surefire.booter.ForkedBooter.invokeProviderInSameClassLoader(ForkedBooter.java:384)
	at org.apache.maven.surefire.booter.ForkedBooter.runSuitesInProcess(ForkedBooter.java:345)
	at org.apache.maven.surefire.booter.ForkedBooter.execute(ForkedBooter.java:126)
	at org.apache.maven.surefire.booter.ForkedBooter.main(ForkedBooter.java:418)

Nov 04, 2019 4:47:18 PM org.apache.ratis.thirdparty.io.grpc.internal.ManagedChannelOrphanWrapper$ManagedChannelReference cleanQueue
SEVERE: *~*~*~ Channel ManagedChannelImpl{logId=1766, target=192.168.157.194:37992} was not shutdown properly!!! ~*~*~*
    Make sure to call shutdown()/shutdownNow() and wait until awaitTermination() returns true.
java.lang.RuntimeException: ManagedChannel allocation site
	at org.apache.ratis.thirdparty.io.grpc.internal.ManagedChannelOrphanWrapper$ManagedChannelReference.<init>(ManagedChannelOrphanWrapper.java:103)
	at org.apache.ratis.thirdparty.io.grpc.internal.ManagedChannelOrphanWrapper.<init>(ManagedChannelOrphanWrapper.java:53)
	at org.apache.ratis.thirdparty.io.grpc.internal.ManagedChannelOrphanWrapper.<init>(ManagedChannelOrphanWrapper.java:44)
	at org.apache.ratis.thirdparty.io.grpc.internal.AbstractManagedChannelImplBuilder.build(AbstractManagedChannelImplBuilder.java:411)
	at org.apache.ratis.grpc.client.GrpcClientProtocolClient.<init>(GrpcClientProtocolClient.java:128)
	at org.apache.ratis.grpc.client.GrpcClientRpc.lambda$new$0(GrpcClientRpc.java:55)
	at org.apache.ratis.util.PeerProxyMap$PeerAndProxy.lambda$getProxy$0(PeerProxyMap.java:61)
	at org.apache.ratis.util.LifeCycle.startAndTransition(LifeCycle.java:202)
	at org.apache.ratis.util.PeerProxyMap$PeerAndProxy.getProxy(PeerProxyMap.java:60)
	at org.apache.ratis.util.PeerProxyMap.getProxy(PeerProxyMap.java:108)
	at org.apache.ratis.grpc.client.GrpcClientRpc.sendRequestAsync(GrpcClientRpc.java:66)
	at org.apache.ratis.client.impl.OrderedAsync.sendRequest(OrderedAsync.java:208)
	at org.apache.ratis.client.impl.OrderedAsync.sendRequestWithRetry(OrderedAsync.java:169)
	at org.apache.ratis.util.SlidingWindow$Client.sendOrDelayRequest(SlidingWindow.java:278)
	at org.apache.ratis.util.SlidingWindow$Client.retry(SlidingWindow.java:294)
	at org.apache.ratis.client.impl.OrderedAsync.lambda$scheduleWithTimeout$7(OrderedAsync.java:195)
	at org.apache.ratis.util.TimeoutScheduler.lambda$onTimeout$0(TimeoutScheduler.java:113)
	at org.apache.ratis.util.TimeoutScheduler.lambda$onTimeout$1(TimeoutScheduler.java:133)
	at org.apache.ratis.util.LogUtils.runAndLog(LogUtils.java:50)
	at org.apache.ratis.util.LogUtils$1.run(LogUtils.java:91)
	at java.util.concurrent.Executors$RunnableAdapter.call(Executors.java:511)
	at java.util.concurrent.FutureTask.run(FutureTask.java:266)
	at java.util.concurrent.ScheduledThreadPoolExecutor$ScheduledFutureTask.access$201(ScheduledThreadPoolExecutor.java:180)
	at java.util.concurrent.ScheduledThreadPoolExecutor$ScheduledFutureTask.run(ScheduledThreadPoolExecutor.java:293)
	at java.util.concurrent.ThreadPoolExecutor.runWorker(ThreadPoolExecutor.java:1149)
	at java.util.concurrent.ThreadPoolExecutor$Worker.run(ThreadPoolExecutor.java:624)
	at java.lang.Thread.run(Thread.java:748)

Nov 04, 2019 4:47:18 PM org.apache.ratis.thirdparty.io.grpc.internal.ManagedChannelOrphanWrapper$ManagedChannelReference cleanQueue
SEVERE: *~*~*~ Channel ManagedChannelImpl{logId=1776, target=192.168.157.194:42422} was not shutdown properly!!! ~*~*~*
    Make sure to call shutdown()/shutdownNow() and wait until awaitTermination() returns true.
java.lang.RuntimeException: ManagedChannel allocation site
	at org.apache.ratis.thirdparty.io.grpc.internal.ManagedChannelOrphanWrapper$ManagedChannelReference.<init>(ManagedChannelOrphanWrapper.java:103)
	at org.apache.ratis.thirdparty.io.grpc.internal.ManagedChannelOrphanWrapper.<init>(ManagedChannelOrphanWrapper.java:53)
	at org.apache.ratis.thirdparty.io.grpc.internal.ManagedChannelOrphanWrapper.<init>(ManagedChannelOrphanWrapper.java:44)
	at org.apache.ratis.thirdparty.io.grpc.internal.AbstractManagedChannelImplBuilder.build(AbstractManagedChannelImplBuilder.java:411)
	at org.apache.ratis.grpc.client.GrpcClientProtocolClient.<init>(GrpcClientProtocolClient.java:128)
	at org.apache.ratis.grpc.client.GrpcClientRpc.lambda$new$0(GrpcClientRpc.java:55)
	at org.apache.ratis.util.PeerProxyMap$PeerAndProxy.lambda$getProxy$0(PeerProxyMap.java:61)
	at org.apache.ratis.util.LifeCycle.startAndTransition(LifeCycle.java:202)
	at org.apache.ratis.util.PeerProxyMap$PeerAndProxy.getProxy(PeerProxyMap.java:60)
	at org.apache.ratis.util.PeerProxyMap.getProxy(PeerProxyMap.java:108)
	at org.apache.ratis.grpc.client.GrpcClientRpc.sendRequestAsync(GrpcClientRpc.java:66)
	at org.apache.ratis.client.impl.OrderedAsync.sendRequest(OrderedAsync.java:208)
	at org.apache.ratis.client.impl.OrderedAsync.sendRequestWithRetry(OrderedAsync.java:169)
	at org.apache.ratis.util.SlidingWindow$Client.sendOrDelayRequest(SlidingWindow.java:278)
	at org.apache.ratis.util.SlidingWindow$Client.retry(SlidingWindow.java:294)
	at org.apache.ratis.client.impl.OrderedAsync.lambda$scheduleWithTimeout$7(OrderedAsync.java:195)
	at org.apache.ratis.util.TimeoutScheduler.lambda$onTimeout$0(TimeoutScheduler.java:113)
	at org.apache.ratis.util.TimeoutScheduler.lambda$onTimeout$1(TimeoutScheduler.java:133)
	at org.apache.ratis.util.LogUtils.runAndLog(LogUtils.java:50)
	at org.apache.ratis.util.LogUtils$1.run(LogUtils.java:91)
	at java.util.concurrent.Executors$RunnableAdapter.call(Executors.java:511)
	at java.util.concurrent.FutureTask.run(FutureTask.java:266)
	at java.util.concurrent.ScheduledThreadPoolExecutor$ScheduledFutureTask.access$201(ScheduledThreadPoolExecutor.java:180)
	at java.util.concurrent.ScheduledThreadPoolExecutor$ScheduledFutureTask.run(ScheduledThreadPoolExecutor.java:293)
	at java.util.concurrent.ThreadPoolExecutor.runWorker(ThreadPoolExecutor.java:1149)
	at java.util.concurrent.ThreadPoolExecutor$Worker.run(ThreadPoolExecutor.java:624)
	at java.lang.Thread.run(Thread.java:748)

Nov 04, 2019 4:47:18 PM org.apache.ratis.thirdparty.io.grpc.internal.ManagedChannelOrphanWrapper$ManagedChannelReference cleanQueue
SEVERE: *~*~*~ Channel ManagedChannelImpl{logId=1794, target=192.168.157.194:46480} was not shutdown properly!!! ~*~*~*
    Make sure to call shutdown()/shutdownNow() and wait until awaitTermination() returns true.
java.lang.RuntimeException: ManagedChannel allocation site
	at org.apache.ratis.thirdparty.io.grpc.internal.ManagedChannelOrphanWrapper$ManagedChannelReference.<init>(ManagedChannelOrphanWrapper.java:103)
	at org.apache.ratis.thirdparty.io.grpc.internal.ManagedChannelOrphanWrapper.<init>(ManagedChannelOrphanWrapper.java:53)
	at org.apache.ratis.thirdparty.io.grpc.internal.ManagedChannelOrphanWrapper.<init>(ManagedChannelOrphanWrapper.java:44)
	at org.apache.ratis.thirdparty.io.grpc.internal.AbstractManagedChannelImplBuilder.build(AbstractManagedChannelImplBuilder.java:411)
	at org.apache.hadoop.hdds.scm.XceiverClientGrpc.connectToDatanode(XceiverClientGrpc.java:183)
	at org.apache.hadoop.hdds.scm.XceiverClientGrpc.reconnect(XceiverClientGrpc.java:434)
	at org.apache.hadoop.hdds.scm.XceiverClientGrpc.sendCommandAsync(XceiverClientGrpc.java:382)
	at org.apache.hadoop.hdds.scm.XceiverClientGrpc.sendCommandWithRetry(XceiverClientGrpc.java:295)
	at org.apache.hadoop.hdds.scm.XceiverClientGrpc.sendCommandWithTraceIDAndRetry(XceiverClientGrpc.java:259)
	at org.apache.hadoop.hdds.scm.XceiverClientGrpc.sendCommand(XceiverClientGrpc.java:242)
	at org.apache.hadoop.hdds.scm.storage.ContainerProtocolCalls.getBlock(ContainerProtocolCalls.java:118)
	at org.apache.hadoop.hdds.scm.storage.BlockInputStream.getChunkInfos(BlockInputStream.java:169)
	at org.apache.hadoop.hdds.scm.storage.BlockInputStream.initialize(BlockInputStream.java:118)
	at org.apache.hadoop.hdds.scm.storage.BlockInputStream.read(BlockInputStream.java:224)
	at org.apache.hadoop.ozone.client.io.KeyInputStream.read(KeyInputStream.java:173)
	at org.apache.hadoop.ozone.client.io.OzoneInputStream.read(OzoneInputStream.java:47)
	at java.io.InputStream.read(InputStream.java:101)
	at org.apache.hadoop.ozone.container.ContainerTestHelper.validateData(ContainerTestHelper.java:730)
	at org.apache.hadoop.ozone.client.rpc.TestFailureHandlingByClient.validateData(TestFailureHandlingByClient.java:413)
	at org.apache.hadoop.ozone.client.rpc.TestFailureHandlingByClient.testBlockWritesWithDnFailures(TestFailureHandlingByClient.java:172)
	at sun.reflect.NativeMethodAccessorImpl.invoke0(Native Method)
	at sun.reflect.NativeMethodAccessorImpl.invoke(NativeMethodAccessorImpl.java:62)
	at sun.reflect.DelegatingMethodAccessorImpl.invoke(DelegatingMethodAccessorImpl.java:43)
	at java.lang.reflect.Method.invoke(Method.java:498)
	at org.junit.runners.model.FrameworkMethod$1.runReflectiveCall(FrameworkMethod.java:47)
	at org.junit.internal.runners.model.ReflectiveCallable.run(ReflectiveCallable.java:12)
	at org.junit.runners.model.FrameworkMethod.invokeExplosively(FrameworkMethod.java:44)
	at org.junit.internal.runners.statements.InvokeMethod.evaluate(InvokeMethod.java:17)
	at org.junit.internal.runners.statements.RunAfters.evaluate(RunAfters.java:27)
	at org.junit.runners.ParentRunner.runLeaf(ParentRunner.java:271)
	at org.junit.runners.BlockJUnit4ClassRunner.runChild(BlockJUnit4ClassRunner.java:70)
	at org.junit.runners.BlockJUnit4ClassRunner.runChild(BlockJUnit4ClassRunner.java:50)
	at org.junit.runners.ParentRunner$3.run(ParentRunner.java:238)
	at org.junit.runners.ParentRunner$1.schedule(ParentRunner.java:63)
	at org.junit.runners.ParentRunner.runChildren(ParentRunner.java:236)
	at org.junit.runners.ParentRunner.access$000(ParentRunner.java:53)
	at org.junit.runners.ParentRunner$2.evaluate(ParentRunner.java:229)
	at org.junit.runners.ParentRunner.run(ParentRunner.java:309)
	at org.apache.maven.surefire.junit4.JUnit4Provider.execute(JUnit4Provider.java:365)
	at org.apache.maven.surefire.junit4.JUnit4Provider.executeWithRerun(JUnit4Provider.java:273)
	at org.apache.maven.surefire.junit4.JUnit4Provider.executeTestSet(JUnit4Provider.java:238)
	at org.apache.maven.surefire.junit4.JUnit4Provider.invoke(JUnit4Provider.java:159)
	at org.apache.maven.surefire.booter.ForkedBooter.invokeProviderInSameClassLoader(ForkedBooter.java:384)
	at org.apache.maven.surefire.booter.ForkedBooter.runSuitesInProcess(ForkedBooter.java:345)
	at org.apache.maven.surefire.booter.ForkedBooter.execute(ForkedBooter.java:126)
	at org.apache.maven.surefire.booter.ForkedBooter.main(ForkedBooter.java:418)

Nov 04, 2019 4:47:18 PM org.apache.ratis.thirdparty.io.grpc.internal.ManagedChannelOrphanWrapper$ManagedChannelReference cleanQueue
SEVERE: *~*~*~ Channel ManagedChannelImpl{logId=1799, target=192.168.157.194:38214} was not shutdown properly!!! ~*~*~*
    Make sure to call shutdown()/shutdownNow() and wait until awaitTermination() returns true.
java.lang.RuntimeException: ManagedChannel allocation site
	at org.apache.ratis.thirdparty.io.grpc.internal.ManagedChannelOrphanWrapper$ManagedChannelReference.<init>(ManagedChannelOrphanWrapper.java:103)
	at org.apache.ratis.thirdparty.io.grpc.internal.ManagedChannelOrphanWrapper.<init>(ManagedChannelOrphanWrapper.java:53)
	at org.apache.ratis.thirdparty.io.grpc.internal.ManagedChannelOrphanWrapper.<init>(ManagedChannelOrphanWrapper.java:44)
	at org.apache.ratis.thirdparty.io.grpc.internal.AbstractManagedChannelImplBuilder.build(AbstractManagedChannelImplBuilder.java:411)
	at org.apache.hadoop.hdds.scm.XceiverClientGrpc.connectToDatanode(XceiverClientGrpc.java:183)
	at org.apache.hadoop.hdds.scm.XceiverClientGrpc.reconnect(XceiverClientGrpc.java:434)
	at org.apache.hadoop.hdds.scm.XceiverClientGrpc.sendCommandAsync(XceiverClientGrpc.java:382)
	at org.apache.hadoop.hdds.scm.XceiverClientGrpc.sendCommandWithRetry(XceiverClientGrpc.java:295)
	at org.apache.hadoop.hdds.scm.XceiverClientGrpc.sendCommandWithTraceIDAndRetry(XceiverClientGrpc.java:259)
	at org.apache.hadoop.hdds.scm.XceiverClientGrpc.sendCommand(XceiverClientGrpc.java:242)
	at org.apache.hadoop.hdds.scm.storage.ContainerProtocolCalls.readChunk(ContainerProtocolCalls.java:245)
	at org.apache.hadoop.hdds.scm.storage.ChunkInputStream.readChunk(ChunkInputStream.java:335)
	at org.apache.hadoop.hdds.scm.storage.ChunkInputStream.readChunkFromContainer(ChunkInputStream.java:307)
	at org.apache.hadoop.hdds.scm.storage.ChunkInputStream.prepareRead(ChunkInputStream.java:259)
	at org.apache.hadoop.hdds.scm.storage.ChunkInputStream.read(ChunkInputStream.java:144)
	at org.apache.hadoop.hdds.scm.storage.BlockInputStream.read(BlockInputStream.java:241)
	at org.apache.hadoop.ozone.client.io.KeyInputStream.read(KeyInputStream.java:173)
	at org.apache.hadoop.ozone.client.io.OzoneInputStream.read(OzoneInputStream.java:47)
	at java.io.InputStream.read(InputStream.java:101)
	at org.apache.hadoop.ozone.container.ContainerTestHelper.validateData(ContainerTestHelper.java:730)
	at org.apache.hadoop.ozone.client.rpc.TestFailureHandlingByClient.validateData(TestFailureHandlingByClient.java:413)
	at org.apache.hadoop.ozone.client.rpc.TestFailureHandlingByClient.testBlockWritesWithDnFailures(TestFailureHandlingByClient.java:172)
	at sun.reflect.NativeMethodAccessorImpl.invoke0(Native Method)
	at sun.reflect.NativeMethodAccessorImpl.invoke(NativeMethodAccessorImpl.java:62)
	at sun.reflect.DelegatingMethodAccessorImpl.invoke(DelegatingMethodAccessorImpl.java:43)
	at java.lang.reflect.Method.invoke(Method.java:498)
	at org.junit.runners.model.FrameworkMethod$1.runReflectiveCall(FrameworkMethod.java:47)
	at org.junit.internal.runners.model.ReflectiveCallable.run(ReflectiveCallable.java:12)
	at org.junit.runners.model.FrameworkMethod.invokeExplosively(FrameworkMethod.java:44)
	at org.junit.internal.runners.statements.InvokeMethod.evaluate(InvokeMethod.java:17)
	at org.junit.internal.runners.statements.RunAfters.evaluate(RunAfters.java:27)
	at org.junit.runners.ParentRunner.runLeaf(ParentRunner.java:271)
	at org.junit.runners.BlockJUnit4ClassRunner.runChild(BlockJUnit4ClassRunner.java:70)
	at org.junit.runners.BlockJUnit4ClassRunner.runChild(BlockJUnit4ClassRunner.java:50)
	at org.junit.runners.ParentRunner$3.run(ParentRunner.java:238)
	at org.junit.runners.ParentRunner$1.schedule(ParentRunner.java:63)
	at org.junit.runners.ParentRunner.runChildren(ParentRunner.java:236)
	at org.junit.runners.ParentRunner.access$000(ParentRunner.java:53)
	at org.junit.runners.ParentRunner$2.evaluate(ParentRunner.java:229)
	at org.junit.runners.ParentRunner.run(ParentRunner.java:309)
	at org.apache.maven.surefire.junit4.JUnit4Provider.execute(JUnit4Provider.java:365)
	at org.apache.maven.surefire.junit4.JUnit4Provider.executeWithRerun(JUnit4Provider.java:273)
	at org.apache.maven.surefire.junit4.JUnit4Provider.executeTestSet(JUnit4Provider.java:238)
	at org.apache.maven.surefire.junit4.JUnit4Provider.invoke(JUnit4Provider.java:159)
	at org.apache.maven.surefire.booter.ForkedBooter.invokeProviderInSameClassLoader(ForkedBooter.java:384)
	at org.apache.maven.surefire.booter.ForkedBooter.runSuitesInProcess(ForkedBooter.java:345)
	at org.apache.maven.surefire.booter.ForkedBooter.execute(ForkedBooter.java:126)
	at org.apache.maven.surefire.booter.ForkedBooter.main(ForkedBooter.java:418)

Nov 04, 2019 4:47:18 PM org.apache.ratis.thirdparty.io.grpc.internal.ManagedChannelOrphanWrapper$ManagedChannelReference cleanQueue
SEVERE: *~*~*~ Channel ManagedChannelImpl{logId=1781, target=192.168.157.194:36967} was not shutdown properly!!! ~*~*~*
    Make sure to call shutdown()/shutdownNow() and wait until awaitTermination() returns true.
java.lang.RuntimeException: ManagedChannel allocation site
	at org.apache.ratis.thirdparty.io.grpc.internal.ManagedChannelOrphanWrapper$ManagedChannelReference.<init>(ManagedChannelOrphanWrapper.java:103)
	at org.apache.ratis.thirdparty.io.grpc.internal.ManagedChannelOrphanWrapper.<init>(ManagedChannelOrphanWrapper.java:53)
	at org.apache.ratis.thirdparty.io.grpc.internal.ManagedChannelOrphanWrapper.<init>(ManagedChannelOrphanWrapper.java:44)
	at org.apache.ratis.thirdparty.io.grpc.internal.AbstractManagedChannelImplBuilder.build(AbstractManagedChannelImplBuilder.java:411)
	at org.apache.hadoop.hdds.scm.XceiverClientGrpc.connectToDatanode(XceiverClientGrpc.java:183)
	at org.apache.hadoop.hdds.scm.XceiverClientGrpc.reconnect(XceiverClientGrpc.java:434)
	at org.apache.hadoop.hdds.scm.XceiverClientGrpc.sendCommandAsync(XceiverClientGrpc.java:382)
	at org.apache.hadoop.hdds.scm.XceiverClientGrpc.sendCommandWithRetry(XceiverClientGrpc.java:295)
	at org.apache.hadoop.hdds.scm.XceiverClientGrpc.sendCommandWithTraceIDAndRetry(XceiverClientGrpc.java:259)
	at org.apache.hadoop.hdds.scm.XceiverClientGrpc.sendCommand(XceiverClientGrpc.java:242)
	at org.apache.hadoop.hdds.scm.storage.ContainerProtocolCalls.getBlock(ContainerProtocolCalls.java:118)
	at org.apache.hadoop.hdds.scm.storage.BlockInputStream.getChunkInfos(BlockInputStream.java:169)
	at org.apache.hadoop.hdds.scm.storage.BlockInputStream.initialize(BlockInputStream.java:118)
	at org.apache.hadoop.hdds.scm.storage.BlockInputStream.read(BlockInputStream.java:224)
	at org.apache.hadoop.ozone.client.io.KeyInputStream.read(KeyInputStream.java:173)
	at org.apache.hadoop.ozone.client.io.OzoneInputStream.read(OzoneInputStream.java:47)
	at java.io.InputStream.read(InputStream.java:101)
	at org.apache.hadoop.ozone.container.ContainerTestHelper.validateData(ContainerTestHelper.java:730)
	at org.apache.hadoop.ozone.client.rpc.TestFailureHandlingByClient.validateData(TestFailureHandlingByClient.java:413)
	at org.apache.hadoop.ozone.client.rpc.TestFailureHandlingByClient.testBlockWritesWithDnFailures(TestFailureHandlingByClient.java:172)
	at sun.reflect.NativeMethodAccessorImpl.invoke0(Native Method)
	at sun.reflect.NativeMethodAccessorImpl.invoke(NativeMethodAccessorImpl.java:62)
	at sun.reflect.DelegatingMethodAccessorImpl.invoke(DelegatingMethodAccessorImpl.java:43)
	at java.lang.reflect.Method.invoke(Method.java:498)
	at org.junit.runners.model.FrameworkMethod$1.runReflectiveCall(FrameworkMethod.java:47)
	at org.junit.internal.runners.model.ReflectiveCallable.run(ReflectiveCallable.java:12)
	at org.junit.runners.model.FrameworkMethod.invokeExplosively(FrameworkMethod.java:44)
	at org.junit.internal.runners.statements.InvokeMethod.evaluate(InvokeMethod.java:17)
	at org.junit.internal.runners.statements.RunAfters.evaluate(RunAfters.java:27)
	at org.junit.runners.ParentRunner.runLeaf(ParentRunner.java:271)
	at org.junit.runners.BlockJUnit4ClassRunner.runChild(BlockJUnit4ClassRunner.java:70)
	at org.junit.runners.BlockJUnit4ClassRunner.runChild(BlockJUnit4ClassRunner.java:50)
	at org.junit.runners.ParentRunner$3.run(ParentRunner.java:238)
	at org.junit.runners.ParentRunner$1.schedule(ParentRunner.java:63)
	at org.junit.runners.ParentRunner.runChildren(ParentRunner.java:236)
	at org.junit.runners.ParentRunner.access$000(ParentRunner.java:53)
	at org.junit.runners.ParentRunner$2.evaluate(ParentRunner.java:229)
	at org.junit.runners.ParentRunner.run(ParentRunner.java:309)
	at org.apache.maven.surefire.junit4.JUnit4Provider.execute(JUnit4Provider.java:365)
	at org.apache.maven.surefire.junit4.JUnit4Provider.executeWithRerun(JUnit4Provider.java:273)
	at org.apache.maven.surefire.junit4.JUnit4Provider.executeTestSet(JUnit4Provider.java:238)
	at org.apache.maven.surefire.junit4.JUnit4Provider.invoke(JUnit4Provider.java:159)
	at org.apache.maven.surefire.booter.ForkedBooter.invokeProviderInSameClassLoader(ForkedBooter.java:384)
	at org.apache.maven.surefire.booter.ForkedBooter.runSuitesInProcess(ForkedBooter.java:345)
	at org.apache.maven.surefire.booter.ForkedBooter.execute(ForkedBooter.java:126)
	at org.apache.maven.surefire.booter.ForkedBooter.main(ForkedBooter.java:418)

Nov 04, 2019 4:47:18 PM org.apache.ratis.thirdparty.io.grpc.internal.ManagedChannelOrphanWrapper$ManagedChannelReference cleanQueue
SEVERE: *~*~*~ Channel ManagedChannelImpl{logId=1790, target=192.168.157.194:43686} was not shutdown properly!!! ~*~*~*
    Make sure to call shutdown()/shutdownNow() and wait until awaitTermination() returns true.
java.lang.RuntimeException: ManagedChannel allocation site
	at org.apache.ratis.thirdparty.io.grpc.internal.ManagedChannelOrphanWrapper$ManagedChannelReference.<init>(ManagedChannelOrphanWrapper.java:103)
	at org.apache.ratis.thirdparty.io.grpc.internal.ManagedChannelOrphanWrapper.<init>(ManagedChannelOrphanWrapper.java:53)
	at org.apache.ratis.thirdparty.io.grpc.internal.ManagedChannelOrphanWrapper.<init>(ManagedChannelOrphanWrapper.java:44)
	at org.apache.ratis.thirdparty.io.grpc.internal.AbstractManagedChannelImplBuilder.build(AbstractManagedChannelImplBuilder.java:411)
	at org.apache.hadoop.hdds.scm.XceiverClientGrpc.connectToDatanode(XceiverClientGrpc.java:183)
	at org.apache.hadoop.hdds.scm.XceiverClientGrpc.reconnect(XceiverClientGrpc.java:434)
	at org.apache.hadoop.hdds.scm.XceiverClientGrpc.sendCommandAsync(XceiverClientGrpc.java:382)
	at org.apache.hadoop.hdds.scm.XceiverClientGrpc.sendCommandWithRetry(XceiverClientGrpc.java:295)
	at org.apache.hadoop.hdds.scm.XceiverClientGrpc.sendCommandWithTraceIDAndRetry(XceiverClientGrpc.java:259)
	at org.apache.hadoop.hdds.scm.XceiverClientGrpc.sendCommand(XceiverClientGrpc.java:242)
	at org.apache.hadoop.hdds.scm.storage.ContainerProtocolCalls.readChunk(ContainerProtocolCalls.java:245)
	at org.apache.hadoop.hdds.scm.storage.ChunkInputStream.readChunk(ChunkInputStream.java:335)
	at org.apache.hadoop.hdds.scm.storage.ChunkInputStream.readChunkFromContainer(ChunkInputStream.java:307)
	at org.apache.hadoop.hdds.scm.storage.ChunkInputStream.prepareRead(ChunkInputStream.java:259)
	at org.apache.hadoop.hdds.scm.storage.ChunkInputStream.read(ChunkInputStream.java:144)
	at org.apache.hadoop.hdds.scm.storage.BlockInputStream.read(BlockInputStream.java:241)
	at org.apache.hadoop.ozone.client.io.KeyInputStream.read(KeyInputStream.java:173)
	at org.apache.hadoop.ozone.client.io.OzoneInputStream.read(OzoneInputStream.java:47)
	at java.io.InputStream.read(InputStream.java:101)
	at org.apache.hadoop.ozone.container.ContainerTestHelper.validateData(ContainerTestHelper.java:730)
	at org.apache.hadoop.ozone.client.rpc.TestFailureHandlingByClient.validateData(TestFailureHandlingByClient.java:413)
	at org.apache.hadoop.ozone.client.rpc.TestFailureHandlingByClient.testBlockWritesWithDnFailures(TestFailureHandlingByClient.java:172)
	at sun.reflect.NativeMethodAccessorImpl.invoke0(Native Method)
	at sun.reflect.NativeMethodAccessorImpl.invoke(NativeMethodAccessorImpl.java:62)
	at sun.reflect.DelegatingMethodAccessorImpl.invoke(DelegatingMethodAccessorImpl.java:43)
	at java.lang.reflect.Method.invoke(Method.java:498)
	at org.junit.runners.model.FrameworkMethod$1.runReflectiveCall(FrameworkMethod.java:47)
	at org.junit.internal.runners.model.ReflectiveCallable.run(ReflectiveCallable.java:12)
	at org.junit.runners.model.FrameworkMethod.invokeExplosively(FrameworkMethod.java:44)
	at org.junit.internal.runners.statements.InvokeMethod.evaluate(InvokeMethod.java:17)
	at org.junit.internal.runners.statements.RunAfters.evaluate(RunAfters.java:27)
	at org.junit.runners.ParentRunner.runLeaf(ParentRunner.java:271)
	at org.junit.runners.BlockJUnit4ClassRunner.runChild(BlockJUnit4ClassRunner.java:70)
	at org.junit.runners.BlockJUnit4ClassRunner.runChild(BlockJUnit4ClassRunner.java:50)
	at org.junit.runners.ParentRunner$3.run(ParentRunner.java:238)
	at org.junit.runners.ParentRunner$1.schedule(ParentRunner.java:63)
	at org.junit.runners.ParentRunner.runChildren(ParentRunner.java:236)
	at org.junit.runners.ParentRunner.access$000(ParentRunner.java:53)
	at org.junit.runners.ParentRunner$2.evaluate(ParentRunner.java:229)
	at org.junit.runners.ParentRunner.run(ParentRunner.java:309)
	at org.apache.maven.surefire.junit4.JUnit4Provider.execute(JUnit4Provider.java:365)
	at org.apache.maven.surefire.junit4.JUnit4Provider.executeWithRerun(JUnit4Provider.java:273)
	at org.apache.maven.surefire.junit4.JUnit4Provider.executeTestSet(JUnit4Provider.java:238)
	at org.apache.maven.surefire.junit4.JUnit4Provider.invoke(JUnit4Provider.java:159)
	at org.apache.maven.surefire.booter.ForkedBooter.invokeProviderInSameClassLoader(ForkedBooter.java:384)
	at org.apache.maven.surefire.booter.ForkedBooter.runSuitesInProcess(ForkedBooter.java:345)
	at org.apache.maven.surefire.booter.ForkedBooter.execute(ForkedBooter.java:126)
	at org.apache.maven.surefire.booter.ForkedBooter.main(ForkedBooter.java:418)

Nov 04, 2019 4:47:35 PM org.apache.ratis.thirdparty.io.grpc.internal.SerializingExecutor run
SEVERE: Exception while executing runnable org.apache.ratis.thirdparty.io.grpc.internal.ClientCallImpl$ClientStreamListenerImpl$1StreamClosed@1a829a60
java.lang.NullPointerException
	at org.apache.ratis.grpc.server.GrpcLogAppender$AppendLogResponseHandler.onError(GrpcLogAppender.java:303)
	at org.apache.ratis.thirdparty.io.grpc.stub.ClientCalls$StreamObserverToCallListenerAdapter.onClose(ClientCalls.java:434)
	at org.apache.ratis.thirdparty.io.grpc.PartialForwardingClientCallListener.onClose(PartialForwardingClientCallListener.java:39)
	at org.apache.ratis.thirdparty.io.grpc.ForwardingClientCallListener.onClose(ForwardingClientCallListener.java:23)
	at org.apache.ratis.thirdparty.io.grpc.ForwardingClientCallListener$SimpleForwardingClientCallListener.onClose(ForwardingClientCallListener.java:40)
	at org.apache.ratis.thirdparty.io.grpc.internal.CensusStatsModule$StatsClientInterceptor$1$1.onClose(CensusStatsModule.java:678)
	at org.apache.ratis.thirdparty.io.grpc.PartialForwardingClientCallListener.onClose(PartialForwardingClientCallListener.java:39)
	at org.apache.ratis.thirdparty.io.grpc.ForwardingClientCallListener.onClose(ForwardingClientCallListener.java:23)
	at org.apache.ratis.thirdparty.io.grpc.ForwardingClientCallListener$SimpleForwardingClientCallListener.onClose(ForwardingClientCallListener.java:40)
	at org.apache.ratis.thirdparty.io.grpc.internal.CensusTracingModule$TracingClientInterceptor$1$1.onClose(CensusTracingModule.java:397)
	at org.apache.ratis.thirdparty.io.grpc.internal.ClientCallImpl.closeObserver(ClientCallImpl.java:459)
	at org.apache.ratis.thirdparty.io.grpc.internal.ClientCallImpl.access$300(ClientCallImpl.java:63)
	at org.apache.ratis.thirdparty.io.grpc.internal.ClientCallImpl$ClientStreamListenerImpl.close(ClientCallImpl.java:546)
	at org.apache.ratis.thirdparty.io.grpc.internal.ClientCallImpl$ClientStreamListenerImpl.access$600(ClientCallImpl.java:467)
	at org.apache.ratis.thirdparty.io.grpc.internal.ClientCallImpl$ClientStreamListenerImpl$1StreamClosed.runInContext(ClientCallImpl.java:584)
	at org.apache.ratis.thirdparty.io.grpc.internal.ContextRunnable.run(ContextRunnable.java:37)
	at org.apache.ratis.thirdparty.io.grpc.internal.SerializingExecutor.run(SerializingExecutor.java:123)
	at java.util.concurrent.ThreadPoolExecutor.runWorker(ThreadPoolExecutor.java:1149)
	at java.util.concurrent.ThreadPoolExecutor$Worker.run(ThreadPoolExecutor.java:624)
	at java.lang.Thread.run(Thread.java:748)

Nov 04, 2019 4:47:49 PM org.apache.ratis.thirdparty.io.grpc.internal.SerializingExecutor run
SEVERE: Exception while executing runnable org.apache.ratis.thirdparty.io.grpc.internal.ServerImpl$JumpToApplicationThreadServerStreamListener$1Closed@63e54598
org.apache.ratis.thirdparty.io.grpc.StatusRuntimeException: CANCELLED: call already cancelled
	at org.apache.ratis.thirdparty.io.grpc.Status.asRuntimeException(Status.java:517)
	at org.apache.ratis.thirdparty.io.grpc.stub.ServerCalls$ServerCallStreamObserverImpl.onCompleted(ServerCalls.java:356)
	at org.apache.ratis.grpc.server.GrpcServerProtocolService$ServerRequestStreamObserver.onError(GrpcServerProtocolService.java:121)
	at org.apache.ratis.thirdparty.io.grpc.stub.ServerCalls$StreamingServerCallHandler$StreamingServerCallListener.onCancel(ServerCalls.java:269)
	at org.apache.ratis.thirdparty.io.grpc.internal.ServerCallImpl$ServerStreamListenerImpl.closed(ServerCallImpl.java:293)
	at org.apache.ratis.thirdparty.io.grpc.internal.ServerImpl$JumpToApplicationThreadServerStreamListener$1Closed.runInContext(ServerImpl.java:741)
	at org.apache.ratis.thirdparty.io.grpc.internal.ContextRunnable.run(ContextRunnable.java:37)
	at org.apache.ratis.thirdparty.io.grpc.internal.SerializingExecutor.run(SerializingExecutor.java:123)
	at java.util.concurrent.ThreadPoolExecutor.runWorker(ThreadPoolExecutor.java:1149)
	at java.util.concurrent.ThreadPoolExecutor$Worker.run(ThreadPoolExecutor.java:624)
	at java.lang.Thread.run(Thread.java:748)

Nov 04, 2019 4:47:49 PM org.apache.ratis.thirdparty.io.grpc.internal.SerializingExecutor run
SEVERE: Exception while executing runnable org.apache.ratis.thirdparty.io.grpc.internal.ClientCallImpl$ClientStreamListenerImpl$1StreamClosed@f59bbf0
java.lang.NullPointerException
	at org.apache.ratis.grpc.server.GrpcLogAppender$AppendLogResponseHandler.onError(GrpcLogAppender.java:303)
	at org.apache.ratis.thirdparty.io.grpc.stub.ClientCalls$StreamObserverToCallListenerAdapter.onClose(ClientCalls.java:434)
	at org.apache.ratis.thirdparty.io.grpc.PartialForwardingClientCallListener.onClose(PartialForwardingClientCallListener.java:39)
	at org.apache.ratis.thirdparty.io.grpc.ForwardingClientCallListener.onClose(ForwardingClientCallListener.java:23)
	at org.apache.ratis.thirdparty.io.grpc.ForwardingClientCallListener$SimpleForwardingClientCallListener.onClose(ForwardingClientCallListener.java:40)
	at org.apache.ratis.thirdparty.io.grpc.internal.CensusStatsModule$StatsClientInterceptor$1$1.onClose(CensusStatsModule.java:678)
	at org.apache.ratis.thirdparty.io.grpc.PartialForwardingClientCallListener.onClose(PartialForwardingClientCallListener.java:39)
	at org.apache.ratis.thirdparty.io.grpc.ForwardingClientCallListener.onClose(ForwardingClientCallListener.java:23)
	at org.apache.ratis.thirdparty.io.grpc.ForwardingClientCallListener$SimpleForwardingClientCallListener.onClose(ForwardingClientCallListener.java:40)
	at org.apache.ratis.thirdparty.io.grpc.internal.CensusTracingModule$TracingClientInterceptor$1$1.onClose(CensusTracingModule.java:397)
	at org.apache.ratis.thirdparty.io.grpc.internal.ClientCallImpl.closeObserver(ClientCallImpl.java:459)
	at org.apache.ratis.thirdparty.io.grpc.internal.ClientCallImpl.access$300(ClientCallImpl.java:63)
	at org.apache.ratis.thirdparty.io.grpc.internal.ClientCallImpl$ClientStreamListenerImpl.close(ClientCallImpl.java:546)
	at org.apache.ratis.thirdparty.io.grpc.internal.ClientCallImpl$ClientStreamListenerImpl.access$600(ClientCallImpl.java:467)
	at org.apache.ratis.thirdparty.io.grpc.internal.ClientCallImpl$ClientStreamListenerImpl$1StreamClosed.runInContext(ClientCallImpl.java:584)
	at org.apache.ratis.thirdparty.io.grpc.internal.ContextRunnable.run(ContextRunnable.java:37)
	at org.apache.ratis.thirdparty.io.grpc.internal.SerializingExecutor.run(SerializingExecutor.java:123)
	at java.util.concurrent.ThreadPoolExecutor.runWorker(ThreadPoolExecutor.java:1149)
	at java.util.concurrent.ThreadPoolExecutor$Worker.run(ThreadPoolExecutor.java:624)
	at java.lang.Thread.run(Thread.java:748)

]]></system-err>
  </testcase>
</testsuite>