<?xml version="1.0" encoding="UTF-8"?>
<testsuite xmlns:xsi="http://www.w3.org/2001/XMLSchema-instance" xsi:noNamespaceSchemaLocation="https://maven.apache.org/surefire/maven-surefire-plugin/xsd/surefire-test-report.xsd" name="org.apache.hadoop.ozone.client.rpc.TestMultiBlockWritesWithDnFailures" time="123.286" tests="2" errors="1" skipped="0" failures="0">
  <properties>
    <property name="awt.toolkit" value="sun.awt.X11.XToolkit"/>
    <property name="file.encoding.pkg" value="sun.io"/>
    <property name="java.specification.version" value="1.8"/>
    <property name="sun.cpu.isalist" value=""/>
    <property name="sun.jnu.encoding" value="ANSI_X3.4-1968"/>
    <property name="java.class.path" value="/workdir/hadoop-ozone/integration-test/target/test-classes:/workdir/hadoop-ozone/integration-test/target/classes:/home/user/.m2/repository/org/apache/hadoop/hadoop-ozone-common/0.5.0-SNAPSHOT/hadoop-ozone-common-0.5.0-SNAPSHOT.jar:/home/user/.m2/repository/org/apache/commons/commons-compress/1.4.1/commons-compress-1.4.1.jar:/home/user/.m2/repository/org/tukaani/xz/1.0/xz-1.0.jar:/home/user/.m2/repository/org/apache/hadoop/hadoop-common/3.2.0/hadoop-common-3.2.0.jar:/home/user/.m2/repository/org/apache/hadoop/hadoop-hdfs/3.2.0/hadoop-hdfs-3.2.0.jar:/home/user/.m2/repository/org/apache/hadoop/hadoop-hdfs-client/3.2.0/hadoop-hdfs-client-3.2.0.jar:/home/user/.m2/repository/com/fasterxml/jackson/core/jackson-annotations/2.9.9/jackson-annotations-2.9.9.jar:/home/user/.m2/repository/org/apache/hadoop/hadoop-hdds-common/0.5.0-SNAPSHOT/hadoop-hdds-common-0.5.0-SNAPSHOT.jar:/home/user/.m2/repository/javax/annotation/javax.annotation-api/1.2/javax.annotation-api-1.2.jar:/home/user/.m2/repository/org/apache/ratis/ratis-server/0.5.0-d6d58d0-SNAPSHOT/ratis-server-0.5.0-d6d58d0-SNAPSHOT.jar:/home/user/.m2/repository/org/apache/ratis/ratis-thirdparty-misc/0.2.0/ratis-thirdparty-misc-0.2.0.jar:/home/user/.m2/repository/org/apache/ratis/ratis-proto/0.5.0-d6d58d0-SNAPSHOT/ratis-proto-0.5.0-d6d58d0-SNAPSHOT.jar:/home/user/.m2/repository/org/apache/ratis/ratis-common/0.5.0-d6d58d0-SNAPSHOT/ratis-common-0.5.0-d6d58d0-SNAPSHOT.jar:/home/user/.m2/repository/org/apache/ratis/ratis-client/0.5.0-d6d58d0-SNAPSHOT/ratis-client-0.5.0-d6d58d0-SNAPSHOT.jar:/home/user/.m2/repository/org/apache/ratis/ratis-metrics/0.5.0-d6d58d0-SNAPSHOT/ratis-metrics-0.5.0-d6d58d0-SNAPSHOT.jar:/home/user/.m2/repository/org/apache/ratis/ratis-netty/0.5.0-d6d58d0-SNAPSHOT/ratis-netty-0.5.0-d6d58d0-SNAPSHOT.jar:/home/user/.m2/repository/org/apache/ratis/ratis-grpc/0.5.0-d6d58d0-SNAPSHOT/ratis-grpc-0.5.0-d6d58d0-SNAPSHOT.jar:/home/user/.m2/repository/org/rocksdb/rocksdbjni/6.0.1/rocksdbjni-6.0.1.jar:/home/user/.m2/repository/org/apache/logging/log4j/log4j-api/2.11.0/log4j-api-2.11.0.jar:/home/user/.m2/repository/org/apache/logging/log4j/log4j-core/2.11.0/log4j-core-2.11.0.jar:/home/user/.m2/repository/com/lmax/disruptor/3.4.2/disruptor-3.4.2.jar:/home/user/.m2/repository/org/apache/commons/commons-pool2/2.6.0/commons-pool2-2.6.0.jar:/home/user/.m2/repository/org/bouncycastle/bcpkix-jdk15on/1.60/bcpkix-jdk15on-1.60.jar:/home/user/.m2/repository/commons-validator/commons-validator/1.6/commons-validator-1.6.jar:/home/user/.m2/repository/commons-digester/commons-digester/1.8.1/commons-digester-1.8.1.jar:/home/user/.m2/repository/io/jaegertracing/jaeger-client/0.34.0/jaeger-client-0.34.0.jar:/home/user/.m2/repository/io/jaegertracing/jaeger-thrift/0.34.0/jaeger-thrift-0.34.0.jar:/home/user/.m2/repository/org/apache/thrift/libthrift/0.12.0/libthrift-0.12.0.jar:/home/user/.m2/repository/com/squareup/okhttp3/okhttp/3.9.0/okhttp-3.9.0.jar:/home/user/.m2/repository/com/squareup/okio/okio/1.13.0/okio-1.13.0.jar:/home/user/.m2/repository/io/jaegertracing/jaeger-core/0.34.0/jaeger-core-0.34.0.jar:/home/user/.m2/repository/io/jaegertracing/jaeger-tracerresolver/0.34.0/jaeger-tracerresolver-0.34.0.jar:/home/user/.m2/repository/io/opentracing/contrib/opentracing-tracerresolver/0.1.5/opentracing-tracerresolver-0.1.5.jar:/home/user/.m2/repository/io/opentracing/opentracing-util/0.31.0/opentracing-util-0.31.0.jar:/home/user/.m2/repository/io/opentracing/opentracing-api/0.31.0/opentracing-api-0.31.0.jar:/home/user/.m2/repository/io/opentracing/opentracing-noop/0.31.0/opentracing-noop-0.31.0.jar:/home/user/.m2/repository/org/apache/hadoop/hadoop-hdds-server-framework/0.5.0-SNAPSHOT/hadoop-hdds-server-framework-0.5.0-SNAPSHOT.jar:/home/user/.m2/repository/org/apache/hadoop/hadoop-hdds-container-service/0.5.0-SNAPSHOT/hadoop-hdds-container-service-0.5.0-SNAPSHOT.jar:/home/user/.m2/repository/org/apache/hadoop/hadoop-hdds-client/0.5.0-SNAPSHOT/hadoop-hdds-client-0.5.0-SNAPSHOT.jar:/home/user/.m2/repository/org/apache/hadoop/hadoop-hdds-tools/0.5.0-SNAPSHOT/hadoop-hdds-tools-0.5.0-SNAPSHOT.jar:/home/user/.m2/repository/org/apache/hadoop/hadoop-hdds-server-scm/0.5.0-SNAPSHOT/hadoop-hdds-server-scm-0.5.0-SNAPSHOT.jar:/home/user/.m2/repository/org/apache/hadoop/hadoop-hdds-docs/0.5.0-SNAPSHOT/hadoop-hdds-docs-0.5.0-SNAPSHOT.jar:/home/user/.m2/repository/io/dropwizard/metrics/metrics-core/3.2.4/metrics-core-3.2.4.jar:/home/user/.m2/repository/org/hamcrest/hamcrest-all/1.3/hamcrest-all-1.3.jar:/home/user/.m2/repository/org/bouncycastle/bcprov-jdk15on/1.60/bcprov-jdk15on-1.60.jar:/home/user/.m2/repository/info/picocli/picocli/3.9.6/picocli-3.9.6.jar:/home/user/.m2/repository/com/google/protobuf/protobuf-java/2.5.0/protobuf-java-2.5.0.jar:/home/user/.m2/repository/com/google/guava/guava/11.0.2/guava-11.0.2.jar:/home/user/.m2/repository/org/apache/hadoop/hadoop-ozone-ozone-manager/0.5.0-SNAPSHOT/hadoop-ozone-ozone-manager-0.5.0-SNAPSHOT.jar:/home/user/.m2/repository/org/apache/hadoop/hadoop-minikdc/3.2.0/hadoop-minikdc-3.2.0.jar:/home/user/.m2/repository/commons-io/commons-io/2.5/commons-io-2.5.jar:/home/user/.m2/repository/org/apache/kerby/kerb-simplekdc/1.0.1/kerb-simplekdc-1.0.1.jar:/home/user/.m2/repository/org/apache/kerby/kerb-client/1.0.1/kerb-client-1.0.1.jar:/home/user/.m2/repository/org/apache/kerby/kerby-config/1.0.1/kerby-config-1.0.1.jar:/home/user/.m2/repository/org/apache/kerby/kerb-core/1.0.1/kerb-core-1.0.1.jar:/home/user/.m2/repository/org/apache/kerby/kerby-pkix/1.0.1/kerby-pkix-1.0.1.jar:/home/user/.m2/repository/org/apache/kerby/kerby-asn1/1.0.1/kerby-asn1-1.0.1.jar:/home/user/.m2/repository/org/apache/kerby/kerby-util/1.0.1/kerby-util-1.0.1.jar:/home/user/.m2/repository/org/apache/kerby/kerb-common/1.0.1/kerb-common-1.0.1.jar:/home/user/.m2/repository/org/apache/kerby/kerb-crypto/1.0.1/kerb-crypto-1.0.1.jar:/home/user/.m2/repository/org/apache/kerby/kerb-util/1.0.1/kerb-util-1.0.1.jar:/home/user/.m2/repository/org/apache/kerby/token-provider/1.0.1/token-provider-1.0.1.jar:/home/user/.m2/repository/org/apache/kerby/kerb-admin/1.0.1/kerb-admin-1.0.1.jar:/home/user/.m2/repository/org/apache/kerby/kerb-server/1.0.1/kerb-server-1.0.1.jar:/home/user/.m2/repository/org/apache/kerby/kerb-identity/1.0.1/kerb-identity-1.0.1.jar:/home/user/.m2/repository/org/apache/kerby/kerby-xdr/1.0.1/kerby-xdr-1.0.1.jar:/home/user/.m2/repository/org/slf4j/slf4j-log4j12/1.7.25/slf4j-log4j12-1.7.25.jar:/home/user/.m2/repository/org/apache/hadoop/hadoop-ozone-s3gateway/0.5.0-SNAPSHOT/hadoop-ozone-s3gateway-0.5.0-SNAPSHOT.jar:/home/user/.m2/repository/org/jboss/weld/servlet/weld-servlet/2.4.7.Final/weld-servlet-2.4.7.Final.jar:/home/user/.m2/repository/org/glassfish/jersey/containers/jersey-container-servlet-core/2.27/jersey-container-servlet-core-2.27.jar:/home/user/.m2/repository/org/glassfish/hk2/external/javax.inject/2.5.0-b42/javax.inject-2.5.0-b42.jar:/home/user/.m2/repository/org/glassfish/jersey/core/jersey-common/2.27/jersey-common-2.27.jar:/home/user/.m2/repository/org/glassfish/hk2/osgi-resource-locator/1.0.1/osgi-resource-locator-1.0.1.jar:/home/user/.m2/repository/javax/ws/rs/javax.ws.rs-api/2.1/javax.ws.rs-api-2.1.jar:/home/user/.m2/repository/org/glassfish/jersey/ext/cdi/jersey-cdi1x/2.27/jersey-cdi1x-2.27.jar:/home/user/.m2/repository/org/glassfish/jersey/inject/jersey-hk2/2.27/jersey-hk2-2.27.jar:/home/user/.m2/repository/org/glassfish/hk2/hk2-locator/2.5.0-b42/hk2-locator-2.5.0-b42.jar:/home/user/.m2/repository/org/javassist/javassist/3.22.0-CR2/javassist-3.22.0-CR2.jar:/home/user/.m2/repository/org/glassfish/hk2/hk2-api/2.5.0/hk2-api-2.5.0.jar:/home/user/.m2/repository/org/glassfish/hk2/external/jakarta.inject/2.5.0/jakarta.inject-2.5.0.jar:/home/user/.m2/repository/org/glassfish/hk2/hk2-utils/2.5.0/hk2-utils-2.5.0.jar:/home/user/.m2/repository/jakarta/annotation/jakarta.annotation-api/1.3.4/jakarta.annotation-api-1.3.4.jar:/home/user/.m2/repository/org/glassfish/hk2/external/aopalliance-repackaged/2.5.0/aopalliance-repackaged-2.5.0.jar:/home/user/.m2/repository/com/fasterxml/jackson/dataformat/jackson-dataformat-xml/2.9.0/jackson-dataformat-xml-2.9.0.jar:/home/user/.m2/repository/com/fasterxml/jackson/core/jackson-core/2.9.9/jackson-core-2.9.9.jar:/home/user/.m2/repository/com/fasterxml/jackson/module/jackson-module-jaxb-annotations/2.9.9/jackson-module-jaxb-annotations-2.9.9.jar:/home/user/.m2/repository/javax/enterprise/cdi-api/1.2/cdi-api-1.2.jar:/home/user/.m2/repository/javax/el/javax.el-api/3.0.0/javax.el-api-3.0.0.jar:/home/user/.m2/repository/javax/interceptor/javax.interceptor-api/1.2/javax.interceptor-api-1.2.jar:/home/user/.m2/repository/javax/inject/javax.inject/1/javax.inject-1.jar:/home/user/.m2/repository/com/sun/xml/bind/jaxb-impl/2.3.0.1/jaxb-impl-2.3.0.1.jar:/home/user/.m2/repository/com/sun/xml/bind/jaxb-core/2.3.0.1/jaxb-core-2.3.0.1.jar:/home/user/.m2/repository/javax/xml/bind/jaxb-api/2.3.0/jaxb-api-2.3.0.jar:/home/user/.m2/repository/javax/activation/activation/1.1.1/activation-1.1.1.jar:/home/user/.m2/repository/org/apache/hadoop/hadoop-ozone-csi/0.5.0-SNAPSHOT/hadoop-ozone-csi-0.5.0-SNAPSHOT.jar:/home/user/.m2/repository/com/google/protobuf/protobuf-java-util/3.5.1/protobuf-java-util-3.5.1.jar:/home/user/.m2/repository/org/apache/hadoop/hadoop-hdds-config/0.5.0-SNAPSHOT/hadoop-hdds-config-0.5.0-SNAPSHOT.jar:/home/user/.m2/repository/io/grpc/grpc-netty/1.17.1/grpc-netty-1.17.1.jar:/home/user/.m2/repository/io/grpc/grpc-core/1.17.1/grpc-core-1.17.1.jar:/home/user/.m2/repository/io/grpc/grpc-context/1.17.1/grpc-context-1.17.1.jar:/home/user/.m2/repository/com/google/errorprone/error_prone_annotations/2.2.0/error_prone_annotations-2.2.0.jar:/home/user/.m2/repository/org/codehaus/mojo/animal-sniffer-annotations/1.17/animal-sniffer-annotations-1.17.jar:/home/user/.m2/repository/io/opencensus/opencensus-api/0.17.0/opencensus-api-0.17.0.jar:/home/user/.m2/repository/io/opencensus/opencensus-contrib-grpc-metrics/0.17.0/opencensus-contrib-grpc-metrics-0.17.0.jar:/home/user/.m2/repository/io/netty/netty-codec-http2/4.1.30.Final/netty-codec-http2-4.1.30.Final.jar:/home/user/.m2/repository/io/netty/netty-codec-http/4.1.30.Final/netty-codec-http-4.1.30.Final.jar:/home/user/.m2/repository/io/netty/netty-codec/4.1.30.Final/netty-codec-4.1.30.Final.jar:/home/user/.m2/repository/io/netty/netty-handler/4.1.30.Final/netty-handler-4.1.30.Final.jar:/home/user/.m2/repository/io/netty/netty-handler-proxy/4.1.30.Final/netty-handler-proxy-4.1.30.Final.jar:/home/user/.m2/repository/io/netty/netty-codec-socks/4.1.30.Final/netty-codec-socks-4.1.30.Final.jar:/home/user/.m2/repository/io/netty/netty-transport-native-epoll/4.1.30.Final/netty-transport-native-epoll-4.1.30.Final.jar:/home/user/.m2/repository/io/netty/netty-common/4.1.30.Final/netty-common-4.1.30.Final.jar:/home/user/.m2/repository/io/netty/netty-buffer/4.1.30.Final/netty-buffer-4.1.30.Final.jar:/home/user/.m2/repository/io/netty/netty-transport/4.1.30.Final/netty-transport-4.1.30.Final.jar:/home/user/.m2/repository/io/netty/netty-resolver/4.1.30.Final/netty-resolver-4.1.30.Final.jar:/home/user/.m2/repository/io/netty/netty-transport-native-unix-common/4.1.30.Final/netty-transport-native-unix-common-4.1.30.Final.jar:/home/user/.m2/repository/io/grpc/grpc-protobuf/1.17.1/grpc-protobuf-1.17.1.jar:/home/user/.m2/repository/com/google/api/grpc/proto-google-common-protos/1.0.0/proto-google-common-protos-1.0.0.jar:/home/user/.m2/repository/io/grpc/grpc-protobuf-lite/1.17.1/grpc-protobuf-lite-1.17.1.jar:/home/user/.m2/repository/io/grpc/grpc-stub/1.17.1/grpc-stub-1.17.1.jar:/home/user/.m2/repository/org/apache/hadoop/hadoop-ozone-recon/0.5.0-SNAPSHOT/hadoop-ozone-recon-0.5.0-SNAPSHOT.jar:/home/user/.m2/repository/org/apache/hadoop/hadoop-ozone-reconcodegen/0.5.0-SNAPSHOT/hadoop-ozone-reconcodegen-0.5.0-SNAPSHOT.jar:/home/user/.m2/repository/com/google/inject/extensions/guice-multibindings/4.0/guice-multibindings-4.0.jar:/home/user/.m2/repository/com/google/inject/guice/4.0/guice-4.0.jar:/home/user/.m2/repository/aopalliance/aopalliance/1.0/aopalliance-1.0.jar:/home/user/.m2/repository/com/google/inject/extensions/guice-servlet/4.0/guice-servlet-4.0.jar:/home/user/.m2/repository/org/glassfish/jersey/containers/jersey-container-servlet/2.27/jersey-container-servlet-2.27.jar:/home/user/.m2/repository/org/glassfish/hk2/guice-bridge/2.5.0/guice-bridge-2.5.0.jar:/home/user/.m2/repository/org/glassfish/jersey/core/jersey-server/2.27/jersey-server-2.27.jar:/home/user/.m2/repository/org/glassfish/jersey/core/jersey-client/2.27/jersey-client-2.27.jar:/home/user/.m2/repository/org/glassfish/jersey/media/jersey-media-jaxb/2.27/jersey-media-jaxb-2.27.jar:/home/user/.m2/repository/javax/validation/validation-api/1.1.0.Final/validation-api-1.1.0.Final.jar:/home/user/.m2/repository/org/glassfish/jersey/media/jersey-media-json-jackson/2.27/jersey-media-json-jackson-2.27.jar:/home/user/.m2/repository/org/glassfish/jersey/ext/jersey-entity-filtering/2.27/jersey-entity-filtering-2.27.jar:/home/user/.m2/repository/com/google/inject/extensions/guice-assistedinject/4.0/guice-assistedinject-4.0.jar:/home/user/.m2/repository/org/jooq/jooq/3.11.10/jooq-3.11.10.jar:/home/user/.m2/repository/org/jooq/jooq-meta/3.11.10/jooq-meta-3.11.10.jar:/home/user/.m2/repository/org/jooq/jooq-codegen/3.11.10/jooq-codegen-3.11.10.jar:/home/user/.m2/repository/com/jolbox/bonecp/0.8.0.RELEASE/bonecp-0.8.0.RELEASE.jar:/home/user/.m2/repository/org/xerial/sqlite-jdbc/3.25.2/sqlite-jdbc-3.25.2.jar:/home/user/.m2/repository/org/springframework/spring-jdbc/5.1.3.RELEASE/spring-jdbc-5.1.3.RELEASE.jar:/home/user/.m2/repository/org/springframework/spring-beans/5.1.3.RELEASE/spring-beans-5.1.3.RELEASE.jar:/home/user/.m2/repository/org/springframework/spring-core/5.1.3.RELEASE/spring-core-5.1.3.RELEASE.jar:/home/user/.m2/repository/org/springframework/spring-jcl/5.1.3.RELEASE/spring-jcl-5.1.3.RELEASE.jar:/home/user/.m2/repository/org/springframework/spring-tx/5.1.3.RELEASE/spring-tx-5.1.3.RELEASE.jar:/home/user/.m2/repository/org/apache/hadoop/hadoop-ozone-client/0.5.0-SNAPSHOT/hadoop-ozone-client-0.5.0-SNAPSHOT.jar:/home/user/.m2/repository/commons-lang/commons-lang/2.6/commons-lang-2.6.jar:/home/user/.m2/repository/org/apache/hadoop/hadoop-ozone-ozone-manager/0.5.0-SNAPSHOT/hadoop-ozone-ozone-manager-0.5.0-SNAPSHOT-tests.jar:/home/user/.m2/repository/junit/junit/4.11/junit-4.11.jar:/home/user/.m2/repository/org/hamcrest/hamcrest-core/1.3/hamcrest-core-1.3.jar:/home/user/.m2/repository/org/openjdk/jmh/jmh-core/1.19/jmh-core-1.19.jar:/home/user/.m2/repository/net/sf/jopt-simple/jopt-simple/4.6/jopt-simple-4.6.jar:/home/user/.m2/repository/org/apache/commons/commons-math3/3.1.1/commons-math3-3.1.1.jar:/home/user/.m2/repository/org/openjdk/jmh/jmh-generator-annprocess/1.19/jmh-generator-annprocess-1.19.jar:/home/user/.m2/repository/org/mockito/mockito-all/1.8.5/mockito-all-1.8.5.jar:/home/user/.m2/repository/org/apache/hadoop/hadoop-kms/3.2.0/hadoop-kms-3.2.0.jar:/home/user/.m2/repository/org/apache/hadoop/hadoop-auth/3.2.0/hadoop-auth-3.2.0.jar:/home/user/.m2/repository/com/nimbusds/nimbus-jose-jwt/4.41.1/nimbus-jose-jwt-4.41.1.jar:/home/user/.m2/repository/com/github/stephenc/jcip/jcip-annotations/1.0-1/jcip-annotations-1.0-1.jar:/home/user/.m2/repository/net/minidev/json-smart/2.3/json-smart-2.3.jar:/home/user/.m2/repository/net/minidev/accessors-smart/1.2/accessors-smart-1.2.jar:/home/user/.m2/repository/org/ow2/asm/asm/5.0.4/asm-5.0.4.jar:/home/user/.m2/repository/org/apache/curator/curator-framework/2.12.0/curator-framework-2.12.0.jar:/home/user/.m2/repository/com/sun/jersey/jersey-core/1.19/jersey-core-1.19.jar:/home/user/.m2/repository/javax/ws/rs/jsr311-api/1.1.1/jsr311-api-1.1.1.jar:/home/user/.m2/repository/com/sun/jersey/jersey-server/1.19/jersey-server-1.19.jar:/home/user/.m2/repository/javax/servlet/javax.servlet-api/3.1.0/javax.servlet-api-3.1.0.jar:/home/user/.m2/repository/org/eclipse/jetty/jetty-server/9.3.25.v20180904/jetty-server-9.3.25.v20180904.jar:/home/user/.m2/repository/org/eclipse/jetty/jetty-http/9.3.25.v20180904/jetty-http-9.3.25.v20180904.jar:/home/user/.m2/repository/org/eclipse/jetty/jetty-io/9.3.25.v20180904/jetty-io-9.3.25.v20180904.jar:/home/user/.m2/repository/org/eclipse/jetty/jetty-webapp/9.3.25.v20180904/jetty-webapp-9.3.25.v20180904.jar:/home/user/.m2/repository/org/eclipse/jetty/jetty-xml/9.3.25.v20180904/jetty-xml-9.3.25.v20180904.jar:/home/user/.m2/repository/log4j/log4j/1.2.17/log4j-1.2.17.jar:/home/user/.m2/repository/org/slf4j/slf4j-api/1.7.25/slf4j-api-1.7.25.jar:/home/user/.m2/repository/org/slf4j/jul-to-slf4j/1.7.25/jul-to-slf4j-1.7.25.jar:/home/user/.m2/repository/org/eclipse/jetty/jetty-util/9.3.25.v20180904/jetty-util-9.3.25.v20180904.jar:/home/user/.m2/repository/com/fasterxml/jackson/core/jackson-databind/2.9.9/jackson-databind-2.9.9.jar:/home/user/.m2/repository/org/apache/hadoop/hadoop-kms/3.2.0/hadoop-kms-3.2.0-tests.jar:/home/user/.m2/repository/org/apache/hadoop/hadoop-hdds-server-scm/0.5.0-SNAPSHOT/hadoop-hdds-server-scm-0.5.0-SNAPSHOT-tests.jar:/home/user/.m2/repository/org/apache/hadoop/hadoop-hdds-container-service/0.5.0-SNAPSHOT/hadoop-hdds-container-service-0.5.0-SNAPSHOT-tests.jar:/home/user/.m2/repository/org/yaml/snakeyaml/1.16/snakeyaml-1.16.jar:/home/user/.m2/repository/org/apache/hadoop/hadoop-common/3.2.0/hadoop-common-3.2.0-tests.jar:/home/user/.m2/repository/org/apache/hadoop/hadoop-annotations/3.2.0/hadoop-annotations-3.2.0.jar:/usr/lib/jvm/java-1.8.0-openjdk-1.8.0.222.b10-1.el7_7.x86_64/jre/../lib/tools.jar:/home/user/.m2/repository/commons-cli/commons-cli/1.2/commons-cli-1.2.jar:/home/user/.m2/repository/org/apache/httpcomponents/httpclient/4.5.2/httpclient-4.5.2.jar:/home/user/.m2/repository/org/apache/httpcomponents/httpcore/4.4.4/httpcore-4.4.4.jar:/home/user/.m2/repository/commons-codec/commons-codec/1.11/commons-codec-1.11.jar:/home/user/.m2/repository/commons-net/commons-net/3.6/commons-net-3.6.jar:/home/user/.m2/repository/commons-collections/commons-collections/3.2.2/commons-collections-3.2.2.jar:/home/user/.m2/repository/org/eclipse/jetty/jetty-servlet/9.3.25.v20180904/jetty-servlet-9.3.25.v20180904.jar:/home/user/.m2/repository/org/eclipse/jetty/jetty-security/9.3.25.v20180904/jetty-security-9.3.25.v20180904.jar:/home/user/.m2/repository/javax/servlet/jsp/jsp-api/2.1/jsp-api-2.1.jar:/home/user/.m2/repository/com/sun/jersey/jersey-servlet/1.19/jersey-servlet-1.19.jar:/home/user/.m2/repository/com/sun/jersey/jersey-json/1.19/jersey-json-1.19.jar:/home/user/.m2/repository/org/codehaus/jettison/jettison/1.1/jettison-1.1.jar:/home/user/.m2/repository/org/codehaus/jackson/jackson-core-asl/1.9.13/jackson-core-asl-1.9.13.jar:/home/user/.m2/repository/org/codehaus/jackson/jackson-mapper-asl/1.9.13/jackson-mapper-asl-1.9.13.jar:/home/user/.m2/repository/org/codehaus/jackson/jackson-jaxrs/1.9.13/jackson-jaxrs-1.9.13.jar:/home/user/.m2/repository/org/codehaus/jackson/jackson-xc/1.9.13/jackson-xc-1.9.13.jar:/home/user/.m2/repository/commons-logging/commons-logging/1.1.3/commons-logging-1.1.3.jar:/home/user/.m2/repository/commons-beanutils/commons-beanutils/1.9.4/commons-beanutils-1.9.4.jar:/home/user/.m2/repository/org/apache/commons/commons-configuration2/2.1.1/commons-configuration2-2.1.1.jar:/home/user/.m2/repository/org/apache/commons/commons-lang3/3.7/commons-lang3-3.7.jar:/home/user/.m2/repository/org/apache/commons/commons-text/1.4/commons-text-1.4.jar:/home/user/.m2/repository/org/apache/avro/avro/1.7.7/avro-1.7.7.jar:/home/user/.m2/repository/com/thoughtworks/paranamer/paranamer/2.3/paranamer-2.3.jar:/home/user/.m2/repository/org/xerial/snappy/snappy-java/1.0.5/snappy-java-1.0.5.jar:/home/user/.m2/repository/com/google/re2j/re2j/1.1/re2j-1.1.jar:/home/user/.m2/repository/com/google/code/gson/gson/2.2.4/gson-2.2.4.jar:/home/user/.m2/repository/com/jcraft/jsch/0.1.54/jsch-0.1.54.jar:/home/user/.m2/repository/org/apache/curator/curator-client/2.12.0/curator-client-2.12.0.jar:/home/user/.m2/repository/org/apache/curator/curator-recipes/2.12.0/curator-recipes-2.12.0.jar:/home/user/.m2/repository/com/google/code/findbugs/jsr305/3.0.0/jsr305-3.0.0.jar:/home/user/.m2/repository/org/apache/htrace/htrace-core4/4.1.0-incubating/htrace-core4-4.1.0-incubating.jar:/home/user/.m2/repository/org/apache/zookeeper/zookeeper/3.4.13/zookeeper-3.4.13.jar:/home/user/.m2/repository/jline/jline/0.9.94/jline-0.9.94.jar:/home/user/.m2/repository/org/apache/yetus/audience-annotations/0.5.0/audience-annotations-0.5.0.jar:/home/user/.m2/repository/org/codehaus/woodstox/stax2-api/3.1.4/stax2-api-3.1.4.jar:/home/user/.m2/repository/com/fasterxml/woodstox/woodstox-core/5.0.3/woodstox-core-5.0.3.jar:/home/user/.m2/repository/dnsjava/dnsjava/2.1.7/dnsjava-2.1.7.jar:/home/user/.m2/repository/org/apache/hadoop/hadoop-hdfs/3.2.0/hadoop-hdfs-3.2.0-tests.jar:/home/user/.m2/repository/org/eclipse/jetty/jetty-util-ajax/9.3.25.v20180904/jetty-util-ajax-9.3.25.v20180904.jar:/home/user/.m2/repository/commons-daemon/commons-daemon/1.0.13/commons-daemon-1.0.13.jar:/home/user/.m2/repository/io/netty/netty/3.10.5.Final/netty-3.10.5.Final.jar:/home/user/.m2/repository/io/netty/netty-all/4.0.52.Final/netty-all-4.0.52.Final.jar:/home/user/.m2/repository/org/fusesource/leveldbjni/leveldbjni-all/1.8/leveldbjni-all-1.8.jar:"/>
    <property name="java.vm.vendor" value="Oracle Corporation"/>
    <property name="sun.arch.data.model" value="64"/>
    <property name="test.build.dir" value="/workdir/hadoop-ozone/integration-test/target/test-dir"/>
    <property name="test.cache.data" value=""/>
    <property name="java.vendor.url" value="http://java.oracle.com/"/>
    <property name="user.timezone" value=""/>
    <property name="java.vm.specification.version" value="1.8"/>
    <property name="os.name" value="Linux"/>
    <property name="test.build.data" value="/workdir/hadoop-ozone/integration-test/target/test-dir"/>
    <property name="user.country" value="US"/>
    <property name="sun.java.launcher" value="SUN_STANDARD"/>
    <property name="sun.boot.library.path" value="/usr/lib/jvm/java-1.8.0-openjdk-1.8.0.222.b10-1.el7_7.x86_64/jre/lib/amd64"/>
    <property name="sun.java.command" value="/workdir/hadoop-ozone/integration-test/target/surefire/surefirebooter543284181178912126.jar /workdir/hadoop-ozone/integration-test/target/surefire 2019-11-12T21-47-19_402-jvmRun1 surefire284425111055095590tmp surefire_357562536155208142246tmp"/>
    <property name="surefire.test.class.path" value="/workdir/hadoop-ozone/integration-test/target/test-classes:/workdir/hadoop-ozone/integration-test/target/classes:/home/user/.m2/repository/org/apache/hadoop/hadoop-ozone-common/0.5.0-SNAPSHOT/hadoop-ozone-common-0.5.0-SNAPSHOT.jar:/home/user/.m2/repository/org/apache/commons/commons-compress/1.4.1/commons-compress-1.4.1.jar:/home/user/.m2/repository/org/tukaani/xz/1.0/xz-1.0.jar:/home/user/.m2/repository/org/apache/hadoop/hadoop-common/3.2.0/hadoop-common-3.2.0.jar:/home/user/.m2/repository/org/apache/hadoop/hadoop-hdfs/3.2.0/hadoop-hdfs-3.2.0.jar:/home/user/.m2/repository/org/apache/hadoop/hadoop-hdfs-client/3.2.0/hadoop-hdfs-client-3.2.0.jar:/home/user/.m2/repository/com/fasterxml/jackson/core/jackson-annotations/2.9.9/jackson-annotations-2.9.9.jar:/home/user/.m2/repository/org/apache/hadoop/hadoop-hdds-common/0.5.0-SNAPSHOT/hadoop-hdds-common-0.5.0-SNAPSHOT.jar:/home/user/.m2/repository/javax/annotation/javax.annotation-api/1.2/javax.annotation-api-1.2.jar:/home/user/.m2/repository/org/apache/ratis/ratis-server/0.5.0-d6d58d0-SNAPSHOT/ratis-server-0.5.0-d6d58d0-SNAPSHOT.jar:/home/user/.m2/repository/org/apache/ratis/ratis-thirdparty-misc/0.2.0/ratis-thirdparty-misc-0.2.0.jar:/home/user/.m2/repository/org/apache/ratis/ratis-proto/0.5.0-d6d58d0-SNAPSHOT/ratis-proto-0.5.0-d6d58d0-SNAPSHOT.jar:/home/user/.m2/repository/org/apache/ratis/ratis-common/0.5.0-d6d58d0-SNAPSHOT/ratis-common-0.5.0-d6d58d0-SNAPSHOT.jar:/home/user/.m2/repository/org/apache/ratis/ratis-client/0.5.0-d6d58d0-SNAPSHOT/ratis-client-0.5.0-d6d58d0-SNAPSHOT.jar:/home/user/.m2/repository/org/apache/ratis/ratis-metrics/0.5.0-d6d58d0-SNAPSHOT/ratis-metrics-0.5.0-d6d58d0-SNAPSHOT.jar:/home/user/.m2/repository/org/apache/ratis/ratis-netty/0.5.0-d6d58d0-SNAPSHOT/ratis-netty-0.5.0-d6d58d0-SNAPSHOT.jar:/home/user/.m2/repository/org/apache/ratis/ratis-grpc/0.5.0-d6d58d0-SNAPSHOT/ratis-grpc-0.5.0-d6d58d0-SNAPSHOT.jar:/home/user/.m2/repository/org/rocksdb/rocksdbjni/6.0.1/rocksdbjni-6.0.1.jar:/home/user/.m2/repository/org/apache/logging/log4j/log4j-api/2.11.0/log4j-api-2.11.0.jar:/home/user/.m2/repository/org/apache/logging/log4j/log4j-core/2.11.0/log4j-core-2.11.0.jar:/home/user/.m2/repository/com/lmax/disruptor/3.4.2/disruptor-3.4.2.jar:/home/user/.m2/repository/org/apache/commons/commons-pool2/2.6.0/commons-pool2-2.6.0.jar:/home/user/.m2/repository/org/bouncycastle/bcpkix-jdk15on/1.60/bcpkix-jdk15on-1.60.jar:/home/user/.m2/repository/commons-validator/commons-validator/1.6/commons-validator-1.6.jar:/home/user/.m2/repository/commons-digester/commons-digester/1.8.1/commons-digester-1.8.1.jar:/home/user/.m2/repository/io/jaegertracing/jaeger-client/0.34.0/jaeger-client-0.34.0.jar:/home/user/.m2/repository/io/jaegertracing/jaeger-thrift/0.34.0/jaeger-thrift-0.34.0.jar:/home/user/.m2/repository/org/apache/thrift/libthrift/0.12.0/libthrift-0.12.0.jar:/home/user/.m2/repository/com/squareup/okhttp3/okhttp/3.9.0/okhttp-3.9.0.jar:/home/user/.m2/repository/com/squareup/okio/okio/1.13.0/okio-1.13.0.jar:/home/user/.m2/repository/io/jaegertracing/jaeger-core/0.34.0/jaeger-core-0.34.0.jar:/home/user/.m2/repository/io/jaegertracing/jaeger-tracerresolver/0.34.0/jaeger-tracerresolver-0.34.0.jar:/home/user/.m2/repository/io/opentracing/contrib/opentracing-tracerresolver/0.1.5/opentracing-tracerresolver-0.1.5.jar:/home/user/.m2/repository/io/opentracing/opentracing-util/0.31.0/opentracing-util-0.31.0.jar:/home/user/.m2/repository/io/opentracing/opentracing-api/0.31.0/opentracing-api-0.31.0.jar:/home/user/.m2/repository/io/opentracing/opentracing-noop/0.31.0/opentracing-noop-0.31.0.jar:/home/user/.m2/repository/org/apache/hadoop/hadoop-hdds-server-framework/0.5.0-SNAPSHOT/hadoop-hdds-server-framework-0.5.0-SNAPSHOT.jar:/home/user/.m2/repository/org/apache/hadoop/hadoop-hdds-container-service/0.5.0-SNAPSHOT/hadoop-hdds-container-service-0.5.0-SNAPSHOT.jar:/home/user/.m2/repository/org/apache/hadoop/hadoop-hdds-client/0.5.0-SNAPSHOT/hadoop-hdds-client-0.5.0-SNAPSHOT.jar:/home/user/.m2/repository/org/apache/hadoop/hadoop-hdds-tools/0.5.0-SNAPSHOT/hadoop-hdds-tools-0.5.0-SNAPSHOT.jar:/home/user/.m2/repository/org/apache/hadoop/hadoop-hdds-server-scm/0.5.0-SNAPSHOT/hadoop-hdds-server-scm-0.5.0-SNAPSHOT.jar:/home/user/.m2/repository/org/apache/hadoop/hadoop-hdds-docs/0.5.0-SNAPSHOT/hadoop-hdds-docs-0.5.0-SNAPSHOT.jar:/home/user/.m2/repository/io/dropwizard/metrics/metrics-core/3.2.4/metrics-core-3.2.4.jar:/home/user/.m2/repository/org/hamcrest/hamcrest-all/1.3/hamcrest-all-1.3.jar:/home/user/.m2/repository/org/bouncycastle/bcprov-jdk15on/1.60/bcprov-jdk15on-1.60.jar:/home/user/.m2/repository/info/picocli/picocli/3.9.6/picocli-3.9.6.jar:/home/user/.m2/repository/com/google/protobuf/protobuf-java/2.5.0/protobuf-java-2.5.0.jar:/home/user/.m2/repository/com/google/guava/guava/11.0.2/guava-11.0.2.jar:/home/user/.m2/repository/org/apache/hadoop/hadoop-ozone-ozone-manager/0.5.0-SNAPSHOT/hadoop-ozone-ozone-manager-0.5.0-SNAPSHOT.jar:/home/user/.m2/repository/org/apache/hadoop/hadoop-minikdc/3.2.0/hadoop-minikdc-3.2.0.jar:/home/user/.m2/repository/commons-io/commons-io/2.5/commons-io-2.5.jar:/home/user/.m2/repository/org/apache/kerby/kerb-simplekdc/1.0.1/kerb-simplekdc-1.0.1.jar:/home/user/.m2/repository/org/apache/kerby/kerb-client/1.0.1/kerb-client-1.0.1.jar:/home/user/.m2/repository/org/apache/kerby/kerby-config/1.0.1/kerby-config-1.0.1.jar:/home/user/.m2/repository/org/apache/kerby/kerb-core/1.0.1/kerb-core-1.0.1.jar:/home/user/.m2/repository/org/apache/kerby/kerby-pkix/1.0.1/kerby-pkix-1.0.1.jar:/home/user/.m2/repository/org/apache/kerby/kerby-asn1/1.0.1/kerby-asn1-1.0.1.jar:/home/user/.m2/repository/org/apache/kerby/kerby-util/1.0.1/kerby-util-1.0.1.jar:/home/user/.m2/repository/org/apache/kerby/kerb-common/1.0.1/kerb-common-1.0.1.jar:/home/user/.m2/repository/org/apache/kerby/kerb-crypto/1.0.1/kerb-crypto-1.0.1.jar:/home/user/.m2/repository/org/apache/kerby/kerb-util/1.0.1/kerb-util-1.0.1.jar:/home/user/.m2/repository/org/apache/kerby/token-provider/1.0.1/token-provider-1.0.1.jar:/home/user/.m2/repository/org/apache/kerby/kerb-admin/1.0.1/kerb-admin-1.0.1.jar:/home/user/.m2/repository/org/apache/kerby/kerb-server/1.0.1/kerb-server-1.0.1.jar:/home/user/.m2/repository/org/apache/kerby/kerb-identity/1.0.1/kerb-identity-1.0.1.jar:/home/user/.m2/repository/org/apache/kerby/kerby-xdr/1.0.1/kerby-xdr-1.0.1.jar:/home/user/.m2/repository/org/slf4j/slf4j-log4j12/1.7.25/slf4j-log4j12-1.7.25.jar:/home/user/.m2/repository/org/apache/hadoop/hadoop-ozone-s3gateway/0.5.0-SNAPSHOT/hadoop-ozone-s3gateway-0.5.0-SNAPSHOT.jar:/home/user/.m2/repository/org/jboss/weld/servlet/weld-servlet/2.4.7.Final/weld-servlet-2.4.7.Final.jar:/home/user/.m2/repository/org/glassfish/jersey/containers/jersey-container-servlet-core/2.27/jersey-container-servlet-core-2.27.jar:/home/user/.m2/repository/org/glassfish/hk2/external/javax.inject/2.5.0-b42/javax.inject-2.5.0-b42.jar:/home/user/.m2/repository/org/glassfish/jersey/core/jersey-common/2.27/jersey-common-2.27.jar:/home/user/.m2/repository/org/glassfish/hk2/osgi-resource-locator/1.0.1/osgi-resource-locator-1.0.1.jar:/home/user/.m2/repository/javax/ws/rs/javax.ws.rs-api/2.1/javax.ws.rs-api-2.1.jar:/home/user/.m2/repository/org/glassfish/jersey/ext/cdi/jersey-cdi1x/2.27/jersey-cdi1x-2.27.jar:/home/user/.m2/repository/org/glassfish/jersey/inject/jersey-hk2/2.27/jersey-hk2-2.27.jar:/home/user/.m2/repository/org/glassfish/hk2/hk2-locator/2.5.0-b42/hk2-locator-2.5.0-b42.jar:/home/user/.m2/repository/org/javassist/javassist/3.22.0-CR2/javassist-3.22.0-CR2.jar:/home/user/.m2/repository/org/glassfish/hk2/hk2-api/2.5.0/hk2-api-2.5.0.jar:/home/user/.m2/repository/org/glassfish/hk2/external/jakarta.inject/2.5.0/jakarta.inject-2.5.0.jar:/home/user/.m2/repository/org/glassfish/hk2/hk2-utils/2.5.0/hk2-utils-2.5.0.jar:/home/user/.m2/repository/jakarta/annotation/jakarta.annotation-api/1.3.4/jakarta.annotation-api-1.3.4.jar:/home/user/.m2/repository/org/glassfish/hk2/external/aopalliance-repackaged/2.5.0/aopalliance-repackaged-2.5.0.jar:/home/user/.m2/repository/com/fasterxml/jackson/dataformat/jackson-dataformat-xml/2.9.0/jackson-dataformat-xml-2.9.0.jar:/home/user/.m2/repository/com/fasterxml/jackson/core/jackson-core/2.9.9/jackson-core-2.9.9.jar:/home/user/.m2/repository/com/fasterxml/jackson/module/jackson-module-jaxb-annotations/2.9.9/jackson-module-jaxb-annotations-2.9.9.jar:/home/user/.m2/repository/javax/enterprise/cdi-api/1.2/cdi-api-1.2.jar:/home/user/.m2/repository/javax/el/javax.el-api/3.0.0/javax.el-api-3.0.0.jar:/home/user/.m2/repository/javax/interceptor/javax.interceptor-api/1.2/javax.interceptor-api-1.2.jar:/home/user/.m2/repository/javax/inject/javax.inject/1/javax.inject-1.jar:/home/user/.m2/repository/com/sun/xml/bind/jaxb-impl/2.3.0.1/jaxb-impl-2.3.0.1.jar:/home/user/.m2/repository/com/sun/xml/bind/jaxb-core/2.3.0.1/jaxb-core-2.3.0.1.jar:/home/user/.m2/repository/javax/xml/bind/jaxb-api/2.3.0/jaxb-api-2.3.0.jar:/home/user/.m2/repository/javax/activation/activation/1.1.1/activation-1.1.1.jar:/home/user/.m2/repository/org/apache/hadoop/hadoop-ozone-csi/0.5.0-SNAPSHOT/hadoop-ozone-csi-0.5.0-SNAPSHOT.jar:/home/user/.m2/repository/com/google/protobuf/protobuf-java-util/3.5.1/protobuf-java-util-3.5.1.jar:/home/user/.m2/repository/org/apache/hadoop/hadoop-hdds-config/0.5.0-SNAPSHOT/hadoop-hdds-config-0.5.0-SNAPSHOT.jar:/home/user/.m2/repository/io/grpc/grpc-netty/1.17.1/grpc-netty-1.17.1.jar:/home/user/.m2/repository/io/grpc/grpc-core/1.17.1/grpc-core-1.17.1.jar:/home/user/.m2/repository/io/grpc/grpc-context/1.17.1/grpc-context-1.17.1.jar:/home/user/.m2/repository/com/google/errorprone/error_prone_annotations/2.2.0/error_prone_annotations-2.2.0.jar:/home/user/.m2/repository/org/codehaus/mojo/animal-sniffer-annotations/1.17/animal-sniffer-annotations-1.17.jar:/home/user/.m2/repository/io/opencensus/opencensus-api/0.17.0/opencensus-api-0.17.0.jar:/home/user/.m2/repository/io/opencensus/opencensus-contrib-grpc-metrics/0.17.0/opencensus-contrib-grpc-metrics-0.17.0.jar:/home/user/.m2/repository/io/netty/netty-codec-http2/4.1.30.Final/netty-codec-http2-4.1.30.Final.jar:/home/user/.m2/repository/io/netty/netty-codec-http/4.1.30.Final/netty-codec-http-4.1.30.Final.jar:/home/user/.m2/repository/io/netty/netty-codec/4.1.30.Final/netty-codec-4.1.30.Final.jar:/home/user/.m2/repository/io/netty/netty-handler/4.1.30.Final/netty-handler-4.1.30.Final.jar:/home/user/.m2/repository/io/netty/netty-handler-proxy/4.1.30.Final/netty-handler-proxy-4.1.30.Final.jar:/home/user/.m2/repository/io/netty/netty-codec-socks/4.1.30.Final/netty-codec-socks-4.1.30.Final.jar:/home/user/.m2/repository/io/netty/netty-transport-native-epoll/4.1.30.Final/netty-transport-native-epoll-4.1.30.Final.jar:/home/user/.m2/repository/io/netty/netty-common/4.1.30.Final/netty-common-4.1.30.Final.jar:/home/user/.m2/repository/io/netty/netty-buffer/4.1.30.Final/netty-buffer-4.1.30.Final.jar:/home/user/.m2/repository/io/netty/netty-transport/4.1.30.Final/netty-transport-4.1.30.Final.jar:/home/user/.m2/repository/io/netty/netty-resolver/4.1.30.Final/netty-resolver-4.1.30.Final.jar:/home/user/.m2/repository/io/netty/netty-transport-native-unix-common/4.1.30.Final/netty-transport-native-unix-common-4.1.30.Final.jar:/home/user/.m2/repository/io/grpc/grpc-protobuf/1.17.1/grpc-protobuf-1.17.1.jar:/home/user/.m2/repository/com/google/api/grpc/proto-google-common-protos/1.0.0/proto-google-common-protos-1.0.0.jar:/home/user/.m2/repository/io/grpc/grpc-protobuf-lite/1.17.1/grpc-protobuf-lite-1.17.1.jar:/home/user/.m2/repository/io/grpc/grpc-stub/1.17.1/grpc-stub-1.17.1.jar:/home/user/.m2/repository/org/apache/hadoop/hadoop-ozone-recon/0.5.0-SNAPSHOT/hadoop-ozone-recon-0.5.0-SNAPSHOT.jar:/home/user/.m2/repository/org/apache/hadoop/hadoop-ozone-reconcodegen/0.5.0-SNAPSHOT/hadoop-ozone-reconcodegen-0.5.0-SNAPSHOT.jar:/home/user/.m2/repository/com/google/inject/extensions/guice-multibindings/4.0/guice-multibindings-4.0.jar:/home/user/.m2/repository/com/google/inject/guice/4.0/guice-4.0.jar:/home/user/.m2/repository/aopalliance/aopalliance/1.0/aopalliance-1.0.jar:/home/user/.m2/repository/com/google/inject/extensions/guice-servlet/4.0/guice-servlet-4.0.jar:/home/user/.m2/repository/org/glassfish/jersey/containers/jersey-container-servlet/2.27/jersey-container-servlet-2.27.jar:/home/user/.m2/repository/org/glassfish/hk2/guice-bridge/2.5.0/guice-bridge-2.5.0.jar:/home/user/.m2/repository/org/glassfish/jersey/core/jersey-server/2.27/jersey-server-2.27.jar:/home/user/.m2/repository/org/glassfish/jersey/core/jersey-client/2.27/jersey-client-2.27.jar:/home/user/.m2/repository/org/glassfish/jersey/media/jersey-media-jaxb/2.27/jersey-media-jaxb-2.27.jar:/home/user/.m2/repository/javax/validation/validation-api/1.1.0.Final/validation-api-1.1.0.Final.jar:/home/user/.m2/repository/org/glassfish/jersey/media/jersey-media-json-jackson/2.27/jersey-media-json-jackson-2.27.jar:/home/user/.m2/repository/org/glassfish/jersey/ext/jersey-entity-filtering/2.27/jersey-entity-filtering-2.27.jar:/home/user/.m2/repository/com/google/inject/extensions/guice-assistedinject/4.0/guice-assistedinject-4.0.jar:/home/user/.m2/repository/org/jooq/jooq/3.11.10/jooq-3.11.10.jar:/home/user/.m2/repository/org/jooq/jooq-meta/3.11.10/jooq-meta-3.11.10.jar:/home/user/.m2/repository/org/jooq/jooq-codegen/3.11.10/jooq-codegen-3.11.10.jar:/home/user/.m2/repository/com/jolbox/bonecp/0.8.0.RELEASE/bonecp-0.8.0.RELEASE.jar:/home/user/.m2/repository/org/xerial/sqlite-jdbc/3.25.2/sqlite-jdbc-3.25.2.jar:/home/user/.m2/repository/org/springframework/spring-jdbc/5.1.3.RELEASE/spring-jdbc-5.1.3.RELEASE.jar:/home/user/.m2/repository/org/springframework/spring-beans/5.1.3.RELEASE/spring-beans-5.1.3.RELEASE.jar:/home/user/.m2/repository/org/springframework/spring-core/5.1.3.RELEASE/spring-core-5.1.3.RELEASE.jar:/home/user/.m2/repository/org/springframework/spring-jcl/5.1.3.RELEASE/spring-jcl-5.1.3.RELEASE.jar:/home/user/.m2/repository/org/springframework/spring-tx/5.1.3.RELEASE/spring-tx-5.1.3.RELEASE.jar:/home/user/.m2/repository/org/apache/hadoop/hadoop-ozone-client/0.5.0-SNAPSHOT/hadoop-ozone-client-0.5.0-SNAPSHOT.jar:/home/user/.m2/repository/commons-lang/commons-lang/2.6/commons-lang-2.6.jar:/home/user/.m2/repository/org/apache/hadoop/hadoop-ozone-ozone-manager/0.5.0-SNAPSHOT/hadoop-ozone-ozone-manager-0.5.0-SNAPSHOT-tests.jar:/home/user/.m2/repository/junit/junit/4.11/junit-4.11.jar:/home/user/.m2/repository/org/hamcrest/hamcrest-core/1.3/hamcrest-core-1.3.jar:/home/user/.m2/repository/org/openjdk/jmh/jmh-core/1.19/jmh-core-1.19.jar:/home/user/.m2/repository/net/sf/jopt-simple/jopt-simple/4.6/jopt-simple-4.6.jar:/home/user/.m2/repository/org/apache/commons/commons-math3/3.1.1/commons-math3-3.1.1.jar:/home/user/.m2/repository/org/openjdk/jmh/jmh-generator-annprocess/1.19/jmh-generator-annprocess-1.19.jar:/home/user/.m2/repository/org/mockito/mockito-all/1.8.5/mockito-all-1.8.5.jar:/home/user/.m2/repository/org/apache/hadoop/hadoop-kms/3.2.0/hadoop-kms-3.2.0.jar:/home/user/.m2/repository/org/apache/hadoop/hadoop-auth/3.2.0/hadoop-auth-3.2.0.jar:/home/user/.m2/repository/com/nimbusds/nimbus-jose-jwt/4.41.1/nimbus-jose-jwt-4.41.1.jar:/home/user/.m2/repository/com/github/stephenc/jcip/jcip-annotations/1.0-1/jcip-annotations-1.0-1.jar:/home/user/.m2/repository/net/minidev/json-smart/2.3/json-smart-2.3.jar:/home/user/.m2/repository/net/minidev/accessors-smart/1.2/accessors-smart-1.2.jar:/home/user/.m2/repository/org/ow2/asm/asm/5.0.4/asm-5.0.4.jar:/home/user/.m2/repository/org/apache/curator/curator-framework/2.12.0/curator-framework-2.12.0.jar:/home/user/.m2/repository/com/sun/jersey/jersey-core/1.19/jersey-core-1.19.jar:/home/user/.m2/repository/javax/ws/rs/jsr311-api/1.1.1/jsr311-api-1.1.1.jar:/home/user/.m2/repository/com/sun/jersey/jersey-server/1.19/jersey-server-1.19.jar:/home/user/.m2/repository/javax/servlet/javax.servlet-api/3.1.0/javax.servlet-api-3.1.0.jar:/home/user/.m2/repository/org/eclipse/jetty/jetty-server/9.3.25.v20180904/jetty-server-9.3.25.v20180904.jar:/home/user/.m2/repository/org/eclipse/jetty/jetty-http/9.3.25.v20180904/jetty-http-9.3.25.v20180904.jar:/home/user/.m2/repository/org/eclipse/jetty/jetty-io/9.3.25.v20180904/jetty-io-9.3.25.v20180904.jar:/home/user/.m2/repository/org/eclipse/jetty/jetty-webapp/9.3.25.v20180904/jetty-webapp-9.3.25.v20180904.jar:/home/user/.m2/repository/org/eclipse/jetty/jetty-xml/9.3.25.v20180904/jetty-xml-9.3.25.v20180904.jar:/home/user/.m2/repository/log4j/log4j/1.2.17/log4j-1.2.17.jar:/home/user/.m2/repository/org/slf4j/slf4j-api/1.7.25/slf4j-api-1.7.25.jar:/home/user/.m2/repository/org/slf4j/jul-to-slf4j/1.7.25/jul-to-slf4j-1.7.25.jar:/home/user/.m2/repository/org/eclipse/jetty/jetty-util/9.3.25.v20180904/jetty-util-9.3.25.v20180904.jar:/home/user/.m2/repository/com/fasterxml/jackson/core/jackson-databind/2.9.9/jackson-databind-2.9.9.jar:/home/user/.m2/repository/org/apache/hadoop/hadoop-kms/3.2.0/hadoop-kms-3.2.0-tests.jar:/home/user/.m2/repository/org/apache/hadoop/hadoop-hdds-server-scm/0.5.0-SNAPSHOT/hadoop-hdds-server-scm-0.5.0-SNAPSHOT-tests.jar:/home/user/.m2/repository/org/apache/hadoop/hadoop-hdds-container-service/0.5.0-SNAPSHOT/hadoop-hdds-container-service-0.5.0-SNAPSHOT-tests.jar:/home/user/.m2/repository/org/yaml/snakeyaml/1.16/snakeyaml-1.16.jar:/home/user/.m2/repository/org/apache/hadoop/hadoop-common/3.2.0/hadoop-common-3.2.0-tests.jar:/home/user/.m2/repository/org/apache/hadoop/hadoop-annotations/3.2.0/hadoop-annotations-3.2.0.jar:/usr/lib/jvm/java-1.8.0-openjdk-1.8.0.222.b10-1.el7_7.x86_64/jre/../lib/tools.jar:/home/user/.m2/repository/commons-cli/commons-cli/1.2/commons-cli-1.2.jar:/home/user/.m2/repository/org/apache/httpcomponents/httpclient/4.5.2/httpclient-4.5.2.jar:/home/user/.m2/repository/org/apache/httpcomponents/httpcore/4.4.4/httpcore-4.4.4.jar:/home/user/.m2/repository/commons-codec/commons-codec/1.11/commons-codec-1.11.jar:/home/user/.m2/repository/commons-net/commons-net/3.6/commons-net-3.6.jar:/home/user/.m2/repository/commons-collections/commons-collections/3.2.2/commons-collections-3.2.2.jar:/home/user/.m2/repository/org/eclipse/jetty/jetty-servlet/9.3.25.v20180904/jetty-servlet-9.3.25.v20180904.jar:/home/user/.m2/repository/org/eclipse/jetty/jetty-security/9.3.25.v20180904/jetty-security-9.3.25.v20180904.jar:/home/user/.m2/repository/javax/servlet/jsp/jsp-api/2.1/jsp-api-2.1.jar:/home/user/.m2/repository/com/sun/jersey/jersey-servlet/1.19/jersey-servlet-1.19.jar:/home/user/.m2/repository/com/sun/jersey/jersey-json/1.19/jersey-json-1.19.jar:/home/user/.m2/repository/org/codehaus/jettison/jettison/1.1/jettison-1.1.jar:/home/user/.m2/repository/org/codehaus/jackson/jackson-core-asl/1.9.13/jackson-core-asl-1.9.13.jar:/home/user/.m2/repository/org/codehaus/jackson/jackson-mapper-asl/1.9.13/jackson-mapper-asl-1.9.13.jar:/home/user/.m2/repository/org/codehaus/jackson/jackson-jaxrs/1.9.13/jackson-jaxrs-1.9.13.jar:/home/user/.m2/repository/org/codehaus/jackson/jackson-xc/1.9.13/jackson-xc-1.9.13.jar:/home/user/.m2/repository/commons-logging/commons-logging/1.1.3/commons-logging-1.1.3.jar:/home/user/.m2/repository/commons-beanutils/commons-beanutils/1.9.4/commons-beanutils-1.9.4.jar:/home/user/.m2/repository/org/apache/commons/commons-configuration2/2.1.1/commons-configuration2-2.1.1.jar:/home/user/.m2/repository/org/apache/commons/commons-lang3/3.7/commons-lang3-3.7.jar:/home/user/.m2/repository/org/apache/commons/commons-text/1.4/commons-text-1.4.jar:/home/user/.m2/repository/org/apache/avro/avro/1.7.7/avro-1.7.7.jar:/home/user/.m2/repository/com/thoughtworks/paranamer/paranamer/2.3/paranamer-2.3.jar:/home/user/.m2/repository/org/xerial/snappy/snappy-java/1.0.5/snappy-java-1.0.5.jar:/home/user/.m2/repository/com/google/re2j/re2j/1.1/re2j-1.1.jar:/home/user/.m2/repository/com/google/code/gson/gson/2.2.4/gson-2.2.4.jar:/home/user/.m2/repository/com/jcraft/jsch/0.1.54/jsch-0.1.54.jar:/home/user/.m2/repository/org/apache/curator/curator-client/2.12.0/curator-client-2.12.0.jar:/home/user/.m2/repository/org/apache/curator/curator-recipes/2.12.0/curator-recipes-2.12.0.jar:/home/user/.m2/repository/com/google/code/findbugs/jsr305/3.0.0/jsr305-3.0.0.jar:/home/user/.m2/repository/org/apache/htrace/htrace-core4/4.1.0-incubating/htrace-core4-4.1.0-incubating.jar:/home/user/.m2/repository/org/apache/zookeeper/zookeeper/3.4.13/zookeeper-3.4.13.jar:/home/user/.m2/repository/jline/jline/0.9.94/jline-0.9.94.jar:/home/user/.m2/repository/org/apache/yetus/audience-annotations/0.5.0/audience-annotations-0.5.0.jar:/home/user/.m2/repository/org/codehaus/woodstox/stax2-api/3.1.4/stax2-api-3.1.4.jar:/home/user/.m2/repository/com/fasterxml/woodstox/woodstox-core/5.0.3/woodstox-core-5.0.3.jar:/home/user/.m2/repository/dnsjava/dnsjava/2.1.7/dnsjava-2.1.7.jar:/home/user/.m2/repository/org/apache/hadoop/hadoop-hdfs/3.2.0/hadoop-hdfs-3.2.0-tests.jar:/home/user/.m2/repository/org/eclipse/jetty/jetty-util-ajax/9.3.25.v20180904/jetty-util-ajax-9.3.25.v20180904.jar:/home/user/.m2/repository/commons-daemon/commons-daemon/1.0.13/commons-daemon-1.0.13.jar:/home/user/.m2/repository/io/netty/netty/3.10.5.Final/netty-3.10.5.Final.jar:/home/user/.m2/repository/io/netty/netty-all/4.0.52.Final/netty-all-4.0.52.Final.jar:/home/user/.m2/repository/org/fusesource/leveldbjni/leveldbjni-all/1.8/leveldbjni-all-1.8.jar:"/>
    <property name="sun.cpu.endian" value="little"/>
    <property name="user.home" value="/home/user"/>
    <property name="user.language" value="en"/>
    <property name="java.specification.vendor" value="Oracle Corporation"/>
    <property name="java.home" value="/usr/lib/jvm/java-1.8.0-openjdk-1.8.0.222.b10-1.el7_7.x86_64/jre"/>
    <property name="surefire.excludesFile" value="/tools/ozone-bad-unit-tests"/>
    <property name="java.security.krb5.conf" value="/workdir/hadoop-ozone/integration-test/target/test-classes/krb5.conf"/>
    <property name="basedir" value="/workdir/hadoop-ozone/integration-test"/>
    <property name="file.separator" value="/"/>
    <property name="line.separator" value="&#10;"/>
    <property name="java.vm.specification.vendor" value="Oracle Corporation"/>
    <property name="java.specification.name" value="Java Platform API Specification"/>
    <property name="java.awt.graphicsenv" value="sun.awt.X11GraphicsEnvironment"/>
    <property name="surefire.real.class.path" value="/workdir/hadoop-ozone/integration-test/target/surefire/surefirebooter543284181178912126.jar"/>
    <property name="hadoop.log.dir" value="/workdir/hadoop-ozone/integration-test/target/log"/>
    <property name="sun.boot.class.path" value="/usr/lib/jvm/java-1.8.0-openjdk-1.8.0.222.b10-1.el7_7.x86_64/jre/lib/resources.jar:/usr/lib/jvm/java-1.8.0-openjdk-1.8.0.222.b10-1.el7_7.x86_64/jre/lib/rt.jar:/usr/lib/jvm/java-1.8.0-openjdk-1.8.0.222.b10-1.el7_7.x86_64/jre/lib/sunrsasign.jar:/usr/lib/jvm/java-1.8.0-openjdk-1.8.0.222.b10-1.el7_7.x86_64/jre/lib/jsse.jar:/usr/lib/jvm/java-1.8.0-openjdk-1.8.0.222.b10-1.el7_7.x86_64/jre/lib/jce.jar:/usr/lib/jvm/java-1.8.0-openjdk-1.8.0.222.b10-1.el7_7.x86_64/jre/lib/charsets.jar:/usr/lib/jvm/java-1.8.0-openjdk-1.8.0.222.b10-1.el7_7.x86_64/jre/lib/jfr.jar:/usr/lib/jvm/java-1.8.0-openjdk-1.8.0.222.b10-1.el7_7.x86_64/jre/classes"/>
    <property name="sun.management.compiler" value="HotSpot 64-Bit Tiered Compilers"/>
    <property name="java.runtime.version" value="1.8.0_222-b10"/>
    <property name="java.net.preferIPv4Stack" value="true"/>
    <property name="user.name" value="jenkins1000"/>
    <property name="path.separator" value=":"/>
    <property name="java.security.egd" value="file:///dev/urandom"/>
    <property name="os.version" value="3.10.0-957.12.2.el7.x86_64"/>
    <property name="java.endorsed.dirs" value="/usr/lib/jvm/java-1.8.0-openjdk-1.8.0.222.b10-1.el7_7.x86_64/jre/lib/endorsed"/>
    <property name="java.runtime.name" value="OpenJDK Runtime Environment"/>
    <property name="file.encoding" value="ANSI_X3.4-1968"/>
    <property name="java.vm.name" value="OpenJDK 64-Bit Server VM"/>
    <property name="test.build.webapps" value=""/>
    <property name="localRepository" value="/home/user/.m2/repository"/>
    <property name="java.vendor.url.bug" value="http://bugreport.sun.com/bugreport/"/>
    <property name="java.io.tmpdir" value="/tmp"/>
    <property name="require.test.libhadoop" value=""/>
    <property name="java.version" value="1.8.0_222"/>
    <property name="user.dir" value="/workdir/hadoop-ozone/integration-test"/>
    <property name="os.arch" value="amd64"/>
    <property name="java.vm.specification.name" value="Java Virtual Machine Specification"/>
    <property name="test.build.classes" value="/workdir/hadoop-ozone/integration-test/target/test-classes"/>
    <property name="java.awt.printerjob" value="sun.print.PSPrinterJob"/>
    <property name="sun.os.patch.level" value="unknown"/>
    <property name="hadoop.tmp.dir" value="/workdir/hadoop-ozone/integration-test/target/tmp"/>
    <property name="java.library.path" value="/usr/lib:/workdir/hadoop-ozone/integration-test/target/native/target/usr/local/lib:/workdir/hadoop-ozone/integration-test/../../hadoop-common-project/hadoop-common/target/native/target/usr/local/lib:/usr/java/packages/lib/amd64:/usr/lib64:/lib64:/lib:/usr/lib"/>
    <property name="java.vm.info" value="mixed mode"/>
    <property name="java.vendor" value="Oracle Corporation"/>
    <property name="java.vm.version" value="25.222-b10"/>
    <property name="java.ext.dirs" value="/usr/lib/jvm/java-1.8.0-openjdk-1.8.0.222.b10-1.el7_7.x86_64/jre/lib/ext:/usr/java/packages/lib/ext"/>
    <property name="sun.io.unicode.encoding" value="UnicodeLittle"/>
    <property name="java.class.version" value="52.0"/>
  </properties>
  <testcase name="testMultiBlockWritesWithIntermittentDnFailures" classname="org.apache.hadoop.ozone.client.rpc.TestMultiBlockWritesWithDnFailures" time="97.777"/>
  <testcase name="testMultiBlockWritesWithDnFailures" classname="org.apache.hadoop.ozone.client.rpc.TestMultiBlockWritesWithDnFailures" time="25.449">
    <error message="Allocated 0 blocks. Requested 1 blocks" type="INTERNAL_ERROR org.apache.hadoop.ozone.om.exceptions.OMException">INTERNAL_ERROR org.apache.hadoop.ozone.om.exceptions.OMException: Allocated 0 blocks. Requested 1 blocks
	at org.apache.hadoop.ozone.om.protocolPB.OzoneManagerProtocolClientSideTranslatorPB.handleError(OzoneManagerProtocolClientSideTranslatorPB.java:761)
	at org.apache.hadoop.ozone.om.protocolPB.OzoneManagerProtocolClientSideTranslatorPB.allocateBlock(OzoneManagerProtocolClientSideTranslatorPB.java:793)
	at sun.reflect.NativeMethodAccessorImpl.invoke0(Native Method)
	at sun.reflect.NativeMethodAccessorImpl.invoke(NativeMethodAccessorImpl.java:62)
	at sun.reflect.DelegatingMethodAccessorImpl.invoke(DelegatingMethodAccessorImpl.java:43)
	at java.lang.reflect.Method.invoke(Method.java:498)
	at org.apache.hadoop.hdds.tracing.TraceAllMethod.invoke(TraceAllMethod.java:66)
	at com.sun.proxy.$Proxy36.allocateBlock(Unknown Source)
	at org.apache.hadoop.ozone.client.io.BlockOutputStreamEntryPool.allocateNewBlock(BlockOutputStreamEntryPool.java:259)
	at org.apache.hadoop.ozone.client.io.BlockOutputStreamEntryPool.allocateBlockIfNeeded(BlockOutputStreamEntryPool.java:307)
	at org.apache.hadoop.ozone.client.io.KeyOutputStream.handleWrite(KeyOutputStream.java:198)
	at org.apache.hadoop.ozone.client.io.KeyOutputStream.handleRetry(KeyOutputStream.java:375)
	at org.apache.hadoop.ozone.client.io.KeyOutputStream.handleException(KeyOutputStream.java:324)
	at org.apache.hadoop.ozone.client.io.KeyOutputStream.handleFlushOrClose(KeyOutputStream.java:449)
	at org.apache.hadoop.ozone.client.io.KeyOutputStream.handleWrite(KeyOutputStream.java:232)
	at org.apache.hadoop.ozone.client.io.KeyOutputStream.write(KeyOutputStream.java:190)
	at org.apache.hadoop.ozone.client.io.OzoneOutputStream.write(OzoneOutputStream.java:49)
	at java.io.OutputStream.write(OutputStream.java:75)
	at org.apache.hadoop.ozone.client.rpc.TestMultiBlockWritesWithDnFailures.testMultiBlockWritesWithDnFailures(TestMultiBlockWritesWithDnFailures.java:123)
	at sun.reflect.NativeMethodAccessorImpl.invoke0(Native Method)
	at sun.reflect.NativeMethodAccessorImpl.invoke(NativeMethodAccessorImpl.java:62)
	at sun.reflect.DelegatingMethodAccessorImpl.invoke(DelegatingMethodAccessorImpl.java:43)
	at java.lang.reflect.Method.invoke(Method.java:498)
	at org.junit.runners.model.FrameworkMethod$1.runReflectiveCall(FrameworkMethod.java:47)
	at org.junit.internal.runners.model.ReflectiveCallable.run(ReflectiveCallable.java:12)
	at org.junit.runners.model.FrameworkMethod.invokeExplosively(FrameworkMethod.java:44)
	at org.junit.internal.runners.statements.InvokeMethod.evaluate(InvokeMethod.java:17)
	at org.junit.internal.runners.statements.RunAfters.evaluate(RunAfters.java:27)
	at org.junit.runners.ParentRunner.runLeaf(ParentRunner.java:271)
	at org.junit.runners.BlockJUnit4ClassRunner.runChild(BlockJUnit4ClassRunner.java:70)
	at org.junit.runners.BlockJUnit4ClassRunner.runChild(BlockJUnit4ClassRunner.java:50)
	at org.junit.runners.ParentRunner$3.run(ParentRunner.java:238)
	at org.junit.runners.ParentRunner$1.schedule(ParentRunner.java:63)
	at org.junit.runners.ParentRunner.runChildren(ParentRunner.java:236)
	at org.junit.runners.ParentRunner.access$000(ParentRunner.java:53)
	at org.junit.runners.ParentRunner$2.evaluate(ParentRunner.java:229)
	at org.junit.runners.ParentRunner.run(ParentRunner.java:309)
	at org.apache.maven.surefire.junit4.JUnit4Provider.execute(JUnit4Provider.java:365)
	at org.apache.maven.surefire.junit4.JUnit4Provider.executeWithRerun(JUnit4Provider.java:273)
	at org.apache.maven.surefire.junit4.JUnit4Provider.executeTestSet(JUnit4Provider.java:238)
	at org.apache.maven.surefire.junit4.JUnit4Provider.invoke(JUnit4Provider.java:159)
	at org.apache.maven.surefire.booter.ForkedBooter.invokeProviderInSameClassLoader(ForkedBooter.java:384)
	at org.apache.maven.surefire.booter.ForkedBooter.runSuitesInProcess(ForkedBooter.java:345)
	at org.apache.maven.surefire.booter.ForkedBooter.execute(ForkedBooter.java:126)
	at org.apache.maven.surefire.booter.ForkedBooter.main(ForkedBooter.java:418)
</error>
    <system-out><![CDATA[2019-11-12 22:25:10,102 [main] WARN  server.ServerUtils (ServerUtils.java:getScmDbDir(145)) - ozone.scm.db.dirs is not configured. We recommend adding this setting. Falling back to ozone.metadata.dirs instead.
2019-11-12 22:25:10,148 [main] WARN  server.ServerUtils (ServerUtils.java:getScmDbDir(145)) - ozone.scm.db.dirs is not configured. We recommend adding this setting. Falling back to ozone.metadata.dirs instead.
2019-11-12 22:25:10,149 [main] WARN  server.ServerUtils (ServerUtils.java:getScmDbDir(145)) - ozone.scm.db.dirs is not configured. We recommend adding this setting. Falling back to ozone.metadata.dirs instead.
2019-11-12 22:25:10,150 [main] INFO  db.DBStoreBuilder (DBStoreBuilder.java:addTable(127)) - using custom profile for table: deletedBlocks
2019-11-12 22:25:10,150 [main] INFO  db.DBStoreBuilder (DBStoreBuilder.java:processTables(183)) - Using default column profile:DBProfile.DISK for Table:deletedBlocks
2019-11-12 22:25:10,150 [main] INFO  db.DBStoreBuilder (DBStoreBuilder.java:addTable(127)) - using custom profile for table: validCerts
2019-11-12 22:25:10,150 [main] INFO  db.DBStoreBuilder (DBStoreBuilder.java:processTables(183)) - Using default column profile:DBProfile.DISK for Table:validCerts
2019-11-12 22:25:10,151 [main] INFO  db.DBStoreBuilder (DBStoreBuilder.java:addTable(127)) - using custom profile for table: revokedCerts
2019-11-12 22:25:10,151 [main] INFO  db.DBStoreBuilder (DBStoreBuilder.java:processTables(183)) - Using default column profile:DBProfile.DISK for Table:revokedCerts
2019-11-12 22:25:10,152 [main] INFO  db.DBStoreBuilder (DBStoreBuilder.java:addTable(127)) - using custom profile for table: default
2019-11-12 22:25:10,152 [main] INFO  db.DBStoreBuilder (DBStoreBuilder.java:processTables(189)) - Using default column profile:DBProfile.DISK for Table:default
2019-11-12 22:25:10,152 [main] INFO  db.DBStoreBuilder (DBStoreBuilder.java:getDbProfile(220)) - Using default options. DBProfile.DISK
2019-11-12 22:25:10,394 [main] INFO  net.NodeSchemaLoader (NodeSchemaLoader.java:loadSchemaFromFile(125)) - Loading file from sun.misc.CompoundEnumeration@6d099323
2019-11-12 22:25:10,394 [main] INFO  net.NodeSchemaLoader (NodeSchemaLoader.java:loadSchema(171)) - Loading network topology layer schema file
2019-11-12 22:25:10,400 [main] INFO  node.SCMNodeManager (SCMNodeManager.java:<init>(116)) - Entering startup safe mode.
2019-11-12 22:25:10,401 [main] INFO  algorithms.ContainerPlacementPolicyFactory (ContainerPlacementPolicyFactory.java:getPolicy(57)) - Create container placement policy of type org.apache.hadoop.hdds.scm.container.placement.algorithms.SCMContainerPlacementRandom
2019-11-12 22:25:10,401 [main] WARN  server.ServerUtils (ServerUtils.java:getScmDbDir(145)) - ozone.scm.db.dirs is not configured. We recommend adding this setting. Falling back to ozone.metadata.dirs instead.
2019-11-12 22:25:10,514 [main] INFO  pipeline.SCMPipelineManager (SCMPipelineManager.java:initializePipelineState(132)) - No pipeline exists in current db
2019-11-12 22:25:10,514 [main] WARN  server.ServerUtils (ServerUtils.java:getScmDbDir(145)) - ozone.scm.db.dirs is not configured. We recommend adding this setting. Falling back to ozone.metadata.dirs instead.
2019-11-12 22:25:10,598 [main] WARN  events.EventQueue (EventQueue.java:fireEvent(183)) - No event handler registered for event TypedEvent{payloadType=SafeModeStatus, name='SafeModeStatus'}
2019-11-12 22:25:10,599 [main] INFO  ipc.CallQueueManager (CallQueueManager.java:<init>(84)) - Using callQueue: class java.util.concurrent.LinkedBlockingQueue, queueCapacity: 2000, scheduler: class org.apache.hadoop.ipc.DefaultRpcScheduler, ipcBackoff: false.
2019-11-12 22:25:10,601 [Socket Reader #1 for port 44011] INFO  ipc.Server (Server.java:run(1074)) - Starting Socket Reader #1 for port 44011
2019-11-12 22:25:10,603 [main] INFO  ipc.CallQueueManager (CallQueueManager.java:<init>(84)) - Using callQueue: class java.util.concurrent.LinkedBlockingQueue, queueCapacity: 2000, scheduler: class org.apache.hadoop.ipc.DefaultRpcScheduler, ipcBackoff: false.
2019-11-12 22:25:10,604 [Socket Reader #1 for port 34837] INFO  ipc.Server (Server.java:run(1074)) - Starting Socket Reader #1 for port 34837
2019-11-12 22:25:10,606 [main] INFO  ipc.CallQueueManager (CallQueueManager.java:<init>(84)) - Using callQueue: class java.util.concurrent.LinkedBlockingQueue, queueCapacity: 2000, scheduler: class org.apache.hadoop.ipc.DefaultRpcScheduler, ipcBackoff: false.
2019-11-12 22:25:10,607 [Socket Reader #1 for port 42656] INFO  ipc.Server (Server.java:run(1074)) - Starting Socket Reader #1 for port 42656
2019-11-12 22:25:10,610 [main] INFO  hdfs.DFSUtil (DFSUtil.java:httpServerTemplateForNNAndJN(1641)) - Starting Web-server for scm at: http://0.0.0.0:0
2019-11-12 22:25:10,612 [main] INFO  server.AuthenticationFilter (AuthenticationFilter.java:constructSecretProvider(240)) - Unable to initialize FileSignerSecretProvider, falling back to use random secrets.
2019-11-12 22:25:10,613 [main] WARN  http.HttpRequestLog (HttpRequestLog.java:getRequestLog(97)) - Jetty request log can only be enabled using Log4j
2019-11-12 22:25:10,614 [main] INFO  http.HttpServer2 (HttpServer2.java:addGlobalFilter(975)) - Added global filter 'safety' (class=org.apache.hadoop.http.HttpServer2$QuotingInputFilter)
2019-11-12 22:25:10,615 [main] INFO  http.HttpServer2 (HttpServer2.java:addFilter(948)) - Added filter static_user_filter (class=org.apache.hadoop.http.lib.StaticUserWebFilter$StaticUserFilter) to context scm
2019-11-12 22:25:10,615 [main] INFO  http.HttpServer2 (HttpServer2.java:addFilter(958)) - Added filter static_user_filter (class=org.apache.hadoop.http.lib.StaticUserWebFilter$StaticUserFilter) to context static
2019-11-12 22:25:10,615 [main] INFO  http.HttpServer2 (HttpServer2.java:addFilter(958)) - Added filter static_user_filter (class=org.apache.hadoop.http.lib.StaticUserWebFilter$StaticUserFilter) to context logs
2019-11-12 22:25:10,618 [main] INFO  server.StorageContainerManager (StorageContainerManager.java:start(764)) - StorageContainerLocationProtocol RPC server is listening at /0.0.0.0:42656
2019-11-12 22:25:10,620 [main] WARN  impl.MetricsConfig (MetricsConfig.java:loadFirst(134)) - Cannot locate configuration: tried hadoop-metrics2-storagecontainermanager.properties,hadoop-metrics2.properties
2019-11-12 22:25:10,621 [main] INFO  impl.MetricsSystemImpl (MetricsSystemImpl.java:startTimer(374)) - Scheduled Metric snapshot period at 10 second(s).
2019-11-12 22:25:10,621 [main] INFO  impl.MetricsSystemImpl (MetricsSystemImpl.java:start(191)) - StorageContainerManager metrics system started
2019-11-12 22:25:10,655 [main] WARN  impl.MetricsSystemImpl (MetricsSystemImpl.java:register(276)) - Sink prometheus already exists!
2019-11-12 22:25:10,661 [main] INFO  server.SCMClientProtocolServer (SCMClientProtocolServer.java:start(159)) - RPC server for Client  is listening at /0.0.0.0:42656
2019-11-12 22:25:10,662 [IPC Server Responder] INFO  ipc.Server (Server.java:run(1314)) - IPC Server Responder: starting
2019-11-12 22:25:10,662 [IPC Server listener on 42656] INFO  ipc.Server (Server.java:run(1153)) - IPC Server listener on 42656: starting
2019-11-12 22:25:10,664 [main] INFO  server.StorageContainerManager (StorageContainerManager.java:start(774)) - ScmBlockLocationProtocol RPC server is listening at /0.0.0.0:34837
2019-11-12 22:25:10,665 [main] INFO  server.SCMBlockProtocolServer (SCMBlockProtocolServer.java:start(146)) - RPC server for Block Protocol is listening at /0.0.0.0:34837
2019-11-12 22:25:10,665 [IPC Server Responder] INFO  ipc.Server (Server.java:run(1314)) - IPC Server Responder: starting
2019-11-12 22:25:10,665 [IPC Server listener on 34837] INFO  ipc.Server (Server.java:run(1153)) - IPC Server listener on 34837: starting
2019-11-12 22:25:10,668 [main] INFO  server.StorageContainerManager (StorageContainerManager.java:start(778)) - ScmDatanodeProtocl RPC server is listening at /0.0.0.0:44011
2019-11-12 22:25:10,668 [main] INFO  server.SCMDatanodeProtocolServer (SCMDatanodeProtocolServer.java:start(169)) - RPC server for DataNodes is listening at /0.0.0.0:44011
2019-11-12 22:25:10,668 [IPC Server Responder] INFO  ipc.Server (Server.java:run(1314)) - IPC Server Responder: starting
2019-11-12 22:25:10,668 [IPC Server listener on 44011] INFO  ipc.Server (Server.java:run(1153)) - IPC Server listener on 44011: starting
2019-11-12 22:25:10,671 [main] INFO  http.HttpServer2 (HttpServer2.java:bindListener(1191)) - Jetty bound to port 36005
2019-11-12 22:25:10,671 [main] INFO  server.Server (Server.java:doStart(351)) - jetty-9.3.25.v20180904, build timestamp: 2018-09-04T21:11:46Z, git hash: 3ce520221d0240229c862b122d2b06c12a625732
2019-11-12 22:25:10,673 [main] INFO  handler.ContextHandler (ContextHandler.java:doStart(781)) - Started o.e.j.s.ServletContextHandler@9e54c59{/logs,file:///workdir/hadoop-ozone/integration-test/target/log,AVAILABLE}
2019-11-12 22:25:10,673 [main] INFO  handler.ContextHandler (ContextHandler.java:doStart(781)) - Started o.e.j.s.ServletContextHandler@4a2e7bcb{/static,file:///workdir/hadoop-ozone/integration-test/target/test-classes/webapps/static,AVAILABLE}
2019-11-12 22:25:10,680 [main] INFO  handler.ContextHandler (ContextHandler.java:doStart(781)) - Started o.e.j.w.WebAppContext@539a138b{/,file:///workdir/hadoop-ozone/integration-test/target/test-classes/webapps/scm/,AVAILABLE}{/scm}
2019-11-12 22:25:10,681 [main] INFO  server.AbstractConnector (AbstractConnector.java:doStart(278)) - Started ServerConnector@2cd4e16a{HTTP/1.1,[http/1.1]}{0.0.0.0:36005}
2019-11-12 22:25:10,682 [main] INFO  server.Server (Server.java:doStart(419)) - Started @98771ms
2019-11-12 22:25:10,682 [main] WARN  impl.MetricsSystemImpl (MetricsSystemImpl.java:register(276)) - Sink prometheus already exists!
2019-11-12 22:25:10,684 [main] INFO  server.BaseHttpServer (BaseHttpServer.java:updateConnectorAddress(215)) - HTTP server of SCM is listening at http://0.0.0.0:36005
2019-11-12 22:25:10,685 [main] WARN  server.ServerUtils (ServerUtils.java:getDBPath(222)) - ozone.om.db.dirs is not configured. We recommend adding this setting. Falling back to ozone.metadata.dirs instead.
2019-11-12 22:25:10,685 [org.apache.hadoop.util.JvmPauseMonitor$Monitor@7b477141] INFO  util.JvmPauseMonitor (JvmPauseMonitor.java:run(188)) - Starting JVM pause monitor
2019-11-12 22:25:10,709 [main] INFO  ha.OMHANodeDetails (OMHANodeDetails.java:loadOMHAConfig(190)) - Configuration either no ozone.om.address set. Falling back to the default OM address /127.0.0.1:0
2019-11-12 22:25:10,709 [main] INFO  ha.OMHANodeDetails (OMHANodeDetails.java:getOMNodeDetails(220)) - OM Service ID is not set. Setting it to the default ID: omServiceIdDefault
2019-11-12 22:25:10,710 [main] WARN  server.ServerUtils (ServerUtils.java:getDBPath(222)) - ozone.om.db.dirs is not configured. We recommend adding this setting. Falling back to ozone.metadata.dirs instead.
2019-11-12 22:25:10,710 [main] WARN  server.ServerUtils (ServerUtils.java:getDBPath(222)) - ozone.om.db.dirs is not configured. We recommend adding this setting. Falling back to ozone.metadata.dirs instead.
2019-11-12 22:25:10,716 [main] WARN  server.ServerUtils (ServerUtils.java:getDBPath(222)) - ozone.om.db.dirs is not configured. We recommend adding this setting. Falling back to ozone.metadata.dirs instead.
2019-11-12 22:25:10,716 [main] INFO  db.DBStoreBuilder (DBStoreBuilder.java:addTable(127)) - using custom profile for table: userTable
2019-11-12 22:25:10,716 [main] INFO  db.DBStoreBuilder (DBStoreBuilder.java:processTables(183)) - Using default column profile:DBProfile.DISK for Table:userTable
2019-11-12 22:25:10,717 [main] INFO  db.DBStoreBuilder (DBStoreBuilder.java:addTable(127)) - using custom profile for table: volumeTable
2019-11-12 22:25:10,717 [main] INFO  db.DBStoreBuilder (DBStoreBuilder.java:processTables(183)) - Using default column profile:DBProfile.DISK for Table:volumeTable
2019-11-12 22:25:10,717 [main] INFO  db.DBStoreBuilder (DBStoreBuilder.java:addTable(127)) - using custom profile for table: bucketTable
2019-11-12 22:25:10,717 [main] INFO  db.DBStoreBuilder (DBStoreBuilder.java:processTables(183)) - Using default column profile:DBProfile.DISK for Table:bucketTable
2019-11-12 22:25:10,717 [main] INFO  db.DBStoreBuilder (DBStoreBuilder.java:addTable(127)) - using custom profile for table: keyTable
2019-11-12 22:25:10,717 [main] INFO  db.DBStoreBuilder (DBStoreBuilder.java:processTables(183)) - Using default column profile:DBProfile.DISK for Table:keyTable
2019-11-12 22:25:10,718 [main] INFO  db.DBStoreBuilder (DBStoreBuilder.java:addTable(127)) - using custom profile for table: deletedTable
2019-11-12 22:25:10,718 [main] INFO  db.DBStoreBuilder (DBStoreBuilder.java:processTables(183)) - Using default column profile:DBProfile.DISK for Table:deletedTable
2019-11-12 22:25:10,718 [main] INFO  db.DBStoreBuilder (DBStoreBuilder.java:addTable(127)) - using custom profile for table: openKeyTable
2019-11-12 22:25:10,718 [main] INFO  db.DBStoreBuilder (DBStoreBuilder.java:processTables(183)) - Using default column profile:DBProfile.DISK for Table:openKeyTable
2019-11-12 22:25:10,718 [main] INFO  db.DBStoreBuilder (DBStoreBuilder.java:addTable(127)) - using custom profile for table: s3Table
2019-11-12 22:25:10,718 [main] INFO  db.DBStoreBuilder (DBStoreBuilder.java:processTables(183)) - Using default column profile:DBProfile.DISK for Table:s3Table
2019-11-12 22:25:10,718 [main] INFO  db.DBStoreBuilder (DBStoreBuilder.java:addTable(127)) - using custom profile for table: multipartInfoTable
2019-11-12 22:25:10,718 [main] INFO  db.DBStoreBuilder (DBStoreBuilder.java:processTables(183)) - Using default column profile:DBProfile.DISK for Table:multipartInfoTable
2019-11-12 22:25:10,719 [main] INFO  db.DBStoreBuilder (DBStoreBuilder.java:addTable(127)) - using custom profile for table: dTokenTable
2019-11-12 22:25:10,719 [main] INFO  db.DBStoreBuilder (DBStoreBuilder.java:processTables(183)) - Using default column profile:DBProfile.DISK for Table:dTokenTable
2019-11-12 22:25:10,719 [main] INFO  db.DBStoreBuilder (DBStoreBuilder.java:addTable(127)) - using custom profile for table: s3SecretTable
2019-11-12 22:25:10,719 [main] INFO  db.DBStoreBuilder (DBStoreBuilder.java:processTables(183)) - Using default column profile:DBProfile.DISK for Table:s3SecretTable
2019-11-12 22:25:10,719 [main] INFO  db.DBStoreBuilder (DBStoreBuilder.java:addTable(127)) - using custom profile for table: prefixTable
2019-11-12 22:25:10,719 [main] INFO  db.DBStoreBuilder (DBStoreBuilder.java:processTables(183)) - Using default column profile:DBProfile.DISK for Table:prefixTable
2019-11-12 22:25:10,719 [main] INFO  db.DBStoreBuilder (DBStoreBuilder.java:addTable(127)) - using custom profile for table: default
2019-11-12 22:25:10,720 [main] INFO  db.DBStoreBuilder (DBStoreBuilder.java:processTables(189)) - Using default column profile:DBProfile.DISK for Table:default
2019-11-12 22:25:10,720 [main] INFO  db.DBStoreBuilder (DBStoreBuilder.java:getDbProfile(220)) - Using default options. DBProfile.DISK
2019-11-12 22:25:11,351 [main] INFO  ipc.CallQueueManager (CallQueueManager.java:<init>(84)) - Using callQueue: class java.util.concurrent.LinkedBlockingQueue, queueCapacity: 2000, scheduler: class org.apache.hadoop.ipc.DefaultRpcScheduler, ipcBackoff: false.
2019-11-12 22:25:11,352 [Socket Reader #1 for port 45809] INFO  ipc.Server (Server.java:run(1074)) - Starting Socket Reader #1 for port 45809
2019-11-12 22:25:11,364 [main] INFO  om.OzoneManager (OzoneManager.java:start(1077)) - OzoneManager RPC server is listening at localhost/127.0.0.1:45809
2019-11-12 22:25:11,364 [main] INFO  impl.MetricsSystemImpl (MetricsSystemImpl.java:init(158)) - OzoneManager metrics system started (again)
2019-11-12 22:25:11,365 [IPC Server Responder] INFO  ipc.Server (Server.java:run(1314)) - IPC Server Responder: starting
2019-11-12 22:25:11,366 [IPC Server listener on 45809] INFO  ipc.Server (Server.java:run(1153)) - IPC Server listener on 45809: starting
2019-11-12 22:25:11,370 [main] INFO  hdfs.DFSUtil (DFSUtil.java:httpServerTemplateForNNAndJN(1641)) - Starting Web-server for ozoneManager at: http://0.0.0.0:0
2019-11-12 22:25:11,372 [main] INFO  server.AuthenticationFilter (AuthenticationFilter.java:constructSecretProvider(240)) - Unable to initialize FileSignerSecretProvider, falling back to use random secrets.
2019-11-12 22:25:11,372 [main] WARN  http.HttpRequestLog (HttpRequestLog.java:getRequestLog(97)) - Jetty request log can only be enabled using Log4j
2019-11-12 22:25:11,374 [main] INFO  http.HttpServer2 (HttpServer2.java:addGlobalFilter(975)) - Added global filter 'safety' (class=org.apache.hadoop.http.HttpServer2$QuotingInputFilter)
2019-11-12 22:25:11,374 [main] INFO  http.HttpServer2 (HttpServer2.java:addFilter(948)) - Added filter static_user_filter (class=org.apache.hadoop.http.lib.StaticUserWebFilter$StaticUserFilter) to context ozoneManager
2019-11-12 22:25:11,375 [main] INFO  http.HttpServer2 (HttpServer2.java:addFilter(958)) - Added filter static_user_filter (class=org.apache.hadoop.http.lib.StaticUserWebFilter$StaticUserFilter) to context static
2019-11-12 22:25:11,375 [main] INFO  http.HttpServer2 (HttpServer2.java:addFilter(958)) - Added filter static_user_filter (class=org.apache.hadoop.http.lib.StaticUserWebFilter$StaticUserFilter) to context logs
2019-11-12 22:25:11,376 [main] INFO  http.HttpServer2 (HttpServer2.java:bindListener(1191)) - Jetty bound to port 43888
2019-11-12 22:25:11,376 [main] INFO  server.Server (Server.java:doStart(351)) - jetty-9.3.25.v20180904, build timestamp: 2018-09-04T21:11:46Z, git hash: 3ce520221d0240229c862b122d2b06c12a625732
2019-11-12 22:25:11,377 [main] INFO  handler.ContextHandler (ContextHandler.java:doStart(781)) - Started o.e.j.s.ServletContextHandler@fb49fdf{/logs,file:///workdir/hadoop-ozone/integration-test/target/log,AVAILABLE}
2019-11-12 22:25:11,378 [main] INFO  handler.ContextHandler (ContextHandler.java:doStart(781)) - Started o.e.j.s.ServletContextHandler@7da34b26{/static,file:///workdir/hadoop-ozone/integration-test/target/test-classes/webapps/static,AVAILABLE}
2019-11-12 22:25:11,387 [main] INFO  handler.ContextHandler (ContextHandler.java:doStart(781)) - Started o.e.j.w.WebAppContext@3127cb44{/,file:///workdir/hadoop-ozone/integration-test/target/test-classes/webapps/ozoneManager/,AVAILABLE}{/ozoneManager}
2019-11-12 22:25:11,387 [main] INFO  server.AbstractConnector (AbstractConnector.java:doStart(278)) - Started ServerConnector@3234474{HTTP/1.1,[http/1.1]}{0.0.0.0:43888}
2019-11-12 22:25:11,388 [main] INFO  server.Server (Server.java:doStart(419)) - Started @99477ms
2019-11-12 22:25:11,388 [main] WARN  impl.MetricsSystemImpl (MetricsSystemImpl.java:register(276)) - Sink prometheus already exists!
2019-11-12 22:25:11,389 [main] INFO  server.BaseHttpServer (BaseHttpServer.java:updateConnectorAddress(215)) - HTTP server of OZONEMANAGER is listening at http://0.0.0.0:43888
2019-11-12 22:25:11,405 [main] INFO  impl.MetricsSystemImpl (MetricsSystemImpl.java:init(158)) - HddsDatanode metrics system started (again)
2019-11-12 22:25:11,407 [main] INFO  ozone.HddsDatanodeService (HddsDatanodeService.java:start(186)) - HddsDatanodeService host:pr-hdds-2463-z4974-865879084 ip:192.168.157.210
2019-11-12 22:25:11,412 [main] INFO  volume.HddsVolume (HddsVolume.java:<init>(176)) - Creating Volume: /workdir/hadoop-ozone/integration-test/target/test-dir/MiniOzoneClusterImpl-49cde4fa-0f5c-485a-80e4-a10b14a740d7/datanode-0/data/containers/hdds of  storage type : DISK and capacity : 1482555576320
2019-11-12 22:25:11,413 [main] INFO  volume.VolumeSet (VolumeSet.java:initializeVolumeSet(170)) - Added Volume : /workdir/hadoop-ozone/integration-test/target/test-dir/MiniOzoneClusterImpl-49cde4fa-0f5c-485a-80e4-a10b14a740d7/datanode-0/data/containers/hdds to VolumeSet
2019-11-12 22:25:11,413 [main] INFO  volume.ThrottledAsyncChecker (ThrottledAsyncChecker.java:schedule(141)) - Scheduling a check for /workdir/hadoop-ozone/integration-test/target/test-dir/MiniOzoneClusterImpl-49cde4fa-0f5c-485a-80e4-a10b14a740d7/datanode-0/data/containers/hdds
2019-11-12 22:25:11,414 [main] INFO  volume.HddsVolumeChecker (HddsVolumeChecker.java:checkAllVolumes(204)) - Scheduled health check for volume /workdir/hadoop-ozone/integration-test/target/test-dir/MiniOzoneClusterImpl-49cde4fa-0f5c-485a-80e4-a10b14a740d7/datanode-0/data/containers/hdds
2019-11-12 22:25:11,428 [main] INFO  impl.RaftServerProxy (ConfUtils.java:logGet(43)) - raft.rpc.type = GRPC (default)
2019-11-12 22:25:11,428 [main] INFO  grpc.GrpcFactory (GrpcFactory.java:checkPooledByteBufAllocatorUseCacheForAllThreads(45)) - PERFORMANCE WARNING: useCacheForAllThreads is true that may cause Netty to create a lot garbage objects and, as a result, trigger GC.
	It is recommended to disable useCacheForAllThreads by setting -Dorg.apache.ratis.thirdparty.io.netty.allocator.useCacheForAllThreads=false in command line.
2019-11-12 22:25:11,428 [main] INFO  grpc.GrpcConfigKeys$Server (ConfUtils.java:logGet(43)) - raft.grpc.server.port = 0 (default)
2019-11-12 22:25:11,429 [main] INFO  server.GrpcService (ConfUtils.java:logGet(43)) - raft.grpc.message.size.max = 33570816 (custom)
2019-11-12 22:25:11,429 [main] INFO  server.RaftServerConfigKeys (ConfUtils.java:logGet(43)) - raft.server.log.appender.buffer.byte-limit = 33554432 (custom)
2019-11-12 22:25:11,429 [main] INFO  server.GrpcService (ConfUtils.java:logGet(43)) - raft.grpc.flow.control.window = 1MB (=1048576) (default)
2019-11-12 22:25:11,429 [main] INFO  server.RaftServerConfigKeys (ConfUtils.java:logGet(43)) - raft.server.rpc.request.timeout = 3000ms (default)
2019-11-12 22:25:11,430 [main] INFO  server.RaftServerConfigKeys (ConfUtils.java:logGet(43)) - raft.server.storage.dir = [/workdir/hadoop-ozone/integration-test/target/test-dir/MiniOzoneClusterImpl-49cde4fa-0f5c-485a-80e4-a10b14a740d7/datanode-0/data/ratis] (custom)
2019-11-12 22:25:11,432 [main] INFO  hdfs.DFSUtil (DFSUtil.java:httpServerTemplateForNNAndJN(1641)) - Starting Web-server for hddsDatanode at: http://0.0.0.0:0
2019-11-12 22:25:11,434 [main] INFO  server.AuthenticationFilter (AuthenticationFilter.java:constructSecretProvider(240)) - Unable to initialize FileSignerSecretProvider, falling back to use random secrets.
2019-11-12 22:25:11,434 [main] WARN  http.HttpRequestLog (HttpRequestLog.java:getRequestLog(97)) - Jetty request log can only be enabled using Log4j
2019-11-12 22:25:11,436 [main] INFO  http.HttpServer2 (HttpServer2.java:addGlobalFilter(975)) - Added global filter 'safety' (class=org.apache.hadoop.http.HttpServer2$QuotingInputFilter)
2019-11-12 22:25:11,436 [main] INFO  http.HttpServer2 (HttpServer2.java:addFilter(948)) - Added filter static_user_filter (class=org.apache.hadoop.http.lib.StaticUserWebFilter$StaticUserFilter) to context hddsDatanode
2019-11-12 22:25:11,436 [main] INFO  http.HttpServer2 (HttpServer2.java:addFilter(958)) - Added filter static_user_filter (class=org.apache.hadoop.http.lib.StaticUserWebFilter$StaticUserFilter) to context static
2019-11-12 22:25:11,436 [main] INFO  http.HttpServer2 (HttpServer2.java:addFilter(958)) - Added filter static_user_filter (class=org.apache.hadoop.http.lib.StaticUserWebFilter$StaticUserFilter) to context logs
2019-11-12 22:25:11,437 [main] INFO  http.HttpServer2 (HttpServer2.java:bindListener(1191)) - Jetty bound to port 35303
2019-11-12 22:25:11,437 [main] INFO  server.Server (Server.java:doStart(351)) - jetty-9.3.25.v20180904, build timestamp: 2018-09-04T21:11:46Z, git hash: 3ce520221d0240229c862b122d2b06c12a625732
2019-11-12 22:25:11,439 [main] INFO  handler.ContextHandler (ContextHandler.java:doStart(781)) - Started o.e.j.s.ServletContextHandler@2954f6ab{/logs,file:///workdir/hadoop-ozone/integration-test/target/log,AVAILABLE}
2019-11-12 22:25:11,440 [main] INFO  handler.ContextHandler (ContextHandler.java:doStart(781)) - Started o.e.j.s.ServletContextHandler@163042ea{/static,jar:file:/home/user/.m2/repository/org/apache/hadoop/hadoop-hdds-container-service/0.5.0-SNAPSHOT/hadoop-hdds-container-service-0.5.0-SNAPSHOT.jar!/webapps/static,AVAILABLE}
2019-11-12 22:25:11,489 [main] INFO  handler.ContextHandler (ContextHandler.java:doStart(781)) - Started o.e.j.w.WebAppContext@60990e5c{/,file:///tmp/jetty-0.0.0.0-35303-hddsDatanode-_-any-8984499009900552297.dir/webapp/,AVAILABLE}{/hddsDatanode}
2019-11-12 22:25:11,490 [main] INFO  server.AbstractConnector (AbstractConnector.java:doStart(278)) - Started ServerConnector@4d84049a{HTTP/1.1,[http/1.1]}{0.0.0.0:35303}
2019-11-12 22:25:11,491 [main] INFO  server.Server (Server.java:doStart(419)) - Started @99580ms
2019-11-12 22:25:11,491 [main] WARN  impl.MetricsSystemImpl (MetricsSystemImpl.java:register(276)) - Sink prometheus already exists!
2019-11-12 22:25:11,493 [main] INFO  server.BaseHttpServer (BaseHttpServer.java:updateConnectorAddress(215)) - HTTP server of HDDSDATANODE is listening at http://0.0.0.0:35303
2019-11-12 22:25:11,493 [main] INFO  impl.MetricsSystemImpl (MetricsSystemImpl.java:init(158)) - HddsDatanode metrics system started (again)
2019-11-12 22:25:11,495 [org.apache.hadoop.util.JvmPauseMonitor$Monitor@1f172b4e] INFO  util.JvmPauseMonitor (JvmPauseMonitor.java:run(188)) - Starting JVM pause monitor
2019-11-12 22:25:11,495 [main] INFO  ozone.HddsDatanodeService (HddsDatanodeService.java:start(186)) - HddsDatanodeService host:pr-hdds-2463-z4974-865879084 ip:192.168.157.210
2019-11-12 22:25:11,497 [Datanode State Machine Thread - 0] INFO  datanode.InitDatanodeState (InitDatanodeState.java:persistContainerDatanodeDetails(140)) - DatanodeDetails is persisted to /workdir/hadoop-ozone/integration-test/target/test-dir/MiniOzoneClusterImpl-49cde4fa-0f5c-485a-80e4-a10b14a740d7/datanode-0/meta/datanode.id
2019-11-12 22:25:11,500 [main] INFO  volume.HddsVolume (HddsVolume.java:<init>(176)) - Creating Volume: /workdir/hadoop-ozone/integration-test/target/test-dir/MiniOzoneClusterImpl-49cde4fa-0f5c-485a-80e4-a10b14a740d7/datanode-1/data/containers/hdds of  storage type : DISK and capacity : 1482555576320
2019-11-12 22:25:11,500 [main] INFO  volume.VolumeSet (VolumeSet.java:initializeVolumeSet(170)) - Added Volume : /workdir/hadoop-ozone/integration-test/target/test-dir/MiniOzoneClusterImpl-49cde4fa-0f5c-485a-80e4-a10b14a740d7/datanode-1/data/containers/hdds to VolumeSet
2019-11-12 22:25:11,501 [main] INFO  volume.ThrottledAsyncChecker (ThrottledAsyncChecker.java:schedule(141)) - Scheduling a check for /workdir/hadoop-ozone/integration-test/target/test-dir/MiniOzoneClusterImpl-49cde4fa-0f5c-485a-80e4-a10b14a740d7/datanode-1/data/containers/hdds
2019-11-12 22:25:11,501 [main] INFO  volume.HddsVolumeChecker (HddsVolumeChecker.java:checkAllVolumes(204)) - Scheduled health check for volume /workdir/hadoop-ozone/integration-test/target/test-dir/MiniOzoneClusterImpl-49cde4fa-0f5c-485a-80e4-a10b14a740d7/datanode-1/data/containers/hdds
2019-11-12 22:25:11,512 [main] INFO  impl.RaftServerProxy (ConfUtils.java:logGet(43)) - raft.rpc.type = GRPC (default)
2019-11-12 22:25:11,513 [main] INFO  grpc.GrpcFactory (GrpcFactory.java:checkPooledByteBufAllocatorUseCacheForAllThreads(45)) - PERFORMANCE WARNING: useCacheForAllThreads is true that may cause Netty to create a lot garbage objects and, as a result, trigger GC.
	It is recommended to disable useCacheForAllThreads by setting -Dorg.apache.ratis.thirdparty.io.netty.allocator.useCacheForAllThreads=false in command line.
2019-11-12 22:25:11,513 [main] INFO  grpc.GrpcConfigKeys$Server (ConfUtils.java:logGet(43)) - raft.grpc.server.port = 0 (default)
2019-11-12 22:25:11,513 [main] INFO  server.GrpcService (ConfUtils.java:logGet(43)) - raft.grpc.message.size.max = 33570816 (custom)
2019-11-12 22:25:11,513 [main] INFO  server.RaftServerConfigKeys (ConfUtils.java:logGet(43)) - raft.server.log.appender.buffer.byte-limit = 33554432 (custom)
2019-11-12 22:25:11,513 [main] INFO  server.GrpcService (ConfUtils.java:logGet(43)) - raft.grpc.flow.control.window = 1MB (=1048576) (default)
2019-11-12 22:25:11,513 [main] INFO  server.RaftServerConfigKeys (ConfUtils.java:logGet(43)) - raft.server.rpc.request.timeout = 3000ms (default)
2019-11-12 22:25:11,514 [main] INFO  server.RaftServerConfigKeys (ConfUtils.java:logGet(43)) - raft.server.storage.dir = [/workdir/hadoop-ozone/integration-test/target/test-dir/MiniOzoneClusterImpl-49cde4fa-0f5c-485a-80e4-a10b14a740d7/datanode-1/data/ratis] (custom)
2019-11-12 22:25:11,515 [main] INFO  hdfs.DFSUtil (DFSUtil.java:httpServerTemplateForNNAndJN(1641)) - Starting Web-server for hddsDatanode at: http://0.0.0.0:0
2019-11-12 22:25:11,517 [main] INFO  server.AuthenticationFilter (AuthenticationFilter.java:constructSecretProvider(240)) - Unable to initialize FileSignerSecretProvider, falling back to use random secrets.
2019-11-12 22:25:11,517 [main] WARN  http.HttpRequestLog (HttpRequestLog.java:getRequestLog(97)) - Jetty request log can only be enabled using Log4j
2019-11-12 22:25:11,519 [main] INFO  http.HttpServer2 (HttpServer2.java:addGlobalFilter(975)) - Added global filter 'safety' (class=org.apache.hadoop.http.HttpServer2$QuotingInputFilter)
2019-11-12 22:25:11,519 [main] INFO  http.HttpServer2 (HttpServer2.java:addFilter(948)) - Added filter static_user_filter (class=org.apache.hadoop.http.lib.StaticUserWebFilter$StaticUserFilter) to context hddsDatanode
2019-11-12 22:25:11,519 [main] INFO  http.HttpServer2 (HttpServer2.java:addFilter(958)) - Added filter static_user_filter (class=org.apache.hadoop.http.lib.StaticUserWebFilter$StaticUserFilter) to context static
2019-11-12 22:25:11,520 [main] INFO  http.HttpServer2 (HttpServer2.java:addFilter(958)) - Added filter static_user_filter (class=org.apache.hadoop.http.lib.StaticUserWebFilter$StaticUserFilter) to context logs
2019-11-12 22:25:11,520 [main] INFO  http.HttpServer2 (HttpServer2.java:bindListener(1191)) - Jetty bound to port 35787
2019-11-12 22:25:11,520 [main] INFO  server.Server (Server.java:doStart(351)) - jetty-9.3.25.v20180904, build timestamp: 2018-09-04T21:11:46Z, git hash: 3ce520221d0240229c862b122d2b06c12a625732
2019-11-12 22:25:11,523 [main] INFO  handler.ContextHandler (ContextHandler.java:doStart(781)) - Started o.e.j.s.ServletContextHandler@29c17c3d{/logs,file:///workdir/hadoop-ozone/integration-test/target/log,AVAILABLE}
2019-11-12 22:25:11,523 [main] INFO  handler.ContextHandler (ContextHandler.java:doStart(781)) - Started o.e.j.s.ServletContextHandler@1665fa54{/static,jar:file:/home/user/.m2/repository/org/apache/hadoop/hadoop-hdds-container-service/0.5.0-SNAPSHOT/hadoop-hdds-container-service-0.5.0-SNAPSHOT.jar!/webapps/static,AVAILABLE}
2019-11-12 22:25:11,556 [main] INFO  handler.ContextHandler (ContextHandler.java:doStart(781)) - Started o.e.j.w.WebAppContext@798dad3d{/,file:///tmp/jetty-0.0.0.0-35787-hddsDatanode-_-any-6254870732274403478.dir/webapp/,AVAILABLE}{/hddsDatanode}
2019-11-12 22:25:11,557 [main] INFO  server.AbstractConnector (AbstractConnector.java:doStart(278)) - Started ServerConnector@27abb6ca{HTTP/1.1,[http/1.1]}{0.0.0.0:35787}
2019-11-12 22:25:11,558 [main] INFO  server.Server (Server.java:doStart(419)) - Started @99646ms
2019-11-12 22:25:11,558 [main] WARN  impl.MetricsSystemImpl (MetricsSystemImpl.java:register(276)) - Sink prometheus already exists!
2019-11-12 22:25:11,559 [main] INFO  server.BaseHttpServer (BaseHttpServer.java:updateConnectorAddress(215)) - HTTP server of HDDSDATANODE is listening at http://0.0.0.0:35787
2019-11-12 22:25:11,559 [main] INFO  impl.MetricsSystemImpl (MetricsSystemImpl.java:init(158)) - HddsDatanode metrics system started (again)
2019-11-12 22:25:11,561 [org.apache.hadoop.util.JvmPauseMonitor$Monitor@7abf0a17] INFO  util.JvmPauseMonitor (JvmPauseMonitor.java:run(188)) - Starting JVM pause monitor
2019-11-12 22:25:11,561 [main] INFO  ozone.HddsDatanodeService (HddsDatanodeService.java:start(186)) - HddsDatanodeService host:pr-hdds-2463-z4974-865879084 ip:192.168.157.210
2019-11-12 22:25:11,562 [Datanode State Machine Thread - 0] INFO  datanode.InitDatanodeState (InitDatanodeState.java:persistContainerDatanodeDetails(140)) - DatanodeDetails is persisted to /workdir/hadoop-ozone/integration-test/target/test-dir/MiniOzoneClusterImpl-49cde4fa-0f5c-485a-80e4-a10b14a740d7/datanode-1/meta/datanode.id
2019-11-12 22:25:11,566 [main] INFO  volume.HddsVolume (HddsVolume.java:<init>(176)) - Creating Volume: /workdir/hadoop-ozone/integration-test/target/test-dir/MiniOzoneClusterImpl-49cde4fa-0f5c-485a-80e4-a10b14a740d7/datanode-2/data/containers/hdds of  storage type : DISK and capacity : 1482555576320
2019-11-12 22:25:11,567 [main] INFO  volume.VolumeSet (VolumeSet.java:initializeVolumeSet(170)) - Added Volume : /workdir/hadoop-ozone/integration-test/target/test-dir/MiniOzoneClusterImpl-49cde4fa-0f5c-485a-80e4-a10b14a740d7/datanode-2/data/containers/hdds to VolumeSet
2019-11-12 22:25:11,567 [main] INFO  volume.ThrottledAsyncChecker (ThrottledAsyncChecker.java:schedule(141)) - Scheduling a check for /workdir/hadoop-ozone/integration-test/target/test-dir/MiniOzoneClusterImpl-49cde4fa-0f5c-485a-80e4-a10b14a740d7/datanode-2/data/containers/hdds
2019-11-12 22:25:11,567 [main] INFO  volume.HddsVolumeChecker (HddsVolumeChecker.java:checkAllVolumes(204)) - Scheduled health check for volume /workdir/hadoop-ozone/integration-test/target/test-dir/MiniOzoneClusterImpl-49cde4fa-0f5c-485a-80e4-a10b14a740d7/datanode-2/data/containers/hdds
2019-11-12 22:25:11,579 [main] INFO  impl.RaftServerProxy (ConfUtils.java:logGet(43)) - raft.rpc.type = GRPC (default)
2019-11-12 22:25:11,579 [main] INFO  grpc.GrpcFactory (GrpcFactory.java:checkPooledByteBufAllocatorUseCacheForAllThreads(45)) - PERFORMANCE WARNING: useCacheForAllThreads is true that may cause Netty to create a lot garbage objects and, as a result, trigger GC.
	It is recommended to disable useCacheForAllThreads by setting -Dorg.apache.ratis.thirdparty.io.netty.allocator.useCacheForAllThreads=false in command line.
2019-11-12 22:25:11,579 [main] INFO  grpc.GrpcConfigKeys$Server (ConfUtils.java:logGet(43)) - raft.grpc.server.port = 0 (default)
2019-11-12 22:25:11,580 [main] INFO  server.GrpcService (ConfUtils.java:logGet(43)) - raft.grpc.message.size.max = 33570816 (custom)
2019-11-12 22:25:11,580 [main] INFO  server.RaftServerConfigKeys (ConfUtils.java:logGet(43)) - raft.server.log.appender.buffer.byte-limit = 33554432 (custom)
2019-11-12 22:25:11,580 [main] INFO  server.GrpcService (ConfUtils.java:logGet(43)) - raft.grpc.flow.control.window = 1MB (=1048576) (default)
2019-11-12 22:25:11,580 [main] INFO  server.RaftServerConfigKeys (ConfUtils.java:logGet(43)) - raft.server.rpc.request.timeout = 3000ms (default)
2019-11-12 22:25:11,580 [main] INFO  server.RaftServerConfigKeys (ConfUtils.java:logGet(43)) - raft.server.storage.dir = [/workdir/hadoop-ozone/integration-test/target/test-dir/MiniOzoneClusterImpl-49cde4fa-0f5c-485a-80e4-a10b14a740d7/datanode-2/data/ratis] (custom)
2019-11-12 22:25:11,582 [main] INFO  hdfs.DFSUtil (DFSUtil.java:httpServerTemplateForNNAndJN(1641)) - Starting Web-server for hddsDatanode at: http://0.0.0.0:0
2019-11-12 22:25:11,583 [main] INFO  server.AuthenticationFilter (AuthenticationFilter.java:constructSecretProvider(240)) - Unable to initialize FileSignerSecretProvider, falling back to use random secrets.
2019-11-12 22:25:11,584 [main] WARN  http.HttpRequestLog (HttpRequestLog.java:getRequestLog(97)) - Jetty request log can only be enabled using Log4j
2019-11-12 22:25:11,585 [main] INFO  http.HttpServer2 (HttpServer2.java:addGlobalFilter(975)) - Added global filter 'safety' (class=org.apache.hadoop.http.HttpServer2$QuotingInputFilter)
2019-11-12 22:25:11,586 [main] INFO  http.HttpServer2 (HttpServer2.java:addFilter(948)) - Added filter static_user_filter (class=org.apache.hadoop.http.lib.StaticUserWebFilter$StaticUserFilter) to context hddsDatanode
2019-11-12 22:25:11,586 [main] INFO  http.HttpServer2 (HttpServer2.java:addFilter(958)) - Added filter static_user_filter (class=org.apache.hadoop.http.lib.StaticUserWebFilter$StaticUserFilter) to context static
2019-11-12 22:25:11,586 [main] INFO  http.HttpServer2 (HttpServer2.java:addFilter(958)) - Added filter static_user_filter (class=org.apache.hadoop.http.lib.StaticUserWebFilter$StaticUserFilter) to context logs
2019-11-12 22:25:11,587 [main] INFO  http.HttpServer2 (HttpServer2.java:bindListener(1191)) - Jetty bound to port 43093
2019-11-12 22:25:11,587 [main] INFO  server.Server (Server.java:doStart(351)) - jetty-9.3.25.v20180904, build timestamp: 2018-09-04T21:11:46Z, git hash: 3ce520221d0240229c862b122d2b06c12a625732
2019-11-12 22:25:11,588 [main] INFO  handler.ContextHandler (ContextHandler.java:doStart(781)) - Started o.e.j.s.ServletContextHandler@2404b5a{/logs,file:///workdir/hadoop-ozone/integration-test/target/log,AVAILABLE}
2019-11-12 22:25:11,589 [main] INFO  handler.ContextHandler (ContextHandler.java:doStart(781)) - Started o.e.j.s.ServletContextHandler@2ead6ba4{/static,jar:file:/home/user/.m2/repository/org/apache/hadoop/hadoop-hdds-container-service/0.5.0-SNAPSHOT/hadoop-hdds-container-service-0.5.0-SNAPSHOT.jar!/webapps/static,AVAILABLE}
2019-11-12 22:25:11,630 [main] INFO  handler.ContextHandler (ContextHandler.java:doStart(781)) - Started o.e.j.w.WebAppContext@73a0f2b{/,file:///tmp/jetty-0.0.0.0-43093-hddsDatanode-_-any-7296071663309286222.dir/webapp/,AVAILABLE}{/hddsDatanode}
2019-11-12 22:25:11,631 [main] INFO  server.AbstractConnector (AbstractConnector.java:doStart(278)) - Started ServerConnector@fa5f81c{HTTP/1.1,[http/1.1]}{0.0.0.0:43093}
2019-11-12 22:25:11,632 [main] INFO  server.Server (Server.java:doStart(419)) - Started @99720ms
2019-11-12 22:25:11,632 [main] WARN  impl.MetricsSystemImpl (MetricsSystemImpl.java:register(276)) - Sink prometheus already exists!
2019-11-12 22:25:11,633 [main] INFO  server.BaseHttpServer (BaseHttpServer.java:updateConnectorAddress(215)) - HTTP server of HDDSDATANODE is listening at http://0.0.0.0:43093
2019-11-12 22:25:11,633 [main] INFO  impl.MetricsSystemImpl (MetricsSystemImpl.java:init(158)) - HddsDatanode metrics system started (again)
2019-11-12 22:25:11,636 [org.apache.hadoop.util.JvmPauseMonitor$Monitor@6f1bcaad] INFO  util.JvmPauseMonitor (JvmPauseMonitor.java:run(188)) - Starting JVM pause monitor
2019-11-12 22:25:11,636 [main] INFO  ozone.HddsDatanodeService (HddsDatanodeService.java:start(186)) - HddsDatanodeService host:pr-hdds-2463-z4974-865879084 ip:192.168.157.210
2019-11-12 22:25:11,638 [Datanode State Machine Thread - 0] INFO  datanode.InitDatanodeState (InitDatanodeState.java:persistContainerDatanodeDetails(140)) - DatanodeDetails is persisted to /workdir/hadoop-ozone/integration-test/target/test-dir/MiniOzoneClusterImpl-49cde4fa-0f5c-485a-80e4-a10b14a740d7/datanode-2/meta/datanode.id
2019-11-12 22:25:11,643 [main] INFO  volume.HddsVolume (HddsVolume.java:<init>(176)) - Creating Volume: /workdir/hadoop-ozone/integration-test/target/test-dir/MiniOzoneClusterImpl-49cde4fa-0f5c-485a-80e4-a10b14a740d7/datanode-3/data/containers/hdds of  storage type : DISK and capacity : 1482555576320
2019-11-12 22:25:11,644 [main] INFO  volume.VolumeSet (VolumeSet.java:initializeVolumeSet(170)) - Added Volume : /workdir/hadoop-ozone/integration-test/target/test-dir/MiniOzoneClusterImpl-49cde4fa-0f5c-485a-80e4-a10b14a740d7/datanode-3/data/containers/hdds to VolumeSet
2019-11-12 22:25:11,644 [main] INFO  volume.ThrottledAsyncChecker (ThrottledAsyncChecker.java:schedule(141)) - Scheduling a check for /workdir/hadoop-ozone/integration-test/target/test-dir/MiniOzoneClusterImpl-49cde4fa-0f5c-485a-80e4-a10b14a740d7/datanode-3/data/containers/hdds
2019-11-12 22:25:11,644 [main] INFO  volume.HddsVolumeChecker (HddsVolumeChecker.java:checkAllVolumes(204)) - Scheduled health check for volume /workdir/hadoop-ozone/integration-test/target/test-dir/MiniOzoneClusterImpl-49cde4fa-0f5c-485a-80e4-a10b14a740d7/datanode-3/data/containers/hdds
2019-11-12 22:25:11,660 [main] INFO  impl.RaftServerProxy (ConfUtils.java:logGet(43)) - raft.rpc.type = GRPC (default)
2019-11-12 22:25:11,660 [main] INFO  grpc.GrpcFactory (GrpcFactory.java:checkPooledByteBufAllocatorUseCacheForAllThreads(45)) - PERFORMANCE WARNING: useCacheForAllThreads is true that may cause Netty to create a lot garbage objects and, as a result, trigger GC.
	It is recommended to disable useCacheForAllThreads by setting -Dorg.apache.ratis.thirdparty.io.netty.allocator.useCacheForAllThreads=false in command line.
2019-11-12 22:25:11,660 [main] INFO  grpc.GrpcConfigKeys$Server (ConfUtils.java:logGet(43)) - raft.grpc.server.port = 0 (default)
2019-11-12 22:25:11,660 [main] INFO  server.GrpcService (ConfUtils.java:logGet(43)) - raft.grpc.message.size.max = 33570816 (custom)
2019-11-12 22:25:11,661 [main] INFO  server.RaftServerConfigKeys (ConfUtils.java:logGet(43)) - raft.server.log.appender.buffer.byte-limit = 33554432 (custom)
2019-11-12 22:25:11,661 [main] INFO  server.GrpcService (ConfUtils.java:logGet(43)) - raft.grpc.flow.control.window = 1MB (=1048576) (default)
2019-11-12 22:25:11,661 [main] INFO  server.RaftServerConfigKeys (ConfUtils.java:logGet(43)) - raft.server.rpc.request.timeout = 3000ms (default)
2019-11-12 22:25:11,661 [main] INFO  server.RaftServerConfigKeys (ConfUtils.java:logGet(43)) - raft.server.storage.dir = [/workdir/hadoop-ozone/integration-test/target/test-dir/MiniOzoneClusterImpl-49cde4fa-0f5c-485a-80e4-a10b14a740d7/datanode-3/data/ratis] (custom)
2019-11-12 22:25:11,663 [main] INFO  hdfs.DFSUtil (DFSUtil.java:httpServerTemplateForNNAndJN(1641)) - Starting Web-server for hddsDatanode at: http://0.0.0.0:0
2019-11-12 22:25:11,665 [main] INFO  server.AuthenticationFilter (AuthenticationFilter.java:constructSecretProvider(240)) - Unable to initialize FileSignerSecretProvider, falling back to use random secrets.
2019-11-12 22:25:11,665 [main] WARN  http.HttpRequestLog (HttpRequestLog.java:getRequestLog(97)) - Jetty request log can only be enabled using Log4j
2019-11-12 22:25:11,667 [main] INFO  http.HttpServer2 (HttpServer2.java:addGlobalFilter(975)) - Added global filter 'safety' (class=org.apache.hadoop.http.HttpServer2$QuotingInputFilter)
2019-11-12 22:25:11,668 [main] INFO  http.HttpServer2 (HttpServer2.java:addFilter(948)) - Added filter static_user_filter (class=org.apache.hadoop.http.lib.StaticUserWebFilter$StaticUserFilter) to context hddsDatanode
2019-11-12 22:25:11,668 [main] INFO  http.HttpServer2 (HttpServer2.java:addFilter(958)) - Added filter static_user_filter (class=org.apache.hadoop.http.lib.StaticUserWebFilter$StaticUserFilter) to context logs
2019-11-12 22:25:11,668 [main] INFO  http.HttpServer2 (HttpServer2.java:addFilter(958)) - Added filter static_user_filter (class=org.apache.hadoop.http.lib.StaticUserWebFilter$StaticUserFilter) to context static
2019-11-12 22:25:11,669 [main] INFO  http.HttpServer2 (HttpServer2.java:bindListener(1191)) - Jetty bound to port 35971
2019-11-12 22:25:11,669 [main] INFO  server.Server (Server.java:doStart(351)) - jetty-9.3.25.v20180904, build timestamp: 2018-09-04T21:11:46Z, git hash: 3ce520221d0240229c862b122d2b06c12a625732
2019-11-12 22:25:11,671 [main] INFO  handler.ContextHandler (ContextHandler.java:doStart(781)) - Started o.e.j.s.ServletContextHandler@3965bdf9{/logs,file:///workdir/hadoop-ozone/integration-test/target/log,AVAILABLE}
2019-11-12 22:25:11,672 [main] INFO  handler.ContextHandler (ContextHandler.java:doStart(781)) - Started o.e.j.s.ServletContextHandler@1860f3be{/static,jar:file:/home/user/.m2/repository/org/apache/hadoop/hadoop-hdds-container-service/0.5.0-SNAPSHOT/hadoop-hdds-container-service-0.5.0-SNAPSHOT.jar!/webapps/static,AVAILABLE}
2019-11-12 22:25:11,713 [main] INFO  handler.ContextHandler (ContextHandler.java:doStart(781)) - Started o.e.j.w.WebAppContext@7c20cdd0{/,file:///tmp/jetty-0.0.0.0-35971-hddsDatanode-_-any-188919159949855414.dir/webapp/,AVAILABLE}{/hddsDatanode}
2019-11-12 22:25:11,713 [main] INFO  server.AbstractConnector (AbstractConnector.java:doStart(278)) - Started ServerConnector@74606204{HTTP/1.1,[http/1.1]}{0.0.0.0:35971}
2019-11-12 22:25:11,715 [main] INFO  server.Server (Server.java:doStart(419)) - Started @99803ms
2019-11-12 22:25:11,715 [main] WARN  impl.MetricsSystemImpl (MetricsSystemImpl.java:register(276)) - Sink prometheus already exists!
2019-11-12 22:25:11,716 [main] INFO  server.BaseHttpServer (BaseHttpServer.java:updateConnectorAddress(215)) - HTTP server of HDDSDATANODE is listening at http://0.0.0.0:35971
2019-11-12 22:25:11,716 [main] INFO  impl.MetricsSystemImpl (MetricsSystemImpl.java:init(158)) - HddsDatanode metrics system started (again)
2019-11-12 22:25:11,718 [org.apache.hadoop.util.JvmPauseMonitor$Monitor@3a4d3fca] INFO  util.JvmPauseMonitor (JvmPauseMonitor.java:run(188)) - Starting JVM pause monitor
2019-11-12 22:25:11,719 [main] INFO  ozone.HddsDatanodeService (HddsDatanodeService.java:start(186)) - HddsDatanodeService host:pr-hdds-2463-z4974-865879084 ip:192.168.157.210
2019-11-12 22:25:11,720 [Datanode State Machine Thread - 0] INFO  datanode.InitDatanodeState (InitDatanodeState.java:persistContainerDatanodeDetails(140)) - DatanodeDetails is persisted to /workdir/hadoop-ozone/integration-test/target/test-dir/MiniOzoneClusterImpl-49cde4fa-0f5c-485a-80e4-a10b14a740d7/datanode-3/meta/datanode.id
2019-11-12 22:25:11,724 [main] INFO  volume.HddsVolume (HddsVolume.java:<init>(176)) - Creating Volume: /workdir/hadoop-ozone/integration-test/target/test-dir/MiniOzoneClusterImpl-49cde4fa-0f5c-485a-80e4-a10b14a740d7/datanode-4/data/containers/hdds of  storage type : DISK and capacity : 1482555576320
2019-11-12 22:25:11,725 [main] INFO  volume.VolumeSet (VolumeSet.java:initializeVolumeSet(170)) - Added Volume : /workdir/hadoop-ozone/integration-test/target/test-dir/MiniOzoneClusterImpl-49cde4fa-0f5c-485a-80e4-a10b14a740d7/datanode-4/data/containers/hdds to VolumeSet
2019-11-12 22:25:11,725 [main] INFO  volume.ThrottledAsyncChecker (ThrottledAsyncChecker.java:schedule(141)) - Scheduling a check for /workdir/hadoop-ozone/integration-test/target/test-dir/MiniOzoneClusterImpl-49cde4fa-0f5c-485a-80e4-a10b14a740d7/datanode-4/data/containers/hdds
2019-11-12 22:25:11,725 [main] INFO  volume.HddsVolumeChecker (HddsVolumeChecker.java:checkAllVolumes(204)) - Scheduled health check for volume /workdir/hadoop-ozone/integration-test/target/test-dir/MiniOzoneClusterImpl-49cde4fa-0f5c-485a-80e4-a10b14a740d7/datanode-4/data/containers/hdds
2019-11-12 22:25:11,736 [main] INFO  impl.RaftServerProxy (ConfUtils.java:logGet(43)) - raft.rpc.type = GRPC (default)
2019-11-12 22:25:11,737 [main] INFO  grpc.GrpcFactory (GrpcFactory.java:checkPooledByteBufAllocatorUseCacheForAllThreads(45)) - PERFORMANCE WARNING: useCacheForAllThreads is true that may cause Netty to create a lot garbage objects and, as a result, trigger GC.
	It is recommended to disable useCacheForAllThreads by setting -Dorg.apache.ratis.thirdparty.io.netty.allocator.useCacheForAllThreads=false in command line.
2019-11-12 22:25:11,737 [main] INFO  grpc.GrpcConfigKeys$Server (ConfUtils.java:logGet(43)) - raft.grpc.server.port = 0 (default)
2019-11-12 22:25:11,737 [main] INFO  server.GrpcService (ConfUtils.java:logGet(43)) - raft.grpc.message.size.max = 33570816 (custom)
2019-11-12 22:25:11,737 [main] INFO  server.RaftServerConfigKeys (ConfUtils.java:logGet(43)) - raft.server.log.appender.buffer.byte-limit = 33554432 (custom)
2019-11-12 22:25:11,737 [main] INFO  server.GrpcService (ConfUtils.java:logGet(43)) - raft.grpc.flow.control.window = 1MB (=1048576) (default)
2019-11-12 22:25:11,737 [main] INFO  server.RaftServerConfigKeys (ConfUtils.java:logGet(43)) - raft.server.rpc.request.timeout = 3000ms (default)
2019-11-12 22:25:11,738 [main] INFO  server.RaftServerConfigKeys (ConfUtils.java:logGet(43)) - raft.server.storage.dir = [/workdir/hadoop-ozone/integration-test/target/test-dir/MiniOzoneClusterImpl-49cde4fa-0f5c-485a-80e4-a10b14a740d7/datanode-4/data/ratis] (custom)
2019-11-12 22:25:11,739 [main] INFO  hdfs.DFSUtil (DFSUtil.java:httpServerTemplateForNNAndJN(1641)) - Starting Web-server for hddsDatanode at: http://0.0.0.0:0
2019-11-12 22:25:11,741 [main] INFO  server.AuthenticationFilter (AuthenticationFilter.java:constructSecretProvider(240)) - Unable to initialize FileSignerSecretProvider, falling back to use random secrets.
2019-11-12 22:25:11,741 [main] WARN  http.HttpRequestLog (HttpRequestLog.java:getRequestLog(97)) - Jetty request log can only be enabled using Log4j
2019-11-12 22:25:11,743 [main] INFO  http.HttpServer2 (HttpServer2.java:addGlobalFilter(975)) - Added global filter 'safety' (class=org.apache.hadoop.http.HttpServer2$QuotingInputFilter)
2019-11-12 22:25:11,743 [main] INFO  http.HttpServer2 (HttpServer2.java:addFilter(948)) - Added filter static_user_filter (class=org.apache.hadoop.http.lib.StaticUserWebFilter$StaticUserFilter) to context hddsDatanode
2019-11-12 22:25:11,743 [main] INFO  http.HttpServer2 (HttpServer2.java:addFilter(958)) - Added filter static_user_filter (class=org.apache.hadoop.http.lib.StaticUserWebFilter$StaticUserFilter) to context static
2019-11-12 22:25:11,743 [main] INFO  http.HttpServer2 (HttpServer2.java:addFilter(958)) - Added filter static_user_filter (class=org.apache.hadoop.http.lib.StaticUserWebFilter$StaticUserFilter) to context logs
2019-11-12 22:25:11,744 [main] INFO  http.HttpServer2 (HttpServer2.java:bindListener(1191)) - Jetty bound to port 43159
2019-11-12 22:25:11,744 [main] INFO  server.Server (Server.java:doStart(351)) - jetty-9.3.25.v20180904, build timestamp: 2018-09-04T21:11:46Z, git hash: 3ce520221d0240229c862b122d2b06c12a625732
2019-11-12 22:25:11,746 [main] INFO  handler.ContextHandler (ContextHandler.java:doStart(781)) - Started o.e.j.s.ServletContextHandler@34d713a2{/logs,file:///workdir/hadoop-ozone/integration-test/target/log,AVAILABLE}
2019-11-12 22:25:11,746 [main] INFO  handler.ContextHandler (ContextHandler.java:doStart(781)) - Started o.e.j.s.ServletContextHandler@889a8a8{/static,jar:file:/home/user/.m2/repository/org/apache/hadoop/hadoop-hdds-container-service/0.5.0-SNAPSHOT/hadoop-hdds-container-service-0.5.0-SNAPSHOT.jar!/webapps/static,AVAILABLE}
2019-11-12 22:25:11,827 [main] INFO  handler.ContextHandler (ContextHandler.java:doStart(781)) - Started o.e.j.w.WebAppContext@7e62cfa3{/,file:///tmp/jetty-0.0.0.0-43159-hddsDatanode-_-any-5743787528663126886.dir/webapp/,AVAILABLE}{/hddsDatanode}
2019-11-12 22:25:11,827 [main] INFO  server.AbstractConnector (AbstractConnector.java:doStart(278)) - Started ServerConnector@46e190ed{HTTP/1.1,[http/1.1]}{0.0.0.0:43159}
2019-11-12 22:25:11,828 [main] INFO  server.Server (Server.java:doStart(419)) - Started @99917ms
2019-11-12 22:25:11,829 [main] WARN  impl.MetricsSystemImpl (MetricsSystemImpl.java:register(276)) - Sink prometheus already exists!
2019-11-12 22:25:11,830 [main] INFO  server.BaseHttpServer (BaseHttpServer.java:updateConnectorAddress(215)) - HTTP server of HDDSDATANODE is listening at http://0.0.0.0:43159
2019-11-12 22:25:11,830 [main] INFO  impl.MetricsSystemImpl (MetricsSystemImpl.java:init(158)) - HddsDatanode metrics system started (again)
2019-11-12 22:25:11,833 [org.apache.hadoop.util.JvmPauseMonitor$Monitor@630e26b1] INFO  util.JvmPauseMonitor (JvmPauseMonitor.java:run(188)) - Starting JVM pause monitor
2019-11-12 22:25:11,833 [main] INFO  ozone.HddsDatanodeService (HddsDatanodeService.java:start(186)) - HddsDatanodeService host:pr-hdds-2463-z4974-865879084 ip:192.168.157.210
2019-11-12 22:25:11,835 [Datanode State Machine Thread - 0] INFO  datanode.InitDatanodeState (InitDatanodeState.java:persistContainerDatanodeDetails(140)) - DatanodeDetails is persisted to /workdir/hadoop-ozone/integration-test/target/test-dir/MiniOzoneClusterImpl-49cde4fa-0f5c-485a-80e4-a10b14a740d7/datanode-4/meta/datanode.id
2019-11-12 22:25:11,841 [main] INFO  volume.HddsVolume (HddsVolume.java:<init>(176)) - Creating Volume: /workdir/hadoop-ozone/integration-test/target/test-dir/MiniOzoneClusterImpl-49cde4fa-0f5c-485a-80e4-a10b14a740d7/datanode-5/data/containers/hdds of  storage type : DISK and capacity : 1482555576320
2019-11-12 22:25:11,841 [main] INFO  volume.VolumeSet (VolumeSet.java:initializeVolumeSet(170)) - Added Volume : /workdir/hadoop-ozone/integration-test/target/test-dir/MiniOzoneClusterImpl-49cde4fa-0f5c-485a-80e4-a10b14a740d7/datanode-5/data/containers/hdds to VolumeSet
2019-11-12 22:25:11,842 [main] INFO  volume.ThrottledAsyncChecker (ThrottledAsyncChecker.java:schedule(141)) - Scheduling a check for /workdir/hadoop-ozone/integration-test/target/test-dir/MiniOzoneClusterImpl-49cde4fa-0f5c-485a-80e4-a10b14a740d7/datanode-5/data/containers/hdds
2019-11-12 22:25:11,842 [main] INFO  volume.HddsVolumeChecker (HddsVolumeChecker.java:checkAllVolumes(204)) - Scheduled health check for volume /workdir/hadoop-ozone/integration-test/target/test-dir/MiniOzoneClusterImpl-49cde4fa-0f5c-485a-80e4-a10b14a740d7/datanode-5/data/containers/hdds
2019-11-12 22:25:11,860 [main] INFO  impl.RaftServerProxy (ConfUtils.java:logGet(43)) - raft.rpc.type = GRPC (default)
2019-11-12 22:25:11,860 [main] INFO  grpc.GrpcFactory (GrpcFactory.java:checkPooledByteBufAllocatorUseCacheForAllThreads(45)) - PERFORMANCE WARNING: useCacheForAllThreads is true that may cause Netty to create a lot garbage objects and, as a result, trigger GC.
	It is recommended to disable useCacheForAllThreads by setting -Dorg.apache.ratis.thirdparty.io.netty.allocator.useCacheForAllThreads=false in command line.
2019-11-12 22:25:11,860 [main] INFO  grpc.GrpcConfigKeys$Server (ConfUtils.java:logGet(43)) - raft.grpc.server.port = 0 (default)
2019-11-12 22:25:11,860 [main] INFO  server.GrpcService (ConfUtils.java:logGet(43)) - raft.grpc.message.size.max = 33570816 (custom)
2019-11-12 22:25:11,861 [main] INFO  server.RaftServerConfigKeys (ConfUtils.java:logGet(43)) - raft.server.log.appender.buffer.byte-limit = 33554432 (custom)
2019-11-12 22:25:11,861 [main] INFO  server.GrpcService (ConfUtils.java:logGet(43)) - raft.grpc.flow.control.window = 1MB (=1048576) (default)
2019-11-12 22:25:11,861 [main] INFO  server.RaftServerConfigKeys (ConfUtils.java:logGet(43)) - raft.server.rpc.request.timeout = 3000ms (default)
2019-11-12 22:25:11,862 [main] INFO  server.RaftServerConfigKeys (ConfUtils.java:logGet(43)) - raft.server.storage.dir = [/workdir/hadoop-ozone/integration-test/target/test-dir/MiniOzoneClusterImpl-49cde4fa-0f5c-485a-80e4-a10b14a740d7/datanode-5/data/ratis] (custom)
2019-11-12 22:25:11,865 [main] INFO  hdfs.DFSUtil (DFSUtil.java:httpServerTemplateForNNAndJN(1641)) - Starting Web-server for hddsDatanode at: http://0.0.0.0:0
2019-11-12 22:25:11,866 [main] INFO  server.AuthenticationFilter (AuthenticationFilter.java:constructSecretProvider(240)) - Unable to initialize FileSignerSecretProvider, falling back to use random secrets.
2019-11-12 22:25:11,867 [main] WARN  http.HttpRequestLog (HttpRequestLog.java:getRequestLog(97)) - Jetty request log can only be enabled using Log4j
2019-11-12 22:25:11,868 [main] INFO  http.HttpServer2 (HttpServer2.java:addGlobalFilter(975)) - Added global filter 'safety' (class=org.apache.hadoop.http.HttpServer2$QuotingInputFilter)
2019-11-12 22:25:11,868 [main] INFO  http.HttpServer2 (HttpServer2.java:addFilter(948)) - Added filter static_user_filter (class=org.apache.hadoop.http.lib.StaticUserWebFilter$StaticUserFilter) to context hddsDatanode
2019-11-12 22:25:11,868 [main] INFO  http.HttpServer2 (HttpServer2.java:addFilter(958)) - Added filter static_user_filter (class=org.apache.hadoop.http.lib.StaticUserWebFilter$StaticUserFilter) to context static
2019-11-12 22:25:11,868 [main] INFO  http.HttpServer2 (HttpServer2.java:addFilter(958)) - Added filter static_user_filter (class=org.apache.hadoop.http.lib.StaticUserWebFilter$StaticUserFilter) to context logs
2019-11-12 22:25:11,869 [main] INFO  http.HttpServer2 (HttpServer2.java:bindListener(1191)) - Jetty bound to port 39375
2019-11-12 22:25:11,869 [main] INFO  server.Server (Server.java:doStart(351)) - jetty-9.3.25.v20180904, build timestamp: 2018-09-04T21:11:46Z, git hash: 3ce520221d0240229c862b122d2b06c12a625732
2019-11-12 22:25:11,871 [main] INFO  handler.ContextHandler (ContextHandler.java:doStart(781)) - Started o.e.j.s.ServletContextHandler@a9c5b75{/logs,file:///workdir/hadoop-ozone/integration-test/target/log,AVAILABLE}
2019-11-12 22:25:11,871 [main] INFO  handler.ContextHandler (ContextHandler.java:doStart(781)) - Started o.e.j.s.ServletContextHandler@4dac121d{/static,jar:file:/home/user/.m2/repository/org/apache/hadoop/hadoop-hdds-container-service/0.5.0-SNAPSHOT/hadoop-hdds-container-service-0.5.0-SNAPSHOT.jar!/webapps/static,AVAILABLE}
2019-11-12 22:25:11,902 [main] INFO  handler.ContextHandler (ContextHandler.java:doStart(781)) - Started o.e.j.w.WebAppContext@a146b11{/,file:///tmp/jetty-0.0.0.0-39375-hddsDatanode-_-any-201464192121086304.dir/webapp/,AVAILABLE}{/hddsDatanode}
2019-11-12 22:25:11,903 [main] INFO  server.AbstractConnector (AbstractConnector.java:doStart(278)) - Started ServerConnector@f438904{HTTP/1.1,[http/1.1]}{0.0.0.0:39375}
2019-11-12 22:25:11,904 [main] INFO  server.Server (Server.java:doStart(419)) - Started @99993ms
2019-11-12 22:25:11,904 [main] WARN  impl.MetricsSystemImpl (MetricsSystemImpl.java:register(276)) - Sink prometheus already exists!
2019-11-12 22:25:11,905 [main] INFO  server.BaseHttpServer (BaseHttpServer.java:updateConnectorAddress(215)) - HTTP server of HDDSDATANODE is listening at http://0.0.0.0:39375
2019-11-12 22:25:11,906 [main] INFO  ozone.MiniOzoneClusterImpl (MiniOzoneClusterImpl.java:lambda$waitForClusterToBeReady$2(171)) - Waiting for cluster to be ready. Got 0 of 6 DN Heartbeats.
2019-11-12 22:25:11,907 [org.apache.hadoop.util.JvmPauseMonitor$Monitor@63ebb324] INFO  util.JvmPauseMonitor (JvmPauseMonitor.java:run(188)) - Starting JVM pause monitor
2019-11-12 22:25:11,909 [Datanode State Machine Thread - 0] INFO  datanode.InitDatanodeState (InitDatanodeState.java:persistContainerDatanodeDetails(140)) - DatanodeDetails is persisted to /workdir/hadoop-ozone/integration-test/target/test-dir/MiniOzoneClusterImpl-49cde4fa-0f5c-485a-80e4-a10b14a740d7/datanode-5/meta/datanode.id
2019-11-12 22:25:12,906 [main] INFO  ozone.MiniOzoneClusterImpl (MiniOzoneClusterImpl.java:lambda$waitForClusterToBeReady$2(171)) - Waiting for cluster to be ready. Got 0 of 6 DN Heartbeats.
2019-11-12 22:25:13,526 [Datanode State Machine Thread - 0] INFO  ozoneimpl.OzoneContainer (OzoneContainer.java:start(230)) - Attempting to start container services.
2019-11-12 22:25:13,526 [Datanode State Machine Thread - 0] INFO  ozoneimpl.OzoneContainer (OzoneContainer.java:startContainerScrub(194)) - Background container scanner has been disabled.
2019-11-12 22:25:13,526 [Datanode State Machine Thread - 0] INFO  ratis.XceiverServerRatis (XceiverServerRatis.java:start(421)) - Starting XceiverServerRatis ed184682-841a-431b-821d-e4efb86e7b6e at port 0
2019-11-12 22:25:13,533 [Datanode State Machine Thread - 0] INFO  impl.RaftServerProxy (RaftServerProxy.java:lambda$start$3(299)) - ed184682-841a-431b-821d-e4efb86e7b6e: start RPC server
2019-11-12 22:25:13,535 [Datanode State Machine Thread - 0] INFO  server.GrpcService (GrpcService.java:startImpl(158)) - ed184682-841a-431b-821d-e4efb86e7b6e: GrpcService started, listening on 0.0.0.0/0.0.0.0:40829
2019-11-12 22:25:13,535 [Datanode State Machine Thread - 0] INFO  ratis.XceiverServerRatis (XceiverServerRatis.java:start(431)) - XceiverServerRatis ed184682-841a-431b-821d-e4efb86e7b6e is started using port 40829
2019-11-12 22:25:13,535 [Datanode State Machine Thread - 0] INFO  server.XceiverServerGrpc (XceiverServerGrpc.java:start(145)) - XceiverServerGrpc ed184682-841a-431b-821d-e4efb86e7b6e is started using port 36062
2019-11-12 22:25:13,586 [Datanode State Machine Thread - 0] INFO  ozoneimpl.OzoneContainer (OzoneContainer.java:start(230)) - Attempting to start container services.
2019-11-12 22:25:13,586 [Datanode State Machine Thread - 0] INFO  ozoneimpl.OzoneContainer (OzoneContainer.java:startContainerScrub(194)) - Background container scanner has been disabled.
2019-11-12 22:25:13,586 [Datanode State Machine Thread - 0] INFO  ratis.XceiverServerRatis (XceiverServerRatis.java:start(421)) - Starting XceiverServerRatis fed2bd94-bbf4-4593-9887-7c07c070d07d at port 0
2019-11-12 22:25:13,593 [Datanode State Machine Thread - 0] INFO  impl.RaftServerProxy (RaftServerProxy.java:lambda$start$3(299)) - fed2bd94-bbf4-4593-9887-7c07c070d07d: start RPC server
2019-11-12 22:25:13,595 [Datanode State Machine Thread - 0] INFO  server.GrpcService (GrpcService.java:startImpl(158)) - fed2bd94-bbf4-4593-9887-7c07c070d07d: GrpcService started, listening on 0.0.0.0/0.0.0.0:37620
2019-11-12 22:25:13,596 [Datanode State Machine Thread - 0] INFO  ratis.XceiverServerRatis (XceiverServerRatis.java:start(431)) - XceiverServerRatis fed2bd94-bbf4-4593-9887-7c07c070d07d is started using port 37620
2019-11-12 22:25:13,596 [Datanode State Machine Thread - 0] INFO  server.XceiverServerGrpc (XceiverServerGrpc.java:start(145)) - XceiverServerGrpc fed2bd94-bbf4-4593-9887-7c07c070d07d is started using port 42487
2019-11-12 22:25:13,660 [Datanode State Machine Thread - 0] INFO  ozoneimpl.OzoneContainer (OzoneContainer.java:start(230)) - Attempting to start container services.
2019-11-12 22:25:13,660 [Datanode State Machine Thread - 0] INFO  ozoneimpl.OzoneContainer (OzoneContainer.java:startContainerScrub(194)) - Background container scanner has been disabled.
2019-11-12 22:25:13,661 [Datanode State Machine Thread - 0] INFO  ratis.XceiverServerRatis (XceiverServerRatis.java:start(421)) - Starting XceiverServerRatis cc8f8d42-1b01-4431-8c29-b671ab5a5551 at port 0
2019-11-12 22:25:13,666 [Datanode State Machine Thread - 0] INFO  impl.RaftServerProxy (RaftServerProxy.java:lambda$start$3(299)) - cc8f8d42-1b01-4431-8c29-b671ab5a5551: start RPC server
2019-11-12 22:25:13,667 [Datanode State Machine Thread - 0] INFO  server.GrpcService (GrpcService.java:startImpl(158)) - cc8f8d42-1b01-4431-8c29-b671ab5a5551: GrpcService started, listening on 0.0.0.0/0.0.0.0:40886
2019-11-12 22:25:13,667 [Datanode State Machine Thread - 0] INFO  ratis.XceiverServerRatis (XceiverServerRatis.java:start(431)) - XceiverServerRatis cc8f8d42-1b01-4431-8c29-b671ab5a5551 is started using port 40886
2019-11-12 22:25:13,668 [Datanode State Machine Thread - 0] INFO  server.XceiverServerGrpc (XceiverServerGrpc.java:start(145)) - XceiverServerGrpc cc8f8d42-1b01-4431-8c29-b671ab5a5551 is started using port 45508
2019-11-12 22:25:13,761 [Datanode State Machine Thread - 0] INFO  ozoneimpl.OzoneContainer (OzoneContainer.java:start(230)) - Attempting to start container services.
2019-11-12 22:25:13,761 [Datanode State Machine Thread - 0] INFO  ozoneimpl.OzoneContainer (OzoneContainer.java:startContainerScrub(194)) - Background container scanner has been disabled.
2019-11-12 22:25:13,761 [Datanode State Machine Thread - 0] INFO  ratis.XceiverServerRatis (XceiverServerRatis.java:start(421)) - Starting XceiverServerRatis e1630cc0-82e2-4757-a0ff-1e5aa97f4a82 at port 0
2019-11-12 22:25:13,766 [Datanode State Machine Thread - 0] INFO  impl.RaftServerProxy (RaftServerProxy.java:lambda$start$3(299)) - e1630cc0-82e2-4757-a0ff-1e5aa97f4a82: start RPC server
2019-11-12 22:25:13,766 [Datanode State Machine Thread - 0] INFO  server.GrpcService (GrpcService.java:startImpl(158)) - e1630cc0-82e2-4757-a0ff-1e5aa97f4a82: GrpcService started, listening on 0.0.0.0/0.0.0.0:46723
2019-11-12 22:25:13,767 [Datanode State Machine Thread - 0] INFO  ratis.XceiverServerRatis (XceiverServerRatis.java:start(431)) - XceiverServerRatis e1630cc0-82e2-4757-a0ff-1e5aa97f4a82 is started using port 46723
2019-11-12 22:25:13,767 [Datanode State Machine Thread - 0] INFO  server.XceiverServerGrpc (XceiverServerGrpc.java:start(145)) - XceiverServerGrpc e1630cc0-82e2-4757-a0ff-1e5aa97f4a82 is started using port 40192
2019-11-12 22:25:13,862 [Datanode State Machine Thread - 0] INFO  ozoneimpl.OzoneContainer (OzoneContainer.java:start(230)) - Attempting to start container services.
2019-11-12 22:25:13,862 [Datanode State Machine Thread - 0] INFO  ozoneimpl.OzoneContainer (OzoneContainer.java:startContainerScrub(194)) - Background container scanner has been disabled.
2019-11-12 22:25:13,862 [Datanode State Machine Thread - 0] INFO  ratis.XceiverServerRatis (XceiverServerRatis.java:start(421)) - Starting XceiverServerRatis 124b1436-2dec-4708-9bef-ac97c435ef9a at port 0
2019-11-12 22:25:13,868 [Datanode State Machine Thread - 0] INFO  impl.RaftServerProxy (RaftServerProxy.java:lambda$start$3(299)) - 124b1436-2dec-4708-9bef-ac97c435ef9a: start RPC server
2019-11-12 22:25:13,868 [Datanode State Machine Thread - 0] INFO  server.GrpcService (GrpcService.java:startImpl(158)) - 124b1436-2dec-4708-9bef-ac97c435ef9a: GrpcService started, listening on 0.0.0.0/0.0.0.0:33855
2019-11-12 22:25:13,868 [Datanode State Machine Thread - 0] INFO  ratis.XceiverServerRatis (XceiverServerRatis.java:start(431)) - XceiverServerRatis 124b1436-2dec-4708-9bef-ac97c435ef9a is started using port 33855
2019-11-12 22:25:13,869 [Datanode State Machine Thread - 0] INFO  server.XceiverServerGrpc (XceiverServerGrpc.java:start(145)) - XceiverServerGrpc 124b1436-2dec-4708-9bef-ac97c435ef9a is started using port 43620
2019-11-12 22:25:13,907 [main] INFO  ozone.MiniOzoneClusterImpl (MiniOzoneClusterImpl.java:lambda$waitForClusterToBeReady$2(171)) - Waiting for cluster to be ready. Got 0 of 6 DN Heartbeats.
2019-11-12 22:25:13,938 [Datanode State Machine Thread - 0] INFO  ozoneimpl.OzoneContainer (OzoneContainer.java:start(230)) - Attempting to start container services.
2019-11-12 22:25:13,938 [Datanode State Machine Thread - 0] INFO  ozoneimpl.OzoneContainer (OzoneContainer.java:startContainerScrub(194)) - Background container scanner has been disabled.
2019-11-12 22:25:13,938 [Datanode State Machine Thread - 0] INFO  ratis.XceiverServerRatis (XceiverServerRatis.java:start(421)) - Starting XceiverServerRatis 36ba2c4b-fd66-4a0d-bee3-710bbe72aafc at port 0
2019-11-12 22:25:13,943 [Datanode State Machine Thread - 0] INFO  impl.RaftServerProxy (RaftServerProxy.java:lambda$start$3(299)) - 36ba2c4b-fd66-4a0d-bee3-710bbe72aafc: start RPC server
2019-11-12 22:25:13,944 [Datanode State Machine Thread - 0] INFO  server.GrpcService (GrpcService.java:startImpl(158)) - 36ba2c4b-fd66-4a0d-bee3-710bbe72aafc: GrpcService started, listening on 0.0.0.0/0.0.0.0:42115
2019-11-12 22:25:13,944 [Datanode State Machine Thread - 0] INFO  ratis.XceiverServerRatis (XceiverServerRatis.java:start(431)) - XceiverServerRatis 36ba2c4b-fd66-4a0d-bee3-710bbe72aafc is started using port 42115
2019-11-12 22:25:13,945 [Datanode State Machine Thread - 0] INFO  server.XceiverServerGrpc (XceiverServerGrpc.java:start(145)) - XceiverServerGrpc 36ba2c4b-fd66-4a0d-bee3-710bbe72aafc is started using port 35487
2019-11-12 22:25:14,907 [main] INFO  ozone.MiniOzoneClusterImpl (MiniOzoneClusterImpl.java:lambda$waitForClusterToBeReady$2(171)) - Waiting for cluster to be ready. Got 0 of 6 DN Heartbeats.
2019-11-12 22:25:15,505 [IPC Server handler 11 on 44011] INFO  net.NetworkTopology (NetworkTopologyImpl.java:add(111)) - Added a new node: /default-rack/ed184682-841a-431b-821d-e4efb86e7b6e
2019-11-12 22:25:15,506 [IPC Server handler 11 on 44011] INFO  node.SCMNodeManager (SCMNodeManager.java:register(267)) - Registered Data node : ed184682-841a-431b-821d-e4efb86e7b6e{ip: 192.168.157.210, host: pr-hdds-2463-z4974-865879084, networkLocation: /default-rack, certSerialId: null}
2019-11-12 22:25:15,507 [EventQueue-NodeRegistrationContainerReportForDataNodeSafeModeRule] INFO  safemode.SCMSafeModeManager (DataNodeSafeModeRule.java:process(71)) - SCM in safe mode. 1 DataNodes registered, 1 required.
2019-11-12 22:25:15,509 [EventQueue-NodeRegistrationContainerReportForDataNodeSafeModeRule] INFO  safemode.SCMSafeModeManager (SCMSafeModeManager.java:validateSafeModeExitRules(177)) - ScmSafeModeManager, all rules are successfully validated
2019-11-12 22:25:15,509 [EventQueue-NodeRegistrationContainerReportForDataNodeSafeModeRule] INFO  safemode.SCMSafeModeManager (SCMSafeModeManager.java:exitSafeMode(193)) - SCM exiting safe mode.
2019-11-12 22:25:15,521 [grpc-default-executor-2] INFO  impl.RaftServerProxy (RaftServerProxy.java:addNew(89)) - ed184682-841a-431b-821d-e4efb86e7b6e: addNew group-5F5C580EBC58:[ed184682-841a-431b-821d-e4efb86e7b6e:192.168.157.210:40829] returns group-5F5C580EBC58:java.util.concurrent.CompletableFuture@1481816e[Not completed]
2019-11-12 22:25:15,524 [pool-153-thread-1] INFO  impl.RaftServerImpl (RaftServerImpl.java:<init>(98)) - ed184682-841a-431b-821d-e4efb86e7b6e: new RaftServerImpl for group-5F5C580EBC58:[ed184682-841a-431b-821d-e4efb86e7b6e:192.168.157.210:40829] with ContainerStateMachine:uninitialized
2019-11-12 22:25:15,524 [pool-153-thread-1] INFO  server.RaftServerConfigKeys (ConfUtils.java:logGet(43)) - raft.server.rpc.timeout.min = 1s (custom)
2019-11-12 22:25:15,524 [pool-153-thread-1] INFO  server.RaftServerConfigKeys (ConfUtils.java:logGet(43)) - raft.server.rpc.timeout.max = 1200ms (custom)
2019-11-12 22:25:15,524 [pool-153-thread-1] INFO  server.RaftServerConfigKeys (ConfUtils.java:logGet(43)) - raft.server.rpcslowness.timeout = 120s (custom)
2019-11-12 22:25:15,524 [pool-153-thread-1] INFO  server.RaftServerConfigKeys (ConfUtils.java:logGet(43)) - raft.server.sleep.deviation.threshold = 300 (default)
2019-11-12 22:25:15,524 [pool-153-thread-1] INFO  server.RaftServerConfigKeys (ConfUtils.java:logGet(43)) - raft.server.log.appender.install.snapshot.enabled = false (custom)
2019-11-12 22:25:15,525 [pool-153-thread-1] INFO  impl.RaftServerImpl (ServerState.java:<init>(103)) - ed184682-841a-431b-821d-e4efb86e7b6e@group-5F5C580EBC58: ConfigurationManager, init=-1: [ed184682-841a-431b-821d-e4efb86e7b6e:192.168.157.210:40829], old=null, confs=<EMPTY_MAP>
2019-11-12 22:25:15,525 [pool-153-thread-1] INFO  server.RaftServerConfigKeys (ConfUtils.java:logGet(43)) - raft.server.storage.dir = [/workdir/hadoop-ozone/integration-test/target/test-dir/MiniOzoneClusterImpl-49cde4fa-0f5c-485a-80e4-a10b14a740d7/datanode-0/data/ratis] (custom)
2019-11-12 22:25:15,525 [pool-153-thread-1] INFO  server.RaftServerConfigKeys (ConfUtils.java:logGet(43)) - raft.server.log.corruption.policy = EXCEPTION (default)
2019-11-12 22:25:15,525 [pool-153-thread-1] INFO  storage.RaftStorageDirectory (RaftStorageDirectory.java:analyzeStorage(246)) - The storage directory /workdir/hadoop-ozone/integration-test/target/test-dir/MiniOzoneClusterImpl-49cde4fa-0f5c-485a-80e4-a10b14a740d7/datanode-0/data/ratis/71355adb-2b2c-460d-b2af-5f5c580ebc58 does not exist. Creating ...
2019-11-12 22:25:15,562 [IPC Server handler 4 on 44011] INFO  net.NetworkTopology (NetworkTopologyImpl.java:add(111)) - Added a new node: /default-rack/fed2bd94-bbf4-4593-9887-7c07c070d07d
2019-11-12 22:25:15,562 [IPC Server handler 4 on 44011] INFO  node.SCMNodeManager (SCMNodeManager.java:register(267)) - Registered Data node : fed2bd94-bbf4-4593-9887-7c07c070d07d{ip: 192.168.157.210, host: pr-hdds-2463-z4974-865879084, networkLocation: /default-rack, certSerialId: null}
2019-11-12 22:25:15,571 [pool-153-thread-1] INFO  storage.RaftStorageDirectory (RaftStorageDirectory.java:tryLock(328)) - Lock on /workdir/hadoop-ozone/integration-test/target/test-dir/MiniOzoneClusterImpl-49cde4fa-0f5c-485a-80e4-a10b14a740d7/datanode-0/data/ratis/71355adb-2b2c-460d-b2af-5f5c580ebc58/in_use.lock acquired by nodename 20844@pr-hdds-2463-z4974-865879084
2019-11-12 22:25:15,595 [pool-153-thread-1] INFO  storage.RaftStorage (RaftStorage.java:format(84)) - Storage directory /workdir/hadoop-ozone/integration-test/target/test-dir/MiniOzoneClusterImpl-49cde4fa-0f5c-485a-80e4-a10b14a740d7/datanode-0/data/ratis/71355adb-2b2c-460d-b2af-5f5c580ebc58 has been successfully formatted.
2019-11-12 22:25:15,596 [pool-153-thread-1] INFO  ratis.ContainerStateMachine (ContainerStateMachine.java:loadSnapshot(223)) - group-5F5C580EBC58: The snapshot info is null. Setting the last applied indexto:(t:0, i:~)
2019-11-12 22:25:15,596 [pool-153-thread-1] INFO  server.RaftServerConfigKeys (ConfUtils.java:logGet(43)) - raft.server.notification.no-leader.timeout = 120s (custom)
2019-11-12 22:25:15,596 [pool-153-thread-1] INFO  server.RaftServerConfigKeys (ConfUtils.java:logGet(43)) - raft.server.log.use.memory = false (default)
2019-11-12 22:25:15,596 [pool-153-thread-1] INFO  server.RaftServerConfigKeys (ConfUtils.java:logGet(43)) - raft.server.log.purge.gap = 1000000 (custom)
2019-11-12 22:25:15,597 [pool-153-thread-1] INFO  server.RaftServerConfigKeys (ConfUtils.java:logGet(43)) - raft.server.log.appender.buffer.byte-limit = 33554432 (custom)
2019-11-12 22:25:15,597 [pool-153-thread-1] INFO  server.RaftServerConfigKeys (ConfUtils.java:logGet(43)) - raft.server.log.segment.size.max = 1048576 (custom)
2019-11-12 22:25:15,597 [pool-153-thread-1] WARN  impl.MetricRegistriesImpl (MetricRegistriesImpl.java:lambda$create$1(61)) - First MetricRegistry has been created without registering reporters. You may need to call MetricRegistries.global().addReportRegistration(...) before.
2019-11-12 22:25:15,598 [pool-153-thread-1] INFO  server.RaftServerConfigKeys (ConfUtils.java:logGet(43)) - raft.server.log.segment.cache.num.max = 2 (custom)
2019-11-12 22:25:15,598 [pool-153-thread-1] INFO  segmented.SegmentedRaftLogWorker (SegmentedRaftLogWorker.java:<init>(173)) - new ed184682-841a-431b-821d-e4efb86e7b6e@group-5F5C580EBC58-SegmentedRaftLogWorker for RaftStorage:Storage Directory /workdir/hadoop-ozone/integration-test/target/test-dir/MiniOzoneClusterImpl-49cde4fa-0f5c-485a-80e4-a10b14a740d7/datanode-0/data/ratis/71355adb-2b2c-460d-b2af-5f5c580ebc58
2019-11-12 22:25:15,598 [pool-153-thread-1] INFO  server.RaftServerConfigKeys (ConfUtils.java:logGet(43)) - raft.server.log.queue.byte-limit = 2147483647 (custom)
2019-11-12 22:25:15,598 [pool-153-thread-1] INFO  server.RaftServerConfigKeys (ConfUtils.java:logGet(43)) - raft.server.log.queue.element-limit = 1024 (custom)
2019-11-12 22:25:15,598 [pool-153-thread-1] INFO  server.RaftServerConfigKeys (ConfUtils.java:logGet(43)) - raft.server.log.segment.size.max = 1048576 (custom)
2019-11-12 22:25:15,598 [pool-153-thread-1] INFO  server.RaftServerConfigKeys (ConfUtils.java:logGet(43)) - raft.server.log.preallocated.size = 16384 (custom)
2019-11-12 22:25:15,598 [pool-153-thread-1] INFO  server.RaftServerConfigKeys (ConfUtils.java:logGet(43)) - raft.server.log.write.buffer.size = 33554432 (custom)
2019-11-12 22:25:15,599 [pool-153-thread-1] INFO  server.RaftServerConfigKeys (ConfUtils.java:logGet(43)) - raft.server.log.force.sync.num = 128 (default)
2019-11-12 22:25:15,599 [pool-153-thread-1] INFO  server.RaftServerConfigKeys (ConfUtils.java:logGet(43)) - raft.server.log.statemachine.data.sync = true (default)
2019-11-12 22:25:15,599 [pool-153-thread-1] INFO  server.RaftServerConfigKeys (ConfUtils.java:logGet(43)) - raft.server.log.statemachine.data.sync.timeout = 10s (default)
2019-11-12 22:25:15,599 [pool-153-thread-1] INFO  server.RaftServerConfigKeys (ConfUtils.java:logGet(43)) - raft.server.log.statemachine.data.sync.timeout.retry = -1 (default)
2019-11-12 22:25:15,599 [pool-153-thread-1] INFO  server.RaftServerConfigKeys (ConfUtils.java:logGet(43)) - raft.server.log.statemachine.data.caching.enabled = true (custom)
2019-11-12 22:25:15,600 [pool-153-thread-1] INFO  segmented.SegmentedRaftLogWorker (SegmentedRaftLogWorker.java:lambda$new$0(128)) - ed184682-841a-431b-821d-e4efb86e7b6e@group-5F5C580EBC58-SegmentedRaftLogWorker: flushIndex: setUnconditionally 0 -> -1
2019-11-12 22:25:15,600 [pool-153-thread-1] INFO  server.RaftServerConfigKeys (ConfUtils.java:logGet(43)) - raft.server.snapshot.auto.trigger.enabled = true (custom)
2019-11-12 22:25:15,600 [pool-153-thread-1] INFO  server.RaftServerConfigKeys (ConfUtils.java:logGet(43)) - raft.server.snapshot.auto.trigger.threshold = 10000 (custom)
2019-11-12 22:25:15,600 [pool-153-thread-1] INFO  server.RaftServerConfigKeys (ConfUtils.java:logGet(43)) - raft.server.snapshot.retention.file.num = 5 (custom)
2019-11-12 22:25:15,601 [pool-153-thread-1] INFO  server.RaftServerConfigKeys (ConfUtils.java:logGet(43)) - raft.server.retrycache.expirytime = 600000ms (custom)
2019-11-12 22:25:15,601 [pool-153-thread-1] WARN  impl.MetricRegistriesImpl (MetricRegistriesImpl.java:lambda$create$1(61)) - First MetricRegistry has been created without registering reporters. You may need to call MetricRegistries.global().addReportRegistration(...) before.
2019-11-12 22:25:15,601 [pool-153-thread-1] WARN  impl.MetricRegistriesImpl (MetricRegistriesImpl.java:lambda$create$1(61)) - First MetricRegistry has been created without registering reporters. You may need to call MetricRegistries.global().addReportRegistration(...) before.
2019-11-12 22:25:15,601 [pool-153-thread-1] INFO  impl.RaftServerImpl (RaftServerImpl.java:start(184)) - ed184682-841a-431b-821d-e4efb86e7b6e@group-5F5C580EBC58: start as a follower, conf=-1: [ed184682-841a-431b-821d-e4efb86e7b6e:192.168.157.210:40829], old=null
2019-11-12 22:25:15,602 [pool-153-thread-1] INFO  impl.RaftServerImpl (RaftServerImpl.java:setRole(173)) - ed184682-841a-431b-821d-e4efb86e7b6e@group-5F5C580EBC58: changes role from      null to FOLLOWER at term 0 for startAsFollower
2019-11-12 22:25:15,602 [pool-153-thread-1] INFO  impl.RoleInfo (RoleInfo.java:updateAndGet(143)) - ed184682-841a-431b-821d-e4efb86e7b6e: start FollowerState
2019-11-12 22:25:15,603 [pool-153-thread-1] INFO  util.JmxRegister (JmxRegister.java:tryRegister(44)) - Successfully registered JMX Bean with object name Ratis:service=RaftServer,group=group-5F5C580EBC58,id=ed184682-841a-431b-821d-e4efb86e7b6e
2019-11-12 22:25:15,603 [pool-153-thread-1] WARN  impl.MetricRegistriesImpl (MetricRegistriesImpl.java:lambda$create$1(61)) - First MetricRegistry has been created without registering reporters. You may need to call MetricRegistries.global().addReportRegistration(...) before.
2019-11-12 22:25:15,607 [RatisPipelineUtilsThread] INFO  pipeline.PipelineStateManager (PipelineStateManager.java:addPipeline(55)) - Created pipeline Pipeline[ Id: 71355adb-2b2c-460d-b2af-5f5c580ebc58, Nodes: ed184682-841a-431b-821d-e4efb86e7b6e{ip: 192.168.157.210, host: pr-hdds-2463-z4974-865879084, networkLocation: /default-rack, certSerialId: null}, Type:RATIS, Factor:ONE, State:ALLOCATED]
2019-11-12 22:25:15,613 [grpc-default-executor-2] INFO  impl.RaftServerProxy (RaftServerProxy.java:addNew(89)) - fed2bd94-bbf4-4593-9887-7c07c070d07d: addNew group-4931D3C8139F:[fed2bd94-bbf4-4593-9887-7c07c070d07d:192.168.157.210:37620] returns group-4931D3C8139F:java.util.concurrent.CompletableFuture@4a7f3db1[Not completed]
2019-11-12 22:25:15,614 [pool-163-thread-1] INFO  impl.RaftServerImpl (RaftServerImpl.java:<init>(98)) - fed2bd94-bbf4-4593-9887-7c07c070d07d: new RaftServerImpl for group-4931D3C8139F:[fed2bd94-bbf4-4593-9887-7c07c070d07d:192.168.157.210:37620] with ContainerStateMachine:uninitialized
2019-11-12 22:25:15,614 [pool-163-thread-1] INFO  server.RaftServerConfigKeys (ConfUtils.java:logGet(43)) - raft.server.rpc.timeout.min = 1s (custom)
2019-11-12 22:25:15,614 [pool-163-thread-1] INFO  server.RaftServerConfigKeys (ConfUtils.java:logGet(43)) - raft.server.rpc.timeout.max = 1200ms (custom)
2019-11-12 22:25:15,614 [pool-163-thread-1] INFO  server.RaftServerConfigKeys (ConfUtils.java:logGet(43)) - raft.server.rpcslowness.timeout = 120s (custom)
2019-11-12 22:25:15,614 [pool-163-thread-1] INFO  server.RaftServerConfigKeys (ConfUtils.java:logGet(43)) - raft.server.sleep.deviation.threshold = 300 (default)
2019-11-12 22:25:15,614 [pool-163-thread-1] INFO  server.RaftServerConfigKeys (ConfUtils.java:logGet(43)) - raft.server.log.appender.install.snapshot.enabled = false (custom)
2019-11-12 22:25:15,614 [pool-163-thread-1] INFO  impl.RaftServerImpl (ServerState.java:<init>(103)) - fed2bd94-bbf4-4593-9887-7c07c070d07d@group-4931D3C8139F: ConfigurationManager, init=-1: [fed2bd94-bbf4-4593-9887-7c07c070d07d:192.168.157.210:37620], old=null, confs=<EMPTY_MAP>
2019-11-12 22:25:15,615 [pool-163-thread-1] INFO  server.RaftServerConfigKeys (ConfUtils.java:logGet(43)) - raft.server.storage.dir = [/workdir/hadoop-ozone/integration-test/target/test-dir/MiniOzoneClusterImpl-49cde4fa-0f5c-485a-80e4-a10b14a740d7/datanode-1/data/ratis] (custom)
2019-11-12 22:25:15,615 [pool-163-thread-1] INFO  server.RaftServerConfigKeys (ConfUtils.java:logGet(43)) - raft.server.log.corruption.policy = EXCEPTION (default)
2019-11-12 22:25:15,615 [pool-163-thread-1] INFO  storage.RaftStorageDirectory (RaftStorageDirectory.java:analyzeStorage(246)) - The storage directory /workdir/hadoop-ozone/integration-test/target/test-dir/MiniOzoneClusterImpl-49cde4fa-0f5c-485a-80e4-a10b14a740d7/datanode-1/data/ratis/aa9f041e-9854-4f52-b219-4931d3c8139f does not exist. Creating ...
2019-11-12 22:25:15,637 [IPC Server handler 10 on 44011] INFO  net.NetworkTopology (NetworkTopologyImpl.java:add(111)) - Added a new node: /default-rack/cc8f8d42-1b01-4431-8c29-b671ab5a5551
2019-11-12 22:25:15,637 [IPC Server handler 10 on 44011] INFO  node.SCMNodeManager (SCMNodeManager.java:register(267)) - Registered Data node : cc8f8d42-1b01-4431-8c29-b671ab5a5551{ip: 192.168.157.210, host: pr-hdds-2463-z4974-865879084, networkLocation: /default-rack, certSerialId: null}
2019-11-12 22:25:15,654 [pool-163-thread-1] INFO  storage.RaftStorageDirectory (RaftStorageDirectory.java:tryLock(328)) - Lock on /workdir/hadoop-ozone/integration-test/target/test-dir/MiniOzoneClusterImpl-49cde4fa-0f5c-485a-80e4-a10b14a740d7/datanode-1/data/ratis/aa9f041e-9854-4f52-b219-4931d3c8139f/in_use.lock acquired by nodename 20844@pr-hdds-2463-z4974-865879084
2019-11-12 22:25:15,680 [pool-163-thread-1] INFO  storage.RaftStorage (RaftStorage.java:format(84)) - Storage directory /workdir/hadoop-ozone/integration-test/target/test-dir/MiniOzoneClusterImpl-49cde4fa-0f5c-485a-80e4-a10b14a740d7/datanode-1/data/ratis/aa9f041e-9854-4f52-b219-4931d3c8139f has been successfully formatted.
2019-11-12 22:25:15,680 [pool-163-thread-1] INFO  ratis.ContainerStateMachine (ContainerStateMachine.java:loadSnapshot(223)) - group-4931D3C8139F: The snapshot info is null. Setting the last applied indexto:(t:0, i:~)
2019-11-12 22:25:15,680 [pool-163-thread-1] INFO  server.RaftServerConfigKeys (ConfUtils.java:logGet(43)) - raft.server.notification.no-leader.timeout = 120s (custom)
2019-11-12 22:25:15,681 [pool-163-thread-1] INFO  server.RaftServerConfigKeys (ConfUtils.java:logGet(43)) - raft.server.log.use.memory = false (default)
2019-11-12 22:25:15,681 [pool-163-thread-1] INFO  server.RaftServerConfigKeys (ConfUtils.java:logGet(43)) - raft.server.log.purge.gap = 1000000 (custom)
2019-11-12 22:25:15,681 [pool-163-thread-1] INFO  server.RaftServerConfigKeys (ConfUtils.java:logGet(43)) - raft.server.log.appender.buffer.byte-limit = 33554432 (custom)
2019-11-12 22:25:15,681 [pool-163-thread-1] INFO  server.RaftServerConfigKeys (ConfUtils.java:logGet(43)) - raft.server.log.segment.size.max = 1048576 (custom)
2019-11-12 22:25:15,681 [pool-163-thread-1] WARN  impl.MetricRegistriesImpl (MetricRegistriesImpl.java:lambda$create$1(61)) - First MetricRegistry has been created without registering reporters. You may need to call MetricRegistries.global().addReportRegistration(...) before.
2019-11-12 22:25:15,682 [pool-163-thread-1] INFO  server.RaftServerConfigKeys (ConfUtils.java:logGet(43)) - raft.server.log.segment.cache.num.max = 2 (custom)
2019-11-12 22:25:15,682 [pool-163-thread-1] INFO  segmented.SegmentedRaftLogWorker (SegmentedRaftLogWorker.java:<init>(173)) - new fed2bd94-bbf4-4593-9887-7c07c070d07d@group-4931D3C8139F-SegmentedRaftLogWorker for RaftStorage:Storage Directory /workdir/hadoop-ozone/integration-test/target/test-dir/MiniOzoneClusterImpl-49cde4fa-0f5c-485a-80e4-a10b14a740d7/datanode-1/data/ratis/aa9f041e-9854-4f52-b219-4931d3c8139f
2019-11-12 22:25:15,682 [pool-163-thread-1] INFO  server.RaftServerConfigKeys (ConfUtils.java:logGet(43)) - raft.server.log.queue.byte-limit = 2147483647 (custom)
2019-11-12 22:25:15,682 [pool-163-thread-1] INFO  server.RaftServerConfigKeys (ConfUtils.java:logGet(43)) - raft.server.log.queue.element-limit = 1024 (custom)
2019-11-12 22:25:15,682 [pool-163-thread-1] INFO  server.RaftServerConfigKeys (ConfUtils.java:logGet(43)) - raft.server.log.segment.size.max = 1048576 (custom)
2019-11-12 22:25:15,682 [pool-163-thread-1] INFO  server.RaftServerConfigKeys (ConfUtils.java:logGet(43)) - raft.server.log.preallocated.size = 16384 (custom)
2019-11-12 22:25:15,683 [pool-163-thread-1] INFO  server.RaftServerConfigKeys (ConfUtils.java:logGet(43)) - raft.server.log.write.buffer.size = 33554432 (custom)
2019-11-12 22:25:15,683 [pool-163-thread-1] INFO  server.RaftServerConfigKeys (ConfUtils.java:logGet(43)) - raft.server.log.force.sync.num = 128 (default)
2019-11-12 22:25:15,683 [pool-163-thread-1] INFO  server.RaftServerConfigKeys (ConfUtils.java:logGet(43)) - raft.server.log.statemachine.data.sync = true (default)
2019-11-12 22:25:15,683 [pool-163-thread-1] INFO  server.RaftServerConfigKeys (ConfUtils.java:logGet(43)) - raft.server.log.statemachine.data.sync.timeout = 10s (default)
2019-11-12 22:25:15,683 [pool-163-thread-1] INFO  server.RaftServerConfigKeys (ConfUtils.java:logGet(43)) - raft.server.log.statemachine.data.sync.timeout.retry = -1 (default)
2019-11-12 22:25:15,684 [pool-163-thread-1] INFO  server.RaftServerConfigKeys (ConfUtils.java:logGet(43)) - raft.server.log.statemachine.data.caching.enabled = true (custom)
2019-11-12 22:25:15,684 [pool-163-thread-1] INFO  segmented.SegmentedRaftLogWorker (SegmentedRaftLogWorker.java:lambda$new$0(128)) - fed2bd94-bbf4-4593-9887-7c07c070d07d@group-4931D3C8139F-SegmentedRaftLogWorker: flushIndex: setUnconditionally 0 -> -1
2019-11-12 22:25:15,685 [pool-163-thread-1] INFO  server.RaftServerConfigKeys (ConfUtils.java:logGet(43)) - raft.server.snapshot.auto.trigger.enabled = true (custom)
2019-11-12 22:25:15,685 [pool-163-thread-1] INFO  server.RaftServerConfigKeys (ConfUtils.java:logGet(43)) - raft.server.snapshot.auto.trigger.threshold = 10000 (custom)
2019-11-12 22:25:15,685 [pool-163-thread-1] INFO  server.RaftServerConfigKeys (ConfUtils.java:logGet(43)) - raft.server.snapshot.retention.file.num = 5 (custom)
2019-11-12 22:25:15,685 [pool-163-thread-1] INFO  server.RaftServerConfigKeys (ConfUtils.java:logGet(43)) - raft.server.retrycache.expirytime = 600000ms (custom)
2019-11-12 22:25:15,685 [pool-163-thread-1] WARN  impl.MetricRegistriesImpl (MetricRegistriesImpl.java:lambda$create$1(61)) - First MetricRegistry has been created without registering reporters. You may need to call MetricRegistries.global().addReportRegistration(...) before.
2019-11-12 22:25:15,686 [pool-163-thread-1] WARN  impl.MetricRegistriesImpl (MetricRegistriesImpl.java:lambda$create$1(61)) - First MetricRegistry has been created without registering reporters. You may need to call MetricRegistries.global().addReportRegistration(...) before.
2019-11-12 22:25:15,686 [pool-163-thread-1] INFO  impl.RaftServerImpl (RaftServerImpl.java:start(184)) - fed2bd94-bbf4-4593-9887-7c07c070d07d@group-4931D3C8139F: start as a follower, conf=-1: [fed2bd94-bbf4-4593-9887-7c07c070d07d:192.168.157.210:37620], old=null
2019-11-12 22:25:15,686 [pool-163-thread-1] INFO  impl.RaftServerImpl (RaftServerImpl.java:setRole(173)) - fed2bd94-bbf4-4593-9887-7c07c070d07d@group-4931D3C8139F: changes role from      null to FOLLOWER at term 0 for startAsFollower
2019-11-12 22:25:15,686 [pool-163-thread-1] INFO  impl.RoleInfo (RoleInfo.java:updateAndGet(143)) - fed2bd94-bbf4-4593-9887-7c07c070d07d: start FollowerState
2019-11-12 22:25:15,686 [pool-163-thread-1] INFO  util.JmxRegister (JmxRegister.java:tryRegister(44)) - Successfully registered JMX Bean with object name Ratis:service=RaftServer,group=group-4931D3C8139F,id=fed2bd94-bbf4-4593-9887-7c07c070d07d
2019-11-12 22:25:15,686 [pool-163-thread-1] WARN  impl.MetricRegistriesImpl (MetricRegistriesImpl.java:lambda$create$1(61)) - First MetricRegistry has been created without registering reporters. You may need to call MetricRegistries.global().addReportRegistration(...) before.
2019-11-12 22:25:15,691 [RatisPipelineUtilsThread] INFO  pipeline.PipelineStateManager (PipelineStateManager.java:addPipeline(55)) - Created pipeline Pipeline[ Id: aa9f041e-9854-4f52-b219-4931d3c8139f, Nodes: fed2bd94-bbf4-4593-9887-7c07c070d07d{ip: 192.168.157.210, host: pr-hdds-2463-z4974-865879084, networkLocation: /default-rack, certSerialId: null}, Type:RATIS, Factor:ONE, State:ALLOCATED]
2019-11-12 22:25:15,697 [grpc-default-executor-2] INFO  impl.RaftServerProxy (RaftServerProxy.java:addNew(89)) - cc8f8d42-1b01-4431-8c29-b671ab5a5551: addNew group-A60766204AFD:[cc8f8d42-1b01-4431-8c29-b671ab5a5551:192.168.157.210:40886] returns group-A60766204AFD:java.util.concurrent.CompletableFuture@aa3bae0[Not completed]
2019-11-12 22:25:15,700 [pool-173-thread-1] INFO  impl.RaftServerImpl (RaftServerImpl.java:<init>(98)) - cc8f8d42-1b01-4431-8c29-b671ab5a5551: new RaftServerImpl for group-A60766204AFD:[cc8f8d42-1b01-4431-8c29-b671ab5a5551:192.168.157.210:40886] with ContainerStateMachine:uninitialized
2019-11-12 22:25:15,700 [pool-173-thread-1] INFO  server.RaftServerConfigKeys (ConfUtils.java:logGet(43)) - raft.server.rpc.timeout.min = 1s (custom)
2019-11-12 22:25:15,700 [pool-173-thread-1] INFO  server.RaftServerConfigKeys (ConfUtils.java:logGet(43)) - raft.server.rpc.timeout.max = 1200ms (custom)
2019-11-12 22:25:15,700 [pool-173-thread-1] INFO  server.RaftServerConfigKeys (ConfUtils.java:logGet(43)) - raft.server.rpcslowness.timeout = 120s (custom)
2019-11-12 22:25:15,700 [pool-173-thread-1] INFO  server.RaftServerConfigKeys (ConfUtils.java:logGet(43)) - raft.server.sleep.deviation.threshold = 300 (default)
2019-11-12 22:25:15,700 [pool-173-thread-1] INFO  server.RaftServerConfigKeys (ConfUtils.java:logGet(43)) - raft.server.log.appender.install.snapshot.enabled = false (custom)
2019-11-12 22:25:15,700 [pool-173-thread-1] INFO  impl.RaftServerImpl (ServerState.java:<init>(103)) - cc8f8d42-1b01-4431-8c29-b671ab5a5551@group-A60766204AFD: ConfigurationManager, init=-1: [cc8f8d42-1b01-4431-8c29-b671ab5a5551:192.168.157.210:40886], old=null, confs=<EMPTY_MAP>
2019-11-12 22:25:15,701 [pool-173-thread-1] INFO  server.RaftServerConfigKeys (ConfUtils.java:logGet(43)) - raft.server.storage.dir = [/workdir/hadoop-ozone/integration-test/target/test-dir/MiniOzoneClusterImpl-49cde4fa-0f5c-485a-80e4-a10b14a740d7/datanode-2/data/ratis] (custom)
2019-11-12 22:25:15,701 [pool-173-thread-1] INFO  server.RaftServerConfigKeys (ConfUtils.java:logGet(43)) - raft.server.log.corruption.policy = EXCEPTION (default)
2019-11-12 22:25:15,701 [pool-173-thread-1] INFO  storage.RaftStorageDirectory (RaftStorageDirectory.java:analyzeStorage(246)) - The storage directory /workdir/hadoop-ozone/integration-test/target/test-dir/MiniOzoneClusterImpl-49cde4fa-0f5c-485a-80e4-a10b14a740d7/datanode-2/data/ratis/e782d8f8-1e43-4432-bffa-a60766204afd does not exist. Creating ...
2019-11-12 22:25:15,721 [IPC Server handler 0 on 44011] INFO  net.NetworkTopology (NetworkTopologyImpl.java:add(111)) - Added a new node: /default-rack/e1630cc0-82e2-4757-a0ff-1e5aa97f4a82
2019-11-12 22:25:15,721 [IPC Server handler 0 on 44011] INFO  node.SCMNodeManager (SCMNodeManager.java:register(267)) - Registered Data node : e1630cc0-82e2-4757-a0ff-1e5aa97f4a82{ip: 192.168.157.210, host: pr-hdds-2463-z4974-865879084, networkLocation: /default-rack, certSerialId: null}
2019-11-12 22:25:15,730 [pool-173-thread-1] INFO  storage.RaftStorageDirectory (RaftStorageDirectory.java:tryLock(328)) - Lock on /workdir/hadoop-ozone/integration-test/target/test-dir/MiniOzoneClusterImpl-49cde4fa-0f5c-485a-80e4-a10b14a740d7/datanode-2/data/ratis/e782d8f8-1e43-4432-bffa-a60766204afd/in_use.lock acquired by nodename 20844@pr-hdds-2463-z4974-865879084
2019-11-12 22:25:15,756 [pool-173-thread-1] INFO  storage.RaftStorage (RaftStorage.java:format(84)) - Storage directory /workdir/hadoop-ozone/integration-test/target/test-dir/MiniOzoneClusterImpl-49cde4fa-0f5c-485a-80e4-a10b14a740d7/datanode-2/data/ratis/e782d8f8-1e43-4432-bffa-a60766204afd has been successfully formatted.
2019-11-12 22:25:15,756 [pool-173-thread-1] INFO  ratis.ContainerStateMachine (ContainerStateMachine.java:loadSnapshot(223)) - group-A60766204AFD: The snapshot info is null. Setting the last applied indexto:(t:0, i:~)
2019-11-12 22:25:15,756 [pool-173-thread-1] INFO  server.RaftServerConfigKeys (ConfUtils.java:logGet(43)) - raft.server.notification.no-leader.timeout = 120s (custom)
2019-11-12 22:25:15,756 [pool-173-thread-1] INFO  server.RaftServerConfigKeys (ConfUtils.java:logGet(43)) - raft.server.log.use.memory = false (default)
2019-11-12 22:25:15,756 [pool-173-thread-1] INFO  server.RaftServerConfigKeys (ConfUtils.java:logGet(43)) - raft.server.log.purge.gap = 1000000 (custom)
2019-11-12 22:25:15,756 [pool-173-thread-1] INFO  server.RaftServerConfigKeys (ConfUtils.java:logGet(43)) - raft.server.log.appender.buffer.byte-limit = 33554432 (custom)
2019-11-12 22:25:15,756 [pool-173-thread-1] INFO  server.RaftServerConfigKeys (ConfUtils.java:logGet(43)) - raft.server.log.segment.size.max = 1048576 (custom)
2019-11-12 22:25:15,756 [pool-173-thread-1] WARN  impl.MetricRegistriesImpl (MetricRegistriesImpl.java:lambda$create$1(61)) - First MetricRegistry has been created without registering reporters. You may need to call MetricRegistries.global().addReportRegistration(...) before.
2019-11-12 22:25:15,757 [pool-173-thread-1] INFO  server.RaftServerConfigKeys (ConfUtils.java:logGet(43)) - raft.server.log.segment.cache.num.max = 2 (custom)
2019-11-12 22:25:15,757 [pool-173-thread-1] INFO  segmented.SegmentedRaftLogWorker (SegmentedRaftLogWorker.java:<init>(173)) - new cc8f8d42-1b01-4431-8c29-b671ab5a5551@group-A60766204AFD-SegmentedRaftLogWorker for RaftStorage:Storage Directory /workdir/hadoop-ozone/integration-test/target/test-dir/MiniOzoneClusterImpl-49cde4fa-0f5c-485a-80e4-a10b14a740d7/datanode-2/data/ratis/e782d8f8-1e43-4432-bffa-a60766204afd
2019-11-12 22:25:15,757 [pool-173-thread-1] INFO  server.RaftServerConfigKeys (ConfUtils.java:logGet(43)) - raft.server.log.queue.byte-limit = 2147483647 (custom)
2019-11-12 22:25:15,757 [pool-173-thread-1] INFO  server.RaftServerConfigKeys (ConfUtils.java:logGet(43)) - raft.server.log.queue.element-limit = 1024 (custom)
2019-11-12 22:25:15,757 [pool-173-thread-1] INFO  server.RaftServerConfigKeys (ConfUtils.java:logGet(43)) - raft.server.log.segment.size.max = 1048576 (custom)
2019-11-12 22:25:15,757 [pool-173-thread-1] INFO  server.RaftServerConfigKeys (ConfUtils.java:logGet(43)) - raft.server.log.preallocated.size = 16384 (custom)
2019-11-12 22:25:15,757 [pool-173-thread-1] INFO  server.RaftServerConfigKeys (ConfUtils.java:logGet(43)) - raft.server.log.write.buffer.size = 33554432 (custom)
2019-11-12 22:25:15,757 [pool-173-thread-1] INFO  server.RaftServerConfigKeys (ConfUtils.java:logGet(43)) - raft.server.log.force.sync.num = 128 (default)
2019-11-12 22:25:15,757 [pool-173-thread-1] INFO  server.RaftServerConfigKeys (ConfUtils.java:logGet(43)) - raft.server.log.statemachine.data.sync = true (default)
2019-11-12 22:25:15,757 [pool-173-thread-1] INFO  server.RaftServerConfigKeys (ConfUtils.java:logGet(43)) - raft.server.log.statemachine.data.sync.timeout = 10s (default)
2019-11-12 22:25:15,757 [pool-173-thread-1] INFO  server.RaftServerConfigKeys (ConfUtils.java:logGet(43)) - raft.server.log.statemachine.data.sync.timeout.retry = -1 (default)
2019-11-12 22:25:15,758 [pool-173-thread-1] INFO  server.RaftServerConfigKeys (ConfUtils.java:logGet(43)) - raft.server.log.statemachine.data.caching.enabled = true (custom)
2019-11-12 22:25:15,758 [pool-173-thread-1] INFO  segmented.SegmentedRaftLogWorker (SegmentedRaftLogWorker.java:lambda$new$0(128)) - cc8f8d42-1b01-4431-8c29-b671ab5a5551@group-A60766204AFD-SegmentedRaftLogWorker: flushIndex: setUnconditionally 0 -> -1
2019-11-12 22:25:15,758 [pool-173-thread-1] INFO  server.RaftServerConfigKeys (ConfUtils.java:logGet(43)) - raft.server.snapshot.auto.trigger.enabled = true (custom)
2019-11-12 22:25:15,758 [pool-173-thread-1] INFO  server.RaftServerConfigKeys (ConfUtils.java:logGet(43)) - raft.server.snapshot.auto.trigger.threshold = 10000 (custom)
2019-11-12 22:25:15,758 [pool-173-thread-1] INFO  server.RaftServerConfigKeys (ConfUtils.java:logGet(43)) - raft.server.snapshot.retention.file.num = 5 (custom)
2019-11-12 22:25:15,758 [pool-173-thread-1] INFO  server.RaftServerConfigKeys (ConfUtils.java:logGet(43)) - raft.server.retrycache.expirytime = 600000ms (custom)
2019-11-12 22:25:15,759 [pool-173-thread-1] WARN  impl.MetricRegistriesImpl (MetricRegistriesImpl.java:lambda$create$1(61)) - First MetricRegistry has been created without registering reporters. You may need to call MetricRegistries.global().addReportRegistration(...) before.
2019-11-12 22:25:15,759 [pool-173-thread-1] WARN  impl.MetricRegistriesImpl (MetricRegistriesImpl.java:lambda$create$1(61)) - First MetricRegistry has been created without registering reporters. You may need to call MetricRegistries.global().addReportRegistration(...) before.
2019-11-12 22:25:15,759 [pool-173-thread-1] INFO  impl.RaftServerImpl (RaftServerImpl.java:start(184)) - cc8f8d42-1b01-4431-8c29-b671ab5a5551@group-A60766204AFD: start as a follower, conf=-1: [cc8f8d42-1b01-4431-8c29-b671ab5a5551:192.168.157.210:40886], old=null
2019-11-12 22:25:15,759 [pool-173-thread-1] INFO  impl.RaftServerImpl (RaftServerImpl.java:setRole(173)) - cc8f8d42-1b01-4431-8c29-b671ab5a5551@group-A60766204AFD: changes role from      null to FOLLOWER at term 0 for startAsFollower
2019-11-12 22:25:15,759 [pool-173-thread-1] INFO  impl.RoleInfo (RoleInfo.java:updateAndGet(143)) - cc8f8d42-1b01-4431-8c29-b671ab5a5551: start FollowerState
2019-11-12 22:25:15,760 [pool-173-thread-1] INFO  util.JmxRegister (JmxRegister.java:tryRegister(44)) - Successfully registered JMX Bean with object name Ratis:service=RaftServer,group=group-A60766204AFD,id=cc8f8d42-1b01-4431-8c29-b671ab5a5551
2019-11-12 22:25:15,760 [pool-173-thread-1] WARN  impl.MetricRegistriesImpl (MetricRegistriesImpl.java:lambda$create$1(61)) - First MetricRegistry has been created without registering reporters. You may need to call MetricRegistries.global().addReportRegistration(...) before.
2019-11-12 22:25:15,762 [RatisPipelineUtilsThread] INFO  pipeline.PipelineStateManager (PipelineStateManager.java:addPipeline(55)) - Created pipeline Pipeline[ Id: e782d8f8-1e43-4432-bffa-a60766204afd, Nodes: cc8f8d42-1b01-4431-8c29-b671ab5a5551{ip: 192.168.157.210, host: pr-hdds-2463-z4974-865879084, networkLocation: /default-rack, certSerialId: null}, Type:RATIS, Factor:ONE, State:ALLOCATED]
2019-11-12 22:25:15,768 [grpc-default-executor-2] INFO  impl.RaftServerProxy (RaftServerProxy.java:addNew(89)) - e1630cc0-82e2-4757-a0ff-1e5aa97f4a82: addNew group-A13B742C5E33:[e1630cc0-82e2-4757-a0ff-1e5aa97f4a82:192.168.157.210:46723] returns group-A13B742C5E33:java.util.concurrent.CompletableFuture@3652d91a[Not completed]
2019-11-12 22:25:15,770 [pool-183-thread-1] INFO  impl.RaftServerImpl (RaftServerImpl.java:<init>(98)) - e1630cc0-82e2-4757-a0ff-1e5aa97f4a82: new RaftServerImpl for group-A13B742C5E33:[e1630cc0-82e2-4757-a0ff-1e5aa97f4a82:192.168.157.210:46723] with ContainerStateMachine:uninitialized
2019-11-12 22:25:15,770 [pool-183-thread-1] INFO  server.RaftServerConfigKeys (ConfUtils.java:logGet(43)) - raft.server.rpc.timeout.min = 1s (custom)
2019-11-12 22:25:15,770 [pool-183-thread-1] INFO  server.RaftServerConfigKeys (ConfUtils.java:logGet(43)) - raft.server.rpc.timeout.max = 1200ms (custom)
2019-11-12 22:25:15,770 [pool-183-thread-1] INFO  server.RaftServerConfigKeys (ConfUtils.java:logGet(43)) - raft.server.rpcslowness.timeout = 120s (custom)
2019-11-12 22:25:15,770 [pool-183-thread-1] INFO  server.RaftServerConfigKeys (ConfUtils.java:logGet(43)) - raft.server.sleep.deviation.threshold = 300 (default)
2019-11-12 22:25:15,770 [pool-183-thread-1] INFO  server.RaftServerConfigKeys (ConfUtils.java:logGet(43)) - raft.server.log.appender.install.snapshot.enabled = false (custom)
2019-11-12 22:25:15,770 [pool-183-thread-1] INFO  impl.RaftServerImpl (ServerState.java:<init>(103)) - e1630cc0-82e2-4757-a0ff-1e5aa97f4a82@group-A13B742C5E33: ConfigurationManager, init=-1: [e1630cc0-82e2-4757-a0ff-1e5aa97f4a82:192.168.157.210:46723], old=null, confs=<EMPTY_MAP>
2019-11-12 22:25:15,771 [pool-183-thread-1] INFO  server.RaftServerConfigKeys (ConfUtils.java:logGet(43)) - raft.server.storage.dir = [/workdir/hadoop-ozone/integration-test/target/test-dir/MiniOzoneClusterImpl-49cde4fa-0f5c-485a-80e4-a10b14a740d7/datanode-3/data/ratis] (custom)
2019-11-12 22:25:15,771 [pool-183-thread-1] INFO  server.RaftServerConfigKeys (ConfUtils.java:logGet(43)) - raft.server.log.corruption.policy = EXCEPTION (default)
2019-11-12 22:25:15,771 [pool-183-thread-1] INFO  storage.RaftStorageDirectory (RaftStorageDirectory.java:analyzeStorage(246)) - The storage directory /workdir/hadoop-ozone/integration-test/target/test-dir/MiniOzoneClusterImpl-49cde4fa-0f5c-485a-80e4-a10b14a740d7/datanode-3/data/ratis/3fab2de7-642e-4275-9e01-a13b742c5e33 does not exist. Creating ...
2019-11-12 22:25:15,799 [pool-183-thread-1] INFO  storage.RaftStorageDirectory (RaftStorageDirectory.java:tryLock(328)) - Lock on /workdir/hadoop-ozone/integration-test/target/test-dir/MiniOzoneClusterImpl-49cde4fa-0f5c-485a-80e4-a10b14a740d7/datanode-3/data/ratis/3fab2de7-642e-4275-9e01-a13b742c5e33/in_use.lock acquired by nodename 20844@pr-hdds-2463-z4974-865879084
2019-11-12 22:25:15,825 [pool-183-thread-1] INFO  storage.RaftStorage (RaftStorage.java:format(84)) - Storage directory /workdir/hadoop-ozone/integration-test/target/test-dir/MiniOzoneClusterImpl-49cde4fa-0f5c-485a-80e4-a10b14a740d7/datanode-3/data/ratis/3fab2de7-642e-4275-9e01-a13b742c5e33 has been successfully formatted.
2019-11-12 22:25:15,825 [pool-183-thread-1] INFO  ratis.ContainerStateMachine (ContainerStateMachine.java:loadSnapshot(223)) - group-A13B742C5E33: The snapshot info is null. Setting the last applied indexto:(t:0, i:~)
2019-11-12 22:25:15,825 [pool-183-thread-1] INFO  server.RaftServerConfigKeys (ConfUtils.java:logGet(43)) - raft.server.notification.no-leader.timeout = 120s (custom)
2019-11-12 22:25:15,826 [pool-183-thread-1] INFO  server.RaftServerConfigKeys (ConfUtils.java:logGet(43)) - raft.server.log.use.memory = false (default)
2019-11-12 22:25:15,826 [pool-183-thread-1] INFO  server.RaftServerConfigKeys (ConfUtils.java:logGet(43)) - raft.server.log.purge.gap = 1000000 (custom)
2019-11-12 22:25:15,826 [pool-183-thread-1] INFO  server.RaftServerConfigKeys (ConfUtils.java:logGet(43)) - raft.server.log.appender.buffer.byte-limit = 33554432 (custom)
2019-11-12 22:25:15,826 [pool-183-thread-1] INFO  server.RaftServerConfigKeys (ConfUtils.java:logGet(43)) - raft.server.log.segment.size.max = 1048576 (custom)
2019-11-12 22:25:15,826 [pool-183-thread-1] WARN  impl.MetricRegistriesImpl (MetricRegistriesImpl.java:lambda$create$1(61)) - First MetricRegistry has been created without registering reporters. You may need to call MetricRegistries.global().addReportRegistration(...) before.
2019-11-12 22:25:15,826 [pool-183-thread-1] INFO  server.RaftServerConfigKeys (ConfUtils.java:logGet(43)) - raft.server.log.segment.cache.num.max = 2 (custom)
2019-11-12 22:25:15,826 [pool-183-thread-1] INFO  segmented.SegmentedRaftLogWorker (SegmentedRaftLogWorker.java:<init>(173)) - new e1630cc0-82e2-4757-a0ff-1e5aa97f4a82@group-A13B742C5E33-SegmentedRaftLogWorker for RaftStorage:Storage Directory /workdir/hadoop-ozone/integration-test/target/test-dir/MiniOzoneClusterImpl-49cde4fa-0f5c-485a-80e4-a10b14a740d7/datanode-3/data/ratis/3fab2de7-642e-4275-9e01-a13b742c5e33
2019-11-12 22:25:15,827 [pool-183-thread-1] INFO  server.RaftServerConfigKeys (ConfUtils.java:logGet(43)) - raft.server.log.queue.byte-limit = 2147483647 (custom)
2019-11-12 22:25:15,827 [pool-183-thread-1] INFO  server.RaftServerConfigKeys (ConfUtils.java:logGet(43)) - raft.server.log.queue.element-limit = 1024 (custom)
2019-11-12 22:25:15,827 [pool-183-thread-1] INFO  server.RaftServerConfigKeys (ConfUtils.java:logGet(43)) - raft.server.log.segment.size.max = 1048576 (custom)
2019-11-12 22:25:15,827 [pool-183-thread-1] INFO  server.RaftServerConfigKeys (ConfUtils.java:logGet(43)) - raft.server.log.preallocated.size = 16384 (custom)
2019-11-12 22:25:15,827 [pool-183-thread-1] INFO  server.RaftServerConfigKeys (ConfUtils.java:logGet(43)) - raft.server.log.write.buffer.size = 33554432 (custom)
2019-11-12 22:25:15,827 [pool-183-thread-1] INFO  server.RaftServerConfigKeys (ConfUtils.java:logGet(43)) - raft.server.log.force.sync.num = 128 (default)
2019-11-12 22:25:15,827 [pool-183-thread-1] INFO  server.RaftServerConfigKeys (ConfUtils.java:logGet(43)) - raft.server.log.statemachine.data.sync = true (default)
2019-11-12 22:25:15,827 [pool-183-thread-1] INFO  server.RaftServerConfigKeys (ConfUtils.java:logGet(43)) - raft.server.log.statemachine.data.sync.timeout = 10s (default)
2019-11-12 22:25:15,827 [pool-183-thread-1] INFO  server.RaftServerConfigKeys (ConfUtils.java:logGet(43)) - raft.server.log.statemachine.data.sync.timeout.retry = -1 (default)
2019-11-12 22:25:15,828 [pool-183-thread-1] INFO  server.RaftServerConfigKeys (ConfUtils.java:logGet(43)) - raft.server.log.statemachine.data.caching.enabled = true (custom)
2019-11-12 22:25:15,828 [pool-183-thread-1] INFO  segmented.SegmentedRaftLogWorker (SegmentedRaftLogWorker.java:lambda$new$0(128)) - e1630cc0-82e2-4757-a0ff-1e5aa97f4a82@group-A13B742C5E33-SegmentedRaftLogWorker: flushIndex: setUnconditionally 0 -> -1
2019-11-12 22:25:15,828 [pool-183-thread-1] INFO  server.RaftServerConfigKeys (ConfUtils.java:logGet(43)) - raft.server.snapshot.auto.trigger.enabled = true (custom)
2019-11-12 22:25:15,828 [pool-183-thread-1] INFO  server.RaftServerConfigKeys (ConfUtils.java:logGet(43)) - raft.server.snapshot.auto.trigger.threshold = 10000 (custom)
2019-11-12 22:25:15,829 [pool-183-thread-1] INFO  server.RaftServerConfigKeys (ConfUtils.java:logGet(43)) - raft.server.snapshot.retention.file.num = 5 (custom)
2019-11-12 22:25:15,829 [pool-183-thread-1] INFO  server.RaftServerConfigKeys (ConfUtils.java:logGet(43)) - raft.server.retrycache.expirytime = 600000ms (custom)
2019-11-12 22:25:15,829 [pool-183-thread-1] WARN  impl.MetricRegistriesImpl (MetricRegistriesImpl.java:lambda$create$1(61)) - First MetricRegistry has been created without registering reporters. You may need to call MetricRegistries.global().addReportRegistration(...) before.
2019-11-12 22:25:15,829 [pool-183-thread-1] WARN  impl.MetricRegistriesImpl (MetricRegistriesImpl.java:lambda$create$1(61)) - First MetricRegistry has been created without registering reporters. You may need to call MetricRegistries.global().addReportRegistration(...) before.
2019-11-12 22:25:15,829 [pool-183-thread-1] INFO  impl.RaftServerImpl (RaftServerImpl.java:start(184)) - e1630cc0-82e2-4757-a0ff-1e5aa97f4a82@group-A13B742C5E33: start as a follower, conf=-1: [e1630cc0-82e2-4757-a0ff-1e5aa97f4a82:192.168.157.210:46723], old=null
2019-11-12 22:25:15,829 [pool-183-thread-1] INFO  impl.RaftServerImpl (RaftServerImpl.java:setRole(173)) - e1630cc0-82e2-4757-a0ff-1e5aa97f4a82@group-A13B742C5E33: changes role from      null to FOLLOWER at term 0 for startAsFollower
2019-11-12 22:25:15,829 [pool-183-thread-1] INFO  impl.RoleInfo (RoleInfo.java:updateAndGet(143)) - e1630cc0-82e2-4757-a0ff-1e5aa97f4a82: start FollowerState
2019-11-12 22:25:15,830 [pool-183-thread-1] INFO  util.JmxRegister (JmxRegister.java:tryRegister(44)) - Successfully registered JMX Bean with object name Ratis:service=RaftServer,group=group-A13B742C5E33,id=e1630cc0-82e2-4757-a0ff-1e5aa97f4a82
2019-11-12 22:25:15,830 [pool-183-thread-1] WARN  impl.MetricRegistriesImpl (MetricRegistriesImpl.java:lambda$create$1(61)) - First MetricRegistry has been created without registering reporters. You may need to call MetricRegistries.global().addReportRegistration(...) before.
2019-11-12 22:25:15,832 [RatisPipelineUtilsThread] INFO  pipeline.PipelineStateManager (PipelineStateManager.java:addPipeline(55)) - Created pipeline Pipeline[ Id: 3fab2de7-642e-4275-9e01-a13b742c5e33, Nodes: e1630cc0-82e2-4757-a0ff-1e5aa97f4a82{ip: 192.168.157.210, host: pr-hdds-2463-z4974-865879084, networkLocation: /default-rack, certSerialId: null}, Type:RATIS, Factor:ONE, State:ALLOCATED]
2019-11-12 22:25:15,833 [IPC Server handler 1 on 44011] INFO  net.NetworkTopology (NetworkTopologyImpl.java:add(111)) - Added a new node: /default-rack/124b1436-2dec-4708-9bef-ac97c435ef9a
2019-11-12 22:25:15,834 [IPC Server handler 1 on 44011] INFO  node.SCMNodeManager (SCMNodeManager.java:register(267)) - Registered Data node : 124b1436-2dec-4708-9bef-ac97c435ef9a{ip: 192.168.157.210, host: pr-hdds-2463-z4974-865879084, networkLocation: /default-rack, certSerialId: null}
2019-11-12 22:25:15,846 [grpc-default-executor-1] INFO  impl.RaftServerProxy (RaftServerProxy.java:addNew(89)) - fed2bd94-bbf4-4593-9887-7c07c070d07d: addNew group-AD3E095FAB4F:[ed184682-841a-431b-821d-e4efb86e7b6e:192.168.157.210:40829, cc8f8d42-1b01-4431-8c29-b671ab5a5551:192.168.157.210:40886, fed2bd94-bbf4-4593-9887-7c07c070d07d:192.168.157.210:37620] returns group-AD3E095FAB4F:java.util.concurrent.CompletableFuture@1b6bbf9f[Not completed]
2019-11-12 22:25:15,846 [grpc-default-executor-2] INFO  impl.RaftServerProxy (RaftServerProxy.java:addNew(89)) - ed184682-841a-431b-821d-e4efb86e7b6e: addNew group-AD3E095FAB4F:[ed184682-841a-431b-821d-e4efb86e7b6e:192.168.157.210:40829, cc8f8d42-1b01-4431-8c29-b671ab5a5551:192.168.157.210:40886, fed2bd94-bbf4-4593-9887-7c07c070d07d:192.168.157.210:37620] returns group-AD3E095FAB4F:java.util.concurrent.CompletableFuture@c7bee00[Not completed]
2019-11-12 22:25:15,847 [pool-153-thread-1] INFO  impl.RaftServerImpl (RaftServerImpl.java:<init>(98)) - ed184682-841a-431b-821d-e4efb86e7b6e: new RaftServerImpl for group-AD3E095FAB4F:[ed184682-841a-431b-821d-e4efb86e7b6e:192.168.157.210:40829, cc8f8d42-1b01-4431-8c29-b671ab5a5551:192.168.157.210:40886, fed2bd94-bbf4-4593-9887-7c07c070d07d:192.168.157.210:37620] with ContainerStateMachine:uninitialized
2019-11-12 22:25:15,847 [grpc-default-executor-2] INFO  impl.RaftServerProxy (RaftServerProxy.java:addNew(89)) - cc8f8d42-1b01-4431-8c29-b671ab5a5551: addNew group-AD3E095FAB4F:[ed184682-841a-431b-821d-e4efb86e7b6e:192.168.157.210:40829, cc8f8d42-1b01-4431-8c29-b671ab5a5551:192.168.157.210:40886, fed2bd94-bbf4-4593-9887-7c07c070d07d:192.168.157.210:37620] returns group-AD3E095FAB4F:java.util.concurrent.CompletableFuture@6fe17c43[Not completed]
2019-11-12 22:25:15,847 [pool-153-thread-1] INFO  server.RaftServerConfigKeys (ConfUtils.java:logGet(43)) - raft.server.rpc.timeout.min = 1s (custom)
2019-11-12 22:25:15,848 [pool-153-thread-1] INFO  server.RaftServerConfigKeys (ConfUtils.java:logGet(43)) - raft.server.rpc.timeout.max = 1200ms (custom)
2019-11-12 22:25:15,848 [pool-153-thread-1] INFO  server.RaftServerConfigKeys (ConfUtils.java:logGet(43)) - raft.server.rpcslowness.timeout = 120s (custom)
2019-11-12 22:25:15,848 [pool-153-thread-1] INFO  server.RaftServerConfigKeys (ConfUtils.java:logGet(43)) - raft.server.sleep.deviation.threshold = 300 (default)
2019-11-12 22:25:15,848 [pool-163-thread-1] INFO  impl.RaftServerImpl (RaftServerImpl.java:<init>(98)) - fed2bd94-bbf4-4593-9887-7c07c070d07d: new RaftServerImpl for group-AD3E095FAB4F:[ed184682-841a-431b-821d-e4efb86e7b6e:192.168.157.210:40829, cc8f8d42-1b01-4431-8c29-b671ab5a5551:192.168.157.210:40886, fed2bd94-bbf4-4593-9887-7c07c070d07d:192.168.157.210:37620] with ContainerStateMachine:uninitialized
2019-11-12 22:25:15,848 [pool-153-thread-1] INFO  server.RaftServerConfigKeys (ConfUtils.java:logGet(43)) - raft.server.log.appender.install.snapshot.enabled = false (custom)
2019-11-12 22:25:15,848 [pool-163-thread-1] INFO  server.RaftServerConfigKeys (ConfUtils.java:logGet(43)) - raft.server.rpc.timeout.min = 1s (custom)
2019-11-12 22:25:15,848 [pool-153-thread-1] INFO  impl.RaftServerImpl (ServerState.java:<init>(103)) - ed184682-841a-431b-821d-e4efb86e7b6e@group-AD3E095FAB4F: ConfigurationManager, init=-1: [ed184682-841a-431b-821d-e4efb86e7b6e:192.168.157.210:40829, cc8f8d42-1b01-4431-8c29-b671ab5a5551:192.168.157.210:40886, fed2bd94-bbf4-4593-9887-7c07c070d07d:192.168.157.210:37620], old=null, confs=<EMPTY_MAP>
2019-11-12 22:25:15,848 [pool-173-thread-1] INFO  impl.RaftServerImpl (RaftServerImpl.java:<init>(98)) - cc8f8d42-1b01-4431-8c29-b671ab5a5551: new RaftServerImpl for group-AD3E095FAB4F:[ed184682-841a-431b-821d-e4efb86e7b6e:192.168.157.210:40829, cc8f8d42-1b01-4431-8c29-b671ab5a5551:192.168.157.210:40886, fed2bd94-bbf4-4593-9887-7c07c070d07d:192.168.157.210:37620] with ContainerStateMachine:uninitialized
2019-11-12 22:25:15,849 [pool-153-thread-1] INFO  server.RaftServerConfigKeys (ConfUtils.java:logGet(43)) - raft.server.storage.dir = [/workdir/hadoop-ozone/integration-test/target/test-dir/MiniOzoneClusterImpl-49cde4fa-0f5c-485a-80e4-a10b14a740d7/datanode-0/data/ratis] (custom)
2019-11-12 22:25:15,848 [pool-163-thread-1] INFO  server.RaftServerConfigKeys (ConfUtils.java:logGet(43)) - raft.server.rpc.timeout.max = 1200ms (custom)
2019-11-12 22:25:15,849 [pool-173-thread-1] INFO  server.RaftServerConfigKeys (ConfUtils.java:logGet(43)) - raft.server.rpc.timeout.min = 1s (custom)
2019-11-12 22:25:15,849 [pool-163-thread-1] INFO  server.RaftServerConfigKeys (ConfUtils.java:logGet(43)) - raft.server.rpcslowness.timeout = 120s (custom)
2019-11-12 22:25:15,849 [pool-153-thread-1] INFO  server.RaftServerConfigKeys (ConfUtils.java:logGet(43)) - raft.server.log.corruption.policy = EXCEPTION (default)
2019-11-12 22:25:15,849 [pool-173-thread-1] INFO  server.RaftServerConfigKeys (ConfUtils.java:logGet(43)) - raft.server.rpc.timeout.max = 1200ms (custom)
2019-11-12 22:25:15,849 [pool-163-thread-1] INFO  server.RaftServerConfigKeys (ConfUtils.java:logGet(43)) - raft.server.sleep.deviation.threshold = 300 (default)
2019-11-12 22:25:15,849 [pool-153-thread-1] INFO  storage.RaftStorageDirectory (RaftStorageDirectory.java:analyzeStorage(246)) - The storage directory /workdir/hadoop-ozone/integration-test/target/test-dir/MiniOzoneClusterImpl-49cde4fa-0f5c-485a-80e4-a10b14a740d7/datanode-0/data/ratis/f6de3f57-1a33-45c5-ae6b-ad3e095fab4f does not exist. Creating ...
2019-11-12 22:25:15,849 [pool-173-thread-1] INFO  server.RaftServerConfigKeys (ConfUtils.java:logGet(43)) - raft.server.rpcslowness.timeout = 120s (custom)
2019-11-12 22:25:15,849 [pool-163-thread-1] INFO  server.RaftServerConfigKeys (ConfUtils.java:logGet(43)) - raft.server.log.appender.install.snapshot.enabled = false (custom)
2019-11-12 22:25:15,849 [pool-173-thread-1] INFO  server.RaftServerConfigKeys (ConfUtils.java:logGet(43)) - raft.server.sleep.deviation.threshold = 300 (default)
2019-11-12 22:25:15,850 [pool-163-thread-1] INFO  impl.RaftServerImpl (ServerState.java:<init>(103)) - fed2bd94-bbf4-4593-9887-7c07c070d07d@group-AD3E095FAB4F: ConfigurationManager, init=-1: [ed184682-841a-431b-821d-e4efb86e7b6e:192.168.157.210:40829, cc8f8d42-1b01-4431-8c29-b671ab5a5551:192.168.157.210:40886, fed2bd94-bbf4-4593-9887-7c07c070d07d:192.168.157.210:37620], old=null, confs=<EMPTY_MAP>
2019-11-12 22:25:15,850 [pool-173-thread-1] INFO  server.RaftServerConfigKeys (ConfUtils.java:logGet(43)) - raft.server.log.appender.install.snapshot.enabled = false (custom)
2019-11-12 22:25:15,850 [pool-163-thread-1] INFO  server.RaftServerConfigKeys (ConfUtils.java:logGet(43)) - raft.server.storage.dir = [/workdir/hadoop-ozone/integration-test/target/test-dir/MiniOzoneClusterImpl-49cde4fa-0f5c-485a-80e4-a10b14a740d7/datanode-1/data/ratis] (custom)
2019-11-12 22:25:15,850 [pool-173-thread-1] INFO  impl.RaftServerImpl (ServerState.java:<init>(103)) - cc8f8d42-1b01-4431-8c29-b671ab5a5551@group-AD3E095FAB4F: ConfigurationManager, init=-1: [ed184682-841a-431b-821d-e4efb86e7b6e:192.168.157.210:40829, cc8f8d42-1b01-4431-8c29-b671ab5a5551:192.168.157.210:40886, fed2bd94-bbf4-4593-9887-7c07c070d07d:192.168.157.210:37620], old=null, confs=<EMPTY_MAP>
2019-11-12 22:25:15,850 [pool-173-thread-1] INFO  server.RaftServerConfigKeys (ConfUtils.java:logGet(43)) - raft.server.storage.dir = [/workdir/hadoop-ozone/integration-test/target/test-dir/MiniOzoneClusterImpl-49cde4fa-0f5c-485a-80e4-a10b14a740d7/datanode-2/data/ratis] (custom)
2019-11-12 22:25:15,850 [pool-163-thread-1] INFO  server.RaftServerConfigKeys (ConfUtils.java:logGet(43)) - raft.server.log.corruption.policy = EXCEPTION (default)
2019-11-12 22:25:15,850 [pool-173-thread-1] INFO  server.RaftServerConfigKeys (ConfUtils.java:logGet(43)) - raft.server.log.corruption.policy = EXCEPTION (default)
2019-11-12 22:25:15,850 [pool-163-thread-1] INFO  storage.RaftStorageDirectory (RaftStorageDirectory.java:analyzeStorage(246)) - The storage directory /workdir/hadoop-ozone/integration-test/target/test-dir/MiniOzoneClusterImpl-49cde4fa-0f5c-485a-80e4-a10b14a740d7/datanode-1/data/ratis/f6de3f57-1a33-45c5-ae6b-ad3e095fab4f does not exist. Creating ...
2019-11-12 22:25:15,850 [pool-173-thread-1] INFO  storage.RaftStorageDirectory (RaftStorageDirectory.java:analyzeStorage(246)) - The storage directory /workdir/hadoop-ozone/integration-test/target/test-dir/MiniOzoneClusterImpl-49cde4fa-0f5c-485a-80e4-a10b14a740d7/datanode-2/data/ratis/f6de3f57-1a33-45c5-ae6b-ad3e095fab4f does not exist. Creating ...
2019-11-12 22:25:15,876 [pool-173-thread-1] INFO  storage.RaftStorageDirectory (RaftStorageDirectory.java:tryLock(328)) - Lock on /workdir/hadoop-ozone/integration-test/target/test-dir/MiniOzoneClusterImpl-49cde4fa-0f5c-485a-80e4-a10b14a740d7/datanode-2/data/ratis/f6de3f57-1a33-45c5-ae6b-ad3e095fab4f/in_use.lock acquired by nodename 20844@pr-hdds-2463-z4974-865879084
2019-11-12 22:25:15,876 [pool-153-thread-1] INFO  storage.RaftStorageDirectory (RaftStorageDirectory.java:tryLock(328)) - Lock on /workdir/hadoop-ozone/integration-test/target/test-dir/MiniOzoneClusterImpl-49cde4fa-0f5c-485a-80e4-a10b14a740d7/datanode-0/data/ratis/f6de3f57-1a33-45c5-ae6b-ad3e095fab4f/in_use.lock acquired by nodename 20844@pr-hdds-2463-z4974-865879084
2019-11-12 22:25:15,876 [pool-163-thread-1] INFO  storage.RaftStorageDirectory (RaftStorageDirectory.java:tryLock(328)) - Lock on /workdir/hadoop-ozone/integration-test/target/test-dir/MiniOzoneClusterImpl-49cde4fa-0f5c-485a-80e4-a10b14a740d7/datanode-1/data/ratis/f6de3f57-1a33-45c5-ae6b-ad3e095fab4f/in_use.lock acquired by nodename 20844@pr-hdds-2463-z4974-865879084
2019-11-12 22:25:15,902 [pool-153-thread-1] INFO  storage.RaftStorage (RaftStorage.java:format(84)) - Storage directory /workdir/hadoop-ozone/integration-test/target/test-dir/MiniOzoneClusterImpl-49cde4fa-0f5c-485a-80e4-a10b14a740d7/datanode-0/data/ratis/f6de3f57-1a33-45c5-ae6b-ad3e095fab4f has been successfully formatted.
2019-11-12 22:25:15,902 [pool-173-thread-1] INFO  storage.RaftStorage (RaftStorage.java:format(84)) - Storage directory /workdir/hadoop-ozone/integration-test/target/test-dir/MiniOzoneClusterImpl-49cde4fa-0f5c-485a-80e4-a10b14a740d7/datanode-2/data/ratis/f6de3f57-1a33-45c5-ae6b-ad3e095fab4f has been successfully formatted.
2019-11-12 22:25:15,902 [pool-163-thread-1] INFO  storage.RaftStorage (RaftStorage.java:format(84)) - Storage directory /workdir/hadoop-ozone/integration-test/target/test-dir/MiniOzoneClusterImpl-49cde4fa-0f5c-485a-80e4-a10b14a740d7/datanode-1/data/ratis/f6de3f57-1a33-45c5-ae6b-ad3e095fab4f has been successfully formatted.
2019-11-12 22:25:15,903 [pool-173-thread-1] INFO  ratis.ContainerStateMachine (ContainerStateMachine.java:loadSnapshot(223)) - group-AD3E095FAB4F: The snapshot info is null. Setting the last applied indexto:(t:0, i:~)
2019-11-12 22:25:15,903 [pool-153-thread-1] INFO  ratis.ContainerStateMachine (ContainerStateMachine.java:loadSnapshot(223)) - group-AD3E095FAB4F: The snapshot info is null. Setting the last applied indexto:(t:0, i:~)
2019-11-12 22:25:15,903 [pool-163-thread-1] INFO  ratis.ContainerStateMachine (ContainerStateMachine.java:loadSnapshot(223)) - group-AD3E095FAB4F: The snapshot info is null. Setting the last applied indexto:(t:0, i:~)
2019-11-12 22:25:15,903 [pool-173-thread-1] INFO  server.RaftServerConfigKeys (ConfUtils.java:logGet(43)) - raft.server.notification.no-leader.timeout = 120s (custom)
2019-11-12 22:25:15,903 [pool-163-thread-1] INFO  server.RaftServerConfigKeys (ConfUtils.java:logGet(43)) - raft.server.notification.no-leader.timeout = 120s (custom)
2019-11-12 22:25:15,903 [pool-153-thread-1] INFO  server.RaftServerConfigKeys (ConfUtils.java:logGet(43)) - raft.server.notification.no-leader.timeout = 120s (custom)
2019-11-12 22:25:15,903 [pool-163-thread-1] INFO  server.RaftServerConfigKeys (ConfUtils.java:logGet(43)) - raft.server.log.use.memory = false (default)
2019-11-12 22:25:15,903 [pool-173-thread-1] INFO  server.RaftServerConfigKeys (ConfUtils.java:logGet(43)) - raft.server.log.use.memory = false (default)
2019-11-12 22:25:15,903 [pool-163-thread-1] INFO  server.RaftServerConfigKeys (ConfUtils.java:logGet(43)) - raft.server.log.purge.gap = 1000000 (custom)
2019-11-12 22:25:15,903 [pool-153-thread-1] INFO  server.RaftServerConfigKeys (ConfUtils.java:logGet(43)) - raft.server.log.use.memory = false (default)
2019-11-12 22:25:15,904 [pool-163-thread-1] INFO  server.RaftServerConfigKeys (ConfUtils.java:logGet(43)) - raft.server.log.appender.buffer.byte-limit = 33554432 (custom)
2019-11-12 22:25:15,904 [pool-173-thread-1] INFO  server.RaftServerConfigKeys (ConfUtils.java:logGet(43)) - raft.server.log.purge.gap = 1000000 (custom)
2019-11-12 22:25:15,904 [pool-163-thread-1] INFO  server.RaftServerConfigKeys (ConfUtils.java:logGet(43)) - raft.server.log.segment.size.max = 1048576 (custom)
2019-11-12 22:25:15,904 [pool-153-thread-1] INFO  server.RaftServerConfigKeys (ConfUtils.java:logGet(43)) - raft.server.log.purge.gap = 1000000 (custom)
2019-11-12 22:25:15,904 [pool-163-thread-1] INFO  server.RaftServerConfigKeys (ConfUtils.java:logGet(43)) - raft.server.log.segment.cache.num.max = 2 (custom)
2019-11-12 22:25:15,904 [pool-173-thread-1] INFO  server.RaftServerConfigKeys (ConfUtils.java:logGet(43)) - raft.server.log.appender.buffer.byte-limit = 33554432 (custom)
2019-11-12 22:25:15,904 [pool-163-thread-1] INFO  segmented.SegmentedRaftLogWorker (SegmentedRaftLogWorker.java:<init>(173)) - new fed2bd94-bbf4-4593-9887-7c07c070d07d@group-AD3E095FAB4F-SegmentedRaftLogWorker for RaftStorage:Storage Directory /workdir/hadoop-ozone/integration-test/target/test-dir/MiniOzoneClusterImpl-49cde4fa-0f5c-485a-80e4-a10b14a740d7/datanode-1/data/ratis/f6de3f57-1a33-45c5-ae6b-ad3e095fab4f
2019-11-12 22:25:15,904 [pool-153-thread-1] INFO  server.RaftServerConfigKeys (ConfUtils.java:logGet(43)) - raft.server.log.appender.buffer.byte-limit = 33554432 (custom)
2019-11-12 22:25:15,904 [pool-163-thread-1] INFO  server.RaftServerConfigKeys (ConfUtils.java:logGet(43)) - raft.server.log.queue.byte-limit = 2147483647 (custom)
2019-11-12 22:25:15,904 [pool-173-thread-1] INFO  server.RaftServerConfigKeys (ConfUtils.java:logGet(43)) - raft.server.log.segment.size.max = 1048576 (custom)
2019-11-12 22:25:15,904 [pool-163-thread-1] INFO  server.RaftServerConfigKeys (ConfUtils.java:logGet(43)) - raft.server.log.queue.element-limit = 1024 (custom)
2019-11-12 22:25:15,904 [pool-153-thread-1] INFO  server.RaftServerConfigKeys (ConfUtils.java:logGet(43)) - raft.server.log.segment.size.max = 1048576 (custom)
2019-11-12 22:25:15,905 [pool-163-thread-1] INFO  server.RaftServerConfigKeys (ConfUtils.java:logGet(43)) - raft.server.log.segment.size.max = 1048576 (custom)
2019-11-12 22:25:15,905 [pool-153-thread-1] INFO  server.RaftServerConfigKeys (ConfUtils.java:logGet(43)) - raft.server.log.segment.cache.num.max = 2 (custom)
2019-11-12 22:25:15,905 [pool-173-thread-1] INFO  server.RaftServerConfigKeys (ConfUtils.java:logGet(43)) - raft.server.log.segment.cache.num.max = 2 (custom)
2019-11-12 22:25:15,905 [pool-153-thread-1] INFO  segmented.SegmentedRaftLogWorker (SegmentedRaftLogWorker.java:<init>(173)) - new ed184682-841a-431b-821d-e4efb86e7b6e@group-AD3E095FAB4F-SegmentedRaftLogWorker for RaftStorage:Storage Directory /workdir/hadoop-ozone/integration-test/target/test-dir/MiniOzoneClusterImpl-49cde4fa-0f5c-485a-80e4-a10b14a740d7/datanode-0/data/ratis/f6de3f57-1a33-45c5-ae6b-ad3e095fab4f
2019-11-12 22:25:15,905 [pool-163-thread-1] INFO  server.RaftServerConfigKeys (ConfUtils.java:logGet(43)) - raft.server.log.preallocated.size = 16384 (custom)
2019-11-12 22:25:15,905 [pool-153-thread-1] INFO  server.RaftServerConfigKeys (ConfUtils.java:logGet(43)) - raft.server.log.queue.byte-limit = 2147483647 (custom)
2019-11-12 22:25:15,905 [pool-173-thread-1] INFO  segmented.SegmentedRaftLogWorker (SegmentedRaftLogWorker.java:<init>(173)) - new cc8f8d42-1b01-4431-8c29-b671ab5a5551@group-AD3E095FAB4F-SegmentedRaftLogWorker for RaftStorage:Storage Directory /workdir/hadoop-ozone/integration-test/target/test-dir/MiniOzoneClusterImpl-49cde4fa-0f5c-485a-80e4-a10b14a740d7/datanode-2/data/ratis/f6de3f57-1a33-45c5-ae6b-ad3e095fab4f
2019-11-12 22:25:15,905 [pool-153-thread-1] INFO  server.RaftServerConfigKeys (ConfUtils.java:logGet(43)) - raft.server.log.queue.element-limit = 1024 (custom)
2019-11-12 22:25:15,905 [pool-163-thread-1] INFO  server.RaftServerConfigKeys (ConfUtils.java:logGet(43)) - raft.server.log.write.buffer.size = 33554432 (custom)
2019-11-12 22:25:15,906 [pool-153-thread-1] INFO  server.RaftServerConfigKeys (ConfUtils.java:logGet(43)) - raft.server.log.segment.size.max = 1048576 (custom)
2019-11-12 22:25:15,905 [pool-173-thread-1] INFO  server.RaftServerConfigKeys (ConfUtils.java:logGet(43)) - raft.server.log.queue.byte-limit = 2147483647 (custom)
2019-11-12 22:25:15,906 [pool-153-thread-1] INFO  server.RaftServerConfigKeys (ConfUtils.java:logGet(43)) - raft.server.log.preallocated.size = 16384 (custom)
2019-11-12 22:25:15,906 [pool-163-thread-1] INFO  server.RaftServerConfigKeys (ConfUtils.java:logGet(43)) - raft.server.log.force.sync.num = 128 (default)
2019-11-12 22:25:15,906 [pool-153-thread-1] INFO  server.RaftServerConfigKeys (ConfUtils.java:logGet(43)) - raft.server.log.write.buffer.size = 33554432 (custom)
2019-11-12 22:25:15,906 [pool-173-thread-1] INFO  server.RaftServerConfigKeys (ConfUtils.java:logGet(43)) - raft.server.log.queue.element-limit = 1024 (custom)
2019-11-12 22:25:15,906 [pool-153-thread-1] INFO  server.RaftServerConfigKeys (ConfUtils.java:logGet(43)) - raft.server.log.force.sync.num = 128 (default)
2019-11-12 22:25:15,906 [pool-163-thread-1] INFO  server.RaftServerConfigKeys (ConfUtils.java:logGet(43)) - raft.server.log.statemachine.data.sync = true (default)
2019-11-12 22:25:15,906 [pool-153-thread-1] INFO  server.RaftServerConfigKeys (ConfUtils.java:logGet(43)) - raft.server.log.statemachine.data.sync = true (default)
2019-11-12 22:25:15,906 [pool-173-thread-1] INFO  server.RaftServerConfigKeys (ConfUtils.java:logGet(43)) - raft.server.log.segment.size.max = 1048576 (custom)
2019-11-12 22:25:15,907 [pool-153-thread-1] INFO  server.RaftServerConfigKeys (ConfUtils.java:logGet(43)) - raft.server.log.statemachine.data.sync.timeout = 10s (default)
2019-11-12 22:25:15,906 [pool-163-thread-1] INFO  server.RaftServerConfigKeys (ConfUtils.java:logGet(43)) - raft.server.log.statemachine.data.sync.timeout = 10s (default)
2019-11-12 22:25:15,907 [pool-153-thread-1] INFO  server.RaftServerConfigKeys (ConfUtils.java:logGet(43)) - raft.server.log.statemachine.data.sync.timeout.retry = -1 (default)
2019-11-12 22:25:15,907 [pool-173-thread-1] INFO  server.RaftServerConfigKeys (ConfUtils.java:logGet(43)) - raft.server.log.preallocated.size = 16384 (custom)
2019-11-12 22:25:15,907 [pool-153-thread-1] INFO  server.RaftServerConfigKeys (ConfUtils.java:logGet(43)) - raft.server.log.statemachine.data.caching.enabled = true (custom)
2019-11-12 22:25:15,907 [pool-163-thread-1] INFO  server.RaftServerConfigKeys (ConfUtils.java:logGet(43)) - raft.server.log.statemachine.data.sync.timeout.retry = -1 (default)
2019-11-12 22:25:15,907 [IPC Server handler 3 on 44011] INFO  net.NetworkTopology (NetworkTopologyImpl.java:add(111)) - Added a new node: /default-rack/36ba2c4b-fd66-4a0d-bee3-710bbe72aafc
2019-11-12 22:25:15,907 [pool-173-thread-1] INFO  server.RaftServerConfigKeys (ConfUtils.java:logGet(43)) - raft.server.log.write.buffer.size = 33554432 (custom)
2019-11-12 22:25:15,907 [IPC Server handler 3 on 44011] INFO  node.SCMNodeManager (SCMNodeManager.java:register(267)) - Registered Data node : 36ba2c4b-fd66-4a0d-bee3-710bbe72aafc{ip: 192.168.157.210, host: pr-hdds-2463-z4974-865879084, networkLocation: /default-rack, certSerialId: null}
2019-11-12 22:25:15,907 [pool-153-thread-1] INFO  segmented.SegmentedRaftLogWorker (SegmentedRaftLogWorker.java:lambda$new$0(128)) - ed184682-841a-431b-821d-e4efb86e7b6e@group-AD3E095FAB4F-SegmentedRaftLogWorker: flushIndex: setUnconditionally 0 -> -1
2019-11-12 22:25:15,907 [pool-163-thread-1] INFO  server.RaftServerConfigKeys (ConfUtils.java:logGet(43)) - raft.server.log.statemachine.data.caching.enabled = true (custom)
2019-11-12 22:25:15,907 [pool-173-thread-1] INFO  server.RaftServerConfigKeys (ConfUtils.java:logGet(43)) - raft.server.log.force.sync.num = 128 (default)
2019-11-12 22:25:15,908 [pool-153-thread-1] INFO  server.RaftServerConfigKeys (ConfUtils.java:logGet(43)) - raft.server.snapshot.auto.trigger.enabled = true (custom)
2019-11-12 22:25:15,908 [pool-163-thread-1] INFO  segmented.SegmentedRaftLogWorker (SegmentedRaftLogWorker.java:lambda$new$0(128)) - fed2bd94-bbf4-4593-9887-7c07c070d07d@group-AD3E095FAB4F-SegmentedRaftLogWorker: flushIndex: setUnconditionally 0 -> -1
2019-11-12 22:25:15,908 [pool-173-thread-1] INFO  server.RaftServerConfigKeys (ConfUtils.java:logGet(43)) - raft.server.log.statemachine.data.sync = true (default)
2019-11-12 22:25:15,908 [pool-153-thread-1] INFO  server.RaftServerConfigKeys (ConfUtils.java:logGet(43)) - raft.server.snapshot.auto.trigger.threshold = 10000 (custom)
2019-11-12 22:25:15,908 [pool-173-thread-1] INFO  server.RaftServerConfigKeys (ConfUtils.java:logGet(43)) - raft.server.log.statemachine.data.sync.timeout = 10s (default)
2019-11-12 22:25:15,908 [pool-163-thread-1] INFO  server.RaftServerConfigKeys (ConfUtils.java:logGet(43)) - raft.server.snapshot.auto.trigger.enabled = true (custom)
2019-11-12 22:25:15,908 [pool-173-thread-1] INFO  server.RaftServerConfigKeys (ConfUtils.java:logGet(43)) - raft.server.log.statemachine.data.sync.timeout.retry = -1 (default)
2019-11-12 22:25:15,908 [pool-153-thread-1] INFO  server.RaftServerConfigKeys (ConfUtils.java:logGet(43)) - raft.server.snapshot.retention.file.num = 5 (custom)
2019-11-12 22:25:15,909 [pool-173-thread-1] INFO  server.RaftServerConfigKeys (ConfUtils.java:logGet(43)) - raft.server.log.statemachine.data.caching.enabled = true (custom)
2019-11-12 22:25:15,908 [pool-163-thread-1] INFO  server.RaftServerConfigKeys (ConfUtils.java:logGet(43)) - raft.server.snapshot.auto.trigger.threshold = 10000 (custom)
2019-11-12 22:25:15,909 [pool-153-thread-1] INFO  server.RaftServerConfigKeys (ConfUtils.java:logGet(43)) - raft.server.retrycache.expirytime = 600000ms (custom)
2019-11-12 22:25:15,909 [pool-173-thread-1] INFO  segmented.SegmentedRaftLogWorker (SegmentedRaftLogWorker.java:lambda$new$0(128)) - cc8f8d42-1b01-4431-8c29-b671ab5a5551@group-AD3E095FAB4F-SegmentedRaftLogWorker: flushIndex: setUnconditionally 0 -> -1
2019-11-12 22:25:15,909 [pool-153-thread-1] WARN  impl.MetricRegistriesImpl (MetricRegistriesImpl.java:lambda$create$1(61)) - First MetricRegistry has been created without registering reporters. You may need to call MetricRegistries.global().addReportRegistration(...) before.
2019-11-12 22:25:15,909 [pool-163-thread-1] INFO  server.RaftServerConfigKeys (ConfUtils.java:logGet(43)) - raft.server.snapshot.retention.file.num = 5 (custom)
2019-11-12 22:25:15,909 [pool-153-thread-1] WARN  impl.MetricRegistriesImpl (MetricRegistriesImpl.java:lambda$create$1(61)) - First MetricRegistry has been created without registering reporters. You may need to call MetricRegistries.global().addReportRegistration(...) before.
2019-11-12 22:25:15,909 [pool-173-thread-1] INFO  server.RaftServerConfigKeys (ConfUtils.java:logGet(43)) - raft.server.snapshot.auto.trigger.enabled = true (custom)
2019-11-12 22:25:15,909 [pool-163-thread-1] INFO  server.RaftServerConfigKeys (ConfUtils.java:logGet(43)) - raft.server.retrycache.expirytime = 600000ms (custom)
2019-11-12 22:25:15,909 [pool-153-thread-1] INFO  impl.RaftServerImpl (RaftServerImpl.java:start(184)) - ed184682-841a-431b-821d-e4efb86e7b6e@group-AD3E095FAB4F: start as a follower, conf=-1: [ed184682-841a-431b-821d-e4efb86e7b6e:192.168.157.210:40829, cc8f8d42-1b01-4431-8c29-b671ab5a5551:192.168.157.210:40886, fed2bd94-bbf4-4593-9887-7c07c070d07d:192.168.157.210:37620], old=null
2019-11-12 22:25:15,909 [pool-173-thread-1] INFO  server.RaftServerConfigKeys (ConfUtils.java:logGet(43)) - raft.server.snapshot.auto.trigger.threshold = 10000 (custom)
2019-11-12 22:25:15,909 [pool-153-thread-1] INFO  impl.RaftServerImpl (RaftServerImpl.java:setRole(173)) - ed184682-841a-431b-821d-e4efb86e7b6e@group-AD3E095FAB4F: changes role from      null to FOLLOWER at term 0 for startAsFollower
2019-11-12 22:25:15,910 [pool-153-thread-1] INFO  impl.RoleInfo (RoleInfo.java:updateAndGet(143)) - ed184682-841a-431b-821d-e4efb86e7b6e: start FollowerState
2019-11-12 22:25:15,909 [pool-163-thread-1] WARN  impl.MetricRegistriesImpl (MetricRegistriesImpl.java:lambda$create$1(61)) - First MetricRegistry has been created without registering reporters. You may need to call MetricRegistries.global().addReportRegistration(...) before.
2019-11-12 22:25:15,910 [pool-173-thread-1] INFO  server.RaftServerConfigKeys (ConfUtils.java:logGet(43)) - raft.server.snapshot.retention.file.num = 5 (custom)
2019-11-12 22:25:15,910 [pool-153-thread-1] INFO  util.JmxRegister (JmxRegister.java:tryRegister(44)) - Successfully registered JMX Bean with object name Ratis:service=RaftServer,group=group-AD3E095FAB4F,id=ed184682-841a-431b-821d-e4efb86e7b6e
2019-11-12 22:25:15,910 [pool-163-thread-1] WARN  impl.MetricRegistriesImpl (MetricRegistriesImpl.java:lambda$create$1(61)) - First MetricRegistry has been created without registering reporters. You may need to call MetricRegistries.global().addReportRegistration(...) before.
2019-11-12 22:25:15,910 [pool-153-thread-1] WARN  impl.MetricRegistriesImpl (MetricRegistriesImpl.java:lambda$create$1(61)) - First MetricRegistry has been created without registering reporters. You may need to call MetricRegistries.global().addReportRegistration(...) before.
2019-11-12 22:25:15,910 [pool-173-thread-1] INFO  server.RaftServerConfigKeys (ConfUtils.java:logGet(43)) - raft.server.retrycache.expirytime = 600000ms (custom)
2019-11-12 22:25:15,910 [pool-163-thread-1] INFO  impl.RaftServerImpl (RaftServerImpl.java:start(184)) - fed2bd94-bbf4-4593-9887-7c07c070d07d@group-AD3E095FAB4F: start as a follower, conf=-1: [ed184682-841a-431b-821d-e4efb86e7b6e:192.168.157.210:40829, cc8f8d42-1b01-4431-8c29-b671ab5a5551:192.168.157.210:40886, fed2bd94-bbf4-4593-9887-7c07c070d07d:192.168.157.210:37620], old=null
2019-11-12 22:25:15,911 [pool-173-thread-1] WARN  impl.MetricRegistriesImpl (MetricRegistriesImpl.java:lambda$create$1(61)) - First MetricRegistry has been created without registering reporters. You may need to call MetricRegistries.global().addReportRegistration(...) before.
2019-11-12 22:25:15,911 [pool-163-thread-1] INFO  impl.RaftServerImpl (RaftServerImpl.java:setRole(173)) - fed2bd94-bbf4-4593-9887-7c07c070d07d@group-AD3E095FAB4F: changes role from      null to FOLLOWER at term 0 for startAsFollower
2019-11-12 22:25:15,911 [pool-173-thread-1] WARN  impl.MetricRegistriesImpl (MetricRegistriesImpl.java:lambda$create$1(61)) - First MetricRegistry has been created without registering reporters. You may need to call MetricRegistries.global().addReportRegistration(...) before.
2019-11-12 22:25:15,911 [pool-163-thread-1] INFO  impl.RoleInfo (RoleInfo.java:updateAndGet(143)) - fed2bd94-bbf4-4593-9887-7c07c070d07d: start FollowerState
2019-11-12 22:25:15,911 [pool-173-thread-1] INFO  impl.RaftServerImpl (RaftServerImpl.java:start(184)) - cc8f8d42-1b01-4431-8c29-b671ab5a5551@group-AD3E095FAB4F: start as a follower, conf=-1: [ed184682-841a-431b-821d-e4efb86e7b6e:192.168.157.210:40829, cc8f8d42-1b01-4431-8c29-b671ab5a5551:192.168.157.210:40886, fed2bd94-bbf4-4593-9887-7c07c070d07d:192.168.157.210:37620], old=null
2019-11-12 22:25:15,911 [pool-173-thread-1] INFO  impl.RaftServerImpl (RaftServerImpl.java:setRole(173)) - cc8f8d42-1b01-4431-8c29-b671ab5a5551@group-AD3E095FAB4F: changes role from      null to FOLLOWER at term 0 for startAsFollower
2019-11-12 22:25:15,911 [pool-173-thread-1] INFO  impl.RoleInfo (RoleInfo.java:updateAndGet(143)) - cc8f8d42-1b01-4431-8c29-b671ab5a5551: start FollowerState
2019-11-12 22:25:15,911 [pool-163-thread-1] INFO  util.JmxRegister (JmxRegister.java:tryRegister(44)) - Successfully registered JMX Bean with object name Ratis:service=RaftServer,group=group-AD3E095FAB4F,id=fed2bd94-bbf4-4593-9887-7c07c070d07d
2019-11-12 22:25:15,911 [pool-163-thread-1] WARN  impl.MetricRegistriesImpl (MetricRegistriesImpl.java:lambda$create$1(61)) - First MetricRegistry has been created without registering reporters. You may need to call MetricRegistries.global().addReportRegistration(...) before.
2019-11-12 22:25:15,911 [pool-173-thread-1] INFO  util.JmxRegister (JmxRegister.java:tryRegister(44)) - Successfully registered JMX Bean with object name Ratis:service=RaftServer,group=group-AD3E095FAB4F,id=cc8f8d42-1b01-4431-8c29-b671ab5a5551
2019-11-12 22:25:15,912 [pool-173-thread-1] WARN  impl.MetricRegistriesImpl (MetricRegistriesImpl.java:lambda$create$1(61)) - First MetricRegistry has been created without registering reporters. You may need to call MetricRegistries.global().addReportRegistration(...) before.
2019-11-12 22:25:15,914 [RatisPipelineUtilsThread] INFO  pipeline.PipelineStateManager (PipelineStateManager.java:addPipeline(55)) - Created pipeline Pipeline[ Id: f6de3f57-1a33-45c5-ae6b-ad3e095fab4f, Nodes: ed184682-841a-431b-821d-e4efb86e7b6e{ip: 192.168.157.210, host: pr-hdds-2463-z4974-865879084, networkLocation: /default-rack, certSerialId: null}fed2bd94-bbf4-4593-9887-7c07c070d07d{ip: 192.168.157.210, host: pr-hdds-2463-z4974-865879084, networkLocation: /default-rack, certSerialId: null}cc8f8d42-1b01-4431-8c29-b671ab5a5551{ip: 192.168.157.210, host: pr-hdds-2463-z4974-865879084, networkLocation: /default-rack, certSerialId: null}, Type:RATIS, Factor:THREE, State:ALLOCATED]
2019-11-12 22:25:15,922 [grpc-default-executor-1] INFO  impl.RaftServerProxy (RaftServerProxy.java:addNew(89)) - e1630cc0-82e2-4757-a0ff-1e5aa97f4a82: addNew group-261A64FC1E5A:[e1630cc0-82e2-4757-a0ff-1e5aa97f4a82:192.168.157.210:46723, 36ba2c4b-fd66-4a0d-bee3-710bbe72aafc:192.168.157.210:42115, 124b1436-2dec-4708-9bef-ac97c435ef9a:192.168.157.210:33855] returns group-261A64FC1E5A:java.util.concurrent.CompletableFuture@7c2edaf3[Not completed]
2019-11-12 22:25:15,922 [grpc-default-executor-2] INFO  impl.RaftServerProxy (RaftServerProxy.java:addNew(89)) - 124b1436-2dec-4708-9bef-ac97c435ef9a: addNew group-261A64FC1E5A:[e1630cc0-82e2-4757-a0ff-1e5aa97f4a82:192.168.157.210:46723, 36ba2c4b-fd66-4a0d-bee3-710bbe72aafc:192.168.157.210:42115, 124b1436-2dec-4708-9bef-ac97c435ef9a:192.168.157.210:33855] returns group-261A64FC1E5A:java.util.concurrent.CompletableFuture@3597febb[Not completed]
2019-11-12 22:25:15,924 [grpc-default-executor-3] INFO  impl.RaftServerProxy (RaftServerProxy.java:addNew(89)) - 36ba2c4b-fd66-4a0d-bee3-710bbe72aafc: addNew group-261A64FC1E5A:[e1630cc0-82e2-4757-a0ff-1e5aa97f4a82:192.168.157.210:46723, 36ba2c4b-fd66-4a0d-bee3-710bbe72aafc:192.168.157.210:42115, 124b1436-2dec-4708-9bef-ac97c435ef9a:192.168.157.210:33855] returns group-261A64FC1E5A:java.util.concurrent.CompletableFuture@cdc237e[Not completed]
2019-11-12 22:25:15,925 [pool-183-thread-1] INFO  impl.RaftServerImpl (RaftServerImpl.java:<init>(98)) - e1630cc0-82e2-4757-a0ff-1e5aa97f4a82: new RaftServerImpl for group-261A64FC1E5A:[e1630cc0-82e2-4757-a0ff-1e5aa97f4a82:192.168.157.210:46723, 36ba2c4b-fd66-4a0d-bee3-710bbe72aafc:192.168.157.210:42115, 124b1436-2dec-4708-9bef-ac97c435ef9a:192.168.157.210:33855] with ContainerStateMachine:uninitialized
2019-11-12 22:25:15,925 [pool-183-thread-1] INFO  server.RaftServerConfigKeys (ConfUtils.java:logGet(43)) - raft.server.rpc.timeout.min = 1s (custom)
2019-11-12 22:25:15,925 [pool-183-thread-1] INFO  server.RaftServerConfigKeys (ConfUtils.java:logGet(43)) - raft.server.rpc.timeout.max = 1200ms (custom)
2019-11-12 22:25:15,925 [pool-183-thread-1] INFO  server.RaftServerConfigKeys (ConfUtils.java:logGet(43)) - raft.server.rpcslowness.timeout = 120s (custom)
2019-11-12 22:25:15,925 [pool-203-thread-1] INFO  impl.RaftServerImpl (RaftServerImpl.java:<init>(98)) - 36ba2c4b-fd66-4a0d-bee3-710bbe72aafc: new RaftServerImpl for group-261A64FC1E5A:[e1630cc0-82e2-4757-a0ff-1e5aa97f4a82:192.168.157.210:46723, 36ba2c4b-fd66-4a0d-bee3-710bbe72aafc:192.168.157.210:42115, 124b1436-2dec-4708-9bef-ac97c435ef9a:192.168.157.210:33855] with ContainerStateMachine:uninitialized
2019-11-12 22:25:15,925 [pool-183-thread-1] INFO  server.RaftServerConfigKeys (ConfUtils.java:logGet(43)) - raft.server.sleep.deviation.threshold = 300 (default)
2019-11-12 22:25:15,926 [pool-203-thread-1] INFO  server.RaftServerConfigKeys (ConfUtils.java:logGet(43)) - raft.server.rpc.timeout.min = 1s (custom)
2019-11-12 22:25:15,926 [pool-183-thread-1] INFO  server.RaftServerConfigKeys (ConfUtils.java:logGet(43)) - raft.server.log.appender.install.snapshot.enabled = false (custom)
2019-11-12 22:25:15,926 [pool-203-thread-1] INFO  server.RaftServerConfigKeys (ConfUtils.java:logGet(43)) - raft.server.rpc.timeout.max = 1200ms (custom)
2019-11-12 22:25:15,926 [pool-183-thread-1] INFO  impl.RaftServerImpl (ServerState.java:<init>(103)) - e1630cc0-82e2-4757-a0ff-1e5aa97f4a82@group-261A64FC1E5A: ConfigurationManager, init=-1: [e1630cc0-82e2-4757-a0ff-1e5aa97f4a82:192.168.157.210:46723, 36ba2c4b-fd66-4a0d-bee3-710bbe72aafc:192.168.157.210:42115, 124b1436-2dec-4708-9bef-ac97c435ef9a:192.168.157.210:33855], old=null, confs=<EMPTY_MAP>
2019-11-12 22:25:15,926 [pool-193-thread-1] INFO  impl.RaftServerImpl (RaftServerImpl.java:<init>(98)) - 124b1436-2dec-4708-9bef-ac97c435ef9a: new RaftServerImpl for group-261A64FC1E5A:[e1630cc0-82e2-4757-a0ff-1e5aa97f4a82:192.168.157.210:46723, 36ba2c4b-fd66-4a0d-bee3-710bbe72aafc:192.168.157.210:42115, 124b1436-2dec-4708-9bef-ac97c435ef9a:192.168.157.210:33855] with ContainerStateMachine:uninitialized
2019-11-12 22:25:15,926 [pool-183-thread-1] INFO  server.RaftServerConfigKeys (ConfUtils.java:logGet(43)) - raft.server.storage.dir = [/workdir/hadoop-ozone/integration-test/target/test-dir/MiniOzoneClusterImpl-49cde4fa-0f5c-485a-80e4-a10b14a740d7/datanode-3/data/ratis] (custom)
2019-11-12 22:25:15,926 [pool-203-thread-1] INFO  server.RaftServerConfigKeys (ConfUtils.java:logGet(43)) - raft.server.rpcslowness.timeout = 120s (custom)
2019-11-12 22:25:15,926 [pool-193-thread-1] INFO  server.RaftServerConfigKeys (ConfUtils.java:logGet(43)) - raft.server.rpc.timeout.min = 1s (custom)
2019-11-12 22:25:15,926 [pool-203-thread-1] INFO  server.RaftServerConfigKeys (ConfUtils.java:logGet(43)) - raft.server.sleep.deviation.threshold = 300 (default)
2019-11-12 22:25:15,926 [pool-193-thread-1] INFO  server.RaftServerConfigKeys (ConfUtils.java:logGet(43)) - raft.server.rpc.timeout.max = 1200ms (custom)
2019-11-12 22:25:15,926 [pool-183-thread-1] INFO  server.RaftServerConfigKeys (ConfUtils.java:logGet(43)) - raft.server.log.corruption.policy = EXCEPTION (default)
2019-11-12 22:25:15,926 [pool-193-thread-1] INFO  server.RaftServerConfigKeys (ConfUtils.java:logGet(43)) - raft.server.rpcslowness.timeout = 120s (custom)
2019-11-12 22:25:15,926 [pool-203-thread-1] INFO  server.RaftServerConfigKeys (ConfUtils.java:logGet(43)) - raft.server.log.appender.install.snapshot.enabled = false (custom)
2019-11-12 22:25:15,927 [pool-183-thread-1] INFO  storage.RaftStorageDirectory (RaftStorageDirectory.java:analyzeStorage(246)) - The storage directory /workdir/hadoop-ozone/integration-test/target/test-dir/MiniOzoneClusterImpl-49cde4fa-0f5c-485a-80e4-a10b14a740d7/datanode-3/data/ratis/13367a24-ab6b-45ce-9ed5-261a64fc1e5a does not exist. Creating ...
2019-11-12 22:25:15,927 [pool-193-thread-1] INFO  server.RaftServerConfigKeys (ConfUtils.java:logGet(43)) - raft.server.sleep.deviation.threshold = 300 (default)
2019-11-12 22:25:15,927 [pool-203-thread-1] INFO  impl.RaftServerImpl (ServerState.java:<init>(103)) - 36ba2c4b-fd66-4a0d-bee3-710bbe72aafc@group-261A64FC1E5A: ConfigurationManager, init=-1: [e1630cc0-82e2-4757-a0ff-1e5aa97f4a82:192.168.157.210:46723, 36ba2c4b-fd66-4a0d-bee3-710bbe72aafc:192.168.157.210:42115, 124b1436-2dec-4708-9bef-ac97c435ef9a:192.168.157.210:33855], old=null, confs=<EMPTY_MAP>
2019-11-12 22:25:15,927 [pool-193-thread-1] INFO  server.RaftServerConfigKeys (ConfUtils.java:logGet(43)) - raft.server.log.appender.install.snapshot.enabled = false (custom)
2019-11-12 22:25:15,927 [pool-203-thread-1] INFO  server.RaftServerConfigKeys (ConfUtils.java:logGet(43)) - raft.server.storage.dir = [/workdir/hadoop-ozone/integration-test/target/test-dir/MiniOzoneClusterImpl-49cde4fa-0f5c-485a-80e4-a10b14a740d7/datanode-5/data/ratis] (custom)
2019-11-12 22:25:15,927 [pool-193-thread-1] INFO  impl.RaftServerImpl (ServerState.java:<init>(103)) - 124b1436-2dec-4708-9bef-ac97c435ef9a@group-261A64FC1E5A: ConfigurationManager, init=-1: [e1630cc0-82e2-4757-a0ff-1e5aa97f4a82:192.168.157.210:46723, 36ba2c4b-fd66-4a0d-bee3-710bbe72aafc:192.168.157.210:42115, 124b1436-2dec-4708-9bef-ac97c435ef9a:192.168.157.210:33855], old=null, confs=<EMPTY_MAP>
2019-11-12 22:25:15,927 [pool-203-thread-1] INFO  server.RaftServerConfigKeys (ConfUtils.java:logGet(43)) - raft.server.log.corruption.policy = EXCEPTION (default)
2019-11-12 22:25:15,927 [pool-193-thread-1] INFO  server.RaftServerConfigKeys (ConfUtils.java:logGet(43)) - raft.server.storage.dir = [/workdir/hadoop-ozone/integration-test/target/test-dir/MiniOzoneClusterImpl-49cde4fa-0f5c-485a-80e4-a10b14a740d7/datanode-4/data/ratis] (custom)
2019-11-12 22:25:15,927 [pool-203-thread-1] INFO  storage.RaftStorageDirectory (RaftStorageDirectory.java:analyzeStorage(246)) - The storage directory /workdir/hadoop-ozone/integration-test/target/test-dir/MiniOzoneClusterImpl-49cde4fa-0f5c-485a-80e4-a10b14a740d7/datanode-5/data/ratis/13367a24-ab6b-45ce-9ed5-261a64fc1e5a does not exist. Creating ...
2019-11-12 22:25:15,927 [pool-193-thread-1] INFO  server.RaftServerConfigKeys (ConfUtils.java:logGet(43)) - raft.server.log.corruption.policy = EXCEPTION (default)
2019-11-12 22:25:15,928 [pool-193-thread-1] INFO  storage.RaftStorageDirectory (RaftStorageDirectory.java:analyzeStorage(246)) - The storage directory /workdir/hadoop-ozone/integration-test/target/test-dir/MiniOzoneClusterImpl-49cde4fa-0f5c-485a-80e4-a10b14a740d7/datanode-4/data/ratis/13367a24-ab6b-45ce-9ed5-261a64fc1e5a does not exist. Creating ...
2019-11-12 22:25:15,953 [pool-183-thread-1] INFO  storage.RaftStorageDirectory (RaftStorageDirectory.java:tryLock(328)) - Lock on /workdir/hadoop-ozone/integration-test/target/test-dir/MiniOzoneClusterImpl-49cde4fa-0f5c-485a-80e4-a10b14a740d7/datanode-3/data/ratis/13367a24-ab6b-45ce-9ed5-261a64fc1e5a/in_use.lock acquired by nodename 20844@pr-hdds-2463-z4974-865879084
2019-11-12 22:25:15,953 [pool-203-thread-1] INFO  storage.RaftStorageDirectory (RaftStorageDirectory.java:tryLock(328)) - Lock on /workdir/hadoop-ozone/integration-test/target/test-dir/MiniOzoneClusterImpl-49cde4fa-0f5c-485a-80e4-a10b14a740d7/datanode-5/data/ratis/13367a24-ab6b-45ce-9ed5-261a64fc1e5a/in_use.lock acquired by nodename 20844@pr-hdds-2463-z4974-865879084
2019-11-12 22:25:15,953 [pool-193-thread-1] INFO  storage.RaftStorageDirectory (RaftStorageDirectory.java:tryLock(328)) - Lock on /workdir/hadoop-ozone/integration-test/target/test-dir/MiniOzoneClusterImpl-49cde4fa-0f5c-485a-80e4-a10b14a740d7/datanode-4/data/ratis/13367a24-ab6b-45ce-9ed5-261a64fc1e5a/in_use.lock acquired by nodename 20844@pr-hdds-2463-z4974-865879084
2019-11-12 22:25:15,979 [pool-183-thread-1] INFO  storage.RaftStorage (RaftStorage.java:format(84)) - Storage directory /workdir/hadoop-ozone/integration-test/target/test-dir/MiniOzoneClusterImpl-49cde4fa-0f5c-485a-80e4-a10b14a740d7/datanode-3/data/ratis/13367a24-ab6b-45ce-9ed5-261a64fc1e5a has been successfully formatted.
2019-11-12 22:25:15,979 [pool-203-thread-1] INFO  storage.RaftStorage (RaftStorage.java:format(84)) - Storage directory /workdir/hadoop-ozone/integration-test/target/test-dir/MiniOzoneClusterImpl-49cde4fa-0f5c-485a-80e4-a10b14a740d7/datanode-5/data/ratis/13367a24-ab6b-45ce-9ed5-261a64fc1e5a has been successfully formatted.
2019-11-12 22:25:15,979 [pool-193-thread-1] INFO  storage.RaftStorage (RaftStorage.java:format(84)) - Storage directory /workdir/hadoop-ozone/integration-test/target/test-dir/MiniOzoneClusterImpl-49cde4fa-0f5c-485a-80e4-a10b14a740d7/datanode-4/data/ratis/13367a24-ab6b-45ce-9ed5-261a64fc1e5a has been successfully formatted.
2019-11-12 22:25:15,980 [pool-203-thread-1] INFO  ratis.ContainerStateMachine (ContainerStateMachine.java:loadSnapshot(223)) - group-261A64FC1E5A: The snapshot info is null. Setting the last applied indexto:(t:0, i:~)
2019-11-12 22:25:15,980 [pool-183-thread-1] INFO  ratis.ContainerStateMachine (ContainerStateMachine.java:loadSnapshot(223)) - group-261A64FC1E5A: The snapshot info is null. Setting the last applied indexto:(t:0, i:~)
2019-11-12 22:25:15,980 [pool-203-thread-1] INFO  server.RaftServerConfigKeys (ConfUtils.java:logGet(43)) - raft.server.notification.no-leader.timeout = 120s (custom)
2019-11-12 22:25:15,980 [pool-193-thread-1] INFO  ratis.ContainerStateMachine (ContainerStateMachine.java:loadSnapshot(223)) - group-261A64FC1E5A: The snapshot info is null. Setting the last applied indexto:(t:0, i:~)
2019-11-12 22:25:15,980 [pool-203-thread-1] INFO  server.RaftServerConfigKeys (ConfUtils.java:logGet(43)) - raft.server.log.use.memory = false (default)
2019-11-12 22:25:15,980 [pool-183-thread-1] INFO  server.RaftServerConfigKeys (ConfUtils.java:logGet(43)) - raft.server.notification.no-leader.timeout = 120s (custom)
2019-11-12 22:25:15,981 [pool-203-thread-1] INFO  server.RaftServerConfigKeys (ConfUtils.java:logGet(43)) - raft.server.log.purge.gap = 1000000 (custom)
2019-11-12 22:25:15,980 [pool-193-thread-1] INFO  server.RaftServerConfigKeys (ConfUtils.java:logGet(43)) - raft.server.notification.no-leader.timeout = 120s (custom)
2019-11-12 22:25:15,981 [pool-203-thread-1] INFO  server.RaftServerConfigKeys (ConfUtils.java:logGet(43)) - raft.server.log.appender.buffer.byte-limit = 33554432 (custom)
2019-11-12 22:25:15,981 [pool-183-thread-1] INFO  server.RaftServerConfigKeys (ConfUtils.java:logGet(43)) - raft.server.log.use.memory = false (default)
2019-11-12 22:25:15,981 [pool-203-thread-1] INFO  server.RaftServerConfigKeys (ConfUtils.java:logGet(43)) - raft.server.log.segment.size.max = 1048576 (custom)
2019-11-12 22:25:15,981 [pool-193-thread-1] INFO  server.RaftServerConfigKeys (ConfUtils.java:logGet(43)) - raft.server.log.use.memory = false (default)
2019-11-12 22:25:15,981 [pool-203-thread-1] WARN  impl.MetricRegistriesImpl (MetricRegistriesImpl.java:lambda$create$1(61)) - First MetricRegistry has been created without registering reporters. You may need to call MetricRegistries.global().addReportRegistration(...) before.
2019-11-12 22:25:15,981 [pool-183-thread-1] INFO  server.RaftServerConfigKeys (ConfUtils.java:logGet(43)) - raft.server.log.purge.gap = 1000000 (custom)
2019-11-12 22:25:15,981 [pool-203-thread-1] INFO  server.RaftServerConfigKeys (ConfUtils.java:logGet(43)) - raft.server.log.segment.cache.num.max = 2 (custom)
2019-11-12 22:25:15,981 [pool-193-thread-1] INFO  server.RaftServerConfigKeys (ConfUtils.java:logGet(43)) - raft.server.log.purge.gap = 1000000 (custom)
2019-11-12 22:25:15,982 [pool-203-thread-1] INFO  segmented.SegmentedRaftLogWorker (SegmentedRaftLogWorker.java:<init>(173)) - new 36ba2c4b-fd66-4a0d-bee3-710bbe72aafc@group-261A64FC1E5A-SegmentedRaftLogWorker for RaftStorage:Storage Directory /workdir/hadoop-ozone/integration-test/target/test-dir/MiniOzoneClusterImpl-49cde4fa-0f5c-485a-80e4-a10b14a740d7/datanode-5/data/ratis/13367a24-ab6b-45ce-9ed5-261a64fc1e5a
2019-11-12 22:25:15,981 [pool-183-thread-1] INFO  server.RaftServerConfigKeys (ConfUtils.java:logGet(43)) - raft.server.log.appender.buffer.byte-limit = 33554432 (custom)
2019-11-12 22:25:15,982 [pool-203-thread-1] INFO  server.RaftServerConfigKeys (ConfUtils.java:logGet(43)) - raft.server.log.queue.byte-limit = 2147483647 (custom)
2019-11-12 22:25:15,982 [pool-193-thread-1] INFO  server.RaftServerConfigKeys (ConfUtils.java:logGet(43)) - raft.server.log.appender.buffer.byte-limit = 33554432 (custom)
2019-11-12 22:25:15,982 [pool-203-thread-1] INFO  server.RaftServerConfigKeys (ConfUtils.java:logGet(43)) - raft.server.log.queue.element-limit = 1024 (custom)
2019-11-12 22:25:15,982 [pool-183-thread-1] INFO  server.RaftServerConfigKeys (ConfUtils.java:logGet(43)) - raft.server.log.segment.size.max = 1048576 (custom)
2019-11-12 22:25:15,982 [pool-203-thread-1] INFO  server.RaftServerConfigKeys (ConfUtils.java:logGet(43)) - raft.server.log.segment.size.max = 1048576 (custom)
2019-11-12 22:25:15,982 [pool-193-thread-1] INFO  server.RaftServerConfigKeys (ConfUtils.java:logGet(43)) - raft.server.log.segment.size.max = 1048576 (custom)
2019-11-12 22:25:15,982 [pool-203-thread-1] INFO  server.RaftServerConfigKeys (ConfUtils.java:logGet(43)) - raft.server.log.preallocated.size = 16384 (custom)
2019-11-12 22:25:15,982 [pool-183-thread-1] INFO  server.RaftServerConfigKeys (ConfUtils.java:logGet(43)) - raft.server.log.segment.cache.num.max = 2 (custom)
2019-11-12 22:25:15,983 [pool-203-thread-1] INFO  server.RaftServerConfigKeys (ConfUtils.java:logGet(43)) - raft.server.log.write.buffer.size = 33554432 (custom)
2019-11-12 22:25:15,982 [pool-193-thread-1] WARN  impl.MetricRegistriesImpl (MetricRegistriesImpl.java:lambda$create$1(61)) - First MetricRegistry has been created without registering reporters. You may need to call MetricRegistries.global().addReportRegistration(...) before.
2019-11-12 22:25:15,983 [pool-203-thread-1] INFO  server.RaftServerConfigKeys (ConfUtils.java:logGet(43)) - raft.server.log.force.sync.num = 128 (default)
2019-11-12 22:25:15,983 [pool-183-thread-1] INFO  segmented.SegmentedRaftLogWorker (SegmentedRaftLogWorker.java:<init>(173)) - new e1630cc0-82e2-4757-a0ff-1e5aa97f4a82@group-261A64FC1E5A-SegmentedRaftLogWorker for RaftStorage:Storage Directory /workdir/hadoop-ozone/integration-test/target/test-dir/MiniOzoneClusterImpl-49cde4fa-0f5c-485a-80e4-a10b14a740d7/datanode-3/data/ratis/13367a24-ab6b-45ce-9ed5-261a64fc1e5a
2019-11-12 22:25:15,983 [pool-203-thread-1] INFO  server.RaftServerConfigKeys (ConfUtils.java:logGet(43)) - raft.server.log.statemachine.data.sync = true (default)
2019-11-12 22:25:15,983 [pool-193-thread-1] INFO  server.RaftServerConfigKeys (ConfUtils.java:logGet(43)) - raft.server.log.segment.cache.num.max = 2 (custom)
2019-11-12 22:25:15,983 [pool-203-thread-1] INFO  server.RaftServerConfigKeys (ConfUtils.java:logGet(43)) - raft.server.log.statemachine.data.sync.timeout = 10s (default)
2019-11-12 22:25:15,983 [pool-183-thread-1] INFO  server.RaftServerConfigKeys (ConfUtils.java:logGet(43)) - raft.server.log.queue.byte-limit = 2147483647 (custom)
2019-11-12 22:25:15,983 [pool-203-thread-1] INFO  server.RaftServerConfigKeys (ConfUtils.java:logGet(43)) - raft.server.log.statemachine.data.sync.timeout.retry = -1 (default)
2019-11-12 22:25:15,983 [pool-193-thread-1] INFO  segmented.SegmentedRaftLogWorker (SegmentedRaftLogWorker.java:<init>(173)) - new 124b1436-2dec-4708-9bef-ac97c435ef9a@group-261A64FC1E5A-SegmentedRaftLogWorker for RaftStorage:Storage Directory /workdir/hadoop-ozone/integration-test/target/test-dir/MiniOzoneClusterImpl-49cde4fa-0f5c-485a-80e4-a10b14a740d7/datanode-4/data/ratis/13367a24-ab6b-45ce-9ed5-261a64fc1e5a
2019-11-12 22:25:15,983 [pool-203-thread-1] INFO  server.RaftServerConfigKeys (ConfUtils.java:logGet(43)) - raft.server.log.statemachine.data.caching.enabled = true (custom)
2019-11-12 22:25:15,983 [pool-183-thread-1] INFO  server.RaftServerConfigKeys (ConfUtils.java:logGet(43)) - raft.server.log.queue.element-limit = 1024 (custom)
2019-11-12 22:25:15,984 [pool-193-thread-1] INFO  server.RaftServerConfigKeys (ConfUtils.java:logGet(43)) - raft.server.log.queue.byte-limit = 2147483647 (custom)
2019-11-12 22:25:15,984 [pool-203-thread-1] INFO  segmented.SegmentedRaftLogWorker (SegmentedRaftLogWorker.java:lambda$new$0(128)) - 36ba2c4b-fd66-4a0d-bee3-710bbe72aafc@group-261A64FC1E5A-SegmentedRaftLogWorker: flushIndex: setUnconditionally 0 -> -1
2019-11-12 22:25:15,984 [pool-183-thread-1] INFO  server.RaftServerConfigKeys (ConfUtils.java:logGet(43)) - raft.server.log.segment.size.max = 1048576 (custom)
2019-11-12 22:25:15,984 [pool-193-thread-1] INFO  server.RaftServerConfigKeys (ConfUtils.java:logGet(43)) - raft.server.log.queue.element-limit = 1024 (custom)
2019-11-12 22:25:15,984 [pool-203-thread-1] INFO  server.RaftServerConfigKeys (ConfUtils.java:logGet(43)) - raft.server.snapshot.auto.trigger.enabled = true (custom)
2019-11-12 22:25:15,984 [pool-183-thread-1] INFO  server.RaftServerConfigKeys (ConfUtils.java:logGet(43)) - raft.server.log.preallocated.size = 16384 (custom)
2019-11-12 22:25:15,984 [pool-203-thread-1] INFO  server.RaftServerConfigKeys (ConfUtils.java:logGet(43)) - raft.server.snapshot.auto.trigger.threshold = 10000 (custom)
2019-11-12 22:25:15,984 [pool-193-thread-1] INFO  server.RaftServerConfigKeys (ConfUtils.java:logGet(43)) - raft.server.log.segment.size.max = 1048576 (custom)
2019-11-12 22:25:15,984 [pool-203-thread-1] INFO  server.RaftServerConfigKeys (ConfUtils.java:logGet(43)) - raft.server.snapshot.retention.file.num = 5 (custom)
2019-11-12 22:25:15,984 [pool-183-thread-1] INFO  server.RaftServerConfigKeys (ConfUtils.java:logGet(43)) - raft.server.log.write.buffer.size = 33554432 (custom)
2019-11-12 22:25:15,985 [pool-203-thread-1] INFO  server.RaftServerConfigKeys (ConfUtils.java:logGet(43)) - raft.server.retrycache.expirytime = 600000ms (custom)
2019-11-12 22:25:15,984 [pool-193-thread-1] INFO  server.RaftServerConfigKeys (ConfUtils.java:logGet(43)) - raft.server.log.preallocated.size = 16384 (custom)
2019-11-12 22:25:15,985 [pool-203-thread-1] WARN  impl.MetricRegistriesImpl (MetricRegistriesImpl.java:lambda$create$1(61)) - First MetricRegistry has been created without registering reporters. You may need to call MetricRegistries.global().addReportRegistration(...) before.
2019-11-12 22:25:15,985 [pool-183-thread-1] INFO  server.RaftServerConfigKeys (ConfUtils.java:logGet(43)) - raft.server.log.force.sync.num = 128 (default)
2019-11-12 22:25:15,985 [pool-203-thread-1] WARN  impl.MetricRegistriesImpl (MetricRegistriesImpl.java:lambda$create$1(61)) - First MetricRegistry has been created without registering reporters. You may need to call MetricRegistries.global().addReportRegistration(...) before.
2019-11-12 22:25:15,985 [pool-193-thread-1] INFO  server.RaftServerConfigKeys (ConfUtils.java:logGet(43)) - raft.server.log.write.buffer.size = 33554432 (custom)
2019-11-12 22:25:15,985 [pool-203-thread-1] INFO  impl.RaftServerImpl (RaftServerImpl.java:start(184)) - 36ba2c4b-fd66-4a0d-bee3-710bbe72aafc@group-261A64FC1E5A: start as a follower, conf=-1: [e1630cc0-82e2-4757-a0ff-1e5aa97f4a82:192.168.157.210:46723, 36ba2c4b-fd66-4a0d-bee3-710bbe72aafc:192.168.157.210:42115, 124b1436-2dec-4708-9bef-ac97c435ef9a:192.168.157.210:33855], old=null
2019-11-12 22:25:15,985 [pool-183-thread-1] INFO  server.RaftServerConfigKeys (ConfUtils.java:logGet(43)) - raft.server.log.statemachine.data.sync = true (default)
2019-11-12 22:25:15,985 [pool-203-thread-1] INFO  impl.RaftServerImpl (RaftServerImpl.java:setRole(173)) - 36ba2c4b-fd66-4a0d-bee3-710bbe72aafc@group-261A64FC1E5A: changes role from      null to FOLLOWER at term 0 for startAsFollower
2019-11-12 22:25:15,985 [pool-193-thread-1] INFO  server.RaftServerConfigKeys (ConfUtils.java:logGet(43)) - raft.server.log.force.sync.num = 128 (default)
2019-11-12 22:25:15,985 [pool-203-thread-1] INFO  impl.RoleInfo (RoleInfo.java:updateAndGet(143)) - 36ba2c4b-fd66-4a0d-bee3-710bbe72aafc: start FollowerState
2019-11-12 22:25:15,985 [pool-183-thread-1] INFO  server.RaftServerConfigKeys (ConfUtils.java:logGet(43)) - raft.server.log.statemachine.data.sync.timeout = 10s (default)
2019-11-12 22:25:15,986 [pool-193-thread-1] INFO  server.RaftServerConfigKeys (ConfUtils.java:logGet(43)) - raft.server.log.statemachine.data.sync = true (default)
2019-11-12 22:25:15,986 [pool-183-thread-1] INFO  server.RaftServerConfigKeys (ConfUtils.java:logGet(43)) - raft.server.log.statemachine.data.sync.timeout.retry = -1 (default)
2019-11-12 22:25:15,986 [pool-203-thread-1] INFO  util.JmxRegister (JmxRegister.java:tryRegister(44)) - Successfully registered JMX Bean with object name Ratis:service=RaftServer,group=group-261A64FC1E5A,id=36ba2c4b-fd66-4a0d-bee3-710bbe72aafc
2019-11-12 22:25:15,986 [pool-193-thread-1] INFO  server.RaftServerConfigKeys (ConfUtils.java:logGet(43)) - raft.server.log.statemachine.data.sync.timeout = 10s (default)
2019-11-12 22:25:15,986 [pool-203-thread-1] WARN  impl.MetricRegistriesImpl (MetricRegistriesImpl.java:lambda$create$1(61)) - First MetricRegistry has been created without registering reporters. You may need to call MetricRegistries.global().addReportRegistration(...) before.
2019-11-12 22:25:15,986 [pool-183-thread-1] INFO  server.RaftServerConfigKeys (ConfUtils.java:logGet(43)) - raft.server.log.statemachine.data.caching.enabled = true (custom)
2019-11-12 22:25:15,986 [pool-193-thread-1] INFO  server.RaftServerConfigKeys (ConfUtils.java:logGet(43)) - raft.server.log.statemachine.data.sync.timeout.retry = -1 (default)
2019-11-12 22:25:15,986 [pool-183-thread-1] INFO  segmented.SegmentedRaftLogWorker (SegmentedRaftLogWorker.java:lambda$new$0(128)) - e1630cc0-82e2-4757-a0ff-1e5aa97f4a82@group-261A64FC1E5A-SegmentedRaftLogWorker: flushIndex: setUnconditionally 0 -> -1
2019-11-12 22:25:15,987 [pool-183-thread-1] INFO  server.RaftServerConfigKeys (ConfUtils.java:logGet(43)) - raft.server.snapshot.auto.trigger.enabled = true (custom)
2019-11-12 22:25:15,987 [pool-193-thread-1] INFO  server.RaftServerConfigKeys (ConfUtils.java:logGet(43)) - raft.server.log.statemachine.data.caching.enabled = true (custom)
2019-11-12 22:25:15,987 [pool-183-thread-1] INFO  server.RaftServerConfigKeys (ConfUtils.java:logGet(43)) - raft.server.snapshot.auto.trigger.threshold = 10000 (custom)
2019-11-12 22:25:15,987 [pool-183-thread-1] INFO  server.RaftServerConfigKeys (ConfUtils.java:logGet(43)) - raft.server.snapshot.retention.file.num = 5 (custom)
2019-11-12 22:25:15,987 [pool-193-thread-1] INFO  segmented.SegmentedRaftLogWorker (SegmentedRaftLogWorker.java:lambda$new$0(128)) - 124b1436-2dec-4708-9bef-ac97c435ef9a@group-261A64FC1E5A-SegmentedRaftLogWorker: flushIndex: setUnconditionally 0 -> -1
2019-11-12 22:25:15,987 [pool-183-thread-1] INFO  server.RaftServerConfigKeys (ConfUtils.java:logGet(43)) - raft.server.retrycache.expirytime = 600000ms (custom)
2019-11-12 22:25:15,988 [pool-193-thread-1] INFO  server.RaftServerConfigKeys (ConfUtils.java:logGet(43)) - raft.server.snapshot.auto.trigger.enabled = true (custom)
2019-11-12 22:25:15,988 [pool-193-thread-1] INFO  server.RaftServerConfigKeys (ConfUtils.java:logGet(43)) - raft.server.snapshot.auto.trigger.threshold = 10000 (custom)
2019-11-12 22:25:15,988 [pool-193-thread-1] INFO  server.RaftServerConfigKeys (ConfUtils.java:logGet(43)) - raft.server.snapshot.retention.file.num = 5 (custom)
2019-11-12 22:25:15,988 [pool-183-thread-1] WARN  impl.MetricRegistriesImpl (MetricRegistriesImpl.java:lambda$create$1(61)) - First MetricRegistry has been created without registering reporters. You may need to call MetricRegistries.global().addReportRegistration(...) before.
2019-11-12 22:25:15,988 [pool-193-thread-1] INFO  server.RaftServerConfigKeys (ConfUtils.java:logGet(43)) - raft.server.retrycache.expirytime = 600000ms (custom)
2019-11-12 22:25:15,988 [pool-183-thread-1] WARN  impl.MetricRegistriesImpl (MetricRegistriesImpl.java:lambda$create$1(61)) - First MetricRegistry has been created without registering reporters. You may need to call MetricRegistries.global().addReportRegistration(...) before.
2019-11-12 22:25:15,988 [pool-193-thread-1] WARN  impl.MetricRegistriesImpl (MetricRegistriesImpl.java:lambda$create$1(61)) - First MetricRegistry has been created without registering reporters. You may need to call MetricRegistries.global().addReportRegistration(...) before.
2019-11-12 22:25:15,989 [pool-183-thread-1] INFO  impl.RaftServerImpl (RaftServerImpl.java:start(184)) - e1630cc0-82e2-4757-a0ff-1e5aa97f4a82@group-261A64FC1E5A: start as a follower, conf=-1: [e1630cc0-82e2-4757-a0ff-1e5aa97f4a82:192.168.157.210:46723, 36ba2c4b-fd66-4a0d-bee3-710bbe72aafc:192.168.157.210:42115, 124b1436-2dec-4708-9bef-ac97c435ef9a:192.168.157.210:33855], old=null
2019-11-12 22:25:15,989 [pool-193-thread-1] WARN  impl.MetricRegistriesImpl (MetricRegistriesImpl.java:lambda$create$1(61)) - First MetricRegistry has been created without registering reporters. You may need to call MetricRegistries.global().addReportRegistration(...) before.
2019-11-12 22:25:15,989 [pool-183-thread-1] INFO  impl.RaftServerImpl (RaftServerImpl.java:setRole(173)) - e1630cc0-82e2-4757-a0ff-1e5aa97f4a82@group-261A64FC1E5A: changes role from      null to FOLLOWER at term 0 for startAsFollower
2019-11-12 22:25:15,989 [pool-193-thread-1] INFO  impl.RaftServerImpl (RaftServerImpl.java:start(184)) - 124b1436-2dec-4708-9bef-ac97c435ef9a@group-261A64FC1E5A: start as a follower, conf=-1: [e1630cc0-82e2-4757-a0ff-1e5aa97f4a82:192.168.157.210:46723, 36ba2c4b-fd66-4a0d-bee3-710bbe72aafc:192.168.157.210:42115, 124b1436-2dec-4708-9bef-ac97c435ef9a:192.168.157.210:33855], old=null
2019-11-12 22:25:15,989 [pool-183-thread-1] INFO  impl.RoleInfo (RoleInfo.java:updateAndGet(143)) - e1630cc0-82e2-4757-a0ff-1e5aa97f4a82: start FollowerState
2019-11-12 22:25:15,989 [pool-193-thread-1] INFO  impl.RaftServerImpl (RaftServerImpl.java:setRole(173)) - 124b1436-2dec-4708-9bef-ac97c435ef9a@group-261A64FC1E5A: changes role from      null to FOLLOWER at term 0 for startAsFollower
2019-11-12 22:25:15,989 [pool-193-thread-1] INFO  impl.RoleInfo (RoleInfo.java:updateAndGet(143)) - 124b1436-2dec-4708-9bef-ac97c435ef9a: start FollowerState
2019-11-12 22:25:15,989 [pool-183-thread-1] INFO  util.JmxRegister (JmxRegister.java:tryRegister(44)) - Successfully registered JMX Bean with object name Ratis:service=RaftServer,group=group-261A64FC1E5A,id=e1630cc0-82e2-4757-a0ff-1e5aa97f4a82
2019-11-12 22:25:15,990 [pool-183-thread-1] WARN  impl.MetricRegistriesImpl (MetricRegistriesImpl.java:lambda$create$1(61)) - First MetricRegistry has been created without registering reporters. You may need to call MetricRegistries.global().addReportRegistration(...) before.
2019-11-12 22:25:15,990 [pool-193-thread-1] INFO  util.JmxRegister (JmxRegister.java:tryRegister(44)) - Successfully registered JMX Bean with object name Ratis:service=RaftServer,group=group-261A64FC1E5A,id=124b1436-2dec-4708-9bef-ac97c435ef9a
2019-11-12 22:25:15,990 [pool-193-thread-1] WARN  impl.MetricRegistriesImpl (MetricRegistriesImpl.java:lambda$create$1(61)) - First MetricRegistry has been created without registering reporters. You may need to call MetricRegistries.global().addReportRegistration(...) before.
2019-11-12 22:25:15,993 [RatisPipelineUtilsThread] INFO  pipeline.PipelineStateManager (PipelineStateManager.java:addPipeline(55)) - Created pipeline Pipeline[ Id: 13367a24-ab6b-45ce-9ed5-261a64fc1e5a, Nodes: 36ba2c4b-fd66-4a0d-bee3-710bbe72aafc{ip: 192.168.157.210, host: pr-hdds-2463-z4974-865879084, networkLocation: /default-rack, certSerialId: null}e1630cc0-82e2-4757-a0ff-1e5aa97f4a82{ip: 192.168.157.210, host: pr-hdds-2463-z4974-865879084, networkLocation: /default-rack, certSerialId: null}124b1436-2dec-4708-9bef-ac97c435ef9a{ip: 192.168.157.210, host: pr-hdds-2463-z4974-865879084, networkLocation: /default-rack, certSerialId: null}, Type:RATIS, Factor:THREE, State:ALLOCATED]
2019-11-12 22:25:15,993 [main] INFO  ozone.MiniOzoneClusterImpl (MiniOzoneClusterImpl.java:lambda$waitForClusterToBeReady$2(163)) - Waiting for 6 number of pipelines out of 6, to report a leader.
2019-11-12 22:25:16,000 [grpc-default-executor-3] INFO  impl.RaftServerProxy (RaftServerProxy.java:addNew(89)) - 36ba2c4b-fd66-4a0d-bee3-710bbe72aafc: addNew group-02E36150F2FB:[36ba2c4b-fd66-4a0d-bee3-710bbe72aafc:192.168.157.210:42115] returns group-02E36150F2FB:java.util.concurrent.CompletableFuture@1daad54[Not completed]
2019-11-12 22:25:16,002 [pool-203-thread-1] INFO  impl.RaftServerImpl (RaftServerImpl.java:<init>(98)) - 36ba2c4b-fd66-4a0d-bee3-710bbe72aafc: new RaftServerImpl for group-02E36150F2FB:[36ba2c4b-fd66-4a0d-bee3-710bbe72aafc:192.168.157.210:42115] with ContainerStateMachine:uninitialized
2019-11-12 22:25:16,002 [pool-203-thread-1] INFO  server.RaftServerConfigKeys (ConfUtils.java:logGet(43)) - raft.server.rpc.timeout.min = 1s (custom)
2019-11-12 22:25:16,002 [pool-203-thread-1] INFO  server.RaftServerConfigKeys (ConfUtils.java:logGet(43)) - raft.server.rpc.timeout.max = 1200ms (custom)
2019-11-12 22:25:16,002 [pool-203-thread-1] INFO  server.RaftServerConfigKeys (ConfUtils.java:logGet(43)) - raft.server.rpcslowness.timeout = 120s (custom)
2019-11-12 22:25:16,002 [pool-203-thread-1] INFO  server.RaftServerConfigKeys (ConfUtils.java:logGet(43)) - raft.server.sleep.deviation.threshold = 300 (default)
2019-11-12 22:25:16,003 [pool-203-thread-1] INFO  server.RaftServerConfigKeys (ConfUtils.java:logGet(43)) - raft.server.log.appender.install.snapshot.enabled = false (custom)
2019-11-12 22:25:16,003 [pool-203-thread-1] INFO  impl.RaftServerImpl (ServerState.java:<init>(103)) - 36ba2c4b-fd66-4a0d-bee3-710bbe72aafc@group-02E36150F2FB: ConfigurationManager, init=-1: [36ba2c4b-fd66-4a0d-bee3-710bbe72aafc:192.168.157.210:42115], old=null, confs=<EMPTY_MAP>
2019-11-12 22:25:16,003 [pool-203-thread-1] INFO  server.RaftServerConfigKeys (ConfUtils.java:logGet(43)) - raft.server.storage.dir = [/workdir/hadoop-ozone/integration-test/target/test-dir/MiniOzoneClusterImpl-49cde4fa-0f5c-485a-80e4-a10b14a740d7/datanode-5/data/ratis] (custom)
2019-11-12 22:25:16,003 [pool-203-thread-1] INFO  server.RaftServerConfigKeys (ConfUtils.java:logGet(43)) - raft.server.log.corruption.policy = EXCEPTION (default)
2019-11-12 22:25:16,003 [pool-203-thread-1] INFO  storage.RaftStorageDirectory (RaftStorageDirectory.java:analyzeStorage(246)) - The storage directory /workdir/hadoop-ozone/integration-test/target/test-dir/MiniOzoneClusterImpl-49cde4fa-0f5c-485a-80e4-a10b14a740d7/datanode-5/data/ratis/366838d8-8666-49c6-8653-02e36150f2fb does not exist. Creating ...
2019-11-12 22:25:16,031 [pool-203-thread-1] INFO  storage.RaftStorageDirectory (RaftStorageDirectory.java:tryLock(328)) - Lock on /workdir/hadoop-ozone/integration-test/target/test-dir/MiniOzoneClusterImpl-49cde4fa-0f5c-485a-80e4-a10b14a740d7/datanode-5/data/ratis/366838d8-8666-49c6-8653-02e36150f2fb/in_use.lock acquired by nodename 20844@pr-hdds-2463-z4974-865879084
2019-11-12 22:25:16,056 [pool-203-thread-1] INFO  storage.RaftStorage (RaftStorage.java:format(84)) - Storage directory /workdir/hadoop-ozone/integration-test/target/test-dir/MiniOzoneClusterImpl-49cde4fa-0f5c-485a-80e4-a10b14a740d7/datanode-5/data/ratis/366838d8-8666-49c6-8653-02e36150f2fb has been successfully formatted.
2019-11-12 22:25:16,057 [pool-203-thread-1] INFO  ratis.ContainerStateMachine (ContainerStateMachine.java:loadSnapshot(223)) - group-02E36150F2FB: The snapshot info is null. Setting the last applied indexto:(t:0, i:~)
2019-11-12 22:25:16,057 [pool-203-thread-1] INFO  server.RaftServerConfigKeys (ConfUtils.java:logGet(43)) - raft.server.notification.no-leader.timeout = 120s (custom)
2019-11-12 22:25:16,057 [pool-203-thread-1] INFO  server.RaftServerConfigKeys (ConfUtils.java:logGet(43)) - raft.server.log.use.memory = false (default)
2019-11-12 22:25:16,057 [pool-203-thread-1] INFO  server.RaftServerConfigKeys (ConfUtils.java:logGet(43)) - raft.server.log.purge.gap = 1000000 (custom)
2019-11-12 22:25:16,058 [pool-203-thread-1] INFO  server.RaftServerConfigKeys (ConfUtils.java:logGet(43)) - raft.server.log.appender.buffer.byte-limit = 33554432 (custom)
2019-11-12 22:25:16,058 [pool-203-thread-1] INFO  server.RaftServerConfigKeys (ConfUtils.java:logGet(43)) - raft.server.log.segment.size.max = 1048576 (custom)
2019-11-12 22:25:16,058 [pool-203-thread-1] INFO  server.RaftServerConfigKeys (ConfUtils.java:logGet(43)) - raft.server.log.segment.cache.num.max = 2 (custom)
2019-11-12 22:25:16,058 [pool-203-thread-1] INFO  segmented.SegmentedRaftLogWorker (SegmentedRaftLogWorker.java:<init>(173)) - new 36ba2c4b-fd66-4a0d-bee3-710bbe72aafc@group-02E36150F2FB-SegmentedRaftLogWorker for RaftStorage:Storage Directory /workdir/hadoop-ozone/integration-test/target/test-dir/MiniOzoneClusterImpl-49cde4fa-0f5c-485a-80e4-a10b14a740d7/datanode-5/data/ratis/366838d8-8666-49c6-8653-02e36150f2fb
2019-11-12 22:25:16,058 [pool-203-thread-1] INFO  server.RaftServerConfigKeys (ConfUtils.java:logGet(43)) - raft.server.log.queue.byte-limit = 2147483647 (custom)
2019-11-12 22:25:16,058 [pool-203-thread-1] INFO  server.RaftServerConfigKeys (ConfUtils.java:logGet(43)) - raft.server.log.queue.element-limit = 1024 (custom)
2019-11-12 22:25:16,058 [pool-203-thread-1] INFO  server.RaftServerConfigKeys (ConfUtils.java:logGet(43)) - raft.server.log.segment.size.max = 1048576 (custom)
2019-11-12 22:25:16,059 [pool-203-thread-1] INFO  server.RaftServerConfigKeys (ConfUtils.java:logGet(43)) - raft.server.log.preallocated.size = 16384 (custom)
2019-11-12 22:25:16,059 [pool-203-thread-1] INFO  server.RaftServerConfigKeys (ConfUtils.java:logGet(43)) - raft.server.log.write.buffer.size = 33554432 (custom)
2019-11-12 22:25:16,059 [pool-203-thread-1] INFO  server.RaftServerConfigKeys (ConfUtils.java:logGet(43)) - raft.server.log.force.sync.num = 128 (default)
2019-11-12 22:25:16,059 [pool-203-thread-1] INFO  server.RaftServerConfigKeys (ConfUtils.java:logGet(43)) - raft.server.log.statemachine.data.sync = true (default)
2019-11-12 22:25:16,059 [pool-203-thread-1] INFO  server.RaftServerConfigKeys (ConfUtils.java:logGet(43)) - raft.server.log.statemachine.data.sync.timeout = 10s (default)
2019-11-12 22:25:16,059 [pool-203-thread-1] INFO  server.RaftServerConfigKeys (ConfUtils.java:logGet(43)) - raft.server.log.statemachine.data.sync.timeout.retry = -1 (default)
2019-11-12 22:25:16,059 [pool-203-thread-1] INFO  server.RaftServerConfigKeys (ConfUtils.java:logGet(43)) - raft.server.log.statemachine.data.caching.enabled = true (custom)
2019-11-12 22:25:16,060 [pool-203-thread-1] INFO  segmented.SegmentedRaftLogWorker (SegmentedRaftLogWorker.java:lambda$new$0(128)) - 36ba2c4b-fd66-4a0d-bee3-710bbe72aafc@group-02E36150F2FB-SegmentedRaftLogWorker: flushIndex: setUnconditionally 0 -> -1
2019-11-12 22:25:16,060 [pool-203-thread-1] INFO  server.RaftServerConfigKeys (ConfUtils.java:logGet(43)) - raft.server.snapshot.auto.trigger.enabled = true (custom)
2019-11-12 22:25:16,060 [pool-203-thread-1] INFO  server.RaftServerConfigKeys (ConfUtils.java:logGet(43)) - raft.server.snapshot.auto.trigger.threshold = 10000 (custom)
2019-11-12 22:25:16,060 [pool-203-thread-1] INFO  server.RaftServerConfigKeys (ConfUtils.java:logGet(43)) - raft.server.snapshot.retention.file.num = 5 (custom)
2019-11-12 22:25:16,061 [pool-203-thread-1] INFO  server.RaftServerConfigKeys (ConfUtils.java:logGet(43)) - raft.server.retrycache.expirytime = 600000ms (custom)
2019-11-12 22:25:16,061 [pool-203-thread-1] WARN  impl.MetricRegistriesImpl (MetricRegistriesImpl.java:lambda$create$1(61)) - First MetricRegistry has been created without registering reporters. You may need to call MetricRegistries.global().addReportRegistration(...) before.
2019-11-12 22:25:16,061 [pool-203-thread-1] WARN  impl.MetricRegistriesImpl (MetricRegistriesImpl.java:lambda$create$1(61)) - First MetricRegistry has been created without registering reporters. You may need to call MetricRegistries.global().addReportRegistration(...) before.
2019-11-12 22:25:16,061 [pool-203-thread-1] INFO  impl.RaftServerImpl (RaftServerImpl.java:start(184)) - 36ba2c4b-fd66-4a0d-bee3-710bbe72aafc@group-02E36150F2FB: start as a follower, conf=-1: [36ba2c4b-fd66-4a0d-bee3-710bbe72aafc:192.168.157.210:42115], old=null
2019-11-12 22:25:16,061 [pool-203-thread-1] INFO  impl.RaftServerImpl (RaftServerImpl.java:setRole(173)) - 36ba2c4b-fd66-4a0d-bee3-710bbe72aafc@group-02E36150F2FB: changes role from      null to FOLLOWER at term 0 for startAsFollower
2019-11-12 22:25:16,061 [pool-203-thread-1] INFO  impl.RoleInfo (RoleInfo.java:updateAndGet(143)) - 36ba2c4b-fd66-4a0d-bee3-710bbe72aafc: start FollowerState
2019-11-12 22:25:16,062 [pool-203-thread-1] INFO  util.JmxRegister (JmxRegister.java:tryRegister(44)) - Successfully registered JMX Bean with object name Ratis:service=RaftServer,group=group-02E36150F2FB,id=36ba2c4b-fd66-4a0d-bee3-710bbe72aafc
2019-11-12 22:25:16,062 [pool-203-thread-1] WARN  impl.MetricRegistriesImpl (MetricRegistriesImpl.java:lambda$create$1(61)) - First MetricRegistry has been created without registering reporters. You may need to call MetricRegistries.global().addReportRegistration(...) before.
2019-11-12 22:25:16,064 [RatisPipelineUtilsThread] INFO  pipeline.PipelineStateManager (PipelineStateManager.java:addPipeline(55)) - Created pipeline Pipeline[ Id: 366838d8-8666-49c6-8653-02e36150f2fb, Nodes: 36ba2c4b-fd66-4a0d-bee3-710bbe72aafc{ip: 192.168.157.210, host: pr-hdds-2463-z4974-865879084, networkLocation: /default-rack, certSerialId: null}, Type:RATIS, Factor:ONE, State:ALLOCATED]
2019-11-12 22:25:16,069 [grpc-default-executor-3] INFO  impl.RaftServerProxy (RaftServerProxy.java:addNew(89)) - 124b1436-2dec-4708-9bef-ac97c435ef9a: addNew group-C0ECA7801378:[124b1436-2dec-4708-9bef-ac97c435ef9a:192.168.157.210:33855] returns group-C0ECA7801378:java.util.concurrent.CompletableFuture@e41e3ba[Not completed]
2019-11-12 22:25:16,070 [pool-193-thread-1] INFO  impl.RaftServerImpl (RaftServerImpl.java:<init>(98)) - 124b1436-2dec-4708-9bef-ac97c435ef9a: new RaftServerImpl for group-C0ECA7801378:[124b1436-2dec-4708-9bef-ac97c435ef9a:192.168.157.210:33855] with ContainerStateMachine:uninitialized
2019-11-12 22:25:16,070 [pool-193-thread-1] INFO  server.RaftServerConfigKeys (ConfUtils.java:logGet(43)) - raft.server.rpc.timeout.min = 1s (custom)
2019-11-12 22:25:16,070 [pool-193-thread-1] INFO  server.RaftServerConfigKeys (ConfUtils.java:logGet(43)) - raft.server.rpc.timeout.max = 1200ms (custom)
2019-11-12 22:25:16,071 [pool-193-thread-1] INFO  server.RaftServerConfigKeys (ConfUtils.java:logGet(43)) - raft.server.rpcslowness.timeout = 120s (custom)
2019-11-12 22:25:16,071 [pool-193-thread-1] INFO  server.RaftServerConfigKeys (ConfUtils.java:logGet(43)) - raft.server.sleep.deviation.threshold = 300 (default)
2019-11-12 22:25:16,071 [pool-193-thread-1] INFO  server.RaftServerConfigKeys (ConfUtils.java:logGet(43)) - raft.server.log.appender.install.snapshot.enabled = false (custom)
2019-11-12 22:25:16,071 [pool-193-thread-1] INFO  impl.RaftServerImpl (ServerState.java:<init>(103)) - 124b1436-2dec-4708-9bef-ac97c435ef9a@group-C0ECA7801378: ConfigurationManager, init=-1: [124b1436-2dec-4708-9bef-ac97c435ef9a:192.168.157.210:33855], old=null, confs=<EMPTY_MAP>
2019-11-12 22:25:16,071 [pool-193-thread-1] INFO  server.RaftServerConfigKeys (ConfUtils.java:logGet(43)) - raft.server.storage.dir = [/workdir/hadoop-ozone/integration-test/target/test-dir/MiniOzoneClusterImpl-49cde4fa-0f5c-485a-80e4-a10b14a740d7/datanode-4/data/ratis] (custom)
2019-11-12 22:25:16,071 [pool-193-thread-1] INFO  server.RaftServerConfigKeys (ConfUtils.java:logGet(43)) - raft.server.log.corruption.policy = EXCEPTION (default)
2019-11-12 22:25:16,072 [pool-193-thread-1] INFO  storage.RaftStorageDirectory (RaftStorageDirectory.java:analyzeStorage(246)) - The storage directory /workdir/hadoop-ozone/integration-test/target/test-dir/MiniOzoneClusterImpl-49cde4fa-0f5c-485a-80e4-a10b14a740d7/datanode-4/data/ratis/8806ede0-3ba1-4d0d-ba8b-c0eca7801378 does not exist. Creating ...
2019-11-12 22:25:16,109 [pool-193-thread-1] INFO  storage.RaftStorageDirectory (RaftStorageDirectory.java:tryLock(328)) - Lock on /workdir/hadoop-ozone/integration-test/target/test-dir/MiniOzoneClusterImpl-49cde4fa-0f5c-485a-80e4-a10b14a740d7/datanode-4/data/ratis/8806ede0-3ba1-4d0d-ba8b-c0eca7801378/in_use.lock acquired by nodename 20844@pr-hdds-2463-z4974-865879084
2019-11-12 22:25:16,135 [pool-193-thread-1] INFO  storage.RaftStorage (RaftStorage.java:format(84)) - Storage directory /workdir/hadoop-ozone/integration-test/target/test-dir/MiniOzoneClusterImpl-49cde4fa-0f5c-485a-80e4-a10b14a740d7/datanode-4/data/ratis/8806ede0-3ba1-4d0d-ba8b-c0eca7801378 has been successfully formatted.
2019-11-12 22:25:16,135 [pool-193-thread-1] INFO  ratis.ContainerStateMachine (ContainerStateMachine.java:loadSnapshot(223)) - group-C0ECA7801378: The snapshot info is null. Setting the last applied indexto:(t:0, i:~)
2019-11-12 22:25:16,135 [pool-193-thread-1] INFO  server.RaftServerConfigKeys (ConfUtils.java:logGet(43)) - raft.server.notification.no-leader.timeout = 120s (custom)
2019-11-12 22:25:16,135 [pool-193-thread-1] INFO  server.RaftServerConfigKeys (ConfUtils.java:logGet(43)) - raft.server.log.use.memory = false (default)
2019-11-12 22:25:16,135 [pool-193-thread-1] INFO  server.RaftServerConfigKeys (ConfUtils.java:logGet(43)) - raft.server.log.purge.gap = 1000000 (custom)
2019-11-12 22:25:16,136 [pool-193-thread-1] INFO  server.RaftServerConfigKeys (ConfUtils.java:logGet(43)) - raft.server.log.appender.buffer.byte-limit = 33554432 (custom)
2019-11-12 22:25:16,136 [pool-193-thread-1] INFO  server.RaftServerConfigKeys (ConfUtils.java:logGet(43)) - raft.server.log.segment.size.max = 1048576 (custom)
2019-11-12 22:25:16,136 [pool-193-thread-1] INFO  server.RaftServerConfigKeys (ConfUtils.java:logGet(43)) - raft.server.log.segment.cache.num.max = 2 (custom)
2019-11-12 22:25:16,136 [pool-193-thread-1] INFO  segmented.SegmentedRaftLogWorker (SegmentedRaftLogWorker.java:<init>(173)) - new 124b1436-2dec-4708-9bef-ac97c435ef9a@group-C0ECA7801378-SegmentedRaftLogWorker for RaftStorage:Storage Directory /workdir/hadoop-ozone/integration-test/target/test-dir/MiniOzoneClusterImpl-49cde4fa-0f5c-485a-80e4-a10b14a740d7/datanode-4/data/ratis/8806ede0-3ba1-4d0d-ba8b-c0eca7801378
2019-11-12 22:25:16,136 [pool-193-thread-1] INFO  server.RaftServerConfigKeys (ConfUtils.java:logGet(43)) - raft.server.log.queue.byte-limit = 2147483647 (custom)
2019-11-12 22:25:16,136 [pool-193-thread-1] INFO  server.RaftServerConfigKeys (ConfUtils.java:logGet(43)) - raft.server.log.queue.element-limit = 1024 (custom)
2019-11-12 22:25:16,136 [pool-193-thread-1] INFO  server.RaftServerConfigKeys (ConfUtils.java:logGet(43)) - raft.server.log.segment.size.max = 1048576 (custom)
2019-11-12 22:25:16,136 [pool-193-thread-1] INFO  server.RaftServerConfigKeys (ConfUtils.java:logGet(43)) - raft.server.log.preallocated.size = 16384 (custom)
2019-11-12 22:25:16,137 [pool-193-thread-1] INFO  server.RaftServerConfigKeys (ConfUtils.java:logGet(43)) - raft.server.log.write.buffer.size = 33554432 (custom)
2019-11-12 22:25:16,137 [pool-193-thread-1] INFO  server.RaftServerConfigKeys (ConfUtils.java:logGet(43)) - raft.server.log.force.sync.num = 128 (default)
2019-11-12 22:25:16,137 [pool-193-thread-1] INFO  server.RaftServerConfigKeys (ConfUtils.java:logGet(43)) - raft.server.log.statemachine.data.sync = true (default)
2019-11-12 22:25:16,137 [pool-193-thread-1] INFO  server.RaftServerConfigKeys (ConfUtils.java:logGet(43)) - raft.server.log.statemachine.data.sync.timeout = 10s (default)
2019-11-12 22:25:16,137 [pool-193-thread-1] INFO  server.RaftServerConfigKeys (ConfUtils.java:logGet(43)) - raft.server.log.statemachine.data.sync.timeout.retry = -1 (default)
2019-11-12 22:25:16,137 [pool-193-thread-1] INFO  server.RaftServerConfigKeys (ConfUtils.java:logGet(43)) - raft.server.log.statemachine.data.caching.enabled = true (custom)
2019-11-12 22:25:16,138 [pool-193-thread-1] INFO  segmented.SegmentedRaftLogWorker (SegmentedRaftLogWorker.java:lambda$new$0(128)) - 124b1436-2dec-4708-9bef-ac97c435ef9a@group-C0ECA7801378-SegmentedRaftLogWorker: flushIndex: setUnconditionally 0 -> -1
2019-11-12 22:25:16,138 [pool-193-thread-1] INFO  server.RaftServerConfigKeys (ConfUtils.java:logGet(43)) - raft.server.snapshot.auto.trigger.enabled = true (custom)
2019-11-12 22:25:16,138 [pool-193-thread-1] INFO  server.RaftServerConfigKeys (ConfUtils.java:logGet(43)) - raft.server.snapshot.auto.trigger.threshold = 10000 (custom)
2019-11-12 22:25:16,138 [pool-193-thread-1] INFO  server.RaftServerConfigKeys (ConfUtils.java:logGet(43)) - raft.server.snapshot.retention.file.num = 5 (custom)
2019-11-12 22:25:16,138 [pool-193-thread-1] INFO  server.RaftServerConfigKeys (ConfUtils.java:logGet(43)) - raft.server.retrycache.expirytime = 600000ms (custom)
2019-11-12 22:25:16,138 [pool-193-thread-1] WARN  impl.MetricRegistriesImpl (MetricRegistriesImpl.java:lambda$create$1(61)) - First MetricRegistry has been created without registering reporters. You may need to call MetricRegistries.global().addReportRegistration(...) before.
2019-11-12 22:25:16,139 [pool-193-thread-1] WARN  impl.MetricRegistriesImpl (MetricRegistriesImpl.java:lambda$create$1(61)) - First MetricRegistry has been created without registering reporters. You may need to call MetricRegistries.global().addReportRegistration(...) before.
2019-11-12 22:25:16,139 [pool-193-thread-1] INFO  impl.RaftServerImpl (RaftServerImpl.java:start(184)) - 124b1436-2dec-4708-9bef-ac97c435ef9a@group-C0ECA7801378: start as a follower, conf=-1: [124b1436-2dec-4708-9bef-ac97c435ef9a:192.168.157.210:33855], old=null
2019-11-12 22:25:16,139 [pool-193-thread-1] INFO  impl.RaftServerImpl (RaftServerImpl.java:setRole(173)) - 124b1436-2dec-4708-9bef-ac97c435ef9a@group-C0ECA7801378: changes role from      null to FOLLOWER at term 0 for startAsFollower
2019-11-12 22:25:16,139 [pool-193-thread-1] INFO  impl.RoleInfo (RoleInfo.java:updateAndGet(143)) - 124b1436-2dec-4708-9bef-ac97c435ef9a: start FollowerState
2019-11-12 22:25:16,140 [pool-193-thread-1] INFO  util.JmxRegister (JmxRegister.java:tryRegister(44)) - Successfully registered JMX Bean with object name Ratis:service=RaftServer,group=group-C0ECA7801378,id=124b1436-2dec-4708-9bef-ac97c435ef9a
2019-11-12 22:25:16,140 [pool-193-thread-1] WARN  impl.MetricRegistriesImpl (MetricRegistriesImpl.java:lambda$create$1(61)) - First MetricRegistry has been created without registering reporters. You may need to call MetricRegistries.global().addReportRegistration(...) before.
2019-11-12 22:25:16,142 [RatisPipelineUtilsThread] INFO  pipeline.PipelineStateManager (PipelineStateManager.java:addPipeline(55)) - Created pipeline Pipeline[ Id: 8806ede0-3ba1-4d0d-ba8b-c0eca7801378, Nodes: 124b1436-2dec-4708-9bef-ac97c435ef9a{ip: 192.168.157.210, host: pr-hdds-2463-z4974-865879084, networkLocation: /default-rack, certSerialId: null}, Type:RATIS, Factor:ONE, State:ALLOCATED]
2019-11-12 22:25:16,683 [Thread-1656] INFO  impl.FollowerState (FollowerState.java:run(111)) - ed184682-841a-431b-821d-e4efb86e7b6e@group-5F5C580EBC58-FollowerState: change to CANDIDATE, lastRpcTime:1081ms, electionTimeout:1081ms
2019-11-12 22:25:16,684 [Thread-1656] INFO  impl.RoleInfo (RoleInfo.java:shutdownFollowerState(121)) - ed184682-841a-431b-821d-e4efb86e7b6e: shutdown FollowerState
2019-11-12 22:25:16,684 [Thread-1656] INFO  impl.RaftServerImpl (RaftServerImpl.java:setRole(173)) - ed184682-841a-431b-821d-e4efb86e7b6e@group-5F5C580EBC58: changes role from  FOLLOWER to CANDIDATE at term 0 for changeToCandidate
2019-11-12 22:25:16,684 [Thread-1656] INFO  impl.RoleInfo (RoleInfo.java:updateAndGet(143)) - ed184682-841a-431b-821d-e4efb86e7b6e: start LeaderElection
2019-11-12 22:25:16,720 [ed184682-841a-431b-821d-e4efb86e7b6e@group-5F5C580EBC58-LeaderElection46] INFO  impl.LeaderElection (LeaderElection.java:askForVotes(178)) - ed184682-841a-431b-821d-e4efb86e7b6e@group-5F5C580EBC58-LeaderElection46: begin an election at term 1 for -1: [ed184682-841a-431b-821d-e4efb86e7b6e:192.168.157.210:40829], old=null
2019-11-12 22:25:16,721 [ed184682-841a-431b-821d-e4efb86e7b6e@group-5F5C580EBC58-LeaderElection46] INFO  impl.RoleInfo (RoleInfo.java:shutdownLeaderElection(134)) - ed184682-841a-431b-821d-e4efb86e7b6e: shutdown LeaderElection
2019-11-12 22:25:16,721 [ed184682-841a-431b-821d-e4efb86e7b6e@group-5F5C580EBC58-LeaderElection46] INFO  impl.RaftServerImpl (RaftServerImpl.java:setRole(173)) - ed184682-841a-431b-821d-e4efb86e7b6e@group-5F5C580EBC58: changes role from CANDIDATE to LEADER at term 1 for changeToLeader
2019-11-12 22:25:16,721 [ed184682-841a-431b-821d-e4efb86e7b6e@group-5F5C580EBC58-LeaderElection46] INFO  ratis.XceiverServerRatis (XceiverServerRatis.java:handleLeaderChangedNotification(697)) - Leader change notification received for group: group-5F5C580EBC58 with new leaderId: ed184682-841a-431b-821d-e4efb86e7b6e
2019-11-12 22:25:16,721 [ed184682-841a-431b-821d-e4efb86e7b6e@group-5F5C580EBC58-LeaderElection46] INFO  impl.RaftServerImpl (ServerState.java:setLeader(255)) - ed184682-841a-431b-821d-e4efb86e7b6e@group-5F5C580EBC58: change Leader from null to ed184682-841a-431b-821d-e4efb86e7b6e at term 1 for becomeLeader, leader elected after 1125ms
2019-11-12 22:25:16,721 [ed184682-841a-431b-821d-e4efb86e7b6e@group-5F5C580EBC58-LeaderElection46] INFO  server.RaftServerConfigKeys (ConfUtils.java:logGet(43)) - raft.server.staging.catchup.gap = 1000 (default)
2019-11-12 22:25:16,724 [ed184682-841a-431b-821d-e4efb86e7b6e@group-5F5C580EBC58-LeaderElection46] INFO  server.RaftServerConfigKeys (ConfUtils.java:logGet(43)) - raft.server.rpc.sleep.time = 25ms (default)
2019-11-12 22:25:16,724 [ed184682-841a-431b-821d-e4efb86e7b6e@group-5F5C580EBC58-LeaderElection46] INFO  server.RaftServerConfigKeys (ConfUtils.java:logGet(43)) - raft.server.write.element-limit = 4096 (default)
2019-11-12 22:25:16,724 [ed184682-841a-431b-821d-e4efb86e7b6e@group-5F5C580EBC58-LeaderElection46] INFO  server.RaftServerConfigKeys (ConfUtils.java:logGet(43)) - raft.server.watch.timeout = 10s (default)
2019-11-12 22:25:16,724 [ed184682-841a-431b-821d-e4efb86e7b6e@group-5F5C580EBC58-LeaderElection46] INFO  server.RaftServerConfigKeys (ConfUtils.java:logGet(43)) - raft.server.watch.timeout.denomination = 1s (default)
2019-11-12 22:25:16,724 [ed184682-841a-431b-821d-e4efb86e7b6e@group-5F5C580EBC58-LeaderElection46] INFO  server.RaftServerConfigKeys (ConfUtils.java:logGet(43)) - raft.server.watch.element-limit = 65536 (default)
2019-11-12 22:25:16,725 [ed184682-841a-431b-821d-e4efb86e7b6e@group-5F5C580EBC58-LeaderElection46] INFO  impl.RoleInfo (RoleInfo.java:updateAndGet(143)) - ed184682-841a-431b-821d-e4efb86e7b6e: start LeaderState
2019-11-12 22:25:16,725 [EventQueue-PipelineReportForPipelineReportHandler] INFO  pipeline.PipelineStateManager (PipelineStateManager.java:openPipeline(134)) - Pipeline Pipeline[ Id: 71355adb-2b2c-460d-b2af-5f5c580ebc58, Nodes: ed184682-841a-431b-821d-e4efb86e7b6e{ip: 192.168.157.210, host: pr-hdds-2463-z4974-865879084, networkLocation: /default-rack, certSerialId: null}, Type:RATIS, Factor:ONE, State:OPEN] moved to OPEN state
2019-11-12 22:25:16,725 [ed184682-841a-431b-821d-e4efb86e7b6e@group-5F5C580EBC58-LeaderElection46] INFO  segmented.SegmentedRaftLogWorker (SegmentedRaftLogWorker.java:startLogSegment(385)) - ed184682-841a-431b-821d-e4efb86e7b6e@group-5F5C580EBC58-SegmentedRaftLogWorker: Starting segment from index:0
2019-11-12 22:25:16,726 [ed184682-841a-431b-821d-e4efb86e7b6e@group-5F5C580EBC58-LeaderElection46] INFO  impl.RaftServerImpl (ServerState.java:setRaftConf(356)) - ed184682-841a-431b-821d-e4efb86e7b6e@group-5F5C580EBC58: set configuration 0: [ed184682-841a-431b-821d-e4efb86e7b6e:192.168.157.210:40829], old=null at 0
2019-11-12 22:25:16,770 [ed184682-841a-431b-821d-e4efb86e7b6e@group-5F5C580EBC58-SegmentedRaftLogWorker] INFO  segmented.SegmentedRaftLogWorker (SegmentedRaftLogWorker.java:execute(576)) - ed184682-841a-431b-821d-e4efb86e7b6e@group-5F5C580EBC58-SegmentedRaftLogWorker: created new log segment /workdir/hadoop-ozone/integration-test/target/test-dir/MiniOzoneClusterImpl-49cde4fa-0f5c-485a-80e4-a10b14a740d7/datanode-0/data/ratis/71355adb-2b2c-460d-b2af-5f5c580ebc58/current/log_inprogress_0
2019-11-12 22:25:16,801 [Thread-1659] INFO  impl.FollowerState (FollowerState.java:run(111)) - fed2bd94-bbf4-4593-9887-7c07c070d07d@group-4931D3C8139F-FollowerState: change to CANDIDATE, lastRpcTime:1115ms, electionTimeout:1115ms
2019-11-12 22:25:16,802 [Thread-1659] INFO  impl.RoleInfo (RoleInfo.java:shutdownFollowerState(121)) - fed2bd94-bbf4-4593-9887-7c07c070d07d: shutdown FollowerState
2019-11-12 22:25:16,802 [Thread-1659] INFO  impl.RaftServerImpl (RaftServerImpl.java:setRole(173)) - fed2bd94-bbf4-4593-9887-7c07c070d07d@group-4931D3C8139F: changes role from  FOLLOWER to CANDIDATE at term 0 for changeToCandidate
2019-11-12 22:25:16,802 [Thread-1659] INFO  impl.RoleInfo (RoleInfo.java:updateAndGet(143)) - fed2bd94-bbf4-4593-9887-7c07c070d07d: start LeaderElection
2019-11-12 22:25:16,829 [fed2bd94-bbf4-4593-9887-7c07c070d07d@group-4931D3C8139F-LeaderElection47] INFO  impl.LeaderElection (LeaderElection.java:askForVotes(178)) - fed2bd94-bbf4-4593-9887-7c07c070d07d@group-4931D3C8139F-LeaderElection47: begin an election at term 1 for -1: [fed2bd94-bbf4-4593-9887-7c07c070d07d:192.168.157.210:37620], old=null
2019-11-12 22:25:16,830 [fed2bd94-bbf4-4593-9887-7c07c070d07d@group-4931D3C8139F-LeaderElection47] INFO  impl.RoleInfo (RoleInfo.java:shutdownLeaderElection(134)) - fed2bd94-bbf4-4593-9887-7c07c070d07d: shutdown LeaderElection
2019-11-12 22:25:16,830 [fed2bd94-bbf4-4593-9887-7c07c070d07d@group-4931D3C8139F-LeaderElection47] INFO  impl.RaftServerImpl (RaftServerImpl.java:setRole(173)) - fed2bd94-bbf4-4593-9887-7c07c070d07d@group-4931D3C8139F: changes role from CANDIDATE to LEADER at term 1 for changeToLeader
2019-11-12 22:25:16,830 [fed2bd94-bbf4-4593-9887-7c07c070d07d@group-4931D3C8139F-LeaderElection47] INFO  ratis.XceiverServerRatis (XceiverServerRatis.java:handleLeaderChangedNotification(697)) - Leader change notification received for group: group-4931D3C8139F with new leaderId: fed2bd94-bbf4-4593-9887-7c07c070d07d
2019-11-12 22:25:16,830 [fed2bd94-bbf4-4593-9887-7c07c070d07d@group-4931D3C8139F-LeaderElection47] INFO  impl.RaftServerImpl (ServerState.java:setLeader(255)) - fed2bd94-bbf4-4593-9887-7c07c070d07d@group-4931D3C8139F: change Leader from null to fed2bd94-bbf4-4593-9887-7c07c070d07d at term 1 for becomeLeader, leader elected after 1149ms
2019-11-12 22:25:16,830 [fed2bd94-bbf4-4593-9887-7c07c070d07d@group-4931D3C8139F-LeaderElection47] INFO  server.RaftServerConfigKeys (ConfUtils.java:logGet(43)) - raft.server.staging.catchup.gap = 1000 (default)
2019-11-12 22:25:16,832 [fed2bd94-bbf4-4593-9887-7c07c070d07d@group-4931D3C8139F-LeaderElection47] INFO  server.RaftServerConfigKeys (ConfUtils.java:logGet(43)) - raft.server.rpc.sleep.time = 25ms (default)
2019-11-12 22:25:16,832 [fed2bd94-bbf4-4593-9887-7c07c070d07d@group-4931D3C8139F-LeaderElection47] INFO  server.RaftServerConfigKeys (ConfUtils.java:logGet(43)) - raft.server.write.element-limit = 4096 (default)
2019-11-12 22:25:16,832 [fed2bd94-bbf4-4593-9887-7c07c070d07d@group-4931D3C8139F-LeaderElection47] INFO  server.RaftServerConfigKeys (ConfUtils.java:logGet(43)) - raft.server.watch.timeout = 10s (default)
2019-11-12 22:25:16,832 [fed2bd94-bbf4-4593-9887-7c07c070d07d@group-4931D3C8139F-LeaderElection47] INFO  server.RaftServerConfigKeys (ConfUtils.java:logGet(43)) - raft.server.watch.timeout.denomination = 1s (default)
2019-11-12 22:25:16,832 [fed2bd94-bbf4-4593-9887-7c07c070d07d@group-4931D3C8139F-LeaderElection47] INFO  server.RaftServerConfigKeys (ConfUtils.java:logGet(43)) - raft.server.watch.element-limit = 65536 (default)
2019-11-12 22:25:16,832 [fed2bd94-bbf4-4593-9887-7c07c070d07d@group-4931D3C8139F-LeaderElection47] INFO  impl.RoleInfo (RoleInfo.java:updateAndGet(143)) - fed2bd94-bbf4-4593-9887-7c07c070d07d: start LeaderState
2019-11-12 22:25:16,833 [EventQueue-PipelineReportForPipelineReportHandler] INFO  pipeline.PipelineStateManager (PipelineStateManager.java:openPipeline(134)) - Pipeline Pipeline[ Id: aa9f041e-9854-4f52-b219-4931d3c8139f, Nodes: fed2bd94-bbf4-4593-9887-7c07c070d07d{ip: 192.168.157.210, host: pr-hdds-2463-z4974-865879084, networkLocation: /default-rack, certSerialId: null}, Type:RATIS, Factor:ONE, State:OPEN] moved to OPEN state
2019-11-12 22:25:16,833 [fed2bd94-bbf4-4593-9887-7c07c070d07d@group-4931D3C8139F-LeaderElection47] INFO  segmented.SegmentedRaftLogWorker (SegmentedRaftLogWorker.java:startLogSegment(385)) - fed2bd94-bbf4-4593-9887-7c07c070d07d@group-4931D3C8139F-SegmentedRaftLogWorker: Starting segment from index:0
2019-11-12 22:25:16,833 [fed2bd94-bbf4-4593-9887-7c07c070d07d@group-4931D3C8139F-LeaderElection47] INFO  impl.RaftServerImpl (ServerState.java:setRaftConf(356)) - fed2bd94-bbf4-4593-9887-7c07c070d07d@group-4931D3C8139F: set configuration 0: [fed2bd94-bbf4-4593-9887-7c07c070d07d:192.168.157.210:37620], old=null at 0
2019-11-12 22:25:16,866 [Thread-1662] INFO  impl.FollowerState (FollowerState.java:run(111)) - cc8f8d42-1b01-4431-8c29-b671ab5a5551@group-A60766204AFD-FollowerState: change to CANDIDATE, lastRpcTime:1106ms, electionTimeout:1106ms
2019-11-12 22:25:16,866 [Thread-1662] INFO  impl.RoleInfo (RoleInfo.java:shutdownFollowerState(121)) - cc8f8d42-1b01-4431-8c29-b671ab5a5551: shutdown FollowerState
2019-11-12 22:25:16,866 [Thread-1662] INFO  impl.RaftServerImpl (RaftServerImpl.java:setRole(173)) - cc8f8d42-1b01-4431-8c29-b671ab5a5551@group-A60766204AFD: changes role from  FOLLOWER to CANDIDATE at term 0 for changeToCandidate
2019-11-12 22:25:16,866 [Thread-1662] INFO  impl.RoleInfo (RoleInfo.java:updateAndGet(143)) - cc8f8d42-1b01-4431-8c29-b671ab5a5551: start LeaderElection
2019-11-12 22:25:16,883 [Thread-1665] INFO  impl.FollowerState (FollowerState.java:run(111)) - e1630cc0-82e2-4757-a0ff-1e5aa97f4a82@group-A13B742C5E33-FollowerState: change to CANDIDATE, lastRpcTime:1053ms, electionTimeout:1053ms
2019-11-12 22:25:16,883 [Thread-1665] INFO  impl.RoleInfo (RoleInfo.java:shutdownFollowerState(121)) - e1630cc0-82e2-4757-a0ff-1e5aa97f4a82: shutdown FollowerState
2019-11-12 22:25:16,883 [Thread-1665] INFO  impl.RaftServerImpl (RaftServerImpl.java:setRole(173)) - e1630cc0-82e2-4757-a0ff-1e5aa97f4a82@group-A13B742C5E33: changes role from  FOLLOWER to CANDIDATE at term 0 for changeToCandidate
2019-11-12 22:25:16,884 [Thread-1665] INFO  impl.RoleInfo (RoleInfo.java:updateAndGet(143)) - e1630cc0-82e2-4757-a0ff-1e5aa97f4a82: start LeaderElection
2019-11-12 22:25:16,888 [fed2bd94-bbf4-4593-9887-7c07c070d07d@group-4931D3C8139F-SegmentedRaftLogWorker] INFO  segmented.SegmentedRaftLogWorker (SegmentedRaftLogWorker.java:execute(576)) - fed2bd94-bbf4-4593-9887-7c07c070d07d@group-4931D3C8139F-SegmentedRaftLogWorker: created new log segment /workdir/hadoop-ozone/integration-test/target/test-dir/MiniOzoneClusterImpl-49cde4fa-0f5c-485a-80e4-a10b14a740d7/datanode-1/data/ratis/aa9f041e-9854-4f52-b219-4931d3c8139f/current/log_inprogress_0
2019-11-12 22:25:16,900 [e1630cc0-82e2-4757-a0ff-1e5aa97f4a82@group-A13B742C5E33-LeaderElection49] INFO  impl.LeaderElection (LeaderElection.java:askForVotes(178)) - e1630cc0-82e2-4757-a0ff-1e5aa97f4a82@group-A13B742C5E33-LeaderElection49: begin an election at term 1 for -1: [e1630cc0-82e2-4757-a0ff-1e5aa97f4a82:192.168.157.210:46723], old=null
2019-11-12 22:25:16,900 [cc8f8d42-1b01-4431-8c29-b671ab5a5551@group-A60766204AFD-LeaderElection48] INFO  impl.LeaderElection (LeaderElection.java:askForVotes(178)) - cc8f8d42-1b01-4431-8c29-b671ab5a5551@group-A60766204AFD-LeaderElection48: begin an election at term 1 for -1: [cc8f8d42-1b01-4431-8c29-b671ab5a5551:192.168.157.210:40886], old=null
2019-11-12 22:25:16,900 [e1630cc0-82e2-4757-a0ff-1e5aa97f4a82@group-A13B742C5E33-LeaderElection49] INFO  impl.RoleInfo (RoleInfo.java:shutdownLeaderElection(134)) - e1630cc0-82e2-4757-a0ff-1e5aa97f4a82: shutdown LeaderElection
2019-11-12 22:25:16,900 [cc8f8d42-1b01-4431-8c29-b671ab5a5551@group-A60766204AFD-LeaderElection48] INFO  impl.RoleInfo (RoleInfo.java:shutdownLeaderElection(134)) - cc8f8d42-1b01-4431-8c29-b671ab5a5551: shutdown LeaderElection
2019-11-12 22:25:16,901 [e1630cc0-82e2-4757-a0ff-1e5aa97f4a82@group-A13B742C5E33-LeaderElection49] INFO  impl.RaftServerImpl (RaftServerImpl.java:setRole(173)) - e1630cc0-82e2-4757-a0ff-1e5aa97f4a82@group-A13B742C5E33: changes role from CANDIDATE to LEADER at term 1 for changeToLeader
2019-11-12 22:25:16,901 [cc8f8d42-1b01-4431-8c29-b671ab5a5551@group-A60766204AFD-LeaderElection48] INFO  impl.RaftServerImpl (RaftServerImpl.java:setRole(173)) - cc8f8d42-1b01-4431-8c29-b671ab5a5551@group-A60766204AFD: changes role from CANDIDATE to LEADER at term 1 for changeToLeader
2019-11-12 22:25:16,901 [e1630cc0-82e2-4757-a0ff-1e5aa97f4a82@group-A13B742C5E33-LeaderElection49] INFO  ratis.XceiverServerRatis (XceiverServerRatis.java:handleLeaderChangedNotification(697)) - Leader change notification received for group: group-A13B742C5E33 with new leaderId: e1630cc0-82e2-4757-a0ff-1e5aa97f4a82
2019-11-12 22:25:16,901 [cc8f8d42-1b01-4431-8c29-b671ab5a5551@group-A60766204AFD-LeaderElection48] INFO  ratis.XceiverServerRatis (XceiverServerRatis.java:handleLeaderChangedNotification(697)) - Leader change notification received for group: group-A60766204AFD with new leaderId: cc8f8d42-1b01-4431-8c29-b671ab5a5551
2019-11-12 22:25:16,901 [e1630cc0-82e2-4757-a0ff-1e5aa97f4a82@group-A13B742C5E33-LeaderElection49] INFO  impl.RaftServerImpl (ServerState.java:setLeader(255)) - e1630cc0-82e2-4757-a0ff-1e5aa97f4a82@group-A13B742C5E33: change Leader from null to e1630cc0-82e2-4757-a0ff-1e5aa97f4a82 at term 1 for becomeLeader, leader elected after 1075ms
2019-11-12 22:25:16,901 [e1630cc0-82e2-4757-a0ff-1e5aa97f4a82@group-A13B742C5E33-LeaderElection49] INFO  server.RaftServerConfigKeys (ConfUtils.java:logGet(43)) - raft.server.staging.catchup.gap = 1000 (default)
2019-11-12 22:25:16,901 [cc8f8d42-1b01-4431-8c29-b671ab5a5551@group-A60766204AFD-LeaderElection48] INFO  impl.RaftServerImpl (ServerState.java:setLeader(255)) - cc8f8d42-1b01-4431-8c29-b671ab5a5551@group-A60766204AFD: change Leader from null to cc8f8d42-1b01-4431-8c29-b671ab5a5551 at term 1 for becomeLeader, leader elected after 1144ms
2019-11-12 22:25:16,901 [e1630cc0-82e2-4757-a0ff-1e5aa97f4a82@group-A13B742C5E33-LeaderElection49] INFO  server.RaftServerConfigKeys (ConfUtils.java:logGet(43)) - raft.server.rpc.sleep.time = 25ms (default)
2019-11-12 22:25:16,904 [cc8f8d42-1b01-4431-8c29-b671ab5a5551@group-A60766204AFD-LeaderElection48] INFO  server.RaftServerConfigKeys (ConfUtils.java:logGet(43)) - raft.server.staging.catchup.gap = 1000 (default)
2019-11-12 22:25:16,904 [e1630cc0-82e2-4757-a0ff-1e5aa97f4a82@group-A13B742C5E33-LeaderElection49] INFO  server.RaftServerConfigKeys (ConfUtils.java:logGet(43)) - raft.server.write.element-limit = 4096 (default)
2019-11-12 22:25:16,904 [cc8f8d42-1b01-4431-8c29-b671ab5a5551@group-A60766204AFD-LeaderElection48] INFO  server.RaftServerConfigKeys (ConfUtils.java:logGet(43)) - raft.server.rpc.sleep.time = 25ms (default)
2019-11-12 22:25:16,904 [e1630cc0-82e2-4757-a0ff-1e5aa97f4a82@group-A13B742C5E33-LeaderElection49] INFO  server.RaftServerConfigKeys (ConfUtils.java:logGet(43)) - raft.server.watch.timeout = 10s (default)
2019-11-12 22:25:16,905 [e1630cc0-82e2-4757-a0ff-1e5aa97f4a82@group-A13B742C5E33-LeaderElection49] INFO  server.RaftServerConfigKeys (ConfUtils.java:logGet(43)) - raft.server.watch.timeout.denomination = 1s (default)
2019-11-12 22:25:16,905 [cc8f8d42-1b01-4431-8c29-b671ab5a5551@group-A60766204AFD-LeaderElection48] INFO  server.RaftServerConfigKeys (ConfUtils.java:logGet(43)) - raft.server.write.element-limit = 4096 (default)
2019-11-12 22:25:16,905 [e1630cc0-82e2-4757-a0ff-1e5aa97f4a82@group-A13B742C5E33-LeaderElection49] INFO  server.RaftServerConfigKeys (ConfUtils.java:logGet(43)) - raft.server.watch.element-limit = 65536 (default)
2019-11-12 22:25:16,905 [EventQueue-PipelineReportForPipelineReportHandler] INFO  pipeline.PipelineStateManager (PipelineStateManager.java:openPipeline(134)) - Pipeline Pipeline[ Id: 3fab2de7-642e-4275-9e01-a13b742c5e33, Nodes: e1630cc0-82e2-4757-a0ff-1e5aa97f4a82{ip: 192.168.157.210, host: pr-hdds-2463-z4974-865879084, networkLocation: /default-rack, certSerialId: null}, Type:RATIS, Factor:ONE, State:OPEN] moved to OPEN state
2019-11-12 22:25:16,905 [cc8f8d42-1b01-4431-8c29-b671ab5a5551@group-A60766204AFD-LeaderElection48] INFO  server.RaftServerConfigKeys (ConfUtils.java:logGet(43)) - raft.server.watch.timeout = 10s (default)
2019-11-12 22:25:16,905 [EventQueue-PipelineReportForPipelineReportHandler] INFO  pipeline.PipelineStateManager (PipelineStateManager.java:openPipeline(134)) - Pipeline Pipeline[ Id: e782d8f8-1e43-4432-bffa-a60766204afd, Nodes: cc8f8d42-1b01-4431-8c29-b671ab5a5551{ip: 192.168.157.210, host: pr-hdds-2463-z4974-865879084, networkLocation: /default-rack, certSerialId: null}, Type:RATIS, Factor:ONE, State:OPEN] moved to OPEN state
2019-11-12 22:25:16,905 [e1630cc0-82e2-4757-a0ff-1e5aa97f4a82@group-A13B742C5E33-LeaderElection49] INFO  impl.RoleInfo (RoleInfo.java:updateAndGet(143)) - e1630cc0-82e2-4757-a0ff-1e5aa97f4a82: start LeaderState
2019-11-12 22:25:16,905 [cc8f8d42-1b01-4431-8c29-b671ab5a5551@group-A60766204AFD-LeaderElection48] INFO  server.RaftServerConfigKeys (ConfUtils.java:logGet(43)) - raft.server.watch.timeout.denomination = 1s (default)
2019-11-12 22:25:16,905 [cc8f8d42-1b01-4431-8c29-b671ab5a5551@group-A60766204AFD-LeaderElection48] INFO  server.RaftServerConfigKeys (ConfUtils.java:logGet(43)) - raft.server.watch.element-limit = 65536 (default)
2019-11-12 22:25:16,905 [e1630cc0-82e2-4757-a0ff-1e5aa97f4a82@group-A13B742C5E33-LeaderElection49] INFO  segmented.SegmentedRaftLogWorker (SegmentedRaftLogWorker.java:startLogSegment(385)) - e1630cc0-82e2-4757-a0ff-1e5aa97f4a82@group-A13B742C5E33-SegmentedRaftLogWorker: Starting segment from index:0
2019-11-12 22:25:16,906 [cc8f8d42-1b01-4431-8c29-b671ab5a5551@group-A60766204AFD-LeaderElection48] INFO  impl.RoleInfo (RoleInfo.java:updateAndGet(143)) - cc8f8d42-1b01-4431-8c29-b671ab5a5551: start LeaderState
2019-11-12 22:25:16,906 [cc8f8d42-1b01-4431-8c29-b671ab5a5551@group-A60766204AFD-LeaderElection48] INFO  segmented.SegmentedRaftLogWorker (SegmentedRaftLogWorker.java:startLogSegment(385)) - cc8f8d42-1b01-4431-8c29-b671ab5a5551@group-A60766204AFD-SegmentedRaftLogWorker: Starting segment from index:0
2019-11-12 22:25:16,906 [e1630cc0-82e2-4757-a0ff-1e5aa97f4a82@group-A13B742C5E33-LeaderElection49] INFO  impl.RaftServerImpl (ServerState.java:setRaftConf(356)) - e1630cc0-82e2-4757-a0ff-1e5aa97f4a82@group-A13B742C5E33: set configuration 0: [e1630cc0-82e2-4757-a0ff-1e5aa97f4a82:192.168.157.210:46723], old=null at 0
2019-11-12 22:25:16,906 [cc8f8d42-1b01-4431-8c29-b671ab5a5551@group-A60766204AFD-LeaderElection48] INFO  impl.RaftServerImpl (ServerState.java:setRaftConf(356)) - cc8f8d42-1b01-4431-8c29-b671ab5a5551@group-A60766204AFD: set configuration 0: [cc8f8d42-1b01-4431-8c29-b671ab5a5551:192.168.157.210:40886], old=null at 0
2019-11-12 22:25:16,922 [Thread-1669] INFO  impl.FollowerState (FollowerState.java:run(111)) - ed184682-841a-431b-821d-e4efb86e7b6e@group-AD3E095FAB4F-FollowerState: change to CANDIDATE, lastRpcTime:1012ms, electionTimeout:1012ms
2019-11-12 22:25:16,922 [Thread-1669] INFO  impl.RoleInfo (RoleInfo.java:shutdownFollowerState(121)) - ed184682-841a-431b-821d-e4efb86e7b6e: shutdown FollowerState
2019-11-12 22:25:16,922 [Thread-1669] INFO  impl.RaftServerImpl (RaftServerImpl.java:setRole(173)) - ed184682-841a-431b-821d-e4efb86e7b6e@group-AD3E095FAB4F: changes role from  FOLLOWER to CANDIDATE at term 0 for changeToCandidate
2019-11-12 22:25:16,923 [Thread-1669] INFO  impl.RoleInfo (RoleInfo.java:updateAndGet(143)) - ed184682-841a-431b-821d-e4efb86e7b6e: start LeaderElection
2019-11-12 22:25:16,982 [e1630cc0-82e2-4757-a0ff-1e5aa97f4a82@group-A13B742C5E33-SegmentedRaftLogWorker] INFO  segmented.SegmentedRaftLogWorker (SegmentedRaftLogWorker.java:execute(576)) - e1630cc0-82e2-4757-a0ff-1e5aa97f4a82@group-A13B742C5E33-SegmentedRaftLogWorker: created new log segment /workdir/hadoop-ozone/integration-test/target/test-dir/MiniOzoneClusterImpl-49cde4fa-0f5c-485a-80e4-a10b14a740d7/datanode-3/data/ratis/3fab2de7-642e-4275-9e01-a13b742c5e33/current/log_inprogress_0
2019-11-12 22:25:16,982 [ed184682-841a-431b-821d-e4efb86e7b6e@group-AD3E095FAB4F-LeaderElection50] INFO  impl.LeaderElection (LeaderElection.java:askForVotes(178)) - ed184682-841a-431b-821d-e4efb86e7b6e@group-AD3E095FAB4F-LeaderElection50: begin an election at term 1 for -1: [ed184682-841a-431b-821d-e4efb86e7b6e:192.168.157.210:40829, cc8f8d42-1b01-4431-8c29-b671ab5a5551:192.168.157.210:40886, fed2bd94-bbf4-4593-9887-7c07c070d07d:192.168.157.210:37620], old=null
2019-11-12 22:25:16,982 [cc8f8d42-1b01-4431-8c29-b671ab5a5551@group-A60766204AFD-SegmentedRaftLogWorker] INFO  segmented.SegmentedRaftLogWorker (SegmentedRaftLogWorker.java:execute(576)) - cc8f8d42-1b01-4431-8c29-b671ab5a5551@group-A60766204AFD-SegmentedRaftLogWorker: created new log segment /workdir/hadoop-ozone/integration-test/target/test-dir/MiniOzoneClusterImpl-49cde4fa-0f5c-485a-80e4-a10b14a740d7/datanode-2/data/ratis/e782d8f8-1e43-4432-bffa-a60766204afd/current/log_inprogress_0
2019-11-12 22:25:16,991 [grpc-default-executor-3] INFO  impl.RaftServerImpl (RaftServerImpl.java:setRole(173)) - fed2bd94-bbf4-4593-9887-7c07c070d07d@group-AD3E095FAB4F: changes role from  FOLLOWER to FOLLOWER at term 1 for recognizeCandidate:ed184682-841a-431b-821d-e4efb86e7b6e
2019-11-12 22:25:16,991 [grpc-default-executor-3] INFO  impl.RoleInfo (RoleInfo.java:shutdownFollowerState(121)) - fed2bd94-bbf4-4593-9887-7c07c070d07d: shutdown FollowerState
2019-11-12 22:25:16,993 [grpc-default-executor-2] INFO  impl.RaftServerImpl (RaftServerImpl.java:setRole(173)) - cc8f8d42-1b01-4431-8c29-b671ab5a5551@group-AD3E095FAB4F: changes role from  FOLLOWER to FOLLOWER at term 1 for recognizeCandidate:ed184682-841a-431b-821d-e4efb86e7b6e
2019-11-12 22:25:16,993 [grpc-default-executor-3] INFO  impl.RoleInfo (RoleInfo.java:updateAndGet(143)) - fed2bd94-bbf4-4593-9887-7c07c070d07d: start FollowerState
2019-11-12 22:25:16,993 [Thread-1672] INFO  impl.FollowerState (FollowerState.java:run(120)) - fed2bd94-bbf4-4593-9887-7c07c070d07d@group-AD3E095FAB4F-FollowerState was interrupted: java.lang.InterruptedException: sleep interrupted
2019-11-12 22:25:16,993 [grpc-default-executor-2] INFO  impl.RoleInfo (RoleInfo.java:shutdownFollowerState(121)) - cc8f8d42-1b01-4431-8c29-b671ab5a5551: shutdown FollowerState
2019-11-12 22:25:16,993 [Thread-1673] INFO  impl.FollowerState (FollowerState.java:run(120)) - cc8f8d42-1b01-4431-8c29-b671ab5a5551@group-AD3E095FAB4F-FollowerState was interrupted: java.lang.InterruptedException: sleep interrupted
2019-11-12 22:25:16,993 [grpc-default-executor-2] INFO  impl.RoleInfo (RoleInfo.java:updateAndGet(143)) - cc8f8d42-1b01-4431-8c29-b671ab5a5551: start FollowerState
2019-11-12 22:25:16,994 [main] INFO  ozone.MiniOzoneClusterImpl (MiniOzoneClusterImpl.java:lambda$waitForClusterToBeReady$2(163)) - Waiting for 4 number of pipelines out of 8, to report a leader.
2019-11-12 22:25:17,007 [ed184682-841a-431b-821d-e4efb86e7b6e@group-AD3E095FAB4F-LeaderElection50] INFO  impl.LeaderElection (LeaderElection.java:logAndReturn(56)) - ed184682-841a-431b-821d-e4efb86e7b6e@group-AD3E095FAB4F-LeaderElection50: Election PASSED; received 1 response(s) [ed184682-841a-431b-821d-e4efb86e7b6e<-fed2bd94-bbf4-4593-9887-7c07c070d07d#0:OK-t1] and 0 exception(s); ed184682-841a-431b-821d-e4efb86e7b6e@group-AD3E095FAB4F:t1, leader=null, voted=ed184682-841a-431b-821d-e4efb86e7b6e, raftlog=ed184682-841a-431b-821d-e4efb86e7b6e@group-AD3E095FAB4F-SegmentedRaftLog:OPENED:c-1,f-1,i0, conf=-1: [ed184682-841a-431b-821d-e4efb86e7b6e:192.168.157.210:40829, cc8f8d42-1b01-4431-8c29-b671ab5a5551:192.168.157.210:40886, fed2bd94-bbf4-4593-9887-7c07c070d07d:192.168.157.210:37620], old=null
2019-11-12 22:25:17,008 [ed184682-841a-431b-821d-e4efb86e7b6e@group-AD3E095FAB4F-LeaderElection50] INFO  impl.RoleInfo (RoleInfo.java:shutdownLeaderElection(134)) - ed184682-841a-431b-821d-e4efb86e7b6e: shutdown LeaderElection
2019-11-12 22:25:17,008 [ed184682-841a-431b-821d-e4efb86e7b6e@group-AD3E095FAB4F-LeaderElection50] INFO  impl.RaftServerImpl (RaftServerImpl.java:setRole(173)) - ed184682-841a-431b-821d-e4efb86e7b6e@group-AD3E095FAB4F: changes role from CANDIDATE to LEADER at term 1 for changeToLeader
2019-11-12 22:25:17,008 [ed184682-841a-431b-821d-e4efb86e7b6e@group-AD3E095FAB4F-LeaderElection50] INFO  ratis.XceiverServerRatis (XceiverServerRatis.java:handleLeaderChangedNotification(697)) - Leader change notification received for group: group-AD3E095FAB4F with new leaderId: ed184682-841a-431b-821d-e4efb86e7b6e
2019-11-12 22:25:17,009 [ed184682-841a-431b-821d-e4efb86e7b6e@group-AD3E095FAB4F-LeaderElection50] INFO  impl.RaftServerImpl (ServerState.java:setLeader(255)) - ed184682-841a-431b-821d-e4efb86e7b6e@group-AD3E095FAB4F: change Leader from null to ed184682-841a-431b-821d-e4efb86e7b6e at term 1 for becomeLeader, leader elected after 1105ms
2019-11-12 22:25:17,009 [ed184682-841a-431b-821d-e4efb86e7b6e@group-AD3E095FAB4F-LeaderElection50] INFO  server.RaftServerConfigKeys (ConfUtils.java:logGet(43)) - raft.server.staging.catchup.gap = 1000 (default)
2019-11-12 22:25:17,009 [EventQueue-PipelineReportForPipelineReportHandler] INFO  pipeline.PipelineStateManager (PipelineStateManager.java:openPipeline(134)) - Pipeline Pipeline[ Id: f6de3f57-1a33-45c5-ae6b-ad3e095fab4f, Nodes: ed184682-841a-431b-821d-e4efb86e7b6e{ip: 192.168.157.210, host: pr-hdds-2463-z4974-865879084, networkLocation: /default-rack, certSerialId: null}fed2bd94-bbf4-4593-9887-7c07c070d07d{ip: 192.168.157.210, host: pr-hdds-2463-z4974-865879084, networkLocation: /default-rack, certSerialId: null}cc8f8d42-1b01-4431-8c29-b671ab5a5551{ip: 192.168.157.210, host: pr-hdds-2463-z4974-865879084, networkLocation: /default-rack, certSerialId: null}, Type:RATIS, Factor:THREE, State:OPEN] moved to OPEN state
2019-11-12 22:25:17,010 [ed184682-841a-431b-821d-e4efb86e7b6e@group-AD3E095FAB4F-LeaderElection50] INFO  server.RaftServerConfigKeys (ConfUtils.java:logGet(43)) - raft.server.rpc.sleep.time = 25ms (default)
2019-11-12 22:25:17,012 [ed184682-841a-431b-821d-e4efb86e7b6e@group-AD3E095FAB4F-LeaderElection50] INFO  server.RaftServerConfigKeys (ConfUtils.java:logGet(43)) - raft.server.write.element-limit = 4096 (default)
2019-11-12 22:25:17,012 [ed184682-841a-431b-821d-e4efb86e7b6e@group-AD3E095FAB4F-LeaderElection50] INFO  server.RaftServerConfigKeys (ConfUtils.java:logGet(43)) - raft.server.watch.timeout = 10s (default)
2019-11-12 22:25:17,012 [ed184682-841a-431b-821d-e4efb86e7b6e@group-AD3E095FAB4F-LeaderElection50] INFO  server.RaftServerConfigKeys (ConfUtils.java:logGet(43)) - raft.server.watch.timeout.denomination = 1s (default)
2019-11-12 22:25:17,012 [ed184682-841a-431b-821d-e4efb86e7b6e@group-AD3E095FAB4F-LeaderElection50] INFO  server.RaftServerConfigKeys (ConfUtils.java:logGet(43)) - raft.server.watch.element-limit = 65536 (default)
2019-11-12 22:25:17,013 [ed184682-841a-431b-821d-e4efb86e7b6e@group-AD3E095FAB4F-LeaderElection50] INFO  server.RaftServerConfigKeys (ConfUtils.java:logGet(43)) - raft.server.log.appender.snapshot.chunk.size.max = 16MB (=16777216) (default)
2019-11-12 22:25:17,013 [ed184682-841a-431b-821d-e4efb86e7b6e@group-AD3E095FAB4F-LeaderElection50] INFO  server.RaftServerConfigKeys (ConfUtils.java:logGet(43)) - raft.server.log.appender.buffer.byte-limit = 33554432 (custom)
2019-11-12 22:25:17,013 [ed184682-841a-431b-821d-e4efb86e7b6e@group-AD3E095FAB4F-LeaderElection50] INFO  server.RaftServerConfigKeys (ConfUtils.java:logGet(43)) - raft.server.log.appender.buffer.element-limit = 1 (custom)
2019-11-12 22:25:17,013 [ed184682-841a-431b-821d-e4efb86e7b6e@group-AD3E095FAB4F-LeaderElection50] INFO  grpc.GrpcConfigKeys$Server (ConfUtils.java:logGet(43)) - raft.grpc.server.leader.outstanding.appends.max = 128 (default)
2019-11-12 22:25:17,013 [ed184682-841a-431b-821d-e4efb86e7b6e@group-AD3E095FAB4F-LeaderElection50] INFO  server.RaftServerConfigKeys (ConfUtils.java:logGet(43)) - raft.server.rpc.request.timeout = 3000ms (default)
2019-11-12 22:25:17,014 [ed184682-841a-431b-821d-e4efb86e7b6e@group-AD3E095FAB4F-LeaderElection50] INFO  server.RaftServerConfigKeys (ConfUtils.java:logGet(43)) - raft.server.log.appender.install.snapshot.enabled = false (custom)
2019-11-12 22:25:17,014 [ed184682-841a-431b-821d-e4efb86e7b6e@group-AD3E095FAB4F-LeaderElection50] WARN  impl.MetricRegistriesImpl (MetricRegistriesImpl.java:lambda$create$1(61)) - First MetricRegistry has been created without registering reporters. You may need to call MetricRegistries.global().addReportRegistration(...) before.
2019-11-12 22:25:17,014 [ed184682-841a-431b-821d-e4efb86e7b6e@group-AD3E095FAB4F-LeaderElection50] INFO  server.RaftServerConfigKeys (ConfUtils.java:logGet(43)) - raft.server.log.appender.snapshot.chunk.size.max = 16MB (=16777216) (default)
2019-11-12 22:25:17,014 [ed184682-841a-431b-821d-e4efb86e7b6e@group-AD3E095FAB4F-LeaderElection50] INFO  server.RaftServerConfigKeys (ConfUtils.java:logGet(43)) - raft.server.log.appender.buffer.byte-limit = 33554432 (custom)
2019-11-12 22:25:17,015 [ed184682-841a-431b-821d-e4efb86e7b6e@group-AD3E095FAB4F-LeaderElection50] INFO  server.RaftServerConfigKeys (ConfUtils.java:logGet(43)) - raft.server.log.appender.buffer.element-limit = 1 (custom)
2019-11-12 22:25:17,015 [ed184682-841a-431b-821d-e4efb86e7b6e@group-AD3E095FAB4F-LeaderElection50] INFO  grpc.GrpcConfigKeys$Server (ConfUtils.java:logGet(43)) - raft.grpc.server.leader.outstanding.appends.max = 128 (default)
2019-11-12 22:25:17,015 [ed184682-841a-431b-821d-e4efb86e7b6e@group-AD3E095FAB4F-LeaderElection50] INFO  server.RaftServerConfigKeys (ConfUtils.java:logGet(43)) - raft.server.rpc.request.timeout = 3000ms (default)
2019-11-12 22:25:17,015 [ed184682-841a-431b-821d-e4efb86e7b6e@group-AD3E095FAB4F-LeaderElection50] INFO  server.RaftServerConfigKeys (ConfUtils.java:logGet(43)) - raft.server.log.appender.install.snapshot.enabled = false (custom)
2019-11-12 22:25:17,015 [ed184682-841a-431b-821d-e4efb86e7b6e@group-AD3E095FAB4F-LeaderElection50] INFO  impl.RoleInfo (RoleInfo.java:updateAndGet(143)) - ed184682-841a-431b-821d-e4efb86e7b6e: start LeaderState
2019-11-12 22:25:17,016 [ed184682-841a-431b-821d-e4efb86e7b6e@group-AD3E095FAB4F-LeaderElection50] INFO  segmented.SegmentedRaftLogWorker (SegmentedRaftLogWorker.java:startLogSegment(385)) - ed184682-841a-431b-821d-e4efb86e7b6e@group-AD3E095FAB4F-SegmentedRaftLogWorker: Starting segment from index:0
2019-11-12 22:25:17,016 [ed184682-841a-431b-821d-e4efb86e7b6e@group-AD3E095FAB4F-LeaderElection50] INFO  impl.RaftServerImpl (ServerState.java:setRaftConf(356)) - ed184682-841a-431b-821d-e4efb86e7b6e@group-AD3E095FAB4F: set configuration 0: [ed184682-841a-431b-821d-e4efb86e7b6e:192.168.157.210:40829, cc8f8d42-1b01-4431-8c29-b671ab5a5551:192.168.157.210:40886, fed2bd94-bbf4-4593-9887-7c07c070d07d:192.168.157.210:37620], old=null at 0
2019-11-12 22:25:17,042 [Thread-1681] INFO  impl.FollowerState (FollowerState.java:run(111)) - e1630cc0-82e2-4757-a0ff-1e5aa97f4a82@group-261A64FC1E5A-FollowerState: change to CANDIDATE, lastRpcTime:1052ms, electionTimeout:1045ms
2019-11-12 22:25:17,049 [Thread-1681] INFO  impl.RoleInfo (RoleInfo.java:shutdownFollowerState(121)) - e1630cc0-82e2-4757-a0ff-1e5aa97f4a82: shutdown FollowerState
2019-11-12 22:25:17,049 [Thread-1681] INFO  impl.RaftServerImpl (RaftServerImpl.java:setRole(173)) - e1630cc0-82e2-4757-a0ff-1e5aa97f4a82@group-261A64FC1E5A: changes role from  FOLLOWER to CANDIDATE at term 0 for changeToCandidate
2019-11-12 22:25:17,049 [Thread-1681] INFO  impl.RoleInfo (RoleInfo.java:updateAndGet(143)) - e1630cc0-82e2-4757-a0ff-1e5aa97f4a82: start LeaderElection
2019-11-12 22:25:17,056 [grpc-default-executor-3] INFO  ratis.XceiverServerRatis (XceiverServerRatis.java:handleLeaderChangedNotification(697)) - Leader change notification received for group: group-AD3E095FAB4F with new leaderId: ed184682-841a-431b-821d-e4efb86e7b6e
2019-11-12 22:25:17,058 [grpc-default-executor-2] INFO  ratis.XceiverServerRatis (XceiverServerRatis.java:handleLeaderChangedNotification(697)) - Leader change notification received for group: group-AD3E095FAB4F with new leaderId: ed184682-841a-431b-821d-e4efb86e7b6e
2019-11-12 22:25:17,058 [grpc-default-executor-3] INFO  impl.RaftServerImpl (ServerState.java:setLeader(255)) - cc8f8d42-1b01-4431-8c29-b671ab5a5551@group-AD3E095FAB4F: change Leader from null to ed184682-841a-431b-821d-e4efb86e7b6e at term 1 for appendEntries, leader elected after 1153ms
2019-11-12 22:25:17,058 [grpc-default-executor-2] INFO  impl.RaftServerImpl (ServerState.java:setLeader(255)) - fed2bd94-bbf4-4593-9887-7c07c070d07d@group-AD3E095FAB4F: change Leader from null to ed184682-841a-431b-821d-e4efb86e7b6e at term 1 for appendEntries, leader elected after 1154ms
2019-11-12 22:25:17,061 [grpc-default-executor-3] INFO  impl.RaftServerImpl (ServerState.java:setRaftConf(356)) - fed2bd94-bbf4-4593-9887-7c07c070d07d@group-AD3E095FAB4F: set configuration 0: [ed184682-841a-431b-821d-e4efb86e7b6e:192.168.157.210:40829, cc8f8d42-1b01-4431-8c29-b671ab5a5551:192.168.157.210:40886, fed2bd94-bbf4-4593-9887-7c07c070d07d:192.168.157.210:37620], old=null at 0
2019-11-12 22:25:17,061 [grpc-default-executor-3] INFO  segmented.SegmentedRaftLogWorker (SegmentedRaftLogWorker.java:startLogSegment(385)) - fed2bd94-bbf4-4593-9887-7c07c070d07d@group-AD3E095FAB4F-SegmentedRaftLogWorker: Starting segment from index:0
2019-11-12 22:25:17,062 [grpc-default-executor-2] INFO  impl.RaftServerImpl (ServerState.java:setRaftConf(356)) - cc8f8d42-1b01-4431-8c29-b671ab5a5551@group-AD3E095FAB4F: set configuration 0: [ed184682-841a-431b-821d-e4efb86e7b6e:192.168.157.210:40829, cc8f8d42-1b01-4431-8c29-b671ab5a5551:192.168.157.210:40886, fed2bd94-bbf4-4593-9887-7c07c070d07d:192.168.157.210:37620], old=null at 0
2019-11-12 22:25:17,062 [grpc-default-executor-2] INFO  segmented.SegmentedRaftLogWorker (SegmentedRaftLogWorker.java:startLogSegment(385)) - cc8f8d42-1b01-4431-8c29-b671ab5a5551@group-AD3E095FAB4F-SegmentedRaftLogWorker: Starting segment from index:0
2019-11-12 22:25:17,072 [ed184682-841a-431b-821d-e4efb86e7b6e@group-AD3E095FAB4F-SegmentedRaftLogWorker] INFO  segmented.SegmentedRaftLogWorker (SegmentedRaftLogWorker.java:execute(576)) - ed184682-841a-431b-821d-e4efb86e7b6e@group-AD3E095FAB4F-SegmentedRaftLogWorker: created new log segment /workdir/hadoop-ozone/integration-test/target/test-dir/MiniOzoneClusterImpl-49cde4fa-0f5c-485a-80e4-a10b14a740d7/datanode-0/data/ratis/f6de3f57-1a33-45c5-ae6b-ad3e095fab4f/current/log_inprogress_0
2019-11-12 22:25:17,072 [e1630cc0-82e2-4757-a0ff-1e5aa97f4a82@group-261A64FC1E5A-LeaderElection51] INFO  impl.LeaderElection (LeaderElection.java:askForVotes(178)) - e1630cc0-82e2-4757-a0ff-1e5aa97f4a82@group-261A64FC1E5A-LeaderElection51: begin an election at term 1 for -1: [e1630cc0-82e2-4757-a0ff-1e5aa97f4a82:192.168.157.210:46723, 36ba2c4b-fd66-4a0d-bee3-710bbe72aafc:192.168.157.210:42115, 124b1436-2dec-4708-9bef-ac97c435ef9a:192.168.157.210:33855], old=null
2019-11-12 22:25:17,108 [grpc-default-executor-3] INFO  impl.RaftServerImpl (RaftServerImpl.java:setRole(173)) - 124b1436-2dec-4708-9bef-ac97c435ef9a@group-261A64FC1E5A: changes role from  FOLLOWER to FOLLOWER at term 1 for recognizeCandidate:e1630cc0-82e2-4757-a0ff-1e5aa97f4a82
2019-11-12 22:25:17,109 [grpc-default-executor-3] INFO  impl.RoleInfo (RoleInfo.java:shutdownFollowerState(121)) - 124b1436-2dec-4708-9bef-ac97c435ef9a: shutdown FollowerState
2019-11-12 22:25:17,108 [grpc-default-executor-2] INFO  impl.RaftServerImpl (RaftServerImpl.java:setRole(173)) - 36ba2c4b-fd66-4a0d-bee3-710bbe72aafc@group-261A64FC1E5A: changes role from  FOLLOWER to FOLLOWER at term 1 for recognizeCandidate:e1630cc0-82e2-4757-a0ff-1e5aa97f4a82
2019-11-12 22:25:17,109 [grpc-default-executor-2] INFO  impl.RoleInfo (RoleInfo.java:shutdownFollowerState(121)) - 36ba2c4b-fd66-4a0d-bee3-710bbe72aafc: shutdown FollowerState
2019-11-12 22:25:17,109 [grpc-default-executor-2] INFO  impl.RoleInfo (RoleInfo.java:updateAndGet(143)) - 36ba2c4b-fd66-4a0d-bee3-710bbe72aafc: start FollowerState
2019-11-12 22:25:17,109 [Thread-1682] INFO  impl.FollowerState (FollowerState.java:run(120)) - 124b1436-2dec-4708-9bef-ac97c435ef9a@group-261A64FC1E5A-FollowerState was interrupted: java.lang.InterruptedException: sleep interrupted
2019-11-12 22:25:17,109 [grpc-default-executor-3] INFO  impl.RoleInfo (RoleInfo.java:updateAndGet(143)) - 124b1436-2dec-4708-9bef-ac97c435ef9a: start FollowerState
2019-11-12 22:25:17,109 [Thread-1677] INFO  impl.FollowerState (FollowerState.java:run(120)) - 36ba2c4b-fd66-4a0d-bee3-710bbe72aafc@group-261A64FC1E5A-FollowerState was interrupted: java.lang.InterruptedException: sleep interrupted
2019-11-12 22:25:17,117 [cc8f8d42-1b01-4431-8c29-b671ab5a5551@group-AD3E095FAB4F-SegmentedRaftLogWorker] INFO  segmented.SegmentedRaftLogWorker (SegmentedRaftLogWorker.java:execute(576)) - cc8f8d42-1b01-4431-8c29-b671ab5a5551@group-AD3E095FAB4F-SegmentedRaftLogWorker: created new log segment /workdir/hadoop-ozone/integration-test/target/test-dir/MiniOzoneClusterImpl-49cde4fa-0f5c-485a-80e4-a10b14a740d7/datanode-2/data/ratis/f6de3f57-1a33-45c5-ae6b-ad3e095fab4f/current/log_inprogress_0
2019-11-12 22:25:17,117 [fed2bd94-bbf4-4593-9887-7c07c070d07d@group-AD3E095FAB4F-SegmentedRaftLogWorker] INFO  segmented.SegmentedRaftLogWorker (SegmentedRaftLogWorker.java:execute(576)) - fed2bd94-bbf4-4593-9887-7c07c070d07d@group-AD3E095FAB4F-SegmentedRaftLogWorker: created new log segment /workdir/hadoop-ozone/integration-test/target/test-dir/MiniOzoneClusterImpl-49cde4fa-0f5c-485a-80e4-a10b14a740d7/datanode-1/data/ratis/f6de3f57-1a33-45c5-ae6b-ad3e095fab4f/current/log_inprogress_0
2019-11-12 22:25:17,118 [e1630cc0-82e2-4757-a0ff-1e5aa97f4a82@group-261A64FC1E5A-LeaderElection51] INFO  impl.LeaderElection (LeaderElection.java:logAndReturn(56)) - e1630cc0-82e2-4757-a0ff-1e5aa97f4a82@group-261A64FC1E5A-LeaderElection51: Election PASSED; received 1 response(s) [e1630cc0-82e2-4757-a0ff-1e5aa97f4a82<-36ba2c4b-fd66-4a0d-bee3-710bbe72aafc#0:OK-t1] and 0 exception(s); e1630cc0-82e2-4757-a0ff-1e5aa97f4a82@group-261A64FC1E5A:t1, leader=null, voted=e1630cc0-82e2-4757-a0ff-1e5aa97f4a82, raftlog=e1630cc0-82e2-4757-a0ff-1e5aa97f4a82@group-261A64FC1E5A-SegmentedRaftLog:OPENED:c-1,f-1,i0, conf=-1: [e1630cc0-82e2-4757-a0ff-1e5aa97f4a82:192.168.157.210:46723, 36ba2c4b-fd66-4a0d-bee3-710bbe72aafc:192.168.157.210:42115, 124b1436-2dec-4708-9bef-ac97c435ef9a:192.168.157.210:33855], old=null
2019-11-12 22:25:17,118 [e1630cc0-82e2-4757-a0ff-1e5aa97f4a82@group-261A64FC1E5A-LeaderElection51] INFO  impl.RoleInfo (RoleInfo.java:shutdownLeaderElection(134)) - e1630cc0-82e2-4757-a0ff-1e5aa97f4a82: shutdown LeaderElection
2019-11-12 22:25:17,118 [e1630cc0-82e2-4757-a0ff-1e5aa97f4a82@group-261A64FC1E5A-LeaderElection51] INFO  impl.RaftServerImpl (RaftServerImpl.java:setRole(173)) - e1630cc0-82e2-4757-a0ff-1e5aa97f4a82@group-261A64FC1E5A: changes role from CANDIDATE to LEADER at term 1 for changeToLeader
2019-11-12 22:25:17,118 [e1630cc0-82e2-4757-a0ff-1e5aa97f4a82@group-261A64FC1E5A-LeaderElection51] INFO  ratis.XceiverServerRatis (XceiverServerRatis.java:handleLeaderChangedNotification(697)) - Leader change notification received for group: group-261A64FC1E5A with new leaderId: e1630cc0-82e2-4757-a0ff-1e5aa97f4a82
2019-11-12 22:25:17,119 [e1630cc0-82e2-4757-a0ff-1e5aa97f4a82@group-261A64FC1E5A-LeaderElection51] INFO  impl.RaftServerImpl (ServerState.java:setLeader(255)) - e1630cc0-82e2-4757-a0ff-1e5aa97f4a82@group-261A64FC1E5A: change Leader from null to e1630cc0-82e2-4757-a0ff-1e5aa97f4a82 at term 1 for becomeLeader, leader elected after 1138ms
2019-11-12 22:25:17,119 [e1630cc0-82e2-4757-a0ff-1e5aa97f4a82@group-261A64FC1E5A-LeaderElection51] INFO  server.RaftServerConfigKeys (ConfUtils.java:logGet(43)) - raft.server.staging.catchup.gap = 1000 (default)
2019-11-12 22:25:17,119 [e1630cc0-82e2-4757-a0ff-1e5aa97f4a82@group-261A64FC1E5A-LeaderElection51] INFO  server.RaftServerConfigKeys (ConfUtils.java:logGet(43)) - raft.server.rpc.sleep.time = 25ms (default)
2019-11-12 22:25:17,119 [e1630cc0-82e2-4757-a0ff-1e5aa97f4a82@group-261A64FC1E5A-LeaderElection51] INFO  server.RaftServerConfigKeys (ConfUtils.java:logGet(43)) - raft.server.write.element-limit = 4096 (default)
2019-11-12 22:25:17,119 [e1630cc0-82e2-4757-a0ff-1e5aa97f4a82@group-261A64FC1E5A-LeaderElection51] INFO  server.RaftServerConfigKeys (ConfUtils.java:logGet(43)) - raft.server.watch.timeout = 10s (default)
2019-11-12 22:25:17,119 [e1630cc0-82e2-4757-a0ff-1e5aa97f4a82@group-261A64FC1E5A-LeaderElection51] INFO  server.RaftServerConfigKeys (ConfUtils.java:logGet(43)) - raft.server.watch.timeout.denomination = 1s (default)
2019-11-12 22:25:17,119 [e1630cc0-82e2-4757-a0ff-1e5aa97f4a82@group-261A64FC1E5A-LeaderElection51] INFO  server.RaftServerConfigKeys (ConfUtils.java:logGet(43)) - raft.server.watch.element-limit = 65536 (default)
2019-11-12 22:25:17,120 [EventQueue-PipelineReportForPipelineReportHandler] INFO  pipeline.PipelineStateManager (PipelineStateManager.java:openPipeline(134)) - Pipeline Pipeline[ Id: 13367a24-ab6b-45ce-9ed5-261a64fc1e5a, Nodes: 36ba2c4b-fd66-4a0d-bee3-710bbe72aafc{ip: 192.168.157.210, host: pr-hdds-2463-z4974-865879084, networkLocation: /default-rack, certSerialId: null}e1630cc0-82e2-4757-a0ff-1e5aa97f4a82{ip: 192.168.157.210, host: pr-hdds-2463-z4974-865879084, networkLocation: /default-rack, certSerialId: null}124b1436-2dec-4708-9bef-ac97c435ef9a{ip: 192.168.157.210, host: pr-hdds-2463-z4974-865879084, networkLocation: /default-rack, certSerialId: null}, Type:RATIS, Factor:THREE, State:OPEN] moved to OPEN state
2019-11-12 22:25:17,120 [e1630cc0-82e2-4757-a0ff-1e5aa97f4a82@group-261A64FC1E5A-LeaderElection51] INFO  server.RaftServerConfigKeys (ConfUtils.java:logGet(43)) - raft.server.log.appender.snapshot.chunk.size.max = 16MB (=16777216) (default)
2019-11-12 22:25:17,123 [e1630cc0-82e2-4757-a0ff-1e5aa97f4a82@group-261A64FC1E5A-LeaderElection51] INFO  server.RaftServerConfigKeys (ConfUtils.java:logGet(43)) - raft.server.log.appender.buffer.byte-limit = 33554432 (custom)
2019-11-12 22:25:17,123 [e1630cc0-82e2-4757-a0ff-1e5aa97f4a82@group-261A64FC1E5A-LeaderElection51] INFO  server.RaftServerConfigKeys (ConfUtils.java:logGet(43)) - raft.server.log.appender.buffer.element-limit = 1 (custom)
2019-11-12 22:25:17,124 [e1630cc0-82e2-4757-a0ff-1e5aa97f4a82@group-261A64FC1E5A-LeaderElection51] INFO  grpc.GrpcConfigKeys$Server (ConfUtils.java:logGet(43)) - raft.grpc.server.leader.outstanding.appends.max = 128 (default)
2019-11-12 22:25:17,124 [e1630cc0-82e2-4757-a0ff-1e5aa97f4a82@group-261A64FC1E5A-LeaderElection51] INFO  server.RaftServerConfigKeys (ConfUtils.java:logGet(43)) - raft.server.rpc.request.timeout = 3000ms (default)
2019-11-12 22:25:17,124 [e1630cc0-82e2-4757-a0ff-1e5aa97f4a82@group-261A64FC1E5A-LeaderElection51] INFO  server.RaftServerConfigKeys (ConfUtils.java:logGet(43)) - raft.server.log.appender.install.snapshot.enabled = false (custom)
2019-11-12 22:25:17,124 [e1630cc0-82e2-4757-a0ff-1e5aa97f4a82@group-261A64FC1E5A-LeaderElection51] WARN  impl.MetricRegistriesImpl (MetricRegistriesImpl.java:lambda$create$1(61)) - First MetricRegistry has been created without registering reporters. You may need to call MetricRegistries.global().addReportRegistration(...) before.
2019-11-12 22:25:17,124 [e1630cc0-82e2-4757-a0ff-1e5aa97f4a82@group-261A64FC1E5A-LeaderElection51] INFO  server.RaftServerConfigKeys (ConfUtils.java:logGet(43)) - raft.server.log.appender.snapshot.chunk.size.max = 16MB (=16777216) (default)
2019-11-12 22:25:17,124 [e1630cc0-82e2-4757-a0ff-1e5aa97f4a82@group-261A64FC1E5A-LeaderElection51] INFO  server.RaftServerConfigKeys (ConfUtils.java:logGet(43)) - raft.server.log.appender.buffer.byte-limit = 33554432 (custom)
2019-11-12 22:25:17,125 [e1630cc0-82e2-4757-a0ff-1e5aa97f4a82@group-261A64FC1E5A-LeaderElection51] INFO  server.RaftServerConfigKeys (ConfUtils.java:logGet(43)) - raft.server.log.appender.buffer.element-limit = 1 (custom)
2019-11-12 22:25:17,125 [e1630cc0-82e2-4757-a0ff-1e5aa97f4a82@group-261A64FC1E5A-LeaderElection51] INFO  grpc.GrpcConfigKeys$Server (ConfUtils.java:logGet(43)) - raft.grpc.server.leader.outstanding.appends.max = 128 (default)
2019-11-12 22:25:17,125 [e1630cc0-82e2-4757-a0ff-1e5aa97f4a82@group-261A64FC1E5A-LeaderElection51] INFO  server.RaftServerConfigKeys (ConfUtils.java:logGet(43)) - raft.server.rpc.request.timeout = 3000ms (default)
2019-11-12 22:25:17,125 [e1630cc0-82e2-4757-a0ff-1e5aa97f4a82@group-261A64FC1E5A-LeaderElection51] INFO  server.RaftServerConfigKeys (ConfUtils.java:logGet(43)) - raft.server.log.appender.install.snapshot.enabled = false (custom)
2019-11-12 22:25:17,125 [e1630cc0-82e2-4757-a0ff-1e5aa97f4a82@group-261A64FC1E5A-LeaderElection51] INFO  impl.RoleInfo (RoleInfo.java:updateAndGet(143)) - e1630cc0-82e2-4757-a0ff-1e5aa97f4a82: start LeaderState
2019-11-12 22:25:17,125 [e1630cc0-82e2-4757-a0ff-1e5aa97f4a82@group-261A64FC1E5A-LeaderElection51] INFO  segmented.SegmentedRaftLogWorker (SegmentedRaftLogWorker.java:startLogSegment(385)) - e1630cc0-82e2-4757-a0ff-1e5aa97f4a82@group-261A64FC1E5A-SegmentedRaftLogWorker: Starting segment from index:0
2019-11-12 22:25:17,127 [e1630cc0-82e2-4757-a0ff-1e5aa97f4a82@group-261A64FC1E5A-LeaderElection51] INFO  impl.RaftServerImpl (ServerState.java:setRaftConf(356)) - e1630cc0-82e2-4757-a0ff-1e5aa97f4a82@group-261A64FC1E5A: set configuration 0: [e1630cc0-82e2-4757-a0ff-1e5aa97f4a82:192.168.157.210:46723, 36ba2c4b-fd66-4a0d-bee3-710bbe72aafc:192.168.157.210:42115, 124b1436-2dec-4708-9bef-ac97c435ef9a:192.168.157.210:33855], old=null at 0
2019-11-12 22:25:17,127 [grpc-default-executor-2] INFO  ratis.XceiverServerRatis (XceiverServerRatis.java:handleLeaderChangedNotification(697)) - Leader change notification received for group: group-261A64FC1E5A with new leaderId: e1630cc0-82e2-4757-a0ff-1e5aa97f4a82
2019-11-12 22:25:17,149 [grpc-default-executor-2] INFO  impl.RaftServerImpl (ServerState.java:setLeader(255)) - 36ba2c4b-fd66-4a0d-bee3-710bbe72aafc@group-261A64FC1E5A: change Leader from null to e1630cc0-82e2-4757-a0ff-1e5aa97f4a82 at term 1 for appendEntries, leader elected after 1147ms
2019-11-12 22:25:17,152 [grpc-default-executor-2] INFO  ratis.XceiverServerRatis (XceiverServerRatis.java:handleLeaderChangedNotification(697)) - Leader change notification received for group: group-261A64FC1E5A with new leaderId: e1630cc0-82e2-4757-a0ff-1e5aa97f4a82
2019-11-12 22:25:17,152 [grpc-default-executor-2] INFO  impl.RaftServerImpl (ServerState.java:setLeader(255)) - 124b1436-2dec-4708-9bef-ac97c435ef9a@group-261A64FC1E5A: change Leader from null to e1630cc0-82e2-4757-a0ff-1e5aa97f4a82 at term 1 for appendEntries, leader elected after 1171ms
2019-11-12 22:25:17,153 [grpc-default-executor-1] INFO  impl.RaftServerImpl (ServerState.java:setRaftConf(356)) - 36ba2c4b-fd66-4a0d-bee3-710bbe72aafc@group-261A64FC1E5A: set configuration 0: [e1630cc0-82e2-4757-a0ff-1e5aa97f4a82:192.168.157.210:46723, 36ba2c4b-fd66-4a0d-bee3-710bbe72aafc:192.168.157.210:42115, 124b1436-2dec-4708-9bef-ac97c435ef9a:192.168.157.210:33855], old=null at 0
2019-11-12 22:25:17,153 [grpc-default-executor-1] INFO  segmented.SegmentedRaftLogWorker (SegmentedRaftLogWorker.java:startLogSegment(385)) - 36ba2c4b-fd66-4a0d-bee3-710bbe72aafc@group-261A64FC1E5A-SegmentedRaftLogWorker: Starting segment from index:0
2019-11-12 22:25:17,153 [grpc-default-executor-2] INFO  impl.RaftServerImpl (ServerState.java:setRaftConf(356)) - 124b1436-2dec-4708-9bef-ac97c435ef9a@group-261A64FC1E5A: set configuration 0: [e1630cc0-82e2-4757-a0ff-1e5aa97f4a82:192.168.157.210:46723, 36ba2c4b-fd66-4a0d-bee3-710bbe72aafc:192.168.157.210:42115, 124b1436-2dec-4708-9bef-ac97c435ef9a:192.168.157.210:33855], old=null at 0
2019-11-12 22:25:17,153 [grpc-default-executor-2] INFO  segmented.SegmentedRaftLogWorker (SegmentedRaftLogWorker.java:startLogSegment(385)) - 124b1436-2dec-4708-9bef-ac97c435ef9a@group-261A64FC1E5A-SegmentedRaftLogWorker: Starting segment from index:0
2019-11-12 22:25:17,161 [e1630cc0-82e2-4757-a0ff-1e5aa97f4a82@group-261A64FC1E5A-SegmentedRaftLogWorker] INFO  segmented.SegmentedRaftLogWorker (SegmentedRaftLogWorker.java:execute(576)) - e1630cc0-82e2-4757-a0ff-1e5aa97f4a82@group-261A64FC1E5A-SegmentedRaftLogWorker: created new log segment /workdir/hadoop-ozone/integration-test/target/test-dir/MiniOzoneClusterImpl-49cde4fa-0f5c-485a-80e4-a10b14a740d7/datanode-3/data/ratis/13367a24-ab6b-45ce-9ed5-261a64fc1e5a/current/log_inprogress_0
2019-11-12 22:25:17,212 [Thread-1689] INFO  impl.FollowerState (FollowerState.java:run(111)) - 124b1436-2dec-4708-9bef-ac97c435ef9a@group-C0ECA7801378-FollowerState: change to CANDIDATE, lastRpcTime:1072ms, electionTimeout:1072ms
2019-11-12 22:25:17,212 [Thread-1689] INFO  impl.RoleInfo (RoleInfo.java:shutdownFollowerState(121)) - 124b1436-2dec-4708-9bef-ac97c435ef9a: shutdown FollowerState
2019-11-12 22:25:17,212 [Thread-1689] INFO  impl.RaftServerImpl (RaftServerImpl.java:setRole(173)) - 124b1436-2dec-4708-9bef-ac97c435ef9a@group-C0ECA7801378: changes role from  FOLLOWER to CANDIDATE at term 0 for changeToCandidate
2019-11-12 22:25:17,212 [Thread-1689] INFO  impl.RoleInfo (RoleInfo.java:updateAndGet(143)) - 124b1436-2dec-4708-9bef-ac97c435ef9a: start LeaderElection
2019-11-12 22:25:17,220 [Thread-1686] INFO  impl.FollowerState (FollowerState.java:run(111)) - 36ba2c4b-fd66-4a0d-bee3-710bbe72aafc@group-02E36150F2FB-FollowerState: change to CANDIDATE, lastRpcTime:1158ms, electionTimeout:1158ms
2019-11-12 22:25:17,220 [Thread-1686] INFO  impl.RoleInfo (RoleInfo.java:shutdownFollowerState(121)) - 36ba2c4b-fd66-4a0d-bee3-710bbe72aafc: shutdown FollowerState
2019-11-12 22:25:17,220 [Thread-1686] INFO  impl.RaftServerImpl (RaftServerImpl.java:setRole(173)) - 36ba2c4b-fd66-4a0d-bee3-710bbe72aafc@group-02E36150F2FB: changes role from  FOLLOWER to CANDIDATE at term 0 for changeToCandidate
2019-11-12 22:25:17,220 [Thread-1686] INFO  impl.RoleInfo (RoleInfo.java:updateAndGet(143)) - 36ba2c4b-fd66-4a0d-bee3-710bbe72aafc: start LeaderElection
2019-11-12 22:25:17,230 [124b1436-2dec-4708-9bef-ac97c435ef9a@group-261A64FC1E5A-SegmentedRaftLogWorker] INFO  segmented.SegmentedRaftLogWorker (SegmentedRaftLogWorker.java:execute(576)) - 124b1436-2dec-4708-9bef-ac97c435ef9a@group-261A64FC1E5A-SegmentedRaftLogWorker: created new log segment /workdir/hadoop-ozone/integration-test/target/test-dir/MiniOzoneClusterImpl-49cde4fa-0f5c-485a-80e4-a10b14a740d7/datanode-4/data/ratis/13367a24-ab6b-45ce-9ed5-261a64fc1e5a/current/log_inprogress_0
2019-11-12 22:25:17,230 [36ba2c4b-fd66-4a0d-bee3-710bbe72aafc@group-261A64FC1E5A-SegmentedRaftLogWorker] INFO  segmented.SegmentedRaftLogWorker (SegmentedRaftLogWorker.java:execute(576)) - 36ba2c4b-fd66-4a0d-bee3-710bbe72aafc@group-261A64FC1E5A-SegmentedRaftLogWorker: created new log segment /workdir/hadoop-ozone/integration-test/target/test-dir/MiniOzoneClusterImpl-49cde4fa-0f5c-485a-80e4-a10b14a740d7/datanode-5/data/ratis/13367a24-ab6b-45ce-9ed5-261a64fc1e5a/current/log_inprogress_0
2019-11-12 22:25:17,252 [36ba2c4b-fd66-4a0d-bee3-710bbe72aafc@group-02E36150F2FB-LeaderElection53] INFO  impl.LeaderElection (LeaderElection.java:askForVotes(178)) - 36ba2c4b-fd66-4a0d-bee3-710bbe72aafc@group-02E36150F2FB-LeaderElection53: begin an election at term 1 for -1: [36ba2c4b-fd66-4a0d-bee3-710bbe72aafc:192.168.157.210:42115], old=null
2019-11-12 22:25:17,252 [124b1436-2dec-4708-9bef-ac97c435ef9a@group-C0ECA7801378-LeaderElection52] INFO  impl.LeaderElection (LeaderElection.java:askForVotes(178)) - 124b1436-2dec-4708-9bef-ac97c435ef9a@group-C0ECA7801378-LeaderElection52: begin an election at term 1 for -1: [124b1436-2dec-4708-9bef-ac97c435ef9a:192.168.157.210:33855], old=null
2019-11-12 22:25:17,252 [36ba2c4b-fd66-4a0d-bee3-710bbe72aafc@group-02E36150F2FB-LeaderElection53] INFO  impl.RoleInfo (RoleInfo.java:shutdownLeaderElection(134)) - 36ba2c4b-fd66-4a0d-bee3-710bbe72aafc: shutdown LeaderElection
2019-11-12 22:25:17,252 [124b1436-2dec-4708-9bef-ac97c435ef9a@group-C0ECA7801378-LeaderElection52] INFO  impl.RoleInfo (RoleInfo.java:shutdownLeaderElection(134)) - 124b1436-2dec-4708-9bef-ac97c435ef9a: shutdown LeaderElection
2019-11-12 22:25:17,252 [36ba2c4b-fd66-4a0d-bee3-710bbe72aafc@group-02E36150F2FB-LeaderElection53] INFO  impl.RaftServerImpl (RaftServerImpl.java:setRole(173)) - 36ba2c4b-fd66-4a0d-bee3-710bbe72aafc@group-02E36150F2FB: changes role from CANDIDATE to LEADER at term 1 for changeToLeader
2019-11-12 22:25:17,252 [124b1436-2dec-4708-9bef-ac97c435ef9a@group-C0ECA7801378-LeaderElection52] INFO  impl.RaftServerImpl (RaftServerImpl.java:setRole(173)) - 124b1436-2dec-4708-9bef-ac97c435ef9a@group-C0ECA7801378: changes role from CANDIDATE to LEADER at term 1 for changeToLeader
2019-11-12 22:25:17,252 [36ba2c4b-fd66-4a0d-bee3-710bbe72aafc@group-02E36150F2FB-LeaderElection53] INFO  ratis.XceiverServerRatis (XceiverServerRatis.java:handleLeaderChangedNotification(697)) - Leader change notification received for group: group-02E36150F2FB with new leaderId: 36ba2c4b-fd66-4a0d-bee3-710bbe72aafc
2019-11-12 22:25:17,252 [124b1436-2dec-4708-9bef-ac97c435ef9a@group-C0ECA7801378-LeaderElection52] INFO  ratis.XceiverServerRatis (XceiverServerRatis.java:handleLeaderChangedNotification(697)) - Leader change notification received for group: group-C0ECA7801378 with new leaderId: 124b1436-2dec-4708-9bef-ac97c435ef9a
2019-11-12 22:25:17,253 [36ba2c4b-fd66-4a0d-bee3-710bbe72aafc@group-02E36150F2FB-LeaderElection53] INFO  impl.RaftServerImpl (ServerState.java:setLeader(255)) - 36ba2c4b-fd66-4a0d-bee3-710bbe72aafc@group-02E36150F2FB: change Leader from null to 36ba2c4b-fd66-4a0d-bee3-710bbe72aafc at term 1 for becomeLeader, leader elected after 1195ms
2019-11-12 22:25:17,253 [124b1436-2dec-4708-9bef-ac97c435ef9a@group-C0ECA7801378-LeaderElection52] INFO  impl.RaftServerImpl (ServerState.java:setLeader(255)) - 124b1436-2dec-4708-9bef-ac97c435ef9a@group-C0ECA7801378: change Leader from null to 124b1436-2dec-4708-9bef-ac97c435ef9a at term 1 for becomeLeader, leader elected after 1117ms
2019-11-12 22:25:17,253 [36ba2c4b-fd66-4a0d-bee3-710bbe72aafc@group-02E36150F2FB-LeaderElection53] INFO  server.RaftServerConfigKeys (ConfUtils.java:logGet(43)) - raft.server.staging.catchup.gap = 1000 (default)
2019-11-12 22:25:17,255 [124b1436-2dec-4708-9bef-ac97c435ef9a@group-C0ECA7801378-LeaderElection52] INFO  server.RaftServerConfigKeys (ConfUtils.java:logGet(43)) - raft.server.staging.catchup.gap = 1000 (default)
2019-11-12 22:25:17,255 [36ba2c4b-fd66-4a0d-bee3-710bbe72aafc@group-02E36150F2FB-LeaderElection53] INFO  server.RaftServerConfigKeys (ConfUtils.java:logGet(43)) - raft.server.rpc.sleep.time = 25ms (default)
2019-11-12 22:25:17,256 [EventQueue-PipelineReportForPipelineReportHandler] INFO  pipeline.PipelineStateManager (PipelineStateManager.java:openPipeline(134)) - Pipeline Pipeline[ Id: 8806ede0-3ba1-4d0d-ba8b-c0eca7801378, Nodes: 124b1436-2dec-4708-9bef-ac97c435ef9a{ip: 192.168.157.210, host: pr-hdds-2463-z4974-865879084, networkLocation: /default-rack, certSerialId: null}, Type:RATIS, Factor:ONE, State:OPEN] moved to OPEN state
2019-11-12 22:25:17,255 [124b1436-2dec-4708-9bef-ac97c435ef9a@group-C0ECA7801378-LeaderElection52] INFO  server.RaftServerConfigKeys (ConfUtils.java:logGet(43)) - raft.server.rpc.sleep.time = 25ms (default)
2019-11-12 22:25:17,256 [36ba2c4b-fd66-4a0d-bee3-710bbe72aafc@group-02E36150F2FB-LeaderElection53] INFO  server.RaftServerConfigKeys (ConfUtils.java:logGet(43)) - raft.server.write.element-limit = 4096 (default)
2019-11-12 22:25:17,256 [124b1436-2dec-4708-9bef-ac97c435ef9a@group-C0ECA7801378-LeaderElection52] INFO  server.RaftServerConfigKeys (ConfUtils.java:logGet(43)) - raft.server.write.element-limit = 4096 (default)
2019-11-12 22:25:17,256 [EventQueue-PipelineReportForPipelineReportHandler] INFO  pipeline.PipelineStateManager (PipelineStateManager.java:openPipeline(134)) - Pipeline Pipeline[ Id: 366838d8-8666-49c6-8653-02e36150f2fb, Nodes: 36ba2c4b-fd66-4a0d-bee3-710bbe72aafc{ip: 192.168.157.210, host: pr-hdds-2463-z4974-865879084, networkLocation: /default-rack, certSerialId: null}, Type:RATIS, Factor:ONE, State:OPEN] moved to OPEN state
2019-11-12 22:25:17,257 [124b1436-2dec-4708-9bef-ac97c435ef9a@group-C0ECA7801378-LeaderElection52] INFO  server.RaftServerConfigKeys (ConfUtils.java:logGet(43)) - raft.server.watch.timeout = 10s (default)
2019-11-12 22:25:17,256 [36ba2c4b-fd66-4a0d-bee3-710bbe72aafc@group-02E36150F2FB-LeaderElection53] INFO  server.RaftServerConfigKeys (ConfUtils.java:logGet(43)) - raft.server.watch.timeout = 10s (default)
2019-11-12 22:25:17,257 [124b1436-2dec-4708-9bef-ac97c435ef9a@group-C0ECA7801378-LeaderElection52] INFO  server.RaftServerConfigKeys (ConfUtils.java:logGet(43)) - raft.server.watch.timeout.denomination = 1s (default)
2019-11-12 22:25:17,257 [36ba2c4b-fd66-4a0d-bee3-710bbe72aafc@group-02E36150F2FB-LeaderElection53] INFO  server.RaftServerConfigKeys (ConfUtils.java:logGet(43)) - raft.server.watch.timeout.denomination = 1s (default)
2019-11-12 22:25:17,257 [124b1436-2dec-4708-9bef-ac97c435ef9a@group-C0ECA7801378-LeaderElection52] INFO  server.RaftServerConfigKeys (ConfUtils.java:logGet(43)) - raft.server.watch.element-limit = 65536 (default)
2019-11-12 22:25:17,257 [36ba2c4b-fd66-4a0d-bee3-710bbe72aafc@group-02E36150F2FB-LeaderElection53] INFO  server.RaftServerConfigKeys (ConfUtils.java:logGet(43)) - raft.server.watch.element-limit = 65536 (default)
2019-11-12 22:25:17,257 [124b1436-2dec-4708-9bef-ac97c435ef9a@group-C0ECA7801378-LeaderElection52] INFO  impl.RoleInfo (RoleInfo.java:updateAndGet(143)) - 124b1436-2dec-4708-9bef-ac97c435ef9a: start LeaderState
2019-11-12 22:25:17,257 [36ba2c4b-fd66-4a0d-bee3-710bbe72aafc@group-02E36150F2FB-LeaderElection53] INFO  impl.RoleInfo (RoleInfo.java:updateAndGet(143)) - 36ba2c4b-fd66-4a0d-bee3-710bbe72aafc: start LeaderState
2019-11-12 22:25:17,258 [124b1436-2dec-4708-9bef-ac97c435ef9a@group-C0ECA7801378-LeaderElection52] INFO  segmented.SegmentedRaftLogWorker (SegmentedRaftLogWorker.java:startLogSegment(385)) - 124b1436-2dec-4708-9bef-ac97c435ef9a@group-C0ECA7801378-SegmentedRaftLogWorker: Starting segment from index:0
2019-11-12 22:25:17,258 [36ba2c4b-fd66-4a0d-bee3-710bbe72aafc@group-02E36150F2FB-LeaderElection53] INFO  segmented.SegmentedRaftLogWorker (SegmentedRaftLogWorker.java:startLogSegment(385)) - 36ba2c4b-fd66-4a0d-bee3-710bbe72aafc@group-02E36150F2FB-SegmentedRaftLogWorker: Starting segment from index:0
2019-11-12 22:25:17,258 [124b1436-2dec-4708-9bef-ac97c435ef9a@group-C0ECA7801378-LeaderElection52] INFO  impl.RaftServerImpl (ServerState.java:setRaftConf(356)) - 124b1436-2dec-4708-9bef-ac97c435ef9a@group-C0ECA7801378: set configuration 0: [124b1436-2dec-4708-9bef-ac97c435ef9a:192.168.157.210:33855], old=null at 0
2019-11-12 22:25:17,260 [36ba2c4b-fd66-4a0d-bee3-710bbe72aafc@group-02E36150F2FB-LeaderElection53] INFO  impl.RaftServerImpl (ServerState.java:setRaftConf(356)) - 36ba2c4b-fd66-4a0d-bee3-710bbe72aafc@group-02E36150F2FB: set configuration 0: [36ba2c4b-fd66-4a0d-bee3-710bbe72aafc:192.168.157.210:42115], old=null at 0
2019-11-12 22:25:17,308 [36ba2c4b-fd66-4a0d-bee3-710bbe72aafc@group-02E36150F2FB-SegmentedRaftLogWorker] INFO  segmented.SegmentedRaftLogWorker (SegmentedRaftLogWorker.java:execute(576)) - 36ba2c4b-fd66-4a0d-bee3-710bbe72aafc@group-02E36150F2FB-SegmentedRaftLogWorker: created new log segment /workdir/hadoop-ozone/integration-test/target/test-dir/MiniOzoneClusterImpl-49cde4fa-0f5c-485a-80e4-a10b14a740d7/datanode-5/data/ratis/366838d8-8666-49c6-8653-02e36150f2fb/current/log_inprogress_0
2019-11-12 22:25:17,308 [124b1436-2dec-4708-9bef-ac97c435ef9a@group-C0ECA7801378-SegmentedRaftLogWorker] INFO  segmented.SegmentedRaftLogWorker (SegmentedRaftLogWorker.java:execute(576)) - 124b1436-2dec-4708-9bef-ac97c435ef9a@group-C0ECA7801378-SegmentedRaftLogWorker: created new log segment /workdir/hadoop-ozone/integration-test/target/test-dir/MiniOzoneClusterImpl-49cde4fa-0f5c-485a-80e4-a10b14a740d7/datanode-4/data/ratis/8806ede0-3ba1-4d0d-ba8b-c0eca7801378/current/log_inprogress_0
2019-11-12 22:25:17,995 [main] INFO  ozone.MiniOzoneClusterImpl (MiniOzoneClusterImpl.java:lambda$waitForClusterToBeReady$2(171)) - Cluster is ready. Got 6 of 6 DN Heartbeats.
2019-11-12 22:25:18,014 [main] INFO  rpc.RpcClient (RpcClient.java:createVolume(292)) - Creating Volume: datanodefailurehandlingtest, with jenkins1000 as owner.
2019-11-12 22:25:18,017 [IPC Server handler 2 on 45809] INFO  volume.OMVolumeCreateRequest (OMVolumeCreateRequest.java:validateAndUpdateCache(193)) - created volume:datanodefailurehandlingtest for user:jenkins1000
2019-11-12 22:25:18,073 [main] INFO  rpc.RpcClient (RpcClient.java:createBucket(431)) - Creating Bucket: datanodefailurehandlingtest/datanodefailurehandlingtest, with Versioning false and Storage Type set to DISK and Encryption set to false 
2019-11-12 22:25:18,521 [Thread-1654] INFO  container.ReplicationManager (ReplicationManager.java:start(162)) - Starting Replication Monitor Thread.
2019-11-12 22:25:18,522 [Thread-1654] INFO  pipeline.SCMPipelineManager (SCMPipelineManager.java:finalizeAndDestroyPipeline(315)) - destroying pipeline:Pipeline[ Id: 8806ede0-3ba1-4d0d-ba8b-c0eca7801378, Nodes: 124b1436-2dec-4708-9bef-ac97c435ef9a{ip: 192.168.157.210, host: pr-hdds-2463-z4974-865879084, networkLocation: /default-rack, certSerialId: null}, Type:RATIS, Factor:ONE, State:OPEN]
2019-11-12 22:25:18,523 [Thread-1654] INFO  pipeline.PipelineStateManager (PipelineStateManager.java:finalizePipeline(121)) - Pipeline Pipeline[ Id: 8806ede0-3ba1-4d0d-ba8b-c0eca7801378, Nodes: 124b1436-2dec-4708-9bef-ac97c435ef9a{ip: 192.168.157.210, host: pr-hdds-2463-z4974-865879084, networkLocation: /default-rack, certSerialId: null}, Type:RATIS, Factor:ONE, State:CLOSED] moved to CLOSED state
2019-11-12 22:25:18,523 [ReplicationMonitor] INFO  container.ReplicationManager (ReplicationManager.java:run(225)) - Replication Monitor Thread took 0 milliseconds for processing 1 containers.
2019-11-12 22:25:18,527 [grpc-default-executor-2] INFO  impl.RaftServerProxy (RaftServerProxy.java:remove(95)) - 124b1436-2dec-4708-9bef-ac97c435ef9a: remove    LEADER 124b1436-2dec-4708-9bef-ac97c435ef9a@group-C0ECA7801378:t1, leader=124b1436-2dec-4708-9bef-ac97c435ef9a, voted=124b1436-2dec-4708-9bef-ac97c435ef9a, raftlog=124b1436-2dec-4708-9bef-ac97c435ef9a@group-C0ECA7801378-SegmentedRaftLog:OPENED:c0,f0,i0, conf=0: [124b1436-2dec-4708-9bef-ac97c435ef9a:192.168.157.210:33855], old=null RUNNING
2019-11-12 22:25:18,528 [grpc-default-executor-2] INFO  impl.RaftServerImpl (RaftServerImpl.java:lambda$shutdown$3(250)) - 124b1436-2dec-4708-9bef-ac97c435ef9a@group-C0ECA7801378: shutdown
2019-11-12 22:25:18,528 [grpc-default-executor-2] INFO  util.JmxRegister (JmxRegister.java:unregister(73)) - Successfully un-registered JMX Bean with object name Ratis:service=RaftServer,group=group-C0ECA7801378,id=124b1436-2dec-4708-9bef-ac97c435ef9a
2019-11-12 22:25:18,528 [grpc-default-executor-2] INFO  impl.RoleInfo (RoleInfo.java:shutdownLeaderState(104)) - 124b1436-2dec-4708-9bef-ac97c435ef9a: shutdown LeaderState
2019-11-12 22:25:18,528 [grpc-default-executor-2] INFO  impl.PendingRequests (PendingRequests.java:sendNotLeaderResponses(206)) - 124b1436-2dec-4708-9bef-ac97c435ef9a@group-C0ECA7801378-PendingRequests: sendNotLeaderResponses
2019-11-12 22:25:18,528 [grpc-default-executor-2] INFO  impl.StateMachineUpdater (StateMachineUpdater.java:stopAndJoin(136)) - 124b1436-2dec-4708-9bef-ac97c435ef9a@group-C0ECA7801378-StateMachineUpdater: set stopIndex = 0
2019-11-12 22:25:18,528 [grpc-default-executor-2] INFO  impl.RaftServerImpl (ServerState.java:close(387)) - 124b1436-2dec-4708-9bef-ac97c435ef9a@group-C0ECA7801378: closes. applyIndex: 0
2019-11-12 22:25:18,529 [124b1436-2dec-4708-9bef-ac97c435ef9a@group-C0ECA7801378-SegmentedRaftLogWorker] INFO  segmented.SegmentedRaftLogWorker (SegmentedRaftLogWorker.java:run(316)) - 124b1436-2dec-4708-9bef-ac97c435ef9a@group-C0ECA7801378-SegmentedRaftLogWorker was interrupted, exiting. There are 0 tasks remaining in the queue.
2019-11-12 22:25:18,531 [grpc-default-executor-2] INFO  segmented.SegmentedRaftLogWorker (SegmentedRaftLogWorker.java:close(224)) - 124b1436-2dec-4708-9bef-ac97c435ef9a@group-C0ECA7801378-SegmentedRaftLogWorker close()
2019-11-12 22:25:18,536 [Thread-1654] INFO  pipeline.PipelineStateManager (PipelineStateManager.java:removePipeline(106)) - Pipeline Pipeline[ Id: 8806ede0-3ba1-4d0d-ba8b-c0eca7801378, Nodes: 124b1436-2dec-4708-9bef-ac97c435ef9a{ip: 192.168.157.210, host: pr-hdds-2463-z4974-865879084, networkLocation: /default-rack, certSerialId: null}, Type:RATIS, Factor:ONE, State:CLOSED] removed from db
2019-11-12 22:25:18,537 [Thread-1654] INFO  pipeline.SCMPipelineManager (SCMPipelineManager.java:finalizeAndDestroyPipeline(315)) - destroying pipeline:Pipeline[ Id: aa9f041e-9854-4f52-b219-4931d3c8139f, Nodes: fed2bd94-bbf4-4593-9887-7c07c070d07d{ip: 192.168.157.210, host: pr-hdds-2463-z4974-865879084, networkLocation: /default-rack, certSerialId: null}, Type:RATIS, Factor:ONE, State:OPEN]
2019-11-12 22:25:18,543 [grpc-default-executor-2] INFO  impl.RaftServerProxy (RaftServerProxy.java:addNew(89)) - 124b1436-2dec-4708-9bef-ac97c435ef9a: addNew group-EE9C72FCAD99:[124b1436-2dec-4708-9bef-ac97c435ef9a:192.168.157.210:33855] returns group-EE9C72FCAD99:java.util.concurrent.CompletableFuture@728a8329[Not completed]
2019-11-12 22:25:18,544 [pool-193-thread-1] INFO  impl.RaftServerImpl (RaftServerImpl.java:<init>(98)) - 124b1436-2dec-4708-9bef-ac97c435ef9a: new RaftServerImpl for group-EE9C72FCAD99:[124b1436-2dec-4708-9bef-ac97c435ef9a:192.168.157.210:33855] with ContainerStateMachine:uninitialized
2019-11-12 22:25:18,545 [pool-193-thread-1] INFO  server.RaftServerConfigKeys (ConfUtils.java:logGet(43)) - raft.server.rpc.timeout.min = 1s (custom)
2019-11-12 22:25:18,545 [pool-193-thread-1] INFO  server.RaftServerConfigKeys (ConfUtils.java:logGet(43)) - raft.server.rpc.timeout.max = 1200ms (custom)
2019-11-12 22:25:18,545 [pool-193-thread-1] INFO  server.RaftServerConfigKeys (ConfUtils.java:logGet(43)) - raft.server.rpcslowness.timeout = 120s (custom)
2019-11-12 22:25:18,545 [pool-193-thread-1] INFO  server.RaftServerConfigKeys (ConfUtils.java:logGet(43)) - raft.server.sleep.deviation.threshold = 300 (default)
2019-11-12 22:25:18,545 [pool-193-thread-1] INFO  server.RaftServerConfigKeys (ConfUtils.java:logGet(43)) - raft.server.log.appender.install.snapshot.enabled = false (custom)
2019-11-12 22:25:18,545 [pool-193-thread-1] INFO  impl.RaftServerImpl (ServerState.java:<init>(103)) - 124b1436-2dec-4708-9bef-ac97c435ef9a@group-EE9C72FCAD99: ConfigurationManager, init=-1: [124b1436-2dec-4708-9bef-ac97c435ef9a:192.168.157.210:33855], old=null, confs=<EMPTY_MAP>
2019-11-12 22:25:18,545 [pool-193-thread-1] INFO  server.RaftServerConfigKeys (ConfUtils.java:logGet(43)) - raft.server.storage.dir = [/workdir/hadoop-ozone/integration-test/target/test-dir/MiniOzoneClusterImpl-49cde4fa-0f5c-485a-80e4-a10b14a740d7/datanode-4/data/ratis] (custom)
2019-11-12 22:25:18,546 [pool-193-thread-1] INFO  server.RaftServerConfigKeys (ConfUtils.java:logGet(43)) - raft.server.log.corruption.policy = EXCEPTION (default)
2019-11-12 22:25:18,546 [pool-193-thread-1] INFO  storage.RaftStorageDirectory (RaftStorageDirectory.java:analyzeStorage(246)) - The storage directory /workdir/hadoop-ozone/integration-test/target/test-dir/MiniOzoneClusterImpl-49cde4fa-0f5c-485a-80e4-a10b14a740d7/datanode-4/data/ratis/491dc919-76bb-4c1a-861b-ee9c72fcad99 does not exist. Creating ...
2019-11-12 22:25:18,571 [pool-193-thread-1] INFO  storage.RaftStorageDirectory (RaftStorageDirectory.java:tryLock(328)) - Lock on /workdir/hadoop-ozone/integration-test/target/test-dir/MiniOzoneClusterImpl-49cde4fa-0f5c-485a-80e4-a10b14a740d7/datanode-4/data/ratis/491dc919-76bb-4c1a-861b-ee9c72fcad99/in_use.lock acquired by nodename 20844@pr-hdds-2463-z4974-865879084
2019-11-12 22:25:18,596 [pool-193-thread-1] INFO  storage.RaftStorage (RaftStorage.java:format(84)) - Storage directory /workdir/hadoop-ozone/integration-test/target/test-dir/MiniOzoneClusterImpl-49cde4fa-0f5c-485a-80e4-a10b14a740d7/datanode-4/data/ratis/491dc919-76bb-4c1a-861b-ee9c72fcad99 has been successfully formatted.
2019-11-12 22:25:18,596 [pool-193-thread-1] INFO  ratis.ContainerStateMachine (ContainerStateMachine.java:loadSnapshot(223)) - group-EE9C72FCAD99: The snapshot info is null. Setting the last applied indexto:(t:0, i:~)
2019-11-12 22:25:18,597 [pool-193-thread-1] INFO  server.RaftServerConfigKeys (ConfUtils.java:logGet(43)) - raft.server.notification.no-leader.timeout = 120s (custom)
2019-11-12 22:25:18,597 [pool-193-thread-1] INFO  server.RaftServerConfigKeys (ConfUtils.java:logGet(43)) - raft.server.log.use.memory = false (default)
2019-11-12 22:25:18,597 [pool-193-thread-1] INFO  server.RaftServerConfigKeys (ConfUtils.java:logGet(43)) - raft.server.log.purge.gap = 1000000 (custom)
2019-11-12 22:25:18,597 [pool-193-thread-1] INFO  server.RaftServerConfigKeys (ConfUtils.java:logGet(43)) - raft.server.log.appender.buffer.byte-limit = 33554432 (custom)
2019-11-12 22:25:18,597 [pool-193-thread-1] INFO  server.RaftServerConfigKeys (ConfUtils.java:logGet(43)) - raft.server.log.segment.size.max = 1048576 (custom)
2019-11-12 22:25:18,597 [pool-193-thread-1] INFO  server.RaftServerConfigKeys (ConfUtils.java:logGet(43)) - raft.server.log.segment.cache.num.max = 2 (custom)
2019-11-12 22:25:18,597 [pool-193-thread-1] INFO  segmented.SegmentedRaftLogWorker (SegmentedRaftLogWorker.java:<init>(173)) - new 124b1436-2dec-4708-9bef-ac97c435ef9a@group-EE9C72FCAD99-SegmentedRaftLogWorker for RaftStorage:Storage Directory /workdir/hadoop-ozone/integration-test/target/test-dir/MiniOzoneClusterImpl-49cde4fa-0f5c-485a-80e4-a10b14a740d7/datanode-4/data/ratis/491dc919-76bb-4c1a-861b-ee9c72fcad99
2019-11-12 22:25:18,598 [pool-193-thread-1] INFO  server.RaftServerConfigKeys (ConfUtils.java:logGet(43)) - raft.server.log.queue.byte-limit = 2147483647 (custom)
2019-11-12 22:25:18,598 [pool-193-thread-1] INFO  server.RaftServerConfigKeys (ConfUtils.java:logGet(43)) - raft.server.log.queue.element-limit = 1024 (custom)
2019-11-12 22:25:18,598 [pool-193-thread-1] INFO  server.RaftServerConfigKeys (ConfUtils.java:logGet(43)) - raft.server.log.segment.size.max = 1048576 (custom)
2019-11-12 22:25:18,598 [pool-193-thread-1] INFO  server.RaftServerConfigKeys (ConfUtils.java:logGet(43)) - raft.server.log.preallocated.size = 16384 (custom)
2019-11-12 22:25:18,598 [pool-193-thread-1] INFO  server.RaftServerConfigKeys (ConfUtils.java:logGet(43)) - raft.server.log.write.buffer.size = 33554432 (custom)
2019-11-12 22:25:18,598 [pool-193-thread-1] INFO  server.RaftServerConfigKeys (ConfUtils.java:logGet(43)) - raft.server.log.force.sync.num = 128 (default)
2019-11-12 22:25:18,598 [pool-193-thread-1] INFO  server.RaftServerConfigKeys (ConfUtils.java:logGet(43)) - raft.server.log.statemachine.data.sync = true (default)
2019-11-12 22:25:18,598 [pool-193-thread-1] INFO  server.RaftServerConfigKeys (ConfUtils.java:logGet(43)) - raft.server.log.statemachine.data.sync.timeout = 10s (default)
2019-11-12 22:25:18,598 [pool-193-thread-1] INFO  server.RaftServerConfigKeys (ConfUtils.java:logGet(43)) - raft.server.log.statemachine.data.sync.timeout.retry = -1 (default)
2019-11-12 22:25:18,599 [pool-193-thread-1] INFO  server.RaftServerConfigKeys (ConfUtils.java:logGet(43)) - raft.server.log.statemachine.data.caching.enabled = true (custom)
2019-11-12 22:25:18,599 [pool-193-thread-1] INFO  segmented.SegmentedRaftLogWorker (SegmentedRaftLogWorker.java:lambda$new$0(128)) - 124b1436-2dec-4708-9bef-ac97c435ef9a@group-EE9C72FCAD99-SegmentedRaftLogWorker: flushIndex: setUnconditionally 0 -> -1
2019-11-12 22:25:18,599 [pool-193-thread-1] INFO  server.RaftServerConfigKeys (ConfUtils.java:logGet(43)) - raft.server.snapshot.auto.trigger.enabled = true (custom)
2019-11-12 22:25:18,599 [pool-193-thread-1] INFO  server.RaftServerConfigKeys (ConfUtils.java:logGet(43)) - raft.server.snapshot.auto.trigger.threshold = 10000 (custom)
2019-11-12 22:25:18,599 [pool-193-thread-1] INFO  server.RaftServerConfigKeys (ConfUtils.java:logGet(43)) - raft.server.snapshot.retention.file.num = 5 (custom)
2019-11-12 22:25:18,599 [pool-193-thread-1] INFO  server.RaftServerConfigKeys (ConfUtils.java:logGet(43)) - raft.server.retrycache.expirytime = 600000ms (custom)
2019-11-12 22:25:18,599 [pool-193-thread-1] WARN  impl.MetricRegistriesImpl (MetricRegistriesImpl.java:lambda$create$1(61)) - First MetricRegistry has been created without registering reporters. You may need to call MetricRegistries.global().addReportRegistration(...) before.
2019-11-12 22:25:18,599 [pool-193-thread-1] WARN  impl.MetricRegistriesImpl (MetricRegistriesImpl.java:lambda$create$1(61)) - First MetricRegistry has been created without registering reporters. You may need to call MetricRegistries.global().addReportRegistration(...) before.
2019-11-12 22:25:18,600 [pool-193-thread-1] INFO  impl.RaftServerImpl (RaftServerImpl.java:start(184)) - 124b1436-2dec-4708-9bef-ac97c435ef9a@group-EE9C72FCAD99: start as a follower, conf=-1: [124b1436-2dec-4708-9bef-ac97c435ef9a:192.168.157.210:33855], old=null
2019-11-12 22:25:18,600 [pool-193-thread-1] INFO  impl.RaftServerImpl (RaftServerImpl.java:setRole(173)) - 124b1436-2dec-4708-9bef-ac97c435ef9a@group-EE9C72FCAD99: changes role from      null to FOLLOWER at term 0 for startAsFollower
2019-11-12 22:25:18,600 [pool-193-thread-1] INFO  impl.RoleInfo (RoleInfo.java:updateAndGet(143)) - 124b1436-2dec-4708-9bef-ac97c435ef9a: start FollowerState
2019-11-12 22:25:18,600 [pool-193-thread-1] INFO  util.JmxRegister (JmxRegister.java:tryRegister(44)) - Successfully registered JMX Bean with object name Ratis:service=RaftServer,group=group-EE9C72FCAD99,id=124b1436-2dec-4708-9bef-ac97c435ef9a
2019-11-12 22:25:18,600 [pool-193-thread-1] WARN  impl.MetricRegistriesImpl (MetricRegistriesImpl.java:lambda$create$1(61)) - First MetricRegistry has been created without registering reporters. You may need to call MetricRegistries.global().addReportRegistration(...) before.
2019-11-12 22:25:18,602 [RatisPipelineUtilsThread] INFO  pipeline.PipelineStateManager (PipelineStateManager.java:addPipeline(55)) - Created pipeline Pipeline[ Id: 491dc919-76bb-4c1a-861b-ee9c72fcad99, Nodes: 124b1436-2dec-4708-9bef-ac97c435ef9a{ip: 192.168.157.210, host: pr-hdds-2463-z4974-865879084, networkLocation: /default-rack, certSerialId: null}, Type:RATIS, Factor:ONE, State:ALLOCATED]
2019-11-12 22:25:18,605 [Thread-1654] INFO  pipeline.PipelineStateManager (PipelineStateManager.java:finalizePipeline(121)) - Pipeline Pipeline[ Id: aa9f041e-9854-4f52-b219-4931d3c8139f, Nodes: fed2bd94-bbf4-4593-9887-7c07c070d07d{ip: 192.168.157.210, host: pr-hdds-2463-z4974-865879084, networkLocation: /default-rack, certSerialId: null}, Type:RATIS, Factor:ONE, State:CLOSED] moved to CLOSED state
2019-11-12 22:25:18,609 [grpc-default-executor-2] INFO  impl.RaftServerProxy (RaftServerProxy.java:remove(95)) - fed2bd94-bbf4-4593-9887-7c07c070d07d: remove    LEADER fed2bd94-bbf4-4593-9887-7c07c070d07d@group-4931D3C8139F:t1, leader=fed2bd94-bbf4-4593-9887-7c07c070d07d, voted=fed2bd94-bbf4-4593-9887-7c07c070d07d, raftlog=fed2bd94-bbf4-4593-9887-7c07c070d07d@group-4931D3C8139F-SegmentedRaftLog:OPENED:c0,f0,i0, conf=0: [fed2bd94-bbf4-4593-9887-7c07c070d07d:192.168.157.210:37620], old=null RUNNING
2019-11-12 22:25:18,609 [grpc-default-executor-2] INFO  impl.RaftServerImpl (RaftServerImpl.java:lambda$shutdown$3(250)) - fed2bd94-bbf4-4593-9887-7c07c070d07d@group-4931D3C8139F: shutdown
2019-11-12 22:25:18,609 [grpc-default-executor-2] INFO  util.JmxRegister (JmxRegister.java:unregister(73)) - Successfully un-registered JMX Bean with object name Ratis:service=RaftServer,group=group-4931D3C8139F,id=fed2bd94-bbf4-4593-9887-7c07c070d07d
2019-11-12 22:25:18,609 [grpc-default-executor-2] INFO  impl.RoleInfo (RoleInfo.java:shutdownLeaderState(104)) - fed2bd94-bbf4-4593-9887-7c07c070d07d: shutdown LeaderState
2019-11-12 22:25:18,609 [grpc-default-executor-2] INFO  impl.PendingRequests (PendingRequests.java:sendNotLeaderResponses(206)) - fed2bd94-bbf4-4593-9887-7c07c070d07d@group-4931D3C8139F-PendingRequests: sendNotLeaderResponses
2019-11-12 22:25:18,610 [grpc-default-executor-2] INFO  impl.StateMachineUpdater (StateMachineUpdater.java:stopAndJoin(136)) - fed2bd94-bbf4-4593-9887-7c07c070d07d@group-4931D3C8139F-StateMachineUpdater: set stopIndex = 0
2019-11-12 22:25:18,611 [grpc-default-executor-2] INFO  impl.RaftServerImpl (ServerState.java:close(387)) - fed2bd94-bbf4-4593-9887-7c07c070d07d@group-4931D3C8139F: closes. applyIndex: 0
2019-11-12 22:25:18,612 [fed2bd94-bbf4-4593-9887-7c07c070d07d@group-4931D3C8139F-SegmentedRaftLogWorker] INFO  segmented.SegmentedRaftLogWorker (SegmentedRaftLogWorker.java:run(316)) - fed2bd94-bbf4-4593-9887-7c07c070d07d@group-4931D3C8139F-SegmentedRaftLogWorker was interrupted, exiting. There are 0 tasks remaining in the queue.
2019-11-12 22:25:18,614 [grpc-default-executor-2] INFO  segmented.SegmentedRaftLogWorker (SegmentedRaftLogWorker.java:close(224)) - fed2bd94-bbf4-4593-9887-7c07c070d07d@group-4931D3C8139F-SegmentedRaftLogWorker close()
2019-11-12 22:25:18,761 [Thread-1654] INFO  pipeline.PipelineStateManager (PipelineStateManager.java:removePipeline(106)) - Pipeline Pipeline[ Id: aa9f041e-9854-4f52-b219-4931d3c8139f, Nodes: fed2bd94-bbf4-4593-9887-7c07c070d07d{ip: 192.168.157.210, host: pr-hdds-2463-z4974-865879084, networkLocation: /default-rack, certSerialId: null}, Type:RATIS, Factor:ONE, State:CLOSED] removed from db
2019-11-12 22:25:18,772 [Thread-1654] INFO  pipeline.SCMPipelineManager (SCMPipelineManager.java:finalizeAndDestroyPipeline(315)) - destroying pipeline:Pipeline[ Id: f6de3f57-1a33-45c5-ae6b-ad3e095fab4f, Nodes: ed184682-841a-431b-821d-e4efb86e7b6e{ip: 192.168.157.210, host: pr-hdds-2463-z4974-865879084, networkLocation: /default-rack, certSerialId: null}fed2bd94-bbf4-4593-9887-7c07c070d07d{ip: 192.168.157.210, host: pr-hdds-2463-z4974-865879084, networkLocation: /default-rack, certSerialId: null}cc8f8d42-1b01-4431-8c29-b671ab5a5551{ip: 192.168.157.210, host: pr-hdds-2463-z4974-865879084, networkLocation: /default-rack, certSerialId: null}, Type:RATIS, Factor:THREE, State:OPEN]
2019-11-12 22:25:18,782 [grpc-default-executor-5] INFO  impl.RaftServerProxy (RaftServerProxy.java:addNew(89)) - fed2bd94-bbf4-4593-9887-7c07c070d07d: addNew group-C79CF9380425:[fed2bd94-bbf4-4593-9887-7c07c070d07d:192.168.157.210:37620] returns group-C79CF9380425:java.util.concurrent.CompletableFuture@4484c2fb[Not completed]
2019-11-12 22:25:18,783 [pool-163-thread-1] INFO  impl.RaftServerImpl (RaftServerImpl.java:<init>(98)) - fed2bd94-bbf4-4593-9887-7c07c070d07d: new RaftServerImpl for group-C79CF9380425:[fed2bd94-bbf4-4593-9887-7c07c070d07d:192.168.157.210:37620] with ContainerStateMachine:uninitialized
2019-11-12 22:25:18,785 [pool-163-thread-1] INFO  server.RaftServerConfigKeys (ConfUtils.java:logGet(43)) - raft.server.rpc.timeout.min = 1s (custom)
2019-11-12 22:25:18,785 [pool-163-thread-1] INFO  server.RaftServerConfigKeys (ConfUtils.java:logGet(43)) - raft.server.rpc.timeout.max = 1200ms (custom)
2019-11-12 22:25:18,785 [pool-163-thread-1] INFO  server.RaftServerConfigKeys (ConfUtils.java:logGet(43)) - raft.server.rpcslowness.timeout = 120s (custom)
2019-11-12 22:25:18,785 [pool-163-thread-1] INFO  server.RaftServerConfigKeys (ConfUtils.java:logGet(43)) - raft.server.sleep.deviation.threshold = 300 (default)
2019-11-12 22:25:18,785 [pool-163-thread-1] INFO  server.RaftServerConfigKeys (ConfUtils.java:logGet(43)) - raft.server.log.appender.install.snapshot.enabled = false (custom)
2019-11-12 22:25:18,786 [pool-163-thread-1] INFO  impl.RaftServerImpl (ServerState.java:<init>(103)) - fed2bd94-bbf4-4593-9887-7c07c070d07d@group-C79CF9380425: ConfigurationManager, init=-1: [fed2bd94-bbf4-4593-9887-7c07c070d07d:192.168.157.210:37620], old=null, confs=<EMPTY_MAP>
2019-11-12 22:25:18,787 [pool-163-thread-1] INFO  server.RaftServerConfigKeys (ConfUtils.java:logGet(43)) - raft.server.storage.dir = [/workdir/hadoop-ozone/integration-test/target/test-dir/MiniOzoneClusterImpl-49cde4fa-0f5c-485a-80e4-a10b14a740d7/datanode-1/data/ratis] (custom)
2019-11-12 22:25:18,787 [pool-163-thread-1] INFO  server.RaftServerConfigKeys (ConfUtils.java:logGet(43)) - raft.server.log.corruption.policy = EXCEPTION (default)
2019-11-12 22:25:18,787 [pool-163-thread-1] INFO  storage.RaftStorageDirectory (RaftStorageDirectory.java:analyzeStorage(246)) - The storage directory /workdir/hadoop-ozone/integration-test/target/test-dir/MiniOzoneClusterImpl-49cde4fa-0f5c-485a-80e4-a10b14a740d7/datanode-1/data/ratis/06437bb9-e90a-4d4e-99ae-c79cf9380425 does not exist. Creating ...
2019-11-12 22:25:18,816 [pool-163-thread-1] INFO  storage.RaftStorageDirectory (RaftStorageDirectory.java:tryLock(328)) - Lock on /workdir/hadoop-ozone/integration-test/target/test-dir/MiniOzoneClusterImpl-49cde4fa-0f5c-485a-80e4-a10b14a740d7/datanode-1/data/ratis/06437bb9-e90a-4d4e-99ae-c79cf9380425/in_use.lock acquired by nodename 20844@pr-hdds-2463-z4974-865879084
2019-11-12 22:25:18,840 [pool-163-thread-1] INFO  storage.RaftStorage (RaftStorage.java:format(84)) - Storage directory /workdir/hadoop-ozone/integration-test/target/test-dir/MiniOzoneClusterImpl-49cde4fa-0f5c-485a-80e4-a10b14a740d7/datanode-1/data/ratis/06437bb9-e90a-4d4e-99ae-c79cf9380425 has been successfully formatted.
2019-11-12 22:25:18,840 [pool-163-thread-1] INFO  ratis.ContainerStateMachine (ContainerStateMachine.java:loadSnapshot(223)) - group-C79CF9380425: The snapshot info is null. Setting the last applied indexto:(t:0, i:~)
2019-11-12 22:25:18,840 [pool-163-thread-1] INFO  server.RaftServerConfigKeys (ConfUtils.java:logGet(43)) - raft.server.notification.no-leader.timeout = 120s (custom)
2019-11-12 22:25:18,840 [pool-163-thread-1] INFO  server.RaftServerConfigKeys (ConfUtils.java:logGet(43)) - raft.server.log.use.memory = false (default)
2019-11-12 22:25:18,841 [pool-163-thread-1] INFO  server.RaftServerConfigKeys (ConfUtils.java:logGet(43)) - raft.server.log.purge.gap = 1000000 (custom)
2019-11-12 22:25:18,841 [pool-163-thread-1] INFO  server.RaftServerConfigKeys (ConfUtils.java:logGet(43)) - raft.server.log.appender.buffer.byte-limit = 33554432 (custom)
2019-11-12 22:25:18,841 [pool-163-thread-1] INFO  server.RaftServerConfigKeys (ConfUtils.java:logGet(43)) - raft.server.log.segment.size.max = 1048576 (custom)
2019-11-12 22:25:18,841 [pool-163-thread-1] INFO  server.RaftServerConfigKeys (ConfUtils.java:logGet(43)) - raft.server.log.segment.cache.num.max = 2 (custom)
2019-11-12 22:25:18,841 [pool-163-thread-1] INFO  segmented.SegmentedRaftLogWorker (SegmentedRaftLogWorker.java:<init>(173)) - new fed2bd94-bbf4-4593-9887-7c07c070d07d@group-C79CF9380425-SegmentedRaftLogWorker for RaftStorage:Storage Directory /workdir/hadoop-ozone/integration-test/target/test-dir/MiniOzoneClusterImpl-49cde4fa-0f5c-485a-80e4-a10b14a740d7/datanode-1/data/ratis/06437bb9-e90a-4d4e-99ae-c79cf9380425
2019-11-12 22:25:18,841 [pool-163-thread-1] INFO  server.RaftServerConfigKeys (ConfUtils.java:logGet(43)) - raft.server.log.queue.byte-limit = 2147483647 (custom)
2019-11-12 22:25:18,841 [pool-163-thread-1] INFO  server.RaftServerConfigKeys (ConfUtils.java:logGet(43)) - raft.server.log.queue.element-limit = 1024 (custom)
2019-11-12 22:25:18,841 [pool-163-thread-1] INFO  server.RaftServerConfigKeys (ConfUtils.java:logGet(43)) - raft.server.log.segment.size.max = 1048576 (custom)
2019-11-12 22:25:18,841 [pool-163-thread-1] INFO  server.RaftServerConfigKeys (ConfUtils.java:logGet(43)) - raft.server.log.preallocated.size = 16384 (custom)
2019-11-12 22:25:18,841 [pool-163-thread-1] INFO  server.RaftServerConfigKeys (ConfUtils.java:logGet(43)) - raft.server.log.write.buffer.size = 33554432 (custom)
2019-11-12 22:25:18,841 [pool-163-thread-1] INFO  server.RaftServerConfigKeys (ConfUtils.java:logGet(43)) - raft.server.log.force.sync.num = 128 (default)
2019-11-12 22:25:18,841 [pool-163-thread-1] INFO  server.RaftServerConfigKeys (ConfUtils.java:logGet(43)) - raft.server.log.statemachine.data.sync = true (default)
2019-11-12 22:25:18,841 [pool-163-thread-1] INFO  server.RaftServerConfigKeys (ConfUtils.java:logGet(43)) - raft.server.log.statemachine.data.sync.timeout = 10s (default)
2019-11-12 22:25:18,842 [pool-163-thread-1] INFO  server.RaftServerConfigKeys (ConfUtils.java:logGet(43)) - raft.server.log.statemachine.data.sync.timeout.retry = -1 (default)
2019-11-12 22:25:18,842 [pool-163-thread-1] INFO  server.RaftServerConfigKeys (ConfUtils.java:logGet(43)) - raft.server.log.statemachine.data.caching.enabled = true (custom)
2019-11-12 22:25:18,842 [pool-163-thread-1] INFO  segmented.SegmentedRaftLogWorker (SegmentedRaftLogWorker.java:lambda$new$0(128)) - fed2bd94-bbf4-4593-9887-7c07c070d07d@group-C79CF9380425-SegmentedRaftLogWorker: flushIndex: setUnconditionally 0 -> -1
2019-11-12 22:25:18,842 [pool-163-thread-1] INFO  server.RaftServerConfigKeys (ConfUtils.java:logGet(43)) - raft.server.snapshot.auto.trigger.enabled = true (custom)
2019-11-12 22:25:18,842 [pool-163-thread-1] INFO  server.RaftServerConfigKeys (ConfUtils.java:logGet(43)) - raft.server.snapshot.auto.trigger.threshold = 10000 (custom)
2019-11-12 22:25:18,842 [pool-163-thread-1] INFO  server.RaftServerConfigKeys (ConfUtils.java:logGet(43)) - raft.server.snapshot.retention.file.num = 5 (custom)
2019-11-12 22:25:18,842 [pool-163-thread-1] INFO  server.RaftServerConfigKeys (ConfUtils.java:logGet(43)) - raft.server.retrycache.expirytime = 600000ms (custom)
2019-11-12 22:25:18,842 [pool-163-thread-1] WARN  impl.MetricRegistriesImpl (MetricRegistriesImpl.java:lambda$create$1(61)) - First MetricRegistry has been created without registering reporters. You may need to call MetricRegistries.global().addReportRegistration(...) before.
2019-11-12 22:25:18,843 [pool-163-thread-1] WARN  impl.MetricRegistriesImpl (MetricRegistriesImpl.java:lambda$create$1(61)) - First MetricRegistry has been created without registering reporters. You may need to call MetricRegistries.global().addReportRegistration(...) before.
2019-11-12 22:25:18,843 [pool-163-thread-1] INFO  impl.RaftServerImpl (RaftServerImpl.java:start(184)) - fed2bd94-bbf4-4593-9887-7c07c070d07d@group-C79CF9380425: start as a follower, conf=-1: [fed2bd94-bbf4-4593-9887-7c07c070d07d:192.168.157.210:37620], old=null
2019-11-12 22:25:18,843 [pool-163-thread-1] INFO  impl.RaftServerImpl (RaftServerImpl.java:setRole(173)) - fed2bd94-bbf4-4593-9887-7c07c070d07d@group-C79CF9380425: changes role from      null to FOLLOWER at term 0 for startAsFollower
2019-11-12 22:25:18,843 [pool-163-thread-1] INFO  impl.RoleInfo (RoleInfo.java:updateAndGet(143)) - fed2bd94-bbf4-4593-9887-7c07c070d07d: start FollowerState
2019-11-12 22:25:18,843 [pool-163-thread-1] INFO  util.JmxRegister (JmxRegister.java:tryRegister(44)) - Successfully registered JMX Bean with object name Ratis:service=RaftServer,group=group-C79CF9380425,id=fed2bd94-bbf4-4593-9887-7c07c070d07d
2019-11-12 22:25:18,843 [pool-163-thread-1] WARN  impl.MetricRegistriesImpl (MetricRegistriesImpl.java:lambda$create$1(61)) - First MetricRegistry has been created without registering reporters. You may need to call MetricRegistries.global().addReportRegistration(...) before.
2019-11-12 22:25:18,846 [RatisPipelineUtilsThread] INFO  pipeline.PipelineStateManager (PipelineStateManager.java:addPipeline(55)) - Created pipeline Pipeline[ Id: 06437bb9-e90a-4d4e-99ae-c79cf9380425, Nodes: fed2bd94-bbf4-4593-9887-7c07c070d07d{ip: 192.168.157.210, host: pr-hdds-2463-z4974-865879084, networkLocation: /default-rack, certSerialId: null}, Type:RATIS, Factor:ONE, State:ALLOCATED]
2019-11-12 22:25:18,847 [Thread-1654] INFO  pipeline.PipelineStateManager (PipelineStateManager.java:finalizePipeline(121)) - Pipeline Pipeline[ Id: f6de3f57-1a33-45c5-ae6b-ad3e095fab4f, Nodes: ed184682-841a-431b-821d-e4efb86e7b6e{ip: 192.168.157.210, host: pr-hdds-2463-z4974-865879084, networkLocation: /default-rack, certSerialId: null}fed2bd94-bbf4-4593-9887-7c07c070d07d{ip: 192.168.157.210, host: pr-hdds-2463-z4974-865879084, networkLocation: /default-rack, certSerialId: null}cc8f8d42-1b01-4431-8c29-b671ab5a5551{ip: 192.168.157.210, host: pr-hdds-2463-z4974-865879084, networkLocation: /default-rack, certSerialId: null}, Type:RATIS, Factor:THREE, State:CLOSED] moved to CLOSED state
2019-11-12 22:25:18,847 [EventQueue-CloseContainerForCloseContainerEventHandler] INFO  container.CloseContainerEventHandler (CloseContainerEventHandler.java:onMessage(61)) - Close container Event triggered for container : #1
2019-11-12 22:25:18,852 [grpc-default-executor-5] INFO  impl.RaftServerProxy (RaftServerProxy.java:remove(95)) - ed184682-841a-431b-821d-e4efb86e7b6e: remove    LEADER ed184682-841a-431b-821d-e4efb86e7b6e@group-AD3E095FAB4F:t1, leader=ed184682-841a-431b-821d-e4efb86e7b6e, voted=ed184682-841a-431b-821d-e4efb86e7b6e, raftlog=ed184682-841a-431b-821d-e4efb86e7b6e@group-AD3E095FAB4F-SegmentedRaftLog:OPENED:c13,f13,i13, conf=0: [ed184682-841a-431b-821d-e4efb86e7b6e:192.168.157.210:40829, cc8f8d42-1b01-4431-8c29-b671ab5a5551:192.168.157.210:40886, fed2bd94-bbf4-4593-9887-7c07c070d07d:192.168.157.210:37620], old=null RUNNING
2019-11-12 22:25:18,854 [grpc-default-executor-5] INFO  impl.RaftServerImpl (RaftServerImpl.java:lambda$shutdown$3(250)) - ed184682-841a-431b-821d-e4efb86e7b6e@group-AD3E095FAB4F: shutdown
2019-11-12 22:25:18,854 [grpc-default-executor-5] INFO  util.JmxRegister (JmxRegister.java:unregister(73)) - Successfully un-registered JMX Bean with object name Ratis:service=RaftServer,group=group-AD3E095FAB4F,id=ed184682-841a-431b-821d-e4efb86e7b6e
2019-11-12 22:25:18,854 [grpc-default-executor-5] INFO  impl.RoleInfo (RoleInfo.java:shutdownLeaderState(104)) - ed184682-841a-431b-821d-e4efb86e7b6e: shutdown LeaderState
2019-11-12 22:25:18,856 [org.apache.ratis.server.impl.LogAppender$AppenderDaemon$$Lambda$574/281406720@6112cf53] WARN  server.GrpcLogAppender (GrpcLogAppender.java:mayWait(151)) - ed184682-841a-431b-821d-e4efb86e7b6e@group-AD3E095FAB4F->cc8f8d42-1b01-4431-8c29-b671ab5a5551-GrpcLogAppender: Wait interrupted by java.lang.InterruptedException
2019-11-12 22:25:18,857 [grpc-default-executor-5] INFO  impl.PendingRequests (PendingRequests.java:sendNotLeaderResponses(206)) - ed184682-841a-431b-821d-e4efb86e7b6e@group-AD3E095FAB4F-PendingRequests: sendNotLeaderResponses
2019-11-12 22:25:18,857 [org.apache.ratis.server.impl.LogAppender$AppenderDaemon$$Lambda$574/281406720@24104d15] WARN  server.GrpcLogAppender (GrpcLogAppender.java:mayWait(151)) - ed184682-841a-431b-821d-e4efb86e7b6e@group-AD3E095FAB4F->fed2bd94-bbf4-4593-9887-7c07c070d07d-GrpcLogAppender: Wait interrupted by java.lang.InterruptedException
2019-11-12 22:25:18,859 [grpc-default-executor-1] INFO  server.GrpcServerProtocolService (GrpcServerProtocolService.java:onCompleted(113)) - cc8f8d42-1b01-4431-8c29-b671ab5a5551: Completed APPEND_ENTRIES, lastRequest: ed184682-841a-431b-821d-e4efb86e7b6e->cc8f8d42-1b01-4431-8c29-b671ab5a5551#16-t1, previous=(t:1, i:12), leaderCommit=9, initializing? false, entries: size=1, first=(t:1, i:13), METADATAENTRY(c9)
2019-11-12 22:25:18,859 [grpc-default-executor-5] INFO  impl.StateMachineUpdater (StateMachineUpdater.java:stopAndJoin(136)) - ed184682-841a-431b-821d-e4efb86e7b6e@group-AD3E095FAB4F-StateMachineUpdater: set stopIndex = 13
2019-11-12 22:25:18,859 [ed184682-841a-431b-821d-e4efb86e7b6e@group-AD3E095FAB4F-StateMachineUpdater] INFO  ratis.ContainerStateMachine (ContainerStateMachine.java:takeSnapshot(285)) - group-AD3E095FAB4F: Taking a snapshot at:(t:1, i:13) file /workdir/hadoop-ozone/integration-test/target/test-dir/MiniOzoneClusterImpl-49cde4fa-0f5c-485a-80e4-a10b14a740d7/datanode-0/data/ratis/f6de3f57-1a33-45c5-ae6b-ad3e095fab4f/sm/snapshot.1_13
2019-11-12 22:25:18,859 [grpc-default-executor-2] INFO  server.GrpcServerProtocolService (GrpcServerProtocolService.java:onCompleted(113)) - fed2bd94-bbf4-4593-9887-7c07c070d07d: Completed APPEND_ENTRIES, lastRequest: ed184682-841a-431b-821d-e4efb86e7b6e->fed2bd94-bbf4-4593-9887-7c07c070d07d#16-t1, previous=(t:1, i:12), leaderCommit=9, initializing? false, entries: size=1, first=(t:1, i:13), METADATAENTRY(c9)
2019-11-12 22:25:18,860 [grpc-default-executor-2] INFO  server.GrpcLogAppender (GrpcLogAppender.java:onCompleted(308)) - ed184682-841a-431b-821d-e4efb86e7b6e@group-AD3E095FAB4F->cc8f8d42-1b01-4431-8c29-b671ab5a5551-AppendLogResponseHandler: follower responses appendEntries COMPLETED
2019-11-12 22:25:18,860 [grpc-default-executor-1] INFO  server.GrpcLogAppender (GrpcLogAppender.java:onCompleted(308)) - ed184682-841a-431b-821d-e4efb86e7b6e@group-AD3E095FAB4F->fed2bd94-bbf4-4593-9887-7c07c070d07d-AppendLogResponseHandler: follower responses appendEntries COMPLETED
2019-11-12 22:25:18,861 [Thread-1793] INFO  client.GrpcClientProtocolService (GrpcClientProtocolService.java:lambda$processClientRequest$0(279)) - Failed RaftClientRequest:client-6E71718ACE59->ed184682-841a-431b-821d-e4efb86e7b6e@group-AD3E095FAB4F, cid=132, seq=0, Watch-ALL_COMMITTED(10), Message:<EMPTY>, reply=RaftClientReply:client-6E71718ACE59->ed184682-841a-431b-821d-e4efb86e7b6e@group-AD3E095FAB4F, cid=132, FAILED org.apache.ratis.protocol.NotLeaderException: Server ed184682-841a-431b-821d-e4efb86e7b6e@group-AD3E095FAB4F is not the leader, logIndex=0, commits[ed184682-841a-431b-821d-e4efb86e7b6e:c13]
2019-11-12 22:25:18,861 [grpc-default-executor-2] INFO  impl.FollowerInfo (FollowerInfo.java:lambda$new$0(51)) - ed184682-841a-431b-821d-e4efb86e7b6e@group-AD3E095FAB4F->cc8f8d42-1b01-4431-8c29-b671ab5a5551: nextIndex: updateUnconditionally 14 -> 13
2019-11-12 22:25:18,861 [grpc-default-executor-1] INFO  impl.FollowerInfo (FollowerInfo.java:lambda$new$0(51)) - ed184682-841a-431b-821d-e4efb86e7b6e@group-AD3E095FAB4F->fed2bd94-bbf4-4593-9887-7c07c070d07d: nextIndex: updateUnconditionally 14 -> 13
2019-11-12 22:25:18,883 [ed184682-841a-431b-821d-e4efb86e7b6e@group-AD3E095FAB4F-StateMachineUpdater] INFO  ratis.ContainerStateMachine (ContainerStateMachine.java:takeSnapshot(296)) - group-AD3E095FAB4F: Finished taking a snapshot at:(t:1, i:13) file:/workdir/hadoop-ozone/integration-test/target/test-dir/MiniOzoneClusterImpl-49cde4fa-0f5c-485a-80e4-a10b14a740d7/datanode-0/data/ratis/f6de3f57-1a33-45c5-ae6b-ad3e095fab4f/sm/snapshot.1_13 time:24
2019-11-12 22:25:18,883 [ed184682-841a-431b-821d-e4efb86e7b6e@group-AD3E095FAB4F-StateMachineUpdater] INFO  impl.StateMachineUpdater (StateMachineUpdater.java:takeSnapshot(269)) - ed184682-841a-431b-821d-e4efb86e7b6e@group-AD3E095FAB4F-StateMachineUpdater: Took a snapshot at index 13
2019-11-12 22:25:18,883 [ed184682-841a-431b-821d-e4efb86e7b6e@group-AD3E095FAB4F-StateMachineUpdater] INFO  impl.StateMachineUpdater (StateMachineUpdater.java:lambda$new$0(84)) - ed184682-841a-431b-821d-e4efb86e7b6e@group-AD3E095FAB4F-StateMachineUpdater: snapshotIndex: updateIncreasingly -1 -> 13
2019-11-12 22:25:18,884 [grpc-default-executor-5] INFO  impl.RaftServerImpl (ServerState.java:close(387)) - ed184682-841a-431b-821d-e4efb86e7b6e@group-AD3E095FAB4F: closes. applyIndex: 13
2019-11-12 22:25:18,884 [ed184682-841a-431b-821d-e4efb86e7b6e@group-AD3E095FAB4F-SegmentedRaftLogWorker] INFO  segmented.SegmentedRaftLogWorker (SegmentedRaftLogWorker.java:run(316)) - ed184682-841a-431b-821d-e4efb86e7b6e@group-AD3E095FAB4F-SegmentedRaftLogWorker was interrupted, exiting. There are 0 tasks remaining in the queue.
2019-11-12 22:25:18,886 [grpc-default-executor-5] INFO  segmented.SegmentedRaftLogWorker (SegmentedRaftLogWorker.java:close(224)) - ed184682-841a-431b-821d-e4efb86e7b6e@group-AD3E095FAB4F-SegmentedRaftLogWorker close()
2019-11-12 22:25:18,927 [grpc-default-executor-5] INFO  interfaces.Container (KeyValueContainer.java:flushAndSyncDB(400)) - Container 1 is synced with bcsId 10.
2019-11-12 22:25:18,927 [grpc-default-executor-5] INFO  interfaces.Container (KeyValueContainer.java:flushAndSyncDB(400)) - Container 1 is synced with bcsId 10.
2019-11-12 22:25:18,953 [EventQueue-IncrementalContainerReportForIncrementalContainerReportHandler] INFO  container.IncrementalContainerReportHandler (AbstractContainerReportHandler.java:updateContainerState(171)) - Moving container #1 to QUASI_CLOSED state, datanode ed184682-841a-431b-821d-e4efb86e7b6e{ip: 192.168.157.210, host: pr-hdds-2463-z4974-865879084, networkLocation: /default-rack, certSerialId: null} reported QUASI_CLOSED replica.
2019-11-12 22:25:18,957 [grpc-default-executor-5] INFO  impl.RaftServerProxy (RaftServerProxy.java:remove(95)) - fed2bd94-bbf4-4593-9887-7c07c070d07d: remove  FOLLOWER fed2bd94-bbf4-4593-9887-7c07c070d07d@group-AD3E095FAB4F:t1, leader=ed184682-841a-431b-821d-e4efb86e7b6e, voted=ed184682-841a-431b-821d-e4efb86e7b6e, raftlog=fed2bd94-bbf4-4593-9887-7c07c070d07d@group-AD3E095FAB4F-SegmentedRaftLog:OPENED:c9,f13,i13, conf=0: [ed184682-841a-431b-821d-e4efb86e7b6e:192.168.157.210:40829, cc8f8d42-1b01-4431-8c29-b671ab5a5551:192.168.157.210:40886, fed2bd94-bbf4-4593-9887-7c07c070d07d:192.168.157.210:37620], old=null RUNNING
2019-11-12 22:25:18,957 [grpc-default-executor-5] INFO  impl.RaftServerImpl (RaftServerImpl.java:lambda$shutdown$3(250)) - fed2bd94-bbf4-4593-9887-7c07c070d07d@group-AD3E095FAB4F: shutdown
2019-11-12 22:25:18,958 [grpc-default-executor-5] INFO  util.JmxRegister (JmxRegister.java:unregister(73)) - Successfully un-registered JMX Bean with object name Ratis:service=RaftServer,group=group-AD3E095FAB4F,id=fed2bd94-bbf4-4593-9887-7c07c070d07d
2019-11-12 22:25:18,958 [grpc-default-executor-5] INFO  impl.RoleInfo (RoleInfo.java:shutdownFollowerState(121)) - fed2bd94-bbf4-4593-9887-7c07c070d07d: shutdown FollowerState
2019-11-12 22:25:18,958 [grpc-default-executor-5] INFO  impl.StateMachineUpdater (StateMachineUpdater.java:stopAndJoin(136)) - fed2bd94-bbf4-4593-9887-7c07c070d07d@group-AD3E095FAB4F-StateMachineUpdater: set stopIndex = 9
2019-11-12 22:25:18,958 [fed2bd94-bbf4-4593-9887-7c07c070d07d@group-AD3E095FAB4F-StateMachineUpdater] INFO  ratis.ContainerStateMachine (ContainerStateMachine.java:takeSnapshot(285)) - group-AD3E095FAB4F: Taking a snapshot at:(t:1, i:9) file /workdir/hadoop-ozone/integration-test/target/test-dir/MiniOzoneClusterImpl-49cde4fa-0f5c-485a-80e4-a10b14a740d7/datanode-1/data/ratis/f6de3f57-1a33-45c5-ae6b-ad3e095fab4f/sm/snapshot.1_9
2019-11-12 22:25:18,958 [Thread-1702] INFO  impl.FollowerState (FollowerState.java:run(120)) - fed2bd94-bbf4-4593-9887-7c07c070d07d@group-AD3E095FAB4F-FollowerState was interrupted: java.lang.InterruptedException: sleep interrupted
2019-11-12 22:25:18,982 [fed2bd94-bbf4-4593-9887-7c07c070d07d@group-AD3E095FAB4F-StateMachineUpdater] INFO  ratis.ContainerStateMachine (ContainerStateMachine.java:takeSnapshot(296)) - group-AD3E095FAB4F: Finished taking a snapshot at:(t:1, i:9) file:/workdir/hadoop-ozone/integration-test/target/test-dir/MiniOzoneClusterImpl-49cde4fa-0f5c-485a-80e4-a10b14a740d7/datanode-1/data/ratis/f6de3f57-1a33-45c5-ae6b-ad3e095fab4f/sm/snapshot.1_9 time:24
2019-11-12 22:25:18,983 [fed2bd94-bbf4-4593-9887-7c07c070d07d@group-AD3E095FAB4F-StateMachineUpdater] INFO  impl.StateMachineUpdater (StateMachineUpdater.java:takeSnapshot(269)) - fed2bd94-bbf4-4593-9887-7c07c070d07d@group-AD3E095FAB4F-StateMachineUpdater: Took a snapshot at index 9
2019-11-12 22:25:18,983 [fed2bd94-bbf4-4593-9887-7c07c070d07d@group-AD3E095FAB4F-StateMachineUpdater] INFO  impl.StateMachineUpdater (StateMachineUpdater.java:lambda$new$0(84)) - fed2bd94-bbf4-4593-9887-7c07c070d07d@group-AD3E095FAB4F-StateMachineUpdater: snapshotIndex: updateIncreasingly -1 -> 9
2019-11-12 22:25:18,983 [grpc-default-executor-5] INFO  impl.RaftServerImpl (ServerState.java:close(387)) - fed2bd94-bbf4-4593-9887-7c07c070d07d@group-AD3E095FAB4F: closes. applyIndex: 9
2019-11-12 22:25:18,983 [fed2bd94-bbf4-4593-9887-7c07c070d07d@group-AD3E095FAB4F-SegmentedRaftLogWorker] INFO  segmented.SegmentedRaftLogWorker (SegmentedRaftLogWorker.java:run(316)) - fed2bd94-bbf4-4593-9887-7c07c070d07d@group-AD3E095FAB4F-SegmentedRaftLogWorker was interrupted, exiting. There are 0 tasks remaining in the queue.
2019-11-12 22:25:18,985 [grpc-default-executor-5] INFO  segmented.SegmentedRaftLogWorker (SegmentedRaftLogWorker.java:close(224)) - fed2bd94-bbf4-4593-9887-7c07c070d07d@group-AD3E095FAB4F-SegmentedRaftLogWorker close()
2019-11-12 22:25:19,024 [grpc-default-executor-5] INFO  interfaces.Container (KeyValueContainer.java:flushAndSyncDB(400)) - Container 1 is synced with bcsId 8.
2019-11-12 22:25:19,024 [grpc-default-executor-5] INFO  interfaces.Container (KeyValueContainer.java:flushAndSyncDB(400)) - Container 1 is synced with bcsId 8.
2019-11-12 22:25:19,054 [grpc-default-executor-5] INFO  impl.RaftServerProxy (RaftServerProxy.java:remove(95)) - cc8f8d42-1b01-4431-8c29-b671ab5a5551: remove  FOLLOWER cc8f8d42-1b01-4431-8c29-b671ab5a5551@group-AD3E095FAB4F:t1, leader=ed184682-841a-431b-821d-e4efb86e7b6e, voted=ed184682-841a-431b-821d-e4efb86e7b6e, raftlog=cc8f8d42-1b01-4431-8c29-b671ab5a5551@group-AD3E095FAB4F-SegmentedRaftLog:OPENED:c9,f13,i13, conf=0: [ed184682-841a-431b-821d-e4efb86e7b6e:192.168.157.210:40829, cc8f8d42-1b01-4431-8c29-b671ab5a5551:192.168.157.210:40886, fed2bd94-bbf4-4593-9887-7c07c070d07d:192.168.157.210:37620], old=null RUNNING
2019-11-12 22:25:19,054 [grpc-default-executor-5] INFO  impl.RaftServerImpl (RaftServerImpl.java:lambda$shutdown$3(250)) - cc8f8d42-1b01-4431-8c29-b671ab5a5551@group-AD3E095FAB4F: shutdown
2019-11-12 22:25:19,054 [grpc-default-executor-5] INFO  util.JmxRegister (JmxRegister.java:unregister(73)) - Successfully un-registered JMX Bean with object name Ratis:service=RaftServer,group=group-AD3E095FAB4F,id=cc8f8d42-1b01-4431-8c29-b671ab5a5551
2019-11-12 22:25:19,054 [grpc-default-executor-5] INFO  impl.RoleInfo (RoleInfo.java:shutdownFollowerState(121)) - cc8f8d42-1b01-4431-8c29-b671ab5a5551: shutdown FollowerState
2019-11-12 22:25:19,054 [grpc-default-executor-5] INFO  impl.StateMachineUpdater (StateMachineUpdater.java:stopAndJoin(136)) - cc8f8d42-1b01-4431-8c29-b671ab5a5551@group-AD3E095FAB4F-StateMachineUpdater: set stopIndex = 9
2019-11-12 22:25:19,054 [Thread-1703] INFO  impl.FollowerState (FollowerState.java:run(120)) - cc8f8d42-1b01-4431-8c29-b671ab5a5551@group-AD3E095FAB4F-FollowerState was interrupted: java.lang.InterruptedException: sleep interrupted
2019-11-12 22:25:19,054 [cc8f8d42-1b01-4431-8c29-b671ab5a5551@group-AD3E095FAB4F-StateMachineUpdater] INFO  ratis.ContainerStateMachine (ContainerStateMachine.java:takeSnapshot(285)) - group-AD3E095FAB4F: Taking a snapshot at:(t:1, i:9) file /workdir/hadoop-ozone/integration-test/target/test-dir/MiniOzoneClusterImpl-49cde4fa-0f5c-485a-80e4-a10b14a740d7/datanode-2/data/ratis/f6de3f57-1a33-45c5-ae6b-ad3e095fab4f/sm/snapshot.1_9
2019-11-12 22:25:19,085 [cc8f8d42-1b01-4431-8c29-b671ab5a5551@group-AD3E095FAB4F-StateMachineUpdater] INFO  ratis.ContainerStateMachine (ContainerStateMachine.java:takeSnapshot(296)) - group-AD3E095FAB4F: Finished taking a snapshot at:(t:1, i:9) file:/workdir/hadoop-ozone/integration-test/target/test-dir/MiniOzoneClusterImpl-49cde4fa-0f5c-485a-80e4-a10b14a740d7/datanode-2/data/ratis/f6de3f57-1a33-45c5-ae6b-ad3e095fab4f/sm/snapshot.1_9 time:30
2019-11-12 22:25:19,085 [cc8f8d42-1b01-4431-8c29-b671ab5a5551@group-AD3E095FAB4F-StateMachineUpdater] INFO  impl.StateMachineUpdater (StateMachineUpdater.java:takeSnapshot(269)) - cc8f8d42-1b01-4431-8c29-b671ab5a5551@group-AD3E095FAB4F-StateMachineUpdater: Took a snapshot at index 9
2019-11-12 22:25:19,085 [cc8f8d42-1b01-4431-8c29-b671ab5a5551@group-AD3E095FAB4F-StateMachineUpdater] INFO  impl.StateMachineUpdater (StateMachineUpdater.java:lambda$new$0(84)) - cc8f8d42-1b01-4431-8c29-b671ab5a5551@group-AD3E095FAB4F-StateMachineUpdater: snapshotIndex: updateIncreasingly -1 -> 9
2019-11-12 22:25:19,086 [grpc-default-executor-5] INFO  impl.RaftServerImpl (ServerState.java:close(387)) - cc8f8d42-1b01-4431-8c29-b671ab5a5551@group-AD3E095FAB4F: closes. applyIndex: 9
2019-11-12 22:25:19,086 [cc8f8d42-1b01-4431-8c29-b671ab5a5551@group-AD3E095FAB4F-SegmentedRaftLogWorker] INFO  segmented.SegmentedRaftLogWorker (SegmentedRaftLogWorker.java:run(316)) - cc8f8d42-1b01-4431-8c29-b671ab5a5551@group-AD3E095FAB4F-SegmentedRaftLogWorker was interrupted, exiting. There are 0 tasks remaining in the queue.
2019-11-12 22:25:19,088 [grpc-default-executor-5] INFO  segmented.SegmentedRaftLogWorker (SegmentedRaftLogWorker.java:close(224)) - cc8f8d42-1b01-4431-8c29-b671ab5a5551@group-AD3E095FAB4F-SegmentedRaftLogWorker close()
2019-11-12 22:25:19,128 [grpc-default-executor-5] INFO  interfaces.Container (KeyValueContainer.java:flushAndSyncDB(400)) - Container 1 is synced with bcsId 8.
2019-11-12 22:25:19,129 [grpc-default-executor-5] INFO  interfaces.Container (KeyValueContainer.java:flushAndSyncDB(400)) - Container 1 is synced with bcsId 8.
2019-11-12 22:25:19,165 [Thread-1654] INFO  pipeline.PipelineStateManager (PipelineStateManager.java:removePipeline(106)) - Pipeline Pipeline[ Id: f6de3f57-1a33-45c5-ae6b-ad3e095fab4f, Nodes: ed184682-841a-431b-821d-e4efb86e7b6e{ip: 192.168.157.210, host: pr-hdds-2463-z4974-865879084, networkLocation: /default-rack, certSerialId: null}fed2bd94-bbf4-4593-9887-7c07c070d07d{ip: 192.168.157.210, host: pr-hdds-2463-z4974-865879084, networkLocation: /default-rack, certSerialId: null}cc8f8d42-1b01-4431-8c29-b671ab5a5551{ip: 192.168.157.210, host: pr-hdds-2463-z4974-865879084, networkLocation: /default-rack, certSerialId: null}, Type:RATIS, Factor:THREE, State:CLOSED] removed from db
2019-11-12 22:25:19,165 [Thread-1654] INFO  pipeline.SCMPipelineManager (SCMPipelineManager.java:finalizeAndDestroyPipeline(315)) - destroying pipeline:Pipeline[ Id: e782d8f8-1e43-4432-bffa-a60766204afd, Nodes: cc8f8d42-1b01-4431-8c29-b671ab5a5551{ip: 192.168.157.210, host: pr-hdds-2463-z4974-865879084, networkLocation: /default-rack, certSerialId: null}, Type:RATIS, Factor:ONE, State:OPEN]
2019-11-12 22:25:19,165 [Thread-1654] INFO  pipeline.PipelineStateManager (PipelineStateManager.java:finalizePipeline(121)) - Pipeline Pipeline[ Id: e782d8f8-1e43-4432-bffa-a60766204afd, Nodes: cc8f8d42-1b01-4431-8c29-b671ab5a5551{ip: 192.168.157.210, host: pr-hdds-2463-z4974-865879084, networkLocation: /default-rack, certSerialId: null}, Type:RATIS, Factor:ONE, State:CLOSED] moved to CLOSED state
2019-11-12 22:25:19,173 [grpc-default-executor-1] INFO  impl.RaftServerProxy (RaftServerProxy.java:remove(95)) - cc8f8d42-1b01-4431-8c29-b671ab5a5551: remove    LEADER cc8f8d42-1b01-4431-8c29-b671ab5a5551@group-A60766204AFD:t1, leader=cc8f8d42-1b01-4431-8c29-b671ab5a5551, voted=cc8f8d42-1b01-4431-8c29-b671ab5a5551, raftlog=cc8f8d42-1b01-4431-8c29-b671ab5a5551@group-A60766204AFD-SegmentedRaftLog:OPENED:c0,f0,i0, conf=0: [cc8f8d42-1b01-4431-8c29-b671ab5a5551:192.168.157.210:40886], old=null RUNNING
2019-11-12 22:25:19,179 [grpc-default-executor-1] INFO  impl.RaftServerImpl (RaftServerImpl.java:lambda$shutdown$3(250)) - cc8f8d42-1b01-4431-8c29-b671ab5a5551@group-A60766204AFD: shutdown
2019-11-12 22:25:19,179 [grpc-default-executor-1] INFO  util.JmxRegister (JmxRegister.java:unregister(73)) - Successfully un-registered JMX Bean with object name Ratis:service=RaftServer,group=group-A60766204AFD,id=cc8f8d42-1b01-4431-8c29-b671ab5a5551
2019-11-12 22:25:19,179 [grpc-default-executor-1] INFO  impl.RoleInfo (RoleInfo.java:shutdownLeaderState(104)) - cc8f8d42-1b01-4431-8c29-b671ab5a5551: shutdown LeaderState
2019-11-12 22:25:19,179 [grpc-default-executor-1] INFO  impl.PendingRequests (PendingRequests.java:sendNotLeaderResponses(206)) - cc8f8d42-1b01-4431-8c29-b671ab5a5551@group-A60766204AFD-PendingRequests: sendNotLeaderResponses
2019-11-12 22:25:19,180 [grpc-default-executor-1] INFO  impl.StateMachineUpdater (StateMachineUpdater.java:stopAndJoin(136)) - cc8f8d42-1b01-4431-8c29-b671ab5a5551@group-A60766204AFD-StateMachineUpdater: set stopIndex = 0
2019-11-12 22:25:19,180 [grpc-default-executor-1] INFO  impl.RaftServerImpl (ServerState.java:close(387)) - cc8f8d42-1b01-4431-8c29-b671ab5a5551@group-A60766204AFD: closes. applyIndex: 0
2019-11-12 22:25:19,180 [cc8f8d42-1b01-4431-8c29-b671ab5a5551@group-A60766204AFD-SegmentedRaftLogWorker] INFO  segmented.SegmentedRaftLogWorker (SegmentedRaftLogWorker.java:run(316)) - cc8f8d42-1b01-4431-8c29-b671ab5a5551@group-A60766204AFD-SegmentedRaftLogWorker was interrupted, exiting. There are 0 tasks remaining in the queue.
2019-11-12 22:25:19,180 [grpc-default-executor-5] INFO  impl.RaftServerProxy (RaftServerProxy.java:addNew(89)) - cc8f8d42-1b01-4431-8c29-b671ab5a5551: addNew group-FBDC790551F3:[cc8f8d42-1b01-4431-8c29-b671ab5a5551:192.168.157.210:40886] returns group-FBDC790551F3:java.util.concurrent.CompletableFuture@ea7e684[Not completed]
2019-11-12 22:25:19,181 [grpc-default-executor-1] INFO  segmented.SegmentedRaftLogWorker (SegmentedRaftLogWorker.java:close(224)) - cc8f8d42-1b01-4431-8c29-b671ab5a5551@group-A60766204AFD-SegmentedRaftLogWorker close()
2019-11-12 22:25:19,184 [pool-173-thread-1] INFO  impl.RaftServerImpl (RaftServerImpl.java:<init>(98)) - cc8f8d42-1b01-4431-8c29-b671ab5a5551: new RaftServerImpl for group-FBDC790551F3:[cc8f8d42-1b01-4431-8c29-b671ab5a5551:192.168.157.210:40886] with ContainerStateMachine:uninitialized
2019-11-12 22:25:19,184 [pool-173-thread-1] INFO  server.RaftServerConfigKeys (ConfUtils.java:logGet(43)) - raft.server.rpc.timeout.min = 1s (custom)
2019-11-12 22:25:19,184 [pool-173-thread-1] INFO  server.RaftServerConfigKeys (ConfUtils.java:logGet(43)) - raft.server.rpc.timeout.max = 1200ms (custom)
2019-11-12 22:25:19,184 [pool-173-thread-1] INFO  server.RaftServerConfigKeys (ConfUtils.java:logGet(43)) - raft.server.rpcslowness.timeout = 120s (custom)
2019-11-12 22:25:19,184 [pool-173-thread-1] INFO  server.RaftServerConfigKeys (ConfUtils.java:logGet(43)) - raft.server.sleep.deviation.threshold = 300 (default)
2019-11-12 22:25:19,184 [pool-173-thread-1] INFO  server.RaftServerConfigKeys (ConfUtils.java:logGet(43)) - raft.server.log.appender.install.snapshot.enabled = false (custom)
2019-11-12 22:25:19,184 [pool-173-thread-1] INFO  impl.RaftServerImpl (ServerState.java:<init>(103)) - cc8f8d42-1b01-4431-8c29-b671ab5a5551@group-FBDC790551F3: ConfigurationManager, init=-1: [cc8f8d42-1b01-4431-8c29-b671ab5a5551:192.168.157.210:40886], old=null, confs=<EMPTY_MAP>
2019-11-12 22:25:19,185 [pool-173-thread-1] INFO  server.RaftServerConfigKeys (ConfUtils.java:logGet(43)) - raft.server.storage.dir = [/workdir/hadoop-ozone/integration-test/target/test-dir/MiniOzoneClusterImpl-49cde4fa-0f5c-485a-80e4-a10b14a740d7/datanode-2/data/ratis] (custom)
2019-11-12 22:25:19,185 [pool-173-thread-1] INFO  server.RaftServerConfigKeys (ConfUtils.java:logGet(43)) - raft.server.log.corruption.policy = EXCEPTION (default)
2019-11-12 22:25:19,185 [pool-173-thread-1] INFO  storage.RaftStorageDirectory (RaftStorageDirectory.java:analyzeStorage(246)) - The storage directory /workdir/hadoop-ozone/integration-test/target/test-dir/MiniOzoneClusterImpl-49cde4fa-0f5c-485a-80e4-a10b14a740d7/datanode-2/data/ratis/98f40f76-2e47-42c3-9cd1-fbdc790551f3 does not exist. Creating ...
2019-11-12 22:25:19,207 [pool-173-thread-1] INFO  storage.RaftStorageDirectory (RaftStorageDirectory.java:tryLock(328)) - Lock on /workdir/hadoop-ozone/integration-test/target/test-dir/MiniOzoneClusterImpl-49cde4fa-0f5c-485a-80e4-a10b14a740d7/datanode-2/data/ratis/98f40f76-2e47-42c3-9cd1-fbdc790551f3/in_use.lock acquired by nodename 20844@pr-hdds-2463-z4974-865879084
2019-11-12 22:25:19,226 [pool-173-thread-1] INFO  storage.RaftStorage (RaftStorage.java:format(84)) - Storage directory /workdir/hadoop-ozone/integration-test/target/test-dir/MiniOzoneClusterImpl-49cde4fa-0f5c-485a-80e4-a10b14a740d7/datanode-2/data/ratis/98f40f76-2e47-42c3-9cd1-fbdc790551f3 has been successfully formatted.
2019-11-12 22:25:19,226 [pool-173-thread-1] INFO  ratis.ContainerStateMachine (ContainerStateMachine.java:loadSnapshot(223)) - group-FBDC790551F3: The snapshot info is null. Setting the last applied indexto:(t:0, i:~)
2019-11-12 22:25:19,227 [pool-173-thread-1] INFO  server.RaftServerConfigKeys (ConfUtils.java:logGet(43)) - raft.server.notification.no-leader.timeout = 120s (custom)
2019-11-12 22:25:19,227 [pool-173-thread-1] INFO  server.RaftServerConfigKeys (ConfUtils.java:logGet(43)) - raft.server.log.use.memory = false (default)
2019-11-12 22:25:19,227 [pool-173-thread-1] INFO  server.RaftServerConfigKeys (ConfUtils.java:logGet(43)) - raft.server.log.purge.gap = 1000000 (custom)
2019-11-12 22:25:19,227 [pool-173-thread-1] INFO  server.RaftServerConfigKeys (ConfUtils.java:logGet(43)) - raft.server.log.appender.buffer.byte-limit = 33554432 (custom)
2019-11-12 22:25:19,227 [pool-173-thread-1] INFO  server.RaftServerConfigKeys (ConfUtils.java:logGet(43)) - raft.server.log.segment.size.max = 1048576 (custom)
2019-11-12 22:25:19,227 [pool-173-thread-1] INFO  server.RaftServerConfigKeys (ConfUtils.java:logGet(43)) - raft.server.log.segment.cache.num.max = 2 (custom)
2019-11-12 22:25:19,227 [pool-173-thread-1] INFO  segmented.SegmentedRaftLogWorker (SegmentedRaftLogWorker.java:<init>(173)) - new cc8f8d42-1b01-4431-8c29-b671ab5a5551@group-FBDC790551F3-SegmentedRaftLogWorker for RaftStorage:Storage Directory /workdir/hadoop-ozone/integration-test/target/test-dir/MiniOzoneClusterImpl-49cde4fa-0f5c-485a-80e4-a10b14a740d7/datanode-2/data/ratis/98f40f76-2e47-42c3-9cd1-fbdc790551f3
2019-11-12 22:25:19,228 [pool-173-thread-1] INFO  server.RaftServerConfigKeys (ConfUtils.java:logGet(43)) - raft.server.log.queue.byte-limit = 2147483647 (custom)
2019-11-12 22:25:19,228 [pool-173-thread-1] INFO  server.RaftServerConfigKeys (ConfUtils.java:logGet(43)) - raft.server.log.queue.element-limit = 1024 (custom)
2019-11-12 22:25:19,228 [pool-173-thread-1] INFO  server.RaftServerConfigKeys (ConfUtils.java:logGet(43)) - raft.server.log.segment.size.max = 1048576 (custom)
2019-11-12 22:25:19,228 [pool-173-thread-1] INFO  server.RaftServerConfigKeys (ConfUtils.java:logGet(43)) - raft.server.log.preallocated.size = 16384 (custom)
2019-11-12 22:25:19,228 [pool-173-thread-1] INFO  server.RaftServerConfigKeys (ConfUtils.java:logGet(43)) - raft.server.log.write.buffer.size = 33554432 (custom)
2019-11-12 22:25:19,228 [pool-173-thread-1] INFO  server.RaftServerConfigKeys (ConfUtils.java:logGet(43)) - raft.server.log.force.sync.num = 128 (default)
2019-11-12 22:25:19,228 [pool-173-thread-1] INFO  server.RaftServerConfigKeys (ConfUtils.java:logGet(43)) - raft.server.log.statemachine.data.sync = true (default)
2019-11-12 22:25:19,228 [pool-173-thread-1] INFO  server.RaftServerConfigKeys (ConfUtils.java:logGet(43)) - raft.server.log.statemachine.data.sync.timeout = 10s (default)
2019-11-12 22:25:19,229 [pool-173-thread-1] INFO  server.RaftServerConfigKeys (ConfUtils.java:logGet(43)) - raft.server.log.statemachine.data.sync.timeout.retry = -1 (default)
2019-11-12 22:25:19,229 [pool-173-thread-1] INFO  server.RaftServerConfigKeys (ConfUtils.java:logGet(43)) - raft.server.log.statemachine.data.caching.enabled = true (custom)
2019-11-12 22:25:19,229 [pool-173-thread-1] INFO  segmented.SegmentedRaftLogWorker (SegmentedRaftLogWorker.java:lambda$new$0(128)) - cc8f8d42-1b01-4431-8c29-b671ab5a5551@group-FBDC790551F3-SegmentedRaftLogWorker: flushIndex: setUnconditionally 0 -> -1
2019-11-12 22:25:19,229 [pool-173-thread-1] INFO  server.RaftServerConfigKeys (ConfUtils.java:logGet(43)) - raft.server.snapshot.auto.trigger.enabled = true (custom)
2019-11-12 22:25:19,229 [pool-173-thread-1] INFO  server.RaftServerConfigKeys (ConfUtils.java:logGet(43)) - raft.server.snapshot.auto.trigger.threshold = 10000 (custom)
2019-11-12 22:25:19,230 [pool-173-thread-1] INFO  server.RaftServerConfigKeys (ConfUtils.java:logGet(43)) - raft.server.snapshot.retention.file.num = 5 (custom)
2019-11-12 22:25:19,230 [pool-173-thread-1] INFO  server.RaftServerConfigKeys (ConfUtils.java:logGet(43)) - raft.server.retrycache.expirytime = 600000ms (custom)
2019-11-12 22:25:19,230 [pool-173-thread-1] WARN  impl.MetricRegistriesImpl (MetricRegistriesImpl.java:lambda$create$1(61)) - First MetricRegistry has been created without registering reporters. You may need to call MetricRegistries.global().addReportRegistration(...) before.
2019-11-12 22:25:19,230 [pool-173-thread-1] WARN  impl.MetricRegistriesImpl (MetricRegistriesImpl.java:lambda$create$1(61)) - First MetricRegistry has been created without registering reporters. You may need to call MetricRegistries.global().addReportRegistration(...) before.
2019-11-12 22:25:19,230 [pool-173-thread-1] INFO  impl.RaftServerImpl (RaftServerImpl.java:start(184)) - cc8f8d42-1b01-4431-8c29-b671ab5a5551@group-FBDC790551F3: start as a follower, conf=-1: [cc8f8d42-1b01-4431-8c29-b671ab5a5551:192.168.157.210:40886], old=null
2019-11-12 22:25:19,231 [pool-173-thread-1] INFO  impl.RaftServerImpl (RaftServerImpl.java:setRole(173)) - cc8f8d42-1b01-4431-8c29-b671ab5a5551@group-FBDC790551F3: changes role from      null to FOLLOWER at term 0 for startAsFollower
2019-11-12 22:25:19,231 [pool-173-thread-1] INFO  impl.RoleInfo (RoleInfo.java:updateAndGet(143)) - cc8f8d42-1b01-4431-8c29-b671ab5a5551: start FollowerState
2019-11-12 22:25:19,231 [pool-173-thread-1] INFO  util.JmxRegister (JmxRegister.java:tryRegister(44)) - Successfully registered JMX Bean with object name Ratis:service=RaftServer,group=group-FBDC790551F3,id=cc8f8d42-1b01-4431-8c29-b671ab5a5551
2019-11-12 22:25:19,231 [pool-173-thread-1] WARN  impl.MetricRegistriesImpl (MetricRegistriesImpl.java:lambda$create$1(61)) - First MetricRegistry has been created without registering reporters. You may need to call MetricRegistries.global().addReportRegistration(...) before.
2019-11-12 22:25:19,234 [RatisPipelineUtilsThread] INFO  pipeline.PipelineStateManager (PipelineStateManager.java:addPipeline(55)) - Created pipeline Pipeline[ Id: 98f40f76-2e47-42c3-9cd1-fbdc790551f3, Nodes: cc8f8d42-1b01-4431-8c29-b671ab5a5551{ip: 192.168.157.210, host: pr-hdds-2463-z4974-865879084, networkLocation: /default-rack, certSerialId: null}, Type:RATIS, Factor:ONE, State:ALLOCATED]
2019-11-12 22:25:19,239 [grpc-default-executor-1] INFO  impl.RaftServerProxy (RaftServerProxy.java:addNew(89)) - ed184682-841a-431b-821d-e4efb86e7b6e: addNew group-136293D85503:[ed184682-841a-431b-821d-e4efb86e7b6e:192.168.157.210:40829, cc8f8d42-1b01-4431-8c29-b671ab5a5551:192.168.157.210:40886, fed2bd94-bbf4-4593-9887-7c07c070d07d:192.168.157.210:37620] returns group-136293D85503:java.util.concurrent.CompletableFuture@4926d145[Not completed]
2019-11-12 22:25:19,239 [grpc-default-executor-2] INFO  impl.RaftServerProxy (RaftServerProxy.java:addNew(89)) - fed2bd94-bbf4-4593-9887-7c07c070d07d: addNew group-136293D85503:[ed184682-841a-431b-821d-e4efb86e7b6e:192.168.157.210:40829, cc8f8d42-1b01-4431-8c29-b671ab5a5551:192.168.157.210:40886, fed2bd94-bbf4-4593-9887-7c07c070d07d:192.168.157.210:37620] returns group-136293D85503:java.util.concurrent.CompletableFuture@4cfcb094[Not completed]
2019-11-12 22:25:19,239 [grpc-default-executor-5] INFO  impl.RaftServerProxy (RaftServerProxy.java:addNew(89)) - cc8f8d42-1b01-4431-8c29-b671ab5a5551: addNew group-136293D85503:[ed184682-841a-431b-821d-e4efb86e7b6e:192.168.157.210:40829, cc8f8d42-1b01-4431-8c29-b671ab5a5551:192.168.157.210:40886, fed2bd94-bbf4-4593-9887-7c07c070d07d:192.168.157.210:37620] returns group-136293D85503:java.util.concurrent.CompletableFuture@466aeeff[Not completed]
2019-11-12 22:25:19,240 [pool-163-thread-1] INFO  impl.RaftServerImpl (RaftServerImpl.java:<init>(98)) - fed2bd94-bbf4-4593-9887-7c07c070d07d: new RaftServerImpl for group-136293D85503:[ed184682-841a-431b-821d-e4efb86e7b6e:192.168.157.210:40829, cc8f8d42-1b01-4431-8c29-b671ab5a5551:192.168.157.210:40886, fed2bd94-bbf4-4593-9887-7c07c070d07d:192.168.157.210:37620] with ContainerStateMachine:uninitialized
2019-11-12 22:25:19,240 [pool-163-thread-1] INFO  server.RaftServerConfigKeys (ConfUtils.java:logGet(43)) - raft.server.rpc.timeout.min = 1s (custom)
2019-11-12 22:25:19,240 [pool-163-thread-1] INFO  server.RaftServerConfigKeys (ConfUtils.java:logGet(43)) - raft.server.rpc.timeout.max = 1200ms (custom)
2019-11-12 22:25:19,240 [pool-163-thread-1] INFO  server.RaftServerConfigKeys (ConfUtils.java:logGet(43)) - raft.server.rpcslowness.timeout = 120s (custom)
2019-11-12 22:25:19,240 [pool-163-thread-1] INFO  server.RaftServerConfigKeys (ConfUtils.java:logGet(43)) - raft.server.sleep.deviation.threshold = 300 (default)
2019-11-12 22:25:19,241 [pool-163-thread-1] INFO  server.RaftServerConfigKeys (ConfUtils.java:logGet(43)) - raft.server.log.appender.install.snapshot.enabled = false (custom)
2019-11-12 22:25:19,241 [pool-173-thread-1] INFO  impl.RaftServerImpl (RaftServerImpl.java:<init>(98)) - cc8f8d42-1b01-4431-8c29-b671ab5a5551: new RaftServerImpl for group-136293D85503:[ed184682-841a-431b-821d-e4efb86e7b6e:192.168.157.210:40829, cc8f8d42-1b01-4431-8c29-b671ab5a5551:192.168.157.210:40886, fed2bd94-bbf4-4593-9887-7c07c070d07d:192.168.157.210:37620] with ContainerStateMachine:uninitialized
2019-11-12 22:25:19,241 [pool-163-thread-1] INFO  impl.RaftServerImpl (ServerState.java:<init>(103)) - fed2bd94-bbf4-4593-9887-7c07c070d07d@group-136293D85503: ConfigurationManager, init=-1: [ed184682-841a-431b-821d-e4efb86e7b6e:192.168.157.210:40829, cc8f8d42-1b01-4431-8c29-b671ab5a5551:192.168.157.210:40886, fed2bd94-bbf4-4593-9887-7c07c070d07d:192.168.157.210:37620], old=null, confs=<EMPTY_MAP>
2019-11-12 22:25:19,241 [pool-173-thread-1] INFO  server.RaftServerConfigKeys (ConfUtils.java:logGet(43)) - raft.server.rpc.timeout.min = 1s (custom)
2019-11-12 22:25:19,241 [pool-163-thread-1] INFO  server.RaftServerConfigKeys (ConfUtils.java:logGet(43)) - raft.server.storage.dir = [/workdir/hadoop-ozone/integration-test/target/test-dir/MiniOzoneClusterImpl-49cde4fa-0f5c-485a-80e4-a10b14a740d7/datanode-1/data/ratis] (custom)
2019-11-12 22:25:19,241 [pool-173-thread-1] INFO  server.RaftServerConfigKeys (ConfUtils.java:logGet(43)) - raft.server.rpc.timeout.max = 1200ms (custom)
2019-11-12 22:25:19,241 [pool-173-thread-1] INFO  server.RaftServerConfigKeys (ConfUtils.java:logGet(43)) - raft.server.rpcslowness.timeout = 120s (custom)
2019-11-12 22:25:19,241 [pool-153-thread-1] INFO  impl.RaftServerImpl (RaftServerImpl.java:<init>(98)) - ed184682-841a-431b-821d-e4efb86e7b6e: new RaftServerImpl for group-136293D85503:[ed184682-841a-431b-821d-e4efb86e7b6e:192.168.157.210:40829, cc8f8d42-1b01-4431-8c29-b671ab5a5551:192.168.157.210:40886, fed2bd94-bbf4-4593-9887-7c07c070d07d:192.168.157.210:37620] with ContainerStateMachine:uninitialized
2019-11-12 22:25:19,241 [pool-173-thread-1] INFO  server.RaftServerConfigKeys (ConfUtils.java:logGet(43)) - raft.server.sleep.deviation.threshold = 300 (default)
2019-11-12 22:25:19,241 [pool-163-thread-1] INFO  server.RaftServerConfigKeys (ConfUtils.java:logGet(43)) - raft.server.log.corruption.policy = EXCEPTION (default)
2019-11-12 22:25:19,241 [pool-173-thread-1] INFO  server.RaftServerConfigKeys (ConfUtils.java:logGet(43)) - raft.server.log.appender.install.snapshot.enabled = false (custom)
2019-11-12 22:25:19,241 [pool-153-thread-1] INFO  server.RaftServerConfigKeys (ConfUtils.java:logGet(43)) - raft.server.rpc.timeout.min = 1s (custom)
2019-11-12 22:25:19,242 [pool-173-thread-1] INFO  impl.RaftServerImpl (ServerState.java:<init>(103)) - cc8f8d42-1b01-4431-8c29-b671ab5a5551@group-136293D85503: ConfigurationManager, init=-1: [ed184682-841a-431b-821d-e4efb86e7b6e:192.168.157.210:40829, cc8f8d42-1b01-4431-8c29-b671ab5a5551:192.168.157.210:40886, fed2bd94-bbf4-4593-9887-7c07c070d07d:192.168.157.210:37620], old=null, confs=<EMPTY_MAP>
2019-11-12 22:25:19,242 [pool-163-thread-1] INFO  storage.RaftStorageDirectory (RaftStorageDirectory.java:analyzeStorage(246)) - The storage directory /workdir/hadoop-ozone/integration-test/target/test-dir/MiniOzoneClusterImpl-49cde4fa-0f5c-485a-80e4-a10b14a740d7/datanode-1/data/ratis/af0dc319-39b1-485d-a14c-136293d85503 does not exist. Creating ...
2019-11-12 22:25:19,242 [pool-173-thread-1] INFO  server.RaftServerConfigKeys (ConfUtils.java:logGet(43)) - raft.server.storage.dir = [/workdir/hadoop-ozone/integration-test/target/test-dir/MiniOzoneClusterImpl-49cde4fa-0f5c-485a-80e4-a10b14a740d7/datanode-2/data/ratis] (custom)
2019-11-12 22:25:19,242 [pool-153-thread-1] INFO  server.RaftServerConfigKeys (ConfUtils.java:logGet(43)) - raft.server.rpc.timeout.max = 1200ms (custom)
2019-11-12 22:25:19,242 [pool-173-thread-1] INFO  server.RaftServerConfigKeys (ConfUtils.java:logGet(43)) - raft.server.log.corruption.policy = EXCEPTION (default)
2019-11-12 22:25:19,242 [pool-153-thread-1] INFO  server.RaftServerConfigKeys (ConfUtils.java:logGet(43)) - raft.server.rpcslowness.timeout = 120s (custom)
2019-11-12 22:25:19,242 [pool-173-thread-1] INFO  storage.RaftStorageDirectory (RaftStorageDirectory.java:analyzeStorage(246)) - The storage directory /workdir/hadoop-ozone/integration-test/target/test-dir/MiniOzoneClusterImpl-49cde4fa-0f5c-485a-80e4-a10b14a740d7/datanode-2/data/ratis/af0dc319-39b1-485d-a14c-136293d85503 does not exist. Creating ...
2019-11-12 22:25:19,242 [pool-153-thread-1] INFO  server.RaftServerConfigKeys (ConfUtils.java:logGet(43)) - raft.server.sleep.deviation.threshold = 300 (default)
2019-11-12 22:25:19,242 [pool-153-thread-1] INFO  server.RaftServerConfigKeys (ConfUtils.java:logGet(43)) - raft.server.log.appender.install.snapshot.enabled = false (custom)
2019-11-12 22:25:19,242 [pool-153-thread-1] INFO  impl.RaftServerImpl (ServerState.java:<init>(103)) - ed184682-841a-431b-821d-e4efb86e7b6e@group-136293D85503: ConfigurationManager, init=-1: [ed184682-841a-431b-821d-e4efb86e7b6e:192.168.157.210:40829, cc8f8d42-1b01-4431-8c29-b671ab5a5551:192.168.157.210:40886, fed2bd94-bbf4-4593-9887-7c07c070d07d:192.168.157.210:37620], old=null, confs=<EMPTY_MAP>
2019-11-12 22:25:19,242 [pool-153-thread-1] INFO  server.RaftServerConfigKeys (ConfUtils.java:logGet(43)) - raft.server.storage.dir = [/workdir/hadoop-ozone/integration-test/target/test-dir/MiniOzoneClusterImpl-49cde4fa-0f5c-485a-80e4-a10b14a740d7/datanode-0/data/ratis] (custom)
2019-11-12 22:25:19,243 [pool-153-thread-1] INFO  server.RaftServerConfigKeys (ConfUtils.java:logGet(43)) - raft.server.log.corruption.policy = EXCEPTION (default)
2019-11-12 22:25:19,243 [pool-153-thread-1] INFO  storage.RaftStorageDirectory (RaftStorageDirectory.java:analyzeStorage(246)) - The storage directory /workdir/hadoop-ozone/integration-test/target/test-dir/MiniOzoneClusterImpl-49cde4fa-0f5c-485a-80e4-a10b14a740d7/datanode-0/data/ratis/af0dc319-39b1-485d-a14c-136293d85503 does not exist. Creating ...
2019-11-12 22:25:19,264 [pool-173-thread-1] INFO  storage.RaftStorageDirectory (RaftStorageDirectory.java:tryLock(328)) - Lock on /workdir/hadoop-ozone/integration-test/target/test-dir/MiniOzoneClusterImpl-49cde4fa-0f5c-485a-80e4-a10b14a740d7/datanode-2/data/ratis/af0dc319-39b1-485d-a14c-136293d85503/in_use.lock acquired by nodename 20844@pr-hdds-2463-z4974-865879084
2019-11-12 22:25:19,264 [pool-153-thread-1] INFO  storage.RaftStorageDirectory (RaftStorageDirectory.java:tryLock(328)) - Lock on /workdir/hadoop-ozone/integration-test/target/test-dir/MiniOzoneClusterImpl-49cde4fa-0f5c-485a-80e4-a10b14a740d7/datanode-0/data/ratis/af0dc319-39b1-485d-a14c-136293d85503/in_use.lock acquired by nodename 20844@pr-hdds-2463-z4974-865879084
2019-11-12 22:25:19,264 [pool-163-thread-1] INFO  storage.RaftStorageDirectory (RaftStorageDirectory.java:tryLock(328)) - Lock on /workdir/hadoop-ozone/integration-test/target/test-dir/MiniOzoneClusterImpl-49cde4fa-0f5c-485a-80e4-a10b14a740d7/datanode-1/data/ratis/af0dc319-39b1-485d-a14c-136293d85503/in_use.lock acquired by nodename 20844@pr-hdds-2463-z4974-865879084
2019-11-12 22:25:19,278 [pool-153-thread-1] INFO  storage.RaftStorage (RaftStorage.java:format(84)) - Storage directory /workdir/hadoop-ozone/integration-test/target/test-dir/MiniOzoneClusterImpl-49cde4fa-0f5c-485a-80e4-a10b14a740d7/datanode-0/data/ratis/af0dc319-39b1-485d-a14c-136293d85503 has been successfully formatted.
2019-11-12 22:25:19,278 [pool-163-thread-1] INFO  storage.RaftStorage (RaftStorage.java:format(84)) - Storage directory /workdir/hadoop-ozone/integration-test/target/test-dir/MiniOzoneClusterImpl-49cde4fa-0f5c-485a-80e4-a10b14a740d7/datanode-1/data/ratis/af0dc319-39b1-485d-a14c-136293d85503 has been successfully formatted.
2019-11-12 22:25:19,278 [pool-153-thread-1] INFO  ratis.ContainerStateMachine (ContainerStateMachine.java:loadSnapshot(223)) - group-136293D85503: The snapshot info is null. Setting the last applied indexto:(t:0, i:~)
2019-11-12 22:25:19,278 [pool-163-thread-1] INFO  ratis.ContainerStateMachine (ContainerStateMachine.java:loadSnapshot(223)) - group-136293D85503: The snapshot info is null. Setting the last applied indexto:(t:0, i:~)
2019-11-12 22:25:19,279 [pool-163-thread-1] INFO  server.RaftServerConfigKeys (ConfUtils.java:logGet(43)) - raft.server.notification.no-leader.timeout = 120s (custom)
2019-11-12 22:25:19,279 [pool-173-thread-1] INFO  storage.RaftStorage (RaftStorage.java:format(84)) - Storage directory /workdir/hadoop-ozone/integration-test/target/test-dir/MiniOzoneClusterImpl-49cde4fa-0f5c-485a-80e4-a10b14a740d7/datanode-2/data/ratis/af0dc319-39b1-485d-a14c-136293d85503 has been successfully formatted.
2019-11-12 22:25:19,278 [pool-153-thread-1] INFO  server.RaftServerConfigKeys (ConfUtils.java:logGet(43)) - raft.server.notification.no-leader.timeout = 120s (custom)
2019-11-12 22:25:19,279 [pool-163-thread-1] INFO  server.RaftServerConfigKeys (ConfUtils.java:logGet(43)) - raft.server.log.use.memory = false (default)
2019-11-12 22:25:19,279 [pool-153-thread-1] INFO  server.RaftServerConfigKeys (ConfUtils.java:logGet(43)) - raft.server.log.use.memory = false (default)
2019-11-12 22:25:19,279 [pool-163-thread-1] INFO  server.RaftServerConfigKeys (ConfUtils.java:logGet(43)) - raft.server.log.purge.gap = 1000000 (custom)
2019-11-12 22:25:19,279 [pool-173-thread-1] INFO  ratis.ContainerStateMachine (ContainerStateMachine.java:loadSnapshot(223)) - group-136293D85503: The snapshot info is null. Setting the last applied indexto:(t:0, i:~)
2019-11-12 22:25:19,279 [pool-153-thread-1] INFO  server.RaftServerConfigKeys (ConfUtils.java:logGet(43)) - raft.server.log.purge.gap = 1000000 (custom)
2019-11-12 22:25:19,279 [pool-163-thread-1] INFO  server.RaftServerConfigKeys (ConfUtils.java:logGet(43)) - raft.server.log.appender.buffer.byte-limit = 33554432 (custom)
2019-11-12 22:25:19,279 [pool-173-thread-1] INFO  server.RaftServerConfigKeys (ConfUtils.java:logGet(43)) - raft.server.notification.no-leader.timeout = 120s (custom)
2019-11-12 22:25:19,279 [pool-153-thread-1] INFO  server.RaftServerConfigKeys (ConfUtils.java:logGet(43)) - raft.server.log.appender.buffer.byte-limit = 33554432 (custom)
2019-11-12 22:25:19,279 [pool-163-thread-1] INFO  server.RaftServerConfigKeys (ConfUtils.java:logGet(43)) - raft.server.log.segment.size.max = 1048576 (custom)
2019-11-12 22:25:19,280 [pool-173-thread-1] INFO  server.RaftServerConfigKeys (ConfUtils.java:logGet(43)) - raft.server.log.use.memory = false (default)
2019-11-12 22:25:19,280 [pool-153-thread-1] INFO  server.RaftServerConfigKeys (ConfUtils.java:logGet(43)) - raft.server.log.segment.size.max = 1048576 (custom)
2019-11-12 22:25:19,280 [pool-163-thread-1] INFO  server.RaftServerConfigKeys (ConfUtils.java:logGet(43)) - raft.server.log.segment.cache.num.max = 2 (custom)
2019-11-12 22:25:19,280 [pool-153-thread-1] INFO  server.RaftServerConfigKeys (ConfUtils.java:logGet(43)) - raft.server.log.segment.cache.num.max = 2 (custom)
2019-11-12 22:25:19,280 [pool-163-thread-1] INFO  segmented.SegmentedRaftLogWorker (SegmentedRaftLogWorker.java:<init>(173)) - new fed2bd94-bbf4-4593-9887-7c07c070d07d@group-136293D85503-SegmentedRaftLogWorker for RaftStorage:Storage Directory /workdir/hadoop-ozone/integration-test/target/test-dir/MiniOzoneClusterImpl-49cde4fa-0f5c-485a-80e4-a10b14a740d7/datanode-1/data/ratis/af0dc319-39b1-485d-a14c-136293d85503
2019-11-12 22:25:19,280 [pool-173-thread-1] INFO  server.RaftServerConfigKeys (ConfUtils.java:logGet(43)) - raft.server.log.purge.gap = 1000000 (custom)
2019-11-12 22:25:19,280 [pool-153-thread-1] INFO  segmented.SegmentedRaftLogWorker (SegmentedRaftLogWorker.java:<init>(173)) - new ed184682-841a-431b-821d-e4efb86e7b6e@group-136293D85503-SegmentedRaftLogWorker for RaftStorage:Storage Directory /workdir/hadoop-ozone/integration-test/target/test-dir/MiniOzoneClusterImpl-49cde4fa-0f5c-485a-80e4-a10b14a740d7/datanode-0/data/ratis/af0dc319-39b1-485d-a14c-136293d85503
2019-11-12 22:25:19,280 [pool-163-thread-1] INFO  server.RaftServerConfigKeys (ConfUtils.java:logGet(43)) - raft.server.log.queue.byte-limit = 2147483647 (custom)
2019-11-12 22:25:19,280 [pool-173-thread-1] INFO  server.RaftServerConfigKeys (ConfUtils.java:logGet(43)) - raft.server.log.appender.buffer.byte-limit = 33554432 (custom)
2019-11-12 22:25:19,280 [pool-153-thread-1] INFO  server.RaftServerConfigKeys (ConfUtils.java:logGet(43)) - raft.server.log.queue.byte-limit = 2147483647 (custom)
2019-11-12 22:25:19,280 [pool-163-thread-1] INFO  server.RaftServerConfigKeys (ConfUtils.java:logGet(43)) - raft.server.log.queue.element-limit = 1024 (custom)
2019-11-12 22:25:19,281 [pool-173-thread-1] INFO  server.RaftServerConfigKeys (ConfUtils.java:logGet(43)) - raft.server.log.segment.size.max = 1048576 (custom)
2019-11-12 22:25:19,281 [pool-153-thread-1] INFO  server.RaftServerConfigKeys (ConfUtils.java:logGet(43)) - raft.server.log.queue.element-limit = 1024 (custom)
2019-11-12 22:25:19,281 [pool-163-thread-1] INFO  server.RaftServerConfigKeys (ConfUtils.java:logGet(43)) - raft.server.log.segment.size.max = 1048576 (custom)
2019-11-12 22:25:19,281 [pool-173-thread-1] INFO  server.RaftServerConfigKeys (ConfUtils.java:logGet(43)) - raft.server.log.segment.cache.num.max = 2 (custom)
2019-11-12 22:25:19,281 [pool-153-thread-1] INFO  server.RaftServerConfigKeys (ConfUtils.java:logGet(43)) - raft.server.log.segment.size.max = 1048576 (custom)
2019-11-12 22:25:19,281 [pool-163-thread-1] INFO  server.RaftServerConfigKeys (ConfUtils.java:logGet(43)) - raft.server.log.preallocated.size = 16384 (custom)
2019-11-12 22:25:19,281 [pool-173-thread-1] INFO  segmented.SegmentedRaftLogWorker (SegmentedRaftLogWorker.java:<init>(173)) - new cc8f8d42-1b01-4431-8c29-b671ab5a5551@group-136293D85503-SegmentedRaftLogWorker for RaftStorage:Storage Directory /workdir/hadoop-ozone/integration-test/target/test-dir/MiniOzoneClusterImpl-49cde4fa-0f5c-485a-80e4-a10b14a740d7/datanode-2/data/ratis/af0dc319-39b1-485d-a14c-136293d85503
2019-11-12 22:25:19,281 [pool-153-thread-1] INFO  server.RaftServerConfigKeys (ConfUtils.java:logGet(43)) - raft.server.log.preallocated.size = 16384 (custom)
2019-11-12 22:25:19,281 [pool-163-thread-1] INFO  server.RaftServerConfigKeys (ConfUtils.java:logGet(43)) - raft.server.log.write.buffer.size = 33554432 (custom)
2019-11-12 22:25:19,281 [pool-173-thread-1] INFO  server.RaftServerConfigKeys (ConfUtils.java:logGet(43)) - raft.server.log.queue.byte-limit = 2147483647 (custom)
2019-11-12 22:25:19,281 [pool-153-thread-1] INFO  server.RaftServerConfigKeys (ConfUtils.java:logGet(43)) - raft.server.log.write.buffer.size = 33554432 (custom)
2019-11-12 22:25:19,282 [pool-163-thread-1] INFO  server.RaftServerConfigKeys (ConfUtils.java:logGet(43)) - raft.server.log.force.sync.num = 128 (default)
2019-11-12 22:25:19,282 [pool-173-thread-1] INFO  server.RaftServerConfigKeys (ConfUtils.java:logGet(43)) - raft.server.log.queue.element-limit = 1024 (custom)
2019-11-12 22:25:19,282 [pool-153-thread-1] INFO  server.RaftServerConfigKeys (ConfUtils.java:logGet(43)) - raft.server.log.force.sync.num = 128 (default)
2019-11-12 22:25:19,282 [pool-163-thread-1] INFO  server.RaftServerConfigKeys (ConfUtils.java:logGet(43)) - raft.server.log.statemachine.data.sync = true (default)
2019-11-12 22:25:19,282 [pool-173-thread-1] INFO  server.RaftServerConfigKeys (ConfUtils.java:logGet(43)) - raft.server.log.segment.size.max = 1048576 (custom)
2019-11-12 22:25:19,282 [pool-153-thread-1] INFO  server.RaftServerConfigKeys (ConfUtils.java:logGet(43)) - raft.server.log.statemachine.data.sync = true (default)
2019-11-12 22:25:19,282 [pool-163-thread-1] INFO  server.RaftServerConfigKeys (ConfUtils.java:logGet(43)) - raft.server.log.statemachine.data.sync.timeout = 10s (default)
2019-11-12 22:25:19,282 [pool-173-thread-1] INFO  server.RaftServerConfigKeys (ConfUtils.java:logGet(43)) - raft.server.log.preallocated.size = 16384 (custom)
2019-11-12 22:25:19,282 [pool-153-thread-1] INFO  server.RaftServerConfigKeys (ConfUtils.java:logGet(43)) - raft.server.log.statemachine.data.sync.timeout = 10s (default)
2019-11-12 22:25:19,282 [pool-163-thread-1] INFO  server.RaftServerConfigKeys (ConfUtils.java:logGet(43)) - raft.server.log.statemachine.data.sync.timeout.retry = -1 (default)
2019-11-12 22:25:19,283 [pool-173-thread-1] INFO  server.RaftServerConfigKeys (ConfUtils.java:logGet(43)) - raft.server.log.write.buffer.size = 33554432 (custom)
2019-11-12 22:25:19,283 [pool-153-thread-1] INFO  server.RaftServerConfigKeys (ConfUtils.java:logGet(43)) - raft.server.log.statemachine.data.sync.timeout.retry = -1 (default)
2019-11-12 22:25:19,283 [pool-163-thread-1] INFO  server.RaftServerConfigKeys (ConfUtils.java:logGet(43)) - raft.server.log.statemachine.data.caching.enabled = true (custom)
2019-11-12 22:25:19,283 [pool-153-thread-1] INFO  server.RaftServerConfigKeys (ConfUtils.java:logGet(43)) - raft.server.log.statemachine.data.caching.enabled = true (custom)
2019-11-12 22:25:19,283 [pool-163-thread-1] INFO  segmented.SegmentedRaftLogWorker (SegmentedRaftLogWorker.java:lambda$new$0(128)) - fed2bd94-bbf4-4593-9887-7c07c070d07d@group-136293D85503-SegmentedRaftLogWorker: flushIndex: setUnconditionally 0 -> -1
2019-11-12 22:25:19,283 [pool-173-thread-1] INFO  server.RaftServerConfigKeys (ConfUtils.java:logGet(43)) - raft.server.log.force.sync.num = 128 (default)
2019-11-12 22:25:19,283 [pool-153-thread-1] INFO  segmented.SegmentedRaftLogWorker (SegmentedRaftLogWorker.java:lambda$new$0(128)) - ed184682-841a-431b-821d-e4efb86e7b6e@group-136293D85503-SegmentedRaftLogWorker: flushIndex: setUnconditionally 0 -> -1
2019-11-12 22:25:19,283 [pool-163-thread-1] INFO  server.RaftServerConfigKeys (ConfUtils.java:logGet(43)) - raft.server.snapshot.auto.trigger.enabled = true (custom)
2019-11-12 22:25:19,283 [pool-153-thread-1] INFO  server.RaftServerConfigKeys (ConfUtils.java:logGet(43)) - raft.server.snapshot.auto.trigger.enabled = true (custom)
2019-11-12 22:25:19,284 [pool-163-thread-1] INFO  server.RaftServerConfigKeys (ConfUtils.java:logGet(43)) - raft.server.snapshot.auto.trigger.threshold = 10000 (custom)
2019-11-12 22:25:19,284 [pool-173-thread-1] INFO  server.RaftServerConfigKeys (ConfUtils.java:logGet(43)) - raft.server.log.statemachine.data.sync = true (default)
2019-11-12 22:25:19,284 [pool-153-thread-1] INFO  server.RaftServerConfigKeys (ConfUtils.java:logGet(43)) - raft.server.snapshot.auto.trigger.threshold = 10000 (custom)
2019-11-12 22:25:19,284 [pool-163-thread-1] INFO  server.RaftServerConfigKeys (ConfUtils.java:logGet(43)) - raft.server.snapshot.retention.file.num = 5 (custom)
2019-11-12 22:25:19,284 [pool-173-thread-1] INFO  server.RaftServerConfigKeys (ConfUtils.java:logGet(43)) - raft.server.log.statemachine.data.sync.timeout = 10s (default)
2019-11-12 22:25:19,284 [pool-153-thread-1] INFO  server.RaftServerConfigKeys (ConfUtils.java:logGet(43)) - raft.server.snapshot.retention.file.num = 5 (custom)
2019-11-12 22:25:19,284 [pool-163-thread-1] INFO  server.RaftServerConfigKeys (ConfUtils.java:logGet(43)) - raft.server.retrycache.expirytime = 600000ms (custom)
2019-11-12 22:25:19,284 [pool-173-thread-1] INFO  server.RaftServerConfigKeys (ConfUtils.java:logGet(43)) - raft.server.log.statemachine.data.sync.timeout.retry = -1 (default)
2019-11-12 22:25:19,284 [pool-153-thread-1] INFO  server.RaftServerConfigKeys (ConfUtils.java:logGet(43)) - raft.server.retrycache.expirytime = 600000ms (custom)
2019-11-12 22:25:19,284 [pool-163-thread-1] WARN  impl.MetricRegistriesImpl (MetricRegistriesImpl.java:lambda$create$1(61)) - First MetricRegistry has been created without registering reporters. You may need to call MetricRegistries.global().addReportRegistration(...) before.
2019-11-12 22:25:19,284 [pool-153-thread-1] WARN  impl.MetricRegistriesImpl (MetricRegistriesImpl.java:lambda$create$1(61)) - First MetricRegistry has been created without registering reporters. You may need to call MetricRegistries.global().addReportRegistration(...) before.
2019-11-12 22:25:19,285 [pool-163-thread-1] WARN  impl.MetricRegistriesImpl (MetricRegistriesImpl.java:lambda$create$1(61)) - First MetricRegistry has been created without registering reporters. You may need to call MetricRegistries.global().addReportRegistration(...) before.
2019-11-12 22:25:19,285 [pool-173-thread-1] INFO  server.RaftServerConfigKeys (ConfUtils.java:logGet(43)) - raft.server.log.statemachine.data.caching.enabled = true (custom)
2019-11-12 22:25:19,285 [pool-153-thread-1] WARN  impl.MetricRegistriesImpl (MetricRegistriesImpl.java:lambda$create$1(61)) - First MetricRegistry has been created without registering reporters. You may need to call MetricRegistries.global().addReportRegistration(...) before.
2019-11-12 22:25:19,285 [pool-163-thread-1] INFO  impl.RaftServerImpl (RaftServerImpl.java:start(184)) - fed2bd94-bbf4-4593-9887-7c07c070d07d@group-136293D85503: start as a follower, conf=-1: [ed184682-841a-431b-821d-e4efb86e7b6e:192.168.157.210:40829, cc8f8d42-1b01-4431-8c29-b671ab5a5551:192.168.157.210:40886, fed2bd94-bbf4-4593-9887-7c07c070d07d:192.168.157.210:37620], old=null
2019-11-12 22:25:19,285 [pool-153-thread-1] INFO  impl.RaftServerImpl (RaftServerImpl.java:start(184)) - ed184682-841a-431b-821d-e4efb86e7b6e@group-136293D85503: start as a follower, conf=-1: [ed184682-841a-431b-821d-e4efb86e7b6e:192.168.157.210:40829, cc8f8d42-1b01-4431-8c29-b671ab5a5551:192.168.157.210:40886, fed2bd94-bbf4-4593-9887-7c07c070d07d:192.168.157.210:37620], old=null
2019-11-12 22:25:19,285 [pool-163-thread-1] INFO  impl.RaftServerImpl (RaftServerImpl.java:setRole(173)) - fed2bd94-bbf4-4593-9887-7c07c070d07d@group-136293D85503: changes role from      null to FOLLOWER at term 0 for startAsFollower
2019-11-12 22:25:19,285 [pool-153-thread-1] INFO  impl.RaftServerImpl (RaftServerImpl.java:setRole(173)) - ed184682-841a-431b-821d-e4efb86e7b6e@group-136293D85503: changes role from      null to FOLLOWER at term 0 for startAsFollower
2019-11-12 22:25:19,285 [pool-163-thread-1] INFO  impl.RoleInfo (RoleInfo.java:updateAndGet(143)) - fed2bd94-bbf4-4593-9887-7c07c070d07d: start FollowerState
2019-11-12 22:25:19,285 [pool-153-thread-1] INFO  impl.RoleInfo (RoleInfo.java:updateAndGet(143)) - ed184682-841a-431b-821d-e4efb86e7b6e: start FollowerState
2019-11-12 22:25:19,286 [pool-163-thread-1] INFO  util.JmxRegister (JmxRegister.java:tryRegister(44)) - Successfully registered JMX Bean with object name Ratis:service=RaftServer,group=group-136293D85503,id=fed2bd94-bbf4-4593-9887-7c07c070d07d
2019-11-12 22:25:19,286 [pool-163-thread-1] WARN  impl.MetricRegistriesImpl (MetricRegistriesImpl.java:lambda$create$1(61)) - First MetricRegistry has been created without registering reporters. You may need to call MetricRegistries.global().addReportRegistration(...) before.
2019-11-12 22:25:19,286 [pool-173-thread-1] INFO  segmented.SegmentedRaftLogWorker (SegmentedRaftLogWorker.java:lambda$new$0(128)) - cc8f8d42-1b01-4431-8c29-b671ab5a5551@group-136293D85503-SegmentedRaftLogWorker: flushIndex: setUnconditionally 0 -> -1
2019-11-12 22:25:19,286 [pool-153-thread-1] INFO  util.JmxRegister (JmxRegister.java:tryRegister(44)) - Successfully registered JMX Bean with object name Ratis:service=RaftServer,group=group-136293D85503,id=ed184682-841a-431b-821d-e4efb86e7b6e
2019-11-12 22:25:19,286 [pool-153-thread-1] WARN  impl.MetricRegistriesImpl (MetricRegistriesImpl.java:lambda$create$1(61)) - First MetricRegistry has been created without registering reporters. You may need to call MetricRegistries.global().addReportRegistration(...) before.
2019-11-12 22:25:19,287 [pool-173-thread-1] INFO  server.RaftServerConfigKeys (ConfUtils.java:logGet(43)) - raft.server.snapshot.auto.trigger.enabled = true (custom)
2019-11-12 22:25:19,287 [pool-173-thread-1] INFO  server.RaftServerConfigKeys (ConfUtils.java:logGet(43)) - raft.server.snapshot.auto.trigger.threshold = 10000 (custom)
2019-11-12 22:25:19,287 [pool-173-thread-1] INFO  server.RaftServerConfigKeys (ConfUtils.java:logGet(43)) - raft.server.snapshot.retention.file.num = 5 (custom)
2019-11-12 22:25:19,287 [pool-173-thread-1] INFO  server.RaftServerConfigKeys (ConfUtils.java:logGet(43)) - raft.server.retrycache.expirytime = 600000ms (custom)
2019-11-12 22:25:19,287 [pool-173-thread-1] WARN  impl.MetricRegistriesImpl (MetricRegistriesImpl.java:lambda$create$1(61)) - First MetricRegistry has been created without registering reporters. You may need to call MetricRegistries.global().addReportRegistration(...) before.
2019-11-12 22:25:19,287 [pool-173-thread-1] WARN  impl.MetricRegistriesImpl (MetricRegistriesImpl.java:lambda$create$1(61)) - First MetricRegistry has been created without registering reporters. You may need to call MetricRegistries.global().addReportRegistration(...) before.
2019-11-12 22:25:19,287 [pool-173-thread-1] INFO  impl.RaftServerImpl (RaftServerImpl.java:start(184)) - cc8f8d42-1b01-4431-8c29-b671ab5a5551@group-136293D85503: start as a follower, conf=-1: [ed184682-841a-431b-821d-e4efb86e7b6e:192.168.157.210:40829, cc8f8d42-1b01-4431-8c29-b671ab5a5551:192.168.157.210:40886, fed2bd94-bbf4-4593-9887-7c07c070d07d:192.168.157.210:37620], old=null
2019-11-12 22:25:19,287 [pool-173-thread-1] INFO  impl.RaftServerImpl (RaftServerImpl.java:setRole(173)) - cc8f8d42-1b01-4431-8c29-b671ab5a5551@group-136293D85503: changes role from      null to FOLLOWER at term 0 for startAsFollower
2019-11-12 22:25:19,287 [pool-173-thread-1] INFO  impl.RoleInfo (RoleInfo.java:updateAndGet(143)) - cc8f8d42-1b01-4431-8c29-b671ab5a5551: start FollowerState
2019-11-12 22:25:19,288 [pool-173-thread-1] INFO  util.JmxRegister (JmxRegister.java:tryRegister(44)) - Successfully registered JMX Bean with object name Ratis:service=RaftServer,group=group-136293D85503,id=cc8f8d42-1b01-4431-8c29-b671ab5a5551
2019-11-12 22:25:19,288 [pool-173-thread-1] WARN  impl.MetricRegistriesImpl (MetricRegistriesImpl.java:lambda$create$1(61)) - First MetricRegistry has been created without registering reporters. You may need to call MetricRegistries.global().addReportRegistration(...) before.
2019-11-12 22:25:19,290 [RatisPipelineUtilsThread] INFO  pipeline.PipelineStateManager (PipelineStateManager.java:addPipeline(55)) - Created pipeline Pipeline[ Id: af0dc319-39b1-485d-a14c-136293d85503, Nodes: ed184682-841a-431b-821d-e4efb86e7b6e{ip: 192.168.157.210, host: pr-hdds-2463-z4974-865879084, networkLocation: /default-rack, certSerialId: null}fed2bd94-bbf4-4593-9887-7c07c070d07d{ip: 192.168.157.210, host: pr-hdds-2463-z4974-865879084, networkLocation: /default-rack, certSerialId: null}cc8f8d42-1b01-4431-8c29-b671ab5a5551{ip: 192.168.157.210, host: pr-hdds-2463-z4974-865879084, networkLocation: /default-rack, certSerialId: null}, Type:RATIS, Factor:THREE, State:ALLOCATED]
2019-11-12 22:25:19,290 [Thread-1654] INFO  pipeline.PipelineStateManager (PipelineStateManager.java:removePipeline(106)) - Pipeline Pipeline[ Id: e782d8f8-1e43-4432-bffa-a60766204afd, Nodes: cc8f8d42-1b01-4431-8c29-b671ab5a5551{ip: 192.168.157.210, host: pr-hdds-2463-z4974-865879084, networkLocation: /default-rack, certSerialId: null}, Type:RATIS, Factor:ONE, State:CLOSED] removed from db
2019-11-12 22:25:19,291 [Thread-1654] INFO  pipeline.SCMPipelineManager (SCMPipelineManager.java:finalizeAndDestroyPipeline(315)) - destroying pipeline:Pipeline[ Id: 366838d8-8666-49c6-8653-02e36150f2fb, Nodes: 36ba2c4b-fd66-4a0d-bee3-710bbe72aafc{ip: 192.168.157.210, host: pr-hdds-2463-z4974-865879084, networkLocation: /default-rack, certSerialId: null}, Type:RATIS, Factor:ONE, State:OPEN]
2019-11-12 22:25:19,291 [Thread-1654] INFO  pipeline.PipelineStateManager (PipelineStateManager.java:finalizePipeline(121)) - Pipeline Pipeline[ Id: 366838d8-8666-49c6-8653-02e36150f2fb, Nodes: 36ba2c4b-fd66-4a0d-bee3-710bbe72aafc{ip: 192.168.157.210, host: pr-hdds-2463-z4974-865879084, networkLocation: /default-rack, certSerialId: null}, Type:RATIS, Factor:ONE, State:CLOSED] moved to CLOSED state
2019-11-12 22:25:19,295 [grpc-default-executor-2] INFO  impl.RaftServerProxy (RaftServerProxy.java:remove(95)) - 36ba2c4b-fd66-4a0d-bee3-710bbe72aafc: remove    LEADER 36ba2c4b-fd66-4a0d-bee3-710bbe72aafc@group-02E36150F2FB:t1, leader=36ba2c4b-fd66-4a0d-bee3-710bbe72aafc, voted=36ba2c4b-fd66-4a0d-bee3-710bbe72aafc, raftlog=36ba2c4b-fd66-4a0d-bee3-710bbe72aafc@group-02E36150F2FB-SegmentedRaftLog:OPENED:c0,f0,i0, conf=0: [36ba2c4b-fd66-4a0d-bee3-710bbe72aafc:192.168.157.210:42115], old=null RUNNING
2019-11-12 22:25:19,299 [grpc-default-executor-2] INFO  impl.RaftServerImpl (RaftServerImpl.java:lambda$shutdown$3(250)) - 36ba2c4b-fd66-4a0d-bee3-710bbe72aafc@group-02E36150F2FB: shutdown
2019-11-12 22:25:19,299 [grpc-default-executor-5] INFO  impl.RaftServerProxy (RaftServerProxy.java:addNew(89)) - 36ba2c4b-fd66-4a0d-bee3-710bbe72aafc: addNew group-1FD2BE62372A:[36ba2c4b-fd66-4a0d-bee3-710bbe72aafc:192.168.157.210:42115] returns group-1FD2BE62372A:java.util.concurrent.CompletableFuture@4ed23033[Not completed]
2019-11-12 22:25:19,299 [grpc-default-executor-2] INFO  util.JmxRegister (JmxRegister.java:unregister(73)) - Successfully un-registered JMX Bean with object name Ratis:service=RaftServer,group=group-02E36150F2FB,id=36ba2c4b-fd66-4a0d-bee3-710bbe72aafc
2019-11-12 22:25:19,299 [grpc-default-executor-2] INFO  impl.RoleInfo (RoleInfo.java:shutdownLeaderState(104)) - 36ba2c4b-fd66-4a0d-bee3-710bbe72aafc: shutdown LeaderState
2019-11-12 22:25:19,299 [grpc-default-executor-2] INFO  impl.PendingRequests (PendingRequests.java:sendNotLeaderResponses(206)) - 36ba2c4b-fd66-4a0d-bee3-710bbe72aafc@group-02E36150F2FB-PendingRequests: sendNotLeaderResponses
2019-11-12 22:25:19,299 [grpc-default-executor-2] INFO  impl.StateMachineUpdater (StateMachineUpdater.java:stopAndJoin(136)) - 36ba2c4b-fd66-4a0d-bee3-710bbe72aafc@group-02E36150F2FB-StateMachineUpdater: set stopIndex = 0
2019-11-12 22:25:19,300 [grpc-default-executor-2] INFO  impl.RaftServerImpl (ServerState.java:close(387)) - 36ba2c4b-fd66-4a0d-bee3-710bbe72aafc@group-02E36150F2FB: closes. applyIndex: 0
2019-11-12 22:25:19,300 [pool-203-thread-1] INFO  impl.RaftServerImpl (RaftServerImpl.java:<init>(98)) - 36ba2c4b-fd66-4a0d-bee3-710bbe72aafc: new RaftServerImpl for group-1FD2BE62372A:[36ba2c4b-fd66-4a0d-bee3-710bbe72aafc:192.168.157.210:42115] with ContainerStateMachine:uninitialized
2019-11-12 22:25:19,300 [36ba2c4b-fd66-4a0d-bee3-710bbe72aafc@group-02E36150F2FB-SegmentedRaftLogWorker] INFO  segmented.SegmentedRaftLogWorker (SegmentedRaftLogWorker.java:run(316)) - 36ba2c4b-fd66-4a0d-bee3-710bbe72aafc@group-02E36150F2FB-SegmentedRaftLogWorker was interrupted, exiting. There are 0 tasks remaining in the queue.
2019-11-12 22:25:19,300 [pool-203-thread-1] INFO  server.RaftServerConfigKeys (ConfUtils.java:logGet(43)) - raft.server.rpc.timeout.min = 1s (custom)
2019-11-12 22:25:19,304 [grpc-default-executor-2] INFO  segmented.SegmentedRaftLogWorker (SegmentedRaftLogWorker.java:close(224)) - 36ba2c4b-fd66-4a0d-bee3-710bbe72aafc@group-02E36150F2FB-SegmentedRaftLogWorker close()
2019-11-12 22:25:19,304 [pool-203-thread-1] INFO  server.RaftServerConfigKeys (ConfUtils.java:logGet(43)) - raft.server.rpc.timeout.max = 1200ms (custom)
2019-11-12 22:25:19,305 [pool-203-thread-1] INFO  server.RaftServerConfigKeys (ConfUtils.java:logGet(43)) - raft.server.rpcslowness.timeout = 120s (custom)
2019-11-12 22:25:19,305 [pool-203-thread-1] INFO  server.RaftServerConfigKeys (ConfUtils.java:logGet(43)) - raft.server.sleep.deviation.threshold = 300 (default)
2019-11-12 22:25:19,305 [pool-203-thread-1] INFO  server.RaftServerConfigKeys (ConfUtils.java:logGet(43)) - raft.server.log.appender.install.snapshot.enabled = false (custom)
2019-11-12 22:25:19,306 [pool-203-thread-1] INFO  impl.RaftServerImpl (ServerState.java:<init>(103)) - 36ba2c4b-fd66-4a0d-bee3-710bbe72aafc@group-1FD2BE62372A: ConfigurationManager, init=-1: [36ba2c4b-fd66-4a0d-bee3-710bbe72aafc:192.168.157.210:42115], old=null, confs=<EMPTY_MAP>
2019-11-12 22:25:19,306 [pool-203-thread-1] INFO  server.RaftServerConfigKeys (ConfUtils.java:logGet(43)) - raft.server.storage.dir = [/workdir/hadoop-ozone/integration-test/target/test-dir/MiniOzoneClusterImpl-49cde4fa-0f5c-485a-80e4-a10b14a740d7/datanode-5/data/ratis] (custom)
2019-11-12 22:25:19,306 [pool-203-thread-1] INFO  server.RaftServerConfigKeys (ConfUtils.java:logGet(43)) - raft.server.log.corruption.policy = EXCEPTION (default)
2019-11-12 22:25:19,306 [pool-203-thread-1] INFO  storage.RaftStorageDirectory (RaftStorageDirectory.java:analyzeStorage(246)) - The storage directory /workdir/hadoop-ozone/integration-test/target/test-dir/MiniOzoneClusterImpl-49cde4fa-0f5c-485a-80e4-a10b14a740d7/datanode-5/data/ratis/8b5dc0c7-20f4-4683-aabc-1fd2be62372a does not exist. Creating ...
2019-11-12 22:25:19,320 [pool-203-thread-1] INFO  storage.RaftStorageDirectory (RaftStorageDirectory.java:tryLock(328)) - Lock on /workdir/hadoop-ozone/integration-test/target/test-dir/MiniOzoneClusterImpl-49cde4fa-0f5c-485a-80e4-a10b14a740d7/datanode-5/data/ratis/8b5dc0c7-20f4-4683-aabc-1fd2be62372a/in_use.lock acquired by nodename 20844@pr-hdds-2463-z4974-865879084
2019-11-12 22:25:19,356 [pool-203-thread-1] INFO  storage.RaftStorage (RaftStorage.java:format(84)) - Storage directory /workdir/hadoop-ozone/integration-test/target/test-dir/MiniOzoneClusterImpl-49cde4fa-0f5c-485a-80e4-a10b14a740d7/datanode-5/data/ratis/8b5dc0c7-20f4-4683-aabc-1fd2be62372a has been successfully formatted.
2019-11-12 22:25:19,356 [pool-203-thread-1] INFO  ratis.ContainerStateMachine (ContainerStateMachine.java:loadSnapshot(223)) - group-1FD2BE62372A: The snapshot info is null. Setting the last applied indexto:(t:0, i:~)
2019-11-12 22:25:19,356 [pool-203-thread-1] INFO  server.RaftServerConfigKeys (ConfUtils.java:logGet(43)) - raft.server.notification.no-leader.timeout = 120s (custom)
2019-11-12 22:25:19,356 [pool-203-thread-1] INFO  server.RaftServerConfigKeys (ConfUtils.java:logGet(43)) - raft.server.log.use.memory = false (default)
2019-11-12 22:25:19,357 [pool-203-thread-1] INFO  server.RaftServerConfigKeys (ConfUtils.java:logGet(43)) - raft.server.log.purge.gap = 1000000 (custom)
2019-11-12 22:25:19,357 [pool-203-thread-1] INFO  server.RaftServerConfigKeys (ConfUtils.java:logGet(43)) - raft.server.log.appender.buffer.byte-limit = 33554432 (custom)
2019-11-12 22:25:19,357 [pool-203-thread-1] INFO  server.RaftServerConfigKeys (ConfUtils.java:logGet(43)) - raft.server.log.segment.size.max = 1048576 (custom)
2019-11-12 22:25:19,357 [pool-203-thread-1] INFO  server.RaftServerConfigKeys (ConfUtils.java:logGet(43)) - raft.server.log.segment.cache.num.max = 2 (custom)
2019-11-12 22:25:19,357 [pool-203-thread-1] INFO  segmented.SegmentedRaftLogWorker (SegmentedRaftLogWorker.java:<init>(173)) - new 36ba2c4b-fd66-4a0d-bee3-710bbe72aafc@group-1FD2BE62372A-SegmentedRaftLogWorker for RaftStorage:Storage Directory /workdir/hadoop-ozone/integration-test/target/test-dir/MiniOzoneClusterImpl-49cde4fa-0f5c-485a-80e4-a10b14a740d7/datanode-5/data/ratis/8b5dc0c7-20f4-4683-aabc-1fd2be62372a
2019-11-12 22:25:19,357 [pool-203-thread-1] INFO  server.RaftServerConfigKeys (ConfUtils.java:logGet(43)) - raft.server.log.queue.byte-limit = 2147483647 (custom)
2019-11-12 22:25:19,357 [pool-203-thread-1] INFO  server.RaftServerConfigKeys (ConfUtils.java:logGet(43)) - raft.server.log.queue.element-limit = 1024 (custom)
2019-11-12 22:25:19,357 [pool-203-thread-1] INFO  server.RaftServerConfigKeys (ConfUtils.java:logGet(43)) - raft.server.log.segment.size.max = 1048576 (custom)
2019-11-12 22:25:19,357 [pool-203-thread-1] INFO  server.RaftServerConfigKeys (ConfUtils.java:logGet(43)) - raft.server.log.preallocated.size = 16384 (custom)
2019-11-12 22:25:19,357 [pool-203-thread-1] INFO  server.RaftServerConfigKeys (ConfUtils.java:logGet(43)) - raft.server.log.write.buffer.size = 33554432 (custom)
2019-11-12 22:25:19,357 [pool-203-thread-1] INFO  server.RaftServerConfigKeys (ConfUtils.java:logGet(43)) - raft.server.log.force.sync.num = 128 (default)
2019-11-12 22:25:19,358 [pool-203-thread-1] INFO  server.RaftServerConfigKeys (ConfUtils.java:logGet(43)) - raft.server.log.statemachine.data.sync = true (default)
2019-11-12 22:25:19,358 [pool-203-thread-1] INFO  server.RaftServerConfigKeys (ConfUtils.java:logGet(43)) - raft.server.log.statemachine.data.sync.timeout = 10s (default)
2019-11-12 22:25:19,358 [pool-203-thread-1] INFO  server.RaftServerConfigKeys (ConfUtils.java:logGet(43)) - raft.server.log.statemachine.data.sync.timeout.retry = -1 (default)
2019-11-12 22:25:19,358 [pool-203-thread-1] INFO  server.RaftServerConfigKeys (ConfUtils.java:logGet(43)) - raft.server.log.statemachine.data.caching.enabled = true (custom)
2019-11-12 22:25:19,358 [pool-203-thread-1] INFO  segmented.SegmentedRaftLogWorker (SegmentedRaftLogWorker.java:lambda$new$0(128)) - 36ba2c4b-fd66-4a0d-bee3-710bbe72aafc@group-1FD2BE62372A-SegmentedRaftLogWorker: flushIndex: setUnconditionally 0 -> -1
2019-11-12 22:25:19,358 [pool-203-thread-1] INFO  server.RaftServerConfigKeys (ConfUtils.java:logGet(43)) - raft.server.snapshot.auto.trigger.enabled = true (custom)
2019-11-12 22:25:19,358 [pool-203-thread-1] INFO  server.RaftServerConfigKeys (ConfUtils.java:logGet(43)) - raft.server.snapshot.auto.trigger.threshold = 10000 (custom)
2019-11-12 22:25:19,359 [pool-203-thread-1] INFO  server.RaftServerConfigKeys (ConfUtils.java:logGet(43)) - raft.server.snapshot.retention.file.num = 5 (custom)
2019-11-12 22:25:19,359 [pool-203-thread-1] INFO  server.RaftServerConfigKeys (ConfUtils.java:logGet(43)) - raft.server.retrycache.expirytime = 600000ms (custom)
2019-11-12 22:25:19,359 [pool-203-thread-1] WARN  impl.MetricRegistriesImpl (MetricRegistriesImpl.java:lambda$create$1(61)) - First MetricRegistry has been created without registering reporters. You may need to call MetricRegistries.global().addReportRegistration(...) before.
2019-11-12 22:25:19,359 [pool-203-thread-1] WARN  impl.MetricRegistriesImpl (MetricRegistriesImpl.java:lambda$create$1(61)) - First MetricRegistry has been created without registering reporters. You may need to call MetricRegistries.global().addReportRegistration(...) before.
2019-11-12 22:25:19,359 [pool-203-thread-1] INFO  impl.RaftServerImpl (RaftServerImpl.java:start(184)) - 36ba2c4b-fd66-4a0d-bee3-710bbe72aafc@group-1FD2BE62372A: start as a follower, conf=-1: [36ba2c4b-fd66-4a0d-bee3-710bbe72aafc:192.168.157.210:42115], old=null
2019-11-12 22:25:19,359 [pool-203-thread-1] INFO  impl.RaftServerImpl (RaftServerImpl.java:setRole(173)) - 36ba2c4b-fd66-4a0d-bee3-710bbe72aafc@group-1FD2BE62372A: changes role from      null to FOLLOWER at term 0 for startAsFollower
2019-11-12 22:25:19,359 [pool-203-thread-1] INFO  impl.RoleInfo (RoleInfo.java:updateAndGet(143)) - 36ba2c4b-fd66-4a0d-bee3-710bbe72aafc: start FollowerState
2019-11-12 22:25:19,360 [pool-203-thread-1] INFO  util.JmxRegister (JmxRegister.java:tryRegister(44)) - Successfully registered JMX Bean with object name Ratis:service=RaftServer,group=group-1FD2BE62372A,id=36ba2c4b-fd66-4a0d-bee3-710bbe72aafc
2019-11-12 22:25:19,360 [pool-203-thread-1] WARN  impl.MetricRegistriesImpl (MetricRegistriesImpl.java:lambda$create$1(61)) - First MetricRegistry has been created without registering reporters. You may need to call MetricRegistries.global().addReportRegistration(...) before.
2019-11-12 22:25:19,362 [RatisPipelineUtilsThread] INFO  pipeline.PipelineStateManager (PipelineStateManager.java:addPipeline(55)) - Created pipeline Pipeline[ Id: 8b5dc0c7-20f4-4683-aabc-1fd2be62372a, Nodes: 36ba2c4b-fd66-4a0d-bee3-710bbe72aafc{ip: 192.168.157.210, host: pr-hdds-2463-z4974-865879084, networkLocation: /default-rack, certSerialId: null}, Type:RATIS, Factor:ONE, State:ALLOCATED]
2019-11-12 22:25:19,363 [Thread-1654] INFO  pipeline.PipelineStateManager (PipelineStateManager.java:removePipeline(106)) - Pipeline Pipeline[ Id: 366838d8-8666-49c6-8653-02e36150f2fb, Nodes: 36ba2c4b-fd66-4a0d-bee3-710bbe72aafc{ip: 192.168.157.210, host: pr-hdds-2463-z4974-865879084, networkLocation: /default-rack, certSerialId: null}, Type:RATIS, Factor:ONE, State:CLOSED] removed from db
2019-11-12 22:25:19,363 [Thread-1654] INFO  pipeline.SCMPipelineManager (SCMPipelineManager.java:finalizeAndDestroyPipeline(315)) - destroying pipeline:Pipeline[ Id: 13367a24-ab6b-45ce-9ed5-261a64fc1e5a, Nodes: 36ba2c4b-fd66-4a0d-bee3-710bbe72aafc{ip: 192.168.157.210, host: pr-hdds-2463-z4974-865879084, networkLocation: /default-rack, certSerialId: null}e1630cc0-82e2-4757-a0ff-1e5aa97f4a82{ip: 192.168.157.210, host: pr-hdds-2463-z4974-865879084, networkLocation: /default-rack, certSerialId: null}124b1436-2dec-4708-9bef-ac97c435ef9a{ip: 192.168.157.210, host: pr-hdds-2463-z4974-865879084, networkLocation: /default-rack, certSerialId: null}, Type:RATIS, Factor:THREE, State:OPEN]
2019-11-12 22:25:19,364 [Thread-1654] INFO  pipeline.PipelineStateManager (PipelineStateManager.java:finalizePipeline(121)) - Pipeline Pipeline[ Id: 13367a24-ab6b-45ce-9ed5-261a64fc1e5a, Nodes: 36ba2c4b-fd66-4a0d-bee3-710bbe72aafc{ip: 192.168.157.210, host: pr-hdds-2463-z4974-865879084, networkLocation: /default-rack, certSerialId: null}e1630cc0-82e2-4757-a0ff-1e5aa97f4a82{ip: 192.168.157.210, host: pr-hdds-2463-z4974-865879084, networkLocation: /default-rack, certSerialId: null}124b1436-2dec-4708-9bef-ac97c435ef9a{ip: 192.168.157.210, host: pr-hdds-2463-z4974-865879084, networkLocation: /default-rack, certSerialId: null}, Type:RATIS, Factor:THREE, State:CLOSED] moved to CLOSED state
2019-11-12 22:25:19,367 [grpc-default-executor-2] INFO  impl.RaftServerProxy (RaftServerProxy.java:remove(95)) - 36ba2c4b-fd66-4a0d-bee3-710bbe72aafc: remove  FOLLOWER 36ba2c4b-fd66-4a0d-bee3-710bbe72aafc@group-261A64FC1E5A:t1, leader=e1630cc0-82e2-4757-a0ff-1e5aa97f4a82, voted=e1630cc0-82e2-4757-a0ff-1e5aa97f4a82, raftlog=36ba2c4b-fd66-4a0d-bee3-710bbe72aafc@group-261A64FC1E5A-SegmentedRaftLog:OPENED:c0,f0,i0, conf=0: [e1630cc0-82e2-4757-a0ff-1e5aa97f4a82:192.168.157.210:46723, 36ba2c4b-fd66-4a0d-bee3-710bbe72aafc:192.168.157.210:42115, 124b1436-2dec-4708-9bef-ac97c435ef9a:192.168.157.210:33855], old=null RUNNING
2019-11-12 22:25:19,370 [grpc-default-executor-2] INFO  impl.RaftServerImpl (RaftServerImpl.java:lambda$shutdown$3(250)) - 36ba2c4b-fd66-4a0d-bee3-710bbe72aafc@group-261A64FC1E5A: shutdown
2019-11-12 22:25:19,370 [grpc-default-executor-2] INFO  util.JmxRegister (JmxRegister.java:unregister(73)) - Successfully un-registered JMX Bean with object name Ratis:service=RaftServer,group=group-261A64FC1E5A,id=36ba2c4b-fd66-4a0d-bee3-710bbe72aafc
2019-11-12 22:25:19,370 [grpc-default-executor-2] INFO  impl.RoleInfo (RoleInfo.java:shutdownFollowerState(121)) - 36ba2c4b-fd66-4a0d-bee3-710bbe72aafc: shutdown FollowerState
2019-11-12 22:25:19,370 [grpc-default-executor-2] INFO  impl.StateMachineUpdater (StateMachineUpdater.java:stopAndJoin(136)) - 36ba2c4b-fd66-4a0d-bee3-710bbe72aafc@group-261A64FC1E5A-StateMachineUpdater: set stopIndex = 0
2019-11-12 22:25:19,370 [Thread-1714] INFO  impl.FollowerState (FollowerState.java:run(120)) - 36ba2c4b-fd66-4a0d-bee3-710bbe72aafc@group-261A64FC1E5A-FollowerState was interrupted: java.lang.InterruptedException: sleep interrupted
2019-11-12 22:25:19,373 [grpc-default-executor-2] INFO  impl.RaftServerImpl (ServerState.java:close(387)) - 36ba2c4b-fd66-4a0d-bee3-710bbe72aafc@group-261A64FC1E5A: closes. applyIndex: 0
2019-11-12 22:25:19,373 [36ba2c4b-fd66-4a0d-bee3-710bbe72aafc@group-261A64FC1E5A-SegmentedRaftLogWorker] INFO  segmented.SegmentedRaftLogWorker (SegmentedRaftLogWorker.java:run(316)) - 36ba2c4b-fd66-4a0d-bee3-710bbe72aafc@group-261A64FC1E5A-SegmentedRaftLogWorker was interrupted, exiting. There are 0 tasks remaining in the queue.
2019-11-12 22:25:19,373 [grpc-default-executor-2] INFO  segmented.SegmentedRaftLogWorker (SegmentedRaftLogWorker.java:close(224)) - 36ba2c4b-fd66-4a0d-bee3-710bbe72aafc@group-261A64FC1E5A-SegmentedRaftLogWorker close()
2019-11-12 22:25:19,379 [grpc-default-executor-2] INFO  impl.RaftServerProxy (RaftServerProxy.java:remove(95)) - e1630cc0-82e2-4757-a0ff-1e5aa97f4a82: remove    LEADER e1630cc0-82e2-4757-a0ff-1e5aa97f4a82@group-261A64FC1E5A:t1, leader=e1630cc0-82e2-4757-a0ff-1e5aa97f4a82, voted=e1630cc0-82e2-4757-a0ff-1e5aa97f4a82, raftlog=e1630cc0-82e2-4757-a0ff-1e5aa97f4a82@group-261A64FC1E5A-SegmentedRaftLog:OPENED:c0,f0,i0, conf=0: [e1630cc0-82e2-4757-a0ff-1e5aa97f4a82:192.168.157.210:46723, 36ba2c4b-fd66-4a0d-bee3-710bbe72aafc:192.168.157.210:42115, 124b1436-2dec-4708-9bef-ac97c435ef9a:192.168.157.210:33855], old=null RUNNING
2019-11-12 22:25:19,379 [grpc-default-executor-2] INFO  impl.RaftServerImpl (RaftServerImpl.java:lambda$shutdown$3(250)) - e1630cc0-82e2-4757-a0ff-1e5aa97f4a82@group-261A64FC1E5A: shutdown
2019-11-12 22:25:19,380 [grpc-default-executor-2] INFO  util.JmxRegister (JmxRegister.java:unregister(73)) - Successfully un-registered JMX Bean with object name Ratis:service=RaftServer,group=group-261A64FC1E5A,id=e1630cc0-82e2-4757-a0ff-1e5aa97f4a82
2019-11-12 22:25:19,380 [grpc-default-executor-2] INFO  impl.RoleInfo (RoleInfo.java:shutdownLeaderState(104)) - e1630cc0-82e2-4757-a0ff-1e5aa97f4a82: shutdown LeaderState
2019-11-12 22:25:19,383 [grpc-default-executor-2] INFO  impl.PendingRequests (PendingRequests.java:sendNotLeaderResponses(206)) - e1630cc0-82e2-4757-a0ff-1e5aa97f4a82@group-261A64FC1E5A-PendingRequests: sendNotLeaderResponses
2019-11-12 22:25:19,383 [org.apache.ratis.server.impl.LogAppender$AppenderDaemon$$Lambda$574/281406720@3e4c969d] WARN  server.GrpcLogAppender (GrpcLogAppender.java:mayWait(151)) - e1630cc0-82e2-4757-a0ff-1e5aa97f4a82@group-261A64FC1E5A->124b1436-2dec-4708-9bef-ac97c435ef9a-GrpcLogAppender: Wait interrupted by java.lang.InterruptedException
2019-11-12 22:25:19,384 [grpc-default-executor-2] INFO  impl.StateMachineUpdater (StateMachineUpdater.java:stopAndJoin(136)) - e1630cc0-82e2-4757-a0ff-1e5aa97f4a82@group-261A64FC1E5A-StateMachineUpdater: set stopIndex = 0
2019-11-12 22:25:19,383 [org.apache.ratis.server.impl.LogAppender$AppenderDaemon$$Lambda$574/281406720@7b4e0790] WARN  server.GrpcLogAppender (GrpcLogAppender.java:mayWait(151)) - e1630cc0-82e2-4757-a0ff-1e5aa97f4a82@group-261A64FC1E5A->36ba2c4b-fd66-4a0d-bee3-710bbe72aafc-GrpcLogAppender: Wait interrupted by java.lang.InterruptedException
2019-11-12 22:25:19,384 [grpc-default-executor-2] INFO  impl.RaftServerImpl (ServerState.java:close(387)) - e1630cc0-82e2-4757-a0ff-1e5aa97f4a82@group-261A64FC1E5A: closes. applyIndex: 0
2019-11-12 22:25:19,384 [grpc-default-executor-5] INFO  server.GrpcServerProtocolService (GrpcServerProtocolService.java:onCompleted(113)) - 124b1436-2dec-4708-9bef-ac97c435ef9a: Completed APPEND_ENTRIES, lastRequest: e1630cc0-82e2-4757-a0ff-1e5aa97f4a82->124b1436-2dec-4708-9bef-ac97c435ef9a#5-t1, previous=(t:1, i:0), leaderCommit=0, initializing? false, entries: <empty>
2019-11-12 22:25:19,385 [e1630cc0-82e2-4757-a0ff-1e5aa97f4a82@group-261A64FC1E5A-SegmentedRaftLogWorker] INFO  segmented.SegmentedRaftLogWorker (SegmentedRaftLogWorker.java:run(316)) - e1630cc0-82e2-4757-a0ff-1e5aa97f4a82@group-261A64FC1E5A-SegmentedRaftLogWorker was interrupted, exiting. There are 0 tasks remaining in the queue.
2019-11-12 22:25:19,385 [grpc-default-executor-1] INFO  server.GrpcServerProtocolService (GrpcServerProtocolService.java:onCompleted(113)) - 36ba2c4b-fd66-4a0d-bee3-710bbe72aafc: Completed APPEND_ENTRIES, lastRequest: e1630cc0-82e2-4757-a0ff-1e5aa97f4a82->36ba2c4b-fd66-4a0d-bee3-710bbe72aafc#5-t1, previous=(t:1, i:0), leaderCommit=0, initializing? false, entries: <empty>
2019-11-12 22:25:19,385 [grpc-default-executor-2] INFO  segmented.SegmentedRaftLogWorker (SegmentedRaftLogWorker.java:close(224)) - e1630cc0-82e2-4757-a0ff-1e5aa97f4a82@group-261A64FC1E5A-SegmentedRaftLogWorker close()
2019-11-12 22:25:19,385 [grpc-default-executor-5] INFO  server.GrpcLogAppender (GrpcLogAppender.java:onCompleted(308)) - e1630cc0-82e2-4757-a0ff-1e5aa97f4a82@group-261A64FC1E5A->124b1436-2dec-4708-9bef-ac97c435ef9a-AppendLogResponseHandler: follower responses appendEntries COMPLETED
2019-11-12 22:25:19,393 [grpc-default-executor-5] INFO  impl.FollowerInfo (FollowerInfo.java:lambda$new$0(51)) - e1630cc0-82e2-4757-a0ff-1e5aa97f4a82@group-261A64FC1E5A->124b1436-2dec-4708-9bef-ac97c435ef9a: nextIndex: updateUnconditionally 1 -> 0
2019-11-12 22:25:19,385 [grpc-default-executor-1] INFO  server.GrpcLogAppender (GrpcLogAppender.java:onCompleted(308)) - e1630cc0-82e2-4757-a0ff-1e5aa97f4a82@group-261A64FC1E5A->36ba2c4b-fd66-4a0d-bee3-710bbe72aafc-AppendLogResponseHandler: follower responses appendEntries COMPLETED
2019-11-12 22:25:19,394 [grpc-default-executor-1] INFO  impl.FollowerInfo (FollowerInfo.java:lambda$new$0(51)) - e1630cc0-82e2-4757-a0ff-1e5aa97f4a82@group-261A64FC1E5A->36ba2c4b-fd66-4a0d-bee3-710bbe72aafc: nextIndex: updateUnconditionally 1 -> 0
2019-11-12 22:25:19,412 [grpc-default-executor-2] INFO  impl.RaftServerProxy (RaftServerProxy.java:remove(95)) - 124b1436-2dec-4708-9bef-ac97c435ef9a: remove  FOLLOWER 124b1436-2dec-4708-9bef-ac97c435ef9a@group-261A64FC1E5A:t1, leader=e1630cc0-82e2-4757-a0ff-1e5aa97f4a82, voted=e1630cc0-82e2-4757-a0ff-1e5aa97f4a82, raftlog=124b1436-2dec-4708-9bef-ac97c435ef9a@group-261A64FC1E5A-SegmentedRaftLog:OPENED:c0,f0,i0, conf=0: [e1630cc0-82e2-4757-a0ff-1e5aa97f4a82:192.168.157.210:46723, 36ba2c4b-fd66-4a0d-bee3-710bbe72aafc:192.168.157.210:42115, 124b1436-2dec-4708-9bef-ac97c435ef9a:192.168.157.210:33855], old=null RUNNING
2019-11-12 22:25:19,412 [grpc-default-executor-2] INFO  impl.RaftServerImpl (RaftServerImpl.java:lambda$shutdown$3(250)) - 124b1436-2dec-4708-9bef-ac97c435ef9a@group-261A64FC1E5A: shutdown
2019-11-12 22:25:19,412 [grpc-default-executor-2] INFO  util.JmxRegister (JmxRegister.java:unregister(73)) - Successfully un-registered JMX Bean with object name Ratis:service=RaftServer,group=group-261A64FC1E5A,id=124b1436-2dec-4708-9bef-ac97c435ef9a
2019-11-12 22:25:19,413 [grpc-default-executor-2] INFO  impl.RoleInfo (RoleInfo.java:shutdownFollowerState(121)) - 124b1436-2dec-4708-9bef-ac97c435ef9a: shutdown FollowerState
2019-11-12 22:25:19,413 [Thread-1713] INFO  impl.FollowerState (FollowerState.java:run(120)) - 124b1436-2dec-4708-9bef-ac97c435ef9a@group-261A64FC1E5A-FollowerState was interrupted: java.lang.InterruptedException: sleep interrupted
2019-11-12 22:25:19,421 [grpc-default-executor-2] INFO  impl.StateMachineUpdater (StateMachineUpdater.java:stopAndJoin(136)) - 124b1436-2dec-4708-9bef-ac97c435ef9a@group-261A64FC1E5A-StateMachineUpdater: set stopIndex = 0
2019-11-12 22:25:19,421 [grpc-default-executor-2] INFO  impl.RaftServerImpl (ServerState.java:close(387)) - 124b1436-2dec-4708-9bef-ac97c435ef9a@group-261A64FC1E5A: closes. applyIndex: 0
2019-11-12 22:25:19,421 [124b1436-2dec-4708-9bef-ac97c435ef9a@group-261A64FC1E5A-SegmentedRaftLogWorker] INFO  segmented.SegmentedRaftLogWorker (SegmentedRaftLogWorker.java:run(316)) - 124b1436-2dec-4708-9bef-ac97c435ef9a@group-261A64FC1E5A-SegmentedRaftLogWorker was interrupted, exiting. There are 0 tasks remaining in the queue.
2019-11-12 22:25:19,421 [grpc-default-executor-2] INFO  segmented.SegmentedRaftLogWorker (SegmentedRaftLogWorker.java:close(224)) - 124b1436-2dec-4708-9bef-ac97c435ef9a@group-261A64FC1E5A-SegmentedRaftLogWorker close()
2019-11-12 22:25:19,426 [Thread-1654] INFO  pipeline.PipelineStateManager (PipelineStateManager.java:removePipeline(106)) - Pipeline Pipeline[ Id: 13367a24-ab6b-45ce-9ed5-261a64fc1e5a, Nodes: 36ba2c4b-fd66-4a0d-bee3-710bbe72aafc{ip: 192.168.157.210, host: pr-hdds-2463-z4974-865879084, networkLocation: /default-rack, certSerialId: null}e1630cc0-82e2-4757-a0ff-1e5aa97f4a82{ip: 192.168.157.210, host: pr-hdds-2463-z4974-865879084, networkLocation: /default-rack, certSerialId: null}124b1436-2dec-4708-9bef-ac97c435ef9a{ip: 192.168.157.210, host: pr-hdds-2463-z4974-865879084, networkLocation: /default-rack, certSerialId: null}, Type:RATIS, Factor:THREE, State:CLOSED] removed from db
2019-11-12 22:25:19,430 [grpc-default-executor-5] INFO  impl.RaftServerProxy (RaftServerProxy.java:addNew(89)) - e1630cc0-82e2-4757-a0ff-1e5aa97f4a82: addNew group-856B764B1031:[e1630cc0-82e2-4757-a0ff-1e5aa97f4a82:192.168.157.210:46723, 36ba2c4b-fd66-4a0d-bee3-710bbe72aafc:192.168.157.210:42115, 124b1436-2dec-4708-9bef-ac97c435ef9a:192.168.157.210:33855] returns group-856B764B1031:java.util.concurrent.CompletableFuture@31c22c62[Not completed]
2019-11-12 22:25:19,430 [grpc-default-executor-1] INFO  impl.RaftServerProxy (RaftServerProxy.java:addNew(89)) - 36ba2c4b-fd66-4a0d-bee3-710bbe72aafc: addNew group-856B764B1031:[e1630cc0-82e2-4757-a0ff-1e5aa97f4a82:192.168.157.210:46723, 36ba2c4b-fd66-4a0d-bee3-710bbe72aafc:192.168.157.210:42115, 124b1436-2dec-4708-9bef-ac97c435ef9a:192.168.157.210:33855] returns group-856B764B1031:java.util.concurrent.CompletableFuture@5e14657c[Not completed]
2019-11-12 22:25:19,430 [grpc-default-executor-2] INFO  impl.RaftServerProxy (RaftServerProxy.java:addNew(89)) - 124b1436-2dec-4708-9bef-ac97c435ef9a: addNew group-856B764B1031:[e1630cc0-82e2-4757-a0ff-1e5aa97f4a82:192.168.157.210:46723, 36ba2c4b-fd66-4a0d-bee3-710bbe72aafc:192.168.157.210:42115, 124b1436-2dec-4708-9bef-ac97c435ef9a:192.168.157.210:33855] returns group-856B764B1031:java.util.concurrent.CompletableFuture@d35084f[Not completed]
2019-11-12 22:25:19,433 [pool-183-thread-1] INFO  impl.RaftServerImpl (RaftServerImpl.java:<init>(98)) - e1630cc0-82e2-4757-a0ff-1e5aa97f4a82: new RaftServerImpl for group-856B764B1031:[e1630cc0-82e2-4757-a0ff-1e5aa97f4a82:192.168.157.210:46723, 36ba2c4b-fd66-4a0d-bee3-710bbe72aafc:192.168.157.210:42115, 124b1436-2dec-4708-9bef-ac97c435ef9a:192.168.157.210:33855] with ContainerStateMachine:uninitialized
2019-11-12 22:25:19,433 [pool-183-thread-1] INFO  server.RaftServerConfigKeys (ConfUtils.java:logGet(43)) - raft.server.rpc.timeout.min = 1s (custom)
2019-11-12 22:25:19,434 [pool-183-thread-1] INFO  server.RaftServerConfigKeys (ConfUtils.java:logGet(43)) - raft.server.rpc.timeout.max = 1200ms (custom)
2019-11-12 22:25:19,434 [pool-183-thread-1] INFO  server.RaftServerConfigKeys (ConfUtils.java:logGet(43)) - raft.server.rpcslowness.timeout = 120s (custom)
2019-11-12 22:25:19,434 [pool-183-thread-1] INFO  server.RaftServerConfigKeys (ConfUtils.java:logGet(43)) - raft.server.sleep.deviation.threshold = 300 (default)
2019-11-12 22:25:19,434 [pool-203-thread-1] INFO  impl.RaftServerImpl (RaftServerImpl.java:<init>(98)) - 36ba2c4b-fd66-4a0d-bee3-710bbe72aafc: new RaftServerImpl for group-856B764B1031:[e1630cc0-82e2-4757-a0ff-1e5aa97f4a82:192.168.157.210:46723, 36ba2c4b-fd66-4a0d-bee3-710bbe72aafc:192.168.157.210:42115, 124b1436-2dec-4708-9bef-ac97c435ef9a:192.168.157.210:33855] with ContainerStateMachine:uninitialized
2019-11-12 22:25:19,434 [pool-183-thread-1] INFO  server.RaftServerConfigKeys (ConfUtils.java:logGet(43)) - raft.server.log.appender.install.snapshot.enabled = false (custom)
2019-11-12 22:25:19,434 [pool-203-thread-1] INFO  server.RaftServerConfigKeys (ConfUtils.java:logGet(43)) - raft.server.rpc.timeout.min = 1s (custom)
2019-11-12 22:25:19,434 [pool-183-thread-1] INFO  impl.RaftServerImpl (ServerState.java:<init>(103)) - e1630cc0-82e2-4757-a0ff-1e5aa97f4a82@group-856B764B1031: ConfigurationManager, init=-1: [e1630cc0-82e2-4757-a0ff-1e5aa97f4a82:192.168.157.210:46723, 36ba2c4b-fd66-4a0d-bee3-710bbe72aafc:192.168.157.210:42115, 124b1436-2dec-4708-9bef-ac97c435ef9a:192.168.157.210:33855], old=null, confs=<EMPTY_MAP>
2019-11-12 22:25:19,434 [pool-203-thread-1] INFO  server.RaftServerConfigKeys (ConfUtils.java:logGet(43)) - raft.server.rpc.timeout.max = 1200ms (custom)
2019-11-12 22:25:19,434 [pool-193-thread-1] INFO  impl.RaftServerImpl (RaftServerImpl.java:<init>(98)) - 124b1436-2dec-4708-9bef-ac97c435ef9a: new RaftServerImpl for group-856B764B1031:[e1630cc0-82e2-4757-a0ff-1e5aa97f4a82:192.168.157.210:46723, 36ba2c4b-fd66-4a0d-bee3-710bbe72aafc:192.168.157.210:42115, 124b1436-2dec-4708-9bef-ac97c435ef9a:192.168.157.210:33855] with ContainerStateMachine:uninitialized
2019-11-12 22:25:19,434 [pool-203-thread-1] INFO  server.RaftServerConfigKeys (ConfUtils.java:logGet(43)) - raft.server.rpcslowness.timeout = 120s (custom)
2019-11-12 22:25:19,434 [pool-183-thread-1] INFO  server.RaftServerConfigKeys (ConfUtils.java:logGet(43)) - raft.server.storage.dir = [/workdir/hadoop-ozone/integration-test/target/test-dir/MiniOzoneClusterImpl-49cde4fa-0f5c-485a-80e4-a10b14a740d7/datanode-3/data/ratis] (custom)
2019-11-12 22:25:19,434 [pool-203-thread-1] INFO  server.RaftServerConfigKeys (ConfUtils.java:logGet(43)) - raft.server.sleep.deviation.threshold = 300 (default)
2019-11-12 22:25:19,434 [pool-193-thread-1] INFO  server.RaftServerConfigKeys (ConfUtils.java:logGet(43)) - raft.server.rpc.timeout.min = 1s (custom)
2019-11-12 22:25:19,435 [pool-203-thread-1] INFO  server.RaftServerConfigKeys (ConfUtils.java:logGet(43)) - raft.server.log.appender.install.snapshot.enabled = false (custom)
2019-11-12 22:25:19,435 [pool-193-thread-1] INFO  server.RaftServerConfigKeys (ConfUtils.java:logGet(43)) - raft.server.rpc.timeout.max = 1200ms (custom)
2019-11-12 22:25:19,435 [pool-203-thread-1] INFO  impl.RaftServerImpl (ServerState.java:<init>(103)) - 36ba2c4b-fd66-4a0d-bee3-710bbe72aafc@group-856B764B1031: ConfigurationManager, init=-1: [e1630cc0-82e2-4757-a0ff-1e5aa97f4a82:192.168.157.210:46723, 36ba2c4b-fd66-4a0d-bee3-710bbe72aafc:192.168.157.210:42115, 124b1436-2dec-4708-9bef-ac97c435ef9a:192.168.157.210:33855], old=null, confs=<EMPTY_MAP>
2019-11-12 22:25:19,435 [pool-193-thread-1] INFO  server.RaftServerConfigKeys (ConfUtils.java:logGet(43)) - raft.server.rpcslowness.timeout = 120s (custom)
2019-11-12 22:25:19,435 [pool-203-thread-1] INFO  server.RaftServerConfigKeys (ConfUtils.java:logGet(43)) - raft.server.storage.dir = [/workdir/hadoop-ozone/integration-test/target/test-dir/MiniOzoneClusterImpl-49cde4fa-0f5c-485a-80e4-a10b14a740d7/datanode-5/data/ratis] (custom)
2019-11-12 22:25:19,435 [pool-193-thread-1] INFO  server.RaftServerConfigKeys (ConfUtils.java:logGet(43)) - raft.server.sleep.deviation.threshold = 300 (default)
2019-11-12 22:25:19,435 [pool-193-thread-1] INFO  server.RaftServerConfigKeys (ConfUtils.java:logGet(43)) - raft.server.log.appender.install.snapshot.enabled = false (custom)
2019-11-12 22:25:19,435 [pool-203-thread-1] INFO  server.RaftServerConfigKeys (ConfUtils.java:logGet(43)) - raft.server.log.corruption.policy = EXCEPTION (default)
2019-11-12 22:25:19,435 [pool-193-thread-1] INFO  impl.RaftServerImpl (ServerState.java:<init>(103)) - 124b1436-2dec-4708-9bef-ac97c435ef9a@group-856B764B1031: ConfigurationManager, init=-1: [e1630cc0-82e2-4757-a0ff-1e5aa97f4a82:192.168.157.210:46723, 36ba2c4b-fd66-4a0d-bee3-710bbe72aafc:192.168.157.210:42115, 124b1436-2dec-4708-9bef-ac97c435ef9a:192.168.157.210:33855], old=null, confs=<EMPTY_MAP>
2019-11-12 22:25:19,435 [pool-203-thread-1] INFO  storage.RaftStorageDirectory (RaftStorageDirectory.java:analyzeStorage(246)) - The storage directory /workdir/hadoop-ozone/integration-test/target/test-dir/MiniOzoneClusterImpl-49cde4fa-0f5c-485a-80e4-a10b14a740d7/datanode-5/data/ratis/db819981-578c-4e86-897b-856b764b1031 does not exist. Creating ...
2019-11-12 22:25:19,435 [pool-193-thread-1] INFO  server.RaftServerConfigKeys (ConfUtils.java:logGet(43)) - raft.server.storage.dir = [/workdir/hadoop-ozone/integration-test/target/test-dir/MiniOzoneClusterImpl-49cde4fa-0f5c-485a-80e4-a10b14a740d7/datanode-4/data/ratis] (custom)
2019-11-12 22:25:19,439 [pool-193-thread-1] INFO  server.RaftServerConfigKeys (ConfUtils.java:logGet(43)) - raft.server.log.corruption.policy = EXCEPTION (default)
2019-11-12 22:25:19,439 [pool-183-thread-1] INFO  server.RaftServerConfigKeys (ConfUtils.java:logGet(43)) - raft.server.log.corruption.policy = EXCEPTION (default)
2019-11-12 22:25:19,440 [pool-193-thread-1] INFO  storage.RaftStorageDirectory (RaftStorageDirectory.java:analyzeStorage(246)) - The storage directory /workdir/hadoop-ozone/integration-test/target/test-dir/MiniOzoneClusterImpl-49cde4fa-0f5c-485a-80e4-a10b14a740d7/datanode-4/data/ratis/db819981-578c-4e86-897b-856b764b1031 does not exist. Creating ...
2019-11-12 22:25:19,440 [pool-183-thread-1] INFO  storage.RaftStorageDirectory (RaftStorageDirectory.java:analyzeStorage(246)) - The storage directory /workdir/hadoop-ozone/integration-test/target/test-dir/MiniOzoneClusterImpl-49cde4fa-0f5c-485a-80e4-a10b14a740d7/datanode-3/data/ratis/db819981-578c-4e86-897b-856b764b1031 does not exist. Creating ...
2019-11-12 22:25:19,463 [pool-193-thread-1] INFO  storage.RaftStorageDirectory (RaftStorageDirectory.java:tryLock(328)) - Lock on /workdir/hadoop-ozone/integration-test/target/test-dir/MiniOzoneClusterImpl-49cde4fa-0f5c-485a-80e4-a10b14a740d7/datanode-4/data/ratis/db819981-578c-4e86-897b-856b764b1031/in_use.lock acquired by nodename 20844@pr-hdds-2463-z4974-865879084
2019-11-12 22:25:19,463 [pool-203-thread-1] INFO  storage.RaftStorageDirectory (RaftStorageDirectory.java:tryLock(328)) - Lock on /workdir/hadoop-ozone/integration-test/target/test-dir/MiniOzoneClusterImpl-49cde4fa-0f5c-485a-80e4-a10b14a740d7/datanode-5/data/ratis/db819981-578c-4e86-897b-856b764b1031/in_use.lock acquired by nodename 20844@pr-hdds-2463-z4974-865879084
2019-11-12 22:25:19,463 [pool-183-thread-1] INFO  storage.RaftStorageDirectory (RaftStorageDirectory.java:tryLock(328)) - Lock on /workdir/hadoop-ozone/integration-test/target/test-dir/MiniOzoneClusterImpl-49cde4fa-0f5c-485a-80e4-a10b14a740d7/datanode-3/data/ratis/db819981-578c-4e86-897b-856b764b1031/in_use.lock acquired by nodename 20844@pr-hdds-2463-z4974-865879084
2019-11-12 22:25:19,481 [pool-193-thread-1] INFO  storage.RaftStorage (RaftStorage.java:format(84)) - Storage directory /workdir/hadoop-ozone/integration-test/target/test-dir/MiniOzoneClusterImpl-49cde4fa-0f5c-485a-80e4-a10b14a740d7/datanode-4/data/ratis/db819981-578c-4e86-897b-856b764b1031 has been successfully formatted.
2019-11-12 22:25:19,481 [pool-203-thread-1] INFO  storage.RaftStorage (RaftStorage.java:format(84)) - Storage directory /workdir/hadoop-ozone/integration-test/target/test-dir/MiniOzoneClusterImpl-49cde4fa-0f5c-485a-80e4-a10b14a740d7/datanode-5/data/ratis/db819981-578c-4e86-897b-856b764b1031 has been successfully formatted.
2019-11-12 22:25:19,481 [pool-183-thread-1] INFO  storage.RaftStorage (RaftStorage.java:format(84)) - Storage directory /workdir/hadoop-ozone/integration-test/target/test-dir/MiniOzoneClusterImpl-49cde4fa-0f5c-485a-80e4-a10b14a740d7/datanode-3/data/ratis/db819981-578c-4e86-897b-856b764b1031 has been successfully formatted.
2019-11-12 22:25:19,481 [pool-193-thread-1] INFO  ratis.ContainerStateMachine (ContainerStateMachine.java:loadSnapshot(223)) - group-856B764B1031: The snapshot info is null. Setting the last applied indexto:(t:0, i:~)
2019-11-12 22:25:19,481 [pool-203-thread-1] INFO  ratis.ContainerStateMachine (ContainerStateMachine.java:loadSnapshot(223)) - group-856B764B1031: The snapshot info is null. Setting the last applied indexto:(t:0, i:~)
2019-11-12 22:25:19,481 [pool-193-thread-1] INFO  server.RaftServerConfigKeys (ConfUtils.java:logGet(43)) - raft.server.notification.no-leader.timeout = 120s (custom)
2019-11-12 22:25:19,481 [pool-183-thread-1] INFO  ratis.ContainerStateMachine (ContainerStateMachine.java:loadSnapshot(223)) - group-856B764B1031: The snapshot info is null. Setting the last applied indexto:(t:0, i:~)
2019-11-12 22:25:19,482 [pool-193-thread-1] INFO  server.RaftServerConfigKeys (ConfUtils.java:logGet(43)) - raft.server.log.use.memory = false (default)
2019-11-12 22:25:19,482 [pool-203-thread-1] INFO  server.RaftServerConfigKeys (ConfUtils.java:logGet(43)) - raft.server.notification.no-leader.timeout = 120s (custom)
2019-11-12 22:25:19,482 [pool-193-thread-1] INFO  server.RaftServerConfigKeys (ConfUtils.java:logGet(43)) - raft.server.log.purge.gap = 1000000 (custom)
2019-11-12 22:25:19,482 [pool-183-thread-1] INFO  server.RaftServerConfigKeys (ConfUtils.java:logGet(43)) - raft.server.notification.no-leader.timeout = 120s (custom)
2019-11-12 22:25:19,482 [pool-193-thread-1] INFO  server.RaftServerConfigKeys (ConfUtils.java:logGet(43)) - raft.server.log.appender.buffer.byte-limit = 33554432 (custom)
2019-11-12 22:25:19,482 [pool-203-thread-1] INFO  server.RaftServerConfigKeys (ConfUtils.java:logGet(43)) - raft.server.log.use.memory = false (default)
2019-11-12 22:25:19,482 [pool-193-thread-1] INFO  server.RaftServerConfigKeys (ConfUtils.java:logGet(43)) - raft.server.log.segment.size.max = 1048576 (custom)
2019-11-12 22:25:19,482 [pool-183-thread-1] INFO  server.RaftServerConfigKeys (ConfUtils.java:logGet(43)) - raft.server.log.use.memory = false (default)
2019-11-12 22:25:19,482 [pool-193-thread-1] INFO  server.RaftServerConfigKeys (ConfUtils.java:logGet(43)) - raft.server.log.segment.cache.num.max = 2 (custom)
2019-11-12 22:25:19,482 [pool-203-thread-1] INFO  server.RaftServerConfigKeys (ConfUtils.java:logGet(43)) - raft.server.log.purge.gap = 1000000 (custom)
2019-11-12 22:25:19,483 [pool-193-thread-1] INFO  segmented.SegmentedRaftLogWorker (SegmentedRaftLogWorker.java:<init>(173)) - new 124b1436-2dec-4708-9bef-ac97c435ef9a@group-856B764B1031-SegmentedRaftLogWorker for RaftStorage:Storage Directory /workdir/hadoop-ozone/integration-test/target/test-dir/MiniOzoneClusterImpl-49cde4fa-0f5c-485a-80e4-a10b14a740d7/datanode-4/data/ratis/db819981-578c-4e86-897b-856b764b1031
2019-11-12 22:25:19,483 [pool-183-thread-1] INFO  server.RaftServerConfigKeys (ConfUtils.java:logGet(43)) - raft.server.log.purge.gap = 1000000 (custom)
2019-11-12 22:25:19,483 [pool-193-thread-1] INFO  server.RaftServerConfigKeys (ConfUtils.java:logGet(43)) - raft.server.log.queue.byte-limit = 2147483647 (custom)
2019-11-12 22:25:19,483 [pool-203-thread-1] INFO  server.RaftServerConfigKeys (ConfUtils.java:logGet(43)) - raft.server.log.appender.buffer.byte-limit = 33554432 (custom)
2019-11-12 22:25:19,483 [pool-193-thread-1] INFO  server.RaftServerConfigKeys (ConfUtils.java:logGet(43)) - raft.server.log.queue.element-limit = 1024 (custom)
2019-11-12 22:25:19,483 [pool-183-thread-1] INFO  server.RaftServerConfigKeys (ConfUtils.java:logGet(43)) - raft.server.log.appender.buffer.byte-limit = 33554432 (custom)
2019-11-12 22:25:19,483 [pool-193-thread-1] INFO  server.RaftServerConfigKeys (ConfUtils.java:logGet(43)) - raft.server.log.segment.size.max = 1048576 (custom)
2019-11-12 22:25:19,483 [pool-193-thread-1] INFO  server.RaftServerConfigKeys (ConfUtils.java:logGet(43)) - raft.server.log.preallocated.size = 16384 (custom)
2019-11-12 22:25:19,483 [pool-193-thread-1] INFO  server.RaftServerConfigKeys (ConfUtils.java:logGet(43)) - raft.server.log.write.buffer.size = 33554432 (custom)
2019-11-12 22:25:19,484 [pool-193-thread-1] INFO  server.RaftServerConfigKeys (ConfUtils.java:logGet(43)) - raft.server.log.force.sync.num = 128 (default)
2019-11-12 22:25:19,484 [pool-193-thread-1] INFO  server.RaftServerConfigKeys (ConfUtils.java:logGet(43)) - raft.server.log.statemachine.data.sync = true (default)
2019-11-12 22:25:19,484 [pool-193-thread-1] INFO  server.RaftServerConfigKeys (ConfUtils.java:logGet(43)) - raft.server.log.statemachine.data.sync.timeout = 10s (default)
2019-11-12 22:25:19,484 [pool-193-thread-1] INFO  server.RaftServerConfigKeys (ConfUtils.java:logGet(43)) - raft.server.log.statemachine.data.sync.timeout.retry = -1 (default)
2019-11-12 22:25:19,484 [pool-193-thread-1] INFO  server.RaftServerConfigKeys (ConfUtils.java:logGet(43)) - raft.server.log.statemachine.data.caching.enabled = true (custom)
2019-11-12 22:25:19,484 [pool-193-thread-1] INFO  segmented.SegmentedRaftLogWorker (SegmentedRaftLogWorker.java:lambda$new$0(128)) - 124b1436-2dec-4708-9bef-ac97c435ef9a@group-856B764B1031-SegmentedRaftLogWorker: flushIndex: setUnconditionally 0 -> -1
2019-11-12 22:25:19,483 [pool-203-thread-1] INFO  server.RaftServerConfigKeys (ConfUtils.java:logGet(43)) - raft.server.log.segment.size.max = 1048576 (custom)
2019-11-12 22:25:19,483 [pool-183-thread-1] INFO  server.RaftServerConfigKeys (ConfUtils.java:logGet(43)) - raft.server.log.segment.size.max = 1048576 (custom)
2019-11-12 22:25:19,485 [pool-203-thread-1] INFO  server.RaftServerConfigKeys (ConfUtils.java:logGet(43)) - raft.server.log.segment.cache.num.max = 2 (custom)
2019-11-12 22:25:19,485 [pool-193-thread-1] INFO  server.RaftServerConfigKeys (ConfUtils.java:logGet(43)) - raft.server.snapshot.auto.trigger.enabled = true (custom)
2019-11-12 22:25:19,485 [pool-183-thread-1] INFO  server.RaftServerConfigKeys (ConfUtils.java:logGet(43)) - raft.server.log.segment.cache.num.max = 2 (custom)
2019-11-12 22:25:19,485 [pool-193-thread-1] INFO  server.RaftServerConfigKeys (ConfUtils.java:logGet(43)) - raft.server.snapshot.auto.trigger.threshold = 10000 (custom)
2019-11-12 22:25:19,485 [pool-203-thread-1] INFO  segmented.SegmentedRaftLogWorker (SegmentedRaftLogWorker.java:<init>(173)) - new 36ba2c4b-fd66-4a0d-bee3-710bbe72aafc@group-856B764B1031-SegmentedRaftLogWorker for RaftStorage:Storage Directory /workdir/hadoop-ozone/integration-test/target/test-dir/MiniOzoneClusterImpl-49cde4fa-0f5c-485a-80e4-a10b14a740d7/datanode-5/data/ratis/db819981-578c-4e86-897b-856b764b1031
2019-11-12 22:25:19,485 [pool-193-thread-1] INFO  server.RaftServerConfigKeys (ConfUtils.java:logGet(43)) - raft.server.snapshot.retention.file.num = 5 (custom)
2019-11-12 22:25:19,485 [pool-183-thread-1] INFO  segmented.SegmentedRaftLogWorker (SegmentedRaftLogWorker.java:<init>(173)) - new e1630cc0-82e2-4757-a0ff-1e5aa97f4a82@group-856B764B1031-SegmentedRaftLogWorker for RaftStorage:Storage Directory /workdir/hadoop-ozone/integration-test/target/test-dir/MiniOzoneClusterImpl-49cde4fa-0f5c-485a-80e4-a10b14a740d7/datanode-3/data/ratis/db819981-578c-4e86-897b-856b764b1031
2019-11-12 22:25:19,485 [pool-193-thread-1] INFO  server.RaftServerConfigKeys (ConfUtils.java:logGet(43)) - raft.server.retrycache.expirytime = 600000ms (custom)
2019-11-12 22:25:19,485 [pool-203-thread-1] INFO  server.RaftServerConfigKeys (ConfUtils.java:logGet(43)) - raft.server.log.queue.byte-limit = 2147483647 (custom)
2019-11-12 22:25:19,486 [pool-203-thread-1] INFO  server.RaftServerConfigKeys (ConfUtils.java:logGet(43)) - raft.server.log.queue.element-limit = 1024 (custom)
2019-11-12 22:25:19,486 [pool-203-thread-1] INFO  server.RaftServerConfigKeys (ConfUtils.java:logGet(43)) - raft.server.log.segment.size.max = 1048576 (custom)
2019-11-12 22:25:19,486 [pool-203-thread-1] INFO  server.RaftServerConfigKeys (ConfUtils.java:logGet(43)) - raft.server.log.preallocated.size = 16384 (custom)
2019-11-12 22:25:19,486 [pool-203-thread-1] INFO  server.RaftServerConfigKeys (ConfUtils.java:logGet(43)) - raft.server.log.write.buffer.size = 33554432 (custom)
2019-11-12 22:25:19,486 [pool-203-thread-1] INFO  server.RaftServerConfigKeys (ConfUtils.java:logGet(43)) - raft.server.log.force.sync.num = 128 (default)
2019-11-12 22:25:19,486 [pool-183-thread-1] INFO  server.RaftServerConfigKeys (ConfUtils.java:logGet(43)) - raft.server.log.queue.byte-limit = 2147483647 (custom)
2019-11-12 22:25:19,486 [pool-203-thread-1] INFO  server.RaftServerConfigKeys (ConfUtils.java:logGet(43)) - raft.server.log.statemachine.data.sync = true (default)
2019-11-12 22:25:19,486 [pool-193-thread-1] WARN  impl.MetricRegistriesImpl (MetricRegistriesImpl.java:lambda$create$1(61)) - First MetricRegistry has been created without registering reporters. You may need to call MetricRegistries.global().addReportRegistration(...) before.
2019-11-12 22:25:19,486 [pool-203-thread-1] INFO  server.RaftServerConfigKeys (ConfUtils.java:logGet(43)) - raft.server.log.statemachine.data.sync.timeout = 10s (default)
2019-11-12 22:25:19,486 [pool-183-thread-1] INFO  server.RaftServerConfigKeys (ConfUtils.java:logGet(43)) - raft.server.log.queue.element-limit = 1024 (custom)
2019-11-12 22:25:19,487 [pool-183-thread-1] INFO  server.RaftServerConfigKeys (ConfUtils.java:logGet(43)) - raft.server.log.segment.size.max = 1048576 (custom)
2019-11-12 22:25:19,487 [pool-183-thread-1] INFO  server.RaftServerConfigKeys (ConfUtils.java:logGet(43)) - raft.server.log.preallocated.size = 16384 (custom)
2019-11-12 22:25:19,487 [pool-183-thread-1] INFO  server.RaftServerConfigKeys (ConfUtils.java:logGet(43)) - raft.server.log.write.buffer.size = 33554432 (custom)
2019-11-12 22:25:19,486 [pool-203-thread-1] INFO  server.RaftServerConfigKeys (ConfUtils.java:logGet(43)) - raft.server.log.statemachine.data.sync.timeout.retry = -1 (default)
2019-11-12 22:25:19,486 [pool-193-thread-1] WARN  impl.MetricRegistriesImpl (MetricRegistriesImpl.java:lambda$create$1(61)) - First MetricRegistry has been created without registering reporters. You may need to call MetricRegistries.global().addReportRegistration(...) before.
2019-11-12 22:25:19,487 [pool-203-thread-1] INFO  server.RaftServerConfigKeys (ConfUtils.java:logGet(43)) - raft.server.log.statemachine.data.caching.enabled = true (custom)
2019-11-12 22:25:19,487 [pool-183-thread-1] INFO  server.RaftServerConfigKeys (ConfUtils.java:logGet(43)) - raft.server.log.force.sync.num = 128 (default)
2019-11-12 22:25:19,487 [pool-193-thread-1] INFO  impl.RaftServerImpl (RaftServerImpl.java:start(184)) - 124b1436-2dec-4708-9bef-ac97c435ef9a@group-856B764B1031: start as a follower, conf=-1: [e1630cc0-82e2-4757-a0ff-1e5aa97f4a82:192.168.157.210:46723, 36ba2c4b-fd66-4a0d-bee3-710bbe72aafc:192.168.157.210:42115, 124b1436-2dec-4708-9bef-ac97c435ef9a:192.168.157.210:33855], old=null
2019-11-12 22:25:19,487 [pool-203-thread-1] INFO  segmented.SegmentedRaftLogWorker (SegmentedRaftLogWorker.java:lambda$new$0(128)) - 36ba2c4b-fd66-4a0d-bee3-710bbe72aafc@group-856B764B1031-SegmentedRaftLogWorker: flushIndex: setUnconditionally 0 -> -1
2019-11-12 22:25:19,487 [pool-183-thread-1] INFO  server.RaftServerConfigKeys (ConfUtils.java:logGet(43)) - raft.server.log.statemachine.data.sync = true (default)
2019-11-12 22:25:19,487 [pool-193-thread-1] INFO  impl.RaftServerImpl (RaftServerImpl.java:setRole(173)) - 124b1436-2dec-4708-9bef-ac97c435ef9a@group-856B764B1031: changes role from      null to FOLLOWER at term 0 for startAsFollower
2019-11-12 22:25:19,488 [pool-183-thread-1] INFO  server.RaftServerConfigKeys (ConfUtils.java:logGet(43)) - raft.server.log.statemachine.data.sync.timeout = 10s (default)
2019-11-12 22:25:19,488 [pool-203-thread-1] INFO  server.RaftServerConfigKeys (ConfUtils.java:logGet(43)) - raft.server.snapshot.auto.trigger.enabled = true (custom)
2019-11-12 22:25:19,488 [pool-183-thread-1] INFO  server.RaftServerConfigKeys (ConfUtils.java:logGet(43)) - raft.server.log.statemachine.data.sync.timeout.retry = -1 (default)
2019-11-12 22:25:19,488 [pool-193-thread-1] INFO  impl.RoleInfo (RoleInfo.java:updateAndGet(143)) - 124b1436-2dec-4708-9bef-ac97c435ef9a: start FollowerState
2019-11-12 22:25:19,488 [pool-183-thread-1] INFO  server.RaftServerConfigKeys (ConfUtils.java:logGet(43)) - raft.server.log.statemachine.data.caching.enabled = true (custom)
2019-11-12 22:25:19,488 [pool-203-thread-1] INFO  server.RaftServerConfigKeys (ConfUtils.java:logGet(43)) - raft.server.snapshot.auto.trigger.threshold = 10000 (custom)
2019-11-12 22:25:19,488 [pool-203-thread-1] INFO  server.RaftServerConfigKeys (ConfUtils.java:logGet(43)) - raft.server.snapshot.retention.file.num = 5 (custom)
2019-11-12 22:25:19,494 [pool-183-thread-1] INFO  segmented.SegmentedRaftLogWorker (SegmentedRaftLogWorker.java:lambda$new$0(128)) - e1630cc0-82e2-4757-a0ff-1e5aa97f4a82@group-856B764B1031-SegmentedRaftLogWorker: flushIndex: setUnconditionally 0 -> -1
2019-11-12 22:25:19,494 [pool-203-thread-1] INFO  server.RaftServerConfigKeys (ConfUtils.java:logGet(43)) - raft.server.retrycache.expirytime = 600000ms (custom)
2019-11-12 22:25:19,494 [pool-193-thread-1] INFO  util.JmxRegister (JmxRegister.java:tryRegister(44)) - Successfully registered JMX Bean with object name Ratis:service=RaftServer,group=group-856B764B1031,id=124b1436-2dec-4708-9bef-ac97c435ef9a
2019-11-12 22:25:19,494 [pool-203-thread-1] WARN  impl.MetricRegistriesImpl (MetricRegistriesImpl.java:lambda$create$1(61)) - First MetricRegistry has been created without registering reporters. You may need to call MetricRegistries.global().addReportRegistration(...) before.
2019-11-12 22:25:19,494 [pool-183-thread-1] INFO  server.RaftServerConfigKeys (ConfUtils.java:logGet(43)) - raft.server.snapshot.auto.trigger.enabled = true (custom)
2019-11-12 22:25:19,494 [pool-203-thread-1] WARN  impl.MetricRegistriesImpl (MetricRegistriesImpl.java:lambda$create$1(61)) - First MetricRegistry has been created without registering reporters. You may need to call MetricRegistries.global().addReportRegistration(...) before.
2019-11-12 22:25:19,494 [pool-193-thread-1] WARN  impl.MetricRegistriesImpl (MetricRegistriesImpl.java:lambda$create$1(61)) - First MetricRegistry has been created without registering reporters. You may need to call MetricRegistries.global().addReportRegistration(...) before.
2019-11-12 22:25:19,495 [pool-203-thread-1] INFO  impl.RaftServerImpl (RaftServerImpl.java:start(184)) - 36ba2c4b-fd66-4a0d-bee3-710bbe72aafc@group-856B764B1031: start as a follower, conf=-1: [e1630cc0-82e2-4757-a0ff-1e5aa97f4a82:192.168.157.210:46723, 36ba2c4b-fd66-4a0d-bee3-710bbe72aafc:192.168.157.210:42115, 124b1436-2dec-4708-9bef-ac97c435ef9a:192.168.157.210:33855], old=null
2019-11-12 22:25:19,495 [pool-183-thread-1] INFO  server.RaftServerConfigKeys (ConfUtils.java:logGet(43)) - raft.server.snapshot.auto.trigger.threshold = 10000 (custom)
2019-11-12 22:25:19,495 [pool-203-thread-1] INFO  impl.RaftServerImpl (RaftServerImpl.java:setRole(173)) - 36ba2c4b-fd66-4a0d-bee3-710bbe72aafc@group-856B764B1031: changes role from      null to FOLLOWER at term 0 for startAsFollower
2019-11-12 22:25:19,495 [pool-183-thread-1] INFO  server.RaftServerConfigKeys (ConfUtils.java:logGet(43)) - raft.server.snapshot.retention.file.num = 5 (custom)
2019-11-12 22:25:19,499 [pool-203-thread-1] INFO  impl.RoleInfo (RoleInfo.java:updateAndGet(143)) - 36ba2c4b-fd66-4a0d-bee3-710bbe72aafc: start FollowerState
2019-11-12 22:25:19,499 [pool-183-thread-1] INFO  server.RaftServerConfigKeys (ConfUtils.java:logGet(43)) - raft.server.retrycache.expirytime = 600000ms (custom)
2019-11-12 22:25:19,500 [pool-183-thread-1] WARN  impl.MetricRegistriesImpl (MetricRegistriesImpl.java:lambda$create$1(61)) - First MetricRegistry has been created without registering reporters. You may need to call MetricRegistries.global().addReportRegistration(...) before.
2019-11-12 22:25:19,500 [pool-203-thread-1] INFO  util.JmxRegister (JmxRegister.java:tryRegister(44)) - Successfully registered JMX Bean with object name Ratis:service=RaftServer,group=group-856B764B1031,id=36ba2c4b-fd66-4a0d-bee3-710bbe72aafc
2019-11-12 22:25:19,500 [pool-183-thread-1] WARN  impl.MetricRegistriesImpl (MetricRegistriesImpl.java:lambda$create$1(61)) - First MetricRegistry has been created without registering reporters. You may need to call MetricRegistries.global().addReportRegistration(...) before.
2019-11-12 22:25:19,500 [pool-203-thread-1] WARN  impl.MetricRegistriesImpl (MetricRegistriesImpl.java:lambda$create$1(61)) - First MetricRegistry has been created without registering reporters. You may need to call MetricRegistries.global().addReportRegistration(...) before.
2019-11-12 22:25:19,500 [pool-183-thread-1] INFO  impl.RaftServerImpl (RaftServerImpl.java:start(184)) - e1630cc0-82e2-4757-a0ff-1e5aa97f4a82@group-856B764B1031: start as a follower, conf=-1: [e1630cc0-82e2-4757-a0ff-1e5aa97f4a82:192.168.157.210:46723, 36ba2c4b-fd66-4a0d-bee3-710bbe72aafc:192.168.157.210:42115, 124b1436-2dec-4708-9bef-ac97c435ef9a:192.168.157.210:33855], old=null
2019-11-12 22:25:19,500 [pool-183-thread-1] INFO  impl.RaftServerImpl (RaftServerImpl.java:setRole(173)) - e1630cc0-82e2-4757-a0ff-1e5aa97f4a82@group-856B764B1031: changes role from      null to FOLLOWER at term 0 for startAsFollower
2019-11-12 22:25:19,500 [pool-183-thread-1] INFO  impl.RoleInfo (RoleInfo.java:updateAndGet(143)) - e1630cc0-82e2-4757-a0ff-1e5aa97f4a82: start FollowerState
2019-11-12 22:25:19,501 [pool-183-thread-1] INFO  util.JmxRegister (JmxRegister.java:tryRegister(44)) - Successfully registered JMX Bean with object name Ratis:service=RaftServer,group=group-856B764B1031,id=e1630cc0-82e2-4757-a0ff-1e5aa97f4a82
2019-11-12 22:25:19,501 [pool-183-thread-1] WARN  impl.MetricRegistriesImpl (MetricRegistriesImpl.java:lambda$create$1(61)) - First MetricRegistry has been created without registering reporters. You may need to call MetricRegistries.global().addReportRegistration(...) before.
2019-11-12 22:25:19,504 [RatisPipelineUtilsThread] INFO  pipeline.PipelineStateManager (PipelineStateManager.java:addPipeline(55)) - Created pipeline Pipeline[ Id: db819981-578c-4e86-897b-856b764b1031, Nodes: 36ba2c4b-fd66-4a0d-bee3-710bbe72aafc{ip: 192.168.157.210, host: pr-hdds-2463-z4974-865879084, networkLocation: /default-rack, certSerialId: null}e1630cc0-82e2-4757-a0ff-1e5aa97f4a82{ip: 192.168.157.210, host: pr-hdds-2463-z4974-865879084, networkLocation: /default-rack, certSerialId: null}124b1436-2dec-4708-9bef-ac97c435ef9a{ip: 192.168.157.210, host: pr-hdds-2463-z4974-865879084, networkLocation: /default-rack, certSerialId: null}, Type:RATIS, Factor:THREE, State:ALLOCATED]
2019-11-12 22:25:19,653 [Thread-1762] INFO  impl.FollowerState (FollowerState.java:run(111)) - 124b1436-2dec-4708-9bef-ac97c435ef9a@group-EE9C72FCAD99-FollowerState: change to CANDIDATE, lastRpcTime:1053ms, electionTimeout:1053ms
2019-11-12 22:25:19,654 [Thread-1762] INFO  impl.RoleInfo (RoleInfo.java:shutdownFollowerState(121)) - 124b1436-2dec-4708-9bef-ac97c435ef9a: shutdown FollowerState
2019-11-12 22:25:19,654 [Thread-1762] INFO  impl.RaftServerImpl (RaftServerImpl.java:setRole(173)) - 124b1436-2dec-4708-9bef-ac97c435ef9a@group-EE9C72FCAD99: changes role from  FOLLOWER to CANDIDATE at term 0 for changeToCandidate
2019-11-12 22:25:19,654 [Thread-1762] INFO  impl.RoleInfo (RoleInfo.java:updateAndGet(143)) - 124b1436-2dec-4708-9bef-ac97c435ef9a: start LeaderElection
2019-11-12 22:25:19,679 [124b1436-2dec-4708-9bef-ac97c435ef9a@group-EE9C72FCAD99-LeaderElection54] INFO  impl.LeaderElection (LeaderElection.java:askForVotes(178)) - 124b1436-2dec-4708-9bef-ac97c435ef9a@group-EE9C72FCAD99-LeaderElection54: begin an election at term 1 for -1: [124b1436-2dec-4708-9bef-ac97c435ef9a:192.168.157.210:33855], old=null
2019-11-12 22:25:19,682 [124b1436-2dec-4708-9bef-ac97c435ef9a@group-EE9C72FCAD99-LeaderElection54] INFO  impl.RoleInfo (RoleInfo.java:shutdownLeaderElection(134)) - 124b1436-2dec-4708-9bef-ac97c435ef9a: shutdown LeaderElection
2019-11-12 22:25:19,682 [124b1436-2dec-4708-9bef-ac97c435ef9a@group-EE9C72FCAD99-LeaderElection54] INFO  impl.RaftServerImpl (RaftServerImpl.java:setRole(173)) - 124b1436-2dec-4708-9bef-ac97c435ef9a@group-EE9C72FCAD99: changes role from CANDIDATE to LEADER at term 1 for changeToLeader
2019-11-12 22:25:19,682 [124b1436-2dec-4708-9bef-ac97c435ef9a@group-EE9C72FCAD99-LeaderElection54] INFO  ratis.XceiverServerRatis (XceiverServerRatis.java:handleLeaderChangedNotification(697)) - Leader change notification received for group: group-EE9C72FCAD99 with new leaderId: 124b1436-2dec-4708-9bef-ac97c435ef9a
2019-11-12 22:25:19,682 [124b1436-2dec-4708-9bef-ac97c435ef9a@group-EE9C72FCAD99-LeaderElection54] INFO  impl.RaftServerImpl (ServerState.java:setLeader(255)) - 124b1436-2dec-4708-9bef-ac97c435ef9a@group-EE9C72FCAD99: change Leader from null to 124b1436-2dec-4708-9bef-ac97c435ef9a at term 1 for becomeLeader, leader elected after 1085ms
2019-11-12 22:25:19,682 [124b1436-2dec-4708-9bef-ac97c435ef9a@group-EE9C72FCAD99-LeaderElection54] INFO  server.RaftServerConfigKeys (ConfUtils.java:logGet(43)) - raft.server.staging.catchup.gap = 1000 (default)
2019-11-12 22:25:19,682 [124b1436-2dec-4708-9bef-ac97c435ef9a@group-EE9C72FCAD99-LeaderElection54] INFO  server.RaftServerConfigKeys (ConfUtils.java:logGet(43)) - raft.server.rpc.sleep.time = 25ms (default)
2019-11-12 22:25:19,683 [124b1436-2dec-4708-9bef-ac97c435ef9a@group-EE9C72FCAD99-LeaderElection54] INFO  server.RaftServerConfigKeys (ConfUtils.java:logGet(43)) - raft.server.write.element-limit = 4096 (default)
2019-11-12 22:25:19,683 [124b1436-2dec-4708-9bef-ac97c435ef9a@group-EE9C72FCAD99-LeaderElection54] INFO  server.RaftServerConfigKeys (ConfUtils.java:logGet(43)) - raft.server.watch.timeout = 10s (default)
2019-11-12 22:25:19,683 [124b1436-2dec-4708-9bef-ac97c435ef9a@group-EE9C72FCAD99-LeaderElection54] INFO  server.RaftServerConfigKeys (ConfUtils.java:logGet(43)) - raft.server.watch.timeout.denomination = 1s (default)
2019-11-12 22:25:19,683 [124b1436-2dec-4708-9bef-ac97c435ef9a@group-EE9C72FCAD99-LeaderElection54] INFO  server.RaftServerConfigKeys (ConfUtils.java:logGet(43)) - raft.server.watch.element-limit = 65536 (default)
2019-11-12 22:25:19,684 [124b1436-2dec-4708-9bef-ac97c435ef9a@group-EE9C72FCAD99-LeaderElection54] INFO  impl.RoleInfo (RoleInfo.java:updateAndGet(143)) - 124b1436-2dec-4708-9bef-ac97c435ef9a: start LeaderState
2019-11-12 22:25:19,684 [EventQueue-PipelineReportForPipelineReportHandler] INFO  pipeline.PipelineStateManager (PipelineStateManager.java:openPipeline(134)) - Pipeline Pipeline[ Id: 491dc919-76bb-4c1a-861b-ee9c72fcad99, Nodes: 124b1436-2dec-4708-9bef-ac97c435ef9a{ip: 192.168.157.210, host: pr-hdds-2463-z4974-865879084, networkLocation: /default-rack, certSerialId: null}, Type:RATIS, Factor:ONE, State:OPEN] moved to OPEN state
2019-11-12 22:25:19,684 [124b1436-2dec-4708-9bef-ac97c435ef9a@group-EE9C72FCAD99-LeaderElection54] INFO  segmented.SegmentedRaftLogWorker (SegmentedRaftLogWorker.java:startLogSegment(385)) - 124b1436-2dec-4708-9bef-ac97c435ef9a@group-EE9C72FCAD99-SegmentedRaftLogWorker: Starting segment from index:0
2019-11-12 22:25:19,685 [124b1436-2dec-4708-9bef-ac97c435ef9a@group-EE9C72FCAD99-LeaderElection54] INFO  impl.RaftServerImpl (ServerState.java:setRaftConf(356)) - 124b1436-2dec-4708-9bef-ac97c435ef9a@group-EE9C72FCAD99: set configuration 0: [124b1436-2dec-4708-9bef-ac97c435ef9a:192.168.157.210:33855], old=null at 0
2019-11-12 22:25:19,730 [124b1436-2dec-4708-9bef-ac97c435ef9a@group-EE9C72FCAD99-SegmentedRaftLogWorker] INFO  segmented.SegmentedRaftLogWorker (SegmentedRaftLogWorker.java:execute(576)) - 124b1436-2dec-4708-9bef-ac97c435ef9a@group-EE9C72FCAD99-SegmentedRaftLogWorker: created new log segment /workdir/hadoop-ozone/integration-test/target/test-dir/MiniOzoneClusterImpl-49cde4fa-0f5c-485a-80e4-a10b14a740d7/datanode-4/data/ratis/491dc919-76bb-4c1a-861b-ee9c72fcad99/current/log_inprogress_0
2019-11-12 22:25:19,857 [Thread-1789] INFO  impl.FollowerState (FollowerState.java:run(111)) - fed2bd94-bbf4-4593-9887-7c07c070d07d@group-C79CF9380425-FollowerState: change to CANDIDATE, lastRpcTime:1014ms, electionTimeout:1014ms
2019-11-12 22:25:19,858 [Thread-1789] INFO  impl.RoleInfo (RoleInfo.java:shutdownFollowerState(121)) - fed2bd94-bbf4-4593-9887-7c07c070d07d: shutdown FollowerState
2019-11-12 22:25:19,858 [Thread-1789] INFO  impl.RaftServerImpl (RaftServerImpl.java:setRole(173)) - fed2bd94-bbf4-4593-9887-7c07c070d07d@group-C79CF9380425: changes role from  FOLLOWER to CANDIDATE at term 0 for changeToCandidate
2019-11-12 22:25:19,858 [Thread-1789] INFO  impl.RoleInfo (RoleInfo.java:updateAndGet(143)) - fed2bd94-bbf4-4593-9887-7c07c070d07d: start LeaderElection
2019-11-12 22:25:19,917 [fed2bd94-bbf4-4593-9887-7c07c070d07d@group-C79CF9380425-LeaderElection55] INFO  impl.LeaderElection (LeaderElection.java:askForVotes(178)) - fed2bd94-bbf4-4593-9887-7c07c070d07d@group-C79CF9380425-LeaderElection55: begin an election at term 1 for -1: [fed2bd94-bbf4-4593-9887-7c07c070d07d:192.168.157.210:37620], old=null
2019-11-12 22:25:19,917 [fed2bd94-bbf4-4593-9887-7c07c070d07d@group-C79CF9380425-LeaderElection55] INFO  impl.RoleInfo (RoleInfo.java:shutdownLeaderElection(134)) - fed2bd94-bbf4-4593-9887-7c07c070d07d: shutdown LeaderElection
2019-11-12 22:25:19,917 [fed2bd94-bbf4-4593-9887-7c07c070d07d@group-C79CF9380425-LeaderElection55] INFO  impl.RaftServerImpl (RaftServerImpl.java:setRole(173)) - fed2bd94-bbf4-4593-9887-7c07c070d07d@group-C79CF9380425: changes role from CANDIDATE to LEADER at term 1 for changeToLeader
2019-11-12 22:25:19,917 [fed2bd94-bbf4-4593-9887-7c07c070d07d@group-C79CF9380425-LeaderElection55] INFO  ratis.XceiverServerRatis (XceiverServerRatis.java:handleLeaderChangedNotification(697)) - Leader change notification received for group: group-C79CF9380425 with new leaderId: fed2bd94-bbf4-4593-9887-7c07c070d07d
2019-11-12 22:25:19,933 [main] WARN  scm.XceiverClientRatis (XceiverClientRatis.java:watchForCommit(277)) - 3 way commit failed on pipeline Pipeline[ Id: f6de3f57-1a33-45c5-ae6b-ad3e095fab4f, Nodes: ed184682-841a-431b-821d-e4efb86e7b6e{ip: 192.168.157.210, host: pr-hdds-2463-z4974-865879084, networkLocation: /default-rack, certSerialId: null}fed2bd94-bbf4-4593-9887-7c07c070d07d{ip: 192.168.157.210, host: pr-hdds-2463-z4974-865879084, networkLocation: /default-rack, certSerialId: null}cc8f8d42-1b01-4431-8c29-b671ab5a5551{ip: 192.168.157.210, host: pr-hdds-2463-z4974-865879084, networkLocation: /default-rack, certSerialId: null}, Type:RATIS, Factor:THREE, State:OPEN]
java.util.concurrent.ExecutionException: org.apache.ratis.protocol.GroupMismatchException: cc8f8d42-1b01-4431-8c29-b671ab5a5551: group-AD3E095FAB4F not found.
	at java.util.concurrent.CompletableFuture.reportGet(CompletableFuture.java:357)
	at java.util.concurrent.CompletableFuture.get(CompletableFuture.java:1915)
	at org.apache.hadoop.hdds.scm.XceiverClientRatis.watchForCommit(XceiverClientRatis.java:274)
	at org.apache.hadoop.hdds.scm.storage.CommitWatcher.watchForCommit(CommitWatcher.java:198)
	at org.apache.hadoop.hdds.scm.storage.CommitWatcher.watchOnLastIndex(CommitWatcher.java:161)
	at org.apache.hadoop.hdds.scm.storage.BlockOutputStream.watchForCommit(BlockOutputStream.java:346)
	at org.apache.hadoop.hdds.scm.storage.BlockOutputStream.handleFlush(BlockOutputStream.java:482)
	at org.apache.hadoop.hdds.scm.storage.BlockOutputStream.close(BlockOutputStream.java:496)
	at org.apache.hadoop.ozone.client.io.BlockOutputStreamEntry.close(BlockOutputStreamEntry.java:143)
	at org.apache.hadoop.ozone.client.io.KeyOutputStream.handleFlushOrClose(KeyOutputStream.java:439)
	at org.apache.hadoop.ozone.client.io.KeyOutputStream.handleWrite(KeyOutputStream.java:232)
	at org.apache.hadoop.ozone.client.io.KeyOutputStream.write(KeyOutputStream.java:190)
	at org.apache.hadoop.ozone.client.io.OzoneOutputStream.write(OzoneOutputStream.java:49)
	at java.io.OutputStream.write(OutputStream.java:75)
	at org.apache.hadoop.ozone.client.rpc.TestMultiBlockWritesWithDnFailures.testMultiBlockWritesWithDnFailures(TestMultiBlockWritesWithDnFailures.java:123)
	at sun.reflect.NativeMethodAccessorImpl.invoke0(Native Method)
	at sun.reflect.NativeMethodAccessorImpl.invoke(NativeMethodAccessorImpl.java:62)
	at sun.reflect.DelegatingMethodAccessorImpl.invoke(DelegatingMethodAccessorImpl.java:43)
	at java.lang.reflect.Method.invoke(Method.java:498)
	at org.junit.runners.model.FrameworkMethod$1.runReflectiveCall(FrameworkMethod.java:47)
	at org.junit.internal.runners.model.ReflectiveCallable.run(ReflectiveCallable.java:12)
	at org.junit.runners.model.FrameworkMethod.invokeExplosively(FrameworkMethod.java:44)
	at org.junit.internal.runners.statements.InvokeMethod.evaluate(InvokeMethod.java:17)
	at org.junit.internal.runners.statements.RunAfters.evaluate(RunAfters.java:27)
	at org.junit.runners.ParentRunner.runLeaf(ParentRunner.java:271)
	at org.junit.runners.BlockJUnit4ClassRunner.runChild(BlockJUnit4ClassRunner.java:70)
	at org.junit.runners.BlockJUnit4ClassRunner.runChild(BlockJUnit4ClassRunner.java:50)
	at org.junit.runners.ParentRunner$3.run(ParentRunner.java:238)
	at org.junit.runners.ParentRunner$1.schedule(ParentRunner.java:63)
	at org.junit.runners.ParentRunner.runChildren(ParentRunner.java:236)
	at org.junit.runners.ParentRunner.access$000(ParentRunner.java:53)
	at org.junit.runners.ParentRunner$2.evaluate(ParentRunner.java:229)
	at org.junit.runners.ParentRunner.run(ParentRunner.java:309)
	at org.apache.maven.surefire.junit4.JUnit4Provider.execute(JUnit4Provider.java:365)
	at org.apache.maven.surefire.junit4.JUnit4Provider.executeWithRerun(JUnit4Provider.java:273)
	at org.apache.maven.surefire.junit4.JUnit4Provider.executeTestSet(JUnit4Provider.java:238)
	at org.apache.maven.surefire.junit4.JUnit4Provider.invoke(JUnit4Provider.java:159)
	at org.apache.maven.surefire.booter.ForkedBooter.invokeProviderInSameClassLoader(ForkedBooter.java:384)
	at org.apache.maven.surefire.booter.ForkedBooter.runSuitesInProcess(ForkedBooter.java:345)
	at org.apache.maven.surefire.booter.ForkedBooter.execute(ForkedBooter.java:126)
	at org.apache.maven.surefire.booter.ForkedBooter.main(ForkedBooter.java:418)
Caused by: org.apache.ratis.protocol.GroupMismatchException: cc8f8d42-1b01-4431-8c29-b671ab5a5551: group-AD3E095FAB4F not found.
	at org.apache.ratis.server.impl.RaftServerProxy$ImplMap.get(RaftServerProxy.java:122)
	at org.apache.ratis.server.impl.RaftServerProxy.getImplFuture(RaftServerProxy.java:269)
	at org.apache.ratis.server.impl.RaftServerProxy.submitRequest(RaftServerProxy.java:327)
	at org.apache.ratis.server.impl.RaftServerProxy.submitClientRequestAsync(RaftServerProxy.java:333)
	at org.apache.ratis.grpc.client.GrpcClientProtocolService$RequestStreamObserver.processClientRequest(GrpcClientProtocolService.java:221)
	at org.apache.ratis.grpc.client.GrpcClientProtocolService$UnorderedRequestStreamObserver.processClientRequest(GrpcClientProtocolService.java:277)
	at org.apache.ratis.grpc.client.GrpcClientProtocolService$RequestStreamObserver.onNext(GrpcClientProtocolService.java:241)
	at org.apache.ratis.grpc.client.GrpcClientProtocolService$RequestStreamObserver.onNext(GrpcClientProtocolService.java:168)
	at org.apache.ratis.thirdparty.io.grpc.stub.ServerCalls$StreamingServerCallHandler$StreamingServerCallListener.onMessage(ServerCalls.java:248)
	at org.apache.ratis.thirdparty.io.grpc.internal.ServerCallImpl$ServerStreamListenerImpl.messagesAvailable(ServerCallImpl.java:263)
	at org.apache.ratis.thirdparty.io.grpc.internal.ServerImpl$JumpToApplicationThreadServerStreamListener$1MessagesAvailable.runInContext(ServerImpl.java:686)
	at org.apache.ratis.thirdparty.io.grpc.internal.ContextRunnable.run(ContextRunnable.java:37)
	at org.apache.ratis.thirdparty.io.grpc.internal.SerializingExecutor.run(SerializingExecutor.java:123)
	at java.util.concurrent.ThreadPoolExecutor.runWorker(ThreadPoolExecutor.java:1149)
	at java.util.concurrent.ThreadPoolExecutor$Worker.run(ThreadPoolExecutor.java:624)
	at java.lang.Thread.run(Thread.java:748)
2019-11-12 22:25:19,934 [fed2bd94-bbf4-4593-9887-7c07c070d07d@group-C79CF9380425-LeaderElection55] INFO  impl.RaftServerImpl (ServerState.java:setLeader(255)) - fed2bd94-bbf4-4593-9887-7c07c070d07d@group-C79CF9380425: change Leader from null to fed2bd94-bbf4-4593-9887-7c07c070d07d at term 1 for becomeLeader, leader elected after 1077ms
2019-11-12 22:25:19,935 [main] WARN  storage.CommitWatcher (CommitWatcher.java:watchForCommit(207)) - watchForCommit failed for index 10
java.util.concurrent.ExecutionException: org.apache.ratis.protocol.GroupMismatchException: cc8f8d42-1b01-4431-8c29-b671ab5a5551: group-AD3E095FAB4F not found.
	at java.util.concurrent.CompletableFuture.reportGet(CompletableFuture.java:357)
	at java.util.concurrent.CompletableFuture.get(CompletableFuture.java:1915)
	at org.apache.hadoop.hdds.scm.XceiverClientRatis.watchForCommit(XceiverClientRatis.java:274)
	at org.apache.hadoop.hdds.scm.storage.CommitWatcher.watchForCommit(CommitWatcher.java:198)
	at org.apache.hadoop.hdds.scm.storage.CommitWatcher.watchOnLastIndex(CommitWatcher.java:161)
	at org.apache.hadoop.hdds.scm.storage.BlockOutputStream.watchForCommit(BlockOutputStream.java:346)
	at org.apache.hadoop.hdds.scm.storage.BlockOutputStream.handleFlush(BlockOutputStream.java:482)
	at org.apache.hadoop.hdds.scm.storage.BlockOutputStream.close(BlockOutputStream.java:496)
	at org.apache.hadoop.ozone.client.io.BlockOutputStreamEntry.close(BlockOutputStreamEntry.java:143)
	at org.apache.hadoop.ozone.client.io.KeyOutputStream.handleFlushOrClose(KeyOutputStream.java:439)
	at org.apache.hadoop.ozone.client.io.KeyOutputStream.handleWrite(KeyOutputStream.java:232)
	at org.apache.hadoop.ozone.client.io.KeyOutputStream.write(KeyOutputStream.java:190)
	at org.apache.hadoop.ozone.client.io.OzoneOutputStream.write(OzoneOutputStream.java:49)
	at java.io.OutputStream.write(OutputStream.java:75)
	at org.apache.hadoop.ozone.client.rpc.TestMultiBlockWritesWithDnFailures.testMultiBlockWritesWithDnFailures(TestMultiBlockWritesWithDnFailures.java:123)
	at sun.reflect.NativeMethodAccessorImpl.invoke0(Native Method)
	at sun.reflect.NativeMethodAccessorImpl.invoke(NativeMethodAccessorImpl.java:62)
	at sun.reflect.DelegatingMethodAccessorImpl.invoke(DelegatingMethodAccessorImpl.java:43)
	at java.lang.reflect.Method.invoke(Method.java:498)
	at org.junit.runners.model.FrameworkMethod$1.runReflectiveCall(FrameworkMethod.java:47)
	at org.junit.internal.runners.model.ReflectiveCallable.run(ReflectiveCallable.java:12)
	at org.junit.runners.model.FrameworkMethod.invokeExplosively(FrameworkMethod.java:44)
	at org.junit.internal.runners.statements.InvokeMethod.evaluate(InvokeMethod.java:17)
	at org.junit.internal.runners.statements.RunAfters.evaluate(RunAfters.java:27)
	at org.junit.runners.ParentRunner.runLeaf(ParentRunner.java:271)
	at org.junit.runners.BlockJUnit4ClassRunner.runChild(BlockJUnit4ClassRunner.java:70)
	at org.junit.runners.BlockJUnit4ClassRunner.runChild(BlockJUnit4ClassRunner.java:50)
	at org.junit.runners.ParentRunner$3.run(ParentRunner.java:238)
	at org.junit.runners.ParentRunner$1.schedule(ParentRunner.java:63)
	at org.junit.runners.ParentRunner.runChildren(ParentRunner.java:236)
	at org.junit.runners.ParentRunner.access$000(ParentRunner.java:53)
	at org.junit.runners.ParentRunner$2.evaluate(ParentRunner.java:229)
	at org.junit.runners.ParentRunner.run(ParentRunner.java:309)
	at org.apache.maven.surefire.junit4.JUnit4Provider.execute(JUnit4Provider.java:365)
	at org.apache.maven.surefire.junit4.JUnit4Provider.executeWithRerun(JUnit4Provider.java:273)
	at org.apache.maven.surefire.junit4.JUnit4Provider.executeTestSet(JUnit4Provider.java:238)
	at org.apache.maven.surefire.junit4.JUnit4Provider.invoke(JUnit4Provider.java:159)
	at org.apache.maven.surefire.booter.ForkedBooter.invokeProviderInSameClassLoader(ForkedBooter.java:384)
	at org.apache.maven.surefire.booter.ForkedBooter.runSuitesInProcess(ForkedBooter.java:345)
	at org.apache.maven.surefire.booter.ForkedBooter.execute(ForkedBooter.java:126)
	at org.apache.maven.surefire.booter.ForkedBooter.main(ForkedBooter.java:418)
Caused by: org.apache.ratis.protocol.GroupMismatchException: cc8f8d42-1b01-4431-8c29-b671ab5a5551: group-AD3E095FAB4F not found.
	at org.apache.ratis.server.impl.RaftServerProxy$ImplMap.get(RaftServerProxy.java:122)
	at org.apache.ratis.server.impl.RaftServerProxy.getImplFuture(RaftServerProxy.java:269)
	at org.apache.ratis.server.impl.RaftServerProxy.submitRequest(RaftServerProxy.java:327)
	at org.apache.ratis.server.impl.RaftServerProxy.submitClientRequestAsync(RaftServerProxy.java:333)
	at org.apache.ratis.grpc.client.GrpcClientProtocolService$RequestStreamObserver.processClientRequest(GrpcClientProtocolService.java:221)
	at org.apache.ratis.grpc.client.GrpcClientProtocolService$UnorderedRequestStreamObserver.processClientRequest(GrpcClientProtocolService.java:277)
	at org.apache.ratis.grpc.client.GrpcClientProtocolService$RequestStreamObserver.onNext(GrpcClientProtocolService.java:241)
	at org.apache.ratis.grpc.client.GrpcClientProtocolService$RequestStreamObserver.onNext(GrpcClientProtocolService.java:168)
	at org.apache.ratis.thirdparty.io.grpc.stub.ServerCalls$StreamingServerCallHandler$StreamingServerCallListener.onMessage(ServerCalls.java:248)
	at org.apache.ratis.thirdparty.io.grpc.internal.ServerCallImpl$ServerStreamListenerImpl.messagesAvailable(ServerCallImpl.java:263)
	at org.apache.ratis.thirdparty.io.grpc.internal.ServerImpl$JumpToApplicationThreadServerStreamListener$1MessagesAvailable.runInContext(ServerImpl.java:686)
	at org.apache.ratis.thirdparty.io.grpc.internal.ContextRunnable.run(ContextRunnable.java:37)
	at org.apache.ratis.thirdparty.io.grpc.internal.SerializingExecutor.run(SerializingExecutor.java:123)
	at java.util.concurrent.ThreadPoolExecutor.runWorker(ThreadPoolExecutor.java:1149)
	at java.util.concurrent.ThreadPoolExecutor$Worker.run(ThreadPoolExecutor.java:624)
	at java.lang.Thread.run(Thread.java:748)
2019-11-12 22:25:19,935 [fed2bd94-bbf4-4593-9887-7c07c070d07d@group-C79CF9380425-LeaderElection55] INFO  server.RaftServerConfigKeys (ConfUtils.java:logGet(43)) - raft.server.staging.catchup.gap = 1000 (default)
2019-11-12 22:25:19,938 [fed2bd94-bbf4-4593-9887-7c07c070d07d@group-C79CF9380425-LeaderElection55] INFO  server.RaftServerConfigKeys (ConfUtils.java:logGet(43)) - raft.server.rpc.sleep.time = 25ms (default)
2019-11-12 22:25:19,938 [fed2bd94-bbf4-4593-9887-7c07c070d07d@group-C79CF9380425-LeaderElection55] INFO  server.RaftServerConfigKeys (ConfUtils.java:logGet(43)) - raft.server.write.element-limit = 4096 (default)
2019-11-12 22:25:19,938 [fed2bd94-bbf4-4593-9887-7c07c070d07d@group-C79CF9380425-LeaderElection55] INFO  server.RaftServerConfigKeys (ConfUtils.java:logGet(43)) - raft.server.watch.timeout = 10s (default)
2019-11-12 22:25:19,938 [main] WARN  io.KeyOutputStream (KeyOutputStream.java:handleException(274)) - Encountered exception java.io.IOException: Unexpected Storage Container Exception: java.io.IOException: Unexpected Storage Container Exception: java.util.concurrent.ExecutionException: org.apache.ratis.protocol.GroupMismatchException: cc8f8d42-1b01-4431-8c29-b671ab5a5551: group-AD3E095FAB4F not found. on the pipeline Pipeline[ Id: f6de3f57-1a33-45c5-ae6b-ad3e095fab4f, Nodes: ed184682-841a-431b-821d-e4efb86e7b6e{ip: 192.168.157.210, host: pr-hdds-2463-z4974-865879084, networkLocation: /default-rack, certSerialId: null}fed2bd94-bbf4-4593-9887-7c07c070d07d{ip: 192.168.157.210, host: pr-hdds-2463-z4974-865879084, networkLocation: /default-rack, certSerialId: null}cc8f8d42-1b01-4431-8c29-b671ab5a5551{ip: 192.168.157.210, host: pr-hdds-2463-z4974-865879084, networkLocation: /default-rack, certSerialId: null}, Type:RATIS, Factor:THREE, State:OPEN]. The last committed block length is 3145728, uncommitted data length is 1048576 retry count 0
2019-11-12 22:25:19,938 [fed2bd94-bbf4-4593-9887-7c07c070d07d@group-C79CF9380425-LeaderElection55] INFO  server.RaftServerConfigKeys (ConfUtils.java:logGet(43)) - raft.server.watch.timeout.denomination = 1s (default)
2019-11-12 22:25:19,939 [main] INFO  io.BlockOutputStreamEntryPool (BlockOutputStreamEntryPool.java:allocateNewBlock(257)) - Allocating block with ExcludeList {datanodes = [], containerIds = [], pipelineIds = [PipelineID=f6de3f57-1a33-45c5-ae6b-ad3e095fab4f]}
2019-11-12 22:25:19,943 [EventQueue-PipelineReportForPipelineReportHandler] INFO  pipeline.PipelineStateManager (PipelineStateManager.java:openPipeline(134)) - Pipeline Pipeline[ Id: 06437bb9-e90a-4d4e-99ae-c79cf9380425, Nodes: fed2bd94-bbf4-4593-9887-7c07c070d07d{ip: 192.168.157.210, host: pr-hdds-2463-z4974-865879084, networkLocation: /default-rack, certSerialId: null}, Type:RATIS, Factor:ONE, State:OPEN] moved to OPEN state
2019-11-12 22:25:19,939 [fed2bd94-bbf4-4593-9887-7c07c070d07d@group-C79CF9380425-LeaderElection55] INFO  server.RaftServerConfigKeys (ConfUtils.java:logGet(43)) - raft.server.watch.element-limit = 65536 (default)
2019-11-12 22:25:19,950 [fed2bd94-bbf4-4593-9887-7c07c070d07d@group-C79CF9380425-LeaderElection55] INFO  impl.RoleInfo (RoleInfo.java:updateAndGet(143)) - fed2bd94-bbf4-4593-9887-7c07c070d07d: start LeaderState
2019-11-12 22:25:19,950 [fed2bd94-bbf4-4593-9887-7c07c070d07d@group-C79CF9380425-LeaderElection55] INFO  segmented.SegmentedRaftLogWorker (SegmentedRaftLogWorker.java:startLogSegment(385)) - fed2bd94-bbf4-4593-9887-7c07c070d07d@group-C79CF9380425-SegmentedRaftLogWorker: Starting segment from index:0
2019-11-12 22:25:19,951 [fed2bd94-bbf4-4593-9887-7c07c070d07d@group-C79CF9380425-LeaderElection55] INFO  impl.RaftServerImpl (ServerState.java:setRaftConf(356)) - fed2bd94-bbf4-4593-9887-7c07c070d07d@group-C79CF9380425: set configuration 0: [fed2bd94-bbf4-4593-9887-7c07c070d07d:192.168.157.210:37620], old=null at 0
2019-11-12 22:25:19,953 [IPC Server handler 1 on 34837] WARN  block.BlockManagerImpl (BlockManagerImpl.java:allocateBlock(200)) - Pipeline creation failed for type:RATIS factor:THREE. Retrying get pipelines call once.
org.apache.hadoop.hdds.scm.pipeline.InsufficientDatanodesException: Cannot create pipeline of factor 3 using 0 nodes.
	at org.apache.hadoop.hdds.scm.pipeline.RatisPipelineProvider.create(RatisPipelineProvider.java:153)
	at org.apache.hadoop.hdds.scm.pipeline.PipelineFactory.create(PipelineFactory.java:58)
	at org.apache.hadoop.hdds.scm.pipeline.SCMPipelineManager.createPipeline(SCMPipelineManager.java:155)
	at org.apache.hadoop.hdds.scm.block.BlockManagerImpl.allocateBlock(BlockManagerImpl.java:198)
	at org.apache.hadoop.hdds.scm.server.SCMBlockProtocolServer.allocateBlock(SCMBlockProtocolServer.java:187)
	at org.apache.hadoop.hdds.scm.protocol.ScmBlockLocationProtocolServerSideTranslatorPB.allocateScmBlock(ScmBlockLocationProtocolServerSideTranslatorPB.java:159)
	at org.apache.hadoop.hdds.scm.protocol.ScmBlockLocationProtocolServerSideTranslatorPB.processMessage(ScmBlockLocationProtocolServerSideTranslatorPB.java:117)
	at org.apache.hadoop.hdds.server.OzoneProtocolMessageDispatcher.processRequest(OzoneProtocolMessageDispatcher.java:72)
	at org.apache.hadoop.hdds.scm.protocol.ScmBlockLocationProtocolServerSideTranslatorPB.send(ScmBlockLocationProtocolServerSideTranslatorPB.java:98)
	at org.apache.hadoop.hdds.protocol.proto.ScmBlockLocationProtocolProtos$ScmBlockLocationProtocolService$2.callBlockingMethod(ScmBlockLocationProtocolProtos.java:13157)
	at org.apache.hadoop.ipc.ProtobufRpcEngine$Server$ProtoBufRpcInvoker.call(ProtobufRpcEngine.java:524)
	at org.apache.hadoop.ipc.RPC$Server.call(RPC.java:1025)
	at org.apache.hadoop.ipc.Server$RpcCall.run(Server.java:876)
	at org.apache.hadoop.ipc.Server$RpcCall.run(Server.java:822)
	at java.security.AccessController.doPrivileged(Native Method)
	at javax.security.auth.Subject.doAs(Subject.java:422)
	at org.apache.hadoop.security.UserGroupInformation.doAs(UserGroupInformation.java:1730)
	at org.apache.hadoop.ipc.Server$Handler.run(Server.java:2682)
2019-11-12 22:25:19,954 [IPC Server handler 1 on 34837] INFO  block.BlockManagerImpl (BlockManagerImpl.java:allocateBlock(212)) - Could not find available pipeline of type:RATIS and factor:THREE even after retrying
2019-11-12 22:25:19,954 [IPC Server handler 1 on 34837] ERROR block.BlockManagerImpl (BlockManagerImpl.java:allocateBlock(236)) - Unable to allocate a block for the size: 4194304, type: RATIS, factor: THREE
2019-11-12 22:25:19,958 [main] ERROR io.BlockOutputStreamEntryPool (BlockOutputStreamEntryPool.java:allocateBlockIfNeeded(310)) - Try to allocate more blocks for write failed, already allocated 0 blocks for this write.
INTERNAL_ERROR org.apache.hadoop.ozone.om.exceptions.OMException: Allocated 0 blocks. Requested 1 blocks
	at org.apache.hadoop.ozone.om.protocolPB.OzoneManagerProtocolClientSideTranslatorPB.handleError(OzoneManagerProtocolClientSideTranslatorPB.java:761)
	at org.apache.hadoop.ozone.om.protocolPB.OzoneManagerProtocolClientSideTranslatorPB.allocateBlock(OzoneManagerProtocolClientSideTranslatorPB.java:793)
	at sun.reflect.NativeMethodAccessorImpl.invoke0(Native Method)
	at sun.reflect.NativeMethodAccessorImpl.invoke(NativeMethodAccessorImpl.java:62)
	at sun.reflect.DelegatingMethodAccessorImpl.invoke(DelegatingMethodAccessorImpl.java:43)
	at java.lang.reflect.Method.invoke(Method.java:498)
	at org.apache.hadoop.hdds.tracing.TraceAllMethod.invoke(TraceAllMethod.java:66)
	at com.sun.proxy.$Proxy36.allocateBlock(Unknown Source)
	at org.apache.hadoop.ozone.client.io.BlockOutputStreamEntryPool.allocateNewBlock(BlockOutputStreamEntryPool.java:259)
	at org.apache.hadoop.ozone.client.io.BlockOutputStreamEntryPool.allocateBlockIfNeeded(BlockOutputStreamEntryPool.java:307)
	at org.apache.hadoop.ozone.client.io.KeyOutputStream.handleWrite(KeyOutputStream.java:198)
	at org.apache.hadoop.ozone.client.io.KeyOutputStream.handleRetry(KeyOutputStream.java:375)
	at org.apache.hadoop.ozone.client.io.KeyOutputStream.handleException(KeyOutputStream.java:324)
	at org.apache.hadoop.ozone.client.io.KeyOutputStream.handleFlushOrClose(KeyOutputStream.java:449)
	at org.apache.hadoop.ozone.client.io.KeyOutputStream.handleWrite(KeyOutputStream.java:232)
	at org.apache.hadoop.ozone.client.io.KeyOutputStream.write(KeyOutputStream.java:190)
	at org.apache.hadoop.ozone.client.io.OzoneOutputStream.write(OzoneOutputStream.java:49)
	at java.io.OutputStream.write(OutputStream.java:75)
	at org.apache.hadoop.ozone.client.rpc.TestMultiBlockWritesWithDnFailures.testMultiBlockWritesWithDnFailures(TestMultiBlockWritesWithDnFailures.java:123)
	at sun.reflect.NativeMethodAccessorImpl.invoke0(Native Method)
	at sun.reflect.NativeMethodAccessorImpl.invoke(NativeMethodAccessorImpl.java:62)
	at sun.reflect.DelegatingMethodAccessorImpl.invoke(DelegatingMethodAccessorImpl.java:43)
	at java.lang.reflect.Method.invoke(Method.java:498)
	at org.junit.runners.model.FrameworkMethod$1.runReflectiveCall(FrameworkMethod.java:47)
	at org.junit.internal.runners.model.ReflectiveCallable.run(ReflectiveCallable.java:12)
	at org.junit.runners.model.FrameworkMethod.invokeExplosively(FrameworkMethod.java:44)
	at org.junit.internal.runners.statements.InvokeMethod.evaluate(InvokeMethod.java:17)
	at org.junit.internal.runners.statements.RunAfters.evaluate(RunAfters.java:27)
	at org.junit.runners.ParentRunner.runLeaf(ParentRunner.java:271)
	at org.junit.runners.BlockJUnit4ClassRunner.runChild(BlockJUnit4ClassRunner.java:70)
	at org.junit.runners.BlockJUnit4ClassRunner.runChild(BlockJUnit4ClassRunner.java:50)
	at org.junit.runners.ParentRunner$3.run(ParentRunner.java:238)
	at org.junit.runners.ParentRunner$1.schedule(ParentRunner.java:63)
	at org.junit.runners.ParentRunner.runChildren(ParentRunner.java:236)
	at org.junit.runners.ParentRunner.access$000(ParentRunner.java:53)
	at org.junit.runners.ParentRunner$2.evaluate(ParentRunner.java:229)
	at org.junit.runners.ParentRunner.run(ParentRunner.java:309)
	at org.apache.maven.surefire.junit4.JUnit4Provider.execute(JUnit4Provider.java:365)
	at org.apache.maven.surefire.junit4.JUnit4Provider.executeWithRerun(JUnit4Provider.java:273)
	at org.apache.maven.surefire.junit4.JUnit4Provider.executeTestSet(JUnit4Provider.java:238)
	at org.apache.maven.surefire.junit4.JUnit4Provider.invoke(JUnit4Provider.java:159)
	at org.apache.maven.surefire.booter.ForkedBooter.invokeProviderInSameClassLoader(ForkedBooter.java:384)
	at org.apache.maven.surefire.booter.ForkedBooter.runSuitesInProcess(ForkedBooter.java:345)
	at org.apache.maven.surefire.booter.ForkedBooter.execute(ForkedBooter.java:126)
	at org.apache.maven.surefire.booter.ForkedBooter.main(ForkedBooter.java:418)
2019-11-12 22:25:19,959 [main] INFO  ozone.MiniOzoneClusterImpl (MiniOzoneClusterImpl.java:shutdown(352)) - Shutting down the Mini Ozone Cluster
2019-11-12 22:25:19,959 [main] INFO  ozone.MiniOzoneClusterImpl (MiniOzoneClusterImpl.java:stop(368)) - Stopping the Mini Ozone Cluster
2019-11-12 22:25:19,959 [main] INFO  ozone.MiniOzoneClusterImpl (MiniOzoneClusterImpl.java:stopOM(438)) - Stopping the OzoneManager
2019-11-12 22:25:19,959 [main] INFO  ipc.Server (Server.java:stop(3082)) - Stopping server on 45809
2019-11-12 22:25:20,011 [IPC Server listener on 45809] INFO  ipc.Server (Server.java:run(1185)) - Stopping IPC Server listener on 45809
2019-11-12 22:25:20,012 [IPC Server Responder] INFO  ipc.Server (Server.java:run(1319)) - Stopping IPC Server Responder
2019-11-12 22:25:20,011 [main] INFO  ratis.OzoneManagerDoubleBuffer (OzoneManagerDoubleBuffer.java:stop(261)) - Stopping OMDoubleBuffer flush thread
2019-11-12 22:25:20,014 [OMDoubleBufferFlushThread] INFO  ratis.OzoneManagerDoubleBuffer (OzoneManagerDoubleBuffer.java:flushTransactions(199)) - OMDoubleBuffer flush thread OMDoubleBufferFlushThread is interrupted and will exit. OMDoubleBufferFlushThread
2019-11-12 22:25:20,015 [main] INFO  utils.BackgroundService (BackgroundService.java:shutdown(151)) - Shutting down service KeyDeletingService
2019-11-12 22:25:20,018 [fed2bd94-bbf4-4593-9887-7c07c070d07d@group-C79CF9380425-SegmentedRaftLogWorker] INFO  segmented.SegmentedRaftLogWorker (SegmentedRaftLogWorker.java:execute(576)) - fed2bd94-bbf4-4593-9887-7c07c070d07d@group-C79CF9380425-SegmentedRaftLogWorker: created new log segment /workdir/hadoop-ozone/integration-test/target/test-dir/MiniOzoneClusterImpl-49cde4fa-0f5c-485a-80e4-a10b14a740d7/datanode-1/data/ratis/06437bb9-e90a-4d4e-99ae-c79cf9380425/current/log_inprogress_0
2019-11-12 22:25:20,042 [main] INFO  handler.ContextHandler (ContextHandler.java:doStop(910)) - Stopped o.e.j.w.WebAppContext@3127cb44{/,null,UNAVAILABLE}{/ozoneManager}
2019-11-12 22:25:20,043 [main] INFO  server.AbstractConnector (AbstractConnector.java:doStop(318)) - Stopped ServerConnector@3234474{HTTP/1.1,[http/1.1]}{0.0.0.0:0}
2019-11-12 22:25:20,043 [main] INFO  handler.ContextHandler (ContextHandler.java:doStop(910)) - Stopped o.e.j.s.ServletContextHandler@7da34b26{/static,file:///workdir/hadoop-ozone/integration-test/target/test-classes/webapps/static,UNAVAILABLE}
2019-11-12 22:25:20,043 [main] INFO  handler.ContextHandler (ContextHandler.java:doStop(910)) - Stopped o.e.j.s.ServletContextHandler@fb49fdf{/logs,file:///workdir/hadoop-ozone/integration-test/target/log,UNAVAILABLE}
2019-11-12 22:25:20,047 [main] INFO  ozone.MiniOzoneClusterImpl (MiniOzoneClusterImpl.java:stopDatanodes(415)) - Stopping the HddsDatanodes
2019-11-12 22:25:20,118 [Datanode State Machine Thread - 0] INFO  statemachine.DatanodeStateMachine (DatanodeStateMachine.java:lambda$startDaemon$0(350)) - Ozone container server started.
2019-11-12 22:25:20,324 [Thread-1808] INFO  impl.FollowerState (FollowerState.java:run(111)) - fed2bd94-bbf4-4593-9887-7c07c070d07d@group-136293D85503-FollowerState: change to CANDIDATE, lastRpcTime:1038ms, electionTimeout:1038ms
2019-11-12 22:25:20,324 [Thread-1809] INFO  impl.FollowerState (FollowerState.java:run(111)) - ed184682-841a-431b-821d-e4efb86e7b6e@group-136293D85503-FollowerState: change to CANDIDATE, lastRpcTime:1038ms, electionTimeout:1038ms
2019-11-12 22:25:20,324 [Thread-1808] INFO  impl.RoleInfo (RoleInfo.java:shutdownFollowerState(121)) - fed2bd94-bbf4-4593-9887-7c07c070d07d: shutdown FollowerState
2019-11-12 22:25:20,324 [Thread-1809] INFO  impl.RoleInfo (RoleInfo.java:shutdownFollowerState(121)) - ed184682-841a-431b-821d-e4efb86e7b6e: shutdown FollowerState
2019-11-12 22:25:20,324 [Thread-1808] INFO  impl.RaftServerImpl (RaftServerImpl.java:setRole(173)) - fed2bd94-bbf4-4593-9887-7c07c070d07d@group-136293D85503: changes role from  FOLLOWER to CANDIDATE at term 0 for changeToCandidate
2019-11-12 22:25:20,324 [Thread-1809] INFO  impl.RaftServerImpl (RaftServerImpl.java:setRole(173)) - ed184682-841a-431b-821d-e4efb86e7b6e@group-136293D85503: changes role from  FOLLOWER to CANDIDATE at term 0 for changeToCandidate
2019-11-12 22:25:20,324 [Thread-1808] INFO  impl.RoleInfo (RoleInfo.java:updateAndGet(143)) - fed2bd94-bbf4-4593-9887-7c07c070d07d: start LeaderElection
2019-11-12 22:25:20,324 [Thread-1809] INFO  impl.RoleInfo (RoleInfo.java:updateAndGet(143)) - ed184682-841a-431b-821d-e4efb86e7b6e: start LeaderElection
2019-11-12 22:25:20,354 [ed184682-841a-431b-821d-e4efb86e7b6e@group-136293D85503-LeaderElection57] INFO  impl.LeaderElection (LeaderElection.java:askForVotes(178)) - ed184682-841a-431b-821d-e4efb86e7b6e@group-136293D85503-LeaderElection57: begin an election at term 1 for -1: [ed184682-841a-431b-821d-e4efb86e7b6e:192.168.157.210:40829, cc8f8d42-1b01-4431-8c29-b671ab5a5551:192.168.157.210:40886, fed2bd94-bbf4-4593-9887-7c07c070d07d:192.168.157.210:37620], old=null
2019-11-12 22:25:20,354 [fed2bd94-bbf4-4593-9887-7c07c070d07d@group-136293D85503-LeaderElection56] INFO  impl.LeaderElection (LeaderElection.java:askForVotes(178)) - fed2bd94-bbf4-4593-9887-7c07c070d07d@group-136293D85503-LeaderElection56: begin an election at term 1 for -1: [ed184682-841a-431b-821d-e4efb86e7b6e:192.168.157.210:40829, cc8f8d42-1b01-4431-8c29-b671ab5a5551:192.168.157.210:40886, fed2bd94-bbf4-4593-9887-7c07c070d07d:192.168.157.210:37620], old=null
2019-11-12 22:25:20,363 [grpc-default-executor-3] INFO  impl.RaftServerImpl (RaftServerImpl.java:setRole(173)) - cc8f8d42-1b01-4431-8c29-b671ab5a5551@group-136293D85503: changes role from  FOLLOWER to FOLLOWER at term 1 for recognizeCandidate:fed2bd94-bbf4-4593-9887-7c07c070d07d
2019-11-12 22:25:20,363 [grpc-default-executor-3] INFO  impl.RoleInfo (RoleInfo.java:shutdownFollowerState(121)) - cc8f8d42-1b01-4431-8c29-b671ab5a5551: shutdown FollowerState
2019-11-12 22:25:20,363 [grpc-default-executor-3] INFO  impl.RoleInfo (RoleInfo.java:updateAndGet(143)) - cc8f8d42-1b01-4431-8c29-b671ab5a5551: start FollowerState
2019-11-12 22:25:20,364 [Thread-1813] INFO  impl.FollowerState (FollowerState.java:run(120)) - cc8f8d42-1b01-4431-8c29-b671ab5a5551@group-136293D85503-FollowerState was interrupted: java.lang.InterruptedException: sleep interrupted
2019-11-12 22:25:20,385 [Thread-1801] INFO  impl.FollowerState (FollowerState.java:run(111)) - cc8f8d42-1b01-4431-8c29-b671ab5a5551@group-FBDC790551F3-FollowerState: change to CANDIDATE, lastRpcTime:1154ms, electionTimeout:1154ms
2019-11-12 22:25:20,385 [Thread-1801] INFO  impl.RoleInfo (RoleInfo.java:shutdownFollowerState(121)) - cc8f8d42-1b01-4431-8c29-b671ab5a5551: shutdown FollowerState
2019-11-12 22:25:20,385 [Thread-1801] INFO  impl.RaftServerImpl (RaftServerImpl.java:setRole(173)) - cc8f8d42-1b01-4431-8c29-b671ab5a5551@group-FBDC790551F3: changes role from  FOLLOWER to CANDIDATE at term 0 for changeToCandidate
2019-11-12 22:25:20,385 [Thread-1801] INFO  impl.RoleInfo (RoleInfo.java:updateAndGet(143)) - cc8f8d42-1b01-4431-8c29-b671ab5a5551: start LeaderElection
2019-11-12 22:25:20,433 [fed2bd94-bbf4-4593-9887-7c07c070d07d@group-136293D85503-LeaderElection56] INFO  impl.LeaderElection (LeaderElection.java:logAndReturn(56)) - fed2bd94-bbf4-4593-9887-7c07c070d07d@group-136293D85503-LeaderElection56: Election PASSED; received 2 response(s) [fed2bd94-bbf4-4593-9887-7c07c070d07d<-ed184682-841a-431b-821d-e4efb86e7b6e#0:FAIL-t1, fed2bd94-bbf4-4593-9887-7c07c070d07d<-cc8f8d42-1b01-4431-8c29-b671ab5a5551#0:OK-t1] and 0 exception(s); fed2bd94-bbf4-4593-9887-7c07c070d07d@group-136293D85503:t1, leader=null, voted=fed2bd94-bbf4-4593-9887-7c07c070d07d, raftlog=fed2bd94-bbf4-4593-9887-7c07c070d07d@group-136293D85503-SegmentedRaftLog:OPENED:c-1,f-1,i0, conf=-1: [ed184682-841a-431b-821d-e4efb86e7b6e:192.168.157.210:40829, cc8f8d42-1b01-4431-8c29-b671ab5a5551:192.168.157.210:40886, fed2bd94-bbf4-4593-9887-7c07c070d07d:192.168.157.210:37620], old=null
2019-11-12 22:25:20,433 [ed184682-841a-431b-821d-e4efb86e7b6e@group-136293D85503-LeaderElection57] INFO  impl.LeaderElection (LeaderElection.java:logAndReturn(56)) - ed184682-841a-431b-821d-e4efb86e7b6e@group-136293D85503-LeaderElection57: Election REJECTED; received 2 response(s) [ed184682-841a-431b-821d-e4efb86e7b6e<-cc8f8d42-1b01-4431-8c29-b671ab5a5551#0:FAIL-t1, ed184682-841a-431b-821d-e4efb86e7b6e<-fed2bd94-bbf4-4593-9887-7c07c070d07d#0:FAIL-t1] and 0 exception(s); ed184682-841a-431b-821d-e4efb86e7b6e@group-136293D85503:t1, leader=null, voted=ed184682-841a-431b-821d-e4efb86e7b6e, raftlog=ed184682-841a-431b-821d-e4efb86e7b6e@group-136293D85503-SegmentedRaftLog:OPENED:c-1,f-1,i0, conf=-1: [ed184682-841a-431b-821d-e4efb86e7b6e:192.168.157.210:40829, cc8f8d42-1b01-4431-8c29-b671ab5a5551:192.168.157.210:40886, fed2bd94-bbf4-4593-9887-7c07c070d07d:192.168.157.210:37620], old=null
2019-11-12 22:25:20,433 [fed2bd94-bbf4-4593-9887-7c07c070d07d@group-136293D85503-LeaderElection56] INFO  impl.RoleInfo (RoleInfo.java:shutdownLeaderElection(134)) - fed2bd94-bbf4-4593-9887-7c07c070d07d: shutdown LeaderElection
2019-11-12 22:25:20,439 [ed184682-841a-431b-821d-e4efb86e7b6e@group-136293D85503-LeaderElection57] INFO  impl.RaftServerImpl (RaftServerImpl.java:setRole(173)) - ed184682-841a-431b-821d-e4efb86e7b6e@group-136293D85503: changes role from CANDIDATE to FOLLOWER at term 1 for DISCOVERED_A_NEW_TERM
2019-11-12 22:25:20,439 [fed2bd94-bbf4-4593-9887-7c07c070d07d@group-136293D85503-LeaderElection56] INFO  impl.RaftServerImpl (RaftServerImpl.java:setRole(173)) - fed2bd94-bbf4-4593-9887-7c07c070d07d@group-136293D85503: changes role from CANDIDATE to LEADER at term 1 for changeToLeader
2019-11-12 22:25:20,439 [ed184682-841a-431b-821d-e4efb86e7b6e@group-136293D85503-LeaderElection57] INFO  impl.RoleInfo (RoleInfo.java:shutdownLeaderElection(134)) - ed184682-841a-431b-821d-e4efb86e7b6e: shutdown LeaderElection
2019-11-12 22:25:20,439 [fed2bd94-bbf4-4593-9887-7c07c070d07d@group-136293D85503-LeaderElection56] INFO  ratis.XceiverServerRatis (XceiverServerRatis.java:handleLeaderChangedNotification(697)) - Leader change notification received for group: group-136293D85503 with new leaderId: fed2bd94-bbf4-4593-9887-7c07c070d07d
2019-11-12 22:25:20,440 [ed184682-841a-431b-821d-e4efb86e7b6e@group-136293D85503-LeaderElection57] INFO  impl.RoleInfo (RoleInfo.java:updateAndGet(143)) - ed184682-841a-431b-821d-e4efb86e7b6e: start FollowerState
2019-11-12 22:25:20,440 [fed2bd94-bbf4-4593-9887-7c07c070d07d@group-136293D85503-LeaderElection56] INFO  impl.RaftServerImpl (ServerState.java:setLeader(255)) - fed2bd94-bbf4-4593-9887-7c07c070d07d@group-136293D85503: change Leader from null to fed2bd94-bbf4-4593-9887-7c07c070d07d at term 1 for becomeLeader, leader elected after 1160ms
2019-11-12 22:25:20,440 [Datanode State Machine Thread - 0] INFO  statemachine.DatanodeStateMachine (DatanodeStateMachine.java:lambda$startDaemon$0(350)) - Ozone container server started.
2019-11-12 22:25:20,440 [fed2bd94-bbf4-4593-9887-7c07c070d07d@group-136293D85503-LeaderElection56] INFO  server.RaftServerConfigKeys (ConfUtils.java:logGet(43)) - raft.server.staging.catchup.gap = 1000 (default)
2019-11-12 22:25:20,440 [fed2bd94-bbf4-4593-9887-7c07c070d07d@group-136293D85503-LeaderElection56] INFO  server.RaftServerConfigKeys (ConfUtils.java:logGet(43)) - raft.server.rpc.sleep.time = 25ms (default)
2019-11-12 22:25:20,440 [fed2bd94-bbf4-4593-9887-7c07c070d07d@group-136293D85503-LeaderElection56] INFO  server.RaftServerConfigKeys (ConfUtils.java:logGet(43)) - raft.server.write.element-limit = 4096 (default)
2019-11-12 22:25:20,440 [fed2bd94-bbf4-4593-9887-7c07c070d07d@group-136293D85503-LeaderElection56] INFO  server.RaftServerConfigKeys (ConfUtils.java:logGet(43)) - raft.server.watch.timeout = 10s (default)
2019-11-12 22:25:20,440 [fed2bd94-bbf4-4593-9887-7c07c070d07d@group-136293D85503-LeaderElection56] INFO  server.RaftServerConfigKeys (ConfUtils.java:logGet(43)) - raft.server.watch.timeout.denomination = 1s (default)
2019-11-12 22:25:20,440 [fed2bd94-bbf4-4593-9887-7c07c070d07d@group-136293D85503-LeaderElection56] INFO  server.RaftServerConfigKeys (ConfUtils.java:logGet(43)) - raft.server.watch.element-limit = 65536 (default)
2019-11-12 22:25:20,440 [cc8f8d42-1b01-4431-8c29-b671ab5a5551@group-FBDC790551F3-LeaderElection58] INFO  impl.LeaderElection (LeaderElection.java:askForVotes(178)) - cc8f8d42-1b01-4431-8c29-b671ab5a5551@group-FBDC790551F3-LeaderElection58: begin an election at term 1 for -1: [cc8f8d42-1b01-4431-8c29-b671ab5a5551:192.168.157.210:40886], old=null
2019-11-12 22:25:20,441 [cc8f8d42-1b01-4431-8c29-b671ab5a5551@group-FBDC790551F3-LeaderElection58] INFO  impl.RoleInfo (RoleInfo.java:shutdownLeaderElection(134)) - cc8f8d42-1b01-4431-8c29-b671ab5a5551: shutdown LeaderElection
2019-11-12 22:25:20,441 [fed2bd94-bbf4-4593-9887-7c07c070d07d@group-136293D85503-LeaderElection56] INFO  server.RaftServerConfigKeys (ConfUtils.java:logGet(43)) - raft.server.log.appender.snapshot.chunk.size.max = 16MB (=16777216) (default)
2019-11-12 22:25:20,441 [cc8f8d42-1b01-4431-8c29-b671ab5a5551@group-FBDC790551F3-LeaderElection58] INFO  impl.RaftServerImpl (RaftServerImpl.java:setRole(173)) - cc8f8d42-1b01-4431-8c29-b671ab5a5551@group-FBDC790551F3: changes role from CANDIDATE to LEADER at term 1 for changeToLeader
2019-11-12 22:25:20,441 [fed2bd94-bbf4-4593-9887-7c07c070d07d@group-136293D85503-LeaderElection56] INFO  server.RaftServerConfigKeys (ConfUtils.java:logGet(43)) - raft.server.log.appender.buffer.byte-limit = 33554432 (custom)
2019-11-12 22:25:20,441 [cc8f8d42-1b01-4431-8c29-b671ab5a5551@group-FBDC790551F3-LeaderElection58] INFO  ratis.XceiverServerRatis (XceiverServerRatis.java:handleLeaderChangedNotification(697)) - Leader change notification received for group: group-FBDC790551F3 with new leaderId: cc8f8d42-1b01-4431-8c29-b671ab5a5551
2019-11-12 22:25:20,441 [fed2bd94-bbf4-4593-9887-7c07c070d07d@group-136293D85503-LeaderElection56] INFO  server.RaftServerConfigKeys (ConfUtils.java:logGet(43)) - raft.server.log.appender.buffer.element-limit = 1 (custom)
2019-11-12 22:25:20,441 [cc8f8d42-1b01-4431-8c29-b671ab5a5551@group-FBDC790551F3-LeaderElection58] INFO  impl.RaftServerImpl (ServerState.java:setLeader(255)) - cc8f8d42-1b01-4431-8c29-b671ab5a5551@group-FBDC790551F3: change Leader from null to cc8f8d42-1b01-4431-8c29-b671ab5a5551 at term 1 for becomeLeader, leader elected after 1214ms
2019-11-12 22:25:20,441 [fed2bd94-bbf4-4593-9887-7c07c070d07d@group-136293D85503-LeaderElection56] INFO  grpc.GrpcConfigKeys$Server (ConfUtils.java:logGet(43)) - raft.grpc.server.leader.outstanding.appends.max = 128 (default)
2019-11-12 22:25:20,441 [cc8f8d42-1b01-4431-8c29-b671ab5a5551@group-FBDC790551F3-LeaderElection58] INFO  server.RaftServerConfigKeys (ConfUtils.java:logGet(43)) - raft.server.staging.catchup.gap = 1000 (default)
2019-11-12 22:25:20,441 [fed2bd94-bbf4-4593-9887-7c07c070d07d@group-136293D85503-LeaderElection56] INFO  server.RaftServerConfigKeys (ConfUtils.java:logGet(43)) - raft.server.rpc.request.timeout = 3000ms (default)
2019-11-12 22:25:20,441 [cc8f8d42-1b01-4431-8c29-b671ab5a5551@group-FBDC790551F3-LeaderElection58] INFO  server.RaftServerConfigKeys (ConfUtils.java:logGet(43)) - raft.server.rpc.sleep.time = 25ms (default)
2019-11-12 22:25:20,441 [fed2bd94-bbf4-4593-9887-7c07c070d07d@group-136293D85503-LeaderElection56] INFO  server.RaftServerConfigKeys (ConfUtils.java:logGet(43)) - raft.server.log.appender.install.snapshot.enabled = false (custom)
2019-11-12 22:25:20,442 [cc8f8d42-1b01-4431-8c29-b671ab5a5551@group-FBDC790551F3-LeaderElection58] INFO  server.RaftServerConfigKeys (ConfUtils.java:logGet(43)) - raft.server.write.element-limit = 4096 (default)
2019-11-12 22:25:20,442 [fed2bd94-bbf4-4593-9887-7c07c070d07d@group-136293D85503-LeaderElection56] WARN  impl.MetricRegistriesImpl (MetricRegistriesImpl.java:lambda$create$1(61)) - First MetricRegistry has been created without registering reporters. You may need to call MetricRegistries.global().addReportRegistration(...) before.
2019-11-12 22:25:20,442 [cc8f8d42-1b01-4431-8c29-b671ab5a5551@group-FBDC790551F3-LeaderElection58] INFO  server.RaftServerConfigKeys (ConfUtils.java:logGet(43)) - raft.server.watch.timeout = 10s (default)
2019-11-12 22:25:20,442 [fed2bd94-bbf4-4593-9887-7c07c070d07d@group-136293D85503-LeaderElection56] INFO  server.RaftServerConfigKeys (ConfUtils.java:logGet(43)) - raft.server.log.appender.snapshot.chunk.size.max = 16MB (=16777216) (default)
2019-11-12 22:25:20,442 [cc8f8d42-1b01-4431-8c29-b671ab5a5551@group-FBDC790551F3-LeaderElection58] INFO  server.RaftServerConfigKeys (ConfUtils.java:logGet(43)) - raft.server.watch.timeout.denomination = 1s (default)
2019-11-12 22:25:20,442 [EventQueue-PipelineReportForPipelineReportHandler] INFO  pipeline.PipelineStateManager (PipelineStateManager.java:openPipeline(134)) - Pipeline Pipeline[ Id: 98f40f76-2e47-42c3-9cd1-fbdc790551f3, Nodes: cc8f8d42-1b01-4431-8c29-b671ab5a5551{ip: 192.168.157.210, host: pr-hdds-2463-z4974-865879084, networkLocation: /default-rack, certSerialId: null}, Type:RATIS, Factor:ONE, State:OPEN] moved to OPEN state
2019-11-12 22:25:20,442 [fed2bd94-bbf4-4593-9887-7c07c070d07d@group-136293D85503-LeaderElection56] INFO  server.RaftServerConfigKeys (ConfUtils.java:logGet(43)) - raft.server.log.appender.buffer.byte-limit = 33554432 (custom)
2019-11-12 22:25:20,442 [cc8f8d42-1b01-4431-8c29-b671ab5a5551@group-FBDC790551F3-LeaderElection58] INFO  server.RaftServerConfigKeys (ConfUtils.java:logGet(43)) - raft.server.watch.element-limit = 65536 (default)
2019-11-12 22:25:20,442 [fed2bd94-bbf4-4593-9887-7c07c070d07d@group-136293D85503-LeaderElection56] INFO  server.RaftServerConfigKeys (ConfUtils.java:logGet(43)) - raft.server.log.appender.buffer.element-limit = 1 (custom)
2019-11-12 22:25:20,442 [cc8f8d42-1b01-4431-8c29-b671ab5a5551@group-FBDC790551F3-LeaderElection58] INFO  impl.RoleInfo (RoleInfo.java:updateAndGet(143)) - cc8f8d42-1b01-4431-8c29-b671ab5a5551: start LeaderState
2019-11-12 22:25:20,442 [fed2bd94-bbf4-4593-9887-7c07c070d07d@group-136293D85503-LeaderElection56] INFO  grpc.GrpcConfigKeys$Server (ConfUtils.java:logGet(43)) - raft.grpc.server.leader.outstanding.appends.max = 128 (default)
2019-11-12 22:25:20,442 [fed2bd94-bbf4-4593-9887-7c07c070d07d@group-136293D85503-LeaderElection56] INFO  server.RaftServerConfigKeys (ConfUtils.java:logGet(43)) - raft.server.rpc.request.timeout = 3000ms (default)
2019-11-12 22:25:20,442 [cc8f8d42-1b01-4431-8c29-b671ab5a5551@group-FBDC790551F3-LeaderElection58] INFO  segmented.SegmentedRaftLogWorker (SegmentedRaftLogWorker.java:startLogSegment(385)) - cc8f8d42-1b01-4431-8c29-b671ab5a5551@group-FBDC790551F3-SegmentedRaftLogWorker: Starting segment from index:0
2019-11-12 22:25:20,443 [fed2bd94-bbf4-4593-9887-7c07c070d07d@group-136293D85503-LeaderElection56] INFO  server.RaftServerConfigKeys (ConfUtils.java:logGet(43)) - raft.server.log.appender.install.snapshot.enabled = false (custom)
2019-11-12 22:25:20,443 [fed2bd94-bbf4-4593-9887-7c07c070d07d@group-136293D85503-LeaderElection56] INFO  impl.RoleInfo (RoleInfo.java:updateAndGet(143)) - fed2bd94-bbf4-4593-9887-7c07c070d07d: start LeaderState
2019-11-12 22:25:20,443 [fed2bd94-bbf4-4593-9887-7c07c070d07d@group-136293D85503-LeaderElection56] INFO  segmented.SegmentedRaftLogWorker (SegmentedRaftLogWorker.java:startLogSegment(385)) - fed2bd94-bbf4-4593-9887-7c07c070d07d@group-136293D85503-SegmentedRaftLogWorker: Starting segment from index:0
2019-11-12 22:25:20,443 [cc8f8d42-1b01-4431-8c29-b671ab5a5551@group-FBDC790551F3-LeaderElection58] INFO  impl.RaftServerImpl (ServerState.java:setRaftConf(356)) - cc8f8d42-1b01-4431-8c29-b671ab5a5551@group-FBDC790551F3: set configuration 0: [cc8f8d42-1b01-4431-8c29-b671ab5a5551:192.168.157.210:40886], old=null at 0
2019-11-12 22:25:20,443 [fed2bd94-bbf4-4593-9887-7c07c070d07d@group-136293D85503-LeaderElection56] INFO  impl.RaftServerImpl (ServerState.java:setRaftConf(356)) - fed2bd94-bbf4-4593-9887-7c07c070d07d@group-136293D85503: set configuration 0: [ed184682-841a-431b-821d-e4efb86e7b6e:192.168.157.210:40829, cc8f8d42-1b01-4431-8c29-b671ab5a5551:192.168.157.210:40886, fed2bd94-bbf4-4593-9887-7c07c070d07d:192.168.157.210:37620], old=null at 0
2019-11-12 22:25:20,471 [grpc-default-executor-3] INFO  ratis.XceiverServerRatis (XceiverServerRatis.java:handleLeaderChangedNotification(697)) - Leader change notification received for group: group-136293D85503 with new leaderId: fed2bd94-bbf4-4593-9887-7c07c070d07d
2019-11-12 22:25:20,471 [grpc-default-executor-2] INFO  ratis.XceiverServerRatis (XceiverServerRatis.java:handleLeaderChangedNotification(697)) - Leader change notification received for group: group-136293D85503 with new leaderId: fed2bd94-bbf4-4593-9887-7c07c070d07d
2019-11-12 22:25:20,471 [grpc-default-executor-3] INFO  impl.RaftServerImpl (ServerState.java:setLeader(255)) - cc8f8d42-1b01-4431-8c29-b671ab5a5551@group-136293D85503: change Leader from null to fed2bd94-bbf4-4593-9887-7c07c070d07d at term 1 for appendEntries, leader elected after 1191ms
2019-11-12 22:25:20,471 [grpc-default-executor-2] INFO  impl.RaftServerImpl (ServerState.java:setLeader(255)) - ed184682-841a-431b-821d-e4efb86e7b6e@group-136293D85503: change Leader from null to fed2bd94-bbf4-4593-9887-7c07c070d07d at term 1 for appendEntries, leader elected after 1192ms
2019-11-12 22:25:20,473 [grpc-default-executor-3] INFO  impl.RaftServerImpl (ServerState.java:setRaftConf(356)) - ed184682-841a-431b-821d-e4efb86e7b6e@group-136293D85503: set configuration 0: [ed184682-841a-431b-821d-e4efb86e7b6e:192.168.157.210:40829, cc8f8d42-1b01-4431-8c29-b671ab5a5551:192.168.157.210:40886, fed2bd94-bbf4-4593-9887-7c07c070d07d:192.168.157.210:37620], old=null at 0
2019-11-12 22:25:20,473 [grpc-default-executor-3] INFO  segmented.SegmentedRaftLogWorker (SegmentedRaftLogWorker.java:startLogSegment(385)) - ed184682-841a-431b-821d-e4efb86e7b6e@group-136293D85503-SegmentedRaftLogWorker: Starting segment from index:0
2019-11-12 22:25:20,473 [grpc-default-executor-2] INFO  impl.RaftServerImpl (ServerState.java:setRaftConf(356)) - cc8f8d42-1b01-4431-8c29-b671ab5a5551@group-136293D85503: set configuration 0: [ed184682-841a-431b-821d-e4efb86e7b6e:192.168.157.210:40829, cc8f8d42-1b01-4431-8c29-b671ab5a5551:192.168.157.210:40886, fed2bd94-bbf4-4593-9887-7c07c070d07d:192.168.157.210:37620], old=null at 0
2019-11-12 22:25:20,473 [grpc-default-executor-2] INFO  segmented.SegmentedRaftLogWorker (SegmentedRaftLogWorker.java:startLogSegment(385)) - cc8f8d42-1b01-4431-8c29-b671ab5a5551@group-136293D85503-SegmentedRaftLogWorker: Starting segment from index:0
2019-11-12 22:25:20,482 [Thread-1817] INFO  impl.FollowerState (FollowerState.java:run(111)) - 36ba2c4b-fd66-4a0d-bee3-710bbe72aafc@group-1FD2BE62372A-FollowerState: change to CANDIDATE, lastRpcTime:1122ms, electionTimeout:1122ms
2019-11-12 22:25:20,482 [Thread-1817] INFO  impl.RoleInfo (RoleInfo.java:shutdownFollowerState(121)) - 36ba2c4b-fd66-4a0d-bee3-710bbe72aafc: shutdown FollowerState
2019-11-12 22:25:20,482 [Thread-1817] INFO  impl.RaftServerImpl (RaftServerImpl.java:setRole(173)) - 36ba2c4b-fd66-4a0d-bee3-710bbe72aafc@group-1FD2BE62372A: changes role from  FOLLOWER to CANDIDATE at term 0 for changeToCandidate
2019-11-12 22:25:20,482 [Thread-1817] INFO  impl.RoleInfo (RoleInfo.java:updateAndGet(143)) - 36ba2c4b-fd66-4a0d-bee3-710bbe72aafc: start LeaderElection
2019-11-12 22:25:20,506 [Thread-1823] INFO  impl.FollowerState (FollowerState.java:run(111)) - 124b1436-2dec-4708-9bef-ac97c435ef9a@group-856B764B1031-FollowerState: change to CANDIDATE, lastRpcTime:1018ms, electionTimeout:1007ms
2019-11-12 22:25:20,506 [Thread-1823] INFO  impl.RoleInfo (RoleInfo.java:shutdownFollowerState(121)) - 124b1436-2dec-4708-9bef-ac97c435ef9a: shutdown FollowerState
2019-11-12 22:25:20,506 [Thread-1823] INFO  impl.RaftServerImpl (RaftServerImpl.java:setRole(173)) - 124b1436-2dec-4708-9bef-ac97c435ef9a@group-856B764B1031: changes role from  FOLLOWER to CANDIDATE at term 0 for changeToCandidate
2019-11-12 22:25:20,506 [cc8f8d42-1b01-4431-8c29-b671ab5a5551@group-FBDC790551F3-SegmentedRaftLogWorker] INFO  segmented.SegmentedRaftLogWorker (SegmentedRaftLogWorker.java:execute(576)) - cc8f8d42-1b01-4431-8c29-b671ab5a5551@group-FBDC790551F3-SegmentedRaftLogWorker: created new log segment /workdir/hadoop-ozone/integration-test/target/test-dir/MiniOzoneClusterImpl-49cde4fa-0f5c-485a-80e4-a10b14a740d7/datanode-2/data/ratis/98f40f76-2e47-42c3-9cd1-fbdc790551f3/current/log_inprogress_0
2019-11-12 22:25:20,509 [Thread-1823] INFO  impl.RoleInfo (RoleInfo.java:updateAndGet(143)) - 124b1436-2dec-4708-9bef-ac97c435ef9a: start LeaderElection
2019-11-12 22:25:20,534 [ed184682-841a-431b-821d-e4efb86e7b6e@group-136293D85503-SegmentedRaftLogWorker] INFO  segmented.SegmentedRaftLogWorker (SegmentedRaftLogWorker.java:execute(576)) - ed184682-841a-431b-821d-e4efb86e7b6e@group-136293D85503-SegmentedRaftLogWorker: created new log segment /workdir/hadoop-ozone/integration-test/target/test-dir/MiniOzoneClusterImpl-49cde4fa-0f5c-485a-80e4-a10b14a740d7/datanode-0/data/ratis/af0dc319-39b1-485d-a14c-136293d85503/current/log_inprogress_0
2019-11-12 22:25:20,534 [cc8f8d42-1b01-4431-8c29-b671ab5a5551@group-136293D85503-SegmentedRaftLogWorker] INFO  segmented.SegmentedRaftLogWorker (SegmentedRaftLogWorker.java:execute(576)) - cc8f8d42-1b01-4431-8c29-b671ab5a5551@group-136293D85503-SegmentedRaftLogWorker: created new log segment /workdir/hadoop-ozone/integration-test/target/test-dir/MiniOzoneClusterImpl-49cde4fa-0f5c-485a-80e4-a10b14a740d7/datanode-2/data/ratis/af0dc319-39b1-485d-a14c-136293d85503/current/log_inprogress_0
2019-11-12 22:25:20,534 [fed2bd94-bbf4-4593-9887-7c07c070d07d@group-136293D85503-SegmentedRaftLogWorker] INFO  segmented.SegmentedRaftLogWorker (SegmentedRaftLogWorker.java:execute(576)) - fed2bd94-bbf4-4593-9887-7c07c070d07d@group-136293D85503-SegmentedRaftLogWorker: created new log segment /workdir/hadoop-ozone/integration-test/target/test-dir/MiniOzoneClusterImpl-49cde4fa-0f5c-485a-80e4-a10b14a740d7/datanode-1/data/ratis/af0dc319-39b1-485d-a14c-136293d85503/current/log_inprogress_0
2019-11-12 22:25:20,552 [36ba2c4b-fd66-4a0d-bee3-710bbe72aafc@group-1FD2BE62372A-LeaderElection59] INFO  impl.LeaderElection (LeaderElection.java:askForVotes(178)) - 36ba2c4b-fd66-4a0d-bee3-710bbe72aafc@group-1FD2BE62372A-LeaderElection59: begin an election at term 1 for -1: [36ba2c4b-fd66-4a0d-bee3-710bbe72aafc:192.168.157.210:42115], old=null
2019-11-12 22:25:20,552 [124b1436-2dec-4708-9bef-ac97c435ef9a@group-856B764B1031-LeaderElection60] INFO  impl.LeaderElection (LeaderElection.java:askForVotes(178)) - 124b1436-2dec-4708-9bef-ac97c435ef9a@group-856B764B1031-LeaderElection60: begin an election at term 1 for -1: [e1630cc0-82e2-4757-a0ff-1e5aa97f4a82:192.168.157.210:46723, 36ba2c4b-fd66-4a0d-bee3-710bbe72aafc:192.168.157.210:42115, 124b1436-2dec-4708-9bef-ac97c435ef9a:192.168.157.210:33855], old=null
2019-11-12 22:25:20,552 [36ba2c4b-fd66-4a0d-bee3-710bbe72aafc@group-1FD2BE62372A-LeaderElection59] INFO  impl.RoleInfo (RoleInfo.java:shutdownLeaderElection(134)) - 36ba2c4b-fd66-4a0d-bee3-710bbe72aafc: shutdown LeaderElection
2019-11-12 22:25:20,552 [36ba2c4b-fd66-4a0d-bee3-710bbe72aafc@group-1FD2BE62372A-LeaderElection59] INFO  impl.RaftServerImpl (RaftServerImpl.java:setRole(173)) - 36ba2c4b-fd66-4a0d-bee3-710bbe72aafc@group-1FD2BE62372A: changes role from CANDIDATE to LEADER at term 1 for changeToLeader
2019-11-12 22:25:20,552 [36ba2c4b-fd66-4a0d-bee3-710bbe72aafc@group-1FD2BE62372A-LeaderElection59] INFO  ratis.XceiverServerRatis (XceiverServerRatis.java:handleLeaderChangedNotification(697)) - Leader change notification received for group: group-1FD2BE62372A with new leaderId: 36ba2c4b-fd66-4a0d-bee3-710bbe72aafc
2019-11-12 22:25:20,552 [36ba2c4b-fd66-4a0d-bee3-710bbe72aafc@group-1FD2BE62372A-LeaderElection59] INFO  impl.RaftServerImpl (ServerState.java:setLeader(255)) - 36ba2c4b-fd66-4a0d-bee3-710bbe72aafc@group-1FD2BE62372A: change Leader from null to 36ba2c4b-fd66-4a0d-bee3-710bbe72aafc at term 1 for becomeLeader, leader elected after 1195ms
2019-11-12 22:25:20,552 [36ba2c4b-fd66-4a0d-bee3-710bbe72aafc@group-1FD2BE62372A-LeaderElection59] INFO  server.RaftServerConfigKeys (ConfUtils.java:logGet(43)) - raft.server.staging.catchup.gap = 1000 (default)
2019-11-12 22:25:20,552 [36ba2c4b-fd66-4a0d-bee3-710bbe72aafc@group-1FD2BE62372A-LeaderElection59] INFO  server.RaftServerConfigKeys (ConfUtils.java:logGet(43)) - raft.server.rpc.sleep.time = 25ms (default)
2019-11-12 22:25:20,553 [36ba2c4b-fd66-4a0d-bee3-710bbe72aafc@group-1FD2BE62372A-LeaderElection59] INFO  server.RaftServerConfigKeys (ConfUtils.java:logGet(43)) - raft.server.write.element-limit = 4096 (default)
2019-11-12 22:25:20,553 [36ba2c4b-fd66-4a0d-bee3-710bbe72aafc@group-1FD2BE62372A-LeaderElection59] INFO  server.RaftServerConfigKeys (ConfUtils.java:logGet(43)) - raft.server.watch.timeout = 10s (default)
2019-11-12 22:25:20,553 [36ba2c4b-fd66-4a0d-bee3-710bbe72aafc@group-1FD2BE62372A-LeaderElection59] INFO  server.RaftServerConfigKeys (ConfUtils.java:logGet(43)) - raft.server.watch.timeout.denomination = 1s (default)
2019-11-12 22:25:20,553 [36ba2c4b-fd66-4a0d-bee3-710bbe72aafc@group-1FD2BE62372A-LeaderElection59] INFO  server.RaftServerConfigKeys (ConfUtils.java:logGet(43)) - raft.server.watch.element-limit = 65536 (default)
2019-11-12 22:25:20,553 [36ba2c4b-fd66-4a0d-bee3-710bbe72aafc@group-1FD2BE62372A-LeaderElection59] INFO  impl.RoleInfo (RoleInfo.java:updateAndGet(143)) - 36ba2c4b-fd66-4a0d-bee3-710bbe72aafc: start LeaderState
2019-11-12 22:25:20,553 [36ba2c4b-fd66-4a0d-bee3-710bbe72aafc@group-1FD2BE62372A-LeaderElection59] INFO  segmented.SegmentedRaftLogWorker (SegmentedRaftLogWorker.java:startLogSegment(385)) - 36ba2c4b-fd66-4a0d-bee3-710bbe72aafc@group-1FD2BE62372A-SegmentedRaftLogWorker: Starting segment from index:0
2019-11-12 22:25:20,553 [EventQueue-PipelineReportForPipelineReportHandler] INFO  pipeline.PipelineStateManager (PipelineStateManager.java:openPipeline(134)) - Pipeline Pipeline[ Id: 8b5dc0c7-20f4-4683-aabc-1fd2be62372a, Nodes: 36ba2c4b-fd66-4a0d-bee3-710bbe72aafc{ip: 192.168.157.210, host: pr-hdds-2463-z4974-865879084, networkLocation: /default-rack, certSerialId: null}, Type:RATIS, Factor:ONE, State:OPEN] moved to OPEN state
2019-11-12 22:25:20,554 [36ba2c4b-fd66-4a0d-bee3-710bbe72aafc@group-1FD2BE62372A-LeaderElection59] INFO  impl.RaftServerImpl (ServerState.java:setRaftConf(356)) - 36ba2c4b-fd66-4a0d-bee3-710bbe72aafc@group-1FD2BE62372A: set configuration 0: [36ba2c4b-fd66-4a0d-bee3-710bbe72aafc:192.168.157.210:42115], old=null at 0
2019-11-12 22:25:20,555 [grpc-default-executor-3] INFO  impl.RaftServerImpl (RaftServerImpl.java:setRole(173)) - 36ba2c4b-fd66-4a0d-bee3-710bbe72aafc@group-856B764B1031: changes role from  FOLLOWER to FOLLOWER at term 1 for recognizeCandidate:124b1436-2dec-4708-9bef-ac97c435ef9a
2019-11-12 22:25:20,555 [grpc-default-executor-2] INFO  impl.RaftServerImpl (RaftServerImpl.java:setRole(173)) - e1630cc0-82e2-4757-a0ff-1e5aa97f4a82@group-856B764B1031: changes role from  FOLLOWER to FOLLOWER at term 1 for recognizeCandidate:124b1436-2dec-4708-9bef-ac97c435ef9a
2019-11-12 22:25:20,555 [grpc-default-executor-3] INFO  impl.RoleInfo (RoleInfo.java:shutdownFollowerState(121)) - 36ba2c4b-fd66-4a0d-bee3-710bbe72aafc: shutdown FollowerState
2019-11-12 22:25:20,555 [grpc-default-executor-2] INFO  impl.RoleInfo (RoleInfo.java:shutdownFollowerState(121)) - e1630cc0-82e2-4757-a0ff-1e5aa97f4a82: shutdown FollowerState
2019-11-12 22:25:20,556 [grpc-default-executor-3] INFO  impl.RoleInfo (RoleInfo.java:updateAndGet(143)) - 36ba2c4b-fd66-4a0d-bee3-710bbe72aafc: start FollowerState
2019-11-12 22:25:20,556 [Thread-1829] INFO  impl.FollowerState (FollowerState.java:run(120)) - e1630cc0-82e2-4757-a0ff-1e5aa97f4a82@group-856B764B1031-FollowerState was interrupted: java.lang.InterruptedException: sleep interrupted
2019-11-12 22:25:20,580 [Thread-1826] INFO  impl.FollowerState (FollowerState.java:run(120)) - 36ba2c4b-fd66-4a0d-bee3-710bbe72aafc@group-856B764B1031-FollowerState was interrupted: java.lang.InterruptedException: sleep interrupted
2019-11-12 22:25:20,582 [grpc-default-executor-2] INFO  impl.RoleInfo (RoleInfo.java:updateAndGet(143)) - e1630cc0-82e2-4757-a0ff-1e5aa97f4a82: start FollowerState
2019-11-12 22:25:20,603 [36ba2c4b-fd66-4a0d-bee3-710bbe72aafc@group-1FD2BE62372A-SegmentedRaftLogWorker] INFO  segmented.SegmentedRaftLogWorker (SegmentedRaftLogWorker.java:execute(576)) - 36ba2c4b-fd66-4a0d-bee3-710bbe72aafc@group-1FD2BE62372A-SegmentedRaftLogWorker: created new log segment /workdir/hadoop-ozone/integration-test/target/test-dir/MiniOzoneClusterImpl-49cde4fa-0f5c-485a-80e4-a10b14a740d7/datanode-5/data/ratis/8b5dc0c7-20f4-4683-aabc-1fd2be62372a/current/log_inprogress_0
2019-11-12 22:25:20,604 [124b1436-2dec-4708-9bef-ac97c435ef9a@group-856B764B1031-LeaderElection60] INFO  impl.LeaderElection (LeaderElection.java:logAndReturn(56)) - 124b1436-2dec-4708-9bef-ac97c435ef9a@group-856B764B1031-LeaderElection60: Election PASSED; received 1 response(s) [124b1436-2dec-4708-9bef-ac97c435ef9a<-e1630cc0-82e2-4757-a0ff-1e5aa97f4a82#0:OK-t1] and 0 exception(s); 124b1436-2dec-4708-9bef-ac97c435ef9a@group-856B764B1031:t1, leader=null, voted=124b1436-2dec-4708-9bef-ac97c435ef9a, raftlog=124b1436-2dec-4708-9bef-ac97c435ef9a@group-856B764B1031-SegmentedRaftLog:OPENED:c-1,f-1,i0, conf=-1: [e1630cc0-82e2-4757-a0ff-1e5aa97f4a82:192.168.157.210:46723, 36ba2c4b-fd66-4a0d-bee3-710bbe72aafc:192.168.157.210:42115, 124b1436-2dec-4708-9bef-ac97c435ef9a:192.168.157.210:33855], old=null
2019-11-12 22:25:20,604 [124b1436-2dec-4708-9bef-ac97c435ef9a@group-856B764B1031-LeaderElection60] INFO  impl.RoleInfo (RoleInfo.java:shutdownLeaderElection(134)) - 124b1436-2dec-4708-9bef-ac97c435ef9a: shutdown LeaderElection
2019-11-12 22:25:20,604 [124b1436-2dec-4708-9bef-ac97c435ef9a@group-856B764B1031-LeaderElection60] INFO  impl.RaftServerImpl (RaftServerImpl.java:setRole(173)) - 124b1436-2dec-4708-9bef-ac97c435ef9a@group-856B764B1031: changes role from CANDIDATE to LEADER at term 1 for changeToLeader
2019-11-12 22:25:20,604 [124b1436-2dec-4708-9bef-ac97c435ef9a@group-856B764B1031-LeaderElection60] INFO  ratis.XceiverServerRatis (XceiverServerRatis.java:handleLeaderChangedNotification(697)) - Leader change notification received for group: group-856B764B1031 with new leaderId: 124b1436-2dec-4708-9bef-ac97c435ef9a
2019-11-12 22:25:20,605 [124b1436-2dec-4708-9bef-ac97c435ef9a@group-856B764B1031-LeaderElection60] INFO  impl.RaftServerImpl (ServerState.java:setLeader(255)) - 124b1436-2dec-4708-9bef-ac97c435ef9a@group-856B764B1031: change Leader from null to 124b1436-2dec-4708-9bef-ac97c435ef9a at term 1 for becomeLeader, leader elected after 1123ms
2019-11-12 22:25:20,605 [124b1436-2dec-4708-9bef-ac97c435ef9a@group-856B764B1031-LeaderElection60] INFO  server.RaftServerConfigKeys (ConfUtils.java:logGet(43)) - raft.server.staging.catchup.gap = 1000 (default)
2019-11-12 22:25:20,605 [124b1436-2dec-4708-9bef-ac97c435ef9a@group-856B764B1031-LeaderElection60] INFO  server.RaftServerConfigKeys (ConfUtils.java:logGet(43)) - raft.server.rpc.sleep.time = 25ms (default)
2019-11-12 22:25:20,605 [124b1436-2dec-4708-9bef-ac97c435ef9a@group-856B764B1031-LeaderElection60] INFO  server.RaftServerConfigKeys (ConfUtils.java:logGet(43)) - raft.server.write.element-limit = 4096 (default)
2019-11-12 22:25:20,605 [124b1436-2dec-4708-9bef-ac97c435ef9a@group-856B764B1031-LeaderElection60] INFO  server.RaftServerConfigKeys (ConfUtils.java:logGet(43)) - raft.server.watch.timeout = 10s (default)
2019-11-12 22:25:20,605 [124b1436-2dec-4708-9bef-ac97c435ef9a@group-856B764B1031-LeaderElection60] INFO  server.RaftServerConfigKeys (ConfUtils.java:logGet(43)) - raft.server.watch.timeout.denomination = 1s (default)
2019-11-12 22:25:20,605 [124b1436-2dec-4708-9bef-ac97c435ef9a@group-856B764B1031-LeaderElection60] INFO  server.RaftServerConfigKeys (ConfUtils.java:logGet(43)) - raft.server.watch.element-limit = 65536 (default)
2019-11-12 22:25:20,605 [124b1436-2dec-4708-9bef-ac97c435ef9a@group-856B764B1031-LeaderElection60] INFO  server.RaftServerConfigKeys (ConfUtils.java:logGet(43)) - raft.server.log.appender.snapshot.chunk.size.max = 16MB (=16777216) (default)
2019-11-12 22:25:20,605 [124b1436-2dec-4708-9bef-ac97c435ef9a@group-856B764B1031-LeaderElection60] INFO  server.RaftServerConfigKeys (ConfUtils.java:logGet(43)) - raft.server.log.appender.buffer.byte-limit = 33554432 (custom)
2019-11-12 22:25:20,605 [EventQueue-PipelineReportForPipelineReportHandler] INFO  pipeline.PipelineStateManager (PipelineStateManager.java:openPipeline(134)) - Pipeline Pipeline[ Id: db819981-578c-4e86-897b-856b764b1031, Nodes: 36ba2c4b-fd66-4a0d-bee3-710bbe72aafc{ip: 192.168.157.210, host: pr-hdds-2463-z4974-865879084, networkLocation: /default-rack, certSerialId: null}e1630cc0-82e2-4757-a0ff-1e5aa97f4a82{ip: 192.168.157.210, host: pr-hdds-2463-z4974-865879084, networkLocation: /default-rack, certSerialId: null}124b1436-2dec-4708-9bef-ac97c435ef9a{ip: 192.168.157.210, host: pr-hdds-2463-z4974-865879084, networkLocation: /default-rack, certSerialId: null}, Type:RATIS, Factor:THREE, State:OPEN] moved to OPEN state
2019-11-12 22:25:20,606 [124b1436-2dec-4708-9bef-ac97c435ef9a@group-856B764B1031-LeaderElection60] INFO  server.RaftServerConfigKeys (ConfUtils.java:logGet(43)) - raft.server.log.appender.buffer.element-limit = 1 (custom)
2019-11-12 22:25:20,606 [124b1436-2dec-4708-9bef-ac97c435ef9a@group-856B764B1031-LeaderElection60] INFO  grpc.GrpcConfigKeys$Server (ConfUtils.java:logGet(43)) - raft.grpc.server.leader.outstanding.appends.max = 128 (default)
2019-11-12 22:25:20,606 [124b1436-2dec-4708-9bef-ac97c435ef9a@group-856B764B1031-LeaderElection60] INFO  server.RaftServerConfigKeys (ConfUtils.java:logGet(43)) - raft.server.rpc.request.timeout = 3000ms (default)
2019-11-12 22:25:20,606 [124b1436-2dec-4708-9bef-ac97c435ef9a@group-856B764B1031-LeaderElection60] INFO  server.RaftServerConfigKeys (ConfUtils.java:logGet(43)) - raft.server.log.appender.install.snapshot.enabled = false (custom)
2019-11-12 22:25:20,606 [124b1436-2dec-4708-9bef-ac97c435ef9a@group-856B764B1031-LeaderElection60] WARN  impl.MetricRegistriesImpl (MetricRegistriesImpl.java:lambda$create$1(61)) - First MetricRegistry has been created without registering reporters. You may need to call MetricRegistries.global().addReportRegistration(...) before.
2019-11-12 22:25:20,606 [124b1436-2dec-4708-9bef-ac97c435ef9a@group-856B764B1031-LeaderElection60] INFO  server.RaftServerConfigKeys (ConfUtils.java:logGet(43)) - raft.server.log.appender.snapshot.chunk.size.max = 16MB (=16777216) (default)
2019-11-12 22:25:20,606 [124b1436-2dec-4708-9bef-ac97c435ef9a@group-856B764B1031-LeaderElection60] INFO  server.RaftServerConfigKeys (ConfUtils.java:logGet(43)) - raft.server.log.appender.buffer.byte-limit = 33554432 (custom)
2019-11-12 22:25:20,606 [124b1436-2dec-4708-9bef-ac97c435ef9a@group-856B764B1031-LeaderElection60] INFO  server.RaftServerConfigKeys (ConfUtils.java:logGet(43)) - raft.server.log.appender.buffer.element-limit = 1 (custom)
2019-11-12 22:25:20,606 [124b1436-2dec-4708-9bef-ac97c435ef9a@group-856B764B1031-LeaderElection60] INFO  grpc.GrpcConfigKeys$Server (ConfUtils.java:logGet(43)) - raft.grpc.server.leader.outstanding.appends.max = 128 (default)
2019-11-12 22:25:20,607 [124b1436-2dec-4708-9bef-ac97c435ef9a@group-856B764B1031-LeaderElection60] INFO  server.RaftServerConfigKeys (ConfUtils.java:logGet(43)) - raft.server.rpc.request.timeout = 3000ms (default)
2019-11-12 22:25:20,607 [124b1436-2dec-4708-9bef-ac97c435ef9a@group-856B764B1031-LeaderElection60] INFO  server.RaftServerConfigKeys (ConfUtils.java:logGet(43)) - raft.server.log.appender.install.snapshot.enabled = false (custom)
2019-11-12 22:25:20,607 [124b1436-2dec-4708-9bef-ac97c435ef9a@group-856B764B1031-LeaderElection60] INFO  impl.RoleInfo (RoleInfo.java:updateAndGet(143)) - 124b1436-2dec-4708-9bef-ac97c435ef9a: start LeaderState
2019-11-12 22:25:20,607 [124b1436-2dec-4708-9bef-ac97c435ef9a@group-856B764B1031-LeaderElection60] INFO  segmented.SegmentedRaftLogWorker (SegmentedRaftLogWorker.java:startLogSegment(385)) - 124b1436-2dec-4708-9bef-ac97c435ef9a@group-856B764B1031-SegmentedRaftLogWorker: Starting segment from index:0
2019-11-12 22:25:20,607 [124b1436-2dec-4708-9bef-ac97c435ef9a@group-856B764B1031-LeaderElection60] INFO  impl.RaftServerImpl (ServerState.java:setRaftConf(356)) - 124b1436-2dec-4708-9bef-ac97c435ef9a@group-856B764B1031: set configuration 0: [e1630cc0-82e2-4757-a0ff-1e5aa97f4a82:192.168.157.210:46723, 36ba2c4b-fd66-4a0d-bee3-710bbe72aafc:192.168.157.210:42115, 124b1436-2dec-4708-9bef-ac97c435ef9a:192.168.157.210:33855], old=null at 0
2019-11-12 22:25:20,636 [grpc-default-executor-3] INFO  ratis.XceiverServerRatis (XceiverServerRatis.java:handleLeaderChangedNotification(697)) - Leader change notification received for group: group-856B764B1031 with new leaderId: 124b1436-2dec-4708-9bef-ac97c435ef9a
2019-11-12 22:25:20,636 [grpc-default-executor-3] INFO  impl.RaftServerImpl (ServerState.java:setLeader(255)) - e1630cc0-82e2-4757-a0ff-1e5aa97f4a82@group-856B764B1031: change Leader from null to 124b1436-2dec-4708-9bef-ac97c435ef9a at term 1 for appendEntries, leader elected after 1154ms
2019-11-12 22:25:20,637 [grpc-default-executor-2] INFO  ratis.XceiverServerRatis (XceiverServerRatis.java:handleLeaderChangedNotification(697)) - Leader change notification received for group: group-856B764B1031 with new leaderId: 124b1436-2dec-4708-9bef-ac97c435ef9a
2019-11-12 22:25:20,638 [grpc-default-executor-2] INFO  impl.RaftServerImpl (ServerState.java:setLeader(255)) - 36ba2c4b-fd66-4a0d-bee3-710bbe72aafc@group-856B764B1031: change Leader from null to 124b1436-2dec-4708-9bef-ac97c435ef9a at term 1 for appendEntries, leader elected after 1155ms
2019-11-12 22:25:20,641 [grpc-default-executor-2] INFO  impl.RaftServerImpl (ServerState.java:setRaftConf(356)) - 36ba2c4b-fd66-4a0d-bee3-710bbe72aafc@group-856B764B1031: set configuration 0: [e1630cc0-82e2-4757-a0ff-1e5aa97f4a82:192.168.157.210:46723, 36ba2c4b-fd66-4a0d-bee3-710bbe72aafc:192.168.157.210:42115, 124b1436-2dec-4708-9bef-ac97c435ef9a:192.168.157.210:33855], old=null at 0
2019-11-12 22:25:20,641 [grpc-default-executor-3] INFO  impl.RaftServerImpl (ServerState.java:setRaftConf(356)) - e1630cc0-82e2-4757-a0ff-1e5aa97f4a82@group-856B764B1031: set configuration 0: [e1630cc0-82e2-4757-a0ff-1e5aa97f4a82:192.168.157.210:46723, 36ba2c4b-fd66-4a0d-bee3-710bbe72aafc:192.168.157.210:42115, 124b1436-2dec-4708-9bef-ac97c435ef9a:192.168.157.210:33855], old=null at 0
2019-11-12 22:25:20,641 [grpc-default-executor-2] INFO  segmented.SegmentedRaftLogWorker (SegmentedRaftLogWorker.java:startLogSegment(385)) - 36ba2c4b-fd66-4a0d-bee3-710bbe72aafc@group-856B764B1031-SegmentedRaftLogWorker: Starting segment from index:0
2019-11-12 22:25:20,641 [grpc-default-executor-3] INFO  segmented.SegmentedRaftLogWorker (SegmentedRaftLogWorker.java:startLogSegment(385)) - e1630cc0-82e2-4757-a0ff-1e5aa97f4a82@group-856B764B1031-SegmentedRaftLogWorker: Starting segment from index:0
2019-11-12 22:25:20,679 [124b1436-2dec-4708-9bef-ac97c435ef9a@group-856B764B1031-SegmentedRaftLogWorker] INFO  segmented.SegmentedRaftLogWorker (SegmentedRaftLogWorker.java:execute(576)) - 124b1436-2dec-4708-9bef-ac97c435ef9a@group-856B764B1031-SegmentedRaftLogWorker: created new log segment /workdir/hadoop-ozone/integration-test/target/test-dir/MiniOzoneClusterImpl-49cde4fa-0f5c-485a-80e4-a10b14a740d7/datanode-4/data/ratis/db819981-578c-4e86-897b-856b764b1031/current/log_inprogress_0
2019-11-12 22:25:20,697 [e1630cc0-82e2-4757-a0ff-1e5aa97f4a82@group-856B764B1031-SegmentedRaftLogWorker] INFO  segmented.SegmentedRaftLogWorker (SegmentedRaftLogWorker.java:execute(576)) - e1630cc0-82e2-4757-a0ff-1e5aa97f4a82@group-856B764B1031-SegmentedRaftLogWorker: created new log segment /workdir/hadoop-ozone/integration-test/target/test-dir/MiniOzoneClusterImpl-49cde4fa-0f5c-485a-80e4-a10b14a740d7/datanode-3/data/ratis/db819981-578c-4e86-897b-856b764b1031/current/log_inprogress_0
2019-11-12 22:25:20,697 [36ba2c4b-fd66-4a0d-bee3-710bbe72aafc@group-856B764B1031-SegmentedRaftLogWorker] INFO  segmented.SegmentedRaftLogWorker (SegmentedRaftLogWorker.java:execute(576)) - 36ba2c4b-fd66-4a0d-bee3-710bbe72aafc@group-856B764B1031-SegmentedRaftLogWorker: created new log segment /workdir/hadoop-ozone/integration-test/target/test-dir/MiniOzoneClusterImpl-49cde4fa-0f5c-485a-80e4-a10b14a740d7/datanode-5/data/ratis/db819981-578c-4e86-897b-856b764b1031/current/log_inprogress_0
2019-11-12 22:25:25,049 [main] INFO  ozoneimpl.OzoneContainer (OzoneContainer.java:stop(244)) - Attempting to stop container services.
2019-11-12 22:25:25,049 [ForkJoinPool.commonPool-worker-1] INFO  ozoneimpl.OzoneContainer (OzoneContainer.java:stop(244)) - Attempting to stop container services.
2019-11-12 22:25:25,051 [main] INFO  impl.RaftServerProxy (RaftServerProxy.java:lambda$close$4(314)) - e1630cc0-82e2-4757-a0ff-1e5aa97f4a82: close
2019-11-12 22:25:25,052 [ForkJoinPool.commonPool-worker-1] INFO  impl.RaftServerProxy (RaftServerProxy.java:lambda$close$4(314)) - fed2bd94-bbf4-4593-9887-7c07c070d07d: close
2019-11-12 22:25:25,053 [ForkJoinPool.commonPool-worker-1] INFO  impl.RaftServerImpl (RaftServerImpl.java:lambda$shutdown$3(250)) - fed2bd94-bbf4-4593-9887-7c07c070d07d@group-C79CF9380425: shutdown
2019-11-12 22:25:25,053 [main] INFO  impl.RaftServerImpl (RaftServerImpl.java:lambda$shutdown$3(250)) - e1630cc0-82e2-4757-a0ff-1e5aa97f4a82@group-856B764B1031: shutdown
2019-11-12 22:25:25,053 [ForkJoinPool.commonPool-worker-1] INFO  util.JmxRegister (JmxRegister.java:unregister(73)) - Successfully un-registered JMX Bean with object name Ratis:service=RaftServer,group=group-C79CF9380425,id=fed2bd94-bbf4-4593-9887-7c07c070d07d
2019-11-12 22:25:25,053 [main] INFO  util.JmxRegister (JmxRegister.java:unregister(73)) - Successfully un-registered JMX Bean with object name Ratis:service=RaftServer,group=group-856B764B1031,id=e1630cc0-82e2-4757-a0ff-1e5aa97f4a82
2019-11-12 22:25:25,053 [ForkJoinPool.commonPool-worker-1] INFO  impl.RoleInfo (RoleInfo.java:shutdownLeaderState(104)) - fed2bd94-bbf4-4593-9887-7c07c070d07d: shutdown LeaderState
2019-11-12 22:25:25,053 [main] INFO  impl.RoleInfo (RoleInfo.java:shutdownFollowerState(121)) - e1630cc0-82e2-4757-a0ff-1e5aa97f4a82: shutdown FollowerState
2019-11-12 22:25:25,054 [ForkJoinPool.commonPool-worker-1] INFO  impl.PendingRequests (PendingRequests.java:sendNotLeaderResponses(206)) - fed2bd94-bbf4-4593-9887-7c07c070d07d@group-C79CF9380425-PendingRequests: sendNotLeaderResponses
2019-11-12 22:25:25,054 [main] INFO  impl.StateMachineUpdater (StateMachineUpdater.java:stopAndJoin(136)) - e1630cc0-82e2-4757-a0ff-1e5aa97f4a82@group-856B764B1031-StateMachineUpdater: set stopIndex = 0
2019-11-12 22:25:25,054 [Thread-1860] INFO  impl.FollowerState (FollowerState.java:run(120)) - e1630cc0-82e2-4757-a0ff-1e5aa97f4a82@group-856B764B1031-FollowerState was interrupted: java.lang.InterruptedException: sleep interrupted
2019-11-12 22:25:25,054 [ForkJoinPool.commonPool-worker-1] INFO  impl.StateMachineUpdater (StateMachineUpdater.java:stopAndJoin(136)) - fed2bd94-bbf4-4593-9887-7c07c070d07d@group-C79CF9380425-StateMachineUpdater: set stopIndex = 0
2019-11-12 22:25:25,063 [main] INFO  impl.RaftServerImpl (ServerState.java:close(387)) - e1630cc0-82e2-4757-a0ff-1e5aa97f4a82@group-856B764B1031: closes. applyIndex: 0
2019-11-12 22:25:25,063 [ForkJoinPool.commonPool-worker-1] INFO  impl.RaftServerImpl (ServerState.java:close(387)) - fed2bd94-bbf4-4593-9887-7c07c070d07d@group-C79CF9380425: closes. applyIndex: 0
2019-11-12 22:25:25,063 [e1630cc0-82e2-4757-a0ff-1e5aa97f4a82@group-856B764B1031-SegmentedRaftLogWorker] INFO  segmented.SegmentedRaftLogWorker (SegmentedRaftLogWorker.java:run(316)) - e1630cc0-82e2-4757-a0ff-1e5aa97f4a82@group-856B764B1031-SegmentedRaftLogWorker was interrupted, exiting. There are 0 tasks remaining in the queue.
2019-11-12 22:25:25,064 [fed2bd94-bbf4-4593-9887-7c07c070d07d@group-C79CF9380425-SegmentedRaftLogWorker] INFO  segmented.SegmentedRaftLogWorker (SegmentedRaftLogWorker.java:run(316)) - fed2bd94-bbf4-4593-9887-7c07c070d07d@group-C79CF9380425-SegmentedRaftLogWorker was interrupted, exiting. There are 0 tasks remaining in the queue.
2019-11-12 22:25:25,066 [main] INFO  segmented.SegmentedRaftLogWorker (SegmentedRaftLogWorker.java:close(224)) - e1630cc0-82e2-4757-a0ff-1e5aa97f4a82@group-856B764B1031-SegmentedRaftLogWorker close()
2019-11-12 22:25:25,066 [ForkJoinPool.commonPool-worker-1] INFO  segmented.SegmentedRaftLogWorker (SegmentedRaftLogWorker.java:close(224)) - fed2bd94-bbf4-4593-9887-7c07c070d07d@group-C79CF9380425-SegmentedRaftLogWorker close()
2019-11-12 22:25:25,070 [main] INFO  impl.RaftServerImpl (RaftServerImpl.java:lambda$shutdown$3(250)) - e1630cc0-82e2-4757-a0ff-1e5aa97f4a82@group-A13B742C5E33: shutdown
2019-11-12 22:25:25,072 [ForkJoinPool.commonPool-worker-1] INFO  impl.RaftServerImpl (RaftServerImpl.java:lambda$shutdown$3(250)) - fed2bd94-bbf4-4593-9887-7c07c070d07d@group-136293D85503: shutdown
2019-11-12 22:25:25,073 [main] INFO  util.JmxRegister (JmxRegister.java:unregister(73)) - Successfully un-registered JMX Bean with object name Ratis:service=RaftServer,group=group-A13B742C5E33,id=e1630cc0-82e2-4757-a0ff-1e5aa97f4a82
2019-11-12 22:25:25,073 [main] INFO  impl.RoleInfo (RoleInfo.java:shutdownLeaderState(104)) - e1630cc0-82e2-4757-a0ff-1e5aa97f4a82: shutdown LeaderState
2019-11-12 22:25:25,073 [ForkJoinPool.commonPool-worker-1] INFO  util.JmxRegister (JmxRegister.java:unregister(73)) - Successfully un-registered JMX Bean with object name Ratis:service=RaftServer,group=group-136293D85503,id=fed2bd94-bbf4-4593-9887-7c07c070d07d
2019-11-12 22:25:25,073 [main] INFO  impl.PendingRequests (PendingRequests.java:sendNotLeaderResponses(206)) - e1630cc0-82e2-4757-a0ff-1e5aa97f4a82@group-A13B742C5E33-PendingRequests: sendNotLeaderResponses
2019-11-12 22:25:25,073 [ForkJoinPool.commonPool-worker-1] INFO  impl.RoleInfo (RoleInfo.java:shutdownLeaderState(104)) - fed2bd94-bbf4-4593-9887-7c07c070d07d: shutdown LeaderState
2019-11-12 22:25:25,074 [main] INFO  impl.StateMachineUpdater (StateMachineUpdater.java:stopAndJoin(136)) - e1630cc0-82e2-4757-a0ff-1e5aa97f4a82@group-A13B742C5E33-StateMachineUpdater: set stopIndex = 0
2019-11-12 22:25:25,076 [org.apache.ratis.server.impl.LogAppender$AppenderDaemon$$Lambda$574/281406720@60575dc] WARN  server.GrpcLogAppender (GrpcLogAppender.java:mayWait(151)) - fed2bd94-bbf4-4593-9887-7c07c070d07d@group-136293D85503->cc8f8d42-1b01-4431-8c29-b671ab5a5551-GrpcLogAppender: Wait interrupted by java.lang.InterruptedException
2019-11-12 22:25:25,076 [ForkJoinPool.commonPool-worker-1] INFO  impl.PendingRequests (PendingRequests.java:sendNotLeaderResponses(206)) - fed2bd94-bbf4-4593-9887-7c07c070d07d@group-136293D85503-PendingRequests: sendNotLeaderResponses
2019-11-12 22:25:25,076 [org.apache.ratis.server.impl.LogAppender$AppenderDaemon$$Lambda$574/281406720@4307f3d8] WARN  server.GrpcLogAppender (GrpcLogAppender.java:mayWait(151)) - fed2bd94-bbf4-4593-9887-7c07c070d07d@group-136293D85503->ed184682-841a-431b-821d-e4efb86e7b6e-GrpcLogAppender: Wait interrupted by java.lang.InterruptedException
2019-11-12 22:25:25,076 [main] INFO  impl.RaftServerImpl (ServerState.java:close(387)) - e1630cc0-82e2-4757-a0ff-1e5aa97f4a82@group-A13B742C5E33: closes. applyIndex: 0
2019-11-12 22:25:25,077 [ForkJoinPool.commonPool-worker-1] INFO  impl.StateMachineUpdater (StateMachineUpdater.java:stopAndJoin(136)) - fed2bd94-bbf4-4593-9887-7c07c070d07d@group-136293D85503-StateMachineUpdater: set stopIndex = 0
2019-11-12 22:25:25,078 [ForkJoinPool.commonPool-worker-1] INFO  impl.RaftServerImpl (ServerState.java:close(387)) - fed2bd94-bbf4-4593-9887-7c07c070d07d@group-136293D85503: closes. applyIndex: 0
2019-11-12 22:25:25,078 [e1630cc0-82e2-4757-a0ff-1e5aa97f4a82@group-A13B742C5E33-SegmentedRaftLogWorker] INFO  segmented.SegmentedRaftLogWorker (SegmentedRaftLogWorker.java:run(316)) - e1630cc0-82e2-4757-a0ff-1e5aa97f4a82@group-A13B742C5E33-SegmentedRaftLogWorker was interrupted, exiting. There are 0 tasks remaining in the queue.
2019-11-12 22:25:25,078 [grpc-default-executor-2] INFO  server.GrpcServerProtocolService (GrpcServerProtocolService.java:onCompleted(113)) - cc8f8d42-1b01-4431-8c29-b671ab5a5551: Completed APPEND_ENTRIES, lastRequest: fed2bd94-bbf4-4593-9887-7c07c070d07d->cc8f8d42-1b01-4431-8c29-b671ab5a5551#10-t1, previous=(t:1, i:0), leaderCommit=0, initializing? false, entries: <empty>
2019-11-12 22:25:25,078 [grpc-default-executor-3] INFO  server.GrpcServerProtocolService (GrpcServerProtocolService.java:onCompleted(113)) - ed184682-841a-431b-821d-e4efb86e7b6e: Completed APPEND_ENTRIES, lastRequest: fed2bd94-bbf4-4593-9887-7c07c070d07d->ed184682-841a-431b-821d-e4efb86e7b6e#10-t1, previous=(t:1, i:0), leaderCommit=0, initializing? false, entries: <empty>
2019-11-12 22:25:25,078 [main] INFO  segmented.SegmentedRaftLogWorker (SegmentedRaftLogWorker.java:close(224)) - e1630cc0-82e2-4757-a0ff-1e5aa97f4a82@group-A13B742C5E33-SegmentedRaftLogWorker close()
2019-11-12 22:25:25,078 [fed2bd94-bbf4-4593-9887-7c07c070d07d@group-136293D85503-SegmentedRaftLogWorker] INFO  segmented.SegmentedRaftLogWorker (SegmentedRaftLogWorker.java:run(316)) - fed2bd94-bbf4-4593-9887-7c07c070d07d@group-136293D85503-SegmentedRaftLogWorker was interrupted, exiting. There are 0 tasks remaining in the queue.
2019-11-12 22:25:25,081 [main] INFO  server.GrpcService (GrpcService.java:closeImpl(164)) - e1630cc0-82e2-4757-a0ff-1e5aa97f4a82: shutdown server with port 46723 now
2019-11-12 22:25:25,081 [ForkJoinPool.commonPool-worker-1] INFO  segmented.SegmentedRaftLogWorker (SegmentedRaftLogWorker.java:close(224)) - fed2bd94-bbf4-4593-9887-7c07c070d07d@group-136293D85503-SegmentedRaftLogWorker close()
2019-11-12 22:25:25,083 [ForkJoinPool.commonPool-worker-1] INFO  server.GrpcService (GrpcService.java:closeImpl(164)) - fed2bd94-bbf4-4593-9887-7c07c070d07d: shutdown server with port 37620 now
2019-11-12 22:25:25,084 [grpc-default-executor-3] WARN  server.GrpcServerProtocolService (LogUtils.java:warn(134)) - e1630cc0-82e2-4757-a0ff-1e5aa97f4a82: installSnapshot onError, lastRequest: 124b1436-2dec-4708-9bef-ac97c435ef9a->e1630cc0-82e2-4757-a0ff-1e5aa97f4a82#9-t1, previous=(t:1, i:0), leaderCommit=0, initializing? false, entries: <empty>: org.apache.ratis.thirdparty.io.grpc.StatusRuntimeException: CANCELLED: cancelled before receiving half close
2019-11-12 22:25:25,084 [main] INFO  server.GrpcService (GrpcService.java:closeImpl(172)) - e1630cc0-82e2-4757-a0ff-1e5aa97f4a82: shutdown server with port 46723 successfully
2019-11-12 22:25:25,085 [grpc-default-executor-2] INFO  server.GrpcLogAppender (GrpcLogAppender.java:onCompleted(308)) - fed2bd94-bbf4-4593-9887-7c07c070d07d@group-136293D85503->ed184682-841a-431b-821d-e4efb86e7b6e-AppendLogResponseHandler: follower responses appendEntries COMPLETED
2019-11-12 22:25:25,085 [grpc-default-executor-4] INFO  server.GrpcLogAppender (GrpcLogAppender.java:onCompleted(308)) - fed2bd94-bbf4-4593-9887-7c07c070d07d@group-136293D85503->cc8f8d42-1b01-4431-8c29-b671ab5a5551-AppendLogResponseHandler: follower responses appendEntries COMPLETED
2019-11-12 22:25:25,085 [grpc-default-executor-5] WARN  server.GrpcLogAppender (LogUtils.java:warn(134)) - 124b1436-2dec-4708-9bef-ac97c435ef9a@group-856B764B1031->e1630cc0-82e2-4757-a0ff-1e5aa97f4a82-AppendLogResponseHandler: Failed appendEntries: org.apache.ratis.thirdparty.io.grpc.StatusRuntimeException: CANCELLED: HTTP/2 error code: CANCEL
Received Rst Stream
2019-11-12 22:25:25,085 [grpc-default-executor-2] INFO  impl.FollowerInfo (FollowerInfo.java:lambda$new$0(51)) - fed2bd94-bbf4-4593-9887-7c07c070d07d@group-136293D85503->ed184682-841a-431b-821d-e4efb86e7b6e: nextIndex: updateUnconditionally 1 -> 0
2019-11-12 22:25:25,085 [grpc-default-executor-4] INFO  impl.FollowerInfo (FollowerInfo.java:lambda$new$0(51)) - fed2bd94-bbf4-4593-9887-7c07c070d07d@group-136293D85503->cc8f8d42-1b01-4431-8c29-b671ab5a5551: nextIndex: updateUnconditionally 1 -> 0
2019-11-12 22:25:25,085 [ForkJoinPool.commonPool-worker-1] INFO  server.GrpcService (GrpcService.java:closeImpl(172)) - fed2bd94-bbf4-4593-9887-7c07c070d07d: shutdown server with port 37620 successfully
2019-11-12 22:25:25,086 [grpc-default-executor-5] INFO  impl.FollowerInfo (FollowerInfo.java:lambda$new$0(51)) - 124b1436-2dec-4708-9bef-ac97c435ef9a@group-856B764B1031->e1630cc0-82e2-4757-a0ff-1e5aa97f4a82: nextIndex: updateUnconditionally 1 -> 0
2019-11-12 22:25:25,089 [refreshUsed-/workdir/hadoop-ozone/integration-test/target/test-dir/MiniOzoneClusterImpl-49cde4fa-0f5c-485a-80e4-a10b14a740d7/datanode-1/data/containers] WARN  fs.CachingGetSpaceUsed (CachingGetSpaceUsed.java:run(183)) - Thread Interrupted waiting to refresh disk information: sleep interrupted
2019-11-12 22:25:25,091 [refreshUsed-/workdir/hadoop-ozone/integration-test/target/test-dir/MiniOzoneClusterImpl-49cde4fa-0f5c-485a-80e4-a10b14a740d7/datanode-3/data/containers] WARN  fs.CachingGetSpaceUsed (CachingGetSpaceUsed.java:run(183)) - Thread Interrupted waiting to refresh disk information: sleep interrupted
2019-11-12 22:25:25,111 [main] INFO  utils.BackgroundService (BackgroundService.java:shutdown(151)) - Shutting down service BlockDeletingService
2019-11-12 22:25:25,116 [main] INFO  statemachine.DatanodeStateMachine (DatanodeStateMachine.java:stopDaemon(395)) - Ozone container server stopped.
2019-11-12 22:25:25,119 [ForkJoinPool.commonPool-worker-1] INFO  utils.BackgroundService (BackgroundService.java:shutdown(151)) - Shutting down service BlockDeletingService
2019-11-12 22:25:25,122 [ForkJoinPool.commonPool-worker-1] INFO  statemachine.DatanodeStateMachine (DatanodeStateMachine.java:stopDaemon(395)) - Ozone container server stopped.
2019-11-12 22:25:25,231 [grpc-default-executor-5] WARN  server.GrpcLogAppender (LogUtils.java:warn(134)) - 124b1436-2dec-4708-9bef-ac97c435ef9a@group-856B764B1031->e1630cc0-82e2-4757-a0ff-1e5aa97f4a82-AppendLogResponseHandler: Failed appendEntries: org.apache.ratis.thirdparty.io.grpc.StatusRuntimeException: UNAVAILABLE: io exception
2019-11-12 22:25:25,231 [grpc-default-executor-5] INFO  impl.FollowerInfo (FollowerInfo.java:lambda$new$0(51)) - 124b1436-2dec-4708-9bef-ac97c435ef9a@group-856B764B1031->e1630cc0-82e2-4757-a0ff-1e5aa97f4a82: nextIndex: updateUnconditionally 0 -> 0
2019-11-12 22:25:25,249 [ForkJoinPool.commonPool-worker-1] INFO  handler.ContextHandler (ContextHandler.java:doStop(910)) - Stopped o.e.j.w.WebAppContext@798dad3d{/,null,UNAVAILABLE}{/hddsDatanode}
2019-11-12 22:25:25,249 [main] INFO  handler.ContextHandler (ContextHandler.java:doStop(910)) - Stopped o.e.j.w.WebAppContext@7c20cdd0{/,null,UNAVAILABLE}{/hddsDatanode}
2019-11-12 22:25:25,250 [ForkJoinPool.commonPool-worker-1] INFO  server.AbstractConnector (AbstractConnector.java:doStop(318)) - Stopped ServerConnector@27abb6ca{HTTP/1.1,[http/1.1]}{0.0.0.0:0}
2019-11-12 22:25:25,252 [ForkJoinPool.commonPool-worker-1] INFO  handler.ContextHandler (ContextHandler.java:doStop(910)) - Stopped o.e.j.s.ServletContextHandler@1665fa54{/static,jar:file:/home/user/.m2/repository/org/apache/hadoop/hadoop-hdds-container-service/0.5.0-SNAPSHOT/hadoop-hdds-container-service-0.5.0-SNAPSHOT.jar!/webapps/static,UNAVAILABLE}
2019-11-12 22:25:25,254 [ForkJoinPool.commonPool-worker-1] INFO  handler.ContextHandler (ContextHandler.java:doStop(910)) - Stopped o.e.j.s.ServletContextHandler@29c17c3d{/logs,file:///workdir/hadoop-ozone/integration-test/target/log,UNAVAILABLE}
2019-11-12 22:25:25,254 [main] INFO  server.AbstractConnector (AbstractConnector.java:doStop(318)) - Stopped ServerConnector@74606204{HTTP/1.1,[http/1.1]}{0.0.0.0:0}
2019-11-12 22:25:25,255 [main] INFO  handler.ContextHandler (ContextHandler.java:doStop(910)) - Stopped o.e.j.s.ServletContextHandler@1860f3be{/static,jar:file:/home/user/.m2/repository/org/apache/hadoop/hadoop-hdds-container-service/0.5.0-SNAPSHOT/hadoop-hdds-container-service-0.5.0-SNAPSHOT.jar!/webapps/static,UNAVAILABLE}
2019-11-12 22:25:25,256 [main] INFO  handler.ContextHandler (ContextHandler.java:doStop(910)) - Stopped o.e.j.s.ServletContextHandler@3965bdf9{/logs,file:///workdir/hadoop-ozone/integration-test/target/log,UNAVAILABLE}
2019-11-12 22:25:25,443 [Datanode State Machine Thread - 0] INFO  statemachine.DatanodeStateMachine (DatanodeStateMachine.java:lambda$startDaemon$0(350)) - Ozone container server started.
2019-11-12 22:25:25,552 [Datanode State Machine Thread - 0] INFO  statemachine.DatanodeStateMachine (DatanodeStateMachine.java:lambda$startDaemon$0(350)) - Ozone container server started.
2019-11-12 22:25:25,731 [grpc-default-executor-2] WARN  server.GrpcLogAppender (LogUtils.java:warn(134)) - 124b1436-2dec-4708-9bef-ac97c435ef9a@group-856B764B1031->e1630cc0-82e2-4757-a0ff-1e5aa97f4a82-AppendLogResponseHandler: Failed appendEntries: org.apache.ratis.thirdparty.io.grpc.StatusRuntimeException: UNAVAILABLE: io exception
2019-11-12 22:25:25,731 [grpc-default-executor-2] INFO  impl.FollowerInfo (FollowerInfo.java:lambda$new$0(51)) - 124b1436-2dec-4708-9bef-ac97c435ef9a@group-856B764B1031->e1630cc0-82e2-4757-a0ff-1e5aa97f4a82: nextIndex: updateUnconditionally 0 -> 0
2019-11-12 22:25:26,231 [grpc-default-executor-5] WARN  server.GrpcLogAppender (LogUtils.java:warn(134)) - 124b1436-2dec-4708-9bef-ac97c435ef9a@group-856B764B1031->e1630cc0-82e2-4757-a0ff-1e5aa97f4a82-AppendLogResponseHandler: Failed appendEntries: org.apache.ratis.thirdparty.io.grpc.StatusRuntimeException: UNAVAILABLE: io exception
2019-11-12 22:25:26,232 [grpc-default-executor-5] INFO  impl.FollowerInfo (FollowerInfo.java:lambda$new$0(51)) - 124b1436-2dec-4708-9bef-ac97c435ef9a@group-856B764B1031->e1630cc0-82e2-4757-a0ff-1e5aa97f4a82: nextIndex: updateUnconditionally 0 -> 0
2019-11-12 22:25:26,732 [grpc-default-executor-5] WARN  server.GrpcLogAppender (LogUtils.java:warn(134)) - 124b1436-2dec-4708-9bef-ac97c435ef9a@group-856B764B1031->e1630cc0-82e2-4757-a0ff-1e5aa97f4a82-AppendLogResponseHandler: Failed appendEntries: org.apache.ratis.thirdparty.io.grpc.StatusRuntimeException: UNAVAILABLE: io exception
2019-11-12 22:25:26,733 [grpc-default-executor-5] INFO  impl.FollowerInfo (FollowerInfo.java:lambda$new$0(51)) - 124b1436-2dec-4708-9bef-ac97c435ef9a@group-856B764B1031->e1630cc0-82e2-4757-a0ff-1e5aa97f4a82: nextIndex: updateUnconditionally 0 -> 0
2019-11-12 22:25:26,914 [Thread-1843] INFO  impl.FollowerState (FollowerState.java:run(111)) - cc8f8d42-1b01-4431-8c29-b671ab5a5551@group-136293D85503-FollowerState: change to CANDIDATE, lastRpcTime:1847ms, electionTimeout:1199ms
2019-11-12 22:25:26,914 [Thread-1843] INFO  impl.RoleInfo (RoleInfo.java:shutdownFollowerState(121)) - cc8f8d42-1b01-4431-8c29-b671ab5a5551: shutdown FollowerState
2019-11-12 22:25:26,914 [Thread-1843] INFO  impl.RaftServerImpl (RaftServerImpl.java:setRole(173)) - cc8f8d42-1b01-4431-8c29-b671ab5a5551@group-136293D85503: changes role from  FOLLOWER to CANDIDATE at term 1 for changeToCandidate
2019-11-12 22:25:26,914 [Thread-1843] INFO  impl.RoleInfo (RoleInfo.java:updateAndGet(143)) - cc8f8d42-1b01-4431-8c29-b671ab5a5551: start LeaderElection
2019-11-12 22:25:26,916 [cc8f8d42-1b01-4431-8c29-b671ab5a5551@group-136293D85503-LeaderElection61] INFO  impl.RaftServerImpl (ServerState.java:setLeader(255)) - cc8f8d42-1b01-4431-8c29-b671ab5a5551@group-136293D85503: change Leader from fed2bd94-bbf4-4593-9887-7c07c070d07d to null at term 1 for initElection
2019-11-12 22:25:26,919 [Thread-1845] INFO  impl.FollowerState (FollowerState.java:run(111)) - ed184682-841a-431b-821d-e4efb86e7b6e@group-136293D85503-FollowerState: change to CANDIDATE, lastRpcTime:1855ms, electionTimeout:1031ms
2019-11-12 22:25:26,920 [Thread-1845] INFO  impl.RoleInfo (RoleInfo.java:shutdownFollowerState(121)) - ed184682-841a-431b-821d-e4efb86e7b6e: shutdown FollowerState
2019-11-12 22:25:26,920 [Thread-1845] INFO  impl.RaftServerImpl (RaftServerImpl.java:setRole(173)) - ed184682-841a-431b-821d-e4efb86e7b6e@group-136293D85503: changes role from  FOLLOWER to CANDIDATE at term 1 for changeToCandidate
2019-11-12 22:25:26,920 [Thread-1845] INFO  impl.RoleInfo (RoleInfo.java:updateAndGet(143)) - ed184682-841a-431b-821d-e4efb86e7b6e: start LeaderElection
2019-11-12 22:25:26,921 [ed184682-841a-431b-821d-e4efb86e7b6e@group-136293D85503-LeaderElection62] INFO  impl.RaftServerImpl (ServerState.java:setLeader(255)) - ed184682-841a-431b-821d-e4efb86e7b6e@group-136293D85503: change Leader from fed2bd94-bbf4-4593-9887-7c07c070d07d to null at term 1 for initElection
2019-11-12 22:25:26,943 [ed184682-841a-431b-821d-e4efb86e7b6e@group-136293D85503-LeaderElection62] INFO  impl.LeaderElection (LeaderElection.java:askForVotes(178)) - ed184682-841a-431b-821d-e4efb86e7b6e@group-136293D85503-LeaderElection62: begin an election at term 2 for 0: [ed184682-841a-431b-821d-e4efb86e7b6e:192.168.157.210:40829, cc8f8d42-1b01-4431-8c29-b671ab5a5551:192.168.157.210:40886, fed2bd94-bbf4-4593-9887-7c07c070d07d:192.168.157.210:37620], old=null
2019-11-12 22:25:26,943 [cc8f8d42-1b01-4431-8c29-b671ab5a5551@group-136293D85503-LeaderElection61] INFO  impl.LeaderElection (LeaderElection.java:askForVotes(178)) - cc8f8d42-1b01-4431-8c29-b671ab5a5551@group-136293D85503-LeaderElection61: begin an election at term 2 for 0: [ed184682-841a-431b-821d-e4efb86e7b6e:192.168.157.210:40829, cc8f8d42-1b01-4431-8c29-b671ab5a5551:192.168.157.210:40886, fed2bd94-bbf4-4593-9887-7c07c070d07d:192.168.157.210:37620], old=null
2019-11-12 22:25:26,946 [ed184682-841a-431b-821d-e4efb86e7b6e@group-136293D85503-LeaderElection62] INFO  impl.LeaderElection (LogUtils.java:infoOrTrace(149)) - ed184682-841a-431b-821d-e4efb86e7b6e@group-136293D85503-LeaderElection62 got exception when requesting votes: {}
java.util.concurrent.ExecutionException: org.apache.ratis.thirdparty.io.grpc.StatusRuntimeException: UNAVAILABLE: io exception
	at java.util.concurrent.FutureTask.report(FutureTask.java:122)
	at java.util.concurrent.FutureTask.get(FutureTask.java:192)
	at org.apache.ratis.server.impl.LeaderElection.waitForResults(LeaderElection.java:259)
	at org.apache.ratis.server.impl.LeaderElection.askForVotes(LeaderElection.java:197)
	at org.apache.ratis.server.impl.LeaderElection.run(LeaderElection.java:133)
	at java.lang.Thread.run(Thread.java:748)
Caused by: org.apache.ratis.thirdparty.io.grpc.StatusRuntimeException: UNAVAILABLE: io exception
	at org.apache.ratis.thirdparty.io.grpc.stub.ClientCalls.toStatusRuntimeException(ClientCalls.java:233)
	at org.apache.ratis.thirdparty.io.grpc.stub.ClientCalls.getUnchecked(ClientCalls.java:214)
	at org.apache.ratis.thirdparty.io.grpc.stub.ClientCalls.blockingUnaryCall(ClientCalls.java:139)
	at org.apache.ratis.proto.grpc.RaftServerProtocolServiceGrpc$RaftServerProtocolServiceBlockingStub.requestVote(RaftServerProtocolServiceGrpc.java:265)
	at org.apache.ratis.grpc.server.GrpcServerProtocolClient.requestVote(GrpcServerProtocolClient.java:99)
	at org.apache.ratis.grpc.server.GrpcService.requestVote(GrpcService.java:204)
	at org.apache.ratis.server.impl.LeaderElection.lambda$submitRequests$1(LeaderElection.java:234)
	at java.util.concurrent.FutureTask.run(FutureTask.java:266)
	at java.util.concurrent.Executors$RunnableAdapter.call(Executors.java:511)
	at java.util.concurrent.FutureTask.run(FutureTask.java:266)
	at java.util.concurrent.ThreadPoolExecutor.runWorker(ThreadPoolExecutor.java:1149)
	at java.util.concurrent.ThreadPoolExecutor$Worker.run(ThreadPoolExecutor.java:624)
	... 1 more
Caused by: org.apache.ratis.thirdparty.io.netty.channel.AbstractChannel$AnnotatedConnectException: Connection refused: /192.168.157.210:37620
	at sun.nio.ch.SocketChannelImpl.checkConnect(Native Method)
	at sun.nio.ch.SocketChannelImpl.finishConnect(SocketChannelImpl.java:717)
	at org.apache.ratis.thirdparty.io.netty.channel.socket.nio.NioSocketChannel.doFinishConnect(NioSocketChannel.java:327)
	at org.apache.ratis.thirdparty.io.netty.channel.nio.AbstractNioChannel$AbstractNioUnsafe.finishConnect(AbstractNioChannel.java:340)
	at org.apache.ratis.thirdparty.io.netty.channel.nio.NioEventLoop.processSelectedKey(NioEventLoop.java:632)
	at org.apache.ratis.thirdparty.io.netty.channel.nio.NioEventLoop.processSelectedKeysOptimized(NioEventLoop.java:579)
	at org.apache.ratis.thirdparty.io.netty.channel.nio.NioEventLoop.processSelectedKeys(NioEventLoop.java:496)
	at org.apache.ratis.thirdparty.io.netty.channel.nio.NioEventLoop.run(NioEventLoop.java:458)
	at org.apache.ratis.thirdparty.io.netty.util.concurrent.SingleThreadEventExecutor$5.run(SingleThreadEventExecutor.java:897)
	at org.apache.ratis.thirdparty.io.netty.util.concurrent.FastThreadLocalRunnable.run(FastThreadLocalRunnable.java:30)
	... 1 more
Caused by: java.net.ConnectException: Connection refused
	... 11 more
2019-11-12 22:25:26,949 [cc8f8d42-1b01-4431-8c29-b671ab5a5551@group-136293D85503-LeaderElection61] INFO  impl.LeaderElection (LogUtils.java:infoOrTrace(149)) - cc8f8d42-1b01-4431-8c29-b671ab5a5551@group-136293D85503-LeaderElection61 got exception when requesting votes: {}
java.util.concurrent.ExecutionException: org.apache.ratis.thirdparty.io.grpc.StatusRuntimeException: UNAVAILABLE: io exception
	at java.util.concurrent.FutureTask.report(FutureTask.java:122)
	at java.util.concurrent.FutureTask.get(FutureTask.java:192)
	at org.apache.ratis.server.impl.LeaderElection.waitForResults(LeaderElection.java:259)
	at org.apache.ratis.server.impl.LeaderElection.askForVotes(LeaderElection.java:197)
	at org.apache.ratis.server.impl.LeaderElection.run(LeaderElection.java:133)
	at java.lang.Thread.run(Thread.java:748)
Caused by: org.apache.ratis.thirdparty.io.grpc.StatusRuntimeException: UNAVAILABLE: io exception
	at org.apache.ratis.thirdparty.io.grpc.stub.ClientCalls.toStatusRuntimeException(ClientCalls.java:233)
	at org.apache.ratis.thirdparty.io.grpc.stub.ClientCalls.getUnchecked(ClientCalls.java:214)
	at org.apache.ratis.thirdparty.io.grpc.stub.ClientCalls.blockingUnaryCall(ClientCalls.java:139)
	at org.apache.ratis.proto.grpc.RaftServerProtocolServiceGrpc$RaftServerProtocolServiceBlockingStub.requestVote(RaftServerProtocolServiceGrpc.java:265)
	at org.apache.ratis.grpc.server.GrpcServerProtocolClient.requestVote(GrpcServerProtocolClient.java:99)
	at org.apache.ratis.grpc.server.GrpcService.requestVote(GrpcService.java:204)
	at org.apache.ratis.server.impl.LeaderElection.lambda$submitRequests$1(LeaderElection.java:234)
	at java.util.concurrent.FutureTask.run(FutureTask.java:266)
	at java.util.concurrent.Executors$RunnableAdapter.call(Executors.java:511)
	at java.util.concurrent.FutureTask.run(FutureTask.java:266)
	at java.util.concurrent.ThreadPoolExecutor.runWorker(ThreadPoolExecutor.java:1149)
	at java.util.concurrent.ThreadPoolExecutor$Worker.run(ThreadPoolExecutor.java:624)
	... 1 more
Caused by: org.apache.ratis.thirdparty.io.netty.channel.AbstractChannel$AnnotatedConnectException: Connection refused: /192.168.157.210:37620
	at sun.nio.ch.SocketChannelImpl.checkConnect(Native Method)
	at sun.nio.ch.SocketChannelImpl.finishConnect(SocketChannelImpl.java:717)
	at org.apache.ratis.thirdparty.io.netty.channel.socket.nio.NioSocketChannel.doFinishConnect(NioSocketChannel.java:327)
	at org.apache.ratis.thirdparty.io.netty.channel.nio.AbstractNioChannel$AbstractNioUnsafe.finishConnect(AbstractNioChannel.java:340)
	at org.apache.ratis.thirdparty.io.netty.channel.nio.NioEventLoop.processSelectedKey(NioEventLoop.java:632)
	at org.apache.ratis.thirdparty.io.netty.channel.nio.NioEventLoop.processSelectedKeysOptimized(NioEventLoop.java:579)
	at org.apache.ratis.thirdparty.io.netty.channel.nio.NioEventLoop.processSelectedKeys(NioEventLoop.java:496)
	at org.apache.ratis.thirdparty.io.netty.channel.nio.NioEventLoop.run(NioEventLoop.java:458)
	at org.apache.ratis.thirdparty.io.netty.util.concurrent.SingleThreadEventExecutor$5.run(SingleThreadEventExecutor.java:897)
	at org.apache.ratis.thirdparty.io.netty.util.concurrent.FastThreadLocalRunnable.run(FastThreadLocalRunnable.java:30)
	... 1 more
Caused by: java.net.ConnectException: Connection refused
	... 11 more
2019-11-12 22:25:26,951 [ed184682-841a-431b-821d-e4efb86e7b6e@group-136293D85503-LeaderElection62] INFO  impl.LeaderElection (LeaderElection.java:logAndReturn(56)) - ed184682-841a-431b-821d-e4efb86e7b6e@group-136293D85503-LeaderElection62: Election REJECTED; received 1 response(s) [ed184682-841a-431b-821d-e4efb86e7b6e<-cc8f8d42-1b01-4431-8c29-b671ab5a5551#0:FAIL-t2] and 1 exception(s); ed184682-841a-431b-821d-e4efb86e7b6e@group-136293D85503:t2, leader=null, voted=ed184682-841a-431b-821d-e4efb86e7b6e, raftlog=ed184682-841a-431b-821d-e4efb86e7b6e@group-136293D85503-SegmentedRaftLog:OPENED:c0,f0,i0, conf=0: [ed184682-841a-431b-821d-e4efb86e7b6e:192.168.157.210:40829, cc8f8d42-1b01-4431-8c29-b671ab5a5551:192.168.157.210:40886, fed2bd94-bbf4-4593-9887-7c07c070d07d:192.168.157.210:37620], old=null
2019-11-12 22:25:26,951 [ed184682-841a-431b-821d-e4efb86e7b6e@group-136293D85503-LeaderElection62] INFO  impl.LeaderElection (LogUtils.java:infoOrTrace(149)) -   Exception 0: {}
java.util.concurrent.ExecutionException: org.apache.ratis.thirdparty.io.grpc.StatusRuntimeException: UNAVAILABLE: io exception
	at java.util.concurrent.FutureTask.report(FutureTask.java:122)
	at java.util.concurrent.FutureTask.get(FutureTask.java:192)
	at org.apache.ratis.server.impl.LeaderElection.waitForResults(LeaderElection.java:259)
	at org.apache.ratis.server.impl.LeaderElection.askForVotes(LeaderElection.java:197)
	at org.apache.ratis.server.impl.LeaderElection.run(LeaderElection.java:133)
	at java.lang.Thread.run(Thread.java:748)
Caused by: org.apache.ratis.thirdparty.io.grpc.StatusRuntimeException: UNAVAILABLE: io exception
	at org.apache.ratis.thirdparty.io.grpc.stub.ClientCalls.toStatusRuntimeException(ClientCalls.java:233)
	at org.apache.ratis.thirdparty.io.grpc.stub.ClientCalls.getUnchecked(ClientCalls.java:214)
	at org.apache.ratis.thirdparty.io.grpc.stub.ClientCalls.blockingUnaryCall(ClientCalls.java:139)
	at org.apache.ratis.proto.grpc.RaftServerProtocolServiceGrpc$RaftServerProtocolServiceBlockingStub.requestVote(RaftServerProtocolServiceGrpc.java:265)
	at org.apache.ratis.grpc.server.GrpcServerProtocolClient.requestVote(GrpcServerProtocolClient.java:99)
	at org.apache.ratis.grpc.server.GrpcService.requestVote(GrpcService.java:204)
	at org.apache.ratis.server.impl.LeaderElection.lambda$submitRequests$1(LeaderElection.java:234)
	at java.util.concurrent.FutureTask.run(FutureTask.java:266)
	at java.util.concurrent.Executors$RunnableAdapter.call(Executors.java:511)
	at java.util.concurrent.FutureTask.run(FutureTask.java:266)
	at java.util.concurrent.ThreadPoolExecutor.runWorker(ThreadPoolExecutor.java:1149)
	at java.util.concurrent.ThreadPoolExecutor$Worker.run(ThreadPoolExecutor.java:624)
	... 1 more
Caused by: org.apache.ratis.thirdparty.io.netty.channel.AbstractChannel$AnnotatedConnectException: Connection refused: /192.168.157.210:37620
	at sun.nio.ch.SocketChannelImpl.checkConnect(Native Method)
	at sun.nio.ch.SocketChannelImpl.finishConnect(SocketChannelImpl.java:717)
	at org.apache.ratis.thirdparty.io.netty.channel.socket.nio.NioSocketChannel.doFinishConnect(NioSocketChannel.java:327)
	at org.apache.ratis.thirdparty.io.netty.channel.nio.AbstractNioChannel$AbstractNioUnsafe.finishConnect(AbstractNioChannel.java:340)
	at org.apache.ratis.thirdparty.io.netty.channel.nio.NioEventLoop.processSelectedKey(NioEventLoop.java:632)
	at org.apache.ratis.thirdparty.io.netty.channel.nio.NioEventLoop.processSelectedKeysOptimized(NioEventLoop.java:579)
	at org.apache.ratis.thirdparty.io.netty.channel.nio.NioEventLoop.processSelectedKeys(NioEventLoop.java:496)
	at org.apache.ratis.thirdparty.io.netty.channel.nio.NioEventLoop.run(NioEventLoop.java:458)
	at org.apache.ratis.thirdparty.io.netty.util.concurrent.SingleThreadEventExecutor$5.run(SingleThreadEventExecutor.java:897)
	at org.apache.ratis.thirdparty.io.netty.util.concurrent.FastThreadLocalRunnable.run(FastThreadLocalRunnable.java:30)
	... 1 more
Caused by: java.net.ConnectException: Connection refused
	... 11 more
2019-11-12 22:25:26,951 [cc8f8d42-1b01-4431-8c29-b671ab5a5551@group-136293D85503-LeaderElection61] INFO  impl.LeaderElection (LeaderElection.java:logAndReturn(56)) - cc8f8d42-1b01-4431-8c29-b671ab5a5551@group-136293D85503-LeaderElection61: Election REJECTED; received 1 response(s) [cc8f8d42-1b01-4431-8c29-b671ab5a5551<-ed184682-841a-431b-821d-e4efb86e7b6e#0:FAIL-t2] and 1 exception(s); cc8f8d42-1b01-4431-8c29-b671ab5a5551@group-136293D85503:t2, leader=null, voted=cc8f8d42-1b01-4431-8c29-b671ab5a5551, raftlog=cc8f8d42-1b01-4431-8c29-b671ab5a5551@group-136293D85503-SegmentedRaftLog:OPENED:c0,f0,i0, conf=0: [ed184682-841a-431b-821d-e4efb86e7b6e:192.168.157.210:40829, cc8f8d42-1b01-4431-8c29-b671ab5a5551:192.168.157.210:40886, fed2bd94-bbf4-4593-9887-7c07c070d07d:192.168.157.210:37620], old=null
2019-11-12 22:25:26,951 [ed184682-841a-431b-821d-e4efb86e7b6e@group-136293D85503-LeaderElection62] INFO  impl.RaftServerImpl (RaftServerImpl.java:setRole(173)) - ed184682-841a-431b-821d-e4efb86e7b6e@group-136293D85503: changes role from CANDIDATE to FOLLOWER at term 2 for DISCOVERED_A_NEW_TERM
2019-11-12 22:25:26,951 [cc8f8d42-1b01-4431-8c29-b671ab5a5551@group-136293D85503-LeaderElection61] INFO  impl.LeaderElection (LogUtils.java:infoOrTrace(149)) -   Exception 0: {}
java.util.concurrent.ExecutionException: org.apache.ratis.thirdparty.io.grpc.StatusRuntimeException: UNAVAILABLE: io exception
	at java.util.concurrent.FutureTask.report(FutureTask.java:122)
	at java.util.concurrent.FutureTask.get(FutureTask.java:192)
	at org.apache.ratis.server.impl.LeaderElection.waitForResults(LeaderElection.java:259)
	at org.apache.ratis.server.impl.LeaderElection.askForVotes(LeaderElection.java:197)
	at org.apache.ratis.server.impl.LeaderElection.run(LeaderElection.java:133)
	at java.lang.Thread.run(Thread.java:748)
Caused by: org.apache.ratis.thirdparty.io.grpc.StatusRuntimeException: UNAVAILABLE: io exception
	at org.apache.ratis.thirdparty.io.grpc.stub.ClientCalls.toStatusRuntimeException(ClientCalls.java:233)
	at org.apache.ratis.thirdparty.io.grpc.stub.ClientCalls.getUnchecked(ClientCalls.java:214)
	at org.apache.ratis.thirdparty.io.grpc.stub.ClientCalls.blockingUnaryCall(ClientCalls.java:139)
	at org.apache.ratis.proto.grpc.RaftServerProtocolServiceGrpc$RaftServerProtocolServiceBlockingStub.requestVote(RaftServerProtocolServiceGrpc.java:265)
	at org.apache.ratis.grpc.server.GrpcServerProtocolClient.requestVote(GrpcServerProtocolClient.java:99)
	at org.apache.ratis.grpc.server.GrpcService.requestVote(GrpcService.java:204)
	at org.apache.ratis.server.impl.LeaderElection.lambda$submitRequests$1(LeaderElection.java:234)
	at java.util.concurrent.FutureTask.run(FutureTask.java:266)
	at java.util.concurrent.Executors$RunnableAdapter.call(Executors.java:511)
	at java.util.concurrent.FutureTask.run(FutureTask.java:266)
	at java.util.concurrent.ThreadPoolExecutor.runWorker(ThreadPoolExecutor.java:1149)
	at java.util.concurrent.ThreadPoolExecutor$Worker.run(ThreadPoolExecutor.java:624)
	... 1 more
Caused by: org.apache.ratis.thirdparty.io.netty.channel.AbstractChannel$AnnotatedConnectException: Connection refused: /192.168.157.210:37620
	at sun.nio.ch.SocketChannelImpl.checkConnect(Native Method)
	at sun.nio.ch.SocketChannelImpl.finishConnect(SocketChannelImpl.java:717)
	at org.apache.ratis.thirdparty.io.netty.channel.socket.nio.NioSocketChannel.doFinishConnect(NioSocketChannel.java:327)
	at org.apache.ratis.thirdparty.io.netty.channel.nio.AbstractNioChannel$AbstractNioUnsafe.finishConnect(AbstractNioChannel.java:340)
	at org.apache.ratis.thirdparty.io.netty.channel.nio.NioEventLoop.processSelectedKey(NioEventLoop.java:632)
	at org.apache.ratis.thirdparty.io.netty.channel.nio.NioEventLoop.processSelectedKeysOptimized(NioEventLoop.java:579)
	at org.apache.ratis.thirdparty.io.netty.channel.nio.NioEventLoop.processSelectedKeys(NioEventLoop.java:496)
	at org.apache.ratis.thirdparty.io.netty.channel.nio.NioEventLoop.run(NioEventLoop.java:458)
	at org.apache.ratis.thirdparty.io.netty.util.concurrent.SingleThreadEventExecutor$5.run(SingleThreadEventExecutor.java:897)
	at org.apache.ratis.thirdparty.io.netty.util.concurrent.FastThreadLocalRunnable.run(FastThreadLocalRunnable.java:30)
	... 1 more
Caused by: java.net.ConnectException: Connection refused
	... 11 more
2019-11-12 22:25:26,951 [ed184682-841a-431b-821d-e4efb86e7b6e@group-136293D85503-LeaderElection62] INFO  impl.RoleInfo (RoleInfo.java:shutdownLeaderElection(134)) - ed184682-841a-431b-821d-e4efb86e7b6e: shutdown LeaderElection
2019-11-12 22:25:26,952 [cc8f8d42-1b01-4431-8c29-b671ab5a5551@group-136293D85503-LeaderElection61] INFO  impl.RaftServerImpl (RaftServerImpl.java:setRole(173)) - cc8f8d42-1b01-4431-8c29-b671ab5a5551@group-136293D85503: changes role from CANDIDATE to FOLLOWER at term 2 for DISCOVERED_A_NEW_TERM
2019-11-12 22:25:26,952 [ed184682-841a-431b-821d-e4efb86e7b6e@group-136293D85503-LeaderElection62] INFO  impl.RoleInfo (RoleInfo.java:updateAndGet(143)) - ed184682-841a-431b-821d-e4efb86e7b6e: start FollowerState
2019-11-12 22:25:26,952 [cc8f8d42-1b01-4431-8c29-b671ab5a5551@group-136293D85503-LeaderElection61] INFO  impl.RoleInfo (RoleInfo.java:shutdownLeaderElection(134)) - cc8f8d42-1b01-4431-8c29-b671ab5a5551: shutdown LeaderElection
2019-11-12 22:25:26,952 [cc8f8d42-1b01-4431-8c29-b671ab5a5551@group-136293D85503-LeaderElection61] INFO  impl.RoleInfo (RoleInfo.java:updateAndGet(143)) - cc8f8d42-1b01-4431-8c29-b671ab5a5551: start FollowerState
2019-11-12 22:25:27,233 [grpc-default-executor-4] WARN  server.GrpcLogAppender (LogUtils.java:warn(134)) - 124b1436-2dec-4708-9bef-ac97c435ef9a@group-856B764B1031->e1630cc0-82e2-4757-a0ff-1e5aa97f4a82-AppendLogResponseHandler: Failed appendEntries: org.apache.ratis.thirdparty.io.grpc.StatusRuntimeException: UNAVAILABLE: io exception
2019-11-12 22:25:27,233 [grpc-default-executor-4] INFO  impl.FollowerInfo (FollowerInfo.java:lambda$new$0(51)) - 124b1436-2dec-4708-9bef-ac97c435ef9a@group-856B764B1031->e1630cc0-82e2-4757-a0ff-1e5aa97f4a82: nextIndex: updateUnconditionally 0 -> 0
2019-11-12 22:25:27,738 [grpc-default-executor-0] WARN  server.GrpcLogAppender (LogUtils.java:warn(134)) - 124b1436-2dec-4708-9bef-ac97c435ef9a@group-856B764B1031->e1630cc0-82e2-4757-a0ff-1e5aa97f4a82-AppendLogResponseHandler: Failed appendEntries: org.apache.ratis.thirdparty.io.grpc.StatusRuntimeException: UNAVAILABLE: io exception
2019-11-12 22:25:27,739 [grpc-default-executor-0] INFO  impl.FollowerInfo (FollowerInfo.java:lambda$new$0(51)) - 124b1436-2dec-4708-9bef-ac97c435ef9a@group-856B764B1031->e1630cc0-82e2-4757-a0ff-1e5aa97f4a82: nextIndex: updateUnconditionally 0 -> 0
2019-11-12 22:25:28,017 [Thread-1913] INFO  impl.FollowerState (FollowerState.java:run(111)) - cc8f8d42-1b01-4431-8c29-b671ab5a5551@group-136293D85503-FollowerState: change to CANDIDATE, lastRpcTime:1064ms, electionTimeout:1064ms
2019-11-12 22:25:28,017 [Thread-1913] INFO  impl.RoleInfo (RoleInfo.java:shutdownFollowerState(121)) - cc8f8d42-1b01-4431-8c29-b671ab5a5551: shutdown FollowerState
2019-11-12 22:25:28,017 [Thread-1913] INFO  impl.RaftServerImpl (RaftServerImpl.java:setRole(173)) - cc8f8d42-1b01-4431-8c29-b671ab5a5551@group-136293D85503: changes role from  FOLLOWER to CANDIDATE at term 2 for changeToCandidate
2019-11-12 22:25:28,018 [Thread-1913] INFO  impl.RoleInfo (RoleInfo.java:updateAndGet(143)) - cc8f8d42-1b01-4431-8c29-b671ab5a5551: start LeaderElection
2019-11-12 22:25:28,059 [cc8f8d42-1b01-4431-8c29-b671ab5a5551@group-136293D85503-LeaderElection63] INFO  impl.LeaderElection (LeaderElection.java:askForVotes(178)) - cc8f8d42-1b01-4431-8c29-b671ab5a5551@group-136293D85503-LeaderElection63: begin an election at term 3 for 0: [ed184682-841a-431b-821d-e4efb86e7b6e:192.168.157.210:40829, cc8f8d42-1b01-4431-8c29-b671ab5a5551:192.168.157.210:40886, fed2bd94-bbf4-4593-9887-7c07c070d07d:192.168.157.210:37620], old=null
2019-11-12 22:25:28,061 [cc8f8d42-1b01-4431-8c29-b671ab5a5551@group-136293D85503-LeaderElection63] INFO  impl.LeaderElection (LogUtils.java:infoOrTrace(149)) - cc8f8d42-1b01-4431-8c29-b671ab5a5551@group-136293D85503-LeaderElection63 got exception when requesting votes: {}
java.util.concurrent.ExecutionException: org.apache.ratis.thirdparty.io.grpc.StatusRuntimeException: UNAVAILABLE: io exception
	at java.util.concurrent.FutureTask.report(FutureTask.java:122)
	at java.util.concurrent.FutureTask.get(FutureTask.java:192)
	at org.apache.ratis.server.impl.LeaderElection.waitForResults(LeaderElection.java:259)
	at org.apache.ratis.server.impl.LeaderElection.askForVotes(LeaderElection.java:197)
	at org.apache.ratis.server.impl.LeaderElection.run(LeaderElection.java:133)
	at java.lang.Thread.run(Thread.java:748)
Caused by: org.apache.ratis.thirdparty.io.grpc.StatusRuntimeException: UNAVAILABLE: io exception
	at org.apache.ratis.thirdparty.io.grpc.stub.ClientCalls.toStatusRuntimeException(ClientCalls.java:233)
	at org.apache.ratis.thirdparty.io.grpc.stub.ClientCalls.getUnchecked(ClientCalls.java:214)
	at org.apache.ratis.thirdparty.io.grpc.stub.ClientCalls.blockingUnaryCall(ClientCalls.java:139)
	at org.apache.ratis.proto.grpc.RaftServerProtocolServiceGrpc$RaftServerProtocolServiceBlockingStub.requestVote(RaftServerProtocolServiceGrpc.java:265)
	at org.apache.ratis.grpc.server.GrpcServerProtocolClient.requestVote(GrpcServerProtocolClient.java:99)
	at org.apache.ratis.grpc.server.GrpcService.requestVote(GrpcService.java:204)
	at org.apache.ratis.server.impl.LeaderElection.lambda$submitRequests$1(LeaderElection.java:234)
	at java.util.concurrent.FutureTask.run(FutureTask.java:266)
	at java.util.concurrent.Executors$RunnableAdapter.call(Executors.java:511)
	at java.util.concurrent.FutureTask.run(FutureTask.java:266)
	at java.util.concurrent.ThreadPoolExecutor.runWorker(ThreadPoolExecutor.java:1149)
	at java.util.concurrent.ThreadPoolExecutor$Worker.run(ThreadPoolExecutor.java:624)
	... 1 more
Caused by: org.apache.ratis.thirdparty.io.netty.channel.AbstractChannel$AnnotatedConnectException: Connection refused: /192.168.157.210:37620
	at sun.nio.ch.SocketChannelImpl.checkConnect(Native Method)
	at sun.nio.ch.SocketChannelImpl.finishConnect(SocketChannelImpl.java:717)
	at org.apache.ratis.thirdparty.io.netty.channel.socket.nio.NioSocketChannel.doFinishConnect(NioSocketChannel.java:327)
	at org.apache.ratis.thirdparty.io.netty.channel.nio.AbstractNioChannel$AbstractNioUnsafe.finishConnect(AbstractNioChannel.java:340)
	at org.apache.ratis.thirdparty.io.netty.channel.nio.NioEventLoop.processSelectedKey(NioEventLoop.java:632)
	at org.apache.ratis.thirdparty.io.netty.channel.nio.NioEventLoop.processSelectedKeysOptimized(NioEventLoop.java:579)
	at org.apache.ratis.thirdparty.io.netty.channel.nio.NioEventLoop.processSelectedKeys(NioEventLoop.java:496)
	at org.apache.ratis.thirdparty.io.netty.channel.nio.NioEventLoop.run(NioEventLoop.java:458)
	at org.apache.ratis.thirdparty.io.netty.util.concurrent.SingleThreadEventExecutor$5.run(SingleThreadEventExecutor.java:897)
	at org.apache.ratis.thirdparty.io.netty.util.concurrent.FastThreadLocalRunnable.run(FastThreadLocalRunnable.java:30)
	... 1 more
Caused by: java.net.ConnectException: Connection refused
	... 11 more
2019-11-12 22:25:28,065 [grpc-default-executor-0] INFO  impl.RaftServerImpl (RaftServerImpl.java:setRole(173)) - ed184682-841a-431b-821d-e4efb86e7b6e@group-136293D85503: changes role from  FOLLOWER to FOLLOWER at term 3 for recognizeCandidate:cc8f8d42-1b01-4431-8c29-b671ab5a5551
2019-11-12 22:25:28,065 [grpc-default-executor-0] INFO  impl.RoleInfo (RoleInfo.java:shutdownFollowerState(121)) - ed184682-841a-431b-821d-e4efb86e7b6e: shutdown FollowerState
2019-11-12 22:25:28,066 [grpc-default-executor-0] INFO  impl.RoleInfo (RoleInfo.java:updateAndGet(143)) - ed184682-841a-431b-821d-e4efb86e7b6e: start FollowerState
2019-11-12 22:25:28,066 [Thread-1912] INFO  impl.FollowerState (FollowerState.java:run(120)) - ed184682-841a-431b-821d-e4efb86e7b6e@group-136293D85503-FollowerState was interrupted: java.lang.InterruptedException: sleep interrupted
2019-11-12 22:25:28,093 [cc8f8d42-1b01-4431-8c29-b671ab5a5551@group-136293D85503-LeaderElection63] INFO  impl.LeaderElection (LeaderElection.java:logAndReturn(56)) - cc8f8d42-1b01-4431-8c29-b671ab5a5551@group-136293D85503-LeaderElection63: Election PASSED; received 1 response(s) [cc8f8d42-1b01-4431-8c29-b671ab5a5551<-ed184682-841a-431b-821d-e4efb86e7b6e#0:OK-t3] and 1 exception(s); cc8f8d42-1b01-4431-8c29-b671ab5a5551@group-136293D85503:t3, leader=null, voted=cc8f8d42-1b01-4431-8c29-b671ab5a5551, raftlog=cc8f8d42-1b01-4431-8c29-b671ab5a5551@group-136293D85503-SegmentedRaftLog:OPENED:c0,f0,i0, conf=0: [ed184682-841a-431b-821d-e4efb86e7b6e:192.168.157.210:40829, cc8f8d42-1b01-4431-8c29-b671ab5a5551:192.168.157.210:40886, fed2bd94-bbf4-4593-9887-7c07c070d07d:192.168.157.210:37620], old=null
2019-11-12 22:25:28,093 [cc8f8d42-1b01-4431-8c29-b671ab5a5551@group-136293D85503-LeaderElection63] INFO  impl.LeaderElection (LogUtils.java:infoOrTrace(149)) -   Exception 0: {}
java.util.concurrent.ExecutionException: org.apache.ratis.thirdparty.io.grpc.StatusRuntimeException: UNAVAILABLE: io exception
	at java.util.concurrent.FutureTask.report(FutureTask.java:122)
	at java.util.concurrent.FutureTask.get(FutureTask.java:192)
	at org.apache.ratis.server.impl.LeaderElection.waitForResults(LeaderElection.java:259)
	at org.apache.ratis.server.impl.LeaderElection.askForVotes(LeaderElection.java:197)
	at org.apache.ratis.server.impl.LeaderElection.run(LeaderElection.java:133)
	at java.lang.Thread.run(Thread.java:748)
Caused by: org.apache.ratis.thirdparty.io.grpc.StatusRuntimeException: UNAVAILABLE: io exception
	at org.apache.ratis.thirdparty.io.grpc.stub.ClientCalls.toStatusRuntimeException(ClientCalls.java:233)
	at org.apache.ratis.thirdparty.io.grpc.stub.ClientCalls.getUnchecked(ClientCalls.java:214)
	at org.apache.ratis.thirdparty.io.grpc.stub.ClientCalls.blockingUnaryCall(ClientCalls.java:139)
	at org.apache.ratis.proto.grpc.RaftServerProtocolServiceGrpc$RaftServerProtocolServiceBlockingStub.requestVote(RaftServerProtocolServiceGrpc.java:265)
	at org.apache.ratis.grpc.server.GrpcServerProtocolClient.requestVote(GrpcServerProtocolClient.java:99)
	at org.apache.ratis.grpc.server.GrpcService.requestVote(GrpcService.java:204)
	at org.apache.ratis.server.impl.LeaderElection.lambda$submitRequests$1(LeaderElection.java:234)
	at java.util.concurrent.FutureTask.run(FutureTask.java:266)
	at java.util.concurrent.Executors$RunnableAdapter.call(Executors.java:511)
	at java.util.concurrent.FutureTask.run(FutureTask.java:266)
	at java.util.concurrent.ThreadPoolExecutor.runWorker(ThreadPoolExecutor.java:1149)
	at java.util.concurrent.ThreadPoolExecutor$Worker.run(ThreadPoolExecutor.java:624)
	... 1 more
Caused by: org.apache.ratis.thirdparty.io.netty.channel.AbstractChannel$AnnotatedConnectException: Connection refused: /192.168.157.210:37620
	at sun.nio.ch.SocketChannelImpl.checkConnect(Native Method)
	at sun.nio.ch.SocketChannelImpl.finishConnect(SocketChannelImpl.java:717)
	at org.apache.ratis.thirdparty.io.netty.channel.socket.nio.NioSocketChannel.doFinishConnect(NioSocketChannel.java:327)
	at org.apache.ratis.thirdparty.io.netty.channel.nio.AbstractNioChannel$AbstractNioUnsafe.finishConnect(AbstractNioChannel.java:340)
	at org.apache.ratis.thirdparty.io.netty.channel.nio.NioEventLoop.processSelectedKey(NioEventLoop.java:632)
	at org.apache.ratis.thirdparty.io.netty.channel.nio.NioEventLoop.processSelectedKeysOptimized(NioEventLoop.java:579)
	at org.apache.ratis.thirdparty.io.netty.channel.nio.NioEventLoop.processSelectedKeys(NioEventLoop.java:496)
	at org.apache.ratis.thirdparty.io.netty.channel.nio.NioEventLoop.run(NioEventLoop.java:458)
	at org.apache.ratis.thirdparty.io.netty.util.concurrent.SingleThreadEventExecutor$5.run(SingleThreadEventExecutor.java:897)
	at org.apache.ratis.thirdparty.io.netty.util.concurrent.FastThreadLocalRunnable.run(FastThreadLocalRunnable.java:30)
	... 1 more
Caused by: java.net.ConnectException: Connection refused
	... 11 more
2019-11-12 22:25:28,093 [cc8f8d42-1b01-4431-8c29-b671ab5a5551@group-136293D85503-LeaderElection63] INFO  impl.RoleInfo (RoleInfo.java:shutdownLeaderElection(134)) - cc8f8d42-1b01-4431-8c29-b671ab5a5551: shutdown LeaderElection
2019-11-12 22:25:28,093 [cc8f8d42-1b01-4431-8c29-b671ab5a5551@group-136293D85503-LeaderElection63] INFO  impl.RaftServerImpl (RaftServerImpl.java:setRole(173)) - cc8f8d42-1b01-4431-8c29-b671ab5a5551@group-136293D85503: changes role from CANDIDATE to LEADER at term 3 for changeToLeader
2019-11-12 22:25:28,094 [cc8f8d42-1b01-4431-8c29-b671ab5a5551@group-136293D85503-LeaderElection63] INFO  ratis.XceiverServerRatis (XceiverServerRatis.java:handleLeaderChangedNotification(697)) - Leader change notification received for group: group-136293D85503 with new leaderId: cc8f8d42-1b01-4431-8c29-b671ab5a5551
2019-11-12 22:25:28,094 [cc8f8d42-1b01-4431-8c29-b671ab5a5551@group-136293D85503-LeaderElection63] INFO  impl.RaftServerImpl (ServerState.java:setLeader(255)) - cc8f8d42-1b01-4431-8c29-b671ab5a5551@group-136293D85503: change Leader from null to cc8f8d42-1b01-4431-8c29-b671ab5a5551 at term 3 for becomeLeader, leader elected after 1177ms
2019-11-12 22:25:28,094 [cc8f8d42-1b01-4431-8c29-b671ab5a5551@group-136293D85503-LeaderElection63] INFO  server.RaftServerConfigKeys (ConfUtils.java:logGet(43)) - raft.server.staging.catchup.gap = 1000 (default)
2019-11-12 22:25:28,095 [cc8f8d42-1b01-4431-8c29-b671ab5a5551@group-136293D85503-LeaderElection63] INFO  server.RaftServerConfigKeys (ConfUtils.java:logGet(43)) - raft.server.rpc.sleep.time = 25ms (default)
2019-11-12 22:25:28,095 [cc8f8d42-1b01-4431-8c29-b671ab5a5551@group-136293D85503-LeaderElection63] INFO  server.RaftServerConfigKeys (ConfUtils.java:logGet(43)) - raft.server.write.element-limit = 4096 (default)
2019-11-12 22:25:28,095 [cc8f8d42-1b01-4431-8c29-b671ab5a5551@group-136293D85503-LeaderElection63] INFO  server.RaftServerConfigKeys (ConfUtils.java:logGet(43)) - raft.server.watch.timeout = 10s (default)
2019-11-12 22:25:28,095 [cc8f8d42-1b01-4431-8c29-b671ab5a5551@group-136293D85503-LeaderElection63] INFO  server.RaftServerConfigKeys (ConfUtils.java:logGet(43)) - raft.server.watch.timeout.denomination = 1s (default)
2019-11-12 22:25:28,095 [cc8f8d42-1b01-4431-8c29-b671ab5a5551@group-136293D85503-LeaderElection63] INFO  server.RaftServerConfigKeys (ConfUtils.java:logGet(43)) - raft.server.watch.element-limit = 65536 (default)
2019-11-12 22:25:28,096 [cc8f8d42-1b01-4431-8c29-b671ab5a5551@group-136293D85503-LeaderElection63] INFO  server.RaftServerConfigKeys (ConfUtils.java:logGet(43)) - raft.server.log.appender.snapshot.chunk.size.max = 16MB (=16777216) (default)
2019-11-12 22:25:28,096 [cc8f8d42-1b01-4431-8c29-b671ab5a5551@group-136293D85503-LeaderElection63] INFO  server.RaftServerConfigKeys (ConfUtils.java:logGet(43)) - raft.server.log.appender.buffer.byte-limit = 33554432 (custom)
2019-11-12 22:25:28,096 [cc8f8d42-1b01-4431-8c29-b671ab5a5551@group-136293D85503-LeaderElection63] INFO  server.RaftServerConfigKeys (ConfUtils.java:logGet(43)) - raft.server.log.appender.buffer.element-limit = 1 (custom)
2019-11-12 22:25:28,097 [cc8f8d42-1b01-4431-8c29-b671ab5a5551@group-136293D85503-LeaderElection63] INFO  grpc.GrpcConfigKeys$Server (ConfUtils.java:logGet(43)) - raft.grpc.server.leader.outstanding.appends.max = 128 (default)
2019-11-12 22:25:28,097 [cc8f8d42-1b01-4431-8c29-b671ab5a5551@group-136293D85503-LeaderElection63] INFO  server.RaftServerConfigKeys (ConfUtils.java:logGet(43)) - raft.server.rpc.request.timeout = 3000ms (default)
2019-11-12 22:25:28,097 [cc8f8d42-1b01-4431-8c29-b671ab5a5551@group-136293D85503-LeaderElection63] INFO  server.RaftServerConfigKeys (ConfUtils.java:logGet(43)) - raft.server.log.appender.install.snapshot.enabled = false (custom)
2019-11-12 22:25:28,097 [cc8f8d42-1b01-4431-8c29-b671ab5a5551@group-136293D85503-LeaderElection63] WARN  impl.MetricRegistriesImpl (MetricRegistriesImpl.java:lambda$create$1(61)) - First MetricRegistry has been created without registering reporters. You may need to call MetricRegistries.global().addReportRegistration(...) before.
2019-11-12 22:25:28,097 [cc8f8d42-1b01-4431-8c29-b671ab5a5551@group-136293D85503-LeaderElection63] INFO  server.RaftServerConfigKeys (ConfUtils.java:logGet(43)) - raft.server.log.appender.snapshot.chunk.size.max = 16MB (=16777216) (default)
2019-11-12 22:25:28,097 [cc8f8d42-1b01-4431-8c29-b671ab5a5551@group-136293D85503-LeaderElection63] INFO  server.RaftServerConfigKeys (ConfUtils.java:logGet(43)) - raft.server.log.appender.buffer.byte-limit = 33554432 (custom)
2019-11-12 22:25:28,098 [cc8f8d42-1b01-4431-8c29-b671ab5a5551@group-136293D85503-LeaderElection63] INFO  server.RaftServerConfigKeys (ConfUtils.java:logGet(43)) - raft.server.log.appender.buffer.element-limit = 1 (custom)
2019-11-12 22:25:28,098 [cc8f8d42-1b01-4431-8c29-b671ab5a5551@group-136293D85503-LeaderElection63] INFO  grpc.GrpcConfigKeys$Server (ConfUtils.java:logGet(43)) - raft.grpc.server.leader.outstanding.appends.max = 128 (default)
2019-11-12 22:25:28,098 [cc8f8d42-1b01-4431-8c29-b671ab5a5551@group-136293D85503-LeaderElection63] INFO  server.RaftServerConfigKeys (ConfUtils.java:logGet(43)) - raft.server.rpc.request.timeout = 3000ms (default)
2019-11-12 22:25:28,098 [cc8f8d42-1b01-4431-8c29-b671ab5a5551@group-136293D85503-LeaderElection63] INFO  server.RaftServerConfigKeys (ConfUtils.java:logGet(43)) - raft.server.log.appender.install.snapshot.enabled = false (custom)
2019-11-12 22:25:28,098 [cc8f8d42-1b01-4431-8c29-b671ab5a5551@group-136293D85503-LeaderElection63] INFO  impl.RoleInfo (RoleInfo.java:updateAndGet(143)) - cc8f8d42-1b01-4431-8c29-b671ab5a5551: start LeaderState
2019-11-12 22:25:28,099 [cc8f8d42-1b01-4431-8c29-b671ab5a5551@group-136293D85503-LeaderElection63] INFO  segmented.SegmentedRaftLogWorker (SegmentedRaftLogWorker.java:rollLogSegment(390)) - cc8f8d42-1b01-4431-8c29-b671ab5a5551@group-136293D85503-SegmentedRaftLogWorker: Rolling segment log-0_0 to index:0
2019-11-12 22:25:28,100 [cc8f8d42-1b01-4431-8c29-b671ab5a5551@group-136293D85503-SegmentedRaftLogWorker] INFO  segmented.SegmentedRaftLogWorker (SegmentedRaftLogWorker.java:execute(533)) - cc8f8d42-1b01-4431-8c29-b671ab5a5551@group-136293D85503-SegmentedRaftLogWorker: Rolled log segment from /workdir/hadoop-ozone/integration-test/target/test-dir/MiniOzoneClusterImpl-49cde4fa-0f5c-485a-80e4-a10b14a740d7/datanode-2/data/ratis/af0dc319-39b1-485d-a14c-136293d85503/current/log_inprogress_0 to /workdir/hadoop-ozone/integration-test/target/test-dir/MiniOzoneClusterImpl-49cde4fa-0f5c-485a-80e4-a10b14a740d7/datanode-2/data/ratis/af0dc319-39b1-485d-a14c-136293d85503/current/log_0-0
2019-11-12 22:25:28,105 [cc8f8d42-1b01-4431-8c29-b671ab5a5551@group-136293D85503-LeaderElection63] INFO  impl.RaftServerImpl (ServerState.java:setRaftConf(356)) - cc8f8d42-1b01-4431-8c29-b671ab5a5551@group-136293D85503: set configuration 1: [ed184682-841a-431b-821d-e4efb86e7b6e:192.168.157.210:40829, cc8f8d42-1b01-4431-8c29-b671ab5a5551:192.168.157.210:40886, fed2bd94-bbf4-4593-9887-7c07c070d07d:192.168.157.210:37620], old=null at 1
2019-11-12 22:25:28,108 [grpc-default-executor-4] WARN  server.GrpcLogAppender (LogUtils.java:warn(134)) - cc8f8d42-1b01-4431-8c29-b671ab5a5551@group-136293D85503->fed2bd94-bbf4-4593-9887-7c07c070d07d-AppendLogResponseHandler: Failed appendEntries: org.apache.ratis.thirdparty.io.grpc.StatusRuntimeException: UNAVAILABLE: io exception
2019-11-12 22:25:28,109 [grpc-default-executor-4] INFO  impl.FollowerInfo (FollowerInfo.java:lambda$new$0(51)) - cc8f8d42-1b01-4431-8c29-b671ab5a5551@group-136293D85503->fed2bd94-bbf4-4593-9887-7c07c070d07d: nextIndex: updateUnconditionally 1 -> 0
2019-11-12 22:25:28,112 [grpc-default-executor-0] INFO  ratis.XceiverServerRatis (XceiverServerRatis.java:handleLeaderChangedNotification(697)) - Leader change notification received for group: group-136293D85503 with new leaderId: cc8f8d42-1b01-4431-8c29-b671ab5a5551
2019-11-12 22:25:28,112 [grpc-default-executor-0] INFO  impl.RaftServerImpl (ServerState.java:setLeader(255)) - ed184682-841a-431b-821d-e4efb86e7b6e@group-136293D85503: change Leader from null to cc8f8d42-1b01-4431-8c29-b671ab5a5551 at term 3 for appendEntries, leader elected after 1190ms
2019-11-12 22:25:28,116 [grpc-default-executor-0] INFO  impl.RaftServerImpl (ServerState.java:setRaftConf(356)) - ed184682-841a-431b-821d-e4efb86e7b6e@group-136293D85503: set configuration 1: [ed184682-841a-431b-821d-e4efb86e7b6e:192.168.157.210:40829, cc8f8d42-1b01-4431-8c29-b671ab5a5551:192.168.157.210:40886, fed2bd94-bbf4-4593-9887-7c07c070d07d:192.168.157.210:37620], old=null at 1
2019-11-12 22:25:28,117 [grpc-default-executor-0] INFO  segmented.SegmentedRaftLogWorker (SegmentedRaftLogWorker.java:rollLogSegment(390)) - ed184682-841a-431b-821d-e4efb86e7b6e@group-136293D85503-SegmentedRaftLogWorker: Rolling segment log-0_0 to index:0
2019-11-12 22:25:28,118 [ed184682-841a-431b-821d-e4efb86e7b6e@group-136293D85503-SegmentedRaftLogWorker] INFO  segmented.SegmentedRaftLogWorker (SegmentedRaftLogWorker.java:execute(533)) - ed184682-841a-431b-821d-e4efb86e7b6e@group-136293D85503-SegmentedRaftLogWorker: Rolled log segment from /workdir/hadoop-ozone/integration-test/target/test-dir/MiniOzoneClusterImpl-49cde4fa-0f5c-485a-80e4-a10b14a740d7/datanode-0/data/ratis/af0dc319-39b1-485d-a14c-136293d85503/current/log_inprogress_0 to /workdir/hadoop-ozone/integration-test/target/test-dir/MiniOzoneClusterImpl-49cde4fa-0f5c-485a-80e4-a10b14a740d7/datanode-0/data/ratis/af0dc319-39b1-485d-a14c-136293d85503/current/log_0-0
2019-11-12 22:25:28,171 [cc8f8d42-1b01-4431-8c29-b671ab5a5551@group-136293D85503-SegmentedRaftLogWorker] INFO  segmented.SegmentedRaftLogWorker (SegmentedRaftLogWorker.java:execute(576)) - cc8f8d42-1b01-4431-8c29-b671ab5a5551@group-136293D85503-SegmentedRaftLogWorker: created new log segment /workdir/hadoop-ozone/integration-test/target/test-dir/MiniOzoneClusterImpl-49cde4fa-0f5c-485a-80e4-a10b14a740d7/datanode-2/data/ratis/af0dc319-39b1-485d-a14c-136293d85503/current/log_inprogress_1
2019-11-12 22:25:28,186 [ed184682-841a-431b-821d-e4efb86e7b6e@group-136293D85503-SegmentedRaftLogWorker] INFO  segmented.SegmentedRaftLogWorker (SegmentedRaftLogWorker.java:execute(576)) - ed184682-841a-431b-821d-e4efb86e7b6e@group-136293D85503-SegmentedRaftLogWorker: created new log segment /workdir/hadoop-ozone/integration-test/target/test-dir/MiniOzoneClusterImpl-49cde4fa-0f5c-485a-80e4-a10b14a740d7/datanode-0/data/ratis/af0dc319-39b1-485d-a14c-136293d85503/current/log_inprogress_1
2019-11-12 22:25:28,193 [grpc-default-executor-5] WARN  server.GrpcLogAppender (LogUtils.java:warn(134)) - cc8f8d42-1b01-4431-8c29-b671ab5a5551@group-136293D85503->fed2bd94-bbf4-4593-9887-7c07c070d07d-AppendLogResponseHandler: Failed appendEntries: org.apache.ratis.thirdparty.io.grpc.StatusRuntimeException: UNAVAILABLE: io exception
2019-11-12 22:25:28,194 [grpc-default-executor-5] INFO  impl.FollowerInfo (FollowerInfo.java:lambda$new$0(51)) - cc8f8d42-1b01-4431-8c29-b671ab5a5551@group-136293D85503->fed2bd94-bbf4-4593-9887-7c07c070d07d: nextIndex: updateUnconditionally 1 -> 0
2019-11-12 22:25:28,206 [grpc-default-executor-5] WARN  server.GrpcLogAppender (LogUtils.java:warn(134)) - cc8f8d42-1b01-4431-8c29-b671ab5a5551@group-136293D85503->fed2bd94-bbf4-4593-9887-7c07c070d07d-AppendLogResponseHandler: Failed appendEntries: org.apache.ratis.thirdparty.io.grpc.StatusRuntimeException: UNAVAILABLE: io exception
2019-11-12 22:25:28,207 [grpc-default-executor-5] INFO  impl.FollowerInfo (FollowerInfo.java:lambda$new$0(51)) - cc8f8d42-1b01-4431-8c29-b671ab5a5551@group-136293D85503->fed2bd94-bbf4-4593-9887-7c07c070d07d: nextIndex: updateUnconditionally 1 -> 0
2019-11-12 22:25:28,237 [grpc-default-executor-5] WARN  server.GrpcLogAppender (LogUtils.java:warn(134)) - 124b1436-2dec-4708-9bef-ac97c435ef9a@group-856B764B1031->e1630cc0-82e2-4757-a0ff-1e5aa97f4a82-AppendLogResponseHandler: Failed appendEntries: org.apache.ratis.thirdparty.io.grpc.StatusRuntimeException: UNAVAILABLE: io exception
2019-11-12 22:25:28,238 [grpc-default-executor-5] INFO  impl.FollowerInfo (FollowerInfo.java:lambda$new$0(51)) - 124b1436-2dec-4708-9bef-ac97c435ef9a@group-856B764B1031->e1630cc0-82e2-4757-a0ff-1e5aa97f4a82: nextIndex: updateUnconditionally 0 -> 0
2019-11-12 22:25:28,710 [grpc-default-executor-4] WARN  server.GrpcLogAppender (LogUtils.java:warn(134)) - cc8f8d42-1b01-4431-8c29-b671ab5a5551@group-136293D85503->fed2bd94-bbf4-4593-9887-7c07c070d07d-AppendLogResponseHandler: Failed appendEntries: org.apache.ratis.thirdparty.io.grpc.StatusRuntimeException: UNAVAILABLE: io exception
2019-11-12 22:25:28,710 [grpc-default-executor-4] INFO  impl.FollowerInfo (FollowerInfo.java:lambda$new$0(51)) - cc8f8d42-1b01-4431-8c29-b671ab5a5551@group-136293D85503->fed2bd94-bbf4-4593-9887-7c07c070d07d: nextIndex: updateUnconditionally 0 -> 0
2019-11-12 22:25:28,739 [grpc-default-executor-4] WARN  server.GrpcLogAppender (LogUtils.java:warn(134)) - 124b1436-2dec-4708-9bef-ac97c435ef9a@group-856B764B1031->e1630cc0-82e2-4757-a0ff-1e5aa97f4a82-AppendLogResponseHandler: Failed appendEntries: org.apache.ratis.thirdparty.io.grpc.StatusRuntimeException: UNAVAILABLE: io exception
2019-11-12 22:25:28,740 [grpc-default-executor-4] INFO  impl.FollowerInfo (FollowerInfo.java:lambda$new$0(51)) - 124b1436-2dec-4708-9bef-ac97c435ef9a@group-856B764B1031->e1630cc0-82e2-4757-a0ff-1e5aa97f4a82: nextIndex: updateUnconditionally 0 -> 0
2019-11-12 22:25:29,209 [grpc-default-executor-4] WARN  server.GrpcLogAppender (LogUtils.java:warn(134)) - cc8f8d42-1b01-4431-8c29-b671ab5a5551@group-136293D85503->fed2bd94-bbf4-4593-9887-7c07c070d07d-AppendLogResponseHandler: Failed appendEntries: org.apache.ratis.thirdparty.io.grpc.StatusRuntimeException: UNAVAILABLE: io exception
2019-11-12 22:25:29,209 [grpc-default-executor-4] INFO  impl.FollowerInfo (FollowerInfo.java:lambda$new$0(51)) - cc8f8d42-1b01-4431-8c29-b671ab5a5551@group-136293D85503->fed2bd94-bbf4-4593-9887-7c07c070d07d: nextIndex: updateUnconditionally 0 -> 0
2019-11-12 22:25:29,240 [grpc-default-executor-4] WARN  server.GrpcLogAppender (LogUtils.java:warn(134)) - 124b1436-2dec-4708-9bef-ac97c435ef9a@group-856B764B1031->e1630cc0-82e2-4757-a0ff-1e5aa97f4a82-AppendLogResponseHandler: Failed appendEntries: org.apache.ratis.thirdparty.io.grpc.StatusRuntimeException: UNAVAILABLE: io exception
2019-11-12 22:25:29,240 [grpc-default-executor-4] INFO  impl.FollowerInfo (FollowerInfo.java:lambda$new$0(51)) - 124b1436-2dec-4708-9bef-ac97c435ef9a@group-856B764B1031->e1630cc0-82e2-4757-a0ff-1e5aa97f4a82: nextIndex: updateUnconditionally 0 -> 0
2019-11-12 22:25:29,718 [grpc-default-executor-2] WARN  server.GrpcLogAppender (LogUtils.java:warn(134)) - cc8f8d42-1b01-4431-8c29-b671ab5a5551@group-136293D85503->fed2bd94-bbf4-4593-9887-7c07c070d07d-AppendLogResponseHandler: Failed appendEntries: org.apache.ratis.thirdparty.io.grpc.StatusRuntimeException: UNAVAILABLE: io exception
2019-11-12 22:25:29,720 [grpc-default-executor-2] INFO  impl.FollowerInfo (FollowerInfo.java:lambda$new$0(51)) - cc8f8d42-1b01-4431-8c29-b671ab5a5551@group-136293D85503->fed2bd94-bbf4-4593-9887-7c07c070d07d: nextIndex: updateUnconditionally 0 -> 0
2019-11-12 22:25:29,740 [grpc-default-executor-2] WARN  server.GrpcLogAppender (LogUtils.java:warn(134)) - 124b1436-2dec-4708-9bef-ac97c435ef9a@group-856B764B1031->e1630cc0-82e2-4757-a0ff-1e5aa97f4a82-AppendLogResponseHandler: Failed appendEntries: org.apache.ratis.thirdparty.io.grpc.StatusRuntimeException: UNAVAILABLE: io exception
2019-11-12 22:25:29,741 [grpc-default-executor-2] INFO  impl.FollowerInfo (FollowerInfo.java:lambda$new$0(51)) - 124b1436-2dec-4708-9bef-ac97c435ef9a@group-856B764B1031->e1630cc0-82e2-4757-a0ff-1e5aa97f4a82: nextIndex: updateUnconditionally 0 -> 0
2019-11-12 22:25:30,220 [grpc-default-executor-0] WARN  server.GrpcLogAppender (LogUtils.java:warn(134)) - cc8f8d42-1b01-4431-8c29-b671ab5a5551@group-136293D85503->fed2bd94-bbf4-4593-9887-7c07c070d07d-AppendLogResponseHandler: Failed appendEntries: org.apache.ratis.thirdparty.io.grpc.StatusRuntimeException: UNAVAILABLE: io exception
2019-11-12 22:25:30,220 [grpc-default-executor-0] INFO  impl.FollowerInfo (FollowerInfo.java:lambda$new$0(51)) - cc8f8d42-1b01-4431-8c29-b671ab5a5551@group-136293D85503->fed2bd94-bbf4-4593-9887-7c07c070d07d: nextIndex: updateUnconditionally 0 -> 0
2019-11-12 22:25:30,241 [grpc-default-executor-4] WARN  server.GrpcLogAppender (LogUtils.java:warn(134)) - 124b1436-2dec-4708-9bef-ac97c435ef9a@group-856B764B1031->e1630cc0-82e2-4757-a0ff-1e5aa97f4a82-AppendLogResponseHandler: Failed appendEntries: org.apache.ratis.thirdparty.io.grpc.StatusRuntimeException: UNAVAILABLE: io exception
2019-11-12 22:25:30,242 [grpc-default-executor-4] INFO  impl.FollowerInfo (FollowerInfo.java:lambda$new$0(51)) - 124b1436-2dec-4708-9bef-ac97c435ef9a@group-856B764B1031->e1630cc0-82e2-4757-a0ff-1e5aa97f4a82: nextIndex: updateUnconditionally 0 -> 0
2019-11-12 22:25:30,258 [ForkJoinPool.commonPool-worker-1] INFO  ozoneimpl.OzoneContainer (OzoneContainer.java:stop(244)) - Attempting to stop container services.
2019-11-12 22:25:30,259 [main] INFO  ozoneimpl.OzoneContainer (OzoneContainer.java:stop(244)) - Attempting to stop container services.
2019-11-12 22:25:30,260 [ForkJoinPool.commonPool-worker-1] INFO  impl.RaftServerProxy (RaftServerProxy.java:lambda$close$4(314)) - cc8f8d42-1b01-4431-8c29-b671ab5a5551: close
2019-11-12 22:25:30,261 [main] INFO  impl.RaftServerProxy (RaftServerProxy.java:lambda$close$4(314)) - 36ba2c4b-fd66-4a0d-bee3-710bbe72aafc: close
2019-11-12 22:25:30,261 [ForkJoinPool.commonPool-worker-1] INFO  impl.RaftServerImpl (RaftServerImpl.java:lambda$shutdown$3(250)) - cc8f8d42-1b01-4431-8c29-b671ab5a5551@group-FBDC790551F3: shutdown
2019-11-12 22:25:30,261 [main] INFO  impl.RaftServerImpl (RaftServerImpl.java:lambda$shutdown$3(250)) - 36ba2c4b-fd66-4a0d-bee3-710bbe72aafc@group-856B764B1031: shutdown
2019-11-12 22:25:30,262 [ForkJoinPool.commonPool-worker-1] INFO  util.JmxRegister (JmxRegister.java:unregister(73)) - Successfully un-registered JMX Bean with object name Ratis:service=RaftServer,group=group-FBDC790551F3,id=cc8f8d42-1b01-4431-8c29-b671ab5a5551
2019-11-12 22:25:30,262 [main] INFO  util.JmxRegister (JmxRegister.java:unregister(73)) - Successfully un-registered JMX Bean with object name Ratis:service=RaftServer,group=group-856B764B1031,id=36ba2c4b-fd66-4a0d-bee3-710bbe72aafc
2019-11-12 22:25:30,263 [main] INFO  impl.RoleInfo (RoleInfo.java:shutdownFollowerState(121)) - 36ba2c4b-fd66-4a0d-bee3-710bbe72aafc: shutdown FollowerState
2019-11-12 22:25:30,264 [main] INFO  impl.StateMachineUpdater (StateMachineUpdater.java:stopAndJoin(136)) - 36ba2c4b-fd66-4a0d-bee3-710bbe72aafc@group-856B764B1031-StateMachineUpdater: set stopIndex = 0
2019-11-12 22:25:30,262 [ForkJoinPool.commonPool-worker-1] INFO  impl.RoleInfo (RoleInfo.java:shutdownLeaderState(104)) - cc8f8d42-1b01-4431-8c29-b671ab5a5551: shutdown LeaderState
2019-11-12 22:25:30,264 [main] INFO  impl.RaftServerImpl (ServerState.java:close(387)) - 36ba2c4b-fd66-4a0d-bee3-710bbe72aafc@group-856B764B1031: closes. applyIndex: 0
2019-11-12 22:25:30,264 [Thread-1859] INFO  impl.FollowerState (FollowerState.java:run(120)) - 36ba2c4b-fd66-4a0d-bee3-710bbe72aafc@group-856B764B1031-FollowerState was interrupted: java.lang.InterruptedException: sleep interrupted
2019-11-12 22:25:30,265 [ForkJoinPool.commonPool-worker-1] INFO  impl.PendingRequests (PendingRequests.java:sendNotLeaderResponses(206)) - cc8f8d42-1b01-4431-8c29-b671ab5a5551@group-FBDC790551F3-PendingRequests: sendNotLeaderResponses
2019-11-12 22:25:30,276 [36ba2c4b-fd66-4a0d-bee3-710bbe72aafc@group-856B764B1031-SegmentedRaftLogWorker] INFO  segmented.SegmentedRaftLogWorker (SegmentedRaftLogWorker.java:run(316)) - 36ba2c4b-fd66-4a0d-bee3-710bbe72aafc@group-856B764B1031-SegmentedRaftLogWorker was interrupted, exiting. There are 0 tasks remaining in the queue.
2019-11-12 22:25:30,278 [main] INFO  segmented.SegmentedRaftLogWorker (SegmentedRaftLogWorker.java:close(224)) - 36ba2c4b-fd66-4a0d-bee3-710bbe72aafc@group-856B764B1031-SegmentedRaftLogWorker close()
2019-11-12 22:25:30,278 [ForkJoinPool.commonPool-worker-1] INFO  impl.StateMachineUpdater (StateMachineUpdater.java:stopAndJoin(136)) - cc8f8d42-1b01-4431-8c29-b671ab5a5551@group-FBDC790551F3-StateMachineUpdater: set stopIndex = 0
2019-11-12 22:25:30,280 [main] INFO  impl.RaftServerImpl (RaftServerImpl.java:lambda$shutdown$3(250)) - 36ba2c4b-fd66-4a0d-bee3-710bbe72aafc@group-1FD2BE62372A: shutdown
2019-11-12 22:25:30,280 [ForkJoinPool.commonPool-worker-1] INFO  impl.RaftServerImpl (ServerState.java:close(387)) - cc8f8d42-1b01-4431-8c29-b671ab5a5551@group-FBDC790551F3: closes. applyIndex: 0
2019-11-12 22:25:30,281 [main] INFO  util.JmxRegister (JmxRegister.java:unregister(73)) - Successfully un-registered JMX Bean with object name Ratis:service=RaftServer,group=group-1FD2BE62372A,id=36ba2c4b-fd66-4a0d-bee3-710bbe72aafc
2019-11-12 22:25:30,281 [main] INFO  impl.RoleInfo (RoleInfo.java:shutdownLeaderState(104)) - 36ba2c4b-fd66-4a0d-bee3-710bbe72aafc: shutdown LeaderState
2019-11-12 22:25:30,281 [cc8f8d42-1b01-4431-8c29-b671ab5a5551@group-FBDC790551F3-SegmentedRaftLogWorker] INFO  segmented.SegmentedRaftLogWorker (SegmentedRaftLogWorker.java:run(316)) - cc8f8d42-1b01-4431-8c29-b671ab5a5551@group-FBDC790551F3-SegmentedRaftLogWorker was interrupted, exiting. There are 0 tasks remaining in the queue.
2019-11-12 22:25:30,281 [main] INFO  impl.PendingRequests (PendingRequests.java:sendNotLeaderResponses(206)) - 36ba2c4b-fd66-4a0d-bee3-710bbe72aafc@group-1FD2BE62372A-PendingRequests: sendNotLeaderResponses
2019-11-12 22:25:30,283 [ForkJoinPool.commonPool-worker-1] INFO  segmented.SegmentedRaftLogWorker (SegmentedRaftLogWorker.java:close(224)) - cc8f8d42-1b01-4431-8c29-b671ab5a5551@group-FBDC790551F3-SegmentedRaftLogWorker close()
2019-11-12 22:25:30,283 [main] INFO  impl.StateMachineUpdater (StateMachineUpdater.java:stopAndJoin(136)) - 36ba2c4b-fd66-4a0d-bee3-710bbe72aafc@group-1FD2BE62372A-StateMachineUpdater: set stopIndex = 0
2019-11-12 22:25:30,285 [ForkJoinPool.commonPool-worker-1] INFO  impl.RaftServerImpl (RaftServerImpl.java:lambda$shutdown$3(250)) - cc8f8d42-1b01-4431-8c29-b671ab5a5551@group-136293D85503: shutdown
2019-11-12 22:25:30,285 [main] INFO  impl.RaftServerImpl (ServerState.java:close(387)) - 36ba2c4b-fd66-4a0d-bee3-710bbe72aafc@group-1FD2BE62372A: closes. applyIndex: 0
2019-11-12 22:25:30,285 [ForkJoinPool.commonPool-worker-1] INFO  util.JmxRegister (JmxRegister.java:unregister(73)) - Successfully un-registered JMX Bean with object name Ratis:service=RaftServer,group=group-136293D85503,id=cc8f8d42-1b01-4431-8c29-b671ab5a5551
2019-11-12 22:25:30,286 [ForkJoinPool.commonPool-worker-1] INFO  impl.RoleInfo (RoleInfo.java:shutdownLeaderState(104)) - cc8f8d42-1b01-4431-8c29-b671ab5a5551: shutdown LeaderState
2019-11-12 22:25:30,286 [36ba2c4b-fd66-4a0d-bee3-710bbe72aafc@group-1FD2BE62372A-SegmentedRaftLogWorker] INFO  segmented.SegmentedRaftLogWorker (SegmentedRaftLogWorker.java:run(316)) - 36ba2c4b-fd66-4a0d-bee3-710bbe72aafc@group-1FD2BE62372A-SegmentedRaftLogWorker was interrupted, exiting. There are 0 tasks remaining in the queue.
2019-11-12 22:25:30,288 [org.apache.ratis.server.impl.LogAppender$AppenderDaemon$$Lambda$574/281406720@28758c1b] WARN  server.GrpcLogAppender (GrpcLogAppender.java:mayWait(151)) - cc8f8d42-1b01-4431-8c29-b671ab5a5551@group-136293D85503->fed2bd94-bbf4-4593-9887-7c07c070d07d-GrpcLogAppender: Wait interrupted by java.lang.InterruptedException
2019-11-12 22:25:30,289 [main] INFO  segmented.SegmentedRaftLogWorker (SegmentedRaftLogWorker.java:close(224)) - 36ba2c4b-fd66-4a0d-bee3-710bbe72aafc@group-1FD2BE62372A-SegmentedRaftLogWorker close()
2019-11-12 22:25:30,287 [ForkJoinPool.commonPool-worker-1] INFO  impl.PendingRequests (PendingRequests.java:sendNotLeaderResponses(206)) - cc8f8d42-1b01-4431-8c29-b671ab5a5551@group-136293D85503-PendingRequests: sendNotLeaderResponses
2019-11-12 22:25:30,288 [org.apache.ratis.server.impl.LogAppender$AppenderDaemon$$Lambda$574/281406720@2e1e3a56] WARN  server.GrpcLogAppender (GrpcLogAppender.java:mayWait(151)) - cc8f8d42-1b01-4431-8c29-b671ab5a5551@group-136293D85503->ed184682-841a-431b-821d-e4efb86e7b6e-GrpcLogAppender: Wait interrupted by java.lang.InterruptedException
2019-11-12 22:25:30,291 [main] INFO  server.GrpcService (GrpcService.java:closeImpl(164)) - 36ba2c4b-fd66-4a0d-bee3-710bbe72aafc: shutdown server with port 42115 now
2019-11-12 22:25:30,294 [ForkJoinPool.commonPool-worker-1] INFO  impl.StateMachineUpdater (StateMachineUpdater.java:stopAndJoin(136)) - cc8f8d42-1b01-4431-8c29-b671ab5a5551@group-136293D85503-StateMachineUpdater: set stopIndex = 2
2019-11-12 22:25:30,295 [ForkJoinPool.commonPool-worker-1] INFO  impl.RaftServerImpl (ServerState.java:close(387)) - cc8f8d42-1b01-4431-8c29-b671ab5a5551@group-136293D85503: closes. applyIndex: 2
2019-11-12 22:25:30,295 [grpc-default-executor-4] INFO  server.GrpcServerProtocolService (GrpcServerProtocolService.java:onCompleted(113)) - ed184682-841a-431b-821d-e4efb86e7b6e: Completed APPEND_ENTRIES, lastRequest: cc8f8d42-1b01-4431-8c29-b671ab5a5551->ed184682-841a-431b-821d-e4efb86e7b6e#6-t3, previous=(t:3, i:2), leaderCommit=2, initializing? false, entries: <empty>
2019-11-12 22:25:30,295 [cc8f8d42-1b01-4431-8c29-b671ab5a5551@group-136293D85503-SegmentedRaftLogWorker] INFO  segmented.SegmentedRaftLogWorker (SegmentedRaftLogWorker.java:run(316)) - cc8f8d42-1b01-4431-8c29-b671ab5a5551@group-136293D85503-SegmentedRaftLogWorker was interrupted, exiting. There are 0 tasks remaining in the queue.
2019-11-12 22:25:30,296 [ForkJoinPool.commonPool-worker-1] INFO  segmented.SegmentedRaftLogWorker (SegmentedRaftLogWorker.java:close(224)) - cc8f8d42-1b01-4431-8c29-b671ab5a5551@group-136293D85503-SegmentedRaftLogWorker close()
2019-11-12 22:25:30,296 [grpc-default-executor-2] WARN  server.GrpcServerProtocolService (LogUtils.java:warn(134)) - 36ba2c4b-fd66-4a0d-bee3-710bbe72aafc: installSnapshot onError, lastRequest: 124b1436-2dec-4708-9bef-ac97c435ef9a->36ba2c4b-fd66-4a0d-bee3-710bbe72aafc#20-t1, previous=(t:1, i:0), leaderCommit=0, initializing? false, entries: <empty>: org.apache.ratis.thirdparty.io.grpc.StatusRuntimeException: CANCELLED: cancelled before receiving half close
2019-11-12 22:25:30,298 [ForkJoinPool.commonPool-worker-1] INFO  server.GrpcService (GrpcService.java:closeImpl(164)) - cc8f8d42-1b01-4431-8c29-b671ab5a5551: shutdown server with port 40886 now
2019-11-12 22:25:30,298 [grpc-default-executor-4] WARN  server.GrpcLogAppender (LogUtils.java:warn(134)) - 124b1436-2dec-4708-9bef-ac97c435ef9a@group-856B764B1031->36ba2c4b-fd66-4a0d-bee3-710bbe72aafc-AppendLogResponseHandler: Failed appendEntries: org.apache.ratis.thirdparty.io.grpc.StatusRuntimeException: CANCELLED: HTTP/2 error code: CANCEL
Received Rst Stream
2019-11-12 22:25:30,296 [main] INFO  server.GrpcService (GrpcService.java:closeImpl(172)) - 36ba2c4b-fd66-4a0d-bee3-710bbe72aafc: shutdown server with port 42115 successfully
2019-11-12 22:25:30,298 [grpc-default-executor-0] INFO  server.GrpcLogAppender (GrpcLogAppender.java:onCompleted(308)) - cc8f8d42-1b01-4431-8c29-b671ab5a5551@group-136293D85503->ed184682-841a-431b-821d-e4efb86e7b6e-AppendLogResponseHandler: follower responses appendEntries COMPLETED
2019-11-12 22:25:30,299 [ForkJoinPool.commonPool-worker-1] INFO  server.GrpcService (GrpcService.java:closeImpl(172)) - cc8f8d42-1b01-4431-8c29-b671ab5a5551: shutdown server with port 40886 successfully
2019-11-12 22:25:30,299 [grpc-default-executor-0] INFO  impl.FollowerInfo (FollowerInfo.java:lambda$new$0(51)) - cc8f8d42-1b01-4431-8c29-b671ab5a5551@group-136293D85503->ed184682-841a-431b-821d-e4efb86e7b6e: nextIndex: updateUnconditionally 3 -> 2
2019-11-12 22:25:30,299 [grpc-default-executor-4] INFO  impl.FollowerInfo (FollowerInfo.java:lambda$new$0(51)) - 124b1436-2dec-4708-9bef-ac97c435ef9a@group-856B764B1031->36ba2c4b-fd66-4a0d-bee3-710bbe72aafc: nextIndex: updateUnconditionally 1 -> 0
2019-11-12 22:25:30,303 [refreshUsed-/workdir/hadoop-ozone/integration-test/target/test-dir/MiniOzoneClusterImpl-49cde4fa-0f5c-485a-80e4-a10b14a740d7/datanode-5/data/containers] WARN  fs.CachingGetSpaceUsed (CachingGetSpaceUsed.java:run(183)) - Thread Interrupted waiting to refresh disk information: sleep interrupted
2019-11-12 22:25:30,303 [refreshUsed-/workdir/hadoop-ozone/integration-test/target/test-dir/MiniOzoneClusterImpl-49cde4fa-0f5c-485a-80e4-a10b14a740d7/datanode-2/data/containers] WARN  fs.CachingGetSpaceUsed (CachingGetSpaceUsed.java:run(183)) - Thread Interrupted waiting to refresh disk information: sleep interrupted
2019-11-12 22:25:30,322 [main] INFO  utils.BackgroundService (BackgroundService.java:shutdown(151)) - Shutting down service BlockDeletingService
2019-11-12 22:25:30,325 [main] INFO  statemachine.DatanodeStateMachine (DatanodeStateMachine.java:stopDaemon(395)) - Ozone container server stopped.
2019-11-12 22:25:30,328 [main] INFO  handler.ContextHandler (ContextHandler.java:doStop(910)) - Stopped o.e.j.w.WebAppContext@a146b11{/,null,UNAVAILABLE}{/hddsDatanode}
2019-11-12 22:25:30,328 [main] INFO  server.AbstractConnector (AbstractConnector.java:doStop(318)) - Stopped ServerConnector@f438904{HTTP/1.1,[http/1.1]}{0.0.0.0:0}
2019-11-12 22:25:30,329 [main] INFO  handler.ContextHandler (ContextHandler.java:doStop(910)) - Stopped o.e.j.s.ServletContextHandler@4dac121d{/static,jar:file:/home/user/.m2/repository/org/apache/hadoop/hadoop-hdds-container-service/0.5.0-SNAPSHOT/hadoop-hdds-container-service-0.5.0-SNAPSHOT.jar!/webapps/static,UNAVAILABLE}
2019-11-12 22:25:30,329 [main] INFO  handler.ContextHandler (ContextHandler.java:doStop(910)) - Stopped o.e.j.s.ServletContextHandler@a9c5b75{/logs,file:///workdir/hadoop-ozone/integration-test/target/log,UNAVAILABLE}
2019-11-12 22:25:30,331 [ForkJoinPool.commonPool-worker-1] INFO  utils.BackgroundService (BackgroundService.java:shutdown(151)) - Shutting down service BlockDeletingService
2019-11-12 22:25:30,334 [ForkJoinPool.commonPool-worker-1] INFO  statemachine.DatanodeStateMachine (DatanodeStateMachine.java:stopDaemon(395)) - Ozone container server stopped.
2019-11-12 22:25:30,336 [ForkJoinPool.commonPool-worker-1] INFO  handler.ContextHandler (ContextHandler.java:doStop(910)) - Stopped o.e.j.w.WebAppContext@73a0f2b{/,null,UNAVAILABLE}{/hddsDatanode}
2019-11-12 22:25:30,337 [ForkJoinPool.commonPool-worker-1] INFO  server.AbstractConnector (AbstractConnector.java:doStop(318)) - Stopped ServerConnector@fa5f81c{HTTP/1.1,[http/1.1]}{0.0.0.0:0}
2019-11-12 22:25:30,338 [ForkJoinPool.commonPool-worker-1] INFO  handler.ContextHandler (ContextHandler.java:doStop(910)) - Stopped o.e.j.s.ServletContextHandler@2ead6ba4{/static,jar:file:/home/user/.m2/repository/org/apache/hadoop/hadoop-hdds-container-service/0.5.0-SNAPSHOT/hadoop-hdds-container-service-0.5.0-SNAPSHOT.jar!/webapps/static,UNAVAILABLE}
2019-11-12 22:25:30,339 [ForkJoinPool.commonPool-worker-1] INFO  handler.ContextHandler (ContextHandler.java:doStop(910)) - Stopped o.e.j.s.ServletContextHandler@2404b5a{/logs,file:///workdir/hadoop-ozone/integration-test/target/log,UNAVAILABLE}
2019-11-12 22:25:30,608 [Datanode State Machine Thread - 0] INFO  statemachine.DatanodeStateMachine (DatanodeStateMachine.java:lambda$startDaemon$0(350)) - Ozone container server started.
2019-11-12 22:25:30,743 [grpc-default-executor-0] WARN  server.GrpcLogAppender (LogUtils.java:warn(134)) - 124b1436-2dec-4708-9bef-ac97c435ef9a@group-856B764B1031->e1630cc0-82e2-4757-a0ff-1e5aa97f4a82-AppendLogResponseHandler: Failed appendEntries: org.apache.ratis.thirdparty.io.grpc.StatusRuntimeException: UNAVAILABLE: io exception
2019-11-12 22:25:30,743 [grpc-default-executor-0] INFO  impl.FollowerInfo (FollowerInfo.java:lambda$new$0(51)) - 124b1436-2dec-4708-9bef-ac97c435ef9a@group-856B764B1031->e1630cc0-82e2-4757-a0ff-1e5aa97f4a82: nextIndex: updateUnconditionally 0 -> 0
2019-11-12 22:25:30,761 [grpc-default-executor-2] WARN  server.GrpcLogAppender (LogUtils.java:warn(134)) - 124b1436-2dec-4708-9bef-ac97c435ef9a@group-856B764B1031->36ba2c4b-fd66-4a0d-bee3-710bbe72aafc-AppendLogResponseHandler: Failed appendEntries: org.apache.ratis.thirdparty.io.grpc.StatusRuntimeException: UNAVAILABLE: io exception
2019-11-12 22:25:30,762 [grpc-default-executor-2] INFO  impl.FollowerInfo (FollowerInfo.java:lambda$new$0(51)) - 124b1436-2dec-4708-9bef-ac97c435ef9a@group-856B764B1031->36ba2c4b-fd66-4a0d-bee3-710bbe72aafc: nextIndex: updateUnconditionally 0 -> 0
2019-11-12 22:25:30,958 [Datanode State Machine Thread - 0] INFO  statemachine.DatanodeStateMachine (DatanodeStateMachine.java:lambda$startDaemon$0(350)) - Ozone container server started.
2019-11-12 22:25:31,244 [grpc-default-executor-4] WARN  server.GrpcLogAppender (LogUtils.java:warn(134)) - 124b1436-2dec-4708-9bef-ac97c435ef9a@group-856B764B1031->e1630cc0-82e2-4757-a0ff-1e5aa97f4a82-AppendLogResponseHandler: Failed appendEntries: org.apache.ratis.thirdparty.io.grpc.StatusRuntimeException: UNAVAILABLE: io exception
2019-11-12 22:25:31,244 [grpc-default-executor-4] INFO  impl.FollowerInfo (FollowerInfo.java:lambda$new$0(51)) - 124b1436-2dec-4708-9bef-ac97c435ef9a@group-856B764B1031->e1630cc0-82e2-4757-a0ff-1e5aa97f4a82: nextIndex: updateUnconditionally 0 -> 0
2019-11-12 22:25:31,262 [grpc-default-executor-4] WARN  server.GrpcLogAppender (LogUtils.java:warn(134)) - 124b1436-2dec-4708-9bef-ac97c435ef9a@group-856B764B1031->36ba2c4b-fd66-4a0d-bee3-710bbe72aafc-AppendLogResponseHandler: Failed appendEntries: org.apache.ratis.thirdparty.io.grpc.StatusRuntimeException: UNAVAILABLE: io exception
2019-11-12 22:25:31,262 [grpc-default-executor-4] INFO  impl.FollowerInfo (FollowerInfo.java:lambda$new$0(51)) - 124b1436-2dec-4708-9bef-ac97c435ef9a@group-856B764B1031->36ba2c4b-fd66-4a0d-bee3-710bbe72aafc: nextIndex: updateUnconditionally 0 -> 0
2019-11-12 22:25:31,456 [Thread-1919] INFO  impl.FollowerState (FollowerState.java:run(111)) - ed184682-841a-431b-821d-e4efb86e7b6e@group-136293D85503-FollowerState: change to CANDIDATE, lastRpcTime:1234ms, electionTimeout:1065ms
2019-11-12 22:25:31,457 [Thread-1919] INFO  impl.RoleInfo (RoleInfo.java:shutdownFollowerState(121)) - ed184682-841a-431b-821d-e4efb86e7b6e: shutdown FollowerState
2019-11-12 22:25:31,457 [Thread-1919] INFO  impl.RaftServerImpl (RaftServerImpl.java:setRole(173)) - ed184682-841a-431b-821d-e4efb86e7b6e@group-136293D85503: changes role from  FOLLOWER to CANDIDATE at term 3 for changeToCandidate
2019-11-12 22:25:31,457 [Thread-1919] INFO  impl.RoleInfo (RoleInfo.java:updateAndGet(143)) - ed184682-841a-431b-821d-e4efb86e7b6e: start LeaderElection
2019-11-12 22:25:31,457 [ed184682-841a-431b-821d-e4efb86e7b6e@group-136293D85503-LeaderElection64] INFO  impl.RaftServerImpl (ServerState.java:setLeader(255)) - ed184682-841a-431b-821d-e4efb86e7b6e@group-136293D85503: change Leader from cc8f8d42-1b01-4431-8c29-b671ab5a5551 to null at term 3 for initElection
2019-11-12 22:25:31,484 [ed184682-841a-431b-821d-e4efb86e7b6e@group-136293D85503-LeaderElection64] INFO  impl.LeaderElection (LeaderElection.java:askForVotes(178)) - ed184682-841a-431b-821d-e4efb86e7b6e@group-136293D85503-LeaderElection64: begin an election at term 4 for 1: [ed184682-841a-431b-821d-e4efb86e7b6e:192.168.157.210:40829, cc8f8d42-1b01-4431-8c29-b671ab5a5551:192.168.157.210:40886, fed2bd94-bbf4-4593-9887-7c07c070d07d:192.168.157.210:37620], old=null
2019-11-12 22:25:31,485 [ed184682-841a-431b-821d-e4efb86e7b6e@group-136293D85503-LeaderElection64] INFO  impl.LeaderElection (LogUtils.java:infoOrTrace(149)) - ed184682-841a-431b-821d-e4efb86e7b6e@group-136293D85503-LeaderElection64 got exception when requesting votes: {}
java.util.concurrent.ExecutionException: org.apache.ratis.thirdparty.io.grpc.StatusRuntimeException: UNAVAILABLE: io exception
	at java.util.concurrent.FutureTask.report(FutureTask.java:122)
	at java.util.concurrent.FutureTask.get(FutureTask.java:192)
	at org.apache.ratis.server.impl.LeaderElection.waitForResults(LeaderElection.java:259)
	at org.apache.ratis.server.impl.LeaderElection.askForVotes(LeaderElection.java:197)
	at org.apache.ratis.server.impl.LeaderElection.run(LeaderElection.java:133)
	at java.lang.Thread.run(Thread.java:748)
Caused by: org.apache.ratis.thirdparty.io.grpc.StatusRuntimeException: UNAVAILABLE: io exception
	at org.apache.ratis.thirdparty.io.grpc.stub.ClientCalls.toStatusRuntimeException(ClientCalls.java:233)
	at org.apache.ratis.thirdparty.io.grpc.stub.ClientCalls.getUnchecked(ClientCalls.java:214)
	at org.apache.ratis.thirdparty.io.grpc.stub.ClientCalls.blockingUnaryCall(ClientCalls.java:139)
	at org.apache.ratis.proto.grpc.RaftServerProtocolServiceGrpc$RaftServerProtocolServiceBlockingStub.requestVote(RaftServerProtocolServiceGrpc.java:265)
	at org.apache.ratis.grpc.server.GrpcServerProtocolClient.requestVote(GrpcServerProtocolClient.java:99)
	at org.apache.ratis.grpc.server.GrpcService.requestVote(GrpcService.java:204)
	at org.apache.ratis.server.impl.LeaderElection.lambda$submitRequests$1(LeaderElection.java:234)
	at java.util.concurrent.FutureTask.run(FutureTask.java:266)
	at java.util.concurrent.Executors$RunnableAdapter.call(Executors.java:511)
	at java.util.concurrent.FutureTask.run(FutureTask.java:266)
	at java.util.concurrent.ThreadPoolExecutor.runWorker(ThreadPoolExecutor.java:1149)
	at java.util.concurrent.ThreadPoolExecutor$Worker.run(ThreadPoolExecutor.java:624)
	... 1 more
Caused by: org.apache.ratis.thirdparty.io.netty.channel.AbstractChannel$AnnotatedConnectException: Connection refused: /192.168.157.210:37620
	at sun.nio.ch.SocketChannelImpl.checkConnect(Native Method)
	at sun.nio.ch.SocketChannelImpl.finishConnect(SocketChannelImpl.java:717)
	at org.apache.ratis.thirdparty.io.netty.channel.socket.nio.NioSocketChannel.doFinishConnect(NioSocketChannel.java:327)
	at org.apache.ratis.thirdparty.io.netty.channel.nio.AbstractNioChannel$AbstractNioUnsafe.finishConnect(AbstractNioChannel.java:340)
	at org.apache.ratis.thirdparty.io.netty.channel.nio.NioEventLoop.processSelectedKey(NioEventLoop.java:632)
	at org.apache.ratis.thirdparty.io.netty.channel.nio.NioEventLoop.processSelectedKeysOptimized(NioEventLoop.java:579)
	at org.apache.ratis.thirdparty.io.netty.channel.nio.NioEventLoop.processSelectedKeys(NioEventLoop.java:496)
	at org.apache.ratis.thirdparty.io.netty.channel.nio.NioEventLoop.run(NioEventLoop.java:458)
	at org.apache.ratis.thirdparty.io.netty.util.concurrent.SingleThreadEventExecutor$5.run(SingleThreadEventExecutor.java:897)
	at org.apache.ratis.thirdparty.io.netty.util.concurrent.FastThreadLocalRunnable.run(FastThreadLocalRunnable.java:30)
	... 1 more
Caused by: java.net.ConnectException: Connection refused
	... 11 more
2019-11-12 22:25:31,488 [ed184682-841a-431b-821d-e4efb86e7b6e@group-136293D85503-LeaderElection64] INFO  impl.LeaderElection (LogUtils.java:infoOrTrace(149)) - ed184682-841a-431b-821d-e4efb86e7b6e@group-136293D85503-LeaderElection64 got exception when requesting votes: {}
java.util.concurrent.ExecutionException: org.apache.ratis.thirdparty.io.grpc.StatusRuntimeException: UNAVAILABLE: io exception
	at java.util.concurrent.FutureTask.report(FutureTask.java:122)
	at java.util.concurrent.FutureTask.get(FutureTask.java:192)
	at org.apache.ratis.server.impl.LeaderElection.waitForResults(LeaderElection.java:259)
	at org.apache.ratis.server.impl.LeaderElection.askForVotes(LeaderElection.java:197)
	at org.apache.ratis.server.impl.LeaderElection.run(LeaderElection.java:133)
	at java.lang.Thread.run(Thread.java:748)
Caused by: org.apache.ratis.thirdparty.io.grpc.StatusRuntimeException: UNAVAILABLE: io exception
	at org.apache.ratis.thirdparty.io.grpc.stub.ClientCalls.toStatusRuntimeException(ClientCalls.java:233)
	at org.apache.ratis.thirdparty.io.grpc.stub.ClientCalls.getUnchecked(ClientCalls.java:214)
	at org.apache.ratis.thirdparty.io.grpc.stub.ClientCalls.blockingUnaryCall(ClientCalls.java:139)
	at org.apache.ratis.proto.grpc.RaftServerProtocolServiceGrpc$RaftServerProtocolServiceBlockingStub.requestVote(RaftServerProtocolServiceGrpc.java:265)
	at org.apache.ratis.grpc.server.GrpcServerProtocolClient.requestVote(GrpcServerProtocolClient.java:99)
	at org.apache.ratis.grpc.server.GrpcService.requestVote(GrpcService.java:204)
	at org.apache.ratis.server.impl.LeaderElection.lambda$submitRequests$1(LeaderElection.java:234)
	at java.util.concurrent.FutureTask.run(FutureTask.java:266)
	at java.util.concurrent.Executors$RunnableAdapter.call(Executors.java:511)
	at java.util.concurrent.FutureTask.run(FutureTask.java:266)
	at java.util.concurrent.ThreadPoolExecutor.runWorker(ThreadPoolExecutor.java:1149)
	at java.util.concurrent.ThreadPoolExecutor$Worker.run(ThreadPoolExecutor.java:624)
	... 1 more
Caused by: org.apache.ratis.thirdparty.io.netty.channel.AbstractChannel$AnnotatedConnectException: Connection refused: /192.168.157.210:40886
	at sun.nio.ch.SocketChannelImpl.checkConnect(Native Method)
	at sun.nio.ch.SocketChannelImpl.finishConnect(SocketChannelImpl.java:717)
	at org.apache.ratis.thirdparty.io.netty.channel.socket.nio.NioSocketChannel.doFinishConnect(NioSocketChannel.java:327)
	at org.apache.ratis.thirdparty.io.netty.channel.nio.AbstractNioChannel$AbstractNioUnsafe.finishConnect(AbstractNioChannel.java:340)
	at org.apache.ratis.thirdparty.io.netty.channel.nio.NioEventLoop.processSelectedKey(NioEventLoop.java:632)
	at org.apache.ratis.thirdparty.io.netty.channel.nio.NioEventLoop.processSelectedKeysOptimized(NioEventLoop.java:579)
	at org.apache.ratis.thirdparty.io.netty.channel.nio.NioEventLoop.processSelectedKeys(NioEventLoop.java:496)
	at org.apache.ratis.thirdparty.io.netty.channel.nio.NioEventLoop.run(NioEventLoop.java:458)
	at org.apache.ratis.thirdparty.io.netty.util.concurrent.SingleThreadEventExecutor$5.run(SingleThreadEventExecutor.java:897)
	at org.apache.ratis.thirdparty.io.netty.util.concurrent.FastThreadLocalRunnable.run(FastThreadLocalRunnable.java:30)
	... 1 more
Caused by: java.net.ConnectException: Connection refused
	... 11 more
2019-11-12 22:25:31,490 [ed184682-841a-431b-821d-e4efb86e7b6e@group-136293D85503-LeaderElection64] INFO  impl.LeaderElection (LeaderElection.java:logAndReturn(56)) - ed184682-841a-431b-821d-e4efb86e7b6e@group-136293D85503-LeaderElection64: Election REJECTED; received 0 response(s) [] and 2 exception(s); ed184682-841a-431b-821d-e4efb86e7b6e@group-136293D85503:t4, leader=null, voted=ed184682-841a-431b-821d-e4efb86e7b6e, raftlog=ed184682-841a-431b-821d-e4efb86e7b6e@group-136293D85503-SegmentedRaftLog:OPENED:c2,f2,i2, conf=1: [ed184682-841a-431b-821d-e4efb86e7b6e:192.168.157.210:40829, cc8f8d42-1b01-4431-8c29-b671ab5a5551:192.168.157.210:40886, fed2bd94-bbf4-4593-9887-7c07c070d07d:192.168.157.210:37620], old=null
2019-11-12 22:25:31,490 [ed184682-841a-431b-821d-e4efb86e7b6e@group-136293D85503-LeaderElection64] INFO  impl.LeaderElection (LogUtils.java:infoOrTrace(149)) -   Exception 0: {}
java.util.concurrent.ExecutionException: org.apache.ratis.thirdparty.io.grpc.StatusRuntimeException: UNAVAILABLE: io exception
	at java.util.concurrent.FutureTask.report(FutureTask.java:122)
	at java.util.concurrent.FutureTask.get(FutureTask.java:192)
	at org.apache.ratis.server.impl.LeaderElection.waitForResults(LeaderElection.java:259)
	at org.apache.ratis.server.impl.LeaderElection.askForVotes(LeaderElection.java:197)
	at org.apache.ratis.server.impl.LeaderElection.run(LeaderElection.java:133)
	at java.lang.Thread.run(Thread.java:748)
Caused by: org.apache.ratis.thirdparty.io.grpc.StatusRuntimeException: UNAVAILABLE: io exception
	at org.apache.ratis.thirdparty.io.grpc.stub.ClientCalls.toStatusRuntimeException(ClientCalls.java:233)
	at org.apache.ratis.thirdparty.io.grpc.stub.ClientCalls.getUnchecked(ClientCalls.java:214)
	at org.apache.ratis.thirdparty.io.grpc.stub.ClientCalls.blockingUnaryCall(ClientCalls.java:139)
	at org.apache.ratis.proto.grpc.RaftServerProtocolServiceGrpc$RaftServerProtocolServiceBlockingStub.requestVote(RaftServerProtocolServiceGrpc.java:265)
	at org.apache.ratis.grpc.server.GrpcServerProtocolClient.requestVote(GrpcServerProtocolClient.java:99)
	at org.apache.ratis.grpc.server.GrpcService.requestVote(GrpcService.java:204)
	at org.apache.ratis.server.impl.LeaderElection.lambda$submitRequests$1(LeaderElection.java:234)
	at java.util.concurrent.FutureTask.run(FutureTask.java:266)
	at java.util.concurrent.Executors$RunnableAdapter.call(Executors.java:511)
	at java.util.concurrent.FutureTask.run(FutureTask.java:266)
	at java.util.concurrent.ThreadPoolExecutor.runWorker(ThreadPoolExecutor.java:1149)
	at java.util.concurrent.ThreadPoolExecutor$Worker.run(ThreadPoolExecutor.java:624)
	... 1 more
Caused by: org.apache.ratis.thirdparty.io.netty.channel.AbstractChannel$AnnotatedConnectException: Connection refused: /192.168.157.210:37620
	at sun.nio.ch.SocketChannelImpl.checkConnect(Native Method)
	at sun.nio.ch.SocketChannelImpl.finishConnect(SocketChannelImpl.java:717)
	at org.apache.ratis.thirdparty.io.netty.channel.socket.nio.NioSocketChannel.doFinishConnect(NioSocketChannel.java:327)
	at org.apache.ratis.thirdparty.io.netty.channel.nio.AbstractNioChannel$AbstractNioUnsafe.finishConnect(AbstractNioChannel.java:340)
	at org.apache.ratis.thirdparty.io.netty.channel.nio.NioEventLoop.processSelectedKey(NioEventLoop.java:632)
	at org.apache.ratis.thirdparty.io.netty.channel.nio.NioEventLoop.processSelectedKeysOptimized(NioEventLoop.java:579)
	at org.apache.ratis.thirdparty.io.netty.channel.nio.NioEventLoop.processSelectedKeys(NioEventLoop.java:496)
	at org.apache.ratis.thirdparty.io.netty.channel.nio.NioEventLoop.run(NioEventLoop.java:458)
	at org.apache.ratis.thirdparty.io.netty.util.concurrent.SingleThreadEventExecutor$5.run(SingleThreadEventExecutor.java:897)
	at org.apache.ratis.thirdparty.io.netty.util.concurrent.FastThreadLocalRunnable.run(FastThreadLocalRunnable.java:30)
	... 1 more
Caused by: java.net.ConnectException: Connection refused
	... 11 more
2019-11-12 22:25:31,491 [ed184682-841a-431b-821d-e4efb86e7b6e@group-136293D85503-LeaderElection64] INFO  impl.LeaderElection (LogUtils.java:infoOrTrace(149)) -   Exception 1: {}
java.util.concurrent.ExecutionException: org.apache.ratis.thirdparty.io.grpc.StatusRuntimeException: UNAVAILABLE: io exception
	at java.util.concurrent.FutureTask.report(FutureTask.java:122)
	at java.util.concurrent.FutureTask.get(FutureTask.java:192)
	at org.apache.ratis.server.impl.LeaderElection.waitForResults(LeaderElection.java:259)
	at org.apache.ratis.server.impl.LeaderElection.askForVotes(LeaderElection.java:197)
	at org.apache.ratis.server.impl.LeaderElection.run(LeaderElection.java:133)
	at java.lang.Thread.run(Thread.java:748)
Caused by: org.apache.ratis.thirdparty.io.grpc.StatusRuntimeException: UNAVAILABLE: io exception
	at org.apache.ratis.thirdparty.io.grpc.stub.ClientCalls.toStatusRuntimeException(ClientCalls.java:233)
	at org.apache.ratis.thirdparty.io.grpc.stub.ClientCalls.getUnchecked(ClientCalls.java:214)
	at org.apache.ratis.thirdparty.io.grpc.stub.ClientCalls.blockingUnaryCall(ClientCalls.java:139)
	at org.apache.ratis.proto.grpc.RaftServerProtocolServiceGrpc$RaftServerProtocolServiceBlockingStub.requestVote(RaftServerProtocolServiceGrpc.java:265)
	at org.apache.ratis.grpc.server.GrpcServerProtocolClient.requestVote(GrpcServerProtocolClient.java:99)
	at org.apache.ratis.grpc.server.GrpcService.requestVote(GrpcService.java:204)
	at org.apache.ratis.server.impl.LeaderElection.lambda$submitRequests$1(LeaderElection.java:234)
	at java.util.concurrent.FutureTask.run(FutureTask.java:266)
	at java.util.concurrent.Executors$RunnableAdapter.call(Executors.java:511)
	at java.util.concurrent.FutureTask.run(FutureTask.java:266)
	at java.util.concurrent.ThreadPoolExecutor.runWorker(ThreadPoolExecutor.java:1149)
	at java.util.concurrent.ThreadPoolExecutor$Worker.run(ThreadPoolExecutor.java:624)
	... 1 more
Caused by: org.apache.ratis.thirdparty.io.netty.channel.AbstractChannel$AnnotatedConnectException: Connection refused: /192.168.157.210:40886
	at sun.nio.ch.SocketChannelImpl.checkConnect(Native Method)
	at sun.nio.ch.SocketChannelImpl.finishConnect(SocketChannelImpl.java:717)
	at org.apache.ratis.thirdparty.io.netty.channel.socket.nio.NioSocketChannel.doFinishConnect(NioSocketChannel.java:327)
	at org.apache.ratis.thirdparty.io.netty.channel.nio.AbstractNioChannel$AbstractNioUnsafe.finishConnect(AbstractNioChannel.java:340)
	at org.apache.ratis.thirdparty.io.netty.channel.nio.NioEventLoop.processSelectedKey(NioEventLoop.java:632)
	at org.apache.ratis.thirdparty.io.netty.channel.nio.NioEventLoop.processSelectedKeysOptimized(NioEventLoop.java:579)
	at org.apache.ratis.thirdparty.io.netty.channel.nio.NioEventLoop.processSelectedKeys(NioEventLoop.java:496)
	at org.apache.ratis.thirdparty.io.netty.channel.nio.NioEventLoop.run(NioEventLoop.java:458)
	at org.apache.ratis.thirdparty.io.netty.util.concurrent.SingleThreadEventExecutor$5.run(SingleThreadEventExecutor.java:897)
	at org.apache.ratis.thirdparty.io.netty.util.concurrent.FastThreadLocalRunnable.run(FastThreadLocalRunnable.java:30)
	... 1 more
Caused by: java.net.ConnectException: Connection refused
	... 11 more
2019-11-12 22:25:31,491 [ed184682-841a-431b-821d-e4efb86e7b6e@group-136293D85503-LeaderElection64] INFO  impl.RaftServerImpl (RaftServerImpl.java:setRole(173)) - ed184682-841a-431b-821d-e4efb86e7b6e@group-136293D85503: changes role from CANDIDATE to FOLLOWER at term 4 for DISCOVERED_A_NEW_TERM
2019-11-12 22:25:31,491 [ed184682-841a-431b-821d-e4efb86e7b6e@group-136293D85503-LeaderElection64] INFO  impl.RoleInfo (RoleInfo.java:shutdownLeaderElection(134)) - ed184682-841a-431b-821d-e4efb86e7b6e: shutdown LeaderElection
2019-11-12 22:25:31,492 [ed184682-841a-431b-821d-e4efb86e7b6e@group-136293D85503-LeaderElection64] INFO  impl.RoleInfo (RoleInfo.java:updateAndGet(143)) - ed184682-841a-431b-821d-e4efb86e7b6e: start FollowerState
2019-11-12 22:25:31,744 [grpc-default-executor-0] WARN  server.GrpcLogAppender (LogUtils.java:warn(134)) - 124b1436-2dec-4708-9bef-ac97c435ef9a@group-856B764B1031->e1630cc0-82e2-4757-a0ff-1e5aa97f4a82-AppendLogResponseHandler: Failed appendEntries: org.apache.ratis.thirdparty.io.grpc.StatusRuntimeException: UNAVAILABLE: io exception
2019-11-12 22:25:31,745 [grpc-default-executor-0] INFO  impl.FollowerInfo (FollowerInfo.java:lambda$new$0(51)) - 124b1436-2dec-4708-9bef-ac97c435ef9a@group-856B764B1031->e1630cc0-82e2-4757-a0ff-1e5aa97f4a82: nextIndex: updateUnconditionally 0 -> 0
2019-11-12 22:25:31,763 [grpc-default-executor-2] WARN  server.GrpcLogAppender (LogUtils.java:warn(134)) - 124b1436-2dec-4708-9bef-ac97c435ef9a@group-856B764B1031->36ba2c4b-fd66-4a0d-bee3-710bbe72aafc-AppendLogResponseHandler: Failed appendEntries: org.apache.ratis.thirdparty.io.grpc.StatusRuntimeException: UNAVAILABLE: io exception
2019-11-12 22:25:31,764 [grpc-default-executor-2] INFO  impl.FollowerInfo (FollowerInfo.java:lambda$new$0(51)) - 124b1436-2dec-4708-9bef-ac97c435ef9a@group-856B764B1031->36ba2c4b-fd66-4a0d-bee3-710bbe72aafc: nextIndex: updateUnconditionally 0 -> 0
2019-11-12 22:25:32,245 [grpc-default-executor-0] WARN  server.GrpcLogAppender (LogUtils.java:warn(134)) - 124b1436-2dec-4708-9bef-ac97c435ef9a@group-856B764B1031->e1630cc0-82e2-4757-a0ff-1e5aa97f4a82-AppendLogResponseHandler: Failed appendEntries: org.apache.ratis.thirdparty.io.grpc.StatusRuntimeException: UNAVAILABLE: io exception
2019-11-12 22:25:32,245 [grpc-default-executor-0] INFO  impl.FollowerInfo (FollowerInfo.java:lambda$new$0(51)) - 124b1436-2dec-4708-9bef-ac97c435ef9a@group-856B764B1031->e1630cc0-82e2-4757-a0ff-1e5aa97f4a82: nextIndex: updateUnconditionally 0 -> 0
2019-11-12 22:25:32,263 [grpc-default-executor-0] WARN  server.GrpcLogAppender (LogUtils.java:warn(134)) - 124b1436-2dec-4708-9bef-ac97c435ef9a@group-856B764B1031->36ba2c4b-fd66-4a0d-bee3-710bbe72aafc-AppendLogResponseHandler: Failed appendEntries: org.apache.ratis.thirdparty.io.grpc.StatusRuntimeException: UNAVAILABLE: io exception
2019-11-12 22:25:32,263 [grpc-default-executor-0] INFO  impl.FollowerInfo (FollowerInfo.java:lambda$new$0(51)) - 124b1436-2dec-4708-9bef-ac97c435ef9a@group-856B764B1031->36ba2c4b-fd66-4a0d-bee3-710bbe72aafc: nextIndex: updateUnconditionally 0 -> 0
2019-11-12 22:25:32,520 [Thread-1938] INFO  impl.FollowerState (FollowerState.java:run(111)) - ed184682-841a-431b-821d-e4efb86e7b6e@group-136293D85503-FollowerState: change to CANDIDATE, lastRpcTime:1028ms, electionTimeout:1028ms
2019-11-12 22:25:32,520 [Thread-1938] INFO  impl.RoleInfo (RoleInfo.java:shutdownFollowerState(121)) - ed184682-841a-431b-821d-e4efb86e7b6e: shutdown FollowerState
2019-11-12 22:25:32,521 [Thread-1938] INFO  impl.RaftServerImpl (RaftServerImpl.java:setRole(173)) - ed184682-841a-431b-821d-e4efb86e7b6e@group-136293D85503: changes role from  FOLLOWER to CANDIDATE at term 4 for changeToCandidate
2019-11-12 22:25:32,521 [Thread-1938] INFO  impl.RoleInfo (RoleInfo.java:updateAndGet(143)) - ed184682-841a-431b-821d-e4efb86e7b6e: start LeaderElection
2019-11-12 22:25:32,562 [ed184682-841a-431b-821d-e4efb86e7b6e@group-136293D85503-LeaderElection65] INFO  impl.LeaderElection (LeaderElection.java:askForVotes(178)) - ed184682-841a-431b-821d-e4efb86e7b6e@group-136293D85503-LeaderElection65: begin an election at term 5 for 1: [ed184682-841a-431b-821d-e4efb86e7b6e:192.168.157.210:40829, cc8f8d42-1b01-4431-8c29-b671ab5a5551:192.168.157.210:40886, fed2bd94-bbf4-4593-9887-7c07c070d07d:192.168.157.210:37620], old=null
2019-11-12 22:25:32,563 [ed184682-841a-431b-821d-e4efb86e7b6e@group-136293D85503-LeaderElection65] INFO  impl.LeaderElection (LogUtils.java:infoOrTrace(149)) - ed184682-841a-431b-821d-e4efb86e7b6e@group-136293D85503-LeaderElection65 got exception when requesting votes: {}
java.util.concurrent.ExecutionException: org.apache.ratis.thirdparty.io.grpc.StatusRuntimeException: UNAVAILABLE: io exception
	at java.util.concurrent.FutureTask.report(FutureTask.java:122)
	at java.util.concurrent.FutureTask.get(FutureTask.java:192)
	at org.apache.ratis.server.impl.LeaderElection.waitForResults(LeaderElection.java:259)
	at org.apache.ratis.server.impl.LeaderElection.askForVotes(LeaderElection.java:197)
	at org.apache.ratis.server.impl.LeaderElection.run(LeaderElection.java:133)
	at java.lang.Thread.run(Thread.java:748)
Caused by: org.apache.ratis.thirdparty.io.grpc.StatusRuntimeException: UNAVAILABLE: io exception
	at org.apache.ratis.thirdparty.io.grpc.stub.ClientCalls.toStatusRuntimeException(ClientCalls.java:233)
	at org.apache.ratis.thirdparty.io.grpc.stub.ClientCalls.getUnchecked(ClientCalls.java:214)
	at org.apache.ratis.thirdparty.io.grpc.stub.ClientCalls.blockingUnaryCall(ClientCalls.java:139)
	at org.apache.ratis.proto.grpc.RaftServerProtocolServiceGrpc$RaftServerProtocolServiceBlockingStub.requestVote(RaftServerProtocolServiceGrpc.java:265)
	at org.apache.ratis.grpc.server.GrpcServerProtocolClient.requestVote(GrpcServerProtocolClient.java:99)
	at org.apache.ratis.grpc.server.GrpcService.requestVote(GrpcService.java:204)
	at org.apache.ratis.server.impl.LeaderElection.lambda$submitRequests$1(LeaderElection.java:234)
	at java.util.concurrent.FutureTask.run(FutureTask.java:266)
	at java.util.concurrent.Executors$RunnableAdapter.call(Executors.java:511)
	at java.util.concurrent.FutureTask.run(FutureTask.java:266)
	at java.util.concurrent.ThreadPoolExecutor.runWorker(ThreadPoolExecutor.java:1149)
	at java.util.concurrent.ThreadPoolExecutor$Worker.run(ThreadPoolExecutor.java:624)
	... 1 more
Caused by: org.apache.ratis.thirdparty.io.netty.channel.AbstractChannel$AnnotatedConnectException: Connection refused: /192.168.157.210:40886
	at sun.nio.ch.SocketChannelImpl.checkConnect(Native Method)
	at sun.nio.ch.SocketChannelImpl.finishConnect(SocketChannelImpl.java:717)
	at org.apache.ratis.thirdparty.io.netty.channel.socket.nio.NioSocketChannel.doFinishConnect(NioSocketChannel.java:327)
	at org.apache.ratis.thirdparty.io.netty.channel.nio.AbstractNioChannel$AbstractNioUnsafe.finishConnect(AbstractNioChannel.java:340)
	at org.apache.ratis.thirdparty.io.netty.channel.nio.NioEventLoop.processSelectedKey(NioEventLoop.java:632)
	at org.apache.ratis.thirdparty.io.netty.channel.nio.NioEventLoop.processSelectedKeysOptimized(NioEventLoop.java:579)
	at org.apache.ratis.thirdparty.io.netty.channel.nio.NioEventLoop.processSelectedKeys(NioEventLoop.java:496)
	at org.apache.ratis.thirdparty.io.netty.channel.nio.NioEventLoop.run(NioEventLoop.java:458)
	at org.apache.ratis.thirdparty.io.netty.util.concurrent.SingleThreadEventExecutor$5.run(SingleThreadEventExecutor.java:897)
	at org.apache.ratis.thirdparty.io.netty.util.concurrent.FastThreadLocalRunnable.run(FastThreadLocalRunnable.java:30)
	... 1 more
Caused by: java.net.ConnectException: Connection refused
	... 11 more
2019-11-12 22:25:32,565 [ed184682-841a-431b-821d-e4efb86e7b6e@group-136293D85503-LeaderElection65] INFO  impl.LeaderElection (LogUtils.java:infoOrTrace(149)) - ed184682-841a-431b-821d-e4efb86e7b6e@group-136293D85503-LeaderElection65 got exception when requesting votes: {}
java.util.concurrent.ExecutionException: org.apache.ratis.thirdparty.io.grpc.StatusRuntimeException: UNAVAILABLE: io exception
	at java.util.concurrent.FutureTask.report(FutureTask.java:122)
	at java.util.concurrent.FutureTask.get(FutureTask.java:192)
	at org.apache.ratis.server.impl.LeaderElection.waitForResults(LeaderElection.java:259)
	at org.apache.ratis.server.impl.LeaderElection.askForVotes(LeaderElection.java:197)
	at org.apache.ratis.server.impl.LeaderElection.run(LeaderElection.java:133)
	at java.lang.Thread.run(Thread.java:748)
Caused by: org.apache.ratis.thirdparty.io.grpc.StatusRuntimeException: UNAVAILABLE: io exception
	at org.apache.ratis.thirdparty.io.grpc.stub.ClientCalls.toStatusRuntimeException(ClientCalls.java:233)
	at org.apache.ratis.thirdparty.io.grpc.stub.ClientCalls.getUnchecked(ClientCalls.java:214)
	at org.apache.ratis.thirdparty.io.grpc.stub.ClientCalls.blockingUnaryCall(ClientCalls.java:139)
	at org.apache.ratis.proto.grpc.RaftServerProtocolServiceGrpc$RaftServerProtocolServiceBlockingStub.requestVote(RaftServerProtocolServiceGrpc.java:265)
	at org.apache.ratis.grpc.server.GrpcServerProtocolClient.requestVote(GrpcServerProtocolClient.java:99)
	at org.apache.ratis.grpc.server.GrpcService.requestVote(GrpcService.java:204)
	at org.apache.ratis.server.impl.LeaderElection.lambda$submitRequests$1(LeaderElection.java:234)
	at java.util.concurrent.FutureTask.run(FutureTask.java:266)
	at java.util.concurrent.Executors$RunnableAdapter.call(Executors.java:511)
	at java.util.concurrent.FutureTask.run(FutureTask.java:266)
	at java.util.concurrent.ThreadPoolExecutor.runWorker(ThreadPoolExecutor.java:1149)
	at java.util.concurrent.ThreadPoolExecutor$Worker.run(ThreadPoolExecutor.java:624)
	... 1 more
Caused by: org.apache.ratis.thirdparty.io.netty.channel.AbstractChannel$AnnotatedConnectException: Connection refused: /192.168.157.210:37620
	at sun.nio.ch.SocketChannelImpl.checkConnect(Native Method)
	at sun.nio.ch.SocketChannelImpl.finishConnect(SocketChannelImpl.java:717)
	at org.apache.ratis.thirdparty.io.netty.channel.socket.nio.NioSocketChannel.doFinishConnect(NioSocketChannel.java:327)
	at org.apache.ratis.thirdparty.io.netty.channel.nio.AbstractNioChannel$AbstractNioUnsafe.finishConnect(AbstractNioChannel.java:340)
	at org.apache.ratis.thirdparty.io.netty.channel.nio.NioEventLoop.processSelectedKey(NioEventLoop.java:632)
	at org.apache.ratis.thirdparty.io.netty.channel.nio.NioEventLoop.processSelectedKeysOptimized(NioEventLoop.java:579)
	at org.apache.ratis.thirdparty.io.netty.channel.nio.NioEventLoop.processSelectedKeys(NioEventLoop.java:496)
	at org.apache.ratis.thirdparty.io.netty.channel.nio.NioEventLoop.run(NioEventLoop.java:458)
	at org.apache.ratis.thirdparty.io.netty.util.concurrent.SingleThreadEventExecutor$5.run(SingleThreadEventExecutor.java:897)
	at org.apache.ratis.thirdparty.io.netty.util.concurrent.FastThreadLocalRunnable.run(FastThreadLocalRunnable.java:30)
	... 1 more
Caused by: java.net.ConnectException: Connection refused
	... 11 more
2019-11-12 22:25:32,566 [ed184682-841a-431b-821d-e4efb86e7b6e@group-136293D85503-LeaderElection65] INFO  impl.LeaderElection (LeaderElection.java:logAndReturn(56)) - ed184682-841a-431b-821d-e4efb86e7b6e@group-136293D85503-LeaderElection65: Election REJECTED; received 0 response(s) [] and 2 exception(s); ed184682-841a-431b-821d-e4efb86e7b6e@group-136293D85503:t5, leader=null, voted=ed184682-841a-431b-821d-e4efb86e7b6e, raftlog=ed184682-841a-431b-821d-e4efb86e7b6e@group-136293D85503-SegmentedRaftLog:OPENED:c2,f2,i2, conf=1: [ed184682-841a-431b-821d-e4efb86e7b6e:192.168.157.210:40829, cc8f8d42-1b01-4431-8c29-b671ab5a5551:192.168.157.210:40886, fed2bd94-bbf4-4593-9887-7c07c070d07d:192.168.157.210:37620], old=null
2019-11-12 22:25:32,567 [ed184682-841a-431b-821d-e4efb86e7b6e@group-136293D85503-LeaderElection65] INFO  impl.LeaderElection (LogUtils.java:infoOrTrace(149)) -   Exception 0: {}
java.util.concurrent.ExecutionException: org.apache.ratis.thirdparty.io.grpc.StatusRuntimeException: UNAVAILABLE: io exception
	at java.util.concurrent.FutureTask.report(FutureTask.java:122)
	at java.util.concurrent.FutureTask.get(FutureTask.java:192)
	at org.apache.ratis.server.impl.LeaderElection.waitForResults(LeaderElection.java:259)
	at org.apache.ratis.server.impl.LeaderElection.askForVotes(LeaderElection.java:197)
	at org.apache.ratis.server.impl.LeaderElection.run(LeaderElection.java:133)
	at java.lang.Thread.run(Thread.java:748)
Caused by: org.apache.ratis.thirdparty.io.grpc.StatusRuntimeException: UNAVAILABLE: io exception
	at org.apache.ratis.thirdparty.io.grpc.stub.ClientCalls.toStatusRuntimeException(ClientCalls.java:233)
	at org.apache.ratis.thirdparty.io.grpc.stub.ClientCalls.getUnchecked(ClientCalls.java:214)
	at org.apache.ratis.thirdparty.io.grpc.stub.ClientCalls.blockingUnaryCall(ClientCalls.java:139)
	at org.apache.ratis.proto.grpc.RaftServerProtocolServiceGrpc$RaftServerProtocolServiceBlockingStub.requestVote(RaftServerProtocolServiceGrpc.java:265)
	at org.apache.ratis.grpc.server.GrpcServerProtocolClient.requestVote(GrpcServerProtocolClient.java:99)
	at org.apache.ratis.grpc.server.GrpcService.requestVote(GrpcService.java:204)
	at org.apache.ratis.server.impl.LeaderElection.lambda$submitRequests$1(LeaderElection.java:234)
	at java.util.concurrent.FutureTask.run(FutureTask.java:266)
	at java.util.concurrent.Executors$RunnableAdapter.call(Executors.java:511)
	at java.util.concurrent.FutureTask.run(FutureTask.java:266)
	at java.util.concurrent.ThreadPoolExecutor.runWorker(ThreadPoolExecutor.java:1149)
	at java.util.concurrent.ThreadPoolExecutor$Worker.run(ThreadPoolExecutor.java:624)
	... 1 more
Caused by: org.apache.ratis.thirdparty.io.netty.channel.AbstractChannel$AnnotatedConnectException: Connection refused: /192.168.157.210:40886
	at sun.nio.ch.SocketChannelImpl.checkConnect(Native Method)
	at sun.nio.ch.SocketChannelImpl.finishConnect(SocketChannelImpl.java:717)
	at org.apache.ratis.thirdparty.io.netty.channel.socket.nio.NioSocketChannel.doFinishConnect(NioSocketChannel.java:327)
	at org.apache.ratis.thirdparty.io.netty.channel.nio.AbstractNioChannel$AbstractNioUnsafe.finishConnect(AbstractNioChannel.java:340)
	at org.apache.ratis.thirdparty.io.netty.channel.nio.NioEventLoop.processSelectedKey(NioEventLoop.java:632)
	at org.apache.ratis.thirdparty.io.netty.channel.nio.NioEventLoop.processSelectedKeysOptimized(NioEventLoop.java:579)
	at org.apache.ratis.thirdparty.io.netty.channel.nio.NioEventLoop.processSelectedKeys(NioEventLoop.java:496)
	at org.apache.ratis.thirdparty.io.netty.channel.nio.NioEventLoop.run(NioEventLoop.java:458)
	at org.apache.ratis.thirdparty.io.netty.util.concurrent.SingleThreadEventExecutor$5.run(SingleThreadEventExecutor.java:897)
	at org.apache.ratis.thirdparty.io.netty.util.concurrent.FastThreadLocalRunnable.run(FastThreadLocalRunnable.java:30)
	... 1 more
Caused by: java.net.ConnectException: Connection refused
	... 11 more
2019-11-12 22:25:32,567 [ed184682-841a-431b-821d-e4efb86e7b6e@group-136293D85503-LeaderElection65] INFO  impl.LeaderElection (LogUtils.java:infoOrTrace(149)) -   Exception 1: {}
java.util.concurrent.ExecutionException: org.apache.ratis.thirdparty.io.grpc.StatusRuntimeException: UNAVAILABLE: io exception
	at java.util.concurrent.FutureTask.report(FutureTask.java:122)
	at java.util.concurrent.FutureTask.get(FutureTask.java:192)
	at org.apache.ratis.server.impl.LeaderElection.waitForResults(LeaderElection.java:259)
	at org.apache.ratis.server.impl.LeaderElection.askForVotes(LeaderElection.java:197)
	at org.apache.ratis.server.impl.LeaderElection.run(LeaderElection.java:133)
	at java.lang.Thread.run(Thread.java:748)
Caused by: org.apache.ratis.thirdparty.io.grpc.StatusRuntimeException: UNAVAILABLE: io exception
	at org.apache.ratis.thirdparty.io.grpc.stub.ClientCalls.toStatusRuntimeException(ClientCalls.java:233)
	at org.apache.ratis.thirdparty.io.grpc.stub.ClientCalls.getUnchecked(ClientCalls.java:214)
	at org.apache.ratis.thirdparty.io.grpc.stub.ClientCalls.blockingUnaryCall(ClientCalls.java:139)
	at org.apache.ratis.proto.grpc.RaftServerProtocolServiceGrpc$RaftServerProtocolServiceBlockingStub.requestVote(RaftServerProtocolServiceGrpc.java:265)
	at org.apache.ratis.grpc.server.GrpcServerProtocolClient.requestVote(GrpcServerProtocolClient.java:99)
	at org.apache.ratis.grpc.server.GrpcService.requestVote(GrpcService.java:204)
	at org.apache.ratis.server.impl.LeaderElection.lambda$submitRequests$1(LeaderElection.java:234)
	at java.util.concurrent.FutureTask.run(FutureTask.java:266)
	at java.util.concurrent.Executors$RunnableAdapter.call(Executors.java:511)
	at java.util.concurrent.FutureTask.run(FutureTask.java:266)
	at java.util.concurrent.ThreadPoolExecutor.runWorker(ThreadPoolExecutor.java:1149)
	at java.util.concurrent.ThreadPoolExecutor$Worker.run(ThreadPoolExecutor.java:624)
	... 1 more
Caused by: org.apache.ratis.thirdparty.io.netty.channel.AbstractChannel$AnnotatedConnectException: Connection refused: /192.168.157.210:37620
	at sun.nio.ch.SocketChannelImpl.checkConnect(Native Method)
	at sun.nio.ch.SocketChannelImpl.finishConnect(SocketChannelImpl.java:717)
	at org.apache.ratis.thirdparty.io.netty.channel.socket.nio.NioSocketChannel.doFinishConnect(NioSocketChannel.java:327)
	at org.apache.ratis.thirdparty.io.netty.channel.nio.AbstractNioChannel$AbstractNioUnsafe.finishConnect(AbstractNioChannel.java:340)
	at org.apache.ratis.thirdparty.io.netty.channel.nio.NioEventLoop.processSelectedKey(NioEventLoop.java:632)
	at org.apache.ratis.thirdparty.io.netty.channel.nio.NioEventLoop.processSelectedKeysOptimized(NioEventLoop.java:579)
	at org.apache.ratis.thirdparty.io.netty.channel.nio.NioEventLoop.processSelectedKeys(NioEventLoop.java:496)
	at org.apache.ratis.thirdparty.io.netty.channel.nio.NioEventLoop.run(NioEventLoop.java:458)
	at org.apache.ratis.thirdparty.io.netty.util.concurrent.SingleThreadEventExecutor$5.run(SingleThreadEventExecutor.java:897)
	at org.apache.ratis.thirdparty.io.netty.util.concurrent.FastThreadLocalRunnable.run(FastThreadLocalRunnable.java:30)
	... 1 more
Caused by: java.net.ConnectException: Connection refused
	... 11 more
2019-11-12 22:25:32,567 [ed184682-841a-431b-821d-e4efb86e7b6e@group-136293D85503-LeaderElection65] INFO  impl.RaftServerImpl (RaftServerImpl.java:setRole(173)) - ed184682-841a-431b-821d-e4efb86e7b6e@group-136293D85503: changes role from CANDIDATE to FOLLOWER at term 5 for DISCOVERED_A_NEW_TERM
2019-11-12 22:25:32,568 [ed184682-841a-431b-821d-e4efb86e7b6e@group-136293D85503-LeaderElection65] INFO  impl.RoleInfo (RoleInfo.java:shutdownLeaderElection(134)) - ed184682-841a-431b-821d-e4efb86e7b6e: shutdown LeaderElection
2019-11-12 22:25:32,568 [ed184682-841a-431b-821d-e4efb86e7b6e@group-136293D85503-LeaderElection65] INFO  impl.RoleInfo (RoleInfo.java:updateAndGet(143)) - ed184682-841a-431b-821d-e4efb86e7b6e: start FollowerState
2019-11-12 22:25:32,746 [grpc-default-executor-0] WARN  server.GrpcLogAppender (LogUtils.java:warn(134)) - 124b1436-2dec-4708-9bef-ac97c435ef9a@group-856B764B1031->e1630cc0-82e2-4757-a0ff-1e5aa97f4a82-AppendLogResponseHandler: Failed appendEntries: org.apache.ratis.thirdparty.io.grpc.StatusRuntimeException: UNAVAILABLE: io exception
2019-11-12 22:25:32,747 [grpc-default-executor-0] INFO  impl.FollowerInfo (FollowerInfo.java:lambda$new$0(51)) - 124b1436-2dec-4708-9bef-ac97c435ef9a@group-856B764B1031->e1630cc0-82e2-4757-a0ff-1e5aa97f4a82: nextIndex: updateUnconditionally 0 -> 0
2019-11-12 22:25:32,764 [grpc-default-executor-0] WARN  server.GrpcLogAppender (LogUtils.java:warn(134)) - 124b1436-2dec-4708-9bef-ac97c435ef9a@group-856B764B1031->36ba2c4b-fd66-4a0d-bee3-710bbe72aafc-AppendLogResponseHandler: Failed appendEntries: org.apache.ratis.thirdparty.io.grpc.StatusRuntimeException: UNAVAILABLE: io exception
2019-11-12 22:25:32,764 [grpc-default-executor-0] INFO  impl.FollowerInfo (FollowerInfo.java:lambda$new$0(51)) - 124b1436-2dec-4708-9bef-ac97c435ef9a@group-856B764B1031->36ba2c4b-fd66-4a0d-bee3-710bbe72aafc: nextIndex: updateUnconditionally 0 -> 0
2019-11-12 22:25:33,250 [grpc-default-executor-0] WARN  server.GrpcLogAppender (LogUtils.java:warn(134)) - 124b1436-2dec-4708-9bef-ac97c435ef9a@group-856B764B1031->e1630cc0-82e2-4757-a0ff-1e5aa97f4a82-AppendLogResponseHandler: Failed appendEntries: org.apache.ratis.thirdparty.io.grpc.StatusRuntimeException: UNAVAILABLE: io exception
2019-11-12 22:25:33,252 [grpc-default-executor-0] INFO  impl.FollowerInfo (FollowerInfo.java:lambda$new$0(51)) - 124b1436-2dec-4708-9bef-ac97c435ef9a@group-856B764B1031->e1630cc0-82e2-4757-a0ff-1e5aa97f4a82: nextIndex: updateUnconditionally 0 -> 0
2019-11-12 22:25:33,265 [grpc-default-executor-4] WARN  server.GrpcLogAppender (LogUtils.java:warn(134)) - 124b1436-2dec-4708-9bef-ac97c435ef9a@group-856B764B1031->36ba2c4b-fd66-4a0d-bee3-710bbe72aafc-AppendLogResponseHandler: Failed appendEntries: org.apache.ratis.thirdparty.io.grpc.StatusRuntimeException: UNAVAILABLE: io exception
2019-11-12 22:25:33,265 [grpc-default-executor-4] INFO  impl.FollowerInfo (FollowerInfo.java:lambda$new$0(51)) - 124b1436-2dec-4708-9bef-ac97c435ef9a@group-856B764B1031->36ba2c4b-fd66-4a0d-bee3-710bbe72aafc: nextIndex: updateUnconditionally 0 -> 0
2019-11-12 22:25:33,749 [grpc-default-executor-4] WARN  server.GrpcLogAppender (LogUtils.java:warn(134)) - 124b1436-2dec-4708-9bef-ac97c435ef9a@group-856B764B1031->e1630cc0-82e2-4757-a0ff-1e5aa97f4a82-AppendLogResponseHandler: Failed appendEntries: org.apache.ratis.thirdparty.io.grpc.StatusRuntimeException: UNAVAILABLE: io exception
2019-11-12 22:25:33,749 [grpc-default-executor-4] INFO  impl.FollowerInfo (FollowerInfo.java:lambda$new$0(51)) - 124b1436-2dec-4708-9bef-ac97c435ef9a@group-856B764B1031->e1630cc0-82e2-4757-a0ff-1e5aa97f4a82: nextIndex: updateUnconditionally 0 -> 0
2019-11-12 22:25:33,756 [Thread-1942] INFO  impl.FollowerState (FollowerState.java:run(111)) - ed184682-841a-431b-821d-e4efb86e7b6e@group-136293D85503-FollowerState: change to CANDIDATE, lastRpcTime:1188ms, electionTimeout:1188ms
2019-11-12 22:25:33,757 [Thread-1942] INFO  impl.RoleInfo (RoleInfo.java:shutdownFollowerState(121)) - ed184682-841a-431b-821d-e4efb86e7b6e: shutdown FollowerState
2019-11-12 22:25:33,757 [Thread-1942] INFO  impl.RaftServerImpl (RaftServerImpl.java:setRole(173)) - ed184682-841a-431b-821d-e4efb86e7b6e@group-136293D85503: changes role from  FOLLOWER to CANDIDATE at term 5 for changeToCandidate
2019-11-12 22:25:33,757 [Thread-1942] INFO  impl.RoleInfo (RoleInfo.java:updateAndGet(143)) - ed184682-841a-431b-821d-e4efb86e7b6e: start LeaderElection
2019-11-12 22:25:33,765 [grpc-default-executor-4] WARN  server.GrpcLogAppender (LogUtils.java:warn(134)) - 124b1436-2dec-4708-9bef-ac97c435ef9a@group-856B764B1031->36ba2c4b-fd66-4a0d-bee3-710bbe72aafc-AppendLogResponseHandler: Failed appendEntries: org.apache.ratis.thirdparty.io.grpc.StatusRuntimeException: UNAVAILABLE: io exception
2019-11-12 22:25:33,765 [grpc-default-executor-4] INFO  impl.FollowerInfo (FollowerInfo.java:lambda$new$0(51)) - 124b1436-2dec-4708-9bef-ac97c435ef9a@group-856B764B1031->36ba2c4b-fd66-4a0d-bee3-710bbe72aafc: nextIndex: updateUnconditionally 0 -> 0
2019-11-12 22:25:33,795 [ed184682-841a-431b-821d-e4efb86e7b6e@group-136293D85503-LeaderElection66] INFO  impl.LeaderElection (LeaderElection.java:askForVotes(178)) - ed184682-841a-431b-821d-e4efb86e7b6e@group-136293D85503-LeaderElection66: begin an election at term 6 for 1: [ed184682-841a-431b-821d-e4efb86e7b6e:192.168.157.210:40829, cc8f8d42-1b01-4431-8c29-b671ab5a5551:192.168.157.210:40886, fed2bd94-bbf4-4593-9887-7c07c070d07d:192.168.157.210:37620], old=null
2019-11-12 22:25:33,797 [ed184682-841a-431b-821d-e4efb86e7b6e@group-136293D85503-LeaderElection66] INFO  impl.LeaderElection (LogUtils.java:infoOrTrace(149)) - ed184682-841a-431b-821d-e4efb86e7b6e@group-136293D85503-LeaderElection66 got exception when requesting votes: {}
java.util.concurrent.ExecutionException: org.apache.ratis.thirdparty.io.grpc.StatusRuntimeException: UNAVAILABLE: io exception
	at java.util.concurrent.FutureTask.report(FutureTask.java:122)
	at java.util.concurrent.FutureTask.get(FutureTask.java:192)
	at org.apache.ratis.server.impl.LeaderElection.waitForResults(LeaderElection.java:259)
	at org.apache.ratis.server.impl.LeaderElection.askForVotes(LeaderElection.java:197)
	at org.apache.ratis.server.impl.LeaderElection.run(LeaderElection.java:133)
	at java.lang.Thread.run(Thread.java:748)
Caused by: org.apache.ratis.thirdparty.io.grpc.StatusRuntimeException: UNAVAILABLE: io exception
	at org.apache.ratis.thirdparty.io.grpc.stub.ClientCalls.toStatusRuntimeException(ClientCalls.java:233)
	at org.apache.ratis.thirdparty.io.grpc.stub.ClientCalls.getUnchecked(ClientCalls.java:214)
	at org.apache.ratis.thirdparty.io.grpc.stub.ClientCalls.blockingUnaryCall(ClientCalls.java:139)
	at org.apache.ratis.proto.grpc.RaftServerProtocolServiceGrpc$RaftServerProtocolServiceBlockingStub.requestVote(RaftServerProtocolServiceGrpc.java:265)
	at org.apache.ratis.grpc.server.GrpcServerProtocolClient.requestVote(GrpcServerProtocolClient.java:99)
	at org.apache.ratis.grpc.server.GrpcService.requestVote(GrpcService.java:204)
	at org.apache.ratis.server.impl.LeaderElection.lambda$submitRequests$1(LeaderElection.java:234)
	at java.util.concurrent.FutureTask.run(FutureTask.java:266)
	at java.util.concurrent.Executors$RunnableAdapter.call(Executors.java:511)
	at java.util.concurrent.FutureTask.run(FutureTask.java:266)
	at java.util.concurrent.ThreadPoolExecutor.runWorker(ThreadPoolExecutor.java:1149)
	at java.util.concurrent.ThreadPoolExecutor$Worker.run(ThreadPoolExecutor.java:624)
	... 1 more
Caused by: org.apache.ratis.thirdparty.io.netty.channel.AbstractChannel$AnnotatedConnectException: Connection refused: /192.168.157.210:40886
	at sun.nio.ch.SocketChannelImpl.checkConnect(Native Method)
	at sun.nio.ch.SocketChannelImpl.finishConnect(SocketChannelImpl.java:717)
	at org.apache.ratis.thirdparty.io.netty.channel.socket.nio.NioSocketChannel.doFinishConnect(NioSocketChannel.java:327)
	at org.apache.ratis.thirdparty.io.netty.channel.nio.AbstractNioChannel$AbstractNioUnsafe.finishConnect(AbstractNioChannel.java:340)
	at org.apache.ratis.thirdparty.io.netty.channel.nio.NioEventLoop.processSelectedKey(NioEventLoop.java:632)
	at org.apache.ratis.thirdparty.io.netty.channel.nio.NioEventLoop.processSelectedKeysOptimized(NioEventLoop.java:579)
	at org.apache.ratis.thirdparty.io.netty.channel.nio.NioEventLoop.processSelectedKeys(NioEventLoop.java:496)
	at org.apache.ratis.thirdparty.io.netty.channel.nio.NioEventLoop.run(NioEventLoop.java:458)
	at org.apache.ratis.thirdparty.io.netty.util.concurrent.SingleThreadEventExecutor$5.run(SingleThreadEventExecutor.java:897)
	at org.apache.ratis.thirdparty.io.netty.util.concurrent.FastThreadLocalRunnable.run(FastThreadLocalRunnable.java:30)
	... 1 more
Caused by: java.net.ConnectException: Connection refused
	... 11 more
2019-11-12 22:25:33,799 [ed184682-841a-431b-821d-e4efb86e7b6e@group-136293D85503-LeaderElection66] INFO  impl.LeaderElection (LogUtils.java:infoOrTrace(149)) - ed184682-841a-431b-821d-e4efb86e7b6e@group-136293D85503-LeaderElection66 got exception when requesting votes: {}
java.util.concurrent.ExecutionException: org.apache.ratis.thirdparty.io.grpc.StatusRuntimeException: UNAVAILABLE: io exception
	at java.util.concurrent.FutureTask.report(FutureTask.java:122)
	at java.util.concurrent.FutureTask.get(FutureTask.java:192)
	at org.apache.ratis.server.impl.LeaderElection.waitForResults(LeaderElection.java:259)
	at org.apache.ratis.server.impl.LeaderElection.askForVotes(LeaderElection.java:197)
	at org.apache.ratis.server.impl.LeaderElection.run(LeaderElection.java:133)
	at java.lang.Thread.run(Thread.java:748)
Caused by: org.apache.ratis.thirdparty.io.grpc.StatusRuntimeException: UNAVAILABLE: io exception
	at org.apache.ratis.thirdparty.io.grpc.stub.ClientCalls.toStatusRuntimeException(ClientCalls.java:233)
	at org.apache.ratis.thirdparty.io.grpc.stub.ClientCalls.getUnchecked(ClientCalls.java:214)
	at org.apache.ratis.thirdparty.io.grpc.stub.ClientCalls.blockingUnaryCall(ClientCalls.java:139)
	at org.apache.ratis.proto.grpc.RaftServerProtocolServiceGrpc$RaftServerProtocolServiceBlockingStub.requestVote(RaftServerProtocolServiceGrpc.java:265)
	at org.apache.ratis.grpc.server.GrpcServerProtocolClient.requestVote(GrpcServerProtocolClient.java:99)
	at org.apache.ratis.grpc.server.GrpcService.requestVote(GrpcService.java:204)
	at org.apache.ratis.server.impl.LeaderElection.lambda$submitRequests$1(LeaderElection.java:234)
	at java.util.concurrent.FutureTask.run(FutureTask.java:266)
	at java.util.concurrent.Executors$RunnableAdapter.call(Executors.java:511)
	at java.util.concurrent.FutureTask.run(FutureTask.java:266)
	at java.util.concurrent.ThreadPoolExecutor.runWorker(ThreadPoolExecutor.java:1149)
	at java.util.concurrent.ThreadPoolExecutor$Worker.run(ThreadPoolExecutor.java:624)
	... 1 more
Caused by: org.apache.ratis.thirdparty.io.netty.channel.AbstractChannel$AnnotatedConnectException: Connection refused: /192.168.157.210:37620
	at sun.nio.ch.SocketChannelImpl.checkConnect(Native Method)
	at sun.nio.ch.SocketChannelImpl.finishConnect(SocketChannelImpl.java:717)
	at org.apache.ratis.thirdparty.io.netty.channel.socket.nio.NioSocketChannel.doFinishConnect(NioSocketChannel.java:327)
	at org.apache.ratis.thirdparty.io.netty.channel.nio.AbstractNioChannel$AbstractNioUnsafe.finishConnect(AbstractNioChannel.java:340)
	at org.apache.ratis.thirdparty.io.netty.channel.nio.NioEventLoop.processSelectedKey(NioEventLoop.java:632)
	at org.apache.ratis.thirdparty.io.netty.channel.nio.NioEventLoop.processSelectedKeysOptimized(NioEventLoop.java:579)
	at org.apache.ratis.thirdparty.io.netty.channel.nio.NioEventLoop.processSelectedKeys(NioEventLoop.java:496)
	at org.apache.ratis.thirdparty.io.netty.channel.nio.NioEventLoop.run(NioEventLoop.java:458)
	at org.apache.ratis.thirdparty.io.netty.util.concurrent.SingleThreadEventExecutor$5.run(SingleThreadEventExecutor.java:897)
	at org.apache.ratis.thirdparty.io.netty.util.concurrent.FastThreadLocalRunnable.run(FastThreadLocalRunnable.java:30)
	... 1 more
Caused by: java.net.ConnectException: Connection refused
	... 11 more
2019-11-12 22:25:33,800 [ed184682-841a-431b-821d-e4efb86e7b6e@group-136293D85503-LeaderElection66] INFO  impl.LeaderElection (LeaderElection.java:logAndReturn(56)) - ed184682-841a-431b-821d-e4efb86e7b6e@group-136293D85503-LeaderElection66: Election REJECTED; received 0 response(s) [] and 2 exception(s); ed184682-841a-431b-821d-e4efb86e7b6e@group-136293D85503:t6, leader=null, voted=ed184682-841a-431b-821d-e4efb86e7b6e, raftlog=ed184682-841a-431b-821d-e4efb86e7b6e@group-136293D85503-SegmentedRaftLog:OPENED:c2,f2,i2, conf=1: [ed184682-841a-431b-821d-e4efb86e7b6e:192.168.157.210:40829, cc8f8d42-1b01-4431-8c29-b671ab5a5551:192.168.157.210:40886, fed2bd94-bbf4-4593-9887-7c07c070d07d:192.168.157.210:37620], old=null
2019-11-12 22:25:33,800 [ed184682-841a-431b-821d-e4efb86e7b6e@group-136293D85503-LeaderElection66] INFO  impl.LeaderElection (LogUtils.java:infoOrTrace(149)) -   Exception 0: {}
java.util.concurrent.ExecutionException: org.apache.ratis.thirdparty.io.grpc.StatusRuntimeException: UNAVAILABLE: io exception
	at java.util.concurrent.FutureTask.report(FutureTask.java:122)
	at java.util.concurrent.FutureTask.get(FutureTask.java:192)
	at org.apache.ratis.server.impl.LeaderElection.waitForResults(LeaderElection.java:259)
	at org.apache.ratis.server.impl.LeaderElection.askForVotes(LeaderElection.java:197)
	at org.apache.ratis.server.impl.LeaderElection.run(LeaderElection.java:133)
	at java.lang.Thread.run(Thread.java:748)
Caused by: org.apache.ratis.thirdparty.io.grpc.StatusRuntimeException: UNAVAILABLE: io exception
	at org.apache.ratis.thirdparty.io.grpc.stub.ClientCalls.toStatusRuntimeException(ClientCalls.java:233)
	at org.apache.ratis.thirdparty.io.grpc.stub.ClientCalls.getUnchecked(ClientCalls.java:214)
	at org.apache.ratis.thirdparty.io.grpc.stub.ClientCalls.blockingUnaryCall(ClientCalls.java:139)
	at org.apache.ratis.proto.grpc.RaftServerProtocolServiceGrpc$RaftServerProtocolServiceBlockingStub.requestVote(RaftServerProtocolServiceGrpc.java:265)
	at org.apache.ratis.grpc.server.GrpcServerProtocolClient.requestVote(GrpcServerProtocolClient.java:99)
	at org.apache.ratis.grpc.server.GrpcService.requestVote(GrpcService.java:204)
	at org.apache.ratis.server.impl.LeaderElection.lambda$submitRequests$1(LeaderElection.java:234)
	at java.util.concurrent.FutureTask.run(FutureTask.java:266)
	at java.util.concurrent.Executors$RunnableAdapter.call(Executors.java:511)
	at java.util.concurrent.FutureTask.run(FutureTask.java:266)
	at java.util.concurrent.ThreadPoolExecutor.runWorker(ThreadPoolExecutor.java:1149)
	at java.util.concurrent.ThreadPoolExecutor$Worker.run(ThreadPoolExecutor.java:624)
	... 1 more
Caused by: org.apache.ratis.thirdparty.io.netty.channel.AbstractChannel$AnnotatedConnectException: Connection refused: /192.168.157.210:40886
	at sun.nio.ch.SocketChannelImpl.checkConnect(Native Method)
	at sun.nio.ch.SocketChannelImpl.finishConnect(SocketChannelImpl.java:717)
	at org.apache.ratis.thirdparty.io.netty.channel.socket.nio.NioSocketChannel.doFinishConnect(NioSocketChannel.java:327)
	at org.apache.ratis.thirdparty.io.netty.channel.nio.AbstractNioChannel$AbstractNioUnsafe.finishConnect(AbstractNioChannel.java:340)
	at org.apache.ratis.thirdparty.io.netty.channel.nio.NioEventLoop.processSelectedKey(NioEventLoop.java:632)
	at org.apache.ratis.thirdparty.io.netty.channel.nio.NioEventLoop.processSelectedKeysOptimized(NioEventLoop.java:579)
	at org.apache.ratis.thirdparty.io.netty.channel.nio.NioEventLoop.processSelectedKeys(NioEventLoop.java:496)
	at org.apache.ratis.thirdparty.io.netty.channel.nio.NioEventLoop.run(NioEventLoop.java:458)
	at org.apache.ratis.thirdparty.io.netty.util.concurrent.SingleThreadEventExecutor$5.run(SingleThreadEventExecutor.java:897)
	at org.apache.ratis.thirdparty.io.netty.util.concurrent.FastThreadLocalRunnable.run(FastThreadLocalRunnable.java:30)
	... 1 more
Caused by: java.net.ConnectException: Connection refused
	... 11 more
2019-11-12 22:25:33,801 [ed184682-841a-431b-821d-e4efb86e7b6e@group-136293D85503-LeaderElection66] INFO  impl.LeaderElection (LogUtils.java:infoOrTrace(149)) -   Exception 1: {}
java.util.concurrent.ExecutionException: org.apache.ratis.thirdparty.io.grpc.StatusRuntimeException: UNAVAILABLE: io exception
	at java.util.concurrent.FutureTask.report(FutureTask.java:122)
	at java.util.concurrent.FutureTask.get(FutureTask.java:192)
	at org.apache.ratis.server.impl.LeaderElection.waitForResults(LeaderElection.java:259)
	at org.apache.ratis.server.impl.LeaderElection.askForVotes(LeaderElection.java:197)
	at org.apache.ratis.server.impl.LeaderElection.run(LeaderElection.java:133)
	at java.lang.Thread.run(Thread.java:748)
Caused by: org.apache.ratis.thirdparty.io.grpc.StatusRuntimeException: UNAVAILABLE: io exception
	at org.apache.ratis.thirdparty.io.grpc.stub.ClientCalls.toStatusRuntimeException(ClientCalls.java:233)
	at org.apache.ratis.thirdparty.io.grpc.stub.ClientCalls.getUnchecked(ClientCalls.java:214)
	at org.apache.ratis.thirdparty.io.grpc.stub.ClientCalls.blockingUnaryCall(ClientCalls.java:139)
	at org.apache.ratis.proto.grpc.RaftServerProtocolServiceGrpc$RaftServerProtocolServiceBlockingStub.requestVote(RaftServerProtocolServiceGrpc.java:265)
	at org.apache.ratis.grpc.server.GrpcServerProtocolClient.requestVote(GrpcServerProtocolClient.java:99)
	at org.apache.ratis.grpc.server.GrpcService.requestVote(GrpcService.java:204)
	at org.apache.ratis.server.impl.LeaderElection.lambda$submitRequests$1(LeaderElection.java:234)
	at java.util.concurrent.FutureTask.run(FutureTask.java:266)
	at java.util.concurrent.Executors$RunnableAdapter.call(Executors.java:511)
	at java.util.concurrent.FutureTask.run(FutureTask.java:266)
	at java.util.concurrent.ThreadPoolExecutor.runWorker(ThreadPoolExecutor.java:1149)
	at java.util.concurrent.ThreadPoolExecutor$Worker.run(ThreadPoolExecutor.java:624)
	... 1 more
Caused by: org.apache.ratis.thirdparty.io.netty.channel.AbstractChannel$AnnotatedConnectException: Connection refused: /192.168.157.210:37620
	at sun.nio.ch.SocketChannelImpl.checkConnect(Native Method)
	at sun.nio.ch.SocketChannelImpl.finishConnect(SocketChannelImpl.java:717)
	at org.apache.ratis.thirdparty.io.netty.channel.socket.nio.NioSocketChannel.doFinishConnect(NioSocketChannel.java:327)
	at org.apache.ratis.thirdparty.io.netty.channel.nio.AbstractNioChannel$AbstractNioUnsafe.finishConnect(AbstractNioChannel.java:340)
	at org.apache.ratis.thirdparty.io.netty.channel.nio.NioEventLoop.processSelectedKey(NioEventLoop.java:632)
	at org.apache.ratis.thirdparty.io.netty.channel.nio.NioEventLoop.processSelectedKeysOptimized(NioEventLoop.java:579)
	at org.apache.ratis.thirdparty.io.netty.channel.nio.NioEventLoop.processSelectedKeys(NioEventLoop.java:496)
	at org.apache.ratis.thirdparty.io.netty.channel.nio.NioEventLoop.run(NioEventLoop.java:458)
	at org.apache.ratis.thirdparty.io.netty.util.concurrent.SingleThreadEventExecutor$5.run(SingleThreadEventExecutor.java:897)
	at org.apache.ratis.thirdparty.io.netty.util.concurrent.FastThreadLocalRunnable.run(FastThreadLocalRunnable.java:30)
	... 1 more
Caused by: java.net.ConnectException: Connection refused
	... 11 more
2019-11-12 22:25:33,801 [ed184682-841a-431b-821d-e4efb86e7b6e@group-136293D85503-LeaderElection66] INFO  impl.RaftServerImpl (RaftServerImpl.java:setRole(173)) - ed184682-841a-431b-821d-e4efb86e7b6e@group-136293D85503: changes role from CANDIDATE to FOLLOWER at term 6 for DISCOVERED_A_NEW_TERM
2019-11-12 22:25:33,801 [ed184682-841a-431b-821d-e4efb86e7b6e@group-136293D85503-LeaderElection66] INFO  impl.RoleInfo (RoleInfo.java:shutdownLeaderElection(134)) - ed184682-841a-431b-821d-e4efb86e7b6e: shutdown LeaderElection
2019-11-12 22:25:33,802 [ed184682-841a-431b-821d-e4efb86e7b6e@group-136293D85503-LeaderElection66] INFO  impl.RoleInfo (RoleInfo.java:updateAndGet(143)) - ed184682-841a-431b-821d-e4efb86e7b6e: start FollowerState
2019-11-12 22:25:34,249 [grpc-default-executor-4] WARN  server.GrpcLogAppender (LogUtils.java:warn(134)) - 124b1436-2dec-4708-9bef-ac97c435ef9a@group-856B764B1031->e1630cc0-82e2-4757-a0ff-1e5aa97f4a82-AppendLogResponseHandler: Failed appendEntries: org.apache.ratis.thirdparty.io.grpc.StatusRuntimeException: UNAVAILABLE: io exception
2019-11-12 22:25:34,250 [grpc-default-executor-4] INFO  impl.FollowerInfo (FollowerInfo.java:lambda$new$0(51)) - 124b1436-2dec-4708-9bef-ac97c435ef9a@group-856B764B1031->e1630cc0-82e2-4757-a0ff-1e5aa97f4a82: nextIndex: updateUnconditionally 0 -> 0
2019-11-12 22:25:34,266 [grpc-default-executor-4] WARN  server.GrpcLogAppender (LogUtils.java:warn(134)) - 124b1436-2dec-4708-9bef-ac97c435ef9a@group-856B764B1031->36ba2c4b-fd66-4a0d-bee3-710bbe72aafc-AppendLogResponseHandler: Failed appendEntries: org.apache.ratis.thirdparty.io.grpc.StatusRuntimeException: UNAVAILABLE: io exception
2019-11-12 22:25:34,266 [grpc-default-executor-4] INFO  impl.FollowerInfo (FollowerInfo.java:lambda$new$0(51)) - 124b1436-2dec-4708-9bef-ac97c435ef9a@group-856B764B1031->36ba2c4b-fd66-4a0d-bee3-710bbe72aafc: nextIndex: updateUnconditionally 0 -> 0
2019-11-12 22:25:34,750 [grpc-default-executor-4] WARN  server.GrpcLogAppender (LogUtils.java:warn(134)) - 124b1436-2dec-4708-9bef-ac97c435ef9a@group-856B764B1031->e1630cc0-82e2-4757-a0ff-1e5aa97f4a82-AppendLogResponseHandler: Failed appendEntries: org.apache.ratis.thirdparty.io.grpc.StatusRuntimeException: UNAVAILABLE: io exception
2019-11-12 22:25:34,750 [grpc-default-executor-4] INFO  impl.FollowerInfo (FollowerInfo.java:lambda$new$0(51)) - 124b1436-2dec-4708-9bef-ac97c435ef9a@group-856B764B1031->e1630cc0-82e2-4757-a0ff-1e5aa97f4a82: nextIndex: updateUnconditionally 0 -> 0
2019-11-12 22:25:34,766 [grpc-default-executor-4] WARN  server.GrpcLogAppender (LogUtils.java:warn(134)) - 124b1436-2dec-4708-9bef-ac97c435ef9a@group-856B764B1031->36ba2c4b-fd66-4a0d-bee3-710bbe72aafc-AppendLogResponseHandler: Failed appendEntries: org.apache.ratis.thirdparty.io.grpc.StatusRuntimeException: UNAVAILABLE: io exception
2019-11-12 22:25:34,767 [grpc-default-executor-4] INFO  impl.FollowerInfo (FollowerInfo.java:lambda$new$0(51)) - 124b1436-2dec-4708-9bef-ac97c435ef9a@group-856B764B1031->36ba2c4b-fd66-4a0d-bee3-710bbe72aafc: nextIndex: updateUnconditionally 0 -> 0
2019-11-12 22:25:34,806 [Thread-1946] INFO  impl.FollowerState (FollowerState.java:run(111)) - ed184682-841a-431b-821d-e4efb86e7b6e@group-136293D85503-FollowerState: change to CANDIDATE, lastRpcTime:1004ms, electionTimeout:1004ms
2019-11-12 22:25:34,806 [Thread-1946] INFO  impl.RoleInfo (RoleInfo.java:shutdownFollowerState(121)) - ed184682-841a-431b-821d-e4efb86e7b6e: shutdown FollowerState
2019-11-12 22:25:34,806 [Thread-1946] INFO  impl.RaftServerImpl (RaftServerImpl.java:setRole(173)) - ed184682-841a-431b-821d-e4efb86e7b6e@group-136293D85503: changes role from  FOLLOWER to CANDIDATE at term 6 for changeToCandidate
2019-11-12 22:25:34,807 [Thread-1946] INFO  impl.RoleInfo (RoleInfo.java:updateAndGet(143)) - ed184682-841a-431b-821d-e4efb86e7b6e: start LeaderElection
2019-11-12 22:25:34,834 [ed184682-841a-431b-821d-e4efb86e7b6e@group-136293D85503-LeaderElection67] INFO  impl.LeaderElection (LeaderElection.java:askForVotes(178)) - ed184682-841a-431b-821d-e4efb86e7b6e@group-136293D85503-LeaderElection67: begin an election at term 7 for 1: [ed184682-841a-431b-821d-e4efb86e7b6e:192.168.157.210:40829, cc8f8d42-1b01-4431-8c29-b671ab5a5551:192.168.157.210:40886, fed2bd94-bbf4-4593-9887-7c07c070d07d:192.168.157.210:37620], old=null
2019-11-12 22:25:34,835 [ed184682-841a-431b-821d-e4efb86e7b6e@group-136293D85503-LeaderElection67] INFO  impl.LeaderElection (LogUtils.java:infoOrTrace(149)) - ed184682-841a-431b-821d-e4efb86e7b6e@group-136293D85503-LeaderElection67 got exception when requesting votes: {}
java.util.concurrent.ExecutionException: org.apache.ratis.thirdparty.io.grpc.StatusRuntimeException: UNAVAILABLE: io exception
	at java.util.concurrent.FutureTask.report(FutureTask.java:122)
	at java.util.concurrent.FutureTask.get(FutureTask.java:192)
	at org.apache.ratis.server.impl.LeaderElection.waitForResults(LeaderElection.java:259)
	at org.apache.ratis.server.impl.LeaderElection.askForVotes(LeaderElection.java:197)
	at org.apache.ratis.server.impl.LeaderElection.run(LeaderElection.java:133)
	at java.lang.Thread.run(Thread.java:748)
Caused by: org.apache.ratis.thirdparty.io.grpc.StatusRuntimeException: UNAVAILABLE: io exception
	at org.apache.ratis.thirdparty.io.grpc.stub.ClientCalls.toStatusRuntimeException(ClientCalls.java:233)
	at org.apache.ratis.thirdparty.io.grpc.stub.ClientCalls.getUnchecked(ClientCalls.java:214)
	at org.apache.ratis.thirdparty.io.grpc.stub.ClientCalls.blockingUnaryCall(ClientCalls.java:139)
	at org.apache.ratis.proto.grpc.RaftServerProtocolServiceGrpc$RaftServerProtocolServiceBlockingStub.requestVote(RaftServerProtocolServiceGrpc.java:265)
	at org.apache.ratis.grpc.server.GrpcServerProtocolClient.requestVote(GrpcServerProtocolClient.java:99)
	at org.apache.ratis.grpc.server.GrpcService.requestVote(GrpcService.java:204)
	at org.apache.ratis.server.impl.LeaderElection.lambda$submitRequests$1(LeaderElection.java:234)
	at java.util.concurrent.FutureTask.run(FutureTask.java:266)
	at java.util.concurrent.Executors$RunnableAdapter.call(Executors.java:511)
	at java.util.concurrent.FutureTask.run(FutureTask.java:266)
	at java.util.concurrent.ThreadPoolExecutor.runWorker(ThreadPoolExecutor.java:1149)
	at java.util.concurrent.ThreadPoolExecutor$Worker.run(ThreadPoolExecutor.java:624)
	... 1 more
Caused by: org.apache.ratis.thirdparty.io.netty.channel.AbstractChannel$AnnotatedConnectException: Connection refused: /192.168.157.210:40886
	at sun.nio.ch.SocketChannelImpl.checkConnect(Native Method)
	at sun.nio.ch.SocketChannelImpl.finishConnect(SocketChannelImpl.java:717)
	at org.apache.ratis.thirdparty.io.netty.channel.socket.nio.NioSocketChannel.doFinishConnect(NioSocketChannel.java:327)
	at org.apache.ratis.thirdparty.io.netty.channel.nio.AbstractNioChannel$AbstractNioUnsafe.finishConnect(AbstractNioChannel.java:340)
	at org.apache.ratis.thirdparty.io.netty.channel.nio.NioEventLoop.processSelectedKey(NioEventLoop.java:632)
	at org.apache.ratis.thirdparty.io.netty.channel.nio.NioEventLoop.processSelectedKeysOptimized(NioEventLoop.java:579)
	at org.apache.ratis.thirdparty.io.netty.channel.nio.NioEventLoop.processSelectedKeys(NioEventLoop.java:496)
	at org.apache.ratis.thirdparty.io.netty.channel.nio.NioEventLoop.run(NioEventLoop.java:458)
	at org.apache.ratis.thirdparty.io.netty.util.concurrent.SingleThreadEventExecutor$5.run(SingleThreadEventExecutor.java:897)
	at org.apache.ratis.thirdparty.io.netty.util.concurrent.FastThreadLocalRunnable.run(FastThreadLocalRunnable.java:30)
	... 1 more
Caused by: java.net.ConnectException: Connection refused
	... 11 more
2019-11-12 22:25:34,837 [ed184682-841a-431b-821d-e4efb86e7b6e@group-136293D85503-LeaderElection67] INFO  impl.LeaderElection (LogUtils.java:infoOrTrace(149)) - ed184682-841a-431b-821d-e4efb86e7b6e@group-136293D85503-LeaderElection67 got exception when requesting votes: {}
java.util.concurrent.ExecutionException: org.apache.ratis.thirdparty.io.grpc.StatusRuntimeException: UNAVAILABLE: io exception
	at java.util.concurrent.FutureTask.report(FutureTask.java:122)
	at java.util.concurrent.FutureTask.get(FutureTask.java:192)
	at org.apache.ratis.server.impl.LeaderElection.waitForResults(LeaderElection.java:259)
	at org.apache.ratis.server.impl.LeaderElection.askForVotes(LeaderElection.java:197)
	at org.apache.ratis.server.impl.LeaderElection.run(LeaderElection.java:133)
	at java.lang.Thread.run(Thread.java:748)
Caused by: org.apache.ratis.thirdparty.io.grpc.StatusRuntimeException: UNAVAILABLE: io exception
	at org.apache.ratis.thirdparty.io.grpc.stub.ClientCalls.toStatusRuntimeException(ClientCalls.java:233)
	at org.apache.ratis.thirdparty.io.grpc.stub.ClientCalls.getUnchecked(ClientCalls.java:214)
	at org.apache.ratis.thirdparty.io.grpc.stub.ClientCalls.blockingUnaryCall(ClientCalls.java:139)
	at org.apache.ratis.proto.grpc.RaftServerProtocolServiceGrpc$RaftServerProtocolServiceBlockingStub.requestVote(RaftServerProtocolServiceGrpc.java:265)
	at org.apache.ratis.grpc.server.GrpcServerProtocolClient.requestVote(GrpcServerProtocolClient.java:99)
	at org.apache.ratis.grpc.server.GrpcService.requestVote(GrpcService.java:204)
	at org.apache.ratis.server.impl.LeaderElection.lambda$submitRequests$1(LeaderElection.java:234)
	at java.util.concurrent.FutureTask.run(FutureTask.java:266)
	at java.util.concurrent.Executors$RunnableAdapter.call(Executors.java:511)
	at java.util.concurrent.FutureTask.run(FutureTask.java:266)
	at java.util.concurrent.ThreadPoolExecutor.runWorker(ThreadPoolExecutor.java:1149)
	at java.util.concurrent.ThreadPoolExecutor$Worker.run(ThreadPoolExecutor.java:624)
	... 1 more
Caused by: org.apache.ratis.thirdparty.io.netty.channel.AbstractChannel$AnnotatedConnectException: Connection refused: /192.168.157.210:37620
	at sun.nio.ch.SocketChannelImpl.checkConnect(Native Method)
	at sun.nio.ch.SocketChannelImpl.finishConnect(SocketChannelImpl.java:717)
	at org.apache.ratis.thirdparty.io.netty.channel.socket.nio.NioSocketChannel.doFinishConnect(NioSocketChannel.java:327)
	at org.apache.ratis.thirdparty.io.netty.channel.nio.AbstractNioChannel$AbstractNioUnsafe.finishConnect(AbstractNioChannel.java:340)
	at org.apache.ratis.thirdparty.io.netty.channel.nio.NioEventLoop.processSelectedKey(NioEventLoop.java:632)
	at org.apache.ratis.thirdparty.io.netty.channel.nio.NioEventLoop.processSelectedKeysOptimized(NioEventLoop.java:579)
	at org.apache.ratis.thirdparty.io.netty.channel.nio.NioEventLoop.processSelectedKeys(NioEventLoop.java:496)
	at org.apache.ratis.thirdparty.io.netty.channel.nio.NioEventLoop.run(NioEventLoop.java:458)
	at org.apache.ratis.thirdparty.io.netty.util.concurrent.SingleThreadEventExecutor$5.run(SingleThreadEventExecutor.java:897)
	at org.apache.ratis.thirdparty.io.netty.util.concurrent.FastThreadLocalRunnable.run(FastThreadLocalRunnable.java:30)
	... 1 more
Caused by: java.net.ConnectException: Connection refused
	... 11 more
2019-11-12 22:25:34,838 [ed184682-841a-431b-821d-e4efb86e7b6e@group-136293D85503-LeaderElection67] INFO  impl.LeaderElection (LeaderElection.java:logAndReturn(56)) - ed184682-841a-431b-821d-e4efb86e7b6e@group-136293D85503-LeaderElection67: Election REJECTED; received 0 response(s) [] and 2 exception(s); ed184682-841a-431b-821d-e4efb86e7b6e@group-136293D85503:t7, leader=null, voted=ed184682-841a-431b-821d-e4efb86e7b6e, raftlog=ed184682-841a-431b-821d-e4efb86e7b6e@group-136293D85503-SegmentedRaftLog:OPENED:c2,f2,i2, conf=1: [ed184682-841a-431b-821d-e4efb86e7b6e:192.168.157.210:40829, cc8f8d42-1b01-4431-8c29-b671ab5a5551:192.168.157.210:40886, fed2bd94-bbf4-4593-9887-7c07c070d07d:192.168.157.210:37620], old=null
2019-11-12 22:25:34,838 [ed184682-841a-431b-821d-e4efb86e7b6e@group-136293D85503-LeaderElection67] INFO  impl.LeaderElection (LogUtils.java:infoOrTrace(149)) -   Exception 0: {}
java.util.concurrent.ExecutionException: org.apache.ratis.thirdparty.io.grpc.StatusRuntimeException: UNAVAILABLE: io exception
	at java.util.concurrent.FutureTask.report(FutureTask.java:122)
	at java.util.concurrent.FutureTask.get(FutureTask.java:192)
	at org.apache.ratis.server.impl.LeaderElection.waitForResults(LeaderElection.java:259)
	at org.apache.ratis.server.impl.LeaderElection.askForVotes(LeaderElection.java:197)
	at org.apache.ratis.server.impl.LeaderElection.run(LeaderElection.java:133)
	at java.lang.Thread.run(Thread.java:748)
Caused by: org.apache.ratis.thirdparty.io.grpc.StatusRuntimeException: UNAVAILABLE: io exception
	at org.apache.ratis.thirdparty.io.grpc.stub.ClientCalls.toStatusRuntimeException(ClientCalls.java:233)
	at org.apache.ratis.thirdparty.io.grpc.stub.ClientCalls.getUnchecked(ClientCalls.java:214)
	at org.apache.ratis.thirdparty.io.grpc.stub.ClientCalls.blockingUnaryCall(ClientCalls.java:139)
	at org.apache.ratis.proto.grpc.RaftServerProtocolServiceGrpc$RaftServerProtocolServiceBlockingStub.requestVote(RaftServerProtocolServiceGrpc.java:265)
	at org.apache.ratis.grpc.server.GrpcServerProtocolClient.requestVote(GrpcServerProtocolClient.java:99)
	at org.apache.ratis.grpc.server.GrpcService.requestVote(GrpcService.java:204)
	at org.apache.ratis.server.impl.LeaderElection.lambda$submitRequests$1(LeaderElection.java:234)
	at java.util.concurrent.FutureTask.run(FutureTask.java:266)
	at java.util.concurrent.Executors$RunnableAdapter.call(Executors.java:511)
	at java.util.concurrent.FutureTask.run(FutureTask.java:266)
	at java.util.concurrent.ThreadPoolExecutor.runWorker(ThreadPoolExecutor.java:1149)
	at java.util.concurrent.ThreadPoolExecutor$Worker.run(ThreadPoolExecutor.java:624)
	... 1 more
Caused by: org.apache.ratis.thirdparty.io.netty.channel.AbstractChannel$AnnotatedConnectException: Connection refused: /192.168.157.210:40886
	at sun.nio.ch.SocketChannelImpl.checkConnect(Native Method)
	at sun.nio.ch.SocketChannelImpl.finishConnect(SocketChannelImpl.java:717)
	at org.apache.ratis.thirdparty.io.netty.channel.socket.nio.NioSocketChannel.doFinishConnect(NioSocketChannel.java:327)
	at org.apache.ratis.thirdparty.io.netty.channel.nio.AbstractNioChannel$AbstractNioUnsafe.finishConnect(AbstractNioChannel.java:340)
	at org.apache.ratis.thirdparty.io.netty.channel.nio.NioEventLoop.processSelectedKey(NioEventLoop.java:632)
	at org.apache.ratis.thirdparty.io.netty.channel.nio.NioEventLoop.processSelectedKeysOptimized(NioEventLoop.java:579)
	at org.apache.ratis.thirdparty.io.netty.channel.nio.NioEventLoop.processSelectedKeys(NioEventLoop.java:496)
	at org.apache.ratis.thirdparty.io.netty.channel.nio.NioEventLoop.run(NioEventLoop.java:458)
	at org.apache.ratis.thirdparty.io.netty.util.concurrent.SingleThreadEventExecutor$5.run(SingleThreadEventExecutor.java:897)
	at org.apache.ratis.thirdparty.io.netty.util.concurrent.FastThreadLocalRunnable.run(FastThreadLocalRunnable.java:30)
	... 1 more
Caused by: java.net.ConnectException: Connection refused
	... 11 more
2019-11-12 22:25:34,838 [ed184682-841a-431b-821d-e4efb86e7b6e@group-136293D85503-LeaderElection67] INFO  impl.LeaderElection (LogUtils.java:infoOrTrace(149)) -   Exception 1: {}
java.util.concurrent.ExecutionException: org.apache.ratis.thirdparty.io.grpc.StatusRuntimeException: UNAVAILABLE: io exception
	at java.util.concurrent.FutureTask.report(FutureTask.java:122)
	at java.util.concurrent.FutureTask.get(FutureTask.java:192)
	at org.apache.ratis.server.impl.LeaderElection.waitForResults(LeaderElection.java:259)
	at org.apache.ratis.server.impl.LeaderElection.askForVotes(LeaderElection.java:197)
	at org.apache.ratis.server.impl.LeaderElection.run(LeaderElection.java:133)
	at java.lang.Thread.run(Thread.java:748)
Caused by: org.apache.ratis.thirdparty.io.grpc.StatusRuntimeException: UNAVAILABLE: io exception
	at org.apache.ratis.thirdparty.io.grpc.stub.ClientCalls.toStatusRuntimeException(ClientCalls.java:233)
	at org.apache.ratis.thirdparty.io.grpc.stub.ClientCalls.getUnchecked(ClientCalls.java:214)
	at org.apache.ratis.thirdparty.io.grpc.stub.ClientCalls.blockingUnaryCall(ClientCalls.java:139)
	at org.apache.ratis.proto.grpc.RaftServerProtocolServiceGrpc$RaftServerProtocolServiceBlockingStub.requestVote(RaftServerProtocolServiceGrpc.java:265)
	at org.apache.ratis.grpc.server.GrpcServerProtocolClient.requestVote(GrpcServerProtocolClient.java:99)
	at org.apache.ratis.grpc.server.GrpcService.requestVote(GrpcService.java:204)
	at org.apache.ratis.server.impl.LeaderElection.lambda$submitRequests$1(LeaderElection.java:234)
	at java.util.concurrent.FutureTask.run(FutureTask.java:266)
	at java.util.concurrent.Executors$RunnableAdapter.call(Executors.java:511)
	at java.util.concurrent.FutureTask.run(FutureTask.java:266)
	at java.util.concurrent.ThreadPoolExecutor.runWorker(ThreadPoolExecutor.java:1149)
	at java.util.concurrent.ThreadPoolExecutor$Worker.run(ThreadPoolExecutor.java:624)
	... 1 more
Caused by: org.apache.ratis.thirdparty.io.netty.channel.AbstractChannel$AnnotatedConnectException: Connection refused: /192.168.157.210:37620
	at sun.nio.ch.SocketChannelImpl.checkConnect(Native Method)
	at sun.nio.ch.SocketChannelImpl.finishConnect(SocketChannelImpl.java:717)
	at org.apache.ratis.thirdparty.io.netty.channel.socket.nio.NioSocketChannel.doFinishConnect(NioSocketChannel.java:327)
	at org.apache.ratis.thirdparty.io.netty.channel.nio.AbstractNioChannel$AbstractNioUnsafe.finishConnect(AbstractNioChannel.java:340)
	at org.apache.ratis.thirdparty.io.netty.channel.nio.NioEventLoop.processSelectedKey(NioEventLoop.java:632)
	at org.apache.ratis.thirdparty.io.netty.channel.nio.NioEventLoop.processSelectedKeysOptimized(NioEventLoop.java:579)
	at org.apache.ratis.thirdparty.io.netty.channel.nio.NioEventLoop.processSelectedKeys(NioEventLoop.java:496)
	at org.apache.ratis.thirdparty.io.netty.channel.nio.NioEventLoop.run(NioEventLoop.java:458)
	at org.apache.ratis.thirdparty.io.netty.util.concurrent.SingleThreadEventExecutor$5.run(SingleThreadEventExecutor.java:897)
	at org.apache.ratis.thirdparty.io.netty.util.concurrent.FastThreadLocalRunnable.run(FastThreadLocalRunnable.java:30)
	... 1 more
Caused by: java.net.ConnectException: Connection refused
	... 11 more
2019-11-12 22:25:34,839 [ed184682-841a-431b-821d-e4efb86e7b6e@group-136293D85503-LeaderElection67] INFO  impl.RaftServerImpl (RaftServerImpl.java:setRole(173)) - ed184682-841a-431b-821d-e4efb86e7b6e@group-136293D85503: changes role from CANDIDATE to FOLLOWER at term 7 for DISCOVERED_A_NEW_TERM
2019-11-12 22:25:34,839 [ed184682-841a-431b-821d-e4efb86e7b6e@group-136293D85503-LeaderElection67] INFO  impl.RoleInfo (RoleInfo.java:shutdownLeaderElection(134)) - ed184682-841a-431b-821d-e4efb86e7b6e: shutdown LeaderElection
2019-11-12 22:25:34,839 [ed184682-841a-431b-821d-e4efb86e7b6e@group-136293D85503-LeaderElection67] INFO  impl.RoleInfo (RoleInfo.java:updateAndGet(143)) - ed184682-841a-431b-821d-e4efb86e7b6e: start FollowerState
2019-11-12 22:25:35,250 [grpc-default-executor-4] WARN  server.GrpcLogAppender (LogUtils.java:warn(134)) - 124b1436-2dec-4708-9bef-ac97c435ef9a@group-856B764B1031->e1630cc0-82e2-4757-a0ff-1e5aa97f4a82-AppendLogResponseHandler: Failed appendEntries: org.apache.ratis.thirdparty.io.grpc.StatusRuntimeException: UNAVAILABLE: io exception
2019-11-12 22:25:35,251 [grpc-default-executor-4] INFO  impl.FollowerInfo (FollowerInfo.java:lambda$new$0(51)) - 124b1436-2dec-4708-9bef-ac97c435ef9a@group-856B764B1031->e1630cc0-82e2-4757-a0ff-1e5aa97f4a82: nextIndex: updateUnconditionally 0 -> 0
2019-11-12 22:25:35,267 [grpc-default-executor-2] WARN  server.GrpcLogAppender (LogUtils.java:warn(134)) - 124b1436-2dec-4708-9bef-ac97c435ef9a@group-856B764B1031->36ba2c4b-fd66-4a0d-bee3-710bbe72aafc-AppendLogResponseHandler: Failed appendEntries: org.apache.ratis.thirdparty.io.grpc.StatusRuntimeException: UNAVAILABLE: io exception
2019-11-12 22:25:35,267 [grpc-default-executor-2] INFO  impl.FollowerInfo (FollowerInfo.java:lambda$new$0(51)) - 124b1436-2dec-4708-9bef-ac97c435ef9a@group-856B764B1031->36ba2c4b-fd66-4a0d-bee3-710bbe72aafc: nextIndex: updateUnconditionally 0 -> 0
2019-11-12 22:25:35,331 [main] INFO  ozoneimpl.OzoneContainer (OzoneContainer.java:stop(244)) - Attempting to stop container services.
2019-11-12 22:25:35,332 [main] INFO  impl.RaftServerProxy (RaftServerProxy.java:lambda$close$4(314)) - 124b1436-2dec-4708-9bef-ac97c435ef9a: close
2019-11-12 22:25:35,332 [main] INFO  impl.RaftServerImpl (RaftServerImpl.java:lambda$shutdown$3(250)) - 124b1436-2dec-4708-9bef-ac97c435ef9a@group-856B764B1031: shutdown
2019-11-12 22:25:35,332 [main] INFO  util.JmxRegister (JmxRegister.java:unregister(73)) - Successfully un-registered JMX Bean with object name Ratis:service=RaftServer,group=group-856B764B1031,id=124b1436-2dec-4708-9bef-ac97c435ef9a
2019-11-12 22:25:35,333 [main] INFO  impl.RoleInfo (RoleInfo.java:shutdownLeaderState(104)) - 124b1436-2dec-4708-9bef-ac97c435ef9a: shutdown LeaderState
2019-11-12 22:25:35,335 [org.apache.ratis.server.impl.LogAppender$AppenderDaemon$$Lambda$574/281406720@768fc130] WARN  server.GrpcLogAppender (GrpcLogAppender.java:mayWait(151)) - 124b1436-2dec-4708-9bef-ac97c435ef9a@group-856B764B1031->e1630cc0-82e2-4757-a0ff-1e5aa97f4a82-GrpcLogAppender: Wait interrupted by java.lang.InterruptedException
2019-11-12 22:25:35,335 [main] INFO  impl.PendingRequests (PendingRequests.java:sendNotLeaderResponses(206)) - 124b1436-2dec-4708-9bef-ac97c435ef9a@group-856B764B1031-PendingRequests: sendNotLeaderResponses
2019-11-12 22:25:35,335 [org.apache.ratis.server.impl.LogAppender$AppenderDaemon$$Lambda$574/281406720@338d4185] WARN  server.GrpcLogAppender (GrpcLogAppender.java:mayWait(151)) - 124b1436-2dec-4708-9bef-ac97c435ef9a@group-856B764B1031->36ba2c4b-fd66-4a0d-bee3-710bbe72aafc-GrpcLogAppender: Wait interrupted by java.lang.InterruptedException
2019-11-12 22:25:35,336 [main] INFO  impl.StateMachineUpdater (StateMachineUpdater.java:stopAndJoin(136)) - 124b1436-2dec-4708-9bef-ac97c435ef9a@group-856B764B1031-StateMachineUpdater: set stopIndex = 0
2019-11-12 22:25:35,336 [main] INFO  impl.RaftServerImpl (ServerState.java:close(387)) - 124b1436-2dec-4708-9bef-ac97c435ef9a@group-856B764B1031: closes. applyIndex: 0
2019-11-12 22:25:35,337 [124b1436-2dec-4708-9bef-ac97c435ef9a@group-856B764B1031-SegmentedRaftLogWorker] INFO  segmented.SegmentedRaftLogWorker (SegmentedRaftLogWorker.java:run(316)) - 124b1436-2dec-4708-9bef-ac97c435ef9a@group-856B764B1031-SegmentedRaftLogWorker was interrupted, exiting. There are 0 tasks remaining in the queue.
2019-11-12 22:25:35,338 [main] INFO  segmented.SegmentedRaftLogWorker (SegmentedRaftLogWorker.java:close(224)) - 124b1436-2dec-4708-9bef-ac97c435ef9a@group-856B764B1031-SegmentedRaftLogWorker close()
2019-11-12 22:25:35,340 [main] INFO  impl.RaftServerImpl (RaftServerImpl.java:lambda$shutdown$3(250)) - 124b1436-2dec-4708-9bef-ac97c435ef9a@group-EE9C72FCAD99: shutdown
2019-11-12 22:25:35,340 [main] INFO  util.JmxRegister (JmxRegister.java:unregister(73)) - Successfully un-registered JMX Bean with object name Ratis:service=RaftServer,group=group-EE9C72FCAD99,id=124b1436-2dec-4708-9bef-ac97c435ef9a
2019-11-12 22:25:35,340 [main] INFO  impl.RoleInfo (RoleInfo.java:shutdownLeaderState(104)) - 124b1436-2dec-4708-9bef-ac97c435ef9a: shutdown LeaderState
2019-11-12 22:25:35,341 [main] INFO  impl.PendingRequests (PendingRequests.java:sendNotLeaderResponses(206)) - 124b1436-2dec-4708-9bef-ac97c435ef9a@group-EE9C72FCAD99-PendingRequests: sendNotLeaderResponses
2019-11-12 22:25:35,341 [ForkJoinPool.commonPool-worker-1] INFO  ozoneimpl.OzoneContainer (OzoneContainer.java:stop(244)) - Attempting to stop container services.
2019-11-12 22:25:35,341 [main] INFO  impl.StateMachineUpdater (StateMachineUpdater.java:stopAndJoin(136)) - 124b1436-2dec-4708-9bef-ac97c435ef9a@group-EE9C72FCAD99-StateMachineUpdater: set stopIndex = 0
2019-11-12 22:25:35,341 [ForkJoinPool.commonPool-worker-1] INFO  impl.RaftServerProxy (RaftServerProxy.java:lambda$close$4(314)) - ed184682-841a-431b-821d-e4efb86e7b6e: close
2019-11-12 22:25:35,341 [main] INFO  impl.RaftServerImpl (ServerState.java:close(387)) - 124b1436-2dec-4708-9bef-ac97c435ef9a@group-EE9C72FCAD99: closes. applyIndex: 0
2019-11-12 22:25:35,342 [ForkJoinPool.commonPool-worker-1] INFO  impl.RaftServerImpl (RaftServerImpl.java:lambda$shutdown$3(250)) - ed184682-841a-431b-821d-e4efb86e7b6e@group-5F5C580EBC58: shutdown
2019-11-12 22:25:35,342 [124b1436-2dec-4708-9bef-ac97c435ef9a@group-EE9C72FCAD99-SegmentedRaftLogWorker] INFO  segmented.SegmentedRaftLogWorker (SegmentedRaftLogWorker.java:run(316)) - 124b1436-2dec-4708-9bef-ac97c435ef9a@group-EE9C72FCAD99-SegmentedRaftLogWorker was interrupted, exiting. There are 0 tasks remaining in the queue.
2019-11-12 22:25:35,342 [ForkJoinPool.commonPool-worker-1] INFO  util.JmxRegister (JmxRegister.java:unregister(73)) - Successfully un-registered JMX Bean with object name Ratis:service=RaftServer,group=group-5F5C580EBC58,id=ed184682-841a-431b-821d-e4efb86e7b6e
2019-11-12 22:25:35,348 [main] INFO  segmented.SegmentedRaftLogWorker (SegmentedRaftLogWorker.java:close(224)) - 124b1436-2dec-4708-9bef-ac97c435ef9a@group-EE9C72FCAD99-SegmentedRaftLogWorker close()
2019-11-12 22:25:35,348 [ForkJoinPool.commonPool-worker-1] INFO  impl.RoleInfo (RoleInfo.java:shutdownLeaderState(104)) - ed184682-841a-431b-821d-e4efb86e7b6e: shutdown LeaderState
2019-11-12 22:25:35,349 [main] INFO  server.GrpcService (GrpcService.java:closeImpl(164)) - 124b1436-2dec-4708-9bef-ac97c435ef9a: shutdown server with port 33855 now
2019-11-12 22:25:35,349 [ForkJoinPool.commonPool-worker-1] INFO  impl.PendingRequests (PendingRequests.java:sendNotLeaderResponses(206)) - ed184682-841a-431b-821d-e4efb86e7b6e@group-5F5C580EBC58-PendingRequests: sendNotLeaderResponses
2019-11-12 22:25:35,350 [ForkJoinPool.commonPool-worker-1] INFO  impl.StateMachineUpdater (StateMachineUpdater.java:stopAndJoin(136)) - ed184682-841a-431b-821d-e4efb86e7b6e@group-5F5C580EBC58-StateMachineUpdater: set stopIndex = 0
2019-11-12 22:25:35,350 [ForkJoinPool.commonPool-worker-1] INFO  impl.RaftServerImpl (ServerState.java:close(387)) - ed184682-841a-431b-821d-e4efb86e7b6e@group-5F5C580EBC58: closes. applyIndex: 0
2019-11-12 22:25:35,350 [main] INFO  server.GrpcService (GrpcService.java:closeImpl(172)) - 124b1436-2dec-4708-9bef-ac97c435ef9a: shutdown server with port 33855 successfully
2019-11-12 22:25:35,351 [ed184682-841a-431b-821d-e4efb86e7b6e@group-5F5C580EBC58-SegmentedRaftLogWorker] INFO  segmented.SegmentedRaftLogWorker (SegmentedRaftLogWorker.java:run(316)) - ed184682-841a-431b-821d-e4efb86e7b6e@group-5F5C580EBC58-SegmentedRaftLogWorker was interrupted, exiting. There are 0 tasks remaining in the queue.
2019-11-12 22:25:35,351 [ForkJoinPool.commonPool-worker-1] INFO  segmented.SegmentedRaftLogWorker (SegmentedRaftLogWorker.java:close(224)) - ed184682-841a-431b-821d-e4efb86e7b6e@group-5F5C580EBC58-SegmentedRaftLogWorker close()
2019-11-12 22:25:35,353 [ForkJoinPool.commonPool-worker-1] INFO  impl.RaftServerImpl (RaftServerImpl.java:lambda$shutdown$3(250)) - ed184682-841a-431b-821d-e4efb86e7b6e@group-136293D85503: shutdown
2019-11-12 22:25:35,353 [ForkJoinPool.commonPool-worker-1] INFO  util.JmxRegister (JmxRegister.java:unregister(73)) - Successfully un-registered JMX Bean with object name Ratis:service=RaftServer,group=group-136293D85503,id=ed184682-841a-431b-821d-e4efb86e7b6e
2019-11-12 22:25:35,353 [ForkJoinPool.commonPool-worker-1] INFO  impl.RoleInfo (RoleInfo.java:shutdownFollowerState(121)) - ed184682-841a-431b-821d-e4efb86e7b6e: shutdown FollowerState
2019-11-12 22:25:35,354 [ForkJoinPool.commonPool-worker-1] INFO  impl.StateMachineUpdater (StateMachineUpdater.java:stopAndJoin(136)) - ed184682-841a-431b-821d-e4efb86e7b6e@group-136293D85503-StateMachineUpdater: set stopIndex = 2
2019-11-12 22:25:35,354 [Thread-1950] INFO  impl.FollowerState (FollowerState.java:run(120)) - ed184682-841a-431b-821d-e4efb86e7b6e@group-136293D85503-FollowerState was interrupted: java.lang.InterruptedException: sleep interrupted
2019-11-12 22:25:35,354 [ForkJoinPool.commonPool-worker-1] INFO  impl.RaftServerImpl (ServerState.java:close(387)) - ed184682-841a-431b-821d-e4efb86e7b6e@group-136293D85503: closes. applyIndex: 2
2019-11-12 22:25:35,355 [ed184682-841a-431b-821d-e4efb86e7b6e@group-136293D85503-SegmentedRaftLogWorker] INFO  segmented.SegmentedRaftLogWorker (SegmentedRaftLogWorker.java:run(316)) - ed184682-841a-431b-821d-e4efb86e7b6e@group-136293D85503-SegmentedRaftLogWorker was interrupted, exiting. There are 0 tasks remaining in the queue.
2019-11-12 22:25:35,355 [ForkJoinPool.commonPool-worker-1] INFO  segmented.SegmentedRaftLogWorker (SegmentedRaftLogWorker.java:close(224)) - ed184682-841a-431b-821d-e4efb86e7b6e@group-136293D85503-SegmentedRaftLogWorker close()
2019-11-12 22:25:35,356 [ForkJoinPool.commonPool-worker-1] INFO  server.GrpcService (GrpcService.java:closeImpl(164)) - ed184682-841a-431b-821d-e4efb86e7b6e: shutdown server with port 40829 now
2019-11-12 22:25:35,357 [refreshUsed-/workdir/hadoop-ozone/integration-test/target/test-dir/MiniOzoneClusterImpl-49cde4fa-0f5c-485a-80e4-a10b14a740d7/datanode-4/data/containers] WARN  fs.CachingGetSpaceUsed (CachingGetSpaceUsed.java:run(183)) - Thread Interrupted waiting to refresh disk information: sleep interrupted
2019-11-12 22:25:35,357 [ForkJoinPool.commonPool-worker-1] INFO  server.GrpcService (GrpcService.java:closeImpl(172)) - ed184682-841a-431b-821d-e4efb86e7b6e: shutdown server with port 40829 successfully
2019-11-12 22:25:35,359 [refreshUsed-/workdir/hadoop-ozone/integration-test/target/test-dir/MiniOzoneClusterImpl-49cde4fa-0f5c-485a-80e4-a10b14a740d7/datanode-0/data/containers] WARN  fs.CachingGetSpaceUsed (CachingGetSpaceUsed.java:run(183)) - Thread Interrupted waiting to refresh disk information: sleep interrupted
2019-11-12 22:25:35,377 [ForkJoinPool.commonPool-worker-1] INFO  utils.BackgroundService (BackgroundService.java:shutdown(151)) - Shutting down service BlockDeletingService
2019-11-12 22:25:35,380 [ForkJoinPool.commonPool-worker-1] INFO  statemachine.DatanodeStateMachine (DatanodeStateMachine.java:stopDaemon(395)) - Ozone container server stopped.
2019-11-12 22:25:35,381 [main] INFO  utils.BackgroundService (BackgroundService.java:shutdown(151)) - Shutting down service BlockDeletingService
2019-11-12 22:25:35,383 [ForkJoinPool.commonPool-worker-1] INFO  handler.ContextHandler (ContextHandler.java:doStop(910)) - Stopped o.e.j.w.WebAppContext@60990e5c{/,null,UNAVAILABLE}{/hddsDatanode}
2019-11-12 22:25:35,384 [main] INFO  statemachine.DatanodeStateMachine (DatanodeStateMachine.java:stopDaemon(395)) - Ozone container server stopped.
2019-11-12 22:25:35,385 [ForkJoinPool.commonPool-worker-1] INFO  server.AbstractConnector (AbstractConnector.java:doStop(318)) - Stopped ServerConnector@4d84049a{HTTP/1.1,[http/1.1]}{0.0.0.0:0}
2019-11-12 22:25:35,387 [main] INFO  handler.ContextHandler (ContextHandler.java:doStop(910)) - Stopped o.e.j.w.WebAppContext@7e62cfa3{/,null,UNAVAILABLE}{/hddsDatanode}
2019-11-12 22:25:35,387 [ForkJoinPool.commonPool-worker-1] INFO  handler.ContextHandler (ContextHandler.java:doStop(910)) - Stopped o.e.j.s.ServletContextHandler@163042ea{/static,jar:file:/home/user/.m2/repository/org/apache/hadoop/hadoop-hdds-container-service/0.5.0-SNAPSHOT/hadoop-hdds-container-service-0.5.0-SNAPSHOT.jar!/webapps/static,UNAVAILABLE}
2019-11-12 22:25:35,387 [ForkJoinPool.commonPool-worker-1] INFO  handler.ContextHandler (ContextHandler.java:doStop(910)) - Stopped o.e.j.s.ServletContextHandler@2954f6ab{/logs,file:///workdir/hadoop-ozone/integration-test/target/log,UNAVAILABLE}
2019-11-12 22:25:35,387 [main] INFO  server.AbstractConnector (AbstractConnector.java:doStop(318)) - Stopped ServerConnector@46e190ed{HTTP/1.1,[http/1.1]}{0.0.0.0:0}
2019-11-12 22:25:35,388 [main] INFO  handler.ContextHandler (ContextHandler.java:doStop(910)) - Stopped o.e.j.s.ServletContextHandler@889a8a8{/static,jar:file:/home/user/.m2/repository/org/apache/hadoop/hadoop-hdds-container-service/0.5.0-SNAPSHOT/hadoop-hdds-container-service-0.5.0-SNAPSHOT.jar!/webapps/static,UNAVAILABLE}
2019-11-12 22:25:35,388 [main] INFO  handler.ContextHandler (ContextHandler.java:doStop(910)) - Stopped o.e.j.s.ServletContextHandler@34d713a2{/logs,file:///workdir/hadoop-ozone/integration-test/target/log,UNAVAILABLE}
2019-11-12 22:25:35,389 [main] INFO  ozone.MiniOzoneClusterImpl (MiniOzoneClusterImpl.java:stopSCM(430)) - Stopping the StorageContainerManager
2019-11-12 22:25:35,389 [main] INFO  server.StorageContainerManager (StorageContainerManager.java:stop(802)) - Stopping Replication Manager Service.
2019-11-12 22:25:35,389 [main] INFO  container.ReplicationManager (ReplicationManager.java:stop(203)) - Stopping Replication Monitor Thread.
2019-11-12 22:25:35,389 [main] INFO  server.StorageContainerManager (StorageContainerManager.java:stop(809)) - Stopping Lease Manager of the command watchers
2019-11-12 22:25:35,389 [main] INFO  server.StorageContainerManager (StorageContainerManager.java:stop(816)) - Stopping datanode service RPC server
2019-11-12 22:25:35,389 [main] INFO  server.SCMDatanodeProtocolServer (SCMDatanodeProtocolServer.java:stop(346)) - Stopping the RPC server for DataNodes
2019-11-12 22:25:35,389 [main] INFO  ipc.Server (Server.java:stop(3082)) - Stopping server on 44011
2019-11-12 22:25:35,392 [IPC Server listener on 44011] INFO  ipc.Server (Server.java:run(1185)) - Stopping IPC Server listener on 44011
2019-11-12 22:25:35,392 [IPC Server Responder] INFO  ipc.Server (Server.java:run(1319)) - Stopping IPC Server Responder
2019-11-12 22:25:35,469 [SCM Heartbeat Processing Thread - 0] WARN  node.NodeStateManager (NodeStateManager.java:scheduleNextHealthCheck(646)) - Current Thread is interrupted, shutting down HB processing thread for Node Manager.
2019-11-12 22:25:35,469 [main] INFO  server.StorageContainerManager (StorageContainerManager.java:stop(824)) - Stopping block service RPC server
2019-11-12 22:25:35,469 [main] INFO  server.SCMBlockProtocolServer (SCMBlockProtocolServer.java:stop(155)) - Stopping the RPC server for Block Protocol
2019-11-12 22:25:35,469 [main] INFO  ipc.Server (Server.java:stop(3082)) - Stopping server on 34837
2019-11-12 22:25:35,471 [IPC Server listener on 34837] INFO  ipc.Server (Server.java:run(1185)) - Stopping IPC Server listener on 34837
2019-11-12 22:25:35,471 [main] INFO  server.StorageContainerManager (StorageContainerManager.java:stop(831)) - Stopping the StorageContainerLocationProtocol RPC server
2019-11-12 22:25:35,471 [main] INFO  server.SCMClientProtocolServer (SCMClientProtocolServer.java:stop(168)) - Stopping the RPC server for Client Protocol
2019-11-12 22:25:35,472 [main] INFO  ipc.Server (Server.java:stop(3082)) - Stopping server on 42656
2019-11-12 22:25:35,472 [IPC Server Responder] INFO  ipc.Server (Server.java:run(1319)) - Stopping IPC Server Responder
2019-11-12 22:25:35,473 [IPC Server listener on 42656] INFO  ipc.Server (Server.java:run(1185)) - Stopping IPC Server listener on 42656
2019-11-12 22:25:35,474 [main] INFO  server.StorageContainerManager (StorageContainerManager.java:stop(838)) - Stopping Storage Container Manager HTTP server.
2019-11-12 22:25:35,476 [IPC Server Responder] INFO  ipc.Server (Server.java:run(1319)) - Stopping IPC Server Responder
2019-11-12 22:25:35,477 [main] INFO  handler.ContextHandler (ContextHandler.java:doStop(910)) - Stopped o.e.j.w.WebAppContext@539a138b{/,null,UNAVAILABLE}{/scm}
2019-11-12 22:25:35,478 [main] INFO  server.AbstractConnector (AbstractConnector.java:doStop(318)) - Stopped ServerConnector@2cd4e16a{HTTP/1.1,[http/1.1]}{0.0.0.0:0}
2019-11-12 22:25:35,478 [main] INFO  handler.ContextHandler (ContextHandler.java:doStop(910)) - Stopped o.e.j.s.ServletContextHandler@4a2e7bcb{/static,file:///workdir/hadoop-ozone/integration-test/target/test-classes/webapps/static,UNAVAILABLE}
2019-11-12 22:25:35,478 [main] INFO  handler.ContextHandler (ContextHandler.java:doStop(910)) - Stopped o.e.j.s.ServletContextHandler@9e54c59{/logs,file:///workdir/hadoop-ozone/integration-test/target/log,UNAVAILABLE}
2019-11-12 22:25:35,480 [main] INFO  server.StorageContainerManager (StorageContainerManager.java:stop(849)) - Stopping Block Manager Service.
2019-11-12 22:25:35,481 [main] INFO  utils.BackgroundService (BackgroundService.java:shutdown(151)) - Shutting down service SCMBlockDeletingService
2019-11-12 22:25:35,482 [main] INFO  utils.BackgroundService (BackgroundService.java:shutdown(151)) - Shutting down service SCMBlockDeletingService
2019-11-12 22:25:35,482 [main] INFO  server.StorageContainerManager (StorageContainerManager.java:stop(871)) - Stopping SCM Event Queue.
2019-11-12 22:25:35,488 [main] INFO  impl.MetricsSystemImpl (MetricsSystemImpl.java:stop(210)) - Stopping HddsDatanode metrics system...
2019-11-12 22:25:35,498 [main] INFO  impl.MetricsSystemImpl (MetricsSystemImpl.java:stop(216)) - HddsDatanode metrics system stopped.
]]></system-out>
    <system-err><![CDATA[Nov 12, 2019 10:25:25 PM org.apache.ratis.thirdparty.io.grpc.internal.SerializingExecutor run
SEVERE: Exception while executing runnable org.apache.ratis.thirdparty.io.grpc.internal.ServerImpl$JumpToApplicationThreadServerStreamListener$1Closed@1cb2a8f6
org.apache.ratis.thirdparty.io.grpc.StatusRuntimeException: CANCELLED: call already cancelled
	at org.apache.ratis.thirdparty.io.grpc.Status.asRuntimeException(Status.java:517)
	at org.apache.ratis.thirdparty.io.grpc.stub.ServerCalls$ServerCallStreamObserverImpl.onCompleted(ServerCalls.java:356)
	at org.apache.ratis.grpc.server.GrpcServerProtocolService$ServerRequestStreamObserver.onError(GrpcServerProtocolService.java:121)
	at org.apache.ratis.thirdparty.io.grpc.stub.ServerCalls$StreamingServerCallHandler$StreamingServerCallListener.onCancel(ServerCalls.java:269)
	at org.apache.ratis.thirdparty.io.grpc.internal.ServerCallImpl$ServerStreamListenerImpl.closed(ServerCallImpl.java:293)
	at org.apache.ratis.thirdparty.io.grpc.internal.ServerImpl$JumpToApplicationThreadServerStreamListener$1Closed.runInContext(ServerImpl.java:741)
	at org.apache.ratis.thirdparty.io.grpc.internal.ContextRunnable.run(ContextRunnable.java:37)
	at org.apache.ratis.thirdparty.io.grpc.internal.SerializingExecutor.run(SerializingExecutor.java:123)
	at java.util.concurrent.ThreadPoolExecutor.runWorker(ThreadPoolExecutor.java:1149)
	at java.util.concurrent.ThreadPoolExecutor$Worker.run(ThreadPoolExecutor.java:624)
	at java.lang.Thread.run(Thread.java:748)

Nov 12, 2019 10:25:30 PM org.apache.ratis.thirdparty.io.grpc.internal.SerializingExecutor run
SEVERE: Exception while executing runnable org.apache.ratis.thirdparty.io.grpc.internal.ServerImpl$JumpToApplicationThreadServerStreamListener$1Closed@7f4d0e6a
org.apache.ratis.thirdparty.io.grpc.StatusRuntimeException: CANCELLED: call already cancelled
	at org.apache.ratis.thirdparty.io.grpc.Status.asRuntimeException(Status.java:517)
	at org.apache.ratis.thirdparty.io.grpc.stub.ServerCalls$ServerCallStreamObserverImpl.onCompleted(ServerCalls.java:356)
	at org.apache.ratis.grpc.server.GrpcServerProtocolService$ServerRequestStreamObserver.onError(GrpcServerProtocolService.java:121)
	at org.apache.ratis.thirdparty.io.grpc.stub.ServerCalls$StreamingServerCallHandler$StreamingServerCallListener.onCancel(ServerCalls.java:269)
	at org.apache.ratis.thirdparty.io.grpc.internal.ServerCallImpl$ServerStreamListenerImpl.closed(ServerCallImpl.java:293)
	at org.apache.ratis.thirdparty.io.grpc.internal.ServerImpl$JumpToApplicationThreadServerStreamListener$1Closed.runInContext(ServerImpl.java:741)
	at org.apache.ratis.thirdparty.io.grpc.internal.ContextRunnable.run(ContextRunnable.java:37)
	at org.apache.ratis.thirdparty.io.grpc.internal.SerializingExecutor.run(SerializingExecutor.java:123)
	at java.util.concurrent.ThreadPoolExecutor.runWorker(ThreadPoolExecutor.java:1149)
	at java.util.concurrent.ThreadPoolExecutor$Worker.run(ThreadPoolExecutor.java:624)
	at java.lang.Thread.run(Thread.java:748)

]]></system-err>
  </testcase>
</testsuite>