<?xml version="1.0" encoding="UTF-8"?>
<testsuite xmlns:xsi="http://www.w3.org/2001/XMLSchema-instance" xsi:noNamespaceSchemaLocation="https://maven.apache.org/surefire/maven-surefire-plugin/xsd/surefire-test-report.xsd" name="org.apache.hadoop.ozone.freon.TestFreonWithPipelineDestroy" time="62.337" tests="1" errors="1" skipped="0" failures="0">
  <properties>
    <property name="awt.toolkit" value="sun.awt.X11.XToolkit"/>
    <property name="file.encoding.pkg" value="sun.io"/>
    <property name="java.specification.version" value="1.8"/>
    <property name="sun.cpu.isalist" value=""/>
    <property name="sun.jnu.encoding" value="ANSI_X3.4-1968"/>
    <property name="java.class.path" value="/workdir/hadoop-ozone/tools/target/test-classes:/workdir/hadoop-ozone/tools/target/classes:/home/user/.m2/repository/org/apache/hadoop/hadoop-ozone-ozone-manager/0.5.0-SNAPSHOT/hadoop-ozone-ozone-manager-0.5.0-SNAPSHOT.jar:/home/user/.m2/repository/org/apache/hadoop/hadoop-hdds-docs/0.5.0-SNAPSHOT/hadoop-hdds-docs-0.5.0-SNAPSHOT.jar:/home/user/.m2/repository/org/bouncycastle/bcprov-jdk15on/1.60/bcprov-jdk15on-1.60.jar:/home/user/.m2/repository/org/apache/hadoop/hadoop-ozone-common/0.5.0-SNAPSHOT/hadoop-ozone-common-0.5.0-SNAPSHOT.jar:/home/user/.m2/repository/org/apache/commons/commons-compress/1.4.1/commons-compress-1.4.1.jar:/home/user/.m2/repository/org/tukaani/xz/1.0/xz-1.0.jar:/home/user/.m2/repository/org/apache/hadoop/hadoop-hdfs-client/3.2.0/hadoop-hdfs-client-3.2.0.jar:/home/user/.m2/repository/com/fasterxml/jackson/core/jackson-annotations/2.9.9/jackson-annotations-2.9.9.jar:/home/user/.m2/repository/org/apache/hadoop/hadoop-hdds-common/0.5.0-SNAPSHOT/hadoop-hdds-common-0.5.0-SNAPSHOT.jar:/home/user/.m2/repository/org/apache/hadoop/hadoop-hdds-config/0.5.0-SNAPSHOT/hadoop-hdds-config-0.5.0-SNAPSHOT.jar:/home/user/.m2/repository/javax/annotation/javax.annotation-api/1.2/javax.annotation-api-1.2.jar:/home/user/.m2/repository/org/apache/ratis/ratis-server/0.5.0-d6d58d0-SNAPSHOT/ratis-server-0.5.0-d6d58d0-SNAPSHOT.jar:/home/user/.m2/repository/org/apache/ratis/ratis-thirdparty-misc/0.2.0/ratis-thirdparty-misc-0.2.0.jar:/home/user/.m2/repository/org/apache/ratis/ratis-proto/0.5.0-d6d58d0-SNAPSHOT/ratis-proto-0.5.0-d6d58d0-SNAPSHOT.jar:/home/user/.m2/repository/org/apache/ratis/ratis-common/0.5.0-d6d58d0-SNAPSHOT/ratis-common-0.5.0-d6d58d0-SNAPSHOT.jar:/home/user/.m2/repository/org/apache/ratis/ratis-client/0.5.0-d6d58d0-SNAPSHOT/ratis-client-0.5.0-d6d58d0-SNAPSHOT.jar:/home/user/.m2/repository/org/apache/ratis/ratis-metrics/0.5.0-d6d58d0-SNAPSHOT/ratis-metrics-0.5.0-d6d58d0-SNAPSHOT.jar:/home/user/.m2/repository/org/apache/ratis/ratis-netty/0.5.0-d6d58d0-SNAPSHOT/ratis-netty-0.5.0-d6d58d0-SNAPSHOT.jar:/home/user/.m2/repository/org/apache/ratis/ratis-grpc/0.5.0-d6d58d0-SNAPSHOT/ratis-grpc-0.5.0-d6d58d0-SNAPSHOT.jar:/home/user/.m2/repository/org/rocksdb/rocksdbjni/6.0.1/rocksdbjni-6.0.1.jar:/home/user/.m2/repository/org/apache/logging/log4j/log4j-api/2.11.0/log4j-api-2.11.0.jar:/home/user/.m2/repository/org/apache/logging/log4j/log4j-core/2.11.0/log4j-core-2.11.0.jar:/home/user/.m2/repository/com/lmax/disruptor/3.4.2/disruptor-3.4.2.jar:/home/user/.m2/repository/org/apache/commons/commons-pool2/2.6.0/commons-pool2-2.6.0.jar:/home/user/.m2/repository/org/bouncycastle/bcpkix-jdk15on/1.60/bcpkix-jdk15on-1.60.jar:/home/user/.m2/repository/commons-validator/commons-validator/1.6/commons-validator-1.6.jar:/home/user/.m2/repository/commons-digester/commons-digester/1.8.1/commons-digester-1.8.1.jar:/home/user/.m2/repository/io/jaegertracing/jaeger-client/0.34.0/jaeger-client-0.34.0.jar:/home/user/.m2/repository/io/jaegertracing/jaeger-thrift/0.34.0/jaeger-thrift-0.34.0.jar:/home/user/.m2/repository/org/apache/thrift/libthrift/0.12.0/libthrift-0.12.0.jar:/home/user/.m2/repository/com/squareup/okhttp3/okhttp/3.9.0/okhttp-3.9.0.jar:/home/user/.m2/repository/com/squareup/okio/okio/1.13.0/okio-1.13.0.jar:/home/user/.m2/repository/io/jaegertracing/jaeger-core/0.34.0/jaeger-core-0.34.0.jar:/home/user/.m2/repository/io/jaegertracing/jaeger-tracerresolver/0.34.0/jaeger-tracerresolver-0.34.0.jar:/home/user/.m2/repository/io/opentracing/contrib/opentracing-tracerresolver/0.1.5/opentracing-tracerresolver-0.1.5.jar:/home/user/.m2/repository/io/opentracing/opentracing-util/0.31.0/opentracing-util-0.31.0.jar:/home/user/.m2/repository/io/opentracing/opentracing-api/0.31.0/opentracing-api-0.31.0.jar:/home/user/.m2/repository/io/opentracing/opentracing-noop/0.31.0/opentracing-noop-0.31.0.jar:/home/user/.m2/repository/org/yaml/snakeyaml/1.16/snakeyaml-1.16.jar:/home/user/.m2/repository/org/apache/hadoop/hadoop-hdds-container-service/0.5.0-SNAPSHOT/hadoop-hdds-container-service-0.5.0-SNAPSHOT.jar:/home/user/.m2/repository/org/apache/hadoop/hadoop-hdds-client/0.5.0-SNAPSHOT/hadoop-hdds-client-0.5.0-SNAPSHOT.jar:/home/user/.m2/repository/org/apache/hadoop/hadoop-hdds-tools/0.5.0-SNAPSHOT/hadoop-hdds-tools-0.5.0-SNAPSHOT.jar:/home/user/.m2/repository/org/xerial/sqlite-jdbc/3.25.2/sqlite-jdbc-3.25.2.jar:/home/user/.m2/repository/org/apache/hadoop/hadoop-hdds-server-scm/0.5.0-SNAPSHOT/hadoop-hdds-server-scm-0.5.0-SNAPSHOT.jar:/home/user/.m2/repository/org/hamcrest/hamcrest-all/1.3/hamcrest-all-1.3.jar:/home/user/.m2/repository/info/picocli/picocli/3.9.6/picocli-3.9.6.jar:/home/user/.m2/repository/com/google/protobuf/protobuf-java/2.5.0/protobuf-java-2.5.0.jar:/home/user/.m2/repository/com/google/guava/guava/11.0.2/guava-11.0.2.jar:/home/user/.m2/repository/org/apache/hadoop/hadoop-ozone-client/0.5.0-SNAPSHOT/hadoop-ozone-client-0.5.0-SNAPSHOT.jar:/workdir/hadoop-ozone/ozonefs/target/classes:/home/user/.m2/repository/org/apache/httpcomponents/httpclient/4.5.2/httpclient-4.5.2.jar:/home/user/.m2/repository/org/apache/httpcomponents/httpcore/4.4.4/httpcore-4.4.4.jar:/home/user/.m2/repository/org/apache/hadoop/hadoop-hdds-server-framework/0.5.0-SNAPSHOT/hadoop-hdds-server-framework-0.5.0-SNAPSHOT.jar:/home/user/.m2/repository/org/apache/hadoop/hadoop-common/3.2.0/hadoop-common-3.2.0.jar:/home/user/.m2/repository/org/apache/hadoop/hadoop-annotations/3.2.0/hadoop-annotations-3.2.0.jar:/usr/lib/jvm/java-1.8.0-openjdk-1.8.0.222.b10-1.el7_7.x86_64/jre/../lib/tools.jar:/home/user/.m2/repository/commons-cli/commons-cli/1.2/commons-cli-1.2.jar:/home/user/.m2/repository/org/apache/commons/commons-math3/3.1.1/commons-math3-3.1.1.jar:/home/user/.m2/repository/commons-codec/commons-codec/1.11/commons-codec-1.11.jar:/home/user/.m2/repository/commons-io/commons-io/2.5/commons-io-2.5.jar:/home/user/.m2/repository/commons-net/commons-net/3.6/commons-net-3.6.jar:/home/user/.m2/repository/commons-collections/commons-collections/3.2.2/commons-collections-3.2.2.jar:/home/user/.m2/repository/javax/servlet/javax.servlet-api/3.1.0/javax.servlet-api-3.1.0.jar:/home/user/.m2/repository/org/eclipse/jetty/jetty-server/9.3.25.v20180904/jetty-server-9.3.25.v20180904.jar:/home/user/.m2/repository/org/eclipse/jetty/jetty-http/9.3.25.v20180904/jetty-http-9.3.25.v20180904.jar:/home/user/.m2/repository/org/eclipse/jetty/jetty-io/9.3.25.v20180904/jetty-io-9.3.25.v20180904.jar:/home/user/.m2/repository/org/eclipse/jetty/jetty-util/9.3.25.v20180904/jetty-util-9.3.25.v20180904.jar:/home/user/.m2/repository/org/eclipse/jetty/jetty-servlet/9.3.25.v20180904/jetty-servlet-9.3.25.v20180904.jar:/home/user/.m2/repository/org/eclipse/jetty/jetty-security/9.3.25.v20180904/jetty-security-9.3.25.v20180904.jar:/home/user/.m2/repository/org/eclipse/jetty/jetty-webapp/9.3.25.v20180904/jetty-webapp-9.3.25.v20180904.jar:/home/user/.m2/repository/org/eclipse/jetty/jetty-xml/9.3.25.v20180904/jetty-xml-9.3.25.v20180904.jar:/home/user/.m2/repository/javax/servlet/jsp/jsp-api/2.1/jsp-api-2.1.jar:/home/user/.m2/repository/com/sun/jersey/jersey-core/1.19/jersey-core-1.19.jar:/home/user/.m2/repository/javax/ws/rs/jsr311-api/1.1.1/jsr311-api-1.1.1.jar:/home/user/.m2/repository/com/sun/jersey/jersey-servlet/1.19/jersey-servlet-1.19.jar:/home/user/.m2/repository/com/sun/jersey/jersey-json/1.19/jersey-json-1.19.jar:/home/user/.m2/repository/org/codehaus/jettison/jettison/1.1/jettison-1.1.jar:/home/user/.m2/repository/com/sun/xml/bind/jaxb-impl/2.3.0.1/jaxb-impl-2.3.0.1.jar:/home/user/.m2/repository/org/codehaus/jackson/jackson-core-asl/1.9.13/jackson-core-asl-1.9.13.jar:/home/user/.m2/repository/org/codehaus/jackson/jackson-mapper-asl/1.9.13/jackson-mapper-asl-1.9.13.jar:/home/user/.m2/repository/org/codehaus/jackson/jackson-jaxrs/1.9.13/jackson-jaxrs-1.9.13.jar:/home/user/.m2/repository/org/codehaus/jackson/jackson-xc/1.9.13/jackson-xc-1.9.13.jar:/home/user/.m2/repository/com/sun/jersey/jersey-server/1.19/jersey-server-1.19.jar:/home/user/.m2/repository/commons-logging/commons-logging/1.1.3/commons-logging-1.1.3.jar:/home/user/.m2/repository/log4j/log4j/1.2.17/log4j-1.2.17.jar:/home/user/.m2/repository/commons-beanutils/commons-beanutils/1.9.4/commons-beanutils-1.9.4.jar:/home/user/.m2/repository/org/apache/commons/commons-configuration2/2.1.1/commons-configuration2-2.1.1.jar:/home/user/.m2/repository/org/apache/commons/commons-lang3/3.7/commons-lang3-3.7.jar:/home/user/.m2/repository/org/apache/commons/commons-text/1.4/commons-text-1.4.jar:/home/user/.m2/repository/org/slf4j/slf4j-api/1.7.25/slf4j-api-1.7.25.jar:/home/user/.m2/repository/org/slf4j/slf4j-log4j12/1.7.25/slf4j-log4j12-1.7.25.jar:/home/user/.m2/repository/org/apache/avro/avro/1.7.7/avro-1.7.7.jar:/home/user/.m2/repository/com/thoughtworks/paranamer/paranamer/2.3/paranamer-2.3.jar:/home/user/.m2/repository/org/xerial/snappy/snappy-java/1.0.5/snappy-java-1.0.5.jar:/home/user/.m2/repository/com/google/re2j/re2j/1.1/re2j-1.1.jar:/home/user/.m2/repository/com/google/code/gson/gson/2.2.4/gson-2.2.4.jar:/home/user/.m2/repository/org/apache/hadoop/hadoop-auth/3.2.0/hadoop-auth-3.2.0.jar:/home/user/.m2/repository/com/nimbusds/nimbus-jose-jwt/4.41.1/nimbus-jose-jwt-4.41.1.jar:/home/user/.m2/repository/com/github/stephenc/jcip/jcip-annotations/1.0-1/jcip-annotations-1.0-1.jar:/home/user/.m2/repository/net/minidev/json-smart/2.3/json-smart-2.3.jar:/home/user/.m2/repository/net/minidev/accessors-smart/1.2/accessors-smart-1.2.jar:/home/user/.m2/repository/org/apache/curator/curator-framework/2.12.0/curator-framework-2.12.0.jar:/home/user/.m2/repository/com/jcraft/jsch/0.1.54/jsch-0.1.54.jar:/home/user/.m2/repository/org/apache/curator/curator-client/2.12.0/curator-client-2.12.0.jar:/home/user/.m2/repository/org/apache/curator/curator-recipes/2.12.0/curator-recipes-2.12.0.jar:/home/user/.m2/repository/com/google/code/findbugs/jsr305/3.0.0/jsr305-3.0.0.jar:/home/user/.m2/repository/org/apache/htrace/htrace-core4/4.1.0-incubating/htrace-core4-4.1.0-incubating.jar:/home/user/.m2/repository/org/apache/zookeeper/zookeeper/3.4.13/zookeeper-3.4.13.jar:/home/user/.m2/repository/jline/jline/0.9.94/jline-0.9.94.jar:/home/user/.m2/repository/org/apache/yetus/audience-annotations/0.5.0/audience-annotations-0.5.0.jar:/home/user/.m2/repository/org/apache/kerby/kerb-simplekdc/1.0.1/kerb-simplekdc-1.0.1.jar:/home/user/.m2/repository/org/apache/kerby/kerb-client/1.0.1/kerb-client-1.0.1.jar:/home/user/.m2/repository/org/apache/kerby/kerby-config/1.0.1/kerby-config-1.0.1.jar:/home/user/.m2/repository/org/apache/kerby/kerb-core/1.0.1/kerb-core-1.0.1.jar:/home/user/.m2/repository/org/apache/kerby/kerby-pkix/1.0.1/kerby-pkix-1.0.1.jar:/home/user/.m2/repository/org/apache/kerby/kerby-asn1/1.0.1/kerby-asn1-1.0.1.jar:/home/user/.m2/repository/org/apache/kerby/kerby-util/1.0.1/kerby-util-1.0.1.jar:/home/user/.m2/repository/org/apache/kerby/kerb-common/1.0.1/kerb-common-1.0.1.jar:/home/user/.m2/repository/org/apache/kerby/kerb-crypto/1.0.1/kerb-crypto-1.0.1.jar:/home/user/.m2/repository/org/apache/kerby/kerb-util/1.0.1/kerb-util-1.0.1.jar:/home/user/.m2/repository/org/apache/kerby/token-provider/1.0.1/token-provider-1.0.1.jar:/home/user/.m2/repository/org/apache/kerby/kerb-admin/1.0.1/kerb-admin-1.0.1.jar:/home/user/.m2/repository/org/apache/kerby/kerb-server/1.0.1/kerb-server-1.0.1.jar:/home/user/.m2/repository/org/apache/kerby/kerb-identity/1.0.1/kerb-identity-1.0.1.jar:/home/user/.m2/repository/org/apache/kerby/kerby-xdr/1.0.1/kerby-xdr-1.0.1.jar:/home/user/.m2/repository/com/fasterxml/jackson/core/jackson-databind/2.9.9/jackson-databind-2.9.9.jar:/home/user/.m2/repository/com/fasterxml/jackson/core/jackson-core/2.9.9/jackson-core-2.9.9.jar:/home/user/.m2/repository/org/codehaus/woodstox/stax2-api/3.1.4/stax2-api-3.1.4.jar:/home/user/.m2/repository/com/fasterxml/woodstox/woodstox-core/5.0.3/woodstox-core-5.0.3.jar:/home/user/.m2/repository/dnsjava/dnsjava/2.1.7/dnsjava-2.1.7.jar:/home/user/.m2/repository/org/apache/hadoop/hadoop-hdfs/3.2.0/hadoop-hdfs-3.2.0.jar:/home/user/.m2/repository/org/eclipse/jetty/jetty-util-ajax/9.3.25.v20180904/jetty-util-ajax-9.3.25.v20180904.jar:/home/user/.m2/repository/commons-daemon/commons-daemon/1.0.13/commons-daemon-1.0.13.jar:/home/user/.m2/repository/io/netty/netty/3.10.5.Final/netty-3.10.5.Final.jar:/home/user/.m2/repository/io/netty/netty-all/4.0.52.Final/netty-all-4.0.52.Final.jar:/home/user/.m2/repository/org/fusesource/leveldbjni/leveldbjni-all/1.8/leveldbjni-all-1.8.jar:/home/user/.m2/repository/com/sun/xml/bind/jaxb-core/2.3.0.1/jaxb-core-2.3.0.1.jar:/home/user/.m2/repository/javax/xml/bind/jaxb-api/2.3.0/jaxb-api-2.3.0.jar:/home/user/.m2/repository/javax/activation/activation/1.1.1/activation-1.1.1.jar:/home/user/.m2/repository/org/openjdk/jmh/jmh-core/1.19/jmh-core-1.19.jar:/home/user/.m2/repository/net/sf/jopt-simple/jopt-simple/4.6/jopt-simple-4.6.jar:/home/user/.m2/repository/org/openjdk/jmh/jmh-generator-annprocess/1.19/jmh-generator-annprocess-1.19.jar:/home/user/.m2/repository/io/dropwizard/metrics/metrics-core/3.2.4/metrics-core-3.2.4.jar:/home/user/.m2/repository/com/amazonaws/aws-java-sdk-s3/1.11.615/aws-java-sdk-s3-1.11.615.jar:/home/user/.m2/repository/com/amazonaws/aws-java-sdk-kms/1.11.615/aws-java-sdk-kms-1.11.615.jar:/home/user/.m2/repository/com/amazonaws/aws-java-sdk-core/1.11.615/aws-java-sdk-core-1.11.615.jar:/home/user/.m2/repository/software/amazon/ion/ion-java/1.0.2/ion-java-1.0.2.jar:/home/user/.m2/repository/com/fasterxml/jackson/dataformat/jackson-dataformat-cbor/2.9.9/jackson-dataformat-cbor-2.9.9.jar:/home/user/.m2/repository/joda-time/joda-time/2.9.9/joda-time-2.9.9.jar:/home/user/.m2/repository/com/amazonaws/jmespath-java/1.11.615/jmespath-java-1.11.615.jar:/home/user/.m2/repository/com/github/spotbugs/spotbugs/3.1.12/spotbugs-3.1.12.jar:/home/user/.m2/repository/org/ow2/asm/asm/5.0.4/asm-5.0.4.jar:/home/user/.m2/repository/org/ow2/asm/asm-analysis/7.0/asm-analysis-7.0.jar:/home/user/.m2/repository/org/ow2/asm/asm-commons/7.0/asm-commons-7.0.jar:/home/user/.m2/repository/org/ow2/asm/asm-tree/7.0/asm-tree-7.0.jar:/home/user/.m2/repository/org/ow2/asm/asm-util/7.0/asm-util-7.0.jar:/home/user/.m2/repository/org/apache/bcel/bcel/6.3/bcel-6.3.jar:/home/user/.m2/repository/net/jcip/jcip-annotations/1.0/jcip-annotations-1.0.jar:/home/user/.m2/repository/org/dom4j/dom4j/2.1.1/dom4j-2.1.1.jar:/home/user/.m2/repository/jaxen/jaxen/1.1.6/jaxen-1.1.6.jar:/home/user/.m2/repository/commons-lang/commons-lang/2.6/commons-lang-2.6.jar:/home/user/.m2/repository/com/github/spotbugs/spotbugs-annotations/3.1.12/spotbugs-annotations-3.1.12.jar:/home/user/.m2/repository/junit/junit/4.11/junit-4.11.jar:/home/user/.m2/repository/org/hamcrest/hamcrest-core/1.3/hamcrest-core-1.3.jar:/home/user/.m2/repository/org/apache/hadoop/hadoop-common/3.2.0/hadoop-common-3.2.0-tests.jar:/workdir/hadoop-ozone/integration-test/target/test-classes:/home/user/.m2/repository/org/apache/hadoop/hadoop-ozone-s3gateway/0.5.0-SNAPSHOT/hadoop-ozone-s3gateway-0.5.0-SNAPSHOT.jar:/home/user/.m2/repository/org/jboss/weld/servlet/weld-servlet/2.4.7.Final/weld-servlet-2.4.7.Final.jar:/home/user/.m2/repository/org/glassfish/jersey/containers/jersey-container-servlet-core/2.27/jersey-container-servlet-core-2.27.jar:/home/user/.m2/repository/org/glassfish/hk2/external/javax.inject/2.5.0-b42/javax.inject-2.5.0-b42.jar:/home/user/.m2/repository/org/glassfish/jersey/core/jersey-common/2.27/jersey-common-2.27.jar:/home/user/.m2/repository/org/glassfish/hk2/osgi-resource-locator/1.0.1/osgi-resource-locator-1.0.1.jar:/home/user/.m2/repository/javax/ws/rs/javax.ws.rs-api/2.1/javax.ws.rs-api-2.1.jar:/home/user/.m2/repository/org/glassfish/jersey/ext/cdi/jersey-cdi1x/2.27/jersey-cdi1x-2.27.jar:/home/user/.m2/repository/org/glassfish/jersey/inject/jersey-hk2/2.27/jersey-hk2-2.27.jar:/home/user/.m2/repository/org/glassfish/hk2/hk2-locator/2.5.0-b42/hk2-locator-2.5.0-b42.jar:/home/user/.m2/repository/org/javassist/javassist/3.22.0-CR2/javassist-3.22.0-CR2.jar:/home/user/.m2/repository/org/glassfish/hk2/hk2-api/2.5.0/hk2-api-2.5.0.jar:/home/user/.m2/repository/org/glassfish/hk2/external/jakarta.inject/2.5.0/jakarta.inject-2.5.0.jar:/home/user/.m2/repository/org/glassfish/hk2/hk2-utils/2.5.0/hk2-utils-2.5.0.jar:/home/user/.m2/repository/jakarta/annotation/jakarta.annotation-api/1.3.4/jakarta.annotation-api-1.3.4.jar:/home/user/.m2/repository/org/glassfish/hk2/external/aopalliance-repackaged/2.5.0/aopalliance-repackaged-2.5.0.jar:/home/user/.m2/repository/com/fasterxml/jackson/dataformat/jackson-dataformat-xml/2.9.0/jackson-dataformat-xml-2.9.0.jar:/home/user/.m2/repository/com/fasterxml/jackson/module/jackson-module-jaxb-annotations/2.9.9/jackson-module-jaxb-annotations-2.9.9.jar:/home/user/.m2/repository/javax/enterprise/cdi-api/1.2/cdi-api-1.2.jar:/home/user/.m2/repository/javax/el/javax.el-api/3.0.0/javax.el-api-3.0.0.jar:/home/user/.m2/repository/javax/interceptor/javax.interceptor-api/1.2/javax.interceptor-api-1.2.jar:/home/user/.m2/repository/javax/inject/javax.inject/1/javax.inject-1.jar:/home/user/.m2/repository/org/apache/hadoop/hadoop-ozone-csi/0.5.0-SNAPSHOT/hadoop-ozone-csi-0.5.0-SNAPSHOT.jar:/home/user/.m2/repository/com/google/protobuf/protobuf-java-util/3.5.1/protobuf-java-util-3.5.1.jar:/home/user/.m2/repository/io/grpc/grpc-netty/1.17.1/grpc-netty-1.17.1.jar:/home/user/.m2/repository/io/grpc/grpc-core/1.17.1/grpc-core-1.17.1.jar:/home/user/.m2/repository/io/grpc/grpc-context/1.17.1/grpc-context-1.17.1.jar:/home/user/.m2/repository/com/google/errorprone/error_prone_annotations/2.2.0/error_prone_annotations-2.2.0.jar:/home/user/.m2/repository/org/codehaus/mojo/animal-sniffer-annotations/1.17/animal-sniffer-annotations-1.17.jar:/home/user/.m2/repository/io/opencensus/opencensus-api/0.17.0/opencensus-api-0.17.0.jar:/home/user/.m2/repository/io/opencensus/opencensus-contrib-grpc-metrics/0.17.0/opencensus-contrib-grpc-metrics-0.17.0.jar:/home/user/.m2/repository/io/netty/netty-codec-http2/4.1.30.Final/netty-codec-http2-4.1.30.Final.jar:/home/user/.m2/repository/io/netty/netty-codec-http/4.1.30.Final/netty-codec-http-4.1.30.Final.jar:/home/user/.m2/repository/io/netty/netty-codec/4.1.30.Final/netty-codec-4.1.30.Final.jar:/home/user/.m2/repository/io/netty/netty-handler/4.1.30.Final/netty-handler-4.1.30.Final.jar:/home/user/.m2/repository/io/netty/netty-handler-proxy/4.1.30.Final/netty-handler-proxy-4.1.30.Final.jar:/home/user/.m2/repository/io/netty/netty-codec-socks/4.1.30.Final/netty-codec-socks-4.1.30.Final.jar:/home/user/.m2/repository/io/netty/netty-transport-native-epoll/4.1.30.Final/netty-transport-native-epoll-4.1.30.Final.jar:/home/user/.m2/repository/io/netty/netty-common/4.1.30.Final/netty-common-4.1.30.Final.jar:/home/user/.m2/repository/io/netty/netty-buffer/4.1.30.Final/netty-buffer-4.1.30.Final.jar:/home/user/.m2/repository/io/netty/netty-transport/4.1.30.Final/netty-transport-4.1.30.Final.jar:/home/user/.m2/repository/io/netty/netty-resolver/4.1.30.Final/netty-resolver-4.1.30.Final.jar:/home/user/.m2/repository/io/netty/netty-transport-native-unix-common/4.1.30.Final/netty-transport-native-unix-common-4.1.30.Final.jar:/home/user/.m2/repository/io/grpc/grpc-protobuf/1.17.1/grpc-protobuf-1.17.1.jar:/home/user/.m2/repository/com/google/api/grpc/proto-google-common-protos/1.0.0/proto-google-common-protos-1.0.0.jar:/home/user/.m2/repository/io/grpc/grpc-protobuf-lite/1.17.1/grpc-protobuf-lite-1.17.1.jar:/home/user/.m2/repository/io/grpc/grpc-stub/1.17.1/grpc-stub-1.17.1.jar:/home/user/.m2/repository/org/apache/hadoop/hadoop-ozone-recon/0.5.0-SNAPSHOT/hadoop-ozone-recon-0.5.0-SNAPSHOT.jar:/home/user/.m2/repository/org/apache/hadoop/hadoop-ozone-reconcodegen/0.5.0-SNAPSHOT/hadoop-ozone-reconcodegen-0.5.0-SNAPSHOT.jar:/home/user/.m2/repository/com/google/inject/extensions/guice-multibindings/4.0/guice-multibindings-4.0.jar:/home/user/.m2/repository/com/google/inject/guice/4.0/guice-4.0.jar:/home/user/.m2/repository/aopalliance/aopalliance/1.0/aopalliance-1.0.jar:/home/user/.m2/repository/com/google/inject/extensions/guice-servlet/4.0/guice-servlet-4.0.jar:/home/user/.m2/repository/org/glassfish/jersey/containers/jersey-container-servlet/2.27/jersey-container-servlet-2.27.jar:/home/user/.m2/repository/org/glassfish/hk2/guice-bridge/2.5.0/guice-bridge-2.5.0.jar:/home/user/.m2/repository/org/glassfish/jersey/core/jersey-server/2.27/jersey-server-2.27.jar:/home/user/.m2/repository/org/glassfish/jersey/core/jersey-client/2.27/jersey-client-2.27.jar:/home/user/.m2/repository/org/glassfish/jersey/media/jersey-media-jaxb/2.27/jersey-media-jaxb-2.27.jar:/home/user/.m2/repository/javax/validation/validation-api/1.1.0.Final/validation-api-1.1.0.Final.jar:/home/user/.m2/repository/org/glassfish/jersey/media/jersey-media-json-jackson/2.27/jersey-media-json-jackson-2.27.jar:/home/user/.m2/repository/org/glassfish/jersey/ext/jersey-entity-filtering/2.27/jersey-entity-filtering-2.27.jar:/home/user/.m2/repository/com/google/inject/extensions/guice-assistedinject/4.0/guice-assistedinject-4.0.jar:/home/user/.m2/repository/org/jooq/jooq/3.11.10/jooq-3.11.10.jar:/home/user/.m2/repository/org/jooq/jooq-meta/3.11.10/jooq-meta-3.11.10.jar:/home/user/.m2/repository/org/jooq/jooq-codegen/3.11.10/jooq-codegen-3.11.10.jar:/home/user/.m2/repository/com/jolbox/bonecp/0.8.0.RELEASE/bonecp-0.8.0.RELEASE.jar:/home/user/.m2/repository/org/springframework/spring-jdbc/5.1.3.RELEASE/spring-jdbc-5.1.3.RELEASE.jar:/home/user/.m2/repository/org/springframework/spring-beans/5.1.3.RELEASE/spring-beans-5.1.3.RELEASE.jar:/home/user/.m2/repository/org/springframework/spring-core/5.1.3.RELEASE/spring-core-5.1.3.RELEASE.jar:/home/user/.m2/repository/org/springframework/spring-jcl/5.1.3.RELEASE/spring-jcl-5.1.3.RELEASE.jar:/home/user/.m2/repository/org/springframework/spring-tx/5.1.3.RELEASE/spring-tx-5.1.3.RELEASE.jar:/home/user/.m2/repository/org/mockito/mockito-core/2.15.0/mockito-core-2.15.0.jar:/home/user/.m2/repository/net/bytebuddy/byte-buddy/1.7.9/byte-buddy-1.7.9.jar:/home/user/.m2/repository/net/bytebuddy/byte-buddy-agent/1.7.9/byte-buddy-agent-1.7.9.jar:/home/user/.m2/repository/org/objenesis/objenesis/1.0/objenesis-1.0.jar:"/>
    <property name="java.vm.vendor" value="Oracle Corporation"/>
    <property name="sun.arch.data.model" value="64"/>
    <property name="test.build.dir" value="/workdir/hadoop-ozone/tools/target/test-dir"/>
    <property name="test.cache.data" value=""/>
    <property name="java.vendor.url" value="http://java.oracle.com/"/>
    <property name="user.timezone" value=""/>
    <property name="java.vm.specification.version" value="1.8"/>
    <property name="os.name" value="Linux"/>
    <property name="test.build.data" value="/workdir/hadoop-ozone/tools/target/test-dir"/>
    <property name="user.country" value="US"/>
    <property name="sun.java.launcher" value="SUN_STANDARD"/>
    <property name="sun.boot.library.path" value="/usr/lib/jvm/java-1.8.0-openjdk-1.8.0.222.b10-1.el7_7.x86_64/jre/lib/amd64"/>
    <property name="sun.java.command" value="/workdir/hadoop-ozone/tools/target/surefire/surefirebooter7596079940948587797.jar /workdir/hadoop-ozone/tools/target/surefire 2019-11-08T12-17-35_072-jvmRun1 surefire8947764502391704377tmp surefire_1008254237274892157916tmp"/>
    <property name="surefire.test.class.path" value="/workdir/hadoop-ozone/tools/target/test-classes:/workdir/hadoop-ozone/tools/target/classes:/home/user/.m2/repository/org/apache/hadoop/hadoop-ozone-ozone-manager/0.5.0-SNAPSHOT/hadoop-ozone-ozone-manager-0.5.0-SNAPSHOT.jar:/home/user/.m2/repository/org/apache/hadoop/hadoop-hdds-docs/0.5.0-SNAPSHOT/hadoop-hdds-docs-0.5.0-SNAPSHOT.jar:/home/user/.m2/repository/org/bouncycastle/bcprov-jdk15on/1.60/bcprov-jdk15on-1.60.jar:/home/user/.m2/repository/org/apache/hadoop/hadoop-ozone-common/0.5.0-SNAPSHOT/hadoop-ozone-common-0.5.0-SNAPSHOT.jar:/home/user/.m2/repository/org/apache/commons/commons-compress/1.4.1/commons-compress-1.4.1.jar:/home/user/.m2/repository/org/tukaani/xz/1.0/xz-1.0.jar:/home/user/.m2/repository/org/apache/hadoop/hadoop-hdfs-client/3.2.0/hadoop-hdfs-client-3.2.0.jar:/home/user/.m2/repository/com/fasterxml/jackson/core/jackson-annotations/2.9.9/jackson-annotations-2.9.9.jar:/home/user/.m2/repository/org/apache/hadoop/hadoop-hdds-common/0.5.0-SNAPSHOT/hadoop-hdds-common-0.5.0-SNAPSHOT.jar:/home/user/.m2/repository/org/apache/hadoop/hadoop-hdds-config/0.5.0-SNAPSHOT/hadoop-hdds-config-0.5.0-SNAPSHOT.jar:/home/user/.m2/repository/javax/annotation/javax.annotation-api/1.2/javax.annotation-api-1.2.jar:/home/user/.m2/repository/org/apache/ratis/ratis-server/0.5.0-d6d58d0-SNAPSHOT/ratis-server-0.5.0-d6d58d0-SNAPSHOT.jar:/home/user/.m2/repository/org/apache/ratis/ratis-thirdparty-misc/0.2.0/ratis-thirdparty-misc-0.2.0.jar:/home/user/.m2/repository/org/apache/ratis/ratis-proto/0.5.0-d6d58d0-SNAPSHOT/ratis-proto-0.5.0-d6d58d0-SNAPSHOT.jar:/home/user/.m2/repository/org/apache/ratis/ratis-common/0.5.0-d6d58d0-SNAPSHOT/ratis-common-0.5.0-d6d58d0-SNAPSHOT.jar:/home/user/.m2/repository/org/apache/ratis/ratis-client/0.5.0-d6d58d0-SNAPSHOT/ratis-client-0.5.0-d6d58d0-SNAPSHOT.jar:/home/user/.m2/repository/org/apache/ratis/ratis-metrics/0.5.0-d6d58d0-SNAPSHOT/ratis-metrics-0.5.0-d6d58d0-SNAPSHOT.jar:/home/user/.m2/repository/org/apache/ratis/ratis-netty/0.5.0-d6d58d0-SNAPSHOT/ratis-netty-0.5.0-d6d58d0-SNAPSHOT.jar:/home/user/.m2/repository/org/apache/ratis/ratis-grpc/0.5.0-d6d58d0-SNAPSHOT/ratis-grpc-0.5.0-d6d58d0-SNAPSHOT.jar:/home/user/.m2/repository/org/rocksdb/rocksdbjni/6.0.1/rocksdbjni-6.0.1.jar:/home/user/.m2/repository/org/apache/logging/log4j/log4j-api/2.11.0/log4j-api-2.11.0.jar:/home/user/.m2/repository/org/apache/logging/log4j/log4j-core/2.11.0/log4j-core-2.11.0.jar:/home/user/.m2/repository/com/lmax/disruptor/3.4.2/disruptor-3.4.2.jar:/home/user/.m2/repository/org/apache/commons/commons-pool2/2.6.0/commons-pool2-2.6.0.jar:/home/user/.m2/repository/org/bouncycastle/bcpkix-jdk15on/1.60/bcpkix-jdk15on-1.60.jar:/home/user/.m2/repository/commons-validator/commons-validator/1.6/commons-validator-1.6.jar:/home/user/.m2/repository/commons-digester/commons-digester/1.8.1/commons-digester-1.8.1.jar:/home/user/.m2/repository/io/jaegertracing/jaeger-client/0.34.0/jaeger-client-0.34.0.jar:/home/user/.m2/repository/io/jaegertracing/jaeger-thrift/0.34.0/jaeger-thrift-0.34.0.jar:/home/user/.m2/repository/org/apache/thrift/libthrift/0.12.0/libthrift-0.12.0.jar:/home/user/.m2/repository/com/squareup/okhttp3/okhttp/3.9.0/okhttp-3.9.0.jar:/home/user/.m2/repository/com/squareup/okio/okio/1.13.0/okio-1.13.0.jar:/home/user/.m2/repository/io/jaegertracing/jaeger-core/0.34.0/jaeger-core-0.34.0.jar:/home/user/.m2/repository/io/jaegertracing/jaeger-tracerresolver/0.34.0/jaeger-tracerresolver-0.34.0.jar:/home/user/.m2/repository/io/opentracing/contrib/opentracing-tracerresolver/0.1.5/opentracing-tracerresolver-0.1.5.jar:/home/user/.m2/repository/io/opentracing/opentracing-util/0.31.0/opentracing-util-0.31.0.jar:/home/user/.m2/repository/io/opentracing/opentracing-api/0.31.0/opentracing-api-0.31.0.jar:/home/user/.m2/repository/io/opentracing/opentracing-noop/0.31.0/opentracing-noop-0.31.0.jar:/home/user/.m2/repository/org/yaml/snakeyaml/1.16/snakeyaml-1.16.jar:/home/user/.m2/repository/org/apache/hadoop/hadoop-hdds-container-service/0.5.0-SNAPSHOT/hadoop-hdds-container-service-0.5.0-SNAPSHOT.jar:/home/user/.m2/repository/org/apache/hadoop/hadoop-hdds-client/0.5.0-SNAPSHOT/hadoop-hdds-client-0.5.0-SNAPSHOT.jar:/home/user/.m2/repository/org/apache/hadoop/hadoop-hdds-tools/0.5.0-SNAPSHOT/hadoop-hdds-tools-0.5.0-SNAPSHOT.jar:/home/user/.m2/repository/org/xerial/sqlite-jdbc/3.25.2/sqlite-jdbc-3.25.2.jar:/home/user/.m2/repository/org/apache/hadoop/hadoop-hdds-server-scm/0.5.0-SNAPSHOT/hadoop-hdds-server-scm-0.5.0-SNAPSHOT.jar:/home/user/.m2/repository/org/hamcrest/hamcrest-all/1.3/hamcrest-all-1.3.jar:/home/user/.m2/repository/info/picocli/picocli/3.9.6/picocli-3.9.6.jar:/home/user/.m2/repository/com/google/protobuf/protobuf-java/2.5.0/protobuf-java-2.5.0.jar:/home/user/.m2/repository/com/google/guava/guava/11.0.2/guava-11.0.2.jar:/home/user/.m2/repository/org/apache/hadoop/hadoop-ozone-client/0.5.0-SNAPSHOT/hadoop-ozone-client-0.5.0-SNAPSHOT.jar:/workdir/hadoop-ozone/ozonefs/target/classes:/home/user/.m2/repository/org/apache/httpcomponents/httpclient/4.5.2/httpclient-4.5.2.jar:/home/user/.m2/repository/org/apache/httpcomponents/httpcore/4.4.4/httpcore-4.4.4.jar:/home/user/.m2/repository/org/apache/hadoop/hadoop-hdds-server-framework/0.5.0-SNAPSHOT/hadoop-hdds-server-framework-0.5.0-SNAPSHOT.jar:/home/user/.m2/repository/org/apache/hadoop/hadoop-common/3.2.0/hadoop-common-3.2.0.jar:/home/user/.m2/repository/org/apache/hadoop/hadoop-annotations/3.2.0/hadoop-annotations-3.2.0.jar:/usr/lib/jvm/java-1.8.0-openjdk-1.8.0.222.b10-1.el7_7.x86_64/jre/../lib/tools.jar:/home/user/.m2/repository/commons-cli/commons-cli/1.2/commons-cli-1.2.jar:/home/user/.m2/repository/org/apache/commons/commons-math3/3.1.1/commons-math3-3.1.1.jar:/home/user/.m2/repository/commons-codec/commons-codec/1.11/commons-codec-1.11.jar:/home/user/.m2/repository/commons-io/commons-io/2.5/commons-io-2.5.jar:/home/user/.m2/repository/commons-net/commons-net/3.6/commons-net-3.6.jar:/home/user/.m2/repository/commons-collections/commons-collections/3.2.2/commons-collections-3.2.2.jar:/home/user/.m2/repository/javax/servlet/javax.servlet-api/3.1.0/javax.servlet-api-3.1.0.jar:/home/user/.m2/repository/org/eclipse/jetty/jetty-server/9.3.25.v20180904/jetty-server-9.3.25.v20180904.jar:/home/user/.m2/repository/org/eclipse/jetty/jetty-http/9.3.25.v20180904/jetty-http-9.3.25.v20180904.jar:/home/user/.m2/repository/org/eclipse/jetty/jetty-io/9.3.25.v20180904/jetty-io-9.3.25.v20180904.jar:/home/user/.m2/repository/org/eclipse/jetty/jetty-util/9.3.25.v20180904/jetty-util-9.3.25.v20180904.jar:/home/user/.m2/repository/org/eclipse/jetty/jetty-servlet/9.3.25.v20180904/jetty-servlet-9.3.25.v20180904.jar:/home/user/.m2/repository/org/eclipse/jetty/jetty-security/9.3.25.v20180904/jetty-security-9.3.25.v20180904.jar:/home/user/.m2/repository/org/eclipse/jetty/jetty-webapp/9.3.25.v20180904/jetty-webapp-9.3.25.v20180904.jar:/home/user/.m2/repository/org/eclipse/jetty/jetty-xml/9.3.25.v20180904/jetty-xml-9.3.25.v20180904.jar:/home/user/.m2/repository/javax/servlet/jsp/jsp-api/2.1/jsp-api-2.1.jar:/home/user/.m2/repository/com/sun/jersey/jersey-core/1.19/jersey-core-1.19.jar:/home/user/.m2/repository/javax/ws/rs/jsr311-api/1.1.1/jsr311-api-1.1.1.jar:/home/user/.m2/repository/com/sun/jersey/jersey-servlet/1.19/jersey-servlet-1.19.jar:/home/user/.m2/repository/com/sun/jersey/jersey-json/1.19/jersey-json-1.19.jar:/home/user/.m2/repository/org/codehaus/jettison/jettison/1.1/jettison-1.1.jar:/home/user/.m2/repository/com/sun/xml/bind/jaxb-impl/2.3.0.1/jaxb-impl-2.3.0.1.jar:/home/user/.m2/repository/org/codehaus/jackson/jackson-core-asl/1.9.13/jackson-core-asl-1.9.13.jar:/home/user/.m2/repository/org/codehaus/jackson/jackson-mapper-asl/1.9.13/jackson-mapper-asl-1.9.13.jar:/home/user/.m2/repository/org/codehaus/jackson/jackson-jaxrs/1.9.13/jackson-jaxrs-1.9.13.jar:/home/user/.m2/repository/org/codehaus/jackson/jackson-xc/1.9.13/jackson-xc-1.9.13.jar:/home/user/.m2/repository/com/sun/jersey/jersey-server/1.19/jersey-server-1.19.jar:/home/user/.m2/repository/commons-logging/commons-logging/1.1.3/commons-logging-1.1.3.jar:/home/user/.m2/repository/log4j/log4j/1.2.17/log4j-1.2.17.jar:/home/user/.m2/repository/commons-beanutils/commons-beanutils/1.9.4/commons-beanutils-1.9.4.jar:/home/user/.m2/repository/org/apache/commons/commons-configuration2/2.1.1/commons-configuration2-2.1.1.jar:/home/user/.m2/repository/org/apache/commons/commons-lang3/3.7/commons-lang3-3.7.jar:/home/user/.m2/repository/org/apache/commons/commons-text/1.4/commons-text-1.4.jar:/home/user/.m2/repository/org/slf4j/slf4j-api/1.7.25/slf4j-api-1.7.25.jar:/home/user/.m2/repository/org/slf4j/slf4j-log4j12/1.7.25/slf4j-log4j12-1.7.25.jar:/home/user/.m2/repository/org/apache/avro/avro/1.7.7/avro-1.7.7.jar:/home/user/.m2/repository/com/thoughtworks/paranamer/paranamer/2.3/paranamer-2.3.jar:/home/user/.m2/repository/org/xerial/snappy/snappy-java/1.0.5/snappy-java-1.0.5.jar:/home/user/.m2/repository/com/google/re2j/re2j/1.1/re2j-1.1.jar:/home/user/.m2/repository/com/google/code/gson/gson/2.2.4/gson-2.2.4.jar:/home/user/.m2/repository/org/apache/hadoop/hadoop-auth/3.2.0/hadoop-auth-3.2.0.jar:/home/user/.m2/repository/com/nimbusds/nimbus-jose-jwt/4.41.1/nimbus-jose-jwt-4.41.1.jar:/home/user/.m2/repository/com/github/stephenc/jcip/jcip-annotations/1.0-1/jcip-annotations-1.0-1.jar:/home/user/.m2/repository/net/minidev/json-smart/2.3/json-smart-2.3.jar:/home/user/.m2/repository/net/minidev/accessors-smart/1.2/accessors-smart-1.2.jar:/home/user/.m2/repository/org/apache/curator/curator-framework/2.12.0/curator-framework-2.12.0.jar:/home/user/.m2/repository/com/jcraft/jsch/0.1.54/jsch-0.1.54.jar:/home/user/.m2/repository/org/apache/curator/curator-client/2.12.0/curator-client-2.12.0.jar:/home/user/.m2/repository/org/apache/curator/curator-recipes/2.12.0/curator-recipes-2.12.0.jar:/home/user/.m2/repository/com/google/code/findbugs/jsr305/3.0.0/jsr305-3.0.0.jar:/home/user/.m2/repository/org/apache/htrace/htrace-core4/4.1.0-incubating/htrace-core4-4.1.0-incubating.jar:/home/user/.m2/repository/org/apache/zookeeper/zookeeper/3.4.13/zookeeper-3.4.13.jar:/home/user/.m2/repository/jline/jline/0.9.94/jline-0.9.94.jar:/home/user/.m2/repository/org/apache/yetus/audience-annotations/0.5.0/audience-annotations-0.5.0.jar:/home/user/.m2/repository/org/apache/kerby/kerb-simplekdc/1.0.1/kerb-simplekdc-1.0.1.jar:/home/user/.m2/repository/org/apache/kerby/kerb-client/1.0.1/kerb-client-1.0.1.jar:/home/user/.m2/repository/org/apache/kerby/kerby-config/1.0.1/kerby-config-1.0.1.jar:/home/user/.m2/repository/org/apache/kerby/kerb-core/1.0.1/kerb-core-1.0.1.jar:/home/user/.m2/repository/org/apache/kerby/kerby-pkix/1.0.1/kerby-pkix-1.0.1.jar:/home/user/.m2/repository/org/apache/kerby/kerby-asn1/1.0.1/kerby-asn1-1.0.1.jar:/home/user/.m2/repository/org/apache/kerby/kerby-util/1.0.1/kerby-util-1.0.1.jar:/home/user/.m2/repository/org/apache/kerby/kerb-common/1.0.1/kerb-common-1.0.1.jar:/home/user/.m2/repository/org/apache/kerby/kerb-crypto/1.0.1/kerb-crypto-1.0.1.jar:/home/user/.m2/repository/org/apache/kerby/kerb-util/1.0.1/kerb-util-1.0.1.jar:/home/user/.m2/repository/org/apache/kerby/token-provider/1.0.1/token-provider-1.0.1.jar:/home/user/.m2/repository/org/apache/kerby/kerb-admin/1.0.1/kerb-admin-1.0.1.jar:/home/user/.m2/repository/org/apache/kerby/kerb-server/1.0.1/kerb-server-1.0.1.jar:/home/user/.m2/repository/org/apache/kerby/kerb-identity/1.0.1/kerb-identity-1.0.1.jar:/home/user/.m2/repository/org/apache/kerby/kerby-xdr/1.0.1/kerby-xdr-1.0.1.jar:/home/user/.m2/repository/com/fasterxml/jackson/core/jackson-databind/2.9.9/jackson-databind-2.9.9.jar:/home/user/.m2/repository/com/fasterxml/jackson/core/jackson-core/2.9.9/jackson-core-2.9.9.jar:/home/user/.m2/repository/org/codehaus/woodstox/stax2-api/3.1.4/stax2-api-3.1.4.jar:/home/user/.m2/repository/com/fasterxml/woodstox/woodstox-core/5.0.3/woodstox-core-5.0.3.jar:/home/user/.m2/repository/dnsjava/dnsjava/2.1.7/dnsjava-2.1.7.jar:/home/user/.m2/repository/org/apache/hadoop/hadoop-hdfs/3.2.0/hadoop-hdfs-3.2.0.jar:/home/user/.m2/repository/org/eclipse/jetty/jetty-util-ajax/9.3.25.v20180904/jetty-util-ajax-9.3.25.v20180904.jar:/home/user/.m2/repository/commons-daemon/commons-daemon/1.0.13/commons-daemon-1.0.13.jar:/home/user/.m2/repository/io/netty/netty/3.10.5.Final/netty-3.10.5.Final.jar:/home/user/.m2/repository/io/netty/netty-all/4.0.52.Final/netty-all-4.0.52.Final.jar:/home/user/.m2/repository/org/fusesource/leveldbjni/leveldbjni-all/1.8/leveldbjni-all-1.8.jar:/home/user/.m2/repository/com/sun/xml/bind/jaxb-core/2.3.0.1/jaxb-core-2.3.0.1.jar:/home/user/.m2/repository/javax/xml/bind/jaxb-api/2.3.0/jaxb-api-2.3.0.jar:/home/user/.m2/repository/javax/activation/activation/1.1.1/activation-1.1.1.jar:/home/user/.m2/repository/org/openjdk/jmh/jmh-core/1.19/jmh-core-1.19.jar:/home/user/.m2/repository/net/sf/jopt-simple/jopt-simple/4.6/jopt-simple-4.6.jar:/home/user/.m2/repository/org/openjdk/jmh/jmh-generator-annprocess/1.19/jmh-generator-annprocess-1.19.jar:/home/user/.m2/repository/io/dropwizard/metrics/metrics-core/3.2.4/metrics-core-3.2.4.jar:/home/user/.m2/repository/com/amazonaws/aws-java-sdk-s3/1.11.615/aws-java-sdk-s3-1.11.615.jar:/home/user/.m2/repository/com/amazonaws/aws-java-sdk-kms/1.11.615/aws-java-sdk-kms-1.11.615.jar:/home/user/.m2/repository/com/amazonaws/aws-java-sdk-core/1.11.615/aws-java-sdk-core-1.11.615.jar:/home/user/.m2/repository/software/amazon/ion/ion-java/1.0.2/ion-java-1.0.2.jar:/home/user/.m2/repository/com/fasterxml/jackson/dataformat/jackson-dataformat-cbor/2.9.9/jackson-dataformat-cbor-2.9.9.jar:/home/user/.m2/repository/joda-time/joda-time/2.9.9/joda-time-2.9.9.jar:/home/user/.m2/repository/com/amazonaws/jmespath-java/1.11.615/jmespath-java-1.11.615.jar:/home/user/.m2/repository/com/github/spotbugs/spotbugs/3.1.12/spotbugs-3.1.12.jar:/home/user/.m2/repository/org/ow2/asm/asm/5.0.4/asm-5.0.4.jar:/home/user/.m2/repository/org/ow2/asm/asm-analysis/7.0/asm-analysis-7.0.jar:/home/user/.m2/repository/org/ow2/asm/asm-commons/7.0/asm-commons-7.0.jar:/home/user/.m2/repository/org/ow2/asm/asm-tree/7.0/asm-tree-7.0.jar:/home/user/.m2/repository/org/ow2/asm/asm-util/7.0/asm-util-7.0.jar:/home/user/.m2/repository/org/apache/bcel/bcel/6.3/bcel-6.3.jar:/home/user/.m2/repository/net/jcip/jcip-annotations/1.0/jcip-annotations-1.0.jar:/home/user/.m2/repository/org/dom4j/dom4j/2.1.1/dom4j-2.1.1.jar:/home/user/.m2/repository/jaxen/jaxen/1.1.6/jaxen-1.1.6.jar:/home/user/.m2/repository/commons-lang/commons-lang/2.6/commons-lang-2.6.jar:/home/user/.m2/repository/com/github/spotbugs/spotbugs-annotations/3.1.12/spotbugs-annotations-3.1.12.jar:/home/user/.m2/repository/junit/junit/4.11/junit-4.11.jar:/home/user/.m2/repository/org/hamcrest/hamcrest-core/1.3/hamcrest-core-1.3.jar:/home/user/.m2/repository/org/apache/hadoop/hadoop-common/3.2.0/hadoop-common-3.2.0-tests.jar:/workdir/hadoop-ozone/integration-test/target/test-classes:/home/user/.m2/repository/org/apache/hadoop/hadoop-ozone-s3gateway/0.5.0-SNAPSHOT/hadoop-ozone-s3gateway-0.5.0-SNAPSHOT.jar:/home/user/.m2/repository/org/jboss/weld/servlet/weld-servlet/2.4.7.Final/weld-servlet-2.4.7.Final.jar:/home/user/.m2/repository/org/glassfish/jersey/containers/jersey-container-servlet-core/2.27/jersey-container-servlet-core-2.27.jar:/home/user/.m2/repository/org/glassfish/hk2/external/javax.inject/2.5.0-b42/javax.inject-2.5.0-b42.jar:/home/user/.m2/repository/org/glassfish/jersey/core/jersey-common/2.27/jersey-common-2.27.jar:/home/user/.m2/repository/org/glassfish/hk2/osgi-resource-locator/1.0.1/osgi-resource-locator-1.0.1.jar:/home/user/.m2/repository/javax/ws/rs/javax.ws.rs-api/2.1/javax.ws.rs-api-2.1.jar:/home/user/.m2/repository/org/glassfish/jersey/ext/cdi/jersey-cdi1x/2.27/jersey-cdi1x-2.27.jar:/home/user/.m2/repository/org/glassfish/jersey/inject/jersey-hk2/2.27/jersey-hk2-2.27.jar:/home/user/.m2/repository/org/glassfish/hk2/hk2-locator/2.5.0-b42/hk2-locator-2.5.0-b42.jar:/home/user/.m2/repository/org/javassist/javassist/3.22.0-CR2/javassist-3.22.0-CR2.jar:/home/user/.m2/repository/org/glassfish/hk2/hk2-api/2.5.0/hk2-api-2.5.0.jar:/home/user/.m2/repository/org/glassfish/hk2/external/jakarta.inject/2.5.0/jakarta.inject-2.5.0.jar:/home/user/.m2/repository/org/glassfish/hk2/hk2-utils/2.5.0/hk2-utils-2.5.0.jar:/home/user/.m2/repository/jakarta/annotation/jakarta.annotation-api/1.3.4/jakarta.annotation-api-1.3.4.jar:/home/user/.m2/repository/org/glassfish/hk2/external/aopalliance-repackaged/2.5.0/aopalliance-repackaged-2.5.0.jar:/home/user/.m2/repository/com/fasterxml/jackson/dataformat/jackson-dataformat-xml/2.9.0/jackson-dataformat-xml-2.9.0.jar:/home/user/.m2/repository/com/fasterxml/jackson/module/jackson-module-jaxb-annotations/2.9.9/jackson-module-jaxb-annotations-2.9.9.jar:/home/user/.m2/repository/javax/enterprise/cdi-api/1.2/cdi-api-1.2.jar:/home/user/.m2/repository/javax/el/javax.el-api/3.0.0/javax.el-api-3.0.0.jar:/home/user/.m2/repository/javax/interceptor/javax.interceptor-api/1.2/javax.interceptor-api-1.2.jar:/home/user/.m2/repository/javax/inject/javax.inject/1/javax.inject-1.jar:/home/user/.m2/repository/org/apache/hadoop/hadoop-ozone-csi/0.5.0-SNAPSHOT/hadoop-ozone-csi-0.5.0-SNAPSHOT.jar:/home/user/.m2/repository/com/google/protobuf/protobuf-java-util/3.5.1/protobuf-java-util-3.5.1.jar:/home/user/.m2/repository/io/grpc/grpc-netty/1.17.1/grpc-netty-1.17.1.jar:/home/user/.m2/repository/io/grpc/grpc-core/1.17.1/grpc-core-1.17.1.jar:/home/user/.m2/repository/io/grpc/grpc-context/1.17.1/grpc-context-1.17.1.jar:/home/user/.m2/repository/com/google/errorprone/error_prone_annotations/2.2.0/error_prone_annotations-2.2.0.jar:/home/user/.m2/repository/org/codehaus/mojo/animal-sniffer-annotations/1.17/animal-sniffer-annotations-1.17.jar:/home/user/.m2/repository/io/opencensus/opencensus-api/0.17.0/opencensus-api-0.17.0.jar:/home/user/.m2/repository/io/opencensus/opencensus-contrib-grpc-metrics/0.17.0/opencensus-contrib-grpc-metrics-0.17.0.jar:/home/user/.m2/repository/io/netty/netty-codec-http2/4.1.30.Final/netty-codec-http2-4.1.30.Final.jar:/home/user/.m2/repository/io/netty/netty-codec-http/4.1.30.Final/netty-codec-http-4.1.30.Final.jar:/home/user/.m2/repository/io/netty/netty-codec/4.1.30.Final/netty-codec-4.1.30.Final.jar:/home/user/.m2/repository/io/netty/netty-handler/4.1.30.Final/netty-handler-4.1.30.Final.jar:/home/user/.m2/repository/io/netty/netty-handler-proxy/4.1.30.Final/netty-handler-proxy-4.1.30.Final.jar:/home/user/.m2/repository/io/netty/netty-codec-socks/4.1.30.Final/netty-codec-socks-4.1.30.Final.jar:/home/user/.m2/repository/io/netty/netty-transport-native-epoll/4.1.30.Final/netty-transport-native-epoll-4.1.30.Final.jar:/home/user/.m2/repository/io/netty/netty-common/4.1.30.Final/netty-common-4.1.30.Final.jar:/home/user/.m2/repository/io/netty/netty-buffer/4.1.30.Final/netty-buffer-4.1.30.Final.jar:/home/user/.m2/repository/io/netty/netty-transport/4.1.30.Final/netty-transport-4.1.30.Final.jar:/home/user/.m2/repository/io/netty/netty-resolver/4.1.30.Final/netty-resolver-4.1.30.Final.jar:/home/user/.m2/repository/io/netty/netty-transport-native-unix-common/4.1.30.Final/netty-transport-native-unix-common-4.1.30.Final.jar:/home/user/.m2/repository/io/grpc/grpc-protobuf/1.17.1/grpc-protobuf-1.17.1.jar:/home/user/.m2/repository/com/google/api/grpc/proto-google-common-protos/1.0.0/proto-google-common-protos-1.0.0.jar:/home/user/.m2/repository/io/grpc/grpc-protobuf-lite/1.17.1/grpc-protobuf-lite-1.17.1.jar:/home/user/.m2/repository/io/grpc/grpc-stub/1.17.1/grpc-stub-1.17.1.jar:/home/user/.m2/repository/org/apache/hadoop/hadoop-ozone-recon/0.5.0-SNAPSHOT/hadoop-ozone-recon-0.5.0-SNAPSHOT.jar:/home/user/.m2/repository/org/apache/hadoop/hadoop-ozone-reconcodegen/0.5.0-SNAPSHOT/hadoop-ozone-reconcodegen-0.5.0-SNAPSHOT.jar:/home/user/.m2/repository/com/google/inject/extensions/guice-multibindings/4.0/guice-multibindings-4.0.jar:/home/user/.m2/repository/com/google/inject/guice/4.0/guice-4.0.jar:/home/user/.m2/repository/aopalliance/aopalliance/1.0/aopalliance-1.0.jar:/home/user/.m2/repository/com/google/inject/extensions/guice-servlet/4.0/guice-servlet-4.0.jar:/home/user/.m2/repository/org/glassfish/jersey/containers/jersey-container-servlet/2.27/jersey-container-servlet-2.27.jar:/home/user/.m2/repository/org/glassfish/hk2/guice-bridge/2.5.0/guice-bridge-2.5.0.jar:/home/user/.m2/repository/org/glassfish/jersey/core/jersey-server/2.27/jersey-server-2.27.jar:/home/user/.m2/repository/org/glassfish/jersey/core/jersey-client/2.27/jersey-client-2.27.jar:/home/user/.m2/repository/org/glassfish/jersey/media/jersey-media-jaxb/2.27/jersey-media-jaxb-2.27.jar:/home/user/.m2/repository/javax/validation/validation-api/1.1.0.Final/validation-api-1.1.0.Final.jar:/home/user/.m2/repository/org/glassfish/jersey/media/jersey-media-json-jackson/2.27/jersey-media-json-jackson-2.27.jar:/home/user/.m2/repository/org/glassfish/jersey/ext/jersey-entity-filtering/2.27/jersey-entity-filtering-2.27.jar:/home/user/.m2/repository/com/google/inject/extensions/guice-assistedinject/4.0/guice-assistedinject-4.0.jar:/home/user/.m2/repository/org/jooq/jooq/3.11.10/jooq-3.11.10.jar:/home/user/.m2/repository/org/jooq/jooq-meta/3.11.10/jooq-meta-3.11.10.jar:/home/user/.m2/repository/org/jooq/jooq-codegen/3.11.10/jooq-codegen-3.11.10.jar:/home/user/.m2/repository/com/jolbox/bonecp/0.8.0.RELEASE/bonecp-0.8.0.RELEASE.jar:/home/user/.m2/repository/org/springframework/spring-jdbc/5.1.3.RELEASE/spring-jdbc-5.1.3.RELEASE.jar:/home/user/.m2/repository/org/springframework/spring-beans/5.1.3.RELEASE/spring-beans-5.1.3.RELEASE.jar:/home/user/.m2/repository/org/springframework/spring-core/5.1.3.RELEASE/spring-core-5.1.3.RELEASE.jar:/home/user/.m2/repository/org/springframework/spring-jcl/5.1.3.RELEASE/spring-jcl-5.1.3.RELEASE.jar:/home/user/.m2/repository/org/springframework/spring-tx/5.1.3.RELEASE/spring-tx-5.1.3.RELEASE.jar:/home/user/.m2/repository/org/mockito/mockito-core/2.15.0/mockito-core-2.15.0.jar:/home/user/.m2/repository/net/bytebuddy/byte-buddy/1.7.9/byte-buddy-1.7.9.jar:/home/user/.m2/repository/net/bytebuddy/byte-buddy-agent/1.7.9/byte-buddy-agent-1.7.9.jar:/home/user/.m2/repository/org/objenesis/objenesis/1.0/objenesis-1.0.jar:"/>
    <property name="sun.cpu.endian" value="little"/>
    <property name="user.home" value="/home/user"/>
    <property name="user.language" value="en"/>
    <property name="java.specification.vendor" value="Oracle Corporation"/>
    <property name="java.home" value="/usr/lib/jvm/java-1.8.0-openjdk-1.8.0.222.b10-1.el7_7.x86_64/jre"/>
    <property name="surefire.excludesFile" value="/tools/ozone-bad-unit-tests"/>
    <property name="java.security.krb5.conf" value="/workdir/hadoop-ozone/tools/target/test-classes/krb5.conf"/>
    <property name="basedir" value="/workdir/hadoop-ozone/tools"/>
    <property name="file.separator" value="/"/>
    <property name="line.separator" value="&#10;"/>
    <property name="java.vm.specification.vendor" value="Oracle Corporation"/>
    <property name="java.specification.name" value="Java Platform API Specification"/>
    <property name="java.awt.graphicsenv" value="sun.awt.X11GraphicsEnvironment"/>
    <property name="surefire.real.class.path" value="/workdir/hadoop-ozone/tools/target/surefire/surefirebooter7596079940948587797.jar"/>
    <property name="hadoop.log.dir" value="/workdir/hadoop-ozone/tools/target/log"/>
    <property name="sun.boot.class.path" value="/usr/lib/jvm/java-1.8.0-openjdk-1.8.0.222.b10-1.el7_7.x86_64/jre/lib/resources.jar:/usr/lib/jvm/java-1.8.0-openjdk-1.8.0.222.b10-1.el7_7.x86_64/jre/lib/rt.jar:/usr/lib/jvm/java-1.8.0-openjdk-1.8.0.222.b10-1.el7_7.x86_64/jre/lib/sunrsasign.jar:/usr/lib/jvm/java-1.8.0-openjdk-1.8.0.222.b10-1.el7_7.x86_64/jre/lib/jsse.jar:/usr/lib/jvm/java-1.8.0-openjdk-1.8.0.222.b10-1.el7_7.x86_64/jre/lib/jce.jar:/usr/lib/jvm/java-1.8.0-openjdk-1.8.0.222.b10-1.el7_7.x86_64/jre/lib/charsets.jar:/usr/lib/jvm/java-1.8.0-openjdk-1.8.0.222.b10-1.el7_7.x86_64/jre/lib/jfr.jar:/usr/lib/jvm/java-1.8.0-openjdk-1.8.0.222.b10-1.el7_7.x86_64/jre/classes"/>
    <property name="sun.management.compiler" value="HotSpot 64-Bit Tiered Compilers"/>
    <property name="java.runtime.version" value="1.8.0_222-b10"/>
    <property name="java.net.preferIPv4Stack" value="true"/>
    <property name="user.name" value="jenkins1000"/>
    <property name="path.separator" value=":"/>
    <property name="java.security.egd" value="file:///dev/urandom"/>
    <property name="os.version" value="3.10.0-957.12.2.el7.x86_64"/>
    <property name="java.endorsed.dirs" value="/usr/lib/jvm/java-1.8.0-openjdk-1.8.0.222.b10-1.el7_7.x86_64/jre/lib/endorsed"/>
    <property name="java.runtime.name" value="OpenJDK Runtime Environment"/>
    <property name="file.encoding" value="ANSI_X3.4-1968"/>
    <property name="java.vm.name" value="OpenJDK 64-Bit Server VM"/>
    <property name="test.build.webapps" value=""/>
    <property name="localRepository" value="/home/user/.m2/repository"/>
    <property name="java.vendor.url.bug" value="http://bugreport.sun.com/bugreport/"/>
    <property name="java.io.tmpdir" value="/tmp"/>
    <property name="require.test.libhadoop" value=""/>
    <property name="java.version" value="1.8.0_222"/>
    <property name="user.dir" value="/workdir/hadoop-ozone/tools"/>
    <property name="os.arch" value="amd64"/>
    <property name="java.vm.specification.name" value="Java Virtual Machine Specification"/>
    <property name="test.build.classes" value="/workdir/hadoop-ozone/tools/target/test-classes"/>
    <property name="java.awt.printerjob" value="sun.print.PSPrinterJob"/>
    <property name="sun.os.patch.level" value="unknown"/>
    <property name="hadoop.tmp.dir" value="/workdir/hadoop-ozone/tools/target/tmp"/>
    <property name="java.library.path" value="/usr/lib:/workdir/hadoop-ozone/tools/target/native/target/usr/local/lib:/workdir/hadoop-ozone/tools/../../hadoop-common-project/hadoop-common/target/native/target/usr/local/lib:/usr/java/packages/lib/amd64:/usr/lib64:/lib64:/lib:/usr/lib"/>
    <property name="java.vm.info" value="mixed mode"/>
    <property name="java.vendor" value="Oracle Corporation"/>
    <property name="java.vm.version" value="25.222-b10"/>
    <property name="java.ext.dirs" value="/usr/lib/jvm/java-1.8.0-openjdk-1.8.0.222.b10-1.el7_7.x86_64/jre/lib/ext:/usr/java/packages/lib/ext"/>
    <property name="sun.io.unicode.encoding" value="UnicodeLittle"/>
    <property name="java.class.version" value="52.0"/>
  </properties>
  <testcase name="testRestart" classname="org.apache.hadoop.ozone.freon.TestFreonWithPipelineDestroy" time="40.952">
    <error message="INTERNAL_ERROR org.apache.hadoop.ozone.om.exceptions.OMException: Allocated 3 blocks. Requested 5 blocks" type="java.lang.RuntimeException">java.lang.RuntimeException: INTERNAL_ERROR org.apache.hadoop.ozone.om.exceptions.OMException: Allocated 3 blocks. Requested 5 blocks
	at org.apache.hadoop.ozone.freon.RandomKeyGenerator.call(RandomKeyGenerator.java:341)
	at org.apache.hadoop.ozone.freon.TestFreonWithPipelineDestroy.startFreon(TestFreonWithPipelineDestroy.java:87)
	at org.apache.hadoop.ozone.freon.TestFreonWithPipelineDestroy.testRestart(TestFreonWithPipelineDestroy.java:74)
	at sun.reflect.NativeMethodAccessorImpl.invoke0(Native Method)
	at sun.reflect.NativeMethodAccessorImpl.invoke(NativeMethodAccessorImpl.java:62)
	at sun.reflect.DelegatingMethodAccessorImpl.invoke(DelegatingMethodAccessorImpl.java:43)
	at java.lang.reflect.Method.invoke(Method.java:498)
	at org.junit.runners.model.FrameworkMethod$1.runReflectiveCall(FrameworkMethod.java:47)
	at org.junit.internal.runners.model.ReflectiveCallable.run(ReflectiveCallable.java:12)
	at org.junit.runners.model.FrameworkMethod.invokeExplosively(FrameworkMethod.java:44)
	at org.junit.internal.runners.statements.InvokeMethod.evaluate(InvokeMethod.java:17)
	at org.junit.runners.ParentRunner.runLeaf(ParentRunner.java:271)
	at org.junit.runners.BlockJUnit4ClassRunner.runChild(BlockJUnit4ClassRunner.java:70)
	at org.junit.runners.BlockJUnit4ClassRunner.runChild(BlockJUnit4ClassRunner.java:50)
	at org.junit.runners.ParentRunner$3.run(ParentRunner.java:238)
	at org.junit.runners.ParentRunner$1.schedule(ParentRunner.java:63)
	at org.junit.runners.ParentRunner.runChildren(ParentRunner.java:236)
	at org.junit.runners.ParentRunner.access$000(ParentRunner.java:53)
	at org.junit.runners.ParentRunner$2.evaluate(ParentRunner.java:229)
	at org.junit.internal.runners.statements.RunBefores.evaluate(RunBefores.java:26)
	at org.junit.internal.runners.statements.RunAfters.evaluate(RunAfters.java:27)
	at org.junit.runners.ParentRunner.run(ParentRunner.java:309)
	at org.apache.maven.surefire.junit4.JUnit4Provider.execute(JUnit4Provider.java:365)
	at org.apache.maven.surefire.junit4.JUnit4Provider.executeWithRerun(JUnit4Provider.java:273)
	at org.apache.maven.surefire.junit4.JUnit4Provider.executeTestSet(JUnit4Provider.java:238)
	at org.apache.maven.surefire.junit4.JUnit4Provider.invoke(JUnit4Provider.java:159)
	at org.apache.maven.surefire.booter.ForkedBooter.invokeProviderInSameClassLoader(ForkedBooter.java:384)
	at org.apache.maven.surefire.booter.ForkedBooter.runSuitesInProcess(ForkedBooter.java:345)
	at org.apache.maven.surefire.booter.ForkedBooter.execute(ForkedBooter.java:126)
	at org.apache.maven.surefire.booter.ForkedBooter.main(ForkedBooter.java:418)
Caused by: INTERNAL_ERROR org.apache.hadoop.ozone.om.exceptions.OMException: Allocated 3 blocks. Requested 5 blocks
	at org.apache.hadoop.ozone.om.protocolPB.OzoneManagerProtocolClientSideTranslatorPB.handleError(OzoneManagerProtocolClientSideTranslatorPB.java:758)
	at org.apache.hadoop.ozone.om.protocolPB.OzoneManagerProtocolClientSideTranslatorPB.openKey(OzoneManagerProtocolClientSideTranslatorPB.java:749)
	at sun.reflect.NativeMethodAccessorImpl.invoke0(Native Method)
	at sun.reflect.NativeMethodAccessorImpl.invoke(NativeMethodAccessorImpl.java:62)
	at sun.reflect.DelegatingMethodAccessorImpl.invoke(DelegatingMethodAccessorImpl.java:43)
	at java.lang.reflect.Method.invoke(Method.java:498)
	at org.apache.hadoop.hdds.tracing.TraceAllMethod.invoke(TraceAllMethod.java:66)
	at com.sun.proxy.$Proxy37.openKey(Unknown Source)
	at org.apache.hadoop.ozone.client.rpc.RpcClient.createKey(RpcClient.java:633)
	at org.apache.hadoop.ozone.client.OzoneBucket.createKey(OzoneBucket.java:325)
	at org.apache.hadoop.ozone.freon.RandomKeyGenerator.createKey(RandomKeyGenerator.java:697)
	at org.apache.hadoop.ozone.freon.RandomKeyGenerator.access$1100(RandomKeyGenerator.java:88)
	at org.apache.hadoop.ozone.freon.RandomKeyGenerator$ObjectCreator.run(RandomKeyGenerator.java:615)
	at java.util.concurrent.Executors$RunnableAdapter.call(Executors.java:511)
	at java.util.concurrent.FutureTask.run(FutureTask.java:266)
	at java.util.concurrent.ThreadPoolExecutor.runWorker(ThreadPoolExecutor.java:1149)
	at java.util.concurrent.ThreadPoolExecutor$Worker.run(ThreadPoolExecutor.java:624)
	at java.lang.Thread.run(Thread.java:748)
</error>
    <system-out><![CDATA[2019-11-08 14:19:05,445 [main] WARN  server.ServerUtils (ServerUtils.java:getScmDbDir(145)) - ozone.scm.db.dirs is not configured. We recommend adding this setting. Falling back to ozone.metadata.dirs instead.
2019-11-08 14:19:05,562 [main] WARN  server.ServerUtils (ServerUtils.java:getScmDbDir(145)) - ozone.scm.db.dirs is not configured. We recommend adding this setting. Falling back to ozone.metadata.dirs instead.
2019-11-08 14:19:05,566 [main] WARN  server.ServerUtils (ServerUtils.java:getScmDbDir(145)) - ozone.scm.db.dirs is not configured. We recommend adding this setting. Falling back to ozone.metadata.dirs instead.
2019-11-08 14:19:05,594 [main] INFO  util.log (Log.java:initialized(192)) - Logging initialized @860ms
2019-11-08 14:19:05,703 [main] INFO  db.DBStoreBuilder (DBStoreBuilder.java:addTable(127)) - using custom profile for table: deletedBlocks
2019-11-08 14:19:05,703 [main] INFO  db.DBStoreBuilder (DBStoreBuilder.java:processTables(183)) - Using default column profile:DBProfile.DISK for Table:deletedBlocks
2019-11-08 14:19:05,704 [main] INFO  db.DBStoreBuilder (DBStoreBuilder.java:addTable(127)) - using custom profile for table: validCerts
2019-11-08 14:19:05,704 [main] INFO  db.DBStoreBuilder (DBStoreBuilder.java:processTables(183)) - Using default column profile:DBProfile.DISK for Table:validCerts
2019-11-08 14:19:05,704 [main] INFO  db.DBStoreBuilder (DBStoreBuilder.java:addTable(127)) - using custom profile for table: revokedCerts
2019-11-08 14:19:05,705 [main] INFO  db.DBStoreBuilder (DBStoreBuilder.java:processTables(183)) - Using default column profile:DBProfile.DISK for Table:revokedCerts
2019-11-08 14:19:05,719 [main] INFO  db.DBStoreBuilder (DBStoreBuilder.java:addTable(127)) - using custom profile for table: default
2019-11-08 14:19:05,719 [main] INFO  db.DBStoreBuilder (DBStoreBuilder.java:processTables(189)) - Using default column profile:DBProfile.DISK for Table:default
2019-11-08 14:19:05,720 [main] INFO  db.DBStoreBuilder (DBStoreBuilder.java:getDbProfile(220)) - Using default options. DBProfile.DISK
2019-11-08 14:19:05,997 [main] INFO  net.NodeSchemaLoader (NodeSchemaLoader.java:loadSchemaFromFile(125)) - Loading file from sun.misc.CompoundEnumeration@618b19ad
2019-11-08 14:19:05,999 [main] INFO  net.NodeSchemaLoader (NodeSchemaLoader.java:loadSchema(171)) - Loading network topology layer schema file
2019-11-08 14:19:06,057 [main] INFO  node.SCMNodeManager (SCMNodeManager.java:<init>(116)) - Entering startup safe mode.
2019-11-08 14:19:06,118 [main] INFO  algorithms.ContainerPlacementPolicyFactory (ContainerPlacementPolicyFactory.java:getPolicy(57)) - Create container placement policy of type org.apache.hadoop.hdds.scm.container.placement.algorithms.SCMContainerPlacementRandom
2019-11-08 14:19:06,132 [main] WARN  server.ServerUtils (ServerUtils.java:getScmDbDir(145)) - ozone.scm.db.dirs is not configured. We recommend adding this setting. Falling back to ozone.metadata.dirs instead.
2019-11-08 14:19:06,215 [main] INFO  pipeline.SCMPipelineManager (SCMPipelineManager.java:initializePipelineState(132)) - No pipeline exists in current db
2019-11-08 14:19:06,217 [main] WARN  server.ServerUtils (ServerUtils.java:getScmDbDir(145)) - ozone.scm.db.dirs is not configured. We recommend adding this setting. Falling back to ozone.metadata.dirs instead.
2019-11-08 14:19:06,349 [main] WARN  events.EventQueue (EventQueue.java:fireEvent(183)) - No event handler registered for event TypedEvent{payloadType=SafeModeStatus, name='SafeModeStatus'}
2019-11-08 14:19:06,672 [main] INFO  ipc.CallQueueManager (CallQueueManager.java:<init>(84)) - Using callQueue: class java.util.concurrent.LinkedBlockingQueue, queueCapacity: 2000, scheduler: class org.apache.hadoop.ipc.DefaultRpcScheduler, ipcBackoff: false.
2019-11-08 14:19:06,695 [Socket Reader #1 for port 39714] INFO  ipc.Server (Server.java:run(1074)) - Starting Socket Reader #1 for port 39714
2019-11-08 14:19:06,804 [main] INFO  ipc.CallQueueManager (CallQueueManager.java:<init>(84)) - Using callQueue: class java.util.concurrent.LinkedBlockingQueue, queueCapacity: 2000, scheduler: class org.apache.hadoop.ipc.DefaultRpcScheduler, ipcBackoff: false.
2019-11-08 14:19:06,805 [Socket Reader #1 for port 34937] INFO  ipc.Server (Server.java:run(1074)) - Starting Socket Reader #1 for port 34937
2019-11-08 14:19:06,811 [main] INFO  ipc.CallQueueManager (CallQueueManager.java:<init>(84)) - Using callQueue: class java.util.concurrent.LinkedBlockingQueue, queueCapacity: 2000, scheduler: class org.apache.hadoop.ipc.DefaultRpcScheduler, ipcBackoff: false.
2019-11-08 14:19:06,812 [Socket Reader #1 for port 34886] INFO  ipc.Server (Server.java:run(1074)) - Starting Socket Reader #1 for port 34886
2019-11-08 14:19:06,835 [main] INFO  hdfs.DFSUtil (DFSUtil.java:httpServerTemplateForNNAndJN(1641)) - Starting Web-server for scm at: http://0.0.0.0:0
2019-11-08 14:19:07,003 [main] INFO  server.AuthenticationFilter (AuthenticationFilter.java:constructSecretProvider(240)) - Unable to initialize FileSignerSecretProvider, falling back to use random secrets.
2019-11-08 14:19:07,020 [main] WARN  http.HttpRequestLog (HttpRequestLog.java:getRequestLog(97)) - Jetty request log can only be enabled using Log4j
2019-11-08 14:19:07,029 [main] INFO  http.HttpServer2 (HttpServer2.java:addGlobalFilter(975)) - Added global filter 'safety' (class=org.apache.hadoop.http.HttpServer2$QuotingInputFilter)
2019-11-08 14:19:07,032 [main] INFO  http.HttpServer2 (HttpServer2.java:addFilter(948)) - Added filter static_user_filter (class=org.apache.hadoop.http.lib.StaticUserWebFilter$StaticUserFilter) to context scm
2019-11-08 14:19:07,032 [main] INFO  http.HttpServer2 (HttpServer2.java:addFilter(958)) - Added filter static_user_filter (class=org.apache.hadoop.http.lib.StaticUserWebFilter$StaticUserFilter) to context static
2019-11-08 14:19:07,033 [main] INFO  http.HttpServer2 (HttpServer2.java:addFilter(958)) - Added filter static_user_filter (class=org.apache.hadoop.http.lib.StaticUserWebFilter$StaticUserFilter) to context logs
2019-11-08 14:19:07,059 [main] INFO  server.StorageContainerManager (StorageContainerManager.java:start(764)) - StorageContainerLocationProtocol RPC server is listening at /0.0.0.0:34886
2019-11-08 14:19:07,109 [main] WARN  impl.MetricsConfig (MetricsConfig.java:loadFirst(134)) - Cannot locate configuration: tried hadoop-metrics2-storagecontainermanager.properties,hadoop-metrics2.properties
2019-11-08 14:19:07,122 [main] INFO  impl.MetricsSystemImpl (MetricsSystemImpl.java:startTimer(374)) - Scheduled Metric snapshot period at 10 second(s).
2019-11-08 14:19:07,122 [main] INFO  impl.MetricsSystemImpl (MetricsSystemImpl.java:start(191)) - StorageContainerManager metrics system started
2019-11-08 14:19:07,366 [main] INFO  server.SCMClientProtocolServer (SCMClientProtocolServer.java:start(159)) - RPC server for Client  is listening at /0.0.0.0:34886
2019-11-08 14:19:07,367 [IPC Server Responder] INFO  ipc.Server (Server.java:run(1314)) - IPC Server Responder: starting
2019-11-08 14:19:07,367 [IPC Server listener on 34886] INFO  ipc.Server (Server.java:run(1153)) - IPC Server listener on 34886: starting
2019-11-08 14:19:07,370 [main] INFO  server.StorageContainerManager (StorageContainerManager.java:start(774)) - ScmBlockLocationProtocol RPC server is listening at /0.0.0.0:34937
2019-11-08 14:19:07,371 [main] INFO  server.SCMBlockProtocolServer (SCMBlockProtocolServer.java:start(146)) - RPC server for Block Protocol is listening at /0.0.0.0:34937
2019-11-08 14:19:07,371 [IPC Server Responder] INFO  ipc.Server (Server.java:run(1314)) - IPC Server Responder: starting
2019-11-08 14:19:07,371 [IPC Server listener on 34937] INFO  ipc.Server (Server.java:run(1153)) - IPC Server listener on 34937: starting
2019-11-08 14:19:07,373 [main] INFO  server.StorageContainerManager (StorageContainerManager.java:start(778)) - ScmDatanodeProtocl RPC server is listening at /0.0.0.0:39714
2019-11-08 14:19:07,373 [main] INFO  server.SCMDatanodeProtocolServer (SCMDatanodeProtocolServer.java:start(169)) - RPC server for DataNodes is listening at /0.0.0.0:39714
2019-11-08 14:19:07,374 [IPC Server Responder] INFO  ipc.Server (Server.java:run(1314)) - IPC Server Responder: starting
2019-11-08 14:19:07,374 [IPC Server listener on 39714] INFO  ipc.Server (Server.java:run(1153)) - IPC Server listener on 39714: starting
2019-11-08 14:19:07,378 [main] INFO  http.HttpServer2 (HttpServer2.java:bindListener(1191)) - Jetty bound to port 34878
2019-11-08 14:19:07,380 [main] INFO  server.Server (Server.java:doStart(351)) - jetty-9.3.25.v20180904, build timestamp: 2018-09-04T21:11:46Z, git hash: 3ce520221d0240229c862b122d2b06c12a625732
2019-11-08 14:19:07,426 [main] INFO  handler.ContextHandler (ContextHandler.java:doStart(781)) - Started o.e.j.s.ServletContextHandler@293a5f75{/logs,file:///workdir/hadoop-ozone/tools/target/log,AVAILABLE}
2019-11-08 14:19:07,427 [main] INFO  handler.ContextHandler (ContextHandler.java:doStart(781)) - Started o.e.j.s.ServletContextHandler@2dd29a59{/static,jar:file:/home/user/.m2/repository/org/apache/hadoop/hadoop-hdds-server-scm/0.5.0-SNAPSHOT/hadoop-hdds-server-scm-0.5.0-SNAPSHOT.jar!/webapps/static,AVAILABLE}
2019-11-08 14:19:07,509 [main] INFO  handler.ContextHandler (ContextHandler.java:doStart(781)) - Started o.e.j.w.WebAppContext@6815c5f2{/,file:///tmp/jetty-0.0.0.0-34878-scm-_-any-2549136808191178917.dir/webapp/,AVAILABLE}{/scm}
2019-11-08 14:19:07,514 [main] INFO  server.AbstractConnector (AbstractConnector.java:doStart(278)) - Started ServerConnector@7689ddef{HTTP/1.1,[http/1.1]}{0.0.0.0:34878}
2019-11-08 14:19:07,514 [main] INFO  server.Server (Server.java:doStart(419)) - Started @2780ms
2019-11-08 14:19:07,516 [main] INFO  impl.MetricsSinkAdapter (MetricsSinkAdapter.java:start(204)) - Sink prometheus started
2019-11-08 14:19:07,516 [main] INFO  impl.MetricsSystemImpl (MetricsSystemImpl.java:registerSink(301)) - Registered sink prometheus
2019-11-08 14:19:07,518 [main] INFO  server.BaseHttpServer (BaseHttpServer.java:updateConnectorAddress(215)) - HTTP server of SCM is listening at http://0.0.0.0:34878
2019-11-08 14:19:07,529 [org.apache.hadoop.util.JvmPauseMonitor$Monitor@27eb3298] INFO  util.JvmPauseMonitor (JvmPauseMonitor.java:run(188)) - Starting JVM pause monitor
2019-11-08 14:19:07,533 [main] WARN  server.ServerUtils (ServerUtils.java:getDBPath(222)) - ozone.om.db.dirs is not configured. We recommend adding this setting. Falling back to ozone.metadata.dirs instead.
2019-11-08 14:19:07,647 [main] INFO  ha.OMHANodeDetails (OMHANodeDetails.java:loadOMHAConfig(190)) - Configuration either no ozone.om.address set. Falling back to the default OM address /127.0.0.1:0
2019-11-08 14:19:07,647 [main] INFO  ha.OMHANodeDetails (OMHANodeDetails.java:getOMNodeDetails(220)) - OM Service ID is not set. Setting it to the default ID: omServiceIdDefault
2019-11-08 14:19:07,649 [main] WARN  server.ServerUtils (ServerUtils.java:getDBPath(222)) - ozone.om.db.dirs is not configured. We recommend adding this setting. Falling back to ozone.metadata.dirs instead.
2019-11-08 14:19:07,650 [main] WARN  server.ServerUtils (ServerUtils.java:getDBPath(222)) - ozone.om.db.dirs is not configured. We recommend adding this setting. Falling back to ozone.metadata.dirs instead.
2019-11-08 14:19:08,296 [main] WARN  server.ServerUtils (ServerUtils.java:getDBPath(222)) - ozone.om.db.dirs is not configured. We recommend adding this setting. Falling back to ozone.metadata.dirs instead.
2019-11-08 14:19:08,304 [main] INFO  db.DBStoreBuilder (DBStoreBuilder.java:addTable(127)) - using custom profile for table: userTable
2019-11-08 14:19:08,305 [main] INFO  db.DBStoreBuilder (DBStoreBuilder.java:processTables(183)) - Using default column profile:DBProfile.DISK for Table:userTable
2019-11-08 14:19:08,305 [main] INFO  db.DBStoreBuilder (DBStoreBuilder.java:addTable(127)) - using custom profile for table: volumeTable
2019-11-08 14:19:08,305 [main] INFO  db.DBStoreBuilder (DBStoreBuilder.java:processTables(183)) - Using default column profile:DBProfile.DISK for Table:volumeTable
2019-11-08 14:19:08,305 [main] INFO  db.DBStoreBuilder (DBStoreBuilder.java:addTable(127)) - using custom profile for table: bucketTable
2019-11-08 14:19:08,306 [main] INFO  db.DBStoreBuilder (DBStoreBuilder.java:processTables(183)) - Using default column profile:DBProfile.DISK for Table:bucketTable
2019-11-08 14:19:08,306 [main] INFO  db.DBStoreBuilder (DBStoreBuilder.java:addTable(127)) - using custom profile for table: keyTable
2019-11-08 14:19:08,306 [main] INFO  db.DBStoreBuilder (DBStoreBuilder.java:processTables(183)) - Using default column profile:DBProfile.DISK for Table:keyTable
2019-11-08 14:19:08,306 [main] INFO  db.DBStoreBuilder (DBStoreBuilder.java:addTable(127)) - using custom profile for table: deletedTable
2019-11-08 14:19:08,306 [main] INFO  db.DBStoreBuilder (DBStoreBuilder.java:processTables(183)) - Using default column profile:DBProfile.DISK for Table:deletedTable
2019-11-08 14:19:08,307 [main] INFO  db.DBStoreBuilder (DBStoreBuilder.java:addTable(127)) - using custom profile for table: openKeyTable
2019-11-08 14:19:08,307 [main] INFO  db.DBStoreBuilder (DBStoreBuilder.java:processTables(183)) - Using default column profile:DBProfile.DISK for Table:openKeyTable
2019-11-08 14:19:08,307 [main] INFO  db.DBStoreBuilder (DBStoreBuilder.java:addTable(127)) - using custom profile for table: s3Table
2019-11-08 14:19:08,307 [main] INFO  db.DBStoreBuilder (DBStoreBuilder.java:processTables(183)) - Using default column profile:DBProfile.DISK for Table:s3Table
2019-11-08 14:19:08,308 [main] INFO  db.DBStoreBuilder (DBStoreBuilder.java:addTable(127)) - using custom profile for table: multipartInfoTable
2019-11-08 14:19:08,308 [main] INFO  db.DBStoreBuilder (DBStoreBuilder.java:processTables(183)) - Using default column profile:DBProfile.DISK for Table:multipartInfoTable
2019-11-08 14:19:08,308 [main] INFO  db.DBStoreBuilder (DBStoreBuilder.java:addTable(127)) - using custom profile for table: dTokenTable
2019-11-08 14:19:08,308 [main] INFO  db.DBStoreBuilder (DBStoreBuilder.java:processTables(183)) - Using default column profile:DBProfile.DISK for Table:dTokenTable
2019-11-08 14:19:08,309 [main] INFO  db.DBStoreBuilder (DBStoreBuilder.java:addTable(127)) - using custom profile for table: s3SecretTable
2019-11-08 14:19:08,309 [main] INFO  db.DBStoreBuilder (DBStoreBuilder.java:processTables(183)) - Using default column profile:DBProfile.DISK for Table:s3SecretTable
2019-11-08 14:19:08,309 [main] INFO  db.DBStoreBuilder (DBStoreBuilder.java:addTable(127)) - using custom profile for table: prefixTable
2019-11-08 14:19:08,309 [main] INFO  db.DBStoreBuilder (DBStoreBuilder.java:processTables(183)) - Using default column profile:DBProfile.DISK for Table:prefixTable
2019-11-08 14:19:08,310 [main] INFO  db.DBStoreBuilder (DBStoreBuilder.java:addTable(127)) - using custom profile for table: default
2019-11-08 14:19:08,310 [main] INFO  db.DBStoreBuilder (DBStoreBuilder.java:processTables(189)) - Using default column profile:DBProfile.DISK for Table:default
2019-11-08 14:19:08,310 [main] INFO  db.DBStoreBuilder (DBStoreBuilder.java:getDbProfile(220)) - Using default options. DBProfile.DISK
2019-11-08 14:19:08,849 [main] INFO  ipc.CallQueueManager (CallQueueManager.java:<init>(84)) - Using callQueue: class java.util.concurrent.LinkedBlockingQueue, queueCapacity: 2000, scheduler: class org.apache.hadoop.ipc.DefaultRpcScheduler, ipcBackoff: false.
2019-11-08 14:19:08,850 [Socket Reader #1 for port 32944] INFO  ipc.Server (Server.java:run(1074)) - Starting Socket Reader #1 for port 32944
2019-11-08 14:19:08,870 [main] INFO  om.OzoneManager (OzoneManager.java:start(1076)) - OzoneManager RPC server is listening at localhost/127.0.0.1:32944
2019-11-08 14:19:08,871 [main] INFO  impl.MetricsSystemImpl (MetricsSystemImpl.java:init(158)) - OzoneManager metrics system started (again)
2019-11-08 14:19:08,878 [IPC Server Responder] INFO  ipc.Server (Server.java:run(1314)) - IPC Server Responder: starting
2019-11-08 14:19:08,879 [IPC Server listener on 32944] INFO  ipc.Server (Server.java:run(1153)) - IPC Server listener on 32944: starting
2019-11-08 14:19:08,885 [main] INFO  hdfs.DFSUtil (DFSUtil.java:httpServerTemplateForNNAndJN(1641)) - Starting Web-server for ozoneManager at: http://0.0.0.0:0
2019-11-08 14:19:08,886 [main] INFO  server.AuthenticationFilter (AuthenticationFilter.java:constructSecretProvider(240)) - Unable to initialize FileSignerSecretProvider, falling back to use random secrets.
2019-11-08 14:19:08,887 [main] WARN  http.HttpRequestLog (HttpRequestLog.java:getRequestLog(97)) - Jetty request log can only be enabled using Log4j
2019-11-08 14:19:08,888 [main] INFO  http.HttpServer2 (HttpServer2.java:addGlobalFilter(975)) - Added global filter 'safety' (class=org.apache.hadoop.http.HttpServer2$QuotingInputFilter)
2019-11-08 14:19:08,889 [main] INFO  http.HttpServer2 (HttpServer2.java:addFilter(948)) - Added filter static_user_filter (class=org.apache.hadoop.http.lib.StaticUserWebFilter$StaticUserFilter) to context ozoneManager
2019-11-08 14:19:08,889 [main] INFO  http.HttpServer2 (HttpServer2.java:addFilter(958)) - Added filter static_user_filter (class=org.apache.hadoop.http.lib.StaticUserWebFilter$StaticUserFilter) to context static
2019-11-08 14:19:08,889 [main] INFO  http.HttpServer2 (HttpServer2.java:addFilter(958)) - Added filter static_user_filter (class=org.apache.hadoop.http.lib.StaticUserWebFilter$StaticUserFilter) to context logs
2019-11-08 14:19:08,891 [main] INFO  http.HttpServer2 (HttpServer2.java:bindListener(1191)) - Jetty bound to port 39572
2019-11-08 14:19:08,892 [main] INFO  server.Server (Server.java:doStart(351)) - jetty-9.3.25.v20180904, build timestamp: 2018-09-04T21:11:46Z, git hash: 3ce520221d0240229c862b122d2b06c12a625732
2019-11-08 14:19:08,893 [main] INFO  handler.ContextHandler (ContextHandler.java:doStart(781)) - Started o.e.j.s.ServletContextHandler@73877e19{/logs,file:///workdir/hadoop-ozone/tools/target/log,AVAILABLE}
2019-11-08 14:19:08,894 [main] INFO  handler.ContextHandler (ContextHandler.java:doStart(781)) - Started o.e.j.s.ServletContextHandler@5bfc257{/static,jar:file:/home/user/.m2/repository/org/apache/hadoop/hadoop-ozone-ozone-manager/0.5.0-SNAPSHOT/hadoop-ozone-ozone-manager-0.5.0-SNAPSHOT.jar!/webapps/static,AVAILABLE}
2019-11-08 14:19:08,943 [main] INFO  handler.ContextHandler (ContextHandler.java:doStart(781)) - Started o.e.j.w.WebAppContext@3013909b{/,file:///tmp/jetty-0.0.0.0-39572-ozoneManager-_-any-471519772378098999.dir/webapp/,AVAILABLE}{/ozoneManager}
2019-11-08 14:19:08,944 [main] INFO  server.AbstractConnector (AbstractConnector.java:doStart(278)) - Started ServerConnector@2a49fe{HTTP/1.1,[http/1.1]}{0.0.0.0:39572}
2019-11-08 14:19:08,944 [main] INFO  server.Server (Server.java:doStart(419)) - Started @4210ms
2019-11-08 14:19:08,944 [main] WARN  impl.MetricsSystemImpl (MetricsSystemImpl.java:register(276)) - Sink prometheus already exists!
2019-11-08 14:19:08,946 [main] INFO  server.BaseHttpServer (BaseHttpServer.java:updateConnectorAddress(215)) - HTTP server of OZONEMANAGER is listening at http://0.0.0.0:39572
2019-11-08 14:19:09,219 [main] INFO  impl.MetricsSystemImpl (MetricsSystemImpl.java:init(158)) - HddsDatanode metrics system started (again)
2019-11-08 14:19:09,264 [main] INFO  ozone.HddsDatanodeService (HddsDatanodeService.java:start(183)) - HddsDatanodeService host:pr-hdds-2400-q5jst-1761645290 ip:192.168.164.246
2019-11-08 14:19:09,296 [main] INFO  volume.HddsVolume (HddsVolume.java:<init>(176)) - Creating Volume: /workdir/hadoop-ozone/tools/target/test-dir/MiniOzoneClusterImpl-629f59bc-3a02-4619-b8ec-4b1f5e0dfed1/datanode-0/data/containers/hdds of  storage type : DISK and capacity : 1482555576320
2019-11-08 14:19:09,298 [main] INFO  volume.VolumeSet (VolumeSet.java:initializeVolumeSet(170)) - Added Volume : /workdir/hadoop-ozone/tools/target/test-dir/MiniOzoneClusterImpl-629f59bc-3a02-4619-b8ec-4b1f5e0dfed1/datanode-0/data/containers/hdds to VolumeSet
2019-11-08 14:19:09,300 [main] INFO  volume.ThrottledAsyncChecker (ThrottledAsyncChecker.java:schedule(141)) - Scheduling a check for /workdir/hadoop-ozone/tools/target/test-dir/MiniOzoneClusterImpl-629f59bc-3a02-4619-b8ec-4b1f5e0dfed1/datanode-0/data/containers/hdds
2019-11-08 14:19:09,317 [main] INFO  volume.HddsVolumeChecker (HddsVolumeChecker.java:checkAllVolumes(204)) - Scheduled health check for volume /workdir/hadoop-ozone/tools/target/test-dir/MiniOzoneClusterImpl-629f59bc-3a02-4619-b8ec-4b1f5e0dfed1/datanode-0/data/containers/hdds
2019-11-08 14:19:09,442 [main] INFO  impl.RaftServerProxy (ConfUtils.java:logGet(43)) - raft.rpc.type = GRPC (default)
2019-11-08 14:19:09,509 [main] INFO  grpc.GrpcFactory (GrpcFactory.java:checkPooledByteBufAllocatorUseCacheForAllThreads(45)) - PERFORMANCE WARNING: useCacheForAllThreads is true that may cause Netty to create a lot garbage objects and, as a result, trigger GC.
	It is recommended to disable useCacheForAllThreads by setting -Dorg.apache.ratis.thirdparty.io.netty.allocator.useCacheForAllThreads=false in command line.
2019-11-08 14:19:09,514 [main] INFO  grpc.GrpcConfigKeys$Server (ConfUtils.java:logGet(43)) - raft.grpc.server.port = 0 (default)
2019-11-08 14:19:09,515 [main] INFO  server.GrpcService (ConfUtils.java:logGet(43)) - raft.grpc.message.size.max = 33570816 (custom)
2019-11-08 14:19:09,516 [main] INFO  server.RaftServerConfigKeys (ConfUtils.java:logGet(43)) - raft.server.log.appender.buffer.byte-limit = 33554432 (custom)
2019-11-08 14:19:09,517 [main] INFO  server.GrpcService (ConfUtils.java:logGet(43)) - raft.grpc.flow.control.window = 1MB (=1048576) (default)
2019-11-08 14:19:09,518 [main] INFO  server.RaftServerConfigKeys (ConfUtils.java:logGet(43)) - raft.server.rpc.request.timeout = 3000ms (default)
2019-11-08 14:19:09,676 [main] INFO  server.RaftServerConfigKeys (ConfUtils.java:logGet(43)) - raft.server.storage.dir = [/workdir/hadoop-ozone/tools/target/test-dir/MiniOzoneClusterImpl-629f59bc-3a02-4619-b8ec-4b1f5e0dfed1/datanode-0/data/ratis] (custom)
2019-11-08 14:19:09,752 [main] INFO  hdfs.DFSUtil (DFSUtil.java:httpServerTemplateForNNAndJN(1641)) - Starting Web-server for hddsDatanode at: http://0.0.0.0:0
2019-11-08 14:19:09,755 [main] INFO  server.AuthenticationFilter (AuthenticationFilter.java:constructSecretProvider(240)) - Unable to initialize FileSignerSecretProvider, falling back to use random secrets.
2019-11-08 14:19:09,756 [main] WARN  http.HttpRequestLog (HttpRequestLog.java:getRequestLog(97)) - Jetty request log can only be enabled using Log4j
2019-11-08 14:19:09,759 [main] INFO  http.HttpServer2 (HttpServer2.java:addGlobalFilter(975)) - Added global filter 'safety' (class=org.apache.hadoop.http.HttpServer2$QuotingInputFilter)
2019-11-08 14:19:09,760 [main] INFO  http.HttpServer2 (HttpServer2.java:addFilter(948)) - Added filter static_user_filter (class=org.apache.hadoop.http.lib.StaticUserWebFilter$StaticUserFilter) to context hddsDatanode
2019-11-08 14:19:09,760 [main] INFO  http.HttpServer2 (HttpServer2.java:addFilter(958)) - Added filter static_user_filter (class=org.apache.hadoop.http.lib.StaticUserWebFilter$StaticUserFilter) to context logs
2019-11-08 14:19:09,761 [main] INFO  http.HttpServer2 (HttpServer2.java:addFilter(958)) - Added filter static_user_filter (class=org.apache.hadoop.http.lib.StaticUserWebFilter$StaticUserFilter) to context static
2019-11-08 14:19:09,762 [main] INFO  http.HttpServer2 (HttpServer2.java:bindListener(1191)) - Jetty bound to port 41301
2019-11-08 14:19:09,762 [main] INFO  server.Server (Server.java:doStart(351)) - jetty-9.3.25.v20180904, build timestamp: 2018-09-04T21:11:46Z, git hash: 3ce520221d0240229c862b122d2b06c12a625732
2019-11-08 14:19:09,766 [main] INFO  handler.ContextHandler (ContextHandler.java:doStart(781)) - Started o.e.j.s.ServletContextHandler@25d93198{/logs,file:///workdir/hadoop-ozone/tools/target/log,AVAILABLE}
2019-11-08 14:19:09,767 [main] INFO  handler.ContextHandler (ContextHandler.java:doStart(781)) - Started o.e.j.s.ServletContextHandler@f951a7f{/static,jar:file:/home/user/.m2/repository/org/apache/hadoop/hadoop-hdds-container-service/0.5.0-SNAPSHOT/hadoop-hdds-container-service-0.5.0-SNAPSHOT.jar!/webapps/static,AVAILABLE}
2019-11-08 14:19:09,816 [main] INFO  handler.ContextHandler (ContextHandler.java:doStart(781)) - Started o.e.j.w.WebAppContext@1292071f{/,file:///tmp/jetty-0.0.0.0-41301-hddsDatanode-_-any-3688968346229265449.dir/webapp/,AVAILABLE}{/hddsDatanode}
2019-11-08 14:19:09,817 [main] INFO  server.AbstractConnector (AbstractConnector.java:doStart(278)) - Started ServerConnector@35d5ac51{HTTP/1.1,[http/1.1]}{0.0.0.0:41301}
2019-11-08 14:19:09,818 [main] INFO  server.Server (Server.java:doStart(419)) - Started @5083ms
2019-11-08 14:19:09,818 [main] WARN  impl.MetricsSystemImpl (MetricsSystemImpl.java:register(276)) - Sink prometheus already exists!
2019-11-08 14:19:09,819 [main] INFO  server.BaseHttpServer (BaseHttpServer.java:updateConnectorAddress(215)) - HTTP server of HDDSDATANODE is listening at http://0.0.0.0:41301
2019-11-08 14:19:09,820 [main] INFO  impl.MetricsSystemImpl (MetricsSystemImpl.java:init(158)) - HddsDatanode metrics system started (again)
2019-11-08 14:19:09,824 [main] INFO  ozone.HddsDatanodeService (HddsDatanodeService.java:start(183)) - HddsDatanodeService host:pr-hdds-2400-q5jst-1761645290 ip:192.168.164.246
2019-11-08 14:19:09,826 [org.apache.hadoop.util.JvmPauseMonitor$Monitor@7a86c0de] INFO  util.JvmPauseMonitor (JvmPauseMonitor.java:run(188)) - Starting JVM pause monitor
2019-11-08 14:19:09,832 [main] INFO  volume.HddsVolume (HddsVolume.java:<init>(176)) - Creating Volume: /workdir/hadoop-ozone/tools/target/test-dir/MiniOzoneClusterImpl-629f59bc-3a02-4619-b8ec-4b1f5e0dfed1/datanode-1/data/containers/hdds of  storage type : DISK and capacity : 1482555576320
2019-11-08 14:19:09,833 [main] INFO  volume.VolumeSet (VolumeSet.java:initializeVolumeSet(170)) - Added Volume : /workdir/hadoop-ozone/tools/target/test-dir/MiniOzoneClusterImpl-629f59bc-3a02-4619-b8ec-4b1f5e0dfed1/datanode-1/data/containers/hdds to VolumeSet
2019-11-08 14:19:09,833 [main] INFO  volume.ThrottledAsyncChecker (ThrottledAsyncChecker.java:schedule(141)) - Scheduling a check for /workdir/hadoop-ozone/tools/target/test-dir/MiniOzoneClusterImpl-629f59bc-3a02-4619-b8ec-4b1f5e0dfed1/datanode-1/data/containers/hdds
2019-11-08 14:19:09,834 [main] INFO  volume.HddsVolumeChecker (HddsVolumeChecker.java:checkAllVolumes(204)) - Scheduled health check for volume /workdir/hadoop-ozone/tools/target/test-dir/MiniOzoneClusterImpl-629f59bc-3a02-4619-b8ec-4b1f5e0dfed1/datanode-1/data/containers/hdds
2019-11-08 14:19:09,849 [main] INFO  impl.RaftServerProxy (ConfUtils.java:logGet(43)) - raft.rpc.type = GRPC (default)
2019-11-08 14:19:09,850 [main] INFO  grpc.GrpcFactory (GrpcFactory.java:checkPooledByteBufAllocatorUseCacheForAllThreads(45)) - PERFORMANCE WARNING: useCacheForAllThreads is true that may cause Netty to create a lot garbage objects and, as a result, trigger GC.
	It is recommended to disable useCacheForAllThreads by setting -Dorg.apache.ratis.thirdparty.io.netty.allocator.useCacheForAllThreads=false in command line.
2019-11-08 14:19:09,850 [main] INFO  grpc.GrpcConfigKeys$Server (ConfUtils.java:logGet(43)) - raft.grpc.server.port = 0 (default)
2019-11-08 14:19:09,850 [main] INFO  server.GrpcService (ConfUtils.java:logGet(43)) - raft.grpc.message.size.max = 33570816 (custom)
2019-11-08 14:19:09,850 [main] INFO  server.RaftServerConfigKeys (ConfUtils.java:logGet(43)) - raft.server.log.appender.buffer.byte-limit = 33554432 (custom)
2019-11-08 14:19:09,851 [main] INFO  server.GrpcService (ConfUtils.java:logGet(43)) - raft.grpc.flow.control.window = 1MB (=1048576) (default)
2019-11-08 14:19:09,851 [main] INFO  server.RaftServerConfigKeys (ConfUtils.java:logGet(43)) - raft.server.rpc.request.timeout = 3000ms (default)
2019-11-08 14:19:09,852 [main] INFO  server.RaftServerConfigKeys (ConfUtils.java:logGet(43)) - raft.server.storage.dir = [/workdir/hadoop-ozone/tools/target/test-dir/MiniOzoneClusterImpl-629f59bc-3a02-4619-b8ec-4b1f5e0dfed1/datanode-1/data/ratis] (custom)
2019-11-08 14:19:09,854 [main] INFO  hdfs.DFSUtil (DFSUtil.java:httpServerTemplateForNNAndJN(1641)) - Starting Web-server for hddsDatanode at: http://0.0.0.0:0
2019-11-08 14:19:09,855 [main] INFO  server.AuthenticationFilter (AuthenticationFilter.java:constructSecretProvider(240)) - Unable to initialize FileSignerSecretProvider, falling back to use random secrets.
2019-11-08 14:19:09,856 [main] WARN  http.HttpRequestLog (HttpRequestLog.java:getRequestLog(97)) - Jetty request log can only be enabled using Log4j
2019-11-08 14:19:09,858 [main] INFO  http.HttpServer2 (HttpServer2.java:addGlobalFilter(975)) - Added global filter 'safety' (class=org.apache.hadoop.http.HttpServer2$QuotingInputFilter)
2019-11-08 14:19:09,858 [main] INFO  http.HttpServer2 (HttpServer2.java:addFilter(948)) - Added filter static_user_filter (class=org.apache.hadoop.http.lib.StaticUserWebFilter$StaticUserFilter) to context hddsDatanode
2019-11-08 14:19:09,859 [main] INFO  http.HttpServer2 (HttpServer2.java:addFilter(958)) - Added filter static_user_filter (class=org.apache.hadoop.http.lib.StaticUserWebFilter$StaticUserFilter) to context logs
2019-11-08 14:19:09,859 [main] INFO  http.HttpServer2 (HttpServer2.java:addFilter(958)) - Added filter static_user_filter (class=org.apache.hadoop.http.lib.StaticUserWebFilter$StaticUserFilter) to context static
2019-11-08 14:19:09,860 [main] INFO  http.HttpServer2 (HttpServer2.java:bindListener(1191)) - Jetty bound to port 42416
2019-11-08 14:19:09,860 [main] INFO  server.Server (Server.java:doStart(351)) - jetty-9.3.25.v20180904, build timestamp: 2018-09-04T21:11:46Z, git hash: 3ce520221d0240229c862b122d2b06c12a625732
2019-11-08 14:19:09,863 [main] INFO  handler.ContextHandler (ContextHandler.java:doStart(781)) - Started o.e.j.s.ServletContextHandler@587a1cfb{/logs,file:///workdir/hadoop-ozone/tools/target/log,AVAILABLE}
2019-11-08 14:19:09,863 [main] INFO  handler.ContextHandler (ContextHandler.java:doStart(781)) - Started o.e.j.s.ServletContextHandler@5e1d03d7{/static,jar:file:/home/user/.m2/repository/org/apache/hadoop/hadoop-hdds-container-service/0.5.0-SNAPSHOT/hadoop-hdds-container-service-0.5.0-SNAPSHOT.jar!/webapps/static,AVAILABLE}
2019-11-08 14:19:09,894 [main] INFO  handler.ContextHandler (ContextHandler.java:doStart(781)) - Started o.e.j.w.WebAppContext@66273da0{/,file:///tmp/jetty-0.0.0.0-42416-hddsDatanode-_-any-39361632253659488.dir/webapp/,AVAILABLE}{/hddsDatanode}
2019-11-08 14:19:09,895 [main] INFO  server.AbstractConnector (AbstractConnector.java:doStart(278)) - Started ServerConnector@2127e66e{HTTP/1.1,[http/1.1]}{0.0.0.0:42416}
2019-11-08 14:19:09,896 [main] INFO  server.Server (Server.java:doStart(419)) - Started @5161ms
2019-11-08 14:19:09,896 [main] WARN  impl.MetricsSystemImpl (MetricsSystemImpl.java:register(276)) - Sink prometheus already exists!
2019-11-08 14:19:09,897 [main] INFO  server.BaseHttpServer (BaseHttpServer.java:updateConnectorAddress(215)) - HTTP server of HDDSDATANODE is listening at http://0.0.0.0:42416
2019-11-08 14:19:09,898 [main] INFO  impl.MetricsSystemImpl (MetricsSystemImpl.java:init(158)) - HddsDatanode metrics system started (again)
2019-11-08 14:19:09,901 [org.apache.hadoop.util.JvmPauseMonitor$Monitor@58bda181] INFO  util.JvmPauseMonitor (JvmPauseMonitor.java:run(188)) - Starting JVM pause monitor
2019-11-08 14:19:09,902 [main] INFO  ozone.HddsDatanodeService (HddsDatanodeService.java:start(183)) - HddsDatanodeService host:pr-hdds-2400-q5jst-1761645290 ip:192.168.164.246
2019-11-08 14:19:09,911 [main] INFO  volume.HddsVolume (HddsVolume.java:<init>(176)) - Creating Volume: /workdir/hadoop-ozone/tools/target/test-dir/MiniOzoneClusterImpl-629f59bc-3a02-4619-b8ec-4b1f5e0dfed1/datanode-2/data/containers/hdds of  storage type : DISK and capacity : 1482555576320
2019-11-08 14:19:09,912 [main] INFO  volume.VolumeSet (VolumeSet.java:initializeVolumeSet(170)) - Added Volume : /workdir/hadoop-ozone/tools/target/test-dir/MiniOzoneClusterImpl-629f59bc-3a02-4619-b8ec-4b1f5e0dfed1/datanode-2/data/containers/hdds to VolumeSet
2019-11-08 14:19:09,912 [main] INFO  volume.ThrottledAsyncChecker (ThrottledAsyncChecker.java:schedule(141)) - Scheduling a check for /workdir/hadoop-ozone/tools/target/test-dir/MiniOzoneClusterImpl-629f59bc-3a02-4619-b8ec-4b1f5e0dfed1/datanode-2/data/containers/hdds
2019-11-08 14:19:09,914 [main] INFO  volume.HddsVolumeChecker (HddsVolumeChecker.java:checkAllVolumes(204)) - Scheduled health check for volume /workdir/hadoop-ozone/tools/target/test-dir/MiniOzoneClusterImpl-629f59bc-3a02-4619-b8ec-4b1f5e0dfed1/datanode-2/data/containers/hdds
2019-11-08 14:19:09,933 [main] INFO  impl.RaftServerProxy (ConfUtils.java:logGet(43)) - raft.rpc.type = GRPC (default)
2019-11-08 14:19:09,934 [main] INFO  grpc.GrpcFactory (GrpcFactory.java:checkPooledByteBufAllocatorUseCacheForAllThreads(45)) - PERFORMANCE WARNING: useCacheForAllThreads is true that may cause Netty to create a lot garbage objects and, as a result, trigger GC.
	It is recommended to disable useCacheForAllThreads by setting -Dorg.apache.ratis.thirdparty.io.netty.allocator.useCacheForAllThreads=false in command line.
2019-11-08 14:19:09,934 [main] INFO  grpc.GrpcConfigKeys$Server (ConfUtils.java:logGet(43)) - raft.grpc.server.port = 0 (default)
2019-11-08 14:19:09,934 [main] INFO  server.GrpcService (ConfUtils.java:logGet(43)) - raft.grpc.message.size.max = 33570816 (custom)
2019-11-08 14:19:09,934 [main] INFO  server.RaftServerConfigKeys (ConfUtils.java:logGet(43)) - raft.server.log.appender.buffer.byte-limit = 33554432 (custom)
2019-11-08 14:19:09,934 [main] INFO  server.GrpcService (ConfUtils.java:logGet(43)) - raft.grpc.flow.control.window = 1MB (=1048576) (default)
2019-11-08 14:19:09,935 [main] INFO  server.RaftServerConfigKeys (ConfUtils.java:logGet(43)) - raft.server.rpc.request.timeout = 3000ms (default)
2019-11-08 14:19:09,935 [Datanode State Machine Thread - 0] INFO  datanode.InitDatanodeState (InitDatanodeState.java:persistContainerDatanodeDetails(140)) - DatanodeDetails is persisted to /workdir/hadoop-ozone/tools/target/test-dir/MiniOzoneClusterImpl-629f59bc-3a02-4619-b8ec-4b1f5e0dfed1/datanode-0/meta/datanode.id
2019-11-08 14:19:09,935 [main] INFO  server.RaftServerConfigKeys (ConfUtils.java:logGet(43)) - raft.server.storage.dir = [/workdir/hadoop-ozone/tools/target/test-dir/MiniOzoneClusterImpl-629f59bc-3a02-4619-b8ec-4b1f5e0dfed1/datanode-2/data/ratis] (custom)
2019-11-08 14:19:09,939 [main] INFO  hdfs.DFSUtil (DFSUtil.java:httpServerTemplateForNNAndJN(1641)) - Starting Web-server for hddsDatanode at: http://0.0.0.0:0
2019-11-08 14:19:09,939 [Datanode State Machine Thread - 0] INFO  datanode.InitDatanodeState (InitDatanodeState.java:persistContainerDatanodeDetails(140)) - DatanodeDetails is persisted to /workdir/hadoop-ozone/tools/target/test-dir/MiniOzoneClusterImpl-629f59bc-3a02-4619-b8ec-4b1f5e0dfed1/datanode-1/meta/datanode.id
2019-11-08 14:19:09,941 [main] INFO  server.AuthenticationFilter (AuthenticationFilter.java:constructSecretProvider(240)) - Unable to initialize FileSignerSecretProvider, falling back to use random secrets.
2019-11-08 14:19:09,942 [main] WARN  http.HttpRequestLog (HttpRequestLog.java:getRequestLog(97)) - Jetty request log can only be enabled using Log4j
2019-11-08 14:19:09,944 [main] INFO  http.HttpServer2 (HttpServer2.java:addGlobalFilter(975)) - Added global filter 'safety' (class=org.apache.hadoop.http.HttpServer2$QuotingInputFilter)
2019-11-08 14:19:09,945 [main] INFO  http.HttpServer2 (HttpServer2.java:addFilter(948)) - Added filter static_user_filter (class=org.apache.hadoop.http.lib.StaticUserWebFilter$StaticUserFilter) to context hddsDatanode
2019-11-08 14:19:09,945 [main] INFO  http.HttpServer2 (HttpServer2.java:addFilter(958)) - Added filter static_user_filter (class=org.apache.hadoop.http.lib.StaticUserWebFilter$StaticUserFilter) to context logs
2019-11-08 14:19:09,945 [main] INFO  http.HttpServer2 (HttpServer2.java:addFilter(958)) - Added filter static_user_filter (class=org.apache.hadoop.http.lib.StaticUserWebFilter$StaticUserFilter) to context static
2019-11-08 14:19:09,946 [main] INFO  http.HttpServer2 (HttpServer2.java:bindListener(1191)) - Jetty bound to port 44403
2019-11-08 14:19:09,946 [main] INFO  server.Server (Server.java:doStart(351)) - jetty-9.3.25.v20180904, build timestamp: 2018-09-04T21:11:46Z, git hash: 3ce520221d0240229c862b122d2b06c12a625732
2019-11-08 14:19:09,949 [main] INFO  handler.ContextHandler (ContextHandler.java:doStart(781)) - Started o.e.j.s.ServletContextHandler@26c47874{/logs,file:///workdir/hadoop-ozone/tools/target/log,AVAILABLE}
2019-11-08 14:19:09,949 [main] INFO  handler.ContextHandler (ContextHandler.java:doStart(781)) - Started o.e.j.s.ServletContextHandler@2849434b{/static,jar:file:/home/user/.m2/repository/org/apache/hadoop/hadoop-hdds-container-service/0.5.0-SNAPSHOT/hadoop-hdds-container-service-0.5.0-SNAPSHOT.jar!/webapps/static,AVAILABLE}
2019-11-08 14:19:09,981 [main] INFO  handler.ContextHandler (ContextHandler.java:doStart(781)) - Started o.e.j.w.WebAppContext@117525fe{/,file:///tmp/jetty-0.0.0.0-44403-hddsDatanode-_-any-7837121835984905416.dir/webapp/,AVAILABLE}{/hddsDatanode}
2019-11-08 14:19:09,982 [main] INFO  server.AbstractConnector (AbstractConnector.java:doStart(278)) - Started ServerConnector@5f7989fa{HTTP/1.1,[http/1.1]}{0.0.0.0:44403}
2019-11-08 14:19:09,982 [main] INFO  server.Server (Server.java:doStart(419)) - Started @5248ms
2019-11-08 14:19:09,983 [main] WARN  impl.MetricsSystemImpl (MetricsSystemImpl.java:register(276)) - Sink prometheus already exists!
2019-11-08 14:19:09,984 [main] INFO  server.BaseHttpServer (BaseHttpServer.java:updateConnectorAddress(215)) - HTTP server of HDDSDATANODE is listening at http://0.0.0.0:44403
2019-11-08 14:19:09,986 [main] INFO  ozone.MiniOzoneClusterImpl (MiniOzoneClusterImpl.java:lambda$waitForClusterToBeReady$0(147)) - Waiting for cluster to be ready. Got 0 of 3 DN Heartbeats.
2019-11-08 14:19:09,987 [org.apache.hadoop.util.JvmPauseMonitor$Monitor@5a2bd4d6] INFO  util.JvmPauseMonitor (JvmPauseMonitor.java:run(188)) - Starting JVM pause monitor
2019-11-08 14:19:09,991 [Datanode State Machine Thread - 0] INFO  datanode.InitDatanodeState (InitDatanodeState.java:persistContainerDatanodeDetails(140)) - DatanodeDetails is persisted to /workdir/hadoop-ozone/tools/target/test-dir/MiniOzoneClusterImpl-629f59bc-3a02-4619-b8ec-4b1f5e0dfed1/datanode-2/meta/datanode.id
2019-11-08 14:19:10,986 [main] INFO  ozone.MiniOzoneClusterImpl (MiniOzoneClusterImpl.java:lambda$waitForClusterToBeReady$0(147)) - Waiting for cluster to be ready. Got 0 of 3 DN Heartbeats.
2019-11-08 14:19:11,911 [Datanode State Machine Thread - 0] INFO  ozoneimpl.OzoneContainer (OzoneContainer.java:start(213)) - Attempting to start container services.
2019-11-08 14:19:11,911 [Datanode State Machine Thread - 0] INFO  ozoneimpl.OzoneContainer (OzoneContainer.java:start(213)) - Attempting to start container services.
2019-11-08 14:19:11,913 [Datanode State Machine Thread - 0] INFO  ozoneimpl.OzoneContainer (OzoneContainer.java:startContainerScrub(177)) - Background container scanner has been disabled.
2019-11-08 14:19:11,913 [Datanode State Machine Thread - 0] INFO  ozoneimpl.OzoneContainer (OzoneContainer.java:startContainerScrub(177)) - Background container scanner has been disabled.
2019-11-08 14:19:11,913 [Datanode State Machine Thread - 0] INFO  ratis.XceiverServerRatis (XceiverServerRatis.java:start(418)) - Starting XceiverServerRatis 69b47348-0b11-4d95-99f3-8184b6987aae at port 0
2019-11-08 14:19:11,914 [Datanode State Machine Thread - 0] INFO  ratis.XceiverServerRatis (XceiverServerRatis.java:start(418)) - Starting XceiverServerRatis 0c78ec67-b04a-4fd2-a463-b437dfcbb376 at port 0
2019-11-08 14:19:11,936 [Datanode State Machine Thread - 0] INFO  impl.RaftServerProxy (RaftServerProxy.java:lambda$start$3(299)) - 0c78ec67-b04a-4fd2-a463-b437dfcbb376: start RPC server
2019-11-08 14:19:11,936 [Datanode State Machine Thread - 0] INFO  impl.RaftServerProxy (RaftServerProxy.java:lambda$start$3(299)) - 69b47348-0b11-4d95-99f3-8184b6987aae: start RPC server
2019-11-08 14:19:11,987 [main] INFO  ozone.MiniOzoneClusterImpl (MiniOzoneClusterImpl.java:lambda$waitForClusterToBeReady$0(147)) - Waiting for cluster to be ready. Got 0 of 3 DN Heartbeats.
2019-11-08 14:19:12,005 [Datanode State Machine Thread - 0] INFO  ozoneimpl.OzoneContainer (OzoneContainer.java:start(213)) - Attempting to start container services.
2019-11-08 14:19:12,011 [Datanode State Machine Thread - 0] INFO  ozoneimpl.OzoneContainer (OzoneContainer.java:startContainerScrub(177)) - Background container scanner has been disabled.
2019-11-08 14:19:12,011 [Datanode State Machine Thread - 0] INFO  ratis.XceiverServerRatis (XceiverServerRatis.java:start(418)) - Starting XceiverServerRatis ae99e6be-c84a-4a9f-b357-947ef07c8d3a at port 0
2019-11-08 14:19:12,022 [Datanode State Machine Thread - 0] INFO  impl.RaftServerProxy (RaftServerProxy.java:lambda$start$3(299)) - ae99e6be-c84a-4a9f-b357-947ef07c8d3a: start RPC server
2019-11-08 14:19:12,051 [Datanode State Machine Thread - 0] INFO  server.GrpcService (GrpcService.java:startImpl(158)) - 69b47348-0b11-4d95-99f3-8184b6987aae: GrpcService started, listening on 0.0.0.0/0.0.0.0:45541
2019-11-08 14:19:12,051 [Datanode State Machine Thread - 0] INFO  server.GrpcService (GrpcService.java:startImpl(158)) - ae99e6be-c84a-4a9f-b357-947ef07c8d3a: GrpcService started, listening on 0.0.0.0/0.0.0.0:38773
2019-11-08 14:19:12,051 [Datanode State Machine Thread - 0] INFO  server.GrpcService (GrpcService.java:startImpl(158)) - 0c78ec67-b04a-4fd2-a463-b437dfcbb376: GrpcService started, listening on 0.0.0.0/0.0.0.0:34008
2019-11-08 14:19:12,052 [Datanode State Machine Thread - 0] INFO  ratis.XceiverServerRatis (XceiverServerRatis.java:start(428)) - XceiverServerRatis ae99e6be-c84a-4a9f-b357-947ef07c8d3a is started using port 38773
2019-11-08 14:19:12,052 [Datanode State Machine Thread - 0] INFO  ratis.XceiverServerRatis (XceiverServerRatis.java:start(428)) - XceiverServerRatis 69b47348-0b11-4d95-99f3-8184b6987aae is started using port 45541
2019-11-08 14:19:12,052 [Datanode State Machine Thread - 0] INFO  ratis.XceiverServerRatis (XceiverServerRatis.java:start(428)) - XceiverServerRatis 0c78ec67-b04a-4fd2-a463-b437dfcbb376 is started using port 34008
2019-11-08 14:19:12,057 [Datanode State Machine Thread - 0] INFO  server.XceiverServerGrpc (XceiverServerGrpc.java:start(149)) - XceiverServerGrpc 0c78ec67-b04a-4fd2-a463-b437dfcbb376 is started using port 40790
2019-11-08 14:19:12,057 [Datanode State Machine Thread - 0] INFO  server.XceiverServerGrpc (XceiverServerGrpc.java:start(149)) - XceiverServerGrpc 69b47348-0b11-4d95-99f3-8184b6987aae is started using port 44571
2019-11-08 14:19:12,058 [Datanode State Machine Thread - 0] INFO  server.XceiverServerGrpc (XceiverServerGrpc.java:start(149)) - XceiverServerGrpc ae99e6be-c84a-4a9f-b357-947ef07c8d3a is started using port 46056
2019-11-08 14:19:12,988 [main] INFO  ozone.MiniOzoneClusterImpl (MiniOzoneClusterImpl.java:lambda$waitForClusterToBeReady$0(147)) - Waiting for cluster to be ready. Got 0 of 3 DN Heartbeats.
2019-11-08 14:19:13,868 [IPC Server handler 0 on 39714] INFO  net.NetworkTopology (NetworkTopologyImpl.java:add(111)) - Added a new node: /default-rack/69b47348-0b11-4d95-99f3-8184b6987aae
2019-11-08 14:19:13,869 [IPC Server handler 0 on 39714] INFO  node.SCMNodeManager (SCMNodeManager.java:register(267)) - Registered Data node : 69b47348-0b11-4d95-99f3-8184b6987aae{ip: 192.168.164.246, host: pr-hdds-2400-q5jst-1761645290, networkLocation: /default-rack, certSerialId: null}
2019-11-08 14:19:13,872 [EventQueue-NodeRegistrationContainerReportForDataNodeSafeModeRule] INFO  safemode.SCMSafeModeManager (DataNodeSafeModeRule.java:process(71)) - SCM in safe mode. 1 DataNodes registered, 1 required.
2019-11-08 14:19:13,872 [EventQueue-NodeRegistrationContainerReportForDataNodeSafeModeRule] INFO  safemode.SCMSafeModeManager (SCMSafeModeManager.java:validateSafeModeExitRules(177)) - ScmSafeModeManager, all rules are successfully validated
2019-11-08 14:19:13,872 [EventQueue-NodeRegistrationContainerReportForDataNodeSafeModeRule] INFO  safemode.SCMSafeModeManager (SCMSafeModeManager.java:exitSafeMode(193)) - SCM exiting safe mode.
2019-11-08 14:19:13,904 [IPC Server handler 2 on 39714] INFO  net.NetworkTopology (NetworkTopologyImpl.java:add(111)) - Added a new node: /default-rack/0c78ec67-b04a-4fd2-a463-b437dfcbb376
2019-11-08 14:19:13,905 [IPC Server handler 2 on 39714] INFO  node.SCMNodeManager (SCMNodeManager.java:register(267)) - Registered Data node : 0c78ec67-b04a-4fd2-a463-b437dfcbb376{ip: 192.168.164.246, host: pr-hdds-2400-q5jst-1761645290, networkLocation: /default-rack, certSerialId: null}
2019-11-08 14:19:13,988 [main] INFO  ozone.MiniOzoneClusterImpl (MiniOzoneClusterImpl.java:lambda$waitForClusterToBeReady$0(147)) - Waiting for cluster to be ready. Got 2 of 3 DN Heartbeats.
2019-11-08 14:19:13,989 [IPC Server handler 1 on 39714] INFO  net.NetworkTopology (NetworkTopologyImpl.java:add(111)) - Added a new node: /default-rack/ae99e6be-c84a-4a9f-b357-947ef07c8d3a
2019-11-08 14:19:13,990 [IPC Server handler 1 on 39714] INFO  node.SCMNodeManager (SCMNodeManager.java:register(267)) - Registered Data node : ae99e6be-c84a-4a9f-b357-947ef07c8d3a{ip: 192.168.164.246, host: pr-hdds-2400-q5jst-1761645290, networkLocation: /default-rack, certSerialId: null}
2019-11-08 14:19:14,362 [grpc-default-executor-0] INFO  impl.RaftServerProxy (RaftServerProxy.java:addNew(89)) - 69b47348-0b11-4d95-99f3-8184b6987aae: addNew group-AFF49642A34F:[69b47348-0b11-4d95-99f3-8184b6987aae:192.168.164.246:45541] returns group-AFF49642A34F:java.util.concurrent.CompletableFuture@a9f0c74[Not completed]
2019-11-08 14:19:14,371 [pool-27-thread-1] INFO  impl.RaftServerImpl (RaftServerImpl.java:<init>(98)) - 69b47348-0b11-4d95-99f3-8184b6987aae: new RaftServerImpl for group-AFF49642A34F:[69b47348-0b11-4d95-99f3-8184b6987aae:192.168.164.246:45541] with ContainerStateMachine:uninitialized
2019-11-08 14:19:14,373 [pool-27-thread-1] INFO  server.RaftServerConfigKeys (ConfUtils.java:logGet(43)) - raft.server.rpc.timeout.min = 5s (custom)
2019-11-08 14:19:14,374 [pool-27-thread-1] INFO  server.RaftServerConfigKeys (ConfUtils.java:logGet(43)) - raft.server.rpc.timeout.max = 5200ms (custom)
2019-11-08 14:19:14,374 [pool-27-thread-1] INFO  server.RaftServerConfigKeys (ConfUtils.java:logGet(43)) - raft.server.rpcslowness.timeout = 120s (custom)
2019-11-08 14:19:14,374 [pool-27-thread-1] INFO  server.RaftServerConfigKeys (ConfUtils.java:logGet(43)) - raft.server.sleep.deviation.threshold = 300 (default)
2019-11-08 14:19:14,375 [pool-27-thread-1] INFO  server.RaftServerConfigKeys (ConfUtils.java:logGet(43)) - raft.server.log.appender.install.snapshot.enabled = false (custom)
2019-11-08 14:19:14,381 [pool-27-thread-1] INFO  impl.RaftServerImpl (ServerState.java:<init>(103)) - 69b47348-0b11-4d95-99f3-8184b6987aae@group-AFF49642A34F: ConfigurationManager, init=-1: [69b47348-0b11-4d95-99f3-8184b6987aae:192.168.164.246:45541], old=null, confs=<EMPTY_MAP>
2019-11-08 14:19:14,381 [pool-27-thread-1] INFO  server.RaftServerConfigKeys (ConfUtils.java:logGet(43)) - raft.server.storage.dir = [/workdir/hadoop-ozone/tools/target/test-dir/MiniOzoneClusterImpl-629f59bc-3a02-4619-b8ec-4b1f5e0dfed1/datanode-0/data/ratis] (custom)
2019-11-08 14:19:14,386 [pool-27-thread-1] INFO  server.RaftServerConfigKeys (ConfUtils.java:logGet(43)) - raft.server.log.corruption.policy = EXCEPTION (default)
2019-11-08 14:19:14,388 [pool-27-thread-1] INFO  storage.RaftStorageDirectory (RaftStorageDirectory.java:analyzeStorage(246)) - The storage directory /workdir/hadoop-ozone/tools/target/test-dir/MiniOzoneClusterImpl-629f59bc-3a02-4619-b8ec-4b1f5e0dfed1/datanode-0/data/ratis/d9ad6ec6-f1d9-4bb7-af6b-aff49642a34f does not exist. Creating ...
2019-11-08 14:19:14,404 [pool-27-thread-1] INFO  storage.RaftStorageDirectory (RaftStorageDirectory.java:tryLock(328)) - Lock on /workdir/hadoop-ozone/tools/target/test-dir/MiniOzoneClusterImpl-629f59bc-3a02-4619-b8ec-4b1f5e0dfed1/datanode-0/data/ratis/d9ad6ec6-f1d9-4bb7-af6b-aff49642a34f/in_use.lock acquired by nodename 11353@pr-hdds-2400-q5jst-1761645290
2019-11-08 14:19:14,419 [pool-27-thread-1] INFO  storage.RaftStorage (RaftStorage.java:format(84)) - Storage directory /workdir/hadoop-ozone/tools/target/test-dir/MiniOzoneClusterImpl-629f59bc-3a02-4619-b8ec-4b1f5e0dfed1/datanode-0/data/ratis/d9ad6ec6-f1d9-4bb7-af6b-aff49642a34f has been successfully formatted.
2019-11-08 14:19:14,421 [pool-27-thread-1] INFO  ratis.ContainerStateMachine (ContainerStateMachine.java:loadSnapshot(231)) - group-AFF49642A34F: The snapshot info is null. Setting the last applied indexto:(t:0, i:~)
2019-11-08 14:19:14,421 [pool-27-thread-1] INFO  server.RaftServerConfigKeys (ConfUtils.java:logGet(43)) - raft.server.notification.no-leader.timeout = 120s (custom)
2019-11-08 14:19:14,423 [pool-27-thread-1] INFO  server.RaftServerConfigKeys (ConfUtils.java:logGet(43)) - raft.server.log.use.memory = false (default)
2019-11-08 14:19:14,427 [pool-27-thread-1] INFO  server.RaftServerConfigKeys (ConfUtils.java:logGet(43)) - raft.server.log.purge.gap = 1000000 (custom)
2019-11-08 14:19:14,428 [pool-27-thread-1] INFO  server.RaftServerConfigKeys (ConfUtils.java:logGet(43)) - raft.server.log.appender.buffer.byte-limit = 33554432 (custom)
2019-11-08 14:19:14,429 [pool-27-thread-1] INFO  server.RaftServerConfigKeys (ConfUtils.java:logGet(43)) - raft.server.log.segment.size.max = 1048576 (custom)
2019-11-08 14:19:14,433 [pool-27-thread-1] INFO  metrics.MetricRegistries (MetricRegistriesLoader.java:load(64)) - Loaded MetricRegistries class org.apache.ratis.metrics.impl.MetricRegistriesImpl
2019-11-08 14:19:14,437 [pool-27-thread-1] WARN  impl.MetricRegistriesImpl (MetricRegistriesImpl.java:lambda$create$1(61)) - First MetricRegistry has been created without registering reporters. You may need to call MetricRegistries.global().addReportRegistration(...) before.
2019-11-08 14:19:14,441 [pool-27-thread-1] INFO  server.RaftServerConfigKeys (ConfUtils.java:logGet(43)) - raft.server.log.segment.cache.num.max = 2 (custom)
2019-11-08 14:19:14,446 [pool-27-thread-1] INFO  segmented.SegmentedRaftLogWorker (SegmentedRaftLogWorker.java:<init>(173)) - new 69b47348-0b11-4d95-99f3-8184b6987aae@group-AFF49642A34F-SegmentedRaftLogWorker for RaftStorage:Storage Directory /workdir/hadoop-ozone/tools/target/test-dir/MiniOzoneClusterImpl-629f59bc-3a02-4619-b8ec-4b1f5e0dfed1/datanode-0/data/ratis/d9ad6ec6-f1d9-4bb7-af6b-aff49642a34f
2019-11-08 14:19:14,446 [pool-27-thread-1] INFO  server.RaftServerConfigKeys (ConfUtils.java:logGet(43)) - raft.server.log.queue.byte-limit = 2147483647 (custom)
2019-11-08 14:19:14,447 [pool-27-thread-1] INFO  server.RaftServerConfigKeys (ConfUtils.java:logGet(43)) - raft.server.log.queue.element-limit = 1024 (custom)
2019-11-08 14:19:14,448 [pool-27-thread-1] INFO  server.RaftServerConfigKeys (ConfUtils.java:logGet(43)) - raft.server.log.segment.size.max = 1048576 (custom)
2019-11-08 14:19:14,448 [pool-27-thread-1] INFO  server.RaftServerConfigKeys (ConfUtils.java:logGet(43)) - raft.server.log.preallocated.size = 16384 (custom)
2019-11-08 14:19:14,449 [pool-27-thread-1] INFO  server.RaftServerConfigKeys (ConfUtils.java:logGet(43)) - raft.server.log.write.buffer.size = 33554432 (custom)
2019-11-08 14:19:14,449 [pool-27-thread-1] INFO  server.RaftServerConfigKeys (ConfUtils.java:logGet(43)) - raft.server.log.force.sync.num = 128 (default)
2019-11-08 14:19:14,450 [pool-27-thread-1] INFO  server.RaftServerConfigKeys (ConfUtils.java:logGet(43)) - raft.server.log.statemachine.data.sync = true (default)
2019-11-08 14:19:14,450 [pool-27-thread-1] INFO  server.RaftServerConfigKeys (ConfUtils.java:logGet(43)) - raft.server.log.statemachine.data.sync.timeout = 10s (default)
2019-11-08 14:19:14,451 [pool-27-thread-1] INFO  server.RaftServerConfigKeys (ConfUtils.java:logGet(43)) - raft.server.log.statemachine.data.sync.timeout.retry = -1 (default)
2019-11-08 14:19:14,461 [pool-27-thread-1] INFO  server.RaftServerConfigKeys (ConfUtils.java:logGet(43)) - raft.server.log.statemachine.data.caching.enabled = true (custom)
2019-11-08 14:19:14,465 [pool-27-thread-1] INFO  segmented.SegmentedRaftLogWorker (SegmentedRaftLogWorker.java:lambda$new$0(128)) - 69b47348-0b11-4d95-99f3-8184b6987aae@group-AFF49642A34F-SegmentedRaftLogWorker: flushIndex: setUnconditionally 0 -> -1
2019-11-08 14:19:14,470 [pool-27-thread-1] INFO  server.RaftServerConfigKeys (ConfUtils.java:logGet(43)) - raft.server.snapshot.auto.trigger.enabled = true (custom)
2019-11-08 14:19:14,471 [pool-27-thread-1] INFO  server.RaftServerConfigKeys (ConfUtils.java:logGet(43)) - raft.server.snapshot.auto.trigger.threshold = 10000 (custom)
2019-11-08 14:19:14,471 [pool-27-thread-1] INFO  server.RaftServerConfigKeys (ConfUtils.java:logGet(43)) - raft.server.snapshot.retention.file.num = 5 (custom)
2019-11-08 14:19:14,472 [pool-27-thread-1] INFO  server.RaftServerConfigKeys (ConfUtils.java:logGet(43)) - raft.server.retrycache.expirytime = 600000ms (custom)
2019-11-08 14:19:14,488 [pool-27-thread-1] WARN  impl.MetricRegistriesImpl (MetricRegistriesImpl.java:lambda$create$1(61)) - First MetricRegistry has been created without registering reporters. You may need to call MetricRegistries.global().addReportRegistration(...) before.
2019-11-08 14:19:14,490 [pool-27-thread-1] WARN  impl.MetricRegistriesImpl (MetricRegistriesImpl.java:lambda$create$1(61)) - First MetricRegistry has been created without registering reporters. You may need to call MetricRegistries.global().addReportRegistration(...) before.
2019-11-08 14:19:14,492 [pool-27-thread-1] INFO  impl.RaftServerImpl (RaftServerImpl.java:start(184)) - 69b47348-0b11-4d95-99f3-8184b6987aae@group-AFF49642A34F: start as a follower, conf=-1: [69b47348-0b11-4d95-99f3-8184b6987aae:192.168.164.246:45541], old=null
2019-11-08 14:19:14,493 [pool-27-thread-1] INFO  impl.RaftServerImpl (RaftServerImpl.java:setRole(173)) - 69b47348-0b11-4d95-99f3-8184b6987aae@group-AFF49642A34F: changes role from      null to FOLLOWER at term 0 for startAsFollower
2019-11-08 14:19:14,494 [pool-27-thread-1] INFO  impl.RoleInfo (RoleInfo.java:updateAndGet(143)) - 69b47348-0b11-4d95-99f3-8184b6987aae: start FollowerState
2019-11-08 14:19:14,495 [pool-27-thread-1] INFO  util.JmxRegister (JmxRegister.java:tryRegister(44)) - Successfully registered JMX Bean with object name Ratis:service=RaftServer,group=group-AFF49642A34F,id=69b47348-0b11-4d95-99f3-8184b6987aae
2019-11-08 14:19:14,497 [pool-27-thread-1] WARN  impl.MetricRegistriesImpl (MetricRegistriesImpl.java:lambda$create$1(61)) - First MetricRegistry has been created without registering reporters. You may need to call MetricRegistries.global().addReportRegistration(...) before.
2019-11-08 14:19:14,544 [RatisPipelineUtilsThread] INFO  pipeline.PipelineStateManager (PipelineStateManager.java:addPipeline(56)) - Created pipeline Pipeline[ Id: d9ad6ec6-f1d9-4bb7-af6b-aff49642a34f, Nodes: 69b47348-0b11-4d95-99f3-8184b6987aae{ip: 192.168.164.246, host: pr-hdds-2400-q5jst-1761645290, networkLocation: /default-rack, certSerialId: null}, Type:RATIS, Factor:ONE, State:OPEN]
2019-11-08 14:19:14,558 [grpc-default-executor-0] INFO  impl.RaftServerProxy (RaftServerProxy.java:addNew(89)) - ae99e6be-c84a-4a9f-b357-947ef07c8d3a: addNew group-BAAAF2495623:[ae99e6be-c84a-4a9f-b357-947ef07c8d3a:192.168.164.246:38773] returns group-BAAAF2495623:java.util.concurrent.CompletableFuture@34d2427c[Not completed]
2019-11-08 14:19:14,573 [pool-47-thread-1] INFO  impl.RaftServerImpl (RaftServerImpl.java:<init>(98)) - ae99e6be-c84a-4a9f-b357-947ef07c8d3a: new RaftServerImpl for group-BAAAF2495623:[ae99e6be-c84a-4a9f-b357-947ef07c8d3a:192.168.164.246:38773] with ContainerStateMachine:uninitialized
2019-11-08 14:19:14,574 [pool-47-thread-1] INFO  server.RaftServerConfigKeys (ConfUtils.java:logGet(43)) - raft.server.rpc.timeout.min = 5s (custom)
2019-11-08 14:19:14,574 [pool-47-thread-1] INFO  server.RaftServerConfigKeys (ConfUtils.java:logGet(43)) - raft.server.rpc.timeout.max = 5200ms (custom)
2019-11-08 14:19:14,574 [pool-47-thread-1] INFO  server.RaftServerConfigKeys (ConfUtils.java:logGet(43)) - raft.server.rpcslowness.timeout = 120s (custom)
2019-11-08 14:19:14,575 [pool-47-thread-1] INFO  server.RaftServerConfigKeys (ConfUtils.java:logGet(43)) - raft.server.sleep.deviation.threshold = 300 (default)
2019-11-08 14:19:14,575 [pool-47-thread-1] INFO  server.RaftServerConfigKeys (ConfUtils.java:logGet(43)) - raft.server.log.appender.install.snapshot.enabled = false (custom)
2019-11-08 14:19:14,575 [pool-47-thread-1] INFO  impl.RaftServerImpl (ServerState.java:<init>(103)) - ae99e6be-c84a-4a9f-b357-947ef07c8d3a@group-BAAAF2495623: ConfigurationManager, init=-1: [ae99e6be-c84a-4a9f-b357-947ef07c8d3a:192.168.164.246:38773], old=null, confs=<EMPTY_MAP>
2019-11-08 14:19:14,575 [pool-47-thread-1] INFO  server.RaftServerConfigKeys (ConfUtils.java:logGet(43)) - raft.server.storage.dir = [/workdir/hadoop-ozone/tools/target/test-dir/MiniOzoneClusterImpl-629f59bc-3a02-4619-b8ec-4b1f5e0dfed1/datanode-2/data/ratis] (custom)
2019-11-08 14:19:14,575 [pool-47-thread-1] INFO  server.RaftServerConfigKeys (ConfUtils.java:logGet(43)) - raft.server.log.corruption.policy = EXCEPTION (default)
2019-11-08 14:19:14,576 [pool-47-thread-1] INFO  storage.RaftStorageDirectory (RaftStorageDirectory.java:analyzeStorage(246)) - The storage directory /workdir/hadoop-ozone/tools/target/test-dir/MiniOzoneClusterImpl-629f59bc-3a02-4619-b8ec-4b1f5e0dfed1/datanode-2/data/ratis/2082965d-bcc4-4326-b596-baaaf2495623 does not exist. Creating ...
2019-11-08 14:19:14,589 [pool-47-thread-1] INFO  storage.RaftStorageDirectory (RaftStorageDirectory.java:tryLock(328)) - Lock on /workdir/hadoop-ozone/tools/target/test-dir/MiniOzoneClusterImpl-629f59bc-3a02-4619-b8ec-4b1f5e0dfed1/datanode-2/data/ratis/2082965d-bcc4-4326-b596-baaaf2495623/in_use.lock acquired by nodename 11353@pr-hdds-2400-q5jst-1761645290
2019-11-08 14:19:14,602 [pool-47-thread-1] INFO  storage.RaftStorage (RaftStorage.java:format(84)) - Storage directory /workdir/hadoop-ozone/tools/target/test-dir/MiniOzoneClusterImpl-629f59bc-3a02-4619-b8ec-4b1f5e0dfed1/datanode-2/data/ratis/2082965d-bcc4-4326-b596-baaaf2495623 has been successfully formatted.
2019-11-08 14:19:14,604 [pool-47-thread-1] INFO  ratis.ContainerStateMachine (ContainerStateMachine.java:loadSnapshot(231)) - group-BAAAF2495623: The snapshot info is null. Setting the last applied indexto:(t:0, i:~)
2019-11-08 14:19:14,604 [pool-47-thread-1] INFO  server.RaftServerConfigKeys (ConfUtils.java:logGet(43)) - raft.server.notification.no-leader.timeout = 120s (custom)
2019-11-08 14:19:14,604 [pool-47-thread-1] INFO  server.RaftServerConfigKeys (ConfUtils.java:logGet(43)) - raft.server.log.use.memory = false (default)
2019-11-08 14:19:14,604 [pool-47-thread-1] INFO  server.RaftServerConfigKeys (ConfUtils.java:logGet(43)) - raft.server.log.purge.gap = 1000000 (custom)
2019-11-08 14:19:14,605 [pool-47-thread-1] INFO  server.RaftServerConfigKeys (ConfUtils.java:logGet(43)) - raft.server.log.appender.buffer.byte-limit = 33554432 (custom)
2019-11-08 14:19:14,605 [pool-47-thread-1] INFO  server.RaftServerConfigKeys (ConfUtils.java:logGet(43)) - raft.server.log.segment.size.max = 1048576 (custom)
2019-11-08 14:19:14,605 [pool-47-thread-1] WARN  impl.MetricRegistriesImpl (MetricRegistriesImpl.java:lambda$create$1(61)) - First MetricRegistry has been created without registering reporters. You may need to call MetricRegistries.global().addReportRegistration(...) before.
2019-11-08 14:19:14,605 [pool-47-thread-1] INFO  server.RaftServerConfigKeys (ConfUtils.java:logGet(43)) - raft.server.log.segment.cache.num.max = 2 (custom)
2019-11-08 14:19:14,606 [pool-47-thread-1] INFO  segmented.SegmentedRaftLogWorker (SegmentedRaftLogWorker.java:<init>(173)) - new ae99e6be-c84a-4a9f-b357-947ef07c8d3a@group-BAAAF2495623-SegmentedRaftLogWorker for RaftStorage:Storage Directory /workdir/hadoop-ozone/tools/target/test-dir/MiniOzoneClusterImpl-629f59bc-3a02-4619-b8ec-4b1f5e0dfed1/datanode-2/data/ratis/2082965d-bcc4-4326-b596-baaaf2495623
2019-11-08 14:19:14,606 [pool-47-thread-1] INFO  server.RaftServerConfigKeys (ConfUtils.java:logGet(43)) - raft.server.log.queue.byte-limit = 2147483647 (custom)
2019-11-08 14:19:14,606 [pool-47-thread-1] INFO  server.RaftServerConfigKeys (ConfUtils.java:logGet(43)) - raft.server.log.queue.element-limit = 1024 (custom)
2019-11-08 14:19:14,606 [pool-47-thread-1] INFO  server.RaftServerConfigKeys (ConfUtils.java:logGet(43)) - raft.server.log.segment.size.max = 1048576 (custom)
2019-11-08 14:19:14,606 [pool-47-thread-1] INFO  server.RaftServerConfigKeys (ConfUtils.java:logGet(43)) - raft.server.log.preallocated.size = 16384 (custom)
2019-11-08 14:19:14,607 [pool-47-thread-1] INFO  server.RaftServerConfigKeys (ConfUtils.java:logGet(43)) - raft.server.log.write.buffer.size = 33554432 (custom)
2019-11-08 14:19:14,607 [pool-47-thread-1] INFO  server.RaftServerConfigKeys (ConfUtils.java:logGet(43)) - raft.server.log.force.sync.num = 128 (default)
2019-11-08 14:19:14,607 [pool-47-thread-1] INFO  server.RaftServerConfigKeys (ConfUtils.java:logGet(43)) - raft.server.log.statemachine.data.sync = true (default)
2019-11-08 14:19:14,607 [pool-47-thread-1] INFO  server.RaftServerConfigKeys (ConfUtils.java:logGet(43)) - raft.server.log.statemachine.data.sync.timeout = 10s (default)
2019-11-08 14:19:14,607 [pool-47-thread-1] INFO  server.RaftServerConfigKeys (ConfUtils.java:logGet(43)) - raft.server.log.statemachine.data.sync.timeout.retry = -1 (default)
2019-11-08 14:19:14,607 [pool-47-thread-1] INFO  server.RaftServerConfigKeys (ConfUtils.java:logGet(43)) - raft.server.log.statemachine.data.caching.enabled = true (custom)
2019-11-08 14:19:14,608 [pool-47-thread-1] INFO  segmented.SegmentedRaftLogWorker (SegmentedRaftLogWorker.java:lambda$new$0(128)) - ae99e6be-c84a-4a9f-b357-947ef07c8d3a@group-BAAAF2495623-SegmentedRaftLogWorker: flushIndex: setUnconditionally 0 -> -1
2019-11-08 14:19:14,608 [pool-47-thread-1] INFO  server.RaftServerConfigKeys (ConfUtils.java:logGet(43)) - raft.server.snapshot.auto.trigger.enabled = true (custom)
2019-11-08 14:19:14,608 [pool-47-thread-1] INFO  server.RaftServerConfigKeys (ConfUtils.java:logGet(43)) - raft.server.snapshot.auto.trigger.threshold = 10000 (custom)
2019-11-08 14:19:14,608 [pool-47-thread-1] INFO  server.RaftServerConfigKeys (ConfUtils.java:logGet(43)) - raft.server.snapshot.retention.file.num = 5 (custom)
2019-11-08 14:19:14,609 [pool-47-thread-1] INFO  server.RaftServerConfigKeys (ConfUtils.java:logGet(43)) - raft.server.retrycache.expirytime = 600000ms (custom)
2019-11-08 14:19:14,609 [pool-47-thread-1] WARN  impl.MetricRegistriesImpl (MetricRegistriesImpl.java:lambda$create$1(61)) - First MetricRegistry has been created without registering reporters. You may need to call MetricRegistries.global().addReportRegistration(...) before.
2019-11-08 14:19:14,609 [pool-47-thread-1] WARN  impl.MetricRegistriesImpl (MetricRegistriesImpl.java:lambda$create$1(61)) - First MetricRegistry has been created without registering reporters. You may need to call MetricRegistries.global().addReportRegistration(...) before.
2019-11-08 14:19:14,609 [pool-47-thread-1] INFO  impl.RaftServerImpl (RaftServerImpl.java:start(184)) - ae99e6be-c84a-4a9f-b357-947ef07c8d3a@group-BAAAF2495623: start as a follower, conf=-1: [ae99e6be-c84a-4a9f-b357-947ef07c8d3a:192.168.164.246:38773], old=null
2019-11-08 14:19:14,609 [pool-47-thread-1] INFO  impl.RaftServerImpl (RaftServerImpl.java:setRole(173)) - ae99e6be-c84a-4a9f-b357-947ef07c8d3a@group-BAAAF2495623: changes role from      null to FOLLOWER at term 0 for startAsFollower
2019-11-08 14:19:14,609 [pool-47-thread-1] INFO  impl.RoleInfo (RoleInfo.java:updateAndGet(143)) - ae99e6be-c84a-4a9f-b357-947ef07c8d3a: start FollowerState
2019-11-08 14:19:14,610 [pool-47-thread-1] INFO  util.JmxRegister (JmxRegister.java:tryRegister(44)) - Successfully registered JMX Bean with object name Ratis:service=RaftServer,group=group-BAAAF2495623,id=ae99e6be-c84a-4a9f-b357-947ef07c8d3a
2019-11-08 14:19:14,611 [pool-47-thread-1] WARN  impl.MetricRegistriesImpl (MetricRegistriesImpl.java:lambda$create$1(61)) - First MetricRegistry has been created without registering reporters. You may need to call MetricRegistries.global().addReportRegistration(...) before.
2019-11-08 14:19:14,619 [RatisPipelineUtilsThread] INFO  pipeline.PipelineStateManager (PipelineStateManager.java:addPipeline(56)) - Created pipeline Pipeline[ Id: 2082965d-bcc4-4326-b596-baaaf2495623, Nodes: ae99e6be-c84a-4a9f-b357-947ef07c8d3a{ip: 192.168.164.246, host: pr-hdds-2400-q5jst-1761645290, networkLocation: /default-rack, certSerialId: null}, Type:RATIS, Factor:ONE, State:OPEN]
2019-11-08 14:19:14,631 [grpc-default-executor-0] INFO  impl.RaftServerProxy (RaftServerProxy.java:addNew(89)) - 0c78ec67-b04a-4fd2-a463-b437dfcbb376: addNew group-5F7367E4D43C:[0c78ec67-b04a-4fd2-a463-b437dfcbb376:192.168.164.246:34008] returns group-5F7367E4D43C:java.util.concurrent.CompletableFuture@6e0c9273[Not completed]
2019-11-08 14:19:14,644 [pool-37-thread-1] INFO  impl.RaftServerImpl (RaftServerImpl.java:<init>(98)) - 0c78ec67-b04a-4fd2-a463-b437dfcbb376: new RaftServerImpl for group-5F7367E4D43C:[0c78ec67-b04a-4fd2-a463-b437dfcbb376:192.168.164.246:34008] with ContainerStateMachine:uninitialized
2019-11-08 14:19:14,645 [pool-37-thread-1] INFO  server.RaftServerConfigKeys (ConfUtils.java:logGet(43)) - raft.server.rpc.timeout.min = 5s (custom)
2019-11-08 14:19:14,645 [pool-37-thread-1] INFO  server.RaftServerConfigKeys (ConfUtils.java:logGet(43)) - raft.server.rpc.timeout.max = 5200ms (custom)
2019-11-08 14:19:14,645 [pool-37-thread-1] INFO  server.RaftServerConfigKeys (ConfUtils.java:logGet(43)) - raft.server.rpcslowness.timeout = 120s (custom)
2019-11-08 14:19:14,645 [pool-37-thread-1] INFO  server.RaftServerConfigKeys (ConfUtils.java:logGet(43)) - raft.server.sleep.deviation.threshold = 300 (default)
2019-11-08 14:19:14,645 [pool-37-thread-1] INFO  server.RaftServerConfigKeys (ConfUtils.java:logGet(43)) - raft.server.log.appender.install.snapshot.enabled = false (custom)
2019-11-08 14:19:14,645 [pool-37-thread-1] INFO  impl.RaftServerImpl (ServerState.java:<init>(103)) - 0c78ec67-b04a-4fd2-a463-b437dfcbb376@group-5F7367E4D43C: ConfigurationManager, init=-1: [0c78ec67-b04a-4fd2-a463-b437dfcbb376:192.168.164.246:34008], old=null, confs=<EMPTY_MAP>
2019-11-08 14:19:14,645 [pool-37-thread-1] INFO  server.RaftServerConfigKeys (ConfUtils.java:logGet(43)) - raft.server.storage.dir = [/workdir/hadoop-ozone/tools/target/test-dir/MiniOzoneClusterImpl-629f59bc-3a02-4619-b8ec-4b1f5e0dfed1/datanode-1/data/ratis] (custom)
2019-11-08 14:19:14,646 [pool-37-thread-1] INFO  server.RaftServerConfigKeys (ConfUtils.java:logGet(43)) - raft.server.log.corruption.policy = EXCEPTION (default)
2019-11-08 14:19:14,646 [pool-37-thread-1] INFO  storage.RaftStorageDirectory (RaftStorageDirectory.java:analyzeStorage(246)) - The storage directory /workdir/hadoop-ozone/tools/target/test-dir/MiniOzoneClusterImpl-629f59bc-3a02-4619-b8ec-4b1f5e0dfed1/datanode-1/data/ratis/c38921ac-3c32-4558-ab82-5f7367e4d43c does not exist. Creating ...
2019-11-08 14:19:14,655 [pool-37-thread-1] INFO  storage.RaftStorageDirectory (RaftStorageDirectory.java:tryLock(328)) - Lock on /workdir/hadoop-ozone/tools/target/test-dir/MiniOzoneClusterImpl-629f59bc-3a02-4619-b8ec-4b1f5e0dfed1/datanode-1/data/ratis/c38921ac-3c32-4558-ab82-5f7367e4d43c/in_use.lock acquired by nodename 11353@pr-hdds-2400-q5jst-1761645290
2019-11-08 14:19:14,676 [pool-37-thread-1] INFO  storage.RaftStorage (RaftStorage.java:format(84)) - Storage directory /workdir/hadoop-ozone/tools/target/test-dir/MiniOzoneClusterImpl-629f59bc-3a02-4619-b8ec-4b1f5e0dfed1/datanode-1/data/ratis/c38921ac-3c32-4558-ab82-5f7367e4d43c has been successfully formatted.
2019-11-08 14:19:14,676 [pool-37-thread-1] INFO  ratis.ContainerStateMachine (ContainerStateMachine.java:loadSnapshot(231)) - group-5F7367E4D43C: The snapshot info is null. Setting the last applied indexto:(t:0, i:~)
2019-11-08 14:19:14,677 [pool-37-thread-1] INFO  server.RaftServerConfigKeys (ConfUtils.java:logGet(43)) - raft.server.notification.no-leader.timeout = 120s (custom)
2019-11-08 14:19:14,677 [pool-37-thread-1] INFO  server.RaftServerConfigKeys (ConfUtils.java:logGet(43)) - raft.server.log.use.memory = false (default)
2019-11-08 14:19:14,677 [pool-37-thread-1] INFO  server.RaftServerConfigKeys (ConfUtils.java:logGet(43)) - raft.server.log.purge.gap = 1000000 (custom)
2019-11-08 14:19:14,677 [pool-37-thread-1] INFO  server.RaftServerConfigKeys (ConfUtils.java:logGet(43)) - raft.server.log.appender.buffer.byte-limit = 33554432 (custom)
2019-11-08 14:19:14,677 [pool-37-thread-1] INFO  server.RaftServerConfigKeys (ConfUtils.java:logGet(43)) - raft.server.log.segment.size.max = 1048576 (custom)
2019-11-08 14:19:14,677 [pool-37-thread-1] WARN  impl.MetricRegistriesImpl (MetricRegistriesImpl.java:lambda$create$1(61)) - First MetricRegistry has been created without registering reporters. You may need to call MetricRegistries.global().addReportRegistration(...) before.
2019-11-08 14:19:14,677 [pool-37-thread-1] INFO  server.RaftServerConfigKeys (ConfUtils.java:logGet(43)) - raft.server.log.segment.cache.num.max = 2 (custom)
2019-11-08 14:19:14,678 [pool-37-thread-1] INFO  segmented.SegmentedRaftLogWorker (SegmentedRaftLogWorker.java:<init>(173)) - new 0c78ec67-b04a-4fd2-a463-b437dfcbb376@group-5F7367E4D43C-SegmentedRaftLogWorker for RaftStorage:Storage Directory /workdir/hadoop-ozone/tools/target/test-dir/MiniOzoneClusterImpl-629f59bc-3a02-4619-b8ec-4b1f5e0dfed1/datanode-1/data/ratis/c38921ac-3c32-4558-ab82-5f7367e4d43c
2019-11-08 14:19:14,678 [pool-37-thread-1] INFO  server.RaftServerConfigKeys (ConfUtils.java:logGet(43)) - raft.server.log.queue.byte-limit = 2147483647 (custom)
2019-11-08 14:19:14,678 [pool-37-thread-1] INFO  server.RaftServerConfigKeys (ConfUtils.java:logGet(43)) - raft.server.log.queue.element-limit = 1024 (custom)
2019-11-08 14:19:14,678 [pool-37-thread-1] INFO  server.RaftServerConfigKeys (ConfUtils.java:logGet(43)) - raft.server.log.segment.size.max = 1048576 (custom)
2019-11-08 14:19:14,678 [pool-37-thread-1] INFO  server.RaftServerConfigKeys (ConfUtils.java:logGet(43)) - raft.server.log.preallocated.size = 16384 (custom)
2019-11-08 14:19:14,678 [pool-37-thread-1] INFO  server.RaftServerConfigKeys (ConfUtils.java:logGet(43)) - raft.server.log.write.buffer.size = 33554432 (custom)
2019-11-08 14:19:14,678 [pool-37-thread-1] INFO  server.RaftServerConfigKeys (ConfUtils.java:logGet(43)) - raft.server.log.force.sync.num = 128 (default)
2019-11-08 14:19:14,678 [pool-37-thread-1] INFO  server.RaftServerConfigKeys (ConfUtils.java:logGet(43)) - raft.server.log.statemachine.data.sync = true (default)
2019-11-08 14:19:14,679 [pool-37-thread-1] INFO  server.RaftServerConfigKeys (ConfUtils.java:logGet(43)) - raft.server.log.statemachine.data.sync.timeout = 10s (default)
2019-11-08 14:19:14,679 [pool-37-thread-1] INFO  server.RaftServerConfigKeys (ConfUtils.java:logGet(43)) - raft.server.log.statemachine.data.sync.timeout.retry = -1 (default)
2019-11-08 14:19:14,679 [pool-37-thread-1] INFO  server.RaftServerConfigKeys (ConfUtils.java:logGet(43)) - raft.server.log.statemachine.data.caching.enabled = true (custom)
2019-11-08 14:19:14,679 [pool-37-thread-1] INFO  segmented.SegmentedRaftLogWorker (SegmentedRaftLogWorker.java:lambda$new$0(128)) - 0c78ec67-b04a-4fd2-a463-b437dfcbb376@group-5F7367E4D43C-SegmentedRaftLogWorker: flushIndex: setUnconditionally 0 -> -1
2019-11-08 14:19:14,680 [pool-37-thread-1] INFO  server.RaftServerConfigKeys (ConfUtils.java:logGet(43)) - raft.server.snapshot.auto.trigger.enabled = true (custom)
2019-11-08 14:19:14,680 [pool-37-thread-1] INFO  server.RaftServerConfigKeys (ConfUtils.java:logGet(43)) - raft.server.snapshot.auto.trigger.threshold = 10000 (custom)
2019-11-08 14:19:14,680 [pool-37-thread-1] INFO  server.RaftServerConfigKeys (ConfUtils.java:logGet(43)) - raft.server.snapshot.retention.file.num = 5 (custom)
2019-11-08 14:19:14,680 [pool-37-thread-1] INFO  server.RaftServerConfigKeys (ConfUtils.java:logGet(43)) - raft.server.retrycache.expirytime = 600000ms (custom)
2019-11-08 14:19:14,680 [pool-37-thread-1] WARN  impl.MetricRegistriesImpl (MetricRegistriesImpl.java:lambda$create$1(61)) - First MetricRegistry has been created without registering reporters. You may need to call MetricRegistries.global().addReportRegistration(...) before.
2019-11-08 14:19:14,681 [pool-37-thread-1] WARN  impl.MetricRegistriesImpl (MetricRegistriesImpl.java:lambda$create$1(61)) - First MetricRegistry has been created without registering reporters. You may need to call MetricRegistries.global().addReportRegistration(...) before.
2019-11-08 14:19:14,681 [pool-37-thread-1] INFO  impl.RaftServerImpl (RaftServerImpl.java:start(184)) - 0c78ec67-b04a-4fd2-a463-b437dfcbb376@group-5F7367E4D43C: start as a follower, conf=-1: [0c78ec67-b04a-4fd2-a463-b437dfcbb376:192.168.164.246:34008], old=null
2019-11-08 14:19:14,681 [pool-37-thread-1] INFO  impl.RaftServerImpl (RaftServerImpl.java:setRole(173)) - 0c78ec67-b04a-4fd2-a463-b437dfcbb376@group-5F7367E4D43C: changes role from      null to FOLLOWER at term 0 for startAsFollower
2019-11-08 14:19:14,681 [pool-37-thread-1] INFO  impl.RoleInfo (RoleInfo.java:updateAndGet(143)) - 0c78ec67-b04a-4fd2-a463-b437dfcbb376: start FollowerState
2019-11-08 14:19:14,682 [pool-37-thread-1] INFO  util.JmxRegister (JmxRegister.java:tryRegister(44)) - Successfully registered JMX Bean with object name Ratis:service=RaftServer,group=group-5F7367E4D43C,id=0c78ec67-b04a-4fd2-a463-b437dfcbb376
2019-11-08 14:19:14,682 [pool-37-thread-1] WARN  impl.MetricRegistriesImpl (MetricRegistriesImpl.java:lambda$create$1(61)) - First MetricRegistry has been created without registering reporters. You may need to call MetricRegistries.global().addReportRegistration(...) before.
2019-11-08 14:19:14,689 [RatisPipelineUtilsThread] INFO  pipeline.PipelineStateManager (PipelineStateManager.java:addPipeline(56)) - Created pipeline Pipeline[ Id: c38921ac-3c32-4558-ab82-5f7367e4d43c, Nodes: 0c78ec67-b04a-4fd2-a463-b437dfcbb376{ip: 192.168.164.246, host: pr-hdds-2400-q5jst-1761645290, networkLocation: /default-rack, certSerialId: null}, Type:RATIS, Factor:ONE, State:OPEN]
2019-11-08 14:19:14,712 [grpc-default-executor-0] INFO  impl.RaftServerProxy (RaftServerProxy.java:addNew(89)) - 0c78ec67-b04a-4fd2-a463-b437dfcbb376: addNew group-F1069F9F4028:[0c78ec67-b04a-4fd2-a463-b437dfcbb376:192.168.164.246:34008, ae99e6be-c84a-4a9f-b357-947ef07c8d3a:192.168.164.246:38773, 69b47348-0b11-4d95-99f3-8184b6987aae:192.168.164.246:45541] returns group-F1069F9F4028:java.util.concurrent.CompletableFuture@7464070f[Not completed]
2019-11-08 14:19:14,712 [grpc-default-executor-2] INFO  impl.RaftServerProxy (RaftServerProxy.java:addNew(89)) - 69b47348-0b11-4d95-99f3-8184b6987aae: addNew group-F1069F9F4028:[0c78ec67-b04a-4fd2-a463-b437dfcbb376:192.168.164.246:34008, ae99e6be-c84a-4a9f-b357-947ef07c8d3a:192.168.164.246:38773, 69b47348-0b11-4d95-99f3-8184b6987aae:192.168.164.246:45541] returns group-F1069F9F4028:java.util.concurrent.CompletableFuture@77209a19[Not completed]
2019-11-08 14:19:14,712 [grpc-default-executor-1] INFO  impl.RaftServerProxy (RaftServerProxy.java:addNew(89)) - ae99e6be-c84a-4a9f-b357-947ef07c8d3a: addNew group-F1069F9F4028:[0c78ec67-b04a-4fd2-a463-b437dfcbb376:192.168.164.246:34008, ae99e6be-c84a-4a9f-b357-947ef07c8d3a:192.168.164.246:38773, 69b47348-0b11-4d95-99f3-8184b6987aae:192.168.164.246:45541] returns group-F1069F9F4028:java.util.concurrent.CompletableFuture@2d47539c[Not completed]
2019-11-08 14:19:14,713 [pool-27-thread-1] INFO  impl.RaftServerImpl (RaftServerImpl.java:<init>(98)) - 69b47348-0b11-4d95-99f3-8184b6987aae: new RaftServerImpl for group-F1069F9F4028:[0c78ec67-b04a-4fd2-a463-b437dfcbb376:192.168.164.246:34008, ae99e6be-c84a-4a9f-b357-947ef07c8d3a:192.168.164.246:38773, 69b47348-0b11-4d95-99f3-8184b6987aae:192.168.164.246:45541] with ContainerStateMachine:uninitialized
2019-11-08 14:19:14,714 [pool-27-thread-1] INFO  server.RaftServerConfigKeys (ConfUtils.java:logGet(43)) - raft.server.rpc.timeout.min = 5s (custom)
2019-11-08 14:19:14,714 [pool-27-thread-1] INFO  server.RaftServerConfigKeys (ConfUtils.java:logGet(43)) - raft.server.rpc.timeout.max = 5200ms (custom)
2019-11-08 14:19:14,714 [pool-27-thread-1] INFO  server.RaftServerConfigKeys (ConfUtils.java:logGet(43)) - raft.server.rpcslowness.timeout = 120s (custom)
2019-11-08 14:19:14,714 [pool-27-thread-1] INFO  server.RaftServerConfigKeys (ConfUtils.java:logGet(43)) - raft.server.sleep.deviation.threshold = 300 (default)
2019-11-08 14:19:14,714 [pool-27-thread-1] INFO  server.RaftServerConfigKeys (ConfUtils.java:logGet(43)) - raft.server.log.appender.install.snapshot.enabled = false (custom)
2019-11-08 14:19:14,714 [pool-27-thread-1] INFO  impl.RaftServerImpl (ServerState.java:<init>(103)) - 69b47348-0b11-4d95-99f3-8184b6987aae@group-F1069F9F4028: ConfigurationManager, init=-1: [0c78ec67-b04a-4fd2-a463-b437dfcbb376:192.168.164.246:34008, ae99e6be-c84a-4a9f-b357-947ef07c8d3a:192.168.164.246:38773, 69b47348-0b11-4d95-99f3-8184b6987aae:192.168.164.246:45541], old=null, confs=<EMPTY_MAP>
2019-11-08 14:19:14,715 [pool-27-thread-1] INFO  server.RaftServerConfigKeys (ConfUtils.java:logGet(43)) - raft.server.storage.dir = [/workdir/hadoop-ozone/tools/target/test-dir/MiniOzoneClusterImpl-629f59bc-3a02-4619-b8ec-4b1f5e0dfed1/datanode-0/data/ratis] (custom)
2019-11-08 14:19:14,715 [pool-37-thread-1] INFO  impl.RaftServerImpl (RaftServerImpl.java:<init>(98)) - 0c78ec67-b04a-4fd2-a463-b437dfcbb376: new RaftServerImpl for group-F1069F9F4028:[0c78ec67-b04a-4fd2-a463-b437dfcbb376:192.168.164.246:34008, ae99e6be-c84a-4a9f-b357-947ef07c8d3a:192.168.164.246:38773, 69b47348-0b11-4d95-99f3-8184b6987aae:192.168.164.246:45541] with ContainerStateMachine:uninitialized
2019-11-08 14:19:14,715 [pool-27-thread-1] INFO  server.RaftServerConfigKeys (ConfUtils.java:logGet(43)) - raft.server.log.corruption.policy = EXCEPTION (default)
2019-11-08 14:19:14,715 [pool-37-thread-1] INFO  server.RaftServerConfigKeys (ConfUtils.java:logGet(43)) - raft.server.rpc.timeout.min = 5s (custom)
2019-11-08 14:19:14,715 [pool-27-thread-1] INFO  storage.RaftStorageDirectory (RaftStorageDirectory.java:analyzeStorage(246)) - The storage directory /workdir/hadoop-ozone/tools/target/test-dir/MiniOzoneClusterImpl-629f59bc-3a02-4619-b8ec-4b1f5e0dfed1/datanode-0/data/ratis/d2a23c70-b386-44db-958c-f1069f9f4028 does not exist. Creating ...
2019-11-08 14:19:14,715 [pool-37-thread-1] INFO  server.RaftServerConfigKeys (ConfUtils.java:logGet(43)) - raft.server.rpc.timeout.max = 5200ms (custom)
2019-11-08 14:19:14,715 [pool-37-thread-1] INFO  server.RaftServerConfigKeys (ConfUtils.java:logGet(43)) - raft.server.rpcslowness.timeout = 120s (custom)
2019-11-08 14:19:14,716 [pool-37-thread-1] INFO  server.RaftServerConfigKeys (ConfUtils.java:logGet(43)) - raft.server.sleep.deviation.threshold = 300 (default)
2019-11-08 14:19:14,716 [pool-37-thread-1] INFO  server.RaftServerConfigKeys (ConfUtils.java:logGet(43)) - raft.server.log.appender.install.snapshot.enabled = false (custom)
2019-11-08 14:19:14,716 [pool-47-thread-1] INFO  impl.RaftServerImpl (RaftServerImpl.java:<init>(98)) - ae99e6be-c84a-4a9f-b357-947ef07c8d3a: new RaftServerImpl for group-F1069F9F4028:[0c78ec67-b04a-4fd2-a463-b437dfcbb376:192.168.164.246:34008, ae99e6be-c84a-4a9f-b357-947ef07c8d3a:192.168.164.246:38773, 69b47348-0b11-4d95-99f3-8184b6987aae:192.168.164.246:45541] with ContainerStateMachine:uninitialized
2019-11-08 14:19:14,716 [pool-37-thread-1] INFO  impl.RaftServerImpl (ServerState.java:<init>(103)) - 0c78ec67-b04a-4fd2-a463-b437dfcbb376@group-F1069F9F4028: ConfigurationManager, init=-1: [0c78ec67-b04a-4fd2-a463-b437dfcbb376:192.168.164.246:34008, ae99e6be-c84a-4a9f-b357-947ef07c8d3a:192.168.164.246:38773, 69b47348-0b11-4d95-99f3-8184b6987aae:192.168.164.246:45541], old=null, confs=<EMPTY_MAP>
2019-11-08 14:19:14,716 [pool-47-thread-1] INFO  server.RaftServerConfigKeys (ConfUtils.java:logGet(43)) - raft.server.rpc.timeout.min = 5s (custom)
2019-11-08 14:19:14,716 [pool-37-thread-1] INFO  server.RaftServerConfigKeys (ConfUtils.java:logGet(43)) - raft.server.storage.dir = [/workdir/hadoop-ozone/tools/target/test-dir/MiniOzoneClusterImpl-629f59bc-3a02-4619-b8ec-4b1f5e0dfed1/datanode-1/data/ratis] (custom)
2019-11-08 14:19:14,716 [pool-47-thread-1] INFO  server.RaftServerConfigKeys (ConfUtils.java:logGet(43)) - raft.server.rpc.timeout.max = 5200ms (custom)
2019-11-08 14:19:14,717 [pool-47-thread-1] INFO  server.RaftServerConfigKeys (ConfUtils.java:logGet(43)) - raft.server.rpcslowness.timeout = 120s (custom)
2019-11-08 14:19:14,717 [pool-37-thread-1] INFO  server.RaftServerConfigKeys (ConfUtils.java:logGet(43)) - raft.server.log.corruption.policy = EXCEPTION (default)
2019-11-08 14:19:14,717 [pool-47-thread-1] INFO  server.RaftServerConfigKeys (ConfUtils.java:logGet(43)) - raft.server.sleep.deviation.threshold = 300 (default)
2019-11-08 14:19:14,717 [pool-37-thread-1] INFO  storage.RaftStorageDirectory (RaftStorageDirectory.java:analyzeStorage(246)) - The storage directory /workdir/hadoop-ozone/tools/target/test-dir/MiniOzoneClusterImpl-629f59bc-3a02-4619-b8ec-4b1f5e0dfed1/datanode-1/data/ratis/d2a23c70-b386-44db-958c-f1069f9f4028 does not exist. Creating ...
2019-11-08 14:19:14,717 [pool-47-thread-1] INFO  server.RaftServerConfigKeys (ConfUtils.java:logGet(43)) - raft.server.log.appender.install.snapshot.enabled = false (custom)
2019-11-08 14:19:14,717 [pool-47-thread-1] INFO  impl.RaftServerImpl (ServerState.java:<init>(103)) - ae99e6be-c84a-4a9f-b357-947ef07c8d3a@group-F1069F9F4028: ConfigurationManager, init=-1: [0c78ec67-b04a-4fd2-a463-b437dfcbb376:192.168.164.246:34008, ae99e6be-c84a-4a9f-b357-947ef07c8d3a:192.168.164.246:38773, 69b47348-0b11-4d95-99f3-8184b6987aae:192.168.164.246:45541], old=null, confs=<EMPTY_MAP>
2019-11-08 14:19:14,718 [pool-47-thread-1] INFO  server.RaftServerConfigKeys (ConfUtils.java:logGet(43)) - raft.server.storage.dir = [/workdir/hadoop-ozone/tools/target/test-dir/MiniOzoneClusterImpl-629f59bc-3a02-4619-b8ec-4b1f5e0dfed1/datanode-2/data/ratis] (custom)
2019-11-08 14:19:14,718 [pool-47-thread-1] INFO  server.RaftServerConfigKeys (ConfUtils.java:logGet(43)) - raft.server.log.corruption.policy = EXCEPTION (default)
2019-11-08 14:19:14,718 [pool-47-thread-1] INFO  storage.RaftStorageDirectory (RaftStorageDirectory.java:analyzeStorage(246)) - The storage directory /workdir/hadoop-ozone/tools/target/test-dir/MiniOzoneClusterImpl-629f59bc-3a02-4619-b8ec-4b1f5e0dfed1/datanode-2/data/ratis/d2a23c70-b386-44db-958c-f1069f9f4028 does not exist. Creating ...
2019-11-08 14:19:14,729 [pool-37-thread-1] INFO  storage.RaftStorageDirectory (RaftStorageDirectory.java:tryLock(328)) - Lock on /workdir/hadoop-ozone/tools/target/test-dir/MiniOzoneClusterImpl-629f59bc-3a02-4619-b8ec-4b1f5e0dfed1/datanode-1/data/ratis/d2a23c70-b386-44db-958c-f1069f9f4028/in_use.lock acquired by nodename 11353@pr-hdds-2400-q5jst-1761645290
2019-11-08 14:19:14,729 [pool-27-thread-1] INFO  storage.RaftStorageDirectory (RaftStorageDirectory.java:tryLock(328)) - Lock on /workdir/hadoop-ozone/tools/target/test-dir/MiniOzoneClusterImpl-629f59bc-3a02-4619-b8ec-4b1f5e0dfed1/datanode-0/data/ratis/d2a23c70-b386-44db-958c-f1069f9f4028/in_use.lock acquired by nodename 11353@pr-hdds-2400-q5jst-1761645290
2019-11-08 14:19:14,729 [pool-47-thread-1] INFO  storage.RaftStorageDirectory (RaftStorageDirectory.java:tryLock(328)) - Lock on /workdir/hadoop-ozone/tools/target/test-dir/MiniOzoneClusterImpl-629f59bc-3a02-4619-b8ec-4b1f5e0dfed1/datanode-2/data/ratis/d2a23c70-b386-44db-958c-f1069f9f4028/in_use.lock acquired by nodename 11353@pr-hdds-2400-q5jst-1761645290
2019-11-08 14:19:14,749 [pool-47-thread-1] INFO  storage.RaftStorage (RaftStorage.java:format(84)) - Storage directory /workdir/hadoop-ozone/tools/target/test-dir/MiniOzoneClusterImpl-629f59bc-3a02-4619-b8ec-4b1f5e0dfed1/datanode-2/data/ratis/d2a23c70-b386-44db-958c-f1069f9f4028 has been successfully formatted.
2019-11-08 14:19:14,749 [pool-27-thread-1] INFO  storage.RaftStorage (RaftStorage.java:format(84)) - Storage directory /workdir/hadoop-ozone/tools/target/test-dir/MiniOzoneClusterImpl-629f59bc-3a02-4619-b8ec-4b1f5e0dfed1/datanode-0/data/ratis/d2a23c70-b386-44db-958c-f1069f9f4028 has been successfully formatted.
2019-11-08 14:19:14,749 [pool-37-thread-1] INFO  storage.RaftStorage (RaftStorage.java:format(84)) - Storage directory /workdir/hadoop-ozone/tools/target/test-dir/MiniOzoneClusterImpl-629f59bc-3a02-4619-b8ec-4b1f5e0dfed1/datanode-1/data/ratis/d2a23c70-b386-44db-958c-f1069f9f4028 has been successfully formatted.
2019-11-08 14:19:14,750 [pool-47-thread-1] INFO  ratis.ContainerStateMachine (ContainerStateMachine.java:loadSnapshot(231)) - group-F1069F9F4028: The snapshot info is null. Setting the last applied indexto:(t:0, i:~)
2019-11-08 14:19:14,750 [pool-27-thread-1] INFO  ratis.ContainerStateMachine (ContainerStateMachine.java:loadSnapshot(231)) - group-F1069F9F4028: The snapshot info is null. Setting the last applied indexto:(t:0, i:~)
2019-11-08 14:19:14,750 [pool-37-thread-1] INFO  ratis.ContainerStateMachine (ContainerStateMachine.java:loadSnapshot(231)) - group-F1069F9F4028: The snapshot info is null. Setting the last applied indexto:(t:0, i:~)
2019-11-08 14:19:14,750 [pool-47-thread-1] INFO  server.RaftServerConfigKeys (ConfUtils.java:logGet(43)) - raft.server.notification.no-leader.timeout = 120s (custom)
2019-11-08 14:19:14,750 [pool-37-thread-1] INFO  server.RaftServerConfigKeys (ConfUtils.java:logGet(43)) - raft.server.notification.no-leader.timeout = 120s (custom)
2019-11-08 14:19:14,750 [pool-27-thread-1] INFO  server.RaftServerConfigKeys (ConfUtils.java:logGet(43)) - raft.server.notification.no-leader.timeout = 120s (custom)
2019-11-08 14:19:14,750 [pool-37-thread-1] INFO  server.RaftServerConfigKeys (ConfUtils.java:logGet(43)) - raft.server.log.use.memory = false (default)
2019-11-08 14:19:14,750 [pool-47-thread-1] INFO  server.RaftServerConfigKeys (ConfUtils.java:logGet(43)) - raft.server.log.use.memory = false (default)
2019-11-08 14:19:14,750 [pool-37-thread-1] INFO  server.RaftServerConfigKeys (ConfUtils.java:logGet(43)) - raft.server.log.purge.gap = 1000000 (custom)
2019-11-08 14:19:14,750 [pool-27-thread-1] INFO  server.RaftServerConfigKeys (ConfUtils.java:logGet(43)) - raft.server.log.use.memory = false (default)
2019-11-08 14:19:14,750 [pool-37-thread-1] INFO  server.RaftServerConfigKeys (ConfUtils.java:logGet(43)) - raft.server.log.appender.buffer.byte-limit = 33554432 (custom)
2019-11-08 14:19:14,750 [pool-47-thread-1] INFO  server.RaftServerConfigKeys (ConfUtils.java:logGet(43)) - raft.server.log.purge.gap = 1000000 (custom)
2019-11-08 14:19:14,751 [pool-37-thread-1] INFO  server.RaftServerConfigKeys (ConfUtils.java:logGet(43)) - raft.server.log.segment.size.max = 1048576 (custom)
2019-11-08 14:19:14,751 [pool-27-thread-1] INFO  server.RaftServerConfigKeys (ConfUtils.java:logGet(43)) - raft.server.log.purge.gap = 1000000 (custom)
2019-11-08 14:19:14,751 [pool-37-thread-1] INFO  server.RaftServerConfigKeys (ConfUtils.java:logGet(43)) - raft.server.log.segment.cache.num.max = 2 (custom)
2019-11-08 14:19:14,751 [pool-47-thread-1] INFO  server.RaftServerConfigKeys (ConfUtils.java:logGet(43)) - raft.server.log.appender.buffer.byte-limit = 33554432 (custom)
2019-11-08 14:19:14,751 [pool-37-thread-1] INFO  segmented.SegmentedRaftLogWorker (SegmentedRaftLogWorker.java:<init>(173)) - new 0c78ec67-b04a-4fd2-a463-b437dfcbb376@group-F1069F9F4028-SegmentedRaftLogWorker for RaftStorage:Storage Directory /workdir/hadoop-ozone/tools/target/test-dir/MiniOzoneClusterImpl-629f59bc-3a02-4619-b8ec-4b1f5e0dfed1/datanode-1/data/ratis/d2a23c70-b386-44db-958c-f1069f9f4028
2019-11-08 14:19:14,751 [pool-27-thread-1] INFO  server.RaftServerConfigKeys (ConfUtils.java:logGet(43)) - raft.server.log.appender.buffer.byte-limit = 33554432 (custom)
2019-11-08 14:19:14,751 [pool-37-thread-1] INFO  server.RaftServerConfigKeys (ConfUtils.java:logGet(43)) - raft.server.log.queue.byte-limit = 2147483647 (custom)
2019-11-08 14:19:14,751 [pool-47-thread-1] INFO  server.RaftServerConfigKeys (ConfUtils.java:logGet(43)) - raft.server.log.segment.size.max = 1048576 (custom)
2019-11-08 14:19:14,751 [pool-37-thread-1] INFO  server.RaftServerConfigKeys (ConfUtils.java:logGet(43)) - raft.server.log.queue.element-limit = 1024 (custom)
2019-11-08 14:19:14,751 [pool-27-thread-1] INFO  server.RaftServerConfigKeys (ConfUtils.java:logGet(43)) - raft.server.log.segment.size.max = 1048576 (custom)
2019-11-08 14:19:14,751 [pool-37-thread-1] INFO  server.RaftServerConfigKeys (ConfUtils.java:logGet(43)) - raft.server.log.segment.size.max = 1048576 (custom)
2019-11-08 14:19:14,751 [pool-47-thread-1] INFO  server.RaftServerConfigKeys (ConfUtils.java:logGet(43)) - raft.server.log.segment.cache.num.max = 2 (custom)
2019-11-08 14:19:14,752 [pool-37-thread-1] INFO  server.RaftServerConfigKeys (ConfUtils.java:logGet(43)) - raft.server.log.preallocated.size = 16384 (custom)
2019-11-08 14:19:14,752 [pool-27-thread-1] INFO  server.RaftServerConfigKeys (ConfUtils.java:logGet(43)) - raft.server.log.segment.cache.num.max = 2 (custom)
2019-11-08 14:19:14,752 [pool-37-thread-1] INFO  server.RaftServerConfigKeys (ConfUtils.java:logGet(43)) - raft.server.log.write.buffer.size = 33554432 (custom)
2019-11-08 14:19:14,752 [pool-47-thread-1] INFO  segmented.SegmentedRaftLogWorker (SegmentedRaftLogWorker.java:<init>(173)) - new ae99e6be-c84a-4a9f-b357-947ef07c8d3a@group-F1069F9F4028-SegmentedRaftLogWorker for RaftStorage:Storage Directory /workdir/hadoop-ozone/tools/target/test-dir/MiniOzoneClusterImpl-629f59bc-3a02-4619-b8ec-4b1f5e0dfed1/datanode-2/data/ratis/d2a23c70-b386-44db-958c-f1069f9f4028
2019-11-08 14:19:14,752 [pool-37-thread-1] INFO  server.RaftServerConfigKeys (ConfUtils.java:logGet(43)) - raft.server.log.force.sync.num = 128 (default)
2019-11-08 14:19:14,752 [pool-27-thread-1] INFO  segmented.SegmentedRaftLogWorker (SegmentedRaftLogWorker.java:<init>(173)) - new 69b47348-0b11-4d95-99f3-8184b6987aae@group-F1069F9F4028-SegmentedRaftLogWorker for RaftStorage:Storage Directory /workdir/hadoop-ozone/tools/target/test-dir/MiniOzoneClusterImpl-629f59bc-3a02-4619-b8ec-4b1f5e0dfed1/datanode-0/data/ratis/d2a23c70-b386-44db-958c-f1069f9f4028
2019-11-08 14:19:14,752 [pool-37-thread-1] INFO  server.RaftServerConfigKeys (ConfUtils.java:logGet(43)) - raft.server.log.statemachine.data.sync = true (default)
2019-11-08 14:19:14,752 [pool-47-thread-1] INFO  server.RaftServerConfigKeys (ConfUtils.java:logGet(43)) - raft.server.log.queue.byte-limit = 2147483647 (custom)
2019-11-08 14:19:14,752 [pool-37-thread-1] INFO  server.RaftServerConfigKeys (ConfUtils.java:logGet(43)) - raft.server.log.statemachine.data.sync.timeout = 10s (default)
2019-11-08 14:19:14,752 [pool-27-thread-1] INFO  server.RaftServerConfigKeys (ConfUtils.java:logGet(43)) - raft.server.log.queue.byte-limit = 2147483647 (custom)
2019-11-08 14:19:14,753 [pool-37-thread-1] INFO  server.RaftServerConfigKeys (ConfUtils.java:logGet(43)) - raft.server.log.statemachine.data.sync.timeout.retry = -1 (default)
2019-11-08 14:19:14,752 [pool-47-thread-1] INFO  server.RaftServerConfigKeys (ConfUtils.java:logGet(43)) - raft.server.log.queue.element-limit = 1024 (custom)
2019-11-08 14:19:14,753 [pool-27-thread-1] INFO  server.RaftServerConfigKeys (ConfUtils.java:logGet(43)) - raft.server.log.queue.element-limit = 1024 (custom)
2019-11-08 14:19:14,753 [pool-37-thread-1] INFO  server.RaftServerConfigKeys (ConfUtils.java:logGet(43)) - raft.server.log.statemachine.data.caching.enabled = true (custom)
2019-11-08 14:19:14,753 [pool-47-thread-1] INFO  server.RaftServerConfigKeys (ConfUtils.java:logGet(43)) - raft.server.log.segment.size.max = 1048576 (custom)
2019-11-08 14:19:14,753 [pool-27-thread-1] INFO  server.RaftServerConfigKeys (ConfUtils.java:logGet(43)) - raft.server.log.segment.size.max = 1048576 (custom)
2019-11-08 14:19:14,753 [pool-47-thread-1] INFO  server.RaftServerConfigKeys (ConfUtils.java:logGet(43)) - raft.server.log.preallocated.size = 16384 (custom)
2019-11-08 14:19:14,753 [pool-27-thread-1] INFO  server.RaftServerConfigKeys (ConfUtils.java:logGet(43)) - raft.server.log.preallocated.size = 16384 (custom)
2019-11-08 14:19:14,753 [pool-37-thread-1] INFO  segmented.SegmentedRaftLogWorker (SegmentedRaftLogWorker.java:lambda$new$0(128)) - 0c78ec67-b04a-4fd2-a463-b437dfcbb376@group-F1069F9F4028-SegmentedRaftLogWorker: flushIndex: setUnconditionally 0 -> -1
2019-11-08 14:19:14,753 [pool-27-thread-1] INFO  server.RaftServerConfigKeys (ConfUtils.java:logGet(43)) - raft.server.log.write.buffer.size = 33554432 (custom)
2019-11-08 14:19:14,753 [pool-47-thread-1] INFO  server.RaftServerConfigKeys (ConfUtils.java:logGet(43)) - raft.server.log.write.buffer.size = 33554432 (custom)
2019-11-08 14:19:14,754 [pool-37-thread-1] INFO  server.RaftServerConfigKeys (ConfUtils.java:logGet(43)) - raft.server.snapshot.auto.trigger.enabled = true (custom)
2019-11-08 14:19:14,754 [pool-27-thread-1] INFO  server.RaftServerConfigKeys (ConfUtils.java:logGet(43)) - raft.server.log.force.sync.num = 128 (default)
2019-11-08 14:19:14,754 [pool-37-thread-1] INFO  server.RaftServerConfigKeys (ConfUtils.java:logGet(43)) - raft.server.snapshot.auto.trigger.threshold = 10000 (custom)
2019-11-08 14:19:14,754 [pool-47-thread-1] INFO  server.RaftServerConfigKeys (ConfUtils.java:logGet(43)) - raft.server.log.force.sync.num = 128 (default)
2019-11-08 14:19:14,754 [pool-37-thread-1] INFO  server.RaftServerConfigKeys (ConfUtils.java:logGet(43)) - raft.server.snapshot.retention.file.num = 5 (custom)
2019-11-08 14:19:14,754 [pool-27-thread-1] INFO  server.RaftServerConfigKeys (ConfUtils.java:logGet(43)) - raft.server.log.statemachine.data.sync = true (default)
2019-11-08 14:19:14,754 [pool-47-thread-1] INFO  server.RaftServerConfigKeys (ConfUtils.java:logGet(43)) - raft.server.log.statemachine.data.sync = true (default)
2019-11-08 14:19:14,754 [pool-27-thread-1] INFO  server.RaftServerConfigKeys (ConfUtils.java:logGet(43)) - raft.server.log.statemachine.data.sync.timeout = 10s (default)
2019-11-08 14:19:14,754 [pool-37-thread-1] INFO  server.RaftServerConfigKeys (ConfUtils.java:logGet(43)) - raft.server.retrycache.expirytime = 600000ms (custom)
2019-11-08 14:19:14,754 [pool-27-thread-1] INFO  server.RaftServerConfigKeys (ConfUtils.java:logGet(43)) - raft.server.log.statemachine.data.sync.timeout.retry = -1 (default)
2019-11-08 14:19:14,754 [pool-47-thread-1] INFO  server.RaftServerConfigKeys (ConfUtils.java:logGet(43)) - raft.server.log.statemachine.data.sync.timeout = 10s (default)
2019-11-08 14:19:14,755 [pool-37-thread-1] WARN  impl.MetricRegistriesImpl (MetricRegistriesImpl.java:lambda$create$1(61)) - First MetricRegistry has been created without registering reporters. You may need to call MetricRegistries.global().addReportRegistration(...) before.
2019-11-08 14:19:14,755 [pool-27-thread-1] INFO  server.RaftServerConfigKeys (ConfUtils.java:logGet(43)) - raft.server.log.statemachine.data.caching.enabled = true (custom)
2019-11-08 14:19:14,755 [pool-47-thread-1] INFO  server.RaftServerConfigKeys (ConfUtils.java:logGet(43)) - raft.server.log.statemachine.data.sync.timeout.retry = -1 (default)
2019-11-08 14:19:14,755 [pool-37-thread-1] WARN  impl.MetricRegistriesImpl (MetricRegistriesImpl.java:lambda$create$1(61)) - First MetricRegistry has been created without registering reporters. You may need to call MetricRegistries.global().addReportRegistration(...) before.
2019-11-08 14:19:14,755 [pool-27-thread-1] INFO  segmented.SegmentedRaftLogWorker (SegmentedRaftLogWorker.java:lambda$new$0(128)) - 69b47348-0b11-4d95-99f3-8184b6987aae@group-F1069F9F4028-SegmentedRaftLogWorker: flushIndex: setUnconditionally 0 -> -1
2019-11-08 14:19:14,755 [pool-37-thread-1] INFO  impl.RaftServerImpl (RaftServerImpl.java:start(184)) - 0c78ec67-b04a-4fd2-a463-b437dfcbb376@group-F1069F9F4028: start as a follower, conf=-1: [0c78ec67-b04a-4fd2-a463-b437dfcbb376:192.168.164.246:34008, ae99e6be-c84a-4a9f-b357-947ef07c8d3a:192.168.164.246:38773, 69b47348-0b11-4d95-99f3-8184b6987aae:192.168.164.246:45541], old=null
2019-11-08 14:19:14,755 [pool-47-thread-1] INFO  server.RaftServerConfigKeys (ConfUtils.java:logGet(43)) - raft.server.log.statemachine.data.caching.enabled = true (custom)
2019-11-08 14:19:14,755 [pool-27-thread-1] INFO  server.RaftServerConfigKeys (ConfUtils.java:logGet(43)) - raft.server.snapshot.auto.trigger.enabled = true (custom)
2019-11-08 14:19:14,755 [pool-37-thread-1] INFO  impl.RaftServerImpl (RaftServerImpl.java:setRole(173)) - 0c78ec67-b04a-4fd2-a463-b437dfcbb376@group-F1069F9F4028: changes role from      null to FOLLOWER at term 0 for startAsFollower
2019-11-08 14:19:14,756 [pool-27-thread-1] INFO  server.RaftServerConfigKeys (ConfUtils.java:logGet(43)) - raft.server.snapshot.auto.trigger.threshold = 10000 (custom)
2019-11-08 14:19:14,756 [pool-37-thread-1] INFO  impl.RoleInfo (RoleInfo.java:updateAndGet(143)) - 0c78ec67-b04a-4fd2-a463-b437dfcbb376: start FollowerState
2019-11-08 14:19:14,756 [pool-47-thread-1] INFO  segmented.SegmentedRaftLogWorker (SegmentedRaftLogWorker.java:lambda$new$0(128)) - ae99e6be-c84a-4a9f-b357-947ef07c8d3a@group-F1069F9F4028-SegmentedRaftLogWorker: flushIndex: setUnconditionally 0 -> -1
2019-11-08 14:19:14,756 [pool-27-thread-1] INFO  server.RaftServerConfigKeys (ConfUtils.java:logGet(43)) - raft.server.snapshot.retention.file.num = 5 (custom)
2019-11-08 14:19:14,756 [pool-37-thread-1] INFO  util.JmxRegister (JmxRegister.java:tryRegister(44)) - Successfully registered JMX Bean with object name Ratis:service=RaftServer,group=group-F1069F9F4028,id=0c78ec67-b04a-4fd2-a463-b437dfcbb376
2019-11-08 14:19:14,756 [pool-27-thread-1] INFO  server.RaftServerConfigKeys (ConfUtils.java:logGet(43)) - raft.server.retrycache.expirytime = 600000ms (custom)
2019-11-08 14:19:14,756 [pool-37-thread-1] WARN  impl.MetricRegistriesImpl (MetricRegistriesImpl.java:lambda$create$1(61)) - First MetricRegistry has been created without registering reporters. You may need to call MetricRegistries.global().addReportRegistration(...) before.
2019-11-08 14:19:14,756 [pool-47-thread-1] INFO  server.RaftServerConfigKeys (ConfUtils.java:logGet(43)) - raft.server.snapshot.auto.trigger.enabled = true (custom)
2019-11-08 14:19:14,756 [pool-27-thread-1] WARN  impl.MetricRegistriesImpl (MetricRegistriesImpl.java:lambda$create$1(61)) - First MetricRegistry has been created without registering reporters. You may need to call MetricRegistries.global().addReportRegistration(...) before.
2019-11-08 14:19:14,757 [pool-47-thread-1] INFO  server.RaftServerConfigKeys (ConfUtils.java:logGet(43)) - raft.server.snapshot.auto.trigger.threshold = 10000 (custom)
2019-11-08 14:19:14,757 [pool-27-thread-1] WARN  impl.MetricRegistriesImpl (MetricRegistriesImpl.java:lambda$create$1(61)) - First MetricRegistry has been created without registering reporters. You may need to call MetricRegistries.global().addReportRegistration(...) before.
2019-11-08 14:19:14,757 [pool-47-thread-1] INFO  server.RaftServerConfigKeys (ConfUtils.java:logGet(43)) - raft.server.snapshot.retention.file.num = 5 (custom)
2019-11-08 14:19:14,757 [pool-27-thread-1] INFO  impl.RaftServerImpl (RaftServerImpl.java:start(184)) - 69b47348-0b11-4d95-99f3-8184b6987aae@group-F1069F9F4028: start as a follower, conf=-1: [0c78ec67-b04a-4fd2-a463-b437dfcbb376:192.168.164.246:34008, ae99e6be-c84a-4a9f-b357-947ef07c8d3a:192.168.164.246:38773, 69b47348-0b11-4d95-99f3-8184b6987aae:192.168.164.246:45541], old=null
2019-11-08 14:19:14,757 [pool-47-thread-1] INFO  server.RaftServerConfigKeys (ConfUtils.java:logGet(43)) - raft.server.retrycache.expirytime = 600000ms (custom)
2019-11-08 14:19:14,757 [pool-27-thread-1] INFO  impl.RaftServerImpl (RaftServerImpl.java:setRole(173)) - 69b47348-0b11-4d95-99f3-8184b6987aae@group-F1069F9F4028: changes role from      null to FOLLOWER at term 0 for startAsFollower
2019-11-08 14:19:14,757 [pool-47-thread-1] WARN  impl.MetricRegistriesImpl (MetricRegistriesImpl.java:lambda$create$1(61)) - First MetricRegistry has been created without registering reporters. You may need to call MetricRegistries.global().addReportRegistration(...) before.
2019-11-08 14:19:14,758 [pool-27-thread-1] INFO  impl.RoleInfo (RoleInfo.java:updateAndGet(143)) - 69b47348-0b11-4d95-99f3-8184b6987aae: start FollowerState
2019-11-08 14:19:14,758 [pool-47-thread-1] WARN  impl.MetricRegistriesImpl (MetricRegistriesImpl.java:lambda$create$1(61)) - First MetricRegistry has been created without registering reporters. You may need to call MetricRegistries.global().addReportRegistration(...) before.
2019-11-08 14:19:14,759 [pool-47-thread-1] INFO  impl.RaftServerImpl (RaftServerImpl.java:start(184)) - ae99e6be-c84a-4a9f-b357-947ef07c8d3a@group-F1069F9F4028: start as a follower, conf=-1: [0c78ec67-b04a-4fd2-a463-b437dfcbb376:192.168.164.246:34008, ae99e6be-c84a-4a9f-b357-947ef07c8d3a:192.168.164.246:38773, 69b47348-0b11-4d95-99f3-8184b6987aae:192.168.164.246:45541], old=null
2019-11-08 14:19:14,759 [pool-27-thread-1] INFO  util.JmxRegister (JmxRegister.java:tryRegister(44)) - Successfully registered JMX Bean with object name Ratis:service=RaftServer,group=group-F1069F9F4028,id=69b47348-0b11-4d95-99f3-8184b6987aae
2019-11-08 14:19:14,760 [pool-47-thread-1] INFO  impl.RaftServerImpl (RaftServerImpl.java:setRole(173)) - ae99e6be-c84a-4a9f-b357-947ef07c8d3a@group-F1069F9F4028: changes role from      null to FOLLOWER at term 0 for startAsFollower
2019-11-08 14:19:14,760 [pool-27-thread-1] WARN  impl.MetricRegistriesImpl (MetricRegistriesImpl.java:lambda$create$1(61)) - First MetricRegistry has been created without registering reporters. You may need to call MetricRegistries.global().addReportRegistration(...) before.
2019-11-08 14:19:14,760 [pool-47-thread-1] INFO  impl.RoleInfo (RoleInfo.java:updateAndGet(143)) - ae99e6be-c84a-4a9f-b357-947ef07c8d3a: start FollowerState
2019-11-08 14:19:14,761 [pool-47-thread-1] INFO  util.JmxRegister (JmxRegister.java:tryRegister(44)) - Successfully registered JMX Bean with object name Ratis:service=RaftServer,group=group-F1069F9F4028,id=ae99e6be-c84a-4a9f-b357-947ef07c8d3a
2019-11-08 14:19:14,761 [pool-47-thread-1] WARN  impl.MetricRegistriesImpl (MetricRegistriesImpl.java:lambda$create$1(61)) - First MetricRegistry has been created without registering reporters. You may need to call MetricRegistries.global().addReportRegistration(...) before.
2019-11-08 14:19:14,775 [RatisPipelineUtilsThread] INFO  pipeline.PipelineStateManager (PipelineStateManager.java:addPipeline(56)) - Created pipeline Pipeline[ Id: d2a23c70-b386-44db-958c-f1069f9f4028, Nodes: 69b47348-0b11-4d95-99f3-8184b6987aae{ip: 192.168.164.246, host: pr-hdds-2400-q5jst-1761645290, networkLocation: /default-rack, certSerialId: null}ae99e6be-c84a-4a9f-b357-947ef07c8d3a{ip: 192.168.164.246, host: pr-hdds-2400-q5jst-1761645290, networkLocation: /default-rack, certSerialId: null}0c78ec67-b04a-4fd2-a463-b437dfcbb376{ip: 192.168.164.246, host: pr-hdds-2400-q5jst-1761645290, networkLocation: /default-rack, certSerialId: null}, Type:RATIS, Factor:THREE, State:OPEN]
2019-11-08 14:19:14,989 [main] INFO  ozone.MiniOzoneClusterImpl (MiniOzoneClusterImpl.java:lambda$waitForClusterToBeReady$0(147)) - Cluster is ready. Got 3 of 3 DN Heartbeats.
2019-11-08 14:19:15,482 [main] INFO  freon.RandomKeyGenerator (RandomKeyGenerator.java:call(283)) - Number of Threads: 10
2019-11-08 14:19:15,483 [main] INFO  freon.RandomKeyGenerator (RandomKeyGenerator.java:call(288)) - Number of Volumes: 1.
2019-11-08 14:19:15,483 [main] INFO  freon.RandomKeyGenerator (RandomKeyGenerator.java:call(289)) - Number of Buckets per Volume: 1.
2019-11-08 14:19:15,483 [main] INFO  freon.RandomKeyGenerator (RandomKeyGenerator.java:call(290)) - Number of Keys per Bucket: 1.
2019-11-08 14:19:15,483 [main] INFO  freon.RandomKeyGenerator (RandomKeyGenerator.java:call(291)) - Key size: 20971520 bytes
2019-11-08 14:19:15,483 [main] INFO  freon.RandomKeyGenerator (RandomKeyGenerator.java:call(292)) - Buffer size: 4096 bytes
2019-11-08 14:19:15,484 [main] INFO  freon.RandomKeyGenerator (RandomKeyGenerator.java:call(293)) - validateWrites : true
2019-11-08 14:19:15,487 [main] INFO  freon.RandomKeyGenerator (RandomKeyGenerator.java:call(307)) - Data validation is enabled.
2019-11-08 14:19:15,488 [main] INFO  freon.RandomKeyGenerator (RandomKeyGenerator.java:call(313)) - Starting progress bar Thread.

 0.00% |?                                                                                                    |  0/1 Time: 0:00:002019-11-08 14:19:15,514 [pool-53-thread-1] INFO  rpc.RpcClient (RpcClient.java:createVolume(291)) - Creating Volume: vol-0-50754, with jenkins1000 as owner.
2019-11-08 14:19:15,604 [IPC Server handler 1 on 32944] INFO  volume.OMVolumeCreateRequest (OMVolumeCreateRequest.java:validateAndUpdateCache(193)) - created volume:vol-0-50754 for user:jenkins1000
2019-11-08 14:19:15,642 [pool-53-thread-2] INFO  rpc.RpcClient (RpcClient.java:createBucket(430)) - Creating Bucket: vol-0-50754/bucket-0-17510, with Versioning false and Storage Type set to DISK and Encryption set to false 
2019-11-08 14:19:16,029 [pool-53-thread-3] INFO  impl.MetricsSystemImpl (MetricsSystemImpl.java:init(158)) - XceiverClientMetrics metrics system started (again)
 0.00% |?                                                                                                    |  0/1 Time: 0:00:012019-11-08 14:19:16,877 [Thread-178] INFO  container.ReplicationManager (ReplicationManager.java:start(162)) - Starting Replication Monitor Thread.
2019-11-08 14:19:16,880 [ReplicationMonitor] INFO  container.ReplicationManager (ReplicationManager.java:run(225)) - Replication Monitor Thread took 1 milliseconds for processing 3 containers.
 0.00% |?                                                                                                    |  0/1 Time: 0:00:02 0.00% |?                                                                                                    |  0/1 Time: 0:00:03 0.00% |?                                                                                                    |  0/1 Time: 0:00:042019-11-08 14:19:19,588 [Thread-180] INFO  impl.FollowerState (FollowerState.java:run(111)) - 69b47348-0b11-4d95-99f3-8184b6987aae@group-AFF49642A34F-FollowerState: change to CANDIDATE, lastRpcTime:5094ms, electionTimeout:5094ms
2019-11-08 14:19:19,590 [Thread-180] INFO  impl.RoleInfo (RoleInfo.java:shutdownFollowerState(121)) - 69b47348-0b11-4d95-99f3-8184b6987aae: shutdown FollowerState
2019-11-08 14:19:19,590 [Thread-180] INFO  impl.RaftServerImpl (RaftServerImpl.java:setRole(173)) - 69b47348-0b11-4d95-99f3-8184b6987aae@group-AFF49642A34F: changes role from  FOLLOWER to CANDIDATE at term 0 for changeToCandidate
2019-11-08 14:19:19,596 [Thread-180] INFO  impl.RoleInfo (RoleInfo.java:updateAndGet(143)) - 69b47348-0b11-4d95-99f3-8184b6987aae: start LeaderElection
2019-11-08 14:19:19,625 [69b47348-0b11-4d95-99f3-8184b6987aae@group-AFF49642A34F-LeaderElection1] INFO  impl.LeaderElection (LeaderElection.java:askForVotes(178)) - 69b47348-0b11-4d95-99f3-8184b6987aae@group-AFF49642A34F-LeaderElection1: begin an election at term 1 for -1: [69b47348-0b11-4d95-99f3-8184b6987aae:192.168.164.246:45541], old=null
2019-11-08 14:19:19,626 [69b47348-0b11-4d95-99f3-8184b6987aae@group-AFF49642A34F-LeaderElection1] INFO  impl.RoleInfo (RoleInfo.java:shutdownLeaderElection(134)) - 69b47348-0b11-4d95-99f3-8184b6987aae: shutdown LeaderElection
2019-11-08 14:19:19,627 [69b47348-0b11-4d95-99f3-8184b6987aae@group-AFF49642A34F-LeaderElection1] INFO  impl.RaftServerImpl (RaftServerImpl.java:setRole(173)) - 69b47348-0b11-4d95-99f3-8184b6987aae@group-AFF49642A34F: changes role from CANDIDATE to LEADER at term 1 for changeToLeader
2019-11-08 14:19:19,627 [69b47348-0b11-4d95-99f3-8184b6987aae@group-AFF49642A34F-LeaderElection1] INFO  impl.RaftServerImpl (ServerState.java:setLeader(255)) - 69b47348-0b11-4d95-99f3-8184b6987aae@group-AFF49642A34F: change Leader from null to 69b47348-0b11-4d95-99f3-8184b6987aae at term 1 for becomeLeader, leader elected after 5205ms
2019-11-08 14:19:19,632 [69b47348-0b11-4d95-99f3-8184b6987aae@group-AFF49642A34F-LeaderElection1] INFO  server.RaftServerConfigKeys (ConfUtils.java:logGet(43)) - raft.server.staging.catchup.gap = 1000 (default)
2019-11-08 14:19:19,632 [69b47348-0b11-4d95-99f3-8184b6987aae@group-AFF49642A34F-LeaderElection1] INFO  server.RaftServerConfigKeys (ConfUtils.java:logGet(43)) - raft.server.rpc.sleep.time = 25ms (default)
2019-11-08 14:19:19,636 [69b47348-0b11-4d95-99f3-8184b6987aae@group-AFF49642A34F-LeaderElection1] INFO  server.RaftServerConfigKeys (ConfUtils.java:logGet(43)) - raft.server.write.element-limit = 4096 (default)
2019-11-08 14:19:19,641 [69b47348-0b11-4d95-99f3-8184b6987aae@group-AFF49642A34F-LeaderElection1] INFO  server.RaftServerConfigKeys (ConfUtils.java:logGet(43)) - raft.server.watch.timeout = 10s (default)
2019-11-08 14:19:19,642 [69b47348-0b11-4d95-99f3-8184b6987aae@group-AFF49642A34F-LeaderElection1] INFO  server.RaftServerConfigKeys (ConfUtils.java:logGet(43)) - raft.server.watch.timeout.denomination = 1s (default)
2019-11-08 14:19:19,643 [69b47348-0b11-4d95-99f3-8184b6987aae@group-AFF49642A34F-LeaderElection1] INFO  server.RaftServerConfigKeys (ConfUtils.java:logGet(43)) - raft.server.watch.element-limit = 65536 (default)
2019-11-08 14:19:19,650 [69b47348-0b11-4d95-99f3-8184b6987aae@group-AFF49642A34F-LeaderElection1] INFO  impl.RoleInfo (RoleInfo.java:updateAndGet(143)) - 69b47348-0b11-4d95-99f3-8184b6987aae: start LeaderState
2019-11-08 14:19:19,669 [69b47348-0b11-4d95-99f3-8184b6987aae@group-AFF49642A34F-LeaderElection1] INFO  segmented.SegmentedRaftLogWorker (SegmentedRaftLogWorker.java:startLogSegment(385)) - 69b47348-0b11-4d95-99f3-8184b6987aae@group-AFF49642A34F-SegmentedRaftLogWorker: Starting segment from index:0
2019-11-08 14:19:19,678 [69b47348-0b11-4d95-99f3-8184b6987aae@group-AFF49642A34F-LeaderElection1] INFO  impl.RaftServerImpl (ServerState.java:setRaftConf(356)) - 69b47348-0b11-4d95-99f3-8184b6987aae@group-AFF49642A34F: set configuration 0: [69b47348-0b11-4d95-99f3-8184b6987aae:192.168.164.246:45541], old=null at 0
2019-11-08 14:19:19,727 [Thread-183] INFO  impl.FollowerState (FollowerState.java:run(111)) - ae99e6be-c84a-4a9f-b357-947ef07c8d3a@group-BAAAF2495623-FollowerState: change to CANDIDATE, lastRpcTime:5117ms, electionTimeout:5117ms
2019-11-08 14:19:19,731 [Thread-183] INFO  impl.RoleInfo (RoleInfo.java:shutdownFollowerState(121)) - ae99e6be-c84a-4a9f-b357-947ef07c8d3a: shutdown FollowerState
2019-11-08 14:19:19,731 [Thread-183] INFO  impl.RaftServerImpl (RaftServerImpl.java:setRole(173)) - ae99e6be-c84a-4a9f-b357-947ef07c8d3a@group-BAAAF2495623: changes role from  FOLLOWER to CANDIDATE at term 0 for changeToCandidate
2019-11-08 14:19:19,731 [Thread-183] INFO  impl.RoleInfo (RoleInfo.java:updateAndGet(143)) - ae99e6be-c84a-4a9f-b357-947ef07c8d3a: start LeaderElection
2019-11-08 14:19:19,762 [Thread-194] INFO  impl.FollowerState (FollowerState.java:run(111)) - ae99e6be-c84a-4a9f-b357-947ef07c8d3a@group-F1069F9F4028-FollowerState: change to CANDIDATE, lastRpcTime:5001ms, electionTimeout:5001ms
2019-11-08 14:19:19,763 [Thread-194] INFO  impl.RoleInfo (RoleInfo.java:shutdownFollowerState(121)) - ae99e6be-c84a-4a9f-b357-947ef07c8d3a: shutdown FollowerState
2019-11-08 14:19:19,763 [Thread-194] INFO  impl.RaftServerImpl (RaftServerImpl.java:setRole(173)) - ae99e6be-c84a-4a9f-b357-947ef07c8d3a@group-F1069F9F4028: changes role from  FOLLOWER to CANDIDATE at term 0 for changeToCandidate
2019-11-08 14:19:19,763 [Thread-194] INFO  impl.RoleInfo (RoleInfo.java:updateAndGet(143)) - ae99e6be-c84a-4a9f-b357-947ef07c8d3a: start LeaderElection
2019-11-08 14:19:19,797 [ae99e6be-c84a-4a9f-b357-947ef07c8d3a@group-BAAAF2495623-LeaderElection2] INFO  impl.LeaderElection (LeaderElection.java:askForVotes(178)) - ae99e6be-c84a-4a9f-b357-947ef07c8d3a@group-BAAAF2495623-LeaderElection2: begin an election at term 1 for -1: [ae99e6be-c84a-4a9f-b357-947ef07c8d3a:192.168.164.246:38773], old=null
2019-11-08 14:19:19,797 [ae99e6be-c84a-4a9f-b357-947ef07c8d3a@group-F1069F9F4028-LeaderElection3] INFO  impl.LeaderElection (LeaderElection.java:askForVotes(178)) - ae99e6be-c84a-4a9f-b357-947ef07c8d3a@group-F1069F9F4028-LeaderElection3: begin an election at term 1 for -1: [0c78ec67-b04a-4fd2-a463-b437dfcbb376:192.168.164.246:34008, ae99e6be-c84a-4a9f-b357-947ef07c8d3a:192.168.164.246:38773, 69b47348-0b11-4d95-99f3-8184b6987aae:192.168.164.246:45541], old=null
2019-11-08 14:19:19,798 [ae99e6be-c84a-4a9f-b357-947ef07c8d3a@group-BAAAF2495623-LeaderElection2] INFO  impl.RoleInfo (RoleInfo.java:shutdownLeaderElection(134)) - ae99e6be-c84a-4a9f-b357-947ef07c8d3a: shutdown LeaderElection
2019-11-08 14:19:19,798 [ae99e6be-c84a-4a9f-b357-947ef07c8d3a@group-BAAAF2495623-LeaderElection2] INFO  impl.RaftServerImpl (RaftServerImpl.java:setRole(173)) - ae99e6be-c84a-4a9f-b357-947ef07c8d3a@group-BAAAF2495623: changes role from CANDIDATE to LEADER at term 1 for changeToLeader
2019-11-08 14:19:19,798 [ae99e6be-c84a-4a9f-b357-947ef07c8d3a@group-BAAAF2495623-LeaderElection2] INFO  impl.RaftServerImpl (ServerState.java:setLeader(255)) - ae99e6be-c84a-4a9f-b357-947ef07c8d3a@group-BAAAF2495623: change Leader from null to ae99e6be-c84a-4a9f-b357-947ef07c8d3a at term 1 for becomeLeader, leader elected after 5194ms
2019-11-08 14:19:19,798 [ae99e6be-c84a-4a9f-b357-947ef07c8d3a@group-BAAAF2495623-LeaderElection2] INFO  server.RaftServerConfigKeys (ConfUtils.java:logGet(43)) - raft.server.staging.catchup.gap = 1000 (default)
2019-11-08 14:19:19,799 [ae99e6be-c84a-4a9f-b357-947ef07c8d3a@group-BAAAF2495623-LeaderElection2] INFO  server.RaftServerConfigKeys (ConfUtils.java:logGet(43)) - raft.server.rpc.sleep.time = 25ms (default)
2019-11-08 14:19:19,799 [ae99e6be-c84a-4a9f-b357-947ef07c8d3a@group-BAAAF2495623-LeaderElection2] INFO  server.RaftServerConfigKeys (ConfUtils.java:logGet(43)) - raft.server.write.element-limit = 4096 (default)
2019-11-08 14:19:19,799 [ae99e6be-c84a-4a9f-b357-947ef07c8d3a@group-BAAAF2495623-LeaderElection2] INFO  server.RaftServerConfigKeys (ConfUtils.java:logGet(43)) - raft.server.watch.timeout = 10s (default)
2019-11-08 14:19:19,799 [ae99e6be-c84a-4a9f-b357-947ef07c8d3a@group-BAAAF2495623-LeaderElection2] INFO  server.RaftServerConfigKeys (ConfUtils.java:logGet(43)) - raft.server.watch.timeout.denomination = 1s (default)
2019-11-08 14:19:19,799 [ae99e6be-c84a-4a9f-b357-947ef07c8d3a@group-BAAAF2495623-LeaderElection2] INFO  server.RaftServerConfigKeys (ConfUtils.java:logGet(43)) - raft.server.watch.element-limit = 65536 (default)
2019-11-08 14:19:19,799 [ae99e6be-c84a-4a9f-b357-947ef07c8d3a@group-BAAAF2495623-LeaderElection2] INFO  impl.RoleInfo (RoleInfo.java:updateAndGet(143)) - ae99e6be-c84a-4a9f-b357-947ef07c8d3a: start LeaderState
2019-11-08 14:19:19,800 [ae99e6be-c84a-4a9f-b357-947ef07c8d3a@group-BAAAF2495623-LeaderElection2] INFO  segmented.SegmentedRaftLogWorker (SegmentedRaftLogWorker.java:startLogSegment(385)) - ae99e6be-c84a-4a9f-b357-947ef07c8d3a@group-BAAAF2495623-SegmentedRaftLogWorker: Starting segment from index:0
2019-11-08 14:19:19,800 [ae99e6be-c84a-4a9f-b357-947ef07c8d3a@group-BAAAF2495623-LeaderElection2] INFO  impl.RaftServerImpl (ServerState.java:setRaftConf(356)) - ae99e6be-c84a-4a9f-b357-947ef07c8d3a@group-BAAAF2495623: set configuration 0: [ae99e6be-c84a-4a9f-b357-947ef07c8d3a:192.168.164.246:38773], old=null at 0
2019-11-08 14:19:19,853 [grpc-default-executor-1] INFO  impl.RaftServerImpl (RaftServerImpl.java:setRole(173)) - 0c78ec67-b04a-4fd2-a463-b437dfcbb376@group-F1069F9F4028: changes role from  FOLLOWER to FOLLOWER at term 1 for recognizeCandidate:ae99e6be-c84a-4a9f-b357-947ef07c8d3a
2019-11-08 14:19:19,853 [grpc-default-executor-2] INFO  impl.RaftServerImpl (RaftServerImpl.java:setRole(173)) - 69b47348-0b11-4d95-99f3-8184b6987aae@group-F1069F9F4028: changes role from  FOLLOWER to FOLLOWER at term 1 for recognizeCandidate:ae99e6be-c84a-4a9f-b357-947ef07c8d3a
2019-11-08 14:19:19,853 [grpc-default-executor-1] INFO  impl.RoleInfo (RoleInfo.java:shutdownFollowerState(121)) - 0c78ec67-b04a-4fd2-a463-b437dfcbb376: shutdown FollowerState
2019-11-08 14:19:19,853 [grpc-default-executor-2] INFO  impl.RoleInfo (RoleInfo.java:shutdownFollowerState(121)) - 69b47348-0b11-4d95-99f3-8184b6987aae: shutdown FollowerState
2019-11-08 14:19:19,853 [Thread-189] INFO  impl.FollowerState (FollowerState.java:run(120)) - 0c78ec67-b04a-4fd2-a463-b437dfcbb376@group-F1069F9F4028-FollowerState was interrupted: java.lang.InterruptedException: sleep interrupted
2019-11-08 14:19:19,853 [Thread-193] INFO  impl.FollowerState (FollowerState.java:run(120)) - 69b47348-0b11-4d95-99f3-8184b6987aae@group-F1069F9F4028-FollowerState was interrupted: java.lang.InterruptedException: sleep interrupted
2019-11-08 14:19:19,853 [grpc-default-executor-1] INFO  impl.RoleInfo (RoleInfo.java:updateAndGet(143)) - 0c78ec67-b04a-4fd2-a463-b437dfcbb376: start FollowerState
2019-11-08 14:19:19,855 [ae99e6be-c84a-4a9f-b357-947ef07c8d3a@group-BAAAF2495623-SegmentedRaftLogWorker] INFO  segmented.SegmentedRaftLogWorker (SegmentedRaftLogWorker.java:execute(576)) - ae99e6be-c84a-4a9f-b357-947ef07c8d3a@group-BAAAF2495623-SegmentedRaftLogWorker: created new log segment /workdir/hadoop-ozone/tools/target/test-dir/MiniOzoneClusterImpl-629f59bc-3a02-4619-b8ec-4b1f5e0dfed1/datanode-2/data/ratis/2082965d-bcc4-4326-b596-baaaf2495623/current/log_inprogress_0
2019-11-08 14:19:19,855 [69b47348-0b11-4d95-99f3-8184b6987aae@group-AFF49642A34F-SegmentedRaftLogWorker] INFO  segmented.SegmentedRaftLogWorker (SegmentedRaftLogWorker.java:execute(576)) - 69b47348-0b11-4d95-99f3-8184b6987aae@group-AFF49642A34F-SegmentedRaftLogWorker: created new log segment /workdir/hadoop-ozone/tools/target/test-dir/MiniOzoneClusterImpl-629f59bc-3a02-4619-b8ec-4b1f5e0dfed1/datanode-0/data/ratis/d9ad6ec6-f1d9-4bb7-af6b-aff49642a34f/current/log_inprogress_0
2019-11-08 14:19:19,853 [grpc-default-executor-2] INFO  impl.RoleInfo (RoleInfo.java:updateAndGet(143)) - 69b47348-0b11-4d95-99f3-8184b6987aae: start FollowerState
2019-11-08 14:19:19,863 [Thread-186] INFO  impl.FollowerState (FollowerState.java:run(111)) - 0c78ec67-b04a-4fd2-a463-b437dfcbb376@group-5F7367E4D43C-FollowerState: change to CANDIDATE, lastRpcTime:5181ms, electionTimeout:5181ms
2019-11-08 14:19:19,863 [Thread-186] INFO  impl.RoleInfo (RoleInfo.java:shutdownFollowerState(121)) - 0c78ec67-b04a-4fd2-a463-b437dfcbb376: shutdown FollowerState
2019-11-08 14:19:19,863 [Thread-186] INFO  impl.RaftServerImpl (RaftServerImpl.java:setRole(173)) - 0c78ec67-b04a-4fd2-a463-b437dfcbb376@group-5F7367E4D43C: changes role from  FOLLOWER to CANDIDATE at term 0 for changeToCandidate
2019-11-08 14:19:19,863 [Thread-186] INFO  impl.RoleInfo (RoleInfo.java:updateAndGet(143)) - 0c78ec67-b04a-4fd2-a463-b437dfcbb376: start LeaderElection
2019-11-08 14:19:19,883 [ae99e6be-c84a-4a9f-b357-947ef07c8d3a@group-F1069F9F4028-LeaderElection3] INFO  impl.LeaderElection (LeaderElection.java:logAndReturn(56)) - ae99e6be-c84a-4a9f-b357-947ef07c8d3a@group-F1069F9F4028-LeaderElection3: Election PASSED; received 1 response(s) [ae99e6be-c84a-4a9f-b357-947ef07c8d3a<-0c78ec67-b04a-4fd2-a463-b437dfcbb376#0:OK-t1] and 0 exception(s); ae99e6be-c84a-4a9f-b357-947ef07c8d3a@group-F1069F9F4028:t1, leader=null, voted=ae99e6be-c84a-4a9f-b357-947ef07c8d3a, raftlog=ae99e6be-c84a-4a9f-b357-947ef07c8d3a@group-F1069F9F4028-SegmentedRaftLog:OPENED:c-1,f-1,i0, conf=-1: [0c78ec67-b04a-4fd2-a463-b437dfcbb376:192.168.164.246:34008, ae99e6be-c84a-4a9f-b357-947ef07c8d3a:192.168.164.246:38773, 69b47348-0b11-4d95-99f3-8184b6987aae:192.168.164.246:45541], old=null
2019-11-08 14:19:19,884 [ae99e6be-c84a-4a9f-b357-947ef07c8d3a@group-F1069F9F4028-LeaderElection3] INFO  impl.RoleInfo (RoleInfo.java:shutdownLeaderElection(134)) - ae99e6be-c84a-4a9f-b357-947ef07c8d3a: shutdown LeaderElection
2019-11-08 14:19:19,885 [ae99e6be-c84a-4a9f-b357-947ef07c8d3a@group-F1069F9F4028-LeaderElection3] INFO  impl.RaftServerImpl (RaftServerImpl.java:setRole(173)) - ae99e6be-c84a-4a9f-b357-947ef07c8d3a@group-F1069F9F4028: changes role from CANDIDATE to LEADER at term 1 for changeToLeader
2019-11-08 14:19:19,885 [ae99e6be-c84a-4a9f-b357-947ef07c8d3a@group-F1069F9F4028-LeaderElection3] INFO  impl.RaftServerImpl (ServerState.java:setLeader(255)) - ae99e6be-c84a-4a9f-b357-947ef07c8d3a@group-F1069F9F4028: change Leader from null to ae99e6be-c84a-4a9f-b357-947ef07c8d3a at term 1 for becomeLeader, leader elected after 5135ms
2019-11-08 14:19:19,885 [ae99e6be-c84a-4a9f-b357-947ef07c8d3a@group-F1069F9F4028-LeaderElection3] INFO  server.RaftServerConfigKeys (ConfUtils.java:logGet(43)) - raft.server.staging.catchup.gap = 1000 (default)
2019-11-08 14:19:19,885 [ae99e6be-c84a-4a9f-b357-947ef07c8d3a@group-F1069F9F4028-LeaderElection3] INFO  server.RaftServerConfigKeys (ConfUtils.java:logGet(43)) - raft.server.rpc.sleep.time = 25ms (default)
2019-11-08 14:19:19,885 [ae99e6be-c84a-4a9f-b357-947ef07c8d3a@group-F1069F9F4028-LeaderElection3] INFO  server.RaftServerConfigKeys (ConfUtils.java:logGet(43)) - raft.server.write.element-limit = 4096 (default)
2019-11-08 14:19:19,885 [ae99e6be-c84a-4a9f-b357-947ef07c8d3a@group-F1069F9F4028-LeaderElection3] INFO  server.RaftServerConfigKeys (ConfUtils.java:logGet(43)) - raft.server.watch.timeout = 10s (default)
2019-11-08 14:19:19,886 [ae99e6be-c84a-4a9f-b357-947ef07c8d3a@group-F1069F9F4028-LeaderElection3] INFO  server.RaftServerConfigKeys (ConfUtils.java:logGet(43)) - raft.server.watch.timeout.denomination = 1s (default)
2019-11-08 14:19:19,886 [ae99e6be-c84a-4a9f-b357-947ef07c8d3a@group-F1069F9F4028-LeaderElection3] INFO  server.RaftServerConfigKeys (ConfUtils.java:logGet(43)) - raft.server.watch.element-limit = 65536 (default)
2019-11-08 14:19:19,888 [ae99e6be-c84a-4a9f-b357-947ef07c8d3a@group-F1069F9F4028-LeaderElection3] INFO  server.RaftServerConfigKeys (ConfUtils.java:logGet(43)) - raft.server.log.appender.snapshot.chunk.size.max = 16MB (=16777216) (default)
2019-11-08 14:19:19,888 [ae99e6be-c84a-4a9f-b357-947ef07c8d3a@group-F1069F9F4028-LeaderElection3] INFO  server.RaftServerConfigKeys (ConfUtils.java:logGet(43)) - raft.server.log.appender.buffer.byte-limit = 33554432 (custom)
2019-11-08 14:19:19,889 [ae99e6be-c84a-4a9f-b357-947ef07c8d3a@group-F1069F9F4028-LeaderElection3] INFO  server.RaftServerConfigKeys (ConfUtils.java:logGet(43)) - raft.server.log.appender.buffer.element-limit = 1 (custom)
2019-11-08 14:19:19,890 [0c78ec67-b04a-4fd2-a463-b437dfcbb376@group-5F7367E4D43C-LeaderElection4] INFO  impl.LeaderElection (LeaderElection.java:askForVotes(178)) - 0c78ec67-b04a-4fd2-a463-b437dfcbb376@group-5F7367E4D43C-LeaderElection4: begin an election at term 1 for -1: [0c78ec67-b04a-4fd2-a463-b437dfcbb376:192.168.164.246:34008], old=null
2019-11-08 14:19:19,890 [0c78ec67-b04a-4fd2-a463-b437dfcbb376@group-5F7367E4D43C-LeaderElection4] INFO  impl.RoleInfo (RoleInfo.java:shutdownLeaderElection(134)) - 0c78ec67-b04a-4fd2-a463-b437dfcbb376: shutdown LeaderElection
2019-11-08 14:19:19,890 [0c78ec67-b04a-4fd2-a463-b437dfcbb376@group-5F7367E4D43C-LeaderElection4] INFO  impl.RaftServerImpl (RaftServerImpl.java:setRole(173)) - 0c78ec67-b04a-4fd2-a463-b437dfcbb376@group-5F7367E4D43C: changes role from CANDIDATE to LEADER at term 1 for changeToLeader
2019-11-08 14:19:19,890 [0c78ec67-b04a-4fd2-a463-b437dfcbb376@group-5F7367E4D43C-LeaderElection4] INFO  impl.RaftServerImpl (ServerState.java:setLeader(255)) - 0c78ec67-b04a-4fd2-a463-b437dfcbb376@group-5F7367E4D43C: change Leader from null to 0c78ec67-b04a-4fd2-a463-b437dfcbb376 at term 1 for becomeLeader, leader elected after 5213ms
2019-11-08 14:19:19,891 [0c78ec67-b04a-4fd2-a463-b437dfcbb376@group-5F7367E4D43C-LeaderElection4] INFO  server.RaftServerConfigKeys (ConfUtils.java:logGet(43)) - raft.server.staging.catchup.gap = 1000 (default)
2019-11-08 14:19:19,891 [0c78ec67-b04a-4fd2-a463-b437dfcbb376@group-5F7367E4D43C-LeaderElection4] INFO  server.RaftServerConfigKeys (ConfUtils.java:logGet(43)) - raft.server.rpc.sleep.time = 25ms (default)
2019-11-08 14:19:19,891 [0c78ec67-b04a-4fd2-a463-b437dfcbb376@group-5F7367E4D43C-LeaderElection4] INFO  server.RaftServerConfigKeys (ConfUtils.java:logGet(43)) - raft.server.write.element-limit = 4096 (default)
2019-11-08 14:19:19,891 [0c78ec67-b04a-4fd2-a463-b437dfcbb376@group-5F7367E4D43C-LeaderElection4] INFO  server.RaftServerConfigKeys (ConfUtils.java:logGet(43)) - raft.server.watch.timeout = 10s (default)
2019-11-08 14:19:19,891 [0c78ec67-b04a-4fd2-a463-b437dfcbb376@group-5F7367E4D43C-LeaderElection4] INFO  server.RaftServerConfigKeys (ConfUtils.java:logGet(43)) - raft.server.watch.timeout.denomination = 1s (default)
2019-11-08 14:19:19,891 [0c78ec67-b04a-4fd2-a463-b437dfcbb376@group-5F7367E4D43C-LeaderElection4] INFO  server.RaftServerConfigKeys (ConfUtils.java:logGet(43)) - raft.server.watch.element-limit = 65536 (default)
2019-11-08 14:19:19,891 [0c78ec67-b04a-4fd2-a463-b437dfcbb376@group-5F7367E4D43C-LeaderElection4] INFO  impl.RoleInfo (RoleInfo.java:updateAndGet(143)) - 0c78ec67-b04a-4fd2-a463-b437dfcbb376: start LeaderState
2019-11-08 14:19:19,892 [0c78ec67-b04a-4fd2-a463-b437dfcbb376@group-5F7367E4D43C-LeaderElection4] INFO  segmented.SegmentedRaftLogWorker (SegmentedRaftLogWorker.java:startLogSegment(385)) - 0c78ec67-b04a-4fd2-a463-b437dfcbb376@group-5F7367E4D43C-SegmentedRaftLogWorker: Starting segment from index:0
2019-11-08 14:19:19,892 [0c78ec67-b04a-4fd2-a463-b437dfcbb376@group-5F7367E4D43C-LeaderElection4] INFO  impl.RaftServerImpl (ServerState.java:setRaftConf(356)) - 0c78ec67-b04a-4fd2-a463-b437dfcbb376@group-5F7367E4D43C: set configuration 0: [0c78ec67-b04a-4fd2-a463-b437dfcbb376:192.168.164.246:34008], old=null at 0
2019-11-08 14:19:19,892 [ae99e6be-c84a-4a9f-b357-947ef07c8d3a@group-F1069F9F4028-LeaderElection3] INFO  grpc.GrpcConfigKeys$Server (ConfUtils.java:logGet(43)) - raft.grpc.server.leader.outstanding.appends.max = 128 (default)
2019-11-08 14:19:19,892 [ae99e6be-c84a-4a9f-b357-947ef07c8d3a@group-F1069F9F4028-LeaderElection3] INFO  server.RaftServerConfigKeys (ConfUtils.java:logGet(43)) - raft.server.rpc.request.timeout = 3000ms (default)
2019-11-08 14:19:19,892 [ae99e6be-c84a-4a9f-b357-947ef07c8d3a@group-F1069F9F4028-LeaderElection3] INFO  server.RaftServerConfigKeys (ConfUtils.java:logGet(43)) - raft.server.log.appender.install.snapshot.enabled = false (custom)
2019-11-08 14:19:19,893 [ae99e6be-c84a-4a9f-b357-947ef07c8d3a@group-F1069F9F4028-LeaderElection3] WARN  impl.MetricRegistriesImpl (MetricRegistriesImpl.java:lambda$create$1(61)) - First MetricRegistry has been created without registering reporters. You may need to call MetricRegistries.global().addReportRegistration(...) before.
2019-11-08 14:19:19,894 [ae99e6be-c84a-4a9f-b357-947ef07c8d3a@group-F1069F9F4028-LeaderElection3] INFO  server.RaftServerConfigKeys (ConfUtils.java:logGet(43)) - raft.server.log.appender.snapshot.chunk.size.max = 16MB (=16777216) (default)
2019-11-08 14:19:19,916 [ae99e6be-c84a-4a9f-b357-947ef07c8d3a@group-F1069F9F4028-LeaderElection3] INFO  server.RaftServerConfigKeys (ConfUtils.java:logGet(43)) - raft.server.log.appender.buffer.byte-limit = 33554432 (custom)
2019-11-08 14:19:19,916 [ae99e6be-c84a-4a9f-b357-947ef07c8d3a@group-F1069F9F4028-LeaderElection3] INFO  server.RaftServerConfigKeys (ConfUtils.java:logGet(43)) - raft.server.log.appender.buffer.element-limit = 1 (custom)
2019-11-08 14:19:19,917 [ae99e6be-c84a-4a9f-b357-947ef07c8d3a@group-F1069F9F4028-LeaderElection3] INFO  grpc.GrpcConfigKeys$Server (ConfUtils.java:logGet(43)) - raft.grpc.server.leader.outstanding.appends.max = 128 (default)
2019-11-08 14:19:19,917 [ae99e6be-c84a-4a9f-b357-947ef07c8d3a@group-F1069F9F4028-LeaderElection3] INFO  server.RaftServerConfigKeys (ConfUtils.java:logGet(43)) - raft.server.rpc.request.timeout = 3000ms (default)
2019-11-08 14:19:19,917 [ae99e6be-c84a-4a9f-b357-947ef07c8d3a@group-F1069F9F4028-LeaderElection3] INFO  server.RaftServerConfigKeys (ConfUtils.java:logGet(43)) - raft.server.log.appender.install.snapshot.enabled = false (custom)
2019-11-08 14:19:19,919 [ae99e6be-c84a-4a9f-b357-947ef07c8d3a@group-F1069F9F4028-LeaderElection3] INFO  impl.RoleInfo (RoleInfo.java:updateAndGet(143)) - ae99e6be-c84a-4a9f-b357-947ef07c8d3a: start LeaderState
2019-11-08 14:19:19,919 [ae99e6be-c84a-4a9f-b357-947ef07c8d3a@group-F1069F9F4028-LeaderElection3] INFO  segmented.SegmentedRaftLogWorker (SegmentedRaftLogWorker.java:startLogSegment(385)) - ae99e6be-c84a-4a9f-b357-947ef07c8d3a@group-F1069F9F4028-SegmentedRaftLogWorker: Starting segment from index:0
2019-11-08 14:19:19,920 [0c78ec67-b04a-4fd2-a463-b437dfcbb376@group-5F7367E4D43C-SegmentedRaftLogWorker] INFO  segmented.SegmentedRaftLogWorker (SegmentedRaftLogWorker.java:execute(576)) - 0c78ec67-b04a-4fd2-a463-b437dfcbb376@group-5F7367E4D43C-SegmentedRaftLogWorker: created new log segment /workdir/hadoop-ozone/tools/target/test-dir/MiniOzoneClusterImpl-629f59bc-3a02-4619-b8ec-4b1f5e0dfed1/datanode-1/data/ratis/c38921ac-3c32-4558-ab82-5f7367e4d43c/current/log_inprogress_0
2019-11-08 14:19:19,920 [ae99e6be-c84a-4a9f-b357-947ef07c8d3a@group-F1069F9F4028-LeaderElection3] INFO  impl.RaftServerImpl (ServerState.java:setRaftConf(356)) - ae99e6be-c84a-4a9f-b357-947ef07c8d3a@group-F1069F9F4028: set configuration 0: [0c78ec67-b04a-4fd2-a463-b437dfcbb376:192.168.164.246:34008, ae99e6be-c84a-4a9f-b357-947ef07c8d3a:192.168.164.246:38773, 69b47348-0b11-4d95-99f3-8184b6987aae:192.168.164.246:45541], old=null at 0
2019-11-08 14:19:19,958 [grpc-default-executor-2] INFO  impl.RaftServerImpl (ServerState.java:setLeader(255)) - 69b47348-0b11-4d95-99f3-8184b6987aae@group-F1069F9F4028: change Leader from null to ae99e6be-c84a-4a9f-b357-947ef07c8d3a at term 1 for appendEntries, leader elected after 5208ms
2019-11-08 14:19:19,958 [grpc-default-executor-1] INFO  impl.RaftServerImpl (ServerState.java:setLeader(255)) - 0c78ec67-b04a-4fd2-a463-b437dfcbb376@group-F1069F9F4028: change Leader from null to ae99e6be-c84a-4a9f-b357-947ef07c8d3a at term 1 for appendEntries, leader elected after 5208ms
2019-11-08 14:19:19,975 [ae99e6be-c84a-4a9f-b357-947ef07c8d3a@group-F1069F9F4028-SegmentedRaftLogWorker] INFO  segmented.SegmentedRaftLogWorker (SegmentedRaftLogWorker.java:execute(576)) - ae99e6be-c84a-4a9f-b357-947ef07c8d3a@group-F1069F9F4028-SegmentedRaftLogWorker: created new log segment /workdir/hadoop-ozone/tools/target/test-dir/MiniOzoneClusterImpl-629f59bc-3a02-4619-b8ec-4b1f5e0dfed1/datanode-2/data/ratis/d2a23c70-b386-44db-958c-f1069f9f4028/current/log_inprogress_0
2019-11-08 14:19:19,975 [grpc-default-executor-2] INFO  impl.RaftServerImpl (ServerState.java:setRaftConf(356)) - 69b47348-0b11-4d95-99f3-8184b6987aae@group-F1069F9F4028: set configuration 0: [0c78ec67-b04a-4fd2-a463-b437dfcbb376:192.168.164.246:34008, ae99e6be-c84a-4a9f-b357-947ef07c8d3a:192.168.164.246:38773, 69b47348-0b11-4d95-99f3-8184b6987aae:192.168.164.246:45541], old=null at 0
2019-11-08 14:19:19,975 [grpc-default-executor-1] INFO  impl.RaftServerImpl (ServerState.java:setRaftConf(356)) - 0c78ec67-b04a-4fd2-a463-b437dfcbb376@group-F1069F9F4028: set configuration 0: [0c78ec67-b04a-4fd2-a463-b437dfcbb376:192.168.164.246:34008, ae99e6be-c84a-4a9f-b357-947ef07c8d3a:192.168.164.246:38773, 69b47348-0b11-4d95-99f3-8184b6987aae:192.168.164.246:45541], old=null at 0
2019-11-08 14:19:19,976 [grpc-default-executor-2] INFO  segmented.SegmentedRaftLogWorker (SegmentedRaftLogWorker.java:startLogSegment(385)) - 69b47348-0b11-4d95-99f3-8184b6987aae@group-F1069F9F4028-SegmentedRaftLogWorker: Starting segment from index:0
2019-11-08 14:19:19,976 [grpc-default-executor-1] INFO  segmented.SegmentedRaftLogWorker (SegmentedRaftLogWorker.java:startLogSegment(385)) - 0c78ec67-b04a-4fd2-a463-b437dfcbb376@group-F1069F9F4028-SegmentedRaftLogWorker: Starting segment from index:0
2019-11-08 14:19:20,008 [69b47348-0b11-4d95-99f3-8184b6987aae@group-F1069F9F4028-SegmentedRaftLogWorker] INFO  segmented.SegmentedRaftLogWorker (SegmentedRaftLogWorker.java:execute(576)) - 69b47348-0b11-4d95-99f3-8184b6987aae@group-F1069F9F4028-SegmentedRaftLogWorker: created new log segment /workdir/hadoop-ozone/tools/target/test-dir/MiniOzoneClusterImpl-629f59bc-3a02-4619-b8ec-4b1f5e0dfed1/datanode-0/data/ratis/d2a23c70-b386-44db-958c-f1069f9f4028/current/log_inprogress_0
2019-11-08 14:19:20,008 [0c78ec67-b04a-4fd2-a463-b437dfcbb376@group-F1069F9F4028-SegmentedRaftLogWorker] INFO  segmented.SegmentedRaftLogWorker (SegmentedRaftLogWorker.java:execute(576)) - 0c78ec67-b04a-4fd2-a463-b437dfcbb376@group-F1069F9F4028-SegmentedRaftLogWorker: created new log segment /workdir/hadoop-ozone/tools/target/test-dir/MiniOzoneClusterImpl-629f59bc-3a02-4619-b8ec-4b1f5e0dfed1/datanode-1/data/ratis/d2a23c70-b386-44db-958c-f1069f9f4028/current/log_inprogress_0
 0.00% |?                                                                                                    |  0/1 Time: 0:00:05 0.00% |?                                                                                                    |  0/1 Time: 0:00:06 0.00% |?                                                                                                    |  0/1 Time: 0:00:07 0.00% |?                                                                                                    |  0/1 Time: 0:00:08 100.00% |?????????????????????????????????????????????????????????????????????????????????????????????????????|  1/1 Time: 0:00:09
2019-11-08 14:19:29,527 [main] INFO  pipeline.SCMPipelineManager (SCMPipelineManager.java:finalizeAndDestroyPipeline(315)) - destroying pipeline:Pipeline[ Id: d2a23c70-b386-44db-958c-f1069f9f4028, Nodes: 69b47348-0b11-4d95-99f3-8184b6987aae{ip: 192.168.164.246, host: pr-hdds-2400-q5jst-1761645290, networkLocation: /default-rack, certSerialId: null}ae99e6be-c84a-4a9f-b357-947ef07c8d3a{ip: 192.168.164.246, host: pr-hdds-2400-q5jst-1761645290, networkLocation: /default-rack, certSerialId: null}0c78ec67-b04a-4fd2-a463-b437dfcbb376{ip: 192.168.164.246, host: pr-hdds-2400-q5jst-1761645290, networkLocation: /default-rack, certSerialId: null}, Type:RATIS, Factor:THREE, State:OPEN]
2019-11-08 14:19:29,528 [main] INFO  pipeline.PipelineStateManager (PipelineStateManager.java:finalizePipeline(123)) - Pipeline Pipeline[ Id: d2a23c70-b386-44db-958c-f1069f9f4028, Nodes: 69b47348-0b11-4d95-99f3-8184b6987aae{ip: 192.168.164.246, host: pr-hdds-2400-q5jst-1761645290, networkLocation: /default-rack, certSerialId: null}ae99e6be-c84a-4a9f-b357-947ef07c8d3a{ip: 192.168.164.246, host: pr-hdds-2400-q5jst-1761645290, networkLocation: /default-rack, certSerialId: null}0c78ec67-b04a-4fd2-a463-b437dfcbb376{ip: 192.168.164.246, host: pr-hdds-2400-q5jst-1761645290, networkLocation: /default-rack, certSerialId: null}, Type:RATIS, Factor:THREE, State:CLOSED] moved to CLOSED state
2019-11-08 14:19:29,528 [EventQueue-CloseContainerForCloseContainerEventHandler] INFO  container.CloseContainerEventHandler (CloseContainerEventHandler.java:onMessage(61)) - Close container Event triggered for container : #1
2019-11-08 14:19:29,532 [EventQueue-CloseContainerForCloseContainerEventHandler] INFO  container.CloseContainerEventHandler (CloseContainerEventHandler.java:onMessage(61)) - Close container Event triggered for container : #2
2019-11-08 14:19:29,533 [EventQueue-CloseContainerForCloseContainerEventHandler] INFO  container.CloseContainerEventHandler (CloseContainerEventHandler.java:onMessage(61)) - Close container Event triggered for container : #3
2019-11-08 14:19:29,539 [grpc-default-executor-3] INFO  impl.RaftServerProxy (RaftServerProxy.java:remove(95)) - 69b47348-0b11-4d95-99f3-8184b6987aae: remove  FOLLOWER 69b47348-0b11-4d95-99f3-8184b6987aae@group-F1069F9F4028:t1, leader=ae99e6be-c84a-4a9f-b357-947ef07c8d3a, voted=ae99e6be-c84a-4a9f-b357-947ef07c8d3a, raftlog=69b47348-0b11-4d95-99f3-8184b6987aae@group-F1069F9F4028-SegmentedRaftLog:OPENED:c75,f75,i75, conf=0: [0c78ec67-b04a-4fd2-a463-b437dfcbb376:192.168.164.246:34008, ae99e6be-c84a-4a9f-b357-947ef07c8d3a:192.168.164.246:38773, 69b47348-0b11-4d95-99f3-8184b6987aae:192.168.164.246:45541], old=null RUNNING
2019-11-08 14:19:29,541 [grpc-default-executor-3] INFO  impl.RaftServerImpl (RaftServerImpl.java:lambda$shutdown$3(250)) - 69b47348-0b11-4d95-99f3-8184b6987aae@group-F1069F9F4028: shutdown
2019-11-08 14:19:29,542 [grpc-default-executor-3] INFO  util.JmxRegister (JmxRegister.java:unregister(73)) - Successfully un-registered JMX Bean with object name Ratis:service=RaftServer,group=group-F1069F9F4028,id=69b47348-0b11-4d95-99f3-8184b6987aae
2019-11-08 14:19:29,542 [grpc-default-executor-3] INFO  impl.RoleInfo (RoleInfo.java:shutdownFollowerState(121)) - 69b47348-0b11-4d95-99f3-8184b6987aae: shutdown FollowerState
2019-11-08 14:19:29,542 [grpc-default-executor-3] INFO  impl.StateMachineUpdater (StateMachineUpdater.java:stopAndJoin(136)) - 69b47348-0b11-4d95-99f3-8184b6987aae@group-F1069F9F4028-StateMachineUpdater: set stopIndex = 75
2019-11-08 14:19:29,542 [Thread-221] INFO  impl.FollowerState (FollowerState.java:run(120)) - 69b47348-0b11-4d95-99f3-8184b6987aae@group-F1069F9F4028-FollowerState was interrupted: java.lang.InterruptedException: sleep interrupted
2019-11-08 14:19:29,543 [69b47348-0b11-4d95-99f3-8184b6987aae@group-F1069F9F4028-StateMachineUpdater] INFO  ratis.ContainerStateMachine (ContainerStateMachine.java:takeSnapshot(294)) - group-F1069F9F4028: Taking a snapshot at:(t:1, i:73) file /workdir/hadoop-ozone/tools/target/test-dir/MiniOzoneClusterImpl-629f59bc-3a02-4619-b8ec-4b1f5e0dfed1/datanode-0/data/ratis/d2a23c70-b386-44db-958c-f1069f9f4028/sm/snapshot.1_73
2019-11-08 14:19:29,607 [69b47348-0b11-4d95-99f3-8184b6987aae@group-F1069F9F4028-StateMachineUpdater] INFO  ratis.ContainerStateMachine (ContainerStateMachine.java:takeSnapshot(305)) - group-F1069F9F4028: Finished taking a snapshot at:(t:1, i:73) file:/workdir/hadoop-ozone/tools/target/test-dir/MiniOzoneClusterImpl-629f59bc-3a02-4619-b8ec-4b1f5e0dfed1/datanode-0/data/ratis/d2a23c70-b386-44db-958c-f1069f9f4028/sm/snapshot.1_73 time:66
2019-11-08 14:19:29,610 [69b47348-0b11-4d95-99f3-8184b6987aae@group-F1069F9F4028-StateMachineUpdater] INFO  impl.StateMachineUpdater (StateMachineUpdater.java:takeSnapshot(269)) - 69b47348-0b11-4d95-99f3-8184b6987aae@group-F1069F9F4028-StateMachineUpdater: Took a snapshot at index 73
2019-11-08 14:19:29,611 [69b47348-0b11-4d95-99f3-8184b6987aae@group-F1069F9F4028-StateMachineUpdater] INFO  impl.StateMachineUpdater (StateMachineUpdater.java:lambda$new$0(84)) - 69b47348-0b11-4d95-99f3-8184b6987aae@group-F1069F9F4028-StateMachineUpdater: snapshotIndex: updateIncreasingly -1 -> 73
2019-11-08 14:19:29,614 [69b47348-0b11-4d95-99f3-8184b6987aae@group-F1069F9F4028-StateMachineUpdater] INFO  ratis.ContainerStateMachine (ContainerStateMachine.java:takeSnapshot(294)) - group-F1069F9F4028: Taking a snapshot at:(t:1, i:73) file /workdir/hadoop-ozone/tools/target/test-dir/MiniOzoneClusterImpl-629f59bc-3a02-4619-b8ec-4b1f5e0dfed1/datanode-0/data/ratis/d2a23c70-b386-44db-958c-f1069f9f4028/sm/snapshot.1_73
2019-11-08 14:19:29,627 [69b47348-0b11-4d95-99f3-8184b6987aae@group-F1069F9F4028-StateMachineUpdater] INFO  ratis.ContainerStateMachine (ContainerStateMachine.java:takeSnapshot(305)) - group-F1069F9F4028: Finished taking a snapshot at:(t:1, i:73) file:/workdir/hadoop-ozone/tools/target/test-dir/MiniOzoneClusterImpl-629f59bc-3a02-4619-b8ec-4b1f5e0dfed1/datanode-0/data/ratis/d2a23c70-b386-44db-958c-f1069f9f4028/sm/snapshot.1_73 time:12
2019-11-08 14:19:29,627 [69b47348-0b11-4d95-99f3-8184b6987aae@group-F1069F9F4028-StateMachineUpdater] INFO  impl.StateMachineUpdater (StateMachineUpdater.java:takeSnapshot(269)) - 69b47348-0b11-4d95-99f3-8184b6987aae@group-F1069F9F4028-StateMachineUpdater: Took a snapshot at index 73
2019-11-08 14:19:29,627 [69b47348-0b11-4d95-99f3-8184b6987aae@group-F1069F9F4028-StateMachineUpdater] INFO  impl.StateMachineUpdater (StateMachineUpdater.java:lambda$new$0(84)) - 69b47348-0b11-4d95-99f3-8184b6987aae@group-F1069F9F4028-StateMachineUpdater: snapshotIndex: updateIncreasingly 73 -> 73
2019-11-08 14:19:29,627 [grpc-default-executor-3] INFO  impl.RaftServerImpl (ServerState.java:close(387)) - 69b47348-0b11-4d95-99f3-8184b6987aae@group-F1069F9F4028: closes. applyIndex: 75
2019-11-08 14:19:29,629 [69b47348-0b11-4d95-99f3-8184b6987aae@group-F1069F9F4028-SegmentedRaftLogWorker] INFO  segmented.SegmentedRaftLogWorker (SegmentedRaftLogWorker.java:run(316)) - 69b47348-0b11-4d95-99f3-8184b6987aae@group-F1069F9F4028-SegmentedRaftLogWorker was interrupted, exiting. There are 0 tasks remaining in the queue.
2019-11-08 14:19:29,631 [grpc-default-executor-3] INFO  segmented.SegmentedRaftLogWorker (SegmentedRaftLogWorker.java:close(224)) - 69b47348-0b11-4d95-99f3-8184b6987aae@group-F1069F9F4028-SegmentedRaftLogWorker close()
2019-11-08 14:19:29,676 [grpc-default-executor-3] INFO  interfaces.Container (KeyValueContainer.java:flushAndSyncDB(400)) - Container 1 is synced with bcsId 57.
2019-11-08 14:19:29,677 [grpc-default-executor-3] INFO  interfaces.Container (KeyValueContainer.java:flushAndSyncDB(400)) - Container 1 is synced with bcsId 57.
2019-11-08 14:19:29,695 [EventQueue-IncrementalContainerReportForIncrementalContainerReportHandler] INFO  container.IncrementalContainerReportHandler (AbstractContainerReportHandler.java:updateContainerState(171)) - Moving container #1 to QUASI_CLOSED state, datanode 69b47348-0b11-4d95-99f3-8184b6987aae{ip: 192.168.164.246, host: pr-hdds-2400-q5jst-1761645290, networkLocation: /default-rack, certSerialId: null} reported QUASI_CLOSED replica.
2019-11-08 14:19:29,707 [grpc-default-executor-3] INFO  interfaces.Container (KeyValueContainer.java:flushAndSyncDB(400)) - Container 2 is synced with bcsId 73.
2019-11-08 14:19:29,708 [grpc-default-executor-3] INFO  interfaces.Container (KeyValueContainer.java:flushAndSyncDB(400)) - Container 2 is synced with bcsId 73.
2019-11-08 14:19:29,722 [EventQueue-IncrementalContainerReportForIncrementalContainerReportHandler] INFO  container.IncrementalContainerReportHandler (AbstractContainerReportHandler.java:updateContainerState(171)) - Moving container #2 to QUASI_CLOSED state, datanode 69b47348-0b11-4d95-99f3-8184b6987aae{ip: 192.168.164.246, host: pr-hdds-2400-q5jst-1761645290, networkLocation: /default-rack, certSerialId: null} reported QUASI_CLOSED replica.
2019-11-08 14:19:29,747 [grpc-default-executor-3] INFO  interfaces.Container (KeyValueContainer.java:flushAndSyncDB(400)) - Container 3 is synced with bcsId 41.
2019-11-08 14:19:29,748 [grpc-default-executor-3] INFO  interfaces.Container (KeyValueContainer.java:flushAndSyncDB(400)) - Container 3 is synced with bcsId 41.
2019-11-08 14:19:29,764 [EventQueue-IncrementalContainerReportForIncrementalContainerReportHandler] INFO  container.IncrementalContainerReportHandler (AbstractContainerReportHandler.java:updateContainerState(171)) - Moving container #3 to QUASI_CLOSED state, datanode 69b47348-0b11-4d95-99f3-8184b6987aae{ip: 192.168.164.246, host: pr-hdds-2400-q5jst-1761645290, networkLocation: /default-rack, certSerialId: null} reported QUASI_CLOSED replica.
2019-11-08 14:19:29,776 [grpc-default-executor-3] INFO  impl.RaftServerProxy (RaftServerProxy.java:remove(95)) - ae99e6be-c84a-4a9f-b357-947ef07c8d3a: remove    LEADER ae99e6be-c84a-4a9f-b357-947ef07c8d3a@group-F1069F9F4028:t1, leader=ae99e6be-c84a-4a9f-b357-947ef07c8d3a, voted=ae99e6be-c84a-4a9f-b357-947ef07c8d3a, raftlog=ae99e6be-c84a-4a9f-b357-947ef07c8d3a@group-F1069F9F4028-SegmentedRaftLog:OPENED:c75,f75,i75, conf=0: [0c78ec67-b04a-4fd2-a463-b437dfcbb376:192.168.164.246:34008, ae99e6be-c84a-4a9f-b357-947ef07c8d3a:192.168.164.246:38773, 69b47348-0b11-4d95-99f3-8184b6987aae:192.168.164.246:45541], old=null RUNNING
2019-11-08 14:19:29,776 [grpc-default-executor-3] INFO  impl.RaftServerImpl (RaftServerImpl.java:lambda$shutdown$3(250)) - ae99e6be-c84a-4a9f-b357-947ef07c8d3a@group-F1069F9F4028: shutdown
2019-11-08 14:19:29,776 [grpc-default-executor-3] INFO  util.JmxRegister (JmxRegister.java:unregister(73)) - Successfully un-registered JMX Bean with object name Ratis:service=RaftServer,group=group-F1069F9F4028,id=ae99e6be-c84a-4a9f-b357-947ef07c8d3a
2019-11-08 14:19:29,776 [grpc-default-executor-3] INFO  impl.RoleInfo (RoleInfo.java:shutdownLeaderState(104)) - ae99e6be-c84a-4a9f-b357-947ef07c8d3a: shutdown LeaderState
2019-11-08 14:19:29,778 [org.apache.ratis.server.impl.LogAppender$AppenderDaemon$$Lambda$565/502128743@c5988ea] WARN  server.GrpcLogAppender (GrpcLogAppender.java:mayWait(151)) - ae99e6be-c84a-4a9f-b357-947ef07c8d3a@group-F1069F9F4028->0c78ec67-b04a-4fd2-a463-b437dfcbb376-GrpcLogAppender: Wait interrupted by java.lang.InterruptedException
2019-11-08 14:19:29,779 [grpc-default-executor-3] INFO  impl.PendingRequests (PendingRequests.java:sendNotLeaderResponses(206)) - ae99e6be-c84a-4a9f-b357-947ef07c8d3a@group-F1069F9F4028-PendingRequests: sendNotLeaderResponses
2019-11-08 14:19:29,778 [org.apache.ratis.server.impl.LogAppender$AppenderDaemon$$Lambda$565/502128743@431efb34] WARN  server.GrpcLogAppender (GrpcLogAppender.java:mayWait(151)) - ae99e6be-c84a-4a9f-b357-947ef07c8d3a@group-F1069F9F4028->69b47348-0b11-4d95-99f3-8184b6987aae-GrpcLogAppender: Wait interrupted by java.lang.InterruptedException
2019-11-08 14:19:29,784 [grpc-default-executor-3] INFO  impl.StateMachineUpdater (StateMachineUpdater.java:stopAndJoin(136)) - ae99e6be-c84a-4a9f-b357-947ef07c8d3a@group-F1069F9F4028-StateMachineUpdater: set stopIndex = 75
2019-11-08 14:19:29,785 [ae99e6be-c84a-4a9f-b357-947ef07c8d3a@group-F1069F9F4028-StateMachineUpdater] INFO  ratis.ContainerStateMachine (ContainerStateMachine.java:takeSnapshot(294)) - group-F1069F9F4028: Taking a snapshot at:(t:1, i:73) file /workdir/hadoop-ozone/tools/target/test-dir/MiniOzoneClusterImpl-629f59bc-3a02-4619-b8ec-4b1f5e0dfed1/datanode-2/data/ratis/d2a23c70-b386-44db-958c-f1069f9f4028/sm/snapshot.1_73
2019-11-08 14:19:29,785 [grpc-default-executor-2] INFO  server.GrpcServerProtocolService (GrpcServerProtocolService.java:onCompleted(113)) - 0c78ec67-b04a-4fd2-a463-b437dfcbb376: Completed APPEND_ENTRIES, lastRequest: ae99e6be-c84a-4a9f-b357-947ef07c8d3a->0c78ec67-b04a-4fd2-a463-b437dfcbb376#79-t1, previous=(t:1, i:75), leaderCommit=75, initializing? false, entries: <empty>
2019-11-08 14:19:29,785 [grpc-default-executor-0] INFO  server.GrpcServerProtocolService (GrpcServerProtocolService.java:onCompleted(113)) - 69b47348-0b11-4d95-99f3-8184b6987aae: Completed APPEND_ENTRIES, lastRequest: ae99e6be-c84a-4a9f-b357-947ef07c8d3a->69b47348-0b11-4d95-99f3-8184b6987aae#79-t1, previous=(t:1, i:75), leaderCommit=75, initializing? false, entries: <empty>
2019-11-08 14:19:29,786 [grpc-default-executor-0] INFO  server.GrpcLogAppender (GrpcLogAppender.java:onCompleted(308)) - ae99e6be-c84a-4a9f-b357-947ef07c8d3a@group-F1069F9F4028->0c78ec67-b04a-4fd2-a463-b437dfcbb376-AppendLogResponseHandler: follower responses appendEntries COMPLETED
2019-11-08 14:19:29,786 [grpc-default-executor-2] INFO  server.GrpcLogAppender (GrpcLogAppender.java:onCompleted(308)) - ae99e6be-c84a-4a9f-b357-947ef07c8d3a@group-F1069F9F4028->69b47348-0b11-4d95-99f3-8184b6987aae-AppendLogResponseHandler: follower responses appendEntries COMPLETED
2019-11-08 14:19:29,792 [grpc-default-executor-2] INFO  impl.FollowerInfo (FollowerInfo.java:lambda$new$0(51)) - ae99e6be-c84a-4a9f-b357-947ef07c8d3a@group-F1069F9F4028->69b47348-0b11-4d95-99f3-8184b6987aae: nextIndex: updateUnconditionally 76 -> 75
2019-11-08 14:19:29,792 [grpc-default-executor-0] INFO  impl.FollowerInfo (FollowerInfo.java:lambda$new$0(51)) - ae99e6be-c84a-4a9f-b357-947ef07c8d3a@group-F1069F9F4028->0c78ec67-b04a-4fd2-a463-b437dfcbb376: nextIndex: updateUnconditionally 76 -> 75
2019-11-08 14:19:29,798 [ae99e6be-c84a-4a9f-b357-947ef07c8d3a@group-F1069F9F4028-StateMachineUpdater] INFO  ratis.ContainerStateMachine (ContainerStateMachine.java:takeSnapshot(305)) - group-F1069F9F4028: Finished taking a snapshot at:(t:1, i:73) file:/workdir/hadoop-ozone/tools/target/test-dir/MiniOzoneClusterImpl-629f59bc-3a02-4619-b8ec-4b1f5e0dfed1/datanode-2/data/ratis/d2a23c70-b386-44db-958c-f1069f9f4028/sm/snapshot.1_73 time:14
2019-11-08 14:19:29,798 [ae99e6be-c84a-4a9f-b357-947ef07c8d3a@group-F1069F9F4028-StateMachineUpdater] INFO  impl.StateMachineUpdater (StateMachineUpdater.java:takeSnapshot(269)) - ae99e6be-c84a-4a9f-b357-947ef07c8d3a@group-F1069F9F4028-StateMachineUpdater: Took a snapshot at index 73
2019-11-08 14:19:29,798 [ae99e6be-c84a-4a9f-b357-947ef07c8d3a@group-F1069F9F4028-StateMachineUpdater] INFO  impl.StateMachineUpdater (StateMachineUpdater.java:lambda$new$0(84)) - ae99e6be-c84a-4a9f-b357-947ef07c8d3a@group-F1069F9F4028-StateMachineUpdater: snapshotIndex: updateIncreasingly -1 -> 73
2019-11-08 14:19:29,798 [ae99e6be-c84a-4a9f-b357-947ef07c8d3a@group-F1069F9F4028-StateMachineUpdater] INFO  ratis.ContainerStateMachine (ContainerStateMachine.java:takeSnapshot(294)) - group-F1069F9F4028: Taking a snapshot at:(t:1, i:73) file /workdir/hadoop-ozone/tools/target/test-dir/MiniOzoneClusterImpl-629f59bc-3a02-4619-b8ec-4b1f5e0dfed1/datanode-2/data/ratis/d2a23c70-b386-44db-958c-f1069f9f4028/sm/snapshot.1_73
2019-11-08 14:19:29,811 [ae99e6be-c84a-4a9f-b357-947ef07c8d3a@group-F1069F9F4028-StateMachineUpdater] INFO  ratis.ContainerStateMachine (ContainerStateMachine.java:takeSnapshot(305)) - group-F1069F9F4028: Finished taking a snapshot at:(t:1, i:73) file:/workdir/hadoop-ozone/tools/target/test-dir/MiniOzoneClusterImpl-629f59bc-3a02-4619-b8ec-4b1f5e0dfed1/datanode-2/data/ratis/d2a23c70-b386-44db-958c-f1069f9f4028/sm/snapshot.1_73 time:12
2019-11-08 14:19:29,811 [ae99e6be-c84a-4a9f-b357-947ef07c8d3a@group-F1069F9F4028-StateMachineUpdater] INFO  impl.StateMachineUpdater (StateMachineUpdater.java:takeSnapshot(269)) - ae99e6be-c84a-4a9f-b357-947ef07c8d3a@group-F1069F9F4028-StateMachineUpdater: Took a snapshot at index 73
2019-11-08 14:19:29,811 [ae99e6be-c84a-4a9f-b357-947ef07c8d3a@group-F1069F9F4028-StateMachineUpdater] INFO  impl.StateMachineUpdater (StateMachineUpdater.java:lambda$new$0(84)) - ae99e6be-c84a-4a9f-b357-947ef07c8d3a@group-F1069F9F4028-StateMachineUpdater: snapshotIndex: updateIncreasingly 73 -> 73
2019-11-08 14:19:29,812 [grpc-default-executor-3] INFO  impl.RaftServerImpl (ServerState.java:close(387)) - ae99e6be-c84a-4a9f-b357-947ef07c8d3a@group-F1069F9F4028: closes. applyIndex: 75
2019-11-08 14:19:29,813 [ae99e6be-c84a-4a9f-b357-947ef07c8d3a@group-F1069F9F4028-SegmentedRaftLogWorker] INFO  segmented.SegmentedRaftLogWorker (SegmentedRaftLogWorker.java:run(316)) - ae99e6be-c84a-4a9f-b357-947ef07c8d3a@group-F1069F9F4028-SegmentedRaftLogWorker was interrupted, exiting. There are 0 tasks remaining in the queue.
2019-11-08 14:19:29,814 [grpc-default-executor-3] INFO  segmented.SegmentedRaftLogWorker (SegmentedRaftLogWorker.java:close(224)) - ae99e6be-c84a-4a9f-b357-947ef07c8d3a@group-F1069F9F4028-SegmentedRaftLogWorker close()
2019-11-08 14:19:29,833 [grpc-default-executor-3] INFO  interfaces.Container (KeyValueContainer.java:flushAndSyncDB(400)) - Container 1 is synced with bcsId 57.
2019-11-08 14:19:29,833 [grpc-default-executor-3] INFO  interfaces.Container (KeyValueContainer.java:flushAndSyncDB(400)) - Container 1 is synced with bcsId 57.
2019-11-08 14:19:32,785 [main] WARN  pipeline.RatisPipelineUtils (RatisPipelineUtils.java:destroyPipeline(69)) - Pipeline destroy failed for pipeline=PipelineID=d2a23c70-b386-44db-958c-f1069f9f4028 dn=ae99e6be-c84a-4a9f-b357-947ef07c8d3a{ip: 192.168.164.246, host: pr-hdds-2400-q5jst-1761645290, networkLocation: /default-rack, certSerialId: null}
2019-11-08 14:19:32,803 [grpc-default-executor-0] INFO  impl.RaftServerProxy (RaftServerProxy.java:remove(95)) - 0c78ec67-b04a-4fd2-a463-b437dfcbb376: remove  FOLLOWER 0c78ec67-b04a-4fd2-a463-b437dfcbb376@group-F1069F9F4028:t1, leader=ae99e6be-c84a-4a9f-b357-947ef07c8d3a, voted=ae99e6be-c84a-4a9f-b357-947ef07c8d3a, raftlog=0c78ec67-b04a-4fd2-a463-b437dfcbb376@group-F1069F9F4028-SegmentedRaftLog:OPENED:c75,f75,i75, conf=0: [0c78ec67-b04a-4fd2-a463-b437dfcbb376:192.168.164.246:34008, ae99e6be-c84a-4a9f-b357-947ef07c8d3a:192.168.164.246:38773, 69b47348-0b11-4d95-99f3-8184b6987aae:192.168.164.246:45541], old=null RUNNING
2019-11-08 14:19:32,804 [grpc-default-executor-0] INFO  impl.RaftServerImpl (RaftServerImpl.java:lambda$shutdown$3(250)) - 0c78ec67-b04a-4fd2-a463-b437dfcbb376@group-F1069F9F4028: shutdown
2019-11-08 14:19:32,805 [grpc-default-executor-0] INFO  util.JmxRegister (JmxRegister.java:unregister(73)) - Successfully un-registered JMX Bean with object name Ratis:service=RaftServer,group=group-F1069F9F4028,id=0c78ec67-b04a-4fd2-a463-b437dfcbb376
2019-11-08 14:19:32,805 [grpc-default-executor-0] INFO  impl.RoleInfo (RoleInfo.java:shutdownFollowerState(121)) - 0c78ec67-b04a-4fd2-a463-b437dfcbb376: shutdown FollowerState
2019-11-08 14:19:32,805 [grpc-default-executor-0] INFO  impl.StateMachineUpdater (StateMachineUpdater.java:stopAndJoin(136)) - 0c78ec67-b04a-4fd2-a463-b437dfcbb376@group-F1069F9F4028-StateMachineUpdater: set stopIndex = 75
2019-11-08 14:19:32,805 [Thread-220] INFO  impl.FollowerState (FollowerState.java:run(120)) - 0c78ec67-b04a-4fd2-a463-b437dfcbb376@group-F1069F9F4028-FollowerState was interrupted: java.lang.InterruptedException: sleep interrupted
2019-11-08 14:19:32,806 [0c78ec67-b04a-4fd2-a463-b437dfcbb376@group-F1069F9F4028-StateMachineUpdater] INFO  ratis.ContainerStateMachine (ContainerStateMachine.java:takeSnapshot(294)) - group-F1069F9F4028: Taking a snapshot at:(t:1, i:73) file /workdir/hadoop-ozone/tools/target/test-dir/MiniOzoneClusterImpl-629f59bc-3a02-4619-b8ec-4b1f5e0dfed1/datanode-1/data/ratis/d2a23c70-b386-44db-958c-f1069f9f4028/sm/snapshot.1_73
2019-11-08 14:19:33,422 [grpc-default-executor-3] INFO  interfaces.Container (KeyValueContainer.java:flushAndSyncDB(400)) - Container 2 is synced with bcsId 73.
2019-11-08 14:19:33,422 [grpc-default-executor-3] INFO  interfaces.Container (KeyValueContainer.java:flushAndSyncDB(400)) - Container 2 is synced with bcsId 73.
2019-11-08 14:19:34,084 [Command processor thread] ERROR commandhandler.CloseContainerCommandHandler (CloseContainerCommandHandler.java:handle(127)) - Can't close container #1
java.io.IOException: org.apache.ratis.protocol.GroupMismatchException: 0c78ec67-b04a-4fd2-a463-b437dfcbb376: group-F1069F9F4028 not found.
	at org.apache.hadoop.ozone.container.common.transport.server.ratis.XceiverServerRatis.submitRequest(XceiverServerRatis.java:509)
	at org.apache.hadoop.ozone.container.common.statemachine.commandhandler.CloseContainerCommandHandler.handle(CloseContainerCommandHandler.java:102)
	at org.apache.hadoop.ozone.container.common.statemachine.commandhandler.CommandDispatcher.handle(CommandDispatcher.java:99)
	at org.apache.hadoop.ozone.container.common.statemachine.DatanodeStateMachine.lambda$initCommandHandlerThread$1(DatanodeStateMachine.java:432)
	at java.lang.Thread.run(Thread.java:748)
Caused by: java.util.concurrent.ExecutionException: org.apache.ratis.protocol.GroupMismatchException: 0c78ec67-b04a-4fd2-a463-b437dfcbb376: group-F1069F9F4028 not found.
	at java.util.concurrent.CompletableFuture.reportGet(CompletableFuture.java:357)
	at java.util.concurrent.CompletableFuture.get(CompletableFuture.java:1895)
	at org.apache.hadoop.ozone.container.common.transport.server.ratis.XceiverServerRatis.submitRequest(XceiverServerRatis.java:507)
	... 4 more
Caused by: org.apache.ratis.protocol.GroupMismatchException: 0c78ec67-b04a-4fd2-a463-b437dfcbb376: group-F1069F9F4028 not found.
	at org.apache.ratis.server.impl.RaftServerProxy$ImplMap.get(RaftServerProxy.java:122)
	at org.apache.ratis.server.impl.RaftServerProxy.getImplFuture(RaftServerProxy.java:269)
	at org.apache.ratis.server.impl.RaftServerProxy.submitRequest(RaftServerProxy.java:327)
	at org.apache.ratis.server.impl.RaftServerProxy.submitClientRequestAsync(RaftServerProxy.java:333)
	... 5 more
2019-11-08 14:19:34,341 [0c78ec67-b04a-4fd2-a463-b437dfcbb376@group-F1069F9F4028-StateMachineUpdater] INFO  ratis.ContainerStateMachine (ContainerStateMachine.java:takeSnapshot(305)) - group-F1069F9F4028: Finished taking a snapshot at:(t:1, i:73) file:/workdir/hadoop-ozone/tools/target/test-dir/MiniOzoneClusterImpl-629f59bc-3a02-4619-b8ec-4b1f5e0dfed1/datanode-1/data/ratis/d2a23c70-b386-44db-958c-f1069f9f4028/sm/snapshot.1_73 time:1536
2019-11-08 14:19:35,078 [0c78ec67-b04a-4fd2-a463-b437dfcbb376@group-F1069F9F4028-StateMachineUpdater] INFO  impl.StateMachineUpdater (StateMachineUpdater.java:takeSnapshot(269)) - 0c78ec67-b04a-4fd2-a463-b437dfcbb376@group-F1069F9F4028-StateMachineUpdater: Took a snapshot at index 73
2019-11-08 14:19:35,078 [0c78ec67-b04a-4fd2-a463-b437dfcbb376@group-F1069F9F4028-StateMachineUpdater] INFO  impl.StateMachineUpdater (StateMachineUpdater.java:lambda$new$0(84)) - 0c78ec67-b04a-4fd2-a463-b437dfcbb376@group-F1069F9F4028-StateMachineUpdater: snapshotIndex: updateIncreasingly -1 -> 73
2019-11-08 14:19:35,079 [0c78ec67-b04a-4fd2-a463-b437dfcbb376@group-F1069F9F4028-StateMachineUpdater] INFO  ratis.ContainerStateMachine (ContainerStateMachine.java:takeSnapshot(294)) - group-F1069F9F4028: Taking a snapshot at:(t:1, i:73) file /workdir/hadoop-ozone/tools/target/test-dir/MiniOzoneClusterImpl-629f59bc-3a02-4619-b8ec-4b1f5e0dfed1/datanode-1/data/ratis/d2a23c70-b386-44db-958c-f1069f9f4028/sm/snapshot.1_73
2019-11-08 14:19:35,799 [main] WARN  pipeline.RatisPipelineUtils (RatisPipelineUtils.java:destroyPipeline(69)) - Pipeline destroy failed for pipeline=PipelineID=d2a23c70-b386-44db-958c-f1069f9f4028 dn=0c78ec67-b04a-4fd2-a463-b437dfcbb376{ip: 192.168.164.246, host: pr-hdds-2400-q5jst-1761645290, networkLocation: /default-rack, certSerialId: null}
2019-11-08 14:19:35,800 [main] INFO  pipeline.PipelineStateManager (PipelineStateManager.java:removePipeline(108)) - Pipeline Pipeline[ Id: d2a23c70-b386-44db-958c-f1069f9f4028, Nodes: 69b47348-0b11-4d95-99f3-8184b6987aae{ip: 192.168.164.246, host: pr-hdds-2400-q5jst-1761645290, networkLocation: /default-rack, certSerialId: null}ae99e6be-c84a-4a9f-b357-947ef07c8d3a{ip: 192.168.164.246, host: pr-hdds-2400-q5jst-1761645290, networkLocation: /default-rack, certSerialId: null}0c78ec67-b04a-4fd2-a463-b437dfcbb376{ip: 192.168.164.246, host: pr-hdds-2400-q5jst-1761645290, networkLocation: /default-rack, certSerialId: null}, Type:RATIS, Factor:THREE, State:CLOSED] removed from db
2019-11-08 14:19:35,819 [grpc-default-executor-4] INFO  impl.RaftServerProxy (RaftServerProxy.java:addNew(89)) - ae99e6be-c84a-4a9f-b357-947ef07c8d3a: addNew group-AF614509AC37:[0c78ec67-b04a-4fd2-a463-b437dfcbb376:192.168.164.246:34008, ae99e6be-c84a-4a9f-b357-947ef07c8d3a:192.168.164.246:38773, 69b47348-0b11-4d95-99f3-8184b6987aae:192.168.164.246:45541] returns group-AF614509AC37:java.util.concurrent.CompletableFuture@56bbd5c[Not completed]
2019-11-08 14:19:35,821 [grpc-default-executor-1] INFO  impl.RaftServerProxy (RaftServerProxy.java:addNew(89)) - 69b47348-0b11-4d95-99f3-8184b6987aae: addNew group-AF614509AC37:[0c78ec67-b04a-4fd2-a463-b437dfcbb376:192.168.164.246:34008, ae99e6be-c84a-4a9f-b357-947ef07c8d3a:192.168.164.246:38773, 69b47348-0b11-4d95-99f3-8184b6987aae:192.168.164.246:45541] returns group-AF614509AC37:java.util.concurrent.CompletableFuture@321c3021[Not completed]
2019-11-08 14:19:35,828 [grpc-default-executor-4] INFO  impl.RaftServerProxy (RaftServerProxy.java:addNew(89)) - 0c78ec67-b04a-4fd2-a463-b437dfcbb376: addNew group-AF614509AC37:[0c78ec67-b04a-4fd2-a463-b437dfcbb376:192.168.164.246:34008, ae99e6be-c84a-4a9f-b357-947ef07c8d3a:192.168.164.246:38773, 69b47348-0b11-4d95-99f3-8184b6987aae:192.168.164.246:45541] returns group-AF614509AC37:java.util.concurrent.CompletableFuture@1543929[Not completed]
2019-11-08 14:19:35,828 [pool-47-thread-1] INFO  impl.RaftServerImpl (RaftServerImpl.java:<init>(98)) - ae99e6be-c84a-4a9f-b357-947ef07c8d3a: new RaftServerImpl for group-AF614509AC37:[0c78ec67-b04a-4fd2-a463-b437dfcbb376:192.168.164.246:34008, ae99e6be-c84a-4a9f-b357-947ef07c8d3a:192.168.164.246:38773, 69b47348-0b11-4d95-99f3-8184b6987aae:192.168.164.246:45541] with ContainerStateMachine:uninitialized
2019-11-08 14:19:35,829 [pool-47-thread-1] INFO  server.RaftServerConfigKeys (ConfUtils.java:logGet(43)) - raft.server.rpc.timeout.min = 5s (custom)
2019-11-08 14:19:35,829 [pool-47-thread-1] INFO  server.RaftServerConfigKeys (ConfUtils.java:logGet(43)) - raft.server.rpc.timeout.max = 5200ms (custom)
2019-11-08 14:19:35,829 [pool-47-thread-1] INFO  server.RaftServerConfigKeys (ConfUtils.java:logGet(43)) - raft.server.rpcslowness.timeout = 120s (custom)
2019-11-08 14:19:35,829 [pool-47-thread-1] INFO  server.RaftServerConfigKeys (ConfUtils.java:logGet(43)) - raft.server.sleep.deviation.threshold = 300 (default)
2019-11-08 14:19:35,829 [pool-47-thread-1] INFO  server.RaftServerConfigKeys (ConfUtils.java:logGet(43)) - raft.server.log.appender.install.snapshot.enabled = false (custom)
2019-11-08 14:19:35,829 [pool-47-thread-1] INFO  impl.RaftServerImpl (ServerState.java:<init>(103)) - ae99e6be-c84a-4a9f-b357-947ef07c8d3a@group-AF614509AC37: ConfigurationManager, init=-1: [0c78ec67-b04a-4fd2-a463-b437dfcbb376:192.168.164.246:34008, ae99e6be-c84a-4a9f-b357-947ef07c8d3a:192.168.164.246:38773, 69b47348-0b11-4d95-99f3-8184b6987aae:192.168.164.246:45541], old=null, confs=<EMPTY_MAP>
2019-11-08 14:19:35,829 [pool-47-thread-1] INFO  server.RaftServerConfigKeys (ConfUtils.java:logGet(43)) - raft.server.storage.dir = [/workdir/hadoop-ozone/tools/target/test-dir/MiniOzoneClusterImpl-629f59bc-3a02-4619-b8ec-4b1f5e0dfed1/datanode-2/data/ratis] (custom)
2019-11-08 14:19:35,830 [pool-37-thread-1] INFO  impl.RaftServerImpl (RaftServerImpl.java:<init>(98)) - 0c78ec67-b04a-4fd2-a463-b437dfcbb376: new RaftServerImpl for group-AF614509AC37:[0c78ec67-b04a-4fd2-a463-b437dfcbb376:192.168.164.246:34008, ae99e6be-c84a-4a9f-b357-947ef07c8d3a:192.168.164.246:38773, 69b47348-0b11-4d95-99f3-8184b6987aae:192.168.164.246:45541] with ContainerStateMachine:uninitialized
2019-11-08 14:19:35,830 [pool-37-thread-1] INFO  server.RaftServerConfigKeys (ConfUtils.java:logGet(43)) - raft.server.rpc.timeout.min = 5s (custom)
2019-11-08 14:19:35,830 [pool-47-thread-1] INFO  server.RaftServerConfigKeys (ConfUtils.java:logGet(43)) - raft.server.log.corruption.policy = EXCEPTION (default)
2019-11-08 14:19:35,830 [pool-37-thread-1] INFO  server.RaftServerConfigKeys (ConfUtils.java:logGet(43)) - raft.server.rpc.timeout.max = 5200ms (custom)
2019-11-08 14:19:35,830 [pool-47-thread-1] INFO  storage.RaftStorageDirectory (RaftStorageDirectory.java:analyzeStorage(246)) - The storage directory /workdir/hadoop-ozone/tools/target/test-dir/MiniOzoneClusterImpl-629f59bc-3a02-4619-b8ec-4b1f5e0dfed1/datanode-2/data/ratis/b04e2600-8106-4a2f-a8b8-af614509ac37 does not exist. Creating ...
2019-11-08 14:19:35,830 [pool-37-thread-1] INFO  server.RaftServerConfigKeys (ConfUtils.java:logGet(43)) - raft.server.rpcslowness.timeout = 120s (custom)
2019-11-08 14:19:35,830 [pool-27-thread-1] INFO  impl.RaftServerImpl (RaftServerImpl.java:<init>(98)) - 69b47348-0b11-4d95-99f3-8184b6987aae: new RaftServerImpl for group-AF614509AC37:[0c78ec67-b04a-4fd2-a463-b437dfcbb376:192.168.164.246:34008, ae99e6be-c84a-4a9f-b357-947ef07c8d3a:192.168.164.246:38773, 69b47348-0b11-4d95-99f3-8184b6987aae:192.168.164.246:45541] with ContainerStateMachine:uninitialized
2019-11-08 14:19:35,831 [pool-37-thread-1] INFO  server.RaftServerConfigKeys (ConfUtils.java:logGet(43)) - raft.server.sleep.deviation.threshold = 300 (default)
2019-11-08 14:19:35,831 [pool-27-thread-1] INFO  server.RaftServerConfigKeys (ConfUtils.java:logGet(43)) - raft.server.rpc.timeout.min = 5s (custom)
2019-11-08 14:19:35,831 [pool-37-thread-1] INFO  server.RaftServerConfigKeys (ConfUtils.java:logGet(43)) - raft.server.log.appender.install.snapshot.enabled = false (custom)
2019-11-08 14:19:35,831 [pool-27-thread-1] INFO  server.RaftServerConfigKeys (ConfUtils.java:logGet(43)) - raft.server.rpc.timeout.max = 5200ms (custom)
2019-11-08 14:19:35,831 [pool-37-thread-1] INFO  impl.RaftServerImpl (ServerState.java:<init>(103)) - 0c78ec67-b04a-4fd2-a463-b437dfcbb376@group-AF614509AC37: ConfigurationManager, init=-1: [0c78ec67-b04a-4fd2-a463-b437dfcbb376:192.168.164.246:34008, ae99e6be-c84a-4a9f-b357-947ef07c8d3a:192.168.164.246:38773, 69b47348-0b11-4d95-99f3-8184b6987aae:192.168.164.246:45541], old=null, confs=<EMPTY_MAP>
2019-11-08 14:19:35,831 [pool-27-thread-1] INFO  server.RaftServerConfigKeys (ConfUtils.java:logGet(43)) - raft.server.rpcslowness.timeout = 120s (custom)
2019-11-08 14:19:35,831 [pool-37-thread-1] INFO  server.RaftServerConfigKeys (ConfUtils.java:logGet(43)) - raft.server.storage.dir = [/workdir/hadoop-ozone/tools/target/test-dir/MiniOzoneClusterImpl-629f59bc-3a02-4619-b8ec-4b1f5e0dfed1/datanode-1/data/ratis] (custom)
2019-11-08 14:19:35,831 [pool-27-thread-1] INFO  server.RaftServerConfigKeys (ConfUtils.java:logGet(43)) - raft.server.sleep.deviation.threshold = 300 (default)
2019-11-08 14:19:35,831 [pool-27-thread-1] INFO  server.RaftServerConfigKeys (ConfUtils.java:logGet(43)) - raft.server.log.appender.install.snapshot.enabled = false (custom)
2019-11-08 14:19:35,831 [pool-27-thread-1] INFO  impl.RaftServerImpl (ServerState.java:<init>(103)) - 69b47348-0b11-4d95-99f3-8184b6987aae@group-AF614509AC37: ConfigurationManager, init=-1: [0c78ec67-b04a-4fd2-a463-b437dfcbb376:192.168.164.246:34008, ae99e6be-c84a-4a9f-b357-947ef07c8d3a:192.168.164.246:38773, 69b47348-0b11-4d95-99f3-8184b6987aae:192.168.164.246:45541], old=null, confs=<EMPTY_MAP>
2019-11-08 14:19:35,832 [pool-37-thread-1] INFO  server.RaftServerConfigKeys (ConfUtils.java:logGet(43)) - raft.server.log.corruption.policy = EXCEPTION (default)
2019-11-08 14:19:35,832 [pool-27-thread-1] INFO  server.RaftServerConfigKeys (ConfUtils.java:logGet(43)) - raft.server.storage.dir = [/workdir/hadoop-ozone/tools/target/test-dir/MiniOzoneClusterImpl-629f59bc-3a02-4619-b8ec-4b1f5e0dfed1/datanode-0/data/ratis] (custom)
2019-11-08 14:19:35,833 [pool-37-thread-1] INFO  storage.RaftStorageDirectory (RaftStorageDirectory.java:analyzeStorage(246)) - The storage directory /workdir/hadoop-ozone/tools/target/test-dir/MiniOzoneClusterImpl-629f59bc-3a02-4619-b8ec-4b1f5e0dfed1/datanode-1/data/ratis/b04e2600-8106-4a2f-a8b8-af614509ac37 does not exist. Creating ...
2019-11-08 14:19:35,833 [pool-27-thread-1] INFO  server.RaftServerConfigKeys (ConfUtils.java:logGet(43)) - raft.server.log.corruption.policy = EXCEPTION (default)
2019-11-08 14:19:35,833 [pool-27-thread-1] INFO  storage.RaftStorageDirectory (RaftStorageDirectory.java:analyzeStorage(246)) - The storage directory /workdir/hadoop-ozone/tools/target/test-dir/MiniOzoneClusterImpl-629f59bc-3a02-4619-b8ec-4b1f5e0dfed1/datanode-0/data/ratis/b04e2600-8106-4a2f-a8b8-af614509ac37 does not exist. Creating ...
2019-11-08 14:19:35,926 [main] INFO  freon.RandomKeyGenerator (RandomKeyGenerator.java:call(283)) - Number of Threads: 10
2019-11-08 14:19:35,926 [main] INFO  freon.RandomKeyGenerator (RandomKeyGenerator.java:call(288)) - Number of Volumes: 1.
2019-11-08 14:19:35,926 [main] INFO  freon.RandomKeyGenerator (RandomKeyGenerator.java:call(289)) - Number of Buckets per Volume: 1.
2019-11-08 14:19:35,926 [main] INFO  freon.RandomKeyGenerator (RandomKeyGenerator.java:call(290)) - Number of Keys per Bucket: 1.
2019-11-08 14:19:35,926 [main] INFO  freon.RandomKeyGenerator (RandomKeyGenerator.java:call(291)) - Key size: 20971520 bytes
2019-11-08 14:19:35,927 [main] INFO  freon.RandomKeyGenerator (RandomKeyGenerator.java:call(292)) - Buffer size: 4096 bytes
2019-11-08 14:19:35,927 [main] INFO  freon.RandomKeyGenerator (RandomKeyGenerator.java:call(293)) - validateWrites : true
2019-11-08 14:19:35,929 [main] INFO  freon.RandomKeyGenerator (RandomKeyGenerator.java:call(307)) - Data validation is enabled.
2019-11-08 14:19:35,929 [main] INFO  freon.RandomKeyGenerator (RandomKeyGenerator.java:call(313)) - Starting progress bar Thread.

2019-11-08 14:19:35,929 [pool-59-thread-1] INFO  rpc.RpcClient (RpcClient.java:createVolume(291)) - Creating Volume: vol-0-84776, with jenkins1000 as owner.
 0.00% |?                                                                                                    |  0/1 Time: 0:00:002019-11-08 14:19:35,934 [IPC Server handler 1 on 32944] INFO  volume.OMVolumeCreateRequest (OMVolumeCreateRequest.java:validateAndUpdateCache(193)) - created volume:vol-0-84776 for user:jenkins1000
2019-11-08 14:19:36,764 [Command processor thread] ERROR commandhandler.CloseContainerCommandHandler (CloseContainerCommandHandler.java:handle(127)) - Can't close container #2
java.io.IOException: org.apache.ratis.protocol.GroupMismatchException: 0c78ec67-b04a-4fd2-a463-b437dfcbb376: group-F1069F9F4028 not found.
	at org.apache.hadoop.ozone.container.common.transport.server.ratis.XceiverServerRatis.submitRequest(XceiverServerRatis.java:509)
	at org.apache.hadoop.ozone.container.common.statemachine.commandhandler.CloseContainerCommandHandler.handle(CloseContainerCommandHandler.java:102)
	at org.apache.hadoop.ozone.container.common.statemachine.commandhandler.CommandDispatcher.handle(CommandDispatcher.java:99)
	at org.apache.hadoop.ozone.container.common.statemachine.DatanodeStateMachine.lambda$initCommandHandlerThread$1(DatanodeStateMachine.java:432)
	at java.lang.Thread.run(Thread.java:748)
Caused by: java.util.concurrent.ExecutionException: org.apache.ratis.protocol.GroupMismatchException: 0c78ec67-b04a-4fd2-a463-b437dfcbb376: group-F1069F9F4028 not found.
	at java.util.concurrent.CompletableFuture.reportGet(CompletableFuture.java:357)
	at java.util.concurrent.CompletableFuture.get(CompletableFuture.java:1895)
	at org.apache.hadoop.ozone.container.common.transport.server.ratis.XceiverServerRatis.submitRequest(XceiverServerRatis.java:507)
	... 4 more
Caused by: org.apache.ratis.protocol.GroupMismatchException: 0c78ec67-b04a-4fd2-a463-b437dfcbb376: group-F1069F9F4028 not found.
	at org.apache.ratis.server.impl.RaftServerProxy$ImplMap.get(RaftServerProxy.java:122)
	at org.apache.ratis.server.impl.RaftServerProxy.getImplFuture(RaftServerProxy.java:269)
	at org.apache.ratis.server.impl.RaftServerProxy.submitRequest(RaftServerProxy.java:327)
	at org.apache.ratis.server.impl.RaftServerProxy.submitClientRequestAsync(RaftServerProxy.java:333)
	... 5 more
 0.00% |?                                                                                                    |  0/1 Time: 0:00:012019-11-08 14:19:37,097 [0c78ec67-b04a-4fd2-a463-b437dfcbb376@group-F1069F9F4028-StateMachineUpdater] INFO  ratis.ContainerStateMachine (ContainerStateMachine.java:takeSnapshot(305)) - group-F1069F9F4028: Finished taking a snapshot at:(t:1, i:73) file:/workdir/hadoop-ozone/tools/target/test-dir/MiniOzoneClusterImpl-629f59bc-3a02-4619-b8ec-4b1f5e0dfed1/datanode-1/data/ratis/d2a23c70-b386-44db-958c-f1069f9f4028/sm/snapshot.1_73 time:2018
2019-11-08 14:19:37,098 [0c78ec67-b04a-4fd2-a463-b437dfcbb376@group-F1069F9F4028-StateMachineUpdater] INFO  impl.StateMachineUpdater (StateMachineUpdater.java:takeSnapshot(269)) - 0c78ec67-b04a-4fd2-a463-b437dfcbb376@group-F1069F9F4028-StateMachineUpdater: Took a snapshot at index 73
2019-11-08 14:19:37,098 [0c78ec67-b04a-4fd2-a463-b437dfcbb376@group-F1069F9F4028-StateMachineUpdater] INFO  impl.StateMachineUpdater (StateMachineUpdater.java:lambda$new$0(84)) - 0c78ec67-b04a-4fd2-a463-b437dfcbb376@group-F1069F9F4028-StateMachineUpdater: snapshotIndex: updateIncreasingly 73 -> 73
2019-11-08 14:19:37,099 [grpc-default-executor-0] INFO  impl.RaftServerImpl (ServerState.java:close(387)) - 0c78ec67-b04a-4fd2-a463-b437dfcbb376@group-F1069F9F4028: closes. applyIndex: 75
2019-11-08 14:19:37,099 [0c78ec67-b04a-4fd2-a463-b437dfcbb376@group-F1069F9F4028-SegmentedRaftLogWorker] INFO  segmented.SegmentedRaftLogWorker (SegmentedRaftLogWorker.java:run(316)) - 0c78ec67-b04a-4fd2-a463-b437dfcbb376@group-F1069F9F4028-SegmentedRaftLogWorker was interrupted, exiting. There are 0 tasks remaining in the queue.
 0.00% |?                                                                                                    |  0/1 Time: 0:00:022019-11-08 14:19:38,414 [grpc-default-executor-0] INFO  segmented.SegmentedRaftLogWorker (SegmentedRaftLogWorker.java:close(224)) - 0c78ec67-b04a-4fd2-a463-b437dfcbb376@group-F1069F9F4028-SegmentedRaftLogWorker close()
2019-11-08 14:19:38,817 [RATISCREATEPIPELINE1] ERROR pipeline.RatisPipelineProvider (RatisPipelineProvider.java:lambda$null$5(237)) - Failed invoke Ratis rpc org.apache.hadoop.hdds.scm.pipeline.RatisPipelineProvider$$Lambda$190/1705941737@24dfc9dd for 69b47348-0b11-4d95-99f3-8184b6987aae
org.apache.ratis.protocol.TimeoutIOException: deadline exceeded after 2997385304ns
	at org.apache.ratis.grpc.GrpcUtil.tryUnwrapException(GrpcUtil.java:82)
	at org.apache.ratis.grpc.GrpcUtil.unwrapException(GrpcUtil.java:75)
	at org.apache.ratis.grpc.client.GrpcClientProtocolClient.blockingCall(GrpcClientProtocolClient.java:184)
	at org.apache.ratis.grpc.client.GrpcClientProtocolClient.groupAdd(GrpcClientProtocolClient.java:153)
	at org.apache.ratis.grpc.client.GrpcClientRpc.sendRequest(GrpcClientRpc.java:94)
	at org.apache.ratis.client.impl.RaftClientImpl.sendRequest(RaftClientImpl.java:278)
	at org.apache.ratis.client.impl.RaftClientImpl.groupAdd(RaftClientImpl.java:205)
	at org.apache.hadoop.hdds.scm.pipeline.RatisPipelineProvider.lambda$initializePipeline$4(RatisPipelineProvider.java:198)
	at org.apache.hadoop.hdds.scm.pipeline.RatisPipelineProvider.lambda$null$5(RatisPipelineProvider.java:233)
	at java.util.stream.ForEachOps$ForEachOp$OfRef.accept(ForEachOps.java:183)
	at java.util.ArrayList$ArrayListSpliterator.forEachRemaining(ArrayList.java:1382)
	at java.util.stream.AbstractPipeline.copyInto(AbstractPipeline.java:482)
	at java.util.stream.ForEachOps$ForEachTask.compute(ForEachOps.java:290)
	at java.util.concurrent.CountedCompleter.exec(CountedCompleter.java:731)
	at java.util.concurrent.ForkJoinTask.doExec(ForkJoinTask.java:289)
	at java.util.concurrent.ForkJoinPool$WorkQueue.runTask(ForkJoinPool.java:1056)
	at java.util.concurrent.ForkJoinPool.runWorker(ForkJoinPool.java:1692)
	at java.util.concurrent.ForkJoinWorkerThread.run(ForkJoinWorkerThread.java:157)
Caused by: org.apache.ratis.thirdparty.io.grpc.StatusRuntimeException: DEADLINE_EXCEEDED: deadline exceeded after 2997385304ns
	at org.apache.ratis.thirdparty.io.grpc.stub.ClientCalls.toStatusRuntimeException(ClientCalls.java:233)
	at org.apache.ratis.thirdparty.io.grpc.stub.ClientCalls.getUnchecked(ClientCalls.java:214)
	at org.apache.ratis.thirdparty.io.grpc.stub.ClientCalls.blockingUnaryCall(ClientCalls.java:139)
	at org.apache.ratis.proto.grpc.AdminProtocolServiceGrpc$AdminProtocolServiceBlockingStub.groupManagement(AdminProtocolServiceGrpc.java:274)
	at org.apache.ratis.grpc.client.GrpcClientProtocolClient.lambda$groupAdd$3(GrpcClientProtocolClient.java:155)
	at org.apache.ratis.grpc.client.GrpcClientProtocolClient.blockingCall(GrpcClientProtocolClient.java:182)
	... 15 more
2019-11-08 14:19:38,824 [RATISCREATEPIPELINE2] ERROR pipeline.RatisPipelineProvider (RatisPipelineProvider.java:lambda$null$5(237)) - Failed invoke Ratis rpc org.apache.hadoop.hdds.scm.pipeline.RatisPipelineProvider$$Lambda$190/1705941737@24dfc9dd for 0c78ec67-b04a-4fd2-a463-b437dfcbb376
org.apache.ratis.protocol.TimeoutIOException: deadline exceeded after 2999327827ns
	at org.apache.ratis.grpc.GrpcUtil.tryUnwrapException(GrpcUtil.java:82)
	at org.apache.ratis.grpc.GrpcUtil.unwrapException(GrpcUtil.java:75)
	at org.apache.ratis.grpc.client.GrpcClientProtocolClient.blockingCall(GrpcClientProtocolClient.java:184)
	at org.apache.ratis.grpc.client.GrpcClientProtocolClient.groupAdd(GrpcClientProtocolClient.java:153)
	at org.apache.ratis.grpc.client.GrpcClientRpc.sendRequest(GrpcClientRpc.java:94)
	at org.apache.ratis.client.impl.RaftClientImpl.sendRequest(RaftClientImpl.java:278)
	at org.apache.ratis.client.impl.RaftClientImpl.groupAdd(RaftClientImpl.java:205)
	at org.apache.hadoop.hdds.scm.pipeline.RatisPipelineProvider.lambda$initializePipeline$4(RatisPipelineProvider.java:198)
	at org.apache.hadoop.hdds.scm.pipeline.RatisPipelineProvider.lambda$null$5(RatisPipelineProvider.java:233)
	at java.util.stream.ForEachOps$ForEachOp$OfRef.accept(ForEachOps.java:183)
	at java.util.ArrayList$ArrayListSpliterator.forEachRemaining(ArrayList.java:1382)
	at java.util.stream.AbstractPipeline.copyInto(AbstractPipeline.java:482)
	at java.util.stream.ForEachOps$ForEachTask.compute(ForEachOps.java:290)
	at java.util.concurrent.CountedCompleter.exec(CountedCompleter.java:731)
	at java.util.concurrent.ForkJoinTask.doExec(ForkJoinTask.java:289)
	at java.util.concurrent.ForkJoinPool$WorkQueue.runTask(ForkJoinPool.java:1056)
	at java.util.concurrent.ForkJoinPool.runWorker(ForkJoinPool.java:1692)
	at java.util.concurrent.ForkJoinWorkerThread.run(ForkJoinWorkerThread.java:157)
Caused by: org.apache.ratis.thirdparty.io.grpc.StatusRuntimeException: DEADLINE_EXCEEDED: deadline exceeded after 2999327827ns
	at org.apache.ratis.thirdparty.io.grpc.stub.ClientCalls.toStatusRuntimeException(ClientCalls.java:233)
	at org.apache.ratis.thirdparty.io.grpc.stub.ClientCalls.getUnchecked(ClientCalls.java:214)
	at org.apache.ratis.thirdparty.io.grpc.stub.ClientCalls.blockingUnaryCall(ClientCalls.java:139)
	at org.apache.ratis.proto.grpc.AdminProtocolServiceGrpc$AdminProtocolServiceBlockingStub.groupManagement(AdminProtocolServiceGrpc.java:274)
	at org.apache.ratis.grpc.client.GrpcClientProtocolClient.lambda$groupAdd$3(GrpcClientProtocolClient.java:155)
	at org.apache.ratis.grpc.client.GrpcClientProtocolClient.blockingCall(GrpcClientProtocolClient.java:182)
	... 15 more
2019-11-08 14:19:38,819 [RATISCREATEPIPELINE0] ERROR pipeline.RatisPipelineProvider (RatisPipelineProvider.java:lambda$null$5(237)) - Failed invoke Ratis rpc org.apache.hadoop.hdds.scm.pipeline.RatisPipelineProvider$$Lambda$190/1705941737@24dfc9dd for ae99e6be-c84a-4a9f-b357-947ef07c8d3a
org.apache.ratis.protocol.TimeoutIOException: deadline exceeded after 2996574807ns
	at org.apache.ratis.grpc.GrpcUtil.tryUnwrapException(GrpcUtil.java:82)
	at org.apache.ratis.grpc.GrpcUtil.unwrapException(GrpcUtil.java:75)
	at org.apache.ratis.grpc.client.GrpcClientProtocolClient.blockingCall(GrpcClientProtocolClient.java:184)
	at org.apache.ratis.grpc.client.GrpcClientProtocolClient.groupAdd(GrpcClientProtocolClient.java:153)
	at org.apache.ratis.grpc.client.GrpcClientRpc.sendRequest(GrpcClientRpc.java:94)
	at org.apache.ratis.client.impl.RaftClientImpl.sendRequest(RaftClientImpl.java:278)
	at org.apache.ratis.client.impl.RaftClientImpl.groupAdd(RaftClientImpl.java:205)
	at org.apache.hadoop.hdds.scm.pipeline.RatisPipelineProvider.lambda$initializePipeline$4(RatisPipelineProvider.java:198)
	at org.apache.hadoop.hdds.scm.pipeline.RatisPipelineProvider.lambda$null$5(RatisPipelineProvider.java:233)
	at java.util.stream.ForEachOps$ForEachOp$OfRef.accept(ForEachOps.java:183)
	at java.util.ArrayList$ArrayListSpliterator.forEachRemaining(ArrayList.java:1382)
	at java.util.stream.AbstractPipeline.copyInto(AbstractPipeline.java:482)
	at java.util.stream.ForEachOps$ForEachTask.compute(ForEachOps.java:290)
	at java.util.concurrent.CountedCompleter.exec(CountedCompleter.java:731)
	at java.util.concurrent.ForkJoinTask.doExec(ForkJoinTask.java:289)
	at java.util.concurrent.ForkJoinTask.doInvoke(ForkJoinTask.java:401)
	at java.util.concurrent.ForkJoinTask.invoke(ForkJoinTask.java:734)
	at java.util.stream.ForEachOps$ForEachOp.evaluateParallel(ForEachOps.java:159)
	at java.util.stream.ForEachOps$ForEachOp$OfRef.evaluateParallel(ForEachOps.java:173)
	at java.util.stream.AbstractPipeline.evaluate(AbstractPipeline.java:233)
	at java.util.stream.ReferencePipeline.forEach(ReferencePipeline.java:485)
	at java.util.stream.ReferencePipeline$Head.forEach(ReferencePipeline.java:650)
	at org.apache.hadoop.hdds.scm.pipeline.RatisPipelineProvider.lambda$callRatisRpc$6(RatisPipelineProvider.java:227)
	at java.util.concurrent.ForkJoinTask$AdaptedRunnableAction.exec(ForkJoinTask.java:1386)
	at java.util.concurrent.ForkJoinTask.doExec(ForkJoinTask.java:289)
	at java.util.concurrent.ForkJoinPool$WorkQueue.runTask(ForkJoinPool.java:1056)
	at java.util.concurrent.ForkJoinPool.runWorker(ForkJoinPool.java:1692)
	at java.util.concurrent.ForkJoinWorkerThread.run(ForkJoinWorkerThread.java:157)
Caused by: org.apache.ratis.thirdparty.io.grpc.StatusRuntimeException: DEADLINE_EXCEEDED: deadline exceeded after 2996574807ns
	at org.apache.ratis.thirdparty.io.grpc.stub.ClientCalls.toStatusRuntimeException(ClientCalls.java:233)
	at org.apache.ratis.thirdparty.io.grpc.stub.ClientCalls.getUnchecked(ClientCalls.java:214)
	at org.apache.ratis.thirdparty.io.grpc.stub.ClientCalls.blockingUnaryCall(ClientCalls.java:139)
	at org.apache.ratis.proto.grpc.AdminProtocolServiceGrpc$AdminProtocolServiceBlockingStub.groupManagement(AdminProtocolServiceGrpc.java:274)
	at org.apache.ratis.grpc.client.GrpcClientProtocolClient.lambda$groupAdd$3(GrpcClientProtocolClient.java:155)
	at org.apache.ratis.grpc.client.GrpcClientProtocolClient.blockingCall(GrpcClientProtocolClient.java:182)
	... 25 more
 0.00% |?                                                                                                    |  0/1 Time: 0:00:032019-11-08 14:19:39,019 [pool-37-thread-1] INFO  storage.RaftStorageDirectory (RaftStorageDirectory.java:tryLock(328)) - Lock on /workdir/hadoop-ozone/tools/target/test-dir/MiniOzoneClusterImpl-629f59bc-3a02-4619-b8ec-4b1f5e0dfed1/datanode-1/data/ratis/b04e2600-8106-4a2f-a8b8-af614509ac37/in_use.lock acquired by nodename 11353@pr-hdds-2400-q5jst-1761645290
2019-11-08 14:19:39,019 [pool-27-thread-1] INFO  storage.RaftStorageDirectory (RaftStorageDirectory.java:tryLock(328)) - Lock on /workdir/hadoop-ozone/tools/target/test-dir/MiniOzoneClusterImpl-629f59bc-3a02-4619-b8ec-4b1f5e0dfed1/datanode-0/data/ratis/b04e2600-8106-4a2f-a8b8-af614509ac37/in_use.lock acquired by nodename 11353@pr-hdds-2400-q5jst-1761645290
2019-11-08 14:19:39,019 [pool-47-thread-1] INFO  storage.RaftStorageDirectory (RaftStorageDirectory.java:tryLock(328)) - Lock on /workdir/hadoop-ozone/tools/target/test-dir/MiniOzoneClusterImpl-629f59bc-3a02-4619-b8ec-4b1f5e0dfed1/datanode-2/data/ratis/b04e2600-8106-4a2f-a8b8-af614509ac37/in_use.lock acquired by nodename 11353@pr-hdds-2400-q5jst-1761645290
2019-11-08 14:19:39,028 [pool-59-thread-2] INFO  rpc.RpcClient (RpcClient.java:createBucket(430)) - Creating Bucket: vol-0-84776/bucket-0-41294, with Versioning false and Storage Type set to DISK and Encryption set to false 
 0.00% |?                                                                                                    |  0/1 Time: 0:00:04 0.00% |?                                                                                                    |  0/1 Time: 0:00:05 0.00% |?                                                                                                    |  0/1 Time: 0:00:06 0.00% |?                                                                                                    |  0/1 Time: 0:00:072019-11-08 14:19:43,650 [grpc-default-executor-3] INFO  interfaces.Container (KeyValueContainer.java:flushAndSyncDB(400)) - Container 3 is synced with bcsId 41.
2019-11-08 14:19:43,652 [pool-37-thread-1] INFO  storage.RaftStorage (RaftStorage.java:format(84)) - Storage directory /workdir/hadoop-ozone/tools/target/test-dir/MiniOzoneClusterImpl-629f59bc-3a02-4619-b8ec-4b1f5e0dfed1/datanode-1/data/ratis/b04e2600-8106-4a2f-a8b8-af614509ac37 has been successfully formatted.
2019-11-08 14:19:43,652 [pool-27-thread-1] INFO  storage.RaftStorage (RaftStorage.java:format(84)) - Storage directory /workdir/hadoop-ozone/tools/target/test-dir/MiniOzoneClusterImpl-629f59bc-3a02-4619-b8ec-4b1f5e0dfed1/datanode-0/data/ratis/b04e2600-8106-4a2f-a8b8-af614509ac37 has been successfully formatted.
2019-11-08 14:19:43,652 [pool-47-thread-1] INFO  storage.RaftStorage (RaftStorage.java:format(84)) - Storage directory /workdir/hadoop-ozone/tools/target/test-dir/MiniOzoneClusterImpl-629f59bc-3a02-4619-b8ec-4b1f5e0dfed1/datanode-2/data/ratis/b04e2600-8106-4a2f-a8b8-af614509ac37 has been successfully formatted.
2019-11-08 14:19:43,650 [grpc-default-executor-0] INFO  interfaces.Container (KeyValueContainer.java:flushAndSyncDB(400)) - Container 1 is synced with bcsId 57.
2019-11-08 14:19:43,654 [pool-47-thread-1] INFO  ratis.ContainerStateMachine (ContainerStateMachine.java:loadSnapshot(231)) - group-AF614509AC37: The snapshot info is null. Setting the last applied indexto:(t:0, i:~)
2019-11-08 14:19:43,654 [pool-27-thread-1] INFO  ratis.ContainerStateMachine (ContainerStateMachine.java:loadSnapshot(231)) - group-AF614509AC37: The snapshot info is null. Setting the last applied indexto:(t:0, i:~)
2019-11-08 14:19:43,654 [pool-37-thread-1] INFO  ratis.ContainerStateMachine (ContainerStateMachine.java:loadSnapshot(231)) - group-AF614509AC37: The snapshot info is null. Setting the last applied indexto:(t:0, i:~)
2019-11-08 14:19:43,653 [grpc-default-executor-3] INFO  interfaces.Container (KeyValueContainer.java:flushAndSyncDB(400)) - Container 3 is synced with bcsId 41.
2019-11-08 14:19:43,654 [pool-37-thread-1] INFO  server.RaftServerConfigKeys (ConfUtils.java:logGet(43)) - raft.server.notification.no-leader.timeout = 120s (custom)
2019-11-08 14:19:43,654 [pool-27-thread-1] INFO  server.RaftServerConfigKeys (ConfUtils.java:logGet(43)) - raft.server.notification.no-leader.timeout = 120s (custom)
2019-11-08 14:19:43,654 [pool-47-thread-1] INFO  server.RaftServerConfigKeys (ConfUtils.java:logGet(43)) - raft.server.notification.no-leader.timeout = 120s (custom)
2019-11-08 14:19:43,655 [pool-47-thread-1] INFO  server.RaftServerConfigKeys (ConfUtils.java:logGet(43)) - raft.server.log.use.memory = false (default)
2019-11-08 14:19:43,654 [grpc-default-executor-0] INFO  interfaces.Container (KeyValueContainer.java:flushAndSyncDB(400)) - Container 1 is synced with bcsId 57.
2019-11-08 14:19:43,655 [pool-47-thread-1] INFO  server.RaftServerConfigKeys (ConfUtils.java:logGet(43)) - raft.server.log.purge.gap = 1000000 (custom)
2019-11-08 14:19:43,655 [pool-27-thread-1] INFO  server.RaftServerConfigKeys (ConfUtils.java:logGet(43)) - raft.server.log.use.memory = false (default)
2019-11-08 14:19:43,655 [pool-37-thread-1] INFO  server.RaftServerConfigKeys (ConfUtils.java:logGet(43)) - raft.server.log.use.memory = false (default)
2019-11-08 14:19:43,656 [pool-27-thread-1] INFO  server.RaftServerConfigKeys (ConfUtils.java:logGet(43)) - raft.server.log.purge.gap = 1000000 (custom)
2019-11-08 14:19:43,656 [pool-47-thread-1] INFO  server.RaftServerConfigKeys (ConfUtils.java:logGet(43)) - raft.server.log.appender.buffer.byte-limit = 33554432 (custom)
2019-11-08 14:19:43,656 [pool-27-thread-1] INFO  server.RaftServerConfigKeys (ConfUtils.java:logGet(43)) - raft.server.log.appender.buffer.byte-limit = 33554432 (custom)
2019-11-08 14:19:43,656 [pool-37-thread-1] INFO  server.RaftServerConfigKeys (ConfUtils.java:logGet(43)) - raft.server.log.purge.gap = 1000000 (custom)
2019-11-08 14:19:43,657 [pool-27-thread-1] INFO  server.RaftServerConfigKeys (ConfUtils.java:logGet(43)) - raft.server.log.segment.size.max = 1048576 (custom)
2019-11-08 14:19:43,656 [pool-47-thread-1] INFO  server.RaftServerConfigKeys (ConfUtils.java:logGet(43)) - raft.server.log.segment.size.max = 1048576 (custom)
2019-11-08 14:19:43,657 [pool-37-thread-1] INFO  server.RaftServerConfigKeys (ConfUtils.java:logGet(43)) - raft.server.log.appender.buffer.byte-limit = 33554432 (custom)
2019-11-08 14:19:43,657 [pool-47-thread-1] INFO  server.RaftServerConfigKeys (ConfUtils.java:logGet(43)) - raft.server.log.segment.cache.num.max = 2 (custom)
2019-11-08 14:19:43,657 [pool-27-thread-1] INFO  server.RaftServerConfigKeys (ConfUtils.java:logGet(43)) - raft.server.log.segment.cache.num.max = 2 (custom)
2019-11-08 14:19:43,657 [pool-47-thread-1] INFO  segmented.SegmentedRaftLogWorker (SegmentedRaftLogWorker.java:<init>(173)) - new ae99e6be-c84a-4a9f-b357-947ef07c8d3a@group-AF614509AC37-SegmentedRaftLogWorker for RaftStorage:Storage Directory /workdir/hadoop-ozone/tools/target/test-dir/MiniOzoneClusterImpl-629f59bc-3a02-4619-b8ec-4b1f5e0dfed1/datanode-2/data/ratis/b04e2600-8106-4a2f-a8b8-af614509ac37
2019-11-08 14:19:43,657 [pool-37-thread-1] INFO  server.RaftServerConfigKeys (ConfUtils.java:logGet(43)) - raft.server.log.segment.size.max = 1048576 (custom)
2019-11-08 14:19:43,658 [pool-47-thread-1] INFO  server.RaftServerConfigKeys (ConfUtils.java:logGet(43)) - raft.server.log.queue.byte-limit = 2147483647 (custom)
2019-11-08 14:19:43,657 [pool-27-thread-1] INFO  segmented.SegmentedRaftLogWorker (SegmentedRaftLogWorker.java:<init>(173)) - new 69b47348-0b11-4d95-99f3-8184b6987aae@group-AF614509AC37-SegmentedRaftLogWorker for RaftStorage:Storage Directory /workdir/hadoop-ozone/tools/target/test-dir/MiniOzoneClusterImpl-629f59bc-3a02-4619-b8ec-4b1f5e0dfed1/datanode-0/data/ratis/b04e2600-8106-4a2f-a8b8-af614509ac37
2019-11-08 14:19:43,658 [pool-47-thread-1] INFO  server.RaftServerConfigKeys (ConfUtils.java:logGet(43)) - raft.server.log.queue.element-limit = 1024 (custom)
2019-11-08 14:19:43,658 [pool-37-thread-1] INFO  server.RaftServerConfigKeys (ConfUtils.java:logGet(43)) - raft.server.log.segment.cache.num.max = 2 (custom)
2019-11-08 14:19:43,658 [pool-47-thread-1] INFO  server.RaftServerConfigKeys (ConfUtils.java:logGet(43)) - raft.server.log.segment.size.max = 1048576 (custom)
2019-11-08 14:19:43,658 [pool-27-thread-1] INFO  server.RaftServerConfigKeys (ConfUtils.java:logGet(43)) - raft.server.log.queue.byte-limit = 2147483647 (custom)
2019-11-08 14:19:43,659 [pool-47-thread-1] INFO  server.RaftServerConfigKeys (ConfUtils.java:logGet(43)) - raft.server.log.preallocated.size = 16384 (custom)
2019-11-08 14:19:43,658 [pool-37-thread-1] INFO  segmented.SegmentedRaftLogWorker (SegmentedRaftLogWorker.java:<init>(173)) - new 0c78ec67-b04a-4fd2-a463-b437dfcbb376@group-AF614509AC37-SegmentedRaftLogWorker for RaftStorage:Storage Directory /workdir/hadoop-ozone/tools/target/test-dir/MiniOzoneClusterImpl-629f59bc-3a02-4619-b8ec-4b1f5e0dfed1/datanode-1/data/ratis/b04e2600-8106-4a2f-a8b8-af614509ac37
2019-11-08 14:19:43,660 [pool-47-thread-1] INFO  server.RaftServerConfigKeys (ConfUtils.java:logGet(43)) - raft.server.log.write.buffer.size = 33554432 (custom)
2019-11-08 14:19:43,660 [pool-27-thread-1] INFO  server.RaftServerConfigKeys (ConfUtils.java:logGet(43)) - raft.server.log.queue.element-limit = 1024 (custom)
2019-11-08 14:19:43,661 [pool-47-thread-1] INFO  server.RaftServerConfigKeys (ConfUtils.java:logGet(43)) - raft.server.log.force.sync.num = 128 (default)
2019-11-08 14:19:43,660 [pool-37-thread-1] INFO  server.RaftServerConfigKeys (ConfUtils.java:logGet(43)) - raft.server.log.queue.byte-limit = 2147483647 (custom)
2019-11-08 14:19:43,661 [pool-47-thread-1] INFO  server.RaftServerConfigKeys (ConfUtils.java:logGet(43)) - raft.server.log.statemachine.data.sync = true (default)
2019-11-08 14:19:43,661 [pool-27-thread-1] INFO  server.RaftServerConfigKeys (ConfUtils.java:logGet(43)) - raft.server.log.segment.size.max = 1048576 (custom)
2019-11-08 14:19:43,661 [pool-47-thread-1] INFO  server.RaftServerConfigKeys (ConfUtils.java:logGet(43)) - raft.server.log.statemachine.data.sync.timeout = 10s (default)
2019-11-08 14:19:43,661 [pool-37-thread-1] INFO  server.RaftServerConfigKeys (ConfUtils.java:logGet(43)) - raft.server.log.queue.element-limit = 1024 (custom)
2019-11-08 14:19:43,661 [pool-47-thread-1] INFO  server.RaftServerConfigKeys (ConfUtils.java:logGet(43)) - raft.server.log.statemachine.data.sync.timeout.retry = -1 (default)
2019-11-08 14:19:43,661 [pool-27-thread-1] INFO  server.RaftServerConfigKeys (ConfUtils.java:logGet(43)) - raft.server.log.preallocated.size = 16384 (custom)
2019-11-08 14:19:43,662 [pool-37-thread-1] INFO  server.RaftServerConfigKeys (ConfUtils.java:logGet(43)) - raft.server.log.segment.size.max = 1048576 (custom)
2019-11-08 14:19:43,662 [pool-47-thread-1] INFO  server.RaftServerConfigKeys (ConfUtils.java:logGet(43)) - raft.server.log.statemachine.data.caching.enabled = true (custom)
2019-11-08 14:19:43,662 [pool-27-thread-1] INFO  server.RaftServerConfigKeys (ConfUtils.java:logGet(43)) - raft.server.log.write.buffer.size = 33554432 (custom)
2019-11-08 14:19:43,662 [pool-37-thread-1] INFO  server.RaftServerConfigKeys (ConfUtils.java:logGet(43)) - raft.server.log.preallocated.size = 16384 (custom)
2019-11-08 14:19:43,662 [pool-27-thread-1] INFO  server.RaftServerConfigKeys (ConfUtils.java:logGet(43)) - raft.server.log.force.sync.num = 128 (default)
2019-11-08 14:19:43,662 [pool-47-thread-1] INFO  segmented.SegmentedRaftLogWorker (SegmentedRaftLogWorker.java:lambda$new$0(128)) - ae99e6be-c84a-4a9f-b357-947ef07c8d3a@group-AF614509AC37-SegmentedRaftLogWorker: flushIndex: setUnconditionally 0 -> -1
2019-11-08 14:19:43,662 [pool-37-thread-1] INFO  server.RaftServerConfigKeys (ConfUtils.java:logGet(43)) - raft.server.log.write.buffer.size = 33554432 (custom)
2019-11-08 14:19:43,662 [pool-27-thread-1] INFO  server.RaftServerConfigKeys (ConfUtils.java:logGet(43)) - raft.server.log.statemachine.data.sync = true (default)
2019-11-08 14:19:43,663 [pool-37-thread-1] INFO  server.RaftServerConfigKeys (ConfUtils.java:logGet(43)) - raft.server.log.force.sync.num = 128 (default)
2019-11-08 14:19:43,663 [pool-27-thread-1] INFO  server.RaftServerConfigKeys (ConfUtils.java:logGet(43)) - raft.server.log.statemachine.data.sync.timeout = 10s (default)
2019-11-08 14:19:43,663 [pool-37-thread-1] INFO  server.RaftServerConfigKeys (ConfUtils.java:logGet(43)) - raft.server.log.statemachine.data.sync = true (default)
2019-11-08 14:19:43,663 [pool-47-thread-1] INFO  server.RaftServerConfigKeys (ConfUtils.java:logGet(43)) - raft.server.snapshot.auto.trigger.enabled = true (custom)
2019-11-08 14:19:43,663 [pool-37-thread-1] INFO  server.RaftServerConfigKeys (ConfUtils.java:logGet(43)) - raft.server.log.statemachine.data.sync.timeout = 10s (default)
2019-11-08 14:19:43,663 [pool-27-thread-1] INFO  server.RaftServerConfigKeys (ConfUtils.java:logGet(43)) - raft.server.log.statemachine.data.sync.timeout.retry = -1 (default)
2019-11-08 14:19:43,664 [pool-37-thread-1] INFO  server.RaftServerConfigKeys (ConfUtils.java:logGet(43)) - raft.server.log.statemachine.data.sync.timeout.retry = -1 (default)
2019-11-08 14:19:43,663 [pool-47-thread-1] INFO  server.RaftServerConfigKeys (ConfUtils.java:logGet(43)) - raft.server.snapshot.auto.trigger.threshold = 10000 (custom)
2019-11-08 14:19:43,664 [pool-37-thread-1] INFO  server.RaftServerConfigKeys (ConfUtils.java:logGet(43)) - raft.server.log.statemachine.data.caching.enabled = true (custom)
2019-11-08 14:19:43,664 [pool-27-thread-1] INFO  server.RaftServerConfigKeys (ConfUtils.java:logGet(43)) - raft.server.log.statemachine.data.caching.enabled = true (custom)
2019-11-08 14:19:43,664 [pool-47-thread-1] INFO  server.RaftServerConfigKeys (ConfUtils.java:logGet(43)) - raft.server.snapshot.retention.file.num = 5 (custom)
2019-11-08 14:19:43,664 [pool-37-thread-1] INFO  segmented.SegmentedRaftLogWorker (SegmentedRaftLogWorker.java:lambda$new$0(128)) - 0c78ec67-b04a-4fd2-a463-b437dfcbb376@group-AF614509AC37-SegmentedRaftLogWorker: flushIndex: setUnconditionally 0 -> -1
2019-11-08 14:19:43,665 [pool-47-thread-1] INFO  server.RaftServerConfigKeys (ConfUtils.java:logGet(43)) - raft.server.retrycache.expirytime = 600000ms (custom)
2019-11-08 14:19:43,664 [pool-27-thread-1] INFO  segmented.SegmentedRaftLogWorker (SegmentedRaftLogWorker.java:lambda$new$0(128)) - 69b47348-0b11-4d95-99f3-8184b6987aae@group-AF614509AC37-SegmentedRaftLogWorker: flushIndex: setUnconditionally 0 -> -1
2019-11-08 14:19:43,665 [pool-37-thread-1] INFO  server.RaftServerConfigKeys (ConfUtils.java:logGet(43)) - raft.server.snapshot.auto.trigger.enabled = true (custom)
2019-11-08 14:19:43,665 [pool-27-thread-1] INFO  server.RaftServerConfigKeys (ConfUtils.java:logGet(43)) - raft.server.snapshot.auto.trigger.enabled = true (custom)
2019-11-08 14:19:43,665 [pool-37-thread-1] INFO  server.RaftServerConfigKeys (ConfUtils.java:logGet(43)) - raft.server.snapshot.auto.trigger.threshold = 10000 (custom)
2019-11-08 14:19:43,665 [pool-47-thread-1] WARN  impl.MetricRegistriesImpl (MetricRegistriesImpl.java:lambda$create$1(61)) - First MetricRegistry has been created without registering reporters. You may need to call MetricRegistries.global().addReportRegistration(...) before.
2019-11-08 14:19:43,665 [pool-37-thread-1] INFO  server.RaftServerConfigKeys (ConfUtils.java:logGet(43)) - raft.server.snapshot.retention.file.num = 5 (custom)
2019-11-08 14:19:43,665 [pool-27-thread-1] INFO  server.RaftServerConfigKeys (ConfUtils.java:logGet(43)) - raft.server.snapshot.auto.trigger.threshold = 10000 (custom)
2019-11-08 14:19:43,666 [pool-37-thread-1] INFO  server.RaftServerConfigKeys (ConfUtils.java:logGet(43)) - raft.server.retrycache.expirytime = 600000ms (custom)
2019-11-08 14:19:43,666 [pool-47-thread-1] WARN  impl.MetricRegistriesImpl (MetricRegistriesImpl.java:lambda$create$1(61)) - First MetricRegistry has been created without registering reporters. You may need to call MetricRegistries.global().addReportRegistration(...) before.
2019-11-08 14:19:43,666 [pool-37-thread-1] WARN  impl.MetricRegistriesImpl (MetricRegistriesImpl.java:lambda$create$1(61)) - First MetricRegistry has been created without registering reporters. You may need to call MetricRegistries.global().addReportRegistration(...) before.
2019-11-08 14:19:43,666 [pool-27-thread-1] INFO  server.RaftServerConfigKeys (ConfUtils.java:logGet(43)) - raft.server.snapshot.retention.file.num = 5 (custom)
2019-11-08 14:19:43,666 [pool-37-thread-1] WARN  impl.MetricRegistriesImpl (MetricRegistriesImpl.java:lambda$create$1(61)) - First MetricRegistry has been created without registering reporters. You may need to call MetricRegistries.global().addReportRegistration(...) before.
2019-11-08 14:19:43,666 [pool-47-thread-1] INFO  impl.RaftServerImpl (RaftServerImpl.java:start(184)) - ae99e6be-c84a-4a9f-b357-947ef07c8d3a@group-AF614509AC37: start as a follower, conf=-1: [0c78ec67-b04a-4fd2-a463-b437dfcbb376:192.168.164.246:34008, ae99e6be-c84a-4a9f-b357-947ef07c8d3a:192.168.164.246:38773, 69b47348-0b11-4d95-99f3-8184b6987aae:192.168.164.246:45541], old=null
2019-11-08 14:19:43,666 [pool-27-thread-1] INFO  server.RaftServerConfigKeys (ConfUtils.java:logGet(43)) - raft.server.retrycache.expirytime = 600000ms (custom)
2019-11-08 14:19:43,666 [pool-37-thread-1] INFO  impl.RaftServerImpl (RaftServerImpl.java:start(184)) - 0c78ec67-b04a-4fd2-a463-b437dfcbb376@group-AF614509AC37: start as a follower, conf=-1: [0c78ec67-b04a-4fd2-a463-b437dfcbb376:192.168.164.246:34008, ae99e6be-c84a-4a9f-b357-947ef07c8d3a:192.168.164.246:38773, 69b47348-0b11-4d95-99f3-8184b6987aae:192.168.164.246:45541], old=null
2019-11-08 14:19:43,666 [pool-47-thread-1] INFO  impl.RaftServerImpl (RaftServerImpl.java:setRole(173)) - ae99e6be-c84a-4a9f-b357-947ef07c8d3a@group-AF614509AC37: changes role from      null to FOLLOWER at term 0 for startAsFollower
2019-11-08 14:19:43,667 [pool-37-thread-1] INFO  impl.RaftServerImpl (RaftServerImpl.java:setRole(173)) - 0c78ec67-b04a-4fd2-a463-b437dfcbb376@group-AF614509AC37: changes role from      null to FOLLOWER at term 0 for startAsFollower
2019-11-08 14:19:43,667 [pool-47-thread-1] INFO  impl.RoleInfo (RoleInfo.java:updateAndGet(143)) - ae99e6be-c84a-4a9f-b357-947ef07c8d3a: start FollowerState
2019-11-08 14:19:43,667 [pool-27-thread-1] WARN  impl.MetricRegistriesImpl (MetricRegistriesImpl.java:lambda$create$1(61)) - First MetricRegistry has been created without registering reporters. You may need to call MetricRegistries.global().addReportRegistration(...) before.
2019-11-08 14:19:43,667 [pool-37-thread-1] INFO  impl.RoleInfo (RoleInfo.java:updateAndGet(143)) - 0c78ec67-b04a-4fd2-a463-b437dfcbb376: start FollowerState
2019-11-08 14:19:43,667 [pool-27-thread-1] WARN  impl.MetricRegistriesImpl (MetricRegistriesImpl.java:lambda$create$1(61)) - First MetricRegistry has been created without registering reporters. You may need to call MetricRegistries.global().addReportRegistration(...) before.
2019-11-08 14:19:43,668 [pool-27-thread-1] INFO  impl.RaftServerImpl (RaftServerImpl.java:start(184)) - 69b47348-0b11-4d95-99f3-8184b6987aae@group-AF614509AC37: start as a follower, conf=-1: [0c78ec67-b04a-4fd2-a463-b437dfcbb376:192.168.164.246:34008, ae99e6be-c84a-4a9f-b357-947ef07c8d3a:192.168.164.246:38773, 69b47348-0b11-4d95-99f3-8184b6987aae:192.168.164.246:45541], old=null
2019-11-08 14:19:43,668 [pool-47-thread-1] INFO  util.JmxRegister (JmxRegister.java:tryRegister(44)) - Successfully registered JMX Bean with object name Ratis:service=RaftServer,group=group-AF614509AC37,id=ae99e6be-c84a-4a9f-b357-947ef07c8d3a
2019-11-08 14:19:43,668 [pool-37-thread-1] INFO  util.JmxRegister (JmxRegister.java:tryRegister(44)) - Successfully registered JMX Bean with object name Ratis:service=RaftServer,group=group-AF614509AC37,id=0c78ec67-b04a-4fd2-a463-b437dfcbb376
2019-11-08 14:19:43,668 [pool-47-thread-1] WARN  impl.MetricRegistriesImpl (MetricRegistriesImpl.java:lambda$create$1(61)) - First MetricRegistry has been created without registering reporters. You may need to call MetricRegistries.global().addReportRegistration(...) before.
2019-11-08 14:19:43,668 [pool-27-thread-1] INFO  impl.RaftServerImpl (RaftServerImpl.java:setRole(173)) - 69b47348-0b11-4d95-99f3-8184b6987aae@group-AF614509AC37: changes role from      null to FOLLOWER at term 0 for startAsFollower
2019-11-08 14:19:43,668 [pool-37-thread-1] WARN  impl.MetricRegistriesImpl (MetricRegistriesImpl.java:lambda$create$1(61)) - First MetricRegistry has been created without registering reporters. You may need to call MetricRegistries.global().addReportRegistration(...) before.
2019-11-08 14:19:43,668 [pool-27-thread-1] INFO  impl.RoleInfo (RoleInfo.java:updateAndGet(143)) - 69b47348-0b11-4d95-99f3-8184b6987aae: start FollowerState
2019-11-08 14:19:43,669 [pool-27-thread-1] INFO  util.JmxRegister (JmxRegister.java:tryRegister(44)) - Successfully registered JMX Bean with object name Ratis:service=RaftServer,group=group-AF614509AC37,id=69b47348-0b11-4d95-99f3-8184b6987aae
2019-11-08 14:19:43,669 [pool-27-thread-1] WARN  impl.MetricRegistriesImpl (MetricRegistriesImpl.java:lambda$create$1(61)) - First MetricRegistry has been created without registering reporters. You may need to call MetricRegistries.global().addReportRegistration(...) before.
2019-11-08 14:19:43,691 [grpc-default-executor-4] INFO  impl.RaftServerProxy (RaftServerProxy.java:addNew(89)) - 0c78ec67-b04a-4fd2-a463-b437dfcbb376: addNew group-E8A4E04EFEBF:[0c78ec67-b04a-4fd2-a463-b437dfcbb376:192.168.164.246:34008, ae99e6be-c84a-4a9f-b357-947ef07c8d3a:192.168.164.246:38773, 69b47348-0b11-4d95-99f3-8184b6987aae:192.168.164.246:45541] returns group-E8A4E04EFEBF:java.util.concurrent.CompletableFuture@2d811b2e[Not completed]
2019-11-08 14:19:43,691 [grpc-default-executor-1] INFO  impl.RaftServerProxy (RaftServerProxy.java:addNew(89)) - ae99e6be-c84a-4a9f-b357-947ef07c8d3a: addNew group-E8A4E04EFEBF:[0c78ec67-b04a-4fd2-a463-b437dfcbb376:192.168.164.246:34008, ae99e6be-c84a-4a9f-b357-947ef07c8d3a:192.168.164.246:38773, 69b47348-0b11-4d95-99f3-8184b6987aae:192.168.164.246:45541] returns group-E8A4E04EFEBF:java.util.concurrent.CompletableFuture@666fcd1e[Not completed]
2019-11-08 14:19:43,692 [grpc-default-executor-2] INFO  impl.RaftServerProxy (RaftServerProxy.java:addNew(89)) - 69b47348-0b11-4d95-99f3-8184b6987aae: addNew group-E8A4E04EFEBF:[0c78ec67-b04a-4fd2-a463-b437dfcbb376:192.168.164.246:34008, ae99e6be-c84a-4a9f-b357-947ef07c8d3a:192.168.164.246:38773, 69b47348-0b11-4d95-99f3-8184b6987aae:192.168.164.246:45541] returns group-E8A4E04EFEBF:java.util.concurrent.CompletableFuture@35ea6522[Not completed]
2019-11-08 14:19:43,694 [pool-37-thread-1] INFO  impl.RaftServerImpl (RaftServerImpl.java:<init>(98)) - 0c78ec67-b04a-4fd2-a463-b437dfcbb376: new RaftServerImpl for group-E8A4E04EFEBF:[0c78ec67-b04a-4fd2-a463-b437dfcbb376:192.168.164.246:34008, ae99e6be-c84a-4a9f-b357-947ef07c8d3a:192.168.164.246:38773, 69b47348-0b11-4d95-99f3-8184b6987aae:192.168.164.246:45541] with ContainerStateMachine:uninitialized
2019-11-08 14:19:43,694 [pool-37-thread-1] INFO  server.RaftServerConfigKeys (ConfUtils.java:logGet(43)) - raft.server.rpc.timeout.min = 5s (custom)
2019-11-08 14:19:43,695 [pool-37-thread-1] INFO  server.RaftServerConfigKeys (ConfUtils.java:logGet(43)) - raft.server.rpc.timeout.max = 5200ms (custom)
2019-11-08 14:19:43,695 [pool-37-thread-1] INFO  server.RaftServerConfigKeys (ConfUtils.java:logGet(43)) - raft.server.rpcslowness.timeout = 120s (custom)
2019-11-08 14:19:43,695 [pool-37-thread-1] INFO  server.RaftServerConfigKeys (ConfUtils.java:logGet(43)) - raft.server.sleep.deviation.threshold = 300 (default)
2019-11-08 14:19:43,695 [pool-37-thread-1] INFO  server.RaftServerConfigKeys (ConfUtils.java:logGet(43)) - raft.server.log.appender.install.snapshot.enabled = false (custom)
2019-11-08 14:19:43,695 [pool-47-thread-1] INFO  impl.RaftServerImpl (RaftServerImpl.java:<init>(98)) - ae99e6be-c84a-4a9f-b357-947ef07c8d3a: new RaftServerImpl for group-E8A4E04EFEBF:[0c78ec67-b04a-4fd2-a463-b437dfcbb376:192.168.164.246:34008, ae99e6be-c84a-4a9f-b357-947ef07c8d3a:192.168.164.246:38773, 69b47348-0b11-4d95-99f3-8184b6987aae:192.168.164.246:45541] with ContainerStateMachine:uninitialized
2019-11-08 14:19:43,695 [pool-37-thread-1] INFO  impl.RaftServerImpl (ServerState.java:<init>(103)) - 0c78ec67-b04a-4fd2-a463-b437dfcbb376@group-E8A4E04EFEBF: ConfigurationManager, init=-1: [0c78ec67-b04a-4fd2-a463-b437dfcbb376:192.168.164.246:34008, ae99e6be-c84a-4a9f-b357-947ef07c8d3a:192.168.164.246:38773, 69b47348-0b11-4d95-99f3-8184b6987aae:192.168.164.246:45541], old=null, confs=<EMPTY_MAP>
2019-11-08 14:19:43,695 [pool-47-thread-1] INFO  server.RaftServerConfigKeys (ConfUtils.java:logGet(43)) - raft.server.rpc.timeout.min = 5s (custom)
2019-11-08 14:19:43,696 [pool-37-thread-1] INFO  server.RaftServerConfigKeys (ConfUtils.java:logGet(43)) - raft.server.storage.dir = [/workdir/hadoop-ozone/tools/target/test-dir/MiniOzoneClusterImpl-629f59bc-3a02-4619-b8ec-4b1f5e0dfed1/datanode-1/data/ratis] (custom)
2019-11-08 14:19:43,696 [pool-47-thread-1] INFO  server.RaftServerConfigKeys (ConfUtils.java:logGet(43)) - raft.server.rpc.timeout.max = 5200ms (custom)
2019-11-08 14:19:43,696 [pool-47-thread-1] INFO  server.RaftServerConfigKeys (ConfUtils.java:logGet(43)) - raft.server.rpcslowness.timeout = 120s (custom)
2019-11-08 14:19:43,696 [pool-37-thread-1] INFO  server.RaftServerConfigKeys (ConfUtils.java:logGet(43)) - raft.server.log.corruption.policy = EXCEPTION (default)
2019-11-08 14:19:43,696 [pool-47-thread-1] INFO  server.RaftServerConfigKeys (ConfUtils.java:logGet(43)) - raft.server.sleep.deviation.threshold = 300 (default)
2019-11-08 14:19:43,696 [pool-37-thread-1] INFO  storage.RaftStorageDirectory (RaftStorageDirectory.java:analyzeStorage(246)) - The storage directory /workdir/hadoop-ozone/tools/target/test-dir/MiniOzoneClusterImpl-629f59bc-3a02-4619-b8ec-4b1f5e0dfed1/datanode-1/data/ratis/9d96b092-2677-48ae-88ea-e8a4e04efebf does not exist. Creating ...
2019-11-08 14:19:43,696 [pool-27-thread-1] INFO  impl.RaftServerImpl (RaftServerImpl.java:<init>(98)) - 69b47348-0b11-4d95-99f3-8184b6987aae: new RaftServerImpl for group-E8A4E04EFEBF:[0c78ec67-b04a-4fd2-a463-b437dfcbb376:192.168.164.246:34008, ae99e6be-c84a-4a9f-b357-947ef07c8d3a:192.168.164.246:38773, 69b47348-0b11-4d95-99f3-8184b6987aae:192.168.164.246:45541] with ContainerStateMachine:uninitialized
2019-11-08 14:19:43,696 [pool-47-thread-1] INFO  server.RaftServerConfigKeys (ConfUtils.java:logGet(43)) - raft.server.log.appender.install.snapshot.enabled = false (custom)
2019-11-08 14:19:43,696 [pool-27-thread-1] INFO  server.RaftServerConfigKeys (ConfUtils.java:logGet(43)) - raft.server.rpc.timeout.min = 5s (custom)
2019-11-08 14:19:43,697 [pool-47-thread-1] INFO  impl.RaftServerImpl (ServerState.java:<init>(103)) - ae99e6be-c84a-4a9f-b357-947ef07c8d3a@group-E8A4E04EFEBF: ConfigurationManager, init=-1: [0c78ec67-b04a-4fd2-a463-b437dfcbb376:192.168.164.246:34008, ae99e6be-c84a-4a9f-b357-947ef07c8d3a:192.168.164.246:38773, 69b47348-0b11-4d95-99f3-8184b6987aae:192.168.164.246:45541], old=null, confs=<EMPTY_MAP>
2019-11-08 14:19:43,697 [pool-27-thread-1] INFO  server.RaftServerConfigKeys (ConfUtils.java:logGet(43)) - raft.server.rpc.timeout.max = 5200ms (custom)
2019-11-08 14:19:43,697 [pool-47-thread-1] INFO  server.RaftServerConfigKeys (ConfUtils.java:logGet(43)) - raft.server.storage.dir = [/workdir/hadoop-ozone/tools/target/test-dir/MiniOzoneClusterImpl-629f59bc-3a02-4619-b8ec-4b1f5e0dfed1/datanode-2/data/ratis] (custom)
2019-11-08 14:19:43,697 [pool-27-thread-1] INFO  server.RaftServerConfigKeys (ConfUtils.java:logGet(43)) - raft.server.rpcslowness.timeout = 120s (custom)
2019-11-08 14:19:43,697 [pool-27-thread-1] INFO  server.RaftServerConfigKeys (ConfUtils.java:logGet(43)) - raft.server.sleep.deviation.threshold = 300 (default)
2019-11-08 14:19:43,697 [pool-47-thread-1] INFO  server.RaftServerConfigKeys (ConfUtils.java:logGet(43)) - raft.server.log.corruption.policy = EXCEPTION (default)
2019-11-08 14:19:43,697 [pool-27-thread-1] INFO  server.RaftServerConfigKeys (ConfUtils.java:logGet(43)) - raft.server.log.appender.install.snapshot.enabled = false (custom)
2019-11-08 14:19:43,698 [pool-27-thread-1] INFO  impl.RaftServerImpl (ServerState.java:<init>(103)) - 69b47348-0b11-4d95-99f3-8184b6987aae@group-E8A4E04EFEBF: ConfigurationManager, init=-1: [0c78ec67-b04a-4fd2-a463-b437dfcbb376:192.168.164.246:34008, ae99e6be-c84a-4a9f-b357-947ef07c8d3a:192.168.164.246:38773, 69b47348-0b11-4d95-99f3-8184b6987aae:192.168.164.246:45541], old=null, confs=<EMPTY_MAP>
2019-11-08 14:19:43,698 [pool-47-thread-1] INFO  storage.RaftStorageDirectory (RaftStorageDirectory.java:analyzeStorage(246)) - The storage directory /workdir/hadoop-ozone/tools/target/test-dir/MiniOzoneClusterImpl-629f59bc-3a02-4619-b8ec-4b1f5e0dfed1/datanode-2/data/ratis/9d96b092-2677-48ae-88ea-e8a4e04efebf does not exist. Creating ...
2019-11-08 14:19:43,698 [pool-27-thread-1] INFO  server.RaftServerConfigKeys (ConfUtils.java:logGet(43)) - raft.server.storage.dir = [/workdir/hadoop-ozone/tools/target/test-dir/MiniOzoneClusterImpl-629f59bc-3a02-4619-b8ec-4b1f5e0dfed1/datanode-0/data/ratis] (custom)
2019-11-08 14:19:43,698 [pool-27-thread-1] INFO  server.RaftServerConfigKeys (ConfUtils.java:logGet(43)) - raft.server.log.corruption.policy = EXCEPTION (default)
2019-11-08 14:19:43,698 [pool-27-thread-1] INFO  storage.RaftStorageDirectory (RaftStorageDirectory.java:analyzeStorage(246)) - The storage directory /workdir/hadoop-ozone/tools/target/test-dir/MiniOzoneClusterImpl-629f59bc-3a02-4619-b8ec-4b1f5e0dfed1/datanode-0/data/ratis/9d96b092-2677-48ae-88ea-e8a4e04efebf does not exist. Creating ...
 0.00% |?                                                                                                    |  0/1 Time: 0:00:08 0.00% |?                                                                                                    |  0/1 Time: 0:00:09 0.00% |?                                                                                                    |  0/1 Time: 0:00:102019-11-08 14:19:46,690 [RATISCREATEPIPELINE2] ERROR pipeline.RatisPipelineProvider (RatisPipelineProvider.java:lambda$null$5(237)) - Failed invoke Ratis rpc org.apache.hadoop.hdds.scm.pipeline.RatisPipelineProvider$$Lambda$190/1705941737@432f83e6 for ae99e6be-c84a-4a9f-b357-947ef07c8d3a
org.apache.ratis.protocol.TimeoutIOException: deadline exceeded after 2999417008ns
	at org.apache.ratis.grpc.GrpcUtil.tryUnwrapException(GrpcUtil.java:82)
	at org.apache.ratis.grpc.GrpcUtil.unwrapException(GrpcUtil.java:75)
	at org.apache.ratis.grpc.client.GrpcClientProtocolClient.blockingCall(GrpcClientProtocolClient.java:184)
	at org.apache.ratis.grpc.client.GrpcClientProtocolClient.groupAdd(GrpcClientProtocolClient.java:153)
	at org.apache.ratis.grpc.client.GrpcClientRpc.sendRequest(GrpcClientRpc.java:94)
	at org.apache.ratis.client.impl.RaftClientImpl.sendRequest(RaftClientImpl.java:278)
	at org.apache.ratis.client.impl.RaftClientImpl.groupAdd(RaftClientImpl.java:205)
	at org.apache.hadoop.hdds.scm.pipeline.RatisPipelineProvider.lambda$initializePipeline$4(RatisPipelineProvider.java:198)
	at org.apache.hadoop.hdds.scm.pipeline.RatisPipelineProvider.lambda$null$5(RatisPipelineProvider.java:233)
	at java.util.stream.ForEachOps$ForEachOp$OfRef.accept(ForEachOps.java:183)
	at java.util.ArrayList$ArrayListSpliterator.forEachRemaining(ArrayList.java:1382)
	at java.util.stream.AbstractPipeline.copyInto(AbstractPipeline.java:482)
	at java.util.stream.ForEachOps$ForEachTask.compute(ForEachOps.java:290)
	at java.util.concurrent.CountedCompleter.exec(CountedCompleter.java:731)
	at java.util.concurrent.ForkJoinTask.doExec(ForkJoinTask.java:289)
	at java.util.concurrent.ForkJoinTask.doInvoke(ForkJoinTask.java:401)
	at java.util.concurrent.ForkJoinTask.invoke(ForkJoinTask.java:734)
	at java.util.stream.ForEachOps$ForEachOp.evaluateParallel(ForEachOps.java:159)
	at java.util.stream.ForEachOps$ForEachOp$OfRef.evaluateParallel(ForEachOps.java:173)
	at java.util.stream.AbstractPipeline.evaluate(AbstractPipeline.java:233)
	at java.util.stream.ReferencePipeline.forEach(ReferencePipeline.java:485)
	at java.util.stream.ReferencePipeline$Head.forEach(ReferencePipeline.java:650)
	at org.apache.hadoop.hdds.scm.pipeline.RatisPipelineProvider.lambda$callRatisRpc$6(RatisPipelineProvider.java:227)
	at java.util.concurrent.ForkJoinTask$AdaptedRunnableAction.exec(ForkJoinTask.java:1386)
	at java.util.concurrent.ForkJoinTask.doExec(ForkJoinTask.java:289)
	at java.util.concurrent.ForkJoinPool$WorkQueue.runTask(ForkJoinPool.java:1056)
	at java.util.concurrent.ForkJoinPool.runWorker(ForkJoinPool.java:1692)
	at java.util.concurrent.ForkJoinWorkerThread.run(ForkJoinWorkerThread.java:157)
Caused by: org.apache.ratis.thirdparty.io.grpc.StatusRuntimeException: DEADLINE_EXCEEDED: deadline exceeded after 2999417008ns
	at org.apache.ratis.thirdparty.io.grpc.stub.ClientCalls.toStatusRuntimeException(ClientCalls.java:233)
	at org.apache.ratis.thirdparty.io.grpc.stub.ClientCalls.getUnchecked(ClientCalls.java:214)
	at org.apache.ratis.thirdparty.io.grpc.stub.ClientCalls.blockingUnaryCall(ClientCalls.java:139)
	at org.apache.ratis.proto.grpc.AdminProtocolServiceGrpc$AdminProtocolServiceBlockingStub.groupManagement(AdminProtocolServiceGrpc.java:274)
	at org.apache.ratis.grpc.client.GrpcClientProtocolClient.lambda$groupAdd$3(GrpcClientProtocolClient.java:155)
	at org.apache.ratis.grpc.client.GrpcClientProtocolClient.blockingCall(GrpcClientProtocolClient.java:182)
	... 25 more
2019-11-08 14:19:46,690 [RATISCREATEPIPELINE3] ERROR pipeline.RatisPipelineProvider (RatisPipelineProvider.java:lambda$null$5(237)) - Failed invoke Ratis rpc org.apache.hadoop.hdds.scm.pipeline.RatisPipelineProvider$$Lambda$190/1705941737@432f83e6 for 0c78ec67-b04a-4fd2-a463-b437dfcbb376
org.apache.ratis.protocol.TimeoutIOException: deadline exceeded after 2999448313ns
	at org.apache.ratis.grpc.GrpcUtil.tryUnwrapException(GrpcUtil.java:82)
	at org.apache.ratis.grpc.GrpcUtil.unwrapException(GrpcUtil.java:75)
	at org.apache.ratis.grpc.client.GrpcClientProtocolClient.blockingCall(GrpcClientProtocolClient.java:184)
	at org.apache.ratis.grpc.client.GrpcClientProtocolClient.groupAdd(GrpcClientProtocolClient.java:153)
	at org.apache.ratis.grpc.client.GrpcClientRpc.sendRequest(GrpcClientRpc.java:94)
	at org.apache.ratis.client.impl.RaftClientImpl.sendRequest(RaftClientImpl.java:278)
	at org.apache.ratis.client.impl.RaftClientImpl.groupAdd(RaftClientImpl.java:205)
	at org.apache.hadoop.hdds.scm.pipeline.RatisPipelineProvider.lambda$initializePipeline$4(RatisPipelineProvider.java:198)
	at org.apache.hadoop.hdds.scm.pipeline.RatisPipelineProvider.lambda$null$5(RatisPipelineProvider.java:233)
	at java.util.stream.ForEachOps$ForEachOp$OfRef.accept(ForEachOps.java:183)
	at java.util.ArrayList$ArrayListSpliterator.forEachRemaining(ArrayList.java:1382)
	at java.util.stream.AbstractPipeline.copyInto(AbstractPipeline.java:482)
	at java.util.stream.ForEachOps$ForEachTask.compute(ForEachOps.java:290)
	at java.util.concurrent.CountedCompleter.exec(CountedCompleter.java:731)
	at java.util.concurrent.ForkJoinTask.doExec(ForkJoinTask.java:289)
	at java.util.concurrent.ForkJoinPool$WorkQueue.runTask(ForkJoinPool.java:1056)
	at java.util.concurrent.ForkJoinPool.runWorker(ForkJoinPool.java:1692)
	at java.util.concurrent.ForkJoinWorkerThread.run(ForkJoinWorkerThread.java:157)
Caused by: org.apache.ratis.thirdparty.io.grpc.StatusRuntimeException: DEADLINE_EXCEEDED: deadline exceeded after 2999448313ns
	at org.apache.ratis.thirdparty.io.grpc.stub.ClientCalls.toStatusRuntimeException(ClientCalls.java:233)
	at org.apache.ratis.thirdparty.io.grpc.stub.ClientCalls.getUnchecked(ClientCalls.java:214)
	at org.apache.ratis.thirdparty.io.grpc.stub.ClientCalls.blockingUnaryCall(ClientCalls.java:139)
	at org.apache.ratis.proto.grpc.AdminProtocolServiceGrpc$AdminProtocolServiceBlockingStub.groupManagement(AdminProtocolServiceGrpc.java:274)
	at org.apache.ratis.grpc.client.GrpcClientProtocolClient.lambda$groupAdd$3(GrpcClientProtocolClient.java:155)
	at org.apache.ratis.grpc.client.GrpcClientProtocolClient.blockingCall(GrpcClientProtocolClient.java:182)
	... 15 more
2019-11-08 14:19:46,696 [RATISCREATEPIPELINE1] ERROR pipeline.RatisPipelineProvider (RatisPipelineProvider.java:lambda$null$5(237)) - Failed invoke Ratis rpc org.apache.hadoop.hdds.scm.pipeline.RatisPipelineProvider$$Lambda$190/1705941737@432f83e6 for 69b47348-0b11-4d95-99f3-8184b6987aae
org.apache.ratis.protocol.TimeoutIOException
	at org.apache.ratis.grpc.GrpcUtil.tryUnwrapException(GrpcUtil.java:82)
	at org.apache.ratis.grpc.GrpcUtil.unwrapException(GrpcUtil.java:75)
	at org.apache.ratis.grpc.client.GrpcClientProtocolClient.blockingCall(GrpcClientProtocolClient.java:184)
	at org.apache.ratis.grpc.client.GrpcClientProtocolClient.groupAdd(GrpcClientProtocolClient.java:153)
	at org.apache.ratis.grpc.client.GrpcClientRpc.sendRequest(GrpcClientRpc.java:94)
	at org.apache.ratis.client.impl.RaftClientImpl.sendRequest(RaftClientImpl.java:278)
	at org.apache.ratis.client.impl.RaftClientImpl.groupAdd(RaftClientImpl.java:205)
	at org.apache.hadoop.hdds.scm.pipeline.RatisPipelineProvider.lambda$initializePipeline$4(RatisPipelineProvider.java:198)
	at org.apache.hadoop.hdds.scm.pipeline.RatisPipelineProvider.lambda$null$5(RatisPipelineProvider.java:233)
	at java.util.stream.ForEachOps$ForEachOp$OfRef.accept(ForEachOps.java:183)
	at java.util.ArrayList$ArrayListSpliterator.forEachRemaining(ArrayList.java:1382)
	at java.util.stream.AbstractPipeline.copyInto(AbstractPipeline.java:482)
	at java.util.stream.ForEachOps$ForEachTask.compute(ForEachOps.java:290)
	at java.util.concurrent.CountedCompleter.exec(CountedCompleter.java:731)
	at java.util.concurrent.ForkJoinTask.doExec(ForkJoinTask.java:289)
	at java.util.concurrent.ForkJoinPool$WorkQueue.runTask(ForkJoinPool.java:1056)
	at java.util.concurrent.ForkJoinPool.runWorker(ForkJoinPool.java:1692)
	at java.util.concurrent.ForkJoinWorkerThread.run(ForkJoinWorkerThread.java:157)
Caused by: org.apache.ratis.thirdparty.io.grpc.StatusRuntimeException: DEADLINE_EXCEEDED
	at org.apache.ratis.thirdparty.io.grpc.stub.ClientCalls.toStatusRuntimeException(ClientCalls.java:233)
	at org.apache.ratis.thirdparty.io.grpc.stub.ClientCalls.getUnchecked(ClientCalls.java:214)
	at org.apache.ratis.thirdparty.io.grpc.stub.ClientCalls.blockingUnaryCall(ClientCalls.java:139)
	at org.apache.ratis.proto.grpc.AdminProtocolServiceGrpc$AdminProtocolServiceBlockingStub.groupManagement(AdminProtocolServiceGrpc.java:274)
	at org.apache.ratis.grpc.client.GrpcClientProtocolClient.lambda$groupAdd$3(GrpcClientProtocolClient.java:155)
	at org.apache.ratis.grpc.client.GrpcClientProtocolClient.blockingCall(GrpcClientProtocolClient.java:182)
	... 15 more
2019-11-08 14:19:46,698 [IPC Server handler 0 on 34937] WARN  block.BlockManagerImpl (BlockManagerImpl.java:allocateBlock(200)) - Pipeline creation failed for type:RATIS factor:THREE. Retrying get pipelines call once.
org.apache.hadoop.io.MultipleIOException: 3 exceptions [java.io.IOException: Failed invoke Ratis rpc org.apache.hadoop.hdds.scm.pipeline.RatisPipelineProvider$$Lambda$190/1705941737@432f83e6 for ae99e6be-c84a-4a9f-b357-947ef07c8d3a, java.io.IOException: Failed invoke Ratis rpc org.apache.hadoop.hdds.scm.pipeline.RatisPipelineProvider$$Lambda$190/1705941737@432f83e6 for 0c78ec67-b04a-4fd2-a463-b437dfcbb376, java.io.IOException: Failed invoke Ratis rpc org.apache.hadoop.hdds.scm.pipeline.RatisPipelineProvider$$Lambda$190/1705941737@432f83e6 for 69b47348-0b11-4d95-99f3-8184b6987aae]
	at org.apache.hadoop.io.MultipleIOException.createIOException(MultipleIOException.java:53)
	at org.apache.hadoop.hdds.scm.pipeline.RatisPipelineProvider.callRatisRpc(RatisPipelineProvider.java:253)
	at org.apache.hadoop.hdds.scm.pipeline.RatisPipelineProvider.initializePipeline(RatisPipelineProvider.java:196)
	at org.apache.hadoop.hdds.scm.pipeline.RatisPipelineProvider.create(RatisPipelineProvider.java:163)
	at org.apache.hadoop.hdds.scm.pipeline.PipelineFactory.create(PipelineFactory.java:58)
	at org.apache.hadoop.hdds.scm.pipeline.SCMPipelineManager.createPipeline(SCMPipelineManager.java:155)
	at org.apache.hadoop.hdds.scm.block.BlockManagerImpl.allocateBlock(BlockManagerImpl.java:198)
	at org.apache.hadoop.hdds.scm.server.SCMBlockProtocolServer.allocateBlock(SCMBlockProtocolServer.java:187)
	at org.apache.hadoop.hdds.scm.protocol.ScmBlockLocationProtocolServerSideTranslatorPB.allocateScmBlock(ScmBlockLocationProtocolServerSideTranslatorPB.java:159)
	at org.apache.hadoop.hdds.scm.protocol.ScmBlockLocationProtocolServerSideTranslatorPB.processMessage(ScmBlockLocationProtocolServerSideTranslatorPB.java:117)
	at org.apache.hadoop.hdds.server.OzoneProtocolMessageDispatcher.processRequest(OzoneProtocolMessageDispatcher.java:72)
	at org.apache.hadoop.hdds.scm.protocol.ScmBlockLocationProtocolServerSideTranslatorPB.send(ScmBlockLocationProtocolServerSideTranslatorPB.java:98)
	at org.apache.hadoop.hdds.protocol.proto.ScmBlockLocationProtocolProtos$ScmBlockLocationProtocolService$2.callBlockingMethod(ScmBlockLocationProtocolProtos.java:13157)
	at org.apache.hadoop.ipc.ProtobufRpcEngine$Server$ProtoBufRpcInvoker.call(ProtobufRpcEngine.java:524)
	at org.apache.hadoop.ipc.RPC$Server.call(RPC.java:1025)
	at org.apache.hadoop.ipc.Server$RpcCall.run(Server.java:876)
	at org.apache.hadoop.ipc.Server$RpcCall.run(Server.java:822)
	at java.security.AccessController.doPrivileged(Native Method)
	at javax.security.auth.Subject.doAs(Subject.java:422)
	at org.apache.hadoop.security.UserGroupInformation.doAs(UserGroupInformation.java:1730)
	at org.apache.hadoop.ipc.Server$Handler.run(Server.java:2682)
2019-11-08 14:19:46,699 [IPC Server handler 0 on 34937] INFO  block.BlockManagerImpl (BlockManagerImpl.java:allocateBlock(212)) - Could not find available pipeline of type:RATIS and factor:THREE even after retrying
2019-11-08 14:19:46,699 [IPC Server handler 0 on 34937] ERROR block.BlockManagerImpl (BlockManagerImpl.java:allocateBlock(236)) - Unable to allocate a block for the size: 4194304, type: RATIS, factor: THREE
2019-11-08 14:19:46,711 [grpc-default-executor-2] INFO  impl.RaftServerProxy (RaftServerProxy.java:addNew(89)) - ae99e6be-c84a-4a9f-b357-947ef07c8d3a: addNew group-B4AE20506574:[0c78ec67-b04a-4fd2-a463-b437dfcbb376:192.168.164.246:34008, ae99e6be-c84a-4a9f-b357-947ef07c8d3a:192.168.164.246:38773, 69b47348-0b11-4d95-99f3-8184b6987aae:192.168.164.246:45541] returns group-B4AE20506574:java.util.concurrent.CompletableFuture@7fe1f60[Not completed]
2019-11-08 14:19:46,711 [grpc-default-executor-4] INFO  impl.RaftServerProxy (RaftServerProxy.java:addNew(89)) - 0c78ec67-b04a-4fd2-a463-b437dfcbb376: addNew group-B4AE20506574:[0c78ec67-b04a-4fd2-a463-b437dfcbb376:192.168.164.246:34008, ae99e6be-c84a-4a9f-b357-947ef07c8d3a:192.168.164.246:38773, 69b47348-0b11-4d95-99f3-8184b6987aae:192.168.164.246:45541] returns group-B4AE20506574:java.util.concurrent.CompletableFuture@5565206c[Not completed]
2019-11-08 14:19:46,711 [grpc-default-executor-5] INFO  impl.RaftServerProxy (RaftServerProxy.java:addNew(89)) - 69b47348-0b11-4d95-99f3-8184b6987aae: addNew group-B4AE20506574:[0c78ec67-b04a-4fd2-a463-b437dfcbb376:192.168.164.246:34008, ae99e6be-c84a-4a9f-b357-947ef07c8d3a:192.168.164.246:38773, 69b47348-0b11-4d95-99f3-8184b6987aae:192.168.164.246:45541] returns group-B4AE20506574:java.util.concurrent.CompletableFuture@76edebf3[Not completed]
 0.00% |?                                                                                                    |  0/1 Time: 0:00:112019-11-08 14:19:47,874 [pool-37-thread-1] INFO  storage.RaftStorageDirectory (RaftStorageDirectory.java:tryLock(328)) - Lock on /workdir/hadoop-ozone/tools/target/test-dir/MiniOzoneClusterImpl-629f59bc-3a02-4619-b8ec-4b1f5e0dfed1/datanode-1/data/ratis/9d96b092-2677-48ae-88ea-e8a4e04efebf/in_use.lock acquired by nodename 11353@pr-hdds-2400-q5jst-1761645290
2019-11-08 14:19:47,874 [pool-47-thread-1] INFO  storage.RaftStorageDirectory (RaftStorageDirectory.java:tryLock(328)) - Lock on /workdir/hadoop-ozone/tools/target/test-dir/MiniOzoneClusterImpl-629f59bc-3a02-4619-b8ec-4b1f5e0dfed1/datanode-2/data/ratis/9d96b092-2677-48ae-88ea-e8a4e04efebf/in_use.lock acquired by nodename 11353@pr-hdds-2400-q5jst-1761645290
2019-11-08 14:19:47,874 [pool-27-thread-1] INFO  storage.RaftStorageDirectory (RaftStorageDirectory.java:tryLock(328)) - Lock on /workdir/hadoop-ozone/tools/target/test-dir/MiniOzoneClusterImpl-629f59bc-3a02-4619-b8ec-4b1f5e0dfed1/datanode-0/data/ratis/9d96b092-2677-48ae-88ea-e8a4e04efebf/in_use.lock acquired by nodename 11353@pr-hdds-2400-q5jst-1761645290
 0.00% |?                                                                                                    |  0/1 Time: 0:00:122019-11-08 14:19:48,745 [Thread-470] INFO  impl.FollowerState (FollowerState.java:run(111)) - 69b47348-0b11-4d95-99f3-8184b6987aae@group-AF614509AC37-FollowerState: change to CANDIDATE, lastRpcTime:5076ms, electionTimeout:5075ms
2019-11-08 14:19:48,746 [Thread-470] INFO  impl.RoleInfo (RoleInfo.java:shutdownFollowerState(121)) - 69b47348-0b11-4d95-99f3-8184b6987aae: shutdown FollowerState
2019-11-08 14:19:48,746 [Thread-470] INFO  impl.RaftServerImpl (RaftServerImpl.java:setRole(173)) - 69b47348-0b11-4d95-99f3-8184b6987aae@group-AF614509AC37: changes role from  FOLLOWER to CANDIDATE at term 0 for changeToCandidate
2019-11-08 14:19:48,747 [Thread-470] INFO  impl.RoleInfo (RoleInfo.java:updateAndGet(143)) - 69b47348-0b11-4d95-99f3-8184b6987aae: start LeaderElection
2019-11-08 14:19:48,753 [Thread-468] INFO  impl.FollowerState (FollowerState.java:run(111)) - ae99e6be-c84a-4a9f-b357-947ef07c8d3a@group-AF614509AC37-FollowerState: change to CANDIDATE, lastRpcTime:5085ms, electionTimeout:5085ms
2019-11-08 14:19:48,753 [Thread-468] INFO  impl.RoleInfo (RoleInfo.java:shutdownFollowerState(121)) - ae99e6be-c84a-4a9f-b357-947ef07c8d3a: shutdown FollowerState
2019-11-08 14:19:48,753 [Thread-468] INFO  impl.RaftServerImpl (RaftServerImpl.java:setRole(173)) - ae99e6be-c84a-4a9f-b357-947ef07c8d3a@group-AF614509AC37: changes role from  FOLLOWER to CANDIDATE at term 0 for changeToCandidate
2019-11-08 14:19:48,753 [Thread-468] INFO  impl.RoleInfo (RoleInfo.java:updateAndGet(143)) - ae99e6be-c84a-4a9f-b357-947ef07c8d3a: start LeaderElection
2019-11-08 14:19:48,822 [Thread-469] INFO  impl.FollowerState (FollowerState.java:run(111)) - 0c78ec67-b04a-4fd2-a463-b437dfcbb376@group-AF614509AC37-FollowerState: change to CANDIDATE, lastRpcTime:5154ms, electionTimeout:5154ms
2019-11-08 14:19:48,822 [Thread-469] INFO  impl.RoleInfo (RoleInfo.java:shutdownFollowerState(121)) - 0c78ec67-b04a-4fd2-a463-b437dfcbb376: shutdown FollowerState
2019-11-08 14:19:48,822 [Thread-469] INFO  impl.RaftServerImpl (RaftServerImpl.java:setRole(173)) - 0c78ec67-b04a-4fd2-a463-b437dfcbb376@group-AF614509AC37: changes role from  FOLLOWER to CANDIDATE at term 0 for changeToCandidate
2019-11-08 14:19:48,822 [Thread-469] INFO  impl.RoleInfo (RoleInfo.java:updateAndGet(143)) - 0c78ec67-b04a-4fd2-a463-b437dfcbb376: start LeaderElection
 0.00% |?                                                                                                    |  0/1 Time: 0:00:132019-11-08 14:19:49,708 [grpc-default-executor-0] INFO  interfaces.Container (KeyValueContainer.java:flushAndSyncDB(400)) - Container 2 is synced with bcsId 73.
2019-11-08 14:19:49,708 [pool-47-thread-1] INFO  storage.RaftStorage (RaftStorage.java:format(84)) - Storage directory /workdir/hadoop-ozone/tools/target/test-dir/MiniOzoneClusterImpl-629f59bc-3a02-4619-b8ec-4b1f5e0dfed1/datanode-2/data/ratis/9d96b092-2677-48ae-88ea-e8a4e04efebf has been successfully formatted.
2019-11-08 14:19:49,708 [ae99e6be-c84a-4a9f-b357-947ef07c8d3a@group-AF614509AC37-LeaderElection6] INFO  impl.LeaderElection (LeaderElection.java:askForVotes(178)) - ae99e6be-c84a-4a9f-b357-947ef07c8d3a@group-AF614509AC37-LeaderElection6: begin an election at term 1 for -1: [0c78ec67-b04a-4fd2-a463-b437dfcbb376:192.168.164.246:34008, ae99e6be-c84a-4a9f-b357-947ef07c8d3a:192.168.164.246:38773, 69b47348-0b11-4d95-99f3-8184b6987aae:192.168.164.246:45541], old=null
2019-11-08 14:19:49,708 [pool-27-thread-1] INFO  storage.RaftStorage (RaftStorage.java:format(84)) - Storage directory /workdir/hadoop-ozone/tools/target/test-dir/MiniOzoneClusterImpl-629f59bc-3a02-4619-b8ec-4b1f5e0dfed1/datanode-0/data/ratis/9d96b092-2677-48ae-88ea-e8a4e04efebf has been successfully formatted.
2019-11-08 14:19:49,708 [0c78ec67-b04a-4fd2-a463-b437dfcbb376@group-AF614509AC37-LeaderElection7] INFO  impl.LeaderElection (LeaderElection.java:askForVotes(178)) - 0c78ec67-b04a-4fd2-a463-b437dfcbb376@group-AF614509AC37-LeaderElection7: begin an election at term 1 for -1: [0c78ec67-b04a-4fd2-a463-b437dfcbb376:192.168.164.246:34008, ae99e6be-c84a-4a9f-b357-947ef07c8d3a:192.168.164.246:38773, 69b47348-0b11-4d95-99f3-8184b6987aae:192.168.164.246:45541], old=null
2019-11-08 14:19:49,711 [pool-47-thread-1] INFO  ratis.ContainerStateMachine (ContainerStateMachine.java:loadSnapshot(231)) - group-E8A4E04EFEBF: The snapshot info is null. Setting the last applied indexto:(t:0, i:~)
2019-11-08 14:19:49,708 [69b47348-0b11-4d95-99f3-8184b6987aae@group-AF614509AC37-LeaderElection5] INFO  impl.LeaderElection (LeaderElection.java:askForVotes(178)) - 69b47348-0b11-4d95-99f3-8184b6987aae@group-AF614509AC37-LeaderElection5: begin an election at term 1 for -1: [0c78ec67-b04a-4fd2-a463-b437dfcbb376:192.168.164.246:34008, ae99e6be-c84a-4a9f-b357-947ef07c8d3a:192.168.164.246:38773, 69b47348-0b11-4d95-99f3-8184b6987aae:192.168.164.246:45541], old=null
2019-11-08 14:19:49,708 [pool-37-thread-1] INFO  storage.RaftStorage (RaftStorage.java:format(84)) - Storage directory /workdir/hadoop-ozone/tools/target/test-dir/MiniOzoneClusterImpl-629f59bc-3a02-4619-b8ec-4b1f5e0dfed1/datanode-1/data/ratis/9d96b092-2677-48ae-88ea-e8a4e04efebf has been successfully formatted.
2019-11-08 14:19:49,712 [pool-47-thread-1] INFO  server.RaftServerConfigKeys (ConfUtils.java:logGet(43)) - raft.server.notification.no-leader.timeout = 120s (custom)
2019-11-08 14:19:49,711 [pool-27-thread-1] INFO  ratis.ContainerStateMachine (ContainerStateMachine.java:loadSnapshot(231)) - group-E8A4E04EFEBF: The snapshot info is null. Setting the last applied indexto:(t:0, i:~)
2019-11-08 14:19:49,713 [RATISCREATEPIPELINE3] ERROR pipeline.RatisPipelineProvider (RatisPipelineProvider.java:lambda$null$5(237)) - Failed invoke Ratis rpc org.apache.hadoop.hdds.scm.pipeline.RatisPipelineProvider$$Lambda$190/1705941737@1f33eb32 for 0c78ec67-b04a-4fd2-a463-b437dfcbb376
org.apache.ratis.protocol.TimeoutIOException: deadline exceeded after 2999772774ns
	at org.apache.ratis.grpc.GrpcUtil.tryUnwrapException(GrpcUtil.java:82)
	at org.apache.ratis.grpc.GrpcUtil.unwrapException(GrpcUtil.java:75)
	at org.apache.ratis.grpc.client.GrpcClientProtocolClient.blockingCall(GrpcClientProtocolClient.java:184)
	at org.apache.ratis.grpc.client.GrpcClientProtocolClient.groupAdd(GrpcClientProtocolClient.java:153)
	at org.apache.ratis.grpc.client.GrpcClientRpc.sendRequest(GrpcClientRpc.java:94)
	at org.apache.ratis.client.impl.RaftClientImpl.sendRequest(RaftClientImpl.java:278)
	at org.apache.ratis.client.impl.RaftClientImpl.groupAdd(RaftClientImpl.java:205)
	at org.apache.hadoop.hdds.scm.pipeline.RatisPipelineProvider.lambda$initializePipeline$4(RatisPipelineProvider.java:198)
	at org.apache.hadoop.hdds.scm.pipeline.RatisPipelineProvider.lambda$null$5(RatisPipelineProvider.java:233)
	at java.util.stream.ForEachOps$ForEachOp$OfRef.accept(ForEachOps.java:183)
	at java.util.ArrayList$ArrayListSpliterator.forEachRemaining(ArrayList.java:1382)
	at java.util.stream.AbstractPipeline.copyInto(AbstractPipeline.java:482)
	at java.util.stream.ForEachOps$ForEachTask.compute(ForEachOps.java:290)
	at java.util.concurrent.CountedCompleter.exec(CountedCompleter.java:731)
	at java.util.concurrent.ForkJoinTask.doExec(ForkJoinTask.java:289)
	at java.util.concurrent.ForkJoinPool$WorkQueue.runTask(ForkJoinPool.java:1056)
	at java.util.concurrent.ForkJoinPool.runWorker(ForkJoinPool.java:1692)
	at java.util.concurrent.ForkJoinWorkerThread.run(ForkJoinWorkerThread.java:157)
Caused by: org.apache.ratis.thirdparty.io.grpc.StatusRuntimeException: DEADLINE_EXCEEDED: deadline exceeded after 2999772774ns
	at org.apache.ratis.thirdparty.io.grpc.stub.ClientCalls.toStatusRuntimeException(ClientCalls.java:233)
	at org.apache.ratis.thirdparty.io.grpc.stub.ClientCalls.getUnchecked(ClientCalls.java:214)
	at org.apache.ratis.thirdparty.io.grpc.stub.ClientCalls.blockingUnaryCall(ClientCalls.java:139)
	at org.apache.ratis.proto.grpc.AdminProtocolServiceGrpc$AdminProtocolServiceBlockingStub.groupManagement(AdminProtocolServiceGrpc.java:274)
	at org.apache.ratis.grpc.client.GrpcClientProtocolClient.lambda$groupAdd$3(GrpcClientProtocolClient.java:155)
	at org.apache.ratis.grpc.client.GrpcClientProtocolClient.blockingCall(GrpcClientProtocolClient.java:182)
	... 15 more
2019-11-08 14:19:49,710 [grpc-default-executor-0] INFO  interfaces.Container (KeyValueContainer.java:flushAndSyncDB(400)) - Container 2 is synced with bcsId 73.
2019-11-08 14:19:49,713 [pool-27-thread-1] INFO  server.RaftServerConfigKeys (ConfUtils.java:logGet(43)) - raft.server.notification.no-leader.timeout = 120s (custom)
2019-11-08 14:19:49,713 [pool-47-thread-1] INFO  server.RaftServerConfigKeys (ConfUtils.java:logGet(43)) - raft.server.log.use.memory = false (default)
2019-11-08 14:19:49,713 [RATISCREATEPIPELINE1] ERROR pipeline.RatisPipelineProvider (RatisPipelineProvider.java:lambda$null$5(237)) - Failed invoke Ratis rpc org.apache.hadoop.hdds.scm.pipeline.RatisPipelineProvider$$Lambda$190/1705941737@1f33eb32 for 69b47348-0b11-4d95-99f3-8184b6987aae
org.apache.ratis.protocol.TimeoutIOException: deadline exceeded after 2997973478ns
	at org.apache.ratis.grpc.GrpcUtil.tryUnwrapException(GrpcUtil.java:82)
	at org.apache.ratis.grpc.GrpcUtil.unwrapException(GrpcUtil.java:75)
	at org.apache.ratis.grpc.client.GrpcClientProtocolClient.blockingCall(GrpcClientProtocolClient.java:184)
	at org.apache.ratis.grpc.client.GrpcClientProtocolClient.groupAdd(GrpcClientProtocolClient.java:153)
	at org.apache.ratis.grpc.client.GrpcClientRpc.sendRequest(GrpcClientRpc.java:94)
	at org.apache.ratis.client.impl.RaftClientImpl.sendRequest(RaftClientImpl.java:278)
	at org.apache.ratis.client.impl.RaftClientImpl.groupAdd(RaftClientImpl.java:205)
	at org.apache.hadoop.hdds.scm.pipeline.RatisPipelineProvider.lambda$initializePipeline$4(RatisPipelineProvider.java:198)
	at org.apache.hadoop.hdds.scm.pipeline.RatisPipelineProvider.lambda$null$5(RatisPipelineProvider.java:233)
	at java.util.stream.ForEachOps$ForEachOp$OfRef.accept(ForEachOps.java:183)
	at java.util.ArrayList$ArrayListSpliterator.forEachRemaining(ArrayList.java:1382)
	at java.util.stream.AbstractPipeline.copyInto(AbstractPipeline.java:482)
	at java.util.stream.ForEachOps$ForEachTask.compute(ForEachOps.java:290)
	at java.util.concurrent.CountedCompleter.exec(CountedCompleter.java:731)
	at java.util.concurrent.ForkJoinTask.doExec(ForkJoinTask.java:289)
	at java.util.concurrent.ForkJoinPool$WorkQueue.runTask(ForkJoinPool.java:1056)
	at java.util.concurrent.ForkJoinPool.runWorker(ForkJoinPool.java:1692)
	at java.util.concurrent.ForkJoinWorkerThread.run(ForkJoinWorkerThread.java:157)
Caused by: org.apache.ratis.thirdparty.io.grpc.StatusRuntimeException: DEADLINE_EXCEEDED: deadline exceeded after 2997973478ns
	at org.apache.ratis.thirdparty.io.grpc.stub.ClientCalls.toStatusRuntimeException(ClientCalls.java:233)
	at org.apache.ratis.thirdparty.io.grpc.stub.ClientCalls.getUnchecked(ClientCalls.java:214)
	at org.apache.ratis.thirdparty.io.grpc.stub.ClientCalls.blockingUnaryCall(ClientCalls.java:139)
	at org.apache.ratis.proto.grpc.AdminProtocolServiceGrpc$AdminProtocolServiceBlockingStub.groupManagement(AdminProtocolServiceGrpc.java:274)
	at org.apache.ratis.grpc.client.GrpcClientProtocolClient.lambda$groupAdd$3(GrpcClientProtocolClient.java:155)
	at org.apache.ratis.grpc.client.GrpcClientProtocolClient.blockingCall(GrpcClientProtocolClient.java:182)
	... 15 more
2019-11-08 14:19:49,713 [RATISCREATEPIPELINE2] ERROR pipeline.RatisPipelineProvider (RatisPipelineProvider.java:lambda$null$5(237)) - Failed invoke Ratis rpc org.apache.hadoop.hdds.scm.pipeline.RatisPipelineProvider$$Lambda$190/1705941737@1f33eb32 for ae99e6be-c84a-4a9f-b357-947ef07c8d3a
org.apache.ratis.protocol.TimeoutIOException: deadline exceeded after 2999786569ns
	at org.apache.ratis.grpc.GrpcUtil.tryUnwrapException(GrpcUtil.java:82)
	at org.apache.ratis.grpc.GrpcUtil.unwrapException(GrpcUtil.java:75)
	at org.apache.ratis.grpc.client.GrpcClientProtocolClient.blockingCall(GrpcClientProtocolClient.java:184)
	at org.apache.ratis.grpc.client.GrpcClientProtocolClient.groupAdd(GrpcClientProtocolClient.java:153)
	at org.apache.ratis.grpc.client.GrpcClientRpc.sendRequest(GrpcClientRpc.java:94)
	at org.apache.ratis.client.impl.RaftClientImpl.sendRequest(RaftClientImpl.java:278)
	at org.apache.ratis.client.impl.RaftClientImpl.groupAdd(RaftClientImpl.java:205)
	at org.apache.hadoop.hdds.scm.pipeline.RatisPipelineProvider.lambda$initializePipeline$4(RatisPipelineProvider.java:198)
	at org.apache.hadoop.hdds.scm.pipeline.RatisPipelineProvider.lambda$null$5(RatisPipelineProvider.java:233)
	at java.util.stream.ForEachOps$ForEachOp$OfRef.accept(ForEachOps.java:183)
	at java.util.ArrayList$ArrayListSpliterator.forEachRemaining(ArrayList.java:1382)
	at java.util.stream.AbstractPipeline.copyInto(AbstractPipeline.java:482)
	at java.util.stream.ForEachOps$ForEachTask.compute(ForEachOps.java:290)
	at java.util.concurrent.CountedCompleter.exec(CountedCompleter.java:731)
	at java.util.concurrent.ForkJoinTask.doExec(ForkJoinTask.java:289)
	at java.util.concurrent.ForkJoinTask.doInvoke(ForkJoinTask.java:401)
	at java.util.concurrent.ForkJoinTask.invoke(ForkJoinTask.java:734)
	at java.util.stream.ForEachOps$ForEachOp.evaluateParallel(ForEachOps.java:159)
	at java.util.stream.ForEachOps$ForEachOp$OfRef.evaluateParallel(ForEachOps.java:173)
	at java.util.stream.AbstractPipeline.evaluate(AbstractPipeline.java:233)
	at java.util.stream.ReferencePipeline.forEach(ReferencePipeline.java:485)
	at java.util.stream.ReferencePipeline$Head.forEach(ReferencePipeline.java:650)
	at org.apache.hadoop.hdds.scm.pipeline.RatisPipelineProvider.lambda$callRatisRpc$6(RatisPipelineProvider.java:227)
	at java.util.concurrent.ForkJoinTask$AdaptedRunnableAction.exec(ForkJoinTask.java:1386)
	at java.util.concurrent.ForkJoinTask.doExec(ForkJoinTask.java:289)
	at java.util.concurrent.ForkJoinPool$WorkQueue.runTask(ForkJoinPool.java:1056)
	at java.util.concurrent.ForkJoinPool.runWorker(ForkJoinPool.java:1692)
	at java.util.concurrent.ForkJoinWorkerThread.run(ForkJoinWorkerThread.java:157)
Caused by: org.apache.ratis.thirdparty.io.grpc.StatusRuntimeException: DEADLINE_EXCEEDED: deadline exceeded after 2999786569ns
	at org.apache.ratis.thirdparty.io.grpc.stub.ClientCalls.toStatusRuntimeException(ClientCalls.java:233)
	at org.apache.ratis.thirdparty.io.grpc.stub.ClientCalls.getUnchecked(ClientCalls.java:214)
	at org.apache.ratis.thirdparty.io.grpc.stub.ClientCalls.blockingUnaryCall(ClientCalls.java:139)
	at org.apache.ratis.proto.grpc.AdminProtocolServiceGrpc$AdminProtocolServiceBlockingStub.groupManagement(AdminProtocolServiceGrpc.java:274)
	at org.apache.ratis.grpc.client.GrpcClientProtocolClient.lambda$groupAdd$3(GrpcClientProtocolClient.java:155)
	at org.apache.ratis.grpc.client.GrpcClientProtocolClient.blockingCall(GrpcClientProtocolClient.java:182)
	... 25 more
2019-11-08 14:19:49,712 [pool-37-thread-1] INFO  ratis.ContainerStateMachine (ContainerStateMachine.java:loadSnapshot(231)) - group-E8A4E04EFEBF: The snapshot info is null. Setting the last applied indexto:(t:0, i:~)
2019-11-08 14:19:49,723 [pool-37-thread-1] INFO  server.RaftServerConfigKeys (ConfUtils.java:logGet(43)) - raft.server.notification.no-leader.timeout = 120s (custom)
2019-11-08 14:19:49,723 [pool-37-thread-1] INFO  server.RaftServerConfigKeys (ConfUtils.java:logGet(43)) - raft.server.log.use.memory = false (default)
2019-11-08 14:19:49,719 [pool-47-thread-1] INFO  server.RaftServerConfigKeys (ConfUtils.java:logGet(43)) - raft.server.log.purge.gap = 1000000 (custom)
2019-11-08 14:19:49,718 [pool-27-thread-1] INFO  server.RaftServerConfigKeys (ConfUtils.java:logGet(43)) - raft.server.log.use.memory = false (default)
2019-11-08 14:19:49,723 [pool-47-thread-1] INFO  server.RaftServerConfigKeys (ConfUtils.java:logGet(43)) - raft.server.log.appender.buffer.byte-limit = 33554432 (custom)
2019-11-08 14:19:49,723 [pool-37-thread-1] INFO  server.RaftServerConfigKeys (ConfUtils.java:logGet(43)) - raft.server.log.purge.gap = 1000000 (custom)
2019-11-08 14:19:49,723 [IPC Server handler 0 on 34937] WARN  block.BlockManagerImpl (BlockManagerImpl.java:allocateBlock(200)) - Pipeline creation failed for type:RATIS factor:THREE. Retrying get pipelines call once.
org.apache.hadoop.io.MultipleIOException: 3 exceptions [java.io.IOException: Failed invoke Ratis rpc org.apache.hadoop.hdds.scm.pipeline.RatisPipelineProvider$$Lambda$190/1705941737@1f33eb32 for 0c78ec67-b04a-4fd2-a463-b437dfcbb376, java.io.IOException: Failed invoke Ratis rpc org.apache.hadoop.hdds.scm.pipeline.RatisPipelineProvider$$Lambda$190/1705941737@1f33eb32 for 69b47348-0b11-4d95-99f3-8184b6987aae, java.io.IOException: Failed invoke Ratis rpc org.apache.hadoop.hdds.scm.pipeline.RatisPipelineProvider$$Lambda$190/1705941737@1f33eb32 for ae99e6be-c84a-4a9f-b357-947ef07c8d3a]
	at org.apache.hadoop.io.MultipleIOException.createIOException(MultipleIOException.java:53)
	at org.apache.hadoop.hdds.scm.pipeline.RatisPipelineProvider.callRatisRpc(RatisPipelineProvider.java:253)
	at org.apache.hadoop.hdds.scm.pipeline.RatisPipelineProvider.initializePipeline(RatisPipelineProvider.java:196)
	at org.apache.hadoop.hdds.scm.pipeline.RatisPipelineProvider.create(RatisPipelineProvider.java:163)
	at org.apache.hadoop.hdds.scm.pipeline.PipelineFactory.create(PipelineFactory.java:58)
	at org.apache.hadoop.hdds.scm.pipeline.SCMPipelineManager.createPipeline(SCMPipelineManager.java:155)
	at org.apache.hadoop.hdds.scm.block.BlockManagerImpl.allocateBlock(BlockManagerImpl.java:198)
	at org.apache.hadoop.hdds.scm.server.SCMBlockProtocolServer.allocateBlock(SCMBlockProtocolServer.java:187)
	at org.apache.hadoop.hdds.scm.protocol.ScmBlockLocationProtocolServerSideTranslatorPB.allocateScmBlock(ScmBlockLocationProtocolServerSideTranslatorPB.java:159)
	at org.apache.hadoop.hdds.scm.protocol.ScmBlockLocationProtocolServerSideTranslatorPB.processMessage(ScmBlockLocationProtocolServerSideTranslatorPB.java:117)
	at org.apache.hadoop.hdds.server.OzoneProtocolMessageDispatcher.processRequest(OzoneProtocolMessageDispatcher.java:72)
	at org.apache.hadoop.hdds.scm.protocol.ScmBlockLocationProtocolServerSideTranslatorPB.send(ScmBlockLocationProtocolServerSideTranslatorPB.java:98)
	at org.apache.hadoop.hdds.protocol.proto.ScmBlockLocationProtocolProtos$ScmBlockLocationProtocolService$2.callBlockingMethod(ScmBlockLocationProtocolProtos.java:13157)
	at org.apache.hadoop.ipc.ProtobufRpcEngine$Server$ProtoBufRpcInvoker.call(ProtobufRpcEngine.java:524)
	at org.apache.hadoop.ipc.RPC$Server.call(RPC.java:1025)
	at org.apache.hadoop.ipc.Server$RpcCall.run(Server.java:876)
	at org.apache.hadoop.ipc.Server$RpcCall.run(Server.java:822)
	at java.security.AccessController.doPrivileged(Native Method)
	at javax.security.auth.Subject.doAs(Subject.java:422)
	at org.apache.hadoop.security.UserGroupInformation.doAs(UserGroupInformation.java:1730)
	at org.apache.hadoop.ipc.Server$Handler.run(Server.java:2682)
2019-11-08 14:19:49,724 [pool-37-thread-1] INFO  server.RaftServerConfigKeys (ConfUtils.java:logGet(43)) - raft.server.log.appender.buffer.byte-limit = 33554432 (custom)
2019-11-08 14:19:49,724 [pool-47-thread-1] INFO  server.RaftServerConfigKeys (ConfUtils.java:logGet(43)) - raft.server.log.segment.size.max = 1048576 (custom)
2019-11-08 14:19:49,724 [pool-27-thread-1] INFO  server.RaftServerConfigKeys (ConfUtils.java:logGet(43)) - raft.server.log.purge.gap = 1000000 (custom)
2019-11-08 14:19:49,725 [pool-47-thread-1] INFO  server.RaftServerConfigKeys (ConfUtils.java:logGet(43)) - raft.server.log.segment.cache.num.max = 2 (custom)
2019-11-08 14:19:49,725 [IPC Server handler 0 on 34937] INFO  block.BlockManagerImpl (BlockManagerImpl.java:allocateBlock(212)) - Could not find available pipeline of type:RATIS and factor:THREE even after retrying
2019-11-08 14:19:49,725 [pool-37-thread-1] INFO  server.RaftServerConfigKeys (ConfUtils.java:logGet(43)) - raft.server.log.segment.size.max = 1048576 (custom)
2019-11-08 14:19:49,726 [IPC Server handler 0 on 34937] ERROR block.BlockManagerImpl (BlockManagerImpl.java:allocateBlock(236)) - Unable to allocate a block for the size: 4194304, type: RATIS, factor: THREE
2019-11-08 14:19:49,726 [pool-47-thread-1] INFO  segmented.SegmentedRaftLogWorker (SegmentedRaftLogWorker.java:<init>(173)) - new ae99e6be-c84a-4a9f-b357-947ef07c8d3a@group-E8A4E04EFEBF-SegmentedRaftLogWorker for RaftStorage:Storage Directory /workdir/hadoop-ozone/tools/target/test-dir/MiniOzoneClusterImpl-629f59bc-3a02-4619-b8ec-4b1f5e0dfed1/datanode-2/data/ratis/9d96b092-2677-48ae-88ea-e8a4e04efebf
2019-11-08 14:19:49,726 [pool-27-thread-1] INFO  server.RaftServerConfigKeys (ConfUtils.java:logGet(43)) - raft.server.log.appender.buffer.byte-limit = 33554432 (custom)
2019-11-08 14:19:49,728 [pool-47-thread-1] INFO  server.RaftServerConfigKeys (ConfUtils.java:logGet(43)) - raft.server.log.queue.byte-limit = 2147483647 (custom)
2019-11-08 14:19:49,726 [pool-37-thread-1] INFO  server.RaftServerConfigKeys (ConfUtils.java:logGet(43)) - raft.server.log.segment.cache.num.max = 2 (custom)
2019-11-08 14:19:49,729 [pool-47-thread-1] INFO  server.RaftServerConfigKeys (ConfUtils.java:logGet(43)) - raft.server.log.queue.element-limit = 1024 (custom)
2019-11-08 14:19:49,729 [pool-27-thread-1] INFO  server.RaftServerConfigKeys (ConfUtils.java:logGet(43)) - raft.server.log.segment.size.max = 1048576 (custom)
2019-11-08 14:19:49,734 [pool-47-thread-1] INFO  server.RaftServerConfigKeys (ConfUtils.java:logGet(43)) - raft.server.log.segment.size.max = 1048576 (custom)
2019-11-08 14:19:49,734 [pool-37-thread-1] INFO  segmented.SegmentedRaftLogWorker (SegmentedRaftLogWorker.java:<init>(173)) - new 0c78ec67-b04a-4fd2-a463-b437dfcbb376@group-E8A4E04EFEBF-SegmentedRaftLogWorker for RaftStorage:Storage Directory /workdir/hadoop-ozone/tools/target/test-dir/MiniOzoneClusterImpl-629f59bc-3a02-4619-b8ec-4b1f5e0dfed1/datanode-1/data/ratis/9d96b092-2677-48ae-88ea-e8a4e04efebf
2019-11-08 14:19:49,734 [pool-47-thread-1] INFO  server.RaftServerConfigKeys (ConfUtils.java:logGet(43)) - raft.server.log.preallocated.size = 16384 (custom)
2019-11-08 14:19:49,734 [pool-27-thread-1] INFO  server.RaftServerConfigKeys (ConfUtils.java:logGet(43)) - raft.server.log.segment.cache.num.max = 2 (custom)
2019-11-08 14:19:49,734 [pool-47-thread-1] INFO  server.RaftServerConfigKeys (ConfUtils.java:logGet(43)) - raft.server.log.write.buffer.size = 33554432 (custom)
2019-11-08 14:19:49,734 [pool-37-thread-1] INFO  server.RaftServerConfigKeys (ConfUtils.java:logGet(43)) - raft.server.log.queue.byte-limit = 2147483647 (custom)
2019-11-08 14:19:49,736 [pool-47-thread-1] INFO  server.RaftServerConfigKeys (ConfUtils.java:logGet(43)) - raft.server.log.force.sync.num = 128 (default)
2019-11-08 14:19:49,736 [pool-27-thread-1] INFO  segmented.SegmentedRaftLogWorker (SegmentedRaftLogWorker.java:<init>(173)) - new 69b47348-0b11-4d95-99f3-8184b6987aae@group-E8A4E04EFEBF-SegmentedRaftLogWorker for RaftStorage:Storage Directory /workdir/hadoop-ozone/tools/target/test-dir/MiniOzoneClusterImpl-629f59bc-3a02-4619-b8ec-4b1f5e0dfed1/datanode-0/data/ratis/9d96b092-2677-48ae-88ea-e8a4e04efebf
2019-11-08 14:19:49,737 [pool-47-thread-1] INFO  server.RaftServerConfigKeys (ConfUtils.java:logGet(43)) - raft.server.log.statemachine.data.sync = true (default)
2019-11-08 14:19:49,736 [pool-37-thread-1] INFO  server.RaftServerConfigKeys (ConfUtils.java:logGet(43)) - raft.server.log.queue.element-limit = 1024 (custom)
2019-11-08 14:19:49,739 [pool-47-thread-1] INFO  server.RaftServerConfigKeys (ConfUtils.java:logGet(43)) - raft.server.log.statemachine.data.sync.timeout = 10s (default)
2019-11-08 14:19:49,738 [pool-27-thread-1] INFO  server.RaftServerConfigKeys (ConfUtils.java:logGet(43)) - raft.server.log.queue.byte-limit = 2147483647 (custom)
2019-11-08 14:19:49,739 [pool-47-thread-1] INFO  server.RaftServerConfigKeys (ConfUtils.java:logGet(43)) - raft.server.log.statemachine.data.sync.timeout.retry = -1 (default)
2019-11-08 14:19:49,739 [pool-37-thread-1] INFO  server.RaftServerConfigKeys (ConfUtils.java:logGet(43)) - raft.server.log.segment.size.max = 1048576 (custom)
2019-11-08 14:19:49,739 [pool-27-thread-1] INFO  server.RaftServerConfigKeys (ConfUtils.java:logGet(43)) - raft.server.log.queue.element-limit = 1024 (custom)
2019-11-08 14:19:49,741 [0c78ec67-b04a-4fd2-a463-b437dfcbb376@group-AF614509AC37-LeaderElection7] INFO  impl.LeaderElection (LeaderElection.java:logAndReturn(56)) - 0c78ec67-b04a-4fd2-a463-b437dfcbb376@group-AF614509AC37-LeaderElection7: Election REJECTED; received 2 response(s) [0c78ec67-b04a-4fd2-a463-b437dfcbb376<-ae99e6be-c84a-4a9f-b357-947ef07c8d3a#0:FAIL-t1, 0c78ec67-b04a-4fd2-a463-b437dfcbb376<-69b47348-0b11-4d95-99f3-8184b6987aae#0:FAIL-t1] and 0 exception(s); 0c78ec67-b04a-4fd2-a463-b437dfcbb376@group-AF614509AC37:t1, leader=null, voted=0c78ec67-b04a-4fd2-a463-b437dfcbb376, raftlog=0c78ec67-b04a-4fd2-a463-b437dfcbb376@group-AF614509AC37-SegmentedRaftLog:OPENED:c-1,f-1,i0, conf=-1: [0c78ec67-b04a-4fd2-a463-b437dfcbb376:192.168.164.246:34008, ae99e6be-c84a-4a9f-b357-947ef07c8d3a:192.168.164.246:38773, 69b47348-0b11-4d95-99f3-8184b6987aae:192.168.164.246:45541], old=null
2019-11-08 14:19:49,739 [69b47348-0b11-4d95-99f3-8184b6987aae@group-AF614509AC37-LeaderElection5] INFO  impl.LeaderElection (LeaderElection.java:logAndReturn(56)) - 69b47348-0b11-4d95-99f3-8184b6987aae@group-AF614509AC37-LeaderElection5: Election REJECTED; received 2 response(s) [69b47348-0b11-4d95-99f3-8184b6987aae<-0c78ec67-b04a-4fd2-a463-b437dfcbb376#0:FAIL-t1, 69b47348-0b11-4d95-99f3-8184b6987aae<-ae99e6be-c84a-4a9f-b357-947ef07c8d3a#0:FAIL-t1] and 0 exception(s); 69b47348-0b11-4d95-99f3-8184b6987aae@group-AF614509AC37:t1, leader=null, voted=69b47348-0b11-4d95-99f3-8184b6987aae, raftlog=69b47348-0b11-4d95-99f3-8184b6987aae@group-AF614509AC37-SegmentedRaftLog:OPENED:c-1,f-1,i0, conf=-1: [0c78ec67-b04a-4fd2-a463-b437dfcbb376:192.168.164.246:34008, ae99e6be-c84a-4a9f-b357-947ef07c8d3a:192.168.164.246:38773, 69b47348-0b11-4d95-99f3-8184b6987aae:192.168.164.246:45541], old=null
2019-11-08 14:19:49,739 [ae99e6be-c84a-4a9f-b357-947ef07c8d3a@group-AF614509AC37-LeaderElection6] INFO  impl.LeaderElection (LeaderElection.java:logAndReturn(56)) - ae99e6be-c84a-4a9f-b357-947ef07c8d3a@group-AF614509AC37-LeaderElection6: Election REJECTED; received 2 response(s) [ae99e6be-c84a-4a9f-b357-947ef07c8d3a<-0c78ec67-b04a-4fd2-a463-b437dfcbb376#0:FAIL-t1, ae99e6be-c84a-4a9f-b357-947ef07c8d3a<-69b47348-0b11-4d95-99f3-8184b6987aae#0:FAIL-t1] and 0 exception(s); ae99e6be-c84a-4a9f-b357-947ef07c8d3a@group-AF614509AC37:t1, leader=null, voted=ae99e6be-c84a-4a9f-b357-947ef07c8d3a, raftlog=ae99e6be-c84a-4a9f-b357-947ef07c8d3a@group-AF614509AC37-SegmentedRaftLog:OPENED:c-1,f-1,i0, conf=-1: [0c78ec67-b04a-4fd2-a463-b437dfcbb376:192.168.164.246:34008, ae99e6be-c84a-4a9f-b357-947ef07c8d3a:192.168.164.246:38773, 69b47348-0b11-4d95-99f3-8184b6987aae:192.168.164.246:45541], old=null
2019-11-08 14:19:49,742 [69b47348-0b11-4d95-99f3-8184b6987aae@group-AF614509AC37-LeaderElection5] INFO  impl.RaftServerImpl (RaftServerImpl.java:setRole(173)) - 69b47348-0b11-4d95-99f3-8184b6987aae@group-AF614509AC37: changes role from CANDIDATE to FOLLOWER at term 1 for DISCOVERED_A_NEW_TERM
2019-11-08 14:19:49,742 [0c78ec67-b04a-4fd2-a463-b437dfcbb376@group-AF614509AC37-LeaderElection7] INFO  impl.RaftServerImpl (RaftServerImpl.java:setRole(173)) - 0c78ec67-b04a-4fd2-a463-b437dfcbb376@group-AF614509AC37: changes role from CANDIDATE to FOLLOWER at term 1 for DISCOVERED_A_NEW_TERM
2019-11-08 14:19:49,741 [pool-27-thread-1] INFO  server.RaftServerConfigKeys (ConfUtils.java:logGet(43)) - raft.server.log.segment.size.max = 1048576 (custom)
2019-11-08 14:19:49,741 [pool-47-thread-1] INFO  server.RaftServerConfigKeys (ConfUtils.java:logGet(43)) - raft.server.log.statemachine.data.caching.enabled = true (custom)
2019-11-08 14:19:49,740 [pool-37-thread-1] INFO  server.RaftServerConfigKeys (ConfUtils.java:logGet(43)) - raft.server.log.preallocated.size = 16384 (custom)
2019-11-08 14:19:49,754 [pool-27-thread-1] INFO  server.RaftServerConfigKeys (ConfUtils.java:logGet(43)) - raft.server.log.preallocated.size = 16384 (custom)
2019-11-08 14:19:49,753 [0c78ec67-b04a-4fd2-a463-b437dfcbb376@group-AF614509AC37-LeaderElection7] INFO  impl.RoleInfo (RoleInfo.java:shutdownLeaderElection(134)) - 0c78ec67-b04a-4fd2-a463-b437dfcbb376: shutdown LeaderElection
2019-11-08 14:19:49,751 [69b47348-0b11-4d95-99f3-8184b6987aae@group-AF614509AC37-LeaderElection5] INFO  impl.RoleInfo (RoleInfo.java:shutdownLeaderElection(134)) - 69b47348-0b11-4d95-99f3-8184b6987aae: shutdown LeaderElection
2019-11-08 14:19:49,750 [ae99e6be-c84a-4a9f-b357-947ef07c8d3a@group-AF614509AC37-LeaderElection6] INFO  impl.RaftServerImpl (RaftServerImpl.java:setRole(173)) - ae99e6be-c84a-4a9f-b357-947ef07c8d3a@group-AF614509AC37: changes role from CANDIDATE to FOLLOWER at term 1 for DISCOVERED_A_NEW_TERM
2019-11-08 14:19:49,755 [0c78ec67-b04a-4fd2-a463-b437dfcbb376@group-AF614509AC37-LeaderElection7] INFO  impl.RoleInfo (RoleInfo.java:updateAndGet(143)) - 0c78ec67-b04a-4fd2-a463-b437dfcbb376: start FollowerState
2019-11-08 14:19:49,755 [pool-27-thread-1] INFO  server.RaftServerConfigKeys (ConfUtils.java:logGet(43)) - raft.server.log.write.buffer.size = 33554432 (custom)
2019-11-08 14:19:49,754 [pool-47-thread-1] INFO  segmented.SegmentedRaftLogWorker (SegmentedRaftLogWorker.java:lambda$new$0(128)) - ae99e6be-c84a-4a9f-b357-947ef07c8d3a@group-E8A4E04EFEBF-SegmentedRaftLogWorker: flushIndex: setUnconditionally 0 -> -1
2019-11-08 14:19:49,754 [pool-37-thread-1] INFO  server.RaftServerConfigKeys (ConfUtils.java:logGet(43)) - raft.server.log.write.buffer.size = 33554432 (custom)
2019-11-08 14:19:49,755 [pool-27-thread-1] INFO  server.RaftServerConfigKeys (ConfUtils.java:logGet(43)) - raft.server.log.force.sync.num = 128 (default)
2019-11-08 14:19:49,755 [69b47348-0b11-4d95-99f3-8184b6987aae@group-AF614509AC37-LeaderElection5] INFO  impl.RoleInfo (RoleInfo.java:updateAndGet(143)) - 69b47348-0b11-4d95-99f3-8184b6987aae: start FollowerState
2019-11-08 14:19:49,755 [ae99e6be-c84a-4a9f-b357-947ef07c8d3a@group-AF614509AC37-LeaderElection6] INFO  impl.RoleInfo (RoleInfo.java:shutdownLeaderElection(134)) - ae99e6be-c84a-4a9f-b357-947ef07c8d3a: shutdown LeaderElection
2019-11-08 14:19:49,756 [pool-27-thread-1] INFO  server.RaftServerConfigKeys (ConfUtils.java:logGet(43)) - raft.server.log.statemachine.data.sync = true (default)
2019-11-08 14:19:49,756 [pool-47-thread-1] INFO  server.RaftServerConfigKeys (ConfUtils.java:logGet(43)) - raft.server.snapshot.auto.trigger.enabled = true (custom)
2019-11-08 14:19:49,756 [pool-37-thread-1] INFO  server.RaftServerConfigKeys (ConfUtils.java:logGet(43)) - raft.server.log.force.sync.num = 128 (default)
2019-11-08 14:19:49,756 [pool-47-thread-1] INFO  server.RaftServerConfigKeys (ConfUtils.java:logGet(43)) - raft.server.snapshot.auto.trigger.threshold = 10000 (custom)
2019-11-08 14:19:49,756 [pool-27-thread-1] INFO  server.RaftServerConfigKeys (ConfUtils.java:logGet(43)) - raft.server.log.statemachine.data.sync.timeout = 10s (default)
2019-11-08 14:19:49,756 [ae99e6be-c84a-4a9f-b357-947ef07c8d3a@group-AF614509AC37-LeaderElection6] INFO  impl.RoleInfo (RoleInfo.java:updateAndGet(143)) - ae99e6be-c84a-4a9f-b357-947ef07c8d3a: start FollowerState
2019-11-08 14:19:49,757 [pool-27-thread-1] INFO  server.RaftServerConfigKeys (ConfUtils.java:logGet(43)) - raft.server.log.statemachine.data.sync.timeout.retry = -1 (default)
2019-11-08 14:19:49,757 [pool-47-thread-1] INFO  server.RaftServerConfigKeys (ConfUtils.java:logGet(43)) - raft.server.snapshot.retention.file.num = 5 (custom)
2019-11-08 14:19:49,757 [pool-37-thread-1] INFO  server.RaftServerConfigKeys (ConfUtils.java:logGet(43)) - raft.server.log.statemachine.data.sync = true (default)
2019-11-08 14:19:49,757 [pool-47-thread-1] INFO  server.RaftServerConfigKeys (ConfUtils.java:logGet(43)) - raft.server.retrycache.expirytime = 600000ms (custom)
2019-11-08 14:19:49,757 [pool-27-thread-1] INFO  server.RaftServerConfigKeys (ConfUtils.java:logGet(43)) - raft.server.log.statemachine.data.caching.enabled = true (custom)
2019-11-08 14:19:49,759 [pool-47-thread-1] WARN  impl.MetricRegistriesImpl (MetricRegistriesImpl.java:lambda$create$1(61)) - First MetricRegistry has been created without registering reporters. You may need to call MetricRegistries.global().addReportRegistration(...) before.
2019-11-08 14:19:49,757 [pool-37-thread-1] INFO  server.RaftServerConfigKeys (ConfUtils.java:logGet(43)) - raft.server.log.statemachine.data.sync.timeout = 10s (default)
2019-11-08 14:19:49,760 [grpc-default-executor-4] INFO  impl.RaftServerProxy (RaftServerProxy.java:addNew(89)) - ae99e6be-c84a-4a9f-b357-947ef07c8d3a: addNew group-9B8D5988F340:[0c78ec67-b04a-4fd2-a463-b437dfcbb376:192.168.164.246:34008, ae99e6be-c84a-4a9f-b357-947ef07c8d3a:192.168.164.246:38773, 69b47348-0b11-4d95-99f3-8184b6987aae:192.168.164.246:45541] returns group-9B8D5988F340:java.util.concurrent.CompletableFuture@327b8967[Not completed]
2019-11-08 14:19:49,760 [grpc-default-executor-5] INFO  impl.RaftServerProxy (RaftServerProxy.java:addNew(89)) - 69b47348-0b11-4d95-99f3-8184b6987aae: addNew group-9B8D5988F340:[0c78ec67-b04a-4fd2-a463-b437dfcbb376:192.168.164.246:34008, ae99e6be-c84a-4a9f-b357-947ef07c8d3a:192.168.164.246:38773, 69b47348-0b11-4d95-99f3-8184b6987aae:192.168.164.246:45541] returns group-9B8D5988F340:java.util.concurrent.CompletableFuture@1f06239e[Not completed]
2019-11-08 14:19:49,760 [pool-47-thread-1] WARN  impl.MetricRegistriesImpl (MetricRegistriesImpl.java:lambda$create$1(61)) - First MetricRegistry has been created without registering reporters. You may need to call MetricRegistries.global().addReportRegistration(...) before.
2019-11-08 14:19:49,760 [grpc-default-executor-2] INFO  impl.RaftServerProxy (RaftServerProxy.java:addNew(89)) - 0c78ec67-b04a-4fd2-a463-b437dfcbb376: addNew group-9B8D5988F340:[0c78ec67-b04a-4fd2-a463-b437dfcbb376:192.168.164.246:34008, ae99e6be-c84a-4a9f-b357-947ef07c8d3a:192.168.164.246:38773, 69b47348-0b11-4d95-99f3-8184b6987aae:192.168.164.246:45541] returns group-9B8D5988F340:java.util.concurrent.CompletableFuture@2432516c[Not completed]
2019-11-08 14:19:49,760 [pool-27-thread-1] INFO  segmented.SegmentedRaftLogWorker (SegmentedRaftLogWorker.java:lambda$new$0(128)) - 69b47348-0b11-4d95-99f3-8184b6987aae@group-E8A4E04EFEBF-SegmentedRaftLogWorker: flushIndex: setUnconditionally 0 -> -1
2019-11-08 14:19:49,760 [pool-37-thread-1] INFO  server.RaftServerConfigKeys (ConfUtils.java:logGet(43)) - raft.server.log.statemachine.data.sync.timeout.retry = -1 (default)
2019-11-08 14:19:49,761 [pool-27-thread-1] INFO  server.RaftServerConfigKeys (ConfUtils.java:logGet(43)) - raft.server.snapshot.auto.trigger.enabled = true (custom)
2019-11-08 14:19:49,761 [pool-37-thread-1] INFO  server.RaftServerConfigKeys (ConfUtils.java:logGet(43)) - raft.server.log.statemachine.data.caching.enabled = true (custom)
2019-11-08 14:19:49,761 [pool-27-thread-1] INFO  server.RaftServerConfigKeys (ConfUtils.java:logGet(43)) - raft.server.snapshot.auto.trigger.threshold = 10000 (custom)
2019-11-08 14:19:49,761 [pool-27-thread-1] INFO  server.RaftServerConfigKeys (ConfUtils.java:logGet(43)) - raft.server.snapshot.retention.file.num = 5 (custom)
2019-11-08 14:19:49,761 [pool-37-thread-1] INFO  segmented.SegmentedRaftLogWorker (SegmentedRaftLogWorker.java:lambda$new$0(128)) - 0c78ec67-b04a-4fd2-a463-b437dfcbb376@group-E8A4E04EFEBF-SegmentedRaftLogWorker: flushIndex: setUnconditionally 0 -> -1
2019-11-08 14:19:49,762 [pool-27-thread-1] INFO  server.RaftServerConfigKeys (ConfUtils.java:logGet(43)) - raft.server.retrycache.expirytime = 600000ms (custom)
2019-11-08 14:19:49,762 [pool-37-thread-1] INFO  server.RaftServerConfigKeys (ConfUtils.java:logGet(43)) - raft.server.snapshot.auto.trigger.enabled = true (custom)
2019-11-08 14:19:49,762 [pool-27-thread-1] WARN  impl.MetricRegistriesImpl (MetricRegistriesImpl.java:lambda$create$1(61)) - First MetricRegistry has been created without registering reporters. You may need to call MetricRegistries.global().addReportRegistration(...) before.
2019-11-08 14:19:49,762 [pool-37-thread-1] INFO  server.RaftServerConfigKeys (ConfUtils.java:logGet(43)) - raft.server.snapshot.auto.trigger.threshold = 10000 (custom)
2019-11-08 14:19:49,762 [pool-27-thread-1] WARN  impl.MetricRegistriesImpl (MetricRegistriesImpl.java:lambda$create$1(61)) - First MetricRegistry has been created without registering reporters. You may need to call MetricRegistries.global().addReportRegistration(...) before.
2019-11-08 14:19:49,762 [pool-37-thread-1] INFO  server.RaftServerConfigKeys (ConfUtils.java:logGet(43)) - raft.server.snapshot.retention.file.num = 5 (custom)
2019-11-08 14:19:49,763 [pool-37-thread-1] INFO  server.RaftServerConfigKeys (ConfUtils.java:logGet(43)) - raft.server.retrycache.expirytime = 600000ms (custom)
2019-11-08 14:19:49,763 [pool-37-thread-1] WARN  impl.MetricRegistriesImpl (MetricRegistriesImpl.java:lambda$create$1(61)) - First MetricRegistry has been created without registering reporters. You may need to call MetricRegistries.global().addReportRegistration(...) before.
2019-11-08 14:19:49,763 [pool-37-thread-1] WARN  impl.MetricRegistriesImpl (MetricRegistriesImpl.java:lambda$create$1(61)) - First MetricRegistry has been created without registering reporters. You may need to call MetricRegistries.global().addReportRegistration(...) before.
2019-11-08 14:19:49,763 [pool-47-thread-1] INFO  impl.RaftServerImpl (RaftServerImpl.java:<init>(98)) - ae99e6be-c84a-4a9f-b357-947ef07c8d3a: new RaftServerImpl for group-B4AE20506574:[0c78ec67-b04a-4fd2-a463-b437dfcbb376:192.168.164.246:34008, ae99e6be-c84a-4a9f-b357-947ef07c8d3a:192.168.164.246:38773, 69b47348-0b11-4d95-99f3-8184b6987aae:192.168.164.246:45541] with ContainerStateMachine:uninitialized
2019-11-08 14:19:49,763 [pool-47-thread-1] INFO  server.RaftServerConfigKeys (ConfUtils.java:logGet(43)) - raft.server.rpc.timeout.min = 5s (custom)
2019-11-08 14:19:49,763 [pool-47-thread-1] INFO  server.RaftServerConfigKeys (ConfUtils.java:logGet(43)) - raft.server.rpc.timeout.max = 5200ms (custom)
2019-11-08 14:19:49,763 [pool-47-thread-1] INFO  server.RaftServerConfigKeys (ConfUtils.java:logGet(43)) - raft.server.rpcslowness.timeout = 120s (custom)
2019-11-08 14:19:49,764 [pool-47-thread-1] INFO  server.RaftServerConfigKeys (ConfUtils.java:logGet(43)) - raft.server.sleep.deviation.threshold = 300 (default)
2019-11-08 14:19:49,764 [pool-47-thread-1] INFO  server.RaftServerConfigKeys (ConfUtils.java:logGet(43)) - raft.server.log.appender.install.snapshot.enabled = false (custom)
2019-11-08 14:19:49,764 [pool-47-thread-1] INFO  impl.RaftServerImpl (ServerState.java:<init>(103)) - ae99e6be-c84a-4a9f-b357-947ef07c8d3a@group-B4AE20506574: ConfigurationManager, init=-1: [0c78ec67-b04a-4fd2-a463-b437dfcbb376:192.168.164.246:34008, ae99e6be-c84a-4a9f-b357-947ef07c8d3a:192.168.164.246:38773, 69b47348-0b11-4d95-99f3-8184b6987aae:192.168.164.246:45541], old=null, confs=<EMPTY_MAP>
2019-11-08 14:19:49,764 [pool-47-thread-1] INFO  server.RaftServerConfigKeys (ConfUtils.java:logGet(43)) - raft.server.storage.dir = [/workdir/hadoop-ozone/tools/target/test-dir/MiniOzoneClusterImpl-629f59bc-3a02-4619-b8ec-4b1f5e0dfed1/datanode-2/data/ratis] (custom)
2019-11-08 14:19:49,764 [pool-27-thread-1] INFO  impl.RaftServerImpl (RaftServerImpl.java:<init>(98)) - 69b47348-0b11-4d95-99f3-8184b6987aae: new RaftServerImpl for group-B4AE20506574:[0c78ec67-b04a-4fd2-a463-b437dfcbb376:192.168.164.246:34008, ae99e6be-c84a-4a9f-b357-947ef07c8d3a:192.168.164.246:38773, 69b47348-0b11-4d95-99f3-8184b6987aae:192.168.164.246:45541] with ContainerStateMachine:uninitialized
2019-11-08 14:19:49,764 [pool-47-thread-1] INFO  server.RaftServerConfigKeys (ConfUtils.java:logGet(43)) - raft.server.log.corruption.policy = EXCEPTION (default)
2019-11-08 14:19:49,765 [pool-27-thread-1] INFO  server.RaftServerConfigKeys (ConfUtils.java:logGet(43)) - raft.server.rpc.timeout.min = 5s (custom)
2019-11-08 14:19:49,765 [pool-47-thread-1] INFO  storage.RaftStorageDirectory (RaftStorageDirectory.java:analyzeStorage(246)) - The storage directory /workdir/hadoop-ozone/tools/target/test-dir/MiniOzoneClusterImpl-629f59bc-3a02-4619-b8ec-4b1f5e0dfed1/datanode-2/data/ratis/b054ce3f-4518-470a-8566-b4ae20506574 does not exist. Creating ...
2019-11-08 14:19:49,765 [pool-27-thread-1] INFO  server.RaftServerConfigKeys (ConfUtils.java:logGet(43)) - raft.server.rpc.timeout.max = 5200ms (custom)
2019-11-08 14:19:49,765 [pool-27-thread-1] INFO  server.RaftServerConfigKeys (ConfUtils.java:logGet(43)) - raft.server.rpcslowness.timeout = 120s (custom)
2019-11-08 14:19:49,765 [pool-27-thread-1] INFO  server.RaftServerConfigKeys (ConfUtils.java:logGet(43)) - raft.server.sleep.deviation.threshold = 300 (default)
2019-11-08 14:19:49,765 [pool-27-thread-1] INFO  server.RaftServerConfigKeys (ConfUtils.java:logGet(43)) - raft.server.log.appender.install.snapshot.enabled = false (custom)
2019-11-08 14:19:49,765 [pool-37-thread-1] INFO  impl.RaftServerImpl (RaftServerImpl.java:<init>(98)) - 0c78ec67-b04a-4fd2-a463-b437dfcbb376: new RaftServerImpl for group-B4AE20506574:[0c78ec67-b04a-4fd2-a463-b437dfcbb376:192.168.164.246:34008, ae99e6be-c84a-4a9f-b357-947ef07c8d3a:192.168.164.246:38773, 69b47348-0b11-4d95-99f3-8184b6987aae:192.168.164.246:45541] with ContainerStateMachine:uninitialized
2019-11-08 14:19:49,765 [pool-27-thread-1] INFO  impl.RaftServerImpl (ServerState.java:<init>(103)) - 69b47348-0b11-4d95-99f3-8184b6987aae@group-B4AE20506574: ConfigurationManager, init=-1: [0c78ec67-b04a-4fd2-a463-b437dfcbb376:192.168.164.246:34008, ae99e6be-c84a-4a9f-b357-947ef07c8d3a:192.168.164.246:38773, 69b47348-0b11-4d95-99f3-8184b6987aae:192.168.164.246:45541], old=null, confs=<EMPTY_MAP>
2019-11-08 14:19:49,766 [pool-37-thread-1] INFO  server.RaftServerConfigKeys (ConfUtils.java:logGet(43)) - raft.server.rpc.timeout.min = 5s (custom)
2019-11-08 14:19:49,766 [pool-27-thread-1] INFO  server.RaftServerConfigKeys (ConfUtils.java:logGet(43)) - raft.server.storage.dir = [/workdir/hadoop-ozone/tools/target/test-dir/MiniOzoneClusterImpl-629f59bc-3a02-4619-b8ec-4b1f5e0dfed1/datanode-0/data/ratis] (custom)
2019-11-08 14:19:49,766 [pool-37-thread-1] INFO  server.RaftServerConfigKeys (ConfUtils.java:logGet(43)) - raft.server.rpc.timeout.max = 5200ms (custom)
2019-11-08 14:19:49,766 [pool-37-thread-1] INFO  server.RaftServerConfigKeys (ConfUtils.java:logGet(43)) - raft.server.rpcslowness.timeout = 120s (custom)
2019-11-08 14:19:49,766 [pool-27-thread-1] INFO  server.RaftServerConfigKeys (ConfUtils.java:logGet(43)) - raft.server.log.corruption.policy = EXCEPTION (default)
2019-11-08 14:19:49,766 [pool-37-thread-1] INFO  server.RaftServerConfigKeys (ConfUtils.java:logGet(43)) - raft.server.sleep.deviation.threshold = 300 (default)
2019-11-08 14:19:49,766 [pool-37-thread-1] INFO  server.RaftServerConfigKeys (ConfUtils.java:logGet(43)) - raft.server.log.appender.install.snapshot.enabled = false (custom)
2019-11-08 14:19:49,766 [pool-27-thread-1] INFO  storage.RaftStorageDirectory (RaftStorageDirectory.java:analyzeStorage(246)) - The storage directory /workdir/hadoop-ozone/tools/target/test-dir/MiniOzoneClusterImpl-629f59bc-3a02-4619-b8ec-4b1f5e0dfed1/datanode-0/data/ratis/b054ce3f-4518-470a-8566-b4ae20506574 does not exist. Creating ...
2019-11-08 14:19:49,766 [pool-37-thread-1] INFO  impl.RaftServerImpl (ServerState.java:<init>(103)) - 0c78ec67-b04a-4fd2-a463-b437dfcbb376@group-B4AE20506574: ConfigurationManager, init=-1: [0c78ec67-b04a-4fd2-a463-b437dfcbb376:192.168.164.246:34008, ae99e6be-c84a-4a9f-b357-947ef07c8d3a:192.168.164.246:38773, 69b47348-0b11-4d95-99f3-8184b6987aae:192.168.164.246:45541], old=null, confs=<EMPTY_MAP>
2019-11-08 14:19:49,767 [pool-37-thread-1] INFO  server.RaftServerConfigKeys (ConfUtils.java:logGet(43)) - raft.server.storage.dir = [/workdir/hadoop-ozone/tools/target/test-dir/MiniOzoneClusterImpl-629f59bc-3a02-4619-b8ec-4b1f5e0dfed1/datanode-1/data/ratis] (custom)
2019-11-08 14:19:49,767 [pool-37-thread-1] INFO  server.RaftServerConfigKeys (ConfUtils.java:logGet(43)) - raft.server.log.corruption.policy = EXCEPTION (default)
2019-11-08 14:19:49,767 [pool-37-thread-1] INFO  storage.RaftStorageDirectory (RaftStorageDirectory.java:analyzeStorage(246)) - The storage directory /workdir/hadoop-ozone/tools/target/test-dir/MiniOzoneClusterImpl-629f59bc-3a02-4619-b8ec-4b1f5e0dfed1/datanode-1/data/ratis/b054ce3f-4518-470a-8566-b4ae20506574 does not exist. Creating ...
2019-11-08 14:19:49,773 [pool-37-thread-1] INFO  storage.RaftStorageDirectory (RaftStorageDirectory.java:tryLock(328)) - Lock on /workdir/hadoop-ozone/tools/target/test-dir/MiniOzoneClusterImpl-629f59bc-3a02-4619-b8ec-4b1f5e0dfed1/datanode-1/data/ratis/b054ce3f-4518-470a-8566-b4ae20506574/in_use.lock acquired by nodename 11353@pr-hdds-2400-q5jst-1761645290
2019-11-08 14:19:49,773 [pool-27-thread-1] INFO  storage.RaftStorageDirectory (RaftStorageDirectory.java:tryLock(328)) - Lock on /workdir/hadoop-ozone/tools/target/test-dir/MiniOzoneClusterImpl-629f59bc-3a02-4619-b8ec-4b1f5e0dfed1/datanode-0/data/ratis/b054ce3f-4518-470a-8566-b4ae20506574/in_use.lock acquired by nodename 11353@pr-hdds-2400-q5jst-1761645290
2019-11-08 14:19:49,773 [pool-47-thread-1] INFO  storage.RaftStorageDirectory (RaftStorageDirectory.java:tryLock(328)) - Lock on /workdir/hadoop-ozone/tools/target/test-dir/MiniOzoneClusterImpl-629f59bc-3a02-4619-b8ec-4b1f5e0dfed1/datanode-2/data/ratis/b054ce3f-4518-470a-8566-b4ae20506574/in_use.lock acquired by nodename 11353@pr-hdds-2400-q5jst-1761645290
2019-11-08 14:19:49,789 [pool-47-thread-1] INFO  storage.RaftStorage (RaftStorage.java:format(84)) - Storage directory /workdir/hadoop-ozone/tools/target/test-dir/MiniOzoneClusterImpl-629f59bc-3a02-4619-b8ec-4b1f5e0dfed1/datanode-2/data/ratis/b054ce3f-4518-470a-8566-b4ae20506574 has been successfully formatted.
2019-11-08 14:19:49,789 [pool-37-thread-1] INFO  storage.RaftStorage (RaftStorage.java:format(84)) - Storage directory /workdir/hadoop-ozone/tools/target/test-dir/MiniOzoneClusterImpl-629f59bc-3a02-4619-b8ec-4b1f5e0dfed1/datanode-1/data/ratis/b054ce3f-4518-470a-8566-b4ae20506574 has been successfully formatted.
2019-11-08 14:19:49,789 [pool-27-thread-1] INFO  storage.RaftStorage (RaftStorage.java:format(84)) - Storage directory /workdir/hadoop-ozone/tools/target/test-dir/MiniOzoneClusterImpl-629f59bc-3a02-4619-b8ec-4b1f5e0dfed1/datanode-0/data/ratis/b054ce3f-4518-470a-8566-b4ae20506574 has been successfully formatted.
2019-11-08 14:19:49,789 [pool-47-thread-1] INFO  ratis.ContainerStateMachine (ContainerStateMachine.java:loadSnapshot(231)) - group-B4AE20506574: The snapshot info is null. Setting the last applied indexto:(t:0, i:~)
2019-11-08 14:19:49,789 [pool-37-thread-1] INFO  ratis.ContainerStateMachine (ContainerStateMachine.java:loadSnapshot(231)) - group-B4AE20506574: The snapshot info is null. Setting the last applied indexto:(t:0, i:~)
2019-11-08 14:19:49,790 [pool-47-thread-1] INFO  server.RaftServerConfigKeys (ConfUtils.java:logGet(43)) - raft.server.notification.no-leader.timeout = 120s (custom)
2019-11-08 14:19:49,789 [pool-27-thread-1] INFO  ratis.ContainerStateMachine (ContainerStateMachine.java:loadSnapshot(231)) - group-B4AE20506574: The snapshot info is null. Setting the last applied indexto:(t:0, i:~)
2019-11-08 14:19:49,790 [pool-47-thread-1] INFO  server.RaftServerConfigKeys (ConfUtils.java:logGet(43)) - raft.server.log.use.memory = false (default)
2019-11-08 14:19:49,790 [pool-37-thread-1] INFO  server.RaftServerConfigKeys (ConfUtils.java:logGet(43)) - raft.server.notification.no-leader.timeout = 120s (custom)
2019-11-08 14:19:49,790 [pool-47-thread-1] INFO  server.RaftServerConfigKeys (ConfUtils.java:logGet(43)) - raft.server.log.purge.gap = 1000000 (custom)
2019-11-08 14:19:49,790 [pool-27-thread-1] INFO  server.RaftServerConfigKeys (ConfUtils.java:logGet(43)) - raft.server.notification.no-leader.timeout = 120s (custom)
2019-11-08 14:19:49,790 [pool-47-thread-1] INFO  server.RaftServerConfigKeys (ConfUtils.java:logGet(43)) - raft.server.log.appender.buffer.byte-limit = 33554432 (custom)
2019-11-08 14:19:49,790 [pool-37-thread-1] INFO  server.RaftServerConfigKeys (ConfUtils.java:logGet(43)) - raft.server.log.use.memory = false (default)
2019-11-08 14:19:49,790 [pool-47-thread-1] INFO  server.RaftServerConfigKeys (ConfUtils.java:logGet(43)) - raft.server.log.segment.size.max = 1048576 (custom)
2019-11-08 14:19:49,790 [pool-27-thread-1] INFO  server.RaftServerConfigKeys (ConfUtils.java:logGet(43)) - raft.server.log.use.memory = false (default)
2019-11-08 14:19:49,791 [pool-47-thread-1] INFO  server.RaftServerConfigKeys (ConfUtils.java:logGet(43)) - raft.server.log.segment.cache.num.max = 2 (custom)
2019-11-08 14:19:49,791 [pool-37-thread-1] INFO  server.RaftServerConfigKeys (ConfUtils.java:logGet(43)) - raft.server.log.purge.gap = 1000000 (custom)
2019-11-08 14:19:49,791 [pool-47-thread-1] INFO  segmented.SegmentedRaftLogWorker (SegmentedRaftLogWorker.java:<init>(173)) - new ae99e6be-c84a-4a9f-b357-947ef07c8d3a@group-B4AE20506574-SegmentedRaftLogWorker for RaftStorage:Storage Directory /workdir/hadoop-ozone/tools/target/test-dir/MiniOzoneClusterImpl-629f59bc-3a02-4619-b8ec-4b1f5e0dfed1/datanode-2/data/ratis/b054ce3f-4518-470a-8566-b4ae20506574
2019-11-08 14:19:49,791 [pool-27-thread-1] INFO  server.RaftServerConfigKeys (ConfUtils.java:logGet(43)) - raft.server.log.purge.gap = 1000000 (custom)
2019-11-08 14:19:49,791 [pool-47-thread-1] INFO  server.RaftServerConfigKeys (ConfUtils.java:logGet(43)) - raft.server.log.queue.byte-limit = 2147483647 (custom)
2019-11-08 14:19:49,791 [pool-37-thread-1] INFO  server.RaftServerConfigKeys (ConfUtils.java:logGet(43)) - raft.server.log.appender.buffer.byte-limit = 33554432 (custom)
2019-11-08 14:19:49,791 [pool-47-thread-1] INFO  server.RaftServerConfigKeys (ConfUtils.java:logGet(43)) - raft.server.log.queue.element-limit = 1024 (custom)
2019-11-08 14:19:49,791 [pool-27-thread-1] INFO  server.RaftServerConfigKeys (ConfUtils.java:logGet(43)) - raft.server.log.appender.buffer.byte-limit = 33554432 (custom)
2019-11-08 14:19:49,792 [pool-47-thread-1] INFO  server.RaftServerConfigKeys (ConfUtils.java:logGet(43)) - raft.server.log.segment.size.max = 1048576 (custom)
2019-11-08 14:19:49,791 [pool-37-thread-1] INFO  server.RaftServerConfigKeys (ConfUtils.java:logGet(43)) - raft.server.log.segment.size.max = 1048576 (custom)
2019-11-08 14:19:49,792 [pool-47-thread-1] INFO  server.RaftServerConfigKeys (ConfUtils.java:logGet(43)) - raft.server.log.preallocated.size = 16384 (custom)
2019-11-08 14:19:49,792 [pool-27-thread-1] INFO  server.RaftServerConfigKeys (ConfUtils.java:logGet(43)) - raft.server.log.segment.size.max = 1048576 (custom)
2019-11-08 14:19:49,792 [pool-47-thread-1] INFO  server.RaftServerConfigKeys (ConfUtils.java:logGet(43)) - raft.server.log.write.buffer.size = 33554432 (custom)
2019-11-08 14:19:49,792 [pool-37-thread-1] INFO  server.RaftServerConfigKeys (ConfUtils.java:logGet(43)) - raft.server.log.segment.cache.num.max = 2 (custom)
2019-11-08 14:19:49,792 [pool-47-thread-1] INFO  server.RaftServerConfigKeys (ConfUtils.java:logGet(43)) - raft.server.log.force.sync.num = 128 (default)
2019-11-08 14:19:49,792 [pool-27-thread-1] INFO  server.RaftServerConfigKeys (ConfUtils.java:logGet(43)) - raft.server.log.segment.cache.num.max = 2 (custom)
2019-11-08 14:19:49,793 [pool-47-thread-1] INFO  server.RaftServerConfigKeys (ConfUtils.java:logGet(43)) - raft.server.log.statemachine.data.sync = true (default)
2019-11-08 14:19:49,792 [pool-37-thread-1] INFO  segmented.SegmentedRaftLogWorker (SegmentedRaftLogWorker.java:<init>(173)) - new 0c78ec67-b04a-4fd2-a463-b437dfcbb376@group-B4AE20506574-SegmentedRaftLogWorker for RaftStorage:Storage Directory /workdir/hadoop-ozone/tools/target/test-dir/MiniOzoneClusterImpl-629f59bc-3a02-4619-b8ec-4b1f5e0dfed1/datanode-1/data/ratis/b054ce3f-4518-470a-8566-b4ae20506574
2019-11-08 14:19:49,793 [pool-47-thread-1] INFO  server.RaftServerConfigKeys (ConfUtils.java:logGet(43)) - raft.server.log.statemachine.data.sync.timeout = 10s (default)
2019-11-08 14:19:49,793 [pool-27-thread-1] INFO  segmented.SegmentedRaftLogWorker (SegmentedRaftLogWorker.java:<init>(173)) - new 69b47348-0b11-4d95-99f3-8184b6987aae@group-B4AE20506574-SegmentedRaftLogWorker for RaftStorage:Storage Directory /workdir/hadoop-ozone/tools/target/test-dir/MiniOzoneClusterImpl-629f59bc-3a02-4619-b8ec-4b1f5e0dfed1/datanode-0/data/ratis/b054ce3f-4518-470a-8566-b4ae20506574
2019-11-08 14:19:49,793 [pool-47-thread-1] INFO  server.RaftServerConfigKeys (ConfUtils.java:logGet(43)) - raft.server.log.statemachine.data.sync.timeout.retry = -1 (default)
2019-11-08 14:19:49,793 [pool-37-thread-1] INFO  server.RaftServerConfigKeys (ConfUtils.java:logGet(43)) - raft.server.log.queue.byte-limit = 2147483647 (custom)
2019-11-08 14:19:49,793 [pool-47-thread-1] INFO  server.RaftServerConfigKeys (ConfUtils.java:logGet(43)) - raft.server.log.statemachine.data.caching.enabled = true (custom)
2019-11-08 14:19:49,793 [pool-27-thread-1] INFO  server.RaftServerConfigKeys (ConfUtils.java:logGet(43)) - raft.server.log.queue.byte-limit = 2147483647 (custom)
2019-11-08 14:19:49,793 [pool-37-thread-1] INFO  server.RaftServerConfigKeys (ConfUtils.java:logGet(43)) - raft.server.log.queue.element-limit = 1024 (custom)
2019-11-08 14:19:49,794 [pool-27-thread-1] INFO  server.RaftServerConfigKeys (ConfUtils.java:logGet(43)) - raft.server.log.queue.element-limit = 1024 (custom)
2019-11-08 14:19:49,794 [pool-47-thread-1] INFO  segmented.SegmentedRaftLogWorker (SegmentedRaftLogWorker.java:lambda$new$0(128)) - ae99e6be-c84a-4a9f-b357-947ef07c8d3a@group-B4AE20506574-SegmentedRaftLogWorker: flushIndex: setUnconditionally 0 -> -1
2019-11-08 14:19:49,794 [pool-27-thread-1] INFO  server.RaftServerConfigKeys (ConfUtils.java:logGet(43)) - raft.server.log.segment.size.max = 1048576 (custom)
2019-11-08 14:19:49,794 [pool-37-thread-1] INFO  server.RaftServerConfigKeys (ConfUtils.java:logGet(43)) - raft.server.log.segment.size.max = 1048576 (custom)
2019-11-08 14:19:49,794 [pool-47-thread-1] INFO  server.RaftServerConfigKeys (ConfUtils.java:logGet(43)) - raft.server.snapshot.auto.trigger.enabled = true (custom)
2019-11-08 14:19:49,794 [pool-27-thread-1] INFO  server.RaftServerConfigKeys (ConfUtils.java:logGet(43)) - raft.server.log.preallocated.size = 16384 (custom)
2019-11-08 14:19:49,794 [pool-47-thread-1] INFO  server.RaftServerConfigKeys (ConfUtils.java:logGet(43)) - raft.server.snapshot.auto.trigger.threshold = 10000 (custom)
2019-11-08 14:19:49,794 [pool-37-thread-1] INFO  server.RaftServerConfigKeys (ConfUtils.java:logGet(43)) - raft.server.log.preallocated.size = 16384 (custom)
2019-11-08 14:19:49,795 [pool-47-thread-1] INFO  server.RaftServerConfigKeys (ConfUtils.java:logGet(43)) - raft.server.snapshot.retention.file.num = 5 (custom)
2019-11-08 14:19:49,794 [pool-27-thread-1] INFO  server.RaftServerConfigKeys (ConfUtils.java:logGet(43)) - raft.server.log.write.buffer.size = 33554432 (custom)
2019-11-08 14:19:49,795 [pool-47-thread-1] INFO  server.RaftServerConfigKeys (ConfUtils.java:logGet(43)) - raft.server.retrycache.expirytime = 600000ms (custom)
2019-11-08 14:19:49,795 [pool-37-thread-1] INFO  server.RaftServerConfigKeys (ConfUtils.java:logGet(43)) - raft.server.log.write.buffer.size = 33554432 (custom)
2019-11-08 14:19:49,795 [pool-47-thread-1] WARN  impl.MetricRegistriesImpl (MetricRegistriesImpl.java:lambda$create$1(61)) - First MetricRegistry has been created without registering reporters. You may need to call MetricRegistries.global().addReportRegistration(...) before.
2019-11-08 14:19:49,795 [pool-27-thread-1] INFO  server.RaftServerConfigKeys (ConfUtils.java:logGet(43)) - raft.server.log.force.sync.num = 128 (default)
2019-11-08 14:19:49,795 [pool-47-thread-1] WARN  impl.MetricRegistriesImpl (MetricRegistriesImpl.java:lambda$create$1(61)) - First MetricRegistry has been created without registering reporters. You may need to call MetricRegistries.global().addReportRegistration(...) before.
2019-11-08 14:19:49,795 [pool-37-thread-1] INFO  server.RaftServerConfigKeys (ConfUtils.java:logGet(43)) - raft.server.log.force.sync.num = 128 (default)
2019-11-08 14:19:49,795 [pool-27-thread-1] INFO  server.RaftServerConfigKeys (ConfUtils.java:logGet(43)) - raft.server.log.statemachine.data.sync = true (default)
2019-11-08 14:19:49,796 [pool-37-thread-1] INFO  server.RaftServerConfigKeys (ConfUtils.java:logGet(43)) - raft.server.log.statemachine.data.sync = true (default)
2019-11-08 14:19:49,796 [pool-27-thread-1] INFO  server.RaftServerConfigKeys (ConfUtils.java:logGet(43)) - raft.server.log.statemachine.data.sync.timeout = 10s (default)
2019-11-08 14:19:49,796 [pool-37-thread-1] INFO  server.RaftServerConfigKeys (ConfUtils.java:logGet(43)) - raft.server.log.statemachine.data.sync.timeout = 10s (default)
2019-11-08 14:19:49,796 [pool-27-thread-1] INFO  server.RaftServerConfigKeys (ConfUtils.java:logGet(43)) - raft.server.log.statemachine.data.sync.timeout.retry = -1 (default)
2019-11-08 14:19:49,796 [pool-37-thread-1] INFO  server.RaftServerConfigKeys (ConfUtils.java:logGet(43)) - raft.server.log.statemachine.data.sync.timeout.retry = -1 (default)
2019-11-08 14:19:49,796 [pool-27-thread-1] INFO  server.RaftServerConfigKeys (ConfUtils.java:logGet(43)) - raft.server.log.statemachine.data.caching.enabled = true (custom)
2019-11-08 14:19:49,797 [pool-37-thread-1] INFO  server.RaftServerConfigKeys (ConfUtils.java:logGet(43)) - raft.server.log.statemachine.data.caching.enabled = true (custom)
2019-11-08 14:19:49,797 [pool-27-thread-1] INFO  segmented.SegmentedRaftLogWorker (SegmentedRaftLogWorker.java:lambda$new$0(128)) - 69b47348-0b11-4d95-99f3-8184b6987aae@group-B4AE20506574-SegmentedRaftLogWorker: flushIndex: setUnconditionally 0 -> -1
2019-11-08 14:19:49,797 [pool-37-thread-1] INFO  segmented.SegmentedRaftLogWorker (SegmentedRaftLogWorker.java:lambda$new$0(128)) - 0c78ec67-b04a-4fd2-a463-b437dfcbb376@group-B4AE20506574-SegmentedRaftLogWorker: flushIndex: setUnconditionally 0 -> -1
2019-11-08 14:19:49,797 [pool-27-thread-1] INFO  server.RaftServerConfigKeys (ConfUtils.java:logGet(43)) - raft.server.snapshot.auto.trigger.enabled = true (custom)
2019-11-08 14:19:49,797 [pool-27-thread-1] INFO  server.RaftServerConfigKeys (ConfUtils.java:logGet(43)) - raft.server.snapshot.auto.trigger.threshold = 10000 (custom)
2019-11-08 14:19:49,797 [pool-37-thread-1] INFO  server.RaftServerConfigKeys (ConfUtils.java:logGet(43)) - raft.server.snapshot.auto.trigger.enabled = true (custom)
2019-11-08 14:19:49,797 [pool-27-thread-1] INFO  server.RaftServerConfigKeys (ConfUtils.java:logGet(43)) - raft.server.snapshot.retention.file.num = 5 (custom)
2019-11-08 14:19:49,798 [pool-37-thread-1] INFO  server.RaftServerConfigKeys (ConfUtils.java:logGet(43)) - raft.server.snapshot.auto.trigger.threshold = 10000 (custom)
2019-11-08 14:19:49,797 [pool-47-thread-1] INFO  impl.RaftServerImpl (RaftServerImpl.java:<init>(98)) - ae99e6be-c84a-4a9f-b357-947ef07c8d3a: new RaftServerImpl for group-9B8D5988F340:[0c78ec67-b04a-4fd2-a463-b437dfcbb376:192.168.164.246:34008, ae99e6be-c84a-4a9f-b357-947ef07c8d3a:192.168.164.246:38773, 69b47348-0b11-4d95-99f3-8184b6987aae:192.168.164.246:45541] with ContainerStateMachine:uninitialized
2019-11-08 14:19:49,798 [pool-37-thread-1] INFO  server.RaftServerConfigKeys (ConfUtils.java:logGet(43)) - raft.server.snapshot.retention.file.num = 5 (custom)
2019-11-08 14:19:49,798 [pool-27-thread-1] INFO  server.RaftServerConfigKeys (ConfUtils.java:logGet(43)) - raft.server.retrycache.expirytime = 600000ms (custom)
2019-11-08 14:19:49,798 [pool-47-thread-1] INFO  server.RaftServerConfigKeys (ConfUtils.java:logGet(43)) - raft.server.rpc.timeout.min = 5s (custom)
2019-11-08 14:19:49,798 [pool-27-thread-1] WARN  impl.MetricRegistriesImpl (MetricRegistriesImpl.java:lambda$create$1(61)) - First MetricRegistry has been created without registering reporters. You may need to call MetricRegistries.global().addReportRegistration(...) before.
2019-11-08 14:19:49,798 [pool-37-thread-1] INFO  server.RaftServerConfigKeys (ConfUtils.java:logGet(43)) - raft.server.retrycache.expirytime = 600000ms (custom)
2019-11-08 14:19:49,798 [pool-27-thread-1] WARN  impl.MetricRegistriesImpl (MetricRegistriesImpl.java:lambda$create$1(61)) - First MetricRegistry has been created without registering reporters. You may need to call MetricRegistries.global().addReportRegistration(...) before.
2019-11-08 14:19:49,798 [pool-47-thread-1] INFO  server.RaftServerConfigKeys (ConfUtils.java:logGet(43)) - raft.server.rpc.timeout.max = 5200ms (custom)
2019-11-08 14:19:49,798 [pool-37-thread-1] WARN  impl.MetricRegistriesImpl (MetricRegistriesImpl.java:lambda$create$1(61)) - First MetricRegistry has been created without registering reporters. You may need to call MetricRegistries.global().addReportRegistration(...) before.
2019-11-08 14:19:49,799 [pool-47-thread-1] INFO  server.RaftServerConfigKeys (ConfUtils.java:logGet(43)) - raft.server.rpcslowness.timeout = 120s (custom)
2019-11-08 14:19:49,799 [pool-37-thread-1] WARN  impl.MetricRegistriesImpl (MetricRegistriesImpl.java:lambda$create$1(61)) - First MetricRegistry has been created without registering reporters. You may need to call MetricRegistries.global().addReportRegistration(...) before.
2019-11-08 14:19:49,799 [pool-47-thread-1] INFO  server.RaftServerConfigKeys (ConfUtils.java:logGet(43)) - raft.server.sleep.deviation.threshold = 300 (default)
2019-11-08 14:19:49,799 [pool-47-thread-1] INFO  server.RaftServerConfigKeys (ConfUtils.java:logGet(43)) - raft.server.log.appender.install.snapshot.enabled = false (custom)
2019-11-08 14:19:49,799 [pool-47-thread-1] INFO  impl.RaftServerImpl (ServerState.java:<init>(103)) - ae99e6be-c84a-4a9f-b357-947ef07c8d3a@group-9B8D5988F340: ConfigurationManager, init=-1: [0c78ec67-b04a-4fd2-a463-b437dfcbb376:192.168.164.246:34008, ae99e6be-c84a-4a9f-b357-947ef07c8d3a:192.168.164.246:38773, 69b47348-0b11-4d95-99f3-8184b6987aae:192.168.164.246:45541], old=null, confs=<EMPTY_MAP>
2019-11-08 14:19:49,799 [pool-47-thread-1] INFO  server.RaftServerConfigKeys (ConfUtils.java:logGet(43)) - raft.server.storage.dir = [/workdir/hadoop-ozone/tools/target/test-dir/MiniOzoneClusterImpl-629f59bc-3a02-4619-b8ec-4b1f5e0dfed1/datanode-2/data/ratis] (custom)
2019-11-08 14:19:49,800 [pool-47-thread-1] INFO  server.RaftServerConfigKeys (ConfUtils.java:logGet(43)) - raft.server.log.corruption.policy = EXCEPTION (default)
2019-11-08 14:19:49,800 [pool-47-thread-1] INFO  storage.RaftStorageDirectory (RaftStorageDirectory.java:analyzeStorage(246)) - The storage directory /workdir/hadoop-ozone/tools/target/test-dir/MiniOzoneClusterImpl-629f59bc-3a02-4619-b8ec-4b1f5e0dfed1/datanode-2/data/ratis/8f0106d3-2c55-4d6a-959d-9b8d5988f340 does not exist. Creating ...
2019-11-08 14:19:49,800 [pool-27-thread-1] INFO  impl.RaftServerImpl (RaftServerImpl.java:<init>(98)) - 69b47348-0b11-4d95-99f3-8184b6987aae: new RaftServerImpl for group-9B8D5988F340:[0c78ec67-b04a-4fd2-a463-b437dfcbb376:192.168.164.246:34008, ae99e6be-c84a-4a9f-b357-947ef07c8d3a:192.168.164.246:38773, 69b47348-0b11-4d95-99f3-8184b6987aae:192.168.164.246:45541] with ContainerStateMachine:uninitialized
2019-11-08 14:19:49,800 [pool-27-thread-1] INFO  server.RaftServerConfigKeys (ConfUtils.java:logGet(43)) - raft.server.rpc.timeout.min = 5s (custom)
2019-11-08 14:19:49,800 [pool-27-thread-1] INFO  server.RaftServerConfigKeys (ConfUtils.java:logGet(43)) - raft.server.rpc.timeout.max = 5200ms (custom)
2019-11-08 14:19:49,800 [pool-27-thread-1] INFO  server.RaftServerConfigKeys (ConfUtils.java:logGet(43)) - raft.server.rpcslowness.timeout = 120s (custom)
2019-11-08 14:19:49,800 [pool-27-thread-1] INFO  server.RaftServerConfigKeys (ConfUtils.java:logGet(43)) - raft.server.sleep.deviation.threshold = 300 (default)
2019-11-08 14:19:49,801 [pool-27-thread-1] INFO  server.RaftServerConfigKeys (ConfUtils.java:logGet(43)) - raft.server.log.appender.install.snapshot.enabled = false (custom)
2019-11-08 14:19:49,801 [pool-27-thread-1] INFO  impl.RaftServerImpl (ServerState.java:<init>(103)) - 69b47348-0b11-4d95-99f3-8184b6987aae@group-9B8D5988F340: ConfigurationManager, init=-1: [0c78ec67-b04a-4fd2-a463-b437dfcbb376:192.168.164.246:34008, ae99e6be-c84a-4a9f-b357-947ef07c8d3a:192.168.164.246:38773, 69b47348-0b11-4d95-99f3-8184b6987aae:192.168.164.246:45541], old=null, confs=<EMPTY_MAP>
2019-11-08 14:19:49,801 [pool-27-thread-1] INFO  server.RaftServerConfigKeys (ConfUtils.java:logGet(43)) - raft.server.storage.dir = [/workdir/hadoop-ozone/tools/target/test-dir/MiniOzoneClusterImpl-629f59bc-3a02-4619-b8ec-4b1f5e0dfed1/datanode-0/data/ratis] (custom)
2019-11-08 14:19:49,801 [pool-27-thread-1] INFO  server.RaftServerConfigKeys (ConfUtils.java:logGet(43)) - raft.server.log.corruption.policy = EXCEPTION (default)
2019-11-08 14:19:49,801 [pool-37-thread-1] INFO  impl.RaftServerImpl (RaftServerImpl.java:<init>(98)) - 0c78ec67-b04a-4fd2-a463-b437dfcbb376: new RaftServerImpl for group-9B8D5988F340:[0c78ec67-b04a-4fd2-a463-b437dfcbb376:192.168.164.246:34008, ae99e6be-c84a-4a9f-b357-947ef07c8d3a:192.168.164.246:38773, 69b47348-0b11-4d95-99f3-8184b6987aae:192.168.164.246:45541] with ContainerStateMachine:uninitialized
2019-11-08 14:19:49,801 [pool-27-thread-1] INFO  storage.RaftStorageDirectory (RaftStorageDirectory.java:analyzeStorage(246)) - The storage directory /workdir/hadoop-ozone/tools/target/test-dir/MiniOzoneClusterImpl-629f59bc-3a02-4619-b8ec-4b1f5e0dfed1/datanode-0/data/ratis/8f0106d3-2c55-4d6a-959d-9b8d5988f340 does not exist. Creating ...
2019-11-08 14:19:49,801 [pool-37-thread-1] INFO  server.RaftServerConfigKeys (ConfUtils.java:logGet(43)) - raft.server.rpc.timeout.min = 5s (custom)
2019-11-08 14:19:49,801 [pool-37-thread-1] INFO  server.RaftServerConfigKeys (ConfUtils.java:logGet(43)) - raft.server.rpc.timeout.max = 5200ms (custom)
2019-11-08 14:19:49,802 [pool-37-thread-1] INFO  server.RaftServerConfigKeys (ConfUtils.java:logGet(43)) - raft.server.rpcslowness.timeout = 120s (custom)
2019-11-08 14:19:49,802 [pool-37-thread-1] INFO  server.RaftServerConfigKeys (ConfUtils.java:logGet(43)) - raft.server.sleep.deviation.threshold = 300 (default)
2019-11-08 14:19:49,802 [pool-37-thread-1] INFO  server.RaftServerConfigKeys (ConfUtils.java:logGet(43)) - raft.server.log.appender.install.snapshot.enabled = false (custom)
2019-11-08 14:19:49,802 [pool-37-thread-1] INFO  impl.RaftServerImpl (ServerState.java:<init>(103)) - 0c78ec67-b04a-4fd2-a463-b437dfcbb376@group-9B8D5988F340: ConfigurationManager, init=-1: [0c78ec67-b04a-4fd2-a463-b437dfcbb376:192.168.164.246:34008, ae99e6be-c84a-4a9f-b357-947ef07c8d3a:192.168.164.246:38773, 69b47348-0b11-4d95-99f3-8184b6987aae:192.168.164.246:45541], old=null, confs=<EMPTY_MAP>
2019-11-08 14:19:49,802 [pool-37-thread-1] INFO  server.RaftServerConfigKeys (ConfUtils.java:logGet(43)) - raft.server.storage.dir = [/workdir/hadoop-ozone/tools/target/test-dir/MiniOzoneClusterImpl-629f59bc-3a02-4619-b8ec-4b1f5e0dfed1/datanode-1/data/ratis] (custom)
2019-11-08 14:19:49,804 [pool-37-thread-1] INFO  server.RaftServerConfigKeys (ConfUtils.java:logGet(43)) - raft.server.log.corruption.policy = EXCEPTION (default)
2019-11-08 14:19:49,804 [pool-37-thread-1] INFO  storage.RaftStorageDirectory (RaftStorageDirectory.java:analyzeStorage(246)) - The storage directory /workdir/hadoop-ozone/tools/target/test-dir/MiniOzoneClusterImpl-629f59bc-3a02-4619-b8ec-4b1f5e0dfed1/datanode-1/data/ratis/8f0106d3-2c55-4d6a-959d-9b8d5988f340 does not exist. Creating ...
2019-11-08 14:19:49,804 [pool-47-thread-1] INFO  storage.RaftStorageDirectory (RaftStorageDirectory.java:tryLock(328)) - Lock on /workdir/hadoop-ozone/tools/target/test-dir/MiniOzoneClusterImpl-629f59bc-3a02-4619-b8ec-4b1f5e0dfed1/datanode-2/data/ratis/8f0106d3-2c55-4d6a-959d-9b8d5988f340/in_use.lock acquired by nodename 11353@pr-hdds-2400-q5jst-1761645290
2019-11-08 14:19:49,804 [pool-27-thread-1] INFO  storage.RaftStorageDirectory (RaftStorageDirectory.java:tryLock(328)) - Lock on /workdir/hadoop-ozone/tools/target/test-dir/MiniOzoneClusterImpl-629f59bc-3a02-4619-b8ec-4b1f5e0dfed1/datanode-0/data/ratis/8f0106d3-2c55-4d6a-959d-9b8d5988f340/in_use.lock acquired by nodename 11353@pr-hdds-2400-q5jst-1761645290
2019-11-08 14:19:49,807 [pool-37-thread-1] INFO  storage.RaftStorageDirectory (RaftStorageDirectory.java:tryLock(328)) - Lock on /workdir/hadoop-ozone/tools/target/test-dir/MiniOzoneClusterImpl-629f59bc-3a02-4619-b8ec-4b1f5e0dfed1/datanode-1/data/ratis/8f0106d3-2c55-4d6a-959d-9b8d5988f340/in_use.lock acquired by nodename 11353@pr-hdds-2400-q5jst-1761645290
2019-11-08 14:19:49,812 [pool-47-thread-1] INFO  storage.RaftStorage (RaftStorage.java:format(84)) - Storage directory /workdir/hadoop-ozone/tools/target/test-dir/MiniOzoneClusterImpl-629f59bc-3a02-4619-b8ec-4b1f5e0dfed1/datanode-2/data/ratis/8f0106d3-2c55-4d6a-959d-9b8d5988f340 has been successfully formatted.
2019-11-08 14:19:49,812 [pool-37-thread-1] INFO  storage.RaftStorage (RaftStorage.java:format(84)) - Storage directory /workdir/hadoop-ozone/tools/target/test-dir/MiniOzoneClusterImpl-629f59bc-3a02-4619-b8ec-4b1f5e0dfed1/datanode-1/data/ratis/8f0106d3-2c55-4d6a-959d-9b8d5988f340 has been successfully formatted.
2019-11-08 14:19:49,812 [pool-27-thread-1] INFO  storage.RaftStorage (RaftStorage.java:format(84)) - Storage directory /workdir/hadoop-ozone/tools/target/test-dir/MiniOzoneClusterImpl-629f59bc-3a02-4619-b8ec-4b1f5e0dfed1/datanode-0/data/ratis/8f0106d3-2c55-4d6a-959d-9b8d5988f340 has been successfully formatted.
2019-11-08 14:19:49,813 [pool-37-thread-1] INFO  ratis.ContainerStateMachine (ContainerStateMachine.java:loadSnapshot(231)) - group-9B8D5988F340: The snapshot info is null. Setting the last applied indexto:(t:0, i:~)
2019-11-08 14:19:49,813 [pool-27-thread-1] INFO  ratis.ContainerStateMachine (ContainerStateMachine.java:loadSnapshot(231)) - group-9B8D5988F340: The snapshot info is null. Setting the last applied indexto:(t:0, i:~)
2019-11-08 14:19:49,813 [pool-47-thread-1] INFO  ratis.ContainerStateMachine (ContainerStateMachine.java:loadSnapshot(231)) - group-9B8D5988F340: The snapshot info is null. Setting the last applied indexto:(t:0, i:~)
2019-11-08 14:19:49,813 [pool-27-thread-1] INFO  server.RaftServerConfigKeys (ConfUtils.java:logGet(43)) - raft.server.notification.no-leader.timeout = 120s (custom)
2019-11-08 14:19:49,813 [pool-37-thread-1] INFO  server.RaftServerConfigKeys (ConfUtils.java:logGet(43)) - raft.server.notification.no-leader.timeout = 120s (custom)
2019-11-08 14:19:49,813 [pool-27-thread-1] INFO  server.RaftServerConfigKeys (ConfUtils.java:logGet(43)) - raft.server.log.use.memory = false (default)
2019-11-08 14:19:49,813 [pool-47-thread-1] INFO  server.RaftServerConfigKeys (ConfUtils.java:logGet(43)) - raft.server.notification.no-leader.timeout = 120s (custom)
2019-11-08 14:19:49,814 [pool-27-thread-1] INFO  server.RaftServerConfigKeys (ConfUtils.java:logGet(43)) - raft.server.log.purge.gap = 1000000 (custom)
2019-11-08 14:19:49,814 [pool-37-thread-1] INFO  server.RaftServerConfigKeys (ConfUtils.java:logGet(43)) - raft.server.log.use.memory = false (default)
2019-11-08 14:19:49,814 [pool-27-thread-1] INFO  server.RaftServerConfigKeys (ConfUtils.java:logGet(43)) - raft.server.log.appender.buffer.byte-limit = 33554432 (custom)
2019-11-08 14:19:49,814 [pool-47-thread-1] INFO  server.RaftServerConfigKeys (ConfUtils.java:logGet(43)) - raft.server.log.use.memory = false (default)
2019-11-08 14:19:49,814 [pool-27-thread-1] INFO  server.RaftServerConfigKeys (ConfUtils.java:logGet(43)) - raft.server.log.segment.size.max = 1048576 (custom)
2019-11-08 14:19:49,814 [pool-37-thread-1] INFO  server.RaftServerConfigKeys (ConfUtils.java:logGet(43)) - raft.server.log.purge.gap = 1000000 (custom)
2019-11-08 14:19:49,815 [pool-27-thread-1] INFO  server.RaftServerConfigKeys (ConfUtils.java:logGet(43)) - raft.server.log.segment.cache.num.max = 2 (custom)
2019-11-08 14:19:49,814 [pool-47-thread-1] INFO  server.RaftServerConfigKeys (ConfUtils.java:logGet(43)) - raft.server.log.purge.gap = 1000000 (custom)
2019-11-08 14:19:49,815 [pool-27-thread-1] INFO  segmented.SegmentedRaftLogWorker (SegmentedRaftLogWorker.java:<init>(173)) - new 69b47348-0b11-4d95-99f3-8184b6987aae@group-9B8D5988F340-SegmentedRaftLogWorker for RaftStorage:Storage Directory /workdir/hadoop-ozone/tools/target/test-dir/MiniOzoneClusterImpl-629f59bc-3a02-4619-b8ec-4b1f5e0dfed1/datanode-0/data/ratis/8f0106d3-2c55-4d6a-959d-9b8d5988f340
2019-11-08 14:19:49,815 [pool-37-thread-1] INFO  server.RaftServerConfigKeys (ConfUtils.java:logGet(43)) - raft.server.log.appender.buffer.byte-limit = 33554432 (custom)
2019-11-08 14:19:49,815 [pool-27-thread-1] INFO  server.RaftServerConfigKeys (ConfUtils.java:logGet(43)) - raft.server.log.queue.byte-limit = 2147483647 (custom)
2019-11-08 14:19:49,815 [pool-47-thread-1] INFO  server.RaftServerConfigKeys (ConfUtils.java:logGet(43)) - raft.server.log.appender.buffer.byte-limit = 33554432 (custom)
2019-11-08 14:19:49,815 [pool-27-thread-1] INFO  server.RaftServerConfigKeys (ConfUtils.java:logGet(43)) - raft.server.log.queue.element-limit = 1024 (custom)
2019-11-08 14:19:49,815 [pool-37-thread-1] INFO  server.RaftServerConfigKeys (ConfUtils.java:logGet(43)) - raft.server.log.segment.size.max = 1048576 (custom)
2019-11-08 14:19:49,816 [pool-27-thread-1] INFO  server.RaftServerConfigKeys (ConfUtils.java:logGet(43)) - raft.server.log.segment.size.max = 1048576 (custom)
2019-11-08 14:19:49,816 [pool-47-thread-1] INFO  server.RaftServerConfigKeys (ConfUtils.java:logGet(43)) - raft.server.log.segment.size.max = 1048576 (custom)
2019-11-08 14:19:49,816 [pool-27-thread-1] INFO  server.RaftServerConfigKeys (ConfUtils.java:logGet(43)) - raft.server.log.preallocated.size = 16384 (custom)
2019-11-08 14:19:49,816 [pool-37-thread-1] INFO  server.RaftServerConfigKeys (ConfUtils.java:logGet(43)) - raft.server.log.segment.cache.num.max = 2 (custom)
2019-11-08 14:19:49,816 [pool-27-thread-1] INFO  server.RaftServerConfigKeys (ConfUtils.java:logGet(43)) - raft.server.log.write.buffer.size = 33554432 (custom)
2019-11-08 14:19:49,816 [pool-47-thread-1] INFO  server.RaftServerConfigKeys (ConfUtils.java:logGet(43)) - raft.server.log.segment.cache.num.max = 2 (custom)
2019-11-08 14:19:49,817 [pool-27-thread-1] INFO  server.RaftServerConfigKeys (ConfUtils.java:logGet(43)) - raft.server.log.force.sync.num = 128 (default)
2019-11-08 14:19:49,816 [pool-37-thread-1] INFO  segmented.SegmentedRaftLogWorker (SegmentedRaftLogWorker.java:<init>(173)) - new 0c78ec67-b04a-4fd2-a463-b437dfcbb376@group-9B8D5988F340-SegmentedRaftLogWorker for RaftStorage:Storage Directory /workdir/hadoop-ozone/tools/target/test-dir/MiniOzoneClusterImpl-629f59bc-3a02-4619-b8ec-4b1f5e0dfed1/datanode-1/data/ratis/8f0106d3-2c55-4d6a-959d-9b8d5988f340
2019-11-08 14:19:49,817 [pool-27-thread-1] INFO  server.RaftServerConfigKeys (ConfUtils.java:logGet(43)) - raft.server.log.statemachine.data.sync = true (default)
2019-11-08 14:19:49,817 [pool-47-thread-1] INFO  segmented.SegmentedRaftLogWorker (SegmentedRaftLogWorker.java:<init>(173)) - new ae99e6be-c84a-4a9f-b357-947ef07c8d3a@group-9B8D5988F340-SegmentedRaftLogWorker for RaftStorage:Storage Directory /workdir/hadoop-ozone/tools/target/test-dir/MiniOzoneClusterImpl-629f59bc-3a02-4619-b8ec-4b1f5e0dfed1/datanode-2/data/ratis/8f0106d3-2c55-4d6a-959d-9b8d5988f340
2019-11-08 14:19:49,817 [pool-27-thread-1] INFO  server.RaftServerConfigKeys (ConfUtils.java:logGet(43)) - raft.server.log.statemachine.data.sync.timeout = 10s (default)
2019-11-08 14:19:49,817 [pool-37-thread-1] INFO  server.RaftServerConfigKeys (ConfUtils.java:logGet(43)) - raft.server.log.queue.byte-limit = 2147483647 (custom)
2019-11-08 14:19:49,817 [pool-27-thread-1] INFO  server.RaftServerConfigKeys (ConfUtils.java:logGet(43)) - raft.server.log.statemachine.data.sync.timeout.retry = -1 (default)
2019-11-08 14:19:49,817 [pool-47-thread-1] INFO  server.RaftServerConfigKeys (ConfUtils.java:logGet(43)) - raft.server.log.queue.byte-limit = 2147483647 (custom)
2019-11-08 14:19:49,817 [pool-37-thread-1] INFO  server.RaftServerConfigKeys (ConfUtils.java:logGet(43)) - raft.server.log.queue.element-limit = 1024 (custom)
2019-11-08 14:19:49,818 [pool-27-thread-1] INFO  server.RaftServerConfigKeys (ConfUtils.java:logGet(43)) - raft.server.log.statemachine.data.caching.enabled = true (custom)
2019-11-08 14:19:49,818 [pool-47-thread-1] INFO  server.RaftServerConfigKeys (ConfUtils.java:logGet(43)) - raft.server.log.queue.element-limit = 1024 (custom)
2019-11-08 14:19:49,818 [pool-37-thread-1] INFO  server.RaftServerConfigKeys (ConfUtils.java:logGet(43)) - raft.server.log.segment.size.max = 1048576 (custom)
2019-11-08 14:19:49,818 [pool-27-thread-1] INFO  segmented.SegmentedRaftLogWorker (SegmentedRaftLogWorker.java:lambda$new$0(128)) - 69b47348-0b11-4d95-99f3-8184b6987aae@group-9B8D5988F340-SegmentedRaftLogWorker: flushIndex: setUnconditionally 0 -> -1
2019-11-08 14:19:49,818 [pool-47-thread-1] INFO  server.RaftServerConfigKeys (ConfUtils.java:logGet(43)) - raft.server.log.segment.size.max = 1048576 (custom)
2019-11-08 14:19:49,818 [pool-37-thread-1] INFO  server.RaftServerConfigKeys (ConfUtils.java:logGet(43)) - raft.server.log.preallocated.size = 16384 (custom)
2019-11-08 14:19:49,819 [pool-27-thread-1] INFO  server.RaftServerConfigKeys (ConfUtils.java:logGet(43)) - raft.server.snapshot.auto.trigger.enabled = true (custom)
2019-11-08 14:19:49,819 [pool-47-thread-1] INFO  server.RaftServerConfigKeys (ConfUtils.java:logGet(43)) - raft.server.log.preallocated.size = 16384 (custom)
2019-11-08 14:19:49,819 [pool-27-thread-1] INFO  server.RaftServerConfigKeys (ConfUtils.java:logGet(43)) - raft.server.snapshot.auto.trigger.threshold = 10000 (custom)
2019-11-08 14:19:49,819 [pool-37-thread-1] INFO  server.RaftServerConfigKeys (ConfUtils.java:logGet(43)) - raft.server.log.write.buffer.size = 33554432 (custom)
2019-11-08 14:19:49,819 [pool-27-thread-1] INFO  server.RaftServerConfigKeys (ConfUtils.java:logGet(43)) - raft.server.snapshot.retention.file.num = 5 (custom)
2019-11-08 14:19:49,819 [pool-47-thread-1] INFO  server.RaftServerConfigKeys (ConfUtils.java:logGet(43)) - raft.server.log.write.buffer.size = 33554432 (custom)
2019-11-08 14:19:49,819 [pool-37-thread-1] INFO  server.RaftServerConfigKeys (ConfUtils.java:logGet(43)) - raft.server.log.force.sync.num = 128 (default)
2019-11-08 14:19:49,819 [pool-27-thread-1] INFO  server.RaftServerConfigKeys (ConfUtils.java:logGet(43)) - raft.server.retrycache.expirytime = 600000ms (custom)
2019-11-08 14:19:49,819 [pool-47-thread-1] INFO  server.RaftServerConfigKeys (ConfUtils.java:logGet(43)) - raft.server.log.force.sync.num = 128 (default)
2019-11-08 14:19:49,820 [pool-27-thread-1] WARN  impl.MetricRegistriesImpl (MetricRegistriesImpl.java:lambda$create$1(61)) - First MetricRegistry has been created without registering reporters. You may need to call MetricRegistries.global().addReportRegistration(...) before.
2019-11-08 14:19:49,820 [pool-37-thread-1] INFO  server.RaftServerConfigKeys (ConfUtils.java:logGet(43)) - raft.server.log.statemachine.data.sync = true (default)
2019-11-08 14:19:49,820 [pool-27-thread-1] WARN  impl.MetricRegistriesImpl (MetricRegistriesImpl.java:lambda$create$1(61)) - First MetricRegistry has been created without registering reporters. You may need to call MetricRegistries.global().addReportRegistration(...) before.
2019-11-08 14:19:49,820 [pool-47-thread-1] INFO  server.RaftServerConfigKeys (ConfUtils.java:logGet(43)) - raft.server.log.statemachine.data.sync = true (default)
2019-11-08 14:19:49,820 [pool-27-thread-1] INFO  impl.RaftServerImpl (RaftServerImpl.java:start(184)) - 69b47348-0b11-4d95-99f3-8184b6987aae@group-E8A4E04EFEBF: start as a follower, conf=-1: [0c78ec67-b04a-4fd2-a463-b437dfcbb376:192.168.164.246:34008, ae99e6be-c84a-4a9f-b357-947ef07c8d3a:192.168.164.246:38773, 69b47348-0b11-4d95-99f3-8184b6987aae:192.168.164.246:45541], old=null
2019-11-08 14:19:49,820 [pool-37-thread-1] INFO  server.RaftServerConfigKeys (ConfUtils.java:logGet(43)) - raft.server.log.statemachine.data.sync.timeout = 10s (default)
2019-11-08 14:19:49,821 [pool-27-thread-1] INFO  impl.RaftServerImpl (RaftServerImpl.java:setRole(173)) - 69b47348-0b11-4d95-99f3-8184b6987aae@group-E8A4E04EFEBF: changes role from      null to FOLLOWER at term 0 for startAsFollower
2019-11-08 14:19:49,820 [pool-47-thread-1] INFO  server.RaftServerConfigKeys (ConfUtils.java:logGet(43)) - raft.server.log.statemachine.data.sync.timeout = 10s (default)
2019-11-08 14:19:49,821 [pool-27-thread-1] INFO  impl.RoleInfo (RoleInfo.java:updateAndGet(143)) - 69b47348-0b11-4d95-99f3-8184b6987aae: start FollowerState
2019-11-08 14:19:49,821 [pool-37-thread-1] INFO  server.RaftServerConfigKeys (ConfUtils.java:logGet(43)) - raft.server.log.statemachine.data.sync.timeout.retry = -1 (default)
2019-11-08 14:19:49,821 [pool-47-thread-1] INFO  server.RaftServerConfigKeys (ConfUtils.java:logGet(43)) - raft.server.log.statemachine.data.sync.timeout.retry = -1 (default)
2019-11-08 14:19:49,821 [pool-37-thread-1] INFO  server.RaftServerConfigKeys (ConfUtils.java:logGet(43)) - raft.server.log.statemachine.data.caching.enabled = true (custom)
2019-11-08 14:19:49,821 [pool-47-thread-1] INFO  server.RaftServerConfigKeys (ConfUtils.java:logGet(43)) - raft.server.log.statemachine.data.caching.enabled = true (custom)
2019-11-08 14:19:49,822 [pool-27-thread-1] INFO  util.JmxRegister (JmxRegister.java:tryRegister(44)) - Successfully registered JMX Bean with object name Ratis:service=RaftServer,group=group-E8A4E04EFEBF,id=69b47348-0b11-4d95-99f3-8184b6987aae
2019-11-08 14:19:49,822 [pool-37-thread-1] INFO  segmented.SegmentedRaftLogWorker (SegmentedRaftLogWorker.java:lambda$new$0(128)) - 0c78ec67-b04a-4fd2-a463-b437dfcbb376@group-9B8D5988F340-SegmentedRaftLogWorker: flushIndex: setUnconditionally 0 -> -1
2019-11-08 14:19:49,822 [pool-27-thread-1] WARN  impl.MetricRegistriesImpl (MetricRegistriesImpl.java:lambda$create$1(61)) - First MetricRegistry has been created without registering reporters. You may need to call MetricRegistries.global().addReportRegistration(...) before.
2019-11-08 14:19:49,822 [pool-47-thread-1] INFO  segmented.SegmentedRaftLogWorker (SegmentedRaftLogWorker.java:lambda$new$0(128)) - ae99e6be-c84a-4a9f-b357-947ef07c8d3a@group-9B8D5988F340-SegmentedRaftLogWorker: flushIndex: setUnconditionally 0 -> -1
2019-11-08 14:19:49,822 [pool-37-thread-1] INFO  server.RaftServerConfigKeys (ConfUtils.java:logGet(43)) - raft.server.snapshot.auto.trigger.enabled = true (custom)
2019-11-08 14:19:49,822 [pool-47-thread-1] INFO  server.RaftServerConfigKeys (ConfUtils.java:logGet(43)) - raft.server.snapshot.auto.trigger.enabled = true (custom)
2019-11-08 14:19:49,822 [pool-37-thread-1] INFO  server.RaftServerConfigKeys (ConfUtils.java:logGet(43)) - raft.server.snapshot.auto.trigger.threshold = 10000 (custom)
2019-11-08 14:19:49,823 [pool-27-thread-1] INFO  impl.RaftServerImpl (RaftServerImpl.java:start(184)) - 69b47348-0b11-4d95-99f3-8184b6987aae@group-B4AE20506574: start as a follower, conf=-1: [0c78ec67-b04a-4fd2-a463-b437dfcbb376:192.168.164.246:34008, ae99e6be-c84a-4a9f-b357-947ef07c8d3a:192.168.164.246:38773, 69b47348-0b11-4d95-99f3-8184b6987aae:192.168.164.246:45541], old=null
2019-11-08 14:19:49,822 [pool-47-thread-1] INFO  server.RaftServerConfigKeys (ConfUtils.java:logGet(43)) - raft.server.snapshot.auto.trigger.threshold = 10000 (custom)
2019-11-08 14:19:49,823 [pool-27-thread-1] INFO  impl.RaftServerImpl (RaftServerImpl.java:setRole(173)) - 69b47348-0b11-4d95-99f3-8184b6987aae@group-B4AE20506574: changes role from      null to FOLLOWER at term 0 for startAsFollower
2019-11-08 14:19:49,823 [pool-37-thread-1] INFO  server.RaftServerConfigKeys (ConfUtils.java:logGet(43)) - raft.server.snapshot.retention.file.num = 5 (custom)
2019-11-08 14:19:49,823 [pool-27-thread-1] INFO  impl.RoleInfo (RoleInfo.java:updateAndGet(143)) - 69b47348-0b11-4d95-99f3-8184b6987aae: start FollowerState
2019-11-08 14:19:49,823 [pool-37-thread-1] INFO  server.RaftServerConfigKeys (ConfUtils.java:logGet(43)) - raft.server.retrycache.expirytime = 600000ms (custom)
2019-11-08 14:19:49,823 [pool-47-thread-1] INFO  server.RaftServerConfigKeys (ConfUtils.java:logGet(43)) - raft.server.snapshot.retention.file.num = 5 (custom)
2019-11-08 14:19:49,823 [pool-37-thread-1] WARN  impl.MetricRegistriesImpl (MetricRegistriesImpl.java:lambda$create$1(61)) - First MetricRegistry has been created without registering reporters. You may need to call MetricRegistries.global().addReportRegistration(...) before.
2019-11-08 14:19:49,823 [pool-47-thread-1] INFO  server.RaftServerConfigKeys (ConfUtils.java:logGet(43)) - raft.server.retrycache.expirytime = 600000ms (custom)
2019-11-08 14:19:49,823 [pool-27-thread-1] INFO  util.JmxRegister (JmxRegister.java:tryRegister(44)) - Successfully registered JMX Bean with object name Ratis:service=RaftServer,group=group-B4AE20506574,id=69b47348-0b11-4d95-99f3-8184b6987aae
2019-11-08 14:19:49,824 [pool-47-thread-1] WARN  impl.MetricRegistriesImpl (MetricRegistriesImpl.java:lambda$create$1(61)) - First MetricRegistry has been created without registering reporters. You may need to call MetricRegistries.global().addReportRegistration(...) before.
2019-11-08 14:19:49,824 [pool-37-thread-1] WARN  impl.MetricRegistriesImpl (MetricRegistriesImpl.java:lambda$create$1(61)) - First MetricRegistry has been created without registering reporters. You may need to call MetricRegistries.global().addReportRegistration(...) before.
2019-11-08 14:19:49,824 [pool-27-thread-1] WARN  impl.MetricRegistriesImpl (MetricRegistriesImpl.java:lambda$create$1(61)) - First MetricRegistry has been created without registering reporters. You may need to call MetricRegistries.global().addReportRegistration(...) before.
2019-11-08 14:19:49,827 [pool-47-thread-1] WARN  impl.MetricRegistriesImpl (MetricRegistriesImpl.java:lambda$create$1(61)) - First MetricRegistry has been created without registering reporters. You may need to call MetricRegistries.global().addReportRegistration(...) before.
2019-11-08 14:19:49,827 [pool-47-thread-1] INFO  impl.RaftServerImpl (RaftServerImpl.java:start(184)) - ae99e6be-c84a-4a9f-b357-947ef07c8d3a@group-E8A4E04EFEBF: start as a follower, conf=-1: [0c78ec67-b04a-4fd2-a463-b437dfcbb376:192.168.164.246:34008, ae99e6be-c84a-4a9f-b357-947ef07c8d3a:192.168.164.246:38773, 69b47348-0b11-4d95-99f3-8184b6987aae:192.168.164.246:45541], old=null
2019-11-08 14:19:49,827 [pool-37-thread-1] INFO  impl.RaftServerImpl (RaftServerImpl.java:start(184)) - 0c78ec67-b04a-4fd2-a463-b437dfcbb376@group-E8A4E04EFEBF: start as a follower, conf=-1: [0c78ec67-b04a-4fd2-a463-b437dfcbb376:192.168.164.246:34008, ae99e6be-c84a-4a9f-b357-947ef07c8d3a:192.168.164.246:38773, 69b47348-0b11-4d95-99f3-8184b6987aae:192.168.164.246:45541], old=null
2019-11-08 14:19:49,827 [pool-47-thread-1] INFO  impl.RaftServerImpl (RaftServerImpl.java:setRole(173)) - ae99e6be-c84a-4a9f-b357-947ef07c8d3a@group-E8A4E04EFEBF: changes role from      null to FOLLOWER at term 0 for startAsFollower
2019-11-08 14:19:49,827 [pool-37-thread-1] INFO  impl.RaftServerImpl (RaftServerImpl.java:setRole(173)) - 0c78ec67-b04a-4fd2-a463-b437dfcbb376@group-E8A4E04EFEBF: changes role from      null to FOLLOWER at term 0 for startAsFollower
2019-11-08 14:19:49,827 [pool-27-thread-1] INFO  impl.RaftServerImpl (RaftServerImpl.java:start(184)) - 69b47348-0b11-4d95-99f3-8184b6987aae@group-9B8D5988F340: start as a follower, conf=-1: [0c78ec67-b04a-4fd2-a463-b437dfcbb376:192.168.164.246:34008, ae99e6be-c84a-4a9f-b357-947ef07c8d3a:192.168.164.246:38773, 69b47348-0b11-4d95-99f3-8184b6987aae:192.168.164.246:45541], old=null
2019-11-08 14:19:49,827 [pool-37-thread-1] INFO  impl.RoleInfo (RoleInfo.java:updateAndGet(143)) - 0c78ec67-b04a-4fd2-a463-b437dfcbb376: start FollowerState
2019-11-08 14:19:49,827 [pool-47-thread-1] INFO  impl.RoleInfo (RoleInfo.java:updateAndGet(143)) - ae99e6be-c84a-4a9f-b357-947ef07c8d3a: start FollowerState
2019-11-08 14:19:49,827 [pool-27-thread-1] INFO  impl.RaftServerImpl (RaftServerImpl.java:setRole(173)) - 69b47348-0b11-4d95-99f3-8184b6987aae@group-9B8D5988F340: changes role from      null to FOLLOWER at term 0 for startAsFollower
2019-11-08 14:19:49,828 [pool-27-thread-1] INFO  impl.RoleInfo (RoleInfo.java:updateAndGet(143)) - 69b47348-0b11-4d95-99f3-8184b6987aae: start FollowerState
2019-11-08 14:19:49,828 [pool-47-thread-1] INFO  util.JmxRegister (JmxRegister.java:tryRegister(44)) - Successfully registered JMX Bean with object name Ratis:service=RaftServer,group=group-E8A4E04EFEBF,id=ae99e6be-c84a-4a9f-b357-947ef07c8d3a
2019-11-08 14:19:49,828 [pool-37-thread-1] INFO  util.JmxRegister (JmxRegister.java:tryRegister(44)) - Successfully registered JMX Bean with object name Ratis:service=RaftServer,group=group-E8A4E04EFEBF,id=0c78ec67-b04a-4fd2-a463-b437dfcbb376
2019-11-08 14:19:49,828 [pool-47-thread-1] WARN  impl.MetricRegistriesImpl (MetricRegistriesImpl.java:lambda$create$1(61)) - First MetricRegistry has been created without registering reporters. You may need to call MetricRegistries.global().addReportRegistration(...) before.
2019-11-08 14:19:49,828 [pool-27-thread-1] INFO  util.JmxRegister (JmxRegister.java:tryRegister(44)) - Successfully registered JMX Bean with object name Ratis:service=RaftServer,group=group-9B8D5988F340,id=69b47348-0b11-4d95-99f3-8184b6987aae
2019-11-08 14:19:49,828 [pool-37-thread-1] WARN  impl.MetricRegistriesImpl (MetricRegistriesImpl.java:lambda$create$1(61)) - First MetricRegistry has been created without registering reporters. You may need to call MetricRegistries.global().addReportRegistration(...) before.
2019-11-08 14:19:49,829 [pool-27-thread-1] WARN  impl.MetricRegistriesImpl (MetricRegistriesImpl.java:lambda$create$1(61)) - First MetricRegistry has been created without registering reporters. You may need to call MetricRegistries.global().addReportRegistration(...) before.
2019-11-08 14:19:49,829 [pool-47-thread-1] INFO  impl.RaftServerImpl (RaftServerImpl.java:start(184)) - ae99e6be-c84a-4a9f-b357-947ef07c8d3a@group-B4AE20506574: start as a follower, conf=-1: [0c78ec67-b04a-4fd2-a463-b437dfcbb376:192.168.164.246:34008, ae99e6be-c84a-4a9f-b357-947ef07c8d3a:192.168.164.246:38773, 69b47348-0b11-4d95-99f3-8184b6987aae:192.168.164.246:45541], old=null
2019-11-08 14:19:49,829 [pool-47-thread-1] INFO  impl.RaftServerImpl (RaftServerImpl.java:setRole(173)) - ae99e6be-c84a-4a9f-b357-947ef07c8d3a@group-B4AE20506574: changes role from      null to FOLLOWER at term 0 for startAsFollower
2019-11-08 14:19:49,829 [pool-37-thread-1] INFO  impl.RaftServerImpl (RaftServerImpl.java:start(184)) - 0c78ec67-b04a-4fd2-a463-b437dfcbb376@group-B4AE20506574: start as a follower, conf=-1: [0c78ec67-b04a-4fd2-a463-b437dfcbb376:192.168.164.246:34008, ae99e6be-c84a-4a9f-b357-947ef07c8d3a:192.168.164.246:38773, 69b47348-0b11-4d95-99f3-8184b6987aae:192.168.164.246:45541], old=null
2019-11-08 14:19:49,829 [pool-47-thread-1] INFO  impl.RoleInfo (RoleInfo.java:updateAndGet(143)) - ae99e6be-c84a-4a9f-b357-947ef07c8d3a: start FollowerState
2019-11-08 14:19:49,829 [pool-37-thread-1] INFO  impl.RaftServerImpl (RaftServerImpl.java:setRole(173)) - 0c78ec67-b04a-4fd2-a463-b437dfcbb376@group-B4AE20506574: changes role from      null to FOLLOWER at term 0 for startAsFollower
2019-11-08 14:19:49,830 [pool-37-thread-1] INFO  impl.RoleInfo (RoleInfo.java:updateAndGet(143)) - 0c78ec67-b04a-4fd2-a463-b437dfcbb376: start FollowerState
2019-11-08 14:19:49,830 [pool-47-thread-1] INFO  util.JmxRegister (JmxRegister.java:tryRegister(44)) - Successfully registered JMX Bean with object name Ratis:service=RaftServer,group=group-B4AE20506574,id=ae99e6be-c84a-4a9f-b357-947ef07c8d3a
2019-11-08 14:19:49,830 [pool-47-thread-1] WARN  impl.MetricRegistriesImpl (MetricRegistriesImpl.java:lambda$create$1(61)) - First MetricRegistry has been created without registering reporters. You may need to call MetricRegistries.global().addReportRegistration(...) before.
2019-11-08 14:19:49,830 [pool-37-thread-1] INFO  util.JmxRegister (JmxRegister.java:tryRegister(44)) - Successfully registered JMX Bean with object name Ratis:service=RaftServer,group=group-B4AE20506574,id=0c78ec67-b04a-4fd2-a463-b437dfcbb376
2019-11-08 14:19:49,831 [pool-37-thread-1] WARN  impl.MetricRegistriesImpl (MetricRegistriesImpl.java:lambda$create$1(61)) - First MetricRegistry has been created without registering reporters. You may need to call MetricRegistries.global().addReportRegistration(...) before.
2019-11-08 14:19:49,832 [pool-47-thread-1] INFO  impl.RaftServerImpl (RaftServerImpl.java:start(184)) - ae99e6be-c84a-4a9f-b357-947ef07c8d3a@group-9B8D5988F340: start as a follower, conf=-1: [0c78ec67-b04a-4fd2-a463-b437dfcbb376:192.168.164.246:34008, ae99e6be-c84a-4a9f-b357-947ef07c8d3a:192.168.164.246:38773, 69b47348-0b11-4d95-99f3-8184b6987aae:192.168.164.246:45541], old=null
2019-11-08 14:19:49,832 [pool-47-thread-1] INFO  impl.RaftServerImpl (RaftServerImpl.java:setRole(173)) - ae99e6be-c84a-4a9f-b357-947ef07c8d3a@group-9B8D5988F340: changes role from      null to FOLLOWER at term 0 for startAsFollower
2019-11-08 14:19:49,832 [pool-37-thread-1] INFO  impl.RaftServerImpl (RaftServerImpl.java:start(184)) - 0c78ec67-b04a-4fd2-a463-b437dfcbb376@group-9B8D5988F340: start as a follower, conf=-1: [0c78ec67-b04a-4fd2-a463-b437dfcbb376:192.168.164.246:34008, ae99e6be-c84a-4a9f-b357-947ef07c8d3a:192.168.164.246:38773, 69b47348-0b11-4d95-99f3-8184b6987aae:192.168.164.246:45541], old=null
2019-11-08 14:19:49,832 [pool-47-thread-1] INFO  impl.RoleInfo (RoleInfo.java:updateAndGet(143)) - ae99e6be-c84a-4a9f-b357-947ef07c8d3a: start FollowerState
2019-11-08 14:19:49,832 [pool-37-thread-1] INFO  impl.RaftServerImpl (RaftServerImpl.java:setRole(173)) - 0c78ec67-b04a-4fd2-a463-b437dfcbb376@group-9B8D5988F340: changes role from      null to FOLLOWER at term 0 for startAsFollower
2019-11-08 14:19:49,832 [pool-47-thread-1] INFO  util.JmxRegister (JmxRegister.java:tryRegister(44)) - Successfully registered JMX Bean with object name Ratis:service=RaftServer,group=group-9B8D5988F340,id=ae99e6be-c84a-4a9f-b357-947ef07c8d3a
2019-11-08 14:19:49,832 [pool-37-thread-1] INFO  impl.RoleInfo (RoleInfo.java:updateAndGet(143)) - 0c78ec67-b04a-4fd2-a463-b437dfcbb376: start FollowerState
2019-11-08 14:19:49,833 [pool-47-thread-1] WARN  impl.MetricRegistriesImpl (MetricRegistriesImpl.java:lambda$create$1(61)) - First MetricRegistry has been created without registering reporters. You may need to call MetricRegistries.global().addReportRegistration(...) before.
2019-11-08 14:19:49,833 [pool-37-thread-1] INFO  util.JmxRegister (JmxRegister.java:tryRegister(44)) - Successfully registered JMX Bean with object name Ratis:service=RaftServer,group=group-9B8D5988F340,id=0c78ec67-b04a-4fd2-a463-b437dfcbb376
2019-11-08 14:19:49,833 [pool-37-thread-1] WARN  impl.MetricRegistriesImpl (MetricRegistriesImpl.java:lambda$create$1(61)) - First MetricRegistry has been created without registering reporters. You may need to call MetricRegistries.global().addReportRegistration(...) before.
2019-11-08 14:19:49,838 [IPC Server handler 0 on 34937] INFO  pipeline.PipelineStateManager (PipelineStateManager.java:addPipeline(56)) - Created pipeline Pipeline[ Id: 8f0106d3-2c55-4d6a-959d-9b8d5988f340, Nodes: 69b47348-0b11-4d95-99f3-8184b6987aae{ip: 192.168.164.246, host: pr-hdds-2400-q5jst-1761645290, networkLocation: /default-rack, certSerialId: null}ae99e6be-c84a-4a9f-b357-947ef07c8d3a{ip: 192.168.164.246, host: pr-hdds-2400-q5jst-1761645290, networkLocation: /default-rack, certSerialId: null}0c78ec67-b04a-4fd2-a463-b437dfcbb376{ip: 192.168.164.246, host: pr-hdds-2400-q5jst-1761645290, networkLocation: /default-rack, certSerialId: null}, Type:RATIS, Factor:THREE, State:OPEN]
2019-11-08 14:19:49,843 [pool-59-thread-3] ERROR freon.RandomKeyGenerator (RandomKeyGenerator.java:createKey(735)) - Exception while adding key: key-0-79600 in bucket: bucket-0-41294 of volume: vol-0-84776.
INTERNAL_ERROR org.apache.hadoop.ozone.om.exceptions.OMException: Allocated 3 blocks. Requested 5 blocks
	at org.apache.hadoop.ozone.om.protocolPB.OzoneManagerProtocolClientSideTranslatorPB.handleError(OzoneManagerProtocolClientSideTranslatorPB.java:758)
	at org.apache.hadoop.ozone.om.protocolPB.OzoneManagerProtocolClientSideTranslatorPB.openKey(OzoneManagerProtocolClientSideTranslatorPB.java:749)
	at sun.reflect.NativeMethodAccessorImpl.invoke0(Native Method)
	at sun.reflect.NativeMethodAccessorImpl.invoke(NativeMethodAccessorImpl.java:62)
	at sun.reflect.DelegatingMethodAccessorImpl.invoke(DelegatingMethodAccessorImpl.java:43)
	at java.lang.reflect.Method.invoke(Method.java:498)
	at org.apache.hadoop.hdds.tracing.TraceAllMethod.invoke(TraceAllMethod.java:66)
	at com.sun.proxy.$Proxy37.openKey(Unknown Source)
	at org.apache.hadoop.ozone.client.rpc.RpcClient.createKey(RpcClient.java:633)
	at org.apache.hadoop.ozone.client.OzoneBucket.createKey(OzoneBucket.java:325)
	at org.apache.hadoop.ozone.freon.RandomKeyGenerator.createKey(RandomKeyGenerator.java:697)
	at org.apache.hadoop.ozone.freon.RandomKeyGenerator.access$1100(RandomKeyGenerator.java:88)
	at org.apache.hadoop.ozone.freon.RandomKeyGenerator$ObjectCreator.run(RandomKeyGenerator.java:615)
	at java.util.concurrent.Executors$RunnableAdapter.call(Executors.java:511)
	at java.util.concurrent.FutureTask.run(FutureTask.java:266)
	at java.util.concurrent.ThreadPoolExecutor.runWorker(ThreadPoolExecutor.java:1149)
	at java.util.concurrent.ThreadPoolExecutor$Worker.run(ThreadPoolExecutor.java:624)
	at java.lang.Thread.run(Thread.java:748)
 0.00% |?                                                                                                    |  0/1 Time: 0:00:14 100.00% |?????????????????????????????????????????????????????????????????????????????????????????????????????|  1/1 Time: 0:00:15
2019-11-08 14:19:54,832 [Thread-488] INFO  impl.FollowerState (FollowerState.java:run(111)) - ae99e6be-c84a-4a9f-b357-947ef07c8d3a@group-AF614509AC37-FollowerState: change to CANDIDATE, lastRpcTime:5075ms, electionTimeout:5074ms
2019-11-08 14:19:54,836 [Thread-487] INFO  impl.FollowerState (FollowerState.java:run(111)) - 69b47348-0b11-4d95-99f3-8184b6987aae@group-AF614509AC37-FollowerState: change to CANDIDATE, lastRpcTime:5080ms, electionTimeout:5076ms
2019-11-08 14:19:54,837 [Thread-487] INFO  impl.RoleInfo (RoleInfo.java:shutdownFollowerState(121)) - 69b47348-0b11-4d95-99f3-8184b6987aae: shutdown FollowerState
2019-11-08 14:19:54,837 [Thread-488] INFO  impl.RoleInfo (RoleInfo.java:shutdownFollowerState(121)) - ae99e6be-c84a-4a9f-b357-947ef07c8d3a: shutdown FollowerState
2019-11-08 14:19:54,837 [Thread-487] INFO  impl.RaftServerImpl (RaftServerImpl.java:setRole(173)) - 69b47348-0b11-4d95-99f3-8184b6987aae@group-AF614509AC37: changes role from  FOLLOWER to CANDIDATE at term 1 for changeToCandidate
2019-11-08 14:19:54,837 [Thread-488] INFO  impl.RaftServerImpl (RaftServerImpl.java:setRole(173)) - ae99e6be-c84a-4a9f-b357-947ef07c8d3a@group-AF614509AC37: changes role from  FOLLOWER to CANDIDATE at term 1 for changeToCandidate
2019-11-08 14:19:54,838 [Thread-487] INFO  impl.RoleInfo (RoleInfo.java:updateAndGet(143)) - 69b47348-0b11-4d95-99f3-8184b6987aae: start LeaderElection
2019-11-08 14:19:54,838 [Thread-488] INFO  impl.RoleInfo (RoleInfo.java:updateAndGet(143)) - ae99e6be-c84a-4a9f-b357-947ef07c8d3a: start LeaderElection
2019-11-08 14:19:54,856 [69b47348-0b11-4d95-99f3-8184b6987aae@group-AF614509AC37-LeaderElection9] INFO  impl.LeaderElection (LeaderElection.java:askForVotes(178)) - 69b47348-0b11-4d95-99f3-8184b6987aae@group-AF614509AC37-LeaderElection9: begin an election at term 2 for -1: [0c78ec67-b04a-4fd2-a463-b437dfcbb376:192.168.164.246:34008, ae99e6be-c84a-4a9f-b357-947ef07c8d3a:192.168.164.246:38773, 69b47348-0b11-4d95-99f3-8184b6987aae:192.168.164.246:45541], old=null
2019-11-08 14:19:54,856 [ae99e6be-c84a-4a9f-b357-947ef07c8d3a@group-AF614509AC37-LeaderElection8] INFO  impl.LeaderElection (LeaderElection.java:askForVotes(178)) - ae99e6be-c84a-4a9f-b357-947ef07c8d3a@group-AF614509AC37-LeaderElection8: begin an election at term 2 for -1: [0c78ec67-b04a-4fd2-a463-b437dfcbb376:192.168.164.246:34008, ae99e6be-c84a-4a9f-b357-947ef07c8d3a:192.168.164.246:38773, 69b47348-0b11-4d95-99f3-8184b6987aae:192.168.164.246:45541], old=null
2019-11-08 14:19:54,868 [grpc-default-executor-4] INFO  impl.RaftServerImpl (RaftServerImpl.java:setRole(173)) - 0c78ec67-b04a-4fd2-a463-b437dfcbb376@group-AF614509AC37: changes role from  FOLLOWER to FOLLOWER at term 2 for recognizeCandidate:69b47348-0b11-4d95-99f3-8184b6987aae
2019-11-08 14:19:54,869 [grpc-default-executor-4] INFO  impl.RoleInfo (RoleInfo.java:shutdownFollowerState(121)) - 0c78ec67-b04a-4fd2-a463-b437dfcbb376: shutdown FollowerState
2019-11-08 14:19:54,869 [grpc-default-executor-4] INFO  impl.RoleInfo (RoleInfo.java:updateAndGet(143)) - 0c78ec67-b04a-4fd2-a463-b437dfcbb376: start FollowerState
2019-11-08 14:19:54,869 [Thread-486] INFO  impl.FollowerState (FollowerState.java:run(120)) - 0c78ec67-b04a-4fd2-a463-b437dfcbb376@group-AF614509AC37-FollowerState was interrupted: java.lang.InterruptedException: sleep interrupted
2019-11-08 14:19:54,886 [ae99e6be-c84a-4a9f-b357-947ef07c8d3a@group-AF614509AC37-LeaderElection8] INFO  impl.LeaderElection (LeaderElection.java:logAndReturn(56)) - ae99e6be-c84a-4a9f-b357-947ef07c8d3a@group-AF614509AC37-LeaderElection8: Election REJECTED; received 2 response(s) [ae99e6be-c84a-4a9f-b357-947ef07c8d3a<-0c78ec67-b04a-4fd2-a463-b437dfcbb376#0:FAIL-t2, ae99e6be-c84a-4a9f-b357-947ef07c8d3a<-69b47348-0b11-4d95-99f3-8184b6987aae#0:FAIL-t2] and 0 exception(s); ae99e6be-c84a-4a9f-b357-947ef07c8d3a@group-AF614509AC37:t2, leader=null, voted=ae99e6be-c84a-4a9f-b357-947ef07c8d3a, raftlog=ae99e6be-c84a-4a9f-b357-947ef07c8d3a@group-AF614509AC37-SegmentedRaftLog:OPENED:c-1,f-1,i0, conf=-1: [0c78ec67-b04a-4fd2-a463-b437dfcbb376:192.168.164.246:34008, ae99e6be-c84a-4a9f-b357-947ef07c8d3a:192.168.164.246:38773, 69b47348-0b11-4d95-99f3-8184b6987aae:192.168.164.246:45541], old=null
2019-11-08 14:19:54,886 [69b47348-0b11-4d95-99f3-8184b6987aae@group-AF614509AC37-LeaderElection9] INFO  impl.LeaderElection (LeaderElection.java:logAndReturn(56)) - 69b47348-0b11-4d95-99f3-8184b6987aae@group-AF614509AC37-LeaderElection9: Election PASSED; received 2 response(s) [69b47348-0b11-4d95-99f3-8184b6987aae<-0c78ec67-b04a-4fd2-a463-b437dfcbb376#0:OK-t2, 69b47348-0b11-4d95-99f3-8184b6987aae<-ae99e6be-c84a-4a9f-b357-947ef07c8d3a#0:FAIL-t2] and 0 exception(s); 69b47348-0b11-4d95-99f3-8184b6987aae@group-AF614509AC37:t2, leader=null, voted=69b47348-0b11-4d95-99f3-8184b6987aae, raftlog=69b47348-0b11-4d95-99f3-8184b6987aae@group-AF614509AC37-SegmentedRaftLog:OPENED:c-1,f-1,i0, conf=-1: [0c78ec67-b04a-4fd2-a463-b437dfcbb376:192.168.164.246:34008, ae99e6be-c84a-4a9f-b357-947ef07c8d3a:192.168.164.246:38773, 69b47348-0b11-4d95-99f3-8184b6987aae:192.168.164.246:45541], old=null
2019-11-08 14:19:54,886 [ae99e6be-c84a-4a9f-b357-947ef07c8d3a@group-AF614509AC37-LeaderElection8] INFO  impl.RaftServerImpl (RaftServerImpl.java:setRole(173)) - ae99e6be-c84a-4a9f-b357-947ef07c8d3a@group-AF614509AC37: changes role from CANDIDATE to FOLLOWER at term 2 for DISCOVERED_A_NEW_TERM
2019-11-08 14:19:54,888 [69b47348-0b11-4d95-99f3-8184b6987aae@group-AF614509AC37-LeaderElection9] INFO  impl.RoleInfo (RoleInfo.java:shutdownLeaderElection(134)) - 69b47348-0b11-4d95-99f3-8184b6987aae: shutdown LeaderElection
2019-11-08 14:19:54,889 [ae99e6be-c84a-4a9f-b357-947ef07c8d3a@group-AF614509AC37-LeaderElection8] INFO  impl.RoleInfo (RoleInfo.java:shutdownLeaderElection(134)) - ae99e6be-c84a-4a9f-b357-947ef07c8d3a: shutdown LeaderElection
2019-11-08 14:19:54,891 [69b47348-0b11-4d95-99f3-8184b6987aae@group-AF614509AC37-LeaderElection9] INFO  impl.RaftServerImpl (RaftServerImpl.java:setRole(173)) - 69b47348-0b11-4d95-99f3-8184b6987aae@group-AF614509AC37: changes role from CANDIDATE to LEADER at term 2 for changeToLeader
2019-11-08 14:19:54,891 [69b47348-0b11-4d95-99f3-8184b6987aae@group-AF614509AC37-LeaderElection9] INFO  impl.RaftServerImpl (ServerState.java:setLeader(255)) - 69b47348-0b11-4d95-99f3-8184b6987aae@group-AF614509AC37: change Leader from null to 69b47348-0b11-4d95-99f3-8184b6987aae at term 2 for becomeLeader, leader elected after 11236ms
2019-11-08 14:19:54,891 [ae99e6be-c84a-4a9f-b357-947ef07c8d3a@group-AF614509AC37-LeaderElection8] INFO  impl.RoleInfo (RoleInfo.java:updateAndGet(143)) - ae99e6be-c84a-4a9f-b357-947ef07c8d3a: start FollowerState
2019-11-08 14:19:54,891 [69b47348-0b11-4d95-99f3-8184b6987aae@group-AF614509AC37-LeaderElection9] INFO  server.RaftServerConfigKeys (ConfUtils.java:logGet(43)) - raft.server.staging.catchup.gap = 1000 (default)
2019-11-08 14:19:54,892 [69b47348-0b11-4d95-99f3-8184b6987aae@group-AF614509AC37-LeaderElection9] INFO  server.RaftServerConfigKeys (ConfUtils.java:logGet(43)) - raft.server.rpc.sleep.time = 25ms (default)
2019-11-08 14:19:54,893 [69b47348-0b11-4d95-99f3-8184b6987aae@group-AF614509AC37-LeaderElection9] INFO  server.RaftServerConfigKeys (ConfUtils.java:logGet(43)) - raft.server.write.element-limit = 4096 (default)
2019-11-08 14:19:54,893 [69b47348-0b11-4d95-99f3-8184b6987aae@group-AF614509AC37-LeaderElection9] INFO  server.RaftServerConfigKeys (ConfUtils.java:logGet(43)) - raft.server.watch.timeout = 10s (default)
2019-11-08 14:19:54,893 [69b47348-0b11-4d95-99f3-8184b6987aae@group-AF614509AC37-LeaderElection9] INFO  server.RaftServerConfigKeys (ConfUtils.java:logGet(43)) - raft.server.watch.timeout.denomination = 1s (default)
2019-11-08 14:19:54,893 [69b47348-0b11-4d95-99f3-8184b6987aae@group-AF614509AC37-LeaderElection9] INFO  server.RaftServerConfigKeys (ConfUtils.java:logGet(43)) - raft.server.watch.element-limit = 65536 (default)
2019-11-08 14:19:54,894 [69b47348-0b11-4d95-99f3-8184b6987aae@group-AF614509AC37-LeaderElection9] INFO  server.RaftServerConfigKeys (ConfUtils.java:logGet(43)) - raft.server.log.appender.snapshot.chunk.size.max = 16MB (=16777216) (default)
2019-11-08 14:19:54,894 [69b47348-0b11-4d95-99f3-8184b6987aae@group-AF614509AC37-LeaderElection9] INFO  server.RaftServerConfigKeys (ConfUtils.java:logGet(43)) - raft.server.log.appender.buffer.byte-limit = 33554432 (custom)
2019-11-08 14:19:54,895 [69b47348-0b11-4d95-99f3-8184b6987aae@group-AF614509AC37-LeaderElection9] INFO  server.RaftServerConfigKeys (ConfUtils.java:logGet(43)) - raft.server.log.appender.buffer.element-limit = 1 (custom)
2019-11-08 14:19:54,895 [69b47348-0b11-4d95-99f3-8184b6987aae@group-AF614509AC37-LeaderElection9] INFO  grpc.GrpcConfigKeys$Server (ConfUtils.java:logGet(43)) - raft.grpc.server.leader.outstanding.appends.max = 128 (default)
2019-11-08 14:19:54,896 [69b47348-0b11-4d95-99f3-8184b6987aae@group-AF614509AC37-LeaderElection9] INFO  server.RaftServerConfigKeys (ConfUtils.java:logGet(43)) - raft.server.rpc.request.timeout = 3000ms (default)
2019-11-08 14:19:54,896 [69b47348-0b11-4d95-99f3-8184b6987aae@group-AF614509AC37-LeaderElection9] INFO  server.RaftServerConfigKeys (ConfUtils.java:logGet(43)) - raft.server.log.appender.install.snapshot.enabled = false (custom)
2019-11-08 14:19:54,896 [69b47348-0b11-4d95-99f3-8184b6987aae@group-AF614509AC37-LeaderElection9] WARN  impl.MetricRegistriesImpl (MetricRegistriesImpl.java:lambda$create$1(61)) - First MetricRegistry has been created without registering reporters. You may need to call MetricRegistries.global().addReportRegistration(...) before.
2019-11-08 14:19:54,897 [69b47348-0b11-4d95-99f3-8184b6987aae@group-AF614509AC37-LeaderElection9] INFO  server.RaftServerConfigKeys (ConfUtils.java:logGet(43)) - raft.server.log.appender.snapshot.chunk.size.max = 16MB (=16777216) (default)
2019-11-08 14:19:54,897 [69b47348-0b11-4d95-99f3-8184b6987aae@group-AF614509AC37-LeaderElection9] INFO  server.RaftServerConfigKeys (ConfUtils.java:logGet(43)) - raft.server.log.appender.buffer.byte-limit = 33554432 (custom)
2019-11-08 14:19:54,897 [69b47348-0b11-4d95-99f3-8184b6987aae@group-AF614509AC37-LeaderElection9] INFO  server.RaftServerConfigKeys (ConfUtils.java:logGet(43)) - raft.server.log.appender.buffer.element-limit = 1 (custom)
2019-11-08 14:19:54,898 [69b47348-0b11-4d95-99f3-8184b6987aae@group-AF614509AC37-LeaderElection9] INFO  grpc.GrpcConfigKeys$Server (ConfUtils.java:logGet(43)) - raft.grpc.server.leader.outstanding.appends.max = 128 (default)
2019-11-08 14:19:54,898 [69b47348-0b11-4d95-99f3-8184b6987aae@group-AF614509AC37-LeaderElection9] INFO  server.RaftServerConfigKeys (ConfUtils.java:logGet(43)) - raft.server.rpc.request.timeout = 3000ms (default)
2019-11-08 14:19:54,898 [69b47348-0b11-4d95-99f3-8184b6987aae@group-AF614509AC37-LeaderElection9] INFO  server.RaftServerConfigKeys (ConfUtils.java:logGet(43)) - raft.server.log.appender.install.snapshot.enabled = false (custom)
2019-11-08 14:19:54,898 [69b47348-0b11-4d95-99f3-8184b6987aae@group-AF614509AC37-LeaderElection9] INFO  impl.RoleInfo (RoleInfo.java:updateAndGet(143)) - 69b47348-0b11-4d95-99f3-8184b6987aae: start LeaderState
2019-11-08 14:19:54,899 [69b47348-0b11-4d95-99f3-8184b6987aae@group-AF614509AC37-LeaderElection9] INFO  segmented.SegmentedRaftLogWorker (SegmentedRaftLogWorker.java:startLogSegment(385)) - 69b47348-0b11-4d95-99f3-8184b6987aae@group-AF614509AC37-SegmentedRaftLogWorker: Starting segment from index:0
2019-11-08 14:19:54,900 [69b47348-0b11-4d95-99f3-8184b6987aae@group-AF614509AC37-LeaderElection9] INFO  impl.RaftServerImpl (ServerState.java:setRaftConf(356)) - 69b47348-0b11-4d95-99f3-8184b6987aae@group-AF614509AC37: set configuration 0: [0c78ec67-b04a-4fd2-a463-b437dfcbb376:192.168.164.246:34008, ae99e6be-c84a-4a9f-b357-947ef07c8d3a:192.168.164.246:38773, 69b47348-0b11-4d95-99f3-8184b6987aae:192.168.164.246:45541], old=null at 0
2019-11-08 14:19:54,928 [Thread-509] INFO  impl.FollowerState (FollowerState.java:run(111)) - 0c78ec67-b04a-4fd2-a463-b437dfcbb376@group-B4AE20506574-FollowerState: change to CANDIDATE, lastRpcTime:5098ms, electionTimeout:5074ms
2019-11-08 14:19:54,928 [Thread-496] INFO  impl.FollowerState (FollowerState.java:run(111)) - 69b47348-0b11-4d95-99f3-8184b6987aae@group-E8A4E04EFEBF-FollowerState: change to CANDIDATE, lastRpcTime:5107ms, electionTimeout:5102ms
2019-11-08 14:19:54,929 [Thread-509] INFO  impl.RoleInfo (RoleInfo.java:shutdownFollowerState(121)) - 0c78ec67-b04a-4fd2-a463-b437dfcbb376: shutdown FollowerState
2019-11-08 14:19:54,929 [Thread-498] INFO  impl.FollowerState (FollowerState.java:run(111)) - 69b47348-0b11-4d95-99f3-8184b6987aae@group-B4AE20506574-FollowerState: change to CANDIDATE, lastRpcTime:5106ms, electionTimeout:5105ms
2019-11-08 14:19:54,929 [Thread-509] INFO  impl.RaftServerImpl (RaftServerImpl.java:setRole(173)) - 0c78ec67-b04a-4fd2-a463-b437dfcbb376@group-B4AE20506574: changes role from  FOLLOWER to CANDIDATE at term 0 for changeToCandidate
2019-11-08 14:19:54,929 [Thread-496] INFO  impl.RoleInfo (RoleInfo.java:shutdownFollowerState(121)) - 69b47348-0b11-4d95-99f3-8184b6987aae: shutdown FollowerState
2019-11-08 14:19:54,930 [Thread-498] INFO  impl.RoleInfo (RoleInfo.java:shutdownFollowerState(121)) - 69b47348-0b11-4d95-99f3-8184b6987aae: shutdown FollowerState
2019-11-08 14:19:54,930 [Thread-496] INFO  impl.RaftServerImpl (RaftServerImpl.java:setRole(173)) - 69b47348-0b11-4d95-99f3-8184b6987aae@group-E8A4E04EFEBF: changes role from  FOLLOWER to CANDIDATE at term 0 for changeToCandidate
2019-11-08 14:19:54,930 [Thread-509] INFO  impl.RoleInfo (RoleInfo.java:updateAndGet(143)) - 0c78ec67-b04a-4fd2-a463-b437dfcbb376: start LeaderElection
2019-11-08 14:19:54,930 [Thread-498] INFO  impl.RaftServerImpl (RaftServerImpl.java:setRole(173)) - 69b47348-0b11-4d95-99f3-8184b6987aae@group-B4AE20506574: changes role from  FOLLOWER to CANDIDATE at term 0 for changeToCandidate
2019-11-08 14:19:54,930 [Thread-496] INFO  impl.RoleInfo (RoleInfo.java:updateAndGet(143)) - 69b47348-0b11-4d95-99f3-8184b6987aae: start LeaderElection
2019-11-08 14:19:54,931 [Thread-498] INFO  impl.RoleInfo (RoleInfo.java:updateAndGet(143)) - 69b47348-0b11-4d95-99f3-8184b6987aae: start LeaderElection
2019-11-08 14:19:54,936 [grpc-default-executor-0] INFO  impl.RaftServerImpl (ServerState.java:setLeader(255)) - 0c78ec67-b04a-4fd2-a463-b437dfcbb376@group-AF614509AC37: change Leader from null to 69b47348-0b11-4d95-99f3-8184b6987aae at term 2 for appendEntries, leader elected after 11281ms
2019-11-08 14:19:54,936 [grpc-default-executor-4] INFO  impl.RaftServerImpl (ServerState.java:setLeader(255)) - ae99e6be-c84a-4a9f-b357-947ef07c8d3a@group-AF614509AC37: change Leader from null to 69b47348-0b11-4d95-99f3-8184b6987aae at term 2 for appendEntries, leader elected after 11282ms
2019-11-08 14:19:54,939 [grpc-default-executor-0] INFO  impl.RaftServerImpl (ServerState.java:setRaftConf(356)) - ae99e6be-c84a-4a9f-b357-947ef07c8d3a@group-AF614509AC37: set configuration 0: [0c78ec67-b04a-4fd2-a463-b437dfcbb376:192.168.164.246:34008, ae99e6be-c84a-4a9f-b357-947ef07c8d3a:192.168.164.246:38773, 69b47348-0b11-4d95-99f3-8184b6987aae:192.168.164.246:45541], old=null at 0
2019-11-08 14:19:54,939 [grpc-default-executor-4] INFO  impl.RaftServerImpl (ServerState.java:setRaftConf(356)) - 0c78ec67-b04a-4fd2-a463-b437dfcbb376@group-AF614509AC37: set configuration 0: [0c78ec67-b04a-4fd2-a463-b437dfcbb376:192.168.164.246:34008, ae99e6be-c84a-4a9f-b357-947ef07c8d3a:192.168.164.246:38773, 69b47348-0b11-4d95-99f3-8184b6987aae:192.168.164.246:45541], old=null at 0
2019-11-08 14:19:54,939 [grpc-default-executor-0] INFO  segmented.SegmentedRaftLogWorker (SegmentedRaftLogWorker.java:startLogSegment(385)) - ae99e6be-c84a-4a9f-b357-947ef07c8d3a@group-AF614509AC37-SegmentedRaftLogWorker: Starting segment from index:0
2019-11-08 14:19:54,939 [grpc-default-executor-4] INFO  segmented.SegmentedRaftLogWorker (SegmentedRaftLogWorker.java:startLogSegment(385)) - 0c78ec67-b04a-4fd2-a463-b437dfcbb376@group-AF614509AC37-SegmentedRaftLogWorker: Starting segment from index:0
2019-11-08 14:19:54,941 [Thread-512] INFO  impl.FollowerState (FollowerState.java:run(111)) - ae99e6be-c84a-4a9f-b357-947ef07c8d3a@group-9B8D5988F340-FollowerState: change to CANDIDATE, lastRpcTime:5109ms, electionTimeout:5109ms
2019-11-08 14:19:54,942 [69b47348-0b11-4d95-99f3-8184b6987aae@group-AF614509AC37-SegmentedRaftLogWorker] INFO  segmented.SegmentedRaftLogWorker (SegmentedRaftLogWorker.java:execute(576)) - 69b47348-0b11-4d95-99f3-8184b6987aae@group-AF614509AC37-SegmentedRaftLogWorker: created new log segment /workdir/hadoop-ozone/tools/target/test-dir/MiniOzoneClusterImpl-629f59bc-3a02-4619-b8ec-4b1f5e0dfed1/datanode-0/data/ratis/b04e2600-8106-4a2f-a8b8-af614509ac37/current/log_inprogress_0
2019-11-08 14:19:54,942 [69b47348-0b11-4d95-99f3-8184b6987aae@group-E8A4E04EFEBF-LeaderElection11] INFO  impl.LeaderElection (LeaderElection.java:askForVotes(178)) - 69b47348-0b11-4d95-99f3-8184b6987aae@group-E8A4E04EFEBF-LeaderElection11: begin an election at term 1 for -1: [0c78ec67-b04a-4fd2-a463-b437dfcbb376:192.168.164.246:34008, ae99e6be-c84a-4a9f-b357-947ef07c8d3a:192.168.164.246:38773, 69b47348-0b11-4d95-99f3-8184b6987aae:192.168.164.246:45541], old=null
2019-11-08 14:19:54,942 [0c78ec67-b04a-4fd2-a463-b437dfcbb376@group-B4AE20506574-LeaderElection10] INFO  impl.LeaderElection (LeaderElection.java:askForVotes(178)) - 0c78ec67-b04a-4fd2-a463-b437dfcbb376@group-B4AE20506574-LeaderElection10: begin an election at term 1 for -1: [0c78ec67-b04a-4fd2-a463-b437dfcbb376:192.168.164.246:34008, ae99e6be-c84a-4a9f-b357-947ef07c8d3a:192.168.164.246:38773, 69b47348-0b11-4d95-99f3-8184b6987aae:192.168.164.246:45541], old=null
2019-11-08 14:19:54,942 [Thread-512] INFO  impl.RoleInfo (RoleInfo.java:shutdownFollowerState(121)) - ae99e6be-c84a-4a9f-b357-947ef07c8d3a: shutdown FollowerState
2019-11-08 14:19:54,942 [69b47348-0b11-4d95-99f3-8184b6987aae@group-B4AE20506574-LeaderElection12] INFO  impl.LeaderElection (LeaderElection.java:askForVotes(178)) - 69b47348-0b11-4d95-99f3-8184b6987aae@group-B4AE20506574-LeaderElection12: begin an election at term 1 for -1: [0c78ec67-b04a-4fd2-a463-b437dfcbb376:192.168.164.246:34008, ae99e6be-c84a-4a9f-b357-947ef07c8d3a:192.168.164.246:38773, 69b47348-0b11-4d95-99f3-8184b6987aae:192.168.164.246:45541], old=null
2019-11-08 14:19:54,942 [Thread-512] INFO  impl.RaftServerImpl (RaftServerImpl.java:setRole(173)) - ae99e6be-c84a-4a9f-b357-947ef07c8d3a@group-9B8D5988F340: changes role from  FOLLOWER to CANDIDATE at term 0 for changeToCandidate
2019-11-08 14:19:54,942 [Thread-512] INFO  impl.RoleInfo (RoleInfo.java:updateAndGet(143)) - ae99e6be-c84a-4a9f-b357-947ef07c8d3a: start LeaderElection
2019-11-08 14:19:54,975 [Thread-503] INFO  impl.FollowerState (FollowerState.java:run(111)) - 0c78ec67-b04a-4fd2-a463-b437dfcbb376@group-E8A4E04EFEBF-FollowerState: change to CANDIDATE, lastRpcTime:5147ms, electionTimeout:5144ms
2019-11-08 14:19:54,975 [Thread-504] INFO  impl.FollowerState (FollowerState.java:run(111)) - 69b47348-0b11-4d95-99f3-8184b6987aae@group-9B8D5988F340-FollowerState: change to CANDIDATE, lastRpcTime:5146ms, electionTimeout:5134ms
2019-11-08 14:19:54,975 [Thread-503] INFO  impl.RoleInfo (RoleInfo.java:shutdownFollowerState(121)) - 0c78ec67-b04a-4fd2-a463-b437dfcbb376: shutdown FollowerState
2019-11-08 14:19:54,975 [Thread-503] INFO  impl.RaftServerImpl (RaftServerImpl.java:setRole(173)) - 0c78ec67-b04a-4fd2-a463-b437dfcbb376@group-E8A4E04EFEBF: changes role from  FOLLOWER to CANDIDATE at term 0 for changeToCandidate
2019-11-08 14:19:54,975 [Thread-507] INFO  impl.FollowerState (FollowerState.java:run(111)) - ae99e6be-c84a-4a9f-b357-947ef07c8d3a@group-B4AE20506574-FollowerState: change to CANDIDATE, lastRpcTime:5145ms, electionTimeout:5131ms
2019-11-08 14:19:54,975 [Thread-513] INFO  impl.FollowerState (FollowerState.java:run(111)) - 0c78ec67-b04a-4fd2-a463-b437dfcbb376@group-9B8D5988F340-FollowerState: change to CANDIDATE, lastRpcTime:5142ms, electionTimeout:5135ms
2019-11-08 14:19:54,975 [Thread-503] INFO  impl.RoleInfo (RoleInfo.java:updateAndGet(143)) - 0c78ec67-b04a-4fd2-a463-b437dfcbb376: start LeaderElection
2019-11-08 14:19:54,975 [Thread-507] INFO  impl.RoleInfo (RoleInfo.java:shutdownFollowerState(121)) - ae99e6be-c84a-4a9f-b357-947ef07c8d3a: shutdown FollowerState
2019-11-08 14:19:54,975 [Thread-504] INFO  impl.RoleInfo (RoleInfo.java:shutdownFollowerState(121)) - 69b47348-0b11-4d95-99f3-8184b6987aae: shutdown FollowerState
2019-11-08 14:19:54,977 [Thread-507] INFO  impl.RaftServerImpl (RaftServerImpl.java:setRole(173)) - ae99e6be-c84a-4a9f-b357-947ef07c8d3a@group-B4AE20506574: changes role from  FOLLOWER to CANDIDATE at term 0 for changeToCandidate
2019-11-08 14:19:54,977 [Thread-513] INFO  impl.RoleInfo (RoleInfo.java:shutdownFollowerState(121)) - 0c78ec67-b04a-4fd2-a463-b437dfcbb376: shutdown FollowerState
2019-11-08 14:19:54,978 [Thread-507] INFO  impl.RoleInfo (RoleInfo.java:updateAndGet(143)) - ae99e6be-c84a-4a9f-b357-947ef07c8d3a: start LeaderElection
2019-11-08 14:19:54,978 [Thread-504] INFO  impl.RaftServerImpl (RaftServerImpl.java:setRole(173)) - 69b47348-0b11-4d95-99f3-8184b6987aae@group-9B8D5988F340: changes role from  FOLLOWER to CANDIDATE at term 0 for changeToCandidate
2019-11-08 14:19:54,978 [Thread-513] INFO  impl.RaftServerImpl (RaftServerImpl.java:setRole(173)) - 0c78ec67-b04a-4fd2-a463-b437dfcbb376@group-9B8D5988F340: changes role from  FOLLOWER to CANDIDATE at term 0 for changeToCandidate
2019-11-08 14:19:54,982 [Thread-504] INFO  impl.RoleInfo (RoleInfo.java:updateAndGet(143)) - 69b47348-0b11-4d95-99f3-8184b6987aae: start LeaderElection
2019-11-08 14:19:54,982 [Thread-513] INFO  impl.RoleInfo (RoleInfo.java:updateAndGet(143)) - 0c78ec67-b04a-4fd2-a463-b437dfcbb376: start LeaderElection
2019-11-08 14:19:54,988 [ae99e6be-c84a-4a9f-b357-947ef07c8d3a@group-AF614509AC37-SegmentedRaftLogWorker] INFO  segmented.SegmentedRaftLogWorker (SegmentedRaftLogWorker.java:execute(576)) - ae99e6be-c84a-4a9f-b357-947ef07c8d3a@group-AF614509AC37-SegmentedRaftLogWorker: created new log segment /workdir/hadoop-ozone/tools/target/test-dir/MiniOzoneClusterImpl-629f59bc-3a02-4619-b8ec-4b1f5e0dfed1/datanode-2/data/ratis/b04e2600-8106-4a2f-a8b8-af614509ac37/current/log_inprogress_0
2019-11-08 14:19:54,988 [ae99e6be-c84a-4a9f-b357-947ef07c8d3a@group-9B8D5988F340-LeaderElection13] INFO  impl.LeaderElection (LeaderElection.java:askForVotes(178)) - ae99e6be-c84a-4a9f-b357-947ef07c8d3a@group-9B8D5988F340-LeaderElection13: begin an election at term 1 for -1: [0c78ec67-b04a-4fd2-a463-b437dfcbb376:192.168.164.246:34008, ae99e6be-c84a-4a9f-b357-947ef07c8d3a:192.168.164.246:38773, 69b47348-0b11-4d95-99f3-8184b6987aae:192.168.164.246:45541], old=null
2019-11-08 14:19:54,988 [0c78ec67-b04a-4fd2-a463-b437dfcbb376@group-AF614509AC37-SegmentedRaftLogWorker] INFO  segmented.SegmentedRaftLogWorker (SegmentedRaftLogWorker.java:execute(576)) - 0c78ec67-b04a-4fd2-a463-b437dfcbb376@group-AF614509AC37-SegmentedRaftLogWorker: created new log segment /workdir/hadoop-ozone/tools/target/test-dir/MiniOzoneClusterImpl-629f59bc-3a02-4619-b8ec-4b1f5e0dfed1/datanode-1/data/ratis/b04e2600-8106-4a2f-a8b8-af614509ac37/current/log_inprogress_0
2019-11-08 14:19:54,990 [grpc-default-executor-5] INFO  impl.RaftServerImpl (RaftServerImpl.java:setRole(173)) - ae99e6be-c84a-4a9f-b357-947ef07c8d3a@group-E8A4E04EFEBF: changes role from  FOLLOWER to FOLLOWER at term 1 for recognizeCandidate:69b47348-0b11-4d95-99f3-8184b6987aae
2019-11-08 14:19:54,990 [grpc-default-executor-5] INFO  impl.RoleInfo (RoleInfo.java:shutdownFollowerState(121)) - ae99e6be-c84a-4a9f-b357-947ef07c8d3a: shutdown FollowerState
2019-11-08 14:19:54,990 [Thread-502] INFO  impl.FollowerState (FollowerState.java:run(120)) - ae99e6be-c84a-4a9f-b357-947ef07c8d3a@group-E8A4E04EFEBF-FollowerState was interrupted: java.lang.InterruptedException: sleep interrupted
2019-11-08 14:19:54,990 [grpc-default-executor-5] INFO  impl.RoleInfo (RoleInfo.java:updateAndGet(143)) - ae99e6be-c84a-4a9f-b357-947ef07c8d3a: start FollowerState
2019-11-08 14:19:55,002 [69b47348-0b11-4d95-99f3-8184b6987aae@group-9B8D5988F340-LeaderElection16] INFO  impl.LeaderElection (LeaderElection.java:askForVotes(178)) - 69b47348-0b11-4d95-99f3-8184b6987aae@group-9B8D5988F340-LeaderElection16: begin an election at term 1 for -1: [0c78ec67-b04a-4fd2-a463-b437dfcbb376:192.168.164.246:34008, ae99e6be-c84a-4a9f-b357-947ef07c8d3a:192.168.164.246:38773, 69b47348-0b11-4d95-99f3-8184b6987aae:192.168.164.246:45541], old=null
2019-11-08 14:19:55,002 [0c78ec67-b04a-4fd2-a463-b437dfcbb376@group-9B8D5988F340-LeaderElection17] INFO  impl.LeaderElection (LeaderElection.java:askForVotes(178)) - 0c78ec67-b04a-4fd2-a463-b437dfcbb376@group-9B8D5988F340-LeaderElection17: begin an election at term 1 for -1: [0c78ec67-b04a-4fd2-a463-b437dfcbb376:192.168.164.246:34008, ae99e6be-c84a-4a9f-b357-947ef07c8d3a:192.168.164.246:38773, 69b47348-0b11-4d95-99f3-8184b6987aae:192.168.164.246:45541], old=null
2019-11-08 14:19:55,002 [0c78ec67-b04a-4fd2-a463-b437dfcbb376@group-E8A4E04EFEBF-LeaderElection14] INFO  impl.LeaderElection (LeaderElection.java:askForVotes(178)) - 0c78ec67-b04a-4fd2-a463-b437dfcbb376@group-E8A4E04EFEBF-LeaderElection14: begin an election at term 1 for -1: [0c78ec67-b04a-4fd2-a463-b437dfcbb376:192.168.164.246:34008, ae99e6be-c84a-4a9f-b357-947ef07c8d3a:192.168.164.246:38773, 69b47348-0b11-4d95-99f3-8184b6987aae:192.168.164.246:45541], old=null
2019-11-08 14:19:55,002 [ae99e6be-c84a-4a9f-b357-947ef07c8d3a@group-B4AE20506574-LeaderElection15] INFO  impl.LeaderElection (LeaderElection.java:askForVotes(178)) - ae99e6be-c84a-4a9f-b357-947ef07c8d3a@group-B4AE20506574-LeaderElection15: begin an election at term 1 for -1: [0c78ec67-b04a-4fd2-a463-b437dfcbb376:192.168.164.246:34008, ae99e6be-c84a-4a9f-b357-947ef07c8d3a:192.168.164.246:38773, 69b47348-0b11-4d95-99f3-8184b6987aae:192.168.164.246:45541], old=null
2019-11-08 14:19:55,004 [0c78ec67-b04a-4fd2-a463-b437dfcbb376@group-B4AE20506574-LeaderElection10] INFO  impl.LeaderElection (LeaderElection.java:logAndReturn(56)) - 0c78ec67-b04a-4fd2-a463-b437dfcbb376@group-B4AE20506574-LeaderElection10: Election REJECTED; received 2 response(s) [0c78ec67-b04a-4fd2-a463-b437dfcbb376<-ae99e6be-c84a-4a9f-b357-947ef07c8d3a#0:FAIL-t1, 0c78ec67-b04a-4fd2-a463-b437dfcbb376<-69b47348-0b11-4d95-99f3-8184b6987aae#0:FAIL-t1] and 0 exception(s); 0c78ec67-b04a-4fd2-a463-b437dfcbb376@group-B4AE20506574:t1, leader=null, voted=0c78ec67-b04a-4fd2-a463-b437dfcbb376, raftlog=0c78ec67-b04a-4fd2-a463-b437dfcbb376@group-B4AE20506574-SegmentedRaftLog:OPENED:c-1,f-1,i0, conf=-1: [0c78ec67-b04a-4fd2-a463-b437dfcbb376:192.168.164.246:34008, ae99e6be-c84a-4a9f-b357-947ef07c8d3a:192.168.164.246:38773, 69b47348-0b11-4d95-99f3-8184b6987aae:192.168.164.246:45541], old=null
2019-11-08 14:19:55,004 [69b47348-0b11-4d95-99f3-8184b6987aae@group-E8A4E04EFEBF-LeaderElection11] INFO  impl.LeaderElection (LeaderElection.java:logAndReturn(56)) - 69b47348-0b11-4d95-99f3-8184b6987aae@group-E8A4E04EFEBF-LeaderElection11: Election PASSED; received 2 response(s) [69b47348-0b11-4d95-99f3-8184b6987aae<-0c78ec67-b04a-4fd2-a463-b437dfcbb376#0:FAIL-t1, 69b47348-0b11-4d95-99f3-8184b6987aae<-ae99e6be-c84a-4a9f-b357-947ef07c8d3a#0:OK-t1] and 0 exception(s); 69b47348-0b11-4d95-99f3-8184b6987aae@group-E8A4E04EFEBF:t1, leader=null, voted=69b47348-0b11-4d95-99f3-8184b6987aae, raftlog=69b47348-0b11-4d95-99f3-8184b6987aae@group-E8A4E04EFEBF-SegmentedRaftLog:OPENED:c-1,f-1,i0, conf=-1: [0c78ec67-b04a-4fd2-a463-b437dfcbb376:192.168.164.246:34008, ae99e6be-c84a-4a9f-b357-947ef07c8d3a:192.168.164.246:38773, 69b47348-0b11-4d95-99f3-8184b6987aae:192.168.164.246:45541], old=null
2019-11-08 14:19:55,005 [ae99e6be-c84a-4a9f-b357-947ef07c8d3a@group-9B8D5988F340-LeaderElection13] INFO  impl.LeaderElection (LeaderElection.java:logAndReturn(56)) - ae99e6be-c84a-4a9f-b357-947ef07c8d3a@group-9B8D5988F340-LeaderElection13: Election REJECTED; received 2 response(s) [ae99e6be-c84a-4a9f-b357-947ef07c8d3a<-0c78ec67-b04a-4fd2-a463-b437dfcbb376#0:FAIL-t1, ae99e6be-c84a-4a9f-b357-947ef07c8d3a<-69b47348-0b11-4d95-99f3-8184b6987aae#0:FAIL-t1] and 0 exception(s); ae99e6be-c84a-4a9f-b357-947ef07c8d3a@group-9B8D5988F340:t1, leader=null, voted=ae99e6be-c84a-4a9f-b357-947ef07c8d3a, raftlog=ae99e6be-c84a-4a9f-b357-947ef07c8d3a@group-9B8D5988F340-SegmentedRaftLog:OPENED:c-1,f-1,i0, conf=-1: [0c78ec67-b04a-4fd2-a463-b437dfcbb376:192.168.164.246:34008, ae99e6be-c84a-4a9f-b357-947ef07c8d3a:192.168.164.246:38773, 69b47348-0b11-4d95-99f3-8184b6987aae:192.168.164.246:45541], old=null
2019-11-08 14:19:55,004 [0c78ec67-b04a-4fd2-a463-b437dfcbb376@group-B4AE20506574-LeaderElection10] INFO  impl.RaftServerImpl (RaftServerImpl.java:setRole(173)) - 0c78ec67-b04a-4fd2-a463-b437dfcbb376@group-B4AE20506574: changes role from CANDIDATE to FOLLOWER at term 1 for DISCOVERED_A_NEW_TERM
2019-11-08 14:19:55,004 [69b47348-0b11-4d95-99f3-8184b6987aae@group-B4AE20506574-LeaderElection12] INFO  impl.LeaderElection (LeaderElection.java:logAndReturn(56)) - 69b47348-0b11-4d95-99f3-8184b6987aae@group-B4AE20506574-LeaderElection12: Election REJECTED; received 2 response(s) [69b47348-0b11-4d95-99f3-8184b6987aae<-0c78ec67-b04a-4fd2-a463-b437dfcbb376#0:FAIL-t1, 69b47348-0b11-4d95-99f3-8184b6987aae<-ae99e6be-c84a-4a9f-b357-947ef07c8d3a#0:FAIL-t1] and 0 exception(s); 69b47348-0b11-4d95-99f3-8184b6987aae@group-B4AE20506574:t1, leader=null, voted=69b47348-0b11-4d95-99f3-8184b6987aae, raftlog=69b47348-0b11-4d95-99f3-8184b6987aae@group-B4AE20506574-SegmentedRaftLog:OPENED:c-1,f-1,i0, conf=-1: [0c78ec67-b04a-4fd2-a463-b437dfcbb376:192.168.164.246:34008, ae99e6be-c84a-4a9f-b357-947ef07c8d3a:192.168.164.246:38773, 69b47348-0b11-4d95-99f3-8184b6987aae:192.168.164.246:45541], old=null
2019-11-08 14:19:55,009 [0c78ec67-b04a-4fd2-a463-b437dfcbb376@group-B4AE20506574-LeaderElection10] INFO  impl.RoleInfo (RoleInfo.java:shutdownLeaderElection(134)) - 0c78ec67-b04a-4fd2-a463-b437dfcbb376: shutdown LeaderElection
2019-11-08 14:19:55,011 [69b47348-0b11-4d95-99f3-8184b6987aae@group-B4AE20506574-LeaderElection12] INFO  impl.RaftServerImpl (RaftServerImpl.java:setRole(173)) - 69b47348-0b11-4d95-99f3-8184b6987aae@group-B4AE20506574: changes role from CANDIDATE to FOLLOWER at term 1 for DISCOVERED_A_NEW_TERM
2019-11-08 14:19:55,013 [0c78ec67-b04a-4fd2-a463-b437dfcbb376@group-B4AE20506574-LeaderElection10] INFO  impl.RoleInfo (RoleInfo.java:updateAndGet(143)) - 0c78ec67-b04a-4fd2-a463-b437dfcbb376: start FollowerState
2019-11-08 14:19:55,007 [ae99e6be-c84a-4a9f-b357-947ef07c8d3a@group-9B8D5988F340-LeaderElection13] INFO  impl.RaftServerImpl (RaftServerImpl.java:setRole(173)) - ae99e6be-c84a-4a9f-b357-947ef07c8d3a@group-9B8D5988F340: changes role from CANDIDATE to FOLLOWER at term 1 for DISCOVERED_A_NEW_TERM
2019-11-08 14:19:55,013 [ae99e6be-c84a-4a9f-b357-947ef07c8d3a@group-9B8D5988F340-LeaderElection13] INFO  impl.RoleInfo (RoleInfo.java:shutdownLeaderElection(134)) - ae99e6be-c84a-4a9f-b357-947ef07c8d3a: shutdown LeaderElection
2019-11-08 14:19:55,007 [69b47348-0b11-4d95-99f3-8184b6987aae@group-E8A4E04EFEBF-LeaderElection11] INFO  impl.RoleInfo (RoleInfo.java:shutdownLeaderElection(134)) - 69b47348-0b11-4d95-99f3-8184b6987aae: shutdown LeaderElection
2019-11-08 14:19:55,013 [69b47348-0b11-4d95-99f3-8184b6987aae@group-B4AE20506574-LeaderElection12] INFO  impl.RoleInfo (RoleInfo.java:shutdownLeaderElection(134)) - 69b47348-0b11-4d95-99f3-8184b6987aae: shutdown LeaderElection
2019-11-08 14:19:55,013 [ae99e6be-c84a-4a9f-b357-947ef07c8d3a@group-9B8D5988F340-LeaderElection13] INFO  impl.RoleInfo (RoleInfo.java:updateAndGet(143)) - ae99e6be-c84a-4a9f-b357-947ef07c8d3a: start FollowerState
2019-11-08 14:19:55,013 [69b47348-0b11-4d95-99f3-8184b6987aae@group-E8A4E04EFEBF-LeaderElection11] INFO  impl.RaftServerImpl (RaftServerImpl.java:setRole(173)) - 69b47348-0b11-4d95-99f3-8184b6987aae@group-E8A4E04EFEBF: changes role from CANDIDATE to LEADER at term 1 for changeToLeader
2019-11-08 14:19:55,014 [69b47348-0b11-4d95-99f3-8184b6987aae@group-B4AE20506574-LeaderElection12] INFO  impl.RoleInfo (RoleInfo.java:updateAndGet(143)) - 69b47348-0b11-4d95-99f3-8184b6987aae: start FollowerState
2019-11-08 14:19:55,014 [69b47348-0b11-4d95-99f3-8184b6987aae@group-E8A4E04EFEBF-LeaderElection11] INFO  impl.RaftServerImpl (ServerState.java:setLeader(255)) - 69b47348-0b11-4d95-99f3-8184b6987aae@group-E8A4E04EFEBF: change Leader from null to 69b47348-0b11-4d95-99f3-8184b6987aae at term 1 for becomeLeader, leader elected after 5301ms
2019-11-08 14:19:55,015 [69b47348-0b11-4d95-99f3-8184b6987aae@group-E8A4E04EFEBF-LeaderElection11] INFO  server.RaftServerConfigKeys (ConfUtils.java:logGet(43)) - raft.server.staging.catchup.gap = 1000 (default)
2019-11-08 14:19:55,016 [69b47348-0b11-4d95-99f3-8184b6987aae@group-E8A4E04EFEBF-LeaderElection11] INFO  server.RaftServerConfigKeys (ConfUtils.java:logGet(43)) - raft.server.rpc.sleep.time = 25ms (default)
2019-11-08 14:19:55,016 [ae99e6be-c84a-4a9f-b357-947ef07c8d3a@group-B4AE20506574-LeaderElection15] INFO  impl.LeaderElection (LeaderElection.java:logAndReturn(56)) - ae99e6be-c84a-4a9f-b357-947ef07c8d3a@group-B4AE20506574-LeaderElection15: Election REJECTED; received 2 response(s) [ae99e6be-c84a-4a9f-b357-947ef07c8d3a<-0c78ec67-b04a-4fd2-a463-b437dfcbb376#0:FAIL-t1, ae99e6be-c84a-4a9f-b357-947ef07c8d3a<-69b47348-0b11-4d95-99f3-8184b6987aae#0:FAIL-t1] and 0 exception(s); ae99e6be-c84a-4a9f-b357-947ef07c8d3a@group-B4AE20506574:t1, leader=null, voted=ae99e6be-c84a-4a9f-b357-947ef07c8d3a, raftlog=ae99e6be-c84a-4a9f-b357-947ef07c8d3a@group-B4AE20506574-SegmentedRaftLog:OPENED:c-1,f-1,i0, conf=-1: [0c78ec67-b04a-4fd2-a463-b437dfcbb376:192.168.164.246:34008, ae99e6be-c84a-4a9f-b357-947ef07c8d3a:192.168.164.246:38773, 69b47348-0b11-4d95-99f3-8184b6987aae:192.168.164.246:45541], old=null
2019-11-08 14:19:55,016 [69b47348-0b11-4d95-99f3-8184b6987aae@group-E8A4E04EFEBF-LeaderElection11] INFO  server.RaftServerConfigKeys (ConfUtils.java:logGet(43)) - raft.server.write.element-limit = 4096 (default)
2019-11-08 14:19:55,016 [ae99e6be-c84a-4a9f-b357-947ef07c8d3a@group-B4AE20506574-LeaderElection15] INFO  impl.RaftServerImpl (RaftServerImpl.java:setRole(173)) - ae99e6be-c84a-4a9f-b357-947ef07c8d3a@group-B4AE20506574: changes role from CANDIDATE to FOLLOWER at term 1 for DISCOVERED_A_NEW_TERM
2019-11-08 14:19:55,019 [ae99e6be-c84a-4a9f-b357-947ef07c8d3a@group-B4AE20506574-LeaderElection15] INFO  impl.RoleInfo (RoleInfo.java:shutdownLeaderElection(134)) - ae99e6be-c84a-4a9f-b357-947ef07c8d3a: shutdown LeaderElection
2019-11-08 14:19:55,019 [69b47348-0b11-4d95-99f3-8184b6987aae@group-E8A4E04EFEBF-LeaderElection11] INFO  server.RaftServerConfigKeys (ConfUtils.java:logGet(43)) - raft.server.watch.timeout = 10s (default)
2019-11-08 14:19:55,019 [ae99e6be-c84a-4a9f-b357-947ef07c8d3a@group-B4AE20506574-LeaderElection15] INFO  impl.RoleInfo (RoleInfo.java:updateAndGet(143)) - ae99e6be-c84a-4a9f-b357-947ef07c8d3a: start FollowerState
2019-11-08 14:19:55,019 [69b47348-0b11-4d95-99f3-8184b6987aae@group-E8A4E04EFEBF-LeaderElection11] INFO  server.RaftServerConfigKeys (ConfUtils.java:logGet(43)) - raft.server.watch.timeout.denomination = 1s (default)
2019-11-08 14:19:55,019 [69b47348-0b11-4d95-99f3-8184b6987aae@group-9B8D5988F340-LeaderElection16] INFO  impl.LeaderElection (LeaderElection.java:logAndReturn(56)) - 69b47348-0b11-4d95-99f3-8184b6987aae@group-9B8D5988F340-LeaderElection16: Election REJECTED; received 2 response(s) [69b47348-0b11-4d95-99f3-8184b6987aae<-0c78ec67-b04a-4fd2-a463-b437dfcbb376#0:FAIL-t1, 69b47348-0b11-4d95-99f3-8184b6987aae<-ae99e6be-c84a-4a9f-b357-947ef07c8d3a#0:FAIL-t1] and 0 exception(s); 69b47348-0b11-4d95-99f3-8184b6987aae@group-9B8D5988F340:t1, leader=null, voted=69b47348-0b11-4d95-99f3-8184b6987aae, raftlog=69b47348-0b11-4d95-99f3-8184b6987aae@group-9B8D5988F340-SegmentedRaftLog:OPENED:c-1,f-1,i0, conf=-1: [0c78ec67-b04a-4fd2-a463-b437dfcbb376:192.168.164.246:34008, ae99e6be-c84a-4a9f-b357-947ef07c8d3a:192.168.164.246:38773, 69b47348-0b11-4d95-99f3-8184b6987aae:192.168.164.246:45541], old=null
2019-11-08 14:19:55,019 [69b47348-0b11-4d95-99f3-8184b6987aae@group-E8A4E04EFEBF-LeaderElection11] INFO  server.RaftServerConfigKeys (ConfUtils.java:logGet(43)) - raft.server.watch.element-limit = 65536 (default)
2019-11-08 14:19:55,020 [69b47348-0b11-4d95-99f3-8184b6987aae@group-9B8D5988F340-LeaderElection16] INFO  impl.RaftServerImpl (RaftServerImpl.java:setRole(173)) - 69b47348-0b11-4d95-99f3-8184b6987aae@group-9B8D5988F340: changes role from CANDIDATE to FOLLOWER at term 1 for DISCOVERED_A_NEW_TERM
2019-11-08 14:19:55,021 [69b47348-0b11-4d95-99f3-8184b6987aae@group-E8A4E04EFEBF-LeaderElection11] INFO  server.RaftServerConfigKeys (ConfUtils.java:logGet(43)) - raft.server.log.appender.snapshot.chunk.size.max = 16MB (=16777216) (default)
2019-11-08 14:19:55,021 [69b47348-0b11-4d95-99f3-8184b6987aae@group-9B8D5988F340-LeaderElection16] INFO  impl.RoleInfo (RoleInfo.java:shutdownLeaderElection(134)) - 69b47348-0b11-4d95-99f3-8184b6987aae: shutdown LeaderElection
2019-11-08 14:19:55,022 [0c78ec67-b04a-4fd2-a463-b437dfcbb376@group-9B8D5988F340-LeaderElection17] INFO  impl.LeaderElection (LeaderElection.java:logAndReturn(56)) - 0c78ec67-b04a-4fd2-a463-b437dfcbb376@group-9B8D5988F340-LeaderElection17: Election REJECTED; received 2 response(s) [0c78ec67-b04a-4fd2-a463-b437dfcbb376<-ae99e6be-c84a-4a9f-b357-947ef07c8d3a#0:FAIL-t1, 0c78ec67-b04a-4fd2-a463-b437dfcbb376<-69b47348-0b11-4d95-99f3-8184b6987aae#0:FAIL-t1] and 0 exception(s); 0c78ec67-b04a-4fd2-a463-b437dfcbb376@group-9B8D5988F340:t1, leader=null, voted=0c78ec67-b04a-4fd2-a463-b437dfcbb376, raftlog=0c78ec67-b04a-4fd2-a463-b437dfcbb376@group-9B8D5988F340-SegmentedRaftLog:OPENED:c-1,f-1,i0, conf=-1: [0c78ec67-b04a-4fd2-a463-b437dfcbb376:192.168.164.246:34008, ae99e6be-c84a-4a9f-b357-947ef07c8d3a:192.168.164.246:38773, 69b47348-0b11-4d95-99f3-8184b6987aae:192.168.164.246:45541], old=null
2019-11-08 14:19:55,022 [69b47348-0b11-4d95-99f3-8184b6987aae@group-E8A4E04EFEBF-LeaderElection11] INFO  server.RaftServerConfigKeys (ConfUtils.java:logGet(43)) - raft.server.log.appender.buffer.byte-limit = 33554432 (custom)
2019-11-08 14:19:55,022 [0c78ec67-b04a-4fd2-a463-b437dfcbb376@group-9B8D5988F340-LeaderElection17] INFO  impl.RaftServerImpl (RaftServerImpl.java:setRole(173)) - 0c78ec67-b04a-4fd2-a463-b437dfcbb376@group-9B8D5988F340: changes role from CANDIDATE to FOLLOWER at term 1 for DISCOVERED_A_NEW_TERM
2019-11-08 14:19:55,022 [69b47348-0b11-4d95-99f3-8184b6987aae@group-9B8D5988F340-LeaderElection16] INFO  impl.RoleInfo (RoleInfo.java:updateAndGet(143)) - 69b47348-0b11-4d95-99f3-8184b6987aae: start FollowerState
2019-11-08 14:19:55,023 [0c78ec67-b04a-4fd2-a463-b437dfcbb376@group-9B8D5988F340-LeaderElection17] INFO  impl.RoleInfo (RoleInfo.java:shutdownLeaderElection(134)) - 0c78ec67-b04a-4fd2-a463-b437dfcbb376: shutdown LeaderElection
2019-11-08 14:19:55,022 [69b47348-0b11-4d95-99f3-8184b6987aae@group-E8A4E04EFEBF-LeaderElection11] INFO  server.RaftServerConfigKeys (ConfUtils.java:logGet(43)) - raft.server.log.appender.buffer.element-limit = 1 (custom)
2019-11-08 14:19:55,023 [0c78ec67-b04a-4fd2-a463-b437dfcbb376@group-9B8D5988F340-LeaderElection17] INFO  impl.RoleInfo (RoleInfo.java:updateAndGet(143)) - 0c78ec67-b04a-4fd2-a463-b437dfcbb376: start FollowerState
2019-11-08 14:19:55,023 [69b47348-0b11-4d95-99f3-8184b6987aae@group-E8A4E04EFEBF-LeaderElection11] INFO  grpc.GrpcConfigKeys$Server (ConfUtils.java:logGet(43)) - raft.grpc.server.leader.outstanding.appends.max = 128 (default)
2019-11-08 14:19:55,024 [69b47348-0b11-4d95-99f3-8184b6987aae@group-E8A4E04EFEBF-LeaderElection11] INFO  server.RaftServerConfigKeys (ConfUtils.java:logGet(43)) - raft.server.rpc.request.timeout = 3000ms (default)
2019-11-08 14:19:55,024 [69b47348-0b11-4d95-99f3-8184b6987aae@group-E8A4E04EFEBF-LeaderElection11] INFO  server.RaftServerConfigKeys (ConfUtils.java:logGet(43)) - raft.server.log.appender.install.snapshot.enabled = false (custom)
2019-11-08 14:19:55,024 [69b47348-0b11-4d95-99f3-8184b6987aae@group-E8A4E04EFEBF-LeaderElection11] WARN  impl.MetricRegistriesImpl (MetricRegistriesImpl.java:lambda$create$1(61)) - First MetricRegistry has been created without registering reporters. You may need to call MetricRegistries.global().addReportRegistration(...) before.
2019-11-08 14:19:55,024 [69b47348-0b11-4d95-99f3-8184b6987aae@group-E8A4E04EFEBF-LeaderElection11] INFO  server.RaftServerConfigKeys (ConfUtils.java:logGet(43)) - raft.server.log.appender.snapshot.chunk.size.max = 16MB (=16777216) (default)
2019-11-08 14:19:55,024 [69b47348-0b11-4d95-99f3-8184b6987aae@group-E8A4E04EFEBF-LeaderElection11] INFO  server.RaftServerConfigKeys (ConfUtils.java:logGet(43)) - raft.server.log.appender.buffer.byte-limit = 33554432 (custom)
2019-11-08 14:19:55,024 [69b47348-0b11-4d95-99f3-8184b6987aae@group-E8A4E04EFEBF-LeaderElection11] INFO  server.RaftServerConfigKeys (ConfUtils.java:logGet(43)) - raft.server.log.appender.buffer.element-limit = 1 (custom)
2019-11-08 14:19:55,024 [69b47348-0b11-4d95-99f3-8184b6987aae@group-E8A4E04EFEBF-LeaderElection11] INFO  grpc.GrpcConfigKeys$Server (ConfUtils.java:logGet(43)) - raft.grpc.server.leader.outstanding.appends.max = 128 (default)
2019-11-08 14:19:55,024 [69b47348-0b11-4d95-99f3-8184b6987aae@group-E8A4E04EFEBF-LeaderElection11] INFO  server.RaftServerConfigKeys (ConfUtils.java:logGet(43)) - raft.server.rpc.request.timeout = 3000ms (default)
2019-11-08 14:19:55,025 [69b47348-0b11-4d95-99f3-8184b6987aae@group-E8A4E04EFEBF-LeaderElection11] INFO  server.RaftServerConfigKeys (ConfUtils.java:logGet(43)) - raft.server.log.appender.install.snapshot.enabled = false (custom)
2019-11-08 14:19:55,025 [69b47348-0b11-4d95-99f3-8184b6987aae@group-E8A4E04EFEBF-LeaderElection11] INFO  impl.RoleInfo (RoleInfo.java:updateAndGet(143)) - 69b47348-0b11-4d95-99f3-8184b6987aae: start LeaderState
2019-11-08 14:19:55,025 [69b47348-0b11-4d95-99f3-8184b6987aae@group-E8A4E04EFEBF-LeaderElection11] INFO  segmented.SegmentedRaftLogWorker (SegmentedRaftLogWorker.java:startLogSegment(385)) - 69b47348-0b11-4d95-99f3-8184b6987aae@group-E8A4E04EFEBF-SegmentedRaftLogWorker: Starting segment from index:0
2019-11-08 14:19:55,025 [69b47348-0b11-4d95-99f3-8184b6987aae@group-E8A4E04EFEBF-LeaderElection11] INFO  impl.RaftServerImpl (ServerState.java:setRaftConf(356)) - 69b47348-0b11-4d95-99f3-8184b6987aae@group-E8A4E04EFEBF: set configuration 0: [0c78ec67-b04a-4fd2-a463-b437dfcbb376:192.168.164.246:34008, ae99e6be-c84a-4a9f-b357-947ef07c8d3a:192.168.164.246:38773, 69b47348-0b11-4d95-99f3-8184b6987aae:192.168.164.246:45541], old=null at 0
2019-11-08 14:19:55,026 [grpc-default-executor-4] INFO  impl.RaftServerImpl (RaftServerImpl.java:requestVote(776)) - 69b47348-0b11-4d95-99f3-8184b6987aae@group-E8A4E04EFEBF-   LEADER: Withhold vote from candidate 0c78ec67-b04a-4fd2-a463-b437dfcbb376 with term 1. State: leader=69b47348-0b11-4d95-99f3-8184b6987aae, term=1, lastRpcElapsed=null
2019-11-08 14:19:55,027 [grpc-default-executor-4] INFO  impl.RaftServerImpl (ServerState.java:setLeader(255)) - ae99e6be-c84a-4a9f-b357-947ef07c8d3a@group-E8A4E04EFEBF: change Leader from null to 69b47348-0b11-4d95-99f3-8184b6987aae at term 1 for appendEntries, leader elected after 5315ms
2019-11-08 14:19:55,027 [grpc-default-executor-3] INFO  impl.RaftServerImpl (RaftServerImpl.java:setRole(173)) - 0c78ec67-b04a-4fd2-a463-b437dfcbb376@group-E8A4E04EFEBF: changes role from CANDIDATE to FOLLOWER at term 1 for appendEntries
2019-11-08 14:19:55,027 [grpc-default-executor-3] INFO  impl.RoleInfo (RoleInfo.java:shutdownLeaderElection(134)) - 0c78ec67-b04a-4fd2-a463-b437dfcbb376: shutdown LeaderElection
2019-11-08 14:19:55,027 [0c78ec67-b04a-4fd2-a463-b437dfcbb376@group-E8A4E04EFEBF-LeaderElection14] INFO  impl.LeaderElection (LeaderElection.java:logAndReturn(56)) - 0c78ec67-b04a-4fd2-a463-b437dfcbb376@group-E8A4E04EFEBF-LeaderElection14: Election REJECTED; received 2 response(s) [0c78ec67-b04a-4fd2-a463-b437dfcbb376<-ae99e6be-c84a-4a9f-b357-947ef07c8d3a#0:FAIL-t1, 0c78ec67-b04a-4fd2-a463-b437dfcbb376<-69b47348-0b11-4d95-99f3-8184b6987aae#0:FAIL-t1] and 0 exception(s); 0c78ec67-b04a-4fd2-a463-b437dfcbb376@group-E8A4E04EFEBF:t1, leader=null, voted=0c78ec67-b04a-4fd2-a463-b437dfcbb376, raftlog=0c78ec67-b04a-4fd2-a463-b437dfcbb376@group-E8A4E04EFEBF-SegmentedRaftLog:OPENED:c-1,f-1,i0, conf=-1: [0c78ec67-b04a-4fd2-a463-b437dfcbb376:192.168.164.246:34008, ae99e6be-c84a-4a9f-b357-947ef07c8d3a:192.168.164.246:38773, 69b47348-0b11-4d95-99f3-8184b6987aae:192.168.164.246:45541], old=null
2019-11-08 14:19:55,028 [grpc-default-executor-3] INFO  impl.RoleInfo (RoleInfo.java:updateAndGet(143)) - 0c78ec67-b04a-4fd2-a463-b437dfcbb376: start FollowerState
2019-11-08 14:19:55,028 [grpc-default-executor-3] INFO  impl.RaftServerImpl (ServerState.java:setLeader(255)) - 0c78ec67-b04a-4fd2-a463-b437dfcbb376@group-E8A4E04EFEBF: change Leader from null to 69b47348-0b11-4d95-99f3-8184b6987aae at term 1 for appendEntries, leader elected after 5305ms
2019-11-08 14:19:55,029 [grpc-default-executor-3] INFO  impl.RaftServerImpl (ServerState.java:setRaftConf(356)) - ae99e6be-c84a-4a9f-b357-947ef07c8d3a@group-E8A4E04EFEBF: set configuration 0: [0c78ec67-b04a-4fd2-a463-b437dfcbb376:192.168.164.246:34008, ae99e6be-c84a-4a9f-b357-947ef07c8d3a:192.168.164.246:38773, 69b47348-0b11-4d95-99f3-8184b6987aae:192.168.164.246:45541], old=null at 0
2019-11-08 14:19:55,029 [grpc-default-executor-3] INFO  segmented.SegmentedRaftLogWorker (SegmentedRaftLogWorker.java:startLogSegment(385)) - ae99e6be-c84a-4a9f-b357-947ef07c8d3a@group-E8A4E04EFEBF-SegmentedRaftLogWorker: Starting segment from index:0
2019-11-08 14:19:55,030 [grpc-default-executor-4] INFO  impl.RaftServerImpl (ServerState.java:setRaftConf(356)) - 0c78ec67-b04a-4fd2-a463-b437dfcbb376@group-E8A4E04EFEBF: set configuration 0: [0c78ec67-b04a-4fd2-a463-b437dfcbb376:192.168.164.246:34008, ae99e6be-c84a-4a9f-b357-947ef07c8d3a:192.168.164.246:38773, 69b47348-0b11-4d95-99f3-8184b6987aae:192.168.164.246:45541], old=null at 0
2019-11-08 14:19:55,050 [grpc-default-executor-4] INFO  segmented.SegmentedRaftLogWorker (SegmentedRaftLogWorker.java:startLogSegment(385)) - 0c78ec67-b04a-4fd2-a463-b437dfcbb376@group-E8A4E04EFEBF-SegmentedRaftLogWorker: Starting segment from index:0
2019-11-08 14:19:55,062 [69b47348-0b11-4d95-99f3-8184b6987aae@group-E8A4E04EFEBF-SegmentedRaftLogWorker] INFO  segmented.SegmentedRaftLogWorker (SegmentedRaftLogWorker.java:execute(576)) - 69b47348-0b11-4d95-99f3-8184b6987aae@group-E8A4E04EFEBF-SegmentedRaftLogWorker: created new log segment /workdir/hadoop-ozone/tools/target/test-dir/MiniOzoneClusterImpl-629f59bc-3a02-4619-b8ec-4b1f5e0dfed1/datanode-0/data/ratis/9d96b092-2677-48ae-88ea-e8a4e04efebf/current/log_inprogress_0
2019-11-08 14:19:55,077 [0c78ec67-b04a-4fd2-a463-b437dfcbb376@group-E8A4E04EFEBF-SegmentedRaftLogWorker] INFO  segmented.SegmentedRaftLogWorker (SegmentedRaftLogWorker.java:execute(576)) - 0c78ec67-b04a-4fd2-a463-b437dfcbb376@group-E8A4E04EFEBF-SegmentedRaftLogWorker: created new log segment /workdir/hadoop-ozone/tools/target/test-dir/MiniOzoneClusterImpl-629f59bc-3a02-4619-b8ec-4b1f5e0dfed1/datanode-1/data/ratis/9d96b092-2677-48ae-88ea-e8a4e04efebf/current/log_inprogress_0
2019-11-08 14:19:55,084 [ae99e6be-c84a-4a9f-b357-947ef07c8d3a@group-E8A4E04EFEBF-SegmentedRaftLogWorker] INFO  segmented.SegmentedRaftLogWorker (SegmentedRaftLogWorker.java:execute(576)) - ae99e6be-c84a-4a9f-b357-947ef07c8d3a@group-E8A4E04EFEBF-SegmentedRaftLogWorker: created new log segment /workdir/hadoop-ozone/tools/target/test-dir/MiniOzoneClusterImpl-629f59bc-3a02-4619-b8ec-4b1f5e0dfed1/datanode-2/data/ratis/9d96b092-2677-48ae-88ea-e8a4e04efebf/current/log_inprogress_0
]]></system-out>
    <system-err><![CDATA[ERROR StatusLogger No Log4j 2 configuration file found. Using default configuration (logging only errors to the console), or user programmatically provided configurations. Set system property 'log4j2.debug' to show Log4j 2 internal initialization logging. See https://logging.apache.org/log4j/2.x/manual/configuration.html for instructions on how to configure Log4j 2
]]></system-err>
  </testcase>
</testsuite>