<?xml version="1.0" encoding="UTF-8"?>
<testsuite xmlns:xsi="http://www.w3.org/2001/XMLSchema-instance" xsi:noNamespaceSchemaLocation="https://maven.apache.org/surefire/maven-surefire-plugin/xsd/surefire-test-report.xsd" name="org.apache.hadoop.ozone.client.rpc.TestFailureHandlingByClient" time="335.999" tests="5" errors="2" skipped="0" failures="0">
  <properties>
    <property name="awt.toolkit" value="sun.awt.X11.XToolkit"/>
    <property name="file.encoding.pkg" value="sun.io"/>
    <property name="java.specification.version" value="1.8"/>
    <property name="sun.cpu.isalist" value=""/>
    <property name="sun.jnu.encoding" value="ANSI_X3.4-1968"/>
    <property name="java.class.path" value="/workdir/hadoop-ozone/integration-test/target/test-classes:/workdir/hadoop-ozone/integration-test/target/classes:/home/user/.m2/repository/org/apache/hadoop/hadoop-ozone-common/0.5.0-SNAPSHOT/hadoop-ozone-common-0.5.0-SNAPSHOT.jar:/home/user/.m2/repository/org/apache/commons/commons-compress/1.4.1/commons-compress-1.4.1.jar:/home/user/.m2/repository/org/tukaani/xz/1.0/xz-1.0.jar:/home/user/.m2/repository/org/apache/hadoop/hadoop-common/3.2.0/hadoop-common-3.2.0.jar:/home/user/.m2/repository/org/apache/hadoop/hadoop-hdfs/3.2.0/hadoop-hdfs-3.2.0.jar:/home/user/.m2/repository/org/apache/hadoop/hadoop-hdfs-client/3.2.0/hadoop-hdfs-client-3.2.0.jar:/home/user/.m2/repository/com/fasterxml/jackson/core/jackson-annotations/2.9.9/jackson-annotations-2.9.9.jar:/home/user/.m2/repository/org/apache/hadoop/hadoop-hdds-common/0.5.0-SNAPSHOT/hadoop-hdds-common-0.5.0-SNAPSHOT.jar:/home/user/.m2/repository/javax/annotation/javax.annotation-api/1.2/javax.annotation-api-1.2.jar:/home/user/.m2/repository/org/apache/ratis/ratis-server/0.5.0-d6d58d0-SNAPSHOT/ratis-server-0.5.0-d6d58d0-SNAPSHOT.jar:/home/user/.m2/repository/org/apache/ratis/ratis-thirdparty-misc/0.2.0/ratis-thirdparty-misc-0.2.0.jar:/home/user/.m2/repository/org/apache/ratis/ratis-proto/0.5.0-d6d58d0-SNAPSHOT/ratis-proto-0.5.0-d6d58d0-SNAPSHOT.jar:/home/user/.m2/repository/org/apache/ratis/ratis-common/0.5.0-d6d58d0-SNAPSHOT/ratis-common-0.5.0-d6d58d0-SNAPSHOT.jar:/home/user/.m2/repository/org/apache/ratis/ratis-client/0.5.0-d6d58d0-SNAPSHOT/ratis-client-0.5.0-d6d58d0-SNAPSHOT.jar:/home/user/.m2/repository/org/apache/ratis/ratis-metrics/0.5.0-d6d58d0-SNAPSHOT/ratis-metrics-0.5.0-d6d58d0-SNAPSHOT.jar:/home/user/.m2/repository/org/apache/ratis/ratis-netty/0.5.0-d6d58d0-SNAPSHOT/ratis-netty-0.5.0-d6d58d0-SNAPSHOT.jar:/home/user/.m2/repository/org/apache/ratis/ratis-grpc/0.5.0-d6d58d0-SNAPSHOT/ratis-grpc-0.5.0-d6d58d0-SNAPSHOT.jar:/home/user/.m2/repository/org/rocksdb/rocksdbjni/6.0.1/rocksdbjni-6.0.1.jar:/home/user/.m2/repository/org/apache/logging/log4j/log4j-api/2.11.0/log4j-api-2.11.0.jar:/home/user/.m2/repository/org/apache/logging/log4j/log4j-core/2.11.0/log4j-core-2.11.0.jar:/home/user/.m2/repository/com/lmax/disruptor/3.4.2/disruptor-3.4.2.jar:/home/user/.m2/repository/org/apache/commons/commons-pool2/2.6.0/commons-pool2-2.6.0.jar:/home/user/.m2/repository/org/bouncycastle/bcpkix-jdk15on/1.60/bcpkix-jdk15on-1.60.jar:/home/user/.m2/repository/commons-validator/commons-validator/1.6/commons-validator-1.6.jar:/home/user/.m2/repository/commons-digester/commons-digester/1.8.1/commons-digester-1.8.1.jar:/home/user/.m2/repository/io/jaegertracing/jaeger-client/0.34.0/jaeger-client-0.34.0.jar:/home/user/.m2/repository/io/jaegertracing/jaeger-thrift/0.34.0/jaeger-thrift-0.34.0.jar:/home/user/.m2/repository/org/apache/thrift/libthrift/0.12.0/libthrift-0.12.0.jar:/home/user/.m2/repository/com/squareup/okhttp3/okhttp/3.9.0/okhttp-3.9.0.jar:/home/user/.m2/repository/com/squareup/okio/okio/1.13.0/okio-1.13.0.jar:/home/user/.m2/repository/io/jaegertracing/jaeger-core/0.34.0/jaeger-core-0.34.0.jar:/home/user/.m2/repository/io/jaegertracing/jaeger-tracerresolver/0.34.0/jaeger-tracerresolver-0.34.0.jar:/home/user/.m2/repository/io/opentracing/contrib/opentracing-tracerresolver/0.1.5/opentracing-tracerresolver-0.1.5.jar:/home/user/.m2/repository/io/opentracing/opentracing-util/0.31.0/opentracing-util-0.31.0.jar:/home/user/.m2/repository/io/opentracing/opentracing-api/0.31.0/opentracing-api-0.31.0.jar:/home/user/.m2/repository/io/opentracing/opentracing-noop/0.31.0/opentracing-noop-0.31.0.jar:/home/user/.m2/repository/org/apache/hadoop/hadoop-hdds-server-framework/0.5.0-SNAPSHOT/hadoop-hdds-server-framework-0.5.0-SNAPSHOT.jar:/home/user/.m2/repository/org/apache/hadoop/hadoop-hdds-container-service/0.5.0-SNAPSHOT/hadoop-hdds-container-service-0.5.0-SNAPSHOT.jar:/home/user/.m2/repository/org/apache/hadoop/hadoop-hdds-client/0.5.0-SNAPSHOT/hadoop-hdds-client-0.5.0-SNAPSHOT.jar:/home/user/.m2/repository/org/apache/hadoop/hadoop-hdds-tools/0.5.0-SNAPSHOT/hadoop-hdds-tools-0.5.0-SNAPSHOT.jar:/home/user/.m2/repository/org/apache/hadoop/hadoop-hdds-server-scm/0.5.0-SNAPSHOT/hadoop-hdds-server-scm-0.5.0-SNAPSHOT.jar:/home/user/.m2/repository/org/apache/hadoop/hadoop-hdds-docs/0.5.0-SNAPSHOT/hadoop-hdds-docs-0.5.0-SNAPSHOT.jar:/home/user/.m2/repository/io/dropwizard/metrics/metrics-core/3.2.4/metrics-core-3.2.4.jar:/home/user/.m2/repository/org/hamcrest/hamcrest-all/1.3/hamcrest-all-1.3.jar:/home/user/.m2/repository/org/bouncycastle/bcprov-jdk15on/1.60/bcprov-jdk15on-1.60.jar:/home/user/.m2/repository/info/picocli/picocli/3.9.6/picocli-3.9.6.jar:/home/user/.m2/repository/com/google/protobuf/protobuf-java/2.5.0/protobuf-java-2.5.0.jar:/home/user/.m2/repository/com/google/guava/guava/11.0.2/guava-11.0.2.jar:/home/user/.m2/repository/org/apache/hadoop/hadoop-ozone-ozone-manager/0.5.0-SNAPSHOT/hadoop-ozone-ozone-manager-0.5.0-SNAPSHOT.jar:/home/user/.m2/repository/org/apache/hadoop/hadoop-minikdc/3.2.0/hadoop-minikdc-3.2.0.jar:/home/user/.m2/repository/commons-io/commons-io/2.5/commons-io-2.5.jar:/home/user/.m2/repository/org/apache/kerby/kerb-simplekdc/1.0.1/kerb-simplekdc-1.0.1.jar:/home/user/.m2/repository/org/apache/kerby/kerb-client/1.0.1/kerb-client-1.0.1.jar:/home/user/.m2/repository/org/apache/kerby/kerby-config/1.0.1/kerby-config-1.0.1.jar:/home/user/.m2/repository/org/apache/kerby/kerb-core/1.0.1/kerb-core-1.0.1.jar:/home/user/.m2/repository/org/apache/kerby/kerby-pkix/1.0.1/kerby-pkix-1.0.1.jar:/home/user/.m2/repository/org/apache/kerby/kerby-asn1/1.0.1/kerby-asn1-1.0.1.jar:/home/user/.m2/repository/org/apache/kerby/kerby-util/1.0.1/kerby-util-1.0.1.jar:/home/user/.m2/repository/org/apache/kerby/kerb-common/1.0.1/kerb-common-1.0.1.jar:/home/user/.m2/repository/org/apache/kerby/kerb-crypto/1.0.1/kerb-crypto-1.0.1.jar:/home/user/.m2/repository/org/apache/kerby/kerb-util/1.0.1/kerb-util-1.0.1.jar:/home/user/.m2/repository/org/apache/kerby/token-provider/1.0.1/token-provider-1.0.1.jar:/home/user/.m2/repository/org/apache/kerby/kerb-admin/1.0.1/kerb-admin-1.0.1.jar:/home/user/.m2/repository/org/apache/kerby/kerb-server/1.0.1/kerb-server-1.0.1.jar:/home/user/.m2/repository/org/apache/kerby/kerb-identity/1.0.1/kerb-identity-1.0.1.jar:/home/user/.m2/repository/org/apache/kerby/kerby-xdr/1.0.1/kerby-xdr-1.0.1.jar:/home/user/.m2/repository/org/slf4j/slf4j-log4j12/1.7.25/slf4j-log4j12-1.7.25.jar:/home/user/.m2/repository/org/apache/hadoop/hadoop-ozone-s3gateway/0.5.0-SNAPSHOT/hadoop-ozone-s3gateway-0.5.0-SNAPSHOT.jar:/home/user/.m2/repository/org/jboss/weld/servlet/weld-servlet/2.4.7.Final/weld-servlet-2.4.7.Final.jar:/home/user/.m2/repository/org/glassfish/jersey/containers/jersey-container-servlet-core/2.27/jersey-container-servlet-core-2.27.jar:/home/user/.m2/repository/org/glassfish/hk2/external/javax.inject/2.5.0-b42/javax.inject-2.5.0-b42.jar:/home/user/.m2/repository/org/glassfish/jersey/core/jersey-common/2.27/jersey-common-2.27.jar:/home/user/.m2/repository/org/glassfish/hk2/osgi-resource-locator/1.0.1/osgi-resource-locator-1.0.1.jar:/home/user/.m2/repository/javax/ws/rs/javax.ws.rs-api/2.1/javax.ws.rs-api-2.1.jar:/home/user/.m2/repository/org/glassfish/jersey/ext/cdi/jersey-cdi1x/2.27/jersey-cdi1x-2.27.jar:/home/user/.m2/repository/org/glassfish/jersey/inject/jersey-hk2/2.27/jersey-hk2-2.27.jar:/home/user/.m2/repository/org/glassfish/hk2/hk2-locator/2.5.0-b42/hk2-locator-2.5.0-b42.jar:/home/user/.m2/repository/org/javassist/javassist/3.22.0-CR2/javassist-3.22.0-CR2.jar:/home/user/.m2/repository/org/glassfish/hk2/hk2-api/2.5.0/hk2-api-2.5.0.jar:/home/user/.m2/repository/org/glassfish/hk2/external/jakarta.inject/2.5.0/jakarta.inject-2.5.0.jar:/home/user/.m2/repository/org/glassfish/hk2/hk2-utils/2.5.0/hk2-utils-2.5.0.jar:/home/user/.m2/repository/jakarta/annotation/jakarta.annotation-api/1.3.4/jakarta.annotation-api-1.3.4.jar:/home/user/.m2/repository/org/glassfish/hk2/external/aopalliance-repackaged/2.5.0/aopalliance-repackaged-2.5.0.jar:/home/user/.m2/repository/com/fasterxml/jackson/dataformat/jackson-dataformat-xml/2.9.0/jackson-dataformat-xml-2.9.0.jar:/home/user/.m2/repository/com/fasterxml/jackson/core/jackson-core/2.9.9/jackson-core-2.9.9.jar:/home/user/.m2/repository/com/fasterxml/jackson/module/jackson-module-jaxb-annotations/2.9.9/jackson-module-jaxb-annotations-2.9.9.jar:/home/user/.m2/repository/javax/enterprise/cdi-api/1.2/cdi-api-1.2.jar:/home/user/.m2/repository/javax/el/javax.el-api/3.0.0/javax.el-api-3.0.0.jar:/home/user/.m2/repository/javax/interceptor/javax.interceptor-api/1.2/javax.interceptor-api-1.2.jar:/home/user/.m2/repository/javax/inject/javax.inject/1/javax.inject-1.jar:/home/user/.m2/repository/com/sun/xml/bind/jaxb-impl/2.3.0.1/jaxb-impl-2.3.0.1.jar:/home/user/.m2/repository/com/sun/xml/bind/jaxb-core/2.3.0.1/jaxb-core-2.3.0.1.jar:/home/user/.m2/repository/javax/xml/bind/jaxb-api/2.3.0/jaxb-api-2.3.0.jar:/home/user/.m2/repository/javax/activation/activation/1.1.1/activation-1.1.1.jar:/home/user/.m2/repository/org/apache/hadoop/hadoop-ozone-csi/0.5.0-SNAPSHOT/hadoop-ozone-csi-0.5.0-SNAPSHOT.jar:/home/user/.m2/repository/com/google/protobuf/protobuf-java-util/3.5.1/protobuf-java-util-3.5.1.jar:/home/user/.m2/repository/org/apache/hadoop/hadoop-hdds-config/0.5.0-SNAPSHOT/hadoop-hdds-config-0.5.0-SNAPSHOT.jar:/home/user/.m2/repository/io/grpc/grpc-netty/1.17.1/grpc-netty-1.17.1.jar:/home/user/.m2/repository/io/grpc/grpc-core/1.17.1/grpc-core-1.17.1.jar:/home/user/.m2/repository/io/grpc/grpc-context/1.17.1/grpc-context-1.17.1.jar:/home/user/.m2/repository/com/google/errorprone/error_prone_annotations/2.2.0/error_prone_annotations-2.2.0.jar:/home/user/.m2/repository/org/codehaus/mojo/animal-sniffer-annotations/1.17/animal-sniffer-annotations-1.17.jar:/home/user/.m2/repository/io/opencensus/opencensus-api/0.17.0/opencensus-api-0.17.0.jar:/home/user/.m2/repository/io/opencensus/opencensus-contrib-grpc-metrics/0.17.0/opencensus-contrib-grpc-metrics-0.17.0.jar:/home/user/.m2/repository/io/netty/netty-codec-http2/4.1.30.Final/netty-codec-http2-4.1.30.Final.jar:/home/user/.m2/repository/io/netty/netty-codec-http/4.1.30.Final/netty-codec-http-4.1.30.Final.jar:/home/user/.m2/repository/io/netty/netty-codec/4.1.30.Final/netty-codec-4.1.30.Final.jar:/home/user/.m2/repository/io/netty/netty-handler/4.1.30.Final/netty-handler-4.1.30.Final.jar:/home/user/.m2/repository/io/netty/netty-handler-proxy/4.1.30.Final/netty-handler-proxy-4.1.30.Final.jar:/home/user/.m2/repository/io/netty/netty-codec-socks/4.1.30.Final/netty-codec-socks-4.1.30.Final.jar:/home/user/.m2/repository/io/netty/netty-transport-native-epoll/4.1.30.Final/netty-transport-native-epoll-4.1.30.Final.jar:/home/user/.m2/repository/io/netty/netty-common/4.1.30.Final/netty-common-4.1.30.Final.jar:/home/user/.m2/repository/io/netty/netty-buffer/4.1.30.Final/netty-buffer-4.1.30.Final.jar:/home/user/.m2/repository/io/netty/netty-transport/4.1.30.Final/netty-transport-4.1.30.Final.jar:/home/user/.m2/repository/io/netty/netty-resolver/4.1.30.Final/netty-resolver-4.1.30.Final.jar:/home/user/.m2/repository/io/netty/netty-transport-native-unix-common/4.1.30.Final/netty-transport-native-unix-common-4.1.30.Final.jar:/home/user/.m2/repository/io/grpc/grpc-protobuf/1.17.1/grpc-protobuf-1.17.1.jar:/home/user/.m2/repository/com/google/api/grpc/proto-google-common-protos/1.0.0/proto-google-common-protos-1.0.0.jar:/home/user/.m2/repository/io/grpc/grpc-protobuf-lite/1.17.1/grpc-protobuf-lite-1.17.1.jar:/home/user/.m2/repository/io/grpc/grpc-stub/1.17.1/grpc-stub-1.17.1.jar:/home/user/.m2/repository/org/apache/hadoop/hadoop-ozone-recon/0.5.0-SNAPSHOT/hadoop-ozone-recon-0.5.0-SNAPSHOT.jar:/home/user/.m2/repository/org/apache/hadoop/hadoop-ozone-reconcodegen/0.5.0-SNAPSHOT/hadoop-ozone-reconcodegen-0.5.0-SNAPSHOT.jar:/home/user/.m2/repository/com/google/inject/extensions/guice-multibindings/4.0/guice-multibindings-4.0.jar:/home/user/.m2/repository/com/google/inject/guice/4.0/guice-4.0.jar:/home/user/.m2/repository/aopalliance/aopalliance/1.0/aopalliance-1.0.jar:/home/user/.m2/repository/com/google/inject/extensions/guice-servlet/4.0/guice-servlet-4.0.jar:/home/user/.m2/repository/org/glassfish/jersey/containers/jersey-container-servlet/2.27/jersey-container-servlet-2.27.jar:/home/user/.m2/repository/org/glassfish/hk2/guice-bridge/2.5.0/guice-bridge-2.5.0.jar:/home/user/.m2/repository/org/glassfish/jersey/core/jersey-server/2.27/jersey-server-2.27.jar:/home/user/.m2/repository/org/glassfish/jersey/core/jersey-client/2.27/jersey-client-2.27.jar:/home/user/.m2/repository/org/glassfish/jersey/media/jersey-media-jaxb/2.27/jersey-media-jaxb-2.27.jar:/home/user/.m2/repository/javax/validation/validation-api/1.1.0.Final/validation-api-1.1.0.Final.jar:/home/user/.m2/repository/org/glassfish/jersey/media/jersey-media-json-jackson/2.27/jersey-media-json-jackson-2.27.jar:/home/user/.m2/repository/org/glassfish/jersey/ext/jersey-entity-filtering/2.27/jersey-entity-filtering-2.27.jar:/home/user/.m2/repository/com/google/inject/extensions/guice-assistedinject/4.0/guice-assistedinject-4.0.jar:/home/user/.m2/repository/org/jooq/jooq/3.11.10/jooq-3.11.10.jar:/home/user/.m2/repository/org/jooq/jooq-meta/3.11.10/jooq-meta-3.11.10.jar:/home/user/.m2/repository/org/jooq/jooq-codegen/3.11.10/jooq-codegen-3.11.10.jar:/home/user/.m2/repository/com/jolbox/bonecp/0.8.0.RELEASE/bonecp-0.8.0.RELEASE.jar:/home/user/.m2/repository/org/xerial/sqlite-jdbc/3.25.2/sqlite-jdbc-3.25.2.jar:/home/user/.m2/repository/org/springframework/spring-jdbc/5.1.3.RELEASE/spring-jdbc-5.1.3.RELEASE.jar:/home/user/.m2/repository/org/springframework/spring-beans/5.1.3.RELEASE/spring-beans-5.1.3.RELEASE.jar:/home/user/.m2/repository/org/springframework/spring-core/5.1.3.RELEASE/spring-core-5.1.3.RELEASE.jar:/home/user/.m2/repository/org/springframework/spring-jcl/5.1.3.RELEASE/spring-jcl-5.1.3.RELEASE.jar:/home/user/.m2/repository/org/springframework/spring-tx/5.1.3.RELEASE/spring-tx-5.1.3.RELEASE.jar:/home/user/.m2/repository/org/apache/hadoop/hadoop-ozone-client/0.5.0-SNAPSHOT/hadoop-ozone-client-0.5.0-SNAPSHOT.jar:/home/user/.m2/repository/commons-lang/commons-lang/2.6/commons-lang-2.6.jar:/home/user/.m2/repository/org/apache/hadoop/hadoop-ozone-ozone-manager/0.5.0-SNAPSHOT/hadoop-ozone-ozone-manager-0.5.0-SNAPSHOT-tests.jar:/home/user/.m2/repository/junit/junit/4.11/junit-4.11.jar:/home/user/.m2/repository/org/hamcrest/hamcrest-core/1.3/hamcrest-core-1.3.jar:/home/user/.m2/repository/org/openjdk/jmh/jmh-core/1.19/jmh-core-1.19.jar:/home/user/.m2/repository/net/sf/jopt-simple/jopt-simple/4.6/jopt-simple-4.6.jar:/home/user/.m2/repository/org/apache/commons/commons-math3/3.1.1/commons-math3-3.1.1.jar:/home/user/.m2/repository/org/openjdk/jmh/jmh-generator-annprocess/1.19/jmh-generator-annprocess-1.19.jar:/home/user/.m2/repository/org/mockito/mockito-all/1.8.5/mockito-all-1.8.5.jar:/home/user/.m2/repository/org/apache/hadoop/hadoop-kms/3.2.0/hadoop-kms-3.2.0.jar:/home/user/.m2/repository/org/apache/hadoop/hadoop-auth/3.2.0/hadoop-auth-3.2.0.jar:/home/user/.m2/repository/com/nimbusds/nimbus-jose-jwt/4.41.1/nimbus-jose-jwt-4.41.1.jar:/home/user/.m2/repository/com/github/stephenc/jcip/jcip-annotations/1.0-1/jcip-annotations-1.0-1.jar:/home/user/.m2/repository/net/minidev/json-smart/2.3/json-smart-2.3.jar:/home/user/.m2/repository/net/minidev/accessors-smart/1.2/accessors-smart-1.2.jar:/home/user/.m2/repository/org/ow2/asm/asm/5.0.4/asm-5.0.4.jar:/home/user/.m2/repository/org/apache/curator/curator-framework/2.12.0/curator-framework-2.12.0.jar:/home/user/.m2/repository/com/sun/jersey/jersey-core/1.19/jersey-core-1.19.jar:/home/user/.m2/repository/javax/ws/rs/jsr311-api/1.1.1/jsr311-api-1.1.1.jar:/home/user/.m2/repository/com/sun/jersey/jersey-server/1.19/jersey-server-1.19.jar:/home/user/.m2/repository/javax/servlet/javax.servlet-api/3.1.0/javax.servlet-api-3.1.0.jar:/home/user/.m2/repository/org/eclipse/jetty/jetty-server/9.3.25.v20180904/jetty-server-9.3.25.v20180904.jar:/home/user/.m2/repository/org/eclipse/jetty/jetty-http/9.3.25.v20180904/jetty-http-9.3.25.v20180904.jar:/home/user/.m2/repository/org/eclipse/jetty/jetty-io/9.3.25.v20180904/jetty-io-9.3.25.v20180904.jar:/home/user/.m2/repository/org/eclipse/jetty/jetty-webapp/9.3.25.v20180904/jetty-webapp-9.3.25.v20180904.jar:/home/user/.m2/repository/org/eclipse/jetty/jetty-xml/9.3.25.v20180904/jetty-xml-9.3.25.v20180904.jar:/home/user/.m2/repository/log4j/log4j/1.2.17/log4j-1.2.17.jar:/home/user/.m2/repository/org/slf4j/slf4j-api/1.7.25/slf4j-api-1.7.25.jar:/home/user/.m2/repository/org/slf4j/jul-to-slf4j/1.7.25/jul-to-slf4j-1.7.25.jar:/home/user/.m2/repository/org/eclipse/jetty/jetty-util/9.3.25.v20180904/jetty-util-9.3.25.v20180904.jar:/home/user/.m2/repository/com/fasterxml/jackson/core/jackson-databind/2.9.9/jackson-databind-2.9.9.jar:/home/user/.m2/repository/org/apache/hadoop/hadoop-kms/3.2.0/hadoop-kms-3.2.0-tests.jar:/home/user/.m2/repository/org/apache/hadoop/hadoop-hdds-server-scm/0.5.0-SNAPSHOT/hadoop-hdds-server-scm-0.5.0-SNAPSHOT-tests.jar:/home/user/.m2/repository/org/apache/hadoop/hadoop-hdds-container-service/0.5.0-SNAPSHOT/hadoop-hdds-container-service-0.5.0-SNAPSHOT-tests.jar:/home/user/.m2/repository/org/yaml/snakeyaml/1.16/snakeyaml-1.16.jar:/home/user/.m2/repository/org/apache/hadoop/hadoop-common/3.2.0/hadoop-common-3.2.0-tests.jar:/home/user/.m2/repository/org/apache/hadoop/hadoop-annotations/3.2.0/hadoop-annotations-3.2.0.jar:/usr/lib/jvm/java-1.8.0-openjdk-1.8.0.222.b10-1.el7_7.x86_64/jre/../lib/tools.jar:/home/user/.m2/repository/commons-cli/commons-cli/1.2/commons-cli-1.2.jar:/home/user/.m2/repository/org/apache/httpcomponents/httpclient/4.5.2/httpclient-4.5.2.jar:/home/user/.m2/repository/org/apache/httpcomponents/httpcore/4.4.4/httpcore-4.4.4.jar:/home/user/.m2/repository/commons-codec/commons-codec/1.11/commons-codec-1.11.jar:/home/user/.m2/repository/commons-net/commons-net/3.6/commons-net-3.6.jar:/home/user/.m2/repository/commons-collections/commons-collections/3.2.2/commons-collections-3.2.2.jar:/home/user/.m2/repository/org/eclipse/jetty/jetty-servlet/9.3.25.v20180904/jetty-servlet-9.3.25.v20180904.jar:/home/user/.m2/repository/org/eclipse/jetty/jetty-security/9.3.25.v20180904/jetty-security-9.3.25.v20180904.jar:/home/user/.m2/repository/javax/servlet/jsp/jsp-api/2.1/jsp-api-2.1.jar:/home/user/.m2/repository/com/sun/jersey/jersey-servlet/1.19/jersey-servlet-1.19.jar:/home/user/.m2/repository/com/sun/jersey/jersey-json/1.19/jersey-json-1.19.jar:/home/user/.m2/repository/org/codehaus/jettison/jettison/1.1/jettison-1.1.jar:/home/user/.m2/repository/org/codehaus/jackson/jackson-core-asl/1.9.13/jackson-core-asl-1.9.13.jar:/home/user/.m2/repository/org/codehaus/jackson/jackson-mapper-asl/1.9.13/jackson-mapper-asl-1.9.13.jar:/home/user/.m2/repository/org/codehaus/jackson/jackson-jaxrs/1.9.13/jackson-jaxrs-1.9.13.jar:/home/user/.m2/repository/org/codehaus/jackson/jackson-xc/1.9.13/jackson-xc-1.9.13.jar:/home/user/.m2/repository/commons-logging/commons-logging/1.1.3/commons-logging-1.1.3.jar:/home/user/.m2/repository/commons-beanutils/commons-beanutils/1.9.4/commons-beanutils-1.9.4.jar:/home/user/.m2/repository/org/apache/commons/commons-configuration2/2.1.1/commons-configuration2-2.1.1.jar:/home/user/.m2/repository/org/apache/commons/commons-lang3/3.7/commons-lang3-3.7.jar:/home/user/.m2/repository/org/apache/commons/commons-text/1.4/commons-text-1.4.jar:/home/user/.m2/repository/org/apache/avro/avro/1.7.7/avro-1.7.7.jar:/home/user/.m2/repository/com/thoughtworks/paranamer/paranamer/2.3/paranamer-2.3.jar:/home/user/.m2/repository/org/xerial/snappy/snappy-java/1.0.5/snappy-java-1.0.5.jar:/home/user/.m2/repository/com/google/re2j/re2j/1.1/re2j-1.1.jar:/home/user/.m2/repository/com/google/code/gson/gson/2.2.4/gson-2.2.4.jar:/home/user/.m2/repository/com/jcraft/jsch/0.1.54/jsch-0.1.54.jar:/home/user/.m2/repository/org/apache/curator/curator-client/2.12.0/curator-client-2.12.0.jar:/home/user/.m2/repository/org/apache/curator/curator-recipes/2.12.0/curator-recipes-2.12.0.jar:/home/user/.m2/repository/com/google/code/findbugs/jsr305/3.0.0/jsr305-3.0.0.jar:/home/user/.m2/repository/org/apache/htrace/htrace-core4/4.1.0-incubating/htrace-core4-4.1.0-incubating.jar:/home/user/.m2/repository/org/apache/zookeeper/zookeeper/3.4.13/zookeeper-3.4.13.jar:/home/user/.m2/repository/jline/jline/0.9.94/jline-0.9.94.jar:/home/user/.m2/repository/org/apache/yetus/audience-annotations/0.5.0/audience-annotations-0.5.0.jar:/home/user/.m2/repository/org/codehaus/woodstox/stax2-api/3.1.4/stax2-api-3.1.4.jar:/home/user/.m2/repository/com/fasterxml/woodstox/woodstox-core/5.0.3/woodstox-core-5.0.3.jar:/home/user/.m2/repository/dnsjava/dnsjava/2.1.7/dnsjava-2.1.7.jar:/home/user/.m2/repository/org/apache/hadoop/hadoop-hdfs/3.2.0/hadoop-hdfs-3.2.0-tests.jar:/home/user/.m2/repository/org/eclipse/jetty/jetty-util-ajax/9.3.25.v20180904/jetty-util-ajax-9.3.25.v20180904.jar:/home/user/.m2/repository/commons-daemon/commons-daemon/1.0.13/commons-daemon-1.0.13.jar:/home/user/.m2/repository/io/netty/netty/3.10.5.Final/netty-3.10.5.Final.jar:/home/user/.m2/repository/io/netty/netty-all/4.0.52.Final/netty-all-4.0.52.Final.jar:/home/user/.m2/repository/org/fusesource/leveldbjni/leveldbjni-all/1.8/leveldbjni-all-1.8.jar:"/>
    <property name="java.vm.vendor" value="Oracle Corporation"/>
    <property name="sun.arch.data.model" value="64"/>
    <property name="test.build.dir" value="/workdir/hadoop-ozone/integration-test/target/test-dir"/>
    <property name="test.cache.data" value=""/>
    <property name="java.vendor.url" value="http://java.oracle.com/"/>
    <property name="user.timezone" value=""/>
    <property name="java.vm.specification.version" value="1.8"/>
    <property name="os.name" value="Linux"/>
    <property name="test.build.data" value="/workdir/hadoop-ozone/integration-test/target/test-dir"/>
    <property name="user.country" value="US"/>
    <property name="sun.java.launcher" value="SUN_STANDARD"/>
    <property name="sun.boot.library.path" value="/usr/lib/jvm/java-1.8.0-openjdk-1.8.0.222.b10-1.el7_7.x86_64/jre/lib/amd64"/>
    <property name="sun.java.command" value="/workdir/hadoop-ozone/integration-test/target/surefire/surefirebooter8711759618584881244.jar /workdir/hadoop-ozone/integration-test/target/surefire 2019-11-14T19-22-37_614-jvmRun1 surefire2340182409597361160tmp surefire_343933066426109935913tmp"/>
    <property name="surefire.test.class.path" value="/workdir/hadoop-ozone/integration-test/target/test-classes:/workdir/hadoop-ozone/integration-test/target/classes:/home/user/.m2/repository/org/apache/hadoop/hadoop-ozone-common/0.5.0-SNAPSHOT/hadoop-ozone-common-0.5.0-SNAPSHOT.jar:/home/user/.m2/repository/org/apache/commons/commons-compress/1.4.1/commons-compress-1.4.1.jar:/home/user/.m2/repository/org/tukaani/xz/1.0/xz-1.0.jar:/home/user/.m2/repository/org/apache/hadoop/hadoop-common/3.2.0/hadoop-common-3.2.0.jar:/home/user/.m2/repository/org/apache/hadoop/hadoop-hdfs/3.2.0/hadoop-hdfs-3.2.0.jar:/home/user/.m2/repository/org/apache/hadoop/hadoop-hdfs-client/3.2.0/hadoop-hdfs-client-3.2.0.jar:/home/user/.m2/repository/com/fasterxml/jackson/core/jackson-annotations/2.9.9/jackson-annotations-2.9.9.jar:/home/user/.m2/repository/org/apache/hadoop/hadoop-hdds-common/0.5.0-SNAPSHOT/hadoop-hdds-common-0.5.0-SNAPSHOT.jar:/home/user/.m2/repository/javax/annotation/javax.annotation-api/1.2/javax.annotation-api-1.2.jar:/home/user/.m2/repository/org/apache/ratis/ratis-server/0.5.0-d6d58d0-SNAPSHOT/ratis-server-0.5.0-d6d58d0-SNAPSHOT.jar:/home/user/.m2/repository/org/apache/ratis/ratis-thirdparty-misc/0.2.0/ratis-thirdparty-misc-0.2.0.jar:/home/user/.m2/repository/org/apache/ratis/ratis-proto/0.5.0-d6d58d0-SNAPSHOT/ratis-proto-0.5.0-d6d58d0-SNAPSHOT.jar:/home/user/.m2/repository/org/apache/ratis/ratis-common/0.5.0-d6d58d0-SNAPSHOT/ratis-common-0.5.0-d6d58d0-SNAPSHOT.jar:/home/user/.m2/repository/org/apache/ratis/ratis-client/0.5.0-d6d58d0-SNAPSHOT/ratis-client-0.5.0-d6d58d0-SNAPSHOT.jar:/home/user/.m2/repository/org/apache/ratis/ratis-metrics/0.5.0-d6d58d0-SNAPSHOT/ratis-metrics-0.5.0-d6d58d0-SNAPSHOT.jar:/home/user/.m2/repository/org/apache/ratis/ratis-netty/0.5.0-d6d58d0-SNAPSHOT/ratis-netty-0.5.0-d6d58d0-SNAPSHOT.jar:/home/user/.m2/repository/org/apache/ratis/ratis-grpc/0.5.0-d6d58d0-SNAPSHOT/ratis-grpc-0.5.0-d6d58d0-SNAPSHOT.jar:/home/user/.m2/repository/org/rocksdb/rocksdbjni/6.0.1/rocksdbjni-6.0.1.jar:/home/user/.m2/repository/org/apache/logging/log4j/log4j-api/2.11.0/log4j-api-2.11.0.jar:/home/user/.m2/repository/org/apache/logging/log4j/log4j-core/2.11.0/log4j-core-2.11.0.jar:/home/user/.m2/repository/com/lmax/disruptor/3.4.2/disruptor-3.4.2.jar:/home/user/.m2/repository/org/apache/commons/commons-pool2/2.6.0/commons-pool2-2.6.0.jar:/home/user/.m2/repository/org/bouncycastle/bcpkix-jdk15on/1.60/bcpkix-jdk15on-1.60.jar:/home/user/.m2/repository/commons-validator/commons-validator/1.6/commons-validator-1.6.jar:/home/user/.m2/repository/commons-digester/commons-digester/1.8.1/commons-digester-1.8.1.jar:/home/user/.m2/repository/io/jaegertracing/jaeger-client/0.34.0/jaeger-client-0.34.0.jar:/home/user/.m2/repository/io/jaegertracing/jaeger-thrift/0.34.0/jaeger-thrift-0.34.0.jar:/home/user/.m2/repository/org/apache/thrift/libthrift/0.12.0/libthrift-0.12.0.jar:/home/user/.m2/repository/com/squareup/okhttp3/okhttp/3.9.0/okhttp-3.9.0.jar:/home/user/.m2/repository/com/squareup/okio/okio/1.13.0/okio-1.13.0.jar:/home/user/.m2/repository/io/jaegertracing/jaeger-core/0.34.0/jaeger-core-0.34.0.jar:/home/user/.m2/repository/io/jaegertracing/jaeger-tracerresolver/0.34.0/jaeger-tracerresolver-0.34.0.jar:/home/user/.m2/repository/io/opentracing/contrib/opentracing-tracerresolver/0.1.5/opentracing-tracerresolver-0.1.5.jar:/home/user/.m2/repository/io/opentracing/opentracing-util/0.31.0/opentracing-util-0.31.0.jar:/home/user/.m2/repository/io/opentracing/opentracing-api/0.31.0/opentracing-api-0.31.0.jar:/home/user/.m2/repository/io/opentracing/opentracing-noop/0.31.0/opentracing-noop-0.31.0.jar:/home/user/.m2/repository/org/apache/hadoop/hadoop-hdds-server-framework/0.5.0-SNAPSHOT/hadoop-hdds-server-framework-0.5.0-SNAPSHOT.jar:/home/user/.m2/repository/org/apache/hadoop/hadoop-hdds-container-service/0.5.0-SNAPSHOT/hadoop-hdds-container-service-0.5.0-SNAPSHOT.jar:/home/user/.m2/repository/org/apache/hadoop/hadoop-hdds-client/0.5.0-SNAPSHOT/hadoop-hdds-client-0.5.0-SNAPSHOT.jar:/home/user/.m2/repository/org/apache/hadoop/hadoop-hdds-tools/0.5.0-SNAPSHOT/hadoop-hdds-tools-0.5.0-SNAPSHOT.jar:/home/user/.m2/repository/org/apache/hadoop/hadoop-hdds-server-scm/0.5.0-SNAPSHOT/hadoop-hdds-server-scm-0.5.0-SNAPSHOT.jar:/home/user/.m2/repository/org/apache/hadoop/hadoop-hdds-docs/0.5.0-SNAPSHOT/hadoop-hdds-docs-0.5.0-SNAPSHOT.jar:/home/user/.m2/repository/io/dropwizard/metrics/metrics-core/3.2.4/metrics-core-3.2.4.jar:/home/user/.m2/repository/org/hamcrest/hamcrest-all/1.3/hamcrest-all-1.3.jar:/home/user/.m2/repository/org/bouncycastle/bcprov-jdk15on/1.60/bcprov-jdk15on-1.60.jar:/home/user/.m2/repository/info/picocli/picocli/3.9.6/picocli-3.9.6.jar:/home/user/.m2/repository/com/google/protobuf/protobuf-java/2.5.0/protobuf-java-2.5.0.jar:/home/user/.m2/repository/com/google/guava/guava/11.0.2/guava-11.0.2.jar:/home/user/.m2/repository/org/apache/hadoop/hadoop-ozone-ozone-manager/0.5.0-SNAPSHOT/hadoop-ozone-ozone-manager-0.5.0-SNAPSHOT.jar:/home/user/.m2/repository/org/apache/hadoop/hadoop-minikdc/3.2.0/hadoop-minikdc-3.2.0.jar:/home/user/.m2/repository/commons-io/commons-io/2.5/commons-io-2.5.jar:/home/user/.m2/repository/org/apache/kerby/kerb-simplekdc/1.0.1/kerb-simplekdc-1.0.1.jar:/home/user/.m2/repository/org/apache/kerby/kerb-client/1.0.1/kerb-client-1.0.1.jar:/home/user/.m2/repository/org/apache/kerby/kerby-config/1.0.1/kerby-config-1.0.1.jar:/home/user/.m2/repository/org/apache/kerby/kerb-core/1.0.1/kerb-core-1.0.1.jar:/home/user/.m2/repository/org/apache/kerby/kerby-pkix/1.0.1/kerby-pkix-1.0.1.jar:/home/user/.m2/repository/org/apache/kerby/kerby-asn1/1.0.1/kerby-asn1-1.0.1.jar:/home/user/.m2/repository/org/apache/kerby/kerby-util/1.0.1/kerby-util-1.0.1.jar:/home/user/.m2/repository/org/apache/kerby/kerb-common/1.0.1/kerb-common-1.0.1.jar:/home/user/.m2/repository/org/apache/kerby/kerb-crypto/1.0.1/kerb-crypto-1.0.1.jar:/home/user/.m2/repository/org/apache/kerby/kerb-util/1.0.1/kerb-util-1.0.1.jar:/home/user/.m2/repository/org/apache/kerby/token-provider/1.0.1/token-provider-1.0.1.jar:/home/user/.m2/repository/org/apache/kerby/kerb-admin/1.0.1/kerb-admin-1.0.1.jar:/home/user/.m2/repository/org/apache/kerby/kerb-server/1.0.1/kerb-server-1.0.1.jar:/home/user/.m2/repository/org/apache/kerby/kerb-identity/1.0.1/kerb-identity-1.0.1.jar:/home/user/.m2/repository/org/apache/kerby/kerby-xdr/1.0.1/kerby-xdr-1.0.1.jar:/home/user/.m2/repository/org/slf4j/slf4j-log4j12/1.7.25/slf4j-log4j12-1.7.25.jar:/home/user/.m2/repository/org/apache/hadoop/hadoop-ozone-s3gateway/0.5.0-SNAPSHOT/hadoop-ozone-s3gateway-0.5.0-SNAPSHOT.jar:/home/user/.m2/repository/org/jboss/weld/servlet/weld-servlet/2.4.7.Final/weld-servlet-2.4.7.Final.jar:/home/user/.m2/repository/org/glassfish/jersey/containers/jersey-container-servlet-core/2.27/jersey-container-servlet-core-2.27.jar:/home/user/.m2/repository/org/glassfish/hk2/external/javax.inject/2.5.0-b42/javax.inject-2.5.0-b42.jar:/home/user/.m2/repository/org/glassfish/jersey/core/jersey-common/2.27/jersey-common-2.27.jar:/home/user/.m2/repository/org/glassfish/hk2/osgi-resource-locator/1.0.1/osgi-resource-locator-1.0.1.jar:/home/user/.m2/repository/javax/ws/rs/javax.ws.rs-api/2.1/javax.ws.rs-api-2.1.jar:/home/user/.m2/repository/org/glassfish/jersey/ext/cdi/jersey-cdi1x/2.27/jersey-cdi1x-2.27.jar:/home/user/.m2/repository/org/glassfish/jersey/inject/jersey-hk2/2.27/jersey-hk2-2.27.jar:/home/user/.m2/repository/org/glassfish/hk2/hk2-locator/2.5.0-b42/hk2-locator-2.5.0-b42.jar:/home/user/.m2/repository/org/javassist/javassist/3.22.0-CR2/javassist-3.22.0-CR2.jar:/home/user/.m2/repository/org/glassfish/hk2/hk2-api/2.5.0/hk2-api-2.5.0.jar:/home/user/.m2/repository/org/glassfish/hk2/external/jakarta.inject/2.5.0/jakarta.inject-2.5.0.jar:/home/user/.m2/repository/org/glassfish/hk2/hk2-utils/2.5.0/hk2-utils-2.5.0.jar:/home/user/.m2/repository/jakarta/annotation/jakarta.annotation-api/1.3.4/jakarta.annotation-api-1.3.4.jar:/home/user/.m2/repository/org/glassfish/hk2/external/aopalliance-repackaged/2.5.0/aopalliance-repackaged-2.5.0.jar:/home/user/.m2/repository/com/fasterxml/jackson/dataformat/jackson-dataformat-xml/2.9.0/jackson-dataformat-xml-2.9.0.jar:/home/user/.m2/repository/com/fasterxml/jackson/core/jackson-core/2.9.9/jackson-core-2.9.9.jar:/home/user/.m2/repository/com/fasterxml/jackson/module/jackson-module-jaxb-annotations/2.9.9/jackson-module-jaxb-annotations-2.9.9.jar:/home/user/.m2/repository/javax/enterprise/cdi-api/1.2/cdi-api-1.2.jar:/home/user/.m2/repository/javax/el/javax.el-api/3.0.0/javax.el-api-3.0.0.jar:/home/user/.m2/repository/javax/interceptor/javax.interceptor-api/1.2/javax.interceptor-api-1.2.jar:/home/user/.m2/repository/javax/inject/javax.inject/1/javax.inject-1.jar:/home/user/.m2/repository/com/sun/xml/bind/jaxb-impl/2.3.0.1/jaxb-impl-2.3.0.1.jar:/home/user/.m2/repository/com/sun/xml/bind/jaxb-core/2.3.0.1/jaxb-core-2.3.0.1.jar:/home/user/.m2/repository/javax/xml/bind/jaxb-api/2.3.0/jaxb-api-2.3.0.jar:/home/user/.m2/repository/javax/activation/activation/1.1.1/activation-1.1.1.jar:/home/user/.m2/repository/org/apache/hadoop/hadoop-ozone-csi/0.5.0-SNAPSHOT/hadoop-ozone-csi-0.5.0-SNAPSHOT.jar:/home/user/.m2/repository/com/google/protobuf/protobuf-java-util/3.5.1/protobuf-java-util-3.5.1.jar:/home/user/.m2/repository/org/apache/hadoop/hadoop-hdds-config/0.5.0-SNAPSHOT/hadoop-hdds-config-0.5.0-SNAPSHOT.jar:/home/user/.m2/repository/io/grpc/grpc-netty/1.17.1/grpc-netty-1.17.1.jar:/home/user/.m2/repository/io/grpc/grpc-core/1.17.1/grpc-core-1.17.1.jar:/home/user/.m2/repository/io/grpc/grpc-context/1.17.1/grpc-context-1.17.1.jar:/home/user/.m2/repository/com/google/errorprone/error_prone_annotations/2.2.0/error_prone_annotations-2.2.0.jar:/home/user/.m2/repository/org/codehaus/mojo/animal-sniffer-annotations/1.17/animal-sniffer-annotations-1.17.jar:/home/user/.m2/repository/io/opencensus/opencensus-api/0.17.0/opencensus-api-0.17.0.jar:/home/user/.m2/repository/io/opencensus/opencensus-contrib-grpc-metrics/0.17.0/opencensus-contrib-grpc-metrics-0.17.0.jar:/home/user/.m2/repository/io/netty/netty-codec-http2/4.1.30.Final/netty-codec-http2-4.1.30.Final.jar:/home/user/.m2/repository/io/netty/netty-codec-http/4.1.30.Final/netty-codec-http-4.1.30.Final.jar:/home/user/.m2/repository/io/netty/netty-codec/4.1.30.Final/netty-codec-4.1.30.Final.jar:/home/user/.m2/repository/io/netty/netty-handler/4.1.30.Final/netty-handler-4.1.30.Final.jar:/home/user/.m2/repository/io/netty/netty-handler-proxy/4.1.30.Final/netty-handler-proxy-4.1.30.Final.jar:/home/user/.m2/repository/io/netty/netty-codec-socks/4.1.30.Final/netty-codec-socks-4.1.30.Final.jar:/home/user/.m2/repository/io/netty/netty-transport-native-epoll/4.1.30.Final/netty-transport-native-epoll-4.1.30.Final.jar:/home/user/.m2/repository/io/netty/netty-common/4.1.30.Final/netty-common-4.1.30.Final.jar:/home/user/.m2/repository/io/netty/netty-buffer/4.1.30.Final/netty-buffer-4.1.30.Final.jar:/home/user/.m2/repository/io/netty/netty-transport/4.1.30.Final/netty-transport-4.1.30.Final.jar:/home/user/.m2/repository/io/netty/netty-resolver/4.1.30.Final/netty-resolver-4.1.30.Final.jar:/home/user/.m2/repository/io/netty/netty-transport-native-unix-common/4.1.30.Final/netty-transport-native-unix-common-4.1.30.Final.jar:/home/user/.m2/repository/io/grpc/grpc-protobuf/1.17.1/grpc-protobuf-1.17.1.jar:/home/user/.m2/repository/com/google/api/grpc/proto-google-common-protos/1.0.0/proto-google-common-protos-1.0.0.jar:/home/user/.m2/repository/io/grpc/grpc-protobuf-lite/1.17.1/grpc-protobuf-lite-1.17.1.jar:/home/user/.m2/repository/io/grpc/grpc-stub/1.17.1/grpc-stub-1.17.1.jar:/home/user/.m2/repository/org/apache/hadoop/hadoop-ozone-recon/0.5.0-SNAPSHOT/hadoop-ozone-recon-0.5.0-SNAPSHOT.jar:/home/user/.m2/repository/org/apache/hadoop/hadoop-ozone-reconcodegen/0.5.0-SNAPSHOT/hadoop-ozone-reconcodegen-0.5.0-SNAPSHOT.jar:/home/user/.m2/repository/com/google/inject/extensions/guice-multibindings/4.0/guice-multibindings-4.0.jar:/home/user/.m2/repository/com/google/inject/guice/4.0/guice-4.0.jar:/home/user/.m2/repository/aopalliance/aopalliance/1.0/aopalliance-1.0.jar:/home/user/.m2/repository/com/google/inject/extensions/guice-servlet/4.0/guice-servlet-4.0.jar:/home/user/.m2/repository/org/glassfish/jersey/containers/jersey-container-servlet/2.27/jersey-container-servlet-2.27.jar:/home/user/.m2/repository/org/glassfish/hk2/guice-bridge/2.5.0/guice-bridge-2.5.0.jar:/home/user/.m2/repository/org/glassfish/jersey/core/jersey-server/2.27/jersey-server-2.27.jar:/home/user/.m2/repository/org/glassfish/jersey/core/jersey-client/2.27/jersey-client-2.27.jar:/home/user/.m2/repository/org/glassfish/jersey/media/jersey-media-jaxb/2.27/jersey-media-jaxb-2.27.jar:/home/user/.m2/repository/javax/validation/validation-api/1.1.0.Final/validation-api-1.1.0.Final.jar:/home/user/.m2/repository/org/glassfish/jersey/media/jersey-media-json-jackson/2.27/jersey-media-json-jackson-2.27.jar:/home/user/.m2/repository/org/glassfish/jersey/ext/jersey-entity-filtering/2.27/jersey-entity-filtering-2.27.jar:/home/user/.m2/repository/com/google/inject/extensions/guice-assistedinject/4.0/guice-assistedinject-4.0.jar:/home/user/.m2/repository/org/jooq/jooq/3.11.10/jooq-3.11.10.jar:/home/user/.m2/repository/org/jooq/jooq-meta/3.11.10/jooq-meta-3.11.10.jar:/home/user/.m2/repository/org/jooq/jooq-codegen/3.11.10/jooq-codegen-3.11.10.jar:/home/user/.m2/repository/com/jolbox/bonecp/0.8.0.RELEASE/bonecp-0.8.0.RELEASE.jar:/home/user/.m2/repository/org/xerial/sqlite-jdbc/3.25.2/sqlite-jdbc-3.25.2.jar:/home/user/.m2/repository/org/springframework/spring-jdbc/5.1.3.RELEASE/spring-jdbc-5.1.3.RELEASE.jar:/home/user/.m2/repository/org/springframework/spring-beans/5.1.3.RELEASE/spring-beans-5.1.3.RELEASE.jar:/home/user/.m2/repository/org/springframework/spring-core/5.1.3.RELEASE/spring-core-5.1.3.RELEASE.jar:/home/user/.m2/repository/org/springframework/spring-jcl/5.1.3.RELEASE/spring-jcl-5.1.3.RELEASE.jar:/home/user/.m2/repository/org/springframework/spring-tx/5.1.3.RELEASE/spring-tx-5.1.3.RELEASE.jar:/home/user/.m2/repository/org/apache/hadoop/hadoop-ozone-client/0.5.0-SNAPSHOT/hadoop-ozone-client-0.5.0-SNAPSHOT.jar:/home/user/.m2/repository/commons-lang/commons-lang/2.6/commons-lang-2.6.jar:/home/user/.m2/repository/org/apache/hadoop/hadoop-ozone-ozone-manager/0.5.0-SNAPSHOT/hadoop-ozone-ozone-manager-0.5.0-SNAPSHOT-tests.jar:/home/user/.m2/repository/junit/junit/4.11/junit-4.11.jar:/home/user/.m2/repository/org/hamcrest/hamcrest-core/1.3/hamcrest-core-1.3.jar:/home/user/.m2/repository/org/openjdk/jmh/jmh-core/1.19/jmh-core-1.19.jar:/home/user/.m2/repository/net/sf/jopt-simple/jopt-simple/4.6/jopt-simple-4.6.jar:/home/user/.m2/repository/org/apache/commons/commons-math3/3.1.1/commons-math3-3.1.1.jar:/home/user/.m2/repository/org/openjdk/jmh/jmh-generator-annprocess/1.19/jmh-generator-annprocess-1.19.jar:/home/user/.m2/repository/org/mockito/mockito-all/1.8.5/mockito-all-1.8.5.jar:/home/user/.m2/repository/org/apache/hadoop/hadoop-kms/3.2.0/hadoop-kms-3.2.0.jar:/home/user/.m2/repository/org/apache/hadoop/hadoop-auth/3.2.0/hadoop-auth-3.2.0.jar:/home/user/.m2/repository/com/nimbusds/nimbus-jose-jwt/4.41.1/nimbus-jose-jwt-4.41.1.jar:/home/user/.m2/repository/com/github/stephenc/jcip/jcip-annotations/1.0-1/jcip-annotations-1.0-1.jar:/home/user/.m2/repository/net/minidev/json-smart/2.3/json-smart-2.3.jar:/home/user/.m2/repository/net/minidev/accessors-smart/1.2/accessors-smart-1.2.jar:/home/user/.m2/repository/org/ow2/asm/asm/5.0.4/asm-5.0.4.jar:/home/user/.m2/repository/org/apache/curator/curator-framework/2.12.0/curator-framework-2.12.0.jar:/home/user/.m2/repository/com/sun/jersey/jersey-core/1.19/jersey-core-1.19.jar:/home/user/.m2/repository/javax/ws/rs/jsr311-api/1.1.1/jsr311-api-1.1.1.jar:/home/user/.m2/repository/com/sun/jersey/jersey-server/1.19/jersey-server-1.19.jar:/home/user/.m2/repository/javax/servlet/javax.servlet-api/3.1.0/javax.servlet-api-3.1.0.jar:/home/user/.m2/repository/org/eclipse/jetty/jetty-server/9.3.25.v20180904/jetty-server-9.3.25.v20180904.jar:/home/user/.m2/repository/org/eclipse/jetty/jetty-http/9.3.25.v20180904/jetty-http-9.3.25.v20180904.jar:/home/user/.m2/repository/org/eclipse/jetty/jetty-io/9.3.25.v20180904/jetty-io-9.3.25.v20180904.jar:/home/user/.m2/repository/org/eclipse/jetty/jetty-webapp/9.3.25.v20180904/jetty-webapp-9.3.25.v20180904.jar:/home/user/.m2/repository/org/eclipse/jetty/jetty-xml/9.3.25.v20180904/jetty-xml-9.3.25.v20180904.jar:/home/user/.m2/repository/log4j/log4j/1.2.17/log4j-1.2.17.jar:/home/user/.m2/repository/org/slf4j/slf4j-api/1.7.25/slf4j-api-1.7.25.jar:/home/user/.m2/repository/org/slf4j/jul-to-slf4j/1.7.25/jul-to-slf4j-1.7.25.jar:/home/user/.m2/repository/org/eclipse/jetty/jetty-util/9.3.25.v20180904/jetty-util-9.3.25.v20180904.jar:/home/user/.m2/repository/com/fasterxml/jackson/core/jackson-databind/2.9.9/jackson-databind-2.9.9.jar:/home/user/.m2/repository/org/apache/hadoop/hadoop-kms/3.2.0/hadoop-kms-3.2.0-tests.jar:/home/user/.m2/repository/org/apache/hadoop/hadoop-hdds-server-scm/0.5.0-SNAPSHOT/hadoop-hdds-server-scm-0.5.0-SNAPSHOT-tests.jar:/home/user/.m2/repository/org/apache/hadoop/hadoop-hdds-container-service/0.5.0-SNAPSHOT/hadoop-hdds-container-service-0.5.0-SNAPSHOT-tests.jar:/home/user/.m2/repository/org/yaml/snakeyaml/1.16/snakeyaml-1.16.jar:/home/user/.m2/repository/org/apache/hadoop/hadoop-common/3.2.0/hadoop-common-3.2.0-tests.jar:/home/user/.m2/repository/org/apache/hadoop/hadoop-annotations/3.2.0/hadoop-annotations-3.2.0.jar:/usr/lib/jvm/java-1.8.0-openjdk-1.8.0.222.b10-1.el7_7.x86_64/jre/../lib/tools.jar:/home/user/.m2/repository/commons-cli/commons-cli/1.2/commons-cli-1.2.jar:/home/user/.m2/repository/org/apache/httpcomponents/httpclient/4.5.2/httpclient-4.5.2.jar:/home/user/.m2/repository/org/apache/httpcomponents/httpcore/4.4.4/httpcore-4.4.4.jar:/home/user/.m2/repository/commons-codec/commons-codec/1.11/commons-codec-1.11.jar:/home/user/.m2/repository/commons-net/commons-net/3.6/commons-net-3.6.jar:/home/user/.m2/repository/commons-collections/commons-collections/3.2.2/commons-collections-3.2.2.jar:/home/user/.m2/repository/org/eclipse/jetty/jetty-servlet/9.3.25.v20180904/jetty-servlet-9.3.25.v20180904.jar:/home/user/.m2/repository/org/eclipse/jetty/jetty-security/9.3.25.v20180904/jetty-security-9.3.25.v20180904.jar:/home/user/.m2/repository/javax/servlet/jsp/jsp-api/2.1/jsp-api-2.1.jar:/home/user/.m2/repository/com/sun/jersey/jersey-servlet/1.19/jersey-servlet-1.19.jar:/home/user/.m2/repository/com/sun/jersey/jersey-json/1.19/jersey-json-1.19.jar:/home/user/.m2/repository/org/codehaus/jettison/jettison/1.1/jettison-1.1.jar:/home/user/.m2/repository/org/codehaus/jackson/jackson-core-asl/1.9.13/jackson-core-asl-1.9.13.jar:/home/user/.m2/repository/org/codehaus/jackson/jackson-mapper-asl/1.9.13/jackson-mapper-asl-1.9.13.jar:/home/user/.m2/repository/org/codehaus/jackson/jackson-jaxrs/1.9.13/jackson-jaxrs-1.9.13.jar:/home/user/.m2/repository/org/codehaus/jackson/jackson-xc/1.9.13/jackson-xc-1.9.13.jar:/home/user/.m2/repository/commons-logging/commons-logging/1.1.3/commons-logging-1.1.3.jar:/home/user/.m2/repository/commons-beanutils/commons-beanutils/1.9.4/commons-beanutils-1.9.4.jar:/home/user/.m2/repository/org/apache/commons/commons-configuration2/2.1.1/commons-configuration2-2.1.1.jar:/home/user/.m2/repository/org/apache/commons/commons-lang3/3.7/commons-lang3-3.7.jar:/home/user/.m2/repository/org/apache/commons/commons-text/1.4/commons-text-1.4.jar:/home/user/.m2/repository/org/apache/avro/avro/1.7.7/avro-1.7.7.jar:/home/user/.m2/repository/com/thoughtworks/paranamer/paranamer/2.3/paranamer-2.3.jar:/home/user/.m2/repository/org/xerial/snappy/snappy-java/1.0.5/snappy-java-1.0.5.jar:/home/user/.m2/repository/com/google/re2j/re2j/1.1/re2j-1.1.jar:/home/user/.m2/repository/com/google/code/gson/gson/2.2.4/gson-2.2.4.jar:/home/user/.m2/repository/com/jcraft/jsch/0.1.54/jsch-0.1.54.jar:/home/user/.m2/repository/org/apache/curator/curator-client/2.12.0/curator-client-2.12.0.jar:/home/user/.m2/repository/org/apache/curator/curator-recipes/2.12.0/curator-recipes-2.12.0.jar:/home/user/.m2/repository/com/google/code/findbugs/jsr305/3.0.0/jsr305-3.0.0.jar:/home/user/.m2/repository/org/apache/htrace/htrace-core4/4.1.0-incubating/htrace-core4-4.1.0-incubating.jar:/home/user/.m2/repository/org/apache/zookeeper/zookeeper/3.4.13/zookeeper-3.4.13.jar:/home/user/.m2/repository/jline/jline/0.9.94/jline-0.9.94.jar:/home/user/.m2/repository/org/apache/yetus/audience-annotations/0.5.0/audience-annotations-0.5.0.jar:/home/user/.m2/repository/org/codehaus/woodstox/stax2-api/3.1.4/stax2-api-3.1.4.jar:/home/user/.m2/repository/com/fasterxml/woodstox/woodstox-core/5.0.3/woodstox-core-5.0.3.jar:/home/user/.m2/repository/dnsjava/dnsjava/2.1.7/dnsjava-2.1.7.jar:/home/user/.m2/repository/org/apache/hadoop/hadoop-hdfs/3.2.0/hadoop-hdfs-3.2.0-tests.jar:/home/user/.m2/repository/org/eclipse/jetty/jetty-util-ajax/9.3.25.v20180904/jetty-util-ajax-9.3.25.v20180904.jar:/home/user/.m2/repository/commons-daemon/commons-daemon/1.0.13/commons-daemon-1.0.13.jar:/home/user/.m2/repository/io/netty/netty/3.10.5.Final/netty-3.10.5.Final.jar:/home/user/.m2/repository/io/netty/netty-all/4.0.52.Final/netty-all-4.0.52.Final.jar:/home/user/.m2/repository/org/fusesource/leveldbjni/leveldbjni-all/1.8/leveldbjni-all-1.8.jar:"/>
    <property name="sun.cpu.endian" value="little"/>
    <property name="user.home" value="/home/user"/>
    <property name="user.language" value="en"/>
    <property name="java.specification.vendor" value="Oracle Corporation"/>
    <property name="java.home" value="/usr/lib/jvm/java-1.8.0-openjdk-1.8.0.222.b10-1.el7_7.x86_64/jre"/>
    <property name="surefire.excludesFile" value="/tools/ozone-bad-unit-tests"/>
    <property name="java.security.krb5.conf" value="/workdir/hadoop-ozone/integration-test/target/test-classes/krb5.conf"/>
    <property name="basedir" value="/workdir/hadoop-ozone/integration-test"/>
    <property name="file.separator" value="/"/>
    <property name="line.separator" value="&#10;"/>
    <property name="java.vm.specification.vendor" value="Oracle Corporation"/>
    <property name="java.specification.name" value="Java Platform API Specification"/>
    <property name="java.awt.graphicsenv" value="sun.awt.X11GraphicsEnvironment"/>
    <property name="surefire.real.class.path" value="/workdir/hadoop-ozone/integration-test/target/surefire/surefirebooter8711759618584881244.jar"/>
    <property name="hadoop.log.dir" value="/workdir/hadoop-ozone/integration-test/target/log"/>
    <property name="sun.boot.class.path" value="/usr/lib/jvm/java-1.8.0-openjdk-1.8.0.222.b10-1.el7_7.x86_64/jre/lib/resources.jar:/usr/lib/jvm/java-1.8.0-openjdk-1.8.0.222.b10-1.el7_7.x86_64/jre/lib/rt.jar:/usr/lib/jvm/java-1.8.0-openjdk-1.8.0.222.b10-1.el7_7.x86_64/jre/lib/sunrsasign.jar:/usr/lib/jvm/java-1.8.0-openjdk-1.8.0.222.b10-1.el7_7.x86_64/jre/lib/jsse.jar:/usr/lib/jvm/java-1.8.0-openjdk-1.8.0.222.b10-1.el7_7.x86_64/jre/lib/jce.jar:/usr/lib/jvm/java-1.8.0-openjdk-1.8.0.222.b10-1.el7_7.x86_64/jre/lib/charsets.jar:/usr/lib/jvm/java-1.8.0-openjdk-1.8.0.222.b10-1.el7_7.x86_64/jre/lib/jfr.jar:/usr/lib/jvm/java-1.8.0-openjdk-1.8.0.222.b10-1.el7_7.x86_64/jre/classes"/>
    <property name="sun.management.compiler" value="HotSpot 64-Bit Tiered Compilers"/>
    <property name="java.runtime.version" value="1.8.0_222-b10"/>
    <property name="java.net.preferIPv4Stack" value="true"/>
    <property name="user.name" value="jenkins1000"/>
    <property name="path.separator" value=":"/>
    <property name="java.security.egd" value="file:///dev/urandom"/>
    <property name="os.version" value="3.10.0-957.12.2.el7.x86_64"/>
    <property name="java.endorsed.dirs" value="/usr/lib/jvm/java-1.8.0-openjdk-1.8.0.222.b10-1.el7_7.x86_64/jre/lib/endorsed"/>
    <property name="java.runtime.name" value="OpenJDK Runtime Environment"/>
    <property name="file.encoding" value="ANSI_X3.4-1968"/>
    <property name="java.vm.name" value="OpenJDK 64-Bit Server VM"/>
    <property name="test.build.webapps" value=""/>
    <property name="localRepository" value="/home/user/.m2/repository"/>
    <property name="java.vendor.url.bug" value="http://bugreport.sun.com/bugreport/"/>
    <property name="java.io.tmpdir" value="/tmp"/>
    <property name="require.test.libhadoop" value=""/>
    <property name="java.version" value="1.8.0_222"/>
    <property name="user.dir" value="/workdir/hadoop-ozone/integration-test"/>
    <property name="os.arch" value="amd64"/>
    <property name="java.vm.specification.name" value="Java Virtual Machine Specification"/>
    <property name="test.build.classes" value="/workdir/hadoop-ozone/integration-test/target/test-classes"/>
    <property name="java.awt.printerjob" value="sun.print.PSPrinterJob"/>
    <property name="sun.os.patch.level" value="unknown"/>
    <property name="hadoop.tmp.dir" value="/workdir/hadoop-ozone/integration-test/target/tmp"/>
    <property name="java.library.path" value="/usr/lib:/workdir/hadoop-ozone/integration-test/target/native/target/usr/local/lib:/workdir/hadoop-ozone/integration-test/../../hadoop-common-project/hadoop-common/target/native/target/usr/local/lib:/usr/java/packages/lib/amd64:/usr/lib64:/lib64:/lib:/usr/lib"/>
    <property name="java.vm.info" value="mixed mode"/>
    <property name="java.vendor" value="Oracle Corporation"/>
    <property name="java.vm.version" value="25.222-b10"/>
    <property name="java.ext.dirs" value="/usr/lib/jvm/java-1.8.0-openjdk-1.8.0.222.b10-1.el7_7.x86_64/jre/lib/ext:/usr/java/packages/lib/ext"/>
    <property name="sun.io.unicode.encoding" value="UnicodeLittle"/>
    <property name="java.class.version" value="52.0"/>
  </properties>
  <testcase name="testPipelineExclusionWithPipelineFailure" classname="org.apache.hadoop.ozone.client.rpc.TestFailureHandlingByClient" time="107.334">
    <error message="Allocated 0 blocks. Requested 1 blocks" type="INTERNAL_ERROR org.apache.hadoop.ozone.om.exceptions.OMException">INTERNAL_ERROR org.apache.hadoop.ozone.om.exceptions.OMException: Allocated 0 blocks. Requested 1 blocks
	at org.apache.hadoop.ozone.om.protocolPB.OzoneManagerProtocolClientSideTranslatorPB.handleError(OzoneManagerProtocolClientSideTranslatorPB.java:761)
	at org.apache.hadoop.ozone.om.protocolPB.OzoneManagerProtocolClientSideTranslatorPB.openKey(OzoneManagerProtocolClientSideTranslatorPB.java:752)
	at sun.reflect.NativeMethodAccessorImpl.invoke0(Native Method)
	at sun.reflect.NativeMethodAccessorImpl.invoke(NativeMethodAccessorImpl.java:62)
	at sun.reflect.DelegatingMethodAccessorImpl.invoke(DelegatingMethodAccessorImpl.java:43)
	at java.lang.reflect.Method.invoke(Method.java:498)
	at org.apache.hadoop.hdds.tracing.TraceAllMethod.invoke(TraceAllMethod.java:66)
	at com.sun.proxy.$Proxy36.openKey(Unknown Source)
	at org.apache.hadoop.ozone.client.rpc.RpcClient.createKey(RpcClient.java:633)
	at org.apache.hadoop.ozone.client.OzoneBucket.createKey(OzoneBucket.java:325)
	at org.apache.hadoop.ozone.container.ContainerTestHelper.createKey(ContainerTestHelper.java:735)
	at org.apache.hadoop.ozone.client.rpc.TestFailureHandlingByClient.createKey(TestFailureHandlingByClient.java:408)
	at org.apache.hadoop.ozone.client.rpc.TestFailureHandlingByClient.testPipelineExclusionWithPipelineFailure(TestFailureHandlingByClient.java:348)
	at sun.reflect.NativeMethodAccessorImpl.invoke0(Native Method)
	at sun.reflect.NativeMethodAccessorImpl.invoke(NativeMethodAccessorImpl.java:62)
	at sun.reflect.DelegatingMethodAccessorImpl.invoke(DelegatingMethodAccessorImpl.java:43)
	at java.lang.reflect.Method.invoke(Method.java:498)
	at org.junit.runners.model.FrameworkMethod$1.runReflectiveCall(FrameworkMethod.java:47)
	at org.junit.internal.runners.model.ReflectiveCallable.run(ReflectiveCallable.java:12)
	at org.junit.runners.model.FrameworkMethod.invokeExplosively(FrameworkMethod.java:44)
	at org.junit.internal.runners.statements.InvokeMethod.evaluate(InvokeMethod.java:17)
	at org.junit.internal.runners.statements.RunAfters.evaluate(RunAfters.java:27)
	at org.junit.runners.ParentRunner.runLeaf(ParentRunner.java:271)
	at org.junit.runners.BlockJUnit4ClassRunner.runChild(BlockJUnit4ClassRunner.java:70)
	at org.junit.runners.BlockJUnit4ClassRunner.runChild(BlockJUnit4ClassRunner.java:50)
	at org.junit.runners.ParentRunner$3.run(ParentRunner.java:238)
	at org.junit.runners.ParentRunner$1.schedule(ParentRunner.java:63)
	at org.junit.runners.ParentRunner.runChildren(ParentRunner.java:236)
	at org.junit.runners.ParentRunner.access$000(ParentRunner.java:53)
	at org.junit.runners.ParentRunner$2.evaluate(ParentRunner.java:229)
	at org.junit.runners.ParentRunner.run(ParentRunner.java:309)
	at org.apache.maven.surefire.junit4.JUnit4Provider.execute(JUnit4Provider.java:365)
	at org.apache.maven.surefire.junit4.JUnit4Provider.executeWithRerun(JUnit4Provider.java:273)
	at org.apache.maven.surefire.junit4.JUnit4Provider.executeTestSet(JUnit4Provider.java:238)
	at org.apache.maven.surefire.junit4.JUnit4Provider.invoke(JUnit4Provider.java:159)
	at org.apache.maven.surefire.booter.ForkedBooter.invokeProviderInSameClassLoader(ForkedBooter.java:384)
	at org.apache.maven.surefire.booter.ForkedBooter.runSuitesInProcess(ForkedBooter.java:345)
	at org.apache.maven.surefire.booter.ForkedBooter.execute(ForkedBooter.java:126)
	at org.apache.maven.surefire.booter.ForkedBooter.main(ForkedBooter.java:418)
</error>
    <system-out><![CDATA[2019-11-14 19:54:08,727 [main] WARN  server.ServerUtils (ServerUtils.java:getScmDbDir(145)) - ozone.scm.db.dirs is not configured. We recommend adding this setting. Falling back to ozone.metadata.dirs instead.
2019-11-14 19:54:08,889 [main] WARN  server.ServerUtils (ServerUtils.java:getScmDbDir(145)) - ozone.scm.db.dirs is not configured. We recommend adding this setting. Falling back to ozone.metadata.dirs instead.
2019-11-14 19:54:08,893 [main] WARN  server.ServerUtils (ServerUtils.java:getScmDbDir(145)) - ozone.scm.db.dirs is not configured. We recommend adding this setting. Falling back to ozone.metadata.dirs instead.
2019-11-14 19:54:08,924 [main] INFO  util.log (Log.java:initialized(192)) - Logging initialized @895ms
2019-11-14 19:54:09,053 [main] INFO  db.DBStoreBuilder (DBStoreBuilder.java:addTable(127)) - using custom profile for table: deletedBlocks
2019-11-14 19:54:09,054 [main] INFO  db.DBStoreBuilder (DBStoreBuilder.java:processTables(183)) - Using default column profile:DBProfile.DISK for Table:deletedBlocks
2019-11-14 19:54:09,054 [main] INFO  db.DBStoreBuilder (DBStoreBuilder.java:addTable(127)) - using custom profile for table: validCerts
2019-11-14 19:54:09,054 [main] INFO  db.DBStoreBuilder (DBStoreBuilder.java:processTables(183)) - Using default column profile:DBProfile.DISK for Table:validCerts
2019-11-14 19:54:09,055 [main] INFO  db.DBStoreBuilder (DBStoreBuilder.java:addTable(127)) - using custom profile for table: revokedCerts
2019-11-14 19:54:09,055 [main] INFO  db.DBStoreBuilder (DBStoreBuilder.java:processTables(183)) - Using default column profile:DBProfile.DISK for Table:revokedCerts
2019-11-14 19:54:09,067 [main] INFO  db.DBStoreBuilder (DBStoreBuilder.java:addTable(127)) - using custom profile for table: default
2019-11-14 19:54:09,067 [main] INFO  db.DBStoreBuilder (DBStoreBuilder.java:processTables(189)) - Using default column profile:DBProfile.DISK for Table:default
2019-11-14 19:54:09,068 [main] INFO  db.DBStoreBuilder (DBStoreBuilder.java:getDbProfile(220)) - Using default options. DBProfile.DISK
2019-11-14 19:54:09,397 [main] INFO  net.NodeSchemaLoader (NodeSchemaLoader.java:loadSchemaFromFile(125)) - Loading file from sun.misc.CompoundEnumeration@175c2241
2019-11-14 19:54:09,399 [main] INFO  net.NodeSchemaLoader (NodeSchemaLoader.java:loadSchema(171)) - Loading network topology layer schema file
2019-11-14 19:54:09,464 [main] INFO  node.SCMNodeManager (SCMNodeManager.java:<init>(116)) - Entering startup safe mode.
2019-11-14 19:54:09,547 [main] INFO  Configuration.deprecation (Configuration.java:logDeprecation(1394)) - hadoop.configured.node.mapping is deprecated. Instead, use net.topology.configured.node.mapping
2019-11-14 19:54:09,552 [main] INFO  algorithms.ContainerPlacementPolicyFactory (ContainerPlacementPolicyFactory.java:getPolicy(57)) - Create container placement policy of type org.apache.hadoop.hdds.scm.container.placement.algorithms.SCMContainerPlacementRandom
2019-11-14 19:54:09,574 [main] WARN  server.ServerUtils (ServerUtils.java:getScmDbDir(145)) - ozone.scm.db.dirs is not configured. We recommend adding this setting. Falling back to ozone.metadata.dirs instead.
2019-11-14 19:54:09,698 [main] INFO  pipeline.SCMPipelineManager (SCMPipelineManager.java:initializePipelineState(132)) - No pipeline exists in current db
2019-11-14 19:54:09,700 [main] WARN  server.ServerUtils (ServerUtils.java:getScmDbDir(145)) - ozone.scm.db.dirs is not configured. We recommend adding this setting. Falling back to ozone.metadata.dirs instead.
2019-11-14 19:54:09,843 [main] WARN  events.EventQueue (EventQueue.java:fireEvent(183)) - No event handler registered for event TypedEvent{payloadType=SafeModeStatus, name='SafeModeStatus'}
2019-11-14 19:54:10,163 [main] INFO  ipc.CallQueueManager (CallQueueManager.java:<init>(84)) - Using callQueue: class java.util.concurrent.LinkedBlockingQueue, queueCapacity: 2000, scheduler: class org.apache.hadoop.ipc.DefaultRpcScheduler, ipcBackoff: false.
2019-11-14 19:54:10,270 [Socket Reader #1 for port 44295] INFO  ipc.Server (Server.java:run(1074)) - Starting Socket Reader #1 for port 44295
2019-11-14 19:54:10,302 [main] INFO  ipc.CallQueueManager (CallQueueManager.java:<init>(84)) - Using callQueue: class java.util.concurrent.LinkedBlockingQueue, queueCapacity: 2000, scheduler: class org.apache.hadoop.ipc.DefaultRpcScheduler, ipcBackoff: false.
2019-11-14 19:54:10,303 [Socket Reader #1 for port 46718] INFO  ipc.Server (Server.java:run(1074)) - Starting Socket Reader #1 for port 46718
2019-11-14 19:54:10,312 [main] INFO  ipc.CallQueueManager (CallQueueManager.java:<init>(84)) - Using callQueue: class java.util.concurrent.LinkedBlockingQueue, queueCapacity: 2000, scheduler: class org.apache.hadoop.ipc.DefaultRpcScheduler, ipcBackoff: false.
2019-11-14 19:54:10,313 [Socket Reader #1 for port 41574] INFO  ipc.Server (Server.java:run(1074)) - Starting Socket Reader #1 for port 41574
2019-11-14 19:54:10,334 [main] INFO  hdfs.DFSUtil (DFSUtil.java:httpServerTemplateForNNAndJN(1641)) - Starting Web-server for scm at: http://0.0.0.0:0
2019-11-14 19:54:10,487 [main] INFO  server.AuthenticationFilter (AuthenticationFilter.java:constructSecretProvider(240)) - Unable to initialize FileSignerSecretProvider, falling back to use random secrets.
2019-11-14 19:54:10,495 [main] WARN  http.HttpRequestLog (HttpRequestLog.java:getRequestLog(97)) - Jetty request log can only be enabled using Log4j
2019-11-14 19:54:10,503 [main] INFO  http.HttpServer2 (HttpServer2.java:addGlobalFilter(975)) - Added global filter 'safety' (class=org.apache.hadoop.http.HttpServer2$QuotingInputFilter)
2019-11-14 19:54:10,506 [main] INFO  http.HttpServer2 (HttpServer2.java:addFilter(948)) - Added filter static_user_filter (class=org.apache.hadoop.http.lib.StaticUserWebFilter$StaticUserFilter) to context scm
2019-11-14 19:54:10,506 [main] INFO  http.HttpServer2 (HttpServer2.java:addFilter(958)) - Added filter static_user_filter (class=org.apache.hadoop.http.lib.StaticUserWebFilter$StaticUserFilter) to context static
2019-11-14 19:54:10,506 [main] INFO  http.HttpServer2 (HttpServer2.java:addFilter(958)) - Added filter static_user_filter (class=org.apache.hadoop.http.lib.StaticUserWebFilter$StaticUserFilter) to context logs
2019-11-14 19:54:10,536 [main] INFO  server.StorageContainerManager (StorageContainerManager.java:start(766)) - StorageContainerLocationProtocol RPC server is listening at /0.0.0.0:41574
2019-11-14 19:54:10,597 [main] WARN  impl.MetricsConfig (MetricsConfig.java:loadFirst(134)) - Cannot locate configuration: tried hadoop-metrics2-storagecontainermanager.properties,hadoop-metrics2.properties
2019-11-14 19:54:10,610 [main] INFO  impl.MetricsSystemImpl (MetricsSystemImpl.java:startTimer(374)) - Scheduled Metric snapshot period at 10 second(s).
2019-11-14 19:54:10,610 [main] INFO  impl.MetricsSystemImpl (MetricsSystemImpl.java:start(191)) - StorageContainerManager metrics system started
2019-11-14 19:54:10,832 [main] INFO  server.SCMClientProtocolServer (SCMClientProtocolServer.java:start(160)) - RPC server for Client  is listening at /0.0.0.0:41574
2019-11-14 19:54:10,833 [IPC Server listener on 41574] INFO  ipc.Server (Server.java:run(1153)) - IPC Server listener on 41574: starting
2019-11-14 19:54:10,833 [IPC Server Responder] INFO  ipc.Server (Server.java:run(1314)) - IPC Server Responder: starting
2019-11-14 19:54:10,836 [main] INFO  server.StorageContainerManager (StorageContainerManager.java:start(776)) - ScmBlockLocationProtocol RPC server is listening at /0.0.0.0:46718
2019-11-14 19:54:10,837 [main] INFO  server.SCMBlockProtocolServer (SCMBlockProtocolServer.java:start(146)) - RPC server for Block Protocol is listening at /0.0.0.0:46718
2019-11-14 19:54:10,837 [IPC Server Responder] INFO  ipc.Server (Server.java:run(1314)) - IPC Server Responder: starting
2019-11-14 19:54:10,837 [IPC Server listener on 46718] INFO  ipc.Server (Server.java:run(1153)) - IPC Server listener on 46718: starting
2019-11-14 19:54:10,840 [main] INFO  server.StorageContainerManager (StorageContainerManager.java:start(780)) - ScmDatanodeProtocl RPC server is listening at /0.0.0.0:44295
2019-11-14 19:54:10,840 [main] INFO  server.SCMDatanodeProtocolServer (SCMDatanodeProtocolServer.java:start(169)) - RPC server for DataNodes is listening at /0.0.0.0:44295
2019-11-14 19:54:10,841 [IPC Server Responder] INFO  ipc.Server (Server.java:run(1314)) - IPC Server Responder: starting
2019-11-14 19:54:10,841 [IPC Server listener on 44295] INFO  ipc.Server (Server.java:run(1153)) - IPC Server listener on 44295: starting
2019-11-14 19:54:10,846 [main] INFO  http.HttpServer2 (HttpServer2.java:bindListener(1191)) - Jetty bound to port 36102
2019-11-14 19:54:10,849 [main] INFO  server.Server (Server.java:doStart(351)) - jetty-9.3.25.v20180904, build timestamp: 2018-09-04T21:11:46Z, git hash: 3ce520221d0240229c862b122d2b06c12a625732
2019-11-14 19:54:10,900 [main] INFO  handler.ContextHandler (ContextHandler.java:doStart(781)) - Started o.e.j.s.ServletContextHandler@65fe9e33{/logs,file:///workdir/hadoop-ozone/integration-test/target/log,AVAILABLE}
2019-11-14 19:54:10,901 [main] INFO  handler.ContextHandler (ContextHandler.java:doStart(781)) - Started o.e.j.s.ServletContextHandler@42f8285e{/static,file:///workdir/hadoop-ozone/integration-test/target/test-classes/webapps/static,AVAILABLE}
2019-11-14 19:54:10,938 [main] INFO  handler.ContextHandler (ContextHandler.java:doStart(781)) - Started o.e.j.w.WebAppContext@3d6300e8{/,file:///workdir/hadoop-ozone/integration-test/target/test-classes/webapps/scm/,AVAILABLE}{/scm}
2019-11-14 19:54:10,945 [main] INFO  server.AbstractConnector (AbstractConnector.java:doStart(278)) - Started ServerConnector@3af4e0bf{HTTP/1.1,[http/1.1]}{0.0.0.0:36102}
2019-11-14 19:54:10,945 [main] INFO  server.Server (Server.java:doStart(419)) - Started @2916ms
2019-11-14 19:54:10,947 [main] INFO  impl.MetricsSinkAdapter (MetricsSinkAdapter.java:start(204)) - Sink prometheus started
2019-11-14 19:54:10,947 [main] INFO  impl.MetricsSystemImpl (MetricsSystemImpl.java:registerSink(301)) - Registered sink prometheus
2019-11-14 19:54:10,949 [main] INFO  server.BaseHttpServer (BaseHttpServer.java:updateConnectorAddress(215)) - HTTP server of SCM is listening at http://0.0.0.0:36102
2019-11-14 19:54:10,957 [org.apache.hadoop.util.JvmPauseMonitor$Monitor@1a2e2935] INFO  util.JvmPauseMonitor (JvmPauseMonitor.java:run(188)) - Starting JVM pause monitor
2019-11-14 19:54:10,963 [main] WARN  server.ServerUtils (ServerUtils.java:getDBPath(222)) - ozone.om.db.dirs is not configured. We recommend adding this setting. Falling back to ozone.metadata.dirs instead.
2019-11-14 19:54:11,510 [main] INFO  ha.OMHANodeDetails (OMHANodeDetails.java:loadOMHAConfig(190)) - Configuration either no ozone.om.address set. Falling back to the default OM address /127.0.0.1:0
2019-11-14 19:54:11,511 [main] INFO  ha.OMHANodeDetails (OMHANodeDetails.java:getOMNodeDetails(220)) - OM Service ID is not set. Setting it to the default ID: omServiceIdDefault
2019-11-14 19:54:11,512 [main] WARN  server.ServerUtils (ServerUtils.java:getDBPath(222)) - ozone.om.db.dirs is not configured. We recommend adding this setting. Falling back to ozone.metadata.dirs instead.
2019-11-14 19:54:11,513 [main] WARN  server.ServerUtils (ServerUtils.java:getDBPath(222)) - ozone.om.db.dirs is not configured. We recommend adding this setting. Falling back to ozone.metadata.dirs instead.
2019-11-14 19:54:12,167 [main] WARN  server.ServerUtils (ServerUtils.java:getDBPath(222)) - ozone.om.db.dirs is not configured. We recommend adding this setting. Falling back to ozone.metadata.dirs instead.
2019-11-14 19:54:12,176 [main] INFO  db.DBStoreBuilder (DBStoreBuilder.java:addTable(127)) - using custom profile for table: userTable
2019-11-14 19:54:12,176 [main] INFO  db.DBStoreBuilder (DBStoreBuilder.java:processTables(183)) - Using default column profile:DBProfile.DISK for Table:userTable
2019-11-14 19:54:12,177 [main] INFO  db.DBStoreBuilder (DBStoreBuilder.java:addTable(127)) - using custom profile for table: volumeTable
2019-11-14 19:54:12,177 [main] INFO  db.DBStoreBuilder (DBStoreBuilder.java:processTables(183)) - Using default column profile:DBProfile.DISK for Table:volumeTable
2019-11-14 19:54:12,177 [main] INFO  db.DBStoreBuilder (DBStoreBuilder.java:addTable(127)) - using custom profile for table: bucketTable
2019-11-14 19:54:12,177 [main] INFO  db.DBStoreBuilder (DBStoreBuilder.java:processTables(183)) - Using default column profile:DBProfile.DISK for Table:bucketTable
2019-11-14 19:54:12,178 [main] INFO  db.DBStoreBuilder (DBStoreBuilder.java:addTable(127)) - using custom profile for table: keyTable
2019-11-14 19:54:12,178 [main] INFO  db.DBStoreBuilder (DBStoreBuilder.java:processTables(183)) - Using default column profile:DBProfile.DISK for Table:keyTable
2019-11-14 19:54:12,178 [main] INFO  db.DBStoreBuilder (DBStoreBuilder.java:addTable(127)) - using custom profile for table: deletedTable
2019-11-14 19:54:12,178 [main] INFO  db.DBStoreBuilder (DBStoreBuilder.java:processTables(183)) - Using default column profile:DBProfile.DISK for Table:deletedTable
2019-11-14 19:54:12,179 [main] INFO  db.DBStoreBuilder (DBStoreBuilder.java:addTable(127)) - using custom profile for table: openKeyTable
2019-11-14 19:54:12,179 [main] INFO  db.DBStoreBuilder (DBStoreBuilder.java:processTables(183)) - Using default column profile:DBProfile.DISK for Table:openKeyTable
2019-11-14 19:54:12,179 [main] INFO  db.DBStoreBuilder (DBStoreBuilder.java:addTable(127)) - using custom profile for table: s3Table
2019-11-14 19:54:12,179 [main] INFO  db.DBStoreBuilder (DBStoreBuilder.java:processTables(183)) - Using default column profile:DBProfile.DISK for Table:s3Table
2019-11-14 19:54:12,180 [main] INFO  db.DBStoreBuilder (DBStoreBuilder.java:addTable(127)) - using custom profile for table: multipartInfoTable
2019-11-14 19:54:12,180 [main] INFO  db.DBStoreBuilder (DBStoreBuilder.java:processTables(183)) - Using default column profile:DBProfile.DISK for Table:multipartInfoTable
2019-11-14 19:54:12,180 [main] INFO  db.DBStoreBuilder (DBStoreBuilder.java:addTable(127)) - using custom profile for table: dTokenTable
2019-11-14 19:54:12,180 [main] INFO  db.DBStoreBuilder (DBStoreBuilder.java:processTables(183)) - Using default column profile:DBProfile.DISK for Table:dTokenTable
2019-11-14 19:54:12,181 [main] INFO  db.DBStoreBuilder (DBStoreBuilder.java:addTable(127)) - using custom profile for table: s3SecretTable
2019-11-14 19:54:12,181 [main] INFO  db.DBStoreBuilder (DBStoreBuilder.java:processTables(183)) - Using default column profile:DBProfile.DISK for Table:s3SecretTable
2019-11-14 19:54:12,181 [main] INFO  db.DBStoreBuilder (DBStoreBuilder.java:addTable(127)) - using custom profile for table: prefixTable
2019-11-14 19:54:12,181 [main] INFO  db.DBStoreBuilder (DBStoreBuilder.java:processTables(183)) - Using default column profile:DBProfile.DISK for Table:prefixTable
2019-11-14 19:54:12,182 [main] INFO  db.DBStoreBuilder (DBStoreBuilder.java:addTable(127)) - using custom profile for table: default
2019-11-14 19:54:12,182 [main] INFO  db.DBStoreBuilder (DBStoreBuilder.java:processTables(189)) - Using default column profile:DBProfile.DISK for Table:default
2019-11-14 19:54:12,182 [main] INFO  db.DBStoreBuilder (DBStoreBuilder.java:getDbProfile(220)) - Using default options. DBProfile.DISK
2019-11-14 19:55:10,060 [main] INFO  ipc.CallQueueManager (CallQueueManager.java:<init>(84)) - Using callQueue: class java.util.concurrent.LinkedBlockingQueue, queueCapacity: 2000, scheduler: class org.apache.hadoop.ipc.DefaultRpcScheduler, ipcBackoff: false.
2019-11-14 19:55:10,061 [Socket Reader #1 for port 37998] INFO  ipc.Server (Server.java:run(1074)) - Starting Socket Reader #1 for port 37998
2019-11-14 19:55:10,081 [main] INFO  om.OzoneManager (OzoneManager.java:start(1077)) - OzoneManager RPC server is listening at localhost/127.0.0.1:37998
2019-11-14 19:55:10,081 [main] INFO  impl.MetricsSystemImpl (MetricsSystemImpl.java:init(158)) - OzoneManager metrics system started (again)
2019-11-14 19:55:10,090 [IPC Server Responder] INFO  ipc.Server (Server.java:run(1314)) - IPC Server Responder: starting
2019-11-14 19:55:10,090 [IPC Server listener on 37998] INFO  ipc.Server (Server.java:run(1153)) - IPC Server listener on 37998: starting
2019-11-14 19:55:10,096 [main] INFO  hdfs.DFSUtil (DFSUtil.java:httpServerTemplateForNNAndJN(1641)) - Starting Web-server for ozoneManager at: http://0.0.0.0:0
2019-11-14 19:55:10,099 [main] INFO  server.AuthenticationFilter (AuthenticationFilter.java:constructSecretProvider(240)) - Unable to initialize FileSignerSecretProvider, falling back to use random secrets.
2019-11-14 19:55:10,100 [main] WARN  http.HttpRequestLog (HttpRequestLog.java:getRequestLog(97)) - Jetty request log can only be enabled using Log4j
2019-11-14 19:55:10,105 [main] INFO  http.HttpServer2 (HttpServer2.java:addGlobalFilter(975)) - Added global filter 'safety' (class=org.apache.hadoop.http.HttpServer2$QuotingInputFilter)
2019-11-14 19:55:10,106 [main] INFO  http.HttpServer2 (HttpServer2.java:addFilter(948)) - Added filter static_user_filter (class=org.apache.hadoop.http.lib.StaticUserWebFilter$StaticUserFilter) to context ozoneManager
2019-11-14 19:55:10,106 [main] INFO  http.HttpServer2 (HttpServer2.java:addFilter(958)) - Added filter static_user_filter (class=org.apache.hadoop.http.lib.StaticUserWebFilter$StaticUserFilter) to context logs
2019-11-14 19:55:10,107 [main] INFO  http.HttpServer2 (HttpServer2.java:addFilter(958)) - Added filter static_user_filter (class=org.apache.hadoop.http.lib.StaticUserWebFilter$StaticUserFilter) to context static
2019-11-14 19:55:10,110 [main] INFO  http.HttpServer2 (HttpServer2.java:bindListener(1191)) - Jetty bound to port 45519
2019-11-14 19:55:10,110 [main] INFO  server.Server (Server.java:doStart(351)) - jetty-9.3.25.v20180904, build timestamp: 2018-09-04T21:11:46Z, git hash: 3ce520221d0240229c862b122d2b06c12a625732
2019-11-14 19:55:10,149 [main] INFO  handler.ContextHandler (ContextHandler.java:doStart(781)) - Started o.e.j.s.ServletContextHandler@6ff37443{/logs,file:///workdir/hadoop-ozone/integration-test/target/log,AVAILABLE}
2019-11-14 19:55:10,150 [main] INFO  handler.ContextHandler (ContextHandler.java:doStart(781)) - Started o.e.j.s.ServletContextHandler@53093491{/static,file:///workdir/hadoop-ozone/integration-test/target/test-classes/webapps/static,AVAILABLE}
2019-11-14 19:55:10,157 [main] INFO  handler.ContextHandler (ContextHandler.java:doStart(781)) - Started o.e.j.w.WebAppContext@4e8e8621{/,file:///workdir/hadoop-ozone/integration-test/target/test-classes/webapps/ozoneManager/,AVAILABLE}{/ozoneManager}
2019-11-14 19:55:10,158 [main] INFO  server.AbstractConnector (AbstractConnector.java:doStart(278)) - Started ServerConnector@c446b14{HTTP/1.1,[http/1.1]}{0.0.0.0:45519}
2019-11-14 19:55:10,158 [main] INFO  server.Server (Server.java:doStart(419)) - Started @62129ms
2019-11-14 19:55:10,158 [main] WARN  impl.MetricsSystemImpl (MetricsSystemImpl.java:register(276)) - Sink prometheus already exists!
2019-11-14 19:55:10,160 [main] INFO  server.BaseHttpServer (BaseHttpServer.java:updateConnectorAddress(215)) - HTTP server of OZONEMANAGER is listening at http://0.0.0.0:45519
2019-11-14 19:55:10,418 [main] INFO  impl.MetricsSystemImpl (MetricsSystemImpl.java:init(158)) - HddsDatanode metrics system started (again)
2019-11-14 19:55:10,469 [main] INFO  ozone.HddsDatanodeService (HddsDatanodeService.java:start(186)) - HddsDatanodeService host:pr-hdds-2489-n52xc-1246314526 ip:192.168.157.219
2019-11-14 19:55:10,511 [main] INFO  volume.HddsVolume (HddsVolume.java:<init>(176)) - Creating Volume: /workdir/hadoop-ozone/integration-test/target/test-dir/MiniOzoneClusterImpl-4164cd2a-9f03-471b-8431-fd84a2e2cb62/datanode-0/data/containers/hdds of  storage type : DISK and capacity : 1482555576320
2019-11-14 19:55:10,513 [main] INFO  volume.VolumeSet (VolumeSet.java:initializeVolumeSet(170)) - Added Volume : /workdir/hadoop-ozone/integration-test/target/test-dir/MiniOzoneClusterImpl-4164cd2a-9f03-471b-8431-fd84a2e2cb62/datanode-0/data/containers/hdds to VolumeSet
2019-11-14 19:55:10,516 [main] INFO  volume.ThrottledAsyncChecker (ThrottledAsyncChecker.java:schedule(141)) - Scheduling a check for /workdir/hadoop-ozone/integration-test/target/test-dir/MiniOzoneClusterImpl-4164cd2a-9f03-471b-8431-fd84a2e2cb62/datanode-0/data/containers/hdds
2019-11-14 19:55:10,533 [main] INFO  volume.HddsVolumeChecker (HddsVolumeChecker.java:checkAllVolumes(204)) - Scheduled health check for volume /workdir/hadoop-ozone/integration-test/target/test-dir/MiniOzoneClusterImpl-4164cd2a-9f03-471b-8431-fd84a2e2cb62/datanode-0/data/containers/hdds
2019-11-14 19:55:10,649 [main] INFO  impl.RaftServerProxy (ConfUtils.java:logGet(43)) - raft.rpc.type = GRPC (default)
2019-11-14 19:55:10,704 [main] INFO  grpc.GrpcFactory (GrpcFactory.java:checkPooledByteBufAllocatorUseCacheForAllThreads(45)) - PERFORMANCE WARNING: useCacheForAllThreads is true that may cause Netty to create a lot garbage objects and, as a result, trigger GC.
	It is recommended to disable useCacheForAllThreads by setting -Dorg.apache.ratis.thirdparty.io.netty.allocator.useCacheForAllThreads=false in command line.
2019-11-14 19:55:10,709 [main] INFO  grpc.GrpcConfigKeys$Server (ConfUtils.java:logGet(43)) - raft.grpc.server.port = 0 (default)
2019-11-14 19:55:10,710 [main] INFO  server.GrpcService (ConfUtils.java:logGet(43)) - raft.grpc.message.size.max = 33570816 (custom)
2019-11-14 19:55:10,711 [main] INFO  server.RaftServerConfigKeys (ConfUtils.java:logGet(43)) - raft.server.log.appender.buffer.byte-limit = 33554432 (custom)
2019-11-14 19:55:10,712 [main] INFO  server.GrpcService (ConfUtils.java:logGet(43)) - raft.grpc.flow.control.window = 1MB (=1048576) (default)
2019-11-14 19:55:10,712 [main] INFO  server.RaftServerConfigKeys (ConfUtils.java:logGet(43)) - raft.server.rpc.request.timeout = 3000ms (default)
2019-11-14 19:55:10,877 [main] INFO  server.RaftServerConfigKeys (ConfUtils.java:logGet(43)) - raft.server.storage.dir = [/workdir/hadoop-ozone/integration-test/target/test-dir/MiniOzoneClusterImpl-4164cd2a-9f03-471b-8431-fd84a2e2cb62/datanode-0/data/ratis] (custom)
2019-11-14 19:55:10,936 [main] INFO  hdfs.DFSUtil (DFSUtil.java:httpServerTemplateForNNAndJN(1641)) - Starting Web-server for hddsDatanode at: http://0.0.0.0:0
2019-11-14 19:55:10,939 [main] INFO  server.AuthenticationFilter (AuthenticationFilter.java:constructSecretProvider(240)) - Unable to initialize FileSignerSecretProvider, falling back to use random secrets.
2019-11-14 19:55:10,940 [main] WARN  http.HttpRequestLog (HttpRequestLog.java:getRequestLog(97)) - Jetty request log can only be enabled using Log4j
2019-11-14 19:55:10,943 [main] INFO  http.HttpServer2 (HttpServer2.java:addGlobalFilter(975)) - Added global filter 'safety' (class=org.apache.hadoop.http.HttpServer2$QuotingInputFilter)
2019-11-14 19:55:10,944 [main] INFO  http.HttpServer2 (HttpServer2.java:addFilter(948)) - Added filter static_user_filter (class=org.apache.hadoop.http.lib.StaticUserWebFilter$StaticUserFilter) to context hddsDatanode
2019-11-14 19:55:10,944 [main] INFO  http.HttpServer2 (HttpServer2.java:addFilter(958)) - Added filter static_user_filter (class=org.apache.hadoop.http.lib.StaticUserWebFilter$StaticUserFilter) to context logs
2019-11-14 19:55:10,944 [main] INFO  http.HttpServer2 (HttpServer2.java:addFilter(958)) - Added filter static_user_filter (class=org.apache.hadoop.http.lib.StaticUserWebFilter$StaticUserFilter) to context static
2019-11-14 19:55:10,946 [main] INFO  http.HttpServer2 (HttpServer2.java:bindListener(1191)) - Jetty bound to port 44969
2019-11-14 19:55:10,946 [main] INFO  server.Server (Server.java:doStart(351)) - jetty-9.3.25.v20180904, build timestamp: 2018-09-04T21:11:46Z, git hash: 3ce520221d0240229c862b122d2b06c12a625732
2019-11-14 19:55:10,950 [main] INFO  handler.ContextHandler (ContextHandler.java:doStart(781)) - Started o.e.j.s.ServletContextHandler@44bd4b0a{/logs,file:///workdir/hadoop-ozone/integration-test/target/log,AVAILABLE}
2019-11-14 19:55:10,951 [main] INFO  handler.ContextHandler (ContextHandler.java:doStart(781)) - Started o.e.j.s.ServletContextHandler@216e0771{/static,jar:file:/home/user/.m2/repository/org/apache/hadoop/hadoop-hdds-container-service/0.5.0-SNAPSHOT/hadoop-hdds-container-service-0.5.0-SNAPSHOT.jar!/webapps/static,AVAILABLE}
2019-11-14 19:55:11,003 [main] INFO  handler.ContextHandler (ContextHandler.java:doStart(781)) - Started o.e.j.w.WebAppContext@62e93c3a{/,file:///tmp/jetty-0.0.0.0-44969-hddsDatanode-_-any-2749100623557679681.dir/webapp/,AVAILABLE}{/hddsDatanode}
2019-11-14 19:55:11,004 [main] INFO  server.AbstractConnector (AbstractConnector.java:doStart(278)) - Started ServerConnector@673919a7{HTTP/1.1,[http/1.1]}{0.0.0.0:44969}
2019-11-14 19:55:11,004 [main] INFO  server.Server (Server.java:doStart(419)) - Started @62976ms
2019-11-14 19:55:11,005 [main] WARN  impl.MetricsSystemImpl (MetricsSystemImpl.java:register(276)) - Sink prometheus already exists!
2019-11-14 19:55:11,006 [main] INFO  server.BaseHttpServer (BaseHttpServer.java:updateConnectorAddress(215)) - HTTP server of HDDSDATANODE is listening at http://0.0.0.0:44969
2019-11-14 19:55:11,007 [main] INFO  impl.MetricsSystemImpl (MetricsSystemImpl.java:init(158)) - HddsDatanode metrics system started (again)
2019-11-14 19:55:11,009 [main] INFO  ozone.HddsDatanodeService (HddsDatanodeService.java:start(186)) - HddsDatanodeService host:pr-hdds-2489-n52xc-1246314526 ip:192.168.157.219
2019-11-14 19:55:11,014 [org.apache.hadoop.util.JvmPauseMonitor$Monitor@23e261c5] INFO  util.JvmPauseMonitor (JvmPauseMonitor.java:run(188)) - Starting JVM pause monitor
2019-11-14 19:55:11,018 [main] INFO  volume.HddsVolume (HddsVolume.java:<init>(176)) - Creating Volume: /workdir/hadoop-ozone/integration-test/target/test-dir/MiniOzoneClusterImpl-4164cd2a-9f03-471b-8431-fd84a2e2cb62/datanode-1/data/containers/hdds of  storage type : DISK and capacity : 1482555576320
2019-11-14 19:55:11,019 [main] INFO  volume.VolumeSet (VolumeSet.java:initializeVolumeSet(170)) - Added Volume : /workdir/hadoop-ozone/integration-test/target/test-dir/MiniOzoneClusterImpl-4164cd2a-9f03-471b-8431-fd84a2e2cb62/datanode-1/data/containers/hdds to VolumeSet
2019-11-14 19:55:11,019 [main] INFO  volume.ThrottledAsyncChecker (ThrottledAsyncChecker.java:schedule(141)) - Scheduling a check for /workdir/hadoop-ozone/integration-test/target/test-dir/MiniOzoneClusterImpl-4164cd2a-9f03-471b-8431-fd84a2e2cb62/datanode-1/data/containers/hdds
2019-11-14 19:55:11,020 [main] INFO  volume.HddsVolumeChecker (HddsVolumeChecker.java:checkAllVolumes(204)) - Scheduled health check for volume /workdir/hadoop-ozone/integration-test/target/test-dir/MiniOzoneClusterImpl-4164cd2a-9f03-471b-8431-fd84a2e2cb62/datanode-1/data/containers/hdds
2019-11-14 19:55:11,037 [main] INFO  impl.RaftServerProxy (ConfUtils.java:logGet(43)) - raft.rpc.type = GRPC (default)
2019-11-14 19:55:11,037 [main] INFO  grpc.GrpcFactory (GrpcFactory.java:checkPooledByteBufAllocatorUseCacheForAllThreads(45)) - PERFORMANCE WARNING: useCacheForAllThreads is true that may cause Netty to create a lot garbage objects and, as a result, trigger GC.
	It is recommended to disable useCacheForAllThreads by setting -Dorg.apache.ratis.thirdparty.io.netty.allocator.useCacheForAllThreads=false in command line.
2019-11-14 19:55:11,037 [main] INFO  grpc.GrpcConfigKeys$Server (ConfUtils.java:logGet(43)) - raft.grpc.server.port = 0 (default)
2019-11-14 19:55:11,038 [main] INFO  server.GrpcService (ConfUtils.java:logGet(43)) - raft.grpc.message.size.max = 33570816 (custom)
2019-11-14 19:55:11,038 [main] INFO  server.RaftServerConfigKeys (ConfUtils.java:logGet(43)) - raft.server.log.appender.buffer.byte-limit = 33554432 (custom)
2019-11-14 19:55:11,038 [main] INFO  server.GrpcService (ConfUtils.java:logGet(43)) - raft.grpc.flow.control.window = 1MB (=1048576) (default)
2019-11-14 19:55:11,038 [main] INFO  server.RaftServerConfigKeys (ConfUtils.java:logGet(43)) - raft.server.rpc.request.timeout = 3000ms (default)
2019-11-14 19:55:11,039 [main] INFO  server.RaftServerConfigKeys (ConfUtils.java:logGet(43)) - raft.server.storage.dir = [/workdir/hadoop-ozone/integration-test/target/test-dir/MiniOzoneClusterImpl-4164cd2a-9f03-471b-8431-fd84a2e2cb62/datanode-1/data/ratis] (custom)
2019-11-14 19:55:11,041 [main] INFO  hdfs.DFSUtil (DFSUtil.java:httpServerTemplateForNNAndJN(1641)) - Starting Web-server for hddsDatanode at: http://0.0.0.0:0
2019-11-14 19:55:11,043 [main] INFO  server.AuthenticationFilter (AuthenticationFilter.java:constructSecretProvider(240)) - Unable to initialize FileSignerSecretProvider, falling back to use random secrets.
2019-11-14 19:55:11,044 [main] WARN  http.HttpRequestLog (HttpRequestLog.java:getRequestLog(97)) - Jetty request log can only be enabled using Log4j
2019-11-14 19:55:11,047 [main] INFO  http.HttpServer2 (HttpServer2.java:addGlobalFilter(975)) - Added global filter 'safety' (class=org.apache.hadoop.http.HttpServer2$QuotingInputFilter)
2019-11-14 19:55:11,048 [main] INFO  http.HttpServer2 (HttpServer2.java:addFilter(948)) - Added filter static_user_filter (class=org.apache.hadoop.http.lib.StaticUserWebFilter$StaticUserFilter) to context hddsDatanode
2019-11-14 19:55:11,048 [main] INFO  http.HttpServer2 (HttpServer2.java:addFilter(958)) - Added filter static_user_filter (class=org.apache.hadoop.http.lib.StaticUserWebFilter$StaticUserFilter) to context logs
2019-11-14 19:55:11,048 [main] INFO  http.HttpServer2 (HttpServer2.java:addFilter(958)) - Added filter static_user_filter (class=org.apache.hadoop.http.lib.StaticUserWebFilter$StaticUserFilter) to context static
2019-11-14 19:55:11,050 [main] INFO  http.HttpServer2 (HttpServer2.java:bindListener(1191)) - Jetty bound to port 40069
2019-11-14 19:55:11,051 [main] INFO  server.Server (Server.java:doStart(351)) - jetty-9.3.25.v20180904, build timestamp: 2018-09-04T21:11:46Z, git hash: 3ce520221d0240229c862b122d2b06c12a625732
2019-11-14 19:55:11,055 [main] INFO  handler.ContextHandler (ContextHandler.java:doStart(781)) - Started o.e.j.s.ServletContextHandler@4674d90{/logs,file:///workdir/hadoop-ozone/integration-test/target/log,AVAILABLE}
2019-11-14 19:55:11,056 [main] INFO  handler.ContextHandler (ContextHandler.java:doStart(781)) - Started o.e.j.s.ServletContextHandler@1292071f{/static,jar:file:/home/user/.m2/repository/org/apache/hadoop/hadoop-hdds-container-service/0.5.0-SNAPSHOT/hadoop-hdds-container-service-0.5.0-SNAPSHOT.jar!/webapps/static,AVAILABLE}
2019-11-14 19:55:11,100 [main] INFO  handler.ContextHandler (ContextHandler.java:doStart(781)) - Started o.e.j.w.WebAppContext@277bf091{/,file:///tmp/jetty-0.0.0.0-40069-hddsDatanode-_-any-417120199178920929.dir/webapp/,AVAILABLE}{/hddsDatanode}
2019-11-14 19:55:11,100 [main] INFO  server.AbstractConnector (AbstractConnector.java:doStart(278)) - Started ServerConnector@fab35b1{HTTP/1.1,[http/1.1]}{0.0.0.0:40069}
2019-11-14 19:55:11,101 [main] INFO  server.Server (Server.java:doStart(419)) - Started @63073ms
2019-11-14 19:55:11,102 [main] WARN  impl.MetricsSystemImpl (MetricsSystemImpl.java:register(276)) - Sink prometheus already exists!
2019-11-14 19:55:11,103 [main] INFO  server.BaseHttpServer (BaseHttpServer.java:updateConnectorAddress(215)) - HTTP server of HDDSDATANODE is listening at http://0.0.0.0:40069
2019-11-14 19:55:11,103 [main] INFO  impl.MetricsSystemImpl (MetricsSystemImpl.java:init(158)) - HddsDatanode metrics system started (again)
2019-11-14 19:55:11,106 [main] INFO  ozone.HddsDatanodeService (HddsDatanodeService.java:start(186)) - HddsDatanodeService host:pr-hdds-2489-n52xc-1246314526 ip:192.168.157.219
2019-11-14 19:55:11,106 [org.apache.hadoop.util.JvmPauseMonitor$Monitor@48f6764d] INFO  util.JvmPauseMonitor (JvmPauseMonitor.java:run(188)) - Starting JVM pause monitor
2019-11-14 19:55:11,114 [main] INFO  volume.HddsVolume (HddsVolume.java:<init>(176)) - Creating Volume: /workdir/hadoop-ozone/integration-test/target/test-dir/MiniOzoneClusterImpl-4164cd2a-9f03-471b-8431-fd84a2e2cb62/datanode-2/data/containers/hdds of  storage type : DISK and capacity : 1482555576320
2019-11-14 19:55:11,114 [main] INFO  volume.VolumeSet (VolumeSet.java:initializeVolumeSet(170)) - Added Volume : /workdir/hadoop-ozone/integration-test/target/test-dir/MiniOzoneClusterImpl-4164cd2a-9f03-471b-8431-fd84a2e2cb62/datanode-2/data/containers/hdds to VolumeSet
2019-11-14 19:55:11,115 [main] INFO  volume.ThrottledAsyncChecker (ThrottledAsyncChecker.java:schedule(141)) - Scheduling a check for /workdir/hadoop-ozone/integration-test/target/test-dir/MiniOzoneClusterImpl-4164cd2a-9f03-471b-8431-fd84a2e2cb62/datanode-2/data/containers/hdds
2019-11-14 19:55:11,115 [main] INFO  volume.HddsVolumeChecker (HddsVolumeChecker.java:checkAllVolumes(204)) - Scheduled health check for volume /workdir/hadoop-ozone/integration-test/target/test-dir/MiniOzoneClusterImpl-4164cd2a-9f03-471b-8431-fd84a2e2cb62/datanode-2/data/containers/hdds
2019-11-14 19:55:11,130 [main] INFO  impl.RaftServerProxy (ConfUtils.java:logGet(43)) - raft.rpc.type = GRPC (default)
2019-11-14 19:55:11,130 [main] INFO  grpc.GrpcFactory (GrpcFactory.java:checkPooledByteBufAllocatorUseCacheForAllThreads(45)) - PERFORMANCE WARNING: useCacheForAllThreads is true that may cause Netty to create a lot garbage objects and, as a result, trigger GC.
	It is recommended to disable useCacheForAllThreads by setting -Dorg.apache.ratis.thirdparty.io.netty.allocator.useCacheForAllThreads=false in command line.
2019-11-14 19:55:11,131 [main] INFO  grpc.GrpcConfigKeys$Server (ConfUtils.java:logGet(43)) - raft.grpc.server.port = 0 (default)
2019-11-14 19:55:11,131 [main] INFO  server.GrpcService (ConfUtils.java:logGet(43)) - raft.grpc.message.size.max = 33570816 (custom)
2019-11-14 19:55:11,131 [main] INFO  server.RaftServerConfigKeys (ConfUtils.java:logGet(43)) - raft.server.log.appender.buffer.byte-limit = 33554432 (custom)
2019-11-14 19:55:11,131 [main] INFO  server.GrpcService (ConfUtils.java:logGet(43)) - raft.grpc.flow.control.window = 1MB (=1048576) (default)
2019-11-14 19:55:11,131 [main] INFO  server.RaftServerConfigKeys (ConfUtils.java:logGet(43)) - raft.server.rpc.request.timeout = 3000ms (default)
2019-11-14 19:55:11,132 [main] INFO  server.RaftServerConfigKeys (ConfUtils.java:logGet(43)) - raft.server.storage.dir = [/workdir/hadoop-ozone/integration-test/target/test-dir/MiniOzoneClusterImpl-4164cd2a-9f03-471b-8431-fd84a2e2cb62/datanode-2/data/ratis] (custom)
2019-11-14 19:55:11,134 [main] INFO  hdfs.DFSUtil (DFSUtil.java:httpServerTemplateForNNAndJN(1641)) - Starting Web-server for hddsDatanode at: http://0.0.0.0:0
2019-11-14 19:55:11,136 [main] INFO  server.AuthenticationFilter (AuthenticationFilter.java:constructSecretProvider(240)) - Unable to initialize FileSignerSecretProvider, falling back to use random secrets.
2019-11-14 19:55:11,136 [main] WARN  http.HttpRequestLog (HttpRequestLog.java:getRequestLog(97)) - Jetty request log can only be enabled using Log4j
2019-11-14 19:55:11,137 [main] INFO  http.HttpServer2 (HttpServer2.java:addGlobalFilter(975)) - Added global filter 'safety' (class=org.apache.hadoop.http.HttpServer2$QuotingInputFilter)
2019-11-14 19:55:11,138 [main] INFO  http.HttpServer2 (HttpServer2.java:addFilter(948)) - Added filter static_user_filter (class=org.apache.hadoop.http.lib.StaticUserWebFilter$StaticUserFilter) to context hddsDatanode
2019-11-14 19:55:11,138 [main] INFO  http.HttpServer2 (HttpServer2.java:addFilter(958)) - Added filter static_user_filter (class=org.apache.hadoop.http.lib.StaticUserWebFilter$StaticUserFilter) to context static
2019-11-14 19:55:11,138 [main] INFO  http.HttpServer2 (HttpServer2.java:addFilter(958)) - Added filter static_user_filter (class=org.apache.hadoop.http.lib.StaticUserWebFilter$StaticUserFilter) to context logs
2019-11-14 19:55:11,139 [main] INFO  http.HttpServer2 (HttpServer2.java:bindListener(1191)) - Jetty bound to port 35957
2019-11-14 19:55:11,139 [main] INFO  server.Server (Server.java:doStart(351)) - jetty-9.3.25.v20180904, build timestamp: 2018-09-04T21:11:46Z, git hash: 3ce520221d0240229c862b122d2b06c12a625732
2019-11-14 19:55:11,142 [main] INFO  handler.ContextHandler (ContextHandler.java:doStart(781)) - Started o.e.j.s.ServletContextHandler@7f353d99{/logs,file:///workdir/hadoop-ozone/integration-test/target/log,AVAILABLE}
2019-11-14 19:55:11,142 [main] INFO  handler.ContextHandler (ContextHandler.java:doStart(781)) - Started o.e.j.s.ServletContextHandler@5d43409a{/static,jar:file:/home/user/.m2/repository/org/apache/hadoop/hadoop-hdds-container-service/0.5.0-SNAPSHOT/hadoop-hdds-container-service-0.5.0-SNAPSHOT.jar!/webapps/static,AVAILABLE}
2019-11-14 19:55:11,151 [Datanode State Machine Thread - 0] INFO  datanode.InitDatanodeState (InitDatanodeState.java:persistContainerDatanodeDetails(140)) - DatanodeDetails is persisted to /workdir/hadoop-ozone/integration-test/target/test-dir/MiniOzoneClusterImpl-4164cd2a-9f03-471b-8431-fd84a2e2cb62/datanode-0/meta/datanode.id
2019-11-14 19:55:11,154 [Datanode State Machine Thread - 0] INFO  datanode.InitDatanodeState (InitDatanodeState.java:persistContainerDatanodeDetails(140)) - DatanodeDetails is persisted to /workdir/hadoop-ozone/integration-test/target/test-dir/MiniOzoneClusterImpl-4164cd2a-9f03-471b-8431-fd84a2e2cb62/datanode-1/meta/datanode.id
2019-11-14 19:55:11,176 [main] INFO  handler.ContextHandler (ContextHandler.java:doStart(781)) - Started o.e.j.w.WebAppContext@4eba373c{/,file:///tmp/jetty-0.0.0.0-35957-hddsDatanode-_-any-1554794989960417939.dir/webapp/,AVAILABLE}{/hddsDatanode}
2019-11-14 19:55:11,177 [main] INFO  server.AbstractConnector (AbstractConnector.java:doStart(278)) - Started ServerConnector@767a014e{HTTP/1.1,[http/1.1]}{0.0.0.0:35957}
2019-11-14 19:55:11,177 [main] INFO  server.Server (Server.java:doStart(419)) - Started @63148ms
2019-11-14 19:55:11,177 [main] WARN  impl.MetricsSystemImpl (MetricsSystemImpl.java:register(276)) - Sink prometheus already exists!
2019-11-14 19:55:11,178 [main] INFO  server.BaseHttpServer (BaseHttpServer.java:updateConnectorAddress(215)) - HTTP server of HDDSDATANODE is listening at http://0.0.0.0:35957
2019-11-14 19:55:11,179 [main] INFO  impl.MetricsSystemImpl (MetricsSystemImpl.java:init(158)) - HddsDatanode metrics system started (again)
2019-11-14 19:55:11,181 [org.apache.hadoop.util.JvmPauseMonitor$Monitor@fb98b70] INFO  util.JvmPauseMonitor (JvmPauseMonitor.java:run(188)) - Starting JVM pause monitor
2019-11-14 19:55:11,184 [main] INFO  ozone.HddsDatanodeService (HddsDatanodeService.java:start(186)) - HddsDatanodeService host:pr-hdds-2489-n52xc-1246314526 ip:192.168.157.219
2019-11-14 19:55:11,184 [Datanode State Machine Thread - 0] INFO  datanode.InitDatanodeState (InitDatanodeState.java:persistContainerDatanodeDetails(140)) - DatanodeDetails is persisted to /workdir/hadoop-ozone/integration-test/target/test-dir/MiniOzoneClusterImpl-4164cd2a-9f03-471b-8431-fd84a2e2cb62/datanode-2/meta/datanode.id
2019-11-14 19:55:11,191 [main] INFO  volume.HddsVolume (HddsVolume.java:<init>(176)) - Creating Volume: /workdir/hadoop-ozone/integration-test/target/test-dir/MiniOzoneClusterImpl-4164cd2a-9f03-471b-8431-fd84a2e2cb62/datanode-3/data/containers/hdds of  storage type : DISK and capacity : 1482555576320
2019-11-14 19:55:11,192 [main] INFO  volume.VolumeSet (VolumeSet.java:initializeVolumeSet(170)) - Added Volume : /workdir/hadoop-ozone/integration-test/target/test-dir/MiniOzoneClusterImpl-4164cd2a-9f03-471b-8431-fd84a2e2cb62/datanode-3/data/containers/hdds to VolumeSet
2019-11-14 19:55:11,192 [main] INFO  volume.ThrottledAsyncChecker (ThrottledAsyncChecker.java:schedule(141)) - Scheduling a check for /workdir/hadoop-ozone/integration-test/target/test-dir/MiniOzoneClusterImpl-4164cd2a-9f03-471b-8431-fd84a2e2cb62/datanode-3/data/containers/hdds
2019-11-14 19:55:11,193 [main] INFO  volume.HddsVolumeChecker (HddsVolumeChecker.java:checkAllVolumes(204)) - Scheduled health check for volume /workdir/hadoop-ozone/integration-test/target/test-dir/MiniOzoneClusterImpl-4164cd2a-9f03-471b-8431-fd84a2e2cb62/datanode-3/data/containers/hdds
2019-11-14 19:55:11,213 [main] INFO  impl.RaftServerProxy (ConfUtils.java:logGet(43)) - raft.rpc.type = GRPC (default)
2019-11-14 19:55:11,213 [main] INFO  grpc.GrpcFactory (GrpcFactory.java:checkPooledByteBufAllocatorUseCacheForAllThreads(45)) - PERFORMANCE WARNING: useCacheForAllThreads is true that may cause Netty to create a lot garbage objects and, as a result, trigger GC.
	It is recommended to disable useCacheForAllThreads by setting -Dorg.apache.ratis.thirdparty.io.netty.allocator.useCacheForAllThreads=false in command line.
2019-11-14 19:55:11,213 [main] INFO  grpc.GrpcConfigKeys$Server (ConfUtils.java:logGet(43)) - raft.grpc.server.port = 0 (default)
2019-11-14 19:55:11,214 [main] INFO  server.GrpcService (ConfUtils.java:logGet(43)) - raft.grpc.message.size.max = 33570816 (custom)
2019-11-14 19:55:11,214 [main] INFO  server.RaftServerConfigKeys (ConfUtils.java:logGet(43)) - raft.server.log.appender.buffer.byte-limit = 33554432 (custom)
2019-11-14 19:55:11,214 [main] INFO  server.GrpcService (ConfUtils.java:logGet(43)) - raft.grpc.flow.control.window = 1MB (=1048576) (default)
2019-11-14 19:55:11,214 [main] INFO  server.RaftServerConfigKeys (ConfUtils.java:logGet(43)) - raft.server.rpc.request.timeout = 3000ms (default)
2019-11-14 19:55:11,215 [main] INFO  server.RaftServerConfigKeys (ConfUtils.java:logGet(43)) - raft.server.storage.dir = [/workdir/hadoop-ozone/integration-test/target/test-dir/MiniOzoneClusterImpl-4164cd2a-9f03-471b-8431-fd84a2e2cb62/datanode-3/data/ratis] (custom)
2019-11-14 19:55:11,217 [main] INFO  hdfs.DFSUtil (DFSUtil.java:httpServerTemplateForNNAndJN(1641)) - Starting Web-server for hddsDatanode at: http://0.0.0.0:0
2019-11-14 19:55:11,218 [main] INFO  server.AuthenticationFilter (AuthenticationFilter.java:constructSecretProvider(240)) - Unable to initialize FileSignerSecretProvider, falling back to use random secrets.
2019-11-14 19:55:11,226 [main] WARN  http.HttpRequestLog (HttpRequestLog.java:getRequestLog(97)) - Jetty request log can only be enabled using Log4j
2019-11-14 19:55:11,228 [main] INFO  http.HttpServer2 (HttpServer2.java:addGlobalFilter(975)) - Added global filter 'safety' (class=org.apache.hadoop.http.HttpServer2$QuotingInputFilter)
2019-11-14 19:55:11,229 [main] INFO  http.HttpServer2 (HttpServer2.java:addFilter(948)) - Added filter static_user_filter (class=org.apache.hadoop.http.lib.StaticUserWebFilter$StaticUserFilter) to context hddsDatanode
2019-11-14 19:55:11,229 [main] INFO  http.HttpServer2 (HttpServer2.java:addFilter(958)) - Added filter static_user_filter (class=org.apache.hadoop.http.lib.StaticUserWebFilter$StaticUserFilter) to context logs
2019-11-14 19:55:11,229 [main] INFO  http.HttpServer2 (HttpServer2.java:addFilter(958)) - Added filter static_user_filter (class=org.apache.hadoop.http.lib.StaticUserWebFilter$StaticUserFilter) to context static
2019-11-14 19:55:11,230 [main] INFO  http.HttpServer2 (HttpServer2.java:bindListener(1191)) - Jetty bound to port 45634
2019-11-14 19:55:11,230 [main] INFO  server.Server (Server.java:doStart(351)) - jetty-9.3.25.v20180904, build timestamp: 2018-09-04T21:11:46Z, git hash: 3ce520221d0240229c862b122d2b06c12a625732
2019-11-14 19:55:11,235 [main] INFO  handler.ContextHandler (ContextHandler.java:doStart(781)) - Started o.e.j.s.ServletContextHandler@e84fb85{/logs,file:///workdir/hadoop-ozone/integration-test/target/log,AVAILABLE}
2019-11-14 19:55:11,236 [main] INFO  handler.ContextHandler (ContextHandler.java:doStart(781)) - Started o.e.j.s.ServletContextHandler@646c0a67{/static,jar:file:/home/user/.m2/repository/org/apache/hadoop/hadoop-hdds-container-service/0.5.0-SNAPSHOT/hadoop-hdds-container-service-0.5.0-SNAPSHOT.jar!/webapps/static,AVAILABLE}
2019-11-14 19:55:11,273 [main] INFO  handler.ContextHandler (ContextHandler.java:doStart(781)) - Started o.e.j.w.WebAppContext@c27a3a2{/,file:///tmp/jetty-0.0.0.0-45634-hddsDatanode-_-any-4433353010410023656.dir/webapp/,AVAILABLE}{/hddsDatanode}
2019-11-14 19:55:11,273 [main] INFO  server.AbstractConnector (AbstractConnector.java:doStart(278)) - Started ServerConnector@4b200971{HTTP/1.1,[http/1.1]}{0.0.0.0:45634}
2019-11-14 19:55:11,274 [main] INFO  server.Server (Server.java:doStart(419)) - Started @63246ms
2019-11-14 19:55:11,275 [main] WARN  impl.MetricsSystemImpl (MetricsSystemImpl.java:register(276)) - Sink prometheus already exists!
2019-11-14 19:55:11,276 [main] INFO  server.BaseHttpServer (BaseHttpServer.java:updateConnectorAddress(215)) - HTTP server of HDDSDATANODE is listening at http://0.0.0.0:45634
2019-11-14 19:55:11,276 [main] INFO  impl.MetricsSystemImpl (MetricsSystemImpl.java:init(158)) - HddsDatanode metrics system started (again)
2019-11-14 19:55:11,279 [org.apache.hadoop.util.JvmPauseMonitor$Monitor@63e326ef] INFO  util.JvmPauseMonitor (JvmPauseMonitor.java:run(188)) - Starting JVM pause monitor
2019-11-14 19:55:11,279 [main] INFO  ozone.HddsDatanodeService (HddsDatanodeService.java:start(186)) - HddsDatanodeService host:pr-hdds-2489-n52xc-1246314526 ip:192.168.157.219
2019-11-14 19:55:11,282 [Datanode State Machine Thread - 0] INFO  datanode.InitDatanodeState (InitDatanodeState.java:persistContainerDatanodeDetails(140)) - DatanodeDetails is persisted to /workdir/hadoop-ozone/integration-test/target/test-dir/MiniOzoneClusterImpl-4164cd2a-9f03-471b-8431-fd84a2e2cb62/datanode-3/meta/datanode.id
2019-11-14 19:55:11,286 [main] INFO  volume.HddsVolume (HddsVolume.java:<init>(176)) - Creating Volume: /workdir/hadoop-ozone/integration-test/target/test-dir/MiniOzoneClusterImpl-4164cd2a-9f03-471b-8431-fd84a2e2cb62/datanode-4/data/containers/hdds of  storage type : DISK and capacity : 1482555576320
2019-11-14 19:55:11,287 [main] INFO  volume.VolumeSet (VolumeSet.java:initializeVolumeSet(170)) - Added Volume : /workdir/hadoop-ozone/integration-test/target/test-dir/MiniOzoneClusterImpl-4164cd2a-9f03-471b-8431-fd84a2e2cb62/datanode-4/data/containers/hdds to VolumeSet
2019-11-14 19:55:11,287 [main] INFO  volume.ThrottledAsyncChecker (ThrottledAsyncChecker.java:schedule(141)) - Scheduling a check for /workdir/hadoop-ozone/integration-test/target/test-dir/MiniOzoneClusterImpl-4164cd2a-9f03-471b-8431-fd84a2e2cb62/datanode-4/data/containers/hdds
2019-11-14 19:55:11,288 [main] INFO  volume.HddsVolumeChecker (HddsVolumeChecker.java:checkAllVolumes(204)) - Scheduled health check for volume /workdir/hadoop-ozone/integration-test/target/test-dir/MiniOzoneClusterImpl-4164cd2a-9f03-471b-8431-fd84a2e2cb62/datanode-4/data/containers/hdds
2019-11-14 19:55:11,301 [main] INFO  impl.RaftServerProxy (ConfUtils.java:logGet(43)) - raft.rpc.type = GRPC (default)
2019-11-14 19:55:11,302 [main] INFO  grpc.GrpcFactory (GrpcFactory.java:checkPooledByteBufAllocatorUseCacheForAllThreads(45)) - PERFORMANCE WARNING: useCacheForAllThreads is true that may cause Netty to create a lot garbage objects and, as a result, trigger GC.
	It is recommended to disable useCacheForAllThreads by setting -Dorg.apache.ratis.thirdparty.io.netty.allocator.useCacheForAllThreads=false in command line.
2019-11-14 19:55:11,302 [main] INFO  grpc.GrpcConfigKeys$Server (ConfUtils.java:logGet(43)) - raft.grpc.server.port = 0 (default)
2019-11-14 19:55:11,302 [main] INFO  server.GrpcService (ConfUtils.java:logGet(43)) - raft.grpc.message.size.max = 33570816 (custom)
2019-11-14 19:55:11,302 [main] INFO  server.RaftServerConfigKeys (ConfUtils.java:logGet(43)) - raft.server.log.appender.buffer.byte-limit = 33554432 (custom)
2019-11-14 19:55:11,303 [main] INFO  server.GrpcService (ConfUtils.java:logGet(43)) - raft.grpc.flow.control.window = 1MB (=1048576) (default)
2019-11-14 19:55:11,303 [main] INFO  server.RaftServerConfigKeys (ConfUtils.java:logGet(43)) - raft.server.rpc.request.timeout = 3000ms (default)
2019-11-14 19:55:11,304 [main] INFO  server.RaftServerConfigKeys (ConfUtils.java:logGet(43)) - raft.server.storage.dir = [/workdir/hadoop-ozone/integration-test/target/test-dir/MiniOzoneClusterImpl-4164cd2a-9f03-471b-8431-fd84a2e2cb62/datanode-4/data/ratis] (custom)
2019-11-14 19:55:11,305 [main] INFO  hdfs.DFSUtil (DFSUtil.java:httpServerTemplateForNNAndJN(1641)) - Starting Web-server for hddsDatanode at: http://0.0.0.0:0
2019-11-14 19:55:11,307 [main] INFO  server.AuthenticationFilter (AuthenticationFilter.java:constructSecretProvider(240)) - Unable to initialize FileSignerSecretProvider, falling back to use random secrets.
2019-11-14 19:55:11,308 [main] WARN  http.HttpRequestLog (HttpRequestLog.java:getRequestLog(97)) - Jetty request log can only be enabled using Log4j
2019-11-14 19:55:11,309 [main] INFO  http.HttpServer2 (HttpServer2.java:addGlobalFilter(975)) - Added global filter 'safety' (class=org.apache.hadoop.http.HttpServer2$QuotingInputFilter)
2019-11-14 19:55:11,310 [main] INFO  http.HttpServer2 (HttpServer2.java:addFilter(948)) - Added filter static_user_filter (class=org.apache.hadoop.http.lib.StaticUserWebFilter$StaticUserFilter) to context hddsDatanode
2019-11-14 19:55:11,310 [main] INFO  http.HttpServer2 (HttpServer2.java:addFilter(958)) - Added filter static_user_filter (class=org.apache.hadoop.http.lib.StaticUserWebFilter$StaticUserFilter) to context static
2019-11-14 19:55:11,310 [main] INFO  http.HttpServer2 (HttpServer2.java:addFilter(958)) - Added filter static_user_filter (class=org.apache.hadoop.http.lib.StaticUserWebFilter$StaticUserFilter) to context logs
2019-11-14 19:55:11,311 [main] INFO  http.HttpServer2 (HttpServer2.java:bindListener(1191)) - Jetty bound to port 33836
2019-11-14 19:55:11,311 [main] INFO  server.Server (Server.java:doStart(351)) - jetty-9.3.25.v20180904, build timestamp: 2018-09-04T21:11:46Z, git hash: 3ce520221d0240229c862b122d2b06c12a625732
2019-11-14 19:55:11,313 [main] INFO  handler.ContextHandler (ContextHandler.java:doStart(781)) - Started o.e.j.s.ServletContextHandler@5b5e7036{/logs,file:///workdir/hadoop-ozone/integration-test/target/log,AVAILABLE}
2019-11-14 19:55:11,314 [main] INFO  handler.ContextHandler (ContextHandler.java:doStart(781)) - Started o.e.j.s.ServletContextHandler@6cff61fc{/static,jar:file:/home/user/.m2/repository/org/apache/hadoop/hadoop-hdds-container-service/0.5.0-SNAPSHOT/hadoop-hdds-container-service-0.5.0-SNAPSHOT.jar!/webapps/static,AVAILABLE}
2019-11-14 19:55:11,344 [main] INFO  handler.ContextHandler (ContextHandler.java:doStart(781)) - Started o.e.j.w.WebAppContext@7100dea{/,file:///tmp/jetty-0.0.0.0-33836-hddsDatanode-_-any-3763293846578937443.dir/webapp/,AVAILABLE}{/hddsDatanode}
2019-11-14 19:55:11,345 [main] INFO  server.AbstractConnector (AbstractConnector.java:doStart(278)) - Started ServerConnector@712cfb63{HTTP/1.1,[http/1.1]}{0.0.0.0:33836}
2019-11-14 19:55:11,346 [main] INFO  server.Server (Server.java:doStart(419)) - Started @63317ms
2019-11-14 19:55:11,346 [main] WARN  impl.MetricsSystemImpl (MetricsSystemImpl.java:register(276)) - Sink prometheus already exists!
2019-11-14 19:55:11,347 [main] INFO  server.BaseHttpServer (BaseHttpServer.java:updateConnectorAddress(215)) - HTTP server of HDDSDATANODE is listening at http://0.0.0.0:33836
2019-11-14 19:55:11,347 [main] INFO  impl.MetricsSystemImpl (MetricsSystemImpl.java:init(158)) - HddsDatanode metrics system started (again)
2019-11-14 19:55:11,351 [org.apache.hadoop.util.JvmPauseMonitor$Monitor@278baf58] INFO  util.JvmPauseMonitor (JvmPauseMonitor.java:run(188)) - Starting JVM pause monitor
2019-11-14 19:55:11,353 [main] INFO  ozone.HddsDatanodeService (HddsDatanodeService.java:start(186)) - HddsDatanodeService host:pr-hdds-2489-n52xc-1246314526 ip:192.168.157.219
2019-11-14 19:55:11,354 [Datanode State Machine Thread - 0] INFO  datanode.InitDatanodeState (InitDatanodeState.java:persistContainerDatanodeDetails(140)) - DatanodeDetails is persisted to /workdir/hadoop-ozone/integration-test/target/test-dir/MiniOzoneClusterImpl-4164cd2a-9f03-471b-8431-fd84a2e2cb62/datanode-4/meta/datanode.id
2019-11-14 19:55:11,360 [main] INFO  volume.HddsVolume (HddsVolume.java:<init>(176)) - Creating Volume: /workdir/hadoop-ozone/integration-test/target/test-dir/MiniOzoneClusterImpl-4164cd2a-9f03-471b-8431-fd84a2e2cb62/datanode-5/data/containers/hdds of  storage type : DISK and capacity : 1482555576320
2019-11-14 19:55:11,361 [main] INFO  volume.VolumeSet (VolumeSet.java:initializeVolumeSet(170)) - Added Volume : /workdir/hadoop-ozone/integration-test/target/test-dir/MiniOzoneClusterImpl-4164cd2a-9f03-471b-8431-fd84a2e2cb62/datanode-5/data/containers/hdds to VolumeSet
2019-11-14 19:55:11,361 [main] INFO  volume.ThrottledAsyncChecker (ThrottledAsyncChecker.java:schedule(141)) - Scheduling a check for /workdir/hadoop-ozone/integration-test/target/test-dir/MiniOzoneClusterImpl-4164cd2a-9f03-471b-8431-fd84a2e2cb62/datanode-5/data/containers/hdds
2019-11-14 19:55:11,362 [main] INFO  volume.HddsVolumeChecker (HddsVolumeChecker.java:checkAllVolumes(204)) - Scheduled health check for volume /workdir/hadoop-ozone/integration-test/target/test-dir/MiniOzoneClusterImpl-4164cd2a-9f03-471b-8431-fd84a2e2cb62/datanode-5/data/containers/hdds
2019-11-14 19:55:11,382 [main] INFO  impl.RaftServerProxy (ConfUtils.java:logGet(43)) - raft.rpc.type = GRPC (default)
2019-11-14 19:55:11,382 [main] INFO  grpc.GrpcFactory (GrpcFactory.java:checkPooledByteBufAllocatorUseCacheForAllThreads(45)) - PERFORMANCE WARNING: useCacheForAllThreads is true that may cause Netty to create a lot garbage objects and, as a result, trigger GC.
	It is recommended to disable useCacheForAllThreads by setting -Dorg.apache.ratis.thirdparty.io.netty.allocator.useCacheForAllThreads=false in command line.
2019-11-14 19:55:11,382 [main] INFO  grpc.GrpcConfigKeys$Server (ConfUtils.java:logGet(43)) - raft.grpc.server.port = 0 (default)
2019-11-14 19:55:11,383 [main] INFO  server.GrpcService (ConfUtils.java:logGet(43)) - raft.grpc.message.size.max = 33570816 (custom)
2019-11-14 19:55:11,383 [main] INFO  server.RaftServerConfigKeys (ConfUtils.java:logGet(43)) - raft.server.log.appender.buffer.byte-limit = 33554432 (custom)
2019-11-14 19:55:11,383 [main] INFO  server.GrpcService (ConfUtils.java:logGet(43)) - raft.grpc.flow.control.window = 1MB (=1048576) (default)
2019-11-14 19:55:11,383 [main] INFO  server.RaftServerConfigKeys (ConfUtils.java:logGet(43)) - raft.server.rpc.request.timeout = 3000ms (default)
2019-11-14 19:55:11,384 [main] INFO  server.RaftServerConfigKeys (ConfUtils.java:logGet(43)) - raft.server.storage.dir = [/workdir/hadoop-ozone/integration-test/target/test-dir/MiniOzoneClusterImpl-4164cd2a-9f03-471b-8431-fd84a2e2cb62/datanode-5/data/ratis] (custom)
2019-11-14 19:55:11,386 [main] INFO  hdfs.DFSUtil (DFSUtil.java:httpServerTemplateForNNAndJN(1641)) - Starting Web-server for hddsDatanode at: http://0.0.0.0:0
2019-11-14 19:55:11,388 [main] INFO  server.AuthenticationFilter (AuthenticationFilter.java:constructSecretProvider(240)) - Unable to initialize FileSignerSecretProvider, falling back to use random secrets.
2019-11-14 19:55:11,388 [main] WARN  http.HttpRequestLog (HttpRequestLog.java:getRequestLog(97)) - Jetty request log can only be enabled using Log4j
2019-11-14 19:55:11,390 [main] INFO  http.HttpServer2 (HttpServer2.java:addGlobalFilter(975)) - Added global filter 'safety' (class=org.apache.hadoop.http.HttpServer2$QuotingInputFilter)
2019-11-14 19:55:11,390 [main] INFO  http.HttpServer2 (HttpServer2.java:addFilter(948)) - Added filter static_user_filter (class=org.apache.hadoop.http.lib.StaticUserWebFilter$StaticUserFilter) to context hddsDatanode
2019-11-14 19:55:11,390 [main] INFO  http.HttpServer2 (HttpServer2.java:addFilter(958)) - Added filter static_user_filter (class=org.apache.hadoop.http.lib.StaticUserWebFilter$StaticUserFilter) to context logs
2019-11-14 19:55:11,391 [main] INFO  http.HttpServer2 (HttpServer2.java:addFilter(958)) - Added filter static_user_filter (class=org.apache.hadoop.http.lib.StaticUserWebFilter$StaticUserFilter) to context static
2019-11-14 19:55:11,391 [main] INFO  http.HttpServer2 (HttpServer2.java:bindListener(1191)) - Jetty bound to port 36337
2019-11-14 19:55:11,392 [main] INFO  server.Server (Server.java:doStart(351)) - jetty-9.3.25.v20180904, build timestamp: 2018-09-04T21:11:46Z, git hash: 3ce520221d0240229c862b122d2b06c12a625732
2019-11-14 19:55:11,393 [main] INFO  handler.ContextHandler (ContextHandler.java:doStart(781)) - Started o.e.j.s.ServletContextHandler@74174a23{/logs,file:///workdir/hadoop-ozone/integration-test/target/log,AVAILABLE}
2019-11-14 19:55:11,394 [main] INFO  handler.ContextHandler (ContextHandler.java:doStart(781)) - Started o.e.j.s.ServletContextHandler@dc4a691{/static,jar:file:/home/user/.m2/repository/org/apache/hadoop/hadoop-hdds-container-service/0.5.0-SNAPSHOT/hadoop-hdds-container-service-0.5.0-SNAPSHOT.jar!/webapps/static,AVAILABLE}
2019-11-14 19:55:11,425 [main] INFO  handler.ContextHandler (ContextHandler.java:doStart(781)) - Started o.e.j.w.WebAppContext@72f9f27c{/,file:///tmp/jetty-0.0.0.0-36337-hddsDatanode-_-any-7750349742436869049.dir/webapp/,AVAILABLE}{/hddsDatanode}
2019-11-14 19:55:11,425 [main] INFO  server.AbstractConnector (AbstractConnector.java:doStart(278)) - Started ServerConnector@4c1bdcc2{HTTP/1.1,[http/1.1]}{0.0.0.0:36337}
2019-11-14 19:55:11,427 [main] INFO  server.Server (Server.java:doStart(419)) - Started @63398ms
2019-11-14 19:55:11,427 [main] WARN  impl.MetricsSystemImpl (MetricsSystemImpl.java:register(276)) - Sink prometheus already exists!
2019-11-14 19:55:11,429 [main] INFO  server.BaseHttpServer (BaseHttpServer.java:updateConnectorAddress(215)) - HTTP server of HDDSDATANODE is listening at http://0.0.0.0:36337
2019-11-14 19:55:11,429 [main] INFO  impl.MetricsSystemImpl (MetricsSystemImpl.java:init(158)) - HddsDatanode metrics system started (again)
2019-11-14 19:55:11,434 [org.apache.hadoop.util.JvmPauseMonitor$Monitor@20842905] INFO  util.JvmPauseMonitor (JvmPauseMonitor.java:run(188)) - Starting JVM pause monitor
2019-11-14 19:55:11,435 [main] INFO  ozone.HddsDatanodeService (HddsDatanodeService.java:start(186)) - HddsDatanodeService host:pr-hdds-2489-n52xc-1246314526 ip:192.168.157.219
2019-11-14 19:55:11,437 [Datanode State Machine Thread - 0] INFO  datanode.InitDatanodeState (InitDatanodeState.java:persistContainerDatanodeDetails(140)) - DatanodeDetails is persisted to /workdir/hadoop-ozone/integration-test/target/test-dir/MiniOzoneClusterImpl-4164cd2a-9f03-471b-8431-fd84a2e2cb62/datanode-5/meta/datanode.id
2019-11-14 19:55:11,443 [main] INFO  volume.HddsVolume (HddsVolume.java:<init>(176)) - Creating Volume: /workdir/hadoop-ozone/integration-test/target/test-dir/MiniOzoneClusterImpl-4164cd2a-9f03-471b-8431-fd84a2e2cb62/datanode-6/data/containers/hdds of  storage type : DISK and capacity : 1482555576320
2019-11-14 19:55:11,444 [main] INFO  volume.VolumeSet (VolumeSet.java:initializeVolumeSet(170)) - Added Volume : /workdir/hadoop-ozone/integration-test/target/test-dir/MiniOzoneClusterImpl-4164cd2a-9f03-471b-8431-fd84a2e2cb62/datanode-6/data/containers/hdds to VolumeSet
2019-11-14 19:55:11,444 [main] INFO  volume.ThrottledAsyncChecker (ThrottledAsyncChecker.java:schedule(141)) - Scheduling a check for /workdir/hadoop-ozone/integration-test/target/test-dir/MiniOzoneClusterImpl-4164cd2a-9f03-471b-8431-fd84a2e2cb62/datanode-6/data/containers/hdds
2019-11-14 19:55:11,444 [main] INFO  volume.HddsVolumeChecker (HddsVolumeChecker.java:checkAllVolumes(204)) - Scheduled health check for volume /workdir/hadoop-ozone/integration-test/target/test-dir/MiniOzoneClusterImpl-4164cd2a-9f03-471b-8431-fd84a2e2cb62/datanode-6/data/containers/hdds
2019-11-14 19:55:11,463 [main] INFO  impl.RaftServerProxy (ConfUtils.java:logGet(43)) - raft.rpc.type = GRPC (default)
2019-11-14 19:55:11,463 [main] INFO  grpc.GrpcFactory (GrpcFactory.java:checkPooledByteBufAllocatorUseCacheForAllThreads(45)) - PERFORMANCE WARNING: useCacheForAllThreads is true that may cause Netty to create a lot garbage objects and, as a result, trigger GC.
	It is recommended to disable useCacheForAllThreads by setting -Dorg.apache.ratis.thirdparty.io.netty.allocator.useCacheForAllThreads=false in command line.
2019-11-14 19:55:11,463 [main] INFO  grpc.GrpcConfigKeys$Server (ConfUtils.java:logGet(43)) - raft.grpc.server.port = 0 (default)
2019-11-14 19:55:11,463 [main] INFO  server.GrpcService (ConfUtils.java:logGet(43)) - raft.grpc.message.size.max = 33570816 (custom)
2019-11-14 19:55:11,464 [main] INFO  server.RaftServerConfigKeys (ConfUtils.java:logGet(43)) - raft.server.log.appender.buffer.byte-limit = 33554432 (custom)
2019-11-14 19:55:11,464 [main] INFO  server.GrpcService (ConfUtils.java:logGet(43)) - raft.grpc.flow.control.window = 1MB (=1048576) (default)
2019-11-14 19:55:11,464 [main] INFO  server.RaftServerConfigKeys (ConfUtils.java:logGet(43)) - raft.server.rpc.request.timeout = 3000ms (default)
2019-11-14 19:55:11,465 [main] INFO  server.RaftServerConfigKeys (ConfUtils.java:logGet(43)) - raft.server.storage.dir = [/workdir/hadoop-ozone/integration-test/target/test-dir/MiniOzoneClusterImpl-4164cd2a-9f03-471b-8431-fd84a2e2cb62/datanode-6/data/ratis] (custom)
2019-11-14 19:55:11,467 [main] INFO  hdfs.DFSUtil (DFSUtil.java:httpServerTemplateForNNAndJN(1641)) - Starting Web-server for hddsDatanode at: http://0.0.0.0:0
2019-11-14 19:55:11,468 [main] INFO  server.AuthenticationFilter (AuthenticationFilter.java:constructSecretProvider(240)) - Unable to initialize FileSignerSecretProvider, falling back to use random secrets.
2019-11-14 19:55:11,469 [main] WARN  http.HttpRequestLog (HttpRequestLog.java:getRequestLog(97)) - Jetty request log can only be enabled using Log4j
2019-11-14 19:55:11,471 [main] INFO  http.HttpServer2 (HttpServer2.java:addGlobalFilter(975)) - Added global filter 'safety' (class=org.apache.hadoop.http.HttpServer2$QuotingInputFilter)
2019-11-14 19:55:11,471 [main] INFO  http.HttpServer2 (HttpServer2.java:addFilter(948)) - Added filter static_user_filter (class=org.apache.hadoop.http.lib.StaticUserWebFilter$StaticUserFilter) to context hddsDatanode
2019-11-14 19:55:11,471 [main] INFO  http.HttpServer2 (HttpServer2.java:addFilter(958)) - Added filter static_user_filter (class=org.apache.hadoop.http.lib.StaticUserWebFilter$StaticUserFilter) to context logs
2019-11-14 19:55:11,472 [main] INFO  http.HttpServer2 (HttpServer2.java:addFilter(958)) - Added filter static_user_filter (class=org.apache.hadoop.http.lib.StaticUserWebFilter$StaticUserFilter) to context static
2019-11-14 19:55:11,473 [main] INFO  http.HttpServer2 (HttpServer2.java:bindListener(1191)) - Jetty bound to port 36569
2019-11-14 19:55:11,473 [main] INFO  server.Server (Server.java:doStart(351)) - jetty-9.3.25.v20180904, build timestamp: 2018-09-04T21:11:46Z, git hash: 3ce520221d0240229c862b122d2b06c12a625732
2019-11-14 19:55:11,475 [main] INFO  handler.ContextHandler (ContextHandler.java:doStart(781)) - Started o.e.j.s.ServletContextHandler@73844119{/logs,file:///workdir/hadoop-ozone/integration-test/target/log,AVAILABLE}
2019-11-14 19:55:11,475 [main] INFO  handler.ContextHandler (ContextHandler.java:doStart(781)) - Started o.e.j.s.ServletContextHandler@1859e2a4{/static,jar:file:/home/user/.m2/repository/org/apache/hadoop/hadoop-hdds-container-service/0.5.0-SNAPSHOT/hadoop-hdds-container-service-0.5.0-SNAPSHOT.jar!/webapps/static,AVAILABLE}
2019-11-14 19:55:11,508 [main] INFO  handler.ContextHandler (ContextHandler.java:doStart(781)) - Started o.e.j.w.WebAppContext@6f94fb9d{/,file:///tmp/jetty-0.0.0.0-36569-hddsDatanode-_-any-8410463680193478193.dir/webapp/,AVAILABLE}{/hddsDatanode}
2019-11-14 19:55:11,509 [main] INFO  server.AbstractConnector (AbstractConnector.java:doStart(278)) - Started ServerConnector@17fa1336{HTTP/1.1,[http/1.1]}{0.0.0.0:36569}
2019-11-14 19:55:11,510 [main] INFO  server.Server (Server.java:doStart(419)) - Started @63481ms
2019-11-14 19:55:11,510 [main] WARN  impl.MetricsSystemImpl (MetricsSystemImpl.java:register(276)) - Sink prometheus already exists!
2019-11-14 19:55:11,512 [main] INFO  server.BaseHttpServer (BaseHttpServer.java:updateConnectorAddress(215)) - HTTP server of HDDSDATANODE is listening at http://0.0.0.0:36569
2019-11-14 19:55:11,512 [main] INFO  impl.MetricsSystemImpl (MetricsSystemImpl.java:init(158)) - HddsDatanode metrics system started (again)
2019-11-14 19:55:11,516 [org.apache.hadoop.util.JvmPauseMonitor$Monitor@732bf822] INFO  util.JvmPauseMonitor (JvmPauseMonitor.java:run(188)) - Starting JVM pause monitor
2019-11-14 19:55:11,518 [main] INFO  ozone.HddsDatanodeService (HddsDatanodeService.java:start(186)) - HddsDatanodeService host:pr-hdds-2489-n52xc-1246314526 ip:192.168.157.219
2019-11-14 19:55:11,519 [Datanode State Machine Thread - 0] INFO  datanode.InitDatanodeState (InitDatanodeState.java:persistContainerDatanodeDetails(140)) - DatanodeDetails is persisted to /workdir/hadoop-ozone/integration-test/target/test-dir/MiniOzoneClusterImpl-4164cd2a-9f03-471b-8431-fd84a2e2cb62/datanode-6/meta/datanode.id
2019-11-14 19:55:11,524 [main] INFO  volume.HddsVolume (HddsVolume.java:<init>(176)) - Creating Volume: /workdir/hadoop-ozone/integration-test/target/test-dir/MiniOzoneClusterImpl-4164cd2a-9f03-471b-8431-fd84a2e2cb62/datanode-7/data/containers/hdds of  storage type : DISK and capacity : 1482555576320
2019-11-14 19:55:11,525 [main] INFO  volume.VolumeSet (VolumeSet.java:initializeVolumeSet(170)) - Added Volume : /workdir/hadoop-ozone/integration-test/target/test-dir/MiniOzoneClusterImpl-4164cd2a-9f03-471b-8431-fd84a2e2cb62/datanode-7/data/containers/hdds to VolumeSet
2019-11-14 19:55:11,525 [main] INFO  volume.ThrottledAsyncChecker (ThrottledAsyncChecker.java:schedule(141)) - Scheduling a check for /workdir/hadoop-ozone/integration-test/target/test-dir/MiniOzoneClusterImpl-4164cd2a-9f03-471b-8431-fd84a2e2cb62/datanode-7/data/containers/hdds
2019-11-14 19:55:11,525 [main] INFO  volume.HddsVolumeChecker (HddsVolumeChecker.java:checkAllVolumes(204)) - Scheduled health check for volume /workdir/hadoop-ozone/integration-test/target/test-dir/MiniOzoneClusterImpl-4164cd2a-9f03-471b-8431-fd84a2e2cb62/datanode-7/data/containers/hdds
2019-11-14 19:55:11,542 [main] INFO  impl.RaftServerProxy (ConfUtils.java:logGet(43)) - raft.rpc.type = GRPC (default)
2019-11-14 19:55:11,542 [main] INFO  grpc.GrpcFactory (GrpcFactory.java:checkPooledByteBufAllocatorUseCacheForAllThreads(45)) - PERFORMANCE WARNING: useCacheForAllThreads is true that may cause Netty to create a lot garbage objects and, as a result, trigger GC.
	It is recommended to disable useCacheForAllThreads by setting -Dorg.apache.ratis.thirdparty.io.netty.allocator.useCacheForAllThreads=false in command line.
2019-11-14 19:55:11,542 [main] INFO  grpc.GrpcConfigKeys$Server (ConfUtils.java:logGet(43)) - raft.grpc.server.port = 0 (default)
2019-11-14 19:55:11,543 [main] INFO  server.GrpcService (ConfUtils.java:logGet(43)) - raft.grpc.message.size.max = 33570816 (custom)
2019-11-14 19:55:11,543 [main] INFO  server.RaftServerConfigKeys (ConfUtils.java:logGet(43)) - raft.server.log.appender.buffer.byte-limit = 33554432 (custom)
2019-11-14 19:55:11,543 [main] INFO  server.GrpcService (ConfUtils.java:logGet(43)) - raft.grpc.flow.control.window = 1MB (=1048576) (default)
2019-11-14 19:55:11,543 [main] INFO  server.RaftServerConfigKeys (ConfUtils.java:logGet(43)) - raft.server.rpc.request.timeout = 3000ms (default)
2019-11-14 19:55:11,544 [main] INFO  server.RaftServerConfigKeys (ConfUtils.java:logGet(43)) - raft.server.storage.dir = [/workdir/hadoop-ozone/integration-test/target/test-dir/MiniOzoneClusterImpl-4164cd2a-9f03-471b-8431-fd84a2e2cb62/datanode-7/data/ratis] (custom)
2019-11-14 19:55:11,546 [main] INFO  hdfs.DFSUtil (DFSUtil.java:httpServerTemplateForNNAndJN(1641)) - Starting Web-server for hddsDatanode at: http://0.0.0.0:0
2019-11-14 19:55:11,547 [main] INFO  server.AuthenticationFilter (AuthenticationFilter.java:constructSecretProvider(240)) - Unable to initialize FileSignerSecretProvider, falling back to use random secrets.
2019-11-14 19:55:11,547 [main] WARN  http.HttpRequestLog (HttpRequestLog.java:getRequestLog(97)) - Jetty request log can only be enabled using Log4j
2019-11-14 19:55:11,549 [main] INFO  http.HttpServer2 (HttpServer2.java:addGlobalFilter(975)) - Added global filter 'safety' (class=org.apache.hadoop.http.HttpServer2$QuotingInputFilter)
2019-11-14 19:55:11,550 [main] INFO  http.HttpServer2 (HttpServer2.java:addFilter(948)) - Added filter static_user_filter (class=org.apache.hadoop.http.lib.StaticUserWebFilter$StaticUserFilter) to context hddsDatanode
2019-11-14 19:55:11,550 [main] INFO  http.HttpServer2 (HttpServer2.java:addFilter(958)) - Added filter static_user_filter (class=org.apache.hadoop.http.lib.StaticUserWebFilter$StaticUserFilter) to context static
2019-11-14 19:55:11,550 [main] INFO  http.HttpServer2 (HttpServer2.java:addFilter(958)) - Added filter static_user_filter (class=org.apache.hadoop.http.lib.StaticUserWebFilter$StaticUserFilter) to context logs
2019-11-14 19:55:11,551 [main] INFO  http.HttpServer2 (HttpServer2.java:bindListener(1191)) - Jetty bound to port 35609
2019-11-14 19:55:11,551 [main] INFO  server.Server (Server.java:doStart(351)) - jetty-9.3.25.v20180904, build timestamp: 2018-09-04T21:11:46Z, git hash: 3ce520221d0240229c862b122d2b06c12a625732
2019-11-14 19:55:11,553 [main] INFO  handler.ContextHandler (ContextHandler.java:doStart(781)) - Started o.e.j.s.ServletContextHandler@56637cff{/logs,file:///workdir/hadoop-ozone/integration-test/target/log,AVAILABLE}
2019-11-14 19:55:11,553 [main] INFO  handler.ContextHandler (ContextHandler.java:doStart(781)) - Started o.e.j.s.ServletContextHandler@127a7272{/static,jar:file:/home/user/.m2/repository/org/apache/hadoop/hadoop-hdds-container-service/0.5.0-SNAPSHOT/hadoop-hdds-container-service-0.5.0-SNAPSHOT.jar!/webapps/static,AVAILABLE}
2019-11-14 19:55:11,583 [main] INFO  handler.ContextHandler (ContextHandler.java:doStart(781)) - Started o.e.j.w.WebAppContext@31ddb930{/,file:///tmp/jetty-0.0.0.0-35609-hddsDatanode-_-any-8991808472318306821.dir/webapp/,AVAILABLE}{/hddsDatanode}
2019-11-14 19:55:11,584 [main] INFO  server.AbstractConnector (AbstractConnector.java:doStart(278)) - Started ServerConnector@12eedfee{HTTP/1.1,[http/1.1]}{0.0.0.0:35609}
2019-11-14 19:55:11,585 [main] INFO  server.Server (Server.java:doStart(419)) - Started @63557ms
2019-11-14 19:55:11,586 [main] WARN  impl.MetricsSystemImpl (MetricsSystemImpl.java:register(276)) - Sink prometheus already exists!
2019-11-14 19:55:11,587 [main] INFO  server.BaseHttpServer (BaseHttpServer.java:updateConnectorAddress(215)) - HTTP server of HDDSDATANODE is listening at http://0.0.0.0:35609
2019-11-14 19:55:11,587 [main] INFO  impl.MetricsSystemImpl (MetricsSystemImpl.java:init(158)) - HddsDatanode metrics system started (again)
2019-11-14 19:55:11,591 [org.apache.hadoop.util.JvmPauseMonitor$Monitor@54bb6258] INFO  util.JvmPauseMonitor (JvmPauseMonitor.java:run(188)) - Starting JVM pause monitor
2019-11-14 19:55:11,591 [main] INFO  ozone.HddsDatanodeService (HddsDatanodeService.java:start(186)) - HddsDatanodeService host:pr-hdds-2489-n52xc-1246314526 ip:192.168.157.219
2019-11-14 19:55:11,594 [Datanode State Machine Thread - 0] INFO  datanode.InitDatanodeState (InitDatanodeState.java:persistContainerDatanodeDetails(140)) - DatanodeDetails is persisted to /workdir/hadoop-ozone/integration-test/target/test-dir/MiniOzoneClusterImpl-4164cd2a-9f03-471b-8431-fd84a2e2cb62/datanode-7/meta/datanode.id
2019-11-14 19:55:11,599 [main] INFO  volume.HddsVolume (HddsVolume.java:<init>(176)) - Creating Volume: /workdir/hadoop-ozone/integration-test/target/test-dir/MiniOzoneClusterImpl-4164cd2a-9f03-471b-8431-fd84a2e2cb62/datanode-8/data/containers/hdds of  storage type : DISK and capacity : 1482555576320
2019-11-14 19:55:11,600 [main] INFO  volume.VolumeSet (VolumeSet.java:initializeVolumeSet(170)) - Added Volume : /workdir/hadoop-ozone/integration-test/target/test-dir/MiniOzoneClusterImpl-4164cd2a-9f03-471b-8431-fd84a2e2cb62/datanode-8/data/containers/hdds to VolumeSet
2019-11-14 19:55:11,600 [main] INFO  volume.ThrottledAsyncChecker (ThrottledAsyncChecker.java:schedule(141)) - Scheduling a check for /workdir/hadoop-ozone/integration-test/target/test-dir/MiniOzoneClusterImpl-4164cd2a-9f03-471b-8431-fd84a2e2cb62/datanode-8/data/containers/hdds
2019-11-14 19:55:11,600 [main] INFO  volume.HddsVolumeChecker (HddsVolumeChecker.java:checkAllVolumes(204)) - Scheduled health check for volume /workdir/hadoop-ozone/integration-test/target/test-dir/MiniOzoneClusterImpl-4164cd2a-9f03-471b-8431-fd84a2e2cb62/datanode-8/data/containers/hdds
2019-11-14 19:55:11,612 [main] INFO  impl.RaftServerProxy (ConfUtils.java:logGet(43)) - raft.rpc.type = GRPC (default)
2019-11-14 19:55:11,613 [main] INFO  grpc.GrpcFactory (GrpcFactory.java:checkPooledByteBufAllocatorUseCacheForAllThreads(45)) - PERFORMANCE WARNING: useCacheForAllThreads is true that may cause Netty to create a lot garbage objects and, as a result, trigger GC.
	It is recommended to disable useCacheForAllThreads by setting -Dorg.apache.ratis.thirdparty.io.netty.allocator.useCacheForAllThreads=false in command line.
2019-11-14 19:55:11,613 [main] INFO  grpc.GrpcConfigKeys$Server (ConfUtils.java:logGet(43)) - raft.grpc.server.port = 0 (default)
2019-11-14 19:55:11,613 [main] INFO  server.GrpcService (ConfUtils.java:logGet(43)) - raft.grpc.message.size.max = 33570816 (custom)
2019-11-14 19:55:11,613 [main] INFO  server.RaftServerConfigKeys (ConfUtils.java:logGet(43)) - raft.server.log.appender.buffer.byte-limit = 33554432 (custom)
2019-11-14 19:55:11,613 [main] INFO  server.GrpcService (ConfUtils.java:logGet(43)) - raft.grpc.flow.control.window = 1MB (=1048576) (default)
2019-11-14 19:55:11,613 [main] INFO  server.RaftServerConfigKeys (ConfUtils.java:logGet(43)) - raft.server.rpc.request.timeout = 3000ms (default)
2019-11-14 19:55:11,614 [main] INFO  server.RaftServerConfigKeys (ConfUtils.java:logGet(43)) - raft.server.storage.dir = [/workdir/hadoop-ozone/integration-test/target/test-dir/MiniOzoneClusterImpl-4164cd2a-9f03-471b-8431-fd84a2e2cb62/datanode-8/data/ratis] (custom)
2019-11-14 19:55:11,616 [main] INFO  hdfs.DFSUtil (DFSUtil.java:httpServerTemplateForNNAndJN(1641)) - Starting Web-server for hddsDatanode at: http://0.0.0.0:0
2019-11-14 19:55:11,617 [main] INFO  server.AuthenticationFilter (AuthenticationFilter.java:constructSecretProvider(240)) - Unable to initialize FileSignerSecretProvider, falling back to use random secrets.
2019-11-14 19:55:11,618 [main] WARN  http.HttpRequestLog (HttpRequestLog.java:getRequestLog(97)) - Jetty request log can only be enabled using Log4j
2019-11-14 19:55:11,619 [main] INFO  http.HttpServer2 (HttpServer2.java:addGlobalFilter(975)) - Added global filter 'safety' (class=org.apache.hadoop.http.HttpServer2$QuotingInputFilter)
2019-11-14 19:55:11,619 [main] INFO  http.HttpServer2 (HttpServer2.java:addFilter(948)) - Added filter static_user_filter (class=org.apache.hadoop.http.lib.StaticUserWebFilter$StaticUserFilter) to context hddsDatanode
2019-11-14 19:55:11,619 [main] INFO  http.HttpServer2 (HttpServer2.java:addFilter(958)) - Added filter static_user_filter (class=org.apache.hadoop.http.lib.StaticUserWebFilter$StaticUserFilter) to context logs
2019-11-14 19:55:11,620 [main] INFO  http.HttpServer2 (HttpServer2.java:addFilter(958)) - Added filter static_user_filter (class=org.apache.hadoop.http.lib.StaticUserWebFilter$StaticUserFilter) to context static
2019-11-14 19:55:11,620 [main] INFO  http.HttpServer2 (HttpServer2.java:bindListener(1191)) - Jetty bound to port 37557
2019-11-14 19:55:11,621 [main] INFO  server.Server (Server.java:doStart(351)) - jetty-9.3.25.v20180904, build timestamp: 2018-09-04T21:11:46Z, git hash: 3ce520221d0240229c862b122d2b06c12a625732
2019-11-14 19:55:11,622 [main] INFO  handler.ContextHandler (ContextHandler.java:doStart(781)) - Started o.e.j.s.ServletContextHandler@3ba46e63{/logs,file:///workdir/hadoop-ozone/integration-test/target/log,AVAILABLE}
2019-11-14 19:55:11,623 [main] INFO  handler.ContextHandler (ContextHandler.java:doStart(781)) - Started o.e.j.s.ServletContextHandler@2dc3271b{/static,jar:file:/home/user/.m2/repository/org/apache/hadoop/hadoop-hdds-container-service/0.5.0-SNAPSHOT/hadoop-hdds-container-service-0.5.0-SNAPSHOT.jar!/webapps/static,AVAILABLE}
2019-11-14 19:55:11,652 [main] INFO  handler.ContextHandler (ContextHandler.java:doStart(781)) - Started o.e.j.w.WebAppContext@6edf29c1{/,file:///tmp/jetty-0.0.0.0-37557-hddsDatanode-_-any-4668909845293643667.dir/webapp/,AVAILABLE}{/hddsDatanode}
2019-11-14 19:55:11,654 [main] INFO  server.AbstractConnector (AbstractConnector.java:doStart(278)) - Started ServerConnector@79a04e5f{HTTP/1.1,[http/1.1]}{0.0.0.0:37557}
2019-11-14 19:55:11,654 [main] INFO  server.Server (Server.java:doStart(419)) - Started @63625ms
2019-11-14 19:55:11,654 [main] WARN  impl.MetricsSystemImpl (MetricsSystemImpl.java:register(276)) - Sink prometheus already exists!
2019-11-14 19:55:11,655 [main] INFO  server.BaseHttpServer (BaseHttpServer.java:updateConnectorAddress(215)) - HTTP server of HDDSDATANODE is listening at http://0.0.0.0:37557
2019-11-14 19:55:11,655 [main] INFO  impl.MetricsSystemImpl (MetricsSystemImpl.java:init(158)) - HddsDatanode metrics system started (again)
2019-11-14 19:55:11,659 [org.apache.hadoop.util.JvmPauseMonitor$Monitor@256ebf0b] INFO  util.JvmPauseMonitor (JvmPauseMonitor.java:run(188)) - Starting JVM pause monitor
2019-11-14 19:55:11,659 [main] INFO  ozone.HddsDatanodeService (HddsDatanodeService.java:start(186)) - HddsDatanodeService host:pr-hdds-2489-n52xc-1246314526 ip:192.168.157.219
2019-11-14 19:55:11,662 [Datanode State Machine Thread - 0] INFO  datanode.InitDatanodeState (InitDatanodeState.java:persistContainerDatanodeDetails(140)) - DatanodeDetails is persisted to /workdir/hadoop-ozone/integration-test/target/test-dir/MiniOzoneClusterImpl-4164cd2a-9f03-471b-8431-fd84a2e2cb62/datanode-8/meta/datanode.id
2019-11-14 19:55:11,666 [main] INFO  volume.HddsVolume (HddsVolume.java:<init>(176)) - Creating Volume: /workdir/hadoop-ozone/integration-test/target/test-dir/MiniOzoneClusterImpl-4164cd2a-9f03-471b-8431-fd84a2e2cb62/datanode-9/data/containers/hdds of  storage type : DISK and capacity : 1482555576320
2019-11-14 19:55:11,667 [main] INFO  volume.VolumeSet (VolumeSet.java:initializeVolumeSet(170)) - Added Volume : /workdir/hadoop-ozone/integration-test/target/test-dir/MiniOzoneClusterImpl-4164cd2a-9f03-471b-8431-fd84a2e2cb62/datanode-9/data/containers/hdds to VolumeSet
2019-11-14 19:55:11,667 [main] INFO  volume.ThrottledAsyncChecker (ThrottledAsyncChecker.java:schedule(141)) - Scheduling a check for /workdir/hadoop-ozone/integration-test/target/test-dir/MiniOzoneClusterImpl-4164cd2a-9f03-471b-8431-fd84a2e2cb62/datanode-9/data/containers/hdds
2019-11-14 19:55:11,667 [main] INFO  volume.HddsVolumeChecker (HddsVolumeChecker.java:checkAllVolumes(204)) - Scheduled health check for volume /workdir/hadoop-ozone/integration-test/target/test-dir/MiniOzoneClusterImpl-4164cd2a-9f03-471b-8431-fd84a2e2cb62/datanode-9/data/containers/hdds
2019-11-14 19:55:11,679 [main] INFO  impl.RaftServerProxy (ConfUtils.java:logGet(43)) - raft.rpc.type = GRPC (default)
2019-11-14 19:55:11,679 [main] INFO  grpc.GrpcFactory (GrpcFactory.java:checkPooledByteBufAllocatorUseCacheForAllThreads(45)) - PERFORMANCE WARNING: useCacheForAllThreads is true that may cause Netty to create a lot garbage objects and, as a result, trigger GC.
	It is recommended to disable useCacheForAllThreads by setting -Dorg.apache.ratis.thirdparty.io.netty.allocator.useCacheForAllThreads=false in command line.
2019-11-14 19:55:11,679 [main] INFO  grpc.GrpcConfigKeys$Server (ConfUtils.java:logGet(43)) - raft.grpc.server.port = 0 (default)
2019-11-14 19:55:11,680 [main] INFO  server.GrpcService (ConfUtils.java:logGet(43)) - raft.grpc.message.size.max = 33570816 (custom)
2019-11-14 19:55:11,680 [main] INFO  server.RaftServerConfigKeys (ConfUtils.java:logGet(43)) - raft.server.log.appender.buffer.byte-limit = 33554432 (custom)
2019-11-14 19:55:11,680 [main] INFO  server.GrpcService (ConfUtils.java:logGet(43)) - raft.grpc.flow.control.window = 1MB (=1048576) (default)
2019-11-14 19:55:11,680 [main] INFO  server.RaftServerConfigKeys (ConfUtils.java:logGet(43)) - raft.server.rpc.request.timeout = 3000ms (default)
2019-11-14 19:55:11,681 [main] INFO  server.RaftServerConfigKeys (ConfUtils.java:logGet(43)) - raft.server.storage.dir = [/workdir/hadoop-ozone/integration-test/target/test-dir/MiniOzoneClusterImpl-4164cd2a-9f03-471b-8431-fd84a2e2cb62/datanode-9/data/ratis] (custom)
2019-11-14 19:55:11,682 [main] INFO  hdfs.DFSUtil (DFSUtil.java:httpServerTemplateForNNAndJN(1641)) - Starting Web-server for hddsDatanode at: http://0.0.0.0:0
2019-11-14 19:55:11,684 [main] INFO  server.AuthenticationFilter (AuthenticationFilter.java:constructSecretProvider(240)) - Unable to initialize FileSignerSecretProvider, falling back to use random secrets.
2019-11-14 19:55:11,684 [main] WARN  http.HttpRequestLog (HttpRequestLog.java:getRequestLog(97)) - Jetty request log can only be enabled using Log4j
2019-11-14 19:55:11,685 [main] INFO  http.HttpServer2 (HttpServer2.java:addGlobalFilter(975)) - Added global filter 'safety' (class=org.apache.hadoop.http.HttpServer2$QuotingInputFilter)
2019-11-14 19:55:11,686 [main] INFO  http.HttpServer2 (HttpServer2.java:addFilter(948)) - Added filter static_user_filter (class=org.apache.hadoop.http.lib.StaticUserWebFilter$StaticUserFilter) to context hddsDatanode
2019-11-14 19:55:11,686 [main] INFO  http.HttpServer2 (HttpServer2.java:addFilter(958)) - Added filter static_user_filter (class=org.apache.hadoop.http.lib.StaticUserWebFilter$StaticUserFilter) to context static
2019-11-14 19:55:11,686 [main] INFO  http.HttpServer2 (HttpServer2.java:addFilter(958)) - Added filter static_user_filter (class=org.apache.hadoop.http.lib.StaticUserWebFilter$StaticUserFilter) to context logs
2019-11-14 19:55:11,687 [main] INFO  http.HttpServer2 (HttpServer2.java:bindListener(1191)) - Jetty bound to port 36912
2019-11-14 19:55:11,687 [main] INFO  server.Server (Server.java:doStart(351)) - jetty-9.3.25.v20180904, build timestamp: 2018-09-04T21:11:46Z, git hash: 3ce520221d0240229c862b122d2b06c12a625732
2019-11-14 19:55:11,689 [main] INFO  handler.ContextHandler (ContextHandler.java:doStart(781)) - Started o.e.j.s.ServletContextHandler@5f69e2b{/logs,file:///workdir/hadoop-ozone/integration-test/target/log,AVAILABLE}
2019-11-14 19:55:11,689 [main] INFO  handler.ContextHandler (ContextHandler.java:doStart(781)) - Started o.e.j.s.ServletContextHandler@43f1bb92{/static,jar:file:/home/user/.m2/repository/org/apache/hadoop/hadoop-hdds-container-service/0.5.0-SNAPSHOT/hadoop-hdds-container-service-0.5.0-SNAPSHOT.jar!/webapps/static,AVAILABLE}
2019-11-14 19:55:11,719 [main] INFO  handler.ContextHandler (ContextHandler.java:doStart(781)) - Started o.e.j.w.WebAppContext@15c4af7a{/,file:///tmp/jetty-0.0.0.0-36912-hddsDatanode-_-any-2009304062008381564.dir/webapp/,AVAILABLE}{/hddsDatanode}
2019-11-14 19:55:11,721 [main] INFO  server.AbstractConnector (AbstractConnector.java:doStart(278)) - Started ServerConnector@6cbd0674{HTTP/1.1,[http/1.1]}{0.0.0.0:36912}
2019-11-14 19:55:11,721 [main] INFO  server.Server (Server.java:doStart(419)) - Started @63692ms
2019-11-14 19:55:11,721 [main] WARN  impl.MetricsSystemImpl (MetricsSystemImpl.java:register(276)) - Sink prometheus already exists!
2019-11-14 19:55:11,722 [main] INFO  server.BaseHttpServer (BaseHttpServer.java:updateConnectorAddress(215)) - HTTP server of HDDSDATANODE is listening at http://0.0.0.0:36912
2019-11-14 19:55:11,726 [main] INFO  ozone.MiniOzoneClusterImpl (MiniOzoneClusterImpl.java:lambda$waitForClusterToBeReady$2(171)) - Waiting for cluster to be ready. Got 0 of 10 DN Heartbeats.
2019-11-14 19:55:11,726 [org.apache.hadoop.util.JvmPauseMonitor$Monitor@67a9a286] INFO  util.JvmPauseMonitor (JvmPauseMonitor.java:run(188)) - Starting JVM pause monitor
2019-11-14 19:55:11,730 [Datanode State Machine Thread - 0] INFO  datanode.InitDatanodeState (InitDatanodeState.java:persistContainerDatanodeDetails(140)) - DatanodeDetails is persisted to /workdir/hadoop-ozone/integration-test/target/test-dir/MiniOzoneClusterImpl-4164cd2a-9f03-471b-8431-fd84a2e2cb62/datanode-9/meta/datanode.id
2019-11-14 19:55:12,726 [main] INFO  ozone.MiniOzoneClusterImpl (MiniOzoneClusterImpl.java:lambda$waitForClusterToBeReady$2(171)) - Waiting for cluster to be ready. Got 0 of 10 DN Heartbeats.
2019-11-14 19:55:13,727 [main] INFO  ozone.MiniOzoneClusterImpl (MiniOzoneClusterImpl.java:lambda$waitForClusterToBeReady$2(171)) - Waiting for cluster to be ready. Got 0 of 10 DN Heartbeats.
2019-11-14 19:55:14,727 [main] INFO  ozone.MiniOzoneClusterImpl (MiniOzoneClusterImpl.java:lambda$waitForClusterToBeReady$2(171)) - Waiting for cluster to be ready. Got 0 of 10 DN Heartbeats.
2019-11-14 19:55:15,728 [main] INFO  ozone.MiniOzoneClusterImpl (MiniOzoneClusterImpl.java:lambda$waitForClusterToBeReady$2(171)) - Waiting for cluster to be ready. Got 0 of 10 DN Heartbeats.
2019-11-14 19:55:16,729 [main] INFO  ozone.MiniOzoneClusterImpl (MiniOzoneClusterImpl.java:lambda$waitForClusterToBeReady$2(171)) - Waiting for cluster to be ready. Got 0 of 10 DN Heartbeats.
2019-11-14 19:55:17,729 [main] INFO  ozone.MiniOzoneClusterImpl (MiniOzoneClusterImpl.java:lambda$waitForClusterToBeReady$2(171)) - Waiting for cluster to be ready. Got 0 of 10 DN Heartbeats.
2019-11-14 19:55:17,952 [Datanode State Machine Thread - 0] INFO  ozoneimpl.OzoneContainer (OzoneContainer.java:start(230)) - Attempting to start container services.
2019-11-14 19:55:17,954 [Datanode State Machine Thread - 0] INFO  ozoneimpl.OzoneContainer (OzoneContainer.java:startContainerScrub(194)) - Background container scanner has been disabled.
2019-11-14 19:55:17,954 [Datanode State Machine Thread - 0] INFO  ratis.XceiverServerRatis (XceiverServerRatis.java:start(421)) - Starting XceiverServerRatis b4243c9e-0de7-4e8b-af85-81ed103925b9 at port 0
2019-11-14 19:55:17,978 [Datanode State Machine Thread - 0] INFO  impl.RaftServerProxy (RaftServerProxy.java:lambda$start$3(299)) - b4243c9e-0de7-4e8b-af85-81ed103925b9: start RPC server
2019-11-14 19:55:18,098 [Datanode State Machine Thread - 0] INFO  server.GrpcService (GrpcService.java:startImpl(158)) - b4243c9e-0de7-4e8b-af85-81ed103925b9: GrpcService started, listening on 0.0.0.0/0.0.0.0:38972
2019-11-14 19:55:18,099 [Datanode State Machine Thread - 0] INFO  ratis.XceiverServerRatis (XceiverServerRatis.java:start(431)) - XceiverServerRatis b4243c9e-0de7-4e8b-af85-81ed103925b9 is started using port 38972
2019-11-14 19:55:18,101 [Datanode State Machine Thread - 0] INFO  server.XceiverServerGrpc (XceiverServerGrpc.java:start(145)) - XceiverServerGrpc b4243c9e-0de7-4e8b-af85-81ed103925b9 is started using port 34845
2019-11-14 19:55:18,427 [Datanode State Machine Thread - 0] INFO  ozoneimpl.OzoneContainer (OzoneContainer.java:start(230)) - Attempting to start container services.
2019-11-14 19:55:18,428 [Datanode State Machine Thread - 0] INFO  ozoneimpl.OzoneContainer (OzoneContainer.java:start(230)) - Attempting to start container services.
2019-11-14 19:55:18,428 [Datanode State Machine Thread - 0] INFO  ozoneimpl.OzoneContainer (OzoneContainer.java:start(230)) - Attempting to start container services.
2019-11-14 19:55:18,428 [Datanode State Machine Thread - 0] INFO  ozoneimpl.OzoneContainer (OzoneContainer.java:start(230)) - Attempting to start container services.
2019-11-14 19:55:18,428 [Datanode State Machine Thread - 0] INFO  ozoneimpl.OzoneContainer (OzoneContainer.java:start(230)) - Attempting to start container services.
2019-11-14 19:55:18,428 [Datanode State Machine Thread - 0] INFO  ozoneimpl.OzoneContainer (OzoneContainer.java:start(230)) - Attempting to start container services.
2019-11-14 19:55:18,427 [Datanode State Machine Thread - 0] INFO  ozoneimpl.OzoneContainer (OzoneContainer.java:start(230)) - Attempting to start container services.
2019-11-14 19:55:18,437 [Datanode State Machine Thread - 0] INFO  ozoneimpl.OzoneContainer (OzoneContainer.java:startContainerScrub(194)) - Background container scanner has been disabled.
2019-11-14 19:55:18,437 [Datanode State Machine Thread - 0] INFO  ozoneimpl.OzoneContainer (OzoneContainer.java:startContainerScrub(194)) - Background container scanner has been disabled.
2019-11-14 19:55:18,427 [Datanode State Machine Thread - 0] INFO  ozoneimpl.OzoneContainer (OzoneContainer.java:start(230)) - Attempting to start container services.
2019-11-14 19:55:18,427 [Datanode State Machine Thread - 0] INFO  ozoneimpl.OzoneContainer (OzoneContainer.java:start(230)) - Attempting to start container services.
2019-11-14 19:55:18,438 [Datanode State Machine Thread - 0] INFO  ozoneimpl.OzoneContainer (OzoneContainer.java:startContainerScrub(194)) - Background container scanner has been disabled.
2019-11-14 19:55:18,438 [Datanode State Machine Thread - 0] INFO  ratis.XceiverServerRatis (XceiverServerRatis.java:start(421)) - Starting XceiverServerRatis af759c1c-c92d-45df-b04f-683eb4d9761f at port 0
2019-11-14 19:55:18,437 [Datanode State Machine Thread - 0] INFO  ratis.XceiverServerRatis (XceiverServerRatis.java:start(421)) - Starting XceiverServerRatis b117fa5f-2c4e-4381-a495-d707275fd4cd at port 0
2019-11-14 19:55:18,436 [Datanode State Machine Thread - 0] INFO  ozoneimpl.OzoneContainer (OzoneContainer.java:startContainerScrub(194)) - Background container scanner has been disabled.
2019-11-14 19:55:18,436 [Datanode State Machine Thread - 0] INFO  ozoneimpl.OzoneContainer (OzoneContainer.java:startContainerScrub(194)) - Background container scanner has been disabled.
2019-11-14 19:55:18,436 [Datanode State Machine Thread - 0] INFO  ozoneimpl.OzoneContainer (OzoneContainer.java:startContainerScrub(194)) - Background container scanner has been disabled.
2019-11-14 19:55:18,436 [Datanode State Machine Thread - 0] INFO  ozoneimpl.OzoneContainer (OzoneContainer.java:startContainerScrub(194)) - Background container scanner has been disabled.
2019-11-14 19:55:18,439 [Datanode State Machine Thread - 0] INFO  ratis.XceiverServerRatis (XceiverServerRatis.java:start(421)) - Starting XceiverServerRatis 21186c51-1475-43f8-940c-f90b4fe03024 at port 0
2019-11-14 19:55:18,436 [Datanode State Machine Thread - 0] INFO  ozoneimpl.OzoneContainer (OzoneContainer.java:startContainerScrub(194)) - Background container scanner has been disabled.
2019-11-14 19:55:18,439 [Datanode State Machine Thread - 0] INFO  ratis.XceiverServerRatis (XceiverServerRatis.java:start(421)) - Starting XceiverServerRatis b74b6e41-b4f8-4f70-a45a-58780751dbf1 at port 0
2019-11-14 19:55:18,439 [Datanode State Machine Thread - 0] INFO  ratis.XceiverServerRatis (XceiverServerRatis.java:start(421)) - Starting XceiverServerRatis 0203d6eb-35d8-4784-bff3-7fee374bf3e2 at port 0
2019-11-14 19:55:18,439 [Datanode State Machine Thread - 0] INFO  ratis.XceiverServerRatis (XceiverServerRatis.java:start(421)) - Starting XceiverServerRatis 5698a14d-db8b-40b1-a590-5479916d1106 at port 0
2019-11-14 19:55:18,438 [Datanode State Machine Thread - 0] INFO  ratis.XceiverServerRatis (XceiverServerRatis.java:start(421)) - Starting XceiverServerRatis d1efd8be-ce31-4557-9fee-229618fc51cc at port 0
2019-11-14 19:55:18,438 [Datanode State Machine Thread - 0] INFO  ozoneimpl.OzoneContainer (OzoneContainer.java:startContainerScrub(194)) - Background container scanner has been disabled.
2019-11-14 19:55:18,440 [Datanode State Machine Thread - 0] INFO  ratis.XceiverServerRatis (XceiverServerRatis.java:start(421)) - Starting XceiverServerRatis 797ebefa-c895-4cb1-b191-6ff1bf83736b at port 0
2019-11-14 19:55:18,441 [Datanode State Machine Thread - 0] INFO  ratis.XceiverServerRatis (XceiverServerRatis.java:start(421)) - Starting XceiverServerRatis 0dd744a2-47ab-4d30-8d7a-27587728c440 at port 0
2019-11-14 19:55:18,523 [Datanode State Machine Thread - 0] INFO  impl.RaftServerProxy (RaftServerProxy.java:lambda$start$3(299)) - 0203d6eb-35d8-4784-bff3-7fee374bf3e2: start RPC server
2019-11-14 19:55:18,523 [Datanode State Machine Thread - 0] INFO  impl.RaftServerProxy (RaftServerProxy.java:lambda$start$3(299)) - b117fa5f-2c4e-4381-a495-d707275fd4cd: start RPC server
2019-11-14 19:55:18,528 [Datanode State Machine Thread - 0] INFO  impl.RaftServerProxy (RaftServerProxy.java:lambda$start$3(299)) - af759c1c-c92d-45df-b04f-683eb4d9761f: start RPC server
2019-11-14 19:55:18,529 [Datanode State Machine Thread - 0] INFO  impl.RaftServerProxy (RaftServerProxy.java:lambda$start$3(299)) - 0dd744a2-47ab-4d30-8d7a-27587728c440: start RPC server
2019-11-14 19:55:18,541 [Datanode State Machine Thread - 0] INFO  server.GrpcService (GrpcService.java:startImpl(158)) - af759c1c-c92d-45df-b04f-683eb4d9761f: GrpcService started, listening on 0.0.0.0/0.0.0.0:38976
2019-11-14 19:55:18,560 [Datanode State Machine Thread - 0] INFO  ratis.XceiverServerRatis (XceiverServerRatis.java:start(431)) - XceiverServerRatis af759c1c-c92d-45df-b04f-683eb4d9761f is started using port 38976
2019-11-14 19:55:18,560 [Datanode State Machine Thread - 0] INFO  impl.RaftServerProxy (RaftServerProxy.java:lambda$start$3(299)) - 797ebefa-c895-4cb1-b191-6ff1bf83736b: start RPC server
2019-11-14 19:55:18,561 [Datanode State Machine Thread - 0] INFO  impl.RaftServerProxy (RaftServerProxy.java:lambda$start$3(299)) - b74b6e41-b4f8-4f70-a45a-58780751dbf1: start RPC server
2019-11-14 19:55:18,564 [Datanode State Machine Thread - 0] INFO  impl.RaftServerProxy (RaftServerProxy.java:lambda$start$3(299)) - 5698a14d-db8b-40b1-a590-5479916d1106: start RPC server
2019-11-14 19:55:18,570 [Datanode State Machine Thread - 0] INFO  impl.RaftServerProxy (RaftServerProxy.java:lambda$start$3(299)) - 21186c51-1475-43f8-940c-f90b4fe03024: start RPC server
2019-11-14 19:55:18,570 [Datanode State Machine Thread - 0] INFO  impl.RaftServerProxy (RaftServerProxy.java:lambda$start$3(299)) - d1efd8be-ce31-4557-9fee-229618fc51cc: start RPC server
2019-11-14 19:55:18,575 [Datanode State Machine Thread - 0] INFO  server.GrpcService (GrpcService.java:startImpl(158)) - b117fa5f-2c4e-4381-a495-d707275fd4cd: GrpcService started, listening on 0.0.0.0/0.0.0.0:46720
2019-11-14 19:55:18,578 [Datanode State Machine Thread - 0] INFO  ratis.XceiverServerRatis (XceiverServerRatis.java:start(431)) - XceiverServerRatis b117fa5f-2c4e-4381-a495-d707275fd4cd is started using port 46720
2019-11-14 19:55:18,578 [Datanode State Machine Thread - 0] INFO  server.GrpcService (GrpcService.java:startImpl(158)) - 0203d6eb-35d8-4784-bff3-7fee374bf3e2: GrpcService started, listening on 0.0.0.0/0.0.0.0:45232
2019-11-14 19:55:18,582 [Datanode State Machine Thread - 0] INFO  ratis.XceiverServerRatis (XceiverServerRatis.java:start(431)) - XceiverServerRatis 0203d6eb-35d8-4784-bff3-7fee374bf3e2 is started using port 45232
2019-11-14 19:55:18,584 [Datanode State Machine Thread - 0] INFO  server.GrpcService (GrpcService.java:startImpl(158)) - 0dd744a2-47ab-4d30-8d7a-27587728c440: GrpcService started, listening on 0.0.0.0/0.0.0.0:41669
2019-11-14 19:55:18,585 [Datanode State Machine Thread - 0] INFO  ratis.XceiverServerRatis (XceiverServerRatis.java:start(431)) - XceiverServerRatis 0dd744a2-47ab-4d30-8d7a-27587728c440 is started using port 41669
2019-11-14 19:55:18,585 [Datanode State Machine Thread - 0] INFO  server.XceiverServerGrpc (XceiverServerGrpc.java:start(145)) - XceiverServerGrpc af759c1c-c92d-45df-b04f-683eb4d9761f is started using port 38482
2019-11-14 19:55:18,588 [Datanode State Machine Thread - 0] INFO  server.GrpcService (GrpcService.java:startImpl(158)) - 797ebefa-c895-4cb1-b191-6ff1bf83736b: GrpcService started, listening on 0.0.0.0/0.0.0.0:44823
2019-11-14 19:55:18,590 [Datanode State Machine Thread - 0] INFO  server.GrpcService (GrpcService.java:startImpl(158)) - 5698a14d-db8b-40b1-a590-5479916d1106: GrpcService started, listening on 0.0.0.0/0.0.0.0:42308
2019-11-14 19:55:18,590 [Datanode State Machine Thread - 0] INFO  server.GrpcService (GrpcService.java:startImpl(158)) - 21186c51-1475-43f8-940c-f90b4fe03024: GrpcService started, listening on 0.0.0.0/0.0.0.0:37993
2019-11-14 19:55:18,590 [Datanode State Machine Thread - 0] INFO  server.GrpcService (GrpcService.java:startImpl(158)) - b74b6e41-b4f8-4f70-a45a-58780751dbf1: GrpcService started, listening on 0.0.0.0/0.0.0.0:39468
2019-11-14 19:55:18,594 [Datanode State Machine Thread - 0] INFO  server.XceiverServerGrpc (XceiverServerGrpc.java:start(145)) - XceiverServerGrpc 0dd744a2-47ab-4d30-8d7a-27587728c440 is started using port 45420
2019-11-14 19:55:18,594 [Datanode State Machine Thread - 0] INFO  ratis.XceiverServerRatis (XceiverServerRatis.java:start(431)) - XceiverServerRatis 21186c51-1475-43f8-940c-f90b4fe03024 is started using port 37993
2019-11-14 19:55:18,594 [Datanode State Machine Thread - 0] INFO  server.XceiverServerGrpc (XceiverServerGrpc.java:start(145)) - XceiverServerGrpc 0203d6eb-35d8-4784-bff3-7fee374bf3e2 is started using port 40630
2019-11-14 19:55:18,592 [Datanode State Machine Thread - 0] INFO  server.XceiverServerGrpc (XceiverServerGrpc.java:start(145)) - XceiverServerGrpc b117fa5f-2c4e-4381-a495-d707275fd4cd is started using port 43367
2019-11-14 19:55:18,592 [Datanode State Machine Thread - 0] INFO  ratis.XceiverServerRatis (XceiverServerRatis.java:start(431)) - XceiverServerRatis 5698a14d-db8b-40b1-a590-5479916d1106 is started using port 42308
2019-11-14 19:55:18,592 [Datanode State Machine Thread - 0] INFO  server.GrpcService (GrpcService.java:startImpl(158)) - d1efd8be-ce31-4557-9fee-229618fc51cc: GrpcService started, listening on 0.0.0.0/0.0.0.0:34373
2019-11-14 19:55:18,592 [Datanode State Machine Thread - 0] INFO  ratis.XceiverServerRatis (XceiverServerRatis.java:start(431)) - XceiverServerRatis 797ebefa-c895-4cb1-b191-6ff1bf83736b is started using port 44823
2019-11-14 19:55:18,598 [Datanode State Machine Thread - 0] INFO  ratis.XceiverServerRatis (XceiverServerRatis.java:start(431)) - XceiverServerRatis d1efd8be-ce31-4557-9fee-229618fc51cc is started using port 34373
2019-11-14 19:55:18,594 [Datanode State Machine Thread - 0] INFO  ratis.XceiverServerRatis (XceiverServerRatis.java:start(431)) - XceiverServerRatis b74b6e41-b4f8-4f70-a45a-58780751dbf1 is started using port 39468
2019-11-14 19:55:18,603 [Datanode State Machine Thread - 0] INFO  server.XceiverServerGrpc (XceiverServerGrpc.java:start(145)) - XceiverServerGrpc 21186c51-1475-43f8-940c-f90b4fe03024 is started using port 45754
2019-11-14 19:55:18,609 [Datanode State Machine Thread - 0] INFO  server.XceiverServerGrpc (XceiverServerGrpc.java:start(145)) - XceiverServerGrpc 5698a14d-db8b-40b1-a590-5479916d1106 is started using port 42652
2019-11-14 19:55:18,632 [Datanode State Machine Thread - 0] INFO  server.XceiverServerGrpc (XceiverServerGrpc.java:start(145)) - XceiverServerGrpc 797ebefa-c895-4cb1-b191-6ff1bf83736b is started using port 33260
2019-11-14 19:55:18,632 [Datanode State Machine Thread - 0] INFO  server.XceiverServerGrpc (XceiverServerGrpc.java:start(145)) - XceiverServerGrpc d1efd8be-ce31-4557-9fee-229618fc51cc is started using port 34241
2019-11-14 19:55:18,632 [Datanode State Machine Thread - 0] INFO  server.XceiverServerGrpc (XceiverServerGrpc.java:start(145)) - XceiverServerGrpc b74b6e41-b4f8-4f70-a45a-58780751dbf1 is started using port 39439
2019-11-14 19:55:18,731 [main] INFO  ozone.MiniOzoneClusterImpl (MiniOzoneClusterImpl.java:lambda$waitForClusterToBeReady$2(171)) - Waiting for cluster to be ready. Got 0 of 10 DN Heartbeats.
2019-11-14 19:55:19,066 [IPC Server handler 0 on 44295] INFO  net.NetworkTopology (NetworkTopologyImpl.java:add(111)) - Added a new node: /rack1/b4243c9e-0de7-4e8b-af85-81ed103925b9
2019-11-14 19:55:19,068 [IPC Server handler 0 on 44295] INFO  node.SCMNodeManager (SCMNodeManager.java:register(267)) - Registered Data node : b4243c9e-0de7-4e8b-af85-81ed103925b9{ip: 192.168.157.219, host: pr-hdds-2489-n52xc-1246314526, networkLocation: /rack1, certSerialId: null}
2019-11-14 19:55:19,073 [EventQueue-NodeRegistrationContainerReportForDataNodeSafeModeRule] INFO  safemode.SCMSafeModeManager (DataNodeSafeModeRule.java:process(71)) - SCM in safe mode. 1 DataNodes registered, 1 required.
2019-11-14 19:55:19,073 [EventQueue-NodeRegistrationContainerReportForDataNodeSafeModeRule] INFO  safemode.SCMSafeModeManager (SCMSafeModeManager.java:validateSafeModeExitRules(177)) - ScmSafeModeManager, all rules are successfully validated
2019-11-14 19:55:19,074 [EventQueue-NodeRegistrationContainerReportForDataNodeSafeModeRule] INFO  safemode.SCMSafeModeManager (SCMSafeModeManager.java:exitSafeMode(193)) - SCM exiting safe mode.
2019-11-14 19:55:19,115 [IPC Server handler 8 on 44295] INFO  net.NetworkTopology (NetworkTopologyImpl.java:add(111)) - Added a new node: /rack1/797ebefa-c895-4cb1-b191-6ff1bf83736b
2019-11-14 19:55:19,115 [IPC Server handler 8 on 44295] INFO  node.SCMNodeManager (SCMNodeManager.java:register(267)) - Registered Data node : 797ebefa-c895-4cb1-b191-6ff1bf83736b{ip: 192.168.157.219, host: pr-hdds-2489-n52xc-1246314526, networkLocation: /rack1, certSerialId: null}
2019-11-14 19:55:19,189 [IPC Server handler 2 on 44295] INFO  net.NetworkTopology (NetworkTopologyImpl.java:add(111)) - Added a new node: /rack1/b74b6e41-b4f8-4f70-a45a-58780751dbf1
2019-11-14 19:55:19,189 [IPC Server handler 2 on 44295] INFO  node.SCMNodeManager (SCMNodeManager.java:register(267)) - Registered Data node : b74b6e41-b4f8-4f70-a45a-58780751dbf1{ip: 192.168.157.219, host: pr-hdds-2489-n52xc-1246314526, networkLocation: /rack1, certSerialId: null}
2019-11-14 19:55:19,288 [IPC Server handler 1 on 44295] INFO  net.NetworkTopology (NetworkTopologyImpl.java:add(111)) - Added a new node: /rack1/b117fa5f-2c4e-4381-a495-d707275fd4cd
2019-11-14 19:55:19,288 [IPC Server handler 1 on 44295] INFO  node.SCMNodeManager (SCMNodeManager.java:register(267)) - Registered Data node : b117fa5f-2c4e-4381-a495-d707275fd4cd{ip: 192.168.157.219, host: pr-hdds-2489-n52xc-1246314526, networkLocation: /rack1, certSerialId: null}
2019-11-14 19:55:19,360 [IPC Server handler 3 on 44295] INFO  net.NetworkTopology (NetworkTopologyImpl.java:add(111)) - Added a new node: /rack1/5698a14d-db8b-40b1-a590-5479916d1106
2019-11-14 19:55:19,360 [IPC Server handler 3 on 44295] INFO  node.SCMNodeManager (SCMNodeManager.java:register(267)) - Registered Data node : 5698a14d-db8b-40b1-a590-5479916d1106{ip: 192.168.157.219, host: pr-hdds-2489-n52xc-1246314526, networkLocation: /rack1, certSerialId: null}
2019-11-14 19:55:19,442 [IPC Server handler 10 on 44295] INFO  net.NetworkTopology (NetworkTopologyImpl.java:add(111)) - Added a new node: /rack1/af759c1c-c92d-45df-b04f-683eb4d9761f
2019-11-14 19:55:19,443 [IPC Server handler 10 on 44295] INFO  node.SCMNodeManager (SCMNodeManager.java:register(267)) - Registered Data node : af759c1c-c92d-45df-b04f-683eb4d9761f{ip: 192.168.157.219, host: pr-hdds-2489-n52xc-1246314526, networkLocation: /rack1, certSerialId: null}
2019-11-14 19:55:19,521 [IPC Server handler 12 on 44295] INFO  net.NetworkTopology (NetworkTopologyImpl.java:add(111)) - Added a new node: /rack1/0dd744a2-47ab-4d30-8d7a-27587728c440
2019-11-14 19:55:19,521 [IPC Server handler 12 on 44295] INFO  node.SCMNodeManager (SCMNodeManager.java:register(267)) - Registered Data node : 0dd744a2-47ab-4d30-8d7a-27587728c440{ip: 192.168.157.219, host: pr-hdds-2489-n52xc-1246314526, networkLocation: /rack1, certSerialId: null}
2019-11-14 19:55:19,598 [IPC Server handler 15 on 44295] INFO  net.NetworkTopology (NetworkTopologyImpl.java:add(111)) - Added a new node: /rack1/d1efd8be-ce31-4557-9fee-229618fc51cc
2019-11-14 19:55:19,599 [IPC Server handler 15 on 44295] INFO  node.SCMNodeManager (SCMNodeManager.java:register(267)) - Registered Data node : d1efd8be-ce31-4557-9fee-229618fc51cc{ip: 192.168.157.219, host: pr-hdds-2489-n52xc-1246314526, networkLocation: /rack1, certSerialId: null}
2019-11-14 19:55:19,658 [grpc-default-executor-0] INFO  impl.RaftServerProxy (RaftServerProxy.java:addNew(89)) - b4243c9e-0de7-4e8b-af85-81ed103925b9: addNew group-2FDA7782A7F1:[b4243c9e-0de7-4e8b-af85-81ed103925b9:192.168.157.219:38972] returns group-2FDA7782A7F1:java.util.concurrent.CompletableFuture@1ce5ad63[Not completed]
2019-11-14 19:55:19,669 [IPC Server handler 11 on 44295] INFO  net.NetworkTopology (NetworkTopologyImpl.java:add(111)) - Added a new node: /rack1/21186c51-1475-43f8-940c-f90b4fe03024
2019-11-14 19:55:19,670 [IPC Server handler 11 on 44295] INFO  node.SCMNodeManager (SCMNodeManager.java:register(267)) - Registered Data node : 21186c51-1475-43f8-940c-f90b4fe03024{ip: 192.168.157.219, host: pr-hdds-2489-n52xc-1246314526, networkLocation: /rack1, certSerialId: null}
2019-11-14 19:55:19,680 [pool-27-thread-1] INFO  impl.RaftServerImpl (RaftServerImpl.java:<init>(98)) - b4243c9e-0de7-4e8b-af85-81ed103925b9: new RaftServerImpl for group-2FDA7782A7F1:[b4243c9e-0de7-4e8b-af85-81ed103925b9:192.168.157.219:38972] with ContainerStateMachine:uninitialized
2019-11-14 19:55:19,682 [pool-27-thread-1] INFO  server.RaftServerConfigKeys (ConfUtils.java:logGet(43)) - raft.server.rpc.timeout.min = 1s (custom)
2019-11-14 19:55:19,685 [pool-27-thread-1] INFO  server.RaftServerConfigKeys (ConfUtils.java:logGet(43)) - raft.server.rpc.timeout.max = 1200ms (custom)
2019-11-14 19:55:19,685 [pool-27-thread-1] INFO  server.RaftServerConfigKeys (ConfUtils.java:logGet(43)) - raft.server.rpcslowness.timeout = 120s (custom)
2019-11-14 19:55:19,686 [pool-27-thread-1] INFO  server.RaftServerConfigKeys (ConfUtils.java:logGet(43)) - raft.server.sleep.deviation.threshold = 300 (default)
2019-11-14 19:55:19,687 [pool-27-thread-1] INFO  server.RaftServerConfigKeys (ConfUtils.java:logGet(43)) - raft.server.log.appender.install.snapshot.enabled = false (custom)
2019-11-14 19:55:19,698 [pool-27-thread-1] INFO  impl.RaftServerImpl (ServerState.java:<init>(103)) - b4243c9e-0de7-4e8b-af85-81ed103925b9@group-2FDA7782A7F1: ConfigurationManager, init=-1: [b4243c9e-0de7-4e8b-af85-81ed103925b9:192.168.157.219:38972], old=null, confs=<EMPTY_MAP>
2019-11-14 19:55:19,698 [pool-27-thread-1] INFO  server.RaftServerConfigKeys (ConfUtils.java:logGet(43)) - raft.server.storage.dir = [/workdir/hadoop-ozone/integration-test/target/test-dir/MiniOzoneClusterImpl-4164cd2a-9f03-471b-8431-fd84a2e2cb62/datanode-0/data/ratis] (custom)
2019-11-14 19:55:19,707 [pool-27-thread-1] INFO  server.RaftServerConfigKeys (ConfUtils.java:logGet(43)) - raft.server.log.corruption.policy = EXCEPTION (default)
2019-11-14 19:55:19,709 [pool-27-thread-1] INFO  storage.RaftStorageDirectory (RaftStorageDirectory.java:analyzeStorage(246)) - The storage directory /workdir/hadoop-ozone/integration-test/target/test-dir/MiniOzoneClusterImpl-4164cd2a-9f03-471b-8431-fd84a2e2cb62/datanode-0/data/ratis/94419477-6345-494d-902c-2fda7782a7f1 does not exist. Creating ...
2019-11-14 19:55:19,750 [IPC Server handler 9 on 44295] INFO  net.NetworkTopology (NetworkTopologyImpl.java:add(111)) - Added a new node: /rack1/0203d6eb-35d8-4784-bff3-7fee374bf3e2
2019-11-14 19:55:19,750 [IPC Server handler 9 on 44295] INFO  node.SCMNodeManager (SCMNodeManager.java:register(267)) - Registered Data node : 0203d6eb-35d8-4784-bff3-7fee374bf3e2{ip: 192.168.157.219, host: pr-hdds-2489-n52xc-1246314526, networkLocation: /rack1, certSerialId: null}
2019-11-14 19:55:21,935 [pool-27-thread-1] INFO  storage.RaftStorageDirectory (RaftStorageDirectory.java:tryLock(328)) - Lock on /workdir/hadoop-ozone/integration-test/target/test-dir/MiniOzoneClusterImpl-4164cd2a-9f03-471b-8431-fd84a2e2cb62/datanode-0/data/ratis/94419477-6345-494d-902c-2fda7782a7f1/in_use.lock acquired by nodename 9468@pr-hdds-2489-n52xc-1246314526
2019-11-14 19:55:22,080 [Thread-283] INFO  container.ReplicationManager (ReplicationManager.java:start(162)) - Starting Replication Monitor Thread.
2019-11-14 19:55:22,082 [ReplicationMonitor] INFO  container.ReplicationManager (ReplicationManager.java:run(225)) - Replication Monitor Thread took 1 milliseconds for processing 0 containers.
2019-11-14 19:55:22,278 [RATISCREATEPIPELINE1] ERROR pipeline.RatisPipelineProvider (RatisPipelineProvider.java:lambda$null$5(230)) - Failed invoke Ratis rpc org.apache.hadoop.hdds.scm.pipeline.RatisPipelineProvider$$Lambda$180/1315862270@70d17807 for b4243c9e-0de7-4e8b-af85-81ed103925b9
org.apache.ratis.protocol.TimeoutIOException: deadline exceeded after 2965005927ns
	at org.apache.ratis.grpc.GrpcUtil.tryUnwrapException(GrpcUtil.java:82)
	at org.apache.ratis.grpc.GrpcUtil.unwrapException(GrpcUtil.java:75)
	at org.apache.ratis.grpc.client.GrpcClientProtocolClient.blockingCall(GrpcClientProtocolClient.java:184)
	at org.apache.ratis.grpc.client.GrpcClientProtocolClient.groupAdd(GrpcClientProtocolClient.java:153)
	at org.apache.ratis.grpc.client.GrpcClientRpc.sendRequest(GrpcClientRpc.java:94)
	at org.apache.ratis.client.impl.RaftClientImpl.sendRequest(RaftClientImpl.java:278)
	at org.apache.ratis.client.impl.RaftClientImpl.groupAdd(RaftClientImpl.java:205)
	at org.apache.hadoop.hdds.scm.pipeline.RatisPipelineProvider.lambda$initializePipeline$4(RatisPipelineProvider.java:191)
	at org.apache.hadoop.hdds.scm.pipeline.RatisPipelineProvider.lambda$null$5(RatisPipelineProvider.java:226)
	at java.util.stream.ForEachOps$ForEachOp$OfRef.accept(ForEachOps.java:183)
	at java.util.ArrayList$ArrayListSpliterator.forEachRemaining(ArrayList.java:1382)
	at java.util.stream.AbstractPipeline.copyInto(AbstractPipeline.java:482)
	at java.util.stream.ForEachOps$ForEachTask.compute(ForEachOps.java:290)
	at java.util.concurrent.CountedCompleter.exec(CountedCompleter.java:731)
	at java.util.concurrent.ForkJoinTask.doExec(ForkJoinTask.java:289)
	at java.util.concurrent.ForkJoinTask.doInvoke(ForkJoinTask.java:401)
	at java.util.concurrent.ForkJoinTask.invoke(ForkJoinTask.java:734)
	at java.util.stream.ForEachOps$ForEachOp.evaluateParallel(ForEachOps.java:159)
	at java.util.stream.ForEachOps$ForEachOp$OfRef.evaluateParallel(ForEachOps.java:173)
	at java.util.stream.AbstractPipeline.evaluate(AbstractPipeline.java:233)
	at java.util.stream.ReferencePipeline.forEach(ReferencePipeline.java:485)
	at java.util.stream.ReferencePipeline$Head.forEach(ReferencePipeline.java:650)
	at org.apache.hadoop.hdds.scm.pipeline.RatisPipelineProvider.lambda$callRatisRpc$6(RatisPipelineProvider.java:220)
	at java.util.concurrent.ForkJoinTask$AdaptedRunnableAction.exec(ForkJoinTask.java:1386)
	at java.util.concurrent.ForkJoinTask.doExec(ForkJoinTask.java:289)
	at java.util.concurrent.ForkJoinPool$WorkQueue.runTask(ForkJoinPool.java:1056)
	at java.util.concurrent.ForkJoinPool.runWorker(ForkJoinPool.java:1692)
	at java.util.concurrent.ForkJoinWorkerThread.run(ForkJoinWorkerThread.java:157)
Caused by: org.apache.ratis.thirdparty.io.grpc.StatusRuntimeException: DEADLINE_EXCEEDED: deadline exceeded after 2965005927ns
	at org.apache.ratis.thirdparty.io.grpc.stub.ClientCalls.toStatusRuntimeException(ClientCalls.java:233)
	at org.apache.ratis.thirdparty.io.grpc.stub.ClientCalls.getUnchecked(ClientCalls.java:214)
	at org.apache.ratis.thirdparty.io.grpc.stub.ClientCalls.blockingUnaryCall(ClientCalls.java:139)
	at org.apache.ratis.proto.grpc.AdminProtocolServiceGrpc$AdminProtocolServiceBlockingStub.groupManagement(AdminProtocolServiceGrpc.java:274)
	at org.apache.ratis.grpc.client.GrpcClientProtocolClient.lambda$groupAdd$3(GrpcClientProtocolClient.java:155)
	at org.apache.ratis.grpc.client.GrpcClientProtocolClient.blockingCall(GrpcClientProtocolClient.java:182)
	... 25 more
2019-11-14 19:55:22,284 [main] INFO  ozone.MiniOzoneClusterImpl (MiniOzoneClusterImpl.java:lambda$waitForClusterToBeReady$2(171)) - Waiting for cluster to be ready. Got 9 of 10 DN Heartbeats.
2019-11-14 19:55:22,331 [grpc-default-executor-1] INFO  impl.RaftServerProxy (RaftServerProxy.java:addNew(89)) - 0203d6eb-35d8-4784-bff3-7fee374bf3e2: addNew group-C8D10AEBF337:[0203d6eb-35d8-4784-bff3-7fee374bf3e2:192.168.157.219:45232, 0dd744a2-47ab-4d30-8d7a-27587728c440:192.168.157.219:41669, b74b6e41-b4f8-4f70-a45a-58780751dbf1:192.168.157.219:39468] returns group-C8D10AEBF337:java.util.concurrent.CompletableFuture@179f6e6d[Not completed]
2019-11-14 19:55:22,382 [pool-117-thread-1] INFO  impl.RaftServerImpl (RaftServerImpl.java:<init>(98)) - 0203d6eb-35d8-4784-bff3-7fee374bf3e2: new RaftServerImpl for group-C8D10AEBF337:[0203d6eb-35d8-4784-bff3-7fee374bf3e2:192.168.157.219:45232, 0dd744a2-47ab-4d30-8d7a-27587728c440:192.168.157.219:41669, b74b6e41-b4f8-4f70-a45a-58780751dbf1:192.168.157.219:39468] with ContainerStateMachine:uninitialized
2019-11-14 19:55:22,384 [pool-117-thread-1] INFO  server.RaftServerConfigKeys (ConfUtils.java:logGet(43)) - raft.server.rpc.timeout.min = 1s (custom)
2019-11-14 19:55:22,384 [grpc-default-executor-1] INFO  impl.RaftServerProxy (RaftServerProxy.java:addNew(89)) - 0dd744a2-47ab-4d30-8d7a-27587728c440: addNew group-C8D10AEBF337:[0203d6eb-35d8-4784-bff3-7fee374bf3e2:192.168.157.219:45232, 0dd744a2-47ab-4d30-8d7a-27587728c440:192.168.157.219:41669, b74b6e41-b4f8-4f70-a45a-58780751dbf1:192.168.157.219:39468] returns group-C8D10AEBF337:java.util.concurrent.CompletableFuture@6f050c4c[Not completed]
2019-11-14 19:55:22,384 [pool-117-thread-1] INFO  server.RaftServerConfigKeys (ConfUtils.java:logGet(43)) - raft.server.rpc.timeout.max = 1200ms (custom)
2019-11-14 19:55:22,385 [pool-117-thread-1] INFO  server.RaftServerConfigKeys (ConfUtils.java:logGet(43)) - raft.server.rpcslowness.timeout = 120s (custom)
2019-11-14 19:55:22,385 [grpc-default-executor-0] INFO  impl.RaftServerProxy (RaftServerProxy.java:addNew(89)) - b74b6e41-b4f8-4f70-a45a-58780751dbf1: addNew group-C8D10AEBF337:[0203d6eb-35d8-4784-bff3-7fee374bf3e2:192.168.157.219:45232, 0dd744a2-47ab-4d30-8d7a-27587728c440:192.168.157.219:41669, b74b6e41-b4f8-4f70-a45a-58780751dbf1:192.168.157.219:39468] returns group-C8D10AEBF337:java.util.concurrent.CompletableFuture@5e8f740c[Not completed]
2019-11-14 19:55:22,410 [pool-117-thread-1] INFO  server.RaftServerConfigKeys (ConfUtils.java:logGet(43)) - raft.server.sleep.deviation.threshold = 300 (default)
2019-11-14 19:55:22,410 [pool-117-thread-1] INFO  server.RaftServerConfigKeys (ConfUtils.java:logGet(43)) - raft.server.log.appender.install.snapshot.enabled = false (custom)
2019-11-14 19:55:22,413 [pool-87-thread-1] INFO  impl.RaftServerImpl (RaftServerImpl.java:<init>(98)) - 0dd744a2-47ab-4d30-8d7a-27587728c440: new RaftServerImpl for group-C8D10AEBF337:[0203d6eb-35d8-4784-bff3-7fee374bf3e2:192.168.157.219:45232, 0dd744a2-47ab-4d30-8d7a-27587728c440:192.168.157.219:41669, b74b6e41-b4f8-4f70-a45a-58780751dbf1:192.168.157.219:39468] with ContainerStateMachine:uninitialized
2019-11-14 19:55:22,413 [pool-117-thread-1] INFO  impl.RaftServerImpl (ServerState.java:<init>(103)) - 0203d6eb-35d8-4784-bff3-7fee374bf3e2@group-C8D10AEBF337: ConfigurationManager, init=-1: [0203d6eb-35d8-4784-bff3-7fee374bf3e2:192.168.157.219:45232, 0dd744a2-47ab-4d30-8d7a-27587728c440:192.168.157.219:41669, b74b6e41-b4f8-4f70-a45a-58780751dbf1:192.168.157.219:39468], old=null, confs=<EMPTY_MAP>
2019-11-14 19:55:22,413 [pool-87-thread-1] INFO  server.RaftServerConfigKeys (ConfUtils.java:logGet(43)) - raft.server.rpc.timeout.min = 1s (custom)
2019-11-14 19:55:22,413 [pool-87-thread-1] INFO  server.RaftServerConfigKeys (ConfUtils.java:logGet(43)) - raft.server.rpc.timeout.max = 1200ms (custom)
2019-11-14 19:55:22,413 [pool-117-thread-1] INFO  server.RaftServerConfigKeys (ConfUtils.java:logGet(43)) - raft.server.storage.dir = [/workdir/hadoop-ozone/integration-test/target/test-dir/MiniOzoneClusterImpl-4164cd2a-9f03-471b-8431-fd84a2e2cb62/datanode-9/data/ratis] (custom)
2019-11-14 19:55:22,413 [pool-87-thread-1] INFO  server.RaftServerConfigKeys (ConfUtils.java:logGet(43)) - raft.server.rpcslowness.timeout = 120s (custom)
2019-11-14 19:55:22,413 [pool-87-thread-1] INFO  server.RaftServerConfigKeys (ConfUtils.java:logGet(43)) - raft.server.sleep.deviation.threshold = 300 (default)
2019-11-14 19:55:22,414 [pool-87-thread-1] INFO  server.RaftServerConfigKeys (ConfUtils.java:logGet(43)) - raft.server.log.appender.install.snapshot.enabled = false (custom)
2019-11-14 19:55:22,414 [pool-117-thread-1] INFO  server.RaftServerConfigKeys (ConfUtils.java:logGet(43)) - raft.server.log.corruption.policy = EXCEPTION (default)
2019-11-14 19:55:22,414 [pool-87-thread-1] INFO  impl.RaftServerImpl (ServerState.java:<init>(103)) - 0dd744a2-47ab-4d30-8d7a-27587728c440@group-C8D10AEBF337: ConfigurationManager, init=-1: [0203d6eb-35d8-4784-bff3-7fee374bf3e2:192.168.157.219:45232, 0dd744a2-47ab-4d30-8d7a-27587728c440:192.168.157.219:41669, b74b6e41-b4f8-4f70-a45a-58780751dbf1:192.168.157.219:39468], old=null, confs=<EMPTY_MAP>
2019-11-14 19:55:22,414 [pool-87-thread-1] INFO  server.RaftServerConfigKeys (ConfUtils.java:logGet(43)) - raft.server.storage.dir = [/workdir/hadoop-ozone/integration-test/target/test-dir/MiniOzoneClusterImpl-4164cd2a-9f03-471b-8431-fd84a2e2cb62/datanode-6/data/ratis] (custom)
2019-11-14 19:55:22,416 [pool-117-thread-1] INFO  storage.RaftStorageDirectory (RaftStorageDirectory.java:analyzeStorage(246)) - The storage directory /workdir/hadoop-ozone/integration-test/target/test-dir/MiniOzoneClusterImpl-4164cd2a-9f03-471b-8431-fd84a2e2cb62/datanode-9/data/ratis/c0d2486f-2fbf-42ce-af05-c8d10aebf337 does not exist. Creating ...
2019-11-14 19:55:22,417 [pool-47-thread-1] INFO  impl.RaftServerImpl (RaftServerImpl.java:<init>(98)) - b74b6e41-b4f8-4f70-a45a-58780751dbf1: new RaftServerImpl for group-C8D10AEBF337:[0203d6eb-35d8-4784-bff3-7fee374bf3e2:192.168.157.219:45232, 0dd744a2-47ab-4d30-8d7a-27587728c440:192.168.157.219:41669, b74b6e41-b4f8-4f70-a45a-58780751dbf1:192.168.157.219:39468] with ContainerStateMachine:uninitialized
2019-11-14 19:55:22,417 [pool-87-thread-1] INFO  server.RaftServerConfigKeys (ConfUtils.java:logGet(43)) - raft.server.log.corruption.policy = EXCEPTION (default)
2019-11-14 19:55:22,417 [pool-47-thread-1] INFO  server.RaftServerConfigKeys (ConfUtils.java:logGet(43)) - raft.server.rpc.timeout.min = 1s (custom)
2019-11-14 19:55:22,417 [pool-87-thread-1] INFO  storage.RaftStorageDirectory (RaftStorageDirectory.java:analyzeStorage(246)) - The storage directory /workdir/hadoop-ozone/integration-test/target/test-dir/MiniOzoneClusterImpl-4164cd2a-9f03-471b-8431-fd84a2e2cb62/datanode-6/data/ratis/c0d2486f-2fbf-42ce-af05-c8d10aebf337 does not exist. Creating ...
2019-11-14 19:55:22,417 [pool-47-thread-1] INFO  server.RaftServerConfigKeys (ConfUtils.java:logGet(43)) - raft.server.rpc.timeout.max = 1200ms (custom)
2019-11-14 19:55:22,418 [pool-47-thread-1] INFO  server.RaftServerConfigKeys (ConfUtils.java:logGet(43)) - raft.server.rpcslowness.timeout = 120s (custom)
2019-11-14 19:55:22,418 [pool-47-thread-1] INFO  server.RaftServerConfigKeys (ConfUtils.java:logGet(43)) - raft.server.sleep.deviation.threshold = 300 (default)
2019-11-14 19:55:22,418 [pool-47-thread-1] INFO  server.RaftServerConfigKeys (ConfUtils.java:logGet(43)) - raft.server.log.appender.install.snapshot.enabled = false (custom)
2019-11-14 19:55:22,418 [pool-47-thread-1] INFO  impl.RaftServerImpl (ServerState.java:<init>(103)) - b74b6e41-b4f8-4f70-a45a-58780751dbf1@group-C8D10AEBF337: ConfigurationManager, init=-1: [0203d6eb-35d8-4784-bff3-7fee374bf3e2:192.168.157.219:45232, 0dd744a2-47ab-4d30-8d7a-27587728c440:192.168.157.219:41669, b74b6e41-b4f8-4f70-a45a-58780751dbf1:192.168.157.219:39468], old=null, confs=<EMPTY_MAP>
2019-11-14 19:55:22,418 [pool-47-thread-1] INFO  server.RaftServerConfigKeys (ConfUtils.java:logGet(43)) - raft.server.storage.dir = [/workdir/hadoop-ozone/integration-test/target/test-dir/MiniOzoneClusterImpl-4164cd2a-9f03-471b-8431-fd84a2e2cb62/datanode-2/data/ratis] (custom)
2019-11-14 19:55:22,419 [pool-47-thread-1] INFO  server.RaftServerConfigKeys (ConfUtils.java:logGet(43)) - raft.server.log.corruption.policy = EXCEPTION (default)
2019-11-14 19:55:22,419 [pool-47-thread-1] INFO  storage.RaftStorageDirectory (RaftStorageDirectory.java:analyzeStorage(246)) - The storage directory /workdir/hadoop-ozone/integration-test/target/test-dir/MiniOzoneClusterImpl-4164cd2a-9f03-471b-8431-fd84a2e2cb62/datanode-2/data/ratis/c0d2486f-2fbf-42ce-af05-c8d10aebf337 does not exist. Creating ...
2019-11-14 19:55:25,118 [pool-27-thread-1] INFO  storage.RaftStorage (RaftStorage.java:format(84)) - Storage directory /workdir/hadoop-ozone/integration-test/target/test-dir/MiniOzoneClusterImpl-4164cd2a-9f03-471b-8431-fd84a2e2cb62/datanode-0/data/ratis/94419477-6345-494d-902c-2fda7782a7f1 has been successfully formatted.
2019-11-14 19:55:25,122 [pool-27-thread-1] INFO  ratis.ContainerStateMachine (ContainerStateMachine.java:loadSnapshot(223)) - group-2FDA7782A7F1: The snapshot info is null. Setting the last applied indexto:(t:0, i:~)
2019-11-14 19:55:25,122 [pool-27-thread-1] INFO  server.RaftServerConfigKeys (ConfUtils.java:logGet(43)) - raft.server.notification.no-leader.timeout = 120s (custom)
2019-11-14 19:55:25,125 [pool-27-thread-1] INFO  server.RaftServerConfigKeys (ConfUtils.java:logGet(43)) - raft.server.log.use.memory = false (default)
2019-11-14 19:55:25,133 [pool-27-thread-1] INFO  server.RaftServerConfigKeys (ConfUtils.java:logGet(43)) - raft.server.log.purge.gap = 1000000 (custom)
2019-11-14 19:55:25,133 [pool-27-thread-1] INFO  server.RaftServerConfigKeys (ConfUtils.java:logGet(43)) - raft.server.log.appender.buffer.byte-limit = 33554432 (custom)
2019-11-14 19:55:25,136 [pool-27-thread-1] INFO  server.RaftServerConfigKeys (ConfUtils.java:logGet(43)) - raft.server.log.segment.size.max = 1048576 (custom)
2019-11-14 19:55:25,142 [pool-27-thread-1] INFO  metrics.MetricRegistries (MetricRegistriesLoader.java:load(64)) - Loaded MetricRegistries class org.apache.ratis.metrics.impl.MetricRegistriesImpl
2019-11-14 19:55:25,147 [pool-27-thread-1] WARN  impl.MetricRegistriesImpl (MetricRegistriesImpl.java:lambda$create$1(61)) - First MetricRegistry has been created without registering reporters. You may need to call MetricRegistries.global().addReportRegistration(...) before.
2019-11-14 19:55:25,155 [pool-27-thread-1] INFO  server.RaftServerConfigKeys (ConfUtils.java:logGet(43)) - raft.server.log.segment.cache.num.max = 2 (custom)
2019-11-14 19:55:25,162 [pool-27-thread-1] INFO  segmented.SegmentedRaftLogWorker (SegmentedRaftLogWorker.java:<init>(173)) - new b4243c9e-0de7-4e8b-af85-81ed103925b9@group-2FDA7782A7F1-SegmentedRaftLogWorker for RaftStorage:Storage Directory /workdir/hadoop-ozone/integration-test/target/test-dir/MiniOzoneClusterImpl-4164cd2a-9f03-471b-8431-fd84a2e2cb62/datanode-0/data/ratis/94419477-6345-494d-902c-2fda7782a7f1
2019-11-14 19:55:25,162 [pool-27-thread-1] INFO  server.RaftServerConfigKeys (ConfUtils.java:logGet(43)) - raft.server.log.queue.byte-limit = 2147483647 (custom)
2019-11-14 19:55:25,163 [pool-27-thread-1] INFO  server.RaftServerConfigKeys (ConfUtils.java:logGet(43)) - raft.server.log.queue.element-limit = 1024 (custom)
2019-11-14 19:55:25,164 [pool-27-thread-1] INFO  server.RaftServerConfigKeys (ConfUtils.java:logGet(43)) - raft.server.log.segment.size.max = 1048576 (custom)
2019-11-14 19:55:25,165 [pool-27-thread-1] INFO  server.RaftServerConfigKeys (ConfUtils.java:logGet(43)) - raft.server.log.preallocated.size = 16384 (custom)
2019-11-14 19:55:25,165 [pool-27-thread-1] INFO  server.RaftServerConfigKeys (ConfUtils.java:logGet(43)) - raft.server.log.write.buffer.size = 33554432 (custom)
2019-11-14 19:55:25,166 [pool-27-thread-1] INFO  server.RaftServerConfigKeys (ConfUtils.java:logGet(43)) - raft.server.log.force.sync.num = 128 (default)
2019-11-14 19:55:25,167 [pool-27-thread-1] INFO  server.RaftServerConfigKeys (ConfUtils.java:logGet(43)) - raft.server.log.statemachine.data.sync = true (default)
2019-11-14 19:55:25,167 [pool-27-thread-1] INFO  server.RaftServerConfigKeys (ConfUtils.java:logGet(43)) - raft.server.log.statemachine.data.sync.timeout = 10s (default)
2019-11-14 19:55:25,168 [pool-27-thread-1] INFO  server.RaftServerConfigKeys (ConfUtils.java:logGet(43)) - raft.server.log.statemachine.data.sync.timeout.retry = -1 (default)
2019-11-14 19:55:25,180 [pool-27-thread-1] INFO  server.RaftServerConfigKeys (ConfUtils.java:logGet(43)) - raft.server.log.statemachine.data.caching.enabled = true (custom)
2019-11-14 19:55:25,185 [pool-27-thread-1] INFO  segmented.SegmentedRaftLogWorker (SegmentedRaftLogWorker.java:lambda$new$0(128)) - b4243c9e-0de7-4e8b-af85-81ed103925b9@group-2FDA7782A7F1-SegmentedRaftLogWorker: flushIndex: setUnconditionally 0 -> -1
2019-11-14 19:55:25,190 [pool-27-thread-1] INFO  server.RaftServerConfigKeys (ConfUtils.java:logGet(43)) - raft.server.snapshot.auto.trigger.enabled = true (custom)
2019-11-14 19:55:25,191 [pool-27-thread-1] INFO  server.RaftServerConfigKeys (ConfUtils.java:logGet(43)) - raft.server.snapshot.auto.trigger.threshold = 10000 (custom)
2019-11-14 19:55:25,192 [pool-27-thread-1] INFO  server.RaftServerConfigKeys (ConfUtils.java:logGet(43)) - raft.server.snapshot.retention.file.num = 5 (custom)
2019-11-14 19:55:25,193 [pool-27-thread-1] INFO  server.RaftServerConfigKeys (ConfUtils.java:logGet(43)) - raft.server.retrycache.expirytime = 600000ms (custom)
2019-11-14 19:55:25,214 [pool-27-thread-1] WARN  impl.MetricRegistriesImpl (MetricRegistriesImpl.java:lambda$create$1(61)) - First MetricRegistry has been created without registering reporters. You may need to call MetricRegistries.global().addReportRegistration(...) before.
2019-11-14 19:55:25,217 [pool-27-thread-1] WARN  impl.MetricRegistriesImpl (MetricRegistriesImpl.java:lambda$create$1(61)) - First MetricRegistry has been created without registering reporters. You may need to call MetricRegistries.global().addReportRegistration(...) before.
2019-11-14 19:55:25,218 [pool-27-thread-1] INFO  impl.RaftServerImpl (RaftServerImpl.java:start(184)) - b4243c9e-0de7-4e8b-af85-81ed103925b9@group-2FDA7782A7F1: start as a follower, conf=-1: [b4243c9e-0de7-4e8b-af85-81ed103925b9:192.168.157.219:38972], old=null
2019-11-14 19:55:25,219 [pool-27-thread-1] INFO  impl.RaftServerImpl (RaftServerImpl.java:setRole(173)) - b4243c9e-0de7-4e8b-af85-81ed103925b9@group-2FDA7782A7F1: changes role from      null to FOLLOWER at term 0 for startAsFollower
2019-11-14 19:55:25,221 [pool-27-thread-1] INFO  impl.RoleInfo (RoleInfo.java:updateAndGet(143)) - b4243c9e-0de7-4e8b-af85-81ed103925b9: start FollowerState
2019-11-14 19:55:25,223 [pool-27-thread-1] INFO  util.JmxRegister (JmxRegister.java:tryRegister(44)) - Successfully registered JMX Bean with object name Ratis:service=RaftServer,group=group-2FDA7782A7F1,id=b4243c9e-0de7-4e8b-af85-81ed103925b9
2019-11-14 19:55:25,224 [pool-27-thread-1] WARN  impl.MetricRegistriesImpl (MetricRegistriesImpl.java:lambda$create$1(61)) - First MetricRegistry has been created without registering reporters. You may need to call MetricRegistries.global().addReportRegistration(...) before.
2019-11-14 19:55:25,306 [RATISCREATEPIPELINE2] ERROR pipeline.RatisPipelineProvider (RatisPipelineProvider.java:lambda$null$5(230)) - Failed invoke Ratis rpc org.apache.hadoop.hdds.scm.pipeline.RatisPipelineProvider$$Lambda$180/1315862270@72b5bbc6 for b74b6e41-b4f8-4f70-a45a-58780751dbf1
org.apache.ratis.protocol.TimeoutIOException: deadline exceeded after 2999753270ns
	at org.apache.ratis.grpc.GrpcUtil.tryUnwrapException(GrpcUtil.java:82)
	at org.apache.ratis.grpc.GrpcUtil.unwrapException(GrpcUtil.java:75)
	at org.apache.ratis.grpc.client.GrpcClientProtocolClient.blockingCall(GrpcClientProtocolClient.java:184)
	at org.apache.ratis.grpc.client.GrpcClientProtocolClient.groupAdd(GrpcClientProtocolClient.java:153)
	at org.apache.ratis.grpc.client.GrpcClientRpc.sendRequest(GrpcClientRpc.java:94)
	at org.apache.ratis.client.impl.RaftClientImpl.sendRequest(RaftClientImpl.java:278)
	at org.apache.ratis.client.impl.RaftClientImpl.groupAdd(RaftClientImpl.java:205)
	at org.apache.hadoop.hdds.scm.pipeline.RatisPipelineProvider.lambda$initializePipeline$4(RatisPipelineProvider.java:191)
	at org.apache.hadoop.hdds.scm.pipeline.RatisPipelineProvider.lambda$null$5(RatisPipelineProvider.java:226)
	at java.util.stream.ForEachOps$ForEachOp$OfRef.accept(ForEachOps.java:183)
	at java.util.ArrayList$ArrayListSpliterator.forEachRemaining(ArrayList.java:1382)
	at java.util.stream.AbstractPipeline.copyInto(AbstractPipeline.java:482)
	at java.util.stream.ForEachOps$ForEachTask.compute(ForEachOps.java:290)
	at java.util.concurrent.CountedCompleter.exec(CountedCompleter.java:731)
	at java.util.concurrent.ForkJoinTask.doExec(ForkJoinTask.java:289)
	at java.util.concurrent.ForkJoinPool$WorkQueue.runTask(ForkJoinPool.java:1056)
	at java.util.concurrent.ForkJoinPool.runWorker(ForkJoinPool.java:1692)
	at java.util.concurrent.ForkJoinWorkerThread.run(ForkJoinWorkerThread.java:157)
Caused by: org.apache.ratis.thirdparty.io.grpc.StatusRuntimeException: DEADLINE_EXCEEDED: deadline exceeded after 2999753270ns
	at org.apache.ratis.thirdparty.io.grpc.stub.ClientCalls.toStatusRuntimeException(ClientCalls.java:233)
	at org.apache.ratis.thirdparty.io.grpc.stub.ClientCalls.getUnchecked(ClientCalls.java:214)
	at org.apache.ratis.thirdparty.io.grpc.stub.ClientCalls.blockingUnaryCall(ClientCalls.java:139)
	at org.apache.ratis.proto.grpc.AdminProtocolServiceGrpc$AdminProtocolServiceBlockingStub.groupManagement(AdminProtocolServiceGrpc.java:274)
	at org.apache.ratis.grpc.client.GrpcClientProtocolClient.lambda$groupAdd$3(GrpcClientProtocolClient.java:155)
	at org.apache.ratis.grpc.client.GrpcClientProtocolClient.blockingCall(GrpcClientProtocolClient.java:182)
	... 15 more
2019-11-14 19:55:25,308 [RATISCREATEPIPELINE3] ERROR pipeline.RatisPipelineProvider (RatisPipelineProvider.java:lambda$null$5(230)) - Failed invoke Ratis rpc org.apache.hadoop.hdds.scm.pipeline.RatisPipelineProvider$$Lambda$180/1315862270@72b5bbc6 for 0dd744a2-47ab-4d30-8d7a-27587728c440
org.apache.ratis.protocol.TimeoutIOException: deadline exceeded after 2999723432ns
	at org.apache.ratis.grpc.GrpcUtil.tryUnwrapException(GrpcUtil.java:82)
	at org.apache.ratis.grpc.GrpcUtil.unwrapException(GrpcUtil.java:75)
	at org.apache.ratis.grpc.client.GrpcClientProtocolClient.blockingCall(GrpcClientProtocolClient.java:184)
	at org.apache.ratis.grpc.client.GrpcClientProtocolClient.groupAdd(GrpcClientProtocolClient.java:153)
	at org.apache.ratis.grpc.client.GrpcClientRpc.sendRequest(GrpcClientRpc.java:94)
	at org.apache.ratis.client.impl.RaftClientImpl.sendRequest(RaftClientImpl.java:278)
	at org.apache.ratis.client.impl.RaftClientImpl.groupAdd(RaftClientImpl.java:205)
	at org.apache.hadoop.hdds.scm.pipeline.RatisPipelineProvider.lambda$initializePipeline$4(RatisPipelineProvider.java:191)
	at org.apache.hadoop.hdds.scm.pipeline.RatisPipelineProvider.lambda$null$5(RatisPipelineProvider.java:226)
	at java.util.stream.ForEachOps$ForEachOp$OfRef.accept(ForEachOps.java:183)
	at java.util.ArrayList$ArrayListSpliterator.forEachRemaining(ArrayList.java:1382)
	at java.util.stream.AbstractPipeline.copyInto(AbstractPipeline.java:482)
	at java.util.stream.ForEachOps$ForEachTask.compute(ForEachOps.java:290)
	at java.util.concurrent.CountedCompleter.exec(CountedCompleter.java:731)
	at java.util.concurrent.ForkJoinTask.doExec(ForkJoinTask.java:289)
	at java.util.concurrent.ForkJoinPool$WorkQueue.runTask(ForkJoinPool.java:1056)
	at java.util.concurrent.ForkJoinPool.runWorker(ForkJoinPool.java:1692)
	at java.util.concurrent.ForkJoinWorkerThread.run(ForkJoinWorkerThread.java:157)
Caused by: org.apache.ratis.thirdparty.io.grpc.StatusRuntimeException: DEADLINE_EXCEEDED: deadline exceeded after 2999723432ns
	at org.apache.ratis.thirdparty.io.grpc.stub.ClientCalls.toStatusRuntimeException(ClientCalls.java:233)
	at org.apache.ratis.thirdparty.io.grpc.stub.ClientCalls.getUnchecked(ClientCalls.java:214)
	at org.apache.ratis.thirdparty.io.grpc.stub.ClientCalls.blockingUnaryCall(ClientCalls.java:139)
	at org.apache.ratis.proto.grpc.AdminProtocolServiceGrpc$AdminProtocolServiceBlockingStub.groupManagement(AdminProtocolServiceGrpc.java:274)
	at org.apache.ratis.grpc.client.GrpcClientProtocolClient.lambda$groupAdd$3(GrpcClientProtocolClient.java:155)
	at org.apache.ratis.grpc.client.GrpcClientProtocolClient.blockingCall(GrpcClientProtocolClient.java:182)
	... 15 more
2019-11-14 19:55:25,307 [RATISCREATEPIPELINE1] ERROR pipeline.RatisPipelineProvider (RatisPipelineProvider.java:lambda$null$5(230)) - Failed invoke Ratis rpc org.apache.hadoop.hdds.scm.pipeline.RatisPipelineProvider$$Lambda$180/1315862270@72b5bbc6 for 0203d6eb-35d8-4784-bff3-7fee374bf3e2
org.apache.ratis.protocol.TimeoutIOException: deadline exceeded after 2997175599ns
	at org.apache.ratis.grpc.GrpcUtil.tryUnwrapException(GrpcUtil.java:82)
	at org.apache.ratis.grpc.GrpcUtil.unwrapException(GrpcUtil.java:75)
	at org.apache.ratis.grpc.client.GrpcClientProtocolClient.blockingCall(GrpcClientProtocolClient.java:184)
	at org.apache.ratis.grpc.client.GrpcClientProtocolClient.groupAdd(GrpcClientProtocolClient.java:153)
	at org.apache.ratis.grpc.client.GrpcClientRpc.sendRequest(GrpcClientRpc.java:94)
	at org.apache.ratis.client.impl.RaftClientImpl.sendRequest(RaftClientImpl.java:278)
	at org.apache.ratis.client.impl.RaftClientImpl.groupAdd(RaftClientImpl.java:205)
	at org.apache.hadoop.hdds.scm.pipeline.RatisPipelineProvider.lambda$initializePipeline$4(RatisPipelineProvider.java:191)
	at org.apache.hadoop.hdds.scm.pipeline.RatisPipelineProvider.lambda$null$5(RatisPipelineProvider.java:226)
	at java.util.stream.ForEachOps$ForEachOp$OfRef.accept(ForEachOps.java:183)
	at java.util.ArrayList$ArrayListSpliterator.forEachRemaining(ArrayList.java:1382)
	at java.util.stream.AbstractPipeline.copyInto(AbstractPipeline.java:482)
	at java.util.stream.ForEachOps$ForEachTask.compute(ForEachOps.java:290)
	at java.util.concurrent.CountedCompleter.exec(CountedCompleter.java:731)
	at java.util.concurrent.ForkJoinTask.doExec(ForkJoinTask.java:289)
	at java.util.concurrent.ForkJoinTask.doInvoke(ForkJoinTask.java:401)
	at java.util.concurrent.ForkJoinTask.invoke(ForkJoinTask.java:734)
	at java.util.stream.ForEachOps$ForEachOp.evaluateParallel(ForEachOps.java:159)
	at java.util.stream.ForEachOps$ForEachOp$OfRef.evaluateParallel(ForEachOps.java:173)
	at java.util.stream.AbstractPipeline.evaluate(AbstractPipeline.java:233)
	at java.util.stream.ReferencePipeline.forEach(ReferencePipeline.java:485)
	at java.util.stream.ReferencePipeline$Head.forEach(ReferencePipeline.java:650)
	at org.apache.hadoop.hdds.scm.pipeline.RatisPipelineProvider.lambda$callRatisRpc$6(RatisPipelineProvider.java:220)
	at java.util.concurrent.ForkJoinTask$AdaptedRunnableAction.exec(ForkJoinTask.java:1386)
	at java.util.concurrent.ForkJoinTask.doExec(ForkJoinTask.java:289)
	at java.util.concurrent.ForkJoinPool$WorkQueue.runTask(ForkJoinPool.java:1056)
	at java.util.concurrent.ForkJoinPool.runWorker(ForkJoinPool.java:1692)
	at java.util.concurrent.ForkJoinWorkerThread.run(ForkJoinWorkerThread.java:157)
Caused by: org.apache.ratis.thirdparty.io.grpc.StatusRuntimeException: DEADLINE_EXCEEDED: deadline exceeded after 2997175599ns
	at org.apache.ratis.thirdparty.io.grpc.stub.ClientCalls.toStatusRuntimeException(ClientCalls.java:233)
	at org.apache.ratis.thirdparty.io.grpc.stub.ClientCalls.getUnchecked(ClientCalls.java:214)
	at org.apache.ratis.thirdparty.io.grpc.stub.ClientCalls.blockingUnaryCall(ClientCalls.java:139)
	at org.apache.ratis.proto.grpc.AdminProtocolServiceGrpc$AdminProtocolServiceBlockingStub.groupManagement(AdminProtocolServiceGrpc.java:274)
	at org.apache.ratis.grpc.client.GrpcClientProtocolClient.lambda$groupAdd$3(GrpcClientProtocolClient.java:155)
	at org.apache.ratis.grpc.client.GrpcClientProtocolClient.blockingCall(GrpcClientProtocolClient.java:182)
	... 25 more
2019-11-14 19:55:25,313 [main] INFO  ozone.MiniOzoneClusterImpl (MiniOzoneClusterImpl.java:lambda$waitForClusterToBeReady$2(171)) - Cluster is ready. Got 10 of 10 DN Heartbeats.
2019-11-14 19:55:25,346 [grpc-default-executor-0] INFO  impl.RaftServerProxy (RaftServerProxy.java:addNew(89)) - b74b6e41-b4f8-4f70-a45a-58780751dbf1: addNew group-CAF0947F739C:[b74b6e41-b4f8-4f70-a45a-58780751dbf1:192.168.157.219:39468] returns group-CAF0947F739C:java.util.concurrent.CompletableFuture@3b175e14[Not completed]
2019-11-14 19:55:25,823 [main] INFO  rpc.RpcClient (RpcClient.java:createVolume(292)) - Creating Volume: datanodefailurehandlingtest, with jenkins1000 as owner.
2019-11-14 19:55:25,891 [IPC Server handler 2 on 37998] INFO  volume.OMVolumeCreateRequest (OMVolumeCreateRequest.java:validateAndUpdateCache(193)) - created volume:datanodefailurehandlingtest for user:jenkins1000
2019-11-14 19:55:26,155 [pool-117-thread-1] INFO  storage.RaftStorageDirectory (RaftStorageDirectory.java:tryLock(328)) - Lock on /workdir/hadoop-ozone/integration-test/target/test-dir/MiniOzoneClusterImpl-4164cd2a-9f03-471b-8431-fd84a2e2cb62/datanode-9/data/ratis/c0d2486f-2fbf-42ce-af05-c8d10aebf337/in_use.lock acquired by nodename 9468@pr-hdds-2489-n52xc-1246314526
2019-11-14 19:55:26,155 [pool-47-thread-1] INFO  storage.RaftStorageDirectory (RaftStorageDirectory.java:tryLock(328)) - Lock on /workdir/hadoop-ozone/integration-test/target/test-dir/MiniOzoneClusterImpl-4164cd2a-9f03-471b-8431-fd84a2e2cb62/datanode-2/data/ratis/c0d2486f-2fbf-42ce-af05-c8d10aebf337/in_use.lock acquired by nodename 9468@pr-hdds-2489-n52xc-1246314526
2019-11-14 19:55:26,155 [pool-87-thread-1] INFO  storage.RaftStorageDirectory (RaftStorageDirectory.java:tryLock(328)) - Lock on /workdir/hadoop-ozone/integration-test/target/test-dir/MiniOzoneClusterImpl-4164cd2a-9f03-471b-8431-fd84a2e2cb62/datanode-6/data/ratis/c0d2486f-2fbf-42ce-af05-c8d10aebf337/in_use.lock acquired by nodename 9468@pr-hdds-2489-n52xc-1246314526
2019-11-14 19:55:26,406 [Thread-286] INFO  impl.FollowerState (FollowerState.java:run(111)) - b4243c9e-0de7-4e8b-af85-81ed103925b9@group-2FDA7782A7F1-FollowerState: change to CANDIDATE, lastRpcTime:1185ms, electionTimeout:1184ms
2019-11-14 19:55:26,411 [Thread-286] INFO  impl.RoleInfo (RoleInfo.java:shutdownFollowerState(121)) - b4243c9e-0de7-4e8b-af85-81ed103925b9: shutdown FollowerState
2019-11-14 19:55:26,413 [Thread-286] INFO  impl.RaftServerImpl (RaftServerImpl.java:setRole(173)) - b4243c9e-0de7-4e8b-af85-81ed103925b9@group-2FDA7782A7F1: changes role from  FOLLOWER to CANDIDATE at term 0 for changeToCandidate
2019-11-14 19:55:26,421 [Thread-286] INFO  impl.RoleInfo (RoleInfo.java:updateAndGet(143)) - b4243c9e-0de7-4e8b-af85-81ed103925b9: start LeaderElection
2019-11-14 19:55:27,535 [pool-117-thread-1] INFO  storage.RaftStorage (RaftStorage.java:format(84)) - Storage directory /workdir/hadoop-ozone/integration-test/target/test-dir/MiniOzoneClusterImpl-4164cd2a-9f03-471b-8431-fd84a2e2cb62/datanode-9/data/ratis/c0d2486f-2fbf-42ce-af05-c8d10aebf337 has been successfully formatted.
2019-11-14 19:55:27,535 [pool-47-thread-1] INFO  storage.RaftStorage (RaftStorage.java:format(84)) - Storage directory /workdir/hadoop-ozone/integration-test/target/test-dir/MiniOzoneClusterImpl-4164cd2a-9f03-471b-8431-fd84a2e2cb62/datanode-2/data/ratis/c0d2486f-2fbf-42ce-af05-c8d10aebf337 has been successfully formatted.
2019-11-14 19:55:27,535 [pool-87-thread-1] INFO  storage.RaftStorage (RaftStorage.java:format(84)) - Storage directory /workdir/hadoop-ozone/integration-test/target/test-dir/MiniOzoneClusterImpl-4164cd2a-9f03-471b-8431-fd84a2e2cb62/datanode-6/data/ratis/c0d2486f-2fbf-42ce-af05-c8d10aebf337 has been successfully formatted.
2019-11-14 19:55:27,547 [pool-117-thread-1] INFO  ratis.ContainerStateMachine (ContainerStateMachine.java:loadSnapshot(223)) - group-C8D10AEBF337: The snapshot info is null. Setting the last applied indexto:(t:0, i:~)
2019-11-14 19:55:27,547 [pool-87-thread-1] INFO  ratis.ContainerStateMachine (ContainerStateMachine.java:loadSnapshot(223)) - group-C8D10AEBF337: The snapshot info is null. Setting the last applied indexto:(t:0, i:~)
2019-11-14 19:55:27,547 [pool-47-thread-1] INFO  ratis.ContainerStateMachine (ContainerStateMachine.java:loadSnapshot(223)) - group-C8D10AEBF337: The snapshot info is null. Setting the last applied indexto:(t:0, i:~)
2019-11-14 19:55:27,549 [pool-117-thread-1] INFO  server.RaftServerConfigKeys (ConfUtils.java:logGet(43)) - raft.server.notification.no-leader.timeout = 120s (custom)
2019-11-14 19:55:27,550 [pool-47-thread-1] INFO  server.RaftServerConfigKeys (ConfUtils.java:logGet(43)) - raft.server.notification.no-leader.timeout = 120s (custom)
2019-11-14 19:55:27,549 [pool-87-thread-1] INFO  server.RaftServerConfigKeys (ConfUtils.java:logGet(43)) - raft.server.notification.no-leader.timeout = 120s (custom)
2019-11-14 19:55:27,550 [pool-47-thread-1] INFO  server.RaftServerConfigKeys (ConfUtils.java:logGet(43)) - raft.server.log.use.memory = false (default)
2019-11-14 19:55:27,550 [pool-117-thread-1] INFO  server.RaftServerConfigKeys (ConfUtils.java:logGet(43)) - raft.server.log.use.memory = false (default)
2019-11-14 19:55:27,550 [pool-47-thread-1] INFO  server.RaftServerConfigKeys (ConfUtils.java:logGet(43)) - raft.server.log.purge.gap = 1000000 (custom)
2019-11-14 19:55:27,550 [pool-87-thread-1] INFO  server.RaftServerConfigKeys (ConfUtils.java:logGet(43)) - raft.server.log.use.memory = false (default)
2019-11-14 19:55:27,551 [pool-47-thread-1] INFO  server.RaftServerConfigKeys (ConfUtils.java:logGet(43)) - raft.server.log.appender.buffer.byte-limit = 33554432 (custom)
2019-11-14 19:55:27,551 [pool-117-thread-1] INFO  server.RaftServerConfigKeys (ConfUtils.java:logGet(43)) - raft.server.log.purge.gap = 1000000 (custom)
2019-11-14 19:55:27,551 [pool-47-thread-1] INFO  server.RaftServerConfigKeys (ConfUtils.java:logGet(43)) - raft.server.log.segment.size.max = 1048576 (custom)
2019-11-14 19:55:27,551 [pool-87-thread-1] INFO  server.RaftServerConfigKeys (ConfUtils.java:logGet(43)) - raft.server.log.purge.gap = 1000000 (custom)
2019-11-14 19:55:27,552 [pool-47-thread-1] WARN  impl.MetricRegistriesImpl (MetricRegistriesImpl.java:lambda$create$1(61)) - First MetricRegistry has been created without registering reporters. You may need to call MetricRegistries.global().addReportRegistration(...) before.
2019-11-14 19:55:27,552 [pool-117-thread-1] INFO  server.RaftServerConfigKeys (ConfUtils.java:logGet(43)) - raft.server.log.appender.buffer.byte-limit = 33554432 (custom)
2019-11-14 19:55:27,552 [pool-47-thread-1] INFO  server.RaftServerConfigKeys (ConfUtils.java:logGet(43)) - raft.server.log.segment.cache.num.max = 2 (custom)
2019-11-14 19:55:27,552 [pool-87-thread-1] INFO  server.RaftServerConfigKeys (ConfUtils.java:logGet(43)) - raft.server.log.appender.buffer.byte-limit = 33554432 (custom)
2019-11-14 19:55:27,553 [pool-47-thread-1] INFO  segmented.SegmentedRaftLogWorker (SegmentedRaftLogWorker.java:<init>(173)) - new b74b6e41-b4f8-4f70-a45a-58780751dbf1@group-C8D10AEBF337-SegmentedRaftLogWorker for RaftStorage:Storage Directory /workdir/hadoop-ozone/integration-test/target/test-dir/MiniOzoneClusterImpl-4164cd2a-9f03-471b-8431-fd84a2e2cb62/datanode-2/data/ratis/c0d2486f-2fbf-42ce-af05-c8d10aebf337
2019-11-14 19:55:27,553 [pool-117-thread-1] INFO  server.RaftServerConfigKeys (ConfUtils.java:logGet(43)) - raft.server.log.segment.size.max = 1048576 (custom)
2019-11-14 19:55:27,553 [pool-47-thread-1] INFO  server.RaftServerConfigKeys (ConfUtils.java:logGet(43)) - raft.server.log.queue.byte-limit = 2147483647 (custom)
2019-11-14 19:55:27,553 [pool-87-thread-1] INFO  server.RaftServerConfigKeys (ConfUtils.java:logGet(43)) - raft.server.log.segment.size.max = 1048576 (custom)
2019-11-14 19:55:27,555 [pool-47-thread-1] INFO  server.RaftServerConfigKeys (ConfUtils.java:logGet(43)) - raft.server.log.queue.element-limit = 1024 (custom)
2019-11-14 19:55:27,553 [pool-117-thread-1] WARN  impl.MetricRegistriesImpl (MetricRegistriesImpl.java:lambda$create$1(61)) - First MetricRegistry has been created without registering reporters. You may need to call MetricRegistries.global().addReportRegistration(...) before.
2019-11-14 19:55:27,556 [pool-47-thread-1] INFO  server.RaftServerConfigKeys (ConfUtils.java:logGet(43)) - raft.server.log.segment.size.max = 1048576 (custom)
2019-11-14 19:55:27,555 [pool-87-thread-1] WARN  impl.MetricRegistriesImpl (MetricRegistriesImpl.java:lambda$create$1(61)) - First MetricRegistry has been created without registering reporters. You may need to call MetricRegistries.global().addReportRegistration(...) before.
2019-11-14 19:55:27,556 [pool-47-thread-1] INFO  server.RaftServerConfigKeys (ConfUtils.java:logGet(43)) - raft.server.log.preallocated.size = 16384 (custom)
2019-11-14 19:55:27,556 [pool-117-thread-1] INFO  server.RaftServerConfigKeys (ConfUtils.java:logGet(43)) - raft.server.log.segment.cache.num.max = 2 (custom)
2019-11-14 19:55:27,556 [pool-47-thread-1] INFO  server.RaftServerConfigKeys (ConfUtils.java:logGet(43)) - raft.server.log.write.buffer.size = 33554432 (custom)
2019-11-14 19:55:27,556 [pool-87-thread-1] INFO  server.RaftServerConfigKeys (ConfUtils.java:logGet(43)) - raft.server.log.segment.cache.num.max = 2 (custom)
2019-11-14 19:55:27,558 [pool-47-thread-1] INFO  server.RaftServerConfigKeys (ConfUtils.java:logGet(43)) - raft.server.log.force.sync.num = 128 (default)
2019-11-14 19:55:27,557 [pool-117-thread-1] INFO  segmented.SegmentedRaftLogWorker (SegmentedRaftLogWorker.java:<init>(173)) - new 0203d6eb-35d8-4784-bff3-7fee374bf3e2@group-C8D10AEBF337-SegmentedRaftLogWorker for RaftStorage:Storage Directory /workdir/hadoop-ozone/integration-test/target/test-dir/MiniOzoneClusterImpl-4164cd2a-9f03-471b-8431-fd84a2e2cb62/datanode-9/data/ratis/c0d2486f-2fbf-42ce-af05-c8d10aebf337
2019-11-14 19:55:27,559 [pool-47-thread-1] INFO  server.RaftServerConfigKeys (ConfUtils.java:logGet(43)) - raft.server.log.statemachine.data.sync = true (default)
2019-11-14 19:55:27,559 [pool-87-thread-1] INFO  segmented.SegmentedRaftLogWorker (SegmentedRaftLogWorker.java:<init>(173)) - new 0dd744a2-47ab-4d30-8d7a-27587728c440@group-C8D10AEBF337-SegmentedRaftLogWorker for RaftStorage:Storage Directory /workdir/hadoop-ozone/integration-test/target/test-dir/MiniOzoneClusterImpl-4164cd2a-9f03-471b-8431-fd84a2e2cb62/datanode-6/data/ratis/c0d2486f-2fbf-42ce-af05-c8d10aebf337
2019-11-14 19:55:27,559 [pool-47-thread-1] INFO  server.RaftServerConfigKeys (ConfUtils.java:logGet(43)) - raft.server.log.statemachine.data.sync.timeout = 10s (default)
2019-11-14 19:55:27,559 [pool-117-thread-1] INFO  server.RaftServerConfigKeys (ConfUtils.java:logGet(43)) - raft.server.log.queue.byte-limit = 2147483647 (custom)
2019-11-14 19:55:27,560 [pool-47-thread-1] INFO  server.RaftServerConfigKeys (ConfUtils.java:logGet(43)) - raft.server.log.statemachine.data.sync.timeout.retry = -1 (default)
2019-11-14 19:55:27,559 [pool-87-thread-1] INFO  server.RaftServerConfigKeys (ConfUtils.java:logGet(43)) - raft.server.log.queue.byte-limit = 2147483647 (custom)
2019-11-14 19:55:27,560 [pool-117-thread-1] INFO  server.RaftServerConfigKeys (ConfUtils.java:logGet(43)) - raft.server.log.queue.element-limit = 1024 (custom)
2019-11-14 19:55:27,560 [pool-87-thread-1] INFO  server.RaftServerConfigKeys (ConfUtils.java:logGet(43)) - raft.server.log.queue.element-limit = 1024 (custom)
2019-11-14 19:55:27,560 [pool-117-thread-1] INFO  server.RaftServerConfigKeys (ConfUtils.java:logGet(43)) - raft.server.log.segment.size.max = 1048576 (custom)
2019-11-14 19:55:27,560 [pool-47-thread-1] INFO  server.RaftServerConfigKeys (ConfUtils.java:logGet(43)) - raft.server.log.statemachine.data.caching.enabled = true (custom)
2019-11-14 19:55:27,561 [pool-117-thread-1] INFO  server.RaftServerConfigKeys (ConfUtils.java:logGet(43)) - raft.server.log.preallocated.size = 16384 (custom)
2019-11-14 19:55:27,561 [pool-87-thread-1] INFO  server.RaftServerConfigKeys (ConfUtils.java:logGet(43)) - raft.server.log.segment.size.max = 1048576 (custom)
2019-11-14 19:55:27,561 [pool-117-thread-1] INFO  server.RaftServerConfigKeys (ConfUtils.java:logGet(43)) - raft.server.log.write.buffer.size = 33554432 (custom)
2019-11-14 19:55:27,561 [pool-87-thread-1] INFO  server.RaftServerConfigKeys (ConfUtils.java:logGet(43)) - raft.server.log.preallocated.size = 16384 (custom)
2019-11-14 19:55:27,561 [pool-47-thread-1] INFO  segmented.SegmentedRaftLogWorker (SegmentedRaftLogWorker.java:lambda$new$0(128)) - b74b6e41-b4f8-4f70-a45a-58780751dbf1@group-C8D10AEBF337-SegmentedRaftLogWorker: flushIndex: setUnconditionally 0 -> -1
2019-11-14 19:55:27,561 [pool-87-thread-1] INFO  server.RaftServerConfigKeys (ConfUtils.java:logGet(43)) - raft.server.log.write.buffer.size = 33554432 (custom)
2019-11-14 19:55:27,561 [pool-117-thread-1] INFO  server.RaftServerConfigKeys (ConfUtils.java:logGet(43)) - raft.server.log.force.sync.num = 128 (default)
2019-11-14 19:55:27,562 [pool-47-thread-1] INFO  server.RaftServerConfigKeys (ConfUtils.java:logGet(43)) - raft.server.snapshot.auto.trigger.enabled = true (custom)
2019-11-14 19:55:27,562 [pool-87-thread-1] INFO  server.RaftServerConfigKeys (ConfUtils.java:logGet(43)) - raft.server.log.force.sync.num = 128 (default)
2019-11-14 19:55:27,562 [pool-47-thread-1] INFO  server.RaftServerConfigKeys (ConfUtils.java:logGet(43)) - raft.server.snapshot.auto.trigger.threshold = 10000 (custom)
2019-11-14 19:55:27,562 [pool-117-thread-1] INFO  server.RaftServerConfigKeys (ConfUtils.java:logGet(43)) - raft.server.log.statemachine.data.sync = true (default)
2019-11-14 19:55:27,562 [pool-47-thread-1] INFO  server.RaftServerConfigKeys (ConfUtils.java:logGet(43)) - raft.server.snapshot.retention.file.num = 5 (custom)
2019-11-14 19:55:27,562 [pool-87-thread-1] INFO  server.RaftServerConfigKeys (ConfUtils.java:logGet(43)) - raft.server.log.statemachine.data.sync = true (default)
2019-11-14 19:55:27,563 [pool-47-thread-1] INFO  server.RaftServerConfigKeys (ConfUtils.java:logGet(43)) - raft.server.retrycache.expirytime = 600000ms (custom)
2019-11-14 19:55:27,563 [pool-117-thread-1] INFO  server.RaftServerConfigKeys (ConfUtils.java:logGet(43)) - raft.server.log.statemachine.data.sync.timeout = 10s (default)
2019-11-14 19:55:27,563 [pool-47-thread-1] WARN  impl.MetricRegistriesImpl (MetricRegistriesImpl.java:lambda$create$1(61)) - First MetricRegistry has been created without registering reporters. You may need to call MetricRegistries.global().addReportRegistration(...) before.
2019-11-14 19:55:27,563 [pool-87-thread-1] INFO  server.RaftServerConfigKeys (ConfUtils.java:logGet(43)) - raft.server.log.statemachine.data.sync.timeout = 10s (default)
2019-11-14 19:55:27,563 [pool-47-thread-1] WARN  impl.MetricRegistriesImpl (MetricRegistriesImpl.java:lambda$create$1(61)) - First MetricRegistry has been created without registering reporters. You may need to call MetricRegistries.global().addReportRegistration(...) before.
2019-11-14 19:55:27,563 [pool-117-thread-1] INFO  server.RaftServerConfigKeys (ConfUtils.java:logGet(43)) - raft.server.log.statemachine.data.sync.timeout.retry = -1 (default)
2019-11-14 19:55:27,564 [pool-87-thread-1] INFO  server.RaftServerConfigKeys (ConfUtils.java:logGet(43)) - raft.server.log.statemachine.data.sync.timeout.retry = -1 (default)
2019-11-14 19:55:27,564 [pool-117-thread-1] INFO  server.RaftServerConfigKeys (ConfUtils.java:logGet(43)) - raft.server.log.statemachine.data.caching.enabled = true (custom)
2019-11-14 19:55:27,564 [pool-87-thread-1] INFO  server.RaftServerConfigKeys (ConfUtils.java:logGet(43)) - raft.server.log.statemachine.data.caching.enabled = true (custom)
2019-11-14 19:55:27,565 [pool-117-thread-1] INFO  segmented.SegmentedRaftLogWorker (SegmentedRaftLogWorker.java:lambda$new$0(128)) - 0203d6eb-35d8-4784-bff3-7fee374bf3e2@group-C8D10AEBF337-SegmentedRaftLogWorker: flushIndex: setUnconditionally 0 -> -1
2019-11-14 19:55:27,565 [pool-87-thread-1] INFO  segmented.SegmentedRaftLogWorker (SegmentedRaftLogWorker.java:lambda$new$0(128)) - 0dd744a2-47ab-4d30-8d7a-27587728c440@group-C8D10AEBF337-SegmentedRaftLogWorker: flushIndex: setUnconditionally 0 -> -1
2019-11-14 19:55:27,565 [pool-117-thread-1] INFO  server.RaftServerConfigKeys (ConfUtils.java:logGet(43)) - raft.server.snapshot.auto.trigger.enabled = true (custom)
2019-11-14 19:55:27,565 [pool-87-thread-1] INFO  server.RaftServerConfigKeys (ConfUtils.java:logGet(43)) - raft.server.snapshot.auto.trigger.enabled = true (custom)
2019-11-14 19:55:27,565 [pool-117-thread-1] INFO  server.RaftServerConfigKeys (ConfUtils.java:logGet(43)) - raft.server.snapshot.auto.trigger.threshold = 10000 (custom)
2019-11-14 19:55:27,565 [pool-87-thread-1] INFO  server.RaftServerConfigKeys (ConfUtils.java:logGet(43)) - raft.server.snapshot.auto.trigger.threshold = 10000 (custom)
2019-11-14 19:55:27,566 [pool-117-thread-1] INFO  server.RaftServerConfigKeys (ConfUtils.java:logGet(43)) - raft.server.snapshot.retention.file.num = 5 (custom)
2019-11-14 19:55:27,566 [pool-87-thread-1] INFO  server.RaftServerConfigKeys (ConfUtils.java:logGet(43)) - raft.server.snapshot.retention.file.num = 5 (custom)
2019-11-14 19:55:27,566 [pool-117-thread-1] INFO  server.RaftServerConfigKeys (ConfUtils.java:logGet(43)) - raft.server.retrycache.expirytime = 600000ms (custom)
2019-11-14 19:55:27,566 [pool-87-thread-1] INFO  server.RaftServerConfigKeys (ConfUtils.java:logGet(43)) - raft.server.retrycache.expirytime = 600000ms (custom)
2019-11-14 19:55:27,566 [pool-117-thread-1] WARN  impl.MetricRegistriesImpl (MetricRegistriesImpl.java:lambda$create$1(61)) - First MetricRegistry has been created without registering reporters. You may need to call MetricRegistries.global().addReportRegistration(...) before.
2019-11-14 19:55:27,566 [pool-87-thread-1] WARN  impl.MetricRegistriesImpl (MetricRegistriesImpl.java:lambda$create$1(61)) - First MetricRegistry has been created without registering reporters. You may need to call MetricRegistries.global().addReportRegistration(...) before.
2019-11-14 19:55:27,566 [pool-117-thread-1] WARN  impl.MetricRegistriesImpl (MetricRegistriesImpl.java:lambda$create$1(61)) - First MetricRegistry has been created without registering reporters. You may need to call MetricRegistries.global().addReportRegistration(...) before.
2019-11-14 19:55:27,566 [pool-87-thread-1] WARN  impl.MetricRegistriesImpl (MetricRegistriesImpl.java:lambda$create$1(61)) - First MetricRegistry has been created without registering reporters. You may need to call MetricRegistries.global().addReportRegistration(...) before.
2019-11-14 19:55:27,567 [pool-117-thread-1] INFO  impl.RaftServerImpl (RaftServerImpl.java:start(184)) - 0203d6eb-35d8-4784-bff3-7fee374bf3e2@group-C8D10AEBF337: start as a follower, conf=-1: [0203d6eb-35d8-4784-bff3-7fee374bf3e2:192.168.157.219:45232, 0dd744a2-47ab-4d30-8d7a-27587728c440:192.168.157.219:41669, b74b6e41-b4f8-4f70-a45a-58780751dbf1:192.168.157.219:39468], old=null
2019-11-14 19:55:27,567 [pool-47-thread-1] INFO  impl.RaftServerImpl (RaftServerImpl.java:<init>(98)) - b74b6e41-b4f8-4f70-a45a-58780751dbf1: new RaftServerImpl for group-CAF0947F739C:[b74b6e41-b4f8-4f70-a45a-58780751dbf1:192.168.157.219:39468] with ContainerStateMachine:uninitialized
2019-11-14 19:55:27,567 [pool-87-thread-1] INFO  impl.RaftServerImpl (RaftServerImpl.java:start(184)) - 0dd744a2-47ab-4d30-8d7a-27587728c440@group-C8D10AEBF337: start as a follower, conf=-1: [0203d6eb-35d8-4784-bff3-7fee374bf3e2:192.168.157.219:45232, 0dd744a2-47ab-4d30-8d7a-27587728c440:192.168.157.219:41669, b74b6e41-b4f8-4f70-a45a-58780751dbf1:192.168.157.219:39468], old=null
2019-11-14 19:55:27,567 [pool-47-thread-1] INFO  server.RaftServerConfigKeys (ConfUtils.java:logGet(43)) - raft.server.rpc.timeout.min = 1s (custom)
2019-11-14 19:55:27,567 [pool-117-thread-1] INFO  impl.RaftServerImpl (RaftServerImpl.java:setRole(173)) - 0203d6eb-35d8-4784-bff3-7fee374bf3e2@group-C8D10AEBF337: changes role from      null to FOLLOWER at term 0 for startAsFollower
2019-11-14 19:55:27,568 [pool-47-thread-1] INFO  server.RaftServerConfigKeys (ConfUtils.java:logGet(43)) - raft.server.rpc.timeout.max = 1200ms (custom)
2019-11-14 19:55:27,567 [pool-87-thread-1] INFO  impl.RaftServerImpl (RaftServerImpl.java:setRole(173)) - 0dd744a2-47ab-4d30-8d7a-27587728c440@group-C8D10AEBF337: changes role from      null to FOLLOWER at term 0 for startAsFollower
2019-11-14 19:55:27,568 [pool-47-thread-1] INFO  server.RaftServerConfigKeys (ConfUtils.java:logGet(43)) - raft.server.rpcslowness.timeout = 120s (custom)
2019-11-14 19:55:27,568 [pool-117-thread-1] INFO  impl.RoleInfo (RoleInfo.java:updateAndGet(143)) - 0203d6eb-35d8-4784-bff3-7fee374bf3e2: start FollowerState
2019-11-14 19:55:27,568 [pool-47-thread-1] INFO  server.RaftServerConfigKeys (ConfUtils.java:logGet(43)) - raft.server.sleep.deviation.threshold = 300 (default)
2019-11-14 19:55:27,568 [pool-47-thread-1] INFO  server.RaftServerConfigKeys (ConfUtils.java:logGet(43)) - raft.server.log.appender.install.snapshot.enabled = false (custom)
2019-11-14 19:55:27,568 [pool-87-thread-1] INFO  impl.RoleInfo (RoleInfo.java:updateAndGet(143)) - 0dd744a2-47ab-4d30-8d7a-27587728c440: start FollowerState
2019-11-14 19:55:27,569 [pool-47-thread-1] INFO  impl.RaftServerImpl (ServerState.java:<init>(103)) - b74b6e41-b4f8-4f70-a45a-58780751dbf1@group-CAF0947F739C: ConfigurationManager, init=-1: [b74b6e41-b4f8-4f70-a45a-58780751dbf1:192.168.157.219:39468], old=null, confs=<EMPTY_MAP>
2019-11-14 19:55:27,569 [pool-117-thread-1] INFO  util.JmxRegister (JmxRegister.java:tryRegister(44)) - Successfully registered JMX Bean with object name Ratis:service=RaftServer,group=group-C8D10AEBF337,id=0203d6eb-35d8-4784-bff3-7fee374bf3e2
2019-11-14 19:55:27,569 [pool-117-thread-1] WARN  impl.MetricRegistriesImpl (MetricRegistriesImpl.java:lambda$create$1(61)) - First MetricRegistry has been created without registering reporters. You may need to call MetricRegistries.global().addReportRegistration(...) before.
2019-11-14 19:55:27,569 [pool-47-thread-1] INFO  server.RaftServerConfigKeys (ConfUtils.java:logGet(43)) - raft.server.storage.dir = [/workdir/hadoop-ozone/integration-test/target/test-dir/MiniOzoneClusterImpl-4164cd2a-9f03-471b-8431-fd84a2e2cb62/datanode-2/data/ratis] (custom)
2019-11-14 19:55:27,569 [pool-87-thread-1] INFO  util.JmxRegister (JmxRegister.java:tryRegister(44)) - Successfully registered JMX Bean with object name Ratis:service=RaftServer,group=group-C8D10AEBF337,id=0dd744a2-47ab-4d30-8d7a-27587728c440
2019-11-14 19:55:27,571 [pool-87-thread-1] WARN  impl.MetricRegistriesImpl (MetricRegistriesImpl.java:lambda$create$1(61)) - First MetricRegistry has been created without registering reporters. You may need to call MetricRegistries.global().addReportRegistration(...) before.
2019-11-14 19:55:27,571 [pool-47-thread-1] INFO  server.RaftServerConfigKeys (ConfUtils.java:logGet(43)) - raft.server.log.corruption.policy = EXCEPTION (default)
2019-11-14 19:55:27,572 [pool-47-thread-1] INFO  storage.RaftStorageDirectory (RaftStorageDirectory.java:analyzeStorage(246)) - The storage directory /workdir/hadoop-ozone/integration-test/target/test-dir/MiniOzoneClusterImpl-4164cd2a-9f03-471b-8431-fd84a2e2cb62/datanode-2/data/ratis/cab62c47-bcec-4b89-ae41-caf0947f739c does not exist. Creating ...
2019-11-14 19:55:28,197 [b4243c9e-0de7-4e8b-af85-81ed103925b9@group-2FDA7782A7F1-LeaderElection1] INFO  impl.LeaderElection (LeaderElection.java:askForVotes(178)) - b4243c9e-0de7-4e8b-af85-81ed103925b9@group-2FDA7782A7F1-LeaderElection1: begin an election at term 1 for -1: [b4243c9e-0de7-4e8b-af85-81ed103925b9:192.168.157.219:38972], old=null
2019-11-14 19:55:28,199 [b4243c9e-0de7-4e8b-af85-81ed103925b9@group-2FDA7782A7F1-LeaderElection1] INFO  impl.RoleInfo (RoleInfo.java:shutdownLeaderElection(134)) - b4243c9e-0de7-4e8b-af85-81ed103925b9: shutdown LeaderElection
2019-11-14 19:55:28,200 [b4243c9e-0de7-4e8b-af85-81ed103925b9@group-2FDA7782A7F1-LeaderElection1] INFO  impl.RaftServerImpl (RaftServerImpl.java:setRole(173)) - b4243c9e-0de7-4e8b-af85-81ed103925b9@group-2FDA7782A7F1: changes role from CANDIDATE to LEADER at term 1 for changeToLeader
2019-11-14 19:55:28,201 [b4243c9e-0de7-4e8b-af85-81ed103925b9@group-2FDA7782A7F1-LeaderElection1] INFO  ratis.XceiverServerRatis (XceiverServerRatis.java:handleLeaderChangedNotification(697)) - Leader change notification received for group: group-2FDA7782A7F1 with new leaderId: b4243c9e-0de7-4e8b-af85-81ed103925b9
2019-11-14 19:55:28,215 [b4243c9e-0de7-4e8b-af85-81ed103925b9@group-2FDA7782A7F1-LeaderElection1] INFO  impl.RaftServerImpl (ServerState.java:setLeader(255)) - b4243c9e-0de7-4e8b-af85-81ed103925b9@group-2FDA7782A7F1: change Leader from null to b4243c9e-0de7-4e8b-af85-81ed103925b9 at term 1 for becomeLeader, leader elected after 3078ms
2019-11-14 19:55:28,222 [main] INFO  rpc.RpcClient (RpcClient.java:createBucket(431)) - Creating Bucket: datanodefailurehandlingtest/datanodefailurehandlingtest, with Versioning false and Storage Type set to DISK and Encryption set to false 
2019-11-14 19:55:28,224 [b4243c9e-0de7-4e8b-af85-81ed103925b9@group-2FDA7782A7F1-LeaderElection1] INFO  server.RaftServerConfigKeys (ConfUtils.java:logGet(43)) - raft.server.staging.catchup.gap = 1000 (default)
2019-11-14 19:55:28,224 [b4243c9e-0de7-4e8b-af85-81ed103925b9@group-2FDA7782A7F1-LeaderElection1] INFO  server.RaftServerConfigKeys (ConfUtils.java:logGet(43)) - raft.server.rpc.sleep.time = 25ms (default)
2019-11-14 19:55:28,230 [b4243c9e-0de7-4e8b-af85-81ed103925b9@group-2FDA7782A7F1-LeaderElection1] INFO  server.RaftServerConfigKeys (ConfUtils.java:logGet(43)) - raft.server.write.element-limit = 4096 (default)
2019-11-14 19:55:28,233 [pool-47-thread-1] INFO  storage.RaftStorageDirectory (RaftStorageDirectory.java:tryLock(328)) - Lock on /workdir/hadoop-ozone/integration-test/target/test-dir/MiniOzoneClusterImpl-4164cd2a-9f03-471b-8431-fd84a2e2cb62/datanode-2/data/ratis/cab62c47-bcec-4b89-ae41-caf0947f739c/in_use.lock acquired by nodename 9468@pr-hdds-2489-n52xc-1246314526
2019-11-14 19:55:28,239 [b4243c9e-0de7-4e8b-af85-81ed103925b9@group-2FDA7782A7F1-LeaderElection1] INFO  server.RaftServerConfigKeys (ConfUtils.java:logGet(43)) - raft.server.watch.timeout = 10s (default)
2019-11-14 19:55:28,239 [b4243c9e-0de7-4e8b-af85-81ed103925b9@group-2FDA7782A7F1-LeaderElection1] INFO  server.RaftServerConfigKeys (ConfUtils.java:logGet(43)) - raft.server.watch.timeout.denomination = 1s (default)
2019-11-14 19:55:28,240 [b4243c9e-0de7-4e8b-af85-81ed103925b9@group-2FDA7782A7F1-LeaderElection1] INFO  server.RaftServerConfigKeys (ConfUtils.java:logGet(43)) - raft.server.watch.element-limit = 65536 (default)
2019-11-14 19:55:28,477 [pool-47-thread-1] INFO  storage.RaftStorage (RaftStorage.java:format(84)) - Storage directory /workdir/hadoop-ozone/integration-test/target/test-dir/MiniOzoneClusterImpl-4164cd2a-9f03-471b-8431-fd84a2e2cb62/datanode-2/data/ratis/cab62c47-bcec-4b89-ae41-caf0947f739c has been successfully formatted.
2019-11-14 19:55:28,481 [pool-47-thread-1] INFO  ratis.ContainerStateMachine (ContainerStateMachine.java:loadSnapshot(223)) - group-CAF0947F739C: The snapshot info is null. Setting the last applied indexto:(t:0, i:~)
2019-11-14 19:55:28,481 [pool-47-thread-1] INFO  server.RaftServerConfigKeys (ConfUtils.java:logGet(43)) - raft.server.notification.no-leader.timeout = 120s (custom)
2019-11-14 19:55:28,481 [pool-47-thread-1] INFO  server.RaftServerConfigKeys (ConfUtils.java:logGet(43)) - raft.server.log.use.memory = false (default)
2019-11-14 19:55:28,481 [pool-47-thread-1] INFO  server.RaftServerConfigKeys (ConfUtils.java:logGet(43)) - raft.server.log.purge.gap = 1000000 (custom)
2019-11-14 19:55:28,483 [pool-47-thread-1] INFO  server.RaftServerConfigKeys (ConfUtils.java:logGet(43)) - raft.server.log.appender.buffer.byte-limit = 33554432 (custom)
2019-11-14 19:55:28,483 [pool-47-thread-1] INFO  server.RaftServerConfigKeys (ConfUtils.java:logGet(43)) - raft.server.log.segment.size.max = 1048576 (custom)
2019-11-14 19:55:28,484 [pool-47-thread-1] INFO  server.RaftServerConfigKeys (ConfUtils.java:logGet(43)) - raft.server.log.segment.cache.num.max = 2 (custom)
2019-11-14 19:55:28,484 [pool-47-thread-1] INFO  segmented.SegmentedRaftLogWorker (SegmentedRaftLogWorker.java:<init>(173)) - new b74b6e41-b4f8-4f70-a45a-58780751dbf1@group-CAF0947F739C-SegmentedRaftLogWorker for RaftStorage:Storage Directory /workdir/hadoop-ozone/integration-test/target/test-dir/MiniOzoneClusterImpl-4164cd2a-9f03-471b-8431-fd84a2e2cb62/datanode-2/data/ratis/cab62c47-bcec-4b89-ae41-caf0947f739c
2019-11-14 19:55:28,484 [pool-47-thread-1] INFO  server.RaftServerConfigKeys (ConfUtils.java:logGet(43)) - raft.server.log.queue.byte-limit = 2147483647 (custom)
2019-11-14 19:55:28,484 [pool-47-thread-1] INFO  server.RaftServerConfigKeys (ConfUtils.java:logGet(43)) - raft.server.log.queue.element-limit = 1024 (custom)
2019-11-14 19:55:28,484 [pool-47-thread-1] INFO  server.RaftServerConfigKeys (ConfUtils.java:logGet(43)) - raft.server.log.segment.size.max = 1048576 (custom)
2019-11-14 19:55:28,484 [RATISCREATEPIPELINE1] ERROR pipeline.RatisPipelineProvider (RatisPipelineProvider.java:lambda$null$5(230)) - Failed invoke Ratis rpc org.apache.hadoop.hdds.scm.pipeline.RatisPipelineProvider$$Lambda$180/1315862270@35bfd234 for b74b6e41-b4f8-4f70-a45a-58780751dbf1
org.apache.ratis.protocol.TimeoutIOException: deadline exceeded after 2999711921ns
	at org.apache.ratis.grpc.GrpcUtil.tryUnwrapException(GrpcUtil.java:82)
	at org.apache.ratis.grpc.GrpcUtil.unwrapException(GrpcUtil.java:75)
	at org.apache.ratis.grpc.client.GrpcClientProtocolClient.blockingCall(GrpcClientProtocolClient.java:184)
	at org.apache.ratis.grpc.client.GrpcClientProtocolClient.groupAdd(GrpcClientProtocolClient.java:153)
	at org.apache.ratis.grpc.client.GrpcClientRpc.sendRequest(GrpcClientRpc.java:94)
	at org.apache.ratis.client.impl.RaftClientImpl.sendRequest(RaftClientImpl.java:278)
	at org.apache.ratis.client.impl.RaftClientImpl.groupAdd(RaftClientImpl.java:205)
	at org.apache.hadoop.hdds.scm.pipeline.RatisPipelineProvider.lambda$initializePipeline$4(RatisPipelineProvider.java:191)
	at org.apache.hadoop.hdds.scm.pipeline.RatisPipelineProvider.lambda$null$5(RatisPipelineProvider.java:226)
	at java.util.stream.ForEachOps$ForEachOp$OfRef.accept(ForEachOps.java:183)
	at java.util.ArrayList$ArrayListSpliterator.forEachRemaining(ArrayList.java:1382)
	at java.util.stream.AbstractPipeline.copyInto(AbstractPipeline.java:482)
	at java.util.stream.ForEachOps$ForEachTask.compute(ForEachOps.java:290)
	at java.util.concurrent.CountedCompleter.exec(CountedCompleter.java:731)
	at java.util.concurrent.ForkJoinTask.doExec(ForkJoinTask.java:289)
	at java.util.concurrent.ForkJoinTask.doInvoke(ForkJoinTask.java:401)
	at java.util.concurrent.ForkJoinTask.invoke(ForkJoinTask.java:734)
	at java.util.stream.ForEachOps$ForEachOp.evaluateParallel(ForEachOps.java:159)
	at java.util.stream.ForEachOps$ForEachOp$OfRef.evaluateParallel(ForEachOps.java:173)
	at java.util.stream.AbstractPipeline.evaluate(AbstractPipeline.java:233)
	at java.util.stream.ReferencePipeline.forEach(ReferencePipeline.java:485)
	at java.util.stream.ReferencePipeline$Head.forEach(ReferencePipeline.java:650)
	at org.apache.hadoop.hdds.scm.pipeline.RatisPipelineProvider.lambda$callRatisRpc$6(RatisPipelineProvider.java:220)
	at java.util.concurrent.ForkJoinTask$AdaptedRunnableAction.exec(ForkJoinTask.java:1386)
	at java.util.concurrent.ForkJoinTask.doExec(ForkJoinTask.java:289)
	at java.util.concurrent.ForkJoinPool$WorkQueue.runTask(ForkJoinPool.java:1056)
	at java.util.concurrent.ForkJoinPool.runWorker(ForkJoinPool.java:1692)
	at java.util.concurrent.ForkJoinWorkerThread.run(ForkJoinWorkerThread.java:157)
Caused by: org.apache.ratis.thirdparty.io.grpc.StatusRuntimeException: DEADLINE_EXCEEDED: deadline exceeded after 2999711921ns
	at org.apache.ratis.thirdparty.io.grpc.stub.ClientCalls.toStatusRuntimeException(ClientCalls.java:233)
	at org.apache.ratis.thirdparty.io.grpc.stub.ClientCalls.getUnchecked(ClientCalls.java:214)
	at org.apache.ratis.thirdparty.io.grpc.stub.ClientCalls.blockingUnaryCall(ClientCalls.java:139)
	at org.apache.ratis.proto.grpc.AdminProtocolServiceGrpc$AdminProtocolServiceBlockingStub.groupManagement(AdminProtocolServiceGrpc.java:274)
	at org.apache.ratis.grpc.client.GrpcClientProtocolClient.lambda$groupAdd$3(GrpcClientProtocolClient.java:155)
	at org.apache.ratis.grpc.client.GrpcClientProtocolClient.blockingCall(GrpcClientProtocolClient.java:182)
	... 25 more
2019-11-14 19:55:28,484 [pool-47-thread-1] INFO  server.RaftServerConfigKeys (ConfUtils.java:logGet(43)) - raft.server.log.preallocated.size = 16384 (custom)
2019-11-14 19:55:28,488 [pool-47-thread-1] INFO  server.RaftServerConfigKeys (ConfUtils.java:logGet(43)) - raft.server.log.write.buffer.size = 33554432 (custom)
2019-11-14 19:55:28,488 [pool-47-thread-1] INFO  server.RaftServerConfigKeys (ConfUtils.java:logGet(43)) - raft.server.log.force.sync.num = 128 (default)
2019-11-14 19:55:28,488 [pool-47-thread-1] INFO  server.RaftServerConfigKeys (ConfUtils.java:logGet(43)) - raft.server.log.statemachine.data.sync = true (default)
2019-11-14 19:55:28,488 [pool-47-thread-1] INFO  server.RaftServerConfigKeys (ConfUtils.java:logGet(43)) - raft.server.log.statemachine.data.sync.timeout = 10s (default)
2019-11-14 19:55:28,488 [pool-47-thread-1] INFO  server.RaftServerConfigKeys (ConfUtils.java:logGet(43)) - raft.server.log.statemachine.data.sync.timeout.retry = -1 (default)
2019-11-14 19:55:28,489 [pool-47-thread-1] INFO  server.RaftServerConfigKeys (ConfUtils.java:logGet(43)) - raft.server.log.statemachine.data.caching.enabled = true (custom)
2019-11-14 19:55:28,489 [pool-47-thread-1] INFO  segmented.SegmentedRaftLogWorker (SegmentedRaftLogWorker.java:lambda$new$0(128)) - b74b6e41-b4f8-4f70-a45a-58780751dbf1@group-CAF0947F739C-SegmentedRaftLogWorker: flushIndex: setUnconditionally 0 -> -1
2019-11-14 19:55:28,489 [b4243c9e-0de7-4e8b-af85-81ed103925b9@group-2FDA7782A7F1-LeaderElection1] INFO  impl.RoleInfo (RoleInfo.java:updateAndGet(143)) - b4243c9e-0de7-4e8b-af85-81ed103925b9: start LeaderState
2019-11-14 19:55:28,490 [pool-47-thread-1] INFO  server.RaftServerConfigKeys (ConfUtils.java:logGet(43)) - raft.server.snapshot.auto.trigger.enabled = true (custom)
2019-11-14 19:55:28,490 [pool-47-thread-1] INFO  server.RaftServerConfigKeys (ConfUtils.java:logGet(43)) - raft.server.snapshot.auto.trigger.threshold = 10000 (custom)
2019-11-14 19:55:28,490 [pool-47-thread-1] INFO  server.RaftServerConfigKeys (ConfUtils.java:logGet(43)) - raft.server.snapshot.retention.file.num = 5 (custom)
2019-11-14 19:55:28,490 [pool-47-thread-1] INFO  server.RaftServerConfigKeys (ConfUtils.java:logGet(43)) - raft.server.retrycache.expirytime = 600000ms (custom)
2019-11-14 19:55:28,490 [pool-47-thread-1] WARN  impl.MetricRegistriesImpl (MetricRegistriesImpl.java:lambda$create$1(61)) - First MetricRegistry has been created without registering reporters. You may need to call MetricRegistries.global().addReportRegistration(...) before.
2019-11-14 19:55:28,490 [pool-47-thread-1] WARN  impl.MetricRegistriesImpl (MetricRegistriesImpl.java:lambda$create$1(61)) - First MetricRegistry has been created without registering reporters. You may need to call MetricRegistries.global().addReportRegistration(...) before.
2019-11-14 19:55:28,494 [pool-47-thread-1] INFO  impl.RaftServerImpl (RaftServerImpl.java:start(184)) - b74b6e41-b4f8-4f70-a45a-58780751dbf1@group-C8D10AEBF337: start as a follower, conf=-1: [0203d6eb-35d8-4784-bff3-7fee374bf3e2:192.168.157.219:45232, 0dd744a2-47ab-4d30-8d7a-27587728c440:192.168.157.219:41669, b74b6e41-b4f8-4f70-a45a-58780751dbf1:192.168.157.219:39468], old=null
2019-11-14 19:55:28,494 [pool-47-thread-1] INFO  impl.RaftServerImpl (RaftServerImpl.java:setRole(173)) - b74b6e41-b4f8-4f70-a45a-58780751dbf1@group-C8D10AEBF337: changes role from      null to FOLLOWER at term 0 for startAsFollower
2019-11-14 19:55:28,495 [pool-47-thread-1] INFO  impl.RoleInfo (RoleInfo.java:updateAndGet(143)) - b74b6e41-b4f8-4f70-a45a-58780751dbf1: start FollowerState
2019-11-14 19:55:28,497 [pool-47-thread-1] INFO  util.JmxRegister (JmxRegister.java:tryRegister(44)) - Successfully registered JMX Bean with object name Ratis:service=RaftServer,group=group-C8D10AEBF337,id=b74b6e41-b4f8-4f70-a45a-58780751dbf1
2019-11-14 19:55:28,498 [pool-47-thread-1] WARN  impl.MetricRegistriesImpl (MetricRegistriesImpl.java:lambda$create$1(61)) - First MetricRegistry has been created without registering reporters. You may need to call MetricRegistries.global().addReportRegistration(...) before.
2019-11-14 19:55:28,499 [pool-47-thread-1] INFO  impl.RaftServerImpl (RaftServerImpl.java:start(184)) - b74b6e41-b4f8-4f70-a45a-58780751dbf1@group-CAF0947F739C: start as a follower, conf=-1: [b74b6e41-b4f8-4f70-a45a-58780751dbf1:192.168.157.219:39468], old=null
2019-11-14 19:55:28,502 [pool-47-thread-1] INFO  impl.RaftServerImpl (RaftServerImpl.java:setRole(173)) - b74b6e41-b4f8-4f70-a45a-58780751dbf1@group-CAF0947F739C: changes role from      null to FOLLOWER at term 0 for startAsFollower
2019-11-14 19:55:28,502 [pool-47-thread-1] INFO  impl.RoleInfo (RoleInfo.java:updateAndGet(143)) - b74b6e41-b4f8-4f70-a45a-58780751dbf1: start FollowerState
2019-11-14 19:55:28,503 [pool-47-thread-1] INFO  util.JmxRegister (JmxRegister.java:tryRegister(44)) - Successfully registered JMX Bean with object name Ratis:service=RaftServer,group=group-CAF0947F739C,id=b74b6e41-b4f8-4f70-a45a-58780751dbf1
2019-11-14 19:55:28,503 [pool-47-thread-1] WARN  impl.MetricRegistriesImpl (MetricRegistriesImpl.java:lambda$create$1(61)) - First MetricRegistry has been created without registering reporters. You may need to call MetricRegistries.global().addReportRegistration(...) before.
2019-11-14 19:55:28,510 [grpc-default-executor-2] INFO  impl.RaftServerProxy (RaftServerProxy.java:addNew(89)) - b74b6e41-b4f8-4f70-a45a-58780751dbf1: addNew group-2E326D391161:[0203d6eb-35d8-4784-bff3-7fee374bf3e2:192.168.157.219:45232, 0dd744a2-47ab-4d30-8d7a-27587728c440:192.168.157.219:41669, b74b6e41-b4f8-4f70-a45a-58780751dbf1:192.168.157.219:39468] returns group-2E326D391161:java.util.concurrent.CompletableFuture@5795330b[Not completed]
2019-11-14 19:55:28,512 [grpc-default-executor-1] INFO  impl.RaftServerProxy (RaftServerProxy.java:addNew(89)) - 0dd744a2-47ab-4d30-8d7a-27587728c440: addNew group-2E326D391161:[0203d6eb-35d8-4784-bff3-7fee374bf3e2:192.168.157.219:45232, 0dd744a2-47ab-4d30-8d7a-27587728c440:192.168.157.219:41669, b74b6e41-b4f8-4f70-a45a-58780751dbf1:192.168.157.219:39468] returns group-2E326D391161:java.util.concurrent.CompletableFuture@36defd8d[Not completed]
2019-11-14 19:55:28,512 [grpc-default-executor-0] INFO  impl.RaftServerProxy (RaftServerProxy.java:addNew(89)) - 0203d6eb-35d8-4784-bff3-7fee374bf3e2: addNew group-2E326D391161:[0203d6eb-35d8-4784-bff3-7fee374bf3e2:192.168.157.219:45232, 0dd744a2-47ab-4d30-8d7a-27587728c440:192.168.157.219:41669, b74b6e41-b4f8-4f70-a45a-58780751dbf1:192.168.157.219:39468] returns group-2E326D391161:java.util.concurrent.CompletableFuture@7e1a607b[Not completed]
2019-11-14 19:55:28,513 [pool-47-thread-1] INFO  impl.RaftServerImpl (RaftServerImpl.java:<init>(98)) - b74b6e41-b4f8-4f70-a45a-58780751dbf1: new RaftServerImpl for group-2E326D391161:[0203d6eb-35d8-4784-bff3-7fee374bf3e2:192.168.157.219:45232, 0dd744a2-47ab-4d30-8d7a-27587728c440:192.168.157.219:41669, b74b6e41-b4f8-4f70-a45a-58780751dbf1:192.168.157.219:39468] with ContainerStateMachine:uninitialized
2019-11-14 19:55:28,514 [pool-47-thread-1] INFO  server.RaftServerConfigKeys (ConfUtils.java:logGet(43)) - raft.server.rpc.timeout.min = 1s (custom)
2019-11-14 19:55:28,514 [pool-47-thread-1] INFO  server.RaftServerConfigKeys (ConfUtils.java:logGet(43)) - raft.server.rpc.timeout.max = 1200ms (custom)
2019-11-14 19:55:28,514 [pool-47-thread-1] INFO  server.RaftServerConfigKeys (ConfUtils.java:logGet(43)) - raft.server.rpcslowness.timeout = 120s (custom)
2019-11-14 19:55:28,514 [pool-47-thread-1] INFO  server.RaftServerConfigKeys (ConfUtils.java:logGet(43)) - raft.server.sleep.deviation.threshold = 300 (default)
2019-11-14 19:55:28,514 [pool-47-thread-1] INFO  server.RaftServerConfigKeys (ConfUtils.java:logGet(43)) - raft.server.log.appender.install.snapshot.enabled = false (custom)
2019-11-14 19:55:28,514 [pool-47-thread-1] INFO  impl.RaftServerImpl (ServerState.java:<init>(103)) - b74b6e41-b4f8-4f70-a45a-58780751dbf1@group-2E326D391161: ConfigurationManager, init=-1: [0203d6eb-35d8-4784-bff3-7fee374bf3e2:192.168.157.219:45232, 0dd744a2-47ab-4d30-8d7a-27587728c440:192.168.157.219:41669, b74b6e41-b4f8-4f70-a45a-58780751dbf1:192.168.157.219:39468], old=null, confs=<EMPTY_MAP>
2019-11-14 19:55:28,514 [pool-117-thread-1] INFO  impl.RaftServerImpl (RaftServerImpl.java:<init>(98)) - 0203d6eb-35d8-4784-bff3-7fee374bf3e2: new RaftServerImpl for group-2E326D391161:[0203d6eb-35d8-4784-bff3-7fee374bf3e2:192.168.157.219:45232, 0dd744a2-47ab-4d30-8d7a-27587728c440:192.168.157.219:41669, b74b6e41-b4f8-4f70-a45a-58780751dbf1:192.168.157.219:39468] with ContainerStateMachine:uninitialized
2019-11-14 19:55:28,515 [pool-47-thread-1] INFO  server.RaftServerConfigKeys (ConfUtils.java:logGet(43)) - raft.server.storage.dir = [/workdir/hadoop-ozone/integration-test/target/test-dir/MiniOzoneClusterImpl-4164cd2a-9f03-471b-8431-fd84a2e2cb62/datanode-2/data/ratis] (custom)
2019-11-14 19:55:28,515 [pool-117-thread-1] INFO  server.RaftServerConfigKeys (ConfUtils.java:logGet(43)) - raft.server.rpc.timeout.min = 1s (custom)
2019-11-14 19:55:28,515 [pool-117-thread-1] INFO  server.RaftServerConfigKeys (ConfUtils.java:logGet(43)) - raft.server.rpc.timeout.max = 1200ms (custom)
2019-11-14 19:55:28,515 [pool-47-thread-1] INFO  server.RaftServerConfigKeys (ConfUtils.java:logGet(43)) - raft.server.log.corruption.policy = EXCEPTION (default)
2019-11-14 19:55:28,515 [pool-117-thread-1] INFO  server.RaftServerConfigKeys (ConfUtils.java:logGet(43)) - raft.server.rpcslowness.timeout = 120s (custom)
2019-11-14 19:55:28,515 [pool-117-thread-1] INFO  server.RaftServerConfigKeys (ConfUtils.java:logGet(43)) - raft.server.sleep.deviation.threshold = 300 (default)
2019-11-14 19:55:28,515 [pool-47-thread-1] INFO  storage.RaftStorageDirectory (RaftStorageDirectory.java:analyzeStorage(246)) - The storage directory /workdir/hadoop-ozone/integration-test/target/test-dir/MiniOzoneClusterImpl-4164cd2a-9f03-471b-8431-fd84a2e2cb62/datanode-2/data/ratis/15dfccaf-24e8-4404-90f1-2e326d391161 does not exist. Creating ...
2019-11-14 19:55:28,515 [pool-87-thread-1] INFO  impl.RaftServerImpl (RaftServerImpl.java:<init>(98)) - 0dd744a2-47ab-4d30-8d7a-27587728c440: new RaftServerImpl for group-2E326D391161:[0203d6eb-35d8-4784-bff3-7fee374bf3e2:192.168.157.219:45232, 0dd744a2-47ab-4d30-8d7a-27587728c440:192.168.157.219:41669, b74b6e41-b4f8-4f70-a45a-58780751dbf1:192.168.157.219:39468] with ContainerStateMachine:uninitialized
2019-11-14 19:55:28,515 [pool-117-thread-1] INFO  server.RaftServerConfigKeys (ConfUtils.java:logGet(43)) - raft.server.log.appender.install.snapshot.enabled = false (custom)
2019-11-14 19:55:28,516 [pool-87-thread-1] INFO  server.RaftServerConfigKeys (ConfUtils.java:logGet(43)) - raft.server.rpc.timeout.min = 1s (custom)
2019-11-14 19:55:28,516 [pool-117-thread-1] INFO  impl.RaftServerImpl (ServerState.java:<init>(103)) - 0203d6eb-35d8-4784-bff3-7fee374bf3e2@group-2E326D391161: ConfigurationManager, init=-1: [0203d6eb-35d8-4784-bff3-7fee374bf3e2:192.168.157.219:45232, 0dd744a2-47ab-4d30-8d7a-27587728c440:192.168.157.219:41669, b74b6e41-b4f8-4f70-a45a-58780751dbf1:192.168.157.219:39468], old=null, confs=<EMPTY_MAP>
2019-11-14 19:55:28,516 [pool-87-thread-1] INFO  server.RaftServerConfigKeys (ConfUtils.java:logGet(43)) - raft.server.rpc.timeout.max = 1200ms (custom)
2019-11-14 19:55:28,519 [pool-87-thread-1] INFO  server.RaftServerConfigKeys (ConfUtils.java:logGet(43)) - raft.server.rpcslowness.timeout = 120s (custom)
2019-11-14 19:55:28,519 [pool-117-thread-1] INFO  server.RaftServerConfigKeys (ConfUtils.java:logGet(43)) - raft.server.storage.dir = [/workdir/hadoop-ozone/integration-test/target/test-dir/MiniOzoneClusterImpl-4164cd2a-9f03-471b-8431-fd84a2e2cb62/datanode-9/data/ratis] (custom)
2019-11-14 19:55:28,519 [pool-87-thread-1] INFO  server.RaftServerConfigKeys (ConfUtils.java:logGet(43)) - raft.server.sleep.deviation.threshold = 300 (default)
2019-11-14 19:55:28,519 [pool-87-thread-1] INFO  server.RaftServerConfigKeys (ConfUtils.java:logGet(43)) - raft.server.log.appender.install.snapshot.enabled = false (custom)
2019-11-14 19:55:28,519 [pool-117-thread-1] INFO  server.RaftServerConfigKeys (ConfUtils.java:logGet(43)) - raft.server.log.corruption.policy = EXCEPTION (default)
2019-11-14 19:55:28,519 [pool-87-thread-1] INFO  impl.RaftServerImpl (ServerState.java:<init>(103)) - 0dd744a2-47ab-4d30-8d7a-27587728c440@group-2E326D391161: ConfigurationManager, init=-1: [0203d6eb-35d8-4784-bff3-7fee374bf3e2:192.168.157.219:45232, 0dd744a2-47ab-4d30-8d7a-27587728c440:192.168.157.219:41669, b74b6e41-b4f8-4f70-a45a-58780751dbf1:192.168.157.219:39468], old=null, confs=<EMPTY_MAP>
2019-11-14 19:55:28,519 [pool-117-thread-1] INFO  storage.RaftStorageDirectory (RaftStorageDirectory.java:analyzeStorage(246)) - The storage directory /workdir/hadoop-ozone/integration-test/target/test-dir/MiniOzoneClusterImpl-4164cd2a-9f03-471b-8431-fd84a2e2cb62/datanode-9/data/ratis/15dfccaf-24e8-4404-90f1-2e326d391161 does not exist. Creating ...
2019-11-14 19:55:28,519 [pool-87-thread-1] INFO  server.RaftServerConfigKeys (ConfUtils.java:logGet(43)) - raft.server.storage.dir = [/workdir/hadoop-ozone/integration-test/target/test-dir/MiniOzoneClusterImpl-4164cd2a-9f03-471b-8431-fd84a2e2cb62/datanode-6/data/ratis] (custom)
2019-11-14 19:55:28,520 [pool-87-thread-1] INFO  server.RaftServerConfigKeys (ConfUtils.java:logGet(43)) - raft.server.log.corruption.policy = EXCEPTION (default)
2019-11-14 19:55:28,520 [pool-87-thread-1] INFO  storage.RaftStorageDirectory (RaftStorageDirectory.java:analyzeStorage(246)) - The storage directory /workdir/hadoop-ozone/integration-test/target/test-dir/MiniOzoneClusterImpl-4164cd2a-9f03-471b-8431-fd84a2e2cb62/datanode-6/data/ratis/15dfccaf-24e8-4404-90f1-2e326d391161 does not exist. Creating ...
2019-11-14 19:55:28,520 [b4243c9e-0de7-4e8b-af85-81ed103925b9@group-2FDA7782A7F1-LeaderElection1] INFO  segmented.SegmentedRaftLogWorker (SegmentedRaftLogWorker.java:startLogSegment(385)) - b4243c9e-0de7-4e8b-af85-81ed103925b9@group-2FDA7782A7F1-SegmentedRaftLogWorker: Starting segment from index:0
2019-11-14 19:55:28,529 [b4243c9e-0de7-4e8b-af85-81ed103925b9@group-2FDA7782A7F1-LeaderElection1] INFO  impl.RaftServerImpl (ServerState.java:setRaftConf(356)) - b4243c9e-0de7-4e8b-af85-81ed103925b9@group-2FDA7782A7F1: set configuration 0: [b4243c9e-0de7-4e8b-af85-81ed103925b9:192.168.157.219:38972], old=null at 0
2019-11-14 19:55:28,543 [pool-87-thread-1] INFO  storage.RaftStorageDirectory (RaftStorageDirectory.java:tryLock(328)) - Lock on /workdir/hadoop-ozone/integration-test/target/test-dir/MiniOzoneClusterImpl-4164cd2a-9f03-471b-8431-fd84a2e2cb62/datanode-6/data/ratis/15dfccaf-24e8-4404-90f1-2e326d391161/in_use.lock acquired by nodename 9468@pr-hdds-2489-n52xc-1246314526
2019-11-14 19:55:28,543 [pool-117-thread-1] INFO  storage.RaftStorageDirectory (RaftStorageDirectory.java:tryLock(328)) - Lock on /workdir/hadoop-ozone/integration-test/target/test-dir/MiniOzoneClusterImpl-4164cd2a-9f03-471b-8431-fd84a2e2cb62/datanode-9/data/ratis/15dfccaf-24e8-4404-90f1-2e326d391161/in_use.lock acquired by nodename 9468@pr-hdds-2489-n52xc-1246314526
2019-11-14 19:55:28,543 [pool-47-thread-1] INFO  storage.RaftStorageDirectory (RaftStorageDirectory.java:tryLock(328)) - Lock on /workdir/hadoop-ozone/integration-test/target/test-dir/MiniOzoneClusterImpl-4164cd2a-9f03-471b-8431-fd84a2e2cb62/datanode-2/data/ratis/15dfccaf-24e8-4404-90f1-2e326d391161/in_use.lock acquired by nodename 9468@pr-hdds-2489-n52xc-1246314526
2019-11-14 19:55:28,562 [pool-87-thread-1] INFO  storage.RaftStorage (RaftStorage.java:format(84)) - Storage directory /workdir/hadoop-ozone/integration-test/target/test-dir/MiniOzoneClusterImpl-4164cd2a-9f03-471b-8431-fd84a2e2cb62/datanode-6/data/ratis/15dfccaf-24e8-4404-90f1-2e326d391161 has been successfully formatted.
2019-11-14 19:55:28,562 [pool-117-thread-1] INFO  storage.RaftStorage (RaftStorage.java:format(84)) - Storage directory /workdir/hadoop-ozone/integration-test/target/test-dir/MiniOzoneClusterImpl-4164cd2a-9f03-471b-8431-fd84a2e2cb62/datanode-9/data/ratis/15dfccaf-24e8-4404-90f1-2e326d391161 has been successfully formatted.
2019-11-14 19:55:28,562 [pool-47-thread-1] INFO  storage.RaftStorage (RaftStorage.java:format(84)) - Storage directory /workdir/hadoop-ozone/integration-test/target/test-dir/MiniOzoneClusterImpl-4164cd2a-9f03-471b-8431-fd84a2e2cb62/datanode-2/data/ratis/15dfccaf-24e8-4404-90f1-2e326d391161 has been successfully formatted.
2019-11-14 19:55:28,562 [pool-87-thread-1] INFO  ratis.ContainerStateMachine (ContainerStateMachine.java:loadSnapshot(223)) - group-2E326D391161: The snapshot info is null. Setting the last applied indexto:(t:0, i:~)
2019-11-14 19:55:28,562 [pool-47-thread-1] INFO  ratis.ContainerStateMachine (ContainerStateMachine.java:loadSnapshot(223)) - group-2E326D391161: The snapshot info is null. Setting the last applied indexto:(t:0, i:~)
2019-11-14 19:55:28,562 [pool-87-thread-1] INFO  server.RaftServerConfigKeys (ConfUtils.java:logGet(43)) - raft.server.notification.no-leader.timeout = 120s (custom)
2019-11-14 19:55:28,562 [pool-117-thread-1] INFO  ratis.ContainerStateMachine (ContainerStateMachine.java:loadSnapshot(223)) - group-2E326D391161: The snapshot info is null. Setting the last applied indexto:(t:0, i:~)
2019-11-14 19:55:28,562 [pool-87-thread-1] INFO  server.RaftServerConfigKeys (ConfUtils.java:logGet(43)) - raft.server.log.use.memory = false (default)
2019-11-14 19:55:28,562 [pool-47-thread-1] INFO  server.RaftServerConfigKeys (ConfUtils.java:logGet(43)) - raft.server.notification.no-leader.timeout = 120s (custom)
2019-11-14 19:55:28,563 [pool-87-thread-1] INFO  server.RaftServerConfigKeys (ConfUtils.java:logGet(43)) - raft.server.log.purge.gap = 1000000 (custom)
2019-11-14 19:55:28,563 [pool-117-thread-1] INFO  server.RaftServerConfigKeys (ConfUtils.java:logGet(43)) - raft.server.notification.no-leader.timeout = 120s (custom)
2019-11-14 19:55:28,563 [pool-87-thread-1] INFO  server.RaftServerConfigKeys (ConfUtils.java:logGet(43)) - raft.server.log.appender.buffer.byte-limit = 33554432 (custom)
2019-11-14 19:55:28,563 [pool-117-thread-1] INFO  server.RaftServerConfigKeys (ConfUtils.java:logGet(43)) - raft.server.log.use.memory = false (default)
2019-11-14 19:55:28,563 [pool-47-thread-1] INFO  server.RaftServerConfigKeys (ConfUtils.java:logGet(43)) - raft.server.log.use.memory = false (default)
2019-11-14 19:55:28,563 [pool-117-thread-1] INFO  server.RaftServerConfigKeys (ConfUtils.java:logGet(43)) - raft.server.log.purge.gap = 1000000 (custom)
2019-11-14 19:55:28,563 [pool-87-thread-1] INFO  server.RaftServerConfigKeys (ConfUtils.java:logGet(43)) - raft.server.log.segment.size.max = 1048576 (custom)
2019-11-14 19:55:28,563 [pool-117-thread-1] INFO  server.RaftServerConfigKeys (ConfUtils.java:logGet(43)) - raft.server.log.appender.buffer.byte-limit = 33554432 (custom)
2019-11-14 19:55:28,563 [pool-47-thread-1] INFO  server.RaftServerConfigKeys (ConfUtils.java:logGet(43)) - raft.server.log.purge.gap = 1000000 (custom)
2019-11-14 19:55:28,564 [pool-117-thread-1] INFO  server.RaftServerConfigKeys (ConfUtils.java:logGet(43)) - raft.server.log.segment.size.max = 1048576 (custom)
2019-11-14 19:55:28,563 [pool-87-thread-1] INFO  server.RaftServerConfigKeys (ConfUtils.java:logGet(43)) - raft.server.log.segment.cache.num.max = 2 (custom)
2019-11-14 19:55:28,564 [pool-117-thread-1] INFO  server.RaftServerConfigKeys (ConfUtils.java:logGet(43)) - raft.server.log.segment.cache.num.max = 2 (custom)
2019-11-14 19:55:28,564 [pool-47-thread-1] INFO  server.RaftServerConfigKeys (ConfUtils.java:logGet(43)) - raft.server.log.appender.buffer.byte-limit = 33554432 (custom)
2019-11-14 19:55:28,564 [pool-117-thread-1] INFO  segmented.SegmentedRaftLogWorker (SegmentedRaftLogWorker.java:<init>(173)) - new 0203d6eb-35d8-4784-bff3-7fee374bf3e2@group-2E326D391161-SegmentedRaftLogWorker for RaftStorage:Storage Directory /workdir/hadoop-ozone/integration-test/target/test-dir/MiniOzoneClusterImpl-4164cd2a-9f03-471b-8431-fd84a2e2cb62/datanode-9/data/ratis/15dfccaf-24e8-4404-90f1-2e326d391161
2019-11-14 19:55:28,564 [pool-87-thread-1] INFO  segmented.SegmentedRaftLogWorker (SegmentedRaftLogWorker.java:<init>(173)) - new 0dd744a2-47ab-4d30-8d7a-27587728c440@group-2E326D391161-SegmentedRaftLogWorker for RaftStorage:Storage Directory /workdir/hadoop-ozone/integration-test/target/test-dir/MiniOzoneClusterImpl-4164cd2a-9f03-471b-8431-fd84a2e2cb62/datanode-6/data/ratis/15dfccaf-24e8-4404-90f1-2e326d391161
2019-11-14 19:55:28,564 [pool-117-thread-1] INFO  server.RaftServerConfigKeys (ConfUtils.java:logGet(43)) - raft.server.log.queue.byte-limit = 2147483647 (custom)
2019-11-14 19:55:28,564 [pool-47-thread-1] INFO  server.RaftServerConfigKeys (ConfUtils.java:logGet(43)) - raft.server.log.segment.size.max = 1048576 (custom)
2019-11-14 19:55:28,565 [pool-117-thread-1] INFO  server.RaftServerConfigKeys (ConfUtils.java:logGet(43)) - raft.server.log.queue.element-limit = 1024 (custom)
2019-11-14 19:55:28,564 [pool-87-thread-1] INFO  server.RaftServerConfigKeys (ConfUtils.java:logGet(43)) - raft.server.log.queue.byte-limit = 2147483647 (custom)
2019-11-14 19:55:28,565 [pool-117-thread-1] INFO  server.RaftServerConfigKeys (ConfUtils.java:logGet(43)) - raft.server.log.segment.size.max = 1048576 (custom)
2019-11-14 19:55:28,565 [pool-47-thread-1] INFO  server.RaftServerConfigKeys (ConfUtils.java:logGet(43)) - raft.server.log.segment.cache.num.max = 2 (custom)
2019-11-14 19:55:28,565 [pool-117-thread-1] INFO  server.RaftServerConfigKeys (ConfUtils.java:logGet(43)) - raft.server.log.preallocated.size = 16384 (custom)
2019-11-14 19:55:28,565 [pool-87-thread-1] INFO  server.RaftServerConfigKeys (ConfUtils.java:logGet(43)) - raft.server.log.queue.element-limit = 1024 (custom)
2019-11-14 19:55:28,565 [pool-117-thread-1] INFO  server.RaftServerConfigKeys (ConfUtils.java:logGet(43)) - raft.server.log.write.buffer.size = 33554432 (custom)
2019-11-14 19:55:28,565 [pool-47-thread-1] INFO  segmented.SegmentedRaftLogWorker (SegmentedRaftLogWorker.java:<init>(173)) - new b74b6e41-b4f8-4f70-a45a-58780751dbf1@group-2E326D391161-SegmentedRaftLogWorker for RaftStorage:Storage Directory /workdir/hadoop-ozone/integration-test/target/test-dir/MiniOzoneClusterImpl-4164cd2a-9f03-471b-8431-fd84a2e2cb62/datanode-2/data/ratis/15dfccaf-24e8-4404-90f1-2e326d391161
2019-11-14 19:55:28,565 [pool-117-thread-1] INFO  server.RaftServerConfigKeys (ConfUtils.java:logGet(43)) - raft.server.log.force.sync.num = 128 (default)
2019-11-14 19:55:28,565 [pool-87-thread-1] INFO  server.RaftServerConfigKeys (ConfUtils.java:logGet(43)) - raft.server.log.segment.size.max = 1048576 (custom)
2019-11-14 19:55:28,566 [pool-117-thread-1] INFO  server.RaftServerConfigKeys (ConfUtils.java:logGet(43)) - raft.server.log.statemachine.data.sync = true (default)
2019-11-14 19:55:28,565 [pool-47-thread-1] INFO  server.RaftServerConfigKeys (ConfUtils.java:logGet(43)) - raft.server.log.queue.byte-limit = 2147483647 (custom)
2019-11-14 19:55:28,566 [pool-117-thread-1] INFO  server.RaftServerConfigKeys (ConfUtils.java:logGet(43)) - raft.server.log.statemachine.data.sync.timeout = 10s (default)
2019-11-14 19:55:28,566 [pool-87-thread-1] INFO  server.RaftServerConfigKeys (ConfUtils.java:logGet(43)) - raft.server.log.preallocated.size = 16384 (custom)
2019-11-14 19:55:28,566 [pool-117-thread-1] INFO  server.RaftServerConfigKeys (ConfUtils.java:logGet(43)) - raft.server.log.statemachine.data.sync.timeout.retry = -1 (default)
2019-11-14 19:55:28,566 [pool-47-thread-1] INFO  server.RaftServerConfigKeys (ConfUtils.java:logGet(43)) - raft.server.log.queue.element-limit = 1024 (custom)
2019-11-14 19:55:28,566 [pool-87-thread-1] INFO  server.RaftServerConfigKeys (ConfUtils.java:logGet(43)) - raft.server.log.write.buffer.size = 33554432 (custom)
2019-11-14 19:55:28,566 [pool-47-thread-1] INFO  server.RaftServerConfigKeys (ConfUtils.java:logGet(43)) - raft.server.log.segment.size.max = 1048576 (custom)
2019-11-14 19:55:28,566 [pool-117-thread-1] INFO  server.RaftServerConfigKeys (ConfUtils.java:logGet(43)) - raft.server.log.statemachine.data.caching.enabled = true (custom)
2019-11-14 19:55:28,567 [pool-47-thread-1] INFO  server.RaftServerConfigKeys (ConfUtils.java:logGet(43)) - raft.server.log.preallocated.size = 16384 (custom)
2019-11-14 19:55:28,567 [pool-87-thread-1] INFO  server.RaftServerConfigKeys (ConfUtils.java:logGet(43)) - raft.server.log.force.sync.num = 128 (default)
2019-11-14 19:55:28,567 [pool-47-thread-1] INFO  server.RaftServerConfigKeys (ConfUtils.java:logGet(43)) - raft.server.log.write.buffer.size = 33554432 (custom)
2019-11-14 19:55:28,567 [pool-87-thread-1] INFO  server.RaftServerConfigKeys (ConfUtils.java:logGet(43)) - raft.server.log.statemachine.data.sync = true (default)
2019-11-14 19:55:28,567 [pool-117-thread-1] INFO  segmented.SegmentedRaftLogWorker (SegmentedRaftLogWorker.java:lambda$new$0(128)) - 0203d6eb-35d8-4784-bff3-7fee374bf3e2@group-2E326D391161-SegmentedRaftLogWorker: flushIndex: setUnconditionally 0 -> -1
2019-11-14 19:55:28,567 [pool-47-thread-1] INFO  server.RaftServerConfigKeys (ConfUtils.java:logGet(43)) - raft.server.log.force.sync.num = 128 (default)
2019-11-14 19:55:28,567 [pool-87-thread-1] INFO  server.RaftServerConfigKeys (ConfUtils.java:logGet(43)) - raft.server.log.statemachine.data.sync.timeout = 10s (default)
2019-11-14 19:55:28,567 [pool-117-thread-1] INFO  server.RaftServerConfigKeys (ConfUtils.java:logGet(43)) - raft.server.snapshot.auto.trigger.enabled = true (custom)
2019-11-14 19:55:28,567 [pool-47-thread-1] INFO  server.RaftServerConfigKeys (ConfUtils.java:logGet(43)) - raft.server.log.statemachine.data.sync = true (default)
2019-11-14 19:55:28,568 [pool-117-thread-1] INFO  server.RaftServerConfigKeys (ConfUtils.java:logGet(43)) - raft.server.snapshot.auto.trigger.threshold = 10000 (custom)
2019-11-14 19:55:28,567 [pool-87-thread-1] INFO  server.RaftServerConfigKeys (ConfUtils.java:logGet(43)) - raft.server.log.statemachine.data.sync.timeout.retry = -1 (default)
2019-11-14 19:55:28,568 [pool-117-thread-1] INFO  server.RaftServerConfigKeys (ConfUtils.java:logGet(43)) - raft.server.snapshot.retention.file.num = 5 (custom)
2019-11-14 19:55:28,568 [pool-47-thread-1] INFO  server.RaftServerConfigKeys (ConfUtils.java:logGet(43)) - raft.server.log.statemachine.data.sync.timeout = 10s (default)
2019-11-14 19:55:28,568 [pool-117-thread-1] INFO  server.RaftServerConfigKeys (ConfUtils.java:logGet(43)) - raft.server.retrycache.expirytime = 600000ms (custom)
2019-11-14 19:55:28,568 [pool-87-thread-1] INFO  server.RaftServerConfigKeys (ConfUtils.java:logGet(43)) - raft.server.log.statemachine.data.caching.enabled = true (custom)
2019-11-14 19:55:28,568 [pool-47-thread-1] INFO  server.RaftServerConfigKeys (ConfUtils.java:logGet(43)) - raft.server.log.statemachine.data.sync.timeout.retry = -1 (default)
2019-11-14 19:55:28,568 [pool-117-thread-1] WARN  impl.MetricRegistriesImpl (MetricRegistriesImpl.java:lambda$create$1(61)) - First MetricRegistry has been created without registering reporters. You may need to call MetricRegistries.global().addReportRegistration(...) before.
2019-11-14 19:55:28,568 [pool-87-thread-1] INFO  segmented.SegmentedRaftLogWorker (SegmentedRaftLogWorker.java:lambda$new$0(128)) - 0dd744a2-47ab-4d30-8d7a-27587728c440@group-2E326D391161-SegmentedRaftLogWorker: flushIndex: setUnconditionally 0 -> -1
2019-11-14 19:55:28,568 [pool-47-thread-1] INFO  server.RaftServerConfigKeys (ConfUtils.java:logGet(43)) - raft.server.log.statemachine.data.caching.enabled = true (custom)
2019-11-14 19:55:28,568 [pool-117-thread-1] WARN  impl.MetricRegistriesImpl (MetricRegistriesImpl.java:lambda$create$1(61)) - First MetricRegistry has been created without registering reporters. You may need to call MetricRegistries.global().addReportRegistration(...) before.
2019-11-14 19:55:28,568 [pool-87-thread-1] INFO  server.RaftServerConfigKeys (ConfUtils.java:logGet(43)) - raft.server.snapshot.auto.trigger.enabled = true (custom)
2019-11-14 19:55:28,569 [pool-47-thread-1] INFO  segmented.SegmentedRaftLogWorker (SegmentedRaftLogWorker.java:lambda$new$0(128)) - b74b6e41-b4f8-4f70-a45a-58780751dbf1@group-2E326D391161-SegmentedRaftLogWorker: flushIndex: setUnconditionally 0 -> -1
2019-11-14 19:55:28,569 [pool-117-thread-1] INFO  impl.RaftServerImpl (RaftServerImpl.java:start(184)) - 0203d6eb-35d8-4784-bff3-7fee374bf3e2@group-2E326D391161: start as a follower, conf=-1: [0203d6eb-35d8-4784-bff3-7fee374bf3e2:192.168.157.219:45232, 0dd744a2-47ab-4d30-8d7a-27587728c440:192.168.157.219:41669, b74b6e41-b4f8-4f70-a45a-58780751dbf1:192.168.157.219:39468], old=null
2019-11-14 19:55:28,569 [pool-87-thread-1] INFO  server.RaftServerConfigKeys (ConfUtils.java:logGet(43)) - raft.server.snapshot.auto.trigger.threshold = 10000 (custom)
2019-11-14 19:55:28,569 [pool-117-thread-1] INFO  impl.RaftServerImpl (RaftServerImpl.java:setRole(173)) - 0203d6eb-35d8-4784-bff3-7fee374bf3e2@group-2E326D391161: changes role from      null to FOLLOWER at term 0 for startAsFollower
2019-11-14 19:55:28,569 [pool-87-thread-1] INFO  server.RaftServerConfigKeys (ConfUtils.java:logGet(43)) - raft.server.snapshot.retention.file.num = 5 (custom)
2019-11-14 19:55:28,569 [pool-47-thread-1] INFO  server.RaftServerConfigKeys (ConfUtils.java:logGet(43)) - raft.server.snapshot.auto.trigger.enabled = true (custom)
2019-11-14 19:55:28,569 [pool-87-thread-1] INFO  server.RaftServerConfigKeys (ConfUtils.java:logGet(43)) - raft.server.retrycache.expirytime = 600000ms (custom)
2019-11-14 19:55:28,569 [pool-117-thread-1] INFO  impl.RoleInfo (RoleInfo.java:updateAndGet(143)) - 0203d6eb-35d8-4784-bff3-7fee374bf3e2: start FollowerState
2019-11-14 19:55:28,569 [pool-87-thread-1] WARN  impl.MetricRegistriesImpl (MetricRegistriesImpl.java:lambda$create$1(61)) - First MetricRegistry has been created without registering reporters. You may need to call MetricRegistries.global().addReportRegistration(...) before.
2019-11-14 19:55:28,569 [pool-47-thread-1] INFO  server.RaftServerConfigKeys (ConfUtils.java:logGet(43)) - raft.server.snapshot.auto.trigger.threshold = 10000 (custom)
2019-11-14 19:55:28,569 [pool-87-thread-1] WARN  impl.MetricRegistriesImpl (MetricRegistriesImpl.java:lambda$create$1(61)) - First MetricRegistry has been created without registering reporters. You may need to call MetricRegistries.global().addReportRegistration(...) before.
2019-11-14 19:55:28,569 [pool-47-thread-1] INFO  server.RaftServerConfigKeys (ConfUtils.java:logGet(43)) - raft.server.snapshot.retention.file.num = 5 (custom)
2019-11-14 19:55:28,570 [pool-117-thread-1] INFO  util.JmxRegister (JmxRegister.java:tryRegister(44)) - Successfully registered JMX Bean with object name Ratis:service=RaftServer,group=group-2E326D391161,id=0203d6eb-35d8-4784-bff3-7fee374bf3e2
2019-11-14 19:55:28,570 [pool-87-thread-1] INFO  impl.RaftServerImpl (RaftServerImpl.java:start(184)) - 0dd744a2-47ab-4d30-8d7a-27587728c440@group-2E326D391161: start as a follower, conf=-1: [0203d6eb-35d8-4784-bff3-7fee374bf3e2:192.168.157.219:45232, 0dd744a2-47ab-4d30-8d7a-27587728c440:192.168.157.219:41669, b74b6e41-b4f8-4f70-a45a-58780751dbf1:192.168.157.219:39468], old=null
2019-11-14 19:55:28,570 [pool-117-thread-1] WARN  impl.MetricRegistriesImpl (MetricRegistriesImpl.java:lambda$create$1(61)) - First MetricRegistry has been created without registering reporters. You may need to call MetricRegistries.global().addReportRegistration(...) before.
2019-11-14 19:55:28,570 [pool-47-thread-1] INFO  server.RaftServerConfigKeys (ConfUtils.java:logGet(43)) - raft.server.retrycache.expirytime = 600000ms (custom)
2019-11-14 19:55:28,570 [pool-87-thread-1] INFO  impl.RaftServerImpl (RaftServerImpl.java:setRole(173)) - 0dd744a2-47ab-4d30-8d7a-27587728c440@group-2E326D391161: changes role from      null to FOLLOWER at term 0 for startAsFollower
2019-11-14 19:55:28,570 [pool-47-thread-1] WARN  impl.MetricRegistriesImpl (MetricRegistriesImpl.java:lambda$create$1(61)) - First MetricRegistry has been created without registering reporters. You may need to call MetricRegistries.global().addReportRegistration(...) before.
2019-11-14 19:55:28,570 [pool-87-thread-1] INFO  impl.RoleInfo (RoleInfo.java:updateAndGet(143)) - 0dd744a2-47ab-4d30-8d7a-27587728c440: start FollowerState
2019-11-14 19:55:28,570 [pool-47-thread-1] WARN  impl.MetricRegistriesImpl (MetricRegistriesImpl.java:lambda$create$1(61)) - First MetricRegistry has been created without registering reporters. You may need to call MetricRegistries.global().addReportRegistration(...) before.
2019-11-14 19:55:28,570 [pool-47-thread-1] INFO  impl.RaftServerImpl (RaftServerImpl.java:start(184)) - b74b6e41-b4f8-4f70-a45a-58780751dbf1@group-2E326D391161: start as a follower, conf=-1: [0203d6eb-35d8-4784-bff3-7fee374bf3e2:192.168.157.219:45232, 0dd744a2-47ab-4d30-8d7a-27587728c440:192.168.157.219:41669, b74b6e41-b4f8-4f70-a45a-58780751dbf1:192.168.157.219:39468], old=null
2019-11-14 19:55:28,570 [pool-87-thread-1] INFO  util.JmxRegister (JmxRegister.java:tryRegister(44)) - Successfully registered JMX Bean with object name Ratis:service=RaftServer,group=group-2E326D391161,id=0dd744a2-47ab-4d30-8d7a-27587728c440
2019-11-14 19:55:28,570 [pool-47-thread-1] INFO  impl.RaftServerImpl (RaftServerImpl.java:setRole(173)) - b74b6e41-b4f8-4f70-a45a-58780751dbf1@group-2E326D391161: changes role from      null to FOLLOWER at term 0 for startAsFollower
2019-11-14 19:55:28,571 [pool-87-thread-1] WARN  impl.MetricRegistriesImpl (MetricRegistriesImpl.java:lambda$create$1(61)) - First MetricRegistry has been created without registering reporters. You may need to call MetricRegistries.global().addReportRegistration(...) before.
2019-11-14 19:55:28,571 [pool-47-thread-1] INFO  impl.RoleInfo (RoleInfo.java:updateAndGet(143)) - b74b6e41-b4f8-4f70-a45a-58780751dbf1: start FollowerState
2019-11-14 19:55:28,571 [pool-47-thread-1] INFO  util.JmxRegister (JmxRegister.java:tryRegister(44)) - Successfully registered JMX Bean with object name Ratis:service=RaftServer,group=group-2E326D391161,id=b74b6e41-b4f8-4f70-a45a-58780751dbf1
2019-11-14 19:55:28,571 [pool-47-thread-1] WARN  impl.MetricRegistriesImpl (MetricRegistriesImpl.java:lambda$create$1(61)) - First MetricRegistry has been created without registering reporters. You may need to call MetricRegistries.global().addReportRegistration(...) before.
2019-11-14 19:55:28,597 [Thread-296] INFO  impl.FollowerState (FollowerState.java:run(111)) - 0dd744a2-47ab-4d30-8d7a-27587728c440@group-C8D10AEBF337-FollowerState: change to CANDIDATE, lastRpcTime:1029ms, electionTimeout:1028ms
2019-11-14 19:55:28,597 [Thread-296] INFO  impl.RoleInfo (RoleInfo.java:shutdownFollowerState(121)) - 0dd744a2-47ab-4d30-8d7a-27587728c440: shutdown FollowerState
2019-11-14 19:55:28,597 [Thread-296] INFO  impl.RaftServerImpl (RaftServerImpl.java:setRole(173)) - 0dd744a2-47ab-4d30-8d7a-27587728c440@group-C8D10AEBF337: changes role from  FOLLOWER to CANDIDATE at term 0 for changeToCandidate
2019-11-14 19:55:28,598 [Thread-296] INFO  impl.RoleInfo (RoleInfo.java:updateAndGet(143)) - 0dd744a2-47ab-4d30-8d7a-27587728c440: start LeaderElection
2019-11-14 19:55:28,603 [RatisPipelineUtilsThread] INFO  pipeline.PipelineStateManager (PipelineStateManager.java:addPipeline(55)) - Created pipeline Pipeline[ Id: 15dfccaf-24e8-4404-90f1-2e326d391161, Nodes: b74b6e41-b4f8-4f70-a45a-58780751dbf1{ip: 192.168.157.219, host: pr-hdds-2489-n52xc-1246314526, networkLocation: /rack1, certSerialId: null}0203d6eb-35d8-4784-bff3-7fee374bf3e2{ip: 192.168.157.219, host: pr-hdds-2489-n52xc-1246314526, networkLocation: /rack1, certSerialId: null}0dd744a2-47ab-4d30-8d7a-27587728c440{ip: 192.168.157.219, host: pr-hdds-2489-n52xc-1246314526, networkLocation: /rack1, certSerialId: null}, Type:RATIS, Factor:THREE, State:ALLOCATED]
2019-11-14 19:55:28,619 [0dd744a2-47ab-4d30-8d7a-27587728c440@group-C8D10AEBF337-LeaderElection2] INFO  impl.LeaderElection (LeaderElection.java:askForVotes(178)) - 0dd744a2-47ab-4d30-8d7a-27587728c440@group-C8D10AEBF337-LeaderElection2: begin an election at term 1 for -1: [0203d6eb-35d8-4784-bff3-7fee374bf3e2:192.168.157.219:45232, 0dd744a2-47ab-4d30-8d7a-27587728c440:192.168.157.219:41669, b74b6e41-b4f8-4f70-a45a-58780751dbf1:192.168.157.219:39468], old=null
2019-11-14 19:55:28,628 [grpc-default-executor-2] INFO  impl.RaftServerProxy (RaftServerProxy.java:addNew(89)) - b117fa5f-2c4e-4381-a495-d707275fd4cd: addNew group-751C019BC56F:[b117fa5f-2c4e-4381-a495-d707275fd4cd:192.168.157.219:46720, 21186c51-1475-43f8-940c-f90b4fe03024:192.168.157.219:37993, 797ebefa-c895-4cb1-b191-6ff1bf83736b:192.168.157.219:44823] returns group-751C019BC56F:java.util.concurrent.CompletableFuture@234fd5ae[Not completed]
2019-11-14 19:55:28,629 [grpc-default-executor-1] INFO  impl.RaftServerProxy (RaftServerProxy.java:addNew(89)) - 21186c51-1475-43f8-940c-f90b4fe03024: addNew group-751C019BC56F:[b117fa5f-2c4e-4381-a495-d707275fd4cd:192.168.157.219:46720, 21186c51-1475-43f8-940c-f90b4fe03024:192.168.157.219:37993, 797ebefa-c895-4cb1-b191-6ff1bf83736b:192.168.157.219:44823] returns group-751C019BC56F:java.util.concurrent.CompletableFuture@5e10b252[Not completed]
2019-11-14 19:55:28,628 [grpc-default-executor-0] INFO  impl.RaftServerProxy (RaftServerProxy.java:addNew(89)) - 797ebefa-c895-4cb1-b191-6ff1bf83736b: addNew group-751C019BC56F:[b117fa5f-2c4e-4381-a495-d707275fd4cd:192.168.157.219:46720, 21186c51-1475-43f8-940c-f90b4fe03024:192.168.157.219:37993, 797ebefa-c895-4cb1-b191-6ff1bf83736b:192.168.157.219:44823] returns group-751C019BC56F:java.util.concurrent.CompletableFuture@381a5310[Not completed]
2019-11-14 19:55:28,633 [pool-57-thread-1] INFO  impl.RaftServerImpl (RaftServerImpl.java:<init>(98)) - b117fa5f-2c4e-4381-a495-d707275fd4cd: new RaftServerImpl for group-751C019BC56F:[b117fa5f-2c4e-4381-a495-d707275fd4cd:192.168.157.219:46720, 21186c51-1475-43f8-940c-f90b4fe03024:192.168.157.219:37993, 797ebefa-c895-4cb1-b191-6ff1bf83736b:192.168.157.219:44823] with ContainerStateMachine:uninitialized
2019-11-14 19:55:28,633 [pool-57-thread-1] INFO  server.RaftServerConfigKeys (ConfUtils.java:logGet(43)) - raft.server.rpc.timeout.min = 1s (custom)
2019-11-14 19:55:28,633 [pool-57-thread-1] INFO  server.RaftServerConfigKeys (ConfUtils.java:logGet(43)) - raft.server.rpc.timeout.max = 1200ms (custom)
2019-11-14 19:55:28,633 [pool-57-thread-1] INFO  server.RaftServerConfigKeys (ConfUtils.java:logGet(43)) - raft.server.rpcslowness.timeout = 120s (custom)
2019-11-14 19:55:28,633 [pool-57-thread-1] INFO  server.RaftServerConfigKeys (ConfUtils.java:logGet(43)) - raft.server.sleep.deviation.threshold = 300 (default)
2019-11-14 19:55:28,634 [pool-57-thread-1] INFO  server.RaftServerConfigKeys (ConfUtils.java:logGet(43)) - raft.server.log.appender.install.snapshot.enabled = false (custom)
2019-11-14 19:55:28,634 [pool-57-thread-1] INFO  impl.RaftServerImpl (ServerState.java:<init>(103)) - b117fa5f-2c4e-4381-a495-d707275fd4cd@group-751C019BC56F: ConfigurationManager, init=-1: [b117fa5f-2c4e-4381-a495-d707275fd4cd:192.168.157.219:46720, 21186c51-1475-43f8-940c-f90b4fe03024:192.168.157.219:37993, 797ebefa-c895-4cb1-b191-6ff1bf83736b:192.168.157.219:44823], old=null, confs=<EMPTY_MAP>
2019-11-14 19:55:28,634 [pool-57-thread-1] INFO  server.RaftServerConfigKeys (ConfUtils.java:logGet(43)) - raft.server.storage.dir = [/workdir/hadoop-ozone/integration-test/target/test-dir/MiniOzoneClusterImpl-4164cd2a-9f03-471b-8431-fd84a2e2cb62/datanode-3/data/ratis] (custom)
2019-11-14 19:55:28,634 [pool-57-thread-1] INFO  server.RaftServerConfigKeys (ConfUtils.java:logGet(43)) - raft.server.log.corruption.policy = EXCEPTION (default)
2019-11-14 19:55:28,634 [pool-57-thread-1] INFO  storage.RaftStorageDirectory (RaftStorageDirectory.java:analyzeStorage(246)) - The storage directory /workdir/hadoop-ozone/integration-test/target/test-dir/MiniOzoneClusterImpl-4164cd2a-9f03-471b-8431-fd84a2e2cb62/datanode-3/data/ratis/8de12a60-6b60-4178-8baa-751c019bc56f does not exist. Creating ...
2019-11-14 19:55:28,637 [pool-107-thread-1] INFO  impl.RaftServerImpl (RaftServerImpl.java:<init>(98)) - 21186c51-1475-43f8-940c-f90b4fe03024: new RaftServerImpl for group-751C019BC56F:[b117fa5f-2c4e-4381-a495-d707275fd4cd:192.168.157.219:46720, 21186c51-1475-43f8-940c-f90b4fe03024:192.168.157.219:37993, 797ebefa-c895-4cb1-b191-6ff1bf83736b:192.168.157.219:44823] with ContainerStateMachine:uninitialized
2019-11-14 19:55:28,637 [pool-107-thread-1] INFO  server.RaftServerConfigKeys (ConfUtils.java:logGet(43)) - raft.server.rpc.timeout.min = 1s (custom)
2019-11-14 19:55:28,637 [pool-107-thread-1] INFO  server.RaftServerConfigKeys (ConfUtils.java:logGet(43)) - raft.server.rpc.timeout.max = 1200ms (custom)
2019-11-14 19:55:28,638 [pool-107-thread-1] INFO  server.RaftServerConfigKeys (ConfUtils.java:logGet(43)) - raft.server.rpcslowness.timeout = 120s (custom)
2019-11-14 19:55:28,638 [pool-107-thread-1] INFO  server.RaftServerConfigKeys (ConfUtils.java:logGet(43)) - raft.server.sleep.deviation.threshold = 300 (default)
2019-11-14 19:55:28,640 [pool-37-thread-1] INFO  impl.RaftServerImpl (RaftServerImpl.java:<init>(98)) - 797ebefa-c895-4cb1-b191-6ff1bf83736b: new RaftServerImpl for group-751C019BC56F:[b117fa5f-2c4e-4381-a495-d707275fd4cd:192.168.157.219:46720, 21186c51-1475-43f8-940c-f90b4fe03024:192.168.157.219:37993, 797ebefa-c895-4cb1-b191-6ff1bf83736b:192.168.157.219:44823] with ContainerStateMachine:uninitialized
2019-11-14 19:55:28,640 [pool-107-thread-1] INFO  server.RaftServerConfigKeys (ConfUtils.java:logGet(43)) - raft.server.log.appender.install.snapshot.enabled = false (custom)
2019-11-14 19:55:28,640 [pool-37-thread-1] INFO  server.RaftServerConfigKeys (ConfUtils.java:logGet(43)) - raft.server.rpc.timeout.min = 1s (custom)
2019-11-14 19:55:28,642 [pool-107-thread-1] INFO  impl.RaftServerImpl (ServerState.java:<init>(103)) - 21186c51-1475-43f8-940c-f90b4fe03024@group-751C019BC56F: ConfigurationManager, init=-1: [b117fa5f-2c4e-4381-a495-d707275fd4cd:192.168.157.219:46720, 21186c51-1475-43f8-940c-f90b4fe03024:192.168.157.219:37993, 797ebefa-c895-4cb1-b191-6ff1bf83736b:192.168.157.219:44823], old=null, confs=<EMPTY_MAP>
2019-11-14 19:55:28,642 [pool-37-thread-1] INFO  server.RaftServerConfigKeys (ConfUtils.java:logGet(43)) - raft.server.rpc.timeout.max = 1200ms (custom)
2019-11-14 19:55:28,642 [pool-107-thread-1] INFO  server.RaftServerConfigKeys (ConfUtils.java:logGet(43)) - raft.server.storage.dir = [/workdir/hadoop-ozone/integration-test/target/test-dir/MiniOzoneClusterImpl-4164cd2a-9f03-471b-8431-fd84a2e2cb62/datanode-8/data/ratis] (custom)
2019-11-14 19:55:28,642 [pool-37-thread-1] INFO  server.RaftServerConfigKeys (ConfUtils.java:logGet(43)) - raft.server.rpcslowness.timeout = 120s (custom)
2019-11-14 19:55:28,642 [pool-37-thread-1] INFO  server.RaftServerConfigKeys (ConfUtils.java:logGet(43)) - raft.server.sleep.deviation.threshold = 300 (default)
2019-11-14 19:55:28,642 [pool-107-thread-1] INFO  server.RaftServerConfigKeys (ConfUtils.java:logGet(43)) - raft.server.log.corruption.policy = EXCEPTION (default)
2019-11-14 19:55:28,642 [pool-37-thread-1] INFO  server.RaftServerConfigKeys (ConfUtils.java:logGet(43)) - raft.server.log.appender.install.snapshot.enabled = false (custom)
2019-11-14 19:55:28,643 [pool-37-thread-1] INFO  impl.RaftServerImpl (ServerState.java:<init>(103)) - 797ebefa-c895-4cb1-b191-6ff1bf83736b@group-751C019BC56F: ConfigurationManager, init=-1: [b117fa5f-2c4e-4381-a495-d707275fd4cd:192.168.157.219:46720, 21186c51-1475-43f8-940c-f90b4fe03024:192.168.157.219:37993, 797ebefa-c895-4cb1-b191-6ff1bf83736b:192.168.157.219:44823], old=null, confs=<EMPTY_MAP>
2019-11-14 19:55:28,643 [pool-107-thread-1] INFO  storage.RaftStorageDirectory (RaftStorageDirectory.java:analyzeStorage(246)) - The storage directory /workdir/hadoop-ozone/integration-test/target/test-dir/MiniOzoneClusterImpl-4164cd2a-9f03-471b-8431-fd84a2e2cb62/datanode-8/data/ratis/8de12a60-6b60-4178-8baa-751c019bc56f does not exist. Creating ...
2019-11-14 19:55:28,643 [pool-37-thread-1] INFO  server.RaftServerConfigKeys (ConfUtils.java:logGet(43)) - raft.server.storage.dir = [/workdir/hadoop-ozone/integration-test/target/test-dir/MiniOzoneClusterImpl-4164cd2a-9f03-471b-8431-fd84a2e2cb62/datanode-1/data/ratis] (custom)
2019-11-14 19:55:28,646 [pool-37-thread-1] INFO  server.RaftServerConfigKeys (ConfUtils.java:logGet(43)) - raft.server.log.corruption.policy = EXCEPTION (default)
2019-11-14 19:55:28,646 [pool-37-thread-1] INFO  storage.RaftStorageDirectory (RaftStorageDirectory.java:analyzeStorage(246)) - The storage directory /workdir/hadoop-ozone/integration-test/target/test-dir/MiniOzoneClusterImpl-4164cd2a-9f03-471b-8431-fd84a2e2cb62/datanode-1/data/ratis/8de12a60-6b60-4178-8baa-751c019bc56f does not exist. Creating ...
2019-11-14 19:55:28,654 [pool-107-thread-1] INFO  storage.RaftStorageDirectory (RaftStorageDirectory.java:tryLock(328)) - Lock on /workdir/hadoop-ozone/integration-test/target/test-dir/MiniOzoneClusterImpl-4164cd2a-9f03-471b-8431-fd84a2e2cb62/datanode-8/data/ratis/8de12a60-6b60-4178-8baa-751c019bc56f/in_use.lock acquired by nodename 9468@pr-hdds-2489-n52xc-1246314526
2019-11-14 19:55:28,654 [pool-57-thread-1] INFO  storage.RaftStorageDirectory (RaftStorageDirectory.java:tryLock(328)) - Lock on /workdir/hadoop-ozone/integration-test/target/test-dir/MiniOzoneClusterImpl-4164cd2a-9f03-471b-8431-fd84a2e2cb62/datanode-3/data/ratis/8de12a60-6b60-4178-8baa-751c019bc56f/in_use.lock acquired by nodename 9468@pr-hdds-2489-n52xc-1246314526
2019-11-14 19:55:28,654 [pool-37-thread-1] INFO  storage.RaftStorageDirectory (RaftStorageDirectory.java:tryLock(328)) - Lock on /workdir/hadoop-ozone/integration-test/target/test-dir/MiniOzoneClusterImpl-4164cd2a-9f03-471b-8431-fd84a2e2cb62/datanode-1/data/ratis/8de12a60-6b60-4178-8baa-751c019bc56f/in_use.lock acquired by nodename 9468@pr-hdds-2489-n52xc-1246314526
2019-11-14 19:55:28,654 [grpc-default-executor-0] INFO  impl.RaftServerImpl (RaftServerImpl.java:setRole(173)) - b74b6e41-b4f8-4f70-a45a-58780751dbf1@group-C8D10AEBF337: changes role from  FOLLOWER to FOLLOWER at term 1 for recognizeCandidate:0dd744a2-47ab-4d30-8d7a-27587728c440
2019-11-14 19:55:28,654 [grpc-default-executor-1] INFO  impl.RaftServerImpl (RaftServerImpl.java:setRole(173)) - 0203d6eb-35d8-4784-bff3-7fee374bf3e2@group-C8D10AEBF337: changes role from  FOLLOWER to FOLLOWER at term 1 for recognizeCandidate:0dd744a2-47ab-4d30-8d7a-27587728c440
2019-11-14 19:55:28,654 [grpc-default-executor-0] INFO  impl.RoleInfo (RoleInfo.java:shutdownFollowerState(121)) - b74b6e41-b4f8-4f70-a45a-58780751dbf1: shutdown FollowerState
2019-11-14 19:55:28,654 [grpc-default-executor-1] INFO  impl.RoleInfo (RoleInfo.java:shutdownFollowerState(121)) - 0203d6eb-35d8-4784-bff3-7fee374bf3e2: shutdown FollowerState
2019-11-14 19:55:28,655 [Thread-301] INFO  impl.FollowerState (FollowerState.java:run(120)) - b74b6e41-b4f8-4f70-a45a-58780751dbf1@group-C8D10AEBF337-FollowerState was interrupted: java.lang.InterruptedException: sleep interrupted
2019-11-14 19:55:28,656 [grpc-default-executor-0] INFO  impl.RoleInfo (RoleInfo.java:updateAndGet(143)) - b74b6e41-b4f8-4f70-a45a-58780751dbf1: start FollowerState
2019-11-14 19:55:28,656 [grpc-default-executor-1] INFO  impl.RoleInfo (RoleInfo.java:updateAndGet(143)) - 0203d6eb-35d8-4784-bff3-7fee374bf3e2: start FollowerState
2019-11-14 19:55:28,656 [Thread-295] INFO  impl.FollowerState (FollowerState.java:run(120)) - 0203d6eb-35d8-4784-bff3-7fee374bf3e2@group-C8D10AEBF337-FollowerState was interrupted: java.lang.InterruptedException: sleep interrupted
2019-11-14 19:55:28,674 [pool-107-thread-1] INFO  storage.RaftStorage (RaftStorage.java:format(84)) - Storage directory /workdir/hadoop-ozone/integration-test/target/test-dir/MiniOzoneClusterImpl-4164cd2a-9f03-471b-8431-fd84a2e2cb62/datanode-8/data/ratis/8de12a60-6b60-4178-8baa-751c019bc56f has been successfully formatted.
2019-11-14 19:55:28,674 [pool-37-thread-1] INFO  storage.RaftStorage (RaftStorage.java:format(84)) - Storage directory /workdir/hadoop-ozone/integration-test/target/test-dir/MiniOzoneClusterImpl-4164cd2a-9f03-471b-8431-fd84a2e2cb62/datanode-1/data/ratis/8de12a60-6b60-4178-8baa-751c019bc56f has been successfully formatted.
2019-11-14 19:55:28,674 [pool-57-thread-1] INFO  storage.RaftStorage (RaftStorage.java:format(84)) - Storage directory /workdir/hadoop-ozone/integration-test/target/test-dir/MiniOzoneClusterImpl-4164cd2a-9f03-471b-8431-fd84a2e2cb62/datanode-3/data/ratis/8de12a60-6b60-4178-8baa-751c019bc56f has been successfully formatted.
2019-11-14 19:55:28,674 [pool-107-thread-1] INFO  ratis.ContainerStateMachine (ContainerStateMachine.java:loadSnapshot(223)) - group-751C019BC56F: The snapshot info is null. Setting the last applied indexto:(t:0, i:~)
2019-11-14 19:55:28,674 [pool-57-thread-1] INFO  ratis.ContainerStateMachine (ContainerStateMachine.java:loadSnapshot(223)) - group-751C019BC56F: The snapshot info is null. Setting the last applied indexto:(t:0, i:~)
2019-11-14 19:55:28,674 [pool-37-thread-1] INFO  ratis.ContainerStateMachine (ContainerStateMachine.java:loadSnapshot(223)) - group-751C019BC56F: The snapshot info is null. Setting the last applied indexto:(t:0, i:~)
2019-11-14 19:55:28,674 [pool-57-thread-1] INFO  server.RaftServerConfigKeys (ConfUtils.java:logGet(43)) - raft.server.notification.no-leader.timeout = 120s (custom)
2019-11-14 19:55:28,674 [pool-107-thread-1] INFO  server.RaftServerConfigKeys (ConfUtils.java:logGet(43)) - raft.server.notification.no-leader.timeout = 120s (custom)
2019-11-14 19:55:28,675 [pool-57-thread-1] INFO  server.RaftServerConfigKeys (ConfUtils.java:logGet(43)) - raft.server.log.use.memory = false (default)
2019-11-14 19:55:28,675 [pool-37-thread-1] INFO  server.RaftServerConfigKeys (ConfUtils.java:logGet(43)) - raft.server.notification.no-leader.timeout = 120s (custom)
2019-11-14 19:55:28,675 [pool-57-thread-1] INFO  server.RaftServerConfigKeys (ConfUtils.java:logGet(43)) - raft.server.log.purge.gap = 1000000 (custom)
2019-11-14 19:55:28,675 [pool-107-thread-1] INFO  server.RaftServerConfigKeys (ConfUtils.java:logGet(43)) - raft.server.log.use.memory = false (default)
2019-11-14 19:55:28,675 [pool-57-thread-1] INFO  server.RaftServerConfigKeys (ConfUtils.java:logGet(43)) - raft.server.log.appender.buffer.byte-limit = 33554432 (custom)
2019-11-14 19:55:28,675 [pool-37-thread-1] INFO  server.RaftServerConfigKeys (ConfUtils.java:logGet(43)) - raft.server.log.use.memory = false (default)
2019-11-14 19:55:28,675 [pool-57-thread-1] INFO  server.RaftServerConfigKeys (ConfUtils.java:logGet(43)) - raft.server.log.segment.size.max = 1048576 (custom)
2019-11-14 19:55:28,675 [pool-107-thread-1] INFO  server.RaftServerConfigKeys (ConfUtils.java:logGet(43)) - raft.server.log.purge.gap = 1000000 (custom)
2019-11-14 19:55:28,675 [pool-57-thread-1] WARN  impl.MetricRegistriesImpl (MetricRegistriesImpl.java:lambda$create$1(61)) - First MetricRegistry has been created without registering reporters. You may need to call MetricRegistries.global().addReportRegistration(...) before.
2019-11-14 19:55:28,675 [pool-37-thread-1] INFO  server.RaftServerConfigKeys (ConfUtils.java:logGet(43)) - raft.server.log.purge.gap = 1000000 (custom)
2019-11-14 19:55:28,676 [pool-57-thread-1] INFO  server.RaftServerConfigKeys (ConfUtils.java:logGet(43)) - raft.server.log.segment.cache.num.max = 2 (custom)
2019-11-14 19:55:28,676 [pool-107-thread-1] INFO  server.RaftServerConfigKeys (ConfUtils.java:logGet(43)) - raft.server.log.appender.buffer.byte-limit = 33554432 (custom)
2019-11-14 19:55:28,676 [pool-57-thread-1] INFO  segmented.SegmentedRaftLogWorker (SegmentedRaftLogWorker.java:<init>(173)) - new b117fa5f-2c4e-4381-a495-d707275fd4cd@group-751C019BC56F-SegmentedRaftLogWorker for RaftStorage:Storage Directory /workdir/hadoop-ozone/integration-test/target/test-dir/MiniOzoneClusterImpl-4164cd2a-9f03-471b-8431-fd84a2e2cb62/datanode-3/data/ratis/8de12a60-6b60-4178-8baa-751c019bc56f
2019-11-14 19:55:28,676 [pool-37-thread-1] INFO  server.RaftServerConfigKeys (ConfUtils.java:logGet(43)) - raft.server.log.appender.buffer.byte-limit = 33554432 (custom)
2019-11-14 19:55:28,677 [pool-57-thread-1] INFO  server.RaftServerConfigKeys (ConfUtils.java:logGet(43)) - raft.server.log.queue.byte-limit = 2147483647 (custom)
2019-11-14 19:55:28,677 [pool-107-thread-1] INFO  server.RaftServerConfigKeys (ConfUtils.java:logGet(43)) - raft.server.log.segment.size.max = 1048576 (custom)
2019-11-14 19:55:28,677 [pool-57-thread-1] INFO  server.RaftServerConfigKeys (ConfUtils.java:logGet(43)) - raft.server.log.queue.element-limit = 1024 (custom)
2019-11-14 19:55:28,677 [pool-37-thread-1] INFO  server.RaftServerConfigKeys (ConfUtils.java:logGet(43)) - raft.server.log.segment.size.max = 1048576 (custom)
2019-11-14 19:55:28,678 [pool-57-thread-1] INFO  server.RaftServerConfigKeys (ConfUtils.java:logGet(43)) - raft.server.log.segment.size.max = 1048576 (custom)
2019-11-14 19:55:28,678 [pool-107-thread-1] WARN  impl.MetricRegistriesImpl (MetricRegistriesImpl.java:lambda$create$1(61)) - First MetricRegistry has been created without registering reporters. You may need to call MetricRegistries.global().addReportRegistration(...) before.
2019-11-14 19:55:28,678 [pool-57-thread-1] INFO  server.RaftServerConfigKeys (ConfUtils.java:logGet(43)) - raft.server.log.preallocated.size = 16384 (custom)
2019-11-14 19:55:28,678 [pool-37-thread-1] WARN  impl.MetricRegistriesImpl (MetricRegistriesImpl.java:lambda$create$1(61)) - First MetricRegistry has been created without registering reporters. You may need to call MetricRegistries.global().addReportRegistration(...) before.
2019-11-14 19:55:28,678 [pool-57-thread-1] INFO  server.RaftServerConfigKeys (ConfUtils.java:logGet(43)) - raft.server.log.write.buffer.size = 33554432 (custom)
2019-11-14 19:55:28,678 [pool-107-thread-1] INFO  server.RaftServerConfigKeys (ConfUtils.java:logGet(43)) - raft.server.log.segment.cache.num.max = 2 (custom)
2019-11-14 19:55:28,679 [pool-57-thread-1] INFO  server.RaftServerConfigKeys (ConfUtils.java:logGet(43)) - raft.server.log.force.sync.num = 128 (default)
2019-11-14 19:55:28,679 [pool-37-thread-1] INFO  server.RaftServerConfigKeys (ConfUtils.java:logGet(43)) - raft.server.log.segment.cache.num.max = 2 (custom)
2019-11-14 19:55:28,680 [pool-57-thread-1] INFO  server.RaftServerConfigKeys (ConfUtils.java:logGet(43)) - raft.server.log.statemachine.data.sync = true (default)
2019-11-14 19:55:28,679 [pool-107-thread-1] INFO  segmented.SegmentedRaftLogWorker (SegmentedRaftLogWorker.java:<init>(173)) - new 21186c51-1475-43f8-940c-f90b4fe03024@group-751C019BC56F-SegmentedRaftLogWorker for RaftStorage:Storage Directory /workdir/hadoop-ozone/integration-test/target/test-dir/MiniOzoneClusterImpl-4164cd2a-9f03-471b-8431-fd84a2e2cb62/datanode-8/data/ratis/8de12a60-6b60-4178-8baa-751c019bc56f
2019-11-14 19:55:28,680 [pool-57-thread-1] INFO  server.RaftServerConfigKeys (ConfUtils.java:logGet(43)) - raft.server.log.statemachine.data.sync.timeout = 10s (default)
2019-11-14 19:55:28,680 [pool-37-thread-1] INFO  segmented.SegmentedRaftLogWorker (SegmentedRaftLogWorker.java:<init>(173)) - new 797ebefa-c895-4cb1-b191-6ff1bf83736b@group-751C019BC56F-SegmentedRaftLogWorker for RaftStorage:Storage Directory /workdir/hadoop-ozone/integration-test/target/test-dir/MiniOzoneClusterImpl-4164cd2a-9f03-471b-8431-fd84a2e2cb62/datanode-1/data/ratis/8de12a60-6b60-4178-8baa-751c019bc56f
2019-11-14 19:55:28,680 [pool-57-thread-1] INFO  server.RaftServerConfigKeys (ConfUtils.java:logGet(43)) - raft.server.log.statemachine.data.sync.timeout.retry = -1 (default)
2019-11-14 19:55:28,680 [pool-107-thread-1] INFO  server.RaftServerConfigKeys (ConfUtils.java:logGet(43)) - raft.server.log.queue.byte-limit = 2147483647 (custom)
2019-11-14 19:55:28,680 [pool-37-thread-1] INFO  server.RaftServerConfigKeys (ConfUtils.java:logGet(43)) - raft.server.log.queue.byte-limit = 2147483647 (custom)
2019-11-14 19:55:28,680 [pool-107-thread-1] INFO  server.RaftServerConfigKeys (ConfUtils.java:logGet(43)) - raft.server.log.queue.element-limit = 1024 (custom)
2019-11-14 19:55:28,688 [pool-37-thread-1] INFO  server.RaftServerConfigKeys (ConfUtils.java:logGet(43)) - raft.server.log.queue.element-limit = 1024 (custom)
2019-11-14 19:55:28,680 [pool-57-thread-1] INFO  server.RaftServerConfigKeys (ConfUtils.java:logGet(43)) - raft.server.log.statemachine.data.caching.enabled = true (custom)
2019-11-14 19:55:28,690 [pool-37-thread-1] INFO  server.RaftServerConfigKeys (ConfUtils.java:logGet(43)) - raft.server.log.segment.size.max = 1048576 (custom)
2019-11-14 19:55:28,689 [pool-107-thread-1] INFO  server.RaftServerConfigKeys (ConfUtils.java:logGet(43)) - raft.server.log.segment.size.max = 1048576 (custom)
2019-11-14 19:55:28,692 [pool-57-thread-1] INFO  segmented.SegmentedRaftLogWorker (SegmentedRaftLogWorker.java:lambda$new$0(128)) - b117fa5f-2c4e-4381-a495-d707275fd4cd@group-751C019BC56F-SegmentedRaftLogWorker: flushIndex: setUnconditionally 0 -> -1
2019-11-14 19:55:28,690 [pool-37-thread-1] INFO  server.RaftServerConfigKeys (ConfUtils.java:logGet(43)) - raft.server.log.preallocated.size = 16384 (custom)
2019-11-14 19:55:28,692 [pool-57-thread-1] INFO  server.RaftServerConfigKeys (ConfUtils.java:logGet(43)) - raft.server.snapshot.auto.trigger.enabled = true (custom)
2019-11-14 19:55:28,692 [pool-37-thread-1] INFO  server.RaftServerConfigKeys (ConfUtils.java:logGet(43)) - raft.server.log.write.buffer.size = 33554432 (custom)
2019-11-14 19:55:28,692 [pool-107-thread-1] INFO  server.RaftServerConfigKeys (ConfUtils.java:logGet(43)) - raft.server.log.preallocated.size = 16384 (custom)
2019-11-14 19:55:28,692 [pool-37-thread-1] INFO  server.RaftServerConfigKeys (ConfUtils.java:logGet(43)) - raft.server.log.force.sync.num = 128 (default)
2019-11-14 19:55:28,692 [pool-57-thread-1] INFO  server.RaftServerConfigKeys (ConfUtils.java:logGet(43)) - raft.server.snapshot.auto.trigger.threshold = 10000 (custom)
2019-11-14 19:55:28,692 [pool-37-thread-1] INFO  server.RaftServerConfigKeys (ConfUtils.java:logGet(43)) - raft.server.log.statemachine.data.sync = true (default)
2019-11-14 19:55:28,692 [pool-107-thread-1] INFO  server.RaftServerConfigKeys (ConfUtils.java:logGet(43)) - raft.server.log.write.buffer.size = 33554432 (custom)
2019-11-14 19:55:28,693 [pool-37-thread-1] INFO  server.RaftServerConfigKeys (ConfUtils.java:logGet(43)) - raft.server.log.statemachine.data.sync.timeout = 10s (default)
2019-11-14 19:55:28,693 [pool-57-thread-1] INFO  server.RaftServerConfigKeys (ConfUtils.java:logGet(43)) - raft.server.snapshot.retention.file.num = 5 (custom)
2019-11-14 19:55:28,693 [pool-37-thread-1] INFO  server.RaftServerConfigKeys (ConfUtils.java:logGet(43)) - raft.server.log.statemachine.data.sync.timeout.retry = -1 (default)
2019-11-14 19:55:28,693 [pool-57-thread-1] INFO  server.RaftServerConfigKeys (ConfUtils.java:logGet(43)) - raft.server.retrycache.expirytime = 600000ms (custom)
2019-11-14 19:55:28,693 [pool-107-thread-1] INFO  server.RaftServerConfigKeys (ConfUtils.java:logGet(43)) - raft.server.log.force.sync.num = 128 (default)
2019-11-14 19:55:28,693 [pool-57-thread-1] WARN  impl.MetricRegistriesImpl (MetricRegistriesImpl.java:lambda$create$1(61)) - First MetricRegistry has been created without registering reporters. You may need to call MetricRegistries.global().addReportRegistration(...) before.
2019-11-14 19:55:28,693 [pool-37-thread-1] INFO  server.RaftServerConfigKeys (ConfUtils.java:logGet(43)) - raft.server.log.statemachine.data.caching.enabled = true (custom)
2019-11-14 19:55:28,693 [pool-107-thread-1] INFO  server.RaftServerConfigKeys (ConfUtils.java:logGet(43)) - raft.server.log.statemachine.data.sync = true (default)
2019-11-14 19:55:28,693 [pool-57-thread-1] WARN  impl.MetricRegistriesImpl (MetricRegistriesImpl.java:lambda$create$1(61)) - First MetricRegistry has been created without registering reporters. You may need to call MetricRegistries.global().addReportRegistration(...) before.
2019-11-14 19:55:28,694 [pool-107-thread-1] INFO  server.RaftServerConfigKeys (ConfUtils.java:logGet(43)) - raft.server.log.statemachine.data.sync.timeout = 10s (default)
2019-11-14 19:55:28,694 [pool-37-thread-1] INFO  segmented.SegmentedRaftLogWorker (SegmentedRaftLogWorker.java:lambda$new$0(128)) - 797ebefa-c895-4cb1-b191-6ff1bf83736b@group-751C019BC56F-SegmentedRaftLogWorker: flushIndex: setUnconditionally 0 -> -1
2019-11-14 19:55:28,694 [pool-107-thread-1] INFO  server.RaftServerConfigKeys (ConfUtils.java:logGet(43)) - raft.server.log.statemachine.data.sync.timeout.retry = -1 (default)
2019-11-14 19:55:28,694 [pool-57-thread-1] INFO  impl.RaftServerImpl (RaftServerImpl.java:start(184)) - b117fa5f-2c4e-4381-a495-d707275fd4cd@group-751C019BC56F: start as a follower, conf=-1: [b117fa5f-2c4e-4381-a495-d707275fd4cd:192.168.157.219:46720, 21186c51-1475-43f8-940c-f90b4fe03024:192.168.157.219:37993, 797ebefa-c895-4cb1-b191-6ff1bf83736b:192.168.157.219:44823], old=null
2019-11-14 19:55:28,694 [pool-37-thread-1] INFO  server.RaftServerConfigKeys (ConfUtils.java:logGet(43)) - raft.server.snapshot.auto.trigger.enabled = true (custom)
2019-11-14 19:55:28,694 [0dd744a2-47ab-4d30-8d7a-27587728c440@group-C8D10AEBF337-LeaderElection2] INFO  impl.LeaderElection (LeaderElection.java:logAndReturn(56)) - 0dd744a2-47ab-4d30-8d7a-27587728c440@group-C8D10AEBF337-LeaderElection2: Election PASSED; received 1 response(s) [0dd744a2-47ab-4d30-8d7a-27587728c440<-b74b6e41-b4f8-4f70-a45a-58780751dbf1#0:OK-t1] and 0 exception(s); 0dd744a2-47ab-4d30-8d7a-27587728c440@group-C8D10AEBF337:t1, leader=null, voted=0dd744a2-47ab-4d30-8d7a-27587728c440, raftlog=0dd744a2-47ab-4d30-8d7a-27587728c440@group-C8D10AEBF337-SegmentedRaftLog:OPENED:c-1,f-1,i0, conf=-1: [0203d6eb-35d8-4784-bff3-7fee374bf3e2:192.168.157.219:45232, 0dd744a2-47ab-4d30-8d7a-27587728c440:192.168.157.219:41669, b74b6e41-b4f8-4f70-a45a-58780751dbf1:192.168.157.219:39468], old=null
2019-11-14 19:55:28,694 [pool-37-thread-1] INFO  server.RaftServerConfigKeys (ConfUtils.java:logGet(43)) - raft.server.snapshot.auto.trigger.threshold = 10000 (custom)
2019-11-14 19:55:28,694 [pool-107-thread-1] INFO  server.RaftServerConfigKeys (ConfUtils.java:logGet(43)) - raft.server.log.statemachine.data.caching.enabled = true (custom)
2019-11-14 19:55:28,694 [pool-57-thread-1] INFO  impl.RaftServerImpl (RaftServerImpl.java:setRole(173)) - b117fa5f-2c4e-4381-a495-d707275fd4cd@group-751C019BC56F: changes role from      null to FOLLOWER at term 0 for startAsFollower
2019-11-14 19:55:28,696 [0dd744a2-47ab-4d30-8d7a-27587728c440@group-C8D10AEBF337-LeaderElection2] INFO  impl.RoleInfo (RoleInfo.java:shutdownLeaderElection(134)) - 0dd744a2-47ab-4d30-8d7a-27587728c440: shutdown LeaderElection
2019-11-14 19:55:28,699 [pool-107-thread-1] INFO  segmented.SegmentedRaftLogWorker (SegmentedRaftLogWorker.java:lambda$new$0(128)) - 21186c51-1475-43f8-940c-f90b4fe03024@group-751C019BC56F-SegmentedRaftLogWorker: flushIndex: setUnconditionally 0 -> -1
2019-11-14 19:55:28,695 [pool-37-thread-1] INFO  server.RaftServerConfigKeys (ConfUtils.java:logGet(43)) - raft.server.snapshot.retention.file.num = 5 (custom)
2019-11-14 19:55:28,699 [pool-107-thread-1] INFO  server.RaftServerConfigKeys (ConfUtils.java:logGet(43)) - raft.server.snapshot.auto.trigger.enabled = true (custom)
2019-11-14 19:55:28,699 [0dd744a2-47ab-4d30-8d7a-27587728c440@group-C8D10AEBF337-LeaderElection2] INFO  impl.RaftServerImpl (RaftServerImpl.java:setRole(173)) - 0dd744a2-47ab-4d30-8d7a-27587728c440@group-C8D10AEBF337: changes role from CANDIDATE to LEADER at term 1 for changeToLeader
2019-11-14 19:55:28,699 [pool-57-thread-1] INFO  impl.RoleInfo (RoleInfo.java:updateAndGet(143)) - b117fa5f-2c4e-4381-a495-d707275fd4cd: start FollowerState
2019-11-14 19:55:28,699 [0dd744a2-47ab-4d30-8d7a-27587728c440@group-C8D10AEBF337-LeaderElection2] INFO  ratis.XceiverServerRatis (XceiverServerRatis.java:handleLeaderChangedNotification(697)) - Leader change notification received for group: group-C8D10AEBF337 with new leaderId: 0dd744a2-47ab-4d30-8d7a-27587728c440
2019-11-14 19:55:28,699 [pool-107-thread-1] INFO  server.RaftServerConfigKeys (ConfUtils.java:logGet(43)) - raft.server.snapshot.auto.trigger.threshold = 10000 (custom)
2019-11-14 19:55:28,699 [pool-37-thread-1] INFO  server.RaftServerConfigKeys (ConfUtils.java:logGet(43)) - raft.server.retrycache.expirytime = 600000ms (custom)
2019-11-14 19:55:28,701 [0dd744a2-47ab-4d30-8d7a-27587728c440@group-C8D10AEBF337-LeaderElection2] INFO  impl.RaftServerImpl (ServerState.java:setLeader(255)) - 0dd744a2-47ab-4d30-8d7a-27587728c440@group-C8D10AEBF337: change Leader from null to 0dd744a2-47ab-4d30-8d7a-27587728c440 at term 1 for becomeLeader, leader elected after 1149ms
2019-11-14 19:55:28,699 [pool-107-thread-1] INFO  server.RaftServerConfigKeys (ConfUtils.java:logGet(43)) - raft.server.snapshot.retention.file.num = 5 (custom)
2019-11-14 19:55:28,702 [0dd744a2-47ab-4d30-8d7a-27587728c440@group-C8D10AEBF337-LeaderElection2] INFO  server.RaftServerConfigKeys (ConfUtils.java:logGet(43)) - raft.server.staging.catchup.gap = 1000 (default)
2019-11-14 19:55:28,699 [pool-57-thread-1] INFO  util.JmxRegister (JmxRegister.java:tryRegister(44)) - Successfully registered JMX Bean with object name Ratis:service=RaftServer,group=group-751C019BC56F,id=b117fa5f-2c4e-4381-a495-d707275fd4cd
2019-11-14 19:55:28,702 [0dd744a2-47ab-4d30-8d7a-27587728c440@group-C8D10AEBF337-LeaderElection2] INFO  server.RaftServerConfigKeys (ConfUtils.java:logGet(43)) - raft.server.rpc.sleep.time = 25ms (default)
2019-11-14 19:55:28,702 [pool-107-thread-1] INFO  server.RaftServerConfigKeys (ConfUtils.java:logGet(43)) - raft.server.retrycache.expirytime = 600000ms (custom)
2019-11-14 19:55:28,701 [pool-37-thread-1] WARN  impl.MetricRegistriesImpl (MetricRegistriesImpl.java:lambda$create$1(61)) - First MetricRegistry has been created without registering reporters. You may need to call MetricRegistries.global().addReportRegistration(...) before.
2019-11-14 19:55:28,702 [pool-107-thread-1] WARN  impl.MetricRegistriesImpl (MetricRegistriesImpl.java:lambda$create$1(61)) - First MetricRegistry has been created without registering reporters. You may need to call MetricRegistries.global().addReportRegistration(...) before.
2019-11-14 19:55:28,702 [0dd744a2-47ab-4d30-8d7a-27587728c440@group-C8D10AEBF337-LeaderElection2] INFO  server.RaftServerConfigKeys (ConfUtils.java:logGet(43)) - raft.server.write.element-limit = 4096 (default)
2019-11-14 19:55:28,702 [pool-57-thread-1] WARN  impl.MetricRegistriesImpl (MetricRegistriesImpl.java:lambda$create$1(61)) - First MetricRegistry has been created without registering reporters. You may need to call MetricRegistries.global().addReportRegistration(...) before.
2019-11-14 19:55:28,703 [0dd744a2-47ab-4d30-8d7a-27587728c440@group-C8D10AEBF337-LeaderElection2] INFO  server.RaftServerConfigKeys (ConfUtils.java:logGet(43)) - raft.server.watch.timeout = 10s (default)
2019-11-14 19:55:28,703 [pool-107-thread-1] WARN  impl.MetricRegistriesImpl (MetricRegistriesImpl.java:lambda$create$1(61)) - First MetricRegistry has been created without registering reporters. You may need to call MetricRegistries.global().addReportRegistration(...) before.
2019-11-14 19:55:28,703 [pool-37-thread-1] WARN  impl.MetricRegistriesImpl (MetricRegistriesImpl.java:lambda$create$1(61)) - First MetricRegistry has been created without registering reporters. You may need to call MetricRegistries.global().addReportRegistration(...) before.
2019-11-14 19:55:28,703 [pool-107-thread-1] INFO  impl.RaftServerImpl (RaftServerImpl.java:start(184)) - 21186c51-1475-43f8-940c-f90b4fe03024@group-751C019BC56F: start as a follower, conf=-1: [b117fa5f-2c4e-4381-a495-d707275fd4cd:192.168.157.219:46720, 21186c51-1475-43f8-940c-f90b4fe03024:192.168.157.219:37993, 797ebefa-c895-4cb1-b191-6ff1bf83736b:192.168.157.219:44823], old=null
2019-11-14 19:55:28,703 [0dd744a2-47ab-4d30-8d7a-27587728c440@group-C8D10AEBF337-LeaderElection2] INFO  server.RaftServerConfigKeys (ConfUtils.java:logGet(43)) - raft.server.watch.timeout.denomination = 1s (default)
2019-11-14 19:55:28,704 [pool-37-thread-1] INFO  impl.RaftServerImpl (RaftServerImpl.java:start(184)) - 797ebefa-c895-4cb1-b191-6ff1bf83736b@group-751C019BC56F: start as a follower, conf=-1: [b117fa5f-2c4e-4381-a495-d707275fd4cd:192.168.157.219:46720, 21186c51-1475-43f8-940c-f90b4fe03024:192.168.157.219:37993, 797ebefa-c895-4cb1-b191-6ff1bf83736b:192.168.157.219:44823], old=null
2019-11-14 19:55:28,704 [pool-107-thread-1] INFO  impl.RaftServerImpl (RaftServerImpl.java:setRole(173)) - 21186c51-1475-43f8-940c-f90b4fe03024@group-751C019BC56F: changes role from      null to FOLLOWER at term 0 for startAsFollower
2019-11-14 19:55:28,704 [pool-37-thread-1] INFO  impl.RaftServerImpl (RaftServerImpl.java:setRole(173)) - 797ebefa-c895-4cb1-b191-6ff1bf83736b@group-751C019BC56F: changes role from      null to FOLLOWER at term 0 for startAsFollower
2019-11-14 19:55:28,704 [0dd744a2-47ab-4d30-8d7a-27587728c440@group-C8D10AEBF337-LeaderElection2] INFO  server.RaftServerConfigKeys (ConfUtils.java:logGet(43)) - raft.server.watch.element-limit = 65536 (default)
2019-11-14 19:55:28,704 [pool-107-thread-1] INFO  impl.RoleInfo (RoleInfo.java:updateAndGet(143)) - 21186c51-1475-43f8-940c-f90b4fe03024: start FollowerState
2019-11-14 19:55:28,704 [pool-37-thread-1] INFO  impl.RoleInfo (RoleInfo.java:updateAndGet(143)) - 797ebefa-c895-4cb1-b191-6ff1bf83736b: start FollowerState
2019-11-14 19:55:28,704 [pool-107-thread-1] INFO  util.JmxRegister (JmxRegister.java:tryRegister(44)) - Successfully registered JMX Bean with object name Ratis:service=RaftServer,group=group-751C019BC56F,id=21186c51-1475-43f8-940c-f90b4fe03024
2019-11-14 19:55:28,705 [pool-107-thread-1] WARN  impl.MetricRegistriesImpl (MetricRegistriesImpl.java:lambda$create$1(61)) - First MetricRegistry has been created without registering reporters. You may need to call MetricRegistries.global().addReportRegistration(...) before.
2019-11-14 19:55:28,705 [pool-37-thread-1] INFO  util.JmxRegister (JmxRegister.java:tryRegister(44)) - Successfully registered JMX Bean with object name Ratis:service=RaftServer,group=group-751C019BC56F,id=797ebefa-c895-4cb1-b191-6ff1bf83736b
2019-11-14 19:55:28,706 [pool-37-thread-1] WARN  impl.MetricRegistriesImpl (MetricRegistriesImpl.java:lambda$create$1(61)) - First MetricRegistry has been created without registering reporters. You may need to call MetricRegistries.global().addReportRegistration(...) before.
2019-11-14 19:55:28,710 [0dd744a2-47ab-4d30-8d7a-27587728c440@group-C8D10AEBF337-LeaderElection2] INFO  server.RaftServerConfigKeys (ConfUtils.java:logGet(43)) - raft.server.log.appender.snapshot.chunk.size.max = 16MB (=16777216) (default)
2019-11-14 19:55:28,710 [0dd744a2-47ab-4d30-8d7a-27587728c440@group-C8D10AEBF337-LeaderElection2] INFO  server.RaftServerConfigKeys (ConfUtils.java:logGet(43)) - raft.server.log.appender.buffer.byte-limit = 33554432 (custom)
2019-11-14 19:55:28,711 [0dd744a2-47ab-4d30-8d7a-27587728c440@group-C8D10AEBF337-LeaderElection2] INFO  server.RaftServerConfigKeys (ConfUtils.java:logGet(43)) - raft.server.log.appender.buffer.element-limit = 1 (custom)
2019-11-14 19:55:28,723 [0dd744a2-47ab-4d30-8d7a-27587728c440@group-C8D10AEBF337-LeaderElection2] INFO  grpc.GrpcConfigKeys$Server (ConfUtils.java:logGet(43)) - raft.grpc.server.leader.outstanding.appends.max = 128 (default)
2019-11-14 19:55:28,723 [0dd744a2-47ab-4d30-8d7a-27587728c440@group-C8D10AEBF337-LeaderElection2] INFO  server.RaftServerConfigKeys (ConfUtils.java:logGet(43)) - raft.server.rpc.request.timeout = 3000ms (default)
2019-11-14 19:55:28,724 [RatisPipelineUtilsThread] INFO  pipeline.PipelineStateManager (PipelineStateManager.java:addPipeline(55)) - Created pipeline Pipeline[ Id: 8de12a60-6b60-4178-8baa-751c019bc56f, Nodes: b117fa5f-2c4e-4381-a495-d707275fd4cd{ip: 192.168.157.219, host: pr-hdds-2489-n52xc-1246314526, networkLocation: /rack1, certSerialId: null}21186c51-1475-43f8-940c-f90b4fe03024{ip: 192.168.157.219, host: pr-hdds-2489-n52xc-1246314526, networkLocation: /rack1, certSerialId: null}797ebefa-c895-4cb1-b191-6ff1bf83736b{ip: 192.168.157.219, host: pr-hdds-2489-n52xc-1246314526, networkLocation: /rack1, certSerialId: null}, Type:RATIS, Factor:THREE, State:ALLOCATED]
2019-11-14 19:55:28,724 [0dd744a2-47ab-4d30-8d7a-27587728c440@group-C8D10AEBF337-LeaderElection2] INFO  server.RaftServerConfigKeys (ConfUtils.java:logGet(43)) - raft.server.log.appender.install.snapshot.enabled = false (custom)
2019-11-14 19:55:28,725 [0dd744a2-47ab-4d30-8d7a-27587728c440@group-C8D10AEBF337-LeaderElection2] WARN  impl.MetricRegistriesImpl (MetricRegistriesImpl.java:lambda$create$1(61)) - First MetricRegistry has been created without registering reporters. You may need to call MetricRegistries.global().addReportRegistration(...) before.
2019-11-14 19:55:28,727 [0dd744a2-47ab-4d30-8d7a-27587728c440@group-C8D10AEBF337-LeaderElection2] INFO  server.RaftServerConfigKeys (ConfUtils.java:logGet(43)) - raft.server.log.appender.snapshot.chunk.size.max = 16MB (=16777216) (default)
2019-11-14 19:55:28,728 [0dd744a2-47ab-4d30-8d7a-27587728c440@group-C8D10AEBF337-LeaderElection2] INFO  server.RaftServerConfigKeys (ConfUtils.java:logGet(43)) - raft.server.log.appender.buffer.byte-limit = 33554432 (custom)
2019-11-14 19:55:28,730 [0dd744a2-47ab-4d30-8d7a-27587728c440@group-C8D10AEBF337-LeaderElection2] INFO  server.RaftServerConfigKeys (ConfUtils.java:logGet(43)) - raft.server.log.appender.buffer.element-limit = 1 (custom)
2019-11-14 19:55:28,730 [0dd744a2-47ab-4d30-8d7a-27587728c440@group-C8D10AEBF337-LeaderElection2] INFO  grpc.GrpcConfigKeys$Server (ConfUtils.java:logGet(43)) - raft.grpc.server.leader.outstanding.appends.max = 128 (default)
2019-11-14 19:55:28,730 [0dd744a2-47ab-4d30-8d7a-27587728c440@group-C8D10AEBF337-LeaderElection2] INFO  server.RaftServerConfigKeys (ConfUtils.java:logGet(43)) - raft.server.rpc.request.timeout = 3000ms (default)
2019-11-14 19:55:28,730 [0dd744a2-47ab-4d30-8d7a-27587728c440@group-C8D10AEBF337-LeaderElection2] INFO  server.RaftServerConfigKeys (ConfUtils.java:logGet(43)) - raft.server.log.appender.install.snapshot.enabled = false (custom)
2019-11-14 19:55:28,732 [0dd744a2-47ab-4d30-8d7a-27587728c440@group-C8D10AEBF337-LeaderElection2] INFO  impl.RoleInfo (RoleInfo.java:updateAndGet(143)) - 0dd744a2-47ab-4d30-8d7a-27587728c440: start LeaderState
2019-11-14 19:55:28,732 [0dd744a2-47ab-4d30-8d7a-27587728c440@group-C8D10AEBF337-LeaderElection2] INFO  segmented.SegmentedRaftLogWorker (SegmentedRaftLogWorker.java:startLogSegment(385)) - 0dd744a2-47ab-4d30-8d7a-27587728c440@group-C8D10AEBF337-SegmentedRaftLogWorker: Starting segment from index:0
2019-11-14 19:55:28,733 [0dd744a2-47ab-4d30-8d7a-27587728c440@group-C8D10AEBF337-LeaderElection2] INFO  impl.RaftServerImpl (ServerState.java:setRaftConf(356)) - 0dd744a2-47ab-4d30-8d7a-27587728c440@group-C8D10AEBF337: set configuration 0: [0203d6eb-35d8-4784-bff3-7fee374bf3e2:192.168.157.219:45232, 0dd744a2-47ab-4d30-8d7a-27587728c440:192.168.157.219:41669, b74b6e41-b4f8-4f70-a45a-58780751dbf1:192.168.157.219:39468], old=null at 0
2019-11-14 19:55:28,742 [grpc-default-executor-2] INFO  impl.RaftServerProxy (RaftServerProxy.java:addNew(89)) - b4243c9e-0de7-4e8b-af85-81ed103925b9: addNew group-C1A45D404590:[5698a14d-db8b-40b1-a590-5479916d1106:192.168.157.219:42308, af759c1c-c92d-45df-b04f-683eb4d9761f:192.168.157.219:38976, b4243c9e-0de7-4e8b-af85-81ed103925b9:192.168.157.219:38972] returns group-C1A45D404590:java.util.concurrent.CompletableFuture@7e01e9f6[Not completed]
2019-11-14 19:55:28,745 [grpc-default-executor-1] INFO  impl.RaftServerProxy (RaftServerProxy.java:addNew(89)) - af759c1c-c92d-45df-b04f-683eb4d9761f: addNew group-C1A45D404590:[5698a14d-db8b-40b1-a590-5479916d1106:192.168.157.219:42308, af759c1c-c92d-45df-b04f-683eb4d9761f:192.168.157.219:38976, b4243c9e-0de7-4e8b-af85-81ed103925b9:192.168.157.219:38972] returns group-C1A45D404590:java.util.concurrent.CompletableFuture@3a6470c8[Not completed]
2019-11-14 19:55:28,747 [grpc-default-executor-1] INFO  impl.RaftServerProxy (RaftServerProxy.java:addNew(89)) - 5698a14d-db8b-40b1-a590-5479916d1106: addNew group-C1A45D404590:[5698a14d-db8b-40b1-a590-5479916d1106:192.168.157.219:42308, af759c1c-c92d-45df-b04f-683eb4d9761f:192.168.157.219:38976, b4243c9e-0de7-4e8b-af85-81ed103925b9:192.168.157.219:38972] returns group-C1A45D404590:java.util.concurrent.CompletableFuture@41e64883[Not completed]
2019-11-14 19:55:28,748 [pool-27-thread-1] INFO  impl.RaftServerImpl (RaftServerImpl.java:<init>(98)) - b4243c9e-0de7-4e8b-af85-81ed103925b9: new RaftServerImpl for group-C1A45D404590:[5698a14d-db8b-40b1-a590-5479916d1106:192.168.157.219:42308, af759c1c-c92d-45df-b04f-683eb4d9761f:192.168.157.219:38976, b4243c9e-0de7-4e8b-af85-81ed103925b9:192.168.157.219:38972] with ContainerStateMachine:uninitialized
2019-11-14 19:55:28,748 [pool-27-thread-1] INFO  server.RaftServerConfigKeys (ConfUtils.java:logGet(43)) - raft.server.rpc.timeout.min = 1s (custom)
2019-11-14 19:55:28,748 [pool-27-thread-1] INFO  server.RaftServerConfigKeys (ConfUtils.java:logGet(43)) - raft.server.rpc.timeout.max = 1200ms (custom)
2019-11-14 19:55:28,748 [pool-27-thread-1] INFO  server.RaftServerConfigKeys (ConfUtils.java:logGet(43)) - raft.server.rpcslowness.timeout = 120s (custom)
2019-11-14 19:55:28,748 [pool-27-thread-1] INFO  server.RaftServerConfigKeys (ConfUtils.java:logGet(43)) - raft.server.sleep.deviation.threshold = 300 (default)
2019-11-14 19:55:28,748 [pool-27-thread-1] INFO  server.RaftServerConfigKeys (ConfUtils.java:logGet(43)) - raft.server.log.appender.install.snapshot.enabled = false (custom)
2019-11-14 19:55:28,748 [pool-27-thread-1] INFO  impl.RaftServerImpl (ServerState.java:<init>(103)) - b4243c9e-0de7-4e8b-af85-81ed103925b9@group-C1A45D404590: ConfigurationManager, init=-1: [5698a14d-db8b-40b1-a590-5479916d1106:192.168.157.219:42308, af759c1c-c92d-45df-b04f-683eb4d9761f:192.168.157.219:38976, b4243c9e-0de7-4e8b-af85-81ed103925b9:192.168.157.219:38972], old=null, confs=<EMPTY_MAP>
2019-11-14 19:55:28,749 [pool-27-thread-1] INFO  server.RaftServerConfigKeys (ConfUtils.java:logGet(43)) - raft.server.storage.dir = [/workdir/hadoop-ozone/integration-test/target/test-dir/MiniOzoneClusterImpl-4164cd2a-9f03-471b-8431-fd84a2e2cb62/datanode-0/data/ratis] (custom)
2019-11-14 19:55:28,756 [pool-67-thread-1] INFO  impl.RaftServerImpl (RaftServerImpl.java:<init>(98)) - 5698a14d-db8b-40b1-a590-5479916d1106: new RaftServerImpl for group-C1A45D404590:[5698a14d-db8b-40b1-a590-5479916d1106:192.168.157.219:42308, af759c1c-c92d-45df-b04f-683eb4d9761f:192.168.157.219:38976, b4243c9e-0de7-4e8b-af85-81ed103925b9:192.168.157.219:38972] with ContainerStateMachine:uninitialized
2019-11-14 19:55:28,756 [pool-27-thread-1] INFO  server.RaftServerConfigKeys (ConfUtils.java:logGet(43)) - raft.server.log.corruption.policy = EXCEPTION (default)
2019-11-14 19:55:28,756 [pool-67-thread-1] INFO  server.RaftServerConfigKeys (ConfUtils.java:logGet(43)) - raft.server.rpc.timeout.min = 1s (custom)
2019-11-14 19:55:28,756 [pool-67-thread-1] INFO  server.RaftServerConfigKeys (ConfUtils.java:logGet(43)) - raft.server.rpc.timeout.max = 1200ms (custom)
2019-11-14 19:55:28,756 [pool-27-thread-1] INFO  storage.RaftStorageDirectory (RaftStorageDirectory.java:analyzeStorage(246)) - The storage directory /workdir/hadoop-ozone/integration-test/target/test-dir/MiniOzoneClusterImpl-4164cd2a-9f03-471b-8431-fd84a2e2cb62/datanode-0/data/ratis/fd84a2ea-96ff-4c28-94f0-c1a45d404590 does not exist. Creating ...
2019-11-14 19:55:28,756 [pool-67-thread-1] INFO  server.RaftServerConfigKeys (ConfUtils.java:logGet(43)) - raft.server.rpcslowness.timeout = 120s (custom)
2019-11-14 19:55:28,757 [pool-67-thread-1] INFO  server.RaftServerConfigKeys (ConfUtils.java:logGet(43)) - raft.server.sleep.deviation.threshold = 300 (default)
2019-11-14 19:55:28,757 [pool-67-thread-1] INFO  server.RaftServerConfigKeys (ConfUtils.java:logGet(43)) - raft.server.log.appender.install.snapshot.enabled = false (custom)
2019-11-14 19:55:28,757 [pool-67-thread-1] INFO  impl.RaftServerImpl (ServerState.java:<init>(103)) - 5698a14d-db8b-40b1-a590-5479916d1106@group-C1A45D404590: ConfigurationManager, init=-1: [5698a14d-db8b-40b1-a590-5479916d1106:192.168.157.219:42308, af759c1c-c92d-45df-b04f-683eb4d9761f:192.168.157.219:38976, b4243c9e-0de7-4e8b-af85-81ed103925b9:192.168.157.219:38972], old=null, confs=<EMPTY_MAP>
2019-11-14 19:55:28,757 [pool-67-thread-1] INFO  server.RaftServerConfigKeys (ConfUtils.java:logGet(43)) - raft.server.storage.dir = [/workdir/hadoop-ozone/integration-test/target/test-dir/MiniOzoneClusterImpl-4164cd2a-9f03-471b-8431-fd84a2e2cb62/datanode-4/data/ratis] (custom)
2019-11-14 19:55:28,759 [pool-67-thread-1] INFO  server.RaftServerConfigKeys (ConfUtils.java:logGet(43)) - raft.server.log.corruption.policy = EXCEPTION (default)
2019-11-14 19:55:28,759 [pool-67-thread-1] INFO  storage.RaftStorageDirectory (RaftStorageDirectory.java:analyzeStorage(246)) - The storage directory /workdir/hadoop-ozone/integration-test/target/test-dir/MiniOzoneClusterImpl-4164cd2a-9f03-471b-8431-fd84a2e2cb62/datanode-4/data/ratis/fd84a2ea-96ff-4c28-94f0-c1a45d404590 does not exist. Creating ...
2019-11-14 19:55:28,759 [pool-77-thread-1] INFO  impl.RaftServerImpl (RaftServerImpl.java:<init>(98)) - af759c1c-c92d-45df-b04f-683eb4d9761f: new RaftServerImpl for group-C1A45D404590:[5698a14d-db8b-40b1-a590-5479916d1106:192.168.157.219:42308, af759c1c-c92d-45df-b04f-683eb4d9761f:192.168.157.219:38976, b4243c9e-0de7-4e8b-af85-81ed103925b9:192.168.157.219:38972] with ContainerStateMachine:uninitialized
2019-11-14 19:55:28,760 [pool-77-thread-1] INFO  server.RaftServerConfigKeys (ConfUtils.java:logGet(43)) - raft.server.rpc.timeout.min = 1s (custom)
2019-11-14 19:55:28,760 [pool-77-thread-1] INFO  server.RaftServerConfigKeys (ConfUtils.java:logGet(43)) - raft.server.rpc.timeout.max = 1200ms (custom)
2019-11-14 19:55:28,760 [pool-77-thread-1] INFO  server.RaftServerConfigKeys (ConfUtils.java:logGet(43)) - raft.server.rpcslowness.timeout = 120s (custom)
2019-11-14 19:55:28,760 [pool-77-thread-1] INFO  server.RaftServerConfigKeys (ConfUtils.java:logGet(43)) - raft.server.sleep.deviation.threshold = 300 (default)
2019-11-14 19:55:28,760 [pool-77-thread-1] INFO  server.RaftServerConfigKeys (ConfUtils.java:logGet(43)) - raft.server.log.appender.install.snapshot.enabled = false (custom)
2019-11-14 19:55:28,760 [pool-77-thread-1] INFO  impl.RaftServerImpl (ServerState.java:<init>(103)) - af759c1c-c92d-45df-b04f-683eb4d9761f@group-C1A45D404590: ConfigurationManager, init=-1: [5698a14d-db8b-40b1-a590-5479916d1106:192.168.157.219:42308, af759c1c-c92d-45df-b04f-683eb4d9761f:192.168.157.219:38976, b4243c9e-0de7-4e8b-af85-81ed103925b9:192.168.157.219:38972], old=null, confs=<EMPTY_MAP>
2019-11-14 19:55:28,761 [pool-77-thread-1] INFO  server.RaftServerConfigKeys (ConfUtils.java:logGet(43)) - raft.server.storage.dir = [/workdir/hadoop-ozone/integration-test/target/test-dir/MiniOzoneClusterImpl-4164cd2a-9f03-471b-8431-fd84a2e2cb62/datanode-5/data/ratis] (custom)
2019-11-14 19:55:28,761 [pool-77-thread-1] INFO  server.RaftServerConfigKeys (ConfUtils.java:logGet(43)) - raft.server.log.corruption.policy = EXCEPTION (default)
2019-11-14 19:55:28,761 [pool-77-thread-1] INFO  storage.RaftStorageDirectory (RaftStorageDirectory.java:analyzeStorage(246)) - The storage directory /workdir/hadoop-ozone/integration-test/target/test-dir/MiniOzoneClusterImpl-4164cd2a-9f03-471b-8431-fd84a2e2cb62/datanode-5/data/ratis/fd84a2ea-96ff-4c28-94f0-c1a45d404590 does not exist. Creating ...
2019-11-14 19:55:28,772 [grpc-default-executor-1] INFO  ratis.XceiverServerRatis (XceiverServerRatis.java:handleLeaderChangedNotification(697)) - Leader change notification received for group: group-C8D10AEBF337 with new leaderId: 0dd744a2-47ab-4d30-8d7a-27587728c440
2019-11-14 19:55:28,772 [grpc-default-executor-2] INFO  ratis.XceiverServerRatis (XceiverServerRatis.java:handleLeaderChangedNotification(697)) - Leader change notification received for group: group-C8D10AEBF337 with new leaderId: 0dd744a2-47ab-4d30-8d7a-27587728c440
2019-11-14 19:55:28,772 [grpc-default-executor-1] INFO  impl.RaftServerImpl (ServerState.java:setLeader(255)) - b74b6e41-b4f8-4f70-a45a-58780751dbf1@group-C8D10AEBF337: change Leader from null to 0dd744a2-47ab-4d30-8d7a-27587728c440 at term 1 for appendEntries, leader elected after 1222ms
2019-11-14 19:55:28,772 [grpc-default-executor-2] INFO  impl.RaftServerImpl (ServerState.java:setLeader(255)) - 0203d6eb-35d8-4784-bff3-7fee374bf3e2@group-C8D10AEBF337: change Leader from null to 0dd744a2-47ab-4d30-8d7a-27587728c440 at term 1 for appendEntries, leader elected after 1224ms
2019-11-14 19:55:28,781 [pool-77-thread-1] INFO  storage.RaftStorageDirectory (RaftStorageDirectory.java:tryLock(328)) - Lock on /workdir/hadoop-ozone/integration-test/target/test-dir/MiniOzoneClusterImpl-4164cd2a-9f03-471b-8431-fd84a2e2cb62/datanode-5/data/ratis/fd84a2ea-96ff-4c28-94f0-c1a45d404590/in_use.lock acquired by nodename 9468@pr-hdds-2489-n52xc-1246314526
2019-11-14 19:55:28,782 [pool-67-thread-1] INFO  storage.RaftStorageDirectory (RaftStorageDirectory.java:tryLock(328)) - Lock on /workdir/hadoop-ozone/integration-test/target/test-dir/MiniOzoneClusterImpl-4164cd2a-9f03-471b-8431-fd84a2e2cb62/datanode-4/data/ratis/fd84a2ea-96ff-4c28-94f0-c1a45d404590/in_use.lock acquired by nodename 9468@pr-hdds-2489-n52xc-1246314526
2019-11-14 19:55:28,782 [pool-27-thread-1] INFO  storage.RaftStorageDirectory (RaftStorageDirectory.java:tryLock(328)) - Lock on /workdir/hadoop-ozone/integration-test/target/test-dir/MiniOzoneClusterImpl-4164cd2a-9f03-471b-8431-fd84a2e2cb62/datanode-0/data/ratis/fd84a2ea-96ff-4c28-94f0-c1a45d404590/in_use.lock acquired by nodename 9468@pr-hdds-2489-n52xc-1246314526
2019-11-14 19:55:28,803 [grpc-default-executor-1] INFO  impl.RaftServerImpl (ServerState.java:setRaftConf(356)) - b74b6e41-b4f8-4f70-a45a-58780751dbf1@group-C8D10AEBF337: set configuration 0: [0203d6eb-35d8-4784-bff3-7fee374bf3e2:192.168.157.219:45232, 0dd744a2-47ab-4d30-8d7a-27587728c440:192.168.157.219:41669, b74b6e41-b4f8-4f70-a45a-58780751dbf1:192.168.157.219:39468], old=null at 0
2019-11-14 19:55:28,803 [grpc-default-executor-2] INFO  impl.RaftServerImpl (ServerState.java:setRaftConf(356)) - 0203d6eb-35d8-4784-bff3-7fee374bf3e2@group-C8D10AEBF337: set configuration 0: [0203d6eb-35d8-4784-bff3-7fee374bf3e2:192.168.157.219:45232, 0dd744a2-47ab-4d30-8d7a-27587728c440:192.168.157.219:41669, b74b6e41-b4f8-4f70-a45a-58780751dbf1:192.168.157.219:39468], old=null at 0
2019-11-14 19:55:28,804 [grpc-default-executor-1] INFO  segmented.SegmentedRaftLogWorker (SegmentedRaftLogWorker.java:startLogSegment(385)) - b74b6e41-b4f8-4f70-a45a-58780751dbf1@group-C8D10AEBF337-SegmentedRaftLogWorker: Starting segment from index:0
2019-11-14 19:55:28,804 [pool-67-thread-1] INFO  storage.RaftStorage (RaftStorage.java:format(84)) - Storage directory /workdir/hadoop-ozone/integration-test/target/test-dir/MiniOzoneClusterImpl-4164cd2a-9f03-471b-8431-fd84a2e2cb62/datanode-4/data/ratis/fd84a2ea-96ff-4c28-94f0-c1a45d404590 has been successfully formatted.
2019-11-14 19:55:28,804 [grpc-default-executor-2] INFO  segmented.SegmentedRaftLogWorker (SegmentedRaftLogWorker.java:startLogSegment(385)) - 0203d6eb-35d8-4784-bff3-7fee374bf3e2@group-C8D10AEBF337-SegmentedRaftLogWorker: Starting segment from index:0
2019-11-14 19:55:28,804 [pool-77-thread-1] INFO  storage.RaftStorage (RaftStorage.java:format(84)) - Storage directory /workdir/hadoop-ozone/integration-test/target/test-dir/MiniOzoneClusterImpl-4164cd2a-9f03-471b-8431-fd84a2e2cb62/datanode-5/data/ratis/fd84a2ea-96ff-4c28-94f0-c1a45d404590 has been successfully formatted.
2019-11-14 19:55:28,804 [pool-27-thread-1] INFO  storage.RaftStorage (RaftStorage.java:format(84)) - Storage directory /workdir/hadoop-ozone/integration-test/target/test-dir/MiniOzoneClusterImpl-4164cd2a-9f03-471b-8431-fd84a2e2cb62/datanode-0/data/ratis/fd84a2ea-96ff-4c28-94f0-c1a45d404590 has been successfully formatted.
2019-11-14 19:55:28,804 [pool-77-thread-1] INFO  ratis.ContainerStateMachine (ContainerStateMachine.java:loadSnapshot(223)) - group-C1A45D404590: The snapshot info is null. Setting the last applied indexto:(t:0, i:~)
2019-11-14 19:55:28,804 [pool-67-thread-1] INFO  ratis.ContainerStateMachine (ContainerStateMachine.java:loadSnapshot(223)) - group-C1A45D404590: The snapshot info is null. Setting the last applied indexto:(t:0, i:~)
2019-11-14 19:55:28,805 [pool-77-thread-1] INFO  server.RaftServerConfigKeys (ConfUtils.java:logGet(43)) - raft.server.notification.no-leader.timeout = 120s (custom)
2019-11-14 19:55:28,805 [pool-27-thread-1] INFO  ratis.ContainerStateMachine (ContainerStateMachine.java:loadSnapshot(223)) - group-C1A45D404590: The snapshot info is null. Setting the last applied indexto:(t:0, i:~)
2019-11-14 19:55:28,805 [pool-77-thread-1] INFO  server.RaftServerConfigKeys (ConfUtils.java:logGet(43)) - raft.server.log.use.memory = false (default)
2019-11-14 19:55:28,805 [pool-67-thread-1] INFO  server.RaftServerConfigKeys (ConfUtils.java:logGet(43)) - raft.server.notification.no-leader.timeout = 120s (custom)
2019-11-14 19:55:28,805 [pool-77-thread-1] INFO  server.RaftServerConfigKeys (ConfUtils.java:logGet(43)) - raft.server.log.purge.gap = 1000000 (custom)
2019-11-14 19:55:28,805 [pool-27-thread-1] INFO  server.RaftServerConfigKeys (ConfUtils.java:logGet(43)) - raft.server.notification.no-leader.timeout = 120s (custom)
2019-11-14 19:55:28,805 [pool-77-thread-1] INFO  server.RaftServerConfigKeys (ConfUtils.java:logGet(43)) - raft.server.log.appender.buffer.byte-limit = 33554432 (custom)
2019-11-14 19:55:28,805 [pool-67-thread-1] INFO  server.RaftServerConfigKeys (ConfUtils.java:logGet(43)) - raft.server.log.use.memory = false (default)
2019-11-14 19:55:28,806 [pool-77-thread-1] INFO  server.RaftServerConfigKeys (ConfUtils.java:logGet(43)) - raft.server.log.segment.size.max = 1048576 (custom)
2019-11-14 19:55:28,805 [pool-27-thread-1] INFO  server.RaftServerConfigKeys (ConfUtils.java:logGet(43)) - raft.server.log.use.memory = false (default)
2019-11-14 19:55:28,806 [pool-77-thread-1] WARN  impl.MetricRegistriesImpl (MetricRegistriesImpl.java:lambda$create$1(61)) - First MetricRegistry has been created without registering reporters. You may need to call MetricRegistries.global().addReportRegistration(...) before.
2019-11-14 19:55:28,806 [pool-67-thread-1] INFO  server.RaftServerConfigKeys (ConfUtils.java:logGet(43)) - raft.server.log.purge.gap = 1000000 (custom)
2019-11-14 19:55:28,806 [pool-77-thread-1] INFO  server.RaftServerConfigKeys (ConfUtils.java:logGet(43)) - raft.server.log.segment.cache.num.max = 2 (custom)
2019-11-14 19:55:28,806 [pool-27-thread-1] INFO  server.RaftServerConfigKeys (ConfUtils.java:logGet(43)) - raft.server.log.purge.gap = 1000000 (custom)
2019-11-14 19:55:28,806 [pool-77-thread-1] INFO  segmented.SegmentedRaftLogWorker (SegmentedRaftLogWorker.java:<init>(173)) - new af759c1c-c92d-45df-b04f-683eb4d9761f@group-C1A45D404590-SegmentedRaftLogWorker for RaftStorage:Storage Directory /workdir/hadoop-ozone/integration-test/target/test-dir/MiniOzoneClusterImpl-4164cd2a-9f03-471b-8431-fd84a2e2cb62/datanode-5/data/ratis/fd84a2ea-96ff-4c28-94f0-c1a45d404590
2019-11-14 19:55:28,806 [pool-67-thread-1] INFO  server.RaftServerConfigKeys (ConfUtils.java:logGet(43)) - raft.server.log.appender.buffer.byte-limit = 33554432 (custom)
2019-11-14 19:55:28,806 [pool-77-thread-1] INFO  server.RaftServerConfigKeys (ConfUtils.java:logGet(43)) - raft.server.log.queue.byte-limit = 2147483647 (custom)
2019-11-14 19:55:28,806 [pool-27-thread-1] INFO  server.RaftServerConfigKeys (ConfUtils.java:logGet(43)) - raft.server.log.appender.buffer.byte-limit = 33554432 (custom)
2019-11-14 19:55:28,807 [pool-77-thread-1] INFO  server.RaftServerConfigKeys (ConfUtils.java:logGet(43)) - raft.server.log.queue.element-limit = 1024 (custom)
2019-11-14 19:55:28,807 [pool-67-thread-1] INFO  server.RaftServerConfigKeys (ConfUtils.java:logGet(43)) - raft.server.log.segment.size.max = 1048576 (custom)
2019-11-14 19:55:28,807 [pool-77-thread-1] INFO  server.RaftServerConfigKeys (ConfUtils.java:logGet(43)) - raft.server.log.segment.size.max = 1048576 (custom)
2019-11-14 19:55:28,807 [pool-27-thread-1] INFO  server.RaftServerConfigKeys (ConfUtils.java:logGet(43)) - raft.server.log.segment.size.max = 1048576 (custom)
2019-11-14 19:55:28,807 [pool-77-thread-1] INFO  server.RaftServerConfigKeys (ConfUtils.java:logGet(43)) - raft.server.log.preallocated.size = 16384 (custom)
2019-11-14 19:55:28,807 [pool-67-thread-1] WARN  impl.MetricRegistriesImpl (MetricRegistriesImpl.java:lambda$create$1(61)) - First MetricRegistry has been created without registering reporters. You may need to call MetricRegistries.global().addReportRegistration(...) before.
2019-11-14 19:55:28,807 [pool-77-thread-1] INFO  server.RaftServerConfigKeys (ConfUtils.java:logGet(43)) - raft.server.log.write.buffer.size = 33554432 (custom)
2019-11-14 19:55:28,807 [pool-27-thread-1] INFO  server.RaftServerConfigKeys (ConfUtils.java:logGet(43)) - raft.server.log.segment.cache.num.max = 2 (custom)
2019-11-14 19:55:28,807 [pool-77-thread-1] INFO  server.RaftServerConfigKeys (ConfUtils.java:logGet(43)) - raft.server.log.force.sync.num = 128 (default)
2019-11-14 19:55:28,807 [pool-67-thread-1] INFO  server.RaftServerConfigKeys (ConfUtils.java:logGet(43)) - raft.server.log.segment.cache.num.max = 2 (custom)
2019-11-14 19:55:28,808 [pool-77-thread-1] INFO  server.RaftServerConfigKeys (ConfUtils.java:logGet(43)) - raft.server.log.statemachine.data.sync = true (default)
2019-11-14 19:55:28,808 [pool-27-thread-1] INFO  segmented.SegmentedRaftLogWorker (SegmentedRaftLogWorker.java:<init>(173)) - new b4243c9e-0de7-4e8b-af85-81ed103925b9@group-C1A45D404590-SegmentedRaftLogWorker for RaftStorage:Storage Directory /workdir/hadoop-ozone/integration-test/target/test-dir/MiniOzoneClusterImpl-4164cd2a-9f03-471b-8431-fd84a2e2cb62/datanode-0/data/ratis/fd84a2ea-96ff-4c28-94f0-c1a45d404590
2019-11-14 19:55:28,808 [pool-77-thread-1] INFO  server.RaftServerConfigKeys (ConfUtils.java:logGet(43)) - raft.server.log.statemachine.data.sync.timeout = 10s (default)
2019-11-14 19:55:28,808 [pool-67-thread-1] INFO  segmented.SegmentedRaftLogWorker (SegmentedRaftLogWorker.java:<init>(173)) - new 5698a14d-db8b-40b1-a590-5479916d1106@group-C1A45D404590-SegmentedRaftLogWorker for RaftStorage:Storage Directory /workdir/hadoop-ozone/integration-test/target/test-dir/MiniOzoneClusterImpl-4164cd2a-9f03-471b-8431-fd84a2e2cb62/datanode-4/data/ratis/fd84a2ea-96ff-4c28-94f0-c1a45d404590
2019-11-14 19:55:28,808 [pool-77-thread-1] INFO  server.RaftServerConfigKeys (ConfUtils.java:logGet(43)) - raft.server.log.statemachine.data.sync.timeout.retry = -1 (default)
2019-11-14 19:55:28,808 [pool-27-thread-1] INFO  server.RaftServerConfigKeys (ConfUtils.java:logGet(43)) - raft.server.log.queue.byte-limit = 2147483647 (custom)
2019-11-14 19:55:28,808 [pool-67-thread-1] INFO  server.RaftServerConfigKeys (ConfUtils.java:logGet(43)) - raft.server.log.queue.byte-limit = 2147483647 (custom)
2019-11-14 19:55:28,809 [pool-27-thread-1] INFO  server.RaftServerConfigKeys (ConfUtils.java:logGet(43)) - raft.server.log.queue.element-limit = 1024 (custom)
2019-11-14 19:55:28,809 [pool-77-thread-1] INFO  server.RaftServerConfigKeys (ConfUtils.java:logGet(43)) - raft.server.log.statemachine.data.caching.enabled = true (custom)
2019-11-14 19:55:28,809 [pool-27-thread-1] INFO  server.RaftServerConfigKeys (ConfUtils.java:logGet(43)) - raft.server.log.segment.size.max = 1048576 (custom)
2019-11-14 19:55:28,809 [pool-67-thread-1] INFO  server.RaftServerConfigKeys (ConfUtils.java:logGet(43)) - raft.server.log.queue.element-limit = 1024 (custom)
2019-11-14 19:55:28,809 [pool-27-thread-1] INFO  server.RaftServerConfigKeys (ConfUtils.java:logGet(43)) - raft.server.log.preallocated.size = 16384 (custom)
2019-11-14 19:55:28,809 [pool-67-thread-1] INFO  server.RaftServerConfigKeys (ConfUtils.java:logGet(43)) - raft.server.log.segment.size.max = 1048576 (custom)
2019-11-14 19:55:28,809 [pool-77-thread-1] INFO  segmented.SegmentedRaftLogWorker (SegmentedRaftLogWorker.java:lambda$new$0(128)) - af759c1c-c92d-45df-b04f-683eb4d9761f@group-C1A45D404590-SegmentedRaftLogWorker: flushIndex: setUnconditionally 0 -> -1
2019-11-14 19:55:28,809 [pool-67-thread-1] INFO  server.RaftServerConfigKeys (ConfUtils.java:logGet(43)) - raft.server.log.preallocated.size = 16384 (custom)
2019-11-14 19:55:28,810 [pool-77-thread-1] INFO  server.RaftServerConfigKeys (ConfUtils.java:logGet(43)) - raft.server.snapshot.auto.trigger.enabled = true (custom)
2019-11-14 19:55:28,809 [pool-27-thread-1] INFO  server.RaftServerConfigKeys (ConfUtils.java:logGet(43)) - raft.server.log.write.buffer.size = 33554432 (custom)
2019-11-14 19:55:28,810 [pool-77-thread-1] INFO  server.RaftServerConfigKeys (ConfUtils.java:logGet(43)) - raft.server.snapshot.auto.trigger.threshold = 10000 (custom)
2019-11-14 19:55:28,810 [pool-67-thread-1] INFO  server.RaftServerConfigKeys (ConfUtils.java:logGet(43)) - raft.server.log.write.buffer.size = 33554432 (custom)
2019-11-14 19:55:28,810 [pool-77-thread-1] INFO  server.RaftServerConfigKeys (ConfUtils.java:logGet(43)) - raft.server.snapshot.retention.file.num = 5 (custom)
2019-11-14 19:55:28,810 [pool-27-thread-1] INFO  server.RaftServerConfigKeys (ConfUtils.java:logGet(43)) - raft.server.log.force.sync.num = 128 (default)
2019-11-14 19:55:28,810 [pool-77-thread-1] INFO  server.RaftServerConfigKeys (ConfUtils.java:logGet(43)) - raft.server.retrycache.expirytime = 600000ms (custom)
2019-11-14 19:55:28,810 [pool-67-thread-1] INFO  server.RaftServerConfigKeys (ConfUtils.java:logGet(43)) - raft.server.log.force.sync.num = 128 (default)
2019-11-14 19:55:28,810 [pool-77-thread-1] WARN  impl.MetricRegistriesImpl (MetricRegistriesImpl.java:lambda$create$1(61)) - First MetricRegistry has been created without registering reporters. You may need to call MetricRegistries.global().addReportRegistration(...) before.
2019-11-14 19:55:28,810 [pool-27-thread-1] INFO  server.RaftServerConfigKeys (ConfUtils.java:logGet(43)) - raft.server.log.statemachine.data.sync = true (default)
2019-11-14 19:55:28,811 [pool-77-thread-1] WARN  impl.MetricRegistriesImpl (MetricRegistriesImpl.java:lambda$create$1(61)) - First MetricRegistry has been created without registering reporters. You may need to call MetricRegistries.global().addReportRegistration(...) before.
2019-11-14 19:55:28,810 [pool-67-thread-1] INFO  server.RaftServerConfigKeys (ConfUtils.java:logGet(43)) - raft.server.log.statemachine.data.sync = true (default)
2019-11-14 19:55:28,811 [pool-27-thread-1] INFO  server.RaftServerConfigKeys (ConfUtils.java:logGet(43)) - raft.server.log.statemachine.data.sync.timeout = 10s (default)
2019-11-14 19:55:28,811 [pool-67-thread-1] INFO  server.RaftServerConfigKeys (ConfUtils.java:logGet(43)) - raft.server.log.statemachine.data.sync.timeout = 10s (default)
2019-11-14 19:55:28,811 [pool-77-thread-1] INFO  impl.RaftServerImpl (RaftServerImpl.java:start(184)) - af759c1c-c92d-45df-b04f-683eb4d9761f@group-C1A45D404590: start as a follower, conf=-1: [5698a14d-db8b-40b1-a590-5479916d1106:192.168.157.219:42308, af759c1c-c92d-45df-b04f-683eb4d9761f:192.168.157.219:38976, b4243c9e-0de7-4e8b-af85-81ed103925b9:192.168.157.219:38972], old=null
2019-11-14 19:55:28,811 [pool-67-thread-1] INFO  server.RaftServerConfigKeys (ConfUtils.java:logGet(43)) - raft.server.log.statemachine.data.sync.timeout.retry = -1 (default)
2019-11-14 19:55:28,811 [pool-27-thread-1] INFO  server.RaftServerConfigKeys (ConfUtils.java:logGet(43)) - raft.server.log.statemachine.data.sync.timeout.retry = -1 (default)
2019-11-14 19:55:28,811 [pool-77-thread-1] INFO  impl.RaftServerImpl (RaftServerImpl.java:setRole(173)) - af759c1c-c92d-45df-b04f-683eb4d9761f@group-C1A45D404590: changes role from      null to FOLLOWER at term 0 for startAsFollower
2019-11-14 19:55:28,812 [pool-67-thread-1] INFO  server.RaftServerConfigKeys (ConfUtils.java:logGet(43)) - raft.server.log.statemachine.data.caching.enabled = true (custom)
2019-11-14 19:55:28,812 [pool-27-thread-1] INFO  server.RaftServerConfigKeys (ConfUtils.java:logGet(43)) - raft.server.log.statemachine.data.caching.enabled = true (custom)
2019-11-14 19:55:28,812 [pool-77-thread-1] INFO  impl.RoleInfo (RoleInfo.java:updateAndGet(143)) - af759c1c-c92d-45df-b04f-683eb4d9761f: start FollowerState
2019-11-14 19:55:28,812 [pool-67-thread-1] INFO  segmented.SegmentedRaftLogWorker (SegmentedRaftLogWorker.java:lambda$new$0(128)) - 5698a14d-db8b-40b1-a590-5479916d1106@group-C1A45D404590-SegmentedRaftLogWorker: flushIndex: setUnconditionally 0 -> -1
2019-11-14 19:55:28,812 [pool-27-thread-1] INFO  segmented.SegmentedRaftLogWorker (SegmentedRaftLogWorker.java:lambda$new$0(128)) - b4243c9e-0de7-4e8b-af85-81ed103925b9@group-C1A45D404590-SegmentedRaftLogWorker: flushIndex: setUnconditionally 0 -> -1
2019-11-14 19:55:28,812 [pool-77-thread-1] INFO  util.JmxRegister (JmxRegister.java:tryRegister(44)) - Successfully registered JMX Bean with object name Ratis:service=RaftServer,group=group-C1A45D404590,id=af759c1c-c92d-45df-b04f-683eb4d9761f
2019-11-14 19:55:28,812 [pool-67-thread-1] INFO  server.RaftServerConfigKeys (ConfUtils.java:logGet(43)) - raft.server.snapshot.auto.trigger.enabled = true (custom)
2019-11-14 19:55:28,812 [pool-77-thread-1] WARN  impl.MetricRegistriesImpl (MetricRegistriesImpl.java:lambda$create$1(61)) - First MetricRegistry has been created without registering reporters. You may need to call MetricRegistries.global().addReportRegistration(...) before.
2019-11-14 19:55:28,813 [pool-67-thread-1] INFO  server.RaftServerConfigKeys (ConfUtils.java:logGet(43)) - raft.server.snapshot.auto.trigger.threshold = 10000 (custom)
2019-11-14 19:55:28,813 [pool-27-thread-1] INFO  server.RaftServerConfigKeys (ConfUtils.java:logGet(43)) - raft.server.snapshot.auto.trigger.enabled = true (custom)
2019-11-14 19:55:28,813 [pool-67-thread-1] INFO  server.RaftServerConfigKeys (ConfUtils.java:logGet(43)) - raft.server.snapshot.retention.file.num = 5 (custom)
2019-11-14 19:55:28,813 [pool-27-thread-1] INFO  server.RaftServerConfigKeys (ConfUtils.java:logGet(43)) - raft.server.snapshot.auto.trigger.threshold = 10000 (custom)
2019-11-14 19:55:28,813 [pool-67-thread-1] INFO  server.RaftServerConfigKeys (ConfUtils.java:logGet(43)) - raft.server.retrycache.expirytime = 600000ms (custom)
2019-11-14 19:55:28,813 [pool-27-thread-1] INFO  server.RaftServerConfigKeys (ConfUtils.java:logGet(43)) - raft.server.snapshot.retention.file.num = 5 (custom)
2019-11-14 19:55:28,813 [pool-67-thread-1] WARN  impl.MetricRegistriesImpl (MetricRegistriesImpl.java:lambda$create$1(61)) - First MetricRegistry has been created without registering reporters. You may need to call MetricRegistries.global().addReportRegistration(...) before.
2019-11-14 19:55:28,813 [pool-27-thread-1] INFO  server.RaftServerConfigKeys (ConfUtils.java:logGet(43)) - raft.server.retrycache.expirytime = 600000ms (custom)
2019-11-14 19:55:28,814 [pool-67-thread-1] WARN  impl.MetricRegistriesImpl (MetricRegistriesImpl.java:lambda$create$1(61)) - First MetricRegistry has been created without registering reporters. You may need to call MetricRegistries.global().addReportRegistration(...) before.
2019-11-14 19:55:28,814 [pool-27-thread-1] WARN  impl.MetricRegistriesImpl (MetricRegistriesImpl.java:lambda$create$1(61)) - First MetricRegistry has been created without registering reporters. You may need to call MetricRegistries.global().addReportRegistration(...) before.
2019-11-14 19:55:28,848 [pool-27-thread-1] WARN  impl.MetricRegistriesImpl (MetricRegistriesImpl.java:lambda$create$1(61)) - First MetricRegistry has been created without registering reporters. You may need to call MetricRegistries.global().addReportRegistration(...) before.
2019-11-14 19:55:28,848 [pool-67-thread-1] INFO  impl.RaftServerImpl (RaftServerImpl.java:start(184)) - 5698a14d-db8b-40b1-a590-5479916d1106@group-C1A45D404590: start as a follower, conf=-1: [5698a14d-db8b-40b1-a590-5479916d1106:192.168.157.219:42308, af759c1c-c92d-45df-b04f-683eb4d9761f:192.168.157.219:38976, b4243c9e-0de7-4e8b-af85-81ed103925b9:192.168.157.219:38972], old=null
2019-11-14 19:55:28,848 [pool-27-thread-1] INFO  impl.RaftServerImpl (RaftServerImpl.java:start(184)) - b4243c9e-0de7-4e8b-af85-81ed103925b9@group-C1A45D404590: start as a follower, conf=-1: [5698a14d-db8b-40b1-a590-5479916d1106:192.168.157.219:42308, af759c1c-c92d-45df-b04f-683eb4d9761f:192.168.157.219:38976, b4243c9e-0de7-4e8b-af85-81ed103925b9:192.168.157.219:38972], old=null
2019-11-14 19:55:28,849 [pool-67-thread-1] INFO  impl.RaftServerImpl (RaftServerImpl.java:setRole(173)) - 5698a14d-db8b-40b1-a590-5479916d1106@group-C1A45D404590: changes role from      null to FOLLOWER at term 0 for startAsFollower
2019-11-14 19:55:28,849 [pool-27-thread-1] INFO  impl.RaftServerImpl (RaftServerImpl.java:setRole(173)) - b4243c9e-0de7-4e8b-af85-81ed103925b9@group-C1A45D404590: changes role from      null to FOLLOWER at term 0 for startAsFollower
2019-11-14 19:55:28,850 [pool-67-thread-1] INFO  impl.RoleInfo (RoleInfo.java:updateAndGet(143)) - 5698a14d-db8b-40b1-a590-5479916d1106: start FollowerState
2019-11-14 19:55:28,850 [pool-27-thread-1] INFO  impl.RoleInfo (RoleInfo.java:updateAndGet(143)) - b4243c9e-0de7-4e8b-af85-81ed103925b9: start FollowerState
2019-11-14 19:55:28,852 [pool-27-thread-1] INFO  util.JmxRegister (JmxRegister.java:tryRegister(44)) - Successfully registered JMX Bean with object name Ratis:service=RaftServer,group=group-C1A45D404590,id=b4243c9e-0de7-4e8b-af85-81ed103925b9
2019-11-14 19:55:28,852 [pool-67-thread-1] INFO  util.JmxRegister (JmxRegister.java:tryRegister(44)) - Successfully registered JMX Bean with object name Ratis:service=RaftServer,group=group-C1A45D404590,id=5698a14d-db8b-40b1-a590-5479916d1106
2019-11-14 19:55:28,852 [pool-27-thread-1] WARN  impl.MetricRegistriesImpl (MetricRegistriesImpl.java:lambda$create$1(61)) - First MetricRegistry has been created without registering reporters. You may need to call MetricRegistries.global().addReportRegistration(...) before.
2019-11-14 19:55:28,852 [pool-67-thread-1] WARN  impl.MetricRegistriesImpl (MetricRegistriesImpl.java:lambda$create$1(61)) - First MetricRegistry has been created without registering reporters. You may need to call MetricRegistries.global().addReportRegistration(...) before.
2019-11-14 19:55:28,875 [RatisPipelineUtilsThread] INFO  pipeline.PipelineStateManager (PipelineStateManager.java:addPipeline(55)) - Created pipeline Pipeline[ Id: fd84a2ea-96ff-4c28-94f0-c1a45d404590, Nodes: af759c1c-c92d-45df-b04f-683eb4d9761f{ip: 192.168.157.219, host: pr-hdds-2489-n52xc-1246314526, networkLocation: /rack1, certSerialId: null}5698a14d-db8b-40b1-a590-5479916d1106{ip: 192.168.157.219, host: pr-hdds-2489-n52xc-1246314526, networkLocation: /rack1, certSerialId: null}b4243c9e-0de7-4e8b-af85-81ed103925b9{ip: 192.168.157.219, host: pr-hdds-2489-n52xc-1246314526, networkLocation: /rack1, certSerialId: null}, Type:RATIS, Factor:THREE, State:ALLOCATED]
2019-11-14 19:55:28,879 [IPC Server handler 0 on 46718] WARN  block.BlockManagerImpl (BlockManagerImpl.java:allocateBlock(200)) - Pipeline creation failed for type:RATIS factor:THREE. Retrying get pipelines call once.
org.apache.hadoop.hdds.scm.pipeline.InsufficientDatanodesException: Cannot create pipeline of factor 3 using 1 nodes.
	at org.apache.hadoop.hdds.scm.pipeline.RatisPipelineProvider.create(RatisPipelineProvider.java:153)
	at org.apache.hadoop.hdds.scm.pipeline.PipelineFactory.create(PipelineFactory.java:58)
	at org.apache.hadoop.hdds.scm.pipeline.SCMPipelineManager.createPipeline(SCMPipelineManager.java:155)
	at org.apache.hadoop.hdds.scm.block.BlockManagerImpl.allocateBlock(BlockManagerImpl.java:198)
	at org.apache.hadoop.hdds.scm.server.SCMBlockProtocolServer.allocateBlock(SCMBlockProtocolServer.java:187)
	at org.apache.hadoop.hdds.scm.protocol.ScmBlockLocationProtocolServerSideTranslatorPB.allocateScmBlock(ScmBlockLocationProtocolServerSideTranslatorPB.java:159)
	at org.apache.hadoop.hdds.scm.protocol.ScmBlockLocationProtocolServerSideTranslatorPB.processMessage(ScmBlockLocationProtocolServerSideTranslatorPB.java:117)
	at org.apache.hadoop.hdds.server.OzoneProtocolMessageDispatcher.processRequest(OzoneProtocolMessageDispatcher.java:72)
	at org.apache.hadoop.hdds.scm.protocol.ScmBlockLocationProtocolServerSideTranslatorPB.send(ScmBlockLocationProtocolServerSideTranslatorPB.java:98)
	at org.apache.hadoop.hdds.protocol.proto.ScmBlockLocationProtocolProtos$ScmBlockLocationProtocolService$2.callBlockingMethod(ScmBlockLocationProtocolProtos.java:13157)
	at org.apache.hadoop.ipc.ProtobufRpcEngine$Server$ProtoBufRpcInvoker.call(ProtobufRpcEngine.java:524)
	at org.apache.hadoop.ipc.RPC$Server.call(RPC.java:1025)
	at org.apache.hadoop.ipc.Server$RpcCall.run(Server.java:876)
	at org.apache.hadoop.ipc.Server$RpcCall.run(Server.java:822)
	at java.security.AccessController.doPrivileged(Native Method)
	at javax.security.auth.Subject.doAs(Subject.java:422)
	at org.apache.hadoop.security.UserGroupInformation.doAs(UserGroupInformation.java:1730)
	at org.apache.hadoop.ipc.Server$Handler.run(Server.java:2682)
2019-11-14 19:55:28,880 [IPC Server handler 0 on 46718] INFO  block.BlockManagerImpl (BlockManagerImpl.java:allocateBlock(212)) - Could not find available pipeline of type:RATIS and factor:THREE even after retrying
2019-11-14 19:55:28,880 [IPC Server handler 0 on 46718] ERROR block.BlockManagerImpl (BlockManagerImpl.java:allocateBlock(236)) - Unable to allocate a block for the size: 4194304, type: RATIS, factor: THREE
2019-11-14 19:55:28,888 [main] INFO  ozone.MiniOzoneClusterImpl (MiniOzoneClusterImpl.java:shutdown(352)) - Shutting down the Mini Ozone Cluster
2019-11-14 19:55:28,890 [main] INFO  ozone.MiniOzoneClusterImpl (MiniOzoneClusterImpl.java:stop(368)) - Stopping the Mini Ozone Cluster
2019-11-14 19:55:28,890 [main] INFO  ozone.MiniOzoneClusterImpl (MiniOzoneClusterImpl.java:stopOM(438)) - Stopping the OzoneManager
2019-11-14 19:55:28,892 [main] INFO  ipc.Server (Server.java:stop(3082)) - Stopping server on 37998
2019-11-14 19:55:28,898 [grpc-default-executor-2] INFO  impl.RaftServerProxy (RaftServerProxy.java:remove(95)) - b4243c9e-0de7-4e8b-af85-81ed103925b9: remove    LEADER b4243c9e-0de7-4e8b-af85-81ed103925b9@group-2FDA7782A7F1:t1, leader=b4243c9e-0de7-4e8b-af85-81ed103925b9, voted=b4243c9e-0de7-4e8b-af85-81ed103925b9, raftlog=b4243c9e-0de7-4e8b-af85-81ed103925b9@group-2FDA7782A7F1-SegmentedRaftLog:OPENED:c-1,f-1,i0, conf=0: [b4243c9e-0de7-4e8b-af85-81ed103925b9:192.168.157.219:38972], old=null RUNNING
2019-11-14 19:55:28,901 [IPC Server listener on 37998] INFO  ipc.Server (Server.java:run(1185)) - Stopping IPC Server listener on 37998
2019-11-14 19:55:28,905 [main] INFO  ratis.OzoneManagerDoubleBuffer (OzoneManagerDoubleBuffer.java:stop(261)) - Stopping OMDoubleBuffer flush thread
2019-11-14 19:55:28,906 [0203d6eb-35d8-4784-bff3-7fee374bf3e2@group-C8D10AEBF337-SegmentedRaftLogWorker] INFO  segmented.SegmentedRaftLogWorker (SegmentedRaftLogWorker.java:execute(576)) - 0203d6eb-35d8-4784-bff3-7fee374bf3e2@group-C8D10AEBF337-SegmentedRaftLogWorker: created new log segment /workdir/hadoop-ozone/integration-test/target/test-dir/MiniOzoneClusterImpl-4164cd2a-9f03-471b-8431-fd84a2e2cb62/datanode-9/data/ratis/c0d2486f-2fbf-42ce-af05-c8d10aebf337/current/log_inprogress_0
2019-11-14 19:55:28,906 [0dd744a2-47ab-4d30-8d7a-27587728c440@group-C8D10AEBF337-SegmentedRaftLogWorker] INFO  segmented.SegmentedRaftLogWorker (SegmentedRaftLogWorker.java:execute(576)) - 0dd744a2-47ab-4d30-8d7a-27587728c440@group-C8D10AEBF337-SegmentedRaftLogWorker: created new log segment /workdir/hadoop-ozone/integration-test/target/test-dir/MiniOzoneClusterImpl-4164cd2a-9f03-471b-8431-fd84a2e2cb62/datanode-6/data/ratis/c0d2486f-2fbf-42ce-af05-c8d10aebf337/current/log_inprogress_0
2019-11-14 19:55:28,906 [b74b6e41-b4f8-4f70-a45a-58780751dbf1@group-C8D10AEBF337-SegmentedRaftLogWorker] INFO  segmented.SegmentedRaftLogWorker (SegmentedRaftLogWorker.java:execute(576)) - b74b6e41-b4f8-4f70-a45a-58780751dbf1@group-C8D10AEBF337-SegmentedRaftLogWorker: created new log segment /workdir/hadoop-ozone/integration-test/target/test-dir/MiniOzoneClusterImpl-4164cd2a-9f03-471b-8431-fd84a2e2cb62/datanode-2/data/ratis/c0d2486f-2fbf-42ce-af05-c8d10aebf337/current/log_inprogress_0
2019-11-14 19:55:28,906 [b4243c9e-0de7-4e8b-af85-81ed103925b9@group-2FDA7782A7F1-SegmentedRaftLogWorker] INFO  segmented.SegmentedRaftLogWorker (SegmentedRaftLogWorker.java:execute(576)) - b4243c9e-0de7-4e8b-af85-81ed103925b9@group-2FDA7782A7F1-SegmentedRaftLogWorker: created new log segment /workdir/hadoop-ozone/integration-test/target/test-dir/MiniOzoneClusterImpl-4164cd2a-9f03-471b-8431-fd84a2e2cb62/datanode-0/data/ratis/94419477-6345-494d-902c-2fda7782a7f1/current/log_inprogress_0
2019-11-14 19:55:28,906 [IPC Server Responder] INFO  ipc.Server (Server.java:run(1319)) - Stopping IPC Server Responder
2019-11-14 19:55:28,907 [OMDoubleBufferFlushThread] INFO  ratis.OzoneManagerDoubleBuffer (OzoneManagerDoubleBuffer.java:flushTransactions(199)) - OMDoubleBuffer flush thread OMDoubleBufferFlushThread is interrupted and will exit. OMDoubleBufferFlushThread
2019-11-14 19:55:28,917 [grpc-default-executor-2] INFO  impl.RaftServerImpl (RaftServerImpl.java:lambda$shutdown$3(250)) - b4243c9e-0de7-4e8b-af85-81ed103925b9@group-2FDA7782A7F1: shutdown
2019-11-14 19:55:28,917 [main] INFO  utils.BackgroundService (BackgroundService.java:shutdown(151)) - Shutting down service KeyDeletingService
2019-11-14 19:55:28,917 [grpc-default-executor-2] INFO  util.JmxRegister (JmxRegister.java:unregister(73)) - Successfully un-registered JMX Bean with object name Ratis:service=RaftServer,group=group-2FDA7782A7F1,id=b4243c9e-0de7-4e8b-af85-81ed103925b9
2019-11-14 19:55:28,917 [grpc-default-executor-2] INFO  impl.RoleInfo (RoleInfo.java:shutdownLeaderState(104)) - b4243c9e-0de7-4e8b-af85-81ed103925b9: shutdown LeaderState
2019-11-14 19:55:28,918 [grpc-default-executor-2] INFO  impl.PendingRequests (PendingRequests.java:sendNotLeaderResponses(206)) - b4243c9e-0de7-4e8b-af85-81ed103925b9@group-2FDA7782A7F1-PendingRequests: sendNotLeaderResponses
2019-11-14 19:55:28,919 [grpc-default-executor-2] INFO  impl.StateMachineUpdater (StateMachineUpdater.java:stopAndJoin(136)) - b4243c9e-0de7-4e8b-af85-81ed103925b9@group-2FDA7782A7F1-StateMachineUpdater: set stopIndex = -1
2019-11-14 19:55:28,921 [main] INFO  handler.ContextHandler (ContextHandler.java:doStop(910)) - Stopped o.e.j.w.WebAppContext@4e8e8621{/,null,UNAVAILABLE}{/ozoneManager}
2019-11-14 19:55:28,921 [grpc-default-executor-2] INFO  impl.RaftServerImpl (ServerState.java:close(387)) - b4243c9e-0de7-4e8b-af85-81ed103925b9@group-2FDA7782A7F1: closes. applyIndex: -1
2019-11-14 19:55:28,926 [main] INFO  server.AbstractConnector (AbstractConnector.java:doStop(318)) - Stopped ServerConnector@c446b14{HTTP/1.1,[http/1.1]}{0.0.0.0:0}
2019-11-14 19:55:28,927 [main] INFO  handler.ContextHandler (ContextHandler.java:doStop(910)) - Stopped o.e.j.s.ServletContextHandler@53093491{/static,file:///workdir/hadoop-ozone/integration-test/target/test-classes/webapps/static,UNAVAILABLE}
2019-11-14 19:55:28,927 [main] INFO  handler.ContextHandler (ContextHandler.java:doStop(910)) - Stopped o.e.j.s.ServletContextHandler@6ff37443{/logs,file:///workdir/hadoop-ozone/integration-test/target/log,UNAVAILABLE}
2019-11-14 19:55:28,931 [main] INFO  ozone.MiniOzoneClusterImpl (MiniOzoneClusterImpl.java:stopDatanodes(415)) - Stopping the HddsDatanodes
2019-11-14 19:55:28,935 [b4243c9e-0de7-4e8b-af85-81ed103925b9@group-2FDA7782A7F1-SegmentedRaftLogWorker] INFO  segmented.SegmentedRaftLogWorker (SegmentedRaftLogWorker.java:run(323)) - b4243c9e-0de7-4e8b-af85-81ed103925b9@group-2FDA7782A7F1-SegmentedRaftLogWorker got closed and hit exception
java.lang.NullPointerException
	at org.apache.hadoop.hdds.protocol.proto.StorageContainerDatanodeProtocolProtos$ClosePipelineInfo$Builder.setDetailedReason(StorageContainerDatanodeProtocolProtos.java:22682)
	at org.apache.hadoop.ozone.container.common.transport.server.ratis.XceiverServerRatis.triggerPipelineClose(XceiverServerRatis.java:573)
	at org.apache.hadoop.ozone.container.common.transport.server.ratis.XceiverServerRatis.handleNodeLogFailure(XceiverServerRatis.java:673)
	at org.apache.hadoop.ozone.container.common.transport.server.ratis.ContainerStateMachine.notifyLogFailed(ContainerStateMachine.java:824)
	at org.apache.ratis.server.raftlog.segmented.SegmentedRaftLogWorker$WriteLog.failed(SegmentedRaftLogWorker.java:460)
	at org.apache.ratis.server.raftlog.segmented.SegmentedRaftLogWorker.run(SegmentedRaftLogWorker.java:300)
	at java.lang.Thread.run(Thread.java:748)
2019-11-14 19:55:28,936 [grpc-default-executor-2] INFO  segmented.SegmentedRaftLogWorker (SegmentedRaftLogWorker.java:close(224)) - b4243c9e-0de7-4e8b-af85-81ed103925b9@group-2FDA7782A7F1-SegmentedRaftLogWorker close()
2019-11-14 19:55:28,954 [grpc-default-executor-2] INFO  impl.RaftServerProxy (RaftServerProxy.java:remove(95)) - 0dd744a2-47ab-4d30-8d7a-27587728c440: remove    LEADER 0dd744a2-47ab-4d30-8d7a-27587728c440@group-C8D10AEBF337:t1, leader=0dd744a2-47ab-4d30-8d7a-27587728c440, voted=0dd744a2-47ab-4d30-8d7a-27587728c440, raftlog=0dd744a2-47ab-4d30-8d7a-27587728c440@group-C8D10AEBF337-SegmentedRaftLog:OPENED:c0,f0,i0, conf=0: [0203d6eb-35d8-4784-bff3-7fee374bf3e2:192.168.157.219:45232, 0dd744a2-47ab-4d30-8d7a-27587728c440:192.168.157.219:41669, b74b6e41-b4f8-4f70-a45a-58780751dbf1:192.168.157.219:39468], old=null RUNNING
2019-11-14 19:55:28,955 [grpc-default-executor-2] INFO  impl.RaftServerImpl (RaftServerImpl.java:lambda$shutdown$3(250)) - 0dd744a2-47ab-4d30-8d7a-27587728c440@group-C8D10AEBF337: shutdown
2019-11-14 19:55:28,955 [grpc-default-executor-2] INFO  util.JmxRegister (JmxRegister.java:unregister(73)) - Successfully un-registered JMX Bean with object name Ratis:service=RaftServer,group=group-C8D10AEBF337,id=0dd744a2-47ab-4d30-8d7a-27587728c440
2019-11-14 19:55:28,955 [grpc-default-executor-2] INFO  impl.RoleInfo (RoleInfo.java:shutdownLeaderState(104)) - 0dd744a2-47ab-4d30-8d7a-27587728c440: shutdown LeaderState
2019-11-14 19:55:28,957 [grpc-default-executor-2] INFO  impl.PendingRequests (PendingRequests.java:sendNotLeaderResponses(206)) - 0dd744a2-47ab-4d30-8d7a-27587728c440@group-C8D10AEBF337-PendingRequests: sendNotLeaderResponses
2019-11-14 19:55:28,958 [org.apache.ratis.server.impl.LogAppender$AppenderDaemon$$Lambda$430/86081870@3e15b9a1] WARN  server.GrpcLogAppender (GrpcLogAppender.java:mayWait(151)) - 0dd744a2-47ab-4d30-8d7a-27587728c440@group-C8D10AEBF337->0203d6eb-35d8-4784-bff3-7fee374bf3e2-GrpcLogAppender: Wait interrupted by java.lang.InterruptedException
2019-11-14 19:55:28,958 [org.apache.ratis.server.impl.LogAppender$AppenderDaemon$$Lambda$430/86081870@5281127] WARN  server.GrpcLogAppender (GrpcLogAppender.java:mayWait(151)) - 0dd744a2-47ab-4d30-8d7a-27587728c440@group-C8D10AEBF337->b74b6e41-b4f8-4f70-a45a-58780751dbf1-GrpcLogAppender: Wait interrupted by java.lang.InterruptedException
2019-11-14 19:55:28,960 [grpc-default-executor-2] INFO  impl.StateMachineUpdater (StateMachineUpdater.java:stopAndJoin(136)) - 0dd744a2-47ab-4d30-8d7a-27587728c440@group-C8D10AEBF337-StateMachineUpdater: set stopIndex = 0
2019-11-14 19:55:28,961 [grpc-default-executor-2] INFO  impl.RaftServerImpl (ServerState.java:close(387)) - 0dd744a2-47ab-4d30-8d7a-27587728c440@group-C8D10AEBF337: closes. applyIndex: 0
2019-11-14 19:55:28,964 [0dd744a2-47ab-4d30-8d7a-27587728c440@group-C8D10AEBF337-SegmentedRaftLogWorker] INFO  segmented.SegmentedRaftLogWorker (SegmentedRaftLogWorker.java:run(316)) - 0dd744a2-47ab-4d30-8d7a-27587728c440@group-C8D10AEBF337-SegmentedRaftLogWorker was interrupted, exiting. There are 0 tasks remaining in the queue.
2019-11-14 19:55:28,965 [grpc-default-executor-2] INFO  segmented.SegmentedRaftLogWorker (SegmentedRaftLogWorker.java:close(224)) - 0dd744a2-47ab-4d30-8d7a-27587728c440@group-C8D10AEBF337-SegmentedRaftLogWorker close()
2019-11-14 19:55:28,969 [grpc-default-executor-0] INFO  server.GrpcServerProtocolService (GrpcServerProtocolService.java:onCompleted(113)) - 0203d6eb-35d8-4784-bff3-7fee374bf3e2: Completed APPEND_ENTRIES, lastRequest: 0dd744a2-47ab-4d30-8d7a-27587728c440->0203d6eb-35d8-4784-bff3-7fee374bf3e2#1-t1, previous=(t:0, i:0), leaderCommit=-1, initializing? false, entries: size=1, first=(t:1, i:0), CONFIGURATIONENTRY
2019-11-14 19:55:28,969 [grpc-default-executor-1] INFO  server.GrpcServerProtocolService (GrpcServerProtocolService.java:onCompleted(113)) - b74b6e41-b4f8-4f70-a45a-58780751dbf1: Completed APPEND_ENTRIES, lastRequest: 0dd744a2-47ab-4d30-8d7a-27587728c440->b74b6e41-b4f8-4f70-a45a-58780751dbf1#1-t1, previous=(t:0, i:0), leaderCommit=-1, initializing? false, entries: size=1, first=(t:1, i:0), CONFIGURATIONENTRY
2019-11-14 19:55:28,972 [grpc-default-executor-1] INFO  server.GrpcLogAppender (GrpcLogAppender.java:onCompleted(308)) - 0dd744a2-47ab-4d30-8d7a-27587728c440@group-C8D10AEBF337->0203d6eb-35d8-4784-bff3-7fee374bf3e2-AppendLogResponseHandler: follower responses appendEntries COMPLETED
2019-11-14 19:55:28,982 [grpc-default-executor-0] INFO  server.GrpcLogAppender (GrpcLogAppender.java:onCompleted(308)) - 0dd744a2-47ab-4d30-8d7a-27587728c440@group-C8D10AEBF337->b74b6e41-b4f8-4f70-a45a-58780751dbf1-AppendLogResponseHandler: follower responses appendEntries COMPLETED
2019-11-14 19:55:28,985 [grpc-default-executor-0] INFO  impl.FollowerInfo (FollowerInfo.java:lambda$new$0(51)) - 0dd744a2-47ab-4d30-8d7a-27587728c440@group-C8D10AEBF337->b74b6e41-b4f8-4f70-a45a-58780751dbf1: nextIndex: updateUnconditionally 1 -> 0
2019-11-14 19:55:28,985 [grpc-default-executor-1] INFO  impl.FollowerInfo (FollowerInfo.java:lambda$new$0(51)) - 0dd744a2-47ab-4d30-8d7a-27587728c440@group-C8D10AEBF337->0203d6eb-35d8-4784-bff3-7fee374bf3e2: nextIndex: updateUnconditionally 1 -> 0
2019-11-14 19:55:29,184 [Datanode State Machine Thread - 0] INFO  statemachine.DatanodeStateMachine (DatanodeStateMachine.java:lambda$startDaemon$0(355)) - Ozone container server started.
2019-11-14 19:55:29,475 [Datanode State Machine Thread - 0] INFO  statemachine.DatanodeStateMachine (DatanodeStateMachine.java:lambda$startDaemon$0(355)) - Ozone container server started.
2019-11-14 19:55:29,586 [Thread-307] INFO  impl.FollowerState (FollowerState.java:run(111)) - 0203d6eb-35d8-4784-bff3-7fee374bf3e2@group-2E326D391161-FollowerState: change to CANDIDATE, lastRpcTime:1016ms, electionTimeout:1016ms
2019-11-14 19:55:29,586 [Thread-307] INFO  impl.RoleInfo (RoleInfo.java:shutdownFollowerState(121)) - 0203d6eb-35d8-4784-bff3-7fee374bf3e2: shutdown FollowerState
2019-11-14 19:55:29,586 [Thread-307] INFO  impl.RaftServerImpl (RaftServerImpl.java:setRole(173)) - 0203d6eb-35d8-4784-bff3-7fee374bf3e2@group-2E326D391161: changes role from  FOLLOWER to CANDIDATE at term 0 for changeToCandidate
2019-11-14 19:55:29,586 [Thread-307] INFO  impl.RoleInfo (RoleInfo.java:updateAndGet(143)) - 0203d6eb-35d8-4784-bff3-7fee374bf3e2: start LeaderElection
2019-11-14 19:55:29,614 [Thread-303] INFO  impl.FollowerState (FollowerState.java:run(111)) - b74b6e41-b4f8-4f70-a45a-58780751dbf1@group-CAF0947F739C-FollowerState: change to CANDIDATE, lastRpcTime:1111ms, electionTimeout:1111ms
2019-11-14 19:55:29,614 [Thread-303] INFO  impl.RoleInfo (RoleInfo.java:shutdownFollowerState(121)) - b74b6e41-b4f8-4f70-a45a-58780751dbf1: shutdown FollowerState
2019-11-14 19:55:29,614 [Thread-303] INFO  impl.RaftServerImpl (RaftServerImpl.java:setRole(173)) - b74b6e41-b4f8-4f70-a45a-58780751dbf1@group-CAF0947F739C: changes role from  FOLLOWER to CANDIDATE at term 0 for changeToCandidate
2019-11-14 19:55:29,614 [Thread-303] INFO  impl.RoleInfo (RoleInfo.java:updateAndGet(143)) - b74b6e41-b4f8-4f70-a45a-58780751dbf1: start LeaderElection
2019-11-14 19:55:29,624 [0203d6eb-35d8-4784-bff3-7fee374bf3e2@group-2E326D391161-LeaderElection3] INFO  impl.LeaderElection (LeaderElection.java:askForVotes(178)) - 0203d6eb-35d8-4784-bff3-7fee374bf3e2@group-2E326D391161-LeaderElection3: begin an election at term 1 for -1: [0203d6eb-35d8-4784-bff3-7fee374bf3e2:192.168.157.219:45232, 0dd744a2-47ab-4d30-8d7a-27587728c440:192.168.157.219:41669, b74b6e41-b4f8-4f70-a45a-58780751dbf1:192.168.157.219:39468], old=null
2019-11-14 19:55:29,637 [Thread-310] INFO  impl.FollowerState (FollowerState.java:run(111)) - 0dd744a2-47ab-4d30-8d7a-27587728c440@group-2E326D391161-FollowerState: change to CANDIDATE, lastRpcTime:1066ms, electionTimeout:1066ms
2019-11-14 19:55:29,637 [Thread-310] INFO  impl.RoleInfo (RoleInfo.java:shutdownFollowerState(121)) - 0dd744a2-47ab-4d30-8d7a-27587728c440: shutdown FollowerState
2019-11-14 19:55:29,637 [Thread-310] INFO  impl.RaftServerImpl (RaftServerImpl.java:setRole(173)) - 0dd744a2-47ab-4d30-8d7a-27587728c440@group-2E326D391161: changes role from  FOLLOWER to CANDIDATE at term 0 for changeToCandidate
2019-11-14 19:55:29,637 [Thread-310] INFO  impl.RoleInfo (RoleInfo.java:updateAndGet(143)) - 0dd744a2-47ab-4d30-8d7a-27587728c440: start LeaderElection
2019-11-14 19:55:29,646 [b74b6e41-b4f8-4f70-a45a-58780751dbf1@group-CAF0947F739C-LeaderElection4] INFO  impl.LeaderElection (LeaderElection.java:askForVotes(178)) - b74b6e41-b4f8-4f70-a45a-58780751dbf1@group-CAF0947F739C-LeaderElection4: begin an election at term 1 for -1: [b74b6e41-b4f8-4f70-a45a-58780751dbf1:192.168.157.219:39468], old=null
2019-11-14 19:55:29,648 [grpc-default-executor-2] INFO  impl.RaftServerImpl (RaftServerImpl.java:setRole(173)) - b74b6e41-b4f8-4f70-a45a-58780751dbf1@group-2E326D391161: changes role from  FOLLOWER to FOLLOWER at term 1 for recognizeCandidate:0203d6eb-35d8-4784-bff3-7fee374bf3e2
2019-11-14 19:55:29,648 [b74b6e41-b4f8-4f70-a45a-58780751dbf1@group-CAF0947F739C-LeaderElection4] INFO  impl.RoleInfo (RoleInfo.java:shutdownLeaderElection(134)) - b74b6e41-b4f8-4f70-a45a-58780751dbf1: shutdown LeaderElection
2019-11-14 19:55:29,648 [grpc-default-executor-2] INFO  impl.RoleInfo (RoleInfo.java:shutdownFollowerState(121)) - b74b6e41-b4f8-4f70-a45a-58780751dbf1: shutdown FollowerState
2019-11-14 19:55:29,648 [b74b6e41-b4f8-4f70-a45a-58780751dbf1@group-CAF0947F739C-LeaderElection4] INFO  impl.RaftServerImpl (RaftServerImpl.java:setRole(173)) - b74b6e41-b4f8-4f70-a45a-58780751dbf1@group-CAF0947F739C: changes role from CANDIDATE to LEADER at term 1 for changeToLeader
2019-11-14 19:55:29,648 [grpc-default-executor-2] INFO  impl.RoleInfo (RoleInfo.java:updateAndGet(143)) - b74b6e41-b4f8-4f70-a45a-58780751dbf1: start FollowerState
2019-11-14 19:55:29,648 [Thread-312] INFO  impl.FollowerState (FollowerState.java:run(120)) - b74b6e41-b4f8-4f70-a45a-58780751dbf1@group-2E326D391161-FollowerState was interrupted: java.lang.InterruptedException: sleep interrupted
2019-11-14 19:55:29,648 [b74b6e41-b4f8-4f70-a45a-58780751dbf1@group-CAF0947F739C-LeaderElection4] INFO  ratis.XceiverServerRatis (XceiverServerRatis.java:handleLeaderChangedNotification(697)) - Leader change notification received for group: group-CAF0947F739C with new leaderId: b74b6e41-b4f8-4f70-a45a-58780751dbf1
2019-11-14 19:55:29,651 [b74b6e41-b4f8-4f70-a45a-58780751dbf1@group-CAF0947F739C-LeaderElection4] INFO  impl.RaftServerImpl (ServerState.java:setLeader(255)) - b74b6e41-b4f8-4f70-a45a-58780751dbf1@group-CAF0947F739C: change Leader from null to b74b6e41-b4f8-4f70-a45a-58780751dbf1 at term 1 for becomeLeader, leader elected after 1167ms
2019-11-14 19:55:29,651 [b74b6e41-b4f8-4f70-a45a-58780751dbf1@group-CAF0947F739C-LeaderElection4] INFO  server.RaftServerConfigKeys (ConfUtils.java:logGet(43)) - raft.server.staging.catchup.gap = 1000 (default)
2019-11-14 19:55:29,652 [b74b6e41-b4f8-4f70-a45a-58780751dbf1@group-CAF0947F739C-LeaderElection4] INFO  server.RaftServerConfigKeys (ConfUtils.java:logGet(43)) - raft.server.rpc.sleep.time = 25ms (default)
2019-11-14 19:55:29,652 [b74b6e41-b4f8-4f70-a45a-58780751dbf1@group-CAF0947F739C-LeaderElection4] INFO  server.RaftServerConfigKeys (ConfUtils.java:logGet(43)) - raft.server.write.element-limit = 4096 (default)
2019-11-14 19:55:29,652 [b74b6e41-b4f8-4f70-a45a-58780751dbf1@group-CAF0947F739C-LeaderElection4] INFO  server.RaftServerConfigKeys (ConfUtils.java:logGet(43)) - raft.server.watch.timeout = 10s (default)
2019-11-14 19:55:29,652 [b74b6e41-b4f8-4f70-a45a-58780751dbf1@group-CAF0947F739C-LeaderElection4] INFO  server.RaftServerConfigKeys (ConfUtils.java:logGet(43)) - raft.server.watch.timeout.denomination = 1s (default)
2019-11-14 19:55:29,652 [b74b6e41-b4f8-4f70-a45a-58780751dbf1@group-CAF0947F739C-LeaderElection4] INFO  server.RaftServerConfigKeys (ConfUtils.java:logGet(43)) - raft.server.watch.element-limit = 65536 (default)
2019-11-14 19:55:29,653 [b74b6e41-b4f8-4f70-a45a-58780751dbf1@group-CAF0947F739C-LeaderElection4] INFO  impl.RoleInfo (RoleInfo.java:updateAndGet(143)) - b74b6e41-b4f8-4f70-a45a-58780751dbf1: start LeaderState
2019-11-14 19:55:29,653 [b74b6e41-b4f8-4f70-a45a-58780751dbf1@group-CAF0947F739C-LeaderElection4] INFO  segmented.SegmentedRaftLogWorker (SegmentedRaftLogWorker.java:startLogSegment(385)) - b74b6e41-b4f8-4f70-a45a-58780751dbf1@group-CAF0947F739C-SegmentedRaftLogWorker: Starting segment from index:0
2019-11-14 19:55:29,654 [b74b6e41-b4f8-4f70-a45a-58780751dbf1@group-CAF0947F739C-LeaderElection4] INFO  impl.RaftServerImpl (ServerState.java:setRaftConf(356)) - b74b6e41-b4f8-4f70-a45a-58780751dbf1@group-CAF0947F739C: set configuration 0: [b74b6e41-b4f8-4f70-a45a-58780751dbf1:192.168.157.219:39468], old=null at 0
2019-11-14 19:55:29,664 [0dd744a2-47ab-4d30-8d7a-27587728c440@group-2E326D391161-LeaderElection5] INFO  impl.LeaderElection (LeaderElection.java:askForVotes(178)) - 0dd744a2-47ab-4d30-8d7a-27587728c440@group-2E326D391161-LeaderElection5: begin an election at term 1 for -1: [0203d6eb-35d8-4784-bff3-7fee374bf3e2:192.168.157.219:45232, 0dd744a2-47ab-4d30-8d7a-27587728c440:192.168.157.219:41669, b74b6e41-b4f8-4f70-a45a-58780751dbf1:192.168.157.219:39468], old=null
2019-11-14 19:55:29,713 [0203d6eb-35d8-4784-bff3-7fee374bf3e2@group-2E326D391161-LeaderElection3] INFO  impl.LeaderElection (LeaderElection.java:logAndReturn(56)) - 0203d6eb-35d8-4784-bff3-7fee374bf3e2@group-2E326D391161-LeaderElection3: Election PASSED; received 1 response(s) [0203d6eb-35d8-4784-bff3-7fee374bf3e2<-b74b6e41-b4f8-4f70-a45a-58780751dbf1#0:OK-t1] and 0 exception(s); 0203d6eb-35d8-4784-bff3-7fee374bf3e2@group-2E326D391161:t1, leader=null, voted=0203d6eb-35d8-4784-bff3-7fee374bf3e2, raftlog=0203d6eb-35d8-4784-bff3-7fee374bf3e2@group-2E326D391161-SegmentedRaftLog:OPENED:c-1,f-1,i0, conf=-1: [0203d6eb-35d8-4784-bff3-7fee374bf3e2:192.168.157.219:45232, 0dd744a2-47ab-4d30-8d7a-27587728c440:192.168.157.219:41669, b74b6e41-b4f8-4f70-a45a-58780751dbf1:192.168.157.219:39468], old=null
2019-11-14 19:55:29,714 [0203d6eb-35d8-4784-bff3-7fee374bf3e2@group-2E326D391161-LeaderElection3] INFO  impl.RoleInfo (RoleInfo.java:shutdownLeaderElection(134)) - 0203d6eb-35d8-4784-bff3-7fee374bf3e2: shutdown LeaderElection
2019-11-14 19:55:29,717 [0203d6eb-35d8-4784-bff3-7fee374bf3e2@group-2E326D391161-LeaderElection3] INFO  impl.RaftServerImpl (RaftServerImpl.java:setRole(173)) - 0203d6eb-35d8-4784-bff3-7fee374bf3e2@group-2E326D391161: changes role from CANDIDATE to LEADER at term 1 for changeToLeader
2019-11-14 19:55:29,717 [0203d6eb-35d8-4784-bff3-7fee374bf3e2@group-2E326D391161-LeaderElection3] INFO  ratis.XceiverServerRatis (XceiverServerRatis.java:handleLeaderChangedNotification(697)) - Leader change notification received for group: group-2E326D391161 with new leaderId: 0203d6eb-35d8-4784-bff3-7fee374bf3e2
2019-11-14 19:55:29,719 [0203d6eb-35d8-4784-bff3-7fee374bf3e2@group-2E326D391161-LeaderElection3] INFO  impl.RaftServerImpl (ServerState.java:setLeader(255)) - 0203d6eb-35d8-4784-bff3-7fee374bf3e2@group-2E326D391161: change Leader from null to 0203d6eb-35d8-4784-bff3-7fee374bf3e2 at term 1 for becomeLeader, leader elected after 1154ms
2019-11-14 19:55:29,720 [0203d6eb-35d8-4784-bff3-7fee374bf3e2@group-2E326D391161-LeaderElection3] INFO  server.RaftServerConfigKeys (ConfUtils.java:logGet(43)) - raft.server.staging.catchup.gap = 1000 (default)
2019-11-14 19:55:29,720 [0203d6eb-35d8-4784-bff3-7fee374bf3e2@group-2E326D391161-LeaderElection3] INFO  server.RaftServerConfigKeys (ConfUtils.java:logGet(43)) - raft.server.rpc.sleep.time = 25ms (default)
2019-11-14 19:55:29,720 [0203d6eb-35d8-4784-bff3-7fee374bf3e2@group-2E326D391161-LeaderElection3] INFO  server.RaftServerConfigKeys (ConfUtils.java:logGet(43)) - raft.server.write.element-limit = 4096 (default)
2019-11-14 19:55:29,721 [b74b6e41-b4f8-4f70-a45a-58780751dbf1@group-CAF0947F739C-SegmentedRaftLogWorker] INFO  segmented.SegmentedRaftLogWorker (SegmentedRaftLogWorker.java:execute(576)) - b74b6e41-b4f8-4f70-a45a-58780751dbf1@group-CAF0947F739C-SegmentedRaftLogWorker: created new log segment /workdir/hadoop-ozone/integration-test/target/test-dir/MiniOzoneClusterImpl-4164cd2a-9f03-471b-8431-fd84a2e2cb62/datanode-2/data/ratis/cab62c47-bcec-4b89-ae41-caf0947f739c/current/log_inprogress_0
2019-11-14 19:55:29,723 [0203d6eb-35d8-4784-bff3-7fee374bf3e2@group-2E326D391161-LeaderElection3] INFO  server.RaftServerConfigKeys (ConfUtils.java:logGet(43)) - raft.server.watch.timeout = 10s (default)
2019-11-14 19:55:29,723 [0203d6eb-35d8-4784-bff3-7fee374bf3e2@group-2E326D391161-LeaderElection3] INFO  server.RaftServerConfigKeys (ConfUtils.java:logGet(43)) - raft.server.watch.timeout.denomination = 1s (default)
2019-11-14 19:55:29,723 [0203d6eb-35d8-4784-bff3-7fee374bf3e2@group-2E326D391161-LeaderElection3] INFO  server.RaftServerConfigKeys (ConfUtils.java:logGet(43)) - raft.server.watch.element-limit = 65536 (default)
2019-11-14 19:55:29,724 [0203d6eb-35d8-4784-bff3-7fee374bf3e2@group-2E326D391161-LeaderElection3] INFO  server.RaftServerConfigKeys (ConfUtils.java:logGet(43)) - raft.server.log.appender.snapshot.chunk.size.max = 16MB (=16777216) (default)
2019-11-14 19:55:29,727 [0203d6eb-35d8-4784-bff3-7fee374bf3e2@group-2E326D391161-LeaderElection3] INFO  server.RaftServerConfigKeys (ConfUtils.java:logGet(43)) - raft.server.log.appender.buffer.byte-limit = 33554432 (custom)
2019-11-14 19:55:29,727 [0203d6eb-35d8-4784-bff3-7fee374bf3e2@group-2E326D391161-LeaderElection3] INFO  server.RaftServerConfigKeys (ConfUtils.java:logGet(43)) - raft.server.log.appender.buffer.element-limit = 1 (custom)
2019-11-14 19:55:29,729 [0203d6eb-35d8-4784-bff3-7fee374bf3e2@group-2E326D391161-LeaderElection3] INFO  grpc.GrpcConfigKeys$Server (ConfUtils.java:logGet(43)) - raft.grpc.server.leader.outstanding.appends.max = 128 (default)
2019-11-14 19:55:29,730 [0203d6eb-35d8-4784-bff3-7fee374bf3e2@group-2E326D391161-LeaderElection3] INFO  server.RaftServerConfigKeys (ConfUtils.java:logGet(43)) - raft.server.rpc.request.timeout = 3000ms (default)
2019-11-14 19:55:29,732 [0203d6eb-35d8-4784-bff3-7fee374bf3e2@group-2E326D391161-LeaderElection3] INFO  server.RaftServerConfigKeys (ConfUtils.java:logGet(43)) - raft.server.log.appender.install.snapshot.enabled = false (custom)
2019-11-14 19:55:29,732 [0203d6eb-35d8-4784-bff3-7fee374bf3e2@group-2E326D391161-LeaderElection3] WARN  impl.MetricRegistriesImpl (MetricRegistriesImpl.java:lambda$create$1(61)) - First MetricRegistry has been created without registering reporters. You may need to call MetricRegistries.global().addReportRegistration(...) before.
2019-11-14 19:55:29,734 [0203d6eb-35d8-4784-bff3-7fee374bf3e2@group-2E326D391161-LeaderElection3] INFO  server.RaftServerConfigKeys (ConfUtils.java:logGet(43)) - raft.server.log.appender.snapshot.chunk.size.max = 16MB (=16777216) (default)
2019-11-14 19:55:29,735 [0203d6eb-35d8-4784-bff3-7fee374bf3e2@group-2E326D391161-LeaderElection3] INFO  server.RaftServerConfigKeys (ConfUtils.java:logGet(43)) - raft.server.log.appender.buffer.byte-limit = 33554432 (custom)
2019-11-14 19:55:29,736 [0203d6eb-35d8-4784-bff3-7fee374bf3e2@group-2E326D391161-LeaderElection3] INFO  server.RaftServerConfigKeys (ConfUtils.java:logGet(43)) - raft.server.log.appender.buffer.element-limit = 1 (custom)
2019-11-14 19:55:29,736 [0203d6eb-35d8-4784-bff3-7fee374bf3e2@group-2E326D391161-LeaderElection3] INFO  grpc.GrpcConfigKeys$Server (ConfUtils.java:logGet(43)) - raft.grpc.server.leader.outstanding.appends.max = 128 (default)
2019-11-14 19:55:29,736 [0203d6eb-35d8-4784-bff3-7fee374bf3e2@group-2E326D391161-LeaderElection3] INFO  server.RaftServerConfigKeys (ConfUtils.java:logGet(43)) - raft.server.rpc.request.timeout = 3000ms (default)
2019-11-14 19:55:29,736 [0203d6eb-35d8-4784-bff3-7fee374bf3e2@group-2E326D391161-LeaderElection3] INFO  server.RaftServerConfigKeys (ConfUtils.java:logGet(43)) - raft.server.log.appender.install.snapshot.enabled = false (custom)
2019-11-14 19:55:29,737 [0203d6eb-35d8-4784-bff3-7fee374bf3e2@group-2E326D391161-LeaderElection3] INFO  impl.RoleInfo (RoleInfo.java:updateAndGet(143)) - 0203d6eb-35d8-4784-bff3-7fee374bf3e2: start LeaderState
2019-11-14 19:55:29,737 [0203d6eb-35d8-4784-bff3-7fee374bf3e2@group-2E326D391161-LeaderElection3] INFO  segmented.SegmentedRaftLogWorker (SegmentedRaftLogWorker.java:startLogSegment(385)) - 0203d6eb-35d8-4784-bff3-7fee374bf3e2@group-2E326D391161-SegmentedRaftLogWorker: Starting segment from index:0
2019-11-14 19:55:29,739 [grpc-default-executor-3] INFO  impl.RaftServerProxy (RaftServerProxy.java:remove(95)) - 0203d6eb-35d8-4784-bff3-7fee374bf3e2: remove  FOLLOWER 0203d6eb-35d8-4784-bff3-7fee374bf3e2@group-C8D10AEBF337:t1, leader=0dd744a2-47ab-4d30-8d7a-27587728c440, voted=0dd744a2-47ab-4d30-8d7a-27587728c440, raftlog=0203d6eb-35d8-4784-bff3-7fee374bf3e2@group-C8D10AEBF337-SegmentedRaftLog:OPENED:c-1,f0,i0, conf=0: [0203d6eb-35d8-4784-bff3-7fee374bf3e2:192.168.157.219:45232, 0dd744a2-47ab-4d30-8d7a-27587728c440:192.168.157.219:41669, b74b6e41-b4f8-4f70-a45a-58780751dbf1:192.168.157.219:39468], old=null RUNNING
2019-11-14 19:55:29,739 [0203d6eb-35d8-4784-bff3-7fee374bf3e2@group-2E326D391161-LeaderElection3] INFO  impl.RaftServerImpl (ServerState.java:setRaftConf(356)) - 0203d6eb-35d8-4784-bff3-7fee374bf3e2@group-2E326D391161: set configuration 0: [0203d6eb-35d8-4784-bff3-7fee374bf3e2:192.168.157.219:45232, 0dd744a2-47ab-4d30-8d7a-27587728c440:192.168.157.219:41669, b74b6e41-b4f8-4f70-a45a-58780751dbf1:192.168.157.219:39468], old=null at 0
2019-11-14 19:55:29,739 [grpc-default-executor-3] INFO  impl.RaftServerImpl (RaftServerImpl.java:lambda$shutdown$3(250)) - 0203d6eb-35d8-4784-bff3-7fee374bf3e2@group-C8D10AEBF337: shutdown
2019-11-14 19:55:29,766 [grpc-default-executor-2] INFO  impl.RaftServerImpl (RaftServerImpl.java:requestVote(776)) - 0203d6eb-35d8-4784-bff3-7fee374bf3e2@group-2E326D391161-   LEADER: Withhold vote from candidate 0dd744a2-47ab-4d30-8d7a-27587728c440 with term 1. State: leader=0203d6eb-35d8-4784-bff3-7fee374bf3e2, term=1, lastRpcElapsed=null
2019-11-14 19:55:29,766 [grpc-default-executor-3] INFO  util.JmxRegister (JmxRegister.java:unregister(73)) - Successfully un-registered JMX Bean with object name Ratis:service=RaftServer,group=group-C8D10AEBF337,id=0203d6eb-35d8-4784-bff3-7fee374bf3e2
2019-11-14 19:55:29,766 [grpc-default-executor-3] INFO  impl.RoleInfo (RoleInfo.java:shutdownFollowerState(121)) - 0203d6eb-35d8-4784-bff3-7fee374bf3e2: shutdown FollowerState
2019-11-14 19:55:29,766 [grpc-default-executor-3] INFO  impl.StateMachineUpdater (StateMachineUpdater.java:stopAndJoin(136)) - 0203d6eb-35d8-4784-bff3-7fee374bf3e2@group-C8D10AEBF337-StateMachineUpdater: set stopIndex = -1
2019-11-14 19:55:29,768 [Thread-319] INFO  impl.FollowerState (FollowerState.java:run(120)) - 0203d6eb-35d8-4784-bff3-7fee374bf3e2@group-C8D10AEBF337-FollowerState was interrupted: java.lang.InterruptedException: sleep interrupted
2019-11-14 19:55:29,770 [grpc-default-executor-3] INFO  impl.RaftServerImpl (ServerState.java:close(387)) - 0203d6eb-35d8-4784-bff3-7fee374bf3e2@group-C8D10AEBF337: closes. applyIndex: -1
2019-11-14 19:55:29,772 [0203d6eb-35d8-4784-bff3-7fee374bf3e2@group-C8D10AEBF337-SegmentedRaftLogWorker] INFO  segmented.SegmentedRaftLogWorker (SegmentedRaftLogWorker.java:run(316)) - 0203d6eb-35d8-4784-bff3-7fee374bf3e2@group-C8D10AEBF337-SegmentedRaftLogWorker was interrupted, exiting. There are 0 tasks remaining in the queue.
2019-11-14 19:55:29,773 [grpc-default-executor-3] INFO  segmented.SegmentedRaftLogWorker (SegmentedRaftLogWorker.java:close(224)) - 0203d6eb-35d8-4784-bff3-7fee374bf3e2@group-C8D10AEBF337-SegmentedRaftLogWorker close()
2019-11-14 19:55:29,778 [grpc-default-executor-2] INFO  impl.RaftServerImpl (RaftServerImpl.java:setRole(173)) - 0dd744a2-47ab-4d30-8d7a-27587728c440@group-2E326D391161: changes role from CANDIDATE to FOLLOWER at term 1 for appendEntries
2019-11-14 19:55:29,778 [0dd744a2-47ab-4d30-8d7a-27587728c440@group-2E326D391161-LeaderElection5] INFO  impl.LeaderElection (LeaderElection.java:logAndReturn(56)) - 0dd744a2-47ab-4d30-8d7a-27587728c440@group-2E326D391161-LeaderElection5: Election REJECTED; received 2 response(s) [0dd744a2-47ab-4d30-8d7a-27587728c440<-0203d6eb-35d8-4784-bff3-7fee374bf3e2#0:FAIL-t1, 0dd744a2-47ab-4d30-8d7a-27587728c440<-b74b6e41-b4f8-4f70-a45a-58780751dbf1#0:FAIL-t1] and 0 exception(s); 0dd744a2-47ab-4d30-8d7a-27587728c440@group-2E326D391161:t1, leader=null, voted=0dd744a2-47ab-4d30-8d7a-27587728c440, raftlog=0dd744a2-47ab-4d30-8d7a-27587728c440@group-2E326D391161-SegmentedRaftLog:OPENED:c-1,f-1,i0, conf=-1: [0203d6eb-35d8-4784-bff3-7fee374bf3e2:192.168.157.219:45232, 0dd744a2-47ab-4d30-8d7a-27587728c440:192.168.157.219:41669, b74b6e41-b4f8-4f70-a45a-58780751dbf1:192.168.157.219:39468], old=null
2019-11-14 19:55:29,778 [grpc-default-executor-0] INFO  ratis.XceiverServerRatis (XceiverServerRatis.java:handleLeaderChangedNotification(697)) - Leader change notification received for group: group-2E326D391161 with new leaderId: 0203d6eb-35d8-4784-bff3-7fee374bf3e2
2019-11-14 19:55:29,780 [Thread-321] INFO  impl.FollowerState (FollowerState.java:run(111)) - b117fa5f-2c4e-4381-a495-d707275fd4cd@group-751C019BC56F-FollowerState: change to CANDIDATE, lastRpcTime:1081ms, electionTimeout:1079ms
2019-11-14 19:55:29,778 [grpc-default-executor-2] INFO  impl.RoleInfo (RoleInfo.java:shutdownLeaderElection(134)) - 0dd744a2-47ab-4d30-8d7a-27587728c440: shutdown LeaderElection
2019-11-14 19:55:29,781 [Thread-321] INFO  impl.RoleInfo (RoleInfo.java:shutdownFollowerState(121)) - b117fa5f-2c4e-4381-a495-d707275fd4cd: shutdown FollowerState
2019-11-14 19:55:29,780 [grpc-default-executor-0] INFO  impl.RaftServerImpl (ServerState.java:setLeader(255)) - b74b6e41-b4f8-4f70-a45a-58780751dbf1@group-2E326D391161: change Leader from null to 0203d6eb-35d8-4784-bff3-7fee374bf3e2 at term 1 for appendEntries, leader elected after 1215ms
2019-11-14 19:55:29,781 [Thread-321] INFO  impl.RaftServerImpl (RaftServerImpl.java:setRole(173)) - b117fa5f-2c4e-4381-a495-d707275fd4cd@group-751C019BC56F: changes role from  FOLLOWER to CANDIDATE at term 0 for changeToCandidate
2019-11-14 19:55:29,781 [grpc-default-executor-2] INFO  impl.RoleInfo (RoleInfo.java:updateAndGet(143)) - 0dd744a2-47ab-4d30-8d7a-27587728c440: start FollowerState
2019-11-14 19:55:29,783 [Thread-321] INFO  impl.RoleInfo (RoleInfo.java:updateAndGet(143)) - b117fa5f-2c4e-4381-a495-d707275fd4cd: start LeaderElection
2019-11-14 19:55:29,783 [grpc-default-executor-2] INFO  ratis.XceiverServerRatis (XceiverServerRatis.java:handleLeaderChangedNotification(697)) - Leader change notification received for group: group-2E326D391161 with new leaderId: 0203d6eb-35d8-4784-bff3-7fee374bf3e2
2019-11-14 19:55:29,785 [grpc-default-executor-2] INFO  impl.RaftServerImpl (ServerState.java:setLeader(255)) - 0dd744a2-47ab-4d30-8d7a-27587728c440@group-2E326D391161: change Leader from null to 0203d6eb-35d8-4784-bff3-7fee374bf3e2 at term 1 for appendEntries, leader elected after 1221ms
2019-11-14 19:55:29,789 [0203d6eb-35d8-4784-bff3-7fee374bf3e2@group-2E326D391161-SegmentedRaftLogWorker] INFO  segmented.SegmentedRaftLogWorker (SegmentedRaftLogWorker.java:execute(576)) - 0203d6eb-35d8-4784-bff3-7fee374bf3e2@group-2E326D391161-SegmentedRaftLogWorker: created new log segment /workdir/hadoop-ozone/integration-test/target/test-dir/MiniOzoneClusterImpl-4164cd2a-9f03-471b-8431-fd84a2e2cb62/datanode-9/data/ratis/15dfccaf-24e8-4404-90f1-2e326d391161/current/log_inprogress_0
2019-11-14 19:55:29,792 [EventQueue-PipelineReportForPipelineReportHandler] INFO  pipeline.PipelineStateManager (PipelineStateManager.java:openPipeline(134)) - Pipeline Pipeline[ Id: 15dfccaf-24e8-4404-90f1-2e326d391161, Nodes: b74b6e41-b4f8-4f70-a45a-58780751dbf1{ip: 192.168.157.219, host: pr-hdds-2489-n52xc-1246314526, networkLocation: /rack1, certSerialId: null}0203d6eb-35d8-4784-bff3-7fee374bf3e2{ip: 192.168.157.219, host: pr-hdds-2489-n52xc-1246314526, networkLocation: /rack1, certSerialId: null}0dd744a2-47ab-4d30-8d7a-27587728c440{ip: 192.168.157.219, host: pr-hdds-2489-n52xc-1246314526, networkLocation: /rack1, certSerialId: null}, Type:RATIS, Factor:THREE, State:OPEN] moved to OPEN state
2019-11-14 19:55:29,792 [grpc-default-executor-2] INFO  impl.RaftServerImpl (ServerState.java:setRaftConf(356)) - b74b6e41-b4f8-4f70-a45a-58780751dbf1@group-2E326D391161: set configuration 0: [0203d6eb-35d8-4784-bff3-7fee374bf3e2:192.168.157.219:45232, 0dd744a2-47ab-4d30-8d7a-27587728c440:192.168.157.219:41669, b74b6e41-b4f8-4f70-a45a-58780751dbf1:192.168.157.219:39468], old=null at 0
2019-11-14 19:55:29,792 [grpc-default-executor-0] INFO  impl.RaftServerImpl (ServerState.java:setRaftConf(356)) - 0dd744a2-47ab-4d30-8d7a-27587728c440@group-2E326D391161: set configuration 0: [0203d6eb-35d8-4784-bff3-7fee374bf3e2:192.168.157.219:45232, 0dd744a2-47ab-4d30-8d7a-27587728c440:192.168.157.219:41669, b74b6e41-b4f8-4f70-a45a-58780751dbf1:192.168.157.219:39468], old=null at 0
2019-11-14 19:55:29,793 [grpc-default-executor-2] INFO  segmented.SegmentedRaftLogWorker (SegmentedRaftLogWorker.java:startLogSegment(385)) - b74b6e41-b4f8-4f70-a45a-58780751dbf1@group-2E326D391161-SegmentedRaftLogWorker: Starting segment from index:0
2019-11-14 19:55:29,793 [grpc-default-executor-0] INFO  segmented.SegmentedRaftLogWorker (SegmentedRaftLogWorker.java:startLogSegment(385)) - 0dd744a2-47ab-4d30-8d7a-27587728c440@group-2E326D391161-SegmentedRaftLogWorker: Starting segment from index:0
2019-11-14 19:55:29,812 [b117fa5f-2c4e-4381-a495-d707275fd4cd@group-751C019BC56F-LeaderElection6] INFO  impl.LeaderElection (LeaderElection.java:askForVotes(178)) - b117fa5f-2c4e-4381-a495-d707275fd4cd@group-751C019BC56F-LeaderElection6: begin an election at term 1 for -1: [b117fa5f-2c4e-4381-a495-d707275fd4cd:192.168.157.219:46720, 21186c51-1475-43f8-940c-f90b4fe03024:192.168.157.219:37993, 797ebefa-c895-4cb1-b191-6ff1bf83736b:192.168.157.219:44823], old=null
2019-11-14 19:55:29,838 [grpc-default-executor-2] INFO  impl.RaftServerImpl (RaftServerImpl.java:setRole(173)) - 21186c51-1475-43f8-940c-f90b4fe03024@group-751C019BC56F: changes role from  FOLLOWER to FOLLOWER at term 1 for recognizeCandidate:b117fa5f-2c4e-4381-a495-d707275fd4cd
2019-11-14 19:55:29,839 [grpc-default-executor-0] INFO  impl.RaftServerImpl (RaftServerImpl.java:setRole(173)) - 797ebefa-c895-4cb1-b191-6ff1bf83736b@group-751C019BC56F: changes role from  FOLLOWER to FOLLOWER at term 1 for recognizeCandidate:b117fa5f-2c4e-4381-a495-d707275fd4cd
2019-11-14 19:55:29,839 [grpc-default-executor-2] INFO  impl.RoleInfo (RoleInfo.java:shutdownFollowerState(121)) - 21186c51-1475-43f8-940c-f90b4fe03024: shutdown FollowerState
2019-11-14 19:55:29,840 [grpc-default-executor-0] INFO  impl.RoleInfo (RoleInfo.java:shutdownFollowerState(121)) - 797ebefa-c895-4cb1-b191-6ff1bf83736b: shutdown FollowerState
2019-11-14 19:55:29,840 [Thread-326] INFO  impl.FollowerState (FollowerState.java:run(120)) - 21186c51-1475-43f8-940c-f90b4fe03024@group-751C019BC56F-FollowerState was interrupted: java.lang.InterruptedException: sleep interrupted
2019-11-14 19:55:29,840 [Thread-327] INFO  impl.FollowerState (FollowerState.java:run(120)) - 797ebefa-c895-4cb1-b191-6ff1bf83736b@group-751C019BC56F-FollowerState was interrupted: java.lang.InterruptedException: sleep interrupted
2019-11-14 19:55:29,840 [grpc-default-executor-0] INFO  impl.RoleInfo (RoleInfo.java:updateAndGet(143)) - 797ebefa-c895-4cb1-b191-6ff1bf83736b: start FollowerState
2019-11-14 19:55:29,840 [grpc-default-executor-2] INFO  impl.RoleInfo (RoleInfo.java:updateAndGet(143)) - 21186c51-1475-43f8-940c-f90b4fe03024: start FollowerState
2019-11-14 19:55:29,847 [b74b6e41-b4f8-4f70-a45a-58780751dbf1@group-2E326D391161-SegmentedRaftLogWorker] INFO  segmented.SegmentedRaftLogWorker (SegmentedRaftLogWorker.java:execute(576)) - b74b6e41-b4f8-4f70-a45a-58780751dbf1@group-2E326D391161-SegmentedRaftLogWorker: created new log segment /workdir/hadoop-ozone/integration-test/target/test-dir/MiniOzoneClusterImpl-4164cd2a-9f03-471b-8431-fd84a2e2cb62/datanode-2/data/ratis/15dfccaf-24e8-4404-90f1-2e326d391161/current/log_inprogress_0
2019-11-14 19:55:29,847 [0dd744a2-47ab-4d30-8d7a-27587728c440@group-2E326D391161-SegmentedRaftLogWorker] INFO  segmented.SegmentedRaftLogWorker (SegmentedRaftLogWorker.java:execute(576)) - 0dd744a2-47ab-4d30-8d7a-27587728c440@group-2E326D391161-SegmentedRaftLogWorker: created new log segment /workdir/hadoop-ozone/integration-test/target/test-dir/MiniOzoneClusterImpl-4164cd2a-9f03-471b-8431-fd84a2e2cb62/datanode-6/data/ratis/15dfccaf-24e8-4404-90f1-2e326d391161/current/log_inprogress_0
2019-11-14 19:55:29,870 [b117fa5f-2c4e-4381-a495-d707275fd4cd@group-751C019BC56F-LeaderElection6] INFO  impl.LeaderElection (LeaderElection.java:logAndReturn(56)) - b117fa5f-2c4e-4381-a495-d707275fd4cd@group-751C019BC56F-LeaderElection6: Election PASSED; received 1 response(s) [b117fa5f-2c4e-4381-a495-d707275fd4cd<-21186c51-1475-43f8-940c-f90b4fe03024#0:OK-t1] and 0 exception(s); b117fa5f-2c4e-4381-a495-d707275fd4cd@group-751C019BC56F:t1, leader=null, voted=b117fa5f-2c4e-4381-a495-d707275fd4cd, raftlog=b117fa5f-2c4e-4381-a495-d707275fd4cd@group-751C019BC56F-SegmentedRaftLog:OPENED:c-1,f-1,i0, conf=-1: [b117fa5f-2c4e-4381-a495-d707275fd4cd:192.168.157.219:46720, 21186c51-1475-43f8-940c-f90b4fe03024:192.168.157.219:37993, 797ebefa-c895-4cb1-b191-6ff1bf83736b:192.168.157.219:44823], old=null
2019-11-14 19:55:29,870 [b117fa5f-2c4e-4381-a495-d707275fd4cd@group-751C019BC56F-LeaderElection6] INFO  impl.RoleInfo (RoleInfo.java:shutdownLeaderElection(134)) - b117fa5f-2c4e-4381-a495-d707275fd4cd: shutdown LeaderElection
2019-11-14 19:55:29,872 [b117fa5f-2c4e-4381-a495-d707275fd4cd@group-751C019BC56F-LeaderElection6] INFO  impl.RaftServerImpl (RaftServerImpl.java:setRole(173)) - b117fa5f-2c4e-4381-a495-d707275fd4cd@group-751C019BC56F: changes role from CANDIDATE to LEADER at term 1 for changeToLeader
2019-11-14 19:55:29,872 [b117fa5f-2c4e-4381-a495-d707275fd4cd@group-751C019BC56F-LeaderElection6] INFO  ratis.XceiverServerRatis (XceiverServerRatis.java:handleLeaderChangedNotification(697)) - Leader change notification received for group: group-751C019BC56F with new leaderId: b117fa5f-2c4e-4381-a495-d707275fd4cd
2019-11-14 19:55:29,874 [b117fa5f-2c4e-4381-a495-d707275fd4cd@group-751C019BC56F-LeaderElection6] INFO  impl.RaftServerImpl (ServerState.java:setLeader(255)) - b117fa5f-2c4e-4381-a495-d707275fd4cd@group-751C019BC56F: change Leader from null to b117fa5f-2c4e-4381-a495-d707275fd4cd at term 1 for becomeLeader, leader elected after 1197ms
2019-11-14 19:55:29,874 [b117fa5f-2c4e-4381-a495-d707275fd4cd@group-751C019BC56F-LeaderElection6] INFO  server.RaftServerConfigKeys (ConfUtils.java:logGet(43)) - raft.server.staging.catchup.gap = 1000 (default)
2019-11-14 19:55:29,874 [b117fa5f-2c4e-4381-a495-d707275fd4cd@group-751C019BC56F-LeaderElection6] INFO  server.RaftServerConfigKeys (ConfUtils.java:logGet(43)) - raft.server.rpc.sleep.time = 25ms (default)
2019-11-14 19:55:29,874 [b117fa5f-2c4e-4381-a495-d707275fd4cd@group-751C019BC56F-LeaderElection6] INFO  server.RaftServerConfigKeys (ConfUtils.java:logGet(43)) - raft.server.write.element-limit = 4096 (default)
2019-11-14 19:55:29,875 [b117fa5f-2c4e-4381-a495-d707275fd4cd@group-751C019BC56F-LeaderElection6] INFO  server.RaftServerConfigKeys (ConfUtils.java:logGet(43)) - raft.server.watch.timeout = 10s (default)
2019-11-14 19:55:29,875 [b117fa5f-2c4e-4381-a495-d707275fd4cd@group-751C019BC56F-LeaderElection6] INFO  server.RaftServerConfigKeys (ConfUtils.java:logGet(43)) - raft.server.watch.timeout.denomination = 1s (default)
2019-11-14 19:55:29,875 [b117fa5f-2c4e-4381-a495-d707275fd4cd@group-751C019BC56F-LeaderElection6] INFO  server.RaftServerConfigKeys (ConfUtils.java:logGet(43)) - raft.server.watch.element-limit = 65536 (default)
2019-11-14 19:55:29,875 [EventQueue-PipelineReportForPipelineReportHandler] INFO  pipeline.PipelineStateManager (PipelineStateManager.java:openPipeline(134)) - Pipeline Pipeline[ Id: 8de12a60-6b60-4178-8baa-751c019bc56f, Nodes: b117fa5f-2c4e-4381-a495-d707275fd4cd{ip: 192.168.157.219, host: pr-hdds-2489-n52xc-1246314526, networkLocation: /rack1, certSerialId: null}21186c51-1475-43f8-940c-f90b4fe03024{ip: 192.168.157.219, host: pr-hdds-2489-n52xc-1246314526, networkLocation: /rack1, certSerialId: null}797ebefa-c895-4cb1-b191-6ff1bf83736b{ip: 192.168.157.219, host: pr-hdds-2489-n52xc-1246314526, networkLocation: /rack1, certSerialId: null}, Type:RATIS, Factor:THREE, State:OPEN] moved to OPEN state
2019-11-14 19:55:29,876 [b117fa5f-2c4e-4381-a495-d707275fd4cd@group-751C019BC56F-LeaderElection6] INFO  server.RaftServerConfigKeys (ConfUtils.java:logGet(43)) - raft.server.log.appender.snapshot.chunk.size.max = 16MB (=16777216) (default)
2019-11-14 19:55:29,877 [b117fa5f-2c4e-4381-a495-d707275fd4cd@group-751C019BC56F-LeaderElection6] INFO  server.RaftServerConfigKeys (ConfUtils.java:logGet(43)) - raft.server.log.appender.buffer.byte-limit = 33554432 (custom)
2019-11-14 19:55:29,877 [b117fa5f-2c4e-4381-a495-d707275fd4cd@group-751C019BC56F-LeaderElection6] INFO  server.RaftServerConfigKeys (ConfUtils.java:logGet(43)) - raft.server.log.appender.buffer.element-limit = 1 (custom)
2019-11-14 19:55:29,877 [b117fa5f-2c4e-4381-a495-d707275fd4cd@group-751C019BC56F-LeaderElection6] INFO  grpc.GrpcConfigKeys$Server (ConfUtils.java:logGet(43)) - raft.grpc.server.leader.outstanding.appends.max = 128 (default)
2019-11-14 19:55:29,877 [b117fa5f-2c4e-4381-a495-d707275fd4cd@group-751C019BC56F-LeaderElection6] INFO  server.RaftServerConfigKeys (ConfUtils.java:logGet(43)) - raft.server.rpc.request.timeout = 3000ms (default)
2019-11-14 19:55:29,878 [b117fa5f-2c4e-4381-a495-d707275fd4cd@group-751C019BC56F-LeaderElection6] INFO  server.RaftServerConfigKeys (ConfUtils.java:logGet(43)) - raft.server.log.appender.install.snapshot.enabled = false (custom)
2019-11-14 19:55:29,878 [b117fa5f-2c4e-4381-a495-d707275fd4cd@group-751C019BC56F-LeaderElection6] WARN  impl.MetricRegistriesImpl (MetricRegistriesImpl.java:lambda$create$1(61)) - First MetricRegistry has been created without registering reporters. You may need to call MetricRegistries.global().addReportRegistration(...) before.
2019-11-14 19:55:29,878 [b117fa5f-2c4e-4381-a495-d707275fd4cd@group-751C019BC56F-LeaderElection6] INFO  server.RaftServerConfigKeys (ConfUtils.java:logGet(43)) - raft.server.log.appender.snapshot.chunk.size.max = 16MB (=16777216) (default)
2019-11-14 19:55:29,878 [b117fa5f-2c4e-4381-a495-d707275fd4cd@group-751C019BC56F-LeaderElection6] INFO  server.RaftServerConfigKeys (ConfUtils.java:logGet(43)) - raft.server.log.appender.buffer.byte-limit = 33554432 (custom)
2019-11-14 19:55:29,879 [b117fa5f-2c4e-4381-a495-d707275fd4cd@group-751C019BC56F-LeaderElection6] INFO  server.RaftServerConfigKeys (ConfUtils.java:logGet(43)) - raft.server.log.appender.buffer.element-limit = 1 (custom)
2019-11-14 19:55:29,879 [b117fa5f-2c4e-4381-a495-d707275fd4cd@group-751C019BC56F-LeaderElection6] INFO  grpc.GrpcConfigKeys$Server (ConfUtils.java:logGet(43)) - raft.grpc.server.leader.outstanding.appends.max = 128 (default)
2019-11-14 19:55:29,879 [b117fa5f-2c4e-4381-a495-d707275fd4cd@group-751C019BC56F-LeaderElection6] INFO  server.RaftServerConfigKeys (ConfUtils.java:logGet(43)) - raft.server.rpc.request.timeout = 3000ms (default)
2019-11-14 19:55:29,879 [b117fa5f-2c4e-4381-a495-d707275fd4cd@group-751C019BC56F-LeaderElection6] INFO  server.RaftServerConfigKeys (ConfUtils.java:logGet(43)) - raft.server.log.appender.install.snapshot.enabled = false (custom)
2019-11-14 19:55:29,879 [b117fa5f-2c4e-4381-a495-d707275fd4cd@group-751C019BC56F-LeaderElection6] INFO  impl.RoleInfo (RoleInfo.java:updateAndGet(143)) - b117fa5f-2c4e-4381-a495-d707275fd4cd: start LeaderState
2019-11-14 19:55:29,880 [b117fa5f-2c4e-4381-a495-d707275fd4cd@group-751C019BC56F-LeaderElection6] INFO  segmented.SegmentedRaftLogWorker (SegmentedRaftLogWorker.java:startLogSegment(385)) - b117fa5f-2c4e-4381-a495-d707275fd4cd@group-751C019BC56F-SegmentedRaftLogWorker: Starting segment from index:0
2019-11-14 19:55:29,881 [b117fa5f-2c4e-4381-a495-d707275fd4cd@group-751C019BC56F-LeaderElection6] INFO  impl.RaftServerImpl (ServerState.java:setRaftConf(356)) - b117fa5f-2c4e-4381-a495-d707275fd4cd@group-751C019BC56F: set configuration 0: [b117fa5f-2c4e-4381-a495-d707275fd4cd:192.168.157.219:46720, 21186c51-1475-43f8-940c-f90b4fe03024:192.168.157.219:37993, 797ebefa-c895-4cb1-b191-6ff1bf83736b:192.168.157.219:44823], old=null at 0
2019-11-14 19:55:29,912 [grpc-default-executor-0] INFO  ratis.XceiverServerRatis (XceiverServerRatis.java:handleLeaderChangedNotification(697)) - Leader change notification received for group: group-751C019BC56F with new leaderId: b117fa5f-2c4e-4381-a495-d707275fd4cd
2019-11-14 19:55:29,915 [grpc-default-executor-2] INFO  ratis.XceiverServerRatis (XceiverServerRatis.java:handleLeaderChangedNotification(697)) - Leader change notification received for group: group-751C019BC56F with new leaderId: b117fa5f-2c4e-4381-a495-d707275fd4cd
2019-11-14 19:55:29,915 [grpc-default-executor-0] INFO  impl.RaftServerImpl (ServerState.java:setLeader(255)) - 797ebefa-c895-4cb1-b191-6ff1bf83736b@group-751C019BC56F: change Leader from null to b117fa5f-2c4e-4381-a495-d707275fd4cd at term 1 for appendEntries, leader elected after 1237ms
2019-11-14 19:55:29,915 [grpc-default-executor-2] INFO  impl.RaftServerImpl (ServerState.java:setLeader(255)) - 21186c51-1475-43f8-940c-f90b4fe03024@group-751C019BC56F: change Leader from null to b117fa5f-2c4e-4381-a495-d707275fd4cd at term 1 for appendEntries, leader elected after 1240ms
2019-11-14 19:55:29,921 [Thread-340] INFO  impl.FollowerState (FollowerState.java:run(111)) - 5698a14d-db8b-40b1-a590-5479916d1106@group-C1A45D404590-FollowerState: change to CANDIDATE, lastRpcTime:1070ms, electionTimeout:1070ms
2019-11-14 19:55:29,921 [Thread-340] INFO  impl.RoleInfo (RoleInfo.java:shutdownFollowerState(121)) - 5698a14d-db8b-40b1-a590-5479916d1106: shutdown FollowerState
2019-11-14 19:55:29,921 [Thread-340] INFO  impl.RaftServerImpl (RaftServerImpl.java:setRole(173)) - 5698a14d-db8b-40b1-a590-5479916d1106@group-C1A45D404590: changes role from  FOLLOWER to CANDIDATE at term 0 for changeToCandidate
2019-11-14 19:55:29,921 [Thread-340] INFO  impl.RoleInfo (RoleInfo.java:updateAndGet(143)) - 5698a14d-db8b-40b1-a590-5479916d1106: start LeaderElection
2019-11-14 19:55:29,927 [Thread-336] INFO  impl.FollowerState (FollowerState.java:run(111)) - af759c1c-c92d-45df-b04f-683eb4d9761f@group-C1A45D404590-FollowerState: change to CANDIDATE, lastRpcTime:1115ms, electionTimeout:1115ms
2019-11-14 19:55:29,927 [Thread-336] INFO  impl.RoleInfo (RoleInfo.java:shutdownFollowerState(121)) - af759c1c-c92d-45df-b04f-683eb4d9761f: shutdown FollowerState
2019-11-14 19:55:29,928 [Thread-336] INFO  impl.RaftServerImpl (RaftServerImpl.java:setRole(173)) - af759c1c-c92d-45df-b04f-683eb4d9761f@group-C1A45D404590: changes role from  FOLLOWER to CANDIDATE at term 0 for changeToCandidate
2019-11-14 19:55:29,928 [Thread-336] INFO  impl.RoleInfo (RoleInfo.java:updateAndGet(143)) - af759c1c-c92d-45df-b04f-683eb4d9761f: start LeaderElection
2019-11-14 19:55:29,933 [b117fa5f-2c4e-4381-a495-d707275fd4cd@group-751C019BC56F-SegmentedRaftLogWorker] INFO  segmented.SegmentedRaftLogWorker (SegmentedRaftLogWorker.java:execute(576)) - b117fa5f-2c4e-4381-a495-d707275fd4cd@group-751C019BC56F-SegmentedRaftLogWorker: created new log segment /workdir/hadoop-ozone/integration-test/target/test-dir/MiniOzoneClusterImpl-4164cd2a-9f03-471b-8431-fd84a2e2cb62/datanode-3/data/ratis/8de12a60-6b60-4178-8baa-751c019bc56f/current/log_inprogress_0
2019-11-14 19:55:29,933 [grpc-default-executor-0] INFO  impl.RaftServerImpl (ServerState.java:setRaftConf(356)) - 21186c51-1475-43f8-940c-f90b4fe03024@group-751C019BC56F: set configuration 0: [b117fa5f-2c4e-4381-a495-d707275fd4cd:192.168.157.219:46720, 21186c51-1475-43f8-940c-f90b4fe03024:192.168.157.219:37993, 797ebefa-c895-4cb1-b191-6ff1bf83736b:192.168.157.219:44823], old=null at 0
2019-11-14 19:55:29,933 [grpc-default-executor-2] INFO  impl.RaftServerImpl (ServerState.java:setRaftConf(356)) - 797ebefa-c895-4cb1-b191-6ff1bf83736b@group-751C019BC56F: set configuration 0: [b117fa5f-2c4e-4381-a495-d707275fd4cd:192.168.157.219:46720, 21186c51-1475-43f8-940c-f90b4fe03024:192.168.157.219:37993, 797ebefa-c895-4cb1-b191-6ff1bf83736b:192.168.157.219:44823], old=null at 0
2019-11-14 19:55:29,934 [grpc-default-executor-0] INFO  segmented.SegmentedRaftLogWorker (SegmentedRaftLogWorker.java:startLogSegment(385)) - 21186c51-1475-43f8-940c-f90b4fe03024@group-751C019BC56F-SegmentedRaftLogWorker: Starting segment from index:0
2019-11-14 19:55:29,934 [grpc-default-executor-2] INFO  segmented.SegmentedRaftLogWorker (SegmentedRaftLogWorker.java:startLogSegment(385)) - 797ebefa-c895-4cb1-b191-6ff1bf83736b@group-751C019BC56F-SegmentedRaftLogWorker: Starting segment from index:0
2019-11-14 19:55:29,949 [5698a14d-db8b-40b1-a590-5479916d1106@group-C1A45D404590-LeaderElection7] INFO  impl.LeaderElection (LeaderElection.java:askForVotes(178)) - 5698a14d-db8b-40b1-a590-5479916d1106@group-C1A45D404590-LeaderElection7: begin an election at term 1 for -1: [5698a14d-db8b-40b1-a590-5479916d1106:192.168.157.219:42308, af759c1c-c92d-45df-b04f-683eb4d9761f:192.168.157.219:38976, b4243c9e-0de7-4e8b-af85-81ed103925b9:192.168.157.219:38972], old=null
2019-11-14 19:55:29,949 [af759c1c-c92d-45df-b04f-683eb4d9761f@group-C1A45D404590-LeaderElection8] INFO  impl.LeaderElection (LeaderElection.java:askForVotes(178)) - af759c1c-c92d-45df-b04f-683eb4d9761f@group-C1A45D404590-LeaderElection8: begin an election at term 1 for -1: [5698a14d-db8b-40b1-a590-5479916d1106:192.168.157.219:42308, af759c1c-c92d-45df-b04f-683eb4d9761f:192.168.157.219:38976, b4243c9e-0de7-4e8b-af85-81ed103925b9:192.168.157.219:38972], old=null
2019-11-14 19:55:29,995 [grpc-default-executor-0] INFO  impl.RaftServerImpl (RaftServerImpl.java:setRole(173)) - b4243c9e-0de7-4e8b-af85-81ed103925b9@group-C1A45D404590: changes role from  FOLLOWER to FOLLOWER at term 1 for recognizeCandidate:5698a14d-db8b-40b1-a590-5479916d1106
2019-11-14 19:55:29,997 [grpc-default-executor-0] INFO  impl.RoleInfo (RoleInfo.java:shutdownFollowerState(121)) - b4243c9e-0de7-4e8b-af85-81ed103925b9: shutdown FollowerState
2019-11-14 19:55:29,999 [grpc-default-executor-0] INFO  impl.RoleInfo (RoleInfo.java:updateAndGet(143)) - b4243c9e-0de7-4e8b-af85-81ed103925b9: start FollowerState
2019-11-14 19:55:30,000 [797ebefa-c895-4cb1-b191-6ff1bf83736b@group-751C019BC56F-SegmentedRaftLogWorker] INFO  segmented.SegmentedRaftLogWorker (SegmentedRaftLogWorker.java:execute(576)) - 797ebefa-c895-4cb1-b191-6ff1bf83736b@group-751C019BC56F-SegmentedRaftLogWorker: created new log segment /workdir/hadoop-ozone/integration-test/target/test-dir/MiniOzoneClusterImpl-4164cd2a-9f03-471b-8431-fd84a2e2cb62/datanode-1/data/ratis/8de12a60-6b60-4178-8baa-751c019bc56f/current/log_inprogress_0
2019-11-14 19:55:30,000 [21186c51-1475-43f8-940c-f90b4fe03024@group-751C019BC56F-SegmentedRaftLogWorker] INFO  segmented.SegmentedRaftLogWorker (SegmentedRaftLogWorker.java:execute(576)) - 21186c51-1475-43f8-940c-f90b4fe03024@group-751C019BC56F-SegmentedRaftLogWorker: created new log segment /workdir/hadoop-ozone/integration-test/target/test-dir/MiniOzoneClusterImpl-4164cd2a-9f03-471b-8431-fd84a2e2cb62/datanode-8/data/ratis/8de12a60-6b60-4178-8baa-751c019bc56f/current/log_inprogress_0
2019-11-14 19:55:30,000 [Thread-341] INFO  impl.FollowerState (FollowerState.java:run(120)) - b4243c9e-0de7-4e8b-af85-81ed103925b9@group-C1A45D404590-FollowerState was interrupted: java.lang.InterruptedException: sleep interrupted
2019-11-14 19:55:30,031 [af759c1c-c92d-45df-b04f-683eb4d9761f@group-C1A45D404590-LeaderElection8] INFO  impl.LeaderElection (LeaderElection.java:logAndReturn(56)) - af759c1c-c92d-45df-b04f-683eb4d9761f@group-C1A45D404590-LeaderElection8: Election REJECTED; received 2 response(s) [af759c1c-c92d-45df-b04f-683eb4d9761f<-5698a14d-db8b-40b1-a590-5479916d1106#0:FAIL-t1, af759c1c-c92d-45df-b04f-683eb4d9761f<-b4243c9e-0de7-4e8b-af85-81ed103925b9#0:FAIL-t1] and 0 exception(s); af759c1c-c92d-45df-b04f-683eb4d9761f@group-C1A45D404590:t1, leader=null, voted=af759c1c-c92d-45df-b04f-683eb4d9761f, raftlog=af759c1c-c92d-45df-b04f-683eb4d9761f@group-C1A45D404590-SegmentedRaftLog:OPENED:c-1,f-1,i0, conf=-1: [5698a14d-db8b-40b1-a590-5479916d1106:192.168.157.219:42308, af759c1c-c92d-45df-b04f-683eb4d9761f:192.168.157.219:38976, b4243c9e-0de7-4e8b-af85-81ed103925b9:192.168.157.219:38972], old=null
2019-11-14 19:55:30,031 [5698a14d-db8b-40b1-a590-5479916d1106@group-C1A45D404590-LeaderElection7] INFO  impl.LeaderElection (LeaderElection.java:logAndReturn(56)) - 5698a14d-db8b-40b1-a590-5479916d1106@group-C1A45D404590-LeaderElection7: Election PASSED; received 2 response(s) [5698a14d-db8b-40b1-a590-5479916d1106<-af759c1c-c92d-45df-b04f-683eb4d9761f#0:FAIL-t1, 5698a14d-db8b-40b1-a590-5479916d1106<-b4243c9e-0de7-4e8b-af85-81ed103925b9#0:OK-t1] and 0 exception(s); 5698a14d-db8b-40b1-a590-5479916d1106@group-C1A45D404590:t1, leader=null, voted=5698a14d-db8b-40b1-a590-5479916d1106, raftlog=5698a14d-db8b-40b1-a590-5479916d1106@group-C1A45D404590-SegmentedRaftLog:OPENED:c-1,f-1,i0, conf=-1: [5698a14d-db8b-40b1-a590-5479916d1106:192.168.157.219:42308, af759c1c-c92d-45df-b04f-683eb4d9761f:192.168.157.219:38976, b4243c9e-0de7-4e8b-af85-81ed103925b9:192.168.157.219:38972], old=null
2019-11-14 19:55:30,032 [af759c1c-c92d-45df-b04f-683eb4d9761f@group-C1A45D404590-LeaderElection8] INFO  impl.RaftServerImpl (RaftServerImpl.java:setRole(173)) - af759c1c-c92d-45df-b04f-683eb4d9761f@group-C1A45D404590: changes role from CANDIDATE to FOLLOWER at term 1 for DISCOVERED_A_NEW_TERM
2019-11-14 19:55:30,039 [5698a14d-db8b-40b1-a590-5479916d1106@group-C1A45D404590-LeaderElection7] INFO  impl.RoleInfo (RoleInfo.java:shutdownLeaderElection(134)) - 5698a14d-db8b-40b1-a590-5479916d1106: shutdown LeaderElection
2019-11-14 19:55:30,039 [af759c1c-c92d-45df-b04f-683eb4d9761f@group-C1A45D404590-LeaderElection8] INFO  impl.RoleInfo (RoleInfo.java:shutdownLeaderElection(134)) - af759c1c-c92d-45df-b04f-683eb4d9761f: shutdown LeaderElection
2019-11-14 19:55:30,042 [5698a14d-db8b-40b1-a590-5479916d1106@group-C1A45D404590-LeaderElection7] INFO  impl.RaftServerImpl (RaftServerImpl.java:setRole(173)) - 5698a14d-db8b-40b1-a590-5479916d1106@group-C1A45D404590: changes role from CANDIDATE to LEADER at term 1 for changeToLeader
2019-11-14 19:55:30,042 [af759c1c-c92d-45df-b04f-683eb4d9761f@group-C1A45D404590-LeaderElection8] INFO  impl.RoleInfo (RoleInfo.java:updateAndGet(143)) - af759c1c-c92d-45df-b04f-683eb4d9761f: start FollowerState
2019-11-14 19:55:30,042 [5698a14d-db8b-40b1-a590-5479916d1106@group-C1A45D404590-LeaderElection7] INFO  ratis.XceiverServerRatis (XceiverServerRatis.java:handleLeaderChangedNotification(697)) - Leader change notification received for group: group-C1A45D404590 with new leaderId: 5698a14d-db8b-40b1-a590-5479916d1106
2019-11-14 19:55:30,044 [5698a14d-db8b-40b1-a590-5479916d1106@group-C1A45D404590-LeaderElection7] INFO  impl.RaftServerImpl (ServerState.java:setLeader(255)) - 5698a14d-db8b-40b1-a590-5479916d1106@group-C1A45D404590: change Leader from null to 5698a14d-db8b-40b1-a590-5479916d1106 at term 1 for becomeLeader, leader elected after 1236ms
2019-11-14 19:55:30,044 [5698a14d-db8b-40b1-a590-5479916d1106@group-C1A45D404590-LeaderElection7] INFO  server.RaftServerConfigKeys (ConfUtils.java:logGet(43)) - raft.server.staging.catchup.gap = 1000 (default)
2019-11-14 19:55:30,044 [5698a14d-db8b-40b1-a590-5479916d1106@group-C1A45D404590-LeaderElection7] INFO  server.RaftServerConfigKeys (ConfUtils.java:logGet(43)) - raft.server.rpc.sleep.time = 25ms (default)
2019-11-14 19:55:30,044 [5698a14d-db8b-40b1-a590-5479916d1106@group-C1A45D404590-LeaderElection7] INFO  server.RaftServerConfigKeys (ConfUtils.java:logGet(43)) - raft.server.write.element-limit = 4096 (default)
2019-11-14 19:55:30,044 [5698a14d-db8b-40b1-a590-5479916d1106@group-C1A45D404590-LeaderElection7] INFO  server.RaftServerConfigKeys (ConfUtils.java:logGet(43)) - raft.server.watch.timeout = 10s (default)
2019-11-14 19:55:30,044 [5698a14d-db8b-40b1-a590-5479916d1106@group-C1A45D404590-LeaderElection7] INFO  server.RaftServerConfigKeys (ConfUtils.java:logGet(43)) - raft.server.watch.timeout.denomination = 1s (default)
2019-11-14 19:55:30,044 [5698a14d-db8b-40b1-a590-5479916d1106@group-C1A45D404590-LeaderElection7] INFO  server.RaftServerConfigKeys (ConfUtils.java:logGet(43)) - raft.server.watch.element-limit = 65536 (default)
2019-11-14 19:55:30,044 [5698a14d-db8b-40b1-a590-5479916d1106@group-C1A45D404590-LeaderElection7] INFO  server.RaftServerConfigKeys (ConfUtils.java:logGet(43)) - raft.server.log.appender.snapshot.chunk.size.max = 16MB (=16777216) (default)
2019-11-14 19:55:30,045 [5698a14d-db8b-40b1-a590-5479916d1106@group-C1A45D404590-LeaderElection7] INFO  server.RaftServerConfigKeys (ConfUtils.java:logGet(43)) - raft.server.log.appender.buffer.byte-limit = 33554432 (custom)
2019-11-14 19:55:30,045 [5698a14d-db8b-40b1-a590-5479916d1106@group-C1A45D404590-LeaderElection7] INFO  server.RaftServerConfigKeys (ConfUtils.java:logGet(43)) - raft.server.log.appender.buffer.element-limit = 1 (custom)
2019-11-14 19:55:30,045 [5698a14d-db8b-40b1-a590-5479916d1106@group-C1A45D404590-LeaderElection7] INFO  grpc.GrpcConfigKeys$Server (ConfUtils.java:logGet(43)) - raft.grpc.server.leader.outstanding.appends.max = 128 (default)
2019-11-14 19:55:30,045 [5698a14d-db8b-40b1-a590-5479916d1106@group-C1A45D404590-LeaderElection7] INFO  server.RaftServerConfigKeys (ConfUtils.java:logGet(43)) - raft.server.rpc.request.timeout = 3000ms (default)
2019-11-14 19:55:30,045 [EventQueue-PipelineReportForPipelineReportHandler] INFO  pipeline.PipelineStateManager (PipelineStateManager.java:openPipeline(134)) - Pipeline Pipeline[ Id: fd84a2ea-96ff-4c28-94f0-c1a45d404590, Nodes: af759c1c-c92d-45df-b04f-683eb4d9761f{ip: 192.168.157.219, host: pr-hdds-2489-n52xc-1246314526, networkLocation: /rack1, certSerialId: null}5698a14d-db8b-40b1-a590-5479916d1106{ip: 192.168.157.219, host: pr-hdds-2489-n52xc-1246314526, networkLocation: /rack1, certSerialId: null}b4243c9e-0de7-4e8b-af85-81ed103925b9{ip: 192.168.157.219, host: pr-hdds-2489-n52xc-1246314526, networkLocation: /rack1, certSerialId: null}, Type:RATIS, Factor:THREE, State:OPEN] moved to OPEN state
2019-11-14 19:55:30,045 [5698a14d-db8b-40b1-a590-5479916d1106@group-C1A45D404590-LeaderElection7] INFO  server.RaftServerConfigKeys (ConfUtils.java:logGet(43)) - raft.server.log.appender.install.snapshot.enabled = false (custom)
2019-11-14 19:55:30,045 [5698a14d-db8b-40b1-a590-5479916d1106@group-C1A45D404590-LeaderElection7] WARN  impl.MetricRegistriesImpl (MetricRegistriesImpl.java:lambda$create$1(61)) - First MetricRegistry has been created without registering reporters. You may need to call MetricRegistries.global().addReportRegistration(...) before.
2019-11-14 19:55:30,046 [5698a14d-db8b-40b1-a590-5479916d1106@group-C1A45D404590-LeaderElection7] INFO  server.RaftServerConfigKeys (ConfUtils.java:logGet(43)) - raft.server.log.appender.snapshot.chunk.size.max = 16MB (=16777216) (default)
2019-11-14 19:55:30,046 [5698a14d-db8b-40b1-a590-5479916d1106@group-C1A45D404590-LeaderElection7] INFO  server.RaftServerConfigKeys (ConfUtils.java:logGet(43)) - raft.server.log.appender.buffer.byte-limit = 33554432 (custom)
2019-11-14 19:55:30,046 [5698a14d-db8b-40b1-a590-5479916d1106@group-C1A45D404590-LeaderElection7] INFO  server.RaftServerConfigKeys (ConfUtils.java:logGet(43)) - raft.server.log.appender.buffer.element-limit = 1 (custom)
2019-11-14 19:55:30,046 [5698a14d-db8b-40b1-a590-5479916d1106@group-C1A45D404590-LeaderElection7] INFO  grpc.GrpcConfigKeys$Server (ConfUtils.java:logGet(43)) - raft.grpc.server.leader.outstanding.appends.max = 128 (default)
2019-11-14 19:55:30,046 [5698a14d-db8b-40b1-a590-5479916d1106@group-C1A45D404590-LeaderElection7] INFO  server.RaftServerConfigKeys (ConfUtils.java:logGet(43)) - raft.server.rpc.request.timeout = 3000ms (default)
2019-11-14 19:55:30,046 [5698a14d-db8b-40b1-a590-5479916d1106@group-C1A45D404590-LeaderElection7] INFO  server.RaftServerConfigKeys (ConfUtils.java:logGet(43)) - raft.server.log.appender.install.snapshot.enabled = false (custom)
2019-11-14 19:55:30,046 [5698a14d-db8b-40b1-a590-5479916d1106@group-C1A45D404590-LeaderElection7] INFO  impl.RoleInfo (RoleInfo.java:updateAndGet(143)) - 5698a14d-db8b-40b1-a590-5479916d1106: start LeaderState
2019-11-14 19:55:30,047 [5698a14d-db8b-40b1-a590-5479916d1106@group-C1A45D404590-LeaderElection7] INFO  segmented.SegmentedRaftLogWorker (SegmentedRaftLogWorker.java:startLogSegment(385)) - 5698a14d-db8b-40b1-a590-5479916d1106@group-C1A45D404590-SegmentedRaftLogWorker: Starting segment from index:0
2019-11-14 19:55:30,047 [5698a14d-db8b-40b1-a590-5479916d1106@group-C1A45D404590-LeaderElection7] INFO  impl.RaftServerImpl (ServerState.java:setRaftConf(356)) - 5698a14d-db8b-40b1-a590-5479916d1106@group-C1A45D404590: set configuration 0: [5698a14d-db8b-40b1-a590-5479916d1106:192.168.157.219:42308, af759c1c-c92d-45df-b04f-683eb4d9761f:192.168.157.219:38976, b4243c9e-0de7-4e8b-af85-81ed103925b9:192.168.157.219:38972], old=null at 0
2019-11-14 19:55:30,049 [grpc-default-executor-0] INFO  ratis.XceiverServerRatis (XceiverServerRatis.java:handleLeaderChangedNotification(697)) - Leader change notification received for group: group-C1A45D404590 with new leaderId: 5698a14d-db8b-40b1-a590-5479916d1106
2019-11-14 19:55:30,073 [grpc-default-executor-3] INFO  ratis.XceiverServerRatis (XceiverServerRatis.java:handleLeaderChangedNotification(697)) - Leader change notification received for group: group-C1A45D404590 with new leaderId: 5698a14d-db8b-40b1-a590-5479916d1106
2019-11-14 19:55:30,073 [grpc-default-executor-0] INFO  impl.RaftServerImpl (ServerState.java:setLeader(255)) - af759c1c-c92d-45df-b04f-683eb4d9761f@group-C1A45D404590: change Leader from null to 5698a14d-db8b-40b1-a590-5479916d1106 at term 1 for appendEntries, leader elected after 1244ms
2019-11-14 19:55:30,073 [grpc-default-executor-3] INFO  impl.RaftServerImpl (ServerState.java:setLeader(255)) - b4243c9e-0de7-4e8b-af85-81ed103925b9@group-C1A45D404590: change Leader from null to 5698a14d-db8b-40b1-a590-5479916d1106 at term 1 for appendEntries, leader elected after 1267ms
2019-11-14 19:55:30,077 [grpc-default-executor-0] INFO  impl.RaftServerImpl (ServerState.java:setRaftConf(356)) - b4243c9e-0de7-4e8b-af85-81ed103925b9@group-C1A45D404590: set configuration 0: [5698a14d-db8b-40b1-a590-5479916d1106:192.168.157.219:42308, af759c1c-c92d-45df-b04f-683eb4d9761f:192.168.157.219:38976, b4243c9e-0de7-4e8b-af85-81ed103925b9:192.168.157.219:38972], old=null at 0
2019-11-14 19:55:30,077 [grpc-default-executor-3] INFO  impl.RaftServerImpl (ServerState.java:setRaftConf(356)) - af759c1c-c92d-45df-b04f-683eb4d9761f@group-C1A45D404590: set configuration 0: [5698a14d-db8b-40b1-a590-5479916d1106:192.168.157.219:42308, af759c1c-c92d-45df-b04f-683eb4d9761f:192.168.157.219:38976, b4243c9e-0de7-4e8b-af85-81ed103925b9:192.168.157.219:38972], old=null at 0
2019-11-14 19:55:30,078 [grpc-default-executor-0] INFO  segmented.SegmentedRaftLogWorker (SegmentedRaftLogWorker.java:startLogSegment(385)) - b4243c9e-0de7-4e8b-af85-81ed103925b9@group-C1A45D404590-SegmentedRaftLogWorker: Starting segment from index:0
2019-11-14 19:55:30,078 [grpc-default-executor-3] INFO  segmented.SegmentedRaftLogWorker (SegmentedRaftLogWorker.java:startLogSegment(385)) - af759c1c-c92d-45df-b04f-683eb4d9761f@group-C1A45D404590-SegmentedRaftLogWorker: Starting segment from index:0
2019-11-14 19:55:30,094 [5698a14d-db8b-40b1-a590-5479916d1106@group-C1A45D404590-SegmentedRaftLogWorker] INFO  segmented.SegmentedRaftLogWorker (SegmentedRaftLogWorker.java:execute(576)) - 5698a14d-db8b-40b1-a590-5479916d1106@group-C1A45D404590-SegmentedRaftLogWorker: created new log segment /workdir/hadoop-ozone/integration-test/target/test-dir/MiniOzoneClusterImpl-4164cd2a-9f03-471b-8431-fd84a2e2cb62/datanode-4/data/ratis/fd84a2ea-96ff-4c28-94f0-c1a45d404590/current/log_inprogress_0
2019-11-14 19:55:30,116 [af759c1c-c92d-45df-b04f-683eb4d9761f@group-C1A45D404590-SegmentedRaftLogWorker] INFO  segmented.SegmentedRaftLogWorker (SegmentedRaftLogWorker.java:execute(576)) - af759c1c-c92d-45df-b04f-683eb4d9761f@group-C1A45D404590-SegmentedRaftLogWorker: created new log segment /workdir/hadoop-ozone/integration-test/target/test-dir/MiniOzoneClusterImpl-4164cd2a-9f03-471b-8431-fd84a2e2cb62/datanode-5/data/ratis/fd84a2ea-96ff-4c28-94f0-c1a45d404590/current/log_inprogress_0
2019-11-14 19:55:30,116 [b4243c9e-0de7-4e8b-af85-81ed103925b9@group-C1A45D404590-SegmentedRaftLogWorker] INFO  segmented.SegmentedRaftLogWorker (SegmentedRaftLogWorker.java:execute(576)) - b4243c9e-0de7-4e8b-af85-81ed103925b9@group-C1A45D404590-SegmentedRaftLogWorker: created new log segment /workdir/hadoop-ozone/integration-test/target/test-dir/MiniOzoneClusterImpl-4164cd2a-9f03-471b-8431-fd84a2e2cb62/datanode-0/data/ratis/fd84a2ea-96ff-4c28-94f0-c1a45d404590/current/log_inprogress_0
2019-11-14 19:55:30,863 [Thread-318] INFO  impl.FollowerState (FollowerState.java:run(111)) - b74b6e41-b4f8-4f70-a45a-58780751dbf1@group-C8D10AEBF337-FollowerState: change to CANDIDATE, lastRpcTime:1930ms, electionTimeout:1010ms
2019-11-14 19:55:30,863 [Thread-318] INFO  impl.RoleInfo (RoleInfo.java:shutdownFollowerState(121)) - b74b6e41-b4f8-4f70-a45a-58780751dbf1: shutdown FollowerState
2019-11-14 19:55:30,863 [Thread-318] INFO  impl.RaftServerImpl (RaftServerImpl.java:setRole(173)) - b74b6e41-b4f8-4f70-a45a-58780751dbf1@group-C8D10AEBF337: changes role from  FOLLOWER to CANDIDATE at term 1 for changeToCandidate
2019-11-14 19:55:30,863 [Thread-318] INFO  impl.RoleInfo (RoleInfo.java:updateAndGet(143)) - b74b6e41-b4f8-4f70-a45a-58780751dbf1: start LeaderElection
2019-11-14 19:55:30,866 [b74b6e41-b4f8-4f70-a45a-58780751dbf1@group-C8D10AEBF337-LeaderElection9] INFO  impl.RaftServerImpl (ServerState.java:setLeader(255)) - b74b6e41-b4f8-4f70-a45a-58780751dbf1@group-C8D10AEBF337: change Leader from 0dd744a2-47ab-4d30-8d7a-27587728c440 to null at term 1 for initElection
2019-11-14 19:55:30,891 [b74b6e41-b4f8-4f70-a45a-58780751dbf1@group-C8D10AEBF337-LeaderElection9] INFO  impl.LeaderElection (LeaderElection.java:askForVotes(178)) - b74b6e41-b4f8-4f70-a45a-58780751dbf1@group-C8D10AEBF337-LeaderElection9: begin an election at term 2 for 0: [0203d6eb-35d8-4784-bff3-7fee374bf3e2:192.168.157.219:45232, 0dd744a2-47ab-4d30-8d7a-27587728c440:192.168.157.219:41669, b74b6e41-b4f8-4f70-a45a-58780751dbf1:192.168.157.219:39468], old=null
2019-11-14 19:55:30,905 [grpc-default-executor-3] WARN  server.GrpcServerProtocolService (LogUtils.java:warn(136)) - 0dd744a2-47ab-4d30-8d7a-27587728c440: Failed requestVote b74b6e41-b4f8-4f70-a45a-58780751dbf1->0dd744a2-47ab-4d30-8d7a-27587728c440#0
org.apache.ratis.protocol.GroupMismatchException: 0dd744a2-47ab-4d30-8d7a-27587728c440: group-C8D10AEBF337 not found.
	at org.apache.ratis.server.impl.RaftServerProxy$ImplMap.get(RaftServerProxy.java:122)
	at org.apache.ratis.server.impl.RaftServerProxy.getImplFuture(RaftServerProxy.java:269)
	at org.apache.ratis.server.impl.RaftServerProxy.getImpl(RaftServerProxy.java:278)
	at org.apache.ratis.server.impl.RaftServerProxy.getImpl(RaftServerProxy.java:273)
	at org.apache.ratis.server.impl.RaftServerProxy.requestVote(RaftServerProxy.java:443)
	at org.apache.ratis.grpc.server.GrpcServerProtocolService.requestVote(GrpcServerProtocolService.java:142)
	at org.apache.ratis.proto.grpc.RaftServerProtocolServiceGrpc$MethodHandlers.invoke(RaftServerProtocolServiceGrpc.java:319)
	at org.apache.ratis.thirdparty.io.grpc.stub.ServerCalls$UnaryServerCallHandler$UnaryServerCallListener.onHalfClose(ServerCalls.java:171)
	at org.apache.ratis.thirdparty.io.grpc.internal.ServerCallImpl$ServerStreamListenerImpl.halfClosed(ServerCallImpl.java:283)
	at org.apache.ratis.thirdparty.io.grpc.internal.ServerImpl$JumpToApplicationThreadServerStreamListener$1HalfClosed.runInContext(ServerImpl.java:710)
	at org.apache.ratis.thirdparty.io.grpc.internal.ContextRunnable.run(ContextRunnable.java:37)
	at org.apache.ratis.thirdparty.io.grpc.internal.SerializingExecutor.run(SerializingExecutor.java:123)
	at java.util.concurrent.ThreadPoolExecutor.runWorker(ThreadPoolExecutor.java:1149)
	at java.util.concurrent.ThreadPoolExecutor$Worker.run(ThreadPoolExecutor.java:624)
	at java.lang.Thread.run(Thread.java:748)
2019-11-14 19:55:30,905 [grpc-default-executor-0] WARN  server.GrpcServerProtocolService (LogUtils.java:warn(136)) - 0203d6eb-35d8-4784-bff3-7fee374bf3e2: Failed requestVote b74b6e41-b4f8-4f70-a45a-58780751dbf1->0203d6eb-35d8-4784-bff3-7fee374bf3e2#0
org.apache.ratis.protocol.GroupMismatchException: 0203d6eb-35d8-4784-bff3-7fee374bf3e2: group-C8D10AEBF337 not found.
	at org.apache.ratis.server.impl.RaftServerProxy$ImplMap.get(RaftServerProxy.java:122)
	at org.apache.ratis.server.impl.RaftServerProxy.getImplFuture(RaftServerProxy.java:269)
	at org.apache.ratis.server.impl.RaftServerProxy.getImpl(RaftServerProxy.java:278)
	at org.apache.ratis.server.impl.RaftServerProxy.getImpl(RaftServerProxy.java:273)
	at org.apache.ratis.server.impl.RaftServerProxy.requestVote(RaftServerProxy.java:443)
	at org.apache.ratis.grpc.server.GrpcServerProtocolService.requestVote(GrpcServerProtocolService.java:142)
	at org.apache.ratis.proto.grpc.RaftServerProtocolServiceGrpc$MethodHandlers.invoke(RaftServerProtocolServiceGrpc.java:319)
	at org.apache.ratis.thirdparty.io.grpc.stub.ServerCalls$UnaryServerCallHandler$UnaryServerCallListener.onHalfClose(ServerCalls.java:171)
	at org.apache.ratis.thirdparty.io.grpc.internal.ServerCallImpl$ServerStreamListenerImpl.halfClosed(ServerCallImpl.java:283)
	at org.apache.ratis.thirdparty.io.grpc.internal.ServerImpl$JumpToApplicationThreadServerStreamListener$1HalfClosed.runInContext(ServerImpl.java:710)
	at org.apache.ratis.thirdparty.io.grpc.internal.ContextRunnable.run(ContextRunnable.java:37)
	at org.apache.ratis.thirdparty.io.grpc.internal.SerializingExecutor.run(SerializingExecutor.java:123)
	at java.util.concurrent.ThreadPoolExecutor.runWorker(ThreadPoolExecutor.java:1149)
	at java.util.concurrent.ThreadPoolExecutor$Worker.run(ThreadPoolExecutor.java:624)
	at java.lang.Thread.run(Thread.java:748)
2019-11-14 19:55:30,950 [b74b6e41-b4f8-4f70-a45a-58780751dbf1@group-C8D10AEBF337-LeaderElection9] INFO  impl.LeaderElection (LogUtils.java:infoOrTrace(149)) - b74b6e41-b4f8-4f70-a45a-58780751dbf1@group-C8D10AEBF337-LeaderElection9 got exception when requesting votes: {}
java.util.concurrent.ExecutionException: org.apache.ratis.thirdparty.io.grpc.StatusRuntimeException: INTERNAL: 0dd744a2-47ab-4d30-8d7a-27587728c440: group-C8D10AEBF337 not found.
	at java.util.concurrent.FutureTask.report(FutureTask.java:122)
	at java.util.concurrent.FutureTask.get(FutureTask.java:192)
	at org.apache.ratis.server.impl.LeaderElection.waitForResults(LeaderElection.java:259)
	at org.apache.ratis.server.impl.LeaderElection.askForVotes(LeaderElection.java:197)
	at org.apache.ratis.server.impl.LeaderElection.run(LeaderElection.java:133)
	at java.lang.Thread.run(Thread.java:748)
Caused by: org.apache.ratis.thirdparty.io.grpc.StatusRuntimeException: INTERNAL: 0dd744a2-47ab-4d30-8d7a-27587728c440: group-C8D10AEBF337 not found.
	at org.apache.ratis.thirdparty.io.grpc.stub.ClientCalls.toStatusRuntimeException(ClientCalls.java:233)
	at org.apache.ratis.thirdparty.io.grpc.stub.ClientCalls.getUnchecked(ClientCalls.java:214)
	at org.apache.ratis.thirdparty.io.grpc.stub.ClientCalls.blockingUnaryCall(ClientCalls.java:139)
	at org.apache.ratis.proto.grpc.RaftServerProtocolServiceGrpc$RaftServerProtocolServiceBlockingStub.requestVote(RaftServerProtocolServiceGrpc.java:265)
	at org.apache.ratis.grpc.server.GrpcServerProtocolClient.requestVote(GrpcServerProtocolClient.java:99)
	at org.apache.ratis.grpc.server.GrpcService.requestVote(GrpcService.java:204)
	at org.apache.ratis.server.impl.LeaderElection.lambda$submitRequests$1(LeaderElection.java:234)
	at java.util.concurrent.FutureTask.run(FutureTask.java:266)
	at java.util.concurrent.Executors$RunnableAdapter.call(Executors.java:511)
	at java.util.concurrent.FutureTask.run(FutureTask.java:266)
	at java.util.concurrent.ThreadPoolExecutor.runWorker(ThreadPoolExecutor.java:1149)
	at java.util.concurrent.ThreadPoolExecutor$Worker.run(ThreadPoolExecutor.java:624)
	... 1 more
2019-11-14 19:55:30,951 [b74b6e41-b4f8-4f70-a45a-58780751dbf1@group-C8D10AEBF337-LeaderElection9] INFO  impl.LeaderElection (LogUtils.java:infoOrTrace(149)) - b74b6e41-b4f8-4f70-a45a-58780751dbf1@group-C8D10AEBF337-LeaderElection9 got exception when requesting votes: {}
java.util.concurrent.ExecutionException: org.apache.ratis.thirdparty.io.grpc.StatusRuntimeException: INTERNAL: 0203d6eb-35d8-4784-bff3-7fee374bf3e2: group-C8D10AEBF337 not found.
	at java.util.concurrent.FutureTask.report(FutureTask.java:122)
	at java.util.concurrent.FutureTask.get(FutureTask.java:192)
	at org.apache.ratis.server.impl.LeaderElection.waitForResults(LeaderElection.java:259)
	at org.apache.ratis.server.impl.LeaderElection.askForVotes(LeaderElection.java:197)
	at org.apache.ratis.server.impl.LeaderElection.run(LeaderElection.java:133)
	at java.lang.Thread.run(Thread.java:748)
Caused by: org.apache.ratis.thirdparty.io.grpc.StatusRuntimeException: INTERNAL: 0203d6eb-35d8-4784-bff3-7fee374bf3e2: group-C8D10AEBF337 not found.
	at org.apache.ratis.thirdparty.io.grpc.stub.ClientCalls.toStatusRuntimeException(ClientCalls.java:233)
	at org.apache.ratis.thirdparty.io.grpc.stub.ClientCalls.getUnchecked(ClientCalls.java:214)
	at org.apache.ratis.thirdparty.io.grpc.stub.ClientCalls.blockingUnaryCall(ClientCalls.java:139)
	at org.apache.ratis.proto.grpc.RaftServerProtocolServiceGrpc$RaftServerProtocolServiceBlockingStub.requestVote(RaftServerProtocolServiceGrpc.java:265)
	at org.apache.ratis.grpc.server.GrpcServerProtocolClient.requestVote(GrpcServerProtocolClient.java:99)
	at org.apache.ratis.grpc.server.GrpcService.requestVote(GrpcService.java:204)
	at org.apache.ratis.server.impl.LeaderElection.lambda$submitRequests$1(LeaderElection.java:234)
	at java.util.concurrent.FutureTask.run(FutureTask.java:266)
	at java.util.concurrent.Executors$RunnableAdapter.call(Executors.java:511)
	at java.util.concurrent.FutureTask.run(FutureTask.java:266)
	at java.util.concurrent.ThreadPoolExecutor.runWorker(ThreadPoolExecutor.java:1149)
	at java.util.concurrent.ThreadPoolExecutor$Worker.run(ThreadPoolExecutor.java:624)
	... 1 more
2019-11-14 19:55:30,953 [b74b6e41-b4f8-4f70-a45a-58780751dbf1@group-C8D10AEBF337-LeaderElection9] INFO  impl.LeaderElection (LeaderElection.java:logAndReturn(56)) - b74b6e41-b4f8-4f70-a45a-58780751dbf1@group-C8D10AEBF337-LeaderElection9: Election REJECTED; received 0 response(s) [] and 2 exception(s); b74b6e41-b4f8-4f70-a45a-58780751dbf1@group-C8D10AEBF337:t2, leader=null, voted=b74b6e41-b4f8-4f70-a45a-58780751dbf1, raftlog=b74b6e41-b4f8-4f70-a45a-58780751dbf1@group-C8D10AEBF337-SegmentedRaftLog:OPENED:c-1,f0,i0, conf=0: [0203d6eb-35d8-4784-bff3-7fee374bf3e2:192.168.157.219:45232, 0dd744a2-47ab-4d30-8d7a-27587728c440:192.168.157.219:41669, b74b6e41-b4f8-4f70-a45a-58780751dbf1:192.168.157.219:39468], old=null
2019-11-14 19:55:30,953 [b74b6e41-b4f8-4f70-a45a-58780751dbf1@group-C8D10AEBF337-LeaderElection9] INFO  impl.LeaderElection (LogUtils.java:infoOrTrace(149)) -   Exception 0: {}
java.util.concurrent.ExecutionException: org.apache.ratis.thirdparty.io.grpc.StatusRuntimeException: INTERNAL: 0dd744a2-47ab-4d30-8d7a-27587728c440: group-C8D10AEBF337 not found.
	at java.util.concurrent.FutureTask.report(FutureTask.java:122)
	at java.util.concurrent.FutureTask.get(FutureTask.java:192)
	at org.apache.ratis.server.impl.LeaderElection.waitForResults(LeaderElection.java:259)
	at org.apache.ratis.server.impl.LeaderElection.askForVotes(LeaderElection.java:197)
	at org.apache.ratis.server.impl.LeaderElection.run(LeaderElection.java:133)
	at java.lang.Thread.run(Thread.java:748)
Caused by: org.apache.ratis.thirdparty.io.grpc.StatusRuntimeException: INTERNAL: 0dd744a2-47ab-4d30-8d7a-27587728c440: group-C8D10AEBF337 not found.
	at org.apache.ratis.thirdparty.io.grpc.stub.ClientCalls.toStatusRuntimeException(ClientCalls.java:233)
	at org.apache.ratis.thirdparty.io.grpc.stub.ClientCalls.getUnchecked(ClientCalls.java:214)
	at org.apache.ratis.thirdparty.io.grpc.stub.ClientCalls.blockingUnaryCall(ClientCalls.java:139)
	at org.apache.ratis.proto.grpc.RaftServerProtocolServiceGrpc$RaftServerProtocolServiceBlockingStub.requestVote(RaftServerProtocolServiceGrpc.java:265)
	at org.apache.ratis.grpc.server.GrpcServerProtocolClient.requestVote(GrpcServerProtocolClient.java:99)
	at org.apache.ratis.grpc.server.GrpcService.requestVote(GrpcService.java:204)
	at org.apache.ratis.server.impl.LeaderElection.lambda$submitRequests$1(LeaderElection.java:234)
	at java.util.concurrent.FutureTask.run(FutureTask.java:266)
	at java.util.concurrent.Executors$RunnableAdapter.call(Executors.java:511)
	at java.util.concurrent.FutureTask.run(FutureTask.java:266)
	at java.util.concurrent.ThreadPoolExecutor.runWorker(ThreadPoolExecutor.java:1149)
	at java.util.concurrent.ThreadPoolExecutor$Worker.run(ThreadPoolExecutor.java:624)
	... 1 more
2019-11-14 19:55:30,954 [b74b6e41-b4f8-4f70-a45a-58780751dbf1@group-C8D10AEBF337-LeaderElection9] INFO  impl.LeaderElection (LogUtils.java:infoOrTrace(149)) -   Exception 1: {}
java.util.concurrent.ExecutionException: org.apache.ratis.thirdparty.io.grpc.StatusRuntimeException: INTERNAL: 0203d6eb-35d8-4784-bff3-7fee374bf3e2: group-C8D10AEBF337 not found.
	at java.util.concurrent.FutureTask.report(FutureTask.java:122)
	at java.util.concurrent.FutureTask.get(FutureTask.java:192)
	at org.apache.ratis.server.impl.LeaderElection.waitForResults(LeaderElection.java:259)
	at org.apache.ratis.server.impl.LeaderElection.askForVotes(LeaderElection.java:197)
	at org.apache.ratis.server.impl.LeaderElection.run(LeaderElection.java:133)
	at java.lang.Thread.run(Thread.java:748)
Caused by: org.apache.ratis.thirdparty.io.grpc.StatusRuntimeException: INTERNAL: 0203d6eb-35d8-4784-bff3-7fee374bf3e2: group-C8D10AEBF337 not found.
	at org.apache.ratis.thirdparty.io.grpc.stub.ClientCalls.toStatusRuntimeException(ClientCalls.java:233)
	at org.apache.ratis.thirdparty.io.grpc.stub.ClientCalls.getUnchecked(ClientCalls.java:214)
	at org.apache.ratis.thirdparty.io.grpc.stub.ClientCalls.blockingUnaryCall(ClientCalls.java:139)
	at org.apache.ratis.proto.grpc.RaftServerProtocolServiceGrpc$RaftServerProtocolServiceBlockingStub.requestVote(RaftServerProtocolServiceGrpc.java:265)
	at org.apache.ratis.grpc.server.GrpcServerProtocolClient.requestVote(GrpcServerProtocolClient.java:99)
	at org.apache.ratis.grpc.server.GrpcService.requestVote(GrpcService.java:204)
	at org.apache.ratis.server.impl.LeaderElection.lambda$submitRequests$1(LeaderElection.java:234)
	at java.util.concurrent.FutureTask.run(FutureTask.java:266)
	at java.util.concurrent.Executors$RunnableAdapter.call(Executors.java:511)
	at java.util.concurrent.FutureTask.run(FutureTask.java:266)
	at java.util.concurrent.ThreadPoolExecutor.runWorker(ThreadPoolExecutor.java:1149)
	at java.util.concurrent.ThreadPoolExecutor$Worker.run(ThreadPoolExecutor.java:624)
	... 1 more
2019-11-14 19:55:30,954 [b74b6e41-b4f8-4f70-a45a-58780751dbf1@group-C8D10AEBF337-LeaderElection9] INFO  impl.RaftServerImpl (RaftServerImpl.java:setRole(173)) - b74b6e41-b4f8-4f70-a45a-58780751dbf1@group-C8D10AEBF337: changes role from CANDIDATE to FOLLOWER at term 2 for DISCOVERED_A_NEW_TERM
2019-11-14 19:55:30,955 [b74b6e41-b4f8-4f70-a45a-58780751dbf1@group-C8D10AEBF337-LeaderElection9] INFO  impl.RoleInfo (RoleInfo.java:shutdownLeaderElection(134)) - b74b6e41-b4f8-4f70-a45a-58780751dbf1: shutdown LeaderElection
2019-11-14 19:55:30,956 [b74b6e41-b4f8-4f70-a45a-58780751dbf1@group-C8D10AEBF337-LeaderElection9] INFO  impl.RoleInfo (RoleInfo.java:updateAndGet(143)) - b74b6e41-b4f8-4f70-a45a-58780751dbf1: start FollowerState
2019-11-14 19:55:32,109 [Thread-406] INFO  impl.FollowerState (FollowerState.java:run(111)) - b74b6e41-b4f8-4f70-a45a-58780751dbf1@group-C8D10AEBF337-FollowerState: change to CANDIDATE, lastRpcTime:1153ms, electionTimeout:1152ms
2019-11-14 19:55:32,113 [Thread-406] INFO  impl.RoleInfo (RoleInfo.java:shutdownFollowerState(121)) - b74b6e41-b4f8-4f70-a45a-58780751dbf1: shutdown FollowerState
2019-11-14 19:55:32,113 [Thread-406] INFO  impl.RaftServerImpl (RaftServerImpl.java:setRole(173)) - b74b6e41-b4f8-4f70-a45a-58780751dbf1@group-C8D10AEBF337: changes role from  FOLLOWER to CANDIDATE at term 2 for changeToCandidate
2019-11-14 19:55:32,113 [Thread-406] INFO  impl.RoleInfo (RoleInfo.java:updateAndGet(143)) - b74b6e41-b4f8-4f70-a45a-58780751dbf1: start LeaderElection
2019-11-14 19:55:32,141 [b74b6e41-b4f8-4f70-a45a-58780751dbf1@group-C8D10AEBF337-LeaderElection10] INFO  impl.LeaderElection (LeaderElection.java:askForVotes(178)) - b74b6e41-b4f8-4f70-a45a-58780751dbf1@group-C8D10AEBF337-LeaderElection10: begin an election at term 3 for 0: [0203d6eb-35d8-4784-bff3-7fee374bf3e2:192.168.157.219:45232, 0dd744a2-47ab-4d30-8d7a-27587728c440:192.168.157.219:41669, b74b6e41-b4f8-4f70-a45a-58780751dbf1:192.168.157.219:39468], old=null
2019-11-14 19:55:32,151 [grpc-default-executor-3] WARN  server.GrpcServerProtocolService (LogUtils.java:warn(136)) - 0203d6eb-35d8-4784-bff3-7fee374bf3e2: Failed requestVote b74b6e41-b4f8-4f70-a45a-58780751dbf1->0203d6eb-35d8-4784-bff3-7fee374bf3e2#0
org.apache.ratis.protocol.GroupMismatchException: 0203d6eb-35d8-4784-bff3-7fee374bf3e2: group-C8D10AEBF337 not found.
	at org.apache.ratis.server.impl.RaftServerProxy$ImplMap.get(RaftServerProxy.java:122)
	at org.apache.ratis.server.impl.RaftServerProxy.getImplFuture(RaftServerProxy.java:269)
	at org.apache.ratis.server.impl.RaftServerProxy.getImpl(RaftServerProxy.java:278)
	at org.apache.ratis.server.impl.RaftServerProxy.getImpl(RaftServerProxy.java:273)
	at org.apache.ratis.server.impl.RaftServerProxy.requestVote(RaftServerProxy.java:443)
	at org.apache.ratis.grpc.server.GrpcServerProtocolService.requestVote(GrpcServerProtocolService.java:142)
	at org.apache.ratis.proto.grpc.RaftServerProtocolServiceGrpc$MethodHandlers.invoke(RaftServerProtocolServiceGrpc.java:319)
	at org.apache.ratis.thirdparty.io.grpc.stub.ServerCalls$UnaryServerCallHandler$UnaryServerCallListener.onHalfClose(ServerCalls.java:171)
	at org.apache.ratis.thirdparty.io.grpc.internal.ServerCallImpl$ServerStreamListenerImpl.halfClosed(ServerCallImpl.java:283)
	at org.apache.ratis.thirdparty.io.grpc.internal.ServerImpl$JumpToApplicationThreadServerStreamListener$1HalfClosed.runInContext(ServerImpl.java:710)
	at org.apache.ratis.thirdparty.io.grpc.internal.ContextRunnable.run(ContextRunnable.java:37)
	at org.apache.ratis.thirdparty.io.grpc.internal.SerializingExecutor.run(SerializingExecutor.java:123)
	at java.util.concurrent.ThreadPoolExecutor.runWorker(ThreadPoolExecutor.java:1149)
	at java.util.concurrent.ThreadPoolExecutor$Worker.run(ThreadPoolExecutor.java:624)
	at java.lang.Thread.run(Thread.java:748)
2019-11-14 19:55:32,151 [grpc-default-executor-0] WARN  server.GrpcServerProtocolService (LogUtils.java:warn(136)) - 0dd744a2-47ab-4d30-8d7a-27587728c440: Failed requestVote b74b6e41-b4f8-4f70-a45a-58780751dbf1->0dd744a2-47ab-4d30-8d7a-27587728c440#0
org.apache.ratis.protocol.GroupMismatchException: 0dd744a2-47ab-4d30-8d7a-27587728c440: group-C8D10AEBF337 not found.
	at org.apache.ratis.server.impl.RaftServerProxy$ImplMap.get(RaftServerProxy.java:122)
	at org.apache.ratis.server.impl.RaftServerProxy.getImplFuture(RaftServerProxy.java:269)
	at org.apache.ratis.server.impl.RaftServerProxy.getImpl(RaftServerProxy.java:278)
	at org.apache.ratis.server.impl.RaftServerProxy.getImpl(RaftServerProxy.java:273)
	at org.apache.ratis.server.impl.RaftServerProxy.requestVote(RaftServerProxy.java:443)
	at org.apache.ratis.grpc.server.GrpcServerProtocolService.requestVote(GrpcServerProtocolService.java:142)
	at org.apache.ratis.proto.grpc.RaftServerProtocolServiceGrpc$MethodHandlers.invoke(RaftServerProtocolServiceGrpc.java:319)
	at org.apache.ratis.thirdparty.io.grpc.stub.ServerCalls$UnaryServerCallHandler$UnaryServerCallListener.onHalfClose(ServerCalls.java:171)
	at org.apache.ratis.thirdparty.io.grpc.internal.ServerCallImpl$ServerStreamListenerImpl.halfClosed(ServerCallImpl.java:283)
	at org.apache.ratis.thirdparty.io.grpc.internal.ServerImpl$JumpToApplicationThreadServerStreamListener$1HalfClosed.runInContext(ServerImpl.java:710)
	at org.apache.ratis.thirdparty.io.grpc.internal.ContextRunnable.run(ContextRunnable.java:37)
	at org.apache.ratis.thirdparty.io.grpc.internal.SerializingExecutor.run(SerializingExecutor.java:123)
	at java.util.concurrent.ThreadPoolExecutor.runWorker(ThreadPoolExecutor.java:1149)
	at java.util.concurrent.ThreadPoolExecutor$Worker.run(ThreadPoolExecutor.java:624)
	at java.lang.Thread.run(Thread.java:748)
2019-11-14 19:55:32,156 [b74b6e41-b4f8-4f70-a45a-58780751dbf1@group-C8D10AEBF337-LeaderElection10] INFO  impl.LeaderElection (LogUtils.java:infoOrTrace(149)) - b74b6e41-b4f8-4f70-a45a-58780751dbf1@group-C8D10AEBF337-LeaderElection10 got exception when requesting votes: {}
java.util.concurrent.ExecutionException: org.apache.ratis.thirdparty.io.grpc.StatusRuntimeException: INTERNAL: 0203d6eb-35d8-4784-bff3-7fee374bf3e2: group-C8D10AEBF337 not found.
	at java.util.concurrent.FutureTask.report(FutureTask.java:122)
	at java.util.concurrent.FutureTask.get(FutureTask.java:192)
	at org.apache.ratis.server.impl.LeaderElection.waitForResults(LeaderElection.java:259)
	at org.apache.ratis.server.impl.LeaderElection.askForVotes(LeaderElection.java:197)
	at org.apache.ratis.server.impl.LeaderElection.run(LeaderElection.java:133)
	at java.lang.Thread.run(Thread.java:748)
Caused by: org.apache.ratis.thirdparty.io.grpc.StatusRuntimeException: INTERNAL: 0203d6eb-35d8-4784-bff3-7fee374bf3e2: group-C8D10AEBF337 not found.
	at org.apache.ratis.thirdparty.io.grpc.stub.ClientCalls.toStatusRuntimeException(ClientCalls.java:233)
	at org.apache.ratis.thirdparty.io.grpc.stub.ClientCalls.getUnchecked(ClientCalls.java:214)
	at org.apache.ratis.thirdparty.io.grpc.stub.ClientCalls.blockingUnaryCall(ClientCalls.java:139)
	at org.apache.ratis.proto.grpc.RaftServerProtocolServiceGrpc$RaftServerProtocolServiceBlockingStub.requestVote(RaftServerProtocolServiceGrpc.java:265)
	at org.apache.ratis.grpc.server.GrpcServerProtocolClient.requestVote(GrpcServerProtocolClient.java:99)
	at org.apache.ratis.grpc.server.GrpcService.requestVote(GrpcService.java:204)
	at org.apache.ratis.server.impl.LeaderElection.lambda$submitRequests$1(LeaderElection.java:234)
	at java.util.concurrent.FutureTask.run(FutureTask.java:266)
	at java.util.concurrent.Executors$RunnableAdapter.call(Executors.java:511)
	at java.util.concurrent.FutureTask.run(FutureTask.java:266)
	at java.util.concurrent.ThreadPoolExecutor.runWorker(ThreadPoolExecutor.java:1149)
	at java.util.concurrent.ThreadPoolExecutor$Worker.run(ThreadPoolExecutor.java:624)
	... 1 more
2019-11-14 19:55:32,159 [b74b6e41-b4f8-4f70-a45a-58780751dbf1@group-C8D10AEBF337-LeaderElection10] INFO  impl.LeaderElection (LogUtils.java:infoOrTrace(149)) - b74b6e41-b4f8-4f70-a45a-58780751dbf1@group-C8D10AEBF337-LeaderElection10 got exception when requesting votes: {}
java.util.concurrent.ExecutionException: org.apache.ratis.thirdparty.io.grpc.StatusRuntimeException: INTERNAL: 0dd744a2-47ab-4d30-8d7a-27587728c440: group-C8D10AEBF337 not found.
	at java.util.concurrent.FutureTask.report(FutureTask.java:122)
	at java.util.concurrent.FutureTask.get(FutureTask.java:192)
	at org.apache.ratis.server.impl.LeaderElection.waitForResults(LeaderElection.java:259)
	at org.apache.ratis.server.impl.LeaderElection.askForVotes(LeaderElection.java:197)
	at org.apache.ratis.server.impl.LeaderElection.run(LeaderElection.java:133)
	at java.lang.Thread.run(Thread.java:748)
Caused by: org.apache.ratis.thirdparty.io.grpc.StatusRuntimeException: INTERNAL: 0dd744a2-47ab-4d30-8d7a-27587728c440: group-C8D10AEBF337 not found.
	at org.apache.ratis.thirdparty.io.grpc.stub.ClientCalls.toStatusRuntimeException(ClientCalls.java:233)
	at org.apache.ratis.thirdparty.io.grpc.stub.ClientCalls.getUnchecked(ClientCalls.java:214)
	at org.apache.ratis.thirdparty.io.grpc.stub.ClientCalls.blockingUnaryCall(ClientCalls.java:139)
	at org.apache.ratis.proto.grpc.RaftServerProtocolServiceGrpc$RaftServerProtocolServiceBlockingStub.requestVote(RaftServerProtocolServiceGrpc.java:265)
	at org.apache.ratis.grpc.server.GrpcServerProtocolClient.requestVote(GrpcServerProtocolClient.java:99)
	at org.apache.ratis.grpc.server.GrpcService.requestVote(GrpcService.java:204)
	at org.apache.ratis.server.impl.LeaderElection.lambda$submitRequests$1(LeaderElection.java:234)
	at java.util.concurrent.FutureTask.run(FutureTask.java:266)
	at java.util.concurrent.Executors$RunnableAdapter.call(Executors.java:511)
	at java.util.concurrent.FutureTask.run(FutureTask.java:266)
	at java.util.concurrent.ThreadPoolExecutor.runWorker(ThreadPoolExecutor.java:1149)
	at java.util.concurrent.ThreadPoolExecutor$Worker.run(ThreadPoolExecutor.java:624)
	... 1 more
2019-11-14 19:55:32,161 [b74b6e41-b4f8-4f70-a45a-58780751dbf1@group-C8D10AEBF337-LeaderElection10] INFO  impl.LeaderElection (LeaderElection.java:logAndReturn(56)) - b74b6e41-b4f8-4f70-a45a-58780751dbf1@group-C8D10AEBF337-LeaderElection10: Election REJECTED; received 0 response(s) [] and 2 exception(s); b74b6e41-b4f8-4f70-a45a-58780751dbf1@group-C8D10AEBF337:t3, leader=null, voted=b74b6e41-b4f8-4f70-a45a-58780751dbf1, raftlog=b74b6e41-b4f8-4f70-a45a-58780751dbf1@group-C8D10AEBF337-SegmentedRaftLog:OPENED:c-1,f0,i0, conf=0: [0203d6eb-35d8-4784-bff3-7fee374bf3e2:192.168.157.219:45232, 0dd744a2-47ab-4d30-8d7a-27587728c440:192.168.157.219:41669, b74b6e41-b4f8-4f70-a45a-58780751dbf1:192.168.157.219:39468], old=null
2019-11-14 19:55:32,161 [b74b6e41-b4f8-4f70-a45a-58780751dbf1@group-C8D10AEBF337-LeaderElection10] INFO  impl.LeaderElection (LogUtils.java:infoOrTrace(149)) -   Exception 0: {}
java.util.concurrent.ExecutionException: org.apache.ratis.thirdparty.io.grpc.StatusRuntimeException: INTERNAL: 0203d6eb-35d8-4784-bff3-7fee374bf3e2: group-C8D10AEBF337 not found.
	at java.util.concurrent.FutureTask.report(FutureTask.java:122)
	at java.util.concurrent.FutureTask.get(FutureTask.java:192)
	at org.apache.ratis.server.impl.LeaderElection.waitForResults(LeaderElection.java:259)
	at org.apache.ratis.server.impl.LeaderElection.askForVotes(LeaderElection.java:197)
	at org.apache.ratis.server.impl.LeaderElection.run(LeaderElection.java:133)
	at java.lang.Thread.run(Thread.java:748)
Caused by: org.apache.ratis.thirdparty.io.grpc.StatusRuntimeException: INTERNAL: 0203d6eb-35d8-4784-bff3-7fee374bf3e2: group-C8D10AEBF337 not found.
	at org.apache.ratis.thirdparty.io.grpc.stub.ClientCalls.toStatusRuntimeException(ClientCalls.java:233)
	at org.apache.ratis.thirdparty.io.grpc.stub.ClientCalls.getUnchecked(ClientCalls.java:214)
	at org.apache.ratis.thirdparty.io.grpc.stub.ClientCalls.blockingUnaryCall(ClientCalls.java:139)
	at org.apache.ratis.proto.grpc.RaftServerProtocolServiceGrpc$RaftServerProtocolServiceBlockingStub.requestVote(RaftServerProtocolServiceGrpc.java:265)
	at org.apache.ratis.grpc.server.GrpcServerProtocolClient.requestVote(GrpcServerProtocolClient.java:99)
	at org.apache.ratis.grpc.server.GrpcService.requestVote(GrpcService.java:204)
	at org.apache.ratis.server.impl.LeaderElection.lambda$submitRequests$1(LeaderElection.java:234)
	at java.util.concurrent.FutureTask.run(FutureTask.java:266)
	at java.util.concurrent.Executors$RunnableAdapter.call(Executors.java:511)
	at java.util.concurrent.FutureTask.run(FutureTask.java:266)
	at java.util.concurrent.ThreadPoolExecutor.runWorker(ThreadPoolExecutor.java:1149)
	at java.util.concurrent.ThreadPoolExecutor$Worker.run(ThreadPoolExecutor.java:624)
	... 1 more
2019-11-14 19:55:32,161 [b74b6e41-b4f8-4f70-a45a-58780751dbf1@group-C8D10AEBF337-LeaderElection10] INFO  impl.LeaderElection (LogUtils.java:infoOrTrace(149)) -   Exception 1: {}
java.util.concurrent.ExecutionException: org.apache.ratis.thirdparty.io.grpc.StatusRuntimeException: INTERNAL: 0dd744a2-47ab-4d30-8d7a-27587728c440: group-C8D10AEBF337 not found.
	at java.util.concurrent.FutureTask.report(FutureTask.java:122)
	at java.util.concurrent.FutureTask.get(FutureTask.java:192)
	at org.apache.ratis.server.impl.LeaderElection.waitForResults(LeaderElection.java:259)
	at org.apache.ratis.server.impl.LeaderElection.askForVotes(LeaderElection.java:197)
	at org.apache.ratis.server.impl.LeaderElection.run(LeaderElection.java:133)
	at java.lang.Thread.run(Thread.java:748)
Caused by: org.apache.ratis.thirdparty.io.grpc.StatusRuntimeException: INTERNAL: 0dd744a2-47ab-4d30-8d7a-27587728c440: group-C8D10AEBF337 not found.
	at org.apache.ratis.thirdparty.io.grpc.stub.ClientCalls.toStatusRuntimeException(ClientCalls.java:233)
	at org.apache.ratis.thirdparty.io.grpc.stub.ClientCalls.getUnchecked(ClientCalls.java:214)
	at org.apache.ratis.thirdparty.io.grpc.stub.ClientCalls.blockingUnaryCall(ClientCalls.java:139)
	at org.apache.ratis.proto.grpc.RaftServerProtocolServiceGrpc$RaftServerProtocolServiceBlockingStub.requestVote(RaftServerProtocolServiceGrpc.java:265)
	at org.apache.ratis.grpc.server.GrpcServerProtocolClient.requestVote(GrpcServerProtocolClient.java:99)
	at org.apache.ratis.grpc.server.GrpcService.requestVote(GrpcService.java:204)
	at org.apache.ratis.server.impl.LeaderElection.lambda$submitRequests$1(LeaderElection.java:234)
	at java.util.concurrent.FutureTask.run(FutureTask.java:266)
	at java.util.concurrent.Executors$RunnableAdapter.call(Executors.java:511)
	at java.util.concurrent.FutureTask.run(FutureTask.java:266)
	at java.util.concurrent.ThreadPoolExecutor.runWorker(ThreadPoolExecutor.java:1149)
	at java.util.concurrent.ThreadPoolExecutor$Worker.run(ThreadPoolExecutor.java:624)
	... 1 more
2019-11-14 19:55:32,161 [b74b6e41-b4f8-4f70-a45a-58780751dbf1@group-C8D10AEBF337-LeaderElection10] INFO  impl.RaftServerImpl (RaftServerImpl.java:setRole(173)) - b74b6e41-b4f8-4f70-a45a-58780751dbf1@group-C8D10AEBF337: changes role from CANDIDATE to FOLLOWER at term 3 for DISCOVERED_A_NEW_TERM
2019-11-14 19:55:32,164 [b74b6e41-b4f8-4f70-a45a-58780751dbf1@group-C8D10AEBF337-LeaderElection10] INFO  impl.RoleInfo (RoleInfo.java:shutdownLeaderElection(134)) - b74b6e41-b4f8-4f70-a45a-58780751dbf1: shutdown LeaderElection
2019-11-14 19:55:32,164 [b74b6e41-b4f8-4f70-a45a-58780751dbf1@group-C8D10AEBF337-LeaderElection10] INFO  impl.RoleInfo (RoleInfo.java:updateAndGet(143)) - b74b6e41-b4f8-4f70-a45a-58780751dbf1: start FollowerState
2019-11-14 19:55:33,261 [Thread-426] INFO  impl.FollowerState (FollowerState.java:run(111)) - b74b6e41-b4f8-4f70-a45a-58780751dbf1@group-C8D10AEBF337-FollowerState: change to CANDIDATE, lastRpcTime:1096ms, electionTimeout:1095ms
2019-11-14 19:55:33,265 [Thread-426] INFO  impl.RoleInfo (RoleInfo.java:shutdownFollowerState(121)) - b74b6e41-b4f8-4f70-a45a-58780751dbf1: shutdown FollowerState
2019-11-14 19:55:33,265 [Thread-426] INFO  impl.RaftServerImpl (RaftServerImpl.java:setRole(173)) - b74b6e41-b4f8-4f70-a45a-58780751dbf1@group-C8D10AEBF337: changes role from  FOLLOWER to CANDIDATE at term 3 for changeToCandidate
2019-11-14 19:55:33,265 [Thread-426] INFO  impl.RoleInfo (RoleInfo.java:updateAndGet(143)) - b74b6e41-b4f8-4f70-a45a-58780751dbf1: start LeaderElection
2019-11-14 19:55:33,936 [ForkJoinPool.commonPool-worker-1] INFO  ozoneimpl.OzoneContainer (OzoneContainer.java:stop(244)) - Attempting to stop container services.
2019-11-14 19:55:33,936 [main] INFO  ozoneimpl.OzoneContainer (OzoneContainer.java:stop(244)) - Attempting to stop container services.
2019-11-14 19:55:33,938 [main] INFO  impl.RaftServerProxy (RaftServerProxy.java:lambda$close$4(314)) - af759c1c-c92d-45df-b04f-683eb4d9761f: close
2019-11-14 19:55:33,938 [ForkJoinPool.commonPool-worker-1] INFO  impl.RaftServerProxy (RaftServerProxy.java:lambda$close$4(314)) - b74b6e41-b4f8-4f70-a45a-58780751dbf1: close
2019-11-14 19:55:33,939 [main] INFO  impl.RaftServerImpl (RaftServerImpl.java:lambda$shutdown$3(250)) - af759c1c-c92d-45df-b04f-683eb4d9761f@group-C1A45D404590: shutdown
2019-11-14 19:55:33,939 [ForkJoinPool.commonPool-worker-1] INFO  impl.RaftServerImpl (RaftServerImpl.java:lambda$shutdown$3(250)) - b74b6e41-b4f8-4f70-a45a-58780751dbf1@group-C8D10AEBF337: shutdown
2019-11-14 19:55:33,939 [main] INFO  util.JmxRegister (JmxRegister.java:unregister(73)) - Successfully un-registered JMX Bean with object name Ratis:service=RaftServer,group=group-C1A45D404590,id=af759c1c-c92d-45df-b04f-683eb4d9761f
2019-11-14 19:55:33,940 [ForkJoinPool.commonPool-worker-1] INFO  util.JmxRegister (JmxRegister.java:unregister(73)) - Successfully un-registered JMX Bean with object name Ratis:service=RaftServer,group=group-C8D10AEBF337,id=b74b6e41-b4f8-4f70-a45a-58780751dbf1
2019-11-14 19:55:33,940 [main] INFO  impl.RoleInfo (RoleInfo.java:shutdownFollowerState(121)) - af759c1c-c92d-45df-b04f-683eb4d9761f: shutdown FollowerState
2019-11-14 19:55:33,940 [ForkJoinPool.commonPool-worker-1] INFO  impl.RoleInfo (RoleInfo.java:shutdownLeaderElection(134)) - b74b6e41-b4f8-4f70-a45a-58780751dbf1: shutdown LeaderElection
2019-11-14 19:55:33,941 [Thread-387] INFO  impl.FollowerState (FollowerState.java:run(120)) - af759c1c-c92d-45df-b04f-683eb4d9761f@group-C1A45D404590-FollowerState was interrupted: java.lang.InterruptedException: sleep interrupted
2019-11-14 19:55:33,941 [ForkJoinPool.commonPool-worker-1] INFO  impl.StateMachineUpdater (StateMachineUpdater.java:stopAndJoin(136)) - b74b6e41-b4f8-4f70-a45a-58780751dbf1@group-C8D10AEBF337-StateMachineUpdater: set stopIndex = -1
2019-11-14 19:55:33,941 [main] INFO  impl.StateMachineUpdater (StateMachineUpdater.java:stopAndJoin(136)) - af759c1c-c92d-45df-b04f-683eb4d9761f@group-C1A45D404590-StateMachineUpdater: set stopIndex = 0
2019-11-14 19:55:33,945 [ForkJoinPool.commonPool-worker-1] INFO  impl.RaftServerImpl (ServerState.java:close(387)) - b74b6e41-b4f8-4f70-a45a-58780751dbf1@group-C8D10AEBF337: closes. applyIndex: -1
2019-11-14 19:55:33,945 [main] INFO  impl.RaftServerImpl (ServerState.java:close(387)) - af759c1c-c92d-45df-b04f-683eb4d9761f@group-C1A45D404590: closes. applyIndex: 0
2019-11-14 19:55:33,945 [b74b6e41-b4f8-4f70-a45a-58780751dbf1@group-C8D10AEBF337-SegmentedRaftLogWorker] INFO  segmented.SegmentedRaftLogWorker (SegmentedRaftLogWorker.java:run(316)) - b74b6e41-b4f8-4f70-a45a-58780751dbf1@group-C8D10AEBF337-SegmentedRaftLogWorker was interrupted, exiting. There are 0 tasks remaining in the queue.
2019-11-14 19:55:33,946 [af759c1c-c92d-45df-b04f-683eb4d9761f@group-C1A45D404590-SegmentedRaftLogWorker] INFO  segmented.SegmentedRaftLogWorker (SegmentedRaftLogWorker.java:run(316)) - af759c1c-c92d-45df-b04f-683eb4d9761f@group-C1A45D404590-SegmentedRaftLogWorker was interrupted, exiting. There are 0 tasks remaining in the queue.
2019-11-14 19:55:33,949 [main] INFO  segmented.SegmentedRaftLogWorker (SegmentedRaftLogWorker.java:close(224)) - af759c1c-c92d-45df-b04f-683eb4d9761f@group-C1A45D404590-SegmentedRaftLogWorker close()
2019-11-14 19:55:33,949 [ForkJoinPool.commonPool-worker-1] INFO  segmented.SegmentedRaftLogWorker (SegmentedRaftLogWorker.java:close(224)) - b74b6e41-b4f8-4f70-a45a-58780751dbf1@group-C8D10AEBF337-SegmentedRaftLogWorker close()
2019-11-14 19:55:33,955 [ForkJoinPool.commonPool-worker-1] INFO  impl.RaftServerImpl (RaftServerImpl.java:lambda$shutdown$3(250)) - b74b6e41-b4f8-4f70-a45a-58780751dbf1@group-CAF0947F739C: shutdown
2019-11-14 19:55:33,956 [main] INFO  server.GrpcService (GrpcService.java:closeImpl(164)) - af759c1c-c92d-45df-b04f-683eb4d9761f: shutdown server with port 38976 now
2019-11-14 19:55:33,956 [ForkJoinPool.commonPool-worker-1] INFO  util.JmxRegister (JmxRegister.java:unregister(73)) - Successfully un-registered JMX Bean with object name Ratis:service=RaftServer,group=group-CAF0947F739C,id=b74b6e41-b4f8-4f70-a45a-58780751dbf1
2019-11-14 19:55:33,956 [ForkJoinPool.commonPool-worker-1] INFO  impl.RoleInfo (RoleInfo.java:shutdownLeaderState(104)) - b74b6e41-b4f8-4f70-a45a-58780751dbf1: shutdown LeaderState
2019-11-14 19:55:33,957 [ForkJoinPool.commonPool-worker-1] INFO  impl.PendingRequests (PendingRequests.java:sendNotLeaderResponses(206)) - b74b6e41-b4f8-4f70-a45a-58780751dbf1@group-CAF0947F739C-PendingRequests: sendNotLeaderResponses
2019-11-14 19:55:33,959 [ForkJoinPool.commonPool-worker-1] INFO  impl.StateMachineUpdater (StateMachineUpdater.java:stopAndJoin(136)) - b74b6e41-b4f8-4f70-a45a-58780751dbf1@group-CAF0947F739C-StateMachineUpdater: set stopIndex = 0
2019-11-14 19:55:33,959 [ForkJoinPool.commonPool-worker-1] INFO  impl.RaftServerImpl (ServerState.java:close(387)) - b74b6e41-b4f8-4f70-a45a-58780751dbf1@group-CAF0947F739C: closes. applyIndex: 0
2019-11-14 19:55:33,959 [b74b6e41-b4f8-4f70-a45a-58780751dbf1@group-CAF0947F739C-SegmentedRaftLogWorker] INFO  segmented.SegmentedRaftLogWorker (SegmentedRaftLogWorker.java:run(316)) - b74b6e41-b4f8-4f70-a45a-58780751dbf1@group-CAF0947F739C-SegmentedRaftLogWorker was interrupted, exiting. There are 0 tasks remaining in the queue.
2019-11-14 19:55:33,963 [ForkJoinPool.commonPool-worker-1] INFO  segmented.SegmentedRaftLogWorker (SegmentedRaftLogWorker.java:close(224)) - b74b6e41-b4f8-4f70-a45a-58780751dbf1@group-CAF0947F739C-SegmentedRaftLogWorker close()
2019-11-14 19:55:33,966 [ForkJoinPool.commonPool-worker-1] INFO  impl.RaftServerImpl (RaftServerImpl.java:lambda$shutdown$3(250)) - b74b6e41-b4f8-4f70-a45a-58780751dbf1@group-2E326D391161: shutdown
2019-11-14 19:55:33,966 [ForkJoinPool.commonPool-worker-1] INFO  util.JmxRegister (JmxRegister.java:unregister(73)) - Successfully un-registered JMX Bean with object name Ratis:service=RaftServer,group=group-2E326D391161,id=b74b6e41-b4f8-4f70-a45a-58780751dbf1
2019-11-14 19:55:33,968 [ForkJoinPool.commonPool-worker-1] INFO  impl.RoleInfo (RoleInfo.java:shutdownFollowerState(121)) - b74b6e41-b4f8-4f70-a45a-58780751dbf1: shutdown FollowerState
2019-11-14 19:55:33,969 [ForkJoinPool.commonPool-worker-1] INFO  impl.StateMachineUpdater (StateMachineUpdater.java:stopAndJoin(136)) - b74b6e41-b4f8-4f70-a45a-58780751dbf1@group-2E326D391161-StateMachineUpdater: set stopIndex = 0
2019-11-14 19:55:33,969 [Thread-353] INFO  impl.FollowerState (FollowerState.java:run(120)) - b74b6e41-b4f8-4f70-a45a-58780751dbf1@group-2E326D391161-FollowerState was interrupted: java.lang.InterruptedException: sleep interrupted
2019-11-14 19:55:33,977 [ForkJoinPool.commonPool-worker-1] INFO  impl.RaftServerImpl (ServerState.java:close(387)) - b74b6e41-b4f8-4f70-a45a-58780751dbf1@group-2E326D391161: closes. applyIndex: 0
2019-11-14 19:55:33,977 [b74b6e41-b4f8-4f70-a45a-58780751dbf1@group-2E326D391161-SegmentedRaftLogWorker] INFO  segmented.SegmentedRaftLogWorker (SegmentedRaftLogWorker.java:run(316)) - b74b6e41-b4f8-4f70-a45a-58780751dbf1@group-2E326D391161-SegmentedRaftLogWorker was interrupted, exiting. There are 0 tasks remaining in the queue.
2019-11-14 19:55:33,979 [ForkJoinPool.commonPool-worker-1] INFO  segmented.SegmentedRaftLogWorker (SegmentedRaftLogWorker.java:close(224)) - b74b6e41-b4f8-4f70-a45a-58780751dbf1@group-2E326D391161-SegmentedRaftLogWorker close()
2019-11-14 19:55:33,982 [ForkJoinPool.commonPool-worker-1] INFO  server.GrpcService (GrpcService.java:closeImpl(164)) - b74b6e41-b4f8-4f70-a45a-58780751dbf1: shutdown server with port 39468 now
2019-11-14 19:55:33,982 [grpc-default-executor-3] WARN  server.GrpcServerProtocolService (LogUtils.java:warn(134)) - af759c1c-c92d-45df-b04f-683eb4d9761f: installSnapshot onError, lastRequest: 5698a14d-db8b-40b1-a590-5479916d1106->af759c1c-c92d-45df-b04f-683eb4d9761f#8-t1, previous=(t:1, i:0), leaderCommit=0, initializing? false, entries: <empty>: org.apache.ratis.thirdparty.io.grpc.StatusRuntimeException: CANCELLED: cancelled before receiving half close
2019-11-14 19:55:33,985 [main] INFO  server.GrpcService (GrpcService.java:closeImpl(172)) - af759c1c-c92d-45df-b04f-683eb4d9761f: shutdown server with port 38976 successfully
2019-11-14 19:55:33,986 [grpc-default-executor-2] WARN  server.GrpcLogAppender (LogUtils.java:warn(134)) - 5698a14d-db8b-40b1-a590-5479916d1106@group-C1A45D404590->af759c1c-c92d-45df-b04f-683eb4d9761f-AppendLogResponseHandler: Failed appendEntries: org.apache.ratis.thirdparty.io.grpc.StatusRuntimeException: CANCELLED: HTTP/2 error code: CANCEL
Received Rst Stream
2019-11-14 19:55:33,989 [grpc-default-executor-1] WARN  server.GrpcServerProtocolService (LogUtils.java:warn(134)) - b74b6e41-b4f8-4f70-a45a-58780751dbf1: installSnapshot onError, lastRequest: 0203d6eb-35d8-4784-bff3-7fee374bf3e2->b74b6e41-b4f8-4f70-a45a-58780751dbf1#9-t1, previous=(t:1, i:0), leaderCommit=0, initializing? false, entries: <empty>: org.apache.ratis.thirdparty.io.grpc.StatusRuntimeException: CANCELLED: cancelled before receiving half close
2019-11-14 19:55:33,992 [ForkJoinPool.commonPool-worker-1] INFO  server.GrpcService (GrpcService.java:closeImpl(172)) - b74b6e41-b4f8-4f70-a45a-58780751dbf1: shutdown server with port 39468 successfully
2019-11-14 19:55:33,993 [grpc-default-executor-4] WARN  server.GrpcLogAppender (LogUtils.java:warn(134)) - 0203d6eb-35d8-4784-bff3-7fee374bf3e2@group-2E326D391161->b74b6e41-b4f8-4f70-a45a-58780751dbf1-AppendLogResponseHandler: Failed appendEntries: org.apache.ratis.thirdparty.io.grpc.StatusRuntimeException: CANCELLED: HTTP/2 error code: CANCEL
Received Rst Stream
2019-11-14 19:55:33,993 [grpc-default-executor-2] INFO  impl.FollowerInfo (FollowerInfo.java:lambda$new$0(51)) - 5698a14d-db8b-40b1-a590-5479916d1106@group-C1A45D404590->af759c1c-c92d-45df-b04f-683eb4d9761f: nextIndex: updateUnconditionally 1 -> 0
2019-11-14 19:55:33,994 [grpc-default-executor-4] INFO  impl.FollowerInfo (FollowerInfo.java:lambda$new$0(51)) - 0203d6eb-35d8-4784-bff3-7fee374bf3e2@group-2E326D391161->b74b6e41-b4f8-4f70-a45a-58780751dbf1: nextIndex: updateUnconditionally 1 -> 0
2019-11-14 19:55:33,999 [refreshUsed-/workdir/hadoop-ozone/integration-test/target/test-dir/MiniOzoneClusterImpl-4164cd2a-9f03-471b-8431-fd84a2e2cb62/datanode-5/data/containers] WARN  fs.CachingGetSpaceUsed (CachingGetSpaceUsed.java:run(183)) - Thread Interrupted waiting to refresh disk information: sleep interrupted
2019-11-14 19:55:34,000 [refreshUsed-/workdir/hadoop-ozone/integration-test/target/test-dir/MiniOzoneClusterImpl-4164cd2a-9f03-471b-8431-fd84a2e2cb62/datanode-2/data/containers] WARN  fs.CachingGetSpaceUsed (CachingGetSpaceUsed.java:run(183)) - Thread Interrupted waiting to refresh disk information: sleep interrupted
2019-11-14 19:55:34,028 [ForkJoinPool.commonPool-worker-1] INFO  utils.BackgroundService (BackgroundService.java:shutdown(151)) - Shutting down service BlockDeletingService
2019-11-14 19:55:34,035 [ForkJoinPool.commonPool-worker-1] INFO  statemachine.DatanodeStateMachine (DatanodeStateMachine.java:stopDaemon(400)) - Ozone container server stopped.
2019-11-14 19:55:34,035 [main] INFO  utils.BackgroundService (BackgroundService.java:shutdown(151)) - Shutting down service BlockDeletingService
2019-11-14 19:55:34,043 [ForkJoinPool.commonPool-worker-1] INFO  handler.ContextHandler (ContextHandler.java:doStop(910)) - Stopped o.e.j.w.WebAppContext@4eba373c{/,null,UNAVAILABLE}{/hddsDatanode}
2019-11-14 19:55:34,044 [main] INFO  statemachine.DatanodeStateMachine (DatanodeStateMachine.java:stopDaemon(400)) - Ozone container server stopped.
2019-11-14 19:55:34,045 [ForkJoinPool.commonPool-worker-1] INFO  server.AbstractConnector (AbstractConnector.java:doStop(318)) - Stopped ServerConnector@767a014e{HTTP/1.1,[http/1.1]}{0.0.0.0:0}
2019-11-14 19:55:34,047 [main] INFO  handler.ContextHandler (ContextHandler.java:doStop(910)) - Stopped o.e.j.w.WebAppContext@72f9f27c{/,null,UNAVAILABLE}{/hddsDatanode}
2019-11-14 19:55:34,047 [ForkJoinPool.commonPool-worker-1] INFO  handler.ContextHandler (ContextHandler.java:doStop(910)) - Stopped o.e.j.s.ServletContextHandler@5d43409a{/static,jar:file:/home/user/.m2/repository/org/apache/hadoop/hadoop-hdds-container-service/0.5.0-SNAPSHOT/hadoop-hdds-container-service-0.5.0-SNAPSHOT.jar!/webapps/static,UNAVAILABLE}
2019-11-14 19:55:34,049 [ForkJoinPool.commonPool-worker-1] INFO  handler.ContextHandler (ContextHandler.java:doStop(910)) - Stopped o.e.j.s.ServletContextHandler@7f353d99{/logs,file:///workdir/hadoop-ozone/integration-test/target/log,UNAVAILABLE}
2019-11-14 19:55:34,049 [main] INFO  server.AbstractConnector (AbstractConnector.java:doStop(318)) - Stopped ServerConnector@4c1bdcc2{HTTP/1.1,[http/1.1]}{0.0.0.0:0}
2019-11-14 19:55:34,050 [main] INFO  handler.ContextHandler (ContextHandler.java:doStop(910)) - Stopped o.e.j.s.ServletContextHandler@dc4a691{/static,jar:file:/home/user/.m2/repository/org/apache/hadoop/hadoop-hdds-container-service/0.5.0-SNAPSHOT/hadoop-hdds-container-service-0.5.0-SNAPSHOT.jar!/webapps/static,UNAVAILABLE}
2019-11-14 19:55:34,050 [main] INFO  handler.ContextHandler (ContextHandler.java:doStop(910)) - Stopped o.e.j.s.ServletContextHandler@74174a23{/logs,file:///workdir/hadoop-ozone/integration-test/target/log,UNAVAILABLE}
2019-11-14 19:55:34,182 [grpc-default-executor-1] WARN  server.GrpcLogAppender (LogUtils.java:warn(134)) - 5698a14d-db8b-40b1-a590-5479916d1106@group-C1A45D404590->af759c1c-c92d-45df-b04f-683eb4d9761f-AppendLogResponseHandler: Failed appendEntries: org.apache.ratis.thirdparty.io.grpc.StatusRuntimeException: UNAVAILABLE: io exception
2019-11-14 19:55:34,184 [grpc-default-executor-1] INFO  impl.FollowerInfo (FollowerInfo.java:lambda$new$0(51)) - 5698a14d-db8b-40b1-a590-5479916d1106@group-C1A45D404590->af759c1c-c92d-45df-b04f-683eb4d9761f: nextIndex: updateUnconditionally 0 -> 0
2019-11-14 19:55:34,298 [b74b6e41-b4f8-4f70-a45a-58780751dbf1@group-C8D10AEBF337-LeaderElection11] INFO  impl.LeaderElection (LeaderElection.java:askForVotes(178)) - b74b6e41-b4f8-4f70-a45a-58780751dbf1@group-C8D10AEBF337-LeaderElection11: begin an election at term 4 for 0: [0203d6eb-35d8-4784-bff3-7fee374bf3e2:192.168.157.219:45232, 0dd744a2-47ab-4d30-8d7a-27587728c440:192.168.157.219:41669, b74b6e41-b4f8-4f70-a45a-58780751dbf1:192.168.157.219:39468], old=null
2019-11-14 19:55:34,298 [b74b6e41-b4f8-4f70-a45a-58780751dbf1@group-C8D10AEBF337-LeaderElection11] INFO  impl.LeaderElection (LeaderElection.java:run(137)) - b74b6e41-b4f8-4f70-a45a-58780751dbf1@group-C8D10AEBF337-LeaderElection11: IllegalArgumentException is safely ignored since this is already CLOSING
java.lang.IllegalArgumentException: b74b6e41-b4f8-4f70-a45a-58780751dbf1@group-C8D10AEBF337-SegmentedRaftLog is expected to be opened but it is CLOSED
	at org.apache.ratis.util.OpenCloseState.assertOpen(OpenCloseState.java:63)
	at org.apache.ratis.server.raftlog.RaftLog.checkLogState(RaftLog.java:102)
	at org.apache.ratis.server.raftlog.segmented.SegmentedRaftLog.getLastEntryTermIndex(SegmentedRaftLog.java:345)
	at org.apache.ratis.server.impl.LeaderElection.askForVotes(LeaderElection.java:180)
	at org.apache.ratis.server.impl.LeaderElection.run(LeaderElection.java:133)
	at java.lang.Thread.run(Thread.java:748)
Caused by: org.apache.ratis.util.OpenCloseState$CloseTrace: Close b74b6e41-b4f8-4f70-a45a-58780751dbf1@group-C8D10AEBF337-SegmentedRaftLog
	at org.apache.ratis.util.OpenCloseState.lambda$close$1(OpenCloseState.java:109)
	at java.util.concurrent.atomic.AtomicReference.getAndUpdate(AtomicReference.java:160)
	at org.apache.ratis.util.OpenCloseState.close(OpenCloseState.java:109)
	at org.apache.ratis.server.raftlog.RaftLog.close(RaftLog.java:437)
	at org.apache.ratis.server.raftlog.segmented.SegmentedRaftLog.close(SegmentedRaftLog.java:500)
	at org.apache.ratis.server.impl.ServerState.close(ServerState.java:389)
	at org.apache.ratis.server.impl.RaftServerImpl.lambda$shutdown$3(RaftServerImpl.java:272)
	at org.apache.ratis.util.LifeCycle.lambda$checkStateAndClose$2(LifeCycle.java:231)
	at org.apache.ratis.util.LifeCycle.checkStateAndClose(LifeCycle.java:251)
	at org.apache.ratis.util.LifeCycle.checkStateAndClose(LifeCycle.java:229)
	at org.apache.ratis.server.impl.RaftServerImpl.shutdown(RaftServerImpl.java:249)
	at org.apache.ratis.server.impl.RaftServerProxy$ImplMap.lambda$close$0(RaftServerProxy.java:107)
	at java.util.stream.ForEachOps$ForEachOp$OfRef.accept(ForEachOps.java:183)
	at java.util.stream.ReferencePipeline$3$1.accept(ReferencePipeline.java:193)
	at java.util.concurrent.ConcurrentHashMap$ValueSpliterator.forEachRemaining(ConcurrentHashMap.java:3566)
	at java.util.stream.AbstractPipeline.copyInto(AbstractPipeline.java:482)
	at java.util.stream.ForEachOps$ForEachTask.compute(ForEachOps.java:290)
	at java.util.concurrent.CountedCompleter.exec(CountedCompleter.java:731)
	at java.util.concurrent.ForkJoinTask.doExec(ForkJoinTask.java:289)
	at java.util.concurrent.ForkJoinTask.doInvoke(ForkJoinTask.java:401)
	at java.util.concurrent.ForkJoinTask.invoke(ForkJoinTask.java:734)
	at java.util.stream.ForEachOps$ForEachOp.evaluateParallel(ForEachOps.java:159)
	at java.util.stream.ForEachOps$ForEachOp$OfRef.evaluateParallel(ForEachOps.java:173)
	at java.util.stream.AbstractPipeline.evaluate(AbstractPipeline.java:233)
	at java.util.stream.ReferencePipeline.forEach(ReferencePipeline.java:485)
	at org.apache.ratis.server.impl.RaftServerProxy$ImplMap.close(RaftServerProxy.java:107)
	at org.apache.ratis.server.impl.RaftServerProxy.lambda$close$4(RaftServerProxy.java:315)
	at org.apache.ratis.util.LifeCycle.lambda$checkStateAndClose$2(LifeCycle.java:231)
	at org.apache.ratis.util.LifeCycle.checkStateAndClose(LifeCycle.java:251)
	at org.apache.ratis.util.LifeCycle.checkStateAndClose(LifeCycle.java:229)
	at org.apache.ratis.server.impl.RaftServerProxy.close(RaftServerProxy.java:313)
	at org.apache.hadoop.ozone.container.common.transport.server.ratis.XceiverServerRatis.stop(XceiverServerRatis.java:451)
	at org.apache.hadoop.ozone.container.ozoneimpl.OzoneContainer.stop(OzoneContainer.java:246)
	at org.apache.hadoop.ozone.container.common.statemachine.DatanodeStateMachine.close(DatanodeStateMachine.java:275)
	at org.apache.hadoop.ozone.container.common.statemachine.DatanodeStateMachine.stopDaemon(DatanodeStateMachine.java:399)
	at org.apache.hadoop.ozone.HddsDatanodeService.stop(HddsDatanodeService.java:458)
	at org.apache.hadoop.ozone.MiniOzoneClusterImpl.stopDatanode(MiniOzoneClusterImpl.java:423)
	at java.util.stream.ForEachOps$ForEachOp$OfRef.accept(ForEachOps.java:183)
	at java.util.ArrayList$ArrayListSpliterator.forEachRemaining(ArrayList.java:1382)
	at java.util.stream.AbstractPipeline.copyInto(AbstractPipeline.java:482)
	at java.util.stream.ForEachOps$ForEachTask.compute(ForEachOps.java:290)
	at java.util.concurrent.CountedCompleter.exec(CountedCompleter.java:731)
	at java.util.concurrent.ForkJoinTask.doExec(ForkJoinTask.java:289)
	at java.util.concurrent.ForkJoinPool$WorkQueue.runTask(ForkJoinPool.java:1056)
	at java.util.concurrent.ForkJoinPool.runWorker(ForkJoinPool.java:1692)
	at java.util.concurrent.ForkJoinWorkerThread.run(ForkJoinWorkerThread.java:157)
2019-11-14 19:55:34,416 [grpc-default-executor-4] WARN  server.GrpcLogAppender (LogUtils.java:warn(134)) - 0203d6eb-35d8-4784-bff3-7fee374bf3e2@group-2E326D391161->b74b6e41-b4f8-4f70-a45a-58780751dbf1-AppendLogResponseHandler: Failed appendEntries: org.apache.ratis.thirdparty.io.grpc.StatusRuntimeException: UNAVAILABLE: io exception
2019-11-14 19:55:34,418 [grpc-default-executor-4] INFO  impl.FollowerInfo (FollowerInfo.java:lambda$new$0(51)) - 0203d6eb-35d8-4784-bff3-7fee374bf3e2@group-2E326D391161->b74b6e41-b4f8-4f70-a45a-58780751dbf1: nextIndex: updateUnconditionally 0 -> 0
2019-11-14 19:55:34,679 [grpc-default-executor-1] WARN  server.GrpcLogAppender (LogUtils.java:warn(134)) - 5698a14d-db8b-40b1-a590-5479916d1106@group-C1A45D404590->af759c1c-c92d-45df-b04f-683eb4d9761f-AppendLogResponseHandler: Failed appendEntries: org.apache.ratis.thirdparty.io.grpc.StatusRuntimeException: UNAVAILABLE: io exception
2019-11-14 19:55:34,681 [grpc-default-executor-1] INFO  impl.FollowerInfo (FollowerInfo.java:lambda$new$0(51)) - 5698a14d-db8b-40b1-a590-5479916d1106@group-C1A45D404590->af759c1c-c92d-45df-b04f-683eb4d9761f: nextIndex: updateUnconditionally 0 -> 0
2019-11-14 19:55:34,700 [Datanode State Machine Thread - 0] INFO  statemachine.DatanodeStateMachine (DatanodeStateMachine.java:lambda$startDaemon$0(355)) - Ozone container server started.
2019-11-14 19:55:34,874 [Datanode State Machine Thread - 0] INFO  statemachine.DatanodeStateMachine (DatanodeStateMachine.java:lambda$startDaemon$0(355)) - Ozone container server started.
2019-11-14 19:55:34,919 [grpc-default-executor-3] WARN  server.GrpcLogAppender (LogUtils.java:warn(134)) - 0203d6eb-35d8-4784-bff3-7fee374bf3e2@group-2E326D391161->b74b6e41-b4f8-4f70-a45a-58780751dbf1-AppendLogResponseHandler: Failed appendEntries: org.apache.ratis.thirdparty.io.grpc.StatusRuntimeException: UNAVAILABLE: io exception
2019-11-14 19:55:34,920 [grpc-default-executor-3] INFO  impl.FollowerInfo (FollowerInfo.java:lambda$new$0(51)) - 0203d6eb-35d8-4784-bff3-7fee374bf3e2@group-2E326D391161->b74b6e41-b4f8-4f70-a45a-58780751dbf1: nextIndex: updateUnconditionally 0 -> 0
2019-11-14 19:55:35,183 [grpc-default-executor-4] WARN  server.GrpcLogAppender (LogUtils.java:warn(134)) - 5698a14d-db8b-40b1-a590-5479916d1106@group-C1A45D404590->af759c1c-c92d-45df-b04f-683eb4d9761f-AppendLogResponseHandler: Failed appendEntries: org.apache.ratis.thirdparty.io.grpc.StatusRuntimeException: UNAVAILABLE: io exception
2019-11-14 19:55:35,185 [grpc-default-executor-4] INFO  impl.FollowerInfo (FollowerInfo.java:lambda$new$0(51)) - 5698a14d-db8b-40b1-a590-5479916d1106@group-C1A45D404590->af759c1c-c92d-45df-b04f-683eb4d9761f: nextIndex: updateUnconditionally 0 -> 0
2019-11-14 19:55:35,423 [grpc-default-executor-1] WARN  server.GrpcLogAppender (LogUtils.java:warn(134)) - 0203d6eb-35d8-4784-bff3-7fee374bf3e2@group-2E326D391161->b74b6e41-b4f8-4f70-a45a-58780751dbf1-AppendLogResponseHandler: Failed appendEntries: org.apache.ratis.thirdparty.io.grpc.StatusRuntimeException: UNAVAILABLE: io exception
2019-11-14 19:55:35,425 [grpc-default-executor-1] INFO  impl.FollowerInfo (FollowerInfo.java:lambda$new$0(51)) - 0203d6eb-35d8-4784-bff3-7fee374bf3e2@group-2E326D391161->b74b6e41-b4f8-4f70-a45a-58780751dbf1: nextIndex: updateUnconditionally 0 -> 0
2019-11-14 19:55:35,686 [grpc-default-executor-4] WARN  server.GrpcLogAppender (LogUtils.java:warn(134)) - 5698a14d-db8b-40b1-a590-5479916d1106@group-C1A45D404590->af759c1c-c92d-45df-b04f-683eb4d9761f-AppendLogResponseHandler: Failed appendEntries: org.apache.ratis.thirdparty.io.grpc.StatusRuntimeException: UNAVAILABLE: io exception
2019-11-14 19:55:35,689 [grpc-default-executor-4] INFO  impl.FollowerInfo (FollowerInfo.java:lambda$new$0(51)) - 5698a14d-db8b-40b1-a590-5479916d1106@group-C1A45D404590->af759c1c-c92d-45df-b04f-683eb4d9761f: nextIndex: updateUnconditionally 0 -> 0
2019-11-14 19:55:35,935 [grpc-default-executor-4] WARN  server.GrpcLogAppender (LogUtils.java:warn(134)) - 0203d6eb-35d8-4784-bff3-7fee374bf3e2@group-2E326D391161->b74b6e41-b4f8-4f70-a45a-58780751dbf1-AppendLogResponseHandler: Failed appendEntries: org.apache.ratis.thirdparty.io.grpc.StatusRuntimeException: UNAVAILABLE: io exception
2019-11-14 19:55:35,937 [grpc-default-executor-4] INFO  impl.FollowerInfo (FollowerInfo.java:lambda$new$0(51)) - 0203d6eb-35d8-4784-bff3-7fee374bf3e2@group-2E326D391161->b74b6e41-b4f8-4f70-a45a-58780751dbf1: nextIndex: updateUnconditionally 0 -> 0
2019-11-14 19:55:36,188 [grpc-default-executor-4] WARN  server.GrpcLogAppender (LogUtils.java:warn(134)) - 5698a14d-db8b-40b1-a590-5479916d1106@group-C1A45D404590->af759c1c-c92d-45df-b04f-683eb4d9761f-AppendLogResponseHandler: Failed appendEntries: org.apache.ratis.thirdparty.io.grpc.StatusRuntimeException: UNAVAILABLE: io exception
2019-11-14 19:55:36,191 [grpc-default-executor-4] INFO  impl.FollowerInfo (FollowerInfo.java:lambda$new$0(51)) - 5698a14d-db8b-40b1-a590-5479916d1106@group-C1A45D404590->af759c1c-c92d-45df-b04f-683eb4d9761f: nextIndex: updateUnconditionally 0 -> 0
2019-11-14 19:55:36,435 [grpc-default-executor-4] WARN  server.GrpcLogAppender (LogUtils.java:warn(134)) - 0203d6eb-35d8-4784-bff3-7fee374bf3e2@group-2E326D391161->b74b6e41-b4f8-4f70-a45a-58780751dbf1-AppendLogResponseHandler: Failed appendEntries: org.apache.ratis.thirdparty.io.grpc.StatusRuntimeException: UNAVAILABLE: io exception
2019-11-14 19:55:36,441 [grpc-default-executor-4] INFO  impl.FollowerInfo (FollowerInfo.java:lambda$new$0(51)) - 0203d6eb-35d8-4784-bff3-7fee374bf3e2@group-2E326D391161->b74b6e41-b4f8-4f70-a45a-58780751dbf1: nextIndex: updateUnconditionally 0 -> 0
2019-11-14 19:55:36,689 [grpc-default-executor-3] WARN  server.GrpcLogAppender (LogUtils.java:warn(134)) - 5698a14d-db8b-40b1-a590-5479916d1106@group-C1A45D404590->af759c1c-c92d-45df-b04f-683eb4d9761f-AppendLogResponseHandler: Failed appendEntries: org.apache.ratis.thirdparty.io.grpc.StatusRuntimeException: UNAVAILABLE: io exception
2019-11-14 19:55:36,693 [grpc-default-executor-3] INFO  impl.FollowerInfo (FollowerInfo.java:lambda$new$0(51)) - 5698a14d-db8b-40b1-a590-5479916d1106@group-C1A45D404590->af759c1c-c92d-45df-b04f-683eb4d9761f: nextIndex: updateUnconditionally 0 -> 0
2019-11-14 19:55:36,937 [grpc-default-executor-3] WARN  server.GrpcLogAppender (LogUtils.java:warn(134)) - 0203d6eb-35d8-4784-bff3-7fee374bf3e2@group-2E326D391161->b74b6e41-b4f8-4f70-a45a-58780751dbf1-AppendLogResponseHandler: Failed appendEntries: org.apache.ratis.thirdparty.io.grpc.StatusRuntimeException: UNAVAILABLE: io exception
2019-11-14 19:55:36,951 [grpc-default-executor-3] INFO  impl.FollowerInfo (FollowerInfo.java:lambda$new$0(51)) - 0203d6eb-35d8-4784-bff3-7fee374bf3e2@group-2E326D391161->b74b6e41-b4f8-4f70-a45a-58780751dbf1: nextIndex: updateUnconditionally 0 -> 0
2019-11-14 19:55:37,192 [grpc-default-executor-4] WARN  server.GrpcLogAppender (LogUtils.java:warn(134)) - 5698a14d-db8b-40b1-a590-5479916d1106@group-C1A45D404590->af759c1c-c92d-45df-b04f-683eb4d9761f-AppendLogResponseHandler: Failed appendEntries: org.apache.ratis.thirdparty.io.grpc.StatusRuntimeException: UNAVAILABLE: io exception
2019-11-14 19:55:37,195 [grpc-default-executor-4] INFO  impl.FollowerInfo (FollowerInfo.java:lambda$new$0(51)) - 5698a14d-db8b-40b1-a590-5479916d1106@group-C1A45D404590->af759c1c-c92d-45df-b04f-683eb4d9761f: nextIndex: updateUnconditionally 0 -> 0
2019-11-14 19:55:37,438 [grpc-default-executor-1] WARN  server.GrpcLogAppender (LogUtils.java:warn(134)) - 0203d6eb-35d8-4784-bff3-7fee374bf3e2@group-2E326D391161->b74b6e41-b4f8-4f70-a45a-58780751dbf1-AppendLogResponseHandler: Failed appendEntries: org.apache.ratis.thirdparty.io.grpc.StatusRuntimeException: UNAVAILABLE: io exception
2019-11-14 19:55:37,440 [grpc-default-executor-1] INFO  impl.FollowerInfo (FollowerInfo.java:lambda$new$0(51)) - 0203d6eb-35d8-4784-bff3-7fee374bf3e2@group-2E326D391161->b74b6e41-b4f8-4f70-a45a-58780751dbf1: nextIndex: updateUnconditionally 0 -> 0
2019-11-14 19:55:37,694 [grpc-default-executor-4] WARN  server.GrpcLogAppender (LogUtils.java:warn(134)) - 5698a14d-db8b-40b1-a590-5479916d1106@group-C1A45D404590->af759c1c-c92d-45df-b04f-683eb4d9761f-AppendLogResponseHandler: Failed appendEntries: org.apache.ratis.thirdparty.io.grpc.StatusRuntimeException: UNAVAILABLE: io exception
2019-11-14 19:55:37,697 [grpc-default-executor-4] INFO  impl.FollowerInfo (FollowerInfo.java:lambda$new$0(51)) - 5698a14d-db8b-40b1-a590-5479916d1106@group-C1A45D404590->af759c1c-c92d-45df-b04f-683eb4d9761f: nextIndex: updateUnconditionally 0 -> 0
2019-11-14 19:55:37,939 [grpc-default-executor-3] WARN  server.GrpcLogAppender (LogUtils.java:warn(134)) - 0203d6eb-35d8-4784-bff3-7fee374bf3e2@group-2E326D391161->b74b6e41-b4f8-4f70-a45a-58780751dbf1-AppendLogResponseHandler: Failed appendEntries: org.apache.ratis.thirdparty.io.grpc.StatusRuntimeException: UNAVAILABLE: io exception
2019-11-14 19:55:37,942 [grpc-default-executor-3] INFO  impl.FollowerInfo (FollowerInfo.java:lambda$new$0(51)) - 0203d6eb-35d8-4784-bff3-7fee374bf3e2@group-2E326D391161->b74b6e41-b4f8-4f70-a45a-58780751dbf1: nextIndex: updateUnconditionally 0 -> 0
2019-11-14 19:55:38,195 [grpc-default-executor-1] WARN  server.GrpcLogAppender (LogUtils.java:warn(134)) - 5698a14d-db8b-40b1-a590-5479916d1106@group-C1A45D404590->af759c1c-c92d-45df-b04f-683eb4d9761f-AppendLogResponseHandler: Failed appendEntries: org.apache.ratis.thirdparty.io.grpc.StatusRuntimeException: UNAVAILABLE: io exception
2019-11-14 19:55:38,198 [grpc-default-executor-1] INFO  impl.FollowerInfo (FollowerInfo.java:lambda$new$0(51)) - 5698a14d-db8b-40b1-a590-5479916d1106@group-C1A45D404590->af759c1c-c92d-45df-b04f-683eb4d9761f: nextIndex: updateUnconditionally 0 -> 0
2019-11-14 19:55:38,443 [grpc-default-executor-4] WARN  server.GrpcLogAppender (LogUtils.java:warn(134)) - 0203d6eb-35d8-4784-bff3-7fee374bf3e2@group-2E326D391161->b74b6e41-b4f8-4f70-a45a-58780751dbf1-AppendLogResponseHandler: Failed appendEntries: org.apache.ratis.thirdparty.io.grpc.StatusRuntimeException: UNAVAILABLE: io exception
2019-11-14 19:55:38,448 [grpc-default-executor-4] INFO  impl.FollowerInfo (FollowerInfo.java:lambda$new$0(51)) - 0203d6eb-35d8-4784-bff3-7fee374bf3e2@group-2E326D391161->b74b6e41-b4f8-4f70-a45a-58780751dbf1: nextIndex: updateUnconditionally 0 -> 0
2019-11-14 19:55:38,696 [grpc-default-executor-3] WARN  server.GrpcLogAppender (LogUtils.java:warn(134)) - 5698a14d-db8b-40b1-a590-5479916d1106@group-C1A45D404590->af759c1c-c92d-45df-b04f-683eb4d9761f-AppendLogResponseHandler: Failed appendEntries: org.apache.ratis.thirdparty.io.grpc.StatusRuntimeException: UNAVAILABLE: io exception
2019-11-14 19:55:38,698 [grpc-default-executor-3] INFO  impl.FollowerInfo (FollowerInfo.java:lambda$new$0(51)) - 5698a14d-db8b-40b1-a590-5479916d1106@group-C1A45D404590->af759c1c-c92d-45df-b04f-683eb4d9761f: nextIndex: updateUnconditionally 0 -> 0
2019-11-14 19:55:38,959 [grpc-default-executor-4] WARN  server.GrpcLogAppender (LogUtils.java:warn(134)) - 0203d6eb-35d8-4784-bff3-7fee374bf3e2@group-2E326D391161->b74b6e41-b4f8-4f70-a45a-58780751dbf1-AppendLogResponseHandler: Failed appendEntries: org.apache.ratis.thirdparty.io.grpc.StatusRuntimeException: UNAVAILABLE: io exception
2019-11-14 19:55:38,961 [grpc-default-executor-4] INFO  impl.FollowerInfo (FollowerInfo.java:lambda$new$0(51)) - 0203d6eb-35d8-4784-bff3-7fee374bf3e2@group-2E326D391161->b74b6e41-b4f8-4f70-a45a-58780751dbf1: nextIndex: updateUnconditionally 0 -> 0
2019-11-14 19:55:39,052 [ForkJoinPool.commonPool-worker-1] INFO  ozoneimpl.OzoneContainer (OzoneContainer.java:stop(244)) - Attempting to stop container services.
2019-11-14 19:55:39,052 [ForkJoinPool.commonPool-worker-1] INFO  impl.RaftServerProxy (RaftServerProxy.java:lambda$close$4(314)) - b117fa5f-2c4e-4381-a495-d707275fd4cd: close
2019-11-14 19:55:39,052 [ForkJoinPool.commonPool-worker-1] INFO  impl.RaftServerImpl (RaftServerImpl.java:lambda$shutdown$3(250)) - b117fa5f-2c4e-4381-a495-d707275fd4cd@group-751C019BC56F: shutdown
2019-11-14 19:55:39,053 [main] INFO  ozoneimpl.OzoneContainer (OzoneContainer.java:stop(244)) - Attempting to stop container services.
2019-11-14 19:55:39,053 [ForkJoinPool.commonPool-worker-1] INFO  util.JmxRegister (JmxRegister.java:unregister(73)) - Successfully un-registered JMX Bean with object name Ratis:service=RaftServer,group=group-751C019BC56F,id=b117fa5f-2c4e-4381-a495-d707275fd4cd
2019-11-14 19:55:39,053 [main] INFO  impl.RaftServerProxy (RaftServerProxy.java:lambda$close$4(314)) - 0dd744a2-47ab-4d30-8d7a-27587728c440: close
2019-11-14 19:55:39,053 [ForkJoinPool.commonPool-worker-1] INFO  impl.RoleInfo (RoleInfo.java:shutdownLeaderState(104)) - b117fa5f-2c4e-4381-a495-d707275fd4cd: shutdown LeaderState
2019-11-14 19:55:39,054 [main] INFO  impl.RaftServerImpl (RaftServerImpl.java:lambda$shutdown$3(250)) - 0dd744a2-47ab-4d30-8d7a-27587728c440@group-2E326D391161: shutdown
2019-11-14 19:55:39,058 [org.apache.ratis.server.impl.LogAppender$AppenderDaemon$$Lambda$430/86081870@36232139] WARN  server.GrpcLogAppender (GrpcLogAppender.java:mayWait(151)) - b117fa5f-2c4e-4381-a495-d707275fd4cd@group-751C019BC56F->21186c51-1475-43f8-940c-f90b4fe03024-GrpcLogAppender: Wait interrupted by java.lang.InterruptedException
2019-11-14 19:55:39,058 [org.apache.ratis.server.impl.LogAppender$AppenderDaemon$$Lambda$430/86081870@7321a999] WARN  server.GrpcLogAppender (GrpcLogAppender.java:mayWait(151)) - b117fa5f-2c4e-4381-a495-d707275fd4cd@group-751C019BC56F->797ebefa-c895-4cb1-b191-6ff1bf83736b-GrpcLogAppender: Wait interrupted by java.lang.InterruptedException
2019-11-14 19:55:39,057 [ForkJoinPool.commonPool-worker-1] INFO  impl.PendingRequests (PendingRequests.java:sendNotLeaderResponses(206)) - b117fa5f-2c4e-4381-a495-d707275fd4cd@group-751C019BC56F-PendingRequests: sendNotLeaderResponses
2019-11-14 19:55:39,058 [main] INFO  util.JmxRegister (JmxRegister.java:unregister(73)) - Successfully un-registered JMX Bean with object name Ratis:service=RaftServer,group=group-2E326D391161,id=0dd744a2-47ab-4d30-8d7a-27587728c440
2019-11-14 19:55:39,059 [ForkJoinPool.commonPool-worker-1] INFO  impl.StateMachineUpdater (StateMachineUpdater.java:stopAndJoin(136)) - b117fa5f-2c4e-4381-a495-d707275fd4cd@group-751C019BC56F-StateMachineUpdater: set stopIndex = 0
2019-11-14 19:55:39,059 [main] INFO  impl.RoleInfo (RoleInfo.java:shutdownFollowerState(121)) - 0dd744a2-47ab-4d30-8d7a-27587728c440: shutdown FollowerState
2019-11-14 19:55:39,059 [grpc-default-executor-4] INFO  server.GrpcServerProtocolService (GrpcServerProtocolService.java:onCompleted(113)) - 21186c51-1475-43f8-940c-f90b4fe03024: Completed APPEND_ENTRIES, lastRequest: b117fa5f-2c4e-4381-a495-d707275fd4cd->21186c51-1475-43f8-940c-f90b4fe03024#18-t1, previous=(t:1, i:0), leaderCommit=0, initializing? false, entries: <empty>
2019-11-14 19:55:39,059 [grpc-default-executor-3] INFO  server.GrpcServerProtocolService (GrpcServerProtocolService.java:onCompleted(113)) - 797ebefa-c895-4cb1-b191-6ff1bf83736b: Completed APPEND_ENTRIES, lastRequest: b117fa5f-2c4e-4381-a495-d707275fd4cd->797ebefa-c895-4cb1-b191-6ff1bf83736b#18-t1, previous=(t:1, i:0), leaderCommit=0, initializing? false, entries: <empty>
2019-11-14 19:55:39,059 [ForkJoinPool.commonPool-worker-1] INFO  impl.RaftServerImpl (ServerState.java:close(387)) - b117fa5f-2c4e-4381-a495-d707275fd4cd@group-751C019BC56F: closes. applyIndex: 0
2019-11-14 19:55:39,059 [Thread-362] INFO  impl.FollowerState (FollowerState.java:run(120)) - 0dd744a2-47ab-4d30-8d7a-27587728c440@group-2E326D391161-FollowerState was interrupted: java.lang.InterruptedException: sleep interrupted
2019-11-14 19:55:39,060 [b117fa5f-2c4e-4381-a495-d707275fd4cd@group-751C019BC56F-SegmentedRaftLogWorker] INFO  segmented.SegmentedRaftLogWorker (SegmentedRaftLogWorker.java:run(316)) - b117fa5f-2c4e-4381-a495-d707275fd4cd@group-751C019BC56F-SegmentedRaftLogWorker was interrupted, exiting. There are 0 tasks remaining in the queue.
2019-11-14 19:55:39,059 [main] INFO  impl.StateMachineUpdater (StateMachineUpdater.java:stopAndJoin(136)) - 0dd744a2-47ab-4d30-8d7a-27587728c440@group-2E326D391161-StateMachineUpdater: set stopIndex = 0
2019-11-14 19:55:39,064 [main] INFO  impl.RaftServerImpl (ServerState.java:close(387)) - 0dd744a2-47ab-4d30-8d7a-27587728c440@group-2E326D391161: closes. applyIndex: 0
2019-11-14 19:55:39,064 [grpc-default-executor-4] INFO  server.GrpcLogAppender (GrpcLogAppender.java:onCompleted(308)) - b117fa5f-2c4e-4381-a495-d707275fd4cd@group-751C019BC56F->797ebefa-c895-4cb1-b191-6ff1bf83736b-AppendLogResponseHandler: follower responses appendEntries COMPLETED
2019-11-14 19:55:39,064 [grpc-default-executor-3] INFO  server.GrpcLogAppender (GrpcLogAppender.java:onCompleted(308)) - b117fa5f-2c4e-4381-a495-d707275fd4cd@group-751C019BC56F->21186c51-1475-43f8-940c-f90b4fe03024-AppendLogResponseHandler: follower responses appendEntries COMPLETED
2019-11-14 19:55:39,064 [0dd744a2-47ab-4d30-8d7a-27587728c440@group-2E326D391161-SegmentedRaftLogWorker] INFO  segmented.SegmentedRaftLogWorker (SegmentedRaftLogWorker.java:run(316)) - 0dd744a2-47ab-4d30-8d7a-27587728c440@group-2E326D391161-SegmentedRaftLogWorker was interrupted, exiting. There are 0 tasks remaining in the queue.
2019-11-14 19:55:39,069 [grpc-default-executor-4] INFO  impl.FollowerInfo (FollowerInfo.java:lambda$new$0(51)) - b117fa5f-2c4e-4381-a495-d707275fd4cd@group-751C019BC56F->797ebefa-c895-4cb1-b191-6ff1bf83736b: nextIndex: updateUnconditionally 1 -> 0
2019-11-14 19:55:39,069 [grpc-default-executor-3] INFO  impl.FollowerInfo (FollowerInfo.java:lambda$new$0(51)) - b117fa5f-2c4e-4381-a495-d707275fd4cd@group-751C019BC56F->21186c51-1475-43f8-940c-f90b4fe03024: nextIndex: updateUnconditionally 1 -> 0
2019-11-14 19:55:39,197 [grpc-default-executor-1] WARN  server.GrpcLogAppender (LogUtils.java:warn(134)) - 5698a14d-db8b-40b1-a590-5479916d1106@group-C1A45D404590->af759c1c-c92d-45df-b04f-683eb4d9761f-AppendLogResponseHandler: Failed appendEntries: org.apache.ratis.thirdparty.io.grpc.StatusRuntimeException: UNAVAILABLE: io exception
2019-11-14 19:55:39,200 [grpc-default-executor-1] INFO  impl.FollowerInfo (FollowerInfo.java:lambda$new$0(51)) - 5698a14d-db8b-40b1-a590-5479916d1106@group-C1A45D404590->af759c1c-c92d-45df-b04f-683eb4d9761f: nextIndex: updateUnconditionally 0 -> 0
2019-11-14 19:55:39,444 [grpc-default-executor-4] WARN  server.GrpcLogAppender (LogUtils.java:warn(134)) - 0203d6eb-35d8-4784-bff3-7fee374bf3e2@group-2E326D391161->b74b6e41-b4f8-4f70-a45a-58780751dbf1-AppendLogResponseHandler: Failed appendEntries: org.apache.ratis.thirdparty.io.grpc.StatusRuntimeException: UNAVAILABLE: io exception
2019-11-14 19:55:39,447 [grpc-default-executor-4] INFO  impl.FollowerInfo (FollowerInfo.java:lambda$new$0(51)) - 0203d6eb-35d8-4784-bff3-7fee374bf3e2@group-2E326D391161->b74b6e41-b4f8-4f70-a45a-58780751dbf1: nextIndex: updateUnconditionally 0 -> 0
2019-11-14 19:55:39,698 [grpc-default-executor-3] WARN  server.GrpcLogAppender (LogUtils.java:warn(134)) - 5698a14d-db8b-40b1-a590-5479916d1106@group-C1A45D404590->af759c1c-c92d-45df-b04f-683eb4d9761f-AppendLogResponseHandler: Failed appendEntries: org.apache.ratis.thirdparty.io.grpc.StatusRuntimeException: UNAVAILABLE: io exception
2019-11-14 19:55:39,700 [grpc-default-executor-3] INFO  impl.FollowerInfo (FollowerInfo.java:lambda$new$0(51)) - 5698a14d-db8b-40b1-a590-5479916d1106@group-C1A45D404590->af759c1c-c92d-45df-b04f-683eb4d9761f: nextIndex: updateUnconditionally 0 -> 0
2019-11-14 19:55:39,898 [Thread-369] INFO  impl.FollowerState (FollowerState.java:run(111)) - 21186c51-1475-43f8-940c-f90b4fe03024@group-751C019BC56F-FollowerState: change to CANDIDATE, lastRpcTime:1315ms, electionTimeout:1046ms
2019-11-14 19:55:39,898 [Thread-369] INFO  impl.RoleInfo (RoleInfo.java:shutdownFollowerState(121)) - 21186c51-1475-43f8-940c-f90b4fe03024: shutdown FollowerState
2019-11-14 19:55:39,898 [Thread-369] INFO  impl.RaftServerImpl (RaftServerImpl.java:setRole(173)) - 21186c51-1475-43f8-940c-f90b4fe03024@group-751C019BC56F: changes role from  FOLLOWER to CANDIDATE at term 1 for changeToCandidate
2019-11-14 19:55:39,898 [Thread-369] INFO  impl.RoleInfo (RoleInfo.java:updateAndGet(143)) - 21186c51-1475-43f8-940c-f90b4fe03024: start LeaderElection
2019-11-14 19:55:39,899 [21186c51-1475-43f8-940c-f90b4fe03024@group-751C019BC56F-LeaderElection12] INFO  impl.RaftServerImpl (ServerState.java:setLeader(255)) - 21186c51-1475-43f8-940c-f90b4fe03024@group-751C019BC56F: change Leader from b117fa5f-2c4e-4381-a495-d707275fd4cd to null at term 1 for initElection
2019-11-14 19:55:39,945 [grpc-default-executor-1] WARN  server.GrpcLogAppender (LogUtils.java:warn(134)) - 0203d6eb-35d8-4784-bff3-7fee374bf3e2@group-2E326D391161->b74b6e41-b4f8-4f70-a45a-58780751dbf1-AppendLogResponseHandler: Failed appendEntries: org.apache.ratis.thirdparty.io.grpc.StatusRuntimeException: UNAVAILABLE: io exception
2019-11-14 19:55:39,948 [grpc-default-executor-1] INFO  impl.FollowerInfo (FollowerInfo.java:lambda$new$0(51)) - 0203d6eb-35d8-4784-bff3-7fee374bf3e2@group-2E326D391161->b74b6e41-b4f8-4f70-a45a-58780751dbf1: nextIndex: updateUnconditionally 0 -> 0
2019-11-14 19:55:39,993 [Thread-370] INFO  impl.FollowerState (FollowerState.java:run(111)) - 797ebefa-c895-4cb1-b191-6ff1bf83736b@group-751C019BC56F-FollowerState: change to CANDIDATE, lastRpcTime:1410ms, electionTimeout:1099ms
2019-11-14 19:55:39,993 [Thread-370] INFO  impl.RoleInfo (RoleInfo.java:shutdownFollowerState(121)) - 797ebefa-c895-4cb1-b191-6ff1bf83736b: shutdown FollowerState
2019-11-14 19:55:39,993 [Thread-370] INFO  impl.RaftServerImpl (RaftServerImpl.java:setRole(173)) - 797ebefa-c895-4cb1-b191-6ff1bf83736b@group-751C019BC56F: changes role from  FOLLOWER to CANDIDATE at term 1 for changeToCandidate
2019-11-14 19:55:39,994 [Thread-370] INFO  impl.RoleInfo (RoleInfo.java:updateAndGet(143)) - 797ebefa-c895-4cb1-b191-6ff1bf83736b: start LeaderElection
2019-11-14 19:55:39,994 [797ebefa-c895-4cb1-b191-6ff1bf83736b@group-751C019BC56F-LeaderElection13] INFO  impl.RaftServerImpl (ServerState.java:setLeader(255)) - 797ebefa-c895-4cb1-b191-6ff1bf83736b@group-751C019BC56F: change Leader from b117fa5f-2c4e-4381-a495-d707275fd4cd to null at term 1 for initElection
2019-11-14 19:55:40,200 [grpc-default-executor-3] WARN  server.GrpcLogAppender (LogUtils.java:warn(134)) - 5698a14d-db8b-40b1-a590-5479916d1106@group-C1A45D404590->af759c1c-c92d-45df-b04f-683eb4d9761f-AppendLogResponseHandler: Failed appendEntries: org.apache.ratis.thirdparty.io.grpc.StatusRuntimeException: UNAVAILABLE: io exception
2019-11-14 19:55:40,203 [grpc-default-executor-3] INFO  impl.FollowerInfo (FollowerInfo.java:lambda$new$0(51)) - 5698a14d-db8b-40b1-a590-5479916d1106@group-C1A45D404590->af759c1c-c92d-45df-b04f-683eb4d9761f: nextIndex: updateUnconditionally 0 -> 0
2019-11-14 19:55:40,325 [ForkJoinPool.commonPool-worker-1] INFO  segmented.SegmentedRaftLogWorker (SegmentedRaftLogWorker.java:close(224)) - b117fa5f-2c4e-4381-a495-d707275fd4cd@group-751C019BC56F-SegmentedRaftLogWorker close()
2019-11-14 19:55:40,325 [main] INFO  segmented.SegmentedRaftLogWorker (SegmentedRaftLogWorker.java:close(224)) - 0dd744a2-47ab-4d30-8d7a-27587728c440@group-2E326D391161-SegmentedRaftLogWorker close()
2019-11-14 19:55:40,331 [ForkJoinPool.commonPool-worker-1] INFO  server.GrpcService (GrpcService.java:closeImpl(164)) - b117fa5f-2c4e-4381-a495-d707275fd4cd: shutdown server with port 46720 now
2019-11-14 19:55:40,334 [main] INFO  server.GrpcService (GrpcService.java:closeImpl(164)) - 0dd744a2-47ab-4d30-8d7a-27587728c440: shutdown server with port 41669 now
2019-11-14 19:55:40,336 [ForkJoinPool.commonPool-worker-1] INFO  server.GrpcService (GrpcService.java:closeImpl(172)) - b117fa5f-2c4e-4381-a495-d707275fd4cd: shutdown server with port 46720 successfully
2019-11-14 19:55:40,342 [grpc-default-executor-1] WARN  server.GrpcServerProtocolService (LogUtils.java:warn(134)) - 0dd744a2-47ab-4d30-8d7a-27587728c440: installSnapshot onError, lastRequest: 0203d6eb-35d8-4784-bff3-7fee374bf3e2->0dd744a2-47ab-4d30-8d7a-27587728c440#21-t1, previous=(t:1, i:0), leaderCommit=0, initializing? false, entries: <empty>: org.apache.ratis.thirdparty.io.grpc.StatusRuntimeException: CANCELLED: cancelled before receiving half close
2019-11-14 19:55:40,342 [main] INFO  server.GrpcService (GrpcService.java:closeImpl(172)) - 0dd744a2-47ab-4d30-8d7a-27587728c440: shutdown server with port 41669 successfully
2019-11-14 19:55:40,342 [grpc-default-executor-3] WARN  server.GrpcLogAppender (LogUtils.java:warn(134)) - 0203d6eb-35d8-4784-bff3-7fee374bf3e2@group-2E326D391161->0dd744a2-47ab-4d30-8d7a-27587728c440-AppendLogResponseHandler: Failed appendEntries: org.apache.ratis.thirdparty.io.grpc.StatusRuntimeException: CANCELLED: HTTP/2 error code: CANCEL
Received Rst Stream
2019-11-14 19:55:40,343 [grpc-default-executor-3] INFO  impl.FollowerInfo (FollowerInfo.java:lambda$new$0(51)) - 0203d6eb-35d8-4784-bff3-7fee374bf3e2@group-2E326D391161->0dd744a2-47ab-4d30-8d7a-27587728c440: nextIndex: updateUnconditionally 1 -> 0
2019-11-14 19:55:40,353 [refreshUsed-/workdir/hadoop-ozone/integration-test/target/test-dir/MiniOzoneClusterImpl-4164cd2a-9f03-471b-8431-fd84a2e2cb62/datanode-6/data/containers] WARN  fs.CachingGetSpaceUsed (CachingGetSpaceUsed.java:run(183)) - Thread Interrupted waiting to refresh disk information: sleep interrupted
2019-11-14 19:55:40,359 [refreshUsed-/workdir/hadoop-ozone/integration-test/target/test-dir/MiniOzoneClusterImpl-4164cd2a-9f03-471b-8431-fd84a2e2cb62/datanode-3/data/containers] WARN  fs.CachingGetSpaceUsed (CachingGetSpaceUsed.java:run(183)) - Thread Interrupted waiting to refresh disk information: sleep interrupted
2019-11-14 19:55:40,373 [main] INFO  utils.BackgroundService (BackgroundService.java:shutdown(151)) - Shutting down service BlockDeletingService
2019-11-14 19:55:40,377 [main] INFO  statemachine.DatanodeStateMachine (DatanodeStateMachine.java:stopDaemon(400)) - Ozone container server stopped.
2019-11-14 19:55:40,378 [main] INFO  handler.ContextHandler (ContextHandler.java:doStop(910)) - Stopped o.e.j.w.WebAppContext@6f94fb9d{/,null,UNAVAILABLE}{/hddsDatanode}
2019-11-14 19:55:40,380 [ForkJoinPool.commonPool-worker-1] INFO  utils.BackgroundService (BackgroundService.java:shutdown(151)) - Shutting down service BlockDeletingService
2019-11-14 19:55:40,384 [main] INFO  server.AbstractConnector (AbstractConnector.java:doStop(318)) - Stopped ServerConnector@17fa1336{HTTP/1.1,[http/1.1]}{0.0.0.0:0}
2019-11-14 19:55:40,385 [ForkJoinPool.commonPool-worker-1] INFO  statemachine.DatanodeStateMachine (DatanodeStateMachine.java:stopDaemon(400)) - Ozone container server stopped.
2019-11-14 19:55:40,385 [main] INFO  handler.ContextHandler (ContextHandler.java:doStop(910)) - Stopped o.e.j.s.ServletContextHandler@1859e2a4{/static,jar:file:/home/user/.m2/repository/org/apache/hadoop/hadoop-hdds-container-service/0.5.0-SNAPSHOT/hadoop-hdds-container-service-0.5.0-SNAPSHOT.jar!/webapps/static,UNAVAILABLE}
2019-11-14 19:55:40,389 [main] INFO  handler.ContextHandler (ContextHandler.java:doStop(910)) - Stopped o.e.j.s.ServletContextHandler@73844119{/logs,file:///workdir/hadoop-ozone/integration-test/target/log,UNAVAILABLE}
2019-11-14 19:55:40,394 [ForkJoinPool.commonPool-worker-1] INFO  handler.ContextHandler (ContextHandler.java:doStop(910)) - Stopped o.e.j.w.WebAppContext@c27a3a2{/,null,UNAVAILABLE}{/hddsDatanode}
2019-11-14 19:55:40,395 [ForkJoinPool.commonPool-worker-1] INFO  server.AbstractConnector (AbstractConnector.java:doStop(318)) - Stopped ServerConnector@4b200971{HTTP/1.1,[http/1.1]}{0.0.0.0:0}
2019-11-14 19:55:40,396 [ForkJoinPool.commonPool-worker-1] INFO  handler.ContextHandler (ContextHandler.java:doStop(910)) - Stopped o.e.j.s.ServletContextHandler@646c0a67{/static,jar:file:/home/user/.m2/repository/org/apache/hadoop/hadoop-hdds-container-service/0.5.0-SNAPSHOT/hadoop-hdds-container-service-0.5.0-SNAPSHOT.jar!/webapps/static,UNAVAILABLE}
2019-11-14 19:55:40,398 [ForkJoinPool.commonPool-worker-1] INFO  handler.ContextHandler (ContextHandler.java:doStop(910)) - Stopped o.e.j.s.ServletContextHandler@e84fb85{/logs,file:///workdir/hadoop-ozone/integration-test/target/log,UNAVAILABLE}
2019-11-14 19:55:40,446 [grpc-default-executor-4] WARN  server.GrpcLogAppender (LogUtils.java:warn(134)) - 0203d6eb-35d8-4784-bff3-7fee374bf3e2@group-2E326D391161->b74b6e41-b4f8-4f70-a45a-58780751dbf1-AppendLogResponseHandler: Failed appendEntries: org.apache.ratis.thirdparty.io.grpc.StatusRuntimeException: UNAVAILABLE: io exception
2019-11-14 19:55:40,448 [grpc-default-executor-4] INFO  impl.FollowerInfo (FollowerInfo.java:lambda$new$0(51)) - 0203d6eb-35d8-4784-bff3-7fee374bf3e2@group-2E326D391161->b74b6e41-b4f8-4f70-a45a-58780751dbf1: nextIndex: updateUnconditionally 0 -> 0
2019-11-14 19:55:40,479 [grpc-default-executor-3] WARN  server.GrpcLogAppender (LogUtils.java:warn(134)) - 0203d6eb-35d8-4784-bff3-7fee374bf3e2@group-2E326D391161->0dd744a2-47ab-4d30-8d7a-27587728c440-AppendLogResponseHandler: Failed appendEntries: org.apache.ratis.thirdparty.io.grpc.StatusRuntimeException: UNAVAILABLE: io exception
2019-11-14 19:55:40,481 [grpc-default-executor-3] INFO  impl.FollowerInfo (FollowerInfo.java:lambda$new$0(51)) - 0203d6eb-35d8-4784-bff3-7fee374bf3e2@group-2E326D391161->0dd744a2-47ab-4d30-8d7a-27587728c440: nextIndex: updateUnconditionally 0 -> 0
2019-11-14 19:55:40,663 [Datanode State Machine Thread - 0] INFO  statemachine.DatanodeStateMachine (DatanodeStateMachine.java:lambda$startDaemon$0(355)) - Ozone container server started.
2019-11-14 19:55:40,701 [grpc-default-executor-1] WARN  server.GrpcLogAppender (LogUtils.java:warn(134)) - 5698a14d-db8b-40b1-a590-5479916d1106@group-C1A45D404590->af759c1c-c92d-45df-b04f-683eb4d9761f-AppendLogResponseHandler: Failed appendEntries: org.apache.ratis.thirdparty.io.grpc.StatusRuntimeException: UNAVAILABLE: io exception
2019-11-14 19:55:40,703 [grpc-default-executor-1] INFO  impl.FollowerInfo (FollowerInfo.java:lambda$new$0(51)) - 5698a14d-db8b-40b1-a590-5479916d1106@group-C1A45D404590->af759c1c-c92d-45df-b04f-683eb4d9761f: nextIndex: updateUnconditionally 0 -> 0
2019-11-14 19:55:40,948 [grpc-default-executor-4] WARN  server.GrpcLogAppender (LogUtils.java:warn(134)) - 0203d6eb-35d8-4784-bff3-7fee374bf3e2@group-2E326D391161->b74b6e41-b4f8-4f70-a45a-58780751dbf1-AppendLogResponseHandler: Failed appendEntries: org.apache.ratis.thirdparty.io.grpc.StatusRuntimeException: UNAVAILABLE: io exception
2019-11-14 19:55:40,950 [grpc-default-executor-4] INFO  impl.FollowerInfo (FollowerInfo.java:lambda$new$0(51)) - 0203d6eb-35d8-4784-bff3-7fee374bf3e2@group-2E326D391161->b74b6e41-b4f8-4f70-a45a-58780751dbf1: nextIndex: updateUnconditionally 0 -> 0
2019-11-14 19:55:40,979 [grpc-default-executor-3] WARN  server.GrpcLogAppender (LogUtils.java:warn(134)) - 0203d6eb-35d8-4784-bff3-7fee374bf3e2@group-2E326D391161->0dd744a2-47ab-4d30-8d7a-27587728c440-AppendLogResponseHandler: Failed appendEntries: org.apache.ratis.thirdparty.io.grpc.StatusRuntimeException: UNAVAILABLE: io exception
2019-11-14 19:55:40,981 [grpc-default-executor-3] INFO  impl.FollowerInfo (FollowerInfo.java:lambda$new$0(51)) - 0203d6eb-35d8-4784-bff3-7fee374bf3e2@group-2E326D391161->0dd744a2-47ab-4d30-8d7a-27587728c440: nextIndex: updateUnconditionally 0 -> 0
2019-11-14 19:55:41,047 [Datanode State Machine Thread - 0] INFO  statemachine.DatanodeStateMachine (DatanodeStateMachine.java:lambda$startDaemon$0(355)) - Ozone container server started.
2019-11-14 19:55:41,202 [grpc-default-executor-1] WARN  server.GrpcLogAppender (LogUtils.java:warn(134)) - 5698a14d-db8b-40b1-a590-5479916d1106@group-C1A45D404590->af759c1c-c92d-45df-b04f-683eb4d9761f-AppendLogResponseHandler: Failed appendEntries: org.apache.ratis.thirdparty.io.grpc.StatusRuntimeException: UNAVAILABLE: io exception
2019-11-14 19:55:41,205 [grpc-default-executor-1] INFO  impl.FollowerInfo (FollowerInfo.java:lambda$new$0(51)) - 5698a14d-db8b-40b1-a590-5479916d1106@group-C1A45D404590->af759c1c-c92d-45df-b04f-683eb4d9761f: nextIndex: updateUnconditionally 0 -> 0
2019-11-14 19:55:41,449 [grpc-default-executor-4] WARN  server.GrpcLogAppender (LogUtils.java:warn(134)) - 0203d6eb-35d8-4784-bff3-7fee374bf3e2@group-2E326D391161->b74b6e41-b4f8-4f70-a45a-58780751dbf1-AppendLogResponseHandler: Failed appendEntries: org.apache.ratis.thirdparty.io.grpc.StatusRuntimeException: UNAVAILABLE: io exception
2019-11-14 19:55:41,455 [grpc-default-executor-4] INFO  impl.FollowerInfo (FollowerInfo.java:lambda$new$0(51)) - 0203d6eb-35d8-4784-bff3-7fee374bf3e2@group-2E326D391161->b74b6e41-b4f8-4f70-a45a-58780751dbf1: nextIndex: updateUnconditionally 0 -> 0
2019-11-14 19:55:41,481 [grpc-default-executor-3] WARN  server.GrpcLogAppender (LogUtils.java:warn(134)) - 0203d6eb-35d8-4784-bff3-7fee374bf3e2@group-2E326D391161->0dd744a2-47ab-4d30-8d7a-27587728c440-AppendLogResponseHandler: Failed appendEntries: org.apache.ratis.thirdparty.io.grpc.StatusRuntimeException: UNAVAILABLE: io exception
2019-11-14 19:55:41,481 [grpc-default-executor-3] INFO  impl.FollowerInfo (FollowerInfo.java:lambda$new$0(51)) - 0203d6eb-35d8-4784-bff3-7fee374bf3e2@group-2E326D391161->0dd744a2-47ab-4d30-8d7a-27587728c440: nextIndex: updateUnconditionally 0 -> 0
2019-11-14 19:55:41,704 [grpc-default-executor-1] WARN  server.GrpcLogAppender (LogUtils.java:warn(134)) - 5698a14d-db8b-40b1-a590-5479916d1106@group-C1A45D404590->af759c1c-c92d-45df-b04f-683eb4d9761f-AppendLogResponseHandler: Failed appendEntries: org.apache.ratis.thirdparty.io.grpc.StatusRuntimeException: UNAVAILABLE: io exception
2019-11-14 19:55:41,705 [grpc-default-executor-1] INFO  impl.FollowerInfo (FollowerInfo.java:lambda$new$0(51)) - 5698a14d-db8b-40b1-a590-5479916d1106@group-C1A45D404590->af759c1c-c92d-45df-b04f-683eb4d9761f: nextIndex: updateUnconditionally 0 -> 0
2019-11-14 19:55:41,951 [grpc-default-executor-4] WARN  server.GrpcLogAppender (LogUtils.java:warn(134)) - 0203d6eb-35d8-4784-bff3-7fee374bf3e2@group-2E326D391161->b74b6e41-b4f8-4f70-a45a-58780751dbf1-AppendLogResponseHandler: Failed appendEntries: org.apache.ratis.thirdparty.io.grpc.StatusRuntimeException: UNAVAILABLE: io exception
2019-11-14 19:55:41,951 [grpc-default-executor-4] INFO  impl.FollowerInfo (FollowerInfo.java:lambda$new$0(51)) - 0203d6eb-35d8-4784-bff3-7fee374bf3e2@group-2E326D391161->b74b6e41-b4f8-4f70-a45a-58780751dbf1: nextIndex: updateUnconditionally 0 -> 0
2019-11-14 19:55:41,981 [grpc-default-executor-3] WARN  server.GrpcLogAppender (LogUtils.java:warn(134)) - 0203d6eb-35d8-4784-bff3-7fee374bf3e2@group-2E326D391161->0dd744a2-47ab-4d30-8d7a-27587728c440-AppendLogResponseHandler: Failed appendEntries: org.apache.ratis.thirdparty.io.grpc.StatusRuntimeException: UNAVAILABLE: io exception
2019-11-14 19:55:41,982 [grpc-default-executor-3] INFO  impl.FollowerInfo (FollowerInfo.java:lambda$new$0(51)) - 0203d6eb-35d8-4784-bff3-7fee374bf3e2@group-2E326D391161->0dd744a2-47ab-4d30-8d7a-27587728c440: nextIndex: updateUnconditionally 0 -> 0
2019-11-14 19:55:42,205 [grpc-default-executor-1] WARN  server.GrpcLogAppender (LogUtils.java:warn(134)) - 5698a14d-db8b-40b1-a590-5479916d1106@group-C1A45D404590->af759c1c-c92d-45df-b04f-683eb4d9761f-AppendLogResponseHandler: Failed appendEntries: org.apache.ratis.thirdparty.io.grpc.StatusRuntimeException: UNAVAILABLE: io exception
2019-11-14 19:55:42,206 [grpc-default-executor-1] INFO  impl.FollowerInfo (FollowerInfo.java:lambda$new$0(51)) - 5698a14d-db8b-40b1-a590-5479916d1106@group-C1A45D404590->af759c1c-c92d-45df-b04f-683eb4d9761f: nextIndex: updateUnconditionally 0 -> 0
2019-11-14 19:55:42,452 [grpc-default-executor-4] WARN  server.GrpcLogAppender (LogUtils.java:warn(134)) - 0203d6eb-35d8-4784-bff3-7fee374bf3e2@group-2E326D391161->b74b6e41-b4f8-4f70-a45a-58780751dbf1-AppendLogResponseHandler: Failed appendEntries: org.apache.ratis.thirdparty.io.grpc.StatusRuntimeException: UNAVAILABLE: io exception
2019-11-14 19:55:42,453 [grpc-default-executor-4] INFO  impl.FollowerInfo (FollowerInfo.java:lambda$new$0(51)) - 0203d6eb-35d8-4784-bff3-7fee374bf3e2@group-2E326D391161->b74b6e41-b4f8-4f70-a45a-58780751dbf1: nextIndex: updateUnconditionally 0 -> 0
2019-11-14 19:55:42,483 [grpc-default-executor-3] WARN  server.GrpcLogAppender (LogUtils.java:warn(134)) - 0203d6eb-35d8-4784-bff3-7fee374bf3e2@group-2E326D391161->0dd744a2-47ab-4d30-8d7a-27587728c440-AppendLogResponseHandler: Failed appendEntries: org.apache.ratis.thirdparty.io.grpc.StatusRuntimeException: UNAVAILABLE: io exception
2019-11-14 19:55:42,483 [grpc-default-executor-3] INFO  impl.FollowerInfo (FollowerInfo.java:lambda$new$0(51)) - 0203d6eb-35d8-4784-bff3-7fee374bf3e2@group-2E326D391161->0dd744a2-47ab-4d30-8d7a-27587728c440: nextIndex: updateUnconditionally 0 -> 0
2019-11-14 19:55:42,717 [grpc-default-executor-1] WARN  server.GrpcLogAppender (LogUtils.java:warn(134)) - 5698a14d-db8b-40b1-a590-5479916d1106@group-C1A45D404590->af759c1c-c92d-45df-b04f-683eb4d9761f-AppendLogResponseHandler: Failed appendEntries: org.apache.ratis.thirdparty.io.grpc.StatusRuntimeException: UNAVAILABLE: io exception
2019-11-14 19:55:42,717 [grpc-default-executor-1] INFO  impl.FollowerInfo (FollowerInfo.java:lambda$new$0(51)) - 5698a14d-db8b-40b1-a590-5479916d1106@group-C1A45D404590->af759c1c-c92d-45df-b04f-683eb4d9761f: nextIndex: updateUnconditionally 0 -> 0
2019-11-14 19:55:42,952 [grpc-default-executor-4] WARN  server.GrpcLogAppender (LogUtils.java:warn(134)) - 0203d6eb-35d8-4784-bff3-7fee374bf3e2@group-2E326D391161->b74b6e41-b4f8-4f70-a45a-58780751dbf1-AppendLogResponseHandler: Failed appendEntries: org.apache.ratis.thirdparty.io.grpc.StatusRuntimeException: UNAVAILABLE: io exception
2019-11-14 19:55:42,953 [grpc-default-executor-4] INFO  impl.FollowerInfo (FollowerInfo.java:lambda$new$0(51)) - 0203d6eb-35d8-4784-bff3-7fee374bf3e2@group-2E326D391161->b74b6e41-b4f8-4f70-a45a-58780751dbf1: nextIndex: updateUnconditionally 0 -> 0
2019-11-14 19:55:42,983 [grpc-default-executor-3] WARN  server.GrpcLogAppender (LogUtils.java:warn(134)) - 0203d6eb-35d8-4784-bff3-7fee374bf3e2@group-2E326D391161->0dd744a2-47ab-4d30-8d7a-27587728c440-AppendLogResponseHandler: Failed appendEntries: org.apache.ratis.thirdparty.io.grpc.StatusRuntimeException: UNAVAILABLE: io exception
2019-11-14 19:55:42,984 [grpc-default-executor-3] INFO  impl.FollowerInfo (FollowerInfo.java:lambda$new$0(51)) - 0203d6eb-35d8-4784-bff3-7fee374bf3e2@group-2E326D391161->0dd744a2-47ab-4d30-8d7a-27587728c440: nextIndex: updateUnconditionally 0 -> 0
2019-11-14 19:55:43,208 [grpc-default-executor-1] WARN  server.GrpcLogAppender (LogUtils.java:warn(134)) - 5698a14d-db8b-40b1-a590-5479916d1106@group-C1A45D404590->af759c1c-c92d-45df-b04f-683eb4d9761f-AppendLogResponseHandler: Failed appendEntries: org.apache.ratis.thirdparty.io.grpc.StatusRuntimeException: UNAVAILABLE: io exception
2019-11-14 19:55:43,208 [grpc-default-executor-1] INFO  impl.FollowerInfo (FollowerInfo.java:lambda$new$0(51)) - 5698a14d-db8b-40b1-a590-5479916d1106@group-C1A45D404590->af759c1c-c92d-45df-b04f-683eb4d9761f: nextIndex: updateUnconditionally 0 -> 0
2019-11-14 19:55:43,454 [grpc-default-executor-4] WARN  server.GrpcLogAppender (LogUtils.java:warn(134)) - 0203d6eb-35d8-4784-bff3-7fee374bf3e2@group-2E326D391161->b74b6e41-b4f8-4f70-a45a-58780751dbf1-AppendLogResponseHandler: Failed appendEntries: org.apache.ratis.thirdparty.io.grpc.StatusRuntimeException: UNAVAILABLE: io exception
2019-11-14 19:55:43,454 [grpc-default-executor-4] INFO  impl.FollowerInfo (FollowerInfo.java:lambda$new$0(51)) - 0203d6eb-35d8-4784-bff3-7fee374bf3e2@group-2E326D391161->b74b6e41-b4f8-4f70-a45a-58780751dbf1: nextIndex: updateUnconditionally 0 -> 0
2019-11-14 19:55:43,484 [grpc-default-executor-3] WARN  server.GrpcLogAppender (LogUtils.java:warn(134)) - 0203d6eb-35d8-4784-bff3-7fee374bf3e2@group-2E326D391161->0dd744a2-47ab-4d30-8d7a-27587728c440-AppendLogResponseHandler: Failed appendEntries: org.apache.ratis.thirdparty.io.grpc.StatusRuntimeException: UNAVAILABLE: io exception
2019-11-14 19:55:43,484 [grpc-default-executor-3] INFO  impl.FollowerInfo (FollowerInfo.java:lambda$new$0(51)) - 0203d6eb-35d8-4784-bff3-7fee374bf3e2@group-2E326D391161->0dd744a2-47ab-4d30-8d7a-27587728c440: nextIndex: updateUnconditionally 0 -> 0
2019-11-14 19:55:43,708 [grpc-default-executor-1] WARN  server.GrpcLogAppender (LogUtils.java:warn(134)) - 5698a14d-db8b-40b1-a590-5479916d1106@group-C1A45D404590->af759c1c-c92d-45df-b04f-683eb4d9761f-AppendLogResponseHandler: Failed appendEntries: org.apache.ratis.thirdparty.io.grpc.StatusRuntimeException: UNAVAILABLE: io exception
2019-11-14 19:55:43,708 [grpc-default-executor-1] INFO  impl.FollowerInfo (FollowerInfo.java:lambda$new$0(51)) - 5698a14d-db8b-40b1-a590-5479916d1106@group-C1A45D404590->af759c1c-c92d-45df-b04f-683eb4d9761f: nextIndex: updateUnconditionally 0 -> 0
2019-11-14 19:55:43,959 [grpc-default-executor-4] WARN  server.GrpcLogAppender (LogUtils.java:warn(134)) - 0203d6eb-35d8-4784-bff3-7fee374bf3e2@group-2E326D391161->b74b6e41-b4f8-4f70-a45a-58780751dbf1-AppendLogResponseHandler: Failed appendEntries: org.apache.ratis.thirdparty.io.grpc.StatusRuntimeException: UNAVAILABLE: io exception
2019-11-14 19:55:43,961 [grpc-default-executor-4] INFO  impl.FollowerInfo (FollowerInfo.java:lambda$new$0(51)) - 0203d6eb-35d8-4784-bff3-7fee374bf3e2@group-2E326D391161->b74b6e41-b4f8-4f70-a45a-58780751dbf1: nextIndex: updateUnconditionally 0 -> 0
2019-11-14 19:55:43,986 [grpc-default-executor-1] WARN  server.GrpcLogAppender (LogUtils.java:warn(134)) - 0203d6eb-35d8-4784-bff3-7fee374bf3e2@group-2E326D391161->0dd744a2-47ab-4d30-8d7a-27587728c440-AppendLogResponseHandler: Failed appendEntries: org.apache.ratis.thirdparty.io.grpc.StatusRuntimeException: UNAVAILABLE: io exception
2019-11-14 19:55:43,986 [grpc-default-executor-1] INFO  impl.FollowerInfo (FollowerInfo.java:lambda$new$0(51)) - 0203d6eb-35d8-4784-bff3-7fee374bf3e2@group-2E326D391161->0dd744a2-47ab-4d30-8d7a-27587728c440: nextIndex: updateUnconditionally 0 -> 0
2019-11-14 19:55:44,210 [grpc-default-executor-1] WARN  server.GrpcLogAppender (LogUtils.java:warn(134)) - 5698a14d-db8b-40b1-a590-5479916d1106@group-C1A45D404590->af759c1c-c92d-45df-b04f-683eb4d9761f-AppendLogResponseHandler: Failed appendEntries: org.apache.ratis.thirdparty.io.grpc.StatusRuntimeException: UNAVAILABLE: io exception
2019-11-14 19:55:44,210 [grpc-default-executor-1] INFO  impl.FollowerInfo (FollowerInfo.java:lambda$new$0(51)) - 5698a14d-db8b-40b1-a590-5479916d1106@group-C1A45D404590->af759c1c-c92d-45df-b04f-683eb4d9761f: nextIndex: updateUnconditionally 0 -> 0
2019-11-14 19:55:44,459 [grpc-default-executor-3] WARN  server.GrpcLogAppender (LogUtils.java:warn(134)) - 0203d6eb-35d8-4784-bff3-7fee374bf3e2@group-2E326D391161->b74b6e41-b4f8-4f70-a45a-58780751dbf1-AppendLogResponseHandler: Failed appendEntries: org.apache.ratis.thirdparty.io.grpc.StatusRuntimeException: UNAVAILABLE: io exception
2019-11-14 19:55:44,460 [grpc-default-executor-3] INFO  impl.FollowerInfo (FollowerInfo.java:lambda$new$0(51)) - 0203d6eb-35d8-4784-bff3-7fee374bf3e2@group-2E326D391161->b74b6e41-b4f8-4f70-a45a-58780751dbf1: nextIndex: updateUnconditionally 0 -> 0
2019-11-14 19:55:44,487 [grpc-default-executor-4] WARN  server.GrpcLogAppender (LogUtils.java:warn(134)) - 0203d6eb-35d8-4784-bff3-7fee374bf3e2@group-2E326D391161->0dd744a2-47ab-4d30-8d7a-27587728c440-AppendLogResponseHandler: Failed appendEntries: org.apache.ratis.thirdparty.io.grpc.StatusRuntimeException: UNAVAILABLE: io exception
2019-11-14 19:55:44,487 [grpc-default-executor-4] INFO  impl.FollowerInfo (FollowerInfo.java:lambda$new$0(51)) - 0203d6eb-35d8-4784-bff3-7fee374bf3e2@group-2E326D391161->0dd744a2-47ab-4d30-8d7a-27587728c440: nextIndex: updateUnconditionally 0 -> 0
2019-11-14 19:55:44,505 [797ebefa-c895-4cb1-b191-6ff1bf83736b@group-751C019BC56F-LeaderElection13] INFO  impl.LeaderElection (LeaderElection.java:askForVotes(178)) - 797ebefa-c895-4cb1-b191-6ff1bf83736b@group-751C019BC56F-LeaderElection13: begin an election at term 2 for 0: [b117fa5f-2c4e-4381-a495-d707275fd4cd:192.168.157.219:46720, 21186c51-1475-43f8-940c-f90b4fe03024:192.168.157.219:37993, 797ebefa-c895-4cb1-b191-6ff1bf83736b:192.168.157.219:44823], old=null
2019-11-14 19:55:44,505 [21186c51-1475-43f8-940c-f90b4fe03024@group-751C019BC56F-LeaderElection12] INFO  impl.LeaderElection (LeaderElection.java:askForVotes(178)) - 21186c51-1475-43f8-940c-f90b4fe03024@group-751C019BC56F-LeaderElection12: begin an election at term 2 for 0: [b117fa5f-2c4e-4381-a495-d707275fd4cd:192.168.157.219:46720, 21186c51-1475-43f8-940c-f90b4fe03024:192.168.157.219:37993, 797ebefa-c895-4cb1-b191-6ff1bf83736b:192.168.157.219:44823], old=null
2019-11-14 19:55:44,508 [21186c51-1475-43f8-940c-f90b4fe03024@group-751C019BC56F-LeaderElection12] INFO  impl.LeaderElection (LogUtils.java:infoOrTrace(149)) - 21186c51-1475-43f8-940c-f90b4fe03024@group-751C019BC56F-LeaderElection12 got exception when requesting votes: {}
java.util.concurrent.ExecutionException: org.apache.ratis.thirdparty.io.grpc.StatusRuntimeException: UNAVAILABLE: io exception
	at java.util.concurrent.FutureTask.report(FutureTask.java:122)
	at java.util.concurrent.FutureTask.get(FutureTask.java:192)
	at org.apache.ratis.server.impl.LeaderElection.waitForResults(LeaderElection.java:259)
	at org.apache.ratis.server.impl.LeaderElection.askForVotes(LeaderElection.java:197)
	at org.apache.ratis.server.impl.LeaderElection.run(LeaderElection.java:133)
	at java.lang.Thread.run(Thread.java:748)
Caused by: org.apache.ratis.thirdparty.io.grpc.StatusRuntimeException: UNAVAILABLE: io exception
	at org.apache.ratis.thirdparty.io.grpc.stub.ClientCalls.toStatusRuntimeException(ClientCalls.java:233)
	at org.apache.ratis.thirdparty.io.grpc.stub.ClientCalls.getUnchecked(ClientCalls.java:214)
	at org.apache.ratis.thirdparty.io.grpc.stub.ClientCalls.blockingUnaryCall(ClientCalls.java:139)
	at org.apache.ratis.proto.grpc.RaftServerProtocolServiceGrpc$RaftServerProtocolServiceBlockingStub.requestVote(RaftServerProtocolServiceGrpc.java:265)
	at org.apache.ratis.grpc.server.GrpcServerProtocolClient.requestVote(GrpcServerProtocolClient.java:99)
	at org.apache.ratis.grpc.server.GrpcService.requestVote(GrpcService.java:204)
	at org.apache.ratis.server.impl.LeaderElection.lambda$submitRequests$1(LeaderElection.java:234)
	at java.util.concurrent.FutureTask.run(FutureTask.java:266)
	at java.util.concurrent.Executors$RunnableAdapter.call(Executors.java:511)
	at java.util.concurrent.FutureTask.run(FutureTask.java:266)
	at java.util.concurrent.ThreadPoolExecutor.runWorker(ThreadPoolExecutor.java:1149)
	at java.util.concurrent.ThreadPoolExecutor$Worker.run(ThreadPoolExecutor.java:624)
	... 1 more
Caused by: org.apache.ratis.thirdparty.io.netty.channel.AbstractChannel$AnnotatedConnectException: Connection refused: /192.168.157.219:46720
	at sun.nio.ch.SocketChannelImpl.checkConnect(Native Method)
	at sun.nio.ch.SocketChannelImpl.finishConnect(SocketChannelImpl.java:717)
	at org.apache.ratis.thirdparty.io.netty.channel.socket.nio.NioSocketChannel.doFinishConnect(NioSocketChannel.java:327)
	at org.apache.ratis.thirdparty.io.netty.channel.nio.AbstractNioChannel$AbstractNioUnsafe.finishConnect(AbstractNioChannel.java:340)
	at org.apache.ratis.thirdparty.io.netty.channel.nio.NioEventLoop.processSelectedKey(NioEventLoop.java:632)
	at org.apache.ratis.thirdparty.io.netty.channel.nio.NioEventLoop.processSelectedKeysOptimized(NioEventLoop.java:579)
	at org.apache.ratis.thirdparty.io.netty.channel.nio.NioEventLoop.processSelectedKeys(NioEventLoop.java:496)
	at org.apache.ratis.thirdparty.io.netty.channel.nio.NioEventLoop.run(NioEventLoop.java:458)
	at org.apache.ratis.thirdparty.io.netty.util.concurrent.SingleThreadEventExecutor$5.run(SingleThreadEventExecutor.java:897)
	at org.apache.ratis.thirdparty.io.netty.util.concurrent.FastThreadLocalRunnable.run(FastThreadLocalRunnable.java:30)
	... 1 more
Caused by: java.net.ConnectException: Connection refused
	... 11 more
2019-11-14 19:55:44,508 [797ebefa-c895-4cb1-b191-6ff1bf83736b@group-751C019BC56F-LeaderElection13] INFO  impl.LeaderElection (LogUtils.java:infoOrTrace(149)) - 797ebefa-c895-4cb1-b191-6ff1bf83736b@group-751C019BC56F-LeaderElection13 got exception when requesting votes: {}
java.util.concurrent.ExecutionException: org.apache.ratis.thirdparty.io.grpc.StatusRuntimeException: UNAVAILABLE: io exception
	at java.util.concurrent.FutureTask.report(FutureTask.java:122)
	at java.util.concurrent.FutureTask.get(FutureTask.java:192)
	at org.apache.ratis.server.impl.LeaderElection.waitForResults(LeaderElection.java:259)
	at org.apache.ratis.server.impl.LeaderElection.askForVotes(LeaderElection.java:197)
	at org.apache.ratis.server.impl.LeaderElection.run(LeaderElection.java:133)
	at java.lang.Thread.run(Thread.java:748)
Caused by: org.apache.ratis.thirdparty.io.grpc.StatusRuntimeException: UNAVAILABLE: io exception
	at org.apache.ratis.thirdparty.io.grpc.stub.ClientCalls.toStatusRuntimeException(ClientCalls.java:233)
	at org.apache.ratis.thirdparty.io.grpc.stub.ClientCalls.getUnchecked(ClientCalls.java:214)
	at org.apache.ratis.thirdparty.io.grpc.stub.ClientCalls.blockingUnaryCall(ClientCalls.java:139)
	at org.apache.ratis.proto.grpc.RaftServerProtocolServiceGrpc$RaftServerProtocolServiceBlockingStub.requestVote(RaftServerProtocolServiceGrpc.java:265)
	at org.apache.ratis.grpc.server.GrpcServerProtocolClient.requestVote(GrpcServerProtocolClient.java:99)
	at org.apache.ratis.grpc.server.GrpcService.requestVote(GrpcService.java:204)
	at org.apache.ratis.server.impl.LeaderElection.lambda$submitRequests$1(LeaderElection.java:234)
	at java.util.concurrent.FutureTask.run(FutureTask.java:266)
	at java.util.concurrent.Executors$RunnableAdapter.call(Executors.java:511)
	at java.util.concurrent.FutureTask.run(FutureTask.java:266)
	at java.util.concurrent.ThreadPoolExecutor.runWorker(ThreadPoolExecutor.java:1149)
	at java.util.concurrent.ThreadPoolExecutor$Worker.run(ThreadPoolExecutor.java:624)
	... 1 more
Caused by: org.apache.ratis.thirdparty.io.netty.channel.AbstractChannel$AnnotatedConnectException: Connection refused: /192.168.157.219:46720
	at sun.nio.ch.SocketChannelImpl.checkConnect(Native Method)
	at sun.nio.ch.SocketChannelImpl.finishConnect(SocketChannelImpl.java:717)
	at org.apache.ratis.thirdparty.io.netty.channel.socket.nio.NioSocketChannel.doFinishConnect(NioSocketChannel.java:327)
	at org.apache.ratis.thirdparty.io.netty.channel.nio.AbstractNioChannel$AbstractNioUnsafe.finishConnect(AbstractNioChannel.java:340)
	at org.apache.ratis.thirdparty.io.netty.channel.nio.NioEventLoop.processSelectedKey(NioEventLoop.java:632)
	at org.apache.ratis.thirdparty.io.netty.channel.nio.NioEventLoop.processSelectedKeysOptimized(NioEventLoop.java:579)
	at org.apache.ratis.thirdparty.io.netty.channel.nio.NioEventLoop.processSelectedKeys(NioEventLoop.java:496)
	at org.apache.ratis.thirdparty.io.netty.channel.nio.NioEventLoop.run(NioEventLoop.java:458)
	at org.apache.ratis.thirdparty.io.netty.util.concurrent.SingleThreadEventExecutor$5.run(SingleThreadEventExecutor.java:897)
	at org.apache.ratis.thirdparty.io.netty.util.concurrent.FastThreadLocalRunnable.run(FastThreadLocalRunnable.java:30)
	... 1 more
Caused by: java.net.ConnectException: Connection refused
	... 11 more
2019-11-14 19:55:44,522 [797ebefa-c895-4cb1-b191-6ff1bf83736b@group-751C019BC56F-LeaderElection13] INFO  impl.LeaderElection (LeaderElection.java:logAndReturn(56)) - 797ebefa-c895-4cb1-b191-6ff1bf83736b@group-751C019BC56F-LeaderElection13: Election REJECTED; received 1 response(s) [797ebefa-c895-4cb1-b191-6ff1bf83736b<-21186c51-1475-43f8-940c-f90b4fe03024#0:FAIL-t2] and 1 exception(s); 797ebefa-c895-4cb1-b191-6ff1bf83736b@group-751C019BC56F:t2, leader=null, voted=797ebefa-c895-4cb1-b191-6ff1bf83736b, raftlog=797ebefa-c895-4cb1-b191-6ff1bf83736b@group-751C019BC56F-SegmentedRaftLog:OPENED:c0,f0,i0, conf=0: [b117fa5f-2c4e-4381-a495-d707275fd4cd:192.168.157.219:46720, 21186c51-1475-43f8-940c-f90b4fe03024:192.168.157.219:37993, 797ebefa-c895-4cb1-b191-6ff1bf83736b:192.168.157.219:44823], old=null
2019-11-14 19:55:44,522 [21186c51-1475-43f8-940c-f90b4fe03024@group-751C019BC56F-LeaderElection12] INFO  impl.LeaderElection (LeaderElection.java:logAndReturn(56)) - 21186c51-1475-43f8-940c-f90b4fe03024@group-751C019BC56F-LeaderElection12: Election REJECTED; received 1 response(s) [21186c51-1475-43f8-940c-f90b4fe03024<-797ebefa-c895-4cb1-b191-6ff1bf83736b#0:FAIL-t2] and 1 exception(s); 21186c51-1475-43f8-940c-f90b4fe03024@group-751C019BC56F:t2, leader=null, voted=21186c51-1475-43f8-940c-f90b4fe03024, raftlog=21186c51-1475-43f8-940c-f90b4fe03024@group-751C019BC56F-SegmentedRaftLog:OPENED:c0,f0,i0, conf=0: [b117fa5f-2c4e-4381-a495-d707275fd4cd:192.168.157.219:46720, 21186c51-1475-43f8-940c-f90b4fe03024:192.168.157.219:37993, 797ebefa-c895-4cb1-b191-6ff1bf83736b:192.168.157.219:44823], old=null
2019-11-14 19:55:44,522 [797ebefa-c895-4cb1-b191-6ff1bf83736b@group-751C019BC56F-LeaderElection13] INFO  impl.LeaderElection (LogUtils.java:infoOrTrace(149)) -   Exception 0: {}
java.util.concurrent.ExecutionException: org.apache.ratis.thirdparty.io.grpc.StatusRuntimeException: UNAVAILABLE: io exception
	at java.util.concurrent.FutureTask.report(FutureTask.java:122)
	at java.util.concurrent.FutureTask.get(FutureTask.java:192)
	at org.apache.ratis.server.impl.LeaderElection.waitForResults(LeaderElection.java:259)
	at org.apache.ratis.server.impl.LeaderElection.askForVotes(LeaderElection.java:197)
	at org.apache.ratis.server.impl.LeaderElection.run(LeaderElection.java:133)
	at java.lang.Thread.run(Thread.java:748)
Caused by: org.apache.ratis.thirdparty.io.grpc.StatusRuntimeException: UNAVAILABLE: io exception
	at org.apache.ratis.thirdparty.io.grpc.stub.ClientCalls.toStatusRuntimeException(ClientCalls.java:233)
	at org.apache.ratis.thirdparty.io.grpc.stub.ClientCalls.getUnchecked(ClientCalls.java:214)
	at org.apache.ratis.thirdparty.io.grpc.stub.ClientCalls.blockingUnaryCall(ClientCalls.java:139)
	at org.apache.ratis.proto.grpc.RaftServerProtocolServiceGrpc$RaftServerProtocolServiceBlockingStub.requestVote(RaftServerProtocolServiceGrpc.java:265)
	at org.apache.ratis.grpc.server.GrpcServerProtocolClient.requestVote(GrpcServerProtocolClient.java:99)
	at org.apache.ratis.grpc.server.GrpcService.requestVote(GrpcService.java:204)
	at org.apache.ratis.server.impl.LeaderElection.lambda$submitRequests$1(LeaderElection.java:234)
	at java.util.concurrent.FutureTask.run(FutureTask.java:266)
	at java.util.concurrent.Executors$RunnableAdapter.call(Executors.java:511)
	at java.util.concurrent.FutureTask.run(FutureTask.java:266)
	at java.util.concurrent.ThreadPoolExecutor.runWorker(ThreadPoolExecutor.java:1149)
	at java.util.concurrent.ThreadPoolExecutor$Worker.run(ThreadPoolExecutor.java:624)
	... 1 more
Caused by: org.apache.ratis.thirdparty.io.netty.channel.AbstractChannel$AnnotatedConnectException: Connection refused: /192.168.157.219:46720
	at sun.nio.ch.SocketChannelImpl.checkConnect(Native Method)
	at sun.nio.ch.SocketChannelImpl.finishConnect(SocketChannelImpl.java:717)
	at org.apache.ratis.thirdparty.io.netty.channel.socket.nio.NioSocketChannel.doFinishConnect(NioSocketChannel.java:327)
	at org.apache.ratis.thirdparty.io.netty.channel.nio.AbstractNioChannel$AbstractNioUnsafe.finishConnect(AbstractNioChannel.java:340)
	at org.apache.ratis.thirdparty.io.netty.channel.nio.NioEventLoop.processSelectedKey(NioEventLoop.java:632)
	at org.apache.ratis.thirdparty.io.netty.channel.nio.NioEventLoop.processSelectedKeysOptimized(NioEventLoop.java:579)
	at org.apache.ratis.thirdparty.io.netty.channel.nio.NioEventLoop.processSelectedKeys(NioEventLoop.java:496)
	at org.apache.ratis.thirdparty.io.netty.channel.nio.NioEventLoop.run(NioEventLoop.java:458)
	at org.apache.ratis.thirdparty.io.netty.util.concurrent.SingleThreadEventExecutor$5.run(SingleThreadEventExecutor.java:897)
	at org.apache.ratis.thirdparty.io.netty.util.concurrent.FastThreadLocalRunnable.run(FastThreadLocalRunnable.java:30)
	... 1 more
Caused by: java.net.ConnectException: Connection refused
	... 11 more
2019-11-14 19:55:44,523 [21186c51-1475-43f8-940c-f90b4fe03024@group-751C019BC56F-LeaderElection12] INFO  impl.LeaderElection (LogUtils.java:infoOrTrace(149)) -   Exception 0: {}
java.util.concurrent.ExecutionException: org.apache.ratis.thirdparty.io.grpc.StatusRuntimeException: UNAVAILABLE: io exception
	at java.util.concurrent.FutureTask.report(FutureTask.java:122)
	at java.util.concurrent.FutureTask.get(FutureTask.java:192)
	at org.apache.ratis.server.impl.LeaderElection.waitForResults(LeaderElection.java:259)
	at org.apache.ratis.server.impl.LeaderElection.askForVotes(LeaderElection.java:197)
	at org.apache.ratis.server.impl.LeaderElection.run(LeaderElection.java:133)
	at java.lang.Thread.run(Thread.java:748)
Caused by: org.apache.ratis.thirdparty.io.grpc.StatusRuntimeException: UNAVAILABLE: io exception
	at org.apache.ratis.thirdparty.io.grpc.stub.ClientCalls.toStatusRuntimeException(ClientCalls.java:233)
	at org.apache.ratis.thirdparty.io.grpc.stub.ClientCalls.getUnchecked(ClientCalls.java:214)
	at org.apache.ratis.thirdparty.io.grpc.stub.ClientCalls.blockingUnaryCall(ClientCalls.java:139)
	at org.apache.ratis.proto.grpc.RaftServerProtocolServiceGrpc$RaftServerProtocolServiceBlockingStub.requestVote(RaftServerProtocolServiceGrpc.java:265)
	at org.apache.ratis.grpc.server.GrpcServerProtocolClient.requestVote(GrpcServerProtocolClient.java:99)
	at org.apache.ratis.grpc.server.GrpcService.requestVote(GrpcService.java:204)
	at org.apache.ratis.server.impl.LeaderElection.lambda$submitRequests$1(LeaderElection.java:234)
	at java.util.concurrent.FutureTask.run(FutureTask.java:266)
	at java.util.concurrent.Executors$RunnableAdapter.call(Executors.java:511)
	at java.util.concurrent.FutureTask.run(FutureTask.java:266)
	at java.util.concurrent.ThreadPoolExecutor.runWorker(ThreadPoolExecutor.java:1149)
	at java.util.concurrent.ThreadPoolExecutor$Worker.run(ThreadPoolExecutor.java:624)
	... 1 more
Caused by: org.apache.ratis.thirdparty.io.netty.channel.AbstractChannel$AnnotatedConnectException: Connection refused: /192.168.157.219:46720
	at sun.nio.ch.SocketChannelImpl.checkConnect(Native Method)
	at sun.nio.ch.SocketChannelImpl.finishConnect(SocketChannelImpl.java:717)
	at org.apache.ratis.thirdparty.io.netty.channel.socket.nio.NioSocketChannel.doFinishConnect(NioSocketChannel.java:327)
	at org.apache.ratis.thirdparty.io.netty.channel.nio.AbstractNioChannel$AbstractNioUnsafe.finishConnect(AbstractNioChannel.java:340)
	at org.apache.ratis.thirdparty.io.netty.channel.nio.NioEventLoop.processSelectedKey(NioEventLoop.java:632)
	at org.apache.ratis.thirdparty.io.netty.channel.nio.NioEventLoop.processSelectedKeysOptimized(NioEventLoop.java:579)
	at org.apache.ratis.thirdparty.io.netty.channel.nio.NioEventLoop.processSelectedKeys(NioEventLoop.java:496)
	at org.apache.ratis.thirdparty.io.netty.channel.nio.NioEventLoop.run(NioEventLoop.java:458)
	at org.apache.ratis.thirdparty.io.netty.util.concurrent.SingleThreadEventExecutor$5.run(SingleThreadEventExecutor.java:897)
	at org.apache.ratis.thirdparty.io.netty.util.concurrent.FastThreadLocalRunnable.run(FastThreadLocalRunnable.java:30)
	... 1 more
Caused by: java.net.ConnectException: Connection refused
	... 11 more
2019-11-14 19:55:44,525 [797ebefa-c895-4cb1-b191-6ff1bf83736b@group-751C019BC56F-LeaderElection13] INFO  impl.RaftServerImpl (RaftServerImpl.java:setRole(173)) - 797ebefa-c895-4cb1-b191-6ff1bf83736b@group-751C019BC56F: changes role from CANDIDATE to FOLLOWER at term 2 for DISCOVERED_A_NEW_TERM
2019-11-14 19:55:44,527 [21186c51-1475-43f8-940c-f90b4fe03024@group-751C019BC56F-LeaderElection12] INFO  impl.RaftServerImpl (RaftServerImpl.java:setRole(173)) - 21186c51-1475-43f8-940c-f90b4fe03024@group-751C019BC56F: changes role from CANDIDATE to FOLLOWER at term 2 for DISCOVERED_A_NEW_TERM
2019-11-14 19:55:44,528 [797ebefa-c895-4cb1-b191-6ff1bf83736b@group-751C019BC56F-LeaderElection13] INFO  impl.RoleInfo (RoleInfo.java:shutdownLeaderElection(134)) - 797ebefa-c895-4cb1-b191-6ff1bf83736b: shutdown LeaderElection
2019-11-14 19:55:44,528 [21186c51-1475-43f8-940c-f90b4fe03024@group-751C019BC56F-LeaderElection12] INFO  impl.RoleInfo (RoleInfo.java:shutdownLeaderElection(134)) - 21186c51-1475-43f8-940c-f90b4fe03024: shutdown LeaderElection
2019-11-14 19:55:44,529 [797ebefa-c895-4cb1-b191-6ff1bf83736b@group-751C019BC56F-LeaderElection13] INFO  impl.RoleInfo (RoleInfo.java:updateAndGet(143)) - 797ebefa-c895-4cb1-b191-6ff1bf83736b: start FollowerState
2019-11-14 19:55:44,529 [21186c51-1475-43f8-940c-f90b4fe03024@group-751C019BC56F-LeaderElection12] INFO  impl.RoleInfo (RoleInfo.java:updateAndGet(143)) - 21186c51-1475-43f8-940c-f90b4fe03024: start FollowerState
2019-11-14 19:55:44,711 [grpc-default-executor-4] WARN  server.GrpcLogAppender (LogUtils.java:warn(134)) - 5698a14d-db8b-40b1-a590-5479916d1106@group-C1A45D404590->af759c1c-c92d-45df-b04f-683eb4d9761f-AppendLogResponseHandler: Failed appendEntries: org.apache.ratis.thirdparty.io.grpc.StatusRuntimeException: UNAVAILABLE: io exception
2019-11-14 19:55:44,711 [grpc-default-executor-4] INFO  impl.FollowerInfo (FollowerInfo.java:lambda$new$0(51)) - 5698a14d-db8b-40b1-a590-5479916d1106@group-C1A45D404590->af759c1c-c92d-45df-b04f-683eb4d9761f: nextIndex: updateUnconditionally 0 -> 0
2019-11-14 19:55:44,964 [grpc-default-executor-4] WARN  server.GrpcLogAppender (LogUtils.java:warn(134)) - 0203d6eb-35d8-4784-bff3-7fee374bf3e2@group-2E326D391161->b74b6e41-b4f8-4f70-a45a-58780751dbf1-AppendLogResponseHandler: Failed appendEntries: org.apache.ratis.thirdparty.io.grpc.StatusRuntimeException: UNAVAILABLE: io exception
2019-11-14 19:55:44,964 [grpc-default-executor-4] INFO  impl.FollowerInfo (FollowerInfo.java:lambda$new$0(51)) - 0203d6eb-35d8-4784-bff3-7fee374bf3e2@group-2E326D391161->b74b6e41-b4f8-4f70-a45a-58780751dbf1: nextIndex: updateUnconditionally 0 -> 0
2019-11-14 19:55:44,987 [grpc-default-executor-3] WARN  server.GrpcLogAppender (LogUtils.java:warn(134)) - 0203d6eb-35d8-4784-bff3-7fee374bf3e2@group-2E326D391161->0dd744a2-47ab-4d30-8d7a-27587728c440-AppendLogResponseHandler: Failed appendEntries: org.apache.ratis.thirdparty.io.grpc.StatusRuntimeException: UNAVAILABLE: io exception
2019-11-14 19:55:44,987 [grpc-default-executor-3] INFO  impl.FollowerInfo (FollowerInfo.java:lambda$new$0(51)) - 0203d6eb-35d8-4784-bff3-7fee374bf3e2@group-2E326D391161->0dd744a2-47ab-4d30-8d7a-27587728c440: nextIndex: updateUnconditionally 0 -> 0
2019-11-14 19:55:45,212 [grpc-default-executor-2] WARN  server.GrpcLogAppender (LogUtils.java:warn(134)) - 5698a14d-db8b-40b1-a590-5479916d1106@group-C1A45D404590->af759c1c-c92d-45df-b04f-683eb4d9761f-AppendLogResponseHandler: Failed appendEntries: org.apache.ratis.thirdparty.io.grpc.StatusRuntimeException: UNAVAILABLE: io exception
2019-11-14 19:55:45,213 [grpc-default-executor-2] INFO  impl.FollowerInfo (FollowerInfo.java:lambda$new$0(51)) - 5698a14d-db8b-40b1-a590-5479916d1106@group-C1A45D404590->af759c1c-c92d-45df-b04f-683eb4d9761f: nextIndex: updateUnconditionally 0 -> 0
2019-11-14 19:55:45,399 [main] INFO  ozoneimpl.OzoneContainer (OzoneContainer.java:stop(244)) - Attempting to stop container services.
2019-11-14 19:55:45,400 [main] INFO  impl.RaftServerProxy (RaftServerProxy.java:lambda$close$4(314)) - 21186c51-1475-43f8-940c-f90b4fe03024: close
2019-11-14 19:55:45,400 [main] INFO  impl.RaftServerImpl (RaftServerImpl.java:lambda$shutdown$3(250)) - 21186c51-1475-43f8-940c-f90b4fe03024@group-751C019BC56F: shutdown
2019-11-14 19:55:45,401 [ForkJoinPool.commonPool-worker-1] INFO  ozoneimpl.OzoneContainer (OzoneContainer.java:stop(244)) - Attempting to stop container services.
2019-11-14 19:55:45,401 [main] INFO  util.JmxRegister (JmxRegister.java:unregister(73)) - Successfully un-registered JMX Bean with object name Ratis:service=RaftServer,group=group-751C019BC56F,id=21186c51-1475-43f8-940c-f90b4fe03024
2019-11-14 19:55:45,401 [ForkJoinPool.commonPool-worker-1] INFO  impl.RaftServerProxy (RaftServerProxy.java:lambda$close$4(314)) - 5698a14d-db8b-40b1-a590-5479916d1106: close
2019-11-14 19:55:45,401 [main] INFO  impl.RoleInfo (RoleInfo.java:shutdownFollowerState(121)) - 21186c51-1475-43f8-940c-f90b4fe03024: shutdown FollowerState
2019-11-14 19:55:45,401 [ForkJoinPool.commonPool-worker-1] INFO  impl.RaftServerImpl (RaftServerImpl.java:lambda$shutdown$3(250)) - 5698a14d-db8b-40b1-a590-5479916d1106@group-C1A45D404590: shutdown
2019-11-14 19:55:45,402 [Thread-506] INFO  impl.FollowerState (FollowerState.java:run(120)) - 21186c51-1475-43f8-940c-f90b4fe03024@group-751C019BC56F-FollowerState was interrupted: java.lang.InterruptedException: sleep interrupted
2019-11-14 19:55:45,402 [main] INFO  impl.StateMachineUpdater (StateMachineUpdater.java:stopAndJoin(136)) - 21186c51-1475-43f8-940c-f90b4fe03024@group-751C019BC56F-StateMachineUpdater: set stopIndex = 0
2019-11-14 19:55:45,402 [ForkJoinPool.commonPool-worker-1] INFO  util.JmxRegister (JmxRegister.java:unregister(73)) - Successfully un-registered JMX Bean with object name Ratis:service=RaftServer,group=group-C1A45D404590,id=5698a14d-db8b-40b1-a590-5479916d1106
2019-11-14 19:55:45,405 [main] INFO  impl.RaftServerImpl (ServerState.java:close(387)) - 21186c51-1475-43f8-940c-f90b4fe03024@group-751C019BC56F: closes. applyIndex: 0
2019-11-14 19:55:45,406 [ForkJoinPool.commonPool-worker-1] INFO  impl.RoleInfo (RoleInfo.java:shutdownLeaderState(104)) - 5698a14d-db8b-40b1-a590-5479916d1106: shutdown LeaderState
2019-11-14 19:55:45,406 [21186c51-1475-43f8-940c-f90b4fe03024@group-751C019BC56F-SegmentedRaftLogWorker] INFO  segmented.SegmentedRaftLogWorker (SegmentedRaftLogWorker.java:run(316)) - 21186c51-1475-43f8-940c-f90b4fe03024@group-751C019BC56F-SegmentedRaftLogWorker was interrupted, exiting. There are 0 tasks remaining in the queue.
2019-11-14 19:55:45,409 [org.apache.ratis.server.impl.LogAppender$AppenderDaemon$$Lambda$430/86081870@1162b04a] WARN  server.GrpcLogAppender (GrpcLogAppender.java:mayWait(151)) - 5698a14d-db8b-40b1-a590-5479916d1106@group-C1A45D404590->af759c1c-c92d-45df-b04f-683eb4d9761f-GrpcLogAppender: Wait interrupted by java.lang.InterruptedException
2019-11-14 19:55:45,409 [ForkJoinPool.commonPool-worker-1] INFO  impl.PendingRequests (PendingRequests.java:sendNotLeaderResponses(206)) - 5698a14d-db8b-40b1-a590-5479916d1106@group-C1A45D404590-PendingRequests: sendNotLeaderResponses
2019-11-14 19:55:45,409 [org.apache.ratis.server.impl.LogAppender$AppenderDaemon$$Lambda$430/86081870@54602c02] WARN  server.GrpcLogAppender (GrpcLogAppender.java:mayWait(151)) - 5698a14d-db8b-40b1-a590-5479916d1106@group-C1A45D404590->b4243c9e-0de7-4e8b-af85-81ed103925b9-GrpcLogAppender: Wait interrupted by java.lang.InterruptedException
2019-11-14 19:55:45,420 [main] INFO  segmented.SegmentedRaftLogWorker (SegmentedRaftLogWorker.java:close(224)) - 21186c51-1475-43f8-940c-f90b4fe03024@group-751C019BC56F-SegmentedRaftLogWorker close()
2019-11-14 19:55:45,421 [ForkJoinPool.commonPool-worker-1] INFO  impl.StateMachineUpdater (StateMachineUpdater.java:stopAndJoin(136)) - 5698a14d-db8b-40b1-a590-5479916d1106@group-C1A45D404590-StateMachineUpdater: set stopIndex = 0
2019-11-14 19:55:45,427 [main] INFO  server.GrpcService (GrpcService.java:closeImpl(164)) - 21186c51-1475-43f8-940c-f90b4fe03024: shutdown server with port 37993 now
2019-11-14 19:55:45,427 [ForkJoinPool.commonPool-worker-1] INFO  impl.RaftServerImpl (ServerState.java:close(387)) - 5698a14d-db8b-40b1-a590-5479916d1106@group-C1A45D404590: closes. applyIndex: 0
2019-11-14 19:55:45,427 [grpc-default-executor-2] INFO  server.GrpcServerProtocolService (GrpcServerProtocolService.java:onCompleted(113)) - b4243c9e-0de7-4e8b-af85-81ed103925b9: Completed APPEND_ENTRIES, lastRequest: 5698a14d-db8b-40b1-a590-5479916d1106->b4243c9e-0de7-4e8b-af85-81ed103925b9#31-t1, previous=(t:1, i:0), leaderCommit=0, initializing? false, entries: <empty>
2019-11-14 19:55:45,428 [5698a14d-db8b-40b1-a590-5479916d1106@group-C1A45D404590-SegmentedRaftLogWorker] INFO  segmented.SegmentedRaftLogWorker (SegmentedRaftLogWorker.java:run(316)) - 5698a14d-db8b-40b1-a590-5479916d1106@group-C1A45D404590-SegmentedRaftLogWorker was interrupted, exiting. There are 0 tasks remaining in the queue.
2019-11-14 19:55:45,429 [ForkJoinPool.commonPool-worker-1] INFO  segmented.SegmentedRaftLogWorker (SegmentedRaftLogWorker.java:close(224)) - 5698a14d-db8b-40b1-a590-5479916d1106@group-C1A45D404590-SegmentedRaftLogWorker close()
2019-11-14 19:55:45,430 [ForkJoinPool.commonPool-worker-1] INFO  server.GrpcService (GrpcService.java:closeImpl(164)) - 5698a14d-db8b-40b1-a590-5479916d1106: shutdown server with port 42308 now
2019-11-14 19:55:45,430 [grpc-default-executor-3] INFO  server.GrpcLogAppender (GrpcLogAppender.java:onCompleted(308)) - 5698a14d-db8b-40b1-a590-5479916d1106@group-C1A45D404590->b4243c9e-0de7-4e8b-af85-81ed103925b9-AppendLogResponseHandler: follower responses appendEntries COMPLETED
2019-11-14 19:55:45,431 [grpc-default-executor-3] INFO  impl.FollowerInfo (FollowerInfo.java:lambda$new$0(51)) - 5698a14d-db8b-40b1-a590-5479916d1106@group-C1A45D404590->b4243c9e-0de7-4e8b-af85-81ed103925b9: nextIndex: updateUnconditionally 1 -> 0
2019-11-14 19:55:45,431 [ForkJoinPool.commonPool-worker-1] INFO  server.GrpcService (GrpcService.java:closeImpl(172)) - 5698a14d-db8b-40b1-a590-5479916d1106: shutdown server with port 42308 successfully
2019-11-14 19:55:45,431 [main] INFO  server.GrpcService (GrpcService.java:closeImpl(172)) - 21186c51-1475-43f8-940c-f90b4fe03024: shutdown server with port 37993 successfully
2019-11-14 19:55:45,434 [refreshUsed-/workdir/hadoop-ozone/integration-test/target/test-dir/MiniOzoneClusterImpl-4164cd2a-9f03-471b-8431-fd84a2e2cb62/datanode-4/data/containers] WARN  fs.CachingGetSpaceUsed (CachingGetSpaceUsed.java:run(183)) - Thread Interrupted waiting to refresh disk information: sleep interrupted
2019-11-14 19:55:45,435 [refreshUsed-/workdir/hadoop-ozone/integration-test/target/test-dir/MiniOzoneClusterImpl-4164cd2a-9f03-471b-8431-fd84a2e2cb62/datanode-8/data/containers] WARN  fs.CachingGetSpaceUsed (CachingGetSpaceUsed.java:run(183)) - Thread Interrupted waiting to refresh disk information: sleep interrupted
2019-11-14 19:55:45,461 [main] INFO  utils.BackgroundService (BackgroundService.java:shutdown(151)) - Shutting down service BlockDeletingService
2019-11-14 19:55:45,461 [ForkJoinPool.commonPool-worker-1] INFO  utils.BackgroundService (BackgroundService.java:shutdown(151)) - Shutting down service BlockDeletingService
2019-11-14 19:55:45,466 [main] INFO  statemachine.DatanodeStateMachine (DatanodeStateMachine.java:stopDaemon(400)) - Ozone container server stopped.
2019-11-14 19:55:45,467 [grpc-default-executor-4] WARN  server.GrpcLogAppender (LogUtils.java:warn(134)) - 0203d6eb-35d8-4784-bff3-7fee374bf3e2@group-2E326D391161->b74b6e41-b4f8-4f70-a45a-58780751dbf1-AppendLogResponseHandler: Failed appendEntries: org.apache.ratis.thirdparty.io.grpc.StatusRuntimeException: UNAVAILABLE: io exception
2019-11-14 19:55:45,467 [ForkJoinPool.commonPool-worker-1] INFO  statemachine.DatanodeStateMachine (DatanodeStateMachine.java:stopDaemon(400)) - Ozone container server stopped.
2019-11-14 19:55:45,468 [grpc-default-executor-4] INFO  impl.FollowerInfo (FollowerInfo.java:lambda$new$0(51)) - 0203d6eb-35d8-4784-bff3-7fee374bf3e2@group-2E326D391161->b74b6e41-b4f8-4f70-a45a-58780751dbf1: nextIndex: updateUnconditionally 0 -> 0
2019-11-14 19:55:45,471 [ForkJoinPool.commonPool-worker-1] INFO  handler.ContextHandler (ContextHandler.java:doStop(910)) - Stopped o.e.j.w.WebAppContext@7100dea{/,null,UNAVAILABLE}{/hddsDatanode}
2019-11-14 19:55:45,472 [main] INFO  handler.ContextHandler (ContextHandler.java:doStop(910)) - Stopped o.e.j.w.WebAppContext@6edf29c1{/,null,UNAVAILABLE}{/hddsDatanode}
2019-11-14 19:55:45,472 [ForkJoinPool.commonPool-worker-1] INFO  server.AbstractConnector (AbstractConnector.java:doStop(318)) - Stopped ServerConnector@712cfb63{HTTP/1.1,[http/1.1]}{0.0.0.0:0}
2019-11-14 19:55:45,474 [main] INFO  server.AbstractConnector (AbstractConnector.java:doStop(318)) - Stopped ServerConnector@79a04e5f{HTTP/1.1,[http/1.1]}{0.0.0.0:0}
2019-11-14 19:55:45,474 [ForkJoinPool.commonPool-worker-1] INFO  handler.ContextHandler (ContextHandler.java:doStop(910)) - Stopped o.e.j.s.ServletContextHandler@6cff61fc{/static,jar:file:/home/user/.m2/repository/org/apache/hadoop/hadoop-hdds-container-service/0.5.0-SNAPSHOT/hadoop-hdds-container-service-0.5.0-SNAPSHOT.jar!/webapps/static,UNAVAILABLE}
2019-11-14 19:55:45,474 [main] INFO  handler.ContextHandler (ContextHandler.java:doStop(910)) - Stopped o.e.j.s.ServletContextHandler@2dc3271b{/static,jar:file:/home/user/.m2/repository/org/apache/hadoop/hadoop-hdds-container-service/0.5.0-SNAPSHOT/hadoop-hdds-container-service-0.5.0-SNAPSHOT.jar!/webapps/static,UNAVAILABLE}
2019-11-14 19:55:45,475 [ForkJoinPool.commonPool-worker-1] INFO  handler.ContextHandler (ContextHandler.java:doStop(910)) - Stopped o.e.j.s.ServletContextHandler@5b5e7036{/logs,file:///workdir/hadoop-ozone/integration-test/target/log,UNAVAILABLE}
2019-11-14 19:55:45,476 [main] INFO  handler.ContextHandler (ContextHandler.java:doStop(910)) - Stopped o.e.j.s.ServletContextHandler@3ba46e63{/logs,file:///workdir/hadoop-ozone/integration-test/target/log,UNAVAILABLE}
2019-11-14 19:55:45,487 [grpc-default-executor-2] WARN  server.GrpcLogAppender (LogUtils.java:warn(134)) - 0203d6eb-35d8-4784-bff3-7fee374bf3e2@group-2E326D391161->0dd744a2-47ab-4d30-8d7a-27587728c440-AppendLogResponseHandler: Failed appendEntries: org.apache.ratis.thirdparty.io.grpc.StatusRuntimeException: UNAVAILABLE: io exception
2019-11-14 19:55:45,488 [grpc-default-executor-2] INFO  impl.FollowerInfo (FollowerInfo.java:lambda$new$0(51)) - 0203d6eb-35d8-4784-bff3-7fee374bf3e2@group-2E326D391161->0dd744a2-47ab-4d30-8d7a-27587728c440: nextIndex: updateUnconditionally 0 -> 0
2019-11-14 19:55:45,609 [Thread-505] INFO  impl.FollowerState (FollowerState.java:run(111)) - 797ebefa-c895-4cb1-b191-6ff1bf83736b@group-751C019BC56F-FollowerState: change to CANDIDATE, lastRpcTime:1080ms, electionTimeout:1078ms
2019-11-14 19:55:45,610 [Thread-505] INFO  impl.RoleInfo (RoleInfo.java:shutdownFollowerState(121)) - 797ebefa-c895-4cb1-b191-6ff1bf83736b: shutdown FollowerState
2019-11-14 19:55:45,610 [Thread-505] INFO  impl.RaftServerImpl (RaftServerImpl.java:setRole(173)) - 797ebefa-c895-4cb1-b191-6ff1bf83736b@group-751C019BC56F: changes role from  FOLLOWER to CANDIDATE at term 2 for changeToCandidate
2019-11-14 19:55:45,610 [Thread-505] INFO  impl.RoleInfo (RoleInfo.java:updateAndGet(143)) - 797ebefa-c895-4cb1-b191-6ff1bf83736b: start LeaderElection
2019-11-14 19:55:45,720 [Datanode State Machine Thread - 0] INFO  statemachine.DatanodeStateMachine (DatanodeStateMachine.java:lambda$startDaemon$0(355)) - Ozone container server started.
2019-11-14 19:55:45,965 [grpc-default-executor-3] WARN  server.GrpcLogAppender (LogUtils.java:warn(134)) - 0203d6eb-35d8-4784-bff3-7fee374bf3e2@group-2E326D391161->b74b6e41-b4f8-4f70-a45a-58780751dbf1-AppendLogResponseHandler: Failed appendEntries: org.apache.ratis.thirdparty.io.grpc.StatusRuntimeException: UNAVAILABLE: io exception
2019-11-14 19:55:45,965 [grpc-default-executor-3] INFO  impl.FollowerInfo (FollowerInfo.java:lambda$new$0(51)) - 0203d6eb-35d8-4784-bff3-7fee374bf3e2@group-2E326D391161->b74b6e41-b4f8-4f70-a45a-58780751dbf1: nextIndex: updateUnconditionally 0 -> 0
2019-11-14 19:55:45,989 [grpc-default-executor-4] WARN  server.GrpcLogAppender (LogUtils.java:warn(134)) - 0203d6eb-35d8-4784-bff3-7fee374bf3e2@group-2E326D391161->0dd744a2-47ab-4d30-8d7a-27587728c440-AppendLogResponseHandler: Failed appendEntries: org.apache.ratis.thirdparty.io.grpc.StatusRuntimeException: UNAVAILABLE: io exception
2019-11-14 19:55:45,989 [grpc-default-executor-4] INFO  impl.FollowerInfo (FollowerInfo.java:lambda$new$0(51)) - 0203d6eb-35d8-4784-bff3-7fee374bf3e2@group-2E326D391161->0dd744a2-47ab-4d30-8d7a-27587728c440: nextIndex: updateUnconditionally 0 -> 0
2019-11-14 19:55:46,214 [Datanode State Machine Thread - 0] INFO  statemachine.DatanodeStateMachine (DatanodeStateMachine.java:lambda$startDaemon$0(355)) - Ozone container server started.
2019-11-14 19:55:46,466 [grpc-default-executor-2] WARN  server.GrpcLogAppender (LogUtils.java:warn(134)) - 0203d6eb-35d8-4784-bff3-7fee374bf3e2@group-2E326D391161->b74b6e41-b4f8-4f70-a45a-58780751dbf1-AppendLogResponseHandler: Failed appendEntries: org.apache.ratis.thirdparty.io.grpc.StatusRuntimeException: UNAVAILABLE: io exception
2019-11-14 19:55:46,466 [grpc-default-executor-2] INFO  impl.FollowerInfo (FollowerInfo.java:lambda$new$0(51)) - 0203d6eb-35d8-4784-bff3-7fee374bf3e2@group-2E326D391161->b74b6e41-b4f8-4f70-a45a-58780751dbf1: nextIndex: updateUnconditionally 0 -> 0
2019-11-14 19:55:46,489 [grpc-default-executor-4] WARN  server.GrpcLogAppender (LogUtils.java:warn(134)) - 0203d6eb-35d8-4784-bff3-7fee374bf3e2@group-2E326D391161->0dd744a2-47ab-4d30-8d7a-27587728c440-AppendLogResponseHandler: Failed appendEntries: org.apache.ratis.thirdparty.io.grpc.StatusRuntimeException: UNAVAILABLE: io exception
2019-11-14 19:55:46,490 [grpc-default-executor-4] INFO  impl.FollowerInfo (FollowerInfo.java:lambda$new$0(51)) - 0203d6eb-35d8-4784-bff3-7fee374bf3e2@group-2E326D391161->0dd744a2-47ab-4d30-8d7a-27587728c440: nextIndex: updateUnconditionally 0 -> 0
2019-11-14 19:55:46,967 [grpc-default-executor-3] WARN  server.GrpcLogAppender (LogUtils.java:warn(134)) - 0203d6eb-35d8-4784-bff3-7fee374bf3e2@group-2E326D391161->b74b6e41-b4f8-4f70-a45a-58780751dbf1-AppendLogResponseHandler: Failed appendEntries: org.apache.ratis.thirdparty.io.grpc.StatusRuntimeException: UNAVAILABLE: io exception
2019-11-14 19:55:46,967 [grpc-default-executor-3] INFO  impl.FollowerInfo (FollowerInfo.java:lambda$new$0(51)) - 0203d6eb-35d8-4784-bff3-7fee374bf3e2@group-2E326D391161->b74b6e41-b4f8-4f70-a45a-58780751dbf1: nextIndex: updateUnconditionally 0 -> 0
2019-11-14 19:55:46,990 [grpc-default-executor-2] WARN  server.GrpcLogAppender (LogUtils.java:warn(134)) - 0203d6eb-35d8-4784-bff3-7fee374bf3e2@group-2E326D391161->0dd744a2-47ab-4d30-8d7a-27587728c440-AppendLogResponseHandler: Failed appendEntries: org.apache.ratis.thirdparty.io.grpc.StatusRuntimeException: UNAVAILABLE: io exception
2019-11-14 19:55:46,990 [grpc-default-executor-2] INFO  impl.FollowerInfo (FollowerInfo.java:lambda$new$0(51)) - 0203d6eb-35d8-4784-bff3-7fee374bf3e2@group-2E326D391161->0dd744a2-47ab-4d30-8d7a-27587728c440: nextIndex: updateUnconditionally 0 -> 0
2019-11-14 19:55:47,186 [Thread-384] INFO  impl.FollowerState (FollowerState.java:run(111)) - b4243c9e-0de7-4e8b-af85-81ed103925b9@group-C1A45D404590-FollowerState: change to CANDIDATE, lastRpcTime:1924ms, electionTimeout:1061ms
2019-11-14 19:55:47,186 [Thread-384] INFO  impl.RoleInfo (RoleInfo.java:shutdownFollowerState(121)) - b4243c9e-0de7-4e8b-af85-81ed103925b9: shutdown FollowerState
2019-11-14 19:55:47,186 [Thread-384] INFO  impl.RaftServerImpl (RaftServerImpl.java:setRole(173)) - b4243c9e-0de7-4e8b-af85-81ed103925b9@group-C1A45D404590: changes role from  FOLLOWER to CANDIDATE at term 1 for changeToCandidate
2019-11-14 19:55:47,187 [Thread-384] INFO  impl.RoleInfo (RoleInfo.java:updateAndGet(143)) - b4243c9e-0de7-4e8b-af85-81ed103925b9: start LeaderElection
2019-11-14 19:55:47,187 [b4243c9e-0de7-4e8b-af85-81ed103925b9@group-C1A45D404590-LeaderElection15] INFO  impl.RaftServerImpl (ServerState.java:setLeader(255)) - b4243c9e-0de7-4e8b-af85-81ed103925b9@group-C1A45D404590: change Leader from 5698a14d-db8b-40b1-a590-5479916d1106 to null at term 1 for initElection
2019-11-14 19:55:47,467 [grpc-default-executor-4] WARN  server.GrpcLogAppender (LogUtils.java:warn(134)) - 0203d6eb-35d8-4784-bff3-7fee374bf3e2@group-2E326D391161->b74b6e41-b4f8-4f70-a45a-58780751dbf1-AppendLogResponseHandler: Failed appendEntries: org.apache.ratis.thirdparty.io.grpc.StatusRuntimeException: UNAVAILABLE: io exception
2019-11-14 19:55:47,467 [grpc-default-executor-4] INFO  impl.FollowerInfo (FollowerInfo.java:lambda$new$0(51)) - 0203d6eb-35d8-4784-bff3-7fee374bf3e2@group-2E326D391161->b74b6e41-b4f8-4f70-a45a-58780751dbf1: nextIndex: updateUnconditionally 0 -> 0
2019-11-14 19:55:47,491 [grpc-default-executor-3] WARN  server.GrpcLogAppender (LogUtils.java:warn(134)) - 0203d6eb-35d8-4784-bff3-7fee374bf3e2@group-2E326D391161->0dd744a2-47ab-4d30-8d7a-27587728c440-AppendLogResponseHandler: Failed appendEntries: org.apache.ratis.thirdparty.io.grpc.StatusRuntimeException: UNAVAILABLE: io exception
2019-11-14 19:55:47,492 [grpc-default-executor-3] INFO  impl.FollowerInfo (FollowerInfo.java:lambda$new$0(51)) - 0203d6eb-35d8-4784-bff3-7fee374bf3e2@group-2E326D391161->0dd744a2-47ab-4d30-8d7a-27587728c440: nextIndex: updateUnconditionally 0 -> 0
2019-11-14 19:55:47,975 [grpc-default-executor-3] WARN  server.GrpcLogAppender (LogUtils.java:warn(134)) - 0203d6eb-35d8-4784-bff3-7fee374bf3e2@group-2E326D391161->b74b6e41-b4f8-4f70-a45a-58780751dbf1-AppendLogResponseHandler: Failed appendEntries: org.apache.ratis.thirdparty.io.grpc.StatusRuntimeException: UNAVAILABLE: io exception
2019-11-14 19:55:47,976 [grpc-default-executor-3] INFO  impl.FollowerInfo (FollowerInfo.java:lambda$new$0(51)) - 0203d6eb-35d8-4784-bff3-7fee374bf3e2@group-2E326D391161->b74b6e41-b4f8-4f70-a45a-58780751dbf1: nextIndex: updateUnconditionally 0 -> 0
2019-11-14 19:55:47,992 [grpc-default-executor-2] WARN  server.GrpcLogAppender (LogUtils.java:warn(134)) - 0203d6eb-35d8-4784-bff3-7fee374bf3e2@group-2E326D391161->0dd744a2-47ab-4d30-8d7a-27587728c440-AppendLogResponseHandler: Failed appendEntries: org.apache.ratis.thirdparty.io.grpc.StatusRuntimeException: UNAVAILABLE: io exception
2019-11-14 19:55:47,993 [grpc-default-executor-2] INFO  impl.FollowerInfo (FollowerInfo.java:lambda$new$0(51)) - 0203d6eb-35d8-4784-bff3-7fee374bf3e2@group-2E326D391161->0dd744a2-47ab-4d30-8d7a-27587728c440: nextIndex: updateUnconditionally 0 -> 0
2019-11-14 19:55:48,222 [797ebefa-c895-4cb1-b191-6ff1bf83736b@group-751C019BC56F-LeaderElection14] INFO  impl.LeaderElection (LeaderElection.java:askForVotes(178)) - 797ebefa-c895-4cb1-b191-6ff1bf83736b@group-751C019BC56F-LeaderElection14: begin an election at term 3 for 0: [b117fa5f-2c4e-4381-a495-d707275fd4cd:192.168.157.219:46720, 21186c51-1475-43f8-940c-f90b4fe03024:192.168.157.219:37993, 797ebefa-c895-4cb1-b191-6ff1bf83736b:192.168.157.219:44823], old=null
2019-11-14 19:55:48,225 [797ebefa-c895-4cb1-b191-6ff1bf83736b@group-751C019BC56F-LeaderElection14] INFO  impl.LeaderElection (LogUtils.java:infoOrTrace(149)) - 797ebefa-c895-4cb1-b191-6ff1bf83736b@group-751C019BC56F-LeaderElection14 got exception when requesting votes: {}
java.util.concurrent.ExecutionException: org.apache.ratis.thirdparty.io.grpc.StatusRuntimeException: UNAVAILABLE: io exception
	at java.util.concurrent.FutureTask.report(FutureTask.java:122)
	at java.util.concurrent.FutureTask.get(FutureTask.java:192)
	at org.apache.ratis.server.impl.LeaderElection.waitForResults(LeaderElection.java:259)
	at org.apache.ratis.server.impl.LeaderElection.askForVotes(LeaderElection.java:197)
	at org.apache.ratis.server.impl.LeaderElection.run(LeaderElection.java:133)
	at java.lang.Thread.run(Thread.java:748)
Caused by: org.apache.ratis.thirdparty.io.grpc.StatusRuntimeException: UNAVAILABLE: io exception
	at org.apache.ratis.thirdparty.io.grpc.stub.ClientCalls.toStatusRuntimeException(ClientCalls.java:233)
	at org.apache.ratis.thirdparty.io.grpc.stub.ClientCalls.getUnchecked(ClientCalls.java:214)
	at org.apache.ratis.thirdparty.io.grpc.stub.ClientCalls.blockingUnaryCall(ClientCalls.java:139)
	at org.apache.ratis.proto.grpc.RaftServerProtocolServiceGrpc$RaftServerProtocolServiceBlockingStub.requestVote(RaftServerProtocolServiceGrpc.java:265)
	at org.apache.ratis.grpc.server.GrpcServerProtocolClient.requestVote(GrpcServerProtocolClient.java:99)
	at org.apache.ratis.grpc.server.GrpcService.requestVote(GrpcService.java:204)
	at org.apache.ratis.server.impl.LeaderElection.lambda$submitRequests$1(LeaderElection.java:234)
	at java.util.concurrent.FutureTask.run(FutureTask.java:266)
	at java.util.concurrent.Executors$RunnableAdapter.call(Executors.java:511)
	at java.util.concurrent.FutureTask.run(FutureTask.java:266)
	at java.util.concurrent.ThreadPoolExecutor.runWorker(ThreadPoolExecutor.java:1149)
	at java.util.concurrent.ThreadPoolExecutor$Worker.run(ThreadPoolExecutor.java:624)
	... 1 more
Caused by: org.apache.ratis.thirdparty.io.netty.channel.AbstractChannel$AnnotatedConnectException: Connection refused: /192.168.157.219:46720
	at sun.nio.ch.SocketChannelImpl.checkConnect(Native Method)
	at sun.nio.ch.SocketChannelImpl.finishConnect(SocketChannelImpl.java:717)
	at org.apache.ratis.thirdparty.io.netty.channel.socket.nio.NioSocketChannel.doFinishConnect(NioSocketChannel.java:327)
	at org.apache.ratis.thirdparty.io.netty.channel.nio.AbstractNioChannel$AbstractNioUnsafe.finishConnect(AbstractNioChannel.java:340)
	at org.apache.ratis.thirdparty.io.netty.channel.nio.NioEventLoop.processSelectedKey(NioEventLoop.java:632)
	at org.apache.ratis.thirdparty.io.netty.channel.nio.NioEventLoop.processSelectedKeysOptimized(NioEventLoop.java:579)
	at org.apache.ratis.thirdparty.io.netty.channel.nio.NioEventLoop.processSelectedKeys(NioEventLoop.java:496)
	at org.apache.ratis.thirdparty.io.netty.channel.nio.NioEventLoop.run(NioEventLoop.java:458)
	at org.apache.ratis.thirdparty.io.netty.util.concurrent.SingleThreadEventExecutor$5.run(SingleThreadEventExecutor.java:897)
	at org.apache.ratis.thirdparty.io.netty.util.concurrent.FastThreadLocalRunnable.run(FastThreadLocalRunnable.java:30)
	... 1 more
Caused by: java.net.ConnectException: Connection refused
	... 11 more
2019-11-14 19:55:48,231 [797ebefa-c895-4cb1-b191-6ff1bf83736b@group-751C019BC56F-LeaderElection14] INFO  impl.LeaderElection (LogUtils.java:infoOrTrace(149)) - 797ebefa-c895-4cb1-b191-6ff1bf83736b@group-751C019BC56F-LeaderElection14 got exception when requesting votes: {}
java.util.concurrent.ExecutionException: org.apache.ratis.thirdparty.io.grpc.StatusRuntimeException: UNAVAILABLE: io exception
	at java.util.concurrent.FutureTask.report(FutureTask.java:122)
	at java.util.concurrent.FutureTask.get(FutureTask.java:192)
	at org.apache.ratis.server.impl.LeaderElection.waitForResults(LeaderElection.java:259)
	at org.apache.ratis.server.impl.LeaderElection.askForVotes(LeaderElection.java:197)
	at org.apache.ratis.server.impl.LeaderElection.run(LeaderElection.java:133)
	at java.lang.Thread.run(Thread.java:748)
Caused by: org.apache.ratis.thirdparty.io.grpc.StatusRuntimeException: UNAVAILABLE: io exception
	at org.apache.ratis.thirdparty.io.grpc.stub.ClientCalls.toStatusRuntimeException(ClientCalls.java:233)
	at org.apache.ratis.thirdparty.io.grpc.stub.ClientCalls.getUnchecked(ClientCalls.java:214)
	at org.apache.ratis.thirdparty.io.grpc.stub.ClientCalls.blockingUnaryCall(ClientCalls.java:139)
	at org.apache.ratis.proto.grpc.RaftServerProtocolServiceGrpc$RaftServerProtocolServiceBlockingStub.requestVote(RaftServerProtocolServiceGrpc.java:265)
	at org.apache.ratis.grpc.server.GrpcServerProtocolClient.requestVote(GrpcServerProtocolClient.java:99)
	at org.apache.ratis.grpc.server.GrpcService.requestVote(GrpcService.java:204)
	at org.apache.ratis.server.impl.LeaderElection.lambda$submitRequests$1(LeaderElection.java:234)
	at java.util.concurrent.FutureTask.run(FutureTask.java:266)
	at java.util.concurrent.Executors$RunnableAdapter.call(Executors.java:511)
	at java.util.concurrent.FutureTask.run(FutureTask.java:266)
	at java.util.concurrent.ThreadPoolExecutor.runWorker(ThreadPoolExecutor.java:1149)
	at java.util.concurrent.ThreadPoolExecutor$Worker.run(ThreadPoolExecutor.java:624)
	... 1 more
Caused by: org.apache.ratis.thirdparty.io.netty.channel.AbstractChannel$AnnotatedConnectException: Connection refused: /192.168.157.219:37993
	at sun.nio.ch.SocketChannelImpl.checkConnect(Native Method)
	at sun.nio.ch.SocketChannelImpl.finishConnect(SocketChannelImpl.java:717)
	at org.apache.ratis.thirdparty.io.netty.channel.socket.nio.NioSocketChannel.doFinishConnect(NioSocketChannel.java:327)
	at org.apache.ratis.thirdparty.io.netty.channel.nio.AbstractNioChannel$AbstractNioUnsafe.finishConnect(AbstractNioChannel.java:340)
	at org.apache.ratis.thirdparty.io.netty.channel.nio.NioEventLoop.processSelectedKey(NioEventLoop.java:632)
	at org.apache.ratis.thirdparty.io.netty.channel.nio.NioEventLoop.processSelectedKeysOptimized(NioEventLoop.java:579)
	at org.apache.ratis.thirdparty.io.netty.channel.nio.NioEventLoop.processSelectedKeys(NioEventLoop.java:496)
	at org.apache.ratis.thirdparty.io.netty.channel.nio.NioEventLoop.run(NioEventLoop.java:458)
	at org.apache.ratis.thirdparty.io.netty.util.concurrent.SingleThreadEventExecutor$5.run(SingleThreadEventExecutor.java:897)
	at org.apache.ratis.thirdparty.io.netty.util.concurrent.FastThreadLocalRunnable.run(FastThreadLocalRunnable.java:30)
	... 1 more
Caused by: java.net.ConnectException: Connection refused
	... 11 more
2019-11-14 19:55:48,233 [797ebefa-c895-4cb1-b191-6ff1bf83736b@group-751C019BC56F-LeaderElection14] INFO  impl.LeaderElection (LeaderElection.java:logAndReturn(56)) - 797ebefa-c895-4cb1-b191-6ff1bf83736b@group-751C019BC56F-LeaderElection14: Election REJECTED; received 0 response(s) [] and 2 exception(s); 797ebefa-c895-4cb1-b191-6ff1bf83736b@group-751C019BC56F:t3, leader=null, voted=797ebefa-c895-4cb1-b191-6ff1bf83736b, raftlog=797ebefa-c895-4cb1-b191-6ff1bf83736b@group-751C019BC56F-SegmentedRaftLog:OPENED:c0,f0,i0, conf=0: [b117fa5f-2c4e-4381-a495-d707275fd4cd:192.168.157.219:46720, 21186c51-1475-43f8-940c-f90b4fe03024:192.168.157.219:37993, 797ebefa-c895-4cb1-b191-6ff1bf83736b:192.168.157.219:44823], old=null
2019-11-14 19:55:48,233 [797ebefa-c895-4cb1-b191-6ff1bf83736b@group-751C019BC56F-LeaderElection14] INFO  impl.LeaderElection (LogUtils.java:infoOrTrace(149)) -   Exception 0: {}
java.util.concurrent.ExecutionException: org.apache.ratis.thirdparty.io.grpc.StatusRuntimeException: UNAVAILABLE: io exception
	at java.util.concurrent.FutureTask.report(FutureTask.java:122)
	at java.util.concurrent.FutureTask.get(FutureTask.java:192)
	at org.apache.ratis.server.impl.LeaderElection.waitForResults(LeaderElection.java:259)
	at org.apache.ratis.server.impl.LeaderElection.askForVotes(LeaderElection.java:197)
	at org.apache.ratis.server.impl.LeaderElection.run(LeaderElection.java:133)
	at java.lang.Thread.run(Thread.java:748)
Caused by: org.apache.ratis.thirdparty.io.grpc.StatusRuntimeException: UNAVAILABLE: io exception
	at org.apache.ratis.thirdparty.io.grpc.stub.ClientCalls.toStatusRuntimeException(ClientCalls.java:233)
	at org.apache.ratis.thirdparty.io.grpc.stub.ClientCalls.getUnchecked(ClientCalls.java:214)
	at org.apache.ratis.thirdparty.io.grpc.stub.ClientCalls.blockingUnaryCall(ClientCalls.java:139)
	at org.apache.ratis.proto.grpc.RaftServerProtocolServiceGrpc$RaftServerProtocolServiceBlockingStub.requestVote(RaftServerProtocolServiceGrpc.java:265)
	at org.apache.ratis.grpc.server.GrpcServerProtocolClient.requestVote(GrpcServerProtocolClient.java:99)
	at org.apache.ratis.grpc.server.GrpcService.requestVote(GrpcService.java:204)
	at org.apache.ratis.server.impl.LeaderElection.lambda$submitRequests$1(LeaderElection.java:234)
	at java.util.concurrent.FutureTask.run(FutureTask.java:266)
	at java.util.concurrent.Executors$RunnableAdapter.call(Executors.java:511)
	at java.util.concurrent.FutureTask.run(FutureTask.java:266)
	at java.util.concurrent.ThreadPoolExecutor.runWorker(ThreadPoolExecutor.java:1149)
	at java.util.concurrent.ThreadPoolExecutor$Worker.run(ThreadPoolExecutor.java:624)
	... 1 more
Caused by: org.apache.ratis.thirdparty.io.netty.channel.AbstractChannel$AnnotatedConnectException: Connection refused: /192.168.157.219:46720
	at sun.nio.ch.SocketChannelImpl.checkConnect(Native Method)
	at sun.nio.ch.SocketChannelImpl.finishConnect(SocketChannelImpl.java:717)
	at org.apache.ratis.thirdparty.io.netty.channel.socket.nio.NioSocketChannel.doFinishConnect(NioSocketChannel.java:327)
	at org.apache.ratis.thirdparty.io.netty.channel.nio.AbstractNioChannel$AbstractNioUnsafe.finishConnect(AbstractNioChannel.java:340)
	at org.apache.ratis.thirdparty.io.netty.channel.nio.NioEventLoop.processSelectedKey(NioEventLoop.java:632)
	at org.apache.ratis.thirdparty.io.netty.channel.nio.NioEventLoop.processSelectedKeysOptimized(NioEventLoop.java:579)
	at org.apache.ratis.thirdparty.io.netty.channel.nio.NioEventLoop.processSelectedKeys(NioEventLoop.java:496)
	at org.apache.ratis.thirdparty.io.netty.channel.nio.NioEventLoop.run(NioEventLoop.java:458)
	at org.apache.ratis.thirdparty.io.netty.util.concurrent.SingleThreadEventExecutor$5.run(SingleThreadEventExecutor.java:897)
	at org.apache.ratis.thirdparty.io.netty.util.concurrent.FastThreadLocalRunnable.run(FastThreadLocalRunnable.java:30)
	... 1 more
Caused by: java.net.ConnectException: Connection refused
	... 11 more
2019-11-14 19:55:48,233 [797ebefa-c895-4cb1-b191-6ff1bf83736b@group-751C019BC56F-LeaderElection14] INFO  impl.LeaderElection (LogUtils.java:infoOrTrace(149)) -   Exception 1: {}
java.util.concurrent.ExecutionException: org.apache.ratis.thirdparty.io.grpc.StatusRuntimeException: UNAVAILABLE: io exception
	at java.util.concurrent.FutureTask.report(FutureTask.java:122)
	at java.util.concurrent.FutureTask.get(FutureTask.java:192)
	at org.apache.ratis.server.impl.LeaderElection.waitForResults(LeaderElection.java:259)
	at org.apache.ratis.server.impl.LeaderElection.askForVotes(LeaderElection.java:197)
	at org.apache.ratis.server.impl.LeaderElection.run(LeaderElection.java:133)
	at java.lang.Thread.run(Thread.java:748)
Caused by: org.apache.ratis.thirdparty.io.grpc.StatusRuntimeException: UNAVAILABLE: io exception
	at org.apache.ratis.thirdparty.io.grpc.stub.ClientCalls.toStatusRuntimeException(ClientCalls.java:233)
	at org.apache.ratis.thirdparty.io.grpc.stub.ClientCalls.getUnchecked(ClientCalls.java:214)
	at org.apache.ratis.thirdparty.io.grpc.stub.ClientCalls.blockingUnaryCall(ClientCalls.java:139)
	at org.apache.ratis.proto.grpc.RaftServerProtocolServiceGrpc$RaftServerProtocolServiceBlockingStub.requestVote(RaftServerProtocolServiceGrpc.java:265)
	at org.apache.ratis.grpc.server.GrpcServerProtocolClient.requestVote(GrpcServerProtocolClient.java:99)
	at org.apache.ratis.grpc.server.GrpcService.requestVote(GrpcService.java:204)
	at org.apache.ratis.server.impl.LeaderElection.lambda$submitRequests$1(LeaderElection.java:234)
	at java.util.concurrent.FutureTask.run(FutureTask.java:266)
	at java.util.concurrent.Executors$RunnableAdapter.call(Executors.java:511)
	at java.util.concurrent.FutureTask.run(FutureTask.java:266)
	at java.util.concurrent.ThreadPoolExecutor.runWorker(ThreadPoolExecutor.java:1149)
	at java.util.concurrent.ThreadPoolExecutor$Worker.run(ThreadPoolExecutor.java:624)
	... 1 more
Caused by: org.apache.ratis.thirdparty.io.netty.channel.AbstractChannel$AnnotatedConnectException: Connection refused: /192.168.157.219:37993
	at sun.nio.ch.SocketChannelImpl.checkConnect(Native Method)
	at sun.nio.ch.SocketChannelImpl.finishConnect(SocketChannelImpl.java:717)
	at org.apache.ratis.thirdparty.io.netty.channel.socket.nio.NioSocketChannel.doFinishConnect(NioSocketChannel.java:327)
	at org.apache.ratis.thirdparty.io.netty.channel.nio.AbstractNioChannel$AbstractNioUnsafe.finishConnect(AbstractNioChannel.java:340)
	at org.apache.ratis.thirdparty.io.netty.channel.nio.NioEventLoop.processSelectedKey(NioEventLoop.java:632)
	at org.apache.ratis.thirdparty.io.netty.channel.nio.NioEventLoop.processSelectedKeysOptimized(NioEventLoop.java:579)
	at org.apache.ratis.thirdparty.io.netty.channel.nio.NioEventLoop.processSelectedKeys(NioEventLoop.java:496)
	at org.apache.ratis.thirdparty.io.netty.channel.nio.NioEventLoop.run(NioEventLoop.java:458)
	at org.apache.ratis.thirdparty.io.netty.util.concurrent.SingleThreadEventExecutor$5.run(SingleThreadEventExecutor.java:897)
	at org.apache.ratis.thirdparty.io.netty.util.concurrent.FastThreadLocalRunnable.run(FastThreadLocalRunnable.java:30)
	... 1 more
Caused by: java.net.ConnectException: Connection refused
	... 11 more
2019-11-14 19:55:48,234 [797ebefa-c895-4cb1-b191-6ff1bf83736b@group-751C019BC56F-LeaderElection14] INFO  impl.RaftServerImpl (RaftServerImpl.java:setRole(173)) - 797ebefa-c895-4cb1-b191-6ff1bf83736b@group-751C019BC56F: changes role from CANDIDATE to FOLLOWER at term 3 for DISCOVERED_A_NEW_TERM
2019-11-14 19:55:48,234 [797ebefa-c895-4cb1-b191-6ff1bf83736b@group-751C019BC56F-LeaderElection14] INFO  impl.RoleInfo (RoleInfo.java:shutdownLeaderElection(134)) - 797ebefa-c895-4cb1-b191-6ff1bf83736b: shutdown LeaderElection
2019-11-14 19:55:48,234 [797ebefa-c895-4cb1-b191-6ff1bf83736b@group-751C019BC56F-LeaderElection14] INFO  impl.RoleInfo (RoleInfo.java:updateAndGet(143)) - 797ebefa-c895-4cb1-b191-6ff1bf83736b: start FollowerState
2019-11-14 19:55:48,474 [grpc-default-executor-4] WARN  server.GrpcLogAppender (LogUtils.java:warn(134)) - 0203d6eb-35d8-4784-bff3-7fee374bf3e2@group-2E326D391161->b74b6e41-b4f8-4f70-a45a-58780751dbf1-AppendLogResponseHandler: Failed appendEntries: org.apache.ratis.thirdparty.io.grpc.StatusRuntimeException: UNAVAILABLE: io exception
2019-11-14 19:55:48,476 [grpc-default-executor-4] INFO  impl.FollowerInfo (FollowerInfo.java:lambda$new$0(51)) - 0203d6eb-35d8-4784-bff3-7fee374bf3e2@group-2E326D391161->b74b6e41-b4f8-4f70-a45a-58780751dbf1: nextIndex: updateUnconditionally 0 -> 0
2019-11-14 19:55:48,493 [grpc-default-executor-3] WARN  server.GrpcLogAppender (LogUtils.java:warn(134)) - 0203d6eb-35d8-4784-bff3-7fee374bf3e2@group-2E326D391161->0dd744a2-47ab-4d30-8d7a-27587728c440-AppendLogResponseHandler: Failed appendEntries: org.apache.ratis.thirdparty.io.grpc.StatusRuntimeException: UNAVAILABLE: io exception
2019-11-14 19:55:48,493 [grpc-default-executor-3] INFO  impl.FollowerInfo (FollowerInfo.java:lambda$new$0(51)) - 0203d6eb-35d8-4784-bff3-7fee374bf3e2@group-2E326D391161->0dd744a2-47ab-4d30-8d7a-27587728c440: nextIndex: updateUnconditionally 0 -> 0
2019-11-14 19:55:48,974 [grpc-default-executor-2] WARN  server.GrpcLogAppender (LogUtils.java:warn(134)) - 0203d6eb-35d8-4784-bff3-7fee374bf3e2@group-2E326D391161->b74b6e41-b4f8-4f70-a45a-58780751dbf1-AppendLogResponseHandler: Failed appendEntries: org.apache.ratis.thirdparty.io.grpc.StatusRuntimeException: UNAVAILABLE: io exception
2019-11-14 19:55:48,974 [grpc-default-executor-2] INFO  impl.FollowerInfo (FollowerInfo.java:lambda$new$0(51)) - 0203d6eb-35d8-4784-bff3-7fee374bf3e2@group-2E326D391161->b74b6e41-b4f8-4f70-a45a-58780751dbf1: nextIndex: updateUnconditionally 0 -> 0
2019-11-14 19:55:48,994 [grpc-default-executor-4] WARN  server.GrpcLogAppender (LogUtils.java:warn(134)) - 0203d6eb-35d8-4784-bff3-7fee374bf3e2@group-2E326D391161->0dd744a2-47ab-4d30-8d7a-27587728c440-AppendLogResponseHandler: Failed appendEntries: org.apache.ratis.thirdparty.io.grpc.StatusRuntimeException: UNAVAILABLE: io exception
2019-11-14 19:55:48,994 [grpc-default-executor-4] INFO  impl.FollowerInfo (FollowerInfo.java:lambda$new$0(51)) - 0203d6eb-35d8-4784-bff3-7fee374bf3e2@group-2E326D391161->0dd744a2-47ab-4d30-8d7a-27587728c440: nextIndex: updateUnconditionally 0 -> 0
2019-11-14 19:55:49,284 [Thread-513] INFO  impl.FollowerState (FollowerState.java:run(111)) - 797ebefa-c895-4cb1-b191-6ff1bf83736b@group-751C019BC56F-FollowerState: change to CANDIDATE, lastRpcTime:1049ms, electionTimeout:1049ms
2019-11-14 19:55:49,284 [Thread-513] INFO  impl.RoleInfo (RoleInfo.java:shutdownFollowerState(121)) - 797ebefa-c895-4cb1-b191-6ff1bf83736b: shutdown FollowerState
2019-11-14 19:55:49,284 [Thread-513] INFO  impl.RaftServerImpl (RaftServerImpl.java:setRole(173)) - 797ebefa-c895-4cb1-b191-6ff1bf83736b@group-751C019BC56F: changes role from  FOLLOWER to CANDIDATE at term 3 for changeToCandidate
2019-11-14 19:55:49,285 [Thread-513] INFO  impl.RoleInfo (RoleInfo.java:updateAndGet(143)) - 797ebefa-c895-4cb1-b191-6ff1bf83736b: start LeaderElection
2019-11-14 19:55:49,476 [grpc-default-executor-3] WARN  server.GrpcLogAppender (LogUtils.java:warn(134)) - 0203d6eb-35d8-4784-bff3-7fee374bf3e2@group-2E326D391161->b74b6e41-b4f8-4f70-a45a-58780751dbf1-AppendLogResponseHandler: Failed appendEntries: org.apache.ratis.thirdparty.io.grpc.StatusRuntimeException: UNAVAILABLE: io exception
2019-11-14 19:55:49,476 [grpc-default-executor-3] INFO  impl.FollowerInfo (FollowerInfo.java:lambda$new$0(51)) - 0203d6eb-35d8-4784-bff3-7fee374bf3e2@group-2E326D391161->b74b6e41-b4f8-4f70-a45a-58780751dbf1: nextIndex: updateUnconditionally 0 -> 0
2019-11-14 19:55:49,495 [grpc-default-executor-2] WARN  server.GrpcLogAppender (LogUtils.java:warn(134)) - 0203d6eb-35d8-4784-bff3-7fee374bf3e2@group-2E326D391161->0dd744a2-47ab-4d30-8d7a-27587728c440-AppendLogResponseHandler: Failed appendEntries: org.apache.ratis.thirdparty.io.grpc.StatusRuntimeException: UNAVAILABLE: io exception
2019-11-14 19:55:49,495 [grpc-default-executor-2] INFO  impl.FollowerInfo (FollowerInfo.java:lambda$new$0(51)) - 0203d6eb-35d8-4784-bff3-7fee374bf3e2@group-2E326D391161->0dd744a2-47ab-4d30-8d7a-27587728c440: nextIndex: updateUnconditionally 0 -> 0
2019-11-14 19:55:49,977 [grpc-default-executor-4] WARN  server.GrpcLogAppender (LogUtils.java:warn(134)) - 0203d6eb-35d8-4784-bff3-7fee374bf3e2@group-2E326D391161->b74b6e41-b4f8-4f70-a45a-58780751dbf1-AppendLogResponseHandler: Failed appendEntries: org.apache.ratis.thirdparty.io.grpc.StatusRuntimeException: UNAVAILABLE: io exception
2019-11-14 19:55:49,977 [grpc-default-executor-4] INFO  impl.FollowerInfo (FollowerInfo.java:lambda$new$0(51)) - 0203d6eb-35d8-4784-bff3-7fee374bf3e2@group-2E326D391161->b74b6e41-b4f8-4f70-a45a-58780751dbf1: nextIndex: updateUnconditionally 0 -> 0
2019-11-14 19:55:49,995 [grpc-default-executor-4] WARN  server.GrpcLogAppender (LogUtils.java:warn(134)) - 0203d6eb-35d8-4784-bff3-7fee374bf3e2@group-2E326D391161->0dd744a2-47ab-4d30-8d7a-27587728c440-AppendLogResponseHandler: Failed appendEntries: org.apache.ratis.thirdparty.io.grpc.StatusRuntimeException: UNAVAILABLE: io exception
2019-11-14 19:55:49,996 [grpc-default-executor-4] INFO  impl.FollowerInfo (FollowerInfo.java:lambda$new$0(51)) - 0203d6eb-35d8-4784-bff3-7fee374bf3e2@group-2E326D391161->0dd744a2-47ab-4d30-8d7a-27587728c440: nextIndex: updateUnconditionally 0 -> 0
2019-11-14 19:55:50,480 [ForkJoinPool.commonPool-worker-1] INFO  ozoneimpl.OzoneContainer (OzoneContainer.java:stop(244)) - Attempting to stop container services.
2019-11-14 19:55:50,480 [main] INFO  ozoneimpl.OzoneContainer (OzoneContainer.java:stop(244)) - Attempting to stop container services.
2019-11-14 19:55:50,482 [ForkJoinPool.commonPool-worker-1] INFO  impl.RaftServerProxy (RaftServerProxy.java:lambda$close$4(314)) - b4243c9e-0de7-4e8b-af85-81ed103925b9: close
2019-11-14 19:55:50,482 [main] INFO  impl.RaftServerProxy (RaftServerProxy.java:lambda$close$4(314)) - 0203d6eb-35d8-4784-bff3-7fee374bf3e2: close
2019-11-14 19:55:50,482 [ForkJoinPool.commonPool-worker-1] INFO  impl.RaftServerImpl (RaftServerImpl.java:lambda$shutdown$3(250)) - b4243c9e-0de7-4e8b-af85-81ed103925b9@group-C1A45D404590: shutdown
2019-11-14 19:55:50,482 [main] INFO  impl.RaftServerImpl (RaftServerImpl.java:lambda$shutdown$3(250)) - 0203d6eb-35d8-4784-bff3-7fee374bf3e2@group-2E326D391161: shutdown
2019-11-14 19:55:50,483 [ForkJoinPool.commonPool-worker-1] INFO  util.JmxRegister (JmxRegister.java:unregister(73)) - Successfully un-registered JMX Bean with object name Ratis:service=RaftServer,group=group-C1A45D404590,id=b4243c9e-0de7-4e8b-af85-81ed103925b9
2019-11-14 19:55:50,483 [main] INFO  util.JmxRegister (JmxRegister.java:unregister(73)) - Successfully un-registered JMX Bean with object name Ratis:service=RaftServer,group=group-2E326D391161,id=0203d6eb-35d8-4784-bff3-7fee374bf3e2
2019-11-14 19:55:50,483 [ForkJoinPool.commonPool-worker-1] INFO  impl.RoleInfo (RoleInfo.java:shutdownLeaderElection(134)) - b4243c9e-0de7-4e8b-af85-81ed103925b9: shutdown LeaderElection
2019-11-14 19:55:50,483 [main] INFO  impl.RoleInfo (RoleInfo.java:shutdownLeaderState(104)) - 0203d6eb-35d8-4784-bff3-7fee374bf3e2: shutdown LeaderState
2019-11-14 19:55:50,483 [ForkJoinPool.commonPool-worker-1] INFO  impl.StateMachineUpdater (StateMachineUpdater.java:stopAndJoin(136)) - b4243c9e-0de7-4e8b-af85-81ed103925b9@group-C1A45D404590-StateMachineUpdater: set stopIndex = 0
2019-11-14 19:55:50,487 [org.apache.ratis.server.impl.LogAppender$AppenderDaemon$$Lambda$430/86081870@36abfce0] WARN  server.GrpcLogAppender (GrpcLogAppender.java:mayWait(151)) - 0203d6eb-35d8-4784-bff3-7fee374bf3e2@group-2E326D391161->b74b6e41-b4f8-4f70-a45a-58780751dbf1-GrpcLogAppender: Wait interrupted by java.lang.InterruptedException
2019-11-14 19:55:50,487 [main] INFO  impl.PendingRequests (PendingRequests.java:sendNotLeaderResponses(206)) - 0203d6eb-35d8-4784-bff3-7fee374bf3e2@group-2E326D391161-PendingRequests: sendNotLeaderResponses
2019-11-14 19:55:50,487 [grpc-default-executor-4] INFO  server.GrpcLogAppender (GrpcLogAppender.java:onError(297)) - 0203d6eb-35d8-4784-bff3-7fee374bf3e2@group-2E326D391161->b74b6e41-b4f8-4f70-a45a-58780751dbf1-GrpcLogAppender is stopped
2019-11-14 19:55:50,487 [org.apache.ratis.server.impl.LogAppender$AppenderDaemon$$Lambda$430/86081870@73a96cf1] WARN  server.GrpcLogAppender (GrpcLogAppender.java:mayWait(151)) - 0203d6eb-35d8-4784-bff3-7fee374bf3e2@group-2E326D391161->0dd744a2-47ab-4d30-8d7a-27587728c440-GrpcLogAppender: Wait interrupted by java.lang.InterruptedException
2019-11-14 19:55:50,487 [ForkJoinPool.commonPool-worker-1] INFO  impl.RaftServerImpl (ServerState.java:close(387)) - b4243c9e-0de7-4e8b-af85-81ed103925b9@group-C1A45D404590: closes. applyIndex: 0
2019-11-14 19:55:50,488 [main] INFO  impl.StateMachineUpdater (StateMachineUpdater.java:stopAndJoin(136)) - 0203d6eb-35d8-4784-bff3-7fee374bf3e2@group-2E326D391161-StateMachineUpdater: set stopIndex = 0
2019-11-14 19:55:50,489 [main] INFO  impl.RaftServerImpl (ServerState.java:close(387)) - 0203d6eb-35d8-4784-bff3-7fee374bf3e2@group-2E326D391161: closes. applyIndex: 0
2019-11-14 19:55:50,489 [b4243c9e-0de7-4e8b-af85-81ed103925b9@group-C1A45D404590-SegmentedRaftLogWorker] INFO  segmented.SegmentedRaftLogWorker (SegmentedRaftLogWorker.java:run(316)) - b4243c9e-0de7-4e8b-af85-81ed103925b9@group-C1A45D404590-SegmentedRaftLogWorker was interrupted, exiting. There are 0 tasks remaining in the queue.
2019-11-14 19:55:50,489 [0203d6eb-35d8-4784-bff3-7fee374bf3e2@group-2E326D391161-SegmentedRaftLogWorker] INFO  segmented.SegmentedRaftLogWorker (SegmentedRaftLogWorker.java:run(316)) - 0203d6eb-35d8-4784-bff3-7fee374bf3e2@group-2E326D391161-SegmentedRaftLogWorker was interrupted, exiting. There are 0 tasks remaining in the queue.
2019-11-14 19:55:50,489 [main] INFO  segmented.SegmentedRaftLogWorker (SegmentedRaftLogWorker.java:close(224)) - 0203d6eb-35d8-4784-bff3-7fee374bf3e2@group-2E326D391161-SegmentedRaftLogWorker close()
2019-11-14 19:55:50,489 [ForkJoinPool.commonPool-worker-1] INFO  segmented.SegmentedRaftLogWorker (SegmentedRaftLogWorker.java:close(224)) - b4243c9e-0de7-4e8b-af85-81ed103925b9@group-C1A45D404590-SegmentedRaftLogWorker close()
2019-11-14 19:55:50,491 [main] INFO  server.GrpcService (GrpcService.java:closeImpl(164)) - 0203d6eb-35d8-4784-bff3-7fee374bf3e2: shutdown server with port 45232 now
2019-11-14 19:55:50,492 [ForkJoinPool.commonPool-worker-1] INFO  server.GrpcService (GrpcService.java:closeImpl(164)) - b4243c9e-0de7-4e8b-af85-81ed103925b9: shutdown server with port 38972 now
2019-11-14 19:55:50,492 [main] INFO  server.GrpcService (GrpcService.java:closeImpl(172)) - 0203d6eb-35d8-4784-bff3-7fee374bf3e2: shutdown server with port 45232 successfully
2019-11-14 19:55:50,492 [ForkJoinPool.commonPool-worker-1] INFO  server.GrpcService (GrpcService.java:closeImpl(172)) - b4243c9e-0de7-4e8b-af85-81ed103925b9: shutdown server with port 38972 successfully
2019-11-14 19:55:50,495 [refreshUsed-/workdir/hadoop-ozone/integration-test/target/test-dir/MiniOzoneClusterImpl-4164cd2a-9f03-471b-8431-fd84a2e2cb62/datanode-9/data/containers] WARN  fs.CachingGetSpaceUsed (CachingGetSpaceUsed.java:run(183)) - Thread Interrupted waiting to refresh disk information: sleep interrupted
2019-11-14 19:55:50,495 [refreshUsed-/workdir/hadoop-ozone/integration-test/target/test-dir/MiniOzoneClusterImpl-4164cd2a-9f03-471b-8431-fd84a2e2cb62/datanode-0/data/containers] WARN  fs.CachingGetSpaceUsed (CachingGetSpaceUsed.java:run(183)) - Thread Interrupted waiting to refresh disk information: sleep interrupted
2019-11-14 19:55:50,523 [ForkJoinPool.commonPool-worker-1] INFO  utils.BackgroundService (BackgroundService.java:shutdown(151)) - Shutting down service BlockDeletingService
2019-11-14 19:55:50,523 [main] INFO  utils.BackgroundService (BackgroundService.java:shutdown(151)) - Shutting down service BlockDeletingService
2019-11-14 19:55:50,527 [ForkJoinPool.commonPool-worker-1] INFO  statemachine.DatanodeStateMachine (DatanodeStateMachine.java:stopDaemon(400)) - Ozone container server stopped.
2019-11-14 19:55:50,527 [main] INFO  statemachine.DatanodeStateMachine (DatanodeStateMachine.java:stopDaemon(400)) - Ozone container server stopped.
2019-11-14 19:55:50,530 [main] INFO  handler.ContextHandler (ContextHandler.java:doStop(910)) - Stopped o.e.j.w.WebAppContext@15c4af7a{/,null,UNAVAILABLE}{/hddsDatanode}
2019-11-14 19:55:50,530 [ForkJoinPool.commonPool-worker-1] INFO  handler.ContextHandler (ContextHandler.java:doStop(910)) - Stopped o.e.j.w.WebAppContext@62e93c3a{/,null,UNAVAILABLE}{/hddsDatanode}
2019-11-14 19:55:50,531 [main] INFO  server.AbstractConnector (AbstractConnector.java:doStop(318)) - Stopped ServerConnector@6cbd0674{HTTP/1.1,[http/1.1]}{0.0.0.0:0}
2019-11-14 19:55:50,531 [ForkJoinPool.commonPool-worker-1] INFO  server.AbstractConnector (AbstractConnector.java:doStop(318)) - Stopped ServerConnector@673919a7{HTTP/1.1,[http/1.1]}{0.0.0.0:0}
2019-11-14 19:55:50,531 [main] INFO  handler.ContextHandler (ContextHandler.java:doStop(910)) - Stopped o.e.j.s.ServletContextHandler@43f1bb92{/static,jar:file:/home/user/.m2/repository/org/apache/hadoop/hadoop-hdds-container-service/0.5.0-SNAPSHOT/hadoop-hdds-container-service-0.5.0-SNAPSHOT.jar!/webapps/static,UNAVAILABLE}
2019-11-14 19:55:50,532 [ForkJoinPool.commonPool-worker-1] INFO  handler.ContextHandler (ContextHandler.java:doStop(910)) - Stopped o.e.j.s.ServletContextHandler@216e0771{/static,jar:file:/home/user/.m2/repository/org/apache/hadoop/hadoop-hdds-container-service/0.5.0-SNAPSHOT/hadoop-hdds-container-service-0.5.0-SNAPSHOT.jar!/webapps/static,UNAVAILABLE}
2019-11-14 19:55:50,533 [main] INFO  handler.ContextHandler (ContextHandler.java:doStop(910)) - Stopped o.e.j.s.ServletContextHandler@5f69e2b{/logs,file:///workdir/hadoop-ozone/integration-test/target/log,UNAVAILABLE}
2019-11-14 19:55:50,533 [ForkJoinPool.commonPool-worker-1] INFO  handler.ContextHandler (ContextHandler.java:doStop(910)) - Stopped o.e.j.s.ServletContextHandler@44bd4b0a{/logs,file:///workdir/hadoop-ozone/integration-test/target/log,UNAVAILABLE}
2019-11-14 19:55:50,598 [Datanode State Machine Thread - 0] INFO  statemachine.DatanodeStateMachine (DatanodeStateMachine.java:lambda$startDaemon$0(355)) - Ozone container server started.
2019-11-14 19:55:51,113 [Datanode State Machine Thread - 0] INFO  statemachine.DatanodeStateMachine (DatanodeStateMachine.java:lambda$startDaemon$0(355)) - Ozone container server started.
2019-11-14 19:55:51,127 [b4243c9e-0de7-4e8b-af85-81ed103925b9@group-C1A45D404590-LeaderElection15] INFO  impl.LeaderElection (LeaderElection.java:askForVotes(178)) - b4243c9e-0de7-4e8b-af85-81ed103925b9@group-C1A45D404590-LeaderElection15: begin an election at term 2 for 0: [5698a14d-db8b-40b1-a590-5479916d1106:192.168.157.219:42308, af759c1c-c92d-45df-b04f-683eb4d9761f:192.168.157.219:38976, b4243c9e-0de7-4e8b-af85-81ed103925b9:192.168.157.219:38972], old=null
2019-11-14 19:55:51,127 [b4243c9e-0de7-4e8b-af85-81ed103925b9@group-C1A45D404590-LeaderElection15] INFO  impl.LeaderElection (LeaderElection.java:run(137)) - b4243c9e-0de7-4e8b-af85-81ed103925b9@group-C1A45D404590-LeaderElection15: IllegalArgumentException is safely ignored since this is already CLOSING
java.lang.IllegalArgumentException: b4243c9e-0de7-4e8b-af85-81ed103925b9@group-C1A45D404590-SegmentedRaftLog is expected to be opened but it is CLOSED
	at org.apache.ratis.util.OpenCloseState.assertOpen(OpenCloseState.java:63)
	at org.apache.ratis.server.raftlog.RaftLog.checkLogState(RaftLog.java:102)
	at org.apache.ratis.server.raftlog.segmented.SegmentedRaftLog.getLastEntryTermIndex(SegmentedRaftLog.java:345)
	at org.apache.ratis.server.impl.LeaderElection.askForVotes(LeaderElection.java:180)
	at org.apache.ratis.server.impl.LeaderElection.run(LeaderElection.java:133)
	at java.lang.Thread.run(Thread.java:748)
Caused by: org.apache.ratis.util.OpenCloseState$CloseTrace: Close b4243c9e-0de7-4e8b-af85-81ed103925b9@group-C1A45D404590-SegmentedRaftLog
	at org.apache.ratis.util.OpenCloseState.lambda$close$1(OpenCloseState.java:109)
	at java.util.concurrent.atomic.AtomicReference.getAndUpdate(AtomicReference.java:160)
	at org.apache.ratis.util.OpenCloseState.close(OpenCloseState.java:109)
	at org.apache.ratis.server.raftlog.RaftLog.close(RaftLog.java:437)
	at org.apache.ratis.server.raftlog.segmented.SegmentedRaftLog.close(SegmentedRaftLog.java:500)
	at org.apache.ratis.server.impl.ServerState.close(ServerState.java:389)
	at org.apache.ratis.server.impl.RaftServerImpl.lambda$shutdown$3(RaftServerImpl.java:272)
	at org.apache.ratis.util.LifeCycle.lambda$checkStateAndClose$2(LifeCycle.java:231)
	at org.apache.ratis.util.LifeCycle.checkStateAndClose(LifeCycle.java:251)
	at org.apache.ratis.util.LifeCycle.checkStateAndClose(LifeCycle.java:229)
	at org.apache.ratis.server.impl.RaftServerImpl.shutdown(RaftServerImpl.java:249)
	at org.apache.ratis.server.impl.RaftServerProxy$ImplMap.lambda$close$0(RaftServerProxy.java:107)
	at java.util.stream.ForEachOps$ForEachOp$OfRef.accept(ForEachOps.java:183)
	at java.util.stream.ReferencePipeline$3$1.accept(ReferencePipeline.java:193)
	at java.util.concurrent.ConcurrentHashMap$ValueSpliterator.forEachRemaining(ConcurrentHashMap.java:3566)
	at java.util.stream.AbstractPipeline.copyInto(AbstractPipeline.java:482)
	at java.util.stream.ForEachOps$ForEachTask.compute(ForEachOps.java:290)
	at java.util.concurrent.CountedCompleter.exec(CountedCompleter.java:731)
	at java.util.concurrent.ForkJoinTask.doExec(ForkJoinTask.java:289)
	at java.util.concurrent.ForkJoinTask.doInvoke(ForkJoinTask.java:401)
	at java.util.concurrent.ForkJoinTask.invoke(ForkJoinTask.java:734)
	at java.util.stream.ForEachOps$ForEachOp.evaluateParallel(ForEachOps.java:159)
	at java.util.stream.ForEachOps$ForEachOp$OfRef.evaluateParallel(ForEachOps.java:173)
	at java.util.stream.AbstractPipeline.evaluate(AbstractPipeline.java:233)
	at java.util.stream.ReferencePipeline.forEach(ReferencePipeline.java:485)
	at org.apache.ratis.server.impl.RaftServerProxy$ImplMap.close(RaftServerProxy.java:107)
	at org.apache.ratis.server.impl.RaftServerProxy.lambda$close$4(RaftServerProxy.java:315)
	at org.apache.ratis.util.LifeCycle.lambda$checkStateAndClose$2(LifeCycle.java:231)
	at org.apache.ratis.util.LifeCycle.checkStateAndClose(LifeCycle.java:251)
	at org.apache.ratis.util.LifeCycle.checkStateAndClose(LifeCycle.java:229)
	at org.apache.ratis.server.impl.RaftServerProxy.close(RaftServerProxy.java:313)
	at org.apache.hadoop.ozone.container.common.transport.server.ratis.XceiverServerRatis.stop(XceiverServerRatis.java:451)
	at org.apache.hadoop.ozone.container.ozoneimpl.OzoneContainer.stop(OzoneContainer.java:246)
	at org.apache.hadoop.ozone.container.common.statemachine.DatanodeStateMachine.close(DatanodeStateMachine.java:275)
	at org.apache.hadoop.ozone.container.common.statemachine.DatanodeStateMachine.stopDaemon(DatanodeStateMachine.java:399)
	at org.apache.hadoop.ozone.HddsDatanodeService.stop(HddsDatanodeService.java:458)
	at org.apache.hadoop.ozone.MiniOzoneClusterImpl.stopDatanode(MiniOzoneClusterImpl.java:423)
	at java.util.stream.ForEachOps$ForEachOp$OfRef.accept(ForEachOps.java:183)
	at java.util.ArrayList$ArrayListSpliterator.forEachRemaining(ArrayList.java:1382)
	at java.util.stream.AbstractPipeline.copyInto(AbstractPipeline.java:482)
	at java.util.stream.ForEachOps$ForEachTask.compute(ForEachOps.java:290)
	at java.util.concurrent.CountedCompleter.exec(CountedCompleter.java:731)
	at java.util.concurrent.ForkJoinTask.doExec(ForkJoinTask.java:289)
	at java.util.concurrent.ForkJoinPool$WorkQueue.execLocalTasks(ForkJoinPool.java:1040)
	at java.util.concurrent.ForkJoinPool$WorkQueue.runTask(ForkJoinPool.java:1058)
	at java.util.concurrent.ForkJoinPool.runWorker(ForkJoinPool.java:1692)
	at java.util.concurrent.ForkJoinWorkerThread.run(ForkJoinWorkerThread.java:157)
2019-11-14 19:55:52,084 [797ebefa-c895-4cb1-b191-6ff1bf83736b@group-751C019BC56F-LeaderElection16] INFO  impl.LeaderElection (LeaderElection.java:askForVotes(178)) - 797ebefa-c895-4cb1-b191-6ff1bf83736b@group-751C019BC56F-LeaderElection16: begin an election at term 4 for 0: [b117fa5f-2c4e-4381-a495-d707275fd4cd:192.168.157.219:46720, 21186c51-1475-43f8-940c-f90b4fe03024:192.168.157.219:37993, 797ebefa-c895-4cb1-b191-6ff1bf83736b:192.168.157.219:44823], old=null
2019-11-14 19:55:52,086 [797ebefa-c895-4cb1-b191-6ff1bf83736b@group-751C019BC56F-LeaderElection16] INFO  impl.LeaderElection (LogUtils.java:infoOrTrace(149)) - 797ebefa-c895-4cb1-b191-6ff1bf83736b@group-751C019BC56F-LeaderElection16 got exception when requesting votes: {}
java.util.concurrent.ExecutionException: org.apache.ratis.thirdparty.io.grpc.StatusRuntimeException: UNAVAILABLE: io exception
	at java.util.concurrent.FutureTask.report(FutureTask.java:122)
	at java.util.concurrent.FutureTask.get(FutureTask.java:192)
	at org.apache.ratis.server.impl.LeaderElection.waitForResults(LeaderElection.java:259)
	at org.apache.ratis.server.impl.LeaderElection.askForVotes(LeaderElection.java:197)
	at org.apache.ratis.server.impl.LeaderElection.run(LeaderElection.java:133)
	at java.lang.Thread.run(Thread.java:748)
Caused by: org.apache.ratis.thirdparty.io.grpc.StatusRuntimeException: UNAVAILABLE: io exception
	at org.apache.ratis.thirdparty.io.grpc.stub.ClientCalls.toStatusRuntimeException(ClientCalls.java:233)
	at org.apache.ratis.thirdparty.io.grpc.stub.ClientCalls.getUnchecked(ClientCalls.java:214)
	at org.apache.ratis.thirdparty.io.grpc.stub.ClientCalls.blockingUnaryCall(ClientCalls.java:139)
	at org.apache.ratis.proto.grpc.RaftServerProtocolServiceGrpc$RaftServerProtocolServiceBlockingStub.requestVote(RaftServerProtocolServiceGrpc.java:265)
	at org.apache.ratis.grpc.server.GrpcServerProtocolClient.requestVote(GrpcServerProtocolClient.java:99)
	at org.apache.ratis.grpc.server.GrpcService.requestVote(GrpcService.java:204)
	at org.apache.ratis.server.impl.LeaderElection.lambda$submitRequests$1(LeaderElection.java:234)
	at java.util.concurrent.FutureTask.run(FutureTask.java:266)
	at java.util.concurrent.Executors$RunnableAdapter.call(Executors.java:511)
	at java.util.concurrent.FutureTask.run(FutureTask.java:266)
	at java.util.concurrent.ThreadPoolExecutor.runWorker(ThreadPoolExecutor.java:1149)
	at java.util.concurrent.ThreadPoolExecutor$Worker.run(ThreadPoolExecutor.java:624)
	... 1 more
Caused by: org.apache.ratis.thirdparty.io.netty.channel.AbstractChannel$AnnotatedConnectException: Connection refused: /192.168.157.219:37993
	at sun.nio.ch.SocketChannelImpl.checkConnect(Native Method)
	at sun.nio.ch.SocketChannelImpl.finishConnect(SocketChannelImpl.java:717)
	at org.apache.ratis.thirdparty.io.netty.channel.socket.nio.NioSocketChannel.doFinishConnect(NioSocketChannel.java:327)
	at org.apache.ratis.thirdparty.io.netty.channel.nio.AbstractNioChannel$AbstractNioUnsafe.finishConnect(AbstractNioChannel.java:340)
	at org.apache.ratis.thirdparty.io.netty.channel.nio.NioEventLoop.processSelectedKey(NioEventLoop.java:632)
	at org.apache.ratis.thirdparty.io.netty.channel.nio.NioEventLoop.processSelectedKeysOptimized(NioEventLoop.java:579)
	at org.apache.ratis.thirdparty.io.netty.channel.nio.NioEventLoop.processSelectedKeys(NioEventLoop.java:496)
	at org.apache.ratis.thirdparty.io.netty.channel.nio.NioEventLoop.run(NioEventLoop.java:458)
	at org.apache.ratis.thirdparty.io.netty.util.concurrent.SingleThreadEventExecutor$5.run(SingleThreadEventExecutor.java:897)
	at org.apache.ratis.thirdparty.io.netty.util.concurrent.FastThreadLocalRunnable.run(FastThreadLocalRunnable.java:30)
	... 1 more
Caused by: java.net.ConnectException: Connection refused
	... 11 more
2019-11-14 19:55:52,087 [797ebefa-c895-4cb1-b191-6ff1bf83736b@group-751C019BC56F-LeaderElection16] INFO  impl.LeaderElection (LogUtils.java:infoOrTrace(149)) - 797ebefa-c895-4cb1-b191-6ff1bf83736b@group-751C019BC56F-LeaderElection16 got exception when requesting votes: {}
java.util.concurrent.ExecutionException: org.apache.ratis.thirdparty.io.grpc.StatusRuntimeException: UNAVAILABLE: io exception
	at java.util.concurrent.FutureTask.report(FutureTask.java:122)
	at java.util.concurrent.FutureTask.get(FutureTask.java:192)
	at org.apache.ratis.server.impl.LeaderElection.waitForResults(LeaderElection.java:259)
	at org.apache.ratis.server.impl.LeaderElection.askForVotes(LeaderElection.java:197)
	at org.apache.ratis.server.impl.LeaderElection.run(LeaderElection.java:133)
	at java.lang.Thread.run(Thread.java:748)
Caused by: org.apache.ratis.thirdparty.io.grpc.StatusRuntimeException: UNAVAILABLE: io exception
	at org.apache.ratis.thirdparty.io.grpc.stub.ClientCalls.toStatusRuntimeException(ClientCalls.java:233)
	at org.apache.ratis.thirdparty.io.grpc.stub.ClientCalls.getUnchecked(ClientCalls.java:214)
	at org.apache.ratis.thirdparty.io.grpc.stub.ClientCalls.blockingUnaryCall(ClientCalls.java:139)
	at org.apache.ratis.proto.grpc.RaftServerProtocolServiceGrpc$RaftServerProtocolServiceBlockingStub.requestVote(RaftServerProtocolServiceGrpc.java:265)
	at org.apache.ratis.grpc.server.GrpcServerProtocolClient.requestVote(GrpcServerProtocolClient.java:99)
	at org.apache.ratis.grpc.server.GrpcService.requestVote(GrpcService.java:204)
	at org.apache.ratis.server.impl.LeaderElection.lambda$submitRequests$1(LeaderElection.java:234)
	at java.util.concurrent.FutureTask.run(FutureTask.java:266)
	at java.util.concurrent.Executors$RunnableAdapter.call(Executors.java:511)
	at java.util.concurrent.FutureTask.run(FutureTask.java:266)
	at java.util.concurrent.ThreadPoolExecutor.runWorker(ThreadPoolExecutor.java:1149)
	at java.util.concurrent.ThreadPoolExecutor$Worker.run(ThreadPoolExecutor.java:624)
	... 1 more
Caused by: org.apache.ratis.thirdparty.io.netty.channel.AbstractChannel$AnnotatedConnectException: Connection refused: /192.168.157.219:46720
	at sun.nio.ch.SocketChannelImpl.checkConnect(Native Method)
	at sun.nio.ch.SocketChannelImpl.finishConnect(SocketChannelImpl.java:717)
	at org.apache.ratis.thirdparty.io.netty.channel.socket.nio.NioSocketChannel.doFinishConnect(NioSocketChannel.java:327)
	at org.apache.ratis.thirdparty.io.netty.channel.nio.AbstractNioChannel$AbstractNioUnsafe.finishConnect(AbstractNioChannel.java:340)
	at org.apache.ratis.thirdparty.io.netty.channel.nio.NioEventLoop.processSelectedKey(NioEventLoop.java:632)
	at org.apache.ratis.thirdparty.io.netty.channel.nio.NioEventLoop.processSelectedKeysOptimized(NioEventLoop.java:579)
	at org.apache.ratis.thirdparty.io.netty.channel.nio.NioEventLoop.processSelectedKeys(NioEventLoop.java:496)
	at org.apache.ratis.thirdparty.io.netty.channel.nio.NioEventLoop.run(NioEventLoop.java:458)
	at org.apache.ratis.thirdparty.io.netty.util.concurrent.SingleThreadEventExecutor$5.run(SingleThreadEventExecutor.java:897)
	at org.apache.ratis.thirdparty.io.netty.util.concurrent.FastThreadLocalRunnable.run(FastThreadLocalRunnable.java:30)
	... 1 more
Caused by: java.net.ConnectException: Connection refused
	... 11 more
2019-11-14 19:55:52,088 [797ebefa-c895-4cb1-b191-6ff1bf83736b@group-751C019BC56F-LeaderElection16] INFO  impl.LeaderElection (LeaderElection.java:logAndReturn(56)) - 797ebefa-c895-4cb1-b191-6ff1bf83736b@group-751C019BC56F-LeaderElection16: Election REJECTED; received 0 response(s) [] and 2 exception(s); 797ebefa-c895-4cb1-b191-6ff1bf83736b@group-751C019BC56F:t4, leader=null, voted=797ebefa-c895-4cb1-b191-6ff1bf83736b, raftlog=797ebefa-c895-4cb1-b191-6ff1bf83736b@group-751C019BC56F-SegmentedRaftLog:OPENED:c0,f0,i0, conf=0: [b117fa5f-2c4e-4381-a495-d707275fd4cd:192.168.157.219:46720, 21186c51-1475-43f8-940c-f90b4fe03024:192.168.157.219:37993, 797ebefa-c895-4cb1-b191-6ff1bf83736b:192.168.157.219:44823], old=null
2019-11-14 19:55:52,088 [797ebefa-c895-4cb1-b191-6ff1bf83736b@group-751C019BC56F-LeaderElection16] INFO  impl.LeaderElection (LogUtils.java:infoOrTrace(149)) -   Exception 0: {}
java.util.concurrent.ExecutionException: org.apache.ratis.thirdparty.io.grpc.StatusRuntimeException: UNAVAILABLE: io exception
	at java.util.concurrent.FutureTask.report(FutureTask.java:122)
	at java.util.concurrent.FutureTask.get(FutureTask.java:192)
	at org.apache.ratis.server.impl.LeaderElection.waitForResults(LeaderElection.java:259)
	at org.apache.ratis.server.impl.LeaderElection.askForVotes(LeaderElection.java:197)
	at org.apache.ratis.server.impl.LeaderElection.run(LeaderElection.java:133)
	at java.lang.Thread.run(Thread.java:748)
Caused by: org.apache.ratis.thirdparty.io.grpc.StatusRuntimeException: UNAVAILABLE: io exception
	at org.apache.ratis.thirdparty.io.grpc.stub.ClientCalls.toStatusRuntimeException(ClientCalls.java:233)
	at org.apache.ratis.thirdparty.io.grpc.stub.ClientCalls.getUnchecked(ClientCalls.java:214)
	at org.apache.ratis.thirdparty.io.grpc.stub.ClientCalls.blockingUnaryCall(ClientCalls.java:139)
	at org.apache.ratis.proto.grpc.RaftServerProtocolServiceGrpc$RaftServerProtocolServiceBlockingStub.requestVote(RaftServerProtocolServiceGrpc.java:265)
	at org.apache.ratis.grpc.server.GrpcServerProtocolClient.requestVote(GrpcServerProtocolClient.java:99)
	at org.apache.ratis.grpc.server.GrpcService.requestVote(GrpcService.java:204)
	at org.apache.ratis.server.impl.LeaderElection.lambda$submitRequests$1(LeaderElection.java:234)
	at java.util.concurrent.FutureTask.run(FutureTask.java:266)
	at java.util.concurrent.Executors$RunnableAdapter.call(Executors.java:511)
	at java.util.concurrent.FutureTask.run(FutureTask.java:266)
	at java.util.concurrent.ThreadPoolExecutor.runWorker(ThreadPoolExecutor.java:1149)
	at java.util.concurrent.ThreadPoolExecutor$Worker.run(ThreadPoolExecutor.java:624)
	... 1 more
Caused by: org.apache.ratis.thirdparty.io.netty.channel.AbstractChannel$AnnotatedConnectException: Connection refused: /192.168.157.219:37993
	at sun.nio.ch.SocketChannelImpl.checkConnect(Native Method)
	at sun.nio.ch.SocketChannelImpl.finishConnect(SocketChannelImpl.java:717)
	at org.apache.ratis.thirdparty.io.netty.channel.socket.nio.NioSocketChannel.doFinishConnect(NioSocketChannel.java:327)
	at org.apache.ratis.thirdparty.io.netty.channel.nio.AbstractNioChannel$AbstractNioUnsafe.finishConnect(AbstractNioChannel.java:340)
	at org.apache.ratis.thirdparty.io.netty.channel.nio.NioEventLoop.processSelectedKey(NioEventLoop.java:632)
	at org.apache.ratis.thirdparty.io.netty.channel.nio.NioEventLoop.processSelectedKeysOptimized(NioEventLoop.java:579)
	at org.apache.ratis.thirdparty.io.netty.channel.nio.NioEventLoop.processSelectedKeys(NioEventLoop.java:496)
	at org.apache.ratis.thirdparty.io.netty.channel.nio.NioEventLoop.run(NioEventLoop.java:458)
	at org.apache.ratis.thirdparty.io.netty.util.concurrent.SingleThreadEventExecutor$5.run(SingleThreadEventExecutor.java:897)
	at org.apache.ratis.thirdparty.io.netty.util.concurrent.FastThreadLocalRunnable.run(FastThreadLocalRunnable.java:30)
	... 1 more
Caused by: java.net.ConnectException: Connection refused
	... 11 more
2019-11-14 19:55:52,088 [797ebefa-c895-4cb1-b191-6ff1bf83736b@group-751C019BC56F-LeaderElection16] INFO  impl.LeaderElection (LogUtils.java:infoOrTrace(149)) -   Exception 1: {}
java.util.concurrent.ExecutionException: org.apache.ratis.thirdparty.io.grpc.StatusRuntimeException: UNAVAILABLE: io exception
	at java.util.concurrent.FutureTask.report(FutureTask.java:122)
	at java.util.concurrent.FutureTask.get(FutureTask.java:192)
	at org.apache.ratis.server.impl.LeaderElection.waitForResults(LeaderElection.java:259)
	at org.apache.ratis.server.impl.LeaderElection.askForVotes(LeaderElection.java:197)
	at org.apache.ratis.server.impl.LeaderElection.run(LeaderElection.java:133)
	at java.lang.Thread.run(Thread.java:748)
Caused by: org.apache.ratis.thirdparty.io.grpc.StatusRuntimeException: UNAVAILABLE: io exception
	at org.apache.ratis.thirdparty.io.grpc.stub.ClientCalls.toStatusRuntimeException(ClientCalls.java:233)
	at org.apache.ratis.thirdparty.io.grpc.stub.ClientCalls.getUnchecked(ClientCalls.java:214)
	at org.apache.ratis.thirdparty.io.grpc.stub.ClientCalls.blockingUnaryCall(ClientCalls.java:139)
	at org.apache.ratis.proto.grpc.RaftServerProtocolServiceGrpc$RaftServerProtocolServiceBlockingStub.requestVote(RaftServerProtocolServiceGrpc.java:265)
	at org.apache.ratis.grpc.server.GrpcServerProtocolClient.requestVote(GrpcServerProtocolClient.java:99)
	at org.apache.ratis.grpc.server.GrpcService.requestVote(GrpcService.java:204)
	at org.apache.ratis.server.impl.LeaderElection.lambda$submitRequests$1(LeaderElection.java:234)
	at java.util.concurrent.FutureTask.run(FutureTask.java:266)
	at java.util.concurrent.Executors$RunnableAdapter.call(Executors.java:511)
	at java.util.concurrent.FutureTask.run(FutureTask.java:266)
	at java.util.concurrent.ThreadPoolExecutor.runWorker(ThreadPoolExecutor.java:1149)
	at java.util.concurrent.ThreadPoolExecutor$Worker.run(ThreadPoolExecutor.java:624)
	... 1 more
Caused by: org.apache.ratis.thirdparty.io.netty.channel.AbstractChannel$AnnotatedConnectException: Connection refused: /192.168.157.219:46720
	at sun.nio.ch.SocketChannelImpl.checkConnect(Native Method)
	at sun.nio.ch.SocketChannelImpl.finishConnect(SocketChannelImpl.java:717)
	at org.apache.ratis.thirdparty.io.netty.channel.socket.nio.NioSocketChannel.doFinishConnect(NioSocketChannel.java:327)
	at org.apache.ratis.thirdparty.io.netty.channel.nio.AbstractNioChannel$AbstractNioUnsafe.finishConnect(AbstractNioChannel.java:340)
	at org.apache.ratis.thirdparty.io.netty.channel.nio.NioEventLoop.processSelectedKey(NioEventLoop.java:632)
	at org.apache.ratis.thirdparty.io.netty.channel.nio.NioEventLoop.processSelectedKeysOptimized(NioEventLoop.java:579)
	at org.apache.ratis.thirdparty.io.netty.channel.nio.NioEventLoop.processSelectedKeys(NioEventLoop.java:496)
	at org.apache.ratis.thirdparty.io.netty.channel.nio.NioEventLoop.run(NioEventLoop.java:458)
	at org.apache.ratis.thirdparty.io.netty.util.concurrent.SingleThreadEventExecutor$5.run(SingleThreadEventExecutor.java:897)
	at org.apache.ratis.thirdparty.io.netty.util.concurrent.FastThreadLocalRunnable.run(FastThreadLocalRunnable.java:30)
	... 1 more
Caused by: java.net.ConnectException: Connection refused
	... 11 more
2019-11-14 19:55:52,089 [797ebefa-c895-4cb1-b191-6ff1bf83736b@group-751C019BC56F-LeaderElection16] INFO  impl.RaftServerImpl (RaftServerImpl.java:setRole(173)) - 797ebefa-c895-4cb1-b191-6ff1bf83736b@group-751C019BC56F: changes role from CANDIDATE to FOLLOWER at term 4 for DISCOVERED_A_NEW_TERM
2019-11-14 19:55:52,089 [797ebefa-c895-4cb1-b191-6ff1bf83736b@group-751C019BC56F-LeaderElection16] INFO  impl.RoleInfo (RoleInfo.java:shutdownLeaderElection(134)) - 797ebefa-c895-4cb1-b191-6ff1bf83736b: shutdown LeaderElection
2019-11-14 19:55:52,089 [797ebefa-c895-4cb1-b191-6ff1bf83736b@group-751C019BC56F-LeaderElection16] INFO  impl.RoleInfo (RoleInfo.java:updateAndGet(143)) - 797ebefa-c895-4cb1-b191-6ff1bf83736b: start FollowerState
2019-11-14 19:55:53,269 [Thread-517] INFO  impl.FollowerState (FollowerState.java:run(111)) - 797ebefa-c895-4cb1-b191-6ff1bf83736b@group-751C019BC56F-FollowerState: change to CANDIDATE, lastRpcTime:1179ms, electionTimeout:1179ms
2019-11-14 19:55:53,275 [Thread-517] INFO  impl.RoleInfo (RoleInfo.java:shutdownFollowerState(121)) - 797ebefa-c895-4cb1-b191-6ff1bf83736b: shutdown FollowerState
2019-11-14 19:55:53,275 [Thread-517] INFO  impl.RaftServerImpl (RaftServerImpl.java:setRole(173)) - 797ebefa-c895-4cb1-b191-6ff1bf83736b@group-751C019BC56F: changes role from  FOLLOWER to CANDIDATE at term 4 for changeToCandidate
2019-11-14 19:55:53,276 [Thread-517] INFO  impl.RoleInfo (RoleInfo.java:updateAndGet(143)) - 797ebefa-c895-4cb1-b191-6ff1bf83736b: start LeaderElection
2019-11-14 19:55:53,481 [java.util.concurrent.ThreadPoolExecutor$Worker@7df6485a[State = -1, empty queue]] WARN  server.GrpcLogAppender (GrpcLogAppender.java:timeoutAppendRequest(211)) - 0203d6eb-35d8-4784-bff3-7fee374bf3e2@group-2E326D391161->b74b6e41-b4f8-4f70-a45a-58780751dbf1-GrpcLogAppender: appendEntries Timeout, request=AppendEntriesRequest:cid=42,entriesCount=0,lastEntry=null
2019-11-14 19:55:55,101 [797ebefa-c895-4cb1-b191-6ff1bf83736b@group-751C019BC56F-LeaderElection17] INFO  impl.LeaderElection (LeaderElection.java:askForVotes(178)) - 797ebefa-c895-4cb1-b191-6ff1bf83736b@group-751C019BC56F-LeaderElection17: begin an election at term 5 for 0: [b117fa5f-2c4e-4381-a495-d707275fd4cd:192.168.157.219:46720, 21186c51-1475-43f8-940c-f90b4fe03024:192.168.157.219:37993, 797ebefa-c895-4cb1-b191-6ff1bf83736b:192.168.157.219:44823], old=null
2019-11-14 19:55:55,104 [797ebefa-c895-4cb1-b191-6ff1bf83736b@group-751C019BC56F-LeaderElection17] INFO  impl.LeaderElection (LogUtils.java:infoOrTrace(149)) - 797ebefa-c895-4cb1-b191-6ff1bf83736b@group-751C019BC56F-LeaderElection17 got exception when requesting votes: {}
java.util.concurrent.ExecutionException: org.apache.ratis.thirdparty.io.grpc.StatusRuntimeException: UNAVAILABLE: io exception
	at java.util.concurrent.FutureTask.report(FutureTask.java:122)
	at java.util.concurrent.FutureTask.get(FutureTask.java:192)
	at org.apache.ratis.server.impl.LeaderElection.waitForResults(LeaderElection.java:259)
	at org.apache.ratis.server.impl.LeaderElection.askForVotes(LeaderElection.java:197)
	at org.apache.ratis.server.impl.LeaderElection.run(LeaderElection.java:133)
	at java.lang.Thread.run(Thread.java:748)
Caused by: org.apache.ratis.thirdparty.io.grpc.StatusRuntimeException: UNAVAILABLE: io exception
	at org.apache.ratis.thirdparty.io.grpc.stub.ClientCalls.toStatusRuntimeException(ClientCalls.java:233)
	at org.apache.ratis.thirdparty.io.grpc.stub.ClientCalls.getUnchecked(ClientCalls.java:214)
	at org.apache.ratis.thirdparty.io.grpc.stub.ClientCalls.blockingUnaryCall(ClientCalls.java:139)
	at org.apache.ratis.proto.grpc.RaftServerProtocolServiceGrpc$RaftServerProtocolServiceBlockingStub.requestVote(RaftServerProtocolServiceGrpc.java:265)
	at org.apache.ratis.grpc.server.GrpcServerProtocolClient.requestVote(GrpcServerProtocolClient.java:99)
	at org.apache.ratis.grpc.server.GrpcService.requestVote(GrpcService.java:204)
	at org.apache.ratis.server.impl.LeaderElection.lambda$submitRequests$1(LeaderElection.java:234)
	at java.util.concurrent.FutureTask.run(FutureTask.java:266)
	at java.util.concurrent.Executors$RunnableAdapter.call(Executors.java:511)
	at java.util.concurrent.FutureTask.run(FutureTask.java:266)
	at java.util.concurrent.ThreadPoolExecutor.runWorker(ThreadPoolExecutor.java:1149)
	at java.util.concurrent.ThreadPoolExecutor$Worker.run(ThreadPoolExecutor.java:624)
	... 1 more
Caused by: org.apache.ratis.thirdparty.io.netty.channel.AbstractChannel$AnnotatedConnectException: Connection refused: /192.168.157.219:37993
	at sun.nio.ch.SocketChannelImpl.checkConnect(Native Method)
	at sun.nio.ch.SocketChannelImpl.finishConnect(SocketChannelImpl.java:717)
	at org.apache.ratis.thirdparty.io.netty.channel.socket.nio.NioSocketChannel.doFinishConnect(NioSocketChannel.java:327)
	at org.apache.ratis.thirdparty.io.netty.channel.nio.AbstractNioChannel$AbstractNioUnsafe.finishConnect(AbstractNioChannel.java:340)
	at org.apache.ratis.thirdparty.io.netty.channel.nio.NioEventLoop.processSelectedKey(NioEventLoop.java:632)
	at org.apache.ratis.thirdparty.io.netty.channel.nio.NioEventLoop.processSelectedKeysOptimized(NioEventLoop.java:579)
	at org.apache.ratis.thirdparty.io.netty.channel.nio.NioEventLoop.processSelectedKeys(NioEventLoop.java:496)
	at org.apache.ratis.thirdparty.io.netty.channel.nio.NioEventLoop.run(NioEventLoop.java:458)
	at org.apache.ratis.thirdparty.io.netty.util.concurrent.SingleThreadEventExecutor$5.run(SingleThreadEventExecutor.java:897)
	at org.apache.ratis.thirdparty.io.netty.util.concurrent.FastThreadLocalRunnable.run(FastThreadLocalRunnable.java:30)
	... 1 more
Caused by: java.net.ConnectException: Connection refused
	... 11 more
2019-11-14 19:55:55,106 [797ebefa-c895-4cb1-b191-6ff1bf83736b@group-751C019BC56F-LeaderElection17] INFO  impl.LeaderElection (LogUtils.java:infoOrTrace(149)) - 797ebefa-c895-4cb1-b191-6ff1bf83736b@group-751C019BC56F-LeaderElection17 got exception when requesting votes: {}
java.util.concurrent.ExecutionException: org.apache.ratis.thirdparty.io.grpc.StatusRuntimeException: UNAVAILABLE: io exception
	at java.util.concurrent.FutureTask.report(FutureTask.java:122)
	at java.util.concurrent.FutureTask.get(FutureTask.java:192)
	at org.apache.ratis.server.impl.LeaderElection.waitForResults(LeaderElection.java:259)
	at org.apache.ratis.server.impl.LeaderElection.askForVotes(LeaderElection.java:197)
	at org.apache.ratis.server.impl.LeaderElection.run(LeaderElection.java:133)
	at java.lang.Thread.run(Thread.java:748)
Caused by: org.apache.ratis.thirdparty.io.grpc.StatusRuntimeException: UNAVAILABLE: io exception
	at org.apache.ratis.thirdparty.io.grpc.stub.ClientCalls.toStatusRuntimeException(ClientCalls.java:233)
	at org.apache.ratis.thirdparty.io.grpc.stub.ClientCalls.getUnchecked(ClientCalls.java:214)
	at org.apache.ratis.thirdparty.io.grpc.stub.ClientCalls.blockingUnaryCall(ClientCalls.java:139)
	at org.apache.ratis.proto.grpc.RaftServerProtocolServiceGrpc$RaftServerProtocolServiceBlockingStub.requestVote(RaftServerProtocolServiceGrpc.java:265)
	at org.apache.ratis.grpc.server.GrpcServerProtocolClient.requestVote(GrpcServerProtocolClient.java:99)
	at org.apache.ratis.grpc.server.GrpcService.requestVote(GrpcService.java:204)
	at org.apache.ratis.server.impl.LeaderElection.lambda$submitRequests$1(LeaderElection.java:234)
	at java.util.concurrent.FutureTask.run(FutureTask.java:266)
	at java.util.concurrent.Executors$RunnableAdapter.call(Executors.java:511)
	at java.util.concurrent.FutureTask.run(FutureTask.java:266)
	at java.util.concurrent.ThreadPoolExecutor.runWorker(ThreadPoolExecutor.java:1149)
	at java.util.concurrent.ThreadPoolExecutor$Worker.run(ThreadPoolExecutor.java:624)
	... 1 more
Caused by: org.apache.ratis.thirdparty.io.netty.channel.AbstractChannel$AnnotatedConnectException: Connection refused: /192.168.157.219:46720
	at sun.nio.ch.SocketChannelImpl.checkConnect(Native Method)
	at sun.nio.ch.SocketChannelImpl.finishConnect(SocketChannelImpl.java:717)
	at org.apache.ratis.thirdparty.io.netty.channel.socket.nio.NioSocketChannel.doFinishConnect(NioSocketChannel.java:327)
	at org.apache.ratis.thirdparty.io.netty.channel.nio.AbstractNioChannel$AbstractNioUnsafe.finishConnect(AbstractNioChannel.java:340)
	at org.apache.ratis.thirdparty.io.netty.channel.nio.NioEventLoop.processSelectedKey(NioEventLoop.java:632)
	at org.apache.ratis.thirdparty.io.netty.channel.nio.NioEventLoop.processSelectedKeysOptimized(NioEventLoop.java:579)
	at org.apache.ratis.thirdparty.io.netty.channel.nio.NioEventLoop.processSelectedKeys(NioEventLoop.java:496)
	at org.apache.ratis.thirdparty.io.netty.channel.nio.NioEventLoop.run(NioEventLoop.java:458)
	at org.apache.ratis.thirdparty.io.netty.util.concurrent.SingleThreadEventExecutor$5.run(SingleThreadEventExecutor.java:897)
	at org.apache.ratis.thirdparty.io.netty.util.concurrent.FastThreadLocalRunnable.run(FastThreadLocalRunnable.java:30)
	... 1 more
Caused by: java.net.ConnectException: Connection refused
	... 11 more
2019-11-14 19:55:55,111 [797ebefa-c895-4cb1-b191-6ff1bf83736b@group-751C019BC56F-LeaderElection17] INFO  impl.LeaderElection (LeaderElection.java:logAndReturn(56)) - 797ebefa-c895-4cb1-b191-6ff1bf83736b@group-751C019BC56F-LeaderElection17: Election REJECTED; received 0 response(s) [] and 2 exception(s); 797ebefa-c895-4cb1-b191-6ff1bf83736b@group-751C019BC56F:t5, leader=null, voted=797ebefa-c895-4cb1-b191-6ff1bf83736b, raftlog=797ebefa-c895-4cb1-b191-6ff1bf83736b@group-751C019BC56F-SegmentedRaftLog:OPENED:c0,f0,i0, conf=0: [b117fa5f-2c4e-4381-a495-d707275fd4cd:192.168.157.219:46720, 21186c51-1475-43f8-940c-f90b4fe03024:192.168.157.219:37993, 797ebefa-c895-4cb1-b191-6ff1bf83736b:192.168.157.219:44823], old=null
2019-11-14 19:55:55,111 [797ebefa-c895-4cb1-b191-6ff1bf83736b@group-751C019BC56F-LeaderElection17] INFO  impl.LeaderElection (LogUtils.java:infoOrTrace(149)) -   Exception 0: {}
java.util.concurrent.ExecutionException: org.apache.ratis.thirdparty.io.grpc.StatusRuntimeException: UNAVAILABLE: io exception
	at java.util.concurrent.FutureTask.report(FutureTask.java:122)
	at java.util.concurrent.FutureTask.get(FutureTask.java:192)
	at org.apache.ratis.server.impl.LeaderElection.waitForResults(LeaderElection.java:259)
	at org.apache.ratis.server.impl.LeaderElection.askForVotes(LeaderElection.java:197)
	at org.apache.ratis.server.impl.LeaderElection.run(LeaderElection.java:133)
	at java.lang.Thread.run(Thread.java:748)
Caused by: org.apache.ratis.thirdparty.io.grpc.StatusRuntimeException: UNAVAILABLE: io exception
	at org.apache.ratis.thirdparty.io.grpc.stub.ClientCalls.toStatusRuntimeException(ClientCalls.java:233)
	at org.apache.ratis.thirdparty.io.grpc.stub.ClientCalls.getUnchecked(ClientCalls.java:214)
	at org.apache.ratis.thirdparty.io.grpc.stub.ClientCalls.blockingUnaryCall(ClientCalls.java:139)
	at org.apache.ratis.proto.grpc.RaftServerProtocolServiceGrpc$RaftServerProtocolServiceBlockingStub.requestVote(RaftServerProtocolServiceGrpc.java:265)
	at org.apache.ratis.grpc.server.GrpcServerProtocolClient.requestVote(GrpcServerProtocolClient.java:99)
	at org.apache.ratis.grpc.server.GrpcService.requestVote(GrpcService.java:204)
	at org.apache.ratis.server.impl.LeaderElection.lambda$submitRequests$1(LeaderElection.java:234)
	at java.util.concurrent.FutureTask.run(FutureTask.java:266)
	at java.util.concurrent.Executors$RunnableAdapter.call(Executors.java:511)
	at java.util.concurrent.FutureTask.run(FutureTask.java:266)
	at java.util.concurrent.ThreadPoolExecutor.runWorker(ThreadPoolExecutor.java:1149)
	at java.util.concurrent.ThreadPoolExecutor$Worker.run(ThreadPoolExecutor.java:624)
	... 1 more
Caused by: org.apache.ratis.thirdparty.io.netty.channel.AbstractChannel$AnnotatedConnectException: Connection refused: /192.168.157.219:37993
	at sun.nio.ch.SocketChannelImpl.checkConnect(Native Method)
	at sun.nio.ch.SocketChannelImpl.finishConnect(SocketChannelImpl.java:717)
	at org.apache.ratis.thirdparty.io.netty.channel.socket.nio.NioSocketChannel.doFinishConnect(NioSocketChannel.java:327)
	at org.apache.ratis.thirdparty.io.netty.channel.nio.AbstractNioChannel$AbstractNioUnsafe.finishConnect(AbstractNioChannel.java:340)
	at org.apache.ratis.thirdparty.io.netty.channel.nio.NioEventLoop.processSelectedKey(NioEventLoop.java:632)
	at org.apache.ratis.thirdparty.io.netty.channel.nio.NioEventLoop.processSelectedKeysOptimized(NioEventLoop.java:579)
	at org.apache.ratis.thirdparty.io.netty.channel.nio.NioEventLoop.processSelectedKeys(NioEventLoop.java:496)
	at org.apache.ratis.thirdparty.io.netty.channel.nio.NioEventLoop.run(NioEventLoop.java:458)
	at org.apache.ratis.thirdparty.io.netty.util.concurrent.SingleThreadEventExecutor$5.run(SingleThreadEventExecutor.java:897)
	at org.apache.ratis.thirdparty.io.netty.util.concurrent.FastThreadLocalRunnable.run(FastThreadLocalRunnable.java:30)
	... 1 more
Caused by: java.net.ConnectException: Connection refused
	... 11 more
2019-11-14 19:55:55,112 [797ebefa-c895-4cb1-b191-6ff1bf83736b@group-751C019BC56F-LeaderElection17] INFO  impl.LeaderElection (LogUtils.java:infoOrTrace(149)) -   Exception 1: {}
java.util.concurrent.ExecutionException: org.apache.ratis.thirdparty.io.grpc.StatusRuntimeException: UNAVAILABLE: io exception
	at java.util.concurrent.FutureTask.report(FutureTask.java:122)
	at java.util.concurrent.FutureTask.get(FutureTask.java:192)
	at org.apache.ratis.server.impl.LeaderElection.waitForResults(LeaderElection.java:259)
	at org.apache.ratis.server.impl.LeaderElection.askForVotes(LeaderElection.java:197)
	at org.apache.ratis.server.impl.LeaderElection.run(LeaderElection.java:133)
	at java.lang.Thread.run(Thread.java:748)
Caused by: org.apache.ratis.thirdparty.io.grpc.StatusRuntimeException: UNAVAILABLE: io exception
	at org.apache.ratis.thirdparty.io.grpc.stub.ClientCalls.toStatusRuntimeException(ClientCalls.java:233)
	at org.apache.ratis.thirdparty.io.grpc.stub.ClientCalls.getUnchecked(ClientCalls.java:214)
	at org.apache.ratis.thirdparty.io.grpc.stub.ClientCalls.blockingUnaryCall(ClientCalls.java:139)
	at org.apache.ratis.proto.grpc.RaftServerProtocolServiceGrpc$RaftServerProtocolServiceBlockingStub.requestVote(RaftServerProtocolServiceGrpc.java:265)
	at org.apache.ratis.grpc.server.GrpcServerProtocolClient.requestVote(GrpcServerProtocolClient.java:99)
	at org.apache.ratis.grpc.server.GrpcService.requestVote(GrpcService.java:204)
	at org.apache.ratis.server.impl.LeaderElection.lambda$submitRequests$1(LeaderElection.java:234)
	at java.util.concurrent.FutureTask.run(FutureTask.java:266)
	at java.util.concurrent.Executors$RunnableAdapter.call(Executors.java:511)
	at java.util.concurrent.FutureTask.run(FutureTask.java:266)
	at java.util.concurrent.ThreadPoolExecutor.runWorker(ThreadPoolExecutor.java:1149)
	at java.util.concurrent.ThreadPoolExecutor$Worker.run(ThreadPoolExecutor.java:624)
	... 1 more
Caused by: org.apache.ratis.thirdparty.io.netty.channel.AbstractChannel$AnnotatedConnectException: Connection refused: /192.168.157.219:46720
	at sun.nio.ch.SocketChannelImpl.checkConnect(Native Method)
	at sun.nio.ch.SocketChannelImpl.finishConnect(SocketChannelImpl.java:717)
	at org.apache.ratis.thirdparty.io.netty.channel.socket.nio.NioSocketChannel.doFinishConnect(NioSocketChannel.java:327)
	at org.apache.ratis.thirdparty.io.netty.channel.nio.AbstractNioChannel$AbstractNioUnsafe.finishConnect(AbstractNioChannel.java:340)
	at org.apache.ratis.thirdparty.io.netty.channel.nio.NioEventLoop.processSelectedKey(NioEventLoop.java:632)
	at org.apache.ratis.thirdparty.io.netty.channel.nio.NioEventLoop.processSelectedKeysOptimized(NioEventLoop.java:579)
	at org.apache.ratis.thirdparty.io.netty.channel.nio.NioEventLoop.processSelectedKeys(NioEventLoop.java:496)
	at org.apache.ratis.thirdparty.io.netty.channel.nio.NioEventLoop.run(NioEventLoop.java:458)
	at org.apache.ratis.thirdparty.io.netty.util.concurrent.SingleThreadEventExecutor$5.run(SingleThreadEventExecutor.java:897)
	at org.apache.ratis.thirdparty.io.netty.util.concurrent.FastThreadLocalRunnable.run(FastThreadLocalRunnable.java:30)
	... 1 more
Caused by: java.net.ConnectException: Connection refused
	... 11 more
2019-11-14 19:55:55,113 [797ebefa-c895-4cb1-b191-6ff1bf83736b@group-751C019BC56F-LeaderElection17] INFO  impl.RaftServerImpl (RaftServerImpl.java:setRole(173)) - 797ebefa-c895-4cb1-b191-6ff1bf83736b@group-751C019BC56F: changes role from CANDIDATE to FOLLOWER at term 5 for DISCOVERED_A_NEW_TERM
2019-11-14 19:55:55,113 [797ebefa-c895-4cb1-b191-6ff1bf83736b@group-751C019BC56F-LeaderElection17] INFO  impl.RoleInfo (RoleInfo.java:shutdownLeaderElection(134)) - 797ebefa-c895-4cb1-b191-6ff1bf83736b: shutdown LeaderElection
2019-11-14 19:55:55,113 [797ebefa-c895-4cb1-b191-6ff1bf83736b@group-751C019BC56F-LeaderElection17] INFO  impl.RoleInfo (RoleInfo.java:updateAndGet(143)) - 797ebefa-c895-4cb1-b191-6ff1bf83736b: start FollowerState
2019-11-14 19:55:55,538 [ForkJoinPool.commonPool-worker-1] INFO  ozoneimpl.OzoneContainer (OzoneContainer.java:stop(244)) - Attempting to stop container services.
2019-11-14 19:55:55,538 [main] INFO  ozoneimpl.OzoneContainer (OzoneContainer.java:stop(244)) - Attempting to stop container services.
2019-11-14 19:55:55,540 [ForkJoinPool.commonPool-worker-1] INFO  impl.RaftServerProxy (RaftServerProxy.java:lambda$close$4(314)) - 797ebefa-c895-4cb1-b191-6ff1bf83736b: close
2019-11-14 19:55:55,540 [main] INFO  impl.RaftServerProxy (RaftServerProxy.java:lambda$close$4(314)) - d1efd8be-ce31-4557-9fee-229618fc51cc: close
2019-11-14 19:55:55,540 [ForkJoinPool.commonPool-worker-1] INFO  impl.RaftServerImpl (RaftServerImpl.java:lambda$shutdown$3(250)) - 797ebefa-c895-4cb1-b191-6ff1bf83736b@group-751C019BC56F: shutdown
2019-11-14 19:55:55,541 [main] INFO  server.GrpcService (GrpcService.java:closeImpl(164)) - d1efd8be-ce31-4557-9fee-229618fc51cc: shutdown server with port 34373 now
2019-11-14 19:55:55,541 [ForkJoinPool.commonPool-worker-1] INFO  util.JmxRegister (JmxRegister.java:unregister(73)) - Successfully un-registered JMX Bean with object name Ratis:service=RaftServer,group=group-751C019BC56F,id=797ebefa-c895-4cb1-b191-6ff1bf83736b
2019-11-14 19:55:55,541 [ForkJoinPool.commonPool-worker-1] INFO  impl.RoleInfo (RoleInfo.java:shutdownFollowerState(121)) - 797ebefa-c895-4cb1-b191-6ff1bf83736b: shutdown FollowerState
2019-11-14 19:55:55,542 [main] INFO  server.GrpcService (GrpcService.java:closeImpl(172)) - d1efd8be-ce31-4557-9fee-229618fc51cc: shutdown server with port 34373 successfully
2019-11-14 19:55:55,542 [Thread-521] INFO  impl.FollowerState (FollowerState.java:run(120)) - 797ebefa-c895-4cb1-b191-6ff1bf83736b@group-751C019BC56F-FollowerState was interrupted: java.lang.InterruptedException: sleep interrupted
2019-11-14 19:55:55,542 [ForkJoinPool.commonPool-worker-1] INFO  impl.StateMachineUpdater (StateMachineUpdater.java:stopAndJoin(136)) - 797ebefa-c895-4cb1-b191-6ff1bf83736b@group-751C019BC56F-StateMachineUpdater: set stopIndex = 0
2019-11-14 19:55:55,544 [ForkJoinPool.commonPool-worker-1] INFO  impl.RaftServerImpl (ServerState.java:close(387)) - 797ebefa-c895-4cb1-b191-6ff1bf83736b@group-751C019BC56F: closes. applyIndex: 0
2019-11-14 19:55:55,544 [797ebefa-c895-4cb1-b191-6ff1bf83736b@group-751C019BC56F-SegmentedRaftLogWorker] INFO  segmented.SegmentedRaftLogWorker (SegmentedRaftLogWorker.java:run(316)) - 797ebefa-c895-4cb1-b191-6ff1bf83736b@group-751C019BC56F-SegmentedRaftLogWorker was interrupted, exiting. There are 0 tasks remaining in the queue.
2019-11-14 19:55:55,544 [ForkJoinPool.commonPool-worker-1] INFO  segmented.SegmentedRaftLogWorker (SegmentedRaftLogWorker.java:close(224)) - 797ebefa-c895-4cb1-b191-6ff1bf83736b@group-751C019BC56F-SegmentedRaftLogWorker close()
2019-11-14 19:55:55,545 [ForkJoinPool.commonPool-worker-1] INFO  server.GrpcService (GrpcService.java:closeImpl(164)) - 797ebefa-c895-4cb1-b191-6ff1bf83736b: shutdown server with port 44823 now
2019-11-14 19:55:55,546 [ForkJoinPool.commonPool-worker-1] INFO  server.GrpcService (GrpcService.java:closeImpl(172)) - 797ebefa-c895-4cb1-b191-6ff1bf83736b: shutdown server with port 44823 successfully
2019-11-14 19:55:55,549 [refreshUsed-/workdir/hadoop-ozone/integration-test/target/test-dir/MiniOzoneClusterImpl-4164cd2a-9f03-471b-8431-fd84a2e2cb62/datanode-1/data/containers] WARN  fs.CachingGetSpaceUsed (CachingGetSpaceUsed.java:run(183)) - Thread Interrupted waiting to refresh disk information: sleep interrupted
2019-11-14 19:55:55,556 [refreshUsed-/workdir/hadoop-ozone/integration-test/target/test-dir/MiniOzoneClusterImpl-4164cd2a-9f03-471b-8431-fd84a2e2cb62/datanode-7/data/containers] WARN  fs.CachingGetSpaceUsed (CachingGetSpaceUsed.java:run(183)) - Thread Interrupted waiting to refresh disk information: sleep interrupted
2019-11-14 19:55:55,574 [ForkJoinPool.commonPool-worker-1] INFO  utils.BackgroundService (BackgroundService.java:shutdown(151)) - Shutting down service BlockDeletingService
2019-11-14 19:55:55,574 [main] INFO  utils.BackgroundService (BackgroundService.java:shutdown(151)) - Shutting down service BlockDeletingService
2019-11-14 19:55:55,577 [ForkJoinPool.commonPool-worker-1] INFO  statemachine.DatanodeStateMachine (DatanodeStateMachine.java:stopDaemon(400)) - Ozone container server stopped.
2019-11-14 19:55:55,578 [main] INFO  statemachine.DatanodeStateMachine (DatanodeStateMachine.java:stopDaemon(400)) - Ozone container server stopped.
2019-11-14 19:55:55,580 [ForkJoinPool.commonPool-worker-1] INFO  handler.ContextHandler (ContextHandler.java:doStop(910)) - Stopped o.e.j.w.WebAppContext@277bf091{/,null,UNAVAILABLE}{/hddsDatanode}
2019-11-14 19:55:55,580 [main] INFO  handler.ContextHandler (ContextHandler.java:doStop(910)) - Stopped o.e.j.w.WebAppContext@31ddb930{/,null,UNAVAILABLE}{/hddsDatanode}
2019-11-14 19:55:55,581 [main] INFO  server.AbstractConnector (AbstractConnector.java:doStop(318)) - Stopped ServerConnector@12eedfee{HTTP/1.1,[http/1.1]}{0.0.0.0:0}
2019-11-14 19:55:55,581 [ForkJoinPool.commonPool-worker-1] INFO  server.AbstractConnector (AbstractConnector.java:doStop(318)) - Stopped ServerConnector@fab35b1{HTTP/1.1,[http/1.1]}{0.0.0.0:0}
2019-11-14 19:55:55,582 [main] INFO  handler.ContextHandler (ContextHandler.java:doStop(910)) - Stopped o.e.j.s.ServletContextHandler@127a7272{/static,jar:file:/home/user/.m2/repository/org/apache/hadoop/hadoop-hdds-container-service/0.5.0-SNAPSHOT/hadoop-hdds-container-service-0.5.0-SNAPSHOT.jar!/webapps/static,UNAVAILABLE}
2019-11-14 19:55:55,582 [ForkJoinPool.commonPool-worker-1] INFO  handler.ContextHandler (ContextHandler.java:doStop(910)) - Stopped o.e.j.s.ServletContextHandler@1292071f{/static,jar:file:/home/user/.m2/repository/org/apache/hadoop/hadoop-hdds-container-service/0.5.0-SNAPSHOT/hadoop-hdds-container-service-0.5.0-SNAPSHOT.jar!/webapps/static,UNAVAILABLE}
2019-11-14 19:55:55,583 [main] INFO  handler.ContextHandler (ContextHandler.java:doStop(910)) - Stopped o.e.j.s.ServletContextHandler@56637cff{/logs,file:///workdir/hadoop-ozone/integration-test/target/log,UNAVAILABLE}
2019-11-14 19:55:55,583 [ForkJoinPool.commonPool-worker-1] INFO  handler.ContextHandler (ContextHandler.java:doStop(910)) - Stopped o.e.j.s.ServletContextHandler@4674d90{/logs,file:///workdir/hadoop-ozone/integration-test/target/log,UNAVAILABLE}
2019-11-14 19:55:55,585 [main] INFO  ozone.MiniOzoneClusterImpl (MiniOzoneClusterImpl.java:stopSCM(430)) - Stopping the StorageContainerManager
2019-11-14 19:55:55,586 [main] INFO  server.StorageContainerManager (StorageContainerManager.java:stop(804)) - Stopping Replication Manager Service.
2019-11-14 19:55:55,586 [main] INFO  container.ReplicationManager (ReplicationManager.java:stop(203)) - Stopping Replication Monitor Thread.
2019-11-14 19:55:55,586 [main] INFO  server.StorageContainerManager (StorageContainerManager.java:stop(811)) - Stopping Lease Manager of the command watchers
2019-11-14 19:55:55,586 [main] INFO  server.StorageContainerManager (StorageContainerManager.java:stop(818)) - Stopping datanode service RPC server
2019-11-14 19:55:55,587 [main] INFO  server.SCMDatanodeProtocolServer (SCMDatanodeProtocolServer.java:stop(346)) - Stopping the RPC server for DataNodes
2019-11-14 19:55:55,587 [main] INFO  ipc.Server (Server.java:stop(3082)) - Stopping server on 44295
2019-11-14 19:55:55,589 [IPC Server listener on 44295] INFO  ipc.Server (Server.java:run(1185)) - Stopping IPC Server listener on 44295
2019-11-14 19:55:55,589 [IPC Server Responder] INFO  ipc.Server (Server.java:run(1319)) - Stopping IPC Server Responder
2019-11-14 19:55:55,665 [SCM Heartbeat Processing Thread - 0] WARN  node.NodeStateManager (NodeStateManager.java:scheduleNextHealthCheck(646)) - Current Thread is interrupted, shutting down HB processing thread for Node Manager.
2019-11-14 19:55:55,665 [main] INFO  server.StorageContainerManager (StorageContainerManager.java:stop(826)) - Stopping block service RPC server
2019-11-14 19:55:55,666 [main] INFO  server.SCMBlockProtocolServer (SCMBlockProtocolServer.java:stop(155)) - Stopping the RPC server for Block Protocol
2019-11-14 19:55:55,666 [main] INFO  ipc.Server (Server.java:stop(3082)) - Stopping server on 46718
2019-11-14 19:55:55,667 [IPC Server listener on 46718] INFO  ipc.Server (Server.java:run(1185)) - Stopping IPC Server listener on 46718
2019-11-14 19:55:55,667 [main] INFO  server.StorageContainerManager (StorageContainerManager.java:stop(833)) - Stopping the StorageContainerLocationProtocol RPC server
2019-11-14 19:55:55,668 [IPC Server Responder] INFO  ipc.Server (Server.java:run(1319)) - Stopping IPC Server Responder
2019-11-14 19:55:55,669 [main] INFO  server.SCMClientProtocolServer (SCMClientProtocolServer.java:stop(169)) - Stopping the RPC server for Client Protocol
2019-11-14 19:55:55,669 [main] INFO  ipc.Server (Server.java:stop(3082)) - Stopping server on 41574
2019-11-14 19:55:55,670 [IPC Server listener on 41574] INFO  ipc.Server (Server.java:run(1185)) - Stopping IPC Server listener on 41574
2019-11-14 19:55:55,670 [main] INFO  server.StorageContainerManager (StorageContainerManager.java:stop(840)) - Stopping Storage Container Manager HTTP server.
2019-11-14 19:55:55,671 [IPC Server Responder] INFO  ipc.Server (Server.java:run(1319)) - Stopping IPC Server Responder
2019-11-14 19:55:55,672 [main] INFO  handler.ContextHandler (ContextHandler.java:doStop(910)) - Stopped o.e.j.w.WebAppContext@3d6300e8{/,null,UNAVAILABLE}{/scm}
2019-11-14 19:55:55,673 [main] INFO  server.AbstractConnector (AbstractConnector.java:doStop(318)) - Stopped ServerConnector@3af4e0bf{HTTP/1.1,[http/1.1]}{0.0.0.0:0}
2019-11-14 19:55:55,673 [main] INFO  handler.ContextHandler (ContextHandler.java:doStop(910)) - Stopped o.e.j.s.ServletContextHandler@42f8285e{/static,file:///workdir/hadoop-ozone/integration-test/target/test-classes/webapps/static,UNAVAILABLE}
2019-11-14 19:55:55,674 [main] INFO  handler.ContextHandler (ContextHandler.java:doStop(910)) - Stopped o.e.j.s.ServletContextHandler@65fe9e33{/logs,file:///workdir/hadoop-ozone/integration-test/target/log,UNAVAILABLE}
2019-11-14 19:55:55,675 [main] INFO  server.StorageContainerManager (StorageContainerManager.java:stop(851)) - Stopping Block Manager Service.
2019-11-14 19:55:55,675 [main] INFO  utils.BackgroundService (BackgroundService.java:shutdown(151)) - Shutting down service SCMBlockDeletingService
2019-11-14 19:55:55,676 [main] INFO  utils.BackgroundService (BackgroundService.java:shutdown(151)) - Shutting down service SCMBlockDeletingService
2019-11-14 19:55:55,676 [main] INFO  server.StorageContainerManager (StorageContainerManager.java:stop(873)) - Stopping SCM Event Queue.
2019-11-14 19:55:55,686 [main] INFO  impl.MetricsSystemImpl (MetricsSystemImpl.java:stop(210)) - Stopping HddsDatanode metrics system...
2019-11-14 19:55:55,693 [prometheus] INFO  impl.MetricsSinkAdapter (MetricsSinkAdapter.java:publishMetricsFromQueue(141)) - prometheus thread interrupted.
2019-11-14 19:55:55,693 [main] INFO  impl.MetricsSystemImpl (MetricsSystemImpl.java:stop(216)) - HddsDatanode metrics system stopped.
]]></system-out>
    <system-err><![CDATA[ERROR StatusLogger No Log4j 2 configuration file found. Using default configuration (logging only errors to the console), or user programmatically provided configurations. Set system property 'log4j2.debug' to show Log4j 2 internal initialization logging. See https://logging.apache.org/log4j/2.x/manual/configuration.html for instructions on how to configure Log4j 2
Nov 14, 2019 7:55:33 PM org.apache.ratis.thirdparty.io.grpc.internal.SerializingExecutor run
SEVERE: Exception while executing runnable org.apache.ratis.thirdparty.io.grpc.internal.ServerImpl$JumpToApplicationThreadServerStreamListener$1Closed@6e8357e9
org.apache.ratis.thirdparty.io.grpc.StatusRuntimeException: CANCELLED: call already cancelled
	at org.apache.ratis.thirdparty.io.grpc.Status.asRuntimeException(Status.java:517)
	at org.apache.ratis.thirdparty.io.grpc.stub.ServerCalls$ServerCallStreamObserverImpl.onCompleted(ServerCalls.java:356)
	at org.apache.ratis.grpc.server.GrpcServerProtocolService$ServerRequestStreamObserver.onError(GrpcServerProtocolService.java:121)
	at org.apache.ratis.thirdparty.io.grpc.stub.ServerCalls$StreamingServerCallHandler$StreamingServerCallListener.onCancel(ServerCalls.java:269)
	at org.apache.ratis.thirdparty.io.grpc.internal.ServerCallImpl$ServerStreamListenerImpl.closed(ServerCallImpl.java:293)
	at org.apache.ratis.thirdparty.io.grpc.internal.ServerImpl$JumpToApplicationThreadServerStreamListener$1Closed.runInContext(ServerImpl.java:741)
	at org.apache.ratis.thirdparty.io.grpc.internal.ContextRunnable.run(ContextRunnable.java:37)
	at org.apache.ratis.thirdparty.io.grpc.internal.SerializingExecutor.run(SerializingExecutor.java:123)
	at java.util.concurrent.ThreadPoolExecutor.runWorker(ThreadPoolExecutor.java:1149)
	at java.util.concurrent.ThreadPoolExecutor$Worker.run(ThreadPoolExecutor.java:624)
	at java.lang.Thread.run(Thread.java:748)

Nov 14, 2019 7:55:33 PM org.apache.ratis.thirdparty.io.grpc.internal.SerializingExecutor run
SEVERE: Exception while executing runnable org.apache.ratis.thirdparty.io.grpc.internal.ServerImpl$JumpToApplicationThreadServerStreamListener$1Closed@19af7bae
org.apache.ratis.thirdparty.io.grpc.StatusRuntimeException: CANCELLED: call already cancelled
	at org.apache.ratis.thirdparty.io.grpc.Status.asRuntimeException(Status.java:517)
	at org.apache.ratis.thirdparty.io.grpc.stub.ServerCalls$ServerCallStreamObserverImpl.onCompleted(ServerCalls.java:356)
	at org.apache.ratis.grpc.server.GrpcServerProtocolService$ServerRequestStreamObserver.onError(GrpcServerProtocolService.java:121)
	at org.apache.ratis.thirdparty.io.grpc.stub.ServerCalls$StreamingServerCallHandler$StreamingServerCallListener.onCancel(ServerCalls.java:269)
	at org.apache.ratis.thirdparty.io.grpc.internal.ServerCallImpl$ServerStreamListenerImpl.closed(ServerCallImpl.java:293)
	at org.apache.ratis.thirdparty.io.grpc.internal.ServerImpl$JumpToApplicationThreadServerStreamListener$1Closed.runInContext(ServerImpl.java:741)
	at org.apache.ratis.thirdparty.io.grpc.internal.ContextRunnable.run(ContextRunnable.java:37)
	at org.apache.ratis.thirdparty.io.grpc.internal.SerializingExecutor.run(SerializingExecutor.java:123)
	at java.util.concurrent.ThreadPoolExecutor.runWorker(ThreadPoolExecutor.java:1149)
	at java.util.concurrent.ThreadPoolExecutor$Worker.run(ThreadPoolExecutor.java:624)
	at java.lang.Thread.run(Thread.java:748)

Nov 14, 2019 7:55:40 PM org.apache.ratis.thirdparty.io.grpc.internal.SerializingExecutor run
SEVERE: Exception while executing runnable org.apache.ratis.thirdparty.io.grpc.internal.ServerImpl$JumpToApplicationThreadServerStreamListener$1Closed@279b74ea
org.apache.ratis.thirdparty.io.grpc.StatusRuntimeException: CANCELLED: call already cancelled
	at org.apache.ratis.thirdparty.io.grpc.Status.asRuntimeException(Status.java:517)
	at org.apache.ratis.thirdparty.io.grpc.stub.ServerCalls$ServerCallStreamObserverImpl.onCompleted(ServerCalls.java:356)
	at org.apache.ratis.grpc.server.GrpcServerProtocolService$ServerRequestStreamObserver.onError(GrpcServerProtocolService.java:121)
	at org.apache.ratis.thirdparty.io.grpc.stub.ServerCalls$StreamingServerCallHandler$StreamingServerCallListener.onCancel(ServerCalls.java:269)
	at org.apache.ratis.thirdparty.io.grpc.internal.ServerCallImpl$ServerStreamListenerImpl.closed(ServerCallImpl.java:293)
	at org.apache.ratis.thirdparty.io.grpc.internal.ServerImpl$JumpToApplicationThreadServerStreamListener$1Closed.runInContext(ServerImpl.java:741)
	at org.apache.ratis.thirdparty.io.grpc.internal.ContextRunnable.run(ContextRunnable.java:37)
	at org.apache.ratis.thirdparty.io.grpc.internal.SerializingExecutor.run(SerializingExecutor.java:123)
	at java.util.concurrent.ThreadPoolExecutor.runWorker(ThreadPoolExecutor.java:1149)
	at java.util.concurrent.ThreadPoolExecutor$Worker.run(ThreadPoolExecutor.java:624)
	at java.lang.Thread.run(Thread.java:748)

]]></system-err>
  </testcase>
  <testcase name="testContainerExclusionWithClosedContainerException" classname="org.apache.hadoop.ozone.client.rpc.TestFailureHandlingByClient" time="68.543"/>
  <testcase name="testWriteSmallFile" classname="org.apache.hadoop.ozone.client.rpc.TestFailureHandlingByClient" time="52.132"/>
  <testcase name="testBlockWritesWithDnFailures" classname="org.apache.hadoop.ozone.client.rpc.TestFailureHandlingByClient" time="72.672"/>
  <testcase name="testDatanodeExclusionWithMajorityCommit" classname="org.apache.hadoop.ozone.client.rpc.TestFailureHandlingByClient" time="35.26">
    <error message="Allocated 0 blocks. Requested 1 blocks" type="INTERNAL_ERROR org.apache.hadoop.ozone.om.exceptions.OMException">INTERNAL_ERROR org.apache.hadoop.ozone.om.exceptions.OMException: Allocated 0 blocks. Requested 1 blocks
	at org.apache.hadoop.ozone.om.protocolPB.OzoneManagerProtocolClientSideTranslatorPB.handleError(OzoneManagerProtocolClientSideTranslatorPB.java:761)
	at org.apache.hadoop.ozone.om.protocolPB.OzoneManagerProtocolClientSideTranslatorPB.allocateBlock(OzoneManagerProtocolClientSideTranslatorPB.java:793)
	at sun.reflect.NativeMethodAccessorImpl.invoke0(Native Method)
	at sun.reflect.NativeMethodAccessorImpl.invoke(NativeMethodAccessorImpl.java:62)
	at sun.reflect.DelegatingMethodAccessorImpl.invoke(DelegatingMethodAccessorImpl.java:43)
	at java.lang.reflect.Method.invoke(Method.java:498)
	at org.apache.hadoop.hdds.tracing.TraceAllMethod.invoke(TraceAllMethod.java:66)
	at com.sun.proxy.$Proxy36.allocateBlock(Unknown Source)
	at org.apache.hadoop.ozone.client.io.BlockOutputStreamEntryPool.allocateNewBlock(BlockOutputStreamEntryPool.java:259)
	at org.apache.hadoop.ozone.client.io.BlockOutputStreamEntryPool.allocateBlockIfNeeded(BlockOutputStreamEntryPool.java:307)
	at org.apache.hadoop.ozone.client.io.KeyOutputStream.handleWrite(KeyOutputStream.java:198)
	at org.apache.hadoop.ozone.client.io.KeyOutputStream.handleRetry(KeyOutputStream.java:375)
	at org.apache.hadoop.ozone.client.io.KeyOutputStream.handleException(KeyOutputStream.java:324)
	at org.apache.hadoop.ozone.client.io.KeyOutputStream.handleFlushOrClose(KeyOutputStream.java:449)
	at org.apache.hadoop.ozone.client.io.KeyOutputStream.flush(KeyOutputStream.java:397)
	at org.apache.hadoop.ozone.client.io.OzoneOutputStream.flush(OzoneOutputStream.java:54)
	at org.apache.hadoop.ozone.client.rpc.TestFailureHandlingByClient.testDatanodeExclusionWithMajorityCommit(TestFailureHandlingByClient.java:299)
	at sun.reflect.NativeMethodAccessorImpl.invoke0(Native Method)
	at sun.reflect.NativeMethodAccessorImpl.invoke(NativeMethodAccessorImpl.java:62)
	at sun.reflect.DelegatingMethodAccessorImpl.invoke(DelegatingMethodAccessorImpl.java:43)
	at java.lang.reflect.Method.invoke(Method.java:498)
	at org.junit.runners.model.FrameworkMethod$1.runReflectiveCall(FrameworkMethod.java:47)
	at org.junit.internal.runners.model.ReflectiveCallable.run(ReflectiveCallable.java:12)
	at org.junit.runners.model.FrameworkMethod.invokeExplosively(FrameworkMethod.java:44)
	at org.junit.internal.runners.statements.InvokeMethod.evaluate(InvokeMethod.java:17)
	at org.junit.internal.runners.statements.RunAfters.evaluate(RunAfters.java:27)
	at org.junit.runners.ParentRunner.runLeaf(ParentRunner.java:271)
	at org.junit.runners.BlockJUnit4ClassRunner.runChild(BlockJUnit4ClassRunner.java:70)
	at org.junit.runners.BlockJUnit4ClassRunner.runChild(BlockJUnit4ClassRunner.java:50)
	at org.junit.runners.ParentRunner$3.run(ParentRunner.java:238)
	at org.junit.runners.ParentRunner$1.schedule(ParentRunner.java:63)
	at org.junit.runners.ParentRunner.runChildren(ParentRunner.java:236)
	at org.junit.runners.ParentRunner.access$000(ParentRunner.java:53)
	at org.junit.runners.ParentRunner$2.evaluate(ParentRunner.java:229)
	at org.junit.runners.ParentRunner.run(ParentRunner.java:309)
	at org.apache.maven.surefire.junit4.JUnit4Provider.execute(JUnit4Provider.java:365)
	at org.apache.maven.surefire.junit4.JUnit4Provider.executeWithRerun(JUnit4Provider.java:273)
	at org.apache.maven.surefire.junit4.JUnit4Provider.executeTestSet(JUnit4Provider.java:238)
	at org.apache.maven.surefire.junit4.JUnit4Provider.invoke(JUnit4Provider.java:159)
	at org.apache.maven.surefire.booter.ForkedBooter.invokeProviderInSameClassLoader(ForkedBooter.java:384)
	at org.apache.maven.surefire.booter.ForkedBooter.runSuitesInProcess(ForkedBooter.java:345)
	at org.apache.maven.surefire.booter.ForkedBooter.execute(ForkedBooter.java:126)
	at org.apache.maven.surefire.booter.ForkedBooter.main(ForkedBooter.java:418)
</error>
    <system-out><![CDATA[2019-11-14 19:59:09,107 [main] WARN  server.ServerUtils (ServerUtils.java:getScmDbDir(145)) - ozone.scm.db.dirs is not configured. We recommend adding this setting. Falling back to ozone.metadata.dirs instead.
2019-11-14 19:59:09,138 [main] WARN  server.ServerUtils (ServerUtils.java:getScmDbDir(145)) - ozone.scm.db.dirs is not configured. We recommend adding this setting. Falling back to ozone.metadata.dirs instead.
2019-11-14 19:59:09,138 [main] WARN  server.ServerUtils (ServerUtils.java:getScmDbDir(145)) - ozone.scm.db.dirs is not configured. We recommend adding this setting. Falling back to ozone.metadata.dirs instead.
2019-11-14 19:59:09,138 [main] INFO  db.DBStoreBuilder (DBStoreBuilder.java:addTable(127)) - using custom profile for table: deletedBlocks
2019-11-14 19:59:09,139 [main] INFO  db.DBStoreBuilder (DBStoreBuilder.java:processTables(183)) - Using default column profile:DBProfile.DISK for Table:deletedBlocks
2019-11-14 19:59:09,139 [main] INFO  db.DBStoreBuilder (DBStoreBuilder.java:addTable(127)) - using custom profile for table: validCerts
2019-11-14 19:59:09,139 [main] INFO  db.DBStoreBuilder (DBStoreBuilder.java:processTables(183)) - Using default column profile:DBProfile.DISK for Table:validCerts
2019-11-14 19:59:09,139 [main] INFO  db.DBStoreBuilder (DBStoreBuilder.java:addTable(127)) - using custom profile for table: revokedCerts
2019-11-14 19:59:09,139 [main] INFO  db.DBStoreBuilder (DBStoreBuilder.java:processTables(183)) - Using default column profile:DBProfile.DISK for Table:revokedCerts
2019-11-14 19:59:09,139 [main] INFO  db.DBStoreBuilder (DBStoreBuilder.java:addTable(127)) - using custom profile for table: default
2019-11-14 19:59:09,139 [main] INFO  db.DBStoreBuilder (DBStoreBuilder.java:processTables(189)) - Using default column profile:DBProfile.DISK for Table:default
2019-11-14 19:59:09,140 [main] INFO  db.DBStoreBuilder (DBStoreBuilder.java:getDbProfile(220)) - Using default options. DBProfile.DISK
2019-11-14 19:59:09,386 [main] INFO  net.NodeSchemaLoader (NodeSchemaLoader.java:loadSchemaFromFile(125)) - Loading file from sun.misc.CompoundEnumeration@6aae0e6f
2019-11-14 19:59:09,386 [main] INFO  net.NodeSchemaLoader (NodeSchemaLoader.java:loadSchema(171)) - Loading network topology layer schema file
2019-11-14 19:59:09,392 [main] INFO  node.SCMNodeManager (SCMNodeManager.java:<init>(116)) - Entering startup safe mode.
2019-11-14 19:59:09,392 [main] INFO  algorithms.ContainerPlacementPolicyFactory (ContainerPlacementPolicyFactory.java:getPolicy(57)) - Create container placement policy of type org.apache.hadoop.hdds.scm.container.placement.algorithms.SCMContainerPlacementRandom
2019-11-14 19:59:09,393 [main] WARN  server.ServerUtils (ServerUtils.java:getScmDbDir(145)) - ozone.scm.db.dirs is not configured. We recommend adding this setting. Falling back to ozone.metadata.dirs instead.
2019-11-14 19:59:09,497 [main] INFO  pipeline.SCMPipelineManager (SCMPipelineManager.java:initializePipelineState(132)) - No pipeline exists in current db
2019-11-14 19:59:09,497 [main] WARN  server.ServerUtils (ServerUtils.java:getScmDbDir(145)) - ozone.scm.db.dirs is not configured. We recommend adding this setting. Falling back to ozone.metadata.dirs instead.
2019-11-14 19:59:09,598 [main] WARN  events.EventQueue (EventQueue.java:fireEvent(183)) - No event handler registered for event TypedEvent{payloadType=SafeModeStatus, name='SafeModeStatus'}
2019-11-14 19:59:09,599 [main] INFO  ipc.CallQueueManager (CallQueueManager.java:<init>(84)) - Using callQueue: class java.util.concurrent.LinkedBlockingQueue, queueCapacity: 2000, scheduler: class org.apache.hadoop.ipc.DefaultRpcScheduler, ipcBackoff: false.
2019-11-14 19:59:09,923 [Socket Reader #1 for port 39924] INFO  ipc.Server (Server.java:run(1074)) - Starting Socket Reader #1 for port 39924
2019-11-14 19:59:10,114 [main] INFO  ipc.CallQueueManager (CallQueueManager.java:<init>(84)) - Using callQueue: class java.util.concurrent.LinkedBlockingQueue, queueCapacity: 2000, scheduler: class org.apache.hadoop.ipc.DefaultRpcScheduler, ipcBackoff: false.
2019-11-14 19:59:10,119 [Socket Reader #1 for port 45635] INFO  ipc.Server (Server.java:run(1074)) - Starting Socket Reader #1 for port 45635
2019-11-14 19:59:10,121 [main] INFO  ipc.CallQueueManager (CallQueueManager.java:<init>(84)) - Using callQueue: class java.util.concurrent.LinkedBlockingQueue, queueCapacity: 2000, scheduler: class org.apache.hadoop.ipc.DefaultRpcScheduler, ipcBackoff: false.
2019-11-14 19:59:10,121 [Socket Reader #1 for port 38831] INFO  ipc.Server (Server.java:run(1074)) - Starting Socket Reader #1 for port 38831
2019-11-14 19:59:10,124 [main] INFO  hdfs.DFSUtil (DFSUtil.java:httpServerTemplateForNNAndJN(1641)) - Starting Web-server for scm at: http://0.0.0.0:0
2019-11-14 19:59:10,127 [main] INFO  server.AuthenticationFilter (AuthenticationFilter.java:constructSecretProvider(240)) - Unable to initialize FileSignerSecretProvider, falling back to use random secrets.
2019-11-14 19:59:10,129 [main] WARN  http.HttpRequestLog (HttpRequestLog.java:getRequestLog(97)) - Jetty request log can only be enabled using Log4j
2019-11-14 19:59:10,130 [main] INFO  http.HttpServer2 (HttpServer2.java:addGlobalFilter(975)) - Added global filter 'safety' (class=org.apache.hadoop.http.HttpServer2$QuotingInputFilter)
2019-11-14 19:59:10,131 [main] INFO  http.HttpServer2 (HttpServer2.java:addFilter(948)) - Added filter static_user_filter (class=org.apache.hadoop.http.lib.StaticUserWebFilter$StaticUserFilter) to context scm
2019-11-14 19:59:10,131 [main] INFO  http.HttpServer2 (HttpServer2.java:addFilter(958)) - Added filter static_user_filter (class=org.apache.hadoop.http.lib.StaticUserWebFilter$StaticUserFilter) to context logs
2019-11-14 19:59:10,131 [main] INFO  http.HttpServer2 (HttpServer2.java:addFilter(958)) - Added filter static_user_filter (class=org.apache.hadoop.http.lib.StaticUserWebFilter$StaticUserFilter) to context static
2019-11-14 19:59:10,132 [main] INFO  server.StorageContainerManager (StorageContainerManager.java:start(766)) - StorageContainerLocationProtocol RPC server is listening at /0.0.0.0:38831
2019-11-14 19:59:10,134 [main] WARN  impl.MetricsConfig (MetricsConfig.java:loadFirst(134)) - Cannot locate configuration: tried hadoop-metrics2-storagecontainermanager.properties,hadoop-metrics2.properties
2019-11-14 19:59:10,135 [main] INFO  impl.MetricsSystemImpl (MetricsSystemImpl.java:startTimer(374)) - Scheduled Metric snapshot period at 10 second(s).
2019-11-14 19:59:10,135 [main] INFO  impl.MetricsSystemImpl (MetricsSystemImpl.java:start(191)) - StorageContainerManager metrics system started
2019-11-14 19:59:10,164 [main] WARN  impl.MetricsSystemImpl (MetricsSystemImpl.java:register(276)) - Sink prometheus already exists!
2019-11-14 19:59:10,193 [main] INFO  server.SCMClientProtocolServer (SCMClientProtocolServer.java:start(160)) - RPC server for Client  is listening at /0.0.0.0:38831
2019-11-14 19:59:10,194 [IPC Server Responder] INFO  ipc.Server (Server.java:run(1314)) - IPC Server Responder: starting
2019-11-14 19:59:10,194 [IPC Server listener on 38831] INFO  ipc.Server (Server.java:run(1153)) - IPC Server listener on 38831: starting
2019-11-14 19:59:10,198 [main] INFO  server.StorageContainerManager (StorageContainerManager.java:start(776)) - ScmBlockLocationProtocol RPC server is listening at /0.0.0.0:45635
2019-11-14 19:59:10,198 [main] INFO  server.SCMBlockProtocolServer (SCMBlockProtocolServer.java:start(146)) - RPC server for Block Protocol is listening at /0.0.0.0:45635
2019-11-14 19:59:10,198 [IPC Server Responder] INFO  ipc.Server (Server.java:run(1314)) - IPC Server Responder: starting
2019-11-14 19:59:10,199 [IPC Server listener on 45635] INFO  ipc.Server (Server.java:run(1153)) - IPC Server listener on 45635: starting
2019-11-14 19:59:10,200 [main] INFO  server.StorageContainerManager (StorageContainerManager.java:start(780)) - ScmDatanodeProtocl RPC server is listening at /0.0.0.0:39924
2019-11-14 19:59:10,201 [main] INFO  server.SCMDatanodeProtocolServer (SCMDatanodeProtocolServer.java:start(169)) - RPC server for DataNodes is listening at /0.0.0.0:39924
2019-11-14 19:59:10,201 [IPC Server Responder] INFO  ipc.Server (Server.java:run(1314)) - IPC Server Responder: starting
2019-11-14 19:59:10,202 [IPC Server listener on 39924] INFO  ipc.Server (Server.java:run(1153)) - IPC Server listener on 39924: starting
2019-11-14 19:59:10,203 [main] INFO  http.HttpServer2 (HttpServer2.java:bindListener(1191)) - Jetty bound to port 42787
2019-11-14 19:59:10,203 [main] INFO  server.Server (Server.java:doStart(351)) - jetty-9.3.25.v20180904, build timestamp: 2018-09-04T21:11:46Z, git hash: 3ce520221d0240229c862b122d2b06c12a625732
2019-11-14 19:59:10,204 [main] INFO  handler.ContextHandler (ContextHandler.java:doStart(781)) - Started o.e.j.s.ServletContextHandler@78c74647{/logs,file:///workdir/hadoop-ozone/integration-test/target/log,AVAILABLE}
2019-11-14 19:59:10,205 [main] INFO  handler.ContextHandler (ContextHandler.java:doStart(781)) - Started o.e.j.s.ServletContextHandler@5763a655{/static,file:///workdir/hadoop-ozone/integration-test/target/test-classes/webapps/static,AVAILABLE}
2019-11-14 19:59:10,208 [main] INFO  handler.ContextHandler (ContextHandler.java:doStart(781)) - Started o.e.j.w.WebAppContext@788e3702{/,file:///workdir/hadoop-ozone/integration-test/target/test-classes/webapps/scm/,AVAILABLE}{/scm}
2019-11-14 19:59:10,208 [main] INFO  server.AbstractConnector (AbstractConnector.java:doStart(278)) - Started ServerConnector@d25e878{HTTP/1.1,[http/1.1]}{0.0.0.0:42787}
2019-11-14 19:59:10,209 [main] INFO  server.Server (Server.java:doStart(419)) - Started @302180ms
2019-11-14 19:59:10,209 [main] WARN  impl.MetricsSystemImpl (MetricsSystemImpl.java:register(276)) - Sink prometheus already exists!
2019-11-14 19:59:10,211 [main] INFO  server.BaseHttpServer (BaseHttpServer.java:updateConnectorAddress(215)) - HTTP server of SCM is listening at http://0.0.0.0:42787
2019-11-14 19:59:10,212 [main] WARN  server.ServerUtils (ServerUtils.java:getDBPath(222)) - ozone.om.db.dirs is not configured. We recommend adding this setting. Falling back to ozone.metadata.dirs instead.
2019-11-14 19:59:10,212 [org.apache.hadoop.util.JvmPauseMonitor$Monitor@78116659] INFO  util.JvmPauseMonitor (JvmPauseMonitor.java:run(188)) - Starting JVM pause monitor
2019-11-14 19:59:10,236 [main] INFO  ha.OMHANodeDetails (OMHANodeDetails.java:loadOMHAConfig(190)) - Configuration either no ozone.om.address set. Falling back to the default OM address /127.0.0.1:0
2019-11-14 19:59:10,237 [main] INFO  ha.OMHANodeDetails (OMHANodeDetails.java:getOMNodeDetails(220)) - OM Service ID is not set. Setting it to the default ID: omServiceIdDefault
2019-11-14 19:59:10,237 [main] WARN  server.ServerUtils (ServerUtils.java:getDBPath(222)) - ozone.om.db.dirs is not configured. We recommend adding this setting. Falling back to ozone.metadata.dirs instead.
2019-11-14 19:59:10,238 [main] WARN  server.ServerUtils (ServerUtils.java:getDBPath(222)) - ozone.om.db.dirs is not configured. We recommend adding this setting. Falling back to ozone.metadata.dirs instead.
2019-11-14 19:59:10,245 [main] WARN  server.ServerUtils (ServerUtils.java:getDBPath(222)) - ozone.om.db.dirs is not configured. We recommend adding this setting. Falling back to ozone.metadata.dirs instead.
2019-11-14 19:59:10,245 [main] INFO  db.DBStoreBuilder (DBStoreBuilder.java:addTable(127)) - using custom profile for table: userTable
2019-11-14 19:59:10,246 [main] INFO  db.DBStoreBuilder (DBStoreBuilder.java:processTables(183)) - Using default column profile:DBProfile.DISK for Table:userTable
2019-11-14 19:59:10,246 [main] INFO  db.DBStoreBuilder (DBStoreBuilder.java:addTable(127)) - using custom profile for table: volumeTable
2019-11-14 19:59:10,246 [main] INFO  db.DBStoreBuilder (DBStoreBuilder.java:processTables(183)) - Using default column profile:DBProfile.DISK for Table:volumeTable
2019-11-14 19:59:10,246 [main] INFO  db.DBStoreBuilder (DBStoreBuilder.java:addTable(127)) - using custom profile for table: bucketTable
2019-11-14 19:59:10,247 [main] INFO  db.DBStoreBuilder (DBStoreBuilder.java:processTables(183)) - Using default column profile:DBProfile.DISK for Table:bucketTable
2019-11-14 19:59:10,247 [main] INFO  db.DBStoreBuilder (DBStoreBuilder.java:addTable(127)) - using custom profile for table: keyTable
2019-11-14 19:59:10,247 [main] INFO  db.DBStoreBuilder (DBStoreBuilder.java:processTables(183)) - Using default column profile:DBProfile.DISK for Table:keyTable
2019-11-14 19:59:10,247 [main] INFO  db.DBStoreBuilder (DBStoreBuilder.java:addTable(127)) - using custom profile for table: deletedTable
2019-11-14 19:59:10,247 [main] INFO  db.DBStoreBuilder (DBStoreBuilder.java:processTables(183)) - Using default column profile:DBProfile.DISK for Table:deletedTable
2019-11-14 19:59:10,248 [main] INFO  db.DBStoreBuilder (DBStoreBuilder.java:addTable(127)) - using custom profile for table: openKeyTable
2019-11-14 19:59:10,248 [main] INFO  db.DBStoreBuilder (DBStoreBuilder.java:processTables(183)) - Using default column profile:DBProfile.DISK for Table:openKeyTable
2019-11-14 19:59:10,248 [main] INFO  db.DBStoreBuilder (DBStoreBuilder.java:addTable(127)) - using custom profile for table: s3Table
2019-11-14 19:59:10,248 [main] INFO  db.DBStoreBuilder (DBStoreBuilder.java:processTables(183)) - Using default column profile:DBProfile.DISK for Table:s3Table
2019-11-14 19:59:10,249 [main] INFO  db.DBStoreBuilder (DBStoreBuilder.java:addTable(127)) - using custom profile for table: multipartInfoTable
2019-11-14 19:59:10,249 [main] INFO  db.DBStoreBuilder (DBStoreBuilder.java:processTables(183)) - Using default column profile:DBProfile.DISK for Table:multipartInfoTable
2019-11-14 19:59:10,249 [main] INFO  db.DBStoreBuilder (DBStoreBuilder.java:addTable(127)) - using custom profile for table: dTokenTable
2019-11-14 19:59:10,249 [main] INFO  db.DBStoreBuilder (DBStoreBuilder.java:processTables(183)) - Using default column profile:DBProfile.DISK for Table:dTokenTable
2019-11-14 19:59:10,249 [main] INFO  db.DBStoreBuilder (DBStoreBuilder.java:addTable(127)) - using custom profile for table: s3SecretTable
2019-11-14 19:59:10,250 [main] INFO  db.DBStoreBuilder (DBStoreBuilder.java:processTables(183)) - Using default column profile:DBProfile.DISK for Table:s3SecretTable
2019-11-14 19:59:10,250 [main] INFO  db.DBStoreBuilder (DBStoreBuilder.java:addTable(127)) - using custom profile for table: prefixTable
2019-11-14 19:59:10,250 [main] INFO  db.DBStoreBuilder (DBStoreBuilder.java:processTables(183)) - Using default column profile:DBProfile.DISK for Table:prefixTable
2019-11-14 19:59:10,250 [main] INFO  db.DBStoreBuilder (DBStoreBuilder.java:addTable(127)) - using custom profile for table: default
2019-11-14 19:59:10,250 [main] INFO  db.DBStoreBuilder (DBStoreBuilder.java:processTables(189)) - Using default column profile:DBProfile.DISK for Table:default
2019-11-14 19:59:10,251 [main] INFO  db.DBStoreBuilder (DBStoreBuilder.java:getDbProfile(220)) - Using default options. DBProfile.DISK
2019-11-14 19:59:10,655 [main] INFO  ipc.CallQueueManager (CallQueueManager.java:<init>(84)) - Using callQueue: class java.util.concurrent.LinkedBlockingQueue, queueCapacity: 2000, scheduler: class org.apache.hadoop.ipc.DefaultRpcScheduler, ipcBackoff: false.
2019-11-14 19:59:10,656 [Socket Reader #1 for port 37843] INFO  ipc.Server (Server.java:run(1074)) - Starting Socket Reader #1 for port 37843
2019-11-14 19:59:10,670 [main] INFO  om.OzoneManager (OzoneManager.java:start(1077)) - OzoneManager RPC server is listening at localhost/127.0.0.1:37843
2019-11-14 19:59:10,671 [main] INFO  impl.MetricsSystemImpl (MetricsSystemImpl.java:init(158)) - OzoneManager metrics system started (again)
2019-11-14 19:59:10,672 [IPC Server Responder] INFO  ipc.Server (Server.java:run(1314)) - IPC Server Responder: starting
2019-11-14 19:59:10,673 [IPC Server listener on 37843] INFO  ipc.Server (Server.java:run(1153)) - IPC Server listener on 37843: starting
2019-11-14 19:59:10,677 [main] INFO  hdfs.DFSUtil (DFSUtil.java:httpServerTemplateForNNAndJN(1641)) - Starting Web-server for ozoneManager at: http://0.0.0.0:0
2019-11-14 19:59:10,679 [main] INFO  server.AuthenticationFilter (AuthenticationFilter.java:constructSecretProvider(240)) - Unable to initialize FileSignerSecretProvider, falling back to use random secrets.
2019-11-14 19:59:10,679 [main] WARN  http.HttpRequestLog (HttpRequestLog.java:getRequestLog(97)) - Jetty request log can only be enabled using Log4j
2019-11-14 19:59:10,681 [main] INFO  http.HttpServer2 (HttpServer2.java:addGlobalFilter(975)) - Added global filter 'safety' (class=org.apache.hadoop.http.HttpServer2$QuotingInputFilter)
2019-11-14 19:59:10,682 [main] INFO  http.HttpServer2 (HttpServer2.java:addFilter(948)) - Added filter static_user_filter (class=org.apache.hadoop.http.lib.StaticUserWebFilter$StaticUserFilter) to context ozoneManager
2019-11-14 19:59:10,682 [main] INFO  http.HttpServer2 (HttpServer2.java:addFilter(958)) - Added filter static_user_filter (class=org.apache.hadoop.http.lib.StaticUserWebFilter$StaticUserFilter) to context logs
2019-11-14 19:59:10,682 [main] INFO  http.HttpServer2 (HttpServer2.java:addFilter(958)) - Added filter static_user_filter (class=org.apache.hadoop.http.lib.StaticUserWebFilter$StaticUserFilter) to context static
2019-11-14 19:59:10,683 [main] INFO  http.HttpServer2 (HttpServer2.java:bindListener(1191)) - Jetty bound to port 46708
2019-11-14 19:59:10,683 [main] INFO  server.Server (Server.java:doStart(351)) - jetty-9.3.25.v20180904, build timestamp: 2018-09-04T21:11:46Z, git hash: 3ce520221d0240229c862b122d2b06c12a625732
2019-11-14 19:59:10,685 [main] INFO  handler.ContextHandler (ContextHandler.java:doStart(781)) - Started o.e.j.s.ServletContextHandler@2c7c0e36{/logs,file:///workdir/hadoop-ozone/integration-test/target/log,AVAILABLE}
2019-11-14 19:59:10,685 [main] INFO  handler.ContextHandler (ContextHandler.java:doStart(781)) - Started o.e.j.s.ServletContextHandler@374ccb9{/static,file:///workdir/hadoop-ozone/integration-test/target/test-classes/webapps/static,AVAILABLE}
2019-11-14 19:59:10,690 [main] INFO  handler.ContextHandler (ContextHandler.java:doStart(781)) - Started o.e.j.w.WebAppContext@54ccb3{/,file:///workdir/hadoop-ozone/integration-test/target/test-classes/webapps/ozoneManager/,AVAILABLE}{/ozoneManager}
2019-11-14 19:59:10,690 [main] INFO  server.AbstractConnector (AbstractConnector.java:doStart(278)) - Started ServerConnector@9b2dc56{HTTP/1.1,[http/1.1]}{0.0.0.0:46708}
2019-11-14 19:59:10,691 [main] INFO  server.Server (Server.java:doStart(419)) - Started @302662ms
2019-11-14 19:59:10,691 [main] WARN  impl.MetricsSystemImpl (MetricsSystemImpl.java:register(276)) - Sink prometheus already exists!
2019-11-14 19:59:10,692 [main] INFO  server.BaseHttpServer (BaseHttpServer.java:updateConnectorAddress(215)) - HTTP server of OZONEMANAGER is listening at http://0.0.0.0:46708
2019-11-14 19:59:10,715 [main] INFO  impl.MetricsSystemImpl (MetricsSystemImpl.java:init(158)) - HddsDatanode metrics system started (again)
2019-11-14 19:59:10,717 [main] INFO  ozone.HddsDatanodeService (HddsDatanodeService.java:start(186)) - HddsDatanodeService host:pr-hdds-2489-n52xc-1246314526 ip:192.168.157.219
2019-11-14 19:59:10,724 [main] INFO  volume.HddsVolume (HddsVolume.java:<init>(176)) - Creating Volume: /workdir/hadoop-ozone/integration-test/target/test-dir/MiniOzoneClusterImpl-df23ed15-4459-4301-a988-82089ad70e13/datanode-0/data/containers/hdds of  storage type : DISK and capacity : 1482555576320
2019-11-14 19:59:10,725 [main] INFO  volume.VolumeSet (VolumeSet.java:initializeVolumeSet(170)) - Added Volume : /workdir/hadoop-ozone/integration-test/target/test-dir/MiniOzoneClusterImpl-df23ed15-4459-4301-a988-82089ad70e13/datanode-0/data/containers/hdds to VolumeSet
2019-11-14 19:59:10,725 [main] INFO  volume.ThrottledAsyncChecker (ThrottledAsyncChecker.java:schedule(141)) - Scheduling a check for /workdir/hadoop-ozone/integration-test/target/test-dir/MiniOzoneClusterImpl-df23ed15-4459-4301-a988-82089ad70e13/datanode-0/data/containers/hdds
2019-11-14 19:59:10,726 [main] INFO  volume.HddsVolumeChecker (HddsVolumeChecker.java:checkAllVolumes(204)) - Scheduled health check for volume /workdir/hadoop-ozone/integration-test/target/test-dir/MiniOzoneClusterImpl-df23ed15-4459-4301-a988-82089ad70e13/datanode-0/data/containers/hdds
2019-11-14 19:59:10,739 [main] INFO  impl.RaftServerProxy (ConfUtils.java:logGet(43)) - raft.rpc.type = GRPC (default)
2019-11-14 19:59:10,739 [main] INFO  grpc.GrpcFactory (GrpcFactory.java:checkPooledByteBufAllocatorUseCacheForAllThreads(45)) - PERFORMANCE WARNING: useCacheForAllThreads is true that may cause Netty to create a lot garbage objects and, as a result, trigger GC.
	It is recommended to disable useCacheForAllThreads by setting -Dorg.apache.ratis.thirdparty.io.netty.allocator.useCacheForAllThreads=false in command line.
2019-11-14 19:59:10,739 [main] INFO  grpc.GrpcConfigKeys$Server (ConfUtils.java:logGet(43)) - raft.grpc.server.port = 0 (default)
2019-11-14 19:59:10,739 [main] INFO  server.GrpcService (ConfUtils.java:logGet(43)) - raft.grpc.message.size.max = 33570816 (custom)
2019-11-14 19:59:10,739 [main] INFO  server.RaftServerConfigKeys (ConfUtils.java:logGet(43)) - raft.server.log.appender.buffer.byte-limit = 33554432 (custom)
2019-11-14 19:59:10,740 [main] INFO  server.GrpcService (ConfUtils.java:logGet(43)) - raft.grpc.flow.control.window = 1MB (=1048576) (default)
2019-11-14 19:59:10,740 [main] INFO  server.RaftServerConfigKeys (ConfUtils.java:logGet(43)) - raft.server.rpc.request.timeout = 3000ms (default)
2019-11-14 19:59:10,740 [main] INFO  server.RaftServerConfigKeys (ConfUtils.java:logGet(43)) - raft.server.storage.dir = [/workdir/hadoop-ozone/integration-test/target/test-dir/MiniOzoneClusterImpl-df23ed15-4459-4301-a988-82089ad70e13/datanode-0/data/ratis] (custom)
2019-11-14 19:59:10,742 [main] INFO  hdfs.DFSUtil (DFSUtil.java:httpServerTemplateForNNAndJN(1641)) - Starting Web-server for hddsDatanode at: http://0.0.0.0:0
2019-11-14 19:59:10,743 [main] INFO  server.AuthenticationFilter (AuthenticationFilter.java:constructSecretProvider(240)) - Unable to initialize FileSignerSecretProvider, falling back to use random secrets.
2019-11-14 19:59:10,744 [main] WARN  http.HttpRequestLog (HttpRequestLog.java:getRequestLog(97)) - Jetty request log can only be enabled using Log4j
2019-11-14 19:59:10,745 [main] INFO  http.HttpServer2 (HttpServer2.java:addGlobalFilter(975)) - Added global filter 'safety' (class=org.apache.hadoop.http.HttpServer2$QuotingInputFilter)
2019-11-14 19:59:10,745 [main] INFO  http.HttpServer2 (HttpServer2.java:addFilter(948)) - Added filter static_user_filter (class=org.apache.hadoop.http.lib.StaticUserWebFilter$StaticUserFilter) to context hddsDatanode
2019-11-14 19:59:10,746 [main] INFO  http.HttpServer2 (HttpServer2.java:addFilter(958)) - Added filter static_user_filter (class=org.apache.hadoop.http.lib.StaticUserWebFilter$StaticUserFilter) to context logs
2019-11-14 19:59:10,746 [main] INFO  http.HttpServer2 (HttpServer2.java:addFilter(958)) - Added filter static_user_filter (class=org.apache.hadoop.http.lib.StaticUserWebFilter$StaticUserFilter) to context static
2019-11-14 19:59:10,746 [main] INFO  http.HttpServer2 (HttpServer2.java:bindListener(1191)) - Jetty bound to port 41987
2019-11-14 19:59:10,747 [main] INFO  server.Server (Server.java:doStart(351)) - jetty-9.3.25.v20180904, build timestamp: 2018-09-04T21:11:46Z, git hash: 3ce520221d0240229c862b122d2b06c12a625732
2019-11-14 19:59:10,748 [main] INFO  handler.ContextHandler (ContextHandler.java:doStart(781)) - Started o.e.j.s.ServletContextHandler@2f8c4fae{/logs,file:///workdir/hadoop-ozone/integration-test/target/log,AVAILABLE}
2019-11-14 19:59:10,748 [main] INFO  handler.ContextHandler (ContextHandler.java:doStart(781)) - Started o.e.j.s.ServletContextHandler@71166348{/static,jar:file:/home/user/.m2/repository/org/apache/hadoop/hadoop-hdds-container-service/0.5.0-SNAPSHOT/hadoop-hdds-container-service-0.5.0-SNAPSHOT.jar!/webapps/static,AVAILABLE}
2019-11-14 19:59:10,782 [main] INFO  handler.ContextHandler (ContextHandler.java:doStart(781)) - Started o.e.j.w.WebAppContext@615439f7{/,file:///tmp/jetty-0.0.0.0-41987-hddsDatanode-_-any-5086578224845561130.dir/webapp/,AVAILABLE}{/hddsDatanode}
2019-11-14 19:59:10,782 [main] INFO  server.AbstractConnector (AbstractConnector.java:doStart(278)) - Started ServerConnector@632cf7d3{HTTP/1.1,[http/1.1]}{0.0.0.0:41987}
2019-11-14 19:59:10,783 [main] INFO  server.Server (Server.java:doStart(419)) - Started @302754ms
2019-11-14 19:59:10,783 [main] WARN  impl.MetricsSystemImpl (MetricsSystemImpl.java:register(276)) - Sink prometheus already exists!
2019-11-14 19:59:10,784 [main] INFO  server.BaseHttpServer (BaseHttpServer.java:updateConnectorAddress(215)) - HTTP server of HDDSDATANODE is listening at http://0.0.0.0:41987
2019-11-14 19:59:10,784 [main] INFO  impl.MetricsSystemImpl (MetricsSystemImpl.java:init(158)) - HddsDatanode metrics system started (again)
2019-11-14 19:59:10,786 [org.apache.hadoop.util.JvmPauseMonitor$Monitor@3c0b5658] INFO  util.JvmPauseMonitor (JvmPauseMonitor.java:run(188)) - Starting JVM pause monitor
2019-11-14 19:59:10,786 [main] INFO  ozone.HddsDatanodeService (HddsDatanodeService.java:start(186)) - HddsDatanodeService host:pr-hdds-2489-n52xc-1246314526 ip:192.168.157.219
2019-11-14 19:59:10,788 [Datanode State Machine Thread - 0] INFO  datanode.InitDatanodeState (InitDatanodeState.java:persistContainerDatanodeDetails(140)) - DatanodeDetails is persisted to /workdir/hadoop-ozone/integration-test/target/test-dir/MiniOzoneClusterImpl-df23ed15-4459-4301-a988-82089ad70e13/datanode-0/meta/datanode.id
2019-11-14 19:59:10,792 [main] INFO  volume.HddsVolume (HddsVolume.java:<init>(176)) - Creating Volume: /workdir/hadoop-ozone/integration-test/target/test-dir/MiniOzoneClusterImpl-df23ed15-4459-4301-a988-82089ad70e13/datanode-1/data/containers/hdds of  storage type : DISK and capacity : 1482555576320
2019-11-14 19:59:10,793 [main] INFO  volume.VolumeSet (VolumeSet.java:initializeVolumeSet(170)) - Added Volume : /workdir/hadoop-ozone/integration-test/target/test-dir/MiniOzoneClusterImpl-df23ed15-4459-4301-a988-82089ad70e13/datanode-1/data/containers/hdds to VolumeSet
2019-11-14 19:59:10,793 [main] INFO  volume.ThrottledAsyncChecker (ThrottledAsyncChecker.java:schedule(141)) - Scheduling a check for /workdir/hadoop-ozone/integration-test/target/test-dir/MiniOzoneClusterImpl-df23ed15-4459-4301-a988-82089ad70e13/datanode-1/data/containers/hdds
2019-11-14 19:59:10,793 [main] INFO  volume.HddsVolumeChecker (HddsVolumeChecker.java:checkAllVolumes(204)) - Scheduled health check for volume /workdir/hadoop-ozone/integration-test/target/test-dir/MiniOzoneClusterImpl-df23ed15-4459-4301-a988-82089ad70e13/datanode-1/data/containers/hdds
2019-11-14 19:59:10,803 [main] INFO  impl.RaftServerProxy (ConfUtils.java:logGet(43)) - raft.rpc.type = GRPC (default)
2019-11-14 19:59:10,804 [main] INFO  grpc.GrpcFactory (GrpcFactory.java:checkPooledByteBufAllocatorUseCacheForAllThreads(45)) - PERFORMANCE WARNING: useCacheForAllThreads is true that may cause Netty to create a lot garbage objects and, as a result, trigger GC.
	It is recommended to disable useCacheForAllThreads by setting -Dorg.apache.ratis.thirdparty.io.netty.allocator.useCacheForAllThreads=false in command line.
2019-11-14 19:59:10,804 [main] INFO  grpc.GrpcConfigKeys$Server (ConfUtils.java:logGet(43)) - raft.grpc.server.port = 0 (default)
2019-11-14 19:59:10,804 [main] INFO  server.GrpcService (ConfUtils.java:logGet(43)) - raft.grpc.message.size.max = 33570816 (custom)
2019-11-14 19:59:10,804 [main] INFO  server.RaftServerConfigKeys (ConfUtils.java:logGet(43)) - raft.server.log.appender.buffer.byte-limit = 33554432 (custom)
2019-11-14 19:59:10,804 [main] INFO  server.GrpcService (ConfUtils.java:logGet(43)) - raft.grpc.flow.control.window = 1MB (=1048576) (default)
2019-11-14 19:59:10,804 [main] INFO  server.RaftServerConfigKeys (ConfUtils.java:logGet(43)) - raft.server.rpc.request.timeout = 3000ms (default)
2019-11-14 19:59:10,805 [main] INFO  server.RaftServerConfigKeys (ConfUtils.java:logGet(43)) - raft.server.storage.dir = [/workdir/hadoop-ozone/integration-test/target/test-dir/MiniOzoneClusterImpl-df23ed15-4459-4301-a988-82089ad70e13/datanode-1/data/ratis] (custom)
2019-11-14 19:59:10,806 [main] INFO  hdfs.DFSUtil (DFSUtil.java:httpServerTemplateForNNAndJN(1641)) - Starting Web-server for hddsDatanode at: http://0.0.0.0:0
2019-11-14 19:59:10,807 [main] INFO  server.AuthenticationFilter (AuthenticationFilter.java:constructSecretProvider(240)) - Unable to initialize FileSignerSecretProvider, falling back to use random secrets.
2019-11-14 19:59:10,807 [main] WARN  http.HttpRequestLog (HttpRequestLog.java:getRequestLog(97)) - Jetty request log can only be enabled using Log4j
2019-11-14 19:59:10,808 [main] INFO  http.HttpServer2 (HttpServer2.java:addGlobalFilter(975)) - Added global filter 'safety' (class=org.apache.hadoop.http.HttpServer2$QuotingInputFilter)
2019-11-14 19:59:10,809 [main] INFO  http.HttpServer2 (HttpServer2.java:addFilter(948)) - Added filter static_user_filter (class=org.apache.hadoop.http.lib.StaticUserWebFilter$StaticUserFilter) to context hddsDatanode
2019-11-14 19:59:10,809 [main] INFO  http.HttpServer2 (HttpServer2.java:addFilter(958)) - Added filter static_user_filter (class=org.apache.hadoop.http.lib.StaticUserWebFilter$StaticUserFilter) to context static
2019-11-14 19:59:10,809 [main] INFO  http.HttpServer2 (HttpServer2.java:addFilter(958)) - Added filter static_user_filter (class=org.apache.hadoop.http.lib.StaticUserWebFilter$StaticUserFilter) to context logs
2019-11-14 19:59:10,810 [main] INFO  http.HttpServer2 (HttpServer2.java:bindListener(1191)) - Jetty bound to port 41844
2019-11-14 19:59:10,810 [main] INFO  server.Server (Server.java:doStart(351)) - jetty-9.3.25.v20180904, build timestamp: 2018-09-04T21:11:46Z, git hash: 3ce520221d0240229c862b122d2b06c12a625732
2019-11-14 19:59:10,811 [main] INFO  handler.ContextHandler (ContextHandler.java:doStart(781)) - Started o.e.j.s.ServletContextHandler@1eb9bf60{/logs,file:///workdir/hadoop-ozone/integration-test/target/log,AVAILABLE}
2019-11-14 19:59:10,811 [main] INFO  handler.ContextHandler (ContextHandler.java:doStart(781)) - Started o.e.j.s.ServletContextHandler@38811103{/static,jar:file:/home/user/.m2/repository/org/apache/hadoop/hadoop-hdds-container-service/0.5.0-SNAPSHOT/hadoop-hdds-container-service-0.5.0-SNAPSHOT.jar!/webapps/static,AVAILABLE}
2019-11-14 19:59:10,840 [main] INFO  handler.ContextHandler (ContextHandler.java:doStart(781)) - Started o.e.j.w.WebAppContext@d36c1c3{/,file:///tmp/jetty-0.0.0.0-41844-hddsDatanode-_-any-4753722609923973611.dir/webapp/,AVAILABLE}{/hddsDatanode}
2019-11-14 19:59:10,840 [main] INFO  server.AbstractConnector (AbstractConnector.java:doStart(278)) - Started ServerConnector@96abc76{HTTP/1.1,[http/1.1]}{0.0.0.0:41844}
2019-11-14 19:59:10,841 [main] INFO  server.Server (Server.java:doStart(419)) - Started @302812ms
2019-11-14 19:59:10,841 [main] WARN  impl.MetricsSystemImpl (MetricsSystemImpl.java:register(276)) - Sink prometheus already exists!
2019-11-14 19:59:10,842 [main] INFO  server.BaseHttpServer (BaseHttpServer.java:updateConnectorAddress(215)) - HTTP server of HDDSDATANODE is listening at http://0.0.0.0:41844
2019-11-14 19:59:10,842 [main] INFO  impl.MetricsSystemImpl (MetricsSystemImpl.java:init(158)) - HddsDatanode metrics system started (again)
2019-11-14 19:59:10,844 [main] INFO  ozone.HddsDatanodeService (HddsDatanodeService.java:start(186)) - HddsDatanodeService host:pr-hdds-2489-n52xc-1246314526 ip:192.168.157.219
2019-11-14 19:59:10,844 [org.apache.hadoop.util.JvmPauseMonitor$Monitor@3da69d1e] INFO  util.JvmPauseMonitor (JvmPauseMonitor.java:run(188)) - Starting JVM pause monitor
2019-11-14 19:59:10,845 [Datanode State Machine Thread - 0] INFO  datanode.InitDatanodeState (InitDatanodeState.java:persistContainerDatanodeDetails(140)) - DatanodeDetails is persisted to /workdir/hadoop-ozone/integration-test/target/test-dir/MiniOzoneClusterImpl-df23ed15-4459-4301-a988-82089ad70e13/datanode-1/meta/datanode.id
2019-11-14 19:59:10,850 [main] INFO  volume.HddsVolume (HddsVolume.java:<init>(176)) - Creating Volume: /workdir/hadoop-ozone/integration-test/target/test-dir/MiniOzoneClusterImpl-df23ed15-4459-4301-a988-82089ad70e13/datanode-2/data/containers/hdds of  storage type : DISK and capacity : 1482555576320
2019-11-14 19:59:10,851 [main] INFO  volume.VolumeSet (VolumeSet.java:initializeVolumeSet(170)) - Added Volume : /workdir/hadoop-ozone/integration-test/target/test-dir/MiniOzoneClusterImpl-df23ed15-4459-4301-a988-82089ad70e13/datanode-2/data/containers/hdds to VolumeSet
2019-11-14 19:59:10,851 [main] INFO  volume.ThrottledAsyncChecker (ThrottledAsyncChecker.java:schedule(141)) - Scheduling a check for /workdir/hadoop-ozone/integration-test/target/test-dir/MiniOzoneClusterImpl-df23ed15-4459-4301-a988-82089ad70e13/datanode-2/data/containers/hdds
2019-11-14 19:59:10,851 [main] INFO  volume.HddsVolumeChecker (HddsVolumeChecker.java:checkAllVolumes(204)) - Scheduled health check for volume /workdir/hadoop-ozone/integration-test/target/test-dir/MiniOzoneClusterImpl-df23ed15-4459-4301-a988-82089ad70e13/datanode-2/data/containers/hdds
2019-11-14 19:59:10,860 [main] INFO  impl.RaftServerProxy (ConfUtils.java:logGet(43)) - raft.rpc.type = GRPC (default)
2019-11-14 19:59:10,861 [main] INFO  grpc.GrpcFactory (GrpcFactory.java:checkPooledByteBufAllocatorUseCacheForAllThreads(45)) - PERFORMANCE WARNING: useCacheForAllThreads is true that may cause Netty to create a lot garbage objects and, as a result, trigger GC.
	It is recommended to disable useCacheForAllThreads by setting -Dorg.apache.ratis.thirdparty.io.netty.allocator.useCacheForAllThreads=false in command line.
2019-11-14 19:59:10,861 [main] INFO  grpc.GrpcConfigKeys$Server (ConfUtils.java:logGet(43)) - raft.grpc.server.port = 0 (default)
2019-11-14 19:59:10,861 [main] INFO  server.GrpcService (ConfUtils.java:logGet(43)) - raft.grpc.message.size.max = 33570816 (custom)
2019-11-14 19:59:10,861 [main] INFO  server.RaftServerConfigKeys (ConfUtils.java:logGet(43)) - raft.server.log.appender.buffer.byte-limit = 33554432 (custom)
2019-11-14 19:59:10,861 [main] INFO  server.GrpcService (ConfUtils.java:logGet(43)) - raft.grpc.flow.control.window = 1MB (=1048576) (default)
2019-11-14 19:59:10,861 [main] INFO  server.RaftServerConfigKeys (ConfUtils.java:logGet(43)) - raft.server.rpc.request.timeout = 3000ms (default)
2019-11-14 19:59:10,862 [main] INFO  server.RaftServerConfigKeys (ConfUtils.java:logGet(43)) - raft.server.storage.dir = [/workdir/hadoop-ozone/integration-test/target/test-dir/MiniOzoneClusterImpl-df23ed15-4459-4301-a988-82089ad70e13/datanode-2/data/ratis] (custom)
2019-11-14 19:59:10,863 [main] INFO  hdfs.DFSUtil (DFSUtil.java:httpServerTemplateForNNAndJN(1641)) - Starting Web-server for hddsDatanode at: http://0.0.0.0:0
2019-11-14 19:59:10,864 [main] INFO  server.AuthenticationFilter (AuthenticationFilter.java:constructSecretProvider(240)) - Unable to initialize FileSignerSecretProvider, falling back to use random secrets.
2019-11-14 19:59:10,864 [main] WARN  http.HttpRequestLog (HttpRequestLog.java:getRequestLog(97)) - Jetty request log can only be enabled using Log4j
2019-11-14 19:59:10,865 [main] INFO  http.HttpServer2 (HttpServer2.java:addGlobalFilter(975)) - Added global filter 'safety' (class=org.apache.hadoop.http.HttpServer2$QuotingInputFilter)
2019-11-14 19:59:10,866 [main] INFO  http.HttpServer2 (HttpServer2.java:addFilter(948)) - Added filter static_user_filter (class=org.apache.hadoop.http.lib.StaticUserWebFilter$StaticUserFilter) to context hddsDatanode
2019-11-14 19:59:10,866 [main] INFO  http.HttpServer2 (HttpServer2.java:addFilter(958)) - Added filter static_user_filter (class=org.apache.hadoop.http.lib.StaticUserWebFilter$StaticUserFilter) to context logs
2019-11-14 19:59:10,866 [main] INFO  http.HttpServer2 (HttpServer2.java:addFilter(958)) - Added filter static_user_filter (class=org.apache.hadoop.http.lib.StaticUserWebFilter$StaticUserFilter) to context static
2019-11-14 19:59:10,867 [main] INFO  http.HttpServer2 (HttpServer2.java:bindListener(1191)) - Jetty bound to port 44774
2019-11-14 19:59:10,867 [main] INFO  server.Server (Server.java:doStart(351)) - jetty-9.3.25.v20180904, build timestamp: 2018-09-04T21:11:46Z, git hash: 3ce520221d0240229c862b122d2b06c12a625732
2019-11-14 19:59:10,868 [main] INFO  handler.ContextHandler (ContextHandler.java:doStart(781)) - Started o.e.j.s.ServletContextHandler@6206b4a7{/logs,file:///workdir/hadoop-ozone/integration-test/target/log,AVAILABLE}
2019-11-14 19:59:10,868 [main] INFO  handler.ContextHandler (ContextHandler.java:doStart(781)) - Started o.e.j.s.ServletContextHandler@5c1b89ac{/static,jar:file:/home/user/.m2/repository/org/apache/hadoop/hadoop-hdds-container-service/0.5.0-SNAPSHOT/hadoop-hdds-container-service-0.5.0-SNAPSHOT.jar!/webapps/static,AVAILABLE}
2019-11-14 19:59:10,896 [main] INFO  handler.ContextHandler (ContextHandler.java:doStart(781)) - Started o.e.j.w.WebAppContext@569348e1{/,file:///tmp/jetty-0.0.0.0-44774-hddsDatanode-_-any-5169221677281159956.dir/webapp/,AVAILABLE}{/hddsDatanode}
2019-11-14 19:59:10,896 [main] INFO  server.AbstractConnector (AbstractConnector.java:doStart(278)) - Started ServerConnector@7db5b890{HTTP/1.1,[http/1.1]}{0.0.0.0:44774}
2019-11-14 19:59:10,897 [main] INFO  server.Server (Server.java:doStart(419)) - Started @302868ms
2019-11-14 19:59:10,898 [main] WARN  impl.MetricsSystemImpl (MetricsSystemImpl.java:register(276)) - Sink prometheus already exists!
2019-11-14 19:59:10,898 [main] INFO  server.BaseHttpServer (BaseHttpServer.java:updateConnectorAddress(215)) - HTTP server of HDDSDATANODE is listening at http://0.0.0.0:44774
2019-11-14 19:59:10,899 [main] INFO  impl.MetricsSystemImpl (MetricsSystemImpl.java:init(158)) - HddsDatanode metrics system started (again)
2019-11-14 19:59:10,901 [main] INFO  ozone.HddsDatanodeService (HddsDatanodeService.java:start(186)) - HddsDatanodeService host:pr-hdds-2489-n52xc-1246314526 ip:192.168.157.219
2019-11-14 19:59:10,901 [org.apache.hadoop.util.JvmPauseMonitor$Monitor@2adb44ec] INFO  util.JvmPauseMonitor (JvmPauseMonitor.java:run(188)) - Starting JVM pause monitor
2019-11-14 19:59:10,902 [Datanode State Machine Thread - 0] INFO  datanode.InitDatanodeState (InitDatanodeState.java:persistContainerDatanodeDetails(140)) - DatanodeDetails is persisted to /workdir/hadoop-ozone/integration-test/target/test-dir/MiniOzoneClusterImpl-df23ed15-4459-4301-a988-82089ad70e13/datanode-2/meta/datanode.id
2019-11-14 19:59:10,908 [main] INFO  volume.HddsVolume (HddsVolume.java:<init>(176)) - Creating Volume: /workdir/hadoop-ozone/integration-test/target/test-dir/MiniOzoneClusterImpl-df23ed15-4459-4301-a988-82089ad70e13/datanode-3/data/containers/hdds of  storage type : DISK and capacity : 1482555576320
2019-11-14 19:59:10,908 [main] INFO  volume.VolumeSet (VolumeSet.java:initializeVolumeSet(170)) - Added Volume : /workdir/hadoop-ozone/integration-test/target/test-dir/MiniOzoneClusterImpl-df23ed15-4459-4301-a988-82089ad70e13/datanode-3/data/containers/hdds to VolumeSet
2019-11-14 19:59:10,908 [main] INFO  volume.ThrottledAsyncChecker (ThrottledAsyncChecker.java:schedule(141)) - Scheduling a check for /workdir/hadoop-ozone/integration-test/target/test-dir/MiniOzoneClusterImpl-df23ed15-4459-4301-a988-82089ad70e13/datanode-3/data/containers/hdds
2019-11-14 19:59:10,909 [main] INFO  volume.HddsVolumeChecker (HddsVolumeChecker.java:checkAllVolumes(204)) - Scheduled health check for volume /workdir/hadoop-ozone/integration-test/target/test-dir/MiniOzoneClusterImpl-df23ed15-4459-4301-a988-82089ad70e13/datanode-3/data/containers/hdds
2019-11-14 19:59:10,919 [main] INFO  impl.RaftServerProxy (ConfUtils.java:logGet(43)) - raft.rpc.type = GRPC (default)
2019-11-14 19:59:10,919 [main] INFO  grpc.GrpcFactory (GrpcFactory.java:checkPooledByteBufAllocatorUseCacheForAllThreads(45)) - PERFORMANCE WARNING: useCacheForAllThreads is true that may cause Netty to create a lot garbage objects and, as a result, trigger GC.
	It is recommended to disable useCacheForAllThreads by setting -Dorg.apache.ratis.thirdparty.io.netty.allocator.useCacheForAllThreads=false in command line.
2019-11-14 19:59:10,919 [main] INFO  grpc.GrpcConfigKeys$Server (ConfUtils.java:logGet(43)) - raft.grpc.server.port = 0 (default)
2019-11-14 19:59:10,919 [main] INFO  server.GrpcService (ConfUtils.java:logGet(43)) - raft.grpc.message.size.max = 33570816 (custom)
2019-11-14 19:59:10,919 [main] INFO  server.RaftServerConfigKeys (ConfUtils.java:logGet(43)) - raft.server.log.appender.buffer.byte-limit = 33554432 (custom)
2019-11-14 19:59:10,920 [main] INFO  server.GrpcService (ConfUtils.java:logGet(43)) - raft.grpc.flow.control.window = 1MB (=1048576) (default)
2019-11-14 19:59:10,920 [main] INFO  server.RaftServerConfigKeys (ConfUtils.java:logGet(43)) - raft.server.rpc.request.timeout = 3000ms (default)
2019-11-14 19:59:10,920 [main] INFO  server.RaftServerConfigKeys (ConfUtils.java:logGet(43)) - raft.server.storage.dir = [/workdir/hadoop-ozone/integration-test/target/test-dir/MiniOzoneClusterImpl-df23ed15-4459-4301-a988-82089ad70e13/datanode-3/data/ratis] (custom)
2019-11-14 19:59:10,921 [main] INFO  hdfs.DFSUtil (DFSUtil.java:httpServerTemplateForNNAndJN(1641)) - Starting Web-server for hddsDatanode at: http://0.0.0.0:0
2019-11-14 19:59:10,922 [main] INFO  server.AuthenticationFilter (AuthenticationFilter.java:constructSecretProvider(240)) - Unable to initialize FileSignerSecretProvider, falling back to use random secrets.
2019-11-14 19:59:10,923 [main] WARN  http.HttpRequestLog (HttpRequestLog.java:getRequestLog(97)) - Jetty request log can only be enabled using Log4j
2019-11-14 19:59:10,924 [main] INFO  http.HttpServer2 (HttpServer2.java:addGlobalFilter(975)) - Added global filter 'safety' (class=org.apache.hadoop.http.HttpServer2$QuotingInputFilter)
2019-11-14 19:59:10,924 [main] INFO  http.HttpServer2 (HttpServer2.java:addFilter(948)) - Added filter static_user_filter (class=org.apache.hadoop.http.lib.StaticUserWebFilter$StaticUserFilter) to context hddsDatanode
2019-11-14 19:59:10,924 [main] INFO  http.HttpServer2 (HttpServer2.java:addFilter(958)) - Added filter static_user_filter (class=org.apache.hadoop.http.lib.StaticUserWebFilter$StaticUserFilter) to context static
2019-11-14 19:59:10,924 [main] INFO  http.HttpServer2 (HttpServer2.java:addFilter(958)) - Added filter static_user_filter (class=org.apache.hadoop.http.lib.StaticUserWebFilter$StaticUserFilter) to context logs
2019-11-14 19:59:10,925 [main] INFO  http.HttpServer2 (HttpServer2.java:bindListener(1191)) - Jetty bound to port 38137
2019-11-14 19:59:10,925 [main] INFO  server.Server (Server.java:doStart(351)) - jetty-9.3.25.v20180904, build timestamp: 2018-09-04T21:11:46Z, git hash: 3ce520221d0240229c862b122d2b06c12a625732
2019-11-14 19:59:10,926 [main] INFO  handler.ContextHandler (ContextHandler.java:doStart(781)) - Started o.e.j.s.ServletContextHandler@6af78a48{/logs,file:///workdir/hadoop-ozone/integration-test/target/log,AVAILABLE}
2019-11-14 19:59:10,927 [main] INFO  handler.ContextHandler (ContextHandler.java:doStart(781)) - Started o.e.j.s.ServletContextHandler@4c24f3a2{/static,jar:file:/home/user/.m2/repository/org/apache/hadoop/hadoop-hdds-container-service/0.5.0-SNAPSHOT/hadoop-hdds-container-service-0.5.0-SNAPSHOT.jar!/webapps/static,AVAILABLE}
2019-11-14 19:59:10,955 [main] INFO  handler.ContextHandler (ContextHandler.java:doStart(781)) - Started o.e.j.w.WebAppContext@23ad2d17{/,file:///tmp/jetty-0.0.0.0-38137-hddsDatanode-_-any-4356163925014642795.dir/webapp/,AVAILABLE}{/hddsDatanode}
2019-11-14 19:59:10,956 [main] INFO  server.AbstractConnector (AbstractConnector.java:doStart(278)) - Started ServerConnector@6bce4140{HTTP/1.1,[http/1.1]}{0.0.0.0:38137}
2019-11-14 19:59:10,956 [main] INFO  server.Server (Server.java:doStart(419)) - Started @302927ms
2019-11-14 19:59:10,957 [main] WARN  impl.MetricsSystemImpl (MetricsSystemImpl.java:register(276)) - Sink prometheus already exists!
2019-11-14 19:59:10,958 [main] INFO  server.BaseHttpServer (BaseHttpServer.java:updateConnectorAddress(215)) - HTTP server of HDDSDATANODE is listening at http://0.0.0.0:38137
2019-11-14 19:59:10,958 [main] INFO  impl.MetricsSystemImpl (MetricsSystemImpl.java:init(158)) - HddsDatanode metrics system started (again)
2019-11-14 19:59:10,960 [main] INFO  ozone.HddsDatanodeService (HddsDatanodeService.java:start(186)) - HddsDatanodeService host:pr-hdds-2489-n52xc-1246314526 ip:192.168.157.219
2019-11-14 19:59:10,960 [org.apache.hadoop.util.JvmPauseMonitor$Monitor@9263f24] INFO  util.JvmPauseMonitor (JvmPauseMonitor.java:run(188)) - Starting JVM pause monitor
2019-11-14 19:59:10,962 [Datanode State Machine Thread - 0] INFO  datanode.InitDatanodeState (InitDatanodeState.java:persistContainerDatanodeDetails(140)) - DatanodeDetails is persisted to /workdir/hadoop-ozone/integration-test/target/test-dir/MiniOzoneClusterImpl-df23ed15-4459-4301-a988-82089ad70e13/datanode-3/meta/datanode.id
2019-11-14 19:59:10,967 [main] INFO  volume.HddsVolume (HddsVolume.java:<init>(176)) - Creating Volume: /workdir/hadoop-ozone/integration-test/target/test-dir/MiniOzoneClusterImpl-df23ed15-4459-4301-a988-82089ad70e13/datanode-4/data/containers/hdds of  storage type : DISK and capacity : 1482555576320
2019-11-14 19:59:10,967 [main] INFO  volume.VolumeSet (VolumeSet.java:initializeVolumeSet(170)) - Added Volume : /workdir/hadoop-ozone/integration-test/target/test-dir/MiniOzoneClusterImpl-df23ed15-4459-4301-a988-82089ad70e13/datanode-4/data/containers/hdds to VolumeSet
2019-11-14 19:59:10,968 [main] INFO  volume.ThrottledAsyncChecker (ThrottledAsyncChecker.java:schedule(141)) - Scheduling a check for /workdir/hadoop-ozone/integration-test/target/test-dir/MiniOzoneClusterImpl-df23ed15-4459-4301-a988-82089ad70e13/datanode-4/data/containers/hdds
2019-11-14 19:59:10,968 [main] INFO  volume.HddsVolumeChecker (HddsVolumeChecker.java:checkAllVolumes(204)) - Scheduled health check for volume /workdir/hadoop-ozone/integration-test/target/test-dir/MiniOzoneClusterImpl-df23ed15-4459-4301-a988-82089ad70e13/datanode-4/data/containers/hdds
2019-11-14 19:59:10,982 [main] INFO  impl.RaftServerProxy (ConfUtils.java:logGet(43)) - raft.rpc.type = GRPC (default)
2019-11-14 19:59:10,982 [main] INFO  grpc.GrpcFactory (GrpcFactory.java:checkPooledByteBufAllocatorUseCacheForAllThreads(45)) - PERFORMANCE WARNING: useCacheForAllThreads is true that may cause Netty to create a lot garbage objects and, as a result, trigger GC.
	It is recommended to disable useCacheForAllThreads by setting -Dorg.apache.ratis.thirdparty.io.netty.allocator.useCacheForAllThreads=false in command line.
2019-11-14 19:59:10,982 [main] INFO  grpc.GrpcConfigKeys$Server (ConfUtils.java:logGet(43)) - raft.grpc.server.port = 0 (default)
2019-11-14 19:59:10,983 [main] INFO  server.GrpcService (ConfUtils.java:logGet(43)) - raft.grpc.message.size.max = 33570816 (custom)
2019-11-14 19:59:10,983 [main] INFO  server.RaftServerConfigKeys (ConfUtils.java:logGet(43)) - raft.server.log.appender.buffer.byte-limit = 33554432 (custom)
2019-11-14 19:59:10,983 [main] INFO  server.GrpcService (ConfUtils.java:logGet(43)) - raft.grpc.flow.control.window = 1MB (=1048576) (default)
2019-11-14 19:59:10,983 [main] INFO  server.RaftServerConfigKeys (ConfUtils.java:logGet(43)) - raft.server.rpc.request.timeout = 3000ms (default)
2019-11-14 19:59:10,984 [main] INFO  server.RaftServerConfigKeys (ConfUtils.java:logGet(43)) - raft.server.storage.dir = [/workdir/hadoop-ozone/integration-test/target/test-dir/MiniOzoneClusterImpl-df23ed15-4459-4301-a988-82089ad70e13/datanode-4/data/ratis] (custom)
2019-11-14 19:59:10,985 [main] INFO  hdfs.DFSUtil (DFSUtil.java:httpServerTemplateForNNAndJN(1641)) - Starting Web-server for hddsDatanode at: http://0.0.0.0:0
2019-11-14 19:59:10,987 [main] INFO  server.AuthenticationFilter (AuthenticationFilter.java:constructSecretProvider(240)) - Unable to initialize FileSignerSecretProvider, falling back to use random secrets.
2019-11-14 19:59:10,987 [main] WARN  http.HttpRequestLog (HttpRequestLog.java:getRequestLog(97)) - Jetty request log can only be enabled using Log4j
2019-11-14 19:59:10,988 [main] INFO  http.HttpServer2 (HttpServer2.java:addGlobalFilter(975)) - Added global filter 'safety' (class=org.apache.hadoop.http.HttpServer2$QuotingInputFilter)
2019-11-14 19:59:10,989 [main] INFO  http.HttpServer2 (HttpServer2.java:addFilter(948)) - Added filter static_user_filter (class=org.apache.hadoop.http.lib.StaticUserWebFilter$StaticUserFilter) to context hddsDatanode
2019-11-14 19:59:10,989 [main] INFO  http.HttpServer2 (HttpServer2.java:addFilter(958)) - Added filter static_user_filter (class=org.apache.hadoop.http.lib.StaticUserWebFilter$StaticUserFilter) to context static
2019-11-14 19:59:10,989 [main] INFO  http.HttpServer2 (HttpServer2.java:addFilter(958)) - Added filter static_user_filter (class=org.apache.hadoop.http.lib.StaticUserWebFilter$StaticUserFilter) to context logs
2019-11-14 19:59:10,990 [main] INFO  http.HttpServer2 (HttpServer2.java:bindListener(1191)) - Jetty bound to port 40037
2019-11-14 19:59:10,990 [main] INFO  server.Server (Server.java:doStart(351)) - jetty-9.3.25.v20180904, build timestamp: 2018-09-04T21:11:46Z, git hash: 3ce520221d0240229c862b122d2b06c12a625732
2019-11-14 19:59:10,992 [main] INFO  handler.ContextHandler (ContextHandler.java:doStart(781)) - Started o.e.j.s.ServletContextHandler@59328218{/logs,file:///workdir/hadoop-ozone/integration-test/target/log,AVAILABLE}
2019-11-14 19:59:10,992 [main] INFO  handler.ContextHandler (ContextHandler.java:doStart(781)) - Started o.e.j.s.ServletContextHandler@478967eb{/static,jar:file:/home/user/.m2/repository/org/apache/hadoop/hadoop-hdds-container-service/0.5.0-SNAPSHOT/hadoop-hdds-container-service-0.5.0-SNAPSHOT.jar!/webapps/static,AVAILABLE}
2019-11-14 19:59:11,029 [main] INFO  handler.ContextHandler (ContextHandler.java:doStart(781)) - Started o.e.j.w.WebAppContext@17fbfb02{/,file:///tmp/jetty-0.0.0.0-40037-hddsDatanode-_-any-8801962929441486865.dir/webapp/,AVAILABLE}{/hddsDatanode}
2019-11-14 19:59:11,030 [main] INFO  server.AbstractConnector (AbstractConnector.java:doStart(278)) - Started ServerConnector@8f2e3e6{HTTP/1.1,[http/1.1]}{0.0.0.0:40037}
2019-11-14 19:59:11,031 [main] INFO  server.Server (Server.java:doStart(419)) - Started @303002ms
2019-11-14 19:59:11,031 [main] WARN  impl.MetricsSystemImpl (MetricsSystemImpl.java:register(276)) - Sink prometheus already exists!
2019-11-14 19:59:11,032 [main] INFO  server.BaseHttpServer (BaseHttpServer.java:updateConnectorAddress(215)) - HTTP server of HDDSDATANODE is listening at http://0.0.0.0:40037
2019-11-14 19:59:11,032 [main] INFO  impl.MetricsSystemImpl (MetricsSystemImpl.java:init(158)) - HddsDatanode metrics system started (again)
2019-11-14 19:59:11,036 [org.apache.hadoop.util.JvmPauseMonitor$Monitor@45dc9307] INFO  util.JvmPauseMonitor (JvmPauseMonitor.java:run(188)) - Starting JVM pause monitor
2019-11-14 19:59:11,036 [main] INFO  ozone.HddsDatanodeService (HddsDatanodeService.java:start(186)) - HddsDatanodeService host:pr-hdds-2489-n52xc-1246314526 ip:192.168.157.219
2019-11-14 19:59:11,037 [Datanode State Machine Thread - 0] INFO  datanode.InitDatanodeState (InitDatanodeState.java:persistContainerDatanodeDetails(140)) - DatanodeDetails is persisted to /workdir/hadoop-ozone/integration-test/target/test-dir/MiniOzoneClusterImpl-df23ed15-4459-4301-a988-82089ad70e13/datanode-4/meta/datanode.id
2019-11-14 19:59:11,043 [main] INFO  volume.HddsVolume (HddsVolume.java:<init>(176)) - Creating Volume: /workdir/hadoop-ozone/integration-test/target/test-dir/MiniOzoneClusterImpl-df23ed15-4459-4301-a988-82089ad70e13/datanode-5/data/containers/hdds of  storage type : DISK and capacity : 1482555576320
2019-11-14 19:59:11,043 [main] INFO  volume.VolumeSet (VolumeSet.java:initializeVolumeSet(170)) - Added Volume : /workdir/hadoop-ozone/integration-test/target/test-dir/MiniOzoneClusterImpl-df23ed15-4459-4301-a988-82089ad70e13/datanode-5/data/containers/hdds to VolumeSet
2019-11-14 19:59:11,044 [main] INFO  volume.ThrottledAsyncChecker (ThrottledAsyncChecker.java:schedule(141)) - Scheduling a check for /workdir/hadoop-ozone/integration-test/target/test-dir/MiniOzoneClusterImpl-df23ed15-4459-4301-a988-82089ad70e13/datanode-5/data/containers/hdds
2019-11-14 19:59:11,044 [main] INFO  volume.HddsVolumeChecker (HddsVolumeChecker.java:checkAllVolumes(204)) - Scheduled health check for volume /workdir/hadoop-ozone/integration-test/target/test-dir/MiniOzoneClusterImpl-df23ed15-4459-4301-a988-82089ad70e13/datanode-5/data/containers/hdds
2019-11-14 19:59:11,057 [main] INFO  impl.RaftServerProxy (ConfUtils.java:logGet(43)) - raft.rpc.type = GRPC (default)
2019-11-14 19:59:11,057 [main] INFO  grpc.GrpcFactory (GrpcFactory.java:checkPooledByteBufAllocatorUseCacheForAllThreads(45)) - PERFORMANCE WARNING: useCacheForAllThreads is true that may cause Netty to create a lot garbage objects and, as a result, trigger GC.
	It is recommended to disable useCacheForAllThreads by setting -Dorg.apache.ratis.thirdparty.io.netty.allocator.useCacheForAllThreads=false in command line.
2019-11-14 19:59:11,057 [main] INFO  grpc.GrpcConfigKeys$Server (ConfUtils.java:logGet(43)) - raft.grpc.server.port = 0 (default)
2019-11-14 19:59:11,057 [main] INFO  server.GrpcService (ConfUtils.java:logGet(43)) - raft.grpc.message.size.max = 33570816 (custom)
2019-11-14 19:59:11,058 [main] INFO  server.RaftServerConfigKeys (ConfUtils.java:logGet(43)) - raft.server.log.appender.buffer.byte-limit = 33554432 (custom)
2019-11-14 19:59:11,058 [main] INFO  server.GrpcService (ConfUtils.java:logGet(43)) - raft.grpc.flow.control.window = 1MB (=1048576) (default)
2019-11-14 19:59:11,058 [main] INFO  server.RaftServerConfigKeys (ConfUtils.java:logGet(43)) - raft.server.rpc.request.timeout = 3000ms (default)
2019-11-14 19:59:11,058 [main] INFO  server.RaftServerConfigKeys (ConfUtils.java:logGet(43)) - raft.server.storage.dir = [/workdir/hadoop-ozone/integration-test/target/test-dir/MiniOzoneClusterImpl-df23ed15-4459-4301-a988-82089ad70e13/datanode-5/data/ratis] (custom)
2019-11-14 19:59:11,060 [main] INFO  hdfs.DFSUtil (DFSUtil.java:httpServerTemplateForNNAndJN(1641)) - Starting Web-server for hddsDatanode at: http://0.0.0.0:0
2019-11-14 19:59:11,061 [main] INFO  server.AuthenticationFilter (AuthenticationFilter.java:constructSecretProvider(240)) - Unable to initialize FileSignerSecretProvider, falling back to use random secrets.
2019-11-14 19:59:11,062 [main] WARN  http.HttpRequestLog (HttpRequestLog.java:getRequestLog(97)) - Jetty request log can only be enabled using Log4j
2019-11-14 19:59:11,063 [main] INFO  http.HttpServer2 (HttpServer2.java:addGlobalFilter(975)) - Added global filter 'safety' (class=org.apache.hadoop.http.HttpServer2$QuotingInputFilter)
2019-11-14 19:59:11,063 [main] INFO  http.HttpServer2 (HttpServer2.java:addFilter(948)) - Added filter static_user_filter (class=org.apache.hadoop.http.lib.StaticUserWebFilter$StaticUserFilter) to context hddsDatanode
2019-11-14 19:59:11,063 [main] INFO  http.HttpServer2 (HttpServer2.java:addFilter(958)) - Added filter static_user_filter (class=org.apache.hadoop.http.lib.StaticUserWebFilter$StaticUserFilter) to context logs
2019-11-14 19:59:11,064 [main] INFO  http.HttpServer2 (HttpServer2.java:addFilter(958)) - Added filter static_user_filter (class=org.apache.hadoop.http.lib.StaticUserWebFilter$StaticUserFilter) to context static
2019-11-14 19:59:11,064 [main] INFO  http.HttpServer2 (HttpServer2.java:bindListener(1191)) - Jetty bound to port 44126
2019-11-14 19:59:11,064 [main] INFO  server.Server (Server.java:doStart(351)) - jetty-9.3.25.v20180904, build timestamp: 2018-09-04T21:11:46Z, git hash: 3ce520221d0240229c862b122d2b06c12a625732
2019-11-14 19:59:11,066 [main] INFO  handler.ContextHandler (ContextHandler.java:doStart(781)) - Started o.e.j.s.ServletContextHandler@7ac48f05{/logs,file:///workdir/hadoop-ozone/integration-test/target/log,AVAILABLE}
2019-11-14 19:59:11,066 [main] INFO  handler.ContextHandler (ContextHandler.java:doStart(781)) - Started o.e.j.s.ServletContextHandler@27ffd9f8{/static,jar:file:/home/user/.m2/repository/org/apache/hadoop/hadoop-hdds-container-service/0.5.0-SNAPSHOT/hadoop-hdds-container-service-0.5.0-SNAPSHOT.jar!/webapps/static,AVAILABLE}
2019-11-14 19:59:11,095 [main] INFO  handler.ContextHandler (ContextHandler.java:doStart(781)) - Started o.e.j.w.WebAppContext@7caf1e5{/,file:///tmp/jetty-0.0.0.0-44126-hddsDatanode-_-any-3667564149879475470.dir/webapp/,AVAILABLE}{/hddsDatanode}
2019-11-14 19:59:11,096 [main] INFO  server.AbstractConnector (AbstractConnector.java:doStart(278)) - Started ServerConnector@5c234920{HTTP/1.1,[http/1.1]}{0.0.0.0:44126}
2019-11-14 19:59:11,096 [main] INFO  server.Server (Server.java:doStart(419)) - Started @303067ms
2019-11-14 19:59:11,097 [main] WARN  impl.MetricsSystemImpl (MetricsSystemImpl.java:register(276)) - Sink prometheus already exists!
2019-11-14 19:59:11,098 [main] INFO  server.BaseHttpServer (BaseHttpServer.java:updateConnectorAddress(215)) - HTTP server of HDDSDATANODE is listening at http://0.0.0.0:44126
2019-11-14 19:59:11,098 [main] INFO  impl.MetricsSystemImpl (MetricsSystemImpl.java:init(158)) - HddsDatanode metrics system started (again)
2019-11-14 19:59:11,101 [main] INFO  ozone.HddsDatanodeService (HddsDatanodeService.java:start(186)) - HddsDatanodeService host:pr-hdds-2489-n52xc-1246314526 ip:192.168.157.219
2019-11-14 19:59:11,101 [org.apache.hadoop.util.JvmPauseMonitor$Monitor@6bf9784c] INFO  util.JvmPauseMonitor (JvmPauseMonitor.java:run(188)) - Starting JVM pause monitor
2019-11-14 19:59:11,103 [Datanode State Machine Thread - 0] INFO  datanode.InitDatanodeState (InitDatanodeState.java:persistContainerDatanodeDetails(140)) - DatanodeDetails is persisted to /workdir/hadoop-ozone/integration-test/target/test-dir/MiniOzoneClusterImpl-df23ed15-4459-4301-a988-82089ad70e13/datanode-5/meta/datanode.id
2019-11-14 19:59:11,108 [main] INFO  volume.HddsVolume (HddsVolume.java:<init>(176)) - Creating Volume: /workdir/hadoop-ozone/integration-test/target/test-dir/MiniOzoneClusterImpl-df23ed15-4459-4301-a988-82089ad70e13/datanode-6/data/containers/hdds of  storage type : DISK and capacity : 1482555576320
2019-11-14 19:59:11,108 [main] INFO  volume.VolumeSet (VolumeSet.java:initializeVolumeSet(170)) - Added Volume : /workdir/hadoop-ozone/integration-test/target/test-dir/MiniOzoneClusterImpl-df23ed15-4459-4301-a988-82089ad70e13/datanode-6/data/containers/hdds to VolumeSet
2019-11-14 19:59:11,109 [main] INFO  volume.ThrottledAsyncChecker (ThrottledAsyncChecker.java:schedule(141)) - Scheduling a check for /workdir/hadoop-ozone/integration-test/target/test-dir/MiniOzoneClusterImpl-df23ed15-4459-4301-a988-82089ad70e13/datanode-6/data/containers/hdds
2019-11-14 19:59:11,109 [main] INFO  volume.HddsVolumeChecker (HddsVolumeChecker.java:checkAllVolumes(204)) - Scheduled health check for volume /workdir/hadoop-ozone/integration-test/target/test-dir/MiniOzoneClusterImpl-df23ed15-4459-4301-a988-82089ad70e13/datanode-6/data/containers/hdds
2019-11-14 19:59:11,119 [main] INFO  impl.RaftServerProxy (ConfUtils.java:logGet(43)) - raft.rpc.type = GRPC (default)
2019-11-14 19:59:11,119 [main] INFO  grpc.GrpcFactory (GrpcFactory.java:checkPooledByteBufAllocatorUseCacheForAllThreads(45)) - PERFORMANCE WARNING: useCacheForAllThreads is true that may cause Netty to create a lot garbage objects and, as a result, trigger GC.
	It is recommended to disable useCacheForAllThreads by setting -Dorg.apache.ratis.thirdparty.io.netty.allocator.useCacheForAllThreads=false in command line.
2019-11-14 19:59:11,119 [main] INFO  grpc.GrpcConfigKeys$Server (ConfUtils.java:logGet(43)) - raft.grpc.server.port = 0 (default)
2019-11-14 19:59:11,120 [main] INFO  server.GrpcService (ConfUtils.java:logGet(43)) - raft.grpc.message.size.max = 33570816 (custom)
2019-11-14 19:59:11,120 [main] INFO  server.RaftServerConfigKeys (ConfUtils.java:logGet(43)) - raft.server.log.appender.buffer.byte-limit = 33554432 (custom)
2019-11-14 19:59:11,120 [main] INFO  server.GrpcService (ConfUtils.java:logGet(43)) - raft.grpc.flow.control.window = 1MB (=1048576) (default)
2019-11-14 19:59:11,120 [main] INFO  server.RaftServerConfigKeys (ConfUtils.java:logGet(43)) - raft.server.rpc.request.timeout = 3000ms (default)
2019-11-14 19:59:11,120 [main] INFO  server.RaftServerConfigKeys (ConfUtils.java:logGet(43)) - raft.server.storage.dir = [/workdir/hadoop-ozone/integration-test/target/test-dir/MiniOzoneClusterImpl-df23ed15-4459-4301-a988-82089ad70e13/datanode-6/data/ratis] (custom)
2019-11-14 19:59:11,122 [main] INFO  hdfs.DFSUtil (DFSUtil.java:httpServerTemplateForNNAndJN(1641)) - Starting Web-server for hddsDatanode at: http://0.0.0.0:0
2019-11-14 19:59:11,123 [main] INFO  server.AuthenticationFilter (AuthenticationFilter.java:constructSecretProvider(240)) - Unable to initialize FileSignerSecretProvider, falling back to use random secrets.
2019-11-14 19:59:11,123 [main] WARN  http.HttpRequestLog (HttpRequestLog.java:getRequestLog(97)) - Jetty request log can only be enabled using Log4j
2019-11-14 19:59:11,124 [main] INFO  http.HttpServer2 (HttpServer2.java:addGlobalFilter(975)) - Added global filter 'safety' (class=org.apache.hadoop.http.HttpServer2$QuotingInputFilter)
2019-11-14 19:59:11,124 [main] INFO  http.HttpServer2 (HttpServer2.java:addFilter(948)) - Added filter static_user_filter (class=org.apache.hadoop.http.lib.StaticUserWebFilter$StaticUserFilter) to context hddsDatanode
2019-11-14 19:59:11,124 [main] INFO  http.HttpServer2 (HttpServer2.java:addFilter(958)) - Added filter static_user_filter (class=org.apache.hadoop.http.lib.StaticUserWebFilter$StaticUserFilter) to context logs
2019-11-14 19:59:11,125 [main] INFO  http.HttpServer2 (HttpServer2.java:addFilter(958)) - Added filter static_user_filter (class=org.apache.hadoop.http.lib.StaticUserWebFilter$StaticUserFilter) to context static
2019-11-14 19:59:11,125 [main] INFO  http.HttpServer2 (HttpServer2.java:bindListener(1191)) - Jetty bound to port 39248
2019-11-14 19:59:11,125 [main] INFO  server.Server (Server.java:doStart(351)) - jetty-9.3.25.v20180904, build timestamp: 2018-09-04T21:11:46Z, git hash: 3ce520221d0240229c862b122d2b06c12a625732
2019-11-14 19:59:11,126 [main] INFO  handler.ContextHandler (ContextHandler.java:doStart(781)) - Started o.e.j.s.ServletContextHandler@1216eb3f{/logs,file:///workdir/hadoop-ozone/integration-test/target/log,AVAILABLE}
2019-11-14 19:59:11,127 [main] INFO  handler.ContextHandler (ContextHandler.java:doStart(781)) - Started o.e.j.s.ServletContextHandler@482ba4b1{/static,jar:file:/home/user/.m2/repository/org/apache/hadoop/hadoop-hdds-container-service/0.5.0-SNAPSHOT/hadoop-hdds-container-service-0.5.0-SNAPSHOT.jar!/webapps/static,AVAILABLE}
2019-11-14 19:59:11,155 [main] INFO  handler.ContextHandler (ContextHandler.java:doStart(781)) - Started o.e.j.w.WebAppContext@23b1aa9{/,file:///tmp/jetty-0.0.0.0-39248-hddsDatanode-_-any-6341290254164611399.dir/webapp/,AVAILABLE}{/hddsDatanode}
2019-11-14 19:59:11,155 [main] INFO  server.AbstractConnector (AbstractConnector.java:doStart(278)) - Started ServerConnector@54489296{HTTP/1.1,[http/1.1]}{0.0.0.0:39248}
2019-11-14 19:59:11,156 [main] INFO  server.Server (Server.java:doStart(419)) - Started @303127ms
2019-11-14 19:59:11,156 [main] WARN  impl.MetricsSystemImpl (MetricsSystemImpl.java:register(276)) - Sink prometheus already exists!
2019-11-14 19:59:11,157 [main] INFO  server.BaseHttpServer (BaseHttpServer.java:updateConnectorAddress(215)) - HTTP server of HDDSDATANODE is listening at http://0.0.0.0:39248
2019-11-14 19:59:11,157 [main] INFO  impl.MetricsSystemImpl (MetricsSystemImpl.java:init(158)) - HddsDatanode metrics system started (again)
2019-11-14 19:59:11,160 [org.apache.hadoop.util.JvmPauseMonitor$Monitor@4fca8118] INFO  util.JvmPauseMonitor (JvmPauseMonitor.java:run(188)) - Starting JVM pause monitor
2019-11-14 19:59:11,161 [main] INFO  ozone.HddsDatanodeService (HddsDatanodeService.java:start(186)) - HddsDatanodeService host:pr-hdds-2489-n52xc-1246314526 ip:192.168.157.219
2019-11-14 19:59:11,162 [Datanode State Machine Thread - 0] INFO  datanode.InitDatanodeState (InitDatanodeState.java:persistContainerDatanodeDetails(140)) - DatanodeDetails is persisted to /workdir/hadoop-ozone/integration-test/target/test-dir/MiniOzoneClusterImpl-df23ed15-4459-4301-a988-82089ad70e13/datanode-6/meta/datanode.id
2019-11-14 19:59:11,167 [main] INFO  volume.HddsVolume (HddsVolume.java:<init>(176)) - Creating Volume: /workdir/hadoop-ozone/integration-test/target/test-dir/MiniOzoneClusterImpl-df23ed15-4459-4301-a988-82089ad70e13/datanode-7/data/containers/hdds of  storage type : DISK and capacity : 1482555576320
2019-11-14 19:59:11,167 [main] INFO  volume.VolumeSet (VolumeSet.java:initializeVolumeSet(170)) - Added Volume : /workdir/hadoop-ozone/integration-test/target/test-dir/MiniOzoneClusterImpl-df23ed15-4459-4301-a988-82089ad70e13/datanode-7/data/containers/hdds to VolumeSet
2019-11-14 19:59:11,168 [main] INFO  volume.ThrottledAsyncChecker (ThrottledAsyncChecker.java:schedule(141)) - Scheduling a check for /workdir/hadoop-ozone/integration-test/target/test-dir/MiniOzoneClusterImpl-df23ed15-4459-4301-a988-82089ad70e13/datanode-7/data/containers/hdds
2019-11-14 19:59:11,168 [main] INFO  volume.HddsVolumeChecker (HddsVolumeChecker.java:checkAllVolumes(204)) - Scheduled health check for volume /workdir/hadoop-ozone/integration-test/target/test-dir/MiniOzoneClusterImpl-df23ed15-4459-4301-a988-82089ad70e13/datanode-7/data/containers/hdds
2019-11-14 19:59:11,179 [main] INFO  impl.RaftServerProxy (ConfUtils.java:logGet(43)) - raft.rpc.type = GRPC (default)
2019-11-14 19:59:11,179 [main] INFO  grpc.GrpcFactory (GrpcFactory.java:checkPooledByteBufAllocatorUseCacheForAllThreads(45)) - PERFORMANCE WARNING: useCacheForAllThreads is true that may cause Netty to create a lot garbage objects and, as a result, trigger GC.
	It is recommended to disable useCacheForAllThreads by setting -Dorg.apache.ratis.thirdparty.io.netty.allocator.useCacheForAllThreads=false in command line.
2019-11-14 19:59:11,179 [main] INFO  grpc.GrpcConfigKeys$Server (ConfUtils.java:logGet(43)) - raft.grpc.server.port = 0 (default)
2019-11-14 19:59:11,179 [main] INFO  server.GrpcService (ConfUtils.java:logGet(43)) - raft.grpc.message.size.max = 33570816 (custom)
2019-11-14 19:59:11,179 [main] INFO  server.RaftServerConfigKeys (ConfUtils.java:logGet(43)) - raft.server.log.appender.buffer.byte-limit = 33554432 (custom)
2019-11-14 19:59:11,179 [main] INFO  server.GrpcService (ConfUtils.java:logGet(43)) - raft.grpc.flow.control.window = 1MB (=1048576) (default)
2019-11-14 19:59:11,180 [main] INFO  server.RaftServerConfigKeys (ConfUtils.java:logGet(43)) - raft.server.rpc.request.timeout = 3000ms (default)
2019-11-14 19:59:11,180 [main] INFO  server.RaftServerConfigKeys (ConfUtils.java:logGet(43)) - raft.server.storage.dir = [/workdir/hadoop-ozone/integration-test/target/test-dir/MiniOzoneClusterImpl-df23ed15-4459-4301-a988-82089ad70e13/datanode-7/data/ratis] (custom)
2019-11-14 19:59:11,184 [main] INFO  hdfs.DFSUtil (DFSUtil.java:httpServerTemplateForNNAndJN(1641)) - Starting Web-server for hddsDatanode at: http://0.0.0.0:0
2019-11-14 19:59:11,186 [main] INFO  server.AuthenticationFilter (AuthenticationFilter.java:constructSecretProvider(240)) - Unable to initialize FileSignerSecretProvider, falling back to use random secrets.
2019-11-14 19:59:11,187 [main] WARN  http.HttpRequestLog (HttpRequestLog.java:getRequestLog(97)) - Jetty request log can only be enabled using Log4j
2019-11-14 19:59:11,188 [main] INFO  http.HttpServer2 (HttpServer2.java:addGlobalFilter(975)) - Added global filter 'safety' (class=org.apache.hadoop.http.HttpServer2$QuotingInputFilter)
2019-11-14 19:59:11,189 [main] INFO  http.HttpServer2 (HttpServer2.java:addFilter(948)) - Added filter static_user_filter (class=org.apache.hadoop.http.lib.StaticUserWebFilter$StaticUserFilter) to context hddsDatanode
2019-11-14 19:59:11,189 [main] INFO  http.HttpServer2 (HttpServer2.java:addFilter(958)) - Added filter static_user_filter (class=org.apache.hadoop.http.lib.StaticUserWebFilter$StaticUserFilter) to context logs
2019-11-14 19:59:11,189 [main] INFO  http.HttpServer2 (HttpServer2.java:addFilter(958)) - Added filter static_user_filter (class=org.apache.hadoop.http.lib.StaticUserWebFilter$StaticUserFilter) to context static
2019-11-14 19:59:11,190 [main] INFO  http.HttpServer2 (HttpServer2.java:bindListener(1191)) - Jetty bound to port 45189
2019-11-14 19:59:11,190 [main] INFO  server.Server (Server.java:doStart(351)) - jetty-9.3.25.v20180904, build timestamp: 2018-09-04T21:11:46Z, git hash: 3ce520221d0240229c862b122d2b06c12a625732
2019-11-14 19:59:11,192 [main] INFO  handler.ContextHandler (ContextHandler.java:doStart(781)) - Started o.e.j.s.ServletContextHandler@2ee92e7d{/logs,file:///workdir/hadoop-ozone/integration-test/target/log,AVAILABLE}
2019-11-14 19:59:11,192 [main] INFO  handler.ContextHandler (ContextHandler.java:doStart(781)) - Started o.e.j.s.ServletContextHandler@6cdbe5ec{/static,jar:file:/home/user/.m2/repository/org/apache/hadoop/hadoop-hdds-container-service/0.5.0-SNAPSHOT/hadoop-hdds-container-service-0.5.0-SNAPSHOT.jar!/webapps/static,AVAILABLE}
2019-11-14 19:59:11,233 [main] INFO  handler.ContextHandler (ContextHandler.java:doStart(781)) - Started o.e.j.w.WebAppContext@1600a8a2{/,file:///tmp/jetty-0.0.0.0-45189-hddsDatanode-_-any-589919977657638519.dir/webapp/,AVAILABLE}{/hddsDatanode}
2019-11-14 19:59:11,233 [main] INFO  server.AbstractConnector (AbstractConnector.java:doStart(278)) - Started ServerConnector@6b25ef1c{HTTP/1.1,[http/1.1]}{0.0.0.0:45189}
2019-11-14 19:59:11,235 [main] INFO  server.Server (Server.java:doStart(419)) - Started @303206ms
2019-11-14 19:59:11,235 [main] WARN  impl.MetricsSystemImpl (MetricsSystemImpl.java:register(276)) - Sink prometheus already exists!
2019-11-14 19:59:11,236 [main] INFO  server.BaseHttpServer (BaseHttpServer.java:updateConnectorAddress(215)) - HTTP server of HDDSDATANODE is listening at http://0.0.0.0:45189
2019-11-14 19:59:11,237 [main] INFO  impl.MetricsSystemImpl (MetricsSystemImpl.java:init(158)) - HddsDatanode metrics system started (again)
2019-11-14 19:59:11,241 [org.apache.hadoop.util.JvmPauseMonitor$Monitor@7135d13b] INFO  util.JvmPauseMonitor (JvmPauseMonitor.java:run(188)) - Starting JVM pause monitor
2019-11-14 19:59:11,241 [main] INFO  ozone.HddsDatanodeService (HddsDatanodeService.java:start(186)) - HddsDatanodeService host:pr-hdds-2489-n52xc-1246314526 ip:192.168.157.219
2019-11-14 19:59:11,242 [Datanode State Machine Thread - 0] INFO  datanode.InitDatanodeState (InitDatanodeState.java:persistContainerDatanodeDetails(140)) - DatanodeDetails is persisted to /workdir/hadoop-ozone/integration-test/target/test-dir/MiniOzoneClusterImpl-df23ed15-4459-4301-a988-82089ad70e13/datanode-7/meta/datanode.id
2019-11-14 19:59:11,247 [main] INFO  volume.HddsVolume (HddsVolume.java:<init>(176)) - Creating Volume: /workdir/hadoop-ozone/integration-test/target/test-dir/MiniOzoneClusterImpl-df23ed15-4459-4301-a988-82089ad70e13/datanode-8/data/containers/hdds of  storage type : DISK and capacity : 1482555576320
2019-11-14 19:59:11,247 [main] INFO  volume.VolumeSet (VolumeSet.java:initializeVolumeSet(170)) - Added Volume : /workdir/hadoop-ozone/integration-test/target/test-dir/MiniOzoneClusterImpl-df23ed15-4459-4301-a988-82089ad70e13/datanode-8/data/containers/hdds to VolumeSet
2019-11-14 19:59:11,247 [main] INFO  volume.ThrottledAsyncChecker (ThrottledAsyncChecker.java:schedule(141)) - Scheduling a check for /workdir/hadoop-ozone/integration-test/target/test-dir/MiniOzoneClusterImpl-df23ed15-4459-4301-a988-82089ad70e13/datanode-8/data/containers/hdds
2019-11-14 19:59:11,248 [main] INFO  volume.HddsVolumeChecker (HddsVolumeChecker.java:checkAllVolumes(204)) - Scheduled health check for volume /workdir/hadoop-ozone/integration-test/target/test-dir/MiniOzoneClusterImpl-df23ed15-4459-4301-a988-82089ad70e13/datanode-8/data/containers/hdds
2019-11-14 19:59:11,257 [main] INFO  impl.RaftServerProxy (ConfUtils.java:logGet(43)) - raft.rpc.type = GRPC (default)
2019-11-14 19:59:11,258 [main] INFO  grpc.GrpcFactory (GrpcFactory.java:checkPooledByteBufAllocatorUseCacheForAllThreads(45)) - PERFORMANCE WARNING: useCacheForAllThreads is true that may cause Netty to create a lot garbage objects and, as a result, trigger GC.
	It is recommended to disable useCacheForAllThreads by setting -Dorg.apache.ratis.thirdparty.io.netty.allocator.useCacheForAllThreads=false in command line.
2019-11-14 19:59:11,258 [main] INFO  grpc.GrpcConfigKeys$Server (ConfUtils.java:logGet(43)) - raft.grpc.server.port = 0 (default)
2019-11-14 19:59:11,258 [main] INFO  server.GrpcService (ConfUtils.java:logGet(43)) - raft.grpc.message.size.max = 33570816 (custom)
2019-11-14 19:59:11,258 [main] INFO  server.RaftServerConfigKeys (ConfUtils.java:logGet(43)) - raft.server.log.appender.buffer.byte-limit = 33554432 (custom)
2019-11-14 19:59:11,258 [main] INFO  server.GrpcService (ConfUtils.java:logGet(43)) - raft.grpc.flow.control.window = 1MB (=1048576) (default)
2019-11-14 19:59:11,258 [main] INFO  server.RaftServerConfigKeys (ConfUtils.java:logGet(43)) - raft.server.rpc.request.timeout = 3000ms (default)
2019-11-14 19:59:11,259 [main] INFO  server.RaftServerConfigKeys (ConfUtils.java:logGet(43)) - raft.server.storage.dir = [/workdir/hadoop-ozone/integration-test/target/test-dir/MiniOzoneClusterImpl-df23ed15-4459-4301-a988-82089ad70e13/datanode-8/data/ratis] (custom)
2019-11-14 19:59:11,260 [main] INFO  hdfs.DFSUtil (DFSUtil.java:httpServerTemplateForNNAndJN(1641)) - Starting Web-server for hddsDatanode at: http://0.0.0.0:0
2019-11-14 19:59:11,261 [main] INFO  server.AuthenticationFilter (AuthenticationFilter.java:constructSecretProvider(240)) - Unable to initialize FileSignerSecretProvider, falling back to use random secrets.
2019-11-14 19:59:11,261 [main] WARN  http.HttpRequestLog (HttpRequestLog.java:getRequestLog(97)) - Jetty request log can only be enabled using Log4j
2019-11-14 19:59:11,262 [main] INFO  http.HttpServer2 (HttpServer2.java:addGlobalFilter(975)) - Added global filter 'safety' (class=org.apache.hadoop.http.HttpServer2$QuotingInputFilter)
2019-11-14 19:59:11,263 [main] INFO  http.HttpServer2 (HttpServer2.java:addFilter(948)) - Added filter static_user_filter (class=org.apache.hadoop.http.lib.StaticUserWebFilter$StaticUserFilter) to context hddsDatanode
2019-11-14 19:59:11,263 [main] INFO  http.HttpServer2 (HttpServer2.java:addFilter(958)) - Added filter static_user_filter (class=org.apache.hadoop.http.lib.StaticUserWebFilter$StaticUserFilter) to context logs
2019-11-14 19:59:11,263 [main] INFO  http.HttpServer2 (HttpServer2.java:addFilter(958)) - Added filter static_user_filter (class=org.apache.hadoop.http.lib.StaticUserWebFilter$StaticUserFilter) to context static
2019-11-14 19:59:11,263 [main] INFO  http.HttpServer2 (HttpServer2.java:bindListener(1191)) - Jetty bound to port 34114
2019-11-14 19:59:11,263 [main] INFO  server.Server (Server.java:doStart(351)) - jetty-9.3.25.v20180904, build timestamp: 2018-09-04T21:11:46Z, git hash: 3ce520221d0240229c862b122d2b06c12a625732
2019-11-14 19:59:11,265 [main] INFO  handler.ContextHandler (ContextHandler.java:doStart(781)) - Started o.e.j.s.ServletContextHandler@24691c5{/logs,file:///workdir/hadoop-ozone/integration-test/target/log,AVAILABLE}
2019-11-14 19:59:11,265 [main] INFO  handler.ContextHandler (ContextHandler.java:doStart(781)) - Started o.e.j.s.ServletContextHandler@6537ac{/static,jar:file:/home/user/.m2/repository/org/apache/hadoop/hadoop-hdds-container-service/0.5.0-SNAPSHOT/hadoop-hdds-container-service-0.5.0-SNAPSHOT.jar!/webapps/static,AVAILABLE}
2019-11-14 19:59:11,294 [main] INFO  handler.ContextHandler (ContextHandler.java:doStart(781)) - Started o.e.j.w.WebAppContext@65036e8d{/,file:///tmp/jetty-0.0.0.0-34114-hddsDatanode-_-any-433099002046106124.dir/webapp/,AVAILABLE}{/hddsDatanode}
2019-11-14 19:59:11,294 [main] INFO  server.AbstractConnector (AbstractConnector.java:doStart(278)) - Started ServerConnector@48ccbb32{HTTP/1.1,[http/1.1]}{0.0.0.0:34114}
2019-11-14 19:59:11,296 [main] INFO  server.Server (Server.java:doStart(419)) - Started @303267ms
2019-11-14 19:59:11,296 [main] WARN  impl.MetricsSystemImpl (MetricsSystemImpl.java:register(276)) - Sink prometheus already exists!
2019-11-14 19:59:11,297 [main] INFO  server.BaseHttpServer (BaseHttpServer.java:updateConnectorAddress(215)) - HTTP server of HDDSDATANODE is listening at http://0.0.0.0:34114
2019-11-14 19:59:11,297 [main] INFO  impl.MetricsSystemImpl (MetricsSystemImpl.java:init(158)) - HddsDatanode metrics system started (again)
2019-11-14 19:59:11,301 [org.apache.hadoop.util.JvmPauseMonitor$Monitor@56de0b17] INFO  util.JvmPauseMonitor (JvmPauseMonitor.java:run(188)) - Starting JVM pause monitor
2019-11-14 19:59:11,301 [main] INFO  ozone.HddsDatanodeService (HddsDatanodeService.java:start(186)) - HddsDatanodeService host:pr-hdds-2489-n52xc-1246314526 ip:192.168.157.219
2019-11-14 19:59:11,301 [Datanode State Machine Thread - 0] INFO  datanode.InitDatanodeState (InitDatanodeState.java:persistContainerDatanodeDetails(140)) - DatanodeDetails is persisted to /workdir/hadoop-ozone/integration-test/target/test-dir/MiniOzoneClusterImpl-df23ed15-4459-4301-a988-82089ad70e13/datanode-8/meta/datanode.id
2019-11-14 19:59:11,307 [main] INFO  volume.HddsVolume (HddsVolume.java:<init>(176)) - Creating Volume: /workdir/hadoop-ozone/integration-test/target/test-dir/MiniOzoneClusterImpl-df23ed15-4459-4301-a988-82089ad70e13/datanode-9/data/containers/hdds of  storage type : DISK and capacity : 1482555576320
2019-11-14 19:59:11,307 [main] INFO  volume.VolumeSet (VolumeSet.java:initializeVolumeSet(170)) - Added Volume : /workdir/hadoop-ozone/integration-test/target/test-dir/MiniOzoneClusterImpl-df23ed15-4459-4301-a988-82089ad70e13/datanode-9/data/containers/hdds to VolumeSet
2019-11-14 19:59:11,307 [main] INFO  volume.ThrottledAsyncChecker (ThrottledAsyncChecker.java:schedule(141)) - Scheduling a check for /workdir/hadoop-ozone/integration-test/target/test-dir/MiniOzoneClusterImpl-df23ed15-4459-4301-a988-82089ad70e13/datanode-9/data/containers/hdds
2019-11-14 19:59:11,308 [main] INFO  volume.HddsVolumeChecker (HddsVolumeChecker.java:checkAllVolumes(204)) - Scheduled health check for volume /workdir/hadoop-ozone/integration-test/target/test-dir/MiniOzoneClusterImpl-df23ed15-4459-4301-a988-82089ad70e13/datanode-9/data/containers/hdds
2019-11-14 19:59:11,318 [main] INFO  impl.RaftServerProxy (ConfUtils.java:logGet(43)) - raft.rpc.type = GRPC (default)
2019-11-14 19:59:11,318 [main] INFO  grpc.GrpcFactory (GrpcFactory.java:checkPooledByteBufAllocatorUseCacheForAllThreads(45)) - PERFORMANCE WARNING: useCacheForAllThreads is true that may cause Netty to create a lot garbage objects and, as a result, trigger GC.
	It is recommended to disable useCacheForAllThreads by setting -Dorg.apache.ratis.thirdparty.io.netty.allocator.useCacheForAllThreads=false in command line.
2019-11-14 19:59:11,318 [main] INFO  grpc.GrpcConfigKeys$Server (ConfUtils.java:logGet(43)) - raft.grpc.server.port = 0 (default)
2019-11-14 19:59:11,318 [main] INFO  server.GrpcService (ConfUtils.java:logGet(43)) - raft.grpc.message.size.max = 33570816 (custom)
2019-11-14 19:59:11,319 [main] INFO  server.RaftServerConfigKeys (ConfUtils.java:logGet(43)) - raft.server.log.appender.buffer.byte-limit = 33554432 (custom)
2019-11-14 19:59:11,319 [main] INFO  server.GrpcService (ConfUtils.java:logGet(43)) - raft.grpc.flow.control.window = 1MB (=1048576) (default)
2019-11-14 19:59:11,319 [main] INFO  server.RaftServerConfigKeys (ConfUtils.java:logGet(43)) - raft.server.rpc.request.timeout = 3000ms (default)
2019-11-14 19:59:11,319 [main] INFO  server.RaftServerConfigKeys (ConfUtils.java:logGet(43)) - raft.server.storage.dir = [/workdir/hadoop-ozone/integration-test/target/test-dir/MiniOzoneClusterImpl-df23ed15-4459-4301-a988-82089ad70e13/datanode-9/data/ratis] (custom)
2019-11-14 19:59:11,320 [main] INFO  hdfs.DFSUtil (DFSUtil.java:httpServerTemplateForNNAndJN(1641)) - Starting Web-server for hddsDatanode at: http://0.0.0.0:0
2019-11-14 19:59:11,322 [main] INFO  server.AuthenticationFilter (AuthenticationFilter.java:constructSecretProvider(240)) - Unable to initialize FileSignerSecretProvider, falling back to use random secrets.
2019-11-14 19:59:11,322 [main] WARN  http.HttpRequestLog (HttpRequestLog.java:getRequestLog(97)) - Jetty request log can only be enabled using Log4j
2019-11-14 19:59:11,323 [main] INFO  http.HttpServer2 (HttpServer2.java:addGlobalFilter(975)) - Added global filter 'safety' (class=org.apache.hadoop.http.HttpServer2$QuotingInputFilter)
2019-11-14 19:59:11,324 [main] INFO  http.HttpServer2 (HttpServer2.java:addFilter(948)) - Added filter static_user_filter (class=org.apache.hadoop.http.lib.StaticUserWebFilter$StaticUserFilter) to context hddsDatanode
2019-11-14 19:59:11,324 [main] INFO  http.HttpServer2 (HttpServer2.java:addFilter(958)) - Added filter static_user_filter (class=org.apache.hadoop.http.lib.StaticUserWebFilter$StaticUserFilter) to context logs
2019-11-14 19:59:11,324 [main] INFO  http.HttpServer2 (HttpServer2.java:addFilter(958)) - Added filter static_user_filter (class=org.apache.hadoop.http.lib.StaticUserWebFilter$StaticUserFilter) to context static
2019-11-14 19:59:11,325 [main] INFO  http.HttpServer2 (HttpServer2.java:bindListener(1191)) - Jetty bound to port 41994
2019-11-14 19:59:11,325 [main] INFO  server.Server (Server.java:doStart(351)) - jetty-9.3.25.v20180904, build timestamp: 2018-09-04T21:11:46Z, git hash: 3ce520221d0240229c862b122d2b06c12a625732
2019-11-14 19:59:11,326 [main] INFO  handler.ContextHandler (ContextHandler.java:doStart(781)) - Started o.e.j.s.ServletContextHandler@19eea77c{/logs,file:///workdir/hadoop-ozone/integration-test/target/log,AVAILABLE}
2019-11-14 19:59:11,326 [main] INFO  handler.ContextHandler (ContextHandler.java:doStart(781)) - Started o.e.j.s.ServletContextHandler@ac4915e{/static,jar:file:/home/user/.m2/repository/org/apache/hadoop/hadoop-hdds-container-service/0.5.0-SNAPSHOT/hadoop-hdds-container-service-0.5.0-SNAPSHOT.jar!/webapps/static,AVAILABLE}
2019-11-14 19:59:11,355 [main] INFO  handler.ContextHandler (ContextHandler.java:doStart(781)) - Started o.e.j.w.WebAppContext@701c223a{/,file:///tmp/jetty-0.0.0.0-41994-hddsDatanode-_-any-7755701242809462806.dir/webapp/,AVAILABLE}{/hddsDatanode}
2019-11-14 19:59:11,355 [main] INFO  server.AbstractConnector (AbstractConnector.java:doStart(278)) - Started ServerConnector@550c973e{HTTP/1.1,[http/1.1]}{0.0.0.0:41994}
2019-11-14 19:59:11,356 [main] INFO  server.Server (Server.java:doStart(419)) - Started @303327ms
2019-11-14 19:59:11,356 [main] WARN  impl.MetricsSystemImpl (MetricsSystemImpl.java:register(276)) - Sink prometheus already exists!
2019-11-14 19:59:11,383 [main] INFO  server.BaseHttpServer (BaseHttpServer.java:updateConnectorAddress(215)) - HTTP server of HDDSDATANODE is listening at http://0.0.0.0:41994
2019-11-14 19:59:11,384 [main] INFO  ozone.MiniOzoneClusterImpl (MiniOzoneClusterImpl.java:lambda$waitForClusterToBeReady$2(171)) - Waiting for cluster to be ready. Got 0 of 10 DN Heartbeats.
2019-11-14 19:59:11,384 [org.apache.hadoop.util.JvmPauseMonitor$Monitor@62d6b15b] INFO  util.JvmPauseMonitor (JvmPauseMonitor.java:run(188)) - Starting JVM pause monitor
2019-11-14 19:59:11,385 [Datanode State Machine Thread - 0] INFO  datanode.InitDatanodeState (InitDatanodeState.java:persistContainerDatanodeDetails(140)) - DatanodeDetails is persisted to /workdir/hadoop-ozone/integration-test/target/test-dir/MiniOzoneClusterImpl-df23ed15-4459-4301-a988-82089ad70e13/datanode-9/meta/datanode.id
2019-11-14 19:59:12,384 [main] INFO  ozone.MiniOzoneClusterImpl (MiniOzoneClusterImpl.java:lambda$waitForClusterToBeReady$2(171)) - Waiting for cluster to be ready. Got 0 of 10 DN Heartbeats.
2019-11-14 19:59:12,836 [Datanode State Machine Thread - 0] INFO  ozoneimpl.OzoneContainer (OzoneContainer.java:start(230)) - Attempting to start container services.
2019-11-14 19:59:12,837 [Datanode State Machine Thread - 0] INFO  ozoneimpl.OzoneContainer (OzoneContainer.java:startContainerScrub(194)) - Background container scanner has been disabled.
2019-11-14 19:59:12,837 [Datanode State Machine Thread - 0] INFO  ratis.XceiverServerRatis (XceiverServerRatis.java:start(421)) - Starting XceiverServerRatis ae61afd5-043c-42ff-9e00-06be6bf8121c at port 0
2019-11-14 19:59:12,847 [Datanode State Machine Thread - 0] INFO  impl.RaftServerProxy (RaftServerProxy.java:lambda$start$3(299)) - ae61afd5-043c-42ff-9e00-06be6bf8121c: start RPC server
2019-11-14 19:59:12,850 [Datanode State Machine Thread - 0] INFO  server.GrpcService (GrpcService.java:startImpl(158)) - ae61afd5-043c-42ff-9e00-06be6bf8121c: GrpcService started, listening on 0.0.0.0/0.0.0.0:41147
2019-11-14 19:59:12,850 [Datanode State Machine Thread - 0] INFO  ratis.XceiverServerRatis (XceiverServerRatis.java:start(431)) - XceiverServerRatis ae61afd5-043c-42ff-9e00-06be6bf8121c is started using port 41147
2019-11-14 19:59:12,850 [Datanode State Machine Thread - 0] INFO  server.XceiverServerGrpc (XceiverServerGrpc.java:start(145)) - XceiverServerGrpc ae61afd5-043c-42ff-9e00-06be6bf8121c is started using port 41657
2019-11-14 19:59:12,868 [Datanode State Machine Thread - 0] INFO  ozoneimpl.OzoneContainer (OzoneContainer.java:start(230)) - Attempting to start container services.
2019-11-14 19:59:12,868 [Datanode State Machine Thread - 0] INFO  ozoneimpl.OzoneContainer (OzoneContainer.java:startContainerScrub(194)) - Background container scanner has been disabled.
2019-11-14 19:59:12,868 [Datanode State Machine Thread - 0] INFO  ratis.XceiverServerRatis (XceiverServerRatis.java:start(421)) - Starting XceiverServerRatis 37fea5d6-1a60-4b82-9570-57888d4e9f46 at port 0
2019-11-14 19:59:12,874 [Datanode State Machine Thread - 0] INFO  impl.RaftServerProxy (RaftServerProxy.java:lambda$start$3(299)) - 37fea5d6-1a60-4b82-9570-57888d4e9f46: start RPC server
2019-11-14 19:59:12,875 [Datanode State Machine Thread - 0] INFO  server.GrpcService (GrpcService.java:startImpl(158)) - 37fea5d6-1a60-4b82-9570-57888d4e9f46: GrpcService started, listening on 0.0.0.0/0.0.0.0:35005
2019-11-14 19:59:12,875 [Datanode State Machine Thread - 0] INFO  ratis.XceiverServerRatis (XceiverServerRatis.java:start(431)) - XceiverServerRatis 37fea5d6-1a60-4b82-9570-57888d4e9f46 is started using port 35005
2019-11-14 19:59:12,875 [Datanode State Machine Thread - 0] INFO  server.XceiverServerGrpc (XceiverServerGrpc.java:start(145)) - XceiverServerGrpc 37fea5d6-1a60-4b82-9570-57888d4e9f46 is started using port 34388
2019-11-14 19:59:12,926 [Datanode State Machine Thread - 0] INFO  ozoneimpl.OzoneContainer (OzoneContainer.java:start(230)) - Attempting to start container services.
2019-11-14 19:59:12,926 [Datanode State Machine Thread - 0] INFO  ozoneimpl.OzoneContainer (OzoneContainer.java:startContainerScrub(194)) - Background container scanner has been disabled.
2019-11-14 19:59:12,926 [Datanode State Machine Thread - 0] INFO  ratis.XceiverServerRatis (XceiverServerRatis.java:start(421)) - Starting XceiverServerRatis f857cfdd-345c-4de8-889d-b8fdff158faf at port 0
2019-11-14 19:59:12,932 [Datanode State Machine Thread - 0] INFO  impl.RaftServerProxy (RaftServerProxy.java:lambda$start$3(299)) - f857cfdd-345c-4de8-889d-b8fdff158faf: start RPC server
2019-11-14 19:59:12,933 [Datanode State Machine Thread - 0] INFO  server.GrpcService (GrpcService.java:startImpl(158)) - f857cfdd-345c-4de8-889d-b8fdff158faf: GrpcService started, listening on 0.0.0.0/0.0.0.0:39658
2019-11-14 19:59:12,933 [Datanode State Machine Thread - 0] INFO  ratis.XceiverServerRatis (XceiverServerRatis.java:start(431)) - XceiverServerRatis f857cfdd-345c-4de8-889d-b8fdff158faf is started using port 39658
2019-11-14 19:59:12,933 [Datanode State Machine Thread - 0] INFO  server.XceiverServerGrpc (XceiverServerGrpc.java:start(145)) - XceiverServerGrpc f857cfdd-345c-4de8-889d-b8fdff158faf is started using port 34598
2019-11-14 19:59:12,985 [Datanode State Machine Thread - 0] INFO  ozoneimpl.OzoneContainer (OzoneContainer.java:start(230)) - Attempting to start container services.
2019-11-14 19:59:12,986 [Datanode State Machine Thread - 0] INFO  ozoneimpl.OzoneContainer (OzoneContainer.java:startContainerScrub(194)) - Background container scanner has been disabled.
2019-11-14 19:59:12,986 [Datanode State Machine Thread - 0] INFO  ratis.XceiverServerRatis (XceiverServerRatis.java:start(421)) - Starting XceiverServerRatis 0b9f718b-6f36-48a0-b3e8-8949249bd312 at port 0
2019-11-14 19:59:12,992 [Datanode State Machine Thread - 0] INFO  impl.RaftServerProxy (RaftServerProxy.java:lambda$start$3(299)) - 0b9f718b-6f36-48a0-b3e8-8949249bd312: start RPC server
2019-11-14 19:59:12,993 [Datanode State Machine Thread - 0] INFO  server.GrpcService (GrpcService.java:startImpl(158)) - 0b9f718b-6f36-48a0-b3e8-8949249bd312: GrpcService started, listening on 0.0.0.0/0.0.0.0:44307
2019-11-14 19:59:12,993 [Datanode State Machine Thread - 0] INFO  ratis.XceiverServerRatis (XceiverServerRatis.java:start(431)) - XceiverServerRatis 0b9f718b-6f36-48a0-b3e8-8949249bd312 is started using port 44307
2019-11-14 19:59:12,994 [Datanode State Machine Thread - 0] INFO  server.XceiverServerGrpc (XceiverServerGrpc.java:start(145)) - XceiverServerGrpc 0b9f718b-6f36-48a0-b3e8-8949249bd312 is started using port 42444
2019-11-14 19:59:13,061 [Datanode State Machine Thread - 0] INFO  ozoneimpl.OzoneContainer (OzoneContainer.java:start(230)) - Attempting to start container services.
2019-11-14 19:59:13,062 [Datanode State Machine Thread - 0] INFO  ozoneimpl.OzoneContainer (OzoneContainer.java:startContainerScrub(194)) - Background container scanner has been disabled.
2019-11-14 19:59:13,062 [Datanode State Machine Thread - 0] INFO  ratis.XceiverServerRatis (XceiverServerRatis.java:start(421)) - Starting XceiverServerRatis 9e8f1412-9bf1-4810-b3e9-2cd8ebd4b71b at port 0
2019-11-14 19:59:13,068 [Datanode State Machine Thread - 0] INFO  impl.RaftServerProxy (RaftServerProxy.java:lambda$start$3(299)) - 9e8f1412-9bf1-4810-b3e9-2cd8ebd4b71b: start RPC server
2019-11-14 19:59:13,077 [Datanode State Machine Thread - 0] INFO  server.GrpcService (GrpcService.java:startImpl(158)) - 9e8f1412-9bf1-4810-b3e9-2cd8ebd4b71b: GrpcService started, listening on 0.0.0.0/0.0.0.0:38230
2019-11-14 19:59:13,077 [Datanode State Machine Thread - 0] INFO  ratis.XceiverServerRatis (XceiverServerRatis.java:start(431)) - XceiverServerRatis 9e8f1412-9bf1-4810-b3e9-2cd8ebd4b71b is started using port 38230
2019-11-14 19:59:13,078 [Datanode State Machine Thread - 0] INFO  server.XceiverServerGrpc (XceiverServerGrpc.java:start(145)) - XceiverServerGrpc 9e8f1412-9bf1-4810-b3e9-2cd8ebd4b71b is started using port 42250
2019-11-14 19:59:13,116 [Datanode State Machine Thread - 0] INFO  ozoneimpl.OzoneContainer (OzoneContainer.java:start(230)) - Attempting to start container services.
2019-11-14 19:59:13,116 [Datanode State Machine Thread - 0] INFO  ozoneimpl.OzoneContainer (OzoneContainer.java:startContainerScrub(194)) - Background container scanner has been disabled.
2019-11-14 19:59:13,116 [Datanode State Machine Thread - 0] INFO  ratis.XceiverServerRatis (XceiverServerRatis.java:start(421)) - Starting XceiverServerRatis 11eb2ad5-5554-4104-ae21-9c50fee78495 at port 0
2019-11-14 19:59:13,123 [Datanode State Machine Thread - 0] INFO  impl.RaftServerProxy (RaftServerProxy.java:lambda$start$3(299)) - 11eb2ad5-5554-4104-ae21-9c50fee78495: start RPC server
2019-11-14 19:59:13,124 [Datanode State Machine Thread - 0] INFO  server.GrpcService (GrpcService.java:startImpl(158)) - 11eb2ad5-5554-4104-ae21-9c50fee78495: GrpcService started, listening on 0.0.0.0/0.0.0.0:38209
2019-11-14 19:59:13,124 [Datanode State Machine Thread - 0] INFO  ratis.XceiverServerRatis (XceiverServerRatis.java:start(431)) - XceiverServerRatis 11eb2ad5-5554-4104-ae21-9c50fee78495 is started using port 38209
2019-11-14 19:59:13,124 [Datanode State Machine Thread - 0] INFO  server.XceiverServerGrpc (XceiverServerGrpc.java:start(145)) - XceiverServerGrpc 11eb2ad5-5554-4104-ae21-9c50fee78495 is started using port 39656
2019-11-14 19:59:13,186 [Datanode State Machine Thread - 0] INFO  ozoneimpl.OzoneContainer (OzoneContainer.java:start(230)) - Attempting to start container services.
2019-11-14 19:59:13,186 [Datanode State Machine Thread - 0] INFO  ozoneimpl.OzoneContainer (OzoneContainer.java:startContainerScrub(194)) - Background container scanner has been disabled.
2019-11-14 19:59:13,186 [Datanode State Machine Thread - 0] INFO  ratis.XceiverServerRatis (XceiverServerRatis.java:start(421)) - Starting XceiverServerRatis 1d99cfa1-5734-40f1-a806-2aa318147fff at port 0
2019-11-14 19:59:13,192 [Datanode State Machine Thread - 0] INFO  impl.RaftServerProxy (RaftServerProxy.java:lambda$start$3(299)) - 1d99cfa1-5734-40f1-a806-2aa318147fff: start RPC server
2019-11-14 19:59:13,193 [Datanode State Machine Thread - 0] INFO  server.GrpcService (GrpcService.java:startImpl(158)) - 1d99cfa1-5734-40f1-a806-2aa318147fff: GrpcService started, listening on 0.0.0.0/0.0.0.0:42659
2019-11-14 19:59:13,193 [Datanode State Machine Thread - 0] INFO  ratis.XceiverServerRatis (XceiverServerRatis.java:start(431)) - XceiverServerRatis 1d99cfa1-5734-40f1-a806-2aa318147fff is started using port 42659
2019-11-14 19:59:13,193 [Datanode State Machine Thread - 0] INFO  server.XceiverServerGrpc (XceiverServerGrpc.java:start(145)) - XceiverServerGrpc 1d99cfa1-5734-40f1-a806-2aa318147fff is started using port 37093
2019-11-14 19:59:13,257 [Datanode State Machine Thread - 0] INFO  ozoneimpl.OzoneContainer (OzoneContainer.java:start(230)) - Attempting to start container services.
2019-11-14 19:59:13,257 [Datanode State Machine Thread - 0] INFO  ozoneimpl.OzoneContainer (OzoneContainer.java:startContainerScrub(194)) - Background container scanner has been disabled.
2019-11-14 19:59:13,257 [Datanode State Machine Thread - 0] INFO  ratis.XceiverServerRatis (XceiverServerRatis.java:start(421)) - Starting XceiverServerRatis e8061cfc-e634-4005-9186-8f9a3cdc71ed at port 0
2019-11-14 19:59:13,263 [Datanode State Machine Thread - 0] INFO  impl.RaftServerProxy (RaftServerProxy.java:lambda$start$3(299)) - e8061cfc-e634-4005-9186-8f9a3cdc71ed: start RPC server
2019-11-14 19:59:13,264 [Datanode State Machine Thread - 0] INFO  server.GrpcService (GrpcService.java:startImpl(158)) - e8061cfc-e634-4005-9186-8f9a3cdc71ed: GrpcService started, listening on 0.0.0.0/0.0.0.0:37108
2019-11-14 19:59:13,264 [Datanode State Machine Thread - 0] INFO  ratis.XceiverServerRatis (XceiverServerRatis.java:start(431)) - XceiverServerRatis e8061cfc-e634-4005-9186-8f9a3cdc71ed is started using port 37108
2019-11-14 19:59:13,264 [Datanode State Machine Thread - 0] INFO  server.XceiverServerGrpc (XceiverServerGrpc.java:start(145)) - XceiverServerGrpc e8061cfc-e634-4005-9186-8f9a3cdc71ed is started using port 43290
2019-11-14 19:59:13,316 [Datanode State Machine Thread - 0] INFO  ozoneimpl.OzoneContainer (OzoneContainer.java:start(230)) - Attempting to start container services.
2019-11-14 19:59:13,317 [Datanode State Machine Thread - 0] INFO  ozoneimpl.OzoneContainer (OzoneContainer.java:startContainerScrub(194)) - Background container scanner has been disabled.
2019-11-14 19:59:13,317 [Datanode State Machine Thread - 0] INFO  ratis.XceiverServerRatis (XceiverServerRatis.java:start(421)) - Starting XceiverServerRatis 909799b4-01f9-4409-9e01-df516dc8a9f9 at port 0
2019-11-14 19:59:13,323 [Datanode State Machine Thread - 0] INFO  impl.RaftServerProxy (RaftServerProxy.java:lambda$start$3(299)) - 909799b4-01f9-4409-9e01-df516dc8a9f9: start RPC server
2019-11-14 19:59:13,323 [Datanode State Machine Thread - 0] INFO  server.GrpcService (GrpcService.java:startImpl(158)) - 909799b4-01f9-4409-9e01-df516dc8a9f9: GrpcService started, listening on 0.0.0.0/0.0.0.0:34722
2019-11-14 19:59:13,324 [Datanode State Machine Thread - 0] INFO  ratis.XceiverServerRatis (XceiverServerRatis.java:start(431)) - XceiverServerRatis 909799b4-01f9-4409-9e01-df516dc8a9f9 is started using port 34722
2019-11-14 19:59:13,324 [Datanode State Machine Thread - 0] INFO  server.XceiverServerGrpc (XceiverServerGrpc.java:start(145)) - XceiverServerGrpc 909799b4-01f9-4409-9e01-df516dc8a9f9 is started using port 33965
2019-11-14 19:59:13,385 [main] INFO  ozone.MiniOzoneClusterImpl (MiniOzoneClusterImpl.java:lambda$waitForClusterToBeReady$2(171)) - Waiting for cluster to be ready. Got 0 of 10 DN Heartbeats.
2019-11-14 19:59:13,402 [Datanode State Machine Thread - 0] INFO  ozoneimpl.OzoneContainer (OzoneContainer.java:start(230)) - Attempting to start container services.
2019-11-14 19:59:13,402 [Datanode State Machine Thread - 0] INFO  ozoneimpl.OzoneContainer (OzoneContainer.java:startContainerScrub(194)) - Background container scanner has been disabled.
2019-11-14 19:59:13,402 [Datanode State Machine Thread - 0] INFO  ratis.XceiverServerRatis (XceiverServerRatis.java:start(421)) - Starting XceiverServerRatis 60fc2306-005b-4da9-bff6-f0a04ff2f155 at port 0
2019-11-14 19:59:13,408 [Datanode State Machine Thread - 0] INFO  impl.RaftServerProxy (RaftServerProxy.java:lambda$start$3(299)) - 60fc2306-005b-4da9-bff6-f0a04ff2f155: start RPC server
2019-11-14 19:59:13,419 [Datanode State Machine Thread - 0] INFO  server.GrpcService (GrpcService.java:startImpl(158)) - 60fc2306-005b-4da9-bff6-f0a04ff2f155: GrpcService started, listening on 0.0.0.0/0.0.0.0:33304
2019-11-14 19:59:13,419 [Datanode State Machine Thread - 0] INFO  ratis.XceiverServerRatis (XceiverServerRatis.java:start(431)) - XceiverServerRatis 60fc2306-005b-4da9-bff6-f0a04ff2f155 is started using port 33304
2019-11-14 19:59:13,419 [Datanode State Machine Thread - 0] INFO  server.XceiverServerGrpc (XceiverServerGrpc.java:start(145)) - XceiverServerGrpc 60fc2306-005b-4da9-bff6-f0a04ff2f155 is started using port 35788
2019-11-14 19:59:14,385 [main] INFO  ozone.MiniOzoneClusterImpl (MiniOzoneClusterImpl.java:lambda$waitForClusterToBeReady$2(171)) - Waiting for cluster to be ready. Got 0 of 10 DN Heartbeats.
2019-11-14 19:59:14,790 [IPC Server handler 0 on 39924] INFO  net.NetworkTopology (NetworkTopologyImpl.java:add(111)) - Added a new node: /rack1/ae61afd5-043c-42ff-9e00-06be6bf8121c
2019-11-14 19:59:14,792 [IPC Server handler 0 on 39924] INFO  node.SCMNodeManager (SCMNodeManager.java:register(267)) - Registered Data node : ae61afd5-043c-42ff-9e00-06be6bf8121c{ip: 192.168.157.219, host: pr-hdds-2489-n52xc-1246314526, networkLocation: /rack1, certSerialId: null}
2019-11-14 19:59:14,792 [EventQueue-NodeRegistrationContainerReportForDataNodeSafeModeRule] INFO  safemode.SCMSafeModeManager (DataNodeSafeModeRule.java:process(71)) - SCM in safe mode. 1 DataNodes registered, 1 required.
2019-11-14 19:59:14,794 [EventQueue-NodeRegistrationContainerReportForDataNodeSafeModeRule] INFO  safemode.SCMSafeModeManager (SCMSafeModeManager.java:validateSafeModeExitRules(177)) - ScmSafeModeManager, all rules are successfully validated
2019-11-14 19:59:14,794 [EventQueue-NodeRegistrationContainerReportForDataNodeSafeModeRule] INFO  safemode.SCMSafeModeManager (SCMSafeModeManager.java:exitSafeMode(193)) - SCM exiting safe mode.
2019-11-14 19:59:14,814 [grpc-default-executor-5] INFO  impl.RaftServerProxy (RaftServerProxy.java:addNew(89)) - ae61afd5-043c-42ff-9e00-06be6bf8121c: addNew group-5C6618DA411B:[ae61afd5-043c-42ff-9e00-06be6bf8121c:192.168.157.219:41147] returns group-5C6618DA411B:java.util.concurrent.CompletableFuture@109851ca[Not completed]
2019-11-14 19:59:14,816 [pool-509-thread-1] INFO  impl.RaftServerImpl (RaftServerImpl.java:<init>(98)) - ae61afd5-043c-42ff-9e00-06be6bf8121c: new RaftServerImpl for group-5C6618DA411B:[ae61afd5-043c-42ff-9e00-06be6bf8121c:192.168.157.219:41147] with ContainerStateMachine:uninitialized
2019-11-14 19:59:14,816 [pool-509-thread-1] INFO  server.RaftServerConfigKeys (ConfUtils.java:logGet(43)) - raft.server.rpc.timeout.min = 1s (custom)
2019-11-14 19:59:14,816 [pool-509-thread-1] INFO  server.RaftServerConfigKeys (ConfUtils.java:logGet(43)) - raft.server.rpc.timeout.max = 1200ms (custom)
2019-11-14 19:59:14,816 [pool-509-thread-1] INFO  server.RaftServerConfigKeys (ConfUtils.java:logGet(43)) - raft.server.rpcslowness.timeout = 120s (custom)
2019-11-14 19:59:14,816 [pool-509-thread-1] INFO  server.RaftServerConfigKeys (ConfUtils.java:logGet(43)) - raft.server.sleep.deviation.threshold = 300 (default)
2019-11-14 19:59:14,816 [pool-509-thread-1] INFO  server.RaftServerConfigKeys (ConfUtils.java:logGet(43)) - raft.server.log.appender.install.snapshot.enabled = false (custom)
2019-11-14 19:59:14,816 [pool-509-thread-1] INFO  impl.RaftServerImpl (ServerState.java:<init>(103)) - ae61afd5-043c-42ff-9e00-06be6bf8121c@group-5C6618DA411B: ConfigurationManager, init=-1: [ae61afd5-043c-42ff-9e00-06be6bf8121c:192.168.157.219:41147], old=null, confs=<EMPTY_MAP>
2019-11-14 19:59:14,817 [pool-509-thread-1] INFO  server.RaftServerConfigKeys (ConfUtils.java:logGet(43)) - raft.server.storage.dir = [/workdir/hadoop-ozone/integration-test/target/test-dir/MiniOzoneClusterImpl-df23ed15-4459-4301-a988-82089ad70e13/datanode-0/data/ratis] (custom)
2019-11-14 19:59:14,817 [pool-509-thread-1] INFO  server.RaftServerConfigKeys (ConfUtils.java:logGet(43)) - raft.server.log.corruption.policy = EXCEPTION (default)
2019-11-14 19:59:14,817 [pool-509-thread-1] INFO  storage.RaftStorageDirectory (RaftStorageDirectory.java:analyzeStorage(246)) - The storage directory /workdir/hadoop-ozone/integration-test/target/test-dir/MiniOzoneClusterImpl-df23ed15-4459-4301-a988-82089ad70e13/datanode-0/data/ratis/1f9194ad-64d9-401b-9e8c-5c6618da411b does not exist. Creating ...
2019-11-14 19:59:14,841 [pool-509-thread-1] INFO  storage.RaftStorageDirectory (RaftStorageDirectory.java:tryLock(328)) - Lock on /workdir/hadoop-ozone/integration-test/target/test-dir/MiniOzoneClusterImpl-df23ed15-4459-4301-a988-82089ad70e13/datanode-0/data/ratis/1f9194ad-64d9-401b-9e8c-5c6618da411b/in_use.lock acquired by nodename 9468@pr-hdds-2489-n52xc-1246314526
2019-11-14 19:59:14,845 [IPC Server handler 4 on 39924] INFO  net.NetworkTopology (NetworkTopologyImpl.java:add(111)) - Added a new node: /rack1/37fea5d6-1a60-4b82-9570-57888d4e9f46
2019-11-14 19:59:14,845 [IPC Server handler 4 on 39924] INFO  node.SCMNodeManager (SCMNodeManager.java:register(267)) - Registered Data node : 37fea5d6-1a60-4b82-9570-57888d4e9f46{ip: 192.168.157.219, host: pr-hdds-2489-n52xc-1246314526, networkLocation: /rack1, certSerialId: null}
2019-11-14 19:59:14,865 [pool-509-thread-1] INFO  storage.RaftStorage (RaftStorage.java:format(84)) - Storage directory /workdir/hadoop-ozone/integration-test/target/test-dir/MiniOzoneClusterImpl-df23ed15-4459-4301-a988-82089ad70e13/datanode-0/data/ratis/1f9194ad-64d9-401b-9e8c-5c6618da411b has been successfully formatted.
2019-11-14 19:59:14,866 [pool-509-thread-1] INFO  ratis.ContainerStateMachine (ContainerStateMachine.java:loadSnapshot(223)) - group-5C6618DA411B: The snapshot info is null. Setting the last applied indexto:(t:0, i:~)
2019-11-14 19:59:14,866 [pool-509-thread-1] INFO  server.RaftServerConfigKeys (ConfUtils.java:logGet(43)) - raft.server.notification.no-leader.timeout = 120s (custom)
2019-11-14 19:59:14,866 [pool-509-thread-1] INFO  server.RaftServerConfigKeys (ConfUtils.java:logGet(43)) - raft.server.log.use.memory = false (default)
2019-11-14 19:59:14,866 [pool-509-thread-1] INFO  server.RaftServerConfigKeys (ConfUtils.java:logGet(43)) - raft.server.log.purge.gap = 1000000 (custom)
2019-11-14 19:59:14,866 [pool-509-thread-1] INFO  server.RaftServerConfigKeys (ConfUtils.java:logGet(43)) - raft.server.log.appender.buffer.byte-limit = 33554432 (custom)
2019-11-14 19:59:14,866 [pool-509-thread-1] INFO  server.RaftServerConfigKeys (ConfUtils.java:logGet(43)) - raft.server.log.segment.size.max = 1048576 (custom)
2019-11-14 19:59:14,866 [pool-509-thread-1] WARN  impl.MetricRegistriesImpl (MetricRegistriesImpl.java:lambda$create$1(61)) - First MetricRegistry has been created without registering reporters. You may need to call MetricRegistries.global().addReportRegistration(...) before.
2019-11-14 19:59:14,867 [pool-509-thread-1] INFO  server.RaftServerConfigKeys (ConfUtils.java:logGet(43)) - raft.server.log.segment.cache.num.max = 2 (custom)
2019-11-14 19:59:14,867 [pool-509-thread-1] INFO  segmented.SegmentedRaftLogWorker (SegmentedRaftLogWorker.java:<init>(173)) - new ae61afd5-043c-42ff-9e00-06be6bf8121c@group-5C6618DA411B-SegmentedRaftLogWorker for RaftStorage:Storage Directory /workdir/hadoop-ozone/integration-test/target/test-dir/MiniOzoneClusterImpl-df23ed15-4459-4301-a988-82089ad70e13/datanode-0/data/ratis/1f9194ad-64d9-401b-9e8c-5c6618da411b
2019-11-14 19:59:14,867 [pool-509-thread-1] INFO  server.RaftServerConfigKeys (ConfUtils.java:logGet(43)) - raft.server.log.queue.byte-limit = 2147483647 (custom)
2019-11-14 19:59:14,867 [pool-509-thread-1] INFO  server.RaftServerConfigKeys (ConfUtils.java:logGet(43)) - raft.server.log.queue.element-limit = 1024 (custom)
2019-11-14 19:59:14,867 [pool-509-thread-1] INFO  server.RaftServerConfigKeys (ConfUtils.java:logGet(43)) - raft.server.log.segment.size.max = 1048576 (custom)
2019-11-14 19:59:14,867 [pool-509-thread-1] INFO  server.RaftServerConfigKeys (ConfUtils.java:logGet(43)) - raft.server.log.preallocated.size = 16384 (custom)
2019-11-14 19:59:14,867 [pool-509-thread-1] INFO  server.RaftServerConfigKeys (ConfUtils.java:logGet(43)) - raft.server.log.write.buffer.size = 33554432 (custom)
2019-11-14 19:59:14,867 [pool-509-thread-1] INFO  server.RaftServerConfigKeys (ConfUtils.java:logGet(43)) - raft.server.log.force.sync.num = 128 (default)
2019-11-14 19:59:14,867 [pool-509-thread-1] INFO  server.RaftServerConfigKeys (ConfUtils.java:logGet(43)) - raft.server.log.statemachine.data.sync = true (default)
2019-11-14 19:59:14,867 [pool-509-thread-1] INFO  server.RaftServerConfigKeys (ConfUtils.java:logGet(43)) - raft.server.log.statemachine.data.sync.timeout = 10s (default)
2019-11-14 19:59:14,867 [pool-509-thread-1] INFO  server.RaftServerConfigKeys (ConfUtils.java:logGet(43)) - raft.server.log.statemachine.data.sync.timeout.retry = -1 (default)
2019-11-14 19:59:14,868 [pool-509-thread-1] INFO  server.RaftServerConfigKeys (ConfUtils.java:logGet(43)) - raft.server.log.statemachine.data.caching.enabled = true (custom)
2019-11-14 19:59:14,868 [pool-509-thread-1] INFO  segmented.SegmentedRaftLogWorker (SegmentedRaftLogWorker.java:lambda$new$0(128)) - ae61afd5-043c-42ff-9e00-06be6bf8121c@group-5C6618DA411B-SegmentedRaftLogWorker: flushIndex: setUnconditionally 0 -> -1
2019-11-14 19:59:14,868 [pool-509-thread-1] INFO  server.RaftServerConfigKeys (ConfUtils.java:logGet(43)) - raft.server.snapshot.auto.trigger.enabled = true (custom)
2019-11-14 19:59:14,868 [pool-509-thread-1] INFO  server.RaftServerConfigKeys (ConfUtils.java:logGet(43)) - raft.server.snapshot.auto.trigger.threshold = 10000 (custom)
2019-11-14 19:59:14,869 [pool-509-thread-1] INFO  server.RaftServerConfigKeys (ConfUtils.java:logGet(43)) - raft.server.snapshot.retention.file.num = 5 (custom)
2019-11-14 19:59:14,869 [pool-509-thread-1] INFO  server.RaftServerConfigKeys (ConfUtils.java:logGet(43)) - raft.server.retrycache.expirytime = 600000ms (custom)
2019-11-14 19:59:14,869 [pool-509-thread-1] WARN  impl.MetricRegistriesImpl (MetricRegistriesImpl.java:lambda$create$1(61)) - First MetricRegistry has been created without registering reporters. You may need to call MetricRegistries.global().addReportRegistration(...) before.
2019-11-14 19:59:14,869 [pool-509-thread-1] WARN  impl.MetricRegistriesImpl (MetricRegistriesImpl.java:lambda$create$1(61)) - First MetricRegistry has been created without registering reporters. You may need to call MetricRegistries.global().addReportRegistration(...) before.
2019-11-14 19:59:14,869 [pool-509-thread-1] INFO  impl.RaftServerImpl (RaftServerImpl.java:start(184)) - ae61afd5-043c-42ff-9e00-06be6bf8121c@group-5C6618DA411B: start as a follower, conf=-1: [ae61afd5-043c-42ff-9e00-06be6bf8121c:192.168.157.219:41147], old=null
2019-11-14 19:59:14,869 [pool-509-thread-1] INFO  impl.RaftServerImpl (RaftServerImpl.java:setRole(173)) - ae61afd5-043c-42ff-9e00-06be6bf8121c@group-5C6618DA411B: changes role from      null to FOLLOWER at term 0 for startAsFollower
2019-11-14 19:59:14,869 [pool-509-thread-1] INFO  impl.RoleInfo (RoleInfo.java:updateAndGet(143)) - ae61afd5-043c-42ff-9e00-06be6bf8121c: start FollowerState
2019-11-14 19:59:14,870 [pool-509-thread-1] INFO  util.JmxRegister (JmxRegister.java:tryRegister(44)) - Successfully registered JMX Bean with object name Ratis:service=RaftServer,group=group-5C6618DA411B,id=ae61afd5-043c-42ff-9e00-06be6bf8121c
2019-11-14 19:59:14,870 [pool-509-thread-1] WARN  impl.MetricRegistriesImpl (MetricRegistriesImpl.java:lambda$create$1(61)) - First MetricRegistry has been created without registering reporters. You may need to call MetricRegistries.global().addReportRegistration(...) before.
2019-11-14 19:59:14,872 [RatisPipelineUtilsThread] INFO  pipeline.PipelineStateManager (PipelineStateManager.java:addPipeline(55)) - Created pipeline Pipeline[ Id: 1f9194ad-64d9-401b-9e8c-5c6618da411b, Nodes: ae61afd5-043c-42ff-9e00-06be6bf8121c{ip: 192.168.157.219, host: pr-hdds-2489-n52xc-1246314526, networkLocation: /rack1, certSerialId: null}, Type:RATIS, Factor:ONE, State:ALLOCATED]
2019-11-14 19:59:14,878 [grpc-default-executor-5] INFO  impl.RaftServerProxy (RaftServerProxy.java:addNew(89)) - 37fea5d6-1a60-4b82-9570-57888d4e9f46: addNew group-41ED2E1317B9:[37fea5d6-1a60-4b82-9570-57888d4e9f46:192.168.157.219:35005] returns group-41ED2E1317B9:java.util.concurrent.CompletableFuture@77b18ea7[Not completed]
2019-11-14 19:59:14,880 [pool-519-thread-1] INFO  impl.RaftServerImpl (RaftServerImpl.java:<init>(98)) - 37fea5d6-1a60-4b82-9570-57888d4e9f46: new RaftServerImpl for group-41ED2E1317B9:[37fea5d6-1a60-4b82-9570-57888d4e9f46:192.168.157.219:35005] with ContainerStateMachine:uninitialized
2019-11-14 19:59:14,880 [pool-519-thread-1] INFO  server.RaftServerConfigKeys (ConfUtils.java:logGet(43)) - raft.server.rpc.timeout.min = 1s (custom)
2019-11-14 19:59:14,880 [pool-519-thread-1] INFO  server.RaftServerConfigKeys (ConfUtils.java:logGet(43)) - raft.server.rpc.timeout.max = 1200ms (custom)
2019-11-14 19:59:14,880 [pool-519-thread-1] INFO  server.RaftServerConfigKeys (ConfUtils.java:logGet(43)) - raft.server.rpcslowness.timeout = 120s (custom)
2019-11-14 19:59:14,880 [pool-519-thread-1] INFO  server.RaftServerConfigKeys (ConfUtils.java:logGet(43)) - raft.server.sleep.deviation.threshold = 300 (default)
2019-11-14 19:59:14,880 [pool-519-thread-1] INFO  server.RaftServerConfigKeys (ConfUtils.java:logGet(43)) - raft.server.log.appender.install.snapshot.enabled = false (custom)
2019-11-14 19:59:14,880 [pool-519-thread-1] INFO  impl.RaftServerImpl (ServerState.java:<init>(103)) - 37fea5d6-1a60-4b82-9570-57888d4e9f46@group-41ED2E1317B9: ConfigurationManager, init=-1: [37fea5d6-1a60-4b82-9570-57888d4e9f46:192.168.157.219:35005], old=null, confs=<EMPTY_MAP>
2019-11-14 19:59:14,880 [pool-519-thread-1] INFO  server.RaftServerConfigKeys (ConfUtils.java:logGet(43)) - raft.server.storage.dir = [/workdir/hadoop-ozone/integration-test/target/test-dir/MiniOzoneClusterImpl-df23ed15-4459-4301-a988-82089ad70e13/datanode-1/data/ratis] (custom)
2019-11-14 19:59:14,881 [pool-519-thread-1] INFO  server.RaftServerConfigKeys (ConfUtils.java:logGet(43)) - raft.server.log.corruption.policy = EXCEPTION (default)
2019-11-14 19:59:14,881 [pool-519-thread-1] INFO  storage.RaftStorageDirectory (RaftStorageDirectory.java:analyzeStorage(246)) - The storage directory /workdir/hadoop-ozone/integration-test/target/test-dir/MiniOzoneClusterImpl-df23ed15-4459-4301-a988-82089ad70e13/datanode-1/data/ratis/67facff0-eb10-4b77-b966-41ed2e1317b9 does not exist. Creating ...
2019-11-14 19:59:14,902 [IPC Server handler 6 on 39924] INFO  net.NetworkTopology (NetworkTopologyImpl.java:add(111)) - Added a new node: /rack1/f857cfdd-345c-4de8-889d-b8fdff158faf
2019-11-14 19:59:14,902 [IPC Server handler 6 on 39924] INFO  node.SCMNodeManager (SCMNodeManager.java:register(267)) - Registered Data node : f857cfdd-345c-4de8-889d-b8fdff158faf{ip: 192.168.157.219, host: pr-hdds-2489-n52xc-1246314526, networkLocation: /rack1, certSerialId: null}
2019-11-14 19:59:14,903 [pool-519-thread-1] INFO  storage.RaftStorageDirectory (RaftStorageDirectory.java:tryLock(328)) - Lock on /workdir/hadoop-ozone/integration-test/target/test-dir/MiniOzoneClusterImpl-df23ed15-4459-4301-a988-82089ad70e13/datanode-1/data/ratis/67facff0-eb10-4b77-b966-41ed2e1317b9/in_use.lock acquired by nodename 9468@pr-hdds-2489-n52xc-1246314526
2019-11-14 19:59:14,926 [pool-519-thread-1] INFO  storage.RaftStorage (RaftStorage.java:format(84)) - Storage directory /workdir/hadoop-ozone/integration-test/target/test-dir/MiniOzoneClusterImpl-df23ed15-4459-4301-a988-82089ad70e13/datanode-1/data/ratis/67facff0-eb10-4b77-b966-41ed2e1317b9 has been successfully formatted.
2019-11-14 19:59:14,926 [pool-519-thread-1] INFO  ratis.ContainerStateMachine (ContainerStateMachine.java:loadSnapshot(223)) - group-41ED2E1317B9: The snapshot info is null. Setting the last applied indexto:(t:0, i:~)
2019-11-14 19:59:14,926 [pool-519-thread-1] INFO  server.RaftServerConfigKeys (ConfUtils.java:logGet(43)) - raft.server.notification.no-leader.timeout = 120s (custom)
2019-11-14 19:59:14,926 [pool-519-thread-1] INFO  server.RaftServerConfigKeys (ConfUtils.java:logGet(43)) - raft.server.log.use.memory = false (default)
2019-11-14 19:59:14,926 [pool-519-thread-1] INFO  server.RaftServerConfigKeys (ConfUtils.java:logGet(43)) - raft.server.log.purge.gap = 1000000 (custom)
2019-11-14 19:59:14,927 [pool-519-thread-1] INFO  server.RaftServerConfigKeys (ConfUtils.java:logGet(43)) - raft.server.log.appender.buffer.byte-limit = 33554432 (custom)
2019-11-14 19:59:14,927 [pool-519-thread-1] INFO  server.RaftServerConfigKeys (ConfUtils.java:logGet(43)) - raft.server.log.segment.size.max = 1048576 (custom)
2019-11-14 19:59:14,927 [pool-519-thread-1] WARN  impl.MetricRegistriesImpl (MetricRegistriesImpl.java:lambda$create$1(61)) - First MetricRegistry has been created without registering reporters. You may need to call MetricRegistries.global().addReportRegistration(...) before.
2019-11-14 19:59:14,927 [pool-519-thread-1] INFO  server.RaftServerConfigKeys (ConfUtils.java:logGet(43)) - raft.server.log.segment.cache.num.max = 2 (custom)
2019-11-14 19:59:14,927 [pool-519-thread-1] INFO  segmented.SegmentedRaftLogWorker (SegmentedRaftLogWorker.java:<init>(173)) - new 37fea5d6-1a60-4b82-9570-57888d4e9f46@group-41ED2E1317B9-SegmentedRaftLogWorker for RaftStorage:Storage Directory /workdir/hadoop-ozone/integration-test/target/test-dir/MiniOzoneClusterImpl-df23ed15-4459-4301-a988-82089ad70e13/datanode-1/data/ratis/67facff0-eb10-4b77-b966-41ed2e1317b9
2019-11-14 19:59:14,927 [pool-519-thread-1] INFO  server.RaftServerConfigKeys (ConfUtils.java:logGet(43)) - raft.server.log.queue.byte-limit = 2147483647 (custom)
2019-11-14 19:59:14,927 [pool-519-thread-1] INFO  server.RaftServerConfigKeys (ConfUtils.java:logGet(43)) - raft.server.log.queue.element-limit = 1024 (custom)
2019-11-14 19:59:14,927 [pool-519-thread-1] INFO  server.RaftServerConfigKeys (ConfUtils.java:logGet(43)) - raft.server.log.segment.size.max = 1048576 (custom)
2019-11-14 19:59:14,927 [pool-519-thread-1] INFO  server.RaftServerConfigKeys (ConfUtils.java:logGet(43)) - raft.server.log.preallocated.size = 16384 (custom)
2019-11-14 19:59:14,927 [pool-519-thread-1] INFO  server.RaftServerConfigKeys (ConfUtils.java:logGet(43)) - raft.server.log.write.buffer.size = 33554432 (custom)
2019-11-14 19:59:14,927 [pool-519-thread-1] INFO  server.RaftServerConfigKeys (ConfUtils.java:logGet(43)) - raft.server.log.force.sync.num = 128 (default)
2019-11-14 19:59:14,927 [pool-519-thread-1] INFO  server.RaftServerConfigKeys (ConfUtils.java:logGet(43)) - raft.server.log.statemachine.data.sync = true (default)
2019-11-14 19:59:14,927 [pool-519-thread-1] INFO  server.RaftServerConfigKeys (ConfUtils.java:logGet(43)) - raft.server.log.statemachine.data.sync.timeout = 10s (default)
2019-11-14 19:59:14,927 [pool-519-thread-1] INFO  server.RaftServerConfigKeys (ConfUtils.java:logGet(43)) - raft.server.log.statemachine.data.sync.timeout.retry = -1 (default)
2019-11-14 19:59:14,928 [pool-519-thread-1] INFO  server.RaftServerConfigKeys (ConfUtils.java:logGet(43)) - raft.server.log.statemachine.data.caching.enabled = true (custom)
2019-11-14 19:59:14,928 [pool-519-thread-1] INFO  segmented.SegmentedRaftLogWorker (SegmentedRaftLogWorker.java:lambda$new$0(128)) - 37fea5d6-1a60-4b82-9570-57888d4e9f46@group-41ED2E1317B9-SegmentedRaftLogWorker: flushIndex: setUnconditionally 0 -> -1
2019-11-14 19:59:14,928 [pool-519-thread-1] INFO  server.RaftServerConfigKeys (ConfUtils.java:logGet(43)) - raft.server.snapshot.auto.trigger.enabled = true (custom)
2019-11-14 19:59:14,928 [pool-519-thread-1] INFO  server.RaftServerConfigKeys (ConfUtils.java:logGet(43)) - raft.server.snapshot.auto.trigger.threshold = 10000 (custom)
2019-11-14 19:59:14,928 [pool-519-thread-1] INFO  server.RaftServerConfigKeys (ConfUtils.java:logGet(43)) - raft.server.snapshot.retention.file.num = 5 (custom)
2019-11-14 19:59:14,928 [pool-519-thread-1] INFO  server.RaftServerConfigKeys (ConfUtils.java:logGet(43)) - raft.server.retrycache.expirytime = 600000ms (custom)
2019-11-14 19:59:14,928 [pool-519-thread-1] WARN  impl.MetricRegistriesImpl (MetricRegistriesImpl.java:lambda$create$1(61)) - First MetricRegistry has been created without registering reporters. You may need to call MetricRegistries.global().addReportRegistration(...) before.
2019-11-14 19:59:14,928 [pool-519-thread-1] WARN  impl.MetricRegistriesImpl (MetricRegistriesImpl.java:lambda$create$1(61)) - First MetricRegistry has been created without registering reporters. You may need to call MetricRegistries.global().addReportRegistration(...) before.
2019-11-14 19:59:14,929 [pool-519-thread-1] INFO  impl.RaftServerImpl (RaftServerImpl.java:start(184)) - 37fea5d6-1a60-4b82-9570-57888d4e9f46@group-41ED2E1317B9: start as a follower, conf=-1: [37fea5d6-1a60-4b82-9570-57888d4e9f46:192.168.157.219:35005], old=null
2019-11-14 19:59:14,929 [pool-519-thread-1] INFO  impl.RaftServerImpl (RaftServerImpl.java:setRole(173)) - 37fea5d6-1a60-4b82-9570-57888d4e9f46@group-41ED2E1317B9: changes role from      null to FOLLOWER at term 0 for startAsFollower
2019-11-14 19:59:14,929 [pool-519-thread-1] INFO  impl.RoleInfo (RoleInfo.java:updateAndGet(143)) - 37fea5d6-1a60-4b82-9570-57888d4e9f46: start FollowerState
2019-11-14 19:59:14,929 [pool-519-thread-1] INFO  util.JmxRegister (JmxRegister.java:tryRegister(44)) - Successfully registered JMX Bean with object name Ratis:service=RaftServer,group=group-41ED2E1317B9,id=37fea5d6-1a60-4b82-9570-57888d4e9f46
2019-11-14 19:59:14,929 [pool-519-thread-1] WARN  impl.MetricRegistriesImpl (MetricRegistriesImpl.java:lambda$create$1(61)) - First MetricRegistry has been created without registering reporters. You may need to call MetricRegistries.global().addReportRegistration(...) before.
2019-11-14 19:59:14,931 [RatisPipelineUtilsThread] INFO  pipeline.PipelineStateManager (PipelineStateManager.java:addPipeline(55)) - Created pipeline Pipeline[ Id: 67facff0-eb10-4b77-b966-41ed2e1317b9, Nodes: 37fea5d6-1a60-4b82-9570-57888d4e9f46{ip: 192.168.157.219, host: pr-hdds-2489-n52xc-1246314526, networkLocation: /rack1, certSerialId: null}, Type:RATIS, Factor:ONE, State:ALLOCATED]
2019-11-14 19:59:14,936 [grpc-default-executor-5] INFO  impl.RaftServerProxy (RaftServerProxy.java:addNew(89)) - f857cfdd-345c-4de8-889d-b8fdff158faf: addNew group-C26CFBDA538C:[f857cfdd-345c-4de8-889d-b8fdff158faf:192.168.157.219:39658] returns group-C26CFBDA538C:java.util.concurrent.CompletableFuture@25ffaf57[Not completed]
2019-11-14 19:59:14,938 [pool-529-thread-1] INFO  impl.RaftServerImpl (RaftServerImpl.java:<init>(98)) - f857cfdd-345c-4de8-889d-b8fdff158faf: new RaftServerImpl for group-C26CFBDA538C:[f857cfdd-345c-4de8-889d-b8fdff158faf:192.168.157.219:39658] with ContainerStateMachine:uninitialized
2019-11-14 19:59:14,938 [pool-529-thread-1] INFO  server.RaftServerConfigKeys (ConfUtils.java:logGet(43)) - raft.server.rpc.timeout.min = 1s (custom)
2019-11-14 19:59:14,938 [pool-529-thread-1] INFO  server.RaftServerConfigKeys (ConfUtils.java:logGet(43)) - raft.server.rpc.timeout.max = 1200ms (custom)
2019-11-14 19:59:14,938 [pool-529-thread-1] INFO  server.RaftServerConfigKeys (ConfUtils.java:logGet(43)) - raft.server.rpcslowness.timeout = 120s (custom)
2019-11-14 19:59:14,938 [pool-529-thread-1] INFO  server.RaftServerConfigKeys (ConfUtils.java:logGet(43)) - raft.server.sleep.deviation.threshold = 300 (default)
2019-11-14 19:59:14,938 [pool-529-thread-1] INFO  server.RaftServerConfigKeys (ConfUtils.java:logGet(43)) - raft.server.log.appender.install.snapshot.enabled = false (custom)
2019-11-14 19:59:14,938 [pool-529-thread-1] INFO  impl.RaftServerImpl (ServerState.java:<init>(103)) - f857cfdd-345c-4de8-889d-b8fdff158faf@group-C26CFBDA538C: ConfigurationManager, init=-1: [f857cfdd-345c-4de8-889d-b8fdff158faf:192.168.157.219:39658], old=null, confs=<EMPTY_MAP>
2019-11-14 19:59:14,938 [pool-529-thread-1] INFO  server.RaftServerConfigKeys (ConfUtils.java:logGet(43)) - raft.server.storage.dir = [/workdir/hadoop-ozone/integration-test/target/test-dir/MiniOzoneClusterImpl-df23ed15-4459-4301-a988-82089ad70e13/datanode-2/data/ratis] (custom)
2019-11-14 19:59:14,939 [pool-529-thread-1] INFO  server.RaftServerConfigKeys (ConfUtils.java:logGet(43)) - raft.server.log.corruption.policy = EXCEPTION (default)
2019-11-14 19:59:14,939 [pool-529-thread-1] INFO  storage.RaftStorageDirectory (RaftStorageDirectory.java:analyzeStorage(246)) - The storage directory /workdir/hadoop-ozone/integration-test/target/test-dir/MiniOzoneClusterImpl-df23ed15-4459-4301-a988-82089ad70e13/datanode-2/data/ratis/a0a9f23a-6bad-4f3d-a974-c26cfbda538c does not exist. Creating ...
2019-11-14 19:59:14,961 [pool-529-thread-1] INFO  storage.RaftStorageDirectory (RaftStorageDirectory.java:tryLock(328)) - Lock on /workdir/hadoop-ozone/integration-test/target/test-dir/MiniOzoneClusterImpl-df23ed15-4459-4301-a988-82089ad70e13/datanode-2/data/ratis/a0a9f23a-6bad-4f3d-a974-c26cfbda538c/in_use.lock acquired by nodename 9468@pr-hdds-2489-n52xc-1246314526
2019-11-14 19:59:14,962 [IPC Server handler 7 on 39924] INFO  net.NetworkTopology (NetworkTopologyImpl.java:add(111)) - Added a new node: /rack1/0b9f718b-6f36-48a0-b3e8-8949249bd312
2019-11-14 19:59:14,962 [IPC Server handler 7 on 39924] INFO  node.SCMNodeManager (SCMNodeManager.java:register(267)) - Registered Data node : 0b9f718b-6f36-48a0-b3e8-8949249bd312{ip: 192.168.157.219, host: pr-hdds-2489-n52xc-1246314526, networkLocation: /rack1, certSerialId: null}
2019-11-14 19:59:14,975 [pool-529-thread-1] INFO  storage.RaftStorage (RaftStorage.java:format(84)) - Storage directory /workdir/hadoop-ozone/integration-test/target/test-dir/MiniOzoneClusterImpl-df23ed15-4459-4301-a988-82089ad70e13/datanode-2/data/ratis/a0a9f23a-6bad-4f3d-a974-c26cfbda538c has been successfully formatted.
2019-11-14 19:59:14,976 [pool-529-thread-1] INFO  ratis.ContainerStateMachine (ContainerStateMachine.java:loadSnapshot(223)) - group-C26CFBDA538C: The snapshot info is null. Setting the last applied indexto:(t:0, i:~)
2019-11-14 19:59:14,976 [pool-529-thread-1] INFO  server.RaftServerConfigKeys (ConfUtils.java:logGet(43)) - raft.server.notification.no-leader.timeout = 120s (custom)
2019-11-14 19:59:14,976 [pool-529-thread-1] INFO  server.RaftServerConfigKeys (ConfUtils.java:logGet(43)) - raft.server.log.use.memory = false (default)
2019-11-14 19:59:14,976 [pool-529-thread-1] INFO  server.RaftServerConfigKeys (ConfUtils.java:logGet(43)) - raft.server.log.purge.gap = 1000000 (custom)
2019-11-14 19:59:14,976 [pool-529-thread-1] INFO  server.RaftServerConfigKeys (ConfUtils.java:logGet(43)) - raft.server.log.appender.buffer.byte-limit = 33554432 (custom)
2019-11-14 19:59:14,976 [pool-529-thread-1] INFO  server.RaftServerConfigKeys (ConfUtils.java:logGet(43)) - raft.server.log.segment.size.max = 1048576 (custom)
2019-11-14 19:59:14,976 [pool-529-thread-1] WARN  impl.MetricRegistriesImpl (MetricRegistriesImpl.java:lambda$create$1(61)) - First MetricRegistry has been created without registering reporters. You may need to call MetricRegistries.global().addReportRegistration(...) before.
2019-11-14 19:59:14,976 [pool-529-thread-1] INFO  server.RaftServerConfigKeys (ConfUtils.java:logGet(43)) - raft.server.log.segment.cache.num.max = 2 (custom)
2019-11-14 19:59:14,976 [pool-529-thread-1] INFO  segmented.SegmentedRaftLogWorker (SegmentedRaftLogWorker.java:<init>(173)) - new f857cfdd-345c-4de8-889d-b8fdff158faf@group-C26CFBDA538C-SegmentedRaftLogWorker for RaftStorage:Storage Directory /workdir/hadoop-ozone/integration-test/target/test-dir/MiniOzoneClusterImpl-df23ed15-4459-4301-a988-82089ad70e13/datanode-2/data/ratis/a0a9f23a-6bad-4f3d-a974-c26cfbda538c
2019-11-14 19:59:14,976 [pool-529-thread-1] INFO  server.RaftServerConfigKeys (ConfUtils.java:logGet(43)) - raft.server.log.queue.byte-limit = 2147483647 (custom)
2019-11-14 19:59:14,977 [pool-529-thread-1] INFO  server.RaftServerConfigKeys (ConfUtils.java:logGet(43)) - raft.server.log.queue.element-limit = 1024 (custom)
2019-11-14 19:59:14,977 [pool-529-thread-1] INFO  server.RaftServerConfigKeys (ConfUtils.java:logGet(43)) - raft.server.log.segment.size.max = 1048576 (custom)
2019-11-14 19:59:14,977 [pool-529-thread-1] INFO  server.RaftServerConfigKeys (ConfUtils.java:logGet(43)) - raft.server.log.preallocated.size = 16384 (custom)
2019-11-14 19:59:14,977 [pool-529-thread-1] INFO  server.RaftServerConfigKeys (ConfUtils.java:logGet(43)) - raft.server.log.write.buffer.size = 33554432 (custom)
2019-11-14 19:59:14,977 [pool-529-thread-1] INFO  server.RaftServerConfigKeys (ConfUtils.java:logGet(43)) - raft.server.log.force.sync.num = 128 (default)
2019-11-14 19:59:14,977 [pool-529-thread-1] INFO  server.RaftServerConfigKeys (ConfUtils.java:logGet(43)) - raft.server.log.statemachine.data.sync = true (default)
2019-11-14 19:59:14,977 [pool-529-thread-1] INFO  server.RaftServerConfigKeys (ConfUtils.java:logGet(43)) - raft.server.log.statemachine.data.sync.timeout = 10s (default)
2019-11-14 19:59:14,977 [pool-529-thread-1] INFO  server.RaftServerConfigKeys (ConfUtils.java:logGet(43)) - raft.server.log.statemachine.data.sync.timeout.retry = -1 (default)
2019-11-14 19:59:14,977 [pool-529-thread-1] INFO  server.RaftServerConfigKeys (ConfUtils.java:logGet(43)) - raft.server.log.statemachine.data.caching.enabled = true (custom)
2019-11-14 19:59:14,977 [pool-529-thread-1] INFO  segmented.SegmentedRaftLogWorker (SegmentedRaftLogWorker.java:lambda$new$0(128)) - f857cfdd-345c-4de8-889d-b8fdff158faf@group-C26CFBDA538C-SegmentedRaftLogWorker: flushIndex: setUnconditionally 0 -> -1
2019-11-14 19:59:14,978 [pool-529-thread-1] INFO  server.RaftServerConfigKeys (ConfUtils.java:logGet(43)) - raft.server.snapshot.auto.trigger.enabled = true (custom)
2019-11-14 19:59:14,978 [pool-529-thread-1] INFO  server.RaftServerConfigKeys (ConfUtils.java:logGet(43)) - raft.server.snapshot.auto.trigger.threshold = 10000 (custom)
2019-11-14 19:59:14,978 [pool-529-thread-1] INFO  server.RaftServerConfigKeys (ConfUtils.java:logGet(43)) - raft.server.snapshot.retention.file.num = 5 (custom)
2019-11-14 19:59:14,978 [pool-529-thread-1] INFO  server.RaftServerConfigKeys (ConfUtils.java:logGet(43)) - raft.server.retrycache.expirytime = 600000ms (custom)
2019-11-14 19:59:14,978 [pool-529-thread-1] WARN  impl.MetricRegistriesImpl (MetricRegistriesImpl.java:lambda$create$1(61)) - First MetricRegistry has been created without registering reporters. You may need to call MetricRegistries.global().addReportRegistration(...) before.
2019-11-14 19:59:14,978 [pool-529-thread-1] WARN  impl.MetricRegistriesImpl (MetricRegistriesImpl.java:lambda$create$1(61)) - First MetricRegistry has been created without registering reporters. You may need to call MetricRegistries.global().addReportRegistration(...) before.
2019-11-14 19:59:14,978 [pool-529-thread-1] INFO  impl.RaftServerImpl (RaftServerImpl.java:start(184)) - f857cfdd-345c-4de8-889d-b8fdff158faf@group-C26CFBDA538C: start as a follower, conf=-1: [f857cfdd-345c-4de8-889d-b8fdff158faf:192.168.157.219:39658], old=null
2019-11-14 19:59:14,978 [pool-529-thread-1] INFO  impl.RaftServerImpl (RaftServerImpl.java:setRole(173)) - f857cfdd-345c-4de8-889d-b8fdff158faf@group-C26CFBDA538C: changes role from      null to FOLLOWER at term 0 for startAsFollower
2019-11-14 19:59:14,978 [pool-529-thread-1] INFO  impl.RoleInfo (RoleInfo.java:updateAndGet(143)) - f857cfdd-345c-4de8-889d-b8fdff158faf: start FollowerState
2019-11-14 19:59:14,979 [pool-529-thread-1] INFO  util.JmxRegister (JmxRegister.java:tryRegister(44)) - Successfully registered JMX Bean with object name Ratis:service=RaftServer,group=group-C26CFBDA538C,id=f857cfdd-345c-4de8-889d-b8fdff158faf
2019-11-14 19:59:14,979 [pool-529-thread-1] WARN  impl.MetricRegistriesImpl (MetricRegistriesImpl.java:lambda$create$1(61)) - First MetricRegistry has been created without registering reporters. You may need to call MetricRegistries.global().addReportRegistration(...) before.
2019-11-14 19:59:14,981 [RatisPipelineUtilsThread] INFO  pipeline.PipelineStateManager (PipelineStateManager.java:addPipeline(55)) - Created pipeline Pipeline[ Id: a0a9f23a-6bad-4f3d-a974-c26cfbda538c, Nodes: f857cfdd-345c-4de8-889d-b8fdff158faf{ip: 192.168.157.219, host: pr-hdds-2489-n52xc-1246314526, networkLocation: /rack1, certSerialId: null}, Type:RATIS, Factor:ONE, State:ALLOCATED]
2019-11-14 19:59:14,987 [grpc-default-executor-5] INFO  impl.RaftServerProxy (RaftServerProxy.java:addNew(89)) - 0b9f718b-6f36-48a0-b3e8-8949249bd312: addNew group-050A93D6CDE8:[0b9f718b-6f36-48a0-b3e8-8949249bd312:192.168.157.219:44307] returns group-050A93D6CDE8:java.util.concurrent.CompletableFuture@4dd0791e[Not completed]
2019-11-14 19:59:14,988 [pool-539-thread-1] INFO  impl.RaftServerImpl (RaftServerImpl.java:<init>(98)) - 0b9f718b-6f36-48a0-b3e8-8949249bd312: new RaftServerImpl for group-050A93D6CDE8:[0b9f718b-6f36-48a0-b3e8-8949249bd312:192.168.157.219:44307] with ContainerStateMachine:uninitialized
2019-11-14 19:59:14,988 [pool-539-thread-1] INFO  server.RaftServerConfigKeys (ConfUtils.java:logGet(43)) - raft.server.rpc.timeout.min = 1s (custom)
2019-11-14 19:59:14,988 [pool-539-thread-1] INFO  server.RaftServerConfigKeys (ConfUtils.java:logGet(43)) - raft.server.rpc.timeout.max = 1200ms (custom)
2019-11-14 19:59:14,988 [pool-539-thread-1] INFO  server.RaftServerConfigKeys (ConfUtils.java:logGet(43)) - raft.server.rpcslowness.timeout = 120s (custom)
2019-11-14 19:59:14,988 [pool-539-thread-1] INFO  server.RaftServerConfigKeys (ConfUtils.java:logGet(43)) - raft.server.sleep.deviation.threshold = 300 (default)
2019-11-14 19:59:14,988 [pool-539-thread-1] INFO  server.RaftServerConfigKeys (ConfUtils.java:logGet(43)) - raft.server.log.appender.install.snapshot.enabled = false (custom)
2019-11-14 19:59:14,988 [pool-539-thread-1] INFO  impl.RaftServerImpl (ServerState.java:<init>(103)) - 0b9f718b-6f36-48a0-b3e8-8949249bd312@group-050A93D6CDE8: ConfigurationManager, init=-1: [0b9f718b-6f36-48a0-b3e8-8949249bd312:192.168.157.219:44307], old=null, confs=<EMPTY_MAP>
2019-11-14 19:59:14,988 [pool-539-thread-1] INFO  server.RaftServerConfigKeys (ConfUtils.java:logGet(43)) - raft.server.storage.dir = [/workdir/hadoop-ozone/integration-test/target/test-dir/MiniOzoneClusterImpl-df23ed15-4459-4301-a988-82089ad70e13/datanode-3/data/ratis] (custom)
2019-11-14 19:59:14,988 [pool-539-thread-1] INFO  server.RaftServerConfigKeys (ConfUtils.java:logGet(43)) - raft.server.log.corruption.policy = EXCEPTION (default)
2019-11-14 19:59:14,989 [pool-539-thread-1] INFO  storage.RaftStorageDirectory (RaftStorageDirectory.java:analyzeStorage(246)) - The storage directory /workdir/hadoop-ozone/integration-test/target/test-dir/MiniOzoneClusterImpl-df23ed15-4459-4301-a988-82089ad70e13/datanode-3/data/ratis/bc46a47c-5e02-40aa-9357-050a93d6cde8 does not exist. Creating ...
2019-11-14 19:59:15,011 [pool-539-thread-1] INFO  storage.RaftStorageDirectory (RaftStorageDirectory.java:tryLock(328)) - Lock on /workdir/hadoop-ozone/integration-test/target/test-dir/MiniOzoneClusterImpl-df23ed15-4459-4301-a988-82089ad70e13/datanode-3/data/ratis/bc46a47c-5e02-40aa-9357-050a93d6cde8/in_use.lock acquired by nodename 9468@pr-hdds-2489-n52xc-1246314526
2019-11-14 19:59:15,034 [pool-539-thread-1] INFO  storage.RaftStorage (RaftStorage.java:format(84)) - Storage directory /workdir/hadoop-ozone/integration-test/target/test-dir/MiniOzoneClusterImpl-df23ed15-4459-4301-a988-82089ad70e13/datanode-3/data/ratis/bc46a47c-5e02-40aa-9357-050a93d6cde8 has been successfully formatted.
2019-11-14 19:59:15,034 [pool-539-thread-1] INFO  ratis.ContainerStateMachine (ContainerStateMachine.java:loadSnapshot(223)) - group-050A93D6CDE8: The snapshot info is null. Setting the last applied indexto:(t:0, i:~)
2019-11-14 19:59:15,034 [pool-539-thread-1] INFO  server.RaftServerConfigKeys (ConfUtils.java:logGet(43)) - raft.server.notification.no-leader.timeout = 120s (custom)
2019-11-14 19:59:15,035 [pool-539-thread-1] INFO  server.RaftServerConfigKeys (ConfUtils.java:logGet(43)) - raft.server.log.use.memory = false (default)
2019-11-14 19:59:15,035 [pool-539-thread-1] INFO  server.RaftServerConfigKeys (ConfUtils.java:logGet(43)) - raft.server.log.purge.gap = 1000000 (custom)
2019-11-14 19:59:15,035 [pool-539-thread-1] INFO  server.RaftServerConfigKeys (ConfUtils.java:logGet(43)) - raft.server.log.appender.buffer.byte-limit = 33554432 (custom)
2019-11-14 19:59:15,035 [pool-539-thread-1] INFO  server.RaftServerConfigKeys (ConfUtils.java:logGet(43)) - raft.server.log.segment.size.max = 1048576 (custom)
2019-11-14 19:59:15,035 [pool-539-thread-1] WARN  impl.MetricRegistriesImpl (MetricRegistriesImpl.java:lambda$create$1(61)) - First MetricRegistry has been created without registering reporters. You may need to call MetricRegistries.global().addReportRegistration(...) before.
2019-11-14 19:59:15,035 [pool-539-thread-1] INFO  server.RaftServerConfigKeys (ConfUtils.java:logGet(43)) - raft.server.log.segment.cache.num.max = 2 (custom)
2019-11-14 19:59:15,035 [pool-539-thread-1] INFO  segmented.SegmentedRaftLogWorker (SegmentedRaftLogWorker.java:<init>(173)) - new 0b9f718b-6f36-48a0-b3e8-8949249bd312@group-050A93D6CDE8-SegmentedRaftLogWorker for RaftStorage:Storage Directory /workdir/hadoop-ozone/integration-test/target/test-dir/MiniOzoneClusterImpl-df23ed15-4459-4301-a988-82089ad70e13/datanode-3/data/ratis/bc46a47c-5e02-40aa-9357-050a93d6cde8
2019-11-14 19:59:15,036 [pool-539-thread-1] INFO  server.RaftServerConfigKeys (ConfUtils.java:logGet(43)) - raft.server.log.queue.byte-limit = 2147483647 (custom)
2019-11-14 19:59:15,036 [pool-539-thread-1] INFO  server.RaftServerConfigKeys (ConfUtils.java:logGet(43)) - raft.server.log.queue.element-limit = 1024 (custom)
2019-11-14 19:59:15,036 [pool-539-thread-1] INFO  server.RaftServerConfigKeys (ConfUtils.java:logGet(43)) - raft.server.log.segment.size.max = 1048576 (custom)
2019-11-14 19:59:15,036 [pool-539-thread-1] INFO  server.RaftServerConfigKeys (ConfUtils.java:logGet(43)) - raft.server.log.preallocated.size = 16384 (custom)
2019-11-14 19:59:15,036 [pool-539-thread-1] INFO  server.RaftServerConfigKeys (ConfUtils.java:logGet(43)) - raft.server.log.write.buffer.size = 33554432 (custom)
2019-11-14 19:59:15,036 [pool-539-thread-1] INFO  server.RaftServerConfigKeys (ConfUtils.java:logGet(43)) - raft.server.log.force.sync.num = 128 (default)
2019-11-14 19:59:15,036 [pool-539-thread-1] INFO  server.RaftServerConfigKeys (ConfUtils.java:logGet(43)) - raft.server.log.statemachine.data.sync = true (default)
2019-11-14 19:59:15,036 [pool-539-thread-1] INFO  server.RaftServerConfigKeys (ConfUtils.java:logGet(43)) - raft.server.log.statemachine.data.sync.timeout = 10s (default)
2019-11-14 19:59:15,037 [pool-539-thread-1] INFO  server.RaftServerConfigKeys (ConfUtils.java:logGet(43)) - raft.server.log.statemachine.data.sync.timeout.retry = -1 (default)
2019-11-14 19:59:15,037 [pool-539-thread-1] INFO  server.RaftServerConfigKeys (ConfUtils.java:logGet(43)) - raft.server.log.statemachine.data.caching.enabled = true (custom)
2019-11-14 19:59:15,037 [pool-539-thread-1] INFO  segmented.SegmentedRaftLogWorker (SegmentedRaftLogWorker.java:lambda$new$0(128)) - 0b9f718b-6f36-48a0-b3e8-8949249bd312@group-050A93D6CDE8-SegmentedRaftLogWorker: flushIndex: setUnconditionally 0 -> -1
2019-11-14 19:59:15,037 [IPC Server handler 5 on 39924] INFO  net.NetworkTopology (NetworkTopologyImpl.java:add(111)) - Added a new node: /rack1/9e8f1412-9bf1-4810-b3e9-2cd8ebd4b71b
2019-11-14 19:59:15,037 [pool-539-thread-1] INFO  server.RaftServerConfigKeys (ConfUtils.java:logGet(43)) - raft.server.snapshot.auto.trigger.enabled = true (custom)
2019-11-14 19:59:15,038 [IPC Server handler 5 on 39924] INFO  node.SCMNodeManager (SCMNodeManager.java:register(267)) - Registered Data node : 9e8f1412-9bf1-4810-b3e9-2cd8ebd4b71b{ip: 192.168.157.219, host: pr-hdds-2489-n52xc-1246314526, networkLocation: /rack1, certSerialId: null}
2019-11-14 19:59:15,038 [pool-539-thread-1] INFO  server.RaftServerConfigKeys (ConfUtils.java:logGet(43)) - raft.server.snapshot.auto.trigger.threshold = 10000 (custom)
2019-11-14 19:59:15,038 [pool-539-thread-1] INFO  server.RaftServerConfigKeys (ConfUtils.java:logGet(43)) - raft.server.snapshot.retention.file.num = 5 (custom)
2019-11-14 19:59:15,038 [pool-539-thread-1] INFO  server.RaftServerConfigKeys (ConfUtils.java:logGet(43)) - raft.server.retrycache.expirytime = 600000ms (custom)
2019-11-14 19:59:15,038 [pool-539-thread-1] WARN  impl.MetricRegistriesImpl (MetricRegistriesImpl.java:lambda$create$1(61)) - First MetricRegistry has been created without registering reporters. You may need to call MetricRegistries.global().addReportRegistration(...) before.
2019-11-14 19:59:15,038 [pool-539-thread-1] WARN  impl.MetricRegistriesImpl (MetricRegistriesImpl.java:lambda$create$1(61)) - First MetricRegistry has been created without registering reporters. You may need to call MetricRegistries.global().addReportRegistration(...) before.
2019-11-14 19:59:15,039 [pool-539-thread-1] INFO  impl.RaftServerImpl (RaftServerImpl.java:start(184)) - 0b9f718b-6f36-48a0-b3e8-8949249bd312@group-050A93D6CDE8: start as a follower, conf=-1: [0b9f718b-6f36-48a0-b3e8-8949249bd312:192.168.157.219:44307], old=null
2019-11-14 19:59:15,039 [pool-539-thread-1] INFO  impl.RaftServerImpl (RaftServerImpl.java:setRole(173)) - 0b9f718b-6f36-48a0-b3e8-8949249bd312@group-050A93D6CDE8: changes role from      null to FOLLOWER at term 0 for startAsFollower
2019-11-14 19:59:15,039 [pool-539-thread-1] INFO  impl.RoleInfo (RoleInfo.java:updateAndGet(143)) - 0b9f718b-6f36-48a0-b3e8-8949249bd312: start FollowerState
2019-11-14 19:59:15,039 [pool-539-thread-1] INFO  util.JmxRegister (JmxRegister.java:tryRegister(44)) - Successfully registered JMX Bean with object name Ratis:service=RaftServer,group=group-050A93D6CDE8,id=0b9f718b-6f36-48a0-b3e8-8949249bd312
2019-11-14 19:59:15,039 [pool-539-thread-1] WARN  impl.MetricRegistriesImpl (MetricRegistriesImpl.java:lambda$create$1(61)) - First MetricRegistry has been created without registering reporters. You may need to call MetricRegistries.global().addReportRegistration(...) before.
2019-11-14 19:59:15,042 [RatisPipelineUtilsThread] INFO  pipeline.PipelineStateManager (PipelineStateManager.java:addPipeline(55)) - Created pipeline Pipeline[ Id: bc46a47c-5e02-40aa-9357-050a93d6cde8, Nodes: 0b9f718b-6f36-48a0-b3e8-8949249bd312{ip: 192.168.157.219, host: pr-hdds-2489-n52xc-1246314526, networkLocation: /rack1, certSerialId: null}, Type:RATIS, Factor:ONE, State:ALLOCATED]
2019-11-14 19:59:15,048 [grpc-default-executor-5] INFO  impl.RaftServerProxy (RaftServerProxy.java:addNew(89)) - 9e8f1412-9bf1-4810-b3e9-2cd8ebd4b71b: addNew group-55FD29FCF0CF:[9e8f1412-9bf1-4810-b3e9-2cd8ebd4b71b:192.168.157.219:38230] returns group-55FD29FCF0CF:java.util.concurrent.CompletableFuture@18e8ac56[Not completed]
2019-11-14 19:59:15,050 [pool-549-thread-1] INFO  impl.RaftServerImpl (RaftServerImpl.java:<init>(98)) - 9e8f1412-9bf1-4810-b3e9-2cd8ebd4b71b: new RaftServerImpl for group-55FD29FCF0CF:[9e8f1412-9bf1-4810-b3e9-2cd8ebd4b71b:192.168.157.219:38230] with ContainerStateMachine:uninitialized
2019-11-14 19:59:15,050 [pool-549-thread-1] INFO  server.RaftServerConfigKeys (ConfUtils.java:logGet(43)) - raft.server.rpc.timeout.min = 1s (custom)
2019-11-14 19:59:15,050 [pool-549-thread-1] INFO  server.RaftServerConfigKeys (ConfUtils.java:logGet(43)) - raft.server.rpc.timeout.max = 1200ms (custom)
2019-11-14 19:59:15,050 [pool-549-thread-1] INFO  server.RaftServerConfigKeys (ConfUtils.java:logGet(43)) - raft.server.rpcslowness.timeout = 120s (custom)
2019-11-14 19:59:15,050 [pool-549-thread-1] INFO  server.RaftServerConfigKeys (ConfUtils.java:logGet(43)) - raft.server.sleep.deviation.threshold = 300 (default)
2019-11-14 19:59:15,050 [pool-549-thread-1] INFO  server.RaftServerConfigKeys (ConfUtils.java:logGet(43)) - raft.server.log.appender.install.snapshot.enabled = false (custom)
2019-11-14 19:59:15,050 [pool-549-thread-1] INFO  impl.RaftServerImpl (ServerState.java:<init>(103)) - 9e8f1412-9bf1-4810-b3e9-2cd8ebd4b71b@group-55FD29FCF0CF: ConfigurationManager, init=-1: [9e8f1412-9bf1-4810-b3e9-2cd8ebd4b71b:192.168.157.219:38230], old=null, confs=<EMPTY_MAP>
2019-11-14 19:59:15,051 [pool-549-thread-1] INFO  server.RaftServerConfigKeys (ConfUtils.java:logGet(43)) - raft.server.storage.dir = [/workdir/hadoop-ozone/integration-test/target/test-dir/MiniOzoneClusterImpl-df23ed15-4459-4301-a988-82089ad70e13/datanode-4/data/ratis] (custom)
2019-11-14 19:59:15,051 [pool-549-thread-1] INFO  server.RaftServerConfigKeys (ConfUtils.java:logGet(43)) - raft.server.log.corruption.policy = EXCEPTION (default)
2019-11-14 19:59:15,051 [pool-549-thread-1] INFO  storage.RaftStorageDirectory (RaftStorageDirectory.java:analyzeStorage(246)) - The storage directory /workdir/hadoop-ozone/integration-test/target/test-dir/MiniOzoneClusterImpl-df23ed15-4459-4301-a988-82089ad70e13/datanode-4/data/ratis/e2c97e77-c99c-49b4-9771-55fd29fcf0cf does not exist. Creating ...
2019-11-14 19:59:15,065 [pool-549-thread-1] INFO  storage.RaftStorageDirectory (RaftStorageDirectory.java:tryLock(328)) - Lock on /workdir/hadoop-ozone/integration-test/target/test-dir/MiniOzoneClusterImpl-df23ed15-4459-4301-a988-82089ad70e13/datanode-4/data/ratis/e2c97e77-c99c-49b4-9771-55fd29fcf0cf/in_use.lock acquired by nodename 9468@pr-hdds-2489-n52xc-1246314526
2019-11-14 19:59:15,088 [pool-549-thread-1] INFO  storage.RaftStorage (RaftStorage.java:format(84)) - Storage directory /workdir/hadoop-ozone/integration-test/target/test-dir/MiniOzoneClusterImpl-df23ed15-4459-4301-a988-82089ad70e13/datanode-4/data/ratis/e2c97e77-c99c-49b4-9771-55fd29fcf0cf has been successfully formatted.
2019-11-14 19:59:15,089 [pool-549-thread-1] INFO  ratis.ContainerStateMachine (ContainerStateMachine.java:loadSnapshot(223)) - group-55FD29FCF0CF: The snapshot info is null. Setting the last applied indexto:(t:0, i:~)
2019-11-14 19:59:15,089 [pool-549-thread-1] INFO  server.RaftServerConfigKeys (ConfUtils.java:logGet(43)) - raft.server.notification.no-leader.timeout = 120s (custom)
2019-11-14 19:59:15,089 [pool-549-thread-1] INFO  server.RaftServerConfigKeys (ConfUtils.java:logGet(43)) - raft.server.log.use.memory = false (default)
2019-11-14 19:59:15,089 [pool-549-thread-1] INFO  server.RaftServerConfigKeys (ConfUtils.java:logGet(43)) - raft.server.log.purge.gap = 1000000 (custom)
2019-11-14 19:59:15,089 [pool-549-thread-1] INFO  server.RaftServerConfigKeys (ConfUtils.java:logGet(43)) - raft.server.log.appender.buffer.byte-limit = 33554432 (custom)
2019-11-14 19:59:15,089 [pool-549-thread-1] INFO  server.RaftServerConfigKeys (ConfUtils.java:logGet(43)) - raft.server.log.segment.size.max = 1048576 (custom)
2019-11-14 19:59:15,090 [pool-549-thread-1] WARN  impl.MetricRegistriesImpl (MetricRegistriesImpl.java:lambda$create$1(61)) - First MetricRegistry has been created without registering reporters. You may need to call MetricRegistries.global().addReportRegistration(...) before.
2019-11-14 19:59:15,090 [pool-549-thread-1] INFO  server.RaftServerConfigKeys (ConfUtils.java:logGet(43)) - raft.server.log.segment.cache.num.max = 2 (custom)
2019-11-14 19:59:15,090 [pool-549-thread-1] INFO  segmented.SegmentedRaftLogWorker (SegmentedRaftLogWorker.java:<init>(173)) - new 9e8f1412-9bf1-4810-b3e9-2cd8ebd4b71b@group-55FD29FCF0CF-SegmentedRaftLogWorker for RaftStorage:Storage Directory /workdir/hadoop-ozone/integration-test/target/test-dir/MiniOzoneClusterImpl-df23ed15-4459-4301-a988-82089ad70e13/datanode-4/data/ratis/e2c97e77-c99c-49b4-9771-55fd29fcf0cf
2019-11-14 19:59:15,090 [pool-549-thread-1] INFO  server.RaftServerConfigKeys (ConfUtils.java:logGet(43)) - raft.server.log.queue.byte-limit = 2147483647 (custom)
2019-11-14 19:59:15,090 [pool-549-thread-1] INFO  server.RaftServerConfigKeys (ConfUtils.java:logGet(43)) - raft.server.log.queue.element-limit = 1024 (custom)
2019-11-14 19:59:15,090 [pool-549-thread-1] INFO  server.RaftServerConfigKeys (ConfUtils.java:logGet(43)) - raft.server.log.segment.size.max = 1048576 (custom)
2019-11-14 19:59:15,090 [pool-549-thread-1] INFO  server.RaftServerConfigKeys (ConfUtils.java:logGet(43)) - raft.server.log.preallocated.size = 16384 (custom)
2019-11-14 19:59:15,090 [pool-549-thread-1] INFO  server.RaftServerConfigKeys (ConfUtils.java:logGet(43)) - raft.server.log.write.buffer.size = 33554432 (custom)
2019-11-14 19:59:15,091 [pool-549-thread-1] INFO  server.RaftServerConfigKeys (ConfUtils.java:logGet(43)) - raft.server.log.force.sync.num = 128 (default)
2019-11-14 19:59:15,091 [pool-549-thread-1] INFO  server.RaftServerConfigKeys (ConfUtils.java:logGet(43)) - raft.server.log.statemachine.data.sync = true (default)
2019-11-14 19:59:15,091 [pool-549-thread-1] INFO  server.RaftServerConfigKeys (ConfUtils.java:logGet(43)) - raft.server.log.statemachine.data.sync.timeout = 10s (default)
2019-11-14 19:59:15,091 [pool-549-thread-1] INFO  server.RaftServerConfigKeys (ConfUtils.java:logGet(43)) - raft.server.log.statemachine.data.sync.timeout.retry = -1 (default)
2019-11-14 19:59:15,091 [pool-549-thread-1] INFO  server.RaftServerConfigKeys (ConfUtils.java:logGet(43)) - raft.server.log.statemachine.data.caching.enabled = true (custom)
2019-11-14 19:59:15,091 [pool-549-thread-1] INFO  segmented.SegmentedRaftLogWorker (SegmentedRaftLogWorker.java:lambda$new$0(128)) - 9e8f1412-9bf1-4810-b3e9-2cd8ebd4b71b@group-55FD29FCF0CF-SegmentedRaftLogWorker: flushIndex: setUnconditionally 0 -> -1
2019-11-14 19:59:15,092 [pool-549-thread-1] INFO  server.RaftServerConfigKeys (ConfUtils.java:logGet(43)) - raft.server.snapshot.auto.trigger.enabled = true (custom)
2019-11-14 19:59:15,092 [pool-549-thread-1] INFO  server.RaftServerConfigKeys (ConfUtils.java:logGet(43)) - raft.server.snapshot.auto.trigger.threshold = 10000 (custom)
2019-11-14 19:59:15,092 [pool-549-thread-1] INFO  server.RaftServerConfigKeys (ConfUtils.java:logGet(43)) - raft.server.snapshot.retention.file.num = 5 (custom)
2019-11-14 19:59:15,092 [pool-549-thread-1] INFO  server.RaftServerConfigKeys (ConfUtils.java:logGet(43)) - raft.server.retrycache.expirytime = 600000ms (custom)
2019-11-14 19:59:15,092 [pool-549-thread-1] WARN  impl.MetricRegistriesImpl (MetricRegistriesImpl.java:lambda$create$1(61)) - First MetricRegistry has been created without registering reporters. You may need to call MetricRegistries.global().addReportRegistration(...) before.
2019-11-14 19:59:15,092 [pool-549-thread-1] WARN  impl.MetricRegistriesImpl (MetricRegistriesImpl.java:lambda$create$1(61)) - First MetricRegistry has been created without registering reporters. You may need to call MetricRegistries.global().addReportRegistration(...) before.
2019-11-14 19:59:15,093 [pool-549-thread-1] INFO  impl.RaftServerImpl (RaftServerImpl.java:start(184)) - 9e8f1412-9bf1-4810-b3e9-2cd8ebd4b71b@group-55FD29FCF0CF: start as a follower, conf=-1: [9e8f1412-9bf1-4810-b3e9-2cd8ebd4b71b:192.168.157.219:38230], old=null
2019-11-14 19:59:15,093 [pool-549-thread-1] INFO  impl.RaftServerImpl (RaftServerImpl.java:setRole(173)) - 9e8f1412-9bf1-4810-b3e9-2cd8ebd4b71b@group-55FD29FCF0CF: changes role from      null to FOLLOWER at term 0 for startAsFollower
2019-11-14 19:59:15,093 [pool-549-thread-1] INFO  impl.RoleInfo (RoleInfo.java:updateAndGet(143)) - 9e8f1412-9bf1-4810-b3e9-2cd8ebd4b71b: start FollowerState
2019-11-14 19:59:15,093 [pool-549-thread-1] INFO  util.JmxRegister (JmxRegister.java:tryRegister(44)) - Successfully registered JMX Bean with object name Ratis:service=RaftServer,group=group-55FD29FCF0CF,id=9e8f1412-9bf1-4810-b3e9-2cd8ebd4b71b
2019-11-14 19:59:15,093 [pool-549-thread-1] WARN  impl.MetricRegistriesImpl (MetricRegistriesImpl.java:lambda$create$1(61)) - First MetricRegistry has been created without registering reporters. You may need to call MetricRegistries.global().addReportRegistration(...) before.
2019-11-14 19:59:15,095 [RatisPipelineUtilsThread] INFO  pipeline.PipelineStateManager (PipelineStateManager.java:addPipeline(55)) - Created pipeline Pipeline[ Id: e2c97e77-c99c-49b4-9771-55fd29fcf0cf, Nodes: 9e8f1412-9bf1-4810-b3e9-2cd8ebd4b71b{ip: 192.168.157.219, host: pr-hdds-2489-n52xc-1246314526, networkLocation: /rack1, certSerialId: null}, Type:RATIS, Factor:ONE, State:ALLOCATED]
2019-11-14 19:59:15,111 [IPC Server handler 10 on 39924] INFO  net.NetworkTopology (NetworkTopologyImpl.java:add(111)) - Added a new node: /rack1/11eb2ad5-5554-4104-ae21-9c50fee78495
2019-11-14 19:59:15,112 [IPC Server handler 10 on 39924] INFO  node.SCMNodeManager (SCMNodeManager.java:register(267)) - Registered Data node : 11eb2ad5-5554-4104-ae21-9c50fee78495{ip: 192.168.157.219, host: pr-hdds-2489-n52xc-1246314526, networkLocation: /rack1, certSerialId: null}
2019-11-14 19:59:15,118 [grpc-default-executor-8] INFO  impl.RaftServerProxy (RaftServerProxy.java:addNew(89)) - 37fea5d6-1a60-4b82-9570-57888d4e9f46: addNew group-74742D73BCC8:[9e8f1412-9bf1-4810-b3e9-2cd8ebd4b71b:192.168.157.219:38230, f857cfdd-345c-4de8-889d-b8fdff158faf:192.168.157.219:39658, 37fea5d6-1a60-4b82-9570-57888d4e9f46:192.168.157.219:35005] returns group-74742D73BCC8:java.util.concurrent.CompletableFuture@524684f9[Not completed]
2019-11-14 19:59:15,118 [grpc-default-executor-9] INFO  impl.RaftServerProxy (RaftServerProxy.java:addNew(89)) - f857cfdd-345c-4de8-889d-b8fdff158faf: addNew group-74742D73BCC8:[9e8f1412-9bf1-4810-b3e9-2cd8ebd4b71b:192.168.157.219:38230, f857cfdd-345c-4de8-889d-b8fdff158faf:192.168.157.219:39658, 37fea5d6-1a60-4b82-9570-57888d4e9f46:192.168.157.219:35005] returns group-74742D73BCC8:java.util.concurrent.CompletableFuture@67dc1091[Not completed]
2019-11-14 19:59:15,118 [grpc-default-executor-5] INFO  impl.RaftServerProxy (RaftServerProxy.java:addNew(89)) - 9e8f1412-9bf1-4810-b3e9-2cd8ebd4b71b: addNew group-74742D73BCC8:[9e8f1412-9bf1-4810-b3e9-2cd8ebd4b71b:192.168.157.219:38230, f857cfdd-345c-4de8-889d-b8fdff158faf:192.168.157.219:39658, 37fea5d6-1a60-4b82-9570-57888d4e9f46:192.168.157.219:35005] returns group-74742D73BCC8:java.util.concurrent.CompletableFuture@2cde7c3d[Not completed]
2019-11-14 19:59:15,120 [pool-529-thread-1] INFO  impl.RaftServerImpl (RaftServerImpl.java:<init>(98)) - f857cfdd-345c-4de8-889d-b8fdff158faf: new RaftServerImpl for group-74742D73BCC8:[9e8f1412-9bf1-4810-b3e9-2cd8ebd4b71b:192.168.157.219:38230, f857cfdd-345c-4de8-889d-b8fdff158faf:192.168.157.219:39658, 37fea5d6-1a60-4b82-9570-57888d4e9f46:192.168.157.219:35005] with ContainerStateMachine:uninitialized
2019-11-14 19:59:15,120 [pool-529-thread-1] INFO  server.RaftServerConfigKeys (ConfUtils.java:logGet(43)) - raft.server.rpc.timeout.min = 1s (custom)
2019-11-14 19:59:15,120 [pool-529-thread-1] INFO  server.RaftServerConfigKeys (ConfUtils.java:logGet(43)) - raft.server.rpc.timeout.max = 1200ms (custom)
2019-11-14 19:59:15,120 [pool-529-thread-1] INFO  server.RaftServerConfigKeys (ConfUtils.java:logGet(43)) - raft.server.rpcslowness.timeout = 120s (custom)
2019-11-14 19:59:15,120 [pool-529-thread-1] INFO  server.RaftServerConfigKeys (ConfUtils.java:logGet(43)) - raft.server.sleep.deviation.threshold = 300 (default)
2019-11-14 19:59:15,120 [pool-529-thread-1] INFO  server.RaftServerConfigKeys (ConfUtils.java:logGet(43)) - raft.server.log.appender.install.snapshot.enabled = false (custom)
2019-11-14 19:59:15,120 [pool-529-thread-1] INFO  impl.RaftServerImpl (ServerState.java:<init>(103)) - f857cfdd-345c-4de8-889d-b8fdff158faf@group-74742D73BCC8: ConfigurationManager, init=-1: [9e8f1412-9bf1-4810-b3e9-2cd8ebd4b71b:192.168.157.219:38230, f857cfdd-345c-4de8-889d-b8fdff158faf:192.168.157.219:39658, 37fea5d6-1a60-4b82-9570-57888d4e9f46:192.168.157.219:35005], old=null, confs=<EMPTY_MAP>
2019-11-14 19:59:15,120 [pool-529-thread-1] INFO  server.RaftServerConfigKeys (ConfUtils.java:logGet(43)) - raft.server.storage.dir = [/workdir/hadoop-ozone/integration-test/target/test-dir/MiniOzoneClusterImpl-df23ed15-4459-4301-a988-82089ad70e13/datanode-2/data/ratis] (custom)
2019-11-14 19:59:15,121 [pool-529-thread-1] INFO  server.RaftServerConfigKeys (ConfUtils.java:logGet(43)) - raft.server.log.corruption.policy = EXCEPTION (default)
2019-11-14 19:59:15,121 [pool-519-thread-1] INFO  impl.RaftServerImpl (RaftServerImpl.java:<init>(98)) - 37fea5d6-1a60-4b82-9570-57888d4e9f46: new RaftServerImpl for group-74742D73BCC8:[9e8f1412-9bf1-4810-b3e9-2cd8ebd4b71b:192.168.157.219:38230, f857cfdd-345c-4de8-889d-b8fdff158faf:192.168.157.219:39658, 37fea5d6-1a60-4b82-9570-57888d4e9f46:192.168.157.219:35005] with ContainerStateMachine:uninitialized
2019-11-14 19:59:15,121 [pool-529-thread-1] INFO  storage.RaftStorageDirectory (RaftStorageDirectory.java:analyzeStorage(246)) - The storage directory /workdir/hadoop-ozone/integration-test/target/test-dir/MiniOzoneClusterImpl-df23ed15-4459-4301-a988-82089ad70e13/datanode-2/data/ratis/350b6699-a027-44e8-8bb1-74742d73bcc8 does not exist. Creating ...
2019-11-14 19:59:15,121 [pool-519-thread-1] INFO  server.RaftServerConfigKeys (ConfUtils.java:logGet(43)) - raft.server.rpc.timeout.min = 1s (custom)
2019-11-14 19:59:15,121 [pool-549-thread-1] INFO  impl.RaftServerImpl (RaftServerImpl.java:<init>(98)) - 9e8f1412-9bf1-4810-b3e9-2cd8ebd4b71b: new RaftServerImpl for group-74742D73BCC8:[9e8f1412-9bf1-4810-b3e9-2cd8ebd4b71b:192.168.157.219:38230, f857cfdd-345c-4de8-889d-b8fdff158faf:192.168.157.219:39658, 37fea5d6-1a60-4b82-9570-57888d4e9f46:192.168.157.219:35005] with ContainerStateMachine:uninitialized
2019-11-14 19:59:15,121 [pool-519-thread-1] INFO  server.RaftServerConfigKeys (ConfUtils.java:logGet(43)) - raft.server.rpc.timeout.max = 1200ms (custom)
2019-11-14 19:59:15,121 [pool-549-thread-1] INFO  server.RaftServerConfigKeys (ConfUtils.java:logGet(43)) - raft.server.rpc.timeout.min = 1s (custom)
2019-11-14 19:59:15,121 [pool-519-thread-1] INFO  server.RaftServerConfigKeys (ConfUtils.java:logGet(43)) - raft.server.rpcslowness.timeout = 120s (custom)
2019-11-14 19:59:15,122 [pool-549-thread-1] INFO  server.RaftServerConfigKeys (ConfUtils.java:logGet(43)) - raft.server.rpc.timeout.max = 1200ms (custom)
2019-11-14 19:59:15,122 [pool-519-thread-1] INFO  server.RaftServerConfigKeys (ConfUtils.java:logGet(43)) - raft.server.sleep.deviation.threshold = 300 (default)
2019-11-14 19:59:15,122 [pool-549-thread-1] INFO  server.RaftServerConfigKeys (ConfUtils.java:logGet(43)) - raft.server.rpcslowness.timeout = 120s (custom)
2019-11-14 19:59:15,122 [pool-519-thread-1] INFO  server.RaftServerConfigKeys (ConfUtils.java:logGet(43)) - raft.server.log.appender.install.snapshot.enabled = false (custom)
2019-11-14 19:59:15,122 [pool-549-thread-1] INFO  server.RaftServerConfigKeys (ConfUtils.java:logGet(43)) - raft.server.sleep.deviation.threshold = 300 (default)
2019-11-14 19:59:15,122 [pool-519-thread-1] INFO  impl.RaftServerImpl (ServerState.java:<init>(103)) - 37fea5d6-1a60-4b82-9570-57888d4e9f46@group-74742D73BCC8: ConfigurationManager, init=-1: [9e8f1412-9bf1-4810-b3e9-2cd8ebd4b71b:192.168.157.219:38230, f857cfdd-345c-4de8-889d-b8fdff158faf:192.168.157.219:39658, 37fea5d6-1a60-4b82-9570-57888d4e9f46:192.168.157.219:35005], old=null, confs=<EMPTY_MAP>
2019-11-14 19:59:15,122 [pool-549-thread-1] INFO  server.RaftServerConfigKeys (ConfUtils.java:logGet(43)) - raft.server.log.appender.install.snapshot.enabled = false (custom)
2019-11-14 19:59:15,123 [pool-519-thread-1] INFO  server.RaftServerConfigKeys (ConfUtils.java:logGet(43)) - raft.server.storage.dir = [/workdir/hadoop-ozone/integration-test/target/test-dir/MiniOzoneClusterImpl-df23ed15-4459-4301-a988-82089ad70e13/datanode-1/data/ratis] (custom)
2019-11-14 19:59:15,123 [pool-549-thread-1] INFO  impl.RaftServerImpl (ServerState.java:<init>(103)) - 9e8f1412-9bf1-4810-b3e9-2cd8ebd4b71b@group-74742D73BCC8: ConfigurationManager, init=-1: [9e8f1412-9bf1-4810-b3e9-2cd8ebd4b71b:192.168.157.219:38230, f857cfdd-345c-4de8-889d-b8fdff158faf:192.168.157.219:39658, 37fea5d6-1a60-4b82-9570-57888d4e9f46:192.168.157.219:35005], old=null, confs=<EMPTY_MAP>
2019-11-14 19:59:15,123 [pool-549-thread-1] INFO  server.RaftServerConfigKeys (ConfUtils.java:logGet(43)) - raft.server.storage.dir = [/workdir/hadoop-ozone/integration-test/target/test-dir/MiniOzoneClusterImpl-df23ed15-4459-4301-a988-82089ad70e13/datanode-4/data/ratis] (custom)
2019-11-14 19:59:15,123 [pool-519-thread-1] INFO  server.RaftServerConfigKeys (ConfUtils.java:logGet(43)) - raft.server.log.corruption.policy = EXCEPTION (default)
2019-11-14 19:59:15,123 [pool-549-thread-1] INFO  server.RaftServerConfigKeys (ConfUtils.java:logGet(43)) - raft.server.log.corruption.policy = EXCEPTION (default)
2019-11-14 19:59:15,123 [pool-519-thread-1] INFO  storage.RaftStorageDirectory (RaftStorageDirectory.java:analyzeStorage(246)) - The storage directory /workdir/hadoop-ozone/integration-test/target/test-dir/MiniOzoneClusterImpl-df23ed15-4459-4301-a988-82089ad70e13/datanode-1/data/ratis/350b6699-a027-44e8-8bb1-74742d73bcc8 does not exist. Creating ...
2019-11-14 19:59:15,123 [pool-549-thread-1] INFO  storage.RaftStorageDirectory (RaftStorageDirectory.java:analyzeStorage(246)) - The storage directory /workdir/hadoop-ozone/integration-test/target/test-dir/MiniOzoneClusterImpl-df23ed15-4459-4301-a988-82089ad70e13/datanode-4/data/ratis/350b6699-a027-44e8-8bb1-74742d73bcc8 does not exist. Creating ...
2019-11-14 19:59:15,144 [pool-519-thread-1] INFO  storage.RaftStorageDirectory (RaftStorageDirectory.java:tryLock(328)) - Lock on /workdir/hadoop-ozone/integration-test/target/test-dir/MiniOzoneClusterImpl-df23ed15-4459-4301-a988-82089ad70e13/datanode-1/data/ratis/350b6699-a027-44e8-8bb1-74742d73bcc8/in_use.lock acquired by nodename 9468@pr-hdds-2489-n52xc-1246314526
2019-11-14 19:59:15,145 [pool-529-thread-1] INFO  storage.RaftStorageDirectory (RaftStorageDirectory.java:tryLock(328)) - Lock on /workdir/hadoop-ozone/integration-test/target/test-dir/MiniOzoneClusterImpl-df23ed15-4459-4301-a988-82089ad70e13/datanode-2/data/ratis/350b6699-a027-44e8-8bb1-74742d73bcc8/in_use.lock acquired by nodename 9468@pr-hdds-2489-n52xc-1246314526
2019-11-14 19:59:15,144 [pool-549-thread-1] INFO  storage.RaftStorageDirectory (RaftStorageDirectory.java:tryLock(328)) - Lock on /workdir/hadoop-ozone/integration-test/target/test-dir/MiniOzoneClusterImpl-df23ed15-4459-4301-a988-82089ad70e13/datanode-4/data/ratis/350b6699-a027-44e8-8bb1-74742d73bcc8/in_use.lock acquired by nodename 9468@pr-hdds-2489-n52xc-1246314526
2019-11-14 19:59:15,161 [IPC Server handler 9 on 39924] INFO  net.NetworkTopology (NetworkTopologyImpl.java:add(111)) - Added a new node: /rack1/1d99cfa1-5734-40f1-a806-2aa318147fff
2019-11-14 19:59:15,162 [IPC Server handler 9 on 39924] INFO  node.SCMNodeManager (SCMNodeManager.java:register(267)) - Registered Data node : 1d99cfa1-5734-40f1-a806-2aa318147fff{ip: 192.168.157.219, host: pr-hdds-2489-n52xc-1246314526, networkLocation: /rack1, certSerialId: null}
2019-11-14 19:59:15,166 [pool-529-thread-1] INFO  storage.RaftStorage (RaftStorage.java:format(84)) - Storage directory /workdir/hadoop-ozone/integration-test/target/test-dir/MiniOzoneClusterImpl-df23ed15-4459-4301-a988-82089ad70e13/datanode-2/data/ratis/350b6699-a027-44e8-8bb1-74742d73bcc8 has been successfully formatted.
2019-11-14 19:59:15,166 [pool-549-thread-1] INFO  storage.RaftStorage (RaftStorage.java:format(84)) - Storage directory /workdir/hadoop-ozone/integration-test/target/test-dir/MiniOzoneClusterImpl-df23ed15-4459-4301-a988-82089ad70e13/datanode-4/data/ratis/350b6699-a027-44e8-8bb1-74742d73bcc8 has been successfully formatted.
2019-11-14 19:59:15,166 [pool-519-thread-1] INFO  storage.RaftStorage (RaftStorage.java:format(84)) - Storage directory /workdir/hadoop-ozone/integration-test/target/test-dir/MiniOzoneClusterImpl-df23ed15-4459-4301-a988-82089ad70e13/datanode-1/data/ratis/350b6699-a027-44e8-8bb1-74742d73bcc8 has been successfully formatted.
2019-11-14 19:59:15,166 [pool-529-thread-1] INFO  ratis.ContainerStateMachine (ContainerStateMachine.java:loadSnapshot(223)) - group-74742D73BCC8: The snapshot info is null. Setting the last applied indexto:(t:0, i:~)
2019-11-14 19:59:15,166 [pool-549-thread-1] INFO  ratis.ContainerStateMachine (ContainerStateMachine.java:loadSnapshot(223)) - group-74742D73BCC8: The snapshot info is null. Setting the last applied indexto:(t:0, i:~)
2019-11-14 19:59:15,166 [pool-529-thread-1] INFO  server.RaftServerConfigKeys (ConfUtils.java:logGet(43)) - raft.server.notification.no-leader.timeout = 120s (custom)
2019-11-14 19:59:15,166 [pool-519-thread-1] INFO  ratis.ContainerStateMachine (ContainerStateMachine.java:loadSnapshot(223)) - group-74742D73BCC8: The snapshot info is null. Setting the last applied indexto:(t:0, i:~)
2019-11-14 19:59:15,167 [pool-529-thread-1] INFO  server.RaftServerConfigKeys (ConfUtils.java:logGet(43)) - raft.server.log.use.memory = false (default)
2019-11-14 19:59:15,166 [pool-549-thread-1] INFO  server.RaftServerConfigKeys (ConfUtils.java:logGet(43)) - raft.server.notification.no-leader.timeout = 120s (custom)
2019-11-14 19:59:15,167 [pool-529-thread-1] INFO  server.RaftServerConfigKeys (ConfUtils.java:logGet(43)) - raft.server.log.purge.gap = 1000000 (custom)
2019-11-14 19:59:15,167 [pool-519-thread-1] INFO  server.RaftServerConfigKeys (ConfUtils.java:logGet(43)) - raft.server.notification.no-leader.timeout = 120s (custom)
2019-11-14 19:59:15,167 [pool-529-thread-1] INFO  server.RaftServerConfigKeys (ConfUtils.java:logGet(43)) - raft.server.log.appender.buffer.byte-limit = 33554432 (custom)
2019-11-14 19:59:15,167 [pool-549-thread-1] INFO  server.RaftServerConfigKeys (ConfUtils.java:logGet(43)) - raft.server.log.use.memory = false (default)
2019-11-14 19:59:15,167 [pool-529-thread-1] INFO  server.RaftServerConfigKeys (ConfUtils.java:logGet(43)) - raft.server.log.segment.size.max = 1048576 (custom)
2019-11-14 19:59:15,167 [pool-519-thread-1] INFO  server.RaftServerConfigKeys (ConfUtils.java:logGet(43)) - raft.server.log.use.memory = false (default)
2019-11-14 19:59:15,167 [pool-529-thread-1] INFO  server.RaftServerConfigKeys (ConfUtils.java:logGet(43)) - raft.server.log.segment.cache.num.max = 2 (custom)
2019-11-14 19:59:15,167 [pool-549-thread-1] INFO  server.RaftServerConfigKeys (ConfUtils.java:logGet(43)) - raft.server.log.purge.gap = 1000000 (custom)
2019-11-14 19:59:15,168 [pool-529-thread-1] INFO  segmented.SegmentedRaftLogWorker (SegmentedRaftLogWorker.java:<init>(173)) - new f857cfdd-345c-4de8-889d-b8fdff158faf@group-74742D73BCC8-SegmentedRaftLogWorker for RaftStorage:Storage Directory /workdir/hadoop-ozone/integration-test/target/test-dir/MiniOzoneClusterImpl-df23ed15-4459-4301-a988-82089ad70e13/datanode-2/data/ratis/350b6699-a027-44e8-8bb1-74742d73bcc8
2019-11-14 19:59:15,168 [pool-519-thread-1] INFO  server.RaftServerConfigKeys (ConfUtils.java:logGet(43)) - raft.server.log.purge.gap = 1000000 (custom)
2019-11-14 19:59:15,168 [pool-529-thread-1] INFO  server.RaftServerConfigKeys (ConfUtils.java:logGet(43)) - raft.server.log.queue.byte-limit = 2147483647 (custom)
2019-11-14 19:59:15,168 [pool-549-thread-1] INFO  server.RaftServerConfigKeys (ConfUtils.java:logGet(43)) - raft.server.log.appender.buffer.byte-limit = 33554432 (custom)
2019-11-14 19:59:15,168 [pool-529-thread-1] INFO  server.RaftServerConfigKeys (ConfUtils.java:logGet(43)) - raft.server.log.queue.element-limit = 1024 (custom)
2019-11-14 19:59:15,168 [pool-519-thread-1] INFO  server.RaftServerConfigKeys (ConfUtils.java:logGet(43)) - raft.server.log.appender.buffer.byte-limit = 33554432 (custom)
2019-11-14 19:59:15,168 [pool-529-thread-1] INFO  server.RaftServerConfigKeys (ConfUtils.java:logGet(43)) - raft.server.log.segment.size.max = 1048576 (custom)
2019-11-14 19:59:15,168 [pool-549-thread-1] INFO  server.RaftServerConfigKeys (ConfUtils.java:logGet(43)) - raft.server.log.segment.size.max = 1048576 (custom)
2019-11-14 19:59:15,169 [pool-529-thread-1] INFO  server.RaftServerConfigKeys (ConfUtils.java:logGet(43)) - raft.server.log.preallocated.size = 16384 (custom)
2019-11-14 19:59:15,169 [pool-529-thread-1] INFO  server.RaftServerConfigKeys (ConfUtils.java:logGet(43)) - raft.server.log.write.buffer.size = 33554432 (custom)
2019-11-14 19:59:15,169 [pool-519-thread-1] INFO  server.RaftServerConfigKeys (ConfUtils.java:logGet(43)) - raft.server.log.segment.size.max = 1048576 (custom)
2019-11-14 19:59:15,169 [pool-529-thread-1] INFO  server.RaftServerConfigKeys (ConfUtils.java:logGet(43)) - raft.server.log.force.sync.num = 128 (default)
2019-11-14 19:59:15,169 [pool-529-thread-1] INFO  server.RaftServerConfigKeys (ConfUtils.java:logGet(43)) - raft.server.log.statemachine.data.sync = true (default)
2019-11-14 19:59:15,169 [pool-549-thread-1] INFO  server.RaftServerConfigKeys (ConfUtils.java:logGet(43)) - raft.server.log.segment.cache.num.max = 2 (custom)
2019-11-14 19:59:15,169 [pool-529-thread-1] INFO  server.RaftServerConfigKeys (ConfUtils.java:logGet(43)) - raft.server.log.statemachine.data.sync.timeout = 10s (default)
2019-11-14 19:59:15,169 [pool-519-thread-1] INFO  server.RaftServerConfigKeys (ConfUtils.java:logGet(43)) - raft.server.log.segment.cache.num.max = 2 (custom)
2019-11-14 19:59:15,170 [pool-529-thread-1] INFO  server.RaftServerConfigKeys (ConfUtils.java:logGet(43)) - raft.server.log.statemachine.data.sync.timeout.retry = -1 (default)
2019-11-14 19:59:15,169 [pool-549-thread-1] INFO  segmented.SegmentedRaftLogWorker (SegmentedRaftLogWorker.java:<init>(173)) - new 9e8f1412-9bf1-4810-b3e9-2cd8ebd4b71b@group-74742D73BCC8-SegmentedRaftLogWorker for RaftStorage:Storage Directory /workdir/hadoop-ozone/integration-test/target/test-dir/MiniOzoneClusterImpl-df23ed15-4459-4301-a988-82089ad70e13/datanode-4/data/ratis/350b6699-a027-44e8-8bb1-74742d73bcc8
2019-11-14 19:59:15,170 [pool-529-thread-1] INFO  server.RaftServerConfigKeys (ConfUtils.java:logGet(43)) - raft.server.log.statemachine.data.caching.enabled = true (custom)
2019-11-14 19:59:15,170 [pool-519-thread-1] INFO  segmented.SegmentedRaftLogWorker (SegmentedRaftLogWorker.java:<init>(173)) - new 37fea5d6-1a60-4b82-9570-57888d4e9f46@group-74742D73BCC8-SegmentedRaftLogWorker for RaftStorage:Storage Directory /workdir/hadoop-ozone/integration-test/target/test-dir/MiniOzoneClusterImpl-df23ed15-4459-4301-a988-82089ad70e13/datanode-1/data/ratis/350b6699-a027-44e8-8bb1-74742d73bcc8
2019-11-14 19:59:15,170 [pool-549-thread-1] INFO  server.RaftServerConfigKeys (ConfUtils.java:logGet(43)) - raft.server.log.queue.byte-limit = 2147483647 (custom)
2019-11-14 19:59:15,170 [pool-529-thread-1] INFO  segmented.SegmentedRaftLogWorker (SegmentedRaftLogWorker.java:lambda$new$0(128)) - f857cfdd-345c-4de8-889d-b8fdff158faf@group-74742D73BCC8-SegmentedRaftLogWorker: flushIndex: setUnconditionally 0 -> -1
2019-11-14 19:59:15,170 [pool-519-thread-1] INFO  server.RaftServerConfigKeys (ConfUtils.java:logGet(43)) - raft.server.log.queue.byte-limit = 2147483647 (custom)
2019-11-14 19:59:15,170 [pool-549-thread-1] INFO  server.RaftServerConfigKeys (ConfUtils.java:logGet(43)) - raft.server.log.queue.element-limit = 1024 (custom)
2019-11-14 19:59:15,170 [pool-529-thread-1] INFO  server.RaftServerConfigKeys (ConfUtils.java:logGet(43)) - raft.server.snapshot.auto.trigger.enabled = true (custom)
2019-11-14 19:59:15,170 [pool-519-thread-1] INFO  server.RaftServerConfigKeys (ConfUtils.java:logGet(43)) - raft.server.log.queue.element-limit = 1024 (custom)
2019-11-14 19:59:15,171 [pool-529-thread-1] INFO  server.RaftServerConfigKeys (ConfUtils.java:logGet(43)) - raft.server.snapshot.auto.trigger.threshold = 10000 (custom)
2019-11-14 19:59:15,171 [pool-549-thread-1] INFO  server.RaftServerConfigKeys (ConfUtils.java:logGet(43)) - raft.server.log.segment.size.max = 1048576 (custom)
2019-11-14 19:59:15,171 [pool-529-thread-1] INFO  server.RaftServerConfigKeys (ConfUtils.java:logGet(43)) - raft.server.snapshot.retention.file.num = 5 (custom)
2019-11-14 19:59:15,171 [pool-519-thread-1] INFO  server.RaftServerConfigKeys (ConfUtils.java:logGet(43)) - raft.server.log.segment.size.max = 1048576 (custom)
2019-11-14 19:59:15,171 [pool-529-thread-1] INFO  server.RaftServerConfigKeys (ConfUtils.java:logGet(43)) - raft.server.retrycache.expirytime = 600000ms (custom)
2019-11-14 19:59:15,171 [pool-549-thread-1] INFO  server.RaftServerConfigKeys (ConfUtils.java:logGet(43)) - raft.server.log.preallocated.size = 16384 (custom)
2019-11-14 19:59:15,171 [pool-529-thread-1] WARN  impl.MetricRegistriesImpl (MetricRegistriesImpl.java:lambda$create$1(61)) - First MetricRegistry has been created without registering reporters. You may need to call MetricRegistries.global().addReportRegistration(...) before.
2019-11-14 19:59:15,171 [pool-529-thread-1] WARN  impl.MetricRegistriesImpl (MetricRegistriesImpl.java:lambda$create$1(61)) - First MetricRegistry has been created without registering reporters. You may need to call MetricRegistries.global().addReportRegistration(...) before.
2019-11-14 19:59:15,171 [pool-519-thread-1] INFO  server.RaftServerConfigKeys (ConfUtils.java:logGet(43)) - raft.server.log.preallocated.size = 16384 (custom)
2019-11-14 19:59:15,172 [pool-529-thread-1] INFO  impl.RaftServerImpl (RaftServerImpl.java:start(184)) - f857cfdd-345c-4de8-889d-b8fdff158faf@group-74742D73BCC8: start as a follower, conf=-1: [9e8f1412-9bf1-4810-b3e9-2cd8ebd4b71b:192.168.157.219:38230, f857cfdd-345c-4de8-889d-b8fdff158faf:192.168.157.219:39658, 37fea5d6-1a60-4b82-9570-57888d4e9f46:192.168.157.219:35005], old=null
2019-11-14 19:59:15,171 [pool-549-thread-1] INFO  server.RaftServerConfigKeys (ConfUtils.java:logGet(43)) - raft.server.log.write.buffer.size = 33554432 (custom)
2019-11-14 19:59:15,172 [pool-529-thread-1] INFO  impl.RaftServerImpl (RaftServerImpl.java:setRole(173)) - f857cfdd-345c-4de8-889d-b8fdff158faf@group-74742D73BCC8: changes role from      null to FOLLOWER at term 0 for startAsFollower
2019-11-14 19:59:15,172 [pool-519-thread-1] INFO  server.RaftServerConfigKeys (ConfUtils.java:logGet(43)) - raft.server.log.write.buffer.size = 33554432 (custom)
2019-11-14 19:59:15,172 [pool-529-thread-1] INFO  impl.RoleInfo (RoleInfo.java:updateAndGet(143)) - f857cfdd-345c-4de8-889d-b8fdff158faf: start FollowerState
2019-11-14 19:59:15,172 [pool-549-thread-1] INFO  server.RaftServerConfigKeys (ConfUtils.java:logGet(43)) - raft.server.log.force.sync.num = 128 (default)
2019-11-14 19:59:15,172 [pool-519-thread-1] INFO  server.RaftServerConfigKeys (ConfUtils.java:logGet(43)) - raft.server.log.force.sync.num = 128 (default)
2019-11-14 19:59:15,172 [pool-529-thread-1] INFO  util.JmxRegister (JmxRegister.java:tryRegister(44)) - Successfully registered JMX Bean with object name Ratis:service=RaftServer,group=group-74742D73BCC8,id=f857cfdd-345c-4de8-889d-b8fdff158faf
2019-11-14 19:59:15,172 [pool-549-thread-1] INFO  server.RaftServerConfigKeys (ConfUtils.java:logGet(43)) - raft.server.log.statemachine.data.sync = true (default)
2019-11-14 19:59:15,173 [pool-529-thread-1] WARN  impl.MetricRegistriesImpl (MetricRegistriesImpl.java:lambda$create$1(61)) - First MetricRegistry has been created without registering reporters. You may need to call MetricRegistries.global().addReportRegistration(...) before.
2019-11-14 19:59:15,172 [pool-519-thread-1] INFO  server.RaftServerConfigKeys (ConfUtils.java:logGet(43)) - raft.server.log.statemachine.data.sync = true (default)
2019-11-14 19:59:15,173 [pool-549-thread-1] INFO  server.RaftServerConfigKeys (ConfUtils.java:logGet(43)) - raft.server.log.statemachine.data.sync.timeout = 10s (default)
2019-11-14 19:59:15,173 [pool-519-thread-1] INFO  server.RaftServerConfigKeys (ConfUtils.java:logGet(43)) - raft.server.log.statemachine.data.sync.timeout = 10s (default)
2019-11-14 19:59:15,173 [pool-549-thread-1] INFO  server.RaftServerConfigKeys (ConfUtils.java:logGet(43)) - raft.server.log.statemachine.data.sync.timeout.retry = -1 (default)
2019-11-14 19:59:15,173 [pool-519-thread-1] INFO  server.RaftServerConfigKeys (ConfUtils.java:logGet(43)) - raft.server.log.statemachine.data.sync.timeout.retry = -1 (default)
2019-11-14 19:59:15,173 [pool-549-thread-1] INFO  server.RaftServerConfigKeys (ConfUtils.java:logGet(43)) - raft.server.log.statemachine.data.caching.enabled = true (custom)
2019-11-14 19:59:15,173 [pool-519-thread-1] INFO  server.RaftServerConfigKeys (ConfUtils.java:logGet(43)) - raft.server.log.statemachine.data.caching.enabled = true (custom)
2019-11-14 19:59:15,174 [pool-519-thread-1] INFO  segmented.SegmentedRaftLogWorker (SegmentedRaftLogWorker.java:lambda$new$0(128)) - 37fea5d6-1a60-4b82-9570-57888d4e9f46@group-74742D73BCC8-SegmentedRaftLogWorker: flushIndex: setUnconditionally 0 -> -1
2019-11-14 19:59:15,174 [pool-549-thread-1] INFO  segmented.SegmentedRaftLogWorker (SegmentedRaftLogWorker.java:lambda$new$0(128)) - 9e8f1412-9bf1-4810-b3e9-2cd8ebd4b71b@group-74742D73BCC8-SegmentedRaftLogWorker: flushIndex: setUnconditionally 0 -> -1
2019-11-14 19:59:15,174 [pool-519-thread-1] INFO  server.RaftServerConfigKeys (ConfUtils.java:logGet(43)) - raft.server.snapshot.auto.trigger.enabled = true (custom)
2019-11-14 19:59:15,174 [pool-519-thread-1] INFO  server.RaftServerConfigKeys (ConfUtils.java:logGet(43)) - raft.server.snapshot.auto.trigger.threshold = 10000 (custom)
2019-11-14 19:59:15,174 [pool-549-thread-1] INFO  server.RaftServerConfigKeys (ConfUtils.java:logGet(43)) - raft.server.snapshot.auto.trigger.enabled = true (custom)
2019-11-14 19:59:15,174 [pool-519-thread-1] INFO  server.RaftServerConfigKeys (ConfUtils.java:logGet(43)) - raft.server.snapshot.retention.file.num = 5 (custom)
2019-11-14 19:59:15,175 [pool-549-thread-1] INFO  server.RaftServerConfigKeys (ConfUtils.java:logGet(43)) - raft.server.snapshot.auto.trigger.threshold = 10000 (custom)
2019-11-14 19:59:15,175 [pool-519-thread-1] INFO  server.RaftServerConfigKeys (ConfUtils.java:logGet(43)) - raft.server.retrycache.expirytime = 600000ms (custom)
2019-11-14 19:59:15,175 [pool-549-thread-1] INFO  server.RaftServerConfigKeys (ConfUtils.java:logGet(43)) - raft.server.snapshot.retention.file.num = 5 (custom)
2019-11-14 19:59:15,175 [pool-519-thread-1] WARN  impl.MetricRegistriesImpl (MetricRegistriesImpl.java:lambda$create$1(61)) - First MetricRegistry has been created without registering reporters. You may need to call MetricRegistries.global().addReportRegistration(...) before.
2019-11-14 19:59:15,175 [pool-549-thread-1] INFO  server.RaftServerConfigKeys (ConfUtils.java:logGet(43)) - raft.server.retrycache.expirytime = 600000ms (custom)
2019-11-14 19:59:15,175 [pool-519-thread-1] WARN  impl.MetricRegistriesImpl (MetricRegistriesImpl.java:lambda$create$1(61)) - First MetricRegistry has been created without registering reporters. You may need to call MetricRegistries.global().addReportRegistration(...) before.
2019-11-14 19:59:15,175 [pool-549-thread-1] WARN  impl.MetricRegistriesImpl (MetricRegistriesImpl.java:lambda$create$1(61)) - First MetricRegistry has been created without registering reporters. You may need to call MetricRegistries.global().addReportRegistration(...) before.
2019-11-14 19:59:15,175 [pool-519-thread-1] INFO  impl.RaftServerImpl (RaftServerImpl.java:start(184)) - 37fea5d6-1a60-4b82-9570-57888d4e9f46@group-74742D73BCC8: start as a follower, conf=-1: [9e8f1412-9bf1-4810-b3e9-2cd8ebd4b71b:192.168.157.219:38230, f857cfdd-345c-4de8-889d-b8fdff158faf:192.168.157.219:39658, 37fea5d6-1a60-4b82-9570-57888d4e9f46:192.168.157.219:35005], old=null
2019-11-14 19:59:15,175 [pool-549-thread-1] WARN  impl.MetricRegistriesImpl (MetricRegistriesImpl.java:lambda$create$1(61)) - First MetricRegistry has been created without registering reporters. You may need to call MetricRegistries.global().addReportRegistration(...) before.
2019-11-14 19:59:15,176 [pool-519-thread-1] INFO  impl.RaftServerImpl (RaftServerImpl.java:setRole(173)) - 37fea5d6-1a60-4b82-9570-57888d4e9f46@group-74742D73BCC8: changes role from      null to FOLLOWER at term 0 for startAsFollower
2019-11-14 19:59:15,176 [pool-549-thread-1] INFO  impl.RaftServerImpl (RaftServerImpl.java:start(184)) - 9e8f1412-9bf1-4810-b3e9-2cd8ebd4b71b@group-74742D73BCC8: start as a follower, conf=-1: [9e8f1412-9bf1-4810-b3e9-2cd8ebd4b71b:192.168.157.219:38230, f857cfdd-345c-4de8-889d-b8fdff158faf:192.168.157.219:39658, 37fea5d6-1a60-4b82-9570-57888d4e9f46:192.168.157.219:35005], old=null
2019-11-14 19:59:15,176 [pool-519-thread-1] INFO  impl.RoleInfo (RoleInfo.java:updateAndGet(143)) - 37fea5d6-1a60-4b82-9570-57888d4e9f46: start FollowerState
2019-11-14 19:59:15,176 [pool-549-thread-1] INFO  impl.RaftServerImpl (RaftServerImpl.java:setRole(173)) - 9e8f1412-9bf1-4810-b3e9-2cd8ebd4b71b@group-74742D73BCC8: changes role from      null to FOLLOWER at term 0 for startAsFollower
2019-11-14 19:59:15,176 [pool-549-thread-1] INFO  impl.RoleInfo (RoleInfo.java:updateAndGet(143)) - 9e8f1412-9bf1-4810-b3e9-2cd8ebd4b71b: start FollowerState
2019-11-14 19:59:15,176 [pool-519-thread-1] INFO  util.JmxRegister (JmxRegister.java:tryRegister(44)) - Successfully registered JMX Bean with object name Ratis:service=RaftServer,group=group-74742D73BCC8,id=37fea5d6-1a60-4b82-9570-57888d4e9f46
2019-11-14 19:59:15,176 [pool-549-thread-1] INFO  util.JmxRegister (JmxRegister.java:tryRegister(44)) - Successfully registered JMX Bean with object name Ratis:service=RaftServer,group=group-74742D73BCC8,id=9e8f1412-9bf1-4810-b3e9-2cd8ebd4b71b
2019-11-14 19:59:15,177 [pool-519-thread-1] WARN  impl.MetricRegistriesImpl (MetricRegistriesImpl.java:lambda$create$1(61)) - First MetricRegistry has been created without registering reporters. You may need to call MetricRegistries.global().addReportRegistration(...) before.
2019-11-14 19:59:15,177 [pool-549-thread-1] WARN  impl.MetricRegistriesImpl (MetricRegistriesImpl.java:lambda$create$1(61)) - First MetricRegistry has been created without registering reporters. You may need to call MetricRegistries.global().addReportRegistration(...) before.
2019-11-14 19:59:15,179 [RatisPipelineUtilsThread] INFO  pipeline.PipelineStateManager (PipelineStateManager.java:addPipeline(55)) - Created pipeline Pipeline[ Id: 350b6699-a027-44e8-8bb1-74742d73bcc8, Nodes: 9e8f1412-9bf1-4810-b3e9-2cd8ebd4b71b{ip: 192.168.157.219, host: pr-hdds-2489-n52xc-1246314526, networkLocation: /rack1, certSerialId: null}f857cfdd-345c-4de8-889d-b8fdff158faf{ip: 192.168.157.219, host: pr-hdds-2489-n52xc-1246314526, networkLocation: /rack1, certSerialId: null}37fea5d6-1a60-4b82-9570-57888d4e9f46{ip: 192.168.157.219, host: pr-hdds-2489-n52xc-1246314526, networkLocation: /rack1, certSerialId: null}, Type:RATIS, Factor:THREE, State:ALLOCATED]
2019-11-14 19:59:15,188 [grpc-default-executor-5] INFO  impl.RaftServerProxy (RaftServerProxy.java:addNew(89)) - ae61afd5-043c-42ff-9e00-06be6bf8121c: addNew group-9A3395F27780:[ae61afd5-043c-42ff-9e00-06be6bf8121c:192.168.157.219:41147, 1d99cfa1-5734-40f1-a806-2aa318147fff:192.168.157.219:42659, 0b9f718b-6f36-48a0-b3e8-8949249bd312:192.168.157.219:44307] returns group-9A3395F27780:java.util.concurrent.CompletableFuture@6bbc508a[Not completed]
2019-11-14 19:59:15,188 [grpc-default-executor-8] INFO  impl.RaftServerProxy (RaftServerProxy.java:addNew(89)) - 1d99cfa1-5734-40f1-a806-2aa318147fff: addNew group-9A3395F27780:[ae61afd5-043c-42ff-9e00-06be6bf8121c:192.168.157.219:41147, 1d99cfa1-5734-40f1-a806-2aa318147fff:192.168.157.219:42659, 0b9f718b-6f36-48a0-b3e8-8949249bd312:192.168.157.219:44307] returns group-9A3395F27780:java.util.concurrent.CompletableFuture@d1a257c[Not completed]
2019-11-14 19:59:15,188 [grpc-default-executor-9] INFO  impl.RaftServerProxy (RaftServerProxy.java:addNew(89)) - 0b9f718b-6f36-48a0-b3e8-8949249bd312: addNew group-9A3395F27780:[ae61afd5-043c-42ff-9e00-06be6bf8121c:192.168.157.219:41147, 1d99cfa1-5734-40f1-a806-2aa318147fff:192.168.157.219:42659, 0b9f718b-6f36-48a0-b3e8-8949249bd312:192.168.157.219:44307] returns group-9A3395F27780:java.util.concurrent.CompletableFuture@737d32f4[Not completed]
2019-11-14 19:59:15,189 [pool-509-thread-1] INFO  impl.RaftServerImpl (RaftServerImpl.java:<init>(98)) - ae61afd5-043c-42ff-9e00-06be6bf8121c: new RaftServerImpl for group-9A3395F27780:[ae61afd5-043c-42ff-9e00-06be6bf8121c:192.168.157.219:41147, 1d99cfa1-5734-40f1-a806-2aa318147fff:192.168.157.219:42659, 0b9f718b-6f36-48a0-b3e8-8949249bd312:192.168.157.219:44307] with ContainerStateMachine:uninitialized
2019-11-14 19:59:15,189 [pool-509-thread-1] INFO  server.RaftServerConfigKeys (ConfUtils.java:logGet(43)) - raft.server.rpc.timeout.min = 1s (custom)
2019-11-14 19:59:15,189 [pool-509-thread-1] INFO  server.RaftServerConfigKeys (ConfUtils.java:logGet(43)) - raft.server.rpc.timeout.max = 1200ms (custom)
2019-11-14 19:59:15,189 [pool-509-thread-1] INFO  server.RaftServerConfigKeys (ConfUtils.java:logGet(43)) - raft.server.rpcslowness.timeout = 120s (custom)
2019-11-14 19:59:15,189 [pool-509-thread-1] INFO  server.RaftServerConfigKeys (ConfUtils.java:logGet(43)) - raft.server.sleep.deviation.threshold = 300 (default)
2019-11-14 19:59:15,190 [pool-509-thread-1] INFO  server.RaftServerConfigKeys (ConfUtils.java:logGet(43)) - raft.server.log.appender.install.snapshot.enabled = false (custom)
2019-11-14 19:59:15,190 [pool-509-thread-1] INFO  impl.RaftServerImpl (ServerState.java:<init>(103)) - ae61afd5-043c-42ff-9e00-06be6bf8121c@group-9A3395F27780: ConfigurationManager, init=-1: [ae61afd5-043c-42ff-9e00-06be6bf8121c:192.168.157.219:41147, 1d99cfa1-5734-40f1-a806-2aa318147fff:192.168.157.219:42659, 0b9f718b-6f36-48a0-b3e8-8949249bd312:192.168.157.219:44307], old=null, confs=<EMPTY_MAP>
2019-11-14 19:59:15,190 [pool-509-thread-1] INFO  server.RaftServerConfigKeys (ConfUtils.java:logGet(43)) - raft.server.storage.dir = [/workdir/hadoop-ozone/integration-test/target/test-dir/MiniOzoneClusterImpl-df23ed15-4459-4301-a988-82089ad70e13/datanode-0/data/ratis] (custom)
2019-11-14 19:59:15,190 [pool-509-thread-1] INFO  server.RaftServerConfigKeys (ConfUtils.java:logGet(43)) - raft.server.log.corruption.policy = EXCEPTION (default)
2019-11-14 19:59:15,190 [pool-539-thread-1] INFO  impl.RaftServerImpl (RaftServerImpl.java:<init>(98)) - 0b9f718b-6f36-48a0-b3e8-8949249bd312: new RaftServerImpl for group-9A3395F27780:[ae61afd5-043c-42ff-9e00-06be6bf8121c:192.168.157.219:41147, 1d99cfa1-5734-40f1-a806-2aa318147fff:192.168.157.219:42659, 0b9f718b-6f36-48a0-b3e8-8949249bd312:192.168.157.219:44307] with ContainerStateMachine:uninitialized
2019-11-14 19:59:15,190 [pool-509-thread-1] INFO  storage.RaftStorageDirectory (RaftStorageDirectory.java:analyzeStorage(246)) - The storage directory /workdir/hadoop-ozone/integration-test/target/test-dir/MiniOzoneClusterImpl-df23ed15-4459-4301-a988-82089ad70e13/datanode-0/data/ratis/0697d221-366d-4bf0-a6bd-9a3395f27780 does not exist. Creating ...
2019-11-14 19:59:15,190 [pool-539-thread-1] INFO  server.RaftServerConfigKeys (ConfUtils.java:logGet(43)) - raft.server.rpc.timeout.min = 1s (custom)
2019-11-14 19:59:15,190 [pool-539-thread-1] INFO  server.RaftServerConfigKeys (ConfUtils.java:logGet(43)) - raft.server.rpc.timeout.max = 1200ms (custom)
2019-11-14 19:59:15,190 [pool-569-thread-1] INFO  impl.RaftServerImpl (RaftServerImpl.java:<init>(98)) - 1d99cfa1-5734-40f1-a806-2aa318147fff: new RaftServerImpl for group-9A3395F27780:[ae61afd5-043c-42ff-9e00-06be6bf8121c:192.168.157.219:41147, 1d99cfa1-5734-40f1-a806-2aa318147fff:192.168.157.219:42659, 0b9f718b-6f36-48a0-b3e8-8949249bd312:192.168.157.219:44307] with ContainerStateMachine:uninitialized
2019-11-14 19:59:15,191 [pool-539-thread-1] INFO  server.RaftServerConfigKeys (ConfUtils.java:logGet(43)) - raft.server.rpcslowness.timeout = 120s (custom)
2019-11-14 19:59:15,191 [pool-569-thread-1] INFO  server.RaftServerConfigKeys (ConfUtils.java:logGet(43)) - raft.server.rpc.timeout.min = 1s (custom)
2019-11-14 19:59:15,191 [pool-539-thread-1] INFO  server.RaftServerConfigKeys (ConfUtils.java:logGet(43)) - raft.server.sleep.deviation.threshold = 300 (default)
2019-11-14 19:59:15,191 [pool-569-thread-1] INFO  server.RaftServerConfigKeys (ConfUtils.java:logGet(43)) - raft.server.rpc.timeout.max = 1200ms (custom)
2019-11-14 19:59:15,191 [pool-539-thread-1] INFO  server.RaftServerConfigKeys (ConfUtils.java:logGet(43)) - raft.server.log.appender.install.snapshot.enabled = false (custom)
2019-11-14 19:59:15,191 [pool-569-thread-1] INFO  server.RaftServerConfigKeys (ConfUtils.java:logGet(43)) - raft.server.rpcslowness.timeout = 120s (custom)
2019-11-14 19:59:15,191 [pool-539-thread-1] INFO  impl.RaftServerImpl (ServerState.java:<init>(103)) - 0b9f718b-6f36-48a0-b3e8-8949249bd312@group-9A3395F27780: ConfigurationManager, init=-1: [ae61afd5-043c-42ff-9e00-06be6bf8121c:192.168.157.219:41147, 1d99cfa1-5734-40f1-a806-2aa318147fff:192.168.157.219:42659, 0b9f718b-6f36-48a0-b3e8-8949249bd312:192.168.157.219:44307], old=null, confs=<EMPTY_MAP>
2019-11-14 19:59:15,191 [pool-569-thread-1] INFO  server.RaftServerConfigKeys (ConfUtils.java:logGet(43)) - raft.server.sleep.deviation.threshold = 300 (default)
2019-11-14 19:59:15,191 [pool-539-thread-1] INFO  server.RaftServerConfigKeys (ConfUtils.java:logGet(43)) - raft.server.storage.dir = [/workdir/hadoop-ozone/integration-test/target/test-dir/MiniOzoneClusterImpl-df23ed15-4459-4301-a988-82089ad70e13/datanode-3/data/ratis] (custom)
2019-11-14 19:59:15,191 [pool-569-thread-1] INFO  server.RaftServerConfigKeys (ConfUtils.java:logGet(43)) - raft.server.log.appender.install.snapshot.enabled = false (custom)
2019-11-14 19:59:15,192 [pool-569-thread-1] INFO  impl.RaftServerImpl (ServerState.java:<init>(103)) - 1d99cfa1-5734-40f1-a806-2aa318147fff@group-9A3395F27780: ConfigurationManager, init=-1: [ae61afd5-043c-42ff-9e00-06be6bf8121c:192.168.157.219:41147, 1d99cfa1-5734-40f1-a806-2aa318147fff:192.168.157.219:42659, 0b9f718b-6f36-48a0-b3e8-8949249bd312:192.168.157.219:44307], old=null, confs=<EMPTY_MAP>
2019-11-14 19:59:15,192 [pool-539-thread-1] INFO  server.RaftServerConfigKeys (ConfUtils.java:logGet(43)) - raft.server.log.corruption.policy = EXCEPTION (default)
2019-11-14 19:59:15,192 [pool-569-thread-1] INFO  server.RaftServerConfigKeys (ConfUtils.java:logGet(43)) - raft.server.storage.dir = [/workdir/hadoop-ozone/integration-test/target/test-dir/MiniOzoneClusterImpl-df23ed15-4459-4301-a988-82089ad70e13/datanode-6/data/ratis] (custom)
2019-11-14 19:59:15,192 [pool-539-thread-1] INFO  storage.RaftStorageDirectory (RaftStorageDirectory.java:analyzeStorage(246)) - The storage directory /workdir/hadoop-ozone/integration-test/target/test-dir/MiniOzoneClusterImpl-df23ed15-4459-4301-a988-82089ad70e13/datanode-3/data/ratis/0697d221-366d-4bf0-a6bd-9a3395f27780 does not exist. Creating ...
2019-11-14 19:59:15,192 [pool-569-thread-1] INFO  server.RaftServerConfigKeys (ConfUtils.java:logGet(43)) - raft.server.log.corruption.policy = EXCEPTION (default)
2019-11-14 19:59:15,192 [pool-569-thread-1] INFO  storage.RaftStorageDirectory (RaftStorageDirectory.java:analyzeStorage(246)) - The storage directory /workdir/hadoop-ozone/integration-test/target/test-dir/MiniOzoneClusterImpl-df23ed15-4459-4301-a988-82089ad70e13/datanode-6/data/ratis/0697d221-366d-4bf0-a6bd-9a3395f27780 does not exist. Creating ...
2019-11-14 19:59:15,204 [pool-509-thread-1] INFO  storage.RaftStorageDirectory (RaftStorageDirectory.java:tryLock(328)) - Lock on /workdir/hadoop-ozone/integration-test/target/test-dir/MiniOzoneClusterImpl-df23ed15-4459-4301-a988-82089ad70e13/datanode-0/data/ratis/0697d221-366d-4bf0-a6bd-9a3395f27780/in_use.lock acquired by nodename 9468@pr-hdds-2489-n52xc-1246314526
2019-11-14 19:59:15,204 [pool-539-thread-1] INFO  storage.RaftStorageDirectory (RaftStorageDirectory.java:tryLock(328)) - Lock on /workdir/hadoop-ozone/integration-test/target/test-dir/MiniOzoneClusterImpl-df23ed15-4459-4301-a988-82089ad70e13/datanode-3/data/ratis/0697d221-366d-4bf0-a6bd-9a3395f27780/in_use.lock acquired by nodename 9468@pr-hdds-2489-n52xc-1246314526
2019-11-14 19:59:15,204 [pool-569-thread-1] INFO  storage.RaftStorageDirectory (RaftStorageDirectory.java:tryLock(328)) - Lock on /workdir/hadoop-ozone/integration-test/target/test-dir/MiniOzoneClusterImpl-df23ed15-4459-4301-a988-82089ad70e13/datanode-6/data/ratis/0697d221-366d-4bf0-a6bd-9a3395f27780/in_use.lock acquired by nodename 9468@pr-hdds-2489-n52xc-1246314526
2019-11-14 19:59:15,221 [pool-569-thread-1] INFO  storage.RaftStorage (RaftStorage.java:format(84)) - Storage directory /workdir/hadoop-ozone/integration-test/target/test-dir/MiniOzoneClusterImpl-df23ed15-4459-4301-a988-82089ad70e13/datanode-6/data/ratis/0697d221-366d-4bf0-a6bd-9a3395f27780 has been successfully formatted.
2019-11-14 19:59:15,221 [pool-539-thread-1] INFO  storage.RaftStorage (RaftStorage.java:format(84)) - Storage directory /workdir/hadoop-ozone/integration-test/target/test-dir/MiniOzoneClusterImpl-df23ed15-4459-4301-a988-82089ad70e13/datanode-3/data/ratis/0697d221-366d-4bf0-a6bd-9a3395f27780 has been successfully formatted.
2019-11-14 19:59:15,221 [pool-569-thread-1] INFO  ratis.ContainerStateMachine (ContainerStateMachine.java:loadSnapshot(223)) - group-9A3395F27780: The snapshot info is null. Setting the last applied indexto:(t:0, i:~)
2019-11-14 19:59:15,221 [pool-509-thread-1] INFO  storage.RaftStorage (RaftStorage.java:format(84)) - Storage directory /workdir/hadoop-ozone/integration-test/target/test-dir/MiniOzoneClusterImpl-df23ed15-4459-4301-a988-82089ad70e13/datanode-0/data/ratis/0697d221-366d-4bf0-a6bd-9a3395f27780 has been successfully formatted.
2019-11-14 19:59:15,222 [pool-569-thread-1] INFO  server.RaftServerConfigKeys (ConfUtils.java:logGet(43)) - raft.server.notification.no-leader.timeout = 120s (custom)
2019-11-14 19:59:15,222 [pool-509-thread-1] INFO  ratis.ContainerStateMachine (ContainerStateMachine.java:loadSnapshot(223)) - group-9A3395F27780: The snapshot info is null. Setting the last applied indexto:(t:0, i:~)
2019-11-14 19:59:15,222 [pool-539-thread-1] INFO  ratis.ContainerStateMachine (ContainerStateMachine.java:loadSnapshot(223)) - group-9A3395F27780: The snapshot info is null. Setting the last applied indexto:(t:0, i:~)
2019-11-14 19:59:15,222 [pool-509-thread-1] INFO  server.RaftServerConfigKeys (ConfUtils.java:logGet(43)) - raft.server.notification.no-leader.timeout = 120s (custom)
2019-11-14 19:59:15,222 [pool-569-thread-1] INFO  server.RaftServerConfigKeys (ConfUtils.java:logGet(43)) - raft.server.log.use.memory = false (default)
2019-11-14 19:59:15,222 [pool-509-thread-1] INFO  server.RaftServerConfigKeys (ConfUtils.java:logGet(43)) - raft.server.log.use.memory = false (default)
2019-11-14 19:59:15,222 [pool-539-thread-1] INFO  server.RaftServerConfigKeys (ConfUtils.java:logGet(43)) - raft.server.notification.no-leader.timeout = 120s (custom)
2019-11-14 19:59:15,222 [pool-509-thread-1] INFO  server.RaftServerConfigKeys (ConfUtils.java:logGet(43)) - raft.server.log.purge.gap = 1000000 (custom)
2019-11-14 19:59:15,222 [pool-509-thread-1] INFO  server.RaftServerConfigKeys (ConfUtils.java:logGet(43)) - raft.server.log.appender.buffer.byte-limit = 33554432 (custom)
2019-11-14 19:59:15,222 [pool-569-thread-1] INFO  server.RaftServerConfigKeys (ConfUtils.java:logGet(43)) - raft.server.log.purge.gap = 1000000 (custom)
2019-11-14 19:59:15,222 [pool-509-thread-1] INFO  server.RaftServerConfigKeys (ConfUtils.java:logGet(43)) - raft.server.log.segment.size.max = 1048576 (custom)
2019-11-14 19:59:15,222 [pool-539-thread-1] INFO  server.RaftServerConfigKeys (ConfUtils.java:logGet(43)) - raft.server.log.use.memory = false (default)
2019-11-14 19:59:15,223 [pool-509-thread-1] INFO  server.RaftServerConfigKeys (ConfUtils.java:logGet(43)) - raft.server.log.segment.cache.num.max = 2 (custom)
2019-11-14 19:59:15,223 [pool-569-thread-1] INFO  server.RaftServerConfigKeys (ConfUtils.java:logGet(43)) - raft.server.log.appender.buffer.byte-limit = 33554432 (custom)
2019-11-14 19:59:15,223 [pool-509-thread-1] INFO  segmented.SegmentedRaftLogWorker (SegmentedRaftLogWorker.java:<init>(173)) - new ae61afd5-043c-42ff-9e00-06be6bf8121c@group-9A3395F27780-SegmentedRaftLogWorker for RaftStorage:Storage Directory /workdir/hadoop-ozone/integration-test/target/test-dir/MiniOzoneClusterImpl-df23ed15-4459-4301-a988-82089ad70e13/datanode-0/data/ratis/0697d221-366d-4bf0-a6bd-9a3395f27780
2019-11-14 19:59:15,223 [pool-539-thread-1] INFO  server.RaftServerConfigKeys (ConfUtils.java:logGet(43)) - raft.server.log.purge.gap = 1000000 (custom)
2019-11-14 19:59:15,223 [pool-509-thread-1] INFO  server.RaftServerConfigKeys (ConfUtils.java:logGet(43)) - raft.server.log.queue.byte-limit = 2147483647 (custom)
2019-11-14 19:59:15,223 [pool-569-thread-1] INFO  server.RaftServerConfigKeys (ConfUtils.java:logGet(43)) - raft.server.log.segment.size.max = 1048576 (custom)
2019-11-14 19:59:15,223 [pool-509-thread-1] INFO  server.RaftServerConfigKeys (ConfUtils.java:logGet(43)) - raft.server.log.queue.element-limit = 1024 (custom)
2019-11-14 19:59:15,223 [pool-539-thread-1] INFO  server.RaftServerConfigKeys (ConfUtils.java:logGet(43)) - raft.server.log.appender.buffer.byte-limit = 33554432 (custom)
2019-11-14 19:59:15,223 [pool-509-thread-1] INFO  server.RaftServerConfigKeys (ConfUtils.java:logGet(43)) - raft.server.log.segment.size.max = 1048576 (custom)
2019-11-14 19:59:15,223 [pool-569-thread-1] WARN  impl.MetricRegistriesImpl (MetricRegistriesImpl.java:lambda$create$1(61)) - First MetricRegistry has been created without registering reporters. You may need to call MetricRegistries.global().addReportRegistration(...) before.
2019-11-14 19:59:15,224 [pool-509-thread-1] INFO  server.RaftServerConfigKeys (ConfUtils.java:logGet(43)) - raft.server.log.preallocated.size = 16384 (custom)
2019-11-14 19:59:15,223 [pool-539-thread-1] INFO  server.RaftServerConfigKeys (ConfUtils.java:logGet(43)) - raft.server.log.segment.size.max = 1048576 (custom)
2019-11-14 19:59:15,224 [pool-509-thread-1] INFO  server.RaftServerConfigKeys (ConfUtils.java:logGet(43)) - raft.server.log.write.buffer.size = 33554432 (custom)
2019-11-14 19:59:15,224 [pool-569-thread-1] INFO  server.RaftServerConfigKeys (ConfUtils.java:logGet(43)) - raft.server.log.segment.cache.num.max = 2 (custom)
2019-11-14 19:59:15,224 [pool-509-thread-1] INFO  server.RaftServerConfigKeys (ConfUtils.java:logGet(43)) - raft.server.log.force.sync.num = 128 (default)
2019-11-14 19:59:15,224 [pool-539-thread-1] INFO  server.RaftServerConfigKeys (ConfUtils.java:logGet(43)) - raft.server.log.segment.cache.num.max = 2 (custom)
2019-11-14 19:59:15,224 [pool-509-thread-1] INFO  server.RaftServerConfigKeys (ConfUtils.java:logGet(43)) - raft.server.log.statemachine.data.sync = true (default)
2019-11-14 19:59:15,224 [pool-569-thread-1] INFO  segmented.SegmentedRaftLogWorker (SegmentedRaftLogWorker.java:<init>(173)) - new 1d99cfa1-5734-40f1-a806-2aa318147fff@group-9A3395F27780-SegmentedRaftLogWorker for RaftStorage:Storage Directory /workdir/hadoop-ozone/integration-test/target/test-dir/MiniOzoneClusterImpl-df23ed15-4459-4301-a988-82089ad70e13/datanode-6/data/ratis/0697d221-366d-4bf0-a6bd-9a3395f27780
2019-11-14 19:59:15,224 [pool-509-thread-1] INFO  server.RaftServerConfigKeys (ConfUtils.java:logGet(43)) - raft.server.log.statemachine.data.sync.timeout = 10s (default)
2019-11-14 19:59:15,224 [pool-539-thread-1] INFO  segmented.SegmentedRaftLogWorker (SegmentedRaftLogWorker.java:<init>(173)) - new 0b9f718b-6f36-48a0-b3e8-8949249bd312@group-9A3395F27780-SegmentedRaftLogWorker for RaftStorage:Storage Directory /workdir/hadoop-ozone/integration-test/target/test-dir/MiniOzoneClusterImpl-df23ed15-4459-4301-a988-82089ad70e13/datanode-3/data/ratis/0697d221-366d-4bf0-a6bd-9a3395f27780
2019-11-14 19:59:15,224 [pool-509-thread-1] INFO  server.RaftServerConfigKeys (ConfUtils.java:logGet(43)) - raft.server.log.statemachine.data.sync.timeout.retry = -1 (default)
2019-11-14 19:59:15,224 [pool-569-thread-1] INFO  server.RaftServerConfigKeys (ConfUtils.java:logGet(43)) - raft.server.log.queue.byte-limit = 2147483647 (custom)
2019-11-14 19:59:15,225 [pool-509-thread-1] INFO  server.RaftServerConfigKeys (ConfUtils.java:logGet(43)) - raft.server.log.statemachine.data.caching.enabled = true (custom)
2019-11-14 19:59:15,224 [pool-539-thread-1] INFO  server.RaftServerConfigKeys (ConfUtils.java:logGet(43)) - raft.server.log.queue.byte-limit = 2147483647 (custom)
2019-11-14 19:59:15,225 [pool-509-thread-1] INFO  segmented.SegmentedRaftLogWorker (SegmentedRaftLogWorker.java:lambda$new$0(128)) - ae61afd5-043c-42ff-9e00-06be6bf8121c@group-9A3395F27780-SegmentedRaftLogWorker: flushIndex: setUnconditionally 0 -> -1
2019-11-14 19:59:15,225 [pool-569-thread-1] INFO  server.RaftServerConfigKeys (ConfUtils.java:logGet(43)) - raft.server.log.queue.element-limit = 1024 (custom)
2019-11-14 19:59:15,225 [pool-539-thread-1] INFO  server.RaftServerConfigKeys (ConfUtils.java:logGet(43)) - raft.server.log.queue.element-limit = 1024 (custom)
2019-11-14 19:59:15,225 [pool-509-thread-1] INFO  server.RaftServerConfigKeys (ConfUtils.java:logGet(43)) - raft.server.snapshot.auto.trigger.enabled = true (custom)
2019-11-14 19:59:15,225 [pool-569-thread-1] INFO  server.RaftServerConfigKeys (ConfUtils.java:logGet(43)) - raft.server.log.segment.size.max = 1048576 (custom)
2019-11-14 19:59:15,225 [pool-509-thread-1] INFO  server.RaftServerConfigKeys (ConfUtils.java:logGet(43)) - raft.server.snapshot.auto.trigger.threshold = 10000 (custom)
2019-11-14 19:59:15,225 [pool-539-thread-1] INFO  server.RaftServerConfigKeys (ConfUtils.java:logGet(43)) - raft.server.log.segment.size.max = 1048576 (custom)
2019-11-14 19:59:15,225 [pool-509-thread-1] INFO  server.RaftServerConfigKeys (ConfUtils.java:logGet(43)) - raft.server.snapshot.retention.file.num = 5 (custom)
2019-11-14 19:59:15,225 [pool-569-thread-1] INFO  server.RaftServerConfigKeys (ConfUtils.java:logGet(43)) - raft.server.log.preallocated.size = 16384 (custom)
2019-11-14 19:59:15,225 [pool-509-thread-1] INFO  server.RaftServerConfigKeys (ConfUtils.java:logGet(43)) - raft.server.retrycache.expirytime = 600000ms (custom)
2019-11-14 19:59:15,225 [pool-539-thread-1] INFO  server.RaftServerConfigKeys (ConfUtils.java:logGet(43)) - raft.server.log.preallocated.size = 16384 (custom)
2019-11-14 19:59:15,226 [pool-509-thread-1] WARN  impl.MetricRegistriesImpl (MetricRegistriesImpl.java:lambda$create$1(61)) - First MetricRegistry has been created without registering reporters. You may need to call MetricRegistries.global().addReportRegistration(...) before.
2019-11-14 19:59:15,225 [pool-569-thread-1] INFO  server.RaftServerConfigKeys (ConfUtils.java:logGet(43)) - raft.server.log.write.buffer.size = 33554432 (custom)
2019-11-14 19:59:15,226 [pool-509-thread-1] WARN  impl.MetricRegistriesImpl (MetricRegistriesImpl.java:lambda$create$1(61)) - First MetricRegistry has been created without registering reporters. You may need to call MetricRegistries.global().addReportRegistration(...) before.
2019-11-14 19:59:15,226 [pool-539-thread-1] INFO  server.RaftServerConfigKeys (ConfUtils.java:logGet(43)) - raft.server.log.write.buffer.size = 33554432 (custom)
2019-11-14 19:59:15,226 [pool-509-thread-1] INFO  impl.RaftServerImpl (RaftServerImpl.java:start(184)) - ae61afd5-043c-42ff-9e00-06be6bf8121c@group-9A3395F27780: start as a follower, conf=-1: [ae61afd5-043c-42ff-9e00-06be6bf8121c:192.168.157.219:41147, 1d99cfa1-5734-40f1-a806-2aa318147fff:192.168.157.219:42659, 0b9f718b-6f36-48a0-b3e8-8949249bd312:192.168.157.219:44307], old=null
2019-11-14 19:59:15,226 [pool-569-thread-1] INFO  server.RaftServerConfigKeys (ConfUtils.java:logGet(43)) - raft.server.log.force.sync.num = 128 (default)
2019-11-14 19:59:15,226 [pool-509-thread-1] INFO  impl.RaftServerImpl (RaftServerImpl.java:setRole(173)) - ae61afd5-043c-42ff-9e00-06be6bf8121c@group-9A3395F27780: changes role from      null to FOLLOWER at term 0 for startAsFollower
2019-11-14 19:59:15,226 [pool-539-thread-1] INFO  server.RaftServerConfigKeys (ConfUtils.java:logGet(43)) - raft.server.log.force.sync.num = 128 (default)
2019-11-14 19:59:15,226 [pool-509-thread-1] INFO  impl.RoleInfo (RoleInfo.java:updateAndGet(143)) - ae61afd5-043c-42ff-9e00-06be6bf8121c: start FollowerState
2019-11-14 19:59:15,226 [pool-569-thread-1] INFO  server.RaftServerConfigKeys (ConfUtils.java:logGet(43)) - raft.server.log.statemachine.data.sync = true (default)
2019-11-14 19:59:15,226 [pool-539-thread-1] INFO  server.RaftServerConfigKeys (ConfUtils.java:logGet(43)) - raft.server.log.statemachine.data.sync = true (default)
2019-11-14 19:59:15,227 [pool-509-thread-1] INFO  util.JmxRegister (JmxRegister.java:tryRegister(44)) - Successfully registered JMX Bean with object name Ratis:service=RaftServer,group=group-9A3395F27780,id=ae61afd5-043c-42ff-9e00-06be6bf8121c
2019-11-14 19:59:15,226 [pool-569-thread-1] INFO  server.RaftServerConfigKeys (ConfUtils.java:logGet(43)) - raft.server.log.statemachine.data.sync.timeout = 10s (default)
2019-11-14 19:59:15,227 [pool-509-thread-1] WARN  impl.MetricRegistriesImpl (MetricRegistriesImpl.java:lambda$create$1(61)) - First MetricRegistry has been created without registering reporters. You may need to call MetricRegistries.global().addReportRegistration(...) before.
2019-11-14 19:59:15,227 [pool-539-thread-1] INFO  server.RaftServerConfigKeys (ConfUtils.java:logGet(43)) - raft.server.log.statemachine.data.sync.timeout = 10s (default)
2019-11-14 19:59:15,227 [pool-569-thread-1] INFO  server.RaftServerConfigKeys (ConfUtils.java:logGet(43)) - raft.server.log.statemachine.data.sync.timeout.retry = -1 (default)
2019-11-14 19:59:15,227 [pool-539-thread-1] INFO  server.RaftServerConfigKeys (ConfUtils.java:logGet(43)) - raft.server.log.statemachine.data.sync.timeout.retry = -1 (default)
2019-11-14 19:59:15,227 [pool-569-thread-1] INFO  server.RaftServerConfigKeys (ConfUtils.java:logGet(43)) - raft.server.log.statemachine.data.caching.enabled = true (custom)
2019-11-14 19:59:15,227 [pool-539-thread-1] INFO  server.RaftServerConfigKeys (ConfUtils.java:logGet(43)) - raft.server.log.statemachine.data.caching.enabled = true (custom)
2019-11-14 19:59:15,227 [pool-569-thread-1] INFO  segmented.SegmentedRaftLogWorker (SegmentedRaftLogWorker.java:lambda$new$0(128)) - 1d99cfa1-5734-40f1-a806-2aa318147fff@group-9A3395F27780-SegmentedRaftLogWorker: flushIndex: setUnconditionally 0 -> -1
2019-11-14 19:59:15,227 [pool-539-thread-1] INFO  segmented.SegmentedRaftLogWorker (SegmentedRaftLogWorker.java:lambda$new$0(128)) - 0b9f718b-6f36-48a0-b3e8-8949249bd312@group-9A3395F27780-SegmentedRaftLogWorker: flushIndex: setUnconditionally 0 -> -1
2019-11-14 19:59:15,228 [pool-569-thread-1] INFO  server.RaftServerConfigKeys (ConfUtils.java:logGet(43)) - raft.server.snapshot.auto.trigger.enabled = true (custom)
2019-11-14 19:59:15,228 [pool-569-thread-1] INFO  server.RaftServerConfigKeys (ConfUtils.java:logGet(43)) - raft.server.snapshot.auto.trigger.threshold = 10000 (custom)
2019-11-14 19:59:15,228 [pool-539-thread-1] INFO  server.RaftServerConfigKeys (ConfUtils.java:logGet(43)) - raft.server.snapshot.auto.trigger.enabled = true (custom)
2019-11-14 19:59:15,228 [pool-569-thread-1] INFO  server.RaftServerConfigKeys (ConfUtils.java:logGet(43)) - raft.server.snapshot.retention.file.num = 5 (custom)
2019-11-14 19:59:15,228 [pool-539-thread-1] INFO  server.RaftServerConfigKeys (ConfUtils.java:logGet(43)) - raft.server.snapshot.auto.trigger.threshold = 10000 (custom)
2019-11-14 19:59:15,228 [pool-569-thread-1] INFO  server.RaftServerConfigKeys (ConfUtils.java:logGet(43)) - raft.server.retrycache.expirytime = 600000ms (custom)
2019-11-14 19:59:15,228 [pool-539-thread-1] INFO  server.RaftServerConfigKeys (ConfUtils.java:logGet(43)) - raft.server.snapshot.retention.file.num = 5 (custom)
2019-11-14 19:59:15,228 [pool-569-thread-1] WARN  impl.MetricRegistriesImpl (MetricRegistriesImpl.java:lambda$create$1(61)) - First MetricRegistry has been created without registering reporters. You may need to call MetricRegistries.global().addReportRegistration(...) before.
2019-11-14 19:59:15,228 [pool-539-thread-1] INFO  server.RaftServerConfigKeys (ConfUtils.java:logGet(43)) - raft.server.retrycache.expirytime = 600000ms (custom)
2019-11-14 19:59:15,229 [pool-569-thread-1] WARN  impl.MetricRegistriesImpl (MetricRegistriesImpl.java:lambda$create$1(61)) - First MetricRegistry has been created without registering reporters. You may need to call MetricRegistries.global().addReportRegistration(...) before.
2019-11-14 19:59:15,229 [pool-539-thread-1] WARN  impl.MetricRegistriesImpl (MetricRegistriesImpl.java:lambda$create$1(61)) - First MetricRegistry has been created without registering reporters. You may need to call MetricRegistries.global().addReportRegistration(...) before.
2019-11-14 19:59:15,229 [pool-569-thread-1] INFO  impl.RaftServerImpl (RaftServerImpl.java:start(184)) - 1d99cfa1-5734-40f1-a806-2aa318147fff@group-9A3395F27780: start as a follower, conf=-1: [ae61afd5-043c-42ff-9e00-06be6bf8121c:192.168.157.219:41147, 1d99cfa1-5734-40f1-a806-2aa318147fff:192.168.157.219:42659, 0b9f718b-6f36-48a0-b3e8-8949249bd312:192.168.157.219:44307], old=null
2019-11-14 19:59:15,229 [pool-539-thread-1] WARN  impl.MetricRegistriesImpl (MetricRegistriesImpl.java:lambda$create$1(61)) - First MetricRegistry has been created without registering reporters. You may need to call MetricRegistries.global().addReportRegistration(...) before.
2019-11-14 19:59:15,229 [pool-569-thread-1] INFO  impl.RaftServerImpl (RaftServerImpl.java:setRole(173)) - 1d99cfa1-5734-40f1-a806-2aa318147fff@group-9A3395F27780: changes role from      null to FOLLOWER at term 0 for startAsFollower
2019-11-14 19:59:15,229 [pool-539-thread-1] INFO  impl.RaftServerImpl (RaftServerImpl.java:start(184)) - 0b9f718b-6f36-48a0-b3e8-8949249bd312@group-9A3395F27780: start as a follower, conf=-1: [ae61afd5-043c-42ff-9e00-06be6bf8121c:192.168.157.219:41147, 1d99cfa1-5734-40f1-a806-2aa318147fff:192.168.157.219:42659, 0b9f718b-6f36-48a0-b3e8-8949249bd312:192.168.157.219:44307], old=null
2019-11-14 19:59:15,229 [pool-569-thread-1] INFO  impl.RoleInfo (RoleInfo.java:updateAndGet(143)) - 1d99cfa1-5734-40f1-a806-2aa318147fff: start FollowerState
2019-11-14 19:59:15,229 [pool-539-thread-1] INFO  impl.RaftServerImpl (RaftServerImpl.java:setRole(173)) - 0b9f718b-6f36-48a0-b3e8-8949249bd312@group-9A3395F27780: changes role from      null to FOLLOWER at term 0 for startAsFollower
2019-11-14 19:59:15,229 [pool-539-thread-1] INFO  impl.RoleInfo (RoleInfo.java:updateAndGet(143)) - 0b9f718b-6f36-48a0-b3e8-8949249bd312: start FollowerState
2019-11-14 19:59:15,229 [pool-569-thread-1] INFO  util.JmxRegister (JmxRegister.java:tryRegister(44)) - Successfully registered JMX Bean with object name Ratis:service=RaftServer,group=group-9A3395F27780,id=1d99cfa1-5734-40f1-a806-2aa318147fff
2019-11-14 19:59:15,230 [pool-569-thread-1] WARN  impl.MetricRegistriesImpl (MetricRegistriesImpl.java:lambda$create$1(61)) - First MetricRegistry has been created without registering reporters. You may need to call MetricRegistries.global().addReportRegistration(...) before.
2019-11-14 19:59:15,230 [pool-539-thread-1] INFO  util.JmxRegister (JmxRegister.java:tryRegister(44)) - Successfully registered JMX Bean with object name Ratis:service=RaftServer,group=group-9A3395F27780,id=0b9f718b-6f36-48a0-b3e8-8949249bd312
2019-11-14 19:59:15,230 [pool-539-thread-1] WARN  impl.MetricRegistriesImpl (MetricRegistriesImpl.java:lambda$create$1(61)) - First MetricRegistry has been created without registering reporters. You may need to call MetricRegistries.global().addReportRegistration(...) before.
2019-11-14 19:59:15,232 [RatisPipelineUtilsThread] INFO  pipeline.PipelineStateManager (PipelineStateManager.java:addPipeline(55)) - Created pipeline Pipeline[ Id: 0697d221-366d-4bf0-a6bd-9a3395f27780, Nodes: 1d99cfa1-5734-40f1-a806-2aa318147fff{ip: 192.168.157.219, host: pr-hdds-2489-n52xc-1246314526, networkLocation: /rack1, certSerialId: null}0b9f718b-6f36-48a0-b3e8-8949249bd312{ip: 192.168.157.219, host: pr-hdds-2489-n52xc-1246314526, networkLocation: /rack1, certSerialId: null}ae61afd5-043c-42ff-9e00-06be6bf8121c{ip: 192.168.157.219, host: pr-hdds-2489-n52xc-1246314526, networkLocation: /rack1, certSerialId: null}, Type:RATIS, Factor:THREE, State:ALLOCATED]
2019-11-14 19:59:15,235 [grpc-default-executor-9] INFO  impl.RaftServerProxy (RaftServerProxy.java:addNew(89)) - 1d99cfa1-5734-40f1-a806-2aa318147fff: addNew group-5137C7DA21AD:[1d99cfa1-5734-40f1-a806-2aa318147fff:192.168.157.219:42659] returns group-5137C7DA21AD:java.util.concurrent.CompletableFuture@2c42924a[Not completed]
2019-11-14 19:59:15,236 [pool-569-thread-1] INFO  impl.RaftServerImpl (RaftServerImpl.java:<init>(98)) - 1d99cfa1-5734-40f1-a806-2aa318147fff: new RaftServerImpl for group-5137C7DA21AD:[1d99cfa1-5734-40f1-a806-2aa318147fff:192.168.157.219:42659] with ContainerStateMachine:uninitialized
2019-11-14 19:59:15,236 [pool-569-thread-1] INFO  server.RaftServerConfigKeys (ConfUtils.java:logGet(43)) - raft.server.rpc.timeout.min = 1s (custom)
2019-11-14 19:59:15,236 [pool-569-thread-1] INFO  server.RaftServerConfigKeys (ConfUtils.java:logGet(43)) - raft.server.rpc.timeout.max = 1200ms (custom)
2019-11-14 19:59:15,237 [pool-569-thread-1] INFO  server.RaftServerConfigKeys (ConfUtils.java:logGet(43)) - raft.server.rpcslowness.timeout = 120s (custom)
2019-11-14 19:59:15,237 [pool-569-thread-1] INFO  server.RaftServerConfigKeys (ConfUtils.java:logGet(43)) - raft.server.sleep.deviation.threshold = 300 (default)
2019-11-14 19:59:15,237 [pool-569-thread-1] INFO  server.RaftServerConfigKeys (ConfUtils.java:logGet(43)) - raft.server.log.appender.install.snapshot.enabled = false (custom)
2019-11-14 19:59:15,237 [pool-569-thread-1] INFO  impl.RaftServerImpl (ServerState.java:<init>(103)) - 1d99cfa1-5734-40f1-a806-2aa318147fff@group-5137C7DA21AD: ConfigurationManager, init=-1: [1d99cfa1-5734-40f1-a806-2aa318147fff:192.168.157.219:42659], old=null, confs=<EMPTY_MAP>
2019-11-14 19:59:15,237 [pool-569-thread-1] INFO  server.RaftServerConfigKeys (ConfUtils.java:logGet(43)) - raft.server.storage.dir = [/workdir/hadoop-ozone/integration-test/target/test-dir/MiniOzoneClusterImpl-df23ed15-4459-4301-a988-82089ad70e13/datanode-6/data/ratis] (custom)
2019-11-14 19:59:15,237 [pool-569-thread-1] INFO  server.RaftServerConfigKeys (ConfUtils.java:logGet(43)) - raft.server.log.corruption.policy = EXCEPTION (default)
2019-11-14 19:59:15,237 [pool-569-thread-1] INFO  storage.RaftStorageDirectory (RaftStorageDirectory.java:analyzeStorage(246)) - The storage directory /workdir/hadoop-ozone/integration-test/target/test-dir/MiniOzoneClusterImpl-df23ed15-4459-4301-a988-82089ad70e13/datanode-6/data/ratis/eecefa76-bcf3-4c6c-b8e4-5137c7da21ad does not exist. Creating ...
2019-11-14 19:59:15,241 [IPC Server handler 1 on 39924] INFO  net.NetworkTopology (NetworkTopologyImpl.java:add(111)) - Added a new node: /rack1/e8061cfc-e634-4005-9186-8f9a3cdc71ed
2019-11-14 19:59:15,241 [IPC Server handler 1 on 39924] INFO  node.SCMNodeManager (SCMNodeManager.java:register(267)) - Registered Data node : e8061cfc-e634-4005-9186-8f9a3cdc71ed{ip: 192.168.157.219, host: pr-hdds-2489-n52xc-1246314526, networkLocation: /rack1, certSerialId: null}
2019-11-14 19:59:15,261 [pool-569-thread-1] INFO  storage.RaftStorageDirectory (RaftStorageDirectory.java:tryLock(328)) - Lock on /workdir/hadoop-ozone/integration-test/target/test-dir/MiniOzoneClusterImpl-df23ed15-4459-4301-a988-82089ad70e13/datanode-6/data/ratis/eecefa76-bcf3-4c6c-b8e4-5137c7da21ad/in_use.lock acquired by nodename 9468@pr-hdds-2489-n52xc-1246314526
2019-11-14 19:59:15,284 [pool-569-thread-1] INFO  storage.RaftStorage (RaftStorage.java:format(84)) - Storage directory /workdir/hadoop-ozone/integration-test/target/test-dir/MiniOzoneClusterImpl-df23ed15-4459-4301-a988-82089ad70e13/datanode-6/data/ratis/eecefa76-bcf3-4c6c-b8e4-5137c7da21ad has been successfully formatted.
2019-11-14 19:59:15,284 [pool-569-thread-1] INFO  ratis.ContainerStateMachine (ContainerStateMachine.java:loadSnapshot(223)) - group-5137C7DA21AD: The snapshot info is null. Setting the last applied indexto:(t:0, i:~)
2019-11-14 19:59:15,285 [pool-569-thread-1] INFO  server.RaftServerConfigKeys (ConfUtils.java:logGet(43)) - raft.server.notification.no-leader.timeout = 120s (custom)
2019-11-14 19:59:15,285 [pool-569-thread-1] INFO  server.RaftServerConfigKeys (ConfUtils.java:logGet(43)) - raft.server.log.use.memory = false (default)
2019-11-14 19:59:15,285 [pool-569-thread-1] INFO  server.RaftServerConfigKeys (ConfUtils.java:logGet(43)) - raft.server.log.purge.gap = 1000000 (custom)
2019-11-14 19:59:15,285 [pool-569-thread-1] INFO  server.RaftServerConfigKeys (ConfUtils.java:logGet(43)) - raft.server.log.appender.buffer.byte-limit = 33554432 (custom)
2019-11-14 19:59:15,285 [pool-569-thread-1] INFO  server.RaftServerConfigKeys (ConfUtils.java:logGet(43)) - raft.server.log.segment.size.max = 1048576 (custom)
2019-11-14 19:59:15,285 [pool-569-thread-1] INFO  server.RaftServerConfigKeys (ConfUtils.java:logGet(43)) - raft.server.log.segment.cache.num.max = 2 (custom)
2019-11-14 19:59:15,285 [pool-569-thread-1] INFO  segmented.SegmentedRaftLogWorker (SegmentedRaftLogWorker.java:<init>(173)) - new 1d99cfa1-5734-40f1-a806-2aa318147fff@group-5137C7DA21AD-SegmentedRaftLogWorker for RaftStorage:Storage Directory /workdir/hadoop-ozone/integration-test/target/test-dir/MiniOzoneClusterImpl-df23ed15-4459-4301-a988-82089ad70e13/datanode-6/data/ratis/eecefa76-bcf3-4c6c-b8e4-5137c7da21ad
2019-11-14 19:59:15,285 [pool-569-thread-1] INFO  server.RaftServerConfigKeys (ConfUtils.java:logGet(43)) - raft.server.log.queue.byte-limit = 2147483647 (custom)
2019-11-14 19:59:15,285 [pool-569-thread-1] INFO  server.RaftServerConfigKeys (ConfUtils.java:logGet(43)) - raft.server.log.queue.element-limit = 1024 (custom)
2019-11-14 19:59:15,285 [pool-569-thread-1] INFO  server.RaftServerConfigKeys (ConfUtils.java:logGet(43)) - raft.server.log.segment.size.max = 1048576 (custom)
2019-11-14 19:59:15,285 [pool-569-thread-1] INFO  server.RaftServerConfigKeys (ConfUtils.java:logGet(43)) - raft.server.log.preallocated.size = 16384 (custom)
2019-11-14 19:59:15,285 [pool-569-thread-1] INFO  server.RaftServerConfigKeys (ConfUtils.java:logGet(43)) - raft.server.log.write.buffer.size = 33554432 (custom)
2019-11-14 19:59:15,285 [pool-569-thread-1] INFO  server.RaftServerConfigKeys (ConfUtils.java:logGet(43)) - raft.server.log.force.sync.num = 128 (default)
2019-11-14 19:59:15,285 [pool-569-thread-1] INFO  server.RaftServerConfigKeys (ConfUtils.java:logGet(43)) - raft.server.log.statemachine.data.sync = true (default)
2019-11-14 19:59:15,286 [pool-569-thread-1] INFO  server.RaftServerConfigKeys (ConfUtils.java:logGet(43)) - raft.server.log.statemachine.data.sync.timeout = 10s (default)
2019-11-14 19:59:15,286 [pool-569-thread-1] INFO  server.RaftServerConfigKeys (ConfUtils.java:logGet(43)) - raft.server.log.statemachine.data.sync.timeout.retry = -1 (default)
2019-11-14 19:59:15,286 [pool-569-thread-1] INFO  server.RaftServerConfigKeys (ConfUtils.java:logGet(43)) - raft.server.log.statemachine.data.caching.enabled = true (custom)
2019-11-14 19:59:15,286 [pool-569-thread-1] INFO  segmented.SegmentedRaftLogWorker (SegmentedRaftLogWorker.java:lambda$new$0(128)) - 1d99cfa1-5734-40f1-a806-2aa318147fff@group-5137C7DA21AD-SegmentedRaftLogWorker: flushIndex: setUnconditionally 0 -> -1
2019-11-14 19:59:15,286 [pool-569-thread-1] INFO  server.RaftServerConfigKeys (ConfUtils.java:logGet(43)) - raft.server.snapshot.auto.trigger.enabled = true (custom)
2019-11-14 19:59:15,286 [pool-569-thread-1] INFO  server.RaftServerConfigKeys (ConfUtils.java:logGet(43)) - raft.server.snapshot.auto.trigger.threshold = 10000 (custom)
2019-11-14 19:59:15,286 [pool-569-thread-1] INFO  server.RaftServerConfigKeys (ConfUtils.java:logGet(43)) - raft.server.snapshot.retention.file.num = 5 (custom)
2019-11-14 19:59:15,286 [pool-569-thread-1] INFO  server.RaftServerConfigKeys (ConfUtils.java:logGet(43)) - raft.server.retrycache.expirytime = 600000ms (custom)
2019-11-14 19:59:15,286 [pool-569-thread-1] WARN  impl.MetricRegistriesImpl (MetricRegistriesImpl.java:lambda$create$1(61)) - First MetricRegistry has been created without registering reporters. You may need to call MetricRegistries.global().addReportRegistration(...) before.
2019-11-14 19:59:15,286 [pool-569-thread-1] WARN  impl.MetricRegistriesImpl (MetricRegistriesImpl.java:lambda$create$1(61)) - First MetricRegistry has been created without registering reporters. You may need to call MetricRegistries.global().addReportRegistration(...) before.
2019-11-14 19:59:15,287 [pool-569-thread-1] INFO  impl.RaftServerImpl (RaftServerImpl.java:start(184)) - 1d99cfa1-5734-40f1-a806-2aa318147fff@group-5137C7DA21AD: start as a follower, conf=-1: [1d99cfa1-5734-40f1-a806-2aa318147fff:192.168.157.219:42659], old=null
2019-11-14 19:59:15,287 [pool-569-thread-1] INFO  impl.RaftServerImpl (RaftServerImpl.java:setRole(173)) - 1d99cfa1-5734-40f1-a806-2aa318147fff@group-5137C7DA21AD: changes role from      null to FOLLOWER at term 0 for startAsFollower
2019-11-14 19:59:15,287 [pool-569-thread-1] INFO  impl.RoleInfo (RoleInfo.java:updateAndGet(143)) - 1d99cfa1-5734-40f1-a806-2aa318147fff: start FollowerState
2019-11-14 19:59:15,287 [pool-569-thread-1] INFO  util.JmxRegister (JmxRegister.java:tryRegister(44)) - Successfully registered JMX Bean with object name Ratis:service=RaftServer,group=group-5137C7DA21AD,id=1d99cfa1-5734-40f1-a806-2aa318147fff
2019-11-14 19:59:15,287 [pool-569-thread-1] WARN  impl.MetricRegistriesImpl (MetricRegistriesImpl.java:lambda$create$1(61)) - First MetricRegistry has been created without registering reporters. You may need to call MetricRegistries.global().addReportRegistration(...) before.
2019-11-14 19:59:15,289 [RatisPipelineUtilsThread] INFO  pipeline.PipelineStateManager (PipelineStateManager.java:addPipeline(55)) - Created pipeline Pipeline[ Id: eecefa76-bcf3-4c6c-b8e4-5137c7da21ad, Nodes: 1d99cfa1-5734-40f1-a806-2aa318147fff{ip: 192.168.157.219, host: pr-hdds-2489-n52xc-1246314526, networkLocation: /rack1, certSerialId: null}, Type:RATIS, Factor:ONE, State:ALLOCATED]
2019-11-14 19:59:15,295 [grpc-default-executor-9] INFO  impl.RaftServerProxy (RaftServerProxy.java:addNew(89)) - e8061cfc-e634-4005-9186-8f9a3cdc71ed: addNew group-6831742A8C71:[e8061cfc-e634-4005-9186-8f9a3cdc71ed:192.168.157.219:37108] returns group-6831742A8C71:java.util.concurrent.CompletableFuture@6f76d02f[Not completed]
2019-11-14 19:59:15,296 [pool-579-thread-1] INFO  impl.RaftServerImpl (RaftServerImpl.java:<init>(98)) - e8061cfc-e634-4005-9186-8f9a3cdc71ed: new RaftServerImpl for group-6831742A8C71:[e8061cfc-e634-4005-9186-8f9a3cdc71ed:192.168.157.219:37108] with ContainerStateMachine:uninitialized
2019-11-14 19:59:15,296 [pool-579-thread-1] INFO  server.RaftServerConfigKeys (ConfUtils.java:logGet(43)) - raft.server.rpc.timeout.min = 1s (custom)
2019-11-14 19:59:15,296 [pool-579-thread-1] INFO  server.RaftServerConfigKeys (ConfUtils.java:logGet(43)) - raft.server.rpc.timeout.max = 1200ms (custom)
2019-11-14 19:59:15,296 [pool-579-thread-1] INFO  server.RaftServerConfigKeys (ConfUtils.java:logGet(43)) - raft.server.rpcslowness.timeout = 120s (custom)
2019-11-14 19:59:15,296 [pool-579-thread-1] INFO  server.RaftServerConfigKeys (ConfUtils.java:logGet(43)) - raft.server.sleep.deviation.threshold = 300 (default)
2019-11-14 19:59:15,296 [pool-579-thread-1] INFO  server.RaftServerConfigKeys (ConfUtils.java:logGet(43)) - raft.server.log.appender.install.snapshot.enabled = false (custom)
2019-11-14 19:59:15,296 [pool-579-thread-1] INFO  impl.RaftServerImpl (ServerState.java:<init>(103)) - e8061cfc-e634-4005-9186-8f9a3cdc71ed@group-6831742A8C71: ConfigurationManager, init=-1: [e8061cfc-e634-4005-9186-8f9a3cdc71ed:192.168.157.219:37108], old=null, confs=<EMPTY_MAP>
2019-11-14 19:59:15,297 [pool-579-thread-1] INFO  server.RaftServerConfigKeys (ConfUtils.java:logGet(43)) - raft.server.storage.dir = [/workdir/hadoop-ozone/integration-test/target/test-dir/MiniOzoneClusterImpl-df23ed15-4459-4301-a988-82089ad70e13/datanode-7/data/ratis] (custom)
2019-11-14 19:59:15,297 [pool-579-thread-1] INFO  server.RaftServerConfigKeys (ConfUtils.java:logGet(43)) - raft.server.log.corruption.policy = EXCEPTION (default)
2019-11-14 19:59:15,297 [pool-579-thread-1] INFO  storage.RaftStorageDirectory (RaftStorageDirectory.java:analyzeStorage(246)) - The storage directory /workdir/hadoop-ozone/integration-test/target/test-dir/MiniOzoneClusterImpl-df23ed15-4459-4301-a988-82089ad70e13/datanode-7/data/ratis/80846428-1ff7-4779-8fbf-6831742a8c71 does not exist. Creating ...
2019-11-14 19:59:15,301 [IPC Server handler 2 on 39924] INFO  net.NetworkTopology (NetworkTopologyImpl.java:add(111)) - Added a new node: /rack1/909799b4-01f9-4409-9e01-df516dc8a9f9
2019-11-14 19:59:15,301 [IPC Server handler 2 on 39924] INFO  node.SCMNodeManager (SCMNodeManager.java:register(267)) - Registered Data node : 909799b4-01f9-4409-9e01-df516dc8a9f9{ip: 192.168.157.219, host: pr-hdds-2489-n52xc-1246314526, networkLocation: /rack1, certSerialId: null}
2019-11-14 19:59:15,319 [pool-579-thread-1] INFO  storage.RaftStorageDirectory (RaftStorageDirectory.java:tryLock(328)) - Lock on /workdir/hadoop-ozone/integration-test/target/test-dir/MiniOzoneClusterImpl-df23ed15-4459-4301-a988-82089ad70e13/datanode-7/data/ratis/80846428-1ff7-4779-8fbf-6831742a8c71/in_use.lock acquired by nodename 9468@pr-hdds-2489-n52xc-1246314526
2019-11-14 19:59:15,343 [pool-579-thread-1] INFO  storage.RaftStorage (RaftStorage.java:format(84)) - Storage directory /workdir/hadoop-ozone/integration-test/target/test-dir/MiniOzoneClusterImpl-df23ed15-4459-4301-a988-82089ad70e13/datanode-7/data/ratis/80846428-1ff7-4779-8fbf-6831742a8c71 has been successfully formatted.
2019-11-14 19:59:15,343 [pool-579-thread-1] INFO  ratis.ContainerStateMachine (ContainerStateMachine.java:loadSnapshot(223)) - group-6831742A8C71: The snapshot info is null. Setting the last applied indexto:(t:0, i:~)
2019-11-14 19:59:15,343 [pool-579-thread-1] INFO  server.RaftServerConfigKeys (ConfUtils.java:logGet(43)) - raft.server.notification.no-leader.timeout = 120s (custom)
2019-11-14 19:59:15,343 [pool-579-thread-1] INFO  server.RaftServerConfigKeys (ConfUtils.java:logGet(43)) - raft.server.log.use.memory = false (default)
2019-11-14 19:59:15,343 [pool-579-thread-1] INFO  server.RaftServerConfigKeys (ConfUtils.java:logGet(43)) - raft.server.log.purge.gap = 1000000 (custom)
2019-11-14 19:59:15,343 [pool-579-thread-1] INFO  server.RaftServerConfigKeys (ConfUtils.java:logGet(43)) - raft.server.log.appender.buffer.byte-limit = 33554432 (custom)
2019-11-14 19:59:15,344 [pool-579-thread-1] INFO  server.RaftServerConfigKeys (ConfUtils.java:logGet(43)) - raft.server.log.segment.size.max = 1048576 (custom)
2019-11-14 19:59:15,344 [pool-579-thread-1] WARN  impl.MetricRegistriesImpl (MetricRegistriesImpl.java:lambda$create$1(61)) - First MetricRegistry has been created without registering reporters. You may need to call MetricRegistries.global().addReportRegistration(...) before.
2019-11-14 19:59:15,344 [pool-579-thread-1] INFO  server.RaftServerConfigKeys (ConfUtils.java:logGet(43)) - raft.server.log.segment.cache.num.max = 2 (custom)
2019-11-14 19:59:15,344 [pool-579-thread-1] INFO  segmented.SegmentedRaftLogWorker (SegmentedRaftLogWorker.java:<init>(173)) - new e8061cfc-e634-4005-9186-8f9a3cdc71ed@group-6831742A8C71-SegmentedRaftLogWorker for RaftStorage:Storage Directory /workdir/hadoop-ozone/integration-test/target/test-dir/MiniOzoneClusterImpl-df23ed15-4459-4301-a988-82089ad70e13/datanode-7/data/ratis/80846428-1ff7-4779-8fbf-6831742a8c71
2019-11-14 19:59:15,344 [pool-579-thread-1] INFO  server.RaftServerConfigKeys (ConfUtils.java:logGet(43)) - raft.server.log.queue.byte-limit = 2147483647 (custom)
2019-11-14 19:59:15,344 [pool-579-thread-1] INFO  server.RaftServerConfigKeys (ConfUtils.java:logGet(43)) - raft.server.log.queue.element-limit = 1024 (custom)
2019-11-14 19:59:15,344 [pool-579-thread-1] INFO  server.RaftServerConfigKeys (ConfUtils.java:logGet(43)) - raft.server.log.segment.size.max = 1048576 (custom)
2019-11-14 19:59:15,344 [pool-579-thread-1] INFO  server.RaftServerConfigKeys (ConfUtils.java:logGet(43)) - raft.server.log.preallocated.size = 16384 (custom)
2019-11-14 19:59:15,344 [pool-579-thread-1] INFO  server.RaftServerConfigKeys (ConfUtils.java:logGet(43)) - raft.server.log.write.buffer.size = 33554432 (custom)
2019-11-14 19:59:15,344 [pool-579-thread-1] INFO  server.RaftServerConfigKeys (ConfUtils.java:logGet(43)) - raft.server.log.force.sync.num = 128 (default)
2019-11-14 19:59:15,344 [pool-579-thread-1] INFO  server.RaftServerConfigKeys (ConfUtils.java:logGet(43)) - raft.server.log.statemachine.data.sync = true (default)
2019-11-14 19:59:15,344 [pool-579-thread-1] INFO  server.RaftServerConfigKeys (ConfUtils.java:logGet(43)) - raft.server.log.statemachine.data.sync.timeout = 10s (default)
2019-11-14 19:59:15,344 [pool-579-thread-1] INFO  server.RaftServerConfigKeys (ConfUtils.java:logGet(43)) - raft.server.log.statemachine.data.sync.timeout.retry = -1 (default)
2019-11-14 19:59:15,345 [pool-579-thread-1] INFO  server.RaftServerConfigKeys (ConfUtils.java:logGet(43)) - raft.server.log.statemachine.data.caching.enabled = true (custom)
2019-11-14 19:59:15,345 [pool-579-thread-1] INFO  segmented.SegmentedRaftLogWorker (SegmentedRaftLogWorker.java:lambda$new$0(128)) - e8061cfc-e634-4005-9186-8f9a3cdc71ed@group-6831742A8C71-SegmentedRaftLogWorker: flushIndex: setUnconditionally 0 -> -1
2019-11-14 19:59:15,345 [pool-579-thread-1] INFO  server.RaftServerConfigKeys (ConfUtils.java:logGet(43)) - raft.server.snapshot.auto.trigger.enabled = true (custom)
2019-11-14 19:59:15,345 [pool-579-thread-1] INFO  server.RaftServerConfigKeys (ConfUtils.java:logGet(43)) - raft.server.snapshot.auto.trigger.threshold = 10000 (custom)
2019-11-14 19:59:15,345 [pool-579-thread-1] INFO  server.RaftServerConfigKeys (ConfUtils.java:logGet(43)) - raft.server.snapshot.retention.file.num = 5 (custom)
2019-11-14 19:59:15,345 [pool-579-thread-1] INFO  server.RaftServerConfigKeys (ConfUtils.java:logGet(43)) - raft.server.retrycache.expirytime = 600000ms (custom)
2019-11-14 19:59:15,345 [pool-579-thread-1] WARN  impl.MetricRegistriesImpl (MetricRegistriesImpl.java:lambda$create$1(61)) - First MetricRegistry has been created without registering reporters. You may need to call MetricRegistries.global().addReportRegistration(...) before.
2019-11-14 19:59:15,346 [pool-579-thread-1] WARN  impl.MetricRegistriesImpl (MetricRegistriesImpl.java:lambda$create$1(61)) - First MetricRegistry has been created without registering reporters. You may need to call MetricRegistries.global().addReportRegistration(...) before.
2019-11-14 19:59:15,346 [pool-579-thread-1] INFO  impl.RaftServerImpl (RaftServerImpl.java:start(184)) - e8061cfc-e634-4005-9186-8f9a3cdc71ed@group-6831742A8C71: start as a follower, conf=-1: [e8061cfc-e634-4005-9186-8f9a3cdc71ed:192.168.157.219:37108], old=null
2019-11-14 19:59:15,346 [pool-579-thread-1] INFO  impl.RaftServerImpl (RaftServerImpl.java:setRole(173)) - e8061cfc-e634-4005-9186-8f9a3cdc71ed@group-6831742A8C71: changes role from      null to FOLLOWER at term 0 for startAsFollower
2019-11-14 19:59:15,346 [pool-579-thread-1] INFO  impl.RoleInfo (RoleInfo.java:updateAndGet(143)) - e8061cfc-e634-4005-9186-8f9a3cdc71ed: start FollowerState
2019-11-14 19:59:15,346 [pool-579-thread-1] INFO  util.JmxRegister (JmxRegister.java:tryRegister(44)) - Successfully registered JMX Bean with object name Ratis:service=RaftServer,group=group-6831742A8C71,id=e8061cfc-e634-4005-9186-8f9a3cdc71ed
2019-11-14 19:59:15,346 [pool-579-thread-1] WARN  impl.MetricRegistriesImpl (MetricRegistriesImpl.java:lambda$create$1(61)) - First MetricRegistry has been created without registering reporters. You may need to call MetricRegistries.global().addReportRegistration(...) before.
2019-11-14 19:59:15,348 [RatisPipelineUtilsThread] INFO  pipeline.PipelineStateManager (PipelineStateManager.java:addPipeline(55)) - Created pipeline Pipeline[ Id: 80846428-1ff7-4779-8fbf-6831742a8c71, Nodes: e8061cfc-e634-4005-9186-8f9a3cdc71ed{ip: 192.168.157.219, host: pr-hdds-2489-n52xc-1246314526, networkLocation: /rack1, certSerialId: null}, Type:RATIS, Factor:ONE, State:ALLOCATED]
2019-11-14 19:59:15,354 [grpc-default-executor-9] INFO  impl.RaftServerProxy (RaftServerProxy.java:addNew(89)) - 909799b4-01f9-4409-9e01-df516dc8a9f9: addNew group-9DA71D5C210A:[909799b4-01f9-4409-9e01-df516dc8a9f9:192.168.157.219:34722] returns group-9DA71D5C210A:java.util.concurrent.CompletableFuture@4e80634c[Not completed]
2019-11-14 19:59:15,355 [pool-589-thread-1] INFO  impl.RaftServerImpl (RaftServerImpl.java:<init>(98)) - 909799b4-01f9-4409-9e01-df516dc8a9f9: new RaftServerImpl for group-9DA71D5C210A:[909799b4-01f9-4409-9e01-df516dc8a9f9:192.168.157.219:34722] with ContainerStateMachine:uninitialized
2019-11-14 19:59:15,355 [pool-589-thread-1] INFO  server.RaftServerConfigKeys (ConfUtils.java:logGet(43)) - raft.server.rpc.timeout.min = 1s (custom)
2019-11-14 19:59:15,355 [pool-589-thread-1] INFO  server.RaftServerConfigKeys (ConfUtils.java:logGet(43)) - raft.server.rpc.timeout.max = 1200ms (custom)
2019-11-14 19:59:15,355 [pool-589-thread-1] INFO  server.RaftServerConfigKeys (ConfUtils.java:logGet(43)) - raft.server.rpcslowness.timeout = 120s (custom)
2019-11-14 19:59:15,356 [pool-589-thread-1] INFO  server.RaftServerConfigKeys (ConfUtils.java:logGet(43)) - raft.server.sleep.deviation.threshold = 300 (default)
2019-11-14 19:59:15,356 [pool-589-thread-1] INFO  server.RaftServerConfigKeys (ConfUtils.java:logGet(43)) - raft.server.log.appender.install.snapshot.enabled = false (custom)
2019-11-14 19:59:15,356 [pool-589-thread-1] INFO  impl.RaftServerImpl (ServerState.java:<init>(103)) - 909799b4-01f9-4409-9e01-df516dc8a9f9@group-9DA71D5C210A: ConfigurationManager, init=-1: [909799b4-01f9-4409-9e01-df516dc8a9f9:192.168.157.219:34722], old=null, confs=<EMPTY_MAP>
2019-11-14 19:59:15,356 [pool-589-thread-1] INFO  server.RaftServerConfigKeys (ConfUtils.java:logGet(43)) - raft.server.storage.dir = [/workdir/hadoop-ozone/integration-test/target/test-dir/MiniOzoneClusterImpl-df23ed15-4459-4301-a988-82089ad70e13/datanode-8/data/ratis] (custom)
2019-11-14 19:59:15,356 [pool-589-thread-1] INFO  server.RaftServerConfigKeys (ConfUtils.java:logGet(43)) - raft.server.log.corruption.policy = EXCEPTION (default)
2019-11-14 19:59:15,356 [pool-589-thread-1] INFO  storage.RaftStorageDirectory (RaftStorageDirectory.java:analyzeStorage(246)) - The storage directory /workdir/hadoop-ozone/integration-test/target/test-dir/MiniOzoneClusterImpl-df23ed15-4459-4301-a988-82089ad70e13/datanode-8/data/ratis/94f113ac-78be-4eb0-b51e-9da71d5c210a does not exist. Creating ...
2019-11-14 19:59:15,379 [pool-589-thread-1] INFO  storage.RaftStorageDirectory (RaftStorageDirectory.java:tryLock(328)) - Lock on /workdir/hadoop-ozone/integration-test/target/test-dir/MiniOzoneClusterImpl-df23ed15-4459-4301-a988-82089ad70e13/datanode-8/data/ratis/94f113ac-78be-4eb0-b51e-9da71d5c210a/in_use.lock acquired by nodename 9468@pr-hdds-2489-n52xc-1246314526
2019-11-14 19:59:15,386 [IPC Server handler 3 on 39924] INFO  net.NetworkTopology (NetworkTopologyImpl.java:add(111)) - Added a new node: /rack1/60fc2306-005b-4da9-bff6-f0a04ff2f155
2019-11-14 19:59:15,386 [IPC Server handler 3 on 39924] INFO  node.SCMNodeManager (SCMNodeManager.java:register(267)) - Registered Data node : 60fc2306-005b-4da9-bff6-f0a04ff2f155{ip: 192.168.157.219, host: pr-hdds-2489-n52xc-1246314526, networkLocation: /rack1, certSerialId: null}
2019-11-14 19:59:15,400 [pool-589-thread-1] INFO  storage.RaftStorage (RaftStorage.java:format(84)) - Storage directory /workdir/hadoop-ozone/integration-test/target/test-dir/MiniOzoneClusterImpl-df23ed15-4459-4301-a988-82089ad70e13/datanode-8/data/ratis/94f113ac-78be-4eb0-b51e-9da71d5c210a has been successfully formatted.
2019-11-14 19:59:15,401 [pool-589-thread-1] INFO  ratis.ContainerStateMachine (ContainerStateMachine.java:loadSnapshot(223)) - group-9DA71D5C210A: The snapshot info is null. Setting the last applied indexto:(t:0, i:~)
2019-11-14 19:59:15,401 [pool-589-thread-1] INFO  server.RaftServerConfigKeys (ConfUtils.java:logGet(43)) - raft.server.notification.no-leader.timeout = 120s (custom)
2019-11-14 19:59:15,401 [pool-589-thread-1] INFO  server.RaftServerConfigKeys (ConfUtils.java:logGet(43)) - raft.server.log.use.memory = false (default)
2019-11-14 19:59:15,401 [pool-589-thread-1] INFO  server.RaftServerConfigKeys (ConfUtils.java:logGet(43)) - raft.server.log.purge.gap = 1000000 (custom)
2019-11-14 19:59:15,401 [pool-589-thread-1] INFO  server.RaftServerConfigKeys (ConfUtils.java:logGet(43)) - raft.server.log.appender.buffer.byte-limit = 33554432 (custom)
2019-11-14 19:59:15,401 [pool-589-thread-1] INFO  server.RaftServerConfigKeys (ConfUtils.java:logGet(43)) - raft.server.log.segment.size.max = 1048576 (custom)
2019-11-14 19:59:15,401 [pool-589-thread-1] WARN  impl.MetricRegistriesImpl (MetricRegistriesImpl.java:lambda$create$1(61)) - First MetricRegistry has been created without registering reporters. You may need to call MetricRegistries.global().addReportRegistration(...) before.
2019-11-14 19:59:15,401 [pool-589-thread-1] INFO  server.RaftServerConfigKeys (ConfUtils.java:logGet(43)) - raft.server.log.segment.cache.num.max = 2 (custom)
2019-11-14 19:59:15,401 [pool-589-thread-1] INFO  segmented.SegmentedRaftLogWorker (SegmentedRaftLogWorker.java:<init>(173)) - new 909799b4-01f9-4409-9e01-df516dc8a9f9@group-9DA71D5C210A-SegmentedRaftLogWorker for RaftStorage:Storage Directory /workdir/hadoop-ozone/integration-test/target/test-dir/MiniOzoneClusterImpl-df23ed15-4459-4301-a988-82089ad70e13/datanode-8/data/ratis/94f113ac-78be-4eb0-b51e-9da71d5c210a
2019-11-14 19:59:15,402 [pool-589-thread-1] INFO  server.RaftServerConfigKeys (ConfUtils.java:logGet(43)) - raft.server.log.queue.byte-limit = 2147483647 (custom)
2019-11-14 19:59:15,402 [pool-589-thread-1] INFO  server.RaftServerConfigKeys (ConfUtils.java:logGet(43)) - raft.server.log.queue.element-limit = 1024 (custom)
2019-11-14 19:59:15,402 [pool-589-thread-1] INFO  server.RaftServerConfigKeys (ConfUtils.java:logGet(43)) - raft.server.log.segment.size.max = 1048576 (custom)
2019-11-14 19:59:15,402 [pool-589-thread-1] INFO  server.RaftServerConfigKeys (ConfUtils.java:logGet(43)) - raft.server.log.preallocated.size = 16384 (custom)
2019-11-14 19:59:15,402 [pool-589-thread-1] INFO  server.RaftServerConfigKeys (ConfUtils.java:logGet(43)) - raft.server.log.write.buffer.size = 33554432 (custom)
2019-11-14 19:59:15,402 [pool-589-thread-1] INFO  server.RaftServerConfigKeys (ConfUtils.java:logGet(43)) - raft.server.log.force.sync.num = 128 (default)
2019-11-14 19:59:15,402 [pool-589-thread-1] INFO  server.RaftServerConfigKeys (ConfUtils.java:logGet(43)) - raft.server.log.statemachine.data.sync = true (default)
2019-11-14 19:59:15,402 [pool-589-thread-1] INFO  server.RaftServerConfigKeys (ConfUtils.java:logGet(43)) - raft.server.log.statemachine.data.sync.timeout = 10s (default)
2019-11-14 19:59:15,402 [pool-589-thread-1] INFO  server.RaftServerConfigKeys (ConfUtils.java:logGet(43)) - raft.server.log.statemachine.data.sync.timeout.retry = -1 (default)
2019-11-14 19:59:15,402 [pool-589-thread-1] INFO  server.RaftServerConfigKeys (ConfUtils.java:logGet(43)) - raft.server.log.statemachine.data.caching.enabled = true (custom)
2019-11-14 19:59:15,402 [pool-589-thread-1] INFO  segmented.SegmentedRaftLogWorker (SegmentedRaftLogWorker.java:lambda$new$0(128)) - 909799b4-01f9-4409-9e01-df516dc8a9f9@group-9DA71D5C210A-SegmentedRaftLogWorker: flushIndex: setUnconditionally 0 -> -1
2019-11-14 19:59:15,403 [pool-589-thread-1] INFO  server.RaftServerConfigKeys (ConfUtils.java:logGet(43)) - raft.server.snapshot.auto.trigger.enabled = true (custom)
2019-11-14 19:59:15,403 [pool-589-thread-1] INFO  server.RaftServerConfigKeys (ConfUtils.java:logGet(43)) - raft.server.snapshot.auto.trigger.threshold = 10000 (custom)
2019-11-14 19:59:15,403 [pool-589-thread-1] INFO  server.RaftServerConfigKeys (ConfUtils.java:logGet(43)) - raft.server.snapshot.retention.file.num = 5 (custom)
2019-11-14 19:59:15,403 [pool-589-thread-1] INFO  server.RaftServerConfigKeys (ConfUtils.java:logGet(43)) - raft.server.retrycache.expirytime = 600000ms (custom)
2019-11-14 19:59:15,403 [pool-589-thread-1] WARN  impl.MetricRegistriesImpl (MetricRegistriesImpl.java:lambda$create$1(61)) - First MetricRegistry has been created without registering reporters. You may need to call MetricRegistries.global().addReportRegistration(...) before.
2019-11-14 19:59:15,403 [pool-589-thread-1] WARN  impl.MetricRegistriesImpl (MetricRegistriesImpl.java:lambda$create$1(61)) - First MetricRegistry has been created without registering reporters. You may need to call MetricRegistries.global().addReportRegistration(...) before.
2019-11-14 19:59:15,403 [pool-589-thread-1] INFO  impl.RaftServerImpl (RaftServerImpl.java:start(184)) - 909799b4-01f9-4409-9e01-df516dc8a9f9@group-9DA71D5C210A: start as a follower, conf=-1: [909799b4-01f9-4409-9e01-df516dc8a9f9:192.168.157.219:34722], old=null
2019-11-14 19:59:15,403 [pool-589-thread-1] INFO  impl.RaftServerImpl (RaftServerImpl.java:setRole(173)) - 909799b4-01f9-4409-9e01-df516dc8a9f9@group-9DA71D5C210A: changes role from      null to FOLLOWER at term 0 for startAsFollower
2019-11-14 19:59:15,403 [pool-589-thread-1] INFO  impl.RoleInfo (RoleInfo.java:updateAndGet(143)) - 909799b4-01f9-4409-9e01-df516dc8a9f9: start FollowerState
2019-11-14 19:59:15,404 [pool-589-thread-1] INFO  util.JmxRegister (JmxRegister.java:tryRegister(44)) - Successfully registered JMX Bean with object name Ratis:service=RaftServer,group=group-9DA71D5C210A,id=909799b4-01f9-4409-9e01-df516dc8a9f9
2019-11-14 19:59:15,404 [pool-589-thread-1] WARN  impl.MetricRegistriesImpl (MetricRegistriesImpl.java:lambda$create$1(61)) - First MetricRegistry has been created without registering reporters. You may need to call MetricRegistries.global().addReportRegistration(...) before.
2019-11-14 19:59:15,406 [RatisPipelineUtilsThread] INFO  pipeline.PipelineStateManager (PipelineStateManager.java:addPipeline(55)) - Created pipeline Pipeline[ Id: 94f113ac-78be-4eb0-b51e-9da71d5c210a, Nodes: 909799b4-01f9-4409-9e01-df516dc8a9f9{ip: 192.168.157.219, host: pr-hdds-2489-n52xc-1246314526, networkLocation: /rack1, certSerialId: null}, Type:RATIS, Factor:ONE, State:ALLOCATED]
2019-11-14 19:59:15,411 [grpc-default-executor-9] INFO  impl.RaftServerProxy (RaftServerProxy.java:addNew(89)) - 60fc2306-005b-4da9-bff6-f0a04ff2f155: addNew group-22A6E53E15B0:[60fc2306-005b-4da9-bff6-f0a04ff2f155:192.168.157.219:33304] returns group-22A6E53E15B0:java.util.concurrent.CompletableFuture@6acf07c2[Not completed]
2019-11-14 19:59:15,412 [pool-599-thread-1] INFO  impl.RaftServerImpl (RaftServerImpl.java:<init>(98)) - 60fc2306-005b-4da9-bff6-f0a04ff2f155: new RaftServerImpl for group-22A6E53E15B0:[60fc2306-005b-4da9-bff6-f0a04ff2f155:192.168.157.219:33304] with ContainerStateMachine:uninitialized
2019-11-14 19:59:15,412 [pool-599-thread-1] INFO  server.RaftServerConfigKeys (ConfUtils.java:logGet(43)) - raft.server.rpc.timeout.min = 1s (custom)
2019-11-14 19:59:15,412 [pool-599-thread-1] INFO  server.RaftServerConfigKeys (ConfUtils.java:logGet(43)) - raft.server.rpc.timeout.max = 1200ms (custom)
2019-11-14 19:59:15,413 [pool-599-thread-1] INFO  server.RaftServerConfigKeys (ConfUtils.java:logGet(43)) - raft.server.rpcslowness.timeout = 120s (custom)
2019-11-14 19:59:15,413 [pool-599-thread-1] INFO  server.RaftServerConfigKeys (ConfUtils.java:logGet(43)) - raft.server.sleep.deviation.threshold = 300 (default)
2019-11-14 19:59:15,413 [pool-599-thread-1] INFO  server.RaftServerConfigKeys (ConfUtils.java:logGet(43)) - raft.server.log.appender.install.snapshot.enabled = false (custom)
2019-11-14 19:59:15,413 [pool-599-thread-1] INFO  impl.RaftServerImpl (ServerState.java:<init>(103)) - 60fc2306-005b-4da9-bff6-f0a04ff2f155@group-22A6E53E15B0: ConfigurationManager, init=-1: [60fc2306-005b-4da9-bff6-f0a04ff2f155:192.168.157.219:33304], old=null, confs=<EMPTY_MAP>
2019-11-14 19:59:15,413 [pool-599-thread-1] INFO  server.RaftServerConfigKeys (ConfUtils.java:logGet(43)) - raft.server.storage.dir = [/workdir/hadoop-ozone/integration-test/target/test-dir/MiniOzoneClusterImpl-df23ed15-4459-4301-a988-82089ad70e13/datanode-9/data/ratis] (custom)
2019-11-14 19:59:15,413 [pool-599-thread-1] INFO  server.RaftServerConfigKeys (ConfUtils.java:logGet(43)) - raft.server.log.corruption.policy = EXCEPTION (default)
2019-11-14 19:59:15,413 [pool-599-thread-1] INFO  storage.RaftStorageDirectory (RaftStorageDirectory.java:analyzeStorage(246)) - The storage directory /workdir/hadoop-ozone/integration-test/target/test-dir/MiniOzoneClusterImpl-df23ed15-4459-4301-a988-82089ad70e13/datanode-9/data/ratis/84f139eb-8ef5-4a30-8bd8-22a6e53e15b0 does not exist. Creating ...
2019-11-14 19:59:15,450 [pool-599-thread-1] INFO  storage.RaftStorageDirectory (RaftStorageDirectory.java:tryLock(328)) - Lock on /workdir/hadoop-ozone/integration-test/target/test-dir/MiniOzoneClusterImpl-df23ed15-4459-4301-a988-82089ad70e13/datanode-9/data/ratis/84f139eb-8ef5-4a30-8bd8-22a6e53e15b0/in_use.lock acquired by nodename 9468@pr-hdds-2489-n52xc-1246314526
2019-11-14 19:59:15,475 [pool-599-thread-1] INFO  storage.RaftStorage (RaftStorage.java:format(84)) - Storage directory /workdir/hadoop-ozone/integration-test/target/test-dir/MiniOzoneClusterImpl-df23ed15-4459-4301-a988-82089ad70e13/datanode-9/data/ratis/84f139eb-8ef5-4a30-8bd8-22a6e53e15b0 has been successfully formatted.
2019-11-14 19:59:15,476 [pool-599-thread-1] INFO  ratis.ContainerStateMachine (ContainerStateMachine.java:loadSnapshot(223)) - group-22A6E53E15B0: The snapshot info is null. Setting the last applied indexto:(t:0, i:~)
2019-11-14 19:59:15,476 [pool-599-thread-1] INFO  server.RaftServerConfigKeys (ConfUtils.java:logGet(43)) - raft.server.notification.no-leader.timeout = 120s (custom)
2019-11-14 19:59:15,476 [pool-599-thread-1] INFO  server.RaftServerConfigKeys (ConfUtils.java:logGet(43)) - raft.server.log.use.memory = false (default)
2019-11-14 19:59:15,476 [pool-599-thread-1] INFO  server.RaftServerConfigKeys (ConfUtils.java:logGet(43)) - raft.server.log.purge.gap = 1000000 (custom)
2019-11-14 19:59:15,476 [pool-599-thread-1] INFO  server.RaftServerConfigKeys (ConfUtils.java:logGet(43)) - raft.server.log.appender.buffer.byte-limit = 33554432 (custom)
2019-11-14 19:59:15,476 [pool-599-thread-1] INFO  server.RaftServerConfigKeys (ConfUtils.java:logGet(43)) - raft.server.log.segment.size.max = 1048576 (custom)
2019-11-14 19:59:15,476 [pool-599-thread-1] WARN  impl.MetricRegistriesImpl (MetricRegistriesImpl.java:lambda$create$1(61)) - First MetricRegistry has been created without registering reporters. You may need to call MetricRegistries.global().addReportRegistration(...) before.
2019-11-14 19:59:15,476 [pool-599-thread-1] INFO  server.RaftServerConfigKeys (ConfUtils.java:logGet(43)) - raft.server.log.segment.cache.num.max = 2 (custom)
2019-11-14 19:59:15,476 [pool-599-thread-1] INFO  segmented.SegmentedRaftLogWorker (SegmentedRaftLogWorker.java:<init>(173)) - new 60fc2306-005b-4da9-bff6-f0a04ff2f155@group-22A6E53E15B0-SegmentedRaftLogWorker for RaftStorage:Storage Directory /workdir/hadoop-ozone/integration-test/target/test-dir/MiniOzoneClusterImpl-df23ed15-4459-4301-a988-82089ad70e13/datanode-9/data/ratis/84f139eb-8ef5-4a30-8bd8-22a6e53e15b0
2019-11-14 19:59:15,476 [pool-599-thread-1] INFO  server.RaftServerConfigKeys (ConfUtils.java:logGet(43)) - raft.server.log.queue.byte-limit = 2147483647 (custom)
2019-11-14 19:59:15,476 [pool-599-thread-1] INFO  server.RaftServerConfigKeys (ConfUtils.java:logGet(43)) - raft.server.log.queue.element-limit = 1024 (custom)
2019-11-14 19:59:15,477 [pool-599-thread-1] INFO  server.RaftServerConfigKeys (ConfUtils.java:logGet(43)) - raft.server.log.segment.size.max = 1048576 (custom)
2019-11-14 19:59:15,477 [pool-599-thread-1] INFO  server.RaftServerConfigKeys (ConfUtils.java:logGet(43)) - raft.server.log.preallocated.size = 16384 (custom)
2019-11-14 19:59:15,477 [pool-599-thread-1] INFO  server.RaftServerConfigKeys (ConfUtils.java:logGet(43)) - raft.server.log.write.buffer.size = 33554432 (custom)
2019-11-14 19:59:15,477 [pool-599-thread-1] INFO  server.RaftServerConfigKeys (ConfUtils.java:logGet(43)) - raft.server.log.force.sync.num = 128 (default)
2019-11-14 19:59:15,477 [pool-599-thread-1] INFO  server.RaftServerConfigKeys (ConfUtils.java:logGet(43)) - raft.server.log.statemachine.data.sync = true (default)
2019-11-14 19:59:15,477 [pool-599-thread-1] INFO  server.RaftServerConfigKeys (ConfUtils.java:logGet(43)) - raft.server.log.statemachine.data.sync.timeout = 10s (default)
2019-11-14 19:59:15,477 [pool-599-thread-1] INFO  server.RaftServerConfigKeys (ConfUtils.java:logGet(43)) - raft.server.log.statemachine.data.sync.timeout.retry = -1 (default)
2019-11-14 19:59:15,477 [pool-599-thread-1] INFO  server.RaftServerConfigKeys (ConfUtils.java:logGet(43)) - raft.server.log.statemachine.data.caching.enabled = true (custom)
2019-11-14 19:59:15,477 [pool-599-thread-1] INFO  segmented.SegmentedRaftLogWorker (SegmentedRaftLogWorker.java:lambda$new$0(128)) - 60fc2306-005b-4da9-bff6-f0a04ff2f155@group-22A6E53E15B0-SegmentedRaftLogWorker: flushIndex: setUnconditionally 0 -> -1
2019-11-14 19:59:15,478 [pool-599-thread-1] INFO  server.RaftServerConfigKeys (ConfUtils.java:logGet(43)) - raft.server.snapshot.auto.trigger.enabled = true (custom)
2019-11-14 19:59:15,478 [pool-599-thread-1] INFO  server.RaftServerConfigKeys (ConfUtils.java:logGet(43)) - raft.server.snapshot.auto.trigger.threshold = 10000 (custom)
2019-11-14 19:59:15,478 [pool-599-thread-1] INFO  server.RaftServerConfigKeys (ConfUtils.java:logGet(43)) - raft.server.snapshot.retention.file.num = 5 (custom)
2019-11-14 19:59:15,478 [pool-599-thread-1] INFO  server.RaftServerConfigKeys (ConfUtils.java:logGet(43)) - raft.server.retrycache.expirytime = 600000ms (custom)
2019-11-14 19:59:15,478 [pool-599-thread-1] WARN  impl.MetricRegistriesImpl (MetricRegistriesImpl.java:lambda$create$1(61)) - First MetricRegistry has been created without registering reporters. You may need to call MetricRegistries.global().addReportRegistration(...) before.
2019-11-14 19:59:15,478 [pool-599-thread-1] WARN  impl.MetricRegistriesImpl (MetricRegistriesImpl.java:lambda$create$1(61)) - First MetricRegistry has been created without registering reporters. You may need to call MetricRegistries.global().addReportRegistration(...) before.
2019-11-14 19:59:15,478 [pool-599-thread-1] INFO  impl.RaftServerImpl (RaftServerImpl.java:start(184)) - 60fc2306-005b-4da9-bff6-f0a04ff2f155@group-22A6E53E15B0: start as a follower, conf=-1: [60fc2306-005b-4da9-bff6-f0a04ff2f155:192.168.157.219:33304], old=null
2019-11-14 19:59:15,478 [pool-599-thread-1] INFO  impl.RaftServerImpl (RaftServerImpl.java:setRole(173)) - 60fc2306-005b-4da9-bff6-f0a04ff2f155@group-22A6E53E15B0: changes role from      null to FOLLOWER at term 0 for startAsFollower
2019-11-14 19:59:15,478 [pool-599-thread-1] INFO  impl.RoleInfo (RoleInfo.java:updateAndGet(143)) - 60fc2306-005b-4da9-bff6-f0a04ff2f155: start FollowerState
2019-11-14 19:59:15,479 [pool-599-thread-1] INFO  util.JmxRegister (JmxRegister.java:tryRegister(44)) - Successfully registered JMX Bean with object name Ratis:service=RaftServer,group=group-22A6E53E15B0,id=60fc2306-005b-4da9-bff6-f0a04ff2f155
2019-11-14 19:59:15,479 [pool-599-thread-1] WARN  impl.MetricRegistriesImpl (MetricRegistriesImpl.java:lambda$create$1(61)) - First MetricRegistry has been created without registering reporters. You may need to call MetricRegistries.global().addReportRegistration(...) before.
2019-11-14 19:59:15,481 [RatisPipelineUtilsThread] INFO  pipeline.PipelineStateManager (PipelineStateManager.java:addPipeline(55)) - Created pipeline Pipeline[ Id: 84f139eb-8ef5-4a30-8bd8-22a6e53e15b0, Nodes: 60fc2306-005b-4da9-bff6-f0a04ff2f155{ip: 192.168.157.219, host: pr-hdds-2489-n52xc-1246314526, networkLocation: /rack1, certSerialId: null}, Type:RATIS, Factor:ONE, State:ALLOCATED]
2019-11-14 19:59:15,487 [grpc-default-executor-9] INFO  impl.RaftServerProxy (RaftServerProxy.java:addNew(89)) - 11eb2ad5-5554-4104-ae21-9c50fee78495: addNew group-F697CC2B2D9D:[11eb2ad5-5554-4104-ae21-9c50fee78495:192.168.157.219:38209] returns group-F697CC2B2D9D:java.util.concurrent.CompletableFuture@29da7a1a[Not completed]
2019-11-14 19:59:15,488 [pool-559-thread-1] INFO  impl.RaftServerImpl (RaftServerImpl.java:<init>(98)) - 11eb2ad5-5554-4104-ae21-9c50fee78495: new RaftServerImpl for group-F697CC2B2D9D:[11eb2ad5-5554-4104-ae21-9c50fee78495:192.168.157.219:38209] with ContainerStateMachine:uninitialized
2019-11-14 19:59:15,488 [pool-559-thread-1] INFO  server.RaftServerConfigKeys (ConfUtils.java:logGet(43)) - raft.server.rpc.timeout.min = 1s (custom)
2019-11-14 19:59:15,488 [pool-559-thread-1] INFO  server.RaftServerConfigKeys (ConfUtils.java:logGet(43)) - raft.server.rpc.timeout.max = 1200ms (custom)
2019-11-14 19:59:15,488 [pool-559-thread-1] INFO  server.RaftServerConfigKeys (ConfUtils.java:logGet(43)) - raft.server.rpcslowness.timeout = 120s (custom)
2019-11-14 19:59:15,488 [pool-559-thread-1] INFO  server.RaftServerConfigKeys (ConfUtils.java:logGet(43)) - raft.server.sleep.deviation.threshold = 300 (default)
2019-11-14 19:59:15,488 [pool-559-thread-1] INFO  server.RaftServerConfigKeys (ConfUtils.java:logGet(43)) - raft.server.log.appender.install.snapshot.enabled = false (custom)
2019-11-14 19:59:15,488 [pool-559-thread-1] INFO  impl.RaftServerImpl (ServerState.java:<init>(103)) - 11eb2ad5-5554-4104-ae21-9c50fee78495@group-F697CC2B2D9D: ConfigurationManager, init=-1: [11eb2ad5-5554-4104-ae21-9c50fee78495:192.168.157.219:38209], old=null, confs=<EMPTY_MAP>
2019-11-14 19:59:15,488 [pool-559-thread-1] INFO  server.RaftServerConfigKeys (ConfUtils.java:logGet(43)) - raft.server.storage.dir = [/workdir/hadoop-ozone/integration-test/target/test-dir/MiniOzoneClusterImpl-df23ed15-4459-4301-a988-82089ad70e13/datanode-5/data/ratis] (custom)
2019-11-14 19:59:15,488 [pool-559-thread-1] INFO  server.RaftServerConfigKeys (ConfUtils.java:logGet(43)) - raft.server.log.corruption.policy = EXCEPTION (default)
2019-11-14 19:59:15,489 [pool-559-thread-1] INFO  storage.RaftStorageDirectory (RaftStorageDirectory.java:analyzeStorage(246)) - The storage directory /workdir/hadoop-ozone/integration-test/target/test-dir/MiniOzoneClusterImpl-df23ed15-4459-4301-a988-82089ad70e13/datanode-5/data/ratis/2e29f86e-9f00-431d-9f1b-f697cc2b2d9d does not exist. Creating ...
2019-11-14 19:59:15,526 [pool-559-thread-1] INFO  storage.RaftStorageDirectory (RaftStorageDirectory.java:tryLock(328)) - Lock on /workdir/hadoop-ozone/integration-test/target/test-dir/MiniOzoneClusterImpl-df23ed15-4459-4301-a988-82089ad70e13/datanode-5/data/ratis/2e29f86e-9f00-431d-9f1b-f697cc2b2d9d/in_use.lock acquired by nodename 9468@pr-hdds-2489-n52xc-1246314526
2019-11-14 19:59:15,551 [pool-559-thread-1] INFO  storage.RaftStorage (RaftStorage.java:format(84)) - Storage directory /workdir/hadoop-ozone/integration-test/target/test-dir/MiniOzoneClusterImpl-df23ed15-4459-4301-a988-82089ad70e13/datanode-5/data/ratis/2e29f86e-9f00-431d-9f1b-f697cc2b2d9d has been successfully formatted.
2019-11-14 19:59:15,551 [pool-559-thread-1] INFO  ratis.ContainerStateMachine (ContainerStateMachine.java:loadSnapshot(223)) - group-F697CC2B2D9D: The snapshot info is null. Setting the last applied indexto:(t:0, i:~)
2019-11-14 19:59:15,552 [pool-559-thread-1] INFO  server.RaftServerConfigKeys (ConfUtils.java:logGet(43)) - raft.server.notification.no-leader.timeout = 120s (custom)
2019-11-14 19:59:15,552 [pool-559-thread-1] INFO  server.RaftServerConfigKeys (ConfUtils.java:logGet(43)) - raft.server.log.use.memory = false (default)
2019-11-14 19:59:15,552 [pool-559-thread-1] INFO  server.RaftServerConfigKeys (ConfUtils.java:logGet(43)) - raft.server.log.purge.gap = 1000000 (custom)
2019-11-14 19:59:15,552 [pool-559-thread-1] INFO  server.RaftServerConfigKeys (ConfUtils.java:logGet(43)) - raft.server.log.appender.buffer.byte-limit = 33554432 (custom)
2019-11-14 19:59:15,552 [pool-559-thread-1] INFO  server.RaftServerConfigKeys (ConfUtils.java:logGet(43)) - raft.server.log.segment.size.max = 1048576 (custom)
2019-11-14 19:59:15,552 [pool-559-thread-1] WARN  impl.MetricRegistriesImpl (MetricRegistriesImpl.java:lambda$create$1(61)) - First MetricRegistry has been created without registering reporters. You may need to call MetricRegistries.global().addReportRegistration(...) before.
2019-11-14 19:59:15,552 [pool-559-thread-1] INFO  server.RaftServerConfigKeys (ConfUtils.java:logGet(43)) - raft.server.log.segment.cache.num.max = 2 (custom)
2019-11-14 19:59:15,552 [pool-559-thread-1] INFO  segmented.SegmentedRaftLogWorker (SegmentedRaftLogWorker.java:<init>(173)) - new 11eb2ad5-5554-4104-ae21-9c50fee78495@group-F697CC2B2D9D-SegmentedRaftLogWorker for RaftStorage:Storage Directory /workdir/hadoop-ozone/integration-test/target/test-dir/MiniOzoneClusterImpl-df23ed15-4459-4301-a988-82089ad70e13/datanode-5/data/ratis/2e29f86e-9f00-431d-9f1b-f697cc2b2d9d
2019-11-14 19:59:15,552 [pool-559-thread-1] INFO  server.RaftServerConfigKeys (ConfUtils.java:logGet(43)) - raft.server.log.queue.byte-limit = 2147483647 (custom)
2019-11-14 19:59:15,552 [pool-559-thread-1] INFO  server.RaftServerConfigKeys (ConfUtils.java:logGet(43)) - raft.server.log.queue.element-limit = 1024 (custom)
2019-11-14 19:59:15,552 [pool-559-thread-1] INFO  server.RaftServerConfigKeys (ConfUtils.java:logGet(43)) - raft.server.log.segment.size.max = 1048576 (custom)
2019-11-14 19:59:15,552 [pool-559-thread-1] INFO  server.RaftServerConfigKeys (ConfUtils.java:logGet(43)) - raft.server.log.preallocated.size = 16384 (custom)
2019-11-14 19:59:15,552 [pool-559-thread-1] INFO  server.RaftServerConfigKeys (ConfUtils.java:logGet(43)) - raft.server.log.write.buffer.size = 33554432 (custom)
2019-11-14 19:59:15,552 [pool-559-thread-1] INFO  server.RaftServerConfigKeys (ConfUtils.java:logGet(43)) - raft.server.log.force.sync.num = 128 (default)
2019-11-14 19:59:15,553 [pool-559-thread-1] INFO  server.RaftServerConfigKeys (ConfUtils.java:logGet(43)) - raft.server.log.statemachine.data.sync = true (default)
2019-11-14 19:59:15,553 [pool-559-thread-1] INFO  server.RaftServerConfigKeys (ConfUtils.java:logGet(43)) - raft.server.log.statemachine.data.sync.timeout = 10s (default)
2019-11-14 19:59:15,553 [pool-559-thread-1] INFO  server.RaftServerConfigKeys (ConfUtils.java:logGet(43)) - raft.server.log.statemachine.data.sync.timeout.retry = -1 (default)
2019-11-14 19:59:15,553 [pool-559-thread-1] INFO  server.RaftServerConfigKeys (ConfUtils.java:logGet(43)) - raft.server.log.statemachine.data.caching.enabled = true (custom)
2019-11-14 19:59:15,553 [pool-559-thread-1] INFO  segmented.SegmentedRaftLogWorker (SegmentedRaftLogWorker.java:lambda$new$0(128)) - 11eb2ad5-5554-4104-ae21-9c50fee78495@group-F697CC2B2D9D-SegmentedRaftLogWorker: flushIndex: setUnconditionally 0 -> -1
2019-11-14 19:59:15,553 [pool-559-thread-1] INFO  server.RaftServerConfigKeys (ConfUtils.java:logGet(43)) - raft.server.snapshot.auto.trigger.enabled = true (custom)
2019-11-14 19:59:15,553 [pool-559-thread-1] INFO  server.RaftServerConfigKeys (ConfUtils.java:logGet(43)) - raft.server.snapshot.auto.trigger.threshold = 10000 (custom)
2019-11-14 19:59:15,553 [pool-559-thread-1] INFO  server.RaftServerConfigKeys (ConfUtils.java:logGet(43)) - raft.server.snapshot.retention.file.num = 5 (custom)
2019-11-14 19:59:15,553 [pool-559-thread-1] INFO  server.RaftServerConfigKeys (ConfUtils.java:logGet(43)) - raft.server.retrycache.expirytime = 600000ms (custom)
2019-11-14 19:59:15,553 [pool-559-thread-1] WARN  impl.MetricRegistriesImpl (MetricRegistriesImpl.java:lambda$create$1(61)) - First MetricRegistry has been created without registering reporters. You may need to call MetricRegistries.global().addReportRegistration(...) before.
2019-11-14 19:59:15,554 [pool-559-thread-1] WARN  impl.MetricRegistriesImpl (MetricRegistriesImpl.java:lambda$create$1(61)) - First MetricRegistry has been created without registering reporters. You may need to call MetricRegistries.global().addReportRegistration(...) before.
2019-11-14 19:59:15,554 [pool-559-thread-1] INFO  impl.RaftServerImpl (RaftServerImpl.java:start(184)) - 11eb2ad5-5554-4104-ae21-9c50fee78495@group-F697CC2B2D9D: start as a follower, conf=-1: [11eb2ad5-5554-4104-ae21-9c50fee78495:192.168.157.219:38209], old=null
2019-11-14 19:59:15,554 [pool-559-thread-1] INFO  impl.RaftServerImpl (RaftServerImpl.java:setRole(173)) - 11eb2ad5-5554-4104-ae21-9c50fee78495@group-F697CC2B2D9D: changes role from      null to FOLLOWER at term 0 for startAsFollower
2019-11-14 19:59:15,554 [pool-559-thread-1] INFO  impl.RoleInfo (RoleInfo.java:updateAndGet(143)) - 11eb2ad5-5554-4104-ae21-9c50fee78495: start FollowerState
2019-11-14 19:59:15,554 [pool-559-thread-1] INFO  util.JmxRegister (JmxRegister.java:tryRegister(44)) - Successfully registered JMX Bean with object name Ratis:service=RaftServer,group=group-F697CC2B2D9D,id=11eb2ad5-5554-4104-ae21-9c50fee78495
2019-11-14 19:59:15,554 [pool-559-thread-1] WARN  impl.MetricRegistriesImpl (MetricRegistriesImpl.java:lambda$create$1(61)) - First MetricRegistry has been created without registering reporters. You may need to call MetricRegistries.global().addReportRegistration(...) before.
2019-11-14 19:59:15,556 [RatisPipelineUtilsThread] INFO  pipeline.PipelineStateManager (PipelineStateManager.java:addPipeline(55)) - Created pipeline Pipeline[ Id: 2e29f86e-9f00-431d-9f1b-f697cc2b2d9d, Nodes: 11eb2ad5-5554-4104-ae21-9c50fee78495{ip: 192.168.157.219, host: pr-hdds-2489-n52xc-1246314526, networkLocation: /rack1, certSerialId: null}, Type:RATIS, Factor:ONE, State:ALLOCATED]
2019-11-14 19:59:15,571 [grpc-default-executor-8] INFO  impl.RaftServerProxy (RaftServerProxy.java:addNew(89)) - 909799b4-01f9-4409-9e01-df516dc8a9f9: addNew group-8FE4779757E8:[60fc2306-005b-4da9-bff6-f0a04ff2f155:192.168.157.219:33304, 909799b4-01f9-4409-9e01-df516dc8a9f9:192.168.157.219:34722, e8061cfc-e634-4005-9186-8f9a3cdc71ed:192.168.157.219:37108] returns group-8FE4779757E8:java.util.concurrent.CompletableFuture@5e95d7ae[Not completed]
2019-11-14 19:59:15,571 [grpc-default-executor-9] INFO  impl.RaftServerProxy (RaftServerProxy.java:addNew(89)) - 60fc2306-005b-4da9-bff6-f0a04ff2f155: addNew group-8FE4779757E8:[60fc2306-005b-4da9-bff6-f0a04ff2f155:192.168.157.219:33304, 909799b4-01f9-4409-9e01-df516dc8a9f9:192.168.157.219:34722, e8061cfc-e634-4005-9186-8f9a3cdc71ed:192.168.157.219:37108] returns group-8FE4779757E8:java.util.concurrent.CompletableFuture@58dcab74[Not completed]
2019-11-14 19:59:15,571 [grpc-default-executor-5] INFO  impl.RaftServerProxy (RaftServerProxy.java:addNew(89)) - e8061cfc-e634-4005-9186-8f9a3cdc71ed: addNew group-8FE4779757E8:[60fc2306-005b-4da9-bff6-f0a04ff2f155:192.168.157.219:33304, 909799b4-01f9-4409-9e01-df516dc8a9f9:192.168.157.219:34722, e8061cfc-e634-4005-9186-8f9a3cdc71ed:192.168.157.219:37108] returns group-8FE4779757E8:java.util.concurrent.CompletableFuture@13b3f9cc[Not completed]
2019-11-14 19:59:15,572 [pool-579-thread-1] INFO  impl.RaftServerImpl (RaftServerImpl.java:<init>(98)) - e8061cfc-e634-4005-9186-8f9a3cdc71ed: new RaftServerImpl for group-8FE4779757E8:[60fc2306-005b-4da9-bff6-f0a04ff2f155:192.168.157.219:33304, 909799b4-01f9-4409-9e01-df516dc8a9f9:192.168.157.219:34722, e8061cfc-e634-4005-9186-8f9a3cdc71ed:192.168.157.219:37108] with ContainerStateMachine:uninitialized
2019-11-14 19:59:15,572 [pool-579-thread-1] INFO  server.RaftServerConfigKeys (ConfUtils.java:logGet(43)) - raft.server.rpc.timeout.min = 1s (custom)
2019-11-14 19:59:15,572 [pool-579-thread-1] INFO  server.RaftServerConfigKeys (ConfUtils.java:logGet(43)) - raft.server.rpc.timeout.max = 1200ms (custom)
2019-11-14 19:59:15,572 [pool-579-thread-1] INFO  server.RaftServerConfigKeys (ConfUtils.java:logGet(43)) - raft.server.rpcslowness.timeout = 120s (custom)
2019-11-14 19:59:15,572 [pool-579-thread-1] INFO  server.RaftServerConfigKeys (ConfUtils.java:logGet(43)) - raft.server.sleep.deviation.threshold = 300 (default)
2019-11-14 19:59:15,572 [pool-579-thread-1] INFO  server.RaftServerConfigKeys (ConfUtils.java:logGet(43)) - raft.server.log.appender.install.snapshot.enabled = false (custom)
2019-11-14 19:59:15,572 [pool-599-thread-1] INFO  impl.RaftServerImpl (RaftServerImpl.java:<init>(98)) - 60fc2306-005b-4da9-bff6-f0a04ff2f155: new RaftServerImpl for group-8FE4779757E8:[60fc2306-005b-4da9-bff6-f0a04ff2f155:192.168.157.219:33304, 909799b4-01f9-4409-9e01-df516dc8a9f9:192.168.157.219:34722, e8061cfc-e634-4005-9186-8f9a3cdc71ed:192.168.157.219:37108] with ContainerStateMachine:uninitialized
2019-11-14 19:59:15,572 [pool-579-thread-1] INFO  impl.RaftServerImpl (ServerState.java:<init>(103)) - e8061cfc-e634-4005-9186-8f9a3cdc71ed@group-8FE4779757E8: ConfigurationManager, init=-1: [60fc2306-005b-4da9-bff6-f0a04ff2f155:192.168.157.219:33304, 909799b4-01f9-4409-9e01-df516dc8a9f9:192.168.157.219:34722, e8061cfc-e634-4005-9186-8f9a3cdc71ed:192.168.157.219:37108], old=null, confs=<EMPTY_MAP>
2019-11-14 19:59:15,572 [pool-599-thread-1] INFO  server.RaftServerConfigKeys (ConfUtils.java:logGet(43)) - raft.server.rpc.timeout.min = 1s (custom)
2019-11-14 19:59:15,572 [pool-579-thread-1] INFO  server.RaftServerConfigKeys (ConfUtils.java:logGet(43)) - raft.server.storage.dir = [/workdir/hadoop-ozone/integration-test/target/test-dir/MiniOzoneClusterImpl-df23ed15-4459-4301-a988-82089ad70e13/datanode-7/data/ratis] (custom)
2019-11-14 19:59:15,572 [pool-589-thread-1] INFO  impl.RaftServerImpl (RaftServerImpl.java:<init>(98)) - 909799b4-01f9-4409-9e01-df516dc8a9f9: new RaftServerImpl for group-8FE4779757E8:[60fc2306-005b-4da9-bff6-f0a04ff2f155:192.168.157.219:33304, 909799b4-01f9-4409-9e01-df516dc8a9f9:192.168.157.219:34722, e8061cfc-e634-4005-9186-8f9a3cdc71ed:192.168.157.219:37108] with ContainerStateMachine:uninitialized
2019-11-14 19:59:15,572 [pool-599-thread-1] INFO  server.RaftServerConfigKeys (ConfUtils.java:logGet(43)) - raft.server.rpc.timeout.max = 1200ms (custom)
2019-11-14 19:59:15,573 [pool-579-thread-1] INFO  server.RaftServerConfigKeys (ConfUtils.java:logGet(43)) - raft.server.log.corruption.policy = EXCEPTION (default)
2019-11-14 19:59:15,573 [pool-589-thread-1] INFO  server.RaftServerConfigKeys (ConfUtils.java:logGet(43)) - raft.server.rpc.timeout.min = 1s (custom)
2019-11-14 19:59:15,573 [pool-599-thread-1] INFO  server.RaftServerConfigKeys (ConfUtils.java:logGet(43)) - raft.server.rpcslowness.timeout = 120s (custom)
2019-11-14 19:59:15,573 [pool-579-thread-1] INFO  storage.RaftStorageDirectory (RaftStorageDirectory.java:analyzeStorage(246)) - The storage directory /workdir/hadoop-ozone/integration-test/target/test-dir/MiniOzoneClusterImpl-df23ed15-4459-4301-a988-82089ad70e13/datanode-7/data/ratis/2a695022-9cdb-4976-9dad-8fe4779757e8 does not exist. Creating ...
2019-11-14 19:59:15,573 [pool-589-thread-1] INFO  server.RaftServerConfigKeys (ConfUtils.java:logGet(43)) - raft.server.rpc.timeout.max = 1200ms (custom)
2019-11-14 19:59:15,573 [pool-599-thread-1] INFO  server.RaftServerConfigKeys (ConfUtils.java:logGet(43)) - raft.server.sleep.deviation.threshold = 300 (default)
2019-11-14 19:59:15,573 [pool-589-thread-1] INFO  server.RaftServerConfigKeys (ConfUtils.java:logGet(43)) - raft.server.rpcslowness.timeout = 120s (custom)
2019-11-14 19:59:15,573 [pool-599-thread-1] INFO  server.RaftServerConfigKeys (ConfUtils.java:logGet(43)) - raft.server.log.appender.install.snapshot.enabled = false (custom)
2019-11-14 19:59:15,573 [pool-589-thread-1] INFO  server.RaftServerConfigKeys (ConfUtils.java:logGet(43)) - raft.server.sleep.deviation.threshold = 300 (default)
2019-11-14 19:59:15,573 [pool-599-thread-1] INFO  impl.RaftServerImpl (ServerState.java:<init>(103)) - 60fc2306-005b-4da9-bff6-f0a04ff2f155@group-8FE4779757E8: ConfigurationManager, init=-1: [60fc2306-005b-4da9-bff6-f0a04ff2f155:192.168.157.219:33304, 909799b4-01f9-4409-9e01-df516dc8a9f9:192.168.157.219:34722, e8061cfc-e634-4005-9186-8f9a3cdc71ed:192.168.157.219:37108], old=null, confs=<EMPTY_MAP>
2019-11-14 19:59:15,573 [pool-589-thread-1] INFO  server.RaftServerConfigKeys (ConfUtils.java:logGet(43)) - raft.server.log.appender.install.snapshot.enabled = false (custom)
2019-11-14 19:59:15,573 [pool-599-thread-1] INFO  server.RaftServerConfigKeys (ConfUtils.java:logGet(43)) - raft.server.storage.dir = [/workdir/hadoop-ozone/integration-test/target/test-dir/MiniOzoneClusterImpl-df23ed15-4459-4301-a988-82089ad70e13/datanode-9/data/ratis] (custom)
2019-11-14 19:59:15,573 [pool-589-thread-1] INFO  impl.RaftServerImpl (ServerState.java:<init>(103)) - 909799b4-01f9-4409-9e01-df516dc8a9f9@group-8FE4779757E8: ConfigurationManager, init=-1: [60fc2306-005b-4da9-bff6-f0a04ff2f155:192.168.157.219:33304, 909799b4-01f9-4409-9e01-df516dc8a9f9:192.168.157.219:34722, e8061cfc-e634-4005-9186-8f9a3cdc71ed:192.168.157.219:37108], old=null, confs=<EMPTY_MAP>
2019-11-14 19:59:15,574 [pool-589-thread-1] INFO  server.RaftServerConfigKeys (ConfUtils.java:logGet(43)) - raft.server.storage.dir = [/workdir/hadoop-ozone/integration-test/target/test-dir/MiniOzoneClusterImpl-df23ed15-4459-4301-a988-82089ad70e13/datanode-8/data/ratis] (custom)
2019-11-14 19:59:15,574 [pool-599-thread-1] INFO  server.RaftServerConfigKeys (ConfUtils.java:logGet(43)) - raft.server.log.corruption.policy = EXCEPTION (default)
2019-11-14 19:59:15,574 [pool-589-thread-1] INFO  server.RaftServerConfigKeys (ConfUtils.java:logGet(43)) - raft.server.log.corruption.policy = EXCEPTION (default)
2019-11-14 19:59:15,574 [pool-599-thread-1] INFO  storage.RaftStorageDirectory (RaftStorageDirectory.java:analyzeStorage(246)) - The storage directory /workdir/hadoop-ozone/integration-test/target/test-dir/MiniOzoneClusterImpl-df23ed15-4459-4301-a988-82089ad70e13/datanode-9/data/ratis/2a695022-9cdb-4976-9dad-8fe4779757e8 does not exist. Creating ...
2019-11-14 19:59:15,574 [pool-589-thread-1] INFO  storage.RaftStorageDirectory (RaftStorageDirectory.java:analyzeStorage(246)) - The storage directory /workdir/hadoop-ozone/integration-test/target/test-dir/MiniOzoneClusterImpl-df23ed15-4459-4301-a988-82089ad70e13/datanode-8/data/ratis/2a695022-9cdb-4976-9dad-8fe4779757e8 does not exist. Creating ...
2019-11-14 19:59:15,602 [pool-579-thread-1] INFO  storage.RaftStorageDirectory (RaftStorageDirectory.java:tryLock(328)) - Lock on /workdir/hadoop-ozone/integration-test/target/test-dir/MiniOzoneClusterImpl-df23ed15-4459-4301-a988-82089ad70e13/datanode-7/data/ratis/2a695022-9cdb-4976-9dad-8fe4779757e8/in_use.lock acquired by nodename 9468@pr-hdds-2489-n52xc-1246314526
2019-11-14 19:59:15,602 [pool-589-thread-1] INFO  storage.RaftStorageDirectory (RaftStorageDirectory.java:tryLock(328)) - Lock on /workdir/hadoop-ozone/integration-test/target/test-dir/MiniOzoneClusterImpl-df23ed15-4459-4301-a988-82089ad70e13/datanode-8/data/ratis/2a695022-9cdb-4976-9dad-8fe4779757e8/in_use.lock acquired by nodename 9468@pr-hdds-2489-n52xc-1246314526
2019-11-14 19:59:15,602 [pool-599-thread-1] INFO  storage.RaftStorageDirectory (RaftStorageDirectory.java:tryLock(328)) - Lock on /workdir/hadoop-ozone/integration-test/target/test-dir/MiniOzoneClusterImpl-df23ed15-4459-4301-a988-82089ad70e13/datanode-9/data/ratis/2a695022-9cdb-4976-9dad-8fe4779757e8/in_use.lock acquired by nodename 9468@pr-hdds-2489-n52xc-1246314526
2019-11-14 19:59:15,628 [pool-599-thread-1] INFO  storage.RaftStorage (RaftStorage.java:format(84)) - Storage directory /workdir/hadoop-ozone/integration-test/target/test-dir/MiniOzoneClusterImpl-df23ed15-4459-4301-a988-82089ad70e13/datanode-9/data/ratis/2a695022-9cdb-4976-9dad-8fe4779757e8 has been successfully formatted.
2019-11-14 19:59:15,628 [pool-579-thread-1] INFO  storage.RaftStorage (RaftStorage.java:format(84)) - Storage directory /workdir/hadoop-ozone/integration-test/target/test-dir/MiniOzoneClusterImpl-df23ed15-4459-4301-a988-82089ad70e13/datanode-7/data/ratis/2a695022-9cdb-4976-9dad-8fe4779757e8 has been successfully formatted.
2019-11-14 19:59:15,628 [pool-589-thread-1] INFO  storage.RaftStorage (RaftStorage.java:format(84)) - Storage directory /workdir/hadoop-ozone/integration-test/target/test-dir/MiniOzoneClusterImpl-df23ed15-4459-4301-a988-82089ad70e13/datanode-8/data/ratis/2a695022-9cdb-4976-9dad-8fe4779757e8 has been successfully formatted.
2019-11-14 19:59:15,628 [pool-579-thread-1] INFO  ratis.ContainerStateMachine (ContainerStateMachine.java:loadSnapshot(223)) - group-8FE4779757E8: The snapshot info is null. Setting the last applied indexto:(t:0, i:~)
2019-11-14 19:59:15,628 [pool-599-thread-1] INFO  ratis.ContainerStateMachine (ContainerStateMachine.java:loadSnapshot(223)) - group-8FE4779757E8: The snapshot info is null. Setting the last applied indexto:(t:0, i:~)
2019-11-14 19:59:15,628 [pool-579-thread-1] INFO  server.RaftServerConfigKeys (ConfUtils.java:logGet(43)) - raft.server.notification.no-leader.timeout = 120s (custom)
2019-11-14 19:59:15,628 [pool-589-thread-1] INFO  ratis.ContainerStateMachine (ContainerStateMachine.java:loadSnapshot(223)) - group-8FE4779757E8: The snapshot info is null. Setting the last applied indexto:(t:0, i:~)
2019-11-14 19:59:15,628 [pool-579-thread-1] INFO  server.RaftServerConfigKeys (ConfUtils.java:logGet(43)) - raft.server.log.use.memory = false (default)
2019-11-14 19:59:15,628 [pool-599-thread-1] INFO  server.RaftServerConfigKeys (ConfUtils.java:logGet(43)) - raft.server.notification.no-leader.timeout = 120s (custom)
2019-11-14 19:59:15,628 [pool-579-thread-1] INFO  server.RaftServerConfigKeys (ConfUtils.java:logGet(43)) - raft.server.log.purge.gap = 1000000 (custom)
2019-11-14 19:59:15,628 [pool-589-thread-1] INFO  server.RaftServerConfigKeys (ConfUtils.java:logGet(43)) - raft.server.notification.no-leader.timeout = 120s (custom)
2019-11-14 19:59:15,628 [pool-579-thread-1] INFO  server.RaftServerConfigKeys (ConfUtils.java:logGet(43)) - raft.server.log.appender.buffer.byte-limit = 33554432 (custom)
2019-11-14 19:59:15,628 [pool-599-thread-1] INFO  server.RaftServerConfigKeys (ConfUtils.java:logGet(43)) - raft.server.log.use.memory = false (default)
2019-11-14 19:59:15,629 [pool-579-thread-1] INFO  server.RaftServerConfigKeys (ConfUtils.java:logGet(43)) - raft.server.log.segment.size.max = 1048576 (custom)
2019-11-14 19:59:15,629 [pool-589-thread-1] INFO  server.RaftServerConfigKeys (ConfUtils.java:logGet(43)) - raft.server.log.use.memory = false (default)
2019-11-14 19:59:15,629 [pool-579-thread-1] INFO  server.RaftServerConfigKeys (ConfUtils.java:logGet(43)) - raft.server.log.segment.cache.num.max = 2 (custom)
2019-11-14 19:59:15,629 [pool-599-thread-1] INFO  server.RaftServerConfigKeys (ConfUtils.java:logGet(43)) - raft.server.log.purge.gap = 1000000 (custom)
2019-11-14 19:59:15,629 [pool-579-thread-1] INFO  segmented.SegmentedRaftLogWorker (SegmentedRaftLogWorker.java:<init>(173)) - new e8061cfc-e634-4005-9186-8f9a3cdc71ed@group-8FE4779757E8-SegmentedRaftLogWorker for RaftStorage:Storage Directory /workdir/hadoop-ozone/integration-test/target/test-dir/MiniOzoneClusterImpl-df23ed15-4459-4301-a988-82089ad70e13/datanode-7/data/ratis/2a695022-9cdb-4976-9dad-8fe4779757e8
2019-11-14 19:59:15,629 [pool-589-thread-1] INFO  server.RaftServerConfigKeys (ConfUtils.java:logGet(43)) - raft.server.log.purge.gap = 1000000 (custom)
2019-11-14 19:59:15,629 [pool-579-thread-1] INFO  server.RaftServerConfigKeys (ConfUtils.java:logGet(43)) - raft.server.log.queue.byte-limit = 2147483647 (custom)
2019-11-14 19:59:15,629 [pool-599-thread-1] INFO  server.RaftServerConfigKeys (ConfUtils.java:logGet(43)) - raft.server.log.appender.buffer.byte-limit = 33554432 (custom)
2019-11-14 19:59:15,629 [pool-579-thread-1] INFO  server.RaftServerConfigKeys (ConfUtils.java:logGet(43)) - raft.server.log.queue.element-limit = 1024 (custom)
2019-11-14 19:59:15,629 [pool-589-thread-1] INFO  server.RaftServerConfigKeys (ConfUtils.java:logGet(43)) - raft.server.log.appender.buffer.byte-limit = 33554432 (custom)
2019-11-14 19:59:15,629 [pool-579-thread-1] INFO  server.RaftServerConfigKeys (ConfUtils.java:logGet(43)) - raft.server.log.segment.size.max = 1048576 (custom)
2019-11-14 19:59:15,629 [pool-599-thread-1] INFO  server.RaftServerConfigKeys (ConfUtils.java:logGet(43)) - raft.server.log.segment.size.max = 1048576 (custom)
2019-11-14 19:59:15,629 [pool-579-thread-1] INFO  server.RaftServerConfigKeys (ConfUtils.java:logGet(43)) - raft.server.log.preallocated.size = 16384 (custom)
2019-11-14 19:59:15,629 [pool-589-thread-1] INFO  server.RaftServerConfigKeys (ConfUtils.java:logGet(43)) - raft.server.log.segment.size.max = 1048576 (custom)
2019-11-14 19:59:15,630 [pool-579-thread-1] INFO  server.RaftServerConfigKeys (ConfUtils.java:logGet(43)) - raft.server.log.write.buffer.size = 33554432 (custom)
2019-11-14 19:59:15,630 [pool-599-thread-1] INFO  server.RaftServerConfigKeys (ConfUtils.java:logGet(43)) - raft.server.log.segment.cache.num.max = 2 (custom)
2019-11-14 19:59:15,630 [pool-579-thread-1] INFO  server.RaftServerConfigKeys (ConfUtils.java:logGet(43)) - raft.server.log.force.sync.num = 128 (default)
2019-11-14 19:59:15,630 [pool-589-thread-1] INFO  server.RaftServerConfigKeys (ConfUtils.java:logGet(43)) - raft.server.log.segment.cache.num.max = 2 (custom)
2019-11-14 19:59:15,630 [pool-579-thread-1] INFO  server.RaftServerConfigKeys (ConfUtils.java:logGet(43)) - raft.server.log.statemachine.data.sync = true (default)
2019-11-14 19:59:15,630 [pool-599-thread-1] INFO  segmented.SegmentedRaftLogWorker (SegmentedRaftLogWorker.java:<init>(173)) - new 60fc2306-005b-4da9-bff6-f0a04ff2f155@group-8FE4779757E8-SegmentedRaftLogWorker for RaftStorage:Storage Directory /workdir/hadoop-ozone/integration-test/target/test-dir/MiniOzoneClusterImpl-df23ed15-4459-4301-a988-82089ad70e13/datanode-9/data/ratis/2a695022-9cdb-4976-9dad-8fe4779757e8
2019-11-14 19:59:15,630 [pool-579-thread-1] INFO  server.RaftServerConfigKeys (ConfUtils.java:logGet(43)) - raft.server.log.statemachine.data.sync.timeout = 10s (default)
2019-11-14 19:59:15,630 [pool-589-thread-1] INFO  segmented.SegmentedRaftLogWorker (SegmentedRaftLogWorker.java:<init>(173)) - new 909799b4-01f9-4409-9e01-df516dc8a9f9@group-8FE4779757E8-SegmentedRaftLogWorker for RaftStorage:Storage Directory /workdir/hadoop-ozone/integration-test/target/test-dir/MiniOzoneClusterImpl-df23ed15-4459-4301-a988-82089ad70e13/datanode-8/data/ratis/2a695022-9cdb-4976-9dad-8fe4779757e8
2019-11-14 19:59:15,630 [pool-579-thread-1] INFO  server.RaftServerConfigKeys (ConfUtils.java:logGet(43)) - raft.server.log.statemachine.data.sync.timeout.retry = -1 (default)
2019-11-14 19:59:15,630 [pool-599-thread-1] INFO  server.RaftServerConfigKeys (ConfUtils.java:logGet(43)) - raft.server.log.queue.byte-limit = 2147483647 (custom)
2019-11-14 19:59:15,630 [pool-579-thread-1] INFO  server.RaftServerConfigKeys (ConfUtils.java:logGet(43)) - raft.server.log.statemachine.data.caching.enabled = true (custom)
2019-11-14 19:59:15,630 [pool-589-thread-1] INFO  server.RaftServerConfigKeys (ConfUtils.java:logGet(43)) - raft.server.log.queue.byte-limit = 2147483647 (custom)
2019-11-14 19:59:15,630 [pool-599-thread-1] INFO  server.RaftServerConfigKeys (ConfUtils.java:logGet(43)) - raft.server.log.queue.element-limit = 1024 (custom)
2019-11-14 19:59:15,631 [pool-579-thread-1] INFO  segmented.SegmentedRaftLogWorker (SegmentedRaftLogWorker.java:lambda$new$0(128)) - e8061cfc-e634-4005-9186-8f9a3cdc71ed@group-8FE4779757E8-SegmentedRaftLogWorker: flushIndex: setUnconditionally 0 -> -1
2019-11-14 19:59:15,631 [pool-589-thread-1] INFO  server.RaftServerConfigKeys (ConfUtils.java:logGet(43)) - raft.server.log.queue.element-limit = 1024 (custom)
2019-11-14 19:59:15,631 [pool-599-thread-1] INFO  server.RaftServerConfigKeys (ConfUtils.java:logGet(43)) - raft.server.log.segment.size.max = 1048576 (custom)
2019-11-14 19:59:15,631 [pool-579-thread-1] INFO  server.RaftServerConfigKeys (ConfUtils.java:logGet(43)) - raft.server.snapshot.auto.trigger.enabled = true (custom)
2019-11-14 19:59:15,631 [pool-589-thread-1] INFO  server.RaftServerConfigKeys (ConfUtils.java:logGet(43)) - raft.server.log.segment.size.max = 1048576 (custom)
2019-11-14 19:59:15,631 [pool-579-thread-1] INFO  server.RaftServerConfigKeys (ConfUtils.java:logGet(43)) - raft.server.snapshot.auto.trigger.threshold = 10000 (custom)
2019-11-14 19:59:15,631 [pool-599-thread-1] INFO  server.RaftServerConfigKeys (ConfUtils.java:logGet(43)) - raft.server.log.preallocated.size = 16384 (custom)
2019-11-14 19:59:15,631 [pool-579-thread-1] INFO  server.RaftServerConfigKeys (ConfUtils.java:logGet(43)) - raft.server.snapshot.retention.file.num = 5 (custom)
2019-11-14 19:59:15,631 [pool-589-thread-1] INFO  server.RaftServerConfigKeys (ConfUtils.java:logGet(43)) - raft.server.log.preallocated.size = 16384 (custom)
2019-11-14 19:59:15,631 [pool-579-thread-1] INFO  server.RaftServerConfigKeys (ConfUtils.java:logGet(43)) - raft.server.retrycache.expirytime = 600000ms (custom)
2019-11-14 19:59:15,631 [pool-599-thread-1] INFO  server.RaftServerConfigKeys (ConfUtils.java:logGet(43)) - raft.server.log.write.buffer.size = 33554432 (custom)
2019-11-14 19:59:15,631 [pool-579-thread-1] WARN  impl.MetricRegistriesImpl (MetricRegistriesImpl.java:lambda$create$1(61)) - First MetricRegistry has been created without registering reporters. You may need to call MetricRegistries.global().addReportRegistration(...) before.
2019-11-14 19:59:15,631 [pool-589-thread-1] INFO  server.RaftServerConfigKeys (ConfUtils.java:logGet(43)) - raft.server.log.write.buffer.size = 33554432 (custom)
2019-11-14 19:59:15,632 [pool-579-thread-1] WARN  impl.MetricRegistriesImpl (MetricRegistriesImpl.java:lambda$create$1(61)) - First MetricRegistry has been created without registering reporters. You may need to call MetricRegistries.global().addReportRegistration(...) before.
2019-11-14 19:59:15,631 [pool-599-thread-1] INFO  server.RaftServerConfigKeys (ConfUtils.java:logGet(43)) - raft.server.log.force.sync.num = 128 (default)
2019-11-14 19:59:15,632 [pool-589-thread-1] INFO  server.RaftServerConfigKeys (ConfUtils.java:logGet(43)) - raft.server.log.force.sync.num = 128 (default)
2019-11-14 19:59:15,632 [pool-599-thread-1] INFO  server.RaftServerConfigKeys (ConfUtils.java:logGet(43)) - raft.server.log.statemachine.data.sync = true (default)
2019-11-14 19:59:15,632 [pool-579-thread-1] INFO  impl.RaftServerImpl (RaftServerImpl.java:start(184)) - e8061cfc-e634-4005-9186-8f9a3cdc71ed@group-8FE4779757E8: start as a follower, conf=-1: [60fc2306-005b-4da9-bff6-f0a04ff2f155:192.168.157.219:33304, 909799b4-01f9-4409-9e01-df516dc8a9f9:192.168.157.219:34722, e8061cfc-e634-4005-9186-8f9a3cdc71ed:192.168.157.219:37108], old=null
2019-11-14 19:59:15,632 [pool-599-thread-1] INFO  server.RaftServerConfigKeys (ConfUtils.java:logGet(43)) - raft.server.log.statemachine.data.sync.timeout = 10s (default)
2019-11-14 19:59:15,632 [pool-589-thread-1] INFO  server.RaftServerConfigKeys (ConfUtils.java:logGet(43)) - raft.server.log.statemachine.data.sync = true (default)
2019-11-14 19:59:15,632 [pool-599-thread-1] INFO  server.RaftServerConfigKeys (ConfUtils.java:logGet(43)) - raft.server.log.statemachine.data.sync.timeout.retry = -1 (default)
2019-11-14 19:59:15,632 [pool-579-thread-1] INFO  impl.RaftServerImpl (RaftServerImpl.java:setRole(173)) - e8061cfc-e634-4005-9186-8f9a3cdc71ed@group-8FE4779757E8: changes role from      null to FOLLOWER at term 0 for startAsFollower
2019-11-14 19:59:15,632 [pool-599-thread-1] INFO  server.RaftServerConfigKeys (ConfUtils.java:logGet(43)) - raft.server.log.statemachine.data.caching.enabled = true (custom)
2019-11-14 19:59:15,632 [pool-589-thread-1] INFO  server.RaftServerConfigKeys (ConfUtils.java:logGet(43)) - raft.server.log.statemachine.data.sync.timeout = 10s (default)
2019-11-14 19:59:15,632 [pool-579-thread-1] INFO  impl.RoleInfo (RoleInfo.java:updateAndGet(143)) - e8061cfc-e634-4005-9186-8f9a3cdc71ed: start FollowerState
2019-11-14 19:59:15,632 [pool-599-thread-1] INFO  segmented.SegmentedRaftLogWorker (SegmentedRaftLogWorker.java:lambda$new$0(128)) - 60fc2306-005b-4da9-bff6-f0a04ff2f155@group-8FE4779757E8-SegmentedRaftLogWorker: flushIndex: setUnconditionally 0 -> -1
2019-11-14 19:59:15,632 [pool-589-thread-1] INFO  server.RaftServerConfigKeys (ConfUtils.java:logGet(43)) - raft.server.log.statemachine.data.sync.timeout.retry = -1 (default)
2019-11-14 19:59:15,633 [pool-599-thread-1] INFO  server.RaftServerConfigKeys (ConfUtils.java:logGet(43)) - raft.server.snapshot.auto.trigger.enabled = true (custom)
2019-11-14 19:59:15,633 [pool-589-thread-1] INFO  server.RaftServerConfigKeys (ConfUtils.java:logGet(43)) - raft.server.log.statemachine.data.caching.enabled = true (custom)
2019-11-14 19:59:15,633 [pool-579-thread-1] INFO  util.JmxRegister (JmxRegister.java:tryRegister(44)) - Successfully registered JMX Bean with object name Ratis:service=RaftServer,group=group-8FE4779757E8,id=e8061cfc-e634-4005-9186-8f9a3cdc71ed
2019-11-14 19:59:15,633 [pool-589-thread-1] INFO  segmented.SegmentedRaftLogWorker (SegmentedRaftLogWorker.java:lambda$new$0(128)) - 909799b4-01f9-4409-9e01-df516dc8a9f9@group-8FE4779757E8-SegmentedRaftLogWorker: flushIndex: setUnconditionally 0 -> -1
2019-11-14 19:59:15,633 [pool-599-thread-1] INFO  server.RaftServerConfigKeys (ConfUtils.java:logGet(43)) - raft.server.snapshot.auto.trigger.threshold = 10000 (custom)
2019-11-14 19:59:15,633 [pool-579-thread-1] WARN  impl.MetricRegistriesImpl (MetricRegistriesImpl.java:lambda$create$1(61)) - First MetricRegistry has been created without registering reporters. You may need to call MetricRegistries.global().addReportRegistration(...) before.
2019-11-14 19:59:15,633 [pool-589-thread-1] INFO  server.RaftServerConfigKeys (ConfUtils.java:logGet(43)) - raft.server.snapshot.auto.trigger.enabled = true (custom)
2019-11-14 19:59:15,633 [pool-599-thread-1] INFO  server.RaftServerConfigKeys (ConfUtils.java:logGet(43)) - raft.server.snapshot.retention.file.num = 5 (custom)
2019-11-14 19:59:15,633 [pool-589-thread-1] INFO  server.RaftServerConfigKeys (ConfUtils.java:logGet(43)) - raft.server.snapshot.auto.trigger.threshold = 10000 (custom)
2019-11-14 19:59:15,633 [pool-599-thread-1] INFO  server.RaftServerConfigKeys (ConfUtils.java:logGet(43)) - raft.server.retrycache.expirytime = 600000ms (custom)
2019-11-14 19:59:15,633 [pool-589-thread-1] INFO  server.RaftServerConfigKeys (ConfUtils.java:logGet(43)) - raft.server.snapshot.retention.file.num = 5 (custom)
2019-11-14 19:59:15,634 [pool-599-thread-1] WARN  impl.MetricRegistriesImpl (MetricRegistriesImpl.java:lambda$create$1(61)) - First MetricRegistry has been created without registering reporters. You may need to call MetricRegistries.global().addReportRegistration(...) before.
2019-11-14 19:59:15,634 [pool-589-thread-1] INFO  server.RaftServerConfigKeys (ConfUtils.java:logGet(43)) - raft.server.retrycache.expirytime = 600000ms (custom)
2019-11-14 19:59:15,634 [pool-599-thread-1] WARN  impl.MetricRegistriesImpl (MetricRegistriesImpl.java:lambda$create$1(61)) - First MetricRegistry has been created without registering reporters. You may need to call MetricRegistries.global().addReportRegistration(...) before.
2019-11-14 19:59:15,634 [pool-589-thread-1] WARN  impl.MetricRegistriesImpl (MetricRegistriesImpl.java:lambda$create$1(61)) - First MetricRegistry has been created without registering reporters. You may need to call MetricRegistries.global().addReportRegistration(...) before.
2019-11-14 19:59:15,634 [pool-599-thread-1] INFO  impl.RaftServerImpl (RaftServerImpl.java:start(184)) - 60fc2306-005b-4da9-bff6-f0a04ff2f155@group-8FE4779757E8: start as a follower, conf=-1: [60fc2306-005b-4da9-bff6-f0a04ff2f155:192.168.157.219:33304, 909799b4-01f9-4409-9e01-df516dc8a9f9:192.168.157.219:34722, e8061cfc-e634-4005-9186-8f9a3cdc71ed:192.168.157.219:37108], old=null
2019-11-14 19:59:15,634 [pool-589-thread-1] WARN  impl.MetricRegistriesImpl (MetricRegistriesImpl.java:lambda$create$1(61)) - First MetricRegistry has been created without registering reporters. You may need to call MetricRegistries.global().addReportRegistration(...) before.
2019-11-14 19:59:15,634 [pool-599-thread-1] INFO  impl.RaftServerImpl (RaftServerImpl.java:setRole(173)) - 60fc2306-005b-4da9-bff6-f0a04ff2f155@group-8FE4779757E8: changes role from      null to FOLLOWER at term 0 for startAsFollower
2019-11-14 19:59:15,634 [pool-589-thread-1] INFO  impl.RaftServerImpl (RaftServerImpl.java:start(184)) - 909799b4-01f9-4409-9e01-df516dc8a9f9@group-8FE4779757E8: start as a follower, conf=-1: [60fc2306-005b-4da9-bff6-f0a04ff2f155:192.168.157.219:33304, 909799b4-01f9-4409-9e01-df516dc8a9f9:192.168.157.219:34722, e8061cfc-e634-4005-9186-8f9a3cdc71ed:192.168.157.219:37108], old=null
2019-11-14 19:59:15,634 [pool-599-thread-1] INFO  impl.RoleInfo (RoleInfo.java:updateAndGet(143)) - 60fc2306-005b-4da9-bff6-f0a04ff2f155: start FollowerState
2019-11-14 19:59:15,634 [pool-589-thread-1] INFO  impl.RaftServerImpl (RaftServerImpl.java:setRole(173)) - 909799b4-01f9-4409-9e01-df516dc8a9f9@group-8FE4779757E8: changes role from      null to FOLLOWER at term 0 for startAsFollower
2019-11-14 19:59:15,634 [pool-589-thread-1] INFO  impl.RoleInfo (RoleInfo.java:updateAndGet(143)) - 909799b4-01f9-4409-9e01-df516dc8a9f9: start FollowerState
2019-11-14 19:59:15,634 [pool-599-thread-1] INFO  util.JmxRegister (JmxRegister.java:tryRegister(44)) - Successfully registered JMX Bean with object name Ratis:service=RaftServer,group=group-8FE4779757E8,id=60fc2306-005b-4da9-bff6-f0a04ff2f155
2019-11-14 19:59:15,635 [pool-599-thread-1] WARN  impl.MetricRegistriesImpl (MetricRegistriesImpl.java:lambda$create$1(61)) - First MetricRegistry has been created without registering reporters. You may need to call MetricRegistries.global().addReportRegistration(...) before.
2019-11-14 19:59:15,635 [pool-589-thread-1] INFO  util.JmxRegister (JmxRegister.java:tryRegister(44)) - Successfully registered JMX Bean with object name Ratis:service=RaftServer,group=group-8FE4779757E8,id=909799b4-01f9-4409-9e01-df516dc8a9f9
2019-11-14 19:59:15,635 [pool-589-thread-1] WARN  impl.MetricRegistriesImpl (MetricRegistriesImpl.java:lambda$create$1(61)) - First MetricRegistry has been created without registering reporters. You may need to call MetricRegistries.global().addReportRegistration(...) before.
2019-11-14 19:59:15,637 [RatisPipelineUtilsThread] INFO  pipeline.PipelineStateManager (PipelineStateManager.java:addPipeline(55)) - Created pipeline Pipeline[ Id: 2a695022-9cdb-4976-9dad-8fe4779757e8, Nodes: 909799b4-01f9-4409-9e01-df516dc8a9f9{ip: 192.168.157.219, host: pr-hdds-2489-n52xc-1246314526, networkLocation: /rack1, certSerialId: null}e8061cfc-e634-4005-9186-8f9a3cdc71ed{ip: 192.168.157.219, host: pr-hdds-2489-n52xc-1246314526, networkLocation: /rack1, certSerialId: null}60fc2306-005b-4da9-bff6-f0a04ff2f155{ip: 192.168.157.219, host: pr-hdds-2489-n52xc-1246314526, networkLocation: /rack1, certSerialId: null}, Type:RATIS, Factor:THREE, State:ALLOCATED]
2019-11-14 19:59:15,637 [main] INFO  ozone.MiniOzoneClusterImpl (MiniOzoneClusterImpl.java:lambda$waitForClusterToBeReady$2(163)) - Waiting for 13 number of pipelines out of 13, to report a leader.
2019-11-14 19:59:15,928 [Thread-3489] INFO  impl.FollowerState (FollowerState.java:run(111)) - ae61afd5-043c-42ff-9e00-06be6bf8121c@group-5C6618DA411B-FollowerState: change to CANDIDATE, lastRpcTime:1058ms, electionTimeout:1058ms
2019-11-14 19:59:15,928 [Thread-3489] INFO  impl.RoleInfo (RoleInfo.java:shutdownFollowerState(121)) - ae61afd5-043c-42ff-9e00-06be6bf8121c: shutdown FollowerState
2019-11-14 19:59:15,928 [Thread-3489] INFO  impl.RaftServerImpl (RaftServerImpl.java:setRole(173)) - ae61afd5-043c-42ff-9e00-06be6bf8121c@group-5C6618DA411B: changes role from  FOLLOWER to CANDIDATE at term 0 for changeToCandidate
2019-11-14 19:59:15,928 [Thread-3489] INFO  impl.RoleInfo (RoleInfo.java:updateAndGet(143)) - ae61afd5-043c-42ff-9e00-06be6bf8121c: start LeaderElection
2019-11-14 19:59:15,952 [ae61afd5-043c-42ff-9e00-06be6bf8121c@group-5C6618DA411B-LeaderElection130] INFO  impl.LeaderElection (LeaderElection.java:askForVotes(178)) - ae61afd5-043c-42ff-9e00-06be6bf8121c@group-5C6618DA411B-LeaderElection130: begin an election at term 1 for -1: [ae61afd5-043c-42ff-9e00-06be6bf8121c:192.168.157.219:41147], old=null
2019-11-14 19:59:15,952 [ae61afd5-043c-42ff-9e00-06be6bf8121c@group-5C6618DA411B-LeaderElection130] INFO  impl.RoleInfo (RoleInfo.java:shutdownLeaderElection(134)) - ae61afd5-043c-42ff-9e00-06be6bf8121c: shutdown LeaderElection
2019-11-14 19:59:15,952 [ae61afd5-043c-42ff-9e00-06be6bf8121c@group-5C6618DA411B-LeaderElection130] INFO  impl.RaftServerImpl (RaftServerImpl.java:setRole(173)) - ae61afd5-043c-42ff-9e00-06be6bf8121c@group-5C6618DA411B: changes role from CANDIDATE to LEADER at term 1 for changeToLeader
2019-11-14 19:59:15,953 [ae61afd5-043c-42ff-9e00-06be6bf8121c@group-5C6618DA411B-LeaderElection130] INFO  ratis.XceiverServerRatis (XceiverServerRatis.java:handleLeaderChangedNotification(697)) - Leader change notification received for group: group-5C6618DA411B with new leaderId: ae61afd5-043c-42ff-9e00-06be6bf8121c
2019-11-14 19:59:15,953 [ae61afd5-043c-42ff-9e00-06be6bf8121c@group-5C6618DA411B-LeaderElection130] INFO  impl.RaftServerImpl (ServerState.java:setLeader(255)) - ae61afd5-043c-42ff-9e00-06be6bf8121c@group-5C6618DA411B: change Leader from null to ae61afd5-043c-42ff-9e00-06be6bf8121c at term 1 for becomeLeader, leader elected after 1086ms
2019-11-14 19:59:15,953 [ae61afd5-043c-42ff-9e00-06be6bf8121c@group-5C6618DA411B-LeaderElection130] INFO  server.RaftServerConfigKeys (ConfUtils.java:logGet(43)) - raft.server.staging.catchup.gap = 1000 (default)
2019-11-14 19:59:15,953 [ae61afd5-043c-42ff-9e00-06be6bf8121c@group-5C6618DA411B-LeaderElection130] INFO  server.RaftServerConfigKeys (ConfUtils.java:logGet(43)) - raft.server.rpc.sleep.time = 25ms (default)
2019-11-14 19:59:15,953 [ae61afd5-043c-42ff-9e00-06be6bf8121c@group-5C6618DA411B-LeaderElection130] INFO  server.RaftServerConfigKeys (ConfUtils.java:logGet(43)) - raft.server.write.element-limit = 4096 (default)
2019-11-14 19:59:15,954 [ae61afd5-043c-42ff-9e00-06be6bf8121c@group-5C6618DA411B-LeaderElection130] INFO  server.RaftServerConfigKeys (ConfUtils.java:logGet(43)) - raft.server.watch.timeout = 10s (default)
2019-11-14 19:59:15,954 [ae61afd5-043c-42ff-9e00-06be6bf8121c@group-5C6618DA411B-LeaderElection130] INFO  server.RaftServerConfigKeys (ConfUtils.java:logGet(43)) - raft.server.watch.timeout.denomination = 1s (default)
2019-11-14 19:59:15,954 [ae61afd5-043c-42ff-9e00-06be6bf8121c@group-5C6618DA411B-LeaderElection130] INFO  server.RaftServerConfigKeys (ConfUtils.java:logGet(43)) - raft.server.watch.element-limit = 65536 (default)
2019-11-14 19:59:15,954 [EventQueue-PipelineReportForPipelineReportHandler] INFO  pipeline.PipelineStateManager (PipelineStateManager.java:openPipeline(134)) - Pipeline Pipeline[ Id: 1f9194ad-64d9-401b-9e8c-5c6618da411b, Nodes: ae61afd5-043c-42ff-9e00-06be6bf8121c{ip: 192.168.157.219, host: pr-hdds-2489-n52xc-1246314526, networkLocation: /rack1, certSerialId: null}, Type:RATIS, Factor:ONE, State:OPEN] moved to OPEN state
2019-11-14 19:59:15,954 [ae61afd5-043c-42ff-9e00-06be6bf8121c@group-5C6618DA411B-LeaderElection130] INFO  impl.RoleInfo (RoleInfo.java:updateAndGet(143)) - ae61afd5-043c-42ff-9e00-06be6bf8121c: start LeaderState
2019-11-14 19:59:15,954 [ae61afd5-043c-42ff-9e00-06be6bf8121c@group-5C6618DA411B-LeaderElection130] INFO  segmented.SegmentedRaftLogWorker (SegmentedRaftLogWorker.java:startLogSegment(385)) - ae61afd5-043c-42ff-9e00-06be6bf8121c@group-5C6618DA411B-SegmentedRaftLogWorker: Starting segment from index:0
2019-11-14 19:59:15,955 [ae61afd5-043c-42ff-9e00-06be6bf8121c@group-5C6618DA411B-LeaderElection130] INFO  impl.RaftServerImpl (ServerState.java:setRaftConf(356)) - ae61afd5-043c-42ff-9e00-06be6bf8121c@group-5C6618DA411B: set configuration 0: [ae61afd5-043c-42ff-9e00-06be6bf8121c:192.168.157.219:41147], old=null at 0
2019-11-14 19:59:15,998 [Thread-3492] INFO  impl.FollowerState (FollowerState.java:run(111)) - 37fea5d6-1a60-4b82-9570-57888d4e9f46@group-41ED2E1317B9-FollowerState: change to CANDIDATE, lastRpcTime:1069ms, electionTimeout:1069ms
2019-11-14 19:59:15,998 [Thread-3492] INFO  impl.RoleInfo (RoleInfo.java:shutdownFollowerState(121)) - 37fea5d6-1a60-4b82-9570-57888d4e9f46: shutdown FollowerState
2019-11-14 19:59:15,998 [Thread-3492] INFO  impl.RaftServerImpl (RaftServerImpl.java:setRole(173)) - 37fea5d6-1a60-4b82-9570-57888d4e9f46@group-41ED2E1317B9: changes role from  FOLLOWER to CANDIDATE at term 0 for changeToCandidate
2019-11-14 19:59:15,999 [Thread-3492] INFO  impl.RoleInfo (RoleInfo.java:updateAndGet(143)) - 37fea5d6-1a60-4b82-9570-57888d4e9f46: start LeaderElection
2019-11-14 19:59:16,012 [ae61afd5-043c-42ff-9e00-06be6bf8121c@group-5C6618DA411B-SegmentedRaftLogWorker] INFO  segmented.SegmentedRaftLogWorker (SegmentedRaftLogWorker.java:execute(576)) - ae61afd5-043c-42ff-9e00-06be6bf8121c@group-5C6618DA411B-SegmentedRaftLogWorker: created new log segment /workdir/hadoop-ozone/integration-test/target/test-dir/MiniOzoneClusterImpl-df23ed15-4459-4301-a988-82089ad70e13/datanode-0/data/ratis/1f9194ad-64d9-401b-9e8c-5c6618da411b/current/log_inprogress_0
2019-11-14 19:59:16,012 [37fea5d6-1a60-4b82-9570-57888d4e9f46@group-41ED2E1317B9-LeaderElection131] INFO  impl.LeaderElection (LeaderElection.java:askForVotes(178)) - 37fea5d6-1a60-4b82-9570-57888d4e9f46@group-41ED2E1317B9-LeaderElection131: begin an election at term 1 for -1: [37fea5d6-1a60-4b82-9570-57888d4e9f46:192.168.157.219:35005], old=null
2019-11-14 19:59:16,012 [37fea5d6-1a60-4b82-9570-57888d4e9f46@group-41ED2E1317B9-LeaderElection131] INFO  impl.RoleInfo (RoleInfo.java:shutdownLeaderElection(134)) - 37fea5d6-1a60-4b82-9570-57888d4e9f46: shutdown LeaderElection
2019-11-14 19:59:16,012 [37fea5d6-1a60-4b82-9570-57888d4e9f46@group-41ED2E1317B9-LeaderElection131] INFO  impl.RaftServerImpl (RaftServerImpl.java:setRole(173)) - 37fea5d6-1a60-4b82-9570-57888d4e9f46@group-41ED2E1317B9: changes role from CANDIDATE to LEADER at term 1 for changeToLeader
2019-11-14 19:59:16,012 [37fea5d6-1a60-4b82-9570-57888d4e9f46@group-41ED2E1317B9-LeaderElection131] INFO  ratis.XceiverServerRatis (XceiverServerRatis.java:handleLeaderChangedNotification(697)) - Leader change notification received for group: group-41ED2E1317B9 with new leaderId: 37fea5d6-1a60-4b82-9570-57888d4e9f46
2019-11-14 19:59:16,013 [37fea5d6-1a60-4b82-9570-57888d4e9f46@group-41ED2E1317B9-LeaderElection131] INFO  impl.RaftServerImpl (ServerState.java:setLeader(255)) - 37fea5d6-1a60-4b82-9570-57888d4e9f46@group-41ED2E1317B9: change Leader from null to 37fea5d6-1a60-4b82-9570-57888d4e9f46 at term 1 for becomeLeader, leader elected after 1086ms
2019-11-14 19:59:16,013 [37fea5d6-1a60-4b82-9570-57888d4e9f46@group-41ED2E1317B9-LeaderElection131] INFO  server.RaftServerConfigKeys (ConfUtils.java:logGet(43)) - raft.server.staging.catchup.gap = 1000 (default)
2019-11-14 19:59:16,013 [37fea5d6-1a60-4b82-9570-57888d4e9f46@group-41ED2E1317B9-LeaderElection131] INFO  server.RaftServerConfigKeys (ConfUtils.java:logGet(43)) - raft.server.rpc.sleep.time = 25ms (default)
2019-11-14 19:59:16,013 [37fea5d6-1a60-4b82-9570-57888d4e9f46@group-41ED2E1317B9-LeaderElection131] INFO  server.RaftServerConfigKeys (ConfUtils.java:logGet(43)) - raft.server.write.element-limit = 4096 (default)
2019-11-14 19:59:16,013 [37fea5d6-1a60-4b82-9570-57888d4e9f46@group-41ED2E1317B9-LeaderElection131] INFO  server.RaftServerConfigKeys (ConfUtils.java:logGet(43)) - raft.server.watch.timeout = 10s (default)
2019-11-14 19:59:16,013 [37fea5d6-1a60-4b82-9570-57888d4e9f46@group-41ED2E1317B9-LeaderElection131] INFO  server.RaftServerConfigKeys (ConfUtils.java:logGet(43)) - raft.server.watch.timeout.denomination = 1s (default)
2019-11-14 19:59:16,013 [37fea5d6-1a60-4b82-9570-57888d4e9f46@group-41ED2E1317B9-LeaderElection131] INFO  server.RaftServerConfigKeys (ConfUtils.java:logGet(43)) - raft.server.watch.element-limit = 65536 (default)
2019-11-14 19:59:16,014 [37fea5d6-1a60-4b82-9570-57888d4e9f46@group-41ED2E1317B9-LeaderElection131] INFO  impl.RoleInfo (RoleInfo.java:updateAndGet(143)) - 37fea5d6-1a60-4b82-9570-57888d4e9f46: start LeaderState
2019-11-14 19:59:16,014 [EventQueue-PipelineReportForPipelineReportHandler] INFO  pipeline.PipelineStateManager (PipelineStateManager.java:openPipeline(134)) - Pipeline Pipeline[ Id: 67facff0-eb10-4b77-b966-41ed2e1317b9, Nodes: 37fea5d6-1a60-4b82-9570-57888d4e9f46{ip: 192.168.157.219, host: pr-hdds-2489-n52xc-1246314526, networkLocation: /rack1, certSerialId: null}, Type:RATIS, Factor:ONE, State:OPEN] moved to OPEN state
2019-11-14 19:59:16,014 [37fea5d6-1a60-4b82-9570-57888d4e9f46@group-41ED2E1317B9-LeaderElection131] INFO  segmented.SegmentedRaftLogWorker (SegmentedRaftLogWorker.java:startLogSegment(385)) - 37fea5d6-1a60-4b82-9570-57888d4e9f46@group-41ED2E1317B9-SegmentedRaftLogWorker: Starting segment from index:0
2019-11-14 19:59:16,015 [37fea5d6-1a60-4b82-9570-57888d4e9f46@group-41ED2E1317B9-LeaderElection131] INFO  impl.RaftServerImpl (ServerState.java:setRaftConf(356)) - 37fea5d6-1a60-4b82-9570-57888d4e9f46@group-41ED2E1317B9: set configuration 0: [37fea5d6-1a60-4b82-9570-57888d4e9f46:192.168.157.219:35005], old=null at 0
2019-11-14 19:59:16,027 [Thread-3495] INFO  impl.FollowerState (FollowerState.java:run(111)) - f857cfdd-345c-4de8-889d-b8fdff158faf@group-C26CFBDA538C-FollowerState: change to CANDIDATE, lastRpcTime:1048ms, electionTimeout:1048ms
2019-11-14 19:59:16,027 [Thread-3495] INFO  impl.RoleInfo (RoleInfo.java:shutdownFollowerState(121)) - f857cfdd-345c-4de8-889d-b8fdff158faf: shutdown FollowerState
2019-11-14 19:59:16,027 [Thread-3495] INFO  impl.RaftServerImpl (RaftServerImpl.java:setRole(173)) - f857cfdd-345c-4de8-889d-b8fdff158faf@group-C26CFBDA538C: changes role from  FOLLOWER to CANDIDATE at term 0 for changeToCandidate
2019-11-14 19:59:16,027 [Thread-3495] INFO  impl.RoleInfo (RoleInfo.java:updateAndGet(143)) - f857cfdd-345c-4de8-889d-b8fdff158faf: start LeaderElection
2019-11-14 19:59:16,051 [37fea5d6-1a60-4b82-9570-57888d4e9f46@group-41ED2E1317B9-SegmentedRaftLogWorker] INFO  segmented.SegmentedRaftLogWorker (SegmentedRaftLogWorker.java:execute(576)) - 37fea5d6-1a60-4b82-9570-57888d4e9f46@group-41ED2E1317B9-SegmentedRaftLogWorker: created new log segment /workdir/hadoop-ozone/integration-test/target/test-dir/MiniOzoneClusterImpl-df23ed15-4459-4301-a988-82089ad70e13/datanode-1/data/ratis/67facff0-eb10-4b77-b966-41ed2e1317b9/current/log_inprogress_0
2019-11-14 19:59:16,051 [f857cfdd-345c-4de8-889d-b8fdff158faf@group-C26CFBDA538C-LeaderElection132] INFO  impl.LeaderElection (LeaderElection.java:askForVotes(178)) - f857cfdd-345c-4de8-889d-b8fdff158faf@group-C26CFBDA538C-LeaderElection132: begin an election at term 1 for -1: [f857cfdd-345c-4de8-889d-b8fdff158faf:192.168.157.219:39658], old=null
2019-11-14 19:59:16,052 [f857cfdd-345c-4de8-889d-b8fdff158faf@group-C26CFBDA538C-LeaderElection132] INFO  impl.RoleInfo (RoleInfo.java:shutdownLeaderElection(134)) - f857cfdd-345c-4de8-889d-b8fdff158faf: shutdown LeaderElection
2019-11-14 19:59:16,052 [f857cfdd-345c-4de8-889d-b8fdff158faf@group-C26CFBDA538C-LeaderElection132] INFO  impl.RaftServerImpl (RaftServerImpl.java:setRole(173)) - f857cfdd-345c-4de8-889d-b8fdff158faf@group-C26CFBDA538C: changes role from CANDIDATE to LEADER at term 1 for changeToLeader
2019-11-14 19:59:16,052 [f857cfdd-345c-4de8-889d-b8fdff158faf@group-C26CFBDA538C-LeaderElection132] INFO  ratis.XceiverServerRatis (XceiverServerRatis.java:handleLeaderChangedNotification(697)) - Leader change notification received for group: group-C26CFBDA538C with new leaderId: f857cfdd-345c-4de8-889d-b8fdff158faf
2019-11-14 19:59:16,052 [f857cfdd-345c-4de8-889d-b8fdff158faf@group-C26CFBDA538C-LeaderElection132] INFO  impl.RaftServerImpl (ServerState.java:setLeader(255)) - f857cfdd-345c-4de8-889d-b8fdff158faf@group-C26CFBDA538C: change Leader from null to f857cfdd-345c-4de8-889d-b8fdff158faf at term 1 for becomeLeader, leader elected after 1076ms
2019-11-14 19:59:16,052 [f857cfdd-345c-4de8-889d-b8fdff158faf@group-C26CFBDA538C-LeaderElection132] INFO  server.RaftServerConfigKeys (ConfUtils.java:logGet(43)) - raft.server.staging.catchup.gap = 1000 (default)
2019-11-14 19:59:16,052 [f857cfdd-345c-4de8-889d-b8fdff158faf@group-C26CFBDA538C-LeaderElection132] INFO  server.RaftServerConfigKeys (ConfUtils.java:logGet(43)) - raft.server.rpc.sleep.time = 25ms (default)
2019-11-14 19:59:16,053 [f857cfdd-345c-4de8-889d-b8fdff158faf@group-C26CFBDA538C-LeaderElection132] INFO  server.RaftServerConfigKeys (ConfUtils.java:logGet(43)) - raft.server.write.element-limit = 4096 (default)
2019-11-14 19:59:16,053 [f857cfdd-345c-4de8-889d-b8fdff158faf@group-C26CFBDA538C-LeaderElection132] INFO  server.RaftServerConfigKeys (ConfUtils.java:logGet(43)) - raft.server.watch.timeout = 10s (default)
2019-11-14 19:59:16,053 [f857cfdd-345c-4de8-889d-b8fdff158faf@group-C26CFBDA538C-LeaderElection132] INFO  server.RaftServerConfigKeys (ConfUtils.java:logGet(43)) - raft.server.watch.timeout.denomination = 1s (default)
2019-11-14 19:59:16,053 [EventQueue-PipelineReportForPipelineReportHandler] INFO  pipeline.PipelineStateManager (PipelineStateManager.java:openPipeline(134)) - Pipeline Pipeline[ Id: a0a9f23a-6bad-4f3d-a974-c26cfbda538c, Nodes: f857cfdd-345c-4de8-889d-b8fdff158faf{ip: 192.168.157.219, host: pr-hdds-2489-n52xc-1246314526, networkLocation: /rack1, certSerialId: null}, Type:RATIS, Factor:ONE, State:OPEN] moved to OPEN state
2019-11-14 19:59:16,053 [f857cfdd-345c-4de8-889d-b8fdff158faf@group-C26CFBDA538C-LeaderElection132] INFO  server.RaftServerConfigKeys (ConfUtils.java:logGet(43)) - raft.server.watch.element-limit = 65536 (default)
2019-11-14 19:59:16,053 [f857cfdd-345c-4de8-889d-b8fdff158faf@group-C26CFBDA538C-LeaderElection132] INFO  impl.RoleInfo (RoleInfo.java:updateAndGet(143)) - f857cfdd-345c-4de8-889d-b8fdff158faf: start LeaderState
2019-11-14 19:59:16,054 [f857cfdd-345c-4de8-889d-b8fdff158faf@group-C26CFBDA538C-LeaderElection132] INFO  segmented.SegmentedRaftLogWorker (SegmentedRaftLogWorker.java:startLogSegment(385)) - f857cfdd-345c-4de8-889d-b8fdff158faf@group-C26CFBDA538C-SegmentedRaftLogWorker: Starting segment from index:0
2019-11-14 19:59:16,054 [f857cfdd-345c-4de8-889d-b8fdff158faf@group-C26CFBDA538C-LeaderElection132] INFO  impl.RaftServerImpl (ServerState.java:setRaftConf(356)) - f857cfdd-345c-4de8-889d-b8fdff158faf@group-C26CFBDA538C: set configuration 0: [f857cfdd-345c-4de8-889d-b8fdff158faf:192.168.157.219:39658], old=null at 0
2019-11-14 19:59:16,100 [f857cfdd-345c-4de8-889d-b8fdff158faf@group-C26CFBDA538C-SegmentedRaftLogWorker] INFO  segmented.SegmentedRaftLogWorker (SegmentedRaftLogWorker.java:execute(576)) - f857cfdd-345c-4de8-889d-b8fdff158faf@group-C26CFBDA538C-SegmentedRaftLogWorker: created new log segment /workdir/hadoop-ozone/integration-test/target/test-dir/MiniOzoneClusterImpl-df23ed15-4459-4301-a988-82089ad70e13/datanode-2/data/ratis/a0a9f23a-6bad-4f3d-a974-c26cfbda538c/current/log_inprogress_0
2019-11-14 19:59:16,114 [Thread-3498] INFO  impl.FollowerState (FollowerState.java:run(111)) - 0b9f718b-6f36-48a0-b3e8-8949249bd312@group-050A93D6CDE8-FollowerState: change to CANDIDATE, lastRpcTime:1075ms, electionTimeout:1075ms
2019-11-14 19:59:16,114 [Thread-3498] INFO  impl.RoleInfo (RoleInfo.java:shutdownFollowerState(121)) - 0b9f718b-6f36-48a0-b3e8-8949249bd312: shutdown FollowerState
2019-11-14 19:59:16,115 [Thread-3498] INFO  impl.RaftServerImpl (RaftServerImpl.java:setRole(173)) - 0b9f718b-6f36-48a0-b3e8-8949249bd312@group-050A93D6CDE8: changes role from  FOLLOWER to CANDIDATE at term 0 for changeToCandidate
2019-11-14 19:59:16,115 [Thread-3498] INFO  impl.RoleInfo (RoleInfo.java:updateAndGet(143)) - 0b9f718b-6f36-48a0-b3e8-8949249bd312: start LeaderElection
2019-11-14 19:59:16,138 [0b9f718b-6f36-48a0-b3e8-8949249bd312@group-050A93D6CDE8-LeaderElection133] INFO  impl.LeaderElection (LeaderElection.java:askForVotes(178)) - 0b9f718b-6f36-48a0-b3e8-8949249bd312@group-050A93D6CDE8-LeaderElection133: begin an election at term 1 for -1: [0b9f718b-6f36-48a0-b3e8-8949249bd312:192.168.157.219:44307], old=null
2019-11-14 19:59:16,139 [0b9f718b-6f36-48a0-b3e8-8949249bd312@group-050A93D6CDE8-LeaderElection133] INFO  impl.RoleInfo (RoleInfo.java:shutdownLeaderElection(134)) - 0b9f718b-6f36-48a0-b3e8-8949249bd312: shutdown LeaderElection
2019-11-14 19:59:16,139 [0b9f718b-6f36-48a0-b3e8-8949249bd312@group-050A93D6CDE8-LeaderElection133] INFO  impl.RaftServerImpl (RaftServerImpl.java:setRole(173)) - 0b9f718b-6f36-48a0-b3e8-8949249bd312@group-050A93D6CDE8: changes role from CANDIDATE to LEADER at term 1 for changeToLeader
2019-11-14 19:59:16,139 [0b9f718b-6f36-48a0-b3e8-8949249bd312@group-050A93D6CDE8-LeaderElection133] INFO  ratis.XceiverServerRatis (XceiverServerRatis.java:handleLeaderChangedNotification(697)) - Leader change notification received for group: group-050A93D6CDE8 with new leaderId: 0b9f718b-6f36-48a0-b3e8-8949249bd312
2019-11-14 19:59:16,139 [0b9f718b-6f36-48a0-b3e8-8949249bd312@group-050A93D6CDE8-LeaderElection133] INFO  impl.RaftServerImpl (ServerState.java:setLeader(255)) - 0b9f718b-6f36-48a0-b3e8-8949249bd312@group-050A93D6CDE8: change Leader from null to 0b9f718b-6f36-48a0-b3e8-8949249bd312 at term 1 for becomeLeader, leader elected after 1104ms
2019-11-14 19:59:16,139 [0b9f718b-6f36-48a0-b3e8-8949249bd312@group-050A93D6CDE8-LeaderElection133] INFO  server.RaftServerConfigKeys (ConfUtils.java:logGet(43)) - raft.server.staging.catchup.gap = 1000 (default)
2019-11-14 19:59:16,139 [0b9f718b-6f36-48a0-b3e8-8949249bd312@group-050A93D6CDE8-LeaderElection133] INFO  server.RaftServerConfigKeys (ConfUtils.java:logGet(43)) - raft.server.rpc.sleep.time = 25ms (default)
2019-11-14 19:59:16,139 [0b9f718b-6f36-48a0-b3e8-8949249bd312@group-050A93D6CDE8-LeaderElection133] INFO  server.RaftServerConfigKeys (ConfUtils.java:logGet(43)) - raft.server.write.element-limit = 4096 (default)
2019-11-14 19:59:16,139 [0b9f718b-6f36-48a0-b3e8-8949249bd312@group-050A93D6CDE8-LeaderElection133] INFO  server.RaftServerConfigKeys (ConfUtils.java:logGet(43)) - raft.server.watch.timeout = 10s (default)
2019-11-14 19:59:16,140 [0b9f718b-6f36-48a0-b3e8-8949249bd312@group-050A93D6CDE8-LeaderElection133] INFO  server.RaftServerConfigKeys (ConfUtils.java:logGet(43)) - raft.server.watch.timeout.denomination = 1s (default)
2019-11-14 19:59:16,140 [0b9f718b-6f36-48a0-b3e8-8949249bd312@group-050A93D6CDE8-LeaderElection133] INFO  server.RaftServerConfigKeys (ConfUtils.java:logGet(43)) - raft.server.watch.element-limit = 65536 (default)
2019-11-14 19:59:16,140 [0b9f718b-6f36-48a0-b3e8-8949249bd312@group-050A93D6CDE8-LeaderElection133] INFO  impl.RoleInfo (RoleInfo.java:updateAndGet(143)) - 0b9f718b-6f36-48a0-b3e8-8949249bd312: start LeaderState
2019-11-14 19:59:16,140 [EventQueue-PipelineReportForPipelineReportHandler] INFO  pipeline.PipelineStateManager (PipelineStateManager.java:openPipeline(134)) - Pipeline Pipeline[ Id: bc46a47c-5e02-40aa-9357-050a93d6cde8, Nodes: 0b9f718b-6f36-48a0-b3e8-8949249bd312{ip: 192.168.157.219, host: pr-hdds-2489-n52xc-1246314526, networkLocation: /rack1, certSerialId: null}, Type:RATIS, Factor:ONE, State:OPEN] moved to OPEN state
2019-11-14 19:59:16,140 [0b9f718b-6f36-48a0-b3e8-8949249bd312@group-050A93D6CDE8-LeaderElection133] INFO  segmented.SegmentedRaftLogWorker (SegmentedRaftLogWorker.java:startLogSegment(385)) - 0b9f718b-6f36-48a0-b3e8-8949249bd312@group-050A93D6CDE8-SegmentedRaftLogWorker: Starting segment from index:0
2019-11-14 19:59:16,140 [0b9f718b-6f36-48a0-b3e8-8949249bd312@group-050A93D6CDE8-LeaderElection133] INFO  impl.RaftServerImpl (ServerState.java:setRaftConf(356)) - 0b9f718b-6f36-48a0-b3e8-8949249bd312@group-050A93D6CDE8: set configuration 0: [0b9f718b-6f36-48a0-b3e8-8949249bd312:192.168.157.219:44307], old=null at 0
2019-11-14 19:59:16,186 [0b9f718b-6f36-48a0-b3e8-8949249bd312@group-050A93D6CDE8-SegmentedRaftLogWorker] INFO  segmented.SegmentedRaftLogWorker (SegmentedRaftLogWorker.java:execute(576)) - 0b9f718b-6f36-48a0-b3e8-8949249bd312@group-050A93D6CDE8-SegmentedRaftLogWorker: created new log segment /workdir/hadoop-ozone/integration-test/target/test-dir/MiniOzoneClusterImpl-df23ed15-4459-4301-a988-82089ad70e13/datanode-3/data/ratis/bc46a47c-5e02-40aa-9357-050a93d6cde8/current/log_inprogress_0
2019-11-14 19:59:16,226 [Thread-3509] INFO  impl.FollowerState (FollowerState.java:run(111)) - 9e8f1412-9bf1-4810-b3e9-2cd8ebd4b71b@group-74742D73BCC8-FollowerState: change to CANDIDATE, lastRpcTime:1049ms, electionTimeout:1049ms
2019-11-14 19:59:16,226 [Thread-3509] INFO  impl.RoleInfo (RoleInfo.java:shutdownFollowerState(121)) - 9e8f1412-9bf1-4810-b3e9-2cd8ebd4b71b: shutdown FollowerState
2019-11-14 19:59:16,226 [Thread-3509] INFO  impl.RaftServerImpl (RaftServerImpl.java:setRole(173)) - 9e8f1412-9bf1-4810-b3e9-2cd8ebd4b71b@group-74742D73BCC8: changes role from  FOLLOWER to CANDIDATE at term 0 for changeToCandidate
2019-11-14 19:59:16,226 [Thread-3509] INFO  impl.RoleInfo (RoleInfo.java:updateAndGet(143)) - 9e8f1412-9bf1-4810-b3e9-2cd8ebd4b71b: start LeaderElection
2019-11-14 19:59:16,226 [Thread-3501] INFO  impl.FollowerState (FollowerState.java:run(111)) - 9e8f1412-9bf1-4810-b3e9-2cd8ebd4b71b@group-55FD29FCF0CF-FollowerState: change to CANDIDATE, lastRpcTime:1133ms, electionTimeout:1133ms
2019-11-14 19:59:16,226 [Thread-3501] INFO  impl.RoleInfo (RoleInfo.java:shutdownFollowerState(121)) - 9e8f1412-9bf1-4810-b3e9-2cd8ebd4b71b: shutdown FollowerState
2019-11-14 19:59:16,227 [Thread-3501] INFO  impl.RaftServerImpl (RaftServerImpl.java:setRole(173)) - 9e8f1412-9bf1-4810-b3e9-2cd8ebd4b71b@group-55FD29FCF0CF: changes role from  FOLLOWER to CANDIDATE at term 0 for changeToCandidate
2019-11-14 19:59:16,227 [Thread-3501] INFO  impl.RoleInfo (RoleInfo.java:updateAndGet(143)) - 9e8f1412-9bf1-4810-b3e9-2cd8ebd4b71b: start LeaderElection
2019-11-14 19:59:16,244 [Thread-3517] INFO  impl.FollowerState (FollowerState.java:run(111)) - 1d99cfa1-5734-40f1-a806-2aa318147fff@group-9A3395F27780-FollowerState: change to CANDIDATE, lastRpcTime:1014ms, electionTimeout:1014ms
2019-11-14 19:59:16,244 [Thread-3517] INFO  impl.RoleInfo (RoleInfo.java:shutdownFollowerState(121)) - 1d99cfa1-5734-40f1-a806-2aa318147fff: shutdown FollowerState
2019-11-14 19:59:16,244 [Thread-3517] INFO  impl.RaftServerImpl (RaftServerImpl.java:setRole(173)) - 1d99cfa1-5734-40f1-a806-2aa318147fff@group-9A3395F27780: changes role from  FOLLOWER to CANDIDATE at term 0 for changeToCandidate
2019-11-14 19:59:16,244 [Thread-3517] INFO  impl.RoleInfo (RoleInfo.java:updateAndGet(143)) - 1d99cfa1-5734-40f1-a806-2aa318147fff: start LeaderElection
2019-11-14 19:59:16,250 [9e8f1412-9bf1-4810-b3e9-2cd8ebd4b71b@group-74742D73BCC8-LeaderElection134] INFO  impl.LeaderElection (LeaderElection.java:askForVotes(178)) - 9e8f1412-9bf1-4810-b3e9-2cd8ebd4b71b@group-74742D73BCC8-LeaderElection134: begin an election at term 1 for -1: [9e8f1412-9bf1-4810-b3e9-2cd8ebd4b71b:192.168.157.219:38230, f857cfdd-345c-4de8-889d-b8fdff158faf:192.168.157.219:39658, 37fea5d6-1a60-4b82-9570-57888d4e9f46:192.168.157.219:35005], old=null
2019-11-14 19:59:16,250 [9e8f1412-9bf1-4810-b3e9-2cd8ebd4b71b@group-55FD29FCF0CF-LeaderElection135] INFO  impl.LeaderElection (LeaderElection.java:askForVotes(178)) - 9e8f1412-9bf1-4810-b3e9-2cd8ebd4b71b@group-55FD29FCF0CF-LeaderElection135: begin an election at term 1 for -1: [9e8f1412-9bf1-4810-b3e9-2cd8ebd4b71b:192.168.157.219:38230], old=null
2019-11-14 19:59:16,250 [9e8f1412-9bf1-4810-b3e9-2cd8ebd4b71b@group-55FD29FCF0CF-LeaderElection135] INFO  impl.RoleInfo (RoleInfo.java:shutdownLeaderElection(134)) - 9e8f1412-9bf1-4810-b3e9-2cd8ebd4b71b: shutdown LeaderElection
2019-11-14 19:59:16,250 [9e8f1412-9bf1-4810-b3e9-2cd8ebd4b71b@group-55FD29FCF0CF-LeaderElection135] INFO  impl.RaftServerImpl (RaftServerImpl.java:setRole(173)) - 9e8f1412-9bf1-4810-b3e9-2cd8ebd4b71b@group-55FD29FCF0CF: changes role from CANDIDATE to LEADER at term 1 for changeToLeader
2019-11-14 19:59:16,250 [9e8f1412-9bf1-4810-b3e9-2cd8ebd4b71b@group-55FD29FCF0CF-LeaderElection135] INFO  ratis.XceiverServerRatis (XceiverServerRatis.java:handleLeaderChangedNotification(697)) - Leader change notification received for group: group-55FD29FCF0CF with new leaderId: 9e8f1412-9bf1-4810-b3e9-2cd8ebd4b71b
2019-11-14 19:59:16,250 [9e8f1412-9bf1-4810-b3e9-2cd8ebd4b71b@group-55FD29FCF0CF-LeaderElection135] INFO  impl.RaftServerImpl (ServerState.java:setLeader(255)) - 9e8f1412-9bf1-4810-b3e9-2cd8ebd4b71b@group-55FD29FCF0CF: change Leader from null to 9e8f1412-9bf1-4810-b3e9-2cd8ebd4b71b at term 1 for becomeLeader, leader elected after 1161ms
2019-11-14 19:59:16,251 [9e8f1412-9bf1-4810-b3e9-2cd8ebd4b71b@group-55FD29FCF0CF-LeaderElection135] INFO  server.RaftServerConfigKeys (ConfUtils.java:logGet(43)) - raft.server.staging.catchup.gap = 1000 (default)
2019-11-14 19:59:16,251 [9e8f1412-9bf1-4810-b3e9-2cd8ebd4b71b@group-55FD29FCF0CF-LeaderElection135] INFO  server.RaftServerConfigKeys (ConfUtils.java:logGet(43)) - raft.server.rpc.sleep.time = 25ms (default)
2019-11-14 19:59:16,251 [9e8f1412-9bf1-4810-b3e9-2cd8ebd4b71b@group-55FD29FCF0CF-LeaderElection135] INFO  server.RaftServerConfigKeys (ConfUtils.java:logGet(43)) - raft.server.write.element-limit = 4096 (default)
2019-11-14 19:59:16,251 [9e8f1412-9bf1-4810-b3e9-2cd8ebd4b71b@group-55FD29FCF0CF-LeaderElection135] INFO  server.RaftServerConfigKeys (ConfUtils.java:logGet(43)) - raft.server.watch.timeout = 10s (default)
2019-11-14 19:59:16,251 [9e8f1412-9bf1-4810-b3e9-2cd8ebd4b71b@group-55FD29FCF0CF-LeaderElection135] INFO  server.RaftServerConfigKeys (ConfUtils.java:logGet(43)) - raft.server.watch.timeout.denomination = 1s (default)
2019-11-14 19:59:16,251 [EventQueue-PipelineReportForPipelineReportHandler] INFO  pipeline.PipelineStateManager (PipelineStateManager.java:openPipeline(134)) - Pipeline Pipeline[ Id: e2c97e77-c99c-49b4-9771-55fd29fcf0cf, Nodes: 9e8f1412-9bf1-4810-b3e9-2cd8ebd4b71b{ip: 192.168.157.219, host: pr-hdds-2489-n52xc-1246314526, networkLocation: /rack1, certSerialId: null}, Type:RATIS, Factor:ONE, State:OPEN] moved to OPEN state
2019-11-14 19:59:16,251 [9e8f1412-9bf1-4810-b3e9-2cd8ebd4b71b@group-55FD29FCF0CF-LeaderElection135] INFO  server.RaftServerConfigKeys (ConfUtils.java:logGet(43)) - raft.server.watch.element-limit = 65536 (default)
2019-11-14 19:59:16,252 [9e8f1412-9bf1-4810-b3e9-2cd8ebd4b71b@group-55FD29FCF0CF-LeaderElection135] INFO  impl.RoleInfo (RoleInfo.java:updateAndGet(143)) - 9e8f1412-9bf1-4810-b3e9-2cd8ebd4b71b: start LeaderState
2019-11-14 19:59:16,252 [9e8f1412-9bf1-4810-b3e9-2cd8ebd4b71b@group-55FD29FCF0CF-LeaderElection135] INFO  segmented.SegmentedRaftLogWorker (SegmentedRaftLogWorker.java:startLogSegment(385)) - 9e8f1412-9bf1-4810-b3e9-2cd8ebd4b71b@group-55FD29FCF0CF-SegmentedRaftLogWorker: Starting segment from index:0
2019-11-14 19:59:16,252 [9e8f1412-9bf1-4810-b3e9-2cd8ebd4b71b@group-55FD29FCF0CF-LeaderElection135] INFO  impl.RaftServerImpl (ServerState.java:setRaftConf(356)) - 9e8f1412-9bf1-4810-b3e9-2cd8ebd4b71b@group-55FD29FCF0CF: set configuration 0: [9e8f1412-9bf1-4810-b3e9-2cd8ebd4b71b:192.168.157.219:38230], old=null at 0
2019-11-14 19:59:16,253 [grpc-default-executor-9] INFO  impl.RaftServerImpl (RaftServerImpl.java:setRole(173)) - 37fea5d6-1a60-4b82-9570-57888d4e9f46@group-74742D73BCC8: changes role from  FOLLOWER to FOLLOWER at term 1 for recognizeCandidate:9e8f1412-9bf1-4810-b3e9-2cd8ebd4b71b
2019-11-14 19:59:16,253 [grpc-default-executor-5] INFO  impl.RaftServerImpl (RaftServerImpl.java:setRole(173)) - f857cfdd-345c-4de8-889d-b8fdff158faf@group-74742D73BCC8: changes role from  FOLLOWER to FOLLOWER at term 1 for recognizeCandidate:9e8f1412-9bf1-4810-b3e9-2cd8ebd4b71b
2019-11-14 19:59:16,253 [grpc-default-executor-9] INFO  impl.RoleInfo (RoleInfo.java:shutdownFollowerState(121)) - 37fea5d6-1a60-4b82-9570-57888d4e9f46: shutdown FollowerState
2019-11-14 19:59:16,253 [grpc-default-executor-5] INFO  impl.RoleInfo (RoleInfo.java:shutdownFollowerState(121)) - f857cfdd-345c-4de8-889d-b8fdff158faf: shutdown FollowerState
2019-11-14 19:59:16,253 [Thread-3508] INFO  impl.FollowerState (FollowerState.java:run(120)) - 37fea5d6-1a60-4b82-9570-57888d4e9f46@group-74742D73BCC8-FollowerState was interrupted: java.lang.InterruptedException: sleep interrupted
2019-11-14 19:59:16,253 [grpc-default-executor-9] INFO  impl.RoleInfo (RoleInfo.java:updateAndGet(143)) - 37fea5d6-1a60-4b82-9570-57888d4e9f46: start FollowerState
2019-11-14 19:59:16,253 [Thread-3504] INFO  impl.FollowerState (FollowerState.java:run(120)) - f857cfdd-345c-4de8-889d-b8fdff158faf@group-74742D73BCC8-FollowerState was interrupted: java.lang.InterruptedException: sleep interrupted
2019-11-14 19:59:16,253 [grpc-default-executor-5] INFO  impl.RoleInfo (RoleInfo.java:updateAndGet(143)) - f857cfdd-345c-4de8-889d-b8fdff158faf: start FollowerState
2019-11-14 19:59:16,291 [1d99cfa1-5734-40f1-a806-2aa318147fff@group-9A3395F27780-LeaderElection136] INFO  impl.LeaderElection (LeaderElection.java:askForVotes(178)) - 1d99cfa1-5734-40f1-a806-2aa318147fff@group-9A3395F27780-LeaderElection136: begin an election at term 1 for -1: [ae61afd5-043c-42ff-9e00-06be6bf8121c:192.168.157.219:41147, 1d99cfa1-5734-40f1-a806-2aa318147fff:192.168.157.219:42659, 0b9f718b-6f36-48a0-b3e8-8949249bd312:192.168.157.219:44307], old=null
2019-11-14 19:59:16,292 [9e8f1412-9bf1-4810-b3e9-2cd8ebd4b71b@group-74742D73BCC8-LeaderElection134] INFO  impl.LeaderElection (LeaderElection.java:logAndReturn(56)) - 9e8f1412-9bf1-4810-b3e9-2cd8ebd4b71b@group-74742D73BCC8-LeaderElection134: Election PASSED; received 1 response(s) [9e8f1412-9bf1-4810-b3e9-2cd8ebd4b71b<-f857cfdd-345c-4de8-889d-b8fdff158faf#0:OK-t1] and 0 exception(s); 9e8f1412-9bf1-4810-b3e9-2cd8ebd4b71b@group-74742D73BCC8:t1, leader=null, voted=9e8f1412-9bf1-4810-b3e9-2cd8ebd4b71b, raftlog=9e8f1412-9bf1-4810-b3e9-2cd8ebd4b71b@group-74742D73BCC8-SegmentedRaftLog:OPENED:c-1,f-1,i0, conf=-1: [9e8f1412-9bf1-4810-b3e9-2cd8ebd4b71b:192.168.157.219:38230, f857cfdd-345c-4de8-889d-b8fdff158faf:192.168.157.219:39658, 37fea5d6-1a60-4b82-9570-57888d4e9f46:192.168.157.219:35005], old=null
2019-11-14 19:59:16,292 [9e8f1412-9bf1-4810-b3e9-2cd8ebd4b71b@group-74742D73BCC8-LeaderElection134] INFO  impl.RoleInfo (RoleInfo.java:shutdownLeaderElection(134)) - 9e8f1412-9bf1-4810-b3e9-2cd8ebd4b71b: shutdown LeaderElection
2019-11-14 19:59:16,292 [9e8f1412-9bf1-4810-b3e9-2cd8ebd4b71b@group-74742D73BCC8-LeaderElection134] INFO  impl.RaftServerImpl (RaftServerImpl.java:setRole(173)) - 9e8f1412-9bf1-4810-b3e9-2cd8ebd4b71b@group-74742D73BCC8: changes role from CANDIDATE to LEADER at term 1 for changeToLeader
2019-11-14 19:59:16,292 [Thread-3522] INFO  impl.FollowerState (FollowerState.java:run(111)) - 1d99cfa1-5734-40f1-a806-2aa318147fff@group-5137C7DA21AD-FollowerState: change to CANDIDATE, lastRpcTime:1005ms, electionTimeout:1005ms
2019-11-14 19:59:16,292 [9e8f1412-9bf1-4810-b3e9-2cd8ebd4b71b@group-74742D73BCC8-LeaderElection134] INFO  ratis.XceiverServerRatis (XceiverServerRatis.java:handleLeaderChangedNotification(697)) - Leader change notification received for group: group-74742D73BCC8 with new leaderId: 9e8f1412-9bf1-4810-b3e9-2cd8ebd4b71b
2019-11-14 19:59:16,292 [Thread-3522] INFO  impl.RoleInfo (RoleInfo.java:shutdownFollowerState(121)) - 1d99cfa1-5734-40f1-a806-2aa318147fff: shutdown FollowerState
2019-11-14 19:59:16,292 [Thread-3522] INFO  impl.RaftServerImpl (RaftServerImpl.java:setRole(173)) - 1d99cfa1-5734-40f1-a806-2aa318147fff@group-5137C7DA21AD: changes role from  FOLLOWER to CANDIDATE at term 0 for changeToCandidate
2019-11-14 19:59:16,292 [9e8f1412-9bf1-4810-b3e9-2cd8ebd4b71b@group-74742D73BCC8-LeaderElection134] INFO  impl.RaftServerImpl (ServerState.java:setLeader(255)) - 9e8f1412-9bf1-4810-b3e9-2cd8ebd4b71b@group-74742D73BCC8: change Leader from null to 9e8f1412-9bf1-4810-b3e9-2cd8ebd4b71b at term 1 for becomeLeader, leader elected after 1125ms
2019-11-14 19:59:16,292 [Thread-3522] INFO  impl.RoleInfo (RoleInfo.java:updateAndGet(143)) - 1d99cfa1-5734-40f1-a806-2aa318147fff: start LeaderElection
2019-11-14 19:59:16,292 [9e8f1412-9bf1-4810-b3e9-2cd8ebd4b71b@group-74742D73BCC8-LeaderElection134] INFO  server.RaftServerConfigKeys (ConfUtils.java:logGet(43)) - raft.server.staging.catchup.gap = 1000 (default)
2019-11-14 19:59:16,293 [9e8f1412-9bf1-4810-b3e9-2cd8ebd4b71b@group-74742D73BCC8-LeaderElection134] INFO  server.RaftServerConfigKeys (ConfUtils.java:logGet(43)) - raft.server.rpc.sleep.time = 25ms (default)
2019-11-14 19:59:16,293 [9e8f1412-9bf1-4810-b3e9-2cd8ebd4b71b@group-74742D73BCC8-LeaderElection134] INFO  server.RaftServerConfigKeys (ConfUtils.java:logGet(43)) - raft.server.write.element-limit = 4096 (default)
2019-11-14 19:59:16,293 [9e8f1412-9bf1-4810-b3e9-2cd8ebd4b71b@group-74742D73BCC8-LeaderElection134] INFO  server.RaftServerConfigKeys (ConfUtils.java:logGet(43)) - raft.server.watch.timeout = 10s (default)
2019-11-14 19:59:16,293 [EventQueue-PipelineReportForPipelineReportHandler] INFO  pipeline.PipelineStateManager (PipelineStateManager.java:openPipeline(134)) - Pipeline Pipeline[ Id: 350b6699-a027-44e8-8bb1-74742d73bcc8, Nodes: 9e8f1412-9bf1-4810-b3e9-2cd8ebd4b71b{ip: 192.168.157.219, host: pr-hdds-2489-n52xc-1246314526, networkLocation: /rack1, certSerialId: null}f857cfdd-345c-4de8-889d-b8fdff158faf{ip: 192.168.157.219, host: pr-hdds-2489-n52xc-1246314526, networkLocation: /rack1, certSerialId: null}37fea5d6-1a60-4b82-9570-57888d4e9f46{ip: 192.168.157.219, host: pr-hdds-2489-n52xc-1246314526, networkLocation: /rack1, certSerialId: null}, Type:RATIS, Factor:THREE, State:OPEN] moved to OPEN state
2019-11-14 19:59:16,293 [9e8f1412-9bf1-4810-b3e9-2cd8ebd4b71b@group-74742D73BCC8-LeaderElection134] INFO  server.RaftServerConfigKeys (ConfUtils.java:logGet(43)) - raft.server.watch.timeout.denomination = 1s (default)
2019-11-14 19:59:16,293 [9e8f1412-9bf1-4810-b3e9-2cd8ebd4b71b@group-74742D73BCC8-LeaderElection134] INFO  server.RaftServerConfigKeys (ConfUtils.java:logGet(43)) - raft.server.watch.element-limit = 65536 (default)
2019-11-14 19:59:16,293 [grpc-default-executor-8] INFO  impl.RaftServerImpl (RaftServerImpl.java:setRole(173)) - 0b9f718b-6f36-48a0-b3e8-8949249bd312@group-9A3395F27780: changes role from  FOLLOWER to FOLLOWER at term 1 for recognizeCandidate:1d99cfa1-5734-40f1-a806-2aa318147fff
2019-11-14 19:59:16,293 [grpc-default-executor-5] INFO  impl.RaftServerImpl (RaftServerImpl.java:setRole(173)) - ae61afd5-043c-42ff-9e00-06be6bf8121c@group-9A3395F27780: changes role from  FOLLOWER to FOLLOWER at term 1 for recognizeCandidate:1d99cfa1-5734-40f1-a806-2aa318147fff
2019-11-14 19:59:16,294 [grpc-default-executor-5] INFO  impl.RoleInfo (RoleInfo.java:shutdownFollowerState(121)) - ae61afd5-043c-42ff-9e00-06be6bf8121c: shutdown FollowerState
2019-11-14 19:59:16,294 [9e8f1412-9bf1-4810-b3e9-2cd8ebd4b71b@group-74742D73BCC8-LeaderElection134] INFO  server.RaftServerConfigKeys (ConfUtils.java:logGet(43)) - raft.server.log.appender.snapshot.chunk.size.max = 16MB (=16777216) (default)
2019-11-14 19:59:16,293 [grpc-default-executor-8] INFO  impl.RoleInfo (RoleInfo.java:shutdownFollowerState(121)) - 0b9f718b-6f36-48a0-b3e8-8949249bd312: shutdown FollowerState
2019-11-14 19:59:16,294 [9e8f1412-9bf1-4810-b3e9-2cd8ebd4b71b@group-74742D73BCC8-LeaderElection134] INFO  server.RaftServerConfigKeys (ConfUtils.java:logGet(43)) - raft.server.log.appender.buffer.byte-limit = 33554432 (custom)
2019-11-14 19:59:16,294 [Thread-3513] INFO  impl.FollowerState (FollowerState.java:run(120)) - ae61afd5-043c-42ff-9e00-06be6bf8121c@group-9A3395F27780-FollowerState was interrupted: java.lang.InterruptedException: sleep interrupted
2019-11-14 19:59:16,294 [grpc-default-executor-5] INFO  impl.RoleInfo (RoleInfo.java:updateAndGet(143)) - ae61afd5-043c-42ff-9e00-06be6bf8121c: start FollowerState
2019-11-14 19:59:16,294 [9e8f1412-9bf1-4810-b3e9-2cd8ebd4b71b@group-74742D73BCC8-LeaderElection134] INFO  server.RaftServerConfigKeys (ConfUtils.java:logGet(43)) - raft.server.log.appender.buffer.element-limit = 1 (custom)
2019-11-14 19:59:16,294 [Thread-3518] INFO  impl.FollowerState (FollowerState.java:run(120)) - 0b9f718b-6f36-48a0-b3e8-8949249bd312@group-9A3395F27780-FollowerState was interrupted: java.lang.InterruptedException: sleep interrupted
2019-11-14 19:59:16,294 [grpc-default-executor-8] INFO  impl.RoleInfo (RoleInfo.java:updateAndGet(143)) - 0b9f718b-6f36-48a0-b3e8-8949249bd312: start FollowerState
2019-11-14 19:59:16,295 [9e8f1412-9bf1-4810-b3e9-2cd8ebd4b71b@group-74742D73BCC8-LeaderElection134] INFO  grpc.GrpcConfigKeys$Server (ConfUtils.java:logGet(43)) - raft.grpc.server.leader.outstanding.appends.max = 128 (default)
2019-11-14 19:59:16,295 [9e8f1412-9bf1-4810-b3e9-2cd8ebd4b71b@group-74742D73BCC8-LeaderElection134] INFO  server.RaftServerConfigKeys (ConfUtils.java:logGet(43)) - raft.server.rpc.request.timeout = 3000ms (default)
2019-11-14 19:59:16,295 [9e8f1412-9bf1-4810-b3e9-2cd8ebd4b71b@group-74742D73BCC8-LeaderElection134] INFO  server.RaftServerConfigKeys (ConfUtils.java:logGet(43)) - raft.server.log.appender.install.snapshot.enabled = false (custom)
2019-11-14 19:59:16,295 [9e8f1412-9bf1-4810-b3e9-2cd8ebd4b71b@group-74742D73BCC8-LeaderElection134] WARN  impl.MetricRegistriesImpl (MetricRegistriesImpl.java:lambda$create$1(61)) - First MetricRegistry has been created without registering reporters. You may need to call MetricRegistries.global().addReportRegistration(...) before.
2019-11-14 19:59:16,295 [9e8f1412-9bf1-4810-b3e9-2cd8ebd4b71b@group-74742D73BCC8-LeaderElection134] INFO  server.RaftServerConfigKeys (ConfUtils.java:logGet(43)) - raft.server.log.appender.snapshot.chunk.size.max = 16MB (=16777216) (default)
2019-11-14 19:59:16,295 [9e8f1412-9bf1-4810-b3e9-2cd8ebd4b71b@group-74742D73BCC8-LeaderElection134] INFO  server.RaftServerConfigKeys (ConfUtils.java:logGet(43)) - raft.server.log.appender.buffer.byte-limit = 33554432 (custom)
2019-11-14 19:59:16,296 [9e8f1412-9bf1-4810-b3e9-2cd8ebd4b71b@group-74742D73BCC8-LeaderElection134] INFO  server.RaftServerConfigKeys (ConfUtils.java:logGet(43)) - raft.server.log.appender.buffer.element-limit = 1 (custom)
2019-11-14 19:59:16,296 [9e8f1412-9bf1-4810-b3e9-2cd8ebd4b71b@group-74742D73BCC8-LeaderElection134] INFO  grpc.GrpcConfigKeys$Server (ConfUtils.java:logGet(43)) - raft.grpc.server.leader.outstanding.appends.max = 128 (default)
2019-11-14 19:59:16,296 [9e8f1412-9bf1-4810-b3e9-2cd8ebd4b71b@group-74742D73BCC8-LeaderElection134] INFO  server.RaftServerConfigKeys (ConfUtils.java:logGet(43)) - raft.server.rpc.request.timeout = 3000ms (default)
2019-11-14 19:59:16,296 [9e8f1412-9bf1-4810-b3e9-2cd8ebd4b71b@group-74742D73BCC8-LeaderElection134] INFO  server.RaftServerConfigKeys (ConfUtils.java:logGet(43)) - raft.server.log.appender.install.snapshot.enabled = false (custom)
2019-11-14 19:59:16,296 [9e8f1412-9bf1-4810-b3e9-2cd8ebd4b71b@group-74742D73BCC8-LeaderElection134] INFO  impl.RoleInfo (RoleInfo.java:updateAndGet(143)) - 9e8f1412-9bf1-4810-b3e9-2cd8ebd4b71b: start LeaderState
2019-11-14 19:59:16,296 [9e8f1412-9bf1-4810-b3e9-2cd8ebd4b71b@group-74742D73BCC8-LeaderElection134] INFO  segmented.SegmentedRaftLogWorker (SegmentedRaftLogWorker.java:startLogSegment(385)) - 9e8f1412-9bf1-4810-b3e9-2cd8ebd4b71b@group-74742D73BCC8-SegmentedRaftLogWorker: Starting segment from index:0
2019-11-14 19:59:16,297 [9e8f1412-9bf1-4810-b3e9-2cd8ebd4b71b@group-74742D73BCC8-LeaderElection134] INFO  impl.RaftServerImpl (ServerState.java:setRaftConf(356)) - 9e8f1412-9bf1-4810-b3e9-2cd8ebd4b71b@group-74742D73BCC8: set configuration 0: [9e8f1412-9bf1-4810-b3e9-2cd8ebd4b71b:192.168.157.219:38230, f857cfdd-345c-4de8-889d-b8fdff158faf:192.168.157.219:39658, 37fea5d6-1a60-4b82-9570-57888d4e9f46:192.168.157.219:35005], old=null at 0
2019-11-14 19:59:16,298 [grpc-default-executor-7] INFO  ratis.XceiverServerRatis (XceiverServerRatis.java:handleLeaderChangedNotification(697)) - Leader change notification received for group: group-74742D73BCC8 with new leaderId: 9e8f1412-9bf1-4810-b3e9-2cd8ebd4b71b
2019-11-14 19:59:16,298 [grpc-default-executor-7] INFO  impl.RaftServerImpl (ServerState.java:setLeader(255)) - f857cfdd-345c-4de8-889d-b8fdff158faf@group-74742D73BCC8: change Leader from null to 9e8f1412-9bf1-4810-b3e9-2cd8ebd4b71b at term 1 for appendEntries, leader elected after 1131ms
2019-11-14 19:59:16,299 [grpc-default-executor-6] INFO  ratis.XceiverServerRatis (XceiverServerRatis.java:handleLeaderChangedNotification(697)) - Leader change notification received for group: group-74742D73BCC8 with new leaderId: 9e8f1412-9bf1-4810-b3e9-2cd8ebd4b71b
2019-11-14 19:59:16,299 [grpc-default-executor-6] INFO  impl.RaftServerImpl (ServerState.java:setLeader(255)) - 37fea5d6-1a60-4b82-9570-57888d4e9f46@group-74742D73BCC8: change Leader from null to 9e8f1412-9bf1-4810-b3e9-2cd8ebd4b71b at term 1 for appendEntries, leader elected after 1132ms
2019-11-14 19:59:16,299 [grpc-default-executor-7] INFO  impl.RaftServerImpl (ServerState.java:setRaftConf(356)) - f857cfdd-345c-4de8-889d-b8fdff158faf@group-74742D73BCC8: set configuration 0: [9e8f1412-9bf1-4810-b3e9-2cd8ebd4b71b:192.168.157.219:38230, f857cfdd-345c-4de8-889d-b8fdff158faf:192.168.157.219:39658, 37fea5d6-1a60-4b82-9570-57888d4e9f46:192.168.157.219:35005], old=null at 0
2019-11-14 19:59:16,299 [grpc-default-executor-7] INFO  segmented.SegmentedRaftLogWorker (SegmentedRaftLogWorker.java:startLogSegment(385)) - f857cfdd-345c-4de8-889d-b8fdff158faf@group-74742D73BCC8-SegmentedRaftLogWorker: Starting segment from index:0
2019-11-14 19:59:16,300 [grpc-default-executor-7] INFO  impl.RaftServerImpl (ServerState.java:setRaftConf(356)) - 37fea5d6-1a60-4b82-9570-57888d4e9f46@group-74742D73BCC8: set configuration 0: [9e8f1412-9bf1-4810-b3e9-2cd8ebd4b71b:192.168.157.219:38230, f857cfdd-345c-4de8-889d-b8fdff158faf:192.168.157.219:39658, 37fea5d6-1a60-4b82-9570-57888d4e9f46:192.168.157.219:35005], old=null at 0
2019-11-14 19:59:16,300 [grpc-default-executor-7] INFO  segmented.SegmentedRaftLogWorker (SegmentedRaftLogWorker.java:startLogSegment(385)) - 37fea5d6-1a60-4b82-9570-57888d4e9f46@group-74742D73BCC8-SegmentedRaftLogWorker: Starting segment from index:0
2019-11-14 19:59:16,307 [9e8f1412-9bf1-4810-b3e9-2cd8ebd4b71b@group-55FD29FCF0CF-SegmentedRaftLogWorker] INFO  segmented.SegmentedRaftLogWorker (SegmentedRaftLogWorker.java:execute(576)) - 9e8f1412-9bf1-4810-b3e9-2cd8ebd4b71b@group-55FD29FCF0CF-SegmentedRaftLogWorker: created new log segment /workdir/hadoop-ozone/integration-test/target/test-dir/MiniOzoneClusterImpl-df23ed15-4459-4301-a988-82089ad70e13/datanode-4/data/ratis/e2c97e77-c99c-49b4-9771-55fd29fcf0cf/current/log_inprogress_0
2019-11-14 19:59:16,325 [1d99cfa1-5734-40f1-a806-2aa318147fff@group-5137C7DA21AD-LeaderElection137] INFO  impl.LeaderElection (LeaderElection.java:askForVotes(178)) - 1d99cfa1-5734-40f1-a806-2aa318147fff@group-5137C7DA21AD-LeaderElection137: begin an election at term 1 for -1: [1d99cfa1-5734-40f1-a806-2aa318147fff:192.168.157.219:42659], old=null
2019-11-14 19:59:16,325 [1d99cfa1-5734-40f1-a806-2aa318147fff@group-5137C7DA21AD-LeaderElection137] INFO  impl.RoleInfo (RoleInfo.java:shutdownLeaderElection(134)) - 1d99cfa1-5734-40f1-a806-2aa318147fff: shutdown LeaderElection
2019-11-14 19:59:16,325 [1d99cfa1-5734-40f1-a806-2aa318147fff@group-5137C7DA21AD-LeaderElection137] INFO  impl.RaftServerImpl (RaftServerImpl.java:setRole(173)) - 1d99cfa1-5734-40f1-a806-2aa318147fff@group-5137C7DA21AD: changes role from CANDIDATE to LEADER at term 1 for changeToLeader
2019-11-14 19:59:16,325 [1d99cfa1-5734-40f1-a806-2aa318147fff@group-5137C7DA21AD-LeaderElection137] INFO  ratis.XceiverServerRatis (XceiverServerRatis.java:handleLeaderChangedNotification(697)) - Leader change notification received for group: group-5137C7DA21AD with new leaderId: 1d99cfa1-5734-40f1-a806-2aa318147fff
2019-11-14 19:59:16,325 [1d99cfa1-5734-40f1-a806-2aa318147fff@group-5137C7DA21AD-LeaderElection137] INFO  impl.RaftServerImpl (ServerState.java:setLeader(255)) - 1d99cfa1-5734-40f1-a806-2aa318147fff@group-5137C7DA21AD: change Leader from null to 1d99cfa1-5734-40f1-a806-2aa318147fff at term 1 for becomeLeader, leader elected after 1040ms
2019-11-14 19:59:16,325 [1d99cfa1-5734-40f1-a806-2aa318147fff@group-5137C7DA21AD-LeaderElection137] INFO  server.RaftServerConfigKeys (ConfUtils.java:logGet(43)) - raft.server.staging.catchup.gap = 1000 (default)
2019-11-14 19:59:16,325 [1d99cfa1-5734-40f1-a806-2aa318147fff@group-9A3395F27780-LeaderElection136] INFO  impl.LeaderElection (LeaderElection.java:logAndReturn(56)) - 1d99cfa1-5734-40f1-a806-2aa318147fff@group-9A3395F27780-LeaderElection136: Election PASSED; received 1 response(s) [1d99cfa1-5734-40f1-a806-2aa318147fff<-0b9f718b-6f36-48a0-b3e8-8949249bd312#0:OK-t1] and 0 exception(s); 1d99cfa1-5734-40f1-a806-2aa318147fff@group-9A3395F27780:t1, leader=null, voted=1d99cfa1-5734-40f1-a806-2aa318147fff, raftlog=1d99cfa1-5734-40f1-a806-2aa318147fff@group-9A3395F27780-SegmentedRaftLog:OPENED:c-1,f-1,i0, conf=-1: [ae61afd5-043c-42ff-9e00-06be6bf8121c:192.168.157.219:41147, 1d99cfa1-5734-40f1-a806-2aa318147fff:192.168.157.219:42659, 0b9f718b-6f36-48a0-b3e8-8949249bd312:192.168.157.219:44307], old=null
2019-11-14 19:59:16,325 [1d99cfa1-5734-40f1-a806-2aa318147fff@group-5137C7DA21AD-LeaderElection137] INFO  server.RaftServerConfigKeys (ConfUtils.java:logGet(43)) - raft.server.rpc.sleep.time = 25ms (default)
2019-11-14 19:59:16,326 [1d99cfa1-5734-40f1-a806-2aa318147fff@group-9A3395F27780-LeaderElection136] INFO  impl.RoleInfo (RoleInfo.java:shutdownLeaderElection(134)) - 1d99cfa1-5734-40f1-a806-2aa318147fff: shutdown LeaderElection
2019-11-14 19:59:16,326 [1d99cfa1-5734-40f1-a806-2aa318147fff@group-5137C7DA21AD-LeaderElection137] INFO  server.RaftServerConfigKeys (ConfUtils.java:logGet(43)) - raft.server.write.element-limit = 4096 (default)
2019-11-14 19:59:16,326 [1d99cfa1-5734-40f1-a806-2aa318147fff@group-9A3395F27780-LeaderElection136] INFO  impl.RaftServerImpl (RaftServerImpl.java:setRole(173)) - 1d99cfa1-5734-40f1-a806-2aa318147fff@group-9A3395F27780: changes role from CANDIDATE to LEADER at term 1 for changeToLeader
2019-11-14 19:59:16,326 [1d99cfa1-5734-40f1-a806-2aa318147fff@group-5137C7DA21AD-LeaderElection137] INFO  server.RaftServerConfigKeys (ConfUtils.java:logGet(43)) - raft.server.watch.timeout = 10s (default)
2019-11-14 19:59:16,326 [EventQueue-PipelineReportForPipelineReportHandler] INFO  pipeline.PipelineStateManager (PipelineStateManager.java:openPipeline(134)) - Pipeline Pipeline[ Id: eecefa76-bcf3-4c6c-b8e4-5137c7da21ad, Nodes: 1d99cfa1-5734-40f1-a806-2aa318147fff{ip: 192.168.157.219, host: pr-hdds-2489-n52xc-1246314526, networkLocation: /rack1, certSerialId: null}, Type:RATIS, Factor:ONE, State:OPEN] moved to OPEN state
2019-11-14 19:59:16,326 [1d99cfa1-5734-40f1-a806-2aa318147fff@group-9A3395F27780-LeaderElection136] INFO  ratis.XceiverServerRatis (XceiverServerRatis.java:handleLeaderChangedNotification(697)) - Leader change notification received for group: group-9A3395F27780 with new leaderId: 1d99cfa1-5734-40f1-a806-2aa318147fff
2019-11-14 19:59:16,326 [1d99cfa1-5734-40f1-a806-2aa318147fff@group-5137C7DA21AD-LeaderElection137] INFO  server.RaftServerConfigKeys (ConfUtils.java:logGet(43)) - raft.server.watch.timeout.denomination = 1s (default)
2019-11-14 19:59:16,326 [1d99cfa1-5734-40f1-a806-2aa318147fff@group-9A3395F27780-LeaderElection136] INFO  impl.RaftServerImpl (ServerState.java:setLeader(255)) - 1d99cfa1-5734-40f1-a806-2aa318147fff@group-9A3395F27780: change Leader from null to 1d99cfa1-5734-40f1-a806-2aa318147fff at term 1 for becomeLeader, leader elected after 1104ms
2019-11-14 19:59:16,326 [1d99cfa1-5734-40f1-a806-2aa318147fff@group-5137C7DA21AD-LeaderElection137] INFO  server.RaftServerConfigKeys (ConfUtils.java:logGet(43)) - raft.server.watch.element-limit = 65536 (default)
2019-11-14 19:59:16,326 [1d99cfa1-5734-40f1-a806-2aa318147fff@group-9A3395F27780-LeaderElection136] INFO  server.RaftServerConfigKeys (ConfUtils.java:logGet(43)) - raft.server.staging.catchup.gap = 1000 (default)
2019-11-14 19:59:16,326 [1d99cfa1-5734-40f1-a806-2aa318147fff@group-5137C7DA21AD-LeaderElection137] INFO  impl.RoleInfo (RoleInfo.java:updateAndGet(143)) - 1d99cfa1-5734-40f1-a806-2aa318147fff: start LeaderState
2019-11-14 19:59:16,326 [1d99cfa1-5734-40f1-a806-2aa318147fff@group-9A3395F27780-LeaderElection136] INFO  server.RaftServerConfigKeys (ConfUtils.java:logGet(43)) - raft.server.rpc.sleep.time = 25ms (default)
2019-11-14 19:59:16,327 [1d99cfa1-5734-40f1-a806-2aa318147fff@group-5137C7DA21AD-LeaderElection137] INFO  segmented.SegmentedRaftLogWorker (SegmentedRaftLogWorker.java:startLogSegment(385)) - 1d99cfa1-5734-40f1-a806-2aa318147fff@group-5137C7DA21AD-SegmentedRaftLogWorker: Starting segment from index:0
2019-11-14 19:59:16,327 [EventQueue-PipelineReportForPipelineReportHandler] INFO  pipeline.PipelineStateManager (PipelineStateManager.java:openPipeline(134)) - Pipeline Pipeline[ Id: 0697d221-366d-4bf0-a6bd-9a3395f27780, Nodes: 1d99cfa1-5734-40f1-a806-2aa318147fff{ip: 192.168.157.219, host: pr-hdds-2489-n52xc-1246314526, networkLocation: /rack1, certSerialId: null}0b9f718b-6f36-48a0-b3e8-8949249bd312{ip: 192.168.157.219, host: pr-hdds-2489-n52xc-1246314526, networkLocation: /rack1, certSerialId: null}ae61afd5-043c-42ff-9e00-06be6bf8121c{ip: 192.168.157.219, host: pr-hdds-2489-n52xc-1246314526, networkLocation: /rack1, certSerialId: null}, Type:RATIS, Factor:THREE, State:OPEN] moved to OPEN state
2019-11-14 19:59:16,327 [1d99cfa1-5734-40f1-a806-2aa318147fff@group-9A3395F27780-LeaderElection136] INFO  server.RaftServerConfigKeys (ConfUtils.java:logGet(43)) - raft.server.write.element-limit = 4096 (default)
2019-11-14 19:59:16,327 [1d99cfa1-5734-40f1-a806-2aa318147fff@group-5137C7DA21AD-LeaderElection137] INFO  impl.RaftServerImpl (ServerState.java:setRaftConf(356)) - 1d99cfa1-5734-40f1-a806-2aa318147fff@group-5137C7DA21AD: set configuration 0: [1d99cfa1-5734-40f1-a806-2aa318147fff:192.168.157.219:42659], old=null at 0
2019-11-14 19:59:16,327 [1d99cfa1-5734-40f1-a806-2aa318147fff@group-9A3395F27780-LeaderElection136] INFO  server.RaftServerConfigKeys (ConfUtils.java:logGet(43)) - raft.server.watch.timeout = 10s (default)
2019-11-14 19:59:16,327 [1d99cfa1-5734-40f1-a806-2aa318147fff@group-9A3395F27780-LeaderElection136] INFO  server.RaftServerConfigKeys (ConfUtils.java:logGet(43)) - raft.server.watch.timeout.denomination = 1s (default)
2019-11-14 19:59:16,327 [1d99cfa1-5734-40f1-a806-2aa318147fff@group-9A3395F27780-LeaderElection136] INFO  server.RaftServerConfigKeys (ConfUtils.java:logGet(43)) - raft.server.watch.element-limit = 65536 (default)
2019-11-14 19:59:16,327 [1d99cfa1-5734-40f1-a806-2aa318147fff@group-9A3395F27780-LeaderElection136] INFO  server.RaftServerConfigKeys (ConfUtils.java:logGet(43)) - raft.server.log.appender.snapshot.chunk.size.max = 16MB (=16777216) (default)
2019-11-14 19:59:16,328 [1d99cfa1-5734-40f1-a806-2aa318147fff@group-9A3395F27780-LeaderElection136] INFO  server.RaftServerConfigKeys (ConfUtils.java:logGet(43)) - raft.server.log.appender.buffer.byte-limit = 33554432 (custom)
2019-11-14 19:59:16,328 [1d99cfa1-5734-40f1-a806-2aa318147fff@group-9A3395F27780-LeaderElection136] INFO  server.RaftServerConfigKeys (ConfUtils.java:logGet(43)) - raft.server.log.appender.buffer.element-limit = 1 (custom)
2019-11-14 19:59:16,328 [1d99cfa1-5734-40f1-a806-2aa318147fff@group-9A3395F27780-LeaderElection136] INFO  grpc.GrpcConfigKeys$Server (ConfUtils.java:logGet(43)) - raft.grpc.server.leader.outstanding.appends.max = 128 (default)
2019-11-14 19:59:16,328 [1d99cfa1-5734-40f1-a806-2aa318147fff@group-9A3395F27780-LeaderElection136] INFO  server.RaftServerConfigKeys (ConfUtils.java:logGet(43)) - raft.server.rpc.request.timeout = 3000ms (default)
2019-11-14 19:59:16,328 [1d99cfa1-5734-40f1-a806-2aa318147fff@group-9A3395F27780-LeaderElection136] INFO  server.RaftServerConfigKeys (ConfUtils.java:logGet(43)) - raft.server.log.appender.install.snapshot.enabled = false (custom)
2019-11-14 19:59:16,328 [1d99cfa1-5734-40f1-a806-2aa318147fff@group-9A3395F27780-LeaderElection136] WARN  impl.MetricRegistriesImpl (MetricRegistriesImpl.java:lambda$create$1(61)) - First MetricRegistry has been created without registering reporters. You may need to call MetricRegistries.global().addReportRegistration(...) before.
2019-11-14 19:59:16,329 [1d99cfa1-5734-40f1-a806-2aa318147fff@group-9A3395F27780-LeaderElection136] INFO  server.RaftServerConfigKeys (ConfUtils.java:logGet(43)) - raft.server.log.appender.snapshot.chunk.size.max = 16MB (=16777216) (default)
2019-11-14 19:59:16,329 [1d99cfa1-5734-40f1-a806-2aa318147fff@group-9A3395F27780-LeaderElection136] INFO  server.RaftServerConfigKeys (ConfUtils.java:logGet(43)) - raft.server.log.appender.buffer.byte-limit = 33554432 (custom)
2019-11-14 19:59:16,329 [1d99cfa1-5734-40f1-a806-2aa318147fff@group-9A3395F27780-LeaderElection136] INFO  server.RaftServerConfigKeys (ConfUtils.java:logGet(43)) - raft.server.log.appender.buffer.element-limit = 1 (custom)
2019-11-14 19:59:16,329 [1d99cfa1-5734-40f1-a806-2aa318147fff@group-9A3395F27780-LeaderElection136] INFO  grpc.GrpcConfigKeys$Server (ConfUtils.java:logGet(43)) - raft.grpc.server.leader.outstanding.appends.max = 128 (default)
2019-11-14 19:59:16,329 [1d99cfa1-5734-40f1-a806-2aa318147fff@group-9A3395F27780-LeaderElection136] INFO  server.RaftServerConfigKeys (ConfUtils.java:logGet(43)) - raft.server.rpc.request.timeout = 3000ms (default)
2019-11-14 19:59:16,329 [1d99cfa1-5734-40f1-a806-2aa318147fff@group-9A3395F27780-LeaderElection136] INFO  server.RaftServerConfigKeys (ConfUtils.java:logGet(43)) - raft.server.log.appender.install.snapshot.enabled = false (custom)
2019-11-14 19:59:16,329 [1d99cfa1-5734-40f1-a806-2aa318147fff@group-9A3395F27780-LeaderElection136] INFO  impl.RoleInfo (RoleInfo.java:updateAndGet(143)) - 1d99cfa1-5734-40f1-a806-2aa318147fff: start LeaderState
2019-11-14 19:59:16,330 [1d99cfa1-5734-40f1-a806-2aa318147fff@group-9A3395F27780-LeaderElection136] INFO  segmented.SegmentedRaftLogWorker (SegmentedRaftLogWorker.java:startLogSegment(385)) - 1d99cfa1-5734-40f1-a806-2aa318147fff@group-9A3395F27780-SegmentedRaftLogWorker: Starting segment from index:0
2019-11-14 19:59:16,330 [1d99cfa1-5734-40f1-a806-2aa318147fff@group-9A3395F27780-LeaderElection136] INFO  impl.RaftServerImpl (ServerState.java:setRaftConf(356)) - 1d99cfa1-5734-40f1-a806-2aa318147fff@group-9A3395F27780: set configuration 0: [ae61afd5-043c-42ff-9e00-06be6bf8121c:192.168.157.219:41147, 1d99cfa1-5734-40f1-a806-2aa318147fff:192.168.157.219:42659, 0b9f718b-6f36-48a0-b3e8-8949249bd312:192.168.157.219:44307], old=null at 0
2019-11-14 19:59:16,331 [grpc-default-executor-5] INFO  ratis.XceiverServerRatis (XceiverServerRatis.java:handleLeaderChangedNotification(697)) - Leader change notification received for group: group-9A3395F27780 with new leaderId: 1d99cfa1-5734-40f1-a806-2aa318147fff
2019-11-14 19:59:16,331 [grpc-default-executor-8] INFO  ratis.XceiverServerRatis (XceiverServerRatis.java:handleLeaderChangedNotification(697)) - Leader change notification received for group: group-9A3395F27780 with new leaderId: 1d99cfa1-5734-40f1-a806-2aa318147fff
2019-11-14 19:59:16,331 [grpc-default-executor-5] INFO  impl.RaftServerImpl (ServerState.java:setLeader(255)) - ae61afd5-043c-42ff-9e00-06be6bf8121c@group-9A3395F27780: change Leader from null to 1d99cfa1-5734-40f1-a806-2aa318147fff at term 1 for appendEntries, leader elected after 1109ms
2019-11-14 19:59:16,331 [grpc-default-executor-8] INFO  impl.RaftServerImpl (ServerState.java:setLeader(255)) - 0b9f718b-6f36-48a0-b3e8-8949249bd312@group-9A3395F27780: change Leader from null to 1d99cfa1-5734-40f1-a806-2aa318147fff at term 1 for appendEntries, leader elected after 1109ms
2019-11-14 19:59:16,333 [grpc-default-executor-5] INFO  impl.RaftServerImpl (ServerState.java:setRaftConf(356)) - ae61afd5-043c-42ff-9e00-06be6bf8121c@group-9A3395F27780: set configuration 0: [ae61afd5-043c-42ff-9e00-06be6bf8121c:192.168.157.219:41147, 1d99cfa1-5734-40f1-a806-2aa318147fff:192.168.157.219:42659, 0b9f718b-6f36-48a0-b3e8-8949249bd312:192.168.157.219:44307], old=null at 0
2019-11-14 19:59:16,333 [grpc-default-executor-5] INFO  segmented.SegmentedRaftLogWorker (SegmentedRaftLogWorker.java:startLogSegment(385)) - ae61afd5-043c-42ff-9e00-06be6bf8121c@group-9A3395F27780-SegmentedRaftLogWorker: Starting segment from index:0
2019-11-14 19:59:16,333 [grpc-default-executor-8] INFO  impl.RaftServerImpl (ServerState.java:setRaftConf(356)) - 0b9f718b-6f36-48a0-b3e8-8949249bd312@group-9A3395F27780: set configuration 0: [ae61afd5-043c-42ff-9e00-06be6bf8121c:192.168.157.219:41147, 1d99cfa1-5734-40f1-a806-2aa318147fff:192.168.157.219:42659, 0b9f718b-6f36-48a0-b3e8-8949249bd312:192.168.157.219:44307], old=null at 0
2019-11-14 19:59:16,333 [grpc-default-executor-8] INFO  segmented.SegmentedRaftLogWorker (SegmentedRaftLogWorker.java:startLogSegment(385)) - 0b9f718b-6f36-48a0-b3e8-8949249bd312@group-9A3395F27780-SegmentedRaftLogWorker: Starting segment from index:0
2019-11-14 19:59:16,370 [37fea5d6-1a60-4b82-9570-57888d4e9f46@group-74742D73BCC8-SegmentedRaftLogWorker] INFO  segmented.SegmentedRaftLogWorker (SegmentedRaftLogWorker.java:execute(576)) - 37fea5d6-1a60-4b82-9570-57888d4e9f46@group-74742D73BCC8-SegmentedRaftLogWorker: created new log segment /workdir/hadoop-ozone/integration-test/target/test-dir/MiniOzoneClusterImpl-df23ed15-4459-4301-a988-82089ad70e13/datanode-1/data/ratis/350b6699-a027-44e8-8bb1-74742d73bcc8/current/log_inprogress_0
2019-11-14 19:59:16,370 [f857cfdd-345c-4de8-889d-b8fdff158faf@group-74742D73BCC8-SegmentedRaftLogWorker] INFO  segmented.SegmentedRaftLogWorker (SegmentedRaftLogWorker.java:execute(576)) - f857cfdd-345c-4de8-889d-b8fdff158faf@group-74742D73BCC8-SegmentedRaftLogWorker: created new log segment /workdir/hadoop-ozone/integration-test/target/test-dir/MiniOzoneClusterImpl-df23ed15-4459-4301-a988-82089ad70e13/datanode-2/data/ratis/350b6699-a027-44e8-8bb1-74742d73bcc8/current/log_inprogress_0
2019-11-14 19:59:16,370 [9e8f1412-9bf1-4810-b3e9-2cd8ebd4b71b@group-74742D73BCC8-SegmentedRaftLogWorker] INFO  segmented.SegmentedRaftLogWorker (SegmentedRaftLogWorker.java:execute(576)) - 9e8f1412-9bf1-4810-b3e9-2cd8ebd4b71b@group-74742D73BCC8-SegmentedRaftLogWorker: created new log segment /workdir/hadoop-ozone/integration-test/target/test-dir/MiniOzoneClusterImpl-df23ed15-4459-4301-a988-82089ad70e13/datanode-4/data/ratis/350b6699-a027-44e8-8bb1-74742d73bcc8/current/log_inprogress_0
2019-11-14 19:59:16,371 [1d99cfa1-5734-40f1-a806-2aa318147fff@group-9A3395F27780-SegmentedRaftLogWorker] INFO  segmented.SegmentedRaftLogWorker (SegmentedRaftLogWorker.java:execute(576)) - 1d99cfa1-5734-40f1-a806-2aa318147fff@group-9A3395F27780-SegmentedRaftLogWorker: created new log segment /workdir/hadoop-ozone/integration-test/target/test-dir/MiniOzoneClusterImpl-df23ed15-4459-4301-a988-82089ad70e13/datanode-6/data/ratis/0697d221-366d-4bf0-a6bd-9a3395f27780/current/log_inprogress_0
2019-11-14 19:59:16,371 [1d99cfa1-5734-40f1-a806-2aa318147fff@group-5137C7DA21AD-SegmentedRaftLogWorker] INFO  segmented.SegmentedRaftLogWorker (SegmentedRaftLogWorker.java:execute(576)) - 1d99cfa1-5734-40f1-a806-2aa318147fff@group-5137C7DA21AD-SegmentedRaftLogWorker: created new log segment /workdir/hadoop-ozone/integration-test/target/test-dir/MiniOzoneClusterImpl-df23ed15-4459-4301-a988-82089ad70e13/datanode-6/data/ratis/eecefa76-bcf3-4c6c-b8e4-5137c7da21ad/current/log_inprogress_0
2019-11-14 19:59:16,371 [ae61afd5-043c-42ff-9e00-06be6bf8121c@group-9A3395F27780-SegmentedRaftLogWorker] INFO  segmented.SegmentedRaftLogWorker (SegmentedRaftLogWorker.java:execute(576)) - ae61afd5-043c-42ff-9e00-06be6bf8121c@group-9A3395F27780-SegmentedRaftLogWorker: created new log segment /workdir/hadoop-ozone/integration-test/target/test-dir/MiniOzoneClusterImpl-df23ed15-4459-4301-a988-82089ad70e13/datanode-0/data/ratis/0697d221-366d-4bf0-a6bd-9a3395f27780/current/log_inprogress_0
2019-11-14 19:59:16,371 [0b9f718b-6f36-48a0-b3e8-8949249bd312@group-9A3395F27780-SegmentedRaftLogWorker] INFO  segmented.SegmentedRaftLogWorker (SegmentedRaftLogWorker.java:execute(576)) - 0b9f718b-6f36-48a0-b3e8-8949249bd312@group-9A3395F27780-SegmentedRaftLogWorker: created new log segment /workdir/hadoop-ozone/integration-test/target/test-dir/MiniOzoneClusterImpl-df23ed15-4459-4301-a988-82089ad70e13/datanode-3/data/ratis/0697d221-366d-4bf0-a6bd-9a3395f27780/current/log_inprogress_0
2019-11-14 19:59:16,380 [Thread-3525] INFO  impl.FollowerState (FollowerState.java:run(111)) - e8061cfc-e634-4005-9186-8f9a3cdc71ed@group-6831742A8C71-FollowerState: change to CANDIDATE, lastRpcTime:1034ms, electionTimeout:1034ms
2019-11-14 19:59:16,380 [Thread-3525] INFO  impl.RoleInfo (RoleInfo.java:shutdownFollowerState(121)) - e8061cfc-e634-4005-9186-8f9a3cdc71ed: shutdown FollowerState
2019-11-14 19:59:16,380 [Thread-3525] INFO  impl.RaftServerImpl (RaftServerImpl.java:setRole(173)) - e8061cfc-e634-4005-9186-8f9a3cdc71ed@group-6831742A8C71: changes role from  FOLLOWER to CANDIDATE at term 0 for changeToCandidate
2019-11-14 19:59:16,380 [Thread-3525] INFO  impl.RoleInfo (RoleInfo.java:updateAndGet(143)) - e8061cfc-e634-4005-9186-8f9a3cdc71ed: start LeaderElection
2019-11-14 19:59:16,384 [e8061cfc-e634-4005-9186-8f9a3cdc71ed@group-6831742A8C71-LeaderElection138] INFO  impl.LeaderElection (LeaderElection.java:askForVotes(178)) - e8061cfc-e634-4005-9186-8f9a3cdc71ed@group-6831742A8C71-LeaderElection138: begin an election at term 1 for -1: [e8061cfc-e634-4005-9186-8f9a3cdc71ed:192.168.157.219:37108], old=null
2019-11-14 19:59:16,384 [e8061cfc-e634-4005-9186-8f9a3cdc71ed@group-6831742A8C71-LeaderElection138] INFO  impl.RoleInfo (RoleInfo.java:shutdownLeaderElection(134)) - e8061cfc-e634-4005-9186-8f9a3cdc71ed: shutdown LeaderElection
2019-11-14 19:59:16,384 [e8061cfc-e634-4005-9186-8f9a3cdc71ed@group-6831742A8C71-LeaderElection138] INFO  impl.RaftServerImpl (RaftServerImpl.java:setRole(173)) - e8061cfc-e634-4005-9186-8f9a3cdc71ed@group-6831742A8C71: changes role from CANDIDATE to LEADER at term 1 for changeToLeader
2019-11-14 19:59:16,384 [e8061cfc-e634-4005-9186-8f9a3cdc71ed@group-6831742A8C71-LeaderElection138] INFO  ratis.XceiverServerRatis (XceiverServerRatis.java:handleLeaderChangedNotification(697)) - Leader change notification received for group: group-6831742A8C71 with new leaderId: e8061cfc-e634-4005-9186-8f9a3cdc71ed
2019-11-14 19:59:16,384 [e8061cfc-e634-4005-9186-8f9a3cdc71ed@group-6831742A8C71-LeaderElection138] INFO  impl.RaftServerImpl (ServerState.java:setLeader(255)) - e8061cfc-e634-4005-9186-8f9a3cdc71ed@group-6831742A8C71: change Leader from null to e8061cfc-e634-4005-9186-8f9a3cdc71ed at term 1 for becomeLeader, leader elected after 1041ms
2019-11-14 19:59:16,385 [e8061cfc-e634-4005-9186-8f9a3cdc71ed@group-6831742A8C71-LeaderElection138] INFO  server.RaftServerConfigKeys (ConfUtils.java:logGet(43)) - raft.server.staging.catchup.gap = 1000 (default)
2019-11-14 19:59:16,385 [e8061cfc-e634-4005-9186-8f9a3cdc71ed@group-6831742A8C71-LeaderElection138] INFO  server.RaftServerConfigKeys (ConfUtils.java:logGet(43)) - raft.server.rpc.sleep.time = 25ms (default)
2019-11-14 19:59:16,385 [e8061cfc-e634-4005-9186-8f9a3cdc71ed@group-6831742A8C71-LeaderElection138] INFO  server.RaftServerConfigKeys (ConfUtils.java:logGet(43)) - raft.server.write.element-limit = 4096 (default)
2019-11-14 19:59:16,385 [e8061cfc-e634-4005-9186-8f9a3cdc71ed@group-6831742A8C71-LeaderElection138] INFO  server.RaftServerConfigKeys (ConfUtils.java:logGet(43)) - raft.server.watch.timeout = 10s (default)
2019-11-14 19:59:16,385 [e8061cfc-e634-4005-9186-8f9a3cdc71ed@group-6831742A8C71-LeaderElection138] INFO  server.RaftServerConfigKeys (ConfUtils.java:logGet(43)) - raft.server.watch.timeout.denomination = 1s (default)
2019-11-14 19:59:16,385 [e8061cfc-e634-4005-9186-8f9a3cdc71ed@group-6831742A8C71-LeaderElection138] INFO  server.RaftServerConfigKeys (ConfUtils.java:logGet(43)) - raft.server.watch.element-limit = 65536 (default)
2019-11-14 19:59:16,385 [e8061cfc-e634-4005-9186-8f9a3cdc71ed@group-6831742A8C71-LeaderElection138] INFO  impl.RoleInfo (RoleInfo.java:updateAndGet(143)) - e8061cfc-e634-4005-9186-8f9a3cdc71ed: start LeaderState
2019-11-14 19:59:16,385 [EventQueue-PipelineReportForPipelineReportHandler] INFO  pipeline.PipelineStateManager (PipelineStateManager.java:openPipeline(134)) - Pipeline Pipeline[ Id: 80846428-1ff7-4779-8fbf-6831742a8c71, Nodes: e8061cfc-e634-4005-9186-8f9a3cdc71ed{ip: 192.168.157.219, host: pr-hdds-2489-n52xc-1246314526, networkLocation: /rack1, certSerialId: null}, Type:RATIS, Factor:ONE, State:OPEN] moved to OPEN state
2019-11-14 19:59:16,385 [e8061cfc-e634-4005-9186-8f9a3cdc71ed@group-6831742A8C71-LeaderElection138] INFO  segmented.SegmentedRaftLogWorker (SegmentedRaftLogWorker.java:startLogSegment(385)) - e8061cfc-e634-4005-9186-8f9a3cdc71ed@group-6831742A8C71-SegmentedRaftLogWorker: Starting segment from index:0
2019-11-14 19:59:16,386 [e8061cfc-e634-4005-9186-8f9a3cdc71ed@group-6831742A8C71-LeaderElection138] INFO  impl.RaftServerImpl (ServerState.java:setRaftConf(356)) - e8061cfc-e634-4005-9186-8f9a3cdc71ed@group-6831742A8C71: set configuration 0: [e8061cfc-e634-4005-9186-8f9a3cdc71ed:192.168.157.219:37108], old=null at 0
2019-11-14 19:59:16,418 [Thread-3528] INFO  impl.FollowerState (FollowerState.java:run(111)) - 909799b4-01f9-4409-9e01-df516dc8a9f9@group-9DA71D5C210A-FollowerState: change to CANDIDATE, lastRpcTime:1014ms, electionTimeout:1014ms
2019-11-14 19:59:16,418 [Thread-3528] INFO  impl.RoleInfo (RoleInfo.java:shutdownFollowerState(121)) - 909799b4-01f9-4409-9e01-df516dc8a9f9: shutdown FollowerState
2019-11-14 19:59:16,418 [Thread-3528] INFO  impl.RaftServerImpl (RaftServerImpl.java:setRole(173)) - 909799b4-01f9-4409-9e01-df516dc8a9f9@group-9DA71D5C210A: changes role from  FOLLOWER to CANDIDATE at term 0 for changeToCandidate
2019-11-14 19:59:16,418 [Thread-3528] INFO  impl.RoleInfo (RoleInfo.java:updateAndGet(143)) - 909799b4-01f9-4409-9e01-df516dc8a9f9: start LeaderElection
2019-11-14 19:59:16,429 [e8061cfc-e634-4005-9186-8f9a3cdc71ed@group-6831742A8C71-SegmentedRaftLogWorker] INFO  segmented.SegmentedRaftLogWorker (SegmentedRaftLogWorker.java:execute(576)) - e8061cfc-e634-4005-9186-8f9a3cdc71ed@group-6831742A8C71-SegmentedRaftLogWorker: created new log segment /workdir/hadoop-ozone/integration-test/target/test-dir/MiniOzoneClusterImpl-df23ed15-4459-4301-a988-82089ad70e13/datanode-7/data/ratis/80846428-1ff7-4779-8fbf-6831742a8c71/current/log_inprogress_0
2019-11-14 19:59:16,450 [909799b4-01f9-4409-9e01-df516dc8a9f9@group-9DA71D5C210A-LeaderElection139] INFO  impl.LeaderElection (LeaderElection.java:askForVotes(178)) - 909799b4-01f9-4409-9e01-df516dc8a9f9@group-9DA71D5C210A-LeaderElection139: begin an election at term 1 for -1: [909799b4-01f9-4409-9e01-df516dc8a9f9:192.168.157.219:34722], old=null
2019-11-14 19:59:16,450 [909799b4-01f9-4409-9e01-df516dc8a9f9@group-9DA71D5C210A-LeaderElection139] INFO  impl.RoleInfo (RoleInfo.java:shutdownLeaderElection(134)) - 909799b4-01f9-4409-9e01-df516dc8a9f9: shutdown LeaderElection
2019-11-14 19:59:16,451 [909799b4-01f9-4409-9e01-df516dc8a9f9@group-9DA71D5C210A-LeaderElection139] INFO  impl.RaftServerImpl (RaftServerImpl.java:setRole(173)) - 909799b4-01f9-4409-9e01-df516dc8a9f9@group-9DA71D5C210A: changes role from CANDIDATE to LEADER at term 1 for changeToLeader
2019-11-14 19:59:16,451 [909799b4-01f9-4409-9e01-df516dc8a9f9@group-9DA71D5C210A-LeaderElection139] INFO  ratis.XceiverServerRatis (XceiverServerRatis.java:handleLeaderChangedNotification(697)) - Leader change notification received for group: group-9DA71D5C210A with new leaderId: 909799b4-01f9-4409-9e01-df516dc8a9f9
2019-11-14 19:59:16,451 [909799b4-01f9-4409-9e01-df516dc8a9f9@group-9DA71D5C210A-LeaderElection139] INFO  impl.RaftServerImpl (ServerState.java:setLeader(255)) - 909799b4-01f9-4409-9e01-df516dc8a9f9@group-9DA71D5C210A: change Leader from null to 909799b4-01f9-4409-9e01-df516dc8a9f9 at term 1 for becomeLeader, leader elected after 1049ms
2019-11-14 19:59:16,451 [909799b4-01f9-4409-9e01-df516dc8a9f9@group-9DA71D5C210A-LeaderElection139] INFO  server.RaftServerConfigKeys (ConfUtils.java:logGet(43)) - raft.server.staging.catchup.gap = 1000 (default)
2019-11-14 19:59:16,451 [909799b4-01f9-4409-9e01-df516dc8a9f9@group-9DA71D5C210A-LeaderElection139] INFO  server.RaftServerConfigKeys (ConfUtils.java:logGet(43)) - raft.server.rpc.sleep.time = 25ms (default)
2019-11-14 19:59:16,451 [909799b4-01f9-4409-9e01-df516dc8a9f9@group-9DA71D5C210A-LeaderElection139] INFO  server.RaftServerConfigKeys (ConfUtils.java:logGet(43)) - raft.server.write.element-limit = 4096 (default)
2019-11-14 19:59:16,451 [909799b4-01f9-4409-9e01-df516dc8a9f9@group-9DA71D5C210A-LeaderElection139] INFO  server.RaftServerConfigKeys (ConfUtils.java:logGet(43)) - raft.server.watch.timeout = 10s (default)
2019-11-14 19:59:16,451 [909799b4-01f9-4409-9e01-df516dc8a9f9@group-9DA71D5C210A-LeaderElection139] INFO  server.RaftServerConfigKeys (ConfUtils.java:logGet(43)) - raft.server.watch.timeout.denomination = 1s (default)
2019-11-14 19:59:16,451 [909799b4-01f9-4409-9e01-df516dc8a9f9@group-9DA71D5C210A-LeaderElection139] INFO  server.RaftServerConfigKeys (ConfUtils.java:logGet(43)) - raft.server.watch.element-limit = 65536 (default)
2019-11-14 19:59:16,451 [909799b4-01f9-4409-9e01-df516dc8a9f9@group-9DA71D5C210A-LeaderElection139] INFO  impl.RoleInfo (RoleInfo.java:updateAndGet(143)) - 909799b4-01f9-4409-9e01-df516dc8a9f9: start LeaderState
2019-11-14 19:59:16,451 [EventQueue-PipelineReportForPipelineReportHandler] INFO  pipeline.PipelineStateManager (PipelineStateManager.java:openPipeline(134)) - Pipeline Pipeline[ Id: 94f113ac-78be-4eb0-b51e-9da71d5c210a, Nodes: 909799b4-01f9-4409-9e01-df516dc8a9f9{ip: 192.168.157.219, host: pr-hdds-2489-n52xc-1246314526, networkLocation: /rack1, certSerialId: null}, Type:RATIS, Factor:ONE, State:OPEN] moved to OPEN state
2019-11-14 19:59:16,451 [909799b4-01f9-4409-9e01-df516dc8a9f9@group-9DA71D5C210A-LeaderElection139] INFO  segmented.SegmentedRaftLogWorker (SegmentedRaftLogWorker.java:startLogSegment(385)) - 909799b4-01f9-4409-9e01-df516dc8a9f9@group-9DA71D5C210A-SegmentedRaftLogWorker: Starting segment from index:0
2019-11-14 19:59:16,452 [909799b4-01f9-4409-9e01-df516dc8a9f9@group-9DA71D5C210A-LeaderElection139] INFO  impl.RaftServerImpl (ServerState.java:setRaftConf(356)) - 909799b4-01f9-4409-9e01-df516dc8a9f9@group-9DA71D5C210A: set configuration 0: [909799b4-01f9-4409-9e01-df516dc8a9f9:192.168.157.219:34722], old=null at 0
2019-11-14 19:59:16,488 [909799b4-01f9-4409-9e01-df516dc8a9f9@group-9DA71D5C210A-SegmentedRaftLogWorker] INFO  segmented.SegmentedRaftLogWorker (SegmentedRaftLogWorker.java:execute(576)) - 909799b4-01f9-4409-9e01-df516dc8a9f9@group-9DA71D5C210A-SegmentedRaftLogWorker: created new log segment /workdir/hadoop-ozone/integration-test/target/test-dir/MiniOzoneClusterImpl-df23ed15-4459-4301-a988-82089ad70e13/datanode-8/data/ratis/94f113ac-78be-4eb0-b51e-9da71d5c210a/current/log_inprogress_0
2019-11-14 19:59:16,515 [Thread-3531] INFO  impl.FollowerState (FollowerState.java:run(111)) - 60fc2306-005b-4da9-bff6-f0a04ff2f155@group-22A6E53E15B0-FollowerState: change to CANDIDATE, lastRpcTime:1036ms, electionTimeout:1036ms
2019-11-14 19:59:16,515 [Thread-3531] INFO  impl.RoleInfo (RoleInfo.java:shutdownFollowerState(121)) - 60fc2306-005b-4da9-bff6-f0a04ff2f155: shutdown FollowerState
2019-11-14 19:59:16,515 [Thread-3531] INFO  impl.RaftServerImpl (RaftServerImpl.java:setRole(173)) - 60fc2306-005b-4da9-bff6-f0a04ff2f155@group-22A6E53E15B0: changes role from  FOLLOWER to CANDIDATE at term 0 for changeToCandidate
2019-11-14 19:59:16,515 [Thread-3531] INFO  impl.RoleInfo (RoleInfo.java:updateAndGet(143)) - 60fc2306-005b-4da9-bff6-f0a04ff2f155: start LeaderElection
2019-11-14 19:59:16,538 [60fc2306-005b-4da9-bff6-f0a04ff2f155@group-22A6E53E15B0-LeaderElection140] INFO  impl.LeaderElection (LeaderElection.java:askForVotes(178)) - 60fc2306-005b-4da9-bff6-f0a04ff2f155@group-22A6E53E15B0-LeaderElection140: begin an election at term 1 for -1: [60fc2306-005b-4da9-bff6-f0a04ff2f155:192.168.157.219:33304], old=null
2019-11-14 19:59:16,538 [60fc2306-005b-4da9-bff6-f0a04ff2f155@group-22A6E53E15B0-LeaderElection140] INFO  impl.RoleInfo (RoleInfo.java:shutdownLeaderElection(134)) - 60fc2306-005b-4da9-bff6-f0a04ff2f155: shutdown LeaderElection
2019-11-14 19:59:16,539 [60fc2306-005b-4da9-bff6-f0a04ff2f155@group-22A6E53E15B0-LeaderElection140] INFO  impl.RaftServerImpl (RaftServerImpl.java:setRole(173)) - 60fc2306-005b-4da9-bff6-f0a04ff2f155@group-22A6E53E15B0: changes role from CANDIDATE to LEADER at term 1 for changeToLeader
2019-11-14 19:59:16,539 [60fc2306-005b-4da9-bff6-f0a04ff2f155@group-22A6E53E15B0-LeaderElection140] INFO  ratis.XceiverServerRatis (XceiverServerRatis.java:handleLeaderChangedNotification(697)) - Leader change notification received for group: group-22A6E53E15B0 with new leaderId: 60fc2306-005b-4da9-bff6-f0a04ff2f155
2019-11-14 19:59:16,539 [60fc2306-005b-4da9-bff6-f0a04ff2f155@group-22A6E53E15B0-LeaderElection140] INFO  impl.RaftServerImpl (ServerState.java:setLeader(255)) - 60fc2306-005b-4da9-bff6-f0a04ff2f155@group-22A6E53E15B0: change Leader from null to 60fc2306-005b-4da9-bff6-f0a04ff2f155 at term 1 for becomeLeader, leader elected after 1062ms
2019-11-14 19:59:16,539 [60fc2306-005b-4da9-bff6-f0a04ff2f155@group-22A6E53E15B0-LeaderElection140] INFO  server.RaftServerConfigKeys (ConfUtils.java:logGet(43)) - raft.server.staging.catchup.gap = 1000 (default)
2019-11-14 19:59:16,539 [60fc2306-005b-4da9-bff6-f0a04ff2f155@group-22A6E53E15B0-LeaderElection140] INFO  server.RaftServerConfigKeys (ConfUtils.java:logGet(43)) - raft.server.rpc.sleep.time = 25ms (default)
2019-11-14 19:59:16,539 [60fc2306-005b-4da9-bff6-f0a04ff2f155@group-22A6E53E15B0-LeaderElection140] INFO  server.RaftServerConfigKeys (ConfUtils.java:logGet(43)) - raft.server.write.element-limit = 4096 (default)
2019-11-14 19:59:16,539 [60fc2306-005b-4da9-bff6-f0a04ff2f155@group-22A6E53E15B0-LeaderElection140] INFO  server.RaftServerConfigKeys (ConfUtils.java:logGet(43)) - raft.server.watch.timeout = 10s (default)
2019-11-14 19:59:16,539 [60fc2306-005b-4da9-bff6-f0a04ff2f155@group-22A6E53E15B0-LeaderElection140] INFO  server.RaftServerConfigKeys (ConfUtils.java:logGet(43)) - raft.server.watch.timeout.denomination = 1s (default)
2019-11-14 19:59:16,539 [60fc2306-005b-4da9-bff6-f0a04ff2f155@group-22A6E53E15B0-LeaderElection140] INFO  server.RaftServerConfigKeys (ConfUtils.java:logGet(43)) - raft.server.watch.element-limit = 65536 (default)
2019-11-14 19:59:16,540 [EventQueue-PipelineReportForPipelineReportHandler] INFO  pipeline.PipelineStateManager (PipelineStateManager.java:openPipeline(134)) - Pipeline Pipeline[ Id: 84f139eb-8ef5-4a30-8bd8-22a6e53e15b0, Nodes: 60fc2306-005b-4da9-bff6-f0a04ff2f155{ip: 192.168.157.219, host: pr-hdds-2489-n52xc-1246314526, networkLocation: /rack1, certSerialId: null}, Type:RATIS, Factor:ONE, State:OPEN] moved to OPEN state
2019-11-14 19:59:16,540 [60fc2306-005b-4da9-bff6-f0a04ff2f155@group-22A6E53E15B0-LeaderElection140] INFO  impl.RoleInfo (RoleInfo.java:updateAndGet(143)) - 60fc2306-005b-4da9-bff6-f0a04ff2f155: start LeaderState
2019-11-14 19:59:16,540 [60fc2306-005b-4da9-bff6-f0a04ff2f155@group-22A6E53E15B0-LeaderElection140] INFO  segmented.SegmentedRaftLogWorker (SegmentedRaftLogWorker.java:startLogSegment(385)) - 60fc2306-005b-4da9-bff6-f0a04ff2f155@group-22A6E53E15B0-SegmentedRaftLogWorker: Starting segment from index:0
2019-11-14 19:59:16,541 [60fc2306-005b-4da9-bff6-f0a04ff2f155@group-22A6E53E15B0-LeaderElection140] INFO  impl.RaftServerImpl (ServerState.java:setRaftConf(356)) - 60fc2306-005b-4da9-bff6-f0a04ff2f155@group-22A6E53E15B0: set configuration 0: [60fc2306-005b-4da9-bff6-f0a04ff2f155:192.168.157.219:33304], old=null at 0
2019-11-14 19:59:16,584 [60fc2306-005b-4da9-bff6-f0a04ff2f155@group-22A6E53E15B0-SegmentedRaftLogWorker] INFO  segmented.SegmentedRaftLogWorker (SegmentedRaftLogWorker.java:execute(576)) - 60fc2306-005b-4da9-bff6-f0a04ff2f155@group-22A6E53E15B0-SegmentedRaftLogWorker: created new log segment /workdir/hadoop-ozone/integration-test/target/test-dir/MiniOzoneClusterImpl-df23ed15-4459-4301-a988-82089ad70e13/datanode-9/data/ratis/84f139eb-8ef5-4a30-8bd8-22a6e53e15b0/current/log_inprogress_0
2019-11-14 19:59:16,637 [main] INFO  ozone.MiniOzoneClusterImpl (MiniOzoneClusterImpl.java:lambda$waitForClusterToBeReady$2(163)) - Waiting for 2 number of pipelines out of 13, to report a leader.
2019-11-14 19:59:16,681 [Thread-3537] INFO  impl.FollowerState (FollowerState.java:run(111)) - e8061cfc-e634-4005-9186-8f9a3cdc71ed@group-8FE4779757E8-FollowerState: change to CANDIDATE, lastRpcTime:1048ms, electionTimeout:1048ms
2019-11-14 19:59:16,681 [Thread-3537] INFO  impl.RoleInfo (RoleInfo.java:shutdownFollowerState(121)) - e8061cfc-e634-4005-9186-8f9a3cdc71ed: shutdown FollowerState
2019-11-14 19:59:16,681 [Thread-3537] INFO  impl.RaftServerImpl (RaftServerImpl.java:setRole(173)) - e8061cfc-e634-4005-9186-8f9a3cdc71ed@group-8FE4779757E8: changes role from  FOLLOWER to CANDIDATE at term 0 for changeToCandidate
2019-11-14 19:59:16,681 [Thread-3537] INFO  impl.RoleInfo (RoleInfo.java:updateAndGet(143)) - e8061cfc-e634-4005-9186-8f9a3cdc71ed: start LeaderElection
2019-11-14 19:59:16,688 [Thread-3534] INFO  impl.FollowerState (FollowerState.java:run(111)) - 11eb2ad5-5554-4104-ae21-9c50fee78495@group-F697CC2B2D9D-FollowerState: change to CANDIDATE, lastRpcTime:1134ms, electionTimeout:1134ms
2019-11-14 19:59:16,688 [Thread-3534] INFO  impl.RoleInfo (RoleInfo.java:shutdownFollowerState(121)) - 11eb2ad5-5554-4104-ae21-9c50fee78495: shutdown FollowerState
2019-11-14 19:59:16,688 [Thread-3534] INFO  impl.RaftServerImpl (RaftServerImpl.java:setRole(173)) - 11eb2ad5-5554-4104-ae21-9c50fee78495@group-F697CC2B2D9D: changes role from  FOLLOWER to CANDIDATE at term 0 for changeToCandidate
2019-11-14 19:59:16,688 [Thread-3534] INFO  impl.RoleInfo (RoleInfo.java:updateAndGet(143)) - 11eb2ad5-5554-4104-ae21-9c50fee78495: start LeaderElection
2019-11-14 19:59:16,698 [11eb2ad5-5554-4104-ae21-9c50fee78495@group-F697CC2B2D9D-LeaderElection142] INFO  impl.LeaderElection (LeaderElection.java:askForVotes(178)) - 11eb2ad5-5554-4104-ae21-9c50fee78495@group-F697CC2B2D9D-LeaderElection142: begin an election at term 1 for -1: [11eb2ad5-5554-4104-ae21-9c50fee78495:192.168.157.219:38209], old=null
2019-11-14 19:59:16,698 [e8061cfc-e634-4005-9186-8f9a3cdc71ed@group-8FE4779757E8-LeaderElection141] INFO  impl.LeaderElection (LeaderElection.java:askForVotes(178)) - e8061cfc-e634-4005-9186-8f9a3cdc71ed@group-8FE4779757E8-LeaderElection141: begin an election at term 1 for -1: [60fc2306-005b-4da9-bff6-f0a04ff2f155:192.168.157.219:33304, 909799b4-01f9-4409-9e01-df516dc8a9f9:192.168.157.219:34722, e8061cfc-e634-4005-9186-8f9a3cdc71ed:192.168.157.219:37108], old=null
2019-11-14 19:59:16,698 [11eb2ad5-5554-4104-ae21-9c50fee78495@group-F697CC2B2D9D-LeaderElection142] INFO  impl.RoleInfo (RoleInfo.java:shutdownLeaderElection(134)) - 11eb2ad5-5554-4104-ae21-9c50fee78495: shutdown LeaderElection
2019-11-14 19:59:16,698 [11eb2ad5-5554-4104-ae21-9c50fee78495@group-F697CC2B2D9D-LeaderElection142] INFO  impl.RaftServerImpl (RaftServerImpl.java:setRole(173)) - 11eb2ad5-5554-4104-ae21-9c50fee78495@group-F697CC2B2D9D: changes role from CANDIDATE to LEADER at term 1 for changeToLeader
2019-11-14 19:59:16,698 [11eb2ad5-5554-4104-ae21-9c50fee78495@group-F697CC2B2D9D-LeaderElection142] INFO  ratis.XceiverServerRatis (XceiverServerRatis.java:handleLeaderChangedNotification(697)) - Leader change notification received for group: group-F697CC2B2D9D with new leaderId: 11eb2ad5-5554-4104-ae21-9c50fee78495
2019-11-14 19:59:16,698 [11eb2ad5-5554-4104-ae21-9c50fee78495@group-F697CC2B2D9D-LeaderElection142] INFO  impl.RaftServerImpl (ServerState.java:setLeader(255)) - 11eb2ad5-5554-4104-ae21-9c50fee78495@group-F697CC2B2D9D: change Leader from null to 11eb2ad5-5554-4104-ae21-9c50fee78495 at term 1 for becomeLeader, leader elected after 1146ms
2019-11-14 19:59:16,699 [11eb2ad5-5554-4104-ae21-9c50fee78495@group-F697CC2B2D9D-LeaderElection142] INFO  server.RaftServerConfigKeys (ConfUtils.java:logGet(43)) - raft.server.staging.catchup.gap = 1000 (default)
2019-11-14 19:59:16,699 [11eb2ad5-5554-4104-ae21-9c50fee78495@group-F697CC2B2D9D-LeaderElection142] INFO  server.RaftServerConfigKeys (ConfUtils.java:logGet(43)) - raft.server.rpc.sleep.time = 25ms (default)
2019-11-14 19:59:16,699 [11eb2ad5-5554-4104-ae21-9c50fee78495@group-F697CC2B2D9D-LeaderElection142] INFO  server.RaftServerConfigKeys (ConfUtils.java:logGet(43)) - raft.server.write.element-limit = 4096 (default)
2019-11-14 19:59:16,699 [11eb2ad5-5554-4104-ae21-9c50fee78495@group-F697CC2B2D9D-LeaderElection142] INFO  server.RaftServerConfigKeys (ConfUtils.java:logGet(43)) - raft.server.watch.timeout = 10s (default)
2019-11-14 19:59:16,699 [11eb2ad5-5554-4104-ae21-9c50fee78495@group-F697CC2B2D9D-LeaderElection142] INFO  server.RaftServerConfigKeys (ConfUtils.java:logGet(43)) - raft.server.watch.timeout.denomination = 1s (default)
2019-11-14 19:59:16,699 [11eb2ad5-5554-4104-ae21-9c50fee78495@group-F697CC2B2D9D-LeaderElection142] INFO  server.RaftServerConfigKeys (ConfUtils.java:logGet(43)) - raft.server.watch.element-limit = 65536 (default)
2019-11-14 19:59:16,699 [11eb2ad5-5554-4104-ae21-9c50fee78495@group-F697CC2B2D9D-LeaderElection142] INFO  impl.RoleInfo (RoleInfo.java:updateAndGet(143)) - 11eb2ad5-5554-4104-ae21-9c50fee78495: start LeaderState
2019-11-14 19:59:16,699 [EventQueue-PipelineReportForPipelineReportHandler] INFO  pipeline.PipelineStateManager (PipelineStateManager.java:openPipeline(134)) - Pipeline Pipeline[ Id: 2e29f86e-9f00-431d-9f1b-f697cc2b2d9d, Nodes: 11eb2ad5-5554-4104-ae21-9c50fee78495{ip: 192.168.157.219, host: pr-hdds-2489-n52xc-1246314526, networkLocation: /rack1, certSerialId: null}, Type:RATIS, Factor:ONE, State:OPEN] moved to OPEN state
2019-11-14 19:59:16,699 [11eb2ad5-5554-4104-ae21-9c50fee78495@group-F697CC2B2D9D-LeaderElection142] INFO  segmented.SegmentedRaftLogWorker (SegmentedRaftLogWorker.java:startLogSegment(385)) - 11eb2ad5-5554-4104-ae21-9c50fee78495@group-F697CC2B2D9D-SegmentedRaftLogWorker: Starting segment from index:0
2019-11-14 19:59:16,702 [11eb2ad5-5554-4104-ae21-9c50fee78495@group-F697CC2B2D9D-LeaderElection142] INFO  impl.RaftServerImpl (ServerState.java:setRaftConf(356)) - 11eb2ad5-5554-4104-ae21-9c50fee78495@group-F697CC2B2D9D: set configuration 0: [11eb2ad5-5554-4104-ae21-9c50fee78495:192.168.157.219:38209], old=null at 0
2019-11-14 19:59:16,705 [grpc-default-executor-8] INFO  impl.RaftServerImpl (RaftServerImpl.java:setRole(173)) - 909799b4-01f9-4409-9e01-df516dc8a9f9@group-8FE4779757E8: changes role from  FOLLOWER to FOLLOWER at term 1 for recognizeCandidate:e8061cfc-e634-4005-9186-8f9a3cdc71ed
2019-11-14 19:59:16,705 [grpc-default-executor-5] INFO  impl.RaftServerImpl (RaftServerImpl.java:setRole(173)) - 60fc2306-005b-4da9-bff6-f0a04ff2f155@group-8FE4779757E8: changes role from  FOLLOWER to FOLLOWER at term 1 for recognizeCandidate:e8061cfc-e634-4005-9186-8f9a3cdc71ed
2019-11-14 19:59:16,705 [grpc-default-executor-8] INFO  impl.RoleInfo (RoleInfo.java:shutdownFollowerState(121)) - 909799b4-01f9-4409-9e01-df516dc8a9f9: shutdown FollowerState
2019-11-14 19:59:16,705 [grpc-default-executor-5] INFO  impl.RoleInfo (RoleInfo.java:shutdownFollowerState(121)) - 60fc2306-005b-4da9-bff6-f0a04ff2f155: shutdown FollowerState
2019-11-14 19:59:16,705 [Thread-3542] INFO  impl.FollowerState (FollowerState.java:run(120)) - 909799b4-01f9-4409-9e01-df516dc8a9f9@group-8FE4779757E8-FollowerState was interrupted: java.lang.InterruptedException: sleep interrupted
2019-11-14 19:59:16,705 [grpc-default-executor-8] INFO  impl.RoleInfo (RoleInfo.java:updateAndGet(143)) - 909799b4-01f9-4409-9e01-df516dc8a9f9: start FollowerState
2019-11-14 19:59:16,705 [Thread-3541] INFO  impl.FollowerState (FollowerState.java:run(120)) - 60fc2306-005b-4da9-bff6-f0a04ff2f155@group-8FE4779757E8-FollowerState was interrupted: java.lang.InterruptedException: sleep interrupted
2019-11-14 19:59:16,705 [grpc-default-executor-5] INFO  impl.RoleInfo (RoleInfo.java:updateAndGet(143)) - 60fc2306-005b-4da9-bff6-f0a04ff2f155: start FollowerState
2019-11-14 19:59:16,716 [e8061cfc-e634-4005-9186-8f9a3cdc71ed@group-8FE4779757E8-LeaderElection141] INFO  impl.LeaderElection (LeaderElection.java:logAndReturn(56)) - e8061cfc-e634-4005-9186-8f9a3cdc71ed@group-8FE4779757E8-LeaderElection141: Election PASSED; received 1 response(s) [e8061cfc-e634-4005-9186-8f9a3cdc71ed<-60fc2306-005b-4da9-bff6-f0a04ff2f155#0:OK-t1] and 0 exception(s); e8061cfc-e634-4005-9186-8f9a3cdc71ed@group-8FE4779757E8:t1, leader=null, voted=e8061cfc-e634-4005-9186-8f9a3cdc71ed, raftlog=e8061cfc-e634-4005-9186-8f9a3cdc71ed@group-8FE4779757E8-SegmentedRaftLog:OPENED:c-1,f-1,i0, conf=-1: [60fc2306-005b-4da9-bff6-f0a04ff2f155:192.168.157.219:33304, 909799b4-01f9-4409-9e01-df516dc8a9f9:192.168.157.219:34722, e8061cfc-e634-4005-9186-8f9a3cdc71ed:192.168.157.219:37108], old=null
2019-11-14 19:59:16,717 [e8061cfc-e634-4005-9186-8f9a3cdc71ed@group-8FE4779757E8-LeaderElection141] INFO  impl.RoleInfo (RoleInfo.java:shutdownLeaderElection(134)) - e8061cfc-e634-4005-9186-8f9a3cdc71ed: shutdown LeaderElection
2019-11-14 19:59:16,717 [e8061cfc-e634-4005-9186-8f9a3cdc71ed@group-8FE4779757E8-LeaderElection141] INFO  impl.RaftServerImpl (RaftServerImpl.java:setRole(173)) - e8061cfc-e634-4005-9186-8f9a3cdc71ed@group-8FE4779757E8: changes role from CANDIDATE to LEADER at term 1 for changeToLeader
2019-11-14 19:59:16,717 [e8061cfc-e634-4005-9186-8f9a3cdc71ed@group-8FE4779757E8-LeaderElection141] INFO  ratis.XceiverServerRatis (XceiverServerRatis.java:handleLeaderChangedNotification(697)) - Leader change notification received for group: group-8FE4779757E8 with new leaderId: e8061cfc-e634-4005-9186-8f9a3cdc71ed
2019-11-14 19:59:16,717 [e8061cfc-e634-4005-9186-8f9a3cdc71ed@group-8FE4779757E8-LeaderElection141] INFO  impl.RaftServerImpl (ServerState.java:setLeader(255)) - e8061cfc-e634-4005-9186-8f9a3cdc71ed@group-8FE4779757E8: change Leader from null to e8061cfc-e634-4005-9186-8f9a3cdc71ed at term 1 for becomeLeader, leader elected after 1088ms
2019-11-14 19:59:16,717 [e8061cfc-e634-4005-9186-8f9a3cdc71ed@group-8FE4779757E8-LeaderElection141] INFO  server.RaftServerConfigKeys (ConfUtils.java:logGet(43)) - raft.server.staging.catchup.gap = 1000 (default)
2019-11-14 19:59:16,717 [e8061cfc-e634-4005-9186-8f9a3cdc71ed@group-8FE4779757E8-LeaderElection141] INFO  server.RaftServerConfigKeys (ConfUtils.java:logGet(43)) - raft.server.rpc.sleep.time = 25ms (default)
2019-11-14 19:59:16,717 [e8061cfc-e634-4005-9186-8f9a3cdc71ed@group-8FE4779757E8-LeaderElection141] INFO  server.RaftServerConfigKeys (ConfUtils.java:logGet(43)) - raft.server.write.element-limit = 4096 (default)
2019-11-14 19:59:16,717 [e8061cfc-e634-4005-9186-8f9a3cdc71ed@group-8FE4779757E8-LeaderElection141] INFO  server.RaftServerConfigKeys (ConfUtils.java:logGet(43)) - raft.server.watch.timeout = 10s (default)
2019-11-14 19:59:16,717 [e8061cfc-e634-4005-9186-8f9a3cdc71ed@group-8FE4779757E8-LeaderElection141] INFO  server.RaftServerConfigKeys (ConfUtils.java:logGet(43)) - raft.server.watch.timeout.denomination = 1s (default)
2019-11-14 19:59:16,717 [e8061cfc-e634-4005-9186-8f9a3cdc71ed@group-8FE4779757E8-LeaderElection141] INFO  server.RaftServerConfigKeys (ConfUtils.java:logGet(43)) - raft.server.watch.element-limit = 65536 (default)
2019-11-14 19:59:16,717 [e8061cfc-e634-4005-9186-8f9a3cdc71ed@group-8FE4779757E8-LeaderElection141] INFO  server.RaftServerConfigKeys (ConfUtils.java:logGet(43)) - raft.server.log.appender.snapshot.chunk.size.max = 16MB (=16777216) (default)
2019-11-14 19:59:16,717 [EventQueue-PipelineReportForPipelineReportHandler] INFO  pipeline.PipelineStateManager (PipelineStateManager.java:openPipeline(134)) - Pipeline Pipeline[ Id: 2a695022-9cdb-4976-9dad-8fe4779757e8, Nodes: 909799b4-01f9-4409-9e01-df516dc8a9f9{ip: 192.168.157.219, host: pr-hdds-2489-n52xc-1246314526, networkLocation: /rack1, certSerialId: null}e8061cfc-e634-4005-9186-8f9a3cdc71ed{ip: 192.168.157.219, host: pr-hdds-2489-n52xc-1246314526, networkLocation: /rack1, certSerialId: null}60fc2306-005b-4da9-bff6-f0a04ff2f155{ip: 192.168.157.219, host: pr-hdds-2489-n52xc-1246314526, networkLocation: /rack1, certSerialId: null}, Type:RATIS, Factor:THREE, State:OPEN] moved to OPEN state
2019-11-14 19:59:16,718 [e8061cfc-e634-4005-9186-8f9a3cdc71ed@group-8FE4779757E8-LeaderElection141] INFO  server.RaftServerConfigKeys (ConfUtils.java:logGet(43)) - raft.server.log.appender.buffer.byte-limit = 33554432 (custom)
2019-11-14 19:59:16,718 [e8061cfc-e634-4005-9186-8f9a3cdc71ed@group-8FE4779757E8-LeaderElection141] INFO  server.RaftServerConfigKeys (ConfUtils.java:logGet(43)) - raft.server.log.appender.buffer.element-limit = 1 (custom)
2019-11-14 19:59:16,718 [e8061cfc-e634-4005-9186-8f9a3cdc71ed@group-8FE4779757E8-LeaderElection141] INFO  grpc.GrpcConfigKeys$Server (ConfUtils.java:logGet(43)) - raft.grpc.server.leader.outstanding.appends.max = 128 (default)
2019-11-14 19:59:16,718 [e8061cfc-e634-4005-9186-8f9a3cdc71ed@group-8FE4779757E8-LeaderElection141] INFO  server.RaftServerConfigKeys (ConfUtils.java:logGet(43)) - raft.server.rpc.request.timeout = 3000ms (default)
2019-11-14 19:59:16,718 [e8061cfc-e634-4005-9186-8f9a3cdc71ed@group-8FE4779757E8-LeaderElection141] INFO  server.RaftServerConfigKeys (ConfUtils.java:logGet(43)) - raft.server.log.appender.install.snapshot.enabled = false (custom)
2019-11-14 19:59:16,718 [e8061cfc-e634-4005-9186-8f9a3cdc71ed@group-8FE4779757E8-LeaderElection141] WARN  impl.MetricRegistriesImpl (MetricRegistriesImpl.java:lambda$create$1(61)) - First MetricRegistry has been created without registering reporters. You may need to call MetricRegistries.global().addReportRegistration(...) before.
2019-11-14 19:59:16,718 [e8061cfc-e634-4005-9186-8f9a3cdc71ed@group-8FE4779757E8-LeaderElection141] INFO  server.RaftServerConfigKeys (ConfUtils.java:logGet(43)) - raft.server.log.appender.snapshot.chunk.size.max = 16MB (=16777216) (default)
2019-11-14 19:59:16,718 [e8061cfc-e634-4005-9186-8f9a3cdc71ed@group-8FE4779757E8-LeaderElection141] INFO  server.RaftServerConfigKeys (ConfUtils.java:logGet(43)) - raft.server.log.appender.buffer.byte-limit = 33554432 (custom)
2019-11-14 19:59:16,718 [e8061cfc-e634-4005-9186-8f9a3cdc71ed@group-8FE4779757E8-LeaderElection141] INFO  server.RaftServerConfigKeys (ConfUtils.java:logGet(43)) - raft.server.log.appender.buffer.element-limit = 1 (custom)
2019-11-14 19:59:16,718 [e8061cfc-e634-4005-9186-8f9a3cdc71ed@group-8FE4779757E8-LeaderElection141] INFO  grpc.GrpcConfigKeys$Server (ConfUtils.java:logGet(43)) - raft.grpc.server.leader.outstanding.appends.max = 128 (default)
2019-11-14 19:59:16,719 [e8061cfc-e634-4005-9186-8f9a3cdc71ed@group-8FE4779757E8-LeaderElection141] INFO  server.RaftServerConfigKeys (ConfUtils.java:logGet(43)) - raft.server.rpc.request.timeout = 3000ms (default)
2019-11-14 19:59:16,719 [e8061cfc-e634-4005-9186-8f9a3cdc71ed@group-8FE4779757E8-LeaderElection141] INFO  server.RaftServerConfigKeys (ConfUtils.java:logGet(43)) - raft.server.log.appender.install.snapshot.enabled = false (custom)
2019-11-14 19:59:16,719 [e8061cfc-e634-4005-9186-8f9a3cdc71ed@group-8FE4779757E8-LeaderElection141] INFO  impl.RoleInfo (RoleInfo.java:updateAndGet(143)) - e8061cfc-e634-4005-9186-8f9a3cdc71ed: start LeaderState
2019-11-14 19:59:16,719 [e8061cfc-e634-4005-9186-8f9a3cdc71ed@group-8FE4779757E8-LeaderElection141] INFO  segmented.SegmentedRaftLogWorker (SegmentedRaftLogWorker.java:startLogSegment(385)) - e8061cfc-e634-4005-9186-8f9a3cdc71ed@group-8FE4779757E8-SegmentedRaftLogWorker: Starting segment from index:0
2019-11-14 19:59:16,719 [e8061cfc-e634-4005-9186-8f9a3cdc71ed@group-8FE4779757E8-LeaderElection141] INFO  impl.RaftServerImpl (ServerState.java:setRaftConf(356)) - e8061cfc-e634-4005-9186-8f9a3cdc71ed@group-8FE4779757E8: set configuration 0: [60fc2306-005b-4da9-bff6-f0a04ff2f155:192.168.157.219:33304, 909799b4-01f9-4409-9e01-df516dc8a9f9:192.168.157.219:34722, e8061cfc-e634-4005-9186-8f9a3cdc71ed:192.168.157.219:37108], old=null at 0
2019-11-14 19:59:16,720 [grpc-default-executor-8] INFO  ratis.XceiverServerRatis (XceiverServerRatis.java:handleLeaderChangedNotification(697)) - Leader change notification received for group: group-8FE4779757E8 with new leaderId: e8061cfc-e634-4005-9186-8f9a3cdc71ed
2019-11-14 19:59:16,720 [grpc-default-executor-8] INFO  impl.RaftServerImpl (ServerState.java:setLeader(255)) - 909799b4-01f9-4409-9e01-df516dc8a9f9@group-8FE4779757E8: change Leader from null to e8061cfc-e634-4005-9186-8f9a3cdc71ed at term 1 for appendEntries, leader elected after 1091ms
2019-11-14 19:59:16,720 [grpc-default-executor-5] INFO  ratis.XceiverServerRatis (XceiverServerRatis.java:handleLeaderChangedNotification(697)) - Leader change notification received for group: group-8FE4779757E8 with new leaderId: e8061cfc-e634-4005-9186-8f9a3cdc71ed
2019-11-14 19:59:16,720 [grpc-default-executor-5] INFO  impl.RaftServerImpl (ServerState.java:setLeader(255)) - 60fc2306-005b-4da9-bff6-f0a04ff2f155@group-8FE4779757E8: change Leader from null to e8061cfc-e634-4005-9186-8f9a3cdc71ed at term 1 for appendEntries, leader elected after 1092ms
2019-11-14 19:59:16,721 [grpc-default-executor-5] INFO  impl.RaftServerImpl (ServerState.java:setRaftConf(356)) - 909799b4-01f9-4409-9e01-df516dc8a9f9@group-8FE4779757E8: set configuration 0: [60fc2306-005b-4da9-bff6-f0a04ff2f155:192.168.157.219:33304, 909799b4-01f9-4409-9e01-df516dc8a9f9:192.168.157.219:34722, e8061cfc-e634-4005-9186-8f9a3cdc71ed:192.168.157.219:37108], old=null at 0
2019-11-14 19:59:16,721 [grpc-default-executor-5] INFO  segmented.SegmentedRaftLogWorker (SegmentedRaftLogWorker.java:startLogSegment(385)) - 909799b4-01f9-4409-9e01-df516dc8a9f9@group-8FE4779757E8-SegmentedRaftLogWorker: Starting segment from index:0
2019-11-14 19:59:16,721 [grpc-default-executor-8] INFO  impl.RaftServerImpl (ServerState.java:setRaftConf(356)) - 60fc2306-005b-4da9-bff6-f0a04ff2f155@group-8FE4779757E8: set configuration 0: [60fc2306-005b-4da9-bff6-f0a04ff2f155:192.168.157.219:33304, 909799b4-01f9-4409-9e01-df516dc8a9f9:192.168.157.219:34722, e8061cfc-e634-4005-9186-8f9a3cdc71ed:192.168.157.219:37108], old=null at 0
2019-11-14 19:59:16,722 [grpc-default-executor-8] INFO  segmented.SegmentedRaftLogWorker (SegmentedRaftLogWorker.java:startLogSegment(385)) - 60fc2306-005b-4da9-bff6-f0a04ff2f155@group-8FE4779757E8-SegmentedRaftLogWorker: Starting segment from index:0
2019-11-14 19:59:16,744 [11eb2ad5-5554-4104-ae21-9c50fee78495@group-F697CC2B2D9D-SegmentedRaftLogWorker] INFO  segmented.SegmentedRaftLogWorker (SegmentedRaftLogWorker.java:execute(576)) - 11eb2ad5-5554-4104-ae21-9c50fee78495@group-F697CC2B2D9D-SegmentedRaftLogWorker: created new log segment /workdir/hadoop-ozone/integration-test/target/test-dir/MiniOzoneClusterImpl-df23ed15-4459-4301-a988-82089ad70e13/datanode-5/data/ratis/2e29f86e-9f00-431d-9f1b-f697cc2b2d9d/current/log_inprogress_0
2019-11-14 19:59:16,760 [60fc2306-005b-4da9-bff6-f0a04ff2f155@group-8FE4779757E8-SegmentedRaftLogWorker] INFO  segmented.SegmentedRaftLogWorker (SegmentedRaftLogWorker.java:execute(576)) - 60fc2306-005b-4da9-bff6-f0a04ff2f155@group-8FE4779757E8-SegmentedRaftLogWorker: created new log segment /workdir/hadoop-ozone/integration-test/target/test-dir/MiniOzoneClusterImpl-df23ed15-4459-4301-a988-82089ad70e13/datanode-9/data/ratis/2a695022-9cdb-4976-9dad-8fe4779757e8/current/log_inprogress_0
2019-11-14 19:59:16,761 [909799b4-01f9-4409-9e01-df516dc8a9f9@group-8FE4779757E8-SegmentedRaftLogWorker] INFO  segmented.SegmentedRaftLogWorker (SegmentedRaftLogWorker.java:execute(576)) - 909799b4-01f9-4409-9e01-df516dc8a9f9@group-8FE4779757E8-SegmentedRaftLogWorker: created new log segment /workdir/hadoop-ozone/integration-test/target/test-dir/MiniOzoneClusterImpl-df23ed15-4459-4301-a988-82089ad70e13/datanode-8/data/ratis/2a695022-9cdb-4976-9dad-8fe4779757e8/current/log_inprogress_0
2019-11-14 19:59:16,761 [e8061cfc-e634-4005-9186-8f9a3cdc71ed@group-8FE4779757E8-SegmentedRaftLogWorker] INFO  segmented.SegmentedRaftLogWorker (SegmentedRaftLogWorker.java:execute(576)) - e8061cfc-e634-4005-9186-8f9a3cdc71ed@group-8FE4779757E8-SegmentedRaftLogWorker: created new log segment /workdir/hadoop-ozone/integration-test/target/test-dir/MiniOzoneClusterImpl-df23ed15-4459-4301-a988-82089ad70e13/datanode-7/data/ratis/2a695022-9cdb-4976-9dad-8fe4779757e8/current/log_inprogress_0
2019-11-14 19:59:17,640 [main] INFO  ozone.MiniOzoneClusterImpl (MiniOzoneClusterImpl.java:lambda$waitForClusterToBeReady$2(171)) - Cluster is ready. Got 10 of 10 DN Heartbeats.
2019-11-14 19:59:17,669 [main] INFO  rpc.RpcClient (RpcClient.java:createVolume(292)) - Creating Volume: datanodefailurehandlingtest, with jenkins1000 as owner.
2019-11-14 19:59:17,672 [IPC Server handler 2 on 37843] INFO  volume.OMVolumeCreateRequest (OMVolumeCreateRequest.java:validateAndUpdateCache(193)) - created volume:datanodefailurehandlingtest for user:jenkins1000
2019-11-14 19:59:17,694 [main] INFO  rpc.RpcClient (RpcClient.java:createBucket(431)) - Creating Bucket: datanodefailurehandlingtest/datanodefailurehandlingtest, with Versioning false and Storage Type set to DISK and Encryption set to false 
2019-11-14 19:59:17,795 [Thread-3487] INFO  container.ReplicationManager (ReplicationManager.java:start(162)) - Starting Replication Monitor Thread.
2019-11-14 19:59:17,796 [Thread-3487] INFO  pipeline.SCMPipelineManager (SCMPipelineManager.java:finalizeAndDestroyPipeline(315)) - destroying pipeline:Pipeline[ Id: 2e29f86e-9f00-431d-9f1b-f697cc2b2d9d, Nodes: 11eb2ad5-5554-4104-ae21-9c50fee78495{ip: 192.168.157.219, host: pr-hdds-2489-n52xc-1246314526, networkLocation: /rack1, certSerialId: null}, Type:RATIS, Factor:ONE, State:OPEN]
2019-11-14 19:59:17,798 [Thread-3487] INFO  pipeline.PipelineStateManager (PipelineStateManager.java:finalizePipeline(121)) - Pipeline Pipeline[ Id: 2e29f86e-9f00-431d-9f1b-f697cc2b2d9d, Nodes: 11eb2ad5-5554-4104-ae21-9c50fee78495{ip: 192.168.157.219, host: pr-hdds-2489-n52xc-1246314526, networkLocation: /rack1, certSerialId: null}, Type:RATIS, Factor:ONE, State:CLOSED] moved to CLOSED state
2019-11-14 19:59:17,799 [ReplicationMonitor] INFO  container.ReplicationManager (ReplicationManager.java:run(225)) - Replication Monitor Thread took 0 milliseconds for processing 1 containers.
2019-11-14 19:59:17,801 [grpc-default-executor-8] INFO  impl.RaftServerProxy (RaftServerProxy.java:remove(95)) - 11eb2ad5-5554-4104-ae21-9c50fee78495: remove    LEADER 11eb2ad5-5554-4104-ae21-9c50fee78495@group-F697CC2B2D9D:t1, leader=11eb2ad5-5554-4104-ae21-9c50fee78495, voted=11eb2ad5-5554-4104-ae21-9c50fee78495, raftlog=11eb2ad5-5554-4104-ae21-9c50fee78495@group-F697CC2B2D9D-SegmentedRaftLog:OPENED:c0,f0,i0, conf=0: [11eb2ad5-5554-4104-ae21-9c50fee78495:192.168.157.219:38209], old=null RUNNING
2019-11-14 19:59:17,802 [grpc-default-executor-8] INFO  impl.RaftServerImpl (RaftServerImpl.java:lambda$shutdown$3(250)) - 11eb2ad5-5554-4104-ae21-9c50fee78495@group-F697CC2B2D9D: shutdown
2019-11-14 19:59:17,802 [grpc-default-executor-8] INFO  util.JmxRegister (JmxRegister.java:unregister(73)) - Successfully un-registered JMX Bean with object name Ratis:service=RaftServer,group=group-F697CC2B2D9D,id=11eb2ad5-5554-4104-ae21-9c50fee78495
2019-11-14 19:59:17,802 [grpc-default-executor-8] INFO  impl.RoleInfo (RoleInfo.java:shutdownLeaderState(104)) - 11eb2ad5-5554-4104-ae21-9c50fee78495: shutdown LeaderState
2019-11-14 19:59:17,802 [grpc-default-executor-8] INFO  impl.PendingRequests (PendingRequests.java:sendNotLeaderResponses(206)) - 11eb2ad5-5554-4104-ae21-9c50fee78495@group-F697CC2B2D9D-PendingRequests: sendNotLeaderResponses
2019-11-14 19:59:17,803 [grpc-default-executor-8] INFO  impl.StateMachineUpdater (StateMachineUpdater.java:stopAndJoin(136)) - 11eb2ad5-5554-4104-ae21-9c50fee78495@group-F697CC2B2D9D-StateMachineUpdater: set stopIndex = 0
2019-11-14 19:59:17,803 [grpc-default-executor-8] INFO  impl.RaftServerImpl (ServerState.java:close(387)) - 11eb2ad5-5554-4104-ae21-9c50fee78495@group-F697CC2B2D9D: closes. applyIndex: 0
2019-11-14 19:59:17,804 [11eb2ad5-5554-4104-ae21-9c50fee78495@group-F697CC2B2D9D-SegmentedRaftLogWorker] INFO  segmented.SegmentedRaftLogWorker (SegmentedRaftLogWorker.java:run(316)) - 11eb2ad5-5554-4104-ae21-9c50fee78495@group-F697CC2B2D9D-SegmentedRaftLogWorker was interrupted, exiting. There are 0 tasks remaining in the queue.
2019-11-14 19:59:17,810 [grpc-default-executor-8] INFO  segmented.SegmentedRaftLogWorker (SegmentedRaftLogWorker.java:close(224)) - 11eb2ad5-5554-4104-ae21-9c50fee78495@group-F697CC2B2D9D-SegmentedRaftLogWorker close()
2019-11-14 19:59:17,823 [Thread-3487] INFO  pipeline.PipelineStateManager (PipelineStateManager.java:removePipeline(106)) - Pipeline Pipeline[ Id: 2e29f86e-9f00-431d-9f1b-f697cc2b2d9d, Nodes: 11eb2ad5-5554-4104-ae21-9c50fee78495{ip: 192.168.157.219, host: pr-hdds-2489-n52xc-1246314526, networkLocation: /rack1, certSerialId: null}, Type:RATIS, Factor:ONE, State:CLOSED] removed from db
2019-11-14 19:59:17,825 [Thread-3487] INFO  pipeline.SCMPipelineManager (SCMPipelineManager.java:finalizeAndDestroyPipeline(315)) - destroying pipeline:Pipeline[ Id: 350b6699-a027-44e8-8bb1-74742d73bcc8, Nodes: 9e8f1412-9bf1-4810-b3e9-2cd8ebd4b71b{ip: 192.168.157.219, host: pr-hdds-2489-n52xc-1246314526, networkLocation: /rack1, certSerialId: null}f857cfdd-345c-4de8-889d-b8fdff158faf{ip: 192.168.157.219, host: pr-hdds-2489-n52xc-1246314526, networkLocation: /rack1, certSerialId: null}37fea5d6-1a60-4b82-9570-57888d4e9f46{ip: 192.168.157.219, host: pr-hdds-2489-n52xc-1246314526, networkLocation: /rack1, certSerialId: null}, Type:RATIS, Factor:THREE, State:OPEN]
2019-11-14 19:59:17,829 [grpc-default-executor-8] INFO  impl.RaftServerProxy (RaftServerProxy.java:addNew(89)) - 11eb2ad5-5554-4104-ae21-9c50fee78495: addNew group-51B898944C9A:[11eb2ad5-5554-4104-ae21-9c50fee78495:192.168.157.219:38209] returns group-51B898944C9A:java.util.concurrent.CompletableFuture@35e47b84[Not completed]
2019-11-14 19:59:17,829 [pool-559-thread-1] INFO  impl.RaftServerImpl (RaftServerImpl.java:<init>(98)) - 11eb2ad5-5554-4104-ae21-9c50fee78495: new RaftServerImpl for group-51B898944C9A:[11eb2ad5-5554-4104-ae21-9c50fee78495:192.168.157.219:38209] with ContainerStateMachine:uninitialized
2019-11-14 19:59:17,830 [pool-559-thread-1] INFO  server.RaftServerConfigKeys (ConfUtils.java:logGet(43)) - raft.server.rpc.timeout.min = 1s (custom)
2019-11-14 19:59:17,830 [pool-559-thread-1] INFO  server.RaftServerConfigKeys (ConfUtils.java:logGet(43)) - raft.server.rpc.timeout.max = 1200ms (custom)
2019-11-14 19:59:17,830 [pool-559-thread-1] INFO  server.RaftServerConfigKeys (ConfUtils.java:logGet(43)) - raft.server.rpcslowness.timeout = 120s (custom)
2019-11-14 19:59:17,830 [pool-559-thread-1] INFO  server.RaftServerConfigKeys (ConfUtils.java:logGet(43)) - raft.server.sleep.deviation.threshold = 300 (default)
2019-11-14 19:59:17,830 [pool-559-thread-1] INFO  server.RaftServerConfigKeys (ConfUtils.java:logGet(43)) - raft.server.log.appender.install.snapshot.enabled = false (custom)
2019-11-14 19:59:17,830 [pool-559-thread-1] INFO  impl.RaftServerImpl (ServerState.java:<init>(103)) - 11eb2ad5-5554-4104-ae21-9c50fee78495@group-51B898944C9A: ConfigurationManager, init=-1: [11eb2ad5-5554-4104-ae21-9c50fee78495:192.168.157.219:38209], old=null, confs=<EMPTY_MAP>
2019-11-14 19:59:17,830 [pool-559-thread-1] INFO  server.RaftServerConfigKeys (ConfUtils.java:logGet(43)) - raft.server.storage.dir = [/workdir/hadoop-ozone/integration-test/target/test-dir/MiniOzoneClusterImpl-df23ed15-4459-4301-a988-82089ad70e13/datanode-5/data/ratis] (custom)
2019-11-14 19:59:17,830 [pool-559-thread-1] INFO  server.RaftServerConfigKeys (ConfUtils.java:logGet(43)) - raft.server.log.corruption.policy = EXCEPTION (default)
2019-11-14 19:59:17,831 [pool-559-thread-1] INFO  storage.RaftStorageDirectory (RaftStorageDirectory.java:analyzeStorage(246)) - The storage directory /workdir/hadoop-ozone/integration-test/target/test-dir/MiniOzoneClusterImpl-df23ed15-4459-4301-a988-82089ad70e13/datanode-5/data/ratis/e4799d67-3fb2-45c2-b10e-51b898944c9a does not exist. Creating ...
2019-11-14 19:59:17,854 [pool-559-thread-1] INFO  storage.RaftStorageDirectory (RaftStorageDirectory.java:tryLock(328)) - Lock on /workdir/hadoop-ozone/integration-test/target/test-dir/MiniOzoneClusterImpl-df23ed15-4459-4301-a988-82089ad70e13/datanode-5/data/ratis/e4799d67-3fb2-45c2-b10e-51b898944c9a/in_use.lock acquired by nodename 9468@pr-hdds-2489-n52xc-1246314526
2019-11-14 19:59:17,870 [pool-559-thread-1] INFO  storage.RaftStorage (RaftStorage.java:format(84)) - Storage directory /workdir/hadoop-ozone/integration-test/target/test-dir/MiniOzoneClusterImpl-df23ed15-4459-4301-a988-82089ad70e13/datanode-5/data/ratis/e4799d67-3fb2-45c2-b10e-51b898944c9a has been successfully formatted.
2019-11-14 19:59:17,870 [pool-559-thread-1] INFO  ratis.ContainerStateMachine (ContainerStateMachine.java:loadSnapshot(223)) - group-51B898944C9A: The snapshot info is null. Setting the last applied indexto:(t:0, i:~)
2019-11-14 19:59:17,870 [pool-559-thread-1] INFO  server.RaftServerConfigKeys (ConfUtils.java:logGet(43)) - raft.server.notification.no-leader.timeout = 120s (custom)
2019-11-14 19:59:17,870 [pool-559-thread-1] INFO  server.RaftServerConfigKeys (ConfUtils.java:logGet(43)) - raft.server.log.use.memory = false (default)
2019-11-14 19:59:17,870 [pool-559-thread-1] INFO  server.RaftServerConfigKeys (ConfUtils.java:logGet(43)) - raft.server.log.purge.gap = 1000000 (custom)
2019-11-14 19:59:17,870 [pool-559-thread-1] INFO  server.RaftServerConfigKeys (ConfUtils.java:logGet(43)) - raft.server.log.appender.buffer.byte-limit = 33554432 (custom)
2019-11-14 19:59:17,871 [pool-559-thread-1] INFO  server.RaftServerConfigKeys (ConfUtils.java:logGet(43)) - raft.server.log.segment.size.max = 1048576 (custom)
2019-11-14 19:59:17,871 [pool-559-thread-1] INFO  server.RaftServerConfigKeys (ConfUtils.java:logGet(43)) - raft.server.log.segment.cache.num.max = 2 (custom)
2019-11-14 19:59:17,871 [pool-559-thread-1] INFO  segmented.SegmentedRaftLogWorker (SegmentedRaftLogWorker.java:<init>(173)) - new 11eb2ad5-5554-4104-ae21-9c50fee78495@group-51B898944C9A-SegmentedRaftLogWorker for RaftStorage:Storage Directory /workdir/hadoop-ozone/integration-test/target/test-dir/MiniOzoneClusterImpl-df23ed15-4459-4301-a988-82089ad70e13/datanode-5/data/ratis/e4799d67-3fb2-45c2-b10e-51b898944c9a
2019-11-14 19:59:17,871 [pool-559-thread-1] INFO  server.RaftServerConfigKeys (ConfUtils.java:logGet(43)) - raft.server.log.queue.byte-limit = 2147483647 (custom)
2019-11-14 19:59:17,871 [pool-559-thread-1] INFO  server.RaftServerConfigKeys (ConfUtils.java:logGet(43)) - raft.server.log.queue.element-limit = 1024 (custom)
2019-11-14 19:59:17,871 [pool-559-thread-1] INFO  server.RaftServerConfigKeys (ConfUtils.java:logGet(43)) - raft.server.log.segment.size.max = 1048576 (custom)
2019-11-14 19:59:17,871 [pool-559-thread-1] INFO  server.RaftServerConfigKeys (ConfUtils.java:logGet(43)) - raft.server.log.preallocated.size = 16384 (custom)
2019-11-14 19:59:17,871 [pool-559-thread-1] INFO  server.RaftServerConfigKeys (ConfUtils.java:logGet(43)) - raft.server.log.write.buffer.size = 33554432 (custom)
2019-11-14 19:59:17,871 [pool-559-thread-1] INFO  server.RaftServerConfigKeys (ConfUtils.java:logGet(43)) - raft.server.log.force.sync.num = 128 (default)
2019-11-14 19:59:17,871 [pool-559-thread-1] INFO  server.RaftServerConfigKeys (ConfUtils.java:logGet(43)) - raft.server.log.statemachine.data.sync = true (default)
2019-11-14 19:59:17,871 [pool-559-thread-1] INFO  server.RaftServerConfigKeys (ConfUtils.java:logGet(43)) - raft.server.log.statemachine.data.sync.timeout = 10s (default)
2019-11-14 19:59:17,872 [pool-559-thread-1] INFO  server.RaftServerConfigKeys (ConfUtils.java:logGet(43)) - raft.server.log.statemachine.data.sync.timeout.retry = -1 (default)
2019-11-14 19:59:17,872 [pool-559-thread-1] INFO  server.RaftServerConfigKeys (ConfUtils.java:logGet(43)) - raft.server.log.statemachine.data.caching.enabled = true (custom)
2019-11-14 19:59:17,872 [pool-559-thread-1] INFO  segmented.SegmentedRaftLogWorker (SegmentedRaftLogWorker.java:lambda$new$0(128)) - 11eb2ad5-5554-4104-ae21-9c50fee78495@group-51B898944C9A-SegmentedRaftLogWorker: flushIndex: setUnconditionally 0 -> -1
2019-11-14 19:59:17,872 [pool-559-thread-1] INFO  server.RaftServerConfigKeys (ConfUtils.java:logGet(43)) - raft.server.snapshot.auto.trigger.enabled = true (custom)
2019-11-14 19:59:17,872 [pool-559-thread-1] INFO  server.RaftServerConfigKeys (ConfUtils.java:logGet(43)) - raft.server.snapshot.auto.trigger.threshold = 10000 (custom)
2019-11-14 19:59:17,873 [pool-559-thread-1] INFO  server.RaftServerConfigKeys (ConfUtils.java:logGet(43)) - raft.server.snapshot.retention.file.num = 5 (custom)
2019-11-14 19:59:17,873 [pool-559-thread-1] INFO  server.RaftServerConfigKeys (ConfUtils.java:logGet(43)) - raft.server.retrycache.expirytime = 600000ms (custom)
2019-11-14 19:59:17,873 [pool-559-thread-1] WARN  impl.MetricRegistriesImpl (MetricRegistriesImpl.java:lambda$create$1(61)) - First MetricRegistry has been created without registering reporters. You may need to call MetricRegistries.global().addReportRegistration(...) before.
2019-11-14 19:59:17,873 [pool-559-thread-1] WARN  impl.MetricRegistriesImpl (MetricRegistriesImpl.java:lambda$create$1(61)) - First MetricRegistry has been created without registering reporters. You may need to call MetricRegistries.global().addReportRegistration(...) before.
2019-11-14 19:59:17,873 [pool-559-thread-1] INFO  impl.RaftServerImpl (RaftServerImpl.java:start(184)) - 11eb2ad5-5554-4104-ae21-9c50fee78495@group-51B898944C9A: start as a follower, conf=-1: [11eb2ad5-5554-4104-ae21-9c50fee78495:192.168.157.219:38209], old=null
2019-11-14 19:59:17,873 [pool-559-thread-1] INFO  impl.RaftServerImpl (RaftServerImpl.java:setRole(173)) - 11eb2ad5-5554-4104-ae21-9c50fee78495@group-51B898944C9A: changes role from      null to FOLLOWER at term 0 for startAsFollower
2019-11-14 19:59:17,873 [pool-559-thread-1] INFO  impl.RoleInfo (RoleInfo.java:updateAndGet(143)) - 11eb2ad5-5554-4104-ae21-9c50fee78495: start FollowerState
2019-11-14 19:59:17,874 [pool-559-thread-1] INFO  util.JmxRegister (JmxRegister.java:tryRegister(44)) - Successfully registered JMX Bean with object name Ratis:service=RaftServer,group=group-51B898944C9A,id=11eb2ad5-5554-4104-ae21-9c50fee78495
2019-11-14 19:59:17,874 [pool-559-thread-1] WARN  impl.MetricRegistriesImpl (MetricRegistriesImpl.java:lambda$create$1(61)) - First MetricRegistry has been created without registering reporters. You may need to call MetricRegistries.global().addReportRegistration(...) before.
2019-11-14 19:59:17,876 [RatisPipelineUtilsThread] INFO  pipeline.PipelineStateManager (PipelineStateManager.java:addPipeline(55)) - Created pipeline Pipeline[ Id: e4799d67-3fb2-45c2-b10e-51b898944c9a, Nodes: 11eb2ad5-5554-4104-ae21-9c50fee78495{ip: 192.168.157.219, host: pr-hdds-2489-n52xc-1246314526, networkLocation: /rack1, certSerialId: null}, Type:RATIS, Factor:ONE, State:ALLOCATED]
2019-11-14 19:59:17,876 [Thread-3487] INFO  pipeline.PipelineStateManager (PipelineStateManager.java:finalizePipeline(121)) - Pipeline Pipeline[ Id: 350b6699-a027-44e8-8bb1-74742d73bcc8, Nodes: 9e8f1412-9bf1-4810-b3e9-2cd8ebd4b71b{ip: 192.168.157.219, host: pr-hdds-2489-n52xc-1246314526, networkLocation: /rack1, certSerialId: null}f857cfdd-345c-4de8-889d-b8fdff158faf{ip: 192.168.157.219, host: pr-hdds-2489-n52xc-1246314526, networkLocation: /rack1, certSerialId: null}37fea5d6-1a60-4b82-9570-57888d4e9f46{ip: 192.168.157.219, host: pr-hdds-2489-n52xc-1246314526, networkLocation: /rack1, certSerialId: null}, Type:RATIS, Factor:THREE, State:CLOSED] moved to CLOSED state
2019-11-14 19:59:17,877 [EventQueue-CloseContainerForCloseContainerEventHandler] INFO  container.CloseContainerEventHandler (CloseContainerEventHandler.java:onMessage(61)) - Close container Event triggered for container : #1
2019-11-14 19:59:17,880 [grpc-default-executor-8] INFO  impl.RaftServerProxy (RaftServerProxy.java:remove(95)) - 9e8f1412-9bf1-4810-b3e9-2cd8ebd4b71b: remove    LEADER 9e8f1412-9bf1-4810-b3e9-2cd8ebd4b71b@group-74742D73BCC8:t1, leader=9e8f1412-9bf1-4810-b3e9-2cd8ebd4b71b, voted=9e8f1412-9bf1-4810-b3e9-2cd8ebd4b71b, raftlog=9e8f1412-9bf1-4810-b3e9-2cd8ebd4b71b@group-74742D73BCC8-SegmentedRaftLog:OPENED:c0,f0,i2, conf=0: [9e8f1412-9bf1-4810-b3e9-2cd8ebd4b71b:192.168.157.219:38230, f857cfdd-345c-4de8-889d-b8fdff158faf:192.168.157.219:39658, 37fea5d6-1a60-4b82-9570-57888d4e9f46:192.168.157.219:35005], old=null RUNNING
2019-11-14 19:59:17,880 [grpc-default-executor-8] INFO  impl.RaftServerImpl (RaftServerImpl.java:lambda$shutdown$3(250)) - 9e8f1412-9bf1-4810-b3e9-2cd8ebd4b71b@group-74742D73BCC8: shutdown
2019-11-14 19:59:17,881 [grpc-default-executor-8] INFO  util.JmxRegister (JmxRegister.java:unregister(73)) - Successfully un-registered JMX Bean with object name Ratis:service=RaftServer,group=group-74742D73BCC8,id=9e8f1412-9bf1-4810-b3e9-2cd8ebd4b71b
2019-11-14 19:59:17,881 [grpc-default-executor-8] INFO  impl.RoleInfo (RoleInfo.java:shutdownLeaderState(104)) - 9e8f1412-9bf1-4810-b3e9-2cd8ebd4b71b: shutdown LeaderState
2019-11-14 19:59:17,886 [grpc-default-executor-8] INFO  impl.PendingRequests (PendingRequests.java:sendNotLeaderResponses(206)) - 9e8f1412-9bf1-4810-b3e9-2cd8ebd4b71b@group-74742D73BCC8-PendingRequests: sendNotLeaderResponses
2019-11-14 19:59:17,886 [org.apache.ratis.server.impl.LogAppender$AppenderDaemon$$Lambda$430/86081870@1c508c85] WARN  server.GrpcLogAppender (GrpcLogAppender.java:mayWait(151)) - 9e8f1412-9bf1-4810-b3e9-2cd8ebd4b71b@group-74742D73BCC8->37fea5d6-1a60-4b82-9570-57888d4e9f46-GrpcLogAppender: Wait interrupted by java.lang.InterruptedException
2019-11-14 19:59:17,886 [org.apache.ratis.server.impl.LogAppender$AppenderDaemon$$Lambda$430/86081870@595209cb] WARN  server.GrpcLogAppender (GrpcLogAppender.java:mayWait(151)) - 9e8f1412-9bf1-4810-b3e9-2cd8ebd4b71b@group-74742D73BCC8->f857cfdd-345c-4de8-889d-b8fdff158faf-GrpcLogAppender: Wait interrupted by java.lang.InterruptedException
2019-11-14 19:59:17,889 [grpc-default-executor-5] INFO  server.GrpcServerProtocolService (GrpcServerProtocolService.java:onCompleted(113)) - f857cfdd-345c-4de8-889d-b8fdff158faf: Completed APPEND_ENTRIES, lastRequest: 9e8f1412-9bf1-4810-b3e9-2cd8ebd4b71b->f857cfdd-345c-4de8-889d-b8fdff158faf#5-t1, previous=(t:1, i:1), leaderCommit=0, initializing? false, entries: size=1, first=(t:1, i:2), STATEMACHINELOGENTRY, client-9AB266E2B725, cid=205
2019-11-14 19:59:17,889 [grpc-default-executor-7] INFO  server.GrpcServerProtocolService (GrpcServerProtocolService.java:onCompleted(113)) - 37fea5d6-1a60-4b82-9570-57888d4e9f46: Completed APPEND_ENTRIES, lastRequest: 9e8f1412-9bf1-4810-b3e9-2cd8ebd4b71b->37fea5d6-1a60-4b82-9570-57888d4e9f46#5-t1, previous=(t:1, i:1), leaderCommit=0, initializing? false, entries: size=1, first=(t:1, i:2), STATEMACHINELOGENTRY, client-9AB266E2B725, cid=205
2019-11-14 19:59:17,891 [grpc-default-executor-8] INFO  impl.StateMachineUpdater (StateMachineUpdater.java:stopAndJoin(136)) - 9e8f1412-9bf1-4810-b3e9-2cd8ebd4b71b@group-74742D73BCC8-StateMachineUpdater: set stopIndex = 0
2019-11-14 19:59:17,891 [grpc-default-executor-7] INFO  server.GrpcLogAppender (GrpcLogAppender.java:onCompleted(308)) - 9e8f1412-9bf1-4810-b3e9-2cd8ebd4b71b@group-74742D73BCC8->f857cfdd-345c-4de8-889d-b8fdff158faf-AppendLogResponseHandler: follower responses appendEntries COMPLETED
2019-11-14 19:59:17,891 [grpc-default-executor-9] INFO  server.GrpcLogAppender (GrpcLogAppender.java:onCompleted(308)) - 9e8f1412-9bf1-4810-b3e9-2cd8ebd4b71b@group-74742D73BCC8->37fea5d6-1a60-4b82-9570-57888d4e9f46-AppendLogResponseHandler: follower responses appendEntries COMPLETED
2019-11-14 19:59:17,891 [grpc-default-executor-8] INFO  impl.RaftServerImpl (ServerState.java:close(387)) - 9e8f1412-9bf1-4810-b3e9-2cd8ebd4b71b@group-74742D73BCC8: closes. applyIndex: 0
2019-11-14 19:59:17,892 [grpc-default-executor-9] INFO  impl.FollowerInfo (FollowerInfo.java:lambda$new$0(51)) - 9e8f1412-9bf1-4810-b3e9-2cd8ebd4b71b@group-74742D73BCC8->37fea5d6-1a60-4b82-9570-57888d4e9f46: nextIndex: updateUnconditionally 3 -> 1
2019-11-14 19:59:17,892 [grpc-default-executor-7] INFO  impl.FollowerInfo (FollowerInfo.java:lambda$new$0(51)) - 9e8f1412-9bf1-4810-b3e9-2cd8ebd4b71b@group-74742D73BCC8->f857cfdd-345c-4de8-889d-b8fdff158faf: nextIndex: updateUnconditionally 3 -> 1
2019-11-14 19:59:17,897 [9e8f1412-9bf1-4810-b3e9-2cd8ebd4b71b@group-74742D73BCC8-SegmentedRaftLogWorker] ERROR ratis.XceiverServerRatis (XceiverServerRatis.java:triggerPipelineClose(584)) - pipeline Action CLOSE  on pipeline PipelineID=350b6699-a027-44e8-8bb1-74742d73bcc8.Reason : WriteLog:1: (t:1, i:1), STATEMACHINELOGENTRY, client-9AB266E2B725, cid=204-writeStateMachineData interrupted.
2019-11-14 19:59:17,898 [grpc-default-executor-8] INFO  segmented.SegmentedRaftLogWorker (SegmentedRaftLogWorker.java:close(224)) - 9e8f1412-9bf1-4810-b3e9-2cd8ebd4b71b@group-74742D73BCC8-SegmentedRaftLogWorker close()
2019-11-14 19:59:17,901 [EventQueue-PipelineActionsForPipelineActionHandler] ERROR pipeline.PipelineActionHandler (PipelineActionHandler.java:onMessage(60)) - Received pipeline action CLOSE for Pipeline[ Id: 350b6699-a027-44e8-8bb1-74742d73bcc8, Nodes: 9e8f1412-9bf1-4810-b3e9-2cd8ebd4b71b{ip: 192.168.157.219, host: pr-hdds-2489-n52xc-1246314526, networkLocation: /rack1, certSerialId: null}f857cfdd-345c-4de8-889d-b8fdff158faf{ip: 192.168.157.219, host: pr-hdds-2489-n52xc-1246314526, networkLocation: /rack1, certSerialId: null}37fea5d6-1a60-4b82-9570-57888d4e9f46{ip: 192.168.157.219, host: pr-hdds-2489-n52xc-1246314526, networkLocation: /rack1, certSerialId: null}, Type:RATIS, Factor:THREE, State:CLOSED] from datanode 9e8f1412-9bf1-4810-b3e9-2cd8ebd4b71b{ip: 192.168.157.219, host: pr-hdds-2489-n52xc-1246314526, networkLocation: /rack1, certSerialId: null}. Reason : WriteLog:1: (t:1, i:1), STATEMACHINELOGENTRY, client-9AB266E2B725, cid=204-writeStateMachineData interrupted.
2019-11-14 19:59:17,901 [EventQueue-PipelineActionsForPipelineActionHandler] INFO  pipeline.SCMPipelineManager (SCMPipelineManager.java:finalizeAndDestroyPipeline(315)) - destroying pipeline:Pipeline[ Id: 350b6699-a027-44e8-8bb1-74742d73bcc8, Nodes: 9e8f1412-9bf1-4810-b3e9-2cd8ebd4b71b{ip: 192.168.157.219, host: pr-hdds-2489-n52xc-1246314526, networkLocation: /rack1, certSerialId: null}f857cfdd-345c-4de8-889d-b8fdff158faf{ip: 192.168.157.219, host: pr-hdds-2489-n52xc-1246314526, networkLocation: /rack1, certSerialId: null}37fea5d6-1a60-4b82-9570-57888d4e9f46{ip: 192.168.157.219, host: pr-hdds-2489-n52xc-1246314526, networkLocation: /rack1, certSerialId: null}, Type:RATIS, Factor:THREE, State:CLOSED]
2019-11-14 19:59:17,906 [grpc-default-executor-8] INFO  impl.RaftServerProxy (RaftServerProxy.java:remove(95)) - f857cfdd-345c-4de8-889d-b8fdff158faf: remove  FOLLOWER f857cfdd-345c-4de8-889d-b8fdff158faf@group-74742D73BCC8:t1, leader=9e8f1412-9bf1-4810-b3e9-2cd8ebd4b71b, voted=9e8f1412-9bf1-4810-b3e9-2cd8ebd4b71b, raftlog=f857cfdd-345c-4de8-889d-b8fdff158faf@group-74742D73BCC8-SegmentedRaftLog:OPENED:c0,f0,i2, conf=0: [9e8f1412-9bf1-4810-b3e9-2cd8ebd4b71b:192.168.157.219:38230, f857cfdd-345c-4de8-889d-b8fdff158faf:192.168.157.219:39658, 37fea5d6-1a60-4b82-9570-57888d4e9f46:192.168.157.219:35005], old=null RUNNING
2019-11-14 19:59:17,906 [grpc-default-executor-8] INFO  impl.RaftServerImpl (RaftServerImpl.java:lambda$shutdown$3(250)) - f857cfdd-345c-4de8-889d-b8fdff158faf@group-74742D73BCC8: shutdown
2019-11-14 19:59:17,906 [grpc-default-executor-8] INFO  util.JmxRegister (JmxRegister.java:unregister(73)) - Successfully un-registered JMX Bean with object name Ratis:service=RaftServer,group=group-74742D73BCC8,id=f857cfdd-345c-4de8-889d-b8fdff158faf
2019-11-14 19:59:17,906 [grpc-default-executor-8] INFO  impl.RoleInfo (RoleInfo.java:shutdownFollowerState(121)) - f857cfdd-345c-4de8-889d-b8fdff158faf: shutdown FollowerState
2019-11-14 19:59:17,906 [grpc-default-executor-8] INFO  impl.StateMachineUpdater (StateMachineUpdater.java:stopAndJoin(136)) - f857cfdd-345c-4de8-889d-b8fdff158faf@group-74742D73BCC8-StateMachineUpdater: set stopIndex = 0
2019-11-14 19:59:17,906 [Thread-3560] INFO  impl.FollowerState (FollowerState.java:run(120)) - f857cfdd-345c-4de8-889d-b8fdff158faf@group-74742D73BCC8-FollowerState was interrupted: java.lang.InterruptedException: sleep interrupted
2019-11-14 19:59:17,907 [grpc-default-executor-8] INFO  impl.RaftServerImpl (ServerState.java:close(387)) - f857cfdd-345c-4de8-889d-b8fdff158faf@group-74742D73BCC8: closes. applyIndex: 0
2019-11-14 19:59:17,907 [f857cfdd-345c-4de8-889d-b8fdff158faf@group-74742D73BCC8-SegmentedRaftLogWorker] ERROR ratis.XceiverServerRatis (XceiverServerRatis.java:triggerPipelineClose(584)) - pipeline Action CLOSE  on pipeline PipelineID=350b6699-a027-44e8-8bb1-74742d73bcc8.Reason : WriteLog:1: (t:1, i:1), STATEMACHINELOGENTRY, client-9AB266E2B725, cid=204-writeStateMachineData interrupted.
2019-11-14 19:59:17,907 [grpc-default-executor-8] INFO  segmented.SegmentedRaftLogWorker (SegmentedRaftLogWorker.java:close(224)) - f857cfdd-345c-4de8-889d-b8fdff158faf@group-74742D73BCC8-SegmentedRaftLogWorker close()
2019-11-14 19:59:17,911 [EventQueue-PipelineActionsForPipelineActionHandler] ERROR pipeline.PipelineActionHandler (PipelineActionHandler.java:onMessage(60)) - Received pipeline action CLOSE for Pipeline[ Id: 350b6699-a027-44e8-8bb1-74742d73bcc8, Nodes: 9e8f1412-9bf1-4810-b3e9-2cd8ebd4b71b{ip: 192.168.157.219, host: pr-hdds-2489-n52xc-1246314526, networkLocation: /rack1, certSerialId: null}f857cfdd-345c-4de8-889d-b8fdff158faf{ip: 192.168.157.219, host: pr-hdds-2489-n52xc-1246314526, networkLocation: /rack1, certSerialId: null}37fea5d6-1a60-4b82-9570-57888d4e9f46{ip: 192.168.157.219, host: pr-hdds-2489-n52xc-1246314526, networkLocation: /rack1, certSerialId: null}, Type:RATIS, Factor:THREE, State:CLOSED] from datanode f857cfdd-345c-4de8-889d-b8fdff158faf{ip: 192.168.157.219, host: pr-hdds-2489-n52xc-1246314526, networkLocation: /rack1, certSerialId: null}. Reason : WriteLog:1: (t:1, i:1), STATEMACHINELOGENTRY, client-9AB266E2B725, cid=204-writeStateMachineData interrupted.
2019-11-14 19:59:17,911 [EventQueue-PipelineActionsForPipelineActionHandler] INFO  pipeline.SCMPipelineManager (SCMPipelineManager.java:finalizeAndDestroyPipeline(315)) - destroying pipeline:Pipeline[ Id: 350b6699-a027-44e8-8bb1-74742d73bcc8, Nodes: 9e8f1412-9bf1-4810-b3e9-2cd8ebd4b71b{ip: 192.168.157.219, host: pr-hdds-2489-n52xc-1246314526, networkLocation: /rack1, certSerialId: null}f857cfdd-345c-4de8-889d-b8fdff158faf{ip: 192.168.157.219, host: pr-hdds-2489-n52xc-1246314526, networkLocation: /rack1, certSerialId: null}37fea5d6-1a60-4b82-9570-57888d4e9f46{ip: 192.168.157.219, host: pr-hdds-2489-n52xc-1246314526, networkLocation: /rack1, certSerialId: null}, Type:RATIS, Factor:THREE, State:CLOSED]
2019-11-14 19:59:17,925 [grpc-default-executor-6] INFO  impl.RaftServerProxy (RaftServerProxy.java:remove(95)) - 37fea5d6-1a60-4b82-9570-57888d4e9f46: remove  FOLLOWER 37fea5d6-1a60-4b82-9570-57888d4e9f46@group-74742D73BCC8:t1, leader=9e8f1412-9bf1-4810-b3e9-2cd8ebd4b71b, voted=9e8f1412-9bf1-4810-b3e9-2cd8ebd4b71b, raftlog=37fea5d6-1a60-4b82-9570-57888d4e9f46@group-74742D73BCC8-SegmentedRaftLog:OPENED:c0,f0,i2, conf=0: [9e8f1412-9bf1-4810-b3e9-2cd8ebd4b71b:192.168.157.219:38230, f857cfdd-345c-4de8-889d-b8fdff158faf:192.168.157.219:39658, 37fea5d6-1a60-4b82-9570-57888d4e9f46:192.168.157.219:35005], old=null RUNNING
2019-11-14 19:59:17,925 [grpc-default-executor-6] INFO  impl.RaftServerImpl (RaftServerImpl.java:lambda$shutdown$3(250)) - 37fea5d6-1a60-4b82-9570-57888d4e9f46@group-74742D73BCC8: shutdown
2019-11-14 19:59:17,925 [grpc-default-executor-6] INFO  util.JmxRegister (JmxRegister.java:unregister(73)) - Successfully un-registered JMX Bean with object name Ratis:service=RaftServer,group=group-74742D73BCC8,id=37fea5d6-1a60-4b82-9570-57888d4e9f46
2019-11-14 19:59:17,925 [grpc-default-executor-6] INFO  impl.RoleInfo (RoleInfo.java:shutdownFollowerState(121)) - 37fea5d6-1a60-4b82-9570-57888d4e9f46: shutdown FollowerState
2019-11-14 19:59:17,925 [grpc-default-executor-6] INFO  impl.StateMachineUpdater (StateMachineUpdater.java:stopAndJoin(136)) - 37fea5d6-1a60-4b82-9570-57888d4e9f46@group-74742D73BCC8-StateMachineUpdater: set stopIndex = 0
2019-11-14 19:59:17,925 [Thread-3559] INFO  impl.FollowerState (FollowerState.java:run(120)) - 37fea5d6-1a60-4b82-9570-57888d4e9f46@group-74742D73BCC8-FollowerState was interrupted: java.lang.InterruptedException: sleep interrupted
2019-11-14 19:59:17,926 [grpc-default-executor-6] INFO  impl.RaftServerImpl (ServerState.java:close(387)) - 37fea5d6-1a60-4b82-9570-57888d4e9f46@group-74742D73BCC8: closes. applyIndex: 0
2019-11-14 19:59:17,926 [37fea5d6-1a60-4b82-9570-57888d4e9f46@group-74742D73BCC8-SegmentedRaftLogWorker] ERROR ratis.XceiverServerRatis (XceiverServerRatis.java:triggerPipelineClose(584)) - pipeline Action CLOSE  on pipeline PipelineID=350b6699-a027-44e8-8bb1-74742d73bcc8.Reason : WriteLog:1: (t:1, i:1), STATEMACHINELOGENTRY, client-9AB266E2B725, cid=204-writeStateMachineData interrupted.
2019-11-14 19:59:17,926 [grpc-default-executor-6] INFO  segmented.SegmentedRaftLogWorker (SegmentedRaftLogWorker.java:close(224)) - 37fea5d6-1a60-4b82-9570-57888d4e9f46@group-74742D73BCC8-SegmentedRaftLogWorker close()
2019-11-14 19:59:17,930 [EventQueue-PipelineActionsForPipelineActionHandler] ERROR pipeline.PipelineActionHandler (PipelineActionHandler.java:onMessage(60)) - Received pipeline action CLOSE for Pipeline[ Id: 350b6699-a027-44e8-8bb1-74742d73bcc8, Nodes: 9e8f1412-9bf1-4810-b3e9-2cd8ebd4b71b{ip: 192.168.157.219, host: pr-hdds-2489-n52xc-1246314526, networkLocation: /rack1, certSerialId: null}f857cfdd-345c-4de8-889d-b8fdff158faf{ip: 192.168.157.219, host: pr-hdds-2489-n52xc-1246314526, networkLocation: /rack1, certSerialId: null}37fea5d6-1a60-4b82-9570-57888d4e9f46{ip: 192.168.157.219, host: pr-hdds-2489-n52xc-1246314526, networkLocation: /rack1, certSerialId: null}, Type:RATIS, Factor:THREE, State:CLOSED] from datanode 37fea5d6-1a60-4b82-9570-57888d4e9f46{ip: 192.168.157.219, host: pr-hdds-2489-n52xc-1246314526, networkLocation: /rack1, certSerialId: null}. Reason : WriteLog:1: (t:1, i:1), STATEMACHINELOGENTRY, client-9AB266E2B725, cid=204-writeStateMachineData interrupted.
2019-11-14 19:59:17,930 [EventQueue-PipelineActionsForPipelineActionHandler] INFO  pipeline.SCMPipelineManager (SCMPipelineManager.java:finalizeAndDestroyPipeline(315)) - destroying pipeline:Pipeline[ Id: 350b6699-a027-44e8-8bb1-74742d73bcc8, Nodes: 9e8f1412-9bf1-4810-b3e9-2cd8ebd4b71b{ip: 192.168.157.219, host: pr-hdds-2489-n52xc-1246314526, networkLocation: /rack1, certSerialId: null}f857cfdd-345c-4de8-889d-b8fdff158faf{ip: 192.168.157.219, host: pr-hdds-2489-n52xc-1246314526, networkLocation: /rack1, certSerialId: null}37fea5d6-1a60-4b82-9570-57888d4e9f46{ip: 192.168.157.219, host: pr-hdds-2489-n52xc-1246314526, networkLocation: /rack1, certSerialId: null}, Type:RATIS, Factor:THREE, State:CLOSED]
2019-11-14 19:59:17,931 [Thread-3487] INFO  pipeline.PipelineStateManager (PipelineStateManager.java:removePipeline(106)) - Pipeline Pipeline[ Id: 350b6699-a027-44e8-8bb1-74742d73bcc8, Nodes: 9e8f1412-9bf1-4810-b3e9-2cd8ebd4b71b{ip: 192.168.157.219, host: pr-hdds-2489-n52xc-1246314526, networkLocation: /rack1, certSerialId: null}f857cfdd-345c-4de8-889d-b8fdff158faf{ip: 192.168.157.219, host: pr-hdds-2489-n52xc-1246314526, networkLocation: /rack1, certSerialId: null}37fea5d6-1a60-4b82-9570-57888d4e9f46{ip: 192.168.157.219, host: pr-hdds-2489-n52xc-1246314526, networkLocation: /rack1, certSerialId: null}, Type:RATIS, Factor:THREE, State:CLOSED] removed from db
2019-11-14 19:59:17,932 [Thread-3487] INFO  pipeline.SCMPipelineManager (SCMPipelineManager.java:finalizeAndDestroyPipeline(315)) - destroying pipeline:Pipeline[ Id: 67facff0-eb10-4b77-b966-41ed2e1317b9, Nodes: 37fea5d6-1a60-4b82-9570-57888d4e9f46{ip: 192.168.157.219, host: pr-hdds-2489-n52xc-1246314526, networkLocation: /rack1, certSerialId: null}, Type:RATIS, Factor:ONE, State:OPEN]
2019-11-14 19:59:17,939 [grpc-default-executor-8] INFO  impl.RaftServerProxy (RaftServerProxy.java:addNew(89)) - f857cfdd-345c-4de8-889d-b8fdff158faf: addNew group-5C9C84E47F8E:[9e8f1412-9bf1-4810-b3e9-2cd8ebd4b71b:192.168.157.219:38230, f857cfdd-345c-4de8-889d-b8fdff158faf:192.168.157.219:39658, 37fea5d6-1a60-4b82-9570-57888d4e9f46:192.168.157.219:35005] returns group-5C9C84E47F8E:java.util.concurrent.CompletableFuture@5e383f61[Not completed]
2019-11-14 19:59:17,939 [grpc-default-executor-6] INFO  impl.RaftServerProxy (RaftServerProxy.java:addNew(89)) - 37fea5d6-1a60-4b82-9570-57888d4e9f46: addNew group-5C9C84E47F8E:[9e8f1412-9bf1-4810-b3e9-2cd8ebd4b71b:192.168.157.219:38230, f857cfdd-345c-4de8-889d-b8fdff158faf:192.168.157.219:39658, 37fea5d6-1a60-4b82-9570-57888d4e9f46:192.168.157.219:35005] returns group-5C9C84E47F8E:java.util.concurrent.CompletableFuture@5c6dedf3[Not completed]
2019-11-14 19:59:17,939 [grpc-default-executor-9] INFO  impl.RaftServerProxy (RaftServerProxy.java:addNew(89)) - 9e8f1412-9bf1-4810-b3e9-2cd8ebd4b71b: addNew group-5C9C84E47F8E:[9e8f1412-9bf1-4810-b3e9-2cd8ebd4b71b:192.168.157.219:38230, f857cfdd-345c-4de8-889d-b8fdff158faf:192.168.157.219:39658, 37fea5d6-1a60-4b82-9570-57888d4e9f46:192.168.157.219:35005] returns group-5C9C84E47F8E:java.util.concurrent.CompletableFuture@5731baf9[Not completed]
2019-11-14 19:59:17,940 [pool-549-thread-1] INFO  impl.RaftServerImpl (RaftServerImpl.java:<init>(98)) - 9e8f1412-9bf1-4810-b3e9-2cd8ebd4b71b: new RaftServerImpl for group-5C9C84E47F8E:[9e8f1412-9bf1-4810-b3e9-2cd8ebd4b71b:192.168.157.219:38230, f857cfdd-345c-4de8-889d-b8fdff158faf:192.168.157.219:39658, 37fea5d6-1a60-4b82-9570-57888d4e9f46:192.168.157.219:35005] with ContainerStateMachine:uninitialized
2019-11-14 19:59:17,940 [pool-549-thread-1] INFO  server.RaftServerConfigKeys (ConfUtils.java:logGet(43)) - raft.server.rpc.timeout.min = 1s (custom)
2019-11-14 19:59:17,940 [pool-549-thread-1] INFO  server.RaftServerConfigKeys (ConfUtils.java:logGet(43)) - raft.server.rpc.timeout.max = 1200ms (custom)
2019-11-14 19:59:17,940 [pool-549-thread-1] INFO  server.RaftServerConfigKeys (ConfUtils.java:logGet(43)) - raft.server.rpcslowness.timeout = 120s (custom)
2019-11-14 19:59:17,940 [pool-549-thread-1] INFO  server.RaftServerConfigKeys (ConfUtils.java:logGet(43)) - raft.server.sleep.deviation.threshold = 300 (default)
2019-11-14 19:59:17,940 [pool-549-thread-1] INFO  server.RaftServerConfigKeys (ConfUtils.java:logGet(43)) - raft.server.log.appender.install.snapshot.enabled = false (custom)
2019-11-14 19:59:17,940 [pool-529-thread-1] INFO  impl.RaftServerImpl (RaftServerImpl.java:<init>(98)) - f857cfdd-345c-4de8-889d-b8fdff158faf: new RaftServerImpl for group-5C9C84E47F8E:[9e8f1412-9bf1-4810-b3e9-2cd8ebd4b71b:192.168.157.219:38230, f857cfdd-345c-4de8-889d-b8fdff158faf:192.168.157.219:39658, 37fea5d6-1a60-4b82-9570-57888d4e9f46:192.168.157.219:35005] with ContainerStateMachine:uninitialized
2019-11-14 19:59:17,940 [pool-549-thread-1] INFO  impl.RaftServerImpl (ServerState.java:<init>(103)) - 9e8f1412-9bf1-4810-b3e9-2cd8ebd4b71b@group-5C9C84E47F8E: ConfigurationManager, init=-1: [9e8f1412-9bf1-4810-b3e9-2cd8ebd4b71b:192.168.157.219:38230, f857cfdd-345c-4de8-889d-b8fdff158faf:192.168.157.219:39658, 37fea5d6-1a60-4b82-9570-57888d4e9f46:192.168.157.219:35005], old=null, confs=<EMPTY_MAP>
2019-11-14 19:59:17,940 [pool-529-thread-1] INFO  server.RaftServerConfigKeys (ConfUtils.java:logGet(43)) - raft.server.rpc.timeout.min = 1s (custom)
2019-11-14 19:59:17,941 [pool-549-thread-1] INFO  server.RaftServerConfigKeys (ConfUtils.java:logGet(43)) - raft.server.storage.dir = [/workdir/hadoop-ozone/integration-test/target/test-dir/MiniOzoneClusterImpl-df23ed15-4459-4301-a988-82089ad70e13/datanode-4/data/ratis] (custom)
2019-11-14 19:59:17,941 [pool-529-thread-1] INFO  server.RaftServerConfigKeys (ConfUtils.java:logGet(43)) - raft.server.rpc.timeout.max = 1200ms (custom)
2019-11-14 19:59:17,941 [pool-529-thread-1] INFO  server.RaftServerConfigKeys (ConfUtils.java:logGet(43)) - raft.server.rpcslowness.timeout = 120s (custom)
2019-11-14 19:59:17,941 [pool-549-thread-1] INFO  server.RaftServerConfigKeys (ConfUtils.java:logGet(43)) - raft.server.log.corruption.policy = EXCEPTION (default)
2019-11-14 19:59:17,941 [pool-519-thread-1] INFO  impl.RaftServerImpl (RaftServerImpl.java:<init>(98)) - 37fea5d6-1a60-4b82-9570-57888d4e9f46: new RaftServerImpl for group-5C9C84E47F8E:[9e8f1412-9bf1-4810-b3e9-2cd8ebd4b71b:192.168.157.219:38230, f857cfdd-345c-4de8-889d-b8fdff158faf:192.168.157.219:39658, 37fea5d6-1a60-4b82-9570-57888d4e9f46:192.168.157.219:35005] with ContainerStateMachine:uninitialized
2019-11-14 19:59:17,941 [pool-549-thread-1] INFO  storage.RaftStorageDirectory (RaftStorageDirectory.java:analyzeStorage(246)) - The storage directory /workdir/hadoop-ozone/integration-test/target/test-dir/MiniOzoneClusterImpl-df23ed15-4459-4301-a988-82089ad70e13/datanode-4/data/ratis/1c92a1b8-0acd-4a8d-8abf-5c9c84e47f8e does not exist. Creating ...
2019-11-14 19:59:17,941 [pool-529-thread-1] INFO  server.RaftServerConfigKeys (ConfUtils.java:logGet(43)) - raft.server.sleep.deviation.threshold = 300 (default)
2019-11-14 19:59:17,941 [pool-519-thread-1] INFO  server.RaftServerConfigKeys (ConfUtils.java:logGet(43)) - raft.server.rpc.timeout.min = 1s (custom)
2019-11-14 19:59:17,941 [pool-529-thread-1] INFO  server.RaftServerConfigKeys (ConfUtils.java:logGet(43)) - raft.server.log.appender.install.snapshot.enabled = false (custom)
2019-11-14 19:59:17,941 [pool-519-thread-1] INFO  server.RaftServerConfigKeys (ConfUtils.java:logGet(43)) - raft.server.rpc.timeout.max = 1200ms (custom)
2019-11-14 19:59:17,941 [pool-529-thread-1] INFO  impl.RaftServerImpl (ServerState.java:<init>(103)) - f857cfdd-345c-4de8-889d-b8fdff158faf@group-5C9C84E47F8E: ConfigurationManager, init=-1: [9e8f1412-9bf1-4810-b3e9-2cd8ebd4b71b:192.168.157.219:38230, f857cfdd-345c-4de8-889d-b8fdff158faf:192.168.157.219:39658, 37fea5d6-1a60-4b82-9570-57888d4e9f46:192.168.157.219:35005], old=null, confs=<EMPTY_MAP>
2019-11-14 19:59:17,941 [pool-519-thread-1] INFO  server.RaftServerConfigKeys (ConfUtils.java:logGet(43)) - raft.server.rpcslowness.timeout = 120s (custom)
2019-11-14 19:59:17,942 [pool-529-thread-1] INFO  server.RaftServerConfigKeys (ConfUtils.java:logGet(43)) - raft.server.storage.dir = [/workdir/hadoop-ozone/integration-test/target/test-dir/MiniOzoneClusterImpl-df23ed15-4459-4301-a988-82089ad70e13/datanode-2/data/ratis] (custom)
2019-11-14 19:59:17,942 [pool-519-thread-1] INFO  server.RaftServerConfigKeys (ConfUtils.java:logGet(43)) - raft.server.sleep.deviation.threshold = 300 (default)
2019-11-14 19:59:17,942 [pool-519-thread-1] INFO  server.RaftServerConfigKeys (ConfUtils.java:logGet(43)) - raft.server.log.appender.install.snapshot.enabled = false (custom)
2019-11-14 19:59:17,942 [pool-529-thread-1] INFO  server.RaftServerConfigKeys (ConfUtils.java:logGet(43)) - raft.server.log.corruption.policy = EXCEPTION (default)
2019-11-14 19:59:17,942 [pool-519-thread-1] INFO  impl.RaftServerImpl (ServerState.java:<init>(103)) - 37fea5d6-1a60-4b82-9570-57888d4e9f46@group-5C9C84E47F8E: ConfigurationManager, init=-1: [9e8f1412-9bf1-4810-b3e9-2cd8ebd4b71b:192.168.157.219:38230, f857cfdd-345c-4de8-889d-b8fdff158faf:192.168.157.219:39658, 37fea5d6-1a60-4b82-9570-57888d4e9f46:192.168.157.219:35005], old=null, confs=<EMPTY_MAP>
2019-11-14 19:59:17,942 [pool-529-thread-1] INFO  storage.RaftStorageDirectory (RaftStorageDirectory.java:analyzeStorage(246)) - The storage directory /workdir/hadoop-ozone/integration-test/target/test-dir/MiniOzoneClusterImpl-df23ed15-4459-4301-a988-82089ad70e13/datanode-2/data/ratis/1c92a1b8-0acd-4a8d-8abf-5c9c84e47f8e does not exist. Creating ...
2019-11-14 19:59:17,942 [pool-519-thread-1] INFO  server.RaftServerConfigKeys (ConfUtils.java:logGet(43)) - raft.server.storage.dir = [/workdir/hadoop-ozone/integration-test/target/test-dir/MiniOzoneClusterImpl-df23ed15-4459-4301-a988-82089ad70e13/datanode-1/data/ratis] (custom)
2019-11-14 19:59:17,942 [pool-519-thread-1] INFO  server.RaftServerConfigKeys (ConfUtils.java:logGet(43)) - raft.server.log.corruption.policy = EXCEPTION (default)
2019-11-14 19:59:17,942 [pool-519-thread-1] INFO  storage.RaftStorageDirectory (RaftStorageDirectory.java:analyzeStorage(246)) - The storage directory /workdir/hadoop-ozone/integration-test/target/test-dir/MiniOzoneClusterImpl-df23ed15-4459-4301-a988-82089ad70e13/datanode-1/data/ratis/1c92a1b8-0acd-4a8d-8abf-5c9c84e47f8e does not exist. Creating ...
2019-11-14 19:59:17,955 [pool-549-thread-1] INFO  storage.RaftStorageDirectory (RaftStorageDirectory.java:tryLock(328)) - Lock on /workdir/hadoop-ozone/integration-test/target/test-dir/MiniOzoneClusterImpl-df23ed15-4459-4301-a988-82089ad70e13/datanode-4/data/ratis/1c92a1b8-0acd-4a8d-8abf-5c9c84e47f8e/in_use.lock acquired by nodename 9468@pr-hdds-2489-n52xc-1246314526
2019-11-14 19:59:17,955 [pool-529-thread-1] INFO  storage.RaftStorageDirectory (RaftStorageDirectory.java:tryLock(328)) - Lock on /workdir/hadoop-ozone/integration-test/target/test-dir/MiniOzoneClusterImpl-df23ed15-4459-4301-a988-82089ad70e13/datanode-2/data/ratis/1c92a1b8-0acd-4a8d-8abf-5c9c84e47f8e/in_use.lock acquired by nodename 9468@pr-hdds-2489-n52xc-1246314526
2019-11-14 19:59:17,955 [pool-519-thread-1] INFO  storage.RaftStorageDirectory (RaftStorageDirectory.java:tryLock(328)) - Lock on /workdir/hadoop-ozone/integration-test/target/test-dir/MiniOzoneClusterImpl-df23ed15-4459-4301-a988-82089ad70e13/datanode-1/data/ratis/1c92a1b8-0acd-4a8d-8abf-5c9c84e47f8e/in_use.lock acquired by nodename 9468@pr-hdds-2489-n52xc-1246314526
2019-11-14 19:59:17,975 [pool-549-thread-1] INFO  storage.RaftStorage (RaftStorage.java:format(84)) - Storage directory /workdir/hadoop-ozone/integration-test/target/test-dir/MiniOzoneClusterImpl-df23ed15-4459-4301-a988-82089ad70e13/datanode-4/data/ratis/1c92a1b8-0acd-4a8d-8abf-5c9c84e47f8e has been successfully formatted.
2019-11-14 19:59:17,975 [pool-529-thread-1] INFO  storage.RaftStorage (RaftStorage.java:format(84)) - Storage directory /workdir/hadoop-ozone/integration-test/target/test-dir/MiniOzoneClusterImpl-df23ed15-4459-4301-a988-82089ad70e13/datanode-2/data/ratis/1c92a1b8-0acd-4a8d-8abf-5c9c84e47f8e has been successfully formatted.
2019-11-14 19:59:17,975 [pool-519-thread-1] INFO  storage.RaftStorage (RaftStorage.java:format(84)) - Storage directory /workdir/hadoop-ozone/integration-test/target/test-dir/MiniOzoneClusterImpl-df23ed15-4459-4301-a988-82089ad70e13/datanode-1/data/ratis/1c92a1b8-0acd-4a8d-8abf-5c9c84e47f8e has been successfully formatted.
2019-11-14 19:59:17,975 [pool-529-thread-1] INFO  ratis.ContainerStateMachine (ContainerStateMachine.java:loadSnapshot(223)) - group-5C9C84E47F8E: The snapshot info is null. Setting the last applied indexto:(t:0, i:~)
2019-11-14 19:59:17,975 [pool-549-thread-1] INFO  ratis.ContainerStateMachine (ContainerStateMachine.java:loadSnapshot(223)) - group-5C9C84E47F8E: The snapshot info is null. Setting the last applied indexto:(t:0, i:~)
2019-11-14 19:59:17,975 [pool-529-thread-1] INFO  server.RaftServerConfigKeys (ConfUtils.java:logGet(43)) - raft.server.notification.no-leader.timeout = 120s (custom)
2019-11-14 19:59:17,975 [pool-519-thread-1] INFO  ratis.ContainerStateMachine (ContainerStateMachine.java:loadSnapshot(223)) - group-5C9C84E47F8E: The snapshot info is null. Setting the last applied indexto:(t:0, i:~)
2019-11-14 19:59:17,975 [pool-529-thread-1] INFO  server.RaftServerConfigKeys (ConfUtils.java:logGet(43)) - raft.server.log.use.memory = false (default)
2019-11-14 19:59:17,975 [pool-549-thread-1] INFO  server.RaftServerConfigKeys (ConfUtils.java:logGet(43)) - raft.server.notification.no-leader.timeout = 120s (custom)
2019-11-14 19:59:17,976 [pool-529-thread-1] INFO  server.RaftServerConfigKeys (ConfUtils.java:logGet(43)) - raft.server.log.purge.gap = 1000000 (custom)
2019-11-14 19:59:17,976 [pool-519-thread-1] INFO  server.RaftServerConfigKeys (ConfUtils.java:logGet(43)) - raft.server.notification.no-leader.timeout = 120s (custom)
2019-11-14 19:59:17,976 [pool-529-thread-1] INFO  server.RaftServerConfigKeys (ConfUtils.java:logGet(43)) - raft.server.log.appender.buffer.byte-limit = 33554432 (custom)
2019-11-14 19:59:17,976 [pool-549-thread-1] INFO  server.RaftServerConfigKeys (ConfUtils.java:logGet(43)) - raft.server.log.use.memory = false (default)
2019-11-14 19:59:17,976 [pool-529-thread-1] INFO  server.RaftServerConfigKeys (ConfUtils.java:logGet(43)) - raft.server.log.segment.size.max = 1048576 (custom)
2019-11-14 19:59:17,976 [pool-519-thread-1] INFO  server.RaftServerConfigKeys (ConfUtils.java:logGet(43)) - raft.server.log.use.memory = false (default)
2019-11-14 19:59:17,976 [pool-529-thread-1] INFO  server.RaftServerConfigKeys (ConfUtils.java:logGet(43)) - raft.server.log.segment.cache.num.max = 2 (custom)
2019-11-14 19:59:17,976 [pool-549-thread-1] INFO  server.RaftServerConfigKeys (ConfUtils.java:logGet(43)) - raft.server.log.purge.gap = 1000000 (custom)
2019-11-14 19:59:17,976 [pool-529-thread-1] INFO  segmented.SegmentedRaftLogWorker (SegmentedRaftLogWorker.java:<init>(173)) - new f857cfdd-345c-4de8-889d-b8fdff158faf@group-5C9C84E47F8E-SegmentedRaftLogWorker for RaftStorage:Storage Directory /workdir/hadoop-ozone/integration-test/target/test-dir/MiniOzoneClusterImpl-df23ed15-4459-4301-a988-82089ad70e13/datanode-2/data/ratis/1c92a1b8-0acd-4a8d-8abf-5c9c84e47f8e
2019-11-14 19:59:17,976 [pool-519-thread-1] INFO  server.RaftServerConfigKeys (ConfUtils.java:logGet(43)) - raft.server.log.purge.gap = 1000000 (custom)
2019-11-14 19:59:17,977 [pool-529-thread-1] INFO  server.RaftServerConfigKeys (ConfUtils.java:logGet(43)) - raft.server.log.queue.byte-limit = 2147483647 (custom)
2019-11-14 19:59:17,976 [pool-549-thread-1] INFO  server.RaftServerConfigKeys (ConfUtils.java:logGet(43)) - raft.server.log.appender.buffer.byte-limit = 33554432 (custom)
2019-11-14 19:59:17,977 [pool-529-thread-1] INFO  server.RaftServerConfigKeys (ConfUtils.java:logGet(43)) - raft.server.log.queue.element-limit = 1024 (custom)
2019-11-14 19:59:17,977 [pool-519-thread-1] INFO  server.RaftServerConfigKeys (ConfUtils.java:logGet(43)) - raft.server.log.appender.buffer.byte-limit = 33554432 (custom)
2019-11-14 19:59:17,977 [pool-529-thread-1] INFO  server.RaftServerConfigKeys (ConfUtils.java:logGet(43)) - raft.server.log.segment.size.max = 1048576 (custom)
2019-11-14 19:59:17,977 [pool-549-thread-1] INFO  server.RaftServerConfigKeys (ConfUtils.java:logGet(43)) - raft.server.log.segment.size.max = 1048576 (custom)
2019-11-14 19:59:17,977 [pool-529-thread-1] INFO  server.RaftServerConfigKeys (ConfUtils.java:logGet(43)) - raft.server.log.preallocated.size = 16384 (custom)
2019-11-14 19:59:17,977 [pool-519-thread-1] INFO  server.RaftServerConfigKeys (ConfUtils.java:logGet(43)) - raft.server.log.segment.size.max = 1048576 (custom)
2019-11-14 19:59:17,977 [pool-529-thread-1] INFO  server.RaftServerConfigKeys (ConfUtils.java:logGet(43)) - raft.server.log.write.buffer.size = 33554432 (custom)
2019-11-14 19:59:17,977 [pool-549-thread-1] INFO  server.RaftServerConfigKeys (ConfUtils.java:logGet(43)) - raft.server.log.segment.cache.num.max = 2 (custom)
2019-11-14 19:59:17,978 [pool-529-thread-1] INFO  server.RaftServerConfigKeys (ConfUtils.java:logGet(43)) - raft.server.log.force.sync.num = 128 (default)
2019-11-14 19:59:17,977 [pool-519-thread-1] INFO  server.RaftServerConfigKeys (ConfUtils.java:logGet(43)) - raft.server.log.segment.cache.num.max = 2 (custom)
2019-11-14 19:59:17,978 [pool-529-thread-1] INFO  server.RaftServerConfigKeys (ConfUtils.java:logGet(43)) - raft.server.log.statemachine.data.sync = true (default)
2019-11-14 19:59:17,978 [pool-549-thread-1] INFO  segmented.SegmentedRaftLogWorker (SegmentedRaftLogWorker.java:<init>(173)) - new 9e8f1412-9bf1-4810-b3e9-2cd8ebd4b71b@group-5C9C84E47F8E-SegmentedRaftLogWorker for RaftStorage:Storage Directory /workdir/hadoop-ozone/integration-test/target/test-dir/MiniOzoneClusterImpl-df23ed15-4459-4301-a988-82089ad70e13/datanode-4/data/ratis/1c92a1b8-0acd-4a8d-8abf-5c9c84e47f8e
2019-11-14 19:59:17,978 [pool-529-thread-1] INFO  server.RaftServerConfigKeys (ConfUtils.java:logGet(43)) - raft.server.log.statemachine.data.sync.timeout = 10s (default)
2019-11-14 19:59:17,978 [pool-519-thread-1] INFO  segmented.SegmentedRaftLogWorker (SegmentedRaftLogWorker.java:<init>(173)) - new 37fea5d6-1a60-4b82-9570-57888d4e9f46@group-5C9C84E47F8E-SegmentedRaftLogWorker for RaftStorage:Storage Directory /workdir/hadoop-ozone/integration-test/target/test-dir/MiniOzoneClusterImpl-df23ed15-4459-4301-a988-82089ad70e13/datanode-1/data/ratis/1c92a1b8-0acd-4a8d-8abf-5c9c84e47f8e
2019-11-14 19:59:17,978 [pool-529-thread-1] INFO  server.RaftServerConfigKeys (ConfUtils.java:logGet(43)) - raft.server.log.statemachine.data.sync.timeout.retry = -1 (default)
2019-11-14 19:59:17,978 [pool-549-thread-1] INFO  server.RaftServerConfigKeys (ConfUtils.java:logGet(43)) - raft.server.log.queue.byte-limit = 2147483647 (custom)
2019-11-14 19:59:17,978 [pool-529-thread-1] INFO  server.RaftServerConfigKeys (ConfUtils.java:logGet(43)) - raft.server.log.statemachine.data.caching.enabled = true (custom)
2019-11-14 19:59:17,978 [pool-519-thread-1] INFO  server.RaftServerConfigKeys (ConfUtils.java:logGet(43)) - raft.server.log.queue.byte-limit = 2147483647 (custom)
2019-11-14 19:59:17,978 [pool-549-thread-1] INFO  server.RaftServerConfigKeys (ConfUtils.java:logGet(43)) - raft.server.log.queue.element-limit = 1024 (custom)
2019-11-14 19:59:17,979 [pool-529-thread-1] INFO  segmented.SegmentedRaftLogWorker (SegmentedRaftLogWorker.java:lambda$new$0(128)) - f857cfdd-345c-4de8-889d-b8fdff158faf@group-5C9C84E47F8E-SegmentedRaftLogWorker: flushIndex: setUnconditionally 0 -> -1
2019-11-14 19:59:17,979 [pool-519-thread-1] INFO  server.RaftServerConfigKeys (ConfUtils.java:logGet(43)) - raft.server.log.queue.element-limit = 1024 (custom)
2019-11-14 19:59:17,979 [pool-549-thread-1] INFO  server.RaftServerConfigKeys (ConfUtils.java:logGet(43)) - raft.server.log.segment.size.max = 1048576 (custom)
2019-11-14 19:59:17,979 [pool-529-thread-1] INFO  server.RaftServerConfigKeys (ConfUtils.java:logGet(43)) - raft.server.snapshot.auto.trigger.enabled = true (custom)
2019-11-14 19:59:17,979 [pool-519-thread-1] INFO  server.RaftServerConfigKeys (ConfUtils.java:logGet(43)) - raft.server.log.segment.size.max = 1048576 (custom)
2019-11-14 19:59:17,979 [pool-529-thread-1] INFO  server.RaftServerConfigKeys (ConfUtils.java:logGet(43)) - raft.server.snapshot.auto.trigger.threshold = 10000 (custom)
2019-11-14 19:59:17,979 [pool-549-thread-1] INFO  server.RaftServerConfigKeys (ConfUtils.java:logGet(43)) - raft.server.log.preallocated.size = 16384 (custom)
2019-11-14 19:59:17,979 [pool-529-thread-1] INFO  server.RaftServerConfigKeys (ConfUtils.java:logGet(43)) - raft.server.snapshot.retention.file.num = 5 (custom)
2019-11-14 19:59:17,979 [pool-519-thread-1] INFO  server.RaftServerConfigKeys (ConfUtils.java:logGet(43)) - raft.server.log.preallocated.size = 16384 (custom)
2019-11-14 19:59:17,979 [pool-529-thread-1] INFO  server.RaftServerConfigKeys (ConfUtils.java:logGet(43)) - raft.server.retrycache.expirytime = 600000ms (custom)
2019-11-14 19:59:17,979 [pool-549-thread-1] INFO  server.RaftServerConfigKeys (ConfUtils.java:logGet(43)) - raft.server.log.write.buffer.size = 33554432 (custom)
2019-11-14 19:59:17,980 [pool-529-thread-1] WARN  impl.MetricRegistriesImpl (MetricRegistriesImpl.java:lambda$create$1(61)) - First MetricRegistry has been created without registering reporters. You may need to call MetricRegistries.global().addReportRegistration(...) before.
2019-11-14 19:59:17,979 [pool-519-thread-1] INFO  server.RaftServerConfigKeys (ConfUtils.java:logGet(43)) - raft.server.log.write.buffer.size = 33554432 (custom)
2019-11-14 19:59:17,980 [pool-529-thread-1] WARN  impl.MetricRegistriesImpl (MetricRegistriesImpl.java:lambda$create$1(61)) - First MetricRegistry has been created without registering reporters. You may need to call MetricRegistries.global().addReportRegistration(...) before.
2019-11-14 19:59:17,980 [pool-549-thread-1] INFO  server.RaftServerConfigKeys (ConfUtils.java:logGet(43)) - raft.server.log.force.sync.num = 128 (default)
2019-11-14 19:59:17,980 [pool-529-thread-1] INFO  impl.RaftServerImpl (RaftServerImpl.java:start(184)) - f857cfdd-345c-4de8-889d-b8fdff158faf@group-5C9C84E47F8E: start as a follower, conf=-1: [9e8f1412-9bf1-4810-b3e9-2cd8ebd4b71b:192.168.157.219:38230, f857cfdd-345c-4de8-889d-b8fdff158faf:192.168.157.219:39658, 37fea5d6-1a60-4b82-9570-57888d4e9f46:192.168.157.219:35005], old=null
2019-11-14 19:59:17,980 [pool-519-thread-1] INFO  server.RaftServerConfigKeys (ConfUtils.java:logGet(43)) - raft.server.log.force.sync.num = 128 (default)
2019-11-14 19:59:17,980 [pool-529-thread-1] INFO  impl.RaftServerImpl (RaftServerImpl.java:setRole(173)) - f857cfdd-345c-4de8-889d-b8fdff158faf@group-5C9C84E47F8E: changes role from      null to FOLLOWER at term 0 for startAsFollower
2019-11-14 19:59:17,980 [pool-549-thread-1] INFO  server.RaftServerConfigKeys (ConfUtils.java:logGet(43)) - raft.server.log.statemachine.data.sync = true (default)
2019-11-14 19:59:17,980 [pool-529-thread-1] INFO  impl.RoleInfo (RoleInfo.java:updateAndGet(143)) - f857cfdd-345c-4de8-889d-b8fdff158faf: start FollowerState
2019-11-14 19:59:17,980 [pool-519-thread-1] INFO  server.RaftServerConfigKeys (ConfUtils.java:logGet(43)) - raft.server.log.statemachine.data.sync = true (default)
2019-11-14 19:59:17,980 [pool-549-thread-1] INFO  server.RaftServerConfigKeys (ConfUtils.java:logGet(43)) - raft.server.log.statemachine.data.sync.timeout = 10s (default)
2019-11-14 19:59:17,980 [pool-519-thread-1] INFO  server.RaftServerConfigKeys (ConfUtils.java:logGet(43)) - raft.server.log.statemachine.data.sync.timeout = 10s (default)
2019-11-14 19:59:17,981 [pool-529-thread-1] INFO  util.JmxRegister (JmxRegister.java:tryRegister(44)) - Successfully registered JMX Bean with object name Ratis:service=RaftServer,group=group-5C9C84E47F8E,id=f857cfdd-345c-4de8-889d-b8fdff158faf
2019-11-14 19:59:17,981 [pool-549-thread-1] INFO  server.RaftServerConfigKeys (ConfUtils.java:logGet(43)) - raft.server.log.statemachine.data.sync.timeout.retry = -1 (default)
2019-11-14 19:59:17,981 [pool-529-thread-1] WARN  impl.MetricRegistriesImpl (MetricRegistriesImpl.java:lambda$create$1(61)) - First MetricRegistry has been created without registering reporters. You may need to call MetricRegistries.global().addReportRegistration(...) before.
2019-11-14 19:59:17,981 [pool-519-thread-1] INFO  server.RaftServerConfigKeys (ConfUtils.java:logGet(43)) - raft.server.log.statemachine.data.sync.timeout.retry = -1 (default)
2019-11-14 19:59:17,981 [pool-549-thread-1] INFO  server.RaftServerConfigKeys (ConfUtils.java:logGet(43)) - raft.server.log.statemachine.data.caching.enabled = true (custom)
2019-11-14 19:59:17,981 [pool-519-thread-1] INFO  server.RaftServerConfigKeys (ConfUtils.java:logGet(43)) - raft.server.log.statemachine.data.caching.enabled = true (custom)
2019-11-14 19:59:17,981 [pool-549-thread-1] INFO  segmented.SegmentedRaftLogWorker (SegmentedRaftLogWorker.java:lambda$new$0(128)) - 9e8f1412-9bf1-4810-b3e9-2cd8ebd4b71b@group-5C9C84E47F8E-SegmentedRaftLogWorker: flushIndex: setUnconditionally 0 -> -1
2019-11-14 19:59:17,981 [pool-519-thread-1] INFO  segmented.SegmentedRaftLogWorker (SegmentedRaftLogWorker.java:lambda$new$0(128)) - 37fea5d6-1a60-4b82-9570-57888d4e9f46@group-5C9C84E47F8E-SegmentedRaftLogWorker: flushIndex: setUnconditionally 0 -> -1
2019-11-14 19:59:17,981 [pool-549-thread-1] INFO  server.RaftServerConfigKeys (ConfUtils.java:logGet(43)) - raft.server.snapshot.auto.trigger.enabled = true (custom)
2019-11-14 19:59:17,982 [pool-549-thread-1] INFO  server.RaftServerConfigKeys (ConfUtils.java:logGet(43)) - raft.server.snapshot.auto.trigger.threshold = 10000 (custom)
2019-11-14 19:59:17,982 [pool-519-thread-1] INFO  server.RaftServerConfigKeys (ConfUtils.java:logGet(43)) - raft.server.snapshot.auto.trigger.enabled = true (custom)
2019-11-14 19:59:17,982 [pool-549-thread-1] INFO  server.RaftServerConfigKeys (ConfUtils.java:logGet(43)) - raft.server.snapshot.retention.file.num = 5 (custom)
2019-11-14 19:59:17,982 [pool-519-thread-1] INFO  server.RaftServerConfigKeys (ConfUtils.java:logGet(43)) - raft.server.snapshot.auto.trigger.threshold = 10000 (custom)
2019-11-14 19:59:17,982 [pool-549-thread-1] INFO  server.RaftServerConfigKeys (ConfUtils.java:logGet(43)) - raft.server.retrycache.expirytime = 600000ms (custom)
2019-11-14 19:59:17,982 [pool-519-thread-1] INFO  server.RaftServerConfigKeys (ConfUtils.java:logGet(43)) - raft.server.snapshot.retention.file.num = 5 (custom)
2019-11-14 19:59:17,982 [pool-549-thread-1] WARN  impl.MetricRegistriesImpl (MetricRegistriesImpl.java:lambda$create$1(61)) - First MetricRegistry has been created without registering reporters. You may need to call MetricRegistries.global().addReportRegistration(...) before.
2019-11-14 19:59:17,982 [pool-519-thread-1] INFO  server.RaftServerConfigKeys (ConfUtils.java:logGet(43)) - raft.server.retrycache.expirytime = 600000ms (custom)
2019-11-14 19:59:17,982 [pool-549-thread-1] WARN  impl.MetricRegistriesImpl (MetricRegistriesImpl.java:lambda$create$1(61)) - First MetricRegistry has been created without registering reporters. You may need to call MetricRegistries.global().addReportRegistration(...) before.
2019-11-14 19:59:17,982 [pool-519-thread-1] WARN  impl.MetricRegistriesImpl (MetricRegistriesImpl.java:lambda$create$1(61)) - First MetricRegistry has been created without registering reporters. You may need to call MetricRegistries.global().addReportRegistration(...) before.
2019-11-14 19:59:17,982 [pool-549-thread-1] INFO  impl.RaftServerImpl (RaftServerImpl.java:start(184)) - 9e8f1412-9bf1-4810-b3e9-2cd8ebd4b71b@group-5C9C84E47F8E: start as a follower, conf=-1: [9e8f1412-9bf1-4810-b3e9-2cd8ebd4b71b:192.168.157.219:38230, f857cfdd-345c-4de8-889d-b8fdff158faf:192.168.157.219:39658, 37fea5d6-1a60-4b82-9570-57888d4e9f46:192.168.157.219:35005], old=null
2019-11-14 19:59:17,982 [pool-519-thread-1] WARN  impl.MetricRegistriesImpl (MetricRegistriesImpl.java:lambda$create$1(61)) - First MetricRegistry has been created without registering reporters. You may need to call MetricRegistries.global().addReportRegistration(...) before.
2019-11-14 19:59:17,982 [pool-549-thread-1] INFO  impl.RaftServerImpl (RaftServerImpl.java:setRole(173)) - 9e8f1412-9bf1-4810-b3e9-2cd8ebd4b71b@group-5C9C84E47F8E: changes role from      null to FOLLOWER at term 0 for startAsFollower
2019-11-14 19:59:17,983 [pool-519-thread-1] INFO  impl.RaftServerImpl (RaftServerImpl.java:start(184)) - 37fea5d6-1a60-4b82-9570-57888d4e9f46@group-5C9C84E47F8E: start as a follower, conf=-1: [9e8f1412-9bf1-4810-b3e9-2cd8ebd4b71b:192.168.157.219:38230, f857cfdd-345c-4de8-889d-b8fdff158faf:192.168.157.219:39658, 37fea5d6-1a60-4b82-9570-57888d4e9f46:192.168.157.219:35005], old=null
2019-11-14 19:59:17,983 [pool-549-thread-1] INFO  impl.RoleInfo (RoleInfo.java:updateAndGet(143)) - 9e8f1412-9bf1-4810-b3e9-2cd8ebd4b71b: start FollowerState
2019-11-14 19:59:17,983 [pool-519-thread-1] INFO  impl.RaftServerImpl (RaftServerImpl.java:setRole(173)) - 37fea5d6-1a60-4b82-9570-57888d4e9f46@group-5C9C84E47F8E: changes role from      null to FOLLOWER at term 0 for startAsFollower
2019-11-14 19:59:17,983 [pool-519-thread-1] INFO  impl.RoleInfo (RoleInfo.java:updateAndGet(143)) - 37fea5d6-1a60-4b82-9570-57888d4e9f46: start FollowerState
2019-11-14 19:59:17,983 [pool-549-thread-1] INFO  util.JmxRegister (JmxRegister.java:tryRegister(44)) - Successfully registered JMX Bean with object name Ratis:service=RaftServer,group=group-5C9C84E47F8E,id=9e8f1412-9bf1-4810-b3e9-2cd8ebd4b71b
2019-11-14 19:59:17,983 [pool-549-thread-1] WARN  impl.MetricRegistriesImpl (MetricRegistriesImpl.java:lambda$create$1(61)) - First MetricRegistry has been created without registering reporters. You may need to call MetricRegistries.global().addReportRegistration(...) before.
2019-11-14 19:59:17,983 [pool-519-thread-1] INFO  util.JmxRegister (JmxRegister.java:tryRegister(44)) - Successfully registered JMX Bean with object name Ratis:service=RaftServer,group=group-5C9C84E47F8E,id=37fea5d6-1a60-4b82-9570-57888d4e9f46
2019-11-14 19:59:17,983 [pool-519-thread-1] WARN  impl.MetricRegistriesImpl (MetricRegistriesImpl.java:lambda$create$1(61)) - First MetricRegistry has been created without registering reporters. You may need to call MetricRegistries.global().addReportRegistration(...) before.
2019-11-14 19:59:17,986 [RatisPipelineUtilsThread] INFO  pipeline.PipelineStateManager (PipelineStateManager.java:addPipeline(55)) - Created pipeline Pipeline[ Id: 1c92a1b8-0acd-4a8d-8abf-5c9c84e47f8e, Nodes: 9e8f1412-9bf1-4810-b3e9-2cd8ebd4b71b{ip: 192.168.157.219, host: pr-hdds-2489-n52xc-1246314526, networkLocation: /rack1, certSerialId: null}f857cfdd-345c-4de8-889d-b8fdff158faf{ip: 192.168.157.219, host: pr-hdds-2489-n52xc-1246314526, networkLocation: /rack1, certSerialId: null}37fea5d6-1a60-4b82-9570-57888d4e9f46{ip: 192.168.157.219, host: pr-hdds-2489-n52xc-1246314526, networkLocation: /rack1, certSerialId: null}, Type:RATIS, Factor:THREE, State:ALLOCATED]
2019-11-14 19:59:17,986 [Thread-3487] INFO  pipeline.PipelineStateManager (PipelineStateManager.java:finalizePipeline(121)) - Pipeline Pipeline[ Id: 67facff0-eb10-4b77-b966-41ed2e1317b9, Nodes: 37fea5d6-1a60-4b82-9570-57888d4e9f46{ip: 192.168.157.219, host: pr-hdds-2489-n52xc-1246314526, networkLocation: /rack1, certSerialId: null}, Type:RATIS, Factor:ONE, State:CLOSED] moved to CLOSED state
2019-11-14 19:59:17,989 [grpc-default-executor-9] INFO  impl.RaftServerProxy (RaftServerProxy.java:remove(95)) - 37fea5d6-1a60-4b82-9570-57888d4e9f46: remove    LEADER 37fea5d6-1a60-4b82-9570-57888d4e9f46@group-41ED2E1317B9:t1, leader=37fea5d6-1a60-4b82-9570-57888d4e9f46, voted=37fea5d6-1a60-4b82-9570-57888d4e9f46, raftlog=37fea5d6-1a60-4b82-9570-57888d4e9f46@group-41ED2E1317B9-SegmentedRaftLog:OPENED:c0,f0,i0, conf=0: [37fea5d6-1a60-4b82-9570-57888d4e9f46:192.168.157.219:35005], old=null RUNNING
2019-11-14 19:59:17,989 [grpc-default-executor-9] INFO  impl.RaftServerImpl (RaftServerImpl.java:lambda$shutdown$3(250)) - 37fea5d6-1a60-4b82-9570-57888d4e9f46@group-41ED2E1317B9: shutdown
2019-11-14 19:59:17,989 [grpc-default-executor-9] INFO  util.JmxRegister (JmxRegister.java:unregister(73)) - Successfully un-registered JMX Bean with object name Ratis:service=RaftServer,group=group-41ED2E1317B9,id=37fea5d6-1a60-4b82-9570-57888d4e9f46
2019-11-14 19:59:17,989 [grpc-default-executor-9] INFO  impl.RoleInfo (RoleInfo.java:shutdownLeaderState(104)) - 37fea5d6-1a60-4b82-9570-57888d4e9f46: shutdown LeaderState
2019-11-14 19:59:17,989 [grpc-default-executor-9] INFO  impl.PendingRequests (PendingRequests.java:sendNotLeaderResponses(206)) - 37fea5d6-1a60-4b82-9570-57888d4e9f46@group-41ED2E1317B9-PendingRequests: sendNotLeaderResponses
2019-11-14 19:59:17,990 [grpc-default-executor-9] INFO  impl.StateMachineUpdater (StateMachineUpdater.java:stopAndJoin(136)) - 37fea5d6-1a60-4b82-9570-57888d4e9f46@group-41ED2E1317B9-StateMachineUpdater: set stopIndex = 0
2019-11-14 19:59:17,990 [grpc-default-executor-9] INFO  impl.RaftServerImpl (ServerState.java:close(387)) - 37fea5d6-1a60-4b82-9570-57888d4e9f46@group-41ED2E1317B9: closes. applyIndex: 0
2019-11-14 19:59:17,990 [37fea5d6-1a60-4b82-9570-57888d4e9f46@group-41ED2E1317B9-SegmentedRaftLogWorker] INFO  segmented.SegmentedRaftLogWorker (SegmentedRaftLogWorker.java:run(316)) - 37fea5d6-1a60-4b82-9570-57888d4e9f46@group-41ED2E1317B9-SegmentedRaftLogWorker was interrupted, exiting. There are 0 tasks remaining in the queue.
2019-11-14 19:59:17,990 [grpc-default-executor-9] INFO  segmented.SegmentedRaftLogWorker (SegmentedRaftLogWorker.java:close(224)) - 37fea5d6-1a60-4b82-9570-57888d4e9f46@group-41ED2E1317B9-SegmentedRaftLogWorker close()
2019-11-14 19:59:17,996 [Thread-3487] INFO  pipeline.PipelineStateManager (PipelineStateManager.java:removePipeline(106)) - Pipeline Pipeline[ Id: 67facff0-eb10-4b77-b966-41ed2e1317b9, Nodes: 37fea5d6-1a60-4b82-9570-57888d4e9f46{ip: 192.168.157.219, host: pr-hdds-2489-n52xc-1246314526, networkLocation: /rack1, certSerialId: null}, Type:RATIS, Factor:ONE, State:CLOSED] removed from db
2019-11-14 19:59:17,996 [Thread-3487] INFO  pipeline.SCMPipelineManager (SCMPipelineManager.java:finalizeAndDestroyPipeline(315)) - destroying pipeline:Pipeline[ Id: a0a9f23a-6bad-4f3d-a974-c26cfbda538c, Nodes: f857cfdd-345c-4de8-889d-b8fdff158faf{ip: 192.168.157.219, host: pr-hdds-2489-n52xc-1246314526, networkLocation: /rack1, certSerialId: null}, Type:RATIS, Factor:ONE, State:OPEN]
2019-11-14 19:59:17,999 [grpc-default-executor-9] INFO  impl.RaftServerProxy (RaftServerProxy.java:addNew(89)) - 37fea5d6-1a60-4b82-9570-57888d4e9f46: addNew group-578C97255FA6:[37fea5d6-1a60-4b82-9570-57888d4e9f46:192.168.157.219:35005] returns group-578C97255FA6:java.util.concurrent.CompletableFuture@155bf37a[Not completed]
2019-11-14 19:59:17,999 [pool-519-thread-1] INFO  impl.RaftServerImpl (RaftServerImpl.java:<init>(98)) - 37fea5d6-1a60-4b82-9570-57888d4e9f46: new RaftServerImpl for group-578C97255FA6:[37fea5d6-1a60-4b82-9570-57888d4e9f46:192.168.157.219:35005] with ContainerStateMachine:uninitialized
2019-11-14 19:59:17,999 [pool-519-thread-1] INFO  server.RaftServerConfigKeys (ConfUtils.java:logGet(43)) - raft.server.rpc.timeout.min = 1s (custom)
2019-11-14 19:59:18,000 [pool-519-thread-1] INFO  server.RaftServerConfigKeys (ConfUtils.java:logGet(43)) - raft.server.rpc.timeout.max = 1200ms (custom)
2019-11-14 19:59:18,000 [pool-519-thread-1] INFO  server.RaftServerConfigKeys (ConfUtils.java:logGet(43)) - raft.server.rpcslowness.timeout = 120s (custom)
2019-11-14 19:59:18,000 [pool-519-thread-1] INFO  server.RaftServerConfigKeys (ConfUtils.java:logGet(43)) - raft.server.sleep.deviation.threshold = 300 (default)
2019-11-14 19:59:18,000 [pool-519-thread-1] INFO  server.RaftServerConfigKeys (ConfUtils.java:logGet(43)) - raft.server.log.appender.install.snapshot.enabled = false (custom)
2019-11-14 19:59:18,000 [pool-519-thread-1] INFO  impl.RaftServerImpl (ServerState.java:<init>(103)) - 37fea5d6-1a60-4b82-9570-57888d4e9f46@group-578C97255FA6: ConfigurationManager, init=-1: [37fea5d6-1a60-4b82-9570-57888d4e9f46:192.168.157.219:35005], old=null, confs=<EMPTY_MAP>
2019-11-14 19:59:18,000 [pool-519-thread-1] INFO  server.RaftServerConfigKeys (ConfUtils.java:logGet(43)) - raft.server.storage.dir = [/workdir/hadoop-ozone/integration-test/target/test-dir/MiniOzoneClusterImpl-df23ed15-4459-4301-a988-82089ad70e13/datanode-1/data/ratis] (custom)
2019-11-14 19:59:18,000 [pool-519-thread-1] INFO  server.RaftServerConfigKeys (ConfUtils.java:logGet(43)) - raft.server.log.corruption.policy = EXCEPTION (default)
2019-11-14 19:59:18,000 [pool-519-thread-1] INFO  storage.RaftStorageDirectory (RaftStorageDirectory.java:analyzeStorage(246)) - The storage directory /workdir/hadoop-ozone/integration-test/target/test-dir/MiniOzoneClusterImpl-df23ed15-4459-4301-a988-82089ad70e13/datanode-1/data/ratis/64f9b8e0-1909-4fd0-b8f9-578c97255fa6 does not exist. Creating ...
2019-11-14 19:59:18,024 [pool-519-thread-1] INFO  storage.RaftStorageDirectory (RaftStorageDirectory.java:tryLock(328)) - Lock on /workdir/hadoop-ozone/integration-test/target/test-dir/MiniOzoneClusterImpl-df23ed15-4459-4301-a988-82089ad70e13/datanode-1/data/ratis/64f9b8e0-1909-4fd0-b8f9-578c97255fa6/in_use.lock acquired by nodename 9468@pr-hdds-2489-n52xc-1246314526
2019-11-14 19:59:18,048 [pool-519-thread-1] INFO  storage.RaftStorage (RaftStorage.java:format(84)) - Storage directory /workdir/hadoop-ozone/integration-test/target/test-dir/MiniOzoneClusterImpl-df23ed15-4459-4301-a988-82089ad70e13/datanode-1/data/ratis/64f9b8e0-1909-4fd0-b8f9-578c97255fa6 has been successfully formatted.
2019-11-14 19:59:18,048 [pool-519-thread-1] INFO  ratis.ContainerStateMachine (ContainerStateMachine.java:loadSnapshot(223)) - group-578C97255FA6: The snapshot info is null. Setting the last applied indexto:(t:0, i:~)
2019-11-14 19:59:18,048 [pool-519-thread-1] INFO  server.RaftServerConfigKeys (ConfUtils.java:logGet(43)) - raft.server.notification.no-leader.timeout = 120s (custom)
2019-11-14 19:59:18,049 [pool-519-thread-1] INFO  server.RaftServerConfigKeys (ConfUtils.java:logGet(43)) - raft.server.log.use.memory = false (default)
2019-11-14 19:59:18,049 [pool-519-thread-1] INFO  server.RaftServerConfigKeys (ConfUtils.java:logGet(43)) - raft.server.log.purge.gap = 1000000 (custom)
2019-11-14 19:59:18,049 [pool-519-thread-1] INFO  server.RaftServerConfigKeys (ConfUtils.java:logGet(43)) - raft.server.log.appender.buffer.byte-limit = 33554432 (custom)
2019-11-14 19:59:18,049 [pool-519-thread-1] INFO  server.RaftServerConfigKeys (ConfUtils.java:logGet(43)) - raft.server.log.segment.size.max = 1048576 (custom)
2019-11-14 19:59:18,049 [pool-519-thread-1] INFO  server.RaftServerConfigKeys (ConfUtils.java:logGet(43)) - raft.server.log.segment.cache.num.max = 2 (custom)
2019-11-14 19:59:18,049 [pool-519-thread-1] INFO  segmented.SegmentedRaftLogWorker (SegmentedRaftLogWorker.java:<init>(173)) - new 37fea5d6-1a60-4b82-9570-57888d4e9f46@group-578C97255FA6-SegmentedRaftLogWorker for RaftStorage:Storage Directory /workdir/hadoop-ozone/integration-test/target/test-dir/MiniOzoneClusterImpl-df23ed15-4459-4301-a988-82089ad70e13/datanode-1/data/ratis/64f9b8e0-1909-4fd0-b8f9-578c97255fa6
2019-11-14 19:59:18,049 [pool-519-thread-1] INFO  server.RaftServerConfigKeys (ConfUtils.java:logGet(43)) - raft.server.log.queue.byte-limit = 2147483647 (custom)
2019-11-14 19:59:18,049 [pool-519-thread-1] INFO  server.RaftServerConfigKeys (ConfUtils.java:logGet(43)) - raft.server.log.queue.element-limit = 1024 (custom)
2019-11-14 19:59:18,049 [pool-519-thread-1] INFO  server.RaftServerConfigKeys (ConfUtils.java:logGet(43)) - raft.server.log.segment.size.max = 1048576 (custom)
2019-11-14 19:59:18,049 [pool-519-thread-1] INFO  server.RaftServerConfigKeys (ConfUtils.java:logGet(43)) - raft.server.log.preallocated.size = 16384 (custom)
2019-11-14 19:59:18,049 [pool-519-thread-1] INFO  server.RaftServerConfigKeys (ConfUtils.java:logGet(43)) - raft.server.log.write.buffer.size = 33554432 (custom)
2019-11-14 19:59:18,049 [pool-519-thread-1] INFO  server.RaftServerConfigKeys (ConfUtils.java:logGet(43)) - raft.server.log.force.sync.num = 128 (default)
2019-11-14 19:59:18,049 [pool-519-thread-1] INFO  server.RaftServerConfigKeys (ConfUtils.java:logGet(43)) - raft.server.log.statemachine.data.sync = true (default)
2019-11-14 19:59:18,049 [pool-519-thread-1] INFO  server.RaftServerConfigKeys (ConfUtils.java:logGet(43)) - raft.server.log.statemachine.data.sync.timeout = 10s (default)
2019-11-14 19:59:18,049 [pool-519-thread-1] INFO  server.RaftServerConfigKeys (ConfUtils.java:logGet(43)) - raft.server.log.statemachine.data.sync.timeout.retry = -1 (default)
2019-11-14 19:59:18,050 [pool-519-thread-1] INFO  server.RaftServerConfigKeys (ConfUtils.java:logGet(43)) - raft.server.log.statemachine.data.caching.enabled = true (custom)
2019-11-14 19:59:18,050 [pool-519-thread-1] INFO  segmented.SegmentedRaftLogWorker (SegmentedRaftLogWorker.java:lambda$new$0(128)) - 37fea5d6-1a60-4b82-9570-57888d4e9f46@group-578C97255FA6-SegmentedRaftLogWorker: flushIndex: setUnconditionally 0 -> -1
2019-11-14 19:59:18,050 [pool-519-thread-1] INFO  server.RaftServerConfigKeys (ConfUtils.java:logGet(43)) - raft.server.snapshot.auto.trigger.enabled = true (custom)
2019-11-14 19:59:18,050 [pool-519-thread-1] INFO  server.RaftServerConfigKeys (ConfUtils.java:logGet(43)) - raft.server.snapshot.auto.trigger.threshold = 10000 (custom)
2019-11-14 19:59:18,050 [pool-519-thread-1] INFO  server.RaftServerConfigKeys (ConfUtils.java:logGet(43)) - raft.server.snapshot.retention.file.num = 5 (custom)
2019-11-14 19:59:18,050 [pool-519-thread-1] INFO  server.RaftServerConfigKeys (ConfUtils.java:logGet(43)) - raft.server.retrycache.expirytime = 600000ms (custom)
2019-11-14 19:59:18,050 [pool-519-thread-1] WARN  impl.MetricRegistriesImpl (MetricRegistriesImpl.java:lambda$create$1(61)) - First MetricRegistry has been created without registering reporters. You may need to call MetricRegistries.global().addReportRegistration(...) before.
2019-11-14 19:59:18,050 [pool-519-thread-1] WARN  impl.MetricRegistriesImpl (MetricRegistriesImpl.java:lambda$create$1(61)) - First MetricRegistry has been created without registering reporters. You may need to call MetricRegistries.global().addReportRegistration(...) before.
2019-11-14 19:59:18,051 [pool-519-thread-1] INFO  impl.RaftServerImpl (RaftServerImpl.java:start(184)) - 37fea5d6-1a60-4b82-9570-57888d4e9f46@group-578C97255FA6: start as a follower, conf=-1: [37fea5d6-1a60-4b82-9570-57888d4e9f46:192.168.157.219:35005], old=null
2019-11-14 19:59:18,051 [pool-519-thread-1] INFO  impl.RaftServerImpl (RaftServerImpl.java:setRole(173)) - 37fea5d6-1a60-4b82-9570-57888d4e9f46@group-578C97255FA6: changes role from      null to FOLLOWER at term 0 for startAsFollower
2019-11-14 19:59:18,051 [pool-519-thread-1] INFO  impl.RoleInfo (RoleInfo.java:updateAndGet(143)) - 37fea5d6-1a60-4b82-9570-57888d4e9f46: start FollowerState
2019-11-14 19:59:18,051 [pool-519-thread-1] INFO  util.JmxRegister (JmxRegister.java:tryRegister(44)) - Successfully registered JMX Bean with object name Ratis:service=RaftServer,group=group-578C97255FA6,id=37fea5d6-1a60-4b82-9570-57888d4e9f46
2019-11-14 19:59:18,051 [pool-519-thread-1] WARN  impl.MetricRegistriesImpl (MetricRegistriesImpl.java:lambda$create$1(61)) - First MetricRegistry has been created without registering reporters. You may need to call MetricRegistries.global().addReportRegistration(...) before.
2019-11-14 19:59:18,053 [RatisPipelineUtilsThread] INFO  pipeline.PipelineStateManager (PipelineStateManager.java:addPipeline(55)) - Created pipeline Pipeline[ Id: 64f9b8e0-1909-4fd0-b8f9-578c97255fa6, Nodes: 37fea5d6-1a60-4b82-9570-57888d4e9f46{ip: 192.168.157.219, host: pr-hdds-2489-n52xc-1246314526, networkLocation: /rack1, certSerialId: null}, Type:RATIS, Factor:ONE, State:ALLOCATED]
2019-11-14 19:59:18,054 [Thread-3487] INFO  pipeline.PipelineStateManager (PipelineStateManager.java:finalizePipeline(121)) - Pipeline Pipeline[ Id: a0a9f23a-6bad-4f3d-a974-c26cfbda538c, Nodes: f857cfdd-345c-4de8-889d-b8fdff158faf{ip: 192.168.157.219, host: pr-hdds-2489-n52xc-1246314526, networkLocation: /rack1, certSerialId: null}, Type:RATIS, Factor:ONE, State:CLOSED] moved to CLOSED state
2019-11-14 19:59:18,057 [grpc-default-executor-9] INFO  impl.RaftServerProxy (RaftServerProxy.java:remove(95)) - f857cfdd-345c-4de8-889d-b8fdff158faf: remove    LEADER f857cfdd-345c-4de8-889d-b8fdff158faf@group-C26CFBDA538C:t1, leader=f857cfdd-345c-4de8-889d-b8fdff158faf, voted=f857cfdd-345c-4de8-889d-b8fdff158faf, raftlog=f857cfdd-345c-4de8-889d-b8fdff158faf@group-C26CFBDA538C-SegmentedRaftLog:OPENED:c0,f0,i0, conf=0: [f857cfdd-345c-4de8-889d-b8fdff158faf:192.168.157.219:39658], old=null RUNNING
2019-11-14 19:59:18,057 [grpc-default-executor-9] INFO  impl.RaftServerImpl (RaftServerImpl.java:lambda$shutdown$3(250)) - f857cfdd-345c-4de8-889d-b8fdff158faf@group-C26CFBDA538C: shutdown
2019-11-14 19:59:18,057 [grpc-default-executor-9] INFO  util.JmxRegister (JmxRegister.java:unregister(73)) - Successfully un-registered JMX Bean with object name Ratis:service=RaftServer,group=group-C26CFBDA538C,id=f857cfdd-345c-4de8-889d-b8fdff158faf
2019-11-14 19:59:18,057 [grpc-default-executor-9] INFO  impl.RoleInfo (RoleInfo.java:shutdownLeaderState(104)) - f857cfdd-345c-4de8-889d-b8fdff158faf: shutdown LeaderState
2019-11-14 19:59:18,058 [grpc-default-executor-9] INFO  impl.PendingRequests (PendingRequests.java:sendNotLeaderResponses(206)) - f857cfdd-345c-4de8-889d-b8fdff158faf@group-C26CFBDA538C-PendingRequests: sendNotLeaderResponses
2019-11-14 19:59:18,058 [grpc-default-executor-9] INFO  impl.StateMachineUpdater (StateMachineUpdater.java:stopAndJoin(136)) - f857cfdd-345c-4de8-889d-b8fdff158faf@group-C26CFBDA538C-StateMachineUpdater: set stopIndex = 0
2019-11-14 19:59:18,058 [grpc-default-executor-9] INFO  impl.RaftServerImpl (ServerState.java:close(387)) - f857cfdd-345c-4de8-889d-b8fdff158faf@group-C26CFBDA538C: closes. applyIndex: 0
2019-11-14 19:59:18,058 [f857cfdd-345c-4de8-889d-b8fdff158faf@group-C26CFBDA538C-SegmentedRaftLogWorker] INFO  segmented.SegmentedRaftLogWorker (SegmentedRaftLogWorker.java:run(316)) - f857cfdd-345c-4de8-889d-b8fdff158faf@group-C26CFBDA538C-SegmentedRaftLogWorker was interrupted, exiting. There are 0 tasks remaining in the queue.
2019-11-14 19:59:18,059 [grpc-default-executor-9] INFO  segmented.SegmentedRaftLogWorker (SegmentedRaftLogWorker.java:close(224)) - f857cfdd-345c-4de8-889d-b8fdff158faf@group-C26CFBDA538C-SegmentedRaftLogWorker close()
2019-11-14 19:59:18,075 [Thread-3487] INFO  pipeline.PipelineStateManager (PipelineStateManager.java:removePipeline(106)) - Pipeline Pipeline[ Id: a0a9f23a-6bad-4f3d-a974-c26cfbda538c, Nodes: f857cfdd-345c-4de8-889d-b8fdff158faf{ip: 192.168.157.219, host: pr-hdds-2489-n52xc-1246314526, networkLocation: /rack1, certSerialId: null}, Type:RATIS, Factor:ONE, State:CLOSED] removed from db
2019-11-14 19:59:18,076 [Thread-3487] INFO  pipeline.SCMPipelineManager (SCMPipelineManager.java:finalizeAndDestroyPipeline(315)) - destroying pipeline:Pipeline[ Id: 84f139eb-8ef5-4a30-8bd8-22a6e53e15b0, Nodes: 60fc2306-005b-4da9-bff6-f0a04ff2f155{ip: 192.168.157.219, host: pr-hdds-2489-n52xc-1246314526, networkLocation: /rack1, certSerialId: null}, Type:RATIS, Factor:ONE, State:OPEN]
2019-11-14 19:59:18,079 [grpc-default-executor-9] INFO  impl.RaftServerProxy (RaftServerProxy.java:addNew(89)) - f857cfdd-345c-4de8-889d-b8fdff158faf: addNew group-97566EF15AF0:[f857cfdd-345c-4de8-889d-b8fdff158faf:192.168.157.219:39658] returns group-97566EF15AF0:java.util.concurrent.CompletableFuture@43ad2ca9[Not completed]
2019-11-14 19:59:18,080 [pool-529-thread-1] INFO  impl.RaftServerImpl (RaftServerImpl.java:<init>(98)) - f857cfdd-345c-4de8-889d-b8fdff158faf: new RaftServerImpl for group-97566EF15AF0:[f857cfdd-345c-4de8-889d-b8fdff158faf:192.168.157.219:39658] with ContainerStateMachine:uninitialized
2019-11-14 19:59:18,080 [pool-529-thread-1] INFO  server.RaftServerConfigKeys (ConfUtils.java:logGet(43)) - raft.server.rpc.timeout.min = 1s (custom)
2019-11-14 19:59:18,080 [pool-529-thread-1] INFO  server.RaftServerConfigKeys (ConfUtils.java:logGet(43)) - raft.server.rpc.timeout.max = 1200ms (custom)
2019-11-14 19:59:18,080 [pool-529-thread-1] INFO  server.RaftServerConfigKeys (ConfUtils.java:logGet(43)) - raft.server.rpcslowness.timeout = 120s (custom)
2019-11-14 19:59:18,080 [pool-529-thread-1] INFO  server.RaftServerConfigKeys (ConfUtils.java:logGet(43)) - raft.server.sleep.deviation.threshold = 300 (default)
2019-11-14 19:59:18,080 [pool-529-thread-1] INFO  server.RaftServerConfigKeys (ConfUtils.java:logGet(43)) - raft.server.log.appender.install.snapshot.enabled = false (custom)
2019-11-14 19:59:18,080 [pool-529-thread-1] INFO  impl.RaftServerImpl (ServerState.java:<init>(103)) - f857cfdd-345c-4de8-889d-b8fdff158faf@group-97566EF15AF0: ConfigurationManager, init=-1: [f857cfdd-345c-4de8-889d-b8fdff158faf:192.168.157.219:39658], old=null, confs=<EMPTY_MAP>
2019-11-14 19:59:18,080 [pool-529-thread-1] INFO  server.RaftServerConfigKeys (ConfUtils.java:logGet(43)) - raft.server.storage.dir = [/workdir/hadoop-ozone/integration-test/target/test-dir/MiniOzoneClusterImpl-df23ed15-4459-4301-a988-82089ad70e13/datanode-2/data/ratis] (custom)
2019-11-14 19:59:18,081 [pool-529-thread-1] INFO  server.RaftServerConfigKeys (ConfUtils.java:logGet(43)) - raft.server.log.corruption.policy = EXCEPTION (default)
2019-11-14 19:59:18,081 [pool-529-thread-1] INFO  storage.RaftStorageDirectory (RaftStorageDirectory.java:analyzeStorage(246)) - The storage directory /workdir/hadoop-ozone/integration-test/target/test-dir/MiniOzoneClusterImpl-df23ed15-4459-4301-a988-82089ad70e13/datanode-2/data/ratis/0f1567a8-6243-47f7-8e17-97566ef15af0 does not exist. Creating ...
2019-11-14 19:59:18,104 [pool-529-thread-1] INFO  storage.RaftStorageDirectory (RaftStorageDirectory.java:tryLock(328)) - Lock on /workdir/hadoop-ozone/integration-test/target/test-dir/MiniOzoneClusterImpl-df23ed15-4459-4301-a988-82089ad70e13/datanode-2/data/ratis/0f1567a8-6243-47f7-8e17-97566ef15af0/in_use.lock acquired by nodename 9468@pr-hdds-2489-n52xc-1246314526
2019-11-14 19:59:18,123 [pool-529-thread-1] INFO  storage.RaftStorage (RaftStorage.java:format(84)) - Storage directory /workdir/hadoop-ozone/integration-test/target/test-dir/MiniOzoneClusterImpl-df23ed15-4459-4301-a988-82089ad70e13/datanode-2/data/ratis/0f1567a8-6243-47f7-8e17-97566ef15af0 has been successfully formatted.
2019-11-14 19:59:18,124 [pool-529-thread-1] INFO  ratis.ContainerStateMachine (ContainerStateMachine.java:loadSnapshot(223)) - group-97566EF15AF0: The snapshot info is null. Setting the last applied indexto:(t:0, i:~)
2019-11-14 19:59:18,124 [pool-529-thread-1] INFO  server.RaftServerConfigKeys (ConfUtils.java:logGet(43)) - raft.server.notification.no-leader.timeout = 120s (custom)
2019-11-14 19:59:18,124 [pool-529-thread-1] INFO  server.RaftServerConfigKeys (ConfUtils.java:logGet(43)) - raft.server.log.use.memory = false (default)
2019-11-14 19:59:18,124 [pool-529-thread-1] INFO  server.RaftServerConfigKeys (ConfUtils.java:logGet(43)) - raft.server.log.purge.gap = 1000000 (custom)
2019-11-14 19:59:18,124 [pool-529-thread-1] INFO  server.RaftServerConfigKeys (ConfUtils.java:logGet(43)) - raft.server.log.appender.buffer.byte-limit = 33554432 (custom)
2019-11-14 19:59:18,124 [pool-529-thread-1] INFO  server.RaftServerConfigKeys (ConfUtils.java:logGet(43)) - raft.server.log.segment.size.max = 1048576 (custom)
2019-11-14 19:59:18,124 [pool-529-thread-1] INFO  server.RaftServerConfigKeys (ConfUtils.java:logGet(43)) - raft.server.log.segment.cache.num.max = 2 (custom)
2019-11-14 19:59:18,124 [pool-529-thread-1] INFO  segmented.SegmentedRaftLogWorker (SegmentedRaftLogWorker.java:<init>(173)) - new f857cfdd-345c-4de8-889d-b8fdff158faf@group-97566EF15AF0-SegmentedRaftLogWorker for RaftStorage:Storage Directory /workdir/hadoop-ozone/integration-test/target/test-dir/MiniOzoneClusterImpl-df23ed15-4459-4301-a988-82089ad70e13/datanode-2/data/ratis/0f1567a8-6243-47f7-8e17-97566ef15af0
2019-11-14 19:59:18,125 [pool-529-thread-1] INFO  server.RaftServerConfigKeys (ConfUtils.java:logGet(43)) - raft.server.log.queue.byte-limit = 2147483647 (custom)
2019-11-14 19:59:18,125 [pool-529-thread-1] INFO  server.RaftServerConfigKeys (ConfUtils.java:logGet(43)) - raft.server.log.queue.element-limit = 1024 (custom)
2019-11-14 19:59:18,125 [pool-529-thread-1] INFO  server.RaftServerConfigKeys (ConfUtils.java:logGet(43)) - raft.server.log.segment.size.max = 1048576 (custom)
2019-11-14 19:59:18,125 [pool-529-thread-1] INFO  server.RaftServerConfigKeys (ConfUtils.java:logGet(43)) - raft.server.log.preallocated.size = 16384 (custom)
2019-11-14 19:59:18,125 [pool-529-thread-1] INFO  server.RaftServerConfigKeys (ConfUtils.java:logGet(43)) - raft.server.log.write.buffer.size = 33554432 (custom)
2019-11-14 19:59:18,125 [pool-529-thread-1] INFO  server.RaftServerConfigKeys (ConfUtils.java:logGet(43)) - raft.server.log.force.sync.num = 128 (default)
2019-11-14 19:59:18,125 [pool-529-thread-1] INFO  server.RaftServerConfigKeys (ConfUtils.java:logGet(43)) - raft.server.log.statemachine.data.sync = true (default)
2019-11-14 19:59:18,125 [pool-529-thread-1] INFO  server.RaftServerConfigKeys (ConfUtils.java:logGet(43)) - raft.server.log.statemachine.data.sync.timeout = 10s (default)
2019-11-14 19:59:18,125 [pool-529-thread-1] INFO  server.RaftServerConfigKeys (ConfUtils.java:logGet(43)) - raft.server.log.statemachine.data.sync.timeout.retry = -1 (default)
2019-11-14 19:59:18,125 [pool-529-thread-1] INFO  server.RaftServerConfigKeys (ConfUtils.java:logGet(43)) - raft.server.log.statemachine.data.caching.enabled = true (custom)
2019-11-14 19:59:18,126 [pool-529-thread-1] INFO  segmented.SegmentedRaftLogWorker (SegmentedRaftLogWorker.java:lambda$new$0(128)) - f857cfdd-345c-4de8-889d-b8fdff158faf@group-97566EF15AF0-SegmentedRaftLogWorker: flushIndex: setUnconditionally 0 -> -1
2019-11-14 19:59:18,126 [pool-529-thread-1] INFO  server.RaftServerConfigKeys (ConfUtils.java:logGet(43)) - raft.server.snapshot.auto.trigger.enabled = true (custom)
2019-11-14 19:59:18,126 [pool-529-thread-1] INFO  server.RaftServerConfigKeys (ConfUtils.java:logGet(43)) - raft.server.snapshot.auto.trigger.threshold = 10000 (custom)
2019-11-14 19:59:18,126 [pool-529-thread-1] INFO  server.RaftServerConfigKeys (ConfUtils.java:logGet(43)) - raft.server.snapshot.retention.file.num = 5 (custom)
2019-11-14 19:59:18,126 [pool-529-thread-1] INFO  server.RaftServerConfigKeys (ConfUtils.java:logGet(43)) - raft.server.retrycache.expirytime = 600000ms (custom)
2019-11-14 19:59:18,126 [pool-529-thread-1] WARN  impl.MetricRegistriesImpl (MetricRegistriesImpl.java:lambda$create$1(61)) - First MetricRegistry has been created without registering reporters. You may need to call MetricRegistries.global().addReportRegistration(...) before.
2019-11-14 19:59:18,127 [pool-529-thread-1] WARN  impl.MetricRegistriesImpl (MetricRegistriesImpl.java:lambda$create$1(61)) - First MetricRegistry has been created without registering reporters. You may need to call MetricRegistries.global().addReportRegistration(...) before.
2019-11-14 19:59:18,127 [pool-529-thread-1] INFO  impl.RaftServerImpl (RaftServerImpl.java:start(184)) - f857cfdd-345c-4de8-889d-b8fdff158faf@group-97566EF15AF0: start as a follower, conf=-1: [f857cfdd-345c-4de8-889d-b8fdff158faf:192.168.157.219:39658], old=null
2019-11-14 19:59:18,127 [pool-529-thread-1] INFO  impl.RaftServerImpl (RaftServerImpl.java:setRole(173)) - f857cfdd-345c-4de8-889d-b8fdff158faf@group-97566EF15AF0: changes role from      null to FOLLOWER at term 0 for startAsFollower
2019-11-14 19:59:18,127 [pool-529-thread-1] INFO  impl.RoleInfo (RoleInfo.java:updateAndGet(143)) - f857cfdd-345c-4de8-889d-b8fdff158faf: start FollowerState
2019-11-14 19:59:18,127 [pool-529-thread-1] INFO  util.JmxRegister (JmxRegister.java:tryRegister(44)) - Successfully registered JMX Bean with object name Ratis:service=RaftServer,group=group-97566EF15AF0,id=f857cfdd-345c-4de8-889d-b8fdff158faf
2019-11-14 19:59:18,127 [pool-529-thread-1] WARN  impl.MetricRegistriesImpl (MetricRegistriesImpl.java:lambda$create$1(61)) - First MetricRegistry has been created without registering reporters. You may need to call MetricRegistries.global().addReportRegistration(...) before.
2019-11-14 19:59:18,129 [RatisPipelineUtilsThread] INFO  pipeline.PipelineStateManager (PipelineStateManager.java:addPipeline(55)) - Created pipeline Pipeline[ Id: 0f1567a8-6243-47f7-8e17-97566ef15af0, Nodes: f857cfdd-345c-4de8-889d-b8fdff158faf{ip: 192.168.157.219, host: pr-hdds-2489-n52xc-1246314526, networkLocation: /rack1, certSerialId: null}, Type:RATIS, Factor:ONE, State:ALLOCATED]
2019-11-14 19:59:18,130 [Thread-3487] INFO  pipeline.PipelineStateManager (PipelineStateManager.java:finalizePipeline(121)) - Pipeline Pipeline[ Id: 84f139eb-8ef5-4a30-8bd8-22a6e53e15b0, Nodes: 60fc2306-005b-4da9-bff6-f0a04ff2f155{ip: 192.168.157.219, host: pr-hdds-2489-n52xc-1246314526, networkLocation: /rack1, certSerialId: null}, Type:RATIS, Factor:ONE, State:CLOSED] moved to CLOSED state
2019-11-14 19:59:18,133 [grpc-default-executor-9] INFO  impl.RaftServerProxy (RaftServerProxy.java:remove(95)) - 60fc2306-005b-4da9-bff6-f0a04ff2f155: remove    LEADER 60fc2306-005b-4da9-bff6-f0a04ff2f155@group-22A6E53E15B0:t1, leader=60fc2306-005b-4da9-bff6-f0a04ff2f155, voted=60fc2306-005b-4da9-bff6-f0a04ff2f155, raftlog=60fc2306-005b-4da9-bff6-f0a04ff2f155@group-22A6E53E15B0-SegmentedRaftLog:OPENED:c0,f0,i0, conf=0: [60fc2306-005b-4da9-bff6-f0a04ff2f155:192.168.157.219:33304], old=null RUNNING
2019-11-14 19:59:18,134 [grpc-default-executor-9] INFO  impl.RaftServerImpl (RaftServerImpl.java:lambda$shutdown$3(250)) - 60fc2306-005b-4da9-bff6-f0a04ff2f155@group-22A6E53E15B0: shutdown
2019-11-14 19:59:18,134 [grpc-default-executor-9] INFO  util.JmxRegister (JmxRegister.java:unregister(73)) - Successfully un-registered JMX Bean with object name Ratis:service=RaftServer,group=group-22A6E53E15B0,id=60fc2306-005b-4da9-bff6-f0a04ff2f155
2019-11-14 19:59:18,134 [grpc-default-executor-9] INFO  impl.RoleInfo (RoleInfo.java:shutdownLeaderState(104)) - 60fc2306-005b-4da9-bff6-f0a04ff2f155: shutdown LeaderState
2019-11-14 19:59:18,134 [grpc-default-executor-9] INFO  impl.PendingRequests (PendingRequests.java:sendNotLeaderResponses(206)) - 60fc2306-005b-4da9-bff6-f0a04ff2f155@group-22A6E53E15B0-PendingRequests: sendNotLeaderResponses
2019-11-14 19:59:18,134 [grpc-default-executor-9] INFO  impl.StateMachineUpdater (StateMachineUpdater.java:stopAndJoin(136)) - 60fc2306-005b-4da9-bff6-f0a04ff2f155@group-22A6E53E15B0-StateMachineUpdater: set stopIndex = 0
2019-11-14 19:59:18,135 [grpc-default-executor-9] INFO  impl.RaftServerImpl (ServerState.java:close(387)) - 60fc2306-005b-4da9-bff6-f0a04ff2f155@group-22A6E53E15B0: closes. applyIndex: 0
2019-11-14 19:59:18,135 [60fc2306-005b-4da9-bff6-f0a04ff2f155@group-22A6E53E15B0-SegmentedRaftLogWorker] INFO  segmented.SegmentedRaftLogWorker (SegmentedRaftLogWorker.java:run(316)) - 60fc2306-005b-4da9-bff6-f0a04ff2f155@group-22A6E53E15B0-SegmentedRaftLogWorker was interrupted, exiting. There are 0 tasks remaining in the queue.
2019-11-14 19:59:18,135 [grpc-default-executor-9] INFO  segmented.SegmentedRaftLogWorker (SegmentedRaftLogWorker.java:close(224)) - 60fc2306-005b-4da9-bff6-f0a04ff2f155@group-22A6E53E15B0-SegmentedRaftLogWorker close()
2019-11-14 19:59:18,141 [Thread-3487] INFO  pipeline.PipelineStateManager (PipelineStateManager.java:removePipeline(106)) - Pipeline Pipeline[ Id: 84f139eb-8ef5-4a30-8bd8-22a6e53e15b0, Nodes: 60fc2306-005b-4da9-bff6-f0a04ff2f155{ip: 192.168.157.219, host: pr-hdds-2489-n52xc-1246314526, networkLocation: /rack1, certSerialId: null}, Type:RATIS, Factor:ONE, State:CLOSED] removed from db
2019-11-14 19:59:18,141 [Thread-3487] INFO  pipeline.SCMPipelineManager (SCMPipelineManager.java:finalizeAndDestroyPipeline(315)) - destroying pipeline:Pipeline[ Id: 2a695022-9cdb-4976-9dad-8fe4779757e8, Nodes: 909799b4-01f9-4409-9e01-df516dc8a9f9{ip: 192.168.157.219, host: pr-hdds-2489-n52xc-1246314526, networkLocation: /rack1, certSerialId: null}e8061cfc-e634-4005-9186-8f9a3cdc71ed{ip: 192.168.157.219, host: pr-hdds-2489-n52xc-1246314526, networkLocation: /rack1, certSerialId: null}60fc2306-005b-4da9-bff6-f0a04ff2f155{ip: 192.168.157.219, host: pr-hdds-2489-n52xc-1246314526, networkLocation: /rack1, certSerialId: null}, Type:RATIS, Factor:THREE, State:OPEN]
2019-11-14 19:59:18,144 [grpc-default-executor-9] INFO  impl.RaftServerProxy (RaftServerProxy.java:addNew(89)) - 60fc2306-005b-4da9-bff6-f0a04ff2f155: addNew group-9F53A7862BC8:[60fc2306-005b-4da9-bff6-f0a04ff2f155:192.168.157.219:33304] returns group-9F53A7862BC8:java.util.concurrent.CompletableFuture@64fca2ef[Not completed]
2019-11-14 19:59:18,145 [pool-599-thread-1] INFO  impl.RaftServerImpl (RaftServerImpl.java:<init>(98)) - 60fc2306-005b-4da9-bff6-f0a04ff2f155: new RaftServerImpl for group-9F53A7862BC8:[60fc2306-005b-4da9-bff6-f0a04ff2f155:192.168.157.219:33304] with ContainerStateMachine:uninitialized
2019-11-14 19:59:18,146 [pool-599-thread-1] INFO  server.RaftServerConfigKeys (ConfUtils.java:logGet(43)) - raft.server.rpc.timeout.min = 1s (custom)
2019-11-14 19:59:18,146 [pool-599-thread-1] INFO  server.RaftServerConfigKeys (ConfUtils.java:logGet(43)) - raft.server.rpc.timeout.max = 1200ms (custom)
2019-11-14 19:59:18,146 [pool-599-thread-1] INFO  server.RaftServerConfigKeys (ConfUtils.java:logGet(43)) - raft.server.rpcslowness.timeout = 120s (custom)
2019-11-14 19:59:18,146 [pool-599-thread-1] INFO  server.RaftServerConfigKeys (ConfUtils.java:logGet(43)) - raft.server.sleep.deviation.threshold = 300 (default)
2019-11-14 19:59:18,146 [pool-599-thread-1] INFO  server.RaftServerConfigKeys (ConfUtils.java:logGet(43)) - raft.server.log.appender.install.snapshot.enabled = false (custom)
2019-11-14 19:59:18,146 [pool-599-thread-1] INFO  impl.RaftServerImpl (ServerState.java:<init>(103)) - 60fc2306-005b-4da9-bff6-f0a04ff2f155@group-9F53A7862BC8: ConfigurationManager, init=-1: [60fc2306-005b-4da9-bff6-f0a04ff2f155:192.168.157.219:33304], old=null, confs=<EMPTY_MAP>
2019-11-14 19:59:18,146 [pool-599-thread-1] INFO  server.RaftServerConfigKeys (ConfUtils.java:logGet(43)) - raft.server.storage.dir = [/workdir/hadoop-ozone/integration-test/target/test-dir/MiniOzoneClusterImpl-df23ed15-4459-4301-a988-82089ad70e13/datanode-9/data/ratis] (custom)
2019-11-14 19:59:18,147 [pool-599-thread-1] INFO  server.RaftServerConfigKeys (ConfUtils.java:logGet(43)) - raft.server.log.corruption.policy = EXCEPTION (default)
2019-11-14 19:59:18,147 [pool-599-thread-1] INFO  storage.RaftStorageDirectory (RaftStorageDirectory.java:analyzeStorage(246)) - The storage directory /workdir/hadoop-ozone/integration-test/target/test-dir/MiniOzoneClusterImpl-df23ed15-4459-4301-a988-82089ad70e13/datanode-9/data/ratis/4f4bea60-86be-46c9-8294-9f53a7862bc8 does not exist. Creating ...
2019-11-14 19:59:18,170 [pool-599-thread-1] INFO  storage.RaftStorageDirectory (RaftStorageDirectory.java:tryLock(328)) - Lock on /workdir/hadoop-ozone/integration-test/target/test-dir/MiniOzoneClusterImpl-df23ed15-4459-4301-a988-82089ad70e13/datanode-9/data/ratis/4f4bea60-86be-46c9-8294-9f53a7862bc8/in_use.lock acquired by nodename 9468@pr-hdds-2489-n52xc-1246314526
2019-11-14 19:59:18,194 [pool-599-thread-1] INFO  storage.RaftStorage (RaftStorage.java:format(84)) - Storage directory /workdir/hadoop-ozone/integration-test/target/test-dir/MiniOzoneClusterImpl-df23ed15-4459-4301-a988-82089ad70e13/datanode-9/data/ratis/4f4bea60-86be-46c9-8294-9f53a7862bc8 has been successfully formatted.
2019-11-14 19:59:18,194 [pool-599-thread-1] INFO  ratis.ContainerStateMachine (ContainerStateMachine.java:loadSnapshot(223)) - group-9F53A7862BC8: The snapshot info is null. Setting the last applied indexto:(t:0, i:~)
2019-11-14 19:59:18,194 [pool-599-thread-1] INFO  server.RaftServerConfigKeys (ConfUtils.java:logGet(43)) - raft.server.notification.no-leader.timeout = 120s (custom)
2019-11-14 19:59:18,195 [pool-599-thread-1] INFO  server.RaftServerConfigKeys (ConfUtils.java:logGet(43)) - raft.server.log.use.memory = false (default)
2019-11-14 19:59:18,195 [pool-599-thread-1] INFO  server.RaftServerConfigKeys (ConfUtils.java:logGet(43)) - raft.server.log.purge.gap = 1000000 (custom)
2019-11-14 19:59:18,195 [pool-599-thread-1] INFO  server.RaftServerConfigKeys (ConfUtils.java:logGet(43)) - raft.server.log.appender.buffer.byte-limit = 33554432 (custom)
2019-11-14 19:59:18,195 [pool-599-thread-1] INFO  server.RaftServerConfigKeys (ConfUtils.java:logGet(43)) - raft.server.log.segment.size.max = 1048576 (custom)
2019-11-14 19:59:18,195 [pool-599-thread-1] INFO  server.RaftServerConfigKeys (ConfUtils.java:logGet(43)) - raft.server.log.segment.cache.num.max = 2 (custom)
2019-11-14 19:59:18,195 [pool-599-thread-1] INFO  segmented.SegmentedRaftLogWorker (SegmentedRaftLogWorker.java:<init>(173)) - new 60fc2306-005b-4da9-bff6-f0a04ff2f155@group-9F53A7862BC8-SegmentedRaftLogWorker for RaftStorage:Storage Directory /workdir/hadoop-ozone/integration-test/target/test-dir/MiniOzoneClusterImpl-df23ed15-4459-4301-a988-82089ad70e13/datanode-9/data/ratis/4f4bea60-86be-46c9-8294-9f53a7862bc8
2019-11-14 19:59:18,195 [pool-599-thread-1] INFO  server.RaftServerConfigKeys (ConfUtils.java:logGet(43)) - raft.server.log.queue.byte-limit = 2147483647 (custom)
2019-11-14 19:59:18,195 [pool-599-thread-1] INFO  server.RaftServerConfigKeys (ConfUtils.java:logGet(43)) - raft.server.log.queue.element-limit = 1024 (custom)
2019-11-14 19:59:18,196 [pool-599-thread-1] INFO  server.RaftServerConfigKeys (ConfUtils.java:logGet(43)) - raft.server.log.segment.size.max = 1048576 (custom)
2019-11-14 19:59:18,196 [pool-599-thread-1] INFO  server.RaftServerConfigKeys (ConfUtils.java:logGet(43)) - raft.server.log.preallocated.size = 16384 (custom)
2019-11-14 19:59:18,196 [pool-599-thread-1] INFO  server.RaftServerConfigKeys (ConfUtils.java:logGet(43)) - raft.server.log.write.buffer.size = 33554432 (custom)
2019-11-14 19:59:18,196 [pool-599-thread-1] INFO  server.RaftServerConfigKeys (ConfUtils.java:logGet(43)) - raft.server.log.force.sync.num = 128 (default)
2019-11-14 19:59:18,196 [pool-599-thread-1] INFO  server.RaftServerConfigKeys (ConfUtils.java:logGet(43)) - raft.server.log.statemachine.data.sync = true (default)
2019-11-14 19:59:18,196 [pool-599-thread-1] INFO  server.RaftServerConfigKeys (ConfUtils.java:logGet(43)) - raft.server.log.statemachine.data.sync.timeout = 10s (default)
2019-11-14 19:59:18,196 [pool-599-thread-1] INFO  server.RaftServerConfigKeys (ConfUtils.java:logGet(43)) - raft.server.log.statemachine.data.sync.timeout.retry = -1 (default)
2019-11-14 19:59:18,196 [pool-599-thread-1] INFO  server.RaftServerConfigKeys (ConfUtils.java:logGet(43)) - raft.server.log.statemachine.data.caching.enabled = true (custom)
2019-11-14 19:59:18,196 [pool-599-thread-1] INFO  segmented.SegmentedRaftLogWorker (SegmentedRaftLogWorker.java:lambda$new$0(128)) - 60fc2306-005b-4da9-bff6-f0a04ff2f155@group-9F53A7862BC8-SegmentedRaftLogWorker: flushIndex: setUnconditionally 0 -> -1
2019-11-14 19:59:18,197 [pool-599-thread-1] INFO  server.RaftServerConfigKeys (ConfUtils.java:logGet(43)) - raft.server.snapshot.auto.trigger.enabled = true (custom)
2019-11-14 19:59:18,197 [pool-599-thread-1] INFO  server.RaftServerConfigKeys (ConfUtils.java:logGet(43)) - raft.server.snapshot.auto.trigger.threshold = 10000 (custom)
2019-11-14 19:59:18,197 [pool-599-thread-1] INFO  server.RaftServerConfigKeys (ConfUtils.java:logGet(43)) - raft.server.snapshot.retention.file.num = 5 (custom)
2019-11-14 19:59:18,197 [pool-599-thread-1] INFO  server.RaftServerConfigKeys (ConfUtils.java:logGet(43)) - raft.server.retrycache.expirytime = 600000ms (custom)
2019-11-14 19:59:18,197 [pool-599-thread-1] WARN  impl.MetricRegistriesImpl (MetricRegistriesImpl.java:lambda$create$1(61)) - First MetricRegistry has been created without registering reporters. You may need to call MetricRegistries.global().addReportRegistration(...) before.
2019-11-14 19:59:18,197 [pool-599-thread-1] WARN  impl.MetricRegistriesImpl (MetricRegistriesImpl.java:lambda$create$1(61)) - First MetricRegistry has been created without registering reporters. You may need to call MetricRegistries.global().addReportRegistration(...) before.
2019-11-14 19:59:18,198 [pool-599-thread-1] INFO  impl.RaftServerImpl (RaftServerImpl.java:start(184)) - 60fc2306-005b-4da9-bff6-f0a04ff2f155@group-9F53A7862BC8: start as a follower, conf=-1: [60fc2306-005b-4da9-bff6-f0a04ff2f155:192.168.157.219:33304], old=null
2019-11-14 19:59:18,198 [pool-599-thread-1] INFO  impl.RaftServerImpl (RaftServerImpl.java:setRole(173)) - 60fc2306-005b-4da9-bff6-f0a04ff2f155@group-9F53A7862BC8: changes role from      null to FOLLOWER at term 0 for startAsFollower
2019-11-14 19:59:18,198 [pool-599-thread-1] INFO  impl.RoleInfo (RoleInfo.java:updateAndGet(143)) - 60fc2306-005b-4da9-bff6-f0a04ff2f155: start FollowerState
2019-11-14 19:59:18,198 [pool-599-thread-1] INFO  util.JmxRegister (JmxRegister.java:tryRegister(44)) - Successfully registered JMX Bean with object name Ratis:service=RaftServer,group=group-9F53A7862BC8,id=60fc2306-005b-4da9-bff6-f0a04ff2f155
2019-11-14 19:59:18,198 [pool-599-thread-1] WARN  impl.MetricRegistriesImpl (MetricRegistriesImpl.java:lambda$create$1(61)) - First MetricRegistry has been created without registering reporters. You may need to call MetricRegistries.global().addReportRegistration(...) before.
2019-11-14 19:59:18,212 [RatisPipelineUtilsThread] INFO  pipeline.PipelineStateManager (PipelineStateManager.java:addPipeline(55)) - Created pipeline Pipeline[ Id: 4f4bea60-86be-46c9-8294-9f53a7862bc8, Nodes: 60fc2306-005b-4da9-bff6-f0a04ff2f155{ip: 192.168.157.219, host: pr-hdds-2489-n52xc-1246314526, networkLocation: /rack1, certSerialId: null}, Type:RATIS, Factor:ONE, State:ALLOCATED]
2019-11-14 19:59:18,213 [Thread-3487] INFO  pipeline.PipelineStateManager (PipelineStateManager.java:finalizePipeline(121)) - Pipeline Pipeline[ Id: 2a695022-9cdb-4976-9dad-8fe4779757e8, Nodes: 909799b4-01f9-4409-9e01-df516dc8a9f9{ip: 192.168.157.219, host: pr-hdds-2489-n52xc-1246314526, networkLocation: /rack1, certSerialId: null}e8061cfc-e634-4005-9186-8f9a3cdc71ed{ip: 192.168.157.219, host: pr-hdds-2489-n52xc-1246314526, networkLocation: /rack1, certSerialId: null}60fc2306-005b-4da9-bff6-f0a04ff2f155{ip: 192.168.157.219, host: pr-hdds-2489-n52xc-1246314526, networkLocation: /rack1, certSerialId: null}, Type:RATIS, Factor:THREE, State:CLOSED] moved to CLOSED state
2019-11-14 19:59:18,216 [grpc-default-executor-9] INFO  impl.RaftServerProxy (RaftServerProxy.java:remove(95)) - 909799b4-01f9-4409-9e01-df516dc8a9f9: remove  FOLLOWER 909799b4-01f9-4409-9e01-df516dc8a9f9@group-8FE4779757E8:t1, leader=e8061cfc-e634-4005-9186-8f9a3cdc71ed, voted=e8061cfc-e634-4005-9186-8f9a3cdc71ed, raftlog=909799b4-01f9-4409-9e01-df516dc8a9f9@group-8FE4779757E8-SegmentedRaftLog:OPENED:c0,f0,i0, conf=0: [60fc2306-005b-4da9-bff6-f0a04ff2f155:192.168.157.219:33304, 909799b4-01f9-4409-9e01-df516dc8a9f9:192.168.157.219:34722, e8061cfc-e634-4005-9186-8f9a3cdc71ed:192.168.157.219:37108], old=null RUNNING
2019-11-14 19:59:18,217 [grpc-default-executor-9] INFO  impl.RaftServerImpl (RaftServerImpl.java:lambda$shutdown$3(250)) - 909799b4-01f9-4409-9e01-df516dc8a9f9@group-8FE4779757E8: shutdown
2019-11-14 19:59:18,217 [grpc-default-executor-9] INFO  util.JmxRegister (JmxRegister.java:unregister(73)) - Successfully un-registered JMX Bean with object name Ratis:service=RaftServer,group=group-8FE4779757E8,id=909799b4-01f9-4409-9e01-df516dc8a9f9
2019-11-14 19:59:18,217 [grpc-default-executor-9] INFO  impl.RoleInfo (RoleInfo.java:shutdownFollowerState(121)) - 909799b4-01f9-4409-9e01-df516dc8a9f9: shutdown FollowerState
2019-11-14 19:59:18,217 [grpc-default-executor-9] INFO  impl.StateMachineUpdater (StateMachineUpdater.java:stopAndJoin(136)) - 909799b4-01f9-4409-9e01-df516dc8a9f9@group-8FE4779757E8-StateMachineUpdater: set stopIndex = 0
2019-11-14 19:59:18,217 [Thread-3593] INFO  impl.FollowerState (FollowerState.java:run(120)) - 909799b4-01f9-4409-9e01-df516dc8a9f9@group-8FE4779757E8-FollowerState was interrupted: java.lang.InterruptedException: sleep interrupted
2019-11-14 19:59:18,217 [grpc-default-executor-9] INFO  impl.RaftServerImpl (ServerState.java:close(387)) - 909799b4-01f9-4409-9e01-df516dc8a9f9@group-8FE4779757E8: closes. applyIndex: 0
2019-11-14 19:59:18,218 [909799b4-01f9-4409-9e01-df516dc8a9f9@group-8FE4779757E8-SegmentedRaftLogWorker] INFO  segmented.SegmentedRaftLogWorker (SegmentedRaftLogWorker.java:run(316)) - 909799b4-01f9-4409-9e01-df516dc8a9f9@group-8FE4779757E8-SegmentedRaftLogWorker was interrupted, exiting. There are 0 tasks remaining in the queue.
2019-11-14 19:59:18,281 [grpc-default-executor-9] INFO  segmented.SegmentedRaftLogWorker (SegmentedRaftLogWorker.java:close(224)) - 909799b4-01f9-4409-9e01-df516dc8a9f9@group-8FE4779757E8-SegmentedRaftLogWorker close()
2019-11-14 19:59:18,331 [grpc-default-executor-9] INFO  impl.RaftServerProxy (RaftServerProxy.java:remove(95)) - e8061cfc-e634-4005-9186-8f9a3cdc71ed: remove    LEADER e8061cfc-e634-4005-9186-8f9a3cdc71ed@group-8FE4779757E8:t1, leader=e8061cfc-e634-4005-9186-8f9a3cdc71ed, voted=e8061cfc-e634-4005-9186-8f9a3cdc71ed, raftlog=e8061cfc-e634-4005-9186-8f9a3cdc71ed@group-8FE4779757E8-SegmentedRaftLog:OPENED:c0,f0,i0, conf=0: [60fc2306-005b-4da9-bff6-f0a04ff2f155:192.168.157.219:33304, 909799b4-01f9-4409-9e01-df516dc8a9f9:192.168.157.219:34722, e8061cfc-e634-4005-9186-8f9a3cdc71ed:192.168.157.219:37108], old=null RUNNING
2019-11-14 19:59:18,331 [grpc-default-executor-9] INFO  impl.RaftServerImpl (RaftServerImpl.java:lambda$shutdown$3(250)) - e8061cfc-e634-4005-9186-8f9a3cdc71ed@group-8FE4779757E8: shutdown
2019-11-14 19:59:18,332 [grpc-default-executor-9] INFO  util.JmxRegister (JmxRegister.java:unregister(73)) - Successfully un-registered JMX Bean with object name Ratis:service=RaftServer,group=group-8FE4779757E8,id=e8061cfc-e634-4005-9186-8f9a3cdc71ed
2019-11-14 19:59:18,332 [grpc-default-executor-9] INFO  impl.RoleInfo (RoleInfo.java:shutdownLeaderState(104)) - e8061cfc-e634-4005-9186-8f9a3cdc71ed: shutdown LeaderState
2019-11-14 19:59:18,338 [org.apache.ratis.server.impl.LogAppender$AppenderDaemon$$Lambda$430/86081870@4adfde8b] WARN  server.GrpcLogAppender (GrpcLogAppender.java:mayWait(151)) - e8061cfc-e634-4005-9186-8f9a3cdc71ed@group-8FE4779757E8->60fc2306-005b-4da9-bff6-f0a04ff2f155-GrpcLogAppender: Wait interrupted by java.lang.InterruptedException
2019-11-14 19:59:18,338 [grpc-default-executor-9] INFO  impl.PendingRequests (PendingRequests.java:sendNotLeaderResponses(206)) - e8061cfc-e634-4005-9186-8f9a3cdc71ed@group-8FE4779757E8-PendingRequests: sendNotLeaderResponses
2019-11-14 19:59:18,338 [org.apache.ratis.server.impl.LogAppender$AppenderDaemon$$Lambda$430/86081870@fdd49b4] WARN  server.GrpcLogAppender (GrpcLogAppender.java:mayWait(151)) - e8061cfc-e634-4005-9186-8f9a3cdc71ed@group-8FE4779757E8->909799b4-01f9-4409-9e01-df516dc8a9f9-GrpcLogAppender: Wait interrupted by java.lang.InterruptedException
2019-11-14 19:59:18,339 [grpc-default-executor-6] INFO  server.GrpcServerProtocolService (GrpcServerProtocolService.java:onCompleted(113)) - 60fc2306-005b-4da9-bff6-f0a04ff2f155: Completed APPEND_ENTRIES, lastRequest: e8061cfc-e634-4005-9186-8f9a3cdc71ed->60fc2306-005b-4da9-bff6-f0a04ff2f155#4-t1, previous=(t:1, i:0), leaderCommit=0, initializing? false, entries: <empty>
2019-11-14 19:59:18,339 [grpc-default-executor-9] INFO  impl.StateMachineUpdater (StateMachineUpdater.java:stopAndJoin(136)) - e8061cfc-e634-4005-9186-8f9a3cdc71ed@group-8FE4779757E8-StateMachineUpdater: set stopIndex = 0
2019-11-14 19:59:18,339 [grpc-default-executor-6] INFO  server.GrpcServerProtocolService (GrpcServerProtocolService.java:onCompleted(113)) - 909799b4-01f9-4409-9e01-df516dc8a9f9: Completed APPEND_ENTRIES, lastRequest: e8061cfc-e634-4005-9186-8f9a3cdc71ed->909799b4-01f9-4409-9e01-df516dc8a9f9#4-t1, previous=(t:1, i:0), leaderCommit=0, initializing? false, entries: <empty>
2019-11-14 19:59:18,339 [grpc-default-executor-7] INFO  server.GrpcLogAppender (GrpcLogAppender.java:onCompleted(308)) - e8061cfc-e634-4005-9186-8f9a3cdc71ed@group-8FE4779757E8->60fc2306-005b-4da9-bff6-f0a04ff2f155-AppendLogResponseHandler: follower responses appendEntries COMPLETED
2019-11-14 19:59:18,339 [grpc-default-executor-6] INFO  server.GrpcLogAppender (GrpcLogAppender.java:onCompleted(308)) - e8061cfc-e634-4005-9186-8f9a3cdc71ed@group-8FE4779757E8->909799b4-01f9-4409-9e01-df516dc8a9f9-AppendLogResponseHandler: follower responses appendEntries COMPLETED
2019-11-14 19:59:18,339 [grpc-default-executor-9] INFO  impl.RaftServerImpl (ServerState.java:close(387)) - e8061cfc-e634-4005-9186-8f9a3cdc71ed@group-8FE4779757E8: closes. applyIndex: 0
2019-11-14 19:59:18,340 [grpc-default-executor-7] INFO  impl.FollowerInfo (FollowerInfo.java:lambda$new$0(51)) - e8061cfc-e634-4005-9186-8f9a3cdc71ed@group-8FE4779757E8->60fc2306-005b-4da9-bff6-f0a04ff2f155: nextIndex: updateUnconditionally 1 -> 0
2019-11-14 19:59:18,340 [e8061cfc-e634-4005-9186-8f9a3cdc71ed@group-8FE4779757E8-SegmentedRaftLogWorker] INFO  segmented.SegmentedRaftLogWorker (SegmentedRaftLogWorker.java:run(316)) - e8061cfc-e634-4005-9186-8f9a3cdc71ed@group-8FE4779757E8-SegmentedRaftLogWorker was interrupted, exiting. There are 0 tasks remaining in the queue.
2019-11-14 19:59:18,340 [grpc-default-executor-6] INFO  impl.FollowerInfo (FollowerInfo.java:lambda$new$0(51)) - e8061cfc-e634-4005-9186-8f9a3cdc71ed@group-8FE4779757E8->909799b4-01f9-4409-9e01-df516dc8a9f9: nextIndex: updateUnconditionally 1 -> 0
2019-11-14 19:59:18,340 [grpc-default-executor-9] INFO  segmented.SegmentedRaftLogWorker (SegmentedRaftLogWorker.java:close(224)) - e8061cfc-e634-4005-9186-8f9a3cdc71ed@group-8FE4779757E8-SegmentedRaftLogWorker close()
2019-11-14 19:59:18,347 [grpc-default-executor-9] INFO  impl.RaftServerProxy (RaftServerProxy.java:remove(95)) - 60fc2306-005b-4da9-bff6-f0a04ff2f155: remove  FOLLOWER 60fc2306-005b-4da9-bff6-f0a04ff2f155@group-8FE4779757E8:t1, leader=e8061cfc-e634-4005-9186-8f9a3cdc71ed, voted=e8061cfc-e634-4005-9186-8f9a3cdc71ed, raftlog=60fc2306-005b-4da9-bff6-f0a04ff2f155@group-8FE4779757E8-SegmentedRaftLog:OPENED:c0,f0,i0, conf=0: [60fc2306-005b-4da9-bff6-f0a04ff2f155:192.168.157.219:33304, 909799b4-01f9-4409-9e01-df516dc8a9f9:192.168.157.219:34722, e8061cfc-e634-4005-9186-8f9a3cdc71ed:192.168.157.219:37108], old=null RUNNING
2019-11-14 19:59:18,347 [grpc-default-executor-9] INFO  impl.RaftServerImpl (RaftServerImpl.java:lambda$shutdown$3(250)) - 60fc2306-005b-4da9-bff6-f0a04ff2f155@group-8FE4779757E8: shutdown
2019-11-14 19:59:18,347 [grpc-default-executor-9] INFO  util.JmxRegister (JmxRegister.java:unregister(73)) - Successfully un-registered JMX Bean with object name Ratis:service=RaftServer,group=group-8FE4779757E8,id=60fc2306-005b-4da9-bff6-f0a04ff2f155
2019-11-14 19:59:18,348 [grpc-default-executor-9] INFO  impl.RoleInfo (RoleInfo.java:shutdownFollowerState(121)) - 60fc2306-005b-4da9-bff6-f0a04ff2f155: shutdown FollowerState
2019-11-14 19:59:18,348 [grpc-default-executor-9] INFO  impl.StateMachineUpdater (StateMachineUpdater.java:stopAndJoin(136)) - 60fc2306-005b-4da9-bff6-f0a04ff2f155@group-8FE4779757E8-StateMachineUpdater: set stopIndex = 0
2019-11-14 19:59:18,348 [Thread-3594] INFO  impl.FollowerState (FollowerState.java:run(120)) - 60fc2306-005b-4da9-bff6-f0a04ff2f155@group-8FE4779757E8-FollowerState was interrupted: java.lang.InterruptedException: sleep interrupted
2019-11-14 19:59:18,348 [grpc-default-executor-9] INFO  impl.RaftServerImpl (ServerState.java:close(387)) - 60fc2306-005b-4da9-bff6-f0a04ff2f155@group-8FE4779757E8: closes. applyIndex: 0
2019-11-14 19:59:18,348 [60fc2306-005b-4da9-bff6-f0a04ff2f155@group-8FE4779757E8-SegmentedRaftLogWorker] INFO  segmented.SegmentedRaftLogWorker (SegmentedRaftLogWorker.java:run(316)) - 60fc2306-005b-4da9-bff6-f0a04ff2f155@group-8FE4779757E8-SegmentedRaftLogWorker was interrupted, exiting. There are 0 tasks remaining in the queue.
2019-11-14 19:59:18,349 [grpc-default-executor-9] INFO  segmented.SegmentedRaftLogWorker (SegmentedRaftLogWorker.java:close(224)) - 60fc2306-005b-4da9-bff6-f0a04ff2f155@group-8FE4779757E8-SegmentedRaftLogWorker close()
2019-11-14 19:59:18,355 [Thread-3487] INFO  pipeline.PipelineStateManager (PipelineStateManager.java:removePipeline(106)) - Pipeline Pipeline[ Id: 2a695022-9cdb-4976-9dad-8fe4779757e8, Nodes: 909799b4-01f9-4409-9e01-df516dc8a9f9{ip: 192.168.157.219, host: pr-hdds-2489-n52xc-1246314526, networkLocation: /rack1, certSerialId: null}e8061cfc-e634-4005-9186-8f9a3cdc71ed{ip: 192.168.157.219, host: pr-hdds-2489-n52xc-1246314526, networkLocation: /rack1, certSerialId: null}60fc2306-005b-4da9-bff6-f0a04ff2f155{ip: 192.168.157.219, host: pr-hdds-2489-n52xc-1246314526, networkLocation: /rack1, certSerialId: null}, Type:RATIS, Factor:THREE, State:CLOSED] removed from db
2019-11-14 19:59:18,355 [Thread-3487] INFO  pipeline.SCMPipelineManager (SCMPipelineManager.java:finalizeAndDestroyPipeline(315)) - destroying pipeline:Pipeline[ Id: bc46a47c-5e02-40aa-9357-050a93d6cde8, Nodes: 0b9f718b-6f36-48a0-b3e8-8949249bd312{ip: 192.168.157.219, host: pr-hdds-2489-n52xc-1246314526, networkLocation: /rack1, certSerialId: null}, Type:RATIS, Factor:ONE, State:OPEN]
2019-11-14 19:59:18,362 [grpc-default-executor-6] INFO  impl.RaftServerProxy (RaftServerProxy.java:addNew(89)) - e8061cfc-e634-4005-9186-8f9a3cdc71ed: addNew group-53319FA87FBA:[60fc2306-005b-4da9-bff6-f0a04ff2f155:192.168.157.219:33304, 909799b4-01f9-4409-9e01-df516dc8a9f9:192.168.157.219:34722, e8061cfc-e634-4005-9186-8f9a3cdc71ed:192.168.157.219:37108] returns group-53319FA87FBA:java.util.concurrent.CompletableFuture@5f674402[Not completed]
2019-11-14 19:59:18,362 [grpc-default-executor-9] INFO  impl.RaftServerProxy (RaftServerProxy.java:addNew(89)) - 60fc2306-005b-4da9-bff6-f0a04ff2f155: addNew group-53319FA87FBA:[60fc2306-005b-4da9-bff6-f0a04ff2f155:192.168.157.219:33304, 909799b4-01f9-4409-9e01-df516dc8a9f9:192.168.157.219:34722, e8061cfc-e634-4005-9186-8f9a3cdc71ed:192.168.157.219:37108] returns group-53319FA87FBA:java.util.concurrent.CompletableFuture@4a8d82fd[Not completed]
2019-11-14 19:59:18,362 [grpc-default-executor-6] INFO  impl.RaftServerProxy (RaftServerProxy.java:addNew(89)) - 909799b4-01f9-4409-9e01-df516dc8a9f9: addNew group-53319FA87FBA:[60fc2306-005b-4da9-bff6-f0a04ff2f155:192.168.157.219:33304, 909799b4-01f9-4409-9e01-df516dc8a9f9:192.168.157.219:34722, e8061cfc-e634-4005-9186-8f9a3cdc71ed:192.168.157.219:37108] returns group-53319FA87FBA:java.util.concurrent.CompletableFuture@603cc9[Not completed]
2019-11-14 19:59:18,363 [pool-579-thread-1] INFO  impl.RaftServerImpl (RaftServerImpl.java:<init>(98)) - e8061cfc-e634-4005-9186-8f9a3cdc71ed: new RaftServerImpl for group-53319FA87FBA:[60fc2306-005b-4da9-bff6-f0a04ff2f155:192.168.157.219:33304, 909799b4-01f9-4409-9e01-df516dc8a9f9:192.168.157.219:34722, e8061cfc-e634-4005-9186-8f9a3cdc71ed:192.168.157.219:37108] with ContainerStateMachine:uninitialized
2019-11-14 19:59:18,363 [pool-579-thread-1] INFO  server.RaftServerConfigKeys (ConfUtils.java:logGet(43)) - raft.server.rpc.timeout.min = 1s (custom)
2019-11-14 19:59:18,363 [pool-579-thread-1] INFO  server.RaftServerConfigKeys (ConfUtils.java:logGet(43)) - raft.server.rpc.timeout.max = 1200ms (custom)
2019-11-14 19:59:18,363 [pool-579-thread-1] INFO  server.RaftServerConfigKeys (ConfUtils.java:logGet(43)) - raft.server.rpcslowness.timeout = 120s (custom)
2019-11-14 19:59:18,363 [pool-579-thread-1] INFO  server.RaftServerConfigKeys (ConfUtils.java:logGet(43)) - raft.server.sleep.deviation.threshold = 300 (default)
2019-11-14 19:59:18,363 [pool-579-thread-1] INFO  server.RaftServerConfigKeys (ConfUtils.java:logGet(43)) - raft.server.log.appender.install.snapshot.enabled = false (custom)
2019-11-14 19:59:18,363 [pool-599-thread-1] INFO  impl.RaftServerImpl (RaftServerImpl.java:<init>(98)) - 60fc2306-005b-4da9-bff6-f0a04ff2f155: new RaftServerImpl for group-53319FA87FBA:[60fc2306-005b-4da9-bff6-f0a04ff2f155:192.168.157.219:33304, 909799b4-01f9-4409-9e01-df516dc8a9f9:192.168.157.219:34722, e8061cfc-e634-4005-9186-8f9a3cdc71ed:192.168.157.219:37108] with ContainerStateMachine:uninitialized
2019-11-14 19:59:18,363 [pool-579-thread-1] INFO  impl.RaftServerImpl (ServerState.java:<init>(103)) - e8061cfc-e634-4005-9186-8f9a3cdc71ed@group-53319FA87FBA: ConfigurationManager, init=-1: [60fc2306-005b-4da9-bff6-f0a04ff2f155:192.168.157.219:33304, 909799b4-01f9-4409-9e01-df516dc8a9f9:192.168.157.219:34722, e8061cfc-e634-4005-9186-8f9a3cdc71ed:192.168.157.219:37108], old=null, confs=<EMPTY_MAP>
2019-11-14 19:59:18,364 [pool-599-thread-1] INFO  server.RaftServerConfigKeys (ConfUtils.java:logGet(43)) - raft.server.rpc.timeout.min = 1s (custom)
2019-11-14 19:59:18,364 [pool-579-thread-1] INFO  server.RaftServerConfigKeys (ConfUtils.java:logGet(43)) - raft.server.storage.dir = [/workdir/hadoop-ozone/integration-test/target/test-dir/MiniOzoneClusterImpl-df23ed15-4459-4301-a988-82089ad70e13/datanode-7/data/ratis] (custom)
2019-11-14 19:59:18,364 [pool-589-thread-1] INFO  impl.RaftServerImpl (RaftServerImpl.java:<init>(98)) - 909799b4-01f9-4409-9e01-df516dc8a9f9: new RaftServerImpl for group-53319FA87FBA:[60fc2306-005b-4da9-bff6-f0a04ff2f155:192.168.157.219:33304, 909799b4-01f9-4409-9e01-df516dc8a9f9:192.168.157.219:34722, e8061cfc-e634-4005-9186-8f9a3cdc71ed:192.168.157.219:37108] with ContainerStateMachine:uninitialized
2019-11-14 19:59:18,364 [pool-599-thread-1] INFO  server.RaftServerConfigKeys (ConfUtils.java:logGet(43)) - raft.server.rpc.timeout.max = 1200ms (custom)
2019-11-14 19:59:18,364 [pool-579-thread-1] INFO  server.RaftServerConfigKeys (ConfUtils.java:logGet(43)) - raft.server.log.corruption.policy = EXCEPTION (default)
2019-11-14 19:59:18,364 [pool-589-thread-1] INFO  server.RaftServerConfigKeys (ConfUtils.java:logGet(43)) - raft.server.rpc.timeout.min = 1s (custom)
2019-11-14 19:59:18,364 [pool-599-thread-1] INFO  server.RaftServerConfigKeys (ConfUtils.java:logGet(43)) - raft.server.rpcslowness.timeout = 120s (custom)
2019-11-14 19:59:18,364 [pool-579-thread-1] INFO  storage.RaftStorageDirectory (RaftStorageDirectory.java:analyzeStorage(246)) - The storage directory /workdir/hadoop-ozone/integration-test/target/test-dir/MiniOzoneClusterImpl-df23ed15-4459-4301-a988-82089ad70e13/datanode-7/data/ratis/54723583-2cb5-4fc0-b8d2-53319fa87fba does not exist. Creating ...
2019-11-14 19:59:18,364 [pool-589-thread-1] INFO  server.RaftServerConfigKeys (ConfUtils.java:logGet(43)) - raft.server.rpc.timeout.max = 1200ms (custom)
2019-11-14 19:59:18,364 [pool-599-thread-1] INFO  server.RaftServerConfigKeys (ConfUtils.java:logGet(43)) - raft.server.sleep.deviation.threshold = 300 (default)
2019-11-14 19:59:18,365 [pool-589-thread-1] INFO  server.RaftServerConfigKeys (ConfUtils.java:logGet(43)) - raft.server.rpcslowness.timeout = 120s (custom)
2019-11-14 19:59:18,365 [pool-599-thread-1] INFO  server.RaftServerConfigKeys (ConfUtils.java:logGet(43)) - raft.server.log.appender.install.snapshot.enabled = false (custom)
2019-11-14 19:59:18,365 [pool-589-thread-1] INFO  server.RaftServerConfigKeys (ConfUtils.java:logGet(43)) - raft.server.sleep.deviation.threshold = 300 (default)
2019-11-14 19:59:18,365 [pool-589-thread-1] INFO  server.RaftServerConfigKeys (ConfUtils.java:logGet(43)) - raft.server.log.appender.install.snapshot.enabled = false (custom)
2019-11-14 19:59:18,365 [pool-599-thread-1] INFO  impl.RaftServerImpl (ServerState.java:<init>(103)) - 60fc2306-005b-4da9-bff6-f0a04ff2f155@group-53319FA87FBA: ConfigurationManager, init=-1: [60fc2306-005b-4da9-bff6-f0a04ff2f155:192.168.157.219:33304, 909799b4-01f9-4409-9e01-df516dc8a9f9:192.168.157.219:34722, e8061cfc-e634-4005-9186-8f9a3cdc71ed:192.168.157.219:37108], old=null, confs=<EMPTY_MAP>
2019-11-14 19:59:18,365 [pool-589-thread-1] INFO  impl.RaftServerImpl (ServerState.java:<init>(103)) - 909799b4-01f9-4409-9e01-df516dc8a9f9@group-53319FA87FBA: ConfigurationManager, init=-1: [60fc2306-005b-4da9-bff6-f0a04ff2f155:192.168.157.219:33304, 909799b4-01f9-4409-9e01-df516dc8a9f9:192.168.157.219:34722, e8061cfc-e634-4005-9186-8f9a3cdc71ed:192.168.157.219:37108], old=null, confs=<EMPTY_MAP>
2019-11-14 19:59:18,365 [pool-599-thread-1] INFO  server.RaftServerConfigKeys (ConfUtils.java:logGet(43)) - raft.server.storage.dir = [/workdir/hadoop-ozone/integration-test/target/test-dir/MiniOzoneClusterImpl-df23ed15-4459-4301-a988-82089ad70e13/datanode-9/data/ratis] (custom)
2019-11-14 19:59:18,365 [pool-589-thread-1] INFO  server.RaftServerConfigKeys (ConfUtils.java:logGet(43)) - raft.server.storage.dir = [/workdir/hadoop-ozone/integration-test/target/test-dir/MiniOzoneClusterImpl-df23ed15-4459-4301-a988-82089ad70e13/datanode-8/data/ratis] (custom)
2019-11-14 19:59:18,365 [pool-599-thread-1] INFO  server.RaftServerConfigKeys (ConfUtils.java:logGet(43)) - raft.server.log.corruption.policy = EXCEPTION (default)
2019-11-14 19:59:18,365 [pool-589-thread-1] INFO  server.RaftServerConfigKeys (ConfUtils.java:logGet(43)) - raft.server.log.corruption.policy = EXCEPTION (default)
2019-11-14 19:59:18,366 [pool-599-thread-1] INFO  storage.RaftStorageDirectory (RaftStorageDirectory.java:analyzeStorage(246)) - The storage directory /workdir/hadoop-ozone/integration-test/target/test-dir/MiniOzoneClusterImpl-df23ed15-4459-4301-a988-82089ad70e13/datanode-9/data/ratis/54723583-2cb5-4fc0-b8d2-53319fa87fba does not exist. Creating ...
2019-11-14 19:59:18,366 [pool-589-thread-1] INFO  storage.RaftStorageDirectory (RaftStorageDirectory.java:analyzeStorage(246)) - The storage directory /workdir/hadoop-ozone/integration-test/target/test-dir/MiniOzoneClusterImpl-df23ed15-4459-4301-a988-82089ad70e13/datanode-8/data/ratis/54723583-2cb5-4fc0-b8d2-53319fa87fba does not exist. Creating ...
2019-11-14 19:59:18,509 [pool-589-thread-1] INFO  storage.RaftStorageDirectory (RaftStorageDirectory.java:tryLock(328)) - Lock on /workdir/hadoop-ozone/integration-test/target/test-dir/MiniOzoneClusterImpl-df23ed15-4459-4301-a988-82089ad70e13/datanode-8/data/ratis/54723583-2cb5-4fc0-b8d2-53319fa87fba/in_use.lock acquired by nodename 9468@pr-hdds-2489-n52xc-1246314526
2019-11-14 19:59:18,509 [pool-599-thread-1] INFO  storage.RaftStorageDirectory (RaftStorageDirectory.java:tryLock(328)) - Lock on /workdir/hadoop-ozone/integration-test/target/test-dir/MiniOzoneClusterImpl-df23ed15-4459-4301-a988-82089ad70e13/datanode-9/data/ratis/54723583-2cb5-4fc0-b8d2-53319fa87fba/in_use.lock acquired by nodename 9468@pr-hdds-2489-n52xc-1246314526
2019-11-14 19:59:18,509 [pool-579-thread-1] INFO  storage.RaftStorageDirectory (RaftStorageDirectory.java:tryLock(328)) - Lock on /workdir/hadoop-ozone/integration-test/target/test-dir/MiniOzoneClusterImpl-df23ed15-4459-4301-a988-82089ad70e13/datanode-7/data/ratis/54723583-2cb5-4fc0-b8d2-53319fa87fba/in_use.lock acquired by nodename 9468@pr-hdds-2489-n52xc-1246314526
2019-11-14 19:59:18,538 [pool-599-thread-1] INFO  storage.RaftStorage (RaftStorage.java:format(84)) - Storage directory /workdir/hadoop-ozone/integration-test/target/test-dir/MiniOzoneClusterImpl-df23ed15-4459-4301-a988-82089ad70e13/datanode-9/data/ratis/54723583-2cb5-4fc0-b8d2-53319fa87fba has been successfully formatted.
2019-11-14 19:59:18,538 [pool-579-thread-1] INFO  storage.RaftStorage (RaftStorage.java:format(84)) - Storage directory /workdir/hadoop-ozone/integration-test/target/test-dir/MiniOzoneClusterImpl-df23ed15-4459-4301-a988-82089ad70e13/datanode-7/data/ratis/54723583-2cb5-4fc0-b8d2-53319fa87fba has been successfully formatted.
2019-11-14 19:59:18,538 [pool-589-thread-1] INFO  storage.RaftStorage (RaftStorage.java:format(84)) - Storage directory /workdir/hadoop-ozone/integration-test/target/test-dir/MiniOzoneClusterImpl-df23ed15-4459-4301-a988-82089ad70e13/datanode-8/data/ratis/54723583-2cb5-4fc0-b8d2-53319fa87fba has been successfully formatted.
2019-11-14 19:59:18,539 [pool-579-thread-1] INFO  ratis.ContainerStateMachine (ContainerStateMachine.java:loadSnapshot(223)) - group-53319FA87FBA: The snapshot info is null. Setting the last applied indexto:(t:0, i:~)
2019-11-14 19:59:18,539 [pool-599-thread-1] INFO  ratis.ContainerStateMachine (ContainerStateMachine.java:loadSnapshot(223)) - group-53319FA87FBA: The snapshot info is null. Setting the last applied indexto:(t:0, i:~)
2019-11-14 19:59:18,539 [pool-579-thread-1] INFO  server.RaftServerConfigKeys (ConfUtils.java:logGet(43)) - raft.server.notification.no-leader.timeout = 120s (custom)
2019-11-14 19:59:18,539 [pool-589-thread-1] INFO  ratis.ContainerStateMachine (ContainerStateMachine.java:loadSnapshot(223)) - group-53319FA87FBA: The snapshot info is null. Setting the last applied indexto:(t:0, i:~)
2019-11-14 19:59:18,539 [pool-579-thread-1] INFO  server.RaftServerConfigKeys (ConfUtils.java:logGet(43)) - raft.server.log.use.memory = false (default)
2019-11-14 19:59:18,539 [pool-599-thread-1] INFO  server.RaftServerConfigKeys (ConfUtils.java:logGet(43)) - raft.server.notification.no-leader.timeout = 120s (custom)
2019-11-14 19:59:18,539 [pool-579-thread-1] INFO  server.RaftServerConfigKeys (ConfUtils.java:logGet(43)) - raft.server.log.purge.gap = 1000000 (custom)
2019-11-14 19:59:18,539 [pool-589-thread-1] INFO  server.RaftServerConfigKeys (ConfUtils.java:logGet(43)) - raft.server.notification.no-leader.timeout = 120s (custom)
2019-11-14 19:59:18,540 [pool-579-thread-1] INFO  server.RaftServerConfigKeys (ConfUtils.java:logGet(43)) - raft.server.log.appender.buffer.byte-limit = 33554432 (custom)
2019-11-14 19:59:18,539 [pool-599-thread-1] INFO  server.RaftServerConfigKeys (ConfUtils.java:logGet(43)) - raft.server.log.use.memory = false (default)
2019-11-14 19:59:18,540 [pool-579-thread-1] INFO  server.RaftServerConfigKeys (ConfUtils.java:logGet(43)) - raft.server.log.segment.size.max = 1048576 (custom)
2019-11-14 19:59:18,540 [pool-589-thread-1] INFO  server.RaftServerConfigKeys (ConfUtils.java:logGet(43)) - raft.server.log.use.memory = false (default)
2019-11-14 19:59:18,540 [pool-579-thread-1] INFO  server.RaftServerConfigKeys (ConfUtils.java:logGet(43)) - raft.server.log.segment.cache.num.max = 2 (custom)
2019-11-14 19:59:18,540 [pool-599-thread-1] INFO  server.RaftServerConfigKeys (ConfUtils.java:logGet(43)) - raft.server.log.purge.gap = 1000000 (custom)
2019-11-14 19:59:18,540 [pool-579-thread-1] INFO  segmented.SegmentedRaftLogWorker (SegmentedRaftLogWorker.java:<init>(173)) - new e8061cfc-e634-4005-9186-8f9a3cdc71ed@group-53319FA87FBA-SegmentedRaftLogWorker for RaftStorage:Storage Directory /workdir/hadoop-ozone/integration-test/target/test-dir/MiniOzoneClusterImpl-df23ed15-4459-4301-a988-82089ad70e13/datanode-7/data/ratis/54723583-2cb5-4fc0-b8d2-53319fa87fba
2019-11-14 19:59:18,540 [pool-589-thread-1] INFO  server.RaftServerConfigKeys (ConfUtils.java:logGet(43)) - raft.server.log.purge.gap = 1000000 (custom)
2019-11-14 19:59:18,540 [pool-579-thread-1] INFO  server.RaftServerConfigKeys (ConfUtils.java:logGet(43)) - raft.server.log.queue.byte-limit = 2147483647 (custom)
2019-11-14 19:59:18,540 [pool-599-thread-1] INFO  server.RaftServerConfigKeys (ConfUtils.java:logGet(43)) - raft.server.log.appender.buffer.byte-limit = 33554432 (custom)
2019-11-14 19:59:18,541 [pool-579-thread-1] INFO  server.RaftServerConfigKeys (ConfUtils.java:logGet(43)) - raft.server.log.queue.element-limit = 1024 (custom)
2019-11-14 19:59:18,541 [pool-589-thread-1] INFO  server.RaftServerConfigKeys (ConfUtils.java:logGet(43)) - raft.server.log.appender.buffer.byte-limit = 33554432 (custom)
2019-11-14 19:59:18,541 [pool-579-thread-1] INFO  server.RaftServerConfigKeys (ConfUtils.java:logGet(43)) - raft.server.log.segment.size.max = 1048576 (custom)
2019-11-14 19:59:18,541 [pool-599-thread-1] INFO  server.RaftServerConfigKeys (ConfUtils.java:logGet(43)) - raft.server.log.segment.size.max = 1048576 (custom)
2019-11-14 19:59:18,541 [pool-579-thread-1] INFO  server.RaftServerConfigKeys (ConfUtils.java:logGet(43)) - raft.server.log.preallocated.size = 16384 (custom)
2019-11-14 19:59:18,541 [pool-589-thread-1] INFO  server.RaftServerConfigKeys (ConfUtils.java:logGet(43)) - raft.server.log.segment.size.max = 1048576 (custom)
2019-11-14 19:59:18,541 [pool-579-thread-1] INFO  server.RaftServerConfigKeys (ConfUtils.java:logGet(43)) - raft.server.log.write.buffer.size = 33554432 (custom)
2019-11-14 19:59:18,541 [pool-599-thread-1] INFO  server.RaftServerConfigKeys (ConfUtils.java:logGet(43)) - raft.server.log.segment.cache.num.max = 2 (custom)
2019-11-14 19:59:18,541 [pool-579-thread-1] INFO  server.RaftServerConfigKeys (ConfUtils.java:logGet(43)) - raft.server.log.force.sync.num = 128 (default)
2019-11-14 19:59:18,541 [pool-589-thread-1] INFO  server.RaftServerConfigKeys (ConfUtils.java:logGet(43)) - raft.server.log.segment.cache.num.max = 2 (custom)
2019-11-14 19:59:18,542 [pool-579-thread-1] INFO  server.RaftServerConfigKeys (ConfUtils.java:logGet(43)) - raft.server.log.statemachine.data.sync = true (default)
2019-11-14 19:59:18,542 [pool-599-thread-1] INFO  segmented.SegmentedRaftLogWorker (SegmentedRaftLogWorker.java:<init>(173)) - new 60fc2306-005b-4da9-bff6-f0a04ff2f155@group-53319FA87FBA-SegmentedRaftLogWorker for RaftStorage:Storage Directory /workdir/hadoop-ozone/integration-test/target/test-dir/MiniOzoneClusterImpl-df23ed15-4459-4301-a988-82089ad70e13/datanode-9/data/ratis/54723583-2cb5-4fc0-b8d2-53319fa87fba
2019-11-14 19:59:18,542 [pool-579-thread-1] INFO  server.RaftServerConfigKeys (ConfUtils.java:logGet(43)) - raft.server.log.statemachine.data.sync.timeout = 10s (default)
2019-11-14 19:59:18,542 [pool-589-thread-1] INFO  segmented.SegmentedRaftLogWorker (SegmentedRaftLogWorker.java:<init>(173)) - new 909799b4-01f9-4409-9e01-df516dc8a9f9@group-53319FA87FBA-SegmentedRaftLogWorker for RaftStorage:Storage Directory /workdir/hadoop-ozone/integration-test/target/test-dir/MiniOzoneClusterImpl-df23ed15-4459-4301-a988-82089ad70e13/datanode-8/data/ratis/54723583-2cb5-4fc0-b8d2-53319fa87fba
2019-11-14 19:59:18,542 [pool-579-thread-1] INFO  server.RaftServerConfigKeys (ConfUtils.java:logGet(43)) - raft.server.log.statemachine.data.sync.timeout.retry = -1 (default)
2019-11-14 19:59:18,542 [pool-599-thread-1] INFO  server.RaftServerConfigKeys (ConfUtils.java:logGet(43)) - raft.server.log.queue.byte-limit = 2147483647 (custom)
2019-11-14 19:59:18,542 [pool-579-thread-1] INFO  server.RaftServerConfigKeys (ConfUtils.java:logGet(43)) - raft.server.log.statemachine.data.caching.enabled = true (custom)
2019-11-14 19:59:18,542 [pool-589-thread-1] INFO  server.RaftServerConfigKeys (ConfUtils.java:logGet(43)) - raft.server.log.queue.byte-limit = 2147483647 (custom)
2019-11-14 19:59:18,542 [pool-599-thread-1] INFO  server.RaftServerConfigKeys (ConfUtils.java:logGet(43)) - raft.server.log.queue.element-limit = 1024 (custom)
2019-11-14 19:59:18,543 [pool-579-thread-1] INFO  segmented.SegmentedRaftLogWorker (SegmentedRaftLogWorker.java:lambda$new$0(128)) - e8061cfc-e634-4005-9186-8f9a3cdc71ed@group-53319FA87FBA-SegmentedRaftLogWorker: flushIndex: setUnconditionally 0 -> -1
2019-11-14 19:59:18,543 [pool-589-thread-1] INFO  server.RaftServerConfigKeys (ConfUtils.java:logGet(43)) - raft.server.log.queue.element-limit = 1024 (custom)
2019-11-14 19:59:18,543 [pool-579-thread-1] INFO  server.RaftServerConfigKeys (ConfUtils.java:logGet(43)) - raft.server.snapshot.auto.trigger.enabled = true (custom)
2019-11-14 19:59:18,543 [pool-599-thread-1] INFO  server.RaftServerConfigKeys (ConfUtils.java:logGet(43)) - raft.server.log.segment.size.max = 1048576 (custom)
2019-11-14 19:59:18,543 [pool-579-thread-1] INFO  server.RaftServerConfigKeys (ConfUtils.java:logGet(43)) - raft.server.snapshot.auto.trigger.threshold = 10000 (custom)
2019-11-14 19:59:18,543 [pool-589-thread-1] INFO  server.RaftServerConfigKeys (ConfUtils.java:logGet(43)) - raft.server.log.segment.size.max = 1048576 (custom)
2019-11-14 19:59:18,543 [pool-579-thread-1] INFO  server.RaftServerConfigKeys (ConfUtils.java:logGet(43)) - raft.server.snapshot.retention.file.num = 5 (custom)
2019-11-14 19:59:18,543 [pool-599-thread-1] INFO  server.RaftServerConfigKeys (ConfUtils.java:logGet(43)) - raft.server.log.preallocated.size = 16384 (custom)
2019-11-14 19:59:18,544 [pool-579-thread-1] INFO  server.RaftServerConfigKeys (ConfUtils.java:logGet(43)) - raft.server.retrycache.expirytime = 600000ms (custom)
2019-11-14 19:59:18,543 [pool-589-thread-1] INFO  server.RaftServerConfigKeys (ConfUtils.java:logGet(43)) - raft.server.log.preallocated.size = 16384 (custom)
2019-11-14 19:59:18,544 [pool-579-thread-1] WARN  impl.MetricRegistriesImpl (MetricRegistriesImpl.java:lambda$create$1(61)) - First MetricRegistry has been created without registering reporters. You may need to call MetricRegistries.global().addReportRegistration(...) before.
2019-11-14 19:59:18,544 [pool-599-thread-1] INFO  server.RaftServerConfigKeys (ConfUtils.java:logGet(43)) - raft.server.log.write.buffer.size = 33554432 (custom)
2019-11-14 19:59:18,544 [pool-579-thread-1] WARN  impl.MetricRegistriesImpl (MetricRegistriesImpl.java:lambda$create$1(61)) - First MetricRegistry has been created without registering reporters. You may need to call MetricRegistries.global().addReportRegistration(...) before.
2019-11-14 19:59:18,544 [pool-589-thread-1] INFO  server.RaftServerConfigKeys (ConfUtils.java:logGet(43)) - raft.server.log.write.buffer.size = 33554432 (custom)
2019-11-14 19:59:18,544 [pool-579-thread-1] INFO  impl.RaftServerImpl (RaftServerImpl.java:start(184)) - e8061cfc-e634-4005-9186-8f9a3cdc71ed@group-53319FA87FBA: start as a follower, conf=-1: [60fc2306-005b-4da9-bff6-f0a04ff2f155:192.168.157.219:33304, 909799b4-01f9-4409-9e01-df516dc8a9f9:192.168.157.219:34722, e8061cfc-e634-4005-9186-8f9a3cdc71ed:192.168.157.219:37108], old=null
2019-11-14 19:59:18,544 [pool-599-thread-1] INFO  server.RaftServerConfigKeys (ConfUtils.java:logGet(43)) - raft.server.log.force.sync.num = 128 (default)
2019-11-14 19:59:18,544 [pool-579-thread-1] INFO  impl.RaftServerImpl (RaftServerImpl.java:setRole(173)) - e8061cfc-e634-4005-9186-8f9a3cdc71ed@group-53319FA87FBA: changes role from      null to FOLLOWER at term 0 for startAsFollower
2019-11-14 19:59:18,544 [pool-589-thread-1] INFO  server.RaftServerConfigKeys (ConfUtils.java:logGet(43)) - raft.server.log.force.sync.num = 128 (default)
2019-11-14 19:59:18,545 [pool-579-thread-1] INFO  impl.RoleInfo (RoleInfo.java:updateAndGet(143)) - e8061cfc-e634-4005-9186-8f9a3cdc71ed: start FollowerState
2019-11-14 19:59:18,545 [pool-599-thread-1] INFO  server.RaftServerConfigKeys (ConfUtils.java:logGet(43)) - raft.server.log.statemachine.data.sync = true (default)
2019-11-14 19:59:18,545 [pool-589-thread-1] INFO  server.RaftServerConfigKeys (ConfUtils.java:logGet(43)) - raft.server.log.statemachine.data.sync = true (default)
2019-11-14 19:59:18,545 [pool-599-thread-1] INFO  server.RaftServerConfigKeys (ConfUtils.java:logGet(43)) - raft.server.log.statemachine.data.sync.timeout = 10s (default)
2019-11-14 19:59:18,545 [pool-579-thread-1] INFO  util.JmxRegister (JmxRegister.java:tryRegister(44)) - Successfully registered JMX Bean with object name Ratis:service=RaftServer,group=group-53319FA87FBA,id=e8061cfc-e634-4005-9186-8f9a3cdc71ed
2019-11-14 19:59:18,545 [pool-589-thread-1] INFO  server.RaftServerConfigKeys (ConfUtils.java:logGet(43)) - raft.server.log.statemachine.data.sync.timeout = 10s (default)
2019-11-14 19:59:18,545 [pool-579-thread-1] WARN  impl.MetricRegistriesImpl (MetricRegistriesImpl.java:lambda$create$1(61)) - First MetricRegistry has been created without registering reporters. You may need to call MetricRegistries.global().addReportRegistration(...) before.
2019-11-14 19:59:18,545 [pool-599-thread-1] INFO  server.RaftServerConfigKeys (ConfUtils.java:logGet(43)) - raft.server.log.statemachine.data.sync.timeout.retry = -1 (default)
2019-11-14 19:59:18,545 [pool-589-thread-1] INFO  server.RaftServerConfigKeys (ConfUtils.java:logGet(43)) - raft.server.log.statemachine.data.sync.timeout.retry = -1 (default)
2019-11-14 19:59:18,546 [pool-599-thread-1] INFO  server.RaftServerConfigKeys (ConfUtils.java:logGet(43)) - raft.server.log.statemachine.data.caching.enabled = true (custom)
2019-11-14 19:59:18,546 [pool-589-thread-1] INFO  server.RaftServerConfigKeys (ConfUtils.java:logGet(43)) - raft.server.log.statemachine.data.caching.enabled = true (custom)
2019-11-14 19:59:18,546 [pool-599-thread-1] INFO  segmented.SegmentedRaftLogWorker (SegmentedRaftLogWorker.java:lambda$new$0(128)) - 60fc2306-005b-4da9-bff6-f0a04ff2f155@group-53319FA87FBA-SegmentedRaftLogWorker: flushIndex: setUnconditionally 0 -> -1
2019-11-14 19:59:18,546 [pool-589-thread-1] INFO  segmented.SegmentedRaftLogWorker (SegmentedRaftLogWorker.java:lambda$new$0(128)) - 909799b4-01f9-4409-9e01-df516dc8a9f9@group-53319FA87FBA-SegmentedRaftLogWorker: flushIndex: setUnconditionally 0 -> -1
2019-11-14 19:59:18,546 [pool-599-thread-1] INFO  server.RaftServerConfigKeys (ConfUtils.java:logGet(43)) - raft.server.snapshot.auto.trigger.enabled = true (custom)
2019-11-14 19:59:18,546 [pool-599-thread-1] INFO  server.RaftServerConfigKeys (ConfUtils.java:logGet(43)) - raft.server.snapshot.auto.trigger.threshold = 10000 (custom)
2019-11-14 19:59:18,546 [pool-589-thread-1] INFO  server.RaftServerConfigKeys (ConfUtils.java:logGet(43)) - raft.server.snapshot.auto.trigger.enabled = true (custom)
2019-11-14 19:59:18,546 [pool-599-thread-1] INFO  server.RaftServerConfigKeys (ConfUtils.java:logGet(43)) - raft.server.snapshot.retention.file.num = 5 (custom)
2019-11-14 19:59:18,546 [pool-589-thread-1] INFO  server.RaftServerConfigKeys (ConfUtils.java:logGet(43)) - raft.server.snapshot.auto.trigger.threshold = 10000 (custom)
2019-11-14 19:59:18,547 [pool-599-thread-1] INFO  server.RaftServerConfigKeys (ConfUtils.java:logGet(43)) - raft.server.retrycache.expirytime = 600000ms (custom)
2019-11-14 19:59:18,547 [pool-589-thread-1] INFO  server.RaftServerConfigKeys (ConfUtils.java:logGet(43)) - raft.server.snapshot.retention.file.num = 5 (custom)
2019-11-14 19:59:18,547 [pool-599-thread-1] WARN  impl.MetricRegistriesImpl (MetricRegistriesImpl.java:lambda$create$1(61)) - First MetricRegistry has been created without registering reporters. You may need to call MetricRegistries.global().addReportRegistration(...) before.
2019-11-14 19:59:18,547 [pool-589-thread-1] INFO  server.RaftServerConfigKeys (ConfUtils.java:logGet(43)) - raft.server.retrycache.expirytime = 600000ms (custom)
2019-11-14 19:59:18,547 [pool-599-thread-1] WARN  impl.MetricRegistriesImpl (MetricRegistriesImpl.java:lambda$create$1(61)) - First MetricRegistry has been created without registering reporters. You may need to call MetricRegistries.global().addReportRegistration(...) before.
2019-11-14 19:59:18,547 [pool-589-thread-1] WARN  impl.MetricRegistriesImpl (MetricRegistriesImpl.java:lambda$create$1(61)) - First MetricRegistry has been created without registering reporters. You may need to call MetricRegistries.global().addReportRegistration(...) before.
2019-11-14 19:59:18,547 [pool-599-thread-1] INFO  impl.RaftServerImpl (RaftServerImpl.java:start(184)) - 60fc2306-005b-4da9-bff6-f0a04ff2f155@group-53319FA87FBA: start as a follower, conf=-1: [60fc2306-005b-4da9-bff6-f0a04ff2f155:192.168.157.219:33304, 909799b4-01f9-4409-9e01-df516dc8a9f9:192.168.157.219:34722, e8061cfc-e634-4005-9186-8f9a3cdc71ed:192.168.157.219:37108], old=null
2019-11-14 19:59:18,547 [pool-589-thread-1] WARN  impl.MetricRegistriesImpl (MetricRegistriesImpl.java:lambda$create$1(61)) - First MetricRegistry has been created without registering reporters. You may need to call MetricRegistries.global().addReportRegistration(...) before.
2019-11-14 19:59:18,547 [pool-599-thread-1] INFO  impl.RaftServerImpl (RaftServerImpl.java:setRole(173)) - 60fc2306-005b-4da9-bff6-f0a04ff2f155@group-53319FA87FBA: changes role from      null to FOLLOWER at term 0 for startAsFollower
2019-11-14 19:59:18,547 [pool-589-thread-1] INFO  impl.RaftServerImpl (RaftServerImpl.java:start(184)) - 909799b4-01f9-4409-9e01-df516dc8a9f9@group-53319FA87FBA: start as a follower, conf=-1: [60fc2306-005b-4da9-bff6-f0a04ff2f155:192.168.157.219:33304, 909799b4-01f9-4409-9e01-df516dc8a9f9:192.168.157.219:34722, e8061cfc-e634-4005-9186-8f9a3cdc71ed:192.168.157.219:37108], old=null
2019-11-14 19:59:18,548 [pool-599-thread-1] INFO  impl.RoleInfo (RoleInfo.java:updateAndGet(143)) - 60fc2306-005b-4da9-bff6-f0a04ff2f155: start FollowerState
2019-11-14 19:59:18,548 [pool-589-thread-1] INFO  impl.RaftServerImpl (RaftServerImpl.java:setRole(173)) - 909799b4-01f9-4409-9e01-df516dc8a9f9@group-53319FA87FBA: changes role from      null to FOLLOWER at term 0 for startAsFollower
2019-11-14 19:59:18,548 [pool-589-thread-1] INFO  impl.RoleInfo (RoleInfo.java:updateAndGet(143)) - 909799b4-01f9-4409-9e01-df516dc8a9f9: start FollowerState
2019-11-14 19:59:18,548 [pool-599-thread-1] INFO  util.JmxRegister (JmxRegister.java:tryRegister(44)) - Successfully registered JMX Bean with object name Ratis:service=RaftServer,group=group-53319FA87FBA,id=60fc2306-005b-4da9-bff6-f0a04ff2f155
2019-11-14 19:59:18,548 [pool-599-thread-1] WARN  impl.MetricRegistriesImpl (MetricRegistriesImpl.java:lambda$create$1(61)) - First MetricRegistry has been created without registering reporters. You may need to call MetricRegistries.global().addReportRegistration(...) before.
2019-11-14 19:59:18,548 [pool-589-thread-1] INFO  util.JmxRegister (JmxRegister.java:tryRegister(44)) - Successfully registered JMX Bean with object name Ratis:service=RaftServer,group=group-53319FA87FBA,id=909799b4-01f9-4409-9e01-df516dc8a9f9
2019-11-14 19:59:18,548 [pool-589-thread-1] WARN  impl.MetricRegistriesImpl (MetricRegistriesImpl.java:lambda$create$1(61)) - First MetricRegistry has been created without registering reporters. You may need to call MetricRegistries.global().addReportRegistration(...) before.
2019-11-14 19:59:18,550 [RatisPipelineUtilsThread] INFO  pipeline.PipelineStateManager (PipelineStateManager.java:addPipeline(55)) - Created pipeline Pipeline[ Id: 54723583-2cb5-4fc0-b8d2-53319fa87fba, Nodes: 909799b4-01f9-4409-9e01-df516dc8a9f9{ip: 192.168.157.219, host: pr-hdds-2489-n52xc-1246314526, networkLocation: /rack1, certSerialId: null}e8061cfc-e634-4005-9186-8f9a3cdc71ed{ip: 192.168.157.219, host: pr-hdds-2489-n52xc-1246314526, networkLocation: /rack1, certSerialId: null}60fc2306-005b-4da9-bff6-f0a04ff2f155{ip: 192.168.157.219, host: pr-hdds-2489-n52xc-1246314526, networkLocation: /rack1, certSerialId: null}, Type:RATIS, Factor:THREE, State:ALLOCATED]
2019-11-14 19:59:18,551 [Thread-3487] INFO  pipeline.PipelineStateManager (PipelineStateManager.java:finalizePipeline(121)) - Pipeline Pipeline[ Id: bc46a47c-5e02-40aa-9357-050a93d6cde8, Nodes: 0b9f718b-6f36-48a0-b3e8-8949249bd312{ip: 192.168.157.219, host: pr-hdds-2489-n52xc-1246314526, networkLocation: /rack1, certSerialId: null}, Type:RATIS, Factor:ONE, State:CLOSED] moved to CLOSED state
2019-11-14 19:59:18,553 [grpc-default-executor-9] INFO  impl.RaftServerProxy (RaftServerProxy.java:remove(95)) - 0b9f718b-6f36-48a0-b3e8-8949249bd312: remove    LEADER 0b9f718b-6f36-48a0-b3e8-8949249bd312@group-050A93D6CDE8:t1, leader=0b9f718b-6f36-48a0-b3e8-8949249bd312, voted=0b9f718b-6f36-48a0-b3e8-8949249bd312, raftlog=0b9f718b-6f36-48a0-b3e8-8949249bd312@group-050A93D6CDE8-SegmentedRaftLog:OPENED:c0,f0,i0, conf=0: [0b9f718b-6f36-48a0-b3e8-8949249bd312:192.168.157.219:44307], old=null RUNNING
2019-11-14 19:59:18,554 [grpc-default-executor-9] INFO  impl.RaftServerImpl (RaftServerImpl.java:lambda$shutdown$3(250)) - 0b9f718b-6f36-48a0-b3e8-8949249bd312@group-050A93D6CDE8: shutdown
2019-11-14 19:59:18,554 [grpc-default-executor-9] INFO  util.JmxRegister (JmxRegister.java:unregister(73)) - Successfully un-registered JMX Bean with object name Ratis:service=RaftServer,group=group-050A93D6CDE8,id=0b9f718b-6f36-48a0-b3e8-8949249bd312
2019-11-14 19:59:18,554 [grpc-default-executor-9] INFO  impl.RoleInfo (RoleInfo.java:shutdownLeaderState(104)) - 0b9f718b-6f36-48a0-b3e8-8949249bd312: shutdown LeaderState
2019-11-14 19:59:18,554 [grpc-default-executor-9] INFO  impl.PendingRequests (PendingRequests.java:sendNotLeaderResponses(206)) - 0b9f718b-6f36-48a0-b3e8-8949249bd312@group-050A93D6CDE8-PendingRequests: sendNotLeaderResponses
2019-11-14 19:59:18,554 [grpc-default-executor-9] INFO  impl.StateMachineUpdater (StateMachineUpdater.java:stopAndJoin(136)) - 0b9f718b-6f36-48a0-b3e8-8949249bd312@group-050A93D6CDE8-StateMachineUpdater: set stopIndex = 0
2019-11-14 19:59:18,555 [grpc-default-executor-9] INFO  impl.RaftServerImpl (ServerState.java:close(387)) - 0b9f718b-6f36-48a0-b3e8-8949249bd312@group-050A93D6CDE8: closes. applyIndex: 0
2019-11-14 19:59:18,555 [0b9f718b-6f36-48a0-b3e8-8949249bd312@group-050A93D6CDE8-SegmentedRaftLogWorker] INFO  segmented.SegmentedRaftLogWorker (SegmentedRaftLogWorker.java:run(316)) - 0b9f718b-6f36-48a0-b3e8-8949249bd312@group-050A93D6CDE8-SegmentedRaftLogWorker was interrupted, exiting. There are 0 tasks remaining in the queue.
2019-11-14 19:59:18,555 [grpc-default-executor-9] INFO  segmented.SegmentedRaftLogWorker (SegmentedRaftLogWorker.java:close(224)) - 0b9f718b-6f36-48a0-b3e8-8949249bd312@group-050A93D6CDE8-SegmentedRaftLogWorker close()
2019-11-14 19:59:18,561 [Thread-3487] INFO  pipeline.PipelineStateManager (PipelineStateManager.java:removePipeline(106)) - Pipeline Pipeline[ Id: bc46a47c-5e02-40aa-9357-050a93d6cde8, Nodes: 0b9f718b-6f36-48a0-b3e8-8949249bd312{ip: 192.168.157.219, host: pr-hdds-2489-n52xc-1246314526, networkLocation: /rack1, certSerialId: null}, Type:RATIS, Factor:ONE, State:CLOSED] removed from db
2019-11-14 19:59:18,561 [Thread-3487] INFO  pipeline.SCMPipelineManager (SCMPipelineManager.java:finalizeAndDestroyPipeline(315)) - destroying pipeline:Pipeline[ Id: 1f9194ad-64d9-401b-9e8c-5c6618da411b, Nodes: ae61afd5-043c-42ff-9e00-06be6bf8121c{ip: 192.168.157.219, host: pr-hdds-2489-n52xc-1246314526, networkLocation: /rack1, certSerialId: null}, Type:RATIS, Factor:ONE, State:OPEN]
2019-11-14 19:59:18,575 [grpc-default-executor-9] INFO  impl.RaftServerProxy (RaftServerProxy.java:addNew(89)) - 0b9f718b-6f36-48a0-b3e8-8949249bd312: addNew group-31A0C60DEEF3:[0b9f718b-6f36-48a0-b3e8-8949249bd312:192.168.157.219:44307] returns group-31A0C60DEEF3:java.util.concurrent.CompletableFuture@706b43cb[Not completed]
2019-11-14 19:59:18,577 [pool-539-thread-1] INFO  impl.RaftServerImpl (RaftServerImpl.java:<init>(98)) - 0b9f718b-6f36-48a0-b3e8-8949249bd312: new RaftServerImpl for group-31A0C60DEEF3:[0b9f718b-6f36-48a0-b3e8-8949249bd312:192.168.157.219:44307] with ContainerStateMachine:uninitialized
2019-11-14 19:59:18,577 [pool-539-thread-1] INFO  server.RaftServerConfigKeys (ConfUtils.java:logGet(43)) - raft.server.rpc.timeout.min = 1s (custom)
2019-11-14 19:59:18,577 [pool-539-thread-1] INFO  server.RaftServerConfigKeys (ConfUtils.java:logGet(43)) - raft.server.rpc.timeout.max = 1200ms (custom)
2019-11-14 19:59:18,577 [pool-539-thread-1] INFO  server.RaftServerConfigKeys (ConfUtils.java:logGet(43)) - raft.server.rpcslowness.timeout = 120s (custom)
2019-11-14 19:59:18,577 [pool-539-thread-1] INFO  server.RaftServerConfigKeys (ConfUtils.java:logGet(43)) - raft.server.sleep.deviation.threshold = 300 (default)
2019-11-14 19:59:18,577 [pool-539-thread-1] INFO  server.RaftServerConfigKeys (ConfUtils.java:logGet(43)) - raft.server.log.appender.install.snapshot.enabled = false (custom)
2019-11-14 19:59:18,578 [pool-539-thread-1] INFO  impl.RaftServerImpl (ServerState.java:<init>(103)) - 0b9f718b-6f36-48a0-b3e8-8949249bd312@group-31A0C60DEEF3: ConfigurationManager, init=-1: [0b9f718b-6f36-48a0-b3e8-8949249bd312:192.168.157.219:44307], old=null, confs=<EMPTY_MAP>
2019-11-14 19:59:18,578 [pool-539-thread-1] INFO  server.RaftServerConfigKeys (ConfUtils.java:logGet(43)) - raft.server.storage.dir = [/workdir/hadoop-ozone/integration-test/target/test-dir/MiniOzoneClusterImpl-df23ed15-4459-4301-a988-82089ad70e13/datanode-3/data/ratis] (custom)
2019-11-14 19:59:18,578 [pool-539-thread-1] INFO  server.RaftServerConfigKeys (ConfUtils.java:logGet(43)) - raft.server.log.corruption.policy = EXCEPTION (default)
2019-11-14 19:59:18,578 [pool-539-thread-1] INFO  storage.RaftStorageDirectory (RaftStorageDirectory.java:analyzeStorage(246)) - The storage directory /workdir/hadoop-ozone/integration-test/target/test-dir/MiniOzoneClusterImpl-df23ed15-4459-4301-a988-82089ad70e13/datanode-3/data/ratis/dc85d71f-e2dc-471f-ac68-31a0c60deef3 does not exist. Creating ...
2019-11-14 19:59:18,586 [pool-539-thread-1] INFO  storage.RaftStorageDirectory (RaftStorageDirectory.java:tryLock(328)) - Lock on /workdir/hadoop-ozone/integration-test/target/test-dir/MiniOzoneClusterImpl-df23ed15-4459-4301-a988-82089ad70e13/datanode-3/data/ratis/dc85d71f-e2dc-471f-ac68-31a0c60deef3/in_use.lock acquired by nodename 9468@pr-hdds-2489-n52xc-1246314526
2019-11-14 19:59:18,624 [pool-539-thread-1] INFO  storage.RaftStorage (RaftStorage.java:format(84)) - Storage directory /workdir/hadoop-ozone/integration-test/target/test-dir/MiniOzoneClusterImpl-df23ed15-4459-4301-a988-82089ad70e13/datanode-3/data/ratis/dc85d71f-e2dc-471f-ac68-31a0c60deef3 has been successfully formatted.
2019-11-14 19:59:18,624 [pool-539-thread-1] INFO  ratis.ContainerStateMachine (ContainerStateMachine.java:loadSnapshot(223)) - group-31A0C60DEEF3: The snapshot info is null. Setting the last applied indexto:(t:0, i:~)
2019-11-14 19:59:18,625 [pool-539-thread-1] INFO  server.RaftServerConfigKeys (ConfUtils.java:logGet(43)) - raft.server.notification.no-leader.timeout = 120s (custom)
2019-11-14 19:59:18,625 [pool-539-thread-1] INFO  server.RaftServerConfigKeys (ConfUtils.java:logGet(43)) - raft.server.log.use.memory = false (default)
2019-11-14 19:59:18,625 [pool-539-thread-1] INFO  server.RaftServerConfigKeys (ConfUtils.java:logGet(43)) - raft.server.log.purge.gap = 1000000 (custom)
2019-11-14 19:59:18,625 [pool-539-thread-1] INFO  server.RaftServerConfigKeys (ConfUtils.java:logGet(43)) - raft.server.log.appender.buffer.byte-limit = 33554432 (custom)
2019-11-14 19:59:18,625 [pool-539-thread-1] INFO  server.RaftServerConfigKeys (ConfUtils.java:logGet(43)) - raft.server.log.segment.size.max = 1048576 (custom)
2019-11-14 19:59:18,625 [pool-539-thread-1] INFO  server.RaftServerConfigKeys (ConfUtils.java:logGet(43)) - raft.server.log.segment.cache.num.max = 2 (custom)
2019-11-14 19:59:18,625 [pool-539-thread-1] INFO  segmented.SegmentedRaftLogWorker (SegmentedRaftLogWorker.java:<init>(173)) - new 0b9f718b-6f36-48a0-b3e8-8949249bd312@group-31A0C60DEEF3-SegmentedRaftLogWorker for RaftStorage:Storage Directory /workdir/hadoop-ozone/integration-test/target/test-dir/MiniOzoneClusterImpl-df23ed15-4459-4301-a988-82089ad70e13/datanode-3/data/ratis/dc85d71f-e2dc-471f-ac68-31a0c60deef3
2019-11-14 19:59:18,625 [pool-539-thread-1] INFO  server.RaftServerConfigKeys (ConfUtils.java:logGet(43)) - raft.server.log.queue.byte-limit = 2147483647 (custom)
2019-11-14 19:59:18,625 [pool-539-thread-1] INFO  server.RaftServerConfigKeys (ConfUtils.java:logGet(43)) - raft.server.log.queue.element-limit = 1024 (custom)
2019-11-14 19:59:18,625 [pool-539-thread-1] INFO  server.RaftServerConfigKeys (ConfUtils.java:logGet(43)) - raft.server.log.segment.size.max = 1048576 (custom)
2019-11-14 19:59:18,625 [pool-539-thread-1] INFO  server.RaftServerConfigKeys (ConfUtils.java:logGet(43)) - raft.server.log.preallocated.size = 16384 (custom)
2019-11-14 19:59:18,625 [pool-539-thread-1] INFO  server.RaftServerConfigKeys (ConfUtils.java:logGet(43)) - raft.server.log.write.buffer.size = 33554432 (custom)
2019-11-14 19:59:18,625 [pool-539-thread-1] INFO  server.RaftServerConfigKeys (ConfUtils.java:logGet(43)) - raft.server.log.force.sync.num = 128 (default)
2019-11-14 19:59:18,626 [pool-539-thread-1] INFO  server.RaftServerConfigKeys (ConfUtils.java:logGet(43)) - raft.server.log.statemachine.data.sync = true (default)
2019-11-14 19:59:18,626 [pool-539-thread-1] INFO  server.RaftServerConfigKeys (ConfUtils.java:logGet(43)) - raft.server.log.statemachine.data.sync.timeout = 10s (default)
2019-11-14 19:59:18,626 [pool-539-thread-1] INFO  server.RaftServerConfigKeys (ConfUtils.java:logGet(43)) - raft.server.log.statemachine.data.sync.timeout.retry = -1 (default)
2019-11-14 19:59:18,626 [pool-539-thread-1] INFO  server.RaftServerConfigKeys (ConfUtils.java:logGet(43)) - raft.server.log.statemachine.data.caching.enabled = true (custom)
2019-11-14 19:59:18,626 [pool-539-thread-1] INFO  segmented.SegmentedRaftLogWorker (SegmentedRaftLogWorker.java:lambda$new$0(128)) - 0b9f718b-6f36-48a0-b3e8-8949249bd312@group-31A0C60DEEF3-SegmentedRaftLogWorker: flushIndex: setUnconditionally 0 -> -1
2019-11-14 19:59:18,626 [pool-539-thread-1] INFO  server.RaftServerConfigKeys (ConfUtils.java:logGet(43)) - raft.server.snapshot.auto.trigger.enabled = true (custom)
2019-11-14 19:59:18,626 [pool-539-thread-1] INFO  server.RaftServerConfigKeys (ConfUtils.java:logGet(43)) - raft.server.snapshot.auto.trigger.threshold = 10000 (custom)
2019-11-14 19:59:18,626 [pool-539-thread-1] INFO  server.RaftServerConfigKeys (ConfUtils.java:logGet(43)) - raft.server.snapshot.retention.file.num = 5 (custom)
2019-11-14 19:59:18,626 [pool-539-thread-1] INFO  server.RaftServerConfigKeys (ConfUtils.java:logGet(43)) - raft.server.retrycache.expirytime = 600000ms (custom)
2019-11-14 19:59:18,627 [pool-539-thread-1] WARN  impl.MetricRegistriesImpl (MetricRegistriesImpl.java:lambda$create$1(61)) - First MetricRegistry has been created without registering reporters. You may need to call MetricRegistries.global().addReportRegistration(...) before.
2019-11-14 19:59:18,627 [pool-539-thread-1] WARN  impl.MetricRegistriesImpl (MetricRegistriesImpl.java:lambda$create$1(61)) - First MetricRegistry has been created without registering reporters. You may need to call MetricRegistries.global().addReportRegistration(...) before.
2019-11-14 19:59:18,627 [pool-539-thread-1] INFO  impl.RaftServerImpl (RaftServerImpl.java:start(184)) - 0b9f718b-6f36-48a0-b3e8-8949249bd312@group-31A0C60DEEF3: start as a follower, conf=-1: [0b9f718b-6f36-48a0-b3e8-8949249bd312:192.168.157.219:44307], old=null
2019-11-14 19:59:18,627 [pool-539-thread-1] INFO  impl.RaftServerImpl (RaftServerImpl.java:setRole(173)) - 0b9f718b-6f36-48a0-b3e8-8949249bd312@group-31A0C60DEEF3: changes role from      null to FOLLOWER at term 0 for startAsFollower
2019-11-14 19:59:18,627 [pool-539-thread-1] INFO  impl.RoleInfo (RoleInfo.java:updateAndGet(143)) - 0b9f718b-6f36-48a0-b3e8-8949249bd312: start FollowerState
2019-11-14 19:59:18,627 [pool-539-thread-1] INFO  util.JmxRegister (JmxRegister.java:tryRegister(44)) - Successfully registered JMX Bean with object name Ratis:service=RaftServer,group=group-31A0C60DEEF3,id=0b9f718b-6f36-48a0-b3e8-8949249bd312
2019-11-14 19:59:18,628 [pool-539-thread-1] WARN  impl.MetricRegistriesImpl (MetricRegistriesImpl.java:lambda$create$1(61)) - First MetricRegistry has been created without registering reporters. You may need to call MetricRegistries.global().addReportRegistration(...) before.
2019-11-14 19:59:18,629 [RatisPipelineUtilsThread] INFO  pipeline.PipelineStateManager (PipelineStateManager.java:addPipeline(55)) - Created pipeline Pipeline[ Id: dc85d71f-e2dc-471f-ac68-31a0c60deef3, Nodes: 0b9f718b-6f36-48a0-b3e8-8949249bd312{ip: 192.168.157.219, host: pr-hdds-2489-n52xc-1246314526, networkLocation: /rack1, certSerialId: null}, Type:RATIS, Factor:ONE, State:ALLOCATED]
2019-11-14 19:59:18,630 [Thread-3487] INFO  pipeline.PipelineStateManager (PipelineStateManager.java:finalizePipeline(121)) - Pipeline Pipeline[ Id: 1f9194ad-64d9-401b-9e8c-5c6618da411b, Nodes: ae61afd5-043c-42ff-9e00-06be6bf8121c{ip: 192.168.157.219, host: pr-hdds-2489-n52xc-1246314526, networkLocation: /rack1, certSerialId: null}, Type:RATIS, Factor:ONE, State:CLOSED] moved to CLOSED state
2019-11-14 19:59:18,633 [grpc-default-executor-9] INFO  impl.RaftServerProxy (RaftServerProxy.java:remove(95)) - ae61afd5-043c-42ff-9e00-06be6bf8121c: remove    LEADER ae61afd5-043c-42ff-9e00-06be6bf8121c@group-5C6618DA411B:t1, leader=ae61afd5-043c-42ff-9e00-06be6bf8121c, voted=ae61afd5-043c-42ff-9e00-06be6bf8121c, raftlog=ae61afd5-043c-42ff-9e00-06be6bf8121c@group-5C6618DA411B-SegmentedRaftLog:OPENED:c0,f0,i0, conf=0: [ae61afd5-043c-42ff-9e00-06be6bf8121c:192.168.157.219:41147], old=null RUNNING
2019-11-14 19:59:18,633 [grpc-default-executor-9] INFO  impl.RaftServerImpl (RaftServerImpl.java:lambda$shutdown$3(250)) - ae61afd5-043c-42ff-9e00-06be6bf8121c@group-5C6618DA411B: shutdown
2019-11-14 19:59:18,634 [grpc-default-executor-9] INFO  util.JmxRegister (JmxRegister.java:unregister(73)) - Successfully un-registered JMX Bean with object name Ratis:service=RaftServer,group=group-5C6618DA411B,id=ae61afd5-043c-42ff-9e00-06be6bf8121c
2019-11-14 19:59:18,634 [grpc-default-executor-9] INFO  impl.RoleInfo (RoleInfo.java:shutdownLeaderState(104)) - ae61afd5-043c-42ff-9e00-06be6bf8121c: shutdown LeaderState
2019-11-14 19:59:18,634 [grpc-default-executor-9] INFO  impl.PendingRequests (PendingRequests.java:sendNotLeaderResponses(206)) - ae61afd5-043c-42ff-9e00-06be6bf8121c@group-5C6618DA411B-PendingRequests: sendNotLeaderResponses
2019-11-14 19:59:18,634 [grpc-default-executor-9] INFO  impl.StateMachineUpdater (StateMachineUpdater.java:stopAndJoin(136)) - ae61afd5-043c-42ff-9e00-06be6bf8121c@group-5C6618DA411B-StateMachineUpdater: set stopIndex = 0
2019-11-14 19:59:18,634 [grpc-default-executor-9] INFO  impl.RaftServerImpl (ServerState.java:close(387)) - ae61afd5-043c-42ff-9e00-06be6bf8121c@group-5C6618DA411B: closes. applyIndex: 0
2019-11-14 19:59:18,634 [ae61afd5-043c-42ff-9e00-06be6bf8121c@group-5C6618DA411B-SegmentedRaftLogWorker] INFO  segmented.SegmentedRaftLogWorker (SegmentedRaftLogWorker.java:run(316)) - ae61afd5-043c-42ff-9e00-06be6bf8121c@group-5C6618DA411B-SegmentedRaftLogWorker was interrupted, exiting. There are 0 tasks remaining in the queue.
2019-11-14 19:59:18,635 [grpc-default-executor-9] INFO  segmented.SegmentedRaftLogWorker (SegmentedRaftLogWorker.java:close(224)) - ae61afd5-043c-42ff-9e00-06be6bf8121c@group-5C6618DA411B-SegmentedRaftLogWorker close()
2019-11-14 19:59:18,639 [Thread-3487] INFO  pipeline.PipelineStateManager (PipelineStateManager.java:removePipeline(106)) - Pipeline Pipeline[ Id: 1f9194ad-64d9-401b-9e8c-5c6618da411b, Nodes: ae61afd5-043c-42ff-9e00-06be6bf8121c{ip: 192.168.157.219, host: pr-hdds-2489-n52xc-1246314526, networkLocation: /rack1, certSerialId: null}, Type:RATIS, Factor:ONE, State:CLOSED] removed from db
2019-11-14 19:59:18,639 [Thread-3487] INFO  pipeline.SCMPipelineManager (SCMPipelineManager.java:finalizeAndDestroyPipeline(315)) - destroying pipeline:Pipeline[ Id: 0697d221-366d-4bf0-a6bd-9a3395f27780, Nodes: 1d99cfa1-5734-40f1-a806-2aa318147fff{ip: 192.168.157.219, host: pr-hdds-2489-n52xc-1246314526, networkLocation: /rack1, certSerialId: null}0b9f718b-6f36-48a0-b3e8-8949249bd312{ip: 192.168.157.219, host: pr-hdds-2489-n52xc-1246314526, networkLocation: /rack1, certSerialId: null}ae61afd5-043c-42ff-9e00-06be6bf8121c{ip: 192.168.157.219, host: pr-hdds-2489-n52xc-1246314526, networkLocation: /rack1, certSerialId: null}, Type:RATIS, Factor:THREE, State:OPEN]
2019-11-14 19:59:18,642 [grpc-default-executor-9] INFO  impl.RaftServerProxy (RaftServerProxy.java:addNew(89)) - ae61afd5-043c-42ff-9e00-06be6bf8121c: addNew group-4BDEEAFB6202:[ae61afd5-043c-42ff-9e00-06be6bf8121c:192.168.157.219:41147] returns group-4BDEEAFB6202:java.util.concurrent.CompletableFuture@1ac5cf4a[Not completed]
2019-11-14 19:59:18,642 [pool-509-thread-1] INFO  impl.RaftServerImpl (RaftServerImpl.java:<init>(98)) - ae61afd5-043c-42ff-9e00-06be6bf8121c: new RaftServerImpl for group-4BDEEAFB6202:[ae61afd5-043c-42ff-9e00-06be6bf8121c:192.168.157.219:41147] with ContainerStateMachine:uninitialized
2019-11-14 19:59:18,643 [pool-509-thread-1] INFO  server.RaftServerConfigKeys (ConfUtils.java:logGet(43)) - raft.server.rpc.timeout.min = 1s (custom)
2019-11-14 19:59:18,643 [pool-509-thread-1] INFO  server.RaftServerConfigKeys (ConfUtils.java:logGet(43)) - raft.server.rpc.timeout.max = 1200ms (custom)
2019-11-14 19:59:18,643 [pool-509-thread-1] INFO  server.RaftServerConfigKeys (ConfUtils.java:logGet(43)) - raft.server.rpcslowness.timeout = 120s (custom)
2019-11-14 19:59:18,643 [pool-509-thread-1] INFO  server.RaftServerConfigKeys (ConfUtils.java:logGet(43)) - raft.server.sleep.deviation.threshold = 300 (default)
2019-11-14 19:59:18,643 [pool-509-thread-1] INFO  server.RaftServerConfigKeys (ConfUtils.java:logGet(43)) - raft.server.log.appender.install.snapshot.enabled = false (custom)
2019-11-14 19:59:18,643 [pool-509-thread-1] INFO  impl.RaftServerImpl (ServerState.java:<init>(103)) - ae61afd5-043c-42ff-9e00-06be6bf8121c@group-4BDEEAFB6202: ConfigurationManager, init=-1: [ae61afd5-043c-42ff-9e00-06be6bf8121c:192.168.157.219:41147], old=null, confs=<EMPTY_MAP>
2019-11-14 19:59:18,643 [pool-509-thread-1] INFO  server.RaftServerConfigKeys (ConfUtils.java:logGet(43)) - raft.server.storage.dir = [/workdir/hadoop-ozone/integration-test/target/test-dir/MiniOzoneClusterImpl-df23ed15-4459-4301-a988-82089ad70e13/datanode-0/data/ratis] (custom)
2019-11-14 19:59:18,643 [pool-509-thread-1] INFO  server.RaftServerConfigKeys (ConfUtils.java:logGet(43)) - raft.server.log.corruption.policy = EXCEPTION (default)
2019-11-14 19:59:18,643 [pool-509-thread-1] INFO  storage.RaftStorageDirectory (RaftStorageDirectory.java:analyzeStorage(246)) - The storage directory /workdir/hadoop-ozone/integration-test/target/test-dir/MiniOzoneClusterImpl-df23ed15-4459-4301-a988-82089ad70e13/datanode-0/data/ratis/89b53e65-ec1b-452d-abd9-4bdeeafb6202 does not exist. Creating ...
2019-11-14 19:59:18,667 [pool-509-thread-1] INFO  storage.RaftStorageDirectory (RaftStorageDirectory.java:tryLock(328)) - Lock on /workdir/hadoop-ozone/integration-test/target/test-dir/MiniOzoneClusterImpl-df23ed15-4459-4301-a988-82089ad70e13/datanode-0/data/ratis/89b53e65-ec1b-452d-abd9-4bdeeafb6202/in_use.lock acquired by nodename 9468@pr-hdds-2489-n52xc-1246314526
2019-11-14 19:59:18,681 [pool-509-thread-1] INFO  storage.RaftStorage (RaftStorage.java:format(84)) - Storage directory /workdir/hadoop-ozone/integration-test/target/test-dir/MiniOzoneClusterImpl-df23ed15-4459-4301-a988-82089ad70e13/datanode-0/data/ratis/89b53e65-ec1b-452d-abd9-4bdeeafb6202 has been successfully formatted.
2019-11-14 19:59:18,681 [pool-509-thread-1] INFO  ratis.ContainerStateMachine (ContainerStateMachine.java:loadSnapshot(223)) - group-4BDEEAFB6202: The snapshot info is null. Setting the last applied indexto:(t:0, i:~)
2019-11-14 19:59:18,681 [pool-509-thread-1] INFO  server.RaftServerConfigKeys (ConfUtils.java:logGet(43)) - raft.server.notification.no-leader.timeout = 120s (custom)
2019-11-14 19:59:18,682 [pool-509-thread-1] INFO  server.RaftServerConfigKeys (ConfUtils.java:logGet(43)) - raft.server.log.use.memory = false (default)
2019-11-14 19:59:18,682 [pool-509-thread-1] INFO  server.RaftServerConfigKeys (ConfUtils.java:logGet(43)) - raft.server.log.purge.gap = 1000000 (custom)
2019-11-14 19:59:18,682 [pool-509-thread-1] INFO  server.RaftServerConfigKeys (ConfUtils.java:logGet(43)) - raft.server.log.appender.buffer.byte-limit = 33554432 (custom)
2019-11-14 19:59:18,682 [pool-509-thread-1] INFO  server.RaftServerConfigKeys (ConfUtils.java:logGet(43)) - raft.server.log.segment.size.max = 1048576 (custom)
2019-11-14 19:59:18,682 [pool-509-thread-1] INFO  server.RaftServerConfigKeys (ConfUtils.java:logGet(43)) - raft.server.log.segment.cache.num.max = 2 (custom)
2019-11-14 19:59:18,682 [pool-509-thread-1] INFO  segmented.SegmentedRaftLogWorker (SegmentedRaftLogWorker.java:<init>(173)) - new ae61afd5-043c-42ff-9e00-06be6bf8121c@group-4BDEEAFB6202-SegmentedRaftLogWorker for RaftStorage:Storage Directory /workdir/hadoop-ozone/integration-test/target/test-dir/MiniOzoneClusterImpl-df23ed15-4459-4301-a988-82089ad70e13/datanode-0/data/ratis/89b53e65-ec1b-452d-abd9-4bdeeafb6202
2019-11-14 19:59:18,682 [pool-509-thread-1] INFO  server.RaftServerConfigKeys (ConfUtils.java:logGet(43)) - raft.server.log.queue.byte-limit = 2147483647 (custom)
2019-11-14 19:59:18,682 [pool-509-thread-1] INFO  server.RaftServerConfigKeys (ConfUtils.java:logGet(43)) - raft.server.log.queue.element-limit = 1024 (custom)
2019-11-14 19:59:18,682 [pool-509-thread-1] INFO  server.RaftServerConfigKeys (ConfUtils.java:logGet(43)) - raft.server.log.segment.size.max = 1048576 (custom)
2019-11-14 19:59:18,682 [pool-509-thread-1] INFO  server.RaftServerConfigKeys (ConfUtils.java:logGet(43)) - raft.server.log.preallocated.size = 16384 (custom)
2019-11-14 19:59:18,682 [pool-509-thread-1] INFO  server.RaftServerConfigKeys (ConfUtils.java:logGet(43)) - raft.server.log.write.buffer.size = 33554432 (custom)
2019-11-14 19:59:18,682 [pool-509-thread-1] INFO  server.RaftServerConfigKeys (ConfUtils.java:logGet(43)) - raft.server.log.force.sync.num = 128 (default)
2019-11-14 19:59:18,682 [pool-509-thread-1] INFO  server.RaftServerConfigKeys (ConfUtils.java:logGet(43)) - raft.server.log.statemachine.data.sync = true (default)
2019-11-14 19:59:18,683 [pool-509-thread-1] INFO  server.RaftServerConfigKeys (ConfUtils.java:logGet(43)) - raft.server.log.statemachine.data.sync.timeout = 10s (default)
2019-11-14 19:59:18,683 [pool-509-thread-1] INFO  server.RaftServerConfigKeys (ConfUtils.java:logGet(43)) - raft.server.log.statemachine.data.sync.timeout.retry = -1 (default)
2019-11-14 19:59:18,683 [pool-509-thread-1] INFO  server.RaftServerConfigKeys (ConfUtils.java:logGet(43)) - raft.server.log.statemachine.data.caching.enabled = true (custom)
2019-11-14 19:59:18,683 [pool-509-thread-1] INFO  segmented.SegmentedRaftLogWorker (SegmentedRaftLogWorker.java:lambda$new$0(128)) - ae61afd5-043c-42ff-9e00-06be6bf8121c@group-4BDEEAFB6202-SegmentedRaftLogWorker: flushIndex: setUnconditionally 0 -> -1
2019-11-14 19:59:18,683 [pool-509-thread-1] INFO  server.RaftServerConfigKeys (ConfUtils.java:logGet(43)) - raft.server.snapshot.auto.trigger.enabled = true (custom)
2019-11-14 19:59:18,683 [pool-509-thread-1] INFO  server.RaftServerConfigKeys (ConfUtils.java:logGet(43)) - raft.server.snapshot.auto.trigger.threshold = 10000 (custom)
2019-11-14 19:59:18,683 [pool-509-thread-1] INFO  server.RaftServerConfigKeys (ConfUtils.java:logGet(43)) - raft.server.snapshot.retention.file.num = 5 (custom)
2019-11-14 19:59:18,683 [pool-509-thread-1] INFO  server.RaftServerConfigKeys (ConfUtils.java:logGet(43)) - raft.server.retrycache.expirytime = 600000ms (custom)
2019-11-14 19:59:18,683 [pool-509-thread-1] WARN  impl.MetricRegistriesImpl (MetricRegistriesImpl.java:lambda$create$1(61)) - First MetricRegistry has been created without registering reporters. You may need to call MetricRegistries.global().addReportRegistration(...) before.
2019-11-14 19:59:18,683 [pool-509-thread-1] WARN  impl.MetricRegistriesImpl (MetricRegistriesImpl.java:lambda$create$1(61)) - First MetricRegistry has been created without registering reporters. You may need to call MetricRegistries.global().addReportRegistration(...) before.
2019-11-14 19:59:18,684 [pool-509-thread-1] INFO  impl.RaftServerImpl (RaftServerImpl.java:start(184)) - ae61afd5-043c-42ff-9e00-06be6bf8121c@group-4BDEEAFB6202: start as a follower, conf=-1: [ae61afd5-043c-42ff-9e00-06be6bf8121c:192.168.157.219:41147], old=null
2019-11-14 19:59:18,684 [pool-509-thread-1] INFO  impl.RaftServerImpl (RaftServerImpl.java:setRole(173)) - ae61afd5-043c-42ff-9e00-06be6bf8121c@group-4BDEEAFB6202: changes role from      null to FOLLOWER at term 0 for startAsFollower
2019-11-14 19:59:18,684 [pool-509-thread-1] INFO  impl.RoleInfo (RoleInfo.java:updateAndGet(143)) - ae61afd5-043c-42ff-9e00-06be6bf8121c: start FollowerState
2019-11-14 19:59:18,684 [pool-509-thread-1] INFO  util.JmxRegister (JmxRegister.java:tryRegister(44)) - Successfully registered JMX Bean with object name Ratis:service=RaftServer,group=group-4BDEEAFB6202,id=ae61afd5-043c-42ff-9e00-06be6bf8121c
2019-11-14 19:59:18,684 [pool-509-thread-1] WARN  impl.MetricRegistriesImpl (MetricRegistriesImpl.java:lambda$create$1(61)) - First MetricRegistry has been created without registering reporters. You may need to call MetricRegistries.global().addReportRegistration(...) before.
2019-11-14 19:59:18,686 [RatisPipelineUtilsThread] INFO  pipeline.PipelineStateManager (PipelineStateManager.java:addPipeline(55)) - Created pipeline Pipeline[ Id: 89b53e65-ec1b-452d-abd9-4bdeeafb6202, Nodes: ae61afd5-043c-42ff-9e00-06be6bf8121c{ip: 192.168.157.219, host: pr-hdds-2489-n52xc-1246314526, networkLocation: /rack1, certSerialId: null}, Type:RATIS, Factor:ONE, State:ALLOCATED]
2019-11-14 19:59:18,687 [Thread-3487] INFO  pipeline.PipelineStateManager (PipelineStateManager.java:finalizePipeline(121)) - Pipeline Pipeline[ Id: 0697d221-366d-4bf0-a6bd-9a3395f27780, Nodes: 1d99cfa1-5734-40f1-a806-2aa318147fff{ip: 192.168.157.219, host: pr-hdds-2489-n52xc-1246314526, networkLocation: /rack1, certSerialId: null}0b9f718b-6f36-48a0-b3e8-8949249bd312{ip: 192.168.157.219, host: pr-hdds-2489-n52xc-1246314526, networkLocation: /rack1, certSerialId: null}ae61afd5-043c-42ff-9e00-06be6bf8121c{ip: 192.168.157.219, host: pr-hdds-2489-n52xc-1246314526, networkLocation: /rack1, certSerialId: null}, Type:RATIS, Factor:THREE, State:CLOSED] moved to CLOSED state
2019-11-14 19:59:18,689 [grpc-default-executor-9] INFO  impl.RaftServerProxy (RaftServerProxy.java:remove(95)) - 1d99cfa1-5734-40f1-a806-2aa318147fff: remove    LEADER 1d99cfa1-5734-40f1-a806-2aa318147fff@group-9A3395F27780:t1, leader=1d99cfa1-5734-40f1-a806-2aa318147fff, voted=1d99cfa1-5734-40f1-a806-2aa318147fff, raftlog=1d99cfa1-5734-40f1-a806-2aa318147fff@group-9A3395F27780-SegmentedRaftLog:OPENED:c0,f0,i0, conf=0: [ae61afd5-043c-42ff-9e00-06be6bf8121c:192.168.157.219:41147, 1d99cfa1-5734-40f1-a806-2aa318147fff:192.168.157.219:42659, 0b9f718b-6f36-48a0-b3e8-8949249bd312:192.168.157.219:44307], old=null RUNNING
2019-11-14 19:59:18,690 [grpc-default-executor-9] INFO  impl.RaftServerImpl (RaftServerImpl.java:lambda$shutdown$3(250)) - 1d99cfa1-5734-40f1-a806-2aa318147fff@group-9A3395F27780: shutdown
2019-11-14 19:59:18,690 [grpc-default-executor-9] INFO  util.JmxRegister (JmxRegister.java:unregister(73)) - Successfully un-registered JMX Bean with object name Ratis:service=RaftServer,group=group-9A3395F27780,id=1d99cfa1-5734-40f1-a806-2aa318147fff
2019-11-14 19:59:18,690 [grpc-default-executor-9] INFO  impl.RoleInfo (RoleInfo.java:shutdownLeaderState(104)) - 1d99cfa1-5734-40f1-a806-2aa318147fff: shutdown LeaderState
2019-11-14 19:59:18,697 [grpc-default-executor-9] INFO  impl.PendingRequests (PendingRequests.java:sendNotLeaderResponses(206)) - 1d99cfa1-5734-40f1-a806-2aa318147fff@group-9A3395F27780-PendingRequests: sendNotLeaderResponses
2019-11-14 19:59:18,697 [org.apache.ratis.server.impl.LogAppender$AppenderDaemon$$Lambda$430/86081870@190533c1] WARN  server.GrpcLogAppender (GrpcLogAppender.java:mayWait(151)) - 1d99cfa1-5734-40f1-a806-2aa318147fff@group-9A3395F27780->ae61afd5-043c-42ff-9e00-06be6bf8121c-GrpcLogAppender: Wait interrupted by java.lang.InterruptedException
2019-11-14 19:59:18,697 [grpc-default-executor-9] INFO  impl.StateMachineUpdater (StateMachineUpdater.java:stopAndJoin(136)) - 1d99cfa1-5734-40f1-a806-2aa318147fff@group-9A3395F27780-StateMachineUpdater: set stopIndex = 0
2019-11-14 19:59:18,697 [org.apache.ratis.server.impl.LogAppender$AppenderDaemon$$Lambda$430/86081870@5c07ae85] WARN  server.GrpcLogAppender (GrpcLogAppender.java:mayWait(151)) - 1d99cfa1-5734-40f1-a806-2aa318147fff@group-9A3395F27780->0b9f718b-6f36-48a0-b3e8-8949249bd312-GrpcLogAppender: Wait interrupted by java.lang.InterruptedException
2019-11-14 19:59:18,697 [grpc-default-executor-6] INFO  server.GrpcServerProtocolService (GrpcServerProtocolService.java:onCompleted(113)) - ae61afd5-043c-42ff-9e00-06be6bf8121c: Completed APPEND_ENTRIES, lastRequest: 1d99cfa1-5734-40f1-a806-2aa318147fff->ae61afd5-043c-42ff-9e00-06be6bf8121c#5-t1, previous=(t:1, i:0), leaderCommit=0, initializing? false, entries: <empty>
2019-11-14 19:59:18,697 [grpc-default-executor-9] INFO  impl.RaftServerImpl (ServerState.java:close(387)) - 1d99cfa1-5734-40f1-a806-2aa318147fff@group-9A3395F27780: closes. applyIndex: 0
2019-11-14 19:59:18,697 [grpc-default-executor-7] INFO  server.GrpcServerProtocolService (GrpcServerProtocolService.java:onCompleted(113)) - 0b9f718b-6f36-48a0-b3e8-8949249bd312: Completed APPEND_ENTRIES, lastRequest: 1d99cfa1-5734-40f1-a806-2aa318147fff->0b9f718b-6f36-48a0-b3e8-8949249bd312#5-t1, previous=(t:1, i:0), leaderCommit=0, initializing? false, entries: <empty>
2019-11-14 19:59:18,698 [grpc-default-executor-6] INFO  server.GrpcLogAppender (GrpcLogAppender.java:onCompleted(308)) - 1d99cfa1-5734-40f1-a806-2aa318147fff@group-9A3395F27780->ae61afd5-043c-42ff-9e00-06be6bf8121c-AppendLogResponseHandler: follower responses appendEntries COMPLETED
2019-11-14 19:59:18,698 [1d99cfa1-5734-40f1-a806-2aa318147fff@group-9A3395F27780-SegmentedRaftLogWorker] INFO  segmented.SegmentedRaftLogWorker (SegmentedRaftLogWorker.java:run(316)) - 1d99cfa1-5734-40f1-a806-2aa318147fff@group-9A3395F27780-SegmentedRaftLogWorker was interrupted, exiting. There are 0 tasks remaining in the queue.
2019-11-14 19:59:18,698 [grpc-default-executor-8] INFO  server.GrpcLogAppender (GrpcLogAppender.java:onCompleted(308)) - 1d99cfa1-5734-40f1-a806-2aa318147fff@group-9A3395F27780->0b9f718b-6f36-48a0-b3e8-8949249bd312-AppendLogResponseHandler: follower responses appendEntries COMPLETED
2019-11-14 19:59:18,698 [grpc-default-executor-9] INFO  segmented.SegmentedRaftLogWorker (SegmentedRaftLogWorker.java:close(224)) - 1d99cfa1-5734-40f1-a806-2aa318147fff@group-9A3395F27780-SegmentedRaftLogWorker close()
2019-11-14 19:59:18,698 [grpc-default-executor-6] INFO  impl.FollowerInfo (FollowerInfo.java:lambda$new$0(51)) - 1d99cfa1-5734-40f1-a806-2aa318147fff@group-9A3395F27780->ae61afd5-043c-42ff-9e00-06be6bf8121c: nextIndex: updateUnconditionally 1 -> 0
2019-11-14 19:59:18,701 [grpc-default-executor-8] INFO  impl.FollowerInfo (FollowerInfo.java:lambda$new$0(51)) - 1d99cfa1-5734-40f1-a806-2aa318147fff@group-9A3395F27780->0b9f718b-6f36-48a0-b3e8-8949249bd312: nextIndex: updateUnconditionally 1 -> 0
2019-11-14 19:59:18,705 [grpc-default-executor-9] INFO  impl.RaftServerProxy (RaftServerProxy.java:remove(95)) - 0b9f718b-6f36-48a0-b3e8-8949249bd312: remove  FOLLOWER 0b9f718b-6f36-48a0-b3e8-8949249bd312@group-9A3395F27780:t1, leader=1d99cfa1-5734-40f1-a806-2aa318147fff, voted=1d99cfa1-5734-40f1-a806-2aa318147fff, raftlog=0b9f718b-6f36-48a0-b3e8-8949249bd312@group-9A3395F27780-SegmentedRaftLog:OPENED:c0,f0,i0, conf=0: [ae61afd5-043c-42ff-9e00-06be6bf8121c:192.168.157.219:41147, 1d99cfa1-5734-40f1-a806-2aa318147fff:192.168.157.219:42659, 0b9f718b-6f36-48a0-b3e8-8949249bd312:192.168.157.219:44307], old=null RUNNING
2019-11-14 19:59:18,705 [grpc-default-executor-9] INFO  impl.RaftServerImpl (RaftServerImpl.java:lambda$shutdown$3(250)) - 0b9f718b-6f36-48a0-b3e8-8949249bd312@group-9A3395F27780: shutdown
2019-11-14 19:59:18,705 [grpc-default-executor-9] INFO  util.JmxRegister (JmxRegister.java:unregister(73)) - Successfully un-registered JMX Bean with object name Ratis:service=RaftServer,group=group-9A3395F27780,id=0b9f718b-6f36-48a0-b3e8-8949249bd312
2019-11-14 19:59:18,705 [grpc-default-executor-9] INFO  impl.RoleInfo (RoleInfo.java:shutdownFollowerState(121)) - 0b9f718b-6f36-48a0-b3e8-8949249bd312: shutdown FollowerState
2019-11-14 19:59:18,705 [grpc-default-executor-9] INFO  impl.StateMachineUpdater (StateMachineUpdater.java:stopAndJoin(136)) - 0b9f718b-6f36-48a0-b3e8-8949249bd312@group-9A3395F27780-StateMachineUpdater: set stopIndex = 0
2019-11-14 19:59:18,705 [Thread-3566] INFO  impl.FollowerState (FollowerState.java:run(120)) - 0b9f718b-6f36-48a0-b3e8-8949249bd312@group-9A3395F27780-FollowerState was interrupted: java.lang.InterruptedException: sleep interrupted
2019-11-14 19:59:18,705 [grpc-default-executor-9] INFO  impl.RaftServerImpl (ServerState.java:close(387)) - 0b9f718b-6f36-48a0-b3e8-8949249bd312@group-9A3395F27780: closes. applyIndex: 0
2019-11-14 19:59:18,706 [0b9f718b-6f36-48a0-b3e8-8949249bd312@group-9A3395F27780-SegmentedRaftLogWorker] INFO  segmented.SegmentedRaftLogWorker (SegmentedRaftLogWorker.java:run(316)) - 0b9f718b-6f36-48a0-b3e8-8949249bd312@group-9A3395F27780-SegmentedRaftLogWorker was interrupted, exiting. There are 0 tasks remaining in the queue.
2019-11-14 19:59:18,706 [grpc-default-executor-9] INFO  segmented.SegmentedRaftLogWorker (SegmentedRaftLogWorker.java:close(224)) - 0b9f718b-6f36-48a0-b3e8-8949249bd312@group-9A3395F27780-SegmentedRaftLogWorker close()
2019-11-14 19:59:18,711 [grpc-default-executor-9] INFO  impl.RaftServerProxy (RaftServerProxy.java:remove(95)) - ae61afd5-043c-42ff-9e00-06be6bf8121c: remove  FOLLOWER ae61afd5-043c-42ff-9e00-06be6bf8121c@group-9A3395F27780:t1, leader=1d99cfa1-5734-40f1-a806-2aa318147fff, voted=1d99cfa1-5734-40f1-a806-2aa318147fff, raftlog=ae61afd5-043c-42ff-9e00-06be6bf8121c@group-9A3395F27780-SegmentedRaftLog:OPENED:c0,f0,i0, conf=0: [ae61afd5-043c-42ff-9e00-06be6bf8121c:192.168.157.219:41147, 1d99cfa1-5734-40f1-a806-2aa318147fff:192.168.157.219:42659, 0b9f718b-6f36-48a0-b3e8-8949249bd312:192.168.157.219:44307], old=null RUNNING
2019-11-14 19:59:18,711 [grpc-default-executor-9] INFO  impl.RaftServerImpl (RaftServerImpl.java:lambda$shutdown$3(250)) - ae61afd5-043c-42ff-9e00-06be6bf8121c@group-9A3395F27780: shutdown
2019-11-14 19:59:18,712 [grpc-default-executor-9] INFO  util.JmxRegister (JmxRegister.java:unregister(73)) - Successfully un-registered JMX Bean with object name Ratis:service=RaftServer,group=group-9A3395F27780,id=ae61afd5-043c-42ff-9e00-06be6bf8121c
2019-11-14 19:59:18,712 [grpc-default-executor-9] INFO  impl.RoleInfo (RoleInfo.java:shutdownFollowerState(121)) - ae61afd5-043c-42ff-9e00-06be6bf8121c: shutdown FollowerState
2019-11-14 19:59:18,712 [grpc-default-executor-9] INFO  impl.StateMachineUpdater (StateMachineUpdater.java:stopAndJoin(136)) - ae61afd5-043c-42ff-9e00-06be6bf8121c@group-9A3395F27780-StateMachineUpdater: set stopIndex = 0
2019-11-14 19:59:18,712 [Thread-3565] INFO  impl.FollowerState (FollowerState.java:run(120)) - ae61afd5-043c-42ff-9e00-06be6bf8121c@group-9A3395F27780-FollowerState was interrupted: java.lang.InterruptedException: sleep interrupted
2019-11-14 19:59:18,712 [grpc-default-executor-9] INFO  impl.RaftServerImpl (ServerState.java:close(387)) - ae61afd5-043c-42ff-9e00-06be6bf8121c@group-9A3395F27780: closes. applyIndex: 0
2019-11-14 19:59:18,712 [ae61afd5-043c-42ff-9e00-06be6bf8121c@group-9A3395F27780-SegmentedRaftLogWorker] INFO  segmented.SegmentedRaftLogWorker (SegmentedRaftLogWorker.java:run(316)) - ae61afd5-043c-42ff-9e00-06be6bf8121c@group-9A3395F27780-SegmentedRaftLogWorker was interrupted, exiting. There are 0 tasks remaining in the queue.
2019-11-14 19:59:18,712 [grpc-default-executor-9] INFO  segmented.SegmentedRaftLogWorker (SegmentedRaftLogWorker.java:close(224)) - ae61afd5-043c-42ff-9e00-06be6bf8121c@group-9A3395F27780-SegmentedRaftLogWorker close()
2019-11-14 19:59:18,717 [Thread-3487] INFO  pipeline.PipelineStateManager (PipelineStateManager.java:removePipeline(106)) - Pipeline Pipeline[ Id: 0697d221-366d-4bf0-a6bd-9a3395f27780, Nodes: 1d99cfa1-5734-40f1-a806-2aa318147fff{ip: 192.168.157.219, host: pr-hdds-2489-n52xc-1246314526, networkLocation: /rack1, certSerialId: null}0b9f718b-6f36-48a0-b3e8-8949249bd312{ip: 192.168.157.219, host: pr-hdds-2489-n52xc-1246314526, networkLocation: /rack1, certSerialId: null}ae61afd5-043c-42ff-9e00-06be6bf8121c{ip: 192.168.157.219, host: pr-hdds-2489-n52xc-1246314526, networkLocation: /rack1, certSerialId: null}, Type:RATIS, Factor:THREE, State:CLOSED] removed from db
2019-11-14 19:59:18,717 [Thread-3487] INFO  pipeline.SCMPipelineManager (SCMPipelineManager.java:finalizeAndDestroyPipeline(315)) - destroying pipeline:Pipeline[ Id: 94f113ac-78be-4eb0-b51e-9da71d5c210a, Nodes: 909799b4-01f9-4409-9e01-df516dc8a9f9{ip: 192.168.157.219, host: pr-hdds-2489-n52xc-1246314526, networkLocation: /rack1, certSerialId: null}, Type:RATIS, Factor:ONE, State:OPEN]
2019-11-14 19:59:18,726 [grpc-default-executor-9] INFO  impl.RaftServerProxy (RaftServerProxy.java:addNew(89)) - 0b9f718b-6f36-48a0-b3e8-8949249bd312: addNew group-7854BEAF083A:[ae61afd5-043c-42ff-9e00-06be6bf8121c:192.168.157.219:41147, 1d99cfa1-5734-40f1-a806-2aa318147fff:192.168.157.219:42659, 0b9f718b-6f36-48a0-b3e8-8949249bd312:192.168.157.219:44307] returns group-7854BEAF083A:java.util.concurrent.CompletableFuture@28fea675[Not completed]
2019-11-14 19:59:18,726 [grpc-default-executor-6] INFO  impl.RaftServerProxy (RaftServerProxy.java:addNew(89)) - 1d99cfa1-5734-40f1-a806-2aa318147fff: addNew group-7854BEAF083A:[ae61afd5-043c-42ff-9e00-06be6bf8121c:192.168.157.219:41147, 1d99cfa1-5734-40f1-a806-2aa318147fff:192.168.157.219:42659, 0b9f718b-6f36-48a0-b3e8-8949249bd312:192.168.157.219:44307] returns group-7854BEAF083A:java.util.concurrent.CompletableFuture@5141658b[Not completed]
2019-11-14 19:59:18,726 [grpc-default-executor-9] INFO  impl.RaftServerProxy (RaftServerProxy.java:addNew(89)) - ae61afd5-043c-42ff-9e00-06be6bf8121c: addNew group-7854BEAF083A:[ae61afd5-043c-42ff-9e00-06be6bf8121c:192.168.157.219:41147, 1d99cfa1-5734-40f1-a806-2aa318147fff:192.168.157.219:42659, 0b9f718b-6f36-48a0-b3e8-8949249bd312:192.168.157.219:44307] returns group-7854BEAF083A:java.util.concurrent.CompletableFuture@35d00a88[Not completed]
2019-11-14 19:59:18,727 [pool-539-thread-1] INFO  impl.RaftServerImpl (RaftServerImpl.java:<init>(98)) - 0b9f718b-6f36-48a0-b3e8-8949249bd312: new RaftServerImpl for group-7854BEAF083A:[ae61afd5-043c-42ff-9e00-06be6bf8121c:192.168.157.219:41147, 1d99cfa1-5734-40f1-a806-2aa318147fff:192.168.157.219:42659, 0b9f718b-6f36-48a0-b3e8-8949249bd312:192.168.157.219:44307] with ContainerStateMachine:uninitialized
2019-11-14 19:59:18,727 [pool-539-thread-1] INFO  server.RaftServerConfigKeys (ConfUtils.java:logGet(43)) - raft.server.rpc.timeout.min = 1s (custom)
2019-11-14 19:59:18,727 [pool-539-thread-1] INFO  server.RaftServerConfigKeys (ConfUtils.java:logGet(43)) - raft.server.rpc.timeout.max = 1200ms (custom)
2019-11-14 19:59:18,727 [pool-539-thread-1] INFO  server.RaftServerConfigKeys (ConfUtils.java:logGet(43)) - raft.server.rpcslowness.timeout = 120s (custom)
2019-11-14 19:59:18,727 [pool-539-thread-1] INFO  server.RaftServerConfigKeys (ConfUtils.java:logGet(43)) - raft.server.sleep.deviation.threshold = 300 (default)
2019-11-14 19:59:18,727 [pool-539-thread-1] INFO  server.RaftServerConfigKeys (ConfUtils.java:logGet(43)) - raft.server.log.appender.install.snapshot.enabled = false (custom)
2019-11-14 19:59:18,727 [pool-539-thread-1] INFO  impl.RaftServerImpl (ServerState.java:<init>(103)) - 0b9f718b-6f36-48a0-b3e8-8949249bd312@group-7854BEAF083A: ConfigurationManager, init=-1: [ae61afd5-043c-42ff-9e00-06be6bf8121c:192.168.157.219:41147, 1d99cfa1-5734-40f1-a806-2aa318147fff:192.168.157.219:42659, 0b9f718b-6f36-48a0-b3e8-8949249bd312:192.168.157.219:44307], old=null, confs=<EMPTY_MAP>
2019-11-14 19:59:18,727 [pool-539-thread-1] INFO  server.RaftServerConfigKeys (ConfUtils.java:logGet(43)) - raft.server.storage.dir = [/workdir/hadoop-ozone/integration-test/target/test-dir/MiniOzoneClusterImpl-df23ed15-4459-4301-a988-82089ad70e13/datanode-3/data/ratis] (custom)
2019-11-14 19:59:18,727 [pool-509-thread-1] INFO  impl.RaftServerImpl (RaftServerImpl.java:<init>(98)) - ae61afd5-043c-42ff-9e00-06be6bf8121c: new RaftServerImpl for group-7854BEAF083A:[ae61afd5-043c-42ff-9e00-06be6bf8121c:192.168.157.219:41147, 1d99cfa1-5734-40f1-a806-2aa318147fff:192.168.157.219:42659, 0b9f718b-6f36-48a0-b3e8-8949249bd312:192.168.157.219:44307] with ContainerStateMachine:uninitialized
2019-11-14 19:59:18,727 [pool-539-thread-1] INFO  server.RaftServerConfigKeys (ConfUtils.java:logGet(43)) - raft.server.log.corruption.policy = EXCEPTION (default)
2019-11-14 19:59:18,727 [pool-509-thread-1] INFO  server.RaftServerConfigKeys (ConfUtils.java:logGet(43)) - raft.server.rpc.timeout.min = 1s (custom)
2019-11-14 19:59:18,728 [pool-539-thread-1] INFO  storage.RaftStorageDirectory (RaftStorageDirectory.java:analyzeStorage(246)) - The storage directory /workdir/hadoop-ozone/integration-test/target/test-dir/MiniOzoneClusterImpl-df23ed15-4459-4301-a988-82089ad70e13/datanode-3/data/ratis/0af3f7a1-1f7a-42a6-b6bb-7854beaf083a does not exist. Creating ...
2019-11-14 19:59:18,728 [pool-569-thread-1] INFO  impl.RaftServerImpl (RaftServerImpl.java:<init>(98)) - 1d99cfa1-5734-40f1-a806-2aa318147fff: new RaftServerImpl for group-7854BEAF083A:[ae61afd5-043c-42ff-9e00-06be6bf8121c:192.168.157.219:41147, 1d99cfa1-5734-40f1-a806-2aa318147fff:192.168.157.219:42659, 0b9f718b-6f36-48a0-b3e8-8949249bd312:192.168.157.219:44307] with ContainerStateMachine:uninitialized
2019-11-14 19:59:18,728 [pool-509-thread-1] INFO  server.RaftServerConfigKeys (ConfUtils.java:logGet(43)) - raft.server.rpc.timeout.max = 1200ms (custom)
2019-11-14 19:59:18,728 [pool-569-thread-1] INFO  server.RaftServerConfigKeys (ConfUtils.java:logGet(43)) - raft.server.rpc.timeout.min = 1s (custom)
2019-11-14 19:59:18,728 [pool-509-thread-1] INFO  server.RaftServerConfigKeys (ConfUtils.java:logGet(43)) - raft.server.rpcslowness.timeout = 120s (custom)
2019-11-14 19:59:18,728 [pool-569-thread-1] INFO  server.RaftServerConfigKeys (ConfUtils.java:logGet(43)) - raft.server.rpc.timeout.max = 1200ms (custom)
2019-11-14 19:59:18,728 [pool-509-thread-1] INFO  server.RaftServerConfigKeys (ConfUtils.java:logGet(43)) - raft.server.sleep.deviation.threshold = 300 (default)
2019-11-14 19:59:18,728 [pool-569-thread-1] INFO  server.RaftServerConfigKeys (ConfUtils.java:logGet(43)) - raft.server.rpcslowness.timeout = 120s (custom)
2019-11-14 19:59:18,728 [pool-509-thread-1] INFO  server.RaftServerConfigKeys (ConfUtils.java:logGet(43)) - raft.server.log.appender.install.snapshot.enabled = false (custom)
2019-11-14 19:59:18,728 [pool-569-thread-1] INFO  server.RaftServerConfigKeys (ConfUtils.java:logGet(43)) - raft.server.sleep.deviation.threshold = 300 (default)
2019-11-14 19:59:18,728 [pool-509-thread-1] INFO  impl.RaftServerImpl (ServerState.java:<init>(103)) - ae61afd5-043c-42ff-9e00-06be6bf8121c@group-7854BEAF083A: ConfigurationManager, init=-1: [ae61afd5-043c-42ff-9e00-06be6bf8121c:192.168.157.219:41147, 1d99cfa1-5734-40f1-a806-2aa318147fff:192.168.157.219:42659, 0b9f718b-6f36-48a0-b3e8-8949249bd312:192.168.157.219:44307], old=null, confs=<EMPTY_MAP>
2019-11-14 19:59:18,728 [pool-569-thread-1] INFO  server.RaftServerConfigKeys (ConfUtils.java:logGet(43)) - raft.server.log.appender.install.snapshot.enabled = false (custom)
2019-11-14 19:59:18,729 [pool-509-thread-1] INFO  server.RaftServerConfigKeys (ConfUtils.java:logGet(43)) - raft.server.storage.dir = [/workdir/hadoop-ozone/integration-test/target/test-dir/MiniOzoneClusterImpl-df23ed15-4459-4301-a988-82089ad70e13/datanode-0/data/ratis] (custom)
2019-11-14 19:59:18,729 [pool-569-thread-1] INFO  impl.RaftServerImpl (ServerState.java:<init>(103)) - 1d99cfa1-5734-40f1-a806-2aa318147fff@group-7854BEAF083A: ConfigurationManager, init=-1: [ae61afd5-043c-42ff-9e00-06be6bf8121c:192.168.157.219:41147, 1d99cfa1-5734-40f1-a806-2aa318147fff:192.168.157.219:42659, 0b9f718b-6f36-48a0-b3e8-8949249bd312:192.168.157.219:44307], old=null, confs=<EMPTY_MAP>
2019-11-14 19:59:18,729 [pool-569-thread-1] INFO  server.RaftServerConfigKeys (ConfUtils.java:logGet(43)) - raft.server.storage.dir = [/workdir/hadoop-ozone/integration-test/target/test-dir/MiniOzoneClusterImpl-df23ed15-4459-4301-a988-82089ad70e13/datanode-6/data/ratis] (custom)
2019-11-14 19:59:18,729 [pool-509-thread-1] INFO  server.RaftServerConfigKeys (ConfUtils.java:logGet(43)) - raft.server.log.corruption.policy = EXCEPTION (default)
2019-11-14 19:59:18,729 [pool-569-thread-1] INFO  server.RaftServerConfigKeys (ConfUtils.java:logGet(43)) - raft.server.log.corruption.policy = EXCEPTION (default)
2019-11-14 19:59:18,729 [pool-509-thread-1] INFO  storage.RaftStorageDirectory (RaftStorageDirectory.java:analyzeStorage(246)) - The storage directory /workdir/hadoop-ozone/integration-test/target/test-dir/MiniOzoneClusterImpl-df23ed15-4459-4301-a988-82089ad70e13/datanode-0/data/ratis/0af3f7a1-1f7a-42a6-b6bb-7854beaf083a does not exist. Creating ...
2019-11-14 19:59:18,729 [pool-569-thread-1] INFO  storage.RaftStorageDirectory (RaftStorageDirectory.java:analyzeStorage(246)) - The storage directory /workdir/hadoop-ozone/integration-test/target/test-dir/MiniOzoneClusterImpl-df23ed15-4459-4301-a988-82089ad70e13/datanode-6/data/ratis/0af3f7a1-1f7a-42a6-b6bb-7854beaf083a does not exist. Creating ...
2019-11-14 19:59:18,743 [pool-569-thread-1] INFO  storage.RaftStorageDirectory (RaftStorageDirectory.java:tryLock(328)) - Lock on /workdir/hadoop-ozone/integration-test/target/test-dir/MiniOzoneClusterImpl-df23ed15-4459-4301-a988-82089ad70e13/datanode-6/data/ratis/0af3f7a1-1f7a-42a6-b6bb-7854beaf083a/in_use.lock acquired by nodename 9468@pr-hdds-2489-n52xc-1246314526
2019-11-14 19:59:18,743 [pool-509-thread-1] INFO  storage.RaftStorageDirectory (RaftStorageDirectory.java:tryLock(328)) - Lock on /workdir/hadoop-ozone/integration-test/target/test-dir/MiniOzoneClusterImpl-df23ed15-4459-4301-a988-82089ad70e13/datanode-0/data/ratis/0af3f7a1-1f7a-42a6-b6bb-7854beaf083a/in_use.lock acquired by nodename 9468@pr-hdds-2489-n52xc-1246314526
2019-11-14 19:59:18,743 [pool-539-thread-1] INFO  storage.RaftStorageDirectory (RaftStorageDirectory.java:tryLock(328)) - Lock on /workdir/hadoop-ozone/integration-test/target/test-dir/MiniOzoneClusterImpl-df23ed15-4459-4301-a988-82089ad70e13/datanode-3/data/ratis/0af3f7a1-1f7a-42a6-b6bb-7854beaf083a/in_use.lock acquired by nodename 9468@pr-hdds-2489-n52xc-1246314526
2019-11-14 19:59:18,777 [pool-539-thread-1] INFO  storage.RaftStorage (RaftStorage.java:format(84)) - Storage directory /workdir/hadoop-ozone/integration-test/target/test-dir/MiniOzoneClusterImpl-df23ed15-4459-4301-a988-82089ad70e13/datanode-3/data/ratis/0af3f7a1-1f7a-42a6-b6bb-7854beaf083a has been successfully formatted.
2019-11-14 19:59:18,777 [pool-509-thread-1] INFO  storage.RaftStorage (RaftStorage.java:format(84)) - Storage directory /workdir/hadoop-ozone/integration-test/target/test-dir/MiniOzoneClusterImpl-df23ed15-4459-4301-a988-82089ad70e13/datanode-0/data/ratis/0af3f7a1-1f7a-42a6-b6bb-7854beaf083a has been successfully formatted.
2019-11-14 19:59:18,777 [pool-569-thread-1] INFO  storage.RaftStorage (RaftStorage.java:format(84)) - Storage directory /workdir/hadoop-ozone/integration-test/target/test-dir/MiniOzoneClusterImpl-df23ed15-4459-4301-a988-82089ad70e13/datanode-6/data/ratis/0af3f7a1-1f7a-42a6-b6bb-7854beaf083a has been successfully formatted.
2019-11-14 19:59:18,777 [pool-509-thread-1] INFO  ratis.ContainerStateMachine (ContainerStateMachine.java:loadSnapshot(223)) - group-7854BEAF083A: The snapshot info is null. Setting the last applied indexto:(t:0, i:~)
2019-11-14 19:59:18,777 [pool-539-thread-1] INFO  ratis.ContainerStateMachine (ContainerStateMachine.java:loadSnapshot(223)) - group-7854BEAF083A: The snapshot info is null. Setting the last applied indexto:(t:0, i:~)
2019-11-14 19:59:18,777 [pool-509-thread-1] INFO  server.RaftServerConfigKeys (ConfUtils.java:logGet(43)) - raft.server.notification.no-leader.timeout = 120s (custom)
2019-11-14 19:59:18,777 [pool-569-thread-1] INFO  ratis.ContainerStateMachine (ContainerStateMachine.java:loadSnapshot(223)) - group-7854BEAF083A: The snapshot info is null. Setting the last applied indexto:(t:0, i:~)
2019-11-14 19:59:18,777 [pool-509-thread-1] INFO  server.RaftServerConfigKeys (ConfUtils.java:logGet(43)) - raft.server.log.use.memory = false (default)
2019-11-14 19:59:18,777 [pool-539-thread-1] INFO  server.RaftServerConfigKeys (ConfUtils.java:logGet(43)) - raft.server.notification.no-leader.timeout = 120s (custom)
2019-11-14 19:59:18,778 [pool-509-thread-1] INFO  server.RaftServerConfigKeys (ConfUtils.java:logGet(43)) - raft.server.log.purge.gap = 1000000 (custom)
2019-11-14 19:59:18,778 [pool-509-thread-1] INFO  server.RaftServerConfigKeys (ConfUtils.java:logGet(43)) - raft.server.log.appender.buffer.byte-limit = 33554432 (custom)
2019-11-14 19:59:18,777 [pool-569-thread-1] INFO  server.RaftServerConfigKeys (ConfUtils.java:logGet(43)) - raft.server.notification.no-leader.timeout = 120s (custom)
2019-11-14 19:59:18,778 [pool-509-thread-1] INFO  server.RaftServerConfigKeys (ConfUtils.java:logGet(43)) - raft.server.log.segment.size.max = 1048576 (custom)
2019-11-14 19:59:18,778 [pool-539-thread-1] INFO  server.RaftServerConfigKeys (ConfUtils.java:logGet(43)) - raft.server.log.use.memory = false (default)
2019-11-14 19:59:18,778 [pool-509-thread-1] INFO  server.RaftServerConfigKeys (ConfUtils.java:logGet(43)) - raft.server.log.segment.cache.num.max = 2 (custom)
2019-11-14 19:59:18,778 [pool-569-thread-1] INFO  server.RaftServerConfigKeys (ConfUtils.java:logGet(43)) - raft.server.log.use.memory = false (default)
2019-11-14 19:59:18,778 [pool-509-thread-1] INFO  segmented.SegmentedRaftLogWorker (SegmentedRaftLogWorker.java:<init>(173)) - new ae61afd5-043c-42ff-9e00-06be6bf8121c@group-7854BEAF083A-SegmentedRaftLogWorker for RaftStorage:Storage Directory /workdir/hadoop-ozone/integration-test/target/test-dir/MiniOzoneClusterImpl-df23ed15-4459-4301-a988-82089ad70e13/datanode-0/data/ratis/0af3f7a1-1f7a-42a6-b6bb-7854beaf083a
2019-11-14 19:59:18,778 [pool-539-thread-1] INFO  server.RaftServerConfigKeys (ConfUtils.java:logGet(43)) - raft.server.log.purge.gap = 1000000 (custom)
2019-11-14 19:59:18,778 [pool-509-thread-1] INFO  server.RaftServerConfigKeys (ConfUtils.java:logGet(43)) - raft.server.log.queue.byte-limit = 2147483647 (custom)
2019-11-14 19:59:18,778 [pool-569-thread-1] INFO  server.RaftServerConfigKeys (ConfUtils.java:logGet(43)) - raft.server.log.purge.gap = 1000000 (custom)
2019-11-14 19:59:18,779 [pool-509-thread-1] INFO  server.RaftServerConfigKeys (ConfUtils.java:logGet(43)) - raft.server.log.queue.element-limit = 1024 (custom)
2019-11-14 19:59:18,778 [pool-539-thread-1] INFO  server.RaftServerConfigKeys (ConfUtils.java:logGet(43)) - raft.server.log.appender.buffer.byte-limit = 33554432 (custom)
2019-11-14 19:59:18,779 [pool-509-thread-1] INFO  server.RaftServerConfigKeys (ConfUtils.java:logGet(43)) - raft.server.log.segment.size.max = 1048576 (custom)
2019-11-14 19:59:18,779 [pool-569-thread-1] INFO  server.RaftServerConfigKeys (ConfUtils.java:logGet(43)) - raft.server.log.appender.buffer.byte-limit = 33554432 (custom)
2019-11-14 19:59:18,779 [pool-509-thread-1] INFO  server.RaftServerConfigKeys (ConfUtils.java:logGet(43)) - raft.server.log.preallocated.size = 16384 (custom)
2019-11-14 19:59:18,779 [pool-539-thread-1] INFO  server.RaftServerConfigKeys (ConfUtils.java:logGet(43)) - raft.server.log.segment.size.max = 1048576 (custom)
2019-11-14 19:59:18,779 [pool-509-thread-1] INFO  server.RaftServerConfigKeys (ConfUtils.java:logGet(43)) - raft.server.log.write.buffer.size = 33554432 (custom)
2019-11-14 19:59:18,779 [pool-569-thread-1] INFO  server.RaftServerConfigKeys (ConfUtils.java:logGet(43)) - raft.server.log.segment.size.max = 1048576 (custom)
2019-11-14 19:59:18,779 [pool-509-thread-1] INFO  server.RaftServerConfigKeys (ConfUtils.java:logGet(43)) - raft.server.log.force.sync.num = 128 (default)
2019-11-14 19:59:18,779 [pool-539-thread-1] INFO  server.RaftServerConfigKeys (ConfUtils.java:logGet(43)) - raft.server.log.segment.cache.num.max = 2 (custom)
2019-11-14 19:59:18,779 [pool-509-thread-1] INFO  server.RaftServerConfigKeys (ConfUtils.java:logGet(43)) - raft.server.log.statemachine.data.sync = true (default)
2019-11-14 19:59:18,779 [pool-569-thread-1] INFO  server.RaftServerConfigKeys (ConfUtils.java:logGet(43)) - raft.server.log.segment.cache.num.max = 2 (custom)
2019-11-14 19:59:18,780 [pool-509-thread-1] INFO  server.RaftServerConfigKeys (ConfUtils.java:logGet(43)) - raft.server.log.statemachine.data.sync.timeout = 10s (default)
2019-11-14 19:59:18,780 [pool-509-thread-1] INFO  server.RaftServerConfigKeys (ConfUtils.java:logGet(43)) - raft.server.log.statemachine.data.sync.timeout.retry = -1 (default)
2019-11-14 19:59:18,780 [pool-539-thread-1] INFO  segmented.SegmentedRaftLogWorker (SegmentedRaftLogWorker.java:<init>(173)) - new 0b9f718b-6f36-48a0-b3e8-8949249bd312@group-7854BEAF083A-SegmentedRaftLogWorker for RaftStorage:Storage Directory /workdir/hadoop-ozone/integration-test/target/test-dir/MiniOzoneClusterImpl-df23ed15-4459-4301-a988-82089ad70e13/datanode-3/data/ratis/0af3f7a1-1f7a-42a6-b6bb-7854beaf083a
2019-11-14 19:59:18,780 [pool-509-thread-1] INFO  server.RaftServerConfigKeys (ConfUtils.java:logGet(43)) - raft.server.log.statemachine.data.caching.enabled = true (custom)
2019-11-14 19:59:18,780 [pool-539-thread-1] INFO  server.RaftServerConfigKeys (ConfUtils.java:logGet(43)) - raft.server.log.queue.byte-limit = 2147483647 (custom)
2019-11-14 19:59:18,780 [pool-539-thread-1] INFO  server.RaftServerConfigKeys (ConfUtils.java:logGet(43)) - raft.server.log.queue.element-limit = 1024 (custom)
2019-11-14 19:59:18,780 [pool-509-thread-1] INFO  segmented.SegmentedRaftLogWorker (SegmentedRaftLogWorker.java:lambda$new$0(128)) - ae61afd5-043c-42ff-9e00-06be6bf8121c@group-7854BEAF083A-SegmentedRaftLogWorker: flushIndex: setUnconditionally 0 -> -1
2019-11-14 19:59:18,780 [pool-569-thread-1] INFO  segmented.SegmentedRaftLogWorker (SegmentedRaftLogWorker.java:<init>(173)) - new 1d99cfa1-5734-40f1-a806-2aa318147fff@group-7854BEAF083A-SegmentedRaftLogWorker for RaftStorage:Storage Directory /workdir/hadoop-ozone/integration-test/target/test-dir/MiniOzoneClusterImpl-df23ed15-4459-4301-a988-82089ad70e13/datanode-6/data/ratis/0af3f7a1-1f7a-42a6-b6bb-7854beaf083a
2019-11-14 19:59:18,780 [pool-539-thread-1] INFO  server.RaftServerConfigKeys (ConfUtils.java:logGet(43)) - raft.server.log.segment.size.max = 1048576 (custom)
2019-11-14 19:59:18,781 [pool-509-thread-1] INFO  server.RaftServerConfigKeys (ConfUtils.java:logGet(43)) - raft.server.snapshot.auto.trigger.enabled = true (custom)
2019-11-14 19:59:18,780 [pool-569-thread-1] INFO  server.RaftServerConfigKeys (ConfUtils.java:logGet(43)) - raft.server.log.queue.byte-limit = 2147483647 (custom)
2019-11-14 19:59:18,781 [pool-509-thread-1] INFO  server.RaftServerConfigKeys (ConfUtils.java:logGet(43)) - raft.server.snapshot.auto.trigger.threshold = 10000 (custom)
2019-11-14 19:59:18,781 [pool-539-thread-1] INFO  server.RaftServerConfigKeys (ConfUtils.java:logGet(43)) - raft.server.log.preallocated.size = 16384 (custom)
2019-11-14 19:59:18,781 [pool-509-thread-1] INFO  server.RaftServerConfigKeys (ConfUtils.java:logGet(43)) - raft.server.snapshot.retention.file.num = 5 (custom)
2019-11-14 19:59:18,781 [pool-569-thread-1] INFO  server.RaftServerConfigKeys (ConfUtils.java:logGet(43)) - raft.server.log.queue.element-limit = 1024 (custom)
2019-11-14 19:59:18,781 [pool-509-thread-1] INFO  server.RaftServerConfigKeys (ConfUtils.java:logGet(43)) - raft.server.retrycache.expirytime = 600000ms (custom)
2019-11-14 19:59:18,781 [pool-539-thread-1] INFO  server.RaftServerConfigKeys (ConfUtils.java:logGet(43)) - raft.server.log.write.buffer.size = 33554432 (custom)
2019-11-14 19:59:18,781 [pool-509-thread-1] WARN  impl.MetricRegistriesImpl (MetricRegistriesImpl.java:lambda$create$1(61)) - First MetricRegistry has been created without registering reporters. You may need to call MetricRegistries.global().addReportRegistration(...) before.
2019-11-14 19:59:18,781 [pool-569-thread-1] INFO  server.RaftServerConfigKeys (ConfUtils.java:logGet(43)) - raft.server.log.segment.size.max = 1048576 (custom)
2019-11-14 19:59:18,781 [pool-509-thread-1] WARN  impl.MetricRegistriesImpl (MetricRegistriesImpl.java:lambda$create$1(61)) - First MetricRegistry has been created without registering reporters. You may need to call MetricRegistries.global().addReportRegistration(...) before.
2019-11-14 19:59:18,781 [pool-539-thread-1] INFO  server.RaftServerConfigKeys (ConfUtils.java:logGet(43)) - raft.server.log.force.sync.num = 128 (default)
2019-11-14 19:59:18,781 [pool-569-thread-1] INFO  server.RaftServerConfigKeys (ConfUtils.java:logGet(43)) - raft.server.log.preallocated.size = 16384 (custom)
2019-11-14 19:59:18,785 [pool-569-thread-1] INFO  server.RaftServerConfigKeys (ConfUtils.java:logGet(43)) - raft.server.log.write.buffer.size = 33554432 (custom)
2019-11-14 19:59:18,782 [pool-509-thread-1] INFO  impl.RaftServerImpl (RaftServerImpl.java:start(184)) - ae61afd5-043c-42ff-9e00-06be6bf8121c@group-7854BEAF083A: start as a follower, conf=-1: [ae61afd5-043c-42ff-9e00-06be6bf8121c:192.168.157.219:41147, 1d99cfa1-5734-40f1-a806-2aa318147fff:192.168.157.219:42659, 0b9f718b-6f36-48a0-b3e8-8949249bd312:192.168.157.219:44307], old=null
2019-11-14 19:59:18,782 [pool-539-thread-1] INFO  server.RaftServerConfigKeys (ConfUtils.java:logGet(43)) - raft.server.log.statemachine.data.sync = true (default)
2019-11-14 19:59:18,786 [pool-509-thread-1] INFO  impl.RaftServerImpl (RaftServerImpl.java:setRole(173)) - ae61afd5-043c-42ff-9e00-06be6bf8121c@group-7854BEAF083A: changes role from      null to FOLLOWER at term 0 for startAsFollower
2019-11-14 19:59:18,785 [pool-569-thread-1] INFO  server.RaftServerConfigKeys (ConfUtils.java:logGet(43)) - raft.server.log.force.sync.num = 128 (default)
2019-11-14 19:59:18,786 [pool-509-thread-1] INFO  impl.RoleInfo (RoleInfo.java:updateAndGet(143)) - ae61afd5-043c-42ff-9e00-06be6bf8121c: start FollowerState
2019-11-14 19:59:18,786 [pool-539-thread-1] INFO  server.RaftServerConfigKeys (ConfUtils.java:logGet(43)) - raft.server.log.statemachine.data.sync.timeout = 10s (default)
2019-11-14 19:59:18,786 [pool-569-thread-1] INFO  server.RaftServerConfigKeys (ConfUtils.java:logGet(43)) - raft.server.log.statemachine.data.sync = true (default)
2019-11-14 19:59:18,786 [pool-539-thread-1] INFO  server.RaftServerConfigKeys (ConfUtils.java:logGet(43)) - raft.server.log.statemachine.data.sync.timeout.retry = -1 (default)
2019-11-14 19:59:18,786 [pool-509-thread-1] INFO  util.JmxRegister (JmxRegister.java:tryRegister(44)) - Successfully registered JMX Bean with object name Ratis:service=RaftServer,group=group-7854BEAF083A,id=ae61afd5-043c-42ff-9e00-06be6bf8121c
2019-11-14 19:59:18,786 [pool-569-thread-1] INFO  server.RaftServerConfigKeys (ConfUtils.java:logGet(43)) - raft.server.log.statemachine.data.sync.timeout = 10s (default)
2019-11-14 19:59:18,786 [pool-509-thread-1] WARN  impl.MetricRegistriesImpl (MetricRegistriesImpl.java:lambda$create$1(61)) - First MetricRegistry has been created without registering reporters. You may need to call MetricRegistries.global().addReportRegistration(...) before.
2019-11-14 19:59:18,786 [pool-539-thread-1] INFO  server.RaftServerConfigKeys (ConfUtils.java:logGet(43)) - raft.server.log.statemachine.data.caching.enabled = true (custom)
2019-11-14 19:59:18,786 [pool-569-thread-1] INFO  server.RaftServerConfigKeys (ConfUtils.java:logGet(43)) - raft.server.log.statemachine.data.sync.timeout.retry = -1 (default)
2019-11-14 19:59:18,787 [pool-539-thread-1] INFO  segmented.SegmentedRaftLogWorker (SegmentedRaftLogWorker.java:lambda$new$0(128)) - 0b9f718b-6f36-48a0-b3e8-8949249bd312@group-7854BEAF083A-SegmentedRaftLogWorker: flushIndex: setUnconditionally 0 -> -1
2019-11-14 19:59:18,787 [pool-569-thread-1] INFO  server.RaftServerConfigKeys (ConfUtils.java:logGet(43)) - raft.server.log.statemachine.data.caching.enabled = true (custom)
2019-11-14 19:59:18,787 [pool-539-thread-1] INFO  server.RaftServerConfigKeys (ConfUtils.java:logGet(43)) - raft.server.snapshot.auto.trigger.enabled = true (custom)
2019-11-14 19:59:18,787 [pool-569-thread-1] INFO  segmented.SegmentedRaftLogWorker (SegmentedRaftLogWorker.java:lambda$new$0(128)) - 1d99cfa1-5734-40f1-a806-2aa318147fff@group-7854BEAF083A-SegmentedRaftLogWorker: flushIndex: setUnconditionally 0 -> -1
2019-11-14 19:59:18,787 [pool-539-thread-1] INFO  server.RaftServerConfigKeys (ConfUtils.java:logGet(43)) - raft.server.snapshot.auto.trigger.threshold = 10000 (custom)
2019-11-14 19:59:18,787 [pool-569-thread-1] INFO  server.RaftServerConfigKeys (ConfUtils.java:logGet(43)) - raft.server.snapshot.auto.trigger.enabled = true (custom)
2019-11-14 19:59:18,787 [pool-539-thread-1] INFO  server.RaftServerConfigKeys (ConfUtils.java:logGet(43)) - raft.server.snapshot.retention.file.num = 5 (custom)
2019-11-14 19:59:18,787 [pool-569-thread-1] INFO  server.RaftServerConfigKeys (ConfUtils.java:logGet(43)) - raft.server.snapshot.auto.trigger.threshold = 10000 (custom)
2019-11-14 19:59:18,787 [pool-539-thread-1] INFO  server.RaftServerConfigKeys (ConfUtils.java:logGet(43)) - raft.server.retrycache.expirytime = 600000ms (custom)
2019-11-14 19:59:18,787 [pool-569-thread-1] INFO  server.RaftServerConfigKeys (ConfUtils.java:logGet(43)) - raft.server.snapshot.retention.file.num = 5 (custom)
2019-11-14 19:59:18,788 [pool-539-thread-1] WARN  impl.MetricRegistriesImpl (MetricRegistriesImpl.java:lambda$create$1(61)) - First MetricRegistry has been created without registering reporters. You may need to call MetricRegistries.global().addReportRegistration(...) before.
2019-11-14 19:59:18,788 [pool-569-thread-1] INFO  server.RaftServerConfigKeys (ConfUtils.java:logGet(43)) - raft.server.retrycache.expirytime = 600000ms (custom)
2019-11-14 19:59:18,788 [pool-539-thread-1] WARN  impl.MetricRegistriesImpl (MetricRegistriesImpl.java:lambda$create$1(61)) - First MetricRegistry has been created without registering reporters. You may need to call MetricRegistries.global().addReportRegistration(...) before.
2019-11-14 19:59:18,788 [pool-569-thread-1] WARN  impl.MetricRegistriesImpl (MetricRegistriesImpl.java:lambda$create$1(61)) - First MetricRegistry has been created without registering reporters. You may need to call MetricRegistries.global().addReportRegistration(...) before.
2019-11-14 19:59:18,788 [pool-539-thread-1] INFO  impl.RaftServerImpl (RaftServerImpl.java:start(184)) - 0b9f718b-6f36-48a0-b3e8-8949249bd312@group-7854BEAF083A: start as a follower, conf=-1: [ae61afd5-043c-42ff-9e00-06be6bf8121c:192.168.157.219:41147, 1d99cfa1-5734-40f1-a806-2aa318147fff:192.168.157.219:42659, 0b9f718b-6f36-48a0-b3e8-8949249bd312:192.168.157.219:44307], old=null
2019-11-14 19:59:18,788 [pool-569-thread-1] WARN  impl.MetricRegistriesImpl (MetricRegistriesImpl.java:lambda$create$1(61)) - First MetricRegistry has been created without registering reporters. You may need to call MetricRegistries.global().addReportRegistration(...) before.
2019-11-14 19:59:18,788 [pool-539-thread-1] INFO  impl.RaftServerImpl (RaftServerImpl.java:setRole(173)) - 0b9f718b-6f36-48a0-b3e8-8949249bd312@group-7854BEAF083A: changes role from      null to FOLLOWER at term 0 for startAsFollower
2019-11-14 19:59:18,788 [pool-569-thread-1] INFO  impl.RaftServerImpl (RaftServerImpl.java:start(184)) - 1d99cfa1-5734-40f1-a806-2aa318147fff@group-7854BEAF083A: start as a follower, conf=-1: [ae61afd5-043c-42ff-9e00-06be6bf8121c:192.168.157.219:41147, 1d99cfa1-5734-40f1-a806-2aa318147fff:192.168.157.219:42659, 0b9f718b-6f36-48a0-b3e8-8949249bd312:192.168.157.219:44307], old=null
2019-11-14 19:59:18,788 [pool-539-thread-1] INFO  impl.RoleInfo (RoleInfo.java:updateAndGet(143)) - 0b9f718b-6f36-48a0-b3e8-8949249bd312: start FollowerState
2019-11-14 19:59:18,788 [pool-569-thread-1] INFO  impl.RaftServerImpl (RaftServerImpl.java:setRole(173)) - 1d99cfa1-5734-40f1-a806-2aa318147fff@group-7854BEAF083A: changes role from      null to FOLLOWER at term 0 for startAsFollower
2019-11-14 19:59:18,788 [pool-569-thread-1] INFO  impl.RoleInfo (RoleInfo.java:updateAndGet(143)) - 1d99cfa1-5734-40f1-a806-2aa318147fff: start FollowerState
2019-11-14 19:59:18,789 [pool-539-thread-1] INFO  util.JmxRegister (JmxRegister.java:tryRegister(44)) - Successfully registered JMX Bean with object name Ratis:service=RaftServer,group=group-7854BEAF083A,id=0b9f718b-6f36-48a0-b3e8-8949249bd312
2019-11-14 19:59:18,789 [pool-569-thread-1] INFO  util.JmxRegister (JmxRegister.java:tryRegister(44)) - Successfully registered JMX Bean with object name Ratis:service=RaftServer,group=group-7854BEAF083A,id=1d99cfa1-5734-40f1-a806-2aa318147fff
2019-11-14 19:59:18,789 [pool-539-thread-1] WARN  impl.MetricRegistriesImpl (MetricRegistriesImpl.java:lambda$create$1(61)) - First MetricRegistry has been created without registering reporters. You may need to call MetricRegistries.global().addReportRegistration(...) before.
2019-11-14 19:59:18,789 [pool-569-thread-1] WARN  impl.MetricRegistriesImpl (MetricRegistriesImpl.java:lambda$create$1(61)) - First MetricRegistry has been created without registering reporters. You may need to call MetricRegistries.global().addReportRegistration(...) before.
2019-11-14 19:59:18,791 [RatisPipelineUtilsThread] INFO  pipeline.PipelineStateManager (PipelineStateManager.java:addPipeline(55)) - Created pipeline Pipeline[ Id: 0af3f7a1-1f7a-42a6-b6bb-7854beaf083a, Nodes: 1d99cfa1-5734-40f1-a806-2aa318147fff{ip: 192.168.157.219, host: pr-hdds-2489-n52xc-1246314526, networkLocation: /rack1, certSerialId: null}0b9f718b-6f36-48a0-b3e8-8949249bd312{ip: 192.168.157.219, host: pr-hdds-2489-n52xc-1246314526, networkLocation: /rack1, certSerialId: null}ae61afd5-043c-42ff-9e00-06be6bf8121c{ip: 192.168.157.219, host: pr-hdds-2489-n52xc-1246314526, networkLocation: /rack1, certSerialId: null}, Type:RATIS, Factor:THREE, State:ALLOCATED]
2019-11-14 19:59:18,791 [Thread-3487] INFO  pipeline.PipelineStateManager (PipelineStateManager.java:finalizePipeline(121)) - Pipeline Pipeline[ Id: 94f113ac-78be-4eb0-b51e-9da71d5c210a, Nodes: 909799b4-01f9-4409-9e01-df516dc8a9f9{ip: 192.168.157.219, host: pr-hdds-2489-n52xc-1246314526, networkLocation: /rack1, certSerialId: null}, Type:RATIS, Factor:ONE, State:CLOSED] moved to CLOSED state
2019-11-14 19:59:18,794 [grpc-default-executor-9] INFO  impl.RaftServerProxy (RaftServerProxy.java:remove(95)) - 909799b4-01f9-4409-9e01-df516dc8a9f9: remove    LEADER 909799b4-01f9-4409-9e01-df516dc8a9f9@group-9DA71D5C210A:t1, leader=909799b4-01f9-4409-9e01-df516dc8a9f9, voted=909799b4-01f9-4409-9e01-df516dc8a9f9, raftlog=909799b4-01f9-4409-9e01-df516dc8a9f9@group-9DA71D5C210A-SegmentedRaftLog:OPENED:c0,f0,i0, conf=0: [909799b4-01f9-4409-9e01-df516dc8a9f9:192.168.157.219:34722], old=null RUNNING
2019-11-14 19:59:18,794 [grpc-default-executor-9] INFO  impl.RaftServerImpl (RaftServerImpl.java:lambda$shutdown$3(250)) - 909799b4-01f9-4409-9e01-df516dc8a9f9@group-9DA71D5C210A: shutdown
2019-11-14 19:59:18,794 [grpc-default-executor-9] INFO  util.JmxRegister (JmxRegister.java:unregister(73)) - Successfully un-registered JMX Bean with object name Ratis:service=RaftServer,group=group-9DA71D5C210A,id=909799b4-01f9-4409-9e01-df516dc8a9f9
2019-11-14 19:59:18,795 [grpc-default-executor-9] INFO  impl.RoleInfo (RoleInfo.java:shutdownLeaderState(104)) - 909799b4-01f9-4409-9e01-df516dc8a9f9: shutdown LeaderState
2019-11-14 19:59:18,795 [grpc-default-executor-9] INFO  impl.PendingRequests (PendingRequests.java:sendNotLeaderResponses(206)) - 909799b4-01f9-4409-9e01-df516dc8a9f9@group-9DA71D5C210A-PendingRequests: sendNotLeaderResponses
2019-11-14 19:59:18,795 [grpc-default-executor-9] INFO  impl.StateMachineUpdater (StateMachineUpdater.java:stopAndJoin(136)) - 909799b4-01f9-4409-9e01-df516dc8a9f9@group-9DA71D5C210A-StateMachineUpdater: set stopIndex = 0
2019-11-14 19:59:18,795 [grpc-default-executor-9] INFO  impl.RaftServerImpl (ServerState.java:close(387)) - 909799b4-01f9-4409-9e01-df516dc8a9f9@group-9DA71D5C210A: closes. applyIndex: 0
2019-11-14 19:59:18,795 [909799b4-01f9-4409-9e01-df516dc8a9f9@group-9DA71D5C210A-SegmentedRaftLogWorker] INFO  segmented.SegmentedRaftLogWorker (SegmentedRaftLogWorker.java:run(316)) - 909799b4-01f9-4409-9e01-df516dc8a9f9@group-9DA71D5C210A-SegmentedRaftLogWorker was interrupted, exiting. There are 0 tasks remaining in the queue.
2019-11-14 19:59:18,795 [grpc-default-executor-9] INFO  segmented.SegmentedRaftLogWorker (SegmentedRaftLogWorker.java:close(224)) - 909799b4-01f9-4409-9e01-df516dc8a9f9@group-9DA71D5C210A-SegmentedRaftLogWorker close()
2019-11-14 19:59:18,800 [Thread-3487] INFO  pipeline.PipelineStateManager (PipelineStateManager.java:removePipeline(106)) - Pipeline Pipeline[ Id: 94f113ac-78be-4eb0-b51e-9da71d5c210a, Nodes: 909799b4-01f9-4409-9e01-df516dc8a9f9{ip: 192.168.157.219, host: pr-hdds-2489-n52xc-1246314526, networkLocation: /rack1, certSerialId: null}, Type:RATIS, Factor:ONE, State:CLOSED] removed from db
2019-11-14 19:59:18,803 [grpc-default-executor-9] INFO  impl.RaftServerProxy (RaftServerProxy.java:addNew(89)) - 909799b4-01f9-4409-9e01-df516dc8a9f9: addNew group-F0E473606DA0:[909799b4-01f9-4409-9e01-df516dc8a9f9:192.168.157.219:34722] returns group-F0E473606DA0:java.util.concurrent.CompletableFuture@5f03555[Not completed]
2019-11-14 19:59:18,804 [pool-589-thread-1] INFO  impl.RaftServerImpl (RaftServerImpl.java:<init>(98)) - 909799b4-01f9-4409-9e01-df516dc8a9f9: new RaftServerImpl for group-F0E473606DA0:[909799b4-01f9-4409-9e01-df516dc8a9f9:192.168.157.219:34722] with ContainerStateMachine:uninitialized
2019-11-14 19:59:18,804 [pool-589-thread-1] INFO  server.RaftServerConfigKeys (ConfUtils.java:logGet(43)) - raft.server.rpc.timeout.min = 1s (custom)
2019-11-14 19:59:18,804 [pool-589-thread-1] INFO  server.RaftServerConfigKeys (ConfUtils.java:logGet(43)) - raft.server.rpc.timeout.max = 1200ms (custom)
2019-11-14 19:59:18,804 [pool-589-thread-1] INFO  server.RaftServerConfigKeys (ConfUtils.java:logGet(43)) - raft.server.rpcslowness.timeout = 120s (custom)
2019-11-14 19:59:18,804 [pool-589-thread-1] INFO  server.RaftServerConfigKeys (ConfUtils.java:logGet(43)) - raft.server.sleep.deviation.threshold = 300 (default)
2019-11-14 19:59:18,804 [pool-589-thread-1] INFO  server.RaftServerConfigKeys (ConfUtils.java:logGet(43)) - raft.server.log.appender.install.snapshot.enabled = false (custom)
2019-11-14 19:59:18,804 [pool-589-thread-1] INFO  impl.RaftServerImpl (ServerState.java:<init>(103)) - 909799b4-01f9-4409-9e01-df516dc8a9f9@group-F0E473606DA0: ConfigurationManager, init=-1: [909799b4-01f9-4409-9e01-df516dc8a9f9:192.168.157.219:34722], old=null, confs=<EMPTY_MAP>
2019-11-14 19:59:18,804 [pool-589-thread-1] INFO  server.RaftServerConfigKeys (ConfUtils.java:logGet(43)) - raft.server.storage.dir = [/workdir/hadoop-ozone/integration-test/target/test-dir/MiniOzoneClusterImpl-df23ed15-4459-4301-a988-82089ad70e13/datanode-8/data/ratis] (custom)
2019-11-14 19:59:18,804 [pool-589-thread-1] INFO  server.RaftServerConfigKeys (ConfUtils.java:logGet(43)) - raft.server.log.corruption.policy = EXCEPTION (default)
2019-11-14 19:59:18,805 [pool-589-thread-1] INFO  storage.RaftStorageDirectory (RaftStorageDirectory.java:analyzeStorage(246)) - The storage directory /workdir/hadoop-ozone/integration-test/target/test-dir/MiniOzoneClusterImpl-df23ed15-4459-4301-a988-82089ad70e13/datanode-8/data/ratis/0f350b41-12a0-473d-b24b-f0e473606da0 does not exist. Creating ...
2019-11-14 19:59:18,817 [pool-589-thread-1] INFO  storage.RaftStorageDirectory (RaftStorageDirectory.java:tryLock(328)) - Lock on /workdir/hadoop-ozone/integration-test/target/test-dir/MiniOzoneClusterImpl-df23ed15-4459-4301-a988-82089ad70e13/datanode-8/data/ratis/0f350b41-12a0-473d-b24b-f0e473606da0/in_use.lock acquired by nodename 9468@pr-hdds-2489-n52xc-1246314526
2019-11-14 19:59:18,834 [pool-589-thread-1] INFO  storage.RaftStorage (RaftStorage.java:format(84)) - Storage directory /workdir/hadoop-ozone/integration-test/target/test-dir/MiniOzoneClusterImpl-df23ed15-4459-4301-a988-82089ad70e13/datanode-8/data/ratis/0f350b41-12a0-473d-b24b-f0e473606da0 has been successfully formatted.
2019-11-14 19:59:18,834 [pool-589-thread-1] INFO  ratis.ContainerStateMachine (ContainerStateMachine.java:loadSnapshot(223)) - group-F0E473606DA0: The snapshot info is null. Setting the last applied indexto:(t:0, i:~)
2019-11-14 19:59:18,834 [pool-589-thread-1] INFO  server.RaftServerConfigKeys (ConfUtils.java:logGet(43)) - raft.server.notification.no-leader.timeout = 120s (custom)
2019-11-14 19:59:18,834 [pool-589-thread-1] INFO  server.RaftServerConfigKeys (ConfUtils.java:logGet(43)) - raft.server.log.use.memory = false (default)
2019-11-14 19:59:18,835 [pool-589-thread-1] INFO  server.RaftServerConfigKeys (ConfUtils.java:logGet(43)) - raft.server.log.purge.gap = 1000000 (custom)
2019-11-14 19:59:18,835 [pool-589-thread-1] INFO  server.RaftServerConfigKeys (ConfUtils.java:logGet(43)) - raft.server.log.appender.buffer.byte-limit = 33554432 (custom)
2019-11-14 19:59:18,835 [pool-589-thread-1] INFO  server.RaftServerConfigKeys (ConfUtils.java:logGet(43)) - raft.server.log.segment.size.max = 1048576 (custom)
2019-11-14 19:59:18,835 [pool-589-thread-1] INFO  server.RaftServerConfigKeys (ConfUtils.java:logGet(43)) - raft.server.log.segment.cache.num.max = 2 (custom)
2019-11-14 19:59:18,835 [pool-589-thread-1] INFO  segmented.SegmentedRaftLogWorker (SegmentedRaftLogWorker.java:<init>(173)) - new 909799b4-01f9-4409-9e01-df516dc8a9f9@group-F0E473606DA0-SegmentedRaftLogWorker for RaftStorage:Storage Directory /workdir/hadoop-ozone/integration-test/target/test-dir/MiniOzoneClusterImpl-df23ed15-4459-4301-a988-82089ad70e13/datanode-8/data/ratis/0f350b41-12a0-473d-b24b-f0e473606da0
2019-11-14 19:59:18,835 [pool-589-thread-1] INFO  server.RaftServerConfigKeys (ConfUtils.java:logGet(43)) - raft.server.log.queue.byte-limit = 2147483647 (custom)
2019-11-14 19:59:18,835 [pool-589-thread-1] INFO  server.RaftServerConfigKeys (ConfUtils.java:logGet(43)) - raft.server.log.queue.element-limit = 1024 (custom)
2019-11-14 19:59:18,835 [pool-589-thread-1] INFO  server.RaftServerConfigKeys (ConfUtils.java:logGet(43)) - raft.server.log.segment.size.max = 1048576 (custom)
2019-11-14 19:59:18,835 [pool-589-thread-1] INFO  server.RaftServerConfigKeys (ConfUtils.java:logGet(43)) - raft.server.log.preallocated.size = 16384 (custom)
2019-11-14 19:59:18,835 [pool-589-thread-1] INFO  server.RaftServerConfigKeys (ConfUtils.java:logGet(43)) - raft.server.log.write.buffer.size = 33554432 (custom)
2019-11-14 19:59:18,835 [pool-589-thread-1] INFO  server.RaftServerConfigKeys (ConfUtils.java:logGet(43)) - raft.server.log.force.sync.num = 128 (default)
2019-11-14 19:59:18,835 [pool-589-thread-1] INFO  server.RaftServerConfigKeys (ConfUtils.java:logGet(43)) - raft.server.log.statemachine.data.sync = true (default)
2019-11-14 19:59:18,835 [pool-589-thread-1] INFO  server.RaftServerConfigKeys (ConfUtils.java:logGet(43)) - raft.server.log.statemachine.data.sync.timeout = 10s (default)
2019-11-14 19:59:18,835 [pool-589-thread-1] INFO  server.RaftServerConfigKeys (ConfUtils.java:logGet(43)) - raft.server.log.statemachine.data.sync.timeout.retry = -1 (default)
2019-11-14 19:59:18,835 [pool-589-thread-1] INFO  server.RaftServerConfigKeys (ConfUtils.java:logGet(43)) - raft.server.log.statemachine.data.caching.enabled = true (custom)
2019-11-14 19:59:18,836 [pool-589-thread-1] INFO  segmented.SegmentedRaftLogWorker (SegmentedRaftLogWorker.java:lambda$new$0(128)) - 909799b4-01f9-4409-9e01-df516dc8a9f9@group-F0E473606DA0-SegmentedRaftLogWorker: flushIndex: setUnconditionally 0 -> -1
2019-11-14 19:59:18,836 [pool-589-thread-1] INFO  server.RaftServerConfigKeys (ConfUtils.java:logGet(43)) - raft.server.snapshot.auto.trigger.enabled = true (custom)
2019-11-14 19:59:18,836 [pool-589-thread-1] INFO  server.RaftServerConfigKeys (ConfUtils.java:logGet(43)) - raft.server.snapshot.auto.trigger.threshold = 10000 (custom)
2019-11-14 19:59:18,836 [pool-589-thread-1] INFO  server.RaftServerConfigKeys (ConfUtils.java:logGet(43)) - raft.server.snapshot.retention.file.num = 5 (custom)
2019-11-14 19:59:18,836 [pool-589-thread-1] INFO  server.RaftServerConfigKeys (ConfUtils.java:logGet(43)) - raft.server.retrycache.expirytime = 600000ms (custom)
2019-11-14 19:59:18,836 [pool-589-thread-1] WARN  impl.MetricRegistriesImpl (MetricRegistriesImpl.java:lambda$create$1(61)) - First MetricRegistry has been created without registering reporters. You may need to call MetricRegistries.global().addReportRegistration(...) before.
2019-11-14 19:59:18,836 [pool-589-thread-1] WARN  impl.MetricRegistriesImpl (MetricRegistriesImpl.java:lambda$create$1(61)) - First MetricRegistry has been created without registering reporters. You may need to call MetricRegistries.global().addReportRegistration(...) before.
2019-11-14 19:59:18,836 [pool-589-thread-1] INFO  impl.RaftServerImpl (RaftServerImpl.java:start(184)) - 909799b4-01f9-4409-9e01-df516dc8a9f9@group-F0E473606DA0: start as a follower, conf=-1: [909799b4-01f9-4409-9e01-df516dc8a9f9:192.168.157.219:34722], old=null
2019-11-14 19:59:18,836 [pool-589-thread-1] INFO  impl.RaftServerImpl (RaftServerImpl.java:setRole(173)) - 909799b4-01f9-4409-9e01-df516dc8a9f9@group-F0E473606DA0: changes role from      null to FOLLOWER at term 0 for startAsFollower
2019-11-14 19:59:18,836 [pool-589-thread-1] INFO  impl.RoleInfo (RoleInfo.java:updateAndGet(143)) - 909799b4-01f9-4409-9e01-df516dc8a9f9: start FollowerState
2019-11-14 19:59:18,837 [pool-589-thread-1] INFO  util.JmxRegister (JmxRegister.java:tryRegister(44)) - Successfully registered JMX Bean with object name Ratis:service=RaftServer,group=group-F0E473606DA0,id=909799b4-01f9-4409-9e01-df516dc8a9f9
2019-11-14 19:59:18,837 [pool-589-thread-1] WARN  impl.MetricRegistriesImpl (MetricRegistriesImpl.java:lambda$create$1(61)) - First MetricRegistry has been created without registering reporters. You may need to call MetricRegistries.global().addReportRegistration(...) before.
2019-11-14 19:59:18,839 [RatisPipelineUtilsThread] INFO  pipeline.PipelineStateManager (PipelineStateManager.java:addPipeline(55)) - Created pipeline Pipeline[ Id: 0f350b41-12a0-473d-b24b-f0e473606da0, Nodes: 909799b4-01f9-4409-9e01-df516dc8a9f9{ip: 192.168.157.219, host: pr-hdds-2489-n52xc-1246314526, networkLocation: /rack1, certSerialId: null}, Type:RATIS, Factor:ONE, State:ALLOCATED]
2019-11-14 19:59:18,915 [main] WARN  io.KeyOutputStream (KeyOutputStream.java:handleException(274)) - Encountered exception java.io.IOException: Unexpected Storage Container Exception: java.util.concurrent.CompletionException: java.util.concurrent.CompletionException: org.apache.ratis.protocol.GroupMismatchException: f857cfdd-345c-4de8-889d-b8fdff158faf: group-74742D73BCC8 not found. on the pipeline Pipeline[ Id: 350b6699-a027-44e8-8bb1-74742d73bcc8, Nodes: 9e8f1412-9bf1-4810-b3e9-2cd8ebd4b71b{ip: 192.168.157.219, host: pr-hdds-2489-n52xc-1246314526, networkLocation: /rack1, certSerialId: null}f857cfdd-345c-4de8-889d-b8fdff158faf{ip: 192.168.157.219, host: pr-hdds-2489-n52xc-1246314526, networkLocation: /rack1, certSerialId: null}37fea5d6-1a60-4b82-9570-57888d4e9f46{ip: 192.168.157.219, host: pr-hdds-2489-n52xc-1246314526, networkLocation: /rack1, certSerialId: null}, Type:RATIS, Factor:THREE, State:OPEN]. The last committed block length is 0, uncommitted data length is 1048576 retry count 0
2019-11-14 19:59:18,916 [main] INFO  io.BlockOutputStreamEntryPool (BlockOutputStreamEntryPool.java:allocateNewBlock(257)) - Allocating block with ExcludeList {datanodes = [], containerIds = [], pipelineIds = [PipelineID=350b6699-a027-44e8-8bb1-74742d73bcc8]}
2019-11-14 19:59:18,918 [IPC Server handler 0 on 45635] WARN  block.BlockManagerImpl (BlockManagerImpl.java:allocateBlock(200)) - Pipeline creation failed for type:RATIS factor:THREE. Retrying get pipelines call once.
org.apache.hadoop.hdds.scm.pipeline.InsufficientDatanodesException: Cannot create pipeline of factor 3 using 1 nodes.
	at org.apache.hadoop.hdds.scm.pipeline.RatisPipelineProvider.create(RatisPipelineProvider.java:153)
	at org.apache.hadoop.hdds.scm.pipeline.PipelineFactory.create(PipelineFactory.java:58)
	at org.apache.hadoop.hdds.scm.pipeline.SCMPipelineManager.createPipeline(SCMPipelineManager.java:155)
	at org.apache.hadoop.hdds.scm.block.BlockManagerImpl.allocateBlock(BlockManagerImpl.java:198)
	at org.apache.hadoop.hdds.scm.server.SCMBlockProtocolServer.allocateBlock(SCMBlockProtocolServer.java:187)
	at org.apache.hadoop.hdds.scm.protocol.ScmBlockLocationProtocolServerSideTranslatorPB.allocateScmBlock(ScmBlockLocationProtocolServerSideTranslatorPB.java:159)
	at org.apache.hadoop.hdds.scm.protocol.ScmBlockLocationProtocolServerSideTranslatorPB.processMessage(ScmBlockLocationProtocolServerSideTranslatorPB.java:117)
	at org.apache.hadoop.hdds.server.OzoneProtocolMessageDispatcher.processRequest(OzoneProtocolMessageDispatcher.java:72)
	at org.apache.hadoop.hdds.scm.protocol.ScmBlockLocationProtocolServerSideTranslatorPB.send(ScmBlockLocationProtocolServerSideTranslatorPB.java:98)
	at org.apache.hadoop.hdds.protocol.proto.ScmBlockLocationProtocolProtos$ScmBlockLocationProtocolService$2.callBlockingMethod(ScmBlockLocationProtocolProtos.java:13157)
	at org.apache.hadoop.ipc.ProtobufRpcEngine$Server$ProtoBufRpcInvoker.call(ProtobufRpcEngine.java:524)
	at org.apache.hadoop.ipc.RPC$Server.call(RPC.java:1025)
	at org.apache.hadoop.ipc.Server$RpcCall.run(Server.java:876)
	at org.apache.hadoop.ipc.Server$RpcCall.run(Server.java:822)
	at java.security.AccessController.doPrivileged(Native Method)
	at javax.security.auth.Subject.doAs(Subject.java:422)
	at org.apache.hadoop.security.UserGroupInformation.doAs(UserGroupInformation.java:1730)
	at org.apache.hadoop.ipc.Server$Handler.run(Server.java:2682)
2019-11-14 19:59:18,918 [IPC Server handler 0 on 45635] INFO  block.BlockManagerImpl (BlockManagerImpl.java:allocateBlock(212)) - Could not find available pipeline of type:RATIS and factor:THREE even after retrying
2019-11-14 19:59:18,918 [IPC Server handler 0 on 45635] ERROR block.BlockManagerImpl (BlockManagerImpl.java:allocateBlock(236)) - Unable to allocate a block for the size: 4194304, type: RATIS, factor: THREE
2019-11-14 19:59:18,919 [main] ERROR io.BlockOutputStreamEntryPool (BlockOutputStreamEntryPool.java:allocateBlockIfNeeded(310)) - Try to allocate more blocks for write failed, already allocated 0 blocks for this write.
INTERNAL_ERROR org.apache.hadoop.ozone.om.exceptions.OMException: Allocated 0 blocks. Requested 1 blocks
	at org.apache.hadoop.ozone.om.protocolPB.OzoneManagerProtocolClientSideTranslatorPB.handleError(OzoneManagerProtocolClientSideTranslatorPB.java:761)
	at org.apache.hadoop.ozone.om.protocolPB.OzoneManagerProtocolClientSideTranslatorPB.allocateBlock(OzoneManagerProtocolClientSideTranslatorPB.java:793)
	at sun.reflect.NativeMethodAccessorImpl.invoke0(Native Method)
	at sun.reflect.NativeMethodAccessorImpl.invoke(NativeMethodAccessorImpl.java:62)
	at sun.reflect.DelegatingMethodAccessorImpl.invoke(DelegatingMethodAccessorImpl.java:43)
	at java.lang.reflect.Method.invoke(Method.java:498)
	at org.apache.hadoop.hdds.tracing.TraceAllMethod.invoke(TraceAllMethod.java:66)
	at com.sun.proxy.$Proxy36.allocateBlock(Unknown Source)
	at org.apache.hadoop.ozone.client.io.BlockOutputStreamEntryPool.allocateNewBlock(BlockOutputStreamEntryPool.java:259)
	at org.apache.hadoop.ozone.client.io.BlockOutputStreamEntryPool.allocateBlockIfNeeded(BlockOutputStreamEntryPool.java:307)
	at org.apache.hadoop.ozone.client.io.KeyOutputStream.handleWrite(KeyOutputStream.java:198)
	at org.apache.hadoop.ozone.client.io.KeyOutputStream.handleRetry(KeyOutputStream.java:375)
	at org.apache.hadoop.ozone.client.io.KeyOutputStream.handleException(KeyOutputStream.java:324)
	at org.apache.hadoop.ozone.client.io.KeyOutputStream.handleFlushOrClose(KeyOutputStream.java:449)
	at org.apache.hadoop.ozone.client.io.KeyOutputStream.flush(KeyOutputStream.java:397)
	at org.apache.hadoop.ozone.client.io.OzoneOutputStream.flush(OzoneOutputStream.java:54)
	at org.apache.hadoop.ozone.client.rpc.TestFailureHandlingByClient.testDatanodeExclusionWithMajorityCommit(TestFailureHandlingByClient.java:299)
	at sun.reflect.NativeMethodAccessorImpl.invoke0(Native Method)
	at sun.reflect.NativeMethodAccessorImpl.invoke(NativeMethodAccessorImpl.java:62)
	at sun.reflect.DelegatingMethodAccessorImpl.invoke(DelegatingMethodAccessorImpl.java:43)
	at java.lang.reflect.Method.invoke(Method.java:498)
	at org.junit.runners.model.FrameworkMethod$1.runReflectiveCall(FrameworkMethod.java:47)
	at org.junit.internal.runners.model.ReflectiveCallable.run(ReflectiveCallable.java:12)
	at org.junit.runners.model.FrameworkMethod.invokeExplosively(FrameworkMethod.java:44)
	at org.junit.internal.runners.statements.InvokeMethod.evaluate(InvokeMethod.java:17)
	at org.junit.internal.runners.statements.RunAfters.evaluate(RunAfters.java:27)
	at org.junit.runners.ParentRunner.runLeaf(ParentRunner.java:271)
	at org.junit.runners.BlockJUnit4ClassRunner.runChild(BlockJUnit4ClassRunner.java:70)
	at org.junit.runners.BlockJUnit4ClassRunner.runChild(BlockJUnit4ClassRunner.java:50)
	at org.junit.runners.ParentRunner$3.run(ParentRunner.java:238)
	at org.junit.runners.ParentRunner$1.schedule(ParentRunner.java:63)
	at org.junit.runners.ParentRunner.runChildren(ParentRunner.java:236)
	at org.junit.runners.ParentRunner.access$000(ParentRunner.java:53)
	at org.junit.runners.ParentRunner$2.evaluate(ParentRunner.java:229)
	at org.junit.runners.ParentRunner.run(ParentRunner.java:309)
	at org.apache.maven.surefire.junit4.JUnit4Provider.execute(JUnit4Provider.java:365)
	at org.apache.maven.surefire.junit4.JUnit4Provider.executeWithRerun(JUnit4Provider.java:273)
	at org.apache.maven.surefire.junit4.JUnit4Provider.executeTestSet(JUnit4Provider.java:238)
	at org.apache.maven.surefire.junit4.JUnit4Provider.invoke(JUnit4Provider.java:159)
	at org.apache.maven.surefire.booter.ForkedBooter.invokeProviderInSameClassLoader(ForkedBooter.java:384)
	at org.apache.maven.surefire.booter.ForkedBooter.runSuitesInProcess(ForkedBooter.java:345)
	at org.apache.maven.surefire.booter.ForkedBooter.execute(ForkedBooter.java:126)
	at org.apache.maven.surefire.booter.ForkedBooter.main(ForkedBooter.java:418)
2019-11-14 19:59:18,919 [main] INFO  ozone.MiniOzoneClusterImpl (MiniOzoneClusterImpl.java:shutdown(352)) - Shutting down the Mini Ozone Cluster
2019-11-14 19:59:18,920 [main] INFO  ozone.MiniOzoneClusterImpl (MiniOzoneClusterImpl.java:stop(368)) - Stopping the Mini Ozone Cluster
2019-11-14 19:59:18,920 [main] INFO  ozone.MiniOzoneClusterImpl (MiniOzoneClusterImpl.java:stopOM(438)) - Stopping the OzoneManager
2019-11-14 19:59:18,920 [main] INFO  ipc.Server (Server.java:stop(3082)) - Stopping server on 37843
2019-11-14 19:59:18,928 [IPC Server listener on 37843] INFO  ipc.Server (Server.java:run(1185)) - Stopping IPC Server listener on 37843
2019-11-14 19:59:18,933 [IPC Server Responder] INFO  ipc.Server (Server.java:run(1319)) - Stopping IPC Server Responder
2019-11-14 19:59:18,931 [main] INFO  ratis.OzoneManagerDoubleBuffer (OzoneManagerDoubleBuffer.java:stop(261)) - Stopping OMDoubleBuffer flush thread
2019-11-14 19:59:18,941 [OMDoubleBufferFlushThread] INFO  ratis.OzoneManagerDoubleBuffer (OzoneManagerDoubleBuffer.java:flushTransactions(199)) - OMDoubleBuffer flush thread OMDoubleBufferFlushThread is interrupted and will exit. OMDoubleBufferFlushThread
2019-11-14 19:59:18,941 [main] INFO  utils.BackgroundService (BackgroundService.java:shutdown(151)) - Shutting down service KeyDeletingService
2019-11-14 19:59:18,956 [main] INFO  handler.ContextHandler (ContextHandler.java:doStop(910)) - Stopped o.e.j.w.WebAppContext@54ccb3{/,null,UNAVAILABLE}{/ozoneManager}
2019-11-14 19:59:18,957 [main] INFO  server.AbstractConnector (AbstractConnector.java:doStop(318)) - Stopped ServerConnector@9b2dc56{HTTP/1.1,[http/1.1]}{0.0.0.0:0}
2019-11-14 19:59:18,957 [main] INFO  handler.ContextHandler (ContextHandler.java:doStop(910)) - Stopped o.e.j.s.ServletContextHandler@374ccb9{/static,file:///workdir/hadoop-ozone/integration-test/target/test-classes/webapps/static,UNAVAILABLE}
2019-11-14 19:59:18,957 [main] INFO  handler.ContextHandler (ContextHandler.java:doStop(910)) - Stopped o.e.j.s.ServletContextHandler@2c7c0e36{/logs,file:///workdir/hadoop-ozone/integration-test/target/log,UNAVAILABLE}
2019-11-14 19:59:18,959 [main] INFO  ozone.MiniOzoneClusterImpl (MiniOzoneClusterImpl.java:stopDatanodes(415)) - Stopping the HddsDatanodes
2019-11-14 19:59:18,992 [Thread-3638] INFO  impl.FollowerState (FollowerState.java:run(111)) - f857cfdd-345c-4de8-889d-b8fdff158faf@group-5C9C84E47F8E-FollowerState: change to CANDIDATE, lastRpcTime:1011ms, electionTimeout:1011ms
2019-11-14 19:59:18,992 [Thread-3638] INFO  impl.RoleInfo (RoleInfo.java:shutdownFollowerState(121)) - f857cfdd-345c-4de8-889d-b8fdff158faf: shutdown FollowerState
2019-11-14 19:59:18,992 [Thread-3638] INFO  impl.RaftServerImpl (RaftServerImpl.java:setRole(173)) - f857cfdd-345c-4de8-889d-b8fdff158faf@group-5C9C84E47F8E: changes role from  FOLLOWER to CANDIDATE at term 0 for changeToCandidate
2019-11-14 19:59:18,992 [Thread-3638] INFO  impl.RoleInfo (RoleInfo.java:updateAndGet(143)) - f857cfdd-345c-4de8-889d-b8fdff158faf: start LeaderElection
2019-11-14 19:59:19,011 [f857cfdd-345c-4de8-889d-b8fdff158faf@group-5C9C84E47F8E-LeaderElection143] INFO  impl.LeaderElection (LeaderElection.java:askForVotes(178)) - f857cfdd-345c-4de8-889d-b8fdff158faf@group-5C9C84E47F8E-LeaderElection143: begin an election at term 1 for -1: [9e8f1412-9bf1-4810-b3e9-2cd8ebd4b71b:192.168.157.219:38230, f857cfdd-345c-4de8-889d-b8fdff158faf:192.168.157.219:39658, 37fea5d6-1a60-4b82-9570-57888d4e9f46:192.168.157.219:35005], old=null
2019-11-14 19:59:19,014 [grpc-default-executor-9] INFO  impl.RaftServerImpl (RaftServerImpl.java:setRole(173)) - 9e8f1412-9bf1-4810-b3e9-2cd8ebd4b71b@group-5C9C84E47F8E: changes role from  FOLLOWER to FOLLOWER at term 1 for recognizeCandidate:f857cfdd-345c-4de8-889d-b8fdff158faf
2019-11-14 19:59:19,014 [grpc-default-executor-6] INFO  impl.RaftServerImpl (RaftServerImpl.java:setRole(173)) - 37fea5d6-1a60-4b82-9570-57888d4e9f46@group-5C9C84E47F8E: changes role from  FOLLOWER to FOLLOWER at term 1 for recognizeCandidate:f857cfdd-345c-4de8-889d-b8fdff158faf
2019-11-14 19:59:19,014 [grpc-default-executor-6] INFO  impl.RoleInfo (RoleInfo.java:shutdownFollowerState(121)) - 37fea5d6-1a60-4b82-9570-57888d4e9f46: shutdown FollowerState
2019-11-14 19:59:19,014 [grpc-default-executor-9] INFO  impl.RoleInfo (RoleInfo.java:shutdownFollowerState(121)) - 9e8f1412-9bf1-4810-b3e9-2cd8ebd4b71b: shutdown FollowerState
2019-11-14 19:59:19,014 [grpc-default-executor-6] INFO  impl.RoleInfo (RoleInfo.java:updateAndGet(143)) - 37fea5d6-1a60-4b82-9570-57888d4e9f46: start FollowerState
2019-11-14 19:59:19,014 [Thread-3643] INFO  impl.FollowerState (FollowerState.java:run(120)) - 37fea5d6-1a60-4b82-9570-57888d4e9f46@group-5C9C84E47F8E-FollowerState was interrupted: java.lang.InterruptedException: sleep interrupted
2019-11-14 19:59:19,014 [grpc-default-executor-9] INFO  impl.RoleInfo (RoleInfo.java:updateAndGet(143)) - 9e8f1412-9bf1-4810-b3e9-2cd8ebd4b71b: start FollowerState
2019-11-14 19:59:19,014 [Thread-3642] INFO  impl.FollowerState (FollowerState.java:run(120)) - 9e8f1412-9bf1-4810-b3e9-2cd8ebd4b71b@group-5C9C84E47F8E-FollowerState was interrupted: java.lang.InterruptedException: sleep interrupted
2019-11-14 19:59:19,030 [Thread-3620] INFO  impl.FollowerState (FollowerState.java:run(111)) - 11eb2ad5-5554-4104-ae21-9c50fee78495@group-51B898944C9A-FollowerState: change to CANDIDATE, lastRpcTime:1156ms, electionTimeout:1156ms
2019-11-14 19:59:19,030 [Thread-3620] INFO  impl.RoleInfo (RoleInfo.java:shutdownFollowerState(121)) - 11eb2ad5-5554-4104-ae21-9c50fee78495: shutdown FollowerState
2019-11-14 19:59:19,030 [Thread-3620] INFO  impl.RaftServerImpl (RaftServerImpl.java:setRole(173)) - 11eb2ad5-5554-4104-ae21-9c50fee78495@group-51B898944C9A: changes role from  FOLLOWER to CANDIDATE at term 0 for changeToCandidate
2019-11-14 19:59:19,030 [Thread-3620] INFO  impl.RoleInfo (RoleInfo.java:updateAndGet(143)) - 11eb2ad5-5554-4104-ae21-9c50fee78495: start LeaderElection
2019-11-14 19:59:19,030 [f857cfdd-345c-4de8-889d-b8fdff158faf@group-5C9C84E47F8E-LeaderElection143] INFO  impl.LeaderElection (LeaderElection.java:logAndReturn(56)) - f857cfdd-345c-4de8-889d-b8fdff158faf@group-5C9C84E47F8E-LeaderElection143: Election PASSED; received 1 response(s) [f857cfdd-345c-4de8-889d-b8fdff158faf<-9e8f1412-9bf1-4810-b3e9-2cd8ebd4b71b#0:OK-t1] and 0 exception(s); f857cfdd-345c-4de8-889d-b8fdff158faf@group-5C9C84E47F8E:t1, leader=null, voted=f857cfdd-345c-4de8-889d-b8fdff158faf, raftlog=f857cfdd-345c-4de8-889d-b8fdff158faf@group-5C9C84E47F8E-SegmentedRaftLog:OPENED:c-1,f-1,i0, conf=-1: [9e8f1412-9bf1-4810-b3e9-2cd8ebd4b71b:192.168.157.219:38230, f857cfdd-345c-4de8-889d-b8fdff158faf:192.168.157.219:39658, 37fea5d6-1a60-4b82-9570-57888d4e9f46:192.168.157.219:35005], old=null
2019-11-14 19:59:19,030 [f857cfdd-345c-4de8-889d-b8fdff158faf@group-5C9C84E47F8E-LeaderElection143] INFO  impl.RoleInfo (RoleInfo.java:shutdownLeaderElection(134)) - f857cfdd-345c-4de8-889d-b8fdff158faf: shutdown LeaderElection
2019-11-14 19:59:19,031 [f857cfdd-345c-4de8-889d-b8fdff158faf@group-5C9C84E47F8E-LeaderElection143] INFO  impl.RaftServerImpl (RaftServerImpl.java:setRole(173)) - f857cfdd-345c-4de8-889d-b8fdff158faf@group-5C9C84E47F8E: changes role from CANDIDATE to LEADER at term 1 for changeToLeader
2019-11-14 19:59:19,031 [f857cfdd-345c-4de8-889d-b8fdff158faf@group-5C9C84E47F8E-LeaderElection143] INFO  ratis.XceiverServerRatis (XceiverServerRatis.java:handleLeaderChangedNotification(697)) - Leader change notification received for group: group-5C9C84E47F8E with new leaderId: f857cfdd-345c-4de8-889d-b8fdff158faf
2019-11-14 19:59:19,031 [f857cfdd-345c-4de8-889d-b8fdff158faf@group-5C9C84E47F8E-LeaderElection143] INFO  impl.RaftServerImpl (ServerState.java:setLeader(255)) - f857cfdd-345c-4de8-889d-b8fdff158faf@group-5C9C84E47F8E: change Leader from null to f857cfdd-345c-4de8-889d-b8fdff158faf at term 1 for becomeLeader, leader elected after 1055ms
2019-11-14 19:59:19,031 [Datanode State Machine Thread - 0] INFO  statemachine.DatanodeStateMachine (DatanodeStateMachine.java:lambda$startDaemon$0(355)) - Ozone container server started.
2019-11-14 19:59:19,031 [f857cfdd-345c-4de8-889d-b8fdff158faf@group-5C9C84E47F8E-LeaderElection143] INFO  server.RaftServerConfigKeys (ConfUtils.java:logGet(43)) - raft.server.staging.catchup.gap = 1000 (default)
2019-11-14 19:59:19,031 [f857cfdd-345c-4de8-889d-b8fdff158faf@group-5C9C84E47F8E-LeaderElection143] INFO  server.RaftServerConfigKeys (ConfUtils.java:logGet(43)) - raft.server.rpc.sleep.time = 25ms (default)
2019-11-14 19:59:19,031 [f857cfdd-345c-4de8-889d-b8fdff158faf@group-5C9C84E47F8E-LeaderElection143] INFO  server.RaftServerConfigKeys (ConfUtils.java:logGet(43)) - raft.server.write.element-limit = 4096 (default)
2019-11-14 19:59:19,031 [f857cfdd-345c-4de8-889d-b8fdff158faf@group-5C9C84E47F8E-LeaderElection143] INFO  server.RaftServerConfigKeys (ConfUtils.java:logGet(43)) - raft.server.watch.timeout = 10s (default)
2019-11-14 19:59:19,031 [f857cfdd-345c-4de8-889d-b8fdff158faf@group-5C9C84E47F8E-LeaderElection143] INFO  server.RaftServerConfigKeys (ConfUtils.java:logGet(43)) - raft.server.watch.timeout.denomination = 1s (default)
2019-11-14 19:59:19,031 [f857cfdd-345c-4de8-889d-b8fdff158faf@group-5C9C84E47F8E-LeaderElection143] INFO  server.RaftServerConfigKeys (ConfUtils.java:logGet(43)) - raft.server.watch.element-limit = 65536 (default)
2019-11-14 19:59:19,032 [f857cfdd-345c-4de8-889d-b8fdff158faf@group-5C9C84E47F8E-LeaderElection143] INFO  server.RaftServerConfigKeys (ConfUtils.java:logGet(43)) - raft.server.log.appender.snapshot.chunk.size.max = 16MB (=16777216) (default)
2019-11-14 19:59:19,032 [f857cfdd-345c-4de8-889d-b8fdff158faf@group-5C9C84E47F8E-LeaderElection143] INFO  server.RaftServerConfigKeys (ConfUtils.java:logGet(43)) - raft.server.log.appender.buffer.byte-limit = 33554432 (custom)
2019-11-14 19:59:19,032 [f857cfdd-345c-4de8-889d-b8fdff158faf@group-5C9C84E47F8E-LeaderElection143] INFO  server.RaftServerConfigKeys (ConfUtils.java:logGet(43)) - raft.server.log.appender.buffer.element-limit = 1 (custom)
2019-11-14 19:59:19,032 [f857cfdd-345c-4de8-889d-b8fdff158faf@group-5C9C84E47F8E-LeaderElection143] INFO  grpc.GrpcConfigKeys$Server (ConfUtils.java:logGet(43)) - raft.grpc.server.leader.outstanding.appends.max = 128 (default)
2019-11-14 19:59:19,032 [f857cfdd-345c-4de8-889d-b8fdff158faf@group-5C9C84E47F8E-LeaderElection143] INFO  server.RaftServerConfigKeys (ConfUtils.java:logGet(43)) - raft.server.rpc.request.timeout = 3000ms (default)
2019-11-14 19:59:19,032 [f857cfdd-345c-4de8-889d-b8fdff158faf@group-5C9C84E47F8E-LeaderElection143] INFO  server.RaftServerConfigKeys (ConfUtils.java:logGet(43)) - raft.server.log.appender.install.snapshot.enabled = false (custom)
2019-11-14 19:59:19,032 [f857cfdd-345c-4de8-889d-b8fdff158faf@group-5C9C84E47F8E-LeaderElection143] WARN  impl.MetricRegistriesImpl (MetricRegistriesImpl.java:lambda$create$1(61)) - First MetricRegistry has been created without registering reporters. You may need to call MetricRegistries.global().addReportRegistration(...) before.
2019-11-14 19:59:19,032 [f857cfdd-345c-4de8-889d-b8fdff158faf@group-5C9C84E47F8E-LeaderElection143] INFO  server.RaftServerConfigKeys (ConfUtils.java:logGet(43)) - raft.server.log.appender.snapshot.chunk.size.max = 16MB (=16777216) (default)
2019-11-14 19:59:19,032 [f857cfdd-345c-4de8-889d-b8fdff158faf@group-5C9C84E47F8E-LeaderElection143] INFO  server.RaftServerConfigKeys (ConfUtils.java:logGet(43)) - raft.server.log.appender.buffer.byte-limit = 33554432 (custom)
2019-11-14 19:59:19,032 [f857cfdd-345c-4de8-889d-b8fdff158faf@group-5C9C84E47F8E-LeaderElection143] INFO  server.RaftServerConfigKeys (ConfUtils.java:logGet(43)) - raft.server.log.appender.buffer.element-limit = 1 (custom)
2019-11-14 19:59:19,033 [f857cfdd-345c-4de8-889d-b8fdff158faf@group-5C9C84E47F8E-LeaderElection143] INFO  grpc.GrpcConfigKeys$Server (ConfUtils.java:logGet(43)) - raft.grpc.server.leader.outstanding.appends.max = 128 (default)
2019-11-14 19:59:19,033 [f857cfdd-345c-4de8-889d-b8fdff158faf@group-5C9C84E47F8E-LeaderElection143] INFO  server.RaftServerConfigKeys (ConfUtils.java:logGet(43)) - raft.server.rpc.request.timeout = 3000ms (default)
2019-11-14 19:59:19,033 [f857cfdd-345c-4de8-889d-b8fdff158faf@group-5C9C84E47F8E-LeaderElection143] INFO  server.RaftServerConfigKeys (ConfUtils.java:logGet(43)) - raft.server.log.appender.install.snapshot.enabled = false (custom)
2019-11-14 19:59:19,033 [f857cfdd-345c-4de8-889d-b8fdff158faf@group-5C9C84E47F8E-LeaderElection143] INFO  impl.RoleInfo (RoleInfo.java:updateAndGet(143)) - f857cfdd-345c-4de8-889d-b8fdff158faf: start LeaderState
2019-11-14 19:59:19,033 [f857cfdd-345c-4de8-889d-b8fdff158faf@group-5C9C84E47F8E-LeaderElection143] INFO  segmented.SegmentedRaftLogWorker (SegmentedRaftLogWorker.java:startLogSegment(385)) - f857cfdd-345c-4de8-889d-b8fdff158faf@group-5C9C84E47F8E-SegmentedRaftLogWorker: Starting segment from index:0
2019-11-14 19:59:19,034 [f857cfdd-345c-4de8-889d-b8fdff158faf@group-5C9C84E47F8E-LeaderElection143] INFO  impl.RaftServerImpl (ServerState.java:setRaftConf(356)) - f857cfdd-345c-4de8-889d-b8fdff158faf@group-5C9C84E47F8E: set configuration 0: [9e8f1412-9bf1-4810-b3e9-2cd8ebd4b71b:192.168.157.219:38230, f857cfdd-345c-4de8-889d-b8fdff158faf:192.168.157.219:39658, 37fea5d6-1a60-4b82-9570-57888d4e9f46:192.168.157.219:35005], old=null at 0
2019-11-14 19:59:19,061 [11eb2ad5-5554-4104-ae21-9c50fee78495@group-51B898944C9A-LeaderElection144] INFO  impl.LeaderElection (LeaderElection.java:askForVotes(178)) - 11eb2ad5-5554-4104-ae21-9c50fee78495@group-51B898944C9A-LeaderElection144: begin an election at term 1 for -1: [11eb2ad5-5554-4104-ae21-9c50fee78495:192.168.157.219:38209], old=null
2019-11-14 19:59:19,061 [11eb2ad5-5554-4104-ae21-9c50fee78495@group-51B898944C9A-LeaderElection144] INFO  impl.RoleInfo (RoleInfo.java:shutdownLeaderElection(134)) - 11eb2ad5-5554-4104-ae21-9c50fee78495: shutdown LeaderElection
2019-11-14 19:59:19,061 [11eb2ad5-5554-4104-ae21-9c50fee78495@group-51B898944C9A-LeaderElection144] INFO  impl.RaftServerImpl (RaftServerImpl.java:setRole(173)) - 11eb2ad5-5554-4104-ae21-9c50fee78495@group-51B898944C9A: changes role from CANDIDATE to LEADER at term 1 for changeToLeader
2019-11-14 19:59:19,061 [11eb2ad5-5554-4104-ae21-9c50fee78495@group-51B898944C9A-LeaderElection144] INFO  ratis.XceiverServerRatis (XceiverServerRatis.java:handleLeaderChangedNotification(697)) - Leader change notification received for group: group-51B898944C9A with new leaderId: 11eb2ad5-5554-4104-ae21-9c50fee78495
2019-11-14 19:59:19,061 [11eb2ad5-5554-4104-ae21-9c50fee78495@group-51B898944C9A-LeaderElection144] INFO  impl.RaftServerImpl (ServerState.java:setLeader(255)) - 11eb2ad5-5554-4104-ae21-9c50fee78495@group-51B898944C9A: change Leader from null to 11eb2ad5-5554-4104-ae21-9c50fee78495 at term 1 for becomeLeader, leader elected after 1190ms
2019-11-14 19:59:19,061 [Datanode State Machine Thread - 0] INFO  statemachine.DatanodeStateMachine (DatanodeStateMachine.java:lambda$startDaemon$0(355)) - Ozone container server started.
2019-11-14 19:59:19,061 [11eb2ad5-5554-4104-ae21-9c50fee78495@group-51B898944C9A-LeaderElection144] INFO  server.RaftServerConfigKeys (ConfUtils.java:logGet(43)) - raft.server.staging.catchup.gap = 1000 (default)
2019-11-14 19:59:19,062 [11eb2ad5-5554-4104-ae21-9c50fee78495@group-51B898944C9A-LeaderElection144] INFO  server.RaftServerConfigKeys (ConfUtils.java:logGet(43)) - raft.server.rpc.sleep.time = 25ms (default)
2019-11-14 19:59:19,062 [grpc-default-executor-6] INFO  ratis.XceiverServerRatis (XceiverServerRatis.java:handleLeaderChangedNotification(697)) - Leader change notification received for group: group-5C9C84E47F8E with new leaderId: f857cfdd-345c-4de8-889d-b8fdff158faf
2019-11-14 19:59:19,062 [11eb2ad5-5554-4104-ae21-9c50fee78495@group-51B898944C9A-LeaderElection144] INFO  server.RaftServerConfigKeys (ConfUtils.java:logGet(43)) - raft.server.write.element-limit = 4096 (default)
2019-11-14 19:59:19,062 [grpc-default-executor-6] INFO  impl.RaftServerImpl (ServerState.java:setLeader(255)) - 37fea5d6-1a60-4b82-9570-57888d4e9f46@group-5C9C84E47F8E: change Leader from null to f857cfdd-345c-4de8-889d-b8fdff158faf at term 1 for appendEntries, leader elected after 1086ms
2019-11-14 19:59:19,062 [grpc-default-executor-9] INFO  ratis.XceiverServerRatis (XceiverServerRatis.java:handleLeaderChangedNotification(697)) - Leader change notification received for group: group-5C9C84E47F8E with new leaderId: f857cfdd-345c-4de8-889d-b8fdff158faf
2019-11-14 19:59:19,062 [11eb2ad5-5554-4104-ae21-9c50fee78495@group-51B898944C9A-LeaderElection144] INFO  server.RaftServerConfigKeys (ConfUtils.java:logGet(43)) - raft.server.watch.timeout = 10s (default)
2019-11-14 19:59:19,062 [grpc-default-executor-9] INFO  impl.RaftServerImpl (ServerState.java:setLeader(255)) - 9e8f1412-9bf1-4810-b3e9-2cd8ebd4b71b@group-5C9C84E47F8E: change Leader from null to f857cfdd-345c-4de8-889d-b8fdff158faf at term 1 for appendEntries, leader elected after 1086ms
2019-11-14 19:59:19,063 [11eb2ad5-5554-4104-ae21-9c50fee78495@group-51B898944C9A-LeaderElection144] INFO  server.RaftServerConfigKeys (ConfUtils.java:logGet(43)) - raft.server.watch.timeout.denomination = 1s (default)
2019-11-14 19:59:19,063 [11eb2ad5-5554-4104-ae21-9c50fee78495@group-51B898944C9A-LeaderElection144] INFO  server.RaftServerConfigKeys (ConfUtils.java:logGet(43)) - raft.server.watch.element-limit = 65536 (default)
2019-11-14 19:59:19,063 [11eb2ad5-5554-4104-ae21-9c50fee78495@group-51B898944C9A-LeaderElection144] INFO  impl.RoleInfo (RoleInfo.java:updateAndGet(143)) - 11eb2ad5-5554-4104-ae21-9c50fee78495: start LeaderState
2019-11-14 19:59:19,063 [11eb2ad5-5554-4104-ae21-9c50fee78495@group-51B898944C9A-LeaderElection144] INFO  segmented.SegmentedRaftLogWorker (SegmentedRaftLogWorker.java:startLogSegment(385)) - 11eb2ad5-5554-4104-ae21-9c50fee78495@group-51B898944C9A-SegmentedRaftLogWorker: Starting segment from index:0
2019-11-14 19:59:19,063 [11eb2ad5-5554-4104-ae21-9c50fee78495@group-51B898944C9A-LeaderElection144] INFO  impl.RaftServerImpl (ServerState.java:setRaftConf(356)) - 11eb2ad5-5554-4104-ae21-9c50fee78495@group-51B898944C9A: set configuration 0: [11eb2ad5-5554-4104-ae21-9c50fee78495:192.168.157.219:38209], old=null at 0
2019-11-14 19:59:19,064 [grpc-default-executor-9] INFO  impl.RaftServerImpl (ServerState.java:setRaftConf(356)) - 37fea5d6-1a60-4b82-9570-57888d4e9f46@group-5C9C84E47F8E: set configuration 0: [9e8f1412-9bf1-4810-b3e9-2cd8ebd4b71b:192.168.157.219:38230, f857cfdd-345c-4de8-889d-b8fdff158faf:192.168.157.219:39658, 37fea5d6-1a60-4b82-9570-57888d4e9f46:192.168.157.219:35005], old=null at 0
2019-11-14 19:59:19,064 [grpc-default-executor-9] INFO  segmented.SegmentedRaftLogWorker (SegmentedRaftLogWorker.java:startLogSegment(385)) - 37fea5d6-1a60-4b82-9570-57888d4e9f46@group-5C9C84E47F8E-SegmentedRaftLogWorker: Starting segment from index:0
2019-11-14 19:59:19,064 [grpc-default-executor-6] INFO  impl.RaftServerImpl (ServerState.java:setRaftConf(356)) - 9e8f1412-9bf1-4810-b3e9-2cd8ebd4b71b@group-5C9C84E47F8E: set configuration 0: [9e8f1412-9bf1-4810-b3e9-2cd8ebd4b71b:192.168.157.219:38230, f857cfdd-345c-4de8-889d-b8fdff158faf:192.168.157.219:39658, 37fea5d6-1a60-4b82-9570-57888d4e9f46:192.168.157.219:35005], old=null at 0
2019-11-14 19:59:19,064 [grpc-default-executor-6] INFO  segmented.SegmentedRaftLogWorker (SegmentedRaftLogWorker.java:startLogSegment(385)) - 9e8f1412-9bf1-4810-b3e9-2cd8ebd4b71b@group-5C9C84E47F8E-SegmentedRaftLogWorker: Starting segment from index:0
2019-11-14 19:59:19,084 [f857cfdd-345c-4de8-889d-b8fdff158faf@group-5C9C84E47F8E-SegmentedRaftLogWorker] INFO  segmented.SegmentedRaftLogWorker (SegmentedRaftLogWorker.java:execute(576)) - f857cfdd-345c-4de8-889d-b8fdff158faf@group-5C9C84E47F8E-SegmentedRaftLogWorker: created new log segment /workdir/hadoop-ozone/integration-test/target/test-dir/MiniOzoneClusterImpl-df23ed15-4459-4301-a988-82089ad70e13/datanode-2/data/ratis/1c92a1b8-0acd-4a8d-8abf-5c9c84e47f8e/current/log_inprogress_0
2019-11-14 19:59:19,107 [Thread-3648] INFO  impl.FollowerState (FollowerState.java:run(111)) - 37fea5d6-1a60-4b82-9570-57888d4e9f46@group-578C97255FA6-FollowerState: change to CANDIDATE, lastRpcTime:1056ms, electionTimeout:1056ms
2019-11-14 19:59:19,107 [37fea5d6-1a60-4b82-9570-57888d4e9f46@group-5C9C84E47F8E-SegmentedRaftLogWorker] INFO  segmented.SegmentedRaftLogWorker (SegmentedRaftLogWorker.java:execute(576)) - 37fea5d6-1a60-4b82-9570-57888d4e9f46@group-5C9C84E47F8E-SegmentedRaftLogWorker: created new log segment /workdir/hadoop-ozone/integration-test/target/test-dir/MiniOzoneClusterImpl-df23ed15-4459-4301-a988-82089ad70e13/datanode-1/data/ratis/1c92a1b8-0acd-4a8d-8abf-5c9c84e47f8e/current/log_inprogress_0
2019-11-14 19:59:19,107 [11eb2ad5-5554-4104-ae21-9c50fee78495@group-51B898944C9A-SegmentedRaftLogWorker] INFO  segmented.SegmentedRaftLogWorker (SegmentedRaftLogWorker.java:execute(576)) - 11eb2ad5-5554-4104-ae21-9c50fee78495@group-51B898944C9A-SegmentedRaftLogWorker: created new log segment /workdir/hadoop-ozone/integration-test/target/test-dir/MiniOzoneClusterImpl-df23ed15-4459-4301-a988-82089ad70e13/datanode-5/data/ratis/e4799d67-3fb2-45c2-b10e-51b898944c9a/current/log_inprogress_0
2019-11-14 19:59:19,107 [9e8f1412-9bf1-4810-b3e9-2cd8ebd4b71b@group-5C9C84E47F8E-SegmentedRaftLogWorker] INFO  segmented.SegmentedRaftLogWorker (SegmentedRaftLogWorker.java:execute(576)) - 9e8f1412-9bf1-4810-b3e9-2cd8ebd4b71b@group-5C9C84E47F8E-SegmentedRaftLogWorker: created new log segment /workdir/hadoop-ozone/integration-test/target/test-dir/MiniOzoneClusterImpl-df23ed15-4459-4301-a988-82089ad70e13/datanode-4/data/ratis/1c92a1b8-0acd-4a8d-8abf-5c9c84e47f8e/current/log_inprogress_0
2019-11-14 19:59:19,107 [Thread-3648] INFO  impl.RoleInfo (RoleInfo.java:shutdownFollowerState(121)) - 37fea5d6-1a60-4b82-9570-57888d4e9f46: shutdown FollowerState
2019-11-14 19:59:19,108 [Thread-3648] INFO  impl.RaftServerImpl (RaftServerImpl.java:setRole(173)) - 37fea5d6-1a60-4b82-9570-57888d4e9f46@group-578C97255FA6: changes role from  FOLLOWER to CANDIDATE at term 0 for changeToCandidate
2019-11-14 19:59:19,108 [Thread-3648] INFO  impl.RoleInfo (RoleInfo.java:updateAndGet(143)) - 37fea5d6-1a60-4b82-9570-57888d4e9f46: start LeaderElection
2019-11-14 19:59:19,127 [37fea5d6-1a60-4b82-9570-57888d4e9f46@group-578C97255FA6-LeaderElection145] INFO  impl.LeaderElection (LeaderElection.java:askForVotes(178)) - 37fea5d6-1a60-4b82-9570-57888d4e9f46@group-578C97255FA6-LeaderElection145: begin an election at term 1 for -1: [37fea5d6-1a60-4b82-9570-57888d4e9f46:192.168.157.219:35005], old=null
2019-11-14 19:59:19,127 [37fea5d6-1a60-4b82-9570-57888d4e9f46@group-578C97255FA6-LeaderElection145] INFO  impl.RoleInfo (RoleInfo.java:shutdownLeaderElection(134)) - 37fea5d6-1a60-4b82-9570-57888d4e9f46: shutdown LeaderElection
2019-11-14 19:59:19,127 [37fea5d6-1a60-4b82-9570-57888d4e9f46@group-578C97255FA6-LeaderElection145] INFO  impl.RaftServerImpl (RaftServerImpl.java:setRole(173)) - 37fea5d6-1a60-4b82-9570-57888d4e9f46@group-578C97255FA6: changes role from CANDIDATE to LEADER at term 1 for changeToLeader
2019-11-14 19:59:19,127 [37fea5d6-1a60-4b82-9570-57888d4e9f46@group-578C97255FA6-LeaderElection145] INFO  ratis.XceiverServerRatis (XceiverServerRatis.java:handleLeaderChangedNotification(697)) - Leader change notification received for group: group-578C97255FA6 with new leaderId: 37fea5d6-1a60-4b82-9570-57888d4e9f46
2019-11-14 19:59:19,127 [37fea5d6-1a60-4b82-9570-57888d4e9f46@group-578C97255FA6-LeaderElection145] INFO  impl.RaftServerImpl (ServerState.java:setLeader(255)) - 37fea5d6-1a60-4b82-9570-57888d4e9f46@group-578C97255FA6: change Leader from null to 37fea5d6-1a60-4b82-9570-57888d4e9f46 at term 1 for becomeLeader, leader elected after 1078ms
2019-11-14 19:59:19,127 [37fea5d6-1a60-4b82-9570-57888d4e9f46@group-578C97255FA6-LeaderElection145] INFO  server.RaftServerConfigKeys (ConfUtils.java:logGet(43)) - raft.server.staging.catchup.gap = 1000 (default)
2019-11-14 19:59:19,127 [37fea5d6-1a60-4b82-9570-57888d4e9f46@group-578C97255FA6-LeaderElection145] INFO  server.RaftServerConfigKeys (ConfUtils.java:logGet(43)) - raft.server.rpc.sleep.time = 25ms (default)
2019-11-14 19:59:19,128 [37fea5d6-1a60-4b82-9570-57888d4e9f46@group-578C97255FA6-LeaderElection145] INFO  server.RaftServerConfigKeys (ConfUtils.java:logGet(43)) - raft.server.write.element-limit = 4096 (default)
2019-11-14 19:59:19,128 [37fea5d6-1a60-4b82-9570-57888d4e9f46@group-578C97255FA6-LeaderElection145] INFO  server.RaftServerConfigKeys (ConfUtils.java:logGet(43)) - raft.server.watch.timeout = 10s (default)
2019-11-14 19:59:19,128 [EventQueue-PipelineReportForPipelineReportHandler] INFO  pipeline.PipelineStateManager (PipelineStateManager.java:openPipeline(134)) - Pipeline Pipeline[ Id: 64f9b8e0-1909-4fd0-b8f9-578c97255fa6, Nodes: 37fea5d6-1a60-4b82-9570-57888d4e9f46{ip: 192.168.157.219, host: pr-hdds-2489-n52xc-1246314526, networkLocation: /rack1, certSerialId: null}, Type:RATIS, Factor:ONE, State:OPEN] moved to OPEN state
2019-11-14 19:59:19,128 [37fea5d6-1a60-4b82-9570-57888d4e9f46@group-578C97255FA6-LeaderElection145] INFO  server.RaftServerConfigKeys (ConfUtils.java:logGet(43)) - raft.server.watch.timeout.denomination = 1s (default)
2019-11-14 19:59:19,128 [37fea5d6-1a60-4b82-9570-57888d4e9f46@group-578C97255FA6-LeaderElection145] INFO  server.RaftServerConfigKeys (ConfUtils.java:logGet(43)) - raft.server.watch.element-limit = 65536 (default)
2019-11-14 19:59:19,128 [37fea5d6-1a60-4b82-9570-57888d4e9f46@group-578C97255FA6-LeaderElection145] INFO  impl.RoleInfo (RoleInfo.java:updateAndGet(143)) - 37fea5d6-1a60-4b82-9570-57888d4e9f46: start LeaderState
2019-11-14 19:59:19,128 [37fea5d6-1a60-4b82-9570-57888d4e9f46@group-578C97255FA6-LeaderElection145] INFO  segmented.SegmentedRaftLogWorker (SegmentedRaftLogWorker.java:startLogSegment(385)) - 37fea5d6-1a60-4b82-9570-57888d4e9f46@group-578C97255FA6-SegmentedRaftLogWorker: Starting segment from index:0
2019-11-14 19:59:19,129 [37fea5d6-1a60-4b82-9570-57888d4e9f46@group-578C97255FA6-LeaderElection145] INFO  impl.RaftServerImpl (ServerState.java:setRaftConf(356)) - 37fea5d6-1a60-4b82-9570-57888d4e9f46@group-578C97255FA6: set configuration 0: [37fea5d6-1a60-4b82-9570-57888d4e9f46:192.168.157.219:35005], old=null at 0
2019-11-14 19:59:19,172 [37fea5d6-1a60-4b82-9570-57888d4e9f46@group-578C97255FA6-SegmentedRaftLogWorker] INFO  segmented.SegmentedRaftLogWorker (SegmentedRaftLogWorker.java:execute(576)) - 37fea5d6-1a60-4b82-9570-57888d4e9f46@group-578C97255FA6-SegmentedRaftLogWorker: created new log segment /workdir/hadoop-ozone/integration-test/target/test-dir/MiniOzoneClusterImpl-df23ed15-4459-4301-a988-82089ad70e13/datanode-1/data/ratis/64f9b8e0-1909-4fd0-b8f9-578c97255fa6/current/log_inprogress_0
2019-11-14 19:59:19,248 [Thread-3652] INFO  impl.FollowerState (FollowerState.java:run(111)) - f857cfdd-345c-4de8-889d-b8fdff158faf@group-97566EF15AF0-FollowerState: change to CANDIDATE, lastRpcTime:1121ms, electionTimeout:1121ms
2019-11-14 19:59:19,249 [Thread-3652] INFO  impl.RoleInfo (RoleInfo.java:shutdownFollowerState(121)) - f857cfdd-345c-4de8-889d-b8fdff158faf: shutdown FollowerState
2019-11-14 19:59:19,249 [Thread-3652] INFO  impl.RaftServerImpl (RaftServerImpl.java:setRole(173)) - f857cfdd-345c-4de8-889d-b8fdff158faf@group-97566EF15AF0: changes role from  FOLLOWER to CANDIDATE at term 0 for changeToCandidate
2019-11-14 19:59:19,249 [Thread-3652] INFO  impl.RoleInfo (RoleInfo.java:updateAndGet(143)) - f857cfdd-345c-4de8-889d-b8fdff158faf: start LeaderElection
2019-11-14 19:59:19,273 [f857cfdd-345c-4de8-889d-b8fdff158faf@group-97566EF15AF0-LeaderElection146] INFO  impl.LeaderElection (LeaderElection.java:askForVotes(178)) - f857cfdd-345c-4de8-889d-b8fdff158faf@group-97566EF15AF0-LeaderElection146: begin an election at term 1 for -1: [f857cfdd-345c-4de8-889d-b8fdff158faf:192.168.157.219:39658], old=null
2019-11-14 19:59:19,273 [f857cfdd-345c-4de8-889d-b8fdff158faf@group-97566EF15AF0-LeaderElection146] INFO  impl.RoleInfo (RoleInfo.java:shutdownLeaderElection(134)) - f857cfdd-345c-4de8-889d-b8fdff158faf: shutdown LeaderElection
2019-11-14 19:59:19,273 [f857cfdd-345c-4de8-889d-b8fdff158faf@group-97566EF15AF0-LeaderElection146] INFO  impl.RaftServerImpl (RaftServerImpl.java:setRole(173)) - f857cfdd-345c-4de8-889d-b8fdff158faf@group-97566EF15AF0: changes role from CANDIDATE to LEADER at term 1 for changeToLeader
2019-11-14 19:59:19,273 [f857cfdd-345c-4de8-889d-b8fdff158faf@group-97566EF15AF0-LeaderElection146] INFO  ratis.XceiverServerRatis (XceiverServerRatis.java:handleLeaderChangedNotification(697)) - Leader change notification received for group: group-97566EF15AF0 with new leaderId: f857cfdd-345c-4de8-889d-b8fdff158faf
2019-11-14 19:59:19,273 [f857cfdd-345c-4de8-889d-b8fdff158faf@group-97566EF15AF0-LeaderElection146] INFO  impl.RaftServerImpl (ServerState.java:setLeader(255)) - f857cfdd-345c-4de8-889d-b8fdff158faf@group-97566EF15AF0: change Leader from null to f857cfdd-345c-4de8-889d-b8fdff158faf at term 1 for becomeLeader, leader elected after 1149ms
2019-11-14 19:59:19,273 [f857cfdd-345c-4de8-889d-b8fdff158faf@group-97566EF15AF0-LeaderElection146] INFO  server.RaftServerConfigKeys (ConfUtils.java:logGet(43)) - raft.server.staging.catchup.gap = 1000 (default)
2019-11-14 19:59:19,274 [f857cfdd-345c-4de8-889d-b8fdff158faf@group-97566EF15AF0-LeaderElection146] INFO  server.RaftServerConfigKeys (ConfUtils.java:logGet(43)) - raft.server.rpc.sleep.time = 25ms (default)
2019-11-14 19:59:19,274 [f857cfdd-345c-4de8-889d-b8fdff158faf@group-97566EF15AF0-LeaderElection146] INFO  server.RaftServerConfigKeys (ConfUtils.java:logGet(43)) - raft.server.write.element-limit = 4096 (default)
2019-11-14 19:59:19,274 [f857cfdd-345c-4de8-889d-b8fdff158faf@group-97566EF15AF0-LeaderElection146] INFO  server.RaftServerConfigKeys (ConfUtils.java:logGet(43)) - raft.server.watch.timeout = 10s (default)
2019-11-14 19:59:19,274 [f857cfdd-345c-4de8-889d-b8fdff158faf@group-97566EF15AF0-LeaderElection146] INFO  server.RaftServerConfigKeys (ConfUtils.java:logGet(43)) - raft.server.watch.timeout.denomination = 1s (default)
2019-11-14 19:59:19,274 [f857cfdd-345c-4de8-889d-b8fdff158faf@group-97566EF15AF0-LeaderElection146] INFO  server.RaftServerConfigKeys (ConfUtils.java:logGet(43)) - raft.server.watch.element-limit = 65536 (default)
2019-11-14 19:59:19,274 [f857cfdd-345c-4de8-889d-b8fdff158faf@group-97566EF15AF0-LeaderElection146] INFO  impl.RoleInfo (RoleInfo.java:updateAndGet(143)) - f857cfdd-345c-4de8-889d-b8fdff158faf: start LeaderState
2019-11-14 19:59:19,274 [f857cfdd-345c-4de8-889d-b8fdff158faf@group-97566EF15AF0-LeaderElection146] INFO  segmented.SegmentedRaftLogWorker (SegmentedRaftLogWorker.java:startLogSegment(385)) - f857cfdd-345c-4de8-889d-b8fdff158faf@group-97566EF15AF0-SegmentedRaftLogWorker: Starting segment from index:0
2019-11-14 19:59:19,275 [f857cfdd-345c-4de8-889d-b8fdff158faf@group-97566EF15AF0-LeaderElection146] INFO  impl.RaftServerImpl (ServerState.java:setRaftConf(356)) - f857cfdd-345c-4de8-889d-b8fdff158faf@group-97566EF15AF0: set configuration 0: [f857cfdd-345c-4de8-889d-b8fdff158faf:192.168.157.219:39658], old=null at 0
2019-11-14 19:59:19,303 [Thread-3656] INFO  impl.FollowerState (FollowerState.java:run(111)) - 60fc2306-005b-4da9-bff6-f0a04ff2f155@group-9F53A7862BC8-FollowerState: change to CANDIDATE, lastRpcTime:1105ms, electionTimeout:1105ms
2019-11-14 19:59:19,303 [Thread-3656] INFO  impl.RoleInfo (RoleInfo.java:shutdownFollowerState(121)) - 60fc2306-005b-4da9-bff6-f0a04ff2f155: shutdown FollowerState
2019-11-14 19:59:19,304 [Thread-3656] INFO  impl.RaftServerImpl (RaftServerImpl.java:setRole(173)) - 60fc2306-005b-4da9-bff6-f0a04ff2f155@group-9F53A7862BC8: changes role from  FOLLOWER to CANDIDATE at term 0 for changeToCandidate
2019-11-14 19:59:19,304 [Thread-3656] INFO  impl.RoleInfo (RoleInfo.java:updateAndGet(143)) - 60fc2306-005b-4da9-bff6-f0a04ff2f155: start LeaderElection
2019-11-14 19:59:19,324 [f857cfdd-345c-4de8-889d-b8fdff158faf@group-97566EF15AF0-SegmentedRaftLogWorker] INFO  segmented.SegmentedRaftLogWorker (SegmentedRaftLogWorker.java:execute(576)) - f857cfdd-345c-4de8-889d-b8fdff158faf@group-97566EF15AF0-SegmentedRaftLogWorker: created new log segment /workdir/hadoop-ozone/integration-test/target/test-dir/MiniOzoneClusterImpl-df23ed15-4459-4301-a988-82089ad70e13/datanode-2/data/ratis/0f1567a8-6243-47f7-8e17-97566ef15af0/current/log_inprogress_0
2019-11-14 19:59:19,324 [60fc2306-005b-4da9-bff6-f0a04ff2f155@group-9F53A7862BC8-LeaderElection147] INFO  impl.LeaderElection (LeaderElection.java:askForVotes(178)) - 60fc2306-005b-4da9-bff6-f0a04ff2f155@group-9F53A7862BC8-LeaderElection147: begin an election at term 1 for -1: [60fc2306-005b-4da9-bff6-f0a04ff2f155:192.168.157.219:33304], old=null
2019-11-14 19:59:19,325 [60fc2306-005b-4da9-bff6-f0a04ff2f155@group-9F53A7862BC8-LeaderElection147] INFO  impl.RoleInfo (RoleInfo.java:shutdownLeaderElection(134)) - 60fc2306-005b-4da9-bff6-f0a04ff2f155: shutdown LeaderElection
2019-11-14 19:59:19,325 [60fc2306-005b-4da9-bff6-f0a04ff2f155@group-9F53A7862BC8-LeaderElection147] INFO  impl.RaftServerImpl (RaftServerImpl.java:setRole(173)) - 60fc2306-005b-4da9-bff6-f0a04ff2f155@group-9F53A7862BC8: changes role from CANDIDATE to LEADER at term 1 for changeToLeader
2019-11-14 19:59:19,325 [60fc2306-005b-4da9-bff6-f0a04ff2f155@group-9F53A7862BC8-LeaderElection147] INFO  ratis.XceiverServerRatis (XceiverServerRatis.java:handleLeaderChangedNotification(697)) - Leader change notification received for group: group-9F53A7862BC8 with new leaderId: 60fc2306-005b-4da9-bff6-f0a04ff2f155
2019-11-14 19:59:19,325 [60fc2306-005b-4da9-bff6-f0a04ff2f155@group-9F53A7862BC8-LeaderElection147] INFO  impl.RaftServerImpl (ServerState.java:setLeader(255)) - 60fc2306-005b-4da9-bff6-f0a04ff2f155@group-9F53A7862BC8: change Leader from null to 60fc2306-005b-4da9-bff6-f0a04ff2f155 at term 1 for becomeLeader, leader elected after 1130ms
2019-11-14 19:59:19,325 [60fc2306-005b-4da9-bff6-f0a04ff2f155@group-9F53A7862BC8-LeaderElection147] INFO  server.RaftServerConfigKeys (ConfUtils.java:logGet(43)) - raft.server.staging.catchup.gap = 1000 (default)
2019-11-14 19:59:19,325 [60fc2306-005b-4da9-bff6-f0a04ff2f155@group-9F53A7862BC8-LeaderElection147] INFO  server.RaftServerConfigKeys (ConfUtils.java:logGet(43)) - raft.server.rpc.sleep.time = 25ms (default)
2019-11-14 19:59:19,326 [60fc2306-005b-4da9-bff6-f0a04ff2f155@group-9F53A7862BC8-LeaderElection147] INFO  server.RaftServerConfigKeys (ConfUtils.java:logGet(43)) - raft.server.write.element-limit = 4096 (default)
2019-11-14 19:59:19,326 [60fc2306-005b-4da9-bff6-f0a04ff2f155@group-9F53A7862BC8-LeaderElection147] INFO  server.RaftServerConfigKeys (ConfUtils.java:logGet(43)) - raft.server.watch.timeout = 10s (default)
2019-11-14 19:59:19,326 [60fc2306-005b-4da9-bff6-f0a04ff2f155@group-9F53A7862BC8-LeaderElection147] INFO  server.RaftServerConfigKeys (ConfUtils.java:logGet(43)) - raft.server.watch.timeout.denomination = 1s (default)
2019-11-14 19:59:19,326 [EventQueue-PipelineReportForPipelineReportHandler] INFO  pipeline.PipelineStateManager (PipelineStateManager.java:openPipeline(134)) - Pipeline Pipeline[ Id: 4f4bea60-86be-46c9-8294-9f53a7862bc8, Nodes: 60fc2306-005b-4da9-bff6-f0a04ff2f155{ip: 192.168.157.219, host: pr-hdds-2489-n52xc-1246314526, networkLocation: /rack1, certSerialId: null}, Type:RATIS, Factor:ONE, State:OPEN] moved to OPEN state
2019-11-14 19:59:19,326 [60fc2306-005b-4da9-bff6-f0a04ff2f155@group-9F53A7862BC8-LeaderElection147] INFO  server.RaftServerConfigKeys (ConfUtils.java:logGet(43)) - raft.server.watch.element-limit = 65536 (default)
2019-11-14 19:59:19,326 [60fc2306-005b-4da9-bff6-f0a04ff2f155@group-9F53A7862BC8-LeaderElection147] INFO  impl.RoleInfo (RoleInfo.java:updateAndGet(143)) - 60fc2306-005b-4da9-bff6-f0a04ff2f155: start LeaderState
2019-11-14 19:59:19,327 [60fc2306-005b-4da9-bff6-f0a04ff2f155@group-9F53A7862BC8-LeaderElection147] INFO  segmented.SegmentedRaftLogWorker (SegmentedRaftLogWorker.java:startLogSegment(385)) - 60fc2306-005b-4da9-bff6-f0a04ff2f155@group-9F53A7862BC8-SegmentedRaftLogWorker: Starting segment from index:0
2019-11-14 19:59:19,329 [60fc2306-005b-4da9-bff6-f0a04ff2f155@group-9F53A7862BC8-LeaderElection147] INFO  impl.RaftServerImpl (ServerState.java:setRaftConf(356)) - 60fc2306-005b-4da9-bff6-f0a04ff2f155@group-9F53A7862BC8: set configuration 0: [60fc2306-005b-4da9-bff6-f0a04ff2f155:192.168.157.219:33304], old=null at 0
2019-11-14 19:59:19,373 [60fc2306-005b-4da9-bff6-f0a04ff2f155@group-9F53A7862BC8-SegmentedRaftLogWorker] INFO  segmented.SegmentedRaftLogWorker (SegmentedRaftLogWorker.java:execute(576)) - 60fc2306-005b-4da9-bff6-f0a04ff2f155@group-9F53A7862BC8-SegmentedRaftLogWorker: created new log segment /workdir/hadoop-ozone/integration-test/target/test-dir/MiniOzoneClusterImpl-df23ed15-4459-4301-a988-82089ad70e13/datanode-9/data/ratis/4f4bea60-86be-46c9-8294-9f53a7862bc8/current/log_inprogress_0
2019-11-14 19:59:19,646 [Thread-3671] INFO  impl.FollowerState (FollowerState.java:run(111)) - 60fc2306-005b-4da9-bff6-f0a04ff2f155@group-53319FA87FBA-FollowerState: change to CANDIDATE, lastRpcTime:1098ms, electionTimeout:1098ms
2019-11-14 19:59:19,646 [Thread-3671] INFO  impl.RoleInfo (RoleInfo.java:shutdownFollowerState(121)) - 60fc2306-005b-4da9-bff6-f0a04ff2f155: shutdown FollowerState
2019-11-14 19:59:19,646 [Thread-3671] INFO  impl.RaftServerImpl (RaftServerImpl.java:setRole(173)) - 60fc2306-005b-4da9-bff6-f0a04ff2f155@group-53319FA87FBA: changes role from  FOLLOWER to CANDIDATE at term 0 for changeToCandidate
2019-11-14 19:59:19,646 [Thread-3671] INFO  impl.RoleInfo (RoleInfo.java:updateAndGet(143)) - 60fc2306-005b-4da9-bff6-f0a04ff2f155: start LeaderElection
2019-11-14 19:59:19,678 [60fc2306-005b-4da9-bff6-f0a04ff2f155@group-53319FA87FBA-LeaderElection148] INFO  impl.LeaderElection (LeaderElection.java:askForVotes(178)) - 60fc2306-005b-4da9-bff6-f0a04ff2f155@group-53319FA87FBA-LeaderElection148: begin an election at term 1 for -1: [60fc2306-005b-4da9-bff6-f0a04ff2f155:192.168.157.219:33304, 909799b4-01f9-4409-9e01-df516dc8a9f9:192.168.157.219:34722, e8061cfc-e634-4005-9186-8f9a3cdc71ed:192.168.157.219:37108], old=null
2019-11-14 19:59:19,681 [grpc-default-executor-9] INFO  impl.RaftServerImpl (RaftServerImpl.java:setRole(173)) - e8061cfc-e634-4005-9186-8f9a3cdc71ed@group-53319FA87FBA: changes role from  FOLLOWER to FOLLOWER at term 1 for recognizeCandidate:60fc2306-005b-4da9-bff6-f0a04ff2f155
2019-11-14 19:59:19,681 [grpc-default-executor-6] INFO  impl.RaftServerImpl (RaftServerImpl.java:setRole(173)) - 909799b4-01f9-4409-9e01-df516dc8a9f9@group-53319FA87FBA: changes role from  FOLLOWER to FOLLOWER at term 1 for recognizeCandidate:60fc2306-005b-4da9-bff6-f0a04ff2f155
2019-11-14 19:59:19,681 [grpc-default-executor-9] INFO  impl.RoleInfo (RoleInfo.java:shutdownFollowerState(121)) - e8061cfc-e634-4005-9186-8f9a3cdc71ed: shutdown FollowerState
2019-11-14 19:59:19,681 [grpc-default-executor-6] INFO  impl.RoleInfo (RoleInfo.java:shutdownFollowerState(121)) - 909799b4-01f9-4409-9e01-df516dc8a9f9: shutdown FollowerState
2019-11-14 19:59:19,681 [Thread-3667] INFO  impl.FollowerState (FollowerState.java:run(120)) - e8061cfc-e634-4005-9186-8f9a3cdc71ed@group-53319FA87FBA-FollowerState was interrupted: java.lang.InterruptedException: sleep interrupted
2019-11-14 19:59:19,681 [grpc-default-executor-9] INFO  impl.RoleInfo (RoleInfo.java:updateAndGet(143)) - e8061cfc-e634-4005-9186-8f9a3cdc71ed: start FollowerState
2019-11-14 19:59:19,681 [grpc-default-executor-6] INFO  impl.RoleInfo (RoleInfo.java:updateAndGet(143)) - 909799b4-01f9-4409-9e01-df516dc8a9f9: start FollowerState
2019-11-14 19:59:19,681 [Thread-3672] INFO  impl.FollowerState (FollowerState.java:run(120)) - 909799b4-01f9-4409-9e01-df516dc8a9f9@group-53319FA87FBA-FollowerState was interrupted: java.lang.InterruptedException: sleep interrupted
2019-11-14 19:59:19,704 [60fc2306-005b-4da9-bff6-f0a04ff2f155@group-53319FA87FBA-LeaderElection148] INFO  impl.LeaderElection (LeaderElection.java:logAndReturn(56)) - 60fc2306-005b-4da9-bff6-f0a04ff2f155@group-53319FA87FBA-LeaderElection148: Election PASSED; received 1 response(s) [60fc2306-005b-4da9-bff6-f0a04ff2f155<-e8061cfc-e634-4005-9186-8f9a3cdc71ed#0:OK-t1] and 0 exception(s); 60fc2306-005b-4da9-bff6-f0a04ff2f155@group-53319FA87FBA:t1, leader=null, voted=60fc2306-005b-4da9-bff6-f0a04ff2f155, raftlog=60fc2306-005b-4da9-bff6-f0a04ff2f155@group-53319FA87FBA-SegmentedRaftLog:OPENED:c-1,f-1,i0, conf=-1: [60fc2306-005b-4da9-bff6-f0a04ff2f155:192.168.157.219:33304, 909799b4-01f9-4409-9e01-df516dc8a9f9:192.168.157.219:34722, e8061cfc-e634-4005-9186-8f9a3cdc71ed:192.168.157.219:37108], old=null
2019-11-14 19:59:19,704 [60fc2306-005b-4da9-bff6-f0a04ff2f155@group-53319FA87FBA-LeaderElection148] INFO  impl.RoleInfo (RoleInfo.java:shutdownLeaderElection(134)) - 60fc2306-005b-4da9-bff6-f0a04ff2f155: shutdown LeaderElection
2019-11-14 19:59:19,704 [60fc2306-005b-4da9-bff6-f0a04ff2f155@group-53319FA87FBA-LeaderElection148] INFO  impl.RaftServerImpl (RaftServerImpl.java:setRole(173)) - 60fc2306-005b-4da9-bff6-f0a04ff2f155@group-53319FA87FBA: changes role from CANDIDATE to LEADER at term 1 for changeToLeader
2019-11-14 19:59:19,704 [60fc2306-005b-4da9-bff6-f0a04ff2f155@group-53319FA87FBA-LeaderElection148] INFO  ratis.XceiverServerRatis (XceiverServerRatis.java:handleLeaderChangedNotification(697)) - Leader change notification received for group: group-53319FA87FBA with new leaderId: 60fc2306-005b-4da9-bff6-f0a04ff2f155
2019-11-14 19:59:19,704 [60fc2306-005b-4da9-bff6-f0a04ff2f155@group-53319FA87FBA-LeaderElection148] INFO  impl.RaftServerImpl (ServerState.java:setLeader(255)) - 60fc2306-005b-4da9-bff6-f0a04ff2f155@group-53319FA87FBA: change Leader from null to 60fc2306-005b-4da9-bff6-f0a04ff2f155 at term 1 for becomeLeader, leader elected after 1165ms
2019-11-14 19:59:19,705 [60fc2306-005b-4da9-bff6-f0a04ff2f155@group-53319FA87FBA-LeaderElection148] INFO  server.RaftServerConfigKeys (ConfUtils.java:logGet(43)) - raft.server.staging.catchup.gap = 1000 (default)
2019-11-14 19:59:19,705 [60fc2306-005b-4da9-bff6-f0a04ff2f155@group-53319FA87FBA-LeaderElection148] INFO  server.RaftServerConfigKeys (ConfUtils.java:logGet(43)) - raft.server.rpc.sleep.time = 25ms (default)
2019-11-14 19:59:19,705 [60fc2306-005b-4da9-bff6-f0a04ff2f155@group-53319FA87FBA-LeaderElection148] INFO  server.RaftServerConfigKeys (ConfUtils.java:logGet(43)) - raft.server.write.element-limit = 4096 (default)
2019-11-14 19:59:19,705 [60fc2306-005b-4da9-bff6-f0a04ff2f155@group-53319FA87FBA-LeaderElection148] INFO  server.RaftServerConfigKeys (ConfUtils.java:logGet(43)) - raft.server.watch.timeout = 10s (default)
2019-11-14 19:59:19,705 [60fc2306-005b-4da9-bff6-f0a04ff2f155@group-53319FA87FBA-LeaderElection148] INFO  server.RaftServerConfigKeys (ConfUtils.java:logGet(43)) - raft.server.watch.timeout.denomination = 1s (default)
2019-11-14 19:59:19,705 [60fc2306-005b-4da9-bff6-f0a04ff2f155@group-53319FA87FBA-LeaderElection148] INFO  server.RaftServerConfigKeys (ConfUtils.java:logGet(43)) - raft.server.watch.element-limit = 65536 (default)
2019-11-14 19:59:19,705 [60fc2306-005b-4da9-bff6-f0a04ff2f155@group-53319FA87FBA-LeaderElection148] INFO  server.RaftServerConfigKeys (ConfUtils.java:logGet(43)) - raft.server.log.appender.snapshot.chunk.size.max = 16MB (=16777216) (default)
2019-11-14 19:59:19,705 [EventQueue-PipelineReportForPipelineReportHandler] INFO  pipeline.PipelineStateManager (PipelineStateManager.java:openPipeline(134)) - Pipeline Pipeline[ Id: 54723583-2cb5-4fc0-b8d2-53319fa87fba, Nodes: 909799b4-01f9-4409-9e01-df516dc8a9f9{ip: 192.168.157.219, host: pr-hdds-2489-n52xc-1246314526, networkLocation: /rack1, certSerialId: null}e8061cfc-e634-4005-9186-8f9a3cdc71ed{ip: 192.168.157.219, host: pr-hdds-2489-n52xc-1246314526, networkLocation: /rack1, certSerialId: null}60fc2306-005b-4da9-bff6-f0a04ff2f155{ip: 192.168.157.219, host: pr-hdds-2489-n52xc-1246314526, networkLocation: /rack1, certSerialId: null}, Type:RATIS, Factor:THREE, State:OPEN] moved to OPEN state
2019-11-14 19:59:19,705 [60fc2306-005b-4da9-bff6-f0a04ff2f155@group-53319FA87FBA-LeaderElection148] INFO  server.RaftServerConfigKeys (ConfUtils.java:logGet(43)) - raft.server.log.appender.buffer.byte-limit = 33554432 (custom)
2019-11-14 19:59:19,705 [60fc2306-005b-4da9-bff6-f0a04ff2f155@group-53319FA87FBA-LeaderElection148] INFO  server.RaftServerConfigKeys (ConfUtils.java:logGet(43)) - raft.server.log.appender.buffer.element-limit = 1 (custom)
2019-11-14 19:59:19,706 [60fc2306-005b-4da9-bff6-f0a04ff2f155@group-53319FA87FBA-LeaderElection148] INFO  grpc.GrpcConfigKeys$Server (ConfUtils.java:logGet(43)) - raft.grpc.server.leader.outstanding.appends.max = 128 (default)
2019-11-14 19:59:19,706 [60fc2306-005b-4da9-bff6-f0a04ff2f155@group-53319FA87FBA-LeaderElection148] INFO  server.RaftServerConfigKeys (ConfUtils.java:logGet(43)) - raft.server.rpc.request.timeout = 3000ms (default)
2019-11-14 19:59:19,706 [60fc2306-005b-4da9-bff6-f0a04ff2f155@group-53319FA87FBA-LeaderElection148] INFO  server.RaftServerConfigKeys (ConfUtils.java:logGet(43)) - raft.server.log.appender.install.snapshot.enabled = false (custom)
2019-11-14 19:59:19,706 [60fc2306-005b-4da9-bff6-f0a04ff2f155@group-53319FA87FBA-LeaderElection148] WARN  impl.MetricRegistriesImpl (MetricRegistriesImpl.java:lambda$create$1(61)) - First MetricRegistry has been created without registering reporters. You may need to call MetricRegistries.global().addReportRegistration(...) before.
2019-11-14 19:59:19,706 [60fc2306-005b-4da9-bff6-f0a04ff2f155@group-53319FA87FBA-LeaderElection148] INFO  server.RaftServerConfigKeys (ConfUtils.java:logGet(43)) - raft.server.log.appender.snapshot.chunk.size.max = 16MB (=16777216) (default)
2019-11-14 19:59:19,706 [60fc2306-005b-4da9-bff6-f0a04ff2f155@group-53319FA87FBA-LeaderElection148] INFO  server.RaftServerConfigKeys (ConfUtils.java:logGet(43)) - raft.server.log.appender.buffer.byte-limit = 33554432 (custom)
2019-11-14 19:59:19,706 [60fc2306-005b-4da9-bff6-f0a04ff2f155@group-53319FA87FBA-LeaderElection148] INFO  server.RaftServerConfigKeys (ConfUtils.java:logGet(43)) - raft.server.log.appender.buffer.element-limit = 1 (custom)
2019-11-14 19:59:19,706 [60fc2306-005b-4da9-bff6-f0a04ff2f155@group-53319FA87FBA-LeaderElection148] INFO  grpc.GrpcConfigKeys$Server (ConfUtils.java:logGet(43)) - raft.grpc.server.leader.outstanding.appends.max = 128 (default)
2019-11-14 19:59:19,706 [60fc2306-005b-4da9-bff6-f0a04ff2f155@group-53319FA87FBA-LeaderElection148] INFO  server.RaftServerConfigKeys (ConfUtils.java:logGet(43)) - raft.server.rpc.request.timeout = 3000ms (default)
2019-11-14 19:59:19,706 [60fc2306-005b-4da9-bff6-f0a04ff2f155@group-53319FA87FBA-LeaderElection148] INFO  server.RaftServerConfigKeys (ConfUtils.java:logGet(43)) - raft.server.log.appender.install.snapshot.enabled = false (custom)
2019-11-14 19:59:19,707 [60fc2306-005b-4da9-bff6-f0a04ff2f155@group-53319FA87FBA-LeaderElection148] INFO  impl.RoleInfo (RoleInfo.java:updateAndGet(143)) - 60fc2306-005b-4da9-bff6-f0a04ff2f155: start LeaderState
2019-11-14 19:59:19,707 [60fc2306-005b-4da9-bff6-f0a04ff2f155@group-53319FA87FBA-LeaderElection148] INFO  segmented.SegmentedRaftLogWorker (SegmentedRaftLogWorker.java:startLogSegment(385)) - 60fc2306-005b-4da9-bff6-f0a04ff2f155@group-53319FA87FBA-SegmentedRaftLogWorker: Starting segment from index:0
2019-11-14 19:59:19,707 [60fc2306-005b-4da9-bff6-f0a04ff2f155@group-53319FA87FBA-LeaderElection148] INFO  impl.RaftServerImpl (ServerState.java:setRaftConf(356)) - 60fc2306-005b-4da9-bff6-f0a04ff2f155@group-53319FA87FBA: set configuration 0: [60fc2306-005b-4da9-bff6-f0a04ff2f155:192.168.157.219:33304, 909799b4-01f9-4409-9e01-df516dc8a9f9:192.168.157.219:34722, e8061cfc-e634-4005-9186-8f9a3cdc71ed:192.168.157.219:37108], old=null at 0
2019-11-14 19:59:19,732 [grpc-default-executor-9] INFO  ratis.XceiverServerRatis (XceiverServerRatis.java:handleLeaderChangedNotification(697)) - Leader change notification received for group: group-53319FA87FBA with new leaderId: 60fc2306-005b-4da9-bff6-f0a04ff2f155
2019-11-14 19:59:19,732 [grpc-default-executor-6] INFO  ratis.XceiverServerRatis (XceiverServerRatis.java:handleLeaderChangedNotification(697)) - Leader change notification received for group: group-53319FA87FBA with new leaderId: 60fc2306-005b-4da9-bff6-f0a04ff2f155
2019-11-14 19:59:19,733 [grpc-default-executor-9] INFO  impl.RaftServerImpl (ServerState.java:setLeader(255)) - 909799b4-01f9-4409-9e01-df516dc8a9f9@group-53319FA87FBA: change Leader from null to 60fc2306-005b-4da9-bff6-f0a04ff2f155 at term 1 for appendEntries, leader elected after 1193ms
2019-11-14 19:59:19,733 [grpc-default-executor-6] INFO  impl.RaftServerImpl (ServerState.java:setLeader(255)) - e8061cfc-e634-4005-9186-8f9a3cdc71ed@group-53319FA87FBA: change Leader from null to 60fc2306-005b-4da9-bff6-f0a04ff2f155 at term 1 for appendEntries, leader elected after 1193ms
2019-11-14 19:59:19,734 [grpc-default-executor-6] INFO  impl.RaftServerImpl (ServerState.java:setRaftConf(356)) - 909799b4-01f9-4409-9e01-df516dc8a9f9@group-53319FA87FBA: set configuration 0: [60fc2306-005b-4da9-bff6-f0a04ff2f155:192.168.157.219:33304, 909799b4-01f9-4409-9e01-df516dc8a9f9:192.168.157.219:34722, e8061cfc-e634-4005-9186-8f9a3cdc71ed:192.168.157.219:37108], old=null at 0
2019-11-14 19:59:19,734 [grpc-default-executor-6] INFO  segmented.SegmentedRaftLogWorker (SegmentedRaftLogWorker.java:startLogSegment(385)) - 909799b4-01f9-4409-9e01-df516dc8a9f9@group-53319FA87FBA-SegmentedRaftLogWorker: Starting segment from index:0
2019-11-14 19:59:19,735 [grpc-default-executor-6] INFO  impl.RaftServerImpl (ServerState.java:setRaftConf(356)) - e8061cfc-e634-4005-9186-8f9a3cdc71ed@group-53319FA87FBA: set configuration 0: [60fc2306-005b-4da9-bff6-f0a04ff2f155:192.168.157.219:33304, 909799b4-01f9-4409-9e01-df516dc8a9f9:192.168.157.219:34722, e8061cfc-e634-4005-9186-8f9a3cdc71ed:192.168.157.219:37108], old=null at 0
2019-11-14 19:59:19,735 [grpc-default-executor-6] INFO  segmented.SegmentedRaftLogWorker (SegmentedRaftLogWorker.java:startLogSegment(385)) - e8061cfc-e634-4005-9186-8f9a3cdc71ed@group-53319FA87FBA-SegmentedRaftLogWorker: Starting segment from index:0
2019-11-14 19:59:19,754 [60fc2306-005b-4da9-bff6-f0a04ff2f155@group-53319FA87FBA-SegmentedRaftLogWorker] INFO  segmented.SegmentedRaftLogWorker (SegmentedRaftLogWorker.java:execute(576)) - 60fc2306-005b-4da9-bff6-f0a04ff2f155@group-53319FA87FBA-SegmentedRaftLogWorker: created new log segment /workdir/hadoop-ozone/integration-test/target/test-dir/MiniOzoneClusterImpl-df23ed15-4459-4301-a988-82089ad70e13/datanode-9/data/ratis/54723583-2cb5-4fc0-b8d2-53319fa87fba/current/log_inprogress_0
2019-11-14 19:59:19,755 [Thread-3677] INFO  impl.FollowerState (FollowerState.java:run(111)) - 0b9f718b-6f36-48a0-b3e8-8949249bd312@group-31A0C60DEEF3-FollowerState: change to CANDIDATE, lastRpcTime:1128ms, electionTimeout:1128ms
2019-11-14 19:59:19,756 [Thread-3677] INFO  impl.RoleInfo (RoleInfo.java:shutdownFollowerState(121)) - 0b9f718b-6f36-48a0-b3e8-8949249bd312: shutdown FollowerState
2019-11-14 19:59:19,756 [Thread-3677] INFO  impl.RaftServerImpl (RaftServerImpl.java:setRole(173)) - 0b9f718b-6f36-48a0-b3e8-8949249bd312@group-31A0C60DEEF3: changes role from  FOLLOWER to CANDIDATE at term 0 for changeToCandidate
2019-11-14 19:59:19,756 [Thread-3677] INFO  impl.RoleInfo (RoleInfo.java:updateAndGet(143)) - 0b9f718b-6f36-48a0-b3e8-8949249bd312: start LeaderElection
2019-11-14 19:59:19,788 [909799b4-01f9-4409-9e01-df516dc8a9f9@group-53319FA87FBA-SegmentedRaftLogWorker] INFO  segmented.SegmentedRaftLogWorker (SegmentedRaftLogWorker.java:execute(576)) - 909799b4-01f9-4409-9e01-df516dc8a9f9@group-53319FA87FBA-SegmentedRaftLogWorker: created new log segment /workdir/hadoop-ozone/integration-test/target/test-dir/MiniOzoneClusterImpl-df23ed15-4459-4301-a988-82089ad70e13/datanode-8/data/ratis/54723583-2cb5-4fc0-b8d2-53319fa87fba/current/log_inprogress_0
2019-11-14 19:59:19,788 [e8061cfc-e634-4005-9186-8f9a3cdc71ed@group-53319FA87FBA-SegmentedRaftLogWorker] INFO  segmented.SegmentedRaftLogWorker (SegmentedRaftLogWorker.java:execute(576)) - e8061cfc-e634-4005-9186-8f9a3cdc71ed@group-53319FA87FBA-SegmentedRaftLogWorker: created new log segment /workdir/hadoop-ozone/integration-test/target/test-dir/MiniOzoneClusterImpl-df23ed15-4459-4301-a988-82089ad70e13/datanode-7/data/ratis/54723583-2cb5-4fc0-b8d2-53319fa87fba/current/log_inprogress_0
2019-11-14 19:59:19,788 [0b9f718b-6f36-48a0-b3e8-8949249bd312@group-31A0C60DEEF3-LeaderElection149] INFO  impl.LeaderElection (LeaderElection.java:askForVotes(178)) - 0b9f718b-6f36-48a0-b3e8-8949249bd312@group-31A0C60DEEF3-LeaderElection149: begin an election at term 1 for -1: [0b9f718b-6f36-48a0-b3e8-8949249bd312:192.168.157.219:44307], old=null
2019-11-14 19:59:19,788 [0b9f718b-6f36-48a0-b3e8-8949249bd312@group-31A0C60DEEF3-LeaderElection149] INFO  impl.RoleInfo (RoleInfo.java:shutdownLeaderElection(134)) - 0b9f718b-6f36-48a0-b3e8-8949249bd312: shutdown LeaderElection
2019-11-14 19:59:19,788 [0b9f718b-6f36-48a0-b3e8-8949249bd312@group-31A0C60DEEF3-LeaderElection149] INFO  impl.RaftServerImpl (RaftServerImpl.java:setRole(173)) - 0b9f718b-6f36-48a0-b3e8-8949249bd312@group-31A0C60DEEF3: changes role from CANDIDATE to LEADER at term 1 for changeToLeader
2019-11-14 19:59:19,788 [0b9f718b-6f36-48a0-b3e8-8949249bd312@group-31A0C60DEEF3-LeaderElection149] INFO  ratis.XceiverServerRatis (XceiverServerRatis.java:handleLeaderChangedNotification(697)) - Leader change notification received for group: group-31A0C60DEEF3 with new leaderId: 0b9f718b-6f36-48a0-b3e8-8949249bd312
2019-11-14 19:59:19,788 [0b9f718b-6f36-48a0-b3e8-8949249bd312@group-31A0C60DEEF3-LeaderElection149] INFO  impl.RaftServerImpl (ServerState.java:setLeader(255)) - 0b9f718b-6f36-48a0-b3e8-8949249bd312@group-31A0C60DEEF3: change Leader from null to 0b9f718b-6f36-48a0-b3e8-8949249bd312 at term 1 for becomeLeader, leader elected after 1163ms
2019-11-14 19:59:19,789 [0b9f718b-6f36-48a0-b3e8-8949249bd312@group-31A0C60DEEF3-LeaderElection149] INFO  server.RaftServerConfigKeys (ConfUtils.java:logGet(43)) - raft.server.staging.catchup.gap = 1000 (default)
2019-11-14 19:59:19,789 [0b9f718b-6f36-48a0-b3e8-8949249bd312@group-31A0C60DEEF3-LeaderElection149] INFO  server.RaftServerConfigKeys (ConfUtils.java:logGet(43)) - raft.server.rpc.sleep.time = 25ms (default)
2019-11-14 19:59:19,789 [0b9f718b-6f36-48a0-b3e8-8949249bd312@group-31A0C60DEEF3-LeaderElection149] INFO  server.RaftServerConfigKeys (ConfUtils.java:logGet(43)) - raft.server.write.element-limit = 4096 (default)
2019-11-14 19:59:19,789 [0b9f718b-6f36-48a0-b3e8-8949249bd312@group-31A0C60DEEF3-LeaderElection149] INFO  server.RaftServerConfigKeys (ConfUtils.java:logGet(43)) - raft.server.watch.timeout = 10s (default)
2019-11-14 19:59:19,789 [0b9f718b-6f36-48a0-b3e8-8949249bd312@group-31A0C60DEEF3-LeaderElection149] INFO  server.RaftServerConfigKeys (ConfUtils.java:logGet(43)) - raft.server.watch.timeout.denomination = 1s (default)
2019-11-14 19:59:19,789 [EventQueue-PipelineReportForPipelineReportHandler] INFO  pipeline.PipelineStateManager (PipelineStateManager.java:openPipeline(134)) - Pipeline Pipeline[ Id: dc85d71f-e2dc-471f-ac68-31a0c60deef3, Nodes: 0b9f718b-6f36-48a0-b3e8-8949249bd312{ip: 192.168.157.219, host: pr-hdds-2489-n52xc-1246314526, networkLocation: /rack1, certSerialId: null}, Type:RATIS, Factor:ONE, State:OPEN] moved to OPEN state
2019-11-14 19:59:19,789 [0b9f718b-6f36-48a0-b3e8-8949249bd312@group-31A0C60DEEF3-LeaderElection149] INFO  server.RaftServerConfigKeys (ConfUtils.java:logGet(43)) - raft.server.watch.element-limit = 65536 (default)
2019-11-14 19:59:19,790 [0b9f718b-6f36-48a0-b3e8-8949249bd312@group-31A0C60DEEF3-LeaderElection149] INFO  impl.RoleInfo (RoleInfo.java:updateAndGet(143)) - 0b9f718b-6f36-48a0-b3e8-8949249bd312: start LeaderState
2019-11-14 19:59:19,790 [0b9f718b-6f36-48a0-b3e8-8949249bd312@group-31A0C60DEEF3-LeaderElection149] INFO  segmented.SegmentedRaftLogWorker (SegmentedRaftLogWorker.java:startLogSegment(385)) - 0b9f718b-6f36-48a0-b3e8-8949249bd312@group-31A0C60DEEF3-SegmentedRaftLogWorker: Starting segment from index:0
2019-11-14 19:59:19,790 [0b9f718b-6f36-48a0-b3e8-8949249bd312@group-31A0C60DEEF3-LeaderElection149] INFO  impl.RaftServerImpl (ServerState.java:setRaftConf(356)) - 0b9f718b-6f36-48a0-b3e8-8949249bd312@group-31A0C60DEEF3: set configuration 0: [0b9f718b-6f36-48a0-b3e8-8949249bd312:192.168.157.219:44307], old=null at 0
2019-11-14 19:59:19,838 [0b9f718b-6f36-48a0-b3e8-8949249bd312@group-31A0C60DEEF3-SegmentedRaftLogWorker] INFO  segmented.SegmentedRaftLogWorker (SegmentedRaftLogWorker.java:execute(576)) - 0b9f718b-6f36-48a0-b3e8-8949249bd312@group-31A0C60DEEF3-SegmentedRaftLogWorker: created new log segment /workdir/hadoop-ozone/integration-test/target/test-dir/MiniOzoneClusterImpl-df23ed15-4459-4301-a988-82089ad70e13/datanode-3/data/ratis/dc85d71f-e2dc-471f-ac68-31a0c60deef3/current/log_inprogress_0
2019-11-14 19:59:19,841 [Thread-3692] INFO  impl.FollowerState (FollowerState.java:run(111)) - 1d99cfa1-5734-40f1-a806-2aa318147fff@group-7854BEAF083A-FollowerState: change to CANDIDATE, lastRpcTime:1052ms, electionTimeout:1052ms
2019-11-14 19:59:19,841 [Thread-3692] INFO  impl.RoleInfo (RoleInfo.java:shutdownFollowerState(121)) - 1d99cfa1-5734-40f1-a806-2aa318147fff: shutdown FollowerState
2019-11-14 19:59:19,841 [Thread-3692] INFO  impl.RaftServerImpl (RaftServerImpl.java:setRole(173)) - 1d99cfa1-5734-40f1-a806-2aa318147fff@group-7854BEAF083A: changes role from  FOLLOWER to CANDIDATE at term 0 for changeToCandidate
2019-11-14 19:59:19,841 [Thread-3692] INFO  impl.RoleInfo (RoleInfo.java:updateAndGet(143)) - 1d99cfa1-5734-40f1-a806-2aa318147fff: start LeaderElection
2019-11-14 19:59:19,859 [Thread-3681] INFO  impl.FollowerState (FollowerState.java:run(111)) - ae61afd5-043c-42ff-9e00-06be6bf8121c@group-4BDEEAFB6202-FollowerState: change to CANDIDATE, lastRpcTime:1175ms, electionTimeout:1175ms
2019-11-14 19:59:19,859 [Thread-3681] INFO  impl.RoleInfo (RoleInfo.java:shutdownFollowerState(121)) - ae61afd5-043c-42ff-9e00-06be6bf8121c: shutdown FollowerState
2019-11-14 19:59:19,859 [Thread-3681] INFO  impl.RaftServerImpl (RaftServerImpl.java:setRole(173)) - ae61afd5-043c-42ff-9e00-06be6bf8121c@group-4BDEEAFB6202: changes role from  FOLLOWER to CANDIDATE at term 0 for changeToCandidate
2019-11-14 19:59:19,859 [Thread-3681] INFO  impl.RoleInfo (RoleInfo.java:updateAndGet(143)) - ae61afd5-043c-42ff-9e00-06be6bf8121c: start LeaderElection
2019-11-14 19:59:19,872 [1d99cfa1-5734-40f1-a806-2aa318147fff@group-7854BEAF083A-LeaderElection150] INFO  impl.LeaderElection (LeaderElection.java:askForVotes(178)) - 1d99cfa1-5734-40f1-a806-2aa318147fff@group-7854BEAF083A-LeaderElection150: begin an election at term 1 for -1: [ae61afd5-043c-42ff-9e00-06be6bf8121c:192.168.157.219:41147, 1d99cfa1-5734-40f1-a806-2aa318147fff:192.168.157.219:42659, 0b9f718b-6f36-48a0-b3e8-8949249bd312:192.168.157.219:44307], old=null
2019-11-14 19:59:19,875 [grpc-default-executor-6] INFO  impl.RaftServerImpl (RaftServerImpl.java:setRole(173)) - ae61afd5-043c-42ff-9e00-06be6bf8121c@group-7854BEAF083A: changes role from  FOLLOWER to FOLLOWER at term 1 for recognizeCandidate:1d99cfa1-5734-40f1-a806-2aa318147fff
2019-11-14 19:59:19,875 [grpc-default-executor-9] INFO  impl.RaftServerImpl (RaftServerImpl.java:setRole(173)) - 0b9f718b-6f36-48a0-b3e8-8949249bd312@group-7854BEAF083A: changes role from  FOLLOWER to FOLLOWER at term 1 for recognizeCandidate:1d99cfa1-5734-40f1-a806-2aa318147fff
2019-11-14 19:59:19,875 [grpc-default-executor-6] INFO  impl.RoleInfo (RoleInfo.java:shutdownFollowerState(121)) - ae61afd5-043c-42ff-9e00-06be6bf8121c: shutdown FollowerState
2019-11-14 19:59:19,875 [grpc-default-executor-9] INFO  impl.RoleInfo (RoleInfo.java:shutdownFollowerState(121)) - 0b9f718b-6f36-48a0-b3e8-8949249bd312: shutdown FollowerState
2019-11-14 19:59:19,875 [Thread-3687] INFO  impl.FollowerState (FollowerState.java:run(120)) - ae61afd5-043c-42ff-9e00-06be6bf8121c@group-7854BEAF083A-FollowerState was interrupted: java.lang.InterruptedException: sleep interrupted
2019-11-14 19:59:19,875 [grpc-default-executor-6] INFO  impl.RoleInfo (RoleInfo.java:updateAndGet(143)) - ae61afd5-043c-42ff-9e00-06be6bf8121c: start FollowerState
2019-11-14 19:59:19,875 [Thread-3691] INFO  impl.FollowerState (FollowerState.java:run(120)) - 0b9f718b-6f36-48a0-b3e8-8949249bd312@group-7854BEAF083A-FollowerState was interrupted: java.lang.InterruptedException: sleep interrupted
2019-11-14 19:59:19,875 [grpc-default-executor-9] INFO  impl.RoleInfo (RoleInfo.java:updateAndGet(143)) - 0b9f718b-6f36-48a0-b3e8-8949249bd312: start FollowerState
2019-11-14 19:59:19,889 [ae61afd5-043c-42ff-9e00-06be6bf8121c@group-4BDEEAFB6202-LeaderElection151] INFO  impl.LeaderElection (LeaderElection.java:askForVotes(178)) - ae61afd5-043c-42ff-9e00-06be6bf8121c@group-4BDEEAFB6202-LeaderElection151: begin an election at term 1 for -1: [ae61afd5-043c-42ff-9e00-06be6bf8121c:192.168.157.219:41147], old=null
2019-11-14 19:59:19,889 [ae61afd5-043c-42ff-9e00-06be6bf8121c@group-4BDEEAFB6202-LeaderElection151] INFO  impl.RoleInfo (RoleInfo.java:shutdownLeaderElection(134)) - ae61afd5-043c-42ff-9e00-06be6bf8121c: shutdown LeaderElection
2019-11-14 19:59:19,889 [ae61afd5-043c-42ff-9e00-06be6bf8121c@group-4BDEEAFB6202-LeaderElection151] INFO  impl.RaftServerImpl (RaftServerImpl.java:setRole(173)) - ae61afd5-043c-42ff-9e00-06be6bf8121c@group-4BDEEAFB6202: changes role from CANDIDATE to LEADER at term 1 for changeToLeader
2019-11-14 19:59:19,889 [ae61afd5-043c-42ff-9e00-06be6bf8121c@group-4BDEEAFB6202-LeaderElection151] INFO  ratis.XceiverServerRatis (XceiverServerRatis.java:handleLeaderChangedNotification(697)) - Leader change notification received for group: group-4BDEEAFB6202 with new leaderId: ae61afd5-043c-42ff-9e00-06be6bf8121c
2019-11-14 19:59:19,889 [ae61afd5-043c-42ff-9e00-06be6bf8121c@group-4BDEEAFB6202-LeaderElection151] INFO  impl.RaftServerImpl (ServerState.java:setLeader(255)) - ae61afd5-043c-42ff-9e00-06be6bf8121c@group-4BDEEAFB6202: change Leader from null to ae61afd5-043c-42ff-9e00-06be6bf8121c at term 1 for becomeLeader, leader elected after 1207ms
2019-11-14 19:59:19,889 [ae61afd5-043c-42ff-9e00-06be6bf8121c@group-4BDEEAFB6202-LeaderElection151] INFO  server.RaftServerConfigKeys (ConfUtils.java:logGet(43)) - raft.server.staging.catchup.gap = 1000 (default)
2019-11-14 19:59:19,889 [ae61afd5-043c-42ff-9e00-06be6bf8121c@group-4BDEEAFB6202-LeaderElection151] INFO  server.RaftServerConfigKeys (ConfUtils.java:logGet(43)) - raft.server.rpc.sleep.time = 25ms (default)
2019-11-14 19:59:19,890 [ae61afd5-043c-42ff-9e00-06be6bf8121c@group-4BDEEAFB6202-LeaderElection151] INFO  server.RaftServerConfigKeys (ConfUtils.java:logGet(43)) - raft.server.write.element-limit = 4096 (default)
2019-11-14 19:59:19,890 [ae61afd5-043c-42ff-9e00-06be6bf8121c@group-4BDEEAFB6202-LeaderElection151] INFO  server.RaftServerConfigKeys (ConfUtils.java:logGet(43)) - raft.server.watch.timeout = 10s (default)
2019-11-14 19:59:19,890 [ae61afd5-043c-42ff-9e00-06be6bf8121c@group-4BDEEAFB6202-LeaderElection151] INFO  server.RaftServerConfigKeys (ConfUtils.java:logGet(43)) - raft.server.watch.timeout.denomination = 1s (default)
2019-11-14 19:59:19,890 [ae61afd5-043c-42ff-9e00-06be6bf8121c@group-4BDEEAFB6202-LeaderElection151] INFO  server.RaftServerConfigKeys (ConfUtils.java:logGet(43)) - raft.server.watch.element-limit = 65536 (default)
2019-11-14 19:59:19,890 [ae61afd5-043c-42ff-9e00-06be6bf8121c@group-4BDEEAFB6202-LeaderElection151] INFO  impl.RoleInfo (RoleInfo.java:updateAndGet(143)) - ae61afd5-043c-42ff-9e00-06be6bf8121c: start LeaderState
2019-11-14 19:59:19,890 [EventQueue-PipelineReportForPipelineReportHandler] INFO  pipeline.PipelineStateManager (PipelineStateManager.java:openPipeline(134)) - Pipeline Pipeline[ Id: 89b53e65-ec1b-452d-abd9-4bdeeafb6202, Nodes: ae61afd5-043c-42ff-9e00-06be6bf8121c{ip: 192.168.157.219, host: pr-hdds-2489-n52xc-1246314526, networkLocation: /rack1, certSerialId: null}, Type:RATIS, Factor:ONE, State:OPEN] moved to OPEN state
2019-11-14 19:59:19,890 [ae61afd5-043c-42ff-9e00-06be6bf8121c@group-4BDEEAFB6202-LeaderElection151] INFO  segmented.SegmentedRaftLogWorker (SegmentedRaftLogWorker.java:startLogSegment(385)) - ae61afd5-043c-42ff-9e00-06be6bf8121c@group-4BDEEAFB6202-SegmentedRaftLogWorker: Starting segment from index:0
2019-11-14 19:59:19,890 [ae61afd5-043c-42ff-9e00-06be6bf8121c@group-4BDEEAFB6202-LeaderElection151] INFO  impl.RaftServerImpl (ServerState.java:setRaftConf(356)) - ae61afd5-043c-42ff-9e00-06be6bf8121c@group-4BDEEAFB6202: set configuration 0: [ae61afd5-043c-42ff-9e00-06be6bf8121c:192.168.157.219:41147], old=null at 0
2019-11-14 19:59:19,902 [1d99cfa1-5734-40f1-a806-2aa318147fff@group-7854BEAF083A-LeaderElection150] INFO  impl.LeaderElection (LeaderElection.java:logAndReturn(56)) - 1d99cfa1-5734-40f1-a806-2aa318147fff@group-7854BEAF083A-LeaderElection150: Election PASSED; received 1 response(s) [1d99cfa1-5734-40f1-a806-2aa318147fff<-ae61afd5-043c-42ff-9e00-06be6bf8121c#0:OK-t1] and 0 exception(s); 1d99cfa1-5734-40f1-a806-2aa318147fff@group-7854BEAF083A:t1, leader=null, voted=1d99cfa1-5734-40f1-a806-2aa318147fff, raftlog=1d99cfa1-5734-40f1-a806-2aa318147fff@group-7854BEAF083A-SegmentedRaftLog:OPENED:c-1,f-1,i0, conf=-1: [ae61afd5-043c-42ff-9e00-06be6bf8121c:192.168.157.219:41147, 1d99cfa1-5734-40f1-a806-2aa318147fff:192.168.157.219:42659, 0b9f718b-6f36-48a0-b3e8-8949249bd312:192.168.157.219:44307], old=null
2019-11-14 19:59:19,902 [1d99cfa1-5734-40f1-a806-2aa318147fff@group-7854BEAF083A-LeaderElection150] INFO  impl.RoleInfo (RoleInfo.java:shutdownLeaderElection(134)) - 1d99cfa1-5734-40f1-a806-2aa318147fff: shutdown LeaderElection
2019-11-14 19:59:19,902 [1d99cfa1-5734-40f1-a806-2aa318147fff@group-7854BEAF083A-LeaderElection150] INFO  impl.RaftServerImpl (RaftServerImpl.java:setRole(173)) - 1d99cfa1-5734-40f1-a806-2aa318147fff@group-7854BEAF083A: changes role from CANDIDATE to LEADER at term 1 for changeToLeader
2019-11-14 19:59:19,902 [1d99cfa1-5734-40f1-a806-2aa318147fff@group-7854BEAF083A-LeaderElection150] INFO  ratis.XceiverServerRatis (XceiverServerRatis.java:handleLeaderChangedNotification(697)) - Leader change notification received for group: group-7854BEAF083A with new leaderId: 1d99cfa1-5734-40f1-a806-2aa318147fff
2019-11-14 19:59:19,902 [1d99cfa1-5734-40f1-a806-2aa318147fff@group-7854BEAF083A-LeaderElection150] INFO  impl.RaftServerImpl (ServerState.java:setLeader(255)) - 1d99cfa1-5734-40f1-a806-2aa318147fff@group-7854BEAF083A: change Leader from null to 1d99cfa1-5734-40f1-a806-2aa318147fff at term 1 for becomeLeader, leader elected after 1124ms
2019-11-14 19:59:19,903 [1d99cfa1-5734-40f1-a806-2aa318147fff@group-7854BEAF083A-LeaderElection150] INFO  server.RaftServerConfigKeys (ConfUtils.java:logGet(43)) - raft.server.staging.catchup.gap = 1000 (default)
2019-11-14 19:59:19,903 [1d99cfa1-5734-40f1-a806-2aa318147fff@group-7854BEAF083A-LeaderElection150] INFO  server.RaftServerConfigKeys (ConfUtils.java:logGet(43)) - raft.server.rpc.sleep.time = 25ms (default)
2019-11-14 19:59:19,903 [1d99cfa1-5734-40f1-a806-2aa318147fff@group-7854BEAF083A-LeaderElection150] INFO  server.RaftServerConfigKeys (ConfUtils.java:logGet(43)) - raft.server.write.element-limit = 4096 (default)
2019-11-14 19:59:19,903 [1d99cfa1-5734-40f1-a806-2aa318147fff@group-7854BEAF083A-LeaderElection150] INFO  server.RaftServerConfigKeys (ConfUtils.java:logGet(43)) - raft.server.watch.timeout = 10s (default)
2019-11-14 19:59:19,903 [1d99cfa1-5734-40f1-a806-2aa318147fff@group-7854BEAF083A-LeaderElection150] INFO  server.RaftServerConfigKeys (ConfUtils.java:logGet(43)) - raft.server.watch.timeout.denomination = 1s (default)
2019-11-14 19:59:19,903 [1d99cfa1-5734-40f1-a806-2aa318147fff@group-7854BEAF083A-LeaderElection150] INFO  server.RaftServerConfigKeys (ConfUtils.java:logGet(43)) - raft.server.watch.element-limit = 65536 (default)
2019-11-14 19:59:19,903 [1d99cfa1-5734-40f1-a806-2aa318147fff@group-7854BEAF083A-LeaderElection150] INFO  server.RaftServerConfigKeys (ConfUtils.java:logGet(43)) - raft.server.log.appender.snapshot.chunk.size.max = 16MB (=16777216) (default)
2019-11-14 19:59:19,903 [EventQueue-PipelineReportForPipelineReportHandler] INFO  pipeline.PipelineStateManager (PipelineStateManager.java:openPipeline(134)) - Pipeline Pipeline[ Id: 0af3f7a1-1f7a-42a6-b6bb-7854beaf083a, Nodes: 1d99cfa1-5734-40f1-a806-2aa318147fff{ip: 192.168.157.219, host: pr-hdds-2489-n52xc-1246314526, networkLocation: /rack1, certSerialId: null}0b9f718b-6f36-48a0-b3e8-8949249bd312{ip: 192.168.157.219, host: pr-hdds-2489-n52xc-1246314526, networkLocation: /rack1, certSerialId: null}ae61afd5-043c-42ff-9e00-06be6bf8121c{ip: 192.168.157.219, host: pr-hdds-2489-n52xc-1246314526, networkLocation: /rack1, certSerialId: null}, Type:RATIS, Factor:THREE, State:OPEN] moved to OPEN state
2019-11-14 19:59:19,903 [1d99cfa1-5734-40f1-a806-2aa318147fff@group-7854BEAF083A-LeaderElection150] INFO  server.RaftServerConfigKeys (ConfUtils.java:logGet(43)) - raft.server.log.appender.buffer.byte-limit = 33554432 (custom)
2019-11-14 19:59:19,903 [1d99cfa1-5734-40f1-a806-2aa318147fff@group-7854BEAF083A-LeaderElection150] INFO  server.RaftServerConfigKeys (ConfUtils.java:logGet(43)) - raft.server.log.appender.buffer.element-limit = 1 (custom)
2019-11-14 19:59:19,903 [1d99cfa1-5734-40f1-a806-2aa318147fff@group-7854BEAF083A-LeaderElection150] INFO  grpc.GrpcConfigKeys$Server (ConfUtils.java:logGet(43)) - raft.grpc.server.leader.outstanding.appends.max = 128 (default)
2019-11-14 19:59:19,904 [1d99cfa1-5734-40f1-a806-2aa318147fff@group-7854BEAF083A-LeaderElection150] INFO  server.RaftServerConfigKeys (ConfUtils.java:logGet(43)) - raft.server.rpc.request.timeout = 3000ms (default)
2019-11-14 19:59:19,904 [1d99cfa1-5734-40f1-a806-2aa318147fff@group-7854BEAF083A-LeaderElection150] INFO  server.RaftServerConfigKeys (ConfUtils.java:logGet(43)) - raft.server.log.appender.install.snapshot.enabled = false (custom)
2019-11-14 19:59:19,904 [1d99cfa1-5734-40f1-a806-2aa318147fff@group-7854BEAF083A-LeaderElection150] WARN  impl.MetricRegistriesImpl (MetricRegistriesImpl.java:lambda$create$1(61)) - First MetricRegistry has been created without registering reporters. You may need to call MetricRegistries.global().addReportRegistration(...) before.
2019-11-14 19:59:19,904 [1d99cfa1-5734-40f1-a806-2aa318147fff@group-7854BEAF083A-LeaderElection150] INFO  server.RaftServerConfigKeys (ConfUtils.java:logGet(43)) - raft.server.log.appender.snapshot.chunk.size.max = 16MB (=16777216) (default)
2019-11-14 19:59:19,904 [1d99cfa1-5734-40f1-a806-2aa318147fff@group-7854BEAF083A-LeaderElection150] INFO  server.RaftServerConfigKeys (ConfUtils.java:logGet(43)) - raft.server.log.appender.buffer.byte-limit = 33554432 (custom)
2019-11-14 19:59:19,904 [1d99cfa1-5734-40f1-a806-2aa318147fff@group-7854BEAF083A-LeaderElection150] INFO  server.RaftServerConfigKeys (ConfUtils.java:logGet(43)) - raft.server.log.appender.buffer.element-limit = 1 (custom)
2019-11-14 19:59:19,904 [1d99cfa1-5734-40f1-a806-2aa318147fff@group-7854BEAF083A-LeaderElection150] INFO  grpc.GrpcConfigKeys$Server (ConfUtils.java:logGet(43)) - raft.grpc.server.leader.outstanding.appends.max = 128 (default)
2019-11-14 19:59:19,904 [1d99cfa1-5734-40f1-a806-2aa318147fff@group-7854BEAF083A-LeaderElection150] INFO  server.RaftServerConfigKeys (ConfUtils.java:logGet(43)) - raft.server.rpc.request.timeout = 3000ms (default)
2019-11-14 19:59:19,904 [1d99cfa1-5734-40f1-a806-2aa318147fff@group-7854BEAF083A-LeaderElection150] INFO  server.RaftServerConfigKeys (ConfUtils.java:logGet(43)) - raft.server.log.appender.install.snapshot.enabled = false (custom)
2019-11-14 19:59:19,904 [1d99cfa1-5734-40f1-a806-2aa318147fff@group-7854BEAF083A-LeaderElection150] INFO  impl.RoleInfo (RoleInfo.java:updateAndGet(143)) - 1d99cfa1-5734-40f1-a806-2aa318147fff: start LeaderState
2019-11-14 19:59:19,904 [1d99cfa1-5734-40f1-a806-2aa318147fff@group-7854BEAF083A-LeaderElection150] INFO  segmented.SegmentedRaftLogWorker (SegmentedRaftLogWorker.java:startLogSegment(385)) - 1d99cfa1-5734-40f1-a806-2aa318147fff@group-7854BEAF083A-SegmentedRaftLogWorker: Starting segment from index:0
2019-11-14 19:59:19,905 [1d99cfa1-5734-40f1-a806-2aa318147fff@group-7854BEAF083A-LeaderElection150] INFO  impl.RaftServerImpl (ServerState.java:setRaftConf(356)) - 1d99cfa1-5734-40f1-a806-2aa318147fff@group-7854BEAF083A: set configuration 0: [ae61afd5-043c-42ff-9e00-06be6bf8121c:192.168.157.219:41147, 1d99cfa1-5734-40f1-a806-2aa318147fff:192.168.157.219:42659, 0b9f718b-6f36-48a0-b3e8-8949249bd312:192.168.157.219:44307], old=null at 0
2019-11-14 19:59:19,906 [grpc-default-executor-9] INFO  ratis.XceiverServerRatis (XceiverServerRatis.java:handleLeaderChangedNotification(697)) - Leader change notification received for group: group-7854BEAF083A with new leaderId: 1d99cfa1-5734-40f1-a806-2aa318147fff
2019-11-14 19:59:19,906 [grpc-default-executor-6] INFO  ratis.XceiverServerRatis (XceiverServerRatis.java:handleLeaderChangedNotification(697)) - Leader change notification received for group: group-7854BEAF083A with new leaderId: 1d99cfa1-5734-40f1-a806-2aa318147fff
2019-11-14 19:59:19,906 [grpc-default-executor-9] INFO  impl.RaftServerImpl (ServerState.java:setLeader(255)) - ae61afd5-043c-42ff-9e00-06be6bf8121c@group-7854BEAF083A: change Leader from null to 1d99cfa1-5734-40f1-a806-2aa318147fff at term 1 for appendEntries, leader elected after 1128ms
2019-11-14 19:59:19,906 [grpc-default-executor-6] INFO  impl.RaftServerImpl (ServerState.java:setLeader(255)) - 0b9f718b-6f36-48a0-b3e8-8949249bd312@group-7854BEAF083A: change Leader from null to 1d99cfa1-5734-40f1-a806-2aa318147fff at term 1 for appendEntries, leader elected after 1128ms
2019-11-14 19:59:19,908 [grpc-default-executor-9] INFO  impl.RaftServerImpl (ServerState.java:setRaftConf(356)) - ae61afd5-043c-42ff-9e00-06be6bf8121c@group-7854BEAF083A: set configuration 0: [ae61afd5-043c-42ff-9e00-06be6bf8121c:192.168.157.219:41147, 1d99cfa1-5734-40f1-a806-2aa318147fff:192.168.157.219:42659, 0b9f718b-6f36-48a0-b3e8-8949249bd312:192.168.157.219:44307], old=null at 0
2019-11-14 19:59:19,908 [grpc-default-executor-6] INFO  impl.RaftServerImpl (ServerState.java:setRaftConf(356)) - 0b9f718b-6f36-48a0-b3e8-8949249bd312@group-7854BEAF083A: set configuration 0: [ae61afd5-043c-42ff-9e00-06be6bf8121c:192.168.157.219:41147, 1d99cfa1-5734-40f1-a806-2aa318147fff:192.168.157.219:42659, 0b9f718b-6f36-48a0-b3e8-8949249bd312:192.168.157.219:44307], old=null at 0
2019-11-14 19:59:19,908 [grpc-default-executor-9] INFO  segmented.SegmentedRaftLogWorker (SegmentedRaftLogWorker.java:startLogSegment(385)) - ae61afd5-043c-42ff-9e00-06be6bf8121c@group-7854BEAF083A-SegmentedRaftLogWorker: Starting segment from index:0
2019-11-14 19:59:19,908 [grpc-default-executor-6] INFO  segmented.SegmentedRaftLogWorker (SegmentedRaftLogWorker.java:startLogSegment(385)) - 0b9f718b-6f36-48a0-b3e8-8949249bd312@group-7854BEAF083A-SegmentedRaftLogWorker: Starting segment from index:0
2019-11-14 19:59:19,909 [Thread-3697] INFO  impl.FollowerState (FollowerState.java:run(111)) - 909799b4-01f9-4409-9e01-df516dc8a9f9@group-F0E473606DA0-FollowerState: change to CANDIDATE, lastRpcTime:1072ms, electionTimeout:1072ms
2019-11-14 19:59:19,909 [Thread-3697] INFO  impl.RoleInfo (RoleInfo.java:shutdownFollowerState(121)) - 909799b4-01f9-4409-9e01-df516dc8a9f9: shutdown FollowerState
2019-11-14 19:59:19,909 [Thread-3697] INFO  impl.RaftServerImpl (RaftServerImpl.java:setRole(173)) - 909799b4-01f9-4409-9e01-df516dc8a9f9@group-F0E473606DA0: changes role from  FOLLOWER to CANDIDATE at term 0 for changeToCandidate
2019-11-14 19:59:19,909 [Thread-3697] INFO  impl.RoleInfo (RoleInfo.java:updateAndGet(143)) - 909799b4-01f9-4409-9e01-df516dc8a9f9: start LeaderElection
2019-11-14 19:59:19,932 [ae61afd5-043c-42ff-9e00-06be6bf8121c@group-4BDEEAFB6202-SegmentedRaftLogWorker] INFO  segmented.SegmentedRaftLogWorker (SegmentedRaftLogWorker.java:execute(576)) - ae61afd5-043c-42ff-9e00-06be6bf8121c@group-4BDEEAFB6202-SegmentedRaftLogWorker: created new log segment /workdir/hadoop-ozone/integration-test/target/test-dir/MiniOzoneClusterImpl-df23ed15-4459-4301-a988-82089ad70e13/datanode-0/data/ratis/89b53e65-ec1b-452d-abd9-4bdeeafb6202/current/log_inprogress_0
2019-11-14 19:59:19,932 [909799b4-01f9-4409-9e01-df516dc8a9f9@group-F0E473606DA0-LeaderElection152] INFO  impl.LeaderElection (LeaderElection.java:askForVotes(178)) - 909799b4-01f9-4409-9e01-df516dc8a9f9@group-F0E473606DA0-LeaderElection152: begin an election at term 1 for -1: [909799b4-01f9-4409-9e01-df516dc8a9f9:192.168.157.219:34722], old=null
2019-11-14 19:59:19,932 [909799b4-01f9-4409-9e01-df516dc8a9f9@group-F0E473606DA0-LeaderElection152] INFO  impl.RoleInfo (RoleInfo.java:shutdownLeaderElection(134)) - 909799b4-01f9-4409-9e01-df516dc8a9f9: shutdown LeaderElection
2019-11-14 19:59:19,932 [909799b4-01f9-4409-9e01-df516dc8a9f9@group-F0E473606DA0-LeaderElection152] INFO  impl.RaftServerImpl (RaftServerImpl.java:setRole(173)) - 909799b4-01f9-4409-9e01-df516dc8a9f9@group-F0E473606DA0: changes role from CANDIDATE to LEADER at term 1 for changeToLeader
2019-11-14 19:59:19,932 [909799b4-01f9-4409-9e01-df516dc8a9f9@group-F0E473606DA0-LeaderElection152] INFO  ratis.XceiverServerRatis (XceiverServerRatis.java:handleLeaderChangedNotification(697)) - Leader change notification received for group: group-F0E473606DA0 with new leaderId: 909799b4-01f9-4409-9e01-df516dc8a9f9
2019-11-14 19:59:19,933 [909799b4-01f9-4409-9e01-df516dc8a9f9@group-F0E473606DA0-LeaderElection152] INFO  impl.RaftServerImpl (ServerState.java:setLeader(255)) - 909799b4-01f9-4409-9e01-df516dc8a9f9@group-F0E473606DA0: change Leader from null to 909799b4-01f9-4409-9e01-df516dc8a9f9 at term 1 for becomeLeader, leader elected after 1098ms
2019-11-14 19:59:19,933 [909799b4-01f9-4409-9e01-df516dc8a9f9@group-F0E473606DA0-LeaderElection152] INFO  server.RaftServerConfigKeys (ConfUtils.java:logGet(43)) - raft.server.staging.catchup.gap = 1000 (default)
2019-11-14 19:59:19,933 [909799b4-01f9-4409-9e01-df516dc8a9f9@group-F0E473606DA0-LeaderElection152] INFO  server.RaftServerConfigKeys (ConfUtils.java:logGet(43)) - raft.server.rpc.sleep.time = 25ms (default)
2019-11-14 19:59:19,933 [909799b4-01f9-4409-9e01-df516dc8a9f9@group-F0E473606DA0-LeaderElection152] INFO  server.RaftServerConfigKeys (ConfUtils.java:logGet(43)) - raft.server.write.element-limit = 4096 (default)
2019-11-14 19:59:19,933 [909799b4-01f9-4409-9e01-df516dc8a9f9@group-F0E473606DA0-LeaderElection152] INFO  server.RaftServerConfigKeys (ConfUtils.java:logGet(43)) - raft.server.watch.timeout = 10s (default)
2019-11-14 19:59:19,933 [909799b4-01f9-4409-9e01-df516dc8a9f9@group-F0E473606DA0-LeaderElection152] INFO  server.RaftServerConfigKeys (ConfUtils.java:logGet(43)) - raft.server.watch.timeout.denomination = 1s (default)
2019-11-14 19:59:19,933 [EventQueue-PipelineReportForPipelineReportHandler] INFO  pipeline.PipelineStateManager (PipelineStateManager.java:openPipeline(134)) - Pipeline Pipeline[ Id: 0f350b41-12a0-473d-b24b-f0e473606da0, Nodes: 909799b4-01f9-4409-9e01-df516dc8a9f9{ip: 192.168.157.219, host: pr-hdds-2489-n52xc-1246314526, networkLocation: /rack1, certSerialId: null}, Type:RATIS, Factor:ONE, State:OPEN] moved to OPEN state
2019-11-14 19:59:19,933 [909799b4-01f9-4409-9e01-df516dc8a9f9@group-F0E473606DA0-LeaderElection152] INFO  server.RaftServerConfigKeys (ConfUtils.java:logGet(43)) - raft.server.watch.element-limit = 65536 (default)
2019-11-14 19:59:19,934 [909799b4-01f9-4409-9e01-df516dc8a9f9@group-F0E473606DA0-LeaderElection152] INFO  impl.RoleInfo (RoleInfo.java:updateAndGet(143)) - 909799b4-01f9-4409-9e01-df516dc8a9f9: start LeaderState
2019-11-14 19:59:19,934 [909799b4-01f9-4409-9e01-df516dc8a9f9@group-F0E473606DA0-LeaderElection152] INFO  segmented.SegmentedRaftLogWorker (SegmentedRaftLogWorker.java:startLogSegment(385)) - 909799b4-01f9-4409-9e01-df516dc8a9f9@group-F0E473606DA0-SegmentedRaftLogWorker: Starting segment from index:0
2019-11-14 19:59:19,934 [909799b4-01f9-4409-9e01-df516dc8a9f9@group-F0E473606DA0-LeaderElection152] INFO  impl.RaftServerImpl (ServerState.java:setRaftConf(356)) - 909799b4-01f9-4409-9e01-df516dc8a9f9@group-F0E473606DA0: set configuration 0: [909799b4-01f9-4409-9e01-df516dc8a9f9:192.168.157.219:34722], old=null at 0
2019-11-14 19:59:19,954 [0b9f718b-6f36-48a0-b3e8-8949249bd312@group-7854BEAF083A-SegmentedRaftLogWorker] INFO  segmented.SegmentedRaftLogWorker (SegmentedRaftLogWorker.java:execute(576)) - 0b9f718b-6f36-48a0-b3e8-8949249bd312@group-7854BEAF083A-SegmentedRaftLogWorker: created new log segment /workdir/hadoop-ozone/integration-test/target/test-dir/MiniOzoneClusterImpl-df23ed15-4459-4301-a988-82089ad70e13/datanode-3/data/ratis/0af3f7a1-1f7a-42a6-b6bb-7854beaf083a/current/log_inprogress_0
2019-11-14 19:59:19,954 [ae61afd5-043c-42ff-9e00-06be6bf8121c@group-7854BEAF083A-SegmentedRaftLogWorker] INFO  segmented.SegmentedRaftLogWorker (SegmentedRaftLogWorker.java:execute(576)) - ae61afd5-043c-42ff-9e00-06be6bf8121c@group-7854BEAF083A-SegmentedRaftLogWorker: created new log segment /workdir/hadoop-ozone/integration-test/target/test-dir/MiniOzoneClusterImpl-df23ed15-4459-4301-a988-82089ad70e13/datanode-0/data/ratis/0af3f7a1-1f7a-42a6-b6bb-7854beaf083a/current/log_inprogress_0
2019-11-14 19:59:19,954 [1d99cfa1-5734-40f1-a806-2aa318147fff@group-7854BEAF083A-SegmentedRaftLogWorker] INFO  segmented.SegmentedRaftLogWorker (SegmentedRaftLogWorker.java:execute(576)) - 1d99cfa1-5734-40f1-a806-2aa318147fff@group-7854BEAF083A-SegmentedRaftLogWorker: created new log segment /workdir/hadoop-ozone/integration-test/target/test-dir/MiniOzoneClusterImpl-df23ed15-4459-4301-a988-82089ad70e13/datanode-6/data/ratis/0af3f7a1-1f7a-42a6-b6bb-7854beaf083a/current/log_inprogress_0
2019-11-14 19:59:19,977 [909799b4-01f9-4409-9e01-df516dc8a9f9@group-F0E473606DA0-SegmentedRaftLogWorker] INFO  segmented.SegmentedRaftLogWorker (SegmentedRaftLogWorker.java:execute(576)) - 909799b4-01f9-4409-9e01-df516dc8a9f9@group-F0E473606DA0-SegmentedRaftLogWorker: created new log segment /workdir/hadoop-ozone/integration-test/target/test-dir/MiniOzoneClusterImpl-df23ed15-4459-4301-a988-82089ad70e13/datanode-8/data/ratis/0f350b41-12a0-473d-b24b-f0e473606da0/current/log_inprogress_0
2019-11-14 19:59:23,960 [main] INFO  ozoneimpl.OzoneContainer (OzoneContainer.java:stop(244)) - Attempting to stop container services.
2019-11-14 19:59:23,960 [ForkJoinPool.commonPool-worker-1] INFO  ozoneimpl.OzoneContainer (OzoneContainer.java:stop(244)) - Attempting to stop container services.
2019-11-14 19:59:23,961 [ForkJoinPool.commonPool-worker-1] INFO  impl.RaftServerProxy (RaftServerProxy.java:lambda$close$4(314)) - f857cfdd-345c-4de8-889d-b8fdff158faf: close
2019-11-14 19:59:23,961 [main] INFO  impl.RaftServerProxy (RaftServerProxy.java:lambda$close$4(314)) - 11eb2ad5-5554-4104-ae21-9c50fee78495: close
2019-11-14 19:59:23,962 [ForkJoinPool.commonPool-worker-1] INFO  impl.RaftServerImpl (RaftServerImpl.java:lambda$shutdown$3(250)) - f857cfdd-345c-4de8-889d-b8fdff158faf@group-5C9C84E47F8E: shutdown
2019-11-14 19:59:23,962 [main] INFO  impl.RaftServerImpl (RaftServerImpl.java:lambda$shutdown$3(250)) - 11eb2ad5-5554-4104-ae21-9c50fee78495@group-51B898944C9A: shutdown
2019-11-14 19:59:23,962 [ForkJoinPool.commonPool-worker-1] INFO  util.JmxRegister (JmxRegister.java:unregister(73)) - Successfully un-registered JMX Bean with object name Ratis:service=RaftServer,group=group-5C9C84E47F8E,id=f857cfdd-345c-4de8-889d-b8fdff158faf
2019-11-14 19:59:23,962 [main] INFO  util.JmxRegister (JmxRegister.java:unregister(73)) - Successfully un-registered JMX Bean with object name Ratis:service=RaftServer,group=group-51B898944C9A,id=11eb2ad5-5554-4104-ae21-9c50fee78495
2019-11-14 19:59:23,962 [ForkJoinPool.commonPool-worker-1] INFO  impl.RoleInfo (RoleInfo.java:shutdownLeaderState(104)) - f857cfdd-345c-4de8-889d-b8fdff158faf: shutdown LeaderState
2019-11-14 19:59:23,963 [main] INFO  impl.RoleInfo (RoleInfo.java:shutdownLeaderState(104)) - 11eb2ad5-5554-4104-ae21-9c50fee78495: shutdown LeaderState
2019-11-14 19:59:23,970 [org.apache.ratis.server.impl.LogAppender$AppenderDaemon$$Lambda$430/86081870@53538bf5] WARN  server.GrpcLogAppender (GrpcLogAppender.java:mayWait(151)) - f857cfdd-345c-4de8-889d-b8fdff158faf@group-5C9C84E47F8E->9e8f1412-9bf1-4810-b3e9-2cd8ebd4b71b-GrpcLogAppender: Wait interrupted by java.lang.InterruptedException
2019-11-14 19:59:23,970 [ForkJoinPool.commonPool-worker-1] INFO  impl.PendingRequests (PendingRequests.java:sendNotLeaderResponses(206)) - f857cfdd-345c-4de8-889d-b8fdff158faf@group-5C9C84E47F8E-PendingRequests: sendNotLeaderResponses
2019-11-14 19:59:23,970 [org.apache.ratis.server.impl.LogAppender$AppenderDaemon$$Lambda$430/86081870@16510ffb] WARN  server.GrpcLogAppender (GrpcLogAppender.java:mayWait(151)) - f857cfdd-345c-4de8-889d-b8fdff158faf@group-5C9C84E47F8E->37fea5d6-1a60-4b82-9570-57888d4e9f46-GrpcLogAppender: Wait interrupted by java.lang.InterruptedException
2019-11-14 19:59:23,970 [main] INFO  impl.PendingRequests (PendingRequests.java:sendNotLeaderResponses(206)) - 11eb2ad5-5554-4104-ae21-9c50fee78495@group-51B898944C9A-PendingRequests: sendNotLeaderResponses
2019-11-14 19:59:23,971 [ForkJoinPool.commonPool-worker-1] INFO  impl.StateMachineUpdater (StateMachineUpdater.java:stopAndJoin(136)) - f857cfdd-345c-4de8-889d-b8fdff158faf@group-5C9C84E47F8E-StateMachineUpdater: set stopIndex = 0
2019-11-14 19:59:23,971 [grpc-default-executor-6] INFO  server.GrpcServerProtocolService (GrpcServerProtocolService.java:onCompleted(113)) - 37fea5d6-1a60-4b82-9570-57888d4e9f46: Completed APPEND_ENTRIES, lastRequest: f857cfdd-345c-4de8-889d-b8fdff158faf->37fea5d6-1a60-4b82-9570-57888d4e9f46#10-t1, previous=(t:1, i:0), leaderCommit=0, initializing? false, entries: <empty>
2019-11-14 19:59:23,971 [grpc-default-executor-9] INFO  server.GrpcServerProtocolService (GrpcServerProtocolService.java:onCompleted(113)) - 9e8f1412-9bf1-4810-b3e9-2cd8ebd4b71b: Completed APPEND_ENTRIES, lastRequest: f857cfdd-345c-4de8-889d-b8fdff158faf->9e8f1412-9bf1-4810-b3e9-2cd8ebd4b71b#10-t1, previous=(t:1, i:0), leaderCommit=0, initializing? false, entries: <empty>
2019-11-14 19:59:23,971 [ForkJoinPool.commonPool-worker-1] INFO  impl.RaftServerImpl (ServerState.java:close(387)) - f857cfdd-345c-4de8-889d-b8fdff158faf@group-5C9C84E47F8E: closes. applyIndex: 0
2019-11-14 19:59:23,971 [main] INFO  impl.StateMachineUpdater (StateMachineUpdater.java:stopAndJoin(136)) - 11eb2ad5-5554-4104-ae21-9c50fee78495@group-51B898944C9A-StateMachineUpdater: set stopIndex = 0
2019-11-14 19:59:23,972 [f857cfdd-345c-4de8-889d-b8fdff158faf@group-5C9C84E47F8E-SegmentedRaftLogWorker] INFO  segmented.SegmentedRaftLogWorker (SegmentedRaftLogWorker.java:run(316)) - f857cfdd-345c-4de8-889d-b8fdff158faf@group-5C9C84E47F8E-SegmentedRaftLogWorker was interrupted, exiting. There are 0 tasks remaining in the queue.
2019-11-14 19:59:23,972 [grpc-default-executor-6] INFO  server.GrpcLogAppender (GrpcLogAppender.java:onCompleted(308)) - f857cfdd-345c-4de8-889d-b8fdff158faf@group-5C9C84E47F8E->9e8f1412-9bf1-4810-b3e9-2cd8ebd4b71b-AppendLogResponseHandler: follower responses appendEntries COMPLETED
2019-11-14 19:59:23,972 [grpc-default-executor-9] INFO  server.GrpcLogAppender (GrpcLogAppender.java:onCompleted(308)) - f857cfdd-345c-4de8-889d-b8fdff158faf@group-5C9C84E47F8E->37fea5d6-1a60-4b82-9570-57888d4e9f46-AppendLogResponseHandler: follower responses appendEntries COMPLETED
2019-11-14 19:59:23,972 [main] INFO  impl.RaftServerImpl (ServerState.java:close(387)) - 11eb2ad5-5554-4104-ae21-9c50fee78495@group-51B898944C9A: closes. applyIndex: 0
2019-11-14 19:59:23,972 [ForkJoinPool.commonPool-worker-1] INFO  segmented.SegmentedRaftLogWorker (SegmentedRaftLogWorker.java:close(224)) - f857cfdd-345c-4de8-889d-b8fdff158faf@group-5C9C84E47F8E-SegmentedRaftLogWorker close()
2019-11-14 19:59:23,972 [11eb2ad5-5554-4104-ae21-9c50fee78495@group-51B898944C9A-SegmentedRaftLogWorker] INFO  segmented.SegmentedRaftLogWorker (SegmentedRaftLogWorker.java:run(316)) - 11eb2ad5-5554-4104-ae21-9c50fee78495@group-51B898944C9A-SegmentedRaftLogWorker was interrupted, exiting. There are 0 tasks remaining in the queue.
2019-11-14 19:59:23,974 [ForkJoinPool.commonPool-worker-1] INFO  impl.RaftServerImpl (RaftServerImpl.java:lambda$shutdown$3(250)) - f857cfdd-345c-4de8-889d-b8fdff158faf@group-97566EF15AF0: shutdown
2019-11-14 19:59:23,975 [main] INFO  segmented.SegmentedRaftLogWorker (SegmentedRaftLogWorker.java:close(224)) - 11eb2ad5-5554-4104-ae21-9c50fee78495@group-51B898944C9A-SegmentedRaftLogWorker close()
2019-11-14 19:59:23,974 [grpc-default-executor-9] INFO  impl.FollowerInfo (FollowerInfo.java:lambda$new$0(51)) - f857cfdd-345c-4de8-889d-b8fdff158faf@group-5C9C84E47F8E->37fea5d6-1a60-4b82-9570-57888d4e9f46: nextIndex: updateUnconditionally 1 -> 0
2019-11-14 19:59:23,974 [grpc-default-executor-6] INFO  impl.FollowerInfo (FollowerInfo.java:lambda$new$0(51)) - f857cfdd-345c-4de8-889d-b8fdff158faf@group-5C9C84E47F8E->9e8f1412-9bf1-4810-b3e9-2cd8ebd4b71b: nextIndex: updateUnconditionally 1 -> 0
2019-11-14 19:59:23,976 [main] INFO  server.GrpcService (GrpcService.java:closeImpl(164)) - 11eb2ad5-5554-4104-ae21-9c50fee78495: shutdown server with port 38209 now
2019-11-14 19:59:23,975 [ForkJoinPool.commonPool-worker-1] INFO  util.JmxRegister (JmxRegister.java:unregister(73)) - Successfully un-registered JMX Bean with object name Ratis:service=RaftServer,group=group-97566EF15AF0,id=f857cfdd-345c-4de8-889d-b8fdff158faf
2019-11-14 19:59:23,978 [ForkJoinPool.commonPool-worker-1] INFO  impl.RoleInfo (RoleInfo.java:shutdownLeaderState(104)) - f857cfdd-345c-4de8-889d-b8fdff158faf: shutdown LeaderState
2019-11-14 19:59:23,978 [main] INFO  server.GrpcService (GrpcService.java:closeImpl(172)) - 11eb2ad5-5554-4104-ae21-9c50fee78495: shutdown server with port 38209 successfully
2019-11-14 19:59:23,979 [ForkJoinPool.commonPool-worker-1] INFO  impl.PendingRequests (PendingRequests.java:sendNotLeaderResponses(206)) - f857cfdd-345c-4de8-889d-b8fdff158faf@group-97566EF15AF0-PendingRequests: sendNotLeaderResponses
2019-11-14 19:59:23,979 [ForkJoinPool.commonPool-worker-1] INFO  impl.StateMachineUpdater (StateMachineUpdater.java:stopAndJoin(136)) - f857cfdd-345c-4de8-889d-b8fdff158faf@group-97566EF15AF0-StateMachineUpdater: set stopIndex = 0
2019-11-14 19:59:23,979 [ForkJoinPool.commonPool-worker-1] INFO  impl.RaftServerImpl (ServerState.java:close(387)) - f857cfdd-345c-4de8-889d-b8fdff158faf@group-97566EF15AF0: closes. applyIndex: 0
2019-11-14 19:59:23,980 [f857cfdd-345c-4de8-889d-b8fdff158faf@group-97566EF15AF0-SegmentedRaftLogWorker] INFO  segmented.SegmentedRaftLogWorker (SegmentedRaftLogWorker.java:run(316)) - f857cfdd-345c-4de8-889d-b8fdff158faf@group-97566EF15AF0-SegmentedRaftLogWorker was interrupted, exiting. There are 0 tasks remaining in the queue.
2019-11-14 19:59:23,980 [ForkJoinPool.commonPool-worker-1] INFO  segmented.SegmentedRaftLogWorker (SegmentedRaftLogWorker.java:close(224)) - f857cfdd-345c-4de8-889d-b8fdff158faf@group-97566EF15AF0-SegmentedRaftLogWorker close()
2019-11-14 19:59:23,981 [ForkJoinPool.commonPool-worker-1] INFO  server.GrpcService (GrpcService.java:closeImpl(164)) - f857cfdd-345c-4de8-889d-b8fdff158faf: shutdown server with port 39658 now
2019-11-14 19:59:23,982 [refreshUsed-/workdir/hadoop-ozone/integration-test/target/test-dir/MiniOzoneClusterImpl-df23ed15-4459-4301-a988-82089ad70e13/datanode-5/data/containers] WARN  fs.CachingGetSpaceUsed (CachingGetSpaceUsed.java:run(183)) - Thread Interrupted waiting to refresh disk information: sleep interrupted
2019-11-14 19:59:23,982 [ForkJoinPool.commonPool-worker-1] INFO  server.GrpcService (GrpcService.java:closeImpl(172)) - f857cfdd-345c-4de8-889d-b8fdff158faf: shutdown server with port 39658 successfully
2019-11-14 19:59:23,984 [refreshUsed-/workdir/hadoop-ozone/integration-test/target/test-dir/MiniOzoneClusterImpl-df23ed15-4459-4301-a988-82089ad70e13/datanode-2/data/containers] WARN  fs.CachingGetSpaceUsed (CachingGetSpaceUsed.java:run(183)) - Thread Interrupted waiting to refresh disk information: sleep interrupted
2019-11-14 19:59:24,004 [main] INFO  utils.BackgroundService (BackgroundService.java:shutdown(151)) - Shutting down service BlockDeletingService
2019-11-14 19:59:24,004 [ForkJoinPool.commonPool-worker-1] INFO  utils.BackgroundService (BackgroundService.java:shutdown(151)) - Shutting down service BlockDeletingService
2019-11-14 19:59:24,024 [ForkJoinPool.commonPool-worker-1] INFO  statemachine.DatanodeStateMachine (DatanodeStateMachine.java:stopDaemon(400)) - Ozone container server stopped.
2019-11-14 19:59:24,024 [main] INFO  statemachine.DatanodeStateMachine (DatanodeStateMachine.java:stopDaemon(400)) - Ozone container server stopped.
2019-11-14 19:59:24,031 [main] INFO  handler.ContextHandler (ContextHandler.java:doStop(910)) - Stopped o.e.j.w.WebAppContext@7caf1e5{/,null,UNAVAILABLE}{/hddsDatanode}
2019-11-14 19:59:24,031 [ForkJoinPool.commonPool-worker-1] INFO  handler.ContextHandler (ContextHandler.java:doStop(910)) - Stopped o.e.j.w.WebAppContext@569348e1{/,null,UNAVAILABLE}{/hddsDatanode}
2019-11-14 19:59:24,031 [ForkJoinPool.commonPool-worker-1] INFO  server.AbstractConnector (AbstractConnector.java:doStop(318)) - Stopped ServerConnector@7db5b890{HTTP/1.1,[http/1.1]}{0.0.0.0:0}
2019-11-14 19:59:24,031 [main] INFO  server.AbstractConnector (AbstractConnector.java:doStop(318)) - Stopped ServerConnector@5c234920{HTTP/1.1,[http/1.1]}{0.0.0.0:0}
2019-11-14 19:59:24,033 [ForkJoinPool.commonPool-worker-1] INFO  handler.ContextHandler (ContextHandler.java:doStop(910)) - Stopped o.e.j.s.ServletContextHandler@5c1b89ac{/static,jar:file:/home/user/.m2/repository/org/apache/hadoop/hadoop-hdds-container-service/0.5.0-SNAPSHOT/hadoop-hdds-container-service-0.5.0-SNAPSHOT.jar!/webapps/static,UNAVAILABLE}
2019-11-14 19:59:24,033 [main] INFO  handler.ContextHandler (ContextHandler.java:doStop(910)) - Stopped o.e.j.s.ServletContextHandler@27ffd9f8{/static,jar:file:/home/user/.m2/repository/org/apache/hadoop/hadoop-hdds-container-service/0.5.0-SNAPSHOT/hadoop-hdds-container-service-0.5.0-SNAPSHOT.jar!/webapps/static,UNAVAILABLE}
2019-11-14 19:59:24,035 [ForkJoinPool.commonPool-worker-1] INFO  handler.ContextHandler (ContextHandler.java:doStop(910)) - Stopped o.e.j.s.ServletContextHandler@6206b4a7{/logs,file:///workdir/hadoop-ozone/integration-test/target/log,UNAVAILABLE}
2019-11-14 19:59:24,035 [main] INFO  handler.ContextHandler (ContextHandler.java:doStop(910)) - Stopped o.e.j.s.ServletContextHandler@7ac48f05{/logs,file:///workdir/hadoop-ozone/integration-test/target/log,UNAVAILABLE}
2019-11-14 19:59:24,789 [Datanode State Machine Thread - 0] INFO  statemachine.DatanodeStateMachine (DatanodeStateMachine.java:lambda$startDaemon$0(355)) - Ozone container server started.
2019-11-14 19:59:24,903 [Datanode State Machine Thread - 0] INFO  statemachine.DatanodeStateMachine (DatanodeStateMachine.java:lambda$startDaemon$0(355)) - Ozone container server started.
2019-11-14 19:59:25,739 [Thread-3703] INFO  impl.FollowerState (FollowerState.java:run(111)) - 37fea5d6-1a60-4b82-9570-57888d4e9f46@group-5C9C84E47F8E-FollowerState: change to CANDIDATE, lastRpcTime:2108ms, electionTimeout:1169ms
2019-11-14 19:59:25,740 [Thread-3703] INFO  impl.RoleInfo (RoleInfo.java:shutdownFollowerState(121)) - 37fea5d6-1a60-4b82-9570-57888d4e9f46: shutdown FollowerState
2019-11-14 19:59:25,740 [Thread-3703] INFO  impl.RaftServerImpl (RaftServerImpl.java:setRole(173)) - 37fea5d6-1a60-4b82-9570-57888d4e9f46@group-5C9C84E47F8E: changes role from  FOLLOWER to CANDIDATE at term 1 for changeToCandidate
2019-11-14 19:59:25,740 [Thread-3703] INFO  impl.RoleInfo (RoleInfo.java:updateAndGet(143)) - 37fea5d6-1a60-4b82-9570-57888d4e9f46: start LeaderElection
2019-11-14 19:59:25,740 [37fea5d6-1a60-4b82-9570-57888d4e9f46@group-5C9C84E47F8E-LeaderElection153] INFO  impl.RaftServerImpl (ServerState.java:setLeader(255)) - 37fea5d6-1a60-4b82-9570-57888d4e9f46@group-5C9C84E47F8E: change Leader from f857cfdd-345c-4de8-889d-b8fdff158faf to null at term 1 for initElection
2019-11-14 19:59:25,755 [37fea5d6-1a60-4b82-9570-57888d4e9f46@group-5C9C84E47F8E-LeaderElection153] INFO  impl.LeaderElection (LeaderElection.java:askForVotes(178)) - 37fea5d6-1a60-4b82-9570-57888d4e9f46@group-5C9C84E47F8E-LeaderElection153: begin an election at term 2 for 0: [9e8f1412-9bf1-4810-b3e9-2cd8ebd4b71b:192.168.157.219:38230, f857cfdd-345c-4de8-889d-b8fdff158faf:192.168.157.219:39658, 37fea5d6-1a60-4b82-9570-57888d4e9f46:192.168.157.219:35005], old=null
2019-11-14 19:59:25,758 [37fea5d6-1a60-4b82-9570-57888d4e9f46@group-5C9C84E47F8E-LeaderElection153] INFO  impl.LeaderElection (LogUtils.java:infoOrTrace(149)) - 37fea5d6-1a60-4b82-9570-57888d4e9f46@group-5C9C84E47F8E-LeaderElection153 got exception when requesting votes: {}
java.util.concurrent.ExecutionException: org.apache.ratis.thirdparty.io.grpc.StatusRuntimeException: UNAVAILABLE: io exception
	at java.util.concurrent.FutureTask.report(FutureTask.java:122)
	at java.util.concurrent.FutureTask.get(FutureTask.java:192)
	at org.apache.ratis.server.impl.LeaderElection.waitForResults(LeaderElection.java:259)
	at org.apache.ratis.server.impl.LeaderElection.askForVotes(LeaderElection.java:197)
	at org.apache.ratis.server.impl.LeaderElection.run(LeaderElection.java:133)
	at java.lang.Thread.run(Thread.java:748)
Caused by: org.apache.ratis.thirdparty.io.grpc.StatusRuntimeException: UNAVAILABLE: io exception
	at org.apache.ratis.thirdparty.io.grpc.stub.ClientCalls.toStatusRuntimeException(ClientCalls.java:233)
	at org.apache.ratis.thirdparty.io.grpc.stub.ClientCalls.getUnchecked(ClientCalls.java:214)
	at org.apache.ratis.thirdparty.io.grpc.stub.ClientCalls.blockingUnaryCall(ClientCalls.java:139)
	at org.apache.ratis.proto.grpc.RaftServerProtocolServiceGrpc$RaftServerProtocolServiceBlockingStub.requestVote(RaftServerProtocolServiceGrpc.java:265)
	at org.apache.ratis.grpc.server.GrpcServerProtocolClient.requestVote(GrpcServerProtocolClient.java:99)
	at org.apache.ratis.grpc.server.GrpcService.requestVote(GrpcService.java:204)
	at org.apache.ratis.server.impl.LeaderElection.lambda$submitRequests$1(LeaderElection.java:234)
	at java.util.concurrent.FutureTask.run(FutureTask.java:266)
	at java.util.concurrent.Executors$RunnableAdapter.call(Executors.java:511)
	at java.util.concurrent.FutureTask.run(FutureTask.java:266)
	at java.util.concurrent.ThreadPoolExecutor.runWorker(ThreadPoolExecutor.java:1149)
	at java.util.concurrent.ThreadPoolExecutor$Worker.run(ThreadPoolExecutor.java:624)
	... 1 more
Caused by: org.apache.ratis.thirdparty.io.netty.channel.AbstractChannel$AnnotatedConnectException: Connection refused: /192.168.157.219:39658
	at sun.nio.ch.SocketChannelImpl.checkConnect(Native Method)
	at sun.nio.ch.SocketChannelImpl.finishConnect(SocketChannelImpl.java:717)
	at org.apache.ratis.thirdparty.io.netty.channel.socket.nio.NioSocketChannel.doFinishConnect(NioSocketChannel.java:327)
	at org.apache.ratis.thirdparty.io.netty.channel.nio.AbstractNioChannel$AbstractNioUnsafe.finishConnect(AbstractNioChannel.java:340)
	at org.apache.ratis.thirdparty.io.netty.channel.nio.NioEventLoop.processSelectedKey(NioEventLoop.java:632)
	at org.apache.ratis.thirdparty.io.netty.channel.nio.NioEventLoop.processSelectedKeysOptimized(NioEventLoop.java:579)
	at org.apache.ratis.thirdparty.io.netty.channel.nio.NioEventLoop.processSelectedKeys(NioEventLoop.java:496)
	at org.apache.ratis.thirdparty.io.netty.channel.nio.NioEventLoop.run(NioEventLoop.java:458)
	at org.apache.ratis.thirdparty.io.netty.util.concurrent.SingleThreadEventExecutor$5.run(SingleThreadEventExecutor.java:897)
	at org.apache.ratis.thirdparty.io.netty.util.concurrent.FastThreadLocalRunnable.run(FastThreadLocalRunnable.java:30)
	... 1 more
Caused by: java.net.ConnectException: Connection refused
	... 11 more
2019-11-14 19:59:25,761 [grpc-default-executor-9] INFO  impl.RaftServerImpl (ServerState.java:setLeader(255)) - 9e8f1412-9bf1-4810-b3e9-2cd8ebd4b71b@group-5C9C84E47F8E: change Leader from f857cfdd-345c-4de8-889d-b8fdff158faf to null at term 2 for updateCurrentTerm
2019-11-14 19:59:25,761 [grpc-default-executor-9] INFO  impl.RaftServerImpl (RaftServerImpl.java:setRole(173)) - 9e8f1412-9bf1-4810-b3e9-2cd8ebd4b71b@group-5C9C84E47F8E: changes role from  FOLLOWER to FOLLOWER at term 2 for recognizeCandidate:37fea5d6-1a60-4b82-9570-57888d4e9f46
2019-11-14 19:59:25,761 [grpc-default-executor-9] INFO  impl.RoleInfo (RoleInfo.java:shutdownFollowerState(121)) - 9e8f1412-9bf1-4810-b3e9-2cd8ebd4b71b: shutdown FollowerState
2019-11-14 19:59:25,761 [grpc-default-executor-9] INFO  impl.RoleInfo (RoleInfo.java:updateAndGet(143)) - 9e8f1412-9bf1-4810-b3e9-2cd8ebd4b71b: start FollowerState
2019-11-14 19:59:25,761 [Thread-3704] INFO  impl.FollowerState (FollowerState.java:run(120)) - 9e8f1412-9bf1-4810-b3e9-2cd8ebd4b71b@group-5C9C84E47F8E-FollowerState was interrupted: java.lang.InterruptedException: sleep interrupted
2019-11-14 19:59:25,780 [37fea5d6-1a60-4b82-9570-57888d4e9f46@group-5C9C84E47F8E-LeaderElection153] INFO  impl.LeaderElection (LeaderElection.java:logAndReturn(56)) - 37fea5d6-1a60-4b82-9570-57888d4e9f46@group-5C9C84E47F8E-LeaderElection153: Election PASSED; received 1 response(s) [37fea5d6-1a60-4b82-9570-57888d4e9f46<-9e8f1412-9bf1-4810-b3e9-2cd8ebd4b71b#0:OK-t2] and 1 exception(s); 37fea5d6-1a60-4b82-9570-57888d4e9f46@group-5C9C84E47F8E:t2, leader=null, voted=37fea5d6-1a60-4b82-9570-57888d4e9f46, raftlog=37fea5d6-1a60-4b82-9570-57888d4e9f46@group-5C9C84E47F8E-SegmentedRaftLog:OPENED:c0,f0,i0, conf=0: [9e8f1412-9bf1-4810-b3e9-2cd8ebd4b71b:192.168.157.219:38230, f857cfdd-345c-4de8-889d-b8fdff158faf:192.168.157.219:39658, 37fea5d6-1a60-4b82-9570-57888d4e9f46:192.168.157.219:35005], old=null
2019-11-14 19:59:25,780 [37fea5d6-1a60-4b82-9570-57888d4e9f46@group-5C9C84E47F8E-LeaderElection153] INFO  impl.LeaderElection (LogUtils.java:infoOrTrace(149)) -   Exception 0: {}
java.util.concurrent.ExecutionException: org.apache.ratis.thirdparty.io.grpc.StatusRuntimeException: UNAVAILABLE: io exception
	at java.util.concurrent.FutureTask.report(FutureTask.java:122)
	at java.util.concurrent.FutureTask.get(FutureTask.java:192)
	at org.apache.ratis.server.impl.LeaderElection.waitForResults(LeaderElection.java:259)
	at org.apache.ratis.server.impl.LeaderElection.askForVotes(LeaderElection.java:197)
	at org.apache.ratis.server.impl.LeaderElection.run(LeaderElection.java:133)
	at java.lang.Thread.run(Thread.java:748)
Caused by: org.apache.ratis.thirdparty.io.grpc.StatusRuntimeException: UNAVAILABLE: io exception
	at org.apache.ratis.thirdparty.io.grpc.stub.ClientCalls.toStatusRuntimeException(ClientCalls.java:233)
	at org.apache.ratis.thirdparty.io.grpc.stub.ClientCalls.getUnchecked(ClientCalls.java:214)
	at org.apache.ratis.thirdparty.io.grpc.stub.ClientCalls.blockingUnaryCall(ClientCalls.java:139)
	at org.apache.ratis.proto.grpc.RaftServerProtocolServiceGrpc$RaftServerProtocolServiceBlockingStub.requestVote(RaftServerProtocolServiceGrpc.java:265)
	at org.apache.ratis.grpc.server.GrpcServerProtocolClient.requestVote(GrpcServerProtocolClient.java:99)
	at org.apache.ratis.grpc.server.GrpcService.requestVote(GrpcService.java:204)
	at org.apache.ratis.server.impl.LeaderElection.lambda$submitRequests$1(LeaderElection.java:234)
	at java.util.concurrent.FutureTask.run(FutureTask.java:266)
	at java.util.concurrent.Executors$RunnableAdapter.call(Executors.java:511)
	at java.util.concurrent.FutureTask.run(FutureTask.java:266)
	at java.util.concurrent.ThreadPoolExecutor.runWorker(ThreadPoolExecutor.java:1149)
	at java.util.concurrent.ThreadPoolExecutor$Worker.run(ThreadPoolExecutor.java:624)
	... 1 more
Caused by: org.apache.ratis.thirdparty.io.netty.channel.AbstractChannel$AnnotatedConnectException: Connection refused: /192.168.157.219:39658
	at sun.nio.ch.SocketChannelImpl.checkConnect(Native Method)
	at sun.nio.ch.SocketChannelImpl.finishConnect(SocketChannelImpl.java:717)
	at org.apache.ratis.thirdparty.io.netty.channel.socket.nio.NioSocketChannel.doFinishConnect(NioSocketChannel.java:327)
	at org.apache.ratis.thirdparty.io.netty.channel.nio.AbstractNioChannel$AbstractNioUnsafe.finishConnect(AbstractNioChannel.java:340)
	at org.apache.ratis.thirdparty.io.netty.channel.nio.NioEventLoop.processSelectedKey(NioEventLoop.java:632)
	at org.apache.ratis.thirdparty.io.netty.channel.nio.NioEventLoop.processSelectedKeysOptimized(NioEventLoop.java:579)
	at org.apache.ratis.thirdparty.io.netty.channel.nio.NioEventLoop.processSelectedKeys(NioEventLoop.java:496)
	at org.apache.ratis.thirdparty.io.netty.channel.nio.NioEventLoop.run(NioEventLoop.java:458)
	at org.apache.ratis.thirdparty.io.netty.util.concurrent.SingleThreadEventExecutor$5.run(SingleThreadEventExecutor.java:897)
	at org.apache.ratis.thirdparty.io.netty.util.concurrent.FastThreadLocalRunnable.run(FastThreadLocalRunnable.java:30)
	... 1 more
Caused by: java.net.ConnectException: Connection refused
	... 11 more
2019-11-14 19:59:25,780 [37fea5d6-1a60-4b82-9570-57888d4e9f46@group-5C9C84E47F8E-LeaderElection153] INFO  impl.RoleInfo (RoleInfo.java:shutdownLeaderElection(134)) - 37fea5d6-1a60-4b82-9570-57888d4e9f46: shutdown LeaderElection
2019-11-14 19:59:25,780 [37fea5d6-1a60-4b82-9570-57888d4e9f46@group-5C9C84E47F8E-LeaderElection153] INFO  impl.RaftServerImpl (RaftServerImpl.java:setRole(173)) - 37fea5d6-1a60-4b82-9570-57888d4e9f46@group-5C9C84E47F8E: changes role from CANDIDATE to LEADER at term 2 for changeToLeader
2019-11-14 19:59:25,780 [37fea5d6-1a60-4b82-9570-57888d4e9f46@group-5C9C84E47F8E-LeaderElection153] INFO  ratis.XceiverServerRatis (XceiverServerRatis.java:handleLeaderChangedNotification(697)) - Leader change notification received for group: group-5C9C84E47F8E with new leaderId: 37fea5d6-1a60-4b82-9570-57888d4e9f46
2019-11-14 19:59:25,781 [37fea5d6-1a60-4b82-9570-57888d4e9f46@group-5C9C84E47F8E-LeaderElection153] INFO  impl.RaftServerImpl (ServerState.java:setLeader(255)) - 37fea5d6-1a60-4b82-9570-57888d4e9f46@group-5C9C84E47F8E: change Leader from null to 37fea5d6-1a60-4b82-9570-57888d4e9f46 at term 2 for becomeLeader, leader elected after 40ms
2019-11-14 19:59:25,781 [37fea5d6-1a60-4b82-9570-57888d4e9f46@group-5C9C84E47F8E-LeaderElection153] INFO  server.RaftServerConfigKeys (ConfUtils.java:logGet(43)) - raft.server.staging.catchup.gap = 1000 (default)
2019-11-14 19:59:25,781 [37fea5d6-1a60-4b82-9570-57888d4e9f46@group-5C9C84E47F8E-LeaderElection153] INFO  server.RaftServerConfigKeys (ConfUtils.java:logGet(43)) - raft.server.rpc.sleep.time = 25ms (default)
2019-11-14 19:59:25,781 [37fea5d6-1a60-4b82-9570-57888d4e9f46@group-5C9C84E47F8E-LeaderElection153] INFO  server.RaftServerConfigKeys (ConfUtils.java:logGet(43)) - raft.server.write.element-limit = 4096 (default)
2019-11-14 19:59:25,781 [37fea5d6-1a60-4b82-9570-57888d4e9f46@group-5C9C84E47F8E-LeaderElection153] INFO  server.RaftServerConfigKeys (ConfUtils.java:logGet(43)) - raft.server.watch.timeout = 10s (default)
2019-11-14 19:59:25,781 [37fea5d6-1a60-4b82-9570-57888d4e9f46@group-5C9C84E47F8E-LeaderElection153] INFO  server.RaftServerConfigKeys (ConfUtils.java:logGet(43)) - raft.server.watch.timeout.denomination = 1s (default)
2019-11-14 19:59:25,781 [37fea5d6-1a60-4b82-9570-57888d4e9f46@group-5C9C84E47F8E-LeaderElection153] INFO  server.RaftServerConfigKeys (ConfUtils.java:logGet(43)) - raft.server.watch.element-limit = 65536 (default)
2019-11-14 19:59:25,781 [37fea5d6-1a60-4b82-9570-57888d4e9f46@group-5C9C84E47F8E-LeaderElection153] INFO  server.RaftServerConfigKeys (ConfUtils.java:logGet(43)) - raft.server.log.appender.snapshot.chunk.size.max = 16MB (=16777216) (default)
2019-11-14 19:59:25,782 [37fea5d6-1a60-4b82-9570-57888d4e9f46@group-5C9C84E47F8E-LeaderElection153] INFO  server.RaftServerConfigKeys (ConfUtils.java:logGet(43)) - raft.server.log.appender.buffer.byte-limit = 33554432 (custom)
2019-11-14 19:59:25,782 [EventQueue-PipelineReportForPipelineReportHandler] INFO  pipeline.PipelineStateManager (PipelineStateManager.java:openPipeline(134)) - Pipeline Pipeline[ Id: 1c92a1b8-0acd-4a8d-8abf-5c9c84e47f8e, Nodes: 9e8f1412-9bf1-4810-b3e9-2cd8ebd4b71b{ip: 192.168.157.219, host: pr-hdds-2489-n52xc-1246314526, networkLocation: /rack1, certSerialId: null}f857cfdd-345c-4de8-889d-b8fdff158faf{ip: 192.168.157.219, host: pr-hdds-2489-n52xc-1246314526, networkLocation: /rack1, certSerialId: null}37fea5d6-1a60-4b82-9570-57888d4e9f46{ip: 192.168.157.219, host: pr-hdds-2489-n52xc-1246314526, networkLocation: /rack1, certSerialId: null}, Type:RATIS, Factor:THREE, State:OPEN] moved to OPEN state
2019-11-14 19:59:25,782 [37fea5d6-1a60-4b82-9570-57888d4e9f46@group-5C9C84E47F8E-LeaderElection153] INFO  server.RaftServerConfigKeys (ConfUtils.java:logGet(43)) - raft.server.log.appender.buffer.element-limit = 1 (custom)
2019-11-14 19:59:25,782 [37fea5d6-1a60-4b82-9570-57888d4e9f46@group-5C9C84E47F8E-LeaderElection153] INFO  grpc.GrpcConfigKeys$Server (ConfUtils.java:logGet(43)) - raft.grpc.server.leader.outstanding.appends.max = 128 (default)
2019-11-14 19:59:25,782 [37fea5d6-1a60-4b82-9570-57888d4e9f46@group-5C9C84E47F8E-LeaderElection153] INFO  server.RaftServerConfigKeys (ConfUtils.java:logGet(43)) - raft.server.rpc.request.timeout = 3000ms (default)
2019-11-14 19:59:25,782 [37fea5d6-1a60-4b82-9570-57888d4e9f46@group-5C9C84E47F8E-LeaderElection153] INFO  server.RaftServerConfigKeys (ConfUtils.java:logGet(43)) - raft.server.log.appender.install.snapshot.enabled = false (custom)
2019-11-14 19:59:25,782 [37fea5d6-1a60-4b82-9570-57888d4e9f46@group-5C9C84E47F8E-LeaderElection153] WARN  impl.MetricRegistriesImpl (MetricRegistriesImpl.java:lambda$create$1(61)) - First MetricRegistry has been created without registering reporters. You may need to call MetricRegistries.global().addReportRegistration(...) before.
2019-11-14 19:59:25,783 [37fea5d6-1a60-4b82-9570-57888d4e9f46@group-5C9C84E47F8E-LeaderElection153] INFO  server.RaftServerConfigKeys (ConfUtils.java:logGet(43)) - raft.server.log.appender.snapshot.chunk.size.max = 16MB (=16777216) (default)
2019-11-14 19:59:25,783 [37fea5d6-1a60-4b82-9570-57888d4e9f46@group-5C9C84E47F8E-LeaderElection153] INFO  server.RaftServerConfigKeys (ConfUtils.java:logGet(43)) - raft.server.log.appender.buffer.byte-limit = 33554432 (custom)
2019-11-14 19:59:25,783 [37fea5d6-1a60-4b82-9570-57888d4e9f46@group-5C9C84E47F8E-LeaderElection153] INFO  server.RaftServerConfigKeys (ConfUtils.java:logGet(43)) - raft.server.log.appender.buffer.element-limit = 1 (custom)
2019-11-14 19:59:25,783 [37fea5d6-1a60-4b82-9570-57888d4e9f46@group-5C9C84E47F8E-LeaderElection153] INFO  grpc.GrpcConfigKeys$Server (ConfUtils.java:logGet(43)) - raft.grpc.server.leader.outstanding.appends.max = 128 (default)
2019-11-14 19:59:25,783 [37fea5d6-1a60-4b82-9570-57888d4e9f46@group-5C9C84E47F8E-LeaderElection153] INFO  server.RaftServerConfigKeys (ConfUtils.java:logGet(43)) - raft.server.rpc.request.timeout = 3000ms (default)
2019-11-14 19:59:25,783 [37fea5d6-1a60-4b82-9570-57888d4e9f46@group-5C9C84E47F8E-LeaderElection153] INFO  server.RaftServerConfigKeys (ConfUtils.java:logGet(43)) - raft.server.log.appender.install.snapshot.enabled = false (custom)
2019-11-14 19:59:25,783 [37fea5d6-1a60-4b82-9570-57888d4e9f46@group-5C9C84E47F8E-LeaderElection153] INFO  impl.RoleInfo (RoleInfo.java:updateAndGet(143)) - 37fea5d6-1a60-4b82-9570-57888d4e9f46: start LeaderState
2019-11-14 19:59:25,783 [37fea5d6-1a60-4b82-9570-57888d4e9f46@group-5C9C84E47F8E-LeaderElection153] INFO  segmented.SegmentedRaftLogWorker (SegmentedRaftLogWorker.java:rollLogSegment(390)) - 37fea5d6-1a60-4b82-9570-57888d4e9f46@group-5C9C84E47F8E-SegmentedRaftLogWorker: Rolling segment log-0_0 to index:0
2019-11-14 19:59:25,784 [37fea5d6-1a60-4b82-9570-57888d4e9f46@group-5C9C84E47F8E-LeaderElection153] INFO  impl.RaftServerImpl (ServerState.java:setRaftConf(356)) - 37fea5d6-1a60-4b82-9570-57888d4e9f46@group-5C9C84E47F8E: set configuration 1: [9e8f1412-9bf1-4810-b3e9-2cd8ebd4b71b:192.168.157.219:38230, f857cfdd-345c-4de8-889d-b8fdff158faf:192.168.157.219:39658, 37fea5d6-1a60-4b82-9570-57888d4e9f46:192.168.157.219:35005], old=null at 1
2019-11-14 19:59:25,784 [37fea5d6-1a60-4b82-9570-57888d4e9f46@group-5C9C84E47F8E-SegmentedRaftLogWorker] INFO  segmented.SegmentedRaftLogWorker (SegmentedRaftLogWorker.java:execute(533)) - 37fea5d6-1a60-4b82-9570-57888d4e9f46@group-5C9C84E47F8E-SegmentedRaftLogWorker: Rolled log segment from /workdir/hadoop-ozone/integration-test/target/test-dir/MiniOzoneClusterImpl-df23ed15-4459-4301-a988-82089ad70e13/datanode-1/data/ratis/1c92a1b8-0acd-4a8d-8abf-5c9c84e47f8e/current/log_inprogress_0 to /workdir/hadoop-ozone/integration-test/target/test-dir/MiniOzoneClusterImpl-df23ed15-4459-4301-a988-82089ad70e13/datanode-1/data/ratis/1c92a1b8-0acd-4a8d-8abf-5c9c84e47f8e/current/log_0-0
2019-11-14 19:59:25,784 [grpc-default-executor-9] WARN  server.GrpcLogAppender (LogUtils.java:warn(134)) - 37fea5d6-1a60-4b82-9570-57888d4e9f46@group-5C9C84E47F8E->f857cfdd-345c-4de8-889d-b8fdff158faf-AppendLogResponseHandler: Failed appendEntries: org.apache.ratis.thirdparty.io.grpc.StatusRuntimeException: UNAVAILABLE: io exception
2019-11-14 19:59:25,784 [grpc-default-executor-9] INFO  impl.FollowerInfo (FollowerInfo.java:lambda$new$0(51)) - 37fea5d6-1a60-4b82-9570-57888d4e9f46@group-5C9C84E47F8E->f857cfdd-345c-4de8-889d-b8fdff158faf: nextIndex: updateUnconditionally 1 -> 0
2019-11-14 19:59:25,785 [grpc-default-executor-8] INFO  ratis.XceiverServerRatis (XceiverServerRatis.java:handleLeaderChangedNotification(697)) - Leader change notification received for group: group-5C9C84E47F8E with new leaderId: 37fea5d6-1a60-4b82-9570-57888d4e9f46
2019-11-14 19:59:25,785 [grpc-default-executor-8] INFO  impl.RaftServerImpl (ServerState.java:setLeader(255)) - 9e8f1412-9bf1-4810-b3e9-2cd8ebd4b71b@group-5C9C84E47F8E: change Leader from null to 37fea5d6-1a60-4b82-9570-57888d4e9f46 at term 2 for appendEntries, leader elected after 23ms
2019-11-14 19:59:25,786 [grpc-default-executor-8] INFO  impl.RaftServerImpl (ServerState.java:setRaftConf(356)) - 9e8f1412-9bf1-4810-b3e9-2cd8ebd4b71b@group-5C9C84E47F8E: set configuration 1: [9e8f1412-9bf1-4810-b3e9-2cd8ebd4b71b:192.168.157.219:38230, f857cfdd-345c-4de8-889d-b8fdff158faf:192.168.157.219:39658, 37fea5d6-1a60-4b82-9570-57888d4e9f46:192.168.157.219:35005], old=null at 1
2019-11-14 19:59:25,786 [grpc-default-executor-8] INFO  segmented.SegmentedRaftLogWorker (SegmentedRaftLogWorker.java:rollLogSegment(390)) - 9e8f1412-9bf1-4810-b3e9-2cd8ebd4b71b@group-5C9C84E47F8E-SegmentedRaftLogWorker: Rolling segment log-0_0 to index:0
2019-11-14 19:59:25,787 [9e8f1412-9bf1-4810-b3e9-2cd8ebd4b71b@group-5C9C84E47F8E-SegmentedRaftLogWorker] INFO  segmented.SegmentedRaftLogWorker (SegmentedRaftLogWorker.java:execute(533)) - 9e8f1412-9bf1-4810-b3e9-2cd8ebd4b71b@group-5C9C84E47F8E-SegmentedRaftLogWorker: Rolled log segment from /workdir/hadoop-ozone/integration-test/target/test-dir/MiniOzoneClusterImpl-df23ed15-4459-4301-a988-82089ad70e13/datanode-4/data/ratis/1c92a1b8-0acd-4a8d-8abf-5c9c84e47f8e/current/log_inprogress_0 to /workdir/hadoop-ozone/integration-test/target/test-dir/MiniOzoneClusterImpl-df23ed15-4459-4301-a988-82089ad70e13/datanode-4/data/ratis/1c92a1b8-0acd-4a8d-8abf-5c9c84e47f8e/current/log_0-0
2019-11-14 19:59:25,832 [9e8f1412-9bf1-4810-b3e9-2cd8ebd4b71b@group-5C9C84E47F8E-SegmentedRaftLogWorker] INFO  segmented.SegmentedRaftLogWorker (SegmentedRaftLogWorker.java:execute(576)) - 9e8f1412-9bf1-4810-b3e9-2cd8ebd4b71b@group-5C9C84E47F8E-SegmentedRaftLogWorker: created new log segment /workdir/hadoop-ozone/integration-test/target/test-dir/MiniOzoneClusterImpl-df23ed15-4459-4301-a988-82089ad70e13/datanode-4/data/ratis/1c92a1b8-0acd-4a8d-8abf-5c9c84e47f8e/current/log_inprogress_1
2019-11-14 19:59:25,832 [37fea5d6-1a60-4b82-9570-57888d4e9f46@group-5C9C84E47F8E-SegmentedRaftLogWorker] INFO  segmented.SegmentedRaftLogWorker (SegmentedRaftLogWorker.java:execute(576)) - 37fea5d6-1a60-4b82-9570-57888d4e9f46@group-5C9C84E47F8E-SegmentedRaftLogWorker: created new log segment /workdir/hadoop-ozone/integration-test/target/test-dir/MiniOzoneClusterImpl-df23ed15-4459-4301-a988-82089ad70e13/datanode-1/data/ratis/1c92a1b8-0acd-4a8d-8abf-5c9c84e47f8e/current/log_inprogress_1
2019-11-14 19:59:25,841 [grpc-default-executor-6] WARN  server.GrpcLogAppender (LogUtils.java:warn(134)) - 37fea5d6-1a60-4b82-9570-57888d4e9f46@group-5C9C84E47F8E->f857cfdd-345c-4de8-889d-b8fdff158faf-AppendLogResponseHandler: Failed appendEntries: org.apache.ratis.thirdparty.io.grpc.StatusRuntimeException: UNAVAILABLE: io exception
2019-11-14 19:59:25,841 [grpc-default-executor-6] INFO  impl.FollowerInfo (FollowerInfo.java:lambda$new$0(51)) - 37fea5d6-1a60-4b82-9570-57888d4e9f46@group-5C9C84E47F8E->f857cfdd-345c-4de8-889d-b8fdff158faf: nextIndex: updateUnconditionally 1 -> 0
2019-11-14 19:59:25,843 [grpc-default-executor-8] WARN  server.GrpcLogAppender (LogUtils.java:warn(134)) - 37fea5d6-1a60-4b82-9570-57888d4e9f46@group-5C9C84E47F8E->f857cfdd-345c-4de8-889d-b8fdff158faf-AppendLogResponseHandler: Failed appendEntries: org.apache.ratis.thirdparty.io.grpc.StatusRuntimeException: UNAVAILABLE: io exception
2019-11-14 19:59:25,843 [grpc-default-executor-8] INFO  impl.FollowerInfo (FollowerInfo.java:lambda$new$0(51)) - 37fea5d6-1a60-4b82-9570-57888d4e9f46@group-5C9C84E47F8E->f857cfdd-345c-4de8-889d-b8fdff158faf: nextIndex: updateUnconditionally 1 -> 0
2019-11-14 19:59:26,344 [grpc-default-executor-7] WARN  server.GrpcLogAppender (LogUtils.java:warn(134)) - 37fea5d6-1a60-4b82-9570-57888d4e9f46@group-5C9C84E47F8E->f857cfdd-345c-4de8-889d-b8fdff158faf-AppendLogResponseHandler: Failed appendEntries: org.apache.ratis.thirdparty.io.grpc.StatusRuntimeException: UNAVAILABLE: io exception
2019-11-14 19:59:26,344 [grpc-default-executor-7] INFO  impl.FollowerInfo (FollowerInfo.java:lambda$new$0(51)) - 37fea5d6-1a60-4b82-9570-57888d4e9f46@group-5C9C84E47F8E->f857cfdd-345c-4de8-889d-b8fdff158faf: nextIndex: updateUnconditionally 0 -> 0
2019-11-14 19:59:26,844 [grpc-default-executor-8] WARN  server.GrpcLogAppender (LogUtils.java:warn(134)) - 37fea5d6-1a60-4b82-9570-57888d4e9f46@group-5C9C84E47F8E->f857cfdd-345c-4de8-889d-b8fdff158faf-AppendLogResponseHandler: Failed appendEntries: org.apache.ratis.thirdparty.io.grpc.StatusRuntimeException: UNAVAILABLE: io exception
2019-11-14 19:59:26,844 [grpc-default-executor-8] INFO  impl.FollowerInfo (FollowerInfo.java:lambda$new$0(51)) - 37fea5d6-1a60-4b82-9570-57888d4e9f46@group-5C9C84E47F8E->f857cfdd-345c-4de8-889d-b8fdff158faf: nextIndex: updateUnconditionally 0 -> 0
2019-11-14 19:59:27,345 [grpc-default-executor-6] WARN  server.GrpcLogAppender (LogUtils.java:warn(134)) - 37fea5d6-1a60-4b82-9570-57888d4e9f46@group-5C9C84E47F8E->f857cfdd-345c-4de8-889d-b8fdff158faf-AppendLogResponseHandler: Failed appendEntries: org.apache.ratis.thirdparty.io.grpc.StatusRuntimeException: UNAVAILABLE: io exception
2019-11-14 19:59:27,345 [grpc-default-executor-6] INFO  impl.FollowerInfo (FollowerInfo.java:lambda$new$0(51)) - 37fea5d6-1a60-4b82-9570-57888d4e9f46@group-5C9C84E47F8E->f857cfdd-345c-4de8-889d-b8fdff158faf: nextIndex: updateUnconditionally 0 -> 0
2019-11-14 19:59:27,845 [grpc-default-executor-7] WARN  server.GrpcLogAppender (LogUtils.java:warn(134)) - 37fea5d6-1a60-4b82-9570-57888d4e9f46@group-5C9C84E47F8E->f857cfdd-345c-4de8-889d-b8fdff158faf-AppendLogResponseHandler: Failed appendEntries: org.apache.ratis.thirdparty.io.grpc.StatusRuntimeException: UNAVAILABLE: io exception
2019-11-14 19:59:27,845 [grpc-default-executor-7] INFO  impl.FollowerInfo (FollowerInfo.java:lambda$new$0(51)) - 37fea5d6-1a60-4b82-9570-57888d4e9f46@group-5C9C84E47F8E->f857cfdd-345c-4de8-889d-b8fdff158faf: nextIndex: updateUnconditionally 0 -> 0
2019-11-14 19:59:28,345 [grpc-default-executor-8] WARN  server.GrpcLogAppender (LogUtils.java:warn(134)) - 37fea5d6-1a60-4b82-9570-57888d4e9f46@group-5C9C84E47F8E->f857cfdd-345c-4de8-889d-b8fdff158faf-AppendLogResponseHandler: Failed appendEntries: org.apache.ratis.thirdparty.io.grpc.StatusRuntimeException: UNAVAILABLE: io exception
2019-11-14 19:59:28,346 [grpc-default-executor-8] INFO  impl.FollowerInfo (FollowerInfo.java:lambda$new$0(51)) - 37fea5d6-1a60-4b82-9570-57888d4e9f46@group-5C9C84E47F8E->f857cfdd-345c-4de8-889d-b8fdff158faf: nextIndex: updateUnconditionally 0 -> 0
2019-11-14 19:59:28,846 [grpc-default-executor-8] WARN  server.GrpcLogAppender (LogUtils.java:warn(134)) - 37fea5d6-1a60-4b82-9570-57888d4e9f46@group-5C9C84E47F8E->f857cfdd-345c-4de8-889d-b8fdff158faf-AppendLogResponseHandler: Failed appendEntries: org.apache.ratis.thirdparty.io.grpc.StatusRuntimeException: UNAVAILABLE: io exception
2019-11-14 19:59:28,846 [grpc-default-executor-8] INFO  impl.FollowerInfo (FollowerInfo.java:lambda$new$0(51)) - 37fea5d6-1a60-4b82-9570-57888d4e9f46@group-5C9C84E47F8E->f857cfdd-345c-4de8-889d-b8fdff158faf: nextIndex: updateUnconditionally 0 -> 0
2019-11-14 19:59:29,036 [ForkJoinPool.commonPool-worker-1] INFO  ozoneimpl.OzoneContainer (OzoneContainer.java:stop(244)) - Attempting to stop container services.
2019-11-14 19:59:29,037 [main] INFO  ozoneimpl.OzoneContainer (OzoneContainer.java:stop(244)) - Attempting to stop container services.
2019-11-14 19:59:29,037 [ForkJoinPool.commonPool-worker-1] INFO  impl.RaftServerProxy (RaftServerProxy.java:lambda$close$4(314)) - 0b9f718b-6f36-48a0-b3e8-8949249bd312: close
2019-11-14 19:59:29,037 [main] INFO  impl.RaftServerProxy (RaftServerProxy.java:lambda$close$4(314)) - 1d99cfa1-5734-40f1-a806-2aa318147fff: close
2019-11-14 19:59:29,037 [ForkJoinPool.commonPool-worker-1] INFO  impl.RaftServerImpl (RaftServerImpl.java:lambda$shutdown$3(250)) - 0b9f718b-6f36-48a0-b3e8-8949249bd312@group-7854BEAF083A: shutdown
2019-11-14 19:59:29,038 [main] INFO  impl.RaftServerImpl (RaftServerImpl.java:lambda$shutdown$3(250)) - 1d99cfa1-5734-40f1-a806-2aa318147fff@group-5137C7DA21AD: shutdown
2019-11-14 19:59:29,038 [ForkJoinPool.commonPool-worker-1] INFO  util.JmxRegister (JmxRegister.java:unregister(73)) - Successfully un-registered JMX Bean with object name Ratis:service=RaftServer,group=group-7854BEAF083A,id=0b9f718b-6f36-48a0-b3e8-8949249bd312
2019-11-14 19:59:29,038 [main] INFO  util.JmxRegister (JmxRegister.java:unregister(73)) - Successfully un-registered JMX Bean with object name Ratis:service=RaftServer,group=group-5137C7DA21AD,id=1d99cfa1-5734-40f1-a806-2aa318147fff
2019-11-14 19:59:29,038 [ForkJoinPool.commonPool-worker-1] INFO  impl.RoleInfo (RoleInfo.java:shutdownFollowerState(121)) - 0b9f718b-6f36-48a0-b3e8-8949249bd312: shutdown FollowerState
2019-11-14 19:59:29,039 [main] INFO  impl.RoleInfo (RoleInfo.java:shutdownLeaderState(104)) - 1d99cfa1-5734-40f1-a806-2aa318147fff: shutdown LeaderState
2019-11-14 19:59:29,039 [Thread-3741] INFO  impl.FollowerState (FollowerState.java:run(120)) - 0b9f718b-6f36-48a0-b3e8-8949249bd312@group-7854BEAF083A-FollowerState was interrupted: java.lang.InterruptedException: sleep interrupted
2019-11-14 19:59:29,039 [ForkJoinPool.commonPool-worker-1] INFO  impl.StateMachineUpdater (StateMachineUpdater.java:stopAndJoin(136)) - 0b9f718b-6f36-48a0-b3e8-8949249bd312@group-7854BEAF083A-StateMachineUpdater: set stopIndex = 0
2019-11-14 19:59:29,040 [main] INFO  impl.PendingRequests (PendingRequests.java:sendNotLeaderResponses(206)) - 1d99cfa1-5734-40f1-a806-2aa318147fff@group-5137C7DA21AD-PendingRequests: sendNotLeaderResponses
2019-11-14 19:59:29,040 [ForkJoinPool.commonPool-worker-1] INFO  impl.RaftServerImpl (ServerState.java:close(387)) - 0b9f718b-6f36-48a0-b3e8-8949249bd312@group-7854BEAF083A: closes. applyIndex: 0
2019-11-14 19:59:29,040 [main] INFO  impl.StateMachineUpdater (StateMachineUpdater.java:stopAndJoin(136)) - 1d99cfa1-5734-40f1-a806-2aa318147fff@group-5137C7DA21AD-StateMachineUpdater: set stopIndex = 0
2019-11-14 19:59:29,041 [0b9f718b-6f36-48a0-b3e8-8949249bd312@group-7854BEAF083A-SegmentedRaftLogWorker] INFO  segmented.SegmentedRaftLogWorker (SegmentedRaftLogWorker.java:run(316)) - 0b9f718b-6f36-48a0-b3e8-8949249bd312@group-7854BEAF083A-SegmentedRaftLogWorker was interrupted, exiting. There are 0 tasks remaining in the queue.
2019-11-14 19:59:29,041 [main] INFO  impl.RaftServerImpl (ServerState.java:close(387)) - 1d99cfa1-5734-40f1-a806-2aa318147fff@group-5137C7DA21AD: closes. applyIndex: 0
2019-11-14 19:59:29,041 [ForkJoinPool.commonPool-worker-1] INFO  segmented.SegmentedRaftLogWorker (SegmentedRaftLogWorker.java:close(224)) - 0b9f718b-6f36-48a0-b3e8-8949249bd312@group-7854BEAF083A-SegmentedRaftLogWorker close()
2019-11-14 19:59:29,042 [1d99cfa1-5734-40f1-a806-2aa318147fff@group-5137C7DA21AD-SegmentedRaftLogWorker] INFO  segmented.SegmentedRaftLogWorker (SegmentedRaftLogWorker.java:run(316)) - 1d99cfa1-5734-40f1-a806-2aa318147fff@group-5137C7DA21AD-SegmentedRaftLogWorker was interrupted, exiting. There are 0 tasks remaining in the queue.
2019-11-14 19:59:29,045 [ForkJoinPool.commonPool-worker-1] INFO  impl.RaftServerImpl (RaftServerImpl.java:lambda$shutdown$3(250)) - 0b9f718b-6f36-48a0-b3e8-8949249bd312@group-31A0C60DEEF3: shutdown
2019-11-14 19:59:29,045 [main] INFO  segmented.SegmentedRaftLogWorker (SegmentedRaftLogWorker.java:close(224)) - 1d99cfa1-5734-40f1-a806-2aa318147fff@group-5137C7DA21AD-SegmentedRaftLogWorker close()
2019-11-14 19:59:29,045 [ForkJoinPool.commonPool-worker-1] INFO  util.JmxRegister (JmxRegister.java:unregister(73)) - Successfully un-registered JMX Bean with object name Ratis:service=RaftServer,group=group-31A0C60DEEF3,id=0b9f718b-6f36-48a0-b3e8-8949249bd312
2019-11-14 19:59:29,047 [main] INFO  impl.RaftServerImpl (RaftServerImpl.java:lambda$shutdown$3(250)) - 1d99cfa1-5734-40f1-a806-2aa318147fff@group-7854BEAF083A: shutdown
2019-11-14 19:59:29,047 [ForkJoinPool.commonPool-worker-1] INFO  impl.RoleInfo (RoleInfo.java:shutdownLeaderState(104)) - 0b9f718b-6f36-48a0-b3e8-8949249bd312: shutdown LeaderState
2019-11-14 19:59:29,048 [main] INFO  util.JmxRegister (JmxRegister.java:unregister(73)) - Successfully un-registered JMX Bean with object name Ratis:service=RaftServer,group=group-7854BEAF083A,id=1d99cfa1-5734-40f1-a806-2aa318147fff
2019-11-14 19:59:29,048 [ForkJoinPool.commonPool-worker-1] INFO  impl.PendingRequests (PendingRequests.java:sendNotLeaderResponses(206)) - 0b9f718b-6f36-48a0-b3e8-8949249bd312@group-31A0C60DEEF3-PendingRequests: sendNotLeaderResponses
2019-11-14 19:59:29,048 [main] INFO  impl.RoleInfo (RoleInfo.java:shutdownLeaderState(104)) - 1d99cfa1-5734-40f1-a806-2aa318147fff: shutdown LeaderState
2019-11-14 19:59:29,049 [ForkJoinPool.commonPool-worker-1] INFO  impl.StateMachineUpdater (StateMachineUpdater.java:stopAndJoin(136)) - 0b9f718b-6f36-48a0-b3e8-8949249bd312@group-31A0C60DEEF3-StateMachineUpdater: set stopIndex = 0
2019-11-14 19:59:29,052 [org.apache.ratis.server.impl.LogAppender$AppenderDaemon$$Lambda$430/86081870@45f68f03] WARN  server.GrpcLogAppender (GrpcLogAppender.java:mayWait(151)) - 1d99cfa1-5734-40f1-a806-2aa318147fff@group-7854BEAF083A->ae61afd5-043c-42ff-9e00-06be6bf8121c-GrpcLogAppender: Wait interrupted by java.lang.InterruptedException
2019-11-14 19:59:29,052 [org.apache.ratis.server.impl.LogAppender$AppenderDaemon$$Lambda$430/86081870@f409d9] WARN  server.GrpcLogAppender (GrpcLogAppender.java:mayWait(151)) - 1d99cfa1-5734-40f1-a806-2aa318147fff@group-7854BEAF083A->0b9f718b-6f36-48a0-b3e8-8949249bd312-GrpcLogAppender: Wait interrupted by java.lang.InterruptedException
2019-11-14 19:59:29,052 [main] INFO  impl.PendingRequests (PendingRequests.java:sendNotLeaderResponses(206)) - 1d99cfa1-5734-40f1-a806-2aa318147fff@group-7854BEAF083A-PendingRequests: sendNotLeaderResponses
2019-11-14 19:59:29,053 [ForkJoinPool.commonPool-worker-1] INFO  impl.RaftServerImpl (ServerState.java:close(387)) - 0b9f718b-6f36-48a0-b3e8-8949249bd312@group-31A0C60DEEF3: closes. applyIndex: 0
2019-11-14 19:59:29,053 [grpc-default-executor-8] INFO  server.GrpcServerProtocolService (GrpcServerProtocolService.java:onCompleted(113)) - ae61afd5-043c-42ff-9e00-06be6bf8121c: Completed APPEND_ENTRIES, lastRequest: 1d99cfa1-5734-40f1-a806-2aa318147fff->ae61afd5-043c-42ff-9e00-06be6bf8121c#19-t1, previous=(t:1, i:0), leaderCommit=0, initializing? false, entries: <empty>
2019-11-14 19:59:29,053 [0b9f718b-6f36-48a0-b3e8-8949249bd312@group-31A0C60DEEF3-SegmentedRaftLogWorker] INFO  segmented.SegmentedRaftLogWorker (SegmentedRaftLogWorker.java:run(316)) - 0b9f718b-6f36-48a0-b3e8-8949249bd312@group-31A0C60DEEF3-SegmentedRaftLogWorker was interrupted, exiting. There are 0 tasks remaining in the queue.
2019-11-14 19:59:29,053 [main] INFO  impl.StateMachineUpdater (StateMachineUpdater.java:stopAndJoin(136)) - 1d99cfa1-5734-40f1-a806-2aa318147fff@group-7854BEAF083A-StateMachineUpdater: set stopIndex = 0
2019-11-14 19:59:29,054 [main] INFO  impl.RaftServerImpl (ServerState.java:close(387)) - 1d99cfa1-5734-40f1-a806-2aa318147fff@group-7854BEAF083A: closes. applyIndex: 0
2019-11-14 19:59:29,054 [ForkJoinPool.commonPool-worker-1] INFO  segmented.SegmentedRaftLogWorker (SegmentedRaftLogWorker.java:close(224)) - 0b9f718b-6f36-48a0-b3e8-8949249bd312@group-31A0C60DEEF3-SegmentedRaftLogWorker close()
2019-11-14 19:59:29,053 [grpc-default-executor-7] INFO  server.GrpcServerProtocolService (GrpcServerProtocolService.java:onCompleted(113)) - 0b9f718b-6f36-48a0-b3e8-8949249bd312: Completed APPEND_ENTRIES, lastRequest: 1d99cfa1-5734-40f1-a806-2aa318147fff->0b9f718b-6f36-48a0-b3e8-8949249bd312#19-t1, previous=(t:1, i:0), leaderCommit=0, initializing? false, entries: <empty>
2019-11-14 19:59:29,056 [ForkJoinPool.commonPool-worker-1] INFO  server.GrpcService (GrpcService.java:closeImpl(164)) - 0b9f718b-6f36-48a0-b3e8-8949249bd312: shutdown server with port 44307 now
2019-11-14 19:59:29,054 [1d99cfa1-5734-40f1-a806-2aa318147fff@group-7854BEAF083A-SegmentedRaftLogWorker] INFO  segmented.SegmentedRaftLogWorker (SegmentedRaftLogWorker.java:run(316)) - 1d99cfa1-5734-40f1-a806-2aa318147fff@group-7854BEAF083A-SegmentedRaftLogWorker was interrupted, exiting. There are 0 tasks remaining in the queue.
2019-11-14 19:59:29,054 [grpc-default-executor-8] INFO  server.GrpcLogAppender (GrpcLogAppender.java:onCompleted(308)) - 1d99cfa1-5734-40f1-a806-2aa318147fff@group-7854BEAF083A->ae61afd5-043c-42ff-9e00-06be6bf8121c-AppendLogResponseHandler: follower responses appendEntries COMPLETED
2019-11-14 19:59:29,056 [main] INFO  segmented.SegmentedRaftLogWorker (SegmentedRaftLogWorker.java:close(224)) - 1d99cfa1-5734-40f1-a806-2aa318147fff@group-7854BEAF083A-SegmentedRaftLogWorker close()
2019-11-14 19:59:29,056 [grpc-default-executor-7] INFO  server.GrpcLogAppender (GrpcLogAppender.java:onCompleted(308)) - 1d99cfa1-5734-40f1-a806-2aa318147fff@group-7854BEAF083A->0b9f718b-6f36-48a0-b3e8-8949249bd312-AppendLogResponseHandler: follower responses appendEntries COMPLETED
2019-11-14 19:59:29,059 [main] INFO  server.GrpcService (GrpcService.java:closeImpl(164)) - 1d99cfa1-5734-40f1-a806-2aa318147fff: shutdown server with port 42659 now
2019-11-14 19:59:29,059 [grpc-default-executor-8] INFO  impl.FollowerInfo (FollowerInfo.java:lambda$new$0(51)) - 1d99cfa1-5734-40f1-a806-2aa318147fff@group-7854BEAF083A->ae61afd5-043c-42ff-9e00-06be6bf8121c: nextIndex: updateUnconditionally 1 -> 0
2019-11-14 19:59:29,059 [ForkJoinPool.commonPool-worker-1] INFO  server.GrpcService (GrpcService.java:closeImpl(172)) - 0b9f718b-6f36-48a0-b3e8-8949249bd312: shutdown server with port 44307 successfully
2019-11-14 19:59:29,059 [grpc-default-executor-7] INFO  impl.FollowerInfo (FollowerInfo.java:lambda$new$0(51)) - 1d99cfa1-5734-40f1-a806-2aa318147fff@group-7854BEAF083A->0b9f718b-6f36-48a0-b3e8-8949249bd312: nextIndex: updateUnconditionally 1 -> 0
2019-11-14 19:59:29,059 [main] INFO  server.GrpcService (GrpcService.java:closeImpl(172)) - 1d99cfa1-5734-40f1-a806-2aa318147fff: shutdown server with port 42659 successfully
2019-11-14 19:59:29,061 [refreshUsed-/workdir/hadoop-ozone/integration-test/target/test-dir/MiniOzoneClusterImpl-df23ed15-4459-4301-a988-82089ad70e13/datanode-3/data/containers] WARN  fs.CachingGetSpaceUsed (CachingGetSpaceUsed.java:run(183)) - Thread Interrupted waiting to refresh disk information: sleep interrupted
2019-11-14 19:59:29,062 [refreshUsed-/workdir/hadoop-ozone/integration-test/target/test-dir/MiniOzoneClusterImpl-df23ed15-4459-4301-a988-82089ad70e13/datanode-6/data/containers] WARN  fs.CachingGetSpaceUsed (CachingGetSpaceUsed.java:run(183)) - Thread Interrupted waiting to refresh disk information: sleep interrupted
2019-11-14 19:59:29,075 [main] INFO  utils.BackgroundService (BackgroundService.java:shutdown(151)) - Shutting down service BlockDeletingService
2019-11-14 19:59:29,075 [ForkJoinPool.commonPool-worker-1] INFO  utils.BackgroundService (BackgroundService.java:shutdown(151)) - Shutting down service BlockDeletingService
2019-11-14 19:59:29,078 [main] INFO  statemachine.DatanodeStateMachine (DatanodeStateMachine.java:stopDaemon(400)) - Ozone container server stopped.
2019-11-14 19:59:29,079 [ForkJoinPool.commonPool-worker-1] INFO  statemachine.DatanodeStateMachine (DatanodeStateMachine.java:stopDaemon(400)) - Ozone container server stopped.
2019-11-14 19:59:29,090 [main] INFO  handler.ContextHandler (ContextHandler.java:doStop(910)) - Stopped o.e.j.w.WebAppContext@23b1aa9{/,null,UNAVAILABLE}{/hddsDatanode}
2019-11-14 19:59:29,090 [ForkJoinPool.commonPool-worker-1] INFO  handler.ContextHandler (ContextHandler.java:doStop(910)) - Stopped o.e.j.w.WebAppContext@23ad2d17{/,null,UNAVAILABLE}{/hddsDatanode}
2019-11-14 19:59:29,091 [main] INFO  server.AbstractConnector (AbstractConnector.java:doStop(318)) - Stopped ServerConnector@54489296{HTTP/1.1,[http/1.1]}{0.0.0.0:0}
2019-11-14 19:59:29,091 [ForkJoinPool.commonPool-worker-1] INFO  server.AbstractConnector (AbstractConnector.java:doStop(318)) - Stopped ServerConnector@6bce4140{HTTP/1.1,[http/1.1]}{0.0.0.0:0}
2019-11-14 19:59:29,091 [main] INFO  handler.ContextHandler (ContextHandler.java:doStop(910)) - Stopped o.e.j.s.ServletContextHandler@482ba4b1{/static,jar:file:/home/user/.m2/repository/org/apache/hadoop/hadoop-hdds-container-service/0.5.0-SNAPSHOT/hadoop-hdds-container-service-0.5.0-SNAPSHOT.jar!/webapps/static,UNAVAILABLE}
2019-11-14 19:59:29,093 [ForkJoinPool.commonPool-worker-1] INFO  handler.ContextHandler (ContextHandler.java:doStop(910)) - Stopped o.e.j.s.ServletContextHandler@4c24f3a2{/static,jar:file:/home/user/.m2/repository/org/apache/hadoop/hadoop-hdds-container-service/0.5.0-SNAPSHOT/hadoop-hdds-container-service-0.5.0-SNAPSHOT.jar!/webapps/static,UNAVAILABLE}
2019-11-14 19:59:29,093 [main] INFO  handler.ContextHandler (ContextHandler.java:doStop(910)) - Stopped o.e.j.s.ServletContextHandler@1216eb3f{/logs,file:///workdir/hadoop-ozone/integration-test/target/log,UNAVAILABLE}
2019-11-14 19:59:29,094 [ForkJoinPool.commonPool-worker-1] INFO  handler.ContextHandler (ContextHandler.java:doStop(910)) - Stopped o.e.j.s.ServletContextHandler@6af78a48{/logs,file:///workdir/hadoop-ozone/integration-test/target/log,UNAVAILABLE}
2019-11-14 19:59:29,347 [grpc-default-executor-6] WARN  server.GrpcLogAppender (LogUtils.java:warn(134)) - 37fea5d6-1a60-4b82-9570-57888d4e9f46@group-5C9C84E47F8E->f857cfdd-345c-4de8-889d-b8fdff158faf-AppendLogResponseHandler: Failed appendEntries: org.apache.ratis.thirdparty.io.grpc.StatusRuntimeException: UNAVAILABLE: io exception
2019-11-14 19:59:29,347 [grpc-default-executor-6] INFO  impl.FollowerInfo (FollowerInfo.java:lambda$new$0(51)) - 37fea5d6-1a60-4b82-9570-57888d4e9f46@group-5C9C84E47F8E->f857cfdd-345c-4de8-889d-b8fdff158faf: nextIndex: updateUnconditionally 0 -> 0
2019-11-14 19:59:29,847 [grpc-default-executor-8] WARN  server.GrpcLogAppender (LogUtils.java:warn(134)) - 37fea5d6-1a60-4b82-9570-57888d4e9f46@group-5C9C84E47F8E->f857cfdd-345c-4de8-889d-b8fdff158faf-AppendLogResponseHandler: Failed appendEntries: org.apache.ratis.thirdparty.io.grpc.StatusRuntimeException: UNAVAILABLE: io exception
2019-11-14 19:59:29,847 [grpc-default-executor-8] INFO  impl.FollowerInfo (FollowerInfo.java:lambda$new$0(51)) - 37fea5d6-1a60-4b82-9570-57888d4e9f46@group-5C9C84E47F8E->f857cfdd-345c-4de8-889d-b8fdff158faf: nextIndex: updateUnconditionally 0 -> 0
2019-11-14 19:59:29,932 [Datanode State Machine Thread - 0] INFO  statemachine.DatanodeStateMachine (DatanodeStateMachine.java:lambda$startDaemon$0(355)) - Ozone container server started.
2019-11-14 19:59:30,086 [Datanode State Machine Thread - 0] INFO  statemachine.DatanodeStateMachine (DatanodeStateMachine.java:lambda$startDaemon$0(355)) - Ozone container server started.
2019-11-14 19:59:30,347 [grpc-default-executor-7] WARN  server.GrpcLogAppender (LogUtils.java:warn(134)) - 37fea5d6-1a60-4b82-9570-57888d4e9f46@group-5C9C84E47F8E->f857cfdd-345c-4de8-889d-b8fdff158faf-AppendLogResponseHandler: Failed appendEntries: org.apache.ratis.thirdparty.io.grpc.StatusRuntimeException: UNAVAILABLE: io exception
2019-11-14 19:59:30,348 [grpc-default-executor-7] INFO  impl.FollowerInfo (FollowerInfo.java:lambda$new$0(51)) - 37fea5d6-1a60-4b82-9570-57888d4e9f46@group-5C9C84E47F8E->f857cfdd-345c-4de8-889d-b8fdff158faf: nextIndex: updateUnconditionally 0 -> 0
2019-11-14 19:59:30,785 [Thread-3740] INFO  impl.FollowerState (FollowerState.java:run(111)) - ae61afd5-043c-42ff-9e00-06be6bf8121c@group-7854BEAF083A-FollowerState: change to CANDIDATE, lastRpcTime:1786ms, electionTimeout:1003ms
2019-11-14 19:59:30,785 [Thread-3740] INFO  impl.RoleInfo (RoleInfo.java:shutdownFollowerState(121)) - ae61afd5-043c-42ff-9e00-06be6bf8121c: shutdown FollowerState
2019-11-14 19:59:30,785 [Thread-3740] INFO  impl.RaftServerImpl (RaftServerImpl.java:setRole(173)) - ae61afd5-043c-42ff-9e00-06be6bf8121c@group-7854BEAF083A: changes role from  FOLLOWER to CANDIDATE at term 1 for changeToCandidate
2019-11-14 19:59:30,785 [Thread-3740] INFO  impl.RoleInfo (RoleInfo.java:updateAndGet(143)) - ae61afd5-043c-42ff-9e00-06be6bf8121c: start LeaderElection
2019-11-14 19:59:30,786 [ae61afd5-043c-42ff-9e00-06be6bf8121c@group-7854BEAF083A-LeaderElection154] INFO  impl.RaftServerImpl (ServerState.java:setLeader(255)) - ae61afd5-043c-42ff-9e00-06be6bf8121c@group-7854BEAF083A: change Leader from 1d99cfa1-5734-40f1-a806-2aa318147fff to null at term 1 for initElection
2019-11-14 19:59:30,811 [ae61afd5-043c-42ff-9e00-06be6bf8121c@group-7854BEAF083A-LeaderElection154] INFO  impl.LeaderElection (LeaderElection.java:askForVotes(178)) - ae61afd5-043c-42ff-9e00-06be6bf8121c@group-7854BEAF083A-LeaderElection154: begin an election at term 2 for 0: [ae61afd5-043c-42ff-9e00-06be6bf8121c:192.168.157.219:41147, 1d99cfa1-5734-40f1-a806-2aa318147fff:192.168.157.219:42659, 0b9f718b-6f36-48a0-b3e8-8949249bd312:192.168.157.219:44307], old=null
2019-11-14 19:59:30,813 [ae61afd5-043c-42ff-9e00-06be6bf8121c@group-7854BEAF083A-LeaderElection154] INFO  impl.LeaderElection (LogUtils.java:infoOrTrace(149)) - ae61afd5-043c-42ff-9e00-06be6bf8121c@group-7854BEAF083A-LeaderElection154 got exception when requesting votes: {}
java.util.concurrent.ExecutionException: org.apache.ratis.thirdparty.io.grpc.StatusRuntimeException: UNAVAILABLE: io exception
	at java.util.concurrent.FutureTask.report(FutureTask.java:122)
	at java.util.concurrent.FutureTask.get(FutureTask.java:192)
	at org.apache.ratis.server.impl.LeaderElection.waitForResults(LeaderElection.java:259)
	at org.apache.ratis.server.impl.LeaderElection.askForVotes(LeaderElection.java:197)
	at org.apache.ratis.server.impl.LeaderElection.run(LeaderElection.java:133)
	at java.lang.Thread.run(Thread.java:748)
Caused by: org.apache.ratis.thirdparty.io.grpc.StatusRuntimeException: UNAVAILABLE: io exception
	at org.apache.ratis.thirdparty.io.grpc.stub.ClientCalls.toStatusRuntimeException(ClientCalls.java:233)
	at org.apache.ratis.thirdparty.io.grpc.stub.ClientCalls.getUnchecked(ClientCalls.java:214)
	at org.apache.ratis.thirdparty.io.grpc.stub.ClientCalls.blockingUnaryCall(ClientCalls.java:139)
	at org.apache.ratis.proto.grpc.RaftServerProtocolServiceGrpc$RaftServerProtocolServiceBlockingStub.requestVote(RaftServerProtocolServiceGrpc.java:265)
	at org.apache.ratis.grpc.server.GrpcServerProtocolClient.requestVote(GrpcServerProtocolClient.java:99)
	at org.apache.ratis.grpc.server.GrpcService.requestVote(GrpcService.java:204)
	at org.apache.ratis.server.impl.LeaderElection.lambda$submitRequests$1(LeaderElection.java:234)
	at java.util.concurrent.FutureTask.run(FutureTask.java:266)
	at java.util.concurrent.Executors$RunnableAdapter.call(Executors.java:511)
	at java.util.concurrent.FutureTask.run(FutureTask.java:266)
	at java.util.concurrent.ThreadPoolExecutor.runWorker(ThreadPoolExecutor.java:1149)
	at java.util.concurrent.ThreadPoolExecutor$Worker.run(ThreadPoolExecutor.java:624)
	... 1 more
Caused by: org.apache.ratis.thirdparty.io.netty.channel.AbstractChannel$AnnotatedConnectException: Connection refused: /192.168.157.219:44307
	at sun.nio.ch.SocketChannelImpl.checkConnect(Native Method)
	at sun.nio.ch.SocketChannelImpl.finishConnect(SocketChannelImpl.java:717)
	at org.apache.ratis.thirdparty.io.netty.channel.socket.nio.NioSocketChannel.doFinishConnect(NioSocketChannel.java:327)
	at org.apache.ratis.thirdparty.io.netty.channel.nio.AbstractNioChannel$AbstractNioUnsafe.finishConnect(AbstractNioChannel.java:340)
	at org.apache.ratis.thirdparty.io.netty.channel.nio.NioEventLoop.processSelectedKey(NioEventLoop.java:632)
	at org.apache.ratis.thirdparty.io.netty.channel.nio.NioEventLoop.processSelectedKeysOptimized(NioEventLoop.java:579)
	at org.apache.ratis.thirdparty.io.netty.channel.nio.NioEventLoop.processSelectedKeys(NioEventLoop.java:496)
	at org.apache.ratis.thirdparty.io.netty.channel.nio.NioEventLoop.run(NioEventLoop.java:458)
	at org.apache.ratis.thirdparty.io.netty.util.concurrent.SingleThreadEventExecutor$5.run(SingleThreadEventExecutor.java:897)
	at org.apache.ratis.thirdparty.io.netty.util.concurrent.FastThreadLocalRunnable.run(FastThreadLocalRunnable.java:30)
	... 1 more
Caused by: java.net.ConnectException: Connection refused
	... 11 more
2019-11-14 19:59:30,816 [ae61afd5-043c-42ff-9e00-06be6bf8121c@group-7854BEAF083A-LeaderElection154] INFO  impl.LeaderElection (LogUtils.java:infoOrTrace(149)) - ae61afd5-043c-42ff-9e00-06be6bf8121c@group-7854BEAF083A-LeaderElection154 got exception when requesting votes: {}
java.util.concurrent.ExecutionException: org.apache.ratis.thirdparty.io.grpc.StatusRuntimeException: UNAVAILABLE: io exception
	at java.util.concurrent.FutureTask.report(FutureTask.java:122)
	at java.util.concurrent.FutureTask.get(FutureTask.java:192)
	at org.apache.ratis.server.impl.LeaderElection.waitForResults(LeaderElection.java:259)
	at org.apache.ratis.server.impl.LeaderElection.askForVotes(LeaderElection.java:197)
	at org.apache.ratis.server.impl.LeaderElection.run(LeaderElection.java:133)
	at java.lang.Thread.run(Thread.java:748)
Caused by: org.apache.ratis.thirdparty.io.grpc.StatusRuntimeException: UNAVAILABLE: io exception
	at org.apache.ratis.thirdparty.io.grpc.stub.ClientCalls.toStatusRuntimeException(ClientCalls.java:233)
	at org.apache.ratis.thirdparty.io.grpc.stub.ClientCalls.getUnchecked(ClientCalls.java:214)
	at org.apache.ratis.thirdparty.io.grpc.stub.ClientCalls.blockingUnaryCall(ClientCalls.java:139)
	at org.apache.ratis.proto.grpc.RaftServerProtocolServiceGrpc$RaftServerProtocolServiceBlockingStub.requestVote(RaftServerProtocolServiceGrpc.java:265)
	at org.apache.ratis.grpc.server.GrpcServerProtocolClient.requestVote(GrpcServerProtocolClient.java:99)
	at org.apache.ratis.grpc.server.GrpcService.requestVote(GrpcService.java:204)
	at org.apache.ratis.server.impl.LeaderElection.lambda$submitRequests$1(LeaderElection.java:234)
	at java.util.concurrent.FutureTask.run(FutureTask.java:266)
	at java.util.concurrent.Executors$RunnableAdapter.call(Executors.java:511)
	at java.util.concurrent.FutureTask.run(FutureTask.java:266)
	at java.util.concurrent.ThreadPoolExecutor.runWorker(ThreadPoolExecutor.java:1149)
	at java.util.concurrent.ThreadPoolExecutor$Worker.run(ThreadPoolExecutor.java:624)
	... 1 more
Caused by: org.apache.ratis.thirdparty.io.netty.channel.AbstractChannel$AnnotatedConnectException: Connection refused: /192.168.157.219:42659
	at sun.nio.ch.SocketChannelImpl.checkConnect(Native Method)
	at sun.nio.ch.SocketChannelImpl.finishConnect(SocketChannelImpl.java:717)
	at org.apache.ratis.thirdparty.io.netty.channel.socket.nio.NioSocketChannel.doFinishConnect(NioSocketChannel.java:327)
	at org.apache.ratis.thirdparty.io.netty.channel.nio.AbstractNioChannel$AbstractNioUnsafe.finishConnect(AbstractNioChannel.java:340)
	at org.apache.ratis.thirdparty.io.netty.channel.nio.NioEventLoop.processSelectedKey(NioEventLoop.java:632)
	at org.apache.ratis.thirdparty.io.netty.channel.nio.NioEventLoop.processSelectedKeysOptimized(NioEventLoop.java:579)
	at org.apache.ratis.thirdparty.io.netty.channel.nio.NioEventLoop.processSelectedKeys(NioEventLoop.java:496)
	at org.apache.ratis.thirdparty.io.netty.channel.nio.NioEventLoop.run(NioEventLoop.java:458)
	at org.apache.ratis.thirdparty.io.netty.util.concurrent.SingleThreadEventExecutor$5.run(SingleThreadEventExecutor.java:897)
	at org.apache.ratis.thirdparty.io.netty.util.concurrent.FastThreadLocalRunnable.run(FastThreadLocalRunnable.java:30)
	... 1 more
Caused by: java.net.ConnectException: Connection refused
	... 11 more
2019-11-14 19:59:30,818 [ae61afd5-043c-42ff-9e00-06be6bf8121c@group-7854BEAF083A-LeaderElection154] INFO  impl.LeaderElection (LeaderElection.java:logAndReturn(56)) - ae61afd5-043c-42ff-9e00-06be6bf8121c@group-7854BEAF083A-LeaderElection154: Election REJECTED; received 0 response(s) [] and 2 exception(s); ae61afd5-043c-42ff-9e00-06be6bf8121c@group-7854BEAF083A:t2, leader=null, voted=ae61afd5-043c-42ff-9e00-06be6bf8121c, raftlog=ae61afd5-043c-42ff-9e00-06be6bf8121c@group-7854BEAF083A-SegmentedRaftLog:OPENED:c0,f0,i0, conf=0: [ae61afd5-043c-42ff-9e00-06be6bf8121c:192.168.157.219:41147, 1d99cfa1-5734-40f1-a806-2aa318147fff:192.168.157.219:42659, 0b9f718b-6f36-48a0-b3e8-8949249bd312:192.168.157.219:44307], old=null
2019-11-14 19:59:30,818 [ae61afd5-043c-42ff-9e00-06be6bf8121c@group-7854BEAF083A-LeaderElection154] INFO  impl.LeaderElection (LogUtils.java:infoOrTrace(149)) -   Exception 0: {}
java.util.concurrent.ExecutionException: org.apache.ratis.thirdparty.io.grpc.StatusRuntimeException: UNAVAILABLE: io exception
	at java.util.concurrent.FutureTask.report(FutureTask.java:122)
	at java.util.concurrent.FutureTask.get(FutureTask.java:192)
	at org.apache.ratis.server.impl.LeaderElection.waitForResults(LeaderElection.java:259)
	at org.apache.ratis.server.impl.LeaderElection.askForVotes(LeaderElection.java:197)
	at org.apache.ratis.server.impl.LeaderElection.run(LeaderElection.java:133)
	at java.lang.Thread.run(Thread.java:748)
Caused by: org.apache.ratis.thirdparty.io.grpc.StatusRuntimeException: UNAVAILABLE: io exception
	at org.apache.ratis.thirdparty.io.grpc.stub.ClientCalls.toStatusRuntimeException(ClientCalls.java:233)
	at org.apache.ratis.thirdparty.io.grpc.stub.ClientCalls.getUnchecked(ClientCalls.java:214)
	at org.apache.ratis.thirdparty.io.grpc.stub.ClientCalls.blockingUnaryCall(ClientCalls.java:139)
	at org.apache.ratis.proto.grpc.RaftServerProtocolServiceGrpc$RaftServerProtocolServiceBlockingStub.requestVote(RaftServerProtocolServiceGrpc.java:265)
	at org.apache.ratis.grpc.server.GrpcServerProtocolClient.requestVote(GrpcServerProtocolClient.java:99)
	at org.apache.ratis.grpc.server.GrpcService.requestVote(GrpcService.java:204)
	at org.apache.ratis.server.impl.LeaderElection.lambda$submitRequests$1(LeaderElection.java:234)
	at java.util.concurrent.FutureTask.run(FutureTask.java:266)
	at java.util.concurrent.Executors$RunnableAdapter.call(Executors.java:511)
	at java.util.concurrent.FutureTask.run(FutureTask.java:266)
	at java.util.concurrent.ThreadPoolExecutor.runWorker(ThreadPoolExecutor.java:1149)
	at java.util.concurrent.ThreadPoolExecutor$Worker.run(ThreadPoolExecutor.java:624)
	... 1 more
Caused by: org.apache.ratis.thirdparty.io.netty.channel.AbstractChannel$AnnotatedConnectException: Connection refused: /192.168.157.219:44307
	at sun.nio.ch.SocketChannelImpl.checkConnect(Native Method)
	at sun.nio.ch.SocketChannelImpl.finishConnect(SocketChannelImpl.java:717)
	at org.apache.ratis.thirdparty.io.netty.channel.socket.nio.NioSocketChannel.doFinishConnect(NioSocketChannel.java:327)
	at org.apache.ratis.thirdparty.io.netty.channel.nio.AbstractNioChannel$AbstractNioUnsafe.finishConnect(AbstractNioChannel.java:340)
	at org.apache.ratis.thirdparty.io.netty.channel.nio.NioEventLoop.processSelectedKey(NioEventLoop.java:632)
	at org.apache.ratis.thirdparty.io.netty.channel.nio.NioEventLoop.processSelectedKeysOptimized(NioEventLoop.java:579)
	at org.apache.ratis.thirdparty.io.netty.channel.nio.NioEventLoop.processSelectedKeys(NioEventLoop.java:496)
	at org.apache.ratis.thirdparty.io.netty.channel.nio.NioEventLoop.run(NioEventLoop.java:458)
	at org.apache.ratis.thirdparty.io.netty.util.concurrent.SingleThreadEventExecutor$5.run(SingleThreadEventExecutor.java:897)
	at org.apache.ratis.thirdparty.io.netty.util.concurrent.FastThreadLocalRunnable.run(FastThreadLocalRunnable.java:30)
	... 1 more
Caused by: java.net.ConnectException: Connection refused
	... 11 more
2019-11-14 19:59:30,818 [ae61afd5-043c-42ff-9e00-06be6bf8121c@group-7854BEAF083A-LeaderElection154] INFO  impl.LeaderElection (LogUtils.java:infoOrTrace(149)) -   Exception 1: {}
java.util.concurrent.ExecutionException: org.apache.ratis.thirdparty.io.grpc.StatusRuntimeException: UNAVAILABLE: io exception
	at java.util.concurrent.FutureTask.report(FutureTask.java:122)
	at java.util.concurrent.FutureTask.get(FutureTask.java:192)
	at org.apache.ratis.server.impl.LeaderElection.waitForResults(LeaderElection.java:259)
	at org.apache.ratis.server.impl.LeaderElection.askForVotes(LeaderElection.java:197)
	at org.apache.ratis.server.impl.LeaderElection.run(LeaderElection.java:133)
	at java.lang.Thread.run(Thread.java:748)
Caused by: org.apache.ratis.thirdparty.io.grpc.StatusRuntimeException: UNAVAILABLE: io exception
	at org.apache.ratis.thirdparty.io.grpc.stub.ClientCalls.toStatusRuntimeException(ClientCalls.java:233)
	at org.apache.ratis.thirdparty.io.grpc.stub.ClientCalls.getUnchecked(ClientCalls.java:214)
	at org.apache.ratis.thirdparty.io.grpc.stub.ClientCalls.blockingUnaryCall(ClientCalls.java:139)
	at org.apache.ratis.proto.grpc.RaftServerProtocolServiceGrpc$RaftServerProtocolServiceBlockingStub.requestVote(RaftServerProtocolServiceGrpc.java:265)
	at org.apache.ratis.grpc.server.GrpcServerProtocolClient.requestVote(GrpcServerProtocolClient.java:99)
	at org.apache.ratis.grpc.server.GrpcService.requestVote(GrpcService.java:204)
	at org.apache.ratis.server.impl.LeaderElection.lambda$submitRequests$1(LeaderElection.java:234)
	at java.util.concurrent.FutureTask.run(FutureTask.java:266)
	at java.util.concurrent.Executors$RunnableAdapter.call(Executors.java:511)
	at java.util.concurrent.FutureTask.run(FutureTask.java:266)
	at java.util.concurrent.ThreadPoolExecutor.runWorker(ThreadPoolExecutor.java:1149)
	at java.util.concurrent.ThreadPoolExecutor$Worker.run(ThreadPoolExecutor.java:624)
	... 1 more
Caused by: org.apache.ratis.thirdparty.io.netty.channel.AbstractChannel$AnnotatedConnectException: Connection refused: /192.168.157.219:42659
	at sun.nio.ch.SocketChannelImpl.checkConnect(Native Method)
	at sun.nio.ch.SocketChannelImpl.finishConnect(SocketChannelImpl.java:717)
	at org.apache.ratis.thirdparty.io.netty.channel.socket.nio.NioSocketChannel.doFinishConnect(NioSocketChannel.java:327)
	at org.apache.ratis.thirdparty.io.netty.channel.nio.AbstractNioChannel$AbstractNioUnsafe.finishConnect(AbstractNioChannel.java:340)
	at org.apache.ratis.thirdparty.io.netty.channel.nio.NioEventLoop.processSelectedKey(NioEventLoop.java:632)
	at org.apache.ratis.thirdparty.io.netty.channel.nio.NioEventLoop.processSelectedKeysOptimized(NioEventLoop.java:579)
	at org.apache.ratis.thirdparty.io.netty.channel.nio.NioEventLoop.processSelectedKeys(NioEventLoop.java:496)
	at org.apache.ratis.thirdparty.io.netty.channel.nio.NioEventLoop.run(NioEventLoop.java:458)
	at org.apache.ratis.thirdparty.io.netty.util.concurrent.SingleThreadEventExecutor$5.run(SingleThreadEventExecutor.java:897)
	at org.apache.ratis.thirdparty.io.netty.util.concurrent.FastThreadLocalRunnable.run(FastThreadLocalRunnable.java:30)
	... 1 more
Caused by: java.net.ConnectException: Connection refused
	... 11 more
2019-11-14 19:59:30,819 [ae61afd5-043c-42ff-9e00-06be6bf8121c@group-7854BEAF083A-LeaderElection154] INFO  impl.RaftServerImpl (RaftServerImpl.java:setRole(173)) - ae61afd5-043c-42ff-9e00-06be6bf8121c@group-7854BEAF083A: changes role from CANDIDATE to FOLLOWER at term 2 for DISCOVERED_A_NEW_TERM
2019-11-14 19:59:30,819 [ae61afd5-043c-42ff-9e00-06be6bf8121c@group-7854BEAF083A-LeaderElection154] INFO  impl.RoleInfo (RoleInfo.java:shutdownLeaderElection(134)) - ae61afd5-043c-42ff-9e00-06be6bf8121c: shutdown LeaderElection
2019-11-14 19:59:30,819 [ae61afd5-043c-42ff-9e00-06be6bf8121c@group-7854BEAF083A-LeaderElection154] INFO  impl.RoleInfo (RoleInfo.java:updateAndGet(143)) - ae61afd5-043c-42ff-9e00-06be6bf8121c: start FollowerState
2019-11-14 19:59:30,847 [grpc-default-executor-7] WARN  server.GrpcLogAppender (LogUtils.java:warn(134)) - 37fea5d6-1a60-4b82-9570-57888d4e9f46@group-5C9C84E47F8E->f857cfdd-345c-4de8-889d-b8fdff158faf-AppendLogResponseHandler: Failed appendEntries: org.apache.ratis.thirdparty.io.grpc.StatusRuntimeException: UNAVAILABLE: io exception
2019-11-14 19:59:30,847 [grpc-default-executor-7] INFO  impl.FollowerInfo (FollowerInfo.java:lambda$new$0(51)) - 37fea5d6-1a60-4b82-9570-57888d4e9f46@group-5C9C84E47F8E->f857cfdd-345c-4de8-889d-b8fdff158faf: nextIndex: updateUnconditionally 0 -> 0
2019-11-14 19:59:31,351 [grpc-default-executor-7] WARN  server.GrpcLogAppender (LogUtils.java:warn(134)) - 37fea5d6-1a60-4b82-9570-57888d4e9f46@group-5C9C84E47F8E->f857cfdd-345c-4de8-889d-b8fdff158faf-AppendLogResponseHandler: Failed appendEntries: org.apache.ratis.thirdparty.io.grpc.StatusRuntimeException: UNAVAILABLE: io exception
2019-11-14 19:59:31,351 [grpc-default-executor-7] INFO  impl.FollowerInfo (FollowerInfo.java:lambda$new$0(51)) - 37fea5d6-1a60-4b82-9570-57888d4e9f46@group-5C9C84E47F8E->f857cfdd-345c-4de8-889d-b8fdff158faf: nextIndex: updateUnconditionally 0 -> 0
2019-11-14 19:59:31,839 [Thread-3868] INFO  impl.FollowerState (FollowerState.java:run(111)) - ae61afd5-043c-42ff-9e00-06be6bf8121c@group-7854BEAF083A-FollowerState: change to CANDIDATE, lastRpcTime:1020ms, electionTimeout:1020ms
2019-11-14 19:59:31,840 [Thread-3868] INFO  impl.RoleInfo (RoleInfo.java:shutdownFollowerState(121)) - ae61afd5-043c-42ff-9e00-06be6bf8121c: shutdown FollowerState
2019-11-14 19:59:31,840 [Thread-3868] INFO  impl.RaftServerImpl (RaftServerImpl.java:setRole(173)) - ae61afd5-043c-42ff-9e00-06be6bf8121c@group-7854BEAF083A: changes role from  FOLLOWER to CANDIDATE at term 2 for changeToCandidate
2019-11-14 19:59:31,840 [Thread-3868] INFO  impl.RoleInfo (RoleInfo.java:updateAndGet(143)) - ae61afd5-043c-42ff-9e00-06be6bf8121c: start LeaderElection
2019-11-14 19:59:31,850 [grpc-default-executor-6] WARN  server.GrpcLogAppender (LogUtils.java:warn(134)) - 37fea5d6-1a60-4b82-9570-57888d4e9f46@group-5C9C84E47F8E->f857cfdd-345c-4de8-889d-b8fdff158faf-AppendLogResponseHandler: Failed appendEntries: org.apache.ratis.thirdparty.io.grpc.StatusRuntimeException: UNAVAILABLE: io exception
2019-11-14 19:59:31,850 [grpc-default-executor-6] INFO  impl.FollowerInfo (FollowerInfo.java:lambda$new$0(51)) - 37fea5d6-1a60-4b82-9570-57888d4e9f46@group-5C9C84E47F8E->f857cfdd-345c-4de8-889d-b8fdff158faf: nextIndex: updateUnconditionally 0 -> 0
2019-11-14 19:59:31,865 [ae61afd5-043c-42ff-9e00-06be6bf8121c@group-7854BEAF083A-LeaderElection155] INFO  impl.LeaderElection (LeaderElection.java:askForVotes(178)) - ae61afd5-043c-42ff-9e00-06be6bf8121c@group-7854BEAF083A-LeaderElection155: begin an election at term 3 for 0: [ae61afd5-043c-42ff-9e00-06be6bf8121c:192.168.157.219:41147, 1d99cfa1-5734-40f1-a806-2aa318147fff:192.168.157.219:42659, 0b9f718b-6f36-48a0-b3e8-8949249bd312:192.168.157.219:44307], old=null
2019-11-14 19:59:31,866 [ae61afd5-043c-42ff-9e00-06be6bf8121c@group-7854BEAF083A-LeaderElection155] INFO  impl.LeaderElection (LogUtils.java:infoOrTrace(149)) - ae61afd5-043c-42ff-9e00-06be6bf8121c@group-7854BEAF083A-LeaderElection155 got exception when requesting votes: {}
java.util.concurrent.ExecutionException: org.apache.ratis.thirdparty.io.grpc.StatusRuntimeException: UNAVAILABLE: io exception
	at java.util.concurrent.FutureTask.report(FutureTask.java:122)
	at java.util.concurrent.FutureTask.get(FutureTask.java:192)
	at org.apache.ratis.server.impl.LeaderElection.waitForResults(LeaderElection.java:259)
	at org.apache.ratis.server.impl.LeaderElection.askForVotes(LeaderElection.java:197)
	at org.apache.ratis.server.impl.LeaderElection.run(LeaderElection.java:133)
	at java.lang.Thread.run(Thread.java:748)
Caused by: org.apache.ratis.thirdparty.io.grpc.StatusRuntimeException: UNAVAILABLE: io exception
	at org.apache.ratis.thirdparty.io.grpc.stub.ClientCalls.toStatusRuntimeException(ClientCalls.java:233)
	at org.apache.ratis.thirdparty.io.grpc.stub.ClientCalls.getUnchecked(ClientCalls.java:214)
	at org.apache.ratis.thirdparty.io.grpc.stub.ClientCalls.blockingUnaryCall(ClientCalls.java:139)
	at org.apache.ratis.proto.grpc.RaftServerProtocolServiceGrpc$RaftServerProtocolServiceBlockingStub.requestVote(RaftServerProtocolServiceGrpc.java:265)
	at org.apache.ratis.grpc.server.GrpcServerProtocolClient.requestVote(GrpcServerProtocolClient.java:99)
	at org.apache.ratis.grpc.server.GrpcService.requestVote(GrpcService.java:204)
	at org.apache.ratis.server.impl.LeaderElection.lambda$submitRequests$1(LeaderElection.java:234)
	at java.util.concurrent.FutureTask.run(FutureTask.java:266)
	at java.util.concurrent.Executors$RunnableAdapter.call(Executors.java:511)
	at java.util.concurrent.FutureTask.run(FutureTask.java:266)
	at java.util.concurrent.ThreadPoolExecutor.runWorker(ThreadPoolExecutor.java:1149)
	at java.util.concurrent.ThreadPoolExecutor$Worker.run(ThreadPoolExecutor.java:624)
	... 1 more
Caused by: org.apache.ratis.thirdparty.io.netty.channel.AbstractChannel$AnnotatedConnectException: Connection refused: /192.168.157.219:44307
	at sun.nio.ch.SocketChannelImpl.checkConnect(Native Method)
	at sun.nio.ch.SocketChannelImpl.finishConnect(SocketChannelImpl.java:717)
	at org.apache.ratis.thirdparty.io.netty.channel.socket.nio.NioSocketChannel.doFinishConnect(NioSocketChannel.java:327)
	at org.apache.ratis.thirdparty.io.netty.channel.nio.AbstractNioChannel$AbstractNioUnsafe.finishConnect(AbstractNioChannel.java:340)
	at org.apache.ratis.thirdparty.io.netty.channel.nio.NioEventLoop.processSelectedKey(NioEventLoop.java:632)
	at org.apache.ratis.thirdparty.io.netty.channel.nio.NioEventLoop.processSelectedKeysOptimized(NioEventLoop.java:579)
	at org.apache.ratis.thirdparty.io.netty.channel.nio.NioEventLoop.processSelectedKeys(NioEventLoop.java:496)
	at org.apache.ratis.thirdparty.io.netty.channel.nio.NioEventLoop.run(NioEventLoop.java:458)
	at org.apache.ratis.thirdparty.io.netty.util.concurrent.SingleThreadEventExecutor$5.run(SingleThreadEventExecutor.java:897)
	at org.apache.ratis.thirdparty.io.netty.util.concurrent.FastThreadLocalRunnable.run(FastThreadLocalRunnable.java:30)
	... 1 more
Caused by: java.net.ConnectException: Connection refused
	... 11 more
2019-11-14 19:59:31,871 [ae61afd5-043c-42ff-9e00-06be6bf8121c@group-7854BEAF083A-LeaderElection155] INFO  impl.LeaderElection (LogUtils.java:infoOrTrace(149)) - ae61afd5-043c-42ff-9e00-06be6bf8121c@group-7854BEAF083A-LeaderElection155 got exception when requesting votes: {}
java.util.concurrent.ExecutionException: org.apache.ratis.thirdparty.io.grpc.StatusRuntimeException: UNAVAILABLE: io exception
	at java.util.concurrent.FutureTask.report(FutureTask.java:122)
	at java.util.concurrent.FutureTask.get(FutureTask.java:192)
	at org.apache.ratis.server.impl.LeaderElection.waitForResults(LeaderElection.java:259)
	at org.apache.ratis.server.impl.LeaderElection.askForVotes(LeaderElection.java:197)
	at org.apache.ratis.server.impl.LeaderElection.run(LeaderElection.java:133)
	at java.lang.Thread.run(Thread.java:748)
Caused by: org.apache.ratis.thirdparty.io.grpc.StatusRuntimeException: UNAVAILABLE: io exception
	at org.apache.ratis.thirdparty.io.grpc.stub.ClientCalls.toStatusRuntimeException(ClientCalls.java:233)
	at org.apache.ratis.thirdparty.io.grpc.stub.ClientCalls.getUnchecked(ClientCalls.java:214)
	at org.apache.ratis.thirdparty.io.grpc.stub.ClientCalls.blockingUnaryCall(ClientCalls.java:139)
	at org.apache.ratis.proto.grpc.RaftServerProtocolServiceGrpc$RaftServerProtocolServiceBlockingStub.requestVote(RaftServerProtocolServiceGrpc.java:265)
	at org.apache.ratis.grpc.server.GrpcServerProtocolClient.requestVote(GrpcServerProtocolClient.java:99)
	at org.apache.ratis.grpc.server.GrpcService.requestVote(GrpcService.java:204)
	at org.apache.ratis.server.impl.LeaderElection.lambda$submitRequests$1(LeaderElection.java:234)
	at java.util.concurrent.FutureTask.run(FutureTask.java:266)
	at java.util.concurrent.Executors$RunnableAdapter.call(Executors.java:511)
	at java.util.concurrent.FutureTask.run(FutureTask.java:266)
	at java.util.concurrent.ThreadPoolExecutor.runWorker(ThreadPoolExecutor.java:1149)
	at java.util.concurrent.ThreadPoolExecutor$Worker.run(ThreadPoolExecutor.java:624)
	... 1 more
Caused by: org.apache.ratis.thirdparty.io.netty.channel.AbstractChannel$AnnotatedConnectException: Connection refused: /192.168.157.219:42659
	at sun.nio.ch.SocketChannelImpl.checkConnect(Native Method)
	at sun.nio.ch.SocketChannelImpl.finishConnect(SocketChannelImpl.java:717)
	at org.apache.ratis.thirdparty.io.netty.channel.socket.nio.NioSocketChannel.doFinishConnect(NioSocketChannel.java:327)
	at org.apache.ratis.thirdparty.io.netty.channel.nio.AbstractNioChannel$AbstractNioUnsafe.finishConnect(AbstractNioChannel.java:340)
	at org.apache.ratis.thirdparty.io.netty.channel.nio.NioEventLoop.processSelectedKey(NioEventLoop.java:632)
	at org.apache.ratis.thirdparty.io.netty.channel.nio.NioEventLoop.processSelectedKeysOptimized(NioEventLoop.java:579)
	at org.apache.ratis.thirdparty.io.netty.channel.nio.NioEventLoop.processSelectedKeys(NioEventLoop.java:496)
	at org.apache.ratis.thirdparty.io.netty.channel.nio.NioEventLoop.run(NioEventLoop.java:458)
	at org.apache.ratis.thirdparty.io.netty.util.concurrent.SingleThreadEventExecutor$5.run(SingleThreadEventExecutor.java:897)
	at org.apache.ratis.thirdparty.io.netty.util.concurrent.FastThreadLocalRunnable.run(FastThreadLocalRunnable.java:30)
	... 1 more
Caused by: java.net.ConnectException: Connection refused
	... 11 more
2019-11-14 19:59:31,872 [ae61afd5-043c-42ff-9e00-06be6bf8121c@group-7854BEAF083A-LeaderElection155] INFO  impl.LeaderElection (LeaderElection.java:logAndReturn(56)) - ae61afd5-043c-42ff-9e00-06be6bf8121c@group-7854BEAF083A-LeaderElection155: Election REJECTED; received 0 response(s) [] and 2 exception(s); ae61afd5-043c-42ff-9e00-06be6bf8121c@group-7854BEAF083A:t3, leader=null, voted=ae61afd5-043c-42ff-9e00-06be6bf8121c, raftlog=ae61afd5-043c-42ff-9e00-06be6bf8121c@group-7854BEAF083A-SegmentedRaftLog:OPENED:c0,f0,i0, conf=0: [ae61afd5-043c-42ff-9e00-06be6bf8121c:192.168.157.219:41147, 1d99cfa1-5734-40f1-a806-2aa318147fff:192.168.157.219:42659, 0b9f718b-6f36-48a0-b3e8-8949249bd312:192.168.157.219:44307], old=null
2019-11-14 19:59:31,872 [ae61afd5-043c-42ff-9e00-06be6bf8121c@group-7854BEAF083A-LeaderElection155] INFO  impl.LeaderElection (LogUtils.java:infoOrTrace(149)) -   Exception 0: {}
java.util.concurrent.ExecutionException: org.apache.ratis.thirdparty.io.grpc.StatusRuntimeException: UNAVAILABLE: io exception
	at java.util.concurrent.FutureTask.report(FutureTask.java:122)
	at java.util.concurrent.FutureTask.get(FutureTask.java:192)
	at org.apache.ratis.server.impl.LeaderElection.waitForResults(LeaderElection.java:259)
	at org.apache.ratis.server.impl.LeaderElection.askForVotes(LeaderElection.java:197)
	at org.apache.ratis.server.impl.LeaderElection.run(LeaderElection.java:133)
	at java.lang.Thread.run(Thread.java:748)
Caused by: org.apache.ratis.thirdparty.io.grpc.StatusRuntimeException: UNAVAILABLE: io exception
	at org.apache.ratis.thirdparty.io.grpc.stub.ClientCalls.toStatusRuntimeException(ClientCalls.java:233)
	at org.apache.ratis.thirdparty.io.grpc.stub.ClientCalls.getUnchecked(ClientCalls.java:214)
	at org.apache.ratis.thirdparty.io.grpc.stub.ClientCalls.blockingUnaryCall(ClientCalls.java:139)
	at org.apache.ratis.proto.grpc.RaftServerProtocolServiceGrpc$RaftServerProtocolServiceBlockingStub.requestVote(RaftServerProtocolServiceGrpc.java:265)
	at org.apache.ratis.grpc.server.GrpcServerProtocolClient.requestVote(GrpcServerProtocolClient.java:99)
	at org.apache.ratis.grpc.server.GrpcService.requestVote(GrpcService.java:204)
	at org.apache.ratis.server.impl.LeaderElection.lambda$submitRequests$1(LeaderElection.java:234)
	at java.util.concurrent.FutureTask.run(FutureTask.java:266)
	at java.util.concurrent.Executors$RunnableAdapter.call(Executors.java:511)
	at java.util.concurrent.FutureTask.run(FutureTask.java:266)
	at java.util.concurrent.ThreadPoolExecutor.runWorker(ThreadPoolExecutor.java:1149)
	at java.util.concurrent.ThreadPoolExecutor$Worker.run(ThreadPoolExecutor.java:624)
	... 1 more
Caused by: org.apache.ratis.thirdparty.io.netty.channel.AbstractChannel$AnnotatedConnectException: Connection refused: /192.168.157.219:44307
	at sun.nio.ch.SocketChannelImpl.checkConnect(Native Method)
	at sun.nio.ch.SocketChannelImpl.finishConnect(SocketChannelImpl.java:717)
	at org.apache.ratis.thirdparty.io.netty.channel.socket.nio.NioSocketChannel.doFinishConnect(NioSocketChannel.java:327)
	at org.apache.ratis.thirdparty.io.netty.channel.nio.AbstractNioChannel$AbstractNioUnsafe.finishConnect(AbstractNioChannel.java:340)
	at org.apache.ratis.thirdparty.io.netty.channel.nio.NioEventLoop.processSelectedKey(NioEventLoop.java:632)
	at org.apache.ratis.thirdparty.io.netty.channel.nio.NioEventLoop.processSelectedKeysOptimized(NioEventLoop.java:579)
	at org.apache.ratis.thirdparty.io.netty.channel.nio.NioEventLoop.processSelectedKeys(NioEventLoop.java:496)
	at org.apache.ratis.thirdparty.io.netty.channel.nio.NioEventLoop.run(NioEventLoop.java:458)
	at org.apache.ratis.thirdparty.io.netty.util.concurrent.SingleThreadEventExecutor$5.run(SingleThreadEventExecutor.java:897)
	at org.apache.ratis.thirdparty.io.netty.util.concurrent.FastThreadLocalRunnable.run(FastThreadLocalRunnable.java:30)
	... 1 more
Caused by: java.net.ConnectException: Connection refused
	... 11 more
2019-11-14 19:59:31,873 [ae61afd5-043c-42ff-9e00-06be6bf8121c@group-7854BEAF083A-LeaderElection155] INFO  impl.LeaderElection (LogUtils.java:infoOrTrace(149)) -   Exception 1: {}
java.util.concurrent.ExecutionException: org.apache.ratis.thirdparty.io.grpc.StatusRuntimeException: UNAVAILABLE: io exception
	at java.util.concurrent.FutureTask.report(FutureTask.java:122)
	at java.util.concurrent.FutureTask.get(FutureTask.java:192)
	at org.apache.ratis.server.impl.LeaderElection.waitForResults(LeaderElection.java:259)
	at org.apache.ratis.server.impl.LeaderElection.askForVotes(LeaderElection.java:197)
	at org.apache.ratis.server.impl.LeaderElection.run(LeaderElection.java:133)
	at java.lang.Thread.run(Thread.java:748)
Caused by: org.apache.ratis.thirdparty.io.grpc.StatusRuntimeException: UNAVAILABLE: io exception
	at org.apache.ratis.thirdparty.io.grpc.stub.ClientCalls.toStatusRuntimeException(ClientCalls.java:233)
	at org.apache.ratis.thirdparty.io.grpc.stub.ClientCalls.getUnchecked(ClientCalls.java:214)
	at org.apache.ratis.thirdparty.io.grpc.stub.ClientCalls.blockingUnaryCall(ClientCalls.java:139)
	at org.apache.ratis.proto.grpc.RaftServerProtocolServiceGrpc$RaftServerProtocolServiceBlockingStub.requestVote(RaftServerProtocolServiceGrpc.java:265)
	at org.apache.ratis.grpc.server.GrpcServerProtocolClient.requestVote(GrpcServerProtocolClient.java:99)
	at org.apache.ratis.grpc.server.GrpcService.requestVote(GrpcService.java:204)
	at org.apache.ratis.server.impl.LeaderElection.lambda$submitRequests$1(LeaderElection.java:234)
	at java.util.concurrent.FutureTask.run(FutureTask.java:266)
	at java.util.concurrent.Executors$RunnableAdapter.call(Executors.java:511)
	at java.util.concurrent.FutureTask.run(FutureTask.java:266)
	at java.util.concurrent.ThreadPoolExecutor.runWorker(ThreadPoolExecutor.java:1149)
	at java.util.concurrent.ThreadPoolExecutor$Worker.run(ThreadPoolExecutor.java:624)
	... 1 more
Caused by: org.apache.ratis.thirdparty.io.netty.channel.AbstractChannel$AnnotatedConnectException: Connection refused: /192.168.157.219:42659
	at sun.nio.ch.SocketChannelImpl.checkConnect(Native Method)
	at sun.nio.ch.SocketChannelImpl.finishConnect(SocketChannelImpl.java:717)
	at org.apache.ratis.thirdparty.io.netty.channel.socket.nio.NioSocketChannel.doFinishConnect(NioSocketChannel.java:327)
	at org.apache.ratis.thirdparty.io.netty.channel.nio.AbstractNioChannel$AbstractNioUnsafe.finishConnect(AbstractNioChannel.java:340)
	at org.apache.ratis.thirdparty.io.netty.channel.nio.NioEventLoop.processSelectedKey(NioEventLoop.java:632)
	at org.apache.ratis.thirdparty.io.netty.channel.nio.NioEventLoop.processSelectedKeysOptimized(NioEventLoop.java:579)
	at org.apache.ratis.thirdparty.io.netty.channel.nio.NioEventLoop.processSelectedKeys(NioEventLoop.java:496)
	at org.apache.ratis.thirdparty.io.netty.channel.nio.NioEventLoop.run(NioEventLoop.java:458)
	at org.apache.ratis.thirdparty.io.netty.util.concurrent.SingleThreadEventExecutor$5.run(SingleThreadEventExecutor.java:897)
	at org.apache.ratis.thirdparty.io.netty.util.concurrent.FastThreadLocalRunnable.run(FastThreadLocalRunnable.java:30)
	... 1 more
Caused by: java.net.ConnectException: Connection refused
	... 11 more
2019-11-14 19:59:31,873 [ae61afd5-043c-42ff-9e00-06be6bf8121c@group-7854BEAF083A-LeaderElection155] INFO  impl.RaftServerImpl (RaftServerImpl.java:setRole(173)) - ae61afd5-043c-42ff-9e00-06be6bf8121c@group-7854BEAF083A: changes role from CANDIDATE to FOLLOWER at term 3 for DISCOVERED_A_NEW_TERM
2019-11-14 19:59:31,873 [ae61afd5-043c-42ff-9e00-06be6bf8121c@group-7854BEAF083A-LeaderElection155] INFO  impl.RoleInfo (RoleInfo.java:shutdownLeaderElection(134)) - ae61afd5-043c-42ff-9e00-06be6bf8121c: shutdown LeaderElection
2019-11-14 19:59:31,874 [ae61afd5-043c-42ff-9e00-06be6bf8121c@group-7854BEAF083A-LeaderElection155] INFO  impl.RoleInfo (RoleInfo.java:updateAndGet(143)) - ae61afd5-043c-42ff-9e00-06be6bf8121c: start FollowerState
2019-11-14 19:59:32,351 [grpc-default-executor-7] WARN  server.GrpcLogAppender (LogUtils.java:warn(134)) - 37fea5d6-1a60-4b82-9570-57888d4e9f46@group-5C9C84E47F8E->f857cfdd-345c-4de8-889d-b8fdff158faf-AppendLogResponseHandler: Failed appendEntries: org.apache.ratis.thirdparty.io.grpc.StatusRuntimeException: UNAVAILABLE: io exception
2019-11-14 19:59:32,351 [grpc-default-executor-7] INFO  impl.FollowerInfo (FollowerInfo.java:lambda$new$0(51)) - 37fea5d6-1a60-4b82-9570-57888d4e9f46@group-5C9C84E47F8E->f857cfdd-345c-4de8-889d-b8fdff158faf: nextIndex: updateUnconditionally 0 -> 0
2019-11-14 19:59:32,852 [grpc-default-executor-8] WARN  server.GrpcLogAppender (LogUtils.java:warn(134)) - 37fea5d6-1a60-4b82-9570-57888d4e9f46@group-5C9C84E47F8E->f857cfdd-345c-4de8-889d-b8fdff158faf-AppendLogResponseHandler: Failed appendEntries: org.apache.ratis.thirdparty.io.grpc.StatusRuntimeException: UNAVAILABLE: io exception
2019-11-14 19:59:32,852 [grpc-default-executor-8] INFO  impl.FollowerInfo (FollowerInfo.java:lambda$new$0(51)) - 37fea5d6-1a60-4b82-9570-57888d4e9f46@group-5C9C84E47F8E->f857cfdd-345c-4de8-889d-b8fdff158faf: nextIndex: updateUnconditionally 0 -> 0
2019-11-14 19:59:32,979 [Thread-3881] INFO  impl.FollowerState (FollowerState.java:run(111)) - ae61afd5-043c-42ff-9e00-06be6bf8121c@group-7854BEAF083A-FollowerState: change to CANDIDATE, lastRpcTime:1105ms, electionTimeout:1105ms
2019-11-14 19:59:32,979 [Thread-3881] INFO  impl.RoleInfo (RoleInfo.java:shutdownFollowerState(121)) - ae61afd5-043c-42ff-9e00-06be6bf8121c: shutdown FollowerState
2019-11-14 19:59:32,980 [Thread-3881] INFO  impl.RaftServerImpl (RaftServerImpl.java:setRole(173)) - ae61afd5-043c-42ff-9e00-06be6bf8121c@group-7854BEAF083A: changes role from  FOLLOWER to CANDIDATE at term 3 for changeToCandidate
2019-11-14 19:59:32,980 [Thread-3881] INFO  impl.RoleInfo (RoleInfo.java:updateAndGet(143)) - ae61afd5-043c-42ff-9e00-06be6bf8121c: start LeaderElection
2019-11-14 19:59:33,004 [ae61afd5-043c-42ff-9e00-06be6bf8121c@group-7854BEAF083A-LeaderElection156] INFO  impl.LeaderElection (LeaderElection.java:askForVotes(178)) - ae61afd5-043c-42ff-9e00-06be6bf8121c@group-7854BEAF083A-LeaderElection156: begin an election at term 4 for 0: [ae61afd5-043c-42ff-9e00-06be6bf8121c:192.168.157.219:41147, 1d99cfa1-5734-40f1-a806-2aa318147fff:192.168.157.219:42659, 0b9f718b-6f36-48a0-b3e8-8949249bd312:192.168.157.219:44307], old=null
2019-11-14 19:59:33,006 [ae61afd5-043c-42ff-9e00-06be6bf8121c@group-7854BEAF083A-LeaderElection156] INFO  impl.LeaderElection (LogUtils.java:infoOrTrace(149)) - ae61afd5-043c-42ff-9e00-06be6bf8121c@group-7854BEAF083A-LeaderElection156 got exception when requesting votes: {}
java.util.concurrent.ExecutionException: org.apache.ratis.thirdparty.io.grpc.StatusRuntimeException: UNAVAILABLE: io exception
	at java.util.concurrent.FutureTask.report(FutureTask.java:122)
	at java.util.concurrent.FutureTask.get(FutureTask.java:192)
	at org.apache.ratis.server.impl.LeaderElection.waitForResults(LeaderElection.java:259)
	at org.apache.ratis.server.impl.LeaderElection.askForVotes(LeaderElection.java:197)
	at org.apache.ratis.server.impl.LeaderElection.run(LeaderElection.java:133)
	at java.lang.Thread.run(Thread.java:748)
Caused by: org.apache.ratis.thirdparty.io.grpc.StatusRuntimeException: UNAVAILABLE: io exception
	at org.apache.ratis.thirdparty.io.grpc.stub.ClientCalls.toStatusRuntimeException(ClientCalls.java:233)
	at org.apache.ratis.thirdparty.io.grpc.stub.ClientCalls.getUnchecked(ClientCalls.java:214)
	at org.apache.ratis.thirdparty.io.grpc.stub.ClientCalls.blockingUnaryCall(ClientCalls.java:139)
	at org.apache.ratis.proto.grpc.RaftServerProtocolServiceGrpc$RaftServerProtocolServiceBlockingStub.requestVote(RaftServerProtocolServiceGrpc.java:265)
	at org.apache.ratis.grpc.server.GrpcServerProtocolClient.requestVote(GrpcServerProtocolClient.java:99)
	at org.apache.ratis.grpc.server.GrpcService.requestVote(GrpcService.java:204)
	at org.apache.ratis.server.impl.LeaderElection.lambda$submitRequests$1(LeaderElection.java:234)
	at java.util.concurrent.FutureTask.run(FutureTask.java:266)
	at java.util.concurrent.Executors$RunnableAdapter.call(Executors.java:511)
	at java.util.concurrent.FutureTask.run(FutureTask.java:266)
	at java.util.concurrent.ThreadPoolExecutor.runWorker(ThreadPoolExecutor.java:1149)
	at java.util.concurrent.ThreadPoolExecutor$Worker.run(ThreadPoolExecutor.java:624)
	... 1 more
Caused by: org.apache.ratis.thirdparty.io.netty.channel.AbstractChannel$AnnotatedConnectException: Connection refused: /192.168.157.219:42659
	at sun.nio.ch.SocketChannelImpl.checkConnect(Native Method)
	at sun.nio.ch.SocketChannelImpl.finishConnect(SocketChannelImpl.java:717)
	at org.apache.ratis.thirdparty.io.netty.channel.socket.nio.NioSocketChannel.doFinishConnect(NioSocketChannel.java:327)
	at org.apache.ratis.thirdparty.io.netty.channel.nio.AbstractNioChannel$AbstractNioUnsafe.finishConnect(AbstractNioChannel.java:340)
	at org.apache.ratis.thirdparty.io.netty.channel.nio.NioEventLoop.processSelectedKey(NioEventLoop.java:632)
	at org.apache.ratis.thirdparty.io.netty.channel.nio.NioEventLoop.processSelectedKeysOptimized(NioEventLoop.java:579)
	at org.apache.ratis.thirdparty.io.netty.channel.nio.NioEventLoop.processSelectedKeys(NioEventLoop.java:496)
	at org.apache.ratis.thirdparty.io.netty.channel.nio.NioEventLoop.run(NioEventLoop.java:458)
	at org.apache.ratis.thirdparty.io.netty.util.concurrent.SingleThreadEventExecutor$5.run(SingleThreadEventExecutor.java:897)
	at org.apache.ratis.thirdparty.io.netty.util.concurrent.FastThreadLocalRunnable.run(FastThreadLocalRunnable.java:30)
	... 1 more
Caused by: java.net.ConnectException: Connection refused
	... 11 more
2019-11-14 19:59:33,010 [ae61afd5-043c-42ff-9e00-06be6bf8121c@group-7854BEAF083A-LeaderElection156] INFO  impl.LeaderElection (LogUtils.java:infoOrTrace(149)) - ae61afd5-043c-42ff-9e00-06be6bf8121c@group-7854BEAF083A-LeaderElection156 got exception when requesting votes: {}
java.util.concurrent.ExecutionException: org.apache.ratis.thirdparty.io.grpc.StatusRuntimeException: UNAVAILABLE: io exception
	at java.util.concurrent.FutureTask.report(FutureTask.java:122)
	at java.util.concurrent.FutureTask.get(FutureTask.java:192)
	at org.apache.ratis.server.impl.LeaderElection.waitForResults(LeaderElection.java:259)
	at org.apache.ratis.server.impl.LeaderElection.askForVotes(LeaderElection.java:197)
	at org.apache.ratis.server.impl.LeaderElection.run(LeaderElection.java:133)
	at java.lang.Thread.run(Thread.java:748)
Caused by: org.apache.ratis.thirdparty.io.grpc.StatusRuntimeException: UNAVAILABLE: io exception
	at org.apache.ratis.thirdparty.io.grpc.stub.ClientCalls.toStatusRuntimeException(ClientCalls.java:233)
	at org.apache.ratis.thirdparty.io.grpc.stub.ClientCalls.getUnchecked(ClientCalls.java:214)
	at org.apache.ratis.thirdparty.io.grpc.stub.ClientCalls.blockingUnaryCall(ClientCalls.java:139)
	at org.apache.ratis.proto.grpc.RaftServerProtocolServiceGrpc$RaftServerProtocolServiceBlockingStub.requestVote(RaftServerProtocolServiceGrpc.java:265)
	at org.apache.ratis.grpc.server.GrpcServerProtocolClient.requestVote(GrpcServerProtocolClient.java:99)
	at org.apache.ratis.grpc.server.GrpcService.requestVote(GrpcService.java:204)
	at org.apache.ratis.server.impl.LeaderElection.lambda$submitRequests$1(LeaderElection.java:234)
	at java.util.concurrent.FutureTask.run(FutureTask.java:266)
	at java.util.concurrent.Executors$RunnableAdapter.call(Executors.java:511)
	at java.util.concurrent.FutureTask.run(FutureTask.java:266)
	at java.util.concurrent.ThreadPoolExecutor.runWorker(ThreadPoolExecutor.java:1149)
	at java.util.concurrent.ThreadPoolExecutor$Worker.run(ThreadPoolExecutor.java:624)
	... 1 more
Caused by: org.apache.ratis.thirdparty.io.netty.channel.AbstractChannel$AnnotatedConnectException: Connection refused: /192.168.157.219:44307
	at sun.nio.ch.SocketChannelImpl.checkConnect(Native Method)
	at sun.nio.ch.SocketChannelImpl.finishConnect(SocketChannelImpl.java:717)
	at org.apache.ratis.thirdparty.io.netty.channel.socket.nio.NioSocketChannel.doFinishConnect(NioSocketChannel.java:327)
	at org.apache.ratis.thirdparty.io.netty.channel.nio.AbstractNioChannel$AbstractNioUnsafe.finishConnect(AbstractNioChannel.java:340)
	at org.apache.ratis.thirdparty.io.netty.channel.nio.NioEventLoop.processSelectedKey(NioEventLoop.java:632)
	at org.apache.ratis.thirdparty.io.netty.channel.nio.NioEventLoop.processSelectedKeysOptimized(NioEventLoop.java:579)
	at org.apache.ratis.thirdparty.io.netty.channel.nio.NioEventLoop.processSelectedKeys(NioEventLoop.java:496)
	at org.apache.ratis.thirdparty.io.netty.channel.nio.NioEventLoop.run(NioEventLoop.java:458)
	at org.apache.ratis.thirdparty.io.netty.util.concurrent.SingleThreadEventExecutor$5.run(SingleThreadEventExecutor.java:897)
	at org.apache.ratis.thirdparty.io.netty.util.concurrent.FastThreadLocalRunnable.run(FastThreadLocalRunnable.java:30)
	... 1 more
Caused by: java.net.ConnectException: Connection refused
	... 11 more
2019-11-14 19:59:33,011 [ae61afd5-043c-42ff-9e00-06be6bf8121c@group-7854BEAF083A-LeaderElection156] INFO  impl.LeaderElection (LeaderElection.java:logAndReturn(56)) - ae61afd5-043c-42ff-9e00-06be6bf8121c@group-7854BEAF083A-LeaderElection156: Election REJECTED; received 0 response(s) [] and 2 exception(s); ae61afd5-043c-42ff-9e00-06be6bf8121c@group-7854BEAF083A:t4, leader=null, voted=ae61afd5-043c-42ff-9e00-06be6bf8121c, raftlog=ae61afd5-043c-42ff-9e00-06be6bf8121c@group-7854BEAF083A-SegmentedRaftLog:OPENED:c0,f0,i0, conf=0: [ae61afd5-043c-42ff-9e00-06be6bf8121c:192.168.157.219:41147, 1d99cfa1-5734-40f1-a806-2aa318147fff:192.168.157.219:42659, 0b9f718b-6f36-48a0-b3e8-8949249bd312:192.168.157.219:44307], old=null
2019-11-14 19:59:33,012 [ae61afd5-043c-42ff-9e00-06be6bf8121c@group-7854BEAF083A-LeaderElection156] INFO  impl.LeaderElection (LogUtils.java:infoOrTrace(149)) -   Exception 0: {}
java.util.concurrent.ExecutionException: org.apache.ratis.thirdparty.io.grpc.StatusRuntimeException: UNAVAILABLE: io exception
	at java.util.concurrent.FutureTask.report(FutureTask.java:122)
	at java.util.concurrent.FutureTask.get(FutureTask.java:192)
	at org.apache.ratis.server.impl.LeaderElection.waitForResults(LeaderElection.java:259)
	at org.apache.ratis.server.impl.LeaderElection.askForVotes(LeaderElection.java:197)
	at org.apache.ratis.server.impl.LeaderElection.run(LeaderElection.java:133)
	at java.lang.Thread.run(Thread.java:748)
Caused by: org.apache.ratis.thirdparty.io.grpc.StatusRuntimeException: UNAVAILABLE: io exception
	at org.apache.ratis.thirdparty.io.grpc.stub.ClientCalls.toStatusRuntimeException(ClientCalls.java:233)
	at org.apache.ratis.thirdparty.io.grpc.stub.ClientCalls.getUnchecked(ClientCalls.java:214)
	at org.apache.ratis.thirdparty.io.grpc.stub.ClientCalls.blockingUnaryCall(ClientCalls.java:139)
	at org.apache.ratis.proto.grpc.RaftServerProtocolServiceGrpc$RaftServerProtocolServiceBlockingStub.requestVote(RaftServerProtocolServiceGrpc.java:265)
	at org.apache.ratis.grpc.server.GrpcServerProtocolClient.requestVote(GrpcServerProtocolClient.java:99)
	at org.apache.ratis.grpc.server.GrpcService.requestVote(GrpcService.java:204)
	at org.apache.ratis.server.impl.LeaderElection.lambda$submitRequests$1(LeaderElection.java:234)
	at java.util.concurrent.FutureTask.run(FutureTask.java:266)
	at java.util.concurrent.Executors$RunnableAdapter.call(Executors.java:511)
	at java.util.concurrent.FutureTask.run(FutureTask.java:266)
	at java.util.concurrent.ThreadPoolExecutor.runWorker(ThreadPoolExecutor.java:1149)
	at java.util.concurrent.ThreadPoolExecutor$Worker.run(ThreadPoolExecutor.java:624)
	... 1 more
Caused by: org.apache.ratis.thirdparty.io.netty.channel.AbstractChannel$AnnotatedConnectException: Connection refused: /192.168.157.219:42659
	at sun.nio.ch.SocketChannelImpl.checkConnect(Native Method)
	at sun.nio.ch.SocketChannelImpl.finishConnect(SocketChannelImpl.java:717)
	at org.apache.ratis.thirdparty.io.netty.channel.socket.nio.NioSocketChannel.doFinishConnect(NioSocketChannel.java:327)
	at org.apache.ratis.thirdparty.io.netty.channel.nio.AbstractNioChannel$AbstractNioUnsafe.finishConnect(AbstractNioChannel.java:340)
	at org.apache.ratis.thirdparty.io.netty.channel.nio.NioEventLoop.processSelectedKey(NioEventLoop.java:632)
	at org.apache.ratis.thirdparty.io.netty.channel.nio.NioEventLoop.processSelectedKeysOptimized(NioEventLoop.java:579)
	at org.apache.ratis.thirdparty.io.netty.channel.nio.NioEventLoop.processSelectedKeys(NioEventLoop.java:496)
	at org.apache.ratis.thirdparty.io.netty.channel.nio.NioEventLoop.run(NioEventLoop.java:458)
	at org.apache.ratis.thirdparty.io.netty.util.concurrent.SingleThreadEventExecutor$5.run(SingleThreadEventExecutor.java:897)
	at org.apache.ratis.thirdparty.io.netty.util.concurrent.FastThreadLocalRunnable.run(FastThreadLocalRunnable.java:30)
	... 1 more
Caused by: java.net.ConnectException: Connection refused
	... 11 more
2019-11-14 19:59:33,012 [ae61afd5-043c-42ff-9e00-06be6bf8121c@group-7854BEAF083A-LeaderElection156] INFO  impl.LeaderElection (LogUtils.java:infoOrTrace(149)) -   Exception 1: {}
java.util.concurrent.ExecutionException: org.apache.ratis.thirdparty.io.grpc.StatusRuntimeException: UNAVAILABLE: io exception
	at java.util.concurrent.FutureTask.report(FutureTask.java:122)
	at java.util.concurrent.FutureTask.get(FutureTask.java:192)
	at org.apache.ratis.server.impl.LeaderElection.waitForResults(LeaderElection.java:259)
	at org.apache.ratis.server.impl.LeaderElection.askForVotes(LeaderElection.java:197)
	at org.apache.ratis.server.impl.LeaderElection.run(LeaderElection.java:133)
	at java.lang.Thread.run(Thread.java:748)
Caused by: org.apache.ratis.thirdparty.io.grpc.StatusRuntimeException: UNAVAILABLE: io exception
	at org.apache.ratis.thirdparty.io.grpc.stub.ClientCalls.toStatusRuntimeException(ClientCalls.java:233)
	at org.apache.ratis.thirdparty.io.grpc.stub.ClientCalls.getUnchecked(ClientCalls.java:214)
	at org.apache.ratis.thirdparty.io.grpc.stub.ClientCalls.blockingUnaryCall(ClientCalls.java:139)
	at org.apache.ratis.proto.grpc.RaftServerProtocolServiceGrpc$RaftServerProtocolServiceBlockingStub.requestVote(RaftServerProtocolServiceGrpc.java:265)
	at org.apache.ratis.grpc.server.GrpcServerProtocolClient.requestVote(GrpcServerProtocolClient.java:99)
	at org.apache.ratis.grpc.server.GrpcService.requestVote(GrpcService.java:204)
	at org.apache.ratis.server.impl.LeaderElection.lambda$submitRequests$1(LeaderElection.java:234)
	at java.util.concurrent.FutureTask.run(FutureTask.java:266)
	at java.util.concurrent.Executors$RunnableAdapter.call(Executors.java:511)
	at java.util.concurrent.FutureTask.run(FutureTask.java:266)
	at java.util.concurrent.ThreadPoolExecutor.runWorker(ThreadPoolExecutor.java:1149)
	at java.util.concurrent.ThreadPoolExecutor$Worker.run(ThreadPoolExecutor.java:624)
	... 1 more
Caused by: org.apache.ratis.thirdparty.io.netty.channel.AbstractChannel$AnnotatedConnectException: Connection refused: /192.168.157.219:44307
	at sun.nio.ch.SocketChannelImpl.checkConnect(Native Method)
	at sun.nio.ch.SocketChannelImpl.finishConnect(SocketChannelImpl.java:717)
	at org.apache.ratis.thirdparty.io.netty.channel.socket.nio.NioSocketChannel.doFinishConnect(NioSocketChannel.java:327)
	at org.apache.ratis.thirdparty.io.netty.channel.nio.AbstractNioChannel$AbstractNioUnsafe.finishConnect(AbstractNioChannel.java:340)
	at org.apache.ratis.thirdparty.io.netty.channel.nio.NioEventLoop.processSelectedKey(NioEventLoop.java:632)
	at org.apache.ratis.thirdparty.io.netty.channel.nio.NioEventLoop.processSelectedKeysOptimized(NioEventLoop.java:579)
	at org.apache.ratis.thirdparty.io.netty.channel.nio.NioEventLoop.processSelectedKeys(NioEventLoop.java:496)
	at org.apache.ratis.thirdparty.io.netty.channel.nio.NioEventLoop.run(NioEventLoop.java:458)
	at org.apache.ratis.thirdparty.io.netty.util.concurrent.SingleThreadEventExecutor$5.run(SingleThreadEventExecutor.java:897)
	at org.apache.ratis.thirdparty.io.netty.util.concurrent.FastThreadLocalRunnable.run(FastThreadLocalRunnable.java:30)
	... 1 more
Caused by: java.net.ConnectException: Connection refused
	... 11 more
2019-11-14 19:59:33,012 [ae61afd5-043c-42ff-9e00-06be6bf8121c@group-7854BEAF083A-LeaderElection156] INFO  impl.RaftServerImpl (RaftServerImpl.java:setRole(173)) - ae61afd5-043c-42ff-9e00-06be6bf8121c@group-7854BEAF083A: changes role from CANDIDATE to FOLLOWER at term 4 for DISCOVERED_A_NEW_TERM
2019-11-14 19:59:33,012 [ae61afd5-043c-42ff-9e00-06be6bf8121c@group-7854BEAF083A-LeaderElection156] INFO  impl.RoleInfo (RoleInfo.java:shutdownLeaderElection(134)) - ae61afd5-043c-42ff-9e00-06be6bf8121c: shutdown LeaderElection
2019-11-14 19:59:33,012 [ae61afd5-043c-42ff-9e00-06be6bf8121c@group-7854BEAF083A-LeaderElection156] INFO  impl.RoleInfo (RoleInfo.java:updateAndGet(143)) - ae61afd5-043c-42ff-9e00-06be6bf8121c: start FollowerState
2019-11-14 19:59:33,354 [grpc-default-executor-7] WARN  server.GrpcLogAppender (LogUtils.java:warn(134)) - 37fea5d6-1a60-4b82-9570-57888d4e9f46@group-5C9C84E47F8E->f857cfdd-345c-4de8-889d-b8fdff158faf-AppendLogResponseHandler: Failed appendEntries: org.apache.ratis.thirdparty.io.grpc.StatusRuntimeException: UNAVAILABLE: io exception
2019-11-14 19:59:33,355 [grpc-default-executor-7] INFO  impl.FollowerInfo (FollowerInfo.java:lambda$new$0(51)) - 37fea5d6-1a60-4b82-9570-57888d4e9f46@group-5C9C84E47F8E->f857cfdd-345c-4de8-889d-b8fdff158faf: nextIndex: updateUnconditionally 0 -> 0
2019-11-14 19:59:33,854 [grpc-default-executor-7] WARN  server.GrpcLogAppender (LogUtils.java:warn(134)) - 37fea5d6-1a60-4b82-9570-57888d4e9f46@group-5C9C84E47F8E->f857cfdd-345c-4de8-889d-b8fdff158faf-AppendLogResponseHandler: Failed appendEntries: org.apache.ratis.thirdparty.io.grpc.StatusRuntimeException: UNAVAILABLE: io exception
2019-11-14 19:59:33,854 [grpc-default-executor-7] INFO  impl.FollowerInfo (FollowerInfo.java:lambda$new$0(51)) - 37fea5d6-1a60-4b82-9570-57888d4e9f46@group-5C9C84E47F8E->f857cfdd-345c-4de8-889d-b8fdff158faf: nextIndex: updateUnconditionally 0 -> 0
2019-11-14 19:59:34,066 [Thread-3891] INFO  impl.FollowerState (FollowerState.java:run(111)) - ae61afd5-043c-42ff-9e00-06be6bf8121c@group-7854BEAF083A-FollowerState: change to CANDIDATE, lastRpcTime:1053ms, electionTimeout:1053ms
2019-11-14 19:59:34,066 [Thread-3891] INFO  impl.RoleInfo (RoleInfo.java:shutdownFollowerState(121)) - ae61afd5-043c-42ff-9e00-06be6bf8121c: shutdown FollowerState
2019-11-14 19:59:34,066 [Thread-3891] INFO  impl.RaftServerImpl (RaftServerImpl.java:setRole(173)) - ae61afd5-043c-42ff-9e00-06be6bf8121c@group-7854BEAF083A: changes role from  FOLLOWER to CANDIDATE at term 4 for changeToCandidate
2019-11-14 19:59:34,066 [Thread-3891] INFO  impl.RoleInfo (RoleInfo.java:updateAndGet(143)) - ae61afd5-043c-42ff-9e00-06be6bf8121c: start LeaderElection
2019-11-14 19:59:34,091 [ae61afd5-043c-42ff-9e00-06be6bf8121c@group-7854BEAF083A-LeaderElection157] INFO  impl.LeaderElection (LeaderElection.java:askForVotes(178)) - ae61afd5-043c-42ff-9e00-06be6bf8121c@group-7854BEAF083A-LeaderElection157: begin an election at term 5 for 0: [ae61afd5-043c-42ff-9e00-06be6bf8121c:192.168.157.219:41147, 1d99cfa1-5734-40f1-a806-2aa318147fff:192.168.157.219:42659, 0b9f718b-6f36-48a0-b3e8-8949249bd312:192.168.157.219:44307], old=null
2019-11-14 19:59:34,092 [ae61afd5-043c-42ff-9e00-06be6bf8121c@group-7854BEAF083A-LeaderElection157] INFO  impl.LeaderElection (LogUtils.java:infoOrTrace(149)) - ae61afd5-043c-42ff-9e00-06be6bf8121c@group-7854BEAF083A-LeaderElection157 got exception when requesting votes: {}
java.util.concurrent.ExecutionException: org.apache.ratis.thirdparty.io.grpc.StatusRuntimeException: UNAVAILABLE: io exception
	at java.util.concurrent.FutureTask.report(FutureTask.java:122)
	at java.util.concurrent.FutureTask.get(FutureTask.java:192)
	at org.apache.ratis.server.impl.LeaderElection.waitForResults(LeaderElection.java:259)
	at org.apache.ratis.server.impl.LeaderElection.askForVotes(LeaderElection.java:197)
	at org.apache.ratis.server.impl.LeaderElection.run(LeaderElection.java:133)
	at java.lang.Thread.run(Thread.java:748)
Caused by: org.apache.ratis.thirdparty.io.grpc.StatusRuntimeException: UNAVAILABLE: io exception
	at org.apache.ratis.thirdparty.io.grpc.stub.ClientCalls.toStatusRuntimeException(ClientCalls.java:233)
	at org.apache.ratis.thirdparty.io.grpc.stub.ClientCalls.getUnchecked(ClientCalls.java:214)
	at org.apache.ratis.thirdparty.io.grpc.stub.ClientCalls.blockingUnaryCall(ClientCalls.java:139)
	at org.apache.ratis.proto.grpc.RaftServerProtocolServiceGrpc$RaftServerProtocolServiceBlockingStub.requestVote(RaftServerProtocolServiceGrpc.java:265)
	at org.apache.ratis.grpc.server.GrpcServerProtocolClient.requestVote(GrpcServerProtocolClient.java:99)
	at org.apache.ratis.grpc.server.GrpcService.requestVote(GrpcService.java:204)
	at org.apache.ratis.server.impl.LeaderElection.lambda$submitRequests$1(LeaderElection.java:234)
	at java.util.concurrent.FutureTask.run(FutureTask.java:266)
	at java.util.concurrent.Executors$RunnableAdapter.call(Executors.java:511)
	at java.util.concurrent.FutureTask.run(FutureTask.java:266)
	at java.util.concurrent.ThreadPoolExecutor.runWorker(ThreadPoolExecutor.java:1149)
	at java.util.concurrent.ThreadPoolExecutor$Worker.run(ThreadPoolExecutor.java:624)
	... 1 more
Caused by: org.apache.ratis.thirdparty.io.netty.channel.AbstractChannel$AnnotatedConnectException: Connection refused: /192.168.157.219:42659
	at sun.nio.ch.SocketChannelImpl.checkConnect(Native Method)
	at sun.nio.ch.SocketChannelImpl.finishConnect(SocketChannelImpl.java:717)
	at org.apache.ratis.thirdparty.io.netty.channel.socket.nio.NioSocketChannel.doFinishConnect(NioSocketChannel.java:327)
	at org.apache.ratis.thirdparty.io.netty.channel.nio.AbstractNioChannel$AbstractNioUnsafe.finishConnect(AbstractNioChannel.java:340)
	at org.apache.ratis.thirdparty.io.netty.channel.nio.NioEventLoop.processSelectedKey(NioEventLoop.java:632)
	at org.apache.ratis.thirdparty.io.netty.channel.nio.NioEventLoop.processSelectedKeysOptimized(NioEventLoop.java:579)
	at org.apache.ratis.thirdparty.io.netty.channel.nio.NioEventLoop.processSelectedKeys(NioEventLoop.java:496)
	at org.apache.ratis.thirdparty.io.netty.channel.nio.NioEventLoop.run(NioEventLoop.java:458)
	at org.apache.ratis.thirdparty.io.netty.util.concurrent.SingleThreadEventExecutor$5.run(SingleThreadEventExecutor.java:897)
	at org.apache.ratis.thirdparty.io.netty.util.concurrent.FastThreadLocalRunnable.run(FastThreadLocalRunnable.java:30)
	... 1 more
Caused by: java.net.ConnectException: Connection refused
	... 11 more
2019-11-14 19:59:34,095 [ae61afd5-043c-42ff-9e00-06be6bf8121c@group-7854BEAF083A-LeaderElection157] INFO  impl.LeaderElection (LogUtils.java:infoOrTrace(149)) - ae61afd5-043c-42ff-9e00-06be6bf8121c@group-7854BEAF083A-LeaderElection157 got exception when requesting votes: {}
java.util.concurrent.ExecutionException: org.apache.ratis.thirdparty.io.grpc.StatusRuntimeException: UNAVAILABLE: io exception
	at java.util.concurrent.FutureTask.report(FutureTask.java:122)
	at java.util.concurrent.FutureTask.get(FutureTask.java:192)
	at org.apache.ratis.server.impl.LeaderElection.waitForResults(LeaderElection.java:259)
	at org.apache.ratis.server.impl.LeaderElection.askForVotes(LeaderElection.java:197)
	at org.apache.ratis.server.impl.LeaderElection.run(LeaderElection.java:133)
	at java.lang.Thread.run(Thread.java:748)
Caused by: org.apache.ratis.thirdparty.io.grpc.StatusRuntimeException: UNAVAILABLE: io exception
	at org.apache.ratis.thirdparty.io.grpc.stub.ClientCalls.toStatusRuntimeException(ClientCalls.java:233)
	at org.apache.ratis.thirdparty.io.grpc.stub.ClientCalls.getUnchecked(ClientCalls.java:214)
	at org.apache.ratis.thirdparty.io.grpc.stub.ClientCalls.blockingUnaryCall(ClientCalls.java:139)
	at org.apache.ratis.proto.grpc.RaftServerProtocolServiceGrpc$RaftServerProtocolServiceBlockingStub.requestVote(RaftServerProtocolServiceGrpc.java:265)
	at org.apache.ratis.grpc.server.GrpcServerProtocolClient.requestVote(GrpcServerProtocolClient.java:99)
	at org.apache.ratis.grpc.server.GrpcService.requestVote(GrpcService.java:204)
	at org.apache.ratis.server.impl.LeaderElection.lambda$submitRequests$1(LeaderElection.java:234)
	at java.util.concurrent.FutureTask.run(FutureTask.java:266)
	at java.util.concurrent.Executors$RunnableAdapter.call(Executors.java:511)
	at java.util.concurrent.FutureTask.run(FutureTask.java:266)
	at java.util.concurrent.ThreadPoolExecutor.runWorker(ThreadPoolExecutor.java:1149)
	at java.util.concurrent.ThreadPoolExecutor$Worker.run(ThreadPoolExecutor.java:624)
	... 1 more
Caused by: org.apache.ratis.thirdparty.io.netty.channel.AbstractChannel$AnnotatedConnectException: Connection refused: /192.168.157.219:44307
	at sun.nio.ch.SocketChannelImpl.checkConnect(Native Method)
	at sun.nio.ch.SocketChannelImpl.finishConnect(SocketChannelImpl.java:717)
	at org.apache.ratis.thirdparty.io.netty.channel.socket.nio.NioSocketChannel.doFinishConnect(NioSocketChannel.java:327)
	at org.apache.ratis.thirdparty.io.netty.channel.nio.AbstractNioChannel$AbstractNioUnsafe.finishConnect(AbstractNioChannel.java:340)
	at org.apache.ratis.thirdparty.io.netty.channel.nio.NioEventLoop.processSelectedKey(NioEventLoop.java:632)
	at org.apache.ratis.thirdparty.io.netty.channel.nio.NioEventLoop.processSelectedKeysOptimized(NioEventLoop.java:579)
	at org.apache.ratis.thirdparty.io.netty.channel.nio.NioEventLoop.processSelectedKeys(NioEventLoop.java:496)
	at org.apache.ratis.thirdparty.io.netty.channel.nio.NioEventLoop.run(NioEventLoop.java:458)
	at org.apache.ratis.thirdparty.io.netty.util.concurrent.SingleThreadEventExecutor$5.run(SingleThreadEventExecutor.java:897)
	at org.apache.ratis.thirdparty.io.netty.util.concurrent.FastThreadLocalRunnable.run(FastThreadLocalRunnable.java:30)
	... 1 more
Caused by: java.net.ConnectException: Connection refused
	... 11 more
2019-11-14 19:59:34,097 [ae61afd5-043c-42ff-9e00-06be6bf8121c@group-7854BEAF083A-LeaderElection157] INFO  impl.LeaderElection (LeaderElection.java:logAndReturn(56)) - ae61afd5-043c-42ff-9e00-06be6bf8121c@group-7854BEAF083A-LeaderElection157: Election REJECTED; received 0 response(s) [] and 2 exception(s); ae61afd5-043c-42ff-9e00-06be6bf8121c@group-7854BEAF083A:t5, leader=null, voted=ae61afd5-043c-42ff-9e00-06be6bf8121c, raftlog=ae61afd5-043c-42ff-9e00-06be6bf8121c@group-7854BEAF083A-SegmentedRaftLog:OPENED:c0,f0,i0, conf=0: [ae61afd5-043c-42ff-9e00-06be6bf8121c:192.168.157.219:41147, 1d99cfa1-5734-40f1-a806-2aa318147fff:192.168.157.219:42659, 0b9f718b-6f36-48a0-b3e8-8949249bd312:192.168.157.219:44307], old=null
2019-11-14 19:59:34,097 [ae61afd5-043c-42ff-9e00-06be6bf8121c@group-7854BEAF083A-LeaderElection157] INFO  impl.LeaderElection (LogUtils.java:infoOrTrace(149)) -   Exception 0: {}
java.util.concurrent.ExecutionException: org.apache.ratis.thirdparty.io.grpc.StatusRuntimeException: UNAVAILABLE: io exception
	at java.util.concurrent.FutureTask.report(FutureTask.java:122)
	at java.util.concurrent.FutureTask.get(FutureTask.java:192)
	at org.apache.ratis.server.impl.LeaderElection.waitForResults(LeaderElection.java:259)
	at org.apache.ratis.server.impl.LeaderElection.askForVotes(LeaderElection.java:197)
	at org.apache.ratis.server.impl.LeaderElection.run(LeaderElection.java:133)
	at java.lang.Thread.run(Thread.java:748)
Caused by: org.apache.ratis.thirdparty.io.grpc.StatusRuntimeException: UNAVAILABLE: io exception
	at org.apache.ratis.thirdparty.io.grpc.stub.ClientCalls.toStatusRuntimeException(ClientCalls.java:233)
	at org.apache.ratis.thirdparty.io.grpc.stub.ClientCalls.getUnchecked(ClientCalls.java:214)
	at org.apache.ratis.thirdparty.io.grpc.stub.ClientCalls.blockingUnaryCall(ClientCalls.java:139)
	at org.apache.ratis.proto.grpc.RaftServerProtocolServiceGrpc$RaftServerProtocolServiceBlockingStub.requestVote(RaftServerProtocolServiceGrpc.java:265)
	at org.apache.ratis.grpc.server.GrpcServerProtocolClient.requestVote(GrpcServerProtocolClient.java:99)
	at org.apache.ratis.grpc.server.GrpcService.requestVote(GrpcService.java:204)
	at org.apache.ratis.server.impl.LeaderElection.lambda$submitRequests$1(LeaderElection.java:234)
	at java.util.concurrent.FutureTask.run(FutureTask.java:266)
	at java.util.concurrent.Executors$RunnableAdapter.call(Executors.java:511)
	at java.util.concurrent.FutureTask.run(FutureTask.java:266)
	at java.util.concurrent.ThreadPoolExecutor.runWorker(ThreadPoolExecutor.java:1149)
	at java.util.concurrent.ThreadPoolExecutor$Worker.run(ThreadPoolExecutor.java:624)
	... 1 more
Caused by: org.apache.ratis.thirdparty.io.netty.channel.AbstractChannel$AnnotatedConnectException: Connection refused: /192.168.157.219:42659
	at sun.nio.ch.SocketChannelImpl.checkConnect(Native Method)
	at sun.nio.ch.SocketChannelImpl.finishConnect(SocketChannelImpl.java:717)
	at org.apache.ratis.thirdparty.io.netty.channel.socket.nio.NioSocketChannel.doFinishConnect(NioSocketChannel.java:327)
	at org.apache.ratis.thirdparty.io.netty.channel.nio.AbstractNioChannel$AbstractNioUnsafe.finishConnect(AbstractNioChannel.java:340)
	at org.apache.ratis.thirdparty.io.netty.channel.nio.NioEventLoop.processSelectedKey(NioEventLoop.java:632)
	at org.apache.ratis.thirdparty.io.netty.channel.nio.NioEventLoop.processSelectedKeysOptimized(NioEventLoop.java:579)
	at org.apache.ratis.thirdparty.io.netty.channel.nio.NioEventLoop.processSelectedKeys(NioEventLoop.java:496)
	at org.apache.ratis.thirdparty.io.netty.channel.nio.NioEventLoop.run(NioEventLoop.java:458)
	at org.apache.ratis.thirdparty.io.netty.util.concurrent.SingleThreadEventExecutor$5.run(SingleThreadEventExecutor.java:897)
	at org.apache.ratis.thirdparty.io.netty.util.concurrent.FastThreadLocalRunnable.run(FastThreadLocalRunnable.java:30)
	... 1 more
Caused by: java.net.ConnectException: Connection refused
	... 11 more
2019-11-14 19:59:34,097 [ae61afd5-043c-42ff-9e00-06be6bf8121c@group-7854BEAF083A-LeaderElection157] INFO  impl.LeaderElection (LogUtils.java:infoOrTrace(149)) -   Exception 1: {}
java.util.concurrent.ExecutionException: org.apache.ratis.thirdparty.io.grpc.StatusRuntimeException: UNAVAILABLE: io exception
	at java.util.concurrent.FutureTask.report(FutureTask.java:122)
	at java.util.concurrent.FutureTask.get(FutureTask.java:192)
	at org.apache.ratis.server.impl.LeaderElection.waitForResults(LeaderElection.java:259)
	at org.apache.ratis.server.impl.LeaderElection.askForVotes(LeaderElection.java:197)
	at org.apache.ratis.server.impl.LeaderElection.run(LeaderElection.java:133)
	at java.lang.Thread.run(Thread.java:748)
Caused by: org.apache.ratis.thirdparty.io.grpc.StatusRuntimeException: UNAVAILABLE: io exception
	at org.apache.ratis.thirdparty.io.grpc.stub.ClientCalls.toStatusRuntimeException(ClientCalls.java:233)
	at org.apache.ratis.thirdparty.io.grpc.stub.ClientCalls.getUnchecked(ClientCalls.java:214)
	at org.apache.ratis.thirdparty.io.grpc.stub.ClientCalls.blockingUnaryCall(ClientCalls.java:139)
	at org.apache.ratis.proto.grpc.RaftServerProtocolServiceGrpc$RaftServerProtocolServiceBlockingStub.requestVote(RaftServerProtocolServiceGrpc.java:265)
	at org.apache.ratis.grpc.server.GrpcServerProtocolClient.requestVote(GrpcServerProtocolClient.java:99)
	at org.apache.ratis.grpc.server.GrpcService.requestVote(GrpcService.java:204)
	at org.apache.ratis.server.impl.LeaderElection.lambda$submitRequests$1(LeaderElection.java:234)
	at java.util.concurrent.FutureTask.run(FutureTask.java:266)
	at java.util.concurrent.Executors$RunnableAdapter.call(Executors.java:511)
	at java.util.concurrent.FutureTask.run(FutureTask.java:266)
	at java.util.concurrent.ThreadPoolExecutor.runWorker(ThreadPoolExecutor.java:1149)
	at java.util.concurrent.ThreadPoolExecutor$Worker.run(ThreadPoolExecutor.java:624)
	... 1 more
Caused by: org.apache.ratis.thirdparty.io.netty.channel.AbstractChannel$AnnotatedConnectException: Connection refused: /192.168.157.219:44307
	at sun.nio.ch.SocketChannelImpl.checkConnect(Native Method)
	at sun.nio.ch.SocketChannelImpl.finishConnect(SocketChannelImpl.java:717)
	at org.apache.ratis.thirdparty.io.netty.channel.socket.nio.NioSocketChannel.doFinishConnect(NioSocketChannel.java:327)
	at org.apache.ratis.thirdparty.io.netty.channel.nio.AbstractNioChannel$AbstractNioUnsafe.finishConnect(AbstractNioChannel.java:340)
	at org.apache.ratis.thirdparty.io.netty.channel.nio.NioEventLoop.processSelectedKey(NioEventLoop.java:632)
	at org.apache.ratis.thirdparty.io.netty.channel.nio.NioEventLoop.processSelectedKeysOptimized(NioEventLoop.java:579)
	at org.apache.ratis.thirdparty.io.netty.channel.nio.NioEventLoop.processSelectedKeys(NioEventLoop.java:496)
	at org.apache.ratis.thirdparty.io.netty.channel.nio.NioEventLoop.run(NioEventLoop.java:458)
	at org.apache.ratis.thirdparty.io.netty.util.concurrent.SingleThreadEventExecutor$5.run(SingleThreadEventExecutor.java:897)
	at org.apache.ratis.thirdparty.io.netty.util.concurrent.FastThreadLocalRunnable.run(FastThreadLocalRunnable.java:30)
	... 1 more
Caused by: java.net.ConnectException: Connection refused
	... 11 more
2019-11-14 19:59:34,097 [main] INFO  ozoneimpl.OzoneContainer (OzoneContainer.java:stop(244)) - Attempting to stop container services.
2019-11-14 19:59:34,097 [ForkJoinPool.commonPool-worker-1] INFO  ozoneimpl.OzoneContainer (OzoneContainer.java:stop(244)) - Attempting to stop container services.
2019-11-14 19:59:34,098 [ae61afd5-043c-42ff-9e00-06be6bf8121c@group-7854BEAF083A-LeaderElection157] INFO  impl.RaftServerImpl (RaftServerImpl.java:setRole(173)) - ae61afd5-043c-42ff-9e00-06be6bf8121c@group-7854BEAF083A: changes role from CANDIDATE to FOLLOWER at term 5 for DISCOVERED_A_NEW_TERM
2019-11-14 19:59:34,099 [main] INFO  impl.RaftServerProxy (RaftServerProxy.java:lambda$close$4(314)) - 909799b4-01f9-4409-9e01-df516dc8a9f9: close
2019-11-14 19:59:34,099 [ForkJoinPool.commonPool-worker-1] INFO  impl.RaftServerProxy (RaftServerProxy.java:lambda$close$4(314)) - 9e8f1412-9bf1-4810-b3e9-2cd8ebd4b71b: close
2019-11-14 19:59:34,099 [ae61afd5-043c-42ff-9e00-06be6bf8121c@group-7854BEAF083A-LeaderElection157] INFO  impl.RoleInfo (RoleInfo.java:shutdownLeaderElection(134)) - ae61afd5-043c-42ff-9e00-06be6bf8121c: shutdown LeaderElection
2019-11-14 19:59:34,099 [ForkJoinPool.commonPool-worker-1] INFO  impl.RaftServerImpl (RaftServerImpl.java:lambda$shutdown$3(250)) - 9e8f1412-9bf1-4810-b3e9-2cd8ebd4b71b@group-5C9C84E47F8E: shutdown
2019-11-14 19:59:34,099 [main] INFO  impl.RaftServerImpl (RaftServerImpl.java:lambda$shutdown$3(250)) - 909799b4-01f9-4409-9e01-df516dc8a9f9@group-53319FA87FBA: shutdown
2019-11-14 19:59:34,100 [ForkJoinPool.commonPool-worker-1] INFO  util.JmxRegister (JmxRegister.java:unregister(73)) - Successfully un-registered JMX Bean with object name Ratis:service=RaftServer,group=group-5C9C84E47F8E,id=9e8f1412-9bf1-4810-b3e9-2cd8ebd4b71b
2019-11-14 19:59:34,100 [ForkJoinPool.commonPool-worker-1] INFO  impl.RoleInfo (RoleInfo.java:shutdownFollowerState(121)) - 9e8f1412-9bf1-4810-b3e9-2cd8ebd4b71b: shutdown FollowerState
2019-11-14 19:59:34,100 [ae61afd5-043c-42ff-9e00-06be6bf8121c@group-7854BEAF083A-LeaderElection157] INFO  impl.RoleInfo (RoleInfo.java:updateAndGet(143)) - ae61afd5-043c-42ff-9e00-06be6bf8121c: start FollowerState
2019-11-14 19:59:34,100 [ForkJoinPool.commonPool-worker-1] INFO  impl.StateMachineUpdater (StateMachineUpdater.java:stopAndJoin(136)) - 9e8f1412-9bf1-4810-b3e9-2cd8ebd4b71b@group-5C9C84E47F8E-StateMachineUpdater: set stopIndex = 2
2019-11-14 19:59:34,100 [main] INFO  util.JmxRegister (JmxRegister.java:unregister(73)) - Successfully un-registered JMX Bean with object name Ratis:service=RaftServer,group=group-53319FA87FBA,id=909799b4-01f9-4409-9e01-df516dc8a9f9
2019-11-14 19:59:34,101 [main] INFO  impl.RoleInfo (RoleInfo.java:shutdownFollowerState(121)) - 909799b4-01f9-4409-9e01-df516dc8a9f9: shutdown FollowerState
2019-11-14 19:59:34,100 [Thread-3815] INFO  impl.FollowerState (FollowerState.java:run(120)) - 9e8f1412-9bf1-4810-b3e9-2cd8ebd4b71b@group-5C9C84E47F8E-FollowerState was interrupted: java.lang.InterruptedException: sleep interrupted
2019-11-14 19:59:34,102 [Thread-3726] INFO  impl.FollowerState (FollowerState.java:run(120)) - 909799b4-01f9-4409-9e01-df516dc8a9f9@group-53319FA87FBA-FollowerState was interrupted: java.lang.InterruptedException: sleep interrupted
2019-11-14 19:59:34,101 [main] INFO  impl.StateMachineUpdater (StateMachineUpdater.java:stopAndJoin(136)) - 909799b4-01f9-4409-9e01-df516dc8a9f9@group-53319FA87FBA-StateMachineUpdater: set stopIndex = 0
2019-11-14 19:59:34,101 [ForkJoinPool.commonPool-worker-1] INFO  impl.RaftServerImpl (ServerState.java:close(387)) - 9e8f1412-9bf1-4810-b3e9-2cd8ebd4b71b@group-5C9C84E47F8E: closes. applyIndex: 2
2019-11-14 19:59:34,102 [main] INFO  impl.RaftServerImpl (ServerState.java:close(387)) - 909799b4-01f9-4409-9e01-df516dc8a9f9@group-53319FA87FBA: closes. applyIndex: 0
2019-11-14 19:59:34,103 [9e8f1412-9bf1-4810-b3e9-2cd8ebd4b71b@group-5C9C84E47F8E-SegmentedRaftLogWorker] INFO  segmented.SegmentedRaftLogWorker (SegmentedRaftLogWorker.java:run(316)) - 9e8f1412-9bf1-4810-b3e9-2cd8ebd4b71b@group-5C9C84E47F8E-SegmentedRaftLogWorker was interrupted, exiting. There are 0 tasks remaining in the queue.
2019-11-14 19:59:34,103 [909799b4-01f9-4409-9e01-df516dc8a9f9@group-53319FA87FBA-SegmentedRaftLogWorker] INFO  segmented.SegmentedRaftLogWorker (SegmentedRaftLogWorker.java:run(316)) - 909799b4-01f9-4409-9e01-df516dc8a9f9@group-53319FA87FBA-SegmentedRaftLogWorker was interrupted, exiting. There are 0 tasks remaining in the queue.
2019-11-14 19:59:34,103 [ForkJoinPool.commonPool-worker-1] INFO  segmented.SegmentedRaftLogWorker (SegmentedRaftLogWorker.java:close(224)) - 9e8f1412-9bf1-4810-b3e9-2cd8ebd4b71b@group-5C9C84E47F8E-SegmentedRaftLogWorker close()
2019-11-14 19:59:34,103 [main] INFO  segmented.SegmentedRaftLogWorker (SegmentedRaftLogWorker.java:close(224)) - 909799b4-01f9-4409-9e01-df516dc8a9f9@group-53319FA87FBA-SegmentedRaftLogWorker close()
2019-11-14 19:59:34,105 [ForkJoinPool.commonPool-worker-1] INFO  impl.RaftServerImpl (RaftServerImpl.java:lambda$shutdown$3(250)) - 9e8f1412-9bf1-4810-b3e9-2cd8ebd4b71b@group-55FD29FCF0CF: shutdown
2019-11-14 19:59:34,106 [main] INFO  impl.RaftServerImpl (RaftServerImpl.java:lambda$shutdown$3(250)) - 909799b4-01f9-4409-9e01-df516dc8a9f9@group-F0E473606DA0: shutdown
2019-11-14 19:59:34,107 [ForkJoinPool.commonPool-worker-1] INFO  util.JmxRegister (JmxRegister.java:unregister(73)) - Successfully un-registered JMX Bean with object name Ratis:service=RaftServer,group=group-55FD29FCF0CF,id=9e8f1412-9bf1-4810-b3e9-2cd8ebd4b71b
2019-11-14 19:59:34,107 [main] INFO  util.JmxRegister (JmxRegister.java:unregister(73)) - Successfully un-registered JMX Bean with object name Ratis:service=RaftServer,group=group-F0E473606DA0,id=909799b4-01f9-4409-9e01-df516dc8a9f9
2019-11-14 19:59:34,107 [ForkJoinPool.commonPool-worker-1] INFO  impl.RoleInfo (RoleInfo.java:shutdownLeaderState(104)) - 9e8f1412-9bf1-4810-b3e9-2cd8ebd4b71b: shutdown LeaderState
2019-11-14 19:59:34,107 [main] INFO  impl.RoleInfo (RoleInfo.java:shutdownLeaderState(104)) - 909799b4-01f9-4409-9e01-df516dc8a9f9: shutdown LeaderState
2019-11-14 19:59:34,107 [ForkJoinPool.commonPool-worker-1] INFO  impl.PendingRequests (PendingRequests.java:sendNotLeaderResponses(206)) - 9e8f1412-9bf1-4810-b3e9-2cd8ebd4b71b@group-55FD29FCF0CF-PendingRequests: sendNotLeaderResponses
2019-11-14 19:59:34,107 [main] INFO  impl.PendingRequests (PendingRequests.java:sendNotLeaderResponses(206)) - 909799b4-01f9-4409-9e01-df516dc8a9f9@group-F0E473606DA0-PendingRequests: sendNotLeaderResponses
2019-11-14 19:59:34,108 [main] INFO  impl.StateMachineUpdater (StateMachineUpdater.java:stopAndJoin(136)) - 909799b4-01f9-4409-9e01-df516dc8a9f9@group-F0E473606DA0-StateMachineUpdater: set stopIndex = 0
2019-11-14 19:59:34,108 [ForkJoinPool.commonPool-worker-1] INFO  impl.StateMachineUpdater (StateMachineUpdater.java:stopAndJoin(136)) - 9e8f1412-9bf1-4810-b3e9-2cd8ebd4b71b@group-55FD29FCF0CF-StateMachineUpdater: set stopIndex = 0
2019-11-14 19:59:34,108 [main] INFO  impl.RaftServerImpl (ServerState.java:close(387)) - 909799b4-01f9-4409-9e01-df516dc8a9f9@group-F0E473606DA0: closes. applyIndex: 0
2019-11-14 19:59:34,109 [ForkJoinPool.commonPool-worker-1] INFO  impl.RaftServerImpl (ServerState.java:close(387)) - 9e8f1412-9bf1-4810-b3e9-2cd8ebd4b71b@group-55FD29FCF0CF: closes. applyIndex: 0
2019-11-14 19:59:34,109 [909799b4-01f9-4409-9e01-df516dc8a9f9@group-F0E473606DA0-SegmentedRaftLogWorker] INFO  segmented.SegmentedRaftLogWorker (SegmentedRaftLogWorker.java:run(316)) - 909799b4-01f9-4409-9e01-df516dc8a9f9@group-F0E473606DA0-SegmentedRaftLogWorker was interrupted, exiting. There are 0 tasks remaining in the queue.
2019-11-14 19:59:34,109 [main] INFO  segmented.SegmentedRaftLogWorker (SegmentedRaftLogWorker.java:close(224)) - 909799b4-01f9-4409-9e01-df516dc8a9f9@group-F0E473606DA0-SegmentedRaftLogWorker close()
2019-11-14 19:59:34,109 [9e8f1412-9bf1-4810-b3e9-2cd8ebd4b71b@group-55FD29FCF0CF-SegmentedRaftLogWorker] INFO  segmented.SegmentedRaftLogWorker (SegmentedRaftLogWorker.java:run(316)) - 9e8f1412-9bf1-4810-b3e9-2cd8ebd4b71b@group-55FD29FCF0CF-SegmentedRaftLogWorker was interrupted, exiting. There are 0 tasks remaining in the queue.
2019-11-14 19:59:34,111 [main] INFO  server.GrpcService (GrpcService.java:closeImpl(164)) - 909799b4-01f9-4409-9e01-df516dc8a9f9: shutdown server with port 34722 now
2019-11-14 19:59:34,111 [ForkJoinPool.commonPool-worker-1] INFO  segmented.SegmentedRaftLogWorker (SegmentedRaftLogWorker.java:close(224)) - 9e8f1412-9bf1-4810-b3e9-2cd8ebd4b71b@group-55FD29FCF0CF-SegmentedRaftLogWorker close()
2019-11-14 19:59:34,112 [ForkJoinPool.commonPool-worker-1] INFO  server.GrpcService (GrpcService.java:closeImpl(164)) - 9e8f1412-9bf1-4810-b3e9-2cd8ebd4b71b: shutdown server with port 38230 now
2019-11-14 19:59:34,113 [grpc-default-executor-7] WARN  server.GrpcServerProtocolService (LogUtils.java:warn(134)) - 909799b4-01f9-4409-9e01-df516dc8a9f9: installSnapshot onError, lastRequest: 60fc2306-005b-4da9-bff6-f0a04ff2f155->909799b4-01f9-4409-9e01-df516dc8a9f9#29-t1, previous=(t:1, i:0), leaderCommit=0, initializing? false, entries: <empty>: org.apache.ratis.thirdparty.io.grpc.StatusRuntimeException: CANCELLED: cancelled before receiving half close
2019-11-14 19:59:34,113 [grpc-default-executor-9] WARN  server.GrpcServerProtocolService (LogUtils.java:warn(134)) - 9e8f1412-9bf1-4810-b3e9-2cd8ebd4b71b: installSnapshot onError, lastRequest: 37fea5d6-1a60-4b82-9570-57888d4e9f46->9e8f1412-9bf1-4810-b3e9-2cd8ebd4b71b#18-t2, previous=(t:2, i:2), leaderCommit=2, initializing? false, entries: <empty>: org.apache.ratis.thirdparty.io.grpc.StatusRuntimeException: CANCELLED: cancelled before receiving half close
2019-11-14 19:59:34,113 [grpc-default-executor-5] WARN  server.GrpcLogAppender (LogUtils.java:warn(134)) - 60fc2306-005b-4da9-bff6-f0a04ff2f155@group-53319FA87FBA->909799b4-01f9-4409-9e01-df516dc8a9f9-AppendLogResponseHandler: Failed appendEntries: org.apache.ratis.thirdparty.io.grpc.StatusRuntimeException: CANCELLED: HTTP/2 error code: CANCEL
Received Rst Stream
2019-11-14 19:59:34,113 [grpc-default-executor-6] WARN  server.GrpcLogAppender (LogUtils.java:warn(134)) - 37fea5d6-1a60-4b82-9570-57888d4e9f46@group-5C9C84E47F8E->9e8f1412-9bf1-4810-b3e9-2cd8ebd4b71b-AppendLogResponseHandler: Failed appendEntries: org.apache.ratis.thirdparty.io.grpc.StatusRuntimeException: CANCELLED: HTTP/2 error code: CANCEL
Received Rst Stream
2019-11-14 19:59:34,113 [main] INFO  server.GrpcService (GrpcService.java:closeImpl(172)) - 909799b4-01f9-4409-9e01-df516dc8a9f9: shutdown server with port 34722 successfully
2019-11-14 19:59:34,113 [ForkJoinPool.commonPool-worker-1] INFO  server.GrpcService (GrpcService.java:closeImpl(172)) - 9e8f1412-9bf1-4810-b3e9-2cd8ebd4b71b: shutdown server with port 38230 successfully
2019-11-14 19:59:34,114 [grpc-default-executor-6] INFO  impl.FollowerInfo (FollowerInfo.java:lambda$new$0(51)) - 37fea5d6-1a60-4b82-9570-57888d4e9f46@group-5C9C84E47F8E->9e8f1412-9bf1-4810-b3e9-2cd8ebd4b71b: nextIndex: updateUnconditionally 3 -> 2
2019-11-14 19:59:34,114 [grpc-default-executor-5] INFO  impl.FollowerInfo (FollowerInfo.java:lambda$new$0(51)) - 60fc2306-005b-4da9-bff6-f0a04ff2f155@group-53319FA87FBA->909799b4-01f9-4409-9e01-df516dc8a9f9: nextIndex: updateUnconditionally 1 -> 0
2019-11-14 19:59:34,115 [refreshUsed-/workdir/hadoop-ozone/integration-test/target/test-dir/MiniOzoneClusterImpl-df23ed15-4459-4301-a988-82089ad70e13/datanode-8/data/containers] WARN  fs.CachingGetSpaceUsed (CachingGetSpaceUsed.java:run(183)) - Thread Interrupted waiting to refresh disk information: sleep interrupted
2019-11-14 19:59:34,117 [refreshUsed-/workdir/hadoop-ozone/integration-test/target/test-dir/MiniOzoneClusterImpl-df23ed15-4459-4301-a988-82089ad70e13/datanode-4/data/containers] WARN  fs.CachingGetSpaceUsed (CachingGetSpaceUsed.java:run(183)) - Thread Interrupted waiting to refresh disk information: sleep interrupted
2019-11-14 19:59:34,138 [ForkJoinPool.commonPool-worker-1] INFO  utils.BackgroundService (BackgroundService.java:shutdown(151)) - Shutting down service BlockDeletingService
2019-11-14 19:59:34,138 [main] INFO  utils.BackgroundService (BackgroundService.java:shutdown(151)) - Shutting down service BlockDeletingService
2019-11-14 19:59:34,140 [ForkJoinPool.commonPool-worker-1] INFO  statemachine.DatanodeStateMachine (DatanodeStateMachine.java:stopDaemon(400)) - Ozone container server stopped.
2019-11-14 19:59:34,140 [main] INFO  statemachine.DatanodeStateMachine (DatanodeStateMachine.java:stopDaemon(400)) - Ozone container server stopped.
2019-11-14 19:59:34,142 [ForkJoinPool.commonPool-worker-1] INFO  handler.ContextHandler (ContextHandler.java:doStop(910)) - Stopped o.e.j.w.WebAppContext@17fbfb02{/,null,UNAVAILABLE}{/hddsDatanode}
2019-11-14 19:59:34,142 [main] INFO  handler.ContextHandler (ContextHandler.java:doStop(910)) - Stopped o.e.j.w.WebAppContext@65036e8d{/,null,UNAVAILABLE}{/hddsDatanode}
2019-11-14 19:59:34,143 [ForkJoinPool.commonPool-worker-1] INFO  server.AbstractConnector (AbstractConnector.java:doStop(318)) - Stopped ServerConnector@8f2e3e6{HTTP/1.1,[http/1.1]}{0.0.0.0:0}
2019-11-14 19:59:34,144 [ForkJoinPool.commonPool-worker-1] INFO  handler.ContextHandler (ContextHandler.java:doStop(910)) - Stopped o.e.j.s.ServletContextHandler@478967eb{/static,jar:file:/home/user/.m2/repository/org/apache/hadoop/hadoop-hdds-container-service/0.5.0-SNAPSHOT/hadoop-hdds-container-service-0.5.0-SNAPSHOT.jar!/webapps/static,UNAVAILABLE}
2019-11-14 19:59:34,144 [main] INFO  server.AbstractConnector (AbstractConnector.java:doStop(318)) - Stopped ServerConnector@48ccbb32{HTTP/1.1,[http/1.1]}{0.0.0.0:0}
2019-11-14 19:59:34,145 [ForkJoinPool.commonPool-worker-1] INFO  handler.ContextHandler (ContextHandler.java:doStop(910)) - Stopped o.e.j.s.ServletContextHandler@59328218{/logs,file:///workdir/hadoop-ozone/integration-test/target/log,UNAVAILABLE}
2019-11-14 19:59:34,145 [main] INFO  handler.ContextHandler (ContextHandler.java:doStop(910)) - Stopped o.e.j.s.ServletContextHandler@6537ac{/static,jar:file:/home/user/.m2/repository/org/apache/hadoop/hadoop-hdds-container-service/0.5.0-SNAPSHOT/hadoop-hdds-container-service-0.5.0-SNAPSHOT.jar!/webapps/static,UNAVAILABLE}
2019-11-14 19:59:34,146 [main] INFO  handler.ContextHandler (ContextHandler.java:doStop(910)) - Stopped o.e.j.s.ServletContextHandler@24691c5{/logs,file:///workdir/hadoop-ozone/integration-test/target/log,UNAVAILABLE}
2019-11-14 19:59:34,354 [grpc-default-executor-9] WARN  server.GrpcLogAppender (LogUtils.java:warn(134)) - 37fea5d6-1a60-4b82-9570-57888d4e9f46@group-5C9C84E47F8E->f857cfdd-345c-4de8-889d-b8fdff158faf-AppendLogResponseHandler: Failed appendEntries: org.apache.ratis.thirdparty.io.grpc.StatusRuntimeException: UNAVAILABLE: io exception
2019-11-14 19:59:34,355 [grpc-default-executor-9] INFO  impl.FollowerInfo (FollowerInfo.java:lambda$new$0(51)) - 37fea5d6-1a60-4b82-9570-57888d4e9f46@group-5C9C84E47F8E->f857cfdd-345c-4de8-889d-b8fdff158faf: nextIndex: updateUnconditionally 0 -> 0
2019-11-14 19:59:34,359 [grpc-default-executor-5] WARN  server.GrpcLogAppender (LogUtils.java:warn(134)) - 60fc2306-005b-4da9-bff6-f0a04ff2f155@group-53319FA87FBA->909799b4-01f9-4409-9e01-df516dc8a9f9-AppendLogResponseHandler: Failed appendEntries: org.apache.ratis.thirdparty.io.grpc.StatusRuntimeException: UNAVAILABLE: io exception
2019-11-14 19:59:34,359 [grpc-default-executor-5] INFO  impl.FollowerInfo (FollowerInfo.java:lambda$new$0(51)) - 60fc2306-005b-4da9-bff6-f0a04ff2f155@group-53319FA87FBA->909799b4-01f9-4409-9e01-df516dc8a9f9: nextIndex: updateUnconditionally 0 -> 0
2019-11-14 19:59:34,367 [grpc-default-executor-7] WARN  server.GrpcLogAppender (LogUtils.java:warn(134)) - 37fea5d6-1a60-4b82-9570-57888d4e9f46@group-5C9C84E47F8E->9e8f1412-9bf1-4810-b3e9-2cd8ebd4b71b-AppendLogResponseHandler: Failed appendEntries: org.apache.ratis.thirdparty.io.grpc.StatusRuntimeException: UNAVAILABLE: io exception
2019-11-14 19:59:34,367 [grpc-default-executor-7] INFO  impl.FollowerInfo (FollowerInfo.java:lambda$new$0(51)) - 37fea5d6-1a60-4b82-9570-57888d4e9f46@group-5C9C84E47F8E->9e8f1412-9bf1-4810-b3e9-2cd8ebd4b71b: nextIndex: updateUnconditionally 2 -> 1
2019-11-14 19:59:34,706 [Datanode State Machine Thread - 0] INFO  statemachine.DatanodeStateMachine (DatanodeStateMachine.java:lambda$startDaemon$0(355)) - Ozone container server started.
2019-11-14 19:59:34,855 [grpc-default-executor-7] WARN  server.GrpcLogAppender (LogUtils.java:warn(134)) - 37fea5d6-1a60-4b82-9570-57888d4e9f46@group-5C9C84E47F8E->f857cfdd-345c-4de8-889d-b8fdff158faf-AppendLogResponseHandler: Failed appendEntries: org.apache.ratis.thirdparty.io.grpc.StatusRuntimeException: UNAVAILABLE: io exception
2019-11-14 19:59:34,855 [grpc-default-executor-7] INFO  impl.FollowerInfo (FollowerInfo.java:lambda$new$0(51)) - 37fea5d6-1a60-4b82-9570-57888d4e9f46@group-5C9C84E47F8E->f857cfdd-345c-4de8-889d-b8fdff158faf: nextIndex: updateUnconditionally 0 -> 0
2019-11-14 19:59:34,859 [grpc-default-executor-9] WARN  server.GrpcLogAppender (LogUtils.java:warn(134)) - 60fc2306-005b-4da9-bff6-f0a04ff2f155@group-53319FA87FBA->909799b4-01f9-4409-9e01-df516dc8a9f9-AppendLogResponseHandler: Failed appendEntries: org.apache.ratis.thirdparty.io.grpc.StatusRuntimeException: UNAVAILABLE: io exception
2019-11-14 19:59:34,860 [grpc-default-executor-9] INFO  impl.FollowerInfo (FollowerInfo.java:lambda$new$0(51)) - 60fc2306-005b-4da9-bff6-f0a04ff2f155@group-53319FA87FBA->909799b4-01f9-4409-9e01-df516dc8a9f9: nextIndex: updateUnconditionally 0 -> 0
2019-11-14 19:59:34,867 [grpc-default-executor-5] WARN  server.GrpcLogAppender (LogUtils.java:warn(134)) - 37fea5d6-1a60-4b82-9570-57888d4e9f46@group-5C9C84E47F8E->9e8f1412-9bf1-4810-b3e9-2cd8ebd4b71b-AppendLogResponseHandler: Failed appendEntries: org.apache.ratis.thirdparty.io.grpc.StatusRuntimeException: UNAVAILABLE: io exception
2019-11-14 19:59:34,867 [grpc-default-executor-5] INFO  impl.FollowerInfo (FollowerInfo.java:lambda$new$0(51)) - 37fea5d6-1a60-4b82-9570-57888d4e9f46@group-5C9C84E47F8E->9e8f1412-9bf1-4810-b3e9-2cd8ebd4b71b: nextIndex: updateUnconditionally 1 -> 0
2019-11-14 19:59:34,891 [Datanode State Machine Thread - 0] INFO  statemachine.DatanodeStateMachine (DatanodeStateMachine.java:lambda$startDaemon$0(355)) - Ozone container server started.
2019-11-14 19:59:35,215 [Thread-3901] INFO  impl.FollowerState (FollowerState.java:run(111)) - ae61afd5-043c-42ff-9e00-06be6bf8121c@group-7854BEAF083A-FollowerState: change to CANDIDATE, lastRpcTime:1115ms, electionTimeout:1114ms
2019-11-14 19:59:35,215 [Thread-3901] INFO  impl.RoleInfo (RoleInfo.java:shutdownFollowerState(121)) - ae61afd5-043c-42ff-9e00-06be6bf8121c: shutdown FollowerState
2019-11-14 19:59:35,215 [Thread-3901] INFO  impl.RaftServerImpl (RaftServerImpl.java:setRole(173)) - ae61afd5-043c-42ff-9e00-06be6bf8121c@group-7854BEAF083A: changes role from  FOLLOWER to CANDIDATE at term 5 for changeToCandidate
2019-11-14 19:59:35,215 [Thread-3901] INFO  impl.RoleInfo (RoleInfo.java:updateAndGet(143)) - ae61afd5-043c-42ff-9e00-06be6bf8121c: start LeaderElection
2019-11-14 19:59:35,240 [ae61afd5-043c-42ff-9e00-06be6bf8121c@group-7854BEAF083A-LeaderElection158] INFO  impl.LeaderElection (LeaderElection.java:askForVotes(178)) - ae61afd5-043c-42ff-9e00-06be6bf8121c@group-7854BEAF083A-LeaderElection158: begin an election at term 6 for 0: [ae61afd5-043c-42ff-9e00-06be6bf8121c:192.168.157.219:41147, 1d99cfa1-5734-40f1-a806-2aa318147fff:192.168.157.219:42659, 0b9f718b-6f36-48a0-b3e8-8949249bd312:192.168.157.219:44307], old=null
2019-11-14 19:59:35,240 [ae61afd5-043c-42ff-9e00-06be6bf8121c@group-7854BEAF083A-LeaderElection158] INFO  impl.LeaderElection (LogUtils.java:infoOrTrace(149)) - ae61afd5-043c-42ff-9e00-06be6bf8121c@group-7854BEAF083A-LeaderElection158 got exception when requesting votes: {}
java.util.concurrent.ExecutionException: org.apache.ratis.thirdparty.io.grpc.StatusRuntimeException: UNAVAILABLE: io exception
	at java.util.concurrent.FutureTask.report(FutureTask.java:122)
	at java.util.concurrent.FutureTask.get(FutureTask.java:192)
	at org.apache.ratis.server.impl.LeaderElection.waitForResults(LeaderElection.java:259)
	at org.apache.ratis.server.impl.LeaderElection.askForVotes(LeaderElection.java:197)
	at org.apache.ratis.server.impl.LeaderElection.run(LeaderElection.java:133)
	at java.lang.Thread.run(Thread.java:748)
Caused by: org.apache.ratis.thirdparty.io.grpc.StatusRuntimeException: UNAVAILABLE: io exception
	at org.apache.ratis.thirdparty.io.grpc.stub.ClientCalls.toStatusRuntimeException(ClientCalls.java:233)
	at org.apache.ratis.thirdparty.io.grpc.stub.ClientCalls.getUnchecked(ClientCalls.java:214)
	at org.apache.ratis.thirdparty.io.grpc.stub.ClientCalls.blockingUnaryCall(ClientCalls.java:139)
	at org.apache.ratis.proto.grpc.RaftServerProtocolServiceGrpc$RaftServerProtocolServiceBlockingStub.requestVote(RaftServerProtocolServiceGrpc.java:265)
	at org.apache.ratis.grpc.server.GrpcServerProtocolClient.requestVote(GrpcServerProtocolClient.java:99)
	at org.apache.ratis.grpc.server.GrpcService.requestVote(GrpcService.java:204)
	at org.apache.ratis.server.impl.LeaderElection.lambda$submitRequests$1(LeaderElection.java:234)
	at java.util.concurrent.FutureTask.run(FutureTask.java:266)
	at java.util.concurrent.Executors$RunnableAdapter.call(Executors.java:511)
	at java.util.concurrent.FutureTask.run(FutureTask.java:266)
	at java.util.concurrent.ThreadPoolExecutor.runWorker(ThreadPoolExecutor.java:1149)
	at java.util.concurrent.ThreadPoolExecutor$Worker.run(ThreadPoolExecutor.java:624)
	... 1 more
Caused by: org.apache.ratis.thirdparty.io.netty.channel.AbstractChannel$AnnotatedConnectException: Connection refused: /192.168.157.219:42659
	at sun.nio.ch.SocketChannelImpl.checkConnect(Native Method)
	at sun.nio.ch.SocketChannelImpl.finishConnect(SocketChannelImpl.java:717)
	at org.apache.ratis.thirdparty.io.netty.channel.socket.nio.NioSocketChannel.doFinishConnect(NioSocketChannel.java:327)
	at org.apache.ratis.thirdparty.io.netty.channel.nio.AbstractNioChannel$AbstractNioUnsafe.finishConnect(AbstractNioChannel.java:340)
	at org.apache.ratis.thirdparty.io.netty.channel.nio.NioEventLoop.processSelectedKey(NioEventLoop.java:632)
	at org.apache.ratis.thirdparty.io.netty.channel.nio.NioEventLoop.processSelectedKeysOptimized(NioEventLoop.java:579)
	at org.apache.ratis.thirdparty.io.netty.channel.nio.NioEventLoop.processSelectedKeys(NioEventLoop.java:496)
	at org.apache.ratis.thirdparty.io.netty.channel.nio.NioEventLoop.run(NioEventLoop.java:458)
	at org.apache.ratis.thirdparty.io.netty.util.concurrent.SingleThreadEventExecutor$5.run(SingleThreadEventExecutor.java:897)
	at org.apache.ratis.thirdparty.io.netty.util.concurrent.FastThreadLocalRunnable.run(FastThreadLocalRunnable.java:30)
	... 1 more
Caused by: java.net.ConnectException: Connection refused
	... 11 more
2019-11-14 19:59:35,242 [ae61afd5-043c-42ff-9e00-06be6bf8121c@group-7854BEAF083A-LeaderElection158] INFO  impl.LeaderElection (LogUtils.java:infoOrTrace(149)) - ae61afd5-043c-42ff-9e00-06be6bf8121c@group-7854BEAF083A-LeaderElection158 got exception when requesting votes: {}
java.util.concurrent.ExecutionException: org.apache.ratis.thirdparty.io.grpc.StatusRuntimeException: UNAVAILABLE: io exception
	at java.util.concurrent.FutureTask.report(FutureTask.java:122)
	at java.util.concurrent.FutureTask.get(FutureTask.java:192)
	at org.apache.ratis.server.impl.LeaderElection.waitForResults(LeaderElection.java:259)
	at org.apache.ratis.server.impl.LeaderElection.askForVotes(LeaderElection.java:197)
	at org.apache.ratis.server.impl.LeaderElection.run(LeaderElection.java:133)
	at java.lang.Thread.run(Thread.java:748)
Caused by: org.apache.ratis.thirdparty.io.grpc.StatusRuntimeException: UNAVAILABLE: io exception
	at org.apache.ratis.thirdparty.io.grpc.stub.ClientCalls.toStatusRuntimeException(ClientCalls.java:233)
	at org.apache.ratis.thirdparty.io.grpc.stub.ClientCalls.getUnchecked(ClientCalls.java:214)
	at org.apache.ratis.thirdparty.io.grpc.stub.ClientCalls.blockingUnaryCall(ClientCalls.java:139)
	at org.apache.ratis.proto.grpc.RaftServerProtocolServiceGrpc$RaftServerProtocolServiceBlockingStub.requestVote(RaftServerProtocolServiceGrpc.java:265)
	at org.apache.ratis.grpc.server.GrpcServerProtocolClient.requestVote(GrpcServerProtocolClient.java:99)
	at org.apache.ratis.grpc.server.GrpcService.requestVote(GrpcService.java:204)
	at org.apache.ratis.server.impl.LeaderElection.lambda$submitRequests$1(LeaderElection.java:234)
	at java.util.concurrent.FutureTask.run(FutureTask.java:266)
	at java.util.concurrent.Executors$RunnableAdapter.call(Executors.java:511)
	at java.util.concurrent.FutureTask.run(FutureTask.java:266)
	at java.util.concurrent.ThreadPoolExecutor.runWorker(ThreadPoolExecutor.java:1149)
	at java.util.concurrent.ThreadPoolExecutor$Worker.run(ThreadPoolExecutor.java:624)
	... 1 more
Caused by: org.apache.ratis.thirdparty.io.netty.channel.AbstractChannel$AnnotatedConnectException: Connection refused: /192.168.157.219:44307
	at sun.nio.ch.SocketChannelImpl.checkConnect(Native Method)
	at sun.nio.ch.SocketChannelImpl.finishConnect(SocketChannelImpl.java:717)
	at org.apache.ratis.thirdparty.io.netty.channel.socket.nio.NioSocketChannel.doFinishConnect(NioSocketChannel.java:327)
	at org.apache.ratis.thirdparty.io.netty.channel.nio.AbstractNioChannel$AbstractNioUnsafe.finishConnect(AbstractNioChannel.java:340)
	at org.apache.ratis.thirdparty.io.netty.channel.nio.NioEventLoop.processSelectedKey(NioEventLoop.java:632)
	at org.apache.ratis.thirdparty.io.netty.channel.nio.NioEventLoop.processSelectedKeysOptimized(NioEventLoop.java:579)
	at org.apache.ratis.thirdparty.io.netty.channel.nio.NioEventLoop.processSelectedKeys(NioEventLoop.java:496)
	at org.apache.ratis.thirdparty.io.netty.channel.nio.NioEventLoop.run(NioEventLoop.java:458)
	at org.apache.ratis.thirdparty.io.netty.util.concurrent.SingleThreadEventExecutor$5.run(SingleThreadEventExecutor.java:897)
	at org.apache.ratis.thirdparty.io.netty.util.concurrent.FastThreadLocalRunnable.run(FastThreadLocalRunnable.java:30)
	... 1 more
Caused by: java.net.ConnectException: Connection refused
	... 11 more
2019-11-14 19:59:35,244 [ae61afd5-043c-42ff-9e00-06be6bf8121c@group-7854BEAF083A-LeaderElection158] INFO  impl.LeaderElection (LeaderElection.java:logAndReturn(56)) - ae61afd5-043c-42ff-9e00-06be6bf8121c@group-7854BEAF083A-LeaderElection158: Election REJECTED; received 0 response(s) [] and 2 exception(s); ae61afd5-043c-42ff-9e00-06be6bf8121c@group-7854BEAF083A:t6, leader=null, voted=ae61afd5-043c-42ff-9e00-06be6bf8121c, raftlog=ae61afd5-043c-42ff-9e00-06be6bf8121c@group-7854BEAF083A-SegmentedRaftLog:OPENED:c0,f0,i0, conf=0: [ae61afd5-043c-42ff-9e00-06be6bf8121c:192.168.157.219:41147, 1d99cfa1-5734-40f1-a806-2aa318147fff:192.168.157.219:42659, 0b9f718b-6f36-48a0-b3e8-8949249bd312:192.168.157.219:44307], old=null
2019-11-14 19:59:35,244 [ae61afd5-043c-42ff-9e00-06be6bf8121c@group-7854BEAF083A-LeaderElection158] INFO  impl.LeaderElection (LogUtils.java:infoOrTrace(149)) -   Exception 0: {}
java.util.concurrent.ExecutionException: org.apache.ratis.thirdparty.io.grpc.StatusRuntimeException: UNAVAILABLE: io exception
	at java.util.concurrent.FutureTask.report(FutureTask.java:122)
	at java.util.concurrent.FutureTask.get(FutureTask.java:192)
	at org.apache.ratis.server.impl.LeaderElection.waitForResults(LeaderElection.java:259)
	at org.apache.ratis.server.impl.LeaderElection.askForVotes(LeaderElection.java:197)
	at org.apache.ratis.server.impl.LeaderElection.run(LeaderElection.java:133)
	at java.lang.Thread.run(Thread.java:748)
Caused by: org.apache.ratis.thirdparty.io.grpc.StatusRuntimeException: UNAVAILABLE: io exception
	at org.apache.ratis.thirdparty.io.grpc.stub.ClientCalls.toStatusRuntimeException(ClientCalls.java:233)
	at org.apache.ratis.thirdparty.io.grpc.stub.ClientCalls.getUnchecked(ClientCalls.java:214)
	at org.apache.ratis.thirdparty.io.grpc.stub.ClientCalls.blockingUnaryCall(ClientCalls.java:139)
	at org.apache.ratis.proto.grpc.RaftServerProtocolServiceGrpc$RaftServerProtocolServiceBlockingStub.requestVote(RaftServerProtocolServiceGrpc.java:265)
	at org.apache.ratis.grpc.server.GrpcServerProtocolClient.requestVote(GrpcServerProtocolClient.java:99)
	at org.apache.ratis.grpc.server.GrpcService.requestVote(GrpcService.java:204)
	at org.apache.ratis.server.impl.LeaderElection.lambda$submitRequests$1(LeaderElection.java:234)
	at java.util.concurrent.FutureTask.run(FutureTask.java:266)
	at java.util.concurrent.Executors$RunnableAdapter.call(Executors.java:511)
	at java.util.concurrent.FutureTask.run(FutureTask.java:266)
	at java.util.concurrent.ThreadPoolExecutor.runWorker(ThreadPoolExecutor.java:1149)
	at java.util.concurrent.ThreadPoolExecutor$Worker.run(ThreadPoolExecutor.java:624)
	... 1 more
Caused by: org.apache.ratis.thirdparty.io.netty.channel.AbstractChannel$AnnotatedConnectException: Connection refused: /192.168.157.219:42659
	at sun.nio.ch.SocketChannelImpl.checkConnect(Native Method)
	at sun.nio.ch.SocketChannelImpl.finishConnect(SocketChannelImpl.java:717)
	at org.apache.ratis.thirdparty.io.netty.channel.socket.nio.NioSocketChannel.doFinishConnect(NioSocketChannel.java:327)
	at org.apache.ratis.thirdparty.io.netty.channel.nio.AbstractNioChannel$AbstractNioUnsafe.finishConnect(AbstractNioChannel.java:340)
	at org.apache.ratis.thirdparty.io.netty.channel.nio.NioEventLoop.processSelectedKey(NioEventLoop.java:632)
	at org.apache.ratis.thirdparty.io.netty.channel.nio.NioEventLoop.processSelectedKeysOptimized(NioEventLoop.java:579)
	at org.apache.ratis.thirdparty.io.netty.channel.nio.NioEventLoop.processSelectedKeys(NioEventLoop.java:496)
	at org.apache.ratis.thirdparty.io.netty.channel.nio.NioEventLoop.run(NioEventLoop.java:458)
	at org.apache.ratis.thirdparty.io.netty.util.concurrent.SingleThreadEventExecutor$5.run(SingleThreadEventExecutor.java:897)
	at org.apache.ratis.thirdparty.io.netty.util.concurrent.FastThreadLocalRunnable.run(FastThreadLocalRunnable.java:30)
	... 1 more
Caused by: java.net.ConnectException: Connection refused
	... 11 more
2019-11-14 19:59:35,244 [ae61afd5-043c-42ff-9e00-06be6bf8121c@group-7854BEAF083A-LeaderElection158] INFO  impl.LeaderElection (LogUtils.java:infoOrTrace(149)) -   Exception 1: {}
java.util.concurrent.ExecutionException: org.apache.ratis.thirdparty.io.grpc.StatusRuntimeException: UNAVAILABLE: io exception
	at java.util.concurrent.FutureTask.report(FutureTask.java:122)
	at java.util.concurrent.FutureTask.get(FutureTask.java:192)
	at org.apache.ratis.server.impl.LeaderElection.waitForResults(LeaderElection.java:259)
	at org.apache.ratis.server.impl.LeaderElection.askForVotes(LeaderElection.java:197)
	at org.apache.ratis.server.impl.LeaderElection.run(LeaderElection.java:133)
	at java.lang.Thread.run(Thread.java:748)
Caused by: org.apache.ratis.thirdparty.io.grpc.StatusRuntimeException: UNAVAILABLE: io exception
	at org.apache.ratis.thirdparty.io.grpc.stub.ClientCalls.toStatusRuntimeException(ClientCalls.java:233)
	at org.apache.ratis.thirdparty.io.grpc.stub.ClientCalls.getUnchecked(ClientCalls.java:214)
	at org.apache.ratis.thirdparty.io.grpc.stub.ClientCalls.blockingUnaryCall(ClientCalls.java:139)
	at org.apache.ratis.proto.grpc.RaftServerProtocolServiceGrpc$RaftServerProtocolServiceBlockingStub.requestVote(RaftServerProtocolServiceGrpc.java:265)
	at org.apache.ratis.grpc.server.GrpcServerProtocolClient.requestVote(GrpcServerProtocolClient.java:99)
	at org.apache.ratis.grpc.server.GrpcService.requestVote(GrpcService.java:204)
	at org.apache.ratis.server.impl.LeaderElection.lambda$submitRequests$1(LeaderElection.java:234)
	at java.util.concurrent.FutureTask.run(FutureTask.java:266)
	at java.util.concurrent.Executors$RunnableAdapter.call(Executors.java:511)
	at java.util.concurrent.FutureTask.run(FutureTask.java:266)
	at java.util.concurrent.ThreadPoolExecutor.runWorker(ThreadPoolExecutor.java:1149)
	at java.util.concurrent.ThreadPoolExecutor$Worker.run(ThreadPoolExecutor.java:624)
	... 1 more
Caused by: org.apache.ratis.thirdparty.io.netty.channel.AbstractChannel$AnnotatedConnectException: Connection refused: /192.168.157.219:44307
	at sun.nio.ch.SocketChannelImpl.checkConnect(Native Method)
	at sun.nio.ch.SocketChannelImpl.finishConnect(SocketChannelImpl.java:717)
	at org.apache.ratis.thirdparty.io.netty.channel.socket.nio.NioSocketChannel.doFinishConnect(NioSocketChannel.java:327)
	at org.apache.ratis.thirdparty.io.netty.channel.nio.AbstractNioChannel$AbstractNioUnsafe.finishConnect(AbstractNioChannel.java:340)
	at org.apache.ratis.thirdparty.io.netty.channel.nio.NioEventLoop.processSelectedKey(NioEventLoop.java:632)
	at org.apache.ratis.thirdparty.io.netty.channel.nio.NioEventLoop.processSelectedKeysOptimized(NioEventLoop.java:579)
	at org.apache.ratis.thirdparty.io.netty.channel.nio.NioEventLoop.processSelectedKeys(NioEventLoop.java:496)
	at org.apache.ratis.thirdparty.io.netty.channel.nio.NioEventLoop.run(NioEventLoop.java:458)
	at org.apache.ratis.thirdparty.io.netty.util.concurrent.SingleThreadEventExecutor$5.run(SingleThreadEventExecutor.java:897)
	at org.apache.ratis.thirdparty.io.netty.util.concurrent.FastThreadLocalRunnable.run(FastThreadLocalRunnable.java:30)
	... 1 more
Caused by: java.net.ConnectException: Connection refused
	... 11 more
2019-11-14 19:59:35,245 [ae61afd5-043c-42ff-9e00-06be6bf8121c@group-7854BEAF083A-LeaderElection158] INFO  impl.RaftServerImpl (RaftServerImpl.java:setRole(173)) - ae61afd5-043c-42ff-9e00-06be6bf8121c@group-7854BEAF083A: changes role from CANDIDATE to FOLLOWER at term 6 for DISCOVERED_A_NEW_TERM
2019-11-14 19:59:35,245 [ae61afd5-043c-42ff-9e00-06be6bf8121c@group-7854BEAF083A-LeaderElection158] INFO  impl.RoleInfo (RoleInfo.java:shutdownLeaderElection(134)) - ae61afd5-043c-42ff-9e00-06be6bf8121c: shutdown LeaderElection
2019-11-14 19:59:35,245 [ae61afd5-043c-42ff-9e00-06be6bf8121c@group-7854BEAF083A-LeaderElection158] INFO  impl.RoleInfo (RoleInfo.java:updateAndGet(143)) - ae61afd5-043c-42ff-9e00-06be6bf8121c: start FollowerState
2019-11-14 19:59:35,356 [grpc-default-executor-9] WARN  server.GrpcLogAppender (LogUtils.java:warn(134)) - 37fea5d6-1a60-4b82-9570-57888d4e9f46@group-5C9C84E47F8E->f857cfdd-345c-4de8-889d-b8fdff158faf-AppendLogResponseHandler: Failed appendEntries: org.apache.ratis.thirdparty.io.grpc.StatusRuntimeException: UNAVAILABLE: io exception
2019-11-14 19:59:35,356 [grpc-default-executor-9] INFO  impl.FollowerInfo (FollowerInfo.java:lambda$new$0(51)) - 37fea5d6-1a60-4b82-9570-57888d4e9f46@group-5C9C84E47F8E->f857cfdd-345c-4de8-889d-b8fdff158faf: nextIndex: updateUnconditionally 0 -> 0
2019-11-14 19:59:35,360 [grpc-default-executor-7] WARN  server.GrpcLogAppender (LogUtils.java:warn(134)) - 60fc2306-005b-4da9-bff6-f0a04ff2f155@group-53319FA87FBA->909799b4-01f9-4409-9e01-df516dc8a9f9-AppendLogResponseHandler: Failed appendEntries: org.apache.ratis.thirdparty.io.grpc.StatusRuntimeException: UNAVAILABLE: io exception
2019-11-14 19:59:35,360 [grpc-default-executor-7] INFO  impl.FollowerInfo (FollowerInfo.java:lambda$new$0(51)) - 60fc2306-005b-4da9-bff6-f0a04ff2f155@group-53319FA87FBA->909799b4-01f9-4409-9e01-df516dc8a9f9: nextIndex: updateUnconditionally 0 -> 0
2019-11-14 19:59:35,367 [grpc-default-executor-5] WARN  server.GrpcLogAppender (LogUtils.java:warn(134)) - 37fea5d6-1a60-4b82-9570-57888d4e9f46@group-5C9C84E47F8E->9e8f1412-9bf1-4810-b3e9-2cd8ebd4b71b-AppendLogResponseHandler: Failed appendEntries: org.apache.ratis.thirdparty.io.grpc.StatusRuntimeException: UNAVAILABLE: io exception
2019-11-14 19:59:35,368 [grpc-default-executor-5] INFO  impl.FollowerInfo (FollowerInfo.java:lambda$new$0(51)) - 37fea5d6-1a60-4b82-9570-57888d4e9f46@group-5C9C84E47F8E->9e8f1412-9bf1-4810-b3e9-2cd8ebd4b71b: nextIndex: updateUnconditionally 0 -> 0
2019-11-14 19:59:35,856 [grpc-default-executor-5] WARN  server.GrpcLogAppender (LogUtils.java:warn(134)) - 37fea5d6-1a60-4b82-9570-57888d4e9f46@group-5C9C84E47F8E->f857cfdd-345c-4de8-889d-b8fdff158faf-AppendLogResponseHandler: Failed appendEntries: org.apache.ratis.thirdparty.io.grpc.StatusRuntimeException: UNAVAILABLE: io exception
2019-11-14 19:59:35,856 [grpc-default-executor-5] INFO  impl.FollowerInfo (FollowerInfo.java:lambda$new$0(51)) - 37fea5d6-1a60-4b82-9570-57888d4e9f46@group-5C9C84E47F8E->f857cfdd-345c-4de8-889d-b8fdff158faf: nextIndex: updateUnconditionally 0 -> 0
2019-11-14 19:59:35,860 [grpc-default-executor-9] WARN  server.GrpcLogAppender (LogUtils.java:warn(134)) - 60fc2306-005b-4da9-bff6-f0a04ff2f155@group-53319FA87FBA->909799b4-01f9-4409-9e01-df516dc8a9f9-AppendLogResponseHandler: Failed appendEntries: org.apache.ratis.thirdparty.io.grpc.StatusRuntimeException: UNAVAILABLE: io exception
2019-11-14 19:59:35,860 [grpc-default-executor-9] INFO  impl.FollowerInfo (FollowerInfo.java:lambda$new$0(51)) - 60fc2306-005b-4da9-bff6-f0a04ff2f155@group-53319FA87FBA->909799b4-01f9-4409-9e01-df516dc8a9f9: nextIndex: updateUnconditionally 0 -> 0
2019-11-14 19:59:35,868 [grpc-default-executor-9] WARN  server.GrpcLogAppender (LogUtils.java:warn(134)) - 37fea5d6-1a60-4b82-9570-57888d4e9f46@group-5C9C84E47F8E->9e8f1412-9bf1-4810-b3e9-2cd8ebd4b71b-AppendLogResponseHandler: Failed appendEntries: org.apache.ratis.thirdparty.io.grpc.StatusRuntimeException: UNAVAILABLE: io exception
2019-11-14 19:59:35,868 [grpc-default-executor-9] INFO  impl.FollowerInfo (FollowerInfo.java:lambda$new$0(51)) - 37fea5d6-1a60-4b82-9570-57888d4e9f46@group-5C9C84E47F8E->9e8f1412-9bf1-4810-b3e9-2cd8ebd4b71b: nextIndex: updateUnconditionally 0 -> 0
2019-11-14 19:59:36,347 [Thread-3907] INFO  impl.FollowerState (FollowerState.java:run(111)) - ae61afd5-043c-42ff-9e00-06be6bf8121c@group-7854BEAF083A-FollowerState: change to CANDIDATE, lastRpcTime:1102ms, electionTimeout:1102ms
2019-11-14 19:59:36,348 [Thread-3907] INFO  impl.RoleInfo (RoleInfo.java:shutdownFollowerState(121)) - ae61afd5-043c-42ff-9e00-06be6bf8121c: shutdown FollowerState
2019-11-14 19:59:36,348 [Thread-3907] INFO  impl.RaftServerImpl (RaftServerImpl.java:setRole(173)) - ae61afd5-043c-42ff-9e00-06be6bf8121c@group-7854BEAF083A: changes role from  FOLLOWER to CANDIDATE at term 6 for changeToCandidate
2019-11-14 19:59:36,348 [Thread-3907] INFO  impl.RoleInfo (RoleInfo.java:updateAndGet(143)) - ae61afd5-043c-42ff-9e00-06be6bf8121c: start LeaderElection
2019-11-14 19:59:36,356 [grpc-default-executor-5] WARN  server.GrpcLogAppender (LogUtils.java:warn(134)) - 37fea5d6-1a60-4b82-9570-57888d4e9f46@group-5C9C84E47F8E->f857cfdd-345c-4de8-889d-b8fdff158faf-AppendLogResponseHandler: Failed appendEntries: org.apache.ratis.thirdparty.io.grpc.StatusRuntimeException: UNAVAILABLE: io exception
2019-11-14 19:59:36,357 [grpc-default-executor-5] INFO  impl.FollowerInfo (FollowerInfo.java:lambda$new$0(51)) - 37fea5d6-1a60-4b82-9570-57888d4e9f46@group-5C9C84E47F8E->f857cfdd-345c-4de8-889d-b8fdff158faf: nextIndex: updateUnconditionally 0 -> 0
2019-11-14 19:59:36,360 [grpc-default-executor-5] WARN  server.GrpcLogAppender (LogUtils.java:warn(134)) - 60fc2306-005b-4da9-bff6-f0a04ff2f155@group-53319FA87FBA->909799b4-01f9-4409-9e01-df516dc8a9f9-AppendLogResponseHandler: Failed appendEntries: org.apache.ratis.thirdparty.io.grpc.StatusRuntimeException: UNAVAILABLE: io exception
2019-11-14 19:59:36,361 [grpc-default-executor-5] INFO  impl.FollowerInfo (FollowerInfo.java:lambda$new$0(51)) - 60fc2306-005b-4da9-bff6-f0a04ff2f155@group-53319FA87FBA->909799b4-01f9-4409-9e01-df516dc8a9f9: nextIndex: updateUnconditionally 0 -> 0
2019-11-14 19:59:36,362 [ae61afd5-043c-42ff-9e00-06be6bf8121c@group-7854BEAF083A-LeaderElection159] INFO  impl.LeaderElection (LeaderElection.java:askForVotes(178)) - ae61afd5-043c-42ff-9e00-06be6bf8121c@group-7854BEAF083A-LeaderElection159: begin an election at term 7 for 0: [ae61afd5-043c-42ff-9e00-06be6bf8121c:192.168.157.219:41147, 1d99cfa1-5734-40f1-a806-2aa318147fff:192.168.157.219:42659, 0b9f718b-6f36-48a0-b3e8-8949249bd312:192.168.157.219:44307], old=null
2019-11-14 19:59:36,363 [ae61afd5-043c-42ff-9e00-06be6bf8121c@group-7854BEAF083A-LeaderElection159] INFO  impl.LeaderElection (LogUtils.java:infoOrTrace(149)) - ae61afd5-043c-42ff-9e00-06be6bf8121c@group-7854BEAF083A-LeaderElection159 got exception when requesting votes: {}
java.util.concurrent.ExecutionException: org.apache.ratis.thirdparty.io.grpc.StatusRuntimeException: UNAVAILABLE: io exception
	at java.util.concurrent.FutureTask.report(FutureTask.java:122)
	at java.util.concurrent.FutureTask.get(FutureTask.java:192)
	at org.apache.ratis.server.impl.LeaderElection.waitForResults(LeaderElection.java:259)
	at org.apache.ratis.server.impl.LeaderElection.askForVotes(LeaderElection.java:197)
	at org.apache.ratis.server.impl.LeaderElection.run(LeaderElection.java:133)
	at java.lang.Thread.run(Thread.java:748)
Caused by: org.apache.ratis.thirdparty.io.grpc.StatusRuntimeException: UNAVAILABLE: io exception
	at org.apache.ratis.thirdparty.io.grpc.stub.ClientCalls.toStatusRuntimeException(ClientCalls.java:233)
	at org.apache.ratis.thirdparty.io.grpc.stub.ClientCalls.getUnchecked(ClientCalls.java:214)
	at org.apache.ratis.thirdparty.io.grpc.stub.ClientCalls.blockingUnaryCall(ClientCalls.java:139)
	at org.apache.ratis.proto.grpc.RaftServerProtocolServiceGrpc$RaftServerProtocolServiceBlockingStub.requestVote(RaftServerProtocolServiceGrpc.java:265)
	at org.apache.ratis.grpc.server.GrpcServerProtocolClient.requestVote(GrpcServerProtocolClient.java:99)
	at org.apache.ratis.grpc.server.GrpcService.requestVote(GrpcService.java:204)
	at org.apache.ratis.server.impl.LeaderElection.lambda$submitRequests$1(LeaderElection.java:234)
	at java.util.concurrent.FutureTask.run(FutureTask.java:266)
	at java.util.concurrent.Executors$RunnableAdapter.call(Executors.java:511)
	at java.util.concurrent.FutureTask.run(FutureTask.java:266)
	at java.util.concurrent.ThreadPoolExecutor.runWorker(ThreadPoolExecutor.java:1149)
	at java.util.concurrent.ThreadPoolExecutor$Worker.run(ThreadPoolExecutor.java:624)
	... 1 more
Caused by: org.apache.ratis.thirdparty.io.netty.channel.AbstractChannel$AnnotatedConnectException: Connection refused: /192.168.157.219:42659
	at sun.nio.ch.SocketChannelImpl.checkConnect(Native Method)
	at sun.nio.ch.SocketChannelImpl.finishConnect(SocketChannelImpl.java:717)
	at org.apache.ratis.thirdparty.io.netty.channel.socket.nio.NioSocketChannel.doFinishConnect(NioSocketChannel.java:327)
	at org.apache.ratis.thirdparty.io.netty.channel.nio.AbstractNioChannel$AbstractNioUnsafe.finishConnect(AbstractNioChannel.java:340)
	at org.apache.ratis.thirdparty.io.netty.channel.nio.NioEventLoop.processSelectedKey(NioEventLoop.java:632)
	at org.apache.ratis.thirdparty.io.netty.channel.nio.NioEventLoop.processSelectedKeysOptimized(NioEventLoop.java:579)
	at org.apache.ratis.thirdparty.io.netty.channel.nio.NioEventLoop.processSelectedKeys(NioEventLoop.java:496)
	at org.apache.ratis.thirdparty.io.netty.channel.nio.NioEventLoop.run(NioEventLoop.java:458)
	at org.apache.ratis.thirdparty.io.netty.util.concurrent.SingleThreadEventExecutor$5.run(SingleThreadEventExecutor.java:897)
	at org.apache.ratis.thirdparty.io.netty.util.concurrent.FastThreadLocalRunnable.run(FastThreadLocalRunnable.java:30)
	... 1 more
Caused by: java.net.ConnectException: Connection refused
	... 11 more
2019-11-14 19:59:36,371 [ae61afd5-043c-42ff-9e00-06be6bf8121c@group-7854BEAF083A-LeaderElection159] INFO  impl.LeaderElection (LogUtils.java:infoOrTrace(149)) - ae61afd5-043c-42ff-9e00-06be6bf8121c@group-7854BEAF083A-LeaderElection159 got exception when requesting votes: {}
java.util.concurrent.ExecutionException: org.apache.ratis.thirdparty.io.grpc.StatusRuntimeException: UNAVAILABLE: io exception
	at java.util.concurrent.FutureTask.report(FutureTask.java:122)
	at java.util.concurrent.FutureTask.get(FutureTask.java:192)
	at org.apache.ratis.server.impl.LeaderElection.waitForResults(LeaderElection.java:259)
	at org.apache.ratis.server.impl.LeaderElection.askForVotes(LeaderElection.java:197)
	at org.apache.ratis.server.impl.LeaderElection.run(LeaderElection.java:133)
	at java.lang.Thread.run(Thread.java:748)
Caused by: org.apache.ratis.thirdparty.io.grpc.StatusRuntimeException: UNAVAILABLE: io exception
	at org.apache.ratis.thirdparty.io.grpc.stub.ClientCalls.toStatusRuntimeException(ClientCalls.java:233)
	at org.apache.ratis.thirdparty.io.grpc.stub.ClientCalls.getUnchecked(ClientCalls.java:214)
	at org.apache.ratis.thirdparty.io.grpc.stub.ClientCalls.blockingUnaryCall(ClientCalls.java:139)
	at org.apache.ratis.proto.grpc.RaftServerProtocolServiceGrpc$RaftServerProtocolServiceBlockingStub.requestVote(RaftServerProtocolServiceGrpc.java:265)
	at org.apache.ratis.grpc.server.GrpcServerProtocolClient.requestVote(GrpcServerProtocolClient.java:99)
	at org.apache.ratis.grpc.server.GrpcService.requestVote(GrpcService.java:204)
	at org.apache.ratis.server.impl.LeaderElection.lambda$submitRequests$1(LeaderElection.java:234)
	at java.util.concurrent.FutureTask.run(FutureTask.java:266)
	at java.util.concurrent.Executors$RunnableAdapter.call(Executors.java:511)
	at java.util.concurrent.FutureTask.run(FutureTask.java:266)
	at java.util.concurrent.ThreadPoolExecutor.runWorker(ThreadPoolExecutor.java:1149)
	at java.util.concurrent.ThreadPoolExecutor$Worker.run(ThreadPoolExecutor.java:624)
	... 1 more
Caused by: org.apache.ratis.thirdparty.io.netty.channel.AbstractChannel$AnnotatedConnectException: Connection refused: /192.168.157.219:44307
	at sun.nio.ch.SocketChannelImpl.checkConnect(Native Method)
	at sun.nio.ch.SocketChannelImpl.finishConnect(SocketChannelImpl.java:717)
	at org.apache.ratis.thirdparty.io.netty.channel.socket.nio.NioSocketChannel.doFinishConnect(NioSocketChannel.java:327)
	at org.apache.ratis.thirdparty.io.netty.channel.nio.AbstractNioChannel$AbstractNioUnsafe.finishConnect(AbstractNioChannel.java:340)
	at org.apache.ratis.thirdparty.io.netty.channel.nio.NioEventLoop.processSelectedKey(NioEventLoop.java:632)
	at org.apache.ratis.thirdparty.io.netty.channel.nio.NioEventLoop.processSelectedKeysOptimized(NioEventLoop.java:579)
	at org.apache.ratis.thirdparty.io.netty.channel.nio.NioEventLoop.processSelectedKeys(NioEventLoop.java:496)
	at org.apache.ratis.thirdparty.io.netty.channel.nio.NioEventLoop.run(NioEventLoop.java:458)
	at org.apache.ratis.thirdparty.io.netty.util.concurrent.SingleThreadEventExecutor$5.run(SingleThreadEventExecutor.java:897)
	at org.apache.ratis.thirdparty.io.netty.util.concurrent.FastThreadLocalRunnable.run(FastThreadLocalRunnable.java:30)
	... 1 more
Caused by: java.net.ConnectException: Connection refused
	... 11 more
2019-11-14 19:59:36,372 [ae61afd5-043c-42ff-9e00-06be6bf8121c@group-7854BEAF083A-LeaderElection159] INFO  impl.LeaderElection (LeaderElection.java:logAndReturn(56)) - ae61afd5-043c-42ff-9e00-06be6bf8121c@group-7854BEAF083A-LeaderElection159: Election REJECTED; received 0 response(s) [] and 2 exception(s); ae61afd5-043c-42ff-9e00-06be6bf8121c@group-7854BEAF083A:t7, leader=null, voted=ae61afd5-043c-42ff-9e00-06be6bf8121c, raftlog=ae61afd5-043c-42ff-9e00-06be6bf8121c@group-7854BEAF083A-SegmentedRaftLog:OPENED:c0,f0,i0, conf=0: [ae61afd5-043c-42ff-9e00-06be6bf8121c:192.168.157.219:41147, 1d99cfa1-5734-40f1-a806-2aa318147fff:192.168.157.219:42659, 0b9f718b-6f36-48a0-b3e8-8949249bd312:192.168.157.219:44307], old=null
2019-11-14 19:59:36,372 [grpc-default-executor-9] WARN  server.GrpcLogAppender (LogUtils.java:warn(134)) - 37fea5d6-1a60-4b82-9570-57888d4e9f46@group-5C9C84E47F8E->9e8f1412-9bf1-4810-b3e9-2cd8ebd4b71b-AppendLogResponseHandler: Failed appendEntries: org.apache.ratis.thirdparty.io.grpc.StatusRuntimeException: UNAVAILABLE: io exception
2019-11-14 19:59:36,372 [ae61afd5-043c-42ff-9e00-06be6bf8121c@group-7854BEAF083A-LeaderElection159] INFO  impl.LeaderElection (LogUtils.java:infoOrTrace(149)) -   Exception 0: {}
java.util.concurrent.ExecutionException: org.apache.ratis.thirdparty.io.grpc.StatusRuntimeException: UNAVAILABLE: io exception
	at java.util.concurrent.FutureTask.report(FutureTask.java:122)
	at java.util.concurrent.FutureTask.get(FutureTask.java:192)
	at org.apache.ratis.server.impl.LeaderElection.waitForResults(LeaderElection.java:259)
	at org.apache.ratis.server.impl.LeaderElection.askForVotes(LeaderElection.java:197)
	at org.apache.ratis.server.impl.LeaderElection.run(LeaderElection.java:133)
	at java.lang.Thread.run(Thread.java:748)
Caused by: org.apache.ratis.thirdparty.io.grpc.StatusRuntimeException: UNAVAILABLE: io exception
	at org.apache.ratis.thirdparty.io.grpc.stub.ClientCalls.toStatusRuntimeException(ClientCalls.java:233)
	at org.apache.ratis.thirdparty.io.grpc.stub.ClientCalls.getUnchecked(ClientCalls.java:214)
	at org.apache.ratis.thirdparty.io.grpc.stub.ClientCalls.blockingUnaryCall(ClientCalls.java:139)
	at org.apache.ratis.proto.grpc.RaftServerProtocolServiceGrpc$RaftServerProtocolServiceBlockingStub.requestVote(RaftServerProtocolServiceGrpc.java:265)
	at org.apache.ratis.grpc.server.GrpcServerProtocolClient.requestVote(GrpcServerProtocolClient.java:99)
	at org.apache.ratis.grpc.server.GrpcService.requestVote(GrpcService.java:204)
	at org.apache.ratis.server.impl.LeaderElection.lambda$submitRequests$1(LeaderElection.java:234)
	at java.util.concurrent.FutureTask.run(FutureTask.java:266)
	at java.util.concurrent.Executors$RunnableAdapter.call(Executors.java:511)
	at java.util.concurrent.FutureTask.run(FutureTask.java:266)
	at java.util.concurrent.ThreadPoolExecutor.runWorker(ThreadPoolExecutor.java:1149)
	at java.util.concurrent.ThreadPoolExecutor$Worker.run(ThreadPoolExecutor.java:624)
	... 1 more
Caused by: org.apache.ratis.thirdparty.io.netty.channel.AbstractChannel$AnnotatedConnectException: Connection refused: /192.168.157.219:42659
	at sun.nio.ch.SocketChannelImpl.checkConnect(Native Method)
	at sun.nio.ch.SocketChannelImpl.finishConnect(SocketChannelImpl.java:717)
	at org.apache.ratis.thirdparty.io.netty.channel.socket.nio.NioSocketChannel.doFinishConnect(NioSocketChannel.java:327)
	at org.apache.ratis.thirdparty.io.netty.channel.nio.AbstractNioChannel$AbstractNioUnsafe.finishConnect(AbstractNioChannel.java:340)
	at org.apache.ratis.thirdparty.io.netty.channel.nio.NioEventLoop.processSelectedKey(NioEventLoop.java:632)
	at org.apache.ratis.thirdparty.io.netty.channel.nio.NioEventLoop.processSelectedKeysOptimized(NioEventLoop.java:579)
	at org.apache.ratis.thirdparty.io.netty.channel.nio.NioEventLoop.processSelectedKeys(NioEventLoop.java:496)
	at org.apache.ratis.thirdparty.io.netty.channel.nio.NioEventLoop.run(NioEventLoop.java:458)
	at org.apache.ratis.thirdparty.io.netty.util.concurrent.SingleThreadEventExecutor$5.run(SingleThreadEventExecutor.java:897)
	at org.apache.ratis.thirdparty.io.netty.util.concurrent.FastThreadLocalRunnable.run(FastThreadLocalRunnable.java:30)
	... 1 more
Caused by: java.net.ConnectException: Connection refused
	... 11 more
2019-11-14 19:59:36,373 [grpc-default-executor-9] INFO  impl.FollowerInfo (FollowerInfo.java:lambda$new$0(51)) - 37fea5d6-1a60-4b82-9570-57888d4e9f46@group-5C9C84E47F8E->9e8f1412-9bf1-4810-b3e9-2cd8ebd4b71b: nextIndex: updateUnconditionally 0 -> 0
2019-11-14 19:59:36,373 [ae61afd5-043c-42ff-9e00-06be6bf8121c@group-7854BEAF083A-LeaderElection159] INFO  impl.LeaderElection (LogUtils.java:infoOrTrace(149)) -   Exception 1: {}
java.util.concurrent.ExecutionException: org.apache.ratis.thirdparty.io.grpc.StatusRuntimeException: UNAVAILABLE: io exception
	at java.util.concurrent.FutureTask.report(FutureTask.java:122)
	at java.util.concurrent.FutureTask.get(FutureTask.java:192)
	at org.apache.ratis.server.impl.LeaderElection.waitForResults(LeaderElection.java:259)
	at org.apache.ratis.server.impl.LeaderElection.askForVotes(LeaderElection.java:197)
	at org.apache.ratis.server.impl.LeaderElection.run(LeaderElection.java:133)
	at java.lang.Thread.run(Thread.java:748)
Caused by: org.apache.ratis.thirdparty.io.grpc.StatusRuntimeException: UNAVAILABLE: io exception
	at org.apache.ratis.thirdparty.io.grpc.stub.ClientCalls.toStatusRuntimeException(ClientCalls.java:233)
	at org.apache.ratis.thirdparty.io.grpc.stub.ClientCalls.getUnchecked(ClientCalls.java:214)
	at org.apache.ratis.thirdparty.io.grpc.stub.ClientCalls.blockingUnaryCall(ClientCalls.java:139)
	at org.apache.ratis.proto.grpc.RaftServerProtocolServiceGrpc$RaftServerProtocolServiceBlockingStub.requestVote(RaftServerProtocolServiceGrpc.java:265)
	at org.apache.ratis.grpc.server.GrpcServerProtocolClient.requestVote(GrpcServerProtocolClient.java:99)
	at org.apache.ratis.grpc.server.GrpcService.requestVote(GrpcService.java:204)
	at org.apache.ratis.server.impl.LeaderElection.lambda$submitRequests$1(LeaderElection.java:234)
	at java.util.concurrent.FutureTask.run(FutureTask.java:266)
	at java.util.concurrent.Executors$RunnableAdapter.call(Executors.java:511)
	at java.util.concurrent.FutureTask.run(FutureTask.java:266)
	at java.util.concurrent.ThreadPoolExecutor.runWorker(ThreadPoolExecutor.java:1149)
	at java.util.concurrent.ThreadPoolExecutor$Worker.run(ThreadPoolExecutor.java:624)
	... 1 more
Caused by: org.apache.ratis.thirdparty.io.netty.channel.AbstractChannel$AnnotatedConnectException: Connection refused: /192.168.157.219:44307
	at sun.nio.ch.SocketChannelImpl.checkConnect(Native Method)
	at sun.nio.ch.SocketChannelImpl.finishConnect(SocketChannelImpl.java:717)
	at org.apache.ratis.thirdparty.io.netty.channel.socket.nio.NioSocketChannel.doFinishConnect(NioSocketChannel.java:327)
	at org.apache.ratis.thirdparty.io.netty.channel.nio.AbstractNioChannel$AbstractNioUnsafe.finishConnect(AbstractNioChannel.java:340)
	at org.apache.ratis.thirdparty.io.netty.channel.nio.NioEventLoop.processSelectedKey(NioEventLoop.java:632)
	at org.apache.ratis.thirdparty.io.netty.channel.nio.NioEventLoop.processSelectedKeysOptimized(NioEventLoop.java:579)
	at org.apache.ratis.thirdparty.io.netty.channel.nio.NioEventLoop.processSelectedKeys(NioEventLoop.java:496)
	at org.apache.ratis.thirdparty.io.netty.channel.nio.NioEventLoop.run(NioEventLoop.java:458)
	at org.apache.ratis.thirdparty.io.netty.util.concurrent.SingleThreadEventExecutor$5.run(SingleThreadEventExecutor.java:897)
	at org.apache.ratis.thirdparty.io.netty.util.concurrent.FastThreadLocalRunnable.run(FastThreadLocalRunnable.java:30)
	... 1 more
Caused by: java.net.ConnectException: Connection refused
	... 11 more
2019-11-14 19:59:36,374 [ae61afd5-043c-42ff-9e00-06be6bf8121c@group-7854BEAF083A-LeaderElection159] INFO  impl.RaftServerImpl (RaftServerImpl.java:setRole(173)) - ae61afd5-043c-42ff-9e00-06be6bf8121c@group-7854BEAF083A: changes role from CANDIDATE to FOLLOWER at term 7 for DISCOVERED_A_NEW_TERM
2019-11-14 19:59:36,374 [ae61afd5-043c-42ff-9e00-06be6bf8121c@group-7854BEAF083A-LeaderElection159] INFO  impl.RoleInfo (RoleInfo.java:shutdownLeaderElection(134)) - ae61afd5-043c-42ff-9e00-06be6bf8121c: shutdown LeaderElection
2019-11-14 19:59:36,374 [ae61afd5-043c-42ff-9e00-06be6bf8121c@group-7854BEAF083A-LeaderElection159] INFO  impl.RoleInfo (RoleInfo.java:updateAndGet(143)) - ae61afd5-043c-42ff-9e00-06be6bf8121c: start FollowerState
2019-11-14 19:59:36,857 [grpc-default-executor-7] WARN  server.GrpcLogAppender (LogUtils.java:warn(134)) - 37fea5d6-1a60-4b82-9570-57888d4e9f46@group-5C9C84E47F8E->f857cfdd-345c-4de8-889d-b8fdff158faf-AppendLogResponseHandler: Failed appendEntries: org.apache.ratis.thirdparty.io.grpc.StatusRuntimeException: UNAVAILABLE: io exception
2019-11-14 19:59:36,857 [grpc-default-executor-7] INFO  impl.FollowerInfo (FollowerInfo.java:lambda$new$0(51)) - 37fea5d6-1a60-4b82-9570-57888d4e9f46@group-5C9C84E47F8E->f857cfdd-345c-4de8-889d-b8fdff158faf: nextIndex: updateUnconditionally 0 -> 0
2019-11-14 19:59:36,861 [grpc-default-executor-5] WARN  server.GrpcLogAppender (LogUtils.java:warn(134)) - 60fc2306-005b-4da9-bff6-f0a04ff2f155@group-53319FA87FBA->909799b4-01f9-4409-9e01-df516dc8a9f9-AppendLogResponseHandler: Failed appendEntries: org.apache.ratis.thirdparty.io.grpc.StatusRuntimeException: UNAVAILABLE: io exception
2019-11-14 19:59:36,861 [grpc-default-executor-5] INFO  impl.FollowerInfo (FollowerInfo.java:lambda$new$0(51)) - 60fc2306-005b-4da9-bff6-f0a04ff2f155@group-53319FA87FBA->909799b4-01f9-4409-9e01-df516dc8a9f9: nextIndex: updateUnconditionally 0 -> 0
2019-11-14 19:59:36,872 [grpc-default-executor-9] WARN  server.GrpcLogAppender (LogUtils.java:warn(134)) - 37fea5d6-1a60-4b82-9570-57888d4e9f46@group-5C9C84E47F8E->9e8f1412-9bf1-4810-b3e9-2cd8ebd4b71b-AppendLogResponseHandler: Failed appendEntries: org.apache.ratis.thirdparty.io.grpc.StatusRuntimeException: UNAVAILABLE: io exception
2019-11-14 19:59:36,873 [grpc-default-executor-9] INFO  impl.FollowerInfo (FollowerInfo.java:lambda$new$0(51)) - 37fea5d6-1a60-4b82-9570-57888d4e9f46@group-5C9C84E47F8E->9e8f1412-9bf1-4810-b3e9-2cd8ebd4b71b: nextIndex: updateUnconditionally 0 -> 0
2019-11-14 19:59:37,358 [grpc-default-executor-9] WARN  server.GrpcLogAppender (LogUtils.java:warn(134)) - 37fea5d6-1a60-4b82-9570-57888d4e9f46@group-5C9C84E47F8E->f857cfdd-345c-4de8-889d-b8fdff158faf-AppendLogResponseHandler: Failed appendEntries: org.apache.ratis.thirdparty.io.grpc.StatusRuntimeException: UNAVAILABLE: io exception
2019-11-14 19:59:37,359 [grpc-default-executor-9] INFO  impl.FollowerInfo (FollowerInfo.java:lambda$new$0(51)) - 37fea5d6-1a60-4b82-9570-57888d4e9f46@group-5C9C84E47F8E->f857cfdd-345c-4de8-889d-b8fdff158faf: nextIndex: updateUnconditionally 0 -> 0
2019-11-14 19:59:37,361 [grpc-default-executor-7] WARN  server.GrpcLogAppender (LogUtils.java:warn(134)) - 60fc2306-005b-4da9-bff6-f0a04ff2f155@group-53319FA87FBA->909799b4-01f9-4409-9e01-df516dc8a9f9-AppendLogResponseHandler: Failed appendEntries: org.apache.ratis.thirdparty.io.grpc.StatusRuntimeException: UNAVAILABLE: io exception
2019-11-14 19:59:37,361 [grpc-default-executor-7] INFO  impl.FollowerInfo (FollowerInfo.java:lambda$new$0(51)) - 60fc2306-005b-4da9-bff6-f0a04ff2f155@group-53319FA87FBA->909799b4-01f9-4409-9e01-df516dc8a9f9: nextIndex: updateUnconditionally 0 -> 0
2019-11-14 19:59:37,373 [grpc-default-executor-5] WARN  server.GrpcLogAppender (LogUtils.java:warn(134)) - 37fea5d6-1a60-4b82-9570-57888d4e9f46@group-5C9C84E47F8E->9e8f1412-9bf1-4810-b3e9-2cd8ebd4b71b-AppendLogResponseHandler: Failed appendEntries: org.apache.ratis.thirdparty.io.grpc.StatusRuntimeException: UNAVAILABLE: io exception
2019-11-14 19:59:37,373 [grpc-default-executor-5] INFO  impl.FollowerInfo (FollowerInfo.java:lambda$new$0(51)) - 37fea5d6-1a60-4b82-9570-57888d4e9f46@group-5C9C84E47F8E->9e8f1412-9bf1-4810-b3e9-2cd8ebd4b71b: nextIndex: updateUnconditionally 0 -> 0
2019-11-14 19:59:37,466 [Thread-3914] INFO  impl.FollowerState (FollowerState.java:run(111)) - ae61afd5-043c-42ff-9e00-06be6bf8121c@group-7854BEAF083A-FollowerState: change to CANDIDATE, lastRpcTime:1092ms, electionTimeout:1092ms
2019-11-14 19:59:37,466 [Thread-3914] INFO  impl.RoleInfo (RoleInfo.java:shutdownFollowerState(121)) - ae61afd5-043c-42ff-9e00-06be6bf8121c: shutdown FollowerState
2019-11-14 19:59:37,467 [Thread-3914] INFO  impl.RaftServerImpl (RaftServerImpl.java:setRole(173)) - ae61afd5-043c-42ff-9e00-06be6bf8121c@group-7854BEAF083A: changes role from  FOLLOWER to CANDIDATE at term 7 for changeToCandidate
2019-11-14 19:59:37,467 [Thread-3914] INFO  impl.RoleInfo (RoleInfo.java:updateAndGet(143)) - ae61afd5-043c-42ff-9e00-06be6bf8121c: start LeaderElection
2019-11-14 19:59:37,491 [ae61afd5-043c-42ff-9e00-06be6bf8121c@group-7854BEAF083A-LeaderElection160] INFO  impl.LeaderElection (LeaderElection.java:askForVotes(178)) - ae61afd5-043c-42ff-9e00-06be6bf8121c@group-7854BEAF083A-LeaderElection160: begin an election at term 8 for 0: [ae61afd5-043c-42ff-9e00-06be6bf8121c:192.168.157.219:41147, 1d99cfa1-5734-40f1-a806-2aa318147fff:192.168.157.219:42659, 0b9f718b-6f36-48a0-b3e8-8949249bd312:192.168.157.219:44307], old=null
2019-11-14 19:59:37,492 [ae61afd5-043c-42ff-9e00-06be6bf8121c@group-7854BEAF083A-LeaderElection160] INFO  impl.LeaderElection (LogUtils.java:infoOrTrace(149)) - ae61afd5-043c-42ff-9e00-06be6bf8121c@group-7854BEAF083A-LeaderElection160 got exception when requesting votes: {}
java.util.concurrent.ExecutionException: org.apache.ratis.thirdparty.io.grpc.StatusRuntimeException: UNAVAILABLE: io exception
	at java.util.concurrent.FutureTask.report(FutureTask.java:122)
	at java.util.concurrent.FutureTask.get(FutureTask.java:192)
	at org.apache.ratis.server.impl.LeaderElection.waitForResults(LeaderElection.java:259)
	at org.apache.ratis.server.impl.LeaderElection.askForVotes(LeaderElection.java:197)
	at org.apache.ratis.server.impl.LeaderElection.run(LeaderElection.java:133)
	at java.lang.Thread.run(Thread.java:748)
Caused by: org.apache.ratis.thirdparty.io.grpc.StatusRuntimeException: UNAVAILABLE: io exception
	at org.apache.ratis.thirdparty.io.grpc.stub.ClientCalls.toStatusRuntimeException(ClientCalls.java:233)
	at org.apache.ratis.thirdparty.io.grpc.stub.ClientCalls.getUnchecked(ClientCalls.java:214)
	at org.apache.ratis.thirdparty.io.grpc.stub.ClientCalls.blockingUnaryCall(ClientCalls.java:139)
	at org.apache.ratis.proto.grpc.RaftServerProtocolServiceGrpc$RaftServerProtocolServiceBlockingStub.requestVote(RaftServerProtocolServiceGrpc.java:265)
	at org.apache.ratis.grpc.server.GrpcServerProtocolClient.requestVote(GrpcServerProtocolClient.java:99)
	at org.apache.ratis.grpc.server.GrpcService.requestVote(GrpcService.java:204)
	at org.apache.ratis.server.impl.LeaderElection.lambda$submitRequests$1(LeaderElection.java:234)
	at java.util.concurrent.FutureTask.run(FutureTask.java:266)
	at java.util.concurrent.Executors$RunnableAdapter.call(Executors.java:511)
	at java.util.concurrent.FutureTask.run(FutureTask.java:266)
	at java.util.concurrent.ThreadPoolExecutor.runWorker(ThreadPoolExecutor.java:1149)
	at java.util.concurrent.ThreadPoolExecutor$Worker.run(ThreadPoolExecutor.java:624)
	... 1 more
Caused by: org.apache.ratis.thirdparty.io.netty.channel.AbstractChannel$AnnotatedConnectException: Connection refused: /192.168.157.219:42659
	at sun.nio.ch.SocketChannelImpl.checkConnect(Native Method)
	at sun.nio.ch.SocketChannelImpl.finishConnect(SocketChannelImpl.java:717)
	at org.apache.ratis.thirdparty.io.netty.channel.socket.nio.NioSocketChannel.doFinishConnect(NioSocketChannel.java:327)
	at org.apache.ratis.thirdparty.io.netty.channel.nio.AbstractNioChannel$AbstractNioUnsafe.finishConnect(AbstractNioChannel.java:340)
	at org.apache.ratis.thirdparty.io.netty.channel.nio.NioEventLoop.processSelectedKey(NioEventLoop.java:632)
	at org.apache.ratis.thirdparty.io.netty.channel.nio.NioEventLoop.processSelectedKeysOptimized(NioEventLoop.java:579)
	at org.apache.ratis.thirdparty.io.netty.channel.nio.NioEventLoop.processSelectedKeys(NioEventLoop.java:496)
	at org.apache.ratis.thirdparty.io.netty.channel.nio.NioEventLoop.run(NioEventLoop.java:458)
	at org.apache.ratis.thirdparty.io.netty.util.concurrent.SingleThreadEventExecutor$5.run(SingleThreadEventExecutor.java:897)
	at org.apache.ratis.thirdparty.io.netty.util.concurrent.FastThreadLocalRunnable.run(FastThreadLocalRunnable.java:30)
	... 1 more
Caused by: java.net.ConnectException: Connection refused
	... 11 more
2019-11-14 19:59:37,496 [ae61afd5-043c-42ff-9e00-06be6bf8121c@group-7854BEAF083A-LeaderElection160] INFO  impl.LeaderElection (LogUtils.java:infoOrTrace(149)) - ae61afd5-043c-42ff-9e00-06be6bf8121c@group-7854BEAF083A-LeaderElection160 got exception when requesting votes: {}
java.util.concurrent.ExecutionException: org.apache.ratis.thirdparty.io.grpc.StatusRuntimeException: UNAVAILABLE: io exception
	at java.util.concurrent.FutureTask.report(FutureTask.java:122)
	at java.util.concurrent.FutureTask.get(FutureTask.java:192)
	at org.apache.ratis.server.impl.LeaderElection.waitForResults(LeaderElection.java:259)
	at org.apache.ratis.server.impl.LeaderElection.askForVotes(LeaderElection.java:197)
	at org.apache.ratis.server.impl.LeaderElection.run(LeaderElection.java:133)
	at java.lang.Thread.run(Thread.java:748)
Caused by: org.apache.ratis.thirdparty.io.grpc.StatusRuntimeException: UNAVAILABLE: io exception
	at org.apache.ratis.thirdparty.io.grpc.stub.ClientCalls.toStatusRuntimeException(ClientCalls.java:233)
	at org.apache.ratis.thirdparty.io.grpc.stub.ClientCalls.getUnchecked(ClientCalls.java:214)
	at org.apache.ratis.thirdparty.io.grpc.stub.ClientCalls.blockingUnaryCall(ClientCalls.java:139)
	at org.apache.ratis.proto.grpc.RaftServerProtocolServiceGrpc$RaftServerProtocolServiceBlockingStub.requestVote(RaftServerProtocolServiceGrpc.java:265)
	at org.apache.ratis.grpc.server.GrpcServerProtocolClient.requestVote(GrpcServerProtocolClient.java:99)
	at org.apache.ratis.grpc.server.GrpcService.requestVote(GrpcService.java:204)
	at org.apache.ratis.server.impl.LeaderElection.lambda$submitRequests$1(LeaderElection.java:234)
	at java.util.concurrent.FutureTask.run(FutureTask.java:266)
	at java.util.concurrent.Executors$RunnableAdapter.call(Executors.java:511)
	at java.util.concurrent.FutureTask.run(FutureTask.java:266)
	at java.util.concurrent.ThreadPoolExecutor.runWorker(ThreadPoolExecutor.java:1149)
	at java.util.concurrent.ThreadPoolExecutor$Worker.run(ThreadPoolExecutor.java:624)
	... 1 more
Caused by: org.apache.ratis.thirdparty.io.netty.channel.AbstractChannel$AnnotatedConnectException: Connection refused: /192.168.157.219:44307
	at sun.nio.ch.SocketChannelImpl.checkConnect(Native Method)
	at sun.nio.ch.SocketChannelImpl.finishConnect(SocketChannelImpl.java:717)
	at org.apache.ratis.thirdparty.io.netty.channel.socket.nio.NioSocketChannel.doFinishConnect(NioSocketChannel.java:327)
	at org.apache.ratis.thirdparty.io.netty.channel.nio.AbstractNioChannel$AbstractNioUnsafe.finishConnect(AbstractNioChannel.java:340)
	at org.apache.ratis.thirdparty.io.netty.channel.nio.NioEventLoop.processSelectedKey(NioEventLoop.java:632)
	at org.apache.ratis.thirdparty.io.netty.channel.nio.NioEventLoop.processSelectedKeysOptimized(NioEventLoop.java:579)
	at org.apache.ratis.thirdparty.io.netty.channel.nio.NioEventLoop.processSelectedKeys(NioEventLoop.java:496)
	at org.apache.ratis.thirdparty.io.netty.channel.nio.NioEventLoop.run(NioEventLoop.java:458)
	at org.apache.ratis.thirdparty.io.netty.util.concurrent.SingleThreadEventExecutor$5.run(SingleThreadEventExecutor.java:897)
	at org.apache.ratis.thirdparty.io.netty.util.concurrent.FastThreadLocalRunnable.run(FastThreadLocalRunnable.java:30)
	... 1 more
Caused by: java.net.ConnectException: Connection refused
	... 11 more
2019-11-14 19:59:37,497 [ae61afd5-043c-42ff-9e00-06be6bf8121c@group-7854BEAF083A-LeaderElection160] INFO  impl.LeaderElection (LeaderElection.java:logAndReturn(56)) - ae61afd5-043c-42ff-9e00-06be6bf8121c@group-7854BEAF083A-LeaderElection160: Election REJECTED; received 0 response(s) [] and 2 exception(s); ae61afd5-043c-42ff-9e00-06be6bf8121c@group-7854BEAF083A:t8, leader=null, voted=ae61afd5-043c-42ff-9e00-06be6bf8121c, raftlog=ae61afd5-043c-42ff-9e00-06be6bf8121c@group-7854BEAF083A-SegmentedRaftLog:OPENED:c0,f0,i0, conf=0: [ae61afd5-043c-42ff-9e00-06be6bf8121c:192.168.157.219:41147, 1d99cfa1-5734-40f1-a806-2aa318147fff:192.168.157.219:42659, 0b9f718b-6f36-48a0-b3e8-8949249bd312:192.168.157.219:44307], old=null
2019-11-14 19:59:37,497 [ae61afd5-043c-42ff-9e00-06be6bf8121c@group-7854BEAF083A-LeaderElection160] INFO  impl.LeaderElection (LogUtils.java:infoOrTrace(149)) -   Exception 0: {}
java.util.concurrent.ExecutionException: org.apache.ratis.thirdparty.io.grpc.StatusRuntimeException: UNAVAILABLE: io exception
	at java.util.concurrent.FutureTask.report(FutureTask.java:122)
	at java.util.concurrent.FutureTask.get(FutureTask.java:192)
	at org.apache.ratis.server.impl.LeaderElection.waitForResults(LeaderElection.java:259)
	at org.apache.ratis.server.impl.LeaderElection.askForVotes(LeaderElection.java:197)
	at org.apache.ratis.server.impl.LeaderElection.run(LeaderElection.java:133)
	at java.lang.Thread.run(Thread.java:748)
Caused by: org.apache.ratis.thirdparty.io.grpc.StatusRuntimeException: UNAVAILABLE: io exception
	at org.apache.ratis.thirdparty.io.grpc.stub.ClientCalls.toStatusRuntimeException(ClientCalls.java:233)
	at org.apache.ratis.thirdparty.io.grpc.stub.ClientCalls.getUnchecked(ClientCalls.java:214)
	at org.apache.ratis.thirdparty.io.grpc.stub.ClientCalls.blockingUnaryCall(ClientCalls.java:139)
	at org.apache.ratis.proto.grpc.RaftServerProtocolServiceGrpc$RaftServerProtocolServiceBlockingStub.requestVote(RaftServerProtocolServiceGrpc.java:265)
	at org.apache.ratis.grpc.server.GrpcServerProtocolClient.requestVote(GrpcServerProtocolClient.java:99)
	at org.apache.ratis.grpc.server.GrpcService.requestVote(GrpcService.java:204)
	at org.apache.ratis.server.impl.LeaderElection.lambda$submitRequests$1(LeaderElection.java:234)
	at java.util.concurrent.FutureTask.run(FutureTask.java:266)
	at java.util.concurrent.Executors$RunnableAdapter.call(Executors.java:511)
	at java.util.concurrent.FutureTask.run(FutureTask.java:266)
	at java.util.concurrent.ThreadPoolExecutor.runWorker(ThreadPoolExecutor.java:1149)
	at java.util.concurrent.ThreadPoolExecutor$Worker.run(ThreadPoolExecutor.java:624)
	... 1 more
Caused by: org.apache.ratis.thirdparty.io.netty.channel.AbstractChannel$AnnotatedConnectException: Connection refused: /192.168.157.219:42659
	at sun.nio.ch.SocketChannelImpl.checkConnect(Native Method)
	at sun.nio.ch.SocketChannelImpl.finishConnect(SocketChannelImpl.java:717)
	at org.apache.ratis.thirdparty.io.netty.channel.socket.nio.NioSocketChannel.doFinishConnect(NioSocketChannel.java:327)
	at org.apache.ratis.thirdparty.io.netty.channel.nio.AbstractNioChannel$AbstractNioUnsafe.finishConnect(AbstractNioChannel.java:340)
	at org.apache.ratis.thirdparty.io.netty.channel.nio.NioEventLoop.processSelectedKey(NioEventLoop.java:632)
	at org.apache.ratis.thirdparty.io.netty.channel.nio.NioEventLoop.processSelectedKeysOptimized(NioEventLoop.java:579)
	at org.apache.ratis.thirdparty.io.netty.channel.nio.NioEventLoop.processSelectedKeys(NioEventLoop.java:496)
	at org.apache.ratis.thirdparty.io.netty.channel.nio.NioEventLoop.run(NioEventLoop.java:458)
	at org.apache.ratis.thirdparty.io.netty.util.concurrent.SingleThreadEventExecutor$5.run(SingleThreadEventExecutor.java:897)
	at org.apache.ratis.thirdparty.io.netty.util.concurrent.FastThreadLocalRunnable.run(FastThreadLocalRunnable.java:30)
	... 1 more
Caused by: java.net.ConnectException: Connection refused
	... 11 more
2019-11-14 19:59:37,498 [ae61afd5-043c-42ff-9e00-06be6bf8121c@group-7854BEAF083A-LeaderElection160] INFO  impl.LeaderElection (LogUtils.java:infoOrTrace(149)) -   Exception 1: {}
java.util.concurrent.ExecutionException: org.apache.ratis.thirdparty.io.grpc.StatusRuntimeException: UNAVAILABLE: io exception
	at java.util.concurrent.FutureTask.report(FutureTask.java:122)
	at java.util.concurrent.FutureTask.get(FutureTask.java:192)
	at org.apache.ratis.server.impl.LeaderElection.waitForResults(LeaderElection.java:259)
	at org.apache.ratis.server.impl.LeaderElection.askForVotes(LeaderElection.java:197)
	at org.apache.ratis.server.impl.LeaderElection.run(LeaderElection.java:133)
	at java.lang.Thread.run(Thread.java:748)
Caused by: org.apache.ratis.thirdparty.io.grpc.StatusRuntimeException: UNAVAILABLE: io exception
	at org.apache.ratis.thirdparty.io.grpc.stub.ClientCalls.toStatusRuntimeException(ClientCalls.java:233)
	at org.apache.ratis.thirdparty.io.grpc.stub.ClientCalls.getUnchecked(ClientCalls.java:214)
	at org.apache.ratis.thirdparty.io.grpc.stub.ClientCalls.blockingUnaryCall(ClientCalls.java:139)
	at org.apache.ratis.proto.grpc.RaftServerProtocolServiceGrpc$RaftServerProtocolServiceBlockingStub.requestVote(RaftServerProtocolServiceGrpc.java:265)
	at org.apache.ratis.grpc.server.GrpcServerProtocolClient.requestVote(GrpcServerProtocolClient.java:99)
	at org.apache.ratis.grpc.server.GrpcService.requestVote(GrpcService.java:204)
	at org.apache.ratis.server.impl.LeaderElection.lambda$submitRequests$1(LeaderElection.java:234)
	at java.util.concurrent.FutureTask.run(FutureTask.java:266)
	at java.util.concurrent.Executors$RunnableAdapter.call(Executors.java:511)
	at java.util.concurrent.FutureTask.run(FutureTask.java:266)
	at java.util.concurrent.ThreadPoolExecutor.runWorker(ThreadPoolExecutor.java:1149)
	at java.util.concurrent.ThreadPoolExecutor$Worker.run(ThreadPoolExecutor.java:624)
	... 1 more
Caused by: org.apache.ratis.thirdparty.io.netty.channel.AbstractChannel$AnnotatedConnectException: Connection refused: /192.168.157.219:44307
	at sun.nio.ch.SocketChannelImpl.checkConnect(Native Method)
	at sun.nio.ch.SocketChannelImpl.finishConnect(SocketChannelImpl.java:717)
	at org.apache.ratis.thirdparty.io.netty.channel.socket.nio.NioSocketChannel.doFinishConnect(NioSocketChannel.java:327)
	at org.apache.ratis.thirdparty.io.netty.channel.nio.AbstractNioChannel$AbstractNioUnsafe.finishConnect(AbstractNioChannel.java:340)
	at org.apache.ratis.thirdparty.io.netty.channel.nio.NioEventLoop.processSelectedKey(NioEventLoop.java:632)
	at org.apache.ratis.thirdparty.io.netty.channel.nio.NioEventLoop.processSelectedKeysOptimized(NioEventLoop.java:579)
	at org.apache.ratis.thirdparty.io.netty.channel.nio.NioEventLoop.processSelectedKeys(NioEventLoop.java:496)
	at org.apache.ratis.thirdparty.io.netty.channel.nio.NioEventLoop.run(NioEventLoop.java:458)
	at org.apache.ratis.thirdparty.io.netty.util.concurrent.SingleThreadEventExecutor$5.run(SingleThreadEventExecutor.java:897)
	at org.apache.ratis.thirdparty.io.netty.util.concurrent.FastThreadLocalRunnable.run(FastThreadLocalRunnable.java:30)
	... 1 more
Caused by: java.net.ConnectException: Connection refused
	... 11 more
2019-11-14 19:59:37,498 [ae61afd5-043c-42ff-9e00-06be6bf8121c@group-7854BEAF083A-LeaderElection160] INFO  impl.RaftServerImpl (RaftServerImpl.java:setRole(173)) - ae61afd5-043c-42ff-9e00-06be6bf8121c@group-7854BEAF083A: changes role from CANDIDATE to FOLLOWER at term 8 for DISCOVERED_A_NEW_TERM
2019-11-14 19:59:37,498 [ae61afd5-043c-42ff-9e00-06be6bf8121c@group-7854BEAF083A-LeaderElection160] INFO  impl.RoleInfo (RoleInfo.java:shutdownLeaderElection(134)) - ae61afd5-043c-42ff-9e00-06be6bf8121c: shutdown LeaderElection
2019-11-14 19:59:37,498 [ae61afd5-043c-42ff-9e00-06be6bf8121c@group-7854BEAF083A-LeaderElection160] INFO  impl.RoleInfo (RoleInfo.java:updateAndGet(143)) - ae61afd5-043c-42ff-9e00-06be6bf8121c: start FollowerState
2019-11-14 19:59:37,858 [grpc-default-executor-5] WARN  server.GrpcLogAppender (LogUtils.java:warn(134)) - 37fea5d6-1a60-4b82-9570-57888d4e9f46@group-5C9C84E47F8E->f857cfdd-345c-4de8-889d-b8fdff158faf-AppendLogResponseHandler: Failed appendEntries: org.apache.ratis.thirdparty.io.grpc.StatusRuntimeException: UNAVAILABLE: io exception
2019-11-14 19:59:37,859 [grpc-default-executor-5] INFO  impl.FollowerInfo (FollowerInfo.java:lambda$new$0(51)) - 37fea5d6-1a60-4b82-9570-57888d4e9f46@group-5C9C84E47F8E->f857cfdd-345c-4de8-889d-b8fdff158faf: nextIndex: updateUnconditionally 0 -> 0
2019-11-14 19:59:37,862 [grpc-default-executor-9] WARN  server.GrpcLogAppender (LogUtils.java:warn(134)) - 60fc2306-005b-4da9-bff6-f0a04ff2f155@group-53319FA87FBA->909799b4-01f9-4409-9e01-df516dc8a9f9-AppendLogResponseHandler: Failed appendEntries: org.apache.ratis.thirdparty.io.grpc.StatusRuntimeException: UNAVAILABLE: io exception
2019-11-14 19:59:37,862 [grpc-default-executor-9] INFO  impl.FollowerInfo (FollowerInfo.java:lambda$new$0(51)) - 60fc2306-005b-4da9-bff6-f0a04ff2f155@group-53319FA87FBA->909799b4-01f9-4409-9e01-df516dc8a9f9: nextIndex: updateUnconditionally 0 -> 0
2019-11-14 19:59:37,873 [grpc-default-executor-7] WARN  server.GrpcLogAppender (LogUtils.java:warn(134)) - 37fea5d6-1a60-4b82-9570-57888d4e9f46@group-5C9C84E47F8E->9e8f1412-9bf1-4810-b3e9-2cd8ebd4b71b-AppendLogResponseHandler: Failed appendEntries: org.apache.ratis.thirdparty.io.grpc.StatusRuntimeException: UNAVAILABLE: io exception
2019-11-14 19:59:37,873 [grpc-default-executor-7] INFO  impl.FollowerInfo (FollowerInfo.java:lambda$new$0(51)) - 37fea5d6-1a60-4b82-9570-57888d4e9f46@group-5C9C84E47F8E->9e8f1412-9bf1-4810-b3e9-2cd8ebd4b71b: nextIndex: updateUnconditionally 0 -> 0
2019-11-14 19:59:38,361 [grpc-default-executor-7] WARN  server.GrpcLogAppender (LogUtils.java:warn(134)) - 37fea5d6-1a60-4b82-9570-57888d4e9f46@group-5C9C84E47F8E->f857cfdd-345c-4de8-889d-b8fdff158faf-AppendLogResponseHandler: Failed appendEntries: org.apache.ratis.thirdparty.io.grpc.StatusRuntimeException: UNAVAILABLE: io exception
2019-11-14 19:59:38,362 [grpc-default-executor-6] WARN  server.GrpcLogAppender (LogUtils.java:warn(134)) - 60fc2306-005b-4da9-bff6-f0a04ff2f155@group-53319FA87FBA->909799b4-01f9-4409-9e01-df516dc8a9f9-AppendLogResponseHandler: Failed appendEntries: org.apache.ratis.thirdparty.io.grpc.StatusRuntimeException: UNAVAILABLE: io exception
2019-11-14 19:59:38,362 [grpc-default-executor-7] INFO  impl.FollowerInfo (FollowerInfo.java:lambda$new$0(51)) - 37fea5d6-1a60-4b82-9570-57888d4e9f46@group-5C9C84E47F8E->f857cfdd-345c-4de8-889d-b8fdff158faf: nextIndex: updateUnconditionally 0 -> 0
2019-11-14 19:59:38,362 [grpc-default-executor-6] INFO  impl.FollowerInfo (FollowerInfo.java:lambda$new$0(51)) - 60fc2306-005b-4da9-bff6-f0a04ff2f155@group-53319FA87FBA->909799b4-01f9-4409-9e01-df516dc8a9f9: nextIndex: updateUnconditionally 0 -> 0
2019-11-14 19:59:38,373 [grpc-default-executor-6] WARN  server.GrpcLogAppender (LogUtils.java:warn(134)) - 37fea5d6-1a60-4b82-9570-57888d4e9f46@group-5C9C84E47F8E->9e8f1412-9bf1-4810-b3e9-2cd8ebd4b71b-AppendLogResponseHandler: Failed appendEntries: org.apache.ratis.thirdparty.io.grpc.StatusRuntimeException: UNAVAILABLE: io exception
2019-11-14 19:59:38,374 [grpc-default-executor-6] INFO  impl.FollowerInfo (FollowerInfo.java:lambda$new$0(51)) - 37fea5d6-1a60-4b82-9570-57888d4e9f46@group-5C9C84E47F8E->9e8f1412-9bf1-4810-b3e9-2cd8ebd4b71b: nextIndex: updateUnconditionally 0 -> 0
2019-11-14 19:59:38,642 [Thread-3920] INFO  impl.FollowerState (FollowerState.java:run(111)) - ae61afd5-043c-42ff-9e00-06be6bf8121c@group-7854BEAF083A-FollowerState: change to CANDIDATE, lastRpcTime:1143ms, electionTimeout:1143ms
2019-11-14 19:59:38,642 [Thread-3920] INFO  impl.RoleInfo (RoleInfo.java:shutdownFollowerState(121)) - ae61afd5-043c-42ff-9e00-06be6bf8121c: shutdown FollowerState
2019-11-14 19:59:38,642 [Thread-3920] INFO  impl.RaftServerImpl (RaftServerImpl.java:setRole(173)) - ae61afd5-043c-42ff-9e00-06be6bf8121c@group-7854BEAF083A: changes role from  FOLLOWER to CANDIDATE at term 8 for changeToCandidate
2019-11-14 19:59:38,642 [Thread-3920] INFO  impl.RoleInfo (RoleInfo.java:updateAndGet(143)) - ae61afd5-043c-42ff-9e00-06be6bf8121c: start LeaderElection
2019-11-14 19:59:38,667 [ae61afd5-043c-42ff-9e00-06be6bf8121c@group-7854BEAF083A-LeaderElection161] INFO  impl.LeaderElection (LeaderElection.java:askForVotes(178)) - ae61afd5-043c-42ff-9e00-06be6bf8121c@group-7854BEAF083A-LeaderElection161: begin an election at term 9 for 0: [ae61afd5-043c-42ff-9e00-06be6bf8121c:192.168.157.219:41147, 1d99cfa1-5734-40f1-a806-2aa318147fff:192.168.157.219:42659, 0b9f718b-6f36-48a0-b3e8-8949249bd312:192.168.157.219:44307], old=null
2019-11-14 19:59:38,668 [ae61afd5-043c-42ff-9e00-06be6bf8121c@group-7854BEAF083A-LeaderElection161] INFO  impl.LeaderElection (LogUtils.java:infoOrTrace(149)) - ae61afd5-043c-42ff-9e00-06be6bf8121c@group-7854BEAF083A-LeaderElection161 got exception when requesting votes: {}
java.util.concurrent.ExecutionException: org.apache.ratis.thirdparty.io.grpc.StatusRuntimeException: UNAVAILABLE: io exception
	at java.util.concurrent.FutureTask.report(FutureTask.java:122)
	at java.util.concurrent.FutureTask.get(FutureTask.java:192)
	at org.apache.ratis.server.impl.LeaderElection.waitForResults(LeaderElection.java:259)
	at org.apache.ratis.server.impl.LeaderElection.askForVotes(LeaderElection.java:197)
	at org.apache.ratis.server.impl.LeaderElection.run(LeaderElection.java:133)
	at java.lang.Thread.run(Thread.java:748)
Caused by: org.apache.ratis.thirdparty.io.grpc.StatusRuntimeException: UNAVAILABLE: io exception
	at org.apache.ratis.thirdparty.io.grpc.stub.ClientCalls.toStatusRuntimeException(ClientCalls.java:233)
	at org.apache.ratis.thirdparty.io.grpc.stub.ClientCalls.getUnchecked(ClientCalls.java:214)
	at org.apache.ratis.thirdparty.io.grpc.stub.ClientCalls.blockingUnaryCall(ClientCalls.java:139)
	at org.apache.ratis.proto.grpc.RaftServerProtocolServiceGrpc$RaftServerProtocolServiceBlockingStub.requestVote(RaftServerProtocolServiceGrpc.java:265)
	at org.apache.ratis.grpc.server.GrpcServerProtocolClient.requestVote(GrpcServerProtocolClient.java:99)
	at org.apache.ratis.grpc.server.GrpcService.requestVote(GrpcService.java:204)
	at org.apache.ratis.server.impl.LeaderElection.lambda$submitRequests$1(LeaderElection.java:234)
	at java.util.concurrent.FutureTask.run(FutureTask.java:266)
	at java.util.concurrent.Executors$RunnableAdapter.call(Executors.java:511)
	at java.util.concurrent.FutureTask.run(FutureTask.java:266)
	at java.util.concurrent.ThreadPoolExecutor.runWorker(ThreadPoolExecutor.java:1149)
	at java.util.concurrent.ThreadPoolExecutor$Worker.run(ThreadPoolExecutor.java:624)
	... 1 more
Caused by: org.apache.ratis.thirdparty.io.netty.channel.AbstractChannel$AnnotatedConnectException: Connection refused: /192.168.157.219:44307
	at sun.nio.ch.SocketChannelImpl.checkConnect(Native Method)
	at sun.nio.ch.SocketChannelImpl.finishConnect(SocketChannelImpl.java:717)
	at org.apache.ratis.thirdparty.io.netty.channel.socket.nio.NioSocketChannel.doFinishConnect(NioSocketChannel.java:327)
	at org.apache.ratis.thirdparty.io.netty.channel.nio.AbstractNioChannel$AbstractNioUnsafe.finishConnect(AbstractNioChannel.java:340)
	at org.apache.ratis.thirdparty.io.netty.channel.nio.NioEventLoop.processSelectedKey(NioEventLoop.java:632)
	at org.apache.ratis.thirdparty.io.netty.channel.nio.NioEventLoop.processSelectedKeysOptimized(NioEventLoop.java:579)
	at org.apache.ratis.thirdparty.io.netty.channel.nio.NioEventLoop.processSelectedKeys(NioEventLoop.java:496)
	at org.apache.ratis.thirdparty.io.netty.channel.nio.NioEventLoop.run(NioEventLoop.java:458)
	at org.apache.ratis.thirdparty.io.netty.util.concurrent.SingleThreadEventExecutor$5.run(SingleThreadEventExecutor.java:897)
	at org.apache.ratis.thirdparty.io.netty.util.concurrent.FastThreadLocalRunnable.run(FastThreadLocalRunnable.java:30)
	... 1 more
Caused by: java.net.ConnectException: Connection refused
	... 11 more
2019-11-14 19:59:38,672 [ae61afd5-043c-42ff-9e00-06be6bf8121c@group-7854BEAF083A-LeaderElection161] INFO  impl.LeaderElection (LogUtils.java:infoOrTrace(149)) - ae61afd5-043c-42ff-9e00-06be6bf8121c@group-7854BEAF083A-LeaderElection161 got exception when requesting votes: {}
java.util.concurrent.ExecutionException: org.apache.ratis.thirdparty.io.grpc.StatusRuntimeException: UNAVAILABLE: io exception
	at java.util.concurrent.FutureTask.report(FutureTask.java:122)
	at java.util.concurrent.FutureTask.get(FutureTask.java:192)
	at org.apache.ratis.server.impl.LeaderElection.waitForResults(LeaderElection.java:259)
	at org.apache.ratis.server.impl.LeaderElection.askForVotes(LeaderElection.java:197)
	at org.apache.ratis.server.impl.LeaderElection.run(LeaderElection.java:133)
	at java.lang.Thread.run(Thread.java:748)
Caused by: org.apache.ratis.thirdparty.io.grpc.StatusRuntimeException: UNAVAILABLE: io exception
	at org.apache.ratis.thirdparty.io.grpc.stub.ClientCalls.toStatusRuntimeException(ClientCalls.java:233)
	at org.apache.ratis.thirdparty.io.grpc.stub.ClientCalls.getUnchecked(ClientCalls.java:214)
	at org.apache.ratis.thirdparty.io.grpc.stub.ClientCalls.blockingUnaryCall(ClientCalls.java:139)
	at org.apache.ratis.proto.grpc.RaftServerProtocolServiceGrpc$RaftServerProtocolServiceBlockingStub.requestVote(RaftServerProtocolServiceGrpc.java:265)
	at org.apache.ratis.grpc.server.GrpcServerProtocolClient.requestVote(GrpcServerProtocolClient.java:99)
	at org.apache.ratis.grpc.server.GrpcService.requestVote(GrpcService.java:204)
	at org.apache.ratis.server.impl.LeaderElection.lambda$submitRequests$1(LeaderElection.java:234)
	at java.util.concurrent.FutureTask.run(FutureTask.java:266)
	at java.util.concurrent.Executors$RunnableAdapter.call(Executors.java:511)
	at java.util.concurrent.FutureTask.run(FutureTask.java:266)
	at java.util.concurrent.ThreadPoolExecutor.runWorker(ThreadPoolExecutor.java:1149)
	at java.util.concurrent.ThreadPoolExecutor$Worker.run(ThreadPoolExecutor.java:624)
	... 1 more
Caused by: org.apache.ratis.thirdparty.io.netty.channel.AbstractChannel$AnnotatedConnectException: Connection refused: /192.168.157.219:42659
	at sun.nio.ch.SocketChannelImpl.checkConnect(Native Method)
	at sun.nio.ch.SocketChannelImpl.finishConnect(SocketChannelImpl.java:717)
	at org.apache.ratis.thirdparty.io.netty.channel.socket.nio.NioSocketChannel.doFinishConnect(NioSocketChannel.java:327)
	at org.apache.ratis.thirdparty.io.netty.channel.nio.AbstractNioChannel$AbstractNioUnsafe.finishConnect(AbstractNioChannel.java:340)
	at org.apache.ratis.thirdparty.io.netty.channel.nio.NioEventLoop.processSelectedKey(NioEventLoop.java:632)
	at org.apache.ratis.thirdparty.io.netty.channel.nio.NioEventLoop.processSelectedKeysOptimized(NioEventLoop.java:579)
	at org.apache.ratis.thirdparty.io.netty.channel.nio.NioEventLoop.processSelectedKeys(NioEventLoop.java:496)
	at org.apache.ratis.thirdparty.io.netty.channel.nio.NioEventLoop.run(NioEventLoop.java:458)
	at org.apache.ratis.thirdparty.io.netty.util.concurrent.SingleThreadEventExecutor$5.run(SingleThreadEventExecutor.java:897)
	at org.apache.ratis.thirdparty.io.netty.util.concurrent.FastThreadLocalRunnable.run(FastThreadLocalRunnable.java:30)
	... 1 more
Caused by: java.net.ConnectException: Connection refused
	... 11 more
2019-11-14 19:59:38,673 [ae61afd5-043c-42ff-9e00-06be6bf8121c@group-7854BEAF083A-LeaderElection161] INFO  impl.LeaderElection (LeaderElection.java:logAndReturn(56)) - ae61afd5-043c-42ff-9e00-06be6bf8121c@group-7854BEAF083A-LeaderElection161: Election REJECTED; received 0 response(s) [] and 2 exception(s); ae61afd5-043c-42ff-9e00-06be6bf8121c@group-7854BEAF083A:t9, leader=null, voted=ae61afd5-043c-42ff-9e00-06be6bf8121c, raftlog=ae61afd5-043c-42ff-9e00-06be6bf8121c@group-7854BEAF083A-SegmentedRaftLog:OPENED:c0,f0,i0, conf=0: [ae61afd5-043c-42ff-9e00-06be6bf8121c:192.168.157.219:41147, 1d99cfa1-5734-40f1-a806-2aa318147fff:192.168.157.219:42659, 0b9f718b-6f36-48a0-b3e8-8949249bd312:192.168.157.219:44307], old=null
2019-11-14 19:59:38,673 [ae61afd5-043c-42ff-9e00-06be6bf8121c@group-7854BEAF083A-LeaderElection161] INFO  impl.LeaderElection (LogUtils.java:infoOrTrace(149)) -   Exception 0: {}
java.util.concurrent.ExecutionException: org.apache.ratis.thirdparty.io.grpc.StatusRuntimeException: UNAVAILABLE: io exception
	at java.util.concurrent.FutureTask.report(FutureTask.java:122)
	at java.util.concurrent.FutureTask.get(FutureTask.java:192)
	at org.apache.ratis.server.impl.LeaderElection.waitForResults(LeaderElection.java:259)
	at org.apache.ratis.server.impl.LeaderElection.askForVotes(LeaderElection.java:197)
	at org.apache.ratis.server.impl.LeaderElection.run(LeaderElection.java:133)
	at java.lang.Thread.run(Thread.java:748)
Caused by: org.apache.ratis.thirdparty.io.grpc.StatusRuntimeException: UNAVAILABLE: io exception
	at org.apache.ratis.thirdparty.io.grpc.stub.ClientCalls.toStatusRuntimeException(ClientCalls.java:233)
	at org.apache.ratis.thirdparty.io.grpc.stub.ClientCalls.getUnchecked(ClientCalls.java:214)
	at org.apache.ratis.thirdparty.io.grpc.stub.ClientCalls.blockingUnaryCall(ClientCalls.java:139)
	at org.apache.ratis.proto.grpc.RaftServerProtocolServiceGrpc$RaftServerProtocolServiceBlockingStub.requestVote(RaftServerProtocolServiceGrpc.java:265)
	at org.apache.ratis.grpc.server.GrpcServerProtocolClient.requestVote(GrpcServerProtocolClient.java:99)
	at org.apache.ratis.grpc.server.GrpcService.requestVote(GrpcService.java:204)
	at org.apache.ratis.server.impl.LeaderElection.lambda$submitRequests$1(LeaderElection.java:234)
	at java.util.concurrent.FutureTask.run(FutureTask.java:266)
	at java.util.concurrent.Executors$RunnableAdapter.call(Executors.java:511)
	at java.util.concurrent.FutureTask.run(FutureTask.java:266)
	at java.util.concurrent.ThreadPoolExecutor.runWorker(ThreadPoolExecutor.java:1149)
	at java.util.concurrent.ThreadPoolExecutor$Worker.run(ThreadPoolExecutor.java:624)
	... 1 more
Caused by: org.apache.ratis.thirdparty.io.netty.channel.AbstractChannel$AnnotatedConnectException: Connection refused: /192.168.157.219:44307
	at sun.nio.ch.SocketChannelImpl.checkConnect(Native Method)
	at sun.nio.ch.SocketChannelImpl.finishConnect(SocketChannelImpl.java:717)
	at org.apache.ratis.thirdparty.io.netty.channel.socket.nio.NioSocketChannel.doFinishConnect(NioSocketChannel.java:327)
	at org.apache.ratis.thirdparty.io.netty.channel.nio.AbstractNioChannel$AbstractNioUnsafe.finishConnect(AbstractNioChannel.java:340)
	at org.apache.ratis.thirdparty.io.netty.channel.nio.NioEventLoop.processSelectedKey(NioEventLoop.java:632)
	at org.apache.ratis.thirdparty.io.netty.channel.nio.NioEventLoop.processSelectedKeysOptimized(NioEventLoop.java:579)
	at org.apache.ratis.thirdparty.io.netty.channel.nio.NioEventLoop.processSelectedKeys(NioEventLoop.java:496)
	at org.apache.ratis.thirdparty.io.netty.channel.nio.NioEventLoop.run(NioEventLoop.java:458)
	at org.apache.ratis.thirdparty.io.netty.util.concurrent.SingleThreadEventExecutor$5.run(SingleThreadEventExecutor.java:897)
	at org.apache.ratis.thirdparty.io.netty.util.concurrent.FastThreadLocalRunnable.run(FastThreadLocalRunnable.java:30)
	... 1 more
Caused by: java.net.ConnectException: Connection refused
	... 11 more
2019-11-14 19:59:38,673 [ae61afd5-043c-42ff-9e00-06be6bf8121c@group-7854BEAF083A-LeaderElection161] INFO  impl.LeaderElection (LogUtils.java:infoOrTrace(149)) -   Exception 1: {}
java.util.concurrent.ExecutionException: org.apache.ratis.thirdparty.io.grpc.StatusRuntimeException: UNAVAILABLE: io exception
	at java.util.concurrent.FutureTask.report(FutureTask.java:122)
	at java.util.concurrent.FutureTask.get(FutureTask.java:192)
	at org.apache.ratis.server.impl.LeaderElection.waitForResults(LeaderElection.java:259)
	at org.apache.ratis.server.impl.LeaderElection.askForVotes(LeaderElection.java:197)
	at org.apache.ratis.server.impl.LeaderElection.run(LeaderElection.java:133)
	at java.lang.Thread.run(Thread.java:748)
Caused by: org.apache.ratis.thirdparty.io.grpc.StatusRuntimeException: UNAVAILABLE: io exception
	at org.apache.ratis.thirdparty.io.grpc.stub.ClientCalls.toStatusRuntimeException(ClientCalls.java:233)
	at org.apache.ratis.thirdparty.io.grpc.stub.ClientCalls.getUnchecked(ClientCalls.java:214)
	at org.apache.ratis.thirdparty.io.grpc.stub.ClientCalls.blockingUnaryCall(ClientCalls.java:139)
	at org.apache.ratis.proto.grpc.RaftServerProtocolServiceGrpc$RaftServerProtocolServiceBlockingStub.requestVote(RaftServerProtocolServiceGrpc.java:265)
	at org.apache.ratis.grpc.server.GrpcServerProtocolClient.requestVote(GrpcServerProtocolClient.java:99)
	at org.apache.ratis.grpc.server.GrpcService.requestVote(GrpcService.java:204)
	at org.apache.ratis.server.impl.LeaderElection.lambda$submitRequests$1(LeaderElection.java:234)
	at java.util.concurrent.FutureTask.run(FutureTask.java:266)
	at java.util.concurrent.Executors$RunnableAdapter.call(Executors.java:511)
	at java.util.concurrent.FutureTask.run(FutureTask.java:266)
	at java.util.concurrent.ThreadPoolExecutor.runWorker(ThreadPoolExecutor.java:1149)
	at java.util.concurrent.ThreadPoolExecutor$Worker.run(ThreadPoolExecutor.java:624)
	... 1 more
Caused by: org.apache.ratis.thirdparty.io.netty.channel.AbstractChannel$AnnotatedConnectException: Connection refused: /192.168.157.219:42659
	at sun.nio.ch.SocketChannelImpl.checkConnect(Native Method)
	at sun.nio.ch.SocketChannelImpl.finishConnect(SocketChannelImpl.java:717)
	at org.apache.ratis.thirdparty.io.netty.channel.socket.nio.NioSocketChannel.doFinishConnect(NioSocketChannel.java:327)
	at org.apache.ratis.thirdparty.io.netty.channel.nio.AbstractNioChannel$AbstractNioUnsafe.finishConnect(AbstractNioChannel.java:340)
	at org.apache.ratis.thirdparty.io.netty.channel.nio.NioEventLoop.processSelectedKey(NioEventLoop.java:632)
	at org.apache.ratis.thirdparty.io.netty.channel.nio.NioEventLoop.processSelectedKeysOptimized(NioEventLoop.java:579)
	at org.apache.ratis.thirdparty.io.netty.channel.nio.NioEventLoop.processSelectedKeys(NioEventLoop.java:496)
	at org.apache.ratis.thirdparty.io.netty.channel.nio.NioEventLoop.run(NioEventLoop.java:458)
	at org.apache.ratis.thirdparty.io.netty.util.concurrent.SingleThreadEventExecutor$5.run(SingleThreadEventExecutor.java:897)
	at org.apache.ratis.thirdparty.io.netty.util.concurrent.FastThreadLocalRunnable.run(FastThreadLocalRunnable.java:30)
	... 1 more
Caused by: java.net.ConnectException: Connection refused
	... 11 more
2019-11-14 19:59:38,674 [ae61afd5-043c-42ff-9e00-06be6bf8121c@group-7854BEAF083A-LeaderElection161] INFO  impl.RaftServerImpl (RaftServerImpl.java:setRole(173)) - ae61afd5-043c-42ff-9e00-06be6bf8121c@group-7854BEAF083A: changes role from CANDIDATE to FOLLOWER at term 9 for DISCOVERED_A_NEW_TERM
2019-11-14 19:59:38,674 [ae61afd5-043c-42ff-9e00-06be6bf8121c@group-7854BEAF083A-LeaderElection161] INFO  impl.RoleInfo (RoleInfo.java:shutdownLeaderElection(134)) - ae61afd5-043c-42ff-9e00-06be6bf8121c: shutdown LeaderElection
2019-11-14 19:59:38,674 [ae61afd5-043c-42ff-9e00-06be6bf8121c@group-7854BEAF083A-LeaderElection161] INFO  impl.RoleInfo (RoleInfo.java:updateAndGet(143)) - ae61afd5-043c-42ff-9e00-06be6bf8121c: start FollowerState
2019-11-14 19:59:38,860 [grpc-default-executor-9] WARN  server.GrpcLogAppender (LogUtils.java:warn(134)) - 37fea5d6-1a60-4b82-9570-57888d4e9f46@group-5C9C84E47F8E->f857cfdd-345c-4de8-889d-b8fdff158faf-AppendLogResponseHandler: Failed appendEntries: org.apache.ratis.thirdparty.io.grpc.StatusRuntimeException: UNAVAILABLE: io exception
2019-11-14 19:59:38,860 [grpc-default-executor-9] INFO  impl.FollowerInfo (FollowerInfo.java:lambda$new$0(51)) - 37fea5d6-1a60-4b82-9570-57888d4e9f46@group-5C9C84E47F8E->f857cfdd-345c-4de8-889d-b8fdff158faf: nextIndex: updateUnconditionally 0 -> 0
2019-11-14 19:59:38,862 [grpc-default-executor-7] WARN  server.GrpcLogAppender (LogUtils.java:warn(134)) - 60fc2306-005b-4da9-bff6-f0a04ff2f155@group-53319FA87FBA->909799b4-01f9-4409-9e01-df516dc8a9f9-AppendLogResponseHandler: Failed appendEntries: org.apache.ratis.thirdparty.io.grpc.StatusRuntimeException: UNAVAILABLE: io exception
2019-11-14 19:59:38,863 [grpc-default-executor-7] INFO  impl.FollowerInfo (FollowerInfo.java:lambda$new$0(51)) - 60fc2306-005b-4da9-bff6-f0a04ff2f155@group-53319FA87FBA->909799b4-01f9-4409-9e01-df516dc8a9f9: nextIndex: updateUnconditionally 0 -> 0
2019-11-14 19:59:38,874 [grpc-default-executor-6] WARN  server.GrpcLogAppender (LogUtils.java:warn(134)) - 37fea5d6-1a60-4b82-9570-57888d4e9f46@group-5C9C84E47F8E->9e8f1412-9bf1-4810-b3e9-2cd8ebd4b71b-AppendLogResponseHandler: Failed appendEntries: org.apache.ratis.thirdparty.io.grpc.StatusRuntimeException: UNAVAILABLE: io exception
2019-11-14 19:59:38,874 [grpc-default-executor-6] INFO  impl.FollowerInfo (FollowerInfo.java:lambda$new$0(51)) - 37fea5d6-1a60-4b82-9570-57888d4e9f46@group-5C9C84E47F8E->9e8f1412-9bf1-4810-b3e9-2cd8ebd4b71b: nextIndex: updateUnconditionally 0 -> 0
2019-11-14 19:59:39,147 [ForkJoinPool.commonPool-worker-1] INFO  ozoneimpl.OzoneContainer (OzoneContainer.java:stop(244)) - Attempting to stop container services.
2019-11-14 19:59:39,148 [main] INFO  ozoneimpl.OzoneContainer (OzoneContainer.java:stop(244)) - Attempting to stop container services.
2019-11-14 19:59:39,148 [ForkJoinPool.commonPool-worker-1] INFO  impl.RaftServerProxy (RaftServerProxy.java:lambda$close$4(314)) - ae61afd5-043c-42ff-9e00-06be6bf8121c: close
2019-11-14 19:59:39,149 [main] INFO  impl.RaftServerProxy (RaftServerProxy.java:lambda$close$4(314)) - 60fc2306-005b-4da9-bff6-f0a04ff2f155: close
2019-11-14 19:59:39,149 [main] INFO  impl.RaftServerImpl (RaftServerImpl.java:lambda$shutdown$3(250)) - 60fc2306-005b-4da9-bff6-f0a04ff2f155@group-9F53A7862BC8: shutdown
2019-11-14 19:59:39,149 [ForkJoinPool.commonPool-worker-1] INFO  impl.RaftServerImpl (RaftServerImpl.java:lambda$shutdown$3(250)) - ae61afd5-043c-42ff-9e00-06be6bf8121c@group-7854BEAF083A: shutdown
2019-11-14 19:59:39,149 [main] INFO  util.JmxRegister (JmxRegister.java:unregister(73)) - Successfully un-registered JMX Bean with object name Ratis:service=RaftServer,group=group-9F53A7862BC8,id=60fc2306-005b-4da9-bff6-f0a04ff2f155
2019-11-14 19:59:39,150 [ForkJoinPool.commonPool-worker-1] INFO  util.JmxRegister (JmxRegister.java:unregister(73)) - Successfully un-registered JMX Bean with object name Ratis:service=RaftServer,group=group-7854BEAF083A,id=ae61afd5-043c-42ff-9e00-06be6bf8121c
2019-11-14 19:59:39,150 [main] INFO  impl.RoleInfo (RoleInfo.java:shutdownLeaderState(104)) - 60fc2306-005b-4da9-bff6-f0a04ff2f155: shutdown LeaderState
2019-11-14 19:59:39,150 [ForkJoinPool.commonPool-worker-1] INFO  impl.RoleInfo (RoleInfo.java:shutdownFollowerState(121)) - ae61afd5-043c-42ff-9e00-06be6bf8121c: shutdown FollowerState
2019-11-14 19:59:39,150 [main] INFO  impl.PendingRequests (PendingRequests.java:sendNotLeaderResponses(206)) - 60fc2306-005b-4da9-bff6-f0a04ff2f155@group-9F53A7862BC8-PendingRequests: sendNotLeaderResponses
2019-11-14 19:59:39,150 [ForkJoinPool.commonPool-worker-1] INFO  impl.StateMachineUpdater (StateMachineUpdater.java:stopAndJoin(136)) - ae61afd5-043c-42ff-9e00-06be6bf8121c@group-7854BEAF083A-StateMachineUpdater: set stopIndex = 0
2019-11-14 19:59:39,151 [main] INFO  impl.StateMachineUpdater (StateMachineUpdater.java:stopAndJoin(136)) - 60fc2306-005b-4da9-bff6-f0a04ff2f155@group-9F53A7862BC8-StateMachineUpdater: set stopIndex = 0
2019-11-14 19:59:39,151 [Thread-3926] INFO  impl.FollowerState (FollowerState.java:run(120)) - ae61afd5-043c-42ff-9e00-06be6bf8121c@group-7854BEAF083A-FollowerState was interrupted: java.lang.InterruptedException: sleep interrupted
2019-11-14 19:59:39,151 [ForkJoinPool.commonPool-worker-1] INFO  impl.RaftServerImpl (ServerState.java:close(387)) - ae61afd5-043c-42ff-9e00-06be6bf8121c@group-7854BEAF083A: closes. applyIndex: 0
2019-11-14 19:59:39,151 [main] INFO  impl.RaftServerImpl (ServerState.java:close(387)) - 60fc2306-005b-4da9-bff6-f0a04ff2f155@group-9F53A7862BC8: closes. applyIndex: 0
2019-11-14 19:59:39,152 [60fc2306-005b-4da9-bff6-f0a04ff2f155@group-9F53A7862BC8-SegmentedRaftLogWorker] INFO  segmented.SegmentedRaftLogWorker (SegmentedRaftLogWorker.java:run(316)) - 60fc2306-005b-4da9-bff6-f0a04ff2f155@group-9F53A7862BC8-SegmentedRaftLogWorker was interrupted, exiting. There are 0 tasks remaining in the queue.
2019-11-14 19:59:39,152 [ae61afd5-043c-42ff-9e00-06be6bf8121c@group-7854BEAF083A-SegmentedRaftLogWorker] INFO  segmented.SegmentedRaftLogWorker (SegmentedRaftLogWorker.java:run(316)) - ae61afd5-043c-42ff-9e00-06be6bf8121c@group-7854BEAF083A-SegmentedRaftLogWorker was interrupted, exiting. There are 0 tasks remaining in the queue.
2019-11-14 19:59:39,152 [main] INFO  segmented.SegmentedRaftLogWorker (SegmentedRaftLogWorker.java:close(224)) - 60fc2306-005b-4da9-bff6-f0a04ff2f155@group-9F53A7862BC8-SegmentedRaftLogWorker close()
2019-11-14 19:59:39,152 [ForkJoinPool.commonPool-worker-1] INFO  segmented.SegmentedRaftLogWorker (SegmentedRaftLogWorker.java:close(224)) - ae61afd5-043c-42ff-9e00-06be6bf8121c@group-7854BEAF083A-SegmentedRaftLogWorker close()
2019-11-14 19:59:39,154 [main] INFO  impl.RaftServerImpl (RaftServerImpl.java:lambda$shutdown$3(250)) - 60fc2306-005b-4da9-bff6-f0a04ff2f155@group-53319FA87FBA: shutdown
2019-11-14 19:59:39,155 [ForkJoinPool.commonPool-worker-1] INFO  impl.RaftServerImpl (RaftServerImpl.java:lambda$shutdown$3(250)) - ae61afd5-043c-42ff-9e00-06be6bf8121c@group-4BDEEAFB6202: shutdown
2019-11-14 19:59:39,155 [main] INFO  util.JmxRegister (JmxRegister.java:unregister(73)) - Successfully un-registered JMX Bean with object name Ratis:service=RaftServer,group=group-53319FA87FBA,id=60fc2306-005b-4da9-bff6-f0a04ff2f155
2019-11-14 19:59:39,156 [main] INFO  impl.RoleInfo (RoleInfo.java:shutdownLeaderState(104)) - 60fc2306-005b-4da9-bff6-f0a04ff2f155: shutdown LeaderState
2019-11-14 19:59:39,156 [ForkJoinPool.commonPool-worker-1] INFO  util.JmxRegister (JmxRegister.java:unregister(73)) - Successfully un-registered JMX Bean with object name Ratis:service=RaftServer,group=group-4BDEEAFB6202,id=ae61afd5-043c-42ff-9e00-06be6bf8121c
2019-11-14 19:59:39,158 [org.apache.ratis.server.impl.LogAppender$AppenderDaemon$$Lambda$430/86081870@1cda063] WARN  server.GrpcLogAppender (GrpcLogAppender.java:mayWait(151)) - 60fc2306-005b-4da9-bff6-f0a04ff2f155@group-53319FA87FBA->909799b4-01f9-4409-9e01-df516dc8a9f9-GrpcLogAppender: Wait interrupted by java.lang.InterruptedException
2019-11-14 19:59:39,158 [org.apache.ratis.server.impl.LogAppender$AppenderDaemon$$Lambda$430/86081870@44cf3e3e] WARN  server.GrpcLogAppender (GrpcLogAppender.java:mayWait(151)) - 60fc2306-005b-4da9-bff6-f0a04ff2f155@group-53319FA87FBA->e8061cfc-e634-4005-9186-8f9a3cdc71ed-GrpcLogAppender: Wait interrupted by java.lang.InterruptedException
2019-11-14 19:59:39,158 [main] INFO  impl.PendingRequests (PendingRequests.java:sendNotLeaderResponses(206)) - 60fc2306-005b-4da9-bff6-f0a04ff2f155@group-53319FA87FBA-PendingRequests: sendNotLeaderResponses
2019-11-14 19:59:39,158 [ForkJoinPool.commonPool-worker-1] INFO  impl.RoleInfo (RoleInfo.java:shutdownLeaderState(104)) - ae61afd5-043c-42ff-9e00-06be6bf8121c: shutdown LeaderState
2019-11-14 19:59:39,158 [main] INFO  impl.StateMachineUpdater (StateMachineUpdater.java:stopAndJoin(136)) - 60fc2306-005b-4da9-bff6-f0a04ff2f155@group-53319FA87FBA-StateMachineUpdater: set stopIndex = 0
2019-11-14 19:59:39,159 [main] INFO  impl.RaftServerImpl (ServerState.java:close(387)) - 60fc2306-005b-4da9-bff6-f0a04ff2f155@group-53319FA87FBA: closes. applyIndex: 0
2019-11-14 19:59:39,159 [grpc-default-executor-6] INFO  server.GrpcServerProtocolService (GrpcServerProtocolService.java:onCompleted(113)) - e8061cfc-e634-4005-9186-8f9a3cdc71ed: Completed APPEND_ENTRIES, lastRequest: 60fc2306-005b-4da9-bff6-f0a04ff2f155->e8061cfc-e634-4005-9186-8f9a3cdc71ed#39-t1, previous=(t:1, i:0), leaderCommit=0, initializing? false, entries: <empty>
2019-11-14 19:59:39,159 [ForkJoinPool.commonPool-worker-1] INFO  impl.PendingRequests (PendingRequests.java:sendNotLeaderResponses(206)) - ae61afd5-043c-42ff-9e00-06be6bf8121c@group-4BDEEAFB6202-PendingRequests: sendNotLeaderResponses
2019-11-14 19:59:39,159 [60fc2306-005b-4da9-bff6-f0a04ff2f155@group-53319FA87FBA-SegmentedRaftLogWorker] INFO  segmented.SegmentedRaftLogWorker (SegmentedRaftLogWorker.java:run(316)) - 60fc2306-005b-4da9-bff6-f0a04ff2f155@group-53319FA87FBA-SegmentedRaftLogWorker was interrupted, exiting. There are 0 tasks remaining in the queue.
2019-11-14 19:59:39,159 [ForkJoinPool.commonPool-worker-1] INFO  impl.StateMachineUpdater (StateMachineUpdater.java:stopAndJoin(136)) - ae61afd5-043c-42ff-9e00-06be6bf8121c@group-4BDEEAFB6202-StateMachineUpdater: set stopIndex = 0
2019-11-14 19:59:39,160 [main] INFO  segmented.SegmentedRaftLogWorker (SegmentedRaftLogWorker.java:close(224)) - 60fc2306-005b-4da9-bff6-f0a04ff2f155@group-53319FA87FBA-SegmentedRaftLogWorker close()
2019-11-14 19:59:39,160 [grpc-default-executor-6] INFO  server.GrpcLogAppender (GrpcLogAppender.java:onCompleted(308)) - 60fc2306-005b-4da9-bff6-f0a04ff2f155@group-53319FA87FBA->e8061cfc-e634-4005-9186-8f9a3cdc71ed-AppendLogResponseHandler: follower responses appendEntries COMPLETED
2019-11-14 19:59:39,160 [ForkJoinPool.commonPool-worker-1] INFO  impl.RaftServerImpl (ServerState.java:close(387)) - ae61afd5-043c-42ff-9e00-06be6bf8121c@group-4BDEEAFB6202: closes. applyIndex: 0
2019-11-14 19:59:39,161 [main] INFO  server.GrpcService (GrpcService.java:closeImpl(164)) - 60fc2306-005b-4da9-bff6-f0a04ff2f155: shutdown server with port 33304 now
2019-11-14 19:59:39,161 [ae61afd5-043c-42ff-9e00-06be6bf8121c@group-4BDEEAFB6202-SegmentedRaftLogWorker] INFO  segmented.SegmentedRaftLogWorker (SegmentedRaftLogWorker.java:run(316)) - ae61afd5-043c-42ff-9e00-06be6bf8121c@group-4BDEEAFB6202-SegmentedRaftLogWorker was interrupted, exiting. There are 0 tasks remaining in the queue.
2019-11-14 19:59:39,162 [grpc-default-executor-6] INFO  impl.FollowerInfo (FollowerInfo.java:lambda$new$0(51)) - 60fc2306-005b-4da9-bff6-f0a04ff2f155@group-53319FA87FBA->e8061cfc-e634-4005-9186-8f9a3cdc71ed: nextIndex: updateUnconditionally 1 -> 0
2019-11-14 19:59:39,162 [main] INFO  server.GrpcService (GrpcService.java:closeImpl(172)) - 60fc2306-005b-4da9-bff6-f0a04ff2f155: shutdown server with port 33304 successfully
2019-11-14 19:59:39,162 [ForkJoinPool.commonPool-worker-1] INFO  segmented.SegmentedRaftLogWorker (SegmentedRaftLogWorker.java:close(224)) - ae61afd5-043c-42ff-9e00-06be6bf8121c@group-4BDEEAFB6202-SegmentedRaftLogWorker close()
2019-11-14 19:59:39,163 [ForkJoinPool.commonPool-worker-1] INFO  server.GrpcService (GrpcService.java:closeImpl(164)) - ae61afd5-043c-42ff-9e00-06be6bf8121c: shutdown server with port 41147 now
2019-11-14 19:59:39,163 [ForkJoinPool.commonPool-worker-1] INFO  server.GrpcService (GrpcService.java:closeImpl(172)) - ae61afd5-043c-42ff-9e00-06be6bf8121c: shutdown server with port 41147 successfully
2019-11-14 19:59:39,164 [refreshUsed-/workdir/hadoop-ozone/integration-test/target/test-dir/MiniOzoneClusterImpl-df23ed15-4459-4301-a988-82089ad70e13/datanode-9/data/containers] WARN  fs.CachingGetSpaceUsed (CachingGetSpaceUsed.java:run(183)) - Thread Interrupted waiting to refresh disk information: sleep interrupted
2019-11-14 19:59:39,167 [refreshUsed-/workdir/hadoop-ozone/integration-test/target/test-dir/MiniOzoneClusterImpl-df23ed15-4459-4301-a988-82089ad70e13/datanode-0/data/containers] WARN  fs.CachingGetSpaceUsed (CachingGetSpaceUsed.java:run(183)) - Thread Interrupted waiting to refresh disk information: sleep interrupted
2019-11-14 19:59:39,189 [main] INFO  utils.BackgroundService (BackgroundService.java:shutdown(151)) - Shutting down service BlockDeletingService
2019-11-14 19:59:39,189 [ForkJoinPool.commonPool-worker-1] INFO  utils.BackgroundService (BackgroundService.java:shutdown(151)) - Shutting down service BlockDeletingService
2019-11-14 19:59:39,190 [main] INFO  statemachine.DatanodeStateMachine (DatanodeStateMachine.java:stopDaemon(400)) - Ozone container server stopped.
2019-11-14 19:59:39,190 [ForkJoinPool.commonPool-worker-1] INFO  statemachine.DatanodeStateMachine (DatanodeStateMachine.java:stopDaemon(400)) - Ozone container server stopped.
2019-11-14 19:59:39,193 [main] INFO  handler.ContextHandler (ContextHandler.java:doStop(910)) - Stopped o.e.j.w.WebAppContext@701c223a{/,null,UNAVAILABLE}{/hddsDatanode}
2019-11-14 19:59:39,193 [ForkJoinPool.commonPool-worker-1] INFO  handler.ContextHandler (ContextHandler.java:doStop(910)) - Stopped o.e.j.w.WebAppContext@615439f7{/,null,UNAVAILABLE}{/hddsDatanode}
2019-11-14 19:59:39,194 [main] INFO  server.AbstractConnector (AbstractConnector.java:doStop(318)) - Stopped ServerConnector@550c973e{HTTP/1.1,[http/1.1]}{0.0.0.0:0}
2019-11-14 19:59:39,194 [ForkJoinPool.commonPool-worker-1] INFO  server.AbstractConnector (AbstractConnector.java:doStop(318)) - Stopped ServerConnector@632cf7d3{HTTP/1.1,[http/1.1]}{0.0.0.0:0}
2019-11-14 19:59:39,195 [main] INFO  handler.ContextHandler (ContextHandler.java:doStop(910)) - Stopped o.e.j.s.ServletContextHandler@ac4915e{/static,jar:file:/home/user/.m2/repository/org/apache/hadoop/hadoop-hdds-container-service/0.5.0-SNAPSHOT/hadoop-hdds-container-service-0.5.0-SNAPSHOT.jar!/webapps/static,UNAVAILABLE}
2019-11-14 19:59:39,195 [ForkJoinPool.commonPool-worker-1] INFO  handler.ContextHandler (ContextHandler.java:doStop(910)) - Stopped o.e.j.s.ServletContextHandler@71166348{/static,jar:file:/home/user/.m2/repository/org/apache/hadoop/hadoop-hdds-container-service/0.5.0-SNAPSHOT/hadoop-hdds-container-service-0.5.0-SNAPSHOT.jar!/webapps/static,UNAVAILABLE}
2019-11-14 19:59:39,196 [main] INFO  handler.ContextHandler (ContextHandler.java:doStop(910)) - Stopped o.e.j.s.ServletContextHandler@19eea77c{/logs,file:///workdir/hadoop-ozone/integration-test/target/log,UNAVAILABLE}
2019-11-14 19:59:39,196 [ForkJoinPool.commonPool-worker-1] INFO  handler.ContextHandler (ContextHandler.java:doStop(910)) - Stopped o.e.j.s.ServletContextHandler@2f8c4fae{/logs,file:///workdir/hadoop-ozone/integration-test/target/log,UNAVAILABLE}
2019-11-14 19:59:39,361 [grpc-default-executor-9] WARN  server.GrpcLogAppender (LogUtils.java:warn(134)) - 37fea5d6-1a60-4b82-9570-57888d4e9f46@group-5C9C84E47F8E->f857cfdd-345c-4de8-889d-b8fdff158faf-AppendLogResponseHandler: Failed appendEntries: org.apache.ratis.thirdparty.io.grpc.StatusRuntimeException: UNAVAILABLE: io exception
2019-11-14 19:59:39,361 [grpc-default-executor-9] INFO  impl.FollowerInfo (FollowerInfo.java:lambda$new$0(51)) - 37fea5d6-1a60-4b82-9570-57888d4e9f46@group-5C9C84E47F8E->f857cfdd-345c-4de8-889d-b8fdff158faf: nextIndex: updateUnconditionally 0 -> 0
2019-11-14 19:59:39,374 [grpc-default-executor-7] WARN  server.GrpcLogAppender (LogUtils.java:warn(134)) - 37fea5d6-1a60-4b82-9570-57888d4e9f46@group-5C9C84E47F8E->9e8f1412-9bf1-4810-b3e9-2cd8ebd4b71b-AppendLogResponseHandler: Failed appendEntries: org.apache.ratis.thirdparty.io.grpc.StatusRuntimeException: UNAVAILABLE: io exception
2019-11-14 19:59:39,375 [grpc-default-executor-7] INFO  impl.FollowerInfo (FollowerInfo.java:lambda$new$0(51)) - 37fea5d6-1a60-4b82-9570-57888d4e9f46@group-5C9C84E47F8E->9e8f1412-9bf1-4810-b3e9-2cd8ebd4b71b: nextIndex: updateUnconditionally 0 -> 0
2019-11-14 19:59:39,733 [Datanode State Machine Thread - 0] INFO  statemachine.DatanodeStateMachine (DatanodeStateMachine.java:lambda$startDaemon$0(355)) - Ozone container server started.
2019-11-14 19:59:39,783 [Datanode State Machine Thread - 0] INFO  statemachine.DatanodeStateMachine (DatanodeStateMachine.java:lambda$startDaemon$0(355)) - Ozone container server started.
2019-11-14 19:59:39,861 [grpc-default-executor-7] WARN  server.GrpcLogAppender (LogUtils.java:warn(134)) - 37fea5d6-1a60-4b82-9570-57888d4e9f46@group-5C9C84E47F8E->f857cfdd-345c-4de8-889d-b8fdff158faf-AppendLogResponseHandler: Failed appendEntries: org.apache.ratis.thirdparty.io.grpc.StatusRuntimeException: UNAVAILABLE: io exception
2019-11-14 19:59:39,861 [grpc-default-executor-7] INFO  impl.FollowerInfo (FollowerInfo.java:lambda$new$0(51)) - 37fea5d6-1a60-4b82-9570-57888d4e9f46@group-5C9C84E47F8E->f857cfdd-345c-4de8-889d-b8fdff158faf: nextIndex: updateUnconditionally 0 -> 0
2019-11-14 19:59:39,874 [grpc-default-executor-6] WARN  server.GrpcLogAppender (LogUtils.java:warn(134)) - 37fea5d6-1a60-4b82-9570-57888d4e9f46@group-5C9C84E47F8E->9e8f1412-9bf1-4810-b3e9-2cd8ebd4b71b-AppendLogResponseHandler: Failed appendEntries: org.apache.ratis.thirdparty.io.grpc.StatusRuntimeException: UNAVAILABLE: io exception
2019-11-14 19:59:39,874 [grpc-default-executor-6] INFO  impl.FollowerInfo (FollowerInfo.java:lambda$new$0(51)) - 37fea5d6-1a60-4b82-9570-57888d4e9f46@group-5C9C84E47F8E->9e8f1412-9bf1-4810-b3e9-2cd8ebd4b71b: nextIndex: updateUnconditionally 0 -> 0
2019-11-14 19:59:40,362 [grpc-default-executor-6] WARN  server.GrpcLogAppender (LogUtils.java:warn(134)) - 37fea5d6-1a60-4b82-9570-57888d4e9f46@group-5C9C84E47F8E->f857cfdd-345c-4de8-889d-b8fdff158faf-AppendLogResponseHandler: Failed appendEntries: org.apache.ratis.thirdparty.io.grpc.StatusRuntimeException: UNAVAILABLE: io exception
2019-11-14 19:59:40,362 [grpc-default-executor-6] INFO  impl.FollowerInfo (FollowerInfo.java:lambda$new$0(51)) - 37fea5d6-1a60-4b82-9570-57888d4e9f46@group-5C9C84E47F8E->f857cfdd-345c-4de8-889d-b8fdff158faf: nextIndex: updateUnconditionally 0 -> 0
2019-11-14 19:59:40,374 [grpc-default-executor-6] WARN  server.GrpcLogAppender (LogUtils.java:warn(134)) - 37fea5d6-1a60-4b82-9570-57888d4e9f46@group-5C9C84E47F8E->9e8f1412-9bf1-4810-b3e9-2cd8ebd4b71b-AppendLogResponseHandler: Failed appendEntries: org.apache.ratis.thirdparty.io.grpc.StatusRuntimeException: UNAVAILABLE: io exception
2019-11-14 19:59:40,375 [grpc-default-executor-6] INFO  impl.FollowerInfo (FollowerInfo.java:lambda$new$0(51)) - 37fea5d6-1a60-4b82-9570-57888d4e9f46@group-5C9C84E47F8E->9e8f1412-9bf1-4810-b3e9-2cd8ebd4b71b: nextIndex: updateUnconditionally 0 -> 0
2019-11-14 19:59:40,459 [Thread-3725] INFO  impl.FollowerState (FollowerState.java:run(111)) - e8061cfc-e634-4005-9186-8f9a3cdc71ed@group-53319FA87FBA-FollowerState: change to CANDIDATE, lastRpcTime:1575ms, electionTimeout:1004ms
2019-11-14 19:59:40,459 [Thread-3725] INFO  impl.RoleInfo (RoleInfo.java:shutdownFollowerState(121)) - e8061cfc-e634-4005-9186-8f9a3cdc71ed: shutdown FollowerState
2019-11-14 19:59:40,459 [Thread-3725] INFO  impl.RaftServerImpl (RaftServerImpl.java:setRole(173)) - e8061cfc-e634-4005-9186-8f9a3cdc71ed@group-53319FA87FBA: changes role from  FOLLOWER to CANDIDATE at term 1 for changeToCandidate
2019-11-14 19:59:40,459 [Thread-3725] INFO  impl.RoleInfo (RoleInfo.java:updateAndGet(143)) - e8061cfc-e634-4005-9186-8f9a3cdc71ed: start LeaderElection
2019-11-14 19:59:40,460 [e8061cfc-e634-4005-9186-8f9a3cdc71ed@group-53319FA87FBA-LeaderElection162] INFO  impl.RaftServerImpl (ServerState.java:setLeader(255)) - e8061cfc-e634-4005-9186-8f9a3cdc71ed@group-53319FA87FBA: change Leader from 60fc2306-005b-4da9-bff6-f0a04ff2f155 to null at term 1 for initElection
2019-11-14 19:59:40,475 [e8061cfc-e634-4005-9186-8f9a3cdc71ed@group-53319FA87FBA-LeaderElection162] INFO  impl.LeaderElection (LeaderElection.java:askForVotes(178)) - e8061cfc-e634-4005-9186-8f9a3cdc71ed@group-53319FA87FBA-LeaderElection162: begin an election at term 2 for 0: [60fc2306-005b-4da9-bff6-f0a04ff2f155:192.168.157.219:33304, 909799b4-01f9-4409-9e01-df516dc8a9f9:192.168.157.219:34722, e8061cfc-e634-4005-9186-8f9a3cdc71ed:192.168.157.219:37108], old=null
2019-11-14 19:59:40,478 [e8061cfc-e634-4005-9186-8f9a3cdc71ed@group-53319FA87FBA-LeaderElection162] INFO  impl.LeaderElection (LogUtils.java:infoOrTrace(149)) - e8061cfc-e634-4005-9186-8f9a3cdc71ed@group-53319FA87FBA-LeaderElection162 got exception when requesting votes: {}
java.util.concurrent.ExecutionException: org.apache.ratis.thirdparty.io.grpc.StatusRuntimeException: UNAVAILABLE: io exception
	at java.util.concurrent.FutureTask.report(FutureTask.java:122)
	at java.util.concurrent.FutureTask.get(FutureTask.java:192)
	at org.apache.ratis.server.impl.LeaderElection.waitForResults(LeaderElection.java:259)
	at org.apache.ratis.server.impl.LeaderElection.askForVotes(LeaderElection.java:197)
	at org.apache.ratis.server.impl.LeaderElection.run(LeaderElection.java:133)
	at java.lang.Thread.run(Thread.java:748)
Caused by: org.apache.ratis.thirdparty.io.grpc.StatusRuntimeException: UNAVAILABLE: io exception
	at org.apache.ratis.thirdparty.io.grpc.stub.ClientCalls.toStatusRuntimeException(ClientCalls.java:233)
	at org.apache.ratis.thirdparty.io.grpc.stub.ClientCalls.getUnchecked(ClientCalls.java:214)
	at org.apache.ratis.thirdparty.io.grpc.stub.ClientCalls.blockingUnaryCall(ClientCalls.java:139)
	at org.apache.ratis.proto.grpc.RaftServerProtocolServiceGrpc$RaftServerProtocolServiceBlockingStub.requestVote(RaftServerProtocolServiceGrpc.java:265)
	at org.apache.ratis.grpc.server.GrpcServerProtocolClient.requestVote(GrpcServerProtocolClient.java:99)
	at org.apache.ratis.grpc.server.GrpcService.requestVote(GrpcService.java:204)
	at org.apache.ratis.server.impl.LeaderElection.lambda$submitRequests$1(LeaderElection.java:234)
	at java.util.concurrent.FutureTask.run(FutureTask.java:266)
	at java.util.concurrent.Executors$RunnableAdapter.call(Executors.java:511)
	at java.util.concurrent.FutureTask.run(FutureTask.java:266)
	at java.util.concurrent.ThreadPoolExecutor.runWorker(ThreadPoolExecutor.java:1149)
	at java.util.concurrent.ThreadPoolExecutor$Worker.run(ThreadPoolExecutor.java:624)
	... 1 more
Caused by: org.apache.ratis.thirdparty.io.netty.channel.AbstractChannel$AnnotatedConnectException: Connection refused: /192.168.157.219:33304
	at sun.nio.ch.SocketChannelImpl.checkConnect(Native Method)
	at sun.nio.ch.SocketChannelImpl.finishConnect(SocketChannelImpl.java:717)
	at org.apache.ratis.thirdparty.io.netty.channel.socket.nio.NioSocketChannel.doFinishConnect(NioSocketChannel.java:327)
	at org.apache.ratis.thirdparty.io.netty.channel.nio.AbstractNioChannel$AbstractNioUnsafe.finishConnect(AbstractNioChannel.java:340)
	at org.apache.ratis.thirdparty.io.netty.channel.nio.NioEventLoop.processSelectedKey(NioEventLoop.java:632)
	at org.apache.ratis.thirdparty.io.netty.channel.nio.NioEventLoop.processSelectedKeysOptimized(NioEventLoop.java:579)
	at org.apache.ratis.thirdparty.io.netty.channel.nio.NioEventLoop.processSelectedKeys(NioEventLoop.java:496)
	at org.apache.ratis.thirdparty.io.netty.channel.nio.NioEventLoop.run(NioEventLoop.java:458)
	at org.apache.ratis.thirdparty.io.netty.util.concurrent.SingleThreadEventExecutor$5.run(SingleThreadEventExecutor.java:897)
	at org.apache.ratis.thirdparty.io.netty.util.concurrent.FastThreadLocalRunnable.run(FastThreadLocalRunnable.java:30)
	... 1 more
Caused by: java.net.ConnectException: Connection refused
	... 11 more
2019-11-14 19:59:40,479 [e8061cfc-e634-4005-9186-8f9a3cdc71ed@group-53319FA87FBA-LeaderElection162] INFO  impl.LeaderElection (LogUtils.java:infoOrTrace(149)) - e8061cfc-e634-4005-9186-8f9a3cdc71ed@group-53319FA87FBA-LeaderElection162 got exception when requesting votes: {}
java.util.concurrent.ExecutionException: org.apache.ratis.thirdparty.io.grpc.StatusRuntimeException: UNAVAILABLE: io exception
	at java.util.concurrent.FutureTask.report(FutureTask.java:122)
	at java.util.concurrent.FutureTask.get(FutureTask.java:192)
	at org.apache.ratis.server.impl.LeaderElection.waitForResults(LeaderElection.java:259)
	at org.apache.ratis.server.impl.LeaderElection.askForVotes(LeaderElection.java:197)
	at org.apache.ratis.server.impl.LeaderElection.run(LeaderElection.java:133)
	at java.lang.Thread.run(Thread.java:748)
Caused by: org.apache.ratis.thirdparty.io.grpc.StatusRuntimeException: UNAVAILABLE: io exception
	at org.apache.ratis.thirdparty.io.grpc.stub.ClientCalls.toStatusRuntimeException(ClientCalls.java:233)
	at org.apache.ratis.thirdparty.io.grpc.stub.ClientCalls.getUnchecked(ClientCalls.java:214)
	at org.apache.ratis.thirdparty.io.grpc.stub.ClientCalls.blockingUnaryCall(ClientCalls.java:139)
	at org.apache.ratis.proto.grpc.RaftServerProtocolServiceGrpc$RaftServerProtocolServiceBlockingStub.requestVote(RaftServerProtocolServiceGrpc.java:265)
	at org.apache.ratis.grpc.server.GrpcServerProtocolClient.requestVote(GrpcServerProtocolClient.java:99)
	at org.apache.ratis.grpc.server.GrpcService.requestVote(GrpcService.java:204)
	at org.apache.ratis.server.impl.LeaderElection.lambda$submitRequests$1(LeaderElection.java:234)
	at java.util.concurrent.FutureTask.run(FutureTask.java:266)
	at java.util.concurrent.Executors$RunnableAdapter.call(Executors.java:511)
	at java.util.concurrent.FutureTask.run(FutureTask.java:266)
	at java.util.concurrent.ThreadPoolExecutor.runWorker(ThreadPoolExecutor.java:1149)
	at java.util.concurrent.ThreadPoolExecutor$Worker.run(ThreadPoolExecutor.java:624)
	... 1 more
Caused by: org.apache.ratis.thirdparty.io.netty.channel.AbstractChannel$AnnotatedConnectException: Connection refused: /192.168.157.219:34722
	at sun.nio.ch.SocketChannelImpl.checkConnect(Native Method)
	at sun.nio.ch.SocketChannelImpl.finishConnect(SocketChannelImpl.java:717)
	at org.apache.ratis.thirdparty.io.netty.channel.socket.nio.NioSocketChannel.doFinishConnect(NioSocketChannel.java:327)
	at org.apache.ratis.thirdparty.io.netty.channel.nio.AbstractNioChannel$AbstractNioUnsafe.finishConnect(AbstractNioChannel.java:340)
	at org.apache.ratis.thirdparty.io.netty.channel.nio.NioEventLoop.processSelectedKey(NioEventLoop.java:632)
	at org.apache.ratis.thirdparty.io.netty.channel.nio.NioEventLoop.processSelectedKeysOptimized(NioEventLoop.java:579)
	at org.apache.ratis.thirdparty.io.netty.channel.nio.NioEventLoop.processSelectedKeys(NioEventLoop.java:496)
	at org.apache.ratis.thirdparty.io.netty.channel.nio.NioEventLoop.run(NioEventLoop.java:458)
	at org.apache.ratis.thirdparty.io.netty.util.concurrent.SingleThreadEventExecutor$5.run(SingleThreadEventExecutor.java:897)
	at org.apache.ratis.thirdparty.io.netty.util.concurrent.FastThreadLocalRunnable.run(FastThreadLocalRunnable.java:30)
	... 1 more
Caused by: java.net.ConnectException: Connection refused
	... 11 more
2019-11-14 19:59:40,483 [e8061cfc-e634-4005-9186-8f9a3cdc71ed@group-53319FA87FBA-LeaderElection162] INFO  impl.LeaderElection (LeaderElection.java:logAndReturn(56)) - e8061cfc-e634-4005-9186-8f9a3cdc71ed@group-53319FA87FBA-LeaderElection162: Election REJECTED; received 0 response(s) [] and 2 exception(s); e8061cfc-e634-4005-9186-8f9a3cdc71ed@group-53319FA87FBA:t2, leader=null, voted=e8061cfc-e634-4005-9186-8f9a3cdc71ed, raftlog=e8061cfc-e634-4005-9186-8f9a3cdc71ed@group-53319FA87FBA-SegmentedRaftLog:OPENED:c0,f0,i0, conf=0: [60fc2306-005b-4da9-bff6-f0a04ff2f155:192.168.157.219:33304, 909799b4-01f9-4409-9e01-df516dc8a9f9:192.168.157.219:34722, e8061cfc-e634-4005-9186-8f9a3cdc71ed:192.168.157.219:37108], old=null
2019-11-14 19:59:40,483 [e8061cfc-e634-4005-9186-8f9a3cdc71ed@group-53319FA87FBA-LeaderElection162] INFO  impl.LeaderElection (LogUtils.java:infoOrTrace(149)) -   Exception 0: {}
java.util.concurrent.ExecutionException: org.apache.ratis.thirdparty.io.grpc.StatusRuntimeException: UNAVAILABLE: io exception
	at java.util.concurrent.FutureTask.report(FutureTask.java:122)
	at java.util.concurrent.FutureTask.get(FutureTask.java:192)
	at org.apache.ratis.server.impl.LeaderElection.waitForResults(LeaderElection.java:259)
	at org.apache.ratis.server.impl.LeaderElection.askForVotes(LeaderElection.java:197)
	at org.apache.ratis.server.impl.LeaderElection.run(LeaderElection.java:133)
	at java.lang.Thread.run(Thread.java:748)
Caused by: org.apache.ratis.thirdparty.io.grpc.StatusRuntimeException: UNAVAILABLE: io exception
	at org.apache.ratis.thirdparty.io.grpc.stub.ClientCalls.toStatusRuntimeException(ClientCalls.java:233)
	at org.apache.ratis.thirdparty.io.grpc.stub.ClientCalls.getUnchecked(ClientCalls.java:214)
	at org.apache.ratis.thirdparty.io.grpc.stub.ClientCalls.blockingUnaryCall(ClientCalls.java:139)
	at org.apache.ratis.proto.grpc.RaftServerProtocolServiceGrpc$RaftServerProtocolServiceBlockingStub.requestVote(RaftServerProtocolServiceGrpc.java:265)
	at org.apache.ratis.grpc.server.GrpcServerProtocolClient.requestVote(GrpcServerProtocolClient.java:99)
	at org.apache.ratis.grpc.server.GrpcService.requestVote(GrpcService.java:204)
	at org.apache.ratis.server.impl.LeaderElection.lambda$submitRequests$1(LeaderElection.java:234)
	at java.util.concurrent.FutureTask.run(FutureTask.java:266)
	at java.util.concurrent.Executors$RunnableAdapter.call(Executors.java:511)
	at java.util.concurrent.FutureTask.run(FutureTask.java:266)
	at java.util.concurrent.ThreadPoolExecutor.runWorker(ThreadPoolExecutor.java:1149)
	at java.util.concurrent.ThreadPoolExecutor$Worker.run(ThreadPoolExecutor.java:624)
	... 1 more
Caused by: org.apache.ratis.thirdparty.io.netty.channel.AbstractChannel$AnnotatedConnectException: Connection refused: /192.168.157.219:33304
	at sun.nio.ch.SocketChannelImpl.checkConnect(Native Method)
	at sun.nio.ch.SocketChannelImpl.finishConnect(SocketChannelImpl.java:717)
	at org.apache.ratis.thirdparty.io.netty.channel.socket.nio.NioSocketChannel.doFinishConnect(NioSocketChannel.java:327)
	at org.apache.ratis.thirdparty.io.netty.channel.nio.AbstractNioChannel$AbstractNioUnsafe.finishConnect(AbstractNioChannel.java:340)
	at org.apache.ratis.thirdparty.io.netty.channel.nio.NioEventLoop.processSelectedKey(NioEventLoop.java:632)
	at org.apache.ratis.thirdparty.io.netty.channel.nio.NioEventLoop.processSelectedKeysOptimized(NioEventLoop.java:579)
	at org.apache.ratis.thirdparty.io.netty.channel.nio.NioEventLoop.processSelectedKeys(NioEventLoop.java:496)
	at org.apache.ratis.thirdparty.io.netty.channel.nio.NioEventLoop.run(NioEventLoop.java:458)
	at org.apache.ratis.thirdparty.io.netty.util.concurrent.SingleThreadEventExecutor$5.run(SingleThreadEventExecutor.java:897)
	at org.apache.ratis.thirdparty.io.netty.util.concurrent.FastThreadLocalRunnable.run(FastThreadLocalRunnable.java:30)
	... 1 more
Caused by: java.net.ConnectException: Connection refused
	... 11 more
2019-11-14 19:59:40,483 [e8061cfc-e634-4005-9186-8f9a3cdc71ed@group-53319FA87FBA-LeaderElection162] INFO  impl.LeaderElection (LogUtils.java:infoOrTrace(149)) -   Exception 1: {}
java.util.concurrent.ExecutionException: org.apache.ratis.thirdparty.io.grpc.StatusRuntimeException: UNAVAILABLE: io exception
	at java.util.concurrent.FutureTask.report(FutureTask.java:122)
	at java.util.concurrent.FutureTask.get(FutureTask.java:192)
	at org.apache.ratis.server.impl.LeaderElection.waitForResults(LeaderElection.java:259)
	at org.apache.ratis.server.impl.LeaderElection.askForVotes(LeaderElection.java:197)
	at org.apache.ratis.server.impl.LeaderElection.run(LeaderElection.java:133)
	at java.lang.Thread.run(Thread.java:748)
Caused by: org.apache.ratis.thirdparty.io.grpc.StatusRuntimeException: UNAVAILABLE: io exception
	at org.apache.ratis.thirdparty.io.grpc.stub.ClientCalls.toStatusRuntimeException(ClientCalls.java:233)
	at org.apache.ratis.thirdparty.io.grpc.stub.ClientCalls.getUnchecked(ClientCalls.java:214)
	at org.apache.ratis.thirdparty.io.grpc.stub.ClientCalls.blockingUnaryCall(ClientCalls.java:139)
	at org.apache.ratis.proto.grpc.RaftServerProtocolServiceGrpc$RaftServerProtocolServiceBlockingStub.requestVote(RaftServerProtocolServiceGrpc.java:265)
	at org.apache.ratis.grpc.server.GrpcServerProtocolClient.requestVote(GrpcServerProtocolClient.java:99)
	at org.apache.ratis.grpc.server.GrpcService.requestVote(GrpcService.java:204)
	at org.apache.ratis.server.impl.LeaderElection.lambda$submitRequests$1(LeaderElection.java:234)
	at java.util.concurrent.FutureTask.run(FutureTask.java:266)
	at java.util.concurrent.Executors$RunnableAdapter.call(Executors.java:511)
	at java.util.concurrent.FutureTask.run(FutureTask.java:266)
	at java.util.concurrent.ThreadPoolExecutor.runWorker(ThreadPoolExecutor.java:1149)
	at java.util.concurrent.ThreadPoolExecutor$Worker.run(ThreadPoolExecutor.java:624)
	... 1 more
Caused by: org.apache.ratis.thirdparty.io.netty.channel.AbstractChannel$AnnotatedConnectException: Connection refused: /192.168.157.219:34722
	at sun.nio.ch.SocketChannelImpl.checkConnect(Native Method)
	at sun.nio.ch.SocketChannelImpl.finishConnect(SocketChannelImpl.java:717)
	at org.apache.ratis.thirdparty.io.netty.channel.socket.nio.NioSocketChannel.doFinishConnect(NioSocketChannel.java:327)
	at org.apache.ratis.thirdparty.io.netty.channel.nio.AbstractNioChannel$AbstractNioUnsafe.finishConnect(AbstractNioChannel.java:340)
	at org.apache.ratis.thirdparty.io.netty.channel.nio.NioEventLoop.processSelectedKey(NioEventLoop.java:632)
	at org.apache.ratis.thirdparty.io.netty.channel.nio.NioEventLoop.processSelectedKeysOptimized(NioEventLoop.java:579)
	at org.apache.ratis.thirdparty.io.netty.channel.nio.NioEventLoop.processSelectedKeys(NioEventLoop.java:496)
	at org.apache.ratis.thirdparty.io.netty.channel.nio.NioEventLoop.run(NioEventLoop.java:458)
	at org.apache.ratis.thirdparty.io.netty.util.concurrent.SingleThreadEventExecutor$5.run(SingleThreadEventExecutor.java:897)
	at org.apache.ratis.thirdparty.io.netty.util.concurrent.FastThreadLocalRunnable.run(FastThreadLocalRunnable.java:30)
	... 1 more
Caused by: java.net.ConnectException: Connection refused
	... 11 more
2019-11-14 19:59:40,484 [e8061cfc-e634-4005-9186-8f9a3cdc71ed@group-53319FA87FBA-LeaderElection162] INFO  impl.RaftServerImpl (RaftServerImpl.java:setRole(173)) - e8061cfc-e634-4005-9186-8f9a3cdc71ed@group-53319FA87FBA: changes role from CANDIDATE to FOLLOWER at term 2 for DISCOVERED_A_NEW_TERM
2019-11-14 19:59:40,484 [e8061cfc-e634-4005-9186-8f9a3cdc71ed@group-53319FA87FBA-LeaderElection162] INFO  impl.RoleInfo (RoleInfo.java:shutdownLeaderElection(134)) - e8061cfc-e634-4005-9186-8f9a3cdc71ed: shutdown LeaderElection
2019-11-14 19:59:40,484 [e8061cfc-e634-4005-9186-8f9a3cdc71ed@group-53319FA87FBA-LeaderElection162] INFO  impl.RoleInfo (RoleInfo.java:updateAndGet(143)) - e8061cfc-e634-4005-9186-8f9a3cdc71ed: start FollowerState
2019-11-14 19:59:40,863 [grpc-default-executor-7] WARN  server.GrpcLogAppender (LogUtils.java:warn(134)) - 37fea5d6-1a60-4b82-9570-57888d4e9f46@group-5C9C84E47F8E->f857cfdd-345c-4de8-889d-b8fdff158faf-AppendLogResponseHandler: Failed appendEntries: org.apache.ratis.thirdparty.io.grpc.StatusRuntimeException: UNAVAILABLE: io exception
2019-11-14 19:59:40,863 [grpc-default-executor-7] INFO  impl.FollowerInfo (FollowerInfo.java:lambda$new$0(51)) - 37fea5d6-1a60-4b82-9570-57888d4e9f46@group-5C9C84E47F8E->f857cfdd-345c-4de8-889d-b8fdff158faf: nextIndex: updateUnconditionally 0 -> 0
2019-11-14 19:59:40,875 [grpc-default-executor-9] WARN  server.GrpcLogAppender (LogUtils.java:warn(134)) - 37fea5d6-1a60-4b82-9570-57888d4e9f46@group-5C9C84E47F8E->9e8f1412-9bf1-4810-b3e9-2cd8ebd4b71b-AppendLogResponseHandler: Failed appendEntries: org.apache.ratis.thirdparty.io.grpc.StatusRuntimeException: UNAVAILABLE: io exception
2019-11-14 19:59:40,876 [grpc-default-executor-9] INFO  impl.FollowerInfo (FollowerInfo.java:lambda$new$0(51)) - 37fea5d6-1a60-4b82-9570-57888d4e9f46@group-5C9C84E47F8E->9e8f1412-9bf1-4810-b3e9-2cd8ebd4b71b: nextIndex: updateUnconditionally 0 -> 0
2019-11-14 19:59:41,363 [grpc-default-executor-6] WARN  server.GrpcLogAppender (LogUtils.java:warn(134)) - 37fea5d6-1a60-4b82-9570-57888d4e9f46@group-5C9C84E47F8E->f857cfdd-345c-4de8-889d-b8fdff158faf-AppendLogResponseHandler: Failed appendEntries: org.apache.ratis.thirdparty.io.grpc.StatusRuntimeException: UNAVAILABLE: io exception
2019-11-14 19:59:41,363 [grpc-default-executor-6] INFO  impl.FollowerInfo (FollowerInfo.java:lambda$new$0(51)) - 37fea5d6-1a60-4b82-9570-57888d4e9f46@group-5C9C84E47F8E->f857cfdd-345c-4de8-889d-b8fdff158faf: nextIndex: updateUnconditionally 0 -> 0
2019-11-14 19:59:41,375 [grpc-default-executor-6] WARN  server.GrpcLogAppender (LogUtils.java:warn(134)) - 37fea5d6-1a60-4b82-9570-57888d4e9f46@group-5C9C84E47F8E->9e8f1412-9bf1-4810-b3e9-2cd8ebd4b71b-AppendLogResponseHandler: Failed appendEntries: org.apache.ratis.thirdparty.io.grpc.StatusRuntimeException: UNAVAILABLE: io exception
2019-11-14 19:59:41,376 [grpc-default-executor-6] INFO  impl.FollowerInfo (FollowerInfo.java:lambda$new$0(51)) - 37fea5d6-1a60-4b82-9570-57888d4e9f46@group-5C9C84E47F8E->9e8f1412-9bf1-4810-b3e9-2cd8ebd4b71b: nextIndex: updateUnconditionally 0 -> 0
2019-11-14 19:59:41,553 [Thread-3931] INFO  impl.FollowerState (FollowerState.java:run(111)) - e8061cfc-e634-4005-9186-8f9a3cdc71ed@group-53319FA87FBA-FollowerState: change to CANDIDATE, lastRpcTime:1069ms, electionTimeout:1069ms
2019-11-14 19:59:41,554 [Thread-3931] INFO  impl.RoleInfo (RoleInfo.java:shutdownFollowerState(121)) - e8061cfc-e634-4005-9186-8f9a3cdc71ed: shutdown FollowerState
2019-11-14 19:59:41,554 [Thread-3931] INFO  impl.RaftServerImpl (RaftServerImpl.java:setRole(173)) - e8061cfc-e634-4005-9186-8f9a3cdc71ed@group-53319FA87FBA: changes role from  FOLLOWER to CANDIDATE at term 2 for changeToCandidate
2019-11-14 19:59:41,554 [Thread-3931] INFO  impl.RoleInfo (RoleInfo.java:updateAndGet(143)) - e8061cfc-e634-4005-9186-8f9a3cdc71ed: start LeaderElection
2019-11-14 19:59:41,569 [e8061cfc-e634-4005-9186-8f9a3cdc71ed@group-53319FA87FBA-LeaderElection163] INFO  impl.LeaderElection (LeaderElection.java:askForVotes(178)) - e8061cfc-e634-4005-9186-8f9a3cdc71ed@group-53319FA87FBA-LeaderElection163: begin an election at term 3 for 0: [60fc2306-005b-4da9-bff6-f0a04ff2f155:192.168.157.219:33304, 909799b4-01f9-4409-9e01-df516dc8a9f9:192.168.157.219:34722, e8061cfc-e634-4005-9186-8f9a3cdc71ed:192.168.157.219:37108], old=null
2019-11-14 19:59:41,570 [e8061cfc-e634-4005-9186-8f9a3cdc71ed@group-53319FA87FBA-LeaderElection163] INFO  impl.LeaderElection (LogUtils.java:infoOrTrace(149)) - e8061cfc-e634-4005-9186-8f9a3cdc71ed@group-53319FA87FBA-LeaderElection163 got exception when requesting votes: {}
java.util.concurrent.ExecutionException: org.apache.ratis.thirdparty.io.grpc.StatusRuntimeException: UNAVAILABLE: io exception
	at java.util.concurrent.FutureTask.report(FutureTask.java:122)
	at java.util.concurrent.FutureTask.get(FutureTask.java:192)
	at org.apache.ratis.server.impl.LeaderElection.waitForResults(LeaderElection.java:259)
	at org.apache.ratis.server.impl.LeaderElection.askForVotes(LeaderElection.java:197)
	at org.apache.ratis.server.impl.LeaderElection.run(LeaderElection.java:133)
	at java.lang.Thread.run(Thread.java:748)
Caused by: org.apache.ratis.thirdparty.io.grpc.StatusRuntimeException: UNAVAILABLE: io exception
	at org.apache.ratis.thirdparty.io.grpc.stub.ClientCalls.toStatusRuntimeException(ClientCalls.java:233)
	at org.apache.ratis.thirdparty.io.grpc.stub.ClientCalls.getUnchecked(ClientCalls.java:214)
	at org.apache.ratis.thirdparty.io.grpc.stub.ClientCalls.blockingUnaryCall(ClientCalls.java:139)
	at org.apache.ratis.proto.grpc.RaftServerProtocolServiceGrpc$RaftServerProtocolServiceBlockingStub.requestVote(RaftServerProtocolServiceGrpc.java:265)
	at org.apache.ratis.grpc.server.GrpcServerProtocolClient.requestVote(GrpcServerProtocolClient.java:99)
	at org.apache.ratis.grpc.server.GrpcService.requestVote(GrpcService.java:204)
	at org.apache.ratis.server.impl.LeaderElection.lambda$submitRequests$1(LeaderElection.java:234)
	at java.util.concurrent.FutureTask.run(FutureTask.java:266)
	at java.util.concurrent.Executors$RunnableAdapter.call(Executors.java:511)
	at java.util.concurrent.FutureTask.run(FutureTask.java:266)
	at java.util.concurrent.ThreadPoolExecutor.runWorker(ThreadPoolExecutor.java:1149)
	at java.util.concurrent.ThreadPoolExecutor$Worker.run(ThreadPoolExecutor.java:624)
	... 1 more
Caused by: org.apache.ratis.thirdparty.io.netty.channel.AbstractChannel$AnnotatedConnectException: Connection refused: /192.168.157.219:33304
	at sun.nio.ch.SocketChannelImpl.checkConnect(Native Method)
	at sun.nio.ch.SocketChannelImpl.finishConnect(SocketChannelImpl.java:717)
	at org.apache.ratis.thirdparty.io.netty.channel.socket.nio.NioSocketChannel.doFinishConnect(NioSocketChannel.java:327)
	at org.apache.ratis.thirdparty.io.netty.channel.nio.AbstractNioChannel$AbstractNioUnsafe.finishConnect(AbstractNioChannel.java:340)
	at org.apache.ratis.thirdparty.io.netty.channel.nio.NioEventLoop.processSelectedKey(NioEventLoop.java:632)
	at org.apache.ratis.thirdparty.io.netty.channel.nio.NioEventLoop.processSelectedKeysOptimized(NioEventLoop.java:579)
	at org.apache.ratis.thirdparty.io.netty.channel.nio.NioEventLoop.processSelectedKeys(NioEventLoop.java:496)
	at org.apache.ratis.thirdparty.io.netty.channel.nio.NioEventLoop.run(NioEventLoop.java:458)
	at org.apache.ratis.thirdparty.io.netty.util.concurrent.SingleThreadEventExecutor$5.run(SingleThreadEventExecutor.java:897)
	at org.apache.ratis.thirdparty.io.netty.util.concurrent.FastThreadLocalRunnable.run(FastThreadLocalRunnable.java:30)
	... 1 more
Caused by: java.net.ConnectException: Connection refused
	... 11 more
2019-11-14 19:59:41,572 [e8061cfc-e634-4005-9186-8f9a3cdc71ed@group-53319FA87FBA-LeaderElection163] INFO  impl.LeaderElection (LogUtils.java:infoOrTrace(149)) - e8061cfc-e634-4005-9186-8f9a3cdc71ed@group-53319FA87FBA-LeaderElection163 got exception when requesting votes: {}
java.util.concurrent.ExecutionException: org.apache.ratis.thirdparty.io.grpc.StatusRuntimeException: UNAVAILABLE: io exception
	at java.util.concurrent.FutureTask.report(FutureTask.java:122)
	at java.util.concurrent.FutureTask.get(FutureTask.java:192)
	at org.apache.ratis.server.impl.LeaderElection.waitForResults(LeaderElection.java:259)
	at org.apache.ratis.server.impl.LeaderElection.askForVotes(LeaderElection.java:197)
	at org.apache.ratis.server.impl.LeaderElection.run(LeaderElection.java:133)
	at java.lang.Thread.run(Thread.java:748)
Caused by: org.apache.ratis.thirdparty.io.grpc.StatusRuntimeException: UNAVAILABLE: io exception
	at org.apache.ratis.thirdparty.io.grpc.stub.ClientCalls.toStatusRuntimeException(ClientCalls.java:233)
	at org.apache.ratis.thirdparty.io.grpc.stub.ClientCalls.getUnchecked(ClientCalls.java:214)
	at org.apache.ratis.thirdparty.io.grpc.stub.ClientCalls.blockingUnaryCall(ClientCalls.java:139)
	at org.apache.ratis.proto.grpc.RaftServerProtocolServiceGrpc$RaftServerProtocolServiceBlockingStub.requestVote(RaftServerProtocolServiceGrpc.java:265)
	at org.apache.ratis.grpc.server.GrpcServerProtocolClient.requestVote(GrpcServerProtocolClient.java:99)
	at org.apache.ratis.grpc.server.GrpcService.requestVote(GrpcService.java:204)
	at org.apache.ratis.server.impl.LeaderElection.lambda$submitRequests$1(LeaderElection.java:234)
	at java.util.concurrent.FutureTask.run(FutureTask.java:266)
	at java.util.concurrent.Executors$RunnableAdapter.call(Executors.java:511)
	at java.util.concurrent.FutureTask.run(FutureTask.java:266)
	at java.util.concurrent.ThreadPoolExecutor.runWorker(ThreadPoolExecutor.java:1149)
	at java.util.concurrent.ThreadPoolExecutor$Worker.run(ThreadPoolExecutor.java:624)
	... 1 more
Caused by: org.apache.ratis.thirdparty.io.netty.channel.AbstractChannel$AnnotatedConnectException: Connection refused: /192.168.157.219:34722
	at sun.nio.ch.SocketChannelImpl.checkConnect(Native Method)
	at sun.nio.ch.SocketChannelImpl.finishConnect(SocketChannelImpl.java:717)
	at org.apache.ratis.thirdparty.io.netty.channel.socket.nio.NioSocketChannel.doFinishConnect(NioSocketChannel.java:327)
	at org.apache.ratis.thirdparty.io.netty.channel.nio.AbstractNioChannel$AbstractNioUnsafe.finishConnect(AbstractNioChannel.java:340)
	at org.apache.ratis.thirdparty.io.netty.channel.nio.NioEventLoop.processSelectedKey(NioEventLoop.java:632)
	at org.apache.ratis.thirdparty.io.netty.channel.nio.NioEventLoop.processSelectedKeysOptimized(NioEventLoop.java:579)
	at org.apache.ratis.thirdparty.io.netty.channel.nio.NioEventLoop.processSelectedKeys(NioEventLoop.java:496)
	at org.apache.ratis.thirdparty.io.netty.channel.nio.NioEventLoop.run(NioEventLoop.java:458)
	at org.apache.ratis.thirdparty.io.netty.util.concurrent.SingleThreadEventExecutor$5.run(SingleThreadEventExecutor.java:897)
	at org.apache.ratis.thirdparty.io.netty.util.concurrent.FastThreadLocalRunnable.run(FastThreadLocalRunnable.java:30)
	... 1 more
Caused by: java.net.ConnectException: Connection refused
	... 11 more
2019-11-14 19:59:41,573 [e8061cfc-e634-4005-9186-8f9a3cdc71ed@group-53319FA87FBA-LeaderElection163] INFO  impl.LeaderElection (LeaderElection.java:logAndReturn(56)) - e8061cfc-e634-4005-9186-8f9a3cdc71ed@group-53319FA87FBA-LeaderElection163: Election REJECTED; received 0 response(s) [] and 2 exception(s); e8061cfc-e634-4005-9186-8f9a3cdc71ed@group-53319FA87FBA:t3, leader=null, voted=e8061cfc-e634-4005-9186-8f9a3cdc71ed, raftlog=e8061cfc-e634-4005-9186-8f9a3cdc71ed@group-53319FA87FBA-SegmentedRaftLog:OPENED:c0,f0,i0, conf=0: [60fc2306-005b-4da9-bff6-f0a04ff2f155:192.168.157.219:33304, 909799b4-01f9-4409-9e01-df516dc8a9f9:192.168.157.219:34722, e8061cfc-e634-4005-9186-8f9a3cdc71ed:192.168.157.219:37108], old=null
2019-11-14 19:59:41,574 [e8061cfc-e634-4005-9186-8f9a3cdc71ed@group-53319FA87FBA-LeaderElection163] INFO  impl.LeaderElection (LogUtils.java:infoOrTrace(149)) -   Exception 0: {}
java.util.concurrent.ExecutionException: org.apache.ratis.thirdparty.io.grpc.StatusRuntimeException: UNAVAILABLE: io exception
	at java.util.concurrent.FutureTask.report(FutureTask.java:122)
	at java.util.concurrent.FutureTask.get(FutureTask.java:192)
	at org.apache.ratis.server.impl.LeaderElection.waitForResults(LeaderElection.java:259)
	at org.apache.ratis.server.impl.LeaderElection.askForVotes(LeaderElection.java:197)
	at org.apache.ratis.server.impl.LeaderElection.run(LeaderElection.java:133)
	at java.lang.Thread.run(Thread.java:748)
Caused by: org.apache.ratis.thirdparty.io.grpc.StatusRuntimeException: UNAVAILABLE: io exception
	at org.apache.ratis.thirdparty.io.grpc.stub.ClientCalls.toStatusRuntimeException(ClientCalls.java:233)
	at org.apache.ratis.thirdparty.io.grpc.stub.ClientCalls.getUnchecked(ClientCalls.java:214)
	at org.apache.ratis.thirdparty.io.grpc.stub.ClientCalls.blockingUnaryCall(ClientCalls.java:139)
	at org.apache.ratis.proto.grpc.RaftServerProtocolServiceGrpc$RaftServerProtocolServiceBlockingStub.requestVote(RaftServerProtocolServiceGrpc.java:265)
	at org.apache.ratis.grpc.server.GrpcServerProtocolClient.requestVote(GrpcServerProtocolClient.java:99)
	at org.apache.ratis.grpc.server.GrpcService.requestVote(GrpcService.java:204)
	at org.apache.ratis.server.impl.LeaderElection.lambda$submitRequests$1(LeaderElection.java:234)
	at java.util.concurrent.FutureTask.run(FutureTask.java:266)
	at java.util.concurrent.Executors$RunnableAdapter.call(Executors.java:511)
	at java.util.concurrent.FutureTask.run(FutureTask.java:266)
	at java.util.concurrent.ThreadPoolExecutor.runWorker(ThreadPoolExecutor.java:1149)
	at java.util.concurrent.ThreadPoolExecutor$Worker.run(ThreadPoolExecutor.java:624)
	... 1 more
Caused by: org.apache.ratis.thirdparty.io.netty.channel.AbstractChannel$AnnotatedConnectException: Connection refused: /192.168.157.219:33304
	at sun.nio.ch.SocketChannelImpl.checkConnect(Native Method)
	at sun.nio.ch.SocketChannelImpl.finishConnect(SocketChannelImpl.java:717)
	at org.apache.ratis.thirdparty.io.netty.channel.socket.nio.NioSocketChannel.doFinishConnect(NioSocketChannel.java:327)
	at org.apache.ratis.thirdparty.io.netty.channel.nio.AbstractNioChannel$AbstractNioUnsafe.finishConnect(AbstractNioChannel.java:340)
	at org.apache.ratis.thirdparty.io.netty.channel.nio.NioEventLoop.processSelectedKey(NioEventLoop.java:632)
	at org.apache.ratis.thirdparty.io.netty.channel.nio.NioEventLoop.processSelectedKeysOptimized(NioEventLoop.java:579)
	at org.apache.ratis.thirdparty.io.netty.channel.nio.NioEventLoop.processSelectedKeys(NioEventLoop.java:496)
	at org.apache.ratis.thirdparty.io.netty.channel.nio.NioEventLoop.run(NioEventLoop.java:458)
	at org.apache.ratis.thirdparty.io.netty.util.concurrent.SingleThreadEventExecutor$5.run(SingleThreadEventExecutor.java:897)
	at org.apache.ratis.thirdparty.io.netty.util.concurrent.FastThreadLocalRunnable.run(FastThreadLocalRunnable.java:30)
	... 1 more
Caused by: java.net.ConnectException: Connection refused
	... 11 more
2019-11-14 19:59:41,574 [e8061cfc-e634-4005-9186-8f9a3cdc71ed@group-53319FA87FBA-LeaderElection163] INFO  impl.LeaderElection (LogUtils.java:infoOrTrace(149)) -   Exception 1: {}
java.util.concurrent.ExecutionException: org.apache.ratis.thirdparty.io.grpc.StatusRuntimeException: UNAVAILABLE: io exception
	at java.util.concurrent.FutureTask.report(FutureTask.java:122)
	at java.util.concurrent.FutureTask.get(FutureTask.java:192)
	at org.apache.ratis.server.impl.LeaderElection.waitForResults(LeaderElection.java:259)
	at org.apache.ratis.server.impl.LeaderElection.askForVotes(LeaderElection.java:197)
	at org.apache.ratis.server.impl.LeaderElection.run(LeaderElection.java:133)
	at java.lang.Thread.run(Thread.java:748)
Caused by: org.apache.ratis.thirdparty.io.grpc.StatusRuntimeException: UNAVAILABLE: io exception
	at org.apache.ratis.thirdparty.io.grpc.stub.ClientCalls.toStatusRuntimeException(ClientCalls.java:233)
	at org.apache.ratis.thirdparty.io.grpc.stub.ClientCalls.getUnchecked(ClientCalls.java:214)
	at org.apache.ratis.thirdparty.io.grpc.stub.ClientCalls.blockingUnaryCall(ClientCalls.java:139)
	at org.apache.ratis.proto.grpc.RaftServerProtocolServiceGrpc$RaftServerProtocolServiceBlockingStub.requestVote(RaftServerProtocolServiceGrpc.java:265)
	at org.apache.ratis.grpc.server.GrpcServerProtocolClient.requestVote(GrpcServerProtocolClient.java:99)
	at org.apache.ratis.grpc.server.GrpcService.requestVote(GrpcService.java:204)
	at org.apache.ratis.server.impl.LeaderElection.lambda$submitRequests$1(LeaderElection.java:234)
	at java.util.concurrent.FutureTask.run(FutureTask.java:266)
	at java.util.concurrent.Executors$RunnableAdapter.call(Executors.java:511)
	at java.util.concurrent.FutureTask.run(FutureTask.java:266)
	at java.util.concurrent.ThreadPoolExecutor.runWorker(ThreadPoolExecutor.java:1149)
	at java.util.concurrent.ThreadPoolExecutor$Worker.run(ThreadPoolExecutor.java:624)
	... 1 more
Caused by: org.apache.ratis.thirdparty.io.netty.channel.AbstractChannel$AnnotatedConnectException: Connection refused: /192.168.157.219:34722
	at sun.nio.ch.SocketChannelImpl.checkConnect(Native Method)
	at sun.nio.ch.SocketChannelImpl.finishConnect(SocketChannelImpl.java:717)
	at org.apache.ratis.thirdparty.io.netty.channel.socket.nio.NioSocketChannel.doFinishConnect(NioSocketChannel.java:327)
	at org.apache.ratis.thirdparty.io.netty.channel.nio.AbstractNioChannel$AbstractNioUnsafe.finishConnect(AbstractNioChannel.java:340)
	at org.apache.ratis.thirdparty.io.netty.channel.nio.NioEventLoop.processSelectedKey(NioEventLoop.java:632)
	at org.apache.ratis.thirdparty.io.netty.channel.nio.NioEventLoop.processSelectedKeysOptimized(NioEventLoop.java:579)
	at org.apache.ratis.thirdparty.io.netty.channel.nio.NioEventLoop.processSelectedKeys(NioEventLoop.java:496)
	at org.apache.ratis.thirdparty.io.netty.channel.nio.NioEventLoop.run(NioEventLoop.java:458)
	at org.apache.ratis.thirdparty.io.netty.util.concurrent.SingleThreadEventExecutor$5.run(SingleThreadEventExecutor.java:897)
	at org.apache.ratis.thirdparty.io.netty.util.concurrent.FastThreadLocalRunnable.run(FastThreadLocalRunnable.java:30)
	... 1 more
Caused by: java.net.ConnectException: Connection refused
	... 11 more
2019-11-14 19:59:41,574 [e8061cfc-e634-4005-9186-8f9a3cdc71ed@group-53319FA87FBA-LeaderElection163] INFO  impl.RaftServerImpl (RaftServerImpl.java:setRole(173)) - e8061cfc-e634-4005-9186-8f9a3cdc71ed@group-53319FA87FBA: changes role from CANDIDATE to FOLLOWER at term 3 for DISCOVERED_A_NEW_TERM
2019-11-14 19:59:41,574 [e8061cfc-e634-4005-9186-8f9a3cdc71ed@group-53319FA87FBA-LeaderElection163] INFO  impl.RoleInfo (RoleInfo.java:shutdownLeaderElection(134)) - e8061cfc-e634-4005-9186-8f9a3cdc71ed: shutdown LeaderElection
2019-11-14 19:59:41,575 [e8061cfc-e634-4005-9186-8f9a3cdc71ed@group-53319FA87FBA-LeaderElection163] INFO  impl.RoleInfo (RoleInfo.java:updateAndGet(143)) - e8061cfc-e634-4005-9186-8f9a3cdc71ed: start FollowerState
2019-11-14 19:59:41,863 [grpc-default-executor-7] WARN  server.GrpcLogAppender (LogUtils.java:warn(134)) - 37fea5d6-1a60-4b82-9570-57888d4e9f46@group-5C9C84E47F8E->f857cfdd-345c-4de8-889d-b8fdff158faf-AppendLogResponseHandler: Failed appendEntries: org.apache.ratis.thirdparty.io.grpc.StatusRuntimeException: UNAVAILABLE: io exception
2019-11-14 19:59:41,863 [grpc-default-executor-7] INFO  impl.FollowerInfo (FollowerInfo.java:lambda$new$0(51)) - 37fea5d6-1a60-4b82-9570-57888d4e9f46@group-5C9C84E47F8E->f857cfdd-345c-4de8-889d-b8fdff158faf: nextIndex: updateUnconditionally 0 -> 0
2019-11-14 19:59:41,875 [grpc-default-executor-7] WARN  server.GrpcLogAppender (LogUtils.java:warn(134)) - 37fea5d6-1a60-4b82-9570-57888d4e9f46@group-5C9C84E47F8E->9e8f1412-9bf1-4810-b3e9-2cd8ebd4b71b-AppendLogResponseHandler: Failed appendEntries: org.apache.ratis.thirdparty.io.grpc.StatusRuntimeException: UNAVAILABLE: io exception
2019-11-14 19:59:41,876 [grpc-default-executor-7] INFO  impl.FollowerInfo (FollowerInfo.java:lambda$new$0(51)) - 37fea5d6-1a60-4b82-9570-57888d4e9f46@group-5C9C84E47F8E->9e8f1412-9bf1-4810-b3e9-2cd8ebd4b71b: nextIndex: updateUnconditionally 0 -> 0
2019-11-14 19:59:42,363 [grpc-default-executor-7] WARN  server.GrpcLogAppender (LogUtils.java:warn(134)) - 37fea5d6-1a60-4b82-9570-57888d4e9f46@group-5C9C84E47F8E->f857cfdd-345c-4de8-889d-b8fdff158faf-AppendLogResponseHandler: Failed appendEntries: org.apache.ratis.thirdparty.io.grpc.StatusRuntimeException: UNAVAILABLE: io exception
2019-11-14 19:59:42,364 [grpc-default-executor-7] INFO  impl.FollowerInfo (FollowerInfo.java:lambda$new$0(51)) - 37fea5d6-1a60-4b82-9570-57888d4e9f46@group-5C9C84E47F8E->f857cfdd-345c-4de8-889d-b8fdff158faf: nextIndex: updateUnconditionally 0 -> 0
2019-11-14 19:59:42,376 [grpc-default-executor-7] WARN  server.GrpcLogAppender (LogUtils.java:warn(134)) - 37fea5d6-1a60-4b82-9570-57888d4e9f46@group-5C9C84E47F8E->9e8f1412-9bf1-4810-b3e9-2cd8ebd4b71b-AppendLogResponseHandler: Failed appendEntries: org.apache.ratis.thirdparty.io.grpc.StatusRuntimeException: UNAVAILABLE: io exception
2019-11-14 19:59:42,376 [grpc-default-executor-7] INFO  impl.FollowerInfo (FollowerInfo.java:lambda$new$0(51)) - 37fea5d6-1a60-4b82-9570-57888d4e9f46@group-5C9C84E47F8E->9e8f1412-9bf1-4810-b3e9-2cd8ebd4b71b: nextIndex: updateUnconditionally 0 -> 0
2019-11-14 19:59:42,728 [Thread-3935] INFO  impl.FollowerState (FollowerState.java:run(111)) - e8061cfc-e634-4005-9186-8f9a3cdc71ed@group-53319FA87FBA-FollowerState: change to CANDIDATE, lastRpcTime:1153ms, electionTimeout:1153ms
2019-11-14 19:59:42,728 [Thread-3935] INFO  impl.RoleInfo (RoleInfo.java:shutdownFollowerState(121)) - e8061cfc-e634-4005-9186-8f9a3cdc71ed: shutdown FollowerState
2019-11-14 19:59:42,728 [Thread-3935] INFO  impl.RaftServerImpl (RaftServerImpl.java:setRole(173)) - e8061cfc-e634-4005-9186-8f9a3cdc71ed@group-53319FA87FBA: changes role from  FOLLOWER to CANDIDATE at term 3 for changeToCandidate
2019-11-14 19:59:42,728 [Thread-3935] INFO  impl.RoleInfo (RoleInfo.java:updateAndGet(143)) - e8061cfc-e634-4005-9186-8f9a3cdc71ed: start LeaderElection
2019-11-14 19:59:42,752 [e8061cfc-e634-4005-9186-8f9a3cdc71ed@group-53319FA87FBA-LeaderElection164] INFO  impl.LeaderElection (LeaderElection.java:askForVotes(178)) - e8061cfc-e634-4005-9186-8f9a3cdc71ed@group-53319FA87FBA-LeaderElection164: begin an election at term 4 for 0: [60fc2306-005b-4da9-bff6-f0a04ff2f155:192.168.157.219:33304, 909799b4-01f9-4409-9e01-df516dc8a9f9:192.168.157.219:34722, e8061cfc-e634-4005-9186-8f9a3cdc71ed:192.168.157.219:37108], old=null
2019-11-14 19:59:42,754 [e8061cfc-e634-4005-9186-8f9a3cdc71ed@group-53319FA87FBA-LeaderElection164] INFO  impl.LeaderElection (LogUtils.java:infoOrTrace(149)) - e8061cfc-e634-4005-9186-8f9a3cdc71ed@group-53319FA87FBA-LeaderElection164 got exception when requesting votes: {}
java.util.concurrent.ExecutionException: org.apache.ratis.thirdparty.io.grpc.StatusRuntimeException: UNAVAILABLE: io exception
	at java.util.concurrent.FutureTask.report(FutureTask.java:122)
	at java.util.concurrent.FutureTask.get(FutureTask.java:192)
	at org.apache.ratis.server.impl.LeaderElection.waitForResults(LeaderElection.java:259)
	at org.apache.ratis.server.impl.LeaderElection.askForVotes(LeaderElection.java:197)
	at org.apache.ratis.server.impl.LeaderElection.run(LeaderElection.java:133)
	at java.lang.Thread.run(Thread.java:748)
Caused by: org.apache.ratis.thirdparty.io.grpc.StatusRuntimeException: UNAVAILABLE: io exception
	at org.apache.ratis.thirdparty.io.grpc.stub.ClientCalls.toStatusRuntimeException(ClientCalls.java:233)
	at org.apache.ratis.thirdparty.io.grpc.stub.ClientCalls.getUnchecked(ClientCalls.java:214)
	at org.apache.ratis.thirdparty.io.grpc.stub.ClientCalls.blockingUnaryCall(ClientCalls.java:139)
	at org.apache.ratis.proto.grpc.RaftServerProtocolServiceGrpc$RaftServerProtocolServiceBlockingStub.requestVote(RaftServerProtocolServiceGrpc.java:265)
	at org.apache.ratis.grpc.server.GrpcServerProtocolClient.requestVote(GrpcServerProtocolClient.java:99)
	at org.apache.ratis.grpc.server.GrpcService.requestVote(GrpcService.java:204)
	at org.apache.ratis.server.impl.LeaderElection.lambda$submitRequests$1(LeaderElection.java:234)
	at java.util.concurrent.FutureTask.run(FutureTask.java:266)
	at java.util.concurrent.Executors$RunnableAdapter.call(Executors.java:511)
	at java.util.concurrent.FutureTask.run(FutureTask.java:266)
	at java.util.concurrent.ThreadPoolExecutor.runWorker(ThreadPoolExecutor.java:1149)
	at java.util.concurrent.ThreadPoolExecutor$Worker.run(ThreadPoolExecutor.java:624)
	... 1 more
Caused by: org.apache.ratis.thirdparty.io.netty.channel.AbstractChannel$AnnotatedConnectException: Connection refused: /192.168.157.219:33304
	at sun.nio.ch.SocketChannelImpl.checkConnect(Native Method)
	at sun.nio.ch.SocketChannelImpl.finishConnect(SocketChannelImpl.java:717)
	at org.apache.ratis.thirdparty.io.netty.channel.socket.nio.NioSocketChannel.doFinishConnect(NioSocketChannel.java:327)
	at org.apache.ratis.thirdparty.io.netty.channel.nio.AbstractNioChannel$AbstractNioUnsafe.finishConnect(AbstractNioChannel.java:340)
	at org.apache.ratis.thirdparty.io.netty.channel.nio.NioEventLoop.processSelectedKey(NioEventLoop.java:632)
	at org.apache.ratis.thirdparty.io.netty.channel.nio.NioEventLoop.processSelectedKeysOptimized(NioEventLoop.java:579)
	at org.apache.ratis.thirdparty.io.netty.channel.nio.NioEventLoop.processSelectedKeys(NioEventLoop.java:496)
	at org.apache.ratis.thirdparty.io.netty.channel.nio.NioEventLoop.run(NioEventLoop.java:458)
	at org.apache.ratis.thirdparty.io.netty.util.concurrent.SingleThreadEventExecutor$5.run(SingleThreadEventExecutor.java:897)
	at org.apache.ratis.thirdparty.io.netty.util.concurrent.FastThreadLocalRunnable.run(FastThreadLocalRunnable.java:30)
	... 1 more
Caused by: java.net.ConnectException: Connection refused
	... 11 more
2019-11-14 19:59:42,755 [e8061cfc-e634-4005-9186-8f9a3cdc71ed@group-53319FA87FBA-LeaderElection164] INFO  impl.LeaderElection (LogUtils.java:infoOrTrace(149)) - e8061cfc-e634-4005-9186-8f9a3cdc71ed@group-53319FA87FBA-LeaderElection164 got exception when requesting votes: {}
java.util.concurrent.ExecutionException: org.apache.ratis.thirdparty.io.grpc.StatusRuntimeException: UNAVAILABLE: io exception
	at java.util.concurrent.FutureTask.report(FutureTask.java:122)
	at java.util.concurrent.FutureTask.get(FutureTask.java:192)
	at org.apache.ratis.server.impl.LeaderElection.waitForResults(LeaderElection.java:259)
	at org.apache.ratis.server.impl.LeaderElection.askForVotes(LeaderElection.java:197)
	at org.apache.ratis.server.impl.LeaderElection.run(LeaderElection.java:133)
	at java.lang.Thread.run(Thread.java:748)
Caused by: org.apache.ratis.thirdparty.io.grpc.StatusRuntimeException: UNAVAILABLE: io exception
	at org.apache.ratis.thirdparty.io.grpc.stub.ClientCalls.toStatusRuntimeException(ClientCalls.java:233)
	at org.apache.ratis.thirdparty.io.grpc.stub.ClientCalls.getUnchecked(ClientCalls.java:214)
	at org.apache.ratis.thirdparty.io.grpc.stub.ClientCalls.blockingUnaryCall(ClientCalls.java:139)
	at org.apache.ratis.proto.grpc.RaftServerProtocolServiceGrpc$RaftServerProtocolServiceBlockingStub.requestVote(RaftServerProtocolServiceGrpc.java:265)
	at org.apache.ratis.grpc.server.GrpcServerProtocolClient.requestVote(GrpcServerProtocolClient.java:99)
	at org.apache.ratis.grpc.server.GrpcService.requestVote(GrpcService.java:204)
	at org.apache.ratis.server.impl.LeaderElection.lambda$submitRequests$1(LeaderElection.java:234)
	at java.util.concurrent.FutureTask.run(FutureTask.java:266)
	at java.util.concurrent.Executors$RunnableAdapter.call(Executors.java:511)
	at java.util.concurrent.FutureTask.run(FutureTask.java:266)
	at java.util.concurrent.ThreadPoolExecutor.runWorker(ThreadPoolExecutor.java:1149)
	at java.util.concurrent.ThreadPoolExecutor$Worker.run(ThreadPoolExecutor.java:624)
	... 1 more
Caused by: org.apache.ratis.thirdparty.io.netty.channel.AbstractChannel$AnnotatedConnectException: Connection refused: /192.168.157.219:34722
	at sun.nio.ch.SocketChannelImpl.checkConnect(Native Method)
	at sun.nio.ch.SocketChannelImpl.finishConnect(SocketChannelImpl.java:717)
	at org.apache.ratis.thirdparty.io.netty.channel.socket.nio.NioSocketChannel.doFinishConnect(NioSocketChannel.java:327)
	at org.apache.ratis.thirdparty.io.netty.channel.nio.AbstractNioChannel$AbstractNioUnsafe.finishConnect(AbstractNioChannel.java:340)
	at org.apache.ratis.thirdparty.io.netty.channel.nio.NioEventLoop.processSelectedKey(NioEventLoop.java:632)
	at org.apache.ratis.thirdparty.io.netty.channel.nio.NioEventLoop.processSelectedKeysOptimized(NioEventLoop.java:579)
	at org.apache.ratis.thirdparty.io.netty.channel.nio.NioEventLoop.processSelectedKeys(NioEventLoop.java:496)
	at org.apache.ratis.thirdparty.io.netty.channel.nio.NioEventLoop.run(NioEventLoop.java:458)
	at org.apache.ratis.thirdparty.io.netty.util.concurrent.SingleThreadEventExecutor$5.run(SingleThreadEventExecutor.java:897)
	at org.apache.ratis.thirdparty.io.netty.util.concurrent.FastThreadLocalRunnable.run(FastThreadLocalRunnable.java:30)
	... 1 more
Caused by: java.net.ConnectException: Connection refused
	... 11 more
2019-11-14 19:59:42,757 [e8061cfc-e634-4005-9186-8f9a3cdc71ed@group-53319FA87FBA-LeaderElection164] INFO  impl.LeaderElection (LeaderElection.java:logAndReturn(56)) - e8061cfc-e634-4005-9186-8f9a3cdc71ed@group-53319FA87FBA-LeaderElection164: Election REJECTED; received 0 response(s) [] and 2 exception(s); e8061cfc-e634-4005-9186-8f9a3cdc71ed@group-53319FA87FBA:t4, leader=null, voted=e8061cfc-e634-4005-9186-8f9a3cdc71ed, raftlog=e8061cfc-e634-4005-9186-8f9a3cdc71ed@group-53319FA87FBA-SegmentedRaftLog:OPENED:c0,f0,i0, conf=0: [60fc2306-005b-4da9-bff6-f0a04ff2f155:192.168.157.219:33304, 909799b4-01f9-4409-9e01-df516dc8a9f9:192.168.157.219:34722, e8061cfc-e634-4005-9186-8f9a3cdc71ed:192.168.157.219:37108], old=null
2019-11-14 19:59:42,757 [e8061cfc-e634-4005-9186-8f9a3cdc71ed@group-53319FA87FBA-LeaderElection164] INFO  impl.LeaderElection (LogUtils.java:infoOrTrace(149)) -   Exception 0: {}
java.util.concurrent.ExecutionException: org.apache.ratis.thirdparty.io.grpc.StatusRuntimeException: UNAVAILABLE: io exception
	at java.util.concurrent.FutureTask.report(FutureTask.java:122)
	at java.util.concurrent.FutureTask.get(FutureTask.java:192)
	at org.apache.ratis.server.impl.LeaderElection.waitForResults(LeaderElection.java:259)
	at org.apache.ratis.server.impl.LeaderElection.askForVotes(LeaderElection.java:197)
	at org.apache.ratis.server.impl.LeaderElection.run(LeaderElection.java:133)
	at java.lang.Thread.run(Thread.java:748)
Caused by: org.apache.ratis.thirdparty.io.grpc.StatusRuntimeException: UNAVAILABLE: io exception
	at org.apache.ratis.thirdparty.io.grpc.stub.ClientCalls.toStatusRuntimeException(ClientCalls.java:233)
	at org.apache.ratis.thirdparty.io.grpc.stub.ClientCalls.getUnchecked(ClientCalls.java:214)
	at org.apache.ratis.thirdparty.io.grpc.stub.ClientCalls.blockingUnaryCall(ClientCalls.java:139)
	at org.apache.ratis.proto.grpc.RaftServerProtocolServiceGrpc$RaftServerProtocolServiceBlockingStub.requestVote(RaftServerProtocolServiceGrpc.java:265)
	at org.apache.ratis.grpc.server.GrpcServerProtocolClient.requestVote(GrpcServerProtocolClient.java:99)
	at org.apache.ratis.grpc.server.GrpcService.requestVote(GrpcService.java:204)
	at org.apache.ratis.server.impl.LeaderElection.lambda$submitRequests$1(LeaderElection.java:234)
	at java.util.concurrent.FutureTask.run(FutureTask.java:266)
	at java.util.concurrent.Executors$RunnableAdapter.call(Executors.java:511)
	at java.util.concurrent.FutureTask.run(FutureTask.java:266)
	at java.util.concurrent.ThreadPoolExecutor.runWorker(ThreadPoolExecutor.java:1149)
	at java.util.concurrent.ThreadPoolExecutor$Worker.run(ThreadPoolExecutor.java:624)
	... 1 more
Caused by: org.apache.ratis.thirdparty.io.netty.channel.AbstractChannel$AnnotatedConnectException: Connection refused: /192.168.157.219:33304
	at sun.nio.ch.SocketChannelImpl.checkConnect(Native Method)
	at sun.nio.ch.SocketChannelImpl.finishConnect(SocketChannelImpl.java:717)
	at org.apache.ratis.thirdparty.io.netty.channel.socket.nio.NioSocketChannel.doFinishConnect(NioSocketChannel.java:327)
	at org.apache.ratis.thirdparty.io.netty.channel.nio.AbstractNioChannel$AbstractNioUnsafe.finishConnect(AbstractNioChannel.java:340)
	at org.apache.ratis.thirdparty.io.netty.channel.nio.NioEventLoop.processSelectedKey(NioEventLoop.java:632)
	at org.apache.ratis.thirdparty.io.netty.channel.nio.NioEventLoop.processSelectedKeysOptimized(NioEventLoop.java:579)
	at org.apache.ratis.thirdparty.io.netty.channel.nio.NioEventLoop.processSelectedKeys(NioEventLoop.java:496)
	at org.apache.ratis.thirdparty.io.netty.channel.nio.NioEventLoop.run(NioEventLoop.java:458)
	at org.apache.ratis.thirdparty.io.netty.util.concurrent.SingleThreadEventExecutor$5.run(SingleThreadEventExecutor.java:897)
	at org.apache.ratis.thirdparty.io.netty.util.concurrent.FastThreadLocalRunnable.run(FastThreadLocalRunnable.java:30)
	... 1 more
Caused by: java.net.ConnectException: Connection refused
	... 11 more
2019-11-14 19:59:42,757 [e8061cfc-e634-4005-9186-8f9a3cdc71ed@group-53319FA87FBA-LeaderElection164] INFO  impl.LeaderElection (LogUtils.java:infoOrTrace(149)) -   Exception 1: {}
java.util.concurrent.ExecutionException: org.apache.ratis.thirdparty.io.grpc.StatusRuntimeException: UNAVAILABLE: io exception
	at java.util.concurrent.FutureTask.report(FutureTask.java:122)
	at java.util.concurrent.FutureTask.get(FutureTask.java:192)
	at org.apache.ratis.server.impl.LeaderElection.waitForResults(LeaderElection.java:259)
	at org.apache.ratis.server.impl.LeaderElection.askForVotes(LeaderElection.java:197)
	at org.apache.ratis.server.impl.LeaderElection.run(LeaderElection.java:133)
	at java.lang.Thread.run(Thread.java:748)
Caused by: org.apache.ratis.thirdparty.io.grpc.StatusRuntimeException: UNAVAILABLE: io exception
	at org.apache.ratis.thirdparty.io.grpc.stub.ClientCalls.toStatusRuntimeException(ClientCalls.java:233)
	at org.apache.ratis.thirdparty.io.grpc.stub.ClientCalls.getUnchecked(ClientCalls.java:214)
	at org.apache.ratis.thirdparty.io.grpc.stub.ClientCalls.blockingUnaryCall(ClientCalls.java:139)
	at org.apache.ratis.proto.grpc.RaftServerProtocolServiceGrpc$RaftServerProtocolServiceBlockingStub.requestVote(RaftServerProtocolServiceGrpc.java:265)
	at org.apache.ratis.grpc.server.GrpcServerProtocolClient.requestVote(GrpcServerProtocolClient.java:99)
	at org.apache.ratis.grpc.server.GrpcService.requestVote(GrpcService.java:204)
	at org.apache.ratis.server.impl.LeaderElection.lambda$submitRequests$1(LeaderElection.java:234)
	at java.util.concurrent.FutureTask.run(FutureTask.java:266)
	at java.util.concurrent.Executors$RunnableAdapter.call(Executors.java:511)
	at java.util.concurrent.FutureTask.run(FutureTask.java:266)
	at java.util.concurrent.ThreadPoolExecutor.runWorker(ThreadPoolExecutor.java:1149)
	at java.util.concurrent.ThreadPoolExecutor$Worker.run(ThreadPoolExecutor.java:624)
	... 1 more
Caused by: org.apache.ratis.thirdparty.io.netty.channel.AbstractChannel$AnnotatedConnectException: Connection refused: /192.168.157.219:34722
	at sun.nio.ch.SocketChannelImpl.checkConnect(Native Method)
	at sun.nio.ch.SocketChannelImpl.finishConnect(SocketChannelImpl.java:717)
	at org.apache.ratis.thirdparty.io.netty.channel.socket.nio.NioSocketChannel.doFinishConnect(NioSocketChannel.java:327)
	at org.apache.ratis.thirdparty.io.netty.channel.nio.AbstractNioChannel$AbstractNioUnsafe.finishConnect(AbstractNioChannel.java:340)
	at org.apache.ratis.thirdparty.io.netty.channel.nio.NioEventLoop.processSelectedKey(NioEventLoop.java:632)
	at org.apache.ratis.thirdparty.io.netty.channel.nio.NioEventLoop.processSelectedKeysOptimized(NioEventLoop.java:579)
	at org.apache.ratis.thirdparty.io.netty.channel.nio.NioEventLoop.processSelectedKeys(NioEventLoop.java:496)
	at org.apache.ratis.thirdparty.io.netty.channel.nio.NioEventLoop.run(NioEventLoop.java:458)
	at org.apache.ratis.thirdparty.io.netty.util.concurrent.SingleThreadEventExecutor$5.run(SingleThreadEventExecutor.java:897)
	at org.apache.ratis.thirdparty.io.netty.util.concurrent.FastThreadLocalRunnable.run(FastThreadLocalRunnable.java:30)
	... 1 more
Caused by: java.net.ConnectException: Connection refused
	... 11 more
2019-11-14 19:59:42,758 [e8061cfc-e634-4005-9186-8f9a3cdc71ed@group-53319FA87FBA-LeaderElection164] INFO  impl.RaftServerImpl (RaftServerImpl.java:setRole(173)) - e8061cfc-e634-4005-9186-8f9a3cdc71ed@group-53319FA87FBA: changes role from CANDIDATE to FOLLOWER at term 4 for DISCOVERED_A_NEW_TERM
2019-11-14 19:59:42,758 [e8061cfc-e634-4005-9186-8f9a3cdc71ed@group-53319FA87FBA-LeaderElection164] INFO  impl.RoleInfo (RoleInfo.java:shutdownLeaderElection(134)) - e8061cfc-e634-4005-9186-8f9a3cdc71ed: shutdown LeaderElection
2019-11-14 19:59:42,758 [e8061cfc-e634-4005-9186-8f9a3cdc71ed@group-53319FA87FBA-LeaderElection164] INFO  impl.RoleInfo (RoleInfo.java:updateAndGet(143)) - e8061cfc-e634-4005-9186-8f9a3cdc71ed: start FollowerState
2019-11-14 19:59:42,864 [grpc-default-executor-7] WARN  server.GrpcLogAppender (LogUtils.java:warn(134)) - 37fea5d6-1a60-4b82-9570-57888d4e9f46@group-5C9C84E47F8E->f857cfdd-345c-4de8-889d-b8fdff158faf-AppendLogResponseHandler: Failed appendEntries: org.apache.ratis.thirdparty.io.grpc.StatusRuntimeException: UNAVAILABLE: io exception
2019-11-14 19:59:42,865 [grpc-default-executor-7] INFO  impl.FollowerInfo (FollowerInfo.java:lambda$new$0(51)) - 37fea5d6-1a60-4b82-9570-57888d4e9f46@group-5C9C84E47F8E->f857cfdd-345c-4de8-889d-b8fdff158faf: nextIndex: updateUnconditionally 0 -> 0
2019-11-14 19:59:42,876 [grpc-default-executor-9] WARN  server.GrpcLogAppender (LogUtils.java:warn(134)) - 37fea5d6-1a60-4b82-9570-57888d4e9f46@group-5C9C84E47F8E->9e8f1412-9bf1-4810-b3e9-2cd8ebd4b71b-AppendLogResponseHandler: Failed appendEntries: org.apache.ratis.thirdparty.io.grpc.StatusRuntimeException: UNAVAILABLE: io exception
2019-11-14 19:59:42,876 [grpc-default-executor-9] INFO  impl.FollowerInfo (FollowerInfo.java:lambda$new$0(51)) - 37fea5d6-1a60-4b82-9570-57888d4e9f46@group-5C9C84E47F8E->9e8f1412-9bf1-4810-b3e9-2cd8ebd4b71b: nextIndex: updateUnconditionally 0 -> 0
2019-11-14 19:59:43,365 [grpc-default-executor-6] WARN  server.GrpcLogAppender (LogUtils.java:warn(134)) - 37fea5d6-1a60-4b82-9570-57888d4e9f46@group-5C9C84E47F8E->f857cfdd-345c-4de8-889d-b8fdff158faf-AppendLogResponseHandler: Failed appendEntries: org.apache.ratis.thirdparty.io.grpc.StatusRuntimeException: UNAVAILABLE: io exception
2019-11-14 19:59:43,366 [grpc-default-executor-6] INFO  impl.FollowerInfo (FollowerInfo.java:lambda$new$0(51)) - 37fea5d6-1a60-4b82-9570-57888d4e9f46@group-5C9C84E47F8E->f857cfdd-345c-4de8-889d-b8fdff158faf: nextIndex: updateUnconditionally 0 -> 0
2019-11-14 19:59:43,376 [grpc-default-executor-9] WARN  server.GrpcLogAppender (LogUtils.java:warn(134)) - 37fea5d6-1a60-4b82-9570-57888d4e9f46@group-5C9C84E47F8E->9e8f1412-9bf1-4810-b3e9-2cd8ebd4b71b-AppendLogResponseHandler: Failed appendEntries: org.apache.ratis.thirdparty.io.grpc.StatusRuntimeException: UNAVAILABLE: io exception
2019-11-14 19:59:43,377 [grpc-default-executor-9] INFO  impl.FollowerInfo (FollowerInfo.java:lambda$new$0(51)) - 37fea5d6-1a60-4b82-9570-57888d4e9f46@group-5C9C84E47F8E->9e8f1412-9bf1-4810-b3e9-2cd8ebd4b71b: nextIndex: updateUnconditionally 0 -> 0
2019-11-14 19:59:43,762 [Thread-3939] INFO  impl.FollowerState (FollowerState.java:run(111)) - e8061cfc-e634-4005-9186-8f9a3cdc71ed@group-53319FA87FBA-FollowerState: change to CANDIDATE, lastRpcTime:1003ms, electionTimeout:1003ms
2019-11-14 19:59:43,762 [Thread-3939] INFO  impl.RoleInfo (RoleInfo.java:shutdownFollowerState(121)) - e8061cfc-e634-4005-9186-8f9a3cdc71ed: shutdown FollowerState
2019-11-14 19:59:43,762 [Thread-3939] INFO  impl.RaftServerImpl (RaftServerImpl.java:setRole(173)) - e8061cfc-e634-4005-9186-8f9a3cdc71ed@group-53319FA87FBA: changes role from  FOLLOWER to CANDIDATE at term 4 for changeToCandidate
2019-11-14 19:59:43,762 [Thread-3939] INFO  impl.RoleInfo (RoleInfo.java:updateAndGet(143)) - e8061cfc-e634-4005-9186-8f9a3cdc71ed: start LeaderElection
2019-11-14 19:59:43,787 [e8061cfc-e634-4005-9186-8f9a3cdc71ed@group-53319FA87FBA-LeaderElection165] INFO  impl.LeaderElection (LeaderElection.java:askForVotes(178)) - e8061cfc-e634-4005-9186-8f9a3cdc71ed@group-53319FA87FBA-LeaderElection165: begin an election at term 5 for 0: [60fc2306-005b-4da9-bff6-f0a04ff2f155:192.168.157.219:33304, 909799b4-01f9-4409-9e01-df516dc8a9f9:192.168.157.219:34722, e8061cfc-e634-4005-9186-8f9a3cdc71ed:192.168.157.219:37108], old=null
2019-11-14 19:59:43,788 [e8061cfc-e634-4005-9186-8f9a3cdc71ed@group-53319FA87FBA-LeaderElection165] INFO  impl.LeaderElection (LogUtils.java:infoOrTrace(149)) - e8061cfc-e634-4005-9186-8f9a3cdc71ed@group-53319FA87FBA-LeaderElection165 got exception when requesting votes: {}
java.util.concurrent.ExecutionException: org.apache.ratis.thirdparty.io.grpc.StatusRuntimeException: UNAVAILABLE: io exception
	at java.util.concurrent.FutureTask.report(FutureTask.java:122)
	at java.util.concurrent.FutureTask.get(FutureTask.java:192)
	at org.apache.ratis.server.impl.LeaderElection.waitForResults(LeaderElection.java:259)
	at org.apache.ratis.server.impl.LeaderElection.askForVotes(LeaderElection.java:197)
	at org.apache.ratis.server.impl.LeaderElection.run(LeaderElection.java:133)
	at java.lang.Thread.run(Thread.java:748)
Caused by: org.apache.ratis.thirdparty.io.grpc.StatusRuntimeException: UNAVAILABLE: io exception
	at org.apache.ratis.thirdparty.io.grpc.stub.ClientCalls.toStatusRuntimeException(ClientCalls.java:233)
	at org.apache.ratis.thirdparty.io.grpc.stub.ClientCalls.getUnchecked(ClientCalls.java:214)
	at org.apache.ratis.thirdparty.io.grpc.stub.ClientCalls.blockingUnaryCall(ClientCalls.java:139)
	at org.apache.ratis.proto.grpc.RaftServerProtocolServiceGrpc$RaftServerProtocolServiceBlockingStub.requestVote(RaftServerProtocolServiceGrpc.java:265)
	at org.apache.ratis.grpc.server.GrpcServerProtocolClient.requestVote(GrpcServerProtocolClient.java:99)
	at org.apache.ratis.grpc.server.GrpcService.requestVote(GrpcService.java:204)
	at org.apache.ratis.server.impl.LeaderElection.lambda$submitRequests$1(LeaderElection.java:234)
	at java.util.concurrent.FutureTask.run(FutureTask.java:266)
	at java.util.concurrent.Executors$RunnableAdapter.call(Executors.java:511)
	at java.util.concurrent.FutureTask.run(FutureTask.java:266)
	at java.util.concurrent.ThreadPoolExecutor.runWorker(ThreadPoolExecutor.java:1149)
	at java.util.concurrent.ThreadPoolExecutor$Worker.run(ThreadPoolExecutor.java:624)
	... 1 more
Caused by: org.apache.ratis.thirdparty.io.netty.channel.AbstractChannel$AnnotatedConnectException: Connection refused: /192.168.157.219:33304
	at sun.nio.ch.SocketChannelImpl.checkConnect(Native Method)
	at sun.nio.ch.SocketChannelImpl.finishConnect(SocketChannelImpl.java:717)
	at org.apache.ratis.thirdparty.io.netty.channel.socket.nio.NioSocketChannel.doFinishConnect(NioSocketChannel.java:327)
	at org.apache.ratis.thirdparty.io.netty.channel.nio.AbstractNioChannel$AbstractNioUnsafe.finishConnect(AbstractNioChannel.java:340)
	at org.apache.ratis.thirdparty.io.netty.channel.nio.NioEventLoop.processSelectedKey(NioEventLoop.java:632)
	at org.apache.ratis.thirdparty.io.netty.channel.nio.NioEventLoop.processSelectedKeysOptimized(NioEventLoop.java:579)
	at org.apache.ratis.thirdparty.io.netty.channel.nio.NioEventLoop.processSelectedKeys(NioEventLoop.java:496)
	at org.apache.ratis.thirdparty.io.netty.channel.nio.NioEventLoop.run(NioEventLoop.java:458)
	at org.apache.ratis.thirdparty.io.netty.util.concurrent.SingleThreadEventExecutor$5.run(SingleThreadEventExecutor.java:897)
	at org.apache.ratis.thirdparty.io.netty.util.concurrent.FastThreadLocalRunnable.run(FastThreadLocalRunnable.java:30)
	... 1 more
Caused by: java.net.ConnectException: Connection refused
	... 11 more
2019-11-14 19:59:43,789 [e8061cfc-e634-4005-9186-8f9a3cdc71ed@group-53319FA87FBA-LeaderElection165] INFO  impl.LeaderElection (LogUtils.java:infoOrTrace(149)) - e8061cfc-e634-4005-9186-8f9a3cdc71ed@group-53319FA87FBA-LeaderElection165 got exception when requesting votes: {}
java.util.concurrent.ExecutionException: org.apache.ratis.thirdparty.io.grpc.StatusRuntimeException: UNAVAILABLE: io exception
	at java.util.concurrent.FutureTask.report(FutureTask.java:122)
	at java.util.concurrent.FutureTask.get(FutureTask.java:192)
	at org.apache.ratis.server.impl.LeaderElection.waitForResults(LeaderElection.java:259)
	at org.apache.ratis.server.impl.LeaderElection.askForVotes(LeaderElection.java:197)
	at org.apache.ratis.server.impl.LeaderElection.run(LeaderElection.java:133)
	at java.lang.Thread.run(Thread.java:748)
Caused by: org.apache.ratis.thirdparty.io.grpc.StatusRuntimeException: UNAVAILABLE: io exception
	at org.apache.ratis.thirdparty.io.grpc.stub.ClientCalls.toStatusRuntimeException(ClientCalls.java:233)
	at org.apache.ratis.thirdparty.io.grpc.stub.ClientCalls.getUnchecked(ClientCalls.java:214)
	at org.apache.ratis.thirdparty.io.grpc.stub.ClientCalls.blockingUnaryCall(ClientCalls.java:139)
	at org.apache.ratis.proto.grpc.RaftServerProtocolServiceGrpc$RaftServerProtocolServiceBlockingStub.requestVote(RaftServerProtocolServiceGrpc.java:265)
	at org.apache.ratis.grpc.server.GrpcServerProtocolClient.requestVote(GrpcServerProtocolClient.java:99)
	at org.apache.ratis.grpc.server.GrpcService.requestVote(GrpcService.java:204)
	at org.apache.ratis.server.impl.LeaderElection.lambda$submitRequests$1(LeaderElection.java:234)
	at java.util.concurrent.FutureTask.run(FutureTask.java:266)
	at java.util.concurrent.Executors$RunnableAdapter.call(Executors.java:511)
	at java.util.concurrent.FutureTask.run(FutureTask.java:266)
	at java.util.concurrent.ThreadPoolExecutor.runWorker(ThreadPoolExecutor.java:1149)
	at java.util.concurrent.ThreadPoolExecutor$Worker.run(ThreadPoolExecutor.java:624)
	... 1 more
Caused by: org.apache.ratis.thirdparty.io.netty.channel.AbstractChannel$AnnotatedConnectException: Connection refused: /192.168.157.219:34722
	at sun.nio.ch.SocketChannelImpl.checkConnect(Native Method)
	at sun.nio.ch.SocketChannelImpl.finishConnect(SocketChannelImpl.java:717)
	at org.apache.ratis.thirdparty.io.netty.channel.socket.nio.NioSocketChannel.doFinishConnect(NioSocketChannel.java:327)
	at org.apache.ratis.thirdparty.io.netty.channel.nio.AbstractNioChannel$AbstractNioUnsafe.finishConnect(AbstractNioChannel.java:340)
	at org.apache.ratis.thirdparty.io.netty.channel.nio.NioEventLoop.processSelectedKey(NioEventLoop.java:632)
	at org.apache.ratis.thirdparty.io.netty.channel.nio.NioEventLoop.processSelectedKeysOptimized(NioEventLoop.java:579)
	at org.apache.ratis.thirdparty.io.netty.channel.nio.NioEventLoop.processSelectedKeys(NioEventLoop.java:496)
	at org.apache.ratis.thirdparty.io.netty.channel.nio.NioEventLoop.run(NioEventLoop.java:458)
	at org.apache.ratis.thirdparty.io.netty.util.concurrent.SingleThreadEventExecutor$5.run(SingleThreadEventExecutor.java:897)
	at org.apache.ratis.thirdparty.io.netty.util.concurrent.FastThreadLocalRunnable.run(FastThreadLocalRunnable.java:30)
	... 1 more
Caused by: java.net.ConnectException: Connection refused
	... 11 more
2019-11-14 19:59:43,791 [e8061cfc-e634-4005-9186-8f9a3cdc71ed@group-53319FA87FBA-LeaderElection165] INFO  impl.LeaderElection (LeaderElection.java:logAndReturn(56)) - e8061cfc-e634-4005-9186-8f9a3cdc71ed@group-53319FA87FBA-LeaderElection165: Election REJECTED; received 0 response(s) [] and 2 exception(s); e8061cfc-e634-4005-9186-8f9a3cdc71ed@group-53319FA87FBA:t5, leader=null, voted=e8061cfc-e634-4005-9186-8f9a3cdc71ed, raftlog=e8061cfc-e634-4005-9186-8f9a3cdc71ed@group-53319FA87FBA-SegmentedRaftLog:OPENED:c0,f0,i0, conf=0: [60fc2306-005b-4da9-bff6-f0a04ff2f155:192.168.157.219:33304, 909799b4-01f9-4409-9e01-df516dc8a9f9:192.168.157.219:34722, e8061cfc-e634-4005-9186-8f9a3cdc71ed:192.168.157.219:37108], old=null
2019-11-14 19:59:43,791 [e8061cfc-e634-4005-9186-8f9a3cdc71ed@group-53319FA87FBA-LeaderElection165] INFO  impl.LeaderElection (LogUtils.java:infoOrTrace(149)) -   Exception 0: {}
java.util.concurrent.ExecutionException: org.apache.ratis.thirdparty.io.grpc.StatusRuntimeException: UNAVAILABLE: io exception
	at java.util.concurrent.FutureTask.report(FutureTask.java:122)
	at java.util.concurrent.FutureTask.get(FutureTask.java:192)
	at org.apache.ratis.server.impl.LeaderElection.waitForResults(LeaderElection.java:259)
	at org.apache.ratis.server.impl.LeaderElection.askForVotes(LeaderElection.java:197)
	at org.apache.ratis.server.impl.LeaderElection.run(LeaderElection.java:133)
	at java.lang.Thread.run(Thread.java:748)
Caused by: org.apache.ratis.thirdparty.io.grpc.StatusRuntimeException: UNAVAILABLE: io exception
	at org.apache.ratis.thirdparty.io.grpc.stub.ClientCalls.toStatusRuntimeException(ClientCalls.java:233)
	at org.apache.ratis.thirdparty.io.grpc.stub.ClientCalls.getUnchecked(ClientCalls.java:214)
	at org.apache.ratis.thirdparty.io.grpc.stub.ClientCalls.blockingUnaryCall(ClientCalls.java:139)
	at org.apache.ratis.proto.grpc.RaftServerProtocolServiceGrpc$RaftServerProtocolServiceBlockingStub.requestVote(RaftServerProtocolServiceGrpc.java:265)
	at org.apache.ratis.grpc.server.GrpcServerProtocolClient.requestVote(GrpcServerProtocolClient.java:99)
	at org.apache.ratis.grpc.server.GrpcService.requestVote(GrpcService.java:204)
	at org.apache.ratis.server.impl.LeaderElection.lambda$submitRequests$1(LeaderElection.java:234)
	at java.util.concurrent.FutureTask.run(FutureTask.java:266)
	at java.util.concurrent.Executors$RunnableAdapter.call(Executors.java:511)
	at java.util.concurrent.FutureTask.run(FutureTask.java:266)
	at java.util.concurrent.ThreadPoolExecutor.runWorker(ThreadPoolExecutor.java:1149)
	at java.util.concurrent.ThreadPoolExecutor$Worker.run(ThreadPoolExecutor.java:624)
	... 1 more
Caused by: org.apache.ratis.thirdparty.io.netty.channel.AbstractChannel$AnnotatedConnectException: Connection refused: /192.168.157.219:33304
	at sun.nio.ch.SocketChannelImpl.checkConnect(Native Method)
	at sun.nio.ch.SocketChannelImpl.finishConnect(SocketChannelImpl.java:717)
	at org.apache.ratis.thirdparty.io.netty.channel.socket.nio.NioSocketChannel.doFinishConnect(NioSocketChannel.java:327)
	at org.apache.ratis.thirdparty.io.netty.channel.nio.AbstractNioChannel$AbstractNioUnsafe.finishConnect(AbstractNioChannel.java:340)
	at org.apache.ratis.thirdparty.io.netty.channel.nio.NioEventLoop.processSelectedKey(NioEventLoop.java:632)
	at org.apache.ratis.thirdparty.io.netty.channel.nio.NioEventLoop.processSelectedKeysOptimized(NioEventLoop.java:579)
	at org.apache.ratis.thirdparty.io.netty.channel.nio.NioEventLoop.processSelectedKeys(NioEventLoop.java:496)
	at org.apache.ratis.thirdparty.io.netty.channel.nio.NioEventLoop.run(NioEventLoop.java:458)
	at org.apache.ratis.thirdparty.io.netty.util.concurrent.SingleThreadEventExecutor$5.run(SingleThreadEventExecutor.java:897)
	at org.apache.ratis.thirdparty.io.netty.util.concurrent.FastThreadLocalRunnable.run(FastThreadLocalRunnable.java:30)
	... 1 more
Caused by: java.net.ConnectException: Connection refused
	... 11 more
2019-11-14 19:59:43,791 [e8061cfc-e634-4005-9186-8f9a3cdc71ed@group-53319FA87FBA-LeaderElection165] INFO  impl.LeaderElection (LogUtils.java:infoOrTrace(149)) -   Exception 1: {}
java.util.concurrent.ExecutionException: org.apache.ratis.thirdparty.io.grpc.StatusRuntimeException: UNAVAILABLE: io exception
	at java.util.concurrent.FutureTask.report(FutureTask.java:122)
	at java.util.concurrent.FutureTask.get(FutureTask.java:192)
	at org.apache.ratis.server.impl.LeaderElection.waitForResults(LeaderElection.java:259)
	at org.apache.ratis.server.impl.LeaderElection.askForVotes(LeaderElection.java:197)
	at org.apache.ratis.server.impl.LeaderElection.run(LeaderElection.java:133)
	at java.lang.Thread.run(Thread.java:748)
Caused by: org.apache.ratis.thirdparty.io.grpc.StatusRuntimeException: UNAVAILABLE: io exception
	at org.apache.ratis.thirdparty.io.grpc.stub.ClientCalls.toStatusRuntimeException(ClientCalls.java:233)
	at org.apache.ratis.thirdparty.io.grpc.stub.ClientCalls.getUnchecked(ClientCalls.java:214)
	at org.apache.ratis.thirdparty.io.grpc.stub.ClientCalls.blockingUnaryCall(ClientCalls.java:139)
	at org.apache.ratis.proto.grpc.RaftServerProtocolServiceGrpc$RaftServerProtocolServiceBlockingStub.requestVote(RaftServerProtocolServiceGrpc.java:265)
	at org.apache.ratis.grpc.server.GrpcServerProtocolClient.requestVote(GrpcServerProtocolClient.java:99)
	at org.apache.ratis.grpc.server.GrpcService.requestVote(GrpcService.java:204)
	at org.apache.ratis.server.impl.LeaderElection.lambda$submitRequests$1(LeaderElection.java:234)
	at java.util.concurrent.FutureTask.run(FutureTask.java:266)
	at java.util.concurrent.Executors$RunnableAdapter.call(Executors.java:511)
	at java.util.concurrent.FutureTask.run(FutureTask.java:266)
	at java.util.concurrent.ThreadPoolExecutor.runWorker(ThreadPoolExecutor.java:1149)
	at java.util.concurrent.ThreadPoolExecutor$Worker.run(ThreadPoolExecutor.java:624)
	... 1 more
Caused by: org.apache.ratis.thirdparty.io.netty.channel.AbstractChannel$AnnotatedConnectException: Connection refused: /192.168.157.219:34722
	at sun.nio.ch.SocketChannelImpl.checkConnect(Native Method)
	at sun.nio.ch.SocketChannelImpl.finishConnect(SocketChannelImpl.java:717)
	at org.apache.ratis.thirdparty.io.netty.channel.socket.nio.NioSocketChannel.doFinishConnect(NioSocketChannel.java:327)
	at org.apache.ratis.thirdparty.io.netty.channel.nio.AbstractNioChannel$AbstractNioUnsafe.finishConnect(AbstractNioChannel.java:340)
	at org.apache.ratis.thirdparty.io.netty.channel.nio.NioEventLoop.processSelectedKey(NioEventLoop.java:632)
	at org.apache.ratis.thirdparty.io.netty.channel.nio.NioEventLoop.processSelectedKeysOptimized(NioEventLoop.java:579)
	at org.apache.ratis.thirdparty.io.netty.channel.nio.NioEventLoop.processSelectedKeys(NioEventLoop.java:496)
	at org.apache.ratis.thirdparty.io.netty.channel.nio.NioEventLoop.run(NioEventLoop.java:458)
	at org.apache.ratis.thirdparty.io.netty.util.concurrent.SingleThreadEventExecutor$5.run(SingleThreadEventExecutor.java:897)
	at org.apache.ratis.thirdparty.io.netty.util.concurrent.FastThreadLocalRunnable.run(FastThreadLocalRunnable.java:30)
	... 1 more
Caused by: java.net.ConnectException: Connection refused
	... 11 more
2019-11-14 19:59:43,792 [e8061cfc-e634-4005-9186-8f9a3cdc71ed@group-53319FA87FBA-LeaderElection165] INFO  impl.RaftServerImpl (RaftServerImpl.java:setRole(173)) - e8061cfc-e634-4005-9186-8f9a3cdc71ed@group-53319FA87FBA: changes role from CANDIDATE to FOLLOWER at term 5 for DISCOVERED_A_NEW_TERM
2019-11-14 19:59:43,792 [e8061cfc-e634-4005-9186-8f9a3cdc71ed@group-53319FA87FBA-LeaderElection165] INFO  impl.RoleInfo (RoleInfo.java:shutdownLeaderElection(134)) - e8061cfc-e634-4005-9186-8f9a3cdc71ed: shutdown LeaderElection
2019-11-14 19:59:43,792 [e8061cfc-e634-4005-9186-8f9a3cdc71ed@group-53319FA87FBA-LeaderElection165] INFO  impl.RoleInfo (RoleInfo.java:updateAndGet(143)) - e8061cfc-e634-4005-9186-8f9a3cdc71ed: start FollowerState
2019-11-14 19:59:43,865 [grpc-default-executor-7] WARN  server.GrpcLogAppender (LogUtils.java:warn(134)) - 37fea5d6-1a60-4b82-9570-57888d4e9f46@group-5C9C84E47F8E->f857cfdd-345c-4de8-889d-b8fdff158faf-AppendLogResponseHandler: Failed appendEntries: org.apache.ratis.thirdparty.io.grpc.StatusRuntimeException: UNAVAILABLE: io exception
2019-11-14 19:59:43,866 [grpc-default-executor-7] INFO  impl.FollowerInfo (FollowerInfo.java:lambda$new$0(51)) - 37fea5d6-1a60-4b82-9570-57888d4e9f46@group-5C9C84E47F8E->f857cfdd-345c-4de8-889d-b8fdff158faf: nextIndex: updateUnconditionally 0 -> 0
2019-11-14 19:59:43,877 [grpc-default-executor-7] WARN  server.GrpcLogAppender (LogUtils.java:warn(134)) - 37fea5d6-1a60-4b82-9570-57888d4e9f46@group-5C9C84E47F8E->9e8f1412-9bf1-4810-b3e9-2cd8ebd4b71b-AppendLogResponseHandler: Failed appendEntries: org.apache.ratis.thirdparty.io.grpc.StatusRuntimeException: UNAVAILABLE: io exception
2019-11-14 19:59:43,877 [grpc-default-executor-7] INFO  impl.FollowerInfo (FollowerInfo.java:lambda$new$0(51)) - 37fea5d6-1a60-4b82-9570-57888d4e9f46@group-5C9C84E47F8E->9e8f1412-9bf1-4810-b3e9-2cd8ebd4b71b: nextIndex: updateUnconditionally 0 -> 0
2019-11-14 19:59:44,198 [ForkJoinPool.commonPool-worker-1] INFO  ozoneimpl.OzoneContainer (OzoneContainer.java:stop(244)) - Attempting to stop container services.
2019-11-14 19:59:44,198 [main] INFO  ozoneimpl.OzoneContainer (OzoneContainer.java:stop(244)) - Attempting to stop container services.
2019-11-14 19:59:44,199 [ForkJoinPool.commonPool-worker-1] INFO  impl.RaftServerProxy (RaftServerProxy.java:lambda$close$4(314)) - 37fea5d6-1a60-4b82-9570-57888d4e9f46: close
2019-11-14 19:59:44,199 [main] INFO  impl.RaftServerProxy (RaftServerProxy.java:lambda$close$4(314)) - e8061cfc-e634-4005-9186-8f9a3cdc71ed: close
2019-11-14 19:59:44,199 [ForkJoinPool.commonPool-worker-1] INFO  impl.RaftServerImpl (RaftServerImpl.java:lambda$shutdown$3(250)) - 37fea5d6-1a60-4b82-9570-57888d4e9f46@group-5C9C84E47F8E: shutdown
2019-11-14 19:59:44,200 [main] INFO  impl.RaftServerImpl (RaftServerImpl.java:lambda$shutdown$3(250)) - e8061cfc-e634-4005-9186-8f9a3cdc71ed@group-53319FA87FBA: shutdown
2019-11-14 19:59:44,200 [ForkJoinPool.commonPool-worker-1] INFO  util.JmxRegister (JmxRegister.java:unregister(73)) - Successfully un-registered JMX Bean with object name Ratis:service=RaftServer,group=group-5C9C84E47F8E,id=37fea5d6-1a60-4b82-9570-57888d4e9f46
2019-11-14 19:59:44,200 [main] INFO  util.JmxRegister (JmxRegister.java:unregister(73)) - Successfully un-registered JMX Bean with object name Ratis:service=RaftServer,group=group-53319FA87FBA,id=e8061cfc-e634-4005-9186-8f9a3cdc71ed
2019-11-14 19:59:44,200 [ForkJoinPool.commonPool-worker-1] INFO  impl.RoleInfo (RoleInfo.java:shutdownLeaderState(104)) - 37fea5d6-1a60-4b82-9570-57888d4e9f46: shutdown LeaderState
2019-11-14 19:59:44,201 [main] INFO  impl.RoleInfo (RoleInfo.java:shutdownFollowerState(121)) - e8061cfc-e634-4005-9186-8f9a3cdc71ed: shutdown FollowerState
2019-11-14 19:59:44,202 [org.apache.ratis.server.impl.LogAppender$AppenderDaemon$$Lambda$430/86081870@40126c31] WARN  server.GrpcLogAppender (GrpcLogAppender.java:mayWait(151)) - 37fea5d6-1a60-4b82-9570-57888d4e9f46@group-5C9C84E47F8E->9e8f1412-9bf1-4810-b3e9-2cd8ebd4b71b-GrpcLogAppender: Wait interrupted by java.lang.InterruptedException
2019-11-14 19:59:44,203 [main] INFO  impl.StateMachineUpdater (StateMachineUpdater.java:stopAndJoin(136)) - e8061cfc-e634-4005-9186-8f9a3cdc71ed@group-53319FA87FBA-StateMachineUpdater: set stopIndex = 0
2019-11-14 19:59:44,202 [org.apache.ratis.server.impl.LogAppender$AppenderDaemon$$Lambda$430/86081870@71e1dc54] WARN  server.GrpcLogAppender (GrpcLogAppender.java:mayWait(151)) - 37fea5d6-1a60-4b82-9570-57888d4e9f46@group-5C9C84E47F8E->f857cfdd-345c-4de8-889d-b8fdff158faf-GrpcLogAppender: Wait interrupted by java.lang.InterruptedException
2019-11-14 19:59:44,203 [main] INFO  impl.RaftServerImpl (ServerState.java:close(387)) - e8061cfc-e634-4005-9186-8f9a3cdc71ed@group-53319FA87FBA: closes. applyIndex: 0
2019-11-14 19:59:44,202 [ForkJoinPool.commonPool-worker-1] INFO  impl.PendingRequests (PendingRequests.java:sendNotLeaderResponses(206)) - 37fea5d6-1a60-4b82-9570-57888d4e9f46@group-5C9C84E47F8E-PendingRequests: sendNotLeaderResponses
2019-11-14 19:59:44,203 [Thread-3943] INFO  impl.FollowerState (FollowerState.java:run(120)) - e8061cfc-e634-4005-9186-8f9a3cdc71ed@group-53319FA87FBA-FollowerState was interrupted: java.lang.InterruptedException: sleep interrupted
2019-11-14 19:59:44,206 [ForkJoinPool.commonPool-worker-1] INFO  impl.StateMachineUpdater (StateMachineUpdater.java:stopAndJoin(136)) - 37fea5d6-1a60-4b82-9570-57888d4e9f46@group-5C9C84E47F8E-StateMachineUpdater: set stopIndex = 2
2019-11-14 19:59:44,204 [e8061cfc-e634-4005-9186-8f9a3cdc71ed@group-53319FA87FBA-SegmentedRaftLogWorker] INFO  segmented.SegmentedRaftLogWorker (SegmentedRaftLogWorker.java:run(316)) - e8061cfc-e634-4005-9186-8f9a3cdc71ed@group-53319FA87FBA-SegmentedRaftLogWorker was interrupted, exiting. There are 0 tasks remaining in the queue.
2019-11-14 19:59:44,206 [ForkJoinPool.commonPool-worker-1] INFO  impl.RaftServerImpl (ServerState.java:close(387)) - 37fea5d6-1a60-4b82-9570-57888d4e9f46@group-5C9C84E47F8E: closes. applyIndex: 2
2019-11-14 19:59:44,206 [37fea5d6-1a60-4b82-9570-57888d4e9f46@group-5C9C84E47F8E-SegmentedRaftLogWorker] INFO  segmented.SegmentedRaftLogWorker (SegmentedRaftLogWorker.java:run(316)) - 37fea5d6-1a60-4b82-9570-57888d4e9f46@group-5C9C84E47F8E-SegmentedRaftLogWorker was interrupted, exiting. There are 0 tasks remaining in the queue.
2019-11-14 19:59:44,206 [main] INFO  segmented.SegmentedRaftLogWorker (SegmentedRaftLogWorker.java:close(224)) - e8061cfc-e634-4005-9186-8f9a3cdc71ed@group-53319FA87FBA-SegmentedRaftLogWorker close()
2019-11-14 19:59:44,207 [ForkJoinPool.commonPool-worker-1] INFO  segmented.SegmentedRaftLogWorker (SegmentedRaftLogWorker.java:close(224)) - 37fea5d6-1a60-4b82-9570-57888d4e9f46@group-5C9C84E47F8E-SegmentedRaftLogWorker close()
2019-11-14 19:59:44,213 [ForkJoinPool.commonPool-worker-1] INFO  impl.RaftServerImpl (RaftServerImpl.java:lambda$shutdown$3(250)) - 37fea5d6-1a60-4b82-9570-57888d4e9f46@group-578C97255FA6: shutdown
2019-11-14 19:59:44,213 [main] INFO  impl.RaftServerImpl (RaftServerImpl.java:lambda$shutdown$3(250)) - e8061cfc-e634-4005-9186-8f9a3cdc71ed@group-6831742A8C71: shutdown
2019-11-14 19:59:44,214 [ForkJoinPool.commonPool-worker-1] INFO  util.JmxRegister (JmxRegister.java:unregister(73)) - Successfully un-registered JMX Bean with object name Ratis:service=RaftServer,group=group-578C97255FA6,id=37fea5d6-1a60-4b82-9570-57888d4e9f46
2019-11-14 19:59:44,214 [ForkJoinPool.commonPool-worker-1] INFO  impl.RoleInfo (RoleInfo.java:shutdownLeaderState(104)) - 37fea5d6-1a60-4b82-9570-57888d4e9f46: shutdown LeaderState
2019-11-14 19:59:44,214 [main] INFO  util.JmxRegister (JmxRegister.java:unregister(73)) - Successfully un-registered JMX Bean with object name Ratis:service=RaftServer,group=group-6831742A8C71,id=e8061cfc-e634-4005-9186-8f9a3cdc71ed
2019-11-14 19:59:44,214 [ForkJoinPool.commonPool-worker-1] INFO  impl.PendingRequests (PendingRequests.java:sendNotLeaderResponses(206)) - 37fea5d6-1a60-4b82-9570-57888d4e9f46@group-578C97255FA6-PendingRequests: sendNotLeaderResponses
2019-11-14 19:59:44,215 [main] INFO  impl.RoleInfo (RoleInfo.java:shutdownLeaderState(104)) - e8061cfc-e634-4005-9186-8f9a3cdc71ed: shutdown LeaderState
2019-11-14 19:59:44,215 [ForkJoinPool.commonPool-worker-1] INFO  impl.StateMachineUpdater (StateMachineUpdater.java:stopAndJoin(136)) - 37fea5d6-1a60-4b82-9570-57888d4e9f46@group-578C97255FA6-StateMachineUpdater: set stopIndex = 0
2019-11-14 19:59:44,215 [ForkJoinPool.commonPool-worker-1] INFO  impl.RaftServerImpl (ServerState.java:close(387)) - 37fea5d6-1a60-4b82-9570-57888d4e9f46@group-578C97255FA6: closes. applyIndex: 0
2019-11-14 19:59:44,215 [main] INFO  impl.PendingRequests (PendingRequests.java:sendNotLeaderResponses(206)) - e8061cfc-e634-4005-9186-8f9a3cdc71ed@group-6831742A8C71-PendingRequests: sendNotLeaderResponses
2019-11-14 19:59:44,215 [37fea5d6-1a60-4b82-9570-57888d4e9f46@group-578C97255FA6-SegmentedRaftLogWorker] INFO  segmented.SegmentedRaftLogWorker (SegmentedRaftLogWorker.java:run(316)) - 37fea5d6-1a60-4b82-9570-57888d4e9f46@group-578C97255FA6-SegmentedRaftLogWorker was interrupted, exiting. There are 0 tasks remaining in the queue.
2019-11-14 19:59:44,216 [ForkJoinPool.commonPool-worker-1] INFO  segmented.SegmentedRaftLogWorker (SegmentedRaftLogWorker.java:close(224)) - 37fea5d6-1a60-4b82-9570-57888d4e9f46@group-578C97255FA6-SegmentedRaftLogWorker close()
2019-11-14 19:59:44,216 [main] INFO  impl.StateMachineUpdater (StateMachineUpdater.java:stopAndJoin(136)) - e8061cfc-e634-4005-9186-8f9a3cdc71ed@group-6831742A8C71-StateMachineUpdater: set stopIndex = 0
2019-11-14 19:59:44,216 [ForkJoinPool.commonPool-worker-1] INFO  server.GrpcService (GrpcService.java:closeImpl(164)) - 37fea5d6-1a60-4b82-9570-57888d4e9f46: shutdown server with port 35005 now
2019-11-14 19:59:44,216 [main] INFO  impl.RaftServerImpl (ServerState.java:close(387)) - e8061cfc-e634-4005-9186-8f9a3cdc71ed@group-6831742A8C71: closes. applyIndex: 0
2019-11-14 19:59:44,217 [ForkJoinPool.commonPool-worker-1] INFO  server.GrpcService (GrpcService.java:closeImpl(172)) - 37fea5d6-1a60-4b82-9570-57888d4e9f46: shutdown server with port 35005 successfully
2019-11-14 19:59:44,217 [e8061cfc-e634-4005-9186-8f9a3cdc71ed@group-6831742A8C71-SegmentedRaftLogWorker] INFO  segmented.SegmentedRaftLogWorker (SegmentedRaftLogWorker.java:run(316)) - e8061cfc-e634-4005-9186-8f9a3cdc71ed@group-6831742A8C71-SegmentedRaftLogWorker was interrupted, exiting. There are 0 tasks remaining in the queue.
2019-11-14 19:59:44,217 [main] INFO  segmented.SegmentedRaftLogWorker (SegmentedRaftLogWorker.java:close(224)) - e8061cfc-e634-4005-9186-8f9a3cdc71ed@group-6831742A8C71-SegmentedRaftLogWorker close()
2019-11-14 19:59:44,218 [main] INFO  server.GrpcService (GrpcService.java:closeImpl(164)) - e8061cfc-e634-4005-9186-8f9a3cdc71ed: shutdown server with port 37108 now
2019-11-14 19:59:44,218 [main] INFO  server.GrpcService (GrpcService.java:closeImpl(172)) - e8061cfc-e634-4005-9186-8f9a3cdc71ed: shutdown server with port 37108 successfully
2019-11-14 19:59:44,218 [refreshUsed-/workdir/hadoop-ozone/integration-test/target/test-dir/MiniOzoneClusterImpl-df23ed15-4459-4301-a988-82089ad70e13/datanode-1/data/containers] WARN  fs.CachingGetSpaceUsed (CachingGetSpaceUsed.java:run(183)) - Thread Interrupted waiting to refresh disk information: sleep interrupted
2019-11-14 19:59:44,224 [refreshUsed-/workdir/hadoop-ozone/integration-test/target/test-dir/MiniOzoneClusterImpl-df23ed15-4459-4301-a988-82089ad70e13/datanode-7/data/containers] WARN  fs.CachingGetSpaceUsed (CachingGetSpaceUsed.java:run(183)) - Thread Interrupted waiting to refresh disk information: sleep interrupted
2019-11-14 19:59:44,238 [ForkJoinPool.commonPool-worker-1] INFO  utils.BackgroundService (BackgroundService.java:shutdown(151)) - Shutting down service BlockDeletingService
2019-11-14 19:59:44,239 [ForkJoinPool.commonPool-worker-1] INFO  statemachine.DatanodeStateMachine (DatanodeStateMachine.java:stopDaemon(400)) - Ozone container server stopped.
2019-11-14 19:59:44,240 [main] INFO  utils.BackgroundService (BackgroundService.java:shutdown(151)) - Shutting down service BlockDeletingService
2019-11-14 19:59:44,241 [main] INFO  statemachine.DatanodeStateMachine (DatanodeStateMachine.java:stopDaemon(400)) - Ozone container server stopped.
2019-11-14 19:59:44,241 [ForkJoinPool.commonPool-worker-1] INFO  handler.ContextHandler (ContextHandler.java:doStop(910)) - Stopped o.e.j.w.WebAppContext@d36c1c3{/,null,UNAVAILABLE}{/hddsDatanode}
2019-11-14 19:59:44,242 [ForkJoinPool.commonPool-worker-1] INFO  server.AbstractConnector (AbstractConnector.java:doStop(318)) - Stopped ServerConnector@96abc76{HTTP/1.1,[http/1.1]}{0.0.0.0:0}
2019-11-14 19:59:44,242 [main] INFO  handler.ContextHandler (ContextHandler.java:doStop(910)) - Stopped o.e.j.w.WebAppContext@1600a8a2{/,null,UNAVAILABLE}{/hddsDatanode}
2019-11-14 19:59:44,243 [ForkJoinPool.commonPool-worker-1] INFO  handler.ContextHandler (ContextHandler.java:doStop(910)) - Stopped o.e.j.s.ServletContextHandler@38811103{/static,jar:file:/home/user/.m2/repository/org/apache/hadoop/hadoop-hdds-container-service/0.5.0-SNAPSHOT/hadoop-hdds-container-service-0.5.0-SNAPSHOT.jar!/webapps/static,UNAVAILABLE}
2019-11-14 19:59:44,244 [ForkJoinPool.commonPool-worker-1] INFO  handler.ContextHandler (ContextHandler.java:doStop(910)) - Stopped o.e.j.s.ServletContextHandler@1eb9bf60{/logs,file:///workdir/hadoop-ozone/integration-test/target/log,UNAVAILABLE}
2019-11-14 19:59:44,244 [main] INFO  server.AbstractConnector (AbstractConnector.java:doStop(318)) - Stopped ServerConnector@6b25ef1c{HTTP/1.1,[http/1.1]}{0.0.0.0:0}
2019-11-14 19:59:44,245 [main] INFO  handler.ContextHandler (ContextHandler.java:doStop(910)) - Stopped o.e.j.s.ServletContextHandler@6cdbe5ec{/static,jar:file:/home/user/.m2/repository/org/apache/hadoop/hadoop-hdds-container-service/0.5.0-SNAPSHOT/hadoop-hdds-container-service-0.5.0-SNAPSHOT.jar!/webapps/static,UNAVAILABLE}
2019-11-14 19:59:44,245 [main] INFO  handler.ContextHandler (ContextHandler.java:doStop(910)) - Stopped o.e.j.s.ServletContextHandler@2ee92e7d{/logs,file:///workdir/hadoop-ozone/integration-test/target/log,UNAVAILABLE}
2019-11-14 19:59:44,246 [main] INFO  ozone.MiniOzoneClusterImpl (MiniOzoneClusterImpl.java:stopSCM(430)) - Stopping the StorageContainerManager
2019-11-14 19:59:44,246 [main] INFO  server.StorageContainerManager (StorageContainerManager.java:stop(804)) - Stopping Replication Manager Service.
2019-11-14 19:59:44,246 [main] INFO  container.ReplicationManager (ReplicationManager.java:stop(203)) - Stopping Replication Monitor Thread.
2019-11-14 19:59:44,247 [main] INFO  server.StorageContainerManager (StorageContainerManager.java:stop(811)) - Stopping Lease Manager of the command watchers
2019-11-14 19:59:44,247 [main] INFO  server.StorageContainerManager (StorageContainerManager.java:stop(818)) - Stopping datanode service RPC server
2019-11-14 19:59:44,247 [main] INFO  server.SCMDatanodeProtocolServer (SCMDatanodeProtocolServer.java:stop(346)) - Stopping the RPC server for DataNodes
2019-11-14 19:59:44,247 [main] INFO  ipc.Server (Server.java:stop(3082)) - Stopping server on 39924
2019-11-14 19:59:44,249 [IPC Server listener on 39924] INFO  ipc.Server (Server.java:run(1185)) - Stopping IPC Server listener on 39924
2019-11-14 19:59:44,249 [IPC Server Responder] INFO  ipc.Server (Server.java:run(1319)) - Stopping IPC Server Responder
2019-11-14 19:59:44,293 [SCM Heartbeat Processing Thread - 0] WARN  node.NodeStateManager (NodeStateManager.java:scheduleNextHealthCheck(646)) - Current Thread is interrupted, shutting down HB processing thread for Node Manager.
2019-11-14 19:59:44,293 [main] INFO  server.StorageContainerManager (StorageContainerManager.java:stop(826)) - Stopping block service RPC server
2019-11-14 19:59:44,294 [main] INFO  server.SCMBlockProtocolServer (SCMBlockProtocolServer.java:stop(155)) - Stopping the RPC server for Block Protocol
2019-11-14 19:59:44,294 [main] INFO  ipc.Server (Server.java:stop(3082)) - Stopping server on 45635
2019-11-14 19:59:44,296 [IPC Server listener on 45635] INFO  ipc.Server (Server.java:run(1185)) - Stopping IPC Server listener on 45635
2019-11-14 19:59:44,296 [main] INFO  server.StorageContainerManager (StorageContainerManager.java:stop(833)) - Stopping the StorageContainerLocationProtocol RPC server
2019-11-14 19:59:44,296 [IPC Server Responder] INFO  ipc.Server (Server.java:run(1319)) - Stopping IPC Server Responder
2019-11-14 19:59:44,297 [main] INFO  server.SCMClientProtocolServer (SCMClientProtocolServer.java:stop(169)) - Stopping the RPC server for Client Protocol
2019-11-14 19:59:44,297 [main] INFO  ipc.Server (Server.java:stop(3082)) - Stopping server on 38831
2019-11-14 19:59:44,299 [IPC Server listener on 38831] INFO  ipc.Server (Server.java:run(1185)) - Stopping IPC Server listener on 38831
2019-11-14 19:59:44,299 [main] INFO  server.StorageContainerManager (StorageContainerManager.java:stop(840)) - Stopping Storage Container Manager HTTP server.
2019-11-14 19:59:44,300 [IPC Server Responder] INFO  ipc.Server (Server.java:run(1319)) - Stopping IPC Server Responder
2019-11-14 19:59:44,301 [main] INFO  handler.ContextHandler (ContextHandler.java:doStop(910)) - Stopped o.e.j.w.WebAppContext@788e3702{/,null,UNAVAILABLE}{/scm}
2019-11-14 19:59:44,302 [main] INFO  server.AbstractConnector (AbstractConnector.java:doStop(318)) - Stopped ServerConnector@d25e878{HTTP/1.1,[http/1.1]}{0.0.0.0:0}
2019-11-14 19:59:44,302 [main] INFO  handler.ContextHandler (ContextHandler.java:doStop(910)) - Stopped o.e.j.s.ServletContextHandler@5763a655{/static,file:///workdir/hadoop-ozone/integration-test/target/test-classes/webapps/static,UNAVAILABLE}
2019-11-14 19:59:44,302 [main] INFO  handler.ContextHandler (ContextHandler.java:doStop(910)) - Stopped o.e.j.s.ServletContextHandler@78c74647{/logs,file:///workdir/hadoop-ozone/integration-test/target/log,UNAVAILABLE}
2019-11-14 19:59:44,303 [main] INFO  server.StorageContainerManager (StorageContainerManager.java:stop(851)) - Stopping Block Manager Service.
2019-11-14 19:59:44,303 [main] INFO  utils.BackgroundService (BackgroundService.java:shutdown(151)) - Shutting down service SCMBlockDeletingService
2019-11-14 19:59:44,304 [main] INFO  utils.BackgroundService (BackgroundService.java:shutdown(151)) - Shutting down service SCMBlockDeletingService
2019-11-14 19:59:44,304 [main] INFO  server.StorageContainerManager (StorageContainerManager.java:stop(873)) - Stopping SCM Event Queue.
2019-11-14 19:59:44,311 [main] INFO  impl.MetricsSystemImpl (MetricsSystemImpl.java:stop(210)) - Stopping HddsDatanode metrics system...
2019-11-14 19:59:44,324 [main] INFO  impl.MetricsSystemImpl (MetricsSystemImpl.java:stop(216)) - HddsDatanode metrics system stopped.
]]></system-out>
    <system-err><![CDATA[Nov 14, 2019 7:59:14 PM org.apache.ratis.thirdparty.io.grpc.internal.ManagedChannelOrphanWrapper$ManagedChannelReference cleanQueue
SEVERE: *~*~*~ Channel ManagedChannelImpl{logId=2973, target=192.168.157.219:38177} was not shutdown properly!!! ~*~*~*
    Make sure to call shutdown()/shutdownNow() and wait until awaitTermination() returns true.
java.lang.RuntimeException: ManagedChannel allocation site
	at org.apache.ratis.thirdparty.io.grpc.internal.ManagedChannelOrphanWrapper$ManagedChannelReference.<init>(ManagedChannelOrphanWrapper.java:103)
	at org.apache.ratis.thirdparty.io.grpc.internal.ManagedChannelOrphanWrapper.<init>(ManagedChannelOrphanWrapper.java:53)
	at org.apache.ratis.thirdparty.io.grpc.internal.ManagedChannelOrphanWrapper.<init>(ManagedChannelOrphanWrapper.java:44)
	at org.apache.ratis.thirdparty.io.grpc.internal.AbstractManagedChannelImplBuilder.build(AbstractManagedChannelImplBuilder.java:411)
	at org.apache.hadoop.hdds.scm.XceiverClientGrpc.connectToDatanode(XceiverClientGrpc.java:189)
	at org.apache.hadoop.hdds.scm.XceiverClientGrpc.connect(XceiverClientGrpc.java:138)
	at org.apache.hadoop.hdds.scm.XceiverClientManager$2.call(XceiverClientManager.java:242)
	at org.apache.hadoop.hdds.scm.XceiverClientManager$2.call(XceiverClientManager.java:226)
	at com.google.common.cache.LocalCache$LocalManualCache$1.load(LocalCache.java:4767)
	at com.google.common.cache.LocalCache$LoadingValueReference.loadFuture(LocalCache.java:3568)
	at com.google.common.cache.LocalCache$Segment.loadSync(LocalCache.java:2350)
	at com.google.common.cache.LocalCache$Segment.lockedGetOrLoad(LocalCache.java:2313)
	at com.google.common.cache.LocalCache$Segment.get(LocalCache.java:2228)
	at com.google.common.cache.LocalCache.get(LocalCache.java:3965)
	at com.google.common.cache.LocalCache$LocalManualCache.get(LocalCache.java:4764)
	at org.apache.hadoop.hdds.scm.XceiverClientManager.getClient(XceiverClientManager.java:226)
	at org.apache.hadoop.hdds.scm.XceiverClientManager.acquireClient(XceiverClientManager.java:172)
	at org.apache.hadoop.hdds.scm.XceiverClientManager.acquireClientForReadData(XceiverClientManager.java:162)
	at org.apache.hadoop.hdds.scm.storage.BlockInputStream.getChunkInfos(BlockInputStream.java:154)
	at org.apache.hadoop.hdds.scm.storage.BlockInputStream.initialize(BlockInputStream.java:118)
	at org.apache.hadoop.hdds.scm.storage.BlockInputStream.read(BlockInputStream.java:224)
	at org.apache.hadoop.ozone.client.io.KeyInputStream.read(KeyInputStream.java:173)
	at org.apache.hadoop.ozone.client.io.OzoneInputStream.read(OzoneInputStream.java:47)
	at java.io.InputStream.read(InputStream.java:101)
	at org.apache.hadoop.ozone.container.ContainerTestHelper.validateData(ContainerTestHelper.java:754)
	at org.apache.hadoop.ozone.client.rpc.TestFailureHandlingByClient.validateData(TestFailureHandlingByClient.java:413)
	at org.apache.hadoop.ozone.client.rpc.TestFailureHandlingByClient.testBlockWritesWithDnFailures(TestFailureHandlingByClient.java:172)
	at sun.reflect.NativeMethodAccessorImpl.invoke0(Native Method)
	at sun.reflect.NativeMethodAccessorImpl.invoke(NativeMethodAccessorImpl.java:62)
	at sun.reflect.DelegatingMethodAccessorImpl.invoke(DelegatingMethodAccessorImpl.java:43)
	at java.lang.reflect.Method.invoke(Method.java:498)
	at org.junit.runners.model.FrameworkMethod$1.runReflectiveCall(FrameworkMethod.java:47)
	at org.junit.internal.runners.model.ReflectiveCallable.run(ReflectiveCallable.java:12)
	at org.junit.runners.model.FrameworkMethod.invokeExplosively(FrameworkMethod.java:44)
	at org.junit.internal.runners.statements.InvokeMethod.evaluate(InvokeMethod.java:17)
	at org.junit.internal.runners.statements.RunAfters.evaluate(RunAfters.java:27)
	at org.junit.runners.ParentRunner.runLeaf(ParentRunner.java:271)
	at org.junit.runners.BlockJUnit4ClassRunner.runChild(BlockJUnit4ClassRunner.java:70)
	at org.junit.runners.BlockJUnit4ClassRunner.runChild(BlockJUnit4ClassRunner.java:50)
	at org.junit.runners.ParentRunner$3.run(ParentRunner.java:238)
	at org.junit.runners.ParentRunner$1.schedule(ParentRunner.java:63)
	at org.junit.runners.ParentRunner.runChildren(ParentRunner.java:236)
	at org.junit.runners.ParentRunner.access$000(ParentRunner.java:53)
	at org.junit.runners.ParentRunner$2.evaluate(ParentRunner.java:229)
	at org.junit.runners.ParentRunner.run(ParentRunner.java:309)
	at org.apache.maven.surefire.junit4.JUnit4Provider.execute(JUnit4Provider.java:365)
	at org.apache.maven.surefire.junit4.JUnit4Provider.executeWithRerun(JUnit4Provider.java:273)
	at org.apache.maven.surefire.junit4.JUnit4Provider.executeTestSet(JUnit4Provider.java:238)
	at org.apache.maven.surefire.junit4.JUnit4Provider.invoke(JUnit4Provider.java:159)
	at org.apache.maven.surefire.booter.ForkedBooter.invokeProviderInSameClassLoader(ForkedBooter.java:384)
	at org.apache.maven.surefire.booter.ForkedBooter.runSuitesInProcess(ForkedBooter.java:345)
	at org.apache.maven.surefire.booter.ForkedBooter.execute(ForkedBooter.java:126)
	at org.apache.maven.surefire.booter.ForkedBooter.main(ForkedBooter.java:418)

Nov 14, 2019 7:59:14 PM org.apache.ratis.thirdparty.io.grpc.internal.ManagedChannelOrphanWrapper$ManagedChannelReference cleanQueue
SEVERE: *~*~*~ Channel ManagedChannelImpl{logId=2982, target=192.168.157.219:41321} was not shutdown properly!!! ~*~*~*
    Make sure to call shutdown()/shutdownNow() and wait until awaitTermination() returns true.
java.lang.RuntimeException: ManagedChannel allocation site
	at org.apache.ratis.thirdparty.io.grpc.internal.ManagedChannelOrphanWrapper$ManagedChannelReference.<init>(ManagedChannelOrphanWrapper.java:103)
	at org.apache.ratis.thirdparty.io.grpc.internal.ManagedChannelOrphanWrapper.<init>(ManagedChannelOrphanWrapper.java:53)
	at org.apache.ratis.thirdparty.io.grpc.internal.ManagedChannelOrphanWrapper.<init>(ManagedChannelOrphanWrapper.java:44)
	at org.apache.ratis.thirdparty.io.grpc.internal.AbstractManagedChannelImplBuilder.build(AbstractManagedChannelImplBuilder.java:411)
	at org.apache.hadoop.hdds.scm.XceiverClientGrpc.connectToDatanode(XceiverClientGrpc.java:189)
	at org.apache.hadoop.hdds.scm.XceiverClientGrpc.reconnect(XceiverClientGrpc.java:466)
	at org.apache.hadoop.hdds.scm.XceiverClientGrpc.checkOpen(XceiverClientGrpc.java:457)
	at org.apache.hadoop.hdds.scm.XceiverClientGrpc.sendCommandAsync(XceiverClientGrpc.java:399)
	at org.apache.hadoop.hdds.scm.XceiverClientGrpc.sendCommandWithRetry(XceiverClientGrpc.java:318)
	at org.apache.hadoop.hdds.scm.XceiverClientGrpc.sendCommandWithTraceIDAndRetry(XceiverClientGrpc.java:263)
	at org.apache.hadoop.hdds.scm.XceiverClientGrpc.sendCommand(XceiverClientGrpc.java:247)
	at org.apache.hadoop.hdds.scm.storage.ContainerProtocolCalls.getBlock(ContainerProtocolCalls.java:118)
	at org.apache.hadoop.hdds.scm.storage.BlockInputStream.getChunkInfos(BlockInputStream.java:169)
	at org.apache.hadoop.hdds.scm.storage.BlockInputStream.initialize(BlockInputStream.java:118)
	at org.apache.hadoop.hdds.scm.storage.BlockInputStream.read(BlockInputStream.java:224)
	at org.apache.hadoop.ozone.client.io.KeyInputStream.read(KeyInputStream.java:173)
	at org.apache.hadoop.ozone.client.io.OzoneInputStream.read(OzoneInputStream.java:47)
	at java.io.InputStream.read(InputStream.java:101)
	at org.apache.hadoop.ozone.container.ContainerTestHelper.validateData(ContainerTestHelper.java:754)
	at org.apache.hadoop.ozone.client.rpc.TestFailureHandlingByClient.validateData(TestFailureHandlingByClient.java:413)
	at org.apache.hadoop.ozone.client.rpc.TestFailureHandlingByClient.testBlockWritesWithDnFailures(TestFailureHandlingByClient.java:172)
	at sun.reflect.NativeMethodAccessorImpl.invoke0(Native Method)
	at sun.reflect.NativeMethodAccessorImpl.invoke(NativeMethodAccessorImpl.java:62)
	at sun.reflect.DelegatingMethodAccessorImpl.invoke(DelegatingMethodAccessorImpl.java:43)
	at java.lang.reflect.Method.invoke(Method.java:498)
	at org.junit.runners.model.FrameworkMethod$1.runReflectiveCall(FrameworkMethod.java:47)
	at org.junit.internal.runners.model.ReflectiveCallable.run(ReflectiveCallable.java:12)
	at org.junit.runners.model.FrameworkMethod.invokeExplosively(FrameworkMethod.java:44)
	at org.junit.internal.runners.statements.InvokeMethod.evaluate(InvokeMethod.java:17)
	at org.junit.internal.runners.statements.RunAfters.evaluate(RunAfters.java:27)
	at org.junit.runners.ParentRunner.runLeaf(ParentRunner.java:271)
	at org.junit.runners.BlockJUnit4ClassRunner.runChild(BlockJUnit4ClassRunner.java:70)
	at org.junit.runners.BlockJUnit4ClassRunner.runChild(BlockJUnit4ClassRunner.java:50)
	at org.junit.runners.ParentRunner$3.run(ParentRunner.java:238)
	at org.junit.runners.ParentRunner$1.schedule(ParentRunner.java:63)
	at org.junit.runners.ParentRunner.runChildren(ParentRunner.java:236)
	at org.junit.runners.ParentRunner.access$000(ParentRunner.java:53)
	at org.junit.runners.ParentRunner$2.evaluate(ParentRunner.java:229)
	at org.junit.runners.ParentRunner.run(ParentRunner.java:309)
	at org.apache.maven.surefire.junit4.JUnit4Provider.execute(JUnit4Provider.java:365)
	at org.apache.maven.surefire.junit4.JUnit4Provider.executeWithRerun(JUnit4Provider.java:273)
	at org.apache.maven.surefire.junit4.JUnit4Provider.executeTestSet(JUnit4Provider.java:238)
	at org.apache.maven.surefire.junit4.JUnit4Provider.invoke(JUnit4Provider.java:159)
	at org.apache.maven.surefire.booter.ForkedBooter.invokeProviderInSameClassLoader(ForkedBooter.java:384)
	at org.apache.maven.surefire.booter.ForkedBooter.runSuitesInProcess(ForkedBooter.java:345)
	at org.apache.maven.surefire.booter.ForkedBooter.execute(ForkedBooter.java:126)
	at org.apache.maven.surefire.booter.ForkedBooter.main(ForkedBooter.java:418)

Nov 14, 2019 7:59:14 PM org.apache.ratis.thirdparty.io.grpc.internal.ManagedChannelOrphanWrapper$ManagedChannelReference cleanQueue
SEVERE: *~*~*~ Channel ManagedChannelImpl{logId=2968, target=192.168.157.219:37547} was not shutdown properly!!! ~*~*~*
    Make sure to call shutdown()/shutdownNow() and wait until awaitTermination() returns true.
java.lang.RuntimeException: ManagedChannel allocation site
	at org.apache.ratis.thirdparty.io.grpc.internal.ManagedChannelOrphanWrapper$ManagedChannelReference.<init>(ManagedChannelOrphanWrapper.java:103)
	at org.apache.ratis.thirdparty.io.grpc.internal.ManagedChannelOrphanWrapper.<init>(ManagedChannelOrphanWrapper.java:53)
	at org.apache.ratis.thirdparty.io.grpc.internal.ManagedChannelOrphanWrapper.<init>(ManagedChannelOrphanWrapper.java:44)
	at org.apache.ratis.thirdparty.io.grpc.internal.AbstractManagedChannelImplBuilder.build(AbstractManagedChannelImplBuilder.java:411)
	at org.apache.ratis.grpc.client.GrpcClientProtocolClient.<init>(GrpcClientProtocolClient.java:128)
	at org.apache.ratis.grpc.client.GrpcClientRpc.lambda$new$0(GrpcClientRpc.java:55)
	at org.apache.ratis.util.PeerProxyMap$PeerAndProxy.lambda$getProxy$0(PeerProxyMap.java:62)
	at org.apache.ratis.util.LifeCycle.startAndTransition(LifeCycle.java:202)
	at org.apache.ratis.util.PeerProxyMap$PeerAndProxy.getProxy(PeerProxyMap.java:61)
	at org.apache.ratis.util.PeerProxyMap.getProxy(PeerProxyMap.java:109)
	at org.apache.ratis.grpc.client.GrpcClientRpc.sendRequestAsync(GrpcClientRpc.java:66)
	at org.apache.ratis.client.impl.OrderedAsync.sendRequest(OrderedAsync.java:233)
	at org.apache.ratis.client.impl.OrderedAsync.sendRequestWithRetry(OrderedAsync.java:188)
	at org.apache.ratis.util.SlidingWindow$Client.sendOrDelayRequest(SlidingWindow.java:278)
	at org.apache.ratis.util.SlidingWindow$Client.retry(SlidingWindow.java:294)
	at org.apache.ratis.client.impl.OrderedAsync.lambda$scheduleWithTimeout$7(OrderedAsync.java:220)
	at org.apache.ratis.util.TimeoutScheduler.lambda$onTimeout$0(TimeoutScheduler.java:141)
	at org.apache.ratis.util.TimeoutScheduler.lambda$onTimeout$1(TimeoutScheduler.java:155)
	at org.apache.ratis.util.LogUtils.runAndLog(LogUtils.java:50)
	at org.apache.ratis.util.LogUtils$1.run(LogUtils.java:91)
	at java.util.concurrent.Executors$RunnableAdapter.call(Executors.java:511)
	at java.util.concurrent.FutureTask.run(FutureTask.java:266)
	at java.util.concurrent.ScheduledThreadPoolExecutor$ScheduledFutureTask.access$201(ScheduledThreadPoolExecutor.java:180)
	at java.util.concurrent.ScheduledThreadPoolExecutor$ScheduledFutureTask.run(ScheduledThreadPoolExecutor.java:293)
	at java.util.concurrent.ThreadPoolExecutor.runWorker(ThreadPoolExecutor.java:1149)
	at java.util.concurrent.ThreadPoolExecutor$Worker.run(ThreadPoolExecutor.java:624)
	at java.lang.Thread.run(Thread.java:748)

Nov 14, 2019 7:59:14 PM org.apache.ratis.thirdparty.io.grpc.internal.ManagedChannelOrphanWrapper$ManagedChannelReference cleanQueue
SEVERE: *~*~*~ Channel ManagedChannelImpl{logId=2975, target=192.168.157.219:43317} was not shutdown properly!!! ~*~*~*
    Make sure to call shutdown()/shutdownNow() and wait until awaitTermination() returns true.
java.lang.RuntimeException: ManagedChannel allocation site
	at org.apache.ratis.thirdparty.io.grpc.internal.ManagedChannelOrphanWrapper$ManagedChannelReference.<init>(ManagedChannelOrphanWrapper.java:103)
	at org.apache.ratis.thirdparty.io.grpc.internal.ManagedChannelOrphanWrapper.<init>(ManagedChannelOrphanWrapper.java:53)
	at org.apache.ratis.thirdparty.io.grpc.internal.ManagedChannelOrphanWrapper.<init>(ManagedChannelOrphanWrapper.java:44)
	at org.apache.ratis.thirdparty.io.grpc.internal.AbstractManagedChannelImplBuilder.build(AbstractManagedChannelImplBuilder.java:411)
	at org.apache.hadoop.hdds.scm.XceiverClientGrpc.connectToDatanode(XceiverClientGrpc.java:189)
	at org.apache.hadoop.hdds.scm.XceiverClientGrpc.reconnect(XceiverClientGrpc.java:466)
	at org.apache.hadoop.hdds.scm.XceiverClientGrpc.checkOpen(XceiverClientGrpc.java:457)
	at org.apache.hadoop.hdds.scm.XceiverClientGrpc.sendCommandAsync(XceiverClientGrpc.java:399)
	at org.apache.hadoop.hdds.scm.XceiverClientGrpc.sendCommandWithRetry(XceiverClientGrpc.java:318)
	at org.apache.hadoop.hdds.scm.XceiverClientGrpc.sendCommandWithTraceIDAndRetry(XceiverClientGrpc.java:263)
	at org.apache.hadoop.hdds.scm.XceiverClientGrpc.sendCommand(XceiverClientGrpc.java:247)
	at org.apache.hadoop.hdds.scm.storage.ContainerProtocolCalls.getBlock(ContainerProtocolCalls.java:118)
	at org.apache.hadoop.hdds.scm.storage.BlockInputStream.getChunkInfos(BlockInputStream.java:169)
	at org.apache.hadoop.hdds.scm.storage.BlockInputStream.initialize(BlockInputStream.java:118)
	at org.apache.hadoop.hdds.scm.storage.BlockInputStream.read(BlockInputStream.java:224)
	at org.apache.hadoop.ozone.client.io.KeyInputStream.read(KeyInputStream.java:173)
	at org.apache.hadoop.ozone.client.io.OzoneInputStream.read(OzoneInputStream.java:47)
	at java.io.InputStream.read(InputStream.java:101)
	at org.apache.hadoop.ozone.container.ContainerTestHelper.validateData(ContainerTestHelper.java:754)
	at org.apache.hadoop.ozone.client.rpc.TestFailureHandlingByClient.validateData(TestFailureHandlingByClient.java:413)
	at org.apache.hadoop.ozone.client.rpc.TestFailureHandlingByClient.testBlockWritesWithDnFailures(TestFailureHandlingByClient.java:172)
	at sun.reflect.NativeMethodAccessorImpl.invoke0(Native Method)
	at sun.reflect.NativeMethodAccessorImpl.invoke(NativeMethodAccessorImpl.java:62)
	at sun.reflect.DelegatingMethodAccessorImpl.invoke(DelegatingMethodAccessorImpl.java:43)
	at java.lang.reflect.Method.invoke(Method.java:498)
	at org.junit.runners.model.FrameworkMethod$1.runReflectiveCall(FrameworkMethod.java:47)
	at org.junit.internal.runners.model.ReflectiveCallable.run(ReflectiveCallable.java:12)
	at org.junit.runners.model.FrameworkMethod.invokeExplosively(FrameworkMethod.java:44)
	at org.junit.internal.runners.statements.InvokeMethod.evaluate(InvokeMethod.java:17)
	at org.junit.internal.runners.statements.RunAfters.evaluate(RunAfters.java:27)
	at org.junit.runners.ParentRunner.runLeaf(ParentRunner.java:271)
	at org.junit.runners.BlockJUnit4ClassRunner.runChild(BlockJUnit4ClassRunner.java:70)
	at org.junit.runners.BlockJUnit4ClassRunner.runChild(BlockJUnit4ClassRunner.java:50)
	at org.junit.runners.ParentRunner$3.run(ParentRunner.java:238)
	at org.junit.runners.ParentRunner$1.schedule(ParentRunner.java:63)
	at org.junit.runners.ParentRunner.runChildren(ParentRunner.java:236)
	at org.junit.runners.ParentRunner.access$000(ParentRunner.java:53)
	at org.junit.runners.ParentRunner$2.evaluate(ParentRunner.java:229)
	at org.junit.runners.ParentRunner.run(ParentRunner.java:309)
	at org.apache.maven.surefire.junit4.JUnit4Provider.execute(JUnit4Provider.java:365)
	at org.apache.maven.surefire.junit4.JUnit4Provider.executeWithRerun(JUnit4Provider.java:273)
	at org.apache.maven.surefire.junit4.JUnit4Provider.executeTestSet(JUnit4Provider.java:238)
	at org.apache.maven.surefire.junit4.JUnit4Provider.invoke(JUnit4Provider.java:159)
	at org.apache.maven.surefire.booter.ForkedBooter.invokeProviderInSameClassLoader(ForkedBooter.java:384)
	at org.apache.maven.surefire.booter.ForkedBooter.runSuitesInProcess(ForkedBooter.java:345)
	at org.apache.maven.surefire.booter.ForkedBooter.execute(ForkedBooter.java:126)
	at org.apache.maven.surefire.booter.ForkedBooter.main(ForkedBooter.java:418)

Nov 14, 2019 7:59:14 PM org.apache.ratis.thirdparty.io.grpc.internal.ManagedChannelOrphanWrapper$ManagedChannelReference cleanQueue
SEVERE: *~*~*~ Channel ManagedChannelImpl{logId=2980, target=192.168.157.219:45622} was not shutdown properly!!! ~*~*~*
    Make sure to call shutdown()/shutdownNow() and wait until awaitTermination() returns true.
java.lang.RuntimeException: ManagedChannel allocation site
	at org.apache.ratis.thirdparty.io.grpc.internal.ManagedChannelOrphanWrapper$ManagedChannelReference.<init>(ManagedChannelOrphanWrapper.java:103)
	at org.apache.ratis.thirdparty.io.grpc.internal.ManagedChannelOrphanWrapper.<init>(ManagedChannelOrphanWrapper.java:53)
	at org.apache.ratis.thirdparty.io.grpc.internal.ManagedChannelOrphanWrapper.<init>(ManagedChannelOrphanWrapper.java:44)
	at org.apache.ratis.thirdparty.io.grpc.internal.AbstractManagedChannelImplBuilder.build(AbstractManagedChannelImplBuilder.java:411)
	at org.apache.hadoop.hdds.scm.XceiverClientGrpc.connectToDatanode(XceiverClientGrpc.java:189)
	at org.apache.hadoop.hdds.scm.XceiverClientGrpc.connect(XceiverClientGrpc.java:138)
	at org.apache.hadoop.hdds.scm.XceiverClientManager$2.call(XceiverClientManager.java:242)
	at org.apache.hadoop.hdds.scm.XceiverClientManager$2.call(XceiverClientManager.java:226)
	at com.google.common.cache.LocalCache$LocalManualCache$1.load(LocalCache.java:4767)
	at com.google.common.cache.LocalCache$LoadingValueReference.loadFuture(LocalCache.java:3568)
	at com.google.common.cache.LocalCache$Segment.loadSync(LocalCache.java:2350)
	at com.google.common.cache.LocalCache$Segment.lockedGetOrLoad(LocalCache.java:2313)
	at com.google.common.cache.LocalCache$Segment.get(LocalCache.java:2228)
	at com.google.common.cache.LocalCache.get(LocalCache.java:3965)
	at com.google.common.cache.LocalCache$LocalManualCache.get(LocalCache.java:4764)
	at org.apache.hadoop.hdds.scm.XceiverClientManager.getClient(XceiverClientManager.java:226)
	at org.apache.hadoop.hdds.scm.XceiverClientManager.acquireClient(XceiverClientManager.java:172)
	at org.apache.hadoop.hdds.scm.XceiverClientManager.acquireClientForReadData(XceiverClientManager.java:162)
	at org.apache.hadoop.hdds.scm.storage.BlockInputStream.getChunkInfos(BlockInputStream.java:154)
	at org.apache.hadoop.hdds.scm.storage.BlockInputStream.initialize(BlockInputStream.java:118)
	at org.apache.hadoop.hdds.scm.storage.BlockInputStream.read(BlockInputStream.java:224)
	at org.apache.hadoop.ozone.client.io.KeyInputStream.read(KeyInputStream.java:173)
	at org.apache.hadoop.ozone.client.io.OzoneInputStream.read(OzoneInputStream.java:47)
	at java.io.InputStream.read(InputStream.java:101)
	at org.apache.hadoop.ozone.container.ContainerTestHelper.validateData(ContainerTestHelper.java:754)
	at org.apache.hadoop.ozone.client.rpc.TestFailureHandlingByClient.validateData(TestFailureHandlingByClient.java:413)
	at org.apache.hadoop.ozone.client.rpc.TestFailureHandlingByClient.testBlockWritesWithDnFailures(TestFailureHandlingByClient.java:172)
	at sun.reflect.NativeMethodAccessorImpl.invoke0(Native Method)
	at sun.reflect.NativeMethodAccessorImpl.invoke(NativeMethodAccessorImpl.java:62)
	at sun.reflect.DelegatingMethodAccessorImpl.invoke(DelegatingMethodAccessorImpl.java:43)
	at java.lang.reflect.Method.invoke(Method.java:498)
	at org.junit.runners.model.FrameworkMethod$1.runReflectiveCall(FrameworkMethod.java:47)
	at org.junit.internal.runners.model.ReflectiveCallable.run(ReflectiveCallable.java:12)
	at org.junit.runners.model.FrameworkMethod.invokeExplosively(FrameworkMethod.java:44)
	at org.junit.internal.runners.statements.InvokeMethod.evaluate(InvokeMethod.java:17)
	at org.junit.internal.runners.statements.RunAfters.evaluate(RunAfters.java:27)
	at org.junit.runners.ParentRunner.runLeaf(ParentRunner.java:271)
	at org.junit.runners.BlockJUnit4ClassRunner.runChild(BlockJUnit4ClassRunner.java:70)
	at org.junit.runners.BlockJUnit4ClassRunner.runChild(BlockJUnit4ClassRunner.java:50)
	at org.junit.runners.ParentRunner$3.run(ParentRunner.java:238)
	at org.junit.runners.ParentRunner$1.schedule(ParentRunner.java:63)
	at org.junit.runners.ParentRunner.runChildren(ParentRunner.java:236)
	at org.junit.runners.ParentRunner.access$000(ParentRunner.java:53)
	at org.junit.runners.ParentRunner$2.evaluate(ParentRunner.java:229)
	at org.junit.runners.ParentRunner.run(ParentRunner.java:309)
	at org.apache.maven.surefire.junit4.JUnit4Provider.execute(JUnit4Provider.java:365)
	at org.apache.maven.surefire.junit4.JUnit4Provider.executeWithRerun(JUnit4Provider.java:273)
	at org.apache.maven.surefire.junit4.JUnit4Provider.executeTestSet(JUnit4Provider.java:238)
	at org.apache.maven.surefire.junit4.JUnit4Provider.invoke(JUnit4Provider.java:159)
	at org.apache.maven.surefire.booter.ForkedBooter.invokeProviderInSameClassLoader(ForkedBooter.java:384)
	at org.apache.maven.surefire.booter.ForkedBooter.runSuitesInProcess(ForkedBooter.java:345)
	at org.apache.maven.surefire.booter.ForkedBooter.execute(ForkedBooter.java:126)
	at org.apache.maven.surefire.booter.ForkedBooter.main(ForkedBooter.java:418)

Nov 14, 2019 7:59:34 PM org.apache.ratis.thirdparty.io.grpc.internal.SerializingExecutor run
SEVERE: Exception while executing runnable org.apache.ratis.thirdparty.io.grpc.internal.ServerImpl$JumpToApplicationThreadServerStreamListener$1Closed@50e2d442
org.apache.ratis.thirdparty.io.grpc.StatusRuntimeException: CANCELLED: call already cancelled
	at org.apache.ratis.thirdparty.io.grpc.Status.asRuntimeException(Status.java:517)
	at org.apache.ratis.thirdparty.io.grpc.stub.ServerCalls$ServerCallStreamObserverImpl.onCompleted(ServerCalls.java:356)
	at org.apache.ratis.grpc.server.GrpcServerProtocolService$ServerRequestStreamObserver.onError(GrpcServerProtocolService.java:121)
	at org.apache.ratis.thirdparty.io.grpc.stub.ServerCalls$StreamingServerCallHandler$StreamingServerCallListener.onCancel(ServerCalls.java:269)
	at org.apache.ratis.thirdparty.io.grpc.internal.ServerCallImpl$ServerStreamListenerImpl.closed(ServerCallImpl.java:293)
	at org.apache.ratis.thirdparty.io.grpc.internal.ServerImpl$JumpToApplicationThreadServerStreamListener$1Closed.runInContext(ServerImpl.java:741)
	at org.apache.ratis.thirdparty.io.grpc.internal.ContextRunnable.run(ContextRunnable.java:37)
	at org.apache.ratis.thirdparty.io.grpc.internal.SerializingExecutor.run(SerializingExecutor.java:123)
	at java.util.concurrent.ThreadPoolExecutor.runWorker(ThreadPoolExecutor.java:1149)
	at java.util.concurrent.ThreadPoolExecutor$Worker.run(ThreadPoolExecutor.java:624)
	at java.lang.Thread.run(Thread.java:748)

Nov 14, 2019 7:59:34 PM org.apache.ratis.thirdparty.io.grpc.internal.SerializingExecutor run
SEVERE: Exception while executing runnable org.apache.ratis.thirdparty.io.grpc.internal.ServerImpl$JumpToApplicationThreadServerStreamListener$1Closed@52ed968f
org.apache.ratis.thirdparty.io.grpc.StatusRuntimeException: CANCELLED: call already cancelled
	at org.apache.ratis.thirdparty.io.grpc.Status.asRuntimeException(Status.java:517)
	at org.apache.ratis.thirdparty.io.grpc.stub.ServerCalls$ServerCallStreamObserverImpl.onCompleted(ServerCalls.java:356)
	at org.apache.ratis.grpc.server.GrpcServerProtocolService$ServerRequestStreamObserver.onError(GrpcServerProtocolService.java:121)
	at org.apache.ratis.thirdparty.io.grpc.stub.ServerCalls$StreamingServerCallHandler$StreamingServerCallListener.onCancel(ServerCalls.java:269)
	at org.apache.ratis.thirdparty.io.grpc.internal.ServerCallImpl$ServerStreamListenerImpl.closed(ServerCallImpl.java:293)
	at org.apache.ratis.thirdparty.io.grpc.internal.ServerImpl$JumpToApplicationThreadServerStreamListener$1Closed.runInContext(ServerImpl.java:741)
	at org.apache.ratis.thirdparty.io.grpc.internal.ContextRunnable.run(ContextRunnable.java:37)
	at org.apache.ratis.thirdparty.io.grpc.internal.SerializingExecutor.run(SerializingExecutor.java:123)
	at java.util.concurrent.ThreadPoolExecutor.runWorker(ThreadPoolExecutor.java:1149)
	at java.util.concurrent.ThreadPoolExecutor$Worker.run(ThreadPoolExecutor.java:624)
	at java.lang.Thread.run(Thread.java:748)

]]></system-err>
  </testcase>
</testsuite>