<?xml version="1.0" encoding="UTF-8"?>
<testsuite xmlns:xsi="http://www.w3.org/2001/XMLSchema-instance" xsi:noNamespaceSchemaLocation="https://maven.apache.org/surefire/maven-surefire-plugin/xsd/surefire-test-report.xsd" name="org.apache.hadoop.ozone.client.rpc.TestDeleteWithSlowFollower" time="150.759" tests="1" errors="0" skipped="0" failures="1">
  <properties>
    <property name="awt.toolkit" value="sun.awt.X11.XToolkit"/>
    <property name="file.encoding.pkg" value="sun.io"/>
    <property name="java.specification.version" value="1.8"/>
    <property name="sun.cpu.isalist" value=""/>
    <property name="sun.jnu.encoding" value="ANSI_X3.4-1968"/>
    <property name="java.class.path" value="/workdir/hadoop-ozone/integration-test/target/test-classes:/workdir/hadoop-ozone/integration-test/target/classes:/home/user/.m2/repository/org/apache/hadoop/hadoop-ozone-common/0.5.0-SNAPSHOT/hadoop-ozone-common-0.5.0-SNAPSHOT.jar:/home/user/.m2/repository/org/apache/commons/commons-compress/1.4.1/commons-compress-1.4.1.jar:/home/user/.m2/repository/org/tukaani/xz/1.0/xz-1.0.jar:/home/user/.m2/repository/org/apache/hadoop/hadoop-common/3.2.0/hadoop-common-3.2.0.jar:/home/user/.m2/repository/org/apache/hadoop/hadoop-hdfs/3.2.0/hadoop-hdfs-3.2.0.jar:/home/user/.m2/repository/org/apache/hadoop/hadoop-hdfs-client/3.2.0/hadoop-hdfs-client-3.2.0.jar:/home/user/.m2/repository/com/fasterxml/jackson/core/jackson-annotations/2.9.9/jackson-annotations-2.9.9.jar:/home/user/.m2/repository/org/apache/hadoop/hadoop-hdds-common/0.5.0-SNAPSHOT/hadoop-hdds-common-0.5.0-SNAPSHOT.jar:/home/user/.m2/repository/javax/annotation/javax.annotation-api/1.2/javax.annotation-api-1.2.jar:/home/user/.m2/repository/org/apache/ratis/ratis-server/0.5.0-ced7dbf-SNAPSHOT/ratis-server-0.5.0-ced7dbf-SNAPSHOT.jar:/home/user/.m2/repository/org/apache/ratis/ratis-thirdparty-misc/0.2.0/ratis-thirdparty-misc-0.2.0.jar:/home/user/.m2/repository/org/apache/ratis/ratis-proto/0.5.0-ced7dbf-SNAPSHOT/ratis-proto-0.5.0-ced7dbf-SNAPSHOT.jar:/home/user/.m2/repository/org/apache/ratis/ratis-common/0.5.0-ced7dbf-SNAPSHOT/ratis-common-0.5.0-ced7dbf-SNAPSHOT.jar:/home/user/.m2/repository/org/apache/ratis/ratis-client/0.5.0-ced7dbf-SNAPSHOT/ratis-client-0.5.0-ced7dbf-SNAPSHOT.jar:/home/user/.m2/repository/org/apache/ratis/ratis-metrics/0.5.0-ced7dbf-SNAPSHOT/ratis-metrics-0.5.0-ced7dbf-SNAPSHOT.jar:/home/user/.m2/repository/org/apache/ratis/ratis-netty/0.5.0-ced7dbf-SNAPSHOT/ratis-netty-0.5.0-ced7dbf-SNAPSHOT.jar:/home/user/.m2/repository/org/apache/ratis/ratis-grpc/0.5.0-ced7dbf-SNAPSHOT/ratis-grpc-0.5.0-ced7dbf-SNAPSHOT.jar:/home/user/.m2/repository/org/rocksdb/rocksdbjni/6.0.1/rocksdbjni-6.0.1.jar:/home/user/.m2/repository/org/apache/logging/log4j/log4j-api/2.11.0/log4j-api-2.11.0.jar:/home/user/.m2/repository/org/apache/logging/log4j/log4j-core/2.11.0/log4j-core-2.11.0.jar:/home/user/.m2/repository/com/lmax/disruptor/3.4.2/disruptor-3.4.2.jar:/home/user/.m2/repository/org/apache/commons/commons-pool2/2.6.0/commons-pool2-2.6.0.jar:/home/user/.m2/repository/org/bouncycastle/bcpkix-jdk15on/1.60/bcpkix-jdk15on-1.60.jar:/home/user/.m2/repository/commons-validator/commons-validator/1.6/commons-validator-1.6.jar:/home/user/.m2/repository/commons-digester/commons-digester/1.8.1/commons-digester-1.8.1.jar:/home/user/.m2/repository/io/jaegertracing/jaeger-client/0.34.0/jaeger-client-0.34.0.jar:/home/user/.m2/repository/io/jaegertracing/jaeger-thrift/0.34.0/jaeger-thrift-0.34.0.jar:/home/user/.m2/repository/org/apache/thrift/libthrift/0.12.0/libthrift-0.12.0.jar:/home/user/.m2/repository/com/squareup/okhttp3/okhttp/3.9.0/okhttp-3.9.0.jar:/home/user/.m2/repository/com/squareup/okio/okio/1.13.0/okio-1.13.0.jar:/home/user/.m2/repository/io/jaegertracing/jaeger-core/0.34.0/jaeger-core-0.34.0.jar:/home/user/.m2/repository/io/jaegertracing/jaeger-tracerresolver/0.34.0/jaeger-tracerresolver-0.34.0.jar:/home/user/.m2/repository/io/opentracing/contrib/opentracing-tracerresolver/0.1.5/opentracing-tracerresolver-0.1.5.jar:/home/user/.m2/repository/io/opentracing/opentracing-util/0.31.0/opentracing-util-0.31.0.jar:/home/user/.m2/repository/io/opentracing/opentracing-api/0.31.0/opentracing-api-0.31.0.jar:/home/user/.m2/repository/io/opentracing/opentracing-noop/0.31.0/opentracing-noop-0.31.0.jar:/home/user/.m2/repository/org/apache/hadoop/hadoop-hdds-server-framework/0.5.0-SNAPSHOT/hadoop-hdds-server-framework-0.5.0-SNAPSHOT.jar:/home/user/.m2/repository/org/apache/hadoop/hadoop-hdds-container-service/0.5.0-SNAPSHOT/hadoop-hdds-container-service-0.5.0-SNAPSHOT.jar:/home/user/.m2/repository/org/apache/hadoop/hadoop-hdds-client/0.5.0-SNAPSHOT/hadoop-hdds-client-0.5.0-SNAPSHOT.jar:/home/user/.m2/repository/org/apache/hadoop/hadoop-hdds-tools/0.5.0-SNAPSHOT/hadoop-hdds-tools-0.5.0-SNAPSHOT.jar:/home/user/.m2/repository/org/apache/hadoop/hadoop-hdds-server-scm/0.5.0-SNAPSHOT/hadoop-hdds-server-scm-0.5.0-SNAPSHOT.jar:/home/user/.m2/repository/org/apache/hadoop/hadoop-hdds-docs/0.5.0-SNAPSHOT/hadoop-hdds-docs-0.5.0-SNAPSHOT.jar:/home/user/.m2/repository/io/dropwizard/metrics/metrics-core/3.2.4/metrics-core-3.2.4.jar:/home/user/.m2/repository/org/hamcrest/hamcrest-all/1.3/hamcrest-all-1.3.jar:/home/user/.m2/repository/org/bouncycastle/bcprov-jdk15on/1.60/bcprov-jdk15on-1.60.jar:/home/user/.m2/repository/info/picocli/picocli/3.9.6/picocli-3.9.6.jar:/home/user/.m2/repository/com/google/protobuf/protobuf-java/2.5.0/protobuf-java-2.5.0.jar:/home/user/.m2/repository/com/google/guava/guava/11.0.2/guava-11.0.2.jar:/home/user/.m2/repository/org/apache/hadoop/hadoop-ozone-ozone-manager/0.5.0-SNAPSHOT/hadoop-ozone-ozone-manager-0.5.0-SNAPSHOT.jar:/home/user/.m2/repository/org/apache/hadoop/hadoop-minikdc/3.2.0/hadoop-minikdc-3.2.0.jar:/home/user/.m2/repository/commons-io/commons-io/2.5/commons-io-2.5.jar:/home/user/.m2/repository/org/apache/kerby/kerb-simplekdc/1.0.1/kerb-simplekdc-1.0.1.jar:/home/user/.m2/repository/org/apache/kerby/kerb-client/1.0.1/kerb-client-1.0.1.jar:/home/user/.m2/repository/org/apache/kerby/kerby-config/1.0.1/kerby-config-1.0.1.jar:/home/user/.m2/repository/org/apache/kerby/kerb-core/1.0.1/kerb-core-1.0.1.jar:/home/user/.m2/repository/org/apache/kerby/kerby-pkix/1.0.1/kerby-pkix-1.0.1.jar:/home/user/.m2/repository/org/apache/kerby/kerby-asn1/1.0.1/kerby-asn1-1.0.1.jar:/home/user/.m2/repository/org/apache/kerby/kerby-util/1.0.1/kerby-util-1.0.1.jar:/home/user/.m2/repository/org/apache/kerby/kerb-common/1.0.1/kerb-common-1.0.1.jar:/home/user/.m2/repository/org/apache/kerby/kerb-crypto/1.0.1/kerb-crypto-1.0.1.jar:/home/user/.m2/repository/org/apache/kerby/kerb-util/1.0.1/kerb-util-1.0.1.jar:/home/user/.m2/repository/org/apache/kerby/token-provider/1.0.1/token-provider-1.0.1.jar:/home/user/.m2/repository/org/apache/kerby/kerb-admin/1.0.1/kerb-admin-1.0.1.jar:/home/user/.m2/repository/org/apache/kerby/kerb-server/1.0.1/kerb-server-1.0.1.jar:/home/user/.m2/repository/org/apache/kerby/kerb-identity/1.0.1/kerb-identity-1.0.1.jar:/home/user/.m2/repository/org/apache/kerby/kerby-xdr/1.0.1/kerby-xdr-1.0.1.jar:/home/user/.m2/repository/org/slf4j/slf4j-log4j12/1.7.25/slf4j-log4j12-1.7.25.jar:/home/user/.m2/repository/org/apache/hadoop/hadoop-ozone-s3gateway/0.5.0-SNAPSHOT/hadoop-ozone-s3gateway-0.5.0-SNAPSHOT.jar:/home/user/.m2/repository/org/jboss/weld/servlet/weld-servlet/2.4.7.Final/weld-servlet-2.4.7.Final.jar:/home/user/.m2/repository/org/glassfish/jersey/containers/jersey-container-servlet-core/2.27/jersey-container-servlet-core-2.27.jar:/home/user/.m2/repository/org/glassfish/hk2/external/javax.inject/2.5.0-b42/javax.inject-2.5.0-b42.jar:/home/user/.m2/repository/org/glassfish/jersey/core/jersey-common/2.27/jersey-common-2.27.jar:/home/user/.m2/repository/org/glassfish/hk2/osgi-resource-locator/1.0.1/osgi-resource-locator-1.0.1.jar:/home/user/.m2/repository/javax/ws/rs/javax.ws.rs-api/2.1/javax.ws.rs-api-2.1.jar:/home/user/.m2/repository/org/glassfish/jersey/ext/cdi/jersey-cdi1x/2.27/jersey-cdi1x-2.27.jar:/home/user/.m2/repository/org/glassfish/jersey/inject/jersey-hk2/2.27/jersey-hk2-2.27.jar:/home/user/.m2/repository/org/glassfish/hk2/hk2-locator/2.5.0-b42/hk2-locator-2.5.0-b42.jar:/home/user/.m2/repository/org/javassist/javassist/3.22.0-CR2/javassist-3.22.0-CR2.jar:/home/user/.m2/repository/org/glassfish/hk2/hk2-api/2.5.0/hk2-api-2.5.0.jar:/home/user/.m2/repository/org/glassfish/hk2/external/jakarta.inject/2.5.0/jakarta.inject-2.5.0.jar:/home/user/.m2/repository/org/glassfish/hk2/hk2-utils/2.5.0/hk2-utils-2.5.0.jar:/home/user/.m2/repository/jakarta/annotation/jakarta.annotation-api/1.3.4/jakarta.annotation-api-1.3.4.jar:/home/user/.m2/repository/org/glassfish/hk2/external/aopalliance-repackaged/2.5.0/aopalliance-repackaged-2.5.0.jar:/home/user/.m2/repository/com/fasterxml/jackson/dataformat/jackson-dataformat-xml/2.9.0/jackson-dataformat-xml-2.9.0.jar:/home/user/.m2/repository/com/fasterxml/jackson/core/jackson-core/2.9.9/jackson-core-2.9.9.jar:/home/user/.m2/repository/com/fasterxml/jackson/module/jackson-module-jaxb-annotations/2.9.9/jackson-module-jaxb-annotations-2.9.9.jar:/home/user/.m2/repository/javax/enterprise/cdi-api/1.2/cdi-api-1.2.jar:/home/user/.m2/repository/javax/el/javax.el-api/3.0.0/javax.el-api-3.0.0.jar:/home/user/.m2/repository/javax/interceptor/javax.interceptor-api/1.2/javax.interceptor-api-1.2.jar:/home/user/.m2/repository/javax/inject/javax.inject/1/javax.inject-1.jar:/home/user/.m2/repository/com/sun/xml/bind/jaxb-impl/2.3.0.1/jaxb-impl-2.3.0.1.jar:/home/user/.m2/repository/com/sun/xml/bind/jaxb-core/2.3.0.1/jaxb-core-2.3.0.1.jar:/home/user/.m2/repository/javax/xml/bind/jaxb-api/2.3.0/jaxb-api-2.3.0.jar:/home/user/.m2/repository/javax/activation/activation/1.1.1/activation-1.1.1.jar:/home/user/.m2/repository/org/apache/hadoop/hadoop-ozone-csi/0.5.0-SNAPSHOT/hadoop-ozone-csi-0.5.0-SNAPSHOT.jar:/home/user/.m2/repository/com/google/protobuf/protobuf-java-util/3.5.1/protobuf-java-util-3.5.1.jar:/home/user/.m2/repository/org/apache/hadoop/hadoop-hdds-config/0.5.0-SNAPSHOT/hadoop-hdds-config-0.5.0-SNAPSHOT.jar:/home/user/.m2/repository/io/grpc/grpc-netty/1.17.1/grpc-netty-1.17.1.jar:/home/user/.m2/repository/io/grpc/grpc-core/1.17.1/grpc-core-1.17.1.jar:/home/user/.m2/repository/io/grpc/grpc-context/1.17.1/grpc-context-1.17.1.jar:/home/user/.m2/repository/com/google/errorprone/error_prone_annotations/2.2.0/error_prone_annotations-2.2.0.jar:/home/user/.m2/repository/org/codehaus/mojo/animal-sniffer-annotations/1.17/animal-sniffer-annotations-1.17.jar:/home/user/.m2/repository/io/opencensus/opencensus-api/0.17.0/opencensus-api-0.17.0.jar:/home/user/.m2/repository/io/opencensus/opencensus-contrib-grpc-metrics/0.17.0/opencensus-contrib-grpc-metrics-0.17.0.jar:/home/user/.m2/repository/io/netty/netty-codec-http2/4.1.30.Final/netty-codec-http2-4.1.30.Final.jar:/home/user/.m2/repository/io/netty/netty-codec-http/4.1.30.Final/netty-codec-http-4.1.30.Final.jar:/home/user/.m2/repository/io/netty/netty-codec/4.1.30.Final/netty-codec-4.1.30.Final.jar:/home/user/.m2/repository/io/netty/netty-handler/4.1.30.Final/netty-handler-4.1.30.Final.jar:/home/user/.m2/repository/io/netty/netty-handler-proxy/4.1.30.Final/netty-handler-proxy-4.1.30.Final.jar:/home/user/.m2/repository/io/netty/netty-codec-socks/4.1.30.Final/netty-codec-socks-4.1.30.Final.jar:/home/user/.m2/repository/io/netty/netty-transport-native-epoll/4.1.30.Final/netty-transport-native-epoll-4.1.30.Final.jar:/home/user/.m2/repository/io/netty/netty-common/4.1.30.Final/netty-common-4.1.30.Final.jar:/home/user/.m2/repository/io/netty/netty-buffer/4.1.30.Final/netty-buffer-4.1.30.Final.jar:/home/user/.m2/repository/io/netty/netty-transport/4.1.30.Final/netty-transport-4.1.30.Final.jar:/home/user/.m2/repository/io/netty/netty-resolver/4.1.30.Final/netty-resolver-4.1.30.Final.jar:/home/user/.m2/repository/io/netty/netty-transport-native-unix-common/4.1.30.Final/netty-transport-native-unix-common-4.1.30.Final.jar:/home/user/.m2/repository/io/grpc/grpc-protobuf/1.17.1/grpc-protobuf-1.17.1.jar:/home/user/.m2/repository/com/google/api/grpc/proto-google-common-protos/1.0.0/proto-google-common-protos-1.0.0.jar:/home/user/.m2/repository/io/grpc/grpc-protobuf-lite/1.17.1/grpc-protobuf-lite-1.17.1.jar:/home/user/.m2/repository/io/grpc/grpc-stub/1.17.1/grpc-stub-1.17.1.jar:/home/user/.m2/repository/org/apache/hadoop/hadoop-ozone-recon/0.5.0-SNAPSHOT/hadoop-ozone-recon-0.5.0-SNAPSHOT.jar:/home/user/.m2/repository/org/apache/hadoop/hadoop-ozone-reconcodegen/0.5.0-SNAPSHOT/hadoop-ozone-reconcodegen-0.5.0-SNAPSHOT.jar:/home/user/.m2/repository/com/google/inject/extensions/guice-multibindings/4.0/guice-multibindings-4.0.jar:/home/user/.m2/repository/com/google/inject/guice/4.0/guice-4.0.jar:/home/user/.m2/repository/aopalliance/aopalliance/1.0/aopalliance-1.0.jar:/home/user/.m2/repository/com/google/inject/extensions/guice-servlet/4.0/guice-servlet-4.0.jar:/home/user/.m2/repository/org/glassfish/jersey/containers/jersey-container-servlet/2.27/jersey-container-servlet-2.27.jar:/home/user/.m2/repository/org/glassfish/hk2/guice-bridge/2.5.0/guice-bridge-2.5.0.jar:/home/user/.m2/repository/org/glassfish/jersey/core/jersey-server/2.27/jersey-server-2.27.jar:/home/user/.m2/repository/org/glassfish/jersey/core/jersey-client/2.27/jersey-client-2.27.jar:/home/user/.m2/repository/org/glassfish/jersey/media/jersey-media-jaxb/2.27/jersey-media-jaxb-2.27.jar:/home/user/.m2/repository/javax/validation/validation-api/1.1.0.Final/validation-api-1.1.0.Final.jar:/home/user/.m2/repository/org/glassfish/jersey/media/jersey-media-json-jackson/2.27/jersey-media-json-jackson-2.27.jar:/home/user/.m2/repository/org/glassfish/jersey/ext/jersey-entity-filtering/2.27/jersey-entity-filtering-2.27.jar:/home/user/.m2/repository/com/google/inject/extensions/guice-assistedinject/4.0/guice-assistedinject-4.0.jar:/home/user/.m2/repository/org/jooq/jooq/3.11.10/jooq-3.11.10.jar:/home/user/.m2/repository/org/jooq/jooq-meta/3.11.10/jooq-meta-3.11.10.jar:/home/user/.m2/repository/org/jooq/jooq-codegen/3.11.10/jooq-codegen-3.11.10.jar:/home/user/.m2/repository/com/jolbox/bonecp/0.8.0.RELEASE/bonecp-0.8.0.RELEASE.jar:/home/user/.m2/repository/org/xerial/sqlite-jdbc/3.25.2/sqlite-jdbc-3.25.2.jar:/home/user/.m2/repository/org/springframework/spring-jdbc/5.1.3.RELEASE/spring-jdbc-5.1.3.RELEASE.jar:/home/user/.m2/repository/org/springframework/spring-beans/5.1.3.RELEASE/spring-beans-5.1.3.RELEASE.jar:/home/user/.m2/repository/org/springframework/spring-core/5.1.3.RELEASE/spring-core-5.1.3.RELEASE.jar:/home/user/.m2/repository/org/springframework/spring-jcl/5.1.3.RELEASE/spring-jcl-5.1.3.RELEASE.jar:/home/user/.m2/repository/org/springframework/spring-tx/5.1.3.RELEASE/spring-tx-5.1.3.RELEASE.jar:/home/user/.m2/repository/org/apache/hadoop/hadoop-ozone-client/0.5.0-SNAPSHOT/hadoop-ozone-client-0.5.0-SNAPSHOT.jar:/home/user/.m2/repository/commons-lang/commons-lang/2.6/commons-lang-2.6.jar:/home/user/.m2/repository/org/apache/hadoop/hadoop-ozone-ozone-manager/0.5.0-SNAPSHOT/hadoop-ozone-ozone-manager-0.5.0-SNAPSHOT-tests.jar:/home/user/.m2/repository/junit/junit/4.11/junit-4.11.jar:/home/user/.m2/repository/org/hamcrest/hamcrest-core/1.3/hamcrest-core-1.3.jar:/home/user/.m2/repository/org/openjdk/jmh/jmh-core/1.19/jmh-core-1.19.jar:/home/user/.m2/repository/net/sf/jopt-simple/jopt-simple/4.6/jopt-simple-4.6.jar:/home/user/.m2/repository/org/apache/commons/commons-math3/3.1.1/commons-math3-3.1.1.jar:/home/user/.m2/repository/org/openjdk/jmh/jmh-generator-annprocess/1.19/jmh-generator-annprocess-1.19.jar:/home/user/.m2/repository/org/mockito/mockito-all/1.8.5/mockito-all-1.8.5.jar:/home/user/.m2/repository/org/apache/hadoop/hadoop-kms/3.2.0/hadoop-kms-3.2.0.jar:/home/user/.m2/repository/org/apache/hadoop/hadoop-auth/3.2.0/hadoop-auth-3.2.0.jar:/home/user/.m2/repository/com/nimbusds/nimbus-jose-jwt/4.41.1/nimbus-jose-jwt-4.41.1.jar:/home/user/.m2/repository/com/github/stephenc/jcip/jcip-annotations/1.0-1/jcip-annotations-1.0-1.jar:/home/user/.m2/repository/net/minidev/json-smart/2.3/json-smart-2.3.jar:/home/user/.m2/repository/net/minidev/accessors-smart/1.2/accessors-smart-1.2.jar:/home/user/.m2/repository/org/ow2/asm/asm/5.0.4/asm-5.0.4.jar:/home/user/.m2/repository/org/apache/curator/curator-framework/2.12.0/curator-framework-2.12.0.jar:/home/user/.m2/repository/com/sun/jersey/jersey-core/1.19/jersey-core-1.19.jar:/home/user/.m2/repository/javax/ws/rs/jsr311-api/1.1.1/jsr311-api-1.1.1.jar:/home/user/.m2/repository/com/sun/jersey/jersey-server/1.19/jersey-server-1.19.jar:/home/user/.m2/repository/javax/servlet/javax.servlet-api/3.1.0/javax.servlet-api-3.1.0.jar:/home/user/.m2/repository/org/eclipse/jetty/jetty-server/9.3.25.v20180904/jetty-server-9.3.25.v20180904.jar:/home/user/.m2/repository/org/eclipse/jetty/jetty-http/9.3.25.v20180904/jetty-http-9.3.25.v20180904.jar:/home/user/.m2/repository/org/eclipse/jetty/jetty-io/9.3.25.v20180904/jetty-io-9.3.25.v20180904.jar:/home/user/.m2/repository/org/eclipse/jetty/jetty-webapp/9.3.25.v20180904/jetty-webapp-9.3.25.v20180904.jar:/home/user/.m2/repository/org/eclipse/jetty/jetty-xml/9.3.25.v20180904/jetty-xml-9.3.25.v20180904.jar:/home/user/.m2/repository/log4j/log4j/1.2.17/log4j-1.2.17.jar:/home/user/.m2/repository/org/slf4j/slf4j-api/1.7.25/slf4j-api-1.7.25.jar:/home/user/.m2/repository/org/slf4j/jul-to-slf4j/1.7.25/jul-to-slf4j-1.7.25.jar:/home/user/.m2/repository/org/eclipse/jetty/jetty-util/9.3.25.v20180904/jetty-util-9.3.25.v20180904.jar:/home/user/.m2/repository/com/fasterxml/jackson/core/jackson-databind/2.9.9/jackson-databind-2.9.9.jar:/home/user/.m2/repository/org/apache/hadoop/hadoop-kms/3.2.0/hadoop-kms-3.2.0-tests.jar:/home/user/.m2/repository/org/apache/hadoop/hadoop-hdds-server-scm/0.5.0-SNAPSHOT/hadoop-hdds-server-scm-0.5.0-SNAPSHOT-tests.jar:/home/user/.m2/repository/org/apache/hadoop/hadoop-hdds-container-service/0.5.0-SNAPSHOT/hadoop-hdds-container-service-0.5.0-SNAPSHOT-tests.jar:/home/user/.m2/repository/org/yaml/snakeyaml/1.16/snakeyaml-1.16.jar:/home/user/.m2/repository/org/apache/hadoop/hadoop-common/3.2.0/hadoop-common-3.2.0-tests.jar:/home/user/.m2/repository/org/apache/hadoop/hadoop-annotations/3.2.0/hadoop-annotations-3.2.0.jar:/usr/lib/jvm/java-1.8.0-openjdk-1.8.0.222.b10-1.el7_7.x86_64/jre/../lib/tools.jar:/home/user/.m2/repository/commons-cli/commons-cli/1.2/commons-cli-1.2.jar:/home/user/.m2/repository/org/apache/httpcomponents/httpclient/4.5.2/httpclient-4.5.2.jar:/home/user/.m2/repository/org/apache/httpcomponents/httpcore/4.4.4/httpcore-4.4.4.jar:/home/user/.m2/repository/commons-codec/commons-codec/1.11/commons-codec-1.11.jar:/home/user/.m2/repository/commons-net/commons-net/3.6/commons-net-3.6.jar:/home/user/.m2/repository/commons-collections/commons-collections/3.2.2/commons-collections-3.2.2.jar:/home/user/.m2/repository/org/eclipse/jetty/jetty-servlet/9.3.25.v20180904/jetty-servlet-9.3.25.v20180904.jar:/home/user/.m2/repository/org/eclipse/jetty/jetty-security/9.3.25.v20180904/jetty-security-9.3.25.v20180904.jar:/home/user/.m2/repository/javax/servlet/jsp/jsp-api/2.1/jsp-api-2.1.jar:/home/user/.m2/repository/com/sun/jersey/jersey-servlet/1.19/jersey-servlet-1.19.jar:/home/user/.m2/repository/com/sun/jersey/jersey-json/1.19/jersey-json-1.19.jar:/home/user/.m2/repository/org/codehaus/jettison/jettison/1.1/jettison-1.1.jar:/home/user/.m2/repository/org/codehaus/jackson/jackson-core-asl/1.9.13/jackson-core-asl-1.9.13.jar:/home/user/.m2/repository/org/codehaus/jackson/jackson-mapper-asl/1.9.13/jackson-mapper-asl-1.9.13.jar:/home/user/.m2/repository/org/codehaus/jackson/jackson-jaxrs/1.9.13/jackson-jaxrs-1.9.13.jar:/home/user/.m2/repository/org/codehaus/jackson/jackson-xc/1.9.13/jackson-xc-1.9.13.jar:/home/user/.m2/repository/commons-logging/commons-logging/1.1.3/commons-logging-1.1.3.jar:/home/user/.m2/repository/commons-beanutils/commons-beanutils/1.9.4/commons-beanutils-1.9.4.jar:/home/user/.m2/repository/org/apache/commons/commons-configuration2/2.1.1/commons-configuration2-2.1.1.jar:/home/user/.m2/repository/org/apache/commons/commons-lang3/3.7/commons-lang3-3.7.jar:/home/user/.m2/repository/org/apache/commons/commons-text/1.4/commons-text-1.4.jar:/home/user/.m2/repository/org/apache/avro/avro/1.7.7/avro-1.7.7.jar:/home/user/.m2/repository/com/thoughtworks/paranamer/paranamer/2.3/paranamer-2.3.jar:/home/user/.m2/repository/org/xerial/snappy/snappy-java/1.0.5/snappy-java-1.0.5.jar:/home/user/.m2/repository/com/google/re2j/re2j/1.1/re2j-1.1.jar:/home/user/.m2/repository/com/google/code/gson/gson/2.2.4/gson-2.2.4.jar:/home/user/.m2/repository/com/jcraft/jsch/0.1.54/jsch-0.1.54.jar:/home/user/.m2/repository/org/apache/curator/curator-client/2.12.0/curator-client-2.12.0.jar:/home/user/.m2/repository/org/apache/curator/curator-recipes/2.12.0/curator-recipes-2.12.0.jar:/home/user/.m2/repository/com/google/code/findbugs/jsr305/3.0.0/jsr305-3.0.0.jar:/home/user/.m2/repository/org/apache/htrace/htrace-core4/4.1.0-incubating/htrace-core4-4.1.0-incubating.jar:/home/user/.m2/repository/org/apache/zookeeper/zookeeper/3.4.13/zookeeper-3.4.13.jar:/home/user/.m2/repository/jline/jline/0.9.94/jline-0.9.94.jar:/home/user/.m2/repository/org/apache/yetus/audience-annotations/0.5.0/audience-annotations-0.5.0.jar:/home/user/.m2/repository/org/codehaus/woodstox/stax2-api/3.1.4/stax2-api-3.1.4.jar:/home/user/.m2/repository/com/fasterxml/woodstox/woodstox-core/5.0.3/woodstox-core-5.0.3.jar:/home/user/.m2/repository/dnsjava/dnsjava/2.1.7/dnsjava-2.1.7.jar:/home/user/.m2/repository/org/apache/hadoop/hadoop-hdfs/3.2.0/hadoop-hdfs-3.2.0-tests.jar:/home/user/.m2/repository/org/eclipse/jetty/jetty-util-ajax/9.3.25.v20180904/jetty-util-ajax-9.3.25.v20180904.jar:/home/user/.m2/repository/commons-daemon/commons-daemon/1.0.13/commons-daemon-1.0.13.jar:/home/user/.m2/repository/io/netty/netty/3.10.5.Final/netty-3.10.5.Final.jar:/home/user/.m2/repository/io/netty/netty-all/4.0.52.Final/netty-all-4.0.52.Final.jar:/home/user/.m2/repository/org/fusesource/leveldbjni/leveldbjni-all/1.8/leveldbjni-all-1.8.jar:"/>
    <property name="java.vm.vendor" value="Oracle Corporation"/>
    <property name="sun.arch.data.model" value="64"/>
    <property name="test.build.dir" value="/workdir/hadoop-ozone/integration-test/target/test-dir"/>
    <property name="test.cache.data" value=""/>
    <property name="java.vendor.url" value="http://java.oracle.com/"/>
    <property name="user.timezone" value=""/>
    <property name="java.vm.specification.version" value="1.8"/>
    <property name="os.name" value="Linux"/>
    <property name="test.build.data" value="/workdir/hadoop-ozone/integration-test/target/test-dir"/>
    <property name="user.country" value="US"/>
    <property name="sun.java.launcher" value="SUN_STANDARD"/>
    <property name="sun.boot.library.path" value="/usr/lib/jvm/java-1.8.0-openjdk-1.8.0.222.b10-1.el7_7.x86_64/jre/lib/amd64"/>
    <property name="sun.java.command" value="/workdir/hadoop-ozone/integration-test/target/surefire/surefirebooter8938598501396263210.jar /workdir/hadoop-ozone/integration-test/target/surefire 2019-10-24T12-03-58_770-jvmRun1 surefire7200940102776525055tmp surefire_424533562003670822114tmp"/>
    <property name="surefire.test.class.path" value="/workdir/hadoop-ozone/integration-test/target/test-classes:/workdir/hadoop-ozone/integration-test/target/classes:/home/user/.m2/repository/org/apache/hadoop/hadoop-ozone-common/0.5.0-SNAPSHOT/hadoop-ozone-common-0.5.0-SNAPSHOT.jar:/home/user/.m2/repository/org/apache/commons/commons-compress/1.4.1/commons-compress-1.4.1.jar:/home/user/.m2/repository/org/tukaani/xz/1.0/xz-1.0.jar:/home/user/.m2/repository/org/apache/hadoop/hadoop-common/3.2.0/hadoop-common-3.2.0.jar:/home/user/.m2/repository/org/apache/hadoop/hadoop-hdfs/3.2.0/hadoop-hdfs-3.2.0.jar:/home/user/.m2/repository/org/apache/hadoop/hadoop-hdfs-client/3.2.0/hadoop-hdfs-client-3.2.0.jar:/home/user/.m2/repository/com/fasterxml/jackson/core/jackson-annotations/2.9.9/jackson-annotations-2.9.9.jar:/home/user/.m2/repository/org/apache/hadoop/hadoop-hdds-common/0.5.0-SNAPSHOT/hadoop-hdds-common-0.5.0-SNAPSHOT.jar:/home/user/.m2/repository/javax/annotation/javax.annotation-api/1.2/javax.annotation-api-1.2.jar:/home/user/.m2/repository/org/apache/ratis/ratis-server/0.5.0-ced7dbf-SNAPSHOT/ratis-server-0.5.0-ced7dbf-SNAPSHOT.jar:/home/user/.m2/repository/org/apache/ratis/ratis-thirdparty-misc/0.2.0/ratis-thirdparty-misc-0.2.0.jar:/home/user/.m2/repository/org/apache/ratis/ratis-proto/0.5.0-ced7dbf-SNAPSHOT/ratis-proto-0.5.0-ced7dbf-SNAPSHOT.jar:/home/user/.m2/repository/org/apache/ratis/ratis-common/0.5.0-ced7dbf-SNAPSHOT/ratis-common-0.5.0-ced7dbf-SNAPSHOT.jar:/home/user/.m2/repository/org/apache/ratis/ratis-client/0.5.0-ced7dbf-SNAPSHOT/ratis-client-0.5.0-ced7dbf-SNAPSHOT.jar:/home/user/.m2/repository/org/apache/ratis/ratis-metrics/0.5.0-ced7dbf-SNAPSHOT/ratis-metrics-0.5.0-ced7dbf-SNAPSHOT.jar:/home/user/.m2/repository/org/apache/ratis/ratis-netty/0.5.0-ced7dbf-SNAPSHOT/ratis-netty-0.5.0-ced7dbf-SNAPSHOT.jar:/home/user/.m2/repository/org/apache/ratis/ratis-grpc/0.5.0-ced7dbf-SNAPSHOT/ratis-grpc-0.5.0-ced7dbf-SNAPSHOT.jar:/home/user/.m2/repository/org/rocksdb/rocksdbjni/6.0.1/rocksdbjni-6.0.1.jar:/home/user/.m2/repository/org/apache/logging/log4j/log4j-api/2.11.0/log4j-api-2.11.0.jar:/home/user/.m2/repository/org/apache/logging/log4j/log4j-core/2.11.0/log4j-core-2.11.0.jar:/home/user/.m2/repository/com/lmax/disruptor/3.4.2/disruptor-3.4.2.jar:/home/user/.m2/repository/org/apache/commons/commons-pool2/2.6.0/commons-pool2-2.6.0.jar:/home/user/.m2/repository/org/bouncycastle/bcpkix-jdk15on/1.60/bcpkix-jdk15on-1.60.jar:/home/user/.m2/repository/commons-validator/commons-validator/1.6/commons-validator-1.6.jar:/home/user/.m2/repository/commons-digester/commons-digester/1.8.1/commons-digester-1.8.1.jar:/home/user/.m2/repository/io/jaegertracing/jaeger-client/0.34.0/jaeger-client-0.34.0.jar:/home/user/.m2/repository/io/jaegertracing/jaeger-thrift/0.34.0/jaeger-thrift-0.34.0.jar:/home/user/.m2/repository/org/apache/thrift/libthrift/0.12.0/libthrift-0.12.0.jar:/home/user/.m2/repository/com/squareup/okhttp3/okhttp/3.9.0/okhttp-3.9.0.jar:/home/user/.m2/repository/com/squareup/okio/okio/1.13.0/okio-1.13.0.jar:/home/user/.m2/repository/io/jaegertracing/jaeger-core/0.34.0/jaeger-core-0.34.0.jar:/home/user/.m2/repository/io/jaegertracing/jaeger-tracerresolver/0.34.0/jaeger-tracerresolver-0.34.0.jar:/home/user/.m2/repository/io/opentracing/contrib/opentracing-tracerresolver/0.1.5/opentracing-tracerresolver-0.1.5.jar:/home/user/.m2/repository/io/opentracing/opentracing-util/0.31.0/opentracing-util-0.31.0.jar:/home/user/.m2/repository/io/opentracing/opentracing-api/0.31.0/opentracing-api-0.31.0.jar:/home/user/.m2/repository/io/opentracing/opentracing-noop/0.31.0/opentracing-noop-0.31.0.jar:/home/user/.m2/repository/org/apache/hadoop/hadoop-hdds-server-framework/0.5.0-SNAPSHOT/hadoop-hdds-server-framework-0.5.0-SNAPSHOT.jar:/home/user/.m2/repository/org/apache/hadoop/hadoop-hdds-container-service/0.5.0-SNAPSHOT/hadoop-hdds-container-service-0.5.0-SNAPSHOT.jar:/home/user/.m2/repository/org/apache/hadoop/hadoop-hdds-client/0.5.0-SNAPSHOT/hadoop-hdds-client-0.5.0-SNAPSHOT.jar:/home/user/.m2/repository/org/apache/hadoop/hadoop-hdds-tools/0.5.0-SNAPSHOT/hadoop-hdds-tools-0.5.0-SNAPSHOT.jar:/home/user/.m2/repository/org/apache/hadoop/hadoop-hdds-server-scm/0.5.0-SNAPSHOT/hadoop-hdds-server-scm-0.5.0-SNAPSHOT.jar:/home/user/.m2/repository/org/apache/hadoop/hadoop-hdds-docs/0.5.0-SNAPSHOT/hadoop-hdds-docs-0.5.0-SNAPSHOT.jar:/home/user/.m2/repository/io/dropwizard/metrics/metrics-core/3.2.4/metrics-core-3.2.4.jar:/home/user/.m2/repository/org/hamcrest/hamcrest-all/1.3/hamcrest-all-1.3.jar:/home/user/.m2/repository/org/bouncycastle/bcprov-jdk15on/1.60/bcprov-jdk15on-1.60.jar:/home/user/.m2/repository/info/picocli/picocli/3.9.6/picocli-3.9.6.jar:/home/user/.m2/repository/com/google/protobuf/protobuf-java/2.5.0/protobuf-java-2.5.0.jar:/home/user/.m2/repository/com/google/guava/guava/11.0.2/guava-11.0.2.jar:/home/user/.m2/repository/org/apache/hadoop/hadoop-ozone-ozone-manager/0.5.0-SNAPSHOT/hadoop-ozone-ozone-manager-0.5.0-SNAPSHOT.jar:/home/user/.m2/repository/org/apache/hadoop/hadoop-minikdc/3.2.0/hadoop-minikdc-3.2.0.jar:/home/user/.m2/repository/commons-io/commons-io/2.5/commons-io-2.5.jar:/home/user/.m2/repository/org/apache/kerby/kerb-simplekdc/1.0.1/kerb-simplekdc-1.0.1.jar:/home/user/.m2/repository/org/apache/kerby/kerb-client/1.0.1/kerb-client-1.0.1.jar:/home/user/.m2/repository/org/apache/kerby/kerby-config/1.0.1/kerby-config-1.0.1.jar:/home/user/.m2/repository/org/apache/kerby/kerb-core/1.0.1/kerb-core-1.0.1.jar:/home/user/.m2/repository/org/apache/kerby/kerby-pkix/1.0.1/kerby-pkix-1.0.1.jar:/home/user/.m2/repository/org/apache/kerby/kerby-asn1/1.0.1/kerby-asn1-1.0.1.jar:/home/user/.m2/repository/org/apache/kerby/kerby-util/1.0.1/kerby-util-1.0.1.jar:/home/user/.m2/repository/org/apache/kerby/kerb-common/1.0.1/kerb-common-1.0.1.jar:/home/user/.m2/repository/org/apache/kerby/kerb-crypto/1.0.1/kerb-crypto-1.0.1.jar:/home/user/.m2/repository/org/apache/kerby/kerb-util/1.0.1/kerb-util-1.0.1.jar:/home/user/.m2/repository/org/apache/kerby/token-provider/1.0.1/token-provider-1.0.1.jar:/home/user/.m2/repository/org/apache/kerby/kerb-admin/1.0.1/kerb-admin-1.0.1.jar:/home/user/.m2/repository/org/apache/kerby/kerb-server/1.0.1/kerb-server-1.0.1.jar:/home/user/.m2/repository/org/apache/kerby/kerb-identity/1.0.1/kerb-identity-1.0.1.jar:/home/user/.m2/repository/org/apache/kerby/kerby-xdr/1.0.1/kerby-xdr-1.0.1.jar:/home/user/.m2/repository/org/slf4j/slf4j-log4j12/1.7.25/slf4j-log4j12-1.7.25.jar:/home/user/.m2/repository/org/apache/hadoop/hadoop-ozone-s3gateway/0.5.0-SNAPSHOT/hadoop-ozone-s3gateway-0.5.0-SNAPSHOT.jar:/home/user/.m2/repository/org/jboss/weld/servlet/weld-servlet/2.4.7.Final/weld-servlet-2.4.7.Final.jar:/home/user/.m2/repository/org/glassfish/jersey/containers/jersey-container-servlet-core/2.27/jersey-container-servlet-core-2.27.jar:/home/user/.m2/repository/org/glassfish/hk2/external/javax.inject/2.5.0-b42/javax.inject-2.5.0-b42.jar:/home/user/.m2/repository/org/glassfish/jersey/core/jersey-common/2.27/jersey-common-2.27.jar:/home/user/.m2/repository/org/glassfish/hk2/osgi-resource-locator/1.0.1/osgi-resource-locator-1.0.1.jar:/home/user/.m2/repository/javax/ws/rs/javax.ws.rs-api/2.1/javax.ws.rs-api-2.1.jar:/home/user/.m2/repository/org/glassfish/jersey/ext/cdi/jersey-cdi1x/2.27/jersey-cdi1x-2.27.jar:/home/user/.m2/repository/org/glassfish/jersey/inject/jersey-hk2/2.27/jersey-hk2-2.27.jar:/home/user/.m2/repository/org/glassfish/hk2/hk2-locator/2.5.0-b42/hk2-locator-2.5.0-b42.jar:/home/user/.m2/repository/org/javassist/javassist/3.22.0-CR2/javassist-3.22.0-CR2.jar:/home/user/.m2/repository/org/glassfish/hk2/hk2-api/2.5.0/hk2-api-2.5.0.jar:/home/user/.m2/repository/org/glassfish/hk2/external/jakarta.inject/2.5.0/jakarta.inject-2.5.0.jar:/home/user/.m2/repository/org/glassfish/hk2/hk2-utils/2.5.0/hk2-utils-2.5.0.jar:/home/user/.m2/repository/jakarta/annotation/jakarta.annotation-api/1.3.4/jakarta.annotation-api-1.3.4.jar:/home/user/.m2/repository/org/glassfish/hk2/external/aopalliance-repackaged/2.5.0/aopalliance-repackaged-2.5.0.jar:/home/user/.m2/repository/com/fasterxml/jackson/dataformat/jackson-dataformat-xml/2.9.0/jackson-dataformat-xml-2.9.0.jar:/home/user/.m2/repository/com/fasterxml/jackson/core/jackson-core/2.9.9/jackson-core-2.9.9.jar:/home/user/.m2/repository/com/fasterxml/jackson/module/jackson-module-jaxb-annotations/2.9.9/jackson-module-jaxb-annotations-2.9.9.jar:/home/user/.m2/repository/javax/enterprise/cdi-api/1.2/cdi-api-1.2.jar:/home/user/.m2/repository/javax/el/javax.el-api/3.0.0/javax.el-api-3.0.0.jar:/home/user/.m2/repository/javax/interceptor/javax.interceptor-api/1.2/javax.interceptor-api-1.2.jar:/home/user/.m2/repository/javax/inject/javax.inject/1/javax.inject-1.jar:/home/user/.m2/repository/com/sun/xml/bind/jaxb-impl/2.3.0.1/jaxb-impl-2.3.0.1.jar:/home/user/.m2/repository/com/sun/xml/bind/jaxb-core/2.3.0.1/jaxb-core-2.3.0.1.jar:/home/user/.m2/repository/javax/xml/bind/jaxb-api/2.3.0/jaxb-api-2.3.0.jar:/home/user/.m2/repository/javax/activation/activation/1.1.1/activation-1.1.1.jar:/home/user/.m2/repository/org/apache/hadoop/hadoop-ozone-csi/0.5.0-SNAPSHOT/hadoop-ozone-csi-0.5.0-SNAPSHOT.jar:/home/user/.m2/repository/com/google/protobuf/protobuf-java-util/3.5.1/protobuf-java-util-3.5.1.jar:/home/user/.m2/repository/org/apache/hadoop/hadoop-hdds-config/0.5.0-SNAPSHOT/hadoop-hdds-config-0.5.0-SNAPSHOT.jar:/home/user/.m2/repository/io/grpc/grpc-netty/1.17.1/grpc-netty-1.17.1.jar:/home/user/.m2/repository/io/grpc/grpc-core/1.17.1/grpc-core-1.17.1.jar:/home/user/.m2/repository/io/grpc/grpc-context/1.17.1/grpc-context-1.17.1.jar:/home/user/.m2/repository/com/google/errorprone/error_prone_annotations/2.2.0/error_prone_annotations-2.2.0.jar:/home/user/.m2/repository/org/codehaus/mojo/animal-sniffer-annotations/1.17/animal-sniffer-annotations-1.17.jar:/home/user/.m2/repository/io/opencensus/opencensus-api/0.17.0/opencensus-api-0.17.0.jar:/home/user/.m2/repository/io/opencensus/opencensus-contrib-grpc-metrics/0.17.0/opencensus-contrib-grpc-metrics-0.17.0.jar:/home/user/.m2/repository/io/netty/netty-codec-http2/4.1.30.Final/netty-codec-http2-4.1.30.Final.jar:/home/user/.m2/repository/io/netty/netty-codec-http/4.1.30.Final/netty-codec-http-4.1.30.Final.jar:/home/user/.m2/repository/io/netty/netty-codec/4.1.30.Final/netty-codec-4.1.30.Final.jar:/home/user/.m2/repository/io/netty/netty-handler/4.1.30.Final/netty-handler-4.1.30.Final.jar:/home/user/.m2/repository/io/netty/netty-handler-proxy/4.1.30.Final/netty-handler-proxy-4.1.30.Final.jar:/home/user/.m2/repository/io/netty/netty-codec-socks/4.1.30.Final/netty-codec-socks-4.1.30.Final.jar:/home/user/.m2/repository/io/netty/netty-transport-native-epoll/4.1.30.Final/netty-transport-native-epoll-4.1.30.Final.jar:/home/user/.m2/repository/io/netty/netty-common/4.1.30.Final/netty-common-4.1.30.Final.jar:/home/user/.m2/repository/io/netty/netty-buffer/4.1.30.Final/netty-buffer-4.1.30.Final.jar:/home/user/.m2/repository/io/netty/netty-transport/4.1.30.Final/netty-transport-4.1.30.Final.jar:/home/user/.m2/repository/io/netty/netty-resolver/4.1.30.Final/netty-resolver-4.1.30.Final.jar:/home/user/.m2/repository/io/netty/netty-transport-native-unix-common/4.1.30.Final/netty-transport-native-unix-common-4.1.30.Final.jar:/home/user/.m2/repository/io/grpc/grpc-protobuf/1.17.1/grpc-protobuf-1.17.1.jar:/home/user/.m2/repository/com/google/api/grpc/proto-google-common-protos/1.0.0/proto-google-common-protos-1.0.0.jar:/home/user/.m2/repository/io/grpc/grpc-protobuf-lite/1.17.1/grpc-protobuf-lite-1.17.1.jar:/home/user/.m2/repository/io/grpc/grpc-stub/1.17.1/grpc-stub-1.17.1.jar:/home/user/.m2/repository/org/apache/hadoop/hadoop-ozone-recon/0.5.0-SNAPSHOT/hadoop-ozone-recon-0.5.0-SNAPSHOT.jar:/home/user/.m2/repository/org/apache/hadoop/hadoop-ozone-reconcodegen/0.5.0-SNAPSHOT/hadoop-ozone-reconcodegen-0.5.0-SNAPSHOT.jar:/home/user/.m2/repository/com/google/inject/extensions/guice-multibindings/4.0/guice-multibindings-4.0.jar:/home/user/.m2/repository/com/google/inject/guice/4.0/guice-4.0.jar:/home/user/.m2/repository/aopalliance/aopalliance/1.0/aopalliance-1.0.jar:/home/user/.m2/repository/com/google/inject/extensions/guice-servlet/4.0/guice-servlet-4.0.jar:/home/user/.m2/repository/org/glassfish/jersey/containers/jersey-container-servlet/2.27/jersey-container-servlet-2.27.jar:/home/user/.m2/repository/org/glassfish/hk2/guice-bridge/2.5.0/guice-bridge-2.5.0.jar:/home/user/.m2/repository/org/glassfish/jersey/core/jersey-server/2.27/jersey-server-2.27.jar:/home/user/.m2/repository/org/glassfish/jersey/core/jersey-client/2.27/jersey-client-2.27.jar:/home/user/.m2/repository/org/glassfish/jersey/media/jersey-media-jaxb/2.27/jersey-media-jaxb-2.27.jar:/home/user/.m2/repository/javax/validation/validation-api/1.1.0.Final/validation-api-1.1.0.Final.jar:/home/user/.m2/repository/org/glassfish/jersey/media/jersey-media-json-jackson/2.27/jersey-media-json-jackson-2.27.jar:/home/user/.m2/repository/org/glassfish/jersey/ext/jersey-entity-filtering/2.27/jersey-entity-filtering-2.27.jar:/home/user/.m2/repository/com/google/inject/extensions/guice-assistedinject/4.0/guice-assistedinject-4.0.jar:/home/user/.m2/repository/org/jooq/jooq/3.11.10/jooq-3.11.10.jar:/home/user/.m2/repository/org/jooq/jooq-meta/3.11.10/jooq-meta-3.11.10.jar:/home/user/.m2/repository/org/jooq/jooq-codegen/3.11.10/jooq-codegen-3.11.10.jar:/home/user/.m2/repository/com/jolbox/bonecp/0.8.0.RELEASE/bonecp-0.8.0.RELEASE.jar:/home/user/.m2/repository/org/xerial/sqlite-jdbc/3.25.2/sqlite-jdbc-3.25.2.jar:/home/user/.m2/repository/org/springframework/spring-jdbc/5.1.3.RELEASE/spring-jdbc-5.1.3.RELEASE.jar:/home/user/.m2/repository/org/springframework/spring-beans/5.1.3.RELEASE/spring-beans-5.1.3.RELEASE.jar:/home/user/.m2/repository/org/springframework/spring-core/5.1.3.RELEASE/spring-core-5.1.3.RELEASE.jar:/home/user/.m2/repository/org/springframework/spring-jcl/5.1.3.RELEASE/spring-jcl-5.1.3.RELEASE.jar:/home/user/.m2/repository/org/springframework/spring-tx/5.1.3.RELEASE/spring-tx-5.1.3.RELEASE.jar:/home/user/.m2/repository/org/apache/hadoop/hadoop-ozone-client/0.5.0-SNAPSHOT/hadoop-ozone-client-0.5.0-SNAPSHOT.jar:/home/user/.m2/repository/commons-lang/commons-lang/2.6/commons-lang-2.6.jar:/home/user/.m2/repository/org/apache/hadoop/hadoop-ozone-ozone-manager/0.5.0-SNAPSHOT/hadoop-ozone-ozone-manager-0.5.0-SNAPSHOT-tests.jar:/home/user/.m2/repository/junit/junit/4.11/junit-4.11.jar:/home/user/.m2/repository/org/hamcrest/hamcrest-core/1.3/hamcrest-core-1.3.jar:/home/user/.m2/repository/org/openjdk/jmh/jmh-core/1.19/jmh-core-1.19.jar:/home/user/.m2/repository/net/sf/jopt-simple/jopt-simple/4.6/jopt-simple-4.6.jar:/home/user/.m2/repository/org/apache/commons/commons-math3/3.1.1/commons-math3-3.1.1.jar:/home/user/.m2/repository/org/openjdk/jmh/jmh-generator-annprocess/1.19/jmh-generator-annprocess-1.19.jar:/home/user/.m2/repository/org/mockito/mockito-all/1.8.5/mockito-all-1.8.5.jar:/home/user/.m2/repository/org/apache/hadoop/hadoop-kms/3.2.0/hadoop-kms-3.2.0.jar:/home/user/.m2/repository/org/apache/hadoop/hadoop-auth/3.2.0/hadoop-auth-3.2.0.jar:/home/user/.m2/repository/com/nimbusds/nimbus-jose-jwt/4.41.1/nimbus-jose-jwt-4.41.1.jar:/home/user/.m2/repository/com/github/stephenc/jcip/jcip-annotations/1.0-1/jcip-annotations-1.0-1.jar:/home/user/.m2/repository/net/minidev/json-smart/2.3/json-smart-2.3.jar:/home/user/.m2/repository/net/minidev/accessors-smart/1.2/accessors-smart-1.2.jar:/home/user/.m2/repository/org/ow2/asm/asm/5.0.4/asm-5.0.4.jar:/home/user/.m2/repository/org/apache/curator/curator-framework/2.12.0/curator-framework-2.12.0.jar:/home/user/.m2/repository/com/sun/jersey/jersey-core/1.19/jersey-core-1.19.jar:/home/user/.m2/repository/javax/ws/rs/jsr311-api/1.1.1/jsr311-api-1.1.1.jar:/home/user/.m2/repository/com/sun/jersey/jersey-server/1.19/jersey-server-1.19.jar:/home/user/.m2/repository/javax/servlet/javax.servlet-api/3.1.0/javax.servlet-api-3.1.0.jar:/home/user/.m2/repository/org/eclipse/jetty/jetty-server/9.3.25.v20180904/jetty-server-9.3.25.v20180904.jar:/home/user/.m2/repository/org/eclipse/jetty/jetty-http/9.3.25.v20180904/jetty-http-9.3.25.v20180904.jar:/home/user/.m2/repository/org/eclipse/jetty/jetty-io/9.3.25.v20180904/jetty-io-9.3.25.v20180904.jar:/home/user/.m2/repository/org/eclipse/jetty/jetty-webapp/9.3.25.v20180904/jetty-webapp-9.3.25.v20180904.jar:/home/user/.m2/repository/org/eclipse/jetty/jetty-xml/9.3.25.v20180904/jetty-xml-9.3.25.v20180904.jar:/home/user/.m2/repository/log4j/log4j/1.2.17/log4j-1.2.17.jar:/home/user/.m2/repository/org/slf4j/slf4j-api/1.7.25/slf4j-api-1.7.25.jar:/home/user/.m2/repository/org/slf4j/jul-to-slf4j/1.7.25/jul-to-slf4j-1.7.25.jar:/home/user/.m2/repository/org/eclipse/jetty/jetty-util/9.3.25.v20180904/jetty-util-9.3.25.v20180904.jar:/home/user/.m2/repository/com/fasterxml/jackson/core/jackson-databind/2.9.9/jackson-databind-2.9.9.jar:/home/user/.m2/repository/org/apache/hadoop/hadoop-kms/3.2.0/hadoop-kms-3.2.0-tests.jar:/home/user/.m2/repository/org/apache/hadoop/hadoop-hdds-server-scm/0.5.0-SNAPSHOT/hadoop-hdds-server-scm-0.5.0-SNAPSHOT-tests.jar:/home/user/.m2/repository/org/apache/hadoop/hadoop-hdds-container-service/0.5.0-SNAPSHOT/hadoop-hdds-container-service-0.5.0-SNAPSHOT-tests.jar:/home/user/.m2/repository/org/yaml/snakeyaml/1.16/snakeyaml-1.16.jar:/home/user/.m2/repository/org/apache/hadoop/hadoop-common/3.2.0/hadoop-common-3.2.0-tests.jar:/home/user/.m2/repository/org/apache/hadoop/hadoop-annotations/3.2.0/hadoop-annotations-3.2.0.jar:/usr/lib/jvm/java-1.8.0-openjdk-1.8.0.222.b10-1.el7_7.x86_64/jre/../lib/tools.jar:/home/user/.m2/repository/commons-cli/commons-cli/1.2/commons-cli-1.2.jar:/home/user/.m2/repository/org/apache/httpcomponents/httpclient/4.5.2/httpclient-4.5.2.jar:/home/user/.m2/repository/org/apache/httpcomponents/httpcore/4.4.4/httpcore-4.4.4.jar:/home/user/.m2/repository/commons-codec/commons-codec/1.11/commons-codec-1.11.jar:/home/user/.m2/repository/commons-net/commons-net/3.6/commons-net-3.6.jar:/home/user/.m2/repository/commons-collections/commons-collections/3.2.2/commons-collections-3.2.2.jar:/home/user/.m2/repository/org/eclipse/jetty/jetty-servlet/9.3.25.v20180904/jetty-servlet-9.3.25.v20180904.jar:/home/user/.m2/repository/org/eclipse/jetty/jetty-security/9.3.25.v20180904/jetty-security-9.3.25.v20180904.jar:/home/user/.m2/repository/javax/servlet/jsp/jsp-api/2.1/jsp-api-2.1.jar:/home/user/.m2/repository/com/sun/jersey/jersey-servlet/1.19/jersey-servlet-1.19.jar:/home/user/.m2/repository/com/sun/jersey/jersey-json/1.19/jersey-json-1.19.jar:/home/user/.m2/repository/org/codehaus/jettison/jettison/1.1/jettison-1.1.jar:/home/user/.m2/repository/org/codehaus/jackson/jackson-core-asl/1.9.13/jackson-core-asl-1.9.13.jar:/home/user/.m2/repository/org/codehaus/jackson/jackson-mapper-asl/1.9.13/jackson-mapper-asl-1.9.13.jar:/home/user/.m2/repository/org/codehaus/jackson/jackson-jaxrs/1.9.13/jackson-jaxrs-1.9.13.jar:/home/user/.m2/repository/org/codehaus/jackson/jackson-xc/1.9.13/jackson-xc-1.9.13.jar:/home/user/.m2/repository/commons-logging/commons-logging/1.1.3/commons-logging-1.1.3.jar:/home/user/.m2/repository/commons-beanutils/commons-beanutils/1.9.4/commons-beanutils-1.9.4.jar:/home/user/.m2/repository/org/apache/commons/commons-configuration2/2.1.1/commons-configuration2-2.1.1.jar:/home/user/.m2/repository/org/apache/commons/commons-lang3/3.7/commons-lang3-3.7.jar:/home/user/.m2/repository/org/apache/commons/commons-text/1.4/commons-text-1.4.jar:/home/user/.m2/repository/org/apache/avro/avro/1.7.7/avro-1.7.7.jar:/home/user/.m2/repository/com/thoughtworks/paranamer/paranamer/2.3/paranamer-2.3.jar:/home/user/.m2/repository/org/xerial/snappy/snappy-java/1.0.5/snappy-java-1.0.5.jar:/home/user/.m2/repository/com/google/re2j/re2j/1.1/re2j-1.1.jar:/home/user/.m2/repository/com/google/code/gson/gson/2.2.4/gson-2.2.4.jar:/home/user/.m2/repository/com/jcraft/jsch/0.1.54/jsch-0.1.54.jar:/home/user/.m2/repository/org/apache/curator/curator-client/2.12.0/curator-client-2.12.0.jar:/home/user/.m2/repository/org/apache/curator/curator-recipes/2.12.0/curator-recipes-2.12.0.jar:/home/user/.m2/repository/com/google/code/findbugs/jsr305/3.0.0/jsr305-3.0.0.jar:/home/user/.m2/repository/org/apache/htrace/htrace-core4/4.1.0-incubating/htrace-core4-4.1.0-incubating.jar:/home/user/.m2/repository/org/apache/zookeeper/zookeeper/3.4.13/zookeeper-3.4.13.jar:/home/user/.m2/repository/jline/jline/0.9.94/jline-0.9.94.jar:/home/user/.m2/repository/org/apache/yetus/audience-annotations/0.5.0/audience-annotations-0.5.0.jar:/home/user/.m2/repository/org/codehaus/woodstox/stax2-api/3.1.4/stax2-api-3.1.4.jar:/home/user/.m2/repository/com/fasterxml/woodstox/woodstox-core/5.0.3/woodstox-core-5.0.3.jar:/home/user/.m2/repository/dnsjava/dnsjava/2.1.7/dnsjava-2.1.7.jar:/home/user/.m2/repository/org/apache/hadoop/hadoop-hdfs/3.2.0/hadoop-hdfs-3.2.0-tests.jar:/home/user/.m2/repository/org/eclipse/jetty/jetty-util-ajax/9.3.25.v20180904/jetty-util-ajax-9.3.25.v20180904.jar:/home/user/.m2/repository/commons-daemon/commons-daemon/1.0.13/commons-daemon-1.0.13.jar:/home/user/.m2/repository/io/netty/netty/3.10.5.Final/netty-3.10.5.Final.jar:/home/user/.m2/repository/io/netty/netty-all/4.0.52.Final/netty-all-4.0.52.Final.jar:/home/user/.m2/repository/org/fusesource/leveldbjni/leveldbjni-all/1.8/leveldbjni-all-1.8.jar:"/>
    <property name="sun.cpu.endian" value="little"/>
    <property name="user.home" value="/home/user"/>
    <property name="user.language" value="en"/>
    <property name="java.specification.vendor" value="Oracle Corporation"/>
    <property name="java.home" value="/usr/lib/jvm/java-1.8.0-openjdk-1.8.0.222.b10-1.el7_7.x86_64/jre"/>
    <property name="surefire.excludesFile" value="/tools/ozone-bad-unit-tests"/>
    <property name="java.security.krb5.conf" value="/workdir/hadoop-ozone/integration-test/target/test-classes/krb5.conf"/>
    <property name="basedir" value="/workdir/hadoop-ozone/integration-test"/>
    <property name="file.separator" value="/"/>
    <property name="line.separator" value="&#10;"/>
    <property name="java.vm.specification.vendor" value="Oracle Corporation"/>
    <property name="java.specification.name" value="Java Platform API Specification"/>
    <property name="java.awt.graphicsenv" value="sun.awt.X11GraphicsEnvironment"/>
    <property name="surefire.real.class.path" value="/workdir/hadoop-ozone/integration-test/target/surefire/surefirebooter8938598501396263210.jar"/>
    <property name="hadoop.log.dir" value="/workdir/hadoop-ozone/integration-test/target/log"/>
    <property name="sun.boot.class.path" value="/usr/lib/jvm/java-1.8.0-openjdk-1.8.0.222.b10-1.el7_7.x86_64/jre/lib/resources.jar:/usr/lib/jvm/java-1.8.0-openjdk-1.8.0.222.b10-1.el7_7.x86_64/jre/lib/rt.jar:/usr/lib/jvm/java-1.8.0-openjdk-1.8.0.222.b10-1.el7_7.x86_64/jre/lib/sunrsasign.jar:/usr/lib/jvm/java-1.8.0-openjdk-1.8.0.222.b10-1.el7_7.x86_64/jre/lib/jsse.jar:/usr/lib/jvm/java-1.8.0-openjdk-1.8.0.222.b10-1.el7_7.x86_64/jre/lib/jce.jar:/usr/lib/jvm/java-1.8.0-openjdk-1.8.0.222.b10-1.el7_7.x86_64/jre/lib/charsets.jar:/usr/lib/jvm/java-1.8.0-openjdk-1.8.0.222.b10-1.el7_7.x86_64/jre/lib/jfr.jar:/usr/lib/jvm/java-1.8.0-openjdk-1.8.0.222.b10-1.el7_7.x86_64/jre/classes"/>
    <property name="sun.management.compiler" value="HotSpot 64-Bit Tiered Compilers"/>
    <property name="java.runtime.version" value="1.8.0_222-b10"/>
    <property name="java.net.preferIPv4Stack" value="true"/>
    <property name="user.name" value="jenkins1000"/>
    <property name="path.separator" value=":"/>
    <property name="java.security.egd" value="file:///dev/urandom"/>
    <property name="os.version" value="3.10.0-957.12.2.el7.x86_64"/>
    <property name="java.endorsed.dirs" value="/usr/lib/jvm/java-1.8.0-openjdk-1.8.0.222.b10-1.el7_7.x86_64/jre/lib/endorsed"/>
    <property name="java.runtime.name" value="OpenJDK Runtime Environment"/>
    <property name="file.encoding" value="ANSI_X3.4-1968"/>
    <property name="java.vm.name" value="OpenJDK 64-Bit Server VM"/>
    <property name="test.build.webapps" value=""/>
    <property name="localRepository" value="/home/user/.m2/repository"/>
    <property name="java.vendor.url.bug" value="http://bugreport.sun.com/bugreport/"/>
    <property name="java.io.tmpdir" value="/tmp"/>
    <property name="require.test.libhadoop" value=""/>
    <property name="java.version" value="1.8.0_222"/>
    <property name="user.dir" value="/workdir/hadoop-ozone/integration-test"/>
    <property name="os.arch" value="amd64"/>
    <property name="java.vm.specification.name" value="Java Virtual Machine Specification"/>
    <property name="test.build.classes" value="/workdir/hadoop-ozone/integration-test/target/test-classes"/>
    <property name="java.awt.printerjob" value="sun.print.PSPrinterJob"/>
    <property name="sun.os.patch.level" value="unknown"/>
    <property name="hadoop.tmp.dir" value="/workdir/hadoop-ozone/integration-test/target/tmp"/>
    <property name="java.library.path" value="/usr/lib:/workdir/hadoop-ozone/integration-test/target/native/target/usr/local/lib:/workdir/hadoop-ozone/integration-test/../../hadoop-common-project/hadoop-common/target/native/target/usr/local/lib:/usr/java/packages/lib/amd64:/usr/lib64:/lib64:/lib:/usr/lib"/>
    <property name="java.vm.info" value="mixed mode"/>
    <property name="java.vendor" value="Oracle Corporation"/>
    <property name="java.vm.version" value="25.222-b10"/>
    <property name="java.ext.dirs" value="/usr/lib/jvm/java-1.8.0-openjdk-1.8.0.222.b10-1.el7_7.x86_64/jre/lib/ext:/usr/java/packages/lib/ext"/>
    <property name="sun.io.unicode.encoding" value="UnicodeLittle"/>
    <property name="java.class.version" value="52.0"/>
  </properties>
  <testcase name="testDeleteKeyWithSlowFollower" classname="org.apache.hadoop.ozone.client.rpc.TestDeleteWithSlowFollower" time="123.809">
    <failure type="java.lang.AssertionError">java.lang.AssertionError
	at org.junit.Assert.fail(Assert.java:86)
	at org.junit.Assert.assertTrue(Assert.java:41)
	at org.junit.Assert.assertTrue(Assert.java:52)
	at org.apache.hadoop.ozone.client.rpc.TestDeleteWithSlowFollower.testDeleteKeyWithSlowFollower(TestDeleteWithSlowFollower.java:265)
	at sun.reflect.NativeMethodAccessorImpl.invoke0(Native Method)
	at sun.reflect.NativeMethodAccessorImpl.invoke(NativeMethodAccessorImpl.java:62)
	at sun.reflect.DelegatingMethodAccessorImpl.invoke(DelegatingMethodAccessorImpl.java:43)
	at java.lang.reflect.Method.invoke(Method.java:498)
	at org.junit.runners.model.FrameworkMethod$1.runReflectiveCall(FrameworkMethod.java:47)
	at org.junit.internal.runners.model.ReflectiveCallable.run(ReflectiveCallable.java:12)
	at org.junit.runners.model.FrameworkMethod.invokeExplosively(FrameworkMethod.java:44)
	at org.junit.internal.runners.statements.InvokeMethod.evaluate(InvokeMethod.java:17)
	at org.junit.runners.ParentRunner.runLeaf(ParentRunner.java:271)
	at org.junit.runners.BlockJUnit4ClassRunner.runChild(BlockJUnit4ClassRunner.java:70)
	at org.junit.runners.BlockJUnit4ClassRunner.runChild(BlockJUnit4ClassRunner.java:50)
	at org.junit.runners.ParentRunner$3.run(ParentRunner.java:238)
	at org.junit.runners.ParentRunner$1.schedule(ParentRunner.java:63)
	at org.junit.runners.ParentRunner.runChildren(ParentRunner.java:236)
	at org.junit.runners.ParentRunner.access$000(ParentRunner.java:53)
	at org.junit.runners.ParentRunner$2.evaluate(ParentRunner.java:229)
	at org.junit.internal.runners.statements.RunBefores.evaluate(RunBefores.java:26)
	at org.junit.internal.runners.statements.RunAfters.evaluate(RunAfters.java:27)
	at org.junit.runners.ParentRunner.run(ParentRunner.java:309)
	at org.apache.maven.surefire.junit4.JUnit4Provider.execute(JUnit4Provider.java:365)
	at org.apache.maven.surefire.junit4.JUnit4Provider.executeWithRerun(JUnit4Provider.java:273)
	at org.apache.maven.surefire.junit4.JUnit4Provider.executeTestSet(JUnit4Provider.java:238)
	at org.apache.maven.surefire.junit4.JUnit4Provider.invoke(JUnit4Provider.java:159)
	at org.apache.maven.surefire.booter.ForkedBooter.invokeProviderInSameClassLoader(ForkedBooter.java:384)
	at org.apache.maven.surefire.booter.ForkedBooter.runSuitesInProcess(ForkedBooter.java:345)
	at org.apache.maven.surefire.booter.ForkedBooter.execute(ForkedBooter.java:126)
	at org.apache.maven.surefire.booter.ForkedBooter.main(ForkedBooter.java:418)
</failure>
    <system-out><![CDATA[2019-10-24 12:45:34,658 [main] WARN  server.ServerUtils (ServerUtils.java:getScmDbDir(145)) - ozone.scm.db.dirs is not configured. We recommend adding this setting. Falling back to ozone.metadata.dirs instead.
2019-10-24 12:45:34,817 [main] WARN  server.ServerUtils (ServerUtils.java:getScmDbDir(145)) - ozone.scm.db.dirs is not configured. We recommend adding this setting. Falling back to ozone.metadata.dirs instead.
2019-10-24 12:45:34,820 [main] WARN  server.ServerUtils (ServerUtils.java:getScmDbDir(145)) - ozone.scm.db.dirs is not configured. We recommend adding this setting. Falling back to ozone.metadata.dirs instead.
2019-10-24 12:45:34,850 [main] INFO  util.log (Log.java:initialized(192)) - Logging initialized @909ms
2019-10-24 12:45:34,969 [main] INFO  db.DBStoreBuilder (DBStoreBuilder.java:addTable(127)) - using custom profile for table: deletedBlocks
2019-10-24 12:45:34,970 [main] INFO  db.DBStoreBuilder (DBStoreBuilder.java:processTables(183)) - Using default column profile:DBProfile.DISK for Table:deletedBlocks
2019-10-24 12:45:34,970 [main] INFO  db.DBStoreBuilder (DBStoreBuilder.java:addTable(127)) - using custom profile for table: validCerts
2019-10-24 12:45:34,970 [main] INFO  db.DBStoreBuilder (DBStoreBuilder.java:processTables(183)) - Using default column profile:DBProfile.DISK for Table:validCerts
2019-10-24 12:45:34,971 [main] INFO  db.DBStoreBuilder (DBStoreBuilder.java:addTable(127)) - using custom profile for table: revokedCerts
2019-10-24 12:45:34,971 [main] INFO  db.DBStoreBuilder (DBStoreBuilder.java:processTables(183)) - Using default column profile:DBProfile.DISK for Table:revokedCerts
2019-10-24 12:45:34,983 [main] INFO  db.DBStoreBuilder (DBStoreBuilder.java:addTable(127)) - using custom profile for table: default
2019-10-24 12:45:34,983 [main] INFO  db.DBStoreBuilder (DBStoreBuilder.java:processTables(189)) - Using default column profile:DBProfile.DISK for Table:default
2019-10-24 12:45:34,985 [main] INFO  db.DBStoreBuilder (DBStoreBuilder.java:getDbProfile(220)) - Using default options. DBProfile.DISK
2019-10-24 12:45:35,230 [main] INFO  net.NodeSchemaLoader (NodeSchemaLoader.java:loadSchemaFromFile(125)) - Loading file from sun.misc.CompoundEnumeration@78691363
2019-10-24 12:45:35,232 [main] INFO  net.NodeSchemaLoader (NodeSchemaLoader.java:loadSchema(171)) - Loading network topology layer schema file
2019-10-24 12:45:35,291 [main] WARN  server.ServerUtils (ServerUtils.java:sanitizeUserArgs(70)) - ozone.scm.stale.node.interval value = 1000000 is larger than max = 100000 based on the key value of ozone.scm.heartbeat.thread.interval, reset to the max value 100000.
2019-10-24 12:45:35,293 [main] WARN  server.ServerUtils (ServerUtils.java:sanitizeUserArgs(70)) - ozone.scm.stale.node.interval value = 1000000 is larger than max = 100000 based on the key value of ozone.scm.heartbeat.thread.interval, reset to the max value 100000.
2019-10-24 12:45:35,296 [main] INFO  node.SCMNodeManager (SCMNodeManager.java:<init>(116)) - Entering startup safe mode.
2019-10-24 12:45:35,358 [main] INFO  algorithms.ContainerPlacementPolicyFactory (ContainerPlacementPolicyFactory.java:getPolicy(57)) - Create container placement policy of type org.apache.hadoop.hdds.scm.container.placement.algorithms.SCMContainerPlacementRandom
2019-10-24 12:45:35,372 [main] WARN  server.ServerUtils (ServerUtils.java:getScmDbDir(145)) - ozone.scm.db.dirs is not configured. We recommend adding this setting. Falling back to ozone.metadata.dirs instead.
2019-10-24 12:45:35,433 [main] INFO  pipeline.SCMPipelineManager (SCMPipelineManager.java:initializePipelineState(136)) - No pipeline exists in current db
2019-10-24 12:45:35,437 [main] WARN  server.ServerUtils (ServerUtils.java:getScmDbDir(145)) - ozone.scm.db.dirs is not configured. We recommend adding this setting. Falling back to ozone.metadata.dirs instead.
2019-10-24 12:45:35,556 [main] INFO  safemode.HealthyPipelineSafeModeRule (HealthyPipelineSafeModeRule.java:<init>(89)) -  Total pipeline count is 0, healthy pipeline threshold count is 1
2019-10-24 12:45:35,560 [main] INFO  safemode.OneReplicaPipelineSafeModeRule (OneReplicaPipelineSafeModeRule.java:<init>(79)) - Total pipeline count is 0, pipeline's with at least one datanode reported threshold count is 0
2019-10-24 12:45:35,561 [main] WARN  events.EventQueue (EventQueue.java:fireEvent(183)) - No event handler registered for event TypedEvent{payloadType=SafeModeStatus, name='SafeModeStatus'}
2019-10-24 12:45:35,949 [main] INFO  ipc.CallQueueManager (CallQueueManager.java:<init>(84)) - Using callQueue: class java.util.concurrent.LinkedBlockingQueue, queueCapacity: 2000, scheduler: class org.apache.hadoop.ipc.DefaultRpcScheduler, ipcBackoff: false.
2019-10-24 12:45:36,083 [Socket Reader #1 for port 34629] INFO  ipc.Server (Server.java:run(1074)) - Starting Socket Reader #1 for port 34629
2019-10-24 12:45:36,119 [main] INFO  ipc.CallQueueManager (CallQueueManager.java:<init>(84)) - Using callQueue: class java.util.concurrent.LinkedBlockingQueue, queueCapacity: 2000, scheduler: class org.apache.hadoop.ipc.DefaultRpcScheduler, ipcBackoff: false.
2019-10-24 12:45:36,120 [Socket Reader #1 for port 45373] INFO  ipc.Server (Server.java:run(1074)) - Starting Socket Reader #1 for port 45373
2019-10-24 12:45:36,129 [main] INFO  ipc.CallQueueManager (CallQueueManager.java:<init>(84)) - Using callQueue: class java.util.concurrent.LinkedBlockingQueue, queueCapacity: 2000, scheduler: class org.apache.hadoop.ipc.DefaultRpcScheduler, ipcBackoff: false.
2019-10-24 12:45:36,130 [Socket Reader #1 for port 35910] INFO  ipc.Server (Server.java:run(1074)) - Starting Socket Reader #1 for port 35910
2019-10-24 12:45:36,156 [main] INFO  hdfs.DFSUtil (DFSUtil.java:httpServerTemplateForNNAndJN(1641)) - Starting Web-server for scm at: http://0.0.0.0:0
2019-10-24 12:45:36,330 [main] INFO  server.AuthenticationFilter (AuthenticationFilter.java:constructSecretProvider(240)) - Unable to initialize FileSignerSecretProvider, falling back to use random secrets.
2019-10-24 12:45:36,340 [main] WARN  http.HttpRequestLog (HttpRequestLog.java:getRequestLog(97)) - Jetty request log can only be enabled using Log4j
2019-10-24 12:45:36,348 [main] INFO  http.HttpServer2 (HttpServer2.java:addGlobalFilter(975)) - Added global filter 'safety' (class=org.apache.hadoop.http.HttpServer2$QuotingInputFilter)
2019-10-24 12:45:36,350 [main] INFO  http.HttpServer2 (HttpServer2.java:addFilter(948)) - Added filter static_user_filter (class=org.apache.hadoop.http.lib.StaticUserWebFilter$StaticUserFilter) to context scm
2019-10-24 12:45:36,350 [main] INFO  http.HttpServer2 (HttpServer2.java:addFilter(958)) - Added filter static_user_filter (class=org.apache.hadoop.http.lib.StaticUserWebFilter$StaticUserFilter) to context logs
2019-10-24 12:45:36,351 [main] INFO  http.HttpServer2 (HttpServer2.java:addFilter(958)) - Added filter static_user_filter (class=org.apache.hadoop.http.lib.StaticUserWebFilter$StaticUserFilter) to context static
2019-10-24 12:45:36,380 [main] INFO  server.StorageContainerManager (StorageContainerManager.java:start(771)) - StorageContainerLocationProtocol RPC server is listening at /0.0.0.0:35910
2019-10-24 12:45:36,439 [main] WARN  impl.MetricsConfig (MetricsConfig.java:loadFirst(134)) - Cannot locate configuration: tried hadoop-metrics2-storagecontainermanager.properties,hadoop-metrics2.properties
2019-10-24 12:45:36,452 [main] INFO  impl.MetricsSystemImpl (MetricsSystemImpl.java:startTimer(374)) - Scheduled Metric snapshot period at 10 second(s).
2019-10-24 12:45:36,452 [main] INFO  impl.MetricsSystemImpl (MetricsSystemImpl.java:start(191)) - StorageContainerManager metrics system started
2019-10-24 12:45:36,669 [main] INFO  server.SCMClientProtocolServer (SCMClientProtocolServer.java:start(159)) - RPC server for Client  is listening at /0.0.0.0:35910
2019-10-24 12:45:36,670 [IPC Server Responder] INFO  ipc.Server (Server.java:run(1314)) - IPC Server Responder: starting
2019-10-24 12:45:36,670 [IPC Server listener on 35910] INFO  ipc.Server (Server.java:run(1153)) - IPC Server listener on 35910: starting
2019-10-24 12:45:36,673 [main] INFO  server.StorageContainerManager (StorageContainerManager.java:start(781)) - ScmBlockLocationProtocol RPC server is listening at /0.0.0.0:45373
2019-10-24 12:45:36,674 [main] INFO  server.SCMBlockProtocolServer (SCMBlockProtocolServer.java:start(146)) - RPC server for Block Protocol is listening at /0.0.0.0:45373
2019-10-24 12:45:36,674 [IPC Server Responder] INFO  ipc.Server (Server.java:run(1314)) - IPC Server Responder: starting
2019-10-24 12:45:36,674 [IPC Server listener on 45373] INFO  ipc.Server (Server.java:run(1153)) - IPC Server listener on 45373: starting
2019-10-24 12:45:36,676 [main] INFO  server.StorageContainerManager (StorageContainerManager.java:start(785)) - ScmDatanodeProtocl RPC server is listening at /0.0.0.0:34629
2019-10-24 12:45:36,677 [main] INFO  server.SCMDatanodeProtocolServer (SCMDatanodeProtocolServer.java:start(177)) - RPC server for DataNodes is listening at /0.0.0.0:34629
2019-10-24 12:45:36,677 [IPC Server Responder] INFO  ipc.Server (Server.java:run(1314)) - IPC Server Responder: starting
2019-10-24 12:45:36,677 [IPC Server listener on 34629] INFO  ipc.Server (Server.java:run(1153)) - IPC Server listener on 34629: starting
2019-10-24 12:45:36,681 [main] INFO  http.HttpServer2 (HttpServer2.java:bindListener(1191)) - Jetty bound to port 39921
2019-10-24 12:45:36,683 [main] INFO  server.Server (Server.java:doStart(351)) - jetty-9.3.25.v20180904, build timestamp: 2018-09-04T21:11:46Z, git hash: 3ce520221d0240229c862b122d2b06c12a625732
2019-10-24 12:45:36,718 [main] INFO  handler.ContextHandler (ContextHandler.java:doStart(781)) - Started o.e.j.s.ServletContextHandler@7a560583{/logs,file:///workdir/hadoop-ozone/integration-test/target/log,AVAILABLE}
2019-10-24 12:45:36,719 [main] INFO  handler.ContextHandler (ContextHandler.java:doStart(781)) - Started o.e.j.s.ServletContextHandler@53f0a4cb{/static,file:///workdir/hadoop-ozone/integration-test/target/test-classes/webapps/static,AVAILABLE}
2019-10-24 12:45:36,751 [main] INFO  handler.ContextHandler (ContextHandler.java:doStart(781)) - Started o.e.j.w.WebAppContext@514eedd8{/,file:///workdir/hadoop-ozone/integration-test/target/test-classes/webapps/scm/,AVAILABLE}{/scm}
2019-10-24 12:45:36,756 [main] INFO  server.AbstractConnector (AbstractConnector.java:doStart(278)) - Started ServerConnector@60094a13{HTTP/1.1,[http/1.1]}{0.0.0.0:39921}
2019-10-24 12:45:36,757 [main] INFO  server.Server (Server.java:doStart(419)) - Started @2816ms
2019-10-24 12:45:36,759 [main] INFO  impl.MetricsSinkAdapter (MetricsSinkAdapter.java:start(204)) - Sink prometheus started
2019-10-24 12:45:36,759 [main] INFO  impl.MetricsSystemImpl (MetricsSystemImpl.java:registerSink(301)) - Registered sink prometheus
2019-10-24 12:45:36,760 [main] INFO  server.BaseHttpServer (BaseHttpServer.java:updateConnectorAddress(215)) - HTTP server of SCM is listening at http://0.0.0.0:39921
2019-10-24 12:45:36,766 [org.apache.hadoop.util.JvmPauseMonitor$Monitor@71f67a79] INFO  util.JvmPauseMonitor (JvmPauseMonitor.java:run(188)) - Starting JVM pause monitor
2019-10-24 12:45:36,768 [main] WARN  server.ServerUtils (ServerUtils.java:getDBPath(222)) - ozone.om.db.dirs is not configured. We recommend adding this setting. Falling back to ozone.metadata.dirs instead.
2019-10-24 12:45:36,869 [main] INFO  ha.OMHANodeDetails (OMHANodeDetails.java:loadOMHAConfig(190)) - Configuration either no ozone.om.address set. Falling back to the default OM address /127.0.0.1:0
2019-10-24 12:45:36,870 [main] INFO  ha.OMHANodeDetails (OMHANodeDetails.java:getOMNodeDetails(220)) - OM Service ID is not set. Setting it to the default ID: omServiceIdDefault
2019-10-24 12:45:36,871 [main] WARN  server.ServerUtils (ServerUtils.java:getDBPath(222)) - ozone.om.db.dirs is not configured. We recommend adding this setting. Falling back to ozone.metadata.dirs instead.
2019-10-24 12:45:36,872 [main] WARN  server.ServerUtils (ServerUtils.java:getDBPath(222)) - ozone.om.db.dirs is not configured. We recommend adding this setting. Falling back to ozone.metadata.dirs instead.
2019-10-24 12:45:37,517 [main] WARN  server.ServerUtils (ServerUtils.java:getDBPath(222)) - ozone.om.db.dirs is not configured. We recommend adding this setting. Falling back to ozone.metadata.dirs instead.
2019-10-24 12:45:37,525 [main] INFO  db.DBStoreBuilder (DBStoreBuilder.java:addTable(127)) - using custom profile for table: userTable
2019-10-24 12:45:37,525 [main] INFO  db.DBStoreBuilder (DBStoreBuilder.java:processTables(183)) - Using default column profile:DBProfile.DISK for Table:userTable
2019-10-24 12:45:37,526 [main] INFO  db.DBStoreBuilder (DBStoreBuilder.java:addTable(127)) - using custom profile for table: volumeTable
2019-10-24 12:45:37,526 [main] INFO  db.DBStoreBuilder (DBStoreBuilder.java:processTables(183)) - Using default column profile:DBProfile.DISK for Table:volumeTable
2019-10-24 12:45:37,526 [main] INFO  db.DBStoreBuilder (DBStoreBuilder.java:addTable(127)) - using custom profile for table: bucketTable
2019-10-24 12:45:37,526 [main] INFO  db.DBStoreBuilder (DBStoreBuilder.java:processTables(183)) - Using default column profile:DBProfile.DISK for Table:bucketTable
2019-10-24 12:45:37,526 [main] INFO  db.DBStoreBuilder (DBStoreBuilder.java:addTable(127)) - using custom profile for table: keyTable
2019-10-24 12:45:37,527 [main] INFO  db.DBStoreBuilder (DBStoreBuilder.java:processTables(183)) - Using default column profile:DBProfile.DISK for Table:keyTable
2019-10-24 12:45:37,527 [main] INFO  db.DBStoreBuilder (DBStoreBuilder.java:addTable(127)) - using custom profile for table: deletedTable
2019-10-24 12:45:37,527 [main] INFO  db.DBStoreBuilder (DBStoreBuilder.java:processTables(183)) - Using default column profile:DBProfile.DISK for Table:deletedTable
2019-10-24 12:45:37,527 [main] INFO  db.DBStoreBuilder (DBStoreBuilder.java:addTable(127)) - using custom profile for table: openKeyTable
2019-10-24 12:45:37,527 [main] INFO  db.DBStoreBuilder (DBStoreBuilder.java:processTables(183)) - Using default column profile:DBProfile.DISK for Table:openKeyTable
2019-10-24 12:45:37,528 [main] INFO  db.DBStoreBuilder (DBStoreBuilder.java:addTable(127)) - using custom profile for table: s3Table
2019-10-24 12:45:37,528 [main] INFO  db.DBStoreBuilder (DBStoreBuilder.java:processTables(183)) - Using default column profile:DBProfile.DISK for Table:s3Table
2019-10-24 12:45:37,528 [main] INFO  db.DBStoreBuilder (DBStoreBuilder.java:addTable(127)) - using custom profile for table: multipartInfoTable
2019-10-24 12:45:37,528 [main] INFO  db.DBStoreBuilder (DBStoreBuilder.java:processTables(183)) - Using default column profile:DBProfile.DISK for Table:multipartInfoTable
2019-10-24 12:45:37,529 [main] INFO  db.DBStoreBuilder (DBStoreBuilder.java:addTable(127)) - using custom profile for table: dTokenTable
2019-10-24 12:45:37,529 [main] INFO  db.DBStoreBuilder (DBStoreBuilder.java:processTables(183)) - Using default column profile:DBProfile.DISK for Table:dTokenTable
2019-10-24 12:45:37,529 [main] INFO  db.DBStoreBuilder (DBStoreBuilder.java:addTable(127)) - using custom profile for table: s3SecretTable
2019-10-24 12:45:37,529 [main] INFO  db.DBStoreBuilder (DBStoreBuilder.java:processTables(183)) - Using default column profile:DBProfile.DISK for Table:s3SecretTable
2019-10-24 12:45:37,530 [main] INFO  db.DBStoreBuilder (DBStoreBuilder.java:addTable(127)) - using custom profile for table: prefixTable
2019-10-24 12:45:37,530 [main] INFO  db.DBStoreBuilder (DBStoreBuilder.java:processTables(183)) - Using default column profile:DBProfile.DISK for Table:prefixTable
2019-10-24 12:45:37,530 [main] INFO  db.DBStoreBuilder (DBStoreBuilder.java:addTable(127)) - using custom profile for table: default
2019-10-24 12:45:37,530 [main] INFO  db.DBStoreBuilder (DBStoreBuilder.java:processTables(189)) - Using default column profile:DBProfile.DISK for Table:default
2019-10-24 12:45:37,530 [main] INFO  db.DBStoreBuilder (DBStoreBuilder.java:getDbProfile(220)) - Using default options. DBProfile.DISK
2019-10-24 12:45:38,015 [main] INFO  ipc.CallQueueManager (CallQueueManager.java:<init>(84)) - Using callQueue: class java.util.concurrent.LinkedBlockingQueue, queueCapacity: 2000, scheduler: class org.apache.hadoop.ipc.DefaultRpcScheduler, ipcBackoff: false.
2019-10-24 12:45:38,016 [Socket Reader #1 for port 41233] INFO  ipc.Server (Server.java:run(1074)) - Starting Socket Reader #1 for port 41233
2019-10-24 12:45:38,037 [main] INFO  om.OzoneManager (OzoneManager.java:start(1074)) - OzoneManager RPC server is listening at localhost/127.0.0.1:41233
2019-10-24 12:45:38,038 [main] INFO  impl.MetricsSystemImpl (MetricsSystemImpl.java:init(158)) - OzoneManager metrics system started (again)
2019-10-24 12:45:38,046 [IPC Server Responder] INFO  ipc.Server (Server.java:run(1314)) - IPC Server Responder: starting
2019-10-24 12:45:38,046 [IPC Server listener on 41233] INFO  ipc.Server (Server.java:run(1153)) - IPC Server listener on 41233: starting
2019-10-24 12:45:38,051 [main] INFO  hdfs.DFSUtil (DFSUtil.java:httpServerTemplateForNNAndJN(1641)) - Starting Web-server for ozoneManager at: http://0.0.0.0:0
2019-10-24 12:45:38,053 [main] INFO  server.AuthenticationFilter (AuthenticationFilter.java:constructSecretProvider(240)) - Unable to initialize FileSignerSecretProvider, falling back to use random secrets.
2019-10-24 12:45:38,053 [main] WARN  http.HttpRequestLog (HttpRequestLog.java:getRequestLog(97)) - Jetty request log can only be enabled using Log4j
2019-10-24 12:45:38,055 [main] INFO  http.HttpServer2 (HttpServer2.java:addGlobalFilter(975)) - Added global filter 'safety' (class=org.apache.hadoop.http.HttpServer2$QuotingInputFilter)
2019-10-24 12:45:38,056 [main] INFO  http.HttpServer2 (HttpServer2.java:addFilter(948)) - Added filter static_user_filter (class=org.apache.hadoop.http.lib.StaticUserWebFilter$StaticUserFilter) to context ozoneManager
2019-10-24 12:45:38,056 [main] INFO  http.HttpServer2 (HttpServer2.java:addFilter(958)) - Added filter static_user_filter (class=org.apache.hadoop.http.lib.StaticUserWebFilter$StaticUserFilter) to context logs
2019-10-24 12:45:38,056 [main] INFO  http.HttpServer2 (HttpServer2.java:addFilter(958)) - Added filter static_user_filter (class=org.apache.hadoop.http.lib.StaticUserWebFilter$StaticUserFilter) to context static
2019-10-24 12:45:38,058 [main] INFO  http.HttpServer2 (HttpServer2.java:bindListener(1191)) - Jetty bound to port 42831
2019-10-24 12:45:38,058 [main] INFO  server.Server (Server.java:doStart(351)) - jetty-9.3.25.v20180904, build timestamp: 2018-09-04T21:11:46Z, git hash: 3ce520221d0240229c862b122d2b06c12a625732
2019-10-24 12:45:38,060 [main] INFO  handler.ContextHandler (ContextHandler.java:doStart(781)) - Started o.e.j.s.ServletContextHandler@7923f5b3{/logs,file:///workdir/hadoop-ozone/integration-test/target/log,AVAILABLE}
2019-10-24 12:45:38,061 [main] INFO  handler.ContextHandler (ContextHandler.java:doStart(781)) - Started o.e.j.s.ServletContextHandler@7578e06a{/static,file:///workdir/hadoop-ozone/integration-test/target/test-classes/webapps/static,AVAILABLE}
2019-10-24 12:45:38,065 [main] INFO  handler.ContextHandler (ContextHandler.java:doStart(781)) - Started o.e.j.w.WebAppContext@2cfbeac4{/,file:///workdir/hadoop-ozone/integration-test/target/test-classes/webapps/ozoneManager/,AVAILABLE}{/ozoneManager}
2019-10-24 12:45:38,066 [main] INFO  server.AbstractConnector (AbstractConnector.java:doStart(278)) - Started ServerConnector@12db3386{HTTP/1.1,[http/1.1]}{0.0.0.0:42831}
2019-10-24 12:45:38,067 [main] INFO  server.Server (Server.java:doStart(419)) - Started @4125ms
2019-10-24 12:45:38,067 [main] WARN  impl.MetricsSystemImpl (MetricsSystemImpl.java:register(276)) - Sink prometheus already exists!
2019-10-24 12:45:38,068 [main] INFO  server.BaseHttpServer (BaseHttpServer.java:updateConnectorAddress(215)) - HTTP server of OZONEMANAGER is listening at http://0.0.0.0:42831
2019-10-24 12:45:38,365 [main] INFO  impl.MetricsSystemImpl (MetricsSystemImpl.java:init(158)) - HddsDatanode metrics system started (again)
2019-10-24 12:45:38,415 [main] INFO  ozone.HddsDatanodeService (HddsDatanodeService.java:start(184)) - HddsDatanodeService host:pr-hdds-2034-s5hcl-2472234065 ip:192.168.34.27
2019-10-24 12:45:38,448 [main] INFO  volume.HddsVolume (HddsVolume.java:<init>(176)) - Creating Volume: /workdir/hadoop-ozone/integration-test/target/test-dir/MiniOzoneClusterImpl-c63c45e9-3133-4fa9-98a3-2bd36eb99823/datanode-0/data/containers/hdds of  storage type : DISK and capacity : 1482555576320
2019-10-24 12:45:38,451 [main] INFO  volume.VolumeSet (VolumeSet.java:initializeVolumeSet(170)) - Added Volume : /workdir/hadoop-ozone/integration-test/target/test-dir/MiniOzoneClusterImpl-c63c45e9-3133-4fa9-98a3-2bd36eb99823/datanode-0/data/containers/hdds to VolumeSet
2019-10-24 12:45:38,454 [main] INFO  volume.ThrottledAsyncChecker (ThrottledAsyncChecker.java:schedule(141)) - Scheduling a check for /workdir/hadoop-ozone/integration-test/target/test-dir/MiniOzoneClusterImpl-c63c45e9-3133-4fa9-98a3-2bd36eb99823/datanode-0/data/containers/hdds
2019-10-24 12:45:38,471 [main] INFO  volume.HddsVolumeChecker (HddsVolumeChecker.java:checkAllVolumes(204)) - Scheduled health check for volume /workdir/hadoop-ozone/integration-test/target/test-dir/MiniOzoneClusterImpl-c63c45e9-3133-4fa9-98a3-2bd36eb99823/datanode-0/data/containers/hdds
2019-10-24 12:45:38,575 [main] INFO  impl.RaftServerProxy (ConfUtils.java:logGet(43)) - raft.rpc.type = GRPC (default)
2019-10-24 12:45:38,641 [main] INFO  grpc.GrpcFactory (GrpcFactory.java:checkPooledByteBufAllocatorUseCacheForAllThreads(45)) - PERFORMANCE WARNING: useCacheForAllThreads is true that may cause Netty to create a lot garbage objects and, as a result, trigger GC.
	It is recommended to disable useCacheForAllThreads by setting -Dorg.apache.ratis.thirdparty.io.netty.allocator.useCacheForAllThreads=false in command line.
2019-10-24 12:45:38,646 [main] INFO  grpc.GrpcConfigKeys$Server (ConfUtils.java:logGet(43)) - raft.grpc.server.port = 0 (default)
2019-10-24 12:45:38,648 [main] INFO  server.GrpcService (ConfUtils.java:logGet(43)) - raft.grpc.message.size.max = 33570816 (custom)
2019-10-24 12:45:38,649 [main] INFO  server.RaftServerConfigKeys (ConfUtils.java:logGet(43)) - raft.server.log.appender.buffer.byte-limit = 33554432 (custom)
2019-10-24 12:45:38,650 [main] INFO  server.GrpcService (ConfUtils.java:logGet(43)) - raft.grpc.flow.control.window = 1MB (=1048576) (default)
2019-10-24 12:45:38,651 [main] INFO  server.RaftServerConfigKeys (ConfUtils.java:logGet(43)) - raft.server.rpc.request.timeout = 3000ms (default)
2019-10-24 12:45:38,810 [main] INFO  server.RaftServerConfigKeys (ConfUtils.java:logGet(43)) - raft.server.storage.dir = [/workdir/hadoop-ozone/integration-test/target/test-dir/MiniOzoneClusterImpl-c63c45e9-3133-4fa9-98a3-2bd36eb99823/datanode-0/data/ratis] (custom)
2019-10-24 12:45:38,860 [main] INFO  hdfs.DFSUtil (DFSUtil.java:httpServerTemplateForNNAndJN(1641)) - Starting Web-server for hddsDatanode at: http://0.0.0.0:0
2019-10-24 12:45:38,862 [main] INFO  server.AuthenticationFilter (AuthenticationFilter.java:constructSecretProvider(240)) - Unable to initialize FileSignerSecretProvider, falling back to use random secrets.
2019-10-24 12:45:38,862 [main] WARN  http.HttpRequestLog (HttpRequestLog.java:getRequestLog(97)) - Jetty request log can only be enabled using Log4j
2019-10-24 12:45:38,864 [main] INFO  http.HttpServer2 (HttpServer2.java:addGlobalFilter(975)) - Added global filter 'safety' (class=org.apache.hadoop.http.HttpServer2$QuotingInputFilter)
2019-10-24 12:45:38,864 [main] INFO  http.HttpServer2 (HttpServer2.java:addFilter(948)) - Added filter static_user_filter (class=org.apache.hadoop.http.lib.StaticUserWebFilter$StaticUserFilter) to context hddsDatanode
2019-10-24 12:45:38,864 [main] INFO  http.HttpServer2 (HttpServer2.java:addFilter(958)) - Added filter static_user_filter (class=org.apache.hadoop.http.lib.StaticUserWebFilter$StaticUserFilter) to context logs
2019-10-24 12:45:38,865 [main] INFO  http.HttpServer2 (HttpServer2.java:addFilter(958)) - Added filter static_user_filter (class=org.apache.hadoop.http.lib.StaticUserWebFilter$StaticUserFilter) to context static
2019-10-24 12:45:38,866 [main] INFO  http.HttpServer2 (HttpServer2.java:bindListener(1191)) - Jetty bound to port 35630
2019-10-24 12:45:38,866 [main] INFO  server.Server (Server.java:doStart(351)) - jetty-9.3.25.v20180904, build timestamp: 2018-09-04T21:11:46Z, git hash: 3ce520221d0240229c862b122d2b06c12a625732
2019-10-24 12:45:38,868 [main] INFO  handler.ContextHandler (ContextHandler.java:doStart(781)) - Started o.e.j.s.ServletContextHandler@472a11ae{/logs,file:///workdir/hadoop-ozone/integration-test/target/log,AVAILABLE}
2019-10-24 12:45:38,869 [main] INFO  handler.ContextHandler (ContextHandler.java:doStart(781)) - Started o.e.j.s.ServletContextHandler@30e9ca13{/static,jar:file:/home/user/.m2/repository/org/apache/hadoop/hadoop-hdds-container-service/0.5.0-SNAPSHOT/hadoop-hdds-container-service-0.5.0-SNAPSHOT.jar!/webapps/static,AVAILABLE}
2019-10-24 12:45:38,904 [main] INFO  handler.ContextHandler (ContextHandler.java:doStart(781)) - Started o.e.j.w.WebAppContext@78e22d35{/,file:///tmp/jetty-0.0.0.0-35630-hddsDatanode-_-any-6022716313061863312.dir/webapp/,AVAILABLE}{/hddsDatanode}
2019-10-24 12:45:38,905 [main] INFO  server.AbstractConnector (AbstractConnector.java:doStart(278)) - Started ServerConnector@2e8a1ab4{HTTP/1.1,[http/1.1]}{0.0.0.0:35630}
2019-10-24 12:45:38,905 [main] INFO  server.Server (Server.java:doStart(419)) - Started @4964ms
2019-10-24 12:45:38,906 [main] WARN  impl.MetricsSystemImpl (MetricsSystemImpl.java:register(276)) - Sink prometheus already exists!
2019-10-24 12:45:38,907 [main] INFO  server.BaseHttpServer (BaseHttpServer.java:updateConnectorAddress(215)) - HTTP server of HDDSDATANODE is listening at http://0.0.0.0:35630
2019-10-24 12:45:38,908 [main] INFO  impl.MetricsSystemImpl (MetricsSystemImpl.java:init(158)) - HddsDatanode metrics system started (again)
2019-10-24 12:45:38,911 [main] INFO  ozone.HddsDatanodeService (HddsDatanodeService.java:start(184)) - HddsDatanodeService host:pr-hdds-2034-s5hcl-2472234065 ip:192.168.34.27
2019-10-24 12:45:38,917 [org.apache.hadoop.util.JvmPauseMonitor$Monitor@824aac8] INFO  util.JvmPauseMonitor (JvmPauseMonitor.java:run(188)) - Starting JVM pause monitor
2019-10-24 12:45:38,923 [main] INFO  volume.HddsVolume (HddsVolume.java:<init>(176)) - Creating Volume: /workdir/hadoop-ozone/integration-test/target/test-dir/MiniOzoneClusterImpl-c63c45e9-3133-4fa9-98a3-2bd36eb99823/datanode-1/data/containers/hdds of  storage type : DISK and capacity : 1482555576320
2019-10-24 12:45:38,924 [main] INFO  volume.VolumeSet (VolumeSet.java:initializeVolumeSet(170)) - Added Volume : /workdir/hadoop-ozone/integration-test/target/test-dir/MiniOzoneClusterImpl-c63c45e9-3133-4fa9-98a3-2bd36eb99823/datanode-1/data/containers/hdds to VolumeSet
2019-10-24 12:45:38,924 [main] INFO  volume.ThrottledAsyncChecker (ThrottledAsyncChecker.java:schedule(141)) - Scheduling a check for /workdir/hadoop-ozone/integration-test/target/test-dir/MiniOzoneClusterImpl-c63c45e9-3133-4fa9-98a3-2bd36eb99823/datanode-1/data/containers/hdds
2019-10-24 12:45:38,926 [main] INFO  volume.HddsVolumeChecker (HddsVolumeChecker.java:checkAllVolumes(204)) - Scheduled health check for volume /workdir/hadoop-ozone/integration-test/target/test-dir/MiniOzoneClusterImpl-c63c45e9-3133-4fa9-98a3-2bd36eb99823/datanode-1/data/containers/hdds
2019-10-24 12:45:38,947 [main] INFO  impl.RaftServerProxy (ConfUtils.java:logGet(43)) - raft.rpc.type = GRPC (default)
2019-10-24 12:45:38,948 [main] INFO  grpc.GrpcFactory (GrpcFactory.java:checkPooledByteBufAllocatorUseCacheForAllThreads(45)) - PERFORMANCE WARNING: useCacheForAllThreads is true that may cause Netty to create a lot garbage objects and, as a result, trigger GC.
	It is recommended to disable useCacheForAllThreads by setting -Dorg.apache.ratis.thirdparty.io.netty.allocator.useCacheForAllThreads=false in command line.
2019-10-24 12:45:38,948 [main] INFO  grpc.GrpcConfigKeys$Server (ConfUtils.java:logGet(43)) - raft.grpc.server.port = 0 (default)
2019-10-24 12:45:38,949 [main] INFO  server.GrpcService (ConfUtils.java:logGet(43)) - raft.grpc.message.size.max = 33570816 (custom)
2019-10-24 12:45:38,949 [main] INFO  server.RaftServerConfigKeys (ConfUtils.java:logGet(43)) - raft.server.log.appender.buffer.byte-limit = 33554432 (custom)
2019-10-24 12:45:38,949 [main] INFO  server.GrpcService (ConfUtils.java:logGet(43)) - raft.grpc.flow.control.window = 1MB (=1048576) (default)
2019-10-24 12:45:38,949 [main] INFO  server.RaftServerConfigKeys (ConfUtils.java:logGet(43)) - raft.server.rpc.request.timeout = 3000ms (default)
2019-10-24 12:45:38,951 [main] INFO  server.RaftServerConfigKeys (ConfUtils.java:logGet(43)) - raft.server.storage.dir = [/workdir/hadoop-ozone/integration-test/target/test-dir/MiniOzoneClusterImpl-c63c45e9-3133-4fa9-98a3-2bd36eb99823/datanode-1/data/ratis] (custom)
2019-10-24 12:45:38,954 [main] INFO  hdfs.DFSUtil (DFSUtil.java:httpServerTemplateForNNAndJN(1641)) - Starting Web-server for hddsDatanode at: http://0.0.0.0:0
2019-10-24 12:45:38,956 [main] INFO  server.AuthenticationFilter (AuthenticationFilter.java:constructSecretProvider(240)) - Unable to initialize FileSignerSecretProvider, falling back to use random secrets.
2019-10-24 12:45:38,957 [main] WARN  http.HttpRequestLog (HttpRequestLog.java:getRequestLog(97)) - Jetty request log can only be enabled using Log4j
2019-10-24 12:45:38,959 [main] INFO  http.HttpServer2 (HttpServer2.java:addGlobalFilter(975)) - Added global filter 'safety' (class=org.apache.hadoop.http.HttpServer2$QuotingInputFilter)
2019-10-24 12:45:38,960 [main] INFO  http.HttpServer2 (HttpServer2.java:addFilter(948)) - Added filter static_user_filter (class=org.apache.hadoop.http.lib.StaticUserWebFilter$StaticUserFilter) to context hddsDatanode
2019-10-24 12:45:38,960 [main] INFO  http.HttpServer2 (HttpServer2.java:addFilter(958)) - Added filter static_user_filter (class=org.apache.hadoop.http.lib.StaticUserWebFilter$StaticUserFilter) to context static
2019-10-24 12:45:38,960 [main] INFO  http.HttpServer2 (HttpServer2.java:addFilter(958)) - Added filter static_user_filter (class=org.apache.hadoop.http.lib.StaticUserWebFilter$StaticUserFilter) to context logs
2019-10-24 12:45:38,961 [main] INFO  http.HttpServer2 (HttpServer2.java:bindListener(1191)) - Jetty bound to port 43978
2019-10-24 12:45:38,962 [main] INFO  server.Server (Server.java:doStart(351)) - jetty-9.3.25.v20180904, build timestamp: 2018-09-04T21:11:46Z, git hash: 3ce520221d0240229c862b122d2b06c12a625732
2019-10-24 12:45:38,966 [main] INFO  handler.ContextHandler (ContextHandler.java:doStart(781)) - Started o.e.j.s.ServletContextHandler@1f7076bc{/logs,file:///workdir/hadoop-ozone/integration-test/target/log,AVAILABLE}
2019-10-24 12:45:38,966 [main] INFO  handler.ContextHandler (ContextHandler.java:doStart(781)) - Started o.e.j.s.ServletContextHandler@5b9396d3{/static,jar:file:/home/user/.m2/repository/org/apache/hadoop/hadoop-hdds-container-service/0.5.0-SNAPSHOT/hadoop-hdds-container-service-0.5.0-SNAPSHOT.jar!/webapps/static,AVAILABLE}
2019-10-24 12:45:39,003 [main] INFO  handler.ContextHandler (ContextHandler.java:doStart(781)) - Started o.e.j.w.WebAppContext@4047d2d9{/,file:///tmp/jetty-0.0.0.0-43978-hddsDatanode-_-any-3492511251574462531.dir/webapp/,AVAILABLE}{/hddsDatanode}
2019-10-24 12:45:39,004 [main] INFO  server.AbstractConnector (AbstractConnector.java:doStart(278)) - Started ServerConnector@48d293ee{HTTP/1.1,[http/1.1]}{0.0.0.0:43978}
2019-10-24 12:45:39,004 [main] INFO  server.Server (Server.java:doStart(419)) - Started @5063ms
2019-10-24 12:45:39,004 [main] WARN  impl.MetricsSystemImpl (MetricsSystemImpl.java:register(276)) - Sink prometheus already exists!
2019-10-24 12:45:39,006 [main] INFO  server.BaseHttpServer (BaseHttpServer.java:updateConnectorAddress(215)) - HTTP server of HDDSDATANODE is listening at http://0.0.0.0:43978
2019-10-24 12:45:39,007 [main] INFO  impl.MetricsSystemImpl (MetricsSystemImpl.java:init(158)) - HddsDatanode metrics system started (again)
2019-10-24 12:45:39,010 [main] INFO  ozone.HddsDatanodeService (HddsDatanodeService.java:start(184)) - HddsDatanodeService host:pr-hdds-2034-s5hcl-2472234065 ip:192.168.34.27
2019-10-24 12:45:39,010 [org.apache.hadoop.util.JvmPauseMonitor$Monitor@605ddeeb] INFO  util.JvmPauseMonitor (JvmPauseMonitor.java:run(188)) - Starting JVM pause monitor
2019-10-24 12:45:39,019 [main] INFO  volume.HddsVolume (HddsVolume.java:<init>(176)) - Creating Volume: /workdir/hadoop-ozone/integration-test/target/test-dir/MiniOzoneClusterImpl-c63c45e9-3133-4fa9-98a3-2bd36eb99823/datanode-2/data/containers/hdds of  storage type : DISK and capacity : 1482555576320
2019-10-24 12:45:39,020 [main] INFO  volume.VolumeSet (VolumeSet.java:initializeVolumeSet(170)) - Added Volume : /workdir/hadoop-ozone/integration-test/target/test-dir/MiniOzoneClusterImpl-c63c45e9-3133-4fa9-98a3-2bd36eb99823/datanode-2/data/containers/hdds to VolumeSet
2019-10-24 12:45:39,020 [main] INFO  volume.ThrottledAsyncChecker (ThrottledAsyncChecker.java:schedule(141)) - Scheduling a check for /workdir/hadoop-ozone/integration-test/target/test-dir/MiniOzoneClusterImpl-c63c45e9-3133-4fa9-98a3-2bd36eb99823/datanode-2/data/containers/hdds
2019-10-24 12:45:39,020 [main] INFO  volume.HddsVolumeChecker (HddsVolumeChecker.java:checkAllVolumes(204)) - Scheduled health check for volume /workdir/hadoop-ozone/integration-test/target/test-dir/MiniOzoneClusterImpl-c63c45e9-3133-4fa9-98a3-2bd36eb99823/datanode-2/data/containers/hdds
2019-10-24 12:45:39,035 [main] INFO  impl.RaftServerProxy (ConfUtils.java:logGet(43)) - raft.rpc.type = GRPC (default)
2019-10-24 12:45:39,036 [main] INFO  grpc.GrpcFactory (GrpcFactory.java:checkPooledByteBufAllocatorUseCacheForAllThreads(45)) - PERFORMANCE WARNING: useCacheForAllThreads is true that may cause Netty to create a lot garbage objects and, as a result, trigger GC.
	It is recommended to disable useCacheForAllThreads by setting -Dorg.apache.ratis.thirdparty.io.netty.allocator.useCacheForAllThreads=false in command line.
2019-10-24 12:45:39,036 [main] INFO  grpc.GrpcConfigKeys$Server (ConfUtils.java:logGet(43)) - raft.grpc.server.port = 0 (default)
2019-10-24 12:45:39,036 [main] INFO  server.GrpcService (ConfUtils.java:logGet(43)) - raft.grpc.message.size.max = 33570816 (custom)
2019-10-24 12:45:39,036 [main] INFO  server.RaftServerConfigKeys (ConfUtils.java:logGet(43)) - raft.server.log.appender.buffer.byte-limit = 33554432 (custom)
2019-10-24 12:45:39,037 [main] INFO  server.GrpcService (ConfUtils.java:logGet(43)) - raft.grpc.flow.control.window = 1MB (=1048576) (default)
2019-10-24 12:45:39,037 [main] INFO  server.RaftServerConfigKeys (ConfUtils.java:logGet(43)) - raft.server.rpc.request.timeout = 3000ms (default)
2019-10-24 12:45:39,037 [Datanode State Machine Thread - 0] INFO  datanode.InitDatanodeState (InitDatanodeState.java:persistContainerDatanodeDetails(140)) - DatanodeDetails is persisted to /workdir/hadoop-ozone/integration-test/target/test-dir/MiniOzoneClusterImpl-c63c45e9-3133-4fa9-98a3-2bd36eb99823/datanode-0/meta/datanode.id
2019-10-24 12:45:39,037 [main] INFO  server.RaftServerConfigKeys (ConfUtils.java:logGet(43)) - raft.server.storage.dir = [/workdir/hadoop-ozone/integration-test/target/test-dir/MiniOzoneClusterImpl-c63c45e9-3133-4fa9-98a3-2bd36eb99823/datanode-2/data/ratis] (custom)
2019-10-24 12:45:39,040 [Datanode State Machine Thread - 0] INFO  datanode.InitDatanodeState (InitDatanodeState.java:persistContainerDatanodeDetails(140)) - DatanodeDetails is persisted to /workdir/hadoop-ozone/integration-test/target/test-dir/MiniOzoneClusterImpl-c63c45e9-3133-4fa9-98a3-2bd36eb99823/datanode-1/meta/datanode.id
2019-10-24 12:45:39,041 [main] INFO  hdfs.DFSUtil (DFSUtil.java:httpServerTemplateForNNAndJN(1641)) - Starting Web-server for hddsDatanode at: http://0.0.0.0:0
2019-10-24 12:45:39,042 [main] INFO  server.AuthenticationFilter (AuthenticationFilter.java:constructSecretProvider(240)) - Unable to initialize FileSignerSecretProvider, falling back to use random secrets.
2019-10-24 12:45:39,043 [main] WARN  http.HttpRequestLog (HttpRequestLog.java:getRequestLog(97)) - Jetty request log can only be enabled using Log4j
2019-10-24 12:45:39,044 [main] INFO  http.HttpServer2 (HttpServer2.java:addGlobalFilter(975)) - Added global filter 'safety' (class=org.apache.hadoop.http.HttpServer2$QuotingInputFilter)
2019-10-24 12:45:39,045 [main] INFO  http.HttpServer2 (HttpServer2.java:addFilter(948)) - Added filter static_user_filter (class=org.apache.hadoop.http.lib.StaticUserWebFilter$StaticUserFilter) to context hddsDatanode
2019-10-24 12:45:39,045 [main] INFO  http.HttpServer2 (HttpServer2.java:addFilter(958)) - Added filter static_user_filter (class=org.apache.hadoop.http.lib.StaticUserWebFilter$StaticUserFilter) to context static
2019-10-24 12:45:39,045 [main] INFO  http.HttpServer2 (HttpServer2.java:addFilter(958)) - Added filter static_user_filter (class=org.apache.hadoop.http.lib.StaticUserWebFilter$StaticUserFilter) to context logs
2019-10-24 12:45:39,046 [main] INFO  http.HttpServer2 (HttpServer2.java:bindListener(1191)) - Jetty bound to port 33146
2019-10-24 12:45:39,046 [main] INFO  server.Server (Server.java:doStart(351)) - jetty-9.3.25.v20180904, build timestamp: 2018-09-04T21:11:46Z, git hash: 3ce520221d0240229c862b122d2b06c12a625732
2019-10-24 12:45:39,048 [main] INFO  handler.ContextHandler (ContextHandler.java:doStart(781)) - Started o.e.j.s.ServletContextHandler@31ee2fdb{/logs,file:///workdir/hadoop-ozone/integration-test/target/log,AVAILABLE}
2019-10-24 12:45:39,049 [main] INFO  handler.ContextHandler (ContextHandler.java:doStart(781)) - Started o.e.j.s.ServletContextHandler@1effd53c{/static,jar:file:/home/user/.m2/repository/org/apache/hadoop/hadoop-hdds-container-service/0.5.0-SNAPSHOT/hadoop-hdds-container-service-0.5.0-SNAPSHOT.jar!/webapps/static,AVAILABLE}
2019-10-24 12:45:39,080 [main] INFO  handler.ContextHandler (ContextHandler.java:doStart(781)) - Started o.e.j.w.WebAppContext@60bbacfc{/,file:///tmp/jetty-0.0.0.0-33146-hddsDatanode-_-any-4888772012144340818.dir/webapp/,AVAILABLE}{/hddsDatanode}
2019-10-24 12:45:39,081 [main] INFO  server.AbstractConnector (AbstractConnector.java:doStart(278)) - Started ServerConnector@65b97f47{HTTP/1.1,[http/1.1]}{0.0.0.0:33146}
2019-10-24 12:45:39,082 [main] INFO  server.Server (Server.java:doStart(419)) - Started @5141ms
2019-10-24 12:45:39,082 [main] WARN  impl.MetricsSystemImpl (MetricsSystemImpl.java:register(276)) - Sink prometheus already exists!
2019-10-24 12:45:39,083 [main] INFO  server.BaseHttpServer (BaseHttpServer.java:updateConnectorAddress(215)) - HTTP server of HDDSDATANODE is listening at http://0.0.0.0:33146
2019-10-24 12:45:39,085 [main] INFO  ozone.MiniOzoneClusterImpl (MiniOzoneClusterImpl.java:lambda$waitForClusterToBeReady$0(149)) - Waiting for nodes to be ready. Got 0 of 3 DN Heartbeats.
2019-10-24 12:45:39,085 [main] INFO  ozone.MiniOzoneClusterImpl (MiniOzoneClusterImpl.java:lambda$waitForClusterToBeReady$0(152)) - Waiting for cluster to exit safe mode
2019-10-24 12:45:39,086 [org.apache.hadoop.util.JvmPauseMonitor$Monitor@795ec051] INFO  util.JvmPauseMonitor (JvmPauseMonitor.java:run(188)) - Starting JVM pause monitor
2019-10-24 12:45:39,088 [Datanode State Machine Thread - 0] INFO  datanode.InitDatanodeState (InitDatanodeState.java:persistContainerDatanodeDetails(140)) - DatanodeDetails is persisted to /workdir/hadoop-ozone/integration-test/target/test-dir/MiniOzoneClusterImpl-c63c45e9-3133-4fa9-98a3-2bd36eb99823/datanode-2/meta/datanode.id
2019-10-24 12:45:40,085 [main] INFO  ozone.MiniOzoneClusterImpl (MiniOzoneClusterImpl.java:lambda$waitForClusterToBeReady$0(149)) - Waiting for nodes to be ready. Got 0 of 3 DN Heartbeats.
2019-10-24 12:45:40,086 [main] INFO  ozone.MiniOzoneClusterImpl (MiniOzoneClusterImpl.java:lambda$waitForClusterToBeReady$0(152)) - Waiting for cluster to exit safe mode
2019-10-24 12:45:41,034 [Datanode State Machine Thread - 0] INFO  ozoneimpl.OzoneContainer (OzoneContainer.java:start(213)) - Attempting to start container services.
2019-10-24 12:45:41,037 [Datanode State Machine Thread - 0] INFO  ozoneimpl.OzoneContainer (OzoneContainer.java:start(213)) - Attempting to start container services.
2019-10-24 12:45:41,039 [Datanode State Machine Thread - 0] INFO  ozoneimpl.OzoneContainer (OzoneContainer.java:startContainerScrub(177)) - Background container scanner has been disabled.
2019-10-24 12:45:41,042 [Datanode State Machine Thread - 0] INFO  ozoneimpl.OzoneContainer (OzoneContainer.java:startContainerScrub(177)) - Background container scanner has been disabled.
2019-10-24 12:45:41,042 [Datanode State Machine Thread - 0] INFO  ratis.XceiverServerRatis (XceiverServerRatis.java:start(419)) - Starting XceiverServerRatis b629121d-9414-4e6f-a533-8e2a2621a008 at port 0
2019-10-24 12:45:41,042 [Datanode State Machine Thread - 0] INFO  ratis.XceiverServerRatis (XceiverServerRatis.java:start(419)) - Starting XceiverServerRatis 06a8f420-c55d-4064-b0af-9862eabb487d at port 0
2019-10-24 12:45:41,071 [Datanode State Machine Thread - 0] INFO  impl.RaftServerProxy (RaftServerProxy.java:lambda$start$3(299)) - b629121d-9414-4e6f-a533-8e2a2621a008: start RPC server
2019-10-24 12:45:41,071 [Datanode State Machine Thread - 0] INFO  impl.RaftServerProxy (RaftServerProxy.java:lambda$start$3(299)) - 06a8f420-c55d-4064-b0af-9862eabb487d: start RPC server
2019-10-24 12:45:41,086 [main] INFO  ozone.MiniOzoneClusterImpl (MiniOzoneClusterImpl.java:lambda$waitForClusterToBeReady$0(149)) - Waiting for nodes to be ready. Got 0 of 3 DN Heartbeats.
2019-10-24 12:45:41,087 [main] INFO  ozone.MiniOzoneClusterImpl (MiniOzoneClusterImpl.java:lambda$waitForClusterToBeReady$0(152)) - Waiting for cluster to exit safe mode
2019-10-24 12:45:41,101 [Datanode State Machine Thread - 0] INFO  ozoneimpl.OzoneContainer (OzoneContainer.java:start(213)) - Attempting to start container services.
2019-10-24 12:45:41,103 [Datanode State Machine Thread - 0] INFO  ozoneimpl.OzoneContainer (OzoneContainer.java:startContainerScrub(177)) - Background container scanner has been disabled.
2019-10-24 12:45:41,103 [Datanode State Machine Thread - 0] INFO  ratis.XceiverServerRatis (XceiverServerRatis.java:start(419)) - Starting XceiverServerRatis a49289a7-2fc4-4008-a49b-27c2b6921fe9 at port 0
2019-10-24 12:45:41,110 [Datanode State Machine Thread - 0] INFO  impl.RaftServerProxy (RaftServerProxy.java:lambda$start$3(299)) - a49289a7-2fc4-4008-a49b-27c2b6921fe9: start RPC server
2019-10-24 12:45:41,207 [Datanode State Machine Thread - 0] INFO  server.GrpcService (GrpcService.java:startImpl(158)) - a49289a7-2fc4-4008-a49b-27c2b6921fe9: GrpcService started, listening on 0.0.0.0/0.0.0.0:42145
2019-10-24 12:45:41,207 [Datanode State Machine Thread - 0] INFO  server.GrpcService (GrpcService.java:startImpl(158)) - b629121d-9414-4e6f-a533-8e2a2621a008: GrpcService started, listening on 0.0.0.0/0.0.0.0:33915
2019-10-24 12:45:41,207 [Datanode State Machine Thread - 0] INFO  server.GrpcService (GrpcService.java:startImpl(158)) - 06a8f420-c55d-4064-b0af-9862eabb487d: GrpcService started, listening on 0.0.0.0/0.0.0.0:33047
2019-10-24 12:45:41,208 [Datanode State Machine Thread - 0] INFO  ratis.XceiverServerRatis (XceiverServerRatis.java:start(429)) - XceiverServerRatis b629121d-9414-4e6f-a533-8e2a2621a008 is started using port 33915
2019-10-24 12:45:41,208 [Datanode State Machine Thread - 0] INFO  ratis.XceiverServerRatis (XceiverServerRatis.java:start(429)) - XceiverServerRatis a49289a7-2fc4-4008-a49b-27c2b6921fe9 is started using port 42145
2019-10-24 12:45:41,208 [Datanode State Machine Thread - 0] INFO  ratis.XceiverServerRatis (XceiverServerRatis.java:start(429)) - XceiverServerRatis 06a8f420-c55d-4064-b0af-9862eabb487d is started using port 33047
2019-10-24 12:45:41,214 [Datanode State Machine Thread - 0] INFO  server.XceiverServerGrpc (XceiverServerGrpc.java:start(149)) - XceiverServerGrpc a49289a7-2fc4-4008-a49b-27c2b6921fe9 is started using port 34637
2019-10-24 12:45:41,215 [Datanode State Machine Thread - 0] INFO  server.XceiverServerGrpc (XceiverServerGrpc.java:start(149)) - XceiverServerGrpc b629121d-9414-4e6f-a533-8e2a2621a008 is started using port 40611
2019-10-24 12:45:41,214 [Datanode State Machine Thread - 0] INFO  server.XceiverServerGrpc (XceiverServerGrpc.java:start(149)) - XceiverServerGrpc 06a8f420-c55d-4064-b0af-9862eabb487d is started using port 34899
2019-10-24 12:45:42,087 [main] INFO  ozone.MiniOzoneClusterImpl (MiniOzoneClusterImpl.java:lambda$waitForClusterToBeReady$0(149)) - Waiting for nodes to be ready. Got 0 of 3 DN Heartbeats.
2019-10-24 12:45:42,088 [main] INFO  ozone.MiniOzoneClusterImpl (MiniOzoneClusterImpl.java:lambda$waitForClusterToBeReady$0(152)) - Waiting for cluster to exit safe mode
2019-10-24 12:45:42,947 [IPC Server handler 0 on 34629] INFO  net.NetworkTopology (NetworkTopologyImpl.java:add(111)) - Added a new node: /default-rack/b629121d-9414-4e6f-a533-8e2a2621a008
2019-10-24 12:45:42,947 [IPC Server handler 0 on 34629] INFO  node.SCMNodeManager (SCMNodeManager.java:register(268)) - Registered Data node : b629121d-9414-4e6f-a533-8e2a2621a008{ip: 192.168.34.27, host: pr-hdds-2034-s5hcl-2472234065, networkLocation: /default-rack, certSerialId: null}
2019-10-24 12:45:42,950 [EventQueue-NodeRegistrationContainerReportForContainerSafeModeRule] INFO  safemode.SCMSafeModeManager (SCMSafeModeManager.java:validateSafeModeExitRules(169)) - ContainerSafeModeRule rule is successfully validated
2019-10-24 12:45:42,950 [EventQueue-NodeRegistrationContainerReportForDataNodeSafeModeRule] INFO  safemode.SCMSafeModeManager (DataNodeSafeModeRule.java:process(71)) - SCM in safe mode. 1 DataNodes registered, 1 required.
2019-10-24 12:45:42,950 [EventQueue-NodeRegistrationContainerReportForDataNodeSafeModeRule] INFO  safemode.SCMSafeModeManager (SCMSafeModeManager.java:validateSafeModeExitRules(169)) - DataNodeSafeModeRule rule is successfully validated
2019-10-24 12:45:42,953 [RatisPipelineUtilsThread] INFO  pipeline.RatisPipelineProvider (RatisPipelineProvider.java:lambda$create$4(163)) - Send pipeline:PipelineID=7d6934e9-b575-452f-bdb9-e98e649a1fe4 create command to datanode b629121d-9414-4e6f-a533-8e2a2621a008
2019-10-24 12:45:43,013 [IPC Server handler 1 on 34629] INFO  net.NetworkTopology (NetworkTopologyImpl.java:add(111)) - Added a new node: /default-rack/06a8f420-c55d-4064-b0af-9862eabb487d
2019-10-24 12:45:43,013 [IPC Server handler 1 on 34629] INFO  node.SCMNodeManager (SCMNodeManager.java:register(268)) - Registered Data node : 06a8f420-c55d-4064-b0af-9862eabb487d{ip: 192.168.34.27, host: pr-hdds-2034-s5hcl-2472234065, networkLocation: /default-rack, certSerialId: null}
2019-10-24 12:45:43,014 [EventQueue-NodeRegistrationContainerReportForContainerSafeModeRule] INFO  safemode.SCMSafeModeManager (SCMSafeModeManager.java:validateSafeModeExitRules(169)) - ContainerSafeModeRule rule is successfully validated
2019-10-24 12:45:43,014 [EventQueue-NodeRegistrationContainerReportForDataNodeSafeModeRule] INFO  safemode.SCMSafeModeManager (SCMSafeModeManager.java:validateSafeModeExitRules(169)) - DataNodeSafeModeRule rule is successfully validated
2019-10-24 12:45:43,016 [RatisPipelineUtilsThread] INFO  pipeline.RatisPipelineProvider (RatisPipelineProvider.java:lambda$create$4(163)) - Send pipeline:PipelineID=d97357a8-b651-44d1-986d-89ceb114ad42 create command to datanode 06a8f420-c55d-4064-b0af-9862eabb487d
2019-10-24 12:45:43,088 [main] INFO  ozone.MiniOzoneClusterImpl (MiniOzoneClusterImpl.java:lambda$waitForClusterToBeReady$0(149)) - Waiting for nodes to be ready. Got 2 of 3 DN Heartbeats.
2019-10-24 12:45:43,089 [main] INFO  ozone.MiniOzoneClusterImpl (MiniOzoneClusterImpl.java:lambda$waitForClusterToBeReady$0(152)) - Waiting for cluster to exit safe mode
2019-10-24 12:45:43,090 [IPC Server handler 2 on 34629] INFO  net.NetworkTopology (NetworkTopologyImpl.java:add(111)) - Added a new node: /default-rack/a49289a7-2fc4-4008-a49b-27c2b6921fe9
2019-10-24 12:45:43,090 [IPC Server handler 2 on 34629] INFO  node.SCMNodeManager (SCMNodeManager.java:register(268)) - Registered Data node : a49289a7-2fc4-4008-a49b-27c2b6921fe9{ip: 192.168.34.27, host: pr-hdds-2034-s5hcl-2472234065, networkLocation: /default-rack, certSerialId: null}
2019-10-24 12:45:43,091 [EventQueue-NodeRegistrationContainerReportForContainerSafeModeRule] INFO  safemode.SCMSafeModeManager (SCMSafeModeManager.java:validateSafeModeExitRules(169)) - ContainerSafeModeRule rule is successfully validated
2019-10-24 12:45:43,091 [RatisPipelineUtilsThread] INFO  pipeline.RatisPipelineProvider (RatisPipelineProvider.java:lambda$create$4(163)) - Send pipeline:PipelineID=1861ed88-86cc-4290-b2a6-1ec2079843f0 create command to datanode a49289a7-2fc4-4008-a49b-27c2b6921fe9
2019-10-24 12:45:43,091 [EventQueue-NodeRegistrationContainerReportForDataNodeSafeModeRule] INFO  safemode.SCMSafeModeManager (SCMSafeModeManager.java:validateSafeModeExitRules(169)) - DataNodeSafeModeRule rule is successfully validated
2019-10-24 12:45:43,093 [RatisPipelineUtilsThread] INFO  pipeline.RatisPipelineProvider (RatisPipelineProvider.java:lambda$create$4(163)) - Send pipeline:PipelineID=547b3abb-e21a-4b37-ae70-113ff32a5128 create command to datanode 06a8f420-c55d-4064-b0af-9862eabb487d
2019-10-24 12:45:43,093 [RatisPipelineUtilsThread] INFO  pipeline.RatisPipelineProvider (RatisPipelineProvider.java:lambda$create$4(163)) - Send pipeline:PipelineID=547b3abb-e21a-4b37-ae70-113ff32a5128 create command to datanode a49289a7-2fc4-4008-a49b-27c2b6921fe9
2019-10-24 12:45:43,093 [RatisPipelineUtilsThread] INFO  pipeline.RatisPipelineProvider (RatisPipelineProvider.java:lambda$create$4(163)) - Send pipeline:PipelineID=547b3abb-e21a-4b37-ae70-113ff32a5128 create command to datanode b629121d-9414-4e6f-a533-8e2a2621a008
2019-10-24 12:45:44,089 [main] INFO  ozone.MiniOzoneClusterImpl (MiniOzoneClusterImpl.java:lambda$waitForClusterToBeReady$0(149)) - Nodes are ready. Got 3 of 3 DN Heartbeats.
2019-10-24 12:45:44,090 [main] INFO  ozone.MiniOzoneClusterImpl (MiniOzoneClusterImpl.java:lambda$waitForClusterToBeReady$0(152)) - Waiting for cluster to exit safe mode
2019-10-24 12:45:45,090 [main] INFO  ozone.MiniOzoneClusterImpl (MiniOzoneClusterImpl.java:lambda$waitForClusterToBeReady$0(149)) - Nodes are ready. Got 3 of 3 DN Heartbeats.
2019-10-24 12:45:45,091 [main] INFO  ozone.MiniOzoneClusterImpl (MiniOzoneClusterImpl.java:lambda$waitForClusterToBeReady$0(152)) - Waiting for cluster to exit safe mode
2019-10-24 12:45:45,941 [Command processor thread] INFO  impl.RaftServerProxy (RaftServerProxy.java:addNew(89)) - b629121d-9414-4e6f-a533-8e2a2621a008: addNew group-E98E649A1FE4:[b629121d-9414-4e6f-a533-8e2a2621a008:192.168.34.27:33915] returns group-E98E649A1FE4:java.util.concurrent.CompletableFuture@7de6836b[Not completed]
2019-10-24 12:45:45,965 [pool-27-thread-1] INFO  impl.RaftServerImpl (RaftServerImpl.java:<init>(98)) - b629121d-9414-4e6f-a533-8e2a2621a008: new RaftServerImpl for group-E98E649A1FE4:[b629121d-9414-4e6f-a533-8e2a2621a008:192.168.34.27:33915] with ContainerStateMachine:uninitialized
2019-10-24 12:45:45,968 [pool-27-thread-1] INFO  server.RaftServerConfigKeys (ConfUtils.java:logGet(43)) - raft.server.rpc.timeout.min = 5s (custom)
2019-10-24 12:45:45,969 [pool-27-thread-1] INFO  server.RaftServerConfigKeys (ConfUtils.java:logGet(43)) - raft.server.rpc.timeout.max = 5200ms (custom)
2019-10-24 12:45:45,969 [pool-27-thread-1] INFO  server.RaftServerConfigKeys (ConfUtils.java:logGet(43)) - raft.server.rpcslowness.timeout = 1000s (custom)
2019-10-24 12:45:45,969 [pool-27-thread-1] INFO  server.RaftServerConfigKeys (ConfUtils.java:logGet(43)) - raft.server.sleep.deviation.threshold = 300 (default)
2019-10-24 12:45:45,970 [pool-27-thread-1] INFO  server.RaftServerConfigKeys (ConfUtils.java:logGet(43)) - raft.server.log.appender.install.snapshot.enabled = false (custom)
2019-10-24 12:45:45,979 [pool-27-thread-1] INFO  impl.RaftServerImpl (ServerState.java:<init>(103)) - b629121d-9414-4e6f-a533-8e2a2621a008@group-E98E649A1FE4: ConfigurationManager, init=-1: [b629121d-9414-4e6f-a533-8e2a2621a008:192.168.34.27:33915], old=null, confs=<EMPTY_MAP>
2019-10-24 12:45:45,980 [pool-27-thread-1] INFO  server.RaftServerConfigKeys (ConfUtils.java:logGet(43)) - raft.server.storage.dir = [/workdir/hadoop-ozone/integration-test/target/test-dir/MiniOzoneClusterImpl-c63c45e9-3133-4fa9-98a3-2bd36eb99823/datanode-0/data/ratis] (custom)
2019-10-24 12:45:45,987 [pool-27-thread-1] INFO  server.RaftServerConfigKeys (ConfUtils.java:logGet(43)) - raft.server.log.corruption.policy = EXCEPTION (default)
2019-10-24 12:45:45,990 [pool-27-thread-1] INFO  storage.RaftStorageDirectory (RaftStorageDirectory.java:analyzeStorage(246)) - The storage directory /workdir/hadoop-ozone/integration-test/target/test-dir/MiniOzoneClusterImpl-c63c45e9-3133-4fa9-98a3-2bd36eb99823/datanode-0/data/ratis/7d6934e9-b575-452f-bdb9-e98e649a1fe4 does not exist. Creating ...
2019-10-24 12:45:46,012 [Command processor thread] INFO  impl.RaftServerProxy (RaftServerProxy.java:addNew(89)) - 06a8f420-c55d-4064-b0af-9862eabb487d: addNew group-89CEB114AD42:[06a8f420-c55d-4064-b0af-9862eabb487d:192.168.34.27:33047] returns group-89CEB114AD42:java.util.concurrent.CompletableFuture@2311b815[Not completed]
2019-10-24 12:45:46,032 [pool-27-thread-1] INFO  storage.RaftStorageDirectory (RaftStorageDirectory.java:tryLock(328)) - Lock on /workdir/hadoop-ozone/integration-test/target/test-dir/MiniOzoneClusterImpl-c63c45e9-3133-4fa9-98a3-2bd36eb99823/datanode-0/data/ratis/7d6934e9-b575-452f-bdb9-e98e649a1fe4/in_use.lock acquired by nodename 3369@pr-hdds-2034-s5hcl-2472234065
2019-10-24 12:45:46,036 [pool-37-thread-1] INFO  impl.RaftServerImpl (RaftServerImpl.java:<init>(98)) - 06a8f420-c55d-4064-b0af-9862eabb487d: new RaftServerImpl for group-89CEB114AD42:[06a8f420-c55d-4064-b0af-9862eabb487d:192.168.34.27:33047] with ContainerStateMachine:uninitialized
2019-10-24 12:45:46,038 [pool-37-thread-1] INFO  server.RaftServerConfigKeys (ConfUtils.java:logGet(43)) - raft.server.rpc.timeout.min = 5s (custom)
2019-10-24 12:45:46,038 [pool-37-thread-1] INFO  server.RaftServerConfigKeys (ConfUtils.java:logGet(43)) - raft.server.rpc.timeout.max = 5200ms (custom)
2019-10-24 12:45:46,038 [pool-37-thread-1] INFO  server.RaftServerConfigKeys (ConfUtils.java:logGet(43)) - raft.server.rpcslowness.timeout = 1000s (custom)
2019-10-24 12:45:46,039 [pool-37-thread-1] INFO  server.RaftServerConfigKeys (ConfUtils.java:logGet(43)) - raft.server.sleep.deviation.threshold = 300 (default)
2019-10-24 12:45:46,039 [pool-37-thread-1] INFO  server.RaftServerConfigKeys (ConfUtils.java:logGet(43)) - raft.server.log.appender.install.snapshot.enabled = false (custom)
2019-10-24 12:45:46,039 [pool-37-thread-1] INFO  impl.RaftServerImpl (ServerState.java:<init>(103)) - 06a8f420-c55d-4064-b0af-9862eabb487d@group-89CEB114AD42: ConfigurationManager, init=-1: [06a8f420-c55d-4064-b0af-9862eabb487d:192.168.34.27:33047], old=null, confs=<EMPTY_MAP>
2019-10-24 12:45:46,039 [pool-37-thread-1] INFO  server.RaftServerConfigKeys (ConfUtils.java:logGet(43)) - raft.server.storage.dir = [/workdir/hadoop-ozone/integration-test/target/test-dir/MiniOzoneClusterImpl-c63c45e9-3133-4fa9-98a3-2bd36eb99823/datanode-1/data/ratis] (custom)
2019-10-24 12:45:46,040 [pool-37-thread-1] INFO  server.RaftServerConfigKeys (ConfUtils.java:logGet(43)) - raft.server.log.corruption.policy = EXCEPTION (default)
2019-10-24 12:45:46,040 [pool-37-thread-1] INFO  storage.RaftStorageDirectory (RaftStorageDirectory.java:analyzeStorage(246)) - The storage directory /workdir/hadoop-ozone/integration-test/target/test-dir/MiniOzoneClusterImpl-c63c45e9-3133-4fa9-98a3-2bd36eb99823/datanode-1/data/ratis/d97357a8-b651-44d1-986d-89ceb114ad42 does not exist. Creating ...
2019-10-24 12:45:46,064 [pool-37-thread-1] INFO  storage.RaftStorageDirectory (RaftStorageDirectory.java:tryLock(328)) - Lock on /workdir/hadoop-ozone/integration-test/target/test-dir/MiniOzoneClusterImpl-c63c45e9-3133-4fa9-98a3-2bd36eb99823/datanode-1/data/ratis/d97357a8-b651-44d1-986d-89ceb114ad42/in_use.lock acquired by nodename 3369@pr-hdds-2034-s5hcl-2472234065
2019-10-24 12:45:46,064 [pool-27-thread-1] INFO  storage.RaftStorage (RaftStorage.java:format(84)) - Storage directory /workdir/hadoop-ozone/integration-test/target/test-dir/MiniOzoneClusterImpl-c63c45e9-3133-4fa9-98a3-2bd36eb99823/datanode-0/data/ratis/7d6934e9-b575-452f-bdb9-e98e649a1fe4 has been successfully formatted.
2019-10-24 12:45:46,067 [pool-27-thread-1] INFO  ratis.ContainerStateMachine (ContainerStateMachine.java:loadSnapshot(231)) - group-E98E649A1FE4: The snapshot info is null. Setting the last applied indexto:(t:0, i:~)
2019-10-24 12:45:46,067 [pool-27-thread-1] INFO  server.RaftServerConfigKeys (ConfUtils.java:logGet(43)) - raft.server.notification.no-leader.timeout = 1000s (custom)
2019-10-24 12:45:46,069 [pool-27-thread-1] INFO  server.RaftServerConfigKeys (ConfUtils.java:logGet(43)) - raft.server.log.use.memory = false (default)
2019-10-24 12:45:46,074 [pool-27-thread-1] INFO  server.RaftServerConfigKeys (ConfUtils.java:logGet(43)) - raft.server.log.purge.gap = 1000000 (custom)
2019-10-24 12:45:46,074 [pool-27-thread-1] INFO  server.RaftServerConfigKeys (ConfUtils.java:logGet(43)) - raft.server.log.appender.buffer.byte-limit = 33554432 (custom)
2019-10-24 12:45:46,076 [pool-27-thread-1] INFO  server.RaftServerConfigKeys (ConfUtils.java:logGet(43)) - raft.server.log.segment.size.max = 1048576 (custom)
2019-10-24 12:45:46,076 [pool-37-thread-1] INFO  storage.RaftStorage (RaftStorage.java:format(84)) - Storage directory /workdir/hadoop-ozone/integration-test/target/test-dir/MiniOzoneClusterImpl-c63c45e9-3133-4fa9-98a3-2bd36eb99823/datanode-1/data/ratis/d97357a8-b651-44d1-986d-89ceb114ad42 has been successfully formatted.
2019-10-24 12:45:46,077 [pool-37-thread-1] INFO  ratis.ContainerStateMachine (ContainerStateMachine.java:loadSnapshot(231)) - group-89CEB114AD42: The snapshot info is null. Setting the last applied indexto:(t:0, i:~)
2019-10-24 12:45:46,078 [pool-37-thread-1] INFO  server.RaftServerConfigKeys (ConfUtils.java:logGet(43)) - raft.server.notification.no-leader.timeout = 1000s (custom)
2019-10-24 12:45:46,078 [pool-37-thread-1] INFO  server.RaftServerConfigKeys (ConfUtils.java:logGet(43)) - raft.server.log.use.memory = false (default)
2019-10-24 12:45:46,078 [pool-37-thread-1] INFO  server.RaftServerConfigKeys (ConfUtils.java:logGet(43)) - raft.server.log.purge.gap = 1000000 (custom)
2019-10-24 12:45:46,079 [pool-37-thread-1] INFO  server.RaftServerConfigKeys (ConfUtils.java:logGet(43)) - raft.server.log.appender.buffer.byte-limit = 33554432 (custom)
2019-10-24 12:45:46,079 [pool-37-thread-1] INFO  server.RaftServerConfigKeys (ConfUtils.java:logGet(43)) - raft.server.log.segment.size.max = 1048576 (custom)
2019-10-24 12:45:46,082 [pool-27-thread-1] INFO  metrics.MetricRegistries (MetricRegistriesLoader.java:load(64)) - Loaded MetricRegistries class org.apache.ratis.metrics.impl.MetricRegistriesImpl
2019-10-24 12:45:46,088 [pool-27-thread-1] WARN  impl.MetricRegistriesImpl (MetricRegistriesImpl.java:lambda$create$1(61)) - First MetricRegistry has been created without registering reporters. You may need to call MetricRegistries.global().addReportRegistration(...) before.
2019-10-24 12:45:46,089 [Command processor thread] INFO  impl.RaftServerProxy (RaftServerProxy.java:addNew(89)) - a49289a7-2fc4-4008-a49b-27c2b6921fe9: addNew group-1EC2079843F0:[a49289a7-2fc4-4008-a49b-27c2b6921fe9:192.168.34.27:42145] returns group-1EC2079843F0:java.util.concurrent.CompletableFuture@62c7ed92[Not completed]
2019-10-24 12:45:46,092 [main] INFO  ozone.MiniOzoneClusterImpl (MiniOzoneClusterImpl.java:lambda$waitForClusterToBeReady$0(149)) - Nodes are ready. Got 3 of 3 DN Heartbeats.
2019-10-24 12:45:46,095 [main] INFO  ozone.MiniOzoneClusterImpl (MiniOzoneClusterImpl.java:lambda$waitForClusterToBeReady$0(152)) - Waiting for cluster to exit safe mode
2019-10-24 12:45:46,088 [pool-37-thread-1] WARN  impl.MetricRegistriesImpl (MetricRegistriesImpl.java:lambda$create$1(61)) - First MetricRegistry has been created without registering reporters. You may need to call MetricRegistries.global().addReportRegistration(...) before.
2019-10-24 12:45:46,107 [pool-47-thread-1] INFO  impl.RaftServerImpl (RaftServerImpl.java:<init>(98)) - a49289a7-2fc4-4008-a49b-27c2b6921fe9: new RaftServerImpl for group-1EC2079843F0:[a49289a7-2fc4-4008-a49b-27c2b6921fe9:192.168.34.27:42145] with ContainerStateMachine:uninitialized
2019-10-24 12:45:46,108 [pool-47-thread-1] INFO  server.RaftServerConfigKeys (ConfUtils.java:logGet(43)) - raft.server.rpc.timeout.min = 5s (custom)
2019-10-24 12:45:46,108 [pool-47-thread-1] INFO  server.RaftServerConfigKeys (ConfUtils.java:logGet(43)) - raft.server.rpc.timeout.max = 5200ms (custom)
2019-10-24 12:45:46,108 [pool-47-thread-1] INFO  server.RaftServerConfigKeys (ConfUtils.java:logGet(43)) - raft.server.rpcslowness.timeout = 1000s (custom)
2019-10-24 12:45:46,109 [pool-47-thread-1] INFO  server.RaftServerConfigKeys (ConfUtils.java:logGet(43)) - raft.server.sleep.deviation.threshold = 300 (default)
2019-10-24 12:45:46,109 [pool-47-thread-1] INFO  server.RaftServerConfigKeys (ConfUtils.java:logGet(43)) - raft.server.log.appender.install.snapshot.enabled = false (custom)
2019-10-24 12:45:46,109 [pool-47-thread-1] INFO  impl.RaftServerImpl (ServerState.java:<init>(103)) - a49289a7-2fc4-4008-a49b-27c2b6921fe9@group-1EC2079843F0: ConfigurationManager, init=-1: [a49289a7-2fc4-4008-a49b-27c2b6921fe9:192.168.34.27:42145], old=null, confs=<EMPTY_MAP>
2019-10-24 12:45:46,109 [pool-47-thread-1] INFO  server.RaftServerConfigKeys (ConfUtils.java:logGet(43)) - raft.server.storage.dir = [/workdir/hadoop-ozone/integration-test/target/test-dir/MiniOzoneClusterImpl-c63c45e9-3133-4fa9-98a3-2bd36eb99823/datanode-2/data/ratis] (custom)
2019-10-24 12:45:46,109 [pool-47-thread-1] INFO  server.RaftServerConfigKeys (ConfUtils.java:logGet(43)) - raft.server.log.corruption.policy = EXCEPTION (default)
2019-10-24 12:45:46,110 [pool-47-thread-1] INFO  storage.RaftStorageDirectory (RaftStorageDirectory.java:analyzeStorage(246)) - The storage directory /workdir/hadoop-ozone/integration-test/target/test-dir/MiniOzoneClusterImpl-c63c45e9-3133-4fa9-98a3-2bd36eb99823/datanode-2/data/ratis/1861ed88-86cc-4290-b2a6-1ec2079843f0 does not exist. Creating ...
2019-10-24 12:45:46,111 [pool-27-thread-1] INFO  server.RaftServerConfigKeys (ConfUtils.java:logGet(43)) - raft.server.log.segment.cache.num.max = 2 (custom)
2019-10-24 12:45:46,111 [pool-37-thread-1] INFO  server.RaftServerConfigKeys (ConfUtils.java:logGet(43)) - raft.server.log.segment.cache.num.max = 2 (custom)
2019-10-24 12:45:46,116 [pool-37-thread-1] INFO  segmented.SegmentedRaftLogWorker (SegmentedRaftLogWorker.java:<init>(173)) - new 06a8f420-c55d-4064-b0af-9862eabb487d@group-89CEB114AD42-SegmentedRaftLogWorker for RaftStorage:Storage Directory /workdir/hadoop-ozone/integration-test/target/test-dir/MiniOzoneClusterImpl-c63c45e9-3133-4fa9-98a3-2bd36eb99823/datanode-1/data/ratis/d97357a8-b651-44d1-986d-89ceb114ad42
2019-10-24 12:45:46,116 [pool-27-thread-1] INFO  segmented.SegmentedRaftLogWorker (SegmentedRaftLogWorker.java:<init>(173)) - new b629121d-9414-4e6f-a533-8e2a2621a008@group-E98E649A1FE4-SegmentedRaftLogWorker for RaftStorage:Storage Directory /workdir/hadoop-ozone/integration-test/target/test-dir/MiniOzoneClusterImpl-c63c45e9-3133-4fa9-98a3-2bd36eb99823/datanode-0/data/ratis/7d6934e9-b575-452f-bdb9-e98e649a1fe4
2019-10-24 12:45:46,117 [pool-27-thread-1] INFO  server.RaftServerConfigKeys (ConfUtils.java:logGet(43)) - raft.server.log.queue.byte-limit = 2147483647 (custom)
2019-10-24 12:45:46,117 [pool-37-thread-1] INFO  server.RaftServerConfigKeys (ConfUtils.java:logGet(43)) - raft.server.log.queue.byte-limit = 2147483647 (custom)
2019-10-24 12:45:46,117 [pool-27-thread-1] INFO  server.RaftServerConfigKeys (ConfUtils.java:logGet(43)) - raft.server.log.queue.element-limit = 1024 (custom)
2019-10-24 12:45:46,118 [pool-37-thread-1] INFO  server.RaftServerConfigKeys (ConfUtils.java:logGet(43)) - raft.server.log.queue.element-limit = 1024 (custom)
2019-10-24 12:45:46,119 [pool-37-thread-1] INFO  server.RaftServerConfigKeys (ConfUtils.java:logGet(43)) - raft.server.log.segment.size.max = 1048576 (custom)
2019-10-24 12:45:46,119 [pool-27-thread-1] INFO  server.RaftServerConfigKeys (ConfUtils.java:logGet(43)) - raft.server.log.segment.size.max = 1048576 (custom)
2019-10-24 12:45:46,119 [pool-37-thread-1] INFO  server.RaftServerConfigKeys (ConfUtils.java:logGet(43)) - raft.server.log.preallocated.size = 16384 (custom)
2019-10-24 12:45:46,119 [pool-27-thread-1] INFO  server.RaftServerConfigKeys (ConfUtils.java:logGet(43)) - raft.server.log.preallocated.size = 16384 (custom)
2019-10-24 12:45:46,120 [pool-37-thread-1] INFO  server.RaftServerConfigKeys (ConfUtils.java:logGet(43)) - raft.server.log.write.buffer.size = 33554432 (custom)
2019-10-24 12:45:46,120 [pool-27-thread-1] INFO  server.RaftServerConfigKeys (ConfUtils.java:logGet(43)) - raft.server.log.write.buffer.size = 33554432 (custom)
2019-10-24 12:45:46,120 [pool-37-thread-1] INFO  server.RaftServerConfigKeys (ConfUtils.java:logGet(43)) - raft.server.log.force.sync.num = 128 (default)
2019-10-24 12:45:46,120 [pool-27-thread-1] INFO  server.RaftServerConfigKeys (ConfUtils.java:logGet(43)) - raft.server.log.force.sync.num = 128 (default)
2019-10-24 12:45:46,121 [pool-47-thread-1] INFO  storage.RaftStorageDirectory (RaftStorageDirectory.java:tryLock(328)) - Lock on /workdir/hadoop-ozone/integration-test/target/test-dir/MiniOzoneClusterImpl-c63c45e9-3133-4fa9-98a3-2bd36eb99823/datanode-2/data/ratis/1861ed88-86cc-4290-b2a6-1ec2079843f0/in_use.lock acquired by nodename 3369@pr-hdds-2034-s5hcl-2472234065
2019-10-24 12:45:46,121 [pool-27-thread-1] INFO  server.RaftServerConfigKeys (ConfUtils.java:logGet(43)) - raft.server.log.statemachine.data.sync = true (default)
2019-10-24 12:45:46,122 [pool-37-thread-1] INFO  server.RaftServerConfigKeys (ConfUtils.java:logGet(43)) - raft.server.log.statemachine.data.sync = true (default)
2019-10-24 12:45:46,122 [pool-27-thread-1] INFO  server.RaftServerConfigKeys (ConfUtils.java:logGet(43)) - raft.server.log.statemachine.data.sync.timeout = 10s (default)
2019-10-24 12:45:46,122 [pool-37-thread-1] INFO  server.RaftServerConfigKeys (ConfUtils.java:logGet(43)) - raft.server.log.statemachine.data.sync.timeout = 10s (default)
2019-10-24 12:45:46,122 [pool-27-thread-1] INFO  server.RaftServerConfigKeys (ConfUtils.java:logGet(43)) - raft.server.log.statemachine.data.sync.timeout.retry = -1 (default)
2019-10-24 12:45:46,122 [pool-37-thread-1] INFO  server.RaftServerConfigKeys (ConfUtils.java:logGet(43)) - raft.server.log.statemachine.data.sync.timeout.retry = -1 (default)
2019-10-24 12:45:46,124 [pool-47-thread-1] INFO  storage.RaftStorage (RaftStorage.java:format(84)) - Storage directory /workdir/hadoop-ozone/integration-test/target/test-dir/MiniOzoneClusterImpl-c63c45e9-3133-4fa9-98a3-2bd36eb99823/datanode-2/data/ratis/1861ed88-86cc-4290-b2a6-1ec2079843f0 has been successfully formatted.
2019-10-24 12:45:46,124 [pool-47-thread-1] INFO  ratis.ContainerStateMachine (ContainerStateMachine.java:loadSnapshot(231)) - group-1EC2079843F0: The snapshot info is null. Setting the last applied indexto:(t:0, i:~)
2019-10-24 12:45:46,124 [pool-47-thread-1] INFO  server.RaftServerConfigKeys (ConfUtils.java:logGet(43)) - raft.server.notification.no-leader.timeout = 1000s (custom)
2019-10-24 12:45:46,124 [pool-47-thread-1] INFO  server.RaftServerConfigKeys (ConfUtils.java:logGet(43)) - raft.server.log.use.memory = false (default)
2019-10-24 12:45:46,125 [pool-47-thread-1] INFO  server.RaftServerConfigKeys (ConfUtils.java:logGet(43)) - raft.server.log.purge.gap = 1000000 (custom)
2019-10-24 12:45:46,125 [pool-47-thread-1] INFO  server.RaftServerConfigKeys (ConfUtils.java:logGet(43)) - raft.server.log.appender.buffer.byte-limit = 33554432 (custom)
2019-10-24 12:45:46,125 [pool-47-thread-1] INFO  server.RaftServerConfigKeys (ConfUtils.java:logGet(43)) - raft.server.log.segment.size.max = 1048576 (custom)
2019-10-24 12:45:46,125 [pool-47-thread-1] WARN  impl.MetricRegistriesImpl (MetricRegistriesImpl.java:lambda$create$1(61)) - First MetricRegistry has been created without registering reporters. You may need to call MetricRegistries.global().addReportRegistration(...) before.
2019-10-24 12:45:46,125 [pool-47-thread-1] INFO  server.RaftServerConfigKeys (ConfUtils.java:logGet(43)) - raft.server.log.segment.cache.num.max = 2 (custom)
2019-10-24 12:45:46,125 [pool-47-thread-1] INFO  segmented.SegmentedRaftLogWorker (SegmentedRaftLogWorker.java:<init>(173)) - new a49289a7-2fc4-4008-a49b-27c2b6921fe9@group-1EC2079843F0-SegmentedRaftLogWorker for RaftStorage:Storage Directory /workdir/hadoop-ozone/integration-test/target/test-dir/MiniOzoneClusterImpl-c63c45e9-3133-4fa9-98a3-2bd36eb99823/datanode-2/data/ratis/1861ed88-86cc-4290-b2a6-1ec2079843f0
2019-10-24 12:45:46,126 [pool-47-thread-1] INFO  server.RaftServerConfigKeys (ConfUtils.java:logGet(43)) - raft.server.log.queue.byte-limit = 2147483647 (custom)
2019-10-24 12:45:46,126 [pool-47-thread-1] INFO  server.RaftServerConfigKeys (ConfUtils.java:logGet(43)) - raft.server.log.queue.element-limit = 1024 (custom)
2019-10-24 12:45:46,126 [pool-47-thread-1] INFO  server.RaftServerConfigKeys (ConfUtils.java:logGet(43)) - raft.server.log.segment.size.max = 1048576 (custom)
2019-10-24 12:45:46,126 [pool-47-thread-1] INFO  server.RaftServerConfigKeys (ConfUtils.java:logGet(43)) - raft.server.log.preallocated.size = 16384 (custom)
2019-10-24 12:45:46,126 [pool-47-thread-1] INFO  server.RaftServerConfigKeys (ConfUtils.java:logGet(43)) - raft.server.log.write.buffer.size = 33554432 (custom)
2019-10-24 12:45:46,126 [pool-47-thread-1] INFO  server.RaftServerConfigKeys (ConfUtils.java:logGet(43)) - raft.server.log.force.sync.num = 128 (default)
2019-10-24 12:45:46,126 [pool-47-thread-1] INFO  server.RaftServerConfigKeys (ConfUtils.java:logGet(43)) - raft.server.log.statemachine.data.sync = true (default)
2019-10-24 12:45:46,126 [pool-47-thread-1] INFO  server.RaftServerConfigKeys (ConfUtils.java:logGet(43)) - raft.server.log.statemachine.data.sync.timeout = 10s (default)
2019-10-24 12:45:46,127 [pool-47-thread-1] INFO  server.RaftServerConfigKeys (ConfUtils.java:logGet(43)) - raft.server.log.statemachine.data.sync.timeout.retry = -1 (default)
2019-10-24 12:45:46,133 [pool-27-thread-1] INFO  server.RaftServerConfigKeys (ConfUtils.java:logGet(43)) - raft.server.log.statemachine.data.caching.enabled = true (custom)
2019-10-24 12:45:46,133 [pool-47-thread-1] INFO  server.RaftServerConfigKeys (ConfUtils.java:logGet(43)) - raft.server.log.statemachine.data.caching.enabled = true (custom)
2019-10-24 12:45:46,133 [pool-37-thread-1] INFO  server.RaftServerConfigKeys (ConfUtils.java:logGet(43)) - raft.server.log.statemachine.data.caching.enabled = true (custom)
2019-10-24 12:45:46,140 [pool-27-thread-1] INFO  segmented.SegmentedRaftLogWorker (SegmentedRaftLogWorker.java:lambda$new$0(128)) - b629121d-9414-4e6f-a533-8e2a2621a008@group-E98E649A1FE4-SegmentedRaftLogWorker: flushIndex: setUnconditionally 0 -> -1
2019-10-24 12:45:46,140 [pool-47-thread-1] INFO  segmented.SegmentedRaftLogWorker (SegmentedRaftLogWorker.java:lambda$new$0(128)) - a49289a7-2fc4-4008-a49b-27c2b6921fe9@group-1EC2079843F0-SegmentedRaftLogWorker: flushIndex: setUnconditionally 0 -> -1
2019-10-24 12:45:46,140 [pool-37-thread-1] INFO  segmented.SegmentedRaftLogWorker (SegmentedRaftLogWorker.java:lambda$new$0(128)) - 06a8f420-c55d-4064-b0af-9862eabb487d@group-89CEB114AD42-SegmentedRaftLogWorker: flushIndex: setUnconditionally 0 -> -1
2019-10-24 12:45:46,144 [pool-27-thread-1] INFO  server.RaftServerConfigKeys (ConfUtils.java:logGet(43)) - raft.server.snapshot.auto.trigger.enabled = true (custom)
2019-10-24 12:45:46,144 [pool-47-thread-1] INFO  server.RaftServerConfigKeys (ConfUtils.java:logGet(43)) - raft.server.snapshot.auto.trigger.enabled = true (custom)
2019-10-24 12:45:46,144 [pool-37-thread-1] INFO  server.RaftServerConfigKeys (ConfUtils.java:logGet(43)) - raft.server.snapshot.auto.trigger.enabled = true (custom)
2019-10-24 12:45:46,146 [pool-27-thread-1] INFO  server.RaftServerConfigKeys (ConfUtils.java:logGet(43)) - raft.server.snapshot.auto.trigger.threshold = 10000 (custom)
2019-10-24 12:45:46,146 [pool-47-thread-1] INFO  server.RaftServerConfigKeys (ConfUtils.java:logGet(43)) - raft.server.snapshot.auto.trigger.threshold = 10000 (custom)
2019-10-24 12:45:46,146 [pool-37-thread-1] INFO  server.RaftServerConfigKeys (ConfUtils.java:logGet(43)) - raft.server.snapshot.auto.trigger.threshold = 10000 (custom)
2019-10-24 12:45:46,146 [pool-27-thread-1] INFO  server.RaftServerConfigKeys (ConfUtils.java:logGet(43)) - raft.server.snapshot.retention.file.num = 5 (custom)
2019-10-24 12:45:46,146 [pool-47-thread-1] INFO  server.RaftServerConfigKeys (ConfUtils.java:logGet(43)) - raft.server.snapshot.retention.file.num = 5 (custom)
2019-10-24 12:45:46,146 [pool-37-thread-1] INFO  server.RaftServerConfigKeys (ConfUtils.java:logGet(43)) - raft.server.snapshot.retention.file.num = 5 (custom)
2019-10-24 12:45:46,147 [pool-27-thread-1] INFO  server.RaftServerConfigKeys (ConfUtils.java:logGet(43)) - raft.server.retrycache.expirytime = 600000ms (custom)
2019-10-24 12:45:46,147 [pool-37-thread-1] INFO  server.RaftServerConfigKeys (ConfUtils.java:logGet(43)) - raft.server.retrycache.expirytime = 600000ms (custom)
2019-10-24 12:45:46,147 [pool-47-thread-1] INFO  server.RaftServerConfigKeys (ConfUtils.java:logGet(43)) - raft.server.retrycache.expirytime = 600000ms (custom)
2019-10-24 12:45:46,166 [pool-27-thread-1] WARN  impl.MetricRegistriesImpl (MetricRegistriesImpl.java:lambda$create$1(61)) - First MetricRegistry has been created without registering reporters. You may need to call MetricRegistries.global().addReportRegistration(...) before.
2019-10-24 12:45:46,166 [pool-47-thread-1] WARN  impl.MetricRegistriesImpl (MetricRegistriesImpl.java:lambda$create$1(61)) - First MetricRegistry has been created without registering reporters. You may need to call MetricRegistries.global().addReportRegistration(...) before.
2019-10-24 12:45:46,166 [pool-37-thread-1] WARN  impl.MetricRegistriesImpl (MetricRegistriesImpl.java:lambda$create$1(61)) - First MetricRegistry has been created without registering reporters. You may need to call MetricRegistries.global().addReportRegistration(...) before.
2019-10-24 12:45:46,168 [pool-27-thread-1] WARN  impl.MetricRegistriesImpl (MetricRegistriesImpl.java:lambda$create$1(61)) - First MetricRegistry has been created without registering reporters. You may need to call MetricRegistries.global().addReportRegistration(...) before.
2019-10-24 12:45:46,168 [pool-37-thread-1] WARN  impl.MetricRegistriesImpl (MetricRegistriesImpl.java:lambda$create$1(61)) - First MetricRegistry has been created without registering reporters. You may need to call MetricRegistries.global().addReportRegistration(...) before.
2019-10-24 12:45:46,168 [pool-47-thread-1] WARN  impl.MetricRegistriesImpl (MetricRegistriesImpl.java:lambda$create$1(61)) - First MetricRegistry has been created without registering reporters. You may need to call MetricRegistries.global().addReportRegistration(...) before.
2019-10-24 12:45:46,169 [pool-27-thread-1] INFO  impl.RaftServerImpl (RaftServerImpl.java:start(184)) - b629121d-9414-4e6f-a533-8e2a2621a008@group-E98E649A1FE4: start as a follower, conf=-1: [b629121d-9414-4e6f-a533-8e2a2621a008:192.168.34.27:33915], old=null
2019-10-24 12:45:46,169 [pool-37-thread-1] INFO  impl.RaftServerImpl (RaftServerImpl.java:start(184)) - 06a8f420-c55d-4064-b0af-9862eabb487d@group-89CEB114AD42: start as a follower, conf=-1: [06a8f420-c55d-4064-b0af-9862eabb487d:192.168.34.27:33047], old=null
2019-10-24 12:45:46,169 [pool-47-thread-1] INFO  impl.RaftServerImpl (RaftServerImpl.java:start(184)) - a49289a7-2fc4-4008-a49b-27c2b6921fe9@group-1EC2079843F0: start as a follower, conf=-1: [a49289a7-2fc4-4008-a49b-27c2b6921fe9:192.168.34.27:42145], old=null
2019-10-24 12:45:46,170 [pool-27-thread-1] INFO  impl.RaftServerImpl (RaftServerImpl.java:setRole(173)) - b629121d-9414-4e6f-a533-8e2a2621a008@group-E98E649A1FE4: changes role from      null to FOLLOWER at term 0 for startAsFollower
2019-10-24 12:45:46,170 [pool-37-thread-1] INFO  impl.RaftServerImpl (RaftServerImpl.java:setRole(173)) - 06a8f420-c55d-4064-b0af-9862eabb487d@group-89CEB114AD42: changes role from      null to FOLLOWER at term 0 for startAsFollower
2019-10-24 12:45:46,170 [pool-47-thread-1] INFO  impl.RaftServerImpl (RaftServerImpl.java:setRole(173)) - a49289a7-2fc4-4008-a49b-27c2b6921fe9@group-1EC2079843F0: changes role from      null to FOLLOWER at term 0 for startAsFollower
2019-10-24 12:45:46,172 [pool-27-thread-1] INFO  impl.RoleInfo (RoleInfo.java:updateAndGet(143)) - b629121d-9414-4e6f-a533-8e2a2621a008: start FollowerState
2019-10-24 12:45:46,172 [pool-47-thread-1] INFO  impl.RoleInfo (RoleInfo.java:updateAndGet(143)) - a49289a7-2fc4-4008-a49b-27c2b6921fe9: start FollowerState
2019-10-24 12:45:46,172 [pool-37-thread-1] INFO  impl.RoleInfo (RoleInfo.java:updateAndGet(143)) - 06a8f420-c55d-4064-b0af-9862eabb487d: start FollowerState
2019-10-24 12:45:46,174 [pool-27-thread-1] INFO  util.JmxRegister (JmxRegister.java:tryRegister(44)) - Successfully registered JMX Bean with object name Ratis:service=RaftServer,group=group-E98E649A1FE4,id=b629121d-9414-4e6f-a533-8e2a2621a008
2019-10-24 12:45:46,175 [pool-47-thread-1] INFO  util.JmxRegister (JmxRegister.java:tryRegister(44)) - Successfully registered JMX Bean with object name Ratis:service=RaftServer,group=group-1EC2079843F0,id=a49289a7-2fc4-4008-a49b-27c2b6921fe9
2019-10-24 12:45:46,174 [pool-37-thread-1] INFO  util.JmxRegister (JmxRegister.java:tryRegister(44)) - Successfully registered JMX Bean with object name Ratis:service=RaftServer,group=group-89CEB114AD42,id=06a8f420-c55d-4064-b0af-9862eabb487d
2019-10-24 12:45:46,179 [pool-27-thread-1] WARN  impl.MetricRegistriesImpl (MetricRegistriesImpl.java:lambda$create$1(61)) - First MetricRegistry has been created without registering reporters. You may need to call MetricRegistries.global().addReportRegistration(...) before.
2019-10-24 12:45:46,179 [pool-37-thread-1] WARN  impl.MetricRegistriesImpl (MetricRegistriesImpl.java:lambda$create$1(61)) - First MetricRegistry has been created without registering reporters. You may need to call MetricRegistries.global().addReportRegistration(...) before.
2019-10-24 12:45:46,179 [pool-47-thread-1] WARN  impl.MetricRegistriesImpl (MetricRegistriesImpl.java:lambda$create$1(61)) - First MetricRegistry has been created without registering reporters. You may need to call MetricRegistries.global().addReportRegistration(...) before.
2019-10-24 12:45:46,195 [Command processor thread] INFO  commandhandler.CreatePipelineCommandHandler (CreatePipelineCommandHandler.java:handle(86)) - Create Pipeline RATIS ONE #id: "7d6934e9-b575-452f-bdb9-e98e649a1fe4"
 command succeed on datanode b629121d-9414-4e6f-a533-8e2a2621a008.
2019-10-24 12:45:46,195 [Command processor thread] INFO  commandhandler.CreatePipelineCommandHandler (CreatePipelineCommandHandler.java:handle(86)) - Create Pipeline RATIS ONE #id: "1861ed88-86cc-4290-b2a6-1ec2079843f0"
 command succeed on datanode a49289a7-2fc4-4008-a49b-27c2b6921fe9.
2019-10-24 12:45:46,195 [Command processor thread] INFO  commandhandler.CreatePipelineCommandHandler (CreatePipelineCommandHandler.java:handle(86)) - Create Pipeline RATIS ONE #id: "d97357a8-b651-44d1-986d-89ceb114ad42"
 command succeed on datanode 06a8f420-c55d-4064-b0af-9862eabb487d.
2019-10-24 12:45:46,202 [Command processor thread] INFO  impl.RaftServerProxy (RaftServerProxy.java:addNew(89)) - 06a8f420-c55d-4064-b0af-9862eabb487d: addNew group-113FF32A5128:[a49289a7-2fc4-4008-a49b-27c2b6921fe9:192.168.34.27:42145, 06a8f420-c55d-4064-b0af-9862eabb487d:192.168.34.27:33047, b629121d-9414-4e6f-a533-8e2a2621a008:192.168.34.27:33915] returns group-113FF32A5128:java.util.concurrent.CompletableFuture@272e28af[Not completed]
2019-10-24 12:45:46,202 [Command processor thread] INFO  impl.RaftServerProxy (RaftServerProxy.java:addNew(89)) - b629121d-9414-4e6f-a533-8e2a2621a008: addNew group-113FF32A5128:[a49289a7-2fc4-4008-a49b-27c2b6921fe9:192.168.34.27:42145, 06a8f420-c55d-4064-b0af-9862eabb487d:192.168.34.27:33047, b629121d-9414-4e6f-a533-8e2a2621a008:192.168.34.27:33915] returns group-113FF32A5128:java.util.concurrent.CompletableFuture@3ff1656b[Not completed]
2019-10-24 12:45:46,202 [Command processor thread] INFO  impl.RaftServerProxy (RaftServerProxy.java:addNew(89)) - a49289a7-2fc4-4008-a49b-27c2b6921fe9: addNew group-113FF32A5128:[a49289a7-2fc4-4008-a49b-27c2b6921fe9:192.168.34.27:42145, 06a8f420-c55d-4064-b0af-9862eabb487d:192.168.34.27:33047, b629121d-9414-4e6f-a533-8e2a2621a008:192.168.34.27:33915] returns group-113FF32A5128:java.util.concurrent.CompletableFuture@66f87512[Not completed]
2019-10-24 12:45:46,203 [EventQueue-PipelineReportForPipelineReportHandler] INFO  pipeline.PipelineReportHandler (PipelineReportHandler.java:processPipelineReport(104)) - Pipeline ONE PipelineID=1861ed88-86cc-4290-b2a6-1ec2079843f0 reported by a49289a7-2fc4-4008-a49b-27c2b6921fe9{ip: 192.168.34.27, host: pr-hdds-2034-s5hcl-2472234065, networkLocation: /default-rack, certSerialId: null}
2019-10-24 12:45:46,204 [pool-47-thread-1] INFO  impl.RaftServerImpl (RaftServerImpl.java:<init>(98)) - a49289a7-2fc4-4008-a49b-27c2b6921fe9: new RaftServerImpl for group-113FF32A5128:[a49289a7-2fc4-4008-a49b-27c2b6921fe9:192.168.34.27:42145, 06a8f420-c55d-4064-b0af-9862eabb487d:192.168.34.27:33047, b629121d-9414-4e6f-a533-8e2a2621a008:192.168.34.27:33915] with ContainerStateMachine:uninitialized
2019-10-24 12:45:46,204 [pool-47-thread-1] INFO  server.RaftServerConfigKeys (ConfUtils.java:logGet(43)) - raft.server.rpc.timeout.min = 5s (custom)
2019-10-24 12:45:46,204 [pool-47-thread-1] INFO  server.RaftServerConfigKeys (ConfUtils.java:logGet(43)) - raft.server.rpc.timeout.max = 5200ms (custom)
2019-10-24 12:45:46,204 [pool-47-thread-1] INFO  server.RaftServerConfigKeys (ConfUtils.java:logGet(43)) - raft.server.rpcslowness.timeout = 1000s (custom)
2019-10-24 12:45:46,204 [pool-47-thread-1] INFO  server.RaftServerConfigKeys (ConfUtils.java:logGet(43)) - raft.server.sleep.deviation.threshold = 300 (default)
2019-10-24 12:45:46,204 [pool-47-thread-1] INFO  server.RaftServerConfigKeys (ConfUtils.java:logGet(43)) - raft.server.log.appender.install.snapshot.enabled = false (custom)
2019-10-24 12:45:46,204 [EventQueue-PipelineReportForPipelineReportHandler] INFO  pipeline.PipelineStateManager (PipelineStateManager.java:openPipeline(134)) - Pipeline Pipeline[ Id: 1861ed88-86cc-4290-b2a6-1ec2079843f0, Nodes: a49289a7-2fc4-4008-a49b-27c2b6921fe9{ip: 192.168.34.27, host: pr-hdds-2034-s5hcl-2472234065, networkLocation: /default-rack, certSerialId: null}, Type:RATIS, Factor:ONE, State:ALLOCATED] moved to OPEN state
2019-10-24 12:45:46,205 [pool-37-thread-1] INFO  impl.RaftServerImpl (RaftServerImpl.java:<init>(98)) - 06a8f420-c55d-4064-b0af-9862eabb487d: new RaftServerImpl for group-113FF32A5128:[a49289a7-2fc4-4008-a49b-27c2b6921fe9:192.168.34.27:42145, 06a8f420-c55d-4064-b0af-9862eabb487d:192.168.34.27:33047, b629121d-9414-4e6f-a533-8e2a2621a008:192.168.34.27:33915] with ContainerStateMachine:uninitialized
2019-10-24 12:45:46,205 [pool-47-thread-1] INFO  impl.RaftServerImpl (ServerState.java:<init>(103)) - a49289a7-2fc4-4008-a49b-27c2b6921fe9@group-113FF32A5128: ConfigurationManager, init=-1: [a49289a7-2fc4-4008-a49b-27c2b6921fe9:192.168.34.27:42145, 06a8f420-c55d-4064-b0af-9862eabb487d:192.168.34.27:33047, b629121d-9414-4e6f-a533-8e2a2621a008:192.168.34.27:33915], old=null, confs=<EMPTY_MAP>
2019-10-24 12:45:46,205 [pool-37-thread-1] INFO  server.RaftServerConfigKeys (ConfUtils.java:logGet(43)) - raft.server.rpc.timeout.min = 5s (custom)
2019-10-24 12:45:46,205 [pool-47-thread-1] INFO  server.RaftServerConfigKeys (ConfUtils.java:logGet(43)) - raft.server.storage.dir = [/workdir/hadoop-ozone/integration-test/target/test-dir/MiniOzoneClusterImpl-c63c45e9-3133-4fa9-98a3-2bd36eb99823/datanode-2/data/ratis] (custom)
2019-10-24 12:45:46,205 [pool-37-thread-1] INFO  server.RaftServerConfigKeys (ConfUtils.java:logGet(43)) - raft.server.rpc.timeout.max = 5200ms (custom)
2019-10-24 12:45:46,205 [pool-37-thread-1] INFO  server.RaftServerConfigKeys (ConfUtils.java:logGet(43)) - raft.server.rpcslowness.timeout = 1000s (custom)
2019-10-24 12:45:46,205 [pool-47-thread-1] INFO  server.RaftServerConfigKeys (ConfUtils.java:logGet(43)) - raft.server.log.corruption.policy = EXCEPTION (default)
2019-10-24 12:45:46,206 [pool-37-thread-1] INFO  server.RaftServerConfigKeys (ConfUtils.java:logGet(43)) - raft.server.sleep.deviation.threshold = 300 (default)
2019-10-24 12:45:46,206 [pool-27-thread-1] INFO  impl.RaftServerImpl (RaftServerImpl.java:<init>(98)) - b629121d-9414-4e6f-a533-8e2a2621a008: new RaftServerImpl for group-113FF32A5128:[a49289a7-2fc4-4008-a49b-27c2b6921fe9:192.168.34.27:42145, 06a8f420-c55d-4064-b0af-9862eabb487d:192.168.34.27:33047, b629121d-9414-4e6f-a533-8e2a2621a008:192.168.34.27:33915] with ContainerStateMachine:uninitialized
2019-10-24 12:45:46,206 [pool-37-thread-1] INFO  server.RaftServerConfigKeys (ConfUtils.java:logGet(43)) - raft.server.log.appender.install.snapshot.enabled = false (custom)
2019-10-24 12:45:46,206 [pool-47-thread-1] INFO  storage.RaftStorageDirectory (RaftStorageDirectory.java:analyzeStorage(246)) - The storage directory /workdir/hadoop-ozone/integration-test/target/test-dir/MiniOzoneClusterImpl-c63c45e9-3133-4fa9-98a3-2bd36eb99823/datanode-2/data/ratis/547b3abb-e21a-4b37-ae70-113ff32a5128 does not exist. Creating ...
2019-10-24 12:45:46,207 [pool-37-thread-1] INFO  impl.RaftServerImpl (ServerState.java:<init>(103)) - 06a8f420-c55d-4064-b0af-9862eabb487d@group-113FF32A5128: ConfigurationManager, init=-1: [a49289a7-2fc4-4008-a49b-27c2b6921fe9:192.168.34.27:42145, 06a8f420-c55d-4064-b0af-9862eabb487d:192.168.34.27:33047, b629121d-9414-4e6f-a533-8e2a2621a008:192.168.34.27:33915], old=null, confs=<EMPTY_MAP>
2019-10-24 12:45:46,206 [pool-27-thread-1] INFO  server.RaftServerConfigKeys (ConfUtils.java:logGet(43)) - raft.server.rpc.timeout.min = 5s (custom)
2019-10-24 12:45:46,207 [pool-37-thread-1] INFO  server.RaftServerConfigKeys (ConfUtils.java:logGet(43)) - raft.server.storage.dir = [/workdir/hadoop-ozone/integration-test/target/test-dir/MiniOzoneClusterImpl-c63c45e9-3133-4fa9-98a3-2bd36eb99823/datanode-1/data/ratis] (custom)
2019-10-24 12:45:46,207 [EventQueue-PipelineReportForPipelineReportHandler] INFO  pipeline.PipelineReportHandler (PipelineReportHandler.java:processPipelineReport(104)) - Pipeline ONE PipelineID=d97357a8-b651-44d1-986d-89ceb114ad42 reported by 06a8f420-c55d-4064-b0af-9862eabb487d{ip: 192.168.34.27, host: pr-hdds-2034-s5hcl-2472234065, networkLocation: /default-rack, certSerialId: null}
2019-10-24 12:45:46,207 [pool-27-thread-1] INFO  server.RaftServerConfigKeys (ConfUtils.java:logGet(43)) - raft.server.rpc.timeout.max = 5200ms (custom)
2019-10-24 12:45:46,208 [pool-37-thread-1] INFO  server.RaftServerConfigKeys (ConfUtils.java:logGet(43)) - raft.server.log.corruption.policy = EXCEPTION (default)
2019-10-24 12:45:46,208 [EventQueue-OpenPipelineForHealthyPipelineSafeModeRule] INFO  safemode.SCMSafeModeManager (HealthyPipelineSafeModeRule.java:process(122)) - SCM in safe mode. Healthy pipelines reported count is 1, required healthy pipeline reported count is 1
2019-10-24 12:45:46,208 [pool-37-thread-1] INFO  storage.RaftStorageDirectory (RaftStorageDirectory.java:analyzeStorage(246)) - The storage directory /workdir/hadoop-ozone/integration-test/target/test-dir/MiniOzoneClusterImpl-c63c45e9-3133-4fa9-98a3-2bd36eb99823/datanode-1/data/ratis/547b3abb-e21a-4b37-ae70-113ff32a5128 does not exist. Creating ...
2019-10-24 12:45:46,208 [EventQueue-PipelineReportForPipelineReportHandler] INFO  pipeline.PipelineStateManager (PipelineStateManager.java:openPipeline(134)) - Pipeline Pipeline[ Id: d97357a8-b651-44d1-986d-89ceb114ad42, Nodes: 06a8f420-c55d-4064-b0af-9862eabb487d{ip: 192.168.34.27, host: pr-hdds-2034-s5hcl-2472234065, networkLocation: /default-rack, certSerialId: null}, Type:RATIS, Factor:ONE, State:ALLOCATED] moved to OPEN state
2019-10-24 12:45:46,207 [EventQueue-OpenPipelineForOneReplicaPipelineSafeModeRule] INFO  safemode.SCMSafeModeManager (SCMSafeModeManager.java:validateSafeModeExitRules(169)) - AtleastOneDatanodeReportedRule rule is successfully validated
2019-10-24 12:45:46,208 [EventQueue-PipelineReportForPipelineReportHandler] INFO  pipeline.PipelineReportHandler (PipelineReportHandler.java:processPipelineReport(104)) - Pipeline ONE PipelineID=7d6934e9-b575-452f-bdb9-e98e649a1fe4 reported by b629121d-9414-4e6f-a533-8e2a2621a008{ip: 192.168.34.27, host: pr-hdds-2034-s5hcl-2472234065, networkLocation: /default-rack, certSerialId: null}
2019-10-24 12:45:46,208 [pool-27-thread-1] INFO  server.RaftServerConfigKeys (ConfUtils.java:logGet(43)) - raft.server.rpcslowness.timeout = 1000s (custom)
2019-10-24 12:45:46,208 [EventQueue-PipelineReportForPipelineReportHandler] INFO  pipeline.PipelineStateManager (PipelineStateManager.java:openPipeline(134)) - Pipeline Pipeline[ Id: 7d6934e9-b575-452f-bdb9-e98e649a1fe4, Nodes: b629121d-9414-4e6f-a533-8e2a2621a008{ip: 192.168.34.27, host: pr-hdds-2034-s5hcl-2472234065, networkLocation: /default-rack, certSerialId: null}, Type:RATIS, Factor:ONE, State:ALLOCATED] moved to OPEN state
2019-10-24 12:45:46,208 [EventQueue-OpenPipelineForHealthyPipelineSafeModeRule] INFO  safemode.SCMSafeModeManager (SCMSafeModeManager.java:validateSafeModeExitRules(169)) - HealthyPipelineSafeModeRule rule is successfully validated
2019-10-24 12:45:46,208 [pool-27-thread-1] INFO  server.RaftServerConfigKeys (ConfUtils.java:logGet(43)) - raft.server.sleep.deviation.threshold = 300 (default)
2019-10-24 12:45:46,209 [EventQueue-OpenPipelineForHealthyPipelineSafeModeRule] INFO  safemode.SCMSafeModeManager (SCMSafeModeManager.java:validateSafeModeExitRules(178)) - ScmSafeModeManager, all rules are successfully validated
2019-10-24 12:45:46,209 [pool-27-thread-1] INFO  server.RaftServerConfigKeys (ConfUtils.java:logGet(43)) - raft.server.log.appender.install.snapshot.enabled = false (custom)
2019-10-24 12:45:46,209 [EventQueue-OpenPipelineForHealthyPipelineSafeModeRule] INFO  safemode.SCMSafeModeManager (SCMSafeModeManager.java:exitSafeMode(194)) - SCM exiting safe mode.
2019-10-24 12:45:46,209 [pool-27-thread-1] INFO  impl.RaftServerImpl (ServerState.java:<init>(103)) - b629121d-9414-4e6f-a533-8e2a2621a008@group-113FF32A5128: ConfigurationManager, init=-1: [a49289a7-2fc4-4008-a49b-27c2b6921fe9:192.168.34.27:42145, 06a8f420-c55d-4064-b0af-9862eabb487d:192.168.34.27:33047, b629121d-9414-4e6f-a533-8e2a2621a008:192.168.34.27:33915], old=null, confs=<EMPTY_MAP>
2019-10-24 12:45:46,209 [pool-27-thread-1] INFO  server.RaftServerConfigKeys (ConfUtils.java:logGet(43)) - raft.server.storage.dir = [/workdir/hadoop-ozone/integration-test/target/test-dir/MiniOzoneClusterImpl-c63c45e9-3133-4fa9-98a3-2bd36eb99823/datanode-0/data/ratis] (custom)
2019-10-24 12:45:46,209 [EventQueue-OpenPipelineForOneReplicaPipelineSafeModeRule] INFO  safemode.SCMSafeModeManager (SCMSafeModeManager.java:validateSafeModeExitRules(169)) - AtleastOneDatanodeReportedRule rule is successfully validated
2019-10-24 12:45:46,209 [pool-27-thread-1] INFO  server.RaftServerConfigKeys (ConfUtils.java:logGet(43)) - raft.server.log.corruption.policy = EXCEPTION (default)
2019-10-24 12:45:46,210 [EventQueue-OpenPipelineForOneReplicaPipelineSafeModeRule] INFO  safemode.SCMSafeModeManager (SCMSafeModeManager.java:validateSafeModeExitRules(178)) - ScmSafeModeManager, all rules are successfully validated
2019-10-24 12:45:46,210 [EventQueue-OpenPipelineForOneReplicaPipelineSafeModeRule] INFO  safemode.SCMSafeModeManager (SCMSafeModeManager.java:exitSafeMode(194)) - SCM exiting safe mode.
2019-10-24 12:45:46,210 [pool-27-thread-1] INFO  storage.RaftStorageDirectory (RaftStorageDirectory.java:analyzeStorage(246)) - The storage directory /workdir/hadoop-ozone/integration-test/target/test-dir/MiniOzoneClusterImpl-c63c45e9-3133-4fa9-98a3-2bd36eb99823/datanode-0/data/ratis/547b3abb-e21a-4b37-ae70-113ff32a5128 does not exist. Creating ...
2019-10-24 12:45:46,219 [pool-37-thread-1] INFO  storage.RaftStorageDirectory (RaftStorageDirectory.java:tryLock(328)) - Lock on /workdir/hadoop-ozone/integration-test/target/test-dir/MiniOzoneClusterImpl-c63c45e9-3133-4fa9-98a3-2bd36eb99823/datanode-1/data/ratis/547b3abb-e21a-4b37-ae70-113ff32a5128/in_use.lock acquired by nodename 3369@pr-hdds-2034-s5hcl-2472234065
2019-10-24 12:45:46,219 [pool-27-thread-1] INFO  storage.RaftStorageDirectory (RaftStorageDirectory.java:tryLock(328)) - Lock on /workdir/hadoop-ozone/integration-test/target/test-dir/MiniOzoneClusterImpl-c63c45e9-3133-4fa9-98a3-2bd36eb99823/datanode-0/data/ratis/547b3abb-e21a-4b37-ae70-113ff32a5128/in_use.lock acquired by nodename 3369@pr-hdds-2034-s5hcl-2472234065
2019-10-24 12:45:46,219 [pool-47-thread-1] INFO  storage.RaftStorageDirectory (RaftStorageDirectory.java:tryLock(328)) - Lock on /workdir/hadoop-ozone/integration-test/target/test-dir/MiniOzoneClusterImpl-c63c45e9-3133-4fa9-98a3-2bd36eb99823/datanode-2/data/ratis/547b3abb-e21a-4b37-ae70-113ff32a5128/in_use.lock acquired by nodename 3369@pr-hdds-2034-s5hcl-2472234065
2019-10-24 12:45:46,233 [pool-27-thread-1] INFO  storage.RaftStorage (RaftStorage.java:format(84)) - Storage directory /workdir/hadoop-ozone/integration-test/target/test-dir/MiniOzoneClusterImpl-c63c45e9-3133-4fa9-98a3-2bd36eb99823/datanode-0/data/ratis/547b3abb-e21a-4b37-ae70-113ff32a5128 has been successfully formatted.
2019-10-24 12:45:46,233 [pool-47-thread-1] INFO  storage.RaftStorage (RaftStorage.java:format(84)) - Storage directory /workdir/hadoop-ozone/integration-test/target/test-dir/MiniOzoneClusterImpl-c63c45e9-3133-4fa9-98a3-2bd36eb99823/datanode-2/data/ratis/547b3abb-e21a-4b37-ae70-113ff32a5128 has been successfully formatted.
2019-10-24 12:45:46,233 [pool-27-thread-1] INFO  ratis.ContainerStateMachine (ContainerStateMachine.java:loadSnapshot(231)) - group-113FF32A5128: The snapshot info is null. Setting the last applied indexto:(t:0, i:~)
2019-10-24 12:45:46,233 [pool-37-thread-1] INFO  storage.RaftStorage (RaftStorage.java:format(84)) - Storage directory /workdir/hadoop-ozone/integration-test/target/test-dir/MiniOzoneClusterImpl-c63c45e9-3133-4fa9-98a3-2bd36eb99823/datanode-1/data/ratis/547b3abb-e21a-4b37-ae70-113ff32a5128 has been successfully formatted.
2019-10-24 12:45:46,234 [pool-27-thread-1] INFO  server.RaftServerConfigKeys (ConfUtils.java:logGet(43)) - raft.server.notification.no-leader.timeout = 1000s (custom)
2019-10-24 12:45:46,234 [pool-47-thread-1] INFO  ratis.ContainerStateMachine (ContainerStateMachine.java:loadSnapshot(231)) - group-113FF32A5128: The snapshot info is null. Setting the last applied indexto:(t:0, i:~)
2019-10-24 12:45:46,234 [pool-37-thread-1] INFO  ratis.ContainerStateMachine (ContainerStateMachine.java:loadSnapshot(231)) - group-113FF32A5128: The snapshot info is null. Setting the last applied indexto:(t:0, i:~)
2019-10-24 12:45:46,234 [pool-27-thread-1] INFO  server.RaftServerConfigKeys (ConfUtils.java:logGet(43)) - raft.server.log.use.memory = false (default)
2019-10-24 12:45:46,234 [pool-37-thread-1] INFO  server.RaftServerConfigKeys (ConfUtils.java:logGet(43)) - raft.server.notification.no-leader.timeout = 1000s (custom)
2019-10-24 12:45:46,234 [pool-47-thread-1] INFO  server.RaftServerConfigKeys (ConfUtils.java:logGet(43)) - raft.server.notification.no-leader.timeout = 1000s (custom)
2019-10-24 12:45:46,234 [pool-37-thread-1] INFO  server.RaftServerConfigKeys (ConfUtils.java:logGet(43)) - raft.server.log.use.memory = false (default)
2019-10-24 12:45:46,234 [pool-27-thread-1] INFO  server.RaftServerConfigKeys (ConfUtils.java:logGet(43)) - raft.server.log.purge.gap = 1000000 (custom)
2019-10-24 12:45:46,235 [pool-37-thread-1] INFO  server.RaftServerConfigKeys (ConfUtils.java:logGet(43)) - raft.server.log.purge.gap = 1000000 (custom)
2019-10-24 12:45:46,234 [pool-47-thread-1] INFO  server.RaftServerConfigKeys (ConfUtils.java:logGet(43)) - raft.server.log.use.memory = false (default)
2019-10-24 12:45:46,235 [pool-37-thread-1] INFO  server.RaftServerConfigKeys (ConfUtils.java:logGet(43)) - raft.server.log.appender.buffer.byte-limit = 33554432 (custom)
2019-10-24 12:45:46,235 [pool-47-thread-1] INFO  server.RaftServerConfigKeys (ConfUtils.java:logGet(43)) - raft.server.log.purge.gap = 1000000 (custom)
2019-10-24 12:45:46,235 [pool-27-thread-1] INFO  server.RaftServerConfigKeys (ConfUtils.java:logGet(43)) - raft.server.log.appender.buffer.byte-limit = 33554432 (custom)
2019-10-24 12:45:46,235 [pool-47-thread-1] INFO  server.RaftServerConfigKeys (ConfUtils.java:logGet(43)) - raft.server.log.appender.buffer.byte-limit = 33554432 (custom)
2019-10-24 12:45:46,235 [pool-37-thread-1] INFO  server.RaftServerConfigKeys (ConfUtils.java:logGet(43)) - raft.server.log.segment.size.max = 1048576 (custom)
2019-10-24 12:45:46,235 [pool-47-thread-1] INFO  server.RaftServerConfigKeys (ConfUtils.java:logGet(43)) - raft.server.log.segment.size.max = 1048576 (custom)
2019-10-24 12:45:46,235 [pool-27-thread-1] INFO  server.RaftServerConfigKeys (ConfUtils.java:logGet(43)) - raft.server.log.segment.size.max = 1048576 (custom)
2019-10-24 12:45:46,236 [pool-37-thread-1] INFO  server.RaftServerConfigKeys (ConfUtils.java:logGet(43)) - raft.server.log.segment.cache.num.max = 2 (custom)
2019-10-24 12:45:46,236 [pool-27-thread-1] INFO  server.RaftServerConfigKeys (ConfUtils.java:logGet(43)) - raft.server.log.segment.cache.num.max = 2 (custom)
2019-10-24 12:45:46,236 [pool-47-thread-1] INFO  server.RaftServerConfigKeys (ConfUtils.java:logGet(43)) - raft.server.log.segment.cache.num.max = 2 (custom)
2019-10-24 12:45:46,236 [pool-27-thread-1] INFO  segmented.SegmentedRaftLogWorker (SegmentedRaftLogWorker.java:<init>(173)) - new b629121d-9414-4e6f-a533-8e2a2621a008@group-113FF32A5128-SegmentedRaftLogWorker for RaftStorage:Storage Directory /workdir/hadoop-ozone/integration-test/target/test-dir/MiniOzoneClusterImpl-c63c45e9-3133-4fa9-98a3-2bd36eb99823/datanode-0/data/ratis/547b3abb-e21a-4b37-ae70-113ff32a5128
2019-10-24 12:45:46,236 [pool-37-thread-1] INFO  segmented.SegmentedRaftLogWorker (SegmentedRaftLogWorker.java:<init>(173)) - new 06a8f420-c55d-4064-b0af-9862eabb487d@group-113FF32A5128-SegmentedRaftLogWorker for RaftStorage:Storage Directory /workdir/hadoop-ozone/integration-test/target/test-dir/MiniOzoneClusterImpl-c63c45e9-3133-4fa9-98a3-2bd36eb99823/datanode-1/data/ratis/547b3abb-e21a-4b37-ae70-113ff32a5128
2019-10-24 12:45:46,236 [pool-27-thread-1] INFO  server.RaftServerConfigKeys (ConfUtils.java:logGet(43)) - raft.server.log.queue.byte-limit = 2147483647 (custom)
2019-10-24 12:45:46,236 [pool-47-thread-1] INFO  segmented.SegmentedRaftLogWorker (SegmentedRaftLogWorker.java:<init>(173)) - new a49289a7-2fc4-4008-a49b-27c2b6921fe9@group-113FF32A5128-SegmentedRaftLogWorker for RaftStorage:Storage Directory /workdir/hadoop-ozone/integration-test/target/test-dir/MiniOzoneClusterImpl-c63c45e9-3133-4fa9-98a3-2bd36eb99823/datanode-2/data/ratis/547b3abb-e21a-4b37-ae70-113ff32a5128
2019-10-24 12:45:46,236 [pool-27-thread-1] INFO  server.RaftServerConfigKeys (ConfUtils.java:logGet(43)) - raft.server.log.queue.element-limit = 1024 (custom)
2019-10-24 12:45:46,236 [pool-37-thread-1] INFO  server.RaftServerConfigKeys (ConfUtils.java:logGet(43)) - raft.server.log.queue.byte-limit = 2147483647 (custom)
2019-10-24 12:45:46,237 [pool-27-thread-1] INFO  server.RaftServerConfigKeys (ConfUtils.java:logGet(43)) - raft.server.log.segment.size.max = 1048576 (custom)
2019-10-24 12:45:46,237 [pool-47-thread-1] INFO  server.RaftServerConfigKeys (ConfUtils.java:logGet(43)) - raft.server.log.queue.byte-limit = 2147483647 (custom)
2019-10-24 12:45:46,237 [pool-27-thread-1] INFO  server.RaftServerConfigKeys (ConfUtils.java:logGet(43)) - raft.server.log.preallocated.size = 16384 (custom)
2019-10-24 12:45:46,237 [pool-37-thread-1] INFO  server.RaftServerConfigKeys (ConfUtils.java:logGet(43)) - raft.server.log.queue.element-limit = 1024 (custom)
2019-10-24 12:45:46,237 [pool-27-thread-1] INFO  server.RaftServerConfigKeys (ConfUtils.java:logGet(43)) - raft.server.log.write.buffer.size = 33554432 (custom)
2019-10-24 12:45:46,237 [pool-47-thread-1] INFO  server.RaftServerConfigKeys (ConfUtils.java:logGet(43)) - raft.server.log.queue.element-limit = 1024 (custom)
2019-10-24 12:45:46,237 [pool-27-thread-1] INFO  server.RaftServerConfigKeys (ConfUtils.java:logGet(43)) - raft.server.log.force.sync.num = 128 (default)
2019-10-24 12:45:46,237 [pool-37-thread-1] INFO  server.RaftServerConfigKeys (ConfUtils.java:logGet(43)) - raft.server.log.segment.size.max = 1048576 (custom)
2019-10-24 12:45:46,238 [pool-27-thread-1] INFO  server.RaftServerConfigKeys (ConfUtils.java:logGet(43)) - raft.server.log.statemachine.data.sync = true (default)
2019-10-24 12:45:46,238 [pool-37-thread-1] INFO  server.RaftServerConfigKeys (ConfUtils.java:logGet(43)) - raft.server.log.preallocated.size = 16384 (custom)
2019-10-24 12:45:46,237 [pool-47-thread-1] INFO  server.RaftServerConfigKeys (ConfUtils.java:logGet(43)) - raft.server.log.segment.size.max = 1048576 (custom)
2019-10-24 12:45:46,238 [pool-37-thread-1] INFO  server.RaftServerConfigKeys (ConfUtils.java:logGet(43)) - raft.server.log.write.buffer.size = 33554432 (custom)
2019-10-24 12:45:46,238 [pool-27-thread-1] INFO  server.RaftServerConfigKeys (ConfUtils.java:logGet(43)) - raft.server.log.statemachine.data.sync.timeout = 10s (default)
2019-10-24 12:45:46,238 [pool-37-thread-1] INFO  server.RaftServerConfigKeys (ConfUtils.java:logGet(43)) - raft.server.log.force.sync.num = 128 (default)
2019-10-24 12:45:46,238 [pool-47-thread-1] INFO  server.RaftServerConfigKeys (ConfUtils.java:logGet(43)) - raft.server.log.preallocated.size = 16384 (custom)
2019-10-24 12:45:46,238 [pool-37-thread-1] INFO  server.RaftServerConfigKeys (ConfUtils.java:logGet(43)) - raft.server.log.statemachine.data.sync = true (default)
2019-10-24 12:45:46,238 [pool-27-thread-1] INFO  server.RaftServerConfigKeys (ConfUtils.java:logGet(43)) - raft.server.log.statemachine.data.sync.timeout.retry = -1 (default)
2019-10-24 12:45:46,239 [pool-37-thread-1] INFO  server.RaftServerConfigKeys (ConfUtils.java:logGet(43)) - raft.server.log.statemachine.data.sync.timeout = 10s (default)
2019-10-24 12:45:46,238 [pool-47-thread-1] INFO  server.RaftServerConfigKeys (ConfUtils.java:logGet(43)) - raft.server.log.write.buffer.size = 33554432 (custom)
2019-10-24 12:45:46,239 [pool-37-thread-1] INFO  server.RaftServerConfigKeys (ConfUtils.java:logGet(43)) - raft.server.log.statemachine.data.sync.timeout.retry = -1 (default)
2019-10-24 12:45:46,239 [pool-27-thread-1] INFO  server.RaftServerConfigKeys (ConfUtils.java:logGet(43)) - raft.server.log.statemachine.data.caching.enabled = true (custom)
2019-10-24 12:45:46,239 [pool-37-thread-1] INFO  server.RaftServerConfigKeys (ConfUtils.java:logGet(43)) - raft.server.log.statemachine.data.caching.enabled = true (custom)
2019-10-24 12:45:46,239 [pool-47-thread-1] INFO  server.RaftServerConfigKeys (ConfUtils.java:logGet(43)) - raft.server.log.force.sync.num = 128 (default)
2019-10-24 12:45:46,239 [pool-27-thread-1] INFO  segmented.SegmentedRaftLogWorker (SegmentedRaftLogWorker.java:lambda$new$0(128)) - b629121d-9414-4e6f-a533-8e2a2621a008@group-113FF32A5128-SegmentedRaftLogWorker: flushIndex: setUnconditionally 0 -> -1
2019-10-24 12:45:46,239 [pool-37-thread-1] INFO  segmented.SegmentedRaftLogWorker (SegmentedRaftLogWorker.java:lambda$new$0(128)) - 06a8f420-c55d-4064-b0af-9862eabb487d@group-113FF32A5128-SegmentedRaftLogWorker: flushIndex: setUnconditionally 0 -> -1
2019-10-24 12:45:46,239 [pool-47-thread-1] INFO  server.RaftServerConfigKeys (ConfUtils.java:logGet(43)) - raft.server.log.statemachine.data.sync = true (default)
2019-10-24 12:45:46,240 [pool-27-thread-1] INFO  server.RaftServerConfigKeys (ConfUtils.java:logGet(43)) - raft.server.snapshot.auto.trigger.enabled = true (custom)
2019-10-24 12:45:46,240 [pool-47-thread-1] INFO  server.RaftServerConfigKeys (ConfUtils.java:logGet(43)) - raft.server.log.statemachine.data.sync.timeout = 10s (default)
2019-10-24 12:45:46,240 [pool-37-thread-1] INFO  server.RaftServerConfigKeys (ConfUtils.java:logGet(43)) - raft.server.snapshot.auto.trigger.enabled = true (custom)
2019-10-24 12:45:46,240 [pool-47-thread-1] INFO  server.RaftServerConfigKeys (ConfUtils.java:logGet(43)) - raft.server.log.statemachine.data.sync.timeout.retry = -1 (default)
2019-10-24 12:45:46,240 [pool-27-thread-1] INFO  server.RaftServerConfigKeys (ConfUtils.java:logGet(43)) - raft.server.snapshot.auto.trigger.threshold = 10000 (custom)
2019-10-24 12:45:46,240 [pool-37-thread-1] INFO  server.RaftServerConfigKeys (ConfUtils.java:logGet(43)) - raft.server.snapshot.auto.trigger.threshold = 10000 (custom)
2019-10-24 12:45:46,240 [pool-47-thread-1] INFO  server.RaftServerConfigKeys (ConfUtils.java:logGet(43)) - raft.server.log.statemachine.data.caching.enabled = true (custom)
2019-10-24 12:45:46,240 [pool-27-thread-1] INFO  server.RaftServerConfigKeys (ConfUtils.java:logGet(43)) - raft.server.snapshot.retention.file.num = 5 (custom)
2019-10-24 12:45:46,240 [pool-37-thread-1] INFO  server.RaftServerConfigKeys (ConfUtils.java:logGet(43)) - raft.server.snapshot.retention.file.num = 5 (custom)
2019-10-24 12:45:46,241 [pool-27-thread-1] INFO  server.RaftServerConfigKeys (ConfUtils.java:logGet(43)) - raft.server.retrycache.expirytime = 600000ms (custom)
2019-10-24 12:45:46,241 [pool-37-thread-1] INFO  server.RaftServerConfigKeys (ConfUtils.java:logGet(43)) - raft.server.retrycache.expirytime = 600000ms (custom)
2019-10-24 12:45:46,241 [pool-27-thread-1] WARN  impl.MetricRegistriesImpl (MetricRegistriesImpl.java:lambda$create$1(61)) - First MetricRegistry has been created without registering reporters. You may need to call MetricRegistries.global().addReportRegistration(...) before.
2019-10-24 12:45:46,241 [pool-47-thread-1] INFO  segmented.SegmentedRaftLogWorker (SegmentedRaftLogWorker.java:lambda$new$0(128)) - a49289a7-2fc4-4008-a49b-27c2b6921fe9@group-113FF32A5128-SegmentedRaftLogWorker: flushIndex: setUnconditionally 0 -> -1
2019-10-24 12:45:46,241 [pool-27-thread-1] WARN  impl.MetricRegistriesImpl (MetricRegistriesImpl.java:lambda$create$1(61)) - First MetricRegistry has been created without registering reporters. You may need to call MetricRegistries.global().addReportRegistration(...) before.
2019-10-24 12:45:46,241 [pool-37-thread-1] WARN  impl.MetricRegistriesImpl (MetricRegistriesImpl.java:lambda$create$1(61)) - First MetricRegistry has been created without registering reporters. You may need to call MetricRegistries.global().addReportRegistration(...) before.
2019-10-24 12:45:46,242 [pool-27-thread-1] INFO  impl.RaftServerImpl (RaftServerImpl.java:start(184)) - b629121d-9414-4e6f-a533-8e2a2621a008@group-113FF32A5128: start as a follower, conf=-1: [a49289a7-2fc4-4008-a49b-27c2b6921fe9:192.168.34.27:42145, 06a8f420-c55d-4064-b0af-9862eabb487d:192.168.34.27:33047, b629121d-9414-4e6f-a533-8e2a2621a008:192.168.34.27:33915], old=null
2019-10-24 12:45:46,242 [pool-47-thread-1] INFO  server.RaftServerConfigKeys (ConfUtils.java:logGet(43)) - raft.server.snapshot.auto.trigger.enabled = true (custom)
2019-10-24 12:45:46,242 [pool-27-thread-1] INFO  impl.RaftServerImpl (RaftServerImpl.java:setRole(173)) - b629121d-9414-4e6f-a533-8e2a2621a008@group-113FF32A5128: changes role from      null to FOLLOWER at term 0 for startAsFollower
2019-10-24 12:45:46,242 [pool-37-thread-1] WARN  impl.MetricRegistriesImpl (MetricRegistriesImpl.java:lambda$create$1(61)) - First MetricRegistry has been created without registering reporters. You may need to call MetricRegistries.global().addReportRegistration(...) before.
2019-10-24 12:45:46,242 [pool-27-thread-1] INFO  impl.RoleInfo (RoleInfo.java:updateAndGet(143)) - b629121d-9414-4e6f-a533-8e2a2621a008: start FollowerState
2019-10-24 12:45:46,242 [pool-47-thread-1] INFO  server.RaftServerConfigKeys (ConfUtils.java:logGet(43)) - raft.server.snapshot.auto.trigger.threshold = 10000 (custom)
2019-10-24 12:45:46,242 [pool-37-thread-1] INFO  impl.RaftServerImpl (RaftServerImpl.java:start(184)) - 06a8f420-c55d-4064-b0af-9862eabb487d@group-113FF32A5128: start as a follower, conf=-1: [a49289a7-2fc4-4008-a49b-27c2b6921fe9:192.168.34.27:42145, 06a8f420-c55d-4064-b0af-9862eabb487d:192.168.34.27:33047, b629121d-9414-4e6f-a533-8e2a2621a008:192.168.34.27:33915], old=null
2019-10-24 12:45:46,242 [pool-47-thread-1] INFO  server.RaftServerConfigKeys (ConfUtils.java:logGet(43)) - raft.server.snapshot.retention.file.num = 5 (custom)
2019-10-24 12:45:46,242 [pool-27-thread-1] INFO  util.JmxRegister (JmxRegister.java:tryRegister(44)) - Successfully registered JMX Bean with object name Ratis:service=RaftServer,group=group-113FF32A5128,id=b629121d-9414-4e6f-a533-8e2a2621a008
2019-10-24 12:45:46,242 [pool-37-thread-1] INFO  impl.RaftServerImpl (RaftServerImpl.java:setRole(173)) - 06a8f420-c55d-4064-b0af-9862eabb487d@group-113FF32A5128: changes role from      null to FOLLOWER at term 0 for startAsFollower
2019-10-24 12:45:46,242 [pool-47-thread-1] INFO  server.RaftServerConfigKeys (ConfUtils.java:logGet(43)) - raft.server.retrycache.expirytime = 600000ms (custom)
2019-10-24 12:45:46,242 [pool-27-thread-1] WARN  impl.MetricRegistriesImpl (MetricRegistriesImpl.java:lambda$create$1(61)) - First MetricRegistry has been created without registering reporters. You may need to call MetricRegistries.global().addReportRegistration(...) before.
2019-10-24 12:45:46,243 [pool-37-thread-1] INFO  impl.RoleInfo (RoleInfo.java:updateAndGet(143)) - 06a8f420-c55d-4064-b0af-9862eabb487d: start FollowerState
2019-10-24 12:45:46,243 [pool-47-thread-1] WARN  impl.MetricRegistriesImpl (MetricRegistriesImpl.java:lambda$create$1(61)) - First MetricRegistry has been created without registering reporters. You may need to call MetricRegistries.global().addReportRegistration(...) before.
2019-10-24 12:45:46,243 [pool-47-thread-1] WARN  impl.MetricRegistriesImpl (MetricRegistriesImpl.java:lambda$create$1(61)) - First MetricRegistry has been created without registering reporters. You may need to call MetricRegistries.global().addReportRegistration(...) before.
2019-10-24 12:45:46,243 [pool-37-thread-1] INFO  util.JmxRegister (JmxRegister.java:tryRegister(44)) - Successfully registered JMX Bean with object name Ratis:service=RaftServer,group=group-113FF32A5128,id=06a8f420-c55d-4064-b0af-9862eabb487d
2019-10-24 12:45:46,243 [pool-37-thread-1] WARN  impl.MetricRegistriesImpl (MetricRegistriesImpl.java:lambda$create$1(61)) - First MetricRegistry has been created without registering reporters. You may need to call MetricRegistries.global().addReportRegistration(...) before.
2019-10-24 12:45:46,243 [pool-47-thread-1] INFO  impl.RaftServerImpl (RaftServerImpl.java:start(184)) - a49289a7-2fc4-4008-a49b-27c2b6921fe9@group-113FF32A5128: start as a follower, conf=-1: [a49289a7-2fc4-4008-a49b-27c2b6921fe9:192.168.34.27:42145, 06a8f420-c55d-4064-b0af-9862eabb487d:192.168.34.27:33047, b629121d-9414-4e6f-a533-8e2a2621a008:192.168.34.27:33915], old=null
2019-10-24 12:45:46,243 [Command processor thread] INFO  commandhandler.CreatePipelineCommandHandler (CreatePipelineCommandHandler.java:handle(86)) - Create Pipeline RATIS THREE #id: "547b3abb-e21a-4b37-ae70-113ff32a5128"
 command succeed on datanode b629121d-9414-4e6f-a533-8e2a2621a008.
2019-10-24 12:45:46,244 [Command processor thread] INFO  commandhandler.CreatePipelineCommandHandler (CreatePipelineCommandHandler.java:handle(86)) - Create Pipeline RATIS THREE #id: "547b3abb-e21a-4b37-ae70-113ff32a5128"
 command succeed on datanode 06a8f420-c55d-4064-b0af-9862eabb487d.
2019-10-24 12:45:46,244 [pool-47-thread-1] INFO  impl.RaftServerImpl (RaftServerImpl.java:setRole(173)) - a49289a7-2fc4-4008-a49b-27c2b6921fe9@group-113FF32A5128: changes role from      null to FOLLOWER at term 0 for startAsFollower
2019-10-24 12:45:46,244 [pool-47-thread-1] INFO  impl.RoleInfo (RoleInfo.java:updateAndGet(143)) - a49289a7-2fc4-4008-a49b-27c2b6921fe9: start FollowerState
2019-10-24 12:45:46,245 [pool-47-thread-1] INFO  util.JmxRegister (JmxRegister.java:tryRegister(44)) - Successfully registered JMX Bean with object name Ratis:service=RaftServer,group=group-113FF32A5128,id=a49289a7-2fc4-4008-a49b-27c2b6921fe9
2019-10-24 12:45:46,245 [pool-47-thread-1] WARN  impl.MetricRegistriesImpl (MetricRegistriesImpl.java:lambda$create$1(61)) - First MetricRegistry has been created without registering reporters. You may need to call MetricRegistries.global().addReportRegistration(...) before.
2019-10-24 12:45:46,245 [EventQueue-PipelineReportForPipelineReportHandler] INFO  pipeline.PipelineReportHandler (PipelineReportHandler.java:processPipelineReport(104)) - Pipeline THREE PipelineID=547b3abb-e21a-4b37-ae70-113ff32a5128 reported by 06a8f420-c55d-4064-b0af-9862eabb487d{ip: 192.168.34.27, host: pr-hdds-2034-s5hcl-2472234065, networkLocation: /default-rack, certSerialId: null}
2019-10-24 12:45:46,245 [Command processor thread] INFO  commandhandler.CreatePipelineCommandHandler (CreatePipelineCommandHandler.java:handle(86)) - Create Pipeline RATIS THREE #id: "547b3abb-e21a-4b37-ae70-113ff32a5128"
 command succeed on datanode a49289a7-2fc4-4008-a49b-27c2b6921fe9.
2019-10-24 12:45:46,246 [EventQueue-PipelineReportForPipelineReportHandler] INFO  pipeline.PipelineReportHandler (PipelineReportHandler.java:processPipelineReport(104)) - Pipeline THREE PipelineID=547b3abb-e21a-4b37-ae70-113ff32a5128 reported by b629121d-9414-4e6f-a533-8e2a2621a008{ip: 192.168.34.27, host: pr-hdds-2034-s5hcl-2472234065, networkLocation: /default-rack, certSerialId: null}
2019-10-24 12:45:46,247 [EventQueue-PipelineReportForPipelineReportHandler] INFO  pipeline.PipelineReportHandler (PipelineReportHandler.java:processPipelineReport(104)) - Pipeline THREE PipelineID=547b3abb-e21a-4b37-ae70-113ff32a5128 reported by a49289a7-2fc4-4008-a49b-27c2b6921fe9{ip: 192.168.34.27, host: pr-hdds-2034-s5hcl-2472234065, networkLocation: /default-rack, certSerialId: null}
2019-10-24 12:45:46,247 [EventQueue-PipelineReportForPipelineReportHandler] INFO  pipeline.PipelineStateManager (PipelineStateManager.java:openPipeline(134)) - Pipeline Pipeline[ Id: 547b3abb-e21a-4b37-ae70-113ff32a5128, Nodes: 06a8f420-c55d-4064-b0af-9862eabb487d{ip: 192.168.34.27, host: pr-hdds-2034-s5hcl-2472234065, networkLocation: /default-rack, certSerialId: null}a49289a7-2fc4-4008-a49b-27c2b6921fe9{ip: 192.168.34.27, host: pr-hdds-2034-s5hcl-2472234065, networkLocation: /default-rack, certSerialId: null}b629121d-9414-4e6f-a533-8e2a2621a008{ip: 192.168.34.27, host: pr-hdds-2034-s5hcl-2472234065, networkLocation: /default-rack, certSerialId: null}, Type:RATIS, Factor:THREE, State:ALLOCATED] moved to OPEN state
2019-10-24 12:45:47,095 [main] INFO  ozone.MiniOzoneClusterImpl (MiniOzoneClusterImpl.java:lambda$waitForClusterToBeReady$0(149)) - Nodes are ready. Got 3 of 3 DN Heartbeats.
2019-10-24 12:45:47,095 [main] INFO  ozone.MiniOzoneClusterImpl (MiniOzoneClusterImpl.java:lambda$waitForClusterToBeReady$0(152)) - Cluster exits safe mode
2019-10-24 12:45:49,218 [Thread-199] INFO  container.ReplicationManager (ReplicationManager.java:start(162)) - Starting Replication Monitor Thread.
2019-10-24 12:45:49,222 [Thread-200] INFO  container.ReplicationManager (ReplicationManager.java:start(169)) - Replication Monitor Thread is already running.
2019-10-24 12:45:49,224 [ReplicationMonitor] INFO  container.ReplicationManager (ReplicationManager.java:run(225)) - Replication Monitor Thread took 0 milliseconds for processing 0 containers.
2019-10-24 12:45:50,538 [main] INFO  rpc.RpcClient (RpcClient.java:createVolume(272)) - Creating Volume: testcontainerstatemachinefailures, with jenkins1000 as owner.
2019-10-24 12:45:50,620 [IPC Server handler 3 on 41233] INFO  volume.OMVolumeCreateRequest (OMVolumeCreateRequest.java:validateAndUpdateCache(193)) - created volume:testcontainerstatemachinefailures for user:jenkins1000
2019-10-24 12:45:50,682 [main] INFO  rpc.RpcClient (RpcClient.java:createBucket(411)) - Creating Bucket: testcontainerstatemachinefailures/testcontainerstatemachinefailures, with Versioning false and Storage Type set to DISK and Encryption set to false 
2019-10-24 12:45:50,749 [IPC Server handler 0 on 45373] INFO  server.SCMBlockProtocolServer (SCMBlockProtocolServer.java:allocateBlock(179)) - Allocating 1 blocks of size 4194304, with ExcludeList {datanodes = [], containerIds = [], pipelineIds = []}
2019-10-24 12:45:50,848 [main] INFO  impl.MetricsSystemImpl (MetricsSystemImpl.java:init(158)) - XceiverClientMetrics metrics system started (again)
2019-10-24 12:45:51,346 [Thread-208] INFO  impl.FollowerState (FollowerState.java:run(111)) - 06a8f420-c55d-4064-b0af-9862eabb487d@group-113FF32A5128-FollowerState: change to CANDIDATE, lastRpcTime:5103ms, electionTimeout:5020ms
2019-10-24 12:45:51,348 [Thread-193] INFO  impl.FollowerState (FollowerState.java:run(111)) - b629121d-9414-4e6f-a533-8e2a2621a008@group-E98E649A1FE4-FollowerState: change to CANDIDATE, lastRpcTime:5176ms, electionTimeout:5055ms
2019-10-24 12:45:51,347 [Thread-195] INFO  impl.FollowerState (FollowerState.java:run(111)) - 06a8f420-c55d-4064-b0af-9862eabb487d@group-89CEB114AD42-FollowerState: change to CANDIDATE, lastRpcTime:5176ms, electionTimeout:5029ms
2019-10-24 12:45:51,346 [Thread-194] INFO  impl.FollowerState (FollowerState.java:run(111)) - a49289a7-2fc4-4008-a49b-27c2b6921fe9@group-1EC2079843F0-FollowerState: change to CANDIDATE, lastRpcTime:5175ms, electionTimeout:5084ms
2019-10-24 12:45:51,346 [Thread-209] INFO  impl.FollowerState (FollowerState.java:run(111)) - a49289a7-2fc4-4008-a49b-27c2b6921fe9@group-113FF32A5128-FollowerState: change to CANDIDATE, lastRpcTime:5102ms, electionTimeout:5043ms
2019-10-24 12:45:51,349 [Thread-209] INFO  impl.RoleInfo (RoleInfo.java:shutdownFollowerState(121)) - a49289a7-2fc4-4008-a49b-27c2b6921fe9: shutdown FollowerState
2019-10-24 12:45:51,349 [Thread-208] INFO  impl.RoleInfo (RoleInfo.java:shutdownFollowerState(121)) - 06a8f420-c55d-4064-b0af-9862eabb487d: shutdown FollowerState
2019-10-24 12:45:51,349 [Thread-194] INFO  impl.RoleInfo (RoleInfo.java:shutdownFollowerState(121)) - a49289a7-2fc4-4008-a49b-27c2b6921fe9: shutdown FollowerState
2019-10-24 12:45:51,349 [Thread-193] INFO  impl.RoleInfo (RoleInfo.java:shutdownFollowerState(121)) - b629121d-9414-4e6f-a533-8e2a2621a008: shutdown FollowerState
2019-10-24 12:45:51,349 [Thread-195] INFO  impl.RoleInfo (RoleInfo.java:shutdownFollowerState(121)) - 06a8f420-c55d-4064-b0af-9862eabb487d: shutdown FollowerState
2019-10-24 12:45:51,349 [Thread-193] INFO  impl.RaftServerImpl (RaftServerImpl.java:setRole(173)) - b629121d-9414-4e6f-a533-8e2a2621a008@group-E98E649A1FE4: changes role from  FOLLOWER to CANDIDATE at term 0 for changeToCandidate
2019-10-24 12:45:51,349 [Thread-194] INFO  impl.RaftServerImpl (RaftServerImpl.java:setRole(173)) - a49289a7-2fc4-4008-a49b-27c2b6921fe9@group-1EC2079843F0: changes role from  FOLLOWER to CANDIDATE at term 0 for changeToCandidate
2019-10-24 12:45:51,349 [Thread-208] INFO  impl.RaftServerImpl (RaftServerImpl.java:setRole(173)) - 06a8f420-c55d-4064-b0af-9862eabb487d@group-113FF32A5128: changes role from  FOLLOWER to CANDIDATE at term 0 for changeToCandidate
2019-10-24 12:45:51,349 [Thread-209] INFO  impl.RaftServerImpl (RaftServerImpl.java:setRole(173)) - a49289a7-2fc4-4008-a49b-27c2b6921fe9@group-113FF32A5128: changes role from  FOLLOWER to CANDIDATE at term 0 for changeToCandidate
2019-10-24 12:45:51,350 [Thread-195] INFO  impl.RaftServerImpl (RaftServerImpl.java:setRole(173)) - 06a8f420-c55d-4064-b0af-9862eabb487d@group-89CEB114AD42: changes role from  FOLLOWER to CANDIDATE at term 0 for changeToCandidate
2019-10-24 12:45:51,353 [Thread-193] INFO  impl.RoleInfo (RoleInfo.java:updateAndGet(143)) - b629121d-9414-4e6f-a533-8e2a2621a008: start LeaderElection
2019-10-24 12:45:51,353 [Thread-195] INFO  impl.RoleInfo (RoleInfo.java:updateAndGet(143)) - 06a8f420-c55d-4064-b0af-9862eabb487d: start LeaderElection
2019-10-24 12:45:51,353 [Thread-194] INFO  impl.RoleInfo (RoleInfo.java:updateAndGet(143)) - a49289a7-2fc4-4008-a49b-27c2b6921fe9: start LeaderElection
2019-10-24 12:45:51,353 [Thread-209] INFO  impl.RoleInfo (RoleInfo.java:updateAndGet(143)) - a49289a7-2fc4-4008-a49b-27c2b6921fe9: start LeaderElection
2019-10-24 12:45:51,353 [Thread-208] INFO  impl.RoleInfo (RoleInfo.java:updateAndGet(143)) - 06a8f420-c55d-4064-b0af-9862eabb487d: start LeaderElection
2019-10-24 12:45:51,375 [b629121d-9414-4e6f-a533-8e2a2621a008@group-E98E649A1FE4-LeaderElection1] INFO  impl.LeaderElection (LeaderElection.java:askForVotes(178)) - b629121d-9414-4e6f-a533-8e2a2621a008@group-E98E649A1FE4-LeaderElection1: begin an election at term 1 for -1: [b629121d-9414-4e6f-a533-8e2a2621a008:192.168.34.27:33915], old=null
2019-10-24 12:45:51,375 [a49289a7-2fc4-4008-a49b-27c2b6921fe9@group-113FF32A5128-LeaderElection3] INFO  impl.LeaderElection (LeaderElection.java:askForVotes(178)) - a49289a7-2fc4-4008-a49b-27c2b6921fe9@group-113FF32A5128-LeaderElection3: begin an election at term 1 for -1: [a49289a7-2fc4-4008-a49b-27c2b6921fe9:192.168.34.27:42145, 06a8f420-c55d-4064-b0af-9862eabb487d:192.168.34.27:33047, b629121d-9414-4e6f-a533-8e2a2621a008:192.168.34.27:33915], old=null
2019-10-24 12:45:51,375 [a49289a7-2fc4-4008-a49b-27c2b6921fe9@group-1EC2079843F0-LeaderElection5] INFO  impl.LeaderElection (LeaderElection.java:askForVotes(178)) - a49289a7-2fc4-4008-a49b-27c2b6921fe9@group-1EC2079843F0-LeaderElection5: begin an election at term 1 for -1: [a49289a7-2fc4-4008-a49b-27c2b6921fe9:192.168.34.27:42145], old=null
2019-10-24 12:45:51,375 [06a8f420-c55d-4064-b0af-9862eabb487d@group-113FF32A5128-LeaderElection4] INFO  impl.LeaderElection (LeaderElection.java:askForVotes(178)) - 06a8f420-c55d-4064-b0af-9862eabb487d@group-113FF32A5128-LeaderElection4: begin an election at term 1 for -1: [a49289a7-2fc4-4008-a49b-27c2b6921fe9:192.168.34.27:42145, 06a8f420-c55d-4064-b0af-9862eabb487d:192.168.34.27:33047, b629121d-9414-4e6f-a533-8e2a2621a008:192.168.34.27:33915], old=null
2019-10-24 12:45:51,375 [06a8f420-c55d-4064-b0af-9862eabb487d@group-89CEB114AD42-LeaderElection2] INFO  impl.LeaderElection (LeaderElection.java:askForVotes(178)) - 06a8f420-c55d-4064-b0af-9862eabb487d@group-89CEB114AD42-LeaderElection2: begin an election at term 1 for -1: [06a8f420-c55d-4064-b0af-9862eabb487d:192.168.34.27:33047], old=null
2019-10-24 12:45:51,377 [06a8f420-c55d-4064-b0af-9862eabb487d@group-89CEB114AD42-LeaderElection2] INFO  impl.RoleInfo (RoleInfo.java:shutdownLeaderElection(134)) - 06a8f420-c55d-4064-b0af-9862eabb487d: shutdown LeaderElection
2019-10-24 12:45:51,377 [a49289a7-2fc4-4008-a49b-27c2b6921fe9@group-1EC2079843F0-LeaderElection5] INFO  impl.RoleInfo (RoleInfo.java:shutdownLeaderElection(134)) - a49289a7-2fc4-4008-a49b-27c2b6921fe9: shutdown LeaderElection
2019-10-24 12:45:51,377 [b629121d-9414-4e6f-a533-8e2a2621a008@group-E98E649A1FE4-LeaderElection1] INFO  impl.RoleInfo (RoleInfo.java:shutdownLeaderElection(134)) - b629121d-9414-4e6f-a533-8e2a2621a008: shutdown LeaderElection
2019-10-24 12:45:51,378 [b629121d-9414-4e6f-a533-8e2a2621a008@group-E98E649A1FE4-LeaderElection1] INFO  impl.RaftServerImpl (RaftServerImpl.java:setRole(173)) - b629121d-9414-4e6f-a533-8e2a2621a008@group-E98E649A1FE4: changes role from CANDIDATE to LEADER at term 1 for changeToLeader
2019-10-24 12:45:51,378 [06a8f420-c55d-4064-b0af-9862eabb487d@group-89CEB114AD42-LeaderElection2] INFO  impl.RaftServerImpl (RaftServerImpl.java:setRole(173)) - 06a8f420-c55d-4064-b0af-9862eabb487d@group-89CEB114AD42: changes role from CANDIDATE to LEADER at term 1 for changeToLeader
2019-10-24 12:45:51,378 [a49289a7-2fc4-4008-a49b-27c2b6921fe9@group-1EC2079843F0-LeaderElection5] INFO  impl.RaftServerImpl (RaftServerImpl.java:setRole(173)) - a49289a7-2fc4-4008-a49b-27c2b6921fe9@group-1EC2079843F0: changes role from CANDIDATE to LEADER at term 1 for changeToLeader
2019-10-24 12:45:51,378 [06a8f420-c55d-4064-b0af-9862eabb487d@group-89CEB114AD42-LeaderElection2] INFO  impl.RaftServerImpl (ServerState.java:setLeader(255)) - 06a8f420-c55d-4064-b0af-9862eabb487d@group-89CEB114AD42: change Leader from null to 06a8f420-c55d-4064-b0af-9862eabb487d at term 1 for becomeLeader, leader elected after 5300ms
2019-10-24 12:45:51,378 [b629121d-9414-4e6f-a533-8e2a2621a008@group-E98E649A1FE4-LeaderElection1] INFO  impl.RaftServerImpl (ServerState.java:setLeader(255)) - b629121d-9414-4e6f-a533-8e2a2621a008@group-E98E649A1FE4: change Leader from null to b629121d-9414-4e6f-a533-8e2a2621a008 at term 1 for becomeLeader, leader elected after 5311ms
2019-10-24 12:45:51,378 [a49289a7-2fc4-4008-a49b-27c2b6921fe9@group-1EC2079843F0-LeaderElection5] INFO  impl.RaftServerImpl (ServerState.java:setLeader(255)) - a49289a7-2fc4-4008-a49b-27c2b6921fe9@group-1EC2079843F0: change Leader from null to a49289a7-2fc4-4008-a49b-27c2b6921fe9 at term 1 for becomeLeader, leader elected after 5253ms
2019-10-24 12:45:51,383 [b629121d-9414-4e6f-a533-8e2a2621a008@group-E98E649A1FE4-LeaderElection1] INFO  server.RaftServerConfigKeys (ConfUtils.java:logGet(43)) - raft.server.staging.catchup.gap = 1000 (default)
2019-10-24 12:45:51,383 [a49289a7-2fc4-4008-a49b-27c2b6921fe9@group-1EC2079843F0-LeaderElection5] INFO  server.RaftServerConfigKeys (ConfUtils.java:logGet(43)) - raft.server.staging.catchup.gap = 1000 (default)
2019-10-24 12:45:51,383 [b629121d-9414-4e6f-a533-8e2a2621a008@group-E98E649A1FE4-LeaderElection1] INFO  server.RaftServerConfigKeys (ConfUtils.java:logGet(43)) - raft.server.rpc.sleep.time = 25ms (default)
2019-10-24 12:45:51,384 [a49289a7-2fc4-4008-a49b-27c2b6921fe9@group-1EC2079843F0-LeaderElection5] INFO  server.RaftServerConfigKeys (ConfUtils.java:logGet(43)) - raft.server.rpc.sleep.time = 25ms (default)
2019-10-24 12:45:51,384 [06a8f420-c55d-4064-b0af-9862eabb487d@group-89CEB114AD42-LeaderElection2] INFO  server.RaftServerConfigKeys (ConfUtils.java:logGet(43)) - raft.server.staging.catchup.gap = 1000 (default)
2019-10-24 12:45:51,384 [06a8f420-c55d-4064-b0af-9862eabb487d@group-89CEB114AD42-LeaderElection2] INFO  server.RaftServerConfigKeys (ConfUtils.java:logGet(43)) - raft.server.rpc.sleep.time = 25ms (default)
2019-10-24 12:45:51,389 [b629121d-9414-4e6f-a533-8e2a2621a008@group-E98E649A1FE4-LeaderElection1] INFO  server.RaftServerConfigKeys (ConfUtils.java:logGet(43)) - raft.server.write.element-limit = 4096 (default)
2019-10-24 12:45:51,389 [a49289a7-2fc4-4008-a49b-27c2b6921fe9@group-1EC2079843F0-LeaderElection5] INFO  server.RaftServerConfigKeys (ConfUtils.java:logGet(43)) - raft.server.write.element-limit = 4096 (default)
2019-10-24 12:45:51,389 [06a8f420-c55d-4064-b0af-9862eabb487d@group-89CEB114AD42-LeaderElection2] INFO  server.RaftServerConfigKeys (ConfUtils.java:logGet(43)) - raft.server.write.element-limit = 4096 (default)
2019-10-24 12:45:51,393 [b629121d-9414-4e6f-a533-8e2a2621a008@group-E98E649A1FE4-LeaderElection1] INFO  server.RaftServerConfigKeys (ConfUtils.java:logGet(43)) - raft.server.watch.timeout = 10s (default)
2019-10-24 12:45:51,393 [a49289a7-2fc4-4008-a49b-27c2b6921fe9@group-1EC2079843F0-LeaderElection5] INFO  server.RaftServerConfigKeys (ConfUtils.java:logGet(43)) - raft.server.watch.timeout = 10s (default)
2019-10-24 12:45:51,393 [b629121d-9414-4e6f-a533-8e2a2621a008@group-E98E649A1FE4-LeaderElection1] INFO  server.RaftServerConfigKeys (ConfUtils.java:logGet(43)) - raft.server.watch.timeout.denomination = 1s (default)
2019-10-24 12:45:51,393 [06a8f420-c55d-4064-b0af-9862eabb487d@group-89CEB114AD42-LeaderElection2] INFO  server.RaftServerConfigKeys (ConfUtils.java:logGet(43)) - raft.server.watch.timeout = 10s (default)
2019-10-24 12:45:51,393 [a49289a7-2fc4-4008-a49b-27c2b6921fe9@group-1EC2079843F0-LeaderElection5] INFO  server.RaftServerConfigKeys (ConfUtils.java:logGet(43)) - raft.server.watch.timeout.denomination = 1s (default)
2019-10-24 12:45:51,394 [06a8f420-c55d-4064-b0af-9862eabb487d@group-89CEB114AD42-LeaderElection2] INFO  server.RaftServerConfigKeys (ConfUtils.java:logGet(43)) - raft.server.watch.timeout.denomination = 1s (default)
2019-10-24 12:45:51,394 [b629121d-9414-4e6f-a533-8e2a2621a008@group-E98E649A1FE4-LeaderElection1] INFO  server.RaftServerConfigKeys (ConfUtils.java:logGet(43)) - raft.server.watch.element-limit = 65536 (default)
2019-10-24 12:45:51,394 [06a8f420-c55d-4064-b0af-9862eabb487d@group-89CEB114AD42-LeaderElection2] INFO  server.RaftServerConfigKeys (ConfUtils.java:logGet(43)) - raft.server.watch.element-limit = 65536 (default)
2019-10-24 12:45:51,394 [a49289a7-2fc4-4008-a49b-27c2b6921fe9@group-1EC2079843F0-LeaderElection5] INFO  server.RaftServerConfigKeys (ConfUtils.java:logGet(43)) - raft.server.watch.element-limit = 65536 (default)
2019-10-24 12:45:51,404 [a49289a7-2fc4-4008-a49b-27c2b6921fe9@group-1EC2079843F0-LeaderElection5] INFO  impl.RoleInfo (RoleInfo.java:updateAndGet(143)) - a49289a7-2fc4-4008-a49b-27c2b6921fe9: start LeaderState
2019-10-24 12:45:51,404 [b629121d-9414-4e6f-a533-8e2a2621a008@group-E98E649A1FE4-LeaderElection1] INFO  impl.RoleInfo (RoleInfo.java:updateAndGet(143)) - b629121d-9414-4e6f-a533-8e2a2621a008: start LeaderState
2019-10-24 12:45:51,404 [06a8f420-c55d-4064-b0af-9862eabb487d@group-89CEB114AD42-LeaderElection2] INFO  impl.RoleInfo (RoleInfo.java:updateAndGet(143)) - 06a8f420-c55d-4064-b0af-9862eabb487d: start LeaderState
2019-10-24 12:45:51,421 [b629121d-9414-4e6f-a533-8e2a2621a008@group-E98E649A1FE4-LeaderElection1] INFO  segmented.SegmentedRaftLogWorker (SegmentedRaftLogWorker.java:startLogSegment(385)) - b629121d-9414-4e6f-a533-8e2a2621a008@group-E98E649A1FE4-SegmentedRaftLogWorker: Starting segment from index:0
2019-10-24 12:45:51,421 [06a8f420-c55d-4064-b0af-9862eabb487d@group-89CEB114AD42-LeaderElection2] INFO  segmented.SegmentedRaftLogWorker (SegmentedRaftLogWorker.java:startLogSegment(385)) - 06a8f420-c55d-4064-b0af-9862eabb487d@group-89CEB114AD42-SegmentedRaftLogWorker: Starting segment from index:0
2019-10-24 12:45:51,421 [a49289a7-2fc4-4008-a49b-27c2b6921fe9@group-1EC2079843F0-LeaderElection5] INFO  segmented.SegmentedRaftLogWorker (SegmentedRaftLogWorker.java:startLogSegment(385)) - a49289a7-2fc4-4008-a49b-27c2b6921fe9@group-1EC2079843F0-SegmentedRaftLogWorker: Starting segment from index:0
2019-10-24 12:45:51,433 [06a8f420-c55d-4064-b0af-9862eabb487d@group-89CEB114AD42-LeaderElection2] INFO  impl.RaftServerImpl (ServerState.java:setRaftConf(356)) - 06a8f420-c55d-4064-b0af-9862eabb487d@group-89CEB114AD42: set configuration 0: [06a8f420-c55d-4064-b0af-9862eabb487d:192.168.34.27:33047], old=null at 0
2019-10-24 12:45:51,433 [a49289a7-2fc4-4008-a49b-27c2b6921fe9@group-1EC2079843F0-LeaderElection5] INFO  impl.RaftServerImpl (ServerState.java:setRaftConf(356)) - a49289a7-2fc4-4008-a49b-27c2b6921fe9@group-1EC2079843F0: set configuration 0: [a49289a7-2fc4-4008-a49b-27c2b6921fe9:192.168.34.27:42145], old=null at 0
2019-10-24 12:45:51,433 [b629121d-9414-4e6f-a533-8e2a2621a008@group-E98E649A1FE4-LeaderElection1] INFO  impl.RaftServerImpl (ServerState.java:setRaftConf(356)) - b629121d-9414-4e6f-a533-8e2a2621a008@group-E98E649A1FE4: set configuration 0: [b629121d-9414-4e6f-a533-8e2a2621a008:192.168.34.27:33915], old=null at 0
2019-10-24 12:45:51,438 [Thread-206] INFO  impl.FollowerState (FollowerState.java:run(111)) - b629121d-9414-4e6f-a533-8e2a2621a008@group-113FF32A5128-FollowerState: change to CANDIDATE, lastRpcTime:5196ms, electionTimeout:5196ms
2019-10-24 12:45:51,439 [Thread-206] INFO  impl.RoleInfo (RoleInfo.java:shutdownFollowerState(121)) - b629121d-9414-4e6f-a533-8e2a2621a008: shutdown FollowerState
2019-10-24 12:45:51,439 [Thread-206] INFO  impl.RaftServerImpl (RaftServerImpl.java:setRole(173)) - b629121d-9414-4e6f-a533-8e2a2621a008@group-113FF32A5128: changes role from  FOLLOWER to CANDIDATE at term 0 for changeToCandidate
2019-10-24 12:45:51,439 [Thread-206] INFO  impl.RoleInfo (RoleInfo.java:updateAndGet(143)) - b629121d-9414-4e6f-a533-8e2a2621a008: start LeaderElection
2019-10-24 12:45:51,454 [b629121d-9414-4e6f-a533-8e2a2621a008@group-113FF32A5128-LeaderElection6] INFO  impl.LeaderElection (LeaderElection.java:askForVotes(178)) - b629121d-9414-4e6f-a533-8e2a2621a008@group-113FF32A5128-LeaderElection6: begin an election at term 1 for -1: [a49289a7-2fc4-4008-a49b-27c2b6921fe9:192.168.34.27:42145, 06a8f420-c55d-4064-b0af-9862eabb487d:192.168.34.27:33047, b629121d-9414-4e6f-a533-8e2a2621a008:192.168.34.27:33915], old=null
2019-10-24 12:45:51,645 [b629121d-9414-4e6f-a533-8e2a2621a008@group-E98E649A1FE4-SegmentedRaftLogWorker] INFO  segmented.SegmentedRaftLogWorker (SegmentedRaftLogWorker.java:execute(576)) - b629121d-9414-4e6f-a533-8e2a2621a008@group-E98E649A1FE4-SegmentedRaftLogWorker: created new log segment /workdir/hadoop-ozone/integration-test/target/test-dir/MiniOzoneClusterImpl-c63c45e9-3133-4fa9-98a3-2bd36eb99823/datanode-0/data/ratis/7d6934e9-b575-452f-bdb9-e98e649a1fe4/current/log_inprogress_0
2019-10-24 12:45:51,646 [06a8f420-c55d-4064-b0af-9862eabb487d@group-89CEB114AD42-SegmentedRaftLogWorker] INFO  segmented.SegmentedRaftLogWorker (SegmentedRaftLogWorker.java:execute(576)) - 06a8f420-c55d-4064-b0af-9862eabb487d@group-89CEB114AD42-SegmentedRaftLogWorker: created new log segment /workdir/hadoop-ozone/integration-test/target/test-dir/MiniOzoneClusterImpl-c63c45e9-3133-4fa9-98a3-2bd36eb99823/datanode-1/data/ratis/d97357a8-b651-44d1-986d-89ceb114ad42/current/log_inprogress_0
2019-10-24 12:45:51,646 [a49289a7-2fc4-4008-a49b-27c2b6921fe9@group-1EC2079843F0-SegmentedRaftLogWorker] INFO  segmented.SegmentedRaftLogWorker (SegmentedRaftLogWorker.java:execute(576)) - a49289a7-2fc4-4008-a49b-27c2b6921fe9@group-1EC2079843F0-SegmentedRaftLogWorker: created new log segment /workdir/hadoop-ozone/integration-test/target/test-dir/MiniOzoneClusterImpl-c63c45e9-3133-4fa9-98a3-2bd36eb99823/datanode-2/data/ratis/1861ed88-86cc-4290-b2a6-1ec2079843f0/current/log_inprogress_0
2019-10-24 12:45:51,690 [06a8f420-c55d-4064-b0af-9862eabb487d@group-113FF32A5128-LeaderElection4] INFO  impl.LeaderElection (LeaderElection.java:logAndReturn(56)) - 06a8f420-c55d-4064-b0af-9862eabb487d@group-113FF32A5128-LeaderElection4: Election REJECTED; received 2 response(s) [06a8f420-c55d-4064-b0af-9862eabb487d<-a49289a7-2fc4-4008-a49b-27c2b6921fe9#0:FAIL-t1, 06a8f420-c55d-4064-b0af-9862eabb487d<-b629121d-9414-4e6f-a533-8e2a2621a008#0:FAIL-t1] and 0 exception(s); 06a8f420-c55d-4064-b0af-9862eabb487d@group-113FF32A5128:t1, leader=null, voted=06a8f420-c55d-4064-b0af-9862eabb487d, raftlog=06a8f420-c55d-4064-b0af-9862eabb487d@group-113FF32A5128-SegmentedRaftLog:OPENED:c-1,f-1,i0, conf=-1: [a49289a7-2fc4-4008-a49b-27c2b6921fe9:192.168.34.27:42145, 06a8f420-c55d-4064-b0af-9862eabb487d:192.168.34.27:33047, b629121d-9414-4e6f-a533-8e2a2621a008:192.168.34.27:33915], old=null
2019-10-24 12:45:51,691 [a49289a7-2fc4-4008-a49b-27c2b6921fe9@group-113FF32A5128-LeaderElection3] INFO  impl.LeaderElection (LeaderElection.java:logAndReturn(56)) - a49289a7-2fc4-4008-a49b-27c2b6921fe9@group-113FF32A5128-LeaderElection3: Election REJECTED; received 2 response(s) [a49289a7-2fc4-4008-a49b-27c2b6921fe9<-06a8f420-c55d-4064-b0af-9862eabb487d#0:FAIL-t1, a49289a7-2fc4-4008-a49b-27c2b6921fe9<-b629121d-9414-4e6f-a533-8e2a2621a008#0:FAIL-t1] and 0 exception(s); a49289a7-2fc4-4008-a49b-27c2b6921fe9@group-113FF32A5128:t1, leader=null, voted=a49289a7-2fc4-4008-a49b-27c2b6921fe9, raftlog=a49289a7-2fc4-4008-a49b-27c2b6921fe9@group-113FF32A5128-SegmentedRaftLog:OPENED:c-1,f-1,i0, conf=-1: [a49289a7-2fc4-4008-a49b-27c2b6921fe9:192.168.34.27:42145, 06a8f420-c55d-4064-b0af-9862eabb487d:192.168.34.27:33047, b629121d-9414-4e6f-a533-8e2a2621a008:192.168.34.27:33915], old=null
2019-10-24 12:45:51,691 [b629121d-9414-4e6f-a533-8e2a2621a008@group-113FF32A5128-LeaderElection6] INFO  impl.LeaderElection (LeaderElection.java:logAndReturn(56)) - b629121d-9414-4e6f-a533-8e2a2621a008@group-113FF32A5128-LeaderElection6: Election REJECTED; received 2 response(s) [b629121d-9414-4e6f-a533-8e2a2621a008<-a49289a7-2fc4-4008-a49b-27c2b6921fe9#0:FAIL-t1, b629121d-9414-4e6f-a533-8e2a2621a008<-06a8f420-c55d-4064-b0af-9862eabb487d#0:FAIL-t1] and 0 exception(s); b629121d-9414-4e6f-a533-8e2a2621a008@group-113FF32A5128:t1, leader=null, voted=b629121d-9414-4e6f-a533-8e2a2621a008, raftlog=b629121d-9414-4e6f-a533-8e2a2621a008@group-113FF32A5128-SegmentedRaftLog:OPENED:c-1,f-1,i0, conf=-1: [a49289a7-2fc4-4008-a49b-27c2b6921fe9:192.168.34.27:42145, 06a8f420-c55d-4064-b0af-9862eabb487d:192.168.34.27:33047, b629121d-9414-4e6f-a533-8e2a2621a008:192.168.34.27:33915], old=null
2019-10-24 12:45:51,694 [06a8f420-c55d-4064-b0af-9862eabb487d@group-113FF32A5128-LeaderElection4] INFO  impl.RaftServerImpl (RaftServerImpl.java:setRole(173)) - 06a8f420-c55d-4064-b0af-9862eabb487d@group-113FF32A5128: changes role from CANDIDATE to FOLLOWER at term 1 for DISCOVERED_A_NEW_TERM
2019-10-24 12:45:51,695 [b629121d-9414-4e6f-a533-8e2a2621a008@group-113FF32A5128-LeaderElection6] INFO  impl.RaftServerImpl (RaftServerImpl.java:setRole(173)) - b629121d-9414-4e6f-a533-8e2a2621a008@group-113FF32A5128: changes role from CANDIDATE to FOLLOWER at term 1 for DISCOVERED_A_NEW_TERM
2019-10-24 12:45:51,695 [a49289a7-2fc4-4008-a49b-27c2b6921fe9@group-113FF32A5128-LeaderElection3] INFO  impl.RaftServerImpl (RaftServerImpl.java:setRole(173)) - a49289a7-2fc4-4008-a49b-27c2b6921fe9@group-113FF32A5128: changes role from CANDIDATE to FOLLOWER at term 1 for DISCOVERED_A_NEW_TERM
2019-10-24 12:45:51,697 [b629121d-9414-4e6f-a533-8e2a2621a008@group-113FF32A5128-LeaderElection6] INFO  impl.RoleInfo (RoleInfo.java:shutdownLeaderElection(134)) - b629121d-9414-4e6f-a533-8e2a2621a008: shutdown LeaderElection
2019-10-24 12:45:51,696 [06a8f420-c55d-4064-b0af-9862eabb487d@group-113FF32A5128-LeaderElection4] INFO  impl.RoleInfo (RoleInfo.java:shutdownLeaderElection(134)) - 06a8f420-c55d-4064-b0af-9862eabb487d: shutdown LeaderElection
2019-10-24 12:45:51,697 [a49289a7-2fc4-4008-a49b-27c2b6921fe9@group-113FF32A5128-LeaderElection3] INFO  impl.RoleInfo (RoleInfo.java:shutdownLeaderElection(134)) - a49289a7-2fc4-4008-a49b-27c2b6921fe9: shutdown LeaderElection
2019-10-24 12:45:51,697 [06a8f420-c55d-4064-b0af-9862eabb487d@group-113FF32A5128-LeaderElection4] INFO  impl.RoleInfo (RoleInfo.java:updateAndGet(143)) - 06a8f420-c55d-4064-b0af-9862eabb487d: start FollowerState
2019-10-24 12:45:51,697 [a49289a7-2fc4-4008-a49b-27c2b6921fe9@group-113FF32A5128-LeaderElection3] INFO  impl.RoleInfo (RoleInfo.java:updateAndGet(143)) - a49289a7-2fc4-4008-a49b-27c2b6921fe9: start FollowerState
2019-10-24 12:45:51,697 [b629121d-9414-4e6f-a533-8e2a2621a008@group-113FF32A5128-LeaderElection6] INFO  impl.RoleInfo (RoleInfo.java:updateAndGet(143)) - b629121d-9414-4e6f-a533-8e2a2621a008: start FollowerState
2019-10-24 12:45:56,865 [Thread-243] INFO  impl.FollowerState (FollowerState.java:run(111)) - a49289a7-2fc4-4008-a49b-27c2b6921fe9@group-113FF32A5128-FollowerState: change to CANDIDATE, lastRpcTime:5167ms, electionTimeout:5166ms
2019-10-24 12:45:56,865 [Thread-243] INFO  impl.RoleInfo (RoleInfo.java:shutdownFollowerState(121)) - a49289a7-2fc4-4008-a49b-27c2b6921fe9: shutdown FollowerState
2019-10-24 12:45:56,865 [Thread-243] INFO  impl.RaftServerImpl (RaftServerImpl.java:setRole(173)) - a49289a7-2fc4-4008-a49b-27c2b6921fe9@group-113FF32A5128: changes role from  FOLLOWER to CANDIDATE at term 1 for changeToCandidate
2019-10-24 12:45:56,865 [Thread-243] INFO  impl.RoleInfo (RoleInfo.java:updateAndGet(143)) - a49289a7-2fc4-4008-a49b-27c2b6921fe9: start LeaderElection
2019-10-24 12:45:56,881 [Thread-242] INFO  impl.FollowerState (FollowerState.java:run(111)) - 06a8f420-c55d-4064-b0af-9862eabb487d@group-113FF32A5128-FollowerState: change to CANDIDATE, lastRpcTime:5183ms, electionTimeout:5182ms
2019-10-24 12:45:56,881 [Thread-242] INFO  impl.RoleInfo (RoleInfo.java:shutdownFollowerState(121)) - 06a8f420-c55d-4064-b0af-9862eabb487d: shutdown FollowerState
2019-10-24 12:45:56,881 [Thread-242] INFO  impl.RaftServerImpl (RaftServerImpl.java:setRole(173)) - 06a8f420-c55d-4064-b0af-9862eabb487d@group-113FF32A5128: changes role from  FOLLOWER to CANDIDATE at term 1 for changeToCandidate
2019-10-24 12:45:56,881 [Thread-241] INFO  impl.FollowerState (FollowerState.java:run(111)) - b629121d-9414-4e6f-a533-8e2a2621a008@group-113FF32A5128-FollowerState: change to CANDIDATE, lastRpcTime:5183ms, electionTimeout:5182ms
2019-10-24 12:45:56,881 [Thread-242] INFO  impl.RoleInfo (RoleInfo.java:updateAndGet(143)) - 06a8f420-c55d-4064-b0af-9862eabb487d: start LeaderElection
2019-10-24 12:45:56,881 [Thread-241] INFO  impl.RoleInfo (RoleInfo.java:shutdownFollowerState(121)) - b629121d-9414-4e6f-a533-8e2a2621a008: shutdown FollowerState
2019-10-24 12:45:56,882 [Thread-241] INFO  impl.RaftServerImpl (RaftServerImpl.java:setRole(173)) - b629121d-9414-4e6f-a533-8e2a2621a008@group-113FF32A5128: changes role from  FOLLOWER to CANDIDATE at term 1 for changeToCandidate
2019-10-24 12:45:56,882 [Thread-241] INFO  impl.RoleInfo (RoleInfo.java:updateAndGet(143)) - b629121d-9414-4e6f-a533-8e2a2621a008: start LeaderElection
2019-10-24 12:45:56,890 [a49289a7-2fc4-4008-a49b-27c2b6921fe9@group-113FF32A5128-LeaderElection7] INFO  impl.LeaderElection (LeaderElection.java:askForVotes(178)) - a49289a7-2fc4-4008-a49b-27c2b6921fe9@group-113FF32A5128-LeaderElection7: begin an election at term 2 for -1: [a49289a7-2fc4-4008-a49b-27c2b6921fe9:192.168.34.27:42145, 06a8f420-c55d-4064-b0af-9862eabb487d:192.168.34.27:33047, b629121d-9414-4e6f-a533-8e2a2621a008:192.168.34.27:33915], old=null
2019-10-24 12:45:56,893 [b629121d-9414-4e6f-a533-8e2a2621a008@group-113FF32A5128-LeaderElection9] INFO  impl.LeaderElection (LeaderElection.java:askForVotes(178)) - b629121d-9414-4e6f-a533-8e2a2621a008@group-113FF32A5128-LeaderElection9: begin an election at term 2 for -1: [a49289a7-2fc4-4008-a49b-27c2b6921fe9:192.168.34.27:42145, 06a8f420-c55d-4064-b0af-9862eabb487d:192.168.34.27:33047, b629121d-9414-4e6f-a533-8e2a2621a008:192.168.34.27:33915], old=null
2019-10-24 12:45:56,893 [06a8f420-c55d-4064-b0af-9862eabb487d@group-113FF32A5128-LeaderElection8] INFO  impl.LeaderElection (LeaderElection.java:askForVotes(178)) - 06a8f420-c55d-4064-b0af-9862eabb487d@group-113FF32A5128-LeaderElection8: begin an election at term 2 for -1: [a49289a7-2fc4-4008-a49b-27c2b6921fe9:192.168.34.27:42145, 06a8f420-c55d-4064-b0af-9862eabb487d:192.168.34.27:33047, b629121d-9414-4e6f-a533-8e2a2621a008:192.168.34.27:33915], old=null
2019-10-24 12:45:56,913 [a49289a7-2fc4-4008-a49b-27c2b6921fe9@group-113FF32A5128-LeaderElection7] INFO  impl.LeaderElection (LeaderElection.java:logAndReturn(56)) - a49289a7-2fc4-4008-a49b-27c2b6921fe9@group-113FF32A5128-LeaderElection7: Election REJECTED; received 2 response(s) [a49289a7-2fc4-4008-a49b-27c2b6921fe9<-06a8f420-c55d-4064-b0af-9862eabb487d#0:FAIL-t2, a49289a7-2fc4-4008-a49b-27c2b6921fe9<-b629121d-9414-4e6f-a533-8e2a2621a008#0:FAIL-t2] and 0 exception(s); a49289a7-2fc4-4008-a49b-27c2b6921fe9@group-113FF32A5128:t2, leader=null, voted=a49289a7-2fc4-4008-a49b-27c2b6921fe9, raftlog=a49289a7-2fc4-4008-a49b-27c2b6921fe9@group-113FF32A5128-SegmentedRaftLog:OPENED:c-1,f-1,i0, conf=-1: [a49289a7-2fc4-4008-a49b-27c2b6921fe9:192.168.34.27:42145, 06a8f420-c55d-4064-b0af-9862eabb487d:192.168.34.27:33047, b629121d-9414-4e6f-a533-8e2a2621a008:192.168.34.27:33915], old=null
2019-10-24 12:45:56,914 [a49289a7-2fc4-4008-a49b-27c2b6921fe9@group-113FF32A5128-LeaderElection7] INFO  impl.RaftServerImpl (RaftServerImpl.java:setRole(173)) - a49289a7-2fc4-4008-a49b-27c2b6921fe9@group-113FF32A5128: changes role from CANDIDATE to FOLLOWER at term 2 for DISCOVERED_A_NEW_TERM
2019-10-24 12:45:56,914 [a49289a7-2fc4-4008-a49b-27c2b6921fe9@group-113FF32A5128-LeaderElection7] INFO  impl.RoleInfo (RoleInfo.java:shutdownLeaderElection(134)) - a49289a7-2fc4-4008-a49b-27c2b6921fe9: shutdown LeaderElection
2019-10-24 12:45:56,918 [a49289a7-2fc4-4008-a49b-27c2b6921fe9@group-113FF32A5128-LeaderElection7] INFO  impl.RoleInfo (RoleInfo.java:updateAndGet(143)) - a49289a7-2fc4-4008-a49b-27c2b6921fe9: start FollowerState
2019-10-24 12:45:56,918 [b629121d-9414-4e6f-a533-8e2a2621a008@group-113FF32A5128-LeaderElection9] INFO  impl.LeaderElection (LeaderElection.java:logAndReturn(56)) - b629121d-9414-4e6f-a533-8e2a2621a008@group-113FF32A5128-LeaderElection9: Election REJECTED; received 2 response(s) [b629121d-9414-4e6f-a533-8e2a2621a008<-a49289a7-2fc4-4008-a49b-27c2b6921fe9#0:FAIL-t2, b629121d-9414-4e6f-a533-8e2a2621a008<-06a8f420-c55d-4064-b0af-9862eabb487d#0:FAIL-t2] and 0 exception(s); b629121d-9414-4e6f-a533-8e2a2621a008@group-113FF32A5128:t2, leader=null, voted=b629121d-9414-4e6f-a533-8e2a2621a008, raftlog=b629121d-9414-4e6f-a533-8e2a2621a008@group-113FF32A5128-SegmentedRaftLog:OPENED:c-1,f-1,i0, conf=-1: [a49289a7-2fc4-4008-a49b-27c2b6921fe9:192.168.34.27:42145, 06a8f420-c55d-4064-b0af-9862eabb487d:192.168.34.27:33047, b629121d-9414-4e6f-a533-8e2a2621a008:192.168.34.27:33915], old=null
2019-10-24 12:45:56,919 [b629121d-9414-4e6f-a533-8e2a2621a008@group-113FF32A5128-LeaderElection9] INFO  impl.RaftServerImpl (RaftServerImpl.java:setRole(173)) - b629121d-9414-4e6f-a533-8e2a2621a008@group-113FF32A5128: changes role from CANDIDATE to FOLLOWER at term 2 for DISCOVERED_A_NEW_TERM
2019-10-24 12:45:56,922 [b629121d-9414-4e6f-a533-8e2a2621a008@group-113FF32A5128-LeaderElection9] INFO  impl.RoleInfo (RoleInfo.java:shutdownLeaderElection(134)) - b629121d-9414-4e6f-a533-8e2a2621a008: shutdown LeaderElection
2019-10-24 12:45:56,922 [b629121d-9414-4e6f-a533-8e2a2621a008@group-113FF32A5128-LeaderElection9] INFO  impl.RoleInfo (RoleInfo.java:updateAndGet(143)) - b629121d-9414-4e6f-a533-8e2a2621a008: start FollowerState
2019-10-24 12:45:56,924 [06a8f420-c55d-4064-b0af-9862eabb487d@group-113FF32A5128-LeaderElection8] INFO  impl.LeaderElection (LeaderElection.java:logAndReturn(56)) - 06a8f420-c55d-4064-b0af-9862eabb487d@group-113FF32A5128-LeaderElection8: Election REJECTED; received 2 response(s) [06a8f420-c55d-4064-b0af-9862eabb487d<-a49289a7-2fc4-4008-a49b-27c2b6921fe9#0:FAIL-t2, 06a8f420-c55d-4064-b0af-9862eabb487d<-b629121d-9414-4e6f-a533-8e2a2621a008#0:FAIL-t2] and 0 exception(s); 06a8f420-c55d-4064-b0af-9862eabb487d@group-113FF32A5128:t2, leader=null, voted=06a8f420-c55d-4064-b0af-9862eabb487d, raftlog=06a8f420-c55d-4064-b0af-9862eabb487d@group-113FF32A5128-SegmentedRaftLog:OPENED:c-1,f-1,i0, conf=-1: [a49289a7-2fc4-4008-a49b-27c2b6921fe9:192.168.34.27:42145, 06a8f420-c55d-4064-b0af-9862eabb487d:192.168.34.27:33047, b629121d-9414-4e6f-a533-8e2a2621a008:192.168.34.27:33915], old=null
2019-10-24 12:45:56,925 [06a8f420-c55d-4064-b0af-9862eabb487d@group-113FF32A5128-LeaderElection8] INFO  impl.RaftServerImpl (RaftServerImpl.java:setRole(173)) - 06a8f420-c55d-4064-b0af-9862eabb487d@group-113FF32A5128: changes role from CANDIDATE to FOLLOWER at term 2 for DISCOVERED_A_NEW_TERM
2019-10-24 12:45:56,925 [06a8f420-c55d-4064-b0af-9862eabb487d@group-113FF32A5128-LeaderElection8] INFO  impl.RoleInfo (RoleInfo.java:shutdownLeaderElection(134)) - 06a8f420-c55d-4064-b0af-9862eabb487d: shutdown LeaderElection
2019-10-24 12:45:56,925 [06a8f420-c55d-4064-b0af-9862eabb487d@group-113FF32A5128-LeaderElection8] INFO  impl.RoleInfo (RoleInfo.java:updateAndGet(143)) - 06a8f420-c55d-4064-b0af-9862eabb487d: start FollowerState
2019-10-24 12:46:01,988 [Thread-265] INFO  impl.FollowerState (FollowerState.java:run(111)) - b629121d-9414-4e6f-a533-8e2a2621a008@group-113FF32A5128-FollowerState: change to CANDIDATE, lastRpcTime:5065ms, electionTimeout:5065ms
2019-10-24 12:46:01,989 [Thread-265] INFO  impl.RoleInfo (RoleInfo.java:shutdownFollowerState(121)) - b629121d-9414-4e6f-a533-8e2a2621a008: shutdown FollowerState
2019-10-24 12:46:01,990 [Thread-265] INFO  impl.RaftServerImpl (RaftServerImpl.java:setRole(173)) - b629121d-9414-4e6f-a533-8e2a2621a008@group-113FF32A5128: changes role from  FOLLOWER to CANDIDATE at term 2 for changeToCandidate
2019-10-24 12:46:01,990 [Thread-265] INFO  impl.RoleInfo (RoleInfo.java:updateAndGet(143)) - b629121d-9414-4e6f-a533-8e2a2621a008: start LeaderElection
2019-10-24 12:46:02,004 [b629121d-9414-4e6f-a533-8e2a2621a008@group-113FF32A5128-LeaderElection10] INFO  impl.LeaderElection (LeaderElection.java:askForVotes(178)) - b629121d-9414-4e6f-a533-8e2a2621a008@group-113FF32A5128-LeaderElection10: begin an election at term 3 for -1: [a49289a7-2fc4-4008-a49b-27c2b6921fe9:192.168.34.27:42145, 06a8f420-c55d-4064-b0af-9862eabb487d:192.168.34.27:33047, b629121d-9414-4e6f-a533-8e2a2621a008:192.168.34.27:33915], old=null
2019-10-24 12:46:02,011 [grpc-default-executor-3] INFO  impl.RaftServerImpl (RaftServerImpl.java:setRole(173)) - 06a8f420-c55d-4064-b0af-9862eabb487d@group-113FF32A5128: changes role from  FOLLOWER to FOLLOWER at term 3 for recognizeCandidate:b629121d-9414-4e6f-a533-8e2a2621a008
2019-10-24 12:46:02,011 [grpc-default-executor-6] INFO  impl.RaftServerImpl (RaftServerImpl.java:setRole(173)) - a49289a7-2fc4-4008-a49b-27c2b6921fe9@group-113FF32A5128: changes role from  FOLLOWER to FOLLOWER at term 3 for recognizeCandidate:b629121d-9414-4e6f-a533-8e2a2621a008
2019-10-24 12:46:02,011 [grpc-default-executor-3] INFO  impl.RoleInfo (RoleInfo.java:shutdownFollowerState(121)) - 06a8f420-c55d-4064-b0af-9862eabb487d: shutdown FollowerState
2019-10-24 12:46:02,012 [grpc-default-executor-6] INFO  impl.RoleInfo (RoleInfo.java:shutdownFollowerState(121)) - a49289a7-2fc4-4008-a49b-27c2b6921fe9: shutdown FollowerState
2019-10-24 12:46:02,012 [Thread-266] INFO  impl.FollowerState (FollowerState.java:run(120)) - 06a8f420-c55d-4064-b0af-9862eabb487d@group-113FF32A5128-FollowerState was interrupted: java.lang.InterruptedException: sleep interrupted
2019-10-24 12:46:02,012 [grpc-default-executor-3] INFO  impl.RoleInfo (RoleInfo.java:updateAndGet(143)) - 06a8f420-c55d-4064-b0af-9862eabb487d: start FollowerState
2019-10-24 12:46:02,012 [grpc-default-executor-6] INFO  impl.RoleInfo (RoleInfo.java:updateAndGet(143)) - a49289a7-2fc4-4008-a49b-27c2b6921fe9: start FollowerState
2019-10-24 12:46:02,012 [Thread-264] INFO  impl.FollowerState (FollowerState.java:run(120)) - a49289a7-2fc4-4008-a49b-27c2b6921fe9@group-113FF32A5128-FollowerState was interrupted: java.lang.InterruptedException: sleep interrupted
2019-10-24 12:46:02,036 [b629121d-9414-4e6f-a533-8e2a2621a008@group-113FF32A5128-LeaderElection10] INFO  impl.LeaderElection (LeaderElection.java:logAndReturn(56)) - b629121d-9414-4e6f-a533-8e2a2621a008@group-113FF32A5128-LeaderElection10: Election PASSED; received 1 response(s) [b629121d-9414-4e6f-a533-8e2a2621a008<-a49289a7-2fc4-4008-a49b-27c2b6921fe9#0:OK-t3] and 0 exception(s); b629121d-9414-4e6f-a533-8e2a2621a008@group-113FF32A5128:t3, leader=null, voted=b629121d-9414-4e6f-a533-8e2a2621a008, raftlog=b629121d-9414-4e6f-a533-8e2a2621a008@group-113FF32A5128-SegmentedRaftLog:OPENED:c-1,f-1,i0, conf=-1: [a49289a7-2fc4-4008-a49b-27c2b6921fe9:192.168.34.27:42145, 06a8f420-c55d-4064-b0af-9862eabb487d:192.168.34.27:33047, b629121d-9414-4e6f-a533-8e2a2621a008:192.168.34.27:33915], old=null
2019-10-24 12:46:02,037 [b629121d-9414-4e6f-a533-8e2a2621a008@group-113FF32A5128-LeaderElection10] INFO  impl.RoleInfo (RoleInfo.java:shutdownLeaderElection(134)) - b629121d-9414-4e6f-a533-8e2a2621a008: shutdown LeaderElection
2019-10-24 12:46:02,037 [b629121d-9414-4e6f-a533-8e2a2621a008@group-113FF32A5128-LeaderElection10] INFO  impl.RaftServerImpl (RaftServerImpl.java:setRole(173)) - b629121d-9414-4e6f-a533-8e2a2621a008@group-113FF32A5128: changes role from CANDIDATE to LEADER at term 3 for changeToLeader
2019-10-24 12:46:02,038 [b629121d-9414-4e6f-a533-8e2a2621a008@group-113FF32A5128-LeaderElection10] INFO  impl.RaftServerImpl (ServerState.java:setLeader(255)) - b629121d-9414-4e6f-a533-8e2a2621a008@group-113FF32A5128: change Leader from null to b629121d-9414-4e6f-a533-8e2a2621a008 at term 3 for becomeLeader, leader elected after 15804ms
2019-10-24 12:46:02,039 [b629121d-9414-4e6f-a533-8e2a2621a008@group-113FF32A5128-LeaderElection10] INFO  server.RaftServerConfigKeys (ConfUtils.java:logGet(43)) - raft.server.staging.catchup.gap = 1000 (default)
2019-10-24 12:46:02,039 [b629121d-9414-4e6f-a533-8e2a2621a008@group-113FF32A5128-LeaderElection10] INFO  server.RaftServerConfigKeys (ConfUtils.java:logGet(43)) - raft.server.rpc.sleep.time = 25ms (default)
2019-10-24 12:46:02,039 [b629121d-9414-4e6f-a533-8e2a2621a008@group-113FF32A5128-LeaderElection10] INFO  server.RaftServerConfigKeys (ConfUtils.java:logGet(43)) - raft.server.write.element-limit = 4096 (default)
2019-10-24 12:46:02,039 [b629121d-9414-4e6f-a533-8e2a2621a008@group-113FF32A5128-LeaderElection10] INFO  server.RaftServerConfigKeys (ConfUtils.java:logGet(43)) - raft.server.watch.timeout = 10s (default)
2019-10-24 12:46:02,039 [b629121d-9414-4e6f-a533-8e2a2621a008@group-113FF32A5128-LeaderElection10] INFO  server.RaftServerConfigKeys (ConfUtils.java:logGet(43)) - raft.server.watch.timeout.denomination = 1s (default)
2019-10-24 12:46:02,039 [b629121d-9414-4e6f-a533-8e2a2621a008@group-113FF32A5128-LeaderElection10] INFO  server.RaftServerConfigKeys (ConfUtils.java:logGet(43)) - raft.server.watch.element-limit = 65536 (default)
2019-10-24 12:46:02,043 [b629121d-9414-4e6f-a533-8e2a2621a008@group-113FF32A5128-LeaderElection10] INFO  server.RaftServerConfigKeys (ConfUtils.java:logGet(43)) - raft.server.log.appender.snapshot.chunk.size.max = 16MB (=16777216) (default)
2019-10-24 12:46:02,043 [b629121d-9414-4e6f-a533-8e2a2621a008@group-113FF32A5128-LeaderElection10] INFO  server.RaftServerConfigKeys (ConfUtils.java:logGet(43)) - raft.server.log.appender.buffer.byte-limit = 33554432 (custom)
2019-10-24 12:46:02,044 [b629121d-9414-4e6f-a533-8e2a2621a008@group-113FF32A5128-LeaderElection10] INFO  server.RaftServerConfigKeys (ConfUtils.java:logGet(43)) - raft.server.log.appender.buffer.element-limit = 1 (custom)
2019-10-24 12:46:02,048 [b629121d-9414-4e6f-a533-8e2a2621a008@group-113FF32A5128-LeaderElection10] INFO  grpc.GrpcConfigKeys$Server (ConfUtils.java:logGet(43)) - raft.grpc.server.leader.outstanding.appends.max = 128 (default)
2019-10-24 12:46:02,048 [b629121d-9414-4e6f-a533-8e2a2621a008@group-113FF32A5128-LeaderElection10] INFO  server.RaftServerConfigKeys (ConfUtils.java:logGet(43)) - raft.server.rpc.request.timeout = 3000ms (default)
2019-10-24 12:46:02,048 [b629121d-9414-4e6f-a533-8e2a2621a008@group-113FF32A5128-LeaderElection10] INFO  server.RaftServerConfigKeys (ConfUtils.java:logGet(43)) - raft.server.log.appender.install.snapshot.enabled = false (custom)
2019-10-24 12:46:02,050 [b629121d-9414-4e6f-a533-8e2a2621a008@group-113FF32A5128-LeaderElection10] WARN  impl.MetricRegistriesImpl (MetricRegistriesImpl.java:lambda$create$1(61)) - First MetricRegistry has been created without registering reporters. You may need to call MetricRegistries.global().addReportRegistration(...) before.
2019-10-24 12:46:02,051 [b629121d-9414-4e6f-a533-8e2a2621a008@group-113FF32A5128-LeaderElection10] INFO  server.RaftServerConfigKeys (ConfUtils.java:logGet(43)) - raft.server.log.appender.snapshot.chunk.size.max = 16MB (=16777216) (default)
2019-10-24 12:46:02,051 [b629121d-9414-4e6f-a533-8e2a2621a008@group-113FF32A5128-LeaderElection10] INFO  server.RaftServerConfigKeys (ConfUtils.java:logGet(43)) - raft.server.log.appender.buffer.byte-limit = 33554432 (custom)
2019-10-24 12:46:02,051 [b629121d-9414-4e6f-a533-8e2a2621a008@group-113FF32A5128-LeaderElection10] INFO  server.RaftServerConfigKeys (ConfUtils.java:logGet(43)) - raft.server.log.appender.buffer.element-limit = 1 (custom)
2019-10-24 12:46:02,051 [b629121d-9414-4e6f-a533-8e2a2621a008@group-113FF32A5128-LeaderElection10] INFO  grpc.GrpcConfigKeys$Server (ConfUtils.java:logGet(43)) - raft.grpc.server.leader.outstanding.appends.max = 128 (default)
2019-10-24 12:46:02,051 [b629121d-9414-4e6f-a533-8e2a2621a008@group-113FF32A5128-LeaderElection10] INFO  server.RaftServerConfigKeys (ConfUtils.java:logGet(43)) - raft.server.rpc.request.timeout = 3000ms (default)
2019-10-24 12:46:02,051 [b629121d-9414-4e6f-a533-8e2a2621a008@group-113FF32A5128-LeaderElection10] INFO  server.RaftServerConfigKeys (ConfUtils.java:logGet(43)) - raft.server.log.appender.install.snapshot.enabled = false (custom)
2019-10-24 12:46:02,053 [b629121d-9414-4e6f-a533-8e2a2621a008@group-113FF32A5128-LeaderElection10] INFO  impl.RoleInfo (RoleInfo.java:updateAndGet(143)) - b629121d-9414-4e6f-a533-8e2a2621a008: start LeaderState
2019-10-24 12:46:02,053 [b629121d-9414-4e6f-a533-8e2a2621a008@group-113FF32A5128-LeaderElection10] INFO  segmented.SegmentedRaftLogWorker (SegmentedRaftLogWorker.java:startLogSegment(385)) - b629121d-9414-4e6f-a533-8e2a2621a008@group-113FF32A5128-SegmentedRaftLogWorker: Starting segment from index:0
2019-10-24 12:46:02,054 [b629121d-9414-4e6f-a533-8e2a2621a008@group-113FF32A5128-LeaderElection10] INFO  impl.RaftServerImpl (ServerState.java:setRaftConf(356)) - b629121d-9414-4e6f-a533-8e2a2621a008@group-113FF32A5128: set configuration 0: [a49289a7-2fc4-4008-a49b-27c2b6921fe9:192.168.34.27:42145, 06a8f420-c55d-4064-b0af-9862eabb487d:192.168.34.27:33047, b629121d-9414-4e6f-a533-8e2a2621a008:192.168.34.27:33915], old=null at 0
2019-10-24 12:46:02,097 [b629121d-9414-4e6f-a533-8e2a2621a008@group-113FF32A5128-SegmentedRaftLogWorker] INFO  segmented.SegmentedRaftLogWorker (SegmentedRaftLogWorker.java:execute(576)) - b629121d-9414-4e6f-a533-8e2a2621a008@group-113FF32A5128-SegmentedRaftLogWorker: created new log segment /workdir/hadoop-ozone/integration-test/target/test-dir/MiniOzoneClusterImpl-c63c45e9-3133-4fa9-98a3-2bd36eb99823/datanode-0/data/ratis/547b3abb-e21a-4b37-ae70-113ff32a5128/current/log_inprogress_0
2019-10-24 12:46:02,105 [grpc-default-executor-6] INFO  impl.RaftServerImpl (ServerState.java:setLeader(255)) - 06a8f420-c55d-4064-b0af-9862eabb487d@group-113FF32A5128: change Leader from null to b629121d-9414-4e6f-a533-8e2a2621a008 at term 3 for appendEntries, leader elected after 15871ms
2019-10-24 12:46:02,106 [grpc-default-executor-3] INFO  impl.RaftServerImpl (ServerState.java:setLeader(255)) - a49289a7-2fc4-4008-a49b-27c2b6921fe9@group-113FF32A5128: change Leader from null to b629121d-9414-4e6f-a533-8e2a2621a008 at term 3 for appendEntries, leader elected after 15871ms
2019-10-24 12:46:02,140 [grpc-default-executor-6] INFO  impl.RaftServerImpl (ServerState.java:setRaftConf(356)) - a49289a7-2fc4-4008-a49b-27c2b6921fe9@group-113FF32A5128: set configuration 0: [a49289a7-2fc4-4008-a49b-27c2b6921fe9:192.168.34.27:42145, 06a8f420-c55d-4064-b0af-9862eabb487d:192.168.34.27:33047, b629121d-9414-4e6f-a533-8e2a2621a008:192.168.34.27:33915], old=null at 0
2019-10-24 12:46:02,140 [grpc-default-executor-3] INFO  impl.RaftServerImpl (ServerState.java:setRaftConf(356)) - 06a8f420-c55d-4064-b0af-9862eabb487d@group-113FF32A5128: set configuration 0: [a49289a7-2fc4-4008-a49b-27c2b6921fe9:192.168.34.27:42145, 06a8f420-c55d-4064-b0af-9862eabb487d:192.168.34.27:33047, b629121d-9414-4e6f-a533-8e2a2621a008:192.168.34.27:33915], old=null at 0
2019-10-24 12:46:02,141 [grpc-default-executor-6] INFO  segmented.SegmentedRaftLogWorker (SegmentedRaftLogWorker.java:startLogSegment(385)) - a49289a7-2fc4-4008-a49b-27c2b6921fe9@group-113FF32A5128-SegmentedRaftLogWorker: Starting segment from index:0
2019-10-24 12:46:02,141 [grpc-default-executor-3] INFO  segmented.SegmentedRaftLogWorker (SegmentedRaftLogWorker.java:startLogSegment(385)) - 06a8f420-c55d-4064-b0af-9862eabb487d@group-113FF32A5128-SegmentedRaftLogWorker: Starting segment from index:0
2019-10-24 12:46:02,194 [a49289a7-2fc4-4008-a49b-27c2b6921fe9@group-113FF32A5128-SegmentedRaftLogWorker] INFO  segmented.SegmentedRaftLogWorker (SegmentedRaftLogWorker.java:execute(576)) - a49289a7-2fc4-4008-a49b-27c2b6921fe9@group-113FF32A5128-SegmentedRaftLogWorker: created new log segment /workdir/hadoop-ozone/integration-test/target/test-dir/MiniOzoneClusterImpl-c63c45e9-3133-4fa9-98a3-2bd36eb99823/datanode-2/data/ratis/547b3abb-e21a-4b37-ae70-113ff32a5128/current/log_inprogress_0
2019-10-24 12:46:02,194 [06a8f420-c55d-4064-b0af-9862eabb487d@group-113FF32A5128-SegmentedRaftLogWorker] INFO  segmented.SegmentedRaftLogWorker (SegmentedRaftLogWorker.java:execute(576)) - 06a8f420-c55d-4064-b0af-9862eabb487d@group-113FF32A5128-SegmentedRaftLogWorker: created new log segment /workdir/hadoop-ozone/integration-test/target/test-dir/MiniOzoneClusterImpl-c63c45e9-3133-4fa9-98a3-2bd36eb99823/datanode-1/data/ratis/547b3abb-e21a-4b37-ae70-113ff32a5128/current/log_inprogress_0
2019-10-24 12:46:03,395 [Datanode State Machine Thread - 0] INFO  statemachine.DatanodeStateMachine (DatanodeStateMachine.java:lambda$startDaemon$0(356)) - Ozone container server started.
2019-10-24 12:46:08,384 [main] INFO  ozoneimpl.OzoneContainer (OzoneContainer.java:stop(227)) - Attempting to stop container services.
2019-10-24 12:46:08,386 [main] INFO  impl.RaftServerProxy (RaftServerProxy.java:lambda$close$4(314)) - a49289a7-2fc4-4008-a49b-27c2b6921fe9: close
2019-10-24 12:46:08,388 [main] INFO  impl.RaftServerImpl (RaftServerImpl.java:lambda$shutdown$3(250)) - a49289a7-2fc4-4008-a49b-27c2b6921fe9@group-113FF32A5128: shutdown
2019-10-24 12:46:08,388 [ForkJoinPool.commonPool-worker-1] INFO  impl.RaftServerImpl (RaftServerImpl.java:lambda$shutdown$3(250)) - a49289a7-2fc4-4008-a49b-27c2b6921fe9@group-1EC2079843F0: shutdown
2019-10-24 12:46:08,389 [main] INFO  util.JmxRegister (JmxRegister.java:unregister(73)) - Successfully un-registered JMX Bean with object name Ratis:service=RaftServer,group=group-113FF32A5128,id=a49289a7-2fc4-4008-a49b-27c2b6921fe9
2019-10-24 12:46:08,389 [ForkJoinPool.commonPool-worker-1] INFO  util.JmxRegister (JmxRegister.java:unregister(73)) - Successfully un-registered JMX Bean with object name Ratis:service=RaftServer,group=group-1EC2079843F0,id=a49289a7-2fc4-4008-a49b-27c2b6921fe9
2019-10-24 12:46:08,389 [main] INFO  impl.RoleInfo (RoleInfo.java:shutdownFollowerState(121)) - a49289a7-2fc4-4008-a49b-27c2b6921fe9: shutdown FollowerState
2019-10-24 12:46:08,389 [ForkJoinPool.commonPool-worker-1] INFO  impl.RoleInfo (RoleInfo.java:shutdownLeaderState(104)) - a49289a7-2fc4-4008-a49b-27c2b6921fe9: shutdown LeaderState
2019-10-24 12:46:08,390 [main] INFO  impl.StateMachineUpdater (StateMachineUpdater.java:stopAndJoin(136)) - a49289a7-2fc4-4008-a49b-27c2b6921fe9@group-113FF32A5128-StateMachineUpdater: set stopIndex = 4
2019-10-24 12:46:08,390 [a49289a7-2fc4-4008-a49b-27c2b6921fe9@group-113FF32A5128-StateMachineUpdater] INFO  ratis.ContainerStateMachine (ContainerStateMachine.java:takeSnapshot(294)) - group-113FF32A5128: Taking a snapshot at:(t:3, i:3) file /workdir/hadoop-ozone/integration-test/target/test-dir/MiniOzoneClusterImpl-c63c45e9-3133-4fa9-98a3-2bd36eb99823/datanode-2/data/ratis/547b3abb-e21a-4b37-ae70-113ff32a5128/sm/snapshot.3_3
2019-10-24 12:46:08,390 [Thread-281] INFO  impl.FollowerState (FollowerState.java:run(120)) - a49289a7-2fc4-4008-a49b-27c2b6921fe9@group-113FF32A5128-FollowerState was interrupted: java.lang.InterruptedException: sleep interrupted
2019-10-24 12:46:08,390 [ForkJoinPool.commonPool-worker-1] INFO  impl.PendingRequests (PendingRequests.java:sendNotLeaderResponses(206)) - a49289a7-2fc4-4008-a49b-27c2b6921fe9@group-1EC2079843F0-PendingRequests: sendNotLeaderResponses
2019-10-24 12:46:08,394 [ForkJoinPool.commonPool-worker-1] INFO  impl.StateMachineUpdater (StateMachineUpdater.java:stopAndJoin(136)) - a49289a7-2fc4-4008-a49b-27c2b6921fe9@group-1EC2079843F0-StateMachineUpdater: set stopIndex = 0
2019-10-24 12:46:08,396 [ForkJoinPool.commonPool-worker-1] INFO  impl.RaftServerImpl (ServerState.java:close(387)) - a49289a7-2fc4-4008-a49b-27c2b6921fe9@group-1EC2079843F0: closes. applyIndex: 0
2019-10-24 12:46:08,398 [a49289a7-2fc4-4008-a49b-27c2b6921fe9@group-1EC2079843F0-SegmentedRaftLogWorker] INFO  segmented.SegmentedRaftLogWorker (SegmentedRaftLogWorker.java:run(316)) - a49289a7-2fc4-4008-a49b-27c2b6921fe9@group-1EC2079843F0-SegmentedRaftLogWorker was interrupted, exiting. There are 0 tasks remaining in the queue.
2019-10-24 12:46:08,401 [ForkJoinPool.commonPool-worker-1] INFO  segmented.SegmentedRaftLogWorker (SegmentedRaftLogWorker.java:close(224)) - a49289a7-2fc4-4008-a49b-27c2b6921fe9@group-1EC2079843F0-SegmentedRaftLogWorker close()
2019-10-24 12:46:08,498 [a49289a7-2fc4-4008-a49b-27c2b6921fe9@group-113FF32A5128-StateMachineUpdater] INFO  ratis.ContainerStateMachine (ContainerStateMachine.java:takeSnapshot(305)) - group-113FF32A5128: Finished taking a snapshot at:(t:3, i:3) file:/workdir/hadoop-ozone/integration-test/target/test-dir/MiniOzoneClusterImpl-c63c45e9-3133-4fa9-98a3-2bd36eb99823/datanode-2/data/ratis/547b3abb-e21a-4b37-ae70-113ff32a5128/sm/snapshot.3_3 time:108
2019-10-24 12:46:08,501 [a49289a7-2fc4-4008-a49b-27c2b6921fe9@group-113FF32A5128-StateMachineUpdater] INFO  impl.StateMachineUpdater (StateMachineUpdater.java:takeSnapshot(269)) - a49289a7-2fc4-4008-a49b-27c2b6921fe9@group-113FF32A5128-StateMachineUpdater: Took a snapshot at index 3
2019-10-24 12:46:08,501 [a49289a7-2fc4-4008-a49b-27c2b6921fe9@group-113FF32A5128-StateMachineUpdater] INFO  impl.StateMachineUpdater (StateMachineUpdater.java:lambda$new$0(84)) - a49289a7-2fc4-4008-a49b-27c2b6921fe9@group-113FF32A5128-StateMachineUpdater: snapshotIndex: updateIncreasingly -1 -> 3
2019-10-24 12:46:08,506 [a49289a7-2fc4-4008-a49b-27c2b6921fe9@group-113FF32A5128-StateMachineUpdater] INFO  ratis.ContainerStateMachine (ContainerStateMachine.java:takeSnapshot(294)) - group-113FF32A5128: Taking a snapshot at:(t:3, i:3) file /workdir/hadoop-ozone/integration-test/target/test-dir/MiniOzoneClusterImpl-c63c45e9-3133-4fa9-98a3-2bd36eb99823/datanode-2/data/ratis/547b3abb-e21a-4b37-ae70-113ff32a5128/sm/snapshot.3_3
2019-10-24 12:46:08,519 [a49289a7-2fc4-4008-a49b-27c2b6921fe9@group-113FF32A5128-StateMachineUpdater] INFO  ratis.ContainerStateMachine (ContainerStateMachine.java:takeSnapshot(305)) - group-113FF32A5128: Finished taking a snapshot at:(t:3, i:3) file:/workdir/hadoop-ozone/integration-test/target/test-dir/MiniOzoneClusterImpl-c63c45e9-3133-4fa9-98a3-2bd36eb99823/datanode-2/data/ratis/547b3abb-e21a-4b37-ae70-113ff32a5128/sm/snapshot.3_3 time:12
2019-10-24 12:46:08,520 [a49289a7-2fc4-4008-a49b-27c2b6921fe9@group-113FF32A5128-StateMachineUpdater] INFO  impl.StateMachineUpdater (StateMachineUpdater.java:takeSnapshot(269)) - a49289a7-2fc4-4008-a49b-27c2b6921fe9@group-113FF32A5128-StateMachineUpdater: Took a snapshot at index 3
2019-10-24 12:46:08,520 [a49289a7-2fc4-4008-a49b-27c2b6921fe9@group-113FF32A5128-StateMachineUpdater] INFO  impl.StateMachineUpdater (StateMachineUpdater.java:lambda$new$0(84)) - a49289a7-2fc4-4008-a49b-27c2b6921fe9@group-113FF32A5128-StateMachineUpdater: snapshotIndex: updateIncreasingly 3 -> 3
2019-10-24 12:46:08,520 [main] INFO  impl.RaftServerImpl (ServerState.java:close(387)) - a49289a7-2fc4-4008-a49b-27c2b6921fe9@group-113FF32A5128: closes. applyIndex: 4
2019-10-24 12:46:08,521 [a49289a7-2fc4-4008-a49b-27c2b6921fe9@group-113FF32A5128-SegmentedRaftLogWorker] INFO  segmented.SegmentedRaftLogWorker (SegmentedRaftLogWorker.java:run(316)) - a49289a7-2fc4-4008-a49b-27c2b6921fe9@group-113FF32A5128-SegmentedRaftLogWorker was interrupted, exiting. There are 0 tasks remaining in the queue.
2019-10-24 12:46:08,523 [main] INFO  segmented.SegmentedRaftLogWorker (SegmentedRaftLogWorker.java:close(224)) - a49289a7-2fc4-4008-a49b-27c2b6921fe9@group-113FF32A5128-SegmentedRaftLogWorker close()
2019-10-24 12:46:08,525 [main] INFO  server.GrpcService (GrpcService.java:closeImpl(164)) - a49289a7-2fc4-4008-a49b-27c2b6921fe9: shutdown server with port 42145 now
2019-10-24 12:46:08,537 [main] INFO  server.GrpcService (GrpcService.java:closeImpl(172)) - a49289a7-2fc4-4008-a49b-27c2b6921fe9: shutdown server with port 42145 successfully
2019-10-24 12:46:08,538 [grpc-default-executor-3] WARN  server.GrpcServerProtocolService (LogUtils.java:warn(134)) - a49289a7-2fc4-4008-a49b-27c2b6921fe9: installSnapshot onError, lastRequest: b629121d-9414-4e6f-a533-8e2a2621a008->a49289a7-2fc4-4008-a49b-27c2b6921fe9#7-t3, previous=(t:3, i:4), leaderCommit=4, initializing? false, entries: <empty>: org.apache.ratis.thirdparty.io.grpc.StatusRuntimeException: CANCELLED: cancelled before receiving half close
2019-10-24 12:46:08,539 [grpc-default-executor-4] WARN  server.GrpcLogAppender (LogUtils.java:warn(134)) - b629121d-9414-4e6f-a533-8e2a2621a008@group-113FF32A5128->a49289a7-2fc4-4008-a49b-27c2b6921fe9-AppendLogResponseHandler: Failed appendEntries: org.apache.ratis.thirdparty.io.grpc.StatusRuntimeException: CANCELLED: HTTP/2 error code: CANCEL
Received Rst Stream
2019-10-24 12:46:08,540 [refreshUsed-/workdir/hadoop-ozone/integration-test/target/test-dir/MiniOzoneClusterImpl-c63c45e9-3133-4fa9-98a3-2bd36eb99823/datanode-2/data/containers] WARN  fs.CachingGetSpaceUsed (CachingGetSpaceUsed.java:run(183)) - Thread Interrupted waiting to refresh disk information: sleep interrupted
2019-10-24 12:46:08,563 [main] INFO  utils.BackgroundService (BackgroundService.java:shutdown(151)) - Shutting down service BlockDeletingService
2019-10-24 12:46:08,567 [main] INFO  statemachine.DatanodeStateMachine (DatanodeStateMachine.java:stopDaemon(401)) - Ozone container server stopped.
2019-10-24 12:46:08,572 [main] INFO  handler.ContextHandler (ContextHandler.java:doStop(910)) - Stopped o.e.j.w.WebAppContext@60bbacfc{/,null,UNAVAILABLE}{/hddsDatanode}
2019-10-24 12:46:08,578 [main] INFO  server.AbstractConnector (AbstractConnector.java:doStop(318)) - Stopped ServerConnector@65b97f47{HTTP/1.1,[http/1.1]}{0.0.0.0:0}
2019-10-24 12:46:08,578 [main] INFO  handler.ContextHandler (ContextHandler.java:doStop(910)) - Stopped o.e.j.s.ServletContextHandler@1effd53c{/static,jar:file:/home/user/.m2/repository/org/apache/hadoop/hadoop-hdds-container-service/0.5.0-SNAPSHOT/hadoop-hdds-container-service-0.5.0-SNAPSHOT.jar!/webapps/static,UNAVAILABLE}
2019-10-24 12:46:08,579 [main] INFO  handler.ContextHandler (ContextHandler.java:doStop(910)) - Stopped o.e.j.s.ServletContextHandler@31ee2fdb{/logs,file:///workdir/hadoop-ozone/integration-test/target/log,UNAVAILABLE}
2019-10-24 12:46:11,587 [java.util.concurrent.ThreadPoolExecutor$Worker@626a3adc[State = -1, empty queue]] WARN  server.GrpcLogAppender (GrpcLogAppender.java:timeoutAppendRequest(209)) - b629121d-9414-4e6f-a533-8e2a2621a008@group-113FF32A5128->a49289a7-2fc4-4008-a49b-27c2b6921fe9-GrpcLogAppender: appendEntries Timeout, request=b629121d-9414-4e6f-a533-8e2a2621a008->a49289a7-2fc4-4008-a49b-27c2b6921fe9#8-t3, previous=(t:3, i:4), leaderCommit=4, initializing? false, entries: size=1, first=(t:3, i:5), STATEMACHINELOGENTRY, client-961AB5C49053, cid=2
2019-10-24 12:46:11,588 [java.util.concurrent.ThreadPoolExecutor$Worker@626a3adc[State = -1, empty queue]] WARN  server.GrpcLogAppender (GrpcLogAppender.java:timeoutAppendRequest(209)) - b629121d-9414-4e6f-a533-8e2a2621a008@group-113FF32A5128->a49289a7-2fc4-4008-a49b-27c2b6921fe9-GrpcLogAppender: appendEntries Timeout, request=b629121d-9414-4e6f-a533-8e2a2621a008->a49289a7-2fc4-4008-a49b-27c2b6921fe9#9-t3, previous=(t:3, i:5), leaderCommit=4, initializing? false, entries: size=1, first=(t:3, i:6), STATEMACHINELOGENTRY, client-961AB5C49053, cid=3
2019-10-24 12:46:11,601 [java.util.concurrent.ThreadPoolExecutor$Worker@626a3adc[State = -1, empty queue]] WARN  server.GrpcLogAppender (GrpcLogAppender.java:timeoutAppendRequest(209)) - b629121d-9414-4e6f-a533-8e2a2621a008@group-113FF32A5128->a49289a7-2fc4-4008-a49b-27c2b6921fe9-GrpcLogAppender: appendEntries Timeout, request=b629121d-9414-4e6f-a533-8e2a2621a008->a49289a7-2fc4-4008-a49b-27c2b6921fe9#10-t3, previous=(t:3, i:6), leaderCommit=6, initializing? false, entries: size=1, first=(t:3, i:7), METADATAENTRY(c5)
2019-10-24 12:46:11,603 [java.util.concurrent.ThreadPoolExecutor$Worker@626a3adc[State = -1, empty queue]] WARN  server.GrpcLogAppender (GrpcLogAppender.java:timeoutAppendRequest(209)) - b629121d-9414-4e6f-a533-8e2a2621a008@group-113FF32A5128->a49289a7-2fc4-4008-a49b-27c2b6921fe9-GrpcLogAppender: appendEntries Timeout, request=b629121d-9414-4e6f-a533-8e2a2621a008->a49289a7-2fc4-4008-a49b-27c2b6921fe9#11-t3, previous=(t:3, i:7), leaderCommit=6, initializing? false, entries: size=1, first=(t:3, i:8), METADATAENTRY(c6)
2019-10-24 12:46:14,105 [java.util.concurrent.ThreadPoolExecutor$Worker@626a3adc[State = -1, empty queue]] WARN  server.GrpcLogAppender (GrpcLogAppender.java:timeoutAppendRequest(209)) - b629121d-9414-4e6f-a533-8e2a2621a008@group-113FF32A5128->a49289a7-2fc4-4008-a49b-27c2b6921fe9-GrpcLogAppender: appendEntries Timeout, request=b629121d-9414-4e6f-a533-8e2a2621a008->a49289a7-2fc4-4008-a49b-27c2b6921fe9#12-t3, previous=(t:3, i:8), leaderCommit=8, initializing? false, entries: <empty>
2019-10-24 12:46:16,607 [java.util.concurrent.ThreadPoolExecutor$Worker@626a3adc[State = -1, empty queue]] WARN  server.GrpcLogAppender (GrpcLogAppender.java:timeoutAppendRequest(209)) - b629121d-9414-4e6f-a533-8e2a2621a008@group-113FF32A5128->a49289a7-2fc4-4008-a49b-27c2b6921fe9-GrpcLogAppender: appendEntries Timeout, request=b629121d-9414-4e6f-a533-8e2a2621a008->a49289a7-2fc4-4008-a49b-27c2b6921fe9#13-t3, previous=(t:3, i:8), leaderCommit=8, initializing? false, entries: <empty>
2019-10-24 12:46:18,761 [Thread-325] INFO  client.GrpcClientProtocolService (GrpcClientProtocolService.java:lambda$processClientRequest$0(279)) - Failed RaftClientRequest:client-961AB5C49053->b629121d-9414-4e6f-a533-8e2a2621a008@group-113FF32A5128, cid=4, seq=0, Watch-ALL_COMMITTED(6), Message:<EMPTY>, reply=RaftClientReply:client-961AB5C49053->b629121d-9414-4e6f-a533-8e2a2621a008@group-113FF32A5128, cid=4, FAILED org.apache.ratis.protocol.NotReplicatedException: Request with call Id 4 and log index 6 is not yet replicated to ALL_COMMITTED, logIndex=6, commits[b629121d-9414-4e6f-a533-8e2a2621a008:c8, a49289a7-2fc4-4008-a49b-27c2b6921fe9:c4, 06a8f420-c55d-4064-b0af-9862eabb487d:c8]
2019-10-24 12:46:19,111 [java.util.concurrent.ThreadPoolExecutor$Worker@626a3adc[State = -1, empty queue]] WARN  server.GrpcLogAppender (GrpcLogAppender.java:timeoutAppendRequest(209)) - b629121d-9414-4e6f-a533-8e2a2621a008@group-113FF32A5128->a49289a7-2fc4-4008-a49b-27c2b6921fe9-GrpcLogAppender: appendEntries Timeout, request=b629121d-9414-4e6f-a533-8e2a2621a008->a49289a7-2fc4-4008-a49b-27c2b6921fe9#14-t3, previous=(t:3, i:8), leaderCommit=8, initializing? false, entries: <empty>
2019-10-24 12:46:21,613 [java.util.concurrent.ThreadPoolExecutor$Worker@626a3adc[State = -1, empty queue]] WARN  server.GrpcLogAppender (GrpcLogAppender.java:timeoutAppendRequest(209)) - b629121d-9414-4e6f-a533-8e2a2621a008@group-113FF32A5128->a49289a7-2fc4-4008-a49b-27c2b6921fe9-GrpcLogAppender: appendEntries Timeout, request=b629121d-9414-4e6f-a533-8e2a2621a008->a49289a7-2fc4-4008-a49b-27c2b6921fe9#15-t3, previous=(t:3, i:8), leaderCommit=8, initializing? false, entries: <empty>
2019-10-24 12:46:24,116 [java.util.concurrent.ThreadPoolExecutor$Worker@626a3adc[State = -1, empty queue]] WARN  server.GrpcLogAppender (GrpcLogAppender.java:timeoutAppendRequest(209)) - b629121d-9414-4e6f-a533-8e2a2621a008@group-113FF32A5128->a49289a7-2fc4-4008-a49b-27c2b6921fe9-GrpcLogAppender: appendEntries Timeout, request=b629121d-9414-4e6f-a533-8e2a2621a008->a49289a7-2fc4-4008-a49b-27c2b6921fe9#16-t3, previous=(t:3, i:8), leaderCommit=8, initializing? false, entries: <empty>
2019-10-24 12:46:26,623 [java.util.concurrent.ThreadPoolExecutor$Worker@626a3adc[State = -1, empty queue]] WARN  server.GrpcLogAppender (GrpcLogAppender.java:timeoutAppendRequest(209)) - b629121d-9414-4e6f-a533-8e2a2621a008@group-113FF32A5128->a49289a7-2fc4-4008-a49b-27c2b6921fe9-GrpcLogAppender: appendEntries Timeout, request=b629121d-9414-4e6f-a533-8e2a2621a008->a49289a7-2fc4-4008-a49b-27c2b6921fe9#17-t3, previous=(t:3, i:8), leaderCommit=8, initializing? false, entries: <empty>
2019-10-24 12:46:27,676 [Thread-331] INFO  client.GrpcClientProtocolService (GrpcClientProtocolService.java:lambda$processClientRequest$0(279)) - Failed RaftClientRequest:client-961AB5C49053->06a8f420-c55d-4064-b0af-9862eabb487d@group-113FF32A5128, cid=4, seq=0, Watch-ALL_COMMITTED(6), Message:<EMPTY>, reply=RaftClientReply:client-961AB5C49053->06a8f420-c55d-4064-b0af-9862eabb487d@group-113FF32A5128, cid=4, FAILED org.apache.ratis.protocol.NotLeaderException: Server 06a8f420-c55d-4064-b0af-9862eabb487d@group-113FF32A5128 is not the leader b629121d-9414-4e6f-a533-8e2a2621a008:192.168.34.27:33915, logIndex=0, commits[06a8f420-c55d-4064-b0af-9862eabb487d:c8, a49289a7-2fc4-4008-a49b-27c2b6921fe9:c4, b629121d-9414-4e6f-a533-8e2a2621a008:c8]
2019-10-24 12:46:28,756 [Thread-335] INFO  client.GrpcClientProtocolService (GrpcClientProtocolService.java:lambda$processClientRequest$0(279)) - Failed RaftClientRequest:client-961AB5C49053->b629121d-9414-4e6f-a533-8e2a2621a008@group-113FF32A5128, cid=4, seq=0, Watch-ALL_COMMITTED(6), Message:<EMPTY>, reply=RaftClientReply:client-961AB5C49053->b629121d-9414-4e6f-a533-8e2a2621a008@group-113FF32A5128, cid=4, FAILED org.apache.ratis.protocol.NotReplicatedException: Request with call Id 4 and log index 6 is not yet replicated to ALL_COMMITTED, logIndex=6, commits[b629121d-9414-4e6f-a533-8e2a2621a008:c8, a49289a7-2fc4-4008-a49b-27c2b6921fe9:c4, 06a8f420-c55d-4064-b0af-9862eabb487d:c8]
2019-10-24 12:46:29,126 [java.util.concurrent.ThreadPoolExecutor$Worker@626a3adc[State = -1, empty queue]] WARN  server.GrpcLogAppender (GrpcLogAppender.java:timeoutAppendRequest(209)) - b629121d-9414-4e6f-a533-8e2a2621a008@group-113FF32A5128->a49289a7-2fc4-4008-a49b-27c2b6921fe9-GrpcLogAppender: appendEntries Timeout, request=b629121d-9414-4e6f-a533-8e2a2621a008->a49289a7-2fc4-4008-a49b-27c2b6921fe9#18-t3, previous=(t:3, i:8), leaderCommit=8, initializing? false, entries: <empty>
2019-10-24 12:46:31,628 [java.util.concurrent.ThreadPoolExecutor$Worker@626a3adc[State = -1, empty queue]] WARN  server.GrpcLogAppender (GrpcLogAppender.java:timeoutAppendRequest(209)) - b629121d-9414-4e6f-a533-8e2a2621a008@group-113FF32A5128->a49289a7-2fc4-4008-a49b-27c2b6921fe9-GrpcLogAppender: appendEntries Timeout, request=b629121d-9414-4e6f-a533-8e2a2621a008->a49289a7-2fc4-4008-a49b-27c2b6921fe9#19-t3, previous=(t:3, i:8), leaderCommit=8, initializing? false, entries: <empty>
2019-10-24 12:46:34,130 [java.util.concurrent.ThreadPoolExecutor$Worker@626a3adc[State = -1, empty queue]] WARN  server.GrpcLogAppender (GrpcLogAppender.java:timeoutAppendRequest(209)) - b629121d-9414-4e6f-a533-8e2a2621a008@group-113FF32A5128->a49289a7-2fc4-4008-a49b-27c2b6921fe9-GrpcLogAppender: appendEntries Timeout, request=b629121d-9414-4e6f-a533-8e2a2621a008->a49289a7-2fc4-4008-a49b-27c2b6921fe9#20-t3, previous=(t:3, i:8), leaderCommit=8, initializing? false, entries: <empty>
2019-10-24 12:46:36,633 [java.util.concurrent.ThreadPoolExecutor$Worker@626a3adc[State = -1, empty queue]] WARN  server.GrpcLogAppender (GrpcLogAppender.java:timeoutAppendRequest(209)) - b629121d-9414-4e6f-a533-8e2a2621a008@group-113FF32A5128->a49289a7-2fc4-4008-a49b-27c2b6921fe9-GrpcLogAppender: appendEntries Timeout, request=b629121d-9414-4e6f-a533-8e2a2621a008->a49289a7-2fc4-4008-a49b-27c2b6921fe9#21-t3, previous=(t:3, i:8), leaderCommit=8, initializing? false, entries: <empty>
2019-10-24 12:46:36,723 [Thread-341] INFO  client.GrpcClientProtocolService (GrpcClientProtocolService.java:lambda$processClientRequest$0(279)) - Failed RaftClientRequest:client-961AB5C49053->06a8f420-c55d-4064-b0af-9862eabb487d@group-113FF32A5128, cid=4, seq=0, Watch-ALL_COMMITTED(6), Message:<EMPTY>, reply=RaftClientReply:client-961AB5C49053->06a8f420-c55d-4064-b0af-9862eabb487d@group-113FF32A5128, cid=4, FAILED org.apache.ratis.protocol.NotLeaderException: Server 06a8f420-c55d-4064-b0af-9862eabb487d@group-113FF32A5128 is not the leader b629121d-9414-4e6f-a533-8e2a2621a008:192.168.34.27:33915, logIndex=0, commits[06a8f420-c55d-4064-b0af-9862eabb487d:c8, a49289a7-2fc4-4008-a49b-27c2b6921fe9:c4, b629121d-9414-4e6f-a533-8e2a2621a008:c8]
2019-10-24 12:46:37,756 [Thread-344] INFO  client.GrpcClientProtocolService (GrpcClientProtocolService.java:lambda$processClientRequest$0(279)) - Failed RaftClientRequest:client-961AB5C49053->b629121d-9414-4e6f-a533-8e2a2621a008@group-113FF32A5128, cid=4, seq=0, Watch-ALL_COMMITTED(6), Message:<EMPTY>, reply=RaftClientReply:client-961AB5C49053->b629121d-9414-4e6f-a533-8e2a2621a008@group-113FF32A5128, cid=4, FAILED org.apache.ratis.protocol.NotReplicatedException: Request with call Id 4 and log index 6 is not yet replicated to ALL_COMMITTED, logIndex=6, commits[b629121d-9414-4e6f-a533-8e2a2621a008:c8, a49289a7-2fc4-4008-a49b-27c2b6921fe9:c4, 06a8f420-c55d-4064-b0af-9862eabb487d:c8]
2019-10-24 12:46:38,619 [main] WARN  scm.XceiverClientRatis (XceiverClientRatis.java:watchForCommit(277)) - 3 way commit failed on pipeline Pipeline[ Id: 547b3abb-e21a-4b37-ae70-113ff32a5128, Nodes: 06a8f420-c55d-4064-b0af-9862eabb487d{ip: 192.168.34.27, host: pr-hdds-2034-s5hcl-2472234065, networkLocation: /default-rack, certSerialId: null}a49289a7-2fc4-4008-a49b-27c2b6921fe9{ip: 192.168.34.27, host: pr-hdds-2034-s5hcl-2472234065, networkLocation: /default-rack, certSerialId: null}b629121d-9414-4e6f-a533-8e2a2621a008{ip: 192.168.34.27, host: pr-hdds-2034-s5hcl-2472234065, networkLocation: /default-rack, certSerialId: null}, Type:RATIS, Factor:THREE, State:OPEN]
java.util.concurrent.TimeoutException
	at java.util.concurrent.CompletableFuture.timedGet(CompletableFuture.java:1771)
	at java.util.concurrent.CompletableFuture.get(CompletableFuture.java:1915)
	at org.apache.hadoop.hdds.scm.XceiverClientRatis.watchForCommit(XceiverClientRatis.java:274)
	at org.apache.hadoop.hdds.scm.storage.CommitWatcher.watchForCommit(CommitWatcher.java:198)
	at org.apache.hadoop.hdds.scm.storage.CommitWatcher.watchOnLastIndex(CommitWatcher.java:161)
	at org.apache.hadoop.hdds.scm.storage.BlockOutputStream.watchForCommit(BlockOutputStream.java:346)
	at org.apache.hadoop.hdds.scm.storage.BlockOutputStream.handleFlush(BlockOutputStream.java:482)
	at org.apache.hadoop.hdds.scm.storage.BlockOutputStream.close(BlockOutputStream.java:496)
	at org.apache.hadoop.ozone.client.io.BlockOutputStreamEntry.close(BlockOutputStreamEntry.java:143)
	at org.apache.hadoop.ozone.client.io.KeyOutputStream.handleFlushOrClose(KeyOutputStream.java:435)
	at org.apache.hadoop.ozone.client.io.KeyOutputStream.close(KeyOutputStream.java:473)
	at org.apache.hadoop.ozone.client.io.OzoneOutputStream.close(OzoneOutputStream.java:60)
	at org.apache.hadoop.ozone.client.rpc.TestDeleteWithSlowFollower.testDeleteKeyWithSlowFollower(TestDeleteWithSlowFollower.java:193)
	at sun.reflect.NativeMethodAccessorImpl.invoke0(Native Method)
	at sun.reflect.NativeMethodAccessorImpl.invoke(NativeMethodAccessorImpl.java:62)
	at sun.reflect.DelegatingMethodAccessorImpl.invoke(DelegatingMethodAccessorImpl.java:43)
	at java.lang.reflect.Method.invoke(Method.java:498)
	at org.junit.runners.model.FrameworkMethod$1.runReflectiveCall(FrameworkMethod.java:47)
	at org.junit.internal.runners.model.ReflectiveCallable.run(ReflectiveCallable.java:12)
	at org.junit.runners.model.FrameworkMethod.invokeExplosively(FrameworkMethod.java:44)
	at org.junit.internal.runners.statements.InvokeMethod.evaluate(InvokeMethod.java:17)
	at org.junit.runners.ParentRunner.runLeaf(ParentRunner.java:271)
	at org.junit.runners.BlockJUnit4ClassRunner.runChild(BlockJUnit4ClassRunner.java:70)
	at org.junit.runners.BlockJUnit4ClassRunner.runChild(BlockJUnit4ClassRunner.java:50)
	at org.junit.runners.ParentRunner$3.run(ParentRunner.java:238)
	at org.junit.runners.ParentRunner$1.schedule(ParentRunner.java:63)
	at org.junit.runners.ParentRunner.runChildren(ParentRunner.java:236)
	at org.junit.runners.ParentRunner.access$000(ParentRunner.java:53)
	at org.junit.runners.ParentRunner$2.evaluate(ParentRunner.java:229)
	at org.junit.internal.runners.statements.RunBefores.evaluate(RunBefores.java:26)
	at org.junit.internal.runners.statements.RunAfters.evaluate(RunAfters.java:27)
	at org.junit.runners.ParentRunner.run(ParentRunner.java:309)
	at org.apache.maven.surefire.junit4.JUnit4Provider.execute(JUnit4Provider.java:365)
	at org.apache.maven.surefire.junit4.JUnit4Provider.executeWithRerun(JUnit4Provider.java:273)
	at org.apache.maven.surefire.junit4.JUnit4Provider.executeTestSet(JUnit4Provider.java:238)
	at org.apache.maven.surefire.junit4.JUnit4Provider.invoke(JUnit4Provider.java:159)
	at org.apache.maven.surefire.booter.ForkedBooter.invokeProviderInSameClassLoader(ForkedBooter.java:384)
	at org.apache.maven.surefire.booter.ForkedBooter.runSuitesInProcess(ForkedBooter.java:345)
	at org.apache.maven.surefire.booter.ForkedBooter.execute(ForkedBooter.java:126)
	at org.apache.maven.surefire.booter.ForkedBooter.main(ForkedBooter.java:418)
2019-10-24 12:46:38,636 [main] INFO  scm.XceiverClientRatis (XceiverClientRatis.java:lambda$watchForCommit$5(295)) - Could not commit index 6 on pipeline Pipeline[ Id: 547b3abb-e21a-4b37-ae70-113ff32a5128, Nodes: 06a8f420-c55d-4064-b0af-9862eabb487d{ip: 192.168.34.27, host: pr-hdds-2034-s5hcl-2472234065, networkLocation: /default-rack, certSerialId: null}a49289a7-2fc4-4008-a49b-27c2b6921fe9{ip: 192.168.34.27, host: pr-hdds-2034-s5hcl-2472234065, networkLocation: /default-rack, certSerialId: null}b629121d-9414-4e6f-a533-8e2a2621a008{ip: 192.168.34.27, host: pr-hdds-2034-s5hcl-2472234065, networkLocation: /default-rack, certSerialId: null}, Type:RATIS, Factor:THREE, State:OPEN] to all the nodes. Server a49289a7-2fc4-4008-a49b-27c2b6921fe9 has failed. Committed by majority.
2019-10-24 12:46:38,637 [main] WARN  storage.BlockOutputStream (BlockOutputStream.java:watchForCommit(352)) - Failed to commit BlockId conID: 1 locID: 103017424536535040 bcsId: 6 on Pipeline[ Id: 547b3abb-e21a-4b37-ae70-113ff32a5128, Nodes: 06a8f420-c55d-4064-b0af-9862eabb487d{ip: 192.168.34.27, host: pr-hdds-2034-s5hcl-2472234065, networkLocation: /default-rack, certSerialId: null}a49289a7-2fc4-4008-a49b-27c2b6921fe9{ip: 192.168.34.27, host: pr-hdds-2034-s5hcl-2472234065, networkLocation: /default-rack, certSerialId: null}b629121d-9414-4e6f-a533-8e2a2621a008{ip: 192.168.34.27, host: pr-hdds-2034-s5hcl-2472234065, networkLocation: /default-rack, certSerialId: null}, Type:RATIS, Factor:THREE, State:OPEN]. Failed nodes: [a49289a7-2fc4-4008-a49b-27c2b6921fe9{ip: null, host: null, networkLocation: /default-rack, certSerialId: null}]
2019-10-24 12:46:38,764 [EventQueue-IncrementalContainerReportForIncrementalContainerReportHandler] WARN  container.IncrementalContainerReportHandler (AbstractContainerReportHandler.java:updateContainerState(145)) - Container #1 is in OPEN state, but the datanode b629121d-9414-4e6f-a533-8e2a2621a008{ip: 192.168.34.27, host: pr-hdds-2034-s5hcl-2472234065, networkLocation: /default-rack, certSerialId: null} reports an CLOSING replica.
2019-10-24 12:46:38,775 [RatisApplyTransactionExecutor 1] INFO  interfaces.Container (KeyValueContainer.java:flushAndSyncDB(386)) - Container 1 is synced with bcsId 6.
2019-10-24 12:46:38,777 [RatisApplyTransactionExecutor 1] INFO  interfaces.Container (KeyValueContainer.java:flushAndSyncDB(386)) - Container 1 is synced with bcsId 6.
2019-10-24 12:46:38,802 [RatisApplyTransactionExecutor 1] INFO  interfaces.Container (KeyValueContainer.java:close(335)) - Container 1 is closed with bcsId 6.
2019-10-24 12:46:38,803 [EventQueue-IncrementalContainerReportForIncrementalContainerReportHandler] WARN  container.IncrementalContainerReportHandler (AbstractContainerReportHandler.java:updateContainerState(145)) - Container #1 is in OPEN state, but the datanode b629121d-9414-4e6f-a533-8e2a2621a008{ip: 192.168.34.27, host: pr-hdds-2034-s5hcl-2472234065, networkLocation: /default-rack, certSerialId: null} reports an CLOSED replica.
2019-10-24 12:46:38,805 [EventQueue-IncrementalContainerReportForIncrementalContainerReportHandler] WARN  container.IncrementalContainerReportHandler (AbstractContainerReportHandler.java:updateContainerState(145)) - Container #1 is in OPEN state, but the datanode 06a8f420-c55d-4064-b0af-9862eabb487d{ip: 192.168.34.27, host: pr-hdds-2034-s5hcl-2472234065, networkLocation: /default-rack, certSerialId: null} reports an CLOSING replica.
2019-10-24 12:46:38,815 [RatisApplyTransactionExecutor 1] INFO  interfaces.Container (KeyValueContainer.java:flushAndSyncDB(386)) - Container 1 is synced with bcsId 6.
2019-10-24 12:46:38,816 [RatisApplyTransactionExecutor 1] INFO  interfaces.Container (KeyValueContainer.java:flushAndSyncDB(386)) - Container 1 is synced with bcsId 6.
2019-10-24 12:46:38,828 [RatisApplyTransactionExecutor 1] INFO  interfaces.Container (KeyValueContainer.java:close(335)) - Container 1 is closed with bcsId 6.
2019-10-24 12:46:38,829 [EventQueue-IncrementalContainerReportForIncrementalContainerReportHandler] WARN  container.IncrementalContainerReportHandler (AbstractContainerReportHandler.java:updateContainerState(145)) - Container #1 is in OPEN state, but the datanode 06a8f420-c55d-4064-b0af-9862eabb487d{ip: 192.168.34.27, host: pr-hdds-2034-s5hcl-2472234065, networkLocation: /default-rack, certSerialId: null} reports an CLOSED replica.
2019-10-24 12:46:38,929 [EventQueue-ContainerReportForContainerReportHandler] WARN  container.ContainerReportHandler (AbstractContainerReportHandler.java:updateContainerState(145)) - Container #1 is in OPEN state, but the datanode 06a8f420-c55d-4064-b0af-9862eabb487d{ip: 192.168.34.27, host: pr-hdds-2034-s5hcl-2472234065, networkLocation: /default-rack, certSerialId: null} reports an CLOSED replica.
2019-10-24 12:46:39,105 [EventQueue-ContainerReportForContainerReportHandler] WARN  container.ContainerReportHandler (AbstractContainerReportHandler.java:updateContainerState(145)) - Container #1 is in OPEN state, but the datanode b629121d-9414-4e6f-a533-8e2a2621a008{ip: 192.168.34.27, host: pr-hdds-2034-s5hcl-2472234065, networkLocation: /default-rack, certSerialId: null} reports an CLOSED replica.
2019-10-24 12:46:39,118 [IPC Server handler 3 on 45373] INFO  server.SCMBlockProtocolServer (SCMBlockProtocolServer.java:deleteKeyBlocks(214)) - SCM is informed by OM to delete 1 blocks
2019-10-24 12:46:39,119 [IPC Server handler 3 on 45373] INFO  block.BlockManagerImpl (BlockManagerImpl.java:deleteBlocks(288)) - Deleting blocks conID: 1 locID: 103017424536535040 bcsId: 0
2019-10-24 12:46:39,135 [java.util.concurrent.ThreadPoolExecutor$Worker@626a3adc[State = -1, empty queue]] WARN  server.GrpcLogAppender (GrpcLogAppender.java:timeoutAppendRequest(209)) - b629121d-9414-4e6f-a533-8e2a2621a008@group-113FF32A5128->a49289a7-2fc4-4008-a49b-27c2b6921fe9-GrpcLogAppender: appendEntries Timeout, request=b629121d-9414-4e6f-a533-8e2a2621a008->a49289a7-2fc4-4008-a49b-27c2b6921fe9#22-t3, previous=(t:3, i:8), leaderCommit=8, initializing? false, entries: <empty>
2019-10-24 12:46:39,229 [EventQueue-ContainerReportForContainerReportHandler] WARN  container.ContainerReportHandler (AbstractContainerReportHandler.java:updateContainerState(145)) - Container #1 is in OPEN state, but the datanode 06a8f420-c55d-4064-b0af-9862eabb487d{ip: 192.168.34.27, host: pr-hdds-2034-s5hcl-2472234065, networkLocation: /default-rack, certSerialId: null} reports an CLOSED replica.
2019-10-24 12:46:39,383 [BlockDeletingService#2] WARN  background.BlockDeletingService (BlockDeletingService.java:isDeletionAllowed(187)) - Close Container log Index 6 is not replicated across allthe servers in the pipeline 547b3abb-e21a-4b37-ae70-113ff32a5128 as the min replicated index is 4. Deletion is not allowed in this container yet.
2019-10-24 12:46:39,385 [BlockDeletingService#2] WARN  background.BlockDeletingService (BlockDeletingService.java:isDeletionAllowed(187)) - Close Container log Index 6 is not replicated across allthe servers in the pipeline 547b3abb-e21a-4b37-ae70-113ff32a5128 as the min replicated index is 4. Deletion is not allowed in this container yet.
2019-10-24 12:46:39,405 [EventQueue-ContainerReportForContainerReportHandler] WARN  container.ContainerReportHandler (AbstractContainerReportHandler.java:updateContainerState(145)) - Container #1 is in OPEN state, but the datanode b629121d-9414-4e6f-a533-8e2a2621a008{ip: 192.168.34.27, host: pr-hdds-2034-s5hcl-2472234065, networkLocation: /default-rack, certSerialId: null} reports an CLOSED replica.
2019-10-24 12:46:39,430 [EventQueue-ContainerReportForContainerReportHandler] WARN  container.ContainerReportHandler (AbstractContainerReportHandler.java:updateContainerState(145)) - Container #1 is in OPEN state, but the datanode 06a8f420-c55d-4064-b0af-9862eabb487d{ip: 192.168.34.27, host: pr-hdds-2034-s5hcl-2472234065, networkLocation: /default-rack, certSerialId: null} reports an CLOSED replica.
2019-10-24 12:46:39,605 [EventQueue-ContainerReportForContainerReportHandler] WARN  container.ContainerReportHandler (AbstractContainerReportHandler.java:updateContainerState(145)) - Container #1 is in OPEN state, but the datanode b629121d-9414-4e6f-a533-8e2a2621a008{ip: 192.168.34.27, host: pr-hdds-2034-s5hcl-2472234065, networkLocation: /default-rack, certSerialId: null} reports an CLOSED replica.
2019-10-24 12:46:39,630 [EventQueue-ContainerReportForContainerReportHandler] WARN  container.ContainerReportHandler (AbstractContainerReportHandler.java:updateContainerState(145)) - Container #1 is in OPEN state, but the datanode 06a8f420-c55d-4064-b0af-9862eabb487d{ip: 192.168.34.27, host: pr-hdds-2034-s5hcl-2472234065, networkLocation: /default-rack, certSerialId: null} reports an CLOSED replica.
2019-10-24 12:46:40,005 [EventQueue-ContainerReportForContainerReportHandler] WARN  container.ContainerReportHandler (AbstractContainerReportHandler.java:updateContainerState(145)) - Container #1 is in OPEN state, but the datanode b629121d-9414-4e6f-a533-8e2a2621a008{ip: 192.168.34.27, host: pr-hdds-2034-s5hcl-2472234065, networkLocation: /default-rack, certSerialId: null} reports an CLOSED replica.
2019-10-24 12:46:40,032 [EventQueue-ContainerReportForContainerReportHandler] WARN  container.ContainerReportHandler (AbstractContainerReportHandler.java:updateContainerState(145)) - Container #1 is in OPEN state, but the datanode 06a8f420-c55d-4064-b0af-9862eabb487d{ip: 192.168.34.27, host: pr-hdds-2034-s5hcl-2472234065, networkLocation: /default-rack, certSerialId: null} reports an CLOSED replica.
2019-10-24 12:46:40,332 [EventQueue-ContainerReportForContainerReportHandler] WARN  container.ContainerReportHandler (AbstractContainerReportHandler.java:updateContainerState(145)) - Container #1 is in OPEN state, but the datanode 06a8f420-c55d-4064-b0af-9862eabb487d{ip: 192.168.34.27, host: pr-hdds-2034-s5hcl-2472234065, networkLocation: /default-rack, certSerialId: null} reports an CLOSED replica.
2019-10-24 12:46:40,385 [BlockDeletingService#2] WARN  background.BlockDeletingService (BlockDeletingService.java:isDeletionAllowed(187)) - Close Container log Index 6 is not replicated across allthe servers in the pipeline 547b3abb-e21a-4b37-ae70-113ff32a5128 as the min replicated index is 4. Deletion is not allowed in this container yet.
2019-10-24 12:46:40,389 [BlockDeletingService#2] WARN  background.BlockDeletingService (BlockDeletingService.java:isDeletionAllowed(187)) - Close Container log Index 6 is not replicated across allthe servers in the pipeline 547b3abb-e21a-4b37-ae70-113ff32a5128 as the min replicated index is 4. Deletion is not allowed in this container yet.
2019-10-24 12:46:40,407 [EventQueue-ContainerReportForContainerReportHandler] WARN  container.ContainerReportHandler (AbstractContainerReportHandler.java:updateContainerState(145)) - Container #1 is in OPEN state, but the datanode b629121d-9414-4e6f-a533-8e2a2621a008{ip: 192.168.34.27, host: pr-hdds-2034-s5hcl-2472234065, networkLocation: /default-rack, certSerialId: null} reports an CLOSED replica.
2019-10-24 12:46:40,532 [EventQueue-ContainerReportForContainerReportHandler] WARN  container.ContainerReportHandler (AbstractContainerReportHandler.java:updateContainerState(145)) - Container #1 is in OPEN state, but the datanode 06a8f420-c55d-4064-b0af-9862eabb487d{ip: 192.168.34.27, host: pr-hdds-2034-s5hcl-2472234065, networkLocation: /default-rack, certSerialId: null} reports an CLOSED replica.
2019-10-24 12:46:40,607 [EventQueue-ContainerReportForContainerReportHandler] WARN  container.ContainerReportHandler (AbstractContainerReportHandler.java:updateContainerState(145)) - Container #1 is in OPEN state, but the datanode b629121d-9414-4e6f-a533-8e2a2621a008{ip: 192.168.34.27, host: pr-hdds-2034-s5hcl-2472234065, networkLocation: /default-rack, certSerialId: null} reports an CLOSED replica.
2019-10-24 12:46:40,733 [EventQueue-ContainerReportForContainerReportHandler] WARN  container.ContainerReportHandler (AbstractContainerReportHandler.java:updateContainerState(145)) - Container #1 is in OPEN state, but the datanode 06a8f420-c55d-4064-b0af-9862eabb487d{ip: 192.168.34.27, host: pr-hdds-2034-s5hcl-2472234065, networkLocation: /default-rack, certSerialId: null} reports an CLOSED replica.
2019-10-24 12:46:40,906 [EventQueue-ContainerReportForContainerReportHandler] WARN  container.ContainerReportHandler (AbstractContainerReportHandler.java:updateContainerState(145)) - Container #1 is in OPEN state, but the datanode b629121d-9414-4e6f-a533-8e2a2621a008{ip: 192.168.34.27, host: pr-hdds-2034-s5hcl-2472234065, networkLocation: /default-rack, certSerialId: null} reports an CLOSED replica.
2019-10-24 12:46:41,032 [EventQueue-ContainerReportForContainerReportHandler] WARN  container.ContainerReportHandler (AbstractContainerReportHandler.java:updateContainerState(145)) - Container #1 is in OPEN state, but the datanode 06a8f420-c55d-4064-b0af-9862eabb487d{ip: 192.168.34.27, host: pr-hdds-2034-s5hcl-2472234065, networkLocation: /default-rack, certSerialId: null} reports an CLOSED replica.
2019-10-24 12:46:41,233 [EventQueue-ContainerReportForContainerReportHandler] WARN  container.ContainerReportHandler (AbstractContainerReportHandler.java:updateContainerState(145)) - Container #1 is in OPEN state, but the datanode 06a8f420-c55d-4064-b0af-9862eabb487d{ip: 192.168.34.27, host: pr-hdds-2034-s5hcl-2472234065, networkLocation: /default-rack, certSerialId: null} reports an CLOSED replica.
2019-10-24 12:46:41,308 [EventQueue-ContainerReportForContainerReportHandler] WARN  container.ContainerReportHandler (AbstractContainerReportHandler.java:updateContainerState(145)) - Container #1 is in OPEN state, but the datanode b629121d-9414-4e6f-a533-8e2a2621a008{ip: 192.168.34.27, host: pr-hdds-2034-s5hcl-2472234065, networkLocation: /default-rack, certSerialId: null} reports an CLOSED replica.
2019-10-24 12:46:41,387 [BlockDeletingService#2] WARN  background.BlockDeletingService (BlockDeletingService.java:isDeletionAllowed(187)) - Close Container log Index 6 is not replicated across allthe servers in the pipeline 547b3abb-e21a-4b37-ae70-113ff32a5128 as the min replicated index is 4. Deletion is not allowed in this container yet.
2019-10-24 12:46:41,390 [BlockDeletingService#2] WARN  background.BlockDeletingService (BlockDeletingService.java:isDeletionAllowed(187)) - Close Container log Index 6 is not replicated across allthe servers in the pipeline 547b3abb-e21a-4b37-ae70-113ff32a5128 as the min replicated index is 4. Deletion is not allowed in this container yet.
2019-10-24 12:46:41,433 [EventQueue-ContainerReportForContainerReportHandler] WARN  container.ContainerReportHandler (AbstractContainerReportHandler.java:updateContainerState(145)) - Container #1 is in OPEN state, but the datanode 06a8f420-c55d-4064-b0af-9862eabb487d{ip: 192.168.34.27, host: pr-hdds-2034-s5hcl-2472234065, networkLocation: /default-rack, certSerialId: null} reports an CLOSED replica.
2019-10-24 12:46:41,508 [EventQueue-ContainerReportForContainerReportHandler] WARN  container.ContainerReportHandler (AbstractContainerReportHandler.java:updateContainerState(145)) - Container #1 is in OPEN state, but the datanode b629121d-9414-4e6f-a533-8e2a2621a008{ip: 192.168.34.27, host: pr-hdds-2034-s5hcl-2472234065, networkLocation: /default-rack, certSerialId: null} reports an CLOSED replica.
2019-10-24 12:46:41,636 [java.util.concurrent.ThreadPoolExecutor$Worker@626a3adc[State = -1, empty queue]] WARN  server.GrpcLogAppender (GrpcLogAppender.java:timeoutAppendRequest(209)) - b629121d-9414-4e6f-a533-8e2a2621a008@group-113FF32A5128->a49289a7-2fc4-4008-a49b-27c2b6921fe9-GrpcLogAppender: appendEntries Timeout, request=b629121d-9414-4e6f-a533-8e2a2621a008->a49289a7-2fc4-4008-a49b-27c2b6921fe9#23-t3, previous=(t:3, i:8), leaderCommit=8, initializing? false, entries: <empty>
2019-10-24 12:46:41,723 [java.util.concurrent.ThreadPoolExecutor$Worker@626a3adc[State = -1, empty queue]] WARN  server.GrpcLogAppender (GrpcLogAppender.java:timeoutAppendRequest(209)) - b629121d-9414-4e6f-a533-8e2a2621a008@group-113FF32A5128->a49289a7-2fc4-4008-a49b-27c2b6921fe9-GrpcLogAppender: appendEntries Timeout, request=b629121d-9414-4e6f-a533-8e2a2621a008->a49289a7-2fc4-4008-a49b-27c2b6921fe9#24-t3, previous=(t:3, i:8), leaderCommit=8, initializing? false, entries: size=1, first=(t:3, i:9), STATEMACHINELOGENTRY, client-E10FDABE0C36, cid=6
2019-10-24 12:46:41,738 [java.util.concurrent.ThreadPoolExecutor$Worker@626a3adc[State = -1, empty queue]] WARN  server.GrpcLogAppender (GrpcLogAppender.java:timeoutAppendRequest(209)) - b629121d-9414-4e6f-a533-8e2a2621a008@group-113FF32A5128->a49289a7-2fc4-4008-a49b-27c2b6921fe9-GrpcLogAppender: appendEntries Timeout, request=b629121d-9414-4e6f-a533-8e2a2621a008->a49289a7-2fc4-4008-a49b-27c2b6921fe9#25-t3, previous=(t:3, i:9), leaderCommit=9, initializing? false, entries: size=1, first=(t:3, i:10), METADATAENTRY(c9)
2019-10-24 12:46:41,809 [EventQueue-ContainerReportForContainerReportHandler] WARN  container.ContainerReportHandler (AbstractContainerReportHandler.java:updateContainerState(145)) - Container #1 is in OPEN state, but the datanode b629121d-9414-4e6f-a533-8e2a2621a008{ip: 192.168.34.27, host: pr-hdds-2034-s5hcl-2472234065, networkLocation: /default-rack, certSerialId: null} reports an CLOSED replica.
2019-10-24 12:46:41,832 [EventQueue-ContainerReportForContainerReportHandler] WARN  container.ContainerReportHandler (AbstractContainerReportHandler.java:updateContainerState(145)) - Container #1 is in OPEN state, but the datanode 06a8f420-c55d-4064-b0af-9862eabb487d{ip: 192.168.34.27, host: pr-hdds-2034-s5hcl-2472234065, networkLocation: /default-rack, certSerialId: null} reports an CLOSED replica.
2019-10-24 12:46:42,033 [EventQueue-ContainerReportForContainerReportHandler] WARN  container.ContainerReportHandler (AbstractContainerReportHandler.java:updateContainerState(145)) - Container #1 is in OPEN state, but the datanode 06a8f420-c55d-4064-b0af-9862eabb487d{ip: 192.168.34.27, host: pr-hdds-2034-s5hcl-2472234065, networkLocation: /default-rack, certSerialId: null} reports an CLOSED replica.
2019-10-24 12:46:42,109 [EventQueue-ContainerReportForContainerReportHandler] WARN  container.ContainerReportHandler (AbstractContainerReportHandler.java:updateContainerState(145)) - Container #1 is in OPEN state, but the datanode b629121d-9414-4e6f-a533-8e2a2621a008{ip: 192.168.34.27, host: pr-hdds-2034-s5hcl-2472234065, networkLocation: /default-rack, certSerialId: null} reports an CLOSED replica.
2019-10-24 12:46:42,309 [EventQueue-ContainerReportForContainerReportHandler] WARN  container.ContainerReportHandler (AbstractContainerReportHandler.java:updateContainerState(145)) - Container #1 is in OPEN state, but the datanode b629121d-9414-4e6f-a533-8e2a2621a008{ip: 192.168.34.27, host: pr-hdds-2034-s5hcl-2472234065, networkLocation: /default-rack, certSerialId: null} reports an CLOSED replica.
2019-10-24 12:46:42,392 [BlockDeletingService#2] WARN  background.BlockDeletingService (BlockDeletingService.java:isDeletionAllowed(187)) - Close Container log Index 6 is not replicated across allthe servers in the pipeline 547b3abb-e21a-4b37-ae70-113ff32a5128 as the min replicated index is 4. Deletion is not allowed in this container yet.
2019-10-24 12:46:42,392 [BlockDeletingService#2] WARN  background.BlockDeletingService (BlockDeletingService.java:isDeletionAllowed(187)) - Close Container log Index 6 is not replicated across allthe servers in the pipeline 547b3abb-e21a-4b37-ae70-113ff32a5128 as the min replicated index is 4. Deletion is not allowed in this container yet.
2019-10-24 12:46:42,434 [EventQueue-ContainerReportForContainerReportHandler] WARN  container.ContainerReportHandler (AbstractContainerReportHandler.java:updateContainerState(145)) - Container #1 is in OPEN state, but the datanode 06a8f420-c55d-4064-b0af-9862eabb487d{ip: 192.168.34.27, host: pr-hdds-2034-s5hcl-2472234065, networkLocation: /default-rack, certSerialId: null} reports an CLOSED replica.
2019-10-24 12:46:42,611 [EventQueue-ContainerReportForContainerReportHandler] WARN  container.ContainerReportHandler (AbstractContainerReportHandler.java:updateContainerState(145)) - Container #1 is in OPEN state, but the datanode b629121d-9414-4e6f-a533-8e2a2621a008{ip: 192.168.34.27, host: pr-hdds-2034-s5hcl-2472234065, networkLocation: /default-rack, certSerialId: null} reports an CLOSED replica.
2019-10-24 12:46:42,635 [EventQueue-ContainerReportForContainerReportHandler] WARN  container.ContainerReportHandler (AbstractContainerReportHandler.java:updateContainerState(145)) - Container #1 is in OPEN state, but the datanode 06a8f420-c55d-4064-b0af-9862eabb487d{ip: 192.168.34.27, host: pr-hdds-2034-s5hcl-2472234065, networkLocation: /default-rack, certSerialId: null} reports an CLOSED replica.
2019-10-24 12:46:42,910 [EventQueue-ContainerReportForContainerReportHandler] WARN  container.ContainerReportHandler (AbstractContainerReportHandler.java:updateContainerState(145)) - Container #1 is in OPEN state, but the datanode b629121d-9414-4e6f-a533-8e2a2621a008{ip: 192.168.34.27, host: pr-hdds-2034-s5hcl-2472234065, networkLocation: /default-rack, certSerialId: null} reports an CLOSED replica.
2019-10-24 12:46:43,035 [EventQueue-ContainerReportForContainerReportHandler] WARN  container.ContainerReportHandler (AbstractContainerReportHandler.java:updateContainerState(145)) - Container #1 is in OPEN state, but the datanode 06a8f420-c55d-4064-b0af-9862eabb487d{ip: 192.168.34.27, host: pr-hdds-2034-s5hcl-2472234065, networkLocation: /default-rack, certSerialId: null} reports an CLOSED replica.
2019-10-24 12:46:43,110 [EventQueue-ContainerReportForContainerReportHandler] WARN  container.ContainerReportHandler (AbstractContainerReportHandler.java:updateContainerState(145)) - Container #1 is in OPEN state, but the datanode b629121d-9414-4e6f-a533-8e2a2621a008{ip: 192.168.34.27, host: pr-hdds-2034-s5hcl-2472234065, networkLocation: /default-rack, certSerialId: null} reports an CLOSED replica.
2019-10-24 12:46:43,235 [EventQueue-ContainerReportForContainerReportHandler] WARN  container.ContainerReportHandler (AbstractContainerReportHandler.java:updateContainerState(145)) - Container #1 is in OPEN state, but the datanode 06a8f420-c55d-4064-b0af-9862eabb487d{ip: 192.168.34.27, host: pr-hdds-2034-s5hcl-2472234065, networkLocation: /default-rack, certSerialId: null} reports an CLOSED replica.
2019-10-24 12:46:43,400 [BlockDeletingService#2] WARN  background.BlockDeletingService (BlockDeletingService.java:isDeletionAllowed(187)) - Close Container log Index 6 is not replicated across allthe servers in the pipeline 547b3abb-e21a-4b37-ae70-113ff32a5128 as the min replicated index is 4. Deletion is not allowed in this container yet.
2019-10-24 12:46:43,400 [BlockDeletingService#2] WARN  background.BlockDeletingService (BlockDeletingService.java:isDeletionAllowed(187)) - Close Container log Index 6 is not replicated across allthe servers in the pipeline 547b3abb-e21a-4b37-ae70-113ff32a5128 as the min replicated index is 4. Deletion is not allowed in this container yet.
2019-10-24 12:46:43,410 [EventQueue-ContainerReportForContainerReportHandler] WARN  container.ContainerReportHandler (AbstractContainerReportHandler.java:updateContainerState(145)) - Container #1 is in OPEN state, but the datanode b629121d-9414-4e6f-a533-8e2a2621a008{ip: 192.168.34.27, host: pr-hdds-2034-s5hcl-2472234065, networkLocation: /default-rack, certSerialId: null} reports an CLOSED replica.
2019-10-24 12:46:43,436 [EventQueue-ContainerReportForContainerReportHandler] WARN  container.ContainerReportHandler (AbstractContainerReportHandler.java:updateContainerState(145)) - Container #1 is in OPEN state, but the datanode 06a8f420-c55d-4064-b0af-9862eabb487d{ip: 192.168.34.27, host: pr-hdds-2034-s5hcl-2472234065, networkLocation: /default-rack, certSerialId: null} reports an CLOSED replica.
2019-10-24 12:46:43,610 [EventQueue-ContainerReportForContainerReportHandler] WARN  container.ContainerReportHandler (AbstractContainerReportHandler.java:updateContainerState(145)) - Container #1 is in OPEN state, but the datanode b629121d-9414-4e6f-a533-8e2a2621a008{ip: 192.168.34.27, host: pr-hdds-2034-s5hcl-2472234065, networkLocation: /default-rack, certSerialId: null} reports an CLOSED replica.
2019-10-24 12:46:43,836 [EventQueue-ContainerReportForContainerReportHandler] WARN  container.ContainerReportHandler (AbstractContainerReportHandler.java:updateContainerState(145)) - Container #1 is in OPEN state, but the datanode 06a8f420-c55d-4064-b0af-9862eabb487d{ip: 192.168.34.27, host: pr-hdds-2034-s5hcl-2472234065, networkLocation: /default-rack, certSerialId: null} reports an CLOSED replica.
2019-10-24 12:46:43,909 [EventQueue-ContainerReportForContainerReportHandler] WARN  container.ContainerReportHandler (AbstractContainerReportHandler.java:updateContainerState(145)) - Container #1 is in OPEN state, but the datanode b629121d-9414-4e6f-a533-8e2a2621a008{ip: 192.168.34.27, host: pr-hdds-2034-s5hcl-2472234065, networkLocation: /default-rack, certSerialId: null} reports an CLOSED replica.
2019-10-24 12:46:44,037 [EventQueue-ContainerReportForContainerReportHandler] WARN  container.ContainerReportHandler (AbstractContainerReportHandler.java:updateContainerState(145)) - Container #1 is in OPEN state, but the datanode 06a8f420-c55d-4064-b0af-9862eabb487d{ip: 192.168.34.27, host: pr-hdds-2034-s5hcl-2472234065, networkLocation: /default-rack, certSerialId: null} reports an CLOSED replica.
2019-10-24 12:46:44,210 [EventQueue-ContainerReportForContainerReportHandler] WARN  container.ContainerReportHandler (AbstractContainerReportHandler.java:updateContainerState(145)) - Container #1 is in OPEN state, but the datanode b629121d-9414-4e6f-a533-8e2a2621a008{ip: 192.168.34.27, host: pr-hdds-2034-s5hcl-2472234065, networkLocation: /default-rack, certSerialId: null} reports an CLOSED replica.
2019-10-24 12:46:44,240 [java.util.concurrent.ThreadPoolExecutor$Worker@626a3adc[State = -1, empty queue]] WARN  server.GrpcLogAppender (GrpcLogAppender.java:timeoutAppendRequest(209)) - b629121d-9414-4e6f-a533-8e2a2621a008@group-113FF32A5128->a49289a7-2fc4-4008-a49b-27c2b6921fe9-GrpcLogAppender: appendEntries Timeout, request=b629121d-9414-4e6f-a533-8e2a2621a008->a49289a7-2fc4-4008-a49b-27c2b6921fe9#26-t3, previous=(t:3, i:10), leaderCommit=10, initializing? false, entries: <empty>
2019-10-24 12:46:44,337 [EventQueue-ContainerReportForContainerReportHandler] WARN  container.ContainerReportHandler (AbstractContainerReportHandler.java:updateContainerState(145)) - Container #1 is in OPEN state, but the datanode 06a8f420-c55d-4064-b0af-9862eabb487d{ip: 192.168.34.27, host: pr-hdds-2034-s5hcl-2472234065, networkLocation: /default-rack, certSerialId: null} reports an CLOSED replica.
2019-10-24 12:46:44,405 [BlockDeletingService#2] WARN  background.BlockDeletingService (BlockDeletingService.java:isDeletionAllowed(187)) - Close Container log Index 6 is not replicated across allthe servers in the pipeline 547b3abb-e21a-4b37-ae70-113ff32a5128 as the min replicated index is 4. Deletion is not allowed in this container yet.
2019-10-24 12:46:44,405 [BlockDeletingService#2] WARN  background.BlockDeletingService (BlockDeletingService.java:isDeletionAllowed(187)) - Close Container log Index 6 is not replicated across allthe servers in the pipeline 547b3abb-e21a-4b37-ae70-113ff32a5128 as the min replicated index is 4. Deletion is not allowed in this container yet.
2019-10-24 12:46:44,410 [EventQueue-ContainerReportForContainerReportHandler] WARN  container.ContainerReportHandler (AbstractContainerReportHandler.java:updateContainerState(145)) - Container #1 is in OPEN state, but the datanode b629121d-9414-4e6f-a533-8e2a2621a008{ip: 192.168.34.27, host: pr-hdds-2034-s5hcl-2472234065, networkLocation: /default-rack, certSerialId: null} reports an CLOSED replica.
2019-10-24 12:46:44,537 [EventQueue-ContainerReportForContainerReportHandler] WARN  container.ContainerReportHandler (AbstractContainerReportHandler.java:updateContainerState(145)) - Container #1 is in OPEN state, but the datanode 06a8f420-c55d-4064-b0af-9862eabb487d{ip: 192.168.34.27, host: pr-hdds-2034-s5hcl-2472234065, networkLocation: /default-rack, certSerialId: null} reports an CLOSED replica.
2019-10-24 12:46:44,709 [EventQueue-ContainerReportForContainerReportHandler] WARN  container.ContainerReportHandler (AbstractContainerReportHandler.java:updateContainerState(145)) - Container #1 is in OPEN state, but the datanode b629121d-9414-4e6f-a533-8e2a2621a008{ip: 192.168.34.27, host: pr-hdds-2034-s5hcl-2472234065, networkLocation: /default-rack, certSerialId: null} reports an CLOSED replica.
2019-10-24 12:46:44,838 [EventQueue-ContainerReportForContainerReportHandler] WARN  container.ContainerReportHandler (AbstractContainerReportHandler.java:updateContainerState(145)) - Container #1 is in OPEN state, but the datanode 06a8f420-c55d-4064-b0af-9862eabb487d{ip: 192.168.34.27, host: pr-hdds-2034-s5hcl-2472234065, networkLocation: /default-rack, certSerialId: null} reports an CLOSED replica.
2019-10-24 12:46:45,011 [EventQueue-ContainerReportForContainerReportHandler] WARN  container.ContainerReportHandler (AbstractContainerReportHandler.java:updateContainerState(145)) - Container #1 is in OPEN state, but the datanode b629121d-9414-4e6f-a533-8e2a2621a008{ip: 192.168.34.27, host: pr-hdds-2034-s5hcl-2472234065, networkLocation: /default-rack, certSerialId: null} reports an CLOSED replica.
2019-10-24 12:46:45,138 [EventQueue-ContainerReportForContainerReportHandler] WARN  container.ContainerReportHandler (AbstractContainerReportHandler.java:updateContainerState(145)) - Container #1 is in OPEN state, but the datanode 06a8f420-c55d-4064-b0af-9862eabb487d{ip: 192.168.34.27, host: pr-hdds-2034-s5hcl-2472234065, networkLocation: /default-rack, certSerialId: null} reports an CLOSED replica.
2019-10-24 12:46:45,311 [EventQueue-ContainerReportForContainerReportHandler] WARN  container.ContainerReportHandler (AbstractContainerReportHandler.java:updateContainerState(145)) - Container #1 is in OPEN state, but the datanode b629121d-9414-4e6f-a533-8e2a2621a008{ip: 192.168.34.27, host: pr-hdds-2034-s5hcl-2472234065, networkLocation: /default-rack, certSerialId: null} reports an CLOSED replica.
2019-10-24 12:46:45,407 [BlockDeletingService#2] WARN  background.BlockDeletingService (BlockDeletingService.java:isDeletionAllowed(187)) - Close Container log Index 6 is not replicated across allthe servers in the pipeline 547b3abb-e21a-4b37-ae70-113ff32a5128 as the min replicated index is 4. Deletion is not allowed in this container yet.
2019-10-24 12:46:45,407 [BlockDeletingService#2] WARN  background.BlockDeletingService (BlockDeletingService.java:isDeletionAllowed(187)) - Close Container log Index 6 is not replicated across allthe servers in the pipeline 547b3abb-e21a-4b37-ae70-113ff32a5128 as the min replicated index is 4. Deletion is not allowed in this container yet.
2019-10-24 12:46:45,439 [EventQueue-ContainerReportForContainerReportHandler] WARN  container.ContainerReportHandler (AbstractContainerReportHandler.java:updateContainerState(145)) - Container #1 is in OPEN state, but the datanode 06a8f420-c55d-4064-b0af-9862eabb487d{ip: 192.168.34.27, host: pr-hdds-2034-s5hcl-2472234065, networkLocation: /default-rack, certSerialId: null} reports an CLOSED replica.
2019-10-24 12:46:45,511 [EventQueue-ContainerReportForContainerReportHandler] WARN  container.ContainerReportHandler (AbstractContainerReportHandler.java:updateContainerState(145)) - Container #1 is in OPEN state, but the datanode b629121d-9414-4e6f-a533-8e2a2621a008{ip: 192.168.34.27, host: pr-hdds-2034-s5hcl-2472234065, networkLocation: /default-rack, certSerialId: null} reports an CLOSED replica.
2019-10-24 12:46:45,711 [EventQueue-ContainerReportForContainerReportHandler] WARN  container.ContainerReportHandler (AbstractContainerReportHandler.java:updateContainerState(145)) - Container #1 is in OPEN state, but the datanode b629121d-9414-4e6f-a533-8e2a2621a008{ip: 192.168.34.27, host: pr-hdds-2034-s5hcl-2472234065, networkLocation: /default-rack, certSerialId: null} reports an CLOSED replica.
2019-10-24 12:46:45,739 [EventQueue-ContainerReportForContainerReportHandler] WARN  container.ContainerReportHandler (AbstractContainerReportHandler.java:updateContainerState(145)) - Container #1 is in OPEN state, but the datanode 06a8f420-c55d-4064-b0af-9862eabb487d{ip: 192.168.34.27, host: pr-hdds-2034-s5hcl-2472234065, networkLocation: /default-rack, certSerialId: null} reports an CLOSED replica.
2019-10-24 12:46:46,012 [EventQueue-ContainerReportForContainerReportHandler] WARN  container.ContainerReportHandler (AbstractContainerReportHandler.java:updateContainerState(145)) - Container #1 is in OPEN state, but the datanode b629121d-9414-4e6f-a533-8e2a2621a008{ip: 192.168.34.27, host: pr-hdds-2034-s5hcl-2472234065, networkLocation: /default-rack, certSerialId: null} reports an CLOSED replica.
2019-10-24 12:46:46,140 [EventQueue-ContainerReportForContainerReportHandler] WARN  container.ContainerReportHandler (AbstractContainerReportHandler.java:updateContainerState(145)) - Container #1 is in OPEN state, but the datanode 06a8f420-c55d-4064-b0af-9862eabb487d{ip: 192.168.34.27, host: pr-hdds-2034-s5hcl-2472234065, networkLocation: /default-rack, certSerialId: null} reports an CLOSED replica.
2019-10-24 12:46:46,313 [EventQueue-ContainerReportForContainerReportHandler] WARN  container.ContainerReportHandler (AbstractContainerReportHandler.java:updateContainerState(145)) - Container #1 is in OPEN state, but the datanode b629121d-9414-4e6f-a533-8e2a2621a008{ip: 192.168.34.27, host: pr-hdds-2034-s5hcl-2472234065, networkLocation: /default-rack, certSerialId: null} reports an CLOSED replica.
2019-10-24 12:46:46,339 [EventQueue-ContainerReportForContainerReportHandler] WARN  container.ContainerReportHandler (AbstractContainerReportHandler.java:updateContainerState(145)) - Container #1 is in OPEN state, but the datanode 06a8f420-c55d-4064-b0af-9862eabb487d{ip: 192.168.34.27, host: pr-hdds-2034-s5hcl-2472234065, networkLocation: /default-rack, certSerialId: null} reports an CLOSED replica.
2019-10-24 12:46:46,409 [BlockDeletingService#2] WARN  background.BlockDeletingService (BlockDeletingService.java:isDeletionAllowed(187)) - Close Container log Index 6 is not replicated across allthe servers in the pipeline 547b3abb-e21a-4b37-ae70-113ff32a5128 as the min replicated index is 4. Deletion is not allowed in this container yet.
2019-10-24 12:46:46,409 [BlockDeletingService#2] WARN  background.BlockDeletingService (BlockDeletingService.java:isDeletionAllowed(187)) - Close Container log Index 6 is not replicated across allthe servers in the pipeline 547b3abb-e21a-4b37-ae70-113ff32a5128 as the min replicated index is 4. Deletion is not allowed in this container yet.
2019-10-24 12:46:46,614 [EventQueue-ContainerReportForContainerReportHandler] WARN  container.ContainerReportHandler (AbstractContainerReportHandler.java:updateContainerState(145)) - Container #1 is in OPEN state, but the datanode b629121d-9414-4e6f-a533-8e2a2621a008{ip: 192.168.34.27, host: pr-hdds-2034-s5hcl-2472234065, networkLocation: /default-rack, certSerialId: null} reports an CLOSED replica.
2019-10-24 12:46:46,739 [EventQueue-ContainerReportForContainerReportHandler] WARN  container.ContainerReportHandler (AbstractContainerReportHandler.java:updateContainerState(145)) - Container #1 is in OPEN state, but the datanode 06a8f420-c55d-4064-b0af-9862eabb487d{ip: 192.168.34.27, host: pr-hdds-2034-s5hcl-2472234065, networkLocation: /default-rack, certSerialId: null} reports an CLOSED replica.
2019-10-24 12:46:46,742 [java.util.concurrent.ThreadPoolExecutor$Worker@626a3adc[State = -1, empty queue]] WARN  server.GrpcLogAppender (GrpcLogAppender.java:timeoutAppendRequest(209)) - b629121d-9414-4e6f-a533-8e2a2621a008@group-113FF32A5128->a49289a7-2fc4-4008-a49b-27c2b6921fe9-GrpcLogAppender: appendEntries Timeout, request=b629121d-9414-4e6f-a533-8e2a2621a008->a49289a7-2fc4-4008-a49b-27c2b6921fe9#27-t3, previous=(t:3, i:10), leaderCommit=10, initializing? false, entries: <empty>
2019-10-24 12:46:46,759 [Thread-380] INFO  client.GrpcClientProtocolService (GrpcClientProtocolService.java:lambda$processClientRequest$0(279)) - Failed RaftClientRequest:client-961AB5C49053->b629121d-9414-4e6f-a533-8e2a2621a008@group-113FF32A5128, cid=4, seq=0, Watch-ALL_COMMITTED(6), Message:<EMPTY>, reply=RaftClientReply:client-961AB5C49053->b629121d-9414-4e6f-a533-8e2a2621a008@group-113FF32A5128, cid=4, FAILED org.apache.ratis.protocol.NotReplicatedException: Request with call Id 4 and log index 6 is not yet replicated to ALL_COMMITTED, logIndex=6, commits[b629121d-9414-4e6f-a533-8e2a2621a008:c10, a49289a7-2fc4-4008-a49b-27c2b6921fe9:c4, 06a8f420-c55d-4064-b0af-9862eabb487d:c10]
2019-10-24 12:46:46,814 [EventQueue-ContainerReportForContainerReportHandler] WARN  container.ContainerReportHandler (AbstractContainerReportHandler.java:updateContainerState(145)) - Container #1 is in OPEN state, but the datanode b629121d-9414-4e6f-a533-8e2a2621a008{ip: 192.168.34.27, host: pr-hdds-2034-s5hcl-2472234065, networkLocation: /default-rack, certSerialId: null} reports an CLOSED replica.
2019-10-24 12:46:47,039 [EventQueue-ContainerReportForContainerReportHandler] WARN  container.ContainerReportHandler (AbstractContainerReportHandler.java:updateContainerState(145)) - Container #1 is in OPEN state, but the datanode 06a8f420-c55d-4064-b0af-9862eabb487d{ip: 192.168.34.27, host: pr-hdds-2034-s5hcl-2472234065, networkLocation: /default-rack, certSerialId: null} reports an CLOSED replica.
2019-10-24 12:46:47,215 [EventQueue-ContainerReportForContainerReportHandler] WARN  container.ContainerReportHandler (AbstractContainerReportHandler.java:updateContainerState(145)) - Container #1 is in OPEN state, but the datanode b629121d-9414-4e6f-a533-8e2a2621a008{ip: 192.168.34.27, host: pr-hdds-2034-s5hcl-2472234065, networkLocation: /default-rack, certSerialId: null} reports an CLOSED replica.
2019-10-24 12:46:47,411 [BlockDeletingService#2] WARN  background.BlockDeletingService (BlockDeletingService.java:isDeletionAllowed(187)) - Close Container log Index 6 is not replicated across allthe servers in the pipeline 547b3abb-e21a-4b37-ae70-113ff32a5128 as the min replicated index is 4. Deletion is not allowed in this container yet.
2019-10-24 12:46:47,411 [BlockDeletingService#2] WARN  background.BlockDeletingService (BlockDeletingService.java:isDeletionAllowed(187)) - Close Container log Index 6 is not replicated across allthe servers in the pipeline 547b3abb-e21a-4b37-ae70-113ff32a5128 as the min replicated index is 4. Deletion is not allowed in this container yet.
2019-10-24 12:46:47,439 [EventQueue-ContainerReportForContainerReportHandler] WARN  container.ContainerReportHandler (AbstractContainerReportHandler.java:updateContainerState(145)) - Container #1 is in OPEN state, but the datanode 06a8f420-c55d-4064-b0af-9862eabb487d{ip: 192.168.34.27, host: pr-hdds-2034-s5hcl-2472234065, networkLocation: /default-rack, certSerialId: null} reports an CLOSED replica.
2019-10-24 12:46:47,516 [EventQueue-ContainerReportForContainerReportHandler] WARN  container.ContainerReportHandler (AbstractContainerReportHandler.java:updateContainerState(145)) - Container #1 is in OPEN state, but the datanode b629121d-9414-4e6f-a533-8e2a2621a008{ip: 192.168.34.27, host: pr-hdds-2034-s5hcl-2472234065, networkLocation: /default-rack, certSerialId: null} reports an CLOSED replica.
2019-10-24 12:46:47,740 [EventQueue-ContainerReportForContainerReportHandler] WARN  container.ContainerReportHandler (AbstractContainerReportHandler.java:updateContainerState(145)) - Container #1 is in OPEN state, but the datanode 06a8f420-c55d-4064-b0af-9862eabb487d{ip: 192.168.34.27, host: pr-hdds-2034-s5hcl-2472234065, networkLocation: /default-rack, certSerialId: null} reports an CLOSED replica.
2019-10-24 12:46:47,916 [EventQueue-ContainerReportForContainerReportHandler] WARN  container.ContainerReportHandler (AbstractContainerReportHandler.java:updateContainerState(145)) - Container #1 is in OPEN state, but the datanode b629121d-9414-4e6f-a533-8e2a2621a008{ip: 192.168.34.27, host: pr-hdds-2034-s5hcl-2472234065, networkLocation: /default-rack, certSerialId: null} reports an CLOSED replica.
2019-10-24 12:46:48,116 [EventQueue-ContainerReportForContainerReportHandler] WARN  container.ContainerReportHandler (AbstractContainerReportHandler.java:updateContainerState(145)) - Container #1 is in OPEN state, but the datanode b629121d-9414-4e6f-a533-8e2a2621a008{ip: 192.168.34.27, host: pr-hdds-2034-s5hcl-2472234065, networkLocation: /default-rack, certSerialId: null} reports an CLOSED replica.
2019-10-24 12:46:48,140 [EventQueue-ContainerReportForContainerReportHandler] WARN  container.ContainerReportHandler (AbstractContainerReportHandler.java:updateContainerState(145)) - Container #1 is in OPEN state, but the datanode 06a8f420-c55d-4064-b0af-9862eabb487d{ip: 192.168.34.27, host: pr-hdds-2034-s5hcl-2472234065, networkLocation: /default-rack, certSerialId: null} reports an CLOSED replica.
2019-10-24 12:46:48,416 [BlockDeletingService#2] WARN  background.BlockDeletingService (BlockDeletingService.java:isDeletionAllowed(187)) - Close Container log Index 6 is not replicated across allthe servers in the pipeline 547b3abb-e21a-4b37-ae70-113ff32a5128 as the min replicated index is 4. Deletion is not allowed in this container yet.
2019-10-24 12:46:48,416 [BlockDeletingService#2] WARN  background.BlockDeletingService (BlockDeletingService.java:isDeletionAllowed(187)) - Close Container log Index 6 is not replicated across allthe servers in the pipeline 547b3abb-e21a-4b37-ae70-113ff32a5128 as the min replicated index is 4. Deletion is not allowed in this container yet.
2019-10-24 12:46:48,440 [EventQueue-ContainerReportForContainerReportHandler] WARN  container.ContainerReportHandler (AbstractContainerReportHandler.java:updateContainerState(145)) - Container #1 is in OPEN state, but the datanode 06a8f420-c55d-4064-b0af-9862eabb487d{ip: 192.168.34.27, host: pr-hdds-2034-s5hcl-2472234065, networkLocation: /default-rack, certSerialId: null} reports an CLOSED replica.
2019-10-24 12:46:48,519 [EventQueue-ContainerReportForContainerReportHandler] WARN  container.ContainerReportHandler (AbstractContainerReportHandler.java:updateContainerState(145)) - Container #1 is in OPEN state, but the datanode b629121d-9414-4e6f-a533-8e2a2621a008{ip: 192.168.34.27, host: pr-hdds-2034-s5hcl-2472234065, networkLocation: /default-rack, certSerialId: null} reports an CLOSED replica.
2019-10-24 12:46:48,741 [EventQueue-ContainerReportForContainerReportHandler] WARN  container.ContainerReportHandler (AbstractContainerReportHandler.java:updateContainerState(145)) - Container #1 is in OPEN state, but the datanode 06a8f420-c55d-4064-b0af-9862eabb487d{ip: 192.168.34.27, host: pr-hdds-2034-s5hcl-2472234065, networkLocation: /default-rack, certSerialId: null} reports an CLOSED replica.
2019-10-24 12:46:48,819 [EventQueue-ContainerReportForContainerReportHandler] WARN  container.ContainerReportHandler (AbstractContainerReportHandler.java:updateContainerState(145)) - Container #1 is in OPEN state, but the datanode b629121d-9414-4e6f-a533-8e2a2621a008{ip: 192.168.34.27, host: pr-hdds-2034-s5hcl-2472234065, networkLocation: /default-rack, certSerialId: null} reports an CLOSED replica.
2019-10-24 12:46:48,941 [EventQueue-ContainerReportForContainerReportHandler] WARN  container.ContainerReportHandler (AbstractContainerReportHandler.java:updateContainerState(145)) - Container #1 is in OPEN state, but the datanode 06a8f420-c55d-4064-b0af-9862eabb487d{ip: 192.168.34.27, host: pr-hdds-2034-s5hcl-2472234065, networkLocation: /default-rack, certSerialId: null} reports an CLOSED replica.
2019-10-24 12:46:49,120 [EventQueue-ContainerReportForContainerReportHandler] WARN  container.ContainerReportHandler (AbstractContainerReportHandler.java:updateContainerState(145)) - Container #1 is in OPEN state, but the datanode b629121d-9414-4e6f-a533-8e2a2621a008{ip: 192.168.34.27, host: pr-hdds-2034-s5hcl-2472234065, networkLocation: /default-rack, certSerialId: null} reports an CLOSED replica.
2019-10-24 12:46:49,241 [EventQueue-ContainerReportForContainerReportHandler] WARN  container.ContainerReportHandler (AbstractContainerReportHandler.java:updateContainerState(145)) - Container #1 is in OPEN state, but the datanode 06a8f420-c55d-4064-b0af-9862eabb487d{ip: 192.168.34.27, host: pr-hdds-2034-s5hcl-2472234065, networkLocation: /default-rack, certSerialId: null} reports an CLOSED replica.
2019-10-24 12:46:49,245 [java.util.concurrent.ThreadPoolExecutor$Worker@626a3adc[State = -1, empty queue]] WARN  server.GrpcLogAppender (GrpcLogAppender.java:timeoutAppendRequest(209)) - b629121d-9414-4e6f-a533-8e2a2621a008@group-113FF32A5128->a49289a7-2fc4-4008-a49b-27c2b6921fe9-GrpcLogAppender: appendEntries Timeout, request=b629121d-9414-4e6f-a533-8e2a2621a008->a49289a7-2fc4-4008-a49b-27c2b6921fe9#28-t3, previous=(t:3, i:10), leaderCommit=10, initializing? false, entries: <empty>
2019-10-24 12:46:49,418 [BlockDeletingService#2] WARN  background.BlockDeletingService (BlockDeletingService.java:isDeletionAllowed(187)) - Close Container log Index 6 is not replicated across allthe servers in the pipeline 547b3abb-e21a-4b37-ae70-113ff32a5128 as the min replicated index is 4. Deletion is not allowed in this container yet.
2019-10-24 12:46:49,418 [BlockDeletingService#2] WARN  background.BlockDeletingService (BlockDeletingService.java:isDeletionAllowed(187)) - Close Container log Index 6 is not replicated across allthe servers in the pipeline 547b3abb-e21a-4b37-ae70-113ff32a5128 as the min replicated index is 4. Deletion is not allowed in this container yet.
2019-10-24 12:46:49,421 [EventQueue-ContainerReportForContainerReportHandler] WARN  container.ContainerReportHandler (AbstractContainerReportHandler.java:updateContainerState(145)) - Container #1 is in OPEN state, but the datanode b629121d-9414-4e6f-a533-8e2a2621a008{ip: 192.168.34.27, host: pr-hdds-2034-s5hcl-2472234065, networkLocation: /default-rack, certSerialId: null} reports an CLOSED replica.
2019-10-24 12:46:49,541 [EventQueue-ContainerReportForContainerReportHandler] WARN  container.ContainerReportHandler (AbstractContainerReportHandler.java:updateContainerState(145)) - Container #1 is in OPEN state, but the datanode 06a8f420-c55d-4064-b0af-9862eabb487d{ip: 192.168.34.27, host: pr-hdds-2034-s5hcl-2472234065, networkLocation: /default-rack, certSerialId: null} reports an CLOSED replica.
2019-10-24 12:46:49,822 [EventQueue-ContainerReportForContainerReportHandler] WARN  container.ContainerReportHandler (AbstractContainerReportHandler.java:updateContainerState(145)) - Container #1 is in OPEN state, but the datanode b629121d-9414-4e6f-a533-8e2a2621a008{ip: 192.168.34.27, host: pr-hdds-2034-s5hcl-2472234065, networkLocation: /default-rack, certSerialId: null} reports an CLOSED replica.
2019-10-24 12:46:49,842 [EventQueue-ContainerReportForContainerReportHandler] WARN  container.ContainerReportHandler (AbstractContainerReportHandler.java:updateContainerState(145)) - Container #1 is in OPEN state, but the datanode 06a8f420-c55d-4064-b0af-9862eabb487d{ip: 192.168.34.27, host: pr-hdds-2034-s5hcl-2472234065, networkLocation: /default-rack, certSerialId: null} reports an CLOSED replica.
2019-10-24 12:46:50,223 [EventQueue-ContainerReportForContainerReportHandler] WARN  container.ContainerReportHandler (AbstractContainerReportHandler.java:updateContainerState(145)) - Container #1 is in OPEN state, but the datanode b629121d-9414-4e6f-a533-8e2a2621a008{ip: 192.168.34.27, host: pr-hdds-2034-s5hcl-2472234065, networkLocation: /default-rack, certSerialId: null} reports an CLOSED replica.
2019-10-24 12:46:50,242 [EventQueue-ContainerReportForContainerReportHandler] WARN  container.ContainerReportHandler (AbstractContainerReportHandler.java:updateContainerState(145)) - Container #1 is in OPEN state, but the datanode 06a8f420-c55d-4064-b0af-9862eabb487d{ip: 192.168.34.27, host: pr-hdds-2034-s5hcl-2472234065, networkLocation: /default-rack, certSerialId: null} reports an CLOSED replica.
2019-10-24 12:46:50,421 [BlockDeletingService#2] WARN  background.BlockDeletingService (BlockDeletingService.java:isDeletionAllowed(187)) - Close Container log Index 6 is not replicated across allthe servers in the pipeline 547b3abb-e21a-4b37-ae70-113ff32a5128 as the min replicated index is 4. Deletion is not allowed in this container yet.
2019-10-24 12:46:50,421 [BlockDeletingService#2] WARN  background.BlockDeletingService (BlockDeletingService.java:isDeletionAllowed(187)) - Close Container log Index 6 is not replicated across allthe servers in the pipeline 547b3abb-e21a-4b37-ae70-113ff32a5128 as the min replicated index is 4. Deletion is not allowed in this container yet.
2019-10-24 12:46:50,424 [EventQueue-ContainerReportForContainerReportHandler] WARN  container.ContainerReportHandler (AbstractContainerReportHandler.java:updateContainerState(145)) - Container #1 is in OPEN state, but the datanode b629121d-9414-4e6f-a533-8e2a2621a008{ip: 192.168.34.27, host: pr-hdds-2034-s5hcl-2472234065, networkLocation: /default-rack, certSerialId: null} reports an CLOSED replica.
2019-10-24 12:46:50,643 [EventQueue-ContainerReportForContainerReportHandler] WARN  container.ContainerReportHandler (AbstractContainerReportHandler.java:updateContainerState(145)) - Container #1 is in OPEN state, but the datanode 06a8f420-c55d-4064-b0af-9862eabb487d{ip: 192.168.34.27, host: pr-hdds-2034-s5hcl-2472234065, networkLocation: /default-rack, certSerialId: null} reports an CLOSED replica.
2019-10-24 12:46:50,725 [EventQueue-ContainerReportForContainerReportHandler] WARN  container.ContainerReportHandler (AbstractContainerReportHandler.java:updateContainerState(145)) - Container #1 is in OPEN state, but the datanode b629121d-9414-4e6f-a533-8e2a2621a008{ip: 192.168.34.27, host: pr-hdds-2034-s5hcl-2472234065, networkLocation: /default-rack, certSerialId: null} reports an CLOSED replica.
2019-10-24 12:46:50,846 [EventQueue-ContainerReportForContainerReportHandler] WARN  container.ContainerReportHandler (AbstractContainerReportHandler.java:updateContainerState(145)) - Container #1 is in OPEN state, but the datanode 06a8f420-c55d-4064-b0af-9862eabb487d{ip: 192.168.34.27, host: pr-hdds-2034-s5hcl-2472234065, networkLocation: /default-rack, certSerialId: null} reports an CLOSED replica.
2019-10-24 12:46:51,024 [EventQueue-ContainerReportForContainerReportHandler] WARN  container.ContainerReportHandler (AbstractContainerReportHandler.java:updateContainerState(145)) - Container #1 is in OPEN state, but the datanode b629121d-9414-4e6f-a533-8e2a2621a008{ip: 192.168.34.27, host: pr-hdds-2034-s5hcl-2472234065, networkLocation: /default-rack, certSerialId: null} reports an CLOSED replica.
2019-10-24 12:46:51,143 [EventQueue-ContainerReportForContainerReportHandler] WARN  container.ContainerReportHandler (AbstractContainerReportHandler.java:updateContainerState(145)) - Container #1 is in OPEN state, but the datanode 06a8f420-c55d-4064-b0af-9862eabb487d{ip: 192.168.34.27, host: pr-hdds-2034-s5hcl-2472234065, networkLocation: /default-rack, certSerialId: null} reports an CLOSED replica.
2019-10-24 12:46:51,325 [EventQueue-ContainerReportForContainerReportHandler] WARN  container.ContainerReportHandler (AbstractContainerReportHandler.java:updateContainerState(145)) - Container #1 is in OPEN state, but the datanode b629121d-9414-4e6f-a533-8e2a2621a008{ip: 192.168.34.27, host: pr-hdds-2034-s5hcl-2472234065, networkLocation: /default-rack, certSerialId: null} reports an CLOSED replica.
2019-10-24 12:46:51,424 [BlockDeletingService#2] WARN  background.BlockDeletingService (BlockDeletingService.java:isDeletionAllowed(187)) - Close Container log Index 6 is not replicated across allthe servers in the pipeline 547b3abb-e21a-4b37-ae70-113ff32a5128 as the min replicated index is 4. Deletion is not allowed in this container yet.
2019-10-24 12:46:51,424 [BlockDeletingService#2] WARN  background.BlockDeletingService (BlockDeletingService.java:isDeletionAllowed(187)) - Close Container log Index 6 is not replicated across allthe servers in the pipeline 547b3abb-e21a-4b37-ae70-113ff32a5128 as the min replicated index is 4. Deletion is not allowed in this container yet.
2019-10-24 12:46:51,445 [EventQueue-ContainerReportForContainerReportHandler] WARN  container.ContainerReportHandler (AbstractContainerReportHandler.java:updateContainerState(145)) - Container #1 is in OPEN state, but the datanode 06a8f420-c55d-4064-b0af-9862eabb487d{ip: 192.168.34.27, host: pr-hdds-2034-s5hcl-2472234065, networkLocation: /default-rack, certSerialId: null} reports an CLOSED replica.
2019-10-24 12:46:51,625 [EventQueue-ContainerReportForContainerReportHandler] WARN  container.ContainerReportHandler (AbstractContainerReportHandler.java:updateContainerState(145)) - Container #1 is in OPEN state, but the datanode b629121d-9414-4e6f-a533-8e2a2621a008{ip: 192.168.34.27, host: pr-hdds-2034-s5hcl-2472234065, networkLocation: /default-rack, certSerialId: null} reports an CLOSED replica.
2019-10-24 12:46:51,749 [java.util.concurrent.ThreadPoolExecutor$Worker@626a3adc[State = -1, empty queue]] WARN  server.GrpcLogAppender (GrpcLogAppender.java:timeoutAppendRequest(209)) - b629121d-9414-4e6f-a533-8e2a2621a008@group-113FF32A5128->a49289a7-2fc4-4008-a49b-27c2b6921fe9-GrpcLogAppender: appendEntries Timeout, request=b629121d-9414-4e6f-a533-8e2a2621a008->a49289a7-2fc4-4008-a49b-27c2b6921fe9#29-t3, previous=(t:3, i:10), leaderCommit=10, initializing? false, entries: <empty>
2019-10-24 12:46:51,825 [EventQueue-ContainerReportForContainerReportHandler] WARN  container.ContainerReportHandler (AbstractContainerReportHandler.java:updateContainerState(145)) - Container #1 is in OPEN state, but the datanode b629121d-9414-4e6f-a533-8e2a2621a008{ip: 192.168.34.27, host: pr-hdds-2034-s5hcl-2472234065, networkLocation: /default-rack, certSerialId: null} reports an CLOSED replica.
2019-10-24 12:46:51,846 [EventQueue-ContainerReportForContainerReportHandler] WARN  container.ContainerReportHandler (AbstractContainerReportHandler.java:updateContainerState(145)) - Container #1 is in OPEN state, but the datanode 06a8f420-c55d-4064-b0af-9862eabb487d{ip: 192.168.34.27, host: pr-hdds-2034-s5hcl-2472234065, networkLocation: /default-rack, certSerialId: null} reports an CLOSED replica.
2019-10-24 12:46:52,046 [EventQueue-ContainerReportForContainerReportHandler] WARN  container.ContainerReportHandler (AbstractContainerReportHandler.java:updateContainerState(145)) - Container #1 is in OPEN state, but the datanode 06a8f420-c55d-4064-b0af-9862eabb487d{ip: 192.168.34.27, host: pr-hdds-2034-s5hcl-2472234065, networkLocation: /default-rack, certSerialId: null} reports an CLOSED replica.
2019-10-24 12:46:52,125 [EventQueue-ContainerReportForContainerReportHandler] WARN  container.ContainerReportHandler (AbstractContainerReportHandler.java:updateContainerState(145)) - Container #1 is in OPEN state, but the datanode b629121d-9414-4e6f-a533-8e2a2621a008{ip: 192.168.34.27, host: pr-hdds-2034-s5hcl-2472234065, networkLocation: /default-rack, certSerialId: null} reports an CLOSED replica.
2019-10-24 12:46:52,347 [EventQueue-ContainerReportForContainerReportHandler] WARN  container.ContainerReportHandler (AbstractContainerReportHandler.java:updateContainerState(145)) - Container #1 is in OPEN state, but the datanode 06a8f420-c55d-4064-b0af-9862eabb487d{ip: 192.168.34.27, host: pr-hdds-2034-s5hcl-2472234065, networkLocation: /default-rack, certSerialId: null} reports an CLOSED replica.
2019-10-24 12:46:52,426 [BlockDeletingService#2] WARN  background.BlockDeletingService (BlockDeletingService.java:isDeletionAllowed(187)) - Close Container log Index 6 is not replicated across allthe servers in the pipeline 547b3abb-e21a-4b37-ae70-113ff32a5128 as the min replicated index is 4. Deletion is not allowed in this container yet.
2019-10-24 12:46:52,426 [BlockDeletingService#2] WARN  background.BlockDeletingService (BlockDeletingService.java:isDeletionAllowed(187)) - Close Container log Index 6 is not replicated across allthe servers in the pipeline 547b3abb-e21a-4b37-ae70-113ff32a5128 as the min replicated index is 4. Deletion is not allowed in this container yet.
2019-10-24 12:46:52,525 [EventQueue-ContainerReportForContainerReportHandler] WARN  container.ContainerReportHandler (AbstractContainerReportHandler.java:updateContainerState(145)) - Container #1 is in OPEN state, but the datanode b629121d-9414-4e6f-a533-8e2a2621a008{ip: 192.168.34.27, host: pr-hdds-2034-s5hcl-2472234065, networkLocation: /default-rack, certSerialId: null} reports an CLOSED replica.
2019-10-24 12:46:52,547 [EventQueue-ContainerReportForContainerReportHandler] WARN  container.ContainerReportHandler (AbstractContainerReportHandler.java:updateContainerState(145)) - Container #1 is in OPEN state, but the datanode 06a8f420-c55d-4064-b0af-9862eabb487d{ip: 192.168.34.27, host: pr-hdds-2034-s5hcl-2472234065, networkLocation: /default-rack, certSerialId: null} reports an CLOSED replica.
2019-10-24 12:46:52,725 [EventQueue-ContainerReportForContainerReportHandler] WARN  container.ContainerReportHandler (AbstractContainerReportHandler.java:updateContainerState(145)) - Container #1 is in OPEN state, but the datanode b629121d-9414-4e6f-a533-8e2a2621a008{ip: 192.168.34.27, host: pr-hdds-2034-s5hcl-2472234065, networkLocation: /default-rack, certSerialId: null} reports an CLOSED replica.
2019-10-24 12:46:52,847 [EventQueue-ContainerReportForContainerReportHandler] WARN  container.ContainerReportHandler (AbstractContainerReportHandler.java:updateContainerState(145)) - Container #1 is in OPEN state, but the datanode 06a8f420-c55d-4064-b0af-9862eabb487d{ip: 192.168.34.27, host: pr-hdds-2034-s5hcl-2472234065, networkLocation: /default-rack, certSerialId: null} reports an CLOSED replica.
2019-10-24 12:46:53,026 [EventQueue-ContainerReportForContainerReportHandler] WARN  container.ContainerReportHandler (AbstractContainerReportHandler.java:updateContainerState(145)) - Container #1 is in OPEN state, but the datanode b629121d-9414-4e6f-a533-8e2a2621a008{ip: 192.168.34.27, host: pr-hdds-2034-s5hcl-2472234065, networkLocation: /default-rack, certSerialId: null} reports an CLOSED replica.
2019-10-24 12:46:53,147 [EventQueue-ContainerReportForContainerReportHandler] WARN  container.ContainerReportHandler (AbstractContainerReportHandler.java:updateContainerState(145)) - Container #1 is in OPEN state, but the datanode 06a8f420-c55d-4064-b0af-9862eabb487d{ip: 192.168.34.27, host: pr-hdds-2034-s5hcl-2472234065, networkLocation: /default-rack, certSerialId: null} reports an CLOSED replica.
2019-10-24 12:46:53,326 [EventQueue-ContainerReportForContainerReportHandler] WARN  container.ContainerReportHandler (AbstractContainerReportHandler.java:updateContainerState(145)) - Container #1 is in OPEN state, but the datanode b629121d-9414-4e6f-a533-8e2a2621a008{ip: 192.168.34.27, host: pr-hdds-2034-s5hcl-2472234065, networkLocation: /default-rack, certSerialId: null} reports an CLOSED replica.
2019-10-24 12:46:53,427 [BlockDeletingService#2] WARN  background.BlockDeletingService (BlockDeletingService.java:isDeletionAllowed(187)) - Close Container log Index 6 is not replicated across allthe servers in the pipeline 547b3abb-e21a-4b37-ae70-113ff32a5128 as the min replicated index is 4. Deletion is not allowed in this container yet.
2019-10-24 12:46:53,428 [BlockDeletingService#2] WARN  background.BlockDeletingService (BlockDeletingService.java:isDeletionAllowed(187)) - Close Container log Index 6 is not replicated across allthe servers in the pipeline 547b3abb-e21a-4b37-ae70-113ff32a5128 as the min replicated index is 4. Deletion is not allowed in this container yet.
2019-10-24 12:46:53,448 [EventQueue-ContainerReportForContainerReportHandler] WARN  container.ContainerReportHandler (AbstractContainerReportHandler.java:updateContainerState(145)) - Container #1 is in OPEN state, but the datanode 06a8f420-c55d-4064-b0af-9862eabb487d{ip: 192.168.34.27, host: pr-hdds-2034-s5hcl-2472234065, networkLocation: /default-rack, certSerialId: null} reports an CLOSED replica.
2019-10-24 12:46:53,626 [EventQueue-ContainerReportForContainerReportHandler] WARN  container.ContainerReportHandler (AbstractContainerReportHandler.java:updateContainerState(145)) - Container #1 is in OPEN state, but the datanode b629121d-9414-4e6f-a533-8e2a2621a008{ip: 192.168.34.27, host: pr-hdds-2034-s5hcl-2472234065, networkLocation: /default-rack, certSerialId: null} reports an CLOSED replica.
2019-10-24 12:46:53,748 [EventQueue-ContainerReportForContainerReportHandler] WARN  container.ContainerReportHandler (AbstractContainerReportHandler.java:updateContainerState(145)) - Container #1 is in OPEN state, but the datanode 06a8f420-c55d-4064-b0af-9862eabb487d{ip: 192.168.34.27, host: pr-hdds-2034-s5hcl-2472234065, networkLocation: /default-rack, certSerialId: null} reports an CLOSED replica.
2019-10-24 12:46:53,927 [EventQueue-ContainerReportForContainerReportHandler] WARN  container.ContainerReportHandler (AbstractContainerReportHandler.java:updateContainerState(145)) - Container #1 is in OPEN state, but the datanode b629121d-9414-4e6f-a533-8e2a2621a008{ip: 192.168.34.27, host: pr-hdds-2034-s5hcl-2472234065, networkLocation: /default-rack, certSerialId: null} reports an CLOSED replica.
2019-10-24 12:46:54,149 [EventQueue-ContainerReportForContainerReportHandler] WARN  container.ContainerReportHandler (AbstractContainerReportHandler.java:updateContainerState(145)) - Container #1 is in OPEN state, but the datanode 06a8f420-c55d-4064-b0af-9862eabb487d{ip: 192.168.34.27, host: pr-hdds-2034-s5hcl-2472234065, networkLocation: /default-rack, certSerialId: null} reports an CLOSED replica.
2019-10-24 12:46:54,228 [EventQueue-ContainerReportForContainerReportHandler] WARN  container.ContainerReportHandler (AbstractContainerReportHandler.java:updateContainerState(145)) - Container #1 is in OPEN state, but the datanode b629121d-9414-4e6f-a533-8e2a2621a008{ip: 192.168.34.27, host: pr-hdds-2034-s5hcl-2472234065, networkLocation: /default-rack, certSerialId: null} reports an CLOSED replica.
2019-10-24 12:46:54,251 [java.util.concurrent.ThreadPoolExecutor$Worker@626a3adc[State = -1, empty queue]] WARN  server.GrpcLogAppender (GrpcLogAppender.java:timeoutAppendRequest(209)) - b629121d-9414-4e6f-a533-8e2a2621a008@group-113FF32A5128->a49289a7-2fc4-4008-a49b-27c2b6921fe9-GrpcLogAppender: appendEntries Timeout, request=b629121d-9414-4e6f-a533-8e2a2621a008->a49289a7-2fc4-4008-a49b-27c2b6921fe9#30-t3, previous=(t:3, i:10), leaderCommit=10, initializing? false, entries: <empty>
2019-10-24 12:46:54,428 [EventQueue-ContainerReportForContainerReportHandler] WARN  container.ContainerReportHandler (AbstractContainerReportHandler.java:updateContainerState(145)) - Container #1 is in OPEN state, but the datanode b629121d-9414-4e6f-a533-8e2a2621a008{ip: 192.168.34.27, host: pr-hdds-2034-s5hcl-2472234065, networkLocation: /default-rack, certSerialId: null} reports an CLOSED replica.
2019-10-24 12:46:54,429 [BlockDeletingService#2] WARN  background.BlockDeletingService (BlockDeletingService.java:isDeletionAllowed(187)) - Close Container log Index 6 is not replicated across allthe servers in the pipeline 547b3abb-e21a-4b37-ae70-113ff32a5128 as the min replicated index is 4. Deletion is not allowed in this container yet.
2019-10-24 12:46:54,429 [BlockDeletingService#2] WARN  background.BlockDeletingService (BlockDeletingService.java:isDeletionAllowed(187)) - Close Container log Index 6 is not replicated across allthe servers in the pipeline 547b3abb-e21a-4b37-ae70-113ff32a5128 as the min replicated index is 4. Deletion is not allowed in this container yet.
2019-10-24 12:46:54,449 [EventQueue-ContainerReportForContainerReportHandler] WARN  container.ContainerReportHandler (AbstractContainerReportHandler.java:updateContainerState(145)) - Container #1 is in OPEN state, but the datanode 06a8f420-c55d-4064-b0af-9862eabb487d{ip: 192.168.34.27, host: pr-hdds-2034-s5hcl-2472234065, networkLocation: /default-rack, certSerialId: null} reports an CLOSED replica.
2019-10-24 12:46:54,649 [EventQueue-ContainerReportForContainerReportHandler] WARN  container.ContainerReportHandler (AbstractContainerReportHandler.java:updateContainerState(145)) - Container #1 is in OPEN state, but the datanode 06a8f420-c55d-4064-b0af-9862eabb487d{ip: 192.168.34.27, host: pr-hdds-2034-s5hcl-2472234065, networkLocation: /default-rack, certSerialId: null} reports an CLOSED replica.
2019-10-24 12:46:54,729 [EventQueue-ContainerReportForContainerReportHandler] WARN  container.ContainerReportHandler (AbstractContainerReportHandler.java:updateContainerState(145)) - Container #1 is in OPEN state, but the datanode b629121d-9414-4e6f-a533-8e2a2621a008{ip: 192.168.34.27, host: pr-hdds-2034-s5hcl-2472234065, networkLocation: /default-rack, certSerialId: null} reports an CLOSED replica.
2019-10-24 12:46:54,950 [EventQueue-ContainerReportForContainerReportHandler] WARN  container.ContainerReportHandler (AbstractContainerReportHandler.java:updateContainerState(145)) - Container #1 is in OPEN state, but the datanode 06a8f420-c55d-4064-b0af-9862eabb487d{ip: 192.168.34.27, host: pr-hdds-2034-s5hcl-2472234065, networkLocation: /default-rack, certSerialId: null} reports an CLOSED replica.
2019-10-24 12:46:55,029 [EventQueue-ContainerReportForContainerReportHandler] WARN  container.ContainerReportHandler (AbstractContainerReportHandler.java:updateContainerState(145)) - Container #1 is in OPEN state, but the datanode b629121d-9414-4e6f-a533-8e2a2621a008{ip: 192.168.34.27, host: pr-hdds-2034-s5hcl-2472234065, networkLocation: /default-rack, certSerialId: null} reports an CLOSED replica.
2019-10-24 12:46:55,150 [EventQueue-ContainerReportForContainerReportHandler] WARN  container.ContainerReportHandler (AbstractContainerReportHandler.java:updateContainerState(145)) - Container #1 is in OPEN state, but the datanode 06a8f420-c55d-4064-b0af-9862eabb487d{ip: 192.168.34.27, host: pr-hdds-2034-s5hcl-2472234065, networkLocation: /default-rack, certSerialId: null} reports an CLOSED replica.
2019-10-24 12:46:55,228 [EventQueue-ContainerReportForContainerReportHandler] WARN  container.ContainerReportHandler (AbstractContainerReportHandler.java:updateContainerState(145)) - Container #1 is in OPEN state, but the datanode b629121d-9414-4e6f-a533-8e2a2621a008{ip: 192.168.34.27, host: pr-hdds-2034-s5hcl-2472234065, networkLocation: /default-rack, certSerialId: null} reports an CLOSED replica.
2019-10-24 12:46:55,431 [BlockDeletingService#2] WARN  background.BlockDeletingService (BlockDeletingService.java:isDeletionAllowed(187)) - Close Container log Index 6 is not replicated across allthe servers in the pipeline 547b3abb-e21a-4b37-ae70-113ff32a5128 as the min replicated index is 4. Deletion is not allowed in this container yet.
2019-10-24 12:46:55,431 [BlockDeletingService#2] WARN  background.BlockDeletingService (BlockDeletingService.java:isDeletionAllowed(187)) - Close Container log Index 6 is not replicated across allthe servers in the pipeline 547b3abb-e21a-4b37-ae70-113ff32a5128 as the min replicated index is 4. Deletion is not allowed in this container yet.
2019-10-24 12:46:55,529 [EventQueue-ContainerReportForContainerReportHandler] WARN  container.ContainerReportHandler (AbstractContainerReportHandler.java:updateContainerState(145)) - Container #1 is in OPEN state, but the datanode b629121d-9414-4e6f-a533-8e2a2621a008{ip: 192.168.34.27, host: pr-hdds-2034-s5hcl-2472234065, networkLocation: /default-rack, certSerialId: null} reports an CLOSED replica.
2019-10-24 12:46:55,550 [EventQueue-ContainerReportForContainerReportHandler] WARN  container.ContainerReportHandler (AbstractContainerReportHandler.java:updateContainerState(145)) - Container #1 is in OPEN state, but the datanode 06a8f420-c55d-4064-b0af-9862eabb487d{ip: 192.168.34.27, host: pr-hdds-2034-s5hcl-2472234065, networkLocation: /default-rack, certSerialId: null} reports an CLOSED replica.
2019-10-24 12:46:55,830 [EventQueue-ContainerReportForContainerReportHandler] WARN  container.ContainerReportHandler (AbstractContainerReportHandler.java:updateContainerState(145)) - Container #1 is in OPEN state, but the datanode b629121d-9414-4e6f-a533-8e2a2621a008{ip: 192.168.34.27, host: pr-hdds-2034-s5hcl-2472234065, networkLocation: /default-rack, certSerialId: null} reports an CLOSED replica.
2019-10-24 12:46:55,851 [EventQueue-ContainerReportForContainerReportHandler] WARN  container.ContainerReportHandler (AbstractContainerReportHandler.java:updateContainerState(145)) - Container #1 is in OPEN state, but the datanode 06a8f420-c55d-4064-b0af-9862eabb487d{ip: 192.168.34.27, host: pr-hdds-2034-s5hcl-2472234065, networkLocation: /default-rack, certSerialId: null} reports an CLOSED replica.
2019-10-24 12:46:56,052 [EventQueue-ContainerReportForContainerReportHandler] WARN  container.ContainerReportHandler (AbstractContainerReportHandler.java:updateContainerState(145)) - Container #1 is in OPEN state, but the datanode 06a8f420-c55d-4064-b0af-9862eabb487d{ip: 192.168.34.27, host: pr-hdds-2034-s5hcl-2472234065, networkLocation: /default-rack, certSerialId: null} reports an CLOSED replica.
2019-10-24 12:46:56,130 [EventQueue-ContainerReportForContainerReportHandler] WARN  container.ContainerReportHandler (AbstractContainerReportHandler.java:updateContainerState(145)) - Container #1 is in OPEN state, but the datanode b629121d-9414-4e6f-a533-8e2a2621a008{ip: 192.168.34.27, host: pr-hdds-2034-s5hcl-2472234065, networkLocation: /default-rack, certSerialId: null} reports an CLOSED replica.
2019-10-24 12:46:56,353 [EventQueue-ContainerReportForContainerReportHandler] WARN  container.ContainerReportHandler (AbstractContainerReportHandler.java:updateContainerState(145)) - Container #1 is in OPEN state, but the datanode 06a8f420-c55d-4064-b0af-9862eabb487d{ip: 192.168.34.27, host: pr-hdds-2034-s5hcl-2472234065, networkLocation: /default-rack, certSerialId: null} reports an CLOSED replica.
2019-10-24 12:46:56,433 [BlockDeletingService#2] WARN  background.BlockDeletingService (BlockDeletingService.java:isDeletionAllowed(187)) - Close Container log Index 6 is not replicated across allthe servers in the pipeline 547b3abb-e21a-4b37-ae70-113ff32a5128 as the min replicated index is 4. Deletion is not allowed in this container yet.
2019-10-24 12:46:56,433 [BlockDeletingService#2] WARN  background.BlockDeletingService (BlockDeletingService.java:isDeletionAllowed(187)) - Close Container log Index 6 is not replicated across allthe servers in the pipeline 547b3abb-e21a-4b37-ae70-113ff32a5128 as the min replicated index is 4. Deletion is not allowed in this container yet.
2019-10-24 12:46:56,531 [EventQueue-ContainerReportForContainerReportHandler] WARN  container.ContainerReportHandler (AbstractContainerReportHandler.java:updateContainerState(145)) - Container #1 is in OPEN state, but the datanode b629121d-9414-4e6f-a533-8e2a2621a008{ip: 192.168.34.27, host: pr-hdds-2034-s5hcl-2472234065, networkLocation: /default-rack, certSerialId: null} reports an CLOSED replica.
2019-10-24 12:46:56,731 [EventQueue-ContainerReportForContainerReportHandler] WARN  container.ContainerReportHandler (AbstractContainerReportHandler.java:updateContainerState(145)) - Container #1 is in OPEN state, but the datanode b629121d-9414-4e6f-a533-8e2a2621a008{ip: 192.168.34.27, host: pr-hdds-2034-s5hcl-2472234065, networkLocation: /default-rack, certSerialId: null} reports an CLOSED replica.
2019-10-24 12:46:56,752 [java.util.concurrent.ThreadPoolExecutor$Worker@626a3adc[State = -1, empty queue]] WARN  server.GrpcLogAppender (GrpcLogAppender.java:timeoutAppendRequest(209)) - b629121d-9414-4e6f-a533-8e2a2621a008@group-113FF32A5128->a49289a7-2fc4-4008-a49b-27c2b6921fe9-GrpcLogAppender: appendEntries Timeout, request=b629121d-9414-4e6f-a533-8e2a2621a008->a49289a7-2fc4-4008-a49b-27c2b6921fe9#31-t3, previous=(t:3, i:10), leaderCommit=10, initializing? false, entries: <empty>
2019-10-24 12:46:56,753 [EventQueue-ContainerReportForContainerReportHandler] WARN  container.ContainerReportHandler (AbstractContainerReportHandler.java:updateContainerState(145)) - Container #1 is in OPEN state, but the datanode 06a8f420-c55d-4064-b0af-9862eabb487d{ip: 192.168.34.27, host: pr-hdds-2034-s5hcl-2472234065, networkLocation: /default-rack, certSerialId: null} reports an CLOSED replica.
2019-10-24 12:46:57,030 [EventQueue-ContainerReportForContainerReportHandler] WARN  container.ContainerReportHandler (AbstractContainerReportHandler.java:updateContainerState(145)) - Container #1 is in OPEN state, but the datanode b629121d-9414-4e6f-a533-8e2a2621a008{ip: 192.168.34.27, host: pr-hdds-2034-s5hcl-2472234065, networkLocation: /default-rack, certSerialId: null} reports an CLOSED replica.
2019-10-24 12:46:57,053 [EventQueue-ContainerReportForContainerReportHandler] WARN  container.ContainerReportHandler (AbstractContainerReportHandler.java:updateContainerState(145)) - Container #1 is in OPEN state, but the datanode 06a8f420-c55d-4064-b0af-9862eabb487d{ip: 192.168.34.27, host: pr-hdds-2034-s5hcl-2472234065, networkLocation: /default-rack, certSerialId: null} reports an CLOSED replica.
2019-10-24 12:46:57,254 [EventQueue-ContainerReportForContainerReportHandler] WARN  container.ContainerReportHandler (AbstractContainerReportHandler.java:updateContainerState(145)) - Container #1 is in OPEN state, but the datanode 06a8f420-c55d-4064-b0af-9862eabb487d{ip: 192.168.34.27, host: pr-hdds-2034-s5hcl-2472234065, networkLocation: /default-rack, certSerialId: null} reports an CLOSED replica.
2019-10-24 12:46:57,331 [EventQueue-ContainerReportForContainerReportHandler] WARN  container.ContainerReportHandler (AbstractContainerReportHandler.java:updateContainerState(145)) - Container #1 is in OPEN state, but the datanode b629121d-9414-4e6f-a533-8e2a2621a008{ip: 192.168.34.27, host: pr-hdds-2034-s5hcl-2472234065, networkLocation: /default-rack, certSerialId: null} reports an CLOSED replica.
2019-10-24 12:46:57,436 [BlockDeletingService#2] WARN  background.BlockDeletingService (BlockDeletingService.java:isDeletionAllowed(187)) - Close Container log Index 6 is not replicated across allthe servers in the pipeline 547b3abb-e21a-4b37-ae70-113ff32a5128 as the min replicated index is 4. Deletion is not allowed in this container yet.
2019-10-24 12:46:57,436 [BlockDeletingService#2] WARN  background.BlockDeletingService (BlockDeletingService.java:isDeletionAllowed(187)) - Close Container log Index 6 is not replicated across allthe servers in the pipeline 547b3abb-e21a-4b37-ae70-113ff32a5128 as the min replicated index is 4. Deletion is not allowed in this container yet.
2019-10-24 12:46:57,555 [EventQueue-ContainerReportForContainerReportHandler] WARN  container.ContainerReportHandler (AbstractContainerReportHandler.java:updateContainerState(145)) - Container #1 is in OPEN state, but the datanode 06a8f420-c55d-4064-b0af-9862eabb487d{ip: 192.168.34.27, host: pr-hdds-2034-s5hcl-2472234065, networkLocation: /default-rack, certSerialId: null} reports an CLOSED replica.
2019-10-24 12:46:57,631 [EventQueue-ContainerReportForContainerReportHandler] WARN  container.ContainerReportHandler (AbstractContainerReportHandler.java:updateContainerState(145)) - Container #1 is in OPEN state, but the datanode b629121d-9414-4e6f-a533-8e2a2621a008{ip: 192.168.34.27, host: pr-hdds-2034-s5hcl-2472234065, networkLocation: /default-rack, certSerialId: null} reports an CLOSED replica.
2019-10-24 12:46:57,756 [Thread-412] INFO  client.GrpcClientProtocolService (GrpcClientProtocolService.java:lambda$processClientRequest$0(279)) - Failed RaftClientRequest:client-961AB5C49053->b629121d-9414-4e6f-a533-8e2a2621a008@group-113FF32A5128, cid=4, seq=0, Watch-ALL_COMMITTED(6), Message:<EMPTY>, reply=RaftClientReply:client-961AB5C49053->b629121d-9414-4e6f-a533-8e2a2621a008@group-113FF32A5128, cid=4, FAILED org.apache.ratis.protocol.NotReplicatedException: Request with call Id 4 and log index 6 is not yet replicated to ALL_COMMITTED, logIndex=6, commits[b629121d-9414-4e6f-a533-8e2a2621a008:c10, a49289a7-2fc4-4008-a49b-27c2b6921fe9:c4, 06a8f420-c55d-4064-b0af-9862eabb487d:c10]
2019-10-24 12:46:57,855 [EventQueue-ContainerReportForContainerReportHandler] WARN  container.ContainerReportHandler (AbstractContainerReportHandler.java:updateContainerState(145)) - Container #1 is in OPEN state, but the datanode 06a8f420-c55d-4064-b0af-9862eabb487d{ip: 192.168.34.27, host: pr-hdds-2034-s5hcl-2472234065, networkLocation: /default-rack, certSerialId: null} reports an CLOSED replica.
2019-10-24 12:46:57,931 [EventQueue-ContainerReportForContainerReportHandler] WARN  container.ContainerReportHandler (AbstractContainerReportHandler.java:updateContainerState(145)) - Container #1 is in OPEN state, but the datanode b629121d-9414-4e6f-a533-8e2a2621a008{ip: 192.168.34.27, host: pr-hdds-2034-s5hcl-2472234065, networkLocation: /default-rack, certSerialId: null} reports an CLOSED replica.
2019-10-24 12:46:58,154 [EventQueue-ContainerReportForContainerReportHandler] WARN  container.ContainerReportHandler (AbstractContainerReportHandler.java:updateContainerState(145)) - Container #1 is in OPEN state, but the datanode 06a8f420-c55d-4064-b0af-9862eabb487d{ip: 192.168.34.27, host: pr-hdds-2034-s5hcl-2472234065, networkLocation: /default-rack, certSerialId: null} reports an CLOSED replica.
2019-10-24 12:46:58,332 [EventQueue-ContainerReportForContainerReportHandler] WARN  container.ContainerReportHandler (AbstractContainerReportHandler.java:updateContainerState(145)) - Container #1 is in OPEN state, but the datanode b629121d-9414-4e6f-a533-8e2a2621a008{ip: 192.168.34.27, host: pr-hdds-2034-s5hcl-2472234065, networkLocation: /default-rack, certSerialId: null} reports an CLOSED replica.
2019-10-24 12:46:58,438 [BlockDeletingService#2] WARN  background.BlockDeletingService (BlockDeletingService.java:isDeletionAllowed(187)) - Close Container log Index 6 is not replicated across allthe servers in the pipeline 547b3abb-e21a-4b37-ae70-113ff32a5128 as the min replicated index is 4. Deletion is not allowed in this container yet.
2019-10-24 12:46:58,438 [BlockDeletingService#2] WARN  background.BlockDeletingService (BlockDeletingService.java:isDeletionAllowed(187)) - Close Container log Index 6 is not replicated across allthe servers in the pipeline 547b3abb-e21a-4b37-ae70-113ff32a5128 as the min replicated index is 4. Deletion is not allowed in this container yet.
2019-10-24 12:46:58,455 [EventQueue-ContainerReportForContainerReportHandler] WARN  container.ContainerReportHandler (AbstractContainerReportHandler.java:updateContainerState(145)) - Container #1 is in OPEN state, but the datanode 06a8f420-c55d-4064-b0af-9862eabb487d{ip: 192.168.34.27, host: pr-hdds-2034-s5hcl-2472234065, networkLocation: /default-rack, certSerialId: null} reports an CLOSED replica.
2019-10-24 12:46:58,532 [EventQueue-ContainerReportForContainerReportHandler] WARN  container.ContainerReportHandler (AbstractContainerReportHandler.java:updateContainerState(145)) - Container #1 is in OPEN state, but the datanode b629121d-9414-4e6f-a533-8e2a2621a008{ip: 192.168.34.27, host: pr-hdds-2034-s5hcl-2472234065, networkLocation: /default-rack, certSerialId: null} reports an CLOSED replica.
2019-10-24 12:46:58,655 [EventQueue-ContainerReportForContainerReportHandler] WARN  container.ContainerReportHandler (AbstractContainerReportHandler.java:updateContainerState(145)) - Container #1 is in OPEN state, but the datanode 06a8f420-c55d-4064-b0af-9862eabb487d{ip: 192.168.34.27, host: pr-hdds-2034-s5hcl-2472234065, networkLocation: /default-rack, certSerialId: null} reports an CLOSED replica.
2019-10-24 12:46:58,731 [EventQueue-ContainerReportForContainerReportHandler] WARN  container.ContainerReportHandler (AbstractContainerReportHandler.java:updateContainerState(145)) - Container #1 is in OPEN state, but the datanode b629121d-9414-4e6f-a533-8e2a2621a008{ip: 192.168.34.27, host: pr-hdds-2034-s5hcl-2472234065, networkLocation: /default-rack, certSerialId: null} reports an CLOSED replica.
2019-10-24 12:46:59,056 [EventQueue-ContainerReportForContainerReportHandler] WARN  container.ContainerReportHandler (AbstractContainerReportHandler.java:updateContainerState(145)) - Container #1 is in OPEN state, but the datanode 06a8f420-c55d-4064-b0af-9862eabb487d{ip: 192.168.34.27, host: pr-hdds-2034-s5hcl-2472234065, networkLocation: /default-rack, certSerialId: null} reports an CLOSED replica.
2019-10-24 12:46:59,132 [EventQueue-ContainerReportForContainerReportHandler] WARN  container.ContainerReportHandler (AbstractContainerReportHandler.java:updateContainerState(145)) - Container #1 is in OPEN state, but the datanode b629121d-9414-4e6f-a533-8e2a2621a008{ip: 192.168.34.27, host: pr-hdds-2034-s5hcl-2472234065, networkLocation: /default-rack, certSerialId: null} reports an CLOSED replica.
2019-10-24 12:46:59,253 [java.util.concurrent.ThreadPoolExecutor$Worker@626a3adc[State = -1, empty queue]] WARN  server.GrpcLogAppender (GrpcLogAppender.java:timeoutAppendRequest(209)) - b629121d-9414-4e6f-a533-8e2a2621a008@group-113FF32A5128->a49289a7-2fc4-4008-a49b-27c2b6921fe9-GrpcLogAppender: appendEntries Timeout, request=b629121d-9414-4e6f-a533-8e2a2621a008->a49289a7-2fc4-4008-a49b-27c2b6921fe9#32-t3, previous=(t:3, i:10), leaderCommit=10, initializing? false, entries: <empty>
2019-10-24 12:46:59,257 [EventQueue-ContainerReportForContainerReportHandler] WARN  container.ContainerReportHandler (AbstractContainerReportHandler.java:updateContainerState(145)) - Container #1 is in OPEN state, but the datanode 06a8f420-c55d-4064-b0af-9862eabb487d{ip: 192.168.34.27, host: pr-hdds-2034-s5hcl-2472234065, networkLocation: /default-rack, certSerialId: null} reports an CLOSED replica.
2019-10-24 12:46:59,442 [BlockDeletingService#2] WARN  background.BlockDeletingService (BlockDeletingService.java:isDeletionAllowed(187)) - Close Container log Index 6 is not replicated across allthe servers in the pipeline 547b3abb-e21a-4b37-ae70-113ff32a5128 as the min replicated index is 4. Deletion is not allowed in this container yet.
2019-10-24 12:46:59,442 [BlockDeletingService#2] WARN  background.BlockDeletingService (BlockDeletingService.java:isDeletionAllowed(187)) - Close Container log Index 6 is not replicated across allthe servers in the pipeline 547b3abb-e21a-4b37-ae70-113ff32a5128 as the min replicated index is 4. Deletion is not allowed in this container yet.
2019-10-24 12:46:59,457 [EventQueue-ContainerReportForContainerReportHandler] WARN  container.ContainerReportHandler (AbstractContainerReportHandler.java:updateContainerState(145)) - Container #1 is in OPEN state, but the datanode 06a8f420-c55d-4064-b0af-9862eabb487d{ip: 192.168.34.27, host: pr-hdds-2034-s5hcl-2472234065, networkLocation: /default-rack, certSerialId: null} reports an CLOSED replica.
2019-10-24 12:46:59,532 [EventQueue-ContainerReportForContainerReportHandler] WARN  container.ContainerReportHandler (AbstractContainerReportHandler.java:updateContainerState(145)) - Container #1 is in OPEN state, but the datanode b629121d-9414-4e6f-a533-8e2a2621a008{ip: 192.168.34.27, host: pr-hdds-2034-s5hcl-2472234065, networkLocation: /default-rack, certSerialId: null} reports an CLOSED replica.
2019-10-24 12:46:59,732 [EventQueue-ContainerReportForContainerReportHandler] WARN  container.ContainerReportHandler (AbstractContainerReportHandler.java:updateContainerState(145)) - Container #1 is in OPEN state, but the datanode b629121d-9414-4e6f-a533-8e2a2621a008{ip: 192.168.34.27, host: pr-hdds-2034-s5hcl-2472234065, networkLocation: /default-rack, certSerialId: null} reports an CLOSED replica.
2019-10-24 12:46:59,757 [EventQueue-ContainerReportForContainerReportHandler] WARN  container.ContainerReportHandler (AbstractContainerReportHandler.java:updateContainerState(145)) - Container #1 is in OPEN state, but the datanode 06a8f420-c55d-4064-b0af-9862eabb487d{ip: 192.168.34.27, host: pr-hdds-2034-s5hcl-2472234065, networkLocation: /default-rack, certSerialId: null} reports an CLOSED replica.
2019-10-24 12:46:59,932 [EventQueue-ContainerReportForContainerReportHandler] WARN  container.ContainerReportHandler (AbstractContainerReportHandler.java:updateContainerState(145)) - Container #1 is in OPEN state, but the datanode b629121d-9414-4e6f-a533-8e2a2621a008{ip: 192.168.34.27, host: pr-hdds-2034-s5hcl-2472234065, networkLocation: /default-rack, certSerialId: null} reports an CLOSED replica.
2019-10-24 12:47:00,157 [EventQueue-ContainerReportForContainerReportHandler] WARN  container.ContainerReportHandler (AbstractContainerReportHandler.java:updateContainerState(145)) - Container #1 is in OPEN state, but the datanode 06a8f420-c55d-4064-b0af-9862eabb487d{ip: 192.168.34.27, host: pr-hdds-2034-s5hcl-2472234065, networkLocation: /default-rack, certSerialId: null} reports an CLOSED replica.
2019-10-24 12:47:00,233 [EventQueue-ContainerReportForContainerReportHandler] WARN  container.ContainerReportHandler (AbstractContainerReportHandler.java:updateContainerState(145)) - Container #1 is in OPEN state, but the datanode b629121d-9414-4e6f-a533-8e2a2621a008{ip: 192.168.34.27, host: pr-hdds-2034-s5hcl-2472234065, networkLocation: /default-rack, certSerialId: null} reports an CLOSED replica.
2019-10-24 12:47:00,358 [EventQueue-ContainerReportForContainerReportHandler] WARN  container.ContainerReportHandler (AbstractContainerReportHandler.java:updateContainerState(145)) - Container #1 is in OPEN state, but the datanode 06a8f420-c55d-4064-b0af-9862eabb487d{ip: 192.168.34.27, host: pr-hdds-2034-s5hcl-2472234065, networkLocation: /default-rack, certSerialId: null} reports an CLOSED replica.
2019-10-24 12:47:00,443 [BlockDeletingService#2] WARN  background.BlockDeletingService (BlockDeletingService.java:isDeletionAllowed(187)) - Close Container log Index 6 is not replicated across allthe servers in the pipeline 547b3abb-e21a-4b37-ae70-113ff32a5128 as the min replicated index is 4. Deletion is not allowed in this container yet.
2019-10-24 12:47:00,444 [BlockDeletingService#2] WARN  background.BlockDeletingService (BlockDeletingService.java:isDeletionAllowed(187)) - Close Container log Index 6 is not replicated across allthe servers in the pipeline 547b3abb-e21a-4b37-ae70-113ff32a5128 as the min replicated index is 4. Deletion is not allowed in this container yet.
2019-10-24 12:47:00,533 [EventQueue-ContainerReportForContainerReportHandler] WARN  container.ContainerReportHandler (AbstractContainerReportHandler.java:updateContainerState(145)) - Container #1 is in OPEN state, but the datanode b629121d-9414-4e6f-a533-8e2a2621a008{ip: 192.168.34.27, host: pr-hdds-2034-s5hcl-2472234065, networkLocation: /default-rack, certSerialId: null} reports an CLOSED replica.
2019-10-24 12:47:00,659 [EventQueue-ContainerReportForContainerReportHandler] WARN  container.ContainerReportHandler (AbstractContainerReportHandler.java:updateContainerState(145)) - Container #1 is in OPEN state, but the datanode 06a8f420-c55d-4064-b0af-9862eabb487d{ip: 192.168.34.27, host: pr-hdds-2034-s5hcl-2472234065, networkLocation: /default-rack, certSerialId: null} reports an CLOSED replica.
2019-10-24 12:47:00,732 [EventQueue-ContainerReportForContainerReportHandler] WARN  container.ContainerReportHandler (AbstractContainerReportHandler.java:updateContainerState(145)) - Container #1 is in OPEN state, but the datanode b629121d-9414-4e6f-a533-8e2a2621a008{ip: 192.168.34.27, host: pr-hdds-2034-s5hcl-2472234065, networkLocation: /default-rack, certSerialId: null} reports an CLOSED replica.
2019-10-24 12:47:01,033 [EventQueue-ContainerReportForContainerReportHandler] WARN  container.ContainerReportHandler (AbstractContainerReportHandler.java:updateContainerState(145)) - Container #1 is in OPEN state, but the datanode b629121d-9414-4e6f-a533-8e2a2621a008{ip: 192.168.34.27, host: pr-hdds-2034-s5hcl-2472234065, networkLocation: /default-rack, certSerialId: null} reports an CLOSED replica.
2019-10-24 12:47:01,060 [EventQueue-ContainerReportForContainerReportHandler] WARN  container.ContainerReportHandler (AbstractContainerReportHandler.java:updateContainerState(145)) - Container #1 is in OPEN state, but the datanode 06a8f420-c55d-4064-b0af-9862eabb487d{ip: 192.168.34.27, host: pr-hdds-2034-s5hcl-2472234065, networkLocation: /default-rack, certSerialId: null} reports an CLOSED replica.
2019-10-24 12:47:01,260 [EventQueue-ContainerReportForContainerReportHandler] WARN  container.ContainerReportHandler (AbstractContainerReportHandler.java:updateContainerState(145)) - Container #1 is in OPEN state, but the datanode 06a8f420-c55d-4064-b0af-9862eabb487d{ip: 192.168.34.27, host: pr-hdds-2034-s5hcl-2472234065, networkLocation: /default-rack, certSerialId: null} reports an CLOSED replica.
2019-10-24 12:47:01,335 [EventQueue-ContainerReportForContainerReportHandler] WARN  container.ContainerReportHandler (AbstractContainerReportHandler.java:updateContainerState(145)) - Container #1 is in OPEN state, but the datanode b629121d-9414-4e6f-a533-8e2a2621a008{ip: 192.168.34.27, host: pr-hdds-2034-s5hcl-2472234065, networkLocation: /default-rack, certSerialId: null} reports an CLOSED replica.
2019-10-24 12:47:01,445 [BlockDeletingService#2] WARN  background.BlockDeletingService (BlockDeletingService.java:isDeletionAllowed(187)) - Close Container log Index 6 is not replicated across allthe servers in the pipeline 547b3abb-e21a-4b37-ae70-113ff32a5128 as the min replicated index is 4. Deletion is not allowed in this container yet.
2019-10-24 12:47:01,445 [BlockDeletingService#2] WARN  background.BlockDeletingService (BlockDeletingService.java:isDeletionAllowed(187)) - Close Container log Index 6 is not replicated across allthe servers in the pipeline 547b3abb-e21a-4b37-ae70-113ff32a5128 as the min replicated index is 4. Deletion is not allowed in this container yet.
2019-10-24 12:47:01,660 [EventQueue-ContainerReportForContainerReportHandler] WARN  container.ContainerReportHandler (AbstractContainerReportHandler.java:updateContainerState(145)) - Container #1 is in OPEN state, but the datanode 06a8f420-c55d-4064-b0af-9862eabb487d{ip: 192.168.34.27, host: pr-hdds-2034-s5hcl-2472234065, networkLocation: /default-rack, certSerialId: null} reports an CLOSED replica.
2019-10-24 12:47:01,734 [EventQueue-ContainerReportForContainerReportHandler] WARN  container.ContainerReportHandler (AbstractContainerReportHandler.java:updateContainerState(145)) - Container #1 is in OPEN state, but the datanode b629121d-9414-4e6f-a533-8e2a2621a008{ip: 192.168.34.27, host: pr-hdds-2034-s5hcl-2472234065, networkLocation: /default-rack, certSerialId: null} reports an CLOSED replica.
2019-10-24 12:47:01,754 [java.util.concurrent.ThreadPoolExecutor$Worker@626a3adc[State = -1, empty queue]] WARN  server.GrpcLogAppender (GrpcLogAppender.java:timeoutAppendRequest(209)) - b629121d-9414-4e6f-a533-8e2a2621a008@group-113FF32A5128->a49289a7-2fc4-4008-a49b-27c2b6921fe9-GrpcLogAppender: appendEntries Timeout, request=b629121d-9414-4e6f-a533-8e2a2621a008->a49289a7-2fc4-4008-a49b-27c2b6921fe9#33-t3, previous=(t:3, i:10), leaderCommit=10, initializing? false, entries: <empty>
2019-10-24 12:47:01,861 [EventQueue-ContainerReportForContainerReportHandler] WARN  container.ContainerReportHandler (AbstractContainerReportHandler.java:updateContainerState(145)) - Container #1 is in OPEN state, but the datanode 06a8f420-c55d-4064-b0af-9862eabb487d{ip: 192.168.34.27, host: pr-hdds-2034-s5hcl-2472234065, networkLocation: /default-rack, certSerialId: null} reports an CLOSED replica.
2019-10-24 12:47:02,135 [EventQueue-ContainerReportForContainerReportHandler] WARN  container.ContainerReportHandler (AbstractContainerReportHandler.java:updateContainerState(145)) - Container #1 is in OPEN state, but the datanode b629121d-9414-4e6f-a533-8e2a2621a008{ip: 192.168.34.27, host: pr-hdds-2034-s5hcl-2472234065, networkLocation: /default-rack, certSerialId: null} reports an CLOSED replica.
2019-10-24 12:47:02,160 [EventQueue-ContainerReportForContainerReportHandler] WARN  container.ContainerReportHandler (AbstractContainerReportHandler.java:updateContainerState(145)) - Container #1 is in OPEN state, but the datanode 06a8f420-c55d-4064-b0af-9862eabb487d{ip: 192.168.34.27, host: pr-hdds-2034-s5hcl-2472234065, networkLocation: /default-rack, certSerialId: null} reports an CLOSED replica.
2019-10-24 12:47:02,335 [EventQueue-ContainerReportForContainerReportHandler] WARN  container.ContainerReportHandler (AbstractContainerReportHandler.java:updateContainerState(145)) - Container #1 is in OPEN state, but the datanode b629121d-9414-4e6f-a533-8e2a2621a008{ip: 192.168.34.27, host: pr-hdds-2034-s5hcl-2472234065, networkLocation: /default-rack, certSerialId: null} reports an CLOSED replica.
2019-10-24 12:47:02,449 [BlockDeletingService#2] WARN  background.BlockDeletingService (BlockDeletingService.java:isDeletionAllowed(187)) - Close Container log Index 6 is not replicated across allthe servers in the pipeline 547b3abb-e21a-4b37-ae70-113ff32a5128 as the min replicated index is 4. Deletion is not allowed in this container yet.
2019-10-24 12:47:02,449 [BlockDeletingService#2] WARN  background.BlockDeletingService (BlockDeletingService.java:isDeletionAllowed(187)) - Close Container log Index 6 is not replicated across allthe servers in the pipeline 547b3abb-e21a-4b37-ae70-113ff32a5128 as the min replicated index is 4. Deletion is not allowed in this container yet.
2019-10-24 12:47:02,460 [EventQueue-ContainerReportForContainerReportHandler] WARN  container.ContainerReportHandler (AbstractContainerReportHandler.java:updateContainerState(145)) - Container #1 is in OPEN state, but the datanode 06a8f420-c55d-4064-b0af-9862eabb487d{ip: 192.168.34.27, host: pr-hdds-2034-s5hcl-2472234065, networkLocation: /default-rack, certSerialId: null} reports an CLOSED replica.
2019-10-24 12:47:02,635 [EventQueue-ContainerReportForContainerReportHandler] WARN  container.ContainerReportHandler (AbstractContainerReportHandler.java:updateContainerState(145)) - Container #1 is in OPEN state, but the datanode b629121d-9414-4e6f-a533-8e2a2621a008{ip: 192.168.34.27, host: pr-hdds-2034-s5hcl-2472234065, networkLocation: /default-rack, certSerialId: null} reports an CLOSED replica.
2019-10-24 12:47:02,761 [EventQueue-ContainerReportForContainerReportHandler] WARN  container.ContainerReportHandler (AbstractContainerReportHandler.java:updateContainerState(145)) - Container #1 is in OPEN state, but the datanode 06a8f420-c55d-4064-b0af-9862eabb487d{ip: 192.168.34.27, host: pr-hdds-2034-s5hcl-2472234065, networkLocation: /default-rack, certSerialId: null} reports an CLOSED replica.
2019-10-24 12:47:02,935 [EventQueue-ContainerReportForContainerReportHandler] WARN  container.ContainerReportHandler (AbstractContainerReportHandler.java:updateContainerState(145)) - Container #1 is in OPEN state, but the datanode b629121d-9414-4e6f-a533-8e2a2621a008{ip: 192.168.34.27, host: pr-hdds-2034-s5hcl-2472234065, networkLocation: /default-rack, certSerialId: null} reports an CLOSED replica.
2019-10-24 12:47:03,134 [EventQueue-ContainerReportForContainerReportHandler] WARN  container.ContainerReportHandler (AbstractContainerReportHandler.java:updateContainerState(145)) - Container #1 is in OPEN state, but the datanode b629121d-9414-4e6f-a533-8e2a2621a008{ip: 192.168.34.27, host: pr-hdds-2034-s5hcl-2472234065, networkLocation: /default-rack, certSerialId: null} reports an CLOSED replica.
2019-10-24 12:47:03,162 [EventQueue-ContainerReportForContainerReportHandler] WARN  container.ContainerReportHandler (AbstractContainerReportHandler.java:updateContainerState(145)) - Container #1 is in OPEN state, but the datanode 06a8f420-c55d-4064-b0af-9862eabb487d{ip: 192.168.34.27, host: pr-hdds-2034-s5hcl-2472234065, networkLocation: /default-rack, certSerialId: null} reports an CLOSED replica.
2019-10-24 12:47:03,436 [EventQueue-ContainerReportForContainerReportHandler] WARN  container.ContainerReportHandler (AbstractContainerReportHandler.java:updateContainerState(145)) - Container #1 is in OPEN state, but the datanode b629121d-9414-4e6f-a533-8e2a2621a008{ip: 192.168.34.27, host: pr-hdds-2034-s5hcl-2472234065, networkLocation: /default-rack, certSerialId: null} reports an CLOSED replica.
2019-10-24 12:47:03,451 [BlockDeletingService#2] WARN  background.BlockDeletingService (BlockDeletingService.java:isDeletionAllowed(187)) - Close Container log Index 6 is not replicated across allthe servers in the pipeline 547b3abb-e21a-4b37-ae70-113ff32a5128 as the min replicated index is 4. Deletion is not allowed in this container yet.
2019-10-24 12:47:03,451 [BlockDeletingService#2] WARN  background.BlockDeletingService (BlockDeletingService.java:isDeletionAllowed(187)) - Close Container log Index 6 is not replicated across allthe servers in the pipeline 547b3abb-e21a-4b37-ae70-113ff32a5128 as the min replicated index is 4. Deletion is not allowed in this container yet.
2019-10-24 12:47:03,563 [EventQueue-ContainerReportForContainerReportHandler] WARN  container.ContainerReportHandler (AbstractContainerReportHandler.java:updateContainerState(145)) - Container #1 is in OPEN state, but the datanode 06a8f420-c55d-4064-b0af-9862eabb487d{ip: 192.168.34.27, host: pr-hdds-2034-s5hcl-2472234065, networkLocation: /default-rack, certSerialId: null} reports an CLOSED replica.
2019-10-24 12:47:03,637 [EventQueue-ContainerReportForContainerReportHandler] WARN  container.ContainerReportHandler (AbstractContainerReportHandler.java:updateContainerState(145)) - Container #1 is in OPEN state, but the datanode b629121d-9414-4e6f-a533-8e2a2621a008{ip: 192.168.34.27, host: pr-hdds-2034-s5hcl-2472234065, networkLocation: /default-rack, certSerialId: null} reports an CLOSED replica.
2019-10-24 12:47:03,864 [EventQueue-ContainerReportForContainerReportHandler] WARN  container.ContainerReportHandler (AbstractContainerReportHandler.java:updateContainerState(145)) - Container #1 is in OPEN state, but the datanode 06a8f420-c55d-4064-b0af-9862eabb487d{ip: 192.168.34.27, host: pr-hdds-2034-s5hcl-2472234065, networkLocation: /default-rack, certSerialId: null} reports an CLOSED replica.
2019-10-24 12:47:04,037 [EventQueue-ContainerReportForContainerReportHandler] WARN  container.ContainerReportHandler (AbstractContainerReportHandler.java:updateContainerState(145)) - Container #1 is in OPEN state, but the datanode b629121d-9414-4e6f-a533-8e2a2621a008{ip: 192.168.34.27, host: pr-hdds-2034-s5hcl-2472234065, networkLocation: /default-rack, certSerialId: null} reports an CLOSED replica.
2019-10-24 12:47:04,063 [EventQueue-ContainerReportForContainerReportHandler] WARN  container.ContainerReportHandler (AbstractContainerReportHandler.java:updateContainerState(145)) - Container #1 is in OPEN state, but the datanode 06a8f420-c55d-4064-b0af-9862eabb487d{ip: 192.168.34.27, host: pr-hdds-2034-s5hcl-2472234065, networkLocation: /default-rack, certSerialId: null} reports an CLOSED replica.
2019-10-24 12:47:04,237 [EventQueue-ContainerReportForContainerReportHandler] WARN  container.ContainerReportHandler (AbstractContainerReportHandler.java:updateContainerState(145)) - Container #1 is in OPEN state, but the datanode b629121d-9414-4e6f-a533-8e2a2621a008{ip: 192.168.34.27, host: pr-hdds-2034-s5hcl-2472234065, networkLocation: /default-rack, certSerialId: null} reports an CLOSED replica.
2019-10-24 12:47:04,256 [java.util.concurrent.ThreadPoolExecutor$Worker@626a3adc[State = -1, empty queue]] WARN  server.GrpcLogAppender (GrpcLogAppender.java:timeoutAppendRequest(209)) - b629121d-9414-4e6f-a533-8e2a2621a008@group-113FF32A5128->a49289a7-2fc4-4008-a49b-27c2b6921fe9-GrpcLogAppender: appendEntries Timeout, request=b629121d-9414-4e6f-a533-8e2a2621a008->a49289a7-2fc4-4008-a49b-27c2b6921fe9#34-t3, previous=(t:3, i:10), leaderCommit=10, initializing? false, entries: <empty>
2019-10-24 12:47:04,364 [EventQueue-ContainerReportForContainerReportHandler] WARN  container.ContainerReportHandler (AbstractContainerReportHandler.java:updateContainerState(145)) - Container #1 is in OPEN state, but the datanode 06a8f420-c55d-4064-b0af-9862eabb487d{ip: 192.168.34.27, host: pr-hdds-2034-s5hcl-2472234065, networkLocation: /default-rack, certSerialId: null} reports an CLOSED replica.
2019-10-24 12:47:04,455 [BlockDeletingService#2] WARN  background.BlockDeletingService (BlockDeletingService.java:isDeletionAllowed(187)) - Close Container log Index 6 is not replicated across allthe servers in the pipeline 547b3abb-e21a-4b37-ae70-113ff32a5128 as the min replicated index is 4. Deletion is not allowed in this container yet.
2019-10-24 12:47:04,455 [BlockDeletingService#2] WARN  background.BlockDeletingService (BlockDeletingService.java:isDeletionAllowed(187)) - Close Container log Index 6 is not replicated across allthe servers in the pipeline 547b3abb-e21a-4b37-ae70-113ff32a5128 as the min replicated index is 4. Deletion is not allowed in this container yet.
2019-10-24 12:47:04,538 [EventQueue-ContainerReportForContainerReportHandler] WARN  container.ContainerReportHandler (AbstractContainerReportHandler.java:updateContainerState(145)) - Container #1 is in OPEN state, but the datanode b629121d-9414-4e6f-a533-8e2a2621a008{ip: 192.168.34.27, host: pr-hdds-2034-s5hcl-2472234065, networkLocation: /default-rack, certSerialId: null} reports an CLOSED replica.
2019-10-24 12:47:04,665 [EventQueue-ContainerReportForContainerReportHandler] WARN  container.ContainerReportHandler (AbstractContainerReportHandler.java:updateContainerState(145)) - Container #1 is in OPEN state, but the datanode 06a8f420-c55d-4064-b0af-9862eabb487d{ip: 192.168.34.27, host: pr-hdds-2034-s5hcl-2472234065, networkLocation: /default-rack, certSerialId: null} reports an CLOSED replica.
2019-10-24 12:47:04,838 [EventQueue-ContainerReportForContainerReportHandler] WARN  container.ContainerReportHandler (AbstractContainerReportHandler.java:updateContainerState(145)) - Container #1 is in OPEN state, but the datanode b629121d-9414-4e6f-a533-8e2a2621a008{ip: 192.168.34.27, host: pr-hdds-2034-s5hcl-2472234065, networkLocation: /default-rack, certSerialId: null} reports an CLOSED replica.
2019-10-24 12:47:05,065 [EventQueue-ContainerReportForContainerReportHandler] WARN  container.ContainerReportHandler (AbstractContainerReportHandler.java:updateContainerState(145)) - Container #1 is in OPEN state, but the datanode 06a8f420-c55d-4064-b0af-9862eabb487d{ip: 192.168.34.27, host: pr-hdds-2034-s5hcl-2472234065, networkLocation: /default-rack, certSerialId: null} reports an CLOSED replica.
2019-10-24 12:47:05,137 [EventQueue-ContainerReportForContainerReportHandler] WARN  container.ContainerReportHandler (AbstractContainerReportHandler.java:updateContainerState(145)) - Container #1 is in OPEN state, but the datanode b629121d-9414-4e6f-a533-8e2a2621a008{ip: 192.168.34.27, host: pr-hdds-2034-s5hcl-2472234065, networkLocation: /default-rack, certSerialId: null} reports an CLOSED replica.
2019-10-24 12:47:05,338 [EventQueue-ContainerReportForContainerReportHandler] WARN  container.ContainerReportHandler (AbstractContainerReportHandler.java:updateContainerState(145)) - Container #1 is in OPEN state, but the datanode b629121d-9414-4e6f-a533-8e2a2621a008{ip: 192.168.34.27, host: pr-hdds-2034-s5hcl-2472234065, networkLocation: /default-rack, certSerialId: null} reports an CLOSED replica.
2019-10-24 12:47:05,366 [EventQueue-ContainerReportForContainerReportHandler] WARN  container.ContainerReportHandler (AbstractContainerReportHandler.java:updateContainerState(145)) - Container #1 is in OPEN state, but the datanode 06a8f420-c55d-4064-b0af-9862eabb487d{ip: 192.168.34.27, host: pr-hdds-2034-s5hcl-2472234065, networkLocation: /default-rack, certSerialId: null} reports an CLOSED replica.
2019-10-24 12:47:05,457 [BlockDeletingService#2] WARN  background.BlockDeletingService (BlockDeletingService.java:isDeletionAllowed(187)) - Close Container log Index 6 is not replicated across allthe servers in the pipeline 547b3abb-e21a-4b37-ae70-113ff32a5128 as the min replicated index is 4. Deletion is not allowed in this container yet.
2019-10-24 12:47:05,457 [BlockDeletingService#2] WARN  background.BlockDeletingService (BlockDeletingService.java:isDeletionAllowed(187)) - Close Container log Index 6 is not replicated across allthe servers in the pipeline 547b3abb-e21a-4b37-ae70-113ff32a5128 as the min replicated index is 4. Deletion is not allowed in this container yet.
2019-10-24 12:47:05,537 [EventQueue-ContainerReportForContainerReportHandler] WARN  container.ContainerReportHandler (AbstractContainerReportHandler.java:updateContainerState(145)) - Container #1 is in OPEN state, but the datanode b629121d-9414-4e6f-a533-8e2a2621a008{ip: 192.168.34.27, host: pr-hdds-2034-s5hcl-2472234065, networkLocation: /default-rack, certSerialId: null} reports an CLOSED replica.
2019-10-24 12:47:05,667 [EventQueue-ContainerReportForContainerReportHandler] WARN  container.ContainerReportHandler (AbstractContainerReportHandler.java:updateContainerState(145)) - Container #1 is in OPEN state, but the datanode 06a8f420-c55d-4064-b0af-9862eabb487d{ip: 192.168.34.27, host: pr-hdds-2034-s5hcl-2472234065, networkLocation: /default-rack, certSerialId: null} reports an CLOSED replica.
2019-10-24 12:47:05,805 [Thread-434] INFO  client.GrpcClientProtocolService (GrpcClientProtocolService.java:lambda$processClientRequest$0(279)) - Failed RaftClientRequest:client-961AB5C49053->06a8f420-c55d-4064-b0af-9862eabb487d@group-113FF32A5128, cid=4, seq=0, Watch-ALL_COMMITTED(6), Message:<EMPTY>, reply=RaftClientReply:client-961AB5C49053->06a8f420-c55d-4064-b0af-9862eabb487d@group-113FF32A5128, cid=4, FAILED org.apache.ratis.protocol.NotLeaderException: Server 06a8f420-c55d-4064-b0af-9862eabb487d@group-113FF32A5128 is not the leader b629121d-9414-4e6f-a533-8e2a2621a008:192.168.34.27:33915, logIndex=0, commits[06a8f420-c55d-4064-b0af-9862eabb487d:c10, a49289a7-2fc4-4008-a49b-27c2b6921fe9:c4, b629121d-9414-4e6f-a533-8e2a2621a008:c10]
2019-10-24 12:47:05,839 [EventQueue-ContainerReportForContainerReportHandler] WARN  container.ContainerReportHandler (AbstractContainerReportHandler.java:updateContainerState(145)) - Container #1 is in OPEN state, but the datanode b629121d-9414-4e6f-a533-8e2a2621a008{ip: 192.168.34.27, host: pr-hdds-2034-s5hcl-2472234065, networkLocation: /default-rack, certSerialId: null} reports an CLOSED replica.
2019-10-24 12:47:06,039 [EventQueue-ContainerReportForContainerReportHandler] WARN  container.ContainerReportHandler (AbstractContainerReportHandler.java:updateContainerState(145)) - Container #1 is in OPEN state, but the datanode b629121d-9414-4e6f-a533-8e2a2621a008{ip: 192.168.34.27, host: pr-hdds-2034-s5hcl-2472234065, networkLocation: /default-rack, certSerialId: null} reports an CLOSED replica.
2019-10-24 12:47:06,067 [EventQueue-ContainerReportForContainerReportHandler] WARN  container.ContainerReportHandler (AbstractContainerReportHandler.java:updateContainerState(145)) - Container #1 is in OPEN state, but the datanode 06a8f420-c55d-4064-b0af-9862eabb487d{ip: 192.168.34.27, host: pr-hdds-2034-s5hcl-2472234065, networkLocation: /default-rack, certSerialId: null} reports an CLOSED replica.
2019-10-24 12:47:06,368 [EventQueue-ContainerReportForContainerReportHandler] WARN  container.ContainerReportHandler (AbstractContainerReportHandler.java:updateContainerState(145)) - Container #1 is in OPEN state, but the datanode 06a8f420-c55d-4064-b0af-9862eabb487d{ip: 192.168.34.27, host: pr-hdds-2034-s5hcl-2472234065, networkLocation: /default-rack, certSerialId: null} reports an CLOSED replica.
2019-10-24 12:47:06,439 [EventQueue-ContainerReportForContainerReportHandler] WARN  container.ContainerReportHandler (AbstractContainerReportHandler.java:updateContainerState(145)) - Container #1 is in OPEN state, but the datanode b629121d-9414-4e6f-a533-8e2a2621a008{ip: 192.168.34.27, host: pr-hdds-2034-s5hcl-2472234065, networkLocation: /default-rack, certSerialId: null} reports an CLOSED replica.
2019-10-24 12:47:06,459 [BlockDeletingService#2] WARN  background.BlockDeletingService (BlockDeletingService.java:isDeletionAllowed(187)) - Close Container log Index 6 is not replicated across allthe servers in the pipeline 547b3abb-e21a-4b37-ae70-113ff32a5128 as the min replicated index is 4. Deletion is not allowed in this container yet.
2019-10-24 12:47:06,459 [BlockDeletingService#2] WARN  background.BlockDeletingService (BlockDeletingService.java:isDeletionAllowed(187)) - Close Container log Index 6 is not replicated across allthe servers in the pipeline 547b3abb-e21a-4b37-ae70-113ff32a5128 as the min replicated index is 4. Deletion is not allowed in this container yet.
2019-10-24 12:47:06,640 [EventQueue-ContainerReportForContainerReportHandler] WARN  container.ContainerReportHandler (AbstractContainerReportHandler.java:updateContainerState(145)) - Container #1 is in OPEN state, but the datanode b629121d-9414-4e6f-a533-8e2a2621a008{ip: 192.168.34.27, host: pr-hdds-2034-s5hcl-2472234065, networkLocation: /default-rack, certSerialId: null} reports an CLOSED replica.
2019-10-24 12:47:06,667 [EventQueue-ContainerReportForContainerReportHandler] WARN  container.ContainerReportHandler (AbstractContainerReportHandler.java:updateContainerState(145)) - Container #1 is in OPEN state, but the datanode 06a8f420-c55d-4064-b0af-9862eabb487d{ip: 192.168.34.27, host: pr-hdds-2034-s5hcl-2472234065, networkLocation: /default-rack, certSerialId: null} reports an CLOSED replica.
2019-10-24 12:47:06,758 [java.util.concurrent.ThreadPoolExecutor$Worker@626a3adc[State = -1, empty queue]] WARN  server.GrpcLogAppender (GrpcLogAppender.java:timeoutAppendRequest(209)) - b629121d-9414-4e6f-a533-8e2a2621a008@group-113FF32A5128->a49289a7-2fc4-4008-a49b-27c2b6921fe9-GrpcLogAppender: appendEntries Timeout, request=b629121d-9414-4e6f-a533-8e2a2621a008->a49289a7-2fc4-4008-a49b-27c2b6921fe9#35-t3, previous=(t:3, i:10), leaderCommit=10, initializing? false, entries: <empty>
2019-10-24 12:47:06,940 [EventQueue-ContainerReportForContainerReportHandler] WARN  container.ContainerReportHandler (AbstractContainerReportHandler.java:updateContainerState(145)) - Container #1 is in OPEN state, but the datanode b629121d-9414-4e6f-a533-8e2a2621a008{ip: 192.168.34.27, host: pr-hdds-2034-s5hcl-2472234065, networkLocation: /default-rack, certSerialId: null} reports an CLOSED replica.
2019-10-24 12:47:07,068 [EventQueue-ContainerReportForContainerReportHandler] WARN  container.ContainerReportHandler (AbstractContainerReportHandler.java:updateContainerState(145)) - Container #1 is in OPEN state, but the datanode 06a8f420-c55d-4064-b0af-9862eabb487d{ip: 192.168.34.27, host: pr-hdds-2034-s5hcl-2472234065, networkLocation: /default-rack, certSerialId: null} reports an CLOSED replica.
2019-10-24 12:47:07,240 [EventQueue-ContainerReportForContainerReportHandler] WARN  container.ContainerReportHandler (AbstractContainerReportHandler.java:updateContainerState(145)) - Container #1 is in OPEN state, but the datanode b629121d-9414-4e6f-a533-8e2a2621a008{ip: 192.168.34.27, host: pr-hdds-2034-s5hcl-2472234065, networkLocation: /default-rack, certSerialId: null} reports an CLOSED replica.
2019-10-24 12:47:07,369 [EventQueue-ContainerReportForContainerReportHandler] WARN  container.ContainerReportHandler (AbstractContainerReportHandler.java:updateContainerState(145)) - Container #1 is in OPEN state, but the datanode 06a8f420-c55d-4064-b0af-9862eabb487d{ip: 192.168.34.27, host: pr-hdds-2034-s5hcl-2472234065, networkLocation: /default-rack, certSerialId: null} reports an CLOSED replica.
2019-10-24 12:47:07,471 [BlockDeletingService#2] WARN  background.BlockDeletingService (BlockDeletingService.java:isDeletionAllowed(187)) - Close Container log Index 6 is not replicated across allthe servers in the pipeline 547b3abb-e21a-4b37-ae70-113ff32a5128 as the min replicated index is 4. Deletion is not allowed in this container yet.
2019-10-24 12:47:07,471 [BlockDeletingService#2] WARN  background.BlockDeletingService (BlockDeletingService.java:isDeletionAllowed(187)) - Close Container log Index 6 is not replicated across allthe servers in the pipeline 547b3abb-e21a-4b37-ae70-113ff32a5128 as the min replicated index is 4. Deletion is not allowed in this container yet.
2019-10-24 12:47:07,641 [EventQueue-ContainerReportForContainerReportHandler] WARN  container.ContainerReportHandler (AbstractContainerReportHandler.java:updateContainerState(145)) - Container #1 is in OPEN state, but the datanode b629121d-9414-4e6f-a533-8e2a2621a008{ip: 192.168.34.27, host: pr-hdds-2034-s5hcl-2472234065, networkLocation: /default-rack, certSerialId: null} reports an CLOSED replica.
2019-10-24 12:47:07,671 [EventQueue-ContainerReportForContainerReportHandler] WARN  container.ContainerReportHandler (AbstractContainerReportHandler.java:updateContainerState(145)) - Container #1 is in OPEN state, but the datanode 06a8f420-c55d-4064-b0af-9862eabb487d{ip: 192.168.34.27, host: pr-hdds-2034-s5hcl-2472234065, networkLocation: /default-rack, certSerialId: null} reports an CLOSED replica.
2019-10-24 12:47:07,756 [Thread-442] INFO  client.GrpcClientProtocolService (GrpcClientProtocolService.java:lambda$processClientRequest$0(279)) - Failed RaftClientRequest:client-961AB5C49053->b629121d-9414-4e6f-a533-8e2a2621a008@group-113FF32A5128, cid=4, seq=0, Watch-ALL_COMMITTED(6), Message:<EMPTY>, reply=RaftClientReply:client-961AB5C49053->b629121d-9414-4e6f-a533-8e2a2621a008@group-113FF32A5128, cid=4, FAILED org.apache.ratis.protocol.NotReplicatedException: Request with call Id 4 and log index 6 is not yet replicated to ALL_COMMITTED, logIndex=6, commits[b629121d-9414-4e6f-a533-8e2a2621a008:c10, a49289a7-2fc4-4008-a49b-27c2b6921fe9:c4, 06a8f420-c55d-4064-b0af-9862eabb487d:c10]
2019-10-24 12:47:07,942 [EventQueue-ContainerReportForContainerReportHandler] WARN  container.ContainerReportHandler (AbstractContainerReportHandler.java:updateContainerState(145)) - Container #1 is in OPEN state, but the datanode b629121d-9414-4e6f-a533-8e2a2621a008{ip: 192.168.34.27, host: pr-hdds-2034-s5hcl-2472234065, networkLocation: /default-rack, certSerialId: null} reports an CLOSED replica.
2019-10-24 12:47:07,972 [EventQueue-ContainerReportForContainerReportHandler] WARN  container.ContainerReportHandler (AbstractContainerReportHandler.java:updateContainerState(145)) - Container #1 is in OPEN state, but the datanode 06a8f420-c55d-4064-b0af-9862eabb487d{ip: 192.168.34.27, host: pr-hdds-2034-s5hcl-2472234065, networkLocation: /default-rack, certSerialId: null} reports an CLOSED replica.
2019-10-24 12:47:08,343 [EventQueue-ContainerReportForContainerReportHandler] WARN  container.ContainerReportHandler (AbstractContainerReportHandler.java:updateContainerState(145)) - Container #1 is in OPEN state, but the datanode b629121d-9414-4e6f-a533-8e2a2621a008{ip: 192.168.34.27, host: pr-hdds-2034-s5hcl-2472234065, networkLocation: /default-rack, certSerialId: null} reports an CLOSED replica.
2019-10-24 12:47:08,372 [EventQueue-ContainerReportForContainerReportHandler] WARN  container.ContainerReportHandler (AbstractContainerReportHandler.java:updateContainerState(145)) - Container #1 is in OPEN state, but the datanode 06a8f420-c55d-4064-b0af-9862eabb487d{ip: 192.168.34.27, host: pr-hdds-2034-s5hcl-2472234065, networkLocation: /default-rack, certSerialId: null} reports an CLOSED replica.
2019-10-24 12:47:08,475 [BlockDeletingService#2] WARN  background.BlockDeletingService (BlockDeletingService.java:isDeletionAllowed(187)) - Close Container log Index 6 is not replicated across allthe servers in the pipeline 547b3abb-e21a-4b37-ae70-113ff32a5128 as the min replicated index is 4. Deletion is not allowed in this container yet.
2019-10-24 12:47:08,475 [BlockDeletingService#2] WARN  background.BlockDeletingService (BlockDeletingService.java:isDeletionAllowed(187)) - Close Container log Index 6 is not replicated across allthe servers in the pipeline 547b3abb-e21a-4b37-ae70-113ff32a5128 as the min replicated index is 4. Deletion is not allowed in this container yet.
2019-10-24 12:47:08,544 [EventQueue-ContainerReportForContainerReportHandler] WARN  container.ContainerReportHandler (AbstractContainerReportHandler.java:updateContainerState(145)) - Container #1 is in OPEN state, but the datanode b629121d-9414-4e6f-a533-8e2a2621a008{ip: 192.168.34.27, host: pr-hdds-2034-s5hcl-2472234065, networkLocation: /default-rack, certSerialId: null} reports an CLOSED replica.
2019-10-24 12:47:08,572 [EventQueue-ContainerReportForContainerReportHandler] WARN  container.ContainerReportHandler (AbstractContainerReportHandler.java:updateContainerState(145)) - Container #1 is in OPEN state, but the datanode 06a8f420-c55d-4064-b0af-9862eabb487d{ip: 192.168.34.27, host: pr-hdds-2034-s5hcl-2472234065, networkLocation: /default-rack, certSerialId: null} reports an CLOSED replica.
2019-10-24 12:47:08,845 [EventQueue-ContainerReportForContainerReportHandler] WARN  container.ContainerReportHandler (AbstractContainerReportHandler.java:updateContainerState(145)) - Container #1 is in OPEN state, but the datanode b629121d-9414-4e6f-a533-8e2a2621a008{ip: 192.168.34.27, host: pr-hdds-2034-s5hcl-2472234065, networkLocation: /default-rack, certSerialId: null} reports an CLOSED replica.
2019-10-24 12:47:08,974 [EventQueue-ContainerReportForContainerReportHandler] WARN  container.ContainerReportHandler (AbstractContainerReportHandler.java:updateContainerState(145)) - Container #1 is in OPEN state, but the datanode 06a8f420-c55d-4064-b0af-9862eabb487d{ip: 192.168.34.27, host: pr-hdds-2034-s5hcl-2472234065, networkLocation: /default-rack, certSerialId: null} reports an CLOSED replica.
2019-10-24 12:47:09,045 [EventQueue-ContainerReportForContainerReportHandler] WARN  container.ContainerReportHandler (AbstractContainerReportHandler.java:updateContainerState(145)) - Container #1 is in OPEN state, but the datanode b629121d-9414-4e6f-a533-8e2a2621a008{ip: 192.168.34.27, host: pr-hdds-2034-s5hcl-2472234065, networkLocation: /default-rack, certSerialId: null} reports an CLOSED replica.
2019-10-24 12:47:09,174 [EventQueue-ContainerReportForContainerReportHandler] WARN  container.ContainerReportHandler (AbstractContainerReportHandler.java:updateContainerState(145)) - Container #1 is in OPEN state, but the datanode 06a8f420-c55d-4064-b0af-9862eabb487d{ip: 192.168.34.27, host: pr-hdds-2034-s5hcl-2472234065, networkLocation: /default-rack, certSerialId: null} reports an CLOSED replica.
2019-10-24 12:47:09,245 [EventQueue-ContainerReportForContainerReportHandler] WARN  container.ContainerReportHandler (AbstractContainerReportHandler.java:updateContainerState(145)) - Container #1 is in OPEN state, but the datanode b629121d-9414-4e6f-a533-8e2a2621a008{ip: 192.168.34.27, host: pr-hdds-2034-s5hcl-2472234065, networkLocation: /default-rack, certSerialId: null} reports an CLOSED replica.
2019-10-24 12:47:09,260 [java.util.concurrent.ThreadPoolExecutor$Worker@626a3adc[State = -1, empty queue]] WARN  server.GrpcLogAppender (GrpcLogAppender.java:timeoutAppendRequest(209)) - b629121d-9414-4e6f-a533-8e2a2621a008@group-113FF32A5128->a49289a7-2fc4-4008-a49b-27c2b6921fe9-GrpcLogAppender: appendEntries Timeout, request=b629121d-9414-4e6f-a533-8e2a2621a008->a49289a7-2fc4-4008-a49b-27c2b6921fe9#36-t3, previous=(t:3, i:10), leaderCommit=10, initializing? false, entries: <empty>
2019-10-24 12:47:09,375 [EventQueue-ContainerReportForContainerReportHandler] WARN  container.ContainerReportHandler (AbstractContainerReportHandler.java:updateContainerState(145)) - Container #1 is in OPEN state, but the datanode 06a8f420-c55d-4064-b0af-9862eabb487d{ip: 192.168.34.27, host: pr-hdds-2034-s5hcl-2472234065, networkLocation: /default-rack, certSerialId: null} reports an CLOSED replica.
2019-10-24 12:47:09,481 [BlockDeletingService#2] WARN  background.BlockDeletingService (BlockDeletingService.java:isDeletionAllowed(187)) - Close Container log Index 6 is not replicated across allthe servers in the pipeline 547b3abb-e21a-4b37-ae70-113ff32a5128 as the min replicated index is 4. Deletion is not allowed in this container yet.
2019-10-24 12:47:09,481 [BlockDeletingService#2] WARN  background.BlockDeletingService (BlockDeletingService.java:isDeletionAllowed(187)) - Close Container log Index 6 is not replicated across allthe servers in the pipeline 547b3abb-e21a-4b37-ae70-113ff32a5128 as the min replicated index is 4. Deletion is not allowed in this container yet.
2019-10-24 12:47:09,544 [EventQueue-ContainerReportForContainerReportHandler] WARN  container.ContainerReportHandler (AbstractContainerReportHandler.java:updateContainerState(145)) - Container #1 is in OPEN state, but the datanode b629121d-9414-4e6f-a533-8e2a2621a008{ip: 192.168.34.27, host: pr-hdds-2034-s5hcl-2472234065, networkLocation: /default-rack, certSerialId: null} reports an CLOSED replica.
2019-10-24 12:47:09,776 [EventQueue-ContainerReportForContainerReportHandler] WARN  container.ContainerReportHandler (AbstractContainerReportHandler.java:updateContainerState(145)) - Container #1 is in OPEN state, but the datanode 06a8f420-c55d-4064-b0af-9862eabb487d{ip: 192.168.34.27, host: pr-hdds-2034-s5hcl-2472234065, networkLocation: /default-rack, certSerialId: null} reports an CLOSED replica.
2019-10-24 12:47:09,944 [EventQueue-ContainerReportForContainerReportHandler] WARN  container.ContainerReportHandler (AbstractContainerReportHandler.java:updateContainerState(145)) - Container #1 is in OPEN state, but the datanode b629121d-9414-4e6f-a533-8e2a2621a008{ip: 192.168.34.27, host: pr-hdds-2034-s5hcl-2472234065, networkLocation: /default-rack, certSerialId: null} reports an CLOSED replica.
2019-10-24 12:47:10,076 [EventQueue-ContainerReportForContainerReportHandler] WARN  container.ContainerReportHandler (AbstractContainerReportHandler.java:updateContainerState(145)) - Container #1 is in OPEN state, but the datanode 06a8f420-c55d-4064-b0af-9862eabb487d{ip: 192.168.34.27, host: pr-hdds-2034-s5hcl-2472234065, networkLocation: /default-rack, certSerialId: null} reports an CLOSED replica.
2019-10-24 12:47:10,145 [EventQueue-ContainerReportForContainerReportHandler] WARN  container.ContainerReportHandler (AbstractContainerReportHandler.java:updateContainerState(145)) - Container #1 is in OPEN state, but the datanode b629121d-9414-4e6f-a533-8e2a2621a008{ip: 192.168.34.27, host: pr-hdds-2034-s5hcl-2472234065, networkLocation: /default-rack, certSerialId: null} reports an CLOSED replica.
2019-10-24 12:47:10,377 [EventQueue-ContainerReportForContainerReportHandler] WARN  container.ContainerReportHandler (AbstractContainerReportHandler.java:updateContainerState(145)) - Container #1 is in OPEN state, but the datanode 06a8f420-c55d-4064-b0af-9862eabb487d{ip: 192.168.34.27, host: pr-hdds-2034-s5hcl-2472234065, networkLocation: /default-rack, certSerialId: null} reports an CLOSED replica.
2019-10-24 12:47:10,483 [BlockDeletingService#2] WARN  background.BlockDeletingService (BlockDeletingService.java:isDeletionAllowed(187)) - Close Container log Index 6 is not replicated across allthe servers in the pipeline 547b3abb-e21a-4b37-ae70-113ff32a5128 as the min replicated index is 4. Deletion is not allowed in this container yet.
2019-10-24 12:47:10,483 [BlockDeletingService#2] WARN  background.BlockDeletingService (BlockDeletingService.java:isDeletionAllowed(187)) - Close Container log Index 6 is not replicated across allthe servers in the pipeline 547b3abb-e21a-4b37-ae70-113ff32a5128 as the min replicated index is 4. Deletion is not allowed in this container yet.
2019-10-24 12:47:10,545 [EventQueue-ContainerReportForContainerReportHandler] WARN  container.ContainerReportHandler (AbstractContainerReportHandler.java:updateContainerState(145)) - Container #1 is in OPEN state, but the datanode b629121d-9414-4e6f-a533-8e2a2621a008{ip: 192.168.34.27, host: pr-hdds-2034-s5hcl-2472234065, networkLocation: /default-rack, certSerialId: null} reports an CLOSED replica.
2019-10-24 12:47:10,576 [EventQueue-ContainerReportForContainerReportHandler] WARN  container.ContainerReportHandler (AbstractContainerReportHandler.java:updateContainerState(145)) - Container #1 is in OPEN state, but the datanode 06a8f420-c55d-4064-b0af-9862eabb487d{ip: 192.168.34.27, host: pr-hdds-2034-s5hcl-2472234065, networkLocation: /default-rack, certSerialId: null} reports an CLOSED replica.
2019-10-24 12:47:10,846 [EventQueue-ContainerReportForContainerReportHandler] WARN  container.ContainerReportHandler (AbstractContainerReportHandler.java:updateContainerState(145)) - Container #1 is in OPEN state, but the datanode b629121d-9414-4e6f-a533-8e2a2621a008{ip: 192.168.34.27, host: pr-hdds-2034-s5hcl-2472234065, networkLocation: /default-rack, certSerialId: null} reports an CLOSED replica.
2019-10-24 12:47:10,877 [EventQueue-ContainerReportForContainerReportHandler] WARN  container.ContainerReportHandler (AbstractContainerReportHandler.java:updateContainerState(145)) - Container #1 is in OPEN state, but the datanode 06a8f420-c55d-4064-b0af-9862eabb487d{ip: 192.168.34.27, host: pr-hdds-2034-s5hcl-2472234065, networkLocation: /default-rack, certSerialId: null} reports an CLOSED replica.
2019-10-24 12:47:11,046 [EventQueue-ContainerReportForContainerReportHandler] WARN  container.ContainerReportHandler (AbstractContainerReportHandler.java:updateContainerState(145)) - Container #1 is in OPEN state, but the datanode b629121d-9414-4e6f-a533-8e2a2621a008{ip: 192.168.34.27, host: pr-hdds-2034-s5hcl-2472234065, networkLocation: /default-rack, certSerialId: null} reports an CLOSED replica.
2019-10-24 12:47:11,279 [EventQueue-ContainerReportForContainerReportHandler] WARN  container.ContainerReportHandler (AbstractContainerReportHandler.java:updateContainerState(145)) - Container #1 is in OPEN state, but the datanode 06a8f420-c55d-4064-b0af-9862eabb487d{ip: 192.168.34.27, host: pr-hdds-2034-s5hcl-2472234065, networkLocation: /default-rack, certSerialId: null} reports an CLOSED replica.
2019-10-24 12:47:11,347 [EventQueue-ContainerReportForContainerReportHandler] WARN  container.ContainerReportHandler (AbstractContainerReportHandler.java:updateContainerState(145)) - Container #1 is in OPEN state, but the datanode b629121d-9414-4e6f-a533-8e2a2621a008{ip: 192.168.34.27, host: pr-hdds-2034-s5hcl-2472234065, networkLocation: /default-rack, certSerialId: null} reports an CLOSED replica.
2019-10-24 12:47:11,487 [BlockDeletingService#2] WARN  background.BlockDeletingService (BlockDeletingService.java:isDeletionAllowed(187)) - Close Container log Index 6 is not replicated across allthe servers in the pipeline 547b3abb-e21a-4b37-ae70-113ff32a5128 as the min replicated index is 4. Deletion is not allowed in this container yet.
2019-10-24 12:47:11,487 [BlockDeletingService#2] WARN  background.BlockDeletingService (BlockDeletingService.java:isDeletionAllowed(187)) - Close Container log Index 6 is not replicated across allthe servers in the pipeline 547b3abb-e21a-4b37-ae70-113ff32a5128 as the min replicated index is 4. Deletion is not allowed in this container yet.
2019-10-24 12:47:11,579 [EventQueue-ContainerReportForContainerReportHandler] WARN  container.ContainerReportHandler (AbstractContainerReportHandler.java:updateContainerState(145)) - Container #1 is in OPEN state, but the datanode 06a8f420-c55d-4064-b0af-9862eabb487d{ip: 192.168.34.27, host: pr-hdds-2034-s5hcl-2472234065, networkLocation: /default-rack, certSerialId: null} reports an CLOSED replica.
2019-10-24 12:47:11,647 [EventQueue-ContainerReportForContainerReportHandler] WARN  container.ContainerReportHandler (AbstractContainerReportHandler.java:updateContainerState(145)) - Container #1 is in OPEN state, but the datanode b629121d-9414-4e6f-a533-8e2a2621a008{ip: 192.168.34.27, host: pr-hdds-2034-s5hcl-2472234065, networkLocation: /default-rack, certSerialId: null} reports an CLOSED replica.
2019-10-24 12:47:11,765 [java.util.concurrent.ThreadPoolExecutor$Worker@626a3adc[State = -1, empty queue]] WARN  server.GrpcLogAppender (GrpcLogAppender.java:timeoutAppendRequest(209)) - b629121d-9414-4e6f-a533-8e2a2621a008@group-113FF32A5128->a49289a7-2fc4-4008-a49b-27c2b6921fe9-GrpcLogAppender: appendEntries Timeout, request=b629121d-9414-4e6f-a533-8e2a2621a008->a49289a7-2fc4-4008-a49b-27c2b6921fe9#37-t3, previous=(t:3, i:10), leaderCommit=10, initializing? false, entries: <empty>
2019-10-24 12:47:11,847 [EventQueue-ContainerReportForContainerReportHandler] WARN  container.ContainerReportHandler (AbstractContainerReportHandler.java:updateContainerState(145)) - Container #1 is in OPEN state, but the datanode b629121d-9414-4e6f-a533-8e2a2621a008{ip: 192.168.34.27, host: pr-hdds-2034-s5hcl-2472234065, networkLocation: /default-rack, certSerialId: null} reports an CLOSED replica.
2019-10-24 12:47:11,879 [EventQueue-ContainerReportForContainerReportHandler] WARN  container.ContainerReportHandler (AbstractContainerReportHandler.java:updateContainerState(145)) - Container #1 is in OPEN state, but the datanode 06a8f420-c55d-4064-b0af-9862eabb487d{ip: 192.168.34.27, host: pr-hdds-2034-s5hcl-2472234065, networkLocation: /default-rack, certSerialId: null} reports an CLOSED replica.
2019-10-24 12:47:12,148 [EventQueue-ContainerReportForContainerReportHandler] WARN  container.ContainerReportHandler (AbstractContainerReportHandler.java:updateContainerState(145)) - Container #1 is in OPEN state, but the datanode b629121d-9414-4e6f-a533-8e2a2621a008{ip: 192.168.34.27, host: pr-hdds-2034-s5hcl-2472234065, networkLocation: /default-rack, certSerialId: null} reports an CLOSED replica.
2019-10-24 12:47:12,283 [EventQueue-ContainerReportForContainerReportHandler] WARN  container.ContainerReportHandler (AbstractContainerReportHandler.java:updateContainerState(145)) - Container #1 is in OPEN state, but the datanode 06a8f420-c55d-4064-b0af-9862eabb487d{ip: 192.168.34.27, host: pr-hdds-2034-s5hcl-2472234065, networkLocation: /default-rack, certSerialId: null} reports an CLOSED replica.
2019-10-24 12:47:12,349 [EventQueue-ContainerReportForContainerReportHandler] WARN  container.ContainerReportHandler (AbstractContainerReportHandler.java:updateContainerState(145)) - Container #1 is in OPEN state, but the datanode b629121d-9414-4e6f-a533-8e2a2621a008{ip: 192.168.34.27, host: pr-hdds-2034-s5hcl-2472234065, networkLocation: /default-rack, certSerialId: null} reports an CLOSED replica.
2019-10-24 12:47:12,489 [BlockDeletingService#2] WARN  background.BlockDeletingService (BlockDeletingService.java:isDeletionAllowed(187)) - Close Container log Index 6 is not replicated across allthe servers in the pipeline 547b3abb-e21a-4b37-ae70-113ff32a5128 as the min replicated index is 4. Deletion is not allowed in this container yet.
2019-10-24 12:47:12,489 [BlockDeletingService#2] WARN  background.BlockDeletingService (BlockDeletingService.java:isDeletionAllowed(187)) - Close Container log Index 6 is not replicated across allthe servers in the pipeline 547b3abb-e21a-4b37-ae70-113ff32a5128 as the min replicated index is 4. Deletion is not allowed in this container yet.
2019-10-24 12:47:12,583 [EventQueue-ContainerReportForContainerReportHandler] WARN  container.ContainerReportHandler (AbstractContainerReportHandler.java:updateContainerState(145)) - Container #1 is in OPEN state, but the datanode 06a8f420-c55d-4064-b0af-9862eabb487d{ip: 192.168.34.27, host: pr-hdds-2034-s5hcl-2472234065, networkLocation: /default-rack, certSerialId: null} reports an CLOSED replica.
2019-10-24 12:47:12,650 [EventQueue-ContainerReportForContainerReportHandler] WARN  container.ContainerReportHandler (AbstractContainerReportHandler.java:updateContainerState(145)) - Container #1 is in OPEN state, but the datanode b629121d-9414-4e6f-a533-8e2a2621a008{ip: 192.168.34.27, host: pr-hdds-2034-s5hcl-2472234065, networkLocation: /default-rack, certSerialId: null} reports an CLOSED replica.
2019-10-24 12:47:12,884 [EventQueue-ContainerReportForContainerReportHandler] WARN  container.ContainerReportHandler (AbstractContainerReportHandler.java:updateContainerState(145)) - Container #1 is in OPEN state, but the datanode 06a8f420-c55d-4064-b0af-9862eabb487d{ip: 192.168.34.27, host: pr-hdds-2034-s5hcl-2472234065, networkLocation: /default-rack, certSerialId: null} reports an CLOSED replica.
2019-10-24 12:47:12,949 [EventQueue-ContainerReportForContainerReportHandler] WARN  container.ContainerReportHandler (AbstractContainerReportHandler.java:updateContainerState(145)) - Container #1 is in OPEN state, but the datanode b629121d-9414-4e6f-a533-8e2a2621a008{ip: 192.168.34.27, host: pr-hdds-2034-s5hcl-2472234065, networkLocation: /default-rack, certSerialId: null} reports an CLOSED replica.
2019-10-24 12:47:13,084 [EventQueue-ContainerReportForContainerReportHandler] WARN  container.ContainerReportHandler (AbstractContainerReportHandler.java:updateContainerState(145)) - Container #1 is in OPEN state, but the datanode 06a8f420-c55d-4064-b0af-9862eabb487d{ip: 192.168.34.27, host: pr-hdds-2034-s5hcl-2472234065, networkLocation: /default-rack, certSerialId: null} reports an CLOSED replica.
2019-10-24 12:47:13,250 [EventQueue-ContainerReportForContainerReportHandler] WARN  container.ContainerReportHandler (AbstractContainerReportHandler.java:updateContainerState(145)) - Container #1 is in OPEN state, but the datanode b629121d-9414-4e6f-a533-8e2a2621a008{ip: 192.168.34.27, host: pr-hdds-2034-s5hcl-2472234065, networkLocation: /default-rack, certSerialId: null} reports an CLOSED replica.
2019-10-24 12:47:13,450 [EventQueue-ContainerReportForContainerReportHandler] WARN  container.ContainerReportHandler (AbstractContainerReportHandler.java:updateContainerState(145)) - Container #1 is in OPEN state, but the datanode b629121d-9414-4e6f-a533-8e2a2621a008{ip: 192.168.34.27, host: pr-hdds-2034-s5hcl-2472234065, networkLocation: /default-rack, certSerialId: null} reports an CLOSED replica.
2019-10-24 12:47:13,483 [EventQueue-ContainerReportForContainerReportHandler] WARN  container.ContainerReportHandler (AbstractContainerReportHandler.java:updateContainerState(145)) - Container #1 is in OPEN state, but the datanode 06a8f420-c55d-4064-b0af-9862eabb487d{ip: 192.168.34.27, host: pr-hdds-2034-s5hcl-2472234065, networkLocation: /default-rack, certSerialId: null} reports an CLOSED replica.
2019-10-24 12:47:13,493 [BlockDeletingService#2] WARN  background.BlockDeletingService (BlockDeletingService.java:isDeletionAllowed(187)) - Close Container log Index 6 is not replicated across allthe servers in the pipeline 547b3abb-e21a-4b37-ae70-113ff32a5128 as the min replicated index is 4. Deletion is not allowed in this container yet.
2019-10-24 12:47:13,493 [BlockDeletingService#2] WARN  background.BlockDeletingService (BlockDeletingService.java:isDeletionAllowed(187)) - Close Container log Index 6 is not replicated across allthe servers in the pipeline 547b3abb-e21a-4b37-ae70-113ff32a5128 as the min replicated index is 4. Deletion is not allowed in this container yet.
2019-10-24 12:47:13,750 [EventQueue-ContainerReportForContainerReportHandler] WARN  container.ContainerReportHandler (AbstractContainerReportHandler.java:updateContainerState(145)) - Container #1 is in OPEN state, but the datanode b629121d-9414-4e6f-a533-8e2a2621a008{ip: 192.168.34.27, host: pr-hdds-2034-s5hcl-2472234065, networkLocation: /default-rack, certSerialId: null} reports an CLOSED replica.
2019-10-24 12:47:13,784 [EventQueue-ContainerReportForContainerReportHandler] WARN  container.ContainerReportHandler (AbstractContainerReportHandler.java:updateContainerState(145)) - Container #1 is in OPEN state, but the datanode 06a8f420-c55d-4064-b0af-9862eabb487d{ip: 192.168.34.27, host: pr-hdds-2034-s5hcl-2472234065, networkLocation: /default-rack, certSerialId: null} reports an CLOSED replica.
2019-10-24 12:47:13,950 [EventQueue-ContainerReportForContainerReportHandler] WARN  container.ContainerReportHandler (AbstractContainerReportHandler.java:updateContainerState(145)) - Container #1 is in OPEN state, but the datanode b629121d-9414-4e6f-a533-8e2a2621a008{ip: 192.168.34.27, host: pr-hdds-2034-s5hcl-2472234065, networkLocation: /default-rack, certSerialId: null} reports an CLOSED replica.
2019-10-24 12:47:14,186 [EventQueue-ContainerReportForContainerReportHandler] WARN  container.ContainerReportHandler (AbstractContainerReportHandler.java:updateContainerState(145)) - Container #1 is in OPEN state, but the datanode 06a8f420-c55d-4064-b0af-9862eabb487d{ip: 192.168.34.27, host: pr-hdds-2034-s5hcl-2472234065, networkLocation: /default-rack, certSerialId: null} reports an CLOSED replica.
2019-10-24 12:47:14,267 [java.util.concurrent.ThreadPoolExecutor$Worker@626a3adc[State = -1, empty queue]] WARN  server.GrpcLogAppender (GrpcLogAppender.java:timeoutAppendRequest(209)) - b629121d-9414-4e6f-a533-8e2a2621a008@group-113FF32A5128->a49289a7-2fc4-4008-a49b-27c2b6921fe9-GrpcLogAppender: appendEntries Timeout, request=b629121d-9414-4e6f-a533-8e2a2621a008->a49289a7-2fc4-4008-a49b-27c2b6921fe9#38-t3, previous=(t:3, i:10), leaderCommit=10, initializing? false, entries: <empty>
2019-10-24 12:47:14,351 [EventQueue-ContainerReportForContainerReportHandler] WARN  container.ContainerReportHandler (AbstractContainerReportHandler.java:updateContainerState(145)) - Container #1 is in OPEN state, but the datanode b629121d-9414-4e6f-a533-8e2a2621a008{ip: 192.168.34.27, host: pr-hdds-2034-s5hcl-2472234065, networkLocation: /default-rack, certSerialId: null} reports an CLOSED replica.
2019-10-24 12:47:14,386 [EventQueue-ContainerReportForContainerReportHandler] WARN  container.ContainerReportHandler (AbstractContainerReportHandler.java:updateContainerState(145)) - Container #1 is in OPEN state, but the datanode 06a8f420-c55d-4064-b0af-9862eabb487d{ip: 192.168.34.27, host: pr-hdds-2034-s5hcl-2472234065, networkLocation: /default-rack, certSerialId: null} reports an CLOSED replica.
2019-10-24 12:47:14,495 [BlockDeletingService#2] WARN  background.BlockDeletingService (BlockDeletingService.java:isDeletionAllowed(187)) - Close Container log Index 6 is not replicated across allthe servers in the pipeline 547b3abb-e21a-4b37-ae70-113ff32a5128 as the min replicated index is 4. Deletion is not allowed in this container yet.
2019-10-24 12:47:14,495 [BlockDeletingService#2] WARN  background.BlockDeletingService (BlockDeletingService.java:isDeletionAllowed(187)) - Close Container log Index 6 is not replicated across allthe servers in the pipeline 547b3abb-e21a-4b37-ae70-113ff32a5128 as the min replicated index is 4. Deletion is not allowed in this container yet.
2019-10-24 12:47:14,652 [EventQueue-ContainerReportForContainerReportHandler] WARN  container.ContainerReportHandler (AbstractContainerReportHandler.java:updateContainerState(145)) - Container #1 is in OPEN state, but the datanode b629121d-9414-4e6f-a533-8e2a2621a008{ip: 192.168.34.27, host: pr-hdds-2034-s5hcl-2472234065, networkLocation: /default-rack, certSerialId: null} reports an CLOSED replica.
2019-10-24 12:47:14,686 [EventQueue-ContainerReportForContainerReportHandler] WARN  container.ContainerReportHandler (AbstractContainerReportHandler.java:updateContainerState(145)) - Container #1 is in OPEN state, but the datanode 06a8f420-c55d-4064-b0af-9862eabb487d{ip: 192.168.34.27, host: pr-hdds-2034-s5hcl-2472234065, networkLocation: /default-rack, certSerialId: null} reports an CLOSED replica.
2019-10-24 12:47:14,838 [Thread-462] INFO  client.GrpcClientProtocolService (GrpcClientProtocolService.java:lambda$processClientRequest$0(279)) - Failed RaftClientRequest:client-961AB5C49053->06a8f420-c55d-4064-b0af-9862eabb487d@group-113FF32A5128, cid=4, seq=0, Watch-ALL_COMMITTED(6), Message:<EMPTY>, reply=RaftClientReply:client-961AB5C49053->06a8f420-c55d-4064-b0af-9862eabb487d@group-113FF32A5128, cid=4, FAILED org.apache.ratis.protocol.NotLeaderException: Server 06a8f420-c55d-4064-b0af-9862eabb487d@group-113FF32A5128 is not the leader b629121d-9414-4e6f-a533-8e2a2621a008:192.168.34.27:33915, logIndex=0, commits[06a8f420-c55d-4064-b0af-9862eabb487d:c10, a49289a7-2fc4-4008-a49b-27c2b6921fe9:c4, b629121d-9414-4e6f-a533-8e2a2621a008:c10]
2019-10-24 12:47:14,851 [EventQueue-ContainerReportForContainerReportHandler] WARN  container.ContainerReportHandler (AbstractContainerReportHandler.java:updateContainerState(145)) - Container #1 is in OPEN state, but the datanode b629121d-9414-4e6f-a533-8e2a2621a008{ip: 192.168.34.27, host: pr-hdds-2034-s5hcl-2472234065, networkLocation: /default-rack, certSerialId: null} reports an CLOSED replica.
2019-10-24 12:47:14,885 [EventQueue-ContainerReportForContainerReportHandler] WARN  container.ContainerReportHandler (AbstractContainerReportHandler.java:updateContainerState(145)) - Container #1 is in OPEN state, but the datanode 06a8f420-c55d-4064-b0af-9862eabb487d{ip: 192.168.34.27, host: pr-hdds-2034-s5hcl-2472234065, networkLocation: /default-rack, certSerialId: null} reports an CLOSED replica.
2019-10-24 12:47:15,051 [EventQueue-ContainerReportForContainerReportHandler] WARN  container.ContainerReportHandler (AbstractContainerReportHandler.java:updateContainerState(145)) - Container #1 is in OPEN state, but the datanode b629121d-9414-4e6f-a533-8e2a2621a008{ip: 192.168.34.27, host: pr-hdds-2034-s5hcl-2472234065, networkLocation: /default-rack, certSerialId: null} reports an CLOSED replica.
2019-10-24 12:47:15,187 [EventQueue-ContainerReportForContainerReportHandler] WARN  container.ContainerReportHandler (AbstractContainerReportHandler.java:updateContainerState(145)) - Container #1 is in OPEN state, but the datanode 06a8f420-c55d-4064-b0af-9862eabb487d{ip: 192.168.34.27, host: pr-hdds-2034-s5hcl-2472234065, networkLocation: /default-rack, certSerialId: null} reports an CLOSED replica.
2019-10-24 12:47:15,352 [EventQueue-ContainerReportForContainerReportHandler] WARN  container.ContainerReportHandler (AbstractContainerReportHandler.java:updateContainerState(145)) - Container #1 is in OPEN state, but the datanode b629121d-9414-4e6f-a533-8e2a2621a008{ip: 192.168.34.27, host: pr-hdds-2034-s5hcl-2472234065, networkLocation: /default-rack, certSerialId: null} reports an CLOSED replica.
2019-10-24 12:47:15,488 [EventQueue-ContainerReportForContainerReportHandler] WARN  container.ContainerReportHandler (AbstractContainerReportHandler.java:updateContainerState(145)) - Container #1 is in OPEN state, but the datanode 06a8f420-c55d-4064-b0af-9862eabb487d{ip: 192.168.34.27, host: pr-hdds-2034-s5hcl-2472234065, networkLocation: /default-rack, certSerialId: null} reports an CLOSED replica.
2019-10-24 12:47:15,497 [BlockDeletingService#2] WARN  background.BlockDeletingService (BlockDeletingService.java:isDeletionAllowed(187)) - Close Container log Index 6 is not replicated across allthe servers in the pipeline 547b3abb-e21a-4b37-ae70-113ff32a5128 as the min replicated index is 4. Deletion is not allowed in this container yet.
2019-10-24 12:47:15,499 [BlockDeletingService#2] WARN  background.BlockDeletingService (BlockDeletingService.java:isDeletionAllowed(187)) - Close Container log Index 6 is not replicated across allthe servers in the pipeline 547b3abb-e21a-4b37-ae70-113ff32a5128 as the min replicated index is 4. Deletion is not allowed in this container yet.
2019-10-24 12:47:15,652 [EventQueue-ContainerReportForContainerReportHandler] WARN  container.ContainerReportHandler (AbstractContainerReportHandler.java:updateContainerState(145)) - Container #1 is in OPEN state, but the datanode b629121d-9414-4e6f-a533-8e2a2621a008{ip: 192.168.34.27, host: pr-hdds-2034-s5hcl-2472234065, networkLocation: /default-rack, certSerialId: null} reports an CLOSED replica.
2019-10-24 12:47:15,789 [EventQueue-ContainerReportForContainerReportHandler] WARN  container.ContainerReportHandler (AbstractContainerReportHandler.java:updateContainerState(145)) - Container #1 is in OPEN state, but the datanode 06a8f420-c55d-4064-b0af-9862eabb487d{ip: 192.168.34.27, host: pr-hdds-2034-s5hcl-2472234065, networkLocation: /default-rack, certSerialId: null} reports an CLOSED replica.
2019-10-24 12:47:15,852 [EventQueue-ContainerReportForContainerReportHandler] WARN  container.ContainerReportHandler (AbstractContainerReportHandler.java:updateContainerState(145)) - Container #1 is in OPEN state, but the datanode b629121d-9414-4e6f-a533-8e2a2621a008{ip: 192.168.34.27, host: pr-hdds-2034-s5hcl-2472234065, networkLocation: /default-rack, certSerialId: null} reports an CLOSED replica.
2019-10-24 12:47:16,051 [EventQueue-ContainerReportForContainerReportHandler] WARN  container.ContainerReportHandler (AbstractContainerReportHandler.java:updateContainerState(145)) - Container #1 is in OPEN state, but the datanode b629121d-9414-4e6f-a533-8e2a2621a008{ip: 192.168.34.27, host: pr-hdds-2034-s5hcl-2472234065, networkLocation: /default-rack, certSerialId: null} reports an CLOSED replica.
2019-10-24 12:47:16,089 [EventQueue-ContainerReportForContainerReportHandler] WARN  container.ContainerReportHandler (AbstractContainerReportHandler.java:updateContainerState(145)) - Container #1 is in OPEN state, but the datanode 06a8f420-c55d-4064-b0af-9862eabb487d{ip: 192.168.34.27, host: pr-hdds-2034-s5hcl-2472234065, networkLocation: /default-rack, certSerialId: null} reports an CLOSED replica.
2019-10-24 12:47:16,353 [EventQueue-ContainerReportForContainerReportHandler] WARN  container.ContainerReportHandler (AbstractContainerReportHandler.java:updateContainerState(145)) - Container #1 is in OPEN state, but the datanode b629121d-9414-4e6f-a533-8e2a2621a008{ip: 192.168.34.27, host: pr-hdds-2034-s5hcl-2472234065, networkLocation: /default-rack, certSerialId: null} reports an CLOSED replica.
2019-10-24 12:47:16,390 [EventQueue-ContainerReportForContainerReportHandler] WARN  container.ContainerReportHandler (AbstractContainerReportHandler.java:updateContainerState(145)) - Container #1 is in OPEN state, but the datanode 06a8f420-c55d-4064-b0af-9862eabb487d{ip: 192.168.34.27, host: pr-hdds-2034-s5hcl-2472234065, networkLocation: /default-rack, certSerialId: null} reports an CLOSED replica.
2019-10-24 12:47:16,502 [BlockDeletingService#2] WARN  background.BlockDeletingService (BlockDeletingService.java:isDeletionAllowed(187)) - Close Container log Index 6 is not replicated across allthe servers in the pipeline 547b3abb-e21a-4b37-ae70-113ff32a5128 as the min replicated index is 4. Deletion is not allowed in this container yet.
2019-10-24 12:47:16,502 [BlockDeletingService#2] WARN  background.BlockDeletingService (BlockDeletingService.java:isDeletionAllowed(187)) - Close Container log Index 6 is not replicated across allthe servers in the pipeline 547b3abb-e21a-4b37-ae70-113ff32a5128 as the min replicated index is 4. Deletion is not allowed in this container yet.
2019-10-24 12:47:16,692 [EventQueue-ContainerReportForContainerReportHandler] WARN  container.ContainerReportHandler (AbstractContainerReportHandler.java:updateContainerState(145)) - Container #1 is in OPEN state, but the datanode 06a8f420-c55d-4064-b0af-9862eabb487d{ip: 192.168.34.27, host: pr-hdds-2034-s5hcl-2472234065, networkLocation: /default-rack, certSerialId: null} reports an CLOSED replica.
2019-10-24 12:47:16,753 [EventQueue-ContainerReportForContainerReportHandler] WARN  container.ContainerReportHandler (AbstractContainerReportHandler.java:updateContainerState(145)) - Container #1 is in OPEN state, but the datanode b629121d-9414-4e6f-a533-8e2a2621a008{ip: 192.168.34.27, host: pr-hdds-2034-s5hcl-2472234065, networkLocation: /default-rack, certSerialId: null} reports an CLOSED replica.
2019-10-24 12:47:16,756 [Thread-470] INFO  client.GrpcClientProtocolService (GrpcClientProtocolService.java:lambda$processClientRequest$0(279)) - Failed RaftClientRequest:client-961AB5C49053->b629121d-9414-4e6f-a533-8e2a2621a008@group-113FF32A5128, cid=4, seq=0, Watch-ALL_COMMITTED(6), Message:<EMPTY>, reply=RaftClientReply:client-961AB5C49053->b629121d-9414-4e6f-a533-8e2a2621a008@group-113FF32A5128, cid=4, FAILED org.apache.ratis.protocol.NotReplicatedException: Request with call Id 4 and log index 6 is not yet replicated to ALL_COMMITTED, logIndex=6, commits[b629121d-9414-4e6f-a533-8e2a2621a008:c10, a49289a7-2fc4-4008-a49b-27c2b6921fe9:c4, 06a8f420-c55d-4064-b0af-9862eabb487d:c10]
2019-10-24 12:47:16,770 [java.util.concurrent.ThreadPoolExecutor$Worker@626a3adc[State = -1, empty queue]] WARN  server.GrpcLogAppender (GrpcLogAppender.java:timeoutAppendRequest(209)) - b629121d-9414-4e6f-a533-8e2a2621a008@group-113FF32A5128->a49289a7-2fc4-4008-a49b-27c2b6921fe9-GrpcLogAppender: appendEntries Timeout, request=b629121d-9414-4e6f-a533-8e2a2621a008->a49289a7-2fc4-4008-a49b-27c2b6921fe9#39-t3, previous=(t:3, i:10), leaderCommit=10, initializing? false, entries: <empty>
2019-10-24 12:47:16,890 [EventQueue-ContainerReportForContainerReportHandler] WARN  container.ContainerReportHandler (AbstractContainerReportHandler.java:updateContainerState(145)) - Container #1 is in OPEN state, but the datanode 06a8f420-c55d-4064-b0af-9862eabb487d{ip: 192.168.34.27, host: pr-hdds-2034-s5hcl-2472234065, networkLocation: /default-rack, certSerialId: null} reports an CLOSED replica.
2019-10-24 12:47:17,053 [EventQueue-ContainerReportForContainerReportHandler] WARN  container.ContainerReportHandler (AbstractContainerReportHandler.java:updateContainerState(145)) - Container #1 is in OPEN state, but the datanode b629121d-9414-4e6f-a533-8e2a2621a008{ip: 192.168.34.27, host: pr-hdds-2034-s5hcl-2472234065, networkLocation: /default-rack, certSerialId: null} reports an CLOSED replica.
2019-10-24 12:47:17,292 [EventQueue-ContainerReportForContainerReportHandler] WARN  container.ContainerReportHandler (AbstractContainerReportHandler.java:updateContainerState(145)) - Container #1 is in OPEN state, but the datanode 06a8f420-c55d-4064-b0af-9862eabb487d{ip: 192.168.34.27, host: pr-hdds-2034-s5hcl-2472234065, networkLocation: /default-rack, certSerialId: null} reports an CLOSED replica.
2019-10-24 12:47:17,453 [EventQueue-ContainerReportForContainerReportHandler] WARN  container.ContainerReportHandler (AbstractContainerReportHandler.java:updateContainerState(145)) - Container #1 is in OPEN state, but the datanode b629121d-9414-4e6f-a533-8e2a2621a008{ip: 192.168.34.27, host: pr-hdds-2034-s5hcl-2472234065, networkLocation: /default-rack, certSerialId: null} reports an CLOSED replica.
2019-10-24 12:47:17,504 [BlockDeletingService#2] WARN  background.BlockDeletingService (BlockDeletingService.java:isDeletionAllowed(187)) - Close Container log Index 6 is not replicated across allthe servers in the pipeline 547b3abb-e21a-4b37-ae70-113ff32a5128 as the min replicated index is 4. Deletion is not allowed in this container yet.
2019-10-24 12:47:17,504 [BlockDeletingService#2] WARN  background.BlockDeletingService (BlockDeletingService.java:isDeletionAllowed(187)) - Close Container log Index 6 is not replicated across allthe servers in the pipeline 547b3abb-e21a-4b37-ae70-113ff32a5128 as the min replicated index is 4. Deletion is not allowed in this container yet.
2019-10-24 12:47:17,591 [EventQueue-ContainerReportForContainerReportHandler] WARN  container.ContainerReportHandler (AbstractContainerReportHandler.java:updateContainerState(145)) - Container #1 is in OPEN state, but the datanode 06a8f420-c55d-4064-b0af-9862eabb487d{ip: 192.168.34.27, host: pr-hdds-2034-s5hcl-2472234065, networkLocation: /default-rack, certSerialId: null} reports an CLOSED replica.
2019-10-24 12:47:17,753 [EventQueue-ContainerReportForContainerReportHandler] WARN  container.ContainerReportHandler (AbstractContainerReportHandler.java:updateContainerState(145)) - Container #1 is in OPEN state, but the datanode b629121d-9414-4e6f-a533-8e2a2621a008{ip: 192.168.34.27, host: pr-hdds-2034-s5hcl-2472234065, networkLocation: /default-rack, certSerialId: null} reports an CLOSED replica.
2019-10-24 12:47:17,791 [EventQueue-ContainerReportForContainerReportHandler] WARN  container.ContainerReportHandler (AbstractContainerReportHandler.java:updateContainerState(145)) - Container #1 is in OPEN state, but the datanode 06a8f420-c55d-4064-b0af-9862eabb487d{ip: 192.168.34.27, host: pr-hdds-2034-s5hcl-2472234065, networkLocation: /default-rack, certSerialId: null} reports an CLOSED replica.
2019-10-24 12:47:18,091 [EventQueue-ContainerReportForContainerReportHandler] WARN  container.ContainerReportHandler (AbstractContainerReportHandler.java:updateContainerState(145)) - Container #1 is in OPEN state, but the datanode 06a8f420-c55d-4064-b0af-9862eabb487d{ip: 192.168.34.27, host: pr-hdds-2034-s5hcl-2472234065, networkLocation: /default-rack, certSerialId: null} reports an CLOSED replica.
2019-10-24 12:47:18,153 [EventQueue-ContainerReportForContainerReportHandler] WARN  container.ContainerReportHandler (AbstractContainerReportHandler.java:updateContainerState(145)) - Container #1 is in OPEN state, but the datanode b629121d-9414-4e6f-a533-8e2a2621a008{ip: 192.168.34.27, host: pr-hdds-2034-s5hcl-2472234065, networkLocation: /default-rack, certSerialId: null} reports an CLOSED replica.
2019-10-24 12:47:18,392 [EventQueue-ContainerReportForContainerReportHandler] WARN  container.ContainerReportHandler (AbstractContainerReportHandler.java:updateContainerState(145)) - Container #1 is in OPEN state, but the datanode 06a8f420-c55d-4064-b0af-9862eabb487d{ip: 192.168.34.27, host: pr-hdds-2034-s5hcl-2472234065, networkLocation: /default-rack, certSerialId: null} reports an CLOSED replica.
2019-10-24 12:47:18,506 [BlockDeletingService#2] WARN  background.BlockDeletingService (BlockDeletingService.java:isDeletionAllowed(187)) - Close Container log Index 6 is not replicated across allthe servers in the pipeline 547b3abb-e21a-4b37-ae70-113ff32a5128 as the min replicated index is 4. Deletion is not allowed in this container yet.
2019-10-24 12:47:18,506 [BlockDeletingService#2] WARN  background.BlockDeletingService (BlockDeletingService.java:isDeletionAllowed(187)) - Close Container log Index 6 is not replicated across allthe servers in the pipeline 547b3abb-e21a-4b37-ae70-113ff32a5128 as the min replicated index is 4. Deletion is not allowed in this container yet.
2019-10-24 12:47:18,553 [EventQueue-ContainerReportForContainerReportHandler] WARN  container.ContainerReportHandler (AbstractContainerReportHandler.java:updateContainerState(145)) - Container #1 is in OPEN state, but the datanode b629121d-9414-4e6f-a533-8e2a2621a008{ip: 192.168.34.27, host: pr-hdds-2034-s5hcl-2472234065, networkLocation: /default-rack, certSerialId: null} reports an CLOSED replica.
2019-10-24 12:47:18,792 [EventQueue-ContainerReportForContainerReportHandler] WARN  container.ContainerReportHandler (AbstractContainerReportHandler.java:updateContainerState(145)) - Container #1 is in OPEN state, but the datanode 06a8f420-c55d-4064-b0af-9862eabb487d{ip: 192.168.34.27, host: pr-hdds-2034-s5hcl-2472234065, networkLocation: /default-rack, certSerialId: null} reports an CLOSED replica.
2019-10-24 12:47:18,853 [EventQueue-ContainerReportForContainerReportHandler] WARN  container.ContainerReportHandler (AbstractContainerReportHandler.java:updateContainerState(145)) - Container #1 is in OPEN state, but the datanode b629121d-9414-4e6f-a533-8e2a2621a008{ip: 192.168.34.27, host: pr-hdds-2034-s5hcl-2472234065, networkLocation: /default-rack, certSerialId: null} reports an CLOSED replica.
2019-10-24 12:47:19,154 [EventQueue-ContainerReportForContainerReportHandler] WARN  container.ContainerReportHandler (AbstractContainerReportHandler.java:updateContainerState(145)) - Container #1 is in OPEN state, but the datanode b629121d-9414-4e6f-a533-8e2a2621a008{ip: 192.168.34.27, host: pr-hdds-2034-s5hcl-2472234065, networkLocation: /default-rack, certSerialId: null} reports an CLOSED replica.
2019-10-24 12:47:19,192 [EventQueue-ContainerReportForContainerReportHandler] WARN  container.ContainerReportHandler (AbstractContainerReportHandler.java:updateContainerState(145)) - Container #1 is in OPEN state, but the datanode 06a8f420-c55d-4064-b0af-9862eabb487d{ip: 192.168.34.27, host: pr-hdds-2034-s5hcl-2472234065, networkLocation: /default-rack, certSerialId: null} reports an CLOSED replica.
2019-10-24 12:47:19,273 [java.util.concurrent.ThreadPoolExecutor$Worker@626a3adc[State = -1, empty queue]] WARN  server.GrpcLogAppender (GrpcLogAppender.java:timeoutAppendRequest(209)) - b629121d-9414-4e6f-a533-8e2a2621a008@group-113FF32A5128->a49289a7-2fc4-4008-a49b-27c2b6921fe9-GrpcLogAppender: appendEntries Timeout, request=b629121d-9414-4e6f-a533-8e2a2621a008->a49289a7-2fc4-4008-a49b-27c2b6921fe9#40-t3, previous=(t:3, i:10), leaderCommit=10, initializing? false, entries: <empty>
2019-10-24 12:47:19,493 [EventQueue-ContainerReportForContainerReportHandler] WARN  container.ContainerReportHandler (AbstractContainerReportHandler.java:updateContainerState(145)) - Container #1 is in OPEN state, but the datanode 06a8f420-c55d-4064-b0af-9862eabb487d{ip: 192.168.34.27, host: pr-hdds-2034-s5hcl-2472234065, networkLocation: /default-rack, certSerialId: null} reports an CLOSED replica.
2019-10-24 12:47:19,509 [BlockDeletingService#2] WARN  background.BlockDeletingService (BlockDeletingService.java:isDeletionAllowed(187)) - Close Container log Index 6 is not replicated across allthe servers in the pipeline 547b3abb-e21a-4b37-ae70-113ff32a5128 as the min replicated index is 4. Deletion is not allowed in this container yet.
2019-10-24 12:47:19,509 [BlockDeletingService#2] WARN  background.BlockDeletingService (BlockDeletingService.java:isDeletionAllowed(187)) - Close Container log Index 6 is not replicated across allthe servers in the pipeline 547b3abb-e21a-4b37-ae70-113ff32a5128 as the min replicated index is 4. Deletion is not allowed in this container yet.
2019-10-24 12:47:19,553 [EventQueue-ContainerReportForContainerReportHandler] WARN  container.ContainerReportHandler (AbstractContainerReportHandler.java:updateContainerState(145)) - Container #1 is in OPEN state, but the datanode b629121d-9414-4e6f-a533-8e2a2621a008{ip: 192.168.34.27, host: pr-hdds-2034-s5hcl-2472234065, networkLocation: /default-rack, certSerialId: null} reports an CLOSED replica.
2019-10-24 12:47:19,756 [EventQueue-ContainerReportForContainerReportHandler] WARN  container.ContainerReportHandler (AbstractContainerReportHandler.java:updateContainerState(145)) - Container #1 is in OPEN state, but the datanode b629121d-9414-4e6f-a533-8e2a2621a008{ip: 192.168.34.27, host: pr-hdds-2034-s5hcl-2472234065, networkLocation: /default-rack, certSerialId: null} reports an CLOSED replica.
2019-10-24 12:47:19,794 [EventQueue-ContainerReportForContainerReportHandler] WARN  container.ContainerReportHandler (AbstractContainerReportHandler.java:updateContainerState(145)) - Container #1 is in OPEN state, but the datanode 06a8f420-c55d-4064-b0af-9862eabb487d{ip: 192.168.34.27, host: pr-hdds-2034-s5hcl-2472234065, networkLocation: /default-rack, certSerialId: null} reports an CLOSED replica.
2019-10-24 12:47:20,054 [EventQueue-ContainerReportForContainerReportHandler] WARN  container.ContainerReportHandler (AbstractContainerReportHandler.java:updateContainerState(145)) - Container #1 is in OPEN state, but the datanode b629121d-9414-4e6f-a533-8e2a2621a008{ip: 192.168.34.27, host: pr-hdds-2034-s5hcl-2472234065, networkLocation: /default-rack, certSerialId: null} reports an CLOSED replica.
2019-10-24 12:47:20,095 [EventQueue-ContainerReportForContainerReportHandler] WARN  container.ContainerReportHandler (AbstractContainerReportHandler.java:updateContainerState(145)) - Container #1 is in OPEN state, but the datanode 06a8f420-c55d-4064-b0af-9862eabb487d{ip: 192.168.34.27, host: pr-hdds-2034-s5hcl-2472234065, networkLocation: /default-rack, certSerialId: null} reports an CLOSED replica.
2019-10-24 12:47:20,354 [EventQueue-ContainerReportForContainerReportHandler] WARN  container.ContainerReportHandler (AbstractContainerReportHandler.java:updateContainerState(145)) - Container #1 is in OPEN state, but the datanode b629121d-9414-4e6f-a533-8e2a2621a008{ip: 192.168.34.27, host: pr-hdds-2034-s5hcl-2472234065, networkLocation: /default-rack, certSerialId: null} reports an CLOSED replica.
2019-10-24 12:47:20,496 [EventQueue-ContainerReportForContainerReportHandler] WARN  container.ContainerReportHandler (AbstractContainerReportHandler.java:updateContainerState(145)) - Container #1 is in OPEN state, but the datanode 06a8f420-c55d-4064-b0af-9862eabb487d{ip: 192.168.34.27, host: pr-hdds-2034-s5hcl-2472234065, networkLocation: /default-rack, certSerialId: null} reports an CLOSED replica.
2019-10-24 12:47:20,512 [BlockDeletingService#2] WARN  background.BlockDeletingService (BlockDeletingService.java:isDeletionAllowed(187)) - Close Container log Index 6 is not replicated across allthe servers in the pipeline 547b3abb-e21a-4b37-ae70-113ff32a5128 as the min replicated index is 4. Deletion is not allowed in this container yet.
2019-10-24 12:47:20,512 [BlockDeletingService#2] WARN  background.BlockDeletingService (BlockDeletingService.java:isDeletionAllowed(187)) - Close Container log Index 6 is not replicated across allthe servers in the pipeline 547b3abb-e21a-4b37-ae70-113ff32a5128 as the min replicated index is 4. Deletion is not allowed in this container yet.
2019-10-24 12:47:20,656 [EventQueue-ContainerReportForContainerReportHandler] WARN  container.ContainerReportHandler (AbstractContainerReportHandler.java:updateContainerState(145)) - Container #1 is in OPEN state, but the datanode b629121d-9414-4e6f-a533-8e2a2621a008{ip: 192.168.34.27, host: pr-hdds-2034-s5hcl-2472234065, networkLocation: /default-rack, certSerialId: null} reports an CLOSED replica.
2019-10-24 12:47:20,796 [EventQueue-ContainerReportForContainerReportHandler] WARN  container.ContainerReportHandler (AbstractContainerReportHandler.java:updateContainerState(145)) - Container #1 is in OPEN state, but the datanode 06a8f420-c55d-4064-b0af-9862eabb487d{ip: 192.168.34.27, host: pr-hdds-2034-s5hcl-2472234065, networkLocation: /default-rack, certSerialId: null} reports an CLOSED replica.
2019-10-24 12:47:20,856 [EventQueue-ContainerReportForContainerReportHandler] WARN  container.ContainerReportHandler (AbstractContainerReportHandler.java:updateContainerState(145)) - Container #1 is in OPEN state, but the datanode b629121d-9414-4e6f-a533-8e2a2621a008{ip: 192.168.34.27, host: pr-hdds-2034-s5hcl-2472234065, networkLocation: /default-rack, certSerialId: null} reports an CLOSED replica.
2019-10-24 12:47:21,097 [EventQueue-ContainerReportForContainerReportHandler] WARN  container.ContainerReportHandler (AbstractContainerReportHandler.java:updateContainerState(145)) - Container #1 is in OPEN state, but the datanode 06a8f420-c55d-4064-b0af-9862eabb487d{ip: 192.168.34.27, host: pr-hdds-2034-s5hcl-2472234065, networkLocation: /default-rack, certSerialId: null} reports an CLOSED replica.
2019-10-24 12:47:21,257 [EventQueue-ContainerReportForContainerReportHandler] WARN  container.ContainerReportHandler (AbstractContainerReportHandler.java:updateContainerState(145)) - Container #1 is in OPEN state, but the datanode b629121d-9414-4e6f-a533-8e2a2621a008{ip: 192.168.34.27, host: pr-hdds-2034-s5hcl-2472234065, networkLocation: /default-rack, certSerialId: null} reports an CLOSED replica.
2019-10-24 12:47:21,398 [EventQueue-ContainerReportForContainerReportHandler] WARN  container.ContainerReportHandler (AbstractContainerReportHandler.java:updateContainerState(145)) - Container #1 is in OPEN state, but the datanode 06a8f420-c55d-4064-b0af-9862eabb487d{ip: 192.168.34.27, host: pr-hdds-2034-s5hcl-2472234065, networkLocation: /default-rack, certSerialId: null} reports an CLOSED replica.
2019-10-24 12:47:21,456 [EventQueue-ContainerReportForContainerReportHandler] WARN  container.ContainerReportHandler (AbstractContainerReportHandler.java:updateContainerState(145)) - Container #1 is in OPEN state, but the datanode b629121d-9414-4e6f-a533-8e2a2621a008{ip: 192.168.34.27, host: pr-hdds-2034-s5hcl-2472234065, networkLocation: /default-rack, certSerialId: null} reports an CLOSED replica.
2019-10-24 12:47:21,513 [BlockDeletingService#2] WARN  background.BlockDeletingService (BlockDeletingService.java:isDeletionAllowed(187)) - Close Container log Index 6 is not replicated across allthe servers in the pipeline 547b3abb-e21a-4b37-ae70-113ff32a5128 as the min replicated index is 4. Deletion is not allowed in this container yet.
2019-10-24 12:47:21,513 [BlockDeletingService#5] WARN  background.BlockDeletingService (BlockDeletingService.java:isDeletionAllowed(187)) - Close Container log Index 6 is not replicated across allthe servers in the pipeline 547b3abb-e21a-4b37-ae70-113ff32a5128 as the min replicated index is 4. Deletion is not allowed in this container yet.
2019-10-24 12:47:21,698 [EventQueue-ContainerReportForContainerReportHandler] WARN  container.ContainerReportHandler (AbstractContainerReportHandler.java:updateContainerState(145)) - Container #1 is in OPEN state, but the datanode 06a8f420-c55d-4064-b0af-9862eabb487d{ip: 192.168.34.27, host: pr-hdds-2034-s5hcl-2472234065, networkLocation: /default-rack, certSerialId: null} reports an CLOSED replica.
2019-10-24 12:47:21,774 [java.util.concurrent.ThreadPoolExecutor$Worker@626a3adc[State = -1, empty queue]] WARN  server.GrpcLogAppender (GrpcLogAppender.java:timeoutAppendRequest(209)) - b629121d-9414-4e6f-a533-8e2a2621a008@group-113FF32A5128->a49289a7-2fc4-4008-a49b-27c2b6921fe9-GrpcLogAppender: appendEntries Timeout, request=b629121d-9414-4e6f-a533-8e2a2621a008->a49289a7-2fc4-4008-a49b-27c2b6921fe9#41-t3, previous=(t:3, i:10), leaderCommit=10, initializing? false, entries: <empty>
2019-10-24 12:47:21,856 [EventQueue-ContainerReportForContainerReportHandler] WARN  container.ContainerReportHandler (AbstractContainerReportHandler.java:updateContainerState(145)) - Container #1 is in OPEN state, but the datanode b629121d-9414-4e6f-a533-8e2a2621a008{ip: 192.168.34.27, host: pr-hdds-2034-s5hcl-2472234065, networkLocation: /default-rack, certSerialId: null} reports an CLOSED replica.
2019-10-24 12:47:21,998 [EventQueue-ContainerReportForContainerReportHandler] WARN  container.ContainerReportHandler (AbstractContainerReportHandler.java:updateContainerState(145)) - Container #1 is in OPEN state, but the datanode 06a8f420-c55d-4064-b0af-9862eabb487d{ip: 192.168.34.27, host: pr-hdds-2034-s5hcl-2472234065, networkLocation: /default-rack, certSerialId: null} reports an CLOSED replica.
2019-10-24 12:47:22,157 [EventQueue-ContainerReportForContainerReportHandler] WARN  container.ContainerReportHandler (AbstractContainerReportHandler.java:updateContainerState(145)) - Container #1 is in OPEN state, but the datanode b629121d-9414-4e6f-a533-8e2a2621a008{ip: 192.168.34.27, host: pr-hdds-2034-s5hcl-2472234065, networkLocation: /default-rack, certSerialId: null} reports an CLOSED replica.
2019-10-24 12:47:22,398 [EventQueue-ContainerReportForContainerReportHandler] WARN  container.ContainerReportHandler (AbstractContainerReportHandler.java:updateContainerState(145)) - Container #1 is in OPEN state, but the datanode 06a8f420-c55d-4064-b0af-9862eabb487d{ip: 192.168.34.27, host: pr-hdds-2034-s5hcl-2472234065, networkLocation: /default-rack, certSerialId: null} reports an CLOSED replica.
2019-10-24 12:47:22,515 [BlockDeletingService#2] WARN  background.BlockDeletingService (BlockDeletingService.java:isDeletionAllowed(187)) - Close Container log Index 6 is not replicated across allthe servers in the pipeline 547b3abb-e21a-4b37-ae70-113ff32a5128 as the min replicated index is 4. Deletion is not allowed in this container yet.
2019-10-24 12:47:22,515 [BlockDeletingService#5] WARN  background.BlockDeletingService (BlockDeletingService.java:isDeletionAllowed(187)) - Close Container log Index 6 is not replicated across allthe servers in the pipeline 547b3abb-e21a-4b37-ae70-113ff32a5128 as the min replicated index is 4. Deletion is not allowed in this container yet.
2019-10-24 12:47:22,558 [EventQueue-ContainerReportForContainerReportHandler] WARN  container.ContainerReportHandler (AbstractContainerReportHandler.java:updateContainerState(145)) - Container #1 is in OPEN state, but the datanode b629121d-9414-4e6f-a533-8e2a2621a008{ip: 192.168.34.27, host: pr-hdds-2034-s5hcl-2472234065, networkLocation: /default-rack, certSerialId: null} reports an CLOSED replica.
2019-10-24 12:47:22,699 [EventQueue-ContainerReportForContainerReportHandler] WARN  container.ContainerReportHandler (AbstractContainerReportHandler.java:updateContainerState(145)) - Container #1 is in OPEN state, but the datanode 06a8f420-c55d-4064-b0af-9862eabb487d{ip: 192.168.34.27, host: pr-hdds-2034-s5hcl-2472234065, networkLocation: /default-rack, certSerialId: null} reports an CLOSED replica.
2019-10-24 12:47:22,759 [EventQueue-ContainerReportForContainerReportHandler] WARN  container.ContainerReportHandler (AbstractContainerReportHandler.java:updateContainerState(145)) - Container #1 is in OPEN state, but the datanode b629121d-9414-4e6f-a533-8e2a2621a008{ip: 192.168.34.27, host: pr-hdds-2034-s5hcl-2472234065, networkLocation: /default-rack, certSerialId: null} reports an CLOSED replica.
2019-10-24 12:47:22,998 [EventQueue-ContainerReportForContainerReportHandler] WARN  container.ContainerReportHandler (AbstractContainerReportHandler.java:updateContainerState(145)) - Container #1 is in OPEN state, but the datanode 06a8f420-c55d-4064-b0af-9862eabb487d{ip: 192.168.34.27, host: pr-hdds-2034-s5hcl-2472234065, networkLocation: /default-rack, certSerialId: null} reports an CLOSED replica.
2019-10-24 12:47:23,059 [EventQueue-ContainerReportForContainerReportHandler] WARN  container.ContainerReportHandler (AbstractContainerReportHandler.java:updateContainerState(145)) - Container #1 is in OPEN state, but the datanode b629121d-9414-4e6f-a533-8e2a2621a008{ip: 192.168.34.27, host: pr-hdds-2034-s5hcl-2472234065, networkLocation: /default-rack, certSerialId: null} reports an CLOSED replica.
2019-10-24 12:47:23,359 [EventQueue-ContainerReportForContainerReportHandler] WARN  container.ContainerReportHandler (AbstractContainerReportHandler.java:updateContainerState(145)) - Container #1 is in OPEN state, but the datanode b629121d-9414-4e6f-a533-8e2a2621a008{ip: 192.168.34.27, host: pr-hdds-2034-s5hcl-2472234065, networkLocation: /default-rack, certSerialId: null} reports an CLOSED replica.
2019-10-24 12:47:23,399 [EventQueue-ContainerReportForContainerReportHandler] WARN  container.ContainerReportHandler (AbstractContainerReportHandler.java:updateContainerState(145)) - Container #1 is in OPEN state, but the datanode 06a8f420-c55d-4064-b0af-9862eabb487d{ip: 192.168.34.27, host: pr-hdds-2034-s5hcl-2472234065, networkLocation: /default-rack, certSerialId: null} reports an CLOSED replica.
2019-10-24 12:47:23,517 [BlockDeletingService#5] WARN  background.BlockDeletingService (BlockDeletingService.java:isDeletionAllowed(187)) - Close Container log Index 6 is not replicated across allthe servers in the pipeline 547b3abb-e21a-4b37-ae70-113ff32a5128 as the min replicated index is 4. Deletion is not allowed in this container yet.
2019-10-24 12:47:23,517 [BlockDeletingService#2] WARN  background.BlockDeletingService (BlockDeletingService.java:isDeletionAllowed(187)) - Close Container log Index 6 is not replicated across allthe servers in the pipeline 547b3abb-e21a-4b37-ae70-113ff32a5128 as the min replicated index is 4. Deletion is not allowed in this container yet.
2019-10-24 12:47:23,660 [EventQueue-ContainerReportForContainerReportHandler] WARN  container.ContainerReportHandler (AbstractContainerReportHandler.java:updateContainerState(145)) - Container #1 is in OPEN state, but the datanode b629121d-9414-4e6f-a533-8e2a2621a008{ip: 192.168.34.27, host: pr-hdds-2034-s5hcl-2472234065, networkLocation: /default-rack, certSerialId: null} reports an CLOSED replica.
2019-10-24 12:47:23,700 [EventQueue-ContainerReportForContainerReportHandler] WARN  container.ContainerReportHandler (AbstractContainerReportHandler.java:updateContainerState(145)) - Container #1 is in OPEN state, but the datanode 06a8f420-c55d-4064-b0af-9862eabb487d{ip: 192.168.34.27, host: pr-hdds-2034-s5hcl-2472234065, networkLocation: /default-rack, certSerialId: null} reports an CLOSED replica.
2019-10-24 12:47:23,960 [EventQueue-ContainerReportForContainerReportHandler] WARN  container.ContainerReportHandler (AbstractContainerReportHandler.java:updateContainerState(145)) - Container #1 is in OPEN state, but the datanode b629121d-9414-4e6f-a533-8e2a2621a008{ip: 192.168.34.27, host: pr-hdds-2034-s5hcl-2472234065, networkLocation: /default-rack, certSerialId: null} reports an CLOSED replica.
2019-10-24 12:47:24,100 [EventQueue-ContainerReportForContainerReportHandler] WARN  container.ContainerReportHandler (AbstractContainerReportHandler.java:updateContainerState(145)) - Container #1 is in OPEN state, but the datanode 06a8f420-c55d-4064-b0af-9862eabb487d{ip: 192.168.34.27, host: pr-hdds-2034-s5hcl-2472234065, networkLocation: /default-rack, certSerialId: null} reports an CLOSED replica.
2019-10-24 12:47:24,276 [java.util.concurrent.ThreadPoolExecutor$Worker@626a3adc[State = -1, empty queue]] WARN  server.GrpcLogAppender (GrpcLogAppender.java:timeoutAppendRequest(209)) - b629121d-9414-4e6f-a533-8e2a2621a008@group-113FF32A5128->a49289a7-2fc4-4008-a49b-27c2b6921fe9-GrpcLogAppender: appendEntries Timeout, request=b629121d-9414-4e6f-a533-8e2a2621a008->a49289a7-2fc4-4008-a49b-27c2b6921fe9#42-t3, previous=(t:3, i:10), leaderCommit=10, initializing? false, entries: <empty>
2019-10-24 12:47:24,360 [EventQueue-ContainerReportForContainerReportHandler] WARN  container.ContainerReportHandler (AbstractContainerReportHandler.java:updateContainerState(145)) - Container #1 is in OPEN state, but the datanode b629121d-9414-4e6f-a533-8e2a2621a008{ip: 192.168.34.27, host: pr-hdds-2034-s5hcl-2472234065, networkLocation: /default-rack, certSerialId: null} reports an CLOSED replica.
2019-10-24 12:47:24,400 [EventQueue-ContainerReportForContainerReportHandler] WARN  container.ContainerReportHandler (AbstractContainerReportHandler.java:updateContainerState(145)) - Container #1 is in OPEN state, but the datanode 06a8f420-c55d-4064-b0af-9862eabb487d{ip: 192.168.34.27, host: pr-hdds-2034-s5hcl-2472234065, networkLocation: /default-rack, certSerialId: null} reports an CLOSED replica.
2019-10-24 12:47:24,519 [BlockDeletingService#2] WARN  background.BlockDeletingService (BlockDeletingService.java:isDeletionAllowed(187)) - Close Container log Index 6 is not replicated across allthe servers in the pipeline 547b3abb-e21a-4b37-ae70-113ff32a5128 as the min replicated index is 4. Deletion is not allowed in this container yet.
2019-10-24 12:47:24,519 [BlockDeletingService#5] WARN  background.BlockDeletingService (BlockDeletingService.java:isDeletionAllowed(187)) - Close Container log Index 6 is not replicated across allthe servers in the pipeline 547b3abb-e21a-4b37-ae70-113ff32a5128 as the min replicated index is 4. Deletion is not allowed in this container yet.
2019-10-24 12:47:24,559 [EventQueue-ContainerReportForContainerReportHandler] WARN  container.ContainerReportHandler (AbstractContainerReportHandler.java:updateContainerState(145)) - Container #1 is in OPEN state, but the datanode b629121d-9414-4e6f-a533-8e2a2621a008{ip: 192.168.34.27, host: pr-hdds-2034-s5hcl-2472234065, networkLocation: /default-rack, certSerialId: null} reports an CLOSED replica.
2019-10-24 12:47:24,801 [EventQueue-ContainerReportForContainerReportHandler] WARN  container.ContainerReportHandler (AbstractContainerReportHandler.java:updateContainerState(145)) - Container #1 is in OPEN state, but the datanode 06a8f420-c55d-4064-b0af-9862eabb487d{ip: 192.168.34.27, host: pr-hdds-2034-s5hcl-2472234065, networkLocation: /default-rack, certSerialId: null} reports an CLOSED replica.
2019-10-24 12:47:24,960 [EventQueue-ContainerReportForContainerReportHandler] WARN  container.ContainerReportHandler (AbstractContainerReportHandler.java:updateContainerState(145)) - Container #1 is in OPEN state, but the datanode b629121d-9414-4e6f-a533-8e2a2621a008{ip: 192.168.34.27, host: pr-hdds-2034-s5hcl-2472234065, networkLocation: /default-rack, certSerialId: null} reports an CLOSED replica.
2019-10-24 12:47:25,102 [EventQueue-ContainerReportForContainerReportHandler] WARN  container.ContainerReportHandler (AbstractContainerReportHandler.java:updateContainerState(145)) - Container #1 is in OPEN state, but the datanode 06a8f420-c55d-4064-b0af-9862eabb487d{ip: 192.168.34.27, host: pr-hdds-2034-s5hcl-2472234065, networkLocation: /default-rack, certSerialId: null} reports an CLOSED replica.
2019-10-24 12:47:25,260 [EventQueue-ContainerReportForContainerReportHandler] WARN  container.ContainerReportHandler (AbstractContainerReportHandler.java:updateContainerState(145)) - Container #1 is in OPEN state, but the datanode b629121d-9414-4e6f-a533-8e2a2621a008{ip: 192.168.34.27, host: pr-hdds-2034-s5hcl-2472234065, networkLocation: /default-rack, certSerialId: null} reports an CLOSED replica.
2019-10-24 12:47:25,402 [EventQueue-ContainerReportForContainerReportHandler] WARN  container.ContainerReportHandler (AbstractContainerReportHandler.java:updateContainerState(145)) - Container #1 is in OPEN state, but the datanode 06a8f420-c55d-4064-b0af-9862eabb487d{ip: 192.168.34.27, host: pr-hdds-2034-s5hcl-2472234065, networkLocation: /default-rack, certSerialId: null} reports an CLOSED replica.
2019-10-24 12:47:25,520 [BlockDeletingService#2] WARN  background.BlockDeletingService (BlockDeletingService.java:isDeletionAllowed(187)) - Close Container log Index 6 is not replicated across allthe servers in the pipeline 547b3abb-e21a-4b37-ae70-113ff32a5128 as the min replicated index is 4. Deletion is not allowed in this container yet.
2019-10-24 12:47:25,521 [BlockDeletingService#5] WARN  background.BlockDeletingService (BlockDeletingService.java:isDeletionAllowed(187)) - Close Container log Index 6 is not replicated across allthe servers in the pipeline 547b3abb-e21a-4b37-ae70-113ff32a5128 as the min replicated index is 4. Deletion is not allowed in this container yet.
2019-10-24 12:47:25,560 [EventQueue-ContainerReportForContainerReportHandler] WARN  container.ContainerReportHandler (AbstractContainerReportHandler.java:updateContainerState(145)) - Container #1 is in OPEN state, but the datanode b629121d-9414-4e6f-a533-8e2a2621a008{ip: 192.168.34.27, host: pr-hdds-2034-s5hcl-2472234065, networkLocation: /default-rack, certSerialId: null} reports an CLOSED replica.
2019-10-24 12:47:25,755 [Thread-496] INFO  client.GrpcClientProtocolService (GrpcClientProtocolService.java:lambda$processClientRequest$0(279)) - Failed RaftClientRequest:client-961AB5C49053->b629121d-9414-4e6f-a533-8e2a2621a008@group-113FF32A5128, cid=4, seq=0, Watch-ALL_COMMITTED(6), Message:<EMPTY>, reply=RaftClientReply:client-961AB5C49053->b629121d-9414-4e6f-a533-8e2a2621a008@group-113FF32A5128, cid=4, FAILED org.apache.ratis.protocol.NotReplicatedException: Request with call Id 4 and log index 6 is not yet replicated to ALL_COMMITTED, logIndex=6, commits[b629121d-9414-4e6f-a533-8e2a2621a008:c10, a49289a7-2fc4-4008-a49b-27c2b6921fe9:c4, 06a8f420-c55d-4064-b0af-9862eabb487d:c10]
2019-10-24 12:47:25,802 [EventQueue-ContainerReportForContainerReportHandler] WARN  container.ContainerReportHandler (AbstractContainerReportHandler.java:updateContainerState(145)) - Container #1 is in OPEN state, but the datanode 06a8f420-c55d-4064-b0af-9862eabb487d{ip: 192.168.34.27, host: pr-hdds-2034-s5hcl-2472234065, networkLocation: /default-rack, certSerialId: null} reports an CLOSED replica.
2019-10-24 12:47:25,861 [EventQueue-ContainerReportForContainerReportHandler] WARN  container.ContainerReportHandler (AbstractContainerReportHandler.java:updateContainerState(145)) - Container #1 is in OPEN state, but the datanode b629121d-9414-4e6f-a533-8e2a2621a008{ip: 192.168.34.27, host: pr-hdds-2034-s5hcl-2472234065, networkLocation: /default-rack, certSerialId: null} reports an CLOSED replica.
2019-10-24 12:47:26,162 [EventQueue-ContainerReportForContainerReportHandler] WARN  container.ContainerReportHandler (AbstractContainerReportHandler.java:updateContainerState(145)) - Container #1 is in OPEN state, but the datanode b629121d-9414-4e6f-a533-8e2a2621a008{ip: 192.168.34.27, host: pr-hdds-2034-s5hcl-2472234065, networkLocation: /default-rack, certSerialId: null} reports an CLOSED replica.
2019-10-24 12:47:26,203 [EventQueue-ContainerReportForContainerReportHandler] WARN  container.ContainerReportHandler (AbstractContainerReportHandler.java:updateContainerState(145)) - Container #1 is in OPEN state, but the datanode 06a8f420-c55d-4064-b0af-9862eabb487d{ip: 192.168.34.27, host: pr-hdds-2034-s5hcl-2472234065, networkLocation: /default-rack, certSerialId: null} reports an CLOSED replica.
2019-10-24 12:47:26,403 [EventQueue-ContainerReportForContainerReportHandler] WARN  container.ContainerReportHandler (AbstractContainerReportHandler.java:updateContainerState(145)) - Container #1 is in OPEN state, but the datanode 06a8f420-c55d-4064-b0af-9862eabb487d{ip: 192.168.34.27, host: pr-hdds-2034-s5hcl-2472234065, networkLocation: /default-rack, certSerialId: null} reports an CLOSED replica.
2019-10-24 12:47:26,461 [EventQueue-ContainerReportForContainerReportHandler] WARN  container.ContainerReportHandler (AbstractContainerReportHandler.java:updateContainerState(145)) - Container #1 is in OPEN state, but the datanode b629121d-9414-4e6f-a533-8e2a2621a008{ip: 192.168.34.27, host: pr-hdds-2034-s5hcl-2472234065, networkLocation: /default-rack, certSerialId: null} reports an CLOSED replica.
2019-10-24 12:47:26,522 [BlockDeletingService#2] WARN  background.BlockDeletingService (BlockDeletingService.java:isDeletionAllowed(187)) - Close Container log Index 6 is not replicated across allthe servers in the pipeline 547b3abb-e21a-4b37-ae70-113ff32a5128 as the min replicated index is 4. Deletion is not allowed in this container yet.
2019-10-24 12:47:26,524 [BlockDeletingService#5] WARN  background.BlockDeletingService (BlockDeletingService.java:isDeletionAllowed(187)) - Close Container log Index 6 is not replicated across allthe servers in the pipeline 547b3abb-e21a-4b37-ae70-113ff32a5128 as the min replicated index is 4. Deletion is not allowed in this container yet.
2019-10-24 12:47:26,704 [EventQueue-ContainerReportForContainerReportHandler] WARN  container.ContainerReportHandler (AbstractContainerReportHandler.java:updateContainerState(145)) - Container #1 is in OPEN state, but the datanode 06a8f420-c55d-4064-b0af-9862eabb487d{ip: 192.168.34.27, host: pr-hdds-2034-s5hcl-2472234065, networkLocation: /default-rack, certSerialId: null} reports an CLOSED replica.
2019-10-24 12:47:26,762 [EventQueue-ContainerReportForContainerReportHandler] WARN  container.ContainerReportHandler (AbstractContainerReportHandler.java:updateContainerState(145)) - Container #1 is in OPEN state, but the datanode b629121d-9414-4e6f-a533-8e2a2621a008{ip: 192.168.34.27, host: pr-hdds-2034-s5hcl-2472234065, networkLocation: /default-rack, certSerialId: null} reports an CLOSED replica.
2019-10-24 12:47:26,777 [java.util.concurrent.ThreadPoolExecutor$Worker@626a3adc[State = -1, empty queue]] WARN  server.GrpcLogAppender (GrpcLogAppender.java:timeoutAppendRequest(209)) - b629121d-9414-4e6f-a533-8e2a2621a008@group-113FF32A5128->a49289a7-2fc4-4008-a49b-27c2b6921fe9-GrpcLogAppender: appendEntries Timeout, request=b629121d-9414-4e6f-a533-8e2a2621a008->a49289a7-2fc4-4008-a49b-27c2b6921fe9#43-t3, previous=(t:3, i:10), leaderCommit=10, initializing? false, entries: <empty>
2019-10-24 12:47:26,904 [EventQueue-ContainerReportForContainerReportHandler] WARN  container.ContainerReportHandler (AbstractContainerReportHandler.java:updateContainerState(145)) - Container #1 is in OPEN state, but the datanode 06a8f420-c55d-4064-b0af-9862eabb487d{ip: 192.168.34.27, host: pr-hdds-2034-s5hcl-2472234065, networkLocation: /default-rack, certSerialId: null} reports an CLOSED replica.
2019-10-24 12:47:26,963 [EventQueue-ContainerReportForContainerReportHandler] WARN  container.ContainerReportHandler (AbstractContainerReportHandler.java:updateContainerState(145)) - Container #1 is in OPEN state, but the datanode b629121d-9414-4e6f-a533-8e2a2621a008{ip: 192.168.34.27, host: pr-hdds-2034-s5hcl-2472234065, networkLocation: /default-rack, certSerialId: null} reports an CLOSED replica.
2019-10-24 12:47:27,162 [EventQueue-ContainerReportForContainerReportHandler] WARN  container.ContainerReportHandler (AbstractContainerReportHandler.java:updateContainerState(145)) - Container #1 is in OPEN state, but the datanode b629121d-9414-4e6f-a533-8e2a2621a008{ip: 192.168.34.27, host: pr-hdds-2034-s5hcl-2472234065, networkLocation: /default-rack, certSerialId: null} reports an CLOSED replica.
2019-10-24 12:47:27,303 [EventQueue-ContainerReportForContainerReportHandler] WARN  container.ContainerReportHandler (AbstractContainerReportHandler.java:updateContainerState(145)) - Container #1 is in OPEN state, but the datanode 06a8f420-c55d-4064-b0af-9862eabb487d{ip: 192.168.34.27, host: pr-hdds-2034-s5hcl-2472234065, networkLocation: /default-rack, certSerialId: null} reports an CLOSED replica.
2019-10-24 12:47:27,463 [EventQueue-ContainerReportForContainerReportHandler] WARN  container.ContainerReportHandler (AbstractContainerReportHandler.java:updateContainerState(145)) - Container #1 is in OPEN state, but the datanode b629121d-9414-4e6f-a533-8e2a2621a008{ip: 192.168.34.27, host: pr-hdds-2034-s5hcl-2472234065, networkLocation: /default-rack, certSerialId: null} reports an CLOSED replica.
2019-10-24 12:47:27,525 [BlockDeletingService#2] WARN  background.BlockDeletingService (BlockDeletingService.java:isDeletionAllowed(187)) - Close Container log Index 6 is not replicated across allthe servers in the pipeline 547b3abb-e21a-4b37-ae70-113ff32a5128 as the min replicated index is 4. Deletion is not allowed in this container yet.
2019-10-24 12:47:27,525 [BlockDeletingService#5] WARN  background.BlockDeletingService (BlockDeletingService.java:isDeletionAllowed(187)) - Close Container log Index 6 is not replicated across allthe servers in the pipeline 547b3abb-e21a-4b37-ae70-113ff32a5128 as the min replicated index is 4. Deletion is not allowed in this container yet.
2019-10-24 12:47:27,604 [EventQueue-ContainerReportForContainerReportHandler] WARN  container.ContainerReportHandler (AbstractContainerReportHandler.java:updateContainerState(145)) - Container #1 is in OPEN state, but the datanode 06a8f420-c55d-4064-b0af-9862eabb487d{ip: 192.168.34.27, host: pr-hdds-2034-s5hcl-2472234065, networkLocation: /default-rack, certSerialId: null} reports an CLOSED replica.
2019-10-24 12:47:27,764 [EventQueue-ContainerReportForContainerReportHandler] WARN  container.ContainerReportHandler (AbstractContainerReportHandler.java:updateContainerState(145)) - Container #1 is in OPEN state, but the datanode b629121d-9414-4e6f-a533-8e2a2621a008{ip: 192.168.34.27, host: pr-hdds-2034-s5hcl-2472234065, networkLocation: /default-rack, certSerialId: null} reports an CLOSED replica.
2019-10-24 12:47:27,804 [EventQueue-ContainerReportForContainerReportHandler] WARN  container.ContainerReportHandler (AbstractContainerReportHandler.java:updateContainerState(145)) - Container #1 is in OPEN state, but the datanode 06a8f420-c55d-4064-b0af-9862eabb487d{ip: 192.168.34.27, host: pr-hdds-2034-s5hcl-2472234065, networkLocation: /default-rack, certSerialId: null} reports an CLOSED replica.
2019-10-24 12:47:28,064 [EventQueue-ContainerReportForContainerReportHandler] WARN  container.ContainerReportHandler (AbstractContainerReportHandler.java:updateContainerState(145)) - Container #1 is in OPEN state, but the datanode b629121d-9414-4e6f-a533-8e2a2621a008{ip: 192.168.34.27, host: pr-hdds-2034-s5hcl-2472234065, networkLocation: /default-rack, certSerialId: null} reports an CLOSED replica.
2019-10-24 12:47:28,104 [EventQueue-ContainerReportForContainerReportHandler] WARN  container.ContainerReportHandler (AbstractContainerReportHandler.java:updateContainerState(145)) - Container #1 is in OPEN state, but the datanode 06a8f420-c55d-4064-b0af-9862eabb487d{ip: 192.168.34.27, host: pr-hdds-2034-s5hcl-2472234065, networkLocation: /default-rack, certSerialId: null} reports an CLOSED replica.
2019-10-24 12:47:28,305 [EventQueue-ContainerReportForContainerReportHandler] WARN  container.ContainerReportHandler (AbstractContainerReportHandler.java:updateContainerState(145)) - Container #1 is in OPEN state, but the datanode 06a8f420-c55d-4064-b0af-9862eabb487d{ip: 192.168.34.27, host: pr-hdds-2034-s5hcl-2472234065, networkLocation: /default-rack, certSerialId: null} reports an CLOSED replica.
2019-10-24 12:47:28,464 [EventQueue-ContainerReportForContainerReportHandler] WARN  container.ContainerReportHandler (AbstractContainerReportHandler.java:updateContainerState(145)) - Container #1 is in OPEN state, but the datanode b629121d-9414-4e6f-a533-8e2a2621a008{ip: 192.168.34.27, host: pr-hdds-2034-s5hcl-2472234065, networkLocation: /default-rack, certSerialId: null} reports an CLOSED replica.
2019-10-24 12:47:28,527 [BlockDeletingService#2] WARN  background.BlockDeletingService (BlockDeletingService.java:isDeletionAllowed(187)) - Close Container log Index 6 is not replicated across allthe servers in the pipeline 547b3abb-e21a-4b37-ae70-113ff32a5128 as the min replicated index is 4. Deletion is not allowed in this container yet.
2019-10-24 12:47:28,527 [BlockDeletingService#5] WARN  background.BlockDeletingService (BlockDeletingService.java:isDeletionAllowed(187)) - Close Container log Index 6 is not replicated across allthe servers in the pipeline 547b3abb-e21a-4b37-ae70-113ff32a5128 as the min replicated index is 4. Deletion is not allowed in this container yet.
2019-10-24 12:47:28,705 [EventQueue-ContainerReportForContainerReportHandler] WARN  container.ContainerReportHandler (AbstractContainerReportHandler.java:updateContainerState(145)) - Container #1 is in OPEN state, but the datanode 06a8f420-c55d-4064-b0af-9862eabb487d{ip: 192.168.34.27, host: pr-hdds-2034-s5hcl-2472234065, networkLocation: /default-rack, certSerialId: null} reports an CLOSED replica.
2019-10-24 12:47:28,764 [EventQueue-ContainerReportForContainerReportHandler] WARN  container.ContainerReportHandler (AbstractContainerReportHandler.java:updateContainerState(145)) - Container #1 is in OPEN state, but the datanode b629121d-9414-4e6f-a533-8e2a2621a008{ip: 192.168.34.27, host: pr-hdds-2034-s5hcl-2472234065, networkLocation: /default-rack, certSerialId: null} reports an CLOSED replica.
2019-10-24 12:47:28,964 [EventQueue-ContainerReportForContainerReportHandler] WARN  container.ContainerReportHandler (AbstractContainerReportHandler.java:updateContainerState(145)) - Container #1 is in OPEN state, but the datanode b629121d-9414-4e6f-a533-8e2a2621a008{ip: 192.168.34.27, host: pr-hdds-2034-s5hcl-2472234065, networkLocation: /default-rack, certSerialId: null} reports an CLOSED replica.
2019-10-24 12:47:29,005 [EventQueue-ContainerReportForContainerReportHandler] WARN  container.ContainerReportHandler (AbstractContainerReportHandler.java:updateContainerState(145)) - Container #1 is in OPEN state, but the datanode 06a8f420-c55d-4064-b0af-9862eabb487d{ip: 192.168.34.27, host: pr-hdds-2034-s5hcl-2472234065, networkLocation: /default-rack, certSerialId: null} reports an CLOSED replica.
2019-10-24 12:47:29,277 [java.util.concurrent.ThreadPoolExecutor$Worker@626a3adc[State = -1, empty queue]] WARN  server.GrpcLogAppender (GrpcLogAppender.java:timeoutAppendRequest(209)) - b629121d-9414-4e6f-a533-8e2a2621a008@group-113FF32A5128->a49289a7-2fc4-4008-a49b-27c2b6921fe9-GrpcLogAppender: appendEntries Timeout, request=b629121d-9414-4e6f-a533-8e2a2621a008->a49289a7-2fc4-4008-a49b-27c2b6921fe9#44-t3, previous=(t:3, i:10), leaderCommit=10, initializing? false, entries: <empty>
2019-10-24 12:47:29,364 [EventQueue-ContainerReportForContainerReportHandler] WARN  container.ContainerReportHandler (AbstractContainerReportHandler.java:updateContainerState(145)) - Container #1 is in OPEN state, but the datanode b629121d-9414-4e6f-a533-8e2a2621a008{ip: 192.168.34.27, host: pr-hdds-2034-s5hcl-2472234065, networkLocation: /default-rack, certSerialId: null} reports an CLOSED replica.
2019-10-24 12:47:29,406 [EventQueue-ContainerReportForContainerReportHandler] WARN  container.ContainerReportHandler (AbstractContainerReportHandler.java:updateContainerState(145)) - Container #1 is in OPEN state, but the datanode 06a8f420-c55d-4064-b0af-9862eabb487d{ip: 192.168.34.27, host: pr-hdds-2034-s5hcl-2472234065, networkLocation: /default-rack, certSerialId: null} reports an CLOSED replica.
2019-10-24 12:47:29,529 [BlockDeletingService#2] WARN  background.BlockDeletingService (BlockDeletingService.java:isDeletionAllowed(187)) - Close Container log Index 6 is not replicated across allthe servers in the pipeline 547b3abb-e21a-4b37-ae70-113ff32a5128 as the min replicated index is 4. Deletion is not allowed in this container yet.
2019-10-24 12:47:29,529 [BlockDeletingService#5] WARN  background.BlockDeletingService (BlockDeletingService.java:isDeletionAllowed(187)) - Close Container log Index 6 is not replicated across allthe servers in the pipeline 547b3abb-e21a-4b37-ae70-113ff32a5128 as the min replicated index is 4. Deletion is not allowed in this container yet.
2019-10-24 12:47:29,705 [EventQueue-ContainerReportForContainerReportHandler] WARN  container.ContainerReportHandler (AbstractContainerReportHandler.java:updateContainerState(145)) - Container #1 is in OPEN state, but the datanode 06a8f420-c55d-4064-b0af-9862eabb487d{ip: 192.168.34.27, host: pr-hdds-2034-s5hcl-2472234065, networkLocation: /default-rack, certSerialId: null} reports an CLOSED replica.
2019-10-24 12:47:29,765 [EventQueue-ContainerReportForContainerReportHandler] WARN  container.ContainerReportHandler (AbstractContainerReportHandler.java:updateContainerState(145)) - Container #1 is in OPEN state, but the datanode b629121d-9414-4e6f-a533-8e2a2621a008{ip: 192.168.34.27, host: pr-hdds-2034-s5hcl-2472234065, networkLocation: /default-rack, certSerialId: null} reports an CLOSED replica.
2019-10-24 12:47:29,965 [EventQueue-ContainerReportForContainerReportHandler] WARN  container.ContainerReportHandler (AbstractContainerReportHandler.java:updateContainerState(145)) - Container #1 is in OPEN state, but the datanode b629121d-9414-4e6f-a533-8e2a2621a008{ip: 192.168.34.27, host: pr-hdds-2034-s5hcl-2472234065, networkLocation: /default-rack, certSerialId: null} reports an CLOSED replica.
2019-10-24 12:47:30,005 [EventQueue-ContainerReportForContainerReportHandler] WARN  container.ContainerReportHandler (AbstractContainerReportHandler.java:updateContainerState(145)) - Container #1 is in OPEN state, but the datanode 06a8f420-c55d-4064-b0af-9862eabb487d{ip: 192.168.34.27, host: pr-hdds-2034-s5hcl-2472234065, networkLocation: /default-rack, certSerialId: null} reports an CLOSED replica.
2019-10-24 12:47:30,206 [EventQueue-ContainerReportForContainerReportHandler] WARN  container.ContainerReportHandler (AbstractContainerReportHandler.java:updateContainerState(145)) - Container #1 is in OPEN state, but the datanode 06a8f420-c55d-4064-b0af-9862eabb487d{ip: 192.168.34.27, host: pr-hdds-2034-s5hcl-2472234065, networkLocation: /default-rack, certSerialId: null} reports an CLOSED replica.
2019-10-24 12:47:30,265 [EventQueue-ContainerReportForContainerReportHandler] WARN  container.ContainerReportHandler (AbstractContainerReportHandler.java:updateContainerState(145)) - Container #1 is in OPEN state, but the datanode b629121d-9414-4e6f-a533-8e2a2621a008{ip: 192.168.34.27, host: pr-hdds-2034-s5hcl-2472234065, networkLocation: /default-rack, certSerialId: null} reports an CLOSED replica.
2019-10-24 12:47:30,507 [EventQueue-ContainerReportForContainerReportHandler] WARN  container.ContainerReportHandler (AbstractContainerReportHandler.java:updateContainerState(145)) - Container #1 is in OPEN state, but the datanode 06a8f420-c55d-4064-b0af-9862eabb487d{ip: 192.168.34.27, host: pr-hdds-2034-s5hcl-2472234065, networkLocation: /default-rack, certSerialId: null} reports an CLOSED replica.
2019-10-24 12:47:30,531 [BlockDeletingService#2] WARN  background.BlockDeletingService (BlockDeletingService.java:isDeletionAllowed(187)) - Close Container log Index 6 is not replicated across allthe servers in the pipeline 547b3abb-e21a-4b37-ae70-113ff32a5128 as the min replicated index is 4. Deletion is not allowed in this container yet.
2019-10-24 12:47:30,531 [BlockDeletingService#5] WARN  background.BlockDeletingService (BlockDeletingService.java:isDeletionAllowed(187)) - Close Container log Index 6 is not replicated across allthe servers in the pipeline 547b3abb-e21a-4b37-ae70-113ff32a5128 as the min replicated index is 4. Deletion is not allowed in this container yet.
2019-10-24 12:47:30,666 [EventQueue-ContainerReportForContainerReportHandler] WARN  container.ContainerReportHandler (AbstractContainerReportHandler.java:updateContainerState(145)) - Container #1 is in OPEN state, but the datanode b629121d-9414-4e6f-a533-8e2a2621a008{ip: 192.168.34.27, host: pr-hdds-2034-s5hcl-2472234065, networkLocation: /default-rack, certSerialId: null} reports an CLOSED replica.
2019-10-24 12:47:30,706 [EventQueue-ContainerReportForContainerReportHandler] WARN  container.ContainerReportHandler (AbstractContainerReportHandler.java:updateContainerState(145)) - Container #1 is in OPEN state, but the datanode 06a8f420-c55d-4064-b0af-9862eabb487d{ip: 192.168.34.27, host: pr-hdds-2034-s5hcl-2472234065, networkLocation: /default-rack, certSerialId: null} reports an CLOSED replica.
2019-10-24 12:47:30,907 [EventQueue-ContainerReportForContainerReportHandler] WARN  container.ContainerReportHandler (AbstractContainerReportHandler.java:updateContainerState(145)) - Container #1 is in OPEN state, but the datanode 06a8f420-c55d-4064-b0af-9862eabb487d{ip: 192.168.34.27, host: pr-hdds-2034-s5hcl-2472234065, networkLocation: /default-rack, certSerialId: null} reports an CLOSED replica.
2019-10-24 12:47:30,965 [EventQueue-ContainerReportForContainerReportHandler] WARN  container.ContainerReportHandler (AbstractContainerReportHandler.java:updateContainerState(145)) - Container #1 is in OPEN state, but the datanode b629121d-9414-4e6f-a533-8e2a2621a008{ip: 192.168.34.27, host: pr-hdds-2034-s5hcl-2472234065, networkLocation: /default-rack, certSerialId: null} reports an CLOSED replica.
2019-10-24 12:47:31,309 [EventQueue-ContainerReportForContainerReportHandler] WARN  container.ContainerReportHandler (AbstractContainerReportHandler.java:updateContainerState(145)) - Container #1 is in OPEN state, but the datanode 06a8f420-c55d-4064-b0af-9862eabb487d{ip: 192.168.34.27, host: pr-hdds-2034-s5hcl-2472234065, networkLocation: /default-rack, certSerialId: null} reports an CLOSED replica.
2019-10-24 12:47:31,366 [EventQueue-ContainerReportForContainerReportHandler] WARN  container.ContainerReportHandler (AbstractContainerReportHandler.java:updateContainerState(145)) - Container #1 is in OPEN state, but the datanode b629121d-9414-4e6f-a533-8e2a2621a008{ip: 192.168.34.27, host: pr-hdds-2034-s5hcl-2472234065, networkLocation: /default-rack, certSerialId: null} reports an CLOSED replica.
2019-10-24 12:47:31,533 [BlockDeletingService#2] WARN  background.BlockDeletingService (BlockDeletingService.java:isDeletionAllowed(187)) - Close Container log Index 6 is not replicated across allthe servers in the pipeline 547b3abb-e21a-4b37-ae70-113ff32a5128 as the min replicated index is 4. Deletion is not allowed in this container yet.
2019-10-24 12:47:31,533 [BlockDeletingService#5] WARN  background.BlockDeletingService (BlockDeletingService.java:isDeletionAllowed(187)) - Close Container log Index 6 is not replicated across allthe servers in the pipeline 547b3abb-e21a-4b37-ae70-113ff32a5128 as the min replicated index is 4. Deletion is not allowed in this container yet.
2019-10-24 12:47:31,609 [EventQueue-ContainerReportForContainerReportHandler] WARN  container.ContainerReportHandler (AbstractContainerReportHandler.java:updateContainerState(145)) - Container #1 is in OPEN state, but the datanode 06a8f420-c55d-4064-b0af-9862eabb487d{ip: 192.168.34.27, host: pr-hdds-2034-s5hcl-2472234065, networkLocation: /default-rack, certSerialId: null} reports an CLOSED replica.
2019-10-24 12:47:31,665 [EventQueue-ContainerReportForContainerReportHandler] WARN  container.ContainerReportHandler (AbstractContainerReportHandler.java:updateContainerState(145)) - Container #1 is in OPEN state, but the datanode b629121d-9414-4e6f-a533-8e2a2621a008{ip: 192.168.34.27, host: pr-hdds-2034-s5hcl-2472234065, networkLocation: /default-rack, certSerialId: null} reports an CLOSED replica.
2019-10-24 12:47:31,778 [java.util.concurrent.ThreadPoolExecutor$Worker@626a3adc[State = -1, empty queue]] WARN  server.GrpcLogAppender (GrpcLogAppender.java:timeoutAppendRequest(209)) - b629121d-9414-4e6f-a533-8e2a2621a008@group-113FF32A5128->a49289a7-2fc4-4008-a49b-27c2b6921fe9-GrpcLogAppender: appendEntries Timeout, request=b629121d-9414-4e6f-a533-8e2a2621a008->a49289a7-2fc4-4008-a49b-27c2b6921fe9#45-t3, previous=(t:3, i:10), leaderCommit=10, initializing? false, entries: <empty>
2019-10-24 12:47:31,911 [EventQueue-ContainerReportForContainerReportHandler] WARN  container.ContainerReportHandler (AbstractContainerReportHandler.java:updateContainerState(145)) - Container #1 is in OPEN state, but the datanode 06a8f420-c55d-4064-b0af-9862eabb487d{ip: 192.168.34.27, host: pr-hdds-2034-s5hcl-2472234065, networkLocation: /default-rack, certSerialId: null} reports an CLOSED replica.
2019-10-24 12:47:31,966 [EventQueue-ContainerReportForContainerReportHandler] WARN  container.ContainerReportHandler (AbstractContainerReportHandler.java:updateContainerState(145)) - Container #1 is in OPEN state, but the datanode b629121d-9414-4e6f-a533-8e2a2621a008{ip: 192.168.34.27, host: pr-hdds-2034-s5hcl-2472234065, networkLocation: /default-rack, certSerialId: null} reports an CLOSED replica.
2019-10-24 12:47:32,111 [EventQueue-ContainerReportForContainerReportHandler] WARN  container.ContainerReportHandler (AbstractContainerReportHandler.java:updateContainerState(145)) - Container #1 is in OPEN state, but the datanode 06a8f420-c55d-4064-b0af-9862eabb487d{ip: 192.168.34.27, host: pr-hdds-2034-s5hcl-2472234065, networkLocation: /default-rack, certSerialId: null} reports an CLOSED replica.
2019-10-24 12:47:32,167 [EventQueue-ContainerReportForContainerReportHandler] WARN  container.ContainerReportHandler (AbstractContainerReportHandler.java:updateContainerState(145)) - Container #1 is in OPEN state, but the datanode b629121d-9414-4e6f-a533-8e2a2621a008{ip: 192.168.34.27, host: pr-hdds-2034-s5hcl-2472234065, networkLocation: /default-rack, certSerialId: null} reports an CLOSED replica.
2019-10-24 12:47:32,411 [EventQueue-ContainerReportForContainerReportHandler] WARN  container.ContainerReportHandler (AbstractContainerReportHandler.java:updateContainerState(145)) - Container #1 is in OPEN state, but the datanode 06a8f420-c55d-4064-b0af-9862eabb487d{ip: 192.168.34.27, host: pr-hdds-2034-s5hcl-2472234065, networkLocation: /default-rack, certSerialId: null} reports an CLOSED replica.
2019-10-24 12:47:32,466 [EventQueue-ContainerReportForContainerReportHandler] WARN  container.ContainerReportHandler (AbstractContainerReportHandler.java:updateContainerState(145)) - Container #1 is in OPEN state, but the datanode b629121d-9414-4e6f-a533-8e2a2621a008{ip: 192.168.34.27, host: pr-hdds-2034-s5hcl-2472234065, networkLocation: /default-rack, certSerialId: null} reports an CLOSED replica.
2019-10-24 12:47:32,534 [BlockDeletingService#2] WARN  background.BlockDeletingService (BlockDeletingService.java:isDeletionAllowed(187)) - Close Container log Index 6 is not replicated across allthe servers in the pipeline 547b3abb-e21a-4b37-ae70-113ff32a5128 as the min replicated index is 4. Deletion is not allowed in this container yet.
2019-10-24 12:47:32,535 [BlockDeletingService#5] WARN  background.BlockDeletingService (BlockDeletingService.java:isDeletionAllowed(187)) - Close Container log Index 6 is not replicated across allthe servers in the pipeline 547b3abb-e21a-4b37-ae70-113ff32a5128 as the min replicated index is 4. Deletion is not allowed in this container yet.
2019-10-24 12:47:32,711 [EventQueue-ContainerReportForContainerReportHandler] WARN  container.ContainerReportHandler (AbstractContainerReportHandler.java:updateContainerState(145)) - Container #1 is in OPEN state, but the datanode 06a8f420-c55d-4064-b0af-9862eabb487d{ip: 192.168.34.27, host: pr-hdds-2034-s5hcl-2472234065, networkLocation: /default-rack, certSerialId: null} reports an CLOSED replica.
2019-10-24 12:47:32,767 [EventQueue-ContainerReportForContainerReportHandler] WARN  container.ContainerReportHandler (AbstractContainerReportHandler.java:updateContainerState(145)) - Container #1 is in OPEN state, but the datanode b629121d-9414-4e6f-a533-8e2a2621a008{ip: 192.168.34.27, host: pr-hdds-2034-s5hcl-2472234065, networkLocation: /default-rack, certSerialId: null} reports an CLOSED replica.
2019-10-24 12:47:32,967 [EventQueue-ContainerReportForContainerReportHandler] WARN  container.ContainerReportHandler (AbstractContainerReportHandler.java:updateContainerState(145)) - Container #1 is in OPEN state, but the datanode b629121d-9414-4e6f-a533-8e2a2621a008{ip: 192.168.34.27, host: pr-hdds-2034-s5hcl-2472234065, networkLocation: /default-rack, certSerialId: null} reports an CLOSED replica.
2019-10-24 12:47:33,011 [EventQueue-ContainerReportForContainerReportHandler] WARN  container.ContainerReportHandler (AbstractContainerReportHandler.java:updateContainerState(145)) - Container #1 is in OPEN state, but the datanode 06a8f420-c55d-4064-b0af-9862eabb487d{ip: 192.168.34.27, host: pr-hdds-2034-s5hcl-2472234065, networkLocation: /default-rack, certSerialId: null} reports an CLOSED replica.
2019-10-24 12:47:33,311 [EventQueue-ContainerReportForContainerReportHandler] WARN  container.ContainerReportHandler (AbstractContainerReportHandler.java:updateContainerState(145)) - Container #1 is in OPEN state, but the datanode 06a8f420-c55d-4064-b0af-9862eabb487d{ip: 192.168.34.27, host: pr-hdds-2034-s5hcl-2472234065, networkLocation: /default-rack, certSerialId: null} reports an CLOSED replica.
2019-10-24 12:47:33,368 [EventQueue-ContainerReportForContainerReportHandler] WARN  container.ContainerReportHandler (AbstractContainerReportHandler.java:updateContainerState(145)) - Container #1 is in OPEN state, but the datanode b629121d-9414-4e6f-a533-8e2a2621a008{ip: 192.168.34.27, host: pr-hdds-2034-s5hcl-2472234065, networkLocation: /default-rack, certSerialId: null} reports an CLOSED replica.
2019-10-24 12:47:33,536 [BlockDeletingService#2] WARN  background.BlockDeletingService (BlockDeletingService.java:isDeletionAllowed(187)) - Close Container log Index 6 is not replicated across allthe servers in the pipeline 547b3abb-e21a-4b37-ae70-113ff32a5128 as the min replicated index is 4. Deletion is not allowed in this container yet.
2019-10-24 12:47:33,536 [BlockDeletingService#5] WARN  background.BlockDeletingService (BlockDeletingService.java:isDeletionAllowed(187)) - Close Container log Index 6 is not replicated across allthe servers in the pipeline 547b3abb-e21a-4b37-ae70-113ff32a5128 as the min replicated index is 4. Deletion is not allowed in this container yet.
2019-10-24 12:47:33,613 [EventQueue-ContainerReportForContainerReportHandler] WARN  container.ContainerReportHandler (AbstractContainerReportHandler.java:updateContainerState(145)) - Container #1 is in OPEN state, but the datanode 06a8f420-c55d-4064-b0af-9862eabb487d{ip: 192.168.34.27, host: pr-hdds-2034-s5hcl-2472234065, networkLocation: /default-rack, certSerialId: null} reports an CLOSED replica.
2019-10-24 12:47:33,668 [EventQueue-ContainerReportForContainerReportHandler] WARN  container.ContainerReportHandler (AbstractContainerReportHandler.java:updateContainerState(145)) - Container #1 is in OPEN state, but the datanode b629121d-9414-4e6f-a533-8e2a2621a008{ip: 192.168.34.27, host: pr-hdds-2034-s5hcl-2472234065, networkLocation: /default-rack, certSerialId: null} reports an CLOSED replica.
2019-10-24 12:47:33,913 [EventQueue-ContainerReportForContainerReportHandler] WARN  container.ContainerReportHandler (AbstractContainerReportHandler.java:updateContainerState(145)) - Container #1 is in OPEN state, but the datanode 06a8f420-c55d-4064-b0af-9862eabb487d{ip: 192.168.34.27, host: pr-hdds-2034-s5hcl-2472234065, networkLocation: /default-rack, certSerialId: null} reports an CLOSED replica.
2019-10-24 12:47:33,969 [EventQueue-ContainerReportForContainerReportHandler] WARN  container.ContainerReportHandler (AbstractContainerReportHandler.java:updateContainerState(145)) - Container #1 is in OPEN state, but the datanode b629121d-9414-4e6f-a533-8e2a2621a008{ip: 192.168.34.27, host: pr-hdds-2034-s5hcl-2472234065, networkLocation: /default-rack, certSerialId: null} reports an CLOSED replica.
2019-10-24 12:47:34,270 [EventQueue-ContainerReportForContainerReportHandler] WARN  container.ContainerReportHandler (AbstractContainerReportHandler.java:updateContainerState(145)) - Container #1 is in OPEN state, but the datanode b629121d-9414-4e6f-a533-8e2a2621a008{ip: 192.168.34.27, host: pr-hdds-2034-s5hcl-2472234065, networkLocation: /default-rack, certSerialId: null} reports an CLOSED replica.
2019-10-24 12:47:34,279 [java.util.concurrent.ThreadPoolExecutor$Worker@626a3adc[State = -1, empty queue]] WARN  server.GrpcLogAppender (GrpcLogAppender.java:timeoutAppendRequest(209)) - b629121d-9414-4e6f-a533-8e2a2621a008@group-113FF32A5128->a49289a7-2fc4-4008-a49b-27c2b6921fe9-GrpcLogAppender: appendEntries Timeout, request=b629121d-9414-4e6f-a533-8e2a2621a008->a49289a7-2fc4-4008-a49b-27c2b6921fe9#46-t3, previous=(t:3, i:10), leaderCommit=10, initializing? false, entries: <empty>
2019-10-24 12:47:34,313 [EventQueue-ContainerReportForContainerReportHandler] WARN  container.ContainerReportHandler (AbstractContainerReportHandler.java:updateContainerState(145)) - Container #1 is in OPEN state, but the datanode 06a8f420-c55d-4064-b0af-9862eabb487d{ip: 192.168.34.27, host: pr-hdds-2034-s5hcl-2472234065, networkLocation: /default-rack, certSerialId: null} reports an CLOSED replica.
2019-10-24 12:47:34,538 [BlockDeletingService#2] WARN  background.BlockDeletingService (BlockDeletingService.java:isDeletionAllowed(187)) - Close Container log Index 6 is not replicated across allthe servers in the pipeline 547b3abb-e21a-4b37-ae70-113ff32a5128 as the min replicated index is 4. Deletion is not allowed in this container yet.
2019-10-24 12:47:34,538 [BlockDeletingService#5] WARN  background.BlockDeletingService (BlockDeletingService.java:isDeletionAllowed(187)) - Close Container log Index 6 is not replicated across allthe servers in the pipeline 547b3abb-e21a-4b37-ae70-113ff32a5128 as the min replicated index is 4. Deletion is not allowed in this container yet.
2019-10-24 12:47:34,570 [EventQueue-ContainerReportForContainerReportHandler] WARN  container.ContainerReportHandler (AbstractContainerReportHandler.java:updateContainerState(145)) - Container #1 is in OPEN state, but the datanode b629121d-9414-4e6f-a533-8e2a2621a008{ip: 192.168.34.27, host: pr-hdds-2034-s5hcl-2472234065, networkLocation: /default-rack, certSerialId: null} reports an CLOSED replica.
2019-10-24 12:47:34,712 [EventQueue-ContainerReportForContainerReportHandler] WARN  container.ContainerReportHandler (AbstractContainerReportHandler.java:updateContainerState(145)) - Container #1 is in OPEN state, but the datanode 06a8f420-c55d-4064-b0af-9862eabb487d{ip: 192.168.34.27, host: pr-hdds-2034-s5hcl-2472234065, networkLocation: /default-rack, certSerialId: null} reports an CLOSED replica.
2019-10-24 12:47:34,870 [EventQueue-ContainerReportForContainerReportHandler] WARN  container.ContainerReportHandler (AbstractContainerReportHandler.java:updateContainerState(145)) - Container #1 is in OPEN state, but the datanode b629121d-9414-4e6f-a533-8e2a2621a008{ip: 192.168.34.27, host: pr-hdds-2034-s5hcl-2472234065, networkLocation: /default-rack, certSerialId: null} reports an CLOSED replica.
2019-10-24 12:47:34,891 [Thread-523] INFO  client.GrpcClientProtocolService (GrpcClientProtocolService.java:lambda$processClientRequest$0(279)) - Failed RaftClientRequest:client-961AB5C49053->06a8f420-c55d-4064-b0af-9862eabb487d@group-113FF32A5128, cid=4, seq=0, Watch-ALL_COMMITTED(6), Message:<EMPTY>, reply=RaftClientReply:client-961AB5C49053->06a8f420-c55d-4064-b0af-9862eabb487d@group-113FF32A5128, cid=4, FAILED org.apache.ratis.protocol.NotLeaderException: Server 06a8f420-c55d-4064-b0af-9862eabb487d@group-113FF32A5128 is not the leader b629121d-9414-4e6f-a533-8e2a2621a008:192.168.34.27:33915, logIndex=0, commits[06a8f420-c55d-4064-b0af-9862eabb487d:c10, a49289a7-2fc4-4008-a49b-27c2b6921fe9:c4, b629121d-9414-4e6f-a533-8e2a2621a008:c10]
2019-10-24 12:47:34,913 [EventQueue-ContainerReportForContainerReportHandler] WARN  container.ContainerReportHandler (AbstractContainerReportHandler.java:updateContainerState(145)) - Container #1 is in OPEN state, but the datanode 06a8f420-c55d-4064-b0af-9862eabb487d{ip: 192.168.34.27, host: pr-hdds-2034-s5hcl-2472234065, networkLocation: /default-rack, certSerialId: null} reports an CLOSED replica.
2019-10-24 12:47:35,214 [EventQueue-ContainerReportForContainerReportHandler] WARN  container.ContainerReportHandler (AbstractContainerReportHandler.java:updateContainerState(145)) - Container #1 is in OPEN state, but the datanode 06a8f420-c55d-4064-b0af-9862eabb487d{ip: 192.168.34.27, host: pr-hdds-2034-s5hcl-2472234065, networkLocation: /default-rack, certSerialId: null} reports an CLOSED replica.
2019-10-24 12:47:35,272 [EventQueue-ContainerReportForContainerReportHandler] WARN  container.ContainerReportHandler (AbstractContainerReportHandler.java:updateContainerState(145)) - Container #1 is in OPEN state, but the datanode b629121d-9414-4e6f-a533-8e2a2621a008{ip: 192.168.34.27, host: pr-hdds-2034-s5hcl-2472234065, networkLocation: /default-rack, certSerialId: null} reports an CLOSED replica.
2019-10-24 12:47:35,515 [EventQueue-ContainerReportForContainerReportHandler] WARN  container.ContainerReportHandler (AbstractContainerReportHandler.java:updateContainerState(145)) - Container #1 is in OPEN state, but the datanode 06a8f420-c55d-4064-b0af-9862eabb487d{ip: 192.168.34.27, host: pr-hdds-2034-s5hcl-2472234065, networkLocation: /default-rack, certSerialId: null} reports an CLOSED replica.
2019-10-24 12:47:35,540 [BlockDeletingService#5] WARN  background.BlockDeletingService (BlockDeletingService.java:isDeletionAllowed(187)) - Close Container log Index 6 is not replicated across allthe servers in the pipeline 547b3abb-e21a-4b37-ae70-113ff32a5128 as the min replicated index is 4. Deletion is not allowed in this container yet.
2019-10-24 12:47:35,540 [BlockDeletingService#2] WARN  background.BlockDeletingService (BlockDeletingService.java:isDeletionAllowed(187)) - Close Container log Index 6 is not replicated across allthe servers in the pipeline 547b3abb-e21a-4b37-ae70-113ff32a5128 as the min replicated index is 4. Deletion is not allowed in this container yet.
2019-10-24 12:47:35,572 [EventQueue-ContainerReportForContainerReportHandler] WARN  container.ContainerReportHandler (AbstractContainerReportHandler.java:updateContainerState(145)) - Container #1 is in OPEN state, but the datanode b629121d-9414-4e6f-a533-8e2a2621a008{ip: 192.168.34.27, host: pr-hdds-2034-s5hcl-2472234065, networkLocation: /default-rack, certSerialId: null} reports an CLOSED replica.
2019-10-24 12:47:35,714 [EventQueue-ContainerReportForContainerReportHandler] WARN  container.ContainerReportHandler (AbstractContainerReportHandler.java:updateContainerState(145)) - Container #1 is in OPEN state, but the datanode 06a8f420-c55d-4064-b0af-9862eabb487d{ip: 192.168.34.27, host: pr-hdds-2034-s5hcl-2472234065, networkLocation: /default-rack, certSerialId: null} reports an CLOSED replica.
2019-10-24 12:47:35,755 [Thread-528] INFO  client.GrpcClientProtocolService (GrpcClientProtocolService.java:lambda$processClientRequest$0(279)) - Failed RaftClientRequest:client-961AB5C49053->b629121d-9414-4e6f-a533-8e2a2621a008@group-113FF32A5128, cid=4, seq=0, Watch-ALL_COMMITTED(6), Message:<EMPTY>, reply=RaftClientReply:client-961AB5C49053->b629121d-9414-4e6f-a533-8e2a2621a008@group-113FF32A5128, cid=4, FAILED org.apache.ratis.protocol.NotReplicatedException: Request with call Id 4 and log index 6 is not yet replicated to ALL_COMMITTED, logIndex=6, commits[b629121d-9414-4e6f-a533-8e2a2621a008:c10, a49289a7-2fc4-4008-a49b-27c2b6921fe9:c4, 06a8f420-c55d-4064-b0af-9862eabb487d:c10]
2019-10-24 12:47:35,872 [EventQueue-ContainerReportForContainerReportHandler] WARN  container.ContainerReportHandler (AbstractContainerReportHandler.java:updateContainerState(145)) - Container #1 is in OPEN state, but the datanode b629121d-9414-4e6f-a533-8e2a2621a008{ip: 192.168.34.27, host: pr-hdds-2034-s5hcl-2472234065, networkLocation: /default-rack, certSerialId: null} reports an CLOSED replica.
2019-10-24 12:47:36,116 [EventQueue-ContainerReportForContainerReportHandler] WARN  container.ContainerReportHandler (AbstractContainerReportHandler.java:updateContainerState(145)) - Container #1 is in OPEN state, but the datanode 06a8f420-c55d-4064-b0af-9862eabb487d{ip: 192.168.34.27, host: pr-hdds-2034-s5hcl-2472234065, networkLocation: /default-rack, certSerialId: null} reports an CLOSED replica.
2019-10-24 12:47:36,173 [EventQueue-ContainerReportForContainerReportHandler] WARN  container.ContainerReportHandler (AbstractContainerReportHandler.java:updateContainerState(145)) - Container #1 is in OPEN state, but the datanode b629121d-9414-4e6f-a533-8e2a2621a008{ip: 192.168.34.27, host: pr-hdds-2034-s5hcl-2472234065, networkLocation: /default-rack, certSerialId: null} reports an CLOSED replica.
2019-10-24 12:47:36,315 [EventQueue-ContainerReportForContainerReportHandler] WARN  container.ContainerReportHandler (AbstractContainerReportHandler.java:updateContainerState(145)) - Container #1 is in OPEN state, but the datanode 06a8f420-c55d-4064-b0af-9862eabb487d{ip: 192.168.34.27, host: pr-hdds-2034-s5hcl-2472234065, networkLocation: /default-rack, certSerialId: null} reports an CLOSED replica.
2019-10-24 12:47:36,374 [EventQueue-ContainerReportForContainerReportHandler] WARN  container.ContainerReportHandler (AbstractContainerReportHandler.java:updateContainerState(145)) - Container #1 is in OPEN state, but the datanode b629121d-9414-4e6f-a533-8e2a2621a008{ip: 192.168.34.27, host: pr-hdds-2034-s5hcl-2472234065, networkLocation: /default-rack, certSerialId: null} reports an CLOSED replica.
2019-10-24 12:47:36,544 [BlockDeletingService#5] WARN  background.BlockDeletingService (BlockDeletingService.java:isDeletionAllowed(187)) - Close Container log Index 6 is not replicated across allthe servers in the pipeline 547b3abb-e21a-4b37-ae70-113ff32a5128 as the min replicated index is 4. Deletion is not allowed in this container yet.
2019-10-24 12:47:36,544 [BlockDeletingService#2] WARN  background.BlockDeletingService (BlockDeletingService.java:isDeletionAllowed(187)) - Close Container log Index 6 is not replicated across allthe servers in the pipeline 547b3abb-e21a-4b37-ae70-113ff32a5128 as the min replicated index is 4. Deletion is not allowed in this container yet.
2019-10-24 12:47:36,674 [EventQueue-ContainerReportForContainerReportHandler] WARN  container.ContainerReportHandler (AbstractContainerReportHandler.java:updateContainerState(145)) - Container #1 is in OPEN state, but the datanode b629121d-9414-4e6f-a533-8e2a2621a008{ip: 192.168.34.27, host: pr-hdds-2034-s5hcl-2472234065, networkLocation: /default-rack, certSerialId: null} reports an CLOSED replica.
2019-10-24 12:47:36,716 [EventQueue-ContainerReportForContainerReportHandler] WARN  container.ContainerReportHandler (AbstractContainerReportHandler.java:updateContainerState(145)) - Container #1 is in OPEN state, but the datanode 06a8f420-c55d-4064-b0af-9862eabb487d{ip: 192.168.34.27, host: pr-hdds-2034-s5hcl-2472234065, networkLocation: /default-rack, certSerialId: null} reports an CLOSED replica.
2019-10-24 12:47:36,780 [java.util.concurrent.ThreadPoolExecutor$Worker@626a3adc[State = -1, empty queue]] WARN  server.GrpcLogAppender (GrpcLogAppender.java:timeoutAppendRequest(209)) - b629121d-9414-4e6f-a533-8e2a2621a008@group-113FF32A5128->a49289a7-2fc4-4008-a49b-27c2b6921fe9-GrpcLogAppender: appendEntries Timeout, request=b629121d-9414-4e6f-a533-8e2a2621a008->a49289a7-2fc4-4008-a49b-27c2b6921fe9#47-t3, previous=(t:3, i:10), leaderCommit=10, initializing? false, entries: <empty>
2019-10-24 12:47:36,874 [EventQueue-ContainerReportForContainerReportHandler] WARN  container.ContainerReportHandler (AbstractContainerReportHandler.java:updateContainerState(145)) - Container #1 is in OPEN state, but the datanode b629121d-9414-4e6f-a533-8e2a2621a008{ip: 192.168.34.27, host: pr-hdds-2034-s5hcl-2472234065, networkLocation: /default-rack, certSerialId: null} reports an CLOSED replica.
2019-10-24 12:47:37,016 [EventQueue-ContainerReportForContainerReportHandler] WARN  container.ContainerReportHandler (AbstractContainerReportHandler.java:updateContainerState(145)) - Container #1 is in OPEN state, but the datanode 06a8f420-c55d-4064-b0af-9862eabb487d{ip: 192.168.34.27, host: pr-hdds-2034-s5hcl-2472234065, networkLocation: /default-rack, certSerialId: null} reports an CLOSED replica.
2019-10-24 12:47:37,174 [EventQueue-ContainerReportForContainerReportHandler] WARN  container.ContainerReportHandler (AbstractContainerReportHandler.java:updateContainerState(145)) - Container #1 is in OPEN state, but the datanode b629121d-9414-4e6f-a533-8e2a2621a008{ip: 192.168.34.27, host: pr-hdds-2034-s5hcl-2472234065, networkLocation: /default-rack, certSerialId: null} reports an CLOSED replica.
2019-10-24 12:47:37,215 [EventQueue-ContainerReportForContainerReportHandler] WARN  container.ContainerReportHandler (AbstractContainerReportHandler.java:updateContainerState(145)) - Container #1 is in OPEN state, but the datanode 06a8f420-c55d-4064-b0af-9862eabb487d{ip: 192.168.34.27, host: pr-hdds-2034-s5hcl-2472234065, networkLocation: /default-rack, certSerialId: null} reports an CLOSED replica.
2019-10-24 12:47:37,475 [EventQueue-ContainerReportForContainerReportHandler] WARN  container.ContainerReportHandler (AbstractContainerReportHandler.java:updateContainerState(145)) - Container #1 is in OPEN state, but the datanode b629121d-9414-4e6f-a533-8e2a2621a008{ip: 192.168.34.27, host: pr-hdds-2034-s5hcl-2472234065, networkLocation: /default-rack, certSerialId: null} reports an CLOSED replica.
2019-10-24 12:47:37,516 [EventQueue-ContainerReportForContainerReportHandler] WARN  container.ContainerReportHandler (AbstractContainerReportHandler.java:updateContainerState(145)) - Container #1 is in OPEN state, but the datanode 06a8f420-c55d-4064-b0af-9862eabb487d{ip: 192.168.34.27, host: pr-hdds-2034-s5hcl-2472234065, networkLocation: /default-rack, certSerialId: null} reports an CLOSED replica.
2019-10-24 12:47:37,554 [BlockDeletingService#5] WARN  background.BlockDeletingService (BlockDeletingService.java:isDeletionAllowed(187)) - Close Container log Index 6 is not replicated across allthe servers in the pipeline 547b3abb-e21a-4b37-ae70-113ff32a5128 as the min replicated index is 4. Deletion is not allowed in this container yet.
2019-10-24 12:47:37,554 [BlockDeletingService#2] WARN  background.BlockDeletingService (BlockDeletingService.java:isDeletionAllowed(187)) - Close Container log Index 6 is not replicated across allthe servers in the pipeline 547b3abb-e21a-4b37-ae70-113ff32a5128 as the min replicated index is 4. Deletion is not allowed in this container yet.
2019-10-24 12:47:37,775 [EventQueue-ContainerReportForContainerReportHandler] WARN  container.ContainerReportHandler (AbstractContainerReportHandler.java:updateContainerState(145)) - Container #1 is in OPEN state, but the datanode b629121d-9414-4e6f-a533-8e2a2621a008{ip: 192.168.34.27, host: pr-hdds-2034-s5hcl-2472234065, networkLocation: /default-rack, certSerialId: null} reports an CLOSED replica.
2019-10-24 12:47:37,817 [EventQueue-ContainerReportForContainerReportHandler] WARN  container.ContainerReportHandler (AbstractContainerReportHandler.java:updateContainerState(145)) - Container #1 is in OPEN state, but the datanode 06a8f420-c55d-4064-b0af-9862eabb487d{ip: 192.168.34.27, host: pr-hdds-2034-s5hcl-2472234065, networkLocation: /default-rack, certSerialId: null} reports an CLOSED replica.
2019-10-24 12:47:38,076 [EventQueue-ContainerReportForContainerReportHandler] WARN  container.ContainerReportHandler (AbstractContainerReportHandler.java:updateContainerState(145)) - Container #1 is in OPEN state, but the datanode b629121d-9414-4e6f-a533-8e2a2621a008{ip: 192.168.34.27, host: pr-hdds-2034-s5hcl-2472234065, networkLocation: /default-rack, certSerialId: null} reports an CLOSED replica.
2019-10-24 12:47:38,118 [EventQueue-ContainerReportForContainerReportHandler] WARN  container.ContainerReportHandler (AbstractContainerReportHandler.java:updateContainerState(145)) - Container #1 is in OPEN state, but the datanode 06a8f420-c55d-4064-b0af-9862eabb487d{ip: 192.168.34.27, host: pr-hdds-2034-s5hcl-2472234065, networkLocation: /default-rack, certSerialId: null} reports an CLOSED replica.
2019-10-24 12:47:38,376 [EventQueue-ContainerReportForContainerReportHandler] WARN  container.ContainerReportHandler (AbstractContainerReportHandler.java:updateContainerState(145)) - Container #1 is in OPEN state, but the datanode b629121d-9414-4e6f-a533-8e2a2621a008{ip: 192.168.34.27, host: pr-hdds-2034-s5hcl-2472234065, networkLocation: /default-rack, certSerialId: null} reports an CLOSED replica.
2019-10-24 12:47:38,418 [EventQueue-ContainerReportForContainerReportHandler] WARN  container.ContainerReportHandler (AbstractContainerReportHandler.java:updateContainerState(145)) - Container #1 is in OPEN state, but the datanode 06a8f420-c55d-4064-b0af-9862eabb487d{ip: 192.168.34.27, host: pr-hdds-2034-s5hcl-2472234065, networkLocation: /default-rack, certSerialId: null} reports an CLOSED replica.
2019-10-24 12:47:38,557 [BlockDeletingService#2] WARN  background.BlockDeletingService (BlockDeletingService.java:isDeletionAllowed(187)) - Close Container log Index 6 is not replicated across allthe servers in the pipeline 547b3abb-e21a-4b37-ae70-113ff32a5128 as the min replicated index is 4. Deletion is not allowed in this container yet.
2019-10-24 12:47:38,557 [BlockDeletingService#5] WARN  background.BlockDeletingService (BlockDeletingService.java:isDeletionAllowed(187)) - Close Container log Index 6 is not replicated across allthe servers in the pipeline 547b3abb-e21a-4b37-ae70-113ff32a5128 as the min replicated index is 4. Deletion is not allowed in this container yet.
2019-10-24 12:47:38,577 [EventQueue-ContainerReportForContainerReportHandler] WARN  container.ContainerReportHandler (AbstractContainerReportHandler.java:updateContainerState(145)) - Container #1 is in OPEN state, but the datanode b629121d-9414-4e6f-a533-8e2a2621a008{ip: 192.168.34.27, host: pr-hdds-2034-s5hcl-2472234065, networkLocation: /default-rack, certSerialId: null} reports an CLOSED replica.
2019-10-24 12:47:38,719 [EventQueue-ContainerReportForContainerReportHandler] WARN  container.ContainerReportHandler (AbstractContainerReportHandler.java:updateContainerState(145)) - Container #1 is in OPEN state, but the datanode 06a8f420-c55d-4064-b0af-9862eabb487d{ip: 192.168.34.27, host: pr-hdds-2034-s5hcl-2472234065, networkLocation: /default-rack, certSerialId: null} reports an CLOSED replica.
2019-10-24 12:47:38,918 [EventQueue-ContainerReportForContainerReportHandler] WARN  container.ContainerReportHandler (AbstractContainerReportHandler.java:updateContainerState(145)) - Container #1 is in OPEN state, but the datanode 06a8f420-c55d-4064-b0af-9862eabb487d{ip: 192.168.34.27, host: pr-hdds-2034-s5hcl-2472234065, networkLocation: /default-rack, certSerialId: null} reports an CLOSED replica.
2019-10-24 12:47:38,977 [EventQueue-ContainerReportForContainerReportHandler] WARN  container.ContainerReportHandler (AbstractContainerReportHandler.java:updateContainerState(145)) - Container #1 is in OPEN state, but the datanode b629121d-9414-4e6f-a533-8e2a2621a008{ip: 192.168.34.27, host: pr-hdds-2034-s5hcl-2472234065, networkLocation: /default-rack, certSerialId: null} reports an CLOSED replica.
2019-10-24 12:47:39,119 [EventQueue-ContainerReportForContainerReportHandler] WARN  container.ContainerReportHandler (AbstractContainerReportHandler.java:updateContainerState(145)) - Container #1 is in OPEN state, but the datanode 06a8f420-c55d-4064-b0af-9862eabb487d{ip: 192.168.34.27, host: pr-hdds-2034-s5hcl-2472234065, networkLocation: /default-rack, certSerialId: null} reports an CLOSED replica.
2019-10-24 12:47:39,277 [EventQueue-ContainerReportForContainerReportHandler] WARN  container.ContainerReportHandler (AbstractContainerReportHandler.java:updateContainerState(145)) - Container #1 is in OPEN state, but the datanode b629121d-9414-4e6f-a533-8e2a2621a008{ip: 192.168.34.27, host: pr-hdds-2034-s5hcl-2472234065, networkLocation: /default-rack, certSerialId: null} reports an CLOSED replica.
2019-10-24 12:47:39,281 [java.util.concurrent.ThreadPoolExecutor$Worker@626a3adc[State = -1, empty queue]] WARN  server.GrpcLogAppender (GrpcLogAppender.java:timeoutAppendRequest(209)) - b629121d-9414-4e6f-a533-8e2a2621a008@group-113FF32A5128->a49289a7-2fc4-4008-a49b-27c2b6921fe9-GrpcLogAppender: appendEntries Timeout, request=b629121d-9414-4e6f-a533-8e2a2621a008->a49289a7-2fc4-4008-a49b-27c2b6921fe9#48-t3, previous=(t:3, i:10), leaderCommit=10, initializing? false, entries: <empty>
2019-10-24 12:47:39,418 [EventQueue-ContainerReportForContainerReportHandler] WARN  container.ContainerReportHandler (AbstractContainerReportHandler.java:updateContainerState(145)) - Container #1 is in OPEN state, but the datanode 06a8f420-c55d-4064-b0af-9862eabb487d{ip: 192.168.34.27, host: pr-hdds-2034-s5hcl-2472234065, networkLocation: /default-rack, certSerialId: null} reports an CLOSED replica.
2019-10-24 12:47:39,559 [BlockDeletingService#2] WARN  background.BlockDeletingService (BlockDeletingService.java:isDeletionAllowed(187)) - Close Container log Index 6 is not replicated across allthe servers in the pipeline 547b3abb-e21a-4b37-ae70-113ff32a5128 as the min replicated index is 4. Deletion is not allowed in this container yet.
2019-10-24 12:47:39,559 [BlockDeletingService#5] WARN  background.BlockDeletingService (BlockDeletingService.java:isDeletionAllowed(187)) - Close Container log Index 6 is not replicated across allthe servers in the pipeline 547b3abb-e21a-4b37-ae70-113ff32a5128 as the min replicated index is 4. Deletion is not allowed in this container yet.
2019-10-24 12:47:39,578 [EventQueue-ContainerReportForContainerReportHandler] WARN  container.ContainerReportHandler (AbstractContainerReportHandler.java:updateContainerState(145)) - Container #1 is in OPEN state, but the datanode b629121d-9414-4e6f-a533-8e2a2621a008{ip: 192.168.34.27, host: pr-hdds-2034-s5hcl-2472234065, networkLocation: /default-rack, certSerialId: null} reports an CLOSED replica.
2019-10-24 12:47:39,718 [EventQueue-ContainerReportForContainerReportHandler] WARN  container.ContainerReportHandler (AbstractContainerReportHandler.java:updateContainerState(145)) - Container #1 is in OPEN state, but the datanode 06a8f420-c55d-4064-b0af-9862eabb487d{ip: 192.168.34.27, host: pr-hdds-2034-s5hcl-2472234065, networkLocation: /default-rack, certSerialId: null} reports an CLOSED replica.
2019-10-24 12:47:39,919 [EventQueue-ContainerReportForContainerReportHandler] WARN  container.ContainerReportHandler (AbstractContainerReportHandler.java:updateContainerState(145)) - Container #1 is in OPEN state, but the datanode 06a8f420-c55d-4064-b0af-9862eabb487d{ip: 192.168.34.27, host: pr-hdds-2034-s5hcl-2472234065, networkLocation: /default-rack, certSerialId: null} reports an CLOSED replica.
2019-10-24 12:47:39,978 [EventQueue-ContainerReportForContainerReportHandler] WARN  container.ContainerReportHandler (AbstractContainerReportHandler.java:updateContainerState(145)) - Container #1 is in OPEN state, but the datanode b629121d-9414-4e6f-a533-8e2a2621a008{ip: 192.168.34.27, host: pr-hdds-2034-s5hcl-2472234065, networkLocation: /default-rack, certSerialId: null} reports an CLOSED replica.
2019-10-24 12:47:40,119 [EventQueue-ContainerReportForContainerReportHandler] WARN  container.ContainerReportHandler (AbstractContainerReportHandler.java:updateContainerState(145)) - Container #1 is in OPEN state, but the datanode 06a8f420-c55d-4064-b0af-9862eabb487d{ip: 192.168.34.27, host: pr-hdds-2034-s5hcl-2472234065, networkLocation: /default-rack, certSerialId: null} reports an CLOSED replica.
2019-10-24 12:47:40,279 [EventQueue-ContainerReportForContainerReportHandler] WARN  container.ContainerReportHandler (AbstractContainerReportHandler.java:updateContainerState(145)) - Container #1 is in OPEN state, but the datanode b629121d-9414-4e6f-a533-8e2a2621a008{ip: 192.168.34.27, host: pr-hdds-2034-s5hcl-2472234065, networkLocation: /default-rack, certSerialId: null} reports an CLOSED replica.
2019-10-24 12:47:40,519 [EventQueue-ContainerReportForContainerReportHandler] WARN  container.ContainerReportHandler (AbstractContainerReportHandler.java:updateContainerState(145)) - Container #1 is in OPEN state, but the datanode 06a8f420-c55d-4064-b0af-9862eabb487d{ip: 192.168.34.27, host: pr-hdds-2034-s5hcl-2472234065, networkLocation: /default-rack, certSerialId: null} reports an CLOSED replica.
2019-10-24 12:47:40,561 [BlockDeletingService#2] WARN  background.BlockDeletingService (BlockDeletingService.java:isDeletionAllowed(187)) - Close Container log Index 6 is not replicated across allthe servers in the pipeline 547b3abb-e21a-4b37-ae70-113ff32a5128 as the min replicated index is 4. Deletion is not allowed in this container yet.
2019-10-24 12:47:40,561 [BlockDeletingService#5] WARN  background.BlockDeletingService (BlockDeletingService.java:isDeletionAllowed(187)) - Close Container log Index 6 is not replicated across allthe servers in the pipeline 547b3abb-e21a-4b37-ae70-113ff32a5128 as the min replicated index is 4. Deletion is not allowed in this container yet.
2019-10-24 12:47:40,679 [EventQueue-ContainerReportForContainerReportHandler] WARN  container.ContainerReportHandler (AbstractContainerReportHandler.java:updateContainerState(145)) - Container #1 is in OPEN state, but the datanode b629121d-9414-4e6f-a533-8e2a2621a008{ip: 192.168.34.27, host: pr-hdds-2034-s5hcl-2472234065, networkLocation: /default-rack, certSerialId: null} reports an CLOSED replica.
2019-10-24 12:47:40,920 [EventQueue-ContainerReportForContainerReportHandler] WARN  container.ContainerReportHandler (AbstractContainerReportHandler.java:updateContainerState(145)) - Container #1 is in OPEN state, but the datanode 06a8f420-c55d-4064-b0af-9862eabb487d{ip: 192.168.34.27, host: pr-hdds-2034-s5hcl-2472234065, networkLocation: /default-rack, certSerialId: null} reports an CLOSED replica.
2019-10-24 12:47:41,079 [EventQueue-ContainerReportForContainerReportHandler] WARN  container.ContainerReportHandler (AbstractContainerReportHandler.java:updateContainerState(145)) - Container #1 is in OPEN state, but the datanode b629121d-9414-4e6f-a533-8e2a2621a008{ip: 192.168.34.27, host: pr-hdds-2034-s5hcl-2472234065, networkLocation: /default-rack, certSerialId: null} reports an CLOSED replica.
2019-10-24 12:47:41,219 [EventQueue-ContainerReportForContainerReportHandler] WARN  container.ContainerReportHandler (AbstractContainerReportHandler.java:updateContainerState(145)) - Container #1 is in OPEN state, but the datanode 06a8f420-c55d-4064-b0af-9862eabb487d{ip: 192.168.34.27, host: pr-hdds-2034-s5hcl-2472234065, networkLocation: /default-rack, certSerialId: null} reports an CLOSED replica.
2019-10-24 12:47:41,280 [EventQueue-ContainerReportForContainerReportHandler] WARN  container.ContainerReportHandler (AbstractContainerReportHandler.java:updateContainerState(145)) - Container #1 is in OPEN state, but the datanode b629121d-9414-4e6f-a533-8e2a2621a008{ip: 192.168.34.27, host: pr-hdds-2034-s5hcl-2472234065, networkLocation: /default-rack, certSerialId: null} reports an CLOSED replica.
2019-10-24 12:47:41,481 [EventQueue-ContainerReportForContainerReportHandler] WARN  container.ContainerReportHandler (AbstractContainerReportHandler.java:updateContainerState(145)) - Container #1 is in OPEN state, but the datanode b629121d-9414-4e6f-a533-8e2a2621a008{ip: 192.168.34.27, host: pr-hdds-2034-s5hcl-2472234065, networkLocation: /default-rack, certSerialId: null} reports an CLOSED replica.
2019-10-24 12:47:41,563 [BlockDeletingService#5] WARN  background.BlockDeletingService (BlockDeletingService.java:isDeletionAllowed(187)) - Close Container log Index 6 is not replicated across allthe servers in the pipeline 547b3abb-e21a-4b37-ae70-113ff32a5128 as the min replicated index is 4. Deletion is not allowed in this container yet.
2019-10-24 12:47:41,563 [BlockDeletingService#2] WARN  background.BlockDeletingService (BlockDeletingService.java:isDeletionAllowed(187)) - Close Container log Index 6 is not replicated across allthe servers in the pipeline 547b3abb-e21a-4b37-ae70-113ff32a5128 as the min replicated index is 4. Deletion is not allowed in this container yet.
2019-10-24 12:47:41,621 [EventQueue-ContainerReportForContainerReportHandler] WARN  container.ContainerReportHandler (AbstractContainerReportHandler.java:updateContainerState(145)) - Container #1 is in OPEN state, but the datanode 06a8f420-c55d-4064-b0af-9862eabb487d{ip: 192.168.34.27, host: pr-hdds-2034-s5hcl-2472234065, networkLocation: /default-rack, certSerialId: null} reports an CLOSED replica.
2019-10-24 12:47:41,782 [EventQueue-ContainerReportForContainerReportHandler] WARN  container.ContainerReportHandler (AbstractContainerReportHandler.java:updateContainerState(145)) - Container #1 is in OPEN state, but the datanode b629121d-9414-4e6f-a533-8e2a2621a008{ip: 192.168.34.27, host: pr-hdds-2034-s5hcl-2472234065, networkLocation: /default-rack, certSerialId: null} reports an CLOSED replica.
2019-10-24 12:47:41,782 [java.util.concurrent.ThreadPoolExecutor$Worker@626a3adc[State = -1, empty queue]] WARN  server.GrpcLogAppender (GrpcLogAppender.java:timeoutAppendRequest(209)) - b629121d-9414-4e6f-a533-8e2a2621a008@group-113FF32A5128->a49289a7-2fc4-4008-a49b-27c2b6921fe9-GrpcLogAppender: appendEntries Timeout, request=b629121d-9414-4e6f-a533-8e2a2621a008->a49289a7-2fc4-4008-a49b-27c2b6921fe9#49-t3, previous=(t:3, i:10), leaderCommit=10, initializing? false, entries: <empty>
2019-10-24 12:47:41,926 [EventQueue-ContainerReportForContainerReportHandler] WARN  container.ContainerReportHandler (AbstractContainerReportHandler.java:updateContainerState(145)) - Container #1 is in OPEN state, but the datanode 06a8f420-c55d-4064-b0af-9862eabb487d{ip: 192.168.34.27, host: pr-hdds-2034-s5hcl-2472234065, networkLocation: /default-rack, certSerialId: null} reports an CLOSED replica.
2019-10-24 12:47:42,083 [EventQueue-ContainerReportForContainerReportHandler] WARN  container.ContainerReportHandler (AbstractContainerReportHandler.java:updateContainerState(145)) - Container #1 is in OPEN state, but the datanode b629121d-9414-4e6f-a533-8e2a2621a008{ip: 192.168.34.27, host: pr-hdds-2034-s5hcl-2472234065, networkLocation: /default-rack, certSerialId: null} reports an CLOSED replica.
2019-10-24 12:47:42,125 [EventQueue-ContainerReportForContainerReportHandler] WARN  container.ContainerReportHandler (AbstractContainerReportHandler.java:updateContainerState(145)) - Container #1 is in OPEN state, but the datanode 06a8f420-c55d-4064-b0af-9862eabb487d{ip: 192.168.34.27, host: pr-hdds-2034-s5hcl-2472234065, networkLocation: /default-rack, certSerialId: null} reports an CLOSED replica.
2019-10-24 12:47:42,382 [EventQueue-ContainerReportForContainerReportHandler] WARN  container.ContainerReportHandler (AbstractContainerReportHandler.java:updateContainerState(145)) - Container #1 is in OPEN state, but the datanode b629121d-9414-4e6f-a533-8e2a2621a008{ip: 192.168.34.27, host: pr-hdds-2034-s5hcl-2472234065, networkLocation: /default-rack, certSerialId: null} reports an CLOSED replica.
2019-10-24 12:47:42,425 [EventQueue-ContainerReportForContainerReportHandler] WARN  container.ContainerReportHandler (AbstractContainerReportHandler.java:updateContainerState(145)) - Container #1 is in OPEN state, but the datanode 06a8f420-c55d-4064-b0af-9862eabb487d{ip: 192.168.34.27, host: pr-hdds-2034-s5hcl-2472234065, networkLocation: /default-rack, certSerialId: null} reports an CLOSED replica.
2019-10-24 12:47:42,566 [BlockDeletingService#2] WARN  background.BlockDeletingService (BlockDeletingService.java:isDeletionAllowed(187)) - Close Container log Index 6 is not replicated across allthe servers in the pipeline 547b3abb-e21a-4b37-ae70-113ff32a5128 as the min replicated index is 4. Deletion is not allowed in this container yet.
2019-10-24 12:47:42,566 [BlockDeletingService#5] WARN  background.BlockDeletingService (BlockDeletingService.java:isDeletionAllowed(187)) - Close Container log Index 6 is not replicated across allthe servers in the pipeline 547b3abb-e21a-4b37-ae70-113ff32a5128 as the min replicated index is 4. Deletion is not allowed in this container yet.
2019-10-24 12:47:42,626 [EventQueue-ContainerReportForContainerReportHandler] WARN  container.ContainerReportHandler (AbstractContainerReportHandler.java:updateContainerState(145)) - Container #1 is in OPEN state, but the datanode 06a8f420-c55d-4064-b0af-9862eabb487d{ip: 192.168.34.27, host: pr-hdds-2034-s5hcl-2472234065, networkLocation: /default-rack, certSerialId: null} reports an CLOSED replica.
2019-10-24 12:47:42,683 [EventQueue-ContainerReportForContainerReportHandler] WARN  container.ContainerReportHandler (AbstractContainerReportHandler.java:updateContainerState(145)) - Container #1 is in OPEN state, but the datanode b629121d-9414-4e6f-a533-8e2a2621a008{ip: 192.168.34.27, host: pr-hdds-2034-s5hcl-2472234065, networkLocation: /default-rack, certSerialId: null} reports an CLOSED replica.
2019-10-24 12:47:42,982 [EventQueue-ContainerReportForContainerReportHandler] WARN  container.ContainerReportHandler (AbstractContainerReportHandler.java:updateContainerState(145)) - Container #1 is in OPEN state, but the datanode b629121d-9414-4e6f-a533-8e2a2621a008{ip: 192.168.34.27, host: pr-hdds-2034-s5hcl-2472234065, networkLocation: /default-rack, certSerialId: null} reports an CLOSED replica.
2019-10-24 12:47:43,026 [EventQueue-ContainerReportForContainerReportHandler] WARN  container.ContainerReportHandler (AbstractContainerReportHandler.java:updateContainerState(145)) - Container #1 is in OPEN state, but the datanode 06a8f420-c55d-4064-b0af-9862eabb487d{ip: 192.168.34.27, host: pr-hdds-2034-s5hcl-2472234065, networkLocation: /default-rack, certSerialId: null} reports an CLOSED replica.
2019-10-24 12:47:43,282 [EventQueue-ContainerReportForContainerReportHandler] WARN  container.ContainerReportHandler (AbstractContainerReportHandler.java:updateContainerState(145)) - Container #1 is in OPEN state, but the datanode b629121d-9414-4e6f-a533-8e2a2621a008{ip: 192.168.34.27, host: pr-hdds-2034-s5hcl-2472234065, networkLocation: /default-rack, certSerialId: null} reports an CLOSED replica.
2019-10-24 12:47:43,363 [EventQueue-StaleNodeForStaleNodeHandler] INFO  node.StaleNodeHandler (StaleNodeHandler.java:onMessage(58)) - Datanode a49289a7-2fc4-4008-a49b-27c2b6921fe9{ip: 192.168.34.27, host: pr-hdds-2034-s5hcl-2472234065, networkLocation: /default-rack, certSerialId: null} moved to stale state. Finalizing its pipelines [PipelineID=547b3abb-e21a-4b37-ae70-113ff32a5128, PipelineID=1861ed88-86cc-4290-b2a6-1ec2079843f0]
2019-10-24 12:47:43,363 [EventQueue-StaleNodeForStaleNodeHandler] INFO  pipeline.SCMPipelineManager (SCMPipelineManager.java:finalizeAndDestroyPipeline(333)) - destroying pipeline:Pipeline[ Id: 547b3abb-e21a-4b37-ae70-113ff32a5128, Nodes: 06a8f420-c55d-4064-b0af-9862eabb487d{ip: 192.168.34.27, host: pr-hdds-2034-s5hcl-2472234065, networkLocation: /default-rack, certSerialId: null}a49289a7-2fc4-4008-a49b-27c2b6921fe9{ip: 192.168.34.27, host: pr-hdds-2034-s5hcl-2472234065, networkLocation: /default-rack, certSerialId: null}b629121d-9414-4e6f-a533-8e2a2621a008{ip: 192.168.34.27, host: pr-hdds-2034-s5hcl-2472234065, networkLocation: /default-rack, certSerialId: null}, Type:RATIS, Factor:THREE, State:OPEN]
2019-10-24 12:47:43,364 [EventQueue-StaleNodeForStaleNodeHandler] INFO  pipeline.PipelineStateManager (PipelineStateManager.java:finalizePipeline(123)) - Pipeline Pipeline[ Id: 547b3abb-e21a-4b37-ae70-113ff32a5128, Nodes: 06a8f420-c55d-4064-b0af-9862eabb487d{ip: 192.168.34.27, host: pr-hdds-2034-s5hcl-2472234065, networkLocation: /default-rack, certSerialId: null}a49289a7-2fc4-4008-a49b-27c2b6921fe9{ip: 192.168.34.27, host: pr-hdds-2034-s5hcl-2472234065, networkLocation: /default-rack, certSerialId: null}b629121d-9414-4e6f-a533-8e2a2621a008{ip: 192.168.34.27, host: pr-hdds-2034-s5hcl-2472234065, networkLocation: /default-rack, certSerialId: null}, Type:RATIS, Factor:THREE, State:CLOSED] moved to CLOSED state
2019-10-24 12:47:43,365 [EventQueue-CloseContainerForCloseContainerEventHandler] INFO  container.CloseContainerEventHandler (CloseContainerEventHandler.java:onMessage(61)) - Close container Event triggered for container : #1
2019-10-24 12:47:43,369 [EventQueue-StaleNodeForStaleNodeHandler] INFO  pipeline.SCMPipelineManager (SCMPipelineManager.java:finalizeAndDestroyPipeline(333)) - destroying pipeline:Pipeline[ Id: 1861ed88-86cc-4290-b2a6-1ec2079843f0, Nodes: a49289a7-2fc4-4008-a49b-27c2b6921fe9{ip: 192.168.34.27, host: pr-hdds-2034-s5hcl-2472234065, networkLocation: /default-rack, certSerialId: null}, Type:RATIS, Factor:ONE, State:OPEN]
2019-10-24 12:47:43,370 [EventQueue-StaleNodeForStaleNodeHandler] INFO  pipeline.PipelineStateManager (PipelineStateManager.java:finalizePipeline(123)) - Pipeline Pipeline[ Id: 1861ed88-86cc-4290-b2a6-1ec2079843f0, Nodes: a49289a7-2fc4-4008-a49b-27c2b6921fe9{ip: 192.168.34.27, host: pr-hdds-2034-s5hcl-2472234065, networkLocation: /default-rack, certSerialId: null}, Type:RATIS, Factor:ONE, State:CLOSED] moved to CLOSED state
2019-10-24 12:47:43,428 [EventQueue-ContainerReportForContainerReportHandler] INFO  container.ContainerReportHandler (AbstractContainerReportHandler.java:updateContainerState(178)) - Moving container #1 to CLOSED state, datanode 06a8f420-c55d-4064-b0af-9862eabb487d{ip: 192.168.34.27, host: pr-hdds-2034-s5hcl-2472234065, networkLocation: /default-rack, certSerialId: null} reported CLOSED replica.
2019-10-24 12:47:43,568 [BlockDeletingService#5] WARN  background.BlockDeletingService (BlockDeletingService.java:isDeletionAllowed(187)) - Close Container log Index 6 is not replicated across allthe servers in the pipeline 547b3abb-e21a-4b37-ae70-113ff32a5128 as the min replicated index is 4. Deletion is not allowed in this container yet.
2019-10-24 12:47:43,568 [BlockDeletingService#2] WARN  background.BlockDeletingService (BlockDeletingService.java:isDeletionAllowed(187)) - Close Container log Index 6 is not replicated across allthe servers in the pipeline 547b3abb-e21a-4b37-ae70-113ff32a5128 as the min replicated index is 4. Deletion is not allowed in this container yet.
2019-10-24 12:47:43,872 [SCMBlockDeletingService#1] INFO  block.SCMBlockDeletingService (SCMBlockDeletingService.java:call(184)) - Totally added 3 delete blocks command for 3 datanodes, task elapsed time: 5ms
2019-10-24 12:47:43,920 [Thread-555] INFO  client.GrpcClientProtocolService (GrpcClientProtocolService.java:lambda$processClientRequest$0(279)) - Failed RaftClientRequest:client-961AB5C49053->06a8f420-c55d-4064-b0af-9862eabb487d@group-113FF32A5128, cid=4, seq=0, Watch-ALL_COMMITTED(6), Message:<EMPTY>, reply=RaftClientReply:client-961AB5C49053->06a8f420-c55d-4064-b0af-9862eabb487d@group-113FF32A5128, cid=4, FAILED org.apache.ratis.protocol.NotLeaderException: Server 06a8f420-c55d-4064-b0af-9862eabb487d@group-113FF32A5128 is not the leader b629121d-9414-4e6f-a533-8e2a2621a008:192.168.34.27:33915, logIndex=0, commits[06a8f420-c55d-4064-b0af-9862eabb487d:c10, a49289a7-2fc4-4008-a49b-27c2b6921fe9:c4, b629121d-9414-4e6f-a533-8e2a2621a008:c10]
2019-10-24 12:47:43,932 [EventQueue-PendingDeleteStatusForPendingDeleteHandler] INFO  block.SCMBlockDeletingService (SCMBlockDeletingService.java:handlePendingDeletes(115)) - Block deletion txnID mismatch in datanode 06a8f420-c55d-4064-b0af-9862eabb487d for containerID 1. Datanode delete txnID: 0, SCM txnID: 1
2019-10-24 12:47:43,982 [EventQueue-PendingDeleteStatusForPendingDeleteHandler] INFO  block.SCMBlockDeletingService (SCMBlockDeletingService.java:handlePendingDeletes(115)) - Block deletion txnID mismatch in datanode b629121d-9414-4e6f-a533-8e2a2621a008 for containerID 1. Datanode delete txnID: 0, SCM txnID: 1
2019-10-24 12:47:43,984 [Command processor thread] INFO  commandhandler.DeleteBlocksCommandHandler (DeleteBlocksCommandHandler.java:handle(106)) - Start to delete container blocks, TXIDs=[1(0)], numOfContainers=1, numOfBlocks=1
2019-10-24 12:47:44,284 [java.util.concurrent.ThreadPoolExecutor$Worker@626a3adc[State = -1, empty queue]] WARN  server.GrpcLogAppender (GrpcLogAppender.java:timeoutAppendRequest(209)) - b629121d-9414-4e6f-a533-8e2a2621a008@group-113FF32A5128->a49289a7-2fc4-4008-a49b-27c2b6921fe9-GrpcLogAppender: appendEntries Timeout, request=b629121d-9414-4e6f-a533-8e2a2621a008->a49289a7-2fc4-4008-a49b-27c2b6921fe9#50-t3, previous=(t:3, i:10), leaderCommit=10, initializing? false, entries: <empty>
2019-10-24 12:47:44,328 [EventQueue-PendingDeleteStatusForPendingDeleteHandler] INFO  block.SCMBlockDeletingService (SCMBlockDeletingService.java:handlePendingDeletes(115)) - Block deletion txnID mismatch in datanode 06a8f420-c55d-4064-b0af-9862eabb487d for containerID 1. Datanode delete txnID: 0, SCM txnID: 1
2019-10-24 12:47:44,358 [main] INFO  impl.MetricsSystemImpl (MetricsSystemImpl.java:init(158)) - HddsDatanode metrics system started (again)
2019-10-24 12:47:44,397 [main] INFO  ozone.HddsDatanodeService (HddsDatanodeService.java:start(184)) - HddsDatanodeService host:pr-hdds-2034-s5hcl-2472234065 ip:192.168.34.27
2019-10-24 12:47:44,401 [main] INFO  volume.VolumeUsage (VolumeUsage.java:loadScmUsed(144)) - Cached ScmUsed found for /workdir/hadoop-ozone/integration-test/target/test-dir/MiniOzoneClusterImpl-c63c45e9-3133-4fa9-98a3-2bd36eb99823/datanode-2/data/containers : 4096 
2019-10-24 12:47:44,401 [main] INFO  volume.HddsVolume (HddsVolume.java:<init>(176)) - Creating Volume: /workdir/hadoop-ozone/integration-test/target/test-dir/MiniOzoneClusterImpl-c63c45e9-3133-4fa9-98a3-2bd36eb99823/datanode-2/data/containers/hdds of  storage type : DISK and capacity : 1482555576320
2019-10-24 12:47:44,402 [main] INFO  volume.VolumeSet (VolumeSet.java:initializeVolumeSet(170)) - Added Volume : /workdir/hadoop-ozone/integration-test/target/test-dir/MiniOzoneClusterImpl-c63c45e9-3133-4fa9-98a3-2bd36eb99823/datanode-2/data/containers/hdds to VolumeSet
2019-10-24 12:47:44,402 [main] INFO  volume.ThrottledAsyncChecker (ThrottledAsyncChecker.java:schedule(141)) - Scheduling a check for /workdir/hadoop-ozone/integration-test/target/test-dir/MiniOzoneClusterImpl-c63c45e9-3133-4fa9-98a3-2bd36eb99823/datanode-2/data/containers/hdds
2019-10-24 12:47:44,403 [main] INFO  volume.HddsVolumeChecker (HddsVolumeChecker.java:checkAllVolumes(204)) - Scheduled health check for volume /workdir/hadoop-ozone/integration-test/target/test-dir/MiniOzoneClusterImpl-c63c45e9-3133-4fa9-98a3-2bd36eb99823/datanode-2/data/containers/hdds
2019-10-24 12:47:44,437 [main] INFO  impl.RaftServerProxy (ConfUtils.java:logGet(43)) - raft.rpc.type = GRPC (default)
2019-10-24 12:47:44,438 [main] INFO  grpc.GrpcFactory (GrpcFactory.java:checkPooledByteBufAllocatorUseCacheForAllThreads(45)) - PERFORMANCE WARNING: useCacheForAllThreads is true that may cause Netty to create a lot garbage objects and, as a result, trigger GC.
	It is recommended to disable useCacheForAllThreads by setting -Dorg.apache.ratis.thirdparty.io.netty.allocator.useCacheForAllThreads=false in command line.
2019-10-24 12:47:44,438 [main] INFO  grpc.GrpcConfigKeys$Server (ConfUtils.java:logGet(43)) - raft.grpc.server.port = 42145 (custom)
2019-10-24 12:47:44,439 [main] INFO  server.GrpcService (ConfUtils.java:logGet(43)) - raft.grpc.message.size.max = 33570816 (custom)
2019-10-24 12:47:44,439 [main] INFO  server.RaftServerConfigKeys (ConfUtils.java:logGet(43)) - raft.server.log.appender.buffer.byte-limit = 33554432 (custom)
2019-10-24 12:47:44,439 [main] INFO  server.GrpcService (ConfUtils.java:logGet(43)) - raft.grpc.flow.control.window = 1MB (=1048576) (default)
2019-10-24 12:47:44,439 [main] INFO  server.RaftServerConfigKeys (ConfUtils.java:logGet(43)) - raft.server.rpc.request.timeout = 3000ms (default)
2019-10-24 12:47:44,440 [main] INFO  server.RaftServerConfigKeys (ConfUtils.java:logGet(43)) - raft.server.storage.dir = [/workdir/hadoop-ozone/integration-test/target/test-dir/MiniOzoneClusterImpl-c63c45e9-3133-4fa9-98a3-2bd36eb99823/datanode-2/data/ratis] (custom)
2019-10-24 12:47:44,440 [main] INFO  impl.RaftServerProxy (RaftServerProxy.java:lambda$null$0(191)) - a49289a7-2fc4-4008-a49b-27c2b6921fe9: found a subdirectory /workdir/hadoop-ozone/integration-test/target/test-dir/MiniOzoneClusterImpl-c63c45e9-3133-4fa9-98a3-2bd36eb99823/datanode-2/data/ratis/1861ed88-86cc-4290-b2a6-1ec2079843f0
2019-10-24 12:47:44,441 [main] INFO  impl.RaftServerProxy (RaftServerProxy.java:addNew(89)) - a49289a7-2fc4-4008-a49b-27c2b6921fe9: addNew group-1EC2079843F0:[] returns group-1EC2079843F0:java.util.concurrent.CompletableFuture@3e36b7a0[Not completed]
2019-10-24 12:47:44,441 [main] INFO  impl.RaftServerProxy (RaftServerProxy.java:lambda$null$0(191)) - a49289a7-2fc4-4008-a49b-27c2b6921fe9: found a subdirectory /workdir/hadoop-ozone/integration-test/target/test-dir/MiniOzoneClusterImpl-c63c45e9-3133-4fa9-98a3-2bd36eb99823/datanode-2/data/ratis/547b3abb-e21a-4b37-ae70-113ff32a5128
2019-10-24 12:47:44,442 [main] INFO  impl.RaftServerProxy (RaftServerProxy.java:addNew(89)) - a49289a7-2fc4-4008-a49b-27c2b6921fe9: addNew group-113FF32A5128:[] returns group-113FF32A5128:java.util.concurrent.CompletableFuture@60c1663c[Not completed]
2019-10-24 12:47:44,447 [pool-59-thread-1] INFO  impl.RaftServerImpl (RaftServerImpl.java:<init>(98)) - a49289a7-2fc4-4008-a49b-27c2b6921fe9: new RaftServerImpl for group-1EC2079843F0:[] with ContainerStateMachine:uninitialized
2019-10-24 12:47:44,447 [pool-59-thread-1] INFO  server.RaftServerConfigKeys (ConfUtils.java:logGet(43)) - raft.server.rpc.timeout.min = 5s (custom)
2019-10-24 12:47:44,447 [pool-59-thread-1] INFO  server.RaftServerConfigKeys (ConfUtils.java:logGet(43)) - raft.server.rpc.timeout.max = 5200ms (custom)
2019-10-24 12:47:44,447 [pool-59-thread-1] INFO  server.RaftServerConfigKeys (ConfUtils.java:logGet(43)) - raft.server.rpcslowness.timeout = 1000s (custom)
2019-10-24 12:47:44,447 [pool-59-thread-1] INFO  server.RaftServerConfigKeys (ConfUtils.java:logGet(43)) - raft.server.sleep.deviation.threshold = 300 (default)
2019-10-24 12:47:44,447 [pool-59-thread-1] INFO  server.RaftServerConfigKeys (ConfUtils.java:logGet(43)) - raft.server.log.appender.install.snapshot.enabled = false (custom)
2019-10-24 12:47:44,447 [pool-59-thread-1] INFO  impl.RaftServerImpl (ServerState.java:<init>(103)) - a49289a7-2fc4-4008-a49b-27c2b6921fe9@group-1EC2079843F0: ConfigurationManager, init=-1: [], old=null, confs=<EMPTY_MAP>
2019-10-24 12:47:44,448 [pool-59-thread-1] INFO  server.RaftServerConfigKeys (ConfUtils.java:logGet(43)) - raft.server.storage.dir = [/workdir/hadoop-ozone/integration-test/target/test-dir/MiniOzoneClusterImpl-c63c45e9-3133-4fa9-98a3-2bd36eb99823/datanode-2/data/ratis] (custom)
2019-10-24 12:47:44,448 [main] INFO  hdfs.DFSUtil (DFSUtil.java:httpServerTemplateForNNAndJN(1641)) - Starting Web-server for hddsDatanode at: http://0.0.0.0:33146
2019-10-24 12:47:44,448 [pool-59-thread-1] INFO  server.RaftServerConfigKeys (ConfUtils.java:logGet(43)) - raft.server.log.corruption.policy = EXCEPTION (default)
2019-10-24 12:47:44,452 [main] INFO  server.AuthenticationFilter (AuthenticationFilter.java:constructSecretProvider(240)) - Unable to initialize FileSignerSecretProvider, falling back to use random secrets.
2019-10-24 12:47:44,453 [main] WARN  http.HttpRequestLog (HttpRequestLog.java:getRequestLog(97)) - Jetty request log can only be enabled using Log4j
2019-10-24 12:47:44,456 [main] INFO  http.HttpServer2 (HttpServer2.java:addGlobalFilter(975)) - Added global filter 'safety' (class=org.apache.hadoop.http.HttpServer2$QuotingInputFilter)
2019-10-24 12:47:44,457 [main] INFO  http.HttpServer2 (HttpServer2.java:addFilter(948)) - Added filter static_user_filter (class=org.apache.hadoop.http.lib.StaticUserWebFilter$StaticUserFilter) to context hddsDatanode
2019-10-24 12:47:44,457 [main] INFO  http.HttpServer2 (HttpServer2.java:addFilter(958)) - Added filter static_user_filter (class=org.apache.hadoop.http.lib.StaticUserWebFilter$StaticUserFilter) to context logs
2019-10-24 12:47:44,457 [main] INFO  http.HttpServer2 (HttpServer2.java:addFilter(958)) - Added filter static_user_filter (class=org.apache.hadoop.http.lib.StaticUserWebFilter$StaticUserFilter) to context static
2019-10-24 12:47:44,459 [main] INFO  http.HttpServer2 (HttpServer2.java:bindListener(1191)) - Jetty bound to port 33146
2019-10-24 12:47:44,459 [main] INFO  server.Server (Server.java:doStart(351)) - jetty-9.3.25.v20180904, build timestamp: 2018-09-04T21:11:46Z, git hash: 3ce520221d0240229c862b122d2b06c12a625732
2019-10-24 12:47:44,460 [pool-59-thread-1] INFO  storage.RaftStorageDirectory (RaftStorageDirectory.java:tryLock(328)) - Lock on /workdir/hadoop-ozone/integration-test/target/test-dir/MiniOzoneClusterImpl-c63c45e9-3133-4fa9-98a3-2bd36eb99823/datanode-2/data/ratis/1861ed88-86cc-4290-b2a6-1ec2079843f0/in_use.lock acquired by nodename 3369@pr-hdds-2034-s5hcl-2472234065
2019-10-24 12:47:44,462 [pool-59-thread-1] INFO  ratis.ContainerStateMachine (ContainerStateMachine.java:loadSnapshot(231)) - group-1EC2079843F0: The snapshot info is null. Setting the last applied indexto:(t:0, i:~)
2019-10-24 12:47:44,462 [main] INFO  handler.ContextHandler (ContextHandler.java:doStart(781)) - Started o.e.j.s.ServletContextHandler@3d0cac1f{/logs,file:///workdir/hadoop-ozone/integration-test/target/log,AVAILABLE}
2019-10-24 12:47:44,462 [pool-59-thread-1] INFO  server.RaftServerConfigKeys (ConfUtils.java:logGet(43)) - raft.server.notification.no-leader.timeout = 1000s (custom)
2019-10-24 12:47:44,463 [pool-59-thread-1] INFO  server.RaftServerConfigKeys (ConfUtils.java:logGet(43)) - raft.server.log.use.memory = false (default)
2019-10-24 12:47:44,463 [pool-59-thread-1] INFO  server.RaftServerConfigKeys (ConfUtils.java:logGet(43)) - raft.server.log.purge.gap = 1000000 (custom)
2019-10-24 12:47:44,463 [main] INFO  handler.ContextHandler (ContextHandler.java:doStart(781)) - Started o.e.j.s.ServletContextHandler@d257579{/static,jar:file:/home/user/.m2/repository/org/apache/hadoop/hadoop-hdds-container-service/0.5.0-SNAPSHOT/hadoop-hdds-container-service-0.5.0-SNAPSHOT.jar!/webapps/static,AVAILABLE}
2019-10-24 12:47:44,463 [pool-59-thread-1] INFO  server.RaftServerConfigKeys (ConfUtils.java:logGet(43)) - raft.server.log.appender.buffer.byte-limit = 33554432 (custom)
2019-10-24 12:47:44,464 [pool-59-thread-1] INFO  server.RaftServerConfigKeys (ConfUtils.java:logGet(43)) - raft.server.log.segment.size.max = 1048576 (custom)
2019-10-24 12:47:44,464 [pool-59-thread-1] INFO  server.RaftServerConfigKeys (ConfUtils.java:logGet(43)) - raft.server.log.segment.cache.num.max = 2 (custom)
2019-10-24 12:47:44,464 [pool-59-thread-1] INFO  segmented.SegmentedRaftLogWorker (SegmentedRaftLogWorker.java:<init>(173)) - new a49289a7-2fc4-4008-a49b-27c2b6921fe9@group-1EC2079843F0-SegmentedRaftLogWorker for RaftStorage:Storage Directory /workdir/hadoop-ozone/integration-test/target/test-dir/MiniOzoneClusterImpl-c63c45e9-3133-4fa9-98a3-2bd36eb99823/datanode-2/data/ratis/1861ed88-86cc-4290-b2a6-1ec2079843f0
2019-10-24 12:47:44,464 [pool-59-thread-1] INFO  server.RaftServerConfigKeys (ConfUtils.java:logGet(43)) - raft.server.log.queue.byte-limit = 2147483647 (custom)
2019-10-24 12:47:44,465 [pool-59-thread-1] INFO  server.RaftServerConfigKeys (ConfUtils.java:logGet(43)) - raft.server.log.queue.element-limit = 1024 (custom)
2019-10-24 12:47:44,465 [pool-59-thread-1] INFO  server.RaftServerConfigKeys (ConfUtils.java:logGet(43)) - raft.server.log.segment.size.max = 1048576 (custom)
2019-10-24 12:47:44,465 [pool-59-thread-1] INFO  server.RaftServerConfigKeys (ConfUtils.java:logGet(43)) - raft.server.log.preallocated.size = 16384 (custom)
2019-10-24 12:47:44,465 [pool-59-thread-1] INFO  server.RaftServerConfigKeys (ConfUtils.java:logGet(43)) - raft.server.log.write.buffer.size = 33554432 (custom)
2019-10-24 12:47:44,465 [pool-59-thread-1] INFO  server.RaftServerConfigKeys (ConfUtils.java:logGet(43)) - raft.server.log.force.sync.num = 128 (default)
2019-10-24 12:47:44,465 [pool-59-thread-1] INFO  server.RaftServerConfigKeys (ConfUtils.java:logGet(43)) - raft.server.log.statemachine.data.sync = true (default)
2019-10-24 12:47:44,466 [pool-59-thread-1] INFO  server.RaftServerConfigKeys (ConfUtils.java:logGet(43)) - raft.server.log.statemachine.data.sync.timeout = 10s (default)
2019-10-24 12:47:44,466 [pool-59-thread-1] INFO  server.RaftServerConfigKeys (ConfUtils.java:logGet(43)) - raft.server.log.statemachine.data.sync.timeout.retry = -1 (default)
2019-10-24 12:47:44,466 [pool-59-thread-1] INFO  server.RaftServerConfigKeys (ConfUtils.java:logGet(43)) - raft.server.log.statemachine.data.caching.enabled = true (custom)
2019-10-24 12:47:44,474 [pool-59-thread-1] INFO  impl.RaftServerImpl (ServerState.java:setRaftConf(356)) - a49289a7-2fc4-4008-a49b-27c2b6921fe9@group-1EC2079843F0: set configuration 0: [a49289a7-2fc4-4008-a49b-27c2b6921fe9:192.168.34.27:42145], old=null at 0
2019-10-24 12:47:44,474 [pool-59-thread-1] INFO  segmented.LogSegment (LogSegment.java:loadSegment(140)) - Successfully read 1 entries from segment file /workdir/hadoop-ozone/integration-test/target/test-dir/MiniOzoneClusterImpl-c63c45e9-3133-4fa9-98a3-2bd36eb99823/datanode-2/data/ratis/1861ed88-86cc-4290-b2a6-1ec2079843f0/current/log_inprogress_0
2019-10-24 12:47:44,475 [pool-59-thread-1] INFO  segmented.SegmentedRaftLogWorker (SegmentedRaftLogWorker.java:lambda$new$0(128)) - a49289a7-2fc4-4008-a49b-27c2b6921fe9@group-1EC2079843F0-SegmentedRaftLogWorker: flushIndex: setUnconditionally 0 -> 0
2019-10-24 12:47:44,505 [pool-59-thread-1] INFO  server.RaftServerConfigKeys (ConfUtils.java:logGet(43)) - raft.server.snapshot.auto.trigger.enabled = true (custom)
2019-10-24 12:47:44,505 [pool-59-thread-1] INFO  server.RaftServerConfigKeys (ConfUtils.java:logGet(43)) - raft.server.snapshot.auto.trigger.threshold = 10000 (custom)
2019-10-24 12:47:44,505 [pool-59-thread-1] INFO  server.RaftServerConfigKeys (ConfUtils.java:logGet(43)) - raft.server.snapshot.retention.file.num = 5 (custom)
2019-10-24 12:47:44,506 [pool-59-thread-1] INFO  server.RaftServerConfigKeys (ConfUtils.java:logGet(43)) - raft.server.retrycache.expirytime = 600000ms (custom)
2019-10-24 12:47:44,508 [pool-59-thread-1] INFO  impl.RaftServerImpl (RaftServerImpl.java:<init>(98)) - a49289a7-2fc4-4008-a49b-27c2b6921fe9: new RaftServerImpl for group-113FF32A5128:[] with ContainerStateMachine:uninitialized
2019-10-24 12:47:44,508 [pool-59-thread-1] INFO  server.RaftServerConfigKeys (ConfUtils.java:logGet(43)) - raft.server.rpc.timeout.min = 5s (custom)
2019-10-24 12:47:44,508 [pool-59-thread-1] INFO  server.RaftServerConfigKeys (ConfUtils.java:logGet(43)) - raft.server.rpc.timeout.max = 5200ms (custom)
2019-10-24 12:47:44,508 [pool-59-thread-1] INFO  server.RaftServerConfigKeys (ConfUtils.java:logGet(43)) - raft.server.rpcslowness.timeout = 1000s (custom)
2019-10-24 12:47:44,508 [pool-59-thread-1] INFO  server.RaftServerConfigKeys (ConfUtils.java:logGet(43)) - raft.server.sleep.deviation.threshold = 300 (default)
2019-10-24 12:47:44,508 [pool-59-thread-1] INFO  server.RaftServerConfigKeys (ConfUtils.java:logGet(43)) - raft.server.log.appender.install.snapshot.enabled = false (custom)
2019-10-24 12:47:44,508 [main] INFO  handler.ContextHandler (ContextHandler.java:doStart(781)) - Started o.e.j.w.WebAppContext@1fedf0a4{/,file:///tmp/jetty-0.0.0.0-33146-hddsDatanode-_-any-6761848013502129268.dir/webapp/,AVAILABLE}{/hddsDatanode}
2019-10-24 12:47:44,508 [pool-59-thread-1] INFO  impl.RaftServerImpl (ServerState.java:<init>(103)) - a49289a7-2fc4-4008-a49b-27c2b6921fe9@group-113FF32A5128: ConfigurationManager, init=-1: [], old=null, confs=<EMPTY_MAP>
2019-10-24 12:47:44,509 [pool-59-thread-1] INFO  server.RaftServerConfigKeys (ConfUtils.java:logGet(43)) - raft.server.storage.dir = [/workdir/hadoop-ozone/integration-test/target/test-dir/MiniOzoneClusterImpl-c63c45e9-3133-4fa9-98a3-2bd36eb99823/datanode-2/data/ratis] (custom)
2019-10-24 12:47:44,509 [main] INFO  server.AbstractConnector (AbstractConnector.java:doStart(278)) - Started ServerConnector@1e4c6583{HTTP/1.1,[http/1.1]}{0.0.0.0:33146}
2019-10-24 12:47:44,509 [pool-59-thread-1] INFO  server.RaftServerConfigKeys (ConfUtils.java:logGet(43)) - raft.server.log.corruption.policy = EXCEPTION (default)
2019-10-24 12:47:44,511 [main] INFO  server.Server (Server.java:doStart(419)) - Started @130570ms
2019-10-24 12:47:44,511 [main] WARN  impl.MetricsSystemImpl (MetricsSystemImpl.java:register(276)) - Sink prometheus already exists!
2019-10-24 12:47:44,512 [main] INFO  server.BaseHttpServer (BaseHttpServer.java:updateConnectorAddress(215)) - HTTP server of HDDSDATANODE is listening at http://0.0.0.0:33146
2019-10-24 12:47:44,514 [org.apache.hadoop.util.JvmPauseMonitor$Monitor@28c0d093] INFO  util.JvmPauseMonitor (JvmPauseMonitor.java:run(188)) - Starting JVM pause monitor
2019-10-24 12:47:44,523 [pool-59-thread-1] INFO  storage.RaftStorageDirectory (RaftStorageDirectory.java:tryLock(328)) - Lock on /workdir/hadoop-ozone/integration-test/target/test-dir/MiniOzoneClusterImpl-c63c45e9-3133-4fa9-98a3-2bd36eb99823/datanode-2/data/ratis/547b3abb-e21a-4b37-ae70-113ff32a5128/in_use.lock acquired by nodename 3369@pr-hdds-2034-s5hcl-2472234065
2019-10-24 12:47:44,525 [pool-59-thread-1] INFO  ratis.ContainerStateMachine (ContainerStateMachine.java:loadSnapshot(240)) - group-113FF32A5128: Setting the last applied index to (t:3, i:3)
2019-10-24 12:47:44,528 [EventQueue-PendingDeleteStatusForPendingDeleteHandler] INFO  block.SCMBlockDeletingService (SCMBlockDeletingService.java:handlePendingDeletes(115)) - Block deletion txnID mismatch in datanode 06a8f420-c55d-4064-b0af-9862eabb487d for containerID 1. Datanode delete txnID: 0, SCM txnID: 1
2019-10-24 12:47:44,530 [pool-59-thread-1] INFO  impl.RaftServerImpl (ServerState.java:setRaftConf(356)) - a49289a7-2fc4-4008-a49b-27c2b6921fe9@group-113FF32A5128: set configuration 0: [a49289a7-2fc4-4008-a49b-27c2b6921fe9:192.168.34.27:42145, 06a8f420-c55d-4064-b0af-9862eabb487d:192.168.34.27:33047, b629121d-9414-4e6f-a533-8e2a2621a008:192.168.34.27:33915], old=null at 0
2019-10-24 12:47:44,530 [pool-59-thread-1] INFO  server.RaftServerConfigKeys (ConfUtils.java:logGet(43)) - raft.server.notification.no-leader.timeout = 1000s (custom)
2019-10-24 12:47:44,531 [pool-59-thread-1] INFO  server.RaftServerConfigKeys (ConfUtils.java:logGet(43)) - raft.server.log.use.memory = false (default)
2019-10-24 12:47:44,531 [pool-59-thread-1] INFO  server.RaftServerConfigKeys (ConfUtils.java:logGet(43)) - raft.server.log.purge.gap = 1000000 (custom)
2019-10-24 12:47:44,531 [pool-59-thread-1] INFO  server.RaftServerConfigKeys (ConfUtils.java:logGet(43)) - raft.server.log.appender.buffer.byte-limit = 33554432 (custom)
2019-10-24 12:47:44,531 [pool-59-thread-1] INFO  server.RaftServerConfigKeys (ConfUtils.java:logGet(43)) - raft.server.log.segment.size.max = 1048576 (custom)
2019-10-24 12:47:44,531 [pool-59-thread-1] INFO  server.RaftServerConfigKeys (ConfUtils.java:logGet(43)) - raft.server.log.segment.cache.num.max = 2 (custom)
2019-10-24 12:47:44,531 [pool-59-thread-1] INFO  segmented.SegmentedRaftLogWorker (SegmentedRaftLogWorker.java:<init>(173)) - new a49289a7-2fc4-4008-a49b-27c2b6921fe9@group-113FF32A5128-SegmentedRaftLogWorker for RaftStorage:Storage Directory /workdir/hadoop-ozone/integration-test/target/test-dir/MiniOzoneClusterImpl-c63c45e9-3133-4fa9-98a3-2bd36eb99823/datanode-2/data/ratis/547b3abb-e21a-4b37-ae70-113ff32a5128
2019-10-24 12:47:44,531 [pool-59-thread-1] INFO  server.RaftServerConfigKeys (ConfUtils.java:logGet(43)) - raft.server.log.queue.byte-limit = 2147483647 (custom)
2019-10-24 12:47:44,531 [pool-59-thread-1] INFO  server.RaftServerConfigKeys (ConfUtils.java:logGet(43)) - raft.server.log.queue.element-limit = 1024 (custom)
2019-10-24 12:47:44,532 [pool-59-thread-1] INFO  server.RaftServerConfigKeys (ConfUtils.java:logGet(43)) - raft.server.log.segment.size.max = 1048576 (custom)
2019-10-24 12:47:44,532 [pool-59-thread-1] INFO  server.RaftServerConfigKeys (ConfUtils.java:logGet(43)) - raft.server.log.preallocated.size = 16384 (custom)
2019-10-24 12:47:44,532 [pool-59-thread-1] INFO  server.RaftServerConfigKeys (ConfUtils.java:logGet(43)) - raft.server.log.write.buffer.size = 33554432 (custom)
2019-10-24 12:47:44,532 [pool-59-thread-1] INFO  server.RaftServerConfigKeys (ConfUtils.java:logGet(43)) - raft.server.log.force.sync.num = 128 (default)
2019-10-24 12:47:44,532 [pool-59-thread-1] INFO  server.RaftServerConfigKeys (ConfUtils.java:logGet(43)) - raft.server.log.statemachine.data.sync = true (default)
2019-10-24 12:47:44,532 [pool-59-thread-1] INFO  server.RaftServerConfigKeys (ConfUtils.java:logGet(43)) - raft.server.log.statemachine.data.sync.timeout = 10s (default)
2019-10-24 12:47:44,532 [pool-59-thread-1] INFO  server.RaftServerConfigKeys (ConfUtils.java:logGet(43)) - raft.server.log.statemachine.data.sync.timeout.retry = -1 (default)
2019-10-24 12:47:44,532 [pool-59-thread-1] INFO  server.RaftServerConfigKeys (ConfUtils.java:logGet(43)) - raft.server.log.statemachine.data.caching.enabled = true (custom)
2019-10-24 12:47:44,533 [pool-59-thread-1] INFO  impl.RaftServerImpl (ServerState.java:setRaftConf(356)) - a49289a7-2fc4-4008-a49b-27c2b6921fe9@group-113FF32A5128: set configuration 0: [a49289a7-2fc4-4008-a49b-27c2b6921fe9:192.168.34.27:42145, 06a8f420-c55d-4064-b0af-9862eabb487d:192.168.34.27:33047, b629121d-9414-4e6f-a533-8e2a2621a008:192.168.34.27:33915], old=null at 0
2019-10-24 12:47:44,534 [pool-59-thread-1] INFO  segmented.LogSegment (LogSegment.java:loadSegment(140)) - Successfully read 5 entries from segment file /workdir/hadoop-ozone/integration-test/target/test-dir/MiniOzoneClusterImpl-c63c45e9-3133-4fa9-98a3-2bd36eb99823/datanode-2/data/ratis/547b3abb-e21a-4b37-ae70-113ff32a5128/current/log_inprogress_0
2019-10-24 12:47:44,534 [pool-59-thread-1] INFO  segmented.SegmentedRaftLogWorker (SegmentedRaftLogWorker.java:lambda$new$0(128)) - a49289a7-2fc4-4008-a49b-27c2b6921fe9@group-113FF32A5128-SegmentedRaftLogWorker: flushIndex: setUnconditionally 0 -> 4
2019-10-24 12:47:44,559 [pool-59-thread-1] INFO  raftlog.RaftLog (RaftLog.java:lambda$new$0(61)) - a49289a7-2fc4-4008-a49b-27c2b6921fe9@group-113FF32A5128-SegmentedRaftLog: commitIndex: updateToMax old=3, new=3, updated? false
2019-10-24 12:47:44,560 [pool-59-thread-1] INFO  server.RaftServerConfigKeys (ConfUtils.java:logGet(43)) - raft.server.snapshot.auto.trigger.enabled = true (custom)
2019-10-24 12:47:44,560 [pool-59-thread-1] INFO  server.RaftServerConfigKeys (ConfUtils.java:logGet(43)) - raft.server.snapshot.auto.trigger.threshold = 10000 (custom)
2019-10-24 12:47:44,560 [pool-59-thread-1] INFO  server.RaftServerConfigKeys (ConfUtils.java:logGet(43)) - raft.server.snapshot.retention.file.num = 5 (custom)
2019-10-24 12:47:44,560 [pool-59-thread-1] INFO  server.RaftServerConfigKeys (ConfUtils.java:logGet(43)) - raft.server.retrycache.expirytime = 600000ms (custom)
2019-10-24 12:47:44,569 [BlockDeletingService#2] WARN  background.BlockDeletingService (BlockDeletingService.java:isDeletionAllowed(187)) - Close Container log Index 6 is not replicated across allthe servers in the pipeline 547b3abb-e21a-4b37-ae70-113ff32a5128 as the min replicated index is 4. Deletion is not allowed in this container yet.
2019-10-24 12:47:44,569 [BlockDeletingService#5] WARN  background.BlockDeletingService (BlockDeletingService.java:isDeletionAllowed(187)) - Close Container log Index 6 is not replicated across allthe servers in the pipeline 547b3abb-e21a-4b37-ae70-113ff32a5128 as the min replicated index is 4. Deletion is not allowed in this container yet.
2019-10-24 12:47:44,628 [Command processor thread] INFO  commandhandler.DeleteBlocksCommandHandler (DeleteBlocksCommandHandler.java:handle(106)) - Start to delete container blocks, TXIDs=[1(0)], numOfContainers=1, numOfBlocks=1
2019-10-24 12:47:44,873 [SCMBlockDeletingService#1] INFO  block.SCMBlockDeletingService (SCMBlockDeletingService.java:call(184)) - Totally added 1 delete blocks command for 1 datanodes, task elapsed time: 0ms
2019-10-24 12:47:44,874 [pool-7-thread-1] INFO  commands.RetriableDatanodeEventWatcher (RetriableDatanodeEventWatcher.java:onTimeout(47)) - RetriableDatanodeCommand type=deleteBlocksCommand with id=1571921142959 timed out. Retrying.
2019-10-24 12:47:45,571 [BlockDeletingService#5] WARN  background.BlockDeletingService (BlockDeletingService.java:isDeletionAllowed(187)) - Close Container log Index 6 is not replicated across allthe servers in the pipeline 547b3abb-e21a-4b37-ae70-113ff32a5128 as the min replicated index is 4. Deletion is not allowed in this container yet.
2019-10-24 12:47:45,571 [BlockDeletingService#2] WARN  background.BlockDeletingService (BlockDeletingService.java:isDeletionAllowed(187)) - Close Container log Index 6 is not replicated across allthe servers in the pipeline 547b3abb-e21a-4b37-ae70-113ff32a5128 as the min replicated index is 4. Deletion is not allowed in this container yet.
2019-10-24 12:47:45,755 [Thread-580] INFO  client.GrpcClientProtocolService (GrpcClientProtocolService.java:lambda$processClientRequest$0(279)) - Failed RaftClientRequest:client-961AB5C49053->b629121d-9414-4e6f-a533-8e2a2621a008@group-113FF32A5128, cid=4, seq=0, Watch-ALL_COMMITTED(6), Message:<EMPTY>, reply=RaftClientReply:client-961AB5C49053->b629121d-9414-4e6f-a533-8e2a2621a008@group-113FF32A5128, cid=4, FAILED org.apache.ratis.protocol.NotReplicatedException: Request with call Id 4 and log index 6 is not yet replicated to ALL_COMMITTED, logIndex=6, commits[b629121d-9414-4e6f-a533-8e2a2621a008:c10, a49289a7-2fc4-4008-a49b-27c2b6921fe9:c4, 06a8f420-c55d-4064-b0af-9862eabb487d:c10]
2019-10-24 12:47:45,873 [pool-7-thread-1] INFO  commands.RetriableDatanodeEventWatcher (RetriableDatanodeEventWatcher.java:onTimeout(47)) - RetriableDatanodeCommand type=deleteBlocksCommand with id=1571921142961 timed out. Retrying.
2019-10-24 12:47:45,874 [SCMBlockDeletingService#1] INFO  block.SCMBlockDeletingService (SCMBlockDeletingService.java:call(184)) - Totally added 1 delete blocks command for 1 datanodes, task elapsed time: 0ms
2019-10-24 12:47:45,875 [pool-7-thread-1] INFO  commands.RetriableDatanodeEventWatcher (RetriableDatanodeEventWatcher.java:onTimeout(47)) - RetriableDatanodeCommand type=deleteBlocksCommand with id=1571921142959 timed out. Retrying.
2019-10-24 12:47:46,516 [Datanode State Machine Thread - 0] INFO  ozoneimpl.OzoneContainer (OzoneContainer.java:start(213)) - Attempting to start container services.
2019-10-24 12:47:46,518 [Datanode State Machine Thread - 0] INFO  ozoneimpl.OzoneContainer (OzoneContainer.java:startContainerScrub(177)) - Background container scanner has been disabled.
2019-10-24 12:47:46,518 [Datanode State Machine Thread - 0] INFO  ratis.XceiverServerRatis (XceiverServerRatis.java:start(419)) - Starting XceiverServerRatis a49289a7-2fc4-4008-a49b-27c2b6921fe9 at port 42145
2019-10-24 12:47:46,533 [Datanode State Machine Thread - 0] INFO  impl.RaftServerImpl (RaftServerImpl.java:start(184)) - a49289a7-2fc4-4008-a49b-27c2b6921fe9@group-1EC2079843F0: start as a follower, conf=0: [a49289a7-2fc4-4008-a49b-27c2b6921fe9:192.168.34.27:42145], old=null
2019-10-24 12:47:46,534 [ForkJoinPool.commonPool-worker-0] INFO  impl.RaftServerImpl (RaftServerImpl.java:start(184)) - a49289a7-2fc4-4008-a49b-27c2b6921fe9@group-113FF32A5128: start as a follower, conf=0: [a49289a7-2fc4-4008-a49b-27c2b6921fe9:192.168.34.27:42145, 06a8f420-c55d-4064-b0af-9862eabb487d:192.168.34.27:33047, b629121d-9414-4e6f-a533-8e2a2621a008:192.168.34.27:33915], old=null
2019-10-24 12:47:46,534 [Datanode State Machine Thread - 0] INFO  impl.RaftServerImpl (RaftServerImpl.java:setRole(173)) - a49289a7-2fc4-4008-a49b-27c2b6921fe9@group-1EC2079843F0: changes role from      null to FOLLOWER at term 1 for startAsFollower
2019-10-24 12:47:46,534 [ForkJoinPool.commonPool-worker-0] INFO  impl.RaftServerImpl (RaftServerImpl.java:setRole(173)) - a49289a7-2fc4-4008-a49b-27c2b6921fe9@group-113FF32A5128: changes role from      null to FOLLOWER at term 3 for startAsFollower
2019-10-24 12:47:46,535 [Datanode State Machine Thread - 0] INFO  impl.RoleInfo (RoleInfo.java:updateAndGet(143)) - a49289a7-2fc4-4008-a49b-27c2b6921fe9: start FollowerState
2019-10-24 12:47:46,535 [ForkJoinPool.commonPool-worker-0] INFO  impl.RoleInfo (RoleInfo.java:updateAndGet(143)) - a49289a7-2fc4-4008-a49b-27c2b6921fe9: start FollowerState
2019-10-24 12:47:46,535 [Datanode State Machine Thread - 0] INFO  util.JmxRegister (JmxRegister.java:tryRegister(44)) - Successfully registered JMX Bean with object name Ratis:service=RaftServer,group=group-1EC2079843F0,id=a49289a7-2fc4-4008-a49b-27c2b6921fe9
2019-10-24 12:47:46,535 [ForkJoinPool.commonPool-worker-0] INFO  util.JmxRegister (JmxRegister.java:tryRegister(44)) - Successfully registered JMX Bean with object name Ratis:service=RaftServer,group=group-113FF32A5128,id=a49289a7-2fc4-4008-a49b-27c2b6921fe9
2019-10-24 12:47:46,538 [Datanode State Machine Thread - 0] INFO  impl.RaftServerProxy (RaftServerProxy.java:lambda$start$3(299)) - a49289a7-2fc4-4008-a49b-27c2b6921fe9: start RPC server
2019-10-24 12:47:46,539 [Datanode State Machine Thread - 0] INFO  server.GrpcService (GrpcService.java:startImpl(158)) - a49289a7-2fc4-4008-a49b-27c2b6921fe9: GrpcService started, listening on 0.0.0.0/0.0.0.0:42145
2019-10-24 12:47:46,573 [BlockDeletingService#2] WARN  background.BlockDeletingService (BlockDeletingService.java:isDeletionAllowed(187)) - Close Container log Index 6 is not replicated across allthe servers in the pipeline 547b3abb-e21a-4b37-ae70-113ff32a5128 as the min replicated index is 4. Deletion is not allowed in this container yet.
2019-10-24 12:47:46,573 [BlockDeletingService#5] WARN  background.BlockDeletingService (BlockDeletingService.java:isDeletionAllowed(187)) - Close Container log Index 6 is not replicated across allthe servers in the pipeline 547b3abb-e21a-4b37-ae70-113ff32a5128 as the min replicated index is 4. Deletion is not allowed in this container yet.
2019-10-24 12:47:46,785 [java.util.concurrent.ThreadPoolExecutor$Worker@626a3adc[State = -1, empty queue]] WARN  server.GrpcLogAppender (GrpcLogAppender.java:timeoutAppendRequest(209)) - b629121d-9414-4e6f-a533-8e2a2621a008@group-113FF32A5128->a49289a7-2fc4-4008-a49b-27c2b6921fe9-GrpcLogAppender: appendEntries Timeout, request=b629121d-9414-4e6f-a533-8e2a2621a008->a49289a7-2fc4-4008-a49b-27c2b6921fe9#51-t3, previous=(t:3, i:10), leaderCommit=10, initializing? false, entries: <empty>
2019-10-24 12:47:46,875 [pool-7-thread-1] INFO  commands.RetriableDatanodeEventWatcher (RetriableDatanodeEventWatcher.java:onTimeout(47)) - RetriableDatanodeCommand type=deleteBlocksCommand with id=1571921142961 timed out. Retrying.
2019-10-24 12:47:46,875 [pool-7-thread-2] INFO  commands.RetriableDatanodeEventWatcher (RetriableDatanodeEventWatcher.java:onTimeout(47)) - RetriableDatanodeCommand type=deleteBlocksCommand with id=1571921142962 timed out. Retrying.
2019-10-24 12:47:46,876 [pool-7-thread-2] INFO  commands.RetriableDatanodeEventWatcher (RetriableDatanodeEventWatcher.java:onTimeout(47)) - RetriableDatanodeCommand type=deleteBlocksCommand with id=1571921142959 timed out. Retrying.
2019-10-24 12:47:46,877 [SCMBlockDeletingService#1] INFO  block.SCMBlockDeletingService (SCMBlockDeletingService.java:call(184)) - Totally added 1 delete blocks command for 1 datanodes, task elapsed time: 1ms
2019-10-24 12:47:47,576 [BlockDeletingService#2] WARN  background.BlockDeletingService (BlockDeletingService.java:isDeletionAllowed(187)) - Close Container log Index 6 is not replicated across allthe servers in the pipeline 547b3abb-e21a-4b37-ae70-113ff32a5128 as the min replicated index is 4. Deletion is not allowed in this container yet.
2019-10-24 12:47:47,576 [BlockDeletingService#5] WARN  background.BlockDeletingService (BlockDeletingService.java:isDeletionAllowed(187)) - Close Container log Index 6 is not replicated across allthe servers in the pipeline 547b3abb-e21a-4b37-ae70-113ff32a5128 as the min replicated index is 4. Deletion is not allowed in this container yet.
2019-10-24 12:47:47,876 [pool-7-thread-2] INFO  commands.RetriableDatanodeEventWatcher (RetriableDatanodeEventWatcher.java:onTimeout(47)) - RetriableDatanodeCommand type=deleteBlocksCommand with id=1571921142961 timed out. Retrying.
2019-10-24 12:47:47,877 [pool-7-thread-3] INFO  commands.RetriableDatanodeEventWatcher (RetriableDatanodeEventWatcher.java:onTimeout(47)) - RetriableDatanodeCommand type=deleteBlocksCommand with id=1571921142959 timed out. Retrying.
2019-10-24 12:47:47,877 [pool-7-thread-1] INFO  commands.RetriableDatanodeEventWatcher (RetriableDatanodeEventWatcher.java:onTimeout(47)) - RetriableDatanodeCommand type=deleteBlocksCommand with id=1571921142962 timed out. Retrying.
2019-10-24 12:47:47,877 [pool-7-thread-3] INFO  commands.RetriableDatanodeEventWatcher (RetriableDatanodeEventWatcher.java:onTimeout(47)) - RetriableDatanodeCommand type=deleteBlocksCommand with id=1571921142963 timed out. Retrying.
2019-10-24 12:47:47,878 [SCMBlockDeletingService#1] INFO  block.SCMBlockDeletingService (SCMBlockDeletingService.java:call(184)) - Totally added 1 delete blocks command for 1 datanodes, task elapsed time: 1ms
2019-10-24 12:47:48,516 [EventQueue-PendingDeleteStatusForPendingDeleteHandler] INFO  block.SCMBlockDeletingService (SCMBlockDeletingService.java:handlePendingDeletes(115)) - Block deletion txnID mismatch in datanode a49289a7-2fc4-4008-a49b-27c2b6921fe9 for containerID 1. Datanode delete txnID: 0, SCM txnID: 1
2019-10-24 12:47:48,578 [BlockDeletingService#5] WARN  background.BlockDeletingService (BlockDeletingService.java:isDeletionAllowed(187)) - Close Container log Index 6 is not replicated across allthe servers in the pipeline 547b3abb-e21a-4b37-ae70-113ff32a5128 as the min replicated index is 4. Deletion is not allowed in this container yet.
2019-10-24 12:47:48,579 [BlockDeletingService#2] WARN  background.BlockDeletingService (BlockDeletingService.java:isDeletionAllowed(187)) - Close Container log Index 6 is not replicated across allthe servers in the pipeline 547b3abb-e21a-4b37-ae70-113ff32a5128 as the min replicated index is 4. Deletion is not allowed in this container yet.
2019-10-24 12:47:48,878 [pool-7-thread-3] INFO  commands.RetriableDatanodeEventWatcher (RetriableDatanodeEventWatcher.java:onTimeout(47)) - RetriableDatanodeCommand type=deleteBlocksCommand with id=1571921142961 timed out. Retrying.
2019-10-24 12:47:48,879 [pool-7-thread-1] INFO  commands.RetriableDatanodeEventWatcher (RetriableDatanodeEventWatcher.java:onTimeout(47)) - RetriableDatanodeCommand type=deleteBlocksCommand with id=1571921142962 timed out. Retrying.
2019-10-24 12:47:48,879 [pool-7-thread-4] INFO  commands.RetriableDatanodeEventWatcher (RetriableDatanodeEventWatcher.java:onTimeout(47)) - RetriableDatanodeCommand type=deleteBlocksCommand with id=1571921142964 timed out. Retrying.
2019-10-24 12:47:48,879 [pool-7-thread-2] INFO  commands.RetriableDatanodeEventWatcher (RetriableDatanodeEventWatcher.java:onTimeout(47)) - RetriableDatanodeCommand type=deleteBlocksCommand with id=1571921142963 timed out. Retrying.
2019-10-24 12:47:48,879 [pool-7-thread-5] INFO  commands.RetriableDatanodeEventWatcher (RetriableDatanodeEventWatcher.java:onTimeout(47)) - RetriableDatanodeCommand type=deleteBlocksCommand with id=1571921142959 timed out. Retrying.
2019-10-24 12:47:48,880 [SCMBlockDeletingService#1] INFO  block.SCMBlockDeletingService (SCMBlockDeletingService.java:call(184)) - Totally added 1 delete blocks command for 1 datanodes, task elapsed time: 1ms
2019-10-24 12:47:49,286 [java.util.concurrent.ThreadPoolExecutor$Worker@626a3adc[State = -1, empty queue]] WARN  server.GrpcLogAppender (GrpcLogAppender.java:timeoutAppendRequest(209)) - b629121d-9414-4e6f-a533-8e2a2621a008@group-113FF32A5128->a49289a7-2fc4-4008-a49b-27c2b6921fe9-GrpcLogAppender: appendEntries Timeout, request=b629121d-9414-4e6f-a533-8e2a2621a008->a49289a7-2fc4-4008-a49b-27c2b6921fe9#52-t3, previous=(t:3, i:10), leaderCommit=10, initializing? false, entries: <empty>
2019-10-24 12:47:49,580 [BlockDeletingService#5] WARN  background.BlockDeletingService (BlockDeletingService.java:isDeletionAllowed(187)) - Close Container log Index 6 is not replicated across allthe servers in the pipeline 547b3abb-e21a-4b37-ae70-113ff32a5128 as the min replicated index is 4. Deletion is not allowed in this container yet.
2019-10-24 12:47:49,580 [BlockDeletingService#2] WARN  background.BlockDeletingService (BlockDeletingService.java:isDeletionAllowed(187)) - Close Container log Index 6 is not replicated across allthe servers in the pipeline 547b3abb-e21a-4b37-ae70-113ff32a5128 as the min replicated index is 4. Deletion is not allowed in this container yet.
2019-10-24 12:47:49,880 [pool-7-thread-5] INFO  commands.RetriableDatanodeEventWatcher (RetriableDatanodeEventWatcher.java:onTimeout(47)) - RetriableDatanodeCommand type=deleteBlocksCommand with id=1571921142961 timed out. Retrying.
2019-10-24 12:47:49,880 [pool-7-thread-3] INFO  commands.RetriableDatanodeEventWatcher (RetriableDatanodeEventWatcher.java:onTimeout(47)) - RetriableDatanodeCommand type=deleteBlocksCommand with id=1571921142965 timed out. Retrying.
2019-10-24 12:47:49,880 [pool-7-thread-1] INFO  commands.RetriableDatanodeEventWatcher (RetriableDatanodeEventWatcher.java:onTimeout(47)) - RetriableDatanodeCommand type=deleteBlocksCommand with id=1571921142964 timed out. Retrying.
2019-10-24 12:47:49,881 [SCMBlockDeletingService#1] INFO  block.SCMBlockDeletingService (SCMBlockDeletingService.java:call(184)) - Totally added 1 delete blocks command for 1 datanodes, task elapsed time: 1ms
2019-10-24 12:47:49,881 [pool-7-thread-2] INFO  commands.RetriableDatanodeEventWatcher (RetriableDatanodeEventWatcher.java:onTimeout(47)) - RetriableDatanodeCommand type=deleteBlocksCommand with id=1571921142962 timed out. Retrying.
2019-10-24 12:47:49,881 [pool-7-thread-4] INFO  commands.RetriableDatanodeEventWatcher (RetriableDatanodeEventWatcher.java:onTimeout(47)) - RetriableDatanodeCommand type=deleteBlocksCommand with id=1571921142963 timed out. Retrying.
2019-10-24 12:47:49,881 [pool-7-thread-6] INFO  commands.RetriableDatanodeEventWatcher (RetriableDatanodeEventWatcher.java:onTimeout(47)) - RetriableDatanodeCommand type=deleteBlocksCommand with id=1571921142959 timed out. Retrying.
2019-10-24 12:47:50,515 [EventQueue-PendingDeleteStatusForPendingDeleteHandler] INFO  block.SCMBlockDeletingService (SCMBlockDeletingService.java:handlePendingDeletes(115)) - Block deletion txnID mismatch in datanode a49289a7-2fc4-4008-a49b-27c2b6921fe9 for containerID 1. Datanode delete txnID: 0, SCM txnID: 1
2019-10-24 12:47:50,575 [RatisPipelineUtilsThread] INFO  pipeline.RatisPipelineProvider (RatisPipelineProvider.java:lambda$create$4(163)) - Send pipeline:PipelineID=2d954b26-2a79-43db-93e1-da8e4690146e create command to datanode a49289a7-2fc4-4008-a49b-27c2b6921fe9
2019-10-24 12:47:50,577 [RatisPipelineUtilsThread] INFO  pipeline.RatisPipelineProvider (RatisPipelineProvider.java:lambda$create$4(163)) - Send pipeline:PipelineID=20c83945-8820-44a7-8e3d-8f2c29efdd8b create command to datanode 06a8f420-c55d-4064-b0af-9862eabb487d
2019-10-24 12:47:50,577 [RatisPipelineUtilsThread] INFO  pipeline.RatisPipelineProvider (RatisPipelineProvider.java:lambda$create$4(163)) - Send pipeline:PipelineID=20c83945-8820-44a7-8e3d-8f2c29efdd8b create command to datanode a49289a7-2fc4-4008-a49b-27c2b6921fe9
2019-10-24 12:47:50,577 [RatisPipelineUtilsThread] INFO  pipeline.RatisPipelineProvider (RatisPipelineProvider.java:lambda$create$4(163)) - Send pipeline:PipelineID=20c83945-8820-44a7-8e3d-8f2c29efdd8b create command to datanode b629121d-9414-4e6f-a533-8e2a2621a008
2019-10-24 12:47:50,581 [BlockDeletingService#5] WARN  background.BlockDeletingService (BlockDeletingService.java:isDeletionAllowed(187)) - Close Container log Index 6 is not replicated across allthe servers in the pipeline 547b3abb-e21a-4b37-ae70-113ff32a5128 as the min replicated index is 4. Deletion is not allowed in this container yet.
2019-10-24 12:47:50,582 [BlockDeletingService#2] WARN  background.BlockDeletingService (BlockDeletingService.java:isDeletionAllowed(187)) - Close Container log Index 6 is not replicated across allthe servers in the pipeline 547b3abb-e21a-4b37-ae70-113ff32a5128 as the min replicated index is 4. Deletion is not allowed in this container yet.
2019-10-24 12:47:50,615 [EventQueue-PendingDeleteStatusForPendingDeleteHandler] INFO  block.SCMBlockDeletingService (SCMBlockDeletingService.java:handlePendingDeletes(115)) - Block deletion txnID mismatch in datanode a49289a7-2fc4-4008-a49b-27c2b6921fe9 for containerID 1. Datanode delete txnID: 0, SCM txnID: 1
2019-10-24 12:47:50,816 [EventQueue-PendingDeleteStatusForPendingDeleteHandler] INFO  block.SCMBlockDeletingService (SCMBlockDeletingService.java:handlePendingDeletes(115)) - Block deletion txnID mismatch in datanode a49289a7-2fc4-4008-a49b-27c2b6921fe9 for containerID 1. Datanode delete txnID: 0, SCM txnID: 1
2019-10-24 12:47:50,837 [Command processor thread] INFO  impl.RaftServerProxy (RaftServerProxy.java:addNew(89)) - 06a8f420-c55d-4064-b0af-9862eabb487d: addNew group-8F2C29EFDD8B:[a49289a7-2fc4-4008-a49b-27c2b6921fe9:192.168.34.27:42145, 06a8f420-c55d-4064-b0af-9862eabb487d:192.168.34.27:33047, b629121d-9414-4e6f-a533-8e2a2621a008:192.168.34.27:33915] returns group-8F2C29EFDD8B:java.util.concurrent.CompletableFuture@538413a5[Not completed]
2019-10-24 12:47:50,842 [pool-37-thread-1] INFO  impl.RaftServerImpl (RaftServerImpl.java:<init>(98)) - 06a8f420-c55d-4064-b0af-9862eabb487d: new RaftServerImpl for group-8F2C29EFDD8B:[a49289a7-2fc4-4008-a49b-27c2b6921fe9:192.168.34.27:42145, 06a8f420-c55d-4064-b0af-9862eabb487d:192.168.34.27:33047, b629121d-9414-4e6f-a533-8e2a2621a008:192.168.34.27:33915] with ContainerStateMachine:uninitialized
2019-10-24 12:47:50,843 [pool-37-thread-1] INFO  server.RaftServerConfigKeys (ConfUtils.java:logGet(43)) - raft.server.rpc.timeout.min = 5s (custom)
2019-10-24 12:47:50,843 [pool-37-thread-1] INFO  server.RaftServerConfigKeys (ConfUtils.java:logGet(43)) - raft.server.rpc.timeout.max = 5200ms (custom)
2019-10-24 12:47:50,843 [pool-37-thread-1] INFO  server.RaftServerConfigKeys (ConfUtils.java:logGet(43)) - raft.server.rpcslowness.timeout = 1000s (custom)
2019-10-24 12:47:50,844 [pool-37-thread-1] INFO  server.RaftServerConfigKeys (ConfUtils.java:logGet(43)) - raft.server.sleep.deviation.threshold = 300 (default)
2019-10-24 12:47:50,844 [pool-37-thread-1] INFO  server.RaftServerConfigKeys (ConfUtils.java:logGet(43)) - raft.server.log.appender.install.snapshot.enabled = false (custom)
2019-10-24 12:47:50,844 [pool-37-thread-1] INFO  impl.RaftServerImpl (ServerState.java:<init>(103)) - 06a8f420-c55d-4064-b0af-9862eabb487d@group-8F2C29EFDD8B: ConfigurationManager, init=-1: [a49289a7-2fc4-4008-a49b-27c2b6921fe9:192.168.34.27:42145, 06a8f420-c55d-4064-b0af-9862eabb487d:192.168.34.27:33047, b629121d-9414-4e6f-a533-8e2a2621a008:192.168.34.27:33915], old=null, confs=<EMPTY_MAP>
2019-10-24 12:47:50,844 [pool-37-thread-1] INFO  server.RaftServerConfigKeys (ConfUtils.java:logGet(43)) - raft.server.storage.dir = [/workdir/hadoop-ozone/integration-test/target/test-dir/MiniOzoneClusterImpl-c63c45e9-3133-4fa9-98a3-2bd36eb99823/datanode-1/data/ratis] (custom)
2019-10-24 12:47:50,845 [pool-37-thread-1] INFO  server.RaftServerConfigKeys (ConfUtils.java:logGet(43)) - raft.server.log.corruption.policy = EXCEPTION (default)
2019-10-24 12:47:50,845 [pool-37-thread-1] INFO  storage.RaftStorageDirectory (RaftStorageDirectory.java:analyzeStorage(246)) - The storage directory /workdir/hadoop-ozone/integration-test/target/test-dir/MiniOzoneClusterImpl-c63c45e9-3133-4fa9-98a3-2bd36eb99823/datanode-1/data/ratis/20c83945-8820-44a7-8e3d-8f2c29efdd8b does not exist. Creating ...
2019-10-24 12:47:50,859 [pool-37-thread-1] INFO  storage.RaftStorageDirectory (RaftStorageDirectory.java:tryLock(328)) - Lock on /workdir/hadoop-ozone/integration-test/target/test-dir/MiniOzoneClusterImpl-c63c45e9-3133-4fa9-98a3-2bd36eb99823/datanode-1/data/ratis/20c83945-8820-44a7-8e3d-8f2c29efdd8b/in_use.lock acquired by nodename 3369@pr-hdds-2034-s5hcl-2472234065
2019-10-24 12:47:50,872 [pool-37-thread-1] INFO  storage.RaftStorage (RaftStorage.java:format(84)) - Storage directory /workdir/hadoop-ozone/integration-test/target/test-dir/MiniOzoneClusterImpl-c63c45e9-3133-4fa9-98a3-2bd36eb99823/datanode-1/data/ratis/20c83945-8820-44a7-8e3d-8f2c29efdd8b has been successfully formatted.
2019-10-24 12:47:50,872 [pool-37-thread-1] INFO  ratis.ContainerStateMachine (ContainerStateMachine.java:loadSnapshot(231)) - group-8F2C29EFDD8B: The snapshot info is null. Setting the last applied indexto:(t:0, i:~)
2019-10-24 12:47:50,873 [pool-37-thread-1] INFO  server.RaftServerConfigKeys (ConfUtils.java:logGet(43)) - raft.server.notification.no-leader.timeout = 1000s (custom)
2019-10-24 12:47:50,873 [pool-37-thread-1] INFO  server.RaftServerConfigKeys (ConfUtils.java:logGet(43)) - raft.server.log.use.memory = false (default)
2019-10-24 12:47:50,873 [pool-37-thread-1] INFO  server.RaftServerConfigKeys (ConfUtils.java:logGet(43)) - raft.server.log.purge.gap = 1000000 (custom)
2019-10-24 12:47:50,873 [pool-37-thread-1] INFO  server.RaftServerConfigKeys (ConfUtils.java:logGet(43)) - raft.server.log.appender.buffer.byte-limit = 33554432 (custom)
2019-10-24 12:47:50,873 [pool-37-thread-1] INFO  server.RaftServerConfigKeys (ConfUtils.java:logGet(43)) - raft.server.log.segment.size.max = 1048576 (custom)
2019-10-24 12:47:50,874 [pool-37-thread-1] INFO  server.RaftServerConfigKeys (ConfUtils.java:logGet(43)) - raft.server.log.segment.cache.num.max = 2 (custom)
2019-10-24 12:47:50,874 [pool-37-thread-1] INFO  segmented.SegmentedRaftLogWorker (SegmentedRaftLogWorker.java:<init>(173)) - new 06a8f420-c55d-4064-b0af-9862eabb487d@group-8F2C29EFDD8B-SegmentedRaftLogWorker for RaftStorage:Storage Directory /workdir/hadoop-ozone/integration-test/target/test-dir/MiniOzoneClusterImpl-c63c45e9-3133-4fa9-98a3-2bd36eb99823/datanode-1/data/ratis/20c83945-8820-44a7-8e3d-8f2c29efdd8b
2019-10-24 12:47:50,874 [pool-37-thread-1] INFO  server.RaftServerConfigKeys (ConfUtils.java:logGet(43)) - raft.server.log.queue.byte-limit = 2147483647 (custom)
2019-10-24 12:47:50,874 [pool-37-thread-1] INFO  server.RaftServerConfigKeys (ConfUtils.java:logGet(43)) - raft.server.log.queue.element-limit = 1024 (custom)
2019-10-24 12:47:50,874 [pool-37-thread-1] INFO  server.RaftServerConfigKeys (ConfUtils.java:logGet(43)) - raft.server.log.segment.size.max = 1048576 (custom)
2019-10-24 12:47:50,875 [pool-37-thread-1] INFO  server.RaftServerConfigKeys (ConfUtils.java:logGet(43)) - raft.server.log.preallocated.size = 16384 (custom)
2019-10-24 12:47:50,875 [pool-37-thread-1] INFO  server.RaftServerConfigKeys (ConfUtils.java:logGet(43)) - raft.server.log.write.buffer.size = 33554432 (custom)
2019-10-24 12:47:50,875 [pool-37-thread-1] INFO  server.RaftServerConfigKeys (ConfUtils.java:logGet(43)) - raft.server.log.force.sync.num = 128 (default)
2019-10-24 12:47:50,875 [pool-37-thread-1] INFO  server.RaftServerConfigKeys (ConfUtils.java:logGet(43)) - raft.server.log.statemachine.data.sync = true (default)
2019-10-24 12:47:50,875 [pool-37-thread-1] INFO  server.RaftServerConfigKeys (ConfUtils.java:logGet(43)) - raft.server.log.statemachine.data.sync.timeout = 10s (default)
2019-10-24 12:47:50,875 [pool-37-thread-1] INFO  server.RaftServerConfigKeys (ConfUtils.java:logGet(43)) - raft.server.log.statemachine.data.sync.timeout.retry = -1 (default)
2019-10-24 12:47:50,876 [pool-37-thread-1] INFO  server.RaftServerConfigKeys (ConfUtils.java:logGet(43)) - raft.server.log.statemachine.data.caching.enabled = true (custom)
2019-10-24 12:47:50,876 [pool-37-thread-1] INFO  segmented.SegmentedRaftLogWorker (SegmentedRaftLogWorker.java:lambda$new$0(128)) - 06a8f420-c55d-4064-b0af-9862eabb487d@group-8F2C29EFDD8B-SegmentedRaftLogWorker: flushIndex: setUnconditionally 0 -> -1
2019-10-24 12:47:50,877 [pool-37-thread-1] INFO  server.RaftServerConfigKeys (ConfUtils.java:logGet(43)) - raft.server.snapshot.auto.trigger.enabled = true (custom)
2019-10-24 12:47:50,877 [pool-37-thread-1] INFO  server.RaftServerConfigKeys (ConfUtils.java:logGet(43)) - raft.server.snapshot.auto.trigger.threshold = 10000 (custom)
2019-10-24 12:47:50,877 [pool-37-thread-1] INFO  server.RaftServerConfigKeys (ConfUtils.java:logGet(43)) - raft.server.snapshot.retention.file.num = 5 (custom)
2019-10-24 12:47:50,877 [pool-37-thread-1] INFO  server.RaftServerConfigKeys (ConfUtils.java:logGet(43)) - raft.server.retrycache.expirytime = 600000ms (custom)
2019-10-24 12:47:50,878 [pool-37-thread-1] WARN  impl.MetricRegistriesImpl (MetricRegistriesImpl.java:lambda$create$1(61)) - First MetricRegistry has been created without registering reporters. You may need to call MetricRegistries.global().addReportRegistration(...) before.
2019-10-24 12:47:50,878 [pool-37-thread-1] WARN  impl.MetricRegistriesImpl (MetricRegistriesImpl.java:lambda$create$1(61)) - First MetricRegistry has been created without registering reporters. You may need to call MetricRegistries.global().addReportRegistration(...) before.
2019-10-24 12:47:50,878 [pool-37-thread-1] INFO  impl.RaftServerImpl (RaftServerImpl.java:start(184)) - 06a8f420-c55d-4064-b0af-9862eabb487d@group-8F2C29EFDD8B: start as a follower, conf=-1: [a49289a7-2fc4-4008-a49b-27c2b6921fe9:192.168.34.27:42145, 06a8f420-c55d-4064-b0af-9862eabb487d:192.168.34.27:33047, b629121d-9414-4e6f-a533-8e2a2621a008:192.168.34.27:33915], old=null
2019-10-24 12:47:50,879 [pool-37-thread-1] INFO  impl.RaftServerImpl (RaftServerImpl.java:setRole(173)) - 06a8f420-c55d-4064-b0af-9862eabb487d@group-8F2C29EFDD8B: changes role from      null to FOLLOWER at term 0 for startAsFollower
2019-10-24 12:47:50,879 [pool-37-thread-1] INFO  impl.RoleInfo (RoleInfo.java:updateAndGet(143)) - 06a8f420-c55d-4064-b0af-9862eabb487d: start FollowerState
2019-10-24 12:47:50,879 [pool-37-thread-1] INFO  util.JmxRegister (JmxRegister.java:tryRegister(44)) - Successfully registered JMX Bean with object name Ratis:service=RaftServer,group=group-8F2C29EFDD8B,id=06a8f420-c55d-4064-b0af-9862eabb487d
2019-10-24 12:47:50,880 [pool-37-thread-1] WARN  impl.MetricRegistriesImpl (MetricRegistriesImpl.java:lambda$create$1(61)) - First MetricRegistry has been created without registering reporters. You may need to call MetricRegistries.global().addReportRegistration(...) before.
2019-10-24 12:47:50,881 [Command processor thread] INFO  commandhandler.CreatePipelineCommandHandler (CreatePipelineCommandHandler.java:handle(86)) - Create Pipeline RATIS THREE #id: "20c83945-8820-44a7-8e3d-8f2c29efdd8b"
 command succeed on datanode 06a8f420-c55d-4064-b0af-9862eabb487d.
2019-10-24 12:47:50,881 [pool-7-thread-6] INFO  commands.RetriableDatanodeEventWatcher (RetriableDatanodeEventWatcher.java:onTimeout(47)) - RetriableDatanodeCommand type=deleteBlocksCommand with id=1571921142961 timed out. Retrying.
2019-10-24 12:47:50,881 [pool-7-thread-6] INFO  commands.RetriableDatanodeEventWatcher (RetriableDatanodeEventWatcher.java:onTimeout(47)) - RetriableDatanodeCommand type=deleteBlocksCommand with id=1571921142962 timed out. Retrying.
2019-10-24 12:47:50,882 [pool-7-thread-4] INFO  commands.RetriableDatanodeEventWatcher (RetriableDatanodeEventWatcher.java:onTimeout(47)) - RetriableDatanodeCommand type=deleteBlocksCommand with id=1571921142963 timed out. Retrying.
2019-10-24 12:47:50,882 [pool-7-thread-5] INFO  commands.RetriableDatanodeEventWatcher (RetriableDatanodeEventWatcher.java:onTimeout(47)) - RetriableDatanodeCommand type=deleteBlocksCommand with id=1571921142959 timed out. Retrying.
2019-10-24 12:47:50,882 [SCMBlockDeletingService#1] INFO  block.SCMBlockDeletingService (SCMBlockDeletingService.java:call(184)) - Totally added 1 delete blocks command for 1 datanodes, task elapsed time: 0ms
2019-10-24 12:47:50,882 [EventQueue-PipelineReportForPipelineReportHandler] INFO  pipeline.PipelineReportHandler (PipelineReportHandler.java:processPipelineReport(104)) - Pipeline THREE PipelineID=20c83945-8820-44a7-8e3d-8f2c29efdd8b reported by 06a8f420-c55d-4064-b0af-9862eabb487d{ip: 192.168.34.27, host: pr-hdds-2034-s5hcl-2472234065, networkLocation: /default-rack, certSerialId: null}
2019-10-24 12:47:50,882 [pool-7-thread-1] INFO  commands.RetriableDatanodeEventWatcher (RetriableDatanodeEventWatcher.java:onTimeout(47)) - RetriableDatanodeCommand type=deleteBlocksCommand with id=1571921142965 timed out. Retrying.
2019-10-24 12:47:50,883 [pool-7-thread-2] INFO  commands.RetriableDatanodeEventWatcher (RetriableDatanodeEventWatcher.java:onTimeout(47)) - RetriableDatanodeCommand type=deleteBlocksCommand with id=1571921142964 timed out. Retrying.
2019-10-24 12:47:50,883 [pool-7-thread-3] INFO  commands.RetriableDatanodeEventWatcher (RetriableDatanodeEventWatcher.java:onTimeout(47)) - RetriableDatanodeCommand type=deleteBlocksCommand with id=1571921142966 timed out. Retrying.
2019-10-24 12:47:51,191 [Command processor thread] INFO  impl.RaftServerProxy (RaftServerProxy.java:addNew(89)) - b629121d-9414-4e6f-a533-8e2a2621a008: addNew group-8F2C29EFDD8B:[a49289a7-2fc4-4008-a49b-27c2b6921fe9:192.168.34.27:42145, 06a8f420-c55d-4064-b0af-9862eabb487d:192.168.34.27:33047, b629121d-9414-4e6f-a533-8e2a2621a008:192.168.34.27:33915] returns group-8F2C29EFDD8B:java.util.concurrent.CompletableFuture@684268f7[Not completed]
2019-10-24 12:47:51,194 [pool-27-thread-1] INFO  impl.RaftServerImpl (RaftServerImpl.java:<init>(98)) - b629121d-9414-4e6f-a533-8e2a2621a008: new RaftServerImpl for group-8F2C29EFDD8B:[a49289a7-2fc4-4008-a49b-27c2b6921fe9:192.168.34.27:42145, 06a8f420-c55d-4064-b0af-9862eabb487d:192.168.34.27:33047, b629121d-9414-4e6f-a533-8e2a2621a008:192.168.34.27:33915] with ContainerStateMachine:uninitialized
2019-10-24 12:47:51,194 [pool-27-thread-1] INFO  server.RaftServerConfigKeys (ConfUtils.java:logGet(43)) - raft.server.rpc.timeout.min = 5s (custom)
2019-10-24 12:47:51,194 [pool-27-thread-1] INFO  server.RaftServerConfigKeys (ConfUtils.java:logGet(43)) - raft.server.rpc.timeout.max = 5200ms (custom)
2019-10-24 12:47:51,194 [pool-27-thread-1] INFO  server.RaftServerConfigKeys (ConfUtils.java:logGet(43)) - raft.server.rpcslowness.timeout = 1000s (custom)
2019-10-24 12:47:51,194 [pool-27-thread-1] INFO  server.RaftServerConfigKeys (ConfUtils.java:logGet(43)) - raft.server.sleep.deviation.threshold = 300 (default)
2019-10-24 12:47:51,195 [pool-27-thread-1] INFO  server.RaftServerConfigKeys (ConfUtils.java:logGet(43)) - raft.server.log.appender.install.snapshot.enabled = false (custom)
2019-10-24 12:47:51,195 [pool-27-thread-1] INFO  impl.RaftServerImpl (ServerState.java:<init>(103)) - b629121d-9414-4e6f-a533-8e2a2621a008@group-8F2C29EFDD8B: ConfigurationManager, init=-1: [a49289a7-2fc4-4008-a49b-27c2b6921fe9:192.168.34.27:42145, 06a8f420-c55d-4064-b0af-9862eabb487d:192.168.34.27:33047, b629121d-9414-4e6f-a533-8e2a2621a008:192.168.34.27:33915], old=null, confs=<EMPTY_MAP>
2019-10-24 12:47:51,195 [pool-27-thread-1] INFO  server.RaftServerConfigKeys (ConfUtils.java:logGet(43)) - raft.server.storage.dir = [/workdir/hadoop-ozone/integration-test/target/test-dir/MiniOzoneClusterImpl-c63c45e9-3133-4fa9-98a3-2bd36eb99823/datanode-0/data/ratis] (custom)
2019-10-24 12:47:51,195 [pool-27-thread-1] INFO  server.RaftServerConfigKeys (ConfUtils.java:logGet(43)) - raft.server.log.corruption.policy = EXCEPTION (default)
2019-10-24 12:47:51,196 [pool-27-thread-1] INFO  storage.RaftStorageDirectory (RaftStorageDirectory.java:analyzeStorage(246)) - The storage directory /workdir/hadoop-ozone/integration-test/target/test-dir/MiniOzoneClusterImpl-c63c45e9-3133-4fa9-98a3-2bd36eb99823/datanode-0/data/ratis/20c83945-8820-44a7-8e3d-8f2c29efdd8b does not exist. Creating ...
2019-10-24 12:47:51,208 [pool-27-thread-1] INFO  storage.RaftStorageDirectory (RaftStorageDirectory.java:tryLock(328)) - Lock on /workdir/hadoop-ozone/integration-test/target/test-dir/MiniOzoneClusterImpl-c63c45e9-3133-4fa9-98a3-2bd36eb99823/datanode-0/data/ratis/20c83945-8820-44a7-8e3d-8f2c29efdd8b/in_use.lock acquired by nodename 3369@pr-hdds-2034-s5hcl-2472234065
2019-10-24 12:47:51,217 [EventQueue-PendingDeleteStatusForPendingDeleteHandler] INFO  block.SCMBlockDeletingService (SCMBlockDeletingService.java:handlePendingDeletes(115)) - Block deletion txnID mismatch in datanode a49289a7-2fc4-4008-a49b-27c2b6921fe9 for containerID 1. Datanode delete txnID: 0, SCM txnID: 1
2019-10-24 12:47:51,224 [pool-27-thread-1] INFO  storage.RaftStorage (RaftStorage.java:format(84)) - Storage directory /workdir/hadoop-ozone/integration-test/target/test-dir/MiniOzoneClusterImpl-c63c45e9-3133-4fa9-98a3-2bd36eb99823/datanode-0/data/ratis/20c83945-8820-44a7-8e3d-8f2c29efdd8b has been successfully formatted.
2019-10-24 12:47:51,224 [pool-27-thread-1] INFO  ratis.ContainerStateMachine (ContainerStateMachine.java:loadSnapshot(231)) - group-8F2C29EFDD8B: The snapshot info is null. Setting the last applied indexto:(t:0, i:~)
2019-10-24 12:47:51,224 [pool-27-thread-1] INFO  server.RaftServerConfigKeys (ConfUtils.java:logGet(43)) - raft.server.notification.no-leader.timeout = 1000s (custom)
2019-10-24 12:47:51,224 [pool-27-thread-1] INFO  server.RaftServerConfigKeys (ConfUtils.java:logGet(43)) - raft.server.log.use.memory = false (default)
2019-10-24 12:47:51,224 [pool-27-thread-1] INFO  server.RaftServerConfigKeys (ConfUtils.java:logGet(43)) - raft.server.log.purge.gap = 1000000 (custom)
2019-10-24 12:47:51,225 [pool-27-thread-1] INFO  server.RaftServerConfigKeys (ConfUtils.java:logGet(43)) - raft.server.log.appender.buffer.byte-limit = 33554432 (custom)
2019-10-24 12:47:51,225 [pool-27-thread-1] INFO  server.RaftServerConfigKeys (ConfUtils.java:logGet(43)) - raft.server.log.segment.size.max = 1048576 (custom)
2019-10-24 12:47:51,225 [pool-27-thread-1] INFO  server.RaftServerConfigKeys (ConfUtils.java:logGet(43)) - raft.server.log.segment.cache.num.max = 2 (custom)
2019-10-24 12:47:51,225 [pool-27-thread-1] INFO  segmented.SegmentedRaftLogWorker (SegmentedRaftLogWorker.java:<init>(173)) - new b629121d-9414-4e6f-a533-8e2a2621a008@group-8F2C29EFDD8B-SegmentedRaftLogWorker for RaftStorage:Storage Directory /workdir/hadoop-ozone/integration-test/target/test-dir/MiniOzoneClusterImpl-c63c45e9-3133-4fa9-98a3-2bd36eb99823/datanode-0/data/ratis/20c83945-8820-44a7-8e3d-8f2c29efdd8b
2019-10-24 12:47:51,225 [pool-27-thread-1] INFO  server.RaftServerConfigKeys (ConfUtils.java:logGet(43)) - raft.server.log.queue.byte-limit = 2147483647 (custom)
2019-10-24 12:47:51,225 [pool-27-thread-1] INFO  server.RaftServerConfigKeys (ConfUtils.java:logGet(43)) - raft.server.log.queue.element-limit = 1024 (custom)
2019-10-24 12:47:51,226 [pool-27-thread-1] INFO  server.RaftServerConfigKeys (ConfUtils.java:logGet(43)) - raft.server.log.segment.size.max = 1048576 (custom)
2019-10-24 12:47:51,226 [pool-27-thread-1] INFO  server.RaftServerConfigKeys (ConfUtils.java:logGet(43)) - raft.server.log.preallocated.size = 16384 (custom)
2019-10-24 12:47:51,226 [pool-27-thread-1] INFO  server.RaftServerConfigKeys (ConfUtils.java:logGet(43)) - raft.server.log.write.buffer.size = 33554432 (custom)
2019-10-24 12:47:51,226 [pool-27-thread-1] INFO  server.RaftServerConfigKeys (ConfUtils.java:logGet(43)) - raft.server.log.force.sync.num = 128 (default)
2019-10-24 12:47:51,226 [pool-27-thread-1] INFO  server.RaftServerConfigKeys (ConfUtils.java:logGet(43)) - raft.server.log.statemachine.data.sync = true (default)
2019-10-24 12:47:51,226 [pool-27-thread-1] INFO  server.RaftServerConfigKeys (ConfUtils.java:logGet(43)) - raft.server.log.statemachine.data.sync.timeout = 10s (default)
2019-10-24 12:47:51,226 [pool-27-thread-1] INFO  server.RaftServerConfigKeys (ConfUtils.java:logGet(43)) - raft.server.log.statemachine.data.sync.timeout.retry = -1 (default)
2019-10-24 12:47:51,227 [pool-27-thread-1] INFO  server.RaftServerConfigKeys (ConfUtils.java:logGet(43)) - raft.server.log.statemachine.data.caching.enabled = true (custom)
2019-10-24 12:47:51,227 [pool-27-thread-1] INFO  segmented.SegmentedRaftLogWorker (SegmentedRaftLogWorker.java:lambda$new$0(128)) - b629121d-9414-4e6f-a533-8e2a2621a008@group-8F2C29EFDD8B-SegmentedRaftLogWorker: flushIndex: setUnconditionally 0 -> -1
2019-10-24 12:47:51,227 [pool-27-thread-1] INFO  server.RaftServerConfigKeys (ConfUtils.java:logGet(43)) - raft.server.snapshot.auto.trigger.enabled = true (custom)
2019-10-24 12:47:51,228 [pool-27-thread-1] INFO  server.RaftServerConfigKeys (ConfUtils.java:logGet(43)) - raft.server.snapshot.auto.trigger.threshold = 10000 (custom)
2019-10-24 12:47:51,228 [pool-27-thread-1] INFO  server.RaftServerConfigKeys (ConfUtils.java:logGet(43)) - raft.server.snapshot.retention.file.num = 5 (custom)
2019-10-24 12:47:51,228 [pool-27-thread-1] INFO  server.RaftServerConfigKeys (ConfUtils.java:logGet(43)) - raft.server.retrycache.expirytime = 600000ms (custom)
2019-10-24 12:47:51,228 [pool-27-thread-1] WARN  impl.MetricRegistriesImpl (MetricRegistriesImpl.java:lambda$create$1(61)) - First MetricRegistry has been created without registering reporters. You may need to call MetricRegistries.global().addReportRegistration(...) before.
2019-10-24 12:47:51,228 [pool-27-thread-1] WARN  impl.MetricRegistriesImpl (MetricRegistriesImpl.java:lambda$create$1(61)) - First MetricRegistry has been created without registering reporters. You may need to call MetricRegistries.global().addReportRegistration(...) before.
2019-10-24 12:47:51,229 [pool-27-thread-1] INFO  impl.RaftServerImpl (RaftServerImpl.java:start(184)) - b629121d-9414-4e6f-a533-8e2a2621a008@group-8F2C29EFDD8B: start as a follower, conf=-1: [a49289a7-2fc4-4008-a49b-27c2b6921fe9:192.168.34.27:42145, 06a8f420-c55d-4064-b0af-9862eabb487d:192.168.34.27:33047, b629121d-9414-4e6f-a533-8e2a2621a008:192.168.34.27:33915], old=null
2019-10-24 12:47:51,229 [pool-27-thread-1] INFO  impl.RaftServerImpl (RaftServerImpl.java:setRole(173)) - b629121d-9414-4e6f-a533-8e2a2621a008@group-8F2C29EFDD8B: changes role from      null to FOLLOWER at term 0 for startAsFollower
2019-10-24 12:47:51,229 [pool-27-thread-1] INFO  impl.RoleInfo (RoleInfo.java:updateAndGet(143)) - b629121d-9414-4e6f-a533-8e2a2621a008: start FollowerState
2019-10-24 12:47:51,229 [pool-27-thread-1] INFO  util.JmxRegister (JmxRegister.java:tryRegister(44)) - Successfully registered JMX Bean with object name Ratis:service=RaftServer,group=group-8F2C29EFDD8B,id=b629121d-9414-4e6f-a533-8e2a2621a008
2019-10-24 12:47:51,229 [pool-27-thread-1] WARN  impl.MetricRegistriesImpl (MetricRegistriesImpl.java:lambda$create$1(61)) - First MetricRegistry has been created without registering reporters. You may need to call MetricRegistries.global().addReportRegistration(...) before.
2019-10-24 12:47:51,230 [Command processor thread] INFO  commandhandler.CreatePipelineCommandHandler (CreatePipelineCommandHandler.java:handle(86)) - Create Pipeline RATIS THREE #id: "20c83945-8820-44a7-8e3d-8f2c29efdd8b"
 command succeed on datanode b629121d-9414-4e6f-a533-8e2a2621a008.
2019-10-24 12:47:51,232 [EventQueue-PipelineReportForPipelineReportHandler] INFO  pipeline.PipelineReportHandler (PipelineReportHandler.java:processPipelineReport(104)) - Pipeline THREE PipelineID=20c83945-8820-44a7-8e3d-8f2c29efdd8b reported by b629121d-9414-4e6f-a533-8e2a2621a008{ip: 192.168.34.27, host: pr-hdds-2034-s5hcl-2472234065, networkLocation: /default-rack, certSerialId: null}
2019-10-24 12:47:51,541 [Command processor thread] INFO  commandhandler.DeleteBlocksCommandHandler (DeleteBlocksCommandHandler.java:handle(106)) - Start to delete container blocks, TXIDs=[1(0)], numOfContainers=1, numOfBlocks=1
2019-10-24 12:47:51,542 [Command processor thread] INFO  commandhandler.DeleteBlocksCommandHandler (DeleteBlocksCommandHandler.java:handle(106)) - Start to delete container blocks, TXIDs=[1(2)], numOfContainers=1, numOfBlocks=1
2019-10-24 12:47:51,542 [Command processor thread] INFO  commandhandler.DeleteBlocksCommandHandler (DeleteBlocksCommandHandler.java:handle(106)) - Start to delete container blocks, TXIDs=[1(0)], numOfContainers=1, numOfBlocks=1
2019-10-24 12:47:51,543 [Command processor thread] INFO  commandhandler.DeleteBlocksCommandHandler (DeleteBlocksCommandHandler.java:handle(106)) - Start to delete container blocks, TXIDs=[1(2)], numOfContainers=1, numOfBlocks=1
2019-10-24 12:47:51,543 [Command processor thread] INFO  commandhandler.DeleteBlocksCommandHandler (DeleteBlocksCommandHandler.java:handle(106)) - Start to delete container blocks, TXIDs=[1(2)], numOfContainers=1, numOfBlocks=1
2019-10-24 12:47:51,543 [Command processor thread] INFO  commandhandler.DeleteBlocksCommandHandler (DeleteBlocksCommandHandler.java:handle(106)) - Start to delete container blocks, TXIDs=[1(0)], numOfContainers=1, numOfBlocks=1
2019-10-24 12:47:51,543 [Command processor thread] INFO  commandhandler.DeleteBlocksCommandHandler (DeleteBlocksCommandHandler.java:handle(106)) - Start to delete container blocks, TXIDs=[1(2)], numOfContainers=1, numOfBlocks=1
2019-10-24 12:47:51,543 [Command processor thread] INFO  commandhandler.DeleteBlocksCommandHandler (DeleteBlocksCommandHandler.java:handle(106)) - Start to delete container blocks, TXIDs=[1(2)], numOfContainers=1, numOfBlocks=1
2019-10-24 12:47:51,544 [Command processor thread] INFO  commandhandler.DeleteBlocksCommandHandler (DeleteBlocksCommandHandler.java:handle(106)) - Start to delete container blocks, TXIDs=[1(0)], numOfContainers=1, numOfBlocks=1
2019-10-24 12:47:51,544 [Command processor thread] INFO  commandhandler.DeleteBlocksCommandHandler (DeleteBlocksCommandHandler.java:handle(106)) - Start to delete container blocks, TXIDs=[1(2)], numOfContainers=1, numOfBlocks=1
2019-10-24 12:47:51,544 [Command processor thread] INFO  commandhandler.DeleteBlocksCommandHandler (DeleteBlocksCommandHandler.java:handle(106)) - Start to delete container blocks, TXIDs=[1(2)], numOfContainers=1, numOfBlocks=1
2019-10-24 12:47:51,544 [Command processor thread] INFO  commandhandler.DeleteBlocksCommandHandler (DeleteBlocksCommandHandler.java:handle(106)) - Start to delete container blocks, TXIDs=[1(0)], numOfContainers=1, numOfBlocks=1
2019-10-24 12:47:51,546 [Command processor thread] INFO  commandhandler.DeleteBlocksCommandHandler (DeleteBlocksCommandHandler.java:handle(106)) - Start to delete container blocks, TXIDs=[1(2)], numOfContainers=1, numOfBlocks=1
2019-10-24 12:47:51,547 [Command processor thread] INFO  commandhandler.DeleteBlocksCommandHandler (DeleteBlocksCommandHandler.java:handle(106)) - Start to delete container blocks, TXIDs=[1(2)], numOfContainers=1, numOfBlocks=1
2019-10-24 12:47:51,547 [Command processor thread] INFO  commandhandler.DeleteBlocksCommandHandler (DeleteBlocksCommandHandler.java:handle(106)) - Start to delete container blocks, TXIDs=[1(2)], numOfContainers=1, numOfBlocks=1
2019-10-24 12:47:51,547 [Command processor thread] INFO  commandhandler.DeleteBlocksCommandHandler (DeleteBlocksCommandHandler.java:handle(106)) - Start to delete container blocks, TXIDs=[1(2)], numOfContainers=1, numOfBlocks=1
2019-10-24 12:47:51,547 [Command processor thread] INFO  commandhandler.DeleteBlocksCommandHandler (DeleteBlocksCommandHandler.java:handle(106)) - Start to delete container blocks, TXIDs=[1(2)], numOfContainers=1, numOfBlocks=1
2019-10-24 12:47:51,548 [Command processor thread] INFO  commandhandler.DeleteBlocksCommandHandler (DeleteBlocksCommandHandler.java:handle(106)) - Start to delete container blocks, TXIDs=[1(2)], numOfContainers=1, numOfBlocks=1
2019-10-24 12:47:51,548 [Command processor thread] INFO  commandhandler.DeleteBlocksCommandHandler (DeleteBlocksCommandHandler.java:handle(106)) - Start to delete container blocks, TXIDs=[1(2)], numOfContainers=1, numOfBlocks=1
2019-10-24 12:47:51,548 [Command processor thread] INFO  commandhandler.DeleteBlocksCommandHandler (DeleteBlocksCommandHandler.java:handle(106)) - Start to delete container blocks, TXIDs=[1(2)], numOfContainers=1, numOfBlocks=1
2019-10-24 12:47:51,548 [Command processor thread] INFO  commandhandler.DeleteBlocksCommandHandler (DeleteBlocksCommandHandler.java:handle(106)) - Start to delete container blocks, TXIDs=[1(0)], numOfContainers=1, numOfBlocks=1
2019-10-24 12:47:51,549 [Command processor thread] INFO  commandhandler.DeleteBlocksCommandHandler (DeleteBlocksCommandHandler.java:handle(106)) - Start to delete container blocks, TXIDs=[1(2)], numOfContainers=1, numOfBlocks=1
2019-10-24 12:47:51,549 [Command processor thread] INFO  commandhandler.DeleteBlocksCommandHandler (DeleteBlocksCommandHandler.java:handle(106)) - Start to delete container blocks, TXIDs=[1(2)], numOfContainers=1, numOfBlocks=1
2019-10-24 12:47:51,549 [Command processor thread] INFO  commandhandler.DeleteBlocksCommandHandler (DeleteBlocksCommandHandler.java:handle(106)) - Start to delete container blocks, TXIDs=[1(2)], numOfContainers=1, numOfBlocks=1
2019-10-24 12:47:51,549 [Command processor thread] INFO  commandhandler.DeleteBlocksCommandHandler (DeleteBlocksCommandHandler.java:handle(106)) - Start to delete container blocks, TXIDs=[1(2)], numOfContainers=1, numOfBlocks=1
2019-10-24 12:47:51,550 [Command processor thread] INFO  commandhandler.DeleteBlocksCommandHandler (DeleteBlocksCommandHandler.java:handle(106)) - Start to delete container blocks, TXIDs=[1(2)], numOfContainers=1, numOfBlocks=1
2019-10-24 12:47:51,550 [Command processor thread] INFO  commandhandler.DeleteBlocksCommandHandler (DeleteBlocksCommandHandler.java:handle(106)) - Start to delete container blocks, TXIDs=[1(2)], numOfContainers=1, numOfBlocks=1
2019-10-24 12:47:51,550 [Command processor thread] INFO  commandhandler.DeleteBlocksCommandHandler (DeleteBlocksCommandHandler.java:handle(106)) - Start to delete container blocks, TXIDs=[1(0)], numOfContainers=1, numOfBlocks=1
2019-10-24 12:47:51,550 [Command processor thread] INFO  impl.RaftServerProxy (RaftServerProxy.java:addNew(89)) - a49289a7-2fc4-4008-a49b-27c2b6921fe9: addNew group-DA8E4690146E:[a49289a7-2fc4-4008-a49b-27c2b6921fe9:192.168.34.27:42145] returns group-DA8E4690146E:java.util.concurrent.CompletableFuture@338aab09[Not completed]
2019-10-24 12:47:51,553 [pool-59-thread-1] INFO  impl.RaftServerImpl (RaftServerImpl.java:<init>(98)) - a49289a7-2fc4-4008-a49b-27c2b6921fe9: new RaftServerImpl for group-DA8E4690146E:[a49289a7-2fc4-4008-a49b-27c2b6921fe9:192.168.34.27:42145] with ContainerStateMachine:uninitialized
2019-10-24 12:47:51,553 [pool-59-thread-1] INFO  server.RaftServerConfigKeys (ConfUtils.java:logGet(43)) - raft.server.rpc.timeout.min = 5s (custom)
2019-10-24 12:47:51,553 [pool-59-thread-1] INFO  server.RaftServerConfigKeys (ConfUtils.java:logGet(43)) - raft.server.rpc.timeout.max = 5200ms (custom)
2019-10-24 12:47:51,553 [pool-59-thread-1] INFO  server.RaftServerConfigKeys (ConfUtils.java:logGet(43)) - raft.server.rpcslowness.timeout = 1000s (custom)
2019-10-24 12:47:51,553 [pool-59-thread-1] INFO  server.RaftServerConfigKeys (ConfUtils.java:logGet(43)) - raft.server.sleep.deviation.threshold = 300 (default)
2019-10-24 12:47:51,553 [pool-59-thread-1] INFO  server.RaftServerConfigKeys (ConfUtils.java:logGet(43)) - raft.server.log.appender.install.snapshot.enabled = false (custom)
2019-10-24 12:47:51,553 [pool-59-thread-1] INFO  impl.RaftServerImpl (ServerState.java:<init>(103)) - a49289a7-2fc4-4008-a49b-27c2b6921fe9@group-DA8E4690146E: ConfigurationManager, init=-1: [a49289a7-2fc4-4008-a49b-27c2b6921fe9:192.168.34.27:42145], old=null, confs=<EMPTY_MAP>
2019-10-24 12:47:51,554 [pool-59-thread-1] INFO  server.RaftServerConfigKeys (ConfUtils.java:logGet(43)) - raft.server.storage.dir = [/workdir/hadoop-ozone/integration-test/target/test-dir/MiniOzoneClusterImpl-c63c45e9-3133-4fa9-98a3-2bd36eb99823/datanode-2/data/ratis] (custom)
2019-10-24 12:47:51,554 [pool-59-thread-1] INFO  server.RaftServerConfigKeys (ConfUtils.java:logGet(43)) - raft.server.log.corruption.policy = EXCEPTION (default)
2019-10-24 12:47:51,554 [pool-59-thread-1] INFO  storage.RaftStorageDirectory (RaftStorageDirectory.java:analyzeStorage(246)) - The storage directory /workdir/hadoop-ozone/integration-test/target/test-dir/MiniOzoneClusterImpl-c63c45e9-3133-4fa9-98a3-2bd36eb99823/datanode-2/data/ratis/2d954b26-2a79-43db-93e1-da8e4690146e does not exist. Creating ...
2019-10-24 12:47:51,576 [pool-59-thread-1] INFO  storage.RaftStorageDirectory (RaftStorageDirectory.java:tryLock(328)) - Lock on /workdir/hadoop-ozone/integration-test/target/test-dir/MiniOzoneClusterImpl-c63c45e9-3133-4fa9-98a3-2bd36eb99823/datanode-2/data/ratis/2d954b26-2a79-43db-93e1-da8e4690146e/in_use.lock acquired by nodename 3369@pr-hdds-2034-s5hcl-2472234065
2019-10-24 12:47:51,583 [BlockDeletingService#2] WARN  background.BlockDeletingService (BlockDeletingService.java:isDeletionAllowed(187)) - Close Container log Index 6 is not replicated across allthe servers in the pipeline 547b3abb-e21a-4b37-ae70-113ff32a5128 as the min replicated index is 4. Deletion is not allowed in this container yet.
2019-10-24 12:47:51,583 [BlockDeletingService#5] WARN  background.BlockDeletingService (BlockDeletingService.java:isDeletionAllowed(187)) - Close Container log Index 6 is not replicated across allthe servers in the pipeline 547b3abb-e21a-4b37-ae70-113ff32a5128 as the min replicated index is 4. Deletion is not allowed in this container yet.
2019-10-24 12:47:51,591 [pool-59-thread-1] INFO  storage.RaftStorage (RaftStorage.java:format(84)) - Storage directory /workdir/hadoop-ozone/integration-test/target/test-dir/MiniOzoneClusterImpl-c63c45e9-3133-4fa9-98a3-2bd36eb99823/datanode-2/data/ratis/2d954b26-2a79-43db-93e1-da8e4690146e has been successfully formatted.
2019-10-24 12:47:51,591 [pool-59-thread-1] INFO  ratis.ContainerStateMachine (ContainerStateMachine.java:loadSnapshot(231)) - group-DA8E4690146E: The snapshot info is null. Setting the last applied indexto:(t:0, i:~)
2019-10-24 12:47:51,591 [pool-59-thread-1] INFO  server.RaftServerConfigKeys (ConfUtils.java:logGet(43)) - raft.server.notification.no-leader.timeout = 1000s (custom)
2019-10-24 12:47:51,592 [pool-59-thread-1] INFO  server.RaftServerConfigKeys (ConfUtils.java:logGet(43)) - raft.server.log.use.memory = false (default)
2019-10-24 12:47:51,592 [pool-59-thread-1] INFO  server.RaftServerConfigKeys (ConfUtils.java:logGet(43)) - raft.server.log.purge.gap = 1000000 (custom)
2019-10-24 12:47:51,592 [pool-59-thread-1] INFO  server.RaftServerConfigKeys (ConfUtils.java:logGet(43)) - raft.server.log.appender.buffer.byte-limit = 33554432 (custom)
2019-10-24 12:47:51,592 [pool-59-thread-1] INFO  server.RaftServerConfigKeys (ConfUtils.java:logGet(43)) - raft.server.log.segment.size.max = 1048576 (custom)
2019-10-24 12:47:51,592 [pool-59-thread-1] INFO  server.RaftServerConfigKeys (ConfUtils.java:logGet(43)) - raft.server.log.segment.cache.num.max = 2 (custom)
2019-10-24 12:47:51,592 [pool-59-thread-1] INFO  segmented.SegmentedRaftLogWorker (SegmentedRaftLogWorker.java:<init>(173)) - new a49289a7-2fc4-4008-a49b-27c2b6921fe9@group-DA8E4690146E-SegmentedRaftLogWorker for RaftStorage:Storage Directory /workdir/hadoop-ozone/integration-test/target/test-dir/MiniOzoneClusterImpl-c63c45e9-3133-4fa9-98a3-2bd36eb99823/datanode-2/data/ratis/2d954b26-2a79-43db-93e1-da8e4690146e
2019-10-24 12:47:51,592 [pool-59-thread-1] INFO  server.RaftServerConfigKeys (ConfUtils.java:logGet(43)) - raft.server.log.queue.byte-limit = 2147483647 (custom)
2019-10-24 12:47:51,593 [pool-59-thread-1] INFO  server.RaftServerConfigKeys (ConfUtils.java:logGet(43)) - raft.server.log.queue.element-limit = 1024 (custom)
2019-10-24 12:47:51,593 [pool-59-thread-1] INFO  server.RaftServerConfigKeys (ConfUtils.java:logGet(43)) - raft.server.log.segment.size.max = 1048576 (custom)
2019-10-24 12:47:51,593 [pool-59-thread-1] INFO  server.RaftServerConfigKeys (ConfUtils.java:logGet(43)) - raft.server.log.preallocated.size = 16384 (custom)
2019-10-24 12:47:51,593 [pool-59-thread-1] INFO  server.RaftServerConfigKeys (ConfUtils.java:logGet(43)) - raft.server.log.write.buffer.size = 33554432 (custom)
2019-10-24 12:47:51,593 [pool-59-thread-1] INFO  server.RaftServerConfigKeys (ConfUtils.java:logGet(43)) - raft.server.log.force.sync.num = 128 (default)
2019-10-24 12:47:51,593 [pool-59-thread-1] INFO  server.RaftServerConfigKeys (ConfUtils.java:logGet(43)) - raft.server.log.statemachine.data.sync = true (default)
2019-10-24 12:47:51,593 [pool-59-thread-1] INFO  server.RaftServerConfigKeys (ConfUtils.java:logGet(43)) - raft.server.log.statemachine.data.sync.timeout = 10s (default)
2019-10-24 12:47:51,593 [pool-59-thread-1] INFO  server.RaftServerConfigKeys (ConfUtils.java:logGet(43)) - raft.server.log.statemachine.data.sync.timeout.retry = -1 (default)
2019-10-24 12:47:51,594 [pool-59-thread-1] INFO  server.RaftServerConfigKeys (ConfUtils.java:logGet(43)) - raft.server.log.statemachine.data.caching.enabled = true (custom)
2019-10-24 12:47:51,594 [pool-59-thread-1] INFO  segmented.SegmentedRaftLogWorker (SegmentedRaftLogWorker.java:lambda$new$0(128)) - a49289a7-2fc4-4008-a49b-27c2b6921fe9@group-DA8E4690146E-SegmentedRaftLogWorker: flushIndex: setUnconditionally 0 -> -1
2019-10-24 12:47:51,594 [pool-59-thread-1] INFO  server.RaftServerConfigKeys (ConfUtils.java:logGet(43)) - raft.server.snapshot.auto.trigger.enabled = true (custom)
2019-10-24 12:47:51,594 [pool-59-thread-1] INFO  server.RaftServerConfigKeys (ConfUtils.java:logGet(43)) - raft.server.snapshot.auto.trigger.threshold = 10000 (custom)
2019-10-24 12:47:51,594 [pool-59-thread-1] INFO  server.RaftServerConfigKeys (ConfUtils.java:logGet(43)) - raft.server.snapshot.retention.file.num = 5 (custom)
2019-10-24 12:47:51,595 [pool-59-thread-1] INFO  server.RaftServerConfigKeys (ConfUtils.java:logGet(43)) - raft.server.retrycache.expirytime = 600000ms (custom)
2019-10-24 12:47:51,595 [pool-59-thread-1] WARN  impl.MetricRegistriesImpl (MetricRegistriesImpl.java:lambda$create$1(61)) - First MetricRegistry has been created without registering reporters. You may need to call MetricRegistries.global().addReportRegistration(...) before.
2019-10-24 12:47:51,595 [pool-59-thread-1] WARN  impl.MetricRegistriesImpl (MetricRegistriesImpl.java:lambda$create$1(61)) - First MetricRegistry has been created without registering reporters. You may need to call MetricRegistries.global().addReportRegistration(...) before.
2019-10-24 12:47:51,595 [pool-59-thread-1] INFO  impl.RaftServerImpl (RaftServerImpl.java:start(184)) - a49289a7-2fc4-4008-a49b-27c2b6921fe9@group-DA8E4690146E: start as a follower, conf=-1: [a49289a7-2fc4-4008-a49b-27c2b6921fe9:192.168.34.27:42145], old=null
2019-10-24 12:47:51,595 [pool-59-thread-1] INFO  impl.RaftServerImpl (RaftServerImpl.java:setRole(173)) - a49289a7-2fc4-4008-a49b-27c2b6921fe9@group-DA8E4690146E: changes role from      null to FOLLOWER at term 0 for startAsFollower
2019-10-24 12:47:51,595 [pool-59-thread-1] INFO  impl.RoleInfo (RoleInfo.java:updateAndGet(143)) - a49289a7-2fc4-4008-a49b-27c2b6921fe9: start FollowerState
2019-10-24 12:47:51,596 [pool-59-thread-1] INFO  util.JmxRegister (JmxRegister.java:tryRegister(44)) - Successfully registered JMX Bean with object name Ratis:service=RaftServer,group=group-DA8E4690146E,id=a49289a7-2fc4-4008-a49b-27c2b6921fe9
2019-10-24 12:47:51,596 [pool-59-thread-1] WARN  impl.MetricRegistriesImpl (MetricRegistriesImpl.java:lambda$create$1(61)) - First MetricRegistry has been created without registering reporters. You may need to call MetricRegistries.global().addReportRegistration(...) before.
2019-10-24 12:47:51,596 [Command processor thread] INFO  commandhandler.CreatePipelineCommandHandler (CreatePipelineCommandHandler.java:handle(86)) - Create Pipeline RATIS ONE #id: "2d954b26-2a79-43db-93e1-da8e4690146e"
 command succeed on datanode a49289a7-2fc4-4008-a49b-27c2b6921fe9.
2019-10-24 12:47:51,597 [Command processor thread] INFO  impl.RaftServerProxy (RaftServerProxy.java:addNew(89)) - a49289a7-2fc4-4008-a49b-27c2b6921fe9: addNew group-8F2C29EFDD8B:[a49289a7-2fc4-4008-a49b-27c2b6921fe9:192.168.34.27:42145, 06a8f420-c55d-4064-b0af-9862eabb487d:192.168.34.27:33047, b629121d-9414-4e6f-a533-8e2a2621a008:192.168.34.27:33915] returns group-8F2C29EFDD8B:java.util.concurrent.CompletableFuture@e4afe6a[Not completed]
2019-10-24 12:47:51,598 [EventQueue-PipelineReportForPipelineReportHandler] INFO  pipeline.PipelineReportHandler (PipelineReportHandler.java:processPipelineReport(104)) - Pipeline ONE PipelineID=2d954b26-2a79-43db-93e1-da8e4690146e reported by a49289a7-2fc4-4008-a49b-27c2b6921fe9{ip: 192.168.34.27, host: pr-hdds-2034-s5hcl-2472234065, networkLocation: /default-rack, certSerialId: null}
2019-10-24 12:47:51,598 [EventQueue-PipelineReportForPipelineReportHandler] INFO  pipeline.PipelineStateManager (PipelineStateManager.java:openPipeline(134)) - Pipeline Pipeline[ Id: 2d954b26-2a79-43db-93e1-da8e4690146e, Nodes: a49289a7-2fc4-4008-a49b-27c2b6921fe9{ip: 192.168.34.27, host: pr-hdds-2034-s5hcl-2472234065, networkLocation: /default-rack, certSerialId: null}, Type:RATIS, Factor:ONE, State:ALLOCATED] moved to OPEN state
2019-10-24 12:47:51,599 [pool-59-thread-1] INFO  impl.RaftServerImpl (RaftServerImpl.java:<init>(98)) - a49289a7-2fc4-4008-a49b-27c2b6921fe9: new RaftServerImpl for group-8F2C29EFDD8B:[a49289a7-2fc4-4008-a49b-27c2b6921fe9:192.168.34.27:42145, 06a8f420-c55d-4064-b0af-9862eabb487d:192.168.34.27:33047, b629121d-9414-4e6f-a533-8e2a2621a008:192.168.34.27:33915] with ContainerStateMachine:uninitialized
2019-10-24 12:47:51,599 [pool-59-thread-1] INFO  server.RaftServerConfigKeys (ConfUtils.java:logGet(43)) - raft.server.rpc.timeout.min = 5s (custom)
2019-10-24 12:47:51,600 [pool-59-thread-1] INFO  server.RaftServerConfigKeys (ConfUtils.java:logGet(43)) - raft.server.rpc.timeout.max = 5200ms (custom)
2019-10-24 12:47:51,600 [pool-59-thread-1] INFO  server.RaftServerConfigKeys (ConfUtils.java:logGet(43)) - raft.server.rpcslowness.timeout = 1000s (custom)
2019-10-24 12:47:51,600 [pool-59-thread-1] INFO  server.RaftServerConfigKeys (ConfUtils.java:logGet(43)) - raft.server.sleep.deviation.threshold = 300 (default)
2019-10-24 12:47:51,600 [pool-59-thread-1] INFO  server.RaftServerConfigKeys (ConfUtils.java:logGet(43)) - raft.server.log.appender.install.snapshot.enabled = false (custom)
2019-10-24 12:47:51,600 [pool-59-thread-1] INFO  impl.RaftServerImpl (ServerState.java:<init>(103)) - a49289a7-2fc4-4008-a49b-27c2b6921fe9@group-8F2C29EFDD8B: ConfigurationManager, init=-1: [a49289a7-2fc4-4008-a49b-27c2b6921fe9:192.168.34.27:42145, 06a8f420-c55d-4064-b0af-9862eabb487d:192.168.34.27:33047, b629121d-9414-4e6f-a533-8e2a2621a008:192.168.34.27:33915], old=null, confs=<EMPTY_MAP>
2019-10-24 12:47:51,600 [pool-59-thread-1] INFO  server.RaftServerConfigKeys (ConfUtils.java:logGet(43)) - raft.server.storage.dir = [/workdir/hadoop-ozone/integration-test/target/test-dir/MiniOzoneClusterImpl-c63c45e9-3133-4fa9-98a3-2bd36eb99823/datanode-2/data/ratis] (custom)
2019-10-24 12:47:51,601 [pool-59-thread-1] INFO  server.RaftServerConfigKeys (ConfUtils.java:logGet(43)) - raft.server.log.corruption.policy = EXCEPTION (default)
2019-10-24 12:47:51,601 [pool-59-thread-1] INFO  storage.RaftStorageDirectory (RaftStorageDirectory.java:analyzeStorage(246)) - The storage directory /workdir/hadoop-ozone/integration-test/target/test-dir/MiniOzoneClusterImpl-c63c45e9-3133-4fa9-98a3-2bd36eb99823/datanode-2/data/ratis/20c83945-8820-44a7-8e3d-8f2c29efdd8b does not exist. Creating ...
2019-10-24 12:47:51,614 [pool-59-thread-1] INFO  storage.RaftStorageDirectory (RaftStorageDirectory.java:tryLock(328)) - Lock on /workdir/hadoop-ozone/integration-test/target/test-dir/MiniOzoneClusterImpl-c63c45e9-3133-4fa9-98a3-2bd36eb99823/datanode-2/data/ratis/20c83945-8820-44a7-8e3d-8f2c29efdd8b/in_use.lock acquired by nodename 3369@pr-hdds-2034-s5hcl-2472234065
2019-10-24 12:47:51,627 [pool-59-thread-1] INFO  storage.RaftStorage (RaftStorage.java:format(84)) - Storage directory /workdir/hadoop-ozone/integration-test/target/test-dir/MiniOzoneClusterImpl-c63c45e9-3133-4fa9-98a3-2bd36eb99823/datanode-2/data/ratis/20c83945-8820-44a7-8e3d-8f2c29efdd8b has been successfully formatted.
2019-10-24 12:47:51,627 [pool-59-thread-1] INFO  ratis.ContainerStateMachine (ContainerStateMachine.java:loadSnapshot(231)) - group-8F2C29EFDD8B: The snapshot info is null. Setting the last applied indexto:(t:0, i:~)
2019-10-24 12:47:51,627 [pool-59-thread-1] INFO  server.RaftServerConfigKeys (ConfUtils.java:logGet(43)) - raft.server.notification.no-leader.timeout = 1000s (custom)
2019-10-24 12:47:51,628 [pool-59-thread-1] INFO  server.RaftServerConfigKeys (ConfUtils.java:logGet(43)) - raft.server.log.use.memory = false (default)
2019-10-24 12:47:51,628 [pool-59-thread-1] INFO  server.RaftServerConfigKeys (ConfUtils.java:logGet(43)) - raft.server.log.purge.gap = 1000000 (custom)
2019-10-24 12:47:51,628 [pool-59-thread-1] INFO  server.RaftServerConfigKeys (ConfUtils.java:logGet(43)) - raft.server.log.appender.buffer.byte-limit = 33554432 (custom)
2019-10-24 12:47:51,628 [pool-59-thread-1] INFO  server.RaftServerConfigKeys (ConfUtils.java:logGet(43)) - raft.server.log.segment.size.max = 1048576 (custom)
2019-10-24 12:47:51,628 [pool-59-thread-1] INFO  server.RaftServerConfigKeys (ConfUtils.java:logGet(43)) - raft.server.log.segment.cache.num.max = 2 (custom)
2019-10-24 12:47:51,628 [pool-59-thread-1] INFO  segmented.SegmentedRaftLogWorker (SegmentedRaftLogWorker.java:<init>(173)) - new a49289a7-2fc4-4008-a49b-27c2b6921fe9@group-8F2C29EFDD8B-SegmentedRaftLogWorker for RaftStorage:Storage Directory /workdir/hadoop-ozone/integration-test/target/test-dir/MiniOzoneClusterImpl-c63c45e9-3133-4fa9-98a3-2bd36eb99823/datanode-2/data/ratis/20c83945-8820-44a7-8e3d-8f2c29efdd8b
2019-10-24 12:47:51,629 [pool-59-thread-1] INFO  server.RaftServerConfigKeys (ConfUtils.java:logGet(43)) - raft.server.log.queue.byte-limit = 2147483647 (custom)
2019-10-24 12:47:51,629 [pool-59-thread-1] INFO  server.RaftServerConfigKeys (ConfUtils.java:logGet(43)) - raft.server.log.queue.element-limit = 1024 (custom)
2019-10-24 12:47:51,629 [pool-59-thread-1] INFO  server.RaftServerConfigKeys (ConfUtils.java:logGet(43)) - raft.server.log.segment.size.max = 1048576 (custom)
2019-10-24 12:47:51,629 [pool-59-thread-1] INFO  server.RaftServerConfigKeys (ConfUtils.java:logGet(43)) - raft.server.log.preallocated.size = 16384 (custom)
2019-10-24 12:47:51,629 [pool-59-thread-1] INFO  server.RaftServerConfigKeys (ConfUtils.java:logGet(43)) - raft.server.log.write.buffer.size = 33554432 (custom)
2019-10-24 12:47:51,629 [pool-59-thread-1] INFO  server.RaftServerConfigKeys (ConfUtils.java:logGet(43)) - raft.server.log.force.sync.num = 128 (default)
2019-10-24 12:47:51,629 [pool-59-thread-1] INFO  server.RaftServerConfigKeys (ConfUtils.java:logGet(43)) - raft.server.log.statemachine.data.sync = true (default)
2019-10-24 12:47:51,630 [pool-59-thread-1] INFO  server.RaftServerConfigKeys (ConfUtils.java:logGet(43)) - raft.server.log.statemachine.data.sync.timeout = 10s (default)
2019-10-24 12:47:51,630 [pool-59-thread-1] INFO  server.RaftServerConfigKeys (ConfUtils.java:logGet(43)) - raft.server.log.statemachine.data.sync.timeout.retry = -1 (default)
2019-10-24 12:47:51,630 [pool-59-thread-1] INFO  server.RaftServerConfigKeys (ConfUtils.java:logGet(43)) - raft.server.log.statemachine.data.caching.enabled = true (custom)
2019-10-24 12:47:51,630 [pool-59-thread-1] INFO  segmented.SegmentedRaftLogWorker (SegmentedRaftLogWorker.java:lambda$new$0(128)) - a49289a7-2fc4-4008-a49b-27c2b6921fe9@group-8F2C29EFDD8B-SegmentedRaftLogWorker: flushIndex: setUnconditionally 0 -> -1
2019-10-24 12:47:51,631 [pool-59-thread-1] INFO  server.RaftServerConfigKeys (ConfUtils.java:logGet(43)) - raft.server.snapshot.auto.trigger.enabled = true (custom)
2019-10-24 12:47:51,631 [pool-59-thread-1] INFO  server.RaftServerConfigKeys (ConfUtils.java:logGet(43)) - raft.server.snapshot.auto.trigger.threshold = 10000 (custom)
2019-10-24 12:47:51,631 [pool-59-thread-1] INFO  server.RaftServerConfigKeys (ConfUtils.java:logGet(43)) - raft.server.snapshot.retention.file.num = 5 (custom)
2019-10-24 12:47:51,631 [pool-59-thread-1] INFO  server.RaftServerConfigKeys (ConfUtils.java:logGet(43)) - raft.server.retrycache.expirytime = 600000ms (custom)
2019-10-24 12:47:51,631 [pool-59-thread-1] WARN  impl.MetricRegistriesImpl (MetricRegistriesImpl.java:lambda$create$1(61)) - First MetricRegistry has been created without registering reporters. You may need to call MetricRegistries.global().addReportRegistration(...) before.
2019-10-24 12:47:51,632 [pool-59-thread-1] WARN  impl.MetricRegistriesImpl (MetricRegistriesImpl.java:lambda$create$1(61)) - First MetricRegistry has been created without registering reporters. You may need to call MetricRegistries.global().addReportRegistration(...) before.
2019-10-24 12:47:51,632 [pool-59-thread-1] INFO  impl.RaftServerImpl (RaftServerImpl.java:start(184)) - a49289a7-2fc4-4008-a49b-27c2b6921fe9@group-8F2C29EFDD8B: start as a follower, conf=-1: [a49289a7-2fc4-4008-a49b-27c2b6921fe9:192.168.34.27:42145, 06a8f420-c55d-4064-b0af-9862eabb487d:192.168.34.27:33047, b629121d-9414-4e6f-a533-8e2a2621a008:192.168.34.27:33915], old=null
2019-10-24 12:47:51,632 [pool-59-thread-1] INFO  impl.RaftServerImpl (RaftServerImpl.java:setRole(173)) - a49289a7-2fc4-4008-a49b-27c2b6921fe9@group-8F2C29EFDD8B: changes role from      null to FOLLOWER at term 0 for startAsFollower
2019-10-24 12:47:51,632 [pool-59-thread-1] INFO  impl.RoleInfo (RoleInfo.java:updateAndGet(143)) - a49289a7-2fc4-4008-a49b-27c2b6921fe9: start FollowerState
2019-10-24 12:47:51,633 [pool-59-thread-1] INFO  util.JmxRegister (JmxRegister.java:tryRegister(44)) - Successfully registered JMX Bean with object name Ratis:service=RaftServer,group=group-8F2C29EFDD8B,id=a49289a7-2fc4-4008-a49b-27c2b6921fe9
2019-10-24 12:47:51,633 [pool-59-thread-1] WARN  impl.MetricRegistriesImpl (MetricRegistriesImpl.java:lambda$create$1(61)) - First MetricRegistry has been created without registering reporters. You may need to call MetricRegistries.global().addReportRegistration(...) before.
2019-10-24 12:47:51,633 [Command processor thread] INFO  commandhandler.CreatePipelineCommandHandler (CreatePipelineCommandHandler.java:handle(86)) - Create Pipeline RATIS THREE #id: "20c83945-8820-44a7-8e3d-8f2c29efdd8b"
 command succeed on datanode a49289a7-2fc4-4008-a49b-27c2b6921fe9.
2019-10-24 12:47:51,634 [Command processor thread] INFO  commandhandler.DeleteBlocksCommandHandler (DeleteBlocksCommandHandler.java:handle(106)) - Start to delete container blocks, TXIDs=[1(2)], numOfContainers=1, numOfBlocks=1
2019-10-24 12:47:51,634 [Command processor thread] INFO  commandhandler.DeleteBlocksCommandHandler (DeleteBlocksCommandHandler.java:handle(106)) - Start to delete container blocks, TXIDs=[1(30)], numOfContainers=1, numOfBlocks=1
2019-10-24 12:47:51,635 [EventQueue-PipelineReportForPipelineReportHandler] INFO  pipeline.PipelineReportHandler (PipelineReportHandler.java:processPipelineReport(104)) - Pipeline THREE PipelineID=20c83945-8820-44a7-8e3d-8f2c29efdd8b reported by a49289a7-2fc4-4008-a49b-27c2b6921fe9{ip: 192.168.34.27, host: pr-hdds-2034-s5hcl-2472234065, networkLocation: /default-rack, certSerialId: null}
2019-10-24 12:47:51,635 [Command processor thread] INFO  commandhandler.DeleteBlocksCommandHandler (DeleteBlocksCommandHandler.java:handle(106)) - Start to delete container blocks, TXIDs=[1(2)], numOfContainers=1, numOfBlocks=1
2019-10-24 12:47:51,635 [EventQueue-PipelineReportForPipelineReportHandler] INFO  pipeline.PipelineStateManager (PipelineStateManager.java:openPipeline(134)) - Pipeline Pipeline[ Id: 20c83945-8820-44a7-8e3d-8f2c29efdd8b, Nodes: 06a8f420-c55d-4064-b0af-9862eabb487d{ip: 192.168.34.27, host: pr-hdds-2034-s5hcl-2472234065, networkLocation: /default-rack, certSerialId: null}a49289a7-2fc4-4008-a49b-27c2b6921fe9{ip: 192.168.34.27, host: pr-hdds-2034-s5hcl-2472234065, networkLocation: /default-rack, certSerialId: null}b629121d-9414-4e6f-a533-8e2a2621a008{ip: 192.168.34.27, host: pr-hdds-2034-s5hcl-2472234065, networkLocation: /default-rack, certSerialId: null}, Type:RATIS, Factor:THREE, State:ALLOCATED] moved to OPEN state
2019-10-24 12:47:51,635 [Command processor thread] INFO  commandhandler.DeleteBlocksCommandHandler (DeleteBlocksCommandHandler.java:handle(106)) - Start to delete container blocks, TXIDs=[1(2)], numOfContainers=1, numOfBlocks=1
2019-10-24 12:47:51,636 [Command processor thread] INFO  commandhandler.DeleteBlocksCommandHandler (DeleteBlocksCommandHandler.java:handle(106)) - Start to delete container blocks, TXIDs=[1(0)], numOfContainers=1, numOfBlocks=1
2019-10-24 12:47:51,636 [Command processor thread] INFO  commandhandler.DeleteBlocksCommandHandler (DeleteBlocksCommandHandler.java:handle(106)) - Start to delete container blocks, TXIDs=[1(2)], numOfContainers=1, numOfBlocks=1
2019-10-24 12:47:51,636 [Thread-583] INFO  impl.FollowerState (FollowerState.java:run(111)) - a49289a7-2fc4-4008-a49b-27c2b6921fe9@group-113FF32A5128-FollowerState: change to CANDIDATE, lastRpcTime:5101ms, electionTimeout:5101ms
2019-10-24 12:47:51,638 [Command processor thread] INFO  commandhandler.DeleteBlocksCommandHandler (DeleteBlocksCommandHandler.java:handle(106)) - Start to delete container blocks, TXIDs=[1(2)], numOfContainers=1, numOfBlocks=1
2019-10-24 12:47:51,638 [Thread-583] INFO  impl.RoleInfo (RoleInfo.java:shutdownFollowerState(121)) - a49289a7-2fc4-4008-a49b-27c2b6921fe9: shutdown FollowerState
2019-10-24 12:47:51,638 [Command processor thread] INFO  commandhandler.DeleteBlocksCommandHandler (DeleteBlocksCommandHandler.java:handle(106)) - Start to delete container blocks, TXIDs=[1(2)], numOfContainers=1, numOfBlocks=1
2019-10-24 12:47:51,638 [Thread-583] INFO  impl.RaftServerImpl (RaftServerImpl.java:setRole(173)) - a49289a7-2fc4-4008-a49b-27c2b6921fe9@group-113FF32A5128: changes role from  FOLLOWER to CANDIDATE at term 3 for changeToCandidate
2019-10-24 12:47:51,639 [Thread-583] INFO  impl.RoleInfo (RoleInfo.java:updateAndGet(143)) - a49289a7-2fc4-4008-a49b-27c2b6921fe9: start LeaderElection
2019-10-24 12:47:51,654 [a49289a7-2fc4-4008-a49b-27c2b6921fe9@group-113FF32A5128-LeaderElection11] INFO  impl.LeaderElection (LeaderElection.java:askForVotes(178)) - a49289a7-2fc4-4008-a49b-27c2b6921fe9@group-113FF32A5128-LeaderElection11: begin an election at term 4 for 0: [a49289a7-2fc4-4008-a49b-27c2b6921fe9:192.168.34.27:42145, 06a8f420-c55d-4064-b0af-9862eabb487d:192.168.34.27:33047, b629121d-9414-4e6f-a533-8e2a2621a008:192.168.34.27:33915], old=null
2019-10-24 12:47:51,656 [Thread-582] INFO  impl.FollowerState (FollowerState.java:run(111)) - a49289a7-2fc4-4008-a49b-27c2b6921fe9@group-1EC2079843F0-FollowerState: change to CANDIDATE, lastRpcTime:5121ms, electionTimeout:5121ms
2019-10-24 12:47:51,658 [Thread-582] INFO  impl.RoleInfo (RoleInfo.java:shutdownFollowerState(121)) - a49289a7-2fc4-4008-a49b-27c2b6921fe9: shutdown FollowerState
2019-10-24 12:47:51,659 [Thread-582] INFO  impl.RaftServerImpl (RaftServerImpl.java:setRole(173)) - a49289a7-2fc4-4008-a49b-27c2b6921fe9@group-1EC2079843F0: changes role from  FOLLOWER to CANDIDATE at term 1 for changeToCandidate
2019-10-24 12:47:51,660 [Thread-582] INFO  impl.RoleInfo (RoleInfo.java:updateAndGet(143)) - a49289a7-2fc4-4008-a49b-27c2b6921fe9: start LeaderElection
2019-10-24 12:47:51,670 [grpc-default-executor-3] INFO  impl.RaftServerImpl (ServerState.java:setLeader(255)) - 06a8f420-c55d-4064-b0af-9862eabb487d@group-113FF32A5128: change Leader from b629121d-9414-4e6f-a533-8e2a2621a008 to null at term 4 for updateCurrentTerm
2019-10-24 12:47:51,670 [grpc-default-executor-6] INFO  impl.RaftServerImpl (ServerState.java:setLeader(255)) - b629121d-9414-4e6f-a533-8e2a2621a008@group-113FF32A5128: change Leader from b629121d-9414-4e6f-a533-8e2a2621a008 to null at term 4 for updateCurrentTerm
2019-10-24 12:47:51,670 [grpc-default-executor-3] INFO  impl.RaftServerImpl (RaftServerImpl.java:setRole(173)) - 06a8f420-c55d-4064-b0af-9862eabb487d@group-113FF32A5128: changes role from  FOLLOWER to FOLLOWER at term 4 for recognizeCandidate:a49289a7-2fc4-4008-a49b-27c2b6921fe9
2019-10-24 12:47:51,670 [grpc-default-executor-6] INFO  impl.RaftServerImpl (RaftServerImpl.java:setRole(173)) - b629121d-9414-4e6f-a533-8e2a2621a008@group-113FF32A5128: changes role from    LEADER to FOLLOWER at term 4 for recognizeCandidate:a49289a7-2fc4-4008-a49b-27c2b6921fe9
2019-10-24 12:47:51,670 [grpc-default-executor-3] INFO  impl.RoleInfo (RoleInfo.java:shutdownFollowerState(121)) - 06a8f420-c55d-4064-b0af-9862eabb487d: shutdown FollowerState
2019-10-24 12:47:51,670 [grpc-default-executor-6] INFO  impl.RoleInfo (RoleInfo.java:shutdownLeaderState(104)) - b629121d-9414-4e6f-a533-8e2a2621a008: shutdown LeaderState
2019-10-24 12:47:51,671 [Thread-280] INFO  impl.FollowerState (FollowerState.java:run(120)) - 06a8f420-c55d-4064-b0af-9862eabb487d@group-113FF32A5128-FollowerState was interrupted: java.lang.InterruptedException: sleep interrupted
2019-10-24 12:47:51,671 [grpc-default-executor-3] INFO  impl.RoleInfo (RoleInfo.java:updateAndGet(143)) - 06a8f420-c55d-4064-b0af-9862eabb487d: start FollowerState
2019-10-24 12:47:51,673 [org.apache.ratis.server.impl.LogAppender$AppenderDaemon$$Lambda$753/1593792495@624619aa] WARN  server.GrpcLogAppender (GrpcLogAppender.java:mayWait(149)) - b629121d-9414-4e6f-a533-8e2a2621a008@group-113FF32A5128->a49289a7-2fc4-4008-a49b-27c2b6921fe9-GrpcLogAppender: Wait interrupted by java.lang.InterruptedException
2019-10-24 12:47:51,673 [grpc-default-executor-6] INFO  impl.PendingRequests (PendingRequests.java:sendNotLeaderResponses(206)) - b629121d-9414-4e6f-a533-8e2a2621a008@group-113FF32A5128-PendingRequests: sendNotLeaderResponses
2019-10-24 12:47:51,673 [org.apache.ratis.server.impl.LogAppender$AppenderDaemon$$Lambda$753/1593792495@7ecdaa55] WARN  server.GrpcLogAppender (GrpcLogAppender.java:mayWait(149)) - b629121d-9414-4e6f-a533-8e2a2621a008@group-113FF32A5128->06a8f420-c55d-4064-b0af-9862eabb487d-GrpcLogAppender: Wait interrupted by java.lang.InterruptedException
2019-10-24 12:47:51,677 [a49289a7-2fc4-4008-a49b-27c2b6921fe9@group-1EC2079843F0-LeaderElection12] INFO  impl.LeaderElection (LeaderElection.java:askForVotes(178)) - a49289a7-2fc4-4008-a49b-27c2b6921fe9@group-1EC2079843F0-LeaderElection12: begin an election at term 2 for 0: [a49289a7-2fc4-4008-a49b-27c2b6921fe9:192.168.34.27:42145], old=null
2019-10-24 12:47:51,679 [a49289a7-2fc4-4008-a49b-27c2b6921fe9@group-1EC2079843F0-LeaderElection12] INFO  impl.RoleInfo (RoleInfo.java:shutdownLeaderElection(134)) - a49289a7-2fc4-4008-a49b-27c2b6921fe9: shutdown LeaderElection
2019-10-24 12:47:51,679 [grpc-default-executor-6] INFO  impl.RoleInfo (RoleInfo.java:updateAndGet(143)) - b629121d-9414-4e6f-a533-8e2a2621a008: start FollowerState
2019-10-24 12:47:51,679 [a49289a7-2fc4-4008-a49b-27c2b6921fe9@group-1EC2079843F0-LeaderElection12] INFO  impl.RaftServerImpl (RaftServerImpl.java:setRole(173)) - a49289a7-2fc4-4008-a49b-27c2b6921fe9@group-1EC2079843F0: changes role from CANDIDATE to LEADER at term 2 for changeToLeader
2019-10-24 12:47:51,679 [Thread-620] INFO  client.GrpcClientProtocolService (GrpcClientProtocolService.java:lambda$processClientRequest$0(279)) - Failed RaftClientRequest:client-961AB5C49053->b629121d-9414-4e6f-a533-8e2a2621a008@group-113FF32A5128, cid=4, seq=0, Watch-ALL_COMMITTED(6), Message:<EMPTY>, reply=RaftClientReply:client-961AB5C49053->b629121d-9414-4e6f-a533-8e2a2621a008@group-113FF32A5128, cid=4, FAILED org.apache.ratis.protocol.NotLeaderException: Server b629121d-9414-4e6f-a533-8e2a2621a008@group-113FF32A5128 is not the leader, logIndex=0, commits[b629121d-9414-4e6f-a533-8e2a2621a008:c10, a49289a7-2fc4-4008-a49b-27c2b6921fe9:c4, 06a8f420-c55d-4064-b0af-9862eabb487d:c10]
2019-10-24 12:47:51,679 [a49289a7-2fc4-4008-a49b-27c2b6921fe9@group-1EC2079843F0-LeaderElection12] INFO  impl.RaftServerImpl (ServerState.java:setLeader(255)) - a49289a7-2fc4-4008-a49b-27c2b6921fe9@group-1EC2079843F0: change Leader from null to a49289a7-2fc4-4008-a49b-27c2b6921fe9 at term 2 for becomeLeader, leader elected after 7216ms
2019-10-24 12:47:51,681 [a49289a7-2fc4-4008-a49b-27c2b6921fe9@group-1EC2079843F0-LeaderElection12] INFO  server.RaftServerConfigKeys (ConfUtils.java:logGet(43)) - raft.server.staging.catchup.gap = 1000 (default)
2019-10-24 12:47:51,681 [a49289a7-2fc4-4008-a49b-27c2b6921fe9@group-1EC2079843F0-LeaderElection12] INFO  server.RaftServerConfigKeys (ConfUtils.java:logGet(43)) - raft.server.rpc.sleep.time = 25ms (default)
2019-10-24 12:47:51,682 [a49289a7-2fc4-4008-a49b-27c2b6921fe9@group-1EC2079843F0-LeaderElection12] INFO  server.RaftServerConfigKeys (ConfUtils.java:logGet(43)) - raft.server.write.element-limit = 4096 (default)
2019-10-24 12:47:51,682 [a49289a7-2fc4-4008-a49b-27c2b6921fe9@group-1EC2079843F0-LeaderElection12] INFO  server.RaftServerConfigKeys (ConfUtils.java:logGet(43)) - raft.server.watch.timeout = 10s (default)
2019-10-24 12:47:51,684 [a49289a7-2fc4-4008-a49b-27c2b6921fe9@group-1EC2079843F0-LeaderElection12] INFO  server.RaftServerConfigKeys (ConfUtils.java:logGet(43)) - raft.server.watch.timeout.denomination = 1s (default)
2019-10-24 12:47:51,684 [a49289a7-2fc4-4008-a49b-27c2b6921fe9@group-1EC2079843F0-LeaderElection12] INFO  server.RaftServerConfigKeys (ConfUtils.java:logGet(43)) - raft.server.watch.element-limit = 65536 (default)
2019-10-24 12:47:51,684 [a49289a7-2fc4-4008-a49b-27c2b6921fe9@group-1EC2079843F0-LeaderElection12] INFO  impl.RoleInfo (RoleInfo.java:updateAndGet(143)) - a49289a7-2fc4-4008-a49b-27c2b6921fe9: start LeaderState
2019-10-24 12:47:51,684 [grpc-default-executor-4] INFO  server.GrpcServerProtocolService (GrpcServerProtocolService.java:onCompleted(113)) - 06a8f420-c55d-4064-b0af-9862eabb487d: Completed APPEND_ENTRIES, lastRequest: b629121d-9414-4e6f-a533-8e2a2621a008->06a8f420-c55d-4064-b0af-9862eabb487d#54-t3, previous=(t:3, i:10), leaderCommit=10, initializing? false, entries: <empty>
2019-10-24 12:47:51,687 [a49289a7-2fc4-4008-a49b-27c2b6921fe9@group-1EC2079843F0-LeaderElection12] INFO  segmented.SegmentedRaftLogWorker (SegmentedRaftLogWorker.java:rollLogSegment(390)) - a49289a7-2fc4-4008-a49b-27c2b6921fe9@group-1EC2079843F0-SegmentedRaftLogWorker: Rolling segment log-0_0 to index:0
2019-10-24 12:47:51,692 [grpc-default-executor-8] INFO  server.GrpcLogAppender (GrpcLogAppender.java:onCompleted(308)) - b629121d-9414-4e6f-a533-8e2a2621a008@group-113FF32A5128->06a8f420-c55d-4064-b0af-9862eabb487d-AppendLogResponseHandler: follower responses appendEntries COMPLETED
2019-10-24 12:47:51,694 [a49289a7-2fc4-4008-a49b-27c2b6921fe9@group-1EC2079843F0-LeaderElection12] INFO  impl.RaftServerImpl (ServerState.java:setRaftConf(356)) - a49289a7-2fc4-4008-a49b-27c2b6921fe9@group-1EC2079843F0: set configuration 1: [a49289a7-2fc4-4008-a49b-27c2b6921fe9:192.168.34.27:42145], old=null at 1
2019-10-24 12:47:51,695 [grpc-default-executor-8] INFO  impl.FollowerInfo (FollowerInfo.java:lambda$new$0(51)) - b629121d-9414-4e6f-a533-8e2a2621a008@group-113FF32A5128->06a8f420-c55d-4064-b0af-9862eabb487d: nextIndex: updateUnconditionally 11 -> 10
2019-10-24 12:47:51,696 [a49289a7-2fc4-4008-a49b-27c2b6921fe9@group-1EC2079843F0-SegmentedRaftLogWorker] INFO  segmented.SegmentedRaftLogWorker (SegmentedRaftLogWorker.java:execute(533)) - a49289a7-2fc4-4008-a49b-27c2b6921fe9@group-1EC2079843F0-SegmentedRaftLogWorker: Rolled log segment from /workdir/hadoop-ozone/integration-test/target/test-dir/MiniOzoneClusterImpl-c63c45e9-3133-4fa9-98a3-2bd36eb99823/datanode-2/data/ratis/1861ed88-86cc-4290-b2a6-1ec2079843f0/current/log_inprogress_0 to /workdir/hadoop-ozone/integration-test/target/test-dir/MiniOzoneClusterImpl-c63c45e9-3133-4fa9-98a3-2bd36eb99823/datanode-2/data/ratis/1861ed88-86cc-4290-b2a6-1ec2079843f0/current/log_0-0
2019-10-24 12:47:51,734 [a49289a7-2fc4-4008-a49b-27c2b6921fe9@group-113FF32A5128-LeaderElection11] INFO  impl.LeaderElection (LeaderElection.java:logAndReturn(56)) - a49289a7-2fc4-4008-a49b-27c2b6921fe9@group-113FF32A5128-LeaderElection11: Election REJECTED; received 2 response(s) [a49289a7-2fc4-4008-a49b-27c2b6921fe9<-06a8f420-c55d-4064-b0af-9862eabb487d#0:FAIL-t4, a49289a7-2fc4-4008-a49b-27c2b6921fe9<-b629121d-9414-4e6f-a533-8e2a2621a008#0:FAIL-t4] and 0 exception(s); a49289a7-2fc4-4008-a49b-27c2b6921fe9@group-113FF32A5128:t4, leader=null, voted=a49289a7-2fc4-4008-a49b-27c2b6921fe9, raftlog=a49289a7-2fc4-4008-a49b-27c2b6921fe9@group-113FF32A5128-SegmentedRaftLog:OPENED:c3,f4,i4, conf=0: [a49289a7-2fc4-4008-a49b-27c2b6921fe9:192.168.34.27:42145, 06a8f420-c55d-4064-b0af-9862eabb487d:192.168.34.27:33047, b629121d-9414-4e6f-a533-8e2a2621a008:192.168.34.27:33915], old=null
2019-10-24 12:47:51,734 [a49289a7-2fc4-4008-a49b-27c2b6921fe9@group-113FF32A5128-LeaderElection11] INFO  impl.RaftServerImpl (RaftServerImpl.java:setRole(173)) - a49289a7-2fc4-4008-a49b-27c2b6921fe9@group-113FF32A5128: changes role from CANDIDATE to FOLLOWER at term 4 for DISCOVERED_A_NEW_TERM
2019-10-24 12:47:51,736 [a49289a7-2fc4-4008-a49b-27c2b6921fe9@group-113FF32A5128-LeaderElection11] INFO  impl.RoleInfo (RoleInfo.java:shutdownLeaderElection(134)) - a49289a7-2fc4-4008-a49b-27c2b6921fe9: shutdown LeaderElection
2019-10-24 12:47:51,736 [a49289a7-2fc4-4008-a49b-27c2b6921fe9@group-113FF32A5128-LeaderElection11] INFO  impl.RoleInfo (RoleInfo.java:updateAndGet(143)) - a49289a7-2fc4-4008-a49b-27c2b6921fe9: start FollowerState
2019-10-24 12:47:51,739 [EventQueue-DeleteBlockStatusForDeletedBlockLogImpl] WARN  block.DeletedBlockLogImpl (DeletedBlockLogImpl.java:commitTransactions(205)) - Transaction txId=1 commit by dnId=a49289a7-2fc4-4008-a49b-27c2b6921fe9 for containerID=#1 failed. Corresponding entry not found.
2019-10-24 12:47:51,741 [EventQueue-DeleteBlockStatusForDeletedBlockLogImpl] WARN  block.DeletedBlockLogImpl (DeletedBlockLogImpl.java:commitTransactions(205)) - Transaction txId=1 commit by dnId=a49289a7-2fc4-4008-a49b-27c2b6921fe9 for containerID=#1 failed. Corresponding entry not found.
2019-10-24 12:47:51,741 [EventQueue-DeleteBlockStatusForDeletedBlockLogImpl] WARN  block.DeletedBlockLogImpl (DeletedBlockLogImpl.java:commitTransactions(205)) - Transaction txId=1 commit by dnId=a49289a7-2fc4-4008-a49b-27c2b6921fe9 for containerID=#1 failed. Corresponding entry not found.
2019-10-24 12:47:51,741 [EventQueue-DeleteBlockStatusForDeletedBlockLogImpl] WARN  block.DeletedBlockLogImpl (DeletedBlockLogImpl.java:commitTransactions(205)) - Transaction txId=1 commit by dnId=a49289a7-2fc4-4008-a49b-27c2b6921fe9 for containerID=#1 failed. Corresponding entry not found.
2019-10-24 12:47:51,741 [EventQueue-DeleteBlockStatusForDeletedBlockLogImpl] WARN  block.DeletedBlockLogImpl (DeletedBlockLogImpl.java:commitTransactions(205)) - Transaction txId=1 commit by dnId=a49289a7-2fc4-4008-a49b-27c2b6921fe9 for containerID=#1 failed. Corresponding entry not found.
2019-10-24 12:47:51,741 [EventQueue-DeleteBlockStatusForDeletedBlockLogImpl] WARN  block.DeletedBlockLogImpl (DeletedBlockLogImpl.java:commitTransactions(205)) - Transaction txId=1 commit by dnId=a49289a7-2fc4-4008-a49b-27c2b6921fe9 for containerID=#1 failed. Corresponding entry not found.
2019-10-24 12:47:51,741 [EventQueue-DeleteBlockStatusForDeletedBlockLogImpl] WARN  block.DeletedBlockLogImpl (DeletedBlockLogImpl.java:commitTransactions(205)) - Transaction txId=1 commit by dnId=a49289a7-2fc4-4008-a49b-27c2b6921fe9 for containerID=#1 failed. Corresponding entry not found.
2019-10-24 12:47:51,746 [a49289a7-2fc4-4008-a49b-27c2b6921fe9@group-1EC2079843F0-SegmentedRaftLogWorker] INFO  segmented.SegmentedRaftLogWorker (SegmentedRaftLogWorker.java:execute(576)) - a49289a7-2fc4-4008-a49b-27c2b6921fe9@group-1EC2079843F0-SegmentedRaftLogWorker: created new log segment /workdir/hadoop-ozone/integration-test/target/test-dir/MiniOzoneClusterImpl-c63c45e9-3133-4fa9-98a3-2bd36eb99823/datanode-2/data/ratis/1861ed88-86cc-4290-b2a6-1ec2079843f0/current/log_inprogress_1
2019-10-24 12:47:51,787 [java.util.concurrent.ThreadPoolExecutor$Worker@626a3adc[State = -1, empty queue]] WARN  server.GrpcLogAppender (GrpcLogAppender.java:timeoutAppendRequest(209)) - b629121d-9414-4e6f-a533-8e2a2621a008@group-113FF32A5128->a49289a7-2fc4-4008-a49b-27c2b6921fe9-GrpcLogAppender: appendEntries Timeout, request=b629121d-9414-4e6f-a533-8e2a2621a008->a49289a7-2fc4-4008-a49b-27c2b6921fe9#53-t3, previous=(t:3, i:10), leaderCommit=10, initializing? false, entries: <empty>
2019-10-24 12:47:52,585 [BlockDeletingService#2] WARN  background.BlockDeletingService (BlockDeletingService.java:isDeletionAllowed(187)) - Close Container log Index 6 is not replicated across allthe servers in the pipeline 547b3abb-e21a-4b37-ae70-113ff32a5128 as the min replicated index is 4. Deletion is not allowed in this container yet.
2019-10-24 12:47:52,585 [BlockDeletingService#5] WARN  background.BlockDeletingService (BlockDeletingService.java:isDeletionAllowed(187)) - Close Container log Index 6 is not replicated across allthe servers in the pipeline 547b3abb-e21a-4b37-ae70-113ff32a5128 as the min replicated index is 4. Deletion is not allowed in this container yet.
2019-10-24 12:47:52,701 [Thread-628] INFO  client.GrpcClientProtocolService (GrpcClientProtocolService.java:lambda$processClientRequest$0(279)) - Failed RaftClientRequest:client-961AB5C49053->a49289a7-2fc4-4008-a49b-27c2b6921fe9@group-113FF32A5128, cid=4, seq=0, Watch-ALL_COMMITTED(6), Message:<EMPTY>, reply=RaftClientReply:client-961AB5C49053->a49289a7-2fc4-4008-a49b-27c2b6921fe9@group-113FF32A5128, cid=4, FAILED org.apache.ratis.protocol.NotLeaderException: Server a49289a7-2fc4-4008-a49b-27c2b6921fe9@group-113FF32A5128 is not the leader, logIndex=0, commits[a49289a7-2fc4-4008-a49b-27c2b6921fe9:c3]
2019-10-24 12:47:53,586 [BlockDeletingService#2] WARN  background.BlockDeletingService (BlockDeletingService.java:isDeletionAllowed(187)) - Close Container log Index 6 is not replicated across allthe servers in the pipeline 547b3abb-e21a-4b37-ae70-113ff32a5128 as the min replicated index is 4. Deletion is not allowed in this container yet.
2019-10-24 12:47:53,586 [BlockDeletingService#5] WARN  background.BlockDeletingService (BlockDeletingService.java:isDeletionAllowed(187)) - Close Container log Index 6 is not replicated across allthe servers in the pipeline 547b3abb-e21a-4b37-ae70-113ff32a5128 as the min replicated index is 4. Deletion is not allowed in this container yet.
2019-10-24 12:47:53,720 [Thread-634] INFO  client.GrpcClientProtocolService (GrpcClientProtocolService.java:lambda$processClientRequest$0(279)) - Failed RaftClientRequest:client-961AB5C49053->06a8f420-c55d-4064-b0af-9862eabb487d@group-113FF32A5128, cid=4, seq=0, Watch-ALL_COMMITTED(6), Message:<EMPTY>, reply=RaftClientReply:client-961AB5C49053->06a8f420-c55d-4064-b0af-9862eabb487d@group-113FF32A5128, cid=4, FAILED org.apache.ratis.protocol.NotLeaderException: Server 06a8f420-c55d-4064-b0af-9862eabb487d@group-113FF32A5128 is not the leader, logIndex=0, commits[06a8f420-c55d-4064-b0af-9862eabb487d:c10, a49289a7-2fc4-4008-a49b-27c2b6921fe9:c4, b629121d-9414-4e6f-a533-8e2a2621a008:c10]
2019-10-24 12:47:54,288 [java.util.concurrent.ThreadPoolExecutor$Worker@626a3adc[State = -1, empty queue]] WARN  server.GrpcLogAppender (GrpcLogAppender.java:timeoutAppendRequest(209)) - b629121d-9414-4e6f-a533-8e2a2621a008@group-113FF32A5128->a49289a7-2fc4-4008-a49b-27c2b6921fe9-GrpcLogAppender: appendEntries Timeout, request=b629121d-9414-4e6f-a533-8e2a2621a008->a49289a7-2fc4-4008-a49b-27c2b6921fe9#54-t3, previous=(t:3, i:10), leaderCommit=10, initializing? false, entries: <empty>
]]></system-out>
    <system-err><![CDATA[ERROR StatusLogger No Log4j 2 configuration file found. Using default configuration (logging only errors to the console), or user programmatically provided configurations. Set system property 'log4j2.debug' to show Log4j 2 internal initialization logging. See https://logging.apache.org/log4j/2.x/manual/configuration.html for instructions on how to configure Log4j 2
Oct 24, 2019 12:46:08 PM org.apache.ratis.thirdparty.io.grpc.internal.SerializingExecutor run
SEVERE: Exception while executing runnable org.apache.ratis.thirdparty.io.grpc.internal.ClientCallImpl$ClientStreamListenerImpl$1StreamClosed@4a83c28
java.lang.NullPointerException
	at org.apache.ratis.grpc.server.GrpcLogAppender$AppendLogResponseHandler.onError(GrpcLogAppender.java:303)
	at org.apache.ratis.thirdparty.io.grpc.stub.ClientCalls$StreamObserverToCallListenerAdapter.onClose(ClientCalls.java:434)
	at org.apache.ratis.thirdparty.io.grpc.PartialForwardingClientCallListener.onClose(PartialForwardingClientCallListener.java:39)
	at org.apache.ratis.thirdparty.io.grpc.ForwardingClientCallListener.onClose(ForwardingClientCallListener.java:23)
	at org.apache.ratis.thirdparty.io.grpc.ForwardingClientCallListener$SimpleForwardingClientCallListener.onClose(ForwardingClientCallListener.java:40)
	at org.apache.ratis.thirdparty.io.grpc.internal.CensusStatsModule$StatsClientInterceptor$1$1.onClose(CensusStatsModule.java:678)
	at org.apache.ratis.thirdparty.io.grpc.PartialForwardingClientCallListener.onClose(PartialForwardingClientCallListener.java:39)
	at org.apache.ratis.thirdparty.io.grpc.ForwardingClientCallListener.onClose(ForwardingClientCallListener.java:23)
	at org.apache.ratis.thirdparty.io.grpc.ForwardingClientCallListener$SimpleForwardingClientCallListener.onClose(ForwardingClientCallListener.java:40)
	at org.apache.ratis.thirdparty.io.grpc.internal.CensusTracingModule$TracingClientInterceptor$1$1.onClose(CensusTracingModule.java:397)
	at org.apache.ratis.thirdparty.io.grpc.internal.ClientCallImpl.closeObserver(ClientCallImpl.java:459)
	at org.apache.ratis.thirdparty.io.grpc.internal.ClientCallImpl.access$300(ClientCallImpl.java:63)
	at org.apache.ratis.thirdparty.io.grpc.internal.ClientCallImpl$ClientStreamListenerImpl.close(ClientCallImpl.java:546)
	at org.apache.ratis.thirdparty.io.grpc.internal.ClientCallImpl$ClientStreamListenerImpl.access$600(ClientCallImpl.java:467)
	at org.apache.ratis.thirdparty.io.grpc.internal.ClientCallImpl$ClientStreamListenerImpl$1StreamClosed.runInContext(ClientCallImpl.java:584)
	at org.apache.ratis.thirdparty.io.grpc.internal.ContextRunnable.run(ContextRunnable.java:37)
	at org.apache.ratis.thirdparty.io.grpc.internal.SerializingExecutor.run(SerializingExecutor.java:123)
	at java.util.concurrent.ThreadPoolExecutor.runWorker(ThreadPoolExecutor.java:1149)
	at java.util.concurrent.ThreadPoolExecutor$Worker.run(ThreadPoolExecutor.java:624)
	at java.lang.Thread.run(Thread.java:748)

Oct 24, 2019 12:46:08 PM org.apache.ratis.thirdparty.io.grpc.internal.SerializingExecutor run
SEVERE: Exception while executing runnable org.apache.ratis.thirdparty.io.grpc.internal.ServerImpl$JumpToApplicationThreadServerStreamListener$1Closed@5e2a9d44
org.apache.ratis.thirdparty.io.grpc.StatusRuntimeException: CANCELLED: call already cancelled
	at org.apache.ratis.thirdparty.io.grpc.Status.asRuntimeException(Status.java:517)
	at org.apache.ratis.thirdparty.io.grpc.stub.ServerCalls$ServerCallStreamObserverImpl.onCompleted(ServerCalls.java:356)
	at org.apache.ratis.grpc.server.GrpcServerProtocolService$ServerRequestStreamObserver.onError(GrpcServerProtocolService.java:121)
	at org.apache.ratis.thirdparty.io.grpc.stub.ServerCalls$StreamingServerCallHandler$StreamingServerCallListener.onCancel(ServerCalls.java:269)
	at org.apache.ratis.thirdparty.io.grpc.internal.ServerCallImpl$ServerStreamListenerImpl.closed(ServerCallImpl.java:293)
	at org.apache.ratis.thirdparty.io.grpc.internal.ServerImpl$JumpToApplicationThreadServerStreamListener$1Closed.runInContext(ServerImpl.java:741)
	at org.apache.ratis.thirdparty.io.grpc.internal.ContextRunnable.run(ContextRunnable.java:37)
	at org.apache.ratis.thirdparty.io.grpc.internal.SerializingExecutor.run(SerializingExecutor.java:123)
	at java.util.concurrent.ThreadPoolExecutor.runWorker(ThreadPoolExecutor.java:1149)
	at java.util.concurrent.ThreadPoolExecutor$Worker.run(ThreadPoolExecutor.java:624)
	at java.lang.Thread.run(Thread.java:748)

]]></system-err>
  </testcase>
</testsuite>